<?xml version="1.0" encoding="UTF-8"?>
<testsuite xmlns:xsi="http://www.w3.org/2001/XMLSchema-instance" xsi:noNamespaceSchemaLocation="https://maven.apache.org/surefire/maven-surefire-plugin/xsd/surefire-test-report.xsd" name="org.apache.hadoop.ozone.scm.TestSCMInstallSnapshotWithHA" time="176.961" tests="3" errors="0" skipped="0" failures="1">
  <properties>
    <property name="awt.toolkit" value="sun.awt.X11.XToolkit"/>
    <property name="file.encoding.pkg" value="sun.io"/>
    <property name="java.specification.version" value="1.8"/>
    <property name="sun.cpu.isalist" value=""/>
    <property name="sun.jnu.encoding" value="UTF-8"/>
    <property name="java.class.path" value="/home/runner/work/ozone/ozone/hadoop-ozone/integration-test/target/test-classes:/home/runner/work/ozone/ozone/hadoop-ozone/integration-test/target/classes:/home/runner/.m2/repository/org/apache/ozone/ozone-common/1.2.0-SNAPSHOT/ozone-common-1.2.0-SNAPSHOT.jar:/home/runner/.m2/repository/org/apache/commons/commons-compress/1.21/commons-compress-1.21.jar:/home/runner/.m2/repository/org/apache/ozone/hdds-common/1.2.0-SNAPSHOT/hdds-common-1.2.0-SNAPSHOT.jar:/home/runner/.m2/repository/org/apache/ozone/hdds-client/1.2.0-SNAPSHOT/hdds-client-1.2.0-SNAPSHOT.jar:/home/runner/.m2/repository/org/apache/ozone/ozone-interface-client/1.2.0-SNAPSHOT/ozone-interface-client-1.2.0-SNAPSHOT.jar:/home/runner/.m2/repository/org/apache/ozone/hdds-server-framework/1.2.0-SNAPSHOT/hdds-server-framework-1.2.0-SNAPSHOT.jar:/home/runner/.m2/repository/org/apache/ozone/hdds-interface-server/1.2.0-SNAPSHOT/hdds-interface-server-1.2.0-SNAPSHOT.jar:/home/runner/.m2/repository/org/eclipse/jetty/jetty-servlet/9.4.43.v20210629/jetty-servlet-9.4.43.v20210629.jar:/home/runner/.m2/repository/org/eclipse/jetty/jetty-security/9.4.43.v20210629/jetty-security-9.4.43.v20210629.jar:/home/runner/.m2/repository/org/rocksdb/rocksdbjni/6.20.3/rocksdbjni-6.20.3.jar:/home/runner/.m2/repository/io/prometheus/simpleclient_dropwizard/0.7.0/simpleclient_dropwizard-0.7.0.jar:/home/runner/.m2/repository/io/prometheus/simpleclient/0.7.0/simpleclient-0.7.0.jar:/home/runner/.m2/repository/io/prometheus/simpleclient_common/0.7.0/simpleclient_common-0.7.0.jar:/home/runner/.m2/repository/com/fasterxml/jackson/datatype/jackson-datatype-jsr310/2.12.1/jackson-datatype-jsr310-2.12.1.jar:/home/runner/.m2/repository/org/apache/ozone/hdds-test-utils/1.2.0-SNAPSHOT/hdds-test-utils-1.2.0-SNAPSHOT.jar:/home/runner/.m2/repository/com/google/guava/guava/30.1.1-jre/guava-30.1.1-jre.jar:/home/runner/.m2/repository/com/google/guava/failureaccess/1.0.1/failureaccess-1.0.1.jar:/home/runner/.m2/repository/com/google/guava/listenablefuture/9999.0-empty-to-avoid-conflict-with-guava/listenablefuture-9999.0-empty-to-avoid-conflict-with-guava.jar:/home/runner/.m2/repository/com/google/code/findbugs/jsr305/3.0.0/jsr305-3.0.0.jar:/home/runner/.m2/repository/org/checkerframework/checker-qual/3.8.0/checker-qual-3.8.0.jar:/home/runner/.m2/repository/com/google/errorprone/error_prone_annotations/2.2.0/error_prone_annotations-2.2.0.jar:/home/runner/.m2/repository/com/google/j2objc/j2objc-annotations/1.3/j2objc-annotations-1.3.jar:/home/runner/.m2/repository/commons-io/commons-io/2.11.0/commons-io-2.11.0.jar:/home/runner/.m2/repository/commons-logging/commons-logging/1.2/commons-logging-1.2.jar:/home/runner/.m2/repository/log4j/log4j/1.2.17/log4j-1.2.17.jar:/home/runner/.m2/repository/org/slf4j/slf4j-api/1.7.30/slf4j-api-1.7.30.jar:/home/runner/.m2/repository/org/apache/ozone/hdds-server-scm/1.2.0-SNAPSHOT/hdds-server-scm-1.2.0-SNAPSHOT.jar:/home/runner/.m2/repository/org/apache/ozone/hdds-container-service/1.2.0-SNAPSHOT/hdds-container-service-1.2.0-SNAPSHOT.jar:/home/runner/.m2/repository/org/apache/ozone/hdds-hadoop-dependency-server/1.2.0-SNAPSHOT/hdds-hadoop-dependency-server-1.2.0-SNAPSHOT.jar:/home/runner/.m2/repository/org/apache/hadoop/hadoop-hdfs/3.3.1/hadoop-hdfs-3.3.1.jar:/home/runner/.m2/repository/io/dropwizard/metrics/metrics-core/3.2.4/metrics-core-3.2.4.jar:/home/runner/.m2/repository/org/apache/hadoop/hadoop-hdfs-client/3.3.1/hadoop-hdfs-client-3.3.1.jar:/home/runner/.m2/repository/org/bouncycastle/bcprov-jdk15on/1.67/bcprov-jdk15on-1.67.jar:/home/runner/.m2/repository/com/google/protobuf/protobuf-java/2.5.0/protobuf-java-2.5.0.jar:/home/runner/.m2/repository/org/apache/ozone/ozone-manager/1.2.0-SNAPSHOT/ozone-manager-1.2.0-SNAPSHOT.jar:/home/runner/.m2/repository/org/aspectj/aspectjrt/1.9.7/aspectjrt-1.9.7.jar:/home/runner/.m2/repository/org/aspectj/aspectjweaver/1.9.7/aspectjweaver-1.9.7.jar:/home/runner/.m2/repository/org/apache/ozone/hdds-interface-client/1.2.0-SNAPSHOT/hdds-interface-client-1.2.0-SNAPSHOT.jar:/home/runner/.m2/repository/org/apache/hadoop/thirdparty/hadoop-shaded-protobuf_3_7/1.1.1/hadoop-shaded-protobuf_3_7-1.1.1.jar:/home/runner/.m2/repository/org/apache/ozone/ozone-interface-storage/1.2.0-SNAPSHOT/ozone-interface-storage-1.2.0-SNAPSHOT.jar:/home/runner/.m2/repository/org/reflections/reflections/0.9.11/reflections-0.9.11.jar:/home/runner/.m2/repository/org/apache/hadoop/hadoop-minikdc/3.3.1/hadoop-minikdc-3.3.1.jar:/home/runner/.m2/repository/org/apache/kerby/kerb-simplekdc/1.0.1/kerb-simplekdc-1.0.1.jar:/home/runner/.m2/repository/org/apache/kerby/kerb-client/1.0.1/kerb-client-1.0.1.jar:/home/runner/.m2/repository/org/apache/kerby/kerby-config/1.0.1/kerby-config-1.0.1.jar:/home/runner/.m2/repository/org/apache/kerby/kerb-common/1.0.1/kerb-common-1.0.1.jar:/home/runner/.m2/repository/org/apache/kerby/kerb-crypto/1.0.1/kerb-crypto-1.0.1.jar:/home/runner/.m2/repository/org/apache/kerby/kerb-util/1.0.1/kerb-util-1.0.1.jar:/home/runner/.m2/repository/org/apache/kerby/token-provider/1.0.1/token-provider-1.0.1.jar:/home/runner/.m2/repository/org/apache/kerby/kerb-admin/1.0.1/kerb-admin-1.0.1.jar:/home/runner/.m2/repository/org/apache/kerby/kerb-server/1.0.1/kerb-server-1.0.1.jar:/home/runner/.m2/repository/org/apache/kerby/kerb-identity/1.0.1/kerb-identity-1.0.1.jar:/home/runner/.m2/repository/org/apache/kerby/kerby-xdr/1.0.1/kerby-xdr-1.0.1.jar:/home/runner/.m2/repository/org/slf4j/slf4j-log4j12/1.7.30/slf4j-log4j12-1.7.30.jar:/home/runner/.m2/repository/org/apache/ozone/ozone-s3gateway/1.2.0-SNAPSHOT/ozone-s3gateway-1.2.0-SNAPSHOT.jar:/home/runner/.m2/repository/org/javassist/javassist/3.21.0-GA/javassist-3.21.0-GA.jar:/home/runner/.m2/repository/org/jboss/weld/servlet/weld-servlet/2.4.7.Final/weld-servlet-2.4.7.Final.jar:/home/runner/.m2/repository/org/glassfish/jersey/containers/jersey-container-servlet-core/2.33/jersey-container-servlet-core-2.33.jar:/home/runner/.m2/repository/org/glassfish/hk2/external/jakarta.inject/2.6.1/jakarta.inject-2.6.1.jar:/home/runner/.m2/repository/org/glassfish/jersey/core/jersey-common/2.33/jersey-common-2.33.jar:/home/runner/.m2/repository/jakarta/ws/rs/jakarta.ws.rs-api/2.1.6/jakarta.ws.rs-api-2.1.6.jar:/home/runner/.m2/repository/org/glassfish/jersey/ext/cdi/jersey-cdi1x/2.33/jersey-cdi1x-2.33.jar:/home/runner/.m2/repository/org/glassfish/jersey/inject/jersey-hk2/2.33/jersey-hk2-2.33.jar:/home/runner/.m2/repository/org/glassfish/hk2/hk2-locator/2.6.1/hk2-locator-2.6.1.jar:/home/runner/.m2/repository/org/glassfish/jersey/media/jersey-media-jaxb/2.33/jersey-media-jaxb-2.33.jar:/home/runner/.m2/repository/org/glassfish/hk2/osgi-resource-locator/1.0.3/osgi-resource-locator-1.0.3.jar:/home/runner/.m2/repository/org/glassfish/hk2/hk2-api/2.5.0/hk2-api-2.5.0.jar:/home/runner/.m2/repository/org/glassfish/hk2/hk2-utils/2.5.0/hk2-utils-2.5.0.jar:/home/runner/.m2/repository/org/glassfish/hk2/external/aopalliance-repackaged/2.5.0/aopalliance-repackaged-2.5.0.jar:/home/runner/.m2/repository/com/fasterxml/jackson/dataformat/jackson-dataformat-xml/2.12.1/jackson-dataformat-xml-2.12.1.jar:/home/runner/.m2/repository/com/fasterxml/jackson/core/jackson-core/2.12.1/jackson-core-2.12.1.jar:/home/runner/.m2/repository/com/fasterxml/jackson/module/jackson-module-jaxb-annotations/2.12.1/jackson-module-jaxb-annotations-2.12.1.jar:/home/runner/.m2/repository/jakarta/xml/bind/jakarta.xml.bind-api/2.3.2/jakarta.xml.bind-api-2.3.2.jar:/home/runner/.m2/repository/org/codehaus/woodstox/stax2-api/3.1.4/stax2-api-3.1.4.jar:/home/runner/.m2/repository/com/fasterxml/woodstox/woodstox-core/5.0.3/woodstox-core-5.0.3.jar:/home/runner/.m2/repository/javax/enterprise/cdi-api/1.2/cdi-api-1.2.jar:/home/runner/.m2/repository/javax/el/javax.el-api/3.0.0/javax.el-api-3.0.0.jar:/home/runner/.m2/repository/javax/interceptor/javax.interceptor-api/1.2/javax.interceptor-api-1.2.jar:/home/runner/.m2/repository/javax/inject/javax.inject/1/javax.inject-1.jar:/home/runner/.m2/repository/javax/xml/bind/jaxb-api/2.3.0/jaxb-api-2.3.0.jar:/home/runner/.m2/repository/org/glassfish/jaxb/jaxb-runtime/2.3.0.1/jaxb-runtime-2.3.0.1.jar:/home/runner/.m2/repository/org/glassfish/jaxb/jaxb-core/2.3.0.1/jaxb-core-2.3.0.1.jar:/home/runner/.m2/repository/org/glassfish/jaxb/txw2/2.3.0.1/txw2-2.3.0.1.jar:/home/runner/.m2/repository/com/sun/istack/istack-commons-runtime/3.0.5/istack-commons-runtime-3.0.5.jar:/home/runner/.m2/repository/org/jvnet/staxex/stax-ex/1.7.8/stax-ex-1.7.8.jar:/home/runner/.m2/repository/com/sun/xml/fastinfoset/FastInfoset/1.2.13/FastInfoset-1.2.13.jar:/home/runner/.m2/repository/javax/activation/activation/1.1.1/activation-1.1.1.jar:/home/runner/.m2/repository/org/apache/ozone/ozone-csi/1.2.0-SNAPSHOT/ozone-csi-1.2.0-SNAPSHOT.jar:/home/runner/.m2/repository/com/google/protobuf/protobuf-java-util/3.12.0/protobuf-java-util-3.12.0.jar:/home/runner/.m2/repository/com/google/code/gson/gson/2.2.4/gson-2.2.4.jar:/home/runner/.m2/repository/org/apache/ozone/hdds-config/1.2.0-SNAPSHOT/hdds-config-1.2.0-SNAPSHOT.jar:/home/runner/.m2/repository/io/grpc/grpc-netty/1.33.0/grpc-netty-1.33.0.jar:/home/runner/.m2/repository/io/grpc/grpc-core/1.33.0/grpc-core-1.33.0.jar:/home/runner/.m2/repository/com/google/android/annotations/4.1.1.4/annotations-4.1.1.4.jar:/home/runner/.m2/repository/io/netty/netty-codec-http2/4.1.63.Final/netty-codec-http2-4.1.63.Final.jar:/home/runner/.m2/repository/io/netty/netty-codec-http/4.1.63.Final/netty-codec-http-4.1.63.Final.jar:/home/runner/.m2/repository/io/netty/netty-handler-proxy/4.1.63.Final/netty-handler-proxy-4.1.63.Final.jar:/home/runner/.m2/repository/io/netty/netty-codec-socks/4.1.63.Final/netty-codec-socks-4.1.63.Final.jar:/home/runner/.m2/repository/io/perfmark/perfmark-api/0.19.0/perfmark-api-0.19.0.jar:/home/runner/.m2/repository/org/codehaus/mojo/animal-sniffer-annotations/1.18/animal-sniffer-annotations-1.18.jar:/home/runner/.m2/repository/io/netty/netty-transport-native-epoll/4.1.63.Final/netty-transport-native-epoll-4.1.63.Final.jar:/home/runner/.m2/repository/io/netty/netty-common/4.1.63.Final/netty-common-4.1.63.Final.jar:/home/runner/.m2/repository/io/netty/netty-buffer/4.1.63.Final/netty-buffer-4.1.63.Final.jar:/home/runner/.m2/repository/io/netty/netty-transport-native-unix-common/4.1.63.Final/netty-transport-native-unix-common-4.1.63.Final.jar:/home/runner/.m2/repository/io/grpc/grpc-protobuf/1.33.0/grpc-protobuf-1.33.0.jar:/home/runner/.m2/repository/io/grpc/grpc-api/1.33.0/grpc-api-1.33.0.jar:/home/runner/.m2/repository/io/grpc/grpc-context/1.33.0/grpc-context-1.33.0.jar:/home/runner/.m2/repository/com/google/api/grpc/proto-google-common-protos/1.17.0/proto-google-common-protos-1.17.0.jar:/home/runner/.m2/repository/io/grpc/grpc-protobuf-lite/1.33.0/grpc-protobuf-lite-1.33.0.jar:/home/runner/.m2/repository/io/grpc/grpc-stub/1.33.0/grpc-stub-1.33.0.jar:/home/runner/.m2/repository/org/apache/ozone/ozone-recon/1.2.0-SNAPSHOT/ozone-recon-1.2.0-SNAPSHOT.jar:/home/runner/.m2/repository/org/apache/ozone/ozone-reconcodegen/1.2.0-SNAPSHOT/ozone-reconcodegen-1.2.0-SNAPSHOT.jar:/home/runner/.m2/repository/com/google/inject/extensions/guice-multibindings/4.0/guice-multibindings-4.0.jar:/home/runner/.m2/repository/com/google/inject/guice/4.0/guice-4.0.jar:/home/runner/.m2/repository/aopalliance/aopalliance/1.0/aopalliance-1.0.jar:/home/runner/.m2/repository/com/google/inject/extensions/guice-assistedinject/4.0/guice-assistedinject-4.0.jar:/home/runner/.m2/repository/com/google/inject/extensions/guice-servlet/4.0/guice-servlet-4.0.jar:/home/runner/.m2/repository/org/glassfish/jersey/containers/jersey-container-servlet/2.33/jersey-container-servlet-2.33.jar:/home/runner/.m2/repository/org/glassfish/hk2/guice-bridge/2.5.0/guice-bridge-2.5.0.jar:/home/runner/.m2/repository/org/glassfish/jersey/core/jersey-server/2.33/jersey-server-2.33.jar:/home/runner/.m2/repository/org/glassfish/jersey/core/jersey-client/2.33/jersey-client-2.33.jar:/home/runner/.m2/repository/jakarta/annotation/jakarta.annotation-api/1.3.5/jakarta.annotation-api-1.3.5.jar:/home/runner/.m2/repository/jakarta/validation/jakarta.validation-api/2.0.2/jakarta.validation-api-2.0.2.jar:/home/runner/.m2/repository/org/glassfish/jersey/media/jersey-media-json-jackson/2.33/jersey-media-json-jackson-2.33.jar:/home/runner/.m2/repository/org/glassfish/jersey/ext/jersey-entity-filtering/2.33/jersey-entity-filtering-2.33.jar:/home/runner/.m2/repository/org/jooq/jooq/3.11.10/jooq-3.11.10.jar:/home/runner/.m2/repository/org/jooq/jooq-meta/3.11.10/jooq-meta-3.11.10.jar:/home/runner/.m2/repository/org/jooq/jooq-codegen/3.11.10/jooq-codegen-3.11.10.jar:/home/runner/.m2/repository/com/jolbox/bonecp/0.8.0.RELEASE/bonecp-0.8.0.RELEASE.jar:/home/runner/.m2/repository/org/apache/derby/derby/10.14.2.0/derby-10.14.2.0.jar:/home/runner/.m2/repository/org/xerial/sqlite-jdbc/3.25.2/sqlite-jdbc-3.25.2.jar:/home/runner/.m2/repository/org/springframework/spring-jdbc/5.2.17.RELEASE/spring-jdbc-5.2.17.RELEASE.jar:/home/runner/.m2/repository/org/springframework/spring-beans/5.2.17.RELEASE/spring-beans-5.2.17.RELEASE.jar:/home/runner/.m2/repository/org/springframework/spring-core/5.2.17.RELEASE/spring-core-5.2.17.RELEASE.jar:/home/runner/.m2/repository/org/springframework/spring-jcl/5.2.17.RELEASE/spring-jcl-5.2.17.RELEASE.jar:/home/runner/.m2/repository/org/springframework/spring-tx/5.2.17.RELEASE/spring-tx-5.2.17.RELEASE.jar:/home/runner/.m2/repository/org/apache/ozone/ozone-client/1.2.0-SNAPSHOT/ozone-client-1.2.0-SNAPSHOT.jar:/home/runner/.m2/repository/org/apache/ozone/ozone-filesystem/1.2.0-SNAPSHOT/ozone-filesystem-1.2.0-SNAPSHOT.jar:/home/runner/.m2/repository/org/apache/ozone/ozone-filesystem-common/1.2.0-SNAPSHOT/ozone-filesystem-common-1.2.0-SNAPSHOT.jar:/home/runner/.m2/repository/org/apache/ozone/ozone-tools/1.2.0-SNAPSHOT/ozone-tools-1.2.0-SNAPSHOT.jar:/home/runner/.m2/repository/org/apache/ratis/ratis-tools/2.1.0-03f3b68-SNAPSHOT/ratis-tools-2.1.0-03f3b68-SNAPSHOT.jar:/home/runner/.m2/repository/com/amazonaws/aws-java-sdk-core/1.11.901/aws-java-sdk-core-1.11.901.jar:/home/runner/.m2/repository/org/apache/httpcomponents/httpclient/4.5.13/httpclient-4.5.13.jar:/home/runner/.m2/repository/org/apache/httpcomponents/httpcore/4.4.13/httpcore-4.4.13.jar:/home/runner/.m2/repository/software/amazon/ion/ion-java/1.0.2/ion-java-1.0.2.jar:/home/runner/.m2/repository/com/fasterxml/jackson/dataformat/jackson-dataformat-cbor/2.12.1/jackson-dataformat-cbor-2.12.1.jar:/home/runner/.m2/repository/joda-time/joda-time/2.8.1/joda-time-2.8.1.jar:/home/runner/.m2/repository/com/amazonaws/aws-java-sdk-s3/1.11.901/aws-java-sdk-s3-1.11.901.jar:/home/runner/.m2/repository/com/amazonaws/aws-java-sdk-kms/1.11.901/aws-java-sdk-kms-1.11.901.jar:/home/runner/.m2/repository/com/amazonaws/jmespath-java/1.11.901/jmespath-java-1.11.901.jar:/home/runner/.m2/repository/org/kohsuke/metainf-services/metainf-services/1.8/metainf-services-1.8.jar:/home/runner/.m2/repository/org/apache/ozone/hdds-tools/1.2.0-SNAPSHOT/hdds-tools-1.2.0-SNAPSHOT.jar:/home/runner/.m2/repository/commons-cli/commons-cli/1.2/commons-cli-1.2.jar:/home/runner/.m2/repository/org/apache/commons/commons-lang3/3.7/commons-lang3-3.7.jar:/home/runner/.m2/repository/org/apache/ozone/ozone-manager/1.2.0-SNAPSHOT/ozone-manager-1.2.0-SNAPSHOT-tests.jar:/home/runner/.m2/repository/org/apache/ozone/hdds-common/1.2.0-SNAPSHOT/hdds-common-1.2.0-SNAPSHOT-tests.jar:/home/runner/.m2/repository/org/apache/ozone/hdds-hadoop-dependency-client/1.2.0-SNAPSHOT/hdds-hadoop-dependency-client-1.2.0-SNAPSHOT.jar:/home/runner/.m2/repository/info/picocli/picocli/4.6.1/picocli-4.6.1.jar:/home/runner/.m2/repository/com/fasterxml/jackson/core/jackson-annotations/2.12.1/jackson-annotations-2.12.1.jar:/home/runner/.m2/repository/javax/annotation/javax.annotation-api/1.2/javax.annotation-api-1.2.jar:/home/runner/.m2/repository/org/apache/ratis/ratis-server/2.1.0-03f3b68-SNAPSHOT/ratis-server-2.1.0-03f3b68-SNAPSHOT.jar:/home/runner/.m2/repository/org/apache/ratis/ratis-client/2.1.0-03f3b68-SNAPSHOT/ratis-client-2.1.0-03f3b68-SNAPSHOT.jar:/home/runner/.m2/repository/org/apache/ratis/ratis-server-api/2.1.0-03f3b68-SNAPSHOT/ratis-server-api-2.1.0-03f3b68-SNAPSHOT.jar:/home/runner/.m2/repository/org/apache/ratis/ratis-metrics/2.1.0-03f3b68-SNAPSHOT/ratis-metrics-2.1.0-03f3b68-SNAPSHOT.jar:/home/runner/.m2/repository/org/apache/ratis/ratis-netty/2.1.0-03f3b68-SNAPSHOT/ratis-netty-2.1.0-03f3b68-SNAPSHOT.jar:/home/runner/.m2/repository/org/apache/ratis/ratis-grpc/2.1.0-03f3b68-SNAPSHOT/ratis-grpc-2.1.0-03f3b68-SNAPSHOT.jar:/home/runner/.m2/repository/org/apache/logging/log4j/log4j-api/2.13.3/log4j-api-2.13.3.jar:/home/runner/.m2/repository/org/apache/logging/log4j/log4j-core/2.13.3/log4j-core-2.13.3.jar:/home/runner/.m2/repository/com/lmax/disruptor/3.4.2/disruptor-3.4.2.jar:/home/runner/.m2/repository/org/apache/commons/commons-pool2/2.6.0/commons-pool2-2.6.0.jar:/home/runner/.m2/repository/org/bouncycastle/bcpkix-jdk15on/1.67/bcpkix-jdk15on-1.67.jar:/home/runner/.m2/repository/commons-validator/commons-validator/1.6/commons-validator-1.6.jar:/home/runner/.m2/repository/commons-beanutils/commons-beanutils/1.9.4/commons-beanutils-1.9.4.jar:/home/runner/.m2/repository/commons-digester/commons-digester/1.8.1/commons-digester-1.8.1.jar:/home/runner/.m2/repository/commons-collections/commons-collections/3.2.2/commons-collections-3.2.2.jar:/home/runner/.m2/repository/io/jaegertracing/jaeger-client/1.6.0/jaeger-client-1.6.0.jar:/home/runner/.m2/repository/io/jaegertracing/jaeger-thrift/1.6.0/jaeger-thrift-1.6.0.jar:/home/runner/.m2/repository/org/apache/thrift/libthrift/0.14.1/libthrift-0.14.1.jar:/home/runner/.m2/repository/com/squareup/okhttp3/okhttp/4.9.0/okhttp-4.9.0.jar:/home/runner/.m2/repository/com/squareup/okio/okio/2.8.0/okio-2.8.0.jar:/home/runner/.m2/repository/io/jaegertracing/jaeger-core/1.6.0/jaeger-core-1.6.0.jar:/home/runner/.m2/repository/io/jaegertracing/jaeger-tracerresolver/1.6.0/jaeger-tracerresolver-1.6.0.jar:/home/runner/.m2/repository/io/opentracing/contrib/opentracing-tracerresolver/0.1.8/opentracing-tracerresolver-0.1.8.jar:/home/runner/.m2/repository/org/jetbrains/kotlin/kotlin-stdlib/1.4.31/kotlin-stdlib-1.4.31.jar:/home/runner/.m2/repository/org/jetbrains/kotlin/kotlin-stdlib-common/1.4.31/kotlin-stdlib-common-1.4.31.jar:/home/runner/.m2/repository/org/jetbrains/annotations/13.0/annotations-13.0.jar:/home/runner/.m2/repository/io/opentracing/opentracing-util/0.33.0/opentracing-util-0.33.0.jar:/home/runner/.m2/repository/io/opentracing/opentracing-api/0.33.0/opentracing-api-0.33.0.jar:/home/runner/.m2/repository/io/opentracing/opentracing-noop/0.33.0/opentracing-noop-0.33.0.jar:/home/runner/.m2/repository/org/yaml/snakeyaml/1.26/snakeyaml-1.26.jar:/home/runner/.m2/repository/org/apache/ozone/hdds-interface-admin/1.2.0-SNAPSHOT/hdds-interface-admin-1.2.0-SNAPSHOT.jar:/home/runner/.m2/repository/junit/junit/4.13.1/junit-4.13.1.jar:/home/runner/.m2/repository/org/hamcrest/hamcrest-core/1.3/hamcrest-core-1.3.jar:/home/runner/.m2/repository/org/junit/jupiter/junit-jupiter-api/5.7.0/junit-jupiter-api-5.7.0.jar:/home/runner/.m2/repository/org/apiguardian/apiguardian-api/1.1.0/apiguardian-api-1.1.0.jar:/home/runner/.m2/repository/org/opentest4j/opentest4j/1.2.0/opentest4j-1.2.0.jar:/home/runner/.m2/repository/org/junit/platform/junit-platform-commons/1.7.0/junit-platform-commons-1.7.0.jar:/home/runner/.m2/repository/org/junit/jupiter/junit-jupiter-engine/5.7.0/junit-jupiter-engine-5.7.0.jar:/home/runner/.m2/repository/org/junit/platform/junit-platform-engine/1.7.0/junit-platform-engine-1.7.0.jar:/home/runner/.m2/repository/org/junit/vintage/junit-vintage-engine/5.7.0/junit-vintage-engine-5.7.0.jar:/home/runner/.m2/repository/org/junit/platform/junit-platform-launcher/1.7.0/junit-platform-launcher-1.7.0.jar:/home/runner/.m2/repository/org/openjdk/jmh/jmh-core/1.19/jmh-core-1.19.jar:/home/runner/.m2/repository/net/sf/jopt-simple/jopt-simple/4.6/jopt-simple-4.6.jar:/home/runner/.m2/repository/org/apache/commons/commons-math3/3.1.1/commons-math3-3.1.1.jar:/home/runner/.m2/repository/org/openjdk/jmh/jmh-generator-annprocess/1.19/jmh-generator-annprocess-1.19.jar:/home/runner/.m2/repository/org/mockito/mockito-core/2.28.2/mockito-core-2.28.2.jar:/home/runner/.m2/repository/net/bytebuddy/byte-buddy/1.9.10/byte-buddy-1.9.10.jar:/home/runner/.m2/repository/net/bytebuddy/byte-buddy-agent/1.9.10/byte-buddy-agent-1.9.10.jar:/home/runner/.m2/repository/org/objenesis/objenesis/1.0/objenesis-1.0.jar:/home/runner/.m2/repository/org/apache/hadoop/hadoop-kms/3.3.1/hadoop-kms-3.3.1.jar:/home/runner/.m2/repository/org/apache/hadoop/hadoop-auth/3.3.1/hadoop-auth-3.3.1.jar:/home/runner/.m2/repository/com/nimbusds/nimbus-jose-jwt/7.9/nimbus-jose-jwt-7.9.jar:/home/runner/.m2/repository/com/github/stephenc/jcip/jcip-annotations/1.0-1/jcip-annotations-1.0-1.jar:/home/runner/.m2/repository/net/minidev/json-smart/2.3.1/json-smart-2.3.1.jar:/home/runner/.m2/repository/net/minidev/accessors-smart/2.3.1/accessors-smart-2.3.1.jar:/home/runner/.m2/repository/org/ow2/asm/asm/5.0.4/asm-5.0.4.jar:/home/runner/.m2/repository/org/apache/zookeeper/zookeeper/3.5.6/zookeeper-3.5.6.jar:/home/runner/.m2/repository/org/apache/zookeeper/zookeeper-jute/3.5.6/zookeeper-jute-3.5.6.jar:/home/runner/.m2/repository/org/apache/yetus/audience-annotations/0.5.0/audience-annotations-0.5.0.jar:/home/runner/.m2/repository/org/apache/curator/curator-framework/4.2.0/curator-framework-4.2.0.jar:/home/runner/.m2/repository/org/apache/hadoop/thirdparty/hadoop-shaded-guava/1.1.1/hadoop-shaded-guava-1.1.1.jar:/home/runner/.m2/repository/com/sun/jersey/jersey-core/1.19/jersey-core-1.19.jar:/home/runner/.m2/repository/javax/ws/rs/jsr311-api/1.1.1/jsr311-api-1.1.1.jar:/home/runner/.m2/repository/com/sun/jersey/jersey-server/1.19/jersey-server-1.19.jar:/home/runner/.m2/repository/javax/servlet/javax.servlet-api/3.1.0/javax.servlet-api-3.1.0.jar:/home/runner/.m2/repository/org/eclipse/jetty/jetty-server/9.4.43.v20210629/jetty-server-9.4.43.v20210629.jar:/home/runner/.m2/repository/org/eclipse/jetty/jetty-http/9.4.43.v20210629/jetty-http-9.4.43.v20210629.jar:/home/runner/.m2/repository/org/eclipse/jetty/jetty-io/9.4.43.v20210629/jetty-io-9.4.43.v20210629.jar:/home/runner/.m2/repository/org/eclipse/jetty/jetty-webapp/9.4.43.v20210629/jetty-webapp-9.4.43.v20210629.jar:/home/runner/.m2/repository/org/eclipse/jetty/jetty-xml/9.4.43.v20210629/jetty-xml-9.4.43.v20210629.jar:/home/runner/.m2/repository/org/apache/hadoop/hadoop-common/3.3.1/hadoop-common-3.3.1.jar:/home/runner/.m2/repository/commons-net/commons-net/3.6/commons-net-3.6.jar:/home/runner/.m2/repository/jakarta/activation/jakarta.activation-api/1.2.1/jakarta.activation-api-1.2.1.jar:/home/runner/.m2/repository/com/sun/jersey/jersey-servlet/1.19/jersey-servlet-1.19.jar:/home/runner/.m2/repository/com/sun/jersey/jersey-json/1.19/jersey-json-1.19.jar:/home/runner/.m2/repository/org/codehaus/jettison/jettison/1.1/jettison-1.1.jar:/home/runner/.m2/repository/com/sun/xml/bind/jaxb-impl/2.2.3-1/jaxb-impl-2.2.3-1.jar:/home/runner/.m2/repository/org/codehaus/jackson/jackson-jaxrs/1.9.2/jackson-jaxrs-1.9.2.jar:/home/runner/.m2/repository/org/codehaus/jackson/jackson-xc/1.9.2/jackson-xc-1.9.2.jar:/home/runner/.m2/repository/org/apache/commons/commons-configuration2/2.1.1/commons-configuration2-2.1.1.jar:/home/runner/.m2/repository/org/apache/commons/commons-text/1.4/commons-text-1.4.jar:/home/runner/.m2/repository/com/google/re2j/re2j/1.1/re2j-1.1.jar:/home/runner/.m2/repository/com/jcraft/jsch/0.1.54/jsch-0.1.54.jar:/home/runner/.m2/repository/org/apache/curator/curator-client/4.2.0/curator-client-4.2.0.jar:/home/runner/.m2/repository/org/apache/curator/curator-recipes/4.2.0/curator-recipes-4.2.0.jar:/home/runner/.m2/repository/org/apache/kerby/kerb-core/1.0.1/kerb-core-1.0.1.jar:/home/runner/.m2/repository/org/apache/kerby/kerby-pkix/1.0.1/kerby-pkix-1.0.1.jar:/home/runner/.m2/repository/org/apache/kerby/kerby-asn1/1.0.1/kerby-asn1-1.0.1.jar:/home/runner/.m2/repository/org/apache/kerby/kerby-util/1.0.1/kerby-util-1.0.1.jar:/home/runner/.m2/repository/dnsjava/dnsjava/2.1.7/dnsjava-2.1.7.jar:/home/runner/.m2/repository/org/xerial/snappy/snappy-java/1.1.8.2/snappy-java-1.1.8.2.jar:/home/runner/.m2/repository/org/slf4j/jul-to-slf4j/1.7.30/jul-to-slf4j-1.7.30.jar:/home/runner/.m2/repository/org/eclipse/jetty/jetty-util/9.4.43.v20210629/jetty-util-9.4.43.v20210629.jar:/home/runner/.m2/repository/com/fasterxml/jackson/core/jackson-databind/2.12.1/jackson-databind-2.12.1.jar:/home/runner/.m2/repository/org/apache/hadoop/hadoop-kms/3.3.1/hadoop-kms-3.3.1-tests.jar:/home/runner/.m2/repository/org/apache/ozone/hdds-server-scm/1.2.0-SNAPSHOT/hdds-server-scm-1.2.0-SNAPSHOT-tests.jar:/home/runner/.m2/repository/org/apache/ozone/hdds-container-service/1.2.0-SNAPSHOT/hdds-container-service-1.2.0-SNAPSHOT-tests.jar:/home/runner/.m2/repository/commons-codec/commons-codec/1.11/commons-codec-1.11.jar:/home/runner/.m2/repository/io/netty/netty-transport/4.1.63.Final/netty-transport-4.1.63.Final.jar:/home/runner/.m2/repository/io/netty/netty-resolver/4.1.63.Final/netty-resolver-4.1.63.Final.jar:/home/runner/.m2/repository/io/netty/netty-codec/4.1.63.Final/netty-codec-4.1.63.Final.jar:/home/runner/.m2/repository/io/netty/netty-handler/4.1.63.Final/netty-handler-4.1.63.Final.jar:/home/runner/.m2/repository/org/apache/ozone/hdds-hadoop-dependency-test/1.2.0-SNAPSHOT/hdds-hadoop-dependency-test-1.2.0-SNAPSHOT.jar:/home/runner/.m2/repository/org/apache/hadoop/hadoop-common/3.3.1/hadoop-common-3.3.1-tests.jar:/home/runner/.m2/repository/org/assertj/assertj-core/3.12.2/assertj-core-3.12.2.jar:/home/runner/.m2/repository/org/apache/hadoop/hadoop-hdfs/3.3.1/hadoop-hdfs-3.3.1-tests.jar:/home/runner/.m2/repository/org/eclipse/jetty/jetty-util-ajax/9.4.43.v20210629/jetty-util-ajax-9.4.43.v20210629.jar:/home/runner/.m2/repository/commons-daemon/commons-daemon/1.0.13/commons-daemon-1.0.13.jar:/home/runner/.m2/repository/io/netty/netty/3.10.6.Final/netty-3.10.6.Final.jar:/home/runner/.m2/repository/io/netty/netty-all/4.1.63.Final/netty-all-4.1.63.Final.jar:/home/runner/.m2/repository/org/apache/htrace/htrace-core4/4.1.0-incubating/htrace-core4-4.1.0-incubating.jar:/home/runner/.m2/repository/org/fusesource/leveldbjni/leveldbjni-all/1.8/leveldbjni-all-1.8.jar:/home/runner/.m2/repository/org/apache/hadoop/hadoop-distcp/3.3.1/hadoop-distcp-3.3.1.jar:/home/runner/.m2/repository/org/apache/hadoop/hadoop-mapreduce-client-jobclient/3.3.1/hadoop-mapreduce-client-jobclient-3.3.1.jar:/home/runner/.m2/repository/org/apache/hadoop/hadoop-mapreduce-client-common/3.3.1/hadoop-mapreduce-client-common-3.3.1.jar:/home/runner/.m2/repository/org/apache/hadoop/hadoop-yarn-common/3.3.1/hadoop-yarn-common-3.3.1.jar:/home/runner/.m2/repository/org/apache/hadoop/hadoop-yarn-api/3.3.1/hadoop-yarn-api-3.3.1.jar:/home/runner/.m2/repository/com/sun/jersey/jersey-client/1.19/jersey-client-1.19.jar:/home/runner/.m2/repository/com/sun/jersey/contribs/jersey-guice/1.19/jersey-guice-1.19.jar:/home/runner/.m2/repository/com/fasterxml/jackson/jaxrs/jackson-jaxrs-json-provider/2.12.1/jackson-jaxrs-json-provider-2.12.1.jar:/home/runner/.m2/repository/com/fasterxml/jackson/jaxrs/jackson-jaxrs-base/2.12.1/jackson-jaxrs-base-2.12.1.jar:/home/runner/.m2/repository/org/apache/hadoop/hadoop-yarn-client/3.3.1/hadoop-yarn-client-3.3.1.jar:/home/runner/.m2/repository/org/eclipse/jetty/websocket/websocket-client/9.4.40.v20210413/websocket-client-9.4.40.v20210413.jar:/home/runner/.m2/repository/org/eclipse/jetty/jetty-client/9.4.40.v20210413/jetty-client-9.4.40.v20210413.jar:/home/runner/.m2/repository/org/eclipse/jetty/websocket/websocket-common/9.4.40.v20210413/websocket-common-9.4.40.v20210413.jar:/home/runner/.m2/repository/org/eclipse/jetty/websocket/websocket-api/9.4.40.v20210413/websocket-api-9.4.40.v20210413.jar:/home/runner/.m2/repository/org/jline/jline/3.9.0/jline-3.9.0.jar:/home/runner/.m2/repository/org/apache/hadoop/hadoop-mapreduce-client-core/3.3.1/hadoop-mapreduce-client-core-3.3.1.jar:/home/runner/.m2/repository/org/apache/avro/avro/1.7.7/avro-1.7.7.jar:/home/runner/.m2/repository/org/codehaus/jackson/jackson-core-asl/1.9.13/jackson-core-asl-1.9.13.jar:/home/runner/.m2/repository/org/codehaus/jackson/jackson-mapper-asl/1.9.13/jackson-mapper-asl-1.9.13.jar:/home/runner/.m2/repository/com/thoughtworks/paranamer/paranamer/2.3/paranamer-2.3.jar:/home/runner/.m2/repository/org/apache/hadoop/hadoop-annotations/3.3.1/hadoop-annotations-3.3.1.jar:/usr/lib/jvm/adoptopenjdk-8-hotspot-amd64/jre/../lib/tools.jar:/home/runner/.m2/repository/org/apache/hadoop/hadoop-distcp/3.3.1/hadoop-distcp-3.3.1-tests.jar:/home/runner/.m2/repository/org/apache/ratis/ratis-common/2.1.0-03f3b68-SNAPSHOT/ratis-common-2.1.0-03f3b68-SNAPSHOT.jar:/home/runner/.m2/repository/org/apache/ratis/ratis-thirdparty-misc/0.7.0/ratis-thirdparty-misc-0.7.0.jar:/home/runner/.m2/repository/org/apache/ratis/ratis-proto/2.1.0-03f3b68-SNAPSHOT/ratis-proto-2.1.0-03f3b68-SNAPSHOT.jar:"/>
    <property name="java.vm.vendor" value="AdoptOpenJDK"/>
    <property name="sun.arch.data.model" value="64"/>
    <property name="test.build.dir" value="/home/runner/work/ozone/ozone/hadoop-ozone/integration-test/target/test-dir"/>
    <property name="test.cache.data" value=""/>
    <property name="java.vendor.url" value="https://adoptopenjdk.net/"/>
    <property name="user.timezone" value=""/>
    <property name="java.vm.specification.version" value="1.8"/>
    <property name="os.name" value="Linux"/>
    <property name="test.build.data" value="/home/runner/work/ozone/ozone/hadoop-ozone/integration-test/target/test-dir"/>
    <property name="sun.java.launcher" value="SUN_STANDARD"/>
    <property name="sun.boot.library.path" value="/usr/lib/jvm/adoptopenjdk-8-hotspot-amd64/jre/lib/amd64"/>
    <property name="sun.java.command" value="/home/runner/work/ozone/ozone/hadoop-ozone/integration-test/target/surefire/surefirebooter4600162508151032047.jar /home/runner/work/ozone/ozone/hadoop-ozone/integration-test/target/surefire 2021-10-16T00-57-11_566-jvmRun1 surefire124821594544359472tmp surefire_867847004164465386917tmp"/>
    <property name="surefire.test.class.path" value="/home/runner/work/ozone/ozone/hadoop-ozone/integration-test/target/test-classes:/home/runner/work/ozone/ozone/hadoop-ozone/integration-test/target/classes:/home/runner/.m2/repository/org/apache/ozone/ozone-common/1.2.0-SNAPSHOT/ozone-common-1.2.0-SNAPSHOT.jar:/home/runner/.m2/repository/org/apache/commons/commons-compress/1.21/commons-compress-1.21.jar:/home/runner/.m2/repository/org/apache/ozone/hdds-common/1.2.0-SNAPSHOT/hdds-common-1.2.0-SNAPSHOT.jar:/home/runner/.m2/repository/org/apache/ozone/hdds-client/1.2.0-SNAPSHOT/hdds-client-1.2.0-SNAPSHOT.jar:/home/runner/.m2/repository/org/apache/ozone/ozone-interface-client/1.2.0-SNAPSHOT/ozone-interface-client-1.2.0-SNAPSHOT.jar:/home/runner/.m2/repository/org/apache/ozone/hdds-server-framework/1.2.0-SNAPSHOT/hdds-server-framework-1.2.0-SNAPSHOT.jar:/home/runner/.m2/repository/org/apache/ozone/hdds-interface-server/1.2.0-SNAPSHOT/hdds-interface-server-1.2.0-SNAPSHOT.jar:/home/runner/.m2/repository/org/eclipse/jetty/jetty-servlet/9.4.43.v20210629/jetty-servlet-9.4.43.v20210629.jar:/home/runner/.m2/repository/org/eclipse/jetty/jetty-security/9.4.43.v20210629/jetty-security-9.4.43.v20210629.jar:/home/runner/.m2/repository/org/rocksdb/rocksdbjni/6.20.3/rocksdbjni-6.20.3.jar:/home/runner/.m2/repository/io/prometheus/simpleclient_dropwizard/0.7.0/simpleclient_dropwizard-0.7.0.jar:/home/runner/.m2/repository/io/prometheus/simpleclient/0.7.0/simpleclient-0.7.0.jar:/home/runner/.m2/repository/io/prometheus/simpleclient_common/0.7.0/simpleclient_common-0.7.0.jar:/home/runner/.m2/repository/com/fasterxml/jackson/datatype/jackson-datatype-jsr310/2.12.1/jackson-datatype-jsr310-2.12.1.jar:/home/runner/.m2/repository/org/apache/ozone/hdds-test-utils/1.2.0-SNAPSHOT/hdds-test-utils-1.2.0-SNAPSHOT.jar:/home/runner/.m2/repository/com/google/guava/guava/30.1.1-jre/guava-30.1.1-jre.jar:/home/runner/.m2/repository/com/google/guava/failureaccess/1.0.1/failureaccess-1.0.1.jar:/home/runner/.m2/repository/com/google/guava/listenablefuture/9999.0-empty-to-avoid-conflict-with-guava/listenablefuture-9999.0-empty-to-avoid-conflict-with-guava.jar:/home/runner/.m2/repository/com/google/code/findbugs/jsr305/3.0.0/jsr305-3.0.0.jar:/home/runner/.m2/repository/org/checkerframework/checker-qual/3.8.0/checker-qual-3.8.0.jar:/home/runner/.m2/repository/com/google/errorprone/error_prone_annotations/2.2.0/error_prone_annotations-2.2.0.jar:/home/runner/.m2/repository/com/google/j2objc/j2objc-annotations/1.3/j2objc-annotations-1.3.jar:/home/runner/.m2/repository/commons-io/commons-io/2.11.0/commons-io-2.11.0.jar:/home/runner/.m2/repository/commons-logging/commons-logging/1.2/commons-logging-1.2.jar:/home/runner/.m2/repository/log4j/log4j/1.2.17/log4j-1.2.17.jar:/home/runner/.m2/repository/org/slf4j/slf4j-api/1.7.30/slf4j-api-1.7.30.jar:/home/runner/.m2/repository/org/apache/ozone/hdds-server-scm/1.2.0-SNAPSHOT/hdds-server-scm-1.2.0-SNAPSHOT.jar:/home/runner/.m2/repository/org/apache/ozone/hdds-container-service/1.2.0-SNAPSHOT/hdds-container-service-1.2.0-SNAPSHOT.jar:/home/runner/.m2/repository/org/apache/ozone/hdds-hadoop-dependency-server/1.2.0-SNAPSHOT/hdds-hadoop-dependency-server-1.2.0-SNAPSHOT.jar:/home/runner/.m2/repository/org/apache/hadoop/hadoop-hdfs/3.3.1/hadoop-hdfs-3.3.1.jar:/home/runner/.m2/repository/io/dropwizard/metrics/metrics-core/3.2.4/metrics-core-3.2.4.jar:/home/runner/.m2/repository/org/apache/hadoop/hadoop-hdfs-client/3.3.1/hadoop-hdfs-client-3.3.1.jar:/home/runner/.m2/repository/org/bouncycastle/bcprov-jdk15on/1.67/bcprov-jdk15on-1.67.jar:/home/runner/.m2/repository/com/google/protobuf/protobuf-java/2.5.0/protobuf-java-2.5.0.jar:/home/runner/.m2/repository/org/apache/ozone/ozone-manager/1.2.0-SNAPSHOT/ozone-manager-1.2.0-SNAPSHOT.jar:/home/runner/.m2/repository/org/aspectj/aspectjrt/1.9.7/aspectjrt-1.9.7.jar:/home/runner/.m2/repository/org/aspectj/aspectjweaver/1.9.7/aspectjweaver-1.9.7.jar:/home/runner/.m2/repository/org/apache/ozone/hdds-interface-client/1.2.0-SNAPSHOT/hdds-interface-client-1.2.0-SNAPSHOT.jar:/home/runner/.m2/repository/org/apache/hadoop/thirdparty/hadoop-shaded-protobuf_3_7/1.1.1/hadoop-shaded-protobuf_3_7-1.1.1.jar:/home/runner/.m2/repository/org/apache/ozone/ozone-interface-storage/1.2.0-SNAPSHOT/ozone-interface-storage-1.2.0-SNAPSHOT.jar:/home/runner/.m2/repository/org/reflections/reflections/0.9.11/reflections-0.9.11.jar:/home/runner/.m2/repository/org/apache/hadoop/hadoop-minikdc/3.3.1/hadoop-minikdc-3.3.1.jar:/home/runner/.m2/repository/org/apache/kerby/kerb-simplekdc/1.0.1/kerb-simplekdc-1.0.1.jar:/home/runner/.m2/repository/org/apache/kerby/kerb-client/1.0.1/kerb-client-1.0.1.jar:/home/runner/.m2/repository/org/apache/kerby/kerby-config/1.0.1/kerby-config-1.0.1.jar:/home/runner/.m2/repository/org/apache/kerby/kerb-common/1.0.1/kerb-common-1.0.1.jar:/home/runner/.m2/repository/org/apache/kerby/kerb-crypto/1.0.1/kerb-crypto-1.0.1.jar:/home/runner/.m2/repository/org/apache/kerby/kerb-util/1.0.1/kerb-util-1.0.1.jar:/home/runner/.m2/repository/org/apache/kerby/token-provider/1.0.1/token-provider-1.0.1.jar:/home/runner/.m2/repository/org/apache/kerby/kerb-admin/1.0.1/kerb-admin-1.0.1.jar:/home/runner/.m2/repository/org/apache/kerby/kerb-server/1.0.1/kerb-server-1.0.1.jar:/home/runner/.m2/repository/org/apache/kerby/kerb-identity/1.0.1/kerb-identity-1.0.1.jar:/home/runner/.m2/repository/org/apache/kerby/kerby-xdr/1.0.1/kerby-xdr-1.0.1.jar:/home/runner/.m2/repository/org/slf4j/slf4j-log4j12/1.7.30/slf4j-log4j12-1.7.30.jar:/home/runner/.m2/repository/org/apache/ozone/ozone-s3gateway/1.2.0-SNAPSHOT/ozone-s3gateway-1.2.0-SNAPSHOT.jar:/home/runner/.m2/repository/org/javassist/javassist/3.21.0-GA/javassist-3.21.0-GA.jar:/home/runner/.m2/repository/org/jboss/weld/servlet/weld-servlet/2.4.7.Final/weld-servlet-2.4.7.Final.jar:/home/runner/.m2/repository/org/glassfish/jersey/containers/jersey-container-servlet-core/2.33/jersey-container-servlet-core-2.33.jar:/home/runner/.m2/repository/org/glassfish/hk2/external/jakarta.inject/2.6.1/jakarta.inject-2.6.1.jar:/home/runner/.m2/repository/org/glassfish/jersey/core/jersey-common/2.33/jersey-common-2.33.jar:/home/runner/.m2/repository/jakarta/ws/rs/jakarta.ws.rs-api/2.1.6/jakarta.ws.rs-api-2.1.6.jar:/home/runner/.m2/repository/org/glassfish/jersey/ext/cdi/jersey-cdi1x/2.33/jersey-cdi1x-2.33.jar:/home/runner/.m2/repository/org/glassfish/jersey/inject/jersey-hk2/2.33/jersey-hk2-2.33.jar:/home/runner/.m2/repository/org/glassfish/hk2/hk2-locator/2.6.1/hk2-locator-2.6.1.jar:/home/runner/.m2/repository/org/glassfish/jersey/media/jersey-media-jaxb/2.33/jersey-media-jaxb-2.33.jar:/home/runner/.m2/repository/org/glassfish/hk2/osgi-resource-locator/1.0.3/osgi-resource-locator-1.0.3.jar:/home/runner/.m2/repository/org/glassfish/hk2/hk2-api/2.5.0/hk2-api-2.5.0.jar:/home/runner/.m2/repository/org/glassfish/hk2/hk2-utils/2.5.0/hk2-utils-2.5.0.jar:/home/runner/.m2/repository/org/glassfish/hk2/external/aopalliance-repackaged/2.5.0/aopalliance-repackaged-2.5.0.jar:/home/runner/.m2/repository/com/fasterxml/jackson/dataformat/jackson-dataformat-xml/2.12.1/jackson-dataformat-xml-2.12.1.jar:/home/runner/.m2/repository/com/fasterxml/jackson/core/jackson-core/2.12.1/jackson-core-2.12.1.jar:/home/runner/.m2/repository/com/fasterxml/jackson/module/jackson-module-jaxb-annotations/2.12.1/jackson-module-jaxb-annotations-2.12.1.jar:/home/runner/.m2/repository/jakarta/xml/bind/jakarta.xml.bind-api/2.3.2/jakarta.xml.bind-api-2.3.2.jar:/home/runner/.m2/repository/org/codehaus/woodstox/stax2-api/3.1.4/stax2-api-3.1.4.jar:/home/runner/.m2/repository/com/fasterxml/woodstox/woodstox-core/5.0.3/woodstox-core-5.0.3.jar:/home/runner/.m2/repository/javax/enterprise/cdi-api/1.2/cdi-api-1.2.jar:/home/runner/.m2/repository/javax/el/javax.el-api/3.0.0/javax.el-api-3.0.0.jar:/home/runner/.m2/repository/javax/interceptor/javax.interceptor-api/1.2/javax.interceptor-api-1.2.jar:/home/runner/.m2/repository/javax/inject/javax.inject/1/javax.inject-1.jar:/home/runner/.m2/repository/javax/xml/bind/jaxb-api/2.3.0/jaxb-api-2.3.0.jar:/home/runner/.m2/repository/org/glassfish/jaxb/jaxb-runtime/2.3.0.1/jaxb-runtime-2.3.0.1.jar:/home/runner/.m2/repository/org/glassfish/jaxb/jaxb-core/2.3.0.1/jaxb-core-2.3.0.1.jar:/home/runner/.m2/repository/org/glassfish/jaxb/txw2/2.3.0.1/txw2-2.3.0.1.jar:/home/runner/.m2/repository/com/sun/istack/istack-commons-runtime/3.0.5/istack-commons-runtime-3.0.5.jar:/home/runner/.m2/repository/org/jvnet/staxex/stax-ex/1.7.8/stax-ex-1.7.8.jar:/home/runner/.m2/repository/com/sun/xml/fastinfoset/FastInfoset/1.2.13/FastInfoset-1.2.13.jar:/home/runner/.m2/repository/javax/activation/activation/1.1.1/activation-1.1.1.jar:/home/runner/.m2/repository/org/apache/ozone/ozone-csi/1.2.0-SNAPSHOT/ozone-csi-1.2.0-SNAPSHOT.jar:/home/runner/.m2/repository/com/google/protobuf/protobuf-java-util/3.12.0/protobuf-java-util-3.12.0.jar:/home/runner/.m2/repository/com/google/code/gson/gson/2.2.4/gson-2.2.4.jar:/home/runner/.m2/repository/org/apache/ozone/hdds-config/1.2.0-SNAPSHOT/hdds-config-1.2.0-SNAPSHOT.jar:/home/runner/.m2/repository/io/grpc/grpc-netty/1.33.0/grpc-netty-1.33.0.jar:/home/runner/.m2/repository/io/grpc/grpc-core/1.33.0/grpc-core-1.33.0.jar:/home/runner/.m2/repository/com/google/android/annotations/4.1.1.4/annotations-4.1.1.4.jar:/home/runner/.m2/repository/io/netty/netty-codec-http2/4.1.63.Final/netty-codec-http2-4.1.63.Final.jar:/home/runner/.m2/repository/io/netty/netty-codec-http/4.1.63.Final/netty-codec-http-4.1.63.Final.jar:/home/runner/.m2/repository/io/netty/netty-handler-proxy/4.1.63.Final/netty-handler-proxy-4.1.63.Final.jar:/home/runner/.m2/repository/io/netty/netty-codec-socks/4.1.63.Final/netty-codec-socks-4.1.63.Final.jar:/home/runner/.m2/repository/io/perfmark/perfmark-api/0.19.0/perfmark-api-0.19.0.jar:/home/runner/.m2/repository/org/codehaus/mojo/animal-sniffer-annotations/1.18/animal-sniffer-annotations-1.18.jar:/home/runner/.m2/repository/io/netty/netty-transport-native-epoll/4.1.63.Final/netty-transport-native-epoll-4.1.63.Final.jar:/home/runner/.m2/repository/io/netty/netty-common/4.1.63.Final/netty-common-4.1.63.Final.jar:/home/runner/.m2/repository/io/netty/netty-buffer/4.1.63.Final/netty-buffer-4.1.63.Final.jar:/home/runner/.m2/repository/io/netty/netty-transport-native-unix-common/4.1.63.Final/netty-transport-native-unix-common-4.1.63.Final.jar:/home/runner/.m2/repository/io/grpc/grpc-protobuf/1.33.0/grpc-protobuf-1.33.0.jar:/home/runner/.m2/repository/io/grpc/grpc-api/1.33.0/grpc-api-1.33.0.jar:/home/runner/.m2/repository/io/grpc/grpc-context/1.33.0/grpc-context-1.33.0.jar:/home/runner/.m2/repository/com/google/api/grpc/proto-google-common-protos/1.17.0/proto-google-common-protos-1.17.0.jar:/home/runner/.m2/repository/io/grpc/grpc-protobuf-lite/1.33.0/grpc-protobuf-lite-1.33.0.jar:/home/runner/.m2/repository/io/grpc/grpc-stub/1.33.0/grpc-stub-1.33.0.jar:/home/runner/.m2/repository/org/apache/ozone/ozone-recon/1.2.0-SNAPSHOT/ozone-recon-1.2.0-SNAPSHOT.jar:/home/runner/.m2/repository/org/apache/ozone/ozone-reconcodegen/1.2.0-SNAPSHOT/ozone-reconcodegen-1.2.0-SNAPSHOT.jar:/home/runner/.m2/repository/com/google/inject/extensions/guice-multibindings/4.0/guice-multibindings-4.0.jar:/home/runner/.m2/repository/com/google/inject/guice/4.0/guice-4.0.jar:/home/runner/.m2/repository/aopalliance/aopalliance/1.0/aopalliance-1.0.jar:/home/runner/.m2/repository/com/google/inject/extensions/guice-assistedinject/4.0/guice-assistedinject-4.0.jar:/home/runner/.m2/repository/com/google/inject/extensions/guice-servlet/4.0/guice-servlet-4.0.jar:/home/runner/.m2/repository/org/glassfish/jersey/containers/jersey-container-servlet/2.33/jersey-container-servlet-2.33.jar:/home/runner/.m2/repository/org/glassfish/hk2/guice-bridge/2.5.0/guice-bridge-2.5.0.jar:/home/runner/.m2/repository/org/glassfish/jersey/core/jersey-server/2.33/jersey-server-2.33.jar:/home/runner/.m2/repository/org/glassfish/jersey/core/jersey-client/2.33/jersey-client-2.33.jar:/home/runner/.m2/repository/jakarta/annotation/jakarta.annotation-api/1.3.5/jakarta.annotation-api-1.3.5.jar:/home/runner/.m2/repository/jakarta/validation/jakarta.validation-api/2.0.2/jakarta.validation-api-2.0.2.jar:/home/runner/.m2/repository/org/glassfish/jersey/media/jersey-media-json-jackson/2.33/jersey-media-json-jackson-2.33.jar:/home/runner/.m2/repository/org/glassfish/jersey/ext/jersey-entity-filtering/2.33/jersey-entity-filtering-2.33.jar:/home/runner/.m2/repository/org/jooq/jooq/3.11.10/jooq-3.11.10.jar:/home/runner/.m2/repository/org/jooq/jooq-meta/3.11.10/jooq-meta-3.11.10.jar:/home/runner/.m2/repository/org/jooq/jooq-codegen/3.11.10/jooq-codegen-3.11.10.jar:/home/runner/.m2/repository/com/jolbox/bonecp/0.8.0.RELEASE/bonecp-0.8.0.RELEASE.jar:/home/runner/.m2/repository/org/apache/derby/derby/10.14.2.0/derby-10.14.2.0.jar:/home/runner/.m2/repository/org/xerial/sqlite-jdbc/3.25.2/sqlite-jdbc-3.25.2.jar:/home/runner/.m2/repository/org/springframework/spring-jdbc/5.2.17.RELEASE/spring-jdbc-5.2.17.RELEASE.jar:/home/runner/.m2/repository/org/springframework/spring-beans/5.2.17.RELEASE/spring-beans-5.2.17.RELEASE.jar:/home/runner/.m2/repository/org/springframework/spring-core/5.2.17.RELEASE/spring-core-5.2.17.RELEASE.jar:/home/runner/.m2/repository/org/springframework/spring-jcl/5.2.17.RELEASE/spring-jcl-5.2.17.RELEASE.jar:/home/runner/.m2/repository/org/springframework/spring-tx/5.2.17.RELEASE/spring-tx-5.2.17.RELEASE.jar:/home/runner/.m2/repository/org/apache/ozone/ozone-client/1.2.0-SNAPSHOT/ozone-client-1.2.0-SNAPSHOT.jar:/home/runner/.m2/repository/org/apache/ozone/ozone-filesystem/1.2.0-SNAPSHOT/ozone-filesystem-1.2.0-SNAPSHOT.jar:/home/runner/.m2/repository/org/apache/ozone/ozone-filesystem-common/1.2.0-SNAPSHOT/ozone-filesystem-common-1.2.0-SNAPSHOT.jar:/home/runner/.m2/repository/org/apache/ozone/ozone-tools/1.2.0-SNAPSHOT/ozone-tools-1.2.0-SNAPSHOT.jar:/home/runner/.m2/repository/org/apache/ratis/ratis-tools/2.1.0-03f3b68-SNAPSHOT/ratis-tools-2.1.0-03f3b68-SNAPSHOT.jar:/home/runner/.m2/repository/com/amazonaws/aws-java-sdk-core/1.11.901/aws-java-sdk-core-1.11.901.jar:/home/runner/.m2/repository/org/apache/httpcomponents/httpclient/4.5.13/httpclient-4.5.13.jar:/home/runner/.m2/repository/org/apache/httpcomponents/httpcore/4.4.13/httpcore-4.4.13.jar:/home/runner/.m2/repository/software/amazon/ion/ion-java/1.0.2/ion-java-1.0.2.jar:/home/runner/.m2/repository/com/fasterxml/jackson/dataformat/jackson-dataformat-cbor/2.12.1/jackson-dataformat-cbor-2.12.1.jar:/home/runner/.m2/repository/joda-time/joda-time/2.8.1/joda-time-2.8.1.jar:/home/runner/.m2/repository/com/amazonaws/aws-java-sdk-s3/1.11.901/aws-java-sdk-s3-1.11.901.jar:/home/runner/.m2/repository/com/amazonaws/aws-java-sdk-kms/1.11.901/aws-java-sdk-kms-1.11.901.jar:/home/runner/.m2/repository/com/amazonaws/jmespath-java/1.11.901/jmespath-java-1.11.901.jar:/home/runner/.m2/repository/org/kohsuke/metainf-services/metainf-services/1.8/metainf-services-1.8.jar:/home/runner/.m2/repository/org/apache/ozone/hdds-tools/1.2.0-SNAPSHOT/hdds-tools-1.2.0-SNAPSHOT.jar:/home/runner/.m2/repository/commons-cli/commons-cli/1.2/commons-cli-1.2.jar:/home/runner/.m2/repository/org/apache/commons/commons-lang3/3.7/commons-lang3-3.7.jar:/home/runner/.m2/repository/org/apache/ozone/ozone-manager/1.2.0-SNAPSHOT/ozone-manager-1.2.0-SNAPSHOT-tests.jar:/home/runner/.m2/repository/org/apache/ozone/hdds-common/1.2.0-SNAPSHOT/hdds-common-1.2.0-SNAPSHOT-tests.jar:/home/runner/.m2/repository/org/apache/ozone/hdds-hadoop-dependency-client/1.2.0-SNAPSHOT/hdds-hadoop-dependency-client-1.2.0-SNAPSHOT.jar:/home/runner/.m2/repository/info/picocli/picocli/4.6.1/picocli-4.6.1.jar:/home/runner/.m2/repository/com/fasterxml/jackson/core/jackson-annotations/2.12.1/jackson-annotations-2.12.1.jar:/home/runner/.m2/repository/javax/annotation/javax.annotation-api/1.2/javax.annotation-api-1.2.jar:/home/runner/.m2/repository/org/apache/ratis/ratis-server/2.1.0-03f3b68-SNAPSHOT/ratis-server-2.1.0-03f3b68-SNAPSHOT.jar:/home/runner/.m2/repository/org/apache/ratis/ratis-client/2.1.0-03f3b68-SNAPSHOT/ratis-client-2.1.0-03f3b68-SNAPSHOT.jar:/home/runner/.m2/repository/org/apache/ratis/ratis-server-api/2.1.0-03f3b68-SNAPSHOT/ratis-server-api-2.1.0-03f3b68-SNAPSHOT.jar:/home/runner/.m2/repository/org/apache/ratis/ratis-metrics/2.1.0-03f3b68-SNAPSHOT/ratis-metrics-2.1.0-03f3b68-SNAPSHOT.jar:/home/runner/.m2/repository/org/apache/ratis/ratis-netty/2.1.0-03f3b68-SNAPSHOT/ratis-netty-2.1.0-03f3b68-SNAPSHOT.jar:/home/runner/.m2/repository/org/apache/ratis/ratis-grpc/2.1.0-03f3b68-SNAPSHOT/ratis-grpc-2.1.0-03f3b68-SNAPSHOT.jar:/home/runner/.m2/repository/org/apache/logging/log4j/log4j-api/2.13.3/log4j-api-2.13.3.jar:/home/runner/.m2/repository/org/apache/logging/log4j/log4j-core/2.13.3/log4j-core-2.13.3.jar:/home/runner/.m2/repository/com/lmax/disruptor/3.4.2/disruptor-3.4.2.jar:/home/runner/.m2/repository/org/apache/commons/commons-pool2/2.6.0/commons-pool2-2.6.0.jar:/home/runner/.m2/repository/org/bouncycastle/bcpkix-jdk15on/1.67/bcpkix-jdk15on-1.67.jar:/home/runner/.m2/repository/commons-validator/commons-validator/1.6/commons-validator-1.6.jar:/home/runner/.m2/repository/commons-beanutils/commons-beanutils/1.9.4/commons-beanutils-1.9.4.jar:/home/runner/.m2/repository/commons-digester/commons-digester/1.8.1/commons-digester-1.8.1.jar:/home/runner/.m2/repository/commons-collections/commons-collections/3.2.2/commons-collections-3.2.2.jar:/home/runner/.m2/repository/io/jaegertracing/jaeger-client/1.6.0/jaeger-client-1.6.0.jar:/home/runner/.m2/repository/io/jaegertracing/jaeger-thrift/1.6.0/jaeger-thrift-1.6.0.jar:/home/runner/.m2/repository/org/apache/thrift/libthrift/0.14.1/libthrift-0.14.1.jar:/home/runner/.m2/repository/com/squareup/okhttp3/okhttp/4.9.0/okhttp-4.9.0.jar:/home/runner/.m2/repository/com/squareup/okio/okio/2.8.0/okio-2.8.0.jar:/home/runner/.m2/repository/io/jaegertracing/jaeger-core/1.6.0/jaeger-core-1.6.0.jar:/home/runner/.m2/repository/io/jaegertracing/jaeger-tracerresolver/1.6.0/jaeger-tracerresolver-1.6.0.jar:/home/runner/.m2/repository/io/opentracing/contrib/opentracing-tracerresolver/0.1.8/opentracing-tracerresolver-0.1.8.jar:/home/runner/.m2/repository/org/jetbrains/kotlin/kotlin-stdlib/1.4.31/kotlin-stdlib-1.4.31.jar:/home/runner/.m2/repository/org/jetbrains/kotlin/kotlin-stdlib-common/1.4.31/kotlin-stdlib-common-1.4.31.jar:/home/runner/.m2/repository/org/jetbrains/annotations/13.0/annotations-13.0.jar:/home/runner/.m2/repository/io/opentracing/opentracing-util/0.33.0/opentracing-util-0.33.0.jar:/home/runner/.m2/repository/io/opentracing/opentracing-api/0.33.0/opentracing-api-0.33.0.jar:/home/runner/.m2/repository/io/opentracing/opentracing-noop/0.33.0/opentracing-noop-0.33.0.jar:/home/runner/.m2/repository/org/yaml/snakeyaml/1.26/snakeyaml-1.26.jar:/home/runner/.m2/repository/org/apache/ozone/hdds-interface-admin/1.2.0-SNAPSHOT/hdds-interface-admin-1.2.0-SNAPSHOT.jar:/home/runner/.m2/repository/junit/junit/4.13.1/junit-4.13.1.jar:/home/runner/.m2/repository/org/hamcrest/hamcrest-core/1.3/hamcrest-core-1.3.jar:/home/runner/.m2/repository/org/junit/jupiter/junit-jupiter-api/5.7.0/junit-jupiter-api-5.7.0.jar:/home/runner/.m2/repository/org/apiguardian/apiguardian-api/1.1.0/apiguardian-api-1.1.0.jar:/home/runner/.m2/repository/org/opentest4j/opentest4j/1.2.0/opentest4j-1.2.0.jar:/home/runner/.m2/repository/org/junit/platform/junit-platform-commons/1.7.0/junit-platform-commons-1.7.0.jar:/home/runner/.m2/repository/org/junit/jupiter/junit-jupiter-engine/5.7.0/junit-jupiter-engine-5.7.0.jar:/home/runner/.m2/repository/org/junit/platform/junit-platform-engine/1.7.0/junit-platform-engine-1.7.0.jar:/home/runner/.m2/repository/org/junit/vintage/junit-vintage-engine/5.7.0/junit-vintage-engine-5.7.0.jar:/home/runner/.m2/repository/org/junit/platform/junit-platform-launcher/1.7.0/junit-platform-launcher-1.7.0.jar:/home/runner/.m2/repository/org/openjdk/jmh/jmh-core/1.19/jmh-core-1.19.jar:/home/runner/.m2/repository/net/sf/jopt-simple/jopt-simple/4.6/jopt-simple-4.6.jar:/home/runner/.m2/repository/org/apache/commons/commons-math3/3.1.1/commons-math3-3.1.1.jar:/home/runner/.m2/repository/org/openjdk/jmh/jmh-generator-annprocess/1.19/jmh-generator-annprocess-1.19.jar:/home/runner/.m2/repository/org/mockito/mockito-core/2.28.2/mockito-core-2.28.2.jar:/home/runner/.m2/repository/net/bytebuddy/byte-buddy/1.9.10/byte-buddy-1.9.10.jar:/home/runner/.m2/repository/net/bytebuddy/byte-buddy-agent/1.9.10/byte-buddy-agent-1.9.10.jar:/home/runner/.m2/repository/org/objenesis/objenesis/1.0/objenesis-1.0.jar:/home/runner/.m2/repository/org/apache/hadoop/hadoop-kms/3.3.1/hadoop-kms-3.3.1.jar:/home/runner/.m2/repository/org/apache/hadoop/hadoop-auth/3.3.1/hadoop-auth-3.3.1.jar:/home/runner/.m2/repository/com/nimbusds/nimbus-jose-jwt/7.9/nimbus-jose-jwt-7.9.jar:/home/runner/.m2/repository/com/github/stephenc/jcip/jcip-annotations/1.0-1/jcip-annotations-1.0-1.jar:/home/runner/.m2/repository/net/minidev/json-smart/2.3.1/json-smart-2.3.1.jar:/home/runner/.m2/repository/net/minidev/accessors-smart/2.3.1/accessors-smart-2.3.1.jar:/home/runner/.m2/repository/org/ow2/asm/asm/5.0.4/asm-5.0.4.jar:/home/runner/.m2/repository/org/apache/zookeeper/zookeeper/3.5.6/zookeeper-3.5.6.jar:/home/runner/.m2/repository/org/apache/zookeeper/zookeeper-jute/3.5.6/zookeeper-jute-3.5.6.jar:/home/runner/.m2/repository/org/apache/yetus/audience-annotations/0.5.0/audience-annotations-0.5.0.jar:/home/runner/.m2/repository/org/apache/curator/curator-framework/4.2.0/curator-framework-4.2.0.jar:/home/runner/.m2/repository/org/apache/hadoop/thirdparty/hadoop-shaded-guava/1.1.1/hadoop-shaded-guava-1.1.1.jar:/home/runner/.m2/repository/com/sun/jersey/jersey-core/1.19/jersey-core-1.19.jar:/home/runner/.m2/repository/javax/ws/rs/jsr311-api/1.1.1/jsr311-api-1.1.1.jar:/home/runner/.m2/repository/com/sun/jersey/jersey-server/1.19/jersey-server-1.19.jar:/home/runner/.m2/repository/javax/servlet/javax.servlet-api/3.1.0/javax.servlet-api-3.1.0.jar:/home/runner/.m2/repository/org/eclipse/jetty/jetty-server/9.4.43.v20210629/jetty-server-9.4.43.v20210629.jar:/home/runner/.m2/repository/org/eclipse/jetty/jetty-http/9.4.43.v20210629/jetty-http-9.4.43.v20210629.jar:/home/runner/.m2/repository/org/eclipse/jetty/jetty-io/9.4.43.v20210629/jetty-io-9.4.43.v20210629.jar:/home/runner/.m2/repository/org/eclipse/jetty/jetty-webapp/9.4.43.v20210629/jetty-webapp-9.4.43.v20210629.jar:/home/runner/.m2/repository/org/eclipse/jetty/jetty-xml/9.4.43.v20210629/jetty-xml-9.4.43.v20210629.jar:/home/runner/.m2/repository/org/apache/hadoop/hadoop-common/3.3.1/hadoop-common-3.3.1.jar:/home/runner/.m2/repository/commons-net/commons-net/3.6/commons-net-3.6.jar:/home/runner/.m2/repository/jakarta/activation/jakarta.activation-api/1.2.1/jakarta.activation-api-1.2.1.jar:/home/runner/.m2/repository/com/sun/jersey/jersey-servlet/1.19/jersey-servlet-1.19.jar:/home/runner/.m2/repository/com/sun/jersey/jersey-json/1.19/jersey-json-1.19.jar:/home/runner/.m2/repository/org/codehaus/jettison/jettison/1.1/jettison-1.1.jar:/home/runner/.m2/repository/com/sun/xml/bind/jaxb-impl/2.2.3-1/jaxb-impl-2.2.3-1.jar:/home/runner/.m2/repository/org/codehaus/jackson/jackson-jaxrs/1.9.2/jackson-jaxrs-1.9.2.jar:/home/runner/.m2/repository/org/codehaus/jackson/jackson-xc/1.9.2/jackson-xc-1.9.2.jar:/home/runner/.m2/repository/org/apache/commons/commons-configuration2/2.1.1/commons-configuration2-2.1.1.jar:/home/runner/.m2/repository/org/apache/commons/commons-text/1.4/commons-text-1.4.jar:/home/runner/.m2/repository/com/google/re2j/re2j/1.1/re2j-1.1.jar:/home/runner/.m2/repository/com/jcraft/jsch/0.1.54/jsch-0.1.54.jar:/home/runner/.m2/repository/org/apache/curator/curator-client/4.2.0/curator-client-4.2.0.jar:/home/runner/.m2/repository/org/apache/curator/curator-recipes/4.2.0/curator-recipes-4.2.0.jar:/home/runner/.m2/repository/org/apache/kerby/kerb-core/1.0.1/kerb-core-1.0.1.jar:/home/runner/.m2/repository/org/apache/kerby/kerby-pkix/1.0.1/kerby-pkix-1.0.1.jar:/home/runner/.m2/repository/org/apache/kerby/kerby-asn1/1.0.1/kerby-asn1-1.0.1.jar:/home/runner/.m2/repository/org/apache/kerby/kerby-util/1.0.1/kerby-util-1.0.1.jar:/home/runner/.m2/repository/dnsjava/dnsjava/2.1.7/dnsjava-2.1.7.jar:/home/runner/.m2/repository/org/xerial/snappy/snappy-java/1.1.8.2/snappy-java-1.1.8.2.jar:/home/runner/.m2/repository/org/slf4j/jul-to-slf4j/1.7.30/jul-to-slf4j-1.7.30.jar:/home/runner/.m2/repository/org/eclipse/jetty/jetty-util/9.4.43.v20210629/jetty-util-9.4.43.v20210629.jar:/home/runner/.m2/repository/com/fasterxml/jackson/core/jackson-databind/2.12.1/jackson-databind-2.12.1.jar:/home/runner/.m2/repository/org/apache/hadoop/hadoop-kms/3.3.1/hadoop-kms-3.3.1-tests.jar:/home/runner/.m2/repository/org/apache/ozone/hdds-server-scm/1.2.0-SNAPSHOT/hdds-server-scm-1.2.0-SNAPSHOT-tests.jar:/home/runner/.m2/repository/org/apache/ozone/hdds-container-service/1.2.0-SNAPSHOT/hdds-container-service-1.2.0-SNAPSHOT-tests.jar:/home/runner/.m2/repository/commons-codec/commons-codec/1.11/commons-codec-1.11.jar:/home/runner/.m2/repository/io/netty/netty-transport/4.1.63.Final/netty-transport-4.1.63.Final.jar:/home/runner/.m2/repository/io/netty/netty-resolver/4.1.63.Final/netty-resolver-4.1.63.Final.jar:/home/runner/.m2/repository/io/netty/netty-codec/4.1.63.Final/netty-codec-4.1.63.Final.jar:/home/runner/.m2/repository/io/netty/netty-handler/4.1.63.Final/netty-handler-4.1.63.Final.jar:/home/runner/.m2/repository/org/apache/ozone/hdds-hadoop-dependency-test/1.2.0-SNAPSHOT/hdds-hadoop-dependency-test-1.2.0-SNAPSHOT.jar:/home/runner/.m2/repository/org/apache/hadoop/hadoop-common/3.3.1/hadoop-common-3.3.1-tests.jar:/home/runner/.m2/repository/org/assertj/assertj-core/3.12.2/assertj-core-3.12.2.jar:/home/runner/.m2/repository/org/apache/hadoop/hadoop-hdfs/3.3.1/hadoop-hdfs-3.3.1-tests.jar:/home/runner/.m2/repository/org/eclipse/jetty/jetty-util-ajax/9.4.43.v20210629/jetty-util-ajax-9.4.43.v20210629.jar:/home/runner/.m2/repository/commons-daemon/commons-daemon/1.0.13/commons-daemon-1.0.13.jar:/home/runner/.m2/repository/io/netty/netty/3.10.6.Final/netty-3.10.6.Final.jar:/home/runner/.m2/repository/io/netty/netty-all/4.1.63.Final/netty-all-4.1.63.Final.jar:/home/runner/.m2/repository/org/apache/htrace/htrace-core4/4.1.0-incubating/htrace-core4-4.1.0-incubating.jar:/home/runner/.m2/repository/org/fusesource/leveldbjni/leveldbjni-all/1.8/leveldbjni-all-1.8.jar:/home/runner/.m2/repository/org/apache/hadoop/hadoop-distcp/3.3.1/hadoop-distcp-3.3.1.jar:/home/runner/.m2/repository/org/apache/hadoop/hadoop-mapreduce-client-jobclient/3.3.1/hadoop-mapreduce-client-jobclient-3.3.1.jar:/home/runner/.m2/repository/org/apache/hadoop/hadoop-mapreduce-client-common/3.3.1/hadoop-mapreduce-client-common-3.3.1.jar:/home/runner/.m2/repository/org/apache/hadoop/hadoop-yarn-common/3.3.1/hadoop-yarn-common-3.3.1.jar:/home/runner/.m2/repository/org/apache/hadoop/hadoop-yarn-api/3.3.1/hadoop-yarn-api-3.3.1.jar:/home/runner/.m2/repository/com/sun/jersey/jersey-client/1.19/jersey-client-1.19.jar:/home/runner/.m2/repository/com/sun/jersey/contribs/jersey-guice/1.19/jersey-guice-1.19.jar:/home/runner/.m2/repository/com/fasterxml/jackson/jaxrs/jackson-jaxrs-json-provider/2.12.1/jackson-jaxrs-json-provider-2.12.1.jar:/home/runner/.m2/repository/com/fasterxml/jackson/jaxrs/jackson-jaxrs-base/2.12.1/jackson-jaxrs-base-2.12.1.jar:/home/runner/.m2/repository/org/apache/hadoop/hadoop-yarn-client/3.3.1/hadoop-yarn-client-3.3.1.jar:/home/runner/.m2/repository/org/eclipse/jetty/websocket/websocket-client/9.4.40.v20210413/websocket-client-9.4.40.v20210413.jar:/home/runner/.m2/repository/org/eclipse/jetty/jetty-client/9.4.40.v20210413/jetty-client-9.4.40.v20210413.jar:/home/runner/.m2/repository/org/eclipse/jetty/websocket/websocket-common/9.4.40.v20210413/websocket-common-9.4.40.v20210413.jar:/home/runner/.m2/repository/org/eclipse/jetty/websocket/websocket-api/9.4.40.v20210413/websocket-api-9.4.40.v20210413.jar:/home/runner/.m2/repository/org/jline/jline/3.9.0/jline-3.9.0.jar:/home/runner/.m2/repository/org/apache/hadoop/hadoop-mapreduce-client-core/3.3.1/hadoop-mapreduce-client-core-3.3.1.jar:/home/runner/.m2/repository/org/apache/avro/avro/1.7.7/avro-1.7.7.jar:/home/runner/.m2/repository/org/codehaus/jackson/jackson-core-asl/1.9.13/jackson-core-asl-1.9.13.jar:/home/runner/.m2/repository/org/codehaus/jackson/jackson-mapper-asl/1.9.13/jackson-mapper-asl-1.9.13.jar:/home/runner/.m2/repository/com/thoughtworks/paranamer/paranamer/2.3/paranamer-2.3.jar:/home/runner/.m2/repository/org/apache/hadoop/hadoop-annotations/3.3.1/hadoop-annotations-3.3.1.jar:/usr/lib/jvm/adoptopenjdk-8-hotspot-amd64/jre/../lib/tools.jar:/home/runner/.m2/repository/org/apache/hadoop/hadoop-distcp/3.3.1/hadoop-distcp-3.3.1-tests.jar:/home/runner/.m2/repository/org/apache/ratis/ratis-common/2.1.0-03f3b68-SNAPSHOT/ratis-common-2.1.0-03f3b68-SNAPSHOT.jar:/home/runner/.m2/repository/org/apache/ratis/ratis-thirdparty-misc/0.7.0/ratis-thirdparty-misc-0.7.0.jar:/home/runner/.m2/repository/org/apache/ratis/ratis-proto/2.1.0-03f3b68-SNAPSHOT/ratis-proto-2.1.0-03f3b68-SNAPSHOT.jar:"/>
    <property name="sun.cpu.endian" value="little"/>
    <property name="user.home" value="/home/runner"/>
    <property name="user.language" value="en"/>
    <property name="java.specification.vendor" value="Oracle Corporation"/>
    <property name="java.home" value="/usr/lib/jvm/adoptopenjdk-8-hotspot-amd64/jre"/>
    <property name="java.security.krb5.conf" value="/home/runner/work/ozone/ozone/hadoop-ozone/integration-test/target/test-classes/krb5.conf"/>
    <property name="basedir" value="/home/runner/work/ozone/ozone/hadoop-ozone/integration-test"/>
    <property name="file.separator" value="/"/>
    <property name="line.separator" value="&#10;"/>
    <property name="java.vm.specification.vendor" value="Oracle Corporation"/>
    <property name="java.specification.name" value="Java Platform API Specification"/>
    <property name="java.awt.graphicsenv" value="sun.awt.X11GraphicsEnvironment"/>
    <property name="skip.installnpx" value="true"/>
    <property name="surefire.real.class.path" value="/home/runner/work/ozone/ozone/hadoop-ozone/integration-test/target/surefire/surefirebooter4600162508151032047.jar:/home/runner/.m2/repository/org/jacoco/org.jacoco.agent/0.8.5/org.jacoco.agent-0.8.5-runtime.jar"/>
    <property name="hadoop.log.dir" value="/home/runner/work/ozone/ozone/hadoop-ozone/integration-test/target/log"/>
    <property name="sun.boot.class.path" value="/usr/lib/jvm/adoptopenjdk-8-hotspot-amd64/jre/lib/resources.jar:/usr/lib/jvm/adoptopenjdk-8-hotspot-amd64/jre/lib/rt.jar:/usr/lib/jvm/adoptopenjdk-8-hotspot-amd64/jre/lib/sunrsasign.jar:/usr/lib/jvm/adoptopenjdk-8-hotspot-amd64/jre/lib/jsse.jar:/usr/lib/jvm/adoptopenjdk-8-hotspot-amd64/jre/lib/jce.jar:/usr/lib/jvm/adoptopenjdk-8-hotspot-amd64/jre/lib/charsets.jar:/usr/lib/jvm/adoptopenjdk-8-hotspot-amd64/jre/lib/jfr.jar:/usr/lib/jvm/adoptopenjdk-8-hotspot-amd64/jre/classes"/>
    <property name="sun.management.compiler" value="HotSpot 64-Bit Tiered Compilers"/>
    <property name="skip.npx" value="true"/>
    <property name="java.runtime.version" value="1.8.0_292-b10"/>
    <property name="java.net.preferIPv4Stack" value="true"/>
    <property name="user.name" value="runner"/>
    <property name="path.separator" value=":"/>
    <property name="java.security.egd" value="file:///dev/urandom"/>
    <property name="os.version" value="5.4.0-1059-azure"/>
    <property name="java.endorsed.dirs" value="/usr/lib/jvm/adoptopenjdk-8-hotspot-amd64/jre/lib/endorsed"/>
    <property name="java.runtime.name" value="OpenJDK Runtime Environment"/>
    <property name="file.encoding" value="UTF-8"/>
    <property name="java.vm.name" value="OpenJDK 64-Bit Server VM"/>
    <property name="test.build.webapps" value=""/>
    <property name="localRepository" value="/home/runner/.m2/repository"/>
    <property name="java.vendor.url.bug" value="https://github.com/AdoptOpenJDK/openjdk-support/issues"/>
    <property name="java.io.tmpdir" value="/tmp"/>
    <property name="require.test.libhadoop" value=""/>
    <property name="java.version" value="1.8.0_292"/>
    <property name="user.dir" value="/home/runner/work/ozone/ozone/hadoop-ozone/integration-test"/>
    <property name="os.arch" value="amd64"/>
    <property name="java.vm.specification.name" value="Java Virtual Machine Specification"/>
    <property name="test.build.classes" value="/home/runner/work/ozone/ozone/hadoop-ozone/integration-test/target/test-classes"/>
    <property name="java.awt.printerjob" value="sun.print.PSPrinterJob"/>
    <property name="sun.os.patch.level" value="unknown"/>
    <property name="hadoop.tmp.dir" value="/home/runner/work/ozone/ozone/hadoop-ozone/integration-test/target/tmp"/>
    <property name="java.library.path" value="/usr/java/packages/lib/amd64:/usr/lib64:/lib64:/lib:/usr/lib"/>
    <property name="java.vm.info" value="mixed mode"/>
    <property name="java.vendor" value="AdoptOpenJDK"/>
    <property name="java.vm.version" value="25.292-b10"/>
    <property name="java.ext.dirs" value="/usr/lib/jvm/adoptopenjdk-8-hotspot-amd64/jre/lib/ext:/usr/java/packages/lib/ext"/>
    <property name="sun.io.unicode.encoding" value="UnicodeLittle"/>
    <property name="java.class.version" value="52.0"/>
  </properties>
  <testcase name="testInstallSnapshot" classname="org.apache.hadoop.ozone.scm.TestSCMInstallSnapshotWithHA" time="67.831"/>
  <testcase name="testInstallOldCheckpointFailure" classname="org.apache.hadoop.ozone.scm.TestSCMInstallSnapshotWithHA" time="56.13">
    <failure message="expected:&lt;(t:2, i:128)&gt; but was:&lt;(t:2, i:28)&gt;" type="java.lang.AssertionError"><![CDATA[java.lang.AssertionError: expected:<(t:2, i:128)> but was:<(t:2, i:28)>
	at org.junit.Assert.fail(Assert.java:89)
	at org.junit.Assert.failNotEquals(Assert.java:835)
	at org.junit.Assert.assertEquals(Assert.java:120)
	at org.junit.Assert.assertEquals(Assert.java:146)
	at org.apache.hadoop.ozone.scm.TestSCMInstallSnapshotWithHA.testInstallOldCheckpointFailure(TestSCMInstallSnapshotWithHA.java:207)
	at sun.reflect.NativeMethodAccessorImpl.invoke0(Native Method)
	at sun.reflect.NativeMethodAccessorImpl.invoke(NativeMethodAccessorImpl.java:62)
	at sun.reflect.DelegatingMethodAccessorImpl.invoke(DelegatingMethodAccessorImpl.java:43)
	at java.lang.reflect.Method.invoke(Method.java:498)
	at org.junit.platform.commons.util.ReflectionUtils.invokeMethod(ReflectionUtils.java:688)
	at org.junit.jupiter.engine.execution.MethodInvocation.proceed(MethodInvocation.java:60)
	at org.junit.jupiter.engine.execution.InvocationInterceptorChain$ValidatingInvocation.proceed(InvocationInterceptorChain.java:131)
	at org.junit.jupiter.engine.extension.TimeoutInvocation.proceed(TimeoutInvocation.java:46)
	at org.junit.jupiter.engine.extension.TimeoutExtension.intercept(TimeoutExtension.java:149)
	at org.junit.jupiter.engine.extension.TimeoutExtension.interceptTestableMethod(TimeoutExtension.java:140)
	at org.junit.jupiter.engine.extension.TimeoutExtension.interceptTestMethod(TimeoutExtension.java:84)
	at org.junit.jupiter.engine.execution.ExecutableInvoker$ReflectiveInterceptorCall.lambda$ofVoidMethod$0(ExecutableInvoker.java:115)
	at org.junit.jupiter.engine.execution.ExecutableInvoker.lambda$invoke$0(ExecutableInvoker.java:105)
	at org.junit.jupiter.engine.execution.InvocationInterceptorChain$InterceptedInvocation.proceed(InvocationInterceptorChain.java:106)
	at org.junit.jupiter.engine.execution.InvocationInterceptorChain.proceed(InvocationInterceptorChain.java:64)
	at org.junit.jupiter.engine.execution.InvocationInterceptorChain.chainAndInvoke(InvocationInterceptorChain.java:45)
	at org.junit.jupiter.engine.execution.InvocationInterceptorChain.invoke(InvocationInterceptorChain.java:37)
	at org.junit.jupiter.engine.execution.ExecutableInvoker.invoke(ExecutableInvoker.java:104)
	at org.junit.jupiter.engine.execution.ExecutableInvoker.invoke(ExecutableInvoker.java:98)
	at org.junit.jupiter.engine.descriptor.TestMethodTestDescriptor.lambda$invokeTestMethod$6(TestMethodTestDescriptor.java:210)
	at org.junit.platform.engine.support.hierarchical.ThrowableCollector.execute(ThrowableCollector.java:73)
	at org.junit.jupiter.engine.descriptor.TestMethodTestDescriptor.invokeTestMethod(TestMethodTestDescriptor.java:206)
	at org.junit.jupiter.engine.descriptor.TestMethodTestDescriptor.execute(TestMethodTestDescriptor.java:131)
	at org.junit.jupiter.engine.descriptor.TestMethodTestDescriptor.execute(TestMethodTestDescriptor.java:65)
	at org.junit.platform.engine.support.hierarchical.NodeTestTask.lambda$executeRecursively$5(NodeTestTask.java:139)
	at org.junit.platform.engine.support.hierarchical.ThrowableCollector.execute(ThrowableCollector.java:73)
	at org.junit.platform.engine.support.hierarchical.NodeTestTask.lambda$executeRecursively$7(NodeTestTask.java:129)
	at org.junit.platform.engine.support.hierarchical.Node.around(Node.java:137)
	at org.junit.platform.engine.support.hierarchical.NodeTestTask.lambda$executeRecursively$8(NodeTestTask.java:127)
	at org.junit.platform.engine.support.hierarchical.ThrowableCollector.execute(ThrowableCollector.java:73)
	at org.junit.platform.engine.support.hierarchical.NodeTestTask.executeRecursively(NodeTestTask.java:126)
	at org.junit.platform.engine.support.hierarchical.NodeTestTask.execute(NodeTestTask.java:84)
	at java.util.ArrayList.forEach(ArrayList.java:1259)
	at org.junit.platform.engine.support.hierarchical.SameThreadHierarchicalTestExecutorService.invokeAll(SameThreadHierarchicalTestExecutorService.java:38)
	at org.junit.platform.engine.support.hierarchical.NodeTestTask.lambda$executeRecursively$5(NodeTestTask.java:143)
	at org.junit.platform.engine.support.hierarchical.ThrowableCollector.execute(ThrowableCollector.java:73)
	at org.junit.platform.engine.support.hierarchical.NodeTestTask.lambda$executeRecursively$7(NodeTestTask.java:129)
	at org.junit.platform.engine.support.hierarchical.Node.around(Node.java:137)
	at org.junit.platform.engine.support.hierarchical.NodeTestTask.lambda$executeRecursively$8(NodeTestTask.java:127)
	at org.junit.platform.engine.support.hierarchical.ThrowableCollector.execute(ThrowableCollector.java:73)
	at org.junit.platform.engine.support.hierarchical.NodeTestTask.executeRecursively(NodeTestTask.java:126)
	at org.junit.platform.engine.support.hierarchical.NodeTestTask.execute(NodeTestTask.java:84)
	at java.util.ArrayList.forEach(ArrayList.java:1259)
	at org.junit.platform.engine.support.hierarchical.SameThreadHierarchicalTestExecutorService.invokeAll(SameThreadHierarchicalTestExecutorService.java:38)
	at org.junit.platform.engine.support.hierarchical.NodeTestTask.lambda$executeRecursively$5(NodeTestTask.java:143)
	at org.junit.platform.engine.support.hierarchical.ThrowableCollector.execute(ThrowableCollector.java:73)
	at org.junit.platform.engine.support.hierarchical.NodeTestTask.lambda$executeRecursively$7(NodeTestTask.java:129)
	at org.junit.platform.engine.support.hierarchical.Node.around(Node.java:137)
	at org.junit.platform.engine.support.hierarchical.NodeTestTask.lambda$executeRecursively$8(NodeTestTask.java:127)
	at org.junit.platform.engine.support.hierarchical.ThrowableCollector.execute(ThrowableCollector.java:73)
	at org.junit.platform.engine.support.hierarchical.NodeTestTask.executeRecursively(NodeTestTask.java:126)
	at org.junit.platform.engine.support.hierarchical.NodeTestTask.execute(NodeTestTask.java:84)
	at org.junit.platform.engine.support.hierarchical.SameThreadHierarchicalTestExecutorService.submit(SameThreadHierarchicalTestExecutorService.java:32)
	at org.junit.platform.engine.support.hierarchical.HierarchicalTestExecutor.execute(HierarchicalTestExecutor.java:57)
	at org.junit.platform.engine.support.hierarchical.HierarchicalTestEngine.execute(HierarchicalTestEngine.java:51)
	at org.junit.platform.launcher.core.EngineExecutionOrchestrator.execute(EngineExecutionOrchestrator.java:108)
	at org.junit.platform.launcher.core.EngineExecutionOrchestrator.execute(EngineExecutionOrchestrator.java:88)
	at org.junit.platform.launcher.core.EngineExecutionOrchestrator.lambda$execute$0(EngineExecutionOrchestrator.java:54)
	at org.junit.platform.launcher.core.EngineExecutionOrchestrator.withInterceptedStreams(EngineExecutionOrchestrator.java:67)
	at org.junit.platform.launcher.core.EngineExecutionOrchestrator.execute(EngineExecutionOrchestrator.java:52)
	at org.junit.platform.launcher.core.DefaultLauncher.execute(DefaultLauncher.java:96)
	at org.junit.platform.launcher.core.DefaultLauncher.execute(DefaultLauncher.java:75)
	at org.apache.maven.surefire.junitplatform.JUnitPlatformProvider.invokeAllTests(JUnitPlatformProvider.java:142)
	at org.apache.maven.surefire.junitplatform.JUnitPlatformProvider.invoke(JUnitPlatformProvider.java:113)
	at org.apache.maven.surefire.booter.ForkedBooter.invokeProviderInSameClassLoader(ForkedBooter.java:384)
	at org.apache.maven.surefire.booter.ForkedBooter.runSuitesInProcess(ForkedBooter.java:345)
	at org.apache.maven.surefire.booter.ForkedBooter.execute(ForkedBooter.java:126)
	at org.apache.maven.surefire.booter.ForkedBooter.main(ForkedBooter.java:418)
]]></failure>
    <system-out><![CDATA[2021-10-16 02:30:03,697 [Listener at 127.0.0.1/12056] WARN  server.ServerUtils (ServerUtils.java:getScmDbDir(148)) - ozone.scm.db.dirs is not configured. We recommend adding this setting. Falling back to ozone.metadata.dirs instead.
2021-10-16 02:30:03,699 [Listener at 127.0.0.1/12056] INFO  ha.SCMHANodeDetails (SCMHANodeDetails.java:loadSCMHAConfig(157)) - ServiceID for StorageContainerManager is scm-service-test1
2021-10-16 02:30:03,699 [Listener at 127.0.0.1/12056] INFO  ha.SCMHANodeDetails (SCMHANodeDetails.java:loadSCMHAConfig(168)) - ServiceID for StorageContainerManager is scm-service-test1
2021-10-16 02:30:03,700 [Listener at 127.0.0.1/12056] WARN  scm.ScmUtils (ScmUtils.java:logWarn(179)) - ConfigKey ozone.scm.block.client.address is deprecated, For configuring different ports for each SCM use PortConfigKey ozone.scm.block.client.port appended with serviceId and nodeId. If want to configure same port configure ozone.scm.block.client.port
2021-10-16 02:30:03,700 [Listener at 127.0.0.1/12056] WARN  scm.ScmUtils (ScmUtils.java:logWarn(179)) - ConfigKey ozone.scm.client.address is deprecated, For configuring different ports for each SCM use PortConfigKey ozone.scm.client.port appended with serviceId and nodeId. If want to configure same port configure ozone.scm.client.port
2021-10-16 02:30:03,700 [Listener at 127.0.0.1/12056] WARN  scm.ScmUtils (ScmUtils.java:logWarn(179)) - ConfigKey ozone.scm.datanode.address is deprecated, For configuring different ports for each SCM use PortConfigKey ozone.scm.datanode.port appended with serviceId and nodeId. If want to configure same port configure ozone.scm.datanode.port
2021-10-16 02:30:03,701 [Listener at 127.0.0.1/12056] WARN  scm.ScmUtils (ScmUtils.java:logWarn(179)) - ConfigKey ozone.scm.block.client.address is deprecated, For configuring different ports for each SCM use PortConfigKey ozone.scm.block.client.port appended with serviceId and nodeId. If want to configure same port configure ozone.scm.block.client.port
2021-10-16 02:30:03,701 [Listener at 127.0.0.1/12056] WARN  scm.ScmUtils (ScmUtils.java:logWarn(179)) - ConfigKey ozone.scm.client.address is deprecated, For configuring different ports for each SCM use PortConfigKey ozone.scm.client.port appended with serviceId and nodeId. If want to configure same port configure ozone.scm.client.port
2021-10-16 02:30:03,702 [Listener at 127.0.0.1/12056] WARN  scm.ScmUtils (ScmUtils.java:logWarn(179)) - ConfigKey ozone.scm.datanode.address is deprecated, For configuring different ports for each SCM use PortConfigKey ozone.scm.datanode.port appended with serviceId and nodeId. If want to configure same port configure ozone.scm.datanode.port
2021-10-16 02:30:03,703 [Listener at 127.0.0.1/12056] INFO  ha.SCMHANodeDetails (SCMHANodeDetails.java:loadSCMHAConfig(250)) - Found matching SCM address with SCMServiceId: scm-service-test1, SCMNodeId: scmNode-1, RPC Address: localhost:13944 and Ratis port: 13944
2021-10-16 02:30:03,703 [Listener at 127.0.0.1/12056] INFO  ha.SCMHANodeDetails (ConfUtils.java:setNodeSpecificConfigs(108)) - Setting configuration key ozone.scm.datanode.address with value of key ozone.scm.datanode.address.scm-service-test1.scmNode-1: 127.0.0.1:13945
2021-10-16 02:30:03,704 [Listener at 127.0.0.1/12056] INFO  ha.SCMHANodeDetails (ConfUtils.java:setNodeSpecificConfigs(108)) - Setting configuration key ozone.scm.block.client.address with value of key ozone.scm.block.client.address.scm-service-test1.scmNode-1: 127.0.0.1:13946
2021-10-16 02:30:03,704 [Listener at 127.0.0.1/12056] INFO  ha.SCMHANodeDetails (ConfUtils.java:setNodeSpecificConfigs(108)) - Setting configuration key ozone.scm.client.address with value of key ozone.scm.client.address.scm-service-test1.scmNode-1: 127.0.0.1:13947
2021-10-16 02:30:03,704 [Listener at 127.0.0.1/12056] INFO  ha.SCMHANodeDetails (ConfUtils.java:setNodeSpecificConfigs(108)) - Setting configuration key ozone.scm.ratis.port with value of key ozone.scm.ratis.port.scm-service-test1.scmNode-1: 13944
2021-10-16 02:30:03,704 [Listener at 127.0.0.1/12056] INFO  ha.SCMHANodeDetails (ConfUtils.java:setNodeSpecificConfigs(108)) - Setting configuration key ozone.scm.grpc.port with value of key ozone.scm.grpc.port.scm-service-test1.scmNode-1: 13948
2021-10-16 02:30:03,705 [Listener at 127.0.0.1/12056] INFO  ha.SCMHANodeDetails (ConfUtils.java:setNodeSpecificConfigs(108)) - Setting configuration key ozone.scm.http-address with value of key ozone.scm.http-address.scm-service-test1.scmNode-1: 127.0.0.1:13942
2021-10-16 02:30:03,705 [Listener at 127.0.0.1/12056] INFO  ha.SCMHANodeDetails (ConfUtils.java:setNodeSpecificConfigs(108)) - Setting configuration key ozone.scm.https-address with value of key ozone.scm.https-address.scm-service-test1.scmNode-1: 127.0.0.1:13943
2021-10-16 02:30:03,705 [Listener at 127.0.0.1/12056] INFO  ha.SCMHANodeDetails (ConfUtils.java:setNodeSpecificConfigs(108)) - Setting configuration key ozone.scm.address with value of key ozone.scm.address.scm-service-test1.scmNode-1: 127.0.0.1
2021-10-16 02:30:03,705 [Listener at 127.0.0.1/12056] WARN  scm.ScmUtils (ScmUtils.java:logWarn(179)) - ConfigKey ozone.scm.block.client.address is deprecated, For configuring different ports for each SCM use PortConfigKey ozone.scm.block.client.port appended with serviceId and nodeId. If want to configure same port configure ozone.scm.block.client.port
2021-10-16 02:30:03,705 [Listener at 127.0.0.1/12056] WARN  scm.ScmUtils (ScmUtils.java:logWarn(179)) - ConfigKey ozone.scm.client.address is deprecated, For configuring different ports for each SCM use PortConfigKey ozone.scm.client.port appended with serviceId and nodeId. If want to configure same port configure ozone.scm.client.port
2021-10-16 02:30:03,706 [Listener at 127.0.0.1/12056] WARN  scm.ScmUtils (ScmUtils.java:logWarn(179)) - ConfigKey ozone.scm.datanode.address is deprecated, For configuring different ports for each SCM use PortConfigKey ozone.scm.datanode.port appended with serviceId and nodeId. If want to configure same port configure ozone.scm.datanode.port
2021-10-16 02:30:03,712 [Listener at 127.0.0.1/12056] INFO  server.RaftServer (ConfUtils.java:logGet(44)) - raft.rpc.type = GRPC (default)
2021-10-16 02:30:03,712 [Listener at 127.0.0.1/12056] INFO  grpc.GrpcFactory (GrpcFactory.java:checkPooledByteBufAllocatorUseCacheForAllThreads(48)) - PERFORMANCE WARNING: useCacheForAllThreads is true that may cause Netty to create a lot garbage objects and, as a result, trigger GC.
	It is recommended to disable useCacheForAllThreads by setting -Dorg.apache.ratis.thirdparty.io.netty.allocator.useCacheForAllThreads=false in command line.
2021-10-16 02:30:03,713 [Listener at 127.0.0.1/12056] INFO  grpc.GrpcConfigKeys (ConfUtils.java:logGet(44)) - raft.grpc.admin.port = -1 (default)
2021-10-16 02:30:03,713 [Listener at 127.0.0.1/12056] INFO  grpc.GrpcConfigKeys (ConfUtils.java:logGet(44)) - raft.grpc.server.port = 13944 (custom)
2021-10-16 02:30:03,713 [Listener at 127.0.0.1/12056] INFO  grpc.GrpcConfigKeys (ConfUtils.java:logGet(44)) - raft.grpc.client.port = -1 (default)
2021-10-16 02:30:03,713 [Listener at 127.0.0.1/12056] INFO  grpc.GrpcConfigKeys (ConfUtils.java:logGet(44)) - raft.grpc.server.port = 13944 (custom)
2021-10-16 02:30:03,714 [Listener at 127.0.0.1/12056] INFO  grpc.GrpcConfigKeys (ConfUtils.java:logGet(44)) - raft.grpc.server.port = 13944 (custom)
2021-10-16 02:30:03,714 [Listener at 127.0.0.1/12056] INFO  server.GrpcService (ConfUtils.java:logGet(44)) - raft.grpc.message.size.max = 32m (=33554432) (custom)
2021-10-16 02:30:03,714 [Listener at 127.0.0.1/12056] INFO  server.RaftServerConfigKeys (ConfUtils.java:logGet(44)) - raft.server.log.appender.buffer.byte-limit = 33554432 (custom)
2021-10-16 02:30:03,714 [Listener at 127.0.0.1/12056] INFO  server.GrpcService (ConfUtils.java:logGet(44)) - raft.grpc.flow.control.window = 1MB (=1048576) (default)
2021-10-16 02:30:03,714 [Listener at 127.0.0.1/12056] INFO  server.RaftServerConfigKeys (ConfUtils.java:logGet(44)) - raft.server.rpc.request.timeout = 30000ms (custom)
2021-10-16 02:30:03,717 [Listener at 127.0.0.1/12056] INFO  impl.DataStreamServerImpl (ConfUtils.java:logGet(44)) - raft.datastream.type = DISABLED (default)
2021-10-16 02:30:03,718 [Listener at 127.0.0.1/12056] INFO  server.RaftServerConfigKeys (ConfUtils.java:logGet(44)) - raft.server.rpc.slowness.timeout = 120000ms (custom)
2021-10-16 02:30:03,718 [Listener at 127.0.0.1/12056] INFO  server.RaftServerConfigKeys (ConfUtils.java:logGet(44)) - raft.server.leaderelection.leader.step-down.wait-time = 10s (default)
2021-10-16 02:30:03,718 [Listener at 127.0.0.1/12056] INFO  server.RaftServerConfigKeys (ConfUtils.java:logGet(44)) - raft.server.storage.dir = [/home/runner/work/ozone/ozone/hadoop-ozone/integration-test/target/test-dir/MiniOzoneClusterImpl-4eb377f1-b672-4075-9178-fccd761457f8/scmNode-1/scm-ha] (custom)
2021-10-16 02:30:03,719 [Listener at 127.0.0.1/12056] INFO  server.RaftServer (RaftServerProxy.java:addNew(95)) - 3deaabcd-f5f1-47ac-8cd4-644b2fe93232: addNew group-FCCD761457F8:[3deaabcd-f5f1-47ac-8cd4-644b2fe93232|rpc:localhost:13944|priority:0] returns group-FCCD761457F8:java.util.concurrent.CompletableFuture@12728ce9[Not completed]
2021-10-16 02:30:03,719 [pool-175-thread-1] INFO  server.RaftServer$Division (RaftServerImpl.java:<init>(181)) - 3deaabcd-f5f1-47ac-8cd4-644b2fe93232: new RaftServerImpl for group-FCCD761457F8:[3deaabcd-f5f1-47ac-8cd4-644b2fe93232|rpc:localhost:13944|priority:0] with SCMStateMachine:uninitialized
2021-10-16 02:30:03,720 [pool-175-thread-1] INFO  server.RaftServerConfigKeys (ConfUtils.java:logGet(44)) - raft.server.rpc.timeout.min = 5000ms (custom)
2021-10-16 02:30:03,720 [pool-175-thread-1] INFO  server.RaftServerConfigKeys (ConfUtils.java:logGet(44)) - raft.server.rpc.timeout.max = 5200ms (custom)
2021-10-16 02:30:03,721 [pool-175-thread-1] INFO  server.RaftServerConfigKeys (ConfUtils.java:logGet(44)) - raft.server.rpc.sleep.time = 25ms (default)
2021-10-16 02:30:03,721 [pool-175-thread-1] INFO  server.RaftServerConfigKeys (ConfUtils.java:logGet(44)) - raft.server.rpc.slowness.timeout = 120000ms (custom)
2021-10-16 02:30:03,732 [pool-175-thread-1] INFO  server.RaftServerConfigKeys (ConfUtils.java:logGet(44)) - raft.server.leaderelection.leader.step-down.wait-time = 10s (default)
2021-10-16 02:30:03,732 [pool-175-thread-1] INFO  server.RaftServerConfigKeys (ConfUtils.java:logGet(44)) - raft.server.sleep.deviation.threshold = 300ms (default)
2021-10-16 02:30:03,733 [pool-175-thread-1] INFO  server.RaftServerConfigKeys (ConfUtils.java:logGet(44)) - raft.server.log.appender.install.snapshot.enabled = false (custom)
2021-10-16 02:30:03,733 [pool-175-thread-1] INFO  server.RaftServer$Division (ServerState.java:<init>(105)) - 3deaabcd-f5f1-47ac-8cd4-644b2fe93232@group-FCCD761457F8: ConfigurationManager, init=-1: [3deaabcd-f5f1-47ac-8cd4-644b2fe93232|rpc:localhost:13944|priority:0], old=null, confs=<EMPTY_MAP>
2021-10-16 02:30:03,733 [pool-175-thread-1] INFO  server.RaftServerConfigKeys (ConfUtils.java:logGet(44)) - raft.server.storage.dir = [/home/runner/work/ozone/ozone/hadoop-ozone/integration-test/target/test-dir/MiniOzoneClusterImpl-4eb377f1-b672-4075-9178-fccd761457f8/scmNode-1/scm-ha] (custom)
2021-10-16 02:30:03,733 [pool-175-thread-1] INFO  server.RaftServerConfigKeys (ConfUtils.java:logGet(44)) - raft.server.log.corruption.policy = EXCEPTION (default)
2021-10-16 02:30:03,733 [pool-175-thread-1] INFO  server.RaftServerConfigKeys (ConfUtils.java:logGet(44)) - raft.server.storage.free-space.min = 0MB (=0) (default)
2021-10-16 02:30:03,733 [pool-175-thread-1] INFO  storage.RaftStorageDirectory (RaftStorageDirectoryImpl.java:analyzeStorage(135)) - The storage directory /home/runner/work/ozone/ozone/hadoop-ozone/integration-test/target/test-dir/MiniOzoneClusterImpl-4eb377f1-b672-4075-9178-fccd761457f8/scmNode-1/scm-ha/4eb377f1-b672-4075-9178-fccd761457f8 does not exist. Creating ...
2021-10-16 02:30:03,736 [pool-175-thread-1] INFO  storage.RaftStorageDirectory (RaftStorageDirectoryImpl.java:tryLock(230)) - Lock on /home/runner/work/ozone/ozone/hadoop-ozone/integration-test/target/test-dir/MiniOzoneClusterImpl-4eb377f1-b672-4075-9178-fccd761457f8/scmNode-1/scm-ha/4eb377f1-b672-4075-9178-fccd761457f8/in_use.lock acquired by nodename 30307@fv-az59-128
2021-10-16 02:30:03,738 [pool-175-thread-1] INFO  storage.RaftStorage (RaftStorageImpl.java:format(89)) - Storage directory /home/runner/work/ozone/ozone/hadoop-ozone/integration-test/target/test-dir/MiniOzoneClusterImpl-4eb377f1-b672-4075-9178-fccd761457f8/scmNode-1/scm-ha/4eb377f1-b672-4075-9178-fccd761457f8 has been successfully formatted.
2021-10-16 02:30:03,739 [pool-175-thread-1] INFO  server.RaftServerConfigKeys (ConfUtils.java:logGet(44)) - raft.server.notification.no-leader.timeout = 60s (default)
2021-10-16 02:30:03,739 [pool-175-thread-1] INFO  server.RaftServerConfigKeys (ConfUtils.java:logGet(44)) - raft.server.log.use.memory = false (default)
2021-10-16 02:30:03,739 [pool-175-thread-1] INFO  server.RaftServerConfigKeys (ConfUtils.java:logGet(44)) - raft.server.log.purge.gap = 5 (custom)
2021-10-16 02:30:03,739 [pool-175-thread-1] INFO  server.RaftServerConfigKeys (ConfUtils.java:logGet(44)) - raft.server.log.appender.buffer.byte-limit = 33554432 (custom)
2021-10-16 02:30:03,740 [pool-175-thread-1] INFO  server.RaftServerConfigKeys (ConfUtils.java:logGet(44)) - raft.server.log.segment.size.max = 16384 (custom)
2021-10-16 02:30:03,744 [pool-175-thread-1] INFO  server.RaftServerConfigKeys (ConfUtils.java:logGet(44)) - raft.server.log.segment.cache.num.max = 2 (custom)
2021-10-16 02:30:03,744 [pool-175-thread-1] INFO  server.RaftServerConfigKeys (ConfUtils.java:logGet(44)) - raft.server.log.segment.cache.size.max = 200MB (=209715200) (default)
2021-10-16 02:30:03,745 [pool-175-thread-1] INFO  segmented.SegmentedRaftLogWorker (SegmentedRaftLogWorker.java:<init>(182)) - new 3deaabcd-f5f1-47ac-8cd4-644b2fe93232@group-FCCD761457F8-SegmentedRaftLogWorker for RaftStorageImpl:Storage Directory /home/runner/work/ozone/ozone/hadoop-ozone/integration-test/target/test-dir/MiniOzoneClusterImpl-4eb377f1-b672-4075-9178-fccd761457f8/scmNode-1/scm-ha/4eb377f1-b672-4075-9178-fccd761457f8
2021-10-16 02:30:03,745 [pool-175-thread-1] INFO  server.RaftServerConfigKeys (ConfUtils.java:logGet(44)) - raft.server.log.queue.byte-limit = 64MB (=67108864) (default)
2021-10-16 02:30:03,745 [pool-175-thread-1] INFO  server.RaftServerConfigKeys (ConfUtils.java:logGet(44)) - raft.server.log.queue.element-limit = 4096 (default)
2021-10-16 02:30:03,745 [pool-175-thread-1] INFO  server.RaftServerConfigKeys (ConfUtils.java:logGet(44)) - raft.server.log.segment.size.max = 16384 (custom)
2021-10-16 02:30:03,745 [pool-175-thread-1] INFO  server.RaftServerConfigKeys (ConfUtils.java:logGet(44)) - raft.server.log.preallocated.size = 16384 (custom)
2021-10-16 02:30:03,745 [pool-175-thread-1] INFO  server.RaftServerConfigKeys (ConfUtils.java:logGet(44)) - raft.server.log.force.sync.num = 128 (default)
2021-10-16 02:30:03,745 [pool-175-thread-1] INFO  server.RaftServerConfigKeys (ConfUtils.java:logGet(44)) - raft.server.log.statemachine.data.sync = true (default)
2021-10-16 02:30:03,745 [pool-175-thread-1] INFO  server.RaftServerConfigKeys (ConfUtils.java:logGet(44)) - raft.server.log.statemachine.data.sync.timeout = 10s (default)
2021-10-16 02:30:03,745 [pool-175-thread-1] INFO  server.RaftServerConfigKeys (ConfUtils.java:logGet(44)) - raft.server.log.statemachine.data.sync.timeout.retry = -1 (default)
2021-10-16 02:30:03,746 [pool-175-thread-1] INFO  server.RaftServerConfigKeys (ConfUtils.java:logGet(44)) - raft.server.log.write.buffer.size = 64KB (=65536) (default)
2021-10-16 02:30:03,746 [pool-175-thread-1] INFO  server.RaftServerConfigKeys (ConfUtils.java:logGet(44)) - raft.server.log.statemachine.data.caching.enabled = false (default)
2021-10-16 02:30:03,747 [pool-175-thread-1] INFO  segmented.SegmentedRaftLogWorker (SegmentedRaftLogWorker.java:lambda$new$0(133)) - 3deaabcd-f5f1-47ac-8cd4-644b2fe93232@group-FCCD761457F8-SegmentedRaftLogWorker: flushIndex: setUnconditionally 0 -> -1
2021-10-16 02:30:03,747 [pool-175-thread-1] INFO  segmented.SegmentedRaftLogWorker (SegmentedRaftLogWorker.java:lambda$new$0(133)) - 3deaabcd-f5f1-47ac-8cd4-644b2fe93232@group-FCCD761457F8-SegmentedRaftLogWorker: safeCacheEvictIndex: setUnconditionally 0 -> -1
2021-10-16 02:30:03,751 [pool-175-thread-1] INFO  server.RaftServerConfigKeys (ConfUtils.java:logGet(44)) - raft.server.snapshot.auto.trigger.enabled = true (custom)
2021-10-16 02:30:03,751 [pool-175-thread-1] INFO  server.RaftServerConfigKeys (ConfUtils.java:logGet(44)) - raft.server.snapshot.auto.trigger.threshold = 5 (custom)
2021-10-16 02:30:03,751 [pool-175-thread-1] INFO  server.RaftServerConfigKeys (ConfUtils.java:logGet(44)) - raft.server.snapshot.retention.file.num = -1 (default)
2021-10-16 02:30:03,751 [pool-175-thread-1] INFO  server.RaftServerConfigKeys (ConfUtils.java:logGet(44)) - raft.server.log.purge.upto.snapshot.index = true (custom)
2021-10-16 02:30:03,752 [pool-175-thread-1] INFO  server.RaftServerConfigKeys (ConfUtils.java:logGet(44)) - raft.server.retrycache.expirytime = 60000ms (default)
2021-10-16 02:30:03,752 [pool-175-thread-1] INFO  server.RaftServerConfigKeys (ConfUtils.java:logGet(44)) - raft.server.retrycache.statistics.expirytime = 100μs (default)
2021-10-16 02:30:03,753 [Listener at 127.0.0.1/12056] INFO  server.RaftServer$Division (RaftServerImpl.java:start(296)) - 3deaabcd-f5f1-47ac-8cd4-644b2fe93232@group-FCCD761457F8: start as a follower, conf=-1: [3deaabcd-f5f1-47ac-8cd4-644b2fe93232|rpc:localhost:13944|priority:0], old=null
2021-10-16 02:30:03,754 [Listener at 127.0.0.1/12056] INFO  server.RaftServer$Division (RaftServerImpl.java:setRole(285)) - 3deaabcd-f5f1-47ac-8cd4-644b2fe93232@group-FCCD761457F8: changes role from      null to FOLLOWER at term 0 for startAsFollower
2021-10-16 02:30:03,754 [Listener at 127.0.0.1/12056] INFO  impl.RoleInfo (RoleInfo.java:updateAndGet(130)) - 3deaabcd-f5f1-47ac-8cd4-644b2fe93232: start 3deaabcd-f5f1-47ac-8cd4-644b2fe93232@group-FCCD761457F8-FollowerState
2021-10-16 02:30:03,757 [Listener at 127.0.0.1/12056] INFO  util.JmxRegister (JmxRegister.java:tryRegister(44)) - Successfully registered JMX Bean with object name Ratis:service=RaftServer,group=group-FCCD761457F8,id=3deaabcd-f5f1-47ac-8cd4-644b2fe93232
2021-10-16 02:30:03,758 [Listener at 127.0.0.1/12056] INFO  server.RaftServer (RaftServerProxy.java:lambda$start$5(374)) - 3deaabcd-f5f1-47ac-8cd4-644b2fe93232: start RPC server
2021-10-16 02:30:03,760 [Listener at 127.0.0.1/12056] INFO  server.GrpcService (GrpcService.java:startImpl(253)) - 3deaabcd-f5f1-47ac-8cd4-644b2fe93232: GrpcService started, listening on 13944
2021-10-16 02:30:03,761 [org.apache.ratis.util.JvmPauseMonitor$$Lambda$499/17331878@aee08df] INFO  util.JvmPauseMonitor (JvmPauseMonitor.java:run(103)) - JvmPauseMonitor-3deaabcd-f5f1-47ac-8cd4-644b2fe93232: Started
2021-10-16 02:30:04,581 [EndpointStateMachine task thread for /127.0.0.1:12777 - 0 ] INFO  ipc.Client (Client.java:handleConnectionFailure(977)) - Retrying connect to server: localhost/127.0.0.1:12777. Already tried 2 time(s); retry policy is RetryUpToMaximumCountWithFixedSleep(maxRetries=15, sleepTime=1000 MILLISECONDS)
2021-10-16 02:30:04,591 [EndpointStateMachine task thread for /127.0.0.1:12757 - 0 ] INFO  ipc.Client (Client.java:handleConnectionFailure(977)) - Retrying connect to server: localhost/127.0.0.1:12757. Already tried 2 time(s); retry policy is RetryUpToMaximumCountWithFixedSleep(maxRetries=15, sleepTime=1000 MILLISECONDS)
2021-10-16 02:30:04,592 [EndpointStateMachine task thread for /127.0.0.1:12767 - 0 ] INFO  ipc.Client (Client.java:handleConnectionFailure(977)) - Retrying connect to server: localhost/127.0.0.1:12767. Already tried 2 time(s); retry policy is RetryUpToMaximumCountWithFixedSleep(maxRetries=15, sleepTime=1000 MILLISECONDS)
2021-10-16 02:30:05,585 [EndpointStateMachine task thread for /127.0.0.1:12777 - 0 ] INFO  ipc.Client (Client.java:handleConnectionFailure(977)) - Retrying connect to server: localhost/127.0.0.1:12777. Already tried 3 time(s); retry policy is RetryUpToMaximumCountWithFixedSleep(maxRetries=15, sleepTime=1000 MILLISECONDS)
2021-10-16 02:30:05,592 [EndpointStateMachine task thread for /127.0.0.1:12757 - 0 ] INFO  ipc.Client (Client.java:handleConnectionFailure(977)) - Retrying connect to server: localhost/127.0.0.1:12757. Already tried 3 time(s); retry policy is RetryUpToMaximumCountWithFixedSleep(maxRetries=15, sleepTime=1000 MILLISECONDS)
2021-10-16 02:30:05,592 [EndpointStateMachine task thread for /127.0.0.1:12767 - 0 ] INFO  ipc.Client (Client.java:handleConnectionFailure(977)) - Retrying connect to server: localhost/127.0.0.1:12767. Already tried 3 time(s); retry policy is RetryUpToMaximumCountWithFixedSleep(maxRetries=15, sleepTime=1000 MILLISECONDS)
2021-10-16 02:30:06,585 [EndpointStateMachine task thread for /127.0.0.1:12777 - 0 ] INFO  ipc.Client (Client.java:handleConnectionFailure(977)) - Retrying connect to server: localhost/127.0.0.1:12777. Already tried 4 time(s); retry policy is RetryUpToMaximumCountWithFixedSleep(maxRetries=15, sleepTime=1000 MILLISECONDS)
2021-10-16 02:30:06,592 [EndpointStateMachine task thread for /127.0.0.1:12757 - 0 ] INFO  ipc.Client (Client.java:handleConnectionFailure(977)) - Retrying connect to server: localhost/127.0.0.1:12757. Already tried 4 time(s); retry policy is RetryUpToMaximumCountWithFixedSleep(maxRetries=15, sleepTime=1000 MILLISECONDS)
2021-10-16 02:30:06,593 [EndpointStateMachine task thread for /127.0.0.1:12767 - 0 ] INFO  ipc.Client (Client.java:handleConnectionFailure(977)) - Retrying connect to server: localhost/127.0.0.1:12767. Already tried 4 time(s); retry policy is RetryUpToMaximumCountWithFixedSleep(maxRetries=15, sleepTime=1000 MILLISECONDS)
2021-10-16 02:30:07,586 [EndpointStateMachine task thread for /127.0.0.1:12777 - 0 ] INFO  ipc.Client (Client.java:handleConnectionFailure(977)) - Retrying connect to server: localhost/127.0.0.1:12777. Already tried 5 time(s); retry policy is RetryUpToMaximumCountWithFixedSleep(maxRetries=15, sleepTime=1000 MILLISECONDS)
2021-10-16 02:30:07,593 [EndpointStateMachine task thread for /127.0.0.1:12757 - 0 ] INFO  ipc.Client (Client.java:handleConnectionFailure(977)) - Retrying connect to server: localhost/127.0.0.1:12757. Already tried 5 time(s); retry policy is RetryUpToMaximumCountWithFixedSleep(maxRetries=15, sleepTime=1000 MILLISECONDS)
2021-10-16 02:30:07,593 [EndpointStateMachine task thread for /127.0.0.1:12767 - 0 ] INFO  ipc.Client (Client.java:handleConnectionFailure(977)) - Retrying connect to server: localhost/127.0.0.1:12767. Already tried 5 time(s); retry policy is RetryUpToMaximumCountWithFixedSleep(maxRetries=15, sleepTime=1000 MILLISECONDS)
2021-10-16 02:30:08,588 [EndpointStateMachine task thread for /127.0.0.1:12777 - 0 ] INFO  ipc.Client (Client.java:handleConnectionFailure(977)) - Retrying connect to server: localhost/127.0.0.1:12777. Already tried 6 time(s); retry policy is RetryUpToMaximumCountWithFixedSleep(maxRetries=15, sleepTime=1000 MILLISECONDS)
2021-10-16 02:30:08,593 [EndpointStateMachine task thread for /127.0.0.1:12757 - 0 ] INFO  ipc.Client (Client.java:handleConnectionFailure(977)) - Retrying connect to server: localhost/127.0.0.1:12757. Already tried 6 time(s); retry policy is RetryUpToMaximumCountWithFixedSleep(maxRetries=15, sleepTime=1000 MILLISECONDS)
2021-10-16 02:30:08,594 [EndpointStateMachine task thread for /127.0.0.1:12767 - 0 ] INFO  ipc.Client (Client.java:handleConnectionFailure(977)) - Retrying connect to server: localhost/127.0.0.1:12767. Already tried 6 time(s); retry policy is RetryUpToMaximumCountWithFixedSleep(maxRetries=15, sleepTime=1000 MILLISECONDS)
2021-10-16 02:30:08,892 [3deaabcd-f5f1-47ac-8cd4-644b2fe93232@group-FCCD761457F8-FollowerState] INFO  impl.FollowerState (FollowerState.java:run(134)) - 3deaabcd-f5f1-47ac-8cd4-644b2fe93232@group-FCCD761457F8-FollowerState: change to CANDIDATE, lastRpcElapsedTime:5137865652ns, electionTimeout:5133ms
2021-10-16 02:30:08,892 [3deaabcd-f5f1-47ac-8cd4-644b2fe93232@group-FCCD761457F8-FollowerState] INFO  impl.RoleInfo (RoleInfo.java:shutdownFollowerState(108)) - 3deaabcd-f5f1-47ac-8cd4-644b2fe93232: shutdown 3deaabcd-f5f1-47ac-8cd4-644b2fe93232@group-FCCD761457F8-FollowerState
2021-10-16 02:30:08,892 [3deaabcd-f5f1-47ac-8cd4-644b2fe93232@group-FCCD761457F8-FollowerState] INFO  server.RaftServer$Division (RaftServerImpl.java:setRole(285)) - 3deaabcd-f5f1-47ac-8cd4-644b2fe93232@group-FCCD761457F8: changes role from  FOLLOWER to CANDIDATE at term 0 for changeToCandidate
2021-10-16 02:30:08,892 [3deaabcd-f5f1-47ac-8cd4-644b2fe93232@group-FCCD761457F8-FollowerState] INFO  server.RaftServerConfigKeys (ConfUtils.java:logGet(44)) - raft.server.leaderelection.pre-vote = false (custom)
2021-10-16 02:30:08,892 [3deaabcd-f5f1-47ac-8cd4-644b2fe93232@group-FCCD761457F8-FollowerState] INFO  impl.RoleInfo (RoleInfo.java:updateAndGet(130)) - 3deaabcd-f5f1-47ac-8cd4-644b2fe93232: start 3deaabcd-f5f1-47ac-8cd4-644b2fe93232@group-FCCD761457F8-LeaderElection14
2021-10-16 02:30:08,904 [3deaabcd-f5f1-47ac-8cd4-644b2fe93232@group-FCCD761457F8-LeaderElection14] INFO  impl.LeaderElection (LeaderElection.java:askForVotes(306)) - 3deaabcd-f5f1-47ac-8cd4-644b2fe93232@group-FCCD761457F8-LeaderElection14 ELECTION round 0: submit vote requests at term 1 for -1: [3deaabcd-f5f1-47ac-8cd4-644b2fe93232|rpc:localhost:13944|priority:0], old=null
2021-10-16 02:30:08,904 [3deaabcd-f5f1-47ac-8cd4-644b2fe93232@group-FCCD761457F8-LeaderElection14] INFO  impl.LeaderElection (LeaderElection.java:askForVotes(308)) - 3deaabcd-f5f1-47ac-8cd4-644b2fe93232@group-FCCD761457F8-LeaderElection14 ELECTION round 0: result PASSED (term=1)
2021-10-16 02:30:08,904 [3deaabcd-f5f1-47ac-8cd4-644b2fe93232@group-FCCD761457F8-LeaderElection14] INFO  impl.RoleInfo (RoleInfo.java:shutdownLeaderElection(121)) - 3deaabcd-f5f1-47ac-8cd4-644b2fe93232: shutdown 3deaabcd-f5f1-47ac-8cd4-644b2fe93232@group-FCCD761457F8-LeaderElection14
2021-10-16 02:30:08,904 [3deaabcd-f5f1-47ac-8cd4-644b2fe93232@group-FCCD761457F8-LeaderElection14] INFO  server.RaftServer$Division (RaftServerImpl.java:setRole(285)) - 3deaabcd-f5f1-47ac-8cd4-644b2fe93232@group-FCCD761457F8: changes role from CANDIDATE to LEADER at term 1 for changeToLeader
2021-10-16 02:30:08,904 [3deaabcd-f5f1-47ac-8cd4-644b2fe93232@group-FCCD761457F8-LeaderElection14] INFO  server.RaftServer$Division (ServerState.java:setLeader(285)) - 3deaabcd-f5f1-47ac-8cd4-644b2fe93232@group-FCCD761457F8: change Leader from null to 3deaabcd-f5f1-47ac-8cd4-644b2fe93232 at term 1 for becomeLeader, leader elected after 5165ms
2021-10-16 02:30:08,905 [3deaabcd-f5f1-47ac-8cd4-644b2fe93232@group-FCCD761457F8-LeaderElection14] INFO  server.RaftServerConfigKeys (ConfUtils.java:logGet(44)) - raft.server.staging.catchup.gap = 1000 (default)
2021-10-16 02:30:08,905 [3deaabcd-f5f1-47ac-8cd4-644b2fe93232@group-FCCD761457F8-LeaderElection14] INFO  server.RaftServerConfigKeys (ConfUtils.java:logGet(44)) - raft.server.write.element-limit = 4096 (default)
2021-10-16 02:30:08,905 [3deaabcd-f5f1-47ac-8cd4-644b2fe93232@group-FCCD761457F8-LeaderElection14] INFO  server.RaftServerConfigKeys (ConfUtils.java:logGet(44)) - raft.server.write.byte-limit = 64MB (=67108864) (default)
2021-10-16 02:30:08,905 [3deaabcd-f5f1-47ac-8cd4-644b2fe93232@group-FCCD761457F8-LeaderElection14] INFO  server.RaftServerConfigKeys (ConfUtils.java:logGet(44)) - raft.server.watch.timeout = 10s (default)
2021-10-16 02:30:08,905 [3deaabcd-f5f1-47ac-8cd4-644b2fe93232@group-FCCD761457F8-LeaderElection14] INFO  server.RaftServerConfigKeys (ConfUtils.java:logGet(44)) - raft.server.watch.timeout.denomination = 1s (default)
2021-10-16 02:30:08,906 [3deaabcd-f5f1-47ac-8cd4-644b2fe93232@group-FCCD761457F8-LeaderElection14] INFO  server.RaftServerConfigKeys (ConfUtils.java:logGet(44)) - raft.server.watch.element-limit = 65536 (default)
2021-10-16 02:30:08,906 [3deaabcd-f5f1-47ac-8cd4-644b2fe93232@group-FCCD761457F8-LeaderElection14] INFO  impl.RoleInfo (RoleInfo.java:updateAndGet(130)) - 3deaabcd-f5f1-47ac-8cd4-644b2fe93232: start 3deaabcd-f5f1-47ac-8cd4-644b2fe93232@group-FCCD761457F8-LeaderStateImpl
2021-10-16 02:30:08,906 [3deaabcd-f5f1-47ac-8cd4-644b2fe93232@group-FCCD761457F8-LeaderElection14] INFO  segmented.SegmentedRaftLogWorker (SegmentedRaftLogWorker.java:startLogSegment(394)) - 3deaabcd-f5f1-47ac-8cd4-644b2fe93232@group-FCCD761457F8-SegmentedRaftLogWorker: Starting segment from index:0
2021-10-16 02:30:08,908 [3deaabcd-f5f1-47ac-8cd4-644b2fe93232@group-FCCD761457F8-SegmentedRaftLogWorker] INFO  segmented.SegmentedRaftLogWorker (SegmentedRaftLogWorker.java:execute(601)) - 3deaabcd-f5f1-47ac-8cd4-644b2fe93232@group-FCCD761457F8-SegmentedRaftLogWorker: created new log segment /home/runner/work/ozone/ozone/hadoop-ozone/integration-test/target/test-dir/MiniOzoneClusterImpl-4eb377f1-b672-4075-9178-fccd761457f8/scmNode-1/scm-ha/4eb377f1-b672-4075-9178-fccd761457f8/current/log_inprogress_0
2021-10-16 02:30:08,912 [3deaabcd-f5f1-47ac-8cd4-644b2fe93232@group-FCCD761457F8-LeaderElection14] INFO  server.RaftServer$Division (ServerState.java:setRaftConf(387)) - 3deaabcd-f5f1-47ac-8cd4-644b2fe93232@group-FCCD761457F8: set configuration 0: [3deaabcd-f5f1-47ac-8cd4-644b2fe93232|rpc:localhost:13944|admin:|client:|dataStream:|priority:0], old=null
2021-10-16 02:30:09,589 [EndpointStateMachine task thread for /127.0.0.1:12777 - 0 ] INFO  ipc.Client (Client.java:handleConnectionFailure(977)) - Retrying connect to server: localhost/127.0.0.1:12777. Already tried 7 time(s); retry policy is RetryUpToMaximumCountWithFixedSleep(maxRetries=15, sleepTime=1000 MILLISECONDS)
2021-10-16 02:30:09,594 [EndpointStateMachine task thread for /127.0.0.1:12757 - 0 ] INFO  ipc.Client (Client.java:handleConnectionFailure(977)) - Retrying connect to server: localhost/127.0.0.1:12757. Already tried 7 time(s); retry policy is RetryUpToMaximumCountWithFixedSleep(maxRetries=15, sleepTime=1000 MILLISECONDS)
2021-10-16 02:30:09,594 [EndpointStateMachine task thread for /127.0.0.1:12767 - 0 ] INFO  ipc.Client (Client.java:handleConnectionFailure(977)) - Retrying connect to server: localhost/127.0.0.1:12767. Already tried 7 time(s); retry policy is RetryUpToMaximumCountWithFixedSleep(maxRetries=15, sleepTime=1000 MILLISECONDS)
2021-10-16 02:30:09,761 [Listener at 127.0.0.1/12056] INFO  server.RaftServer (RaftServerProxy.java:lambda$close$6(391)) - 3deaabcd-f5f1-47ac-8cd4-644b2fe93232: close
2021-10-16 02:30:09,762 [Listener at 127.0.0.1/12056] INFO  server.RaftServer$Division (RaftServerImpl.java:lambda$close$4(407)) - 3deaabcd-f5f1-47ac-8cd4-644b2fe93232@group-FCCD761457F8: shutdown
2021-10-16 02:30:09,762 [Listener at 127.0.0.1/12056] INFO  util.JmxRegister (JmxRegister.java:unregister(73)) - Successfully un-registered JMX Bean with object name Ratis:service=RaftServer,group=group-FCCD761457F8,id=3deaabcd-f5f1-47ac-8cd4-644b2fe93232
2021-10-16 02:30:09,762 [Listener at 127.0.0.1/12056] INFO  impl.RoleInfo (RoleInfo.java:shutdownLeaderState(91)) - 3deaabcd-f5f1-47ac-8cd4-644b2fe93232: shutdown 3deaabcd-f5f1-47ac-8cd4-644b2fe93232@group-FCCD761457F8-LeaderStateImpl
2021-10-16 02:30:09,762 [Listener at 127.0.0.1/12056] INFO  impl.PendingRequests (PendingRequests.java:sendNotLeaderResponses(282)) - 3deaabcd-f5f1-47ac-8cd4-644b2fe93232@group-FCCD761457F8-PendingRequests: sendNotLeaderResponses
2021-10-16 02:30:09,763 [Listener at 127.0.0.1/12056] INFO  impl.StateMachineUpdater (StateMachineUpdater.java:stopAndJoin(149)) - 3deaabcd-f5f1-47ac-8cd4-644b2fe93232@group-FCCD761457F8-StateMachineUpdater: set stopIndex = 0
2021-10-16 02:30:09,764 [3deaabcd-f5f1-47ac-8cd4-644b2fe93232@group-FCCD761457F8-StateMachineUpdater] INFO  impl.StateMachineUpdater (StateMachineUpdater.java:takeSnapshot(281)) - 3deaabcd-f5f1-47ac-8cd4-644b2fe93232@group-FCCD761457F8-StateMachineUpdater: Took a snapshot at index 0
2021-10-16 02:30:09,764 [3deaabcd-f5f1-47ac-8cd4-644b2fe93232@group-FCCD761457F8-StateMachineUpdater] INFO  impl.StateMachineUpdater (StateMachineUpdater.java:lambda$new$0(89)) - 3deaabcd-f5f1-47ac-8cd4-644b2fe93232@group-FCCD761457F8-StateMachineUpdater: snapshotIndex: updateIncreasingly -1 -> 0
2021-10-16 02:30:09,764 [Listener at 127.0.0.1/12056] INFO  server.RaftServer$Division (ServerState.java:close(419)) - 3deaabcd-f5f1-47ac-8cd4-644b2fe93232@group-FCCD761457F8: closes. applyIndex: 0
2021-10-16 02:30:09,765 [3deaabcd-f5f1-47ac-8cd4-644b2fe93232@group-FCCD761457F8-SegmentedRaftLogWorker] INFO  segmented.SegmentedRaftLogWorker (SegmentedRaftLogWorker.java:run(327)) - 3deaabcd-f5f1-47ac-8cd4-644b2fe93232@group-FCCD761457F8-SegmentedRaftLogWorker was interrupted, exiting. There are 0 tasks remaining in the queue.
2021-10-16 02:30:09,767 [Listener at 127.0.0.1/12056] INFO  segmented.SegmentedRaftLogWorker (SegmentedRaftLogWorker.java:close(237)) - 3deaabcd-f5f1-47ac-8cd4-644b2fe93232@group-FCCD761457F8-SegmentedRaftLogWorker close()
2021-10-16 02:30:09,770 [Listener at 127.0.0.1/12056] INFO  server.GrpcService (GrpcService.java:closeImpl(262)) - 3deaabcd-f5f1-47ac-8cd4-644b2fe93232: shutdown server with port 13944 now
2021-10-16 02:30:09,771 [Listener at 127.0.0.1/12056] INFO  server.GrpcService (GrpcService.java:closeImpl(271)) - 3deaabcd-f5f1-47ac-8cd4-644b2fe93232: shutdown server with port 13944 successfully
2021-10-16 02:30:09,771 [org.apache.ratis.util.JvmPauseMonitor$$Lambda$499/17331878@aee08df] INFO  util.JvmPauseMonitor (JvmPauseMonitor.java:run(109)) - JvmPauseMonitor-3deaabcd-f5f1-47ac-8cd4-644b2fe93232: Stopped
2021-10-16 02:30:09,771 [Listener at 127.0.0.1/12056] WARN  server.ServerUtils (ServerUtils.java:getScmDbDir(148)) - ozone.scm.db.dirs is not configured. We recommend adding this setting. Falling back to ozone.metadata.dirs instead.
2021-10-16 02:30:09,774 [Listener at 127.0.0.1/12056] INFO  server.StorageContainerManager (StorageContainerManager.java:scmInit(1083)) - SCM initialization succeeded. Current cluster id for sd=/home/runner/work/ozone/ozone/hadoop-ozone/integration-test/target/test-dir/MiniOzoneClusterImpl-4eb377f1-b672-4075-9178-fccd761457f8/scmNode-1/scm; cid=4eb377f1-b672-4075-9178-fccd761457f8; layoutVersion=2; scmId=3deaabcd-f5f1-47ac-8cd4-644b2fe93232
2021-10-16 02:30:09,774 [Listener at 127.0.0.1/12056] INFO  ha.SCMHANodeDetails (SCMHANodeDetails.java:loadSCMHAConfig(157)) - ServiceID for StorageContainerManager is scm-service-test1
2021-10-16 02:30:09,774 [Listener at 127.0.0.1/12056] INFO  ha.SCMHANodeDetails (SCMHANodeDetails.java:loadSCMHAConfig(168)) - ServiceID for StorageContainerManager is scm-service-test1
2021-10-16 02:30:09,775 [Listener at 127.0.0.1/12056] WARN  scm.ScmUtils (ScmUtils.java:logWarn(179)) - ConfigKey ozone.scm.block.client.address is deprecated, For configuring different ports for each SCM use PortConfigKey ozone.scm.block.client.port appended with serviceId and nodeId. If want to configure same port configure ozone.scm.block.client.port
2021-10-16 02:30:09,775 [Listener at 127.0.0.1/12056] WARN  scm.ScmUtils (ScmUtils.java:logWarn(179)) - ConfigKey ozone.scm.client.address is deprecated, For configuring different ports for each SCM use PortConfigKey ozone.scm.client.port appended with serviceId and nodeId. If want to configure same port configure ozone.scm.client.port
2021-10-16 02:30:09,775 [Listener at 127.0.0.1/12056] WARN  scm.ScmUtils (ScmUtils.java:logWarn(179)) - ConfigKey ozone.scm.datanode.address is deprecated, For configuring different ports for each SCM use PortConfigKey ozone.scm.datanode.port appended with serviceId and nodeId. If want to configure same port configure ozone.scm.datanode.port
2021-10-16 02:30:09,776 [Listener at 127.0.0.1/12056] WARN  scm.ScmUtils (ScmUtils.java:logWarn(179)) - ConfigKey ozone.scm.block.client.address is deprecated, For configuring different ports for each SCM use PortConfigKey ozone.scm.block.client.port appended with serviceId and nodeId. If want to configure same port configure ozone.scm.block.client.port
2021-10-16 02:30:09,778 [Listener at 127.0.0.1/12056] WARN  scm.ScmUtils (ScmUtils.java:logWarn(179)) - ConfigKey ozone.scm.client.address is deprecated, For configuring different ports for each SCM use PortConfigKey ozone.scm.client.port appended with serviceId and nodeId. If want to configure same port configure ozone.scm.client.port
2021-10-16 02:30:09,784 [Listener at 127.0.0.1/12056] WARN  scm.ScmUtils (ScmUtils.java:logWarn(179)) - ConfigKey ozone.scm.datanode.address is deprecated, For configuring different ports for each SCM use PortConfigKey ozone.scm.datanode.port appended with serviceId and nodeId. If want to configure same port configure ozone.scm.datanode.port
2021-10-16 02:30:09,785 [Listener at 127.0.0.1/12056] INFO  ha.SCMHANodeDetails (SCMHANodeDetails.java:loadSCMHAConfig(250)) - Found matching SCM address with SCMServiceId: scm-service-test1, SCMNodeId: scmNode-1, RPC Address: localhost:13944 and Ratis port: 13944
2021-10-16 02:30:09,785 [Listener at 127.0.0.1/12056] INFO  ha.SCMHANodeDetails (ConfUtils.java:setNodeSpecificConfigs(108)) - Setting configuration key ozone.scm.datanode.address with value of key ozone.scm.datanode.address.scm-service-test1.scmNode-1: 127.0.0.1:13945
2021-10-16 02:30:09,785 [Listener at 127.0.0.1/12056] INFO  ha.SCMHANodeDetails (ConfUtils.java:setNodeSpecificConfigs(108)) - Setting configuration key ozone.scm.block.client.address with value of key ozone.scm.block.client.address.scm-service-test1.scmNode-1: 127.0.0.1:13946
2021-10-16 02:30:09,786 [Listener at 127.0.0.1/12056] INFO  ha.SCMHANodeDetails (ConfUtils.java:setNodeSpecificConfigs(108)) - Setting configuration key ozone.scm.client.address with value of key ozone.scm.client.address.scm-service-test1.scmNode-1: 127.0.0.1:13947
2021-10-16 02:30:09,786 [Listener at 127.0.0.1/12056] INFO  ha.SCMHANodeDetails (ConfUtils.java:setNodeSpecificConfigs(108)) - Setting configuration key ozone.scm.ratis.port with value of key ozone.scm.ratis.port.scm-service-test1.scmNode-1: 13944
2021-10-16 02:30:09,786 [Listener at 127.0.0.1/12056] INFO  ha.SCMHANodeDetails (ConfUtils.java:setNodeSpecificConfigs(108)) - Setting configuration key ozone.scm.grpc.port with value of key ozone.scm.grpc.port.scm-service-test1.scmNode-1: 13948
2021-10-16 02:30:09,787 [Listener at 127.0.0.1/12056] INFO  ha.SCMHANodeDetails (ConfUtils.java:setNodeSpecificConfigs(108)) - Setting configuration key ozone.scm.http-address with value of key ozone.scm.http-address.scm-service-test1.scmNode-1: 127.0.0.1:13942
2021-10-16 02:30:09,788 [Listener at 127.0.0.1/12056] INFO  ha.SCMHANodeDetails (ConfUtils.java:setNodeSpecificConfigs(108)) - Setting configuration key ozone.scm.https-address with value of key ozone.scm.https-address.scm-service-test1.scmNode-1: 127.0.0.1:13943
2021-10-16 02:30:09,789 [Listener at 127.0.0.1/12056] INFO  ha.SCMHANodeDetails (ConfUtils.java:setNodeSpecificConfigs(108)) - Setting configuration key ozone.scm.address with value of key ozone.scm.address.scm-service-test1.scmNode-1: 127.0.0.1
2021-10-16 02:30:09,790 [Listener at 127.0.0.1/12056] WARN  scm.ScmUtils (ScmUtils.java:logWarn(179)) - ConfigKey ozone.scm.block.client.address is deprecated, For configuring different ports for each SCM use PortConfigKey ozone.scm.block.client.port appended with serviceId and nodeId. If want to configure same port configure ozone.scm.block.client.port
2021-10-16 02:30:09,792 [Listener at 127.0.0.1/12056] WARN  scm.ScmUtils (ScmUtils.java:logWarn(179)) - ConfigKey ozone.scm.client.address is deprecated, For configuring different ports for each SCM use PortConfigKey ozone.scm.client.port appended with serviceId and nodeId. If want to configure same port configure ozone.scm.client.port
2021-10-16 02:30:09,793 [Listener at 127.0.0.1/12056] WARN  scm.ScmUtils (ScmUtils.java:logWarn(179)) - ConfigKey ozone.scm.datanode.address is deprecated, For configuring different ports for each SCM use PortConfigKey ozone.scm.datanode.port appended with serviceId and nodeId. If want to configure same port configure ozone.scm.datanode.port
2021-10-16 02:30:09,794 [Listener at 127.0.0.1/12056] WARN  server.ServerUtils (ServerUtils.java:getScmDbDir(148)) - ozone.scm.db.dirs is not configured. We recommend adding this setting. Falling back to ozone.metadata.dirs instead.
2021-10-16 02:30:09,796 [Listener at 127.0.0.1/12056] INFO  upgrade.AbstractLayoutVersionManager (AbstractLayoutVersionManager.java:init(79)) - Initializing Layout version manager with metadata layout = SCM_HA (version = 2), software layout = SCM_HA (version = 2)
2021-10-16 02:30:09,967 [Listener at 127.0.0.1/12056] INFO  reflections.Reflections (Reflections.java:scan(232)) - Reflections took 169 ms to scan 7 urls, producing 119 keys and 278 values 
2021-10-16 02:30:09,971 [Listener at 127.0.0.1/12056] WARN  utils.HAUtils (HAUtils.java:getMetaDir(342)) - ozone.scm.db.dirs is not configured. We recommend adding this setting. Falling back to ozone.metadata.dirs instead.
2021-10-16 02:30:09,983 [Listener at 127.0.0.1/12056] WARN  db.DBStoreBuilder (DBStoreBuilder.java:applyDBDefinition(145)) - ozone.scm.db.dirs is not configured. We recommend adding this setting. Falling back to ozone.metadata.dirs instead.
2021-10-16 02:30:10,147 [Listener at 127.0.0.1/12056] INFO  net.NodeSchemaLoader (NodeSchemaLoader.java:loadSchemaFromFile(129)) - Loading schema from [jar:file:/home/runner/.m2/repository/org/apache/ozone/hdds-common/1.2.0-SNAPSHOT/hdds-common-1.2.0-SNAPSHOT.jar!/network-topology-default.xml]
2021-10-16 02:30:10,148 [Listener at 127.0.0.1/12056] INFO  net.NodeSchemaLoader (NodeSchemaLoader.java:loadSchema(176)) - Loading network topology layer schema file
2021-10-16 02:30:10,175 [Listener at 127.0.0.1/12056] INFO  ha.SCMRatisServerImpl (SCMRatisServerImpl.java:<init>(87)) - starting Raft server for scm:3deaabcd-f5f1-47ac-8cd4-644b2fe93232
2021-10-16 02:30:10,177 [Listener at 127.0.0.1/12056] INFO  server.RaftServer (ConfUtils.java:logGet(44)) - raft.rpc.type = GRPC (default)
2021-10-16 02:30:10,178 [Listener at 127.0.0.1/12056] INFO  grpc.GrpcFactory (GrpcFactory.java:checkPooledByteBufAllocatorUseCacheForAllThreads(48)) - PERFORMANCE WARNING: useCacheForAllThreads is true that may cause Netty to create a lot garbage objects and, as a result, trigger GC.
	It is recommended to disable useCacheForAllThreads by setting -Dorg.apache.ratis.thirdparty.io.netty.allocator.useCacheForAllThreads=false in command line.
2021-10-16 02:30:10,178 [Listener at 127.0.0.1/12056] INFO  grpc.GrpcConfigKeys (ConfUtils.java:logGet(44)) - raft.grpc.admin.port = -1 (default)
2021-10-16 02:30:10,179 [Listener at 127.0.0.1/12056] INFO  grpc.GrpcConfigKeys (ConfUtils.java:logGet(44)) - raft.grpc.server.port = 13944 (custom)
2021-10-16 02:30:10,188 [Listener at 127.0.0.1/12056] INFO  grpc.GrpcConfigKeys (ConfUtils.java:logGet(44)) - raft.grpc.client.port = -1 (default)
2021-10-16 02:30:10,188 [Listener at 127.0.0.1/12056] INFO  grpc.GrpcConfigKeys (ConfUtils.java:logGet(44)) - raft.grpc.server.port = 13944 (custom)
2021-10-16 02:30:10,189 [Listener at 127.0.0.1/12056] INFO  grpc.GrpcConfigKeys (ConfUtils.java:logGet(44)) - raft.grpc.server.port = 13944 (custom)
2021-10-16 02:30:10,189 [Listener at 127.0.0.1/12056] INFO  server.GrpcService (ConfUtils.java:logGet(44)) - raft.grpc.message.size.max = 32m (=33554432) (custom)
2021-10-16 02:30:10,189 [Listener at 127.0.0.1/12056] INFO  server.RaftServerConfigKeys (ConfUtils.java:logGet(44)) - raft.server.log.appender.buffer.byte-limit = 33554432 (custom)
2021-10-16 02:30:10,190 [Listener at 127.0.0.1/12056] INFO  server.GrpcService (ConfUtils.java:logGet(44)) - raft.grpc.flow.control.window = 1MB (=1048576) (default)
2021-10-16 02:30:10,190 [Listener at 127.0.0.1/12056] INFO  server.RaftServerConfigKeys (ConfUtils.java:logGet(44)) - raft.server.rpc.request.timeout = 30000ms (custom)
2021-10-16 02:30:10,192 [Listener at 127.0.0.1/12056] INFO  impl.DataStreamServerImpl (ConfUtils.java:logGet(44)) - raft.datastream.type = DISABLED (default)
2021-10-16 02:30:10,192 [Listener at 127.0.0.1/12056] INFO  server.RaftServerConfigKeys (ConfUtils.java:logGet(44)) - raft.server.rpc.slowness.timeout = 120000ms (custom)
2021-10-16 02:30:10,193 [Listener at 127.0.0.1/12056] INFO  server.RaftServerConfigKeys (ConfUtils.java:logGet(44)) - raft.server.leaderelection.leader.step-down.wait-time = 10s (default)
2021-10-16 02:30:10,196 [Listener at 127.0.0.1/12056] INFO  server.RaftServerConfigKeys (ConfUtils.java:logGet(44)) - raft.server.storage.dir = [/home/runner/work/ozone/ozone/hadoop-ozone/integration-test/target/test-dir/MiniOzoneClusterImpl-4eb377f1-b672-4075-9178-fccd761457f8/scmNode-1/scm-ha] (custom)
2021-10-16 02:30:10,197 [Listener at 127.0.0.1/12056] INFO  server.RaftServer (RaftServerProxy.java:lambda$null$1(235)) - 3deaabcd-f5f1-47ac-8cd4-644b2fe93232: found a subdirectory /home/runner/work/ozone/ozone/hadoop-ozone/integration-test/target/test-dir/MiniOzoneClusterImpl-4eb377f1-b672-4075-9178-fccd761457f8/scmNode-1/scm-ha/4eb377f1-b672-4075-9178-fccd761457f8
2021-10-16 02:30:10,204 [Listener at 127.0.0.1/12056] INFO  server.RaftServer (RaftServerProxy.java:addNew(95)) - 3deaabcd-f5f1-47ac-8cd4-644b2fe93232: addNew group-FCCD761457F8:[] returns group-FCCD761457F8:java.util.concurrent.CompletableFuture@3848c63[Not completed]
2021-10-16 02:30:10,207 [pool-190-thread-1] INFO  server.RaftServer$Division (RaftServerImpl.java:<init>(181)) - 3deaabcd-f5f1-47ac-8cd4-644b2fe93232: new RaftServerImpl for group-FCCD761457F8:[] with SCMStateMachine:uninitialized
2021-10-16 02:30:10,213 [pool-190-thread-1] INFO  server.RaftServerConfigKeys (ConfUtils.java:logGet(44)) - raft.server.rpc.timeout.min = 5000ms (custom)
2021-10-16 02:30:10,214 [pool-190-thread-1] INFO  server.RaftServerConfigKeys (ConfUtils.java:logGet(44)) - raft.server.rpc.timeout.max = 5200ms (custom)
2021-10-16 02:30:10,214 [pool-190-thread-1] INFO  server.RaftServerConfigKeys (ConfUtils.java:logGet(44)) - raft.server.rpc.sleep.time = 25ms (default)
2021-10-16 02:30:10,214 [pool-190-thread-1] INFO  server.RaftServerConfigKeys (ConfUtils.java:logGet(44)) - raft.server.rpc.slowness.timeout = 120000ms (custom)
2021-10-16 02:30:10,214 [pool-190-thread-1] INFO  server.RaftServerConfigKeys (ConfUtils.java:logGet(44)) - raft.server.leaderelection.leader.step-down.wait-time = 10s (default)
2021-10-16 02:30:10,214 [pool-190-thread-1] INFO  server.RaftServerConfigKeys (ConfUtils.java:logGet(44)) - raft.server.sleep.deviation.threshold = 300ms (default)
2021-10-16 02:30:10,214 [pool-190-thread-1] INFO  server.RaftServerConfigKeys (ConfUtils.java:logGet(44)) - raft.server.log.appender.install.snapshot.enabled = false (custom)
2021-10-16 02:30:10,214 [pool-190-thread-1] INFO  server.RaftServer$Division (ServerState.java:<init>(105)) - 3deaabcd-f5f1-47ac-8cd4-644b2fe93232@group-FCCD761457F8: ConfigurationManager, init=-1: [], old=null, confs=<EMPTY_MAP>
2021-10-16 02:30:10,215 [pool-190-thread-1] INFO  server.RaftServerConfigKeys (ConfUtils.java:logGet(44)) - raft.server.storage.dir = [/home/runner/work/ozone/ozone/hadoop-ozone/integration-test/target/test-dir/MiniOzoneClusterImpl-4eb377f1-b672-4075-9178-fccd761457f8/scmNode-1/scm-ha] (custom)
2021-10-16 02:30:10,215 [pool-190-thread-1] INFO  server.RaftServerConfigKeys (ConfUtils.java:logGet(44)) - raft.server.log.corruption.policy = EXCEPTION (default)
2021-10-16 02:30:10,215 [pool-190-thread-1] INFO  server.RaftServerConfigKeys (ConfUtils.java:logGet(44)) - raft.server.storage.free-space.min = 0MB (=0) (default)
2021-10-16 02:30:10,218 [pool-190-thread-1] INFO  storage.RaftStorageDirectory (RaftStorageDirectoryImpl.java:tryLock(230)) - Lock on /home/runner/work/ozone/ozone/hadoop-ozone/integration-test/target/test-dir/MiniOzoneClusterImpl-4eb377f1-b672-4075-9178-fccd761457f8/scmNode-1/scm-ha/4eb377f1-b672-4075-9178-fccd761457f8/in_use.lock acquired by nodename 30307@fv-az59-128
2021-10-16 02:30:10,219 [pool-190-thread-1] INFO  storage.RaftStorage (RaftStorageImpl.java:analyzeAndRecoverStorage(110)) - Read RaftStorageMetadata{term=1, votedFor=3deaabcd-f5f1-47ac-8cd4-644b2fe93232} from /home/runner/work/ozone/ozone/hadoop-ozone/integration-test/target/test-dir/MiniOzoneClusterImpl-4eb377f1-b672-4075-9178-fccd761457f8/scmNode-1/scm-ha/4eb377f1-b672-4075-9178-fccd761457f8/current/raft-meta
2021-10-16 02:30:10,220 [pool-190-thread-1] INFO  server.RaftServer$Division (ServerState.java:setRaftConf(387)) - 3deaabcd-f5f1-47ac-8cd4-644b2fe93232@group-FCCD761457F8: set configuration 0: [3deaabcd-f5f1-47ac-8cd4-644b2fe93232|rpc:localhost:13944|admin:|client:|dataStream:|priority:0], old=null
2021-10-16 02:30:10,220 [pool-190-thread-1] INFO  server.RaftServerConfigKeys (ConfUtils.java:logGet(44)) - raft.server.notification.no-leader.timeout = 60s (default)
2021-10-16 02:30:10,220 [pool-190-thread-1] INFO  server.RaftServerConfigKeys (ConfUtils.java:logGet(44)) - raft.server.log.use.memory = false (default)
2021-10-16 02:30:10,220 [pool-190-thread-1] INFO  server.RaftServerConfigKeys (ConfUtils.java:logGet(44)) - raft.server.log.purge.gap = 5 (custom)
2021-10-16 02:30:10,220 [pool-190-thread-1] INFO  server.RaftServerConfigKeys (ConfUtils.java:logGet(44)) - raft.server.log.appender.buffer.byte-limit = 33554432 (custom)
2021-10-16 02:30:10,220 [pool-190-thread-1] INFO  server.RaftServerConfigKeys (ConfUtils.java:logGet(44)) - raft.server.log.segment.size.max = 16384 (custom)
2021-10-16 02:30:10,221 [pool-190-thread-1] INFO  server.RaftServerConfigKeys (ConfUtils.java:logGet(44)) - raft.server.log.segment.cache.num.max = 2 (custom)
2021-10-16 02:30:10,221 [pool-190-thread-1] INFO  server.RaftServerConfigKeys (ConfUtils.java:logGet(44)) - raft.server.log.segment.cache.size.max = 200MB (=209715200) (default)
2021-10-16 02:30:10,221 [pool-190-thread-1] INFO  segmented.SegmentedRaftLogWorker (SegmentedRaftLogWorker.java:<init>(182)) - new 3deaabcd-f5f1-47ac-8cd4-644b2fe93232@group-FCCD761457F8-SegmentedRaftLogWorker for RaftStorageImpl:Storage Directory /home/runner/work/ozone/ozone/hadoop-ozone/integration-test/target/test-dir/MiniOzoneClusterImpl-4eb377f1-b672-4075-9178-fccd761457f8/scmNode-1/scm-ha/4eb377f1-b672-4075-9178-fccd761457f8
2021-10-16 02:30:10,221 [pool-190-thread-1] INFO  server.RaftServerConfigKeys (ConfUtils.java:logGet(44)) - raft.server.log.queue.byte-limit = 64MB (=67108864) (default)
2021-10-16 02:30:10,221 [pool-190-thread-1] INFO  server.RaftServerConfigKeys (ConfUtils.java:logGet(44)) - raft.server.log.queue.element-limit = 4096 (default)
2021-10-16 02:30:10,222 [pool-190-thread-1] INFO  server.RaftServerConfigKeys (ConfUtils.java:logGet(44)) - raft.server.log.segment.size.max = 16384 (custom)
2021-10-16 02:30:10,222 [pool-190-thread-1] INFO  server.RaftServerConfigKeys (ConfUtils.java:logGet(44)) - raft.server.log.preallocated.size = 16384 (custom)
2021-10-16 02:30:10,223 [pool-190-thread-1] INFO  server.RaftServerConfigKeys (ConfUtils.java:logGet(44)) - raft.server.log.force.sync.num = 128 (default)
2021-10-16 02:30:10,223 [pool-190-thread-1] INFO  server.RaftServerConfigKeys (ConfUtils.java:logGet(44)) - raft.server.log.statemachine.data.sync = true (default)
2021-10-16 02:30:10,223 [pool-190-thread-1] INFO  server.RaftServerConfigKeys (ConfUtils.java:logGet(44)) - raft.server.log.statemachine.data.sync.timeout = 10s (default)
2021-10-16 02:30:10,223 [pool-190-thread-1] INFO  server.RaftServerConfigKeys (ConfUtils.java:logGet(44)) - raft.server.log.statemachine.data.sync.timeout.retry = -1 (default)
2021-10-16 02:30:10,230 [pool-190-thread-1] INFO  server.RaftServerConfigKeys (ConfUtils.java:logGet(44)) - raft.server.log.write.buffer.size = 64KB (=65536) (default)
2021-10-16 02:30:10,230 [pool-190-thread-1] INFO  server.RaftServerConfigKeys (ConfUtils.java:logGet(44)) - raft.server.log.statemachine.data.caching.enabled = false (default)
2021-10-16 02:30:10,231 [pool-190-thread-1] INFO  server.RaftServer$Division (ServerState.java:setRaftConf(387)) - 3deaabcd-f5f1-47ac-8cd4-644b2fe93232@group-FCCD761457F8: set configuration 0: [3deaabcd-f5f1-47ac-8cd4-644b2fe93232|rpc:localhost:13944|admin:|client:|dataStream:|priority:0], old=null
2021-10-16 02:30:10,232 [pool-190-thread-1] INFO  segmented.LogSegment (LogSegment.java:loadSegment(173)) - Successfully read 1 entries from segment file /home/runner/work/ozone/ozone/hadoop-ozone/integration-test/target/test-dir/MiniOzoneClusterImpl-4eb377f1-b672-4075-9178-fccd761457f8/scmNode-1/scm-ha/4eb377f1-b672-4075-9178-fccd761457f8/current/log_inprogress_0
2021-10-16 02:30:10,232 [pool-190-thread-1] INFO  segmented.SegmentedRaftLogWorker (SegmentedRaftLogWorker.java:lambda$new$0(133)) - 3deaabcd-f5f1-47ac-8cd4-644b2fe93232@group-FCCD761457F8-SegmentedRaftLogWorker: flushIndex: setUnconditionally 0 -> 0
2021-10-16 02:30:10,232 [pool-190-thread-1] INFO  segmented.SegmentedRaftLogWorker (SegmentedRaftLogWorker.java:lambda$new$0(133)) - 3deaabcd-f5f1-47ac-8cd4-644b2fe93232@group-FCCD761457F8-SegmentedRaftLogWorker: safeCacheEvictIndex: setUnconditionally 0 -> -1
2021-10-16 02:30:10,233 [pool-190-thread-1] INFO  server.RaftServerConfigKeys (ConfUtils.java:logGet(44)) - raft.server.snapshot.auto.trigger.enabled = true (custom)
2021-10-16 02:30:10,233 [pool-190-thread-1] INFO  server.RaftServerConfigKeys (ConfUtils.java:logGet(44)) - raft.server.snapshot.auto.trigger.threshold = 5 (custom)
2021-10-16 02:30:10,233 [pool-190-thread-1] INFO  server.RaftServerConfigKeys (ConfUtils.java:logGet(44)) - raft.server.snapshot.retention.file.num = -1 (default)
2021-10-16 02:30:10,233 [pool-190-thread-1] INFO  server.RaftServerConfigKeys (ConfUtils.java:logGet(44)) - raft.server.log.purge.upto.snapshot.index = true (custom)
2021-10-16 02:30:10,233 [pool-190-thread-1] INFO  server.RaftServerConfigKeys (ConfUtils.java:logGet(44)) - raft.server.retrycache.expirytime = 60000ms (default)
2021-10-16 02:30:10,233 [pool-190-thread-1] INFO  server.RaftServerConfigKeys (ConfUtils.java:logGet(44)) - raft.server.retrycache.statistics.expirytime = 100μs (default)
2021-10-16 02:30:10,235 [Listener at 127.0.0.1/12056] INFO  ha.SCMSnapshotProvider (SCMSnapshotProvider.java:<init>(66)) - Initializing SCM Snapshot Provider
2021-10-16 02:30:10,235 [Listener at 127.0.0.1/12056] WARN  server.ServerUtils (ServerUtils.java:getDefaultRatisDirectory(237)) - Storage directory for Ratis is not configured. It is a good idea to map this to an SSD disk. Falling back to ozone.metadata.dirs
2021-10-16 02:30:10,236 [Listener at 127.0.0.1/12056] WARN  ha.SCMHAUtils (SCMHAUtils.java:getSCMRatisSnapshotDirectory(146)) - SCM snapshot dir is not configured. Falling back to ozone.metadata.dirs config
2021-10-16 02:30:10,238 [Listener at 127.0.0.1/12056] INFO  ha.SequenceIdGenerator (SequenceIdGenerator.java:upgradeToSequenceId(347)) - upgrade localId to 107544261427200000
2021-10-16 02:30:10,240 [Listener at 127.0.0.1/12056] INFO  ha.SequenceIdGenerator (SequenceIdGenerator.java:upgradeToSequenceId(357)) - upgrade delTxnId to 0
2021-10-16 02:30:10,241 [Listener at 127.0.0.1/12056] INFO  ha.SequenceIdGenerator (SequenceIdGenerator.java:upgradeToSequenceId(371)) - upgrade containerId to 0
2021-10-16 02:30:10,241 [Listener at 127.0.0.1/12056] INFO  ha.SequenceIdGenerator (SequenceIdGenerator.java:<init>(218)) - Init the HA SequenceIdGenerator.
2021-10-16 02:30:10,243 [Listener at 127.0.0.1/12056] INFO  node.SCMNodeManager (SCMNodeManager.java:<init>(144)) - Entering startup safe mode.
2021-10-16 02:30:10,244 [Listener at 127.0.0.1/12056] INFO  algorithms.ContainerPlacementPolicyFactory (ContainerPlacementPolicyFactory.java:getPolicy(60)) - Create container placement policy of type org.apache.hadoop.hdds.scm.container.placement.algorithms.SCMContainerPlacementRandom
2021-10-16 02:30:10,244 [Listener at 127.0.0.1/12056] INFO  pipeline.PipelineStateManagerImpl (PipelineStateManagerImpl.java:initialize(78)) - No pipeline exists in current db
2021-10-16 02:30:10,245 [Listener at 127.0.0.1/12056] INFO  algorithms.LeaderChoosePolicyFactory (LeaderChoosePolicyFactory.java:getPolicy(57)) - Create leader choose policy of type org.apache.hadoop.hdds.scm.pipeline.leader.choose.algorithms.MinLeaderCountChoosePolicy
2021-10-16 02:30:10,245 [Listener at 127.0.0.1/12056] INFO  ha.SCMServiceManager (SCMServiceManager.java:register(43)) - Registering service BackgroundPipelineCreator.
2021-10-16 02:30:10,245 [Listener at 127.0.0.1/12056] INFO  pipeline.BackgroundPipelineCreator (BackgroundPipelineCreator.java:start(130)) - Starting RatisPipelineUtilsThread.
2021-10-16 02:30:10,247 [Listener at 127.0.0.1/12056] INFO  algorithms.PipelineChoosePolicyFactory (PipelineChoosePolicyFactory.java:createPipelineChoosePolicyFromClass(73)) - Create pipeline choose policy of type org.apache.hadoop.hdds.scm.pipeline.choose.algorithms.RandomPipelineChoosePolicy
2021-10-16 02:30:10,248 [Listener at 127.0.0.1/12056] INFO  ha.SCMServiceManager (SCMServiceManager.java:register(43)) - Registering service SCMBlockDeletingService.
2021-10-16 02:30:10,248 [Listener at 127.0.0.1/12056] INFO  ha.SCMServiceManager (SCMServiceManager.java:register(43)) - Registering service ReplicationManager.
2021-10-16 02:30:10,252 [Listener at 127.0.0.1/12056] INFO  container.ReplicationManager (ReplicationManager.java:start(319)) - Starting Replication Monitor Thread.
2021-10-16 02:30:10,253 [Listener at 127.0.0.1/12056] INFO  safemode.ContainerSafeModeRule (ContainerSafeModeRule.java:<init>(89)) - containers with one replica threshold count 0
2021-10-16 02:30:10,254 [Listener at 127.0.0.1/12056] INFO  safemode.HealthyPipelineSafeModeRule (HealthyPipelineSafeModeRule.java:initializeRule(156)) - Total pipeline count is 0, healthy pipeline threshold count is 1
2021-10-16 02:30:10,254 [Listener at 127.0.0.1/12056] INFO  safemode.OneReplicaPipelineSafeModeRule (OneReplicaPipelineSafeModeRule.java:initializeRule(180)) - Total pipeline count is 0, pipeline's with at least one datanode reported threshold count is 0
2021-10-16 02:30:10,259 [Listener at 127.0.0.1/12056] INFO  ipc.CallQueueManager (CallQueueManager.java:<init>(90)) - Using callQueue: class java.util.concurrent.LinkedBlockingQueue, queueCapacity: 10000, scheduler: class org.apache.hadoop.ipc.DefaultRpcScheduler, ipcBackoff: false.
2021-10-16 02:30:10,261 [ReplicationMonitor] INFO  container.ReplicationManager (ReplicationManager.java:processAll(371)) - Replication Monitor Thread took 1 milliseconds for processing 0 containers.
2021-10-16 02:30:10,270 [Socket Reader #1 for port 13945] INFO  ipc.Server (Server.java:run(1265)) - Starting Socket Reader #1 for port 13945
2021-10-16 02:30:10,274 [Listener at 0.0.0.0/13945] INFO  ipc.CallQueueManager (CallQueueManager.java:<init>(90)) - Using callQueue: class java.util.concurrent.LinkedBlockingQueue, queueCapacity: 10000, scheduler: class org.apache.hadoop.ipc.DefaultRpcScheduler, ipcBackoff: false.
2021-10-16 02:30:10,277 [Listener at 0.0.0.0/13946] INFO  ipc.CallQueueManager (CallQueueManager.java:<init>(90)) - Using callQueue: class java.util.concurrent.LinkedBlockingQueue, queueCapacity: 10000, scheduler: class org.apache.hadoop.ipc.DefaultRpcScheduler, ipcBackoff: false.
2021-10-16 02:30:10,277 [Socket Reader #1 for port 13946] INFO  ipc.Server (Server.java:run(1265)) - Starting Socket Reader #1 for port 13946
2021-10-16 02:30:10,279 [Socket Reader #1 for port 13947] INFO  ipc.Server (Server.java:run(1265)) - Starting Socket Reader #1 for port 13947
2021-10-16 02:30:10,348 [Listener at 0.0.0.0/13947] INFO  algorithms.ContainerPlacementPolicyFactory (ContainerPlacementPolicyFactory.java:getPolicy(60)) - Create container placement policy of type org.apache.hadoop.hdds.scm.container.placement.algorithms.SCMContainerPlacementRandom
2021-10-16 02:30:10,349 [Listener at 0.0.0.0/13947] INFO  server.StorageContainerManager (StorageContainerManager.java:<init>(388)) - 
Container Balancer status:
Key                            Value
Running                        false
Container Balancer Configuration values:
Key                                                Value
Threshold                                          0.1
Max Datanodes to Involve per Iteration(ratio)      0.2
Max Size to Move per Iteration                     32212254720B

2021-10-16 02:30:10,349 [Listener at 0.0.0.0/13947] WARN  events.EventQueue (EventQueue.java:fireEvent(194)) - No event handler registered for event TypedEvent{payloadType=SafeModeStatus, name='Safe mode status'}
2021-10-16 02:30:10,349 [Listener at 0.0.0.0/13947] INFO  ha.SCMContext (SCMContext.java:updateSafeModeStatus(205)) - Update SafeModeStatus from SafeModeStatus{safeModeStatus=true, preCheckPassed=false} to SafeModeStatus{safeModeStatus=true, preCheckPassed=false}.
2021-10-16 02:30:10,350 [Listener at 0.0.0.0/13947] INFO  server.StorageContainerManager (StorageContainerManager.java:start(1303)) - StorageContainerLocationProtocol RPC server is listening at /0.0.0.0:13947
2021-10-16 02:30:10,350 [Listener at 0.0.0.0/13947] INFO  ha.SCMRatisServerImpl (SCMRatisServerImpl.java:start(177)) - starting ratis server 0.0.0.0:13944
2021-10-16 02:30:10,351 [Listener at 0.0.0.0/13947] INFO  server.RaftServer$Division (RaftServerImpl.java:start(296)) - 3deaabcd-f5f1-47ac-8cd4-644b2fe93232@group-FCCD761457F8: start as a follower, conf=0: [3deaabcd-f5f1-47ac-8cd4-644b2fe93232|rpc:localhost:13944|admin:|client:|dataStream:|priority:0], old=null
2021-10-16 02:30:10,351 [Listener at 0.0.0.0/13947] INFO  server.RaftServer$Division (RaftServerImpl.java:setRole(285)) - 3deaabcd-f5f1-47ac-8cd4-644b2fe93232@group-FCCD761457F8: changes role from      null to FOLLOWER at term 1 for startAsFollower
2021-10-16 02:30:10,354 [Listener at 0.0.0.0/13947] INFO  impl.RoleInfo (RoleInfo.java:updateAndGet(130)) - 3deaabcd-f5f1-47ac-8cd4-644b2fe93232: start 3deaabcd-f5f1-47ac-8cd4-644b2fe93232@group-FCCD761457F8-FollowerState
2021-10-16 02:30:10,355 [Listener at 0.0.0.0/13947] INFO  util.JmxRegister (JmxRegister.java:tryRegister(44)) - Successfully registered JMX Bean with object name Ratis:service=RaftServer,group=group-FCCD761457F8,id=3deaabcd-f5f1-47ac-8cd4-644b2fe93232
2021-10-16 02:30:10,366 [Listener at 0.0.0.0/13947] INFO  server.RaftServer (RaftServerProxy.java:lambda$start$5(374)) - 3deaabcd-f5f1-47ac-8cd4-644b2fe93232: start RPC server
2021-10-16 02:30:10,367 [Listener at 0.0.0.0/13947] INFO  server.GrpcService (GrpcService.java:startImpl(253)) - 3deaabcd-f5f1-47ac-8cd4-644b2fe93232: GrpcService started, listening on 13944
2021-10-16 02:30:10,370 [Listener at 0.0.0.0/13947] INFO  ha.SCMHAManagerImpl (SCMHAManagerImpl.java:start(120)) -  scm role is FOLLOWER peers [3deaabcd-f5f1-47ac-8cd4-644b2fe93232|rpc:localhost:13944|admin:|client:|dataStream:|priority:0]
2021-10-16 02:30:10,370 [Listener at 0.0.0.0/13947] INFO  ha.InterSCMGrpcService (InterSCMGrpcProtocolService.java:start(94)) - Starting SCM Grpc Service at port 13948
2021-10-16 02:30:10,372 [Listener at 0.0.0.0/13947] WARN  impl.MetricsConfig (MetricsConfig.java:loadFirst(136)) - Cannot locate configuration: tried hadoop-metrics2-storagecontainermanager.properties,hadoop-metrics2.properties
2021-10-16 02:30:10,377 [org.apache.ratis.util.JvmPauseMonitor$$Lambda$499/17331878@44b4b54] INFO  util.JvmPauseMonitor (JvmPauseMonitor.java:run(103)) - JvmPauseMonitor-3deaabcd-f5f1-47ac-8cd4-644b2fe93232: Started
2021-10-16 02:30:10,377 [Listener at 0.0.0.0/13947] INFO  impl.MetricsSystemImpl (MetricsSystemImpl.java:startTimer(378)) - Scheduled Metric snapshot period at 10 second(s).
2021-10-16 02:30:10,378 [Listener at 0.0.0.0/13947] INFO  impl.MetricsSystemImpl (MetricsSystemImpl.java:start(191)) - StorageContainerManager metrics system started
2021-10-16 02:30:10,410 [Listener at 0.0.0.0/13947] INFO  impl.MetricsSinkAdapter (MetricsSinkAdapter.java:start(204)) - Sink prometheus started
2021-10-16 02:30:10,412 [Listener at 0.0.0.0/13947] INFO  impl.MetricsSystemImpl (MetricsSystemImpl.java:registerSink(305)) - Registered sink prometheus
2021-10-16 02:30:10,476 [Listener at 0.0.0.0/13947] INFO  server.SCMClientProtocolServer (SCMClientProtocolServer.java:start(164)) - RPC server for Client  is listening at /0.0.0.0:13947
2021-10-16 02:30:10,480 [IPC Server Responder] INFO  ipc.Server (Server.java:run(1507)) - IPC Server Responder: starting
2021-10-16 02:30:10,536 [IPC Server listener on 13947] INFO  ipc.Server (Server.java:run(1344)) - IPC Server listener on 13947: starting
2021-10-16 02:30:10,554 [Listener at 0.0.0.0/13947] INFO  server.StorageContainerManager (StorageContainerManager.java:start(1318)) - ScmBlockLocationProtocol RPC server is listening at /0.0.0.0:13946
2021-10-16 02:30:10,555 [Listener at 0.0.0.0/13947] INFO  server.SCMBlockProtocolServer (SCMBlockProtocolServer.java:start(151)) - RPC server for Block Protocol is listening at /0.0.0.0:13946
2021-10-16 02:30:10,555 [IPC Server Responder] INFO  ipc.Server (Server.java:run(1507)) - IPC Server Responder: starting
2021-10-16 02:30:10,556 [IPC Server listener on 13946] INFO  ipc.Server (Server.java:run(1344)) - IPC Server listener on 13946: starting
2021-10-16 02:30:10,591 [EndpointStateMachine task thread for /127.0.0.1:12777 - 0 ] INFO  ipc.Client (Client.java:handleConnectionFailure(977)) - Retrying connect to server: localhost/127.0.0.1:12777. Already tried 8 time(s); retry policy is RetryUpToMaximumCountWithFixedSleep(maxRetries=15, sleepTime=1000 MILLISECONDS)
2021-10-16 02:30:10,594 [EndpointStateMachine task thread for /127.0.0.1:12757 - 0 ] INFO  ipc.Client (Client.java:handleConnectionFailure(977)) - Retrying connect to server: localhost/127.0.0.1:12757. Already tried 8 time(s); retry policy is RetryUpToMaximumCountWithFixedSleep(maxRetries=15, sleepTime=1000 MILLISECONDS)
2021-10-16 02:30:10,594 [EndpointStateMachine task thread for /127.0.0.1:12767 - 0 ] INFO  ipc.Client (Client.java:handleConnectionFailure(977)) - Retrying connect to server: localhost/127.0.0.1:12767. Already tried 8 time(s); retry policy is RetryUpToMaximumCountWithFixedSleep(maxRetries=15, sleepTime=1000 MILLISECONDS)
2021-10-16 02:30:10,600 [Listener at 0.0.0.0/13947] INFO  server.StorageContainerManager (StorageContainerManager.java:start(1324)) - ScmDatanodeProtocl RPC server is listening at /0.0.0.0:13945
2021-10-16 02:30:10,603 [Listener at 0.0.0.0/13947] INFO  http.BaseHttpServer (BaseHttpServer.java:newHttpServer2BuilderForOzone(209)) - Starting Web-server for scm at: http://0.0.0.0:13942
2021-10-16 02:30:10,604 [Listener at 0.0.0.0/13947] INFO  http.BaseHttpServer (BaseHttpServer.java:<init>(107)) - Hadoop Security Enabled: false Ozone Security Enabled: false Ozone HTTP Security Enabled: false 
2021-10-16 02:30:10,606 [Listener at 0.0.0.0/13947] INFO  server.AuthenticationFilter (AuthenticationFilter.java:constructSecretProvider(240)) - Unable to initialize FileSignerSecretProvider, falling back to use random secrets.
2021-10-16 02:30:10,606 [org.apache.hadoop.util.JvmPauseMonitor$Monitor@5914bf5f] INFO  util.JvmPauseMonitor (JvmPauseMonitor.java:run(188)) - Starting JVM pause monitor
2021-10-16 02:30:10,607 [Listener at 0.0.0.0/13947] WARN  http.HttpRequestLog (HttpRequestLog.java:getRequestLog(103)) - Jetty request log can only be enabled using Log4j
2021-10-16 02:30:10,608 [Listener at 0.0.0.0/13947] INFO  http.HttpServer2 (HttpServer2.java:addGlobalFilter(1030)) - Added global filter 'safety' (class=org.apache.hadoop.hdds.server.http.HttpServer2$QuotingInputFilter)
2021-10-16 02:30:10,609 [Listener at 0.0.0.0/13947] INFO  http.HttpServer2 (HttpServer2.java:addFilter(1006)) - Added filter static_user_filter (class=org.apache.hadoop.http.lib.StaticUserWebFilter$StaticUserFilter) to context scm
2021-10-16 02:30:10,609 [Listener at 0.0.0.0/13947] INFO  http.HttpServer2 (HttpServer2.java:addFilter(1014)) - Added filter static_user_filter (class=org.apache.hadoop.http.lib.StaticUserWebFilter$StaticUserFilter) to context logs
2021-10-16 02:30:10,610 [Listener at 0.0.0.0/13947] INFO  http.HttpServer2 (HttpServer2.java:addFilter(1014)) - Added filter static_user_filter (class=org.apache.hadoop.http.lib.StaticUserWebFilter$StaticUserFilter) to context static
2021-10-16 02:30:10,610 [Listener at 0.0.0.0/13947] INFO  http.HttpServer2 (HttpServer2.java:bindListener(1249)) - Jetty bound to port 13942
2021-10-16 02:30:10,611 [Listener at 0.0.0.0/13947] INFO  server.Server (Server.java:doStart(375)) - jetty-9.4.43.v20210629; built: 2021-06-30T11:07:22.254Z; git: 526006ecfa3af7f1a27ef3a288e2bef7ea9dd7e8; jvm 1.8.0_292-b10
2021-10-16 02:30:10,632 [Listener at 0.0.0.0/13947] INFO  server.session (DefaultSessionIdManager.java:doStart(334)) - DefaultSessionIdManager workerName=node0
2021-10-16 02:30:10,633 [Listener at 0.0.0.0/13947] INFO  server.session (DefaultSessionIdManager.java:doStart(339)) - No SessionScavenger set, using defaults
2021-10-16 02:30:10,633 [Listener at 0.0.0.0/13947] INFO  server.session (HouseKeeper.java:startScavenging(132)) - node0 Scavenging every 600000ms
2021-10-16 02:30:10,634 [Listener at 0.0.0.0/13947] INFO  handler.ContextHandler (ContextHandler.java:doStart(915)) - Started o.e.j.s.ServletContextHandler@54a989ec{logs,/logs,file:///home/runner/work/ozone/ozone/hadoop-ozone/integration-test/target/log,AVAILABLE}
2021-10-16 02:30:10,635 [Listener at 0.0.0.0/13947] INFO  handler.ContextHandler (ContextHandler.java:doStart(915)) - Started o.e.j.s.ServletContextHandler@4544bccb{static,/static,file:///home/runner/work/ozone/ozone/hadoop-ozone/integration-test/target/test-classes/webapps/static,AVAILABLE}
2021-10-16 02:30:10,640 [Listener at 0.0.0.0/13947] INFO  handler.ContextHandler (ContextHandler.java:doStart(915)) - Started o.e.j.w.WebAppContext@1ef39b1a{scm,/,file:///home/runner/work/ozone/ozone/hadoop-ozone/integration-test/target/test-classes/webapps/scm/,AVAILABLE}{file:/home/runner/work/ozone/ozone/hadoop-ozone/integration-test/target/test-classes/webapps/scm}
2021-10-16 02:30:10,642 [Listener at 0.0.0.0/13947] INFO  server.AbstractConnector (AbstractConnector.java:doStart(331)) - Started ServerConnector@7d776202{HTTP/1.1, (http/1.1)}{0.0.0.0:13942}
2021-10-16 02:30:10,645 [Listener at 0.0.0.0/13947] INFO  server.Server (Server.java:doStart(415)) - Started @76239ms
2021-10-16 02:30:10,645 [Listener at 0.0.0.0/13947] WARN  impl.MetricsSystemImpl (MetricsSystemImpl.java:register(279)) - Sink prometheus already exists!
2021-10-16 02:30:10,651 [Listener at 0.0.0.0/13947] INFO  http.BaseHttpServer (BaseHttpServer.java:updateConnectorAddress(329)) - HTTP server of scm listening at http://0.0.0.0:13942
2021-10-16 02:30:10,652 [Listener at 0.0.0.0/13947] INFO  ozone.MiniOzoneHAClusterImpl (MiniOzoneHAClusterImpl.java:createSCMService(564)) - Started SCM RPC server at org.apache.hadoop.hdds.scm.server.SCMClientProtocolServer@f3dfca7
2021-10-16 02:30:10,654 [Listener at 0.0.0.0/13947] INFO  ha.SCMHANodeDetails (SCMHANodeDetails.java:loadSCMHAConfig(157)) - ServiceID for StorageContainerManager is scm-service-test1
2021-10-16 02:30:10,654 [Listener at 0.0.0.0/13947] INFO  ha.SCMHANodeDetails (SCMHANodeDetails.java:loadSCMHAConfig(168)) - ServiceID for StorageContainerManager is scm-service-test1
2021-10-16 02:30:10,654 [Listener at 0.0.0.0/13947] WARN  scm.ScmUtils (ScmUtils.java:logWarn(179)) - ConfigKey ozone.scm.block.client.address is deprecated, For configuring different ports for each SCM use PortConfigKey ozone.scm.block.client.port appended with serviceId and nodeId. If want to configure same port configure ozone.scm.block.client.port
2021-10-16 02:30:10,655 [Listener at 0.0.0.0/13947] WARN  scm.ScmUtils (ScmUtils.java:logWarn(179)) - ConfigKey ozone.scm.client.address is deprecated, For configuring different ports for each SCM use PortConfigKey ozone.scm.client.port appended with serviceId and nodeId. If want to configure same port configure ozone.scm.client.port
2021-10-16 02:30:10,655 [Listener at 0.0.0.0/13947] WARN  scm.ScmUtils (ScmUtils.java:logWarn(179)) - ConfigKey ozone.scm.datanode.address is deprecated, For configuring different ports for each SCM use PortConfigKey ozone.scm.datanode.port appended with serviceId and nodeId. If want to configure same port configure ozone.scm.datanode.port
2021-10-16 02:30:10,655 [Listener at 0.0.0.0/13947] WARN  scm.ScmUtils (ScmUtils.java:logWarn(179)) - ConfigKey ozone.scm.block.client.address is deprecated, For configuring different ports for each SCM use PortConfigKey ozone.scm.block.client.port appended with serviceId and nodeId. If want to configure same port configure ozone.scm.block.client.port
2021-10-16 02:30:10,656 [Listener at 0.0.0.0/13947] WARN  scm.ScmUtils (ScmUtils.java:logWarn(179)) - ConfigKey ozone.scm.client.address is deprecated, For configuring different ports for each SCM use PortConfigKey ozone.scm.client.port appended with serviceId and nodeId. If want to configure same port configure ozone.scm.client.port
2021-10-16 02:30:10,656 [Listener at 0.0.0.0/13947] WARN  scm.ScmUtils (ScmUtils.java:logWarn(179)) - ConfigKey ozone.scm.datanode.address is deprecated, For configuring different ports for each SCM use PortConfigKey ozone.scm.datanode.port appended with serviceId and nodeId. If want to configure same port configure ozone.scm.datanode.port
2021-10-16 02:30:10,656 [Listener at 0.0.0.0/13947] INFO  ha.SCMHANodeDetails (SCMHANodeDetails.java:loadSCMHAConfig(250)) - Found matching SCM address with SCMServiceId: scm-service-test1, SCMNodeId: scmNode-2, RPC Address: localhost:13954 and Ratis port: 13954
2021-10-16 02:30:10,657 [Listener at 0.0.0.0/13947] INFO  ha.SCMHANodeDetails (ConfUtils.java:setNodeSpecificConfigs(108)) - Setting configuration key ozone.scm.datanode.address with value of key ozone.scm.datanode.address.scm-service-test1.scmNode-2: 127.0.0.1:13955
2021-10-16 02:30:10,657 [Listener at 0.0.0.0/13947] INFO  ha.SCMHANodeDetails (ConfUtils.java:setNodeSpecificConfigs(108)) - Setting configuration key ozone.scm.block.client.address with value of key ozone.scm.block.client.address.scm-service-test1.scmNode-2: 127.0.0.1:13956
2021-10-16 02:30:10,657 [Listener at 0.0.0.0/13947] INFO  ha.SCMHANodeDetails (ConfUtils.java:setNodeSpecificConfigs(108)) - Setting configuration key ozone.scm.client.address with value of key ozone.scm.client.address.scm-service-test1.scmNode-2: 127.0.0.1:13957
2021-10-16 02:30:10,657 [Listener at 0.0.0.0/13947] INFO  ha.SCMHANodeDetails (ConfUtils.java:setNodeSpecificConfigs(108)) - Setting configuration key ozone.scm.ratis.port with value of key ozone.scm.ratis.port.scm-service-test1.scmNode-2: 13954
2021-10-16 02:30:10,658 [Listener at 0.0.0.0/13947] INFO  ha.SCMHANodeDetails (ConfUtils.java:setNodeSpecificConfigs(108)) - Setting configuration key ozone.scm.grpc.port with value of key ozone.scm.grpc.port.scm-service-test1.scmNode-2: 13958
2021-10-16 02:30:10,661 [Listener at 0.0.0.0/13947] INFO  ha.SCMHANodeDetails (ConfUtils.java:setNodeSpecificConfigs(108)) - Setting configuration key ozone.scm.http-address with value of key ozone.scm.http-address.scm-service-test1.scmNode-2: 127.0.0.1:13952
2021-10-16 02:30:10,661 [Listener at 0.0.0.0/13947] INFO  ha.SCMHANodeDetails (ConfUtils.java:setNodeSpecificConfigs(108)) - Setting configuration key ozone.scm.https-address with value of key ozone.scm.https-address.scm-service-test1.scmNode-2: 127.0.0.1:13953
2021-10-16 02:30:10,661 [Listener at 0.0.0.0/13947] INFO  ha.SCMHANodeDetails (ConfUtils.java:setNodeSpecificConfigs(108)) - Setting configuration key ozone.scm.address with value of key ozone.scm.address.scm-service-test1.scmNode-2: 127.0.0.1
2021-10-16 02:30:10,662 [Listener at 0.0.0.0/13947] WARN  scm.ScmUtils (ScmUtils.java:logWarn(179)) - ConfigKey ozone.scm.block.client.address is deprecated, For configuring different ports for each SCM use PortConfigKey ozone.scm.block.client.port appended with serviceId and nodeId. If want to configure same port configure ozone.scm.block.client.port
2021-10-16 02:30:10,662 [Listener at 0.0.0.0/13947] WARN  scm.ScmUtils (ScmUtils.java:logWarn(179)) - ConfigKey ozone.scm.client.address is deprecated, For configuring different ports for each SCM use PortConfigKey ozone.scm.client.port appended with serviceId and nodeId. If want to configure same port configure ozone.scm.client.port
2021-10-16 02:30:10,662 [Listener at 0.0.0.0/13947] WARN  scm.ScmUtils (ScmUtils.java:logWarn(179)) - ConfigKey ozone.scm.datanode.address is deprecated, For configuring different ports for each SCM use PortConfigKey ozone.scm.datanode.port appended with serviceId and nodeId. If want to configure same port configure ozone.scm.datanode.port
2021-10-16 02:30:10,663 [Listener at 0.0.0.0/13947] WARN  server.ServerUtils (ServerUtils.java:getScmDbDir(148)) - ozone.scm.db.dirs is not configured. We recommend adding this setting. Falling back to ozone.metadata.dirs instead.
2021-10-16 02:30:10,668 [Listener at 0.0.0.0/13947] INFO  ha.SCMNodeInfo (SCMNodeInfo.java:getPort(197)) - ConfigKey ozone.scm.client.address is deprecated, For configuring different ports for each SCM use PortConfigKey ozone.scm.client.port appended with serviceId and nodeId
2021-10-16 02:30:10,668 [Listener at 0.0.0.0/13947] INFO  ha.SCMNodeInfo (SCMNodeInfo.java:getPort(197)) - ConfigKey ozone.scm.block.client.address is deprecated, For configuring different ports for each SCM use PortConfigKey ozone.scm.block.client.port appended with serviceId and nodeId
2021-10-16 02:30:10,668 [Listener at 0.0.0.0/13947] INFO  ha.SCMNodeInfo (SCMNodeInfo.java:getPort(197)) - ConfigKey ozone.scm.datanode.address is deprecated, For configuring different ports for each SCM use PortConfigKey ozone.scm.datanode.port appended with serviceId and nodeId
2021-10-16 02:30:10,668 [Listener at 0.0.0.0/13947] INFO  ha.SCMNodeInfo (SCMNodeInfo.java:getPort(197)) - ConfigKey ozone.scm.client.address is deprecated, For configuring different ports for each SCM use PortConfigKey ozone.scm.client.port appended with serviceId and nodeId
2021-10-16 02:30:10,669 [Listener at 0.0.0.0/13947] INFO  ha.SCMNodeInfo (SCMNodeInfo.java:getPort(197)) - ConfigKey ozone.scm.block.client.address is deprecated, For configuring different ports for each SCM use PortConfigKey ozone.scm.block.client.port appended with serviceId and nodeId
2021-10-16 02:30:10,669 [Listener at 0.0.0.0/13947] INFO  ha.SCMNodeInfo (SCMNodeInfo.java:getPort(197)) - ConfigKey ozone.scm.datanode.address is deprecated, For configuring different ports for each SCM use PortConfigKey ozone.scm.datanode.port appended with serviceId and nodeId
2021-10-16 02:30:10,669 [Listener at 0.0.0.0/13947] INFO  ha.SCMNodeInfo (SCMNodeInfo.java:getPort(197)) - ConfigKey ozone.scm.client.address is deprecated, For configuring different ports for each SCM use PortConfigKey ozone.scm.client.port appended with serviceId and nodeId
2021-10-16 02:30:10,672 [Listener at 0.0.0.0/13947] INFO  ha.SCMNodeInfo (SCMNodeInfo.java:getPort(197)) - ConfigKey ozone.scm.block.client.address is deprecated, For configuring different ports for each SCM use PortConfigKey ozone.scm.block.client.port appended with serviceId and nodeId
2021-10-16 02:30:10,672 [Listener at 0.0.0.0/13947] INFO  ha.SCMNodeInfo (SCMNodeInfo.java:getPort(197)) - ConfigKey ozone.scm.datanode.address is deprecated, For configuring different ports for each SCM use PortConfigKey ozone.scm.datanode.port appended with serviceId and nodeId
2021-10-16 02:30:11,591 [EndpointStateMachine task thread for /127.0.0.1:12777 - 0 ] INFO  ipc.Client (Client.java:handleConnectionFailure(977)) - Retrying connect to server: localhost/127.0.0.1:12777. Already tried 9 time(s); retry policy is RetryUpToMaximumCountWithFixedSleep(maxRetries=15, sleepTime=1000 MILLISECONDS)
2021-10-16 02:30:11,595 [EndpointStateMachine task thread for /127.0.0.1:12757 - 0 ] INFO  ipc.Client (Client.java:handleConnectionFailure(977)) - Retrying connect to server: localhost/127.0.0.1:12757. Already tried 9 time(s); retry policy is RetryUpToMaximumCountWithFixedSleep(maxRetries=15, sleepTime=1000 MILLISECONDS)
2021-10-16 02:30:11,595 [EndpointStateMachine task thread for /127.0.0.1:12767 - 0 ] INFO  ipc.Client (Client.java:handleConnectionFailure(977)) - Retrying connect to server: localhost/127.0.0.1:12767. Already tried 9 time(s); retry policy is RetryUpToMaximumCountWithFixedSleep(maxRetries=15, sleepTime=1000 MILLISECONDS)
2021-10-16 02:30:12,592 [EndpointStateMachine task thread for /127.0.0.1:12777 - 0 ] INFO  ipc.Client (Client.java:handleConnectionFailure(977)) - Retrying connect to server: localhost/127.0.0.1:12777. Already tried 10 time(s); retry policy is RetryUpToMaximumCountWithFixedSleep(maxRetries=15, sleepTime=1000 MILLISECONDS)
2021-10-16 02:30:12,595 [EndpointStateMachine task thread for /127.0.0.1:12757 - 0 ] INFO  ipc.Client (Client.java:handleConnectionFailure(977)) - Retrying connect to server: localhost/127.0.0.1:12757. Already tried 10 time(s); retry policy is RetryUpToMaximumCountWithFixedSleep(maxRetries=15, sleepTime=1000 MILLISECONDS)
2021-10-16 02:30:12,595 [EndpointStateMachine task thread for /127.0.0.1:12767 - 0 ] INFO  ipc.Client (Client.java:handleConnectionFailure(977)) - Retrying connect to server: localhost/127.0.0.1:12767. Already tried 10 time(s); retry policy is RetryUpToMaximumCountWithFixedSleep(maxRetries=15, sleepTime=1000 MILLISECONDS)
2021-10-16 02:30:12,691 [Listener at 0.0.0.0/13947] INFO  retry.RetryInvocationHandler (RetryInvocationHandler.java:log(411)) - com.google.protobuf.ServiceException: java.net.ConnectException: Call From fv-az59-128/10.1.0.78 to localhost:13956 failed on connection exception: java.net.ConnectException: Connection refused; For more details see:  http://wiki.apache.org/hadoop/ConnectionRefused, while invoking $Proxy39.send over nodeId=scmNode-2,nodeAddress=/127.0.0.1:13956 after 1 failover attempts. Trying to failover after sleeping for 2000ms.
2021-10-16 02:30:13,593 [EndpointStateMachine task thread for /127.0.0.1:12777 - 0 ] INFO  ipc.Client (Client.java:handleConnectionFailure(977)) - Retrying connect to server: localhost/127.0.0.1:12777. Already tried 11 time(s); retry policy is RetryUpToMaximumCountWithFixedSleep(maxRetries=15, sleepTime=1000 MILLISECONDS)
2021-10-16 02:30:13,596 [EndpointStateMachine task thread for /127.0.0.1:12757 - 0 ] INFO  ipc.Client (Client.java:handleConnectionFailure(977)) - Retrying connect to server: localhost/127.0.0.1:12757. Already tried 11 time(s); retry policy is RetryUpToMaximumCountWithFixedSleep(maxRetries=15, sleepTime=1000 MILLISECONDS)
2021-10-16 02:30:13,596 [EndpointStateMachine task thread for /127.0.0.1:12767 - 0 ] INFO  ipc.Client (Client.java:handleConnectionFailure(977)) - Retrying connect to server: localhost/127.0.0.1:12767. Already tried 11 time(s); retry policy is RetryUpToMaximumCountWithFixedSleep(maxRetries=15, sleepTime=1000 MILLISECONDS)
2021-10-16 02:30:14,594 [EndpointStateMachine task thread for /127.0.0.1:12777 - 0 ] INFO  ipc.Client (Client.java:handleConnectionFailure(977)) - Retrying connect to server: localhost/127.0.0.1:12777. Already tried 12 time(s); retry policy is RetryUpToMaximumCountWithFixedSleep(maxRetries=15, sleepTime=1000 MILLISECONDS)
2021-10-16 02:30:14,597 [EndpointStateMachine task thread for /127.0.0.1:12767 - 0 ] INFO  ipc.Client (Client.java:handleConnectionFailure(977)) - Retrying connect to server: localhost/127.0.0.1:12767. Already tried 12 time(s); retry policy is RetryUpToMaximumCountWithFixedSleep(maxRetries=15, sleepTime=1000 MILLISECONDS)
2021-10-16 02:30:14,598 [EndpointStateMachine task thread for /127.0.0.1:12757 - 0 ] INFO  ipc.Client (Client.java:handleConnectionFailure(977)) - Retrying connect to server: localhost/127.0.0.1:12757. Already tried 12 time(s); retry policy is RetryUpToMaximumCountWithFixedSleep(maxRetries=15, sleepTime=1000 MILLISECONDS)
2021-10-16 02:30:14,693 [Listener at 0.0.0.0/13947] INFO  retry.RetryInvocationHandler (RetryInvocationHandler.java:log(411)) - com.google.protobuf.ServiceException: java.net.ConnectException: Call From fv-az59-128/10.1.0.78 to localhost:13966 failed on connection exception: java.net.ConnectException: Connection refused; For more details see:  http://wiki.apache.org/hadoop/ConnectionRefused, while invoking $Proxy39.send over nodeId=scmNode-3,nodeAddress=/127.0.0.1:13966 after 2 failover attempts. Trying to failover after sleeping for 2000ms.
2021-10-16 02:30:15,430 [3deaabcd-f5f1-47ac-8cd4-644b2fe93232@group-FCCD761457F8-FollowerState] INFO  impl.FollowerState (FollowerState.java:run(134)) - 3deaabcd-f5f1-47ac-8cd4-644b2fe93232@group-FCCD761457F8-FollowerState: change to CANDIDATE, lastRpcElapsedTime:5076439600ns, electionTimeout:5066ms
2021-10-16 02:30:15,431 [3deaabcd-f5f1-47ac-8cd4-644b2fe93232@group-FCCD761457F8-FollowerState] INFO  impl.RoleInfo (RoleInfo.java:shutdownFollowerState(108)) - 3deaabcd-f5f1-47ac-8cd4-644b2fe93232: shutdown 3deaabcd-f5f1-47ac-8cd4-644b2fe93232@group-FCCD761457F8-FollowerState
2021-10-16 02:30:15,431 [3deaabcd-f5f1-47ac-8cd4-644b2fe93232@group-FCCD761457F8-FollowerState] INFO  server.RaftServer$Division (RaftServerImpl.java:setRole(285)) - 3deaabcd-f5f1-47ac-8cd4-644b2fe93232@group-FCCD761457F8: changes role from  FOLLOWER to CANDIDATE at term 1 for changeToCandidate
2021-10-16 02:30:15,431 [3deaabcd-f5f1-47ac-8cd4-644b2fe93232@group-FCCD761457F8-FollowerState] INFO  server.RaftServerConfigKeys (ConfUtils.java:logGet(44)) - raft.server.leaderelection.pre-vote = false (custom)
2021-10-16 02:30:15,431 [3deaabcd-f5f1-47ac-8cd4-644b2fe93232@group-FCCD761457F8-FollowerState] INFO  impl.RoleInfo (RoleInfo.java:updateAndGet(130)) - 3deaabcd-f5f1-47ac-8cd4-644b2fe93232: start 3deaabcd-f5f1-47ac-8cd4-644b2fe93232@group-FCCD761457F8-LeaderElection15
2021-10-16 02:30:15,448 [3deaabcd-f5f1-47ac-8cd4-644b2fe93232@group-FCCD761457F8-LeaderElection15] INFO  impl.LeaderElection (LeaderElection.java:askForVotes(306)) - 3deaabcd-f5f1-47ac-8cd4-644b2fe93232@group-FCCD761457F8-LeaderElection15 ELECTION round 0: submit vote requests at term 2 for 0: [3deaabcd-f5f1-47ac-8cd4-644b2fe93232|rpc:localhost:13944|admin:|client:|dataStream:|priority:0], old=null
2021-10-16 02:30:15,448 [3deaabcd-f5f1-47ac-8cd4-644b2fe93232@group-FCCD761457F8-LeaderElection15] INFO  impl.LeaderElection (LeaderElection.java:askForVotes(308)) - 3deaabcd-f5f1-47ac-8cd4-644b2fe93232@group-FCCD761457F8-LeaderElection15 ELECTION round 0: result PASSED (term=2)
2021-10-16 02:30:15,448 [3deaabcd-f5f1-47ac-8cd4-644b2fe93232@group-FCCD761457F8-LeaderElection15] INFO  impl.RoleInfo (RoleInfo.java:shutdownLeaderElection(121)) - 3deaabcd-f5f1-47ac-8cd4-644b2fe93232: shutdown 3deaabcd-f5f1-47ac-8cd4-644b2fe93232@group-FCCD761457F8-LeaderElection15
2021-10-16 02:30:15,448 [3deaabcd-f5f1-47ac-8cd4-644b2fe93232@group-FCCD761457F8-LeaderElection15] INFO  server.RaftServer$Division (RaftServerImpl.java:setRole(285)) - 3deaabcd-f5f1-47ac-8cd4-644b2fe93232@group-FCCD761457F8: changes role from CANDIDATE to LEADER at term 2 for changeToLeader
2021-10-16 02:30:15,448 [3deaabcd-f5f1-47ac-8cd4-644b2fe93232@group-FCCD761457F8-LeaderElection15] INFO  ha.SCMStateMachine (SCMStateMachine.java:notifyLeaderChanged(252)) - current SCM becomes leader of term 2.
2021-10-16 02:30:15,448 [3deaabcd-f5f1-47ac-8cd4-644b2fe93232@group-FCCD761457F8-LeaderElection15] INFO  ha.SCMContext (SCMContext.java:updateLeaderAndTerm(88)) - update <isLeader,term> from <false,0> to <true,2>
2021-10-16 02:30:15,448 [3deaabcd-f5f1-47ac-8cd4-644b2fe93232@group-FCCD761457F8-LeaderElection15] INFO  server.RaftServer$Division (ServerState.java:setLeader(285)) - 3deaabcd-f5f1-47ac-8cd4-644b2fe93232@group-FCCD761457F8: change Leader from null to 3deaabcd-f5f1-47ac-8cd4-644b2fe93232 at term 2 for becomeLeader, leader elected after 5228ms
2021-10-16 02:30:15,448 [3deaabcd-f5f1-47ac-8cd4-644b2fe93232@group-FCCD761457F8-LeaderElection15] INFO  server.RaftServerConfigKeys (ConfUtils.java:logGet(44)) - raft.server.staging.catchup.gap = 1000 (default)
2021-10-16 02:30:15,449 [3deaabcd-f5f1-47ac-8cd4-644b2fe93232@group-FCCD761457F8-LeaderElection15] INFO  server.RaftServerConfigKeys (ConfUtils.java:logGet(44)) - raft.server.write.element-limit = 4096 (default)
2021-10-16 02:30:15,449 [3deaabcd-f5f1-47ac-8cd4-644b2fe93232@group-FCCD761457F8-LeaderElection15] INFO  server.RaftServerConfigKeys (ConfUtils.java:logGet(44)) - raft.server.write.byte-limit = 64MB (=67108864) (default)
2021-10-16 02:30:15,449 [3deaabcd-f5f1-47ac-8cd4-644b2fe93232@group-FCCD761457F8-LeaderElection15] INFO  server.RaftServerConfigKeys (ConfUtils.java:logGet(44)) - raft.server.watch.timeout = 10s (default)
2021-10-16 02:30:15,449 [3deaabcd-f5f1-47ac-8cd4-644b2fe93232@group-FCCD761457F8-LeaderElection15] INFO  server.RaftServerConfigKeys (ConfUtils.java:logGet(44)) - raft.server.watch.timeout.denomination = 1s (default)
2021-10-16 02:30:15,449 [3deaabcd-f5f1-47ac-8cd4-644b2fe93232@group-FCCD761457F8-LeaderElection15] INFO  server.RaftServerConfigKeys (ConfUtils.java:logGet(44)) - raft.server.watch.element-limit = 65536 (default)
2021-10-16 02:30:15,449 [3deaabcd-f5f1-47ac-8cd4-644b2fe93232@group-FCCD761457F8-LeaderElection15] INFO  impl.RoleInfo (RoleInfo.java:updateAndGet(130)) - 3deaabcd-f5f1-47ac-8cd4-644b2fe93232: start 3deaabcd-f5f1-47ac-8cd4-644b2fe93232@group-FCCD761457F8-LeaderStateImpl
2021-10-16 02:30:15,452 [3deaabcd-f5f1-47ac-8cd4-644b2fe93232@group-FCCD761457F8-LeaderElection15] INFO  segmented.SegmentedRaftLogWorker (SegmentedRaftLogWorker.java:rollLogSegment(399)) - 3deaabcd-f5f1-47ac-8cd4-644b2fe93232@group-FCCD761457F8-SegmentedRaftLogWorker: Rolling segment log-0_0 to index:0
2021-10-16 02:30:15,453 [3deaabcd-f5f1-47ac-8cd4-644b2fe93232@group-FCCD761457F8-SegmentedRaftLogWorker] INFO  segmented.SegmentedRaftLogWorker (SegmentedRaftLogWorker.java:execute(558)) - 3deaabcd-f5f1-47ac-8cd4-644b2fe93232@group-FCCD761457F8-SegmentedRaftLogWorker: Rolled log segment from /home/runner/work/ozone/ozone/hadoop-ozone/integration-test/target/test-dir/MiniOzoneClusterImpl-4eb377f1-b672-4075-9178-fccd761457f8/scmNode-1/scm-ha/4eb377f1-b672-4075-9178-fccd761457f8/current/log_inprogress_0 to /home/runner/work/ozone/ozone/hadoop-ozone/integration-test/target/test-dir/MiniOzoneClusterImpl-4eb377f1-b672-4075-9178-fccd761457f8/scmNode-1/scm-ha/4eb377f1-b672-4075-9178-fccd761457f8/current/log_0-0
2021-10-16 02:30:15,454 [3deaabcd-f5f1-47ac-8cd4-644b2fe93232@group-FCCD761457F8-SegmentedRaftLogWorker] INFO  segmented.SegmentedRaftLogWorker (SegmentedRaftLogWorker.java:execute(601)) - 3deaabcd-f5f1-47ac-8cd4-644b2fe93232@group-FCCD761457F8-SegmentedRaftLogWorker: created new log segment /home/runner/work/ozone/ozone/hadoop-ozone/integration-test/target/test-dir/MiniOzoneClusterImpl-4eb377f1-b672-4075-9178-fccd761457f8/scmNode-1/scm-ha/4eb377f1-b672-4075-9178-fccd761457f8/current/log_inprogress_1
2021-10-16 02:30:15,462 [3deaabcd-f5f1-47ac-8cd4-644b2fe93232@group-FCCD761457F8-LeaderElection15] INFO  server.RaftServer$Division (ServerState.java:setRaftConf(387)) - 3deaabcd-f5f1-47ac-8cd4-644b2fe93232@group-FCCD761457F8: set configuration 1: [3deaabcd-f5f1-47ac-8cd4-644b2fe93232|rpc:localhost:13944|admin:|client:|dataStream:|priority:0], old=null
2021-10-16 02:30:15,467 [3deaabcd-f5f1-47ac-8cd4-644b2fe93232@group-FCCD761457F8-StateMachineUpdater] INFO  ha.SCMContext (SCMContext.java:setLeaderReady(115)) - update <isLeaderReady> from <false> to <true>
2021-10-16 02:30:15,468 [3deaabcd-f5f1-47ac-8cd4-644b2fe93232@group-FCCD761457F8-StateMachineUpdater] INFO  pipeline.BackgroundPipelineCreator (BackgroundPipelineCreator.java:notifyStatusChanged(264)) - Service BackgroundPipelineCreator transitions to RUNNING.
2021-10-16 02:30:15,469 [3deaabcd-f5f1-47ac-8cd4-644b2fe93232@group-FCCD761457F8-StateMachineUpdater] INFO  safemode.HealthyPipelineSafeModeRule (HealthyPipelineSafeModeRule.java:initializeRule(152)) - Refreshed total pipeline count is 0, healthy pipeline threshold count is 1
2021-10-16 02:30:15,469 [3deaabcd-f5f1-47ac-8cd4-644b2fe93232@group-FCCD761457F8-StateMachineUpdater] INFO  safemode.ContainerSafeModeRule (ContainerSafeModeRule.java:reInitializeRule(177)) - Refreshed one replica container threshold 0, currentThreshold 0
2021-10-16 02:30:15,469 [3deaabcd-f5f1-47ac-8cd4-644b2fe93232@group-FCCD761457F8-StateMachineUpdater] INFO  safemode.OneReplicaPipelineSafeModeRule (OneReplicaPipelineSafeModeRule.java:initializeRule(176)) - Refreshed Total pipeline count is 0, pipeline's with at least one datanode reported threshold count is 0
2021-10-16 02:30:15,469 [3deaabcd-f5f1-47ac-8cd4-644b2fe93232@group-FCCD761457F8-StateMachineUpdater] INFO  server.SCMDatanodeProtocolServer (SCMDatanodeProtocolServer.java:start(181)) - RPC server for DataNodes is listening at /0.0.0.0:13945
2021-10-16 02:30:15,476 [IPC Server listener on 13945] INFO  ipc.Server (Server.java:run(1344)) - IPC Server listener on 13945: starting
2021-10-16 02:30:15,487 [IPC Server Responder] INFO  ipc.Server (Server.java:run(1507)) - IPC Server Responder: starting
2021-10-16 02:30:15,595 [EndpointStateMachine task thread for /127.0.0.1:12777 - 0 ] INFO  ipc.Client (Client.java:handleConnectionFailure(977)) - Retrying connect to server: localhost/127.0.0.1:12777. Already tried 13 time(s); retry policy is RetryUpToMaximumCountWithFixedSleep(maxRetries=15, sleepTime=1000 MILLISECONDS)
2021-10-16 02:30:15,598 [EndpointStateMachine task thread for /127.0.0.1:12767 - 0 ] INFO  ipc.Client (Client.java:handleConnectionFailure(977)) - Retrying connect to server: localhost/127.0.0.1:12767. Already tried 13 time(s); retry policy is RetryUpToMaximumCountWithFixedSleep(maxRetries=15, sleepTime=1000 MILLISECONDS)
2021-10-16 02:30:15,598 [EndpointStateMachine task thread for /127.0.0.1:12757 - 0 ] INFO  ipc.Client (Client.java:handleConnectionFailure(977)) - Retrying connect to server: localhost/127.0.0.1:12757. Already tried 13 time(s); retry policy is RetryUpToMaximumCountWithFixedSleep(maxRetries=15, sleepTime=1000 MILLISECONDS)
2021-10-16 02:30:16,596 [EndpointStateMachine task thread for /127.0.0.1:12777 - 0 ] INFO  ipc.Client (Client.java:handleConnectionFailure(977)) - Retrying connect to server: localhost/127.0.0.1:12777. Already tried 14 time(s); retry policy is RetryUpToMaximumCountWithFixedSleep(maxRetries=15, sleepTime=1000 MILLISECONDS)
2021-10-16 02:30:16,597 [EndpointStateMachine task thread for /127.0.0.1:12777 - 0 ] WARN  statemachine.EndpointStateMachine (EndpointStateMachine.java:logIfNeeded(236)) - Unable to communicate to SCM server at localhost:12777 for past 0 seconds.
java.net.ConnectException: Call From fv-az59-128/10.1.0.78 to localhost:12777 failed on connection exception: java.net.ConnectException: Connection refused; For more details see:  http://wiki.apache.org/hadoop/ConnectionRefused
	at sun.reflect.NativeConstructorAccessorImpl.newInstance0(Native Method)
	at sun.reflect.NativeConstructorAccessorImpl.newInstance(NativeConstructorAccessorImpl.java:62)
	at sun.reflect.DelegatingConstructorAccessorImpl.newInstance(DelegatingConstructorAccessorImpl.java:45)
	at java.lang.reflect.Constructor.newInstance(Constructor.java:423)
	at org.apache.hadoop.net.NetUtils.wrapWithMessage(NetUtils.java:913)
	at org.apache.hadoop.net.NetUtils.wrapException(NetUtils.java:828)
	at org.apache.hadoop.ipc.Client.getRpcResponse(Client.java:1577)
	at org.apache.hadoop.ipc.Client.call(Client.java:1519)
	at org.apache.hadoop.ipc.Client.call(Client.java:1416)
	at org.apache.hadoop.ipc.ProtobufRpcEngine$Invoker.invoke(ProtobufRpcEngine.java:236)
	at org.apache.hadoop.ipc.ProtobufRpcEngine$Invoker.invoke(ProtobufRpcEngine.java:123)
	at com.sun.proxy.$Proxy48.submitRequest(Unknown Source)
	at org.apache.hadoop.ozone.protocolPB.StorageContainerDatanodeProtocolClientSideTranslatorPB.submitRequest(StorageContainerDatanodeProtocolClientSideTranslatorPB.java:117)
	at org.apache.hadoop.ozone.protocolPB.StorageContainerDatanodeProtocolClientSideTranslatorPB.sendHeartbeat(StorageContainerDatanodeProtocolClientSideTranslatorPB.java:149)
	at org.apache.hadoop.ozone.container.common.states.endpoint.HeartbeatEndpointTask.call(HeartbeatEndpointTask.java:179)
	at org.apache.hadoop.ozone.container.common.states.endpoint.HeartbeatEndpointTask.call(HeartbeatEndpointTask.java:82)
	at java.util.concurrent.FutureTask.run(FutureTask.java:266)
	at java.util.concurrent.ThreadPoolExecutor.runWorker(ThreadPoolExecutor.java:1149)
	at java.util.concurrent.ThreadPoolExecutor$Worker.run(ThreadPoolExecutor.java:624)
	at java.lang.Thread.run(Thread.java:748)
Caused by: java.net.ConnectException: Connection refused
	at sun.nio.ch.SocketChannelImpl.checkConnect(Native Method)
	at sun.nio.ch.SocketChannelImpl.finishConnect(SocketChannelImpl.java:716)
	at org.apache.hadoop.net.SocketIOWithTimeout.connect(SocketIOWithTimeout.java:206)
	at org.apache.hadoop.net.NetUtils.connect(NetUtils.java:586)
	at org.apache.hadoop.ipc.Client$Connection.setupConnection(Client.java:701)
	at org.apache.hadoop.ipc.Client$Connection.setupIOstreams(Client.java:822)
	at org.apache.hadoop.ipc.Client$Connection.access$3800(Client.java:414)
	at org.apache.hadoop.ipc.Client.getConnection(Client.java:1647)
	at org.apache.hadoop.ipc.Client.call(Client.java:1463)
	... 12 more
2021-10-16 02:30:16,598 [EndpointStateMachine task thread for /127.0.0.1:12767 - 0 ] INFO  ipc.Client (Client.java:handleConnectionFailure(977)) - Retrying connect to server: localhost/127.0.0.1:12767. Already tried 14 time(s); retry policy is RetryUpToMaximumCountWithFixedSleep(maxRetries=15, sleepTime=1000 MILLISECONDS)
2021-10-16 02:30:16,599 [EndpointStateMachine task thread for /127.0.0.1:12757 - 0 ] INFO  ipc.Client (Client.java:handleConnectionFailure(977)) - Retrying connect to server: localhost/127.0.0.1:12757. Already tried 14 time(s); retry policy is RetryUpToMaximumCountWithFixedSleep(maxRetries=15, sleepTime=1000 MILLISECONDS)
2021-10-16 02:30:16,600 [EndpointStateMachine task thread for /127.0.0.1:12757 - 0 ] WARN  statemachine.EndpointStateMachine (EndpointStateMachine.java:logIfNeeded(236)) - Unable to communicate to SCM server at localhost:12757 for past 0 seconds.
java.net.ConnectException: Call From fv-az59-128/10.1.0.78 to localhost:12757 failed on connection exception: java.net.ConnectException: Connection refused; For more details see:  http://wiki.apache.org/hadoop/ConnectionRefused
	at sun.reflect.NativeConstructorAccessorImpl.newInstance0(Native Method)
	at sun.reflect.NativeConstructorAccessorImpl.newInstance(NativeConstructorAccessorImpl.java:62)
	at sun.reflect.DelegatingConstructorAccessorImpl.newInstance(DelegatingConstructorAccessorImpl.java:45)
	at java.lang.reflect.Constructor.newInstance(Constructor.java:423)
	at org.apache.hadoop.net.NetUtils.wrapWithMessage(NetUtils.java:913)
	at org.apache.hadoop.net.NetUtils.wrapException(NetUtils.java:828)
	at org.apache.hadoop.ipc.Client.getRpcResponse(Client.java:1577)
	at org.apache.hadoop.ipc.Client.call(Client.java:1519)
	at org.apache.hadoop.ipc.Client.call(Client.java:1416)
	at org.apache.hadoop.ipc.ProtobufRpcEngine$Invoker.invoke(ProtobufRpcEngine.java:236)
	at org.apache.hadoop.ipc.ProtobufRpcEngine$Invoker.invoke(ProtobufRpcEngine.java:123)
	at com.sun.proxy.$Proxy48.submitRequest(Unknown Source)
	at org.apache.hadoop.ozone.protocolPB.StorageContainerDatanodeProtocolClientSideTranslatorPB.submitRequest(StorageContainerDatanodeProtocolClientSideTranslatorPB.java:117)
	at org.apache.hadoop.ozone.protocolPB.StorageContainerDatanodeProtocolClientSideTranslatorPB.sendHeartbeat(StorageContainerDatanodeProtocolClientSideTranslatorPB.java:149)
	at org.apache.hadoop.ozone.container.common.states.endpoint.HeartbeatEndpointTask.call(HeartbeatEndpointTask.java:179)
	at org.apache.hadoop.ozone.container.common.states.endpoint.HeartbeatEndpointTask.call(HeartbeatEndpointTask.java:82)
	at java.util.concurrent.FutureTask.run(FutureTask.java:266)
	at java.util.concurrent.ThreadPoolExecutor.runWorker(ThreadPoolExecutor.java:1149)
	at java.util.concurrent.ThreadPoolExecutor$Worker.run(ThreadPoolExecutor.java:624)
	at java.lang.Thread.run(Thread.java:748)
Caused by: java.net.ConnectException: Connection refused
	at sun.nio.ch.SocketChannelImpl.checkConnect(Native Method)
	at sun.nio.ch.SocketChannelImpl.finishConnect(SocketChannelImpl.java:716)
	at org.apache.hadoop.net.SocketIOWithTimeout.connect(SocketIOWithTimeout.java:206)
	at org.apache.hadoop.net.NetUtils.connect(NetUtils.java:586)
	at org.apache.hadoop.ipc.Client$Connection.setupConnection(Client.java:701)
	at org.apache.hadoop.ipc.Client$Connection.setupIOstreams(Client.java:822)
	at org.apache.hadoop.ipc.Client$Connection.access$3800(Client.java:414)
	at org.apache.hadoop.ipc.Client.getConnection(Client.java:1647)
	at org.apache.hadoop.ipc.Client.call(Client.java:1463)
	... 12 more
2021-10-16 02:30:16,700 [Listener at 0.0.0.0/13947] INFO  server.StorageContainerManager (StorageContainerManager.java:scmBootstrap(987)) - SCM BootStrap  is successful for ClusterID 4eb377f1-b672-4075-9178-fccd761457f8, SCMID 8377993e-4b96-4dd4-a005-414dac6239f0
2021-10-16 02:30:16,700 [Listener at 0.0.0.0/13947] INFO  server.StorageContainerManager (StorageContainerManager.java:scmBootstrap(989)) - Primary SCM Node ID 3deaabcd-f5f1-47ac-8cd4-644b2fe93232
2021-10-16 02:30:16,701 [Listener at 0.0.0.0/13947] INFO  ha.SCMHANodeDetails (SCMHANodeDetails.java:loadSCMHAConfig(157)) - ServiceID for StorageContainerManager is scm-service-test1
2021-10-16 02:30:16,701 [Listener at 0.0.0.0/13947] INFO  ha.SCMHANodeDetails (SCMHANodeDetails.java:loadSCMHAConfig(168)) - ServiceID for StorageContainerManager is scm-service-test1
2021-10-16 02:30:16,701 [Listener at 0.0.0.0/13947] WARN  scm.ScmUtils (ScmUtils.java:logWarn(179)) - ConfigKey ozone.scm.block.client.address is deprecated, For configuring different ports for each SCM use PortConfigKey ozone.scm.block.client.port appended with serviceId and nodeId. If want to configure same port configure ozone.scm.block.client.port
2021-10-16 02:30:16,701 [Listener at 0.0.0.0/13947] WARN  scm.ScmUtils (ScmUtils.java:logWarn(179)) - ConfigKey ozone.scm.client.address is deprecated, For configuring different ports for each SCM use PortConfigKey ozone.scm.client.port appended with serviceId and nodeId. If want to configure same port configure ozone.scm.client.port
2021-10-16 02:30:16,702 [Listener at 0.0.0.0/13947] WARN  scm.ScmUtils (ScmUtils.java:logWarn(179)) - ConfigKey ozone.scm.datanode.address is deprecated, For configuring different ports for each SCM use PortConfigKey ozone.scm.datanode.port appended with serviceId and nodeId. If want to configure same port configure ozone.scm.datanode.port
2021-10-16 02:30:16,702 [Listener at 0.0.0.0/13947] WARN  scm.ScmUtils (ScmUtils.java:logWarn(179)) - ConfigKey ozone.scm.block.client.address is deprecated, For configuring different ports for each SCM use PortConfigKey ozone.scm.block.client.port appended with serviceId and nodeId. If want to configure same port configure ozone.scm.block.client.port
2021-10-16 02:30:16,703 [Listener at 0.0.0.0/13947] WARN  scm.ScmUtils (ScmUtils.java:logWarn(179)) - ConfigKey ozone.scm.client.address is deprecated, For configuring different ports for each SCM use PortConfigKey ozone.scm.client.port appended with serviceId and nodeId. If want to configure same port configure ozone.scm.client.port
2021-10-16 02:30:16,703 [Listener at 0.0.0.0/13947] WARN  scm.ScmUtils (ScmUtils.java:logWarn(179)) - ConfigKey ozone.scm.datanode.address is deprecated, For configuring different ports for each SCM use PortConfigKey ozone.scm.datanode.port appended with serviceId and nodeId. If want to configure same port configure ozone.scm.datanode.port
2021-10-16 02:30:16,703 [Listener at 0.0.0.0/13947] INFO  ha.SCMHANodeDetails (SCMHANodeDetails.java:loadSCMHAConfig(250)) - Found matching SCM address with SCMServiceId: scm-service-test1, SCMNodeId: scmNode-2, RPC Address: localhost:13954 and Ratis port: 13954
2021-10-16 02:30:16,703 [Listener at 0.0.0.0/13947] INFO  ha.SCMHANodeDetails (ConfUtils.java:setNodeSpecificConfigs(108)) - Setting configuration key ozone.scm.datanode.address with value of key ozone.scm.datanode.address.scm-service-test1.scmNode-2: 127.0.0.1:13955
2021-10-16 02:30:16,704 [Listener at 0.0.0.0/13947] INFO  ha.SCMHANodeDetails (ConfUtils.java:setNodeSpecificConfigs(108)) - Setting configuration key ozone.scm.block.client.address with value of key ozone.scm.block.client.address.scm-service-test1.scmNode-2: 127.0.0.1:13956
2021-10-16 02:30:16,704 [Listener at 0.0.0.0/13947] INFO  ha.SCMHANodeDetails (ConfUtils.java:setNodeSpecificConfigs(108)) - Setting configuration key ozone.scm.client.address with value of key ozone.scm.client.address.scm-service-test1.scmNode-2: 127.0.0.1:13957
2021-10-16 02:30:16,705 [Listener at 0.0.0.0/13947] INFO  ha.SCMHANodeDetails (ConfUtils.java:setNodeSpecificConfigs(108)) - Setting configuration key ozone.scm.ratis.port with value of key ozone.scm.ratis.port.scm-service-test1.scmNode-2: 13954
2021-10-16 02:30:16,705 [Listener at 0.0.0.0/13947] INFO  ha.SCMHANodeDetails (ConfUtils.java:setNodeSpecificConfigs(108)) - Setting configuration key ozone.scm.grpc.port with value of key ozone.scm.grpc.port.scm-service-test1.scmNode-2: 13958
2021-10-16 02:30:16,705 [Listener at 0.0.0.0/13947] INFO  ha.SCMHANodeDetails (ConfUtils.java:setNodeSpecificConfigs(108)) - Setting configuration key ozone.scm.http-address with value of key ozone.scm.http-address.scm-service-test1.scmNode-2: 127.0.0.1:13952
2021-10-16 02:30:16,705 [Listener at 0.0.0.0/13947] INFO  ha.SCMHANodeDetails (ConfUtils.java:setNodeSpecificConfigs(108)) - Setting configuration key ozone.scm.https-address with value of key ozone.scm.https-address.scm-service-test1.scmNode-2: 127.0.0.1:13953
2021-10-16 02:30:16,705 [Listener at 0.0.0.0/13947] INFO  ha.SCMHANodeDetails (ConfUtils.java:setNodeSpecificConfigs(108)) - Setting configuration key ozone.scm.address with value of key ozone.scm.address.scm-service-test1.scmNode-2: 127.0.0.1
2021-10-16 02:30:16,706 [Listener at 0.0.0.0/13947] WARN  scm.ScmUtils (ScmUtils.java:logWarn(179)) - ConfigKey ozone.scm.block.client.address is deprecated, For configuring different ports for each SCM use PortConfigKey ozone.scm.block.client.port appended with serviceId and nodeId. If want to configure same port configure ozone.scm.block.client.port
2021-10-16 02:30:16,706 [Listener at 0.0.0.0/13947] WARN  scm.ScmUtils (ScmUtils.java:logWarn(179)) - ConfigKey ozone.scm.client.address is deprecated, For configuring different ports for each SCM use PortConfigKey ozone.scm.client.port appended with serviceId and nodeId. If want to configure same port configure ozone.scm.client.port
2021-10-16 02:30:16,706 [Listener at 0.0.0.0/13947] WARN  scm.ScmUtils (ScmUtils.java:logWarn(179)) - ConfigKey ozone.scm.datanode.address is deprecated, For configuring different ports for each SCM use PortConfigKey ozone.scm.datanode.port appended with serviceId and nodeId. If want to configure same port configure ozone.scm.datanode.port
2021-10-16 02:30:16,717 [Listener at 0.0.0.0/13947] WARN  server.ServerUtils (ServerUtils.java:getScmDbDir(148)) - ozone.scm.db.dirs is not configured. We recommend adding this setting. Falling back to ozone.metadata.dirs instead.
2021-10-16 02:30:16,718 [Listener at 0.0.0.0/13947] INFO  upgrade.AbstractLayoutVersionManager (AbstractLayoutVersionManager.java:init(79)) - Initializing Layout version manager with metadata layout = SCM_HA (version = 2), software layout = SCM_HA (version = 2)
2021-10-16 02:30:16,802 [Listener at 0.0.0.0/13947] INFO  reflections.Reflections (Reflections.java:scan(232)) - Reflections took 82 ms to scan 7 urls, producing 119 keys and 278 values 
2021-10-16 02:30:16,810 [Listener at 0.0.0.0/13947] WARN  utils.HAUtils (HAUtils.java:getMetaDir(342)) - ozone.scm.db.dirs is not configured. We recommend adding this setting. Falling back to ozone.metadata.dirs instead.
2021-10-16 02:30:16,814 [Listener at 0.0.0.0/13947] WARN  db.DBStoreBuilder (DBStoreBuilder.java:applyDBDefinition(145)) - ozone.scm.db.dirs is not configured. We recommend adding this setting. Falling back to ozone.metadata.dirs instead.
2021-10-16 02:30:17,023 [Listener at 0.0.0.0/13947] INFO  net.NodeSchemaLoader (NodeSchemaLoader.java:loadSchemaFromFile(129)) - Loading schema from [jar:file:/home/runner/.m2/repository/org/apache/ozone/hdds-common/1.2.0-SNAPSHOT/hdds-common-1.2.0-SNAPSHOT.jar!/network-topology-default.xml]
2021-10-16 02:30:17,023 [Listener at 0.0.0.0/13947] INFO  net.NodeSchemaLoader (NodeSchemaLoader.java:loadSchema(176)) - Loading network topology layer schema file
2021-10-16 02:30:17,041 [Listener at 0.0.0.0/13947] WARN  impl.MetricRegistriesImpl (MetricRegistriesImpl.java:addReporterRegistration(111)) - New reporters are added after registries were created. Some metrics will be missing from the reporter. Please add reporter before adding any new registry.
2021-10-16 02:30:17,049 [Listener at 0.0.0.0/13947] WARN  impl.MetricRegistriesImpl (MetricRegistriesImpl.java:addReporterRegistration(111)) - New reporters are added after registries were created. Some metrics will be missing from the reporter. Please add reporter before adding any new registry.
2021-10-16 02:30:17,050 [Listener at 0.0.0.0/13947] INFO  ha.SCMRatisServerImpl (SCMRatisServerImpl.java:<init>(87)) - starting Raft server for scm:8377993e-4b96-4dd4-a005-414dac6239f0
2021-10-16 02:30:17,051 [Listener at 0.0.0.0/13947] INFO  server.RaftServer (ConfUtils.java:logGet(44)) - raft.rpc.type = GRPC (default)
2021-10-16 02:30:17,051 [Listener at 0.0.0.0/13947] INFO  grpc.GrpcFactory (GrpcFactory.java:checkPooledByteBufAllocatorUseCacheForAllThreads(48)) - PERFORMANCE WARNING: useCacheForAllThreads is true that may cause Netty to create a lot garbage objects and, as a result, trigger GC.
	It is recommended to disable useCacheForAllThreads by setting -Dorg.apache.ratis.thirdparty.io.netty.allocator.useCacheForAllThreads=false in command line.
2021-10-16 02:30:17,052 [Listener at 0.0.0.0/13947] INFO  grpc.GrpcConfigKeys (ConfUtils.java:logGet(44)) - raft.grpc.admin.port = -1 (default)
2021-10-16 02:30:17,059 [Listener at 0.0.0.0/13947] INFO  grpc.GrpcConfigKeys (ConfUtils.java:logGet(44)) - raft.grpc.server.port = 13954 (custom)
2021-10-16 02:30:17,062 [Listener at 0.0.0.0/13947] INFO  grpc.GrpcConfigKeys (ConfUtils.java:logGet(44)) - raft.grpc.client.port = -1 (default)
2021-10-16 02:30:17,062 [Listener at 0.0.0.0/13947] INFO  grpc.GrpcConfigKeys (ConfUtils.java:logGet(44)) - raft.grpc.server.port = 13954 (custom)
2021-10-16 02:30:17,063 [Listener at 0.0.0.0/13947] INFO  grpc.GrpcConfigKeys (ConfUtils.java:logGet(44)) - raft.grpc.server.port = 13954 (custom)
2021-10-16 02:30:17,063 [Listener at 0.0.0.0/13947] INFO  server.GrpcService (ConfUtils.java:logGet(44)) - raft.grpc.message.size.max = 32m (=33554432) (custom)
2021-10-16 02:30:17,063 [Listener at 0.0.0.0/13947] INFO  server.RaftServerConfigKeys (ConfUtils.java:logGet(44)) - raft.server.log.appender.buffer.byte-limit = 33554432 (custom)
2021-10-16 02:30:17,063 [Listener at 0.0.0.0/13947] INFO  server.GrpcService (ConfUtils.java:logGet(44)) - raft.grpc.flow.control.window = 1MB (=1048576) (default)
2021-10-16 02:30:17,064 [Listener at 0.0.0.0/13947] INFO  server.RaftServerConfigKeys (ConfUtils.java:logGet(44)) - raft.server.rpc.request.timeout = 30000ms (custom)
2021-10-16 02:30:17,066 [Listener at 0.0.0.0/13947] INFO  impl.DataStreamServerImpl (ConfUtils.java:logGet(44)) - raft.datastream.type = DISABLED (default)
2021-10-16 02:30:17,083 [Listener at 0.0.0.0/13947] INFO  server.RaftServerConfigKeys (ConfUtils.java:logGet(44)) - raft.server.rpc.slowness.timeout = 120000ms (custom)
2021-10-16 02:30:17,083 [Listener at 0.0.0.0/13947] INFO  server.RaftServerConfigKeys (ConfUtils.java:logGet(44)) - raft.server.leaderelection.leader.step-down.wait-time = 10s (default)
2021-10-16 02:30:17,083 [Listener at 0.0.0.0/13947] INFO  server.RaftServerConfigKeys (ConfUtils.java:logGet(44)) - raft.server.storage.dir = [/home/runner/work/ozone/ozone/hadoop-ozone/integration-test/target/test-dir/MiniOzoneClusterImpl-4eb377f1-b672-4075-9178-fccd761457f8/scmNode-2/scm-ha] (custom)
2021-10-16 02:30:17,099 [Listener at 0.0.0.0/13947] INFO  server.RaftServer (RaftServerProxy.java:addNew(95)) - 8377993e-4b96-4dd4-a005-414dac6239f0: addNew group-FCCD761457F8:[] returns group-FCCD761457F8:java.util.concurrent.CompletableFuture@6d86abe3[Not completed]
2021-10-16 02:30:17,100 [pool-209-thread-1] INFO  server.RaftServer$Division (RaftServerImpl.java:<init>(181)) - 8377993e-4b96-4dd4-a005-414dac6239f0: new RaftServerImpl for group-FCCD761457F8:[] with SCMStateMachine:uninitialized
2021-10-16 02:30:17,104 [pool-209-thread-1] INFO  server.RaftServerConfigKeys (ConfUtils.java:logGet(44)) - raft.server.rpc.timeout.min = 5000ms (custom)
2021-10-16 02:30:17,104 [pool-209-thread-1] INFO  server.RaftServerConfigKeys (ConfUtils.java:logGet(44)) - raft.server.rpc.timeout.max = 5200ms (custom)
2021-10-16 02:30:17,104 [pool-209-thread-1] INFO  server.RaftServerConfigKeys (ConfUtils.java:logGet(44)) - raft.server.rpc.sleep.time = 25ms (default)
2021-10-16 02:30:17,104 [pool-209-thread-1] INFO  server.RaftServerConfigKeys (ConfUtils.java:logGet(44)) - raft.server.rpc.slowness.timeout = 120000ms (custom)
2021-10-16 02:30:17,104 [pool-209-thread-1] INFO  server.RaftServerConfigKeys (ConfUtils.java:logGet(44)) - raft.server.leaderelection.leader.step-down.wait-time = 10s (default)
2021-10-16 02:30:17,104 [pool-209-thread-1] INFO  server.RaftServerConfigKeys (ConfUtils.java:logGet(44)) - raft.server.sleep.deviation.threshold = 300ms (default)
2021-10-16 02:30:17,104 [pool-209-thread-1] INFO  server.RaftServerConfigKeys (ConfUtils.java:logGet(44)) - raft.server.log.appender.install.snapshot.enabled = false (custom)
2021-10-16 02:30:17,104 [pool-209-thread-1] INFO  server.RaftServer$Division (ServerState.java:<init>(105)) - 8377993e-4b96-4dd4-a005-414dac6239f0@group-FCCD761457F8: ConfigurationManager, init=-1: [], old=null, confs=<EMPTY_MAP>
2021-10-16 02:30:17,104 [pool-209-thread-1] INFO  server.RaftServerConfigKeys (ConfUtils.java:logGet(44)) - raft.server.storage.dir = [/home/runner/work/ozone/ozone/hadoop-ozone/integration-test/target/test-dir/MiniOzoneClusterImpl-4eb377f1-b672-4075-9178-fccd761457f8/scmNode-2/scm-ha] (custom)
2021-10-16 02:30:17,105 [pool-209-thread-1] INFO  server.RaftServerConfigKeys (ConfUtils.java:logGet(44)) - raft.server.log.corruption.policy = EXCEPTION (default)
2021-10-16 02:30:17,105 [pool-209-thread-1] INFO  server.RaftServerConfigKeys (ConfUtils.java:logGet(44)) - raft.server.storage.free-space.min = 0MB (=0) (default)
2021-10-16 02:30:17,105 [pool-209-thread-1] INFO  storage.RaftStorageDirectory (RaftStorageDirectoryImpl.java:analyzeStorage(135)) - The storage directory /home/runner/work/ozone/ozone/hadoop-ozone/integration-test/target/test-dir/MiniOzoneClusterImpl-4eb377f1-b672-4075-9178-fccd761457f8/scmNode-2/scm-ha/4eb377f1-b672-4075-9178-fccd761457f8 does not exist. Creating ...
2021-10-16 02:30:17,107 [pool-209-thread-1] INFO  storage.RaftStorageDirectory (RaftStorageDirectoryImpl.java:tryLock(230)) - Lock on /home/runner/work/ozone/ozone/hadoop-ozone/integration-test/target/test-dir/MiniOzoneClusterImpl-4eb377f1-b672-4075-9178-fccd761457f8/scmNode-2/scm-ha/4eb377f1-b672-4075-9178-fccd761457f8/in_use.lock acquired by nodename 30307@fv-az59-128
2021-10-16 02:30:17,108 [pool-209-thread-1] INFO  storage.RaftStorage (RaftStorageImpl.java:format(89)) - Storage directory /home/runner/work/ozone/ozone/hadoop-ozone/integration-test/target/test-dir/MiniOzoneClusterImpl-4eb377f1-b672-4075-9178-fccd761457f8/scmNode-2/scm-ha/4eb377f1-b672-4075-9178-fccd761457f8 has been successfully formatted.
2021-10-16 02:30:17,109 [pool-209-thread-1] INFO  server.RaftServerConfigKeys (ConfUtils.java:logGet(44)) - raft.server.notification.no-leader.timeout = 60s (default)
2021-10-16 02:30:17,109 [pool-209-thread-1] INFO  server.RaftServerConfigKeys (ConfUtils.java:logGet(44)) - raft.server.log.use.memory = false (default)
2021-10-16 02:30:17,109 [pool-209-thread-1] INFO  server.RaftServerConfigKeys (ConfUtils.java:logGet(44)) - raft.server.log.purge.gap = 5 (custom)
2021-10-16 02:30:17,109 [pool-209-thread-1] INFO  server.RaftServerConfigKeys (ConfUtils.java:logGet(44)) - raft.server.log.appender.buffer.byte-limit = 33554432 (custom)
2021-10-16 02:30:17,110 [pool-209-thread-1] INFO  server.RaftServerConfigKeys (ConfUtils.java:logGet(44)) - raft.server.log.segment.size.max = 16384 (custom)
2021-10-16 02:30:17,111 [pool-209-thread-1] INFO  server.RaftServerConfigKeys (ConfUtils.java:logGet(44)) - raft.server.log.segment.cache.num.max = 2 (custom)
2021-10-16 02:30:17,112 [pool-209-thread-1] INFO  server.RaftServerConfigKeys (ConfUtils.java:logGet(44)) - raft.server.log.segment.cache.size.max = 200MB (=209715200) (default)
2021-10-16 02:30:17,112 [pool-209-thread-1] INFO  segmented.SegmentedRaftLogWorker (SegmentedRaftLogWorker.java:<init>(182)) - new 8377993e-4b96-4dd4-a005-414dac6239f0@group-FCCD761457F8-SegmentedRaftLogWorker for RaftStorageImpl:Storage Directory /home/runner/work/ozone/ozone/hadoop-ozone/integration-test/target/test-dir/MiniOzoneClusterImpl-4eb377f1-b672-4075-9178-fccd761457f8/scmNode-2/scm-ha/4eb377f1-b672-4075-9178-fccd761457f8
2021-10-16 02:30:17,112 [pool-209-thread-1] INFO  server.RaftServerConfigKeys (ConfUtils.java:logGet(44)) - raft.server.log.queue.byte-limit = 64MB (=67108864) (default)
2021-10-16 02:30:17,112 [pool-209-thread-1] INFO  server.RaftServerConfigKeys (ConfUtils.java:logGet(44)) - raft.server.log.queue.element-limit = 4096 (default)
2021-10-16 02:30:17,112 [pool-209-thread-1] INFO  server.RaftServerConfigKeys (ConfUtils.java:logGet(44)) - raft.server.log.segment.size.max = 16384 (custom)
2021-10-16 02:30:17,113 [pool-209-thread-1] INFO  server.RaftServerConfigKeys (ConfUtils.java:logGet(44)) - raft.server.log.preallocated.size = 16384 (custom)
2021-10-16 02:30:17,113 [pool-209-thread-1] INFO  server.RaftServerConfigKeys (ConfUtils.java:logGet(44)) - raft.server.log.force.sync.num = 128 (default)
2021-10-16 02:30:17,113 [pool-209-thread-1] INFO  server.RaftServerConfigKeys (ConfUtils.java:logGet(44)) - raft.server.log.statemachine.data.sync = true (default)
2021-10-16 02:30:17,114 [pool-209-thread-1] INFO  server.RaftServerConfigKeys (ConfUtils.java:logGet(44)) - raft.server.log.statemachine.data.sync.timeout = 10s (default)
2021-10-16 02:30:17,114 [pool-209-thread-1] INFO  server.RaftServerConfigKeys (ConfUtils.java:logGet(44)) - raft.server.log.statemachine.data.sync.timeout.retry = -1 (default)
2021-10-16 02:30:17,115 [pool-209-thread-1] INFO  server.RaftServerConfigKeys (ConfUtils.java:logGet(44)) - raft.server.log.write.buffer.size = 64KB (=65536) (default)
2021-10-16 02:30:17,116 [pool-209-thread-1] INFO  server.RaftServerConfigKeys (ConfUtils.java:logGet(44)) - raft.server.log.statemachine.data.caching.enabled = false (default)
2021-10-16 02:30:17,117 [pool-209-thread-1] INFO  segmented.SegmentedRaftLogWorker (SegmentedRaftLogWorker.java:lambda$new$0(133)) - 8377993e-4b96-4dd4-a005-414dac6239f0@group-FCCD761457F8-SegmentedRaftLogWorker: flushIndex: setUnconditionally 0 -> -1
2021-10-16 02:30:17,117 [pool-209-thread-1] INFO  segmented.SegmentedRaftLogWorker (SegmentedRaftLogWorker.java:lambda$new$0(133)) - 8377993e-4b96-4dd4-a005-414dac6239f0@group-FCCD761457F8-SegmentedRaftLogWorker: safeCacheEvictIndex: setUnconditionally 0 -> -1
2021-10-16 02:30:17,126 [pool-209-thread-1] INFO  server.RaftServerConfigKeys (ConfUtils.java:logGet(44)) - raft.server.snapshot.auto.trigger.enabled = true (custom)
2021-10-16 02:30:17,126 [pool-209-thread-1] INFO  server.RaftServerConfigKeys (ConfUtils.java:logGet(44)) - raft.server.snapshot.auto.trigger.threshold = 5 (custom)
2021-10-16 02:30:17,126 [pool-209-thread-1] INFO  server.RaftServerConfigKeys (ConfUtils.java:logGet(44)) - raft.server.snapshot.retention.file.num = -1 (default)
2021-10-16 02:30:17,126 [pool-209-thread-1] INFO  server.RaftServerConfigKeys (ConfUtils.java:logGet(44)) - raft.server.log.purge.upto.snapshot.index = true (custom)
2021-10-16 02:30:17,126 [pool-209-thread-1] INFO  server.RaftServerConfigKeys (ConfUtils.java:logGet(44)) - raft.server.retrycache.expirytime = 60000ms (default)
2021-10-16 02:30:17,126 [pool-209-thread-1] INFO  server.RaftServerConfigKeys (ConfUtils.java:logGet(44)) - raft.server.retrycache.statistics.expirytime = 100μs (default)
2021-10-16 02:30:17,131 [Listener at 0.0.0.0/13947] INFO  ha.SCMSnapshotProvider (SCMSnapshotProvider.java:<init>(66)) - Initializing SCM Snapshot Provider
2021-10-16 02:30:17,131 [Listener at 0.0.0.0/13947] WARN  server.ServerUtils (ServerUtils.java:getDefaultRatisDirectory(237)) - Storage directory for Ratis is not configured. It is a good idea to map this to an SSD disk. Falling back to ozone.metadata.dirs
2021-10-16 02:30:17,131 [Listener at 0.0.0.0/13947] WARN  ha.SCMHAUtils (SCMHAUtils.java:getSCMRatisSnapshotDirectory(146)) - SCM snapshot dir is not configured. Falling back to ozone.metadata.dirs config
2021-10-16 02:30:17,133 [Listener at 0.0.0.0/13947] INFO  ha.SequenceIdGenerator (SequenceIdGenerator.java:upgradeToSequenceId(347)) - upgrade localId to 107544261427200000
2021-10-16 02:30:17,135 [Listener at 0.0.0.0/13947] INFO  ha.SequenceIdGenerator (SequenceIdGenerator.java:upgradeToSequenceId(357)) - upgrade delTxnId to 0
2021-10-16 02:30:17,135 [Listener at 0.0.0.0/13947] INFO  ha.SequenceIdGenerator (SequenceIdGenerator.java:upgradeToSequenceId(371)) - upgrade containerId to 0
2021-10-16 02:30:17,135 [Listener at 0.0.0.0/13947] INFO  ha.SequenceIdGenerator (SequenceIdGenerator.java:<init>(218)) - Init the HA SequenceIdGenerator.
2021-10-16 02:30:17,136 [Listener at 0.0.0.0/13947] WARN  server.ServerUtils (ServerUtils.java:sanitizeUserArgs(73)) - ozone.scm.stale.node.interval value = 300000 is larger than max = 100000 based on the key value of ozone.scm.heartbeat.thread.interval, reset to the max value 100000.
2021-10-16 02:30:17,137 [Listener at 0.0.0.0/13947] WARN  server.ServerUtils (ServerUtils.java:sanitizeUserArgs(73)) - ozone.scm.stale.node.interval value = 300000 is larger than max = 100000 based on the key value of ozone.scm.heartbeat.thread.interval, reset to the max value 100000.
2021-10-16 02:30:17,160 [Listener at 0.0.0.0/13947] INFO  node.SCMNodeManager (SCMNodeManager.java:<init>(144)) - Entering startup safe mode.
2021-10-16 02:30:17,162 [Listener at 0.0.0.0/13947] INFO  algorithms.ContainerPlacementPolicyFactory (ContainerPlacementPolicyFactory.java:getPolicy(60)) - Create container placement policy of type org.apache.hadoop.hdds.scm.container.placement.algorithms.SCMContainerPlacementRandom
2021-10-16 02:30:17,162 [Listener at 0.0.0.0/13947] INFO  pipeline.PipelineStateManagerImpl (PipelineStateManagerImpl.java:initialize(78)) - No pipeline exists in current db
2021-10-16 02:30:17,164 [Listener at 0.0.0.0/13947] INFO  algorithms.LeaderChoosePolicyFactory (LeaderChoosePolicyFactory.java:getPolicy(57)) - Create leader choose policy of type org.apache.hadoop.hdds.scm.pipeline.leader.choose.algorithms.MinLeaderCountChoosePolicy
2021-10-16 02:30:17,165 [Listener at 0.0.0.0/13947] INFO  ha.SCMServiceManager (SCMServiceManager.java:register(43)) - Registering service BackgroundPipelineCreator.
2021-10-16 02:30:17,165 [Listener at 0.0.0.0/13947] INFO  pipeline.BackgroundPipelineCreator (BackgroundPipelineCreator.java:start(130)) - Starting RatisPipelineUtilsThread.
2021-10-16 02:30:17,175 [Listener at 0.0.0.0/13947] INFO  algorithms.PipelineChoosePolicyFactory (PipelineChoosePolicyFactory.java:createPipelineChoosePolicyFromClass(73)) - Create pipeline choose policy of type org.apache.hadoop.hdds.scm.pipeline.choose.algorithms.RandomPipelineChoosePolicy
2021-10-16 02:30:17,176 [Listener at 0.0.0.0/13947] INFO  ha.SCMServiceManager (SCMServiceManager.java:register(43)) - Registering service SCMBlockDeletingService.
2021-10-16 02:30:17,176 [Listener at 0.0.0.0/13947] INFO  ha.SCMServiceManager (SCMServiceManager.java:register(43)) - Registering service ReplicationManager.
2021-10-16 02:30:17,180 [Listener at 0.0.0.0/13947] INFO  container.ReplicationManager (ReplicationManager.java:start(319)) - Starting Replication Monitor Thread.
2021-10-16 02:30:17,187 [Listener at 0.0.0.0/13947] INFO  safemode.ContainerSafeModeRule (ContainerSafeModeRule.java:<init>(89)) - containers with one replica threshold count 0
2021-10-16 02:30:17,188 [Listener at 0.0.0.0/13947] INFO  safemode.HealthyPipelineSafeModeRule (HealthyPipelineSafeModeRule.java:initializeRule(156)) - Total pipeline count is 0, healthy pipeline threshold count is 1
2021-10-16 02:30:17,192 [Listener at 0.0.0.0/13947] INFO  safemode.OneReplicaPipelineSafeModeRule (OneReplicaPipelineSafeModeRule.java:initializeRule(180)) - Total pipeline count is 0, pipeline's with at least one datanode reported threshold count is 0
2021-10-16 02:30:17,211 [Listener at 0.0.0.0/13947] INFO  ipc.CallQueueManager (CallQueueManager.java:<init>(90)) - Using callQueue: class java.util.concurrent.LinkedBlockingQueue, queueCapacity: 2000, scheduler: class org.apache.hadoop.ipc.DefaultRpcScheduler, ipcBackoff: false.
2021-10-16 02:30:17,214 [ReplicationMonitor] INFO  container.ReplicationManager (ReplicationManager.java:processAll(371)) - Replication Monitor Thread took 1 milliseconds for processing 0 containers.
2021-10-16 02:30:17,217 [Socket Reader #1 for port 13955] INFO  ipc.Server (Server.java:run(1265)) - Starting Socket Reader #1 for port 13955
2021-10-16 02:30:17,226 [Listener at 0.0.0.0/13955] INFO  ipc.CallQueueManager (CallQueueManager.java:<init>(90)) - Using callQueue: class java.util.concurrent.LinkedBlockingQueue, queueCapacity: 2000, scheduler: class org.apache.hadoop.ipc.DefaultRpcScheduler, ipcBackoff: false.
2021-10-16 02:30:17,234 [Socket Reader #1 for port 13956] INFO  ipc.Server (Server.java:run(1265)) - Starting Socket Reader #1 for port 13956
2021-10-16 02:30:17,239 [Listener at 0.0.0.0/13956] INFO  ipc.CallQueueManager (CallQueueManager.java:<init>(90)) - Using callQueue: class java.util.concurrent.LinkedBlockingQueue, queueCapacity: 2000, scheduler: class org.apache.hadoop.ipc.DefaultRpcScheduler, ipcBackoff: false.
2021-10-16 02:30:17,250 [Socket Reader #1 for port 13957] INFO  ipc.Server (Server.java:run(1265)) - Starting Socket Reader #1 for port 13957
2021-10-16 02:30:17,320 [Listener at 0.0.0.0/13957] INFO  algorithms.ContainerPlacementPolicyFactory (ContainerPlacementPolicyFactory.java:getPolicy(60)) - Create container placement policy of type org.apache.hadoop.hdds.scm.container.placement.algorithms.SCMContainerPlacementRandom
2021-10-16 02:30:17,322 [Listener at 0.0.0.0/13957] INFO  server.StorageContainerManager (StorageContainerManager.java:<init>(388)) - 
Container Balancer status:
Key                            Value
Running                        false
Container Balancer Configuration values:
Key                                                Value
Threshold                                          0.1
Max Datanodes to Involve per Iteration(ratio)      0.2
Max Size to Move per Iteration                     32212254720B

2021-10-16 02:30:17,322 [Listener at 0.0.0.0/13957] WARN  events.EventQueue (EventQueue.java:fireEvent(194)) - No event handler registered for event TypedEvent{payloadType=SafeModeStatus, name='Safe mode status'}
2021-10-16 02:30:17,323 [Listener at 0.0.0.0/13957] INFO  ha.SCMContext (SCMContext.java:updateSafeModeStatus(205)) - Update SafeModeStatus from SafeModeStatus{safeModeStatus=true, preCheckPassed=false} to SafeModeStatus{safeModeStatus=true, preCheckPassed=false}.
2021-10-16 02:30:17,324 [Listener at 0.0.0.0/13957] INFO  server.StorageContainerManager (StorageContainerManager.java:start(1303)) - StorageContainerLocationProtocol RPC server is listening at /0.0.0.0:13957
2021-10-16 02:30:17,332 [Listener at 0.0.0.0/13957] INFO  ha.SCMRatisServerImpl (SCMRatisServerImpl.java:start(177)) - starting ratis server 0.0.0.0:13954
2021-10-16 02:30:17,332 [Listener at 0.0.0.0/13957] INFO  server.RaftServer$Division (RaftServerImpl.java:start(299)) - 8377993e-4b96-4dd4-a005-414dac6239f0@group-FCCD761457F8: start with initializing state, conf=-1: [], old=null
2021-10-16 02:30:17,332 [Listener at 0.0.0.0/13957] INFO  server.RaftServer$Division (RaftServerImpl.java:setRole(285)) - 8377993e-4b96-4dd4-a005-414dac6239f0@group-FCCD761457F8: changes role from      null to FOLLOWER at term 0 for startInitializing
2021-10-16 02:30:17,333 [Listener at 0.0.0.0/13957] INFO  util.JmxRegister (JmxRegister.java:tryRegister(44)) - Successfully registered JMX Bean with object name Ratis:service=RaftServer,group=group-FCCD761457F8,id=8377993e-4b96-4dd4-a005-414dac6239f0
2021-10-16 02:30:17,337 [Listener at 0.0.0.0/13957] INFO  server.RaftServer (RaftServerProxy.java:lambda$start$5(374)) - 8377993e-4b96-4dd4-a005-414dac6239f0: start RPC server
2021-10-16 02:30:17,340 [Listener at 0.0.0.0/13957] INFO  server.GrpcService (GrpcService.java:startImpl(253)) - 8377993e-4b96-4dd4-a005-414dac6239f0: GrpcService started, listening on 13954
2021-10-16 02:30:17,343 [Listener at 0.0.0.0/13957] INFO  ha.SCMNodeInfo (SCMNodeInfo.java:getPort(197)) - ConfigKey ozone.scm.client.address is deprecated, For configuring different ports for each SCM use PortConfigKey ozone.scm.client.port appended with serviceId and nodeId
2021-10-16 02:30:17,343 [Listener at 0.0.0.0/13957] INFO  ha.SCMNodeInfo (SCMNodeInfo.java:getPort(197)) - ConfigKey ozone.scm.block.client.address is deprecated, For configuring different ports for each SCM use PortConfigKey ozone.scm.block.client.port appended with serviceId and nodeId
2021-10-16 02:30:17,344 [Listener at 0.0.0.0/13957] INFO  ha.SCMNodeInfo (SCMNodeInfo.java:getPort(197)) - ConfigKey ozone.scm.datanode.address is deprecated, For configuring different ports for each SCM use PortConfigKey ozone.scm.datanode.port appended with serviceId and nodeId
2021-10-16 02:30:17,344 [Listener at 0.0.0.0/13957] INFO  ha.SCMNodeInfo (SCMNodeInfo.java:getPort(197)) - ConfigKey ozone.scm.client.address is deprecated, For configuring different ports for each SCM use PortConfigKey ozone.scm.client.port appended with serviceId and nodeId
2021-10-16 02:30:17,344 [Listener at 0.0.0.0/13957] INFO  ha.SCMNodeInfo (SCMNodeInfo.java:getPort(197)) - ConfigKey ozone.scm.block.client.address is deprecated, For configuring different ports for each SCM use PortConfigKey ozone.scm.block.client.port appended with serviceId and nodeId
2021-10-16 02:30:17,345 [Listener at 0.0.0.0/13957] INFO  ha.SCMNodeInfo (SCMNodeInfo.java:getPort(197)) - ConfigKey ozone.scm.datanode.address is deprecated, For configuring different ports for each SCM use PortConfigKey ozone.scm.datanode.port appended with serviceId and nodeId
2021-10-16 02:30:17,345 [Listener at 0.0.0.0/13957] INFO  ha.SCMNodeInfo (SCMNodeInfo.java:getPort(197)) - ConfigKey ozone.scm.client.address is deprecated, For configuring different ports for each SCM use PortConfigKey ozone.scm.client.port appended with serviceId and nodeId
2021-10-16 02:30:17,345 [Listener at 0.0.0.0/13957] INFO  ha.SCMNodeInfo (SCMNodeInfo.java:getPort(197)) - ConfigKey ozone.scm.block.client.address is deprecated, For configuring different ports for each SCM use PortConfigKey ozone.scm.block.client.port appended with serviceId and nodeId
2021-10-16 02:30:17,345 [Listener at 0.0.0.0/13957] INFO  ha.SCMNodeInfo (SCMNodeInfo.java:getPort(197)) - ConfigKey ozone.scm.datanode.address is deprecated, For configuring different ports for each SCM use PortConfigKey ozone.scm.datanode.port appended with serviceId and nodeId
2021-10-16 02:30:17,347 [org.apache.ratis.util.JvmPauseMonitor$$Lambda$499/17331878@3354dd3] INFO  util.JvmPauseMonitor (JvmPauseMonitor.java:run(103)) - JvmPauseMonitor-8377993e-4b96-4dd4-a005-414dac6239f0: Started
2021-10-16 02:30:17,390 [IPC Server handler 2 on default port 13946] INFO  ha.SCMRatisServerImpl (SCMRatisServerImpl.java:addSCM(291)) - 3deaabcd-f5f1-47ac-8cd4-644b2fe93232: Submitting SetConfiguration request to Ratis server with new SCM peers list: [3deaabcd-f5f1-47ac-8cd4-644b2fe93232|rpc:localhost:13944|admin:|client:|dataStream:|priority:0, 8377993e-4b96-4dd4-a005-414dac6239f0|rpc:localhost:13954|priority:0]
2021-10-16 02:30:17,390 [IPC Server handler 2 on default port 13946] INFO  server.RaftServer$Division (RaftServerImpl.java:setConfigurationAsync(971)) - 3deaabcd-f5f1-47ac-8cd4-644b2fe93232@group-FCCD761457F8: receive setConfiguration SetConfigurationRequest:client-D704CB24BFE9->3deaabcd-f5f1-47ac-8cd4-644b2fe93232@group-FCCD761457F8, cid=0, seq=0, RW, null, peers:[3deaabcd-f5f1-47ac-8cd4-644b2fe93232|rpc:localhost:13944|admin:|client:|dataStream:|priority:0, 8377993e-4b96-4dd4-a005-414dac6239f0|rpc:localhost:13954|priority:0]
2021-10-16 02:30:17,390 [IPC Server handler 2 on default port 13946] INFO  server.RaftServer$Division (LeaderStateImpl.java:startSetConfiguration(345)) - 3deaabcd-f5f1-47ac-8cd4-644b2fe93232@group-FCCD761457F8-LeaderStateImpl: startSetConfiguration SetConfigurationRequest:client-D704CB24BFE9->3deaabcd-f5f1-47ac-8cd4-644b2fe93232@group-FCCD761457F8, cid=0, seq=0, RW, null, peers:[3deaabcd-f5f1-47ac-8cd4-644b2fe93232|rpc:localhost:13944|admin:|client:|dataStream:|priority:0, 8377993e-4b96-4dd4-a005-414dac6239f0|rpc:localhost:13954|priority:0]
2021-10-16 02:30:17,390 [IPC Server handler 2 on default port 13946] INFO  server.RaftServerConfigKeys (ConfUtils.java:logGet(44)) - raft.server.log.appender.snapshot.chunk.size.max = 16MB (=16777216) (default)
2021-10-16 02:30:17,390 [IPC Server handler 2 on default port 13946] INFO  server.RaftServerConfigKeys (ConfUtils.java:logGet(44)) - raft.server.log.appender.buffer.byte-limit = 33554432 (custom)
2021-10-16 02:30:17,391 [IPC Server handler 2 on default port 13946] INFO  server.RaftServerConfigKeys (ConfUtils.java:logGet(44)) - raft.server.log.appender.buffer.element-limit = 1024 (custom)
2021-10-16 02:30:17,396 [IPC Server handler 2 on default port 13946] INFO  grpc.GrpcConfigKeys (ConfUtils.java:logGet(44)) - raft.grpc.server.leader.outstanding.appends.max = 128 (default)
2021-10-16 02:30:17,396 [IPC Server handler 2 on default port 13946] INFO  server.RaftServerConfigKeys (ConfUtils.java:logGet(44)) - raft.server.rpc.request.timeout = 30000ms (custom)
2021-10-16 02:30:17,396 [IPC Server handler 2 on default port 13946] INFO  server.RaftServerConfigKeys (ConfUtils.java:logGet(44)) - raft.server.log.appender.install.snapshot.enabled = false (custom)
2021-10-16 02:30:17,458 [grpc-default-executor-2] INFO  ha.SCMStateMachine (SCMStateMachine.java:notifyLeaderChanged(248)) - leader changed, yet current SCM is still follower.
2021-10-16 02:30:17,458 [grpc-default-executor-2] INFO  server.RaftServer$Division (ServerState.java:setLeader(285)) - 8377993e-4b96-4dd4-a005-414dac6239f0@group-FCCD761457F8: change Leader from null to 3deaabcd-f5f1-47ac-8cd4-644b2fe93232 at term 2 for appendEntries, leader elected after 348ms
2021-10-16 02:30:17,458 [grpc-default-executor-2] INFO  impl.RoleInfo (RoleInfo.java:updateAndGet(130)) - 8377993e-4b96-4dd4-a005-414dac6239f0: start 8377993e-4b96-4dd4-a005-414dac6239f0@group-FCCD761457F8-FollowerState
2021-10-16 02:30:17,492 [grpc-default-executor-2] INFO  server.RaftServer$Division (ServerState.java:setRaftConf(387)) - 8377993e-4b96-4dd4-a005-414dac6239f0@group-FCCD761457F8: set configuration 0: [3deaabcd-f5f1-47ac-8cd4-644b2fe93232|rpc:localhost:13944|admin:|client:|dataStream:|priority:0], old=null
2021-10-16 02:30:17,492 [grpc-default-executor-2] INFO  server.RaftServer$Division (ServerState.java:setRaftConf(387)) - 8377993e-4b96-4dd4-a005-414dac6239f0@group-FCCD761457F8: set configuration 1: [3deaabcd-f5f1-47ac-8cd4-644b2fe93232|rpc:localhost:13944|admin:|client:|dataStream:|priority:0], old=null
2021-10-16 02:30:17,493 [grpc-default-executor-2] INFO  segmented.SegmentedRaftLogWorker (SegmentedRaftLogWorker.java:startLogSegment(394)) - 8377993e-4b96-4dd4-a005-414dac6239f0@group-FCCD761457F8-SegmentedRaftLogWorker: Starting segment from index:0
2021-10-16 02:30:17,493 [grpc-default-executor-2] INFO  segmented.SegmentedRaftLogWorker (SegmentedRaftLogWorker.java:rollLogSegment(399)) - 8377993e-4b96-4dd4-a005-414dac6239f0@group-FCCD761457F8-SegmentedRaftLogWorker: Rolling segment log-0_0 to index:0
2021-10-16 02:30:17,495 [8377993e-4b96-4dd4-a005-414dac6239f0@group-FCCD761457F8-SegmentedRaftLogWorker] INFO  segmented.SegmentedRaftLogWorker (SegmentedRaftLogWorker.java:execute(601)) - 8377993e-4b96-4dd4-a005-414dac6239f0@group-FCCD761457F8-SegmentedRaftLogWorker: created new log segment /home/runner/work/ozone/ozone/hadoop-ozone/integration-test/target/test-dir/MiniOzoneClusterImpl-4eb377f1-b672-4075-9178-fccd761457f8/scmNode-2/scm-ha/4eb377f1-b672-4075-9178-fccd761457f8/current/log_inprogress_0
2021-10-16 02:30:17,499 [8377993e-4b96-4dd4-a005-414dac6239f0@group-FCCD761457F8-SegmentedRaftLogWorker] INFO  segmented.SegmentedRaftLogWorker (SegmentedRaftLogWorker.java:execute(558)) - 8377993e-4b96-4dd4-a005-414dac6239f0@group-FCCD761457F8-SegmentedRaftLogWorker: Rolled log segment from /home/runner/work/ozone/ozone/hadoop-ozone/integration-test/target/test-dir/MiniOzoneClusterImpl-4eb377f1-b672-4075-9178-fccd761457f8/scmNode-2/scm-ha/4eb377f1-b672-4075-9178-fccd761457f8/current/log_inprogress_0 to /home/runner/work/ozone/ozone/hadoop-ozone/integration-test/target/test-dir/MiniOzoneClusterImpl-4eb377f1-b672-4075-9178-fccd761457f8/scmNode-2/scm-ha/4eb377f1-b672-4075-9178-fccd761457f8/current/log_0-0
2021-10-16 02:30:17,501 [8377993e-4b96-4dd4-a005-414dac6239f0@group-FCCD761457F8-SegmentedRaftLogWorker] INFO  segmented.SegmentedRaftLogWorker (SegmentedRaftLogWorker.java:execute(601)) - 8377993e-4b96-4dd4-a005-414dac6239f0@group-FCCD761457F8-SegmentedRaftLogWorker: created new log segment /home/runner/work/ozone/ozone/hadoop-ozone/integration-test/target/test-dir/MiniOzoneClusterImpl-4eb377f1-b672-4075-9178-fccd761457f8/scmNode-2/scm-ha/4eb377f1-b672-4075-9178-fccd761457f8/current/log_inprogress_1
2021-10-16 02:30:17,533 [8377993e-4b96-4dd4-a005-414dac6239f0@group-FCCD761457F8-StateMachineUpdater] INFO  safemode.HealthyPipelineSafeModeRule (HealthyPipelineSafeModeRule.java:initializeRule(152)) - Refreshed total pipeline count is 0, healthy pipeline threshold count is 1
2021-10-16 02:30:17,534 [8377993e-4b96-4dd4-a005-414dac6239f0@group-FCCD761457F8-StateMachineUpdater] INFO  safemode.ContainerSafeModeRule (ContainerSafeModeRule.java:reInitializeRule(177)) - Refreshed one replica container threshold 0, currentThreshold 0
2021-10-16 02:30:17,534 [8377993e-4b96-4dd4-a005-414dac6239f0@group-FCCD761457F8-StateMachineUpdater] INFO  safemode.OneReplicaPipelineSafeModeRule (OneReplicaPipelineSafeModeRule.java:initializeRule(176)) - Refreshed Total pipeline count is 0, pipeline's with at least one datanode reported threshold count is 0
2021-10-16 02:30:17,534 [8377993e-4b96-4dd4-a005-414dac6239f0@group-FCCD761457F8-StateMachineUpdater] INFO  server.SCMDatanodeProtocolServer (SCMDatanodeProtocolServer.java:start(181)) - RPC server for DataNodes is listening at /0.0.0.0:13955
2021-10-16 02:30:17,550 [IPC Server Responder] INFO  ipc.Server (Server.java:run(1507)) - IPC Server Responder: starting
2021-10-16 02:30:17,551 [3deaabcd-f5f1-47ac-8cd4-644b2fe93232@group-FCCD761457F8-LeaderStateImpl] INFO  server.RaftServer$Division (ServerState.java:setRaftConf(387)) - 3deaabcd-f5f1-47ac-8cd4-644b2fe93232@group-FCCD761457F8: set configuration 3: [8377993e-4b96-4dd4-a005-414dac6239f0|rpc:localhost:13954|priority:0, 3deaabcd-f5f1-47ac-8cd4-644b2fe93232|rpc:localhost:13944|admin:|client:|dataStream:|priority:0], old=[3deaabcd-f5f1-47ac-8cd4-644b2fe93232|rpc:localhost:13944|admin:|client:|dataStream:|priority:0]
2021-10-16 02:30:17,557 [grpc-default-executor-2] INFO  server.RaftServer$Division (ServerState.java:setRaftConf(387)) - 8377993e-4b96-4dd4-a005-414dac6239f0@group-FCCD761457F8: set configuration 3: [8377993e-4b96-4dd4-a005-414dac6239f0|rpc:localhost:13954|admin:|client:|dataStream:|priority:0, 3deaabcd-f5f1-47ac-8cd4-644b2fe93232|rpc:localhost:13944|admin:|client:|dataStream:|priority:0], old=[3deaabcd-f5f1-47ac-8cd4-644b2fe93232|rpc:localhost:13944|admin:|client:|dataStream:|priority:0]
2021-10-16 02:30:17,566 [IPC Server listener on 13955] INFO  ipc.Server (Server.java:run(1344)) - IPC Server listener on 13955: starting
2021-10-16 02:30:17,598 [EndpointStateMachine task thread for /127.0.0.1:12777 - 0 ] INFO  ipc.Client (Client.java:handleConnectionFailure(977)) - Retrying connect to server: localhost/127.0.0.1:12777. Already tried 0 time(s); retry policy is RetryUpToMaximumCountWithFixedSleep(maxRetries=15, sleepTime=1000 MILLISECONDS)
2021-10-16 02:30:17,599 [EndpointStateMachine task thread for /127.0.0.1:12767 - 0 ] INFO  ipc.Client (Client.java:handleConnectionFailure(977)) - Retrying connect to server: localhost/127.0.0.1:12767. Already tried 0 time(s); retry policy is RetryUpToMaximumCountWithFixedSleep(maxRetries=15, sleepTime=1000 MILLISECONDS)
2021-10-16 02:30:17,601 [EndpointStateMachine task thread for /127.0.0.1:12757 - 0 ] INFO  ipc.Client (Client.java:handleConnectionFailure(977)) - Retrying connect to server: localhost/127.0.0.1:12757. Already tried 0 time(s); retry policy is RetryUpToMaximumCountWithFixedSleep(maxRetries=15, sleepTime=1000 MILLISECONDS)
2021-10-16 02:30:17,633 [3deaabcd-f5f1-47ac-8cd4-644b2fe93232@group-FCCD761457F8-LeaderStateImpl] INFO  server.RaftServer$Division (ServerState.java:setRaftConf(387)) - 3deaabcd-f5f1-47ac-8cd4-644b2fe93232@group-FCCD761457F8: set configuration 5: [8377993e-4b96-4dd4-a005-414dac6239f0|rpc:localhost:13954|priority:0, 3deaabcd-f5f1-47ac-8cd4-644b2fe93232|rpc:localhost:13944|admin:|client:|dataStream:|priority:0], old=null
2021-10-16 02:30:17,640 [grpc-default-executor-2] INFO  server.RaftServer$Division (ServerState.java:setRaftConf(387)) - 8377993e-4b96-4dd4-a005-414dac6239f0@group-FCCD761457F8: set configuration 5: [8377993e-4b96-4dd4-a005-414dac6239f0|rpc:localhost:13954|admin:|client:|dataStream:|priority:0, 3deaabcd-f5f1-47ac-8cd4-644b2fe93232|rpc:localhost:13944|admin:|client:|dataStream:|priority:0], old=null
2021-10-16 02:30:17,650 [IPC Server handler 2 on default port 13946] INFO  ha.SCMRatisServerImpl (SCMRatisServerImpl.java:addSCM(302)) - Successfully added new SCM: 8377993e-4b96-4dd4-a005-414dac6239f0.
2021-10-16 02:30:17,650 [3deaabcd-f5f1-47ac-8cd4-644b2fe93232@group-FCCD761457F8-StateMachineUpdater] INFO  ha.SCMStateMachine (SCMStateMachine.java:takeSnapshot(290)) - Current Snapshot Index 5, takeSnapshot took 0 ms
2021-10-16 02:30:17,650 [3deaabcd-f5f1-47ac-8cd4-644b2fe93232@group-FCCD761457F8-StateMachineUpdater] INFO  impl.StateMachineUpdater (StateMachineUpdater.java:takeSnapshot(281)) - 3deaabcd-f5f1-47ac-8cd4-644b2fe93232@group-FCCD761457F8-StateMachineUpdater: Took a snapshot at index 5
2021-10-16 02:30:17,650 [3deaabcd-f5f1-47ac-8cd4-644b2fe93232@group-FCCD761457F8-StateMachineUpdater] INFO  impl.StateMachineUpdater (StateMachineUpdater.java:lambda$new$0(89)) - 3deaabcd-f5f1-47ac-8cd4-644b2fe93232@group-FCCD761457F8-StateMachineUpdater: snapshotIndex: updateIncreasingly -1 -> 5
2021-10-16 02:30:17,650 [3deaabcd-f5f1-47ac-8cd4-644b2fe93232@group-FCCD761457F8-StateMachineUpdater] INFO  raftlog.RaftLog (RaftLogBase.java:purge(306)) - 3deaabcd-f5f1-47ac-8cd4-644b2fe93232@group-FCCD761457F8-SegmentedRaftLog: purge 5
2021-10-16 02:30:17,650 [3deaabcd-f5f1-47ac-8cd4-644b2fe93232@group-FCCD761457F8-StateMachineUpdater] INFO  raftlog.RaftLog (RaftLogBase.java:lambda$new$0(53)) - 3deaabcd-f5f1-47ac-8cd4-644b2fe93232@group-FCCD761457F8-SegmentedRaftLog: snapshotIndex: updateIncreasingly -1 -> 5
2021-10-16 02:30:17,651 [Listener at 0.0.0.0/13957] INFO  ha.SCMHAManagerImpl (SCMHAManagerImpl.java:start(116)) - Successfully added SCM scmNode-2 to group group-FCCD761457F8:[8377993e-4b96-4dd4-a005-414dac6239f0|rpc:localhost:13954|admin:|client:|dataStream:|priority:0, 3deaabcd-f5f1-47ac-8cd4-644b2fe93232|rpc:localhost:13944|admin:|client:|dataStream:|priority:0]
2021-10-16 02:30:17,651 [Listener at 0.0.0.0/13957] INFO  ha.InterSCMGrpcService (InterSCMGrpcProtocolService.java:start(94)) - Starting SCM Grpc Service at port 13958
2021-10-16 02:30:17,652 [Listener at 0.0.0.0/13957] INFO  impl.MetricsSystemImpl (MetricsSystemImpl.java:init(158)) - StorageContainerManager metrics system started (again)
2021-10-16 02:30:17,651 [3deaabcd-f5f1-47ac-8cd4-644b2fe93232@group-FCCD761457F8-SegmentedRaftLogWorker] INFO  raftlog.RaftLog (RaftLogBase.java:lambda$new$0(53)) - 3deaabcd-f5f1-47ac-8cd4-644b2fe93232@group-FCCD761457F8-SegmentedRaftLog: purgeIndex: updateToMax old=-1, new=0, updated? true
2021-10-16 02:30:17,663 [8377993e-4b96-4dd4-a005-414dac6239f0@group-FCCD761457F8-StateMachineUpdater] INFO  ha.SCMStateMachine (SCMStateMachine.java:takeSnapshot(290)) - Current Snapshot Index 5, takeSnapshot took 0 ms
2021-10-16 02:30:17,664 [8377993e-4b96-4dd4-a005-414dac6239f0@group-FCCD761457F8-StateMachineUpdater] INFO  impl.StateMachineUpdater (StateMachineUpdater.java:takeSnapshot(281)) - 8377993e-4b96-4dd4-a005-414dac6239f0@group-FCCD761457F8-StateMachineUpdater: Took a snapshot at index 5
2021-10-16 02:30:17,664 [8377993e-4b96-4dd4-a005-414dac6239f0@group-FCCD761457F8-StateMachineUpdater] INFO  impl.StateMachineUpdater (StateMachineUpdater.java:lambda$new$0(89)) - 8377993e-4b96-4dd4-a005-414dac6239f0@group-FCCD761457F8-StateMachineUpdater: snapshotIndex: updateIncreasingly -1 -> 5
2021-10-16 02:30:17,664 [8377993e-4b96-4dd4-a005-414dac6239f0@group-FCCD761457F8-StateMachineUpdater] INFO  raftlog.RaftLog (RaftLogBase.java:purge(306)) - 8377993e-4b96-4dd4-a005-414dac6239f0@group-FCCD761457F8-SegmentedRaftLog: purge 5
2021-10-16 02:30:17,664 [8377993e-4b96-4dd4-a005-414dac6239f0@group-FCCD761457F8-StateMachineUpdater] INFO  raftlog.RaftLog (RaftLogBase.java:lambda$new$0(53)) - 8377993e-4b96-4dd4-a005-414dac6239f0@group-FCCD761457F8-SegmentedRaftLog: snapshotIndex: updateIncreasingly -1 -> 5
2021-10-16 02:30:17,664 [8377993e-4b96-4dd4-a005-414dac6239f0@group-FCCD761457F8-SegmentedRaftLogWorker] INFO  raftlog.RaftLog (RaftLogBase.java:lambda$new$0(53)) - 8377993e-4b96-4dd4-a005-414dac6239f0@group-FCCD761457F8-SegmentedRaftLog: purgeIndex: updateToMax old=-1, new=0, updated? true
2021-10-16 02:30:17,691 [Listener at 0.0.0.0/13957] INFO  server.SCMClientProtocolServer (SCMClientProtocolServer.java:start(164)) - RPC server for Client  is listening at /0.0.0.0:13957
2021-10-16 02:30:17,695 [IPC Server Responder] INFO  ipc.Server (Server.java:run(1507)) - IPC Server Responder: starting
2021-10-16 02:30:17,695 [IPC Server listener on 13957] INFO  ipc.Server (Server.java:run(1344)) - IPC Server listener on 13957: starting
2021-10-16 02:30:17,721 [Listener at 0.0.0.0/13957] INFO  server.StorageContainerManager (StorageContainerManager.java:start(1318)) - ScmBlockLocationProtocol RPC server is listening at /0.0.0.0:13956
2021-10-16 02:30:17,721 [Listener at 0.0.0.0/13957] INFO  server.SCMBlockProtocolServer (SCMBlockProtocolServer.java:start(151)) - RPC server for Block Protocol is listening at /0.0.0.0:13956
2021-10-16 02:30:17,722 [IPC Server Responder] INFO  ipc.Server (Server.java:run(1507)) - IPC Server Responder: starting
2021-10-16 02:30:17,722 [IPC Server listener on 13956] INFO  ipc.Server (Server.java:run(1344)) - IPC Server listener on 13956: starting
2021-10-16 02:30:17,726 [Listener at 0.0.0.0/13957] INFO  server.StorageContainerManager (StorageContainerManager.java:start(1324)) - ScmDatanodeProtocl RPC server is listening at /0.0.0.0:13955
2021-10-16 02:30:17,727 [org.apache.hadoop.util.JvmPauseMonitor$Monitor@410f8fd3] INFO  util.JvmPauseMonitor (JvmPauseMonitor.java:run(188)) - Starting JVM pause monitor
2021-10-16 02:30:17,727 [Listener at 0.0.0.0/13957] INFO  http.BaseHttpServer (BaseHttpServer.java:newHttpServer2BuilderForOzone(209)) - Starting Web-server for scm at: http://0.0.0.0:13952
2021-10-16 02:30:17,728 [Listener at 0.0.0.0/13957] INFO  http.BaseHttpServer (BaseHttpServer.java:<init>(107)) - Hadoop Security Enabled: false Ozone Security Enabled: false Ozone HTTP Security Enabled: false 
2021-10-16 02:30:17,738 [Listener at 0.0.0.0/13957] INFO  server.AuthenticationFilter (AuthenticationFilter.java:constructSecretProvider(240)) - Unable to initialize FileSignerSecretProvider, falling back to use random secrets.
2021-10-16 02:30:17,749 [Listener at 0.0.0.0/13957] WARN  http.HttpRequestLog (HttpRequestLog.java:getRequestLog(103)) - Jetty request log can only be enabled using Log4j
2021-10-16 02:30:17,755 [Listener at 0.0.0.0/13957] INFO  http.HttpServer2 (HttpServer2.java:addGlobalFilter(1030)) - Added global filter 'safety' (class=org.apache.hadoop.hdds.server.http.HttpServer2$QuotingInputFilter)
2021-10-16 02:30:17,756 [Listener at 0.0.0.0/13957] INFO  http.HttpServer2 (HttpServer2.java:addFilter(1006)) - Added filter static_user_filter (class=org.apache.hadoop.http.lib.StaticUserWebFilter$StaticUserFilter) to context scm
2021-10-16 02:30:17,756 [Listener at 0.0.0.0/13957] INFO  http.HttpServer2 (HttpServer2.java:addFilter(1014)) - Added filter static_user_filter (class=org.apache.hadoop.http.lib.StaticUserWebFilter$StaticUserFilter) to context static
2021-10-16 02:30:17,756 [Listener at 0.0.0.0/13957] INFO  http.HttpServer2 (HttpServer2.java:addFilter(1014)) - Added filter static_user_filter (class=org.apache.hadoop.http.lib.StaticUserWebFilter$StaticUserFilter) to context logs
2021-10-16 02:30:17,757 [Listener at 0.0.0.0/13957] INFO  http.HttpServer2 (HttpServer2.java:bindListener(1249)) - Jetty bound to port 13952
2021-10-16 02:30:17,757 [Listener at 0.0.0.0/13957] INFO  server.Server (Server.java:doStart(375)) - jetty-9.4.43.v20210629; built: 2021-06-30T11:07:22.254Z; git: 526006ecfa3af7f1a27ef3a288e2bef7ea9dd7e8; jvm 1.8.0_292-b10
2021-10-16 02:30:17,764 [Listener at 0.0.0.0/13957] INFO  server.session (DefaultSessionIdManager.java:doStart(334)) - DefaultSessionIdManager workerName=node0
2021-10-16 02:30:17,764 [Listener at 0.0.0.0/13957] INFO  server.session (DefaultSessionIdManager.java:doStart(339)) - No SessionScavenger set, using defaults
2021-10-16 02:30:17,764 [Listener at 0.0.0.0/13957] INFO  server.session (HouseKeeper.java:startScavenging(132)) - node0 Scavenging every 660000ms
2021-10-16 02:30:17,766 [Listener at 0.0.0.0/13957] INFO  handler.ContextHandler (ContextHandler.java:doStart(915)) - Started o.e.j.s.ServletContextHandler@13190f44{logs,/logs,file:///home/runner/work/ozone/ozone/hadoop-ozone/integration-test/target/log,AVAILABLE}
2021-10-16 02:30:17,767 [Listener at 0.0.0.0/13957] INFO  handler.ContextHandler (ContextHandler.java:doStart(915)) - Started o.e.j.s.ServletContextHandler@59d44c64{static,/static,file:///home/runner/work/ozone/ozone/hadoop-ozone/integration-test/target/test-classes/webapps/static,AVAILABLE}
2021-10-16 02:30:17,775 [Listener at 0.0.0.0/13957] INFO  handler.ContextHandler (ContextHandler.java:doStart(915)) - Started o.e.j.w.WebAppContext@592fb393{scm,/,file:///home/runner/work/ozone/ozone/hadoop-ozone/integration-test/target/test-classes/webapps/scm/,AVAILABLE}{file:/home/runner/work/ozone/ozone/hadoop-ozone/integration-test/target/test-classes/webapps/scm}
2021-10-16 02:30:17,776 [Listener at 0.0.0.0/13957] INFO  server.AbstractConnector (AbstractConnector.java:doStart(331)) - Started ServerConnector@46343f97{HTTP/1.1, (http/1.1)}{0.0.0.0:13952}
2021-10-16 02:30:17,777 [Listener at 0.0.0.0/13957] INFO  server.Server (Server.java:doStart(415)) - Started @83371ms
2021-10-16 02:30:17,777 [Listener at 0.0.0.0/13957] WARN  impl.MetricsSystemImpl (MetricsSystemImpl.java:register(279)) - Sink prometheus already exists!
2021-10-16 02:30:17,778 [Listener at 0.0.0.0/13957] INFO  http.BaseHttpServer (BaseHttpServer.java:updateConnectorAddress(329)) - HTTP server of scm listening at http://0.0.0.0:13952
2021-10-16 02:30:17,778 [Listener at 0.0.0.0/13957] INFO  ozone.MiniOzoneHAClusterImpl (MiniOzoneHAClusterImpl.java:createSCMService(564)) - Started SCM RPC server at org.apache.hadoop.hdds.scm.server.SCMClientProtocolServer@356d9441
2021-10-16 02:30:17,786 [Listener at 0.0.0.0/13957] INFO  ha.SCMHANodeDetails (SCMHANodeDetails.java:loadSCMHAConfig(157)) - ServiceID for StorageContainerManager is scm-service-test1
2021-10-16 02:30:17,791 [Listener at 0.0.0.0/13957] INFO  ha.SCMHANodeDetails (SCMHANodeDetails.java:loadSCMHAConfig(168)) - ServiceID for StorageContainerManager is scm-service-test1
2021-10-16 02:30:17,792 [Listener at 0.0.0.0/13957] WARN  scm.ScmUtils (ScmUtils.java:logWarn(179)) - ConfigKey ozone.scm.block.client.address is deprecated, For configuring different ports for each SCM use PortConfigKey ozone.scm.block.client.port appended with serviceId and nodeId. If want to configure same port configure ozone.scm.block.client.port
2021-10-16 02:30:17,792 [Listener at 0.0.0.0/13957] WARN  scm.ScmUtils (ScmUtils.java:logWarn(179)) - ConfigKey ozone.scm.client.address is deprecated, For configuring different ports for each SCM use PortConfigKey ozone.scm.client.port appended with serviceId and nodeId. If want to configure same port configure ozone.scm.client.port
2021-10-16 02:30:17,793 [Listener at 0.0.0.0/13957] WARN  scm.ScmUtils (ScmUtils.java:logWarn(179)) - ConfigKey ozone.scm.datanode.address is deprecated, For configuring different ports for each SCM use PortConfigKey ozone.scm.datanode.port appended with serviceId and nodeId. If want to configure same port configure ozone.scm.datanode.port
2021-10-16 02:30:17,793 [Listener at 0.0.0.0/13957] WARN  scm.ScmUtils (ScmUtils.java:logWarn(179)) - ConfigKey ozone.scm.block.client.address is deprecated, For configuring different ports for each SCM use PortConfigKey ozone.scm.block.client.port appended with serviceId and nodeId. If want to configure same port configure ozone.scm.block.client.port
2021-10-16 02:30:17,796 [Listener at 0.0.0.0/13957] WARN  scm.ScmUtils (ScmUtils.java:logWarn(179)) - ConfigKey ozone.scm.client.address is deprecated, For configuring different ports for each SCM use PortConfigKey ozone.scm.client.port appended with serviceId and nodeId. If want to configure same port configure ozone.scm.client.port
2021-10-16 02:30:17,796 [Listener at 0.0.0.0/13957] WARN  scm.ScmUtils (ScmUtils.java:logWarn(179)) - ConfigKey ozone.scm.datanode.address is deprecated, For configuring different ports for each SCM use PortConfigKey ozone.scm.datanode.port appended with serviceId and nodeId. If want to configure same port configure ozone.scm.datanode.port
2021-10-16 02:30:17,799 [Listener at 0.0.0.0/13957] INFO  ha.SCMHANodeDetails (SCMHANodeDetails.java:loadSCMHAConfig(250)) - Found matching SCM address with SCMServiceId: scm-service-test1, SCMNodeId: scmNode-3, RPC Address: localhost:13964 and Ratis port: 13964
2021-10-16 02:30:17,801 [Listener at 0.0.0.0/13957] INFO  ha.SCMHANodeDetails (ConfUtils.java:setNodeSpecificConfigs(108)) - Setting configuration key ozone.scm.datanode.address with value of key ozone.scm.datanode.address.scm-service-test1.scmNode-3: 127.0.0.1:13965
2021-10-16 02:30:17,801 [Listener at 0.0.0.0/13957] INFO  ha.SCMHANodeDetails (ConfUtils.java:setNodeSpecificConfigs(108)) - Setting configuration key ozone.scm.block.client.address with value of key ozone.scm.block.client.address.scm-service-test1.scmNode-3: 127.0.0.1:13966
2021-10-16 02:30:17,801 [Listener at 0.0.0.0/13957] INFO  ha.SCMHANodeDetails (ConfUtils.java:setNodeSpecificConfigs(108)) - Setting configuration key ozone.scm.client.address with value of key ozone.scm.client.address.scm-service-test1.scmNode-3: 127.0.0.1:13967
2021-10-16 02:30:17,801 [Listener at 0.0.0.0/13957] INFO  ha.SCMHANodeDetails (ConfUtils.java:setNodeSpecificConfigs(108)) - Setting configuration key ozone.scm.ratis.port with value of key ozone.scm.ratis.port.scm-service-test1.scmNode-3: 13964
2021-10-16 02:30:17,802 [Listener at 0.0.0.0/13957] INFO  ha.SCMHANodeDetails (ConfUtils.java:setNodeSpecificConfigs(108)) - Setting configuration key ozone.scm.grpc.port with value of key ozone.scm.grpc.port.scm-service-test1.scmNode-3: 13968
2021-10-16 02:30:17,802 [Listener at 0.0.0.0/13957] INFO  ha.SCMHANodeDetails (ConfUtils.java:setNodeSpecificConfigs(108)) - Setting configuration key ozone.scm.http-address with value of key ozone.scm.http-address.scm-service-test1.scmNode-3: 127.0.0.1:13962
2021-10-16 02:30:17,802 [Listener at 0.0.0.0/13957] INFO  ha.SCMHANodeDetails (ConfUtils.java:setNodeSpecificConfigs(108)) - Setting configuration key ozone.scm.https-address with value of key ozone.scm.https-address.scm-service-test1.scmNode-3: 127.0.0.1:13963
2021-10-16 02:30:17,802 [Listener at 0.0.0.0/13957] INFO  ha.SCMHANodeDetails (ConfUtils.java:setNodeSpecificConfigs(108)) - Setting configuration key ozone.scm.address with value of key ozone.scm.address.scm-service-test1.scmNode-3: 127.0.0.1
2021-10-16 02:30:17,803 [Listener at 0.0.0.0/13957] WARN  scm.ScmUtils (ScmUtils.java:logWarn(179)) - ConfigKey ozone.scm.block.client.address is deprecated, For configuring different ports for each SCM use PortConfigKey ozone.scm.block.client.port appended with serviceId and nodeId. If want to configure same port configure ozone.scm.block.client.port
2021-10-16 02:30:17,803 [Listener at 0.0.0.0/13957] WARN  scm.ScmUtils (ScmUtils.java:logWarn(179)) - ConfigKey ozone.scm.client.address is deprecated, For configuring different ports for each SCM use PortConfigKey ozone.scm.client.port appended with serviceId and nodeId. If want to configure same port configure ozone.scm.client.port
2021-10-16 02:30:17,803 [Listener at 0.0.0.0/13957] WARN  scm.ScmUtils (ScmUtils.java:logWarn(179)) - ConfigKey ozone.scm.datanode.address is deprecated, For configuring different ports for each SCM use PortConfigKey ozone.scm.datanode.port appended with serviceId and nodeId. If want to configure same port configure ozone.scm.datanode.port
2021-10-16 02:30:17,803 [Listener at 0.0.0.0/13957] WARN  server.ServerUtils (ServerUtils.java:getScmDbDir(148)) - ozone.scm.db.dirs is not configured. We recommend adding this setting. Falling back to ozone.metadata.dirs instead.
2021-10-16 02:30:17,814 [Listener at 0.0.0.0/13957] INFO  ha.SCMNodeInfo (SCMNodeInfo.java:getPort(197)) - ConfigKey ozone.scm.client.address is deprecated, For configuring different ports for each SCM use PortConfigKey ozone.scm.client.port appended with serviceId and nodeId
2021-10-16 02:30:17,814 [Listener at 0.0.0.0/13957] INFO  ha.SCMNodeInfo (SCMNodeInfo.java:getPort(197)) - ConfigKey ozone.scm.block.client.address is deprecated, For configuring different ports for each SCM use PortConfigKey ozone.scm.block.client.port appended with serviceId and nodeId
2021-10-16 02:30:17,814 [Listener at 0.0.0.0/13957] INFO  ha.SCMNodeInfo (SCMNodeInfo.java:getPort(197)) - ConfigKey ozone.scm.datanode.address is deprecated, For configuring different ports for each SCM use PortConfigKey ozone.scm.datanode.port appended with serviceId and nodeId
2021-10-16 02:30:17,815 [Listener at 0.0.0.0/13957] INFO  ha.SCMNodeInfo (SCMNodeInfo.java:getPort(197)) - ConfigKey ozone.scm.client.address is deprecated, For configuring different ports for each SCM use PortConfigKey ozone.scm.client.port appended with serviceId and nodeId
2021-10-16 02:30:17,815 [Listener at 0.0.0.0/13957] INFO  ha.SCMNodeInfo (SCMNodeInfo.java:getPort(197)) - ConfigKey ozone.scm.block.client.address is deprecated, For configuring different ports for each SCM use PortConfigKey ozone.scm.block.client.port appended with serviceId and nodeId
2021-10-16 02:30:17,815 [Listener at 0.0.0.0/13957] INFO  ha.SCMNodeInfo (SCMNodeInfo.java:getPort(197)) - ConfigKey ozone.scm.datanode.address is deprecated, For configuring different ports for each SCM use PortConfigKey ozone.scm.datanode.port appended with serviceId and nodeId
2021-10-16 02:30:17,815 [Listener at 0.0.0.0/13957] INFO  ha.SCMNodeInfo (SCMNodeInfo.java:getPort(197)) - ConfigKey ozone.scm.client.address is deprecated, For configuring different ports for each SCM use PortConfigKey ozone.scm.client.port appended with serviceId and nodeId
2021-10-16 02:30:17,815 [Listener at 0.0.0.0/13957] INFO  ha.SCMNodeInfo (SCMNodeInfo.java:getPort(197)) - ConfigKey ozone.scm.block.client.address is deprecated, For configuring different ports for each SCM use PortConfigKey ozone.scm.block.client.port appended with serviceId and nodeId
2021-10-16 02:30:17,816 [Listener at 0.0.0.0/13957] INFO  ha.SCMNodeInfo (SCMNodeInfo.java:getPort(197)) - ConfigKey ozone.scm.datanode.address is deprecated, For configuring different ports for each SCM use PortConfigKey ozone.scm.datanode.port appended with serviceId and nodeId
2021-10-16 02:30:17,839 [Listener at 0.0.0.0/13957] INFO  server.StorageContainerManager (StorageContainerManager.java:scmBootstrap(987)) - SCM BootStrap  is successful for ClusterID 4eb377f1-b672-4075-9178-fccd761457f8, SCMID cc44bade-b222-412b-91cb-7451c55d5287
2021-10-16 02:30:17,839 [Listener at 0.0.0.0/13957] INFO  server.StorageContainerManager (StorageContainerManager.java:scmBootstrap(989)) - Primary SCM Node ID 3deaabcd-f5f1-47ac-8cd4-644b2fe93232
2021-10-16 02:30:17,839 [Listener at 0.0.0.0/13957] INFO  ha.SCMHANodeDetails (SCMHANodeDetails.java:loadSCMHAConfig(157)) - ServiceID for StorageContainerManager is scm-service-test1
2021-10-16 02:30:17,839 [Listener at 0.0.0.0/13957] INFO  ha.SCMHANodeDetails (SCMHANodeDetails.java:loadSCMHAConfig(168)) - ServiceID for StorageContainerManager is scm-service-test1
2021-10-16 02:30:17,839 [Listener at 0.0.0.0/13957] WARN  scm.ScmUtils (ScmUtils.java:logWarn(179)) - ConfigKey ozone.scm.block.client.address is deprecated, For configuring different ports for each SCM use PortConfigKey ozone.scm.block.client.port appended with serviceId and nodeId. If want to configure same port configure ozone.scm.block.client.port
2021-10-16 02:30:17,840 [Listener at 0.0.0.0/13957] WARN  scm.ScmUtils (ScmUtils.java:logWarn(179)) - ConfigKey ozone.scm.client.address is deprecated, For configuring different ports for each SCM use PortConfigKey ozone.scm.client.port appended with serviceId and nodeId. If want to configure same port configure ozone.scm.client.port
2021-10-16 02:30:17,840 [Listener at 0.0.0.0/13957] WARN  scm.ScmUtils (ScmUtils.java:logWarn(179)) - ConfigKey ozone.scm.datanode.address is deprecated, For configuring different ports for each SCM use PortConfigKey ozone.scm.datanode.port appended with serviceId and nodeId. If want to configure same port configure ozone.scm.datanode.port
2021-10-16 02:30:17,840 [Listener at 0.0.0.0/13957] WARN  scm.ScmUtils (ScmUtils.java:logWarn(179)) - ConfigKey ozone.scm.block.client.address is deprecated, For configuring different ports for each SCM use PortConfigKey ozone.scm.block.client.port appended with serviceId and nodeId. If want to configure same port configure ozone.scm.block.client.port
2021-10-16 02:30:17,841 [Listener at 0.0.0.0/13957] WARN  scm.ScmUtils (ScmUtils.java:logWarn(179)) - ConfigKey ozone.scm.client.address is deprecated, For configuring different ports for each SCM use PortConfigKey ozone.scm.client.port appended with serviceId and nodeId. If want to configure same port configure ozone.scm.client.port
2021-10-16 02:30:17,841 [Listener at 0.0.0.0/13957] WARN  scm.ScmUtils (ScmUtils.java:logWarn(179)) - ConfigKey ozone.scm.datanode.address is deprecated, For configuring different ports for each SCM use PortConfigKey ozone.scm.datanode.port appended with serviceId and nodeId. If want to configure same port configure ozone.scm.datanode.port
2021-10-16 02:30:17,841 [Listener at 0.0.0.0/13957] INFO  ha.SCMHANodeDetails (SCMHANodeDetails.java:loadSCMHAConfig(250)) - Found matching SCM address with SCMServiceId: scm-service-test1, SCMNodeId: scmNode-3, RPC Address: localhost:13964 and Ratis port: 13964
2021-10-16 02:30:17,841 [Listener at 0.0.0.0/13957] INFO  ha.SCMHANodeDetails (ConfUtils.java:setNodeSpecificConfigs(108)) - Setting configuration key ozone.scm.datanode.address with value of key ozone.scm.datanode.address.scm-service-test1.scmNode-3: 127.0.0.1:13965
2021-10-16 02:30:17,841 [Listener at 0.0.0.0/13957] INFO  ha.SCMHANodeDetails (ConfUtils.java:setNodeSpecificConfigs(108)) - Setting configuration key ozone.scm.block.client.address with value of key ozone.scm.block.client.address.scm-service-test1.scmNode-3: 127.0.0.1:13966
2021-10-16 02:30:17,841 [Listener at 0.0.0.0/13957] INFO  ha.SCMHANodeDetails (ConfUtils.java:setNodeSpecificConfigs(108)) - Setting configuration key ozone.scm.client.address with value of key ozone.scm.client.address.scm-service-test1.scmNode-3: 127.0.0.1:13967
2021-10-16 02:30:17,842 [Listener at 0.0.0.0/13957] INFO  ha.SCMHANodeDetails (ConfUtils.java:setNodeSpecificConfigs(108)) - Setting configuration key ozone.scm.ratis.port with value of key ozone.scm.ratis.port.scm-service-test1.scmNode-3: 13964
2021-10-16 02:30:17,842 [Listener at 0.0.0.0/13957] INFO  ha.SCMHANodeDetails (ConfUtils.java:setNodeSpecificConfigs(108)) - Setting configuration key ozone.scm.grpc.port with value of key ozone.scm.grpc.port.scm-service-test1.scmNode-3: 13968
2021-10-16 02:30:17,842 [Listener at 0.0.0.0/13957] INFO  ha.SCMHANodeDetails (ConfUtils.java:setNodeSpecificConfigs(108)) - Setting configuration key ozone.scm.http-address with value of key ozone.scm.http-address.scm-service-test1.scmNode-3: 127.0.0.1:13962
2021-10-16 02:30:17,842 [Listener at 0.0.0.0/13957] INFO  ha.SCMHANodeDetails (ConfUtils.java:setNodeSpecificConfigs(108)) - Setting configuration key ozone.scm.https-address with value of key ozone.scm.https-address.scm-service-test1.scmNode-3: 127.0.0.1:13963
2021-10-16 02:30:17,842 [Listener at 0.0.0.0/13957] INFO  ha.SCMHANodeDetails (ConfUtils.java:setNodeSpecificConfigs(108)) - Setting configuration key ozone.scm.address with value of key ozone.scm.address.scm-service-test1.scmNode-3: 127.0.0.1
2021-10-16 02:30:17,842 [Listener at 0.0.0.0/13957] WARN  scm.ScmUtils (ScmUtils.java:logWarn(179)) - ConfigKey ozone.scm.block.client.address is deprecated, For configuring different ports for each SCM use PortConfigKey ozone.scm.block.client.port appended with serviceId and nodeId. If want to configure same port configure ozone.scm.block.client.port
2021-10-16 02:30:17,843 [Listener at 0.0.0.0/13957] WARN  scm.ScmUtils (ScmUtils.java:logWarn(179)) - ConfigKey ozone.scm.client.address is deprecated, For configuring different ports for each SCM use PortConfigKey ozone.scm.client.port appended with serviceId and nodeId. If want to configure same port configure ozone.scm.client.port
2021-10-16 02:30:17,843 [Listener at 0.0.0.0/13957] WARN  scm.ScmUtils (ScmUtils.java:logWarn(179)) - ConfigKey ozone.scm.datanode.address is deprecated, For configuring different ports for each SCM use PortConfigKey ozone.scm.datanode.port appended with serviceId and nodeId. If want to configure same port configure ozone.scm.datanode.port
2021-10-16 02:30:17,843 [Listener at 0.0.0.0/13957] WARN  server.ServerUtils (ServerUtils.java:getScmDbDir(148)) - ozone.scm.db.dirs is not configured. We recommend adding this setting. Falling back to ozone.metadata.dirs instead.
2021-10-16 02:30:17,844 [Listener at 0.0.0.0/13957] INFO  upgrade.AbstractLayoutVersionManager (AbstractLayoutVersionManager.java:init(79)) - Initializing Layout version manager with metadata layout = SCM_HA (version = 2), software layout = SCM_HA (version = 2)
2021-10-16 02:30:17,963 [Listener at 0.0.0.0/13957] INFO  reflections.Reflections (Reflections.java:scan(232)) - Reflections took 110 ms to scan 7 urls, producing 119 keys and 278 values 
2021-10-16 02:30:17,965 [Listener at 0.0.0.0/13957] WARN  utils.HAUtils (HAUtils.java:getMetaDir(342)) - ozone.scm.db.dirs is not configured. We recommend adding this setting. Falling back to ozone.metadata.dirs instead.
2021-10-16 02:30:17,980 [Listener at 0.0.0.0/13957] WARN  db.DBStoreBuilder (DBStoreBuilder.java:applyDBDefinition(145)) - ozone.scm.db.dirs is not configured. We recommend adding this setting. Falling back to ozone.metadata.dirs instead.
2021-10-16 02:30:18,175 [Listener at 0.0.0.0/13957] INFO  net.NodeSchemaLoader (NodeSchemaLoader.java:loadSchemaFromFile(129)) - Loading schema from [jar:file:/home/runner/.m2/repository/org/apache/ozone/hdds-common/1.2.0-SNAPSHOT/hdds-common-1.2.0-SNAPSHOT.jar!/network-topology-default.xml]
2021-10-16 02:30:18,176 [Listener at 0.0.0.0/13957] INFO  net.NodeSchemaLoader (NodeSchemaLoader.java:loadSchema(176)) - Loading network topology layer schema file
2021-10-16 02:30:18,210 [Listener at 0.0.0.0/13957] WARN  impl.MetricRegistriesImpl (MetricRegistriesImpl.java:addReporterRegistration(111)) - New reporters are added after registries were created. Some metrics will be missing from the reporter. Please add reporter before adding any new registry.
2021-10-16 02:30:18,210 [Listener at 0.0.0.0/13957] WARN  impl.MetricRegistriesImpl (MetricRegistriesImpl.java:addReporterRegistration(111)) - New reporters are added after registries were created. Some metrics will be missing from the reporter. Please add reporter before adding any new registry.
2021-10-16 02:30:18,211 [Listener at 0.0.0.0/13957] INFO  ha.SCMRatisServerImpl (SCMRatisServerImpl.java:<init>(87)) - starting Raft server for scm:cc44bade-b222-412b-91cb-7451c55d5287
2021-10-16 02:30:18,212 [Listener at 0.0.0.0/13957] INFO  server.RaftServer (ConfUtils.java:logGet(44)) - raft.rpc.type = GRPC (default)
2021-10-16 02:30:18,214 [Listener at 0.0.0.0/13957] INFO  grpc.GrpcFactory (GrpcFactory.java:checkPooledByteBufAllocatorUseCacheForAllThreads(48)) - PERFORMANCE WARNING: useCacheForAllThreads is true that may cause Netty to create a lot garbage objects and, as a result, trigger GC.
	It is recommended to disable useCacheForAllThreads by setting -Dorg.apache.ratis.thirdparty.io.netty.allocator.useCacheForAllThreads=false in command line.
2021-10-16 02:30:18,214 [Listener at 0.0.0.0/13957] INFO  grpc.GrpcConfigKeys (ConfUtils.java:logGet(44)) - raft.grpc.admin.port = -1 (default)
2021-10-16 02:30:18,215 [Listener at 0.0.0.0/13957] INFO  grpc.GrpcConfigKeys (ConfUtils.java:logGet(44)) - raft.grpc.server.port = 13964 (custom)
2021-10-16 02:30:18,215 [Listener at 0.0.0.0/13957] INFO  grpc.GrpcConfigKeys (ConfUtils.java:logGet(44)) - raft.grpc.client.port = -1 (default)
2021-10-16 02:30:18,215 [Listener at 0.0.0.0/13957] INFO  grpc.GrpcConfigKeys (ConfUtils.java:logGet(44)) - raft.grpc.server.port = 13964 (custom)
2021-10-16 02:30:18,215 [Listener at 0.0.0.0/13957] INFO  grpc.GrpcConfigKeys (ConfUtils.java:logGet(44)) - raft.grpc.server.port = 13964 (custom)
2021-10-16 02:30:18,215 [Listener at 0.0.0.0/13957] INFO  server.GrpcService (ConfUtils.java:logGet(44)) - raft.grpc.message.size.max = 32m (=33554432) (custom)
2021-10-16 02:30:18,215 [Listener at 0.0.0.0/13957] INFO  server.RaftServerConfigKeys (ConfUtils.java:logGet(44)) - raft.server.log.appender.buffer.byte-limit = 33554432 (custom)
2021-10-16 02:30:18,216 [Listener at 0.0.0.0/13957] INFO  server.GrpcService (ConfUtils.java:logGet(44)) - raft.grpc.flow.control.window = 1MB (=1048576) (default)
2021-10-16 02:30:18,216 [Listener at 0.0.0.0/13957] INFO  server.RaftServerConfigKeys (ConfUtils.java:logGet(44)) - raft.server.rpc.request.timeout = 30000ms (custom)
2021-10-16 02:30:18,218 [Listener at 0.0.0.0/13957] INFO  impl.DataStreamServerImpl (ConfUtils.java:logGet(44)) - raft.datastream.type = DISABLED (default)
2021-10-16 02:30:18,219 [Listener at 0.0.0.0/13957] INFO  server.RaftServerConfigKeys (ConfUtils.java:logGet(44)) - raft.server.rpc.slowness.timeout = 120000ms (custom)
2021-10-16 02:30:18,219 [Listener at 0.0.0.0/13957] INFO  server.RaftServerConfigKeys (ConfUtils.java:logGet(44)) - raft.server.leaderelection.leader.step-down.wait-time = 10s (default)
2021-10-16 02:30:18,219 [Listener at 0.0.0.0/13957] INFO  server.RaftServerConfigKeys (ConfUtils.java:logGet(44)) - raft.server.storage.dir = [/home/runner/work/ozone/ozone/hadoop-ozone/integration-test/target/test-dir/MiniOzoneClusterImpl-4eb377f1-b672-4075-9178-fccd761457f8/scmNode-3/scm-ha] (custom)
2021-10-16 02:30:18,220 [Listener at 0.0.0.0/13957] INFO  server.RaftServer (RaftServerProxy.java:addNew(95)) - cc44bade-b222-412b-91cb-7451c55d5287: addNew group-FCCD761457F8:[] returns group-FCCD761457F8:java.util.concurrent.CompletableFuture@4623bf06[Not completed]
2021-10-16 02:30:18,220 [pool-228-thread-1] INFO  server.RaftServer$Division (RaftServerImpl.java:<init>(181)) - cc44bade-b222-412b-91cb-7451c55d5287: new RaftServerImpl for group-FCCD761457F8:[] with SCMStateMachine:uninitialized
2021-10-16 02:30:18,227 [pool-228-thread-1] INFO  server.RaftServerConfigKeys (ConfUtils.java:logGet(44)) - raft.server.rpc.timeout.min = 5000ms (custom)
2021-10-16 02:30:18,228 [pool-228-thread-1] INFO  server.RaftServerConfigKeys (ConfUtils.java:logGet(44)) - raft.server.rpc.timeout.max = 5200ms (custom)
2021-10-16 02:30:18,234 [pool-228-thread-1] INFO  server.RaftServerConfigKeys (ConfUtils.java:logGet(44)) - raft.server.rpc.sleep.time = 25ms (default)
2021-10-16 02:30:18,235 [pool-228-thread-1] INFO  server.RaftServerConfigKeys (ConfUtils.java:logGet(44)) - raft.server.rpc.slowness.timeout = 120000ms (custom)
2021-10-16 02:30:18,235 [pool-228-thread-1] INFO  server.RaftServerConfigKeys (ConfUtils.java:logGet(44)) - raft.server.leaderelection.leader.step-down.wait-time = 10s (default)
2021-10-16 02:30:18,236 [pool-228-thread-1] INFO  server.RaftServerConfigKeys (ConfUtils.java:logGet(44)) - raft.server.sleep.deviation.threshold = 300ms (default)
2021-10-16 02:30:18,236 [pool-228-thread-1] INFO  server.RaftServerConfigKeys (ConfUtils.java:logGet(44)) - raft.server.log.appender.install.snapshot.enabled = false (custom)
2021-10-16 02:30:18,236 [pool-228-thread-1] INFO  server.RaftServer$Division (ServerState.java:<init>(105)) - cc44bade-b222-412b-91cb-7451c55d5287@group-FCCD761457F8: ConfigurationManager, init=-1: [], old=null, confs=<EMPTY_MAP>
2021-10-16 02:30:18,237 [pool-228-thread-1] INFO  server.RaftServerConfigKeys (ConfUtils.java:logGet(44)) - raft.server.storage.dir = [/home/runner/work/ozone/ozone/hadoop-ozone/integration-test/target/test-dir/MiniOzoneClusterImpl-4eb377f1-b672-4075-9178-fccd761457f8/scmNode-3/scm-ha] (custom)
2021-10-16 02:30:18,237 [pool-228-thread-1] INFO  server.RaftServerConfigKeys (ConfUtils.java:logGet(44)) - raft.server.log.corruption.policy = EXCEPTION (default)
2021-10-16 02:30:18,237 [pool-228-thread-1] INFO  server.RaftServerConfigKeys (ConfUtils.java:logGet(44)) - raft.server.storage.free-space.min = 0MB (=0) (default)
2021-10-16 02:30:18,237 [pool-228-thread-1] INFO  storage.RaftStorageDirectory (RaftStorageDirectoryImpl.java:analyzeStorage(135)) - The storage directory /home/runner/work/ozone/ozone/hadoop-ozone/integration-test/target/test-dir/MiniOzoneClusterImpl-4eb377f1-b672-4075-9178-fccd761457f8/scmNode-3/scm-ha/4eb377f1-b672-4075-9178-fccd761457f8 does not exist. Creating ...
2021-10-16 02:30:18,239 [pool-228-thread-1] INFO  storage.RaftStorageDirectory (RaftStorageDirectoryImpl.java:tryLock(230)) - Lock on /home/runner/work/ozone/ozone/hadoop-ozone/integration-test/target/test-dir/MiniOzoneClusterImpl-4eb377f1-b672-4075-9178-fccd761457f8/scmNode-3/scm-ha/4eb377f1-b672-4075-9178-fccd761457f8/in_use.lock acquired by nodename 30307@fv-az59-128
2021-10-16 02:30:18,242 [pool-228-thread-1] INFO  storage.RaftStorage (RaftStorageImpl.java:format(89)) - Storage directory /home/runner/work/ozone/ozone/hadoop-ozone/integration-test/target/test-dir/MiniOzoneClusterImpl-4eb377f1-b672-4075-9178-fccd761457f8/scmNode-3/scm-ha/4eb377f1-b672-4075-9178-fccd761457f8 has been successfully formatted.
2021-10-16 02:30:18,243 [pool-228-thread-1] INFO  server.RaftServerConfigKeys (ConfUtils.java:logGet(44)) - raft.server.notification.no-leader.timeout = 60s (default)
2021-10-16 02:30:18,243 [pool-228-thread-1] INFO  server.RaftServerConfigKeys (ConfUtils.java:logGet(44)) - raft.server.log.use.memory = false (default)
2021-10-16 02:30:18,243 [pool-228-thread-1] INFO  server.RaftServerConfigKeys (ConfUtils.java:logGet(44)) - raft.server.log.purge.gap = 5 (custom)
2021-10-16 02:30:18,243 [pool-228-thread-1] INFO  server.RaftServerConfigKeys (ConfUtils.java:logGet(44)) - raft.server.log.appender.buffer.byte-limit = 33554432 (custom)
2021-10-16 02:30:18,244 [pool-228-thread-1] INFO  server.RaftServerConfigKeys (ConfUtils.java:logGet(44)) - raft.server.log.segment.size.max = 16384 (custom)
2021-10-16 02:30:18,251 [pool-228-thread-1] INFO  server.RaftServerConfigKeys (ConfUtils.java:logGet(44)) - raft.server.log.segment.cache.num.max = 2 (custom)
2021-10-16 02:30:18,251 [pool-228-thread-1] INFO  server.RaftServerConfigKeys (ConfUtils.java:logGet(44)) - raft.server.log.segment.cache.size.max = 200MB (=209715200) (default)
2021-10-16 02:30:18,251 [pool-228-thread-1] INFO  segmented.SegmentedRaftLogWorker (SegmentedRaftLogWorker.java:<init>(182)) - new cc44bade-b222-412b-91cb-7451c55d5287@group-FCCD761457F8-SegmentedRaftLogWorker for RaftStorageImpl:Storage Directory /home/runner/work/ozone/ozone/hadoop-ozone/integration-test/target/test-dir/MiniOzoneClusterImpl-4eb377f1-b672-4075-9178-fccd761457f8/scmNode-3/scm-ha/4eb377f1-b672-4075-9178-fccd761457f8
2021-10-16 02:30:18,251 [pool-228-thread-1] INFO  server.RaftServerConfigKeys (ConfUtils.java:logGet(44)) - raft.server.log.queue.byte-limit = 64MB (=67108864) (default)
2021-10-16 02:30:18,251 [pool-228-thread-1] INFO  server.RaftServerConfigKeys (ConfUtils.java:logGet(44)) - raft.server.log.queue.element-limit = 4096 (default)
2021-10-16 02:30:18,252 [pool-228-thread-1] INFO  server.RaftServerConfigKeys (ConfUtils.java:logGet(44)) - raft.server.log.segment.size.max = 16384 (custom)
2021-10-16 02:30:18,252 [pool-228-thread-1] INFO  server.RaftServerConfigKeys (ConfUtils.java:logGet(44)) - raft.server.log.preallocated.size = 16384 (custom)
2021-10-16 02:30:18,252 [pool-228-thread-1] INFO  server.RaftServerConfigKeys (ConfUtils.java:logGet(44)) - raft.server.log.force.sync.num = 128 (default)
2021-10-16 02:30:18,252 [pool-228-thread-1] INFO  server.RaftServerConfigKeys (ConfUtils.java:logGet(44)) - raft.server.log.statemachine.data.sync = true (default)
2021-10-16 02:30:18,252 [pool-228-thread-1] INFO  server.RaftServerConfigKeys (ConfUtils.java:logGet(44)) - raft.server.log.statemachine.data.sync.timeout = 10s (default)
2021-10-16 02:30:18,252 [pool-228-thread-1] INFO  server.RaftServerConfigKeys (ConfUtils.java:logGet(44)) - raft.server.log.statemachine.data.sync.timeout.retry = -1 (default)
2021-10-16 02:30:18,265 [pool-228-thread-1] INFO  server.RaftServerConfigKeys (ConfUtils.java:logGet(44)) - raft.server.log.write.buffer.size = 64KB (=65536) (default)
2021-10-16 02:30:18,265 [pool-228-thread-1] INFO  server.RaftServerConfigKeys (ConfUtils.java:logGet(44)) - raft.server.log.statemachine.data.caching.enabled = false (default)
2021-10-16 02:30:18,266 [pool-228-thread-1] INFO  segmented.SegmentedRaftLogWorker (SegmentedRaftLogWorker.java:lambda$new$0(133)) - cc44bade-b222-412b-91cb-7451c55d5287@group-FCCD761457F8-SegmentedRaftLogWorker: flushIndex: setUnconditionally 0 -> -1
2021-10-16 02:30:18,267 [pool-228-thread-1] INFO  segmented.SegmentedRaftLogWorker (SegmentedRaftLogWorker.java:lambda$new$0(133)) - cc44bade-b222-412b-91cb-7451c55d5287@group-FCCD761457F8-SegmentedRaftLogWorker: safeCacheEvictIndex: setUnconditionally 0 -> -1
2021-10-16 02:30:18,269 [pool-228-thread-1] INFO  server.RaftServerConfigKeys (ConfUtils.java:logGet(44)) - raft.server.snapshot.auto.trigger.enabled = true (custom)
2021-10-16 02:30:18,269 [pool-228-thread-1] INFO  server.RaftServerConfigKeys (ConfUtils.java:logGet(44)) - raft.server.snapshot.auto.trigger.threshold = 5 (custom)
2021-10-16 02:30:18,269 [pool-228-thread-1] INFO  server.RaftServerConfigKeys (ConfUtils.java:logGet(44)) - raft.server.snapshot.retention.file.num = -1 (default)
2021-10-16 02:30:18,269 [pool-228-thread-1] INFO  server.RaftServerConfigKeys (ConfUtils.java:logGet(44)) - raft.server.log.purge.upto.snapshot.index = true (custom)
2021-10-16 02:30:18,269 [pool-228-thread-1] INFO  server.RaftServerConfigKeys (ConfUtils.java:logGet(44)) - raft.server.retrycache.expirytime = 60000ms (default)
2021-10-16 02:30:18,269 [pool-228-thread-1] INFO  server.RaftServerConfigKeys (ConfUtils.java:logGet(44)) - raft.server.retrycache.statistics.expirytime = 100μs (default)
2021-10-16 02:30:18,271 [Listener at 0.0.0.0/13957] INFO  ha.SCMSnapshotProvider (SCMSnapshotProvider.java:<init>(66)) - Initializing SCM Snapshot Provider
2021-10-16 02:30:18,271 [Listener at 0.0.0.0/13957] WARN  server.ServerUtils (ServerUtils.java:getDefaultRatisDirectory(237)) - Storage directory for Ratis is not configured. It is a good idea to map this to an SSD disk. Falling back to ozone.metadata.dirs
2021-10-16 02:30:18,272 [Listener at 0.0.0.0/13957] WARN  ha.SCMHAUtils (SCMHAUtils.java:getSCMRatisSnapshotDirectory(146)) - SCM snapshot dir is not configured. Falling back to ozone.metadata.dirs config
2021-10-16 02:30:18,274 [Listener at 0.0.0.0/13957] INFO  ha.SequenceIdGenerator (SequenceIdGenerator.java:upgradeToSequenceId(347)) - upgrade localId to 107544261427200000
2021-10-16 02:30:18,274 [Listener at 0.0.0.0/13957] INFO  ha.SequenceIdGenerator (SequenceIdGenerator.java:upgradeToSequenceId(357)) - upgrade delTxnId to 0
2021-10-16 02:30:18,275 [Listener at 0.0.0.0/13957] INFO  ha.SequenceIdGenerator (SequenceIdGenerator.java:upgradeToSequenceId(371)) - upgrade containerId to 0
2021-10-16 02:30:18,275 [Listener at 0.0.0.0/13957] INFO  ha.SequenceIdGenerator (SequenceIdGenerator.java:<init>(218)) - Init the HA SequenceIdGenerator.
2021-10-16 02:30:18,276 [Listener at 0.0.0.0/13957] WARN  server.ServerUtils (ServerUtils.java:sanitizeUserArgs(73)) - ozone.scm.stale.node.interval value = 300000 is larger than max = 100000 based on the key value of ozone.scm.heartbeat.thread.interval, reset to the max value 100000.
2021-10-16 02:30:18,276 [Listener at 0.0.0.0/13957] WARN  server.ServerUtils (ServerUtils.java:sanitizeUserArgs(73)) - ozone.scm.stale.node.interval value = 300000 is larger than max = 100000 based on the key value of ozone.scm.heartbeat.thread.interval, reset to the max value 100000.
2021-10-16 02:30:18,279 [Listener at 0.0.0.0/13957] INFO  node.SCMNodeManager (SCMNodeManager.java:<init>(144)) - Entering startup safe mode.
2021-10-16 02:30:18,280 [Listener at 0.0.0.0/13957] INFO  algorithms.ContainerPlacementPolicyFactory (ContainerPlacementPolicyFactory.java:getPolicy(60)) - Create container placement policy of type org.apache.hadoop.hdds.scm.container.placement.algorithms.SCMContainerPlacementRandom
2021-10-16 02:30:18,280 [Listener at 0.0.0.0/13957] INFO  pipeline.PipelineStateManagerImpl (PipelineStateManagerImpl.java:initialize(78)) - No pipeline exists in current db
2021-10-16 02:30:18,281 [Listener at 0.0.0.0/13957] INFO  algorithms.LeaderChoosePolicyFactory (LeaderChoosePolicyFactory.java:getPolicy(57)) - Create leader choose policy of type org.apache.hadoop.hdds.scm.pipeline.leader.choose.algorithms.MinLeaderCountChoosePolicy
2021-10-16 02:30:18,281 [Listener at 0.0.0.0/13957] INFO  ha.SCMServiceManager (SCMServiceManager.java:register(43)) - Registering service BackgroundPipelineCreator.
2021-10-16 02:30:18,282 [Listener at 0.0.0.0/13957] INFO  pipeline.BackgroundPipelineCreator (BackgroundPipelineCreator.java:start(130)) - Starting RatisPipelineUtilsThread.
2021-10-16 02:30:18,291 [Listener at 0.0.0.0/13957] INFO  algorithms.PipelineChoosePolicyFactory (PipelineChoosePolicyFactory.java:createPipelineChoosePolicyFromClass(73)) - Create pipeline choose policy of type org.apache.hadoop.hdds.scm.pipeline.choose.algorithms.RandomPipelineChoosePolicy
2021-10-16 02:30:18,292 [Listener at 0.0.0.0/13957] INFO  ha.SCMServiceManager (SCMServiceManager.java:register(43)) - Registering service SCMBlockDeletingService.
2021-10-16 02:30:18,294 [Listener at 0.0.0.0/13957] INFO  ha.SCMServiceManager (SCMServiceManager.java:register(43)) - Registering service ReplicationManager.
2021-10-16 02:30:18,297 [Listener at 0.0.0.0/13957] INFO  container.ReplicationManager (ReplicationManager.java:start(319)) - Starting Replication Monitor Thread.
2021-10-16 02:30:18,311 [Listener at 0.0.0.0/13957] INFO  safemode.ContainerSafeModeRule (ContainerSafeModeRule.java:<init>(89)) - containers with one replica threshold count 0
2021-10-16 02:30:18,311 [Listener at 0.0.0.0/13957] INFO  safemode.HealthyPipelineSafeModeRule (HealthyPipelineSafeModeRule.java:initializeRule(156)) - Total pipeline count is 0, healthy pipeline threshold count is 1
2021-10-16 02:30:18,312 [Listener at 0.0.0.0/13957] INFO  safemode.OneReplicaPipelineSafeModeRule (OneReplicaPipelineSafeModeRule.java:initializeRule(180)) - Total pipeline count is 0, pipeline's with at least one datanode reported threshold count is 0
2021-10-16 02:30:18,329 [Listener at 0.0.0.0/13957] INFO  ipc.CallQueueManager (CallQueueManager.java:<init>(90)) - Using callQueue: class java.util.concurrent.LinkedBlockingQueue, queueCapacity: 2000, scheduler: class org.apache.hadoop.ipc.DefaultRpcScheduler, ipcBackoff: false.
2021-10-16 02:30:18,330 [ReplicationMonitor] INFO  container.ReplicationManager (ReplicationManager.java:processAll(371)) - Replication Monitor Thread took 0 milliseconds for processing 0 containers.
2021-10-16 02:30:18,346 [Socket Reader #1 for port 13965] INFO  ipc.Server (Server.java:run(1265)) - Starting Socket Reader #1 for port 13965
2021-10-16 02:30:18,348 [Listener at 0.0.0.0/13965] INFO  ipc.CallQueueManager (CallQueueManager.java:<init>(90)) - Using callQueue: class java.util.concurrent.LinkedBlockingQueue, queueCapacity: 2000, scheduler: class org.apache.hadoop.ipc.DefaultRpcScheduler, ipcBackoff: false.
2021-10-16 02:30:18,352 [Socket Reader #1 for port 13966] INFO  ipc.Server (Server.java:run(1265)) - Starting Socket Reader #1 for port 13966
2021-10-16 02:30:18,353 [Listener at 0.0.0.0/13966] INFO  ipc.CallQueueManager (CallQueueManager.java:<init>(90)) - Using callQueue: class java.util.concurrent.LinkedBlockingQueue, queueCapacity: 2000, scheduler: class org.apache.hadoop.ipc.DefaultRpcScheduler, ipcBackoff: false.
2021-10-16 02:30:18,368 [Socket Reader #1 for port 13967] INFO  ipc.Server (Server.java:run(1265)) - Starting Socket Reader #1 for port 13967
2021-10-16 02:30:18,441 [Listener at 0.0.0.0/13967] INFO  algorithms.ContainerPlacementPolicyFactory (ContainerPlacementPolicyFactory.java:getPolicy(60)) - Create container placement policy of type org.apache.hadoop.hdds.scm.container.placement.algorithms.SCMContainerPlacementRandom
2021-10-16 02:30:18,444 [Listener at 0.0.0.0/13967] INFO  server.StorageContainerManager (StorageContainerManager.java:<init>(388)) - 
Container Balancer status:
Key                            Value
Running                        false
Container Balancer Configuration values:
Key                                                Value
Threshold                                          0.1
Max Datanodes to Involve per Iteration(ratio)      0.2
Max Size to Move per Iteration                     32212254720B

2021-10-16 02:30:18,447 [Listener at 0.0.0.0/13967] WARN  events.EventQueue (EventQueue.java:fireEvent(194)) - No event handler registered for event TypedEvent{payloadType=SafeModeStatus, name='Safe mode status'}
2021-10-16 02:30:18,447 [Listener at 0.0.0.0/13967] INFO  ha.SCMContext (SCMContext.java:updateSafeModeStatus(205)) - Update SafeModeStatus from SafeModeStatus{safeModeStatus=true, preCheckPassed=false} to SafeModeStatus{safeModeStatus=true, preCheckPassed=false}.
2021-10-16 02:30:18,448 [Listener at 0.0.0.0/13967] INFO  ozone.MiniOzoneHAClusterImpl (MiniOzoneHAClusterImpl.java:createSCMService(568)) - Intialized SCM at org.apache.hadoop.hdds.scm.server.SCMClientProtocolServer@e447d2d. This SCM is currently inactive (not running).
2021-10-16 02:30:18,449 [Listener at 0.0.0.0/13967] INFO  ha.OMHANodeDetails (OMHANodeDetails.java:loadOMHAConfig(118)) - ServiceID for OzoneManager is om-service-test1
2021-10-16 02:30:18,451 [Listener at 0.0.0.0/13967] INFO  ha.OMHANodeDetails (OMHANodeDetails.java:loadOMHAConfig(194)) - Found matching OM address with OMServiceId: om-service-test1, OMNodeId: omNode-1, RPC Address: localhost:13164 and Ratis port: 13168
2021-10-16 02:30:18,451 [Listener at 0.0.0.0/13967] INFO  ha.OMHANodeDetails (ConfUtils.java:setNodeSpecificConfigs(108)) - Setting configuration key ozone.om.http-address with value of key ozone.om.http-address.om-service-test1.omNode-1: 127.0.0.1:13166
2021-10-16 02:30:18,451 [Listener at 0.0.0.0/13967] INFO  ha.OMHANodeDetails (ConfUtils.java:setNodeSpecificConfigs(108)) - Setting configuration key ozone.om.https-address with value of key ozone.om.https-address.om-service-test1.omNode-1: 127.0.0.1:13167
2021-10-16 02:30:18,452 [Listener at 0.0.0.0/13967] INFO  ha.OMHANodeDetails (ConfUtils.java:setNodeSpecificConfigs(108)) - Setting configuration key ozone.om.address with value of key ozone.om.address.om-service-test1.omNode-1: 127.0.0.1:13164
2021-10-16 02:30:18,453 [Listener at 0.0.0.0/13967] WARN  server.ServerUtils (ServerUtils.java:getDBPath(225)) - ozone.om.db.dirs is not configured. We recommend adding this setting. Falling back to ozone.metadata.dirs instead.
2021-10-16 02:30:18,454 [Listener at 0.0.0.0/13967] INFO  ha.SCMNodeInfo (SCMNodeInfo.java:getPort(197)) - ConfigKey ozone.scm.client.address is deprecated, For configuring different ports for each SCM use PortConfigKey ozone.scm.client.port appended with serviceId and nodeId
2021-10-16 02:30:18,455 [Listener at 0.0.0.0/13967] INFO  ha.SCMNodeInfo (SCMNodeInfo.java:getPort(197)) - ConfigKey ozone.scm.block.client.address is deprecated, For configuring different ports for each SCM use PortConfigKey ozone.scm.block.client.port appended with serviceId and nodeId
2021-10-16 02:30:18,455 [Listener at 0.0.0.0/13967] INFO  ha.SCMNodeInfo (SCMNodeInfo.java:getPort(197)) - ConfigKey ozone.scm.datanode.address is deprecated, For configuring different ports for each SCM use PortConfigKey ozone.scm.datanode.port appended with serviceId and nodeId
2021-10-16 02:30:18,455 [Listener at 0.0.0.0/13967] INFO  ha.SCMNodeInfo (SCMNodeInfo.java:getPort(197)) - ConfigKey ozone.scm.client.address is deprecated, For configuring different ports for each SCM use PortConfigKey ozone.scm.client.port appended with serviceId and nodeId
2021-10-16 02:30:18,455 [Listener at 0.0.0.0/13967] INFO  ha.SCMNodeInfo (SCMNodeInfo.java:getPort(197)) - ConfigKey ozone.scm.block.client.address is deprecated, For configuring different ports for each SCM use PortConfigKey ozone.scm.block.client.port appended with serviceId and nodeId
2021-10-16 02:30:18,456 [Listener at 0.0.0.0/13967] INFO  ha.SCMNodeInfo (SCMNodeInfo.java:getPort(197)) - ConfigKey ozone.scm.datanode.address is deprecated, For configuring different ports for each SCM use PortConfigKey ozone.scm.datanode.port appended with serviceId and nodeId
2021-10-16 02:30:18,456 [Listener at 0.0.0.0/13967] INFO  ha.SCMNodeInfo (SCMNodeInfo.java:getPort(197)) - ConfigKey ozone.scm.client.address is deprecated, For configuring different ports for each SCM use PortConfigKey ozone.scm.client.port appended with serviceId and nodeId
2021-10-16 02:30:18,456 [Listener at 0.0.0.0/13967] INFO  ha.SCMNodeInfo (SCMNodeInfo.java:getPort(197)) - ConfigKey ozone.scm.block.client.address is deprecated, For configuring different ports for each SCM use PortConfigKey ozone.scm.block.client.port appended with serviceId and nodeId
2021-10-16 02:30:18,456 [Listener at 0.0.0.0/13967] INFO  ha.SCMNodeInfo (SCMNodeInfo.java:getPort(197)) - ConfigKey ozone.scm.datanode.address is deprecated, For configuring different ports for each SCM use PortConfigKey ozone.scm.datanode.port appended with serviceId and nodeId
OM initialization succeeded.Current cluster id for sd=/home/runner/work/ozone/ozone/hadoop-ozone/integration-test/target/test-dir/MiniOzoneClusterImpl-4eb377f1-b672-4075-9178-fccd761457f8/omNode-1/om;cid=4eb377f1-b672-4075-9178-fccd761457f8;layoutVersion=0
2021-10-16 02:30:18,476 [Listener at 0.0.0.0/13967] INFO  ha.OMHANodeDetails (OMHANodeDetails.java:loadOMHAConfig(118)) - ServiceID for OzoneManager is om-service-test1
2021-10-16 02:30:18,476 [Listener at 0.0.0.0/13967] INFO  ha.OMHANodeDetails (OMHANodeDetails.java:loadOMHAConfig(194)) - Found matching OM address with OMServiceId: om-service-test1, OMNodeId: omNode-1, RPC Address: localhost:13164 and Ratis port: 13168
2021-10-16 02:30:18,476 [Listener at 0.0.0.0/13967] INFO  ha.OMHANodeDetails (ConfUtils.java:setNodeSpecificConfigs(108)) - Setting configuration key ozone.om.http-address with value of key ozone.om.http-address.om-service-test1.omNode-1: 127.0.0.1:13166
2021-10-16 02:30:18,477 [Listener at 0.0.0.0/13967] INFO  ha.OMHANodeDetails (ConfUtils.java:setNodeSpecificConfigs(108)) - Setting configuration key ozone.om.https-address with value of key ozone.om.https-address.om-service-test1.omNode-1: 127.0.0.1:13167
2021-10-16 02:30:18,477 [Listener at 0.0.0.0/13967] INFO  ha.OMHANodeDetails (ConfUtils.java:setNodeSpecificConfigs(108)) - Setting configuration key ozone.om.address with value of key ozone.om.address.om-service-test1.omNode-1: 127.0.0.1:13164
2021-10-16 02:30:18,477 [Listener at 0.0.0.0/13967] WARN  server.ServerUtils (ServerUtils.java:getDBPath(225)) - ozone.om.db.dirs is not configured. We recommend adding this setting. Falling back to ozone.metadata.dirs instead.
2021-10-16 02:30:18,477 [Listener at 0.0.0.0/13967] INFO  upgrade.AbstractLayoutVersionManager (AbstractLayoutVersionManager.java:init(79)) - Initializing Layout version manager with metadata layout = INITIAL_VERSION (version = 0), software layout = INITIAL_VERSION (version = 0)
2021-10-16 02:30:18,599 [EndpointStateMachine task thread for /127.0.0.1:12777 - 0 ] INFO  ipc.Client (Client.java:handleConnectionFailure(977)) - Retrying connect to server: localhost/127.0.0.1:12777. Already tried 1 time(s); retry policy is RetryUpToMaximumCountWithFixedSleep(maxRetries=15, sleepTime=1000 MILLISECONDS)
2021-10-16 02:30:18,601 [EndpointStateMachine task thread for /127.0.0.1:12757 - 0 ] INFO  ipc.Client (Client.java:handleConnectionFailure(977)) - Retrying connect to server: localhost/127.0.0.1:12757. Already tried 1 time(s); retry policy is RetryUpToMaximumCountWithFixedSleep(maxRetries=15, sleepTime=1000 MILLISECONDS)
2021-10-16 02:30:18,619 [Listener at 0.0.0.0/13967] INFO  reflections.Reflections (Reflections.java:scan(232)) - Reflections took 135 ms to scan 2 urls, producing 131 keys and 342 values [using 2 cores]
2021-10-16 02:30:18,619 [Listener at 0.0.0.0/13967] INFO  upgrade.OMLayoutVersionManager (OMLayoutVersionManager.java:lambda$0(115)) - Skipping Upgrade Action MockOmUpgradeAction since it has been finalized.
2021-10-16 02:30:18,620 [Listener at 0.0.0.0/13967] WARN  server.ServerUtils (ServerUtils.java:getDBPath(225)) - ozone.om.db.dirs is not configured. We recommend adding this setting. Falling back to ozone.metadata.dirs instead.
2021-10-16 02:30:18,620 [Listener at 0.0.0.0/13967] INFO  ha.SCMNodeInfo (SCMNodeInfo.java:getPort(197)) - ConfigKey ozone.scm.client.address is deprecated, For configuring different ports for each SCM use PortConfigKey ozone.scm.client.port appended with serviceId and nodeId
2021-10-16 02:30:18,621 [Listener at 0.0.0.0/13967] INFO  ha.SCMNodeInfo (SCMNodeInfo.java:getPort(197)) - ConfigKey ozone.scm.block.client.address is deprecated, For configuring different ports for each SCM use PortConfigKey ozone.scm.block.client.port appended with serviceId and nodeId
2021-10-16 02:30:18,621 [Listener at 0.0.0.0/13967] INFO  ha.SCMNodeInfo (SCMNodeInfo.java:getPort(197)) - ConfigKey ozone.scm.datanode.address is deprecated, For configuring different ports for each SCM use PortConfigKey ozone.scm.datanode.port appended with serviceId and nodeId
2021-10-16 02:30:18,621 [Listener at 0.0.0.0/13967] INFO  ha.SCMNodeInfo (SCMNodeInfo.java:getPort(197)) - ConfigKey ozone.scm.client.address is deprecated, For configuring different ports for each SCM use PortConfigKey ozone.scm.client.port appended with serviceId and nodeId
2021-10-16 02:30:18,621 [Listener at 0.0.0.0/13967] INFO  ha.SCMNodeInfo (SCMNodeInfo.java:getPort(197)) - ConfigKey ozone.scm.block.client.address is deprecated, For configuring different ports for each SCM use PortConfigKey ozone.scm.block.client.port appended with serviceId and nodeId
2021-10-16 02:30:18,621 [Listener at 0.0.0.0/13967] INFO  ha.SCMNodeInfo (SCMNodeInfo.java:getPort(197)) - ConfigKey ozone.scm.datanode.address is deprecated, For configuring different ports for each SCM use PortConfigKey ozone.scm.datanode.port appended with serviceId and nodeId
2021-10-16 02:30:18,621 [Listener at 0.0.0.0/13967] INFO  ha.SCMNodeInfo (SCMNodeInfo.java:getPort(197)) - ConfigKey ozone.scm.client.address is deprecated, For configuring different ports for each SCM use PortConfigKey ozone.scm.client.port appended with serviceId and nodeId
2021-10-16 02:30:18,622 [Listener at 0.0.0.0/13967] INFO  ha.SCMNodeInfo (SCMNodeInfo.java:getPort(197)) - ConfigKey ozone.scm.block.client.address is deprecated, For configuring different ports for each SCM use PortConfigKey ozone.scm.block.client.port appended with serviceId and nodeId
2021-10-16 02:30:18,622 [Listener at 0.0.0.0/13967] INFO  ha.SCMNodeInfo (SCMNodeInfo.java:getPort(197)) - ConfigKey ozone.scm.datanode.address is deprecated, For configuring different ports for each SCM use PortConfigKey ozone.scm.datanode.port appended with serviceId and nodeId
2021-10-16 02:30:18,622 [Listener at 0.0.0.0/13967] INFO  ha.SCMNodeInfo (SCMNodeInfo.java:getPort(197)) - ConfigKey ozone.scm.client.address is deprecated, For configuring different ports for each SCM use PortConfigKey ozone.scm.client.port appended with serviceId and nodeId
2021-10-16 02:30:18,622 [Listener at 0.0.0.0/13967] INFO  ha.SCMNodeInfo (SCMNodeInfo.java:getPort(197)) - ConfigKey ozone.scm.block.client.address is deprecated, For configuring different ports for each SCM use PortConfigKey ozone.scm.block.client.port appended with serviceId and nodeId
2021-10-16 02:30:18,622 [Listener at 0.0.0.0/13967] INFO  ha.SCMNodeInfo (SCMNodeInfo.java:getPort(197)) - ConfigKey ozone.scm.datanode.address is deprecated, For configuring different ports for each SCM use PortConfigKey ozone.scm.datanode.port appended with serviceId and nodeId
2021-10-16 02:30:18,623 [Listener at 0.0.0.0/13967] INFO  ha.SCMNodeInfo (SCMNodeInfo.java:getPort(197)) - ConfigKey ozone.scm.client.address is deprecated, For configuring different ports for each SCM use PortConfigKey ozone.scm.client.port appended with serviceId and nodeId
2021-10-16 02:30:18,623 [Listener at 0.0.0.0/13967] INFO  ha.SCMNodeInfo (SCMNodeInfo.java:getPort(197)) - ConfigKey ozone.scm.block.client.address is deprecated, For configuring different ports for each SCM use PortConfigKey ozone.scm.block.client.port appended with serviceId and nodeId
2021-10-16 02:30:18,623 [Listener at 0.0.0.0/13967] INFO  ha.SCMNodeInfo (SCMNodeInfo.java:getPort(197)) - ConfigKey ozone.scm.datanode.address is deprecated, For configuring different ports for each SCM use PortConfigKey ozone.scm.datanode.port appended with serviceId and nodeId
2021-10-16 02:30:18,623 [Listener at 0.0.0.0/13967] INFO  ha.SCMNodeInfo (SCMNodeInfo.java:getPort(197)) - ConfigKey ozone.scm.client.address is deprecated, For configuring different ports for each SCM use PortConfigKey ozone.scm.client.port appended with serviceId and nodeId
2021-10-16 02:30:18,623 [Listener at 0.0.0.0/13967] INFO  ha.SCMNodeInfo (SCMNodeInfo.java:getPort(197)) - ConfigKey ozone.scm.block.client.address is deprecated, For configuring different ports for each SCM use PortConfigKey ozone.scm.block.client.port appended with serviceId and nodeId
2021-10-16 02:30:18,623 [Listener at 0.0.0.0/13967] INFO  ha.SCMNodeInfo (SCMNodeInfo.java:getPort(197)) - ConfigKey ozone.scm.datanode.address is deprecated, For configuring different ports for each SCM use PortConfigKey ozone.scm.datanode.port appended with serviceId and nodeId
2021-10-16 02:30:18,630 [Listener at 0.0.0.0/13967] INFO  ha.SCMNodeInfo (SCMNodeInfo.java:getPort(197)) - ConfigKey ozone.scm.client.address is deprecated, For configuring different ports for each SCM use PortConfigKey ozone.scm.client.port appended with serviceId and nodeId
2021-10-16 02:30:18,630 [Listener at 0.0.0.0/13967] INFO  ha.SCMNodeInfo (SCMNodeInfo.java:getPort(197)) - ConfigKey ozone.scm.block.client.address is deprecated, For configuring different ports for each SCM use PortConfigKey ozone.scm.block.client.port appended with serviceId and nodeId
2021-10-16 02:30:18,630 [Listener at 0.0.0.0/13967] INFO  ha.SCMNodeInfo (SCMNodeInfo.java:getPort(197)) - ConfigKey ozone.scm.datanode.address is deprecated, For configuring different ports for each SCM use PortConfigKey ozone.scm.datanode.port appended with serviceId and nodeId
2021-10-16 02:30:18,631 [Listener at 0.0.0.0/13967] INFO  ha.SCMNodeInfo (SCMNodeInfo.java:getPort(197)) - ConfigKey ozone.scm.client.address is deprecated, For configuring different ports for each SCM use PortConfigKey ozone.scm.client.port appended with serviceId and nodeId
2021-10-16 02:30:18,631 [Listener at 0.0.0.0/13967] INFO  ha.SCMNodeInfo (SCMNodeInfo.java:getPort(197)) - ConfigKey ozone.scm.block.client.address is deprecated, For configuring different ports for each SCM use PortConfigKey ozone.scm.block.client.port appended with serviceId and nodeId
2021-10-16 02:30:18,631 [Listener at 0.0.0.0/13967] INFO  ha.SCMNodeInfo (SCMNodeInfo.java:getPort(197)) - ConfigKey ozone.scm.datanode.address is deprecated, For configuring different ports for each SCM use PortConfigKey ozone.scm.datanode.port appended with serviceId and nodeId
2021-10-16 02:30:18,636 [Listener at 0.0.0.0/13967] INFO  ha.SCMNodeInfo (SCMNodeInfo.java:getPort(197)) - ConfigKey ozone.scm.client.address is deprecated, For configuring different ports for each SCM use PortConfigKey ozone.scm.client.port appended with serviceId and nodeId
2021-10-16 02:30:18,637 [Listener at 0.0.0.0/13967] INFO  ha.SCMNodeInfo (SCMNodeInfo.java:getPort(197)) - ConfigKey ozone.scm.block.client.address is deprecated, For configuring different ports for each SCM use PortConfigKey ozone.scm.block.client.port appended with serviceId and nodeId
2021-10-16 02:30:18,637 [Listener at 0.0.0.0/13967] INFO  ha.SCMNodeInfo (SCMNodeInfo.java:getPort(197)) - ConfigKey ozone.scm.datanode.address is deprecated, For configuring different ports for each SCM use PortConfigKey ozone.scm.datanode.port appended with serviceId and nodeId
2021-10-16 02:30:18,645 [EndpointStateMachine task thread for /127.0.0.1:12767 - 0 ] INFO  ipc.Client (Client.java:handleConnectionFailure(977)) - Retrying connect to server: localhost/127.0.0.1:12767. Already tried 1 time(s); retry policy is RetryUpToMaximumCountWithFixedSleep(maxRetries=15, sleepTime=1000 MILLISECONDS)
2021-10-16 02:30:18,660 [Listener at 0.0.0.0/13967] WARN  server.ServerUtils (ServerUtils.java:getDBPath(225)) - ozone.om.db.dirs is not configured. We recommend adding this setting. Falling back to ozone.metadata.dirs instead.
2021-10-16 02:30:18,661 [Listener at 0.0.0.0/13967] INFO  codec.OmKeyInfoCodec (OmKeyInfoCodec.java:<init>(51)) - OmKeyInfoCodec ignorePipeline = true
2021-10-16 02:30:18,661 [Listener at 0.0.0.0/13967] INFO  codec.RepeatedOmKeyInfoCodec (RepeatedOmKeyInfoCodec.java:<init>(42)) - RepeatedOmKeyInfoCodec ignorePipeline = true
2021-10-16 02:30:18,911 [Listener at 0.0.0.0/13967] INFO  om.OzoneManager (OzoneManager.java:addS3GVolumeToDB(4151)) - Created Volume s3v With Owner runner required for S3Gateway operations.
2021-10-16 02:30:18,911 [Listener at 0.0.0.0/13967] WARN  server.ServerUtils (ServerUtils.java:getDefaultRatisDirectory(237)) - Storage directory for Ratis is not configured. It is a good idea to map this to an SSD disk. Falling back to ozone.metadata.dirs
2021-10-16 02:30:18,918 [Listener at 0.0.0.0/13967] WARN  utils.OzoneManagerRatisUtils (OzoneManagerRatisUtils.java:getOMRatisSnapshotDirectory(435)) - ozone.om.ratis.snapshot.dir is not configured. Falling back to ozone.metadata.dirs config
2021-10-16 02:30:18,918 [Listener at 0.0.0.0/13967] WARN  impl.MetricRegistriesImpl (MetricRegistriesImpl.java:addReporterRegistration(111)) - New reporters are added after registries were created. Some metrics will be missing from the reporter. Please add reporter before adding any new registry.
2021-10-16 02:30:18,919 [Listener at 0.0.0.0/13967] WARN  impl.MetricRegistriesImpl (MetricRegistriesImpl.java:addReporterRegistration(111)) - New reporters are added after registries were created. Some metrics will be missing from the reporter. Please add reporter before adding any new registry.
2021-10-16 02:30:18,919 [Listener at 0.0.0.0/13967] WARN  server.ServerUtils (ServerUtils.java:getDefaultRatisDirectory(237)) - Storage directory for Ratis is not configured. It is a good idea to map this to an SSD disk. Falling back to ozone.metadata.dirs
2021-10-16 02:30:18,922 [Listener at 0.0.0.0/13967] INFO  ratis.OzoneManagerRatisServer (OzoneManagerRatisServer.java:<init>(159)) - Instantiating OM Ratis server with groupID: om-service-test1 and peers: localhost:13168
2021-10-16 02:30:18,922 [Listener at 0.0.0.0/13967] INFO  ratis.OzoneManagerStateMachine (OzoneManagerStateMachine.java:loadSnapshotInfoFromDB(605)) - LastAppliedIndex is set from TransactionInfo from OM DB as (t:0, i:~)
2021-10-16 02:30:18,938 [Listener at 0.0.0.0/13967] INFO  server.RaftServer (ConfUtils.java:logGet(44)) - raft.rpc.type = GRPC (default)
2021-10-16 02:30:18,938 [Listener at 0.0.0.0/13967] INFO  grpc.GrpcFactory (GrpcFactory.java:checkPooledByteBufAllocatorUseCacheForAllThreads(48)) - PERFORMANCE WARNING: useCacheForAllThreads is true that may cause Netty to create a lot garbage objects and, as a result, trigger GC.
	It is recommended to disable useCacheForAllThreads by setting -Dorg.apache.ratis.thirdparty.io.netty.allocator.useCacheForAllThreads=false in command line.
2021-10-16 02:30:18,938 [Listener at 0.0.0.0/13967] INFO  grpc.GrpcConfigKeys (ConfUtils.java:logGet(44)) - raft.grpc.admin.port = -1 (default)
2021-10-16 02:30:18,938 [Listener at 0.0.0.0/13967] INFO  grpc.GrpcConfigKeys (ConfUtils.java:logGet(44)) - raft.grpc.server.port = 13168 (custom)
2021-10-16 02:30:18,939 [Listener at 0.0.0.0/13967] INFO  grpc.GrpcConfigKeys (ConfUtils.java:logGet(44)) - raft.grpc.client.port = -1 (default)
2021-10-16 02:30:18,939 [Listener at 0.0.0.0/13967] INFO  grpc.GrpcConfigKeys (ConfUtils.java:logGet(44)) - raft.grpc.server.port = 13168 (custom)
2021-10-16 02:30:18,939 [Listener at 0.0.0.0/13967] INFO  grpc.GrpcConfigKeys (ConfUtils.java:logGet(44)) - raft.grpc.server.port = 13168 (custom)
2021-10-16 02:30:18,939 [Listener at 0.0.0.0/13967] INFO  server.GrpcService (ConfUtils.java:logGet(44)) - raft.grpc.message.size.max = 33554432 (custom)
2021-10-16 02:30:18,939 [Listener at 0.0.0.0/13967] INFO  server.RaftServerConfigKeys (ConfUtils.java:logGet(44)) - raft.server.log.appender.buffer.byte-limit = 33554432 (custom)
2021-10-16 02:30:18,940 [Listener at 0.0.0.0/13967] INFO  server.GrpcService (ConfUtils.java:logGet(44)) - raft.grpc.flow.control.window = 1MB (=1048576) (default)
2021-10-16 02:30:18,941 [Listener at 0.0.0.0/13967] INFO  server.RaftServerConfigKeys (ConfUtils.java:logGet(44)) - raft.server.rpc.request.timeout = 3000ms (default)
2021-10-16 02:30:18,943 [Listener at 0.0.0.0/13967] INFO  impl.DataStreamServerImpl (ConfUtils.java:logGet(44)) - raft.datastream.type = DISABLED (default)
2021-10-16 02:30:18,943 [Listener at 0.0.0.0/13967] INFO  server.RaftServerConfigKeys (ConfUtils.java:logGet(44)) - raft.server.rpc.slowness.timeout = 2s (custom)
2021-10-16 02:30:18,943 [Listener at 0.0.0.0/13967] INFO  server.RaftServerConfigKeys (ConfUtils.java:logGet(44)) - raft.server.leaderelection.leader.step-down.wait-time = 10s (default)
2021-10-16 02:30:18,944 [Listener at 0.0.0.0/13967] INFO  server.RaftServerConfigKeys (ConfUtils.java:logGet(44)) - raft.server.storage.dir = [/home/runner/work/ozone/ozone/hadoop-ozone/integration-test/target/test-dir/MiniOzoneClusterImpl-4eb377f1-b672-4075-9178-fccd761457f8/omNode-1/ratis] (custom)
2021-10-16 02:30:18,945 [Listener at 0.0.0.0/13967] INFO  server.RaftServer (RaftServerProxy.java:addNew(95)) - omNode-1: addNew group-523986131536:[omNode-1|rpc:localhost:13168|priority:0] returns group-523986131536:java.util.concurrent.CompletableFuture@19e7adf0[Not completed]
2021-10-16 02:30:18,945 [Listener at 0.0.0.0/13967] INFO  om.OzoneManager (OzoneManager.java:initializeRatisServer(1605)) - OzoneManager Ratis server initialized at port 13168
2021-10-16 02:30:18,948 [pool-252-thread-1] INFO  server.RaftServer$Division (RaftServerImpl.java:<init>(181)) - omNode-1: new RaftServerImpl for group-523986131536:[omNode-1|rpc:localhost:13168|priority:0] with OzoneManagerStateMachine:uninitialized
2021-10-16 02:30:18,957 [Listener at 0.0.0.0/13967] INFO  ipc.CallQueueManager (CallQueueManager.java:<init>(90)) - Using callQueue: class java.util.concurrent.LinkedBlockingQueue, queueCapacity: 2000, scheduler: class org.apache.hadoop.ipc.DefaultRpcScheduler, ipcBackoff: false.
2021-10-16 02:30:18,958 [pool-252-thread-1] INFO  server.RaftServerConfigKeys (ConfUtils.java:logGet(44)) - raft.server.rpc.timeout.min = 1s (custom)
2021-10-16 02:30:18,958 [pool-252-thread-1] INFO  server.RaftServerConfigKeys (ConfUtils.java:logGet(44)) - raft.server.rpc.timeout.max = 1200ms (custom)
2021-10-16 02:30:18,958 [pool-252-thread-1] INFO  server.RaftServerConfigKeys (ConfUtils.java:logGet(44)) - raft.server.rpc.sleep.time = 25ms (default)
2021-10-16 02:30:18,958 [pool-252-thread-1] INFO  server.RaftServerConfigKeys (ConfUtils.java:logGet(44)) - raft.server.rpc.slowness.timeout = 2s (custom)
2021-10-16 02:30:18,958 [pool-252-thread-1] INFO  server.RaftServerConfigKeys (ConfUtils.java:logGet(44)) - raft.server.leaderelection.leader.step-down.wait-time = 10s (default)
2021-10-16 02:30:18,958 [pool-252-thread-1] INFO  server.RaftServerConfigKeys (ConfUtils.java:logGet(44)) - raft.server.sleep.deviation.threshold = 300ms (default)
2021-10-16 02:30:18,958 [pool-252-thread-1] INFO  server.RaftServerConfigKeys (ConfUtils.java:logGet(44)) - raft.server.log.appender.install.snapshot.enabled = false (custom)
2021-10-16 02:30:18,958 [pool-252-thread-1] INFO  server.RaftServer$Division (ServerState.java:<init>(105)) - omNode-1@group-523986131536: ConfigurationManager, init=-1: [omNode-1|rpc:localhost:13168|priority:0], old=null, confs=<EMPTY_MAP>
2021-10-16 02:30:18,958 [pool-252-thread-1] INFO  server.RaftServerConfigKeys (ConfUtils.java:logGet(44)) - raft.server.storage.dir = [/home/runner/work/ozone/ozone/hadoop-ozone/integration-test/target/test-dir/MiniOzoneClusterImpl-4eb377f1-b672-4075-9178-fccd761457f8/omNode-1/ratis] (custom)
2021-10-16 02:30:18,959 [pool-252-thread-1] INFO  server.RaftServerConfigKeys (ConfUtils.java:logGet(44)) - raft.server.log.corruption.policy = EXCEPTION (default)
2021-10-16 02:30:18,959 [pool-252-thread-1] INFO  server.RaftServerConfigKeys (ConfUtils.java:logGet(44)) - raft.server.storage.free-space.min = 0MB (=0) (default)
2021-10-16 02:30:18,959 [pool-252-thread-1] INFO  storage.RaftStorageDirectory (RaftStorageDirectoryImpl.java:analyzeStorage(135)) - The storage directory /home/runner/work/ozone/ozone/hadoop-ozone/integration-test/target/test-dir/MiniOzoneClusterImpl-4eb377f1-b672-4075-9178-fccd761457f8/omNode-1/ratis/c9bc4cf4-3bc3-3c60-a66b-523986131536 does not exist. Creating ...
2021-10-16 02:30:18,960 [Socket Reader #1 for port 13164] INFO  ipc.Server (Server.java:run(1265)) - Starting Socket Reader #1 for port 13164
2021-10-16 02:30:18,963 [pool-252-thread-1] INFO  storage.RaftStorageDirectory (RaftStorageDirectoryImpl.java:tryLock(230)) - Lock on /home/runner/work/ozone/ozone/hadoop-ozone/integration-test/target/test-dir/MiniOzoneClusterImpl-4eb377f1-b672-4075-9178-fccd761457f8/omNode-1/ratis/c9bc4cf4-3bc3-3c60-a66b-523986131536/in_use.lock acquired by nodename 30307@fv-az59-128
2021-10-16 02:30:18,972 [pool-252-thread-1] INFO  storage.RaftStorage (RaftStorageImpl.java:format(89)) - Storage directory /home/runner/work/ozone/ozone/hadoop-ozone/integration-test/target/test-dir/MiniOzoneClusterImpl-4eb377f1-b672-4075-9178-fccd761457f8/omNode-1/ratis/c9bc4cf4-3bc3-3c60-a66b-523986131536 has been successfully formatted.
2021-10-16 02:30:18,973 [pool-252-thread-1] INFO  server.RaftServerConfigKeys (ConfUtils.java:logGet(44)) - raft.server.notification.no-leader.timeout = 2s (custom)
2021-10-16 02:30:18,973 [pool-252-thread-1] INFO  server.RaftServerConfigKeys (ConfUtils.java:logGet(44)) - raft.server.log.use.memory = false (default)
2021-10-16 02:30:18,973 [pool-252-thread-1] INFO  server.RaftServerConfigKeys (ConfUtils.java:logGet(44)) - raft.server.log.purge.gap = 1000000 (custom)
2021-10-16 02:30:18,973 [pool-252-thread-1] INFO  server.RaftServerConfigKeys (ConfUtils.java:logGet(44)) - raft.server.log.appender.buffer.byte-limit = 33554432 (custom)
2021-10-16 02:30:18,973 [pool-252-thread-1] INFO  server.RaftServerConfigKeys (ConfUtils.java:logGet(44)) - raft.server.log.segment.size.max = 4194304 (custom)
2021-10-16 02:30:18,974 [pool-252-thread-1] INFO  server.RaftServerConfigKeys (ConfUtils.java:logGet(44)) - raft.server.log.segment.cache.num.max = 2 (custom)
2021-10-16 02:30:18,974 [pool-252-thread-1] INFO  server.RaftServerConfigKeys (ConfUtils.java:logGet(44)) - raft.server.log.segment.cache.size.max = 200MB (=209715200) (default)
2021-10-16 02:30:18,974 [pool-252-thread-1] INFO  segmented.SegmentedRaftLogWorker (SegmentedRaftLogWorker.java:<init>(182)) - new omNode-1@group-523986131536-SegmentedRaftLogWorker for RaftStorageImpl:Storage Directory /home/runner/work/ozone/ozone/hadoop-ozone/integration-test/target/test-dir/MiniOzoneClusterImpl-4eb377f1-b672-4075-9178-fccd761457f8/omNode-1/ratis/c9bc4cf4-3bc3-3c60-a66b-523986131536
2021-10-16 02:30:18,974 [pool-252-thread-1] INFO  server.RaftServerConfigKeys (ConfUtils.java:logGet(44)) - raft.server.log.queue.byte-limit = 64MB (=67108864) (default)
2021-10-16 02:30:18,974 [pool-252-thread-1] INFO  server.RaftServerConfigKeys (ConfUtils.java:logGet(44)) - raft.server.log.queue.element-limit = 4096 (default)
2021-10-16 02:30:18,974 [pool-252-thread-1] INFO  server.RaftServerConfigKeys (ConfUtils.java:logGet(44)) - raft.server.log.segment.size.max = 4194304 (custom)
2021-10-16 02:30:18,974 [pool-252-thread-1] INFO  server.RaftServerConfigKeys (ConfUtils.java:logGet(44)) - raft.server.log.preallocated.size = 4194304 (custom)
2021-10-16 02:30:18,974 [pool-252-thread-1] INFO  server.RaftServerConfigKeys (ConfUtils.java:logGet(44)) - raft.server.log.force.sync.num = 128 (default)
2021-10-16 02:30:18,975 [pool-252-thread-1] INFO  server.RaftServerConfigKeys (ConfUtils.java:logGet(44)) - raft.server.log.statemachine.data.sync = true (default)
2021-10-16 02:30:18,975 [pool-252-thread-1] INFO  server.RaftServerConfigKeys (ConfUtils.java:logGet(44)) - raft.server.log.statemachine.data.sync.timeout = 10s (default)
2021-10-16 02:30:18,975 [pool-252-thread-1] INFO  server.RaftServerConfigKeys (ConfUtils.java:logGet(44)) - raft.server.log.statemachine.data.sync.timeout.retry = -1 (default)
2021-10-16 02:30:18,981 [pool-252-thread-1] INFO  server.RaftServerConfigKeys (ConfUtils.java:logGet(44)) - raft.server.log.write.buffer.size = 64KB (=65536) (default)
2021-10-16 02:30:18,981 [pool-252-thread-1] INFO  server.RaftServerConfigKeys (ConfUtils.java:logGet(44)) - raft.server.log.statemachine.data.caching.enabled = false (default)
2021-10-16 02:30:18,982 [pool-252-thread-1] INFO  segmented.SegmentedRaftLogWorker (SegmentedRaftLogWorker.java:lambda$new$0(133)) - omNode-1@group-523986131536-SegmentedRaftLogWorker: flushIndex: setUnconditionally 0 -> -1
2021-10-16 02:30:18,982 [pool-252-thread-1] INFO  segmented.SegmentedRaftLogWorker (SegmentedRaftLogWorker.java:lambda$new$0(133)) - omNode-1@group-523986131536-SegmentedRaftLogWorker: safeCacheEvictIndex: setUnconditionally 0 -> -1
2021-10-16 02:30:18,986 [pool-252-thread-1] INFO  server.RaftServerConfigKeys (ConfUtils.java:logGet(44)) - raft.server.snapshot.auto.trigger.enabled = true (custom)
2021-10-16 02:30:18,986 [pool-252-thread-1] INFO  server.RaftServerConfigKeys (ConfUtils.java:logGet(44)) - raft.server.snapshot.auto.trigger.threshold = 400000 (default)
2021-10-16 02:30:18,986 [pool-252-thread-1] INFO  server.RaftServerConfigKeys (ConfUtils.java:logGet(44)) - raft.server.snapshot.retention.file.num = -1 (default)
2021-10-16 02:30:18,986 [pool-252-thread-1] INFO  server.RaftServerConfigKeys (ConfUtils.java:logGet(44)) - raft.server.log.purge.upto.snapshot.index = true (custom)
2021-10-16 02:30:18,986 [pool-252-thread-1] INFO  server.RaftServerConfigKeys (ConfUtils.java:logGet(44)) - raft.server.retrycache.expirytime = 300s (custom)
2021-10-16 02:30:18,986 [pool-252-thread-1] INFO  server.RaftServerConfigKeys (ConfUtils.java:logGet(44)) - raft.server.retrycache.statistics.expirytime = 100μs (default)
2021-10-16 02:30:19,027 [Listener at 127.0.0.1/13164] INFO  om.OzoneManager (OzoneManager.java:initFSOLayout(4357)) - Configured ozone.om.metadata.layout=SIMPLE and disabled optimized OM FS operations
2021-10-16 02:30:19,032 [Listener at 127.0.0.1/13164] INFO  impl.MetricsSystemImpl (MetricsSystemImpl.java:init(158)) - OzoneManager metrics system started (again)
2021-10-16 02:30:19,060 [Listener at 127.0.0.1/13164] INFO  om.OzoneManager (OzoneManager.java:start(1301)) - OzoneManager RPC server is listening at localhost/127.0.0.1:13164
2021-10-16 02:30:19,063 [Listener at 127.0.0.1/13164] INFO  ratis.OzoneManagerRatisServer (OzoneManagerRatisServer.java:start(520)) - Starting OzoneManagerRatisServer omNode-1 at port 13168
2021-10-16 02:30:19,064 [Listener at 127.0.0.1/13164] INFO  server.RaftServer$Division (RaftServerImpl.java:start(296)) - omNode-1@group-523986131536: start as a follower, conf=-1: [omNode-1|rpc:localhost:13168|priority:0], old=null
2021-10-16 02:30:19,064 [Listener at 127.0.0.1/13164] INFO  server.RaftServer$Division (RaftServerImpl.java:setRole(285)) - omNode-1@group-523986131536: changes role from      null to FOLLOWER at term 0 for startAsFollower
2021-10-16 02:30:19,067 [Listener at 127.0.0.1/13164] INFO  impl.RoleInfo (RoleInfo.java:updateAndGet(130)) - omNode-1: start omNode-1@group-523986131536-FollowerState
2021-10-16 02:30:19,071 [Listener at 127.0.0.1/13164] INFO  util.JmxRegister (JmxRegister.java:tryRegister(44)) - Successfully registered JMX Bean with object name Ratis:service=RaftServer,group=group-523986131536,id=omNode-1
2021-10-16 02:30:19,077 [Listener at 127.0.0.1/13164] INFO  server.RaftServer (RaftServerProxy.java:lambda$start$5(374)) - omNode-1: start RPC server
2021-10-16 02:30:19,081 [Listener at 127.0.0.1/13164] INFO  server.GrpcService (GrpcService.java:startImpl(253)) - omNode-1: GrpcService started, listening on 13168
2021-10-16 02:30:19,084 [Listener at 127.0.0.1/13164] INFO  om.OzoneManager (OzoneManager.java:start(1319)) - Version File has different layout version (0) than OM DB (null). That is expected if this OM has never been finalized to a newer layout version.
2021-10-16 02:30:19,084 [org.apache.ratis.util.JvmPauseMonitor$$Lambda$499/17331878@38f42298] INFO  util.JvmPauseMonitor (JvmPauseMonitor.java:run(103)) - JvmPauseMonitor-omNode-1: Started
2021-10-16 02:30:19,102 [Listener at 127.0.0.1/13164] INFO  http.BaseHttpServer (BaseHttpServer.java:newHttpServer2BuilderForOzone(209)) - Starting Web-server for ozoneManager at: http://0.0.0.0:13166
2021-10-16 02:30:19,102 [Listener at 127.0.0.1/13164] INFO  http.BaseHttpServer (BaseHttpServer.java:<init>(107)) - Hadoop Security Enabled: false Ozone Security Enabled: false Ozone HTTP Security Enabled: false 
2021-10-16 02:30:19,104 [Listener at 127.0.0.1/13164] INFO  server.AuthenticationFilter (AuthenticationFilter.java:constructSecretProvider(240)) - Unable to initialize FileSignerSecretProvider, falling back to use random secrets.
2021-10-16 02:30:19,109 [Listener at 127.0.0.1/13164] WARN  http.HttpRequestLog (HttpRequestLog.java:getRequestLog(103)) - Jetty request log can only be enabled using Log4j
2021-10-16 02:30:19,110 [Listener at 127.0.0.1/13164] INFO  http.HttpServer2 (HttpServer2.java:addGlobalFilter(1030)) - Added global filter 'safety' (class=org.apache.hadoop.hdds.server.http.HttpServer2$QuotingInputFilter)
2021-10-16 02:30:19,111 [Listener at 127.0.0.1/13164] INFO  http.HttpServer2 (HttpServer2.java:addFilter(1006)) - Added filter static_user_filter (class=org.apache.hadoop.http.lib.StaticUserWebFilter$StaticUserFilter) to context ozoneManager
2021-10-16 02:30:19,111 [Listener at 127.0.0.1/13164] INFO  http.HttpServer2 (HttpServer2.java:addFilter(1014)) - Added filter static_user_filter (class=org.apache.hadoop.http.lib.StaticUserWebFilter$StaticUserFilter) to context static
2021-10-16 02:30:19,111 [Listener at 127.0.0.1/13164] INFO  http.HttpServer2 (HttpServer2.java:addFilter(1014)) - Added filter static_user_filter (class=org.apache.hadoop.http.lib.StaticUserWebFilter$StaticUserFilter) to context logs
2021-10-16 02:30:19,113 [Listener at 127.0.0.1/13164] INFO  http.HttpServer2 (HttpServer2.java:bindListener(1249)) - Jetty bound to port 13166
2021-10-16 02:30:19,114 [Listener at 127.0.0.1/13164] INFO  server.Server (Server.java:doStart(375)) - jetty-9.4.43.v20210629; built: 2021-06-30T11:07:22.254Z; git: 526006ecfa3af7f1a27ef3a288e2bef7ea9dd7e8; jvm 1.8.0_292-b10
2021-10-16 02:30:19,120 [Listener at 127.0.0.1/13164] INFO  server.session (DefaultSessionIdManager.java:doStart(334)) - DefaultSessionIdManager workerName=node0
2021-10-16 02:30:19,120 [Listener at 127.0.0.1/13164] INFO  server.session (DefaultSessionIdManager.java:doStart(339)) - No SessionScavenger set, using defaults
2021-10-16 02:30:19,121 [Listener at 127.0.0.1/13164] INFO  server.session (HouseKeeper.java:startScavenging(132)) - node0 Scavenging every 600000ms
2021-10-16 02:30:19,133 [Listener at 127.0.0.1/13164] INFO  handler.ContextHandler (ContextHandler.java:doStart(915)) - Started o.e.j.s.ServletContextHandler@7c70c33a{logs,/logs,file:///home/runner/work/ozone/ozone/hadoop-ozone/integration-test/target/log,AVAILABLE}
2021-10-16 02:30:19,138 [Listener at 127.0.0.1/13164] INFO  handler.ContextHandler (ContextHandler.java:doStart(915)) - Started o.e.j.s.ServletContextHandler@2e8fc0c9{static,/static,file:///home/runner/work/ozone/ozone/hadoop-ozone/integration-test/target/test-classes/webapps/static,AVAILABLE}
2021-10-16 02:30:19,144 [Listener at 127.0.0.1/13164] INFO  handler.ContextHandler (ContextHandler.java:doStart(915)) - Started o.e.j.w.WebAppContext@32144b3c{ozoneManager,/,file:///home/runner/work/ozone/ozone/hadoop-ozone/integration-test/target/test-classes/webapps/ozoneManager/,AVAILABLE}{file:/home/runner/work/ozone/ozone/hadoop-ozone/integration-test/target/test-classes/webapps/ozoneManager}
2021-10-16 02:30:19,161 [Listener at 127.0.0.1/13164] INFO  server.AbstractConnector (AbstractConnector.java:doStart(331)) - Started ServerConnector@24e25991{HTTP/1.1, (http/1.1)}{0.0.0.0:13166}
2021-10-16 02:30:19,161 [Listener at 127.0.0.1/13164] INFO  server.Server (Server.java:doStart(415)) - Started @84756ms
2021-10-16 02:30:19,161 [Listener at 127.0.0.1/13164] WARN  impl.MetricsSystemImpl (MetricsSystemImpl.java:register(279)) - Sink prometheus already exists!
2021-10-16 02:30:19,170 [Listener at 127.0.0.1/13164] INFO  http.BaseHttpServer (BaseHttpServer.java:updateConnectorAddress(329)) - HTTP server of ozoneManager listening at http://0.0.0.0:13166
2021-10-16 02:30:19,171 [IPC Server Responder] INFO  ipc.Server (Server.java:run(1507)) - IPC Server Responder: starting
2021-10-16 02:30:19,171 [IPC Server listener on 13164] INFO  ipc.Server (Server.java:run(1344)) - IPC Server listener on 13164: starting
2021-10-16 02:30:19,200 [Listener at 127.0.0.1/13164] INFO  om.OzoneManager (OzoneManager.java:startTrashEmptier(1563)) - Trash Interval set to 0. Files deleted will not move to trash
2021-10-16 02:30:19,200 [Listener at 127.0.0.1/13164] INFO  ozone.MiniOzoneHAClusterImpl (MiniOzoneHAClusterImpl.java:createOMService(485)) - Started OzoneManager omNode-1 RPC server at localhost/127.0.0.1:13164
2021-10-16 02:30:19,201 [org.apache.hadoop.util.JvmPauseMonitor$Monitor@64434d5c] INFO  util.JvmPauseMonitor (JvmPauseMonitor.java:run(188)) - Starting JVM pause monitor
2021-10-16 02:30:19,235 [Listener at 127.0.0.1/13164] WARN  impl.MetricRegistriesImpl (MetricRegistriesImpl.java:addReporterRegistration(111)) - New reporters are added after registries were created. Some metrics will be missing from the reporter. Please add reporter before adding any new registry.
2021-10-16 02:30:19,236 [Listener at 127.0.0.1/13164] WARN  impl.MetricRegistriesImpl (MetricRegistriesImpl.java:addReporterRegistration(111)) - New reporters are added after registries were created. Some metrics will be missing from the reporter. Please add reporter before adding any new registry.
2021-10-16 02:30:19,236 [Listener at 127.0.0.1/13164] INFO  impl.MetricsSystemImpl (MetricsSystemImpl.java:init(158)) - HddsDatanode metrics system started (again)
2021-10-16 02:30:19,269 [Listener at 127.0.0.1/13164] INFO  ozone.HddsDatanodeService (HddsDatanodeService.java:start(234)) - HddsDatanodeService host:fv-az59-128.csjynl4pkq3e1pkirw3ssqjfoh.cx.internal.cloudapp.net ip:10.1.0.78
2021-10-16 02:30:19,321 [Listener at 127.0.0.1/13164] INFO  upgrade.AbstractLayoutVersionManager (AbstractLayoutVersionManager.java:init(79)) - Initializing Layout version manager with metadata layout = SCM_HA (version = 2), software layout = SCM_HA (version = 2)
2021-10-16 02:30:19,486 [Listener at 127.0.0.1/13164] INFO  reflections.Reflections (Reflections.java:scan(232)) - Reflections took 155 ms to scan 7 urls, producing 119 keys and 278 values 
2021-10-16 02:30:19,493 [Listener at 127.0.0.1/13164] INFO  ha.SCMNodeInfo (SCMNodeInfo.java:getPort(197)) - ConfigKey ozone.scm.client.address is deprecated, For configuring different ports for each SCM use PortConfigKey ozone.scm.client.port appended with serviceId and nodeId
2021-10-16 02:30:19,493 [Listener at 127.0.0.1/13164] INFO  ha.SCMNodeInfo (SCMNodeInfo.java:getPort(197)) - ConfigKey ozone.scm.block.client.address is deprecated, For configuring different ports for each SCM use PortConfigKey ozone.scm.block.client.port appended with serviceId and nodeId
2021-10-16 02:30:19,495 [Listener at 127.0.0.1/13164] INFO  ha.SCMNodeInfo (SCMNodeInfo.java:getPort(197)) - ConfigKey ozone.scm.datanode.address is deprecated, For configuring different ports for each SCM use PortConfigKey ozone.scm.datanode.port appended with serviceId and nodeId
2021-10-16 02:30:19,495 [Listener at 127.0.0.1/13164] INFO  ha.SCMNodeInfo (SCMNodeInfo.java:getPort(197)) - ConfigKey ozone.scm.client.address is deprecated, For configuring different ports for each SCM use PortConfigKey ozone.scm.client.port appended with serviceId and nodeId
2021-10-16 02:30:19,496 [Listener at 127.0.0.1/13164] INFO  ha.SCMNodeInfo (SCMNodeInfo.java:getPort(197)) - ConfigKey ozone.scm.block.client.address is deprecated, For configuring different ports for each SCM use PortConfigKey ozone.scm.block.client.port appended with serviceId and nodeId
2021-10-16 02:30:19,496 [Listener at 127.0.0.1/13164] INFO  ha.SCMNodeInfo (SCMNodeInfo.java:getPort(197)) - ConfigKey ozone.scm.datanode.address is deprecated, For configuring different ports for each SCM use PortConfigKey ozone.scm.datanode.port appended with serviceId and nodeId
2021-10-16 02:30:19,496 [Listener at 127.0.0.1/13164] INFO  ha.SCMNodeInfo (SCMNodeInfo.java:getPort(197)) - ConfigKey ozone.scm.client.address is deprecated, For configuring different ports for each SCM use PortConfigKey ozone.scm.client.port appended with serviceId and nodeId
2021-10-16 02:30:19,496 [Listener at 127.0.0.1/13164] INFO  ha.SCMNodeInfo (SCMNodeInfo.java:getPort(197)) - ConfigKey ozone.scm.block.client.address is deprecated, For configuring different ports for each SCM use PortConfigKey ozone.scm.block.client.port appended with serviceId and nodeId
2021-10-16 02:30:19,496 [Listener at 127.0.0.1/13164] INFO  ha.SCMNodeInfo (SCMNodeInfo.java:getPort(197)) - ConfigKey ozone.scm.datanode.address is deprecated, For configuring different ports for each SCM use PortConfigKey ozone.scm.datanode.port appended with serviceId and nodeId
2021-10-16 02:30:19,500 [Listener at 127.0.0.1/13164] INFO  volume.HddsVolume (HddsVolume.java:<init>(120)) - Creating HddsVolume: /home/runner/work/ozone/ozone/hadoop-ozone/integration-test/target/test-dir/MiniOzoneClusterImpl-4eb377f1-b672-4075-9178-fccd761457f8/datanode-0/data-0/containers/hdds of storage type : DISK capacity : 9223372036854775807
2021-10-16 02:30:19,500 [Listener at 127.0.0.1/13164] INFO  volume.MutableVolumeSet (MutableVolumeSet.java:initializeVolumeSet(168)) - Added Volume : /home/runner/work/ozone/ozone/hadoop-ozone/integration-test/target/test-dir/MiniOzoneClusterImpl-4eb377f1-b672-4075-9178-fccd761457f8/datanode-0/data-0/containers/hdds to VolumeSet
2021-10-16 02:30:19,501 [Listener at 127.0.0.1/13164] INFO  volume.ThrottledAsyncChecker (ThrottledAsyncChecker.java:schedule(141)) - Scheduling a check for /home/runner/work/ozone/ozone/hadoop-ozone/integration-test/target/test-dir/MiniOzoneClusterImpl-4eb377f1-b672-4075-9178-fccd761457f8/datanode-0/data-0/containers/hdds
2021-10-16 02:30:19,504 [Listener at 127.0.0.1/13164] INFO  volume.StorageVolumeChecker (StorageVolumeChecker.java:checkAllVolumes(202)) - Scheduled health check for volume /home/runner/work/ozone/ozone/hadoop-ozone/integration-test/target/test-dir/MiniOzoneClusterImpl-4eb377f1-b672-4075-9178-fccd761457f8/datanode-0/data-0/containers/hdds
2021-10-16 02:30:19,538 [Listener at 127.0.0.1/13164] INFO  volume.MutableVolumeSet (MutableVolumeSet.java:initializeVolumeSet(168)) - Added Volume : /home/runner/work/ozone/ozone/hadoop-ozone/integration-test/target/test-dir/MiniOzoneClusterImpl-4eb377f1-b672-4075-9178-fccd761457f8/datanode-0/data/ratis to VolumeSet
2021-10-16 02:30:19,538 [Listener at 127.0.0.1/13164] INFO  volume.ThrottledAsyncChecker (ThrottledAsyncChecker.java:schedule(141)) - Scheduling a check for /home/runner/work/ozone/ozone/hadoop-ozone/integration-test/target/test-dir/MiniOzoneClusterImpl-4eb377f1-b672-4075-9178-fccd761457f8/datanode-0/data/ratis
2021-10-16 02:30:19,541 [Listener at 127.0.0.1/13164] INFO  volume.StorageVolumeChecker (StorageVolumeChecker.java:checkAllVolumes(202)) - Scheduled health check for volume /home/runner/work/ozone/ozone/hadoop-ozone/integration-test/target/test-dir/MiniOzoneClusterImpl-4eb377f1-b672-4075-9178-fccd761457f8/datanode-0/data/ratis
2021-10-16 02:30:19,581 [Thread-1452] INFO  ozoneimpl.ContainerReader (ContainerReader.java:readVolume(172)) - Finish verifying containers on volume /home/runner/work/ozone/ozone/hadoop-ozone/integration-test/target/test-dir/MiniOzoneClusterImpl-4eb377f1-b672-4075-9178-fccd761457f8/datanode-0/data-0/containers/hdds
2021-10-16 02:30:19,581 [Listener at 127.0.0.1/13164] INFO  ozoneimpl.OzoneContainer (OzoneContainer.java:buildContainerSet(236)) - Build ContainerSet costs 0s
2021-10-16 02:30:19,588 [Listener at 127.0.0.1/13164] INFO  server.RaftServer (ConfUtils.java:logGet(44)) - raft.rpc.type = GRPC (default)
2021-10-16 02:30:19,588 [Listener at 127.0.0.1/13164] INFO  grpc.GrpcFactory (GrpcFactory.java:checkPooledByteBufAllocatorUseCacheForAllThreads(48)) - PERFORMANCE WARNING: useCacheForAllThreads is true that may cause Netty to create a lot garbage objects and, as a result, trigger GC.
	It is recommended to disable useCacheForAllThreads by setting -Dorg.apache.ratis.thirdparty.io.netty.allocator.useCacheForAllThreads=false in command line.
2021-10-16 02:30:19,588 [Listener at 127.0.0.1/13164] INFO  grpc.GrpcConfigKeys (ConfUtils.java:logGet(44)) - raft.grpc.admin.port = 0 (custom)
2021-10-16 02:30:19,589 [Listener at 127.0.0.1/13164] INFO  grpc.GrpcConfigKeys (ConfUtils.java:logGet(44)) - raft.grpc.client.port = 0 (custom)
2021-10-16 02:30:19,589 [Listener at 127.0.0.1/13164] INFO  grpc.GrpcConfigKeys (ConfUtils.java:logGet(44)) - raft.grpc.server.port = 0 (default)
2021-10-16 02:30:19,589 [Listener at 127.0.0.1/13164] INFO  server.GrpcService (ConfUtils.java:logGet(44)) - raft.grpc.message.size.max = 32MB (=33554432) (custom)
2021-10-16 02:30:19,589 [Listener at 127.0.0.1/13164] INFO  server.RaftServerConfigKeys (ConfUtils.java:logGet(44)) - raft.server.log.appender.buffer.byte-limit = 33554432 (custom)
2021-10-16 02:30:19,590 [Listener at 127.0.0.1/13164] INFO  server.GrpcService (ConfUtils.java:logGet(44)) - raft.grpc.flow.control.window = 5MB (=5242880) (custom)
2021-10-16 02:30:19,590 [Listener at 127.0.0.1/13164] INFO  server.RaftServerConfigKeys (ConfUtils.java:logGet(44)) - raft.server.rpc.request.timeout = 60s (custom)
2021-10-16 02:30:19,591 [Listener at 127.0.0.1/13164] INFO  impl.DataStreamServerImpl (ConfUtils.java:logGet(44)) - raft.datastream.type = DISABLED (default)
2021-10-16 02:30:19,592 [Listener at 127.0.0.1/13164] INFO  server.RaftServerConfigKeys (ConfUtils.java:logGet(44)) - raft.server.rpc.slowness.timeout = 300s (custom)
2021-10-16 02:30:19,592 [Listener at 127.0.0.1/13164] INFO  server.RaftServerConfigKeys (ConfUtils.java:logGet(44)) - raft.server.leaderelection.leader.step-down.wait-time = 10s (default)
2021-10-16 02:30:19,592 [Listener at 127.0.0.1/13164] INFO  server.RaftServerConfigKeys (ConfUtils.java:logGet(44)) - raft.server.storage.dir = [/home/runner/work/ozone/ozone/hadoop-ozone/integration-test/target/test-dir/MiniOzoneClusterImpl-4eb377f1-b672-4075-9178-fccd761457f8/datanode-0/data/ratis] (custom)
2021-10-16 02:30:19,601 [EndpointStateMachine task thread for /127.0.0.1:12777 - 0 ] INFO  ipc.Client (Client.java:handleConnectionFailure(977)) - Retrying connect to server: localhost/127.0.0.1:12777. Already tried 2 time(s); retry policy is RetryUpToMaximumCountWithFixedSleep(maxRetries=15, sleepTime=1000 MILLISECONDS)
2021-10-16 02:30:19,602 [EndpointStateMachine task thread for /127.0.0.1:12757 - 0 ] INFO  ipc.Client (Client.java:handleConnectionFailure(977)) - Retrying connect to server: localhost/127.0.0.1:12757. Already tried 2 time(s); retry policy is RetryUpToMaximumCountWithFixedSleep(maxRetries=15, sleepTime=1000 MILLISECONDS)
2021-10-16 02:30:19,614 [Listener at 127.0.0.1/13164] INFO  http.BaseHttpServer (BaseHttpServer.java:newHttpServer2BuilderForOzone(209)) - Starting Web-server for hddsDatanode at: http://0.0.0.0:0
2021-10-16 02:30:19,614 [Listener at 127.0.0.1/13164] INFO  http.BaseHttpServer (BaseHttpServer.java:<init>(107)) - Hadoop Security Enabled: false Ozone Security Enabled: false Ozone HTTP Security Enabled: false 
2021-10-16 02:30:19,616 [Listener at 127.0.0.1/13164] INFO  server.AuthenticationFilter (AuthenticationFilter.java:constructSecretProvider(240)) - Unable to initialize FileSignerSecretProvider, falling back to use random secrets.
2021-10-16 02:30:19,617 [Listener at 127.0.0.1/13164] WARN  http.HttpRequestLog (HttpRequestLog.java:getRequestLog(103)) - Jetty request log can only be enabled using Log4j
2021-10-16 02:30:19,619 [Listener at 127.0.0.1/13164] INFO  http.HttpServer2 (HttpServer2.java:addGlobalFilter(1030)) - Added global filter 'safety' (class=org.apache.hadoop.hdds.server.http.HttpServer2$QuotingInputFilter)
2021-10-16 02:30:19,626 [Listener at 127.0.0.1/13164] INFO  http.HttpServer2 (HttpServer2.java:addFilter(1006)) - Added filter static_user_filter (class=org.apache.hadoop.http.lib.StaticUserWebFilter$StaticUserFilter) to context hddsDatanode
2021-10-16 02:30:19,626 [Listener at 127.0.0.1/13164] INFO  http.HttpServer2 (HttpServer2.java:addFilter(1014)) - Added filter static_user_filter (class=org.apache.hadoop.http.lib.StaticUserWebFilter$StaticUserFilter) to context static
2021-10-16 02:30:19,626 [Listener at 127.0.0.1/13164] INFO  http.HttpServer2 (HttpServer2.java:addFilter(1014)) - Added filter static_user_filter (class=org.apache.hadoop.http.lib.StaticUserWebFilter$StaticUserFilter) to context logs
2021-10-16 02:30:19,627 [Listener at 127.0.0.1/13164] INFO  http.HttpServer2 (HttpServer2.java:bindListener(1249)) - Jetty bound to port 38363
2021-10-16 02:30:19,627 [Listener at 127.0.0.1/13164] INFO  server.Server (Server.java:doStart(375)) - jetty-9.4.43.v20210629; built: 2021-06-30T11:07:22.254Z; git: 526006ecfa3af7f1a27ef3a288e2bef7ea9dd7e8; jvm 1.8.0_292-b10
2021-10-16 02:30:19,634 [Listener at 127.0.0.1/13164] INFO  server.session (DefaultSessionIdManager.java:doStart(334)) - DefaultSessionIdManager workerName=node0
2021-10-16 02:30:19,634 [Listener at 127.0.0.1/13164] INFO  server.session (DefaultSessionIdManager.java:doStart(339)) - No SessionScavenger set, using defaults
2021-10-16 02:30:19,635 [Listener at 127.0.0.1/13164] INFO  server.session (HouseKeeper.java:startScavenging(132)) - node0 Scavenging every 660000ms
2021-10-16 02:30:19,636 [Listener at 127.0.0.1/13164] INFO  handler.ContextHandler (ContextHandler.java:doStart(915)) - Started o.e.j.s.ServletContextHandler@590603cf{logs,/logs,file:///home/runner/work/ozone/ozone/hadoop-ozone/integration-test/target/log,AVAILABLE}
2021-10-16 02:30:19,636 [Listener at 127.0.0.1/13164] INFO  handler.ContextHandler (ContextHandler.java:doStart(915)) - Started o.e.j.s.ServletContextHandler@347bc2ad{static,/static,jar:file:/home/runner/.m2/repository/org/apache/ozone/hdds-container-service/1.2.0-SNAPSHOT/hdds-container-service-1.2.0-SNAPSHOT.jar!/webapps/static,AVAILABLE}
2021-10-16 02:30:19,645 [EndpointStateMachine task thread for /127.0.0.1:12767 - 0 ] INFO  ipc.Client (Client.java:handleConnectionFailure(977)) - Retrying connect to server: localhost/127.0.0.1:12767. Already tried 2 time(s); retry policy is RetryUpToMaximumCountWithFixedSleep(maxRetries=15, sleepTime=1000 MILLISECONDS)
2021-10-16 02:30:19,735 [Listener at 127.0.0.1/13164] INFO  handler.ContextHandler (ContextHandler.java:doStart(915)) - Started o.e.j.w.WebAppContext@5a6a336c{hddsDatanode,/,file:///tmp/jetty-0_0_0_0-38363-hdds-container-service-1_2_0-SNAPSHOT_jar-_-any-2606550574894478459/webapp/,AVAILABLE}{jar:file:/home/runner/.m2/repository/org/apache/ozone/hdds-container-service/1.2.0-SNAPSHOT/hdds-container-service-1.2.0-SNAPSHOT.jar!/webapps/hddsDatanode}
2021-10-16 02:30:19,739 [Listener at 127.0.0.1/13164] INFO  server.AbstractConnector (AbstractConnector.java:doStart(331)) - Started ServerConnector@4c8754b9{HTTP/1.1, (http/1.1)}{0.0.0.0:38363}
2021-10-16 02:30:19,740 [Listener at 127.0.0.1/13164] INFO  server.Server (Server.java:doStart(415)) - Started @85334ms
2021-10-16 02:30:19,741 [Listener at 127.0.0.1/13164] WARN  impl.MetricsSystemImpl (MetricsSystemImpl.java:register(279)) - Sink prometheus already exists!
2021-10-16 02:30:19,742 [Listener at 127.0.0.1/13164] INFO  http.BaseHttpServer (BaseHttpServer.java:updateConnectorAddress(329)) - HTTP server of hddsDatanode listening at http://0.0.0.0:38363
2021-10-16 02:30:19,752 [Datanode State Machine Thread - 0] INFO  statemachine.DatanodeStateMachine (DatanodeStateMachine.java:lambda$startDaemon$0(463)) - Ozone container server started.
2021-10-16 02:30:19,776 [org.apache.hadoop.util.JvmPauseMonitor$Monitor@503494c8] INFO  util.JvmPauseMonitor (JvmPauseMonitor.java:run(188)) - Starting JVM pause monitor
2021-10-16 02:30:19,788 [Listener at 127.0.0.1/13164] WARN  impl.MetricRegistriesImpl (MetricRegistriesImpl.java:addReporterRegistration(111)) - New reporters are added after registries were created. Some metrics will be missing from the reporter. Please add reporter before adding any new registry.
2021-10-16 02:30:19,789 [Listener at 127.0.0.1/13164] WARN  impl.MetricRegistriesImpl (MetricRegistriesImpl.java:addReporterRegistration(111)) - New reporters are added after registries were created. Some metrics will be missing from the reporter. Please add reporter before adding any new registry.
2021-10-16 02:30:19,789 [Listener at 127.0.0.1/13164] INFO  impl.MetricsSystemImpl (MetricsSystemImpl.java:init(158)) - HddsDatanode metrics system started (again)
2021-10-16 02:30:19,801 [Datanode State Machine Task Thread - 0] INFO  ha.SCMNodeInfo (SCMNodeInfo.java:getPort(197)) - ConfigKey ozone.scm.client.address is deprecated, For configuring different ports for each SCM use PortConfigKey ozone.scm.client.port appended with serviceId and nodeId
2021-10-16 02:30:19,801 [Datanode State Machine Task Thread - 0] INFO  ha.SCMNodeInfo (SCMNodeInfo.java:getPort(197)) - ConfigKey ozone.scm.block.client.address is deprecated, For configuring different ports for each SCM use PortConfigKey ozone.scm.block.client.port appended with serviceId and nodeId
2021-10-16 02:30:19,801 [Datanode State Machine Task Thread - 0] INFO  ha.SCMNodeInfo (SCMNodeInfo.java:getPort(197)) - ConfigKey ozone.scm.datanode.address is deprecated, For configuring different ports for each SCM use PortConfigKey ozone.scm.datanode.port appended with serviceId and nodeId
2021-10-16 02:30:19,801 [Datanode State Machine Task Thread - 0] INFO  ha.SCMNodeInfo (SCMNodeInfo.java:getPort(197)) - ConfigKey ozone.scm.client.address is deprecated, For configuring different ports for each SCM use PortConfigKey ozone.scm.client.port appended with serviceId and nodeId
2021-10-16 02:30:19,801 [Datanode State Machine Task Thread - 0] INFO  ha.SCMNodeInfo (SCMNodeInfo.java:getPort(197)) - ConfigKey ozone.scm.block.client.address is deprecated, For configuring different ports for each SCM use PortConfigKey ozone.scm.block.client.port appended with serviceId and nodeId
2021-10-16 02:30:19,801 [Datanode State Machine Task Thread - 0] INFO  ha.SCMNodeInfo (SCMNodeInfo.java:getPort(197)) - ConfigKey ozone.scm.datanode.address is deprecated, For configuring different ports for each SCM use PortConfigKey ozone.scm.datanode.port appended with serviceId and nodeId
2021-10-16 02:30:19,801 [Datanode State Machine Task Thread - 0] INFO  ha.SCMNodeInfo (SCMNodeInfo.java:getPort(197)) - ConfigKey ozone.scm.client.address is deprecated, For configuring different ports for each SCM use PortConfigKey ozone.scm.client.port appended with serviceId and nodeId
2021-10-16 02:30:19,801 [Datanode State Machine Task Thread - 0] INFO  ha.SCMNodeInfo (SCMNodeInfo.java:getPort(197)) - ConfigKey ozone.scm.block.client.address is deprecated, For configuring different ports for each SCM use PortConfigKey ozone.scm.block.client.port appended with serviceId and nodeId
2021-10-16 02:30:19,801 [Datanode State Machine Task Thread - 0] INFO  ha.SCMNodeInfo (SCMNodeInfo.java:getPort(197)) - ConfigKey ozone.scm.datanode.address is deprecated, For configuring different ports for each SCM use PortConfigKey ozone.scm.datanode.port appended with serviceId and nodeId
2021-10-16 02:30:19,804 [Datanode State Machine Task Thread - 0] INFO  datanode.InitDatanodeState (InitDatanodeState.java:persistContainerDatanodeDetails(145)) - DatanodeDetails is persisted to /home/runner/work/ozone/ozone/hadoop-ozone/integration-test/target/test-dir/MiniOzoneClusterImpl-4eb377f1-b672-4075-9178-fccd761457f8/datanode-0/meta/datanode.id
2021-10-16 02:30:19,818 [Listener at 127.0.0.1/13164] INFO  ozone.HddsDatanodeService (HddsDatanodeService.java:start(234)) - HddsDatanodeService host:fv-az59-128.csjynl4pkq3e1pkirw3ssqjfoh.cx.internal.cloudapp.net ip:10.1.0.78
2021-10-16 02:30:19,855 [Listener at 127.0.0.1/13164] INFO  upgrade.AbstractLayoutVersionManager (AbstractLayoutVersionManager.java:init(79)) - Initializing Layout version manager with metadata layout = SCM_HA (version = 2), software layout = SCM_HA (version = 2)
2021-10-16 02:30:19,977 [Listener at 127.0.0.1/13164] INFO  reflections.Reflections (Reflections.java:scan(232)) - Reflections took 119 ms to scan 7 urls, producing 119 keys and 278 values 
2021-10-16 02:30:19,988 [Listener at 127.0.0.1/13164] INFO  ha.SCMNodeInfo (SCMNodeInfo.java:getPort(197)) - ConfigKey ozone.scm.client.address is deprecated, For configuring different ports for each SCM use PortConfigKey ozone.scm.client.port appended with serviceId and nodeId
2021-10-16 02:30:19,988 [Listener at 127.0.0.1/13164] INFO  ha.SCMNodeInfo (SCMNodeInfo.java:getPort(197)) - ConfigKey ozone.scm.block.client.address is deprecated, For configuring different ports for each SCM use PortConfigKey ozone.scm.block.client.port appended with serviceId and nodeId
2021-10-16 02:30:19,988 [Listener at 127.0.0.1/13164] INFO  ha.SCMNodeInfo (SCMNodeInfo.java:getPort(197)) - ConfigKey ozone.scm.datanode.address is deprecated, For configuring different ports for each SCM use PortConfigKey ozone.scm.datanode.port appended with serviceId and nodeId
2021-10-16 02:30:19,988 [Listener at 127.0.0.1/13164] INFO  ha.SCMNodeInfo (SCMNodeInfo.java:getPort(197)) - ConfigKey ozone.scm.client.address is deprecated, For configuring different ports for each SCM use PortConfigKey ozone.scm.client.port appended with serviceId and nodeId
2021-10-16 02:30:19,988 [Listener at 127.0.0.1/13164] INFO  ha.SCMNodeInfo (SCMNodeInfo.java:getPort(197)) - ConfigKey ozone.scm.block.client.address is deprecated, For configuring different ports for each SCM use PortConfigKey ozone.scm.block.client.port appended with serviceId and nodeId
2021-10-16 02:30:19,989 [Listener at 127.0.0.1/13164] INFO  ha.SCMNodeInfo (SCMNodeInfo.java:getPort(197)) - ConfigKey ozone.scm.datanode.address is deprecated, For configuring different ports for each SCM use PortConfigKey ozone.scm.datanode.port appended with serviceId and nodeId
2021-10-16 02:30:19,989 [Listener at 127.0.0.1/13164] INFO  ha.SCMNodeInfo (SCMNodeInfo.java:getPort(197)) - ConfigKey ozone.scm.client.address is deprecated, For configuring different ports for each SCM use PortConfigKey ozone.scm.client.port appended with serviceId and nodeId
2021-10-16 02:30:19,989 [Listener at 127.0.0.1/13164] INFO  ha.SCMNodeInfo (SCMNodeInfo.java:getPort(197)) - ConfigKey ozone.scm.block.client.address is deprecated, For configuring different ports for each SCM use PortConfigKey ozone.scm.block.client.port appended with serviceId and nodeId
2021-10-16 02:30:19,989 [Listener at 127.0.0.1/13164] INFO  ha.SCMNodeInfo (SCMNodeInfo.java:getPort(197)) - ConfigKey ozone.scm.datanode.address is deprecated, For configuring different ports for each SCM use PortConfigKey ozone.scm.datanode.port appended with serviceId and nodeId
2021-10-16 02:30:20,005 [Listener at 127.0.0.1/13164] INFO  volume.HddsVolume (HddsVolume.java:<init>(120)) - Creating HddsVolume: /home/runner/work/ozone/ozone/hadoop-ozone/integration-test/target/test-dir/MiniOzoneClusterImpl-4eb377f1-b672-4075-9178-fccd761457f8/datanode-1/data-0/containers/hdds of storage type : DISK capacity : 9223372036854775807
2021-10-16 02:30:20,005 [Listener at 127.0.0.1/13164] INFO  volume.MutableVolumeSet (MutableVolumeSet.java:initializeVolumeSet(168)) - Added Volume : /home/runner/work/ozone/ozone/hadoop-ozone/integration-test/target/test-dir/MiniOzoneClusterImpl-4eb377f1-b672-4075-9178-fccd761457f8/datanode-1/data-0/containers/hdds to VolumeSet
2021-10-16 02:30:20,005 [Listener at 127.0.0.1/13164] INFO  volume.ThrottledAsyncChecker (ThrottledAsyncChecker.java:schedule(141)) - Scheduling a check for /home/runner/work/ozone/ozone/hadoop-ozone/integration-test/target/test-dir/MiniOzoneClusterImpl-4eb377f1-b672-4075-9178-fccd761457f8/datanode-1/data-0/containers/hdds
2021-10-16 02:30:20,025 [Listener at 127.0.0.1/13164] INFO  volume.StorageVolumeChecker (StorageVolumeChecker.java:checkAllVolumes(202)) - Scheduled health check for volume /home/runner/work/ozone/ozone/hadoop-ozone/integration-test/target/test-dir/MiniOzoneClusterImpl-4eb377f1-b672-4075-9178-fccd761457f8/datanode-1/data-0/containers/hdds
2021-10-16 02:30:20,053 [Listener at 127.0.0.1/13164] INFO  volume.MutableVolumeSet (MutableVolumeSet.java:initializeVolumeSet(168)) - Added Volume : /home/runner/work/ozone/ozone/hadoop-ozone/integration-test/target/test-dir/MiniOzoneClusterImpl-4eb377f1-b672-4075-9178-fccd761457f8/datanode-1/data/ratis to VolumeSet
2021-10-16 02:30:20,054 [Listener at 127.0.0.1/13164] INFO  volume.ThrottledAsyncChecker (ThrottledAsyncChecker.java:schedule(141)) - Scheduling a check for /home/runner/work/ozone/ozone/hadoop-ozone/integration-test/target/test-dir/MiniOzoneClusterImpl-4eb377f1-b672-4075-9178-fccd761457f8/datanode-1/data/ratis
2021-10-16 02:30:20,054 [Listener at 127.0.0.1/13164] INFO  volume.StorageVolumeChecker (StorageVolumeChecker.java:checkAllVolumes(202)) - Scheduled health check for volume /home/runner/work/ozone/ozone/hadoop-ozone/integration-test/target/test-dir/MiniOzoneClusterImpl-4eb377f1-b672-4075-9178-fccd761457f8/datanode-1/data/ratis
2021-10-16 02:30:20,109 [Thread-1464] INFO  ozoneimpl.ContainerReader (ContainerReader.java:readVolume(172)) - Finish verifying containers on volume /home/runner/work/ozone/ozone/hadoop-ozone/integration-test/target/test-dir/MiniOzoneClusterImpl-4eb377f1-b672-4075-9178-fccd761457f8/datanode-1/data-0/containers/hdds
2021-10-16 02:30:20,109 [Listener at 127.0.0.1/13164] INFO  ozoneimpl.OzoneContainer (OzoneContainer.java:buildContainerSet(236)) - Build ContainerSet costs 0s
2021-10-16 02:30:20,113 [Listener at 127.0.0.1/13164] INFO  server.RaftServer (ConfUtils.java:logGet(44)) - raft.rpc.type = GRPC (default)
2021-10-16 02:30:20,113 [Listener at 127.0.0.1/13164] INFO  grpc.GrpcFactory (GrpcFactory.java:checkPooledByteBufAllocatorUseCacheForAllThreads(48)) - PERFORMANCE WARNING: useCacheForAllThreads is true that may cause Netty to create a lot garbage objects and, as a result, trigger GC.
	It is recommended to disable useCacheForAllThreads by setting -Dorg.apache.ratis.thirdparty.io.netty.allocator.useCacheForAllThreads=false in command line.
2021-10-16 02:30:20,115 [Listener at 127.0.0.1/13164] INFO  grpc.GrpcConfigKeys (ConfUtils.java:logGet(44)) - raft.grpc.admin.port = 0 (custom)
2021-10-16 02:30:20,116 [Listener at 127.0.0.1/13164] INFO  grpc.GrpcConfigKeys (ConfUtils.java:logGet(44)) - raft.grpc.client.port = 0 (custom)
2021-10-16 02:30:20,116 [Listener at 127.0.0.1/13164] INFO  grpc.GrpcConfigKeys (ConfUtils.java:logGet(44)) - raft.grpc.server.port = 0 (default)
2021-10-16 02:30:20,116 [Listener at 127.0.0.1/13164] INFO  server.GrpcService (ConfUtils.java:logGet(44)) - raft.grpc.message.size.max = 32MB (=33554432) (custom)
2021-10-16 02:30:20,116 [Listener at 127.0.0.1/13164] INFO  server.RaftServerConfigKeys (ConfUtils.java:logGet(44)) - raft.server.log.appender.buffer.byte-limit = 33554432 (custom)
2021-10-16 02:30:20,117 [Listener at 127.0.0.1/13164] INFO  server.GrpcService (ConfUtils.java:logGet(44)) - raft.grpc.flow.control.window = 5MB (=5242880) (custom)
2021-10-16 02:30:20,117 [Listener at 127.0.0.1/13164] INFO  server.RaftServerConfigKeys (ConfUtils.java:logGet(44)) - raft.server.rpc.request.timeout = 60s (custom)
2021-10-16 02:30:20,121 [Listener at 127.0.0.1/13164] INFO  impl.DataStreamServerImpl (ConfUtils.java:logGet(44)) - raft.datastream.type = DISABLED (default)
2021-10-16 02:30:20,125 [Listener at 127.0.0.1/13164] INFO  server.RaftServerConfigKeys (ConfUtils.java:logGet(44)) - raft.server.rpc.slowness.timeout = 300s (custom)
2021-10-16 02:30:20,126 [Listener at 127.0.0.1/13164] INFO  server.RaftServerConfigKeys (ConfUtils.java:logGet(44)) - raft.server.leaderelection.leader.step-down.wait-time = 10s (default)
2021-10-16 02:30:20,126 [Listener at 127.0.0.1/13164] INFO  server.RaftServerConfigKeys (ConfUtils.java:logGet(44)) - raft.server.storage.dir = [/home/runner/work/ozone/ozone/hadoop-ozone/integration-test/target/test-dir/MiniOzoneClusterImpl-4eb377f1-b672-4075-9178-fccd761457f8/datanode-1/data/ratis] (custom)
2021-10-16 02:30:20,141 [Listener at 127.0.0.1/13164] INFO  http.BaseHttpServer (BaseHttpServer.java:newHttpServer2BuilderForOzone(209)) - Starting Web-server for hddsDatanode at: http://0.0.0.0:0
2021-10-16 02:30:20,145 [Listener at 127.0.0.1/13164] INFO  http.BaseHttpServer (BaseHttpServer.java:<init>(107)) - Hadoop Security Enabled: false Ozone Security Enabled: false Ozone HTTP Security Enabled: false 
2021-10-16 02:30:20,147 [Listener at 127.0.0.1/13164] INFO  server.AuthenticationFilter (AuthenticationFilter.java:constructSecretProvider(240)) - Unable to initialize FileSignerSecretProvider, falling back to use random secrets.
2021-10-16 02:30:20,158 [Listener at 127.0.0.1/13164] WARN  http.HttpRequestLog (HttpRequestLog.java:getRequestLog(103)) - Jetty request log can only be enabled using Log4j
2021-10-16 02:30:20,160 [Listener at 127.0.0.1/13164] INFO  http.HttpServer2 (HttpServer2.java:addGlobalFilter(1030)) - Added global filter 'safety' (class=org.apache.hadoop.hdds.server.http.HttpServer2$QuotingInputFilter)
2021-10-16 02:30:20,160 [Listener at 127.0.0.1/13164] INFO  http.HttpServer2 (HttpServer2.java:addFilter(1006)) - Added filter static_user_filter (class=org.apache.hadoop.http.lib.StaticUserWebFilter$StaticUserFilter) to context hddsDatanode
2021-10-16 02:30:20,161 [Listener at 127.0.0.1/13164] INFO  http.HttpServer2 (HttpServer2.java:addFilter(1014)) - Added filter static_user_filter (class=org.apache.hadoop.http.lib.StaticUserWebFilter$StaticUserFilter) to context logs
2021-10-16 02:30:20,161 [Listener at 127.0.0.1/13164] INFO  http.HttpServer2 (HttpServer2.java:addFilter(1014)) - Added filter static_user_filter (class=org.apache.hadoop.http.lib.StaticUserWebFilter$StaticUserFilter) to context static
2021-10-16 02:30:20,162 [Listener at 127.0.0.1/13164] INFO  http.HttpServer2 (HttpServer2.java:bindListener(1249)) - Jetty bound to port 44999
2021-10-16 02:30:20,162 [Listener at 127.0.0.1/13164] INFO  server.Server (Server.java:doStart(375)) - jetty-9.4.43.v20210629; built: 2021-06-30T11:07:22.254Z; git: 526006ecfa3af7f1a27ef3a288e2bef7ea9dd7e8; jvm 1.8.0_292-b10
2021-10-16 02:30:20,180 [Listener at 127.0.0.1/13164] INFO  server.session (DefaultSessionIdManager.java:doStart(334)) - DefaultSessionIdManager workerName=node0
2021-10-16 02:30:20,180 [Listener at 127.0.0.1/13164] INFO  server.session (DefaultSessionIdManager.java:doStart(339)) - No SessionScavenger set, using defaults
2021-10-16 02:30:20,181 [Listener at 127.0.0.1/13164] INFO  server.session (HouseKeeper.java:startScavenging(132)) - node0 Scavenging every 660000ms
2021-10-16 02:30:20,182 [Listener at 127.0.0.1/13164] INFO  handler.ContextHandler (ContextHandler.java:doStart(915)) - Started o.e.j.s.ServletContextHandler@380d3099{logs,/logs,file:///home/runner/work/ozone/ozone/hadoop-ozone/integration-test/target/log,AVAILABLE}
2021-10-16 02:30:20,182 [Listener at 127.0.0.1/13164] INFO  handler.ContextHandler (ContextHandler.java:doStart(915)) - Started o.e.j.s.ServletContextHandler@6f014dfa{static,/static,jar:file:/home/runner/.m2/repository/org/apache/ozone/hdds-container-service/1.2.0-SNAPSHOT/hdds-container-service-1.2.0-SNAPSHOT.jar!/webapps/static,AVAILABLE}
2021-10-16 02:30:20,211 [omNode-1@group-523986131536-FollowerState] INFO  impl.FollowerState (FollowerState.java:run(134)) - omNode-1@group-523986131536-FollowerState: change to CANDIDATE, lastRpcElapsedTime:1143989087ns, electionTimeout:1138ms
2021-10-16 02:30:20,211 [omNode-1@group-523986131536-FollowerState] INFO  impl.RoleInfo (RoleInfo.java:shutdownFollowerState(108)) - omNode-1: shutdown omNode-1@group-523986131536-FollowerState
2021-10-16 02:30:20,211 [omNode-1@group-523986131536-FollowerState] INFO  server.RaftServer$Division (RaftServerImpl.java:setRole(285)) - omNode-1@group-523986131536: changes role from  FOLLOWER to CANDIDATE at term 0 for changeToCandidate
2021-10-16 02:30:20,211 [omNode-1@group-523986131536-FollowerState] INFO  server.RaftServerConfigKeys (ConfUtils.java:logGet(44)) - raft.server.leaderelection.pre-vote = false (custom)
2021-10-16 02:30:20,212 [omNode-1@group-523986131536-FollowerState] INFO  impl.RoleInfo (RoleInfo.java:updateAndGet(130)) - omNode-1: start omNode-1@group-523986131536-LeaderElection16
2021-10-16 02:30:20,233 [omNode-1@group-523986131536-LeaderElection16] INFO  impl.LeaderElection (LeaderElection.java:askForVotes(306)) - omNode-1@group-523986131536-LeaderElection16 ELECTION round 0: submit vote requests at term 1 for -1: [omNode-1|rpc:localhost:13168|priority:0], old=null
2021-10-16 02:30:20,233 [omNode-1@group-523986131536-LeaderElection16] INFO  impl.LeaderElection (LeaderElection.java:askForVotes(308)) - omNode-1@group-523986131536-LeaderElection16 ELECTION round 0: result PASSED (term=1)
2021-10-16 02:30:20,233 [omNode-1@group-523986131536-LeaderElection16] INFO  impl.RoleInfo (RoleInfo.java:shutdownLeaderElection(121)) - omNode-1: shutdown omNode-1@group-523986131536-LeaderElection16
2021-10-16 02:30:20,233 [omNode-1@group-523986131536-LeaderElection16] INFO  server.RaftServer$Division (RaftServerImpl.java:setRole(285)) - omNode-1@group-523986131536: changes role from CANDIDATE to LEADER at term 1 for changeToLeader
2021-10-16 02:30:20,233 [omNode-1@group-523986131536-LeaderElection16] INFO  server.RaftServer$Division (ServerState.java:setLeader(285)) - omNode-1@group-523986131536: change Leader from null to omNode-1 at term 1 for becomeLeader, leader elected after 1260ms
2021-10-16 02:30:20,234 [omNode-1@group-523986131536-LeaderElection16] INFO  server.RaftServerConfigKeys (ConfUtils.java:logGet(44)) - raft.server.staging.catchup.gap = 1000 (default)
2021-10-16 02:30:20,239 [omNode-1@group-523986131536-LeaderElection16] INFO  server.RaftServerConfigKeys (ConfUtils.java:logGet(44)) - raft.server.write.element-limit = 4096 (default)
2021-10-16 02:30:20,240 [omNode-1@group-523986131536-LeaderElection16] INFO  server.RaftServerConfigKeys (ConfUtils.java:logGet(44)) - raft.server.write.byte-limit = 64MB (=67108864) (default)
2021-10-16 02:30:20,240 [omNode-1@group-523986131536-LeaderElection16] INFO  server.RaftServerConfigKeys (ConfUtils.java:logGet(44)) - raft.server.watch.timeout = 10s (default)
2021-10-16 02:30:20,240 [omNode-1@group-523986131536-LeaderElection16] INFO  server.RaftServerConfigKeys (ConfUtils.java:logGet(44)) - raft.server.watch.timeout.denomination = 1s (default)
2021-10-16 02:30:20,240 [omNode-1@group-523986131536-LeaderElection16] INFO  server.RaftServerConfigKeys (ConfUtils.java:logGet(44)) - raft.server.watch.element-limit = 65536 (default)
2021-10-16 02:30:20,240 [omNode-1@group-523986131536-LeaderElection16] INFO  impl.RoleInfo (RoleInfo.java:updateAndGet(130)) - omNode-1: start omNode-1@group-523986131536-LeaderStateImpl
2021-10-16 02:30:20,241 [omNode-1@group-523986131536-LeaderElection16] INFO  segmented.SegmentedRaftLogWorker (SegmentedRaftLogWorker.java:startLogSegment(394)) - omNode-1@group-523986131536-SegmentedRaftLogWorker: Starting segment from index:0
2021-10-16 02:30:20,257 [omNode-1@group-523986131536-SegmentedRaftLogWorker] INFO  segmented.SegmentedRaftLogWorker (SegmentedRaftLogWorker.java:execute(601)) - omNode-1@group-523986131536-SegmentedRaftLogWorker: created new log segment /home/runner/work/ozone/ozone/hadoop-ozone/integration-test/target/test-dir/MiniOzoneClusterImpl-4eb377f1-b672-4075-9178-fccd761457f8/omNode-1/ratis/c9bc4cf4-3bc3-3c60-a66b-523986131536/current/log_inprogress_0
2021-10-16 02:30:20,265 [omNode-1@group-523986131536-LeaderElection16] INFO  server.RaftServer$Division (ServerState.java:setRaftConf(387)) - omNode-1@group-523986131536: set configuration 0: [omNode-1|rpc:localhost:13168|admin:|client:|dataStream:|priority:0], old=null
2021-10-16 02:30:20,272 [omNode-1@group-523986131536-StateMachineUpdater] INFO  ratis.OzoneManagerStateMachine (OzoneManagerStateMachine.java:notifyConfigurationChanged(188)) - Received Configuration change notification from Ratis. New Peer list:
[id: "omNode-1"
address: "localhost:13168"
]
2021-10-16 02:30:20,326 [Listener at 127.0.0.1/13164] INFO  handler.ContextHandler (ContextHandler.java:doStart(915)) - Started o.e.j.w.WebAppContext@33581a91{hddsDatanode,/,file:///tmp/jetty-0_0_0_0-44999-hdds-container-service-1_2_0-SNAPSHOT_jar-_-any-3571738207501599143/webapp/,AVAILABLE}{jar:file:/home/runner/.m2/repository/org/apache/ozone/hdds-container-service/1.2.0-SNAPSHOT/hdds-container-service-1.2.0-SNAPSHOT.jar!/webapps/hddsDatanode}
2021-10-16 02:30:20,335 [Listener at 127.0.0.1/13164] INFO  server.AbstractConnector (AbstractConnector.java:doStart(331)) - Started ServerConnector@265edc64{HTTP/1.1, (http/1.1)}{0.0.0.0:44999}
2021-10-16 02:30:20,339 [Listener at 127.0.0.1/13164] INFO  server.Server (Server.java:doStart(415)) - Started @85934ms
2021-10-16 02:30:20,340 [Listener at 127.0.0.1/13164] WARN  impl.MetricsSystemImpl (MetricsSystemImpl.java:register(279)) - Sink prometheus already exists!
2021-10-16 02:30:20,343 [Listener at 127.0.0.1/13164] INFO  http.BaseHttpServer (BaseHttpServer.java:updateConnectorAddress(329)) - HTTP server of hddsDatanode listening at http://0.0.0.0:44999
2021-10-16 02:30:20,345 [Listener at 127.0.0.1/13164] WARN  impl.MetricRegistriesImpl (MetricRegistriesImpl.java:addReporterRegistration(111)) - New reporters are added after registries were created. Some metrics will be missing from the reporter. Please add reporter before adding any new registry.
2021-10-16 02:30:20,345 [Listener at 127.0.0.1/13164] WARN  impl.MetricRegistriesImpl (MetricRegistriesImpl.java:addReporterRegistration(111)) - New reporters are added after registries were created. Some metrics will be missing from the reporter. Please add reporter before adding any new registry.
2021-10-16 02:30:20,346 [Listener at 127.0.0.1/13164] INFO  impl.MetricsSystemImpl (MetricsSystemImpl.java:init(158)) - HddsDatanode metrics system started (again)
2021-10-16 02:30:20,355 [Datanode State Machine Thread - 0] INFO  statemachine.DatanodeStateMachine (DatanodeStateMachine.java:lambda$startDaemon$0(463)) - Ozone container server started.
2021-10-16 02:30:20,372 [org.apache.hadoop.util.JvmPauseMonitor$Monitor@51d0616e] INFO  util.JvmPauseMonitor (JvmPauseMonitor.java:run(188)) - Starting JVM pause monitor
2021-10-16 02:30:20,390 [Datanode State Machine Task Thread - 0] INFO  ha.SCMNodeInfo (SCMNodeInfo.java:getPort(197)) - ConfigKey ozone.scm.client.address is deprecated, For configuring different ports for each SCM use PortConfigKey ozone.scm.client.port appended with serviceId and nodeId
2021-10-16 02:30:20,390 [Datanode State Machine Task Thread - 0] INFO  ha.SCMNodeInfo (SCMNodeInfo.java:getPort(197)) - ConfigKey ozone.scm.block.client.address is deprecated, For configuring different ports for each SCM use PortConfigKey ozone.scm.block.client.port appended with serviceId and nodeId
2021-10-16 02:30:20,390 [Datanode State Machine Task Thread - 0] INFO  ha.SCMNodeInfo (SCMNodeInfo.java:getPort(197)) - ConfigKey ozone.scm.datanode.address is deprecated, For configuring different ports for each SCM use PortConfigKey ozone.scm.datanode.port appended with serviceId and nodeId
2021-10-16 02:30:20,391 [Datanode State Machine Task Thread - 0] INFO  ha.SCMNodeInfo (SCMNodeInfo.java:getPort(197)) - ConfigKey ozone.scm.client.address is deprecated, For configuring different ports for each SCM use PortConfigKey ozone.scm.client.port appended with serviceId and nodeId
2021-10-16 02:30:20,391 [Datanode State Machine Task Thread - 0] INFO  ha.SCMNodeInfo (SCMNodeInfo.java:getPort(197)) - ConfigKey ozone.scm.block.client.address is deprecated, For configuring different ports for each SCM use PortConfigKey ozone.scm.block.client.port appended with serviceId and nodeId
2021-10-16 02:30:20,391 [Datanode State Machine Task Thread - 0] INFO  ha.SCMNodeInfo (SCMNodeInfo.java:getPort(197)) - ConfigKey ozone.scm.datanode.address is deprecated, For configuring different ports for each SCM use PortConfigKey ozone.scm.datanode.port appended with serviceId and nodeId
2021-10-16 02:30:20,391 [Datanode State Machine Task Thread - 0] INFO  ha.SCMNodeInfo (SCMNodeInfo.java:getPort(197)) - ConfigKey ozone.scm.client.address is deprecated, For configuring different ports for each SCM use PortConfigKey ozone.scm.client.port appended with serviceId and nodeId
2021-10-16 02:30:20,391 [Datanode State Machine Task Thread - 0] INFO  ha.SCMNodeInfo (SCMNodeInfo.java:getPort(197)) - ConfigKey ozone.scm.block.client.address is deprecated, For configuring different ports for each SCM use PortConfigKey ozone.scm.block.client.port appended with serviceId and nodeId
2021-10-16 02:30:20,391 [Datanode State Machine Task Thread - 0] INFO  ha.SCMNodeInfo (SCMNodeInfo.java:getPort(197)) - ConfigKey ozone.scm.datanode.address is deprecated, For configuring different ports for each SCM use PortConfigKey ozone.scm.datanode.port appended with serviceId and nodeId
2021-10-16 02:30:20,393 [Datanode State Machine Task Thread - 0] INFO  datanode.InitDatanodeState (InitDatanodeState.java:persistContainerDatanodeDetails(145)) - DatanodeDetails is persisted to /home/runner/work/ozone/ozone/hadoop-ozone/integration-test/target/test-dir/MiniOzoneClusterImpl-4eb377f1-b672-4075-9178-fccd761457f8/datanode-1/meta/datanode.id
2021-10-16 02:30:20,523 [Listener at 127.0.0.1/13164] INFO  ozone.HddsDatanodeService (HddsDatanodeService.java:start(234)) - HddsDatanodeService host:fv-az59-128.csjynl4pkq3e1pkirw3ssqjfoh.cx.internal.cloudapp.net ip:10.1.0.78
2021-10-16 02:30:20,595 [Listener at 127.0.0.1/13164] INFO  upgrade.AbstractLayoutVersionManager (AbstractLayoutVersionManager.java:init(79)) - Initializing Layout version manager with metadata layout = SCM_HA (version = 2), software layout = SCM_HA (version = 2)
2021-10-16 02:30:20,601 [EndpointStateMachine task thread for /127.0.0.1:12777 - 0 ] INFO  ipc.Client (Client.java:handleConnectionFailure(977)) - Retrying connect to server: localhost/127.0.0.1:12777. Already tried 3 time(s); retry policy is RetryUpToMaximumCountWithFixedSleep(maxRetries=15, sleepTime=1000 MILLISECONDS)
2021-10-16 02:30:20,602 [EndpointStateMachine task thread for /127.0.0.1:12757 - 0 ] INFO  ipc.Client (Client.java:handleConnectionFailure(977)) - Retrying connect to server: localhost/127.0.0.1:12757. Already tried 3 time(s); retry policy is RetryUpToMaximumCountWithFixedSleep(maxRetries=15, sleepTime=1000 MILLISECONDS)
2021-10-16 02:30:20,646 [EndpointStateMachine task thread for /127.0.0.1:12767 - 0 ] INFO  ipc.Client (Client.java:handleConnectionFailure(977)) - Retrying connect to server: localhost/127.0.0.1:12767. Already tried 3 time(s); retry policy is RetryUpToMaximumCountWithFixedSleep(maxRetries=15, sleepTime=1000 MILLISECONDS)
2021-10-16 02:30:20,732 [Listener at 127.0.0.1/13164] INFO  reflections.Reflections (Reflections.java:scan(232)) - Reflections took 116 ms to scan 7 urls, producing 119 keys and 278 values 
2021-10-16 02:30:20,735 [Listener at 127.0.0.1/13164] INFO  ha.SCMNodeInfo (SCMNodeInfo.java:getPort(197)) - ConfigKey ozone.scm.client.address is deprecated, For configuring different ports for each SCM use PortConfigKey ozone.scm.client.port appended with serviceId and nodeId
2021-10-16 02:30:20,735 [Listener at 127.0.0.1/13164] INFO  ha.SCMNodeInfo (SCMNodeInfo.java:getPort(197)) - ConfigKey ozone.scm.block.client.address is deprecated, For configuring different ports for each SCM use PortConfigKey ozone.scm.block.client.port appended with serviceId and nodeId
2021-10-16 02:30:20,735 [Listener at 127.0.0.1/13164] INFO  ha.SCMNodeInfo (SCMNodeInfo.java:getPort(197)) - ConfigKey ozone.scm.datanode.address is deprecated, For configuring different ports for each SCM use PortConfigKey ozone.scm.datanode.port appended with serviceId and nodeId
2021-10-16 02:30:20,736 [Listener at 127.0.0.1/13164] INFO  ha.SCMNodeInfo (SCMNodeInfo.java:getPort(197)) - ConfigKey ozone.scm.client.address is deprecated, For configuring different ports for each SCM use PortConfigKey ozone.scm.client.port appended with serviceId and nodeId
2021-10-16 02:30:20,741 [Listener at 127.0.0.1/13164] INFO  ha.SCMNodeInfo (SCMNodeInfo.java:getPort(197)) - ConfigKey ozone.scm.block.client.address is deprecated, For configuring different ports for each SCM use PortConfigKey ozone.scm.block.client.port appended with serviceId and nodeId
2021-10-16 02:30:20,741 [Listener at 127.0.0.1/13164] INFO  ha.SCMNodeInfo (SCMNodeInfo.java:getPort(197)) - ConfigKey ozone.scm.datanode.address is deprecated, For configuring different ports for each SCM use PortConfigKey ozone.scm.datanode.port appended with serviceId and nodeId
2021-10-16 02:30:20,741 [Listener at 127.0.0.1/13164] INFO  ha.SCMNodeInfo (SCMNodeInfo.java:getPort(197)) - ConfigKey ozone.scm.client.address is deprecated, For configuring different ports for each SCM use PortConfigKey ozone.scm.client.port appended with serviceId and nodeId
2021-10-16 02:30:20,741 [Listener at 127.0.0.1/13164] INFO  ha.SCMNodeInfo (SCMNodeInfo.java:getPort(197)) - ConfigKey ozone.scm.block.client.address is deprecated, For configuring different ports for each SCM use PortConfigKey ozone.scm.block.client.port appended with serviceId and nodeId
2021-10-16 02:30:20,742 [Listener at 127.0.0.1/13164] INFO  ha.SCMNodeInfo (SCMNodeInfo.java:getPort(197)) - ConfigKey ozone.scm.datanode.address is deprecated, For configuring different ports for each SCM use PortConfigKey ozone.scm.datanode.port appended with serviceId and nodeId
2021-10-16 02:30:20,744 [Listener at 127.0.0.1/13164] INFO  volume.HddsVolume (HddsVolume.java:<init>(120)) - Creating HddsVolume: /home/runner/work/ozone/ozone/hadoop-ozone/integration-test/target/test-dir/MiniOzoneClusterImpl-4eb377f1-b672-4075-9178-fccd761457f8/datanode-2/data-0/containers/hdds of storage type : DISK capacity : 9223372036854775807
2021-10-16 02:30:20,745 [Listener at 127.0.0.1/13164] INFO  volume.MutableVolumeSet (MutableVolumeSet.java:initializeVolumeSet(168)) - Added Volume : /home/runner/work/ozone/ozone/hadoop-ozone/integration-test/target/test-dir/MiniOzoneClusterImpl-4eb377f1-b672-4075-9178-fccd761457f8/datanode-2/data-0/containers/hdds to VolumeSet
2021-10-16 02:30:20,745 [Listener at 127.0.0.1/13164] INFO  volume.ThrottledAsyncChecker (ThrottledAsyncChecker.java:schedule(141)) - Scheduling a check for /home/runner/work/ozone/ozone/hadoop-ozone/integration-test/target/test-dir/MiniOzoneClusterImpl-4eb377f1-b672-4075-9178-fccd761457f8/datanode-2/data-0/containers/hdds
2021-10-16 02:30:20,752 [Listener at 127.0.0.1/13164] INFO  volume.StorageVolumeChecker (StorageVolumeChecker.java:checkAllVolumes(202)) - Scheduled health check for volume /home/runner/work/ozone/ozone/hadoop-ozone/integration-test/target/test-dir/MiniOzoneClusterImpl-4eb377f1-b672-4075-9178-fccd761457f8/datanode-2/data-0/containers/hdds
2021-10-16 02:30:20,776 [Listener at 127.0.0.1/13164] INFO  volume.MutableVolumeSet (MutableVolumeSet.java:initializeVolumeSet(168)) - Added Volume : /home/runner/work/ozone/ozone/hadoop-ozone/integration-test/target/test-dir/MiniOzoneClusterImpl-4eb377f1-b672-4075-9178-fccd761457f8/datanode-2/data/ratis to VolumeSet
2021-10-16 02:30:20,790 [Listener at 127.0.0.1/13164] INFO  volume.ThrottledAsyncChecker (ThrottledAsyncChecker.java:schedule(141)) - Scheduling a check for /home/runner/work/ozone/ozone/hadoop-ozone/integration-test/target/test-dir/MiniOzoneClusterImpl-4eb377f1-b672-4075-9178-fccd761457f8/datanode-2/data/ratis
2021-10-16 02:30:20,791 [Listener at 127.0.0.1/13164] INFO  volume.StorageVolumeChecker (StorageVolumeChecker.java:checkAllVolumes(202)) - Scheduled health check for volume /home/runner/work/ozone/ozone/hadoop-ozone/integration-test/target/test-dir/MiniOzoneClusterImpl-4eb377f1-b672-4075-9178-fccd761457f8/datanode-2/data/ratis
2021-10-16 02:30:20,862 [Thread-1479] INFO  ozoneimpl.ContainerReader (ContainerReader.java:readVolume(172)) - Finish verifying containers on volume /home/runner/work/ozone/ozone/hadoop-ozone/integration-test/target/test-dir/MiniOzoneClusterImpl-4eb377f1-b672-4075-9178-fccd761457f8/datanode-2/data-0/containers/hdds
2021-10-16 02:30:20,863 [Listener at 127.0.0.1/13164] INFO  ozoneimpl.OzoneContainer (OzoneContainer.java:buildContainerSet(236)) - Build ContainerSet costs 0s
2021-10-16 02:30:20,870 [Listener at 127.0.0.1/13164] INFO  server.RaftServer (ConfUtils.java:logGet(44)) - raft.rpc.type = GRPC (default)
2021-10-16 02:30:20,870 [Listener at 127.0.0.1/13164] INFO  grpc.GrpcFactory (GrpcFactory.java:checkPooledByteBufAllocatorUseCacheForAllThreads(48)) - PERFORMANCE WARNING: useCacheForAllThreads is true that may cause Netty to create a lot garbage objects and, as a result, trigger GC.
	It is recommended to disable useCacheForAllThreads by setting -Dorg.apache.ratis.thirdparty.io.netty.allocator.useCacheForAllThreads=false in command line.
2021-10-16 02:30:20,871 [Listener at 127.0.0.1/13164] INFO  grpc.GrpcConfigKeys (ConfUtils.java:logGet(44)) - raft.grpc.admin.port = 0 (custom)
2021-10-16 02:30:20,871 [Listener at 127.0.0.1/13164] INFO  grpc.GrpcConfigKeys (ConfUtils.java:logGet(44)) - raft.grpc.client.port = 0 (custom)
2021-10-16 02:30:20,871 [Listener at 127.0.0.1/13164] INFO  grpc.GrpcConfigKeys (ConfUtils.java:logGet(44)) - raft.grpc.server.port = 0 (default)
2021-10-16 02:30:20,871 [Listener at 127.0.0.1/13164] INFO  server.GrpcService (ConfUtils.java:logGet(44)) - raft.grpc.message.size.max = 32MB (=33554432) (custom)
2021-10-16 02:30:20,872 [Listener at 127.0.0.1/13164] INFO  server.RaftServerConfigKeys (ConfUtils.java:logGet(44)) - raft.server.log.appender.buffer.byte-limit = 33554432 (custom)
2021-10-16 02:30:20,872 [Listener at 127.0.0.1/13164] INFO  server.GrpcService (ConfUtils.java:logGet(44)) - raft.grpc.flow.control.window = 5MB (=5242880) (custom)
2021-10-16 02:30:20,872 [Listener at 127.0.0.1/13164] INFO  server.RaftServerConfigKeys (ConfUtils.java:logGet(44)) - raft.server.rpc.request.timeout = 60s (custom)
2021-10-16 02:30:20,878 [Listener at 127.0.0.1/13164] INFO  impl.DataStreamServerImpl (ConfUtils.java:logGet(44)) - raft.datastream.type = DISABLED (default)
2021-10-16 02:30:20,885 [Listener at 127.0.0.1/13164] INFO  server.RaftServerConfigKeys (ConfUtils.java:logGet(44)) - raft.server.rpc.slowness.timeout = 300s (custom)
2021-10-16 02:30:20,886 [Listener at 127.0.0.1/13164] INFO  server.RaftServerConfigKeys (ConfUtils.java:logGet(44)) - raft.server.leaderelection.leader.step-down.wait-time = 10s (default)
2021-10-16 02:30:20,886 [Listener at 127.0.0.1/13164] INFO  server.RaftServerConfigKeys (ConfUtils.java:logGet(44)) - raft.server.storage.dir = [/home/runner/work/ozone/ozone/hadoop-ozone/integration-test/target/test-dir/MiniOzoneClusterImpl-4eb377f1-b672-4075-9178-fccd761457f8/datanode-2/data/ratis] (custom)
2021-10-16 02:30:20,891 [Listener at 127.0.0.1/13164] INFO  http.BaseHttpServer (BaseHttpServer.java:newHttpServer2BuilderForOzone(209)) - Starting Web-server for hddsDatanode at: http://0.0.0.0:0
2021-10-16 02:30:20,891 [Listener at 127.0.0.1/13164] INFO  http.BaseHttpServer (BaseHttpServer.java:<init>(107)) - Hadoop Security Enabled: false Ozone Security Enabled: false Ozone HTTP Security Enabled: false 
2021-10-16 02:30:20,892 [Listener at 127.0.0.1/13164] INFO  server.AuthenticationFilter (AuthenticationFilter.java:constructSecretProvider(240)) - Unable to initialize FileSignerSecretProvider, falling back to use random secrets.
2021-10-16 02:30:20,894 [Listener at 127.0.0.1/13164] WARN  http.HttpRequestLog (HttpRequestLog.java:getRequestLog(103)) - Jetty request log can only be enabled using Log4j
2021-10-16 02:30:20,896 [Listener at 127.0.0.1/13164] INFO  http.HttpServer2 (HttpServer2.java:addGlobalFilter(1030)) - Added global filter 'safety' (class=org.apache.hadoop.hdds.server.http.HttpServer2$QuotingInputFilter)
2021-10-16 02:30:20,896 [Listener at 127.0.0.1/13164] INFO  http.HttpServer2 (HttpServer2.java:addFilter(1006)) - Added filter static_user_filter (class=org.apache.hadoop.http.lib.StaticUserWebFilter$StaticUserFilter) to context hddsDatanode
2021-10-16 02:30:20,896 [Listener at 127.0.0.1/13164] INFO  http.HttpServer2 (HttpServer2.java:addFilter(1014)) - Added filter static_user_filter (class=org.apache.hadoop.http.lib.StaticUserWebFilter$StaticUserFilter) to context static
2021-10-16 02:30:20,897 [Listener at 127.0.0.1/13164] INFO  http.HttpServer2 (HttpServer2.java:addFilter(1014)) - Added filter static_user_filter (class=org.apache.hadoop.http.lib.StaticUserWebFilter$StaticUserFilter) to context logs
2021-10-16 02:30:20,897 [Listener at 127.0.0.1/13164] INFO  http.HttpServer2 (HttpServer2.java:bindListener(1249)) - Jetty bound to port 45241
2021-10-16 02:30:20,897 [Listener at 127.0.0.1/13164] INFO  server.Server (Server.java:doStart(375)) - jetty-9.4.43.v20210629; built: 2021-06-30T11:07:22.254Z; git: 526006ecfa3af7f1a27ef3a288e2bef7ea9dd7e8; jvm 1.8.0_292-b10
2021-10-16 02:30:20,902 [Listener at 127.0.0.1/13164] INFO  server.session (DefaultSessionIdManager.java:doStart(334)) - DefaultSessionIdManager workerName=node0
2021-10-16 02:30:20,902 [Listener at 127.0.0.1/13164] INFO  server.session (DefaultSessionIdManager.java:doStart(339)) - No SessionScavenger set, using defaults
2021-10-16 02:30:20,902 [Listener at 127.0.0.1/13164] INFO  server.session (HouseKeeper.java:startScavenging(132)) - node0 Scavenging every 660000ms
2021-10-16 02:30:20,903 [Listener at 127.0.0.1/13164] INFO  handler.ContextHandler (ContextHandler.java:doStart(915)) - Started o.e.j.s.ServletContextHandler@92bdd87{logs,/logs,file:///home/runner/work/ozone/ozone/hadoop-ozone/integration-test/target/log,AVAILABLE}
2021-10-16 02:30:20,904 [Listener at 127.0.0.1/13164] INFO  handler.ContextHandler (ContextHandler.java:doStart(915)) - Started o.e.j.s.ServletContextHandler@27f0979{static,/static,jar:file:/home/runner/.m2/repository/org/apache/ozone/hdds-container-service/1.2.0-SNAPSHOT/hdds-container-service-1.2.0-SNAPSHOT.jar!/webapps/static,AVAILABLE}
2021-10-16 02:30:20,980 [Listener at 127.0.0.1/13164] INFO  handler.ContextHandler (ContextHandler.java:doStart(915)) - Started o.e.j.w.WebAppContext@74fd6fed{hddsDatanode,/,file:///tmp/jetty-0_0_0_0-45241-hdds-container-service-1_2_0-SNAPSHOT_jar-_-any-4476681132339167596/webapp/,AVAILABLE}{jar:file:/home/runner/.m2/repository/org/apache/ozone/hdds-container-service/1.2.0-SNAPSHOT/hdds-container-service-1.2.0-SNAPSHOT.jar!/webapps/hddsDatanode}
2021-10-16 02:30:20,986 [Listener at 127.0.0.1/13164] INFO  server.AbstractConnector (AbstractConnector.java:doStart(331)) - Started ServerConnector@12e2aec8{HTTP/1.1, (http/1.1)}{0.0.0.0:45241}
2021-10-16 02:30:20,986 [Listener at 127.0.0.1/13164] INFO  server.Server (Server.java:doStart(415)) - Started @86580ms
2021-10-16 02:30:20,986 [Listener at 127.0.0.1/13164] WARN  impl.MetricsSystemImpl (MetricsSystemImpl.java:register(279)) - Sink prometheus already exists!
2021-10-16 02:30:20,987 [Listener at 127.0.0.1/13164] INFO  http.BaseHttpServer (BaseHttpServer.java:updateConnectorAddress(329)) - HTTP server of hddsDatanode listening at http://0.0.0.0:45241
2021-10-16 02:30:20,988 [Listener at 127.0.0.1/13164] INFO  ozone.MiniOzoneClusterImpl (MiniOzoneClusterImpl.java:lambda$waitForClusterToBeReady$0(235)) - Waiting for nodes to be ready. Got 0 of 3 DN Heartbeats.
2021-10-16 02:30:20,988 [Listener at 127.0.0.1/13164] INFO  ozone.MiniOzoneClusterImpl (MiniOzoneClusterImpl.java:lambda$waitForClusterToBeReady$0(238)) - Waiting for cluster to exit safe mode
2021-10-16 02:30:20,988 [Listener at 127.0.0.1/13164] INFO  ozone.MiniOzoneClusterImpl (MiniOzoneClusterImpl.java:lambda$waitForClusterToBeReady$0(240)) - SCM became leader
2021-10-16 02:30:20,989 [Datanode State Machine Thread - 0] INFO  statemachine.DatanodeStateMachine (DatanodeStateMachine.java:lambda$startDaemon$0(463)) - Ozone container server started.
2021-10-16 02:30:21,009 [org.apache.hadoop.util.JvmPauseMonitor$Monitor@55e7f59c] INFO  util.JvmPauseMonitor (JvmPauseMonitor.java:run(188)) - Starting JVM pause monitor
2021-10-16 02:30:21,015 [Datanode State Machine Task Thread - 0] INFO  ha.SCMNodeInfo (SCMNodeInfo.java:getPort(197)) - ConfigKey ozone.scm.client.address is deprecated, For configuring different ports for each SCM use PortConfigKey ozone.scm.client.port appended with serviceId and nodeId
2021-10-16 02:30:21,015 [Datanode State Machine Task Thread - 0] INFO  ha.SCMNodeInfo (SCMNodeInfo.java:getPort(197)) - ConfigKey ozone.scm.block.client.address is deprecated, For configuring different ports for each SCM use PortConfigKey ozone.scm.block.client.port appended with serviceId and nodeId
2021-10-16 02:30:21,015 [Datanode State Machine Task Thread - 0] INFO  ha.SCMNodeInfo (SCMNodeInfo.java:getPort(197)) - ConfigKey ozone.scm.datanode.address is deprecated, For configuring different ports for each SCM use PortConfigKey ozone.scm.datanode.port appended with serviceId and nodeId
2021-10-16 02:30:21,015 [Datanode State Machine Task Thread - 0] INFO  ha.SCMNodeInfo (SCMNodeInfo.java:getPort(197)) - ConfigKey ozone.scm.client.address is deprecated, For configuring different ports for each SCM use PortConfigKey ozone.scm.client.port appended with serviceId and nodeId
2021-10-16 02:30:21,015 [Datanode State Machine Task Thread - 0] INFO  ha.SCMNodeInfo (SCMNodeInfo.java:getPort(197)) - ConfigKey ozone.scm.block.client.address is deprecated, For configuring different ports for each SCM use PortConfigKey ozone.scm.block.client.port appended with serviceId and nodeId
2021-10-16 02:30:21,015 [Datanode State Machine Task Thread - 0] INFO  ha.SCMNodeInfo (SCMNodeInfo.java:getPort(197)) - ConfigKey ozone.scm.datanode.address is deprecated, For configuring different ports for each SCM use PortConfigKey ozone.scm.datanode.port appended with serviceId and nodeId
2021-10-16 02:30:21,015 [Datanode State Machine Task Thread - 0] INFO  ha.SCMNodeInfo (SCMNodeInfo.java:getPort(197)) - ConfigKey ozone.scm.client.address is deprecated, For configuring different ports for each SCM use PortConfigKey ozone.scm.client.port appended with serviceId and nodeId
2021-10-16 02:30:21,015 [Datanode State Machine Task Thread - 0] INFO  ha.SCMNodeInfo (SCMNodeInfo.java:getPort(197)) - ConfigKey ozone.scm.block.client.address is deprecated, For configuring different ports for each SCM use PortConfigKey ozone.scm.block.client.port appended with serviceId and nodeId
2021-10-16 02:30:21,016 [Datanode State Machine Task Thread - 0] INFO  ha.SCMNodeInfo (SCMNodeInfo.java:getPort(197)) - ConfigKey ozone.scm.datanode.address is deprecated, For configuring different ports for each SCM use PortConfigKey ozone.scm.datanode.port appended with serviceId and nodeId
2021-10-16 02:30:21,030 [Datanode State Machine Task Thread - 0] INFO  datanode.InitDatanodeState (InitDatanodeState.java:persistContainerDatanodeDetails(145)) - DatanodeDetails is persisted to /home/runner/work/ozone/ozone/hadoop-ozone/integration-test/target/test-dir/MiniOzoneClusterImpl-4eb377f1-b672-4075-9178-fccd761457f8/datanode-2/meta/datanode.id
2021-10-16 02:30:21,602 [EndpointStateMachine task thread for /127.0.0.1:12777 - 0 ] INFO  ipc.Client (Client.java:handleConnectionFailure(977)) - Retrying connect to server: localhost/127.0.0.1:12777. Already tried 4 time(s); retry policy is RetryUpToMaximumCountWithFixedSleep(maxRetries=15, sleepTime=1000 MILLISECONDS)
2021-10-16 02:30:21,603 [EndpointStateMachine task thread for /127.0.0.1:12757 - 0 ] INFO  ipc.Client (Client.java:handleConnectionFailure(977)) - Retrying connect to server: localhost/127.0.0.1:12757. Already tried 4 time(s); retry policy is RetryUpToMaximumCountWithFixedSleep(maxRetries=15, sleepTime=1000 MILLISECONDS)
2021-10-16 02:30:21,647 [EndpointStateMachine task thread for /127.0.0.1:12767 - 0 ] INFO  ipc.Client (Client.java:handleConnectionFailure(977)) - Retrying connect to server: localhost/127.0.0.1:12767. Already tried 4 time(s); retry policy is RetryUpToMaximumCountWithFixedSleep(maxRetries=15, sleepTime=1000 MILLISECONDS)
2021-10-16 02:30:21,814 [EndpointStateMachine task thread for /127.0.0.1:13945 - 0 ] INFO  ozoneimpl.OzoneContainer (OzoneContainer.java:start(304)) - Attempting to start container services.
2021-10-16 02:30:21,814 [EndpointStateMachine task thread for /127.0.0.1:13945 - 0 ] INFO  ozoneimpl.OzoneContainer (OzoneContainer.java:startContainerScrub(249)) - Background container scanner has been disabled.
2021-10-16 02:30:21,814 [EndpointStateMachine task thread for /127.0.0.1:13945 - 0 ] INFO  replication.ReplicationServer (ReplicationServer.java:start(107)) - ReplicationServer is started using port 43353
2021-10-16 02:30:21,820 [EndpointStateMachine task thread for /127.0.0.1:13945 - 0 ] INFO  ratis.XceiverServerRatis (XceiverServerRatis.java:start(484)) - Starting XceiverServerRatis 772a6939-f9dd-42bd-8136-52263074270c
2021-10-16 02:30:21,825 [EndpointStateMachine task thread for /127.0.0.1:13945 - 0 ] INFO  server.RaftServer (RaftServerProxy.java:lambda$start$5(374)) - 772a6939-f9dd-42bd-8136-52263074270c: start RPC server
2021-10-16 02:30:21,869 [EndpointStateMachine task thread for /127.0.0.1:13945 - 0 ] INFO  server.GrpcService (GrpcService.java:startImpl(253)) - 772a6939-f9dd-42bd-8136-52263074270c: GrpcService started, listening on 44475
2021-10-16 02:30:21,872 [EndpointStateMachine task thread for /127.0.0.1:13945 - 0 ] INFO  ratis.XceiverServerRatis (XceiverServerRatis.java:getRealPort(505)) - XceiverServerRatis 772a6939-f9dd-42bd-8136-52263074270c is started using port 44475 for RATIS
2021-10-16 02:30:21,873 [EndpointStateMachine task thread for /127.0.0.1:13945 - 0 ] INFO  ratis.XceiverServerRatis (XceiverServerRatis.java:getRealPort(505)) - XceiverServerRatis 772a6939-f9dd-42bd-8136-52263074270c is started using port 44475 for RATIS_ADMIN
2021-10-16 02:30:21,873 [EndpointStateMachine task thread for /127.0.0.1:13945 - 0 ] INFO  ratis.XceiverServerRatis (XceiverServerRatis.java:getRealPort(505)) - XceiverServerRatis 772a6939-f9dd-42bd-8136-52263074270c is started using port 44475 for RATIS_SERVER
2021-10-16 02:30:21,881 [EndpointStateMachine task thread for /127.0.0.1:13945 - 0 ] INFO  server.XceiverServerGrpc (XceiverServerGrpc.java:start(135)) - XceiverServerGrpc 772a6939-f9dd-42bd-8136-52263074270c is started using port 40279
2021-10-16 02:30:21,883 [org.apache.ratis.util.JvmPauseMonitor$$Lambda$499/17331878@66f40694] INFO  util.JvmPauseMonitor (JvmPauseMonitor.java:run(103)) - JvmPauseMonitor-772a6939-f9dd-42bd-8136-52263074270c: Started
2021-10-16 02:30:21,885 [EndpointStateMachine task thread for /127.0.0.1:13955 - 0 ] INFO  ozoneimpl.OzoneContainer (OzoneContainer.java:start(300)) - Ignore. OzoneContainer already started.
2021-10-16 02:30:21,989 [Listener at 127.0.0.1/13164] INFO  ozone.MiniOzoneClusterImpl (MiniOzoneClusterImpl.java:lambda$waitForClusterToBeReady$0(235)) - Waiting for nodes to be ready. Got 0 of 3 DN Heartbeats.
2021-10-16 02:30:21,989 [Listener at 127.0.0.1/13164] INFO  ozone.MiniOzoneClusterImpl (MiniOzoneClusterImpl.java:lambda$waitForClusterToBeReady$0(238)) - Waiting for cluster to exit safe mode
2021-10-16 02:30:21,989 [Listener at 127.0.0.1/13164] INFO  ozone.MiniOzoneClusterImpl (MiniOzoneClusterImpl.java:lambda$waitForClusterToBeReady$0(240)) - SCM became leader
2021-10-16 02:30:22,401 [EndpointStateMachine task thread for /127.0.0.1:13945 - 0 ] INFO  ozoneimpl.OzoneContainer (OzoneContainer.java:start(304)) - Attempting to start container services.
2021-10-16 02:30:22,401 [EndpointStateMachine task thread for /127.0.0.1:13945 - 0 ] INFO  ozoneimpl.OzoneContainer (OzoneContainer.java:startContainerScrub(249)) - Background container scanner has been disabled.
2021-10-16 02:30:22,402 [EndpointStateMachine task thread for /127.0.0.1:13945 - 0 ] INFO  replication.ReplicationServer (ReplicationServer.java:start(107)) - ReplicationServer is started using port 45843
2021-10-16 02:30:22,406 [EndpointStateMachine task thread for /127.0.0.1:13945 - 0 ] INFO  ratis.XceiverServerRatis (XceiverServerRatis.java:start(484)) - Starting XceiverServerRatis 1d141dcf-9f09-421f-a135-50b245bde98a
2021-10-16 02:30:22,416 [EndpointStateMachine task thread for /127.0.0.1:13945 - 0 ] INFO  server.RaftServer (RaftServerProxy.java:lambda$start$5(374)) - 1d141dcf-9f09-421f-a135-50b245bde98a: start RPC server
2021-10-16 02:30:22,417 [EndpointStateMachine task thread for /127.0.0.1:13945 - 0 ] INFO  server.GrpcService (GrpcService.java:startImpl(253)) - 1d141dcf-9f09-421f-a135-50b245bde98a: GrpcService started, listening on 40089
2021-10-16 02:30:22,422 [EndpointStateMachine task thread for /127.0.0.1:13945 - 0 ] INFO  ratis.XceiverServerRatis (XceiverServerRatis.java:getRealPort(505)) - XceiverServerRatis 1d141dcf-9f09-421f-a135-50b245bde98a is started using port 40089 for RATIS
2021-10-16 02:30:22,422 [EndpointStateMachine task thread for /127.0.0.1:13945 - 0 ] INFO  ratis.XceiverServerRatis (XceiverServerRatis.java:getRealPort(505)) - XceiverServerRatis 1d141dcf-9f09-421f-a135-50b245bde98a is started using port 40089 for RATIS_ADMIN
2021-10-16 02:30:22,422 [EndpointStateMachine task thread for /127.0.0.1:13945 - 0 ] INFO  ratis.XceiverServerRatis (XceiverServerRatis.java:getRealPort(505)) - XceiverServerRatis 1d141dcf-9f09-421f-a135-50b245bde98a is started using port 40089 for RATIS_SERVER
2021-10-16 02:30:22,424 [EndpointStateMachine task thread for /127.0.0.1:13945 - 0 ] INFO  server.XceiverServerGrpc (XceiverServerGrpc.java:start(135)) - XceiverServerGrpc 1d141dcf-9f09-421f-a135-50b245bde98a is started using port 40055
2021-10-16 02:30:22,425 [org.apache.ratis.util.JvmPauseMonitor$$Lambda$499/17331878@2f122466] INFO  util.JvmPauseMonitor (JvmPauseMonitor.java:run(103)) - JvmPauseMonitor-1d141dcf-9f09-421f-a135-50b245bde98a: Started
2021-10-16 02:30:22,428 [EndpointStateMachine task thread for /127.0.0.1:13955 - 0 ] INFO  ozoneimpl.OzoneContainer (OzoneContainer.java:start(300)) - Ignore. OzoneContainer already started.
2021-10-16 02:30:22,603 [EndpointStateMachine task thread for /127.0.0.1:12777 - 0 ] INFO  ipc.Client (Client.java:handleConnectionFailure(977)) - Retrying connect to server: localhost/127.0.0.1:12777. Already tried 5 time(s); retry policy is RetryUpToMaximumCountWithFixedSleep(maxRetries=15, sleepTime=1000 MILLISECONDS)
2021-10-16 02:30:22,603 [EndpointStateMachine task thread for /127.0.0.1:12757 - 0 ] INFO  ipc.Client (Client.java:handleConnectionFailure(977)) - Retrying connect to server: localhost/127.0.0.1:12757. Already tried 5 time(s); retry policy is RetryUpToMaximumCountWithFixedSleep(maxRetries=15, sleepTime=1000 MILLISECONDS)
2021-10-16 02:30:22,648 [EndpointStateMachine task thread for /127.0.0.1:12767 - 0 ] INFO  ipc.Client (Client.java:handleConnectionFailure(977)) - Retrying connect to server: localhost/127.0.0.1:12767. Already tried 5 time(s); retry policy is RetryUpToMaximumCountWithFixedSleep(maxRetries=15, sleepTime=1000 MILLISECONDS)
2021-10-16 02:30:22,989 [Listener at 127.0.0.1/13164] INFO  ozone.MiniOzoneClusterImpl (MiniOzoneClusterImpl.java:lambda$waitForClusterToBeReady$0(235)) - Waiting for nodes to be ready. Got 0 of 3 DN Heartbeats.
2021-10-16 02:30:22,990 [Listener at 127.0.0.1/13164] INFO  ozone.MiniOzoneClusterImpl (MiniOzoneClusterImpl.java:lambda$waitForClusterToBeReady$0(238)) - Waiting for cluster to exit safe mode
2021-10-16 02:30:22,990 [Listener at 127.0.0.1/13164] INFO  ozone.MiniOzoneClusterImpl (MiniOzoneClusterImpl.java:lambda$waitForClusterToBeReady$0(240)) - SCM became leader
2021-10-16 02:30:23,031 [EndpointStateMachine task thread for /127.0.0.1:13955 - 0 ] INFO  ozoneimpl.OzoneContainer (OzoneContainer.java:start(304)) - Attempting to start container services.
2021-10-16 02:30:23,036 [EndpointStateMachine task thread for /127.0.0.1:13955 - 0 ] INFO  ozoneimpl.OzoneContainer (OzoneContainer.java:startContainerScrub(249)) - Background container scanner has been disabled.
2021-10-16 02:30:23,038 [EndpointStateMachine task thread for /127.0.0.1:13955 - 0 ] INFO  replication.ReplicationServer (ReplicationServer.java:start(107)) - ReplicationServer is started using port 34203
2021-10-16 02:30:23,041 [EndpointStateMachine task thread for /127.0.0.1:13955 - 0 ] INFO  ratis.XceiverServerRatis (XceiverServerRatis.java:start(484)) - Starting XceiverServerRatis edc74d86-77ab-4f9b-98f8-a274c803e3f6
2021-10-16 02:30:23,042 [EndpointStateMachine task thread for /127.0.0.1:13955 - 0 ] INFO  server.RaftServer (RaftServerProxy.java:lambda$start$5(374)) - edc74d86-77ab-4f9b-98f8-a274c803e3f6: start RPC server
2021-10-16 02:30:23,043 [EndpointStateMachine task thread for /127.0.0.1:13955 - 0 ] INFO  server.GrpcService (GrpcService.java:startImpl(253)) - edc74d86-77ab-4f9b-98f8-a274c803e3f6: GrpcService started, listening on 40253
2021-10-16 02:30:23,047 [EndpointStateMachine task thread for /127.0.0.1:13955 - 0 ] INFO  ratis.XceiverServerRatis (XceiverServerRatis.java:getRealPort(505)) - XceiverServerRatis edc74d86-77ab-4f9b-98f8-a274c803e3f6 is started using port 40253 for RATIS
2021-10-16 02:30:23,047 [EndpointStateMachine task thread for /127.0.0.1:13955 - 0 ] INFO  ratis.XceiverServerRatis (XceiverServerRatis.java:getRealPort(505)) - XceiverServerRatis edc74d86-77ab-4f9b-98f8-a274c803e3f6 is started using port 40253 for RATIS_ADMIN
2021-10-16 02:30:23,047 [EndpointStateMachine task thread for /127.0.0.1:13955 - 0 ] INFO  ratis.XceiverServerRatis (XceiverServerRatis.java:getRealPort(505)) - XceiverServerRatis edc74d86-77ab-4f9b-98f8-a274c803e3f6 is started using port 40253 for RATIS_SERVER
2021-10-16 02:30:23,048 [EndpointStateMachine task thread for /127.0.0.1:13955 - 0 ] INFO  server.XceiverServerGrpc (XceiverServerGrpc.java:start(135)) - XceiverServerGrpc edc74d86-77ab-4f9b-98f8-a274c803e3f6 is started using port 46341
2021-10-16 02:30:23,049 [org.apache.ratis.util.JvmPauseMonitor$$Lambda$499/17331878@4630c8a6] INFO  util.JvmPauseMonitor (JvmPauseMonitor.java:run(103)) - JvmPauseMonitor-edc74d86-77ab-4f9b-98f8-a274c803e3f6: Started
2021-10-16 02:30:23,052 [EndpointStateMachine task thread for /127.0.0.1:13945 - 0 ] INFO  ozoneimpl.OzoneContainer (OzoneContainer.java:start(300)) - Ignore. OzoneContainer already started.
2021-10-16 02:30:23,604 [EndpointStateMachine task thread for /127.0.0.1:12777 - 0 ] INFO  ipc.Client (Client.java:handleConnectionFailure(977)) - Retrying connect to server: localhost/127.0.0.1:12777. Already tried 6 time(s); retry policy is RetryUpToMaximumCountWithFixedSleep(maxRetries=15, sleepTime=1000 MILLISECONDS)
2021-10-16 02:30:23,604 [EndpointStateMachine task thread for /127.0.0.1:12757 - 0 ] INFO  ipc.Client (Client.java:handleConnectionFailure(977)) - Retrying connect to server: localhost/127.0.0.1:12757. Already tried 6 time(s); retry policy is RetryUpToMaximumCountWithFixedSleep(maxRetries=15, sleepTime=1000 MILLISECONDS)
2021-10-16 02:30:23,648 [EndpointStateMachine task thread for /127.0.0.1:12767 - 0 ] INFO  ipc.Client (Client.java:handleConnectionFailure(977)) - Retrying connect to server: localhost/127.0.0.1:12767. Already tried 6 time(s); retry policy is RetryUpToMaximumCountWithFixedSleep(maxRetries=15, sleepTime=1000 MILLISECONDS)
2021-10-16 02:30:23,778 [IPC Server handler 1 on default port 13955] INFO  net.NetworkTopologyImpl (NetworkTopologyImpl.java:add(112)) - Added a new node: /default-rack/772a6939-f9dd-42bd-8136-52263074270c
2021-10-16 02:30:23,778 [IPC Server handler 1 on default port 13955] INFO  node.SCMNodeManager (SCMNodeManager.java:register(389)) - Registered Data node : 772a6939-f9dd-42bd-8136-52263074270c{ip: 127.0.0.1, host: localhost, ports: [REPLICATION=43353, RATIS=44475, RATIS_ADMIN=44475, RATIS_SERVER=44475, STANDALONE=40279], networkLocation: /default-rack, certSerialId: null, persistedOpState: null, persistedOpStateExpiryEpochSec: 0}
2021-10-16 02:30:23,780 [EventQueue-NodeRegistrationContainerReportForDataNodeSafeModeRule] INFO  safemode.SCMSafeModeManager (DataNodeSafeModeRule.java:process(71)) - SCM in safe mode. 1 DataNodes registered, 3 required.
2021-10-16 02:30:23,783 [EventQueue-NewNodeForNewNodeHandler] INFO  pipeline.BackgroundPipelineCreator (BackgroundPipelineCreator.java:notifyEventTriggered(279)) - ignore, not leader SCM.
2021-10-16 02:30:23,784 [EventQueue-NodeRegistrationContainerReportForContainerSafeModeRule] INFO  safemode.SCMSafeModeManager (SCMSafeModeManager.java:validateSafeModeExitRules(204)) - ContainerSafeModeRule rule is successfully validated
2021-10-16 02:30:23,785 [IPC Server handler 74 on default port 13945] INFO  net.NetworkTopologyImpl (NetworkTopologyImpl.java:add(112)) - Added a new node: /default-rack/772a6939-f9dd-42bd-8136-52263074270c
2021-10-16 02:30:23,785 [IPC Server handler 74 on default port 13945] INFO  node.SCMNodeManager (SCMNodeManager.java:register(389)) - Registered Data node : 772a6939-f9dd-42bd-8136-52263074270c{ip: 127.0.0.1, host: localhost, ports: [REPLICATION=43353, RATIS=44475, RATIS_ADMIN=44475, RATIS_SERVER=44475, STANDALONE=40279], networkLocation: /default-rack, certSerialId: null, persistedOpState: null, persistedOpStateExpiryEpochSec: 0}
2021-10-16 02:30:23,787 [EventQueue-NewNodeForNewNodeHandler] INFO  pipeline.BackgroundPipelineCreator (BackgroundPipelineCreator.java:notifyEventTriggered(285)) - trigger a one-shot run on RatisPipelineUtilsThread.
2021-10-16 02:30:23,788 [EventQueue-NodeRegistrationContainerReportForDataNodeSafeModeRule] INFO  safemode.SCMSafeModeManager (DataNodeSafeModeRule.java:process(71)) - SCM in safe mode. 1 DataNodes registered, 3 required.
2021-10-16 02:30:23,787 [RatisPipelineUtilsThread - 0] INFO  pipeline.RatisPipelineProvider (RatisPipelineProvider.java:lambda$create$0(183)) - Sending CreatePipelineCommand for pipeline:PipelineID=f0c55b03-129a-464c-9ba4-04136c3c34c0 to datanode:772a6939-f9dd-42bd-8136-52263074270c
2021-10-16 02:30:23,794 [EventQueue-NodeRegistrationContainerReportForContainerSafeModeRule] INFO  safemode.SCMSafeModeManager (SCMSafeModeManager.java:validateSafeModeExitRules(204)) - ContainerSafeModeRule rule is successfully validated
2021-10-16 02:30:23,805 [EventQueue-PipelineReportForOneReplicaPipelineSafeModeRule] INFO  safemode.SCMSafeModeManager (SCMSafeModeManager.java:validateSafeModeExitRules(204)) - AtleastOneDatanodeReportedRule rule is successfully validated
2021-10-16 02:30:23,805 [EventQueue-PipelineReportForOneReplicaPipelineSafeModeRule] INFO  safemode.SCMSafeModeManager (SCMSafeModeManager.java:validateSafeModeExitRules(204)) - AtleastOneDatanodeReportedRule rule is successfully validated
2021-10-16 02:30:23,845 [3deaabcd-f5f1-47ac-8cd4-644b2fe93232@group-FCCD761457F8-StateMachineUpdater] INFO  pipeline.PipelineStateManagerImpl (PipelineStateManagerImpl.java:addPipeline(101)) - Created pipeline Pipeline[ Id: f0c55b03-129a-464c-9ba4-04136c3c34c0, Nodes: 772a6939-f9dd-42bd-8136-52263074270c{ip: 127.0.0.1, host: localhost, ports: [REPLICATION=43353, RATIS=44475, RATIS_ADMIN=44475, RATIS_SERVER=44475, STANDALONE=40279], networkLocation: /default-rack, certSerialId: null, persistedOpState: IN_SERVICE, persistedOpStateExpiryEpochSec: 0}, ReplicationConfig: RATIS/ONE, State:ALLOCATED, leaderId:, CreationTimestamp2021-10-16T02:30:23.787Z[Etc/UTC]].
2021-10-16 02:30:23,845 [3deaabcd-f5f1-47ac-8cd4-644b2fe93232@group-FCCD761457F8-StateMachineUpdater] INFO  safemode.HealthyPipelineSafeModeRule (HealthyPipelineSafeModeRule.java:initializeRule(152)) - Refreshed total pipeline count is 0, healthy pipeline threshold count is 1
2021-10-16 02:30:23,846 [RatisPipelineUtilsThread - 0] INFO  ha.SCMHAInvocationHandler (SCMHAInvocationHandler.java:invokeRatis(113)) - Invoking method public abstract void org.apache.hadoop.hdds.scm.pipeline.PipelineStateManager.addPipeline(org.apache.hadoop.hdds.protocol.proto.HddsProtos$Pipeline) throws java.io.IOException on target org.apache.hadoop.hdds.scm.ha.SCMRatisServerImpl@24987048, cost 49605.933us
2021-10-16 02:30:23,849 [8377993e-4b96-4dd4-a005-414dac6239f0@group-FCCD761457F8-StateMachineUpdater] INFO  pipeline.PipelineStateManagerImpl (PipelineStateManagerImpl.java:addPipeline(101)) - Created pipeline Pipeline[ Id: f0c55b03-129a-464c-9ba4-04136c3c34c0, Nodes: 772a6939-f9dd-42bd-8136-52263074270c{ip: 127.0.0.1, host: localhost, ports: [REPLICATION=43353, RATIS=44475, RATIS_ADMIN=44475, RATIS_SERVER=44475, STANDALONE=40279], networkLocation: /default-rack, certSerialId: null, persistedOpState: IN_SERVICE, persistedOpStateExpiryEpochSec: 0}, ReplicationConfig: RATIS/ONE, State:ALLOCATED, leaderId:, CreationTimestamp2021-10-16T02:30:23.787Z[Etc/UTC]].
2021-10-16 02:30:23,849 [8377993e-4b96-4dd4-a005-414dac6239f0@group-FCCD761457F8-StateMachineUpdater] INFO  safemode.HealthyPipelineSafeModeRule (HealthyPipelineSafeModeRule.java:initializeRule(152)) - Refreshed total pipeline count is 0, healthy pipeline threshold count is 1
2021-10-16 02:30:23,990 [Listener at 127.0.0.1/13164] INFO  ozone.MiniOzoneClusterImpl (MiniOzoneClusterImpl.java:lambda$waitForClusterToBeReady$0(235)) - Waiting for nodes to be ready. Got 1 of 3 DN Heartbeats.
2021-10-16 02:30:23,991 [Listener at 127.0.0.1/13164] INFO  ozone.MiniOzoneClusterImpl (MiniOzoneClusterImpl.java:lambda$waitForClusterToBeReady$0(238)) - Waiting for cluster to exit safe mode
2021-10-16 02:30:23,991 [Listener at 127.0.0.1/13164] INFO  ozone.MiniOzoneClusterImpl (MiniOzoneClusterImpl.java:lambda$waitForClusterToBeReady$0(240)) - SCM became leader
2021-10-16 02:30:24,382 [IPC Server handler 2 on default port 13955] INFO  net.NetworkTopologyImpl (NetworkTopologyImpl.java:add(112)) - Added a new node: /default-rack/1d141dcf-9f09-421f-a135-50b245bde98a
2021-10-16 02:30:24,382 [IPC Server handler 2 on default port 13955] INFO  node.SCMNodeManager (SCMNodeManager.java:register(389)) - Registered Data node : 1d141dcf-9f09-421f-a135-50b245bde98a{ip: 127.0.0.1, host: localhost, ports: [REPLICATION=45843, RATIS=40089, RATIS_ADMIN=40089, RATIS_SERVER=40089, STANDALONE=40055], networkLocation: /default-rack, certSerialId: null, persistedOpState: null, persistedOpStateExpiryEpochSec: 0}
2021-10-16 02:30:24,383 [IPC Server handler 69 on default port 13945] INFO  net.NetworkTopologyImpl (NetworkTopologyImpl.java:add(112)) - Added a new node: /default-rack/1d141dcf-9f09-421f-a135-50b245bde98a
2021-10-16 02:30:24,383 [IPC Server handler 69 on default port 13945] INFO  node.SCMNodeManager (SCMNodeManager.java:register(389)) - Registered Data node : 1d141dcf-9f09-421f-a135-50b245bde98a{ip: 127.0.0.1, host: localhost, ports: [REPLICATION=45843, RATIS=40089, RATIS_ADMIN=40089, RATIS_SERVER=40089, STANDALONE=40055], networkLocation: /default-rack, certSerialId: null, persistedOpState: null, persistedOpStateExpiryEpochSec: 0}
2021-10-16 02:30:24,383 [EventQueue-NewNodeForNewNodeHandler] INFO  pipeline.BackgroundPipelineCreator (BackgroundPipelineCreator.java:notifyEventTriggered(279)) - ignore, not leader SCM.
2021-10-16 02:30:24,384 [EventQueue-NodeRegistrationContainerReportForDataNodeSafeModeRule] INFO  safemode.SCMSafeModeManager (DataNodeSafeModeRule.java:process(71)) - SCM in safe mode. 2 DataNodes registered, 3 required.
2021-10-16 02:30:24,388 [EventQueue-NewNodeForNewNodeHandler] INFO  pipeline.BackgroundPipelineCreator (BackgroundPipelineCreator.java:notifyEventTriggered(285)) - trigger a one-shot run on RatisPipelineUtilsThread.
2021-10-16 02:30:24,393 [EventQueue-NodeRegistrationContainerReportForDataNodeSafeModeRule] INFO  safemode.SCMSafeModeManager (DataNodeSafeModeRule.java:process(71)) - SCM in safe mode. 2 DataNodes registered, 3 required.
2021-10-16 02:30:24,394 [RatisPipelineUtilsThread - 0] INFO  pipeline.RatisPipelineProvider (RatisPipelineProvider.java:lambda$create$0(183)) - Sending CreatePipelineCommand for pipeline:PipelineID=7436d653-5c2f-4281-a172-fde02c46647b to datanode:1d141dcf-9f09-421f-a135-50b245bde98a
2021-10-16 02:30:24,411 [3deaabcd-f5f1-47ac-8cd4-644b2fe93232@group-FCCD761457F8-StateMachineUpdater] INFO  pipeline.PipelineStateManagerImpl (PipelineStateManagerImpl.java:addPipeline(101)) - Created pipeline Pipeline[ Id: 7436d653-5c2f-4281-a172-fde02c46647b, Nodes: 1d141dcf-9f09-421f-a135-50b245bde98a{ip: 127.0.0.1, host: localhost, ports: [REPLICATION=45843, RATIS=40089, RATIS_ADMIN=40089, RATIS_SERVER=40089, STANDALONE=40055], networkLocation: /default-rack, certSerialId: null, persistedOpState: IN_SERVICE, persistedOpStateExpiryEpochSec: 0}, ReplicationConfig: RATIS/ONE, State:ALLOCATED, leaderId:, CreationTimestamp2021-10-16T02:30:24.394Z[Etc/UTC]].
2021-10-16 02:30:24,411 [3deaabcd-f5f1-47ac-8cd4-644b2fe93232@group-FCCD761457F8-StateMachineUpdater] INFO  safemode.HealthyPipelineSafeModeRule (HealthyPipelineSafeModeRule.java:initializeRule(152)) - Refreshed total pipeline count is 0, healthy pipeline threshold count is 1
2021-10-16 02:30:24,412 [RatisPipelineUtilsThread - 0] INFO  ha.SCMHAInvocationHandler (SCMHAInvocationHandler.java:invokeRatis(113)) - Invoking method public abstract void org.apache.hadoop.hdds.scm.pipeline.PipelineStateManager.addPipeline(org.apache.hadoop.hdds.protocol.proto.HddsProtos$Pipeline) throws java.io.IOException on target org.apache.hadoop.hdds.scm.ha.SCMRatisServerImpl@24987048, cost 17744.055us
2021-10-16 02:30:24,422 [8377993e-4b96-4dd4-a005-414dac6239f0@group-FCCD761457F8-StateMachineUpdater] INFO  pipeline.PipelineStateManagerImpl (PipelineStateManagerImpl.java:addPipeline(101)) - Created pipeline Pipeline[ Id: 7436d653-5c2f-4281-a172-fde02c46647b, Nodes: 1d141dcf-9f09-421f-a135-50b245bde98a{ip: 127.0.0.1, host: localhost, ports: [REPLICATION=45843, RATIS=40089, RATIS_ADMIN=40089, RATIS_SERVER=40089, STANDALONE=40055], networkLocation: /default-rack, certSerialId: null, persistedOpState: IN_SERVICE, persistedOpStateExpiryEpochSec: 0}, ReplicationConfig: RATIS/ONE, State:ALLOCATED, leaderId:, CreationTimestamp2021-10-16T02:30:24.394Z[Etc/UTC]].
2021-10-16 02:30:24,422 [8377993e-4b96-4dd4-a005-414dac6239f0@group-FCCD761457F8-StateMachineUpdater] INFO  safemode.HealthyPipelineSafeModeRule (HealthyPipelineSafeModeRule.java:initializeRule(152)) - Refreshed total pipeline count is 0, healthy pipeline threshold count is 1
2021-10-16 02:30:24,424 [3deaabcd-f5f1-47ac-8cd4-644b2fe93232@group-FCCD761457F8-StateMachineUpdater] INFO  ha.SCMStateMachine (SCMStateMachine.java:takeSnapshot(290)) - Current Snapshot Index 10, takeSnapshot took 0 ms
2021-10-16 02:30:24,424 [3deaabcd-f5f1-47ac-8cd4-644b2fe93232@group-FCCD761457F8-StateMachineUpdater] INFO  impl.StateMachineUpdater (StateMachineUpdater.java:takeSnapshot(281)) - 3deaabcd-f5f1-47ac-8cd4-644b2fe93232@group-FCCD761457F8-StateMachineUpdater: Took a snapshot at index 10
2021-10-16 02:30:24,424 [3deaabcd-f5f1-47ac-8cd4-644b2fe93232@group-FCCD761457F8-StateMachineUpdater] INFO  impl.StateMachineUpdater (StateMachineUpdater.java:lambda$new$0(89)) - 3deaabcd-f5f1-47ac-8cd4-644b2fe93232@group-FCCD761457F8-StateMachineUpdater: snapshotIndex: updateIncreasingly 5 -> 10
2021-10-16 02:30:24,424 [3deaabcd-f5f1-47ac-8cd4-644b2fe93232@group-FCCD761457F8-StateMachineUpdater] INFO  raftlog.RaftLog (RaftLogBase.java:purge(306)) - 3deaabcd-f5f1-47ac-8cd4-644b2fe93232@group-FCCD761457F8-SegmentedRaftLog: purge 10
2021-10-16 02:30:24,424 [3deaabcd-f5f1-47ac-8cd4-644b2fe93232@group-FCCD761457F8-StateMachineUpdater] INFO  raftlog.RaftLog (RaftLogBase.java:lambda$new$0(53)) - 3deaabcd-f5f1-47ac-8cd4-644b2fe93232@group-FCCD761457F8-SegmentedRaftLog: snapshotIndex: updateIncreasingly 5 -> 10
2021-10-16 02:30:24,424 [3deaabcd-f5f1-47ac-8cd4-644b2fe93232@group-FCCD761457F8-StateMachineUpdater] INFO  raftlog.RaftLog (RaftLogBase.java:lambda$new$0(53)) - 3deaabcd-f5f1-47ac-8cd4-644b2fe93232@group-FCCD761457F8-SegmentedRaftLog: purgeIndex: updateToMax old=0, new=10, updated? true
2021-10-16 02:30:24,605 [EndpointStateMachine task thread for /127.0.0.1:12757 - 0 ] INFO  ipc.Client (Client.java:handleConnectionFailure(977)) - Retrying connect to server: localhost/127.0.0.1:12757. Already tried 7 time(s); retry policy is RetryUpToMaximumCountWithFixedSleep(maxRetries=15, sleepTime=1000 MILLISECONDS)
2021-10-16 02:30:24,605 [EndpointStateMachine task thread for /127.0.0.1:12777 - 0 ] INFO  ipc.Client (Client.java:handleConnectionFailure(977)) - Retrying connect to server: localhost/127.0.0.1:12777. Already tried 7 time(s); retry policy is RetryUpToMaximumCountWithFixedSleep(maxRetries=15, sleepTime=1000 MILLISECONDS)
2021-10-16 02:30:24,649 [EndpointStateMachine task thread for /127.0.0.1:12767 - 0 ] INFO  ipc.Client (Client.java:handleConnectionFailure(977)) - Retrying connect to server: localhost/127.0.0.1:12767. Already tried 7 time(s); retry policy is RetryUpToMaximumCountWithFixedSleep(maxRetries=15, sleepTime=1000 MILLISECONDS)
2021-10-16 02:30:24,991 [Listener at 127.0.0.1/13164] INFO  ozone.MiniOzoneClusterImpl (MiniOzoneClusterImpl.java:lambda$waitForClusterToBeReady$0(235)) - Waiting for nodes to be ready. Got 2 of 3 DN Heartbeats.
2021-10-16 02:30:24,991 [Listener at 127.0.0.1/13164] INFO  ozone.MiniOzoneClusterImpl (MiniOzoneClusterImpl.java:lambda$waitForClusterToBeReady$0(238)) - Waiting for cluster to exit safe mode
2021-10-16 02:30:24,991 [Listener at 127.0.0.1/13164] INFO  ozone.MiniOzoneClusterImpl (MiniOzoneClusterImpl.java:lambda$waitForClusterToBeReady$0(240)) - SCM became leader
2021-10-16 02:30:25,024 [IPC Server handler 73 on default port 13945] INFO  net.NetworkTopologyImpl (NetworkTopologyImpl.java:add(112)) - Added a new node: /default-rack/edc74d86-77ab-4f9b-98f8-a274c803e3f6
2021-10-16 02:30:25,024 [IPC Server handler 73 on default port 13945] INFO  node.SCMNodeManager (SCMNodeManager.java:register(389)) - Registered Data node : edc74d86-77ab-4f9b-98f8-a274c803e3f6{ip: 127.0.0.1, host: localhost, ports: [REPLICATION=34203, RATIS=40253, RATIS_ADMIN=40253, RATIS_SERVER=40253, STANDALONE=46341], networkLocation: /default-rack, certSerialId: null, persistedOpState: null, persistedOpStateExpiryEpochSec: 0}
2021-10-16 02:30:25,025 [EventQueue-NewNodeForNewNodeHandler] INFO  pipeline.BackgroundPipelineCreator (BackgroundPipelineCreator.java:notifyEventTriggered(285)) - trigger a one-shot run on RatisPipelineUtilsThread.
2021-10-16 02:30:25,025 [RatisPipelineUtilsThread - 0] INFO  pipeline.RatisPipelineProvider (RatisPipelineProvider.java:lambda$create$0(183)) - Sending CreatePipelineCommand for pipeline:PipelineID=1253f24e-ad9c-4dda-b1cc-5099cac1b478 to datanode:edc74d86-77ab-4f9b-98f8-a274c803e3f6
2021-10-16 02:30:25,026 [EventQueue-NodeRegistrationContainerReportForDataNodeSafeModeRule] INFO  safemode.SCMSafeModeManager (DataNodeSafeModeRule.java:process(71)) - SCM in safe mode. 3 DataNodes registered, 3 required.
2021-10-16 02:30:25,026 [EventQueue-NodeRegistrationContainerReportForDataNodeSafeModeRule] INFO  safemode.SCMSafeModeManager (SCMSafeModeManager.java:validateSafeModeExitRules(204)) - DataNodeSafeModeRule rule is successfully validated
2021-10-16 02:30:25,026 [EventQueue-NodeRegistrationContainerReportForDataNodeSafeModeRule] INFO  safemode.SCMSafeModeManager (SCMSafeModeManager.java:completePreCheck(233)) - All SCM safe mode pre check rules have passed
2021-10-16 02:30:25,026 [EventQueue-NodeRegistrationContainerReportForDataNodeSafeModeRule] WARN  events.EventQueue (EventQueue.java:fireEvent(194)) - No event handler registered for event TypedEvent{payloadType=SafeModeStatus, name='Safe mode status'}
2021-10-16 02:30:25,026 [EventQueue-NodeRegistrationContainerReportForDataNodeSafeModeRule] INFO  ha.SCMContext (SCMContext.java:updateSafeModeStatus(205)) - Update SafeModeStatus from SafeModeStatus{safeModeStatus=true, preCheckPassed=false} to SafeModeStatus{safeModeStatus=true, preCheckPassed=true}.
2021-10-16 02:30:25,026 [EventQueue-NodeRegistrationContainerReportForDataNodeSafeModeRule] INFO  pipeline.BackgroundPipelineCreator (BackgroundPipelineCreator.java:notifyEventTriggered(285)) - trigger a one-shot run on RatisPipelineUtilsThread.
2021-10-16 02:30:25,028 [IPC Server handler 2 on default port 13955] INFO  net.NetworkTopologyImpl (NetworkTopologyImpl.java:add(112)) - Added a new node: /default-rack/edc74d86-77ab-4f9b-98f8-a274c803e3f6
2021-10-16 02:30:25,028 [IPC Server handler 2 on default port 13955] INFO  node.SCMNodeManager (SCMNodeManager.java:register(389)) - Registered Data node : edc74d86-77ab-4f9b-98f8-a274c803e3f6{ip: 127.0.0.1, host: localhost, ports: [REPLICATION=34203, RATIS=40253, RATIS_ADMIN=40253, RATIS_SERVER=40253, STANDALONE=46341], networkLocation: /default-rack, certSerialId: null, persistedOpState: null, persistedOpStateExpiryEpochSec: 0}
2021-10-16 02:30:25,028 [EventQueue-NewNodeForNewNodeHandler] INFO  pipeline.BackgroundPipelineCreator (BackgroundPipelineCreator.java:notifyEventTriggered(279)) - ignore, not leader SCM.
2021-10-16 02:30:25,045 [EventQueue-NodeRegistrationContainerReportForDataNodeSafeModeRule] INFO  safemode.SCMSafeModeManager (DataNodeSafeModeRule.java:process(71)) - SCM in safe mode. 3 DataNodes registered, 3 required.
2021-10-16 02:30:25,045 [EventQueue-NodeRegistrationContainerReportForDataNodeSafeModeRule] INFO  safemode.SCMSafeModeManager (SCMSafeModeManager.java:validateSafeModeExitRules(204)) - DataNodeSafeModeRule rule is successfully validated
2021-10-16 02:30:25,045 [EventQueue-NodeRegistrationContainerReportForDataNodeSafeModeRule] INFO  safemode.SCMSafeModeManager (SCMSafeModeManager.java:completePreCheck(233)) - All SCM safe mode pre check rules have passed
2021-10-16 02:30:25,045 [EventQueue-NodeRegistrationContainerReportForDataNodeSafeModeRule] WARN  events.EventQueue (EventQueue.java:fireEvent(194)) - No event handler registered for event TypedEvent{payloadType=SafeModeStatus, name='Safe mode status'}
2021-10-16 02:30:25,045 [EventQueue-NodeRegistrationContainerReportForDataNodeSafeModeRule] INFO  ha.SCMContext (SCMContext.java:updateSafeModeStatus(205)) - Update SafeModeStatus from SafeModeStatus{safeModeStatus=true, preCheckPassed=false} to SafeModeStatus{safeModeStatus=true, preCheckPassed=true}.
2021-10-16 02:30:25,045 [EventQueue-NodeRegistrationContainerReportForDataNodeSafeModeRule] INFO  pipeline.BackgroundPipelineCreator (BackgroundPipelineCreator.java:notifyEventTriggered(279)) - ignore, not leader SCM.
2021-10-16 02:30:25,049 [8377993e-4b96-4dd4-a005-414dac6239f0@group-FCCD761457F8-StateMachineUpdater] INFO  ha.SCMStateMachine (SCMStateMachine.java:takeSnapshot(290)) - Current Snapshot Index 10, takeSnapshot took 0 ms
2021-10-16 02:30:25,049 [8377993e-4b96-4dd4-a005-414dac6239f0@group-FCCD761457F8-StateMachineUpdater] INFO  impl.StateMachineUpdater (StateMachineUpdater.java:takeSnapshot(281)) - 8377993e-4b96-4dd4-a005-414dac6239f0@group-FCCD761457F8-StateMachineUpdater: Took a snapshot at index 10
2021-10-16 02:30:25,049 [8377993e-4b96-4dd4-a005-414dac6239f0@group-FCCD761457F8-StateMachineUpdater] INFO  impl.StateMachineUpdater (StateMachineUpdater.java:lambda$new$0(89)) - 8377993e-4b96-4dd4-a005-414dac6239f0@group-FCCD761457F8-StateMachineUpdater: snapshotIndex: updateIncreasingly 5 -> 10
2021-10-16 02:30:25,049 [8377993e-4b96-4dd4-a005-414dac6239f0@group-FCCD761457F8-StateMachineUpdater] INFO  raftlog.RaftLog (RaftLogBase.java:purge(306)) - 8377993e-4b96-4dd4-a005-414dac6239f0@group-FCCD761457F8-SegmentedRaftLog: purge 10
2021-10-16 02:30:25,049 [8377993e-4b96-4dd4-a005-414dac6239f0@group-FCCD761457F8-StateMachineUpdater] INFO  raftlog.RaftLog (RaftLogBase.java:lambda$new$0(53)) - 8377993e-4b96-4dd4-a005-414dac6239f0@group-FCCD761457F8-SegmentedRaftLog: snapshotIndex: updateIncreasingly 5 -> 10
2021-10-16 02:30:25,049 [8377993e-4b96-4dd4-a005-414dac6239f0@group-FCCD761457F8-StateMachineUpdater] INFO  raftlog.RaftLog (RaftLogBase.java:lambda$new$0(53)) - 8377993e-4b96-4dd4-a005-414dac6239f0@group-FCCD761457F8-SegmentedRaftLog: purgeIndex: updateToMax old=0, new=10, updated? true
2021-10-16 02:30:25,051 [3deaabcd-f5f1-47ac-8cd4-644b2fe93232@group-FCCD761457F8-StateMachineUpdater] INFO  pipeline.PipelineStateManagerImpl (PipelineStateManagerImpl.java:addPipeline(101)) - Created pipeline Pipeline[ Id: 1253f24e-ad9c-4dda-b1cc-5099cac1b478, Nodes: edc74d86-77ab-4f9b-98f8-a274c803e3f6{ip: 127.0.0.1, host: localhost, ports: [REPLICATION=34203, RATIS=40253, RATIS_ADMIN=40253, RATIS_SERVER=40253, STANDALONE=46341], networkLocation: /default-rack, certSerialId: null, persistedOpState: IN_SERVICE, persistedOpStateExpiryEpochSec: 0}, ReplicationConfig: RATIS/ONE, State:ALLOCATED, leaderId:, CreationTimestamp2021-10-16T02:30:25.025Z[Etc/UTC]].
2021-10-16 02:30:25,051 [3deaabcd-f5f1-47ac-8cd4-644b2fe93232@group-FCCD761457F8-StateMachineUpdater] INFO  safemode.HealthyPipelineSafeModeRule (HealthyPipelineSafeModeRule.java:initializeRule(152)) - Refreshed total pipeline count is 0, healthy pipeline threshold count is 1
2021-10-16 02:30:25,052 [RatisPipelineUtilsThread - 0] INFO  ha.SCMHAInvocationHandler (SCMHAInvocationHandler.java:invokeRatis(113)) - Invoking method public abstract void org.apache.hadoop.hdds.scm.pipeline.PipelineStateManager.addPipeline(org.apache.hadoop.hdds.protocol.proto.HddsProtos$Pipeline) throws java.io.IOException on target org.apache.hadoop.hdds.scm.ha.SCMRatisServerImpl@24987048, cost 26387.973us
2021-10-16 02:30:25,052 [RatisPipelineUtilsThread - 0] INFO  pipeline.RatisPipelineProvider (RatisPipelineProvider.java:lambda$create$0(183)) - Sending CreatePipelineCommand for pipeline:PipelineID=f1e67424-e3bf-4453-abbf-73ed4cbbff00 to datanode:1d141dcf-9f09-421f-a135-50b245bde98a
2021-10-16 02:30:25,052 [RatisPipelineUtilsThread - 0] INFO  pipeline.RatisPipelineProvider (RatisPipelineProvider.java:lambda$create$0(183)) - Sending CreatePipelineCommand for pipeline:PipelineID=f1e67424-e3bf-4453-abbf-73ed4cbbff00 to datanode:772a6939-f9dd-42bd-8136-52263074270c
2021-10-16 02:30:25,052 [RatisPipelineUtilsThread - 0] INFO  pipeline.RatisPipelineProvider (RatisPipelineProvider.java:lambda$create$0(183)) - Sending CreatePipelineCommand for pipeline:PipelineID=f1e67424-e3bf-4453-abbf-73ed4cbbff00 to datanode:edc74d86-77ab-4f9b-98f8-a274c803e3f6
2021-10-16 02:30:25,056 [8377993e-4b96-4dd4-a005-414dac6239f0@group-FCCD761457F8-StateMachineUpdater] INFO  pipeline.PipelineStateManagerImpl (PipelineStateManagerImpl.java:addPipeline(101)) - Created pipeline Pipeline[ Id: 1253f24e-ad9c-4dda-b1cc-5099cac1b478, Nodes: edc74d86-77ab-4f9b-98f8-a274c803e3f6{ip: 127.0.0.1, host: localhost, ports: [REPLICATION=34203, RATIS=40253, RATIS_ADMIN=40253, RATIS_SERVER=40253, STANDALONE=46341], networkLocation: /default-rack, certSerialId: null, persistedOpState: IN_SERVICE, persistedOpStateExpiryEpochSec: 0}, ReplicationConfig: RATIS/ONE, State:ALLOCATED, leaderId:, CreationTimestamp2021-10-16T02:30:25.025Z[Etc/UTC]].
2021-10-16 02:30:25,056 [8377993e-4b96-4dd4-a005-414dac6239f0@group-FCCD761457F8-StateMachineUpdater] INFO  safemode.HealthyPipelineSafeModeRule (HealthyPipelineSafeModeRule.java:initializeRule(152)) - Refreshed total pipeline count is 0, healthy pipeline threshold count is 1
2021-10-16 02:30:25,061 [3deaabcd-f5f1-47ac-8cd4-644b2fe93232@group-FCCD761457F8-StateMachineUpdater] INFO  pipeline.PipelineStateManagerImpl (PipelineStateManagerImpl.java:addPipeline(101)) - Created pipeline Pipeline[ Id: f1e67424-e3bf-4453-abbf-73ed4cbbff00, Nodes: 1d141dcf-9f09-421f-a135-50b245bde98a{ip: 127.0.0.1, host: localhost, ports: [REPLICATION=45843, RATIS=40089, RATIS_ADMIN=40089, RATIS_SERVER=40089, STANDALONE=40055], networkLocation: /default-rack, certSerialId: null, persistedOpState: IN_SERVICE, persistedOpStateExpiryEpochSec: 0}772a6939-f9dd-42bd-8136-52263074270c{ip: 127.0.0.1, host: localhost, ports: [REPLICATION=43353, RATIS=44475, RATIS_ADMIN=44475, RATIS_SERVER=44475, STANDALONE=40279], networkLocation: /default-rack, certSerialId: null, persistedOpState: IN_SERVICE, persistedOpStateExpiryEpochSec: 0}edc74d86-77ab-4f9b-98f8-a274c803e3f6{ip: 127.0.0.1, host: localhost, ports: [REPLICATION=34203, RATIS=40253, RATIS_ADMIN=40253, RATIS_SERVER=40253, STANDALONE=46341], networkLocation: /default-rack, certSerialId: null, persistedOpState: IN_SERVICE, persistedOpStateExpiryEpochSec: 0}, ReplicationConfig: RATIS/THREE, State:ALLOCATED, leaderId:, CreationTimestamp2021-10-16T02:30:25.052Z[Etc/UTC]].
2021-10-16 02:30:25,061 [3deaabcd-f5f1-47ac-8cd4-644b2fe93232@group-FCCD761457F8-StateMachineUpdater] INFO  safemode.HealthyPipelineSafeModeRule (HealthyPipelineSafeModeRule.java:initializeRule(152)) - Refreshed total pipeline count is 0, healthy pipeline threshold count is 1
2021-10-16 02:30:25,063 [RatisPipelineUtilsThread - 0] INFO  ha.SCMHAInvocationHandler (SCMHAInvocationHandler.java:invokeRatis(113)) - Invoking method public abstract void org.apache.hadoop.hdds.scm.pipeline.PipelineStateManager.addPipeline(org.apache.hadoop.hdds.protocol.proto.HddsProtos$Pipeline) throws java.io.IOException on target org.apache.hadoop.hdds.scm.ha.SCMRatisServerImpl@24987048, cost 10258.278us
2021-10-16 02:30:25,063 [RatisPipelineUtilsThread - 0] INFO  pipeline.RatisPipelineProvider (RatisPipelineProvider.java:lambda$create$0(183)) - Sending CreatePipelineCommand for pipeline:PipelineID=4b86bc2b-a2e2-4d58-855b-8fbafd7cafab to datanode:772a6939-f9dd-42bd-8136-52263074270c
2021-10-16 02:30:25,064 [RatisPipelineUtilsThread - 0] INFO  pipeline.RatisPipelineProvider (RatisPipelineProvider.java:lambda$create$0(183)) - Sending CreatePipelineCommand for pipeline:PipelineID=4b86bc2b-a2e2-4d58-855b-8fbafd7cafab to datanode:1d141dcf-9f09-421f-a135-50b245bde98a
2021-10-16 02:30:25,064 [RatisPipelineUtilsThread - 0] INFO  pipeline.RatisPipelineProvider (RatisPipelineProvider.java:lambda$create$0(183)) - Sending CreatePipelineCommand for pipeline:PipelineID=4b86bc2b-a2e2-4d58-855b-8fbafd7cafab to datanode:edc74d86-77ab-4f9b-98f8-a274c803e3f6
2021-10-16 02:30:25,073 [8377993e-4b96-4dd4-a005-414dac6239f0@group-FCCD761457F8-StateMachineUpdater] INFO  pipeline.PipelineStateManagerImpl (PipelineStateManagerImpl.java:addPipeline(101)) - Created pipeline Pipeline[ Id: f1e67424-e3bf-4453-abbf-73ed4cbbff00, Nodes: 1d141dcf-9f09-421f-a135-50b245bde98a{ip: 127.0.0.1, host: localhost, ports: [REPLICATION=45843, RATIS=40089, RATIS_ADMIN=40089, RATIS_SERVER=40089, STANDALONE=40055], networkLocation: /default-rack, certSerialId: null, persistedOpState: IN_SERVICE, persistedOpStateExpiryEpochSec: 0}772a6939-f9dd-42bd-8136-52263074270c{ip: 127.0.0.1, host: localhost, ports: [REPLICATION=43353, RATIS=44475, RATIS_ADMIN=44475, RATIS_SERVER=44475, STANDALONE=40279], networkLocation: /default-rack, certSerialId: null, persistedOpState: IN_SERVICE, persistedOpStateExpiryEpochSec: 0}edc74d86-77ab-4f9b-98f8-a274c803e3f6{ip: 127.0.0.1, host: localhost, ports: [REPLICATION=34203, RATIS=40253, RATIS_ADMIN=40253, RATIS_SERVER=40253, STANDALONE=46341], networkLocation: /default-rack, certSerialId: null, persistedOpState: IN_SERVICE, persistedOpStateExpiryEpochSec: 0}, ReplicationConfig: RATIS/THREE, State:ALLOCATED, leaderId:, CreationTimestamp2021-10-16T02:30:25.052Z[Etc/UTC]].
2021-10-16 02:30:25,073 [8377993e-4b96-4dd4-a005-414dac6239f0@group-FCCD761457F8-StateMachineUpdater] INFO  safemode.HealthyPipelineSafeModeRule (HealthyPipelineSafeModeRule.java:initializeRule(152)) - Refreshed total pipeline count is 0, healthy pipeline threshold count is 1
2021-10-16 02:30:25,083 [3deaabcd-f5f1-47ac-8cd4-644b2fe93232@group-FCCD761457F8-StateMachineUpdater] INFO  pipeline.PipelineStateManagerImpl (PipelineStateManagerImpl.java:addPipeline(101)) - Created pipeline Pipeline[ Id: 4b86bc2b-a2e2-4d58-855b-8fbafd7cafab, Nodes: 772a6939-f9dd-42bd-8136-52263074270c{ip: 127.0.0.1, host: localhost, ports: [REPLICATION=43353, RATIS=44475, RATIS_ADMIN=44475, RATIS_SERVER=44475, STANDALONE=40279], networkLocation: /default-rack, certSerialId: null, persistedOpState: IN_SERVICE, persistedOpStateExpiryEpochSec: 0}1d141dcf-9f09-421f-a135-50b245bde98a{ip: 127.0.0.1, host: localhost, ports: [REPLICATION=45843, RATIS=40089, RATIS_ADMIN=40089, RATIS_SERVER=40089, STANDALONE=40055], networkLocation: /default-rack, certSerialId: null, persistedOpState: IN_SERVICE, persistedOpStateExpiryEpochSec: 0}edc74d86-77ab-4f9b-98f8-a274c803e3f6{ip: 127.0.0.1, host: localhost, ports: [REPLICATION=34203, RATIS=40253, RATIS_ADMIN=40253, RATIS_SERVER=40253, STANDALONE=46341], networkLocation: /default-rack, certSerialId: null, persistedOpState: IN_SERVICE, persistedOpStateExpiryEpochSec: 0}, ReplicationConfig: RATIS/THREE, State:ALLOCATED, leaderId:, CreationTimestamp2021-10-16T02:30:25.063Z[Etc/UTC]].
2021-10-16 02:30:25,083 [3deaabcd-f5f1-47ac-8cd4-644b2fe93232@group-FCCD761457F8-StateMachineUpdater] INFO  safemode.HealthyPipelineSafeModeRule (HealthyPipelineSafeModeRule.java:initializeRule(152)) - Refreshed total pipeline count is 0, healthy pipeline threshold count is 1
2021-10-16 02:30:25,083 [RatisPipelineUtilsThread - 0] INFO  ha.SCMHAInvocationHandler (SCMHAInvocationHandler.java:invokeRatis(113)) - Invoking method public abstract void org.apache.hadoop.hdds.scm.pipeline.PipelineStateManager.addPipeline(org.apache.hadoop.hdds.protocol.proto.HddsProtos$Pipeline) throws java.io.IOException on target org.apache.hadoop.hdds.scm.ha.SCMRatisServerImpl@24987048, cost 19735.627us
2021-10-16 02:30:25,084 [3deaabcd-f5f1-47ac-8cd4-644b2fe93232@group-FCCD761457F8-StateMachineUpdater] INFO  ha.SCMStateMachine (SCMStateMachine.java:takeSnapshot(290)) - Current Snapshot Index 15, takeSnapshot took 0 ms
2021-10-16 02:30:25,084 [RatisPipelineUtilsThread - 0] INFO  pipeline.PipelineManagerImpl (PipelineManagerImpl.java:recordMetricsForPipeline(613)) - Pipeline: PipelineID=4b86bc2b-a2e2-4d58-855b-8fbafd7cafab contains same datanodes as previous pipelines: PipelineID=f1e67424-e3bf-4453-abbf-73ed4cbbff00 nodeIds: 772a6939-f9dd-42bd-8136-52263074270c, 1d141dcf-9f09-421f-a135-50b245bde98a, edc74d86-77ab-4f9b-98f8-a274c803e3f6
2021-10-16 02:30:25,084 [3deaabcd-f5f1-47ac-8cd4-644b2fe93232@group-FCCD761457F8-StateMachineUpdater] INFO  impl.StateMachineUpdater (StateMachineUpdater.java:takeSnapshot(281)) - 3deaabcd-f5f1-47ac-8cd4-644b2fe93232@group-FCCD761457F8-StateMachineUpdater: Took a snapshot at index 15
2021-10-16 02:30:25,085 [3deaabcd-f5f1-47ac-8cd4-644b2fe93232@group-FCCD761457F8-StateMachineUpdater] INFO  impl.StateMachineUpdater (StateMachineUpdater.java:lambda$new$0(89)) - 3deaabcd-f5f1-47ac-8cd4-644b2fe93232@group-FCCD761457F8-StateMachineUpdater: snapshotIndex: updateIncreasingly 10 -> 15
2021-10-16 02:30:25,085 [3deaabcd-f5f1-47ac-8cd4-644b2fe93232@group-FCCD761457F8-StateMachineUpdater] INFO  raftlog.RaftLog (RaftLogBase.java:purge(306)) - 3deaabcd-f5f1-47ac-8cd4-644b2fe93232@group-FCCD761457F8-SegmentedRaftLog: purge 15
2021-10-16 02:30:25,085 [3deaabcd-f5f1-47ac-8cd4-644b2fe93232@group-FCCD761457F8-StateMachineUpdater] INFO  raftlog.RaftLog (RaftLogBase.java:lambda$new$0(53)) - 3deaabcd-f5f1-47ac-8cd4-644b2fe93232@group-FCCD761457F8-SegmentedRaftLog: snapshotIndex: updateIncreasingly 10 -> 15
2021-10-16 02:30:25,085 [3deaabcd-f5f1-47ac-8cd4-644b2fe93232@group-FCCD761457F8-StateMachineUpdater] INFO  raftlog.RaftLog (RaftLogBase.java:lambda$new$0(53)) - 3deaabcd-f5f1-47ac-8cd4-644b2fe93232@group-FCCD761457F8-SegmentedRaftLog: purgeIndex: updateToMax old=10, new=15, updated? true
2021-10-16 02:30:25,089 [8377993e-4b96-4dd4-a005-414dac6239f0@group-FCCD761457F8-StateMachineUpdater] INFO  pipeline.PipelineStateManagerImpl (PipelineStateManagerImpl.java:addPipeline(101)) - Created pipeline Pipeline[ Id: 4b86bc2b-a2e2-4d58-855b-8fbafd7cafab, Nodes: 772a6939-f9dd-42bd-8136-52263074270c{ip: 127.0.0.1, host: localhost, ports: [REPLICATION=43353, RATIS=44475, RATIS_ADMIN=44475, RATIS_SERVER=44475, STANDALONE=40279], networkLocation: /default-rack, certSerialId: null, persistedOpState: IN_SERVICE, persistedOpStateExpiryEpochSec: 0}1d141dcf-9f09-421f-a135-50b245bde98a{ip: 127.0.0.1, host: localhost, ports: [REPLICATION=45843, RATIS=40089, RATIS_ADMIN=40089, RATIS_SERVER=40089, STANDALONE=40055], networkLocation: /default-rack, certSerialId: null, persistedOpState: IN_SERVICE, persistedOpStateExpiryEpochSec: 0}edc74d86-77ab-4f9b-98f8-a274c803e3f6{ip: 127.0.0.1, host: localhost, ports: [REPLICATION=34203, RATIS=40253, RATIS_ADMIN=40253, RATIS_SERVER=40253, STANDALONE=46341], networkLocation: /default-rack, certSerialId: null, persistedOpState: IN_SERVICE, persistedOpStateExpiryEpochSec: 0}, ReplicationConfig: RATIS/THREE, State:ALLOCATED, leaderId:, CreationTimestamp2021-10-16T02:30:25.063Z[Etc/UTC]].
2021-10-16 02:30:25,089 [8377993e-4b96-4dd4-a005-414dac6239f0@group-FCCD761457F8-StateMachineUpdater] INFO  safemode.HealthyPipelineSafeModeRule (HealthyPipelineSafeModeRule.java:initializeRule(152)) - Refreshed total pipeline count is 0, healthy pipeline threshold count is 1
2021-10-16 02:30:25,089 [8377993e-4b96-4dd4-a005-414dac6239f0@group-FCCD761457F8-StateMachineUpdater] INFO  ha.SCMStateMachine (SCMStateMachine.java:takeSnapshot(290)) - Current Snapshot Index 15, takeSnapshot took 0 ms
2021-10-16 02:30:25,089 [8377993e-4b96-4dd4-a005-414dac6239f0@group-FCCD761457F8-StateMachineUpdater] INFO  impl.StateMachineUpdater (StateMachineUpdater.java:takeSnapshot(281)) - 8377993e-4b96-4dd4-a005-414dac6239f0@group-FCCD761457F8-StateMachineUpdater: Took a snapshot at index 15
2021-10-16 02:30:25,089 [8377993e-4b96-4dd4-a005-414dac6239f0@group-FCCD761457F8-StateMachineUpdater] INFO  impl.StateMachineUpdater (StateMachineUpdater.java:lambda$new$0(89)) - 8377993e-4b96-4dd4-a005-414dac6239f0@group-FCCD761457F8-StateMachineUpdater: snapshotIndex: updateIncreasingly 10 -> 15
2021-10-16 02:30:25,089 [8377993e-4b96-4dd4-a005-414dac6239f0@group-FCCD761457F8-StateMachineUpdater] INFO  raftlog.RaftLog (RaftLogBase.java:purge(306)) - 8377993e-4b96-4dd4-a005-414dac6239f0@group-FCCD761457F8-SegmentedRaftLog: purge 15
2021-10-16 02:30:25,089 [8377993e-4b96-4dd4-a005-414dac6239f0@group-FCCD761457F8-StateMachineUpdater] INFO  raftlog.RaftLog (RaftLogBase.java:lambda$new$0(53)) - 8377993e-4b96-4dd4-a005-414dac6239f0@group-FCCD761457F8-SegmentedRaftLog: snapshotIndex: updateIncreasingly 10 -> 15
2021-10-16 02:30:25,090 [8377993e-4b96-4dd4-a005-414dac6239f0@group-FCCD761457F8-StateMachineUpdater] INFO  raftlog.RaftLog (RaftLogBase.java:lambda$new$0(53)) - 8377993e-4b96-4dd4-a005-414dac6239f0@group-FCCD761457F8-SegmentedRaftLog: purgeIndex: updateToMax old=10, new=15, updated? true
2021-10-16 02:30:25,605 [EndpointStateMachine task thread for /127.0.0.1:12757 - 0 ] INFO  ipc.Client (Client.java:handleConnectionFailure(977)) - Retrying connect to server: localhost/127.0.0.1:12757. Already tried 8 time(s); retry policy is RetryUpToMaximumCountWithFixedSleep(maxRetries=15, sleepTime=1000 MILLISECONDS)
2021-10-16 02:30:25,606 [EndpointStateMachine task thread for /127.0.0.1:12777 - 0 ] INFO  ipc.Client (Client.java:handleConnectionFailure(977)) - Retrying connect to server: localhost/127.0.0.1:12777. Already tried 8 time(s); retry policy is RetryUpToMaximumCountWithFixedSleep(maxRetries=15, sleepTime=1000 MILLISECONDS)
2021-10-16 02:30:25,650 [EndpointStateMachine task thread for /127.0.0.1:12767 - 0 ] INFO  ipc.Client (Client.java:handleConnectionFailure(977)) - Retrying connect to server: localhost/127.0.0.1:12767. Already tried 8 time(s); retry policy is RetryUpToMaximumCountWithFixedSleep(maxRetries=15, sleepTime=1000 MILLISECONDS)
2021-10-16 02:30:25,992 [Listener at 127.0.0.1/13164] INFO  ozone.MiniOzoneClusterImpl (MiniOzoneClusterImpl.java:lambda$waitForClusterToBeReady$0(235)) - Nodes are ready. Got 3 of 3 DN Heartbeats.
2021-10-16 02:30:25,992 [Listener at 127.0.0.1/13164] INFO  ozone.MiniOzoneClusterImpl (MiniOzoneClusterImpl.java:lambda$waitForClusterToBeReady$0(238)) - Waiting for cluster to exit safe mode
2021-10-16 02:30:25,992 [Listener at 127.0.0.1/13164] INFO  ozone.MiniOzoneClusterImpl (MiniOzoneClusterImpl.java:lambda$waitForClusterToBeReady$0(240)) - SCM became leader
2021-10-16 02:30:26,607 [EndpointStateMachine task thread for /127.0.0.1:12757 - 0 ] INFO  ipc.Client (Client.java:handleConnectionFailure(977)) - Retrying connect to server: localhost/127.0.0.1:12757. Already tried 9 time(s); retry policy is RetryUpToMaximumCountWithFixedSleep(maxRetries=15, sleepTime=1000 MILLISECONDS)
2021-10-16 02:30:26,608 [EndpointStateMachine task thread for /127.0.0.1:12777 - 0 ] INFO  ipc.Client (Client.java:handleConnectionFailure(977)) - Retrying connect to server: localhost/127.0.0.1:12777. Already tried 9 time(s); retry policy is RetryUpToMaximumCountWithFixedSleep(maxRetries=15, sleepTime=1000 MILLISECONDS)
2021-10-16 02:30:26,651 [EndpointStateMachine task thread for /127.0.0.1:12767 - 0 ] INFO  ipc.Client (Client.java:handleConnectionFailure(977)) - Retrying connect to server: localhost/127.0.0.1:12767. Already tried 9 time(s); retry policy is RetryUpToMaximumCountWithFixedSleep(maxRetries=15, sleepTime=1000 MILLISECONDS)
2021-10-16 02:30:26,777 [Command processor thread] INFO  server.RaftServer (RaftServerProxy.java:addNew(95)) - 772a6939-f9dd-42bd-8136-52263074270c: addNew group-04136C3C34C0:[772a6939-f9dd-42bd-8136-52263074270c|rpc:127.0.0.1:44475|priority:1] returns group-04136C3C34C0:java.util.concurrent.CompletableFuture@793db158[Not completed]
2021-10-16 02:30:26,779 [pool-265-thread-1] INFO  server.RaftServer$Division (RaftServerImpl.java:<init>(181)) - 772a6939-f9dd-42bd-8136-52263074270c: new RaftServerImpl for group-04136C3C34C0:[772a6939-f9dd-42bd-8136-52263074270c|rpc:127.0.0.1:44475|priority:1] with ContainerStateMachine:uninitialized
2021-10-16 02:30:26,797 [pool-265-thread-1] INFO  server.RaftServerConfigKeys (ConfUtils.java:logGet(44)) - raft.server.rpc.timeout.min = 5s (custom)
2021-10-16 02:30:26,797 [pool-265-thread-1] INFO  server.RaftServerConfigKeys (ConfUtils.java:logGet(44)) - raft.server.rpc.timeout.max = 5200ms (custom)
2021-10-16 02:30:26,798 [pool-265-thread-1] INFO  server.RaftServerConfigKeys (ConfUtils.java:logGet(44)) - raft.server.rpc.sleep.time = 25ms (default)
2021-10-16 02:30:26,798 [pool-265-thread-1] INFO  server.RaftServerConfigKeys (ConfUtils.java:logGet(44)) - raft.server.rpc.slowness.timeout = 300s (custom)
2021-10-16 02:30:26,798 [pool-265-thread-1] INFO  server.RaftServerConfigKeys (ConfUtils.java:logGet(44)) - raft.server.leaderelection.leader.step-down.wait-time = 10s (default)
2021-10-16 02:30:26,805 [pool-265-thread-1] INFO  server.RaftServerConfigKeys (ConfUtils.java:logGet(44)) - raft.server.sleep.deviation.threshold = 300ms (default)
2021-10-16 02:30:26,806 [pool-265-thread-1] INFO  server.RaftServerConfigKeys (ConfUtils.java:logGet(44)) - raft.server.log.appender.install.snapshot.enabled = false (custom)
2021-10-16 02:30:26,807 [pool-265-thread-1] INFO  server.RaftServer$Division (ServerState.java:<init>(105)) - 772a6939-f9dd-42bd-8136-52263074270c@group-04136C3C34C0: ConfigurationManager, init=-1: [772a6939-f9dd-42bd-8136-52263074270c|rpc:127.0.0.1:44475|priority:1], old=null, confs=<EMPTY_MAP>
2021-10-16 02:30:26,814 [pool-265-thread-1] INFO  server.RaftServerConfigKeys (ConfUtils.java:logGet(44)) - raft.server.storage.dir = [/home/runner/work/ozone/ozone/hadoop-ozone/integration-test/target/test-dir/MiniOzoneClusterImpl-4eb377f1-b672-4075-9178-fccd761457f8/datanode-0/data/ratis] (custom)
2021-10-16 02:30:26,814 [pool-265-thread-1] INFO  server.RaftServerConfigKeys (ConfUtils.java:logGet(44)) - raft.server.log.corruption.policy = EXCEPTION (default)
2021-10-16 02:30:26,815 [pool-265-thread-1] INFO  server.RaftServerConfigKeys (ConfUtils.java:logGet(44)) - raft.server.storage.free-space.min = 0MB (=0) (default)
2021-10-16 02:30:26,815 [pool-265-thread-1] INFO  storage.RaftStorageDirectory (RaftStorageDirectoryImpl.java:analyzeStorage(135)) - The storage directory /home/runner/work/ozone/ozone/hadoop-ozone/integration-test/target/test-dir/MiniOzoneClusterImpl-4eb377f1-b672-4075-9178-fccd761457f8/datanode-0/data/ratis/f0c55b03-129a-464c-9ba4-04136c3c34c0 does not exist. Creating ...
2021-10-16 02:30:26,817 [pool-265-thread-1] INFO  storage.RaftStorageDirectory (RaftStorageDirectoryImpl.java:tryLock(230)) - Lock on /home/runner/work/ozone/ozone/hadoop-ozone/integration-test/target/test-dir/MiniOzoneClusterImpl-4eb377f1-b672-4075-9178-fccd761457f8/datanode-0/data/ratis/f0c55b03-129a-464c-9ba4-04136c3c34c0/in_use.lock acquired by nodename 30307@fv-az59-128
2021-10-16 02:30:26,818 [EndpointStateMachine task thread for /127.0.0.1:13965 - 0 ] WARN  statemachine.EndpointStateMachine (EndpointStateMachine.java:logIfNeeded(236)) - Unable to communicate to SCM server at localhost:13965 for past 0 seconds.
java.net.SocketTimeoutException: Call From fv-az59-128/10.1.0.78 to localhost:13965 failed on socket timeout exception: java.net.SocketTimeoutException: 5000 millis timeout while waiting for channel to be ready for read. ch : java.nio.channels.SocketChannel[connected local=/127.0.0.1:48190 remote=/127.0.0.1:13965]; For more details see:  http://wiki.apache.org/hadoop/SocketTimeout
	at sun.reflect.NativeConstructorAccessorImpl.newInstance0(Native Method)
	at sun.reflect.NativeConstructorAccessorImpl.newInstance(NativeConstructorAccessorImpl.java:62)
	at sun.reflect.DelegatingConstructorAccessorImpl.newInstance(DelegatingConstructorAccessorImpl.java:45)
	at java.lang.reflect.Constructor.newInstance(Constructor.java:423)
	at org.apache.hadoop.net.NetUtils.wrapWithMessage(NetUtils.java:913)
	at org.apache.hadoop.net.NetUtils.wrapException(NetUtils.java:848)
	at org.apache.hadoop.ipc.Client.getRpcResponse(Client.java:1577)
	at org.apache.hadoop.ipc.Client.call(Client.java:1519)
	at org.apache.hadoop.ipc.Client.call(Client.java:1416)
	at org.apache.hadoop.ipc.ProtobufRpcEngine$Invoker.invoke(ProtobufRpcEngine.java:236)
	at org.apache.hadoop.ipc.ProtobufRpcEngine$Invoker.invoke(ProtobufRpcEngine.java:123)
	at com.sun.proxy.$Proxy48.submitRequest(Unknown Source)
	at org.apache.hadoop.ozone.protocolPB.StorageContainerDatanodeProtocolClientSideTranslatorPB.submitRequest(StorageContainerDatanodeProtocolClientSideTranslatorPB.java:117)
	at org.apache.hadoop.ozone.protocolPB.StorageContainerDatanodeProtocolClientSideTranslatorPB.getVersion(StorageContainerDatanodeProtocolClientSideTranslatorPB.java:133)
	at org.apache.hadoop.ozone.container.common.states.endpoint.VersionEndpointTask.call(VersionEndpointTask.java:71)
	at org.apache.hadoop.ozone.container.common.states.endpoint.VersionEndpointTask.call(VersionEndpointTask.java:42)
	at java.util.concurrent.FutureTask.run(FutureTask.java:266)
	at java.util.concurrent.ThreadPoolExecutor.runWorker(ThreadPoolExecutor.java:1149)
	at java.util.concurrent.ThreadPoolExecutor$Worker.run(ThreadPoolExecutor.java:624)
	at java.lang.Thread.run(Thread.java:748)
Caused by: java.net.SocketTimeoutException: 5000 millis timeout while waiting for channel to be ready for read. ch : java.nio.channels.SocketChannel[connected local=/127.0.0.1:48190 remote=/127.0.0.1:13965]
	at org.apache.hadoop.net.SocketIOWithTimeout.doIO(SocketIOWithTimeout.java:164)
	at org.apache.hadoop.net.SocketInputStream.read(SocketInputStream.java:161)
	at org.apache.hadoop.net.SocketInputStream.read(SocketInputStream.java:131)
	at java.io.FilterInputStream.read(FilterInputStream.java:133)
	at java.io.BufferedInputStream.fill(BufferedInputStream.java:246)
	at java.io.BufferedInputStream.read(BufferedInputStream.java:265)
	at java.io.FilterInputStream.read(FilterInputStream.java:83)
	at java.io.FilterInputStream.read(FilterInputStream.java:83)
	at org.apache.hadoop.ipc.Client$Connection$PingInputStream.read(Client.java:563)
	at java.io.DataInputStream.readInt(DataInputStream.java:387)
	at org.apache.hadoop.ipc.Client$IpcStreams.readResponse(Client.java:1892)
	at org.apache.hadoop.ipc.Client$Connection.receiveRpcResponse(Client.java:1202)
	at org.apache.hadoop.ipc.Client$Connection.run(Client.java:1098)
2021-10-16 02:30:26,821 [pool-265-thread-1] INFO  storage.RaftStorage (RaftStorageImpl.java:format(89)) - Storage directory /home/runner/work/ozone/ozone/hadoop-ozone/integration-test/target/test-dir/MiniOzoneClusterImpl-4eb377f1-b672-4075-9178-fccd761457f8/datanode-0/data/ratis/f0c55b03-129a-464c-9ba4-04136c3c34c0 has been successfully formatted.
2021-10-16 02:30:26,818 [EndpointStateMachine task thread for /127.0.0.1:13965 - 0 ] WARN  statemachine.EndpointStateMachine (EndpointStateMachine.java:logIfNeeded(236)) - Unable to communicate to SCM server at 127.0.0.1:13965 for past 0 seconds.
java.net.SocketTimeoutException: Call From fv-az59-128/10.1.0.78 to localhost:13965 failed on socket timeout exception: java.net.SocketTimeoutException: 5000 millis timeout while waiting for channel to be ready for read. ch : java.nio.channels.SocketChannel[connected local=/127.0.0.1:48190 remote=/127.0.0.1:13965]; For more details see:  http://wiki.apache.org/hadoop/SocketTimeout
	at sun.reflect.GeneratedConstructorAccessor40.newInstance(Unknown Source)
	at sun.reflect.DelegatingConstructorAccessorImpl.newInstance(DelegatingConstructorAccessorImpl.java:45)
	at java.lang.reflect.Constructor.newInstance(Constructor.java:423)
	at org.apache.hadoop.net.NetUtils.wrapWithMessage(NetUtils.java:913)
	at org.apache.hadoop.net.NetUtils.wrapException(NetUtils.java:848)
	at org.apache.hadoop.ipc.Client.getRpcResponse(Client.java:1577)
	at org.apache.hadoop.ipc.Client.call(Client.java:1519)
	at org.apache.hadoop.ipc.Client.call(Client.java:1416)
	at org.apache.hadoop.ipc.ProtobufRpcEngine$Invoker.invoke(ProtobufRpcEngine.java:236)
	at org.apache.hadoop.ipc.ProtobufRpcEngine$Invoker.invoke(ProtobufRpcEngine.java:123)
	at com.sun.proxy.$Proxy48.submitRequest(Unknown Source)
	at org.apache.hadoop.ozone.protocolPB.StorageContainerDatanodeProtocolClientSideTranslatorPB.submitRequest(StorageContainerDatanodeProtocolClientSideTranslatorPB.java:117)
	at org.apache.hadoop.ozone.protocolPB.StorageContainerDatanodeProtocolClientSideTranslatorPB.getVersion(StorageContainerDatanodeProtocolClientSideTranslatorPB.java:133)
	at org.apache.hadoop.ozone.container.common.states.endpoint.VersionEndpointTask.call(VersionEndpointTask.java:71)
	at org.apache.hadoop.ozone.container.common.states.endpoint.VersionEndpointTask.call(VersionEndpointTask.java:42)
	at java.util.concurrent.FutureTask.run(FutureTask.java:266)
	at java.util.concurrent.ThreadPoolExecutor.runWorker(ThreadPoolExecutor.java:1149)
	at java.util.concurrent.ThreadPoolExecutor$Worker.run(ThreadPoolExecutor.java:624)
	at java.lang.Thread.run(Thread.java:748)
Caused by: java.net.SocketTimeoutException: 5000 millis timeout while waiting for channel to be ready for read. ch : java.nio.channels.SocketChannel[connected local=/127.0.0.1:48190 remote=/127.0.0.1:13965]
	at org.apache.hadoop.net.SocketIOWithTimeout.doIO(SocketIOWithTimeout.java:164)
	at org.apache.hadoop.net.SocketInputStream.read(SocketInputStream.java:161)
	at org.apache.hadoop.net.SocketInputStream.read(SocketInputStream.java:131)
	at java.io.FilterInputStream.read(FilterInputStream.java:133)
	at java.io.BufferedInputStream.fill(BufferedInputStream.java:246)
	at java.io.BufferedInputStream.read(BufferedInputStream.java:265)
	at java.io.FilterInputStream.read(FilterInputStream.java:83)
	at java.io.FilterInputStream.read(FilterInputStream.java:83)
	at org.apache.hadoop.ipc.Client$Connection$PingInputStream.read(Client.java:563)
	at java.io.DataInputStream.readInt(DataInputStream.java:387)
	at org.apache.hadoop.ipc.Client$IpcStreams.readResponse(Client.java:1892)
	at org.apache.hadoop.ipc.Client$Connection.receiveRpcResponse(Client.java:1202)
	at org.apache.hadoop.ipc.Client$Connection.run(Client.java:1098)
2021-10-16 02:30:26,818 [EndpointStateMachine task thread for /127.0.0.1:13965 - 0 ] WARN  statemachine.EndpointStateMachine (EndpointStateMachine.java:logIfNeeded(236)) - Unable to communicate to SCM server at 127.0.0.1:13965 for past 0 seconds.
java.net.SocketTimeoutException: Call From fv-az59-128/10.1.0.78 to localhost:13965 failed on socket timeout exception: java.net.SocketTimeoutException: 5000 millis timeout while waiting for channel to be ready for read. ch : java.nio.channels.SocketChannel[connected local=/127.0.0.1:48190 remote=/127.0.0.1:13965]; For more details see:  http://wiki.apache.org/hadoop/SocketTimeout
	at sun.reflect.GeneratedConstructorAccessor40.newInstance(Unknown Source)
	at sun.reflect.DelegatingConstructorAccessorImpl.newInstance(DelegatingConstructorAccessorImpl.java:45)
	at java.lang.reflect.Constructor.newInstance(Constructor.java:423)
	at org.apache.hadoop.net.NetUtils.wrapWithMessage(NetUtils.java:913)
	at org.apache.hadoop.net.NetUtils.wrapException(NetUtils.java:848)
	at org.apache.hadoop.ipc.Client.getRpcResponse(Client.java:1577)
	at org.apache.hadoop.ipc.Client.call(Client.java:1519)
	at org.apache.hadoop.ipc.Client.call(Client.java:1416)
	at org.apache.hadoop.ipc.ProtobufRpcEngine$Invoker.invoke(ProtobufRpcEngine.java:236)
	at org.apache.hadoop.ipc.ProtobufRpcEngine$Invoker.invoke(ProtobufRpcEngine.java:123)
	at com.sun.proxy.$Proxy48.submitRequest(Unknown Source)
	at org.apache.hadoop.ozone.protocolPB.StorageContainerDatanodeProtocolClientSideTranslatorPB.submitRequest(StorageContainerDatanodeProtocolClientSideTranslatorPB.java:117)
	at org.apache.hadoop.ozone.protocolPB.StorageContainerDatanodeProtocolClientSideTranslatorPB.getVersion(StorageContainerDatanodeProtocolClientSideTranslatorPB.java:133)
	at org.apache.hadoop.ozone.container.common.states.endpoint.VersionEndpointTask.call(VersionEndpointTask.java:71)
	at org.apache.hadoop.ozone.container.common.states.endpoint.VersionEndpointTask.call(VersionEndpointTask.java:42)
	at java.util.concurrent.FutureTask.run(FutureTask.java:266)
	at java.util.concurrent.ThreadPoolExecutor.runWorker(ThreadPoolExecutor.java:1149)
	at java.util.concurrent.ThreadPoolExecutor$Worker.run(ThreadPoolExecutor.java:624)
	at java.lang.Thread.run(Thread.java:748)
Caused by: java.net.SocketTimeoutException: 5000 millis timeout while waiting for channel to be ready for read. ch : java.nio.channels.SocketChannel[connected local=/127.0.0.1:48190 remote=/127.0.0.1:13965]
	at org.apache.hadoop.net.SocketIOWithTimeout.doIO(SocketIOWithTimeout.java:164)
	at org.apache.hadoop.net.SocketInputStream.read(SocketInputStream.java:161)
	at org.apache.hadoop.net.SocketInputStream.read(SocketInputStream.java:131)
	at java.io.FilterInputStream.read(FilterInputStream.java:133)
	at java.io.BufferedInputStream.fill(BufferedInputStream.java:246)
	at java.io.BufferedInputStream.read(BufferedInputStream.java:265)
	at java.io.FilterInputStream.read(FilterInputStream.java:83)
	at java.io.FilterInputStream.read(FilterInputStream.java:83)
	at org.apache.hadoop.ipc.Client$Connection$PingInputStream.read(Client.java:563)
	at java.io.DataInputStream.readInt(DataInputStream.java:387)
	at org.apache.hadoop.ipc.Client$IpcStreams.readResponse(Client.java:1892)
	at org.apache.hadoop.ipc.Client$Connection.receiveRpcResponse(Client.java:1202)
	at org.apache.hadoop.ipc.Client$Connection.run(Client.java:1098)
2021-10-16 02:30:26,822 [pool-265-thread-1] INFO  ratis.ContainerStateMachine (ContainerStateMachine.java:loadSnapshot(224)) - group-04136C3C34C0: The snapshot info is null. Setting the last applied indexto:(t:0, i:~)
2021-10-16 02:30:26,822 [pool-265-thread-1] INFO  server.RaftServerConfigKeys (ConfUtils.java:logGet(44)) - raft.server.notification.no-leader.timeout = 300s (custom)
2021-10-16 02:30:26,822 [pool-265-thread-1] INFO  server.RaftServerConfigKeys (ConfUtils.java:logGet(44)) - raft.server.log.use.memory = false (default)
2021-10-16 02:30:26,823 [pool-265-thread-1] INFO  server.RaftServerConfigKeys (ConfUtils.java:logGet(44)) - raft.server.log.purge.gap = 1000000 (custom)
2021-10-16 02:30:26,823 [pool-265-thread-1] INFO  server.RaftServerConfigKeys (ConfUtils.java:logGet(44)) - raft.server.log.appender.buffer.byte-limit = 33554432 (custom)
2021-10-16 02:30:26,825 [EventQueue-PipelineReportForPipelineReportHandler] INFO  pipeline.PipelineManagerImpl (PipelineManagerImpl.java:openPipeline(282)) - Pipeline Pipeline[ Id: f0c55b03-129a-464c-9ba4-04136c3c34c0, Nodes: 772a6939-f9dd-42bd-8136-52263074270c{ip: 127.0.0.1, host: localhost, ports: [REPLICATION=43353, RATIS=44475, RATIS_ADMIN=44475, RATIS_SERVER=44475, STANDALONE=40279], networkLocation: /default-rack, certSerialId: null, persistedOpState: IN_SERVICE, persistedOpStateExpiryEpochSec: 0}, ReplicationConfig: RATIS/ONE, State:ALLOCATED, leaderId:772a6939-f9dd-42bd-8136-52263074270c, CreationTimestamp2021-10-16T02:30:23.787Z[Etc/UTC]] moved to OPEN state
2021-10-16 02:30:26,826 [pool-265-thread-1] INFO  server.RaftServerConfigKeys (ConfUtils.java:logGet(44)) - raft.server.log.segment.size.max = 1048576 (custom)
2021-10-16 02:30:26,826 [EventQueue-PipelineReportForPipelineReportHandler] INFO  pipeline.PipelineManagerImpl (PipelineManagerImpl.java:openPipeline(282)) - Pipeline Pipeline[ Id: f0c55b03-129a-464c-9ba4-04136c3c34c0, Nodes: 772a6939-f9dd-42bd-8136-52263074270c{ip: 127.0.0.1, host: localhost, ports: [REPLICATION=43353, RATIS=44475, RATIS_ADMIN=44475, RATIS_SERVER=44475, STANDALONE=40279], networkLocation: /default-rack, certSerialId: null, persistedOpState: IN_SERVICE, persistedOpStateExpiryEpochSec: 0}, ReplicationConfig: RATIS/ONE, State:ALLOCATED, leaderId:772a6939-f9dd-42bd-8136-52263074270c, CreationTimestamp2021-10-16T02:30:23.787Z[Etc/UTC]] moved to OPEN state
2021-10-16 02:30:26,832 [pool-265-thread-1] INFO  server.RaftServerConfigKeys (ConfUtils.java:logGet(44)) - raft.server.log.segment.cache.num.max = 2 (custom)
2021-10-16 02:30:26,832 [pool-265-thread-1] INFO  server.RaftServerConfigKeys (ConfUtils.java:logGet(44)) - raft.server.log.segment.cache.size.max = 200MB (=209715200) (default)
2021-10-16 02:30:26,832 [pool-265-thread-1] INFO  segmented.SegmentedRaftLogWorker (SegmentedRaftLogWorker.java:<init>(182)) - new 772a6939-f9dd-42bd-8136-52263074270c@group-04136C3C34C0-SegmentedRaftLogWorker for RaftStorageImpl:Storage Directory /home/runner/work/ozone/ozone/hadoop-ozone/integration-test/target/test-dir/MiniOzoneClusterImpl-4eb377f1-b672-4075-9178-fccd761457f8/datanode-0/data/ratis/f0c55b03-129a-464c-9ba4-04136c3c34c0
2021-10-16 02:30:26,832 [pool-265-thread-1] INFO  server.RaftServerConfigKeys (ConfUtils.java:logGet(44)) - raft.server.log.queue.byte-limit = 2147483647 (custom)
2021-10-16 02:30:26,837 [pool-265-thread-1] INFO  server.RaftServerConfigKeys (ConfUtils.java:logGet(44)) - raft.server.log.queue.element-limit = 1024 (custom)
2021-10-16 02:30:26,837 [pool-265-thread-1] INFO  server.RaftServerConfigKeys (ConfUtils.java:logGet(44)) - raft.server.log.segment.size.max = 1048576 (custom)
2021-10-16 02:30:26,837 [pool-265-thread-1] INFO  server.RaftServerConfigKeys (ConfUtils.java:logGet(44)) - raft.server.log.preallocated.size = 16384 (custom)
2021-10-16 02:30:26,838 [pool-265-thread-1] INFO  server.RaftServerConfigKeys (ConfUtils.java:logGet(44)) - raft.server.log.force.sync.num = 128 (default)
2021-10-16 02:30:26,838 [pool-265-thread-1] INFO  server.RaftServerConfigKeys (ConfUtils.java:logGet(44)) - raft.server.log.statemachine.data.sync = true (default)
2021-10-16 02:30:26,838 [pool-265-thread-1] INFO  server.RaftServerConfigKeys (ConfUtils.java:logGet(44)) - raft.server.log.statemachine.data.sync.timeout = 10s (default)
2021-10-16 02:30:26,839 [pool-265-thread-1] INFO  server.RaftServerConfigKeys (ConfUtils.java:logGet(44)) - raft.server.log.statemachine.data.sync.timeout.retry = -1 (default)
2021-10-16 02:30:26,853 [pool-265-thread-1] INFO  server.RaftServerConfigKeys (ConfUtils.java:logGet(44)) - raft.server.log.write.buffer.size = 1048576 (custom)
2021-10-16 02:30:26,854 [pool-265-thread-1] INFO  server.RaftServerConfigKeys (ConfUtils.java:logGet(44)) - raft.server.log.statemachine.data.caching.enabled = true (custom)
2021-10-16 02:30:26,855 [pool-265-thread-1] INFO  segmented.SegmentedRaftLogWorker (SegmentedRaftLogWorker.java:lambda$new$0(133)) - 772a6939-f9dd-42bd-8136-52263074270c@group-04136C3C34C0-SegmentedRaftLogWorker: flushIndex: setUnconditionally 0 -> -1
2021-10-16 02:30:26,855 [pool-265-thread-1] INFO  segmented.SegmentedRaftLogWorker (SegmentedRaftLogWorker.java:lambda$new$0(133)) - 772a6939-f9dd-42bd-8136-52263074270c@group-04136C3C34C0-SegmentedRaftLogWorker: safeCacheEvictIndex: setUnconditionally 0 -> -1
2021-10-16 02:30:26,858 [3deaabcd-f5f1-47ac-8cd4-644b2fe93232@group-FCCD761457F8-StateMachineUpdater] INFO  safemode.HealthyPipelineSafeModeRule (HealthyPipelineSafeModeRule.java:initializeRule(152)) - Refreshed total pipeline count is 0, healthy pipeline threshold count is 1
2021-10-16 02:30:26,858 [EventQueue-PipelineReportForPipelineReportHandler] INFO  ha.SCMHAInvocationHandler (SCMHAInvocationHandler.java:invokeRatis(113)) - Invoking method public abstract void org.apache.hadoop.hdds.scm.pipeline.PipelineStateManager.updatePipelineState(org.apache.hadoop.hdds.protocol.proto.HddsProtos$PipelineID,org.apache.hadoop.hdds.protocol.proto.HddsProtos$PipelineState) throws java.io.IOException on target org.apache.hadoop.hdds.scm.ha.SCMRatisServerImpl@24987048, cost 32433.294us
2021-10-16 02:30:26,866 [pool-265-thread-1] INFO  server.RaftServerConfigKeys (ConfUtils.java:logGet(44)) - raft.server.snapshot.auto.trigger.enabled = true (custom)
2021-10-16 02:30:26,866 [pool-265-thread-1] INFO  server.RaftServerConfigKeys (ConfUtils.java:logGet(44)) - raft.server.snapshot.auto.trigger.threshold = 10000 (custom)
2021-10-16 02:30:26,867 [pool-265-thread-1] INFO  server.RaftServerConfigKeys (ConfUtils.java:logGet(44)) - raft.server.snapshot.retention.file.num = 5 (custom)
2021-10-16 02:30:26,867 [pool-265-thread-1] INFO  server.RaftServerConfigKeys (ConfUtils.java:logGet(44)) - raft.server.log.purge.upto.snapshot.index = false (default)
2021-10-16 02:30:26,888 [EventQueue-PipelineReportForPipelineReportHandler] INFO  ha.SCMHAInvocationHandler (SCMHAInvocationHandler.java:invokeRatis(113)) - Invoking method public abstract void org.apache.hadoop.hdds.scm.pipeline.PipelineStateManager.updatePipelineState(org.apache.hadoop.hdds.protocol.proto.HddsProtos$PipelineID,org.apache.hadoop.hdds.protocol.proto.HddsProtos$PipelineState) throws java.io.IOException on target org.apache.hadoop.hdds.scm.ha.SCMRatisServerImpl@275c2ffe, cost 62500.801us
2021-10-16 02:30:26,889 [EventQueue-OpenPipelineForHealthyPipelineSafeModeRule] INFO  safemode.SCMSafeModeManager (HealthyPipelineSafeModeRule.java:process(124)) - SCM in safe mode. Healthy pipelines reported count is 0, required healthy pipeline reported count is 1
2021-10-16 02:30:26,895 [8377993e-4b96-4dd4-a005-414dac6239f0@group-FCCD761457F8-StateMachineUpdater] INFO  safemode.HealthyPipelineSafeModeRule (HealthyPipelineSafeModeRule.java:initializeRule(152)) - Refreshed total pipeline count is 0, healthy pipeline threshold count is 1
2021-10-16 02:30:26,896 [pool-265-thread-1] INFO  server.RaftServerConfigKeys (ConfUtils.java:logGet(44)) - raft.server.retrycache.expirytime = 600000ms (custom)
2021-10-16 02:30:26,896 [pool-265-thread-1] INFO  server.RaftServerConfigKeys (ConfUtils.java:logGet(44)) - raft.server.retrycache.statistics.expirytime = 100μs (default)
2021-10-16 02:30:26,898 [pool-265-thread-1] INFO  server.RaftServer$Division (RaftServerImpl.java:start(296)) - 772a6939-f9dd-42bd-8136-52263074270c@group-04136C3C34C0: start as a follower, conf=-1: [772a6939-f9dd-42bd-8136-52263074270c|rpc:127.0.0.1:44475|priority:1], old=null
2021-10-16 02:30:26,902 [pool-265-thread-1] INFO  server.RaftServer$Division (RaftServerImpl.java:setRole(285)) - 772a6939-f9dd-42bd-8136-52263074270c@group-04136C3C34C0: changes role from      null to FOLLOWER at term 0 for startAsFollower
2021-10-16 02:30:26,902 [pool-265-thread-1] INFO  impl.RoleInfo (RoleInfo.java:updateAndGet(130)) - 772a6939-f9dd-42bd-8136-52263074270c: start 772a6939-f9dd-42bd-8136-52263074270c@group-04136C3C34C0-FollowerState
2021-10-16 02:30:26,915 [pool-265-thread-1] INFO  util.JmxRegister (JmxRegister.java:tryRegister(44)) - Successfully registered JMX Bean with object name Ratis:service=RaftServer,group=group-04136C3C34C0,id=772a6939-f9dd-42bd-8136-52263074270c
2021-10-16 02:30:26,917 [Command processor thread] INFO  ratis.XceiverServerRatis (XceiverServerRatis.java:addGroup(768)) - Created group PipelineID=f0c55b03-129a-464c-9ba4-04136c3c34c0
2021-10-16 02:30:26,917 [Command processor thread] INFO  commandhandler.CreatePipelineCommandHandler (CreatePipelineCommandHandler.java:handle(106)) - Created Pipeline RATIS ONE PipelineID=f0c55b03-129a-464c-9ba4-04136c3c34c0.
2021-10-16 02:30:26,918 [Command processor thread] INFO  server.RaftServer (RaftServerProxy.java:addNew(95)) - 772a6939-f9dd-42bd-8136-52263074270c: addNew group-73ED4CBBFF00:[1d141dcf-9f09-421f-a135-50b245bde98a|rpc:127.0.0.1:40089|priority:0, edc74d86-77ab-4f9b-98f8-a274c803e3f6|rpc:127.0.0.1:40253|priority:1, 772a6939-f9dd-42bd-8136-52263074270c|rpc:127.0.0.1:44475|priority:0] returns group-73ED4CBBFF00:java.util.concurrent.CompletableFuture@7d023aa7[Not completed]
2021-10-16 02:30:26,919 [pool-265-thread-1] INFO  server.RaftServer$Division (RaftServerImpl.java:<init>(181)) - 772a6939-f9dd-42bd-8136-52263074270c: new RaftServerImpl for group-73ED4CBBFF00:[1d141dcf-9f09-421f-a135-50b245bde98a|rpc:127.0.0.1:40089|priority:0, edc74d86-77ab-4f9b-98f8-a274c803e3f6|rpc:127.0.0.1:40253|priority:1, 772a6939-f9dd-42bd-8136-52263074270c|rpc:127.0.0.1:44475|priority:0] with ContainerStateMachine:uninitialized
2021-10-16 02:30:26,920 [pool-265-thread-1] INFO  server.RaftServerConfigKeys (ConfUtils.java:logGet(44)) - raft.server.rpc.timeout.min = 5s (custom)
2021-10-16 02:30:26,920 [pool-265-thread-1] INFO  server.RaftServerConfigKeys (ConfUtils.java:logGet(44)) - raft.server.rpc.timeout.max = 5200ms (custom)
2021-10-16 02:30:26,920 [pool-265-thread-1] INFO  server.RaftServerConfigKeys (ConfUtils.java:logGet(44)) - raft.server.rpc.sleep.time = 25ms (default)
2021-10-16 02:30:26,920 [pool-265-thread-1] INFO  server.RaftServerConfigKeys (ConfUtils.java:logGet(44)) - raft.server.rpc.slowness.timeout = 300s (custom)
2021-10-16 02:30:26,920 [pool-265-thread-1] INFO  server.RaftServerConfigKeys (ConfUtils.java:logGet(44)) - raft.server.leaderelection.leader.step-down.wait-time = 10s (default)
2021-10-16 02:30:26,920 [pool-265-thread-1] INFO  server.RaftServerConfigKeys (ConfUtils.java:logGet(44)) - raft.server.sleep.deviation.threshold = 300ms (default)
2021-10-16 02:30:26,920 [pool-265-thread-1] INFO  server.RaftServerConfigKeys (ConfUtils.java:logGet(44)) - raft.server.log.appender.install.snapshot.enabled = false (custom)
2021-10-16 02:30:26,920 [pool-265-thread-1] INFO  server.RaftServer$Division (ServerState.java:<init>(105)) - 772a6939-f9dd-42bd-8136-52263074270c@group-73ED4CBBFF00: ConfigurationManager, init=-1: [1d141dcf-9f09-421f-a135-50b245bde98a|rpc:127.0.0.1:40089|priority:0, edc74d86-77ab-4f9b-98f8-a274c803e3f6|rpc:127.0.0.1:40253|priority:1, 772a6939-f9dd-42bd-8136-52263074270c|rpc:127.0.0.1:44475|priority:0], old=null, confs=<EMPTY_MAP>
2021-10-16 02:30:26,921 [pool-265-thread-1] INFO  server.RaftServerConfigKeys (ConfUtils.java:logGet(44)) - raft.server.storage.dir = [/home/runner/work/ozone/ozone/hadoop-ozone/integration-test/target/test-dir/MiniOzoneClusterImpl-4eb377f1-b672-4075-9178-fccd761457f8/datanode-0/data/ratis] (custom)
2021-10-16 02:30:26,921 [pool-265-thread-1] INFO  server.RaftServerConfigKeys (ConfUtils.java:logGet(44)) - raft.server.log.corruption.policy = EXCEPTION (default)
2021-10-16 02:30:26,921 [pool-265-thread-1] INFO  server.RaftServerConfigKeys (ConfUtils.java:logGet(44)) - raft.server.storage.free-space.min = 0MB (=0) (default)
2021-10-16 02:30:26,921 [pool-265-thread-1] INFO  storage.RaftStorageDirectory (RaftStorageDirectoryImpl.java:analyzeStorage(135)) - The storage directory /home/runner/work/ozone/ozone/hadoop-ozone/integration-test/target/test-dir/MiniOzoneClusterImpl-4eb377f1-b672-4075-9178-fccd761457f8/datanode-0/data/ratis/f1e67424-e3bf-4453-abbf-73ed4cbbff00 does not exist. Creating ...
2021-10-16 02:30:26,923 [pool-265-thread-1] INFO  storage.RaftStorageDirectory (RaftStorageDirectoryImpl.java:tryLock(230)) - Lock on /home/runner/work/ozone/ozone/hadoop-ozone/integration-test/target/test-dir/MiniOzoneClusterImpl-4eb377f1-b672-4075-9178-fccd761457f8/datanode-0/data/ratis/f1e67424-e3bf-4453-abbf-73ed4cbbff00/in_use.lock acquired by nodename 30307@fv-az59-128
2021-10-16 02:30:26,924 [pool-265-thread-1] INFO  storage.RaftStorage (RaftStorageImpl.java:format(89)) - Storage directory /home/runner/work/ozone/ozone/hadoop-ozone/integration-test/target/test-dir/MiniOzoneClusterImpl-4eb377f1-b672-4075-9178-fccd761457f8/datanode-0/data/ratis/f1e67424-e3bf-4453-abbf-73ed4cbbff00 has been successfully formatted.
2021-10-16 02:30:26,934 [EventQueue-OpenPipelineForHealthyPipelineSafeModeRule] INFO  safemode.SCMSafeModeManager (HealthyPipelineSafeModeRule.java:process(124)) - SCM in safe mode. Healthy pipelines reported count is 0, required healthy pipeline reported count is 1
2021-10-16 02:30:26,947 [EventQueue-OpenPipelineForHealthyPipelineSafeModeRule] INFO  safemode.SCMSafeModeManager (HealthyPipelineSafeModeRule.java:process(124)) - SCM in safe mode. Healthy pipelines reported count is 0, required healthy pipeline reported count is 1
2021-10-16 02:30:26,952 [pool-265-thread-1] INFO  ratis.ContainerStateMachine (ContainerStateMachine.java:loadSnapshot(224)) - group-73ED4CBBFF00: The snapshot info is null. Setting the last applied indexto:(t:0, i:~)
2021-10-16 02:30:26,953 [pool-265-thread-1] INFO  server.RaftServerConfigKeys (ConfUtils.java:logGet(44)) - raft.server.notification.no-leader.timeout = 300s (custom)
2021-10-16 02:30:26,953 [pool-265-thread-1] INFO  server.RaftServerConfigKeys (ConfUtils.java:logGet(44)) - raft.server.log.use.memory = false (default)
2021-10-16 02:30:26,953 [pool-265-thread-1] INFO  server.RaftServerConfigKeys (ConfUtils.java:logGet(44)) - raft.server.log.purge.gap = 1000000 (custom)
2021-10-16 02:30:26,953 [pool-265-thread-1] INFO  server.RaftServerConfigKeys (ConfUtils.java:logGet(44)) - raft.server.log.appender.buffer.byte-limit = 33554432 (custom)
2021-10-16 02:30:26,953 [pool-265-thread-1] INFO  server.RaftServerConfigKeys (ConfUtils.java:logGet(44)) - raft.server.log.segment.size.max = 1048576 (custom)
2021-10-16 02:30:26,954 [pool-265-thread-1] INFO  server.RaftServerConfigKeys (ConfUtils.java:logGet(44)) - raft.server.log.segment.cache.num.max = 2 (custom)
2021-10-16 02:30:26,954 [pool-265-thread-1] INFO  server.RaftServerConfigKeys (ConfUtils.java:logGet(44)) - raft.server.log.segment.cache.size.max = 200MB (=209715200) (default)
2021-10-16 02:30:26,955 [pool-265-thread-1] INFO  segmented.SegmentedRaftLogWorker (SegmentedRaftLogWorker.java:<init>(182)) - new 772a6939-f9dd-42bd-8136-52263074270c@group-73ED4CBBFF00-SegmentedRaftLogWorker for RaftStorageImpl:Storage Directory /home/runner/work/ozone/ozone/hadoop-ozone/integration-test/target/test-dir/MiniOzoneClusterImpl-4eb377f1-b672-4075-9178-fccd761457f8/datanode-0/data/ratis/f1e67424-e3bf-4453-abbf-73ed4cbbff00
2021-10-16 02:30:26,955 [pool-265-thread-1] INFO  server.RaftServerConfigKeys (ConfUtils.java:logGet(44)) - raft.server.log.queue.byte-limit = 2147483647 (custom)
2021-10-16 02:30:26,955 [pool-265-thread-1] INFO  server.RaftServerConfigKeys (ConfUtils.java:logGet(44)) - raft.server.log.queue.element-limit = 1024 (custom)
2021-10-16 02:30:26,955 [pool-265-thread-1] INFO  server.RaftServerConfigKeys (ConfUtils.java:logGet(44)) - raft.server.log.segment.size.max = 1048576 (custom)
2021-10-16 02:30:26,955 [pool-265-thread-1] INFO  server.RaftServerConfigKeys (ConfUtils.java:logGet(44)) - raft.server.log.preallocated.size = 16384 (custom)
2021-10-16 02:30:26,955 [pool-265-thread-1] INFO  server.RaftServerConfigKeys (ConfUtils.java:logGet(44)) - raft.server.log.force.sync.num = 128 (default)
2021-10-16 02:30:26,955 [pool-265-thread-1] INFO  server.RaftServerConfigKeys (ConfUtils.java:logGet(44)) - raft.server.log.statemachine.data.sync = true (default)
2021-10-16 02:30:26,955 [pool-265-thread-1] INFO  server.RaftServerConfigKeys (ConfUtils.java:logGet(44)) - raft.server.log.statemachine.data.sync.timeout = 10s (default)
2021-10-16 02:30:26,955 [pool-265-thread-1] INFO  server.RaftServerConfigKeys (ConfUtils.java:logGet(44)) - raft.server.log.statemachine.data.sync.timeout.retry = -1 (default)
2021-10-16 02:30:26,957 [pool-265-thread-1] INFO  server.RaftServerConfigKeys (ConfUtils.java:logGet(44)) - raft.server.log.write.buffer.size = 1048576 (custom)
2021-10-16 02:30:26,958 [pool-265-thread-1] INFO  server.RaftServerConfigKeys (ConfUtils.java:logGet(44)) - raft.server.log.statemachine.data.caching.enabled = true (custom)
2021-10-16 02:30:26,959 [pool-265-thread-1] INFO  segmented.SegmentedRaftLogWorker (SegmentedRaftLogWorker.java:lambda$new$0(133)) - 772a6939-f9dd-42bd-8136-52263074270c@group-73ED4CBBFF00-SegmentedRaftLogWorker: flushIndex: setUnconditionally 0 -> -1
2021-10-16 02:30:26,960 [pool-265-thread-1] INFO  segmented.SegmentedRaftLogWorker (SegmentedRaftLogWorker.java:lambda$new$0(133)) - 772a6939-f9dd-42bd-8136-52263074270c@group-73ED4CBBFF00-SegmentedRaftLogWorker: safeCacheEvictIndex: setUnconditionally 0 -> -1
2021-10-16 02:30:26,964 [pool-265-thread-1] INFO  server.RaftServerConfigKeys (ConfUtils.java:logGet(44)) - raft.server.snapshot.auto.trigger.enabled = true (custom)
2021-10-16 02:30:26,964 [pool-265-thread-1] INFO  server.RaftServerConfigKeys (ConfUtils.java:logGet(44)) - raft.server.snapshot.auto.trigger.threshold = 10000 (custom)
2021-10-16 02:30:26,965 [pool-265-thread-1] INFO  server.RaftServerConfigKeys (ConfUtils.java:logGet(44)) - raft.server.snapshot.retention.file.num = 5 (custom)
2021-10-16 02:30:26,965 [pool-265-thread-1] INFO  server.RaftServerConfigKeys (ConfUtils.java:logGet(44)) - raft.server.log.purge.upto.snapshot.index = false (default)
2021-10-16 02:30:26,965 [pool-265-thread-1] INFO  server.RaftServerConfigKeys (ConfUtils.java:logGet(44)) - raft.server.retrycache.expirytime = 600000ms (custom)
2021-10-16 02:30:26,965 [pool-265-thread-1] INFO  server.RaftServerConfigKeys (ConfUtils.java:logGet(44)) - raft.server.retrycache.statistics.expirytime = 100μs (default)
2021-10-16 02:30:26,967 [pool-265-thread-1] INFO  server.RaftServer$Division (RaftServerImpl.java:start(296)) - 772a6939-f9dd-42bd-8136-52263074270c@group-73ED4CBBFF00: start as a follower, conf=-1: [1d141dcf-9f09-421f-a135-50b245bde98a|rpc:127.0.0.1:40089|priority:0, edc74d86-77ab-4f9b-98f8-a274c803e3f6|rpc:127.0.0.1:40253|priority:1, 772a6939-f9dd-42bd-8136-52263074270c|rpc:127.0.0.1:44475|priority:0], old=null
2021-10-16 02:30:26,967 [pool-265-thread-1] INFO  server.RaftServer$Division (RaftServerImpl.java:setRole(285)) - 772a6939-f9dd-42bd-8136-52263074270c@group-73ED4CBBFF00: changes role from      null to FOLLOWER at term 0 for startAsFollower
2021-10-16 02:30:26,968 [pool-265-thread-1] INFO  impl.RoleInfo (RoleInfo.java:updateAndGet(130)) - 772a6939-f9dd-42bd-8136-52263074270c: start 772a6939-f9dd-42bd-8136-52263074270c@group-73ED4CBBFF00-FollowerState
2021-10-16 02:30:26,980 [pool-265-thread-1] INFO  util.JmxRegister (JmxRegister.java:tryRegister(44)) - Successfully registered JMX Bean with object name Ratis:service=RaftServer,group=group-73ED4CBBFF00,id=772a6939-f9dd-42bd-8136-52263074270c
2021-10-16 02:30:26,984 [Command processor thread] INFO  ratis.XceiverServerRatis (XceiverServerRatis.java:addGroup(768)) - Created group PipelineID=f1e67424-e3bf-4453-abbf-73ed4cbbff00
2021-10-16 02:30:26,993 [Listener at 127.0.0.1/13164] INFO  ozone.MiniOzoneClusterImpl (MiniOzoneClusterImpl.java:lambda$waitForClusterToBeReady$0(235)) - Nodes are ready. Got 3 of 3 DN Heartbeats.
2021-10-16 02:30:26,993 [Listener at 127.0.0.1/13164] INFO  ozone.MiniOzoneClusterImpl (MiniOzoneClusterImpl.java:lambda$waitForClusterToBeReady$0(238)) - Waiting for cluster to exit safe mode
2021-10-16 02:30:26,993 [Listener at 127.0.0.1/13164] INFO  ozone.MiniOzoneClusterImpl (MiniOzoneClusterImpl.java:lambda$waitForClusterToBeReady$0(240)) - SCM became leader
2021-10-16 02:30:27,006 [grpc-default-executor-2] INFO  server.RaftServer (RaftServerProxy.java:addNew(95)) - 1d141dcf-9f09-421f-a135-50b245bde98a: addNew group-73ED4CBBFF00:[1d141dcf-9f09-421f-a135-50b245bde98a|rpc:127.0.0.1:40089|dataStream:|priority:0, edc74d86-77ab-4f9b-98f8-a274c803e3f6|rpc:127.0.0.1:40253|dataStream:|priority:1, 772a6939-f9dd-42bd-8136-52263074270c|rpc:127.0.0.1:44475|dataStream:|priority:0] returns group-73ED4CBBFF00:java.util.concurrent.CompletableFuture@1242e2b5[Not completed]
2021-10-16 02:30:27,010 [pool-286-thread-1] INFO  server.RaftServer$Division (RaftServerImpl.java:<init>(181)) - 1d141dcf-9f09-421f-a135-50b245bde98a: new RaftServerImpl for group-73ED4CBBFF00:[1d141dcf-9f09-421f-a135-50b245bde98a|rpc:127.0.0.1:40089|dataStream:|priority:0, edc74d86-77ab-4f9b-98f8-a274c803e3f6|rpc:127.0.0.1:40253|dataStream:|priority:1, 772a6939-f9dd-42bd-8136-52263074270c|rpc:127.0.0.1:44475|dataStream:|priority:0] with ContainerStateMachine:uninitialized
2021-10-16 02:30:27,026 [pool-286-thread-1] INFO  server.RaftServerConfigKeys (ConfUtils.java:logGet(44)) - raft.server.rpc.timeout.min = 5s (custom)
2021-10-16 02:30:27,026 [pool-286-thread-1] INFO  server.RaftServerConfigKeys (ConfUtils.java:logGet(44)) - raft.server.rpc.timeout.max = 5200ms (custom)
2021-10-16 02:30:27,026 [pool-286-thread-1] INFO  server.RaftServerConfigKeys (ConfUtils.java:logGet(44)) - raft.server.rpc.sleep.time = 25ms (default)
2021-10-16 02:30:27,026 [pool-286-thread-1] INFO  server.RaftServerConfigKeys (ConfUtils.java:logGet(44)) - raft.server.rpc.slowness.timeout = 300s (custom)
2021-10-16 02:30:27,026 [pool-286-thread-1] INFO  server.RaftServerConfigKeys (ConfUtils.java:logGet(44)) - raft.server.leaderelection.leader.step-down.wait-time = 10s (default)
2021-10-16 02:30:27,026 [pool-286-thread-1] INFO  server.RaftServerConfigKeys (ConfUtils.java:logGet(44)) - raft.server.sleep.deviation.threshold = 300ms (default)
2021-10-16 02:30:27,026 [pool-286-thread-1] INFO  server.RaftServerConfigKeys (ConfUtils.java:logGet(44)) - raft.server.log.appender.install.snapshot.enabled = false (custom)
2021-10-16 02:30:27,027 [pool-286-thread-1] INFO  server.RaftServer$Division (ServerState.java:<init>(105)) - 1d141dcf-9f09-421f-a135-50b245bde98a@group-73ED4CBBFF00: ConfigurationManager, init=-1: [1d141dcf-9f09-421f-a135-50b245bde98a|rpc:127.0.0.1:40089|dataStream:|priority:0, edc74d86-77ab-4f9b-98f8-a274c803e3f6|rpc:127.0.0.1:40253|dataStream:|priority:1, 772a6939-f9dd-42bd-8136-52263074270c|rpc:127.0.0.1:44475|dataStream:|priority:0], old=null, confs=<EMPTY_MAP>
2021-10-16 02:30:27,027 [pool-286-thread-1] INFO  server.RaftServerConfigKeys (ConfUtils.java:logGet(44)) - raft.server.storage.dir = [/home/runner/work/ozone/ozone/hadoop-ozone/integration-test/target/test-dir/MiniOzoneClusterImpl-4eb377f1-b672-4075-9178-fccd761457f8/datanode-1/data/ratis] (custom)
2021-10-16 02:30:27,028 [pool-286-thread-1] INFO  server.RaftServerConfigKeys (ConfUtils.java:logGet(44)) - raft.server.log.corruption.policy = EXCEPTION (default)
2021-10-16 02:30:27,028 [pool-286-thread-1] INFO  server.RaftServerConfigKeys (ConfUtils.java:logGet(44)) - raft.server.storage.free-space.min = 0MB (=0) (default)
2021-10-16 02:30:27,028 [pool-286-thread-1] INFO  storage.RaftStorageDirectory (RaftStorageDirectoryImpl.java:analyzeStorage(135)) - The storage directory /home/runner/work/ozone/ozone/hadoop-ozone/integration-test/target/test-dir/MiniOzoneClusterImpl-4eb377f1-b672-4075-9178-fccd761457f8/datanode-1/data/ratis/f1e67424-e3bf-4453-abbf-73ed4cbbff00 does not exist. Creating ...
2021-10-16 02:30:27,036 [pool-286-thread-1] INFO  storage.RaftStorageDirectory (RaftStorageDirectoryImpl.java:tryLock(230)) - Lock on /home/runner/work/ozone/ozone/hadoop-ozone/integration-test/target/test-dir/MiniOzoneClusterImpl-4eb377f1-b672-4075-9178-fccd761457f8/datanode-1/data/ratis/f1e67424-e3bf-4453-abbf-73ed4cbbff00/in_use.lock acquired by nodename 30307@fv-az59-128
2021-10-16 02:30:27,043 [pool-286-thread-1] INFO  storage.RaftStorage (RaftStorageImpl.java:format(89)) - Storage directory /home/runner/work/ozone/ozone/hadoop-ozone/integration-test/target/test-dir/MiniOzoneClusterImpl-4eb377f1-b672-4075-9178-fccd761457f8/datanode-1/data/ratis/f1e67424-e3bf-4453-abbf-73ed4cbbff00 has been successfully formatted.
2021-10-16 02:30:27,051 [pool-286-thread-1] INFO  ratis.ContainerStateMachine (ContainerStateMachine.java:loadSnapshot(224)) - group-73ED4CBBFF00: The snapshot info is null. Setting the last applied indexto:(t:0, i:~)
2021-10-16 02:30:27,054 [pool-286-thread-1] INFO  server.RaftServerConfigKeys (ConfUtils.java:logGet(44)) - raft.server.notification.no-leader.timeout = 300s (custom)
2021-10-16 02:30:27,055 [pool-286-thread-1] INFO  server.RaftServerConfigKeys (ConfUtils.java:logGet(44)) - raft.server.log.use.memory = false (default)
2021-10-16 02:30:27,055 [pool-286-thread-1] INFO  server.RaftServerConfigKeys (ConfUtils.java:logGet(44)) - raft.server.log.purge.gap = 1000000 (custom)
2021-10-16 02:30:27,058 [pool-286-thread-1] INFO  server.RaftServerConfigKeys (ConfUtils.java:logGet(44)) - raft.server.log.appender.buffer.byte-limit = 33554432 (custom)
2021-10-16 02:30:27,059 [pool-286-thread-1] INFO  server.RaftServerConfigKeys (ConfUtils.java:logGet(44)) - raft.server.log.segment.size.max = 1048576 (custom)
2021-10-16 02:30:27,061 [pool-286-thread-1] INFO  server.RaftServerConfigKeys (ConfUtils.java:logGet(44)) - raft.server.log.segment.cache.num.max = 2 (custom)
2021-10-16 02:30:27,061 [pool-286-thread-1] INFO  server.RaftServerConfigKeys (ConfUtils.java:logGet(44)) - raft.server.log.segment.cache.size.max = 200MB (=209715200) (default)
2021-10-16 02:30:27,061 [pool-286-thread-1] INFO  segmented.SegmentedRaftLogWorker (SegmentedRaftLogWorker.java:<init>(182)) - new 1d141dcf-9f09-421f-a135-50b245bde98a@group-73ED4CBBFF00-SegmentedRaftLogWorker for RaftStorageImpl:Storage Directory /home/runner/work/ozone/ozone/hadoop-ozone/integration-test/target/test-dir/MiniOzoneClusterImpl-4eb377f1-b672-4075-9178-fccd761457f8/datanode-1/data/ratis/f1e67424-e3bf-4453-abbf-73ed4cbbff00
2021-10-16 02:30:27,061 [pool-286-thread-1] INFO  server.RaftServerConfigKeys (ConfUtils.java:logGet(44)) - raft.server.log.queue.byte-limit = 2147483647 (custom)
2021-10-16 02:30:27,061 [pool-286-thread-1] INFO  server.RaftServerConfigKeys (ConfUtils.java:logGet(44)) - raft.server.log.queue.element-limit = 1024 (custom)
2021-10-16 02:30:27,061 [pool-286-thread-1] INFO  server.RaftServerConfigKeys (ConfUtils.java:logGet(44)) - raft.server.log.segment.size.max = 1048576 (custom)
2021-10-16 02:30:27,062 [pool-286-thread-1] INFO  server.RaftServerConfigKeys (ConfUtils.java:logGet(44)) - raft.server.log.preallocated.size = 16384 (custom)
2021-10-16 02:30:27,068 [pool-286-thread-1] INFO  server.RaftServerConfigKeys (ConfUtils.java:logGet(44)) - raft.server.log.force.sync.num = 128 (default)
2021-10-16 02:30:27,069 [pool-286-thread-1] INFO  server.RaftServerConfigKeys (ConfUtils.java:logGet(44)) - raft.server.log.statemachine.data.sync = true (default)
2021-10-16 02:30:27,069 [pool-286-thread-1] INFO  server.RaftServerConfigKeys (ConfUtils.java:logGet(44)) - raft.server.log.statemachine.data.sync.timeout = 10s (default)
2021-10-16 02:30:27,069 [pool-286-thread-1] INFO  server.RaftServerConfigKeys (ConfUtils.java:logGet(44)) - raft.server.log.statemachine.data.sync.timeout.retry = -1 (default)
2021-10-16 02:30:27,070 [pool-286-thread-1] INFO  server.RaftServerConfigKeys (ConfUtils.java:logGet(44)) - raft.server.log.write.buffer.size = 1048576 (custom)
2021-10-16 02:30:27,071 [pool-286-thread-1] INFO  server.RaftServerConfigKeys (ConfUtils.java:logGet(44)) - raft.server.log.statemachine.data.caching.enabled = true (custom)
2021-10-16 02:30:27,073 [pool-286-thread-1] INFO  segmented.SegmentedRaftLogWorker (SegmentedRaftLogWorker.java:lambda$new$0(133)) - 1d141dcf-9f09-421f-a135-50b245bde98a@group-73ED4CBBFF00-SegmentedRaftLogWorker: flushIndex: setUnconditionally 0 -> -1
2021-10-16 02:30:27,073 [pool-286-thread-1] INFO  segmented.SegmentedRaftLogWorker (SegmentedRaftLogWorker.java:lambda$new$0(133)) - 1d141dcf-9f09-421f-a135-50b245bde98a@group-73ED4CBBFF00-SegmentedRaftLogWorker: safeCacheEvictIndex: setUnconditionally 0 -> -1
2021-10-16 02:30:27,074 [pool-286-thread-1] INFO  server.RaftServerConfigKeys (ConfUtils.java:logGet(44)) - raft.server.snapshot.auto.trigger.enabled = true (custom)
2021-10-16 02:30:27,074 [pool-286-thread-1] INFO  server.RaftServerConfigKeys (ConfUtils.java:logGet(44)) - raft.server.snapshot.auto.trigger.threshold = 10000 (custom)
2021-10-16 02:30:27,074 [pool-286-thread-1] INFO  server.RaftServerConfigKeys (ConfUtils.java:logGet(44)) - raft.server.snapshot.retention.file.num = 5 (custom)
2021-10-16 02:30:27,074 [pool-286-thread-1] INFO  server.RaftServerConfigKeys (ConfUtils.java:logGet(44)) - raft.server.log.purge.upto.snapshot.index = false (default)
2021-10-16 02:30:27,074 [pool-286-thread-1] INFO  server.RaftServerConfigKeys (ConfUtils.java:logGet(44)) - raft.server.retrycache.expirytime = 600000ms (custom)
2021-10-16 02:30:27,074 [pool-286-thread-1] INFO  server.RaftServerConfigKeys (ConfUtils.java:logGet(44)) - raft.server.retrycache.statistics.expirytime = 100μs (default)
2021-10-16 02:30:27,076 [pool-286-thread-1] INFO  server.RaftServer$Division (RaftServerImpl.java:start(296)) - 1d141dcf-9f09-421f-a135-50b245bde98a@group-73ED4CBBFF00: start as a follower, conf=-1: [1d141dcf-9f09-421f-a135-50b245bde98a|rpc:127.0.0.1:40089|dataStream:|priority:0, edc74d86-77ab-4f9b-98f8-a274c803e3f6|rpc:127.0.0.1:40253|dataStream:|priority:1, 772a6939-f9dd-42bd-8136-52263074270c|rpc:127.0.0.1:44475|dataStream:|priority:0], old=null
2021-10-16 02:30:27,076 [pool-286-thread-1] INFO  server.RaftServer$Division (RaftServerImpl.java:setRole(285)) - 1d141dcf-9f09-421f-a135-50b245bde98a@group-73ED4CBBFF00: changes role from      null to FOLLOWER at term 0 for startAsFollower
2021-10-16 02:30:27,076 [pool-286-thread-1] INFO  impl.RoleInfo (RoleInfo.java:updateAndGet(130)) - 1d141dcf-9f09-421f-a135-50b245bde98a: start 1d141dcf-9f09-421f-a135-50b245bde98a@group-73ED4CBBFF00-FollowerState
2021-10-16 02:30:27,098 [pool-286-thread-1] INFO  util.JmxRegister (JmxRegister.java:tryRegister(44)) - Successfully registered JMX Bean with object name Ratis:service=RaftServer,group=group-73ED4CBBFF00,id=1d141dcf-9f09-421f-a135-50b245bde98a
2021-10-16 02:30:27,145 [grpc-default-executor-2] INFO  server.RaftServer (RaftServerProxy.java:addNew(95)) - edc74d86-77ab-4f9b-98f8-a274c803e3f6: addNew group-73ED4CBBFF00:[1d141dcf-9f09-421f-a135-50b245bde98a|rpc:127.0.0.1:40089|dataStream:|priority:0, edc74d86-77ab-4f9b-98f8-a274c803e3f6|rpc:127.0.0.1:40253|dataStream:|priority:1, 772a6939-f9dd-42bd-8136-52263074270c|rpc:127.0.0.1:44475|dataStream:|priority:0] returns group-73ED4CBBFF00:java.util.concurrent.CompletableFuture@2be5d3d9[Not completed]
2021-10-16 02:30:27,148 [pool-307-thread-1] INFO  server.RaftServer$Division (RaftServerImpl.java:<init>(181)) - edc74d86-77ab-4f9b-98f8-a274c803e3f6: new RaftServerImpl for group-73ED4CBBFF00:[1d141dcf-9f09-421f-a135-50b245bde98a|rpc:127.0.0.1:40089|dataStream:|priority:0, edc74d86-77ab-4f9b-98f8-a274c803e3f6|rpc:127.0.0.1:40253|dataStream:|priority:1, 772a6939-f9dd-42bd-8136-52263074270c|rpc:127.0.0.1:44475|dataStream:|priority:0] with ContainerStateMachine:uninitialized
2021-10-16 02:30:27,157 [pool-307-thread-1] INFO  server.RaftServerConfigKeys (ConfUtils.java:logGet(44)) - raft.server.rpc.timeout.min = 5s (custom)
2021-10-16 02:30:27,157 [pool-307-thread-1] INFO  server.RaftServerConfigKeys (ConfUtils.java:logGet(44)) - raft.server.rpc.timeout.max = 5200ms (custom)
2021-10-16 02:30:27,158 [pool-307-thread-1] INFO  server.RaftServerConfigKeys (ConfUtils.java:logGet(44)) - raft.server.rpc.sleep.time = 25ms (default)
2021-10-16 02:30:27,158 [pool-307-thread-1] INFO  server.RaftServerConfigKeys (ConfUtils.java:logGet(44)) - raft.server.rpc.slowness.timeout = 300s (custom)
2021-10-16 02:30:27,158 [pool-307-thread-1] INFO  server.RaftServerConfigKeys (ConfUtils.java:logGet(44)) - raft.server.leaderelection.leader.step-down.wait-time = 10s (default)
2021-10-16 02:30:27,158 [pool-307-thread-1] INFO  server.RaftServerConfigKeys (ConfUtils.java:logGet(44)) - raft.server.sleep.deviation.threshold = 300ms (default)
2021-10-16 02:30:27,158 [pool-307-thread-1] INFO  server.RaftServerConfigKeys (ConfUtils.java:logGet(44)) - raft.server.log.appender.install.snapshot.enabled = false (custom)
2021-10-16 02:30:27,158 [pool-307-thread-1] INFO  server.RaftServer$Division (ServerState.java:<init>(105)) - edc74d86-77ab-4f9b-98f8-a274c803e3f6@group-73ED4CBBFF00: ConfigurationManager, init=-1: [1d141dcf-9f09-421f-a135-50b245bde98a|rpc:127.0.0.1:40089|dataStream:|priority:0, edc74d86-77ab-4f9b-98f8-a274c803e3f6|rpc:127.0.0.1:40253|dataStream:|priority:1, 772a6939-f9dd-42bd-8136-52263074270c|rpc:127.0.0.1:44475|dataStream:|priority:0], old=null, confs=<EMPTY_MAP>
2021-10-16 02:30:27,158 [pool-307-thread-1] INFO  server.RaftServerConfigKeys (ConfUtils.java:logGet(44)) - raft.server.storage.dir = [/home/runner/work/ozone/ozone/hadoop-ozone/integration-test/target/test-dir/MiniOzoneClusterImpl-4eb377f1-b672-4075-9178-fccd761457f8/datanode-2/data/ratis] (custom)
2021-10-16 02:30:27,159 [pool-307-thread-1] INFO  server.RaftServerConfigKeys (ConfUtils.java:logGet(44)) - raft.server.log.corruption.policy = EXCEPTION (default)
2021-10-16 02:30:27,159 [pool-307-thread-1] INFO  server.RaftServerConfigKeys (ConfUtils.java:logGet(44)) - raft.server.storage.free-space.min = 0MB (=0) (default)
2021-10-16 02:30:27,159 [pool-307-thread-1] INFO  storage.RaftStorageDirectory (RaftStorageDirectoryImpl.java:analyzeStorage(135)) - The storage directory /home/runner/work/ozone/ozone/hadoop-ozone/integration-test/target/test-dir/MiniOzoneClusterImpl-4eb377f1-b672-4075-9178-fccd761457f8/datanode-2/data/ratis/f1e67424-e3bf-4453-abbf-73ed4cbbff00 does not exist. Creating ...
2021-10-16 02:30:27,161 [pool-307-thread-1] INFO  storage.RaftStorageDirectory (RaftStorageDirectoryImpl.java:tryLock(230)) - Lock on /home/runner/work/ozone/ozone/hadoop-ozone/integration-test/target/test-dir/MiniOzoneClusterImpl-4eb377f1-b672-4075-9178-fccd761457f8/datanode-2/data/ratis/f1e67424-e3bf-4453-abbf-73ed4cbbff00/in_use.lock acquired by nodename 30307@fv-az59-128
2021-10-16 02:30:27,163 [pool-307-thread-1] INFO  storage.RaftStorage (RaftStorageImpl.java:format(89)) - Storage directory /home/runner/work/ozone/ozone/hadoop-ozone/integration-test/target/test-dir/MiniOzoneClusterImpl-4eb377f1-b672-4075-9178-fccd761457f8/datanode-2/data/ratis/f1e67424-e3bf-4453-abbf-73ed4cbbff00 has been successfully formatted.
2021-10-16 02:30:27,166 [pool-307-thread-1] INFO  ratis.ContainerStateMachine (ContainerStateMachine.java:loadSnapshot(224)) - group-73ED4CBBFF00: The snapshot info is null. Setting the last applied indexto:(t:0, i:~)
2021-10-16 02:30:27,166 [pool-307-thread-1] INFO  server.RaftServerConfigKeys (ConfUtils.java:logGet(44)) - raft.server.notification.no-leader.timeout = 300s (custom)
2021-10-16 02:30:27,167 [pool-307-thread-1] INFO  server.RaftServerConfigKeys (ConfUtils.java:logGet(44)) - raft.server.log.use.memory = false (default)
2021-10-16 02:30:27,167 [pool-307-thread-1] INFO  server.RaftServerConfigKeys (ConfUtils.java:logGet(44)) - raft.server.log.purge.gap = 1000000 (custom)
2021-10-16 02:30:27,167 [pool-307-thread-1] INFO  server.RaftServerConfigKeys (ConfUtils.java:logGet(44)) - raft.server.log.appender.buffer.byte-limit = 33554432 (custom)
2021-10-16 02:30:27,167 [pool-307-thread-1] INFO  server.RaftServerConfigKeys (ConfUtils.java:logGet(44)) - raft.server.log.segment.size.max = 1048576 (custom)
2021-10-16 02:30:27,168 [pool-307-thread-1] INFO  server.RaftServerConfigKeys (ConfUtils.java:logGet(44)) - raft.server.log.segment.cache.num.max = 2 (custom)
2021-10-16 02:30:27,168 [pool-307-thread-1] INFO  server.RaftServerConfigKeys (ConfUtils.java:logGet(44)) - raft.server.log.segment.cache.size.max = 200MB (=209715200) (default)
2021-10-16 02:30:27,168 [pool-307-thread-1] INFO  segmented.SegmentedRaftLogWorker (SegmentedRaftLogWorker.java:<init>(182)) - new edc74d86-77ab-4f9b-98f8-a274c803e3f6@group-73ED4CBBFF00-SegmentedRaftLogWorker for RaftStorageImpl:Storage Directory /home/runner/work/ozone/ozone/hadoop-ozone/integration-test/target/test-dir/MiniOzoneClusterImpl-4eb377f1-b672-4075-9178-fccd761457f8/datanode-2/data/ratis/f1e67424-e3bf-4453-abbf-73ed4cbbff00
2021-10-16 02:30:27,168 [pool-307-thread-1] INFO  server.RaftServerConfigKeys (ConfUtils.java:logGet(44)) - raft.server.log.queue.byte-limit = 2147483647 (custom)
2021-10-16 02:30:27,168 [pool-307-thread-1] INFO  server.RaftServerConfigKeys (ConfUtils.java:logGet(44)) - raft.server.log.queue.element-limit = 1024 (custom)
2021-10-16 02:30:27,168 [pool-307-thread-1] INFO  server.RaftServerConfigKeys (ConfUtils.java:logGet(44)) - raft.server.log.segment.size.max = 1048576 (custom)
2021-10-16 02:30:27,168 [pool-307-thread-1] INFO  server.RaftServerConfigKeys (ConfUtils.java:logGet(44)) - raft.server.log.preallocated.size = 16384 (custom)
2021-10-16 02:30:27,169 [pool-307-thread-1] INFO  server.RaftServerConfigKeys (ConfUtils.java:logGet(44)) - raft.server.log.force.sync.num = 128 (default)
2021-10-16 02:30:27,169 [pool-307-thread-1] INFO  server.RaftServerConfigKeys (ConfUtils.java:logGet(44)) - raft.server.log.statemachine.data.sync = true (default)
2021-10-16 02:30:27,169 [pool-307-thread-1] INFO  server.RaftServerConfigKeys (ConfUtils.java:logGet(44)) - raft.server.log.statemachine.data.sync.timeout = 10s (default)
2021-10-16 02:30:27,169 [pool-307-thread-1] INFO  server.RaftServerConfigKeys (ConfUtils.java:logGet(44)) - raft.server.log.statemachine.data.sync.timeout.retry = -1 (default)
2021-10-16 02:30:27,177 [pool-307-thread-1] INFO  server.RaftServerConfigKeys (ConfUtils.java:logGet(44)) - raft.server.log.write.buffer.size = 1048576 (custom)
2021-10-16 02:30:27,182 [pool-307-thread-1] INFO  server.RaftServerConfigKeys (ConfUtils.java:logGet(44)) - raft.server.log.statemachine.data.caching.enabled = true (custom)
2021-10-16 02:30:27,183 [pool-307-thread-1] INFO  segmented.SegmentedRaftLogWorker (SegmentedRaftLogWorker.java:lambda$new$0(133)) - edc74d86-77ab-4f9b-98f8-a274c803e3f6@group-73ED4CBBFF00-SegmentedRaftLogWorker: flushIndex: setUnconditionally 0 -> -1
2021-10-16 02:30:27,183 [pool-307-thread-1] INFO  segmented.SegmentedRaftLogWorker (SegmentedRaftLogWorker.java:lambda$new$0(133)) - edc74d86-77ab-4f9b-98f8-a274c803e3f6@group-73ED4CBBFF00-SegmentedRaftLogWorker: safeCacheEvictIndex: setUnconditionally 0 -> -1
2021-10-16 02:30:27,188 [pool-307-thread-1] INFO  server.RaftServerConfigKeys (ConfUtils.java:logGet(44)) - raft.server.snapshot.auto.trigger.enabled = true (custom)
2021-10-16 02:30:27,189 [pool-307-thread-1] INFO  server.RaftServerConfigKeys (ConfUtils.java:logGet(44)) - raft.server.snapshot.auto.trigger.threshold = 10000 (custom)
2021-10-16 02:30:27,189 [pool-307-thread-1] INFO  server.RaftServerConfigKeys (ConfUtils.java:logGet(44)) - raft.server.snapshot.retention.file.num = 5 (custom)
2021-10-16 02:30:27,189 [pool-307-thread-1] INFO  server.RaftServerConfigKeys (ConfUtils.java:logGet(44)) - raft.server.log.purge.upto.snapshot.index = false (default)
2021-10-16 02:30:27,189 [pool-307-thread-1] INFO  server.RaftServerConfigKeys (ConfUtils.java:logGet(44)) - raft.server.retrycache.expirytime = 600000ms (custom)
2021-10-16 02:30:27,189 [pool-307-thread-1] INFO  server.RaftServerConfigKeys (ConfUtils.java:logGet(44)) - raft.server.retrycache.statistics.expirytime = 100μs (default)
2021-10-16 02:30:27,191 [pool-307-thread-1] INFO  server.RaftServer$Division (RaftServerImpl.java:start(296)) - edc74d86-77ab-4f9b-98f8-a274c803e3f6@group-73ED4CBBFF00: start as a follower, conf=-1: [1d141dcf-9f09-421f-a135-50b245bde98a|rpc:127.0.0.1:40089|dataStream:|priority:0, edc74d86-77ab-4f9b-98f8-a274c803e3f6|rpc:127.0.0.1:40253|dataStream:|priority:1, 772a6939-f9dd-42bd-8136-52263074270c|rpc:127.0.0.1:44475|dataStream:|priority:0], old=null
2021-10-16 02:30:27,191 [pool-307-thread-1] INFO  server.RaftServer$Division (RaftServerImpl.java:setRole(285)) - edc74d86-77ab-4f9b-98f8-a274c803e3f6@group-73ED4CBBFF00: changes role from      null to FOLLOWER at term 0 for startAsFollower
2021-10-16 02:30:27,191 [pool-307-thread-1] INFO  impl.RoleInfo (RoleInfo.java:updateAndGet(130)) - edc74d86-77ab-4f9b-98f8-a274c803e3f6: start edc74d86-77ab-4f9b-98f8-a274c803e3f6@group-73ED4CBBFF00-FollowerState
2021-10-16 02:30:27,197 [pool-307-thread-1] INFO  util.JmxRegister (JmxRegister.java:tryRegister(44)) - Successfully registered JMX Bean with object name Ratis:service=RaftServer,group=group-73ED4CBBFF00,id=edc74d86-77ab-4f9b-98f8-a274c803e3f6
2021-10-16 02:30:27,217 [Command processor thread] INFO  commandhandler.CreatePipelineCommandHandler (CreatePipelineCommandHandler.java:handle(106)) - Created Pipeline RATIS THREE PipelineID=f1e67424-e3bf-4453-abbf-73ed4cbbff00.
2021-10-16 02:30:27,217 [Command processor thread] INFO  server.RaftServer (RaftServerProxy.java:addNew(95)) - 772a6939-f9dd-42bd-8136-52263074270c: addNew group-8FBAFD7CAFAB:[1d141dcf-9f09-421f-a135-50b245bde98a|rpc:127.0.0.1:40089|priority:0, edc74d86-77ab-4f9b-98f8-a274c803e3f6|rpc:127.0.0.1:40253|priority:0, 772a6939-f9dd-42bd-8136-52263074270c|rpc:127.0.0.1:44475|priority:1] returns group-8FBAFD7CAFAB:java.util.concurrent.CompletableFuture@7805d594[Not completed]
2021-10-16 02:30:27,218 [pool-265-thread-1] INFO  server.RaftServer$Division (RaftServerImpl.java:<init>(181)) - 772a6939-f9dd-42bd-8136-52263074270c: new RaftServerImpl for group-8FBAFD7CAFAB:[1d141dcf-9f09-421f-a135-50b245bde98a|rpc:127.0.0.1:40089|priority:0, edc74d86-77ab-4f9b-98f8-a274c803e3f6|rpc:127.0.0.1:40253|priority:0, 772a6939-f9dd-42bd-8136-52263074270c|rpc:127.0.0.1:44475|priority:1] with ContainerStateMachine:uninitialized
2021-10-16 02:30:27,218 [pool-265-thread-1] INFO  server.RaftServerConfigKeys (ConfUtils.java:logGet(44)) - raft.server.rpc.timeout.min = 5s (custom)
2021-10-16 02:30:27,218 [pool-265-thread-1] INFO  server.RaftServerConfigKeys (ConfUtils.java:logGet(44)) - raft.server.rpc.timeout.max = 5200ms (custom)
2021-10-16 02:30:27,218 [pool-265-thread-1] INFO  server.RaftServerConfigKeys (ConfUtils.java:logGet(44)) - raft.server.rpc.sleep.time = 25ms (default)
2021-10-16 02:30:27,218 [pool-265-thread-1] INFO  server.RaftServerConfigKeys (ConfUtils.java:logGet(44)) - raft.server.rpc.slowness.timeout = 300s (custom)
2021-10-16 02:30:27,218 [pool-265-thread-1] INFO  server.RaftServerConfigKeys (ConfUtils.java:logGet(44)) - raft.server.leaderelection.leader.step-down.wait-time = 10s (default)
2021-10-16 02:30:27,218 [pool-265-thread-1] INFO  server.RaftServerConfigKeys (ConfUtils.java:logGet(44)) - raft.server.sleep.deviation.threshold = 300ms (default)
2021-10-16 02:30:27,218 [pool-265-thread-1] INFO  server.RaftServerConfigKeys (ConfUtils.java:logGet(44)) - raft.server.log.appender.install.snapshot.enabled = false (custom)
2021-10-16 02:30:27,218 [pool-265-thread-1] INFO  server.RaftServer$Division (ServerState.java:<init>(105)) - 772a6939-f9dd-42bd-8136-52263074270c@group-8FBAFD7CAFAB: ConfigurationManager, init=-1: [1d141dcf-9f09-421f-a135-50b245bde98a|rpc:127.0.0.1:40089|priority:0, edc74d86-77ab-4f9b-98f8-a274c803e3f6|rpc:127.0.0.1:40253|priority:0, 772a6939-f9dd-42bd-8136-52263074270c|rpc:127.0.0.1:44475|priority:1], old=null, confs=<EMPTY_MAP>
2021-10-16 02:30:27,218 [pool-265-thread-1] INFO  server.RaftServerConfigKeys (ConfUtils.java:logGet(44)) - raft.server.storage.dir = [/home/runner/work/ozone/ozone/hadoop-ozone/integration-test/target/test-dir/MiniOzoneClusterImpl-4eb377f1-b672-4075-9178-fccd761457f8/datanode-0/data/ratis] (custom)
2021-10-16 02:30:27,219 [pool-265-thread-1] INFO  server.RaftServerConfigKeys (ConfUtils.java:logGet(44)) - raft.server.log.corruption.policy = EXCEPTION (default)
2021-10-16 02:30:27,219 [pool-265-thread-1] INFO  server.RaftServerConfigKeys (ConfUtils.java:logGet(44)) - raft.server.storage.free-space.min = 0MB (=0) (default)
2021-10-16 02:30:27,219 [pool-265-thread-1] INFO  storage.RaftStorageDirectory (RaftStorageDirectoryImpl.java:analyzeStorage(135)) - The storage directory /home/runner/work/ozone/ozone/hadoop-ozone/integration-test/target/test-dir/MiniOzoneClusterImpl-4eb377f1-b672-4075-9178-fccd761457f8/datanode-0/data/ratis/4b86bc2b-a2e2-4d58-855b-8fbafd7cafab does not exist. Creating ...
2021-10-16 02:30:27,221 [pool-265-thread-1] INFO  storage.RaftStorageDirectory (RaftStorageDirectoryImpl.java:tryLock(230)) - Lock on /home/runner/work/ozone/ozone/hadoop-ozone/integration-test/target/test-dir/MiniOzoneClusterImpl-4eb377f1-b672-4075-9178-fccd761457f8/datanode-0/data/ratis/4b86bc2b-a2e2-4d58-855b-8fbafd7cafab/in_use.lock acquired by nodename 30307@fv-az59-128
2021-10-16 02:30:27,222 [pool-265-thread-1] INFO  storage.RaftStorage (RaftStorageImpl.java:format(89)) - Storage directory /home/runner/work/ozone/ozone/hadoop-ozone/integration-test/target/test-dir/MiniOzoneClusterImpl-4eb377f1-b672-4075-9178-fccd761457f8/datanode-0/data/ratis/4b86bc2b-a2e2-4d58-855b-8fbafd7cafab has been successfully formatted.
2021-10-16 02:30:27,223 [pool-265-thread-1] INFO  ratis.ContainerStateMachine (ContainerStateMachine.java:loadSnapshot(224)) - group-8FBAFD7CAFAB: The snapshot info is null. Setting the last applied indexto:(t:0, i:~)
2021-10-16 02:30:27,223 [pool-265-thread-1] INFO  server.RaftServerConfigKeys (ConfUtils.java:logGet(44)) - raft.server.notification.no-leader.timeout = 300s (custom)
2021-10-16 02:30:27,223 [pool-265-thread-1] INFO  server.RaftServerConfigKeys (ConfUtils.java:logGet(44)) - raft.server.log.use.memory = false (default)
2021-10-16 02:30:27,223 [pool-265-thread-1] INFO  server.RaftServerConfigKeys (ConfUtils.java:logGet(44)) - raft.server.log.purge.gap = 1000000 (custom)
2021-10-16 02:30:27,223 [pool-265-thread-1] INFO  server.RaftServerConfigKeys (ConfUtils.java:logGet(44)) - raft.server.log.appender.buffer.byte-limit = 33554432 (custom)
2021-10-16 02:30:27,223 [pool-265-thread-1] INFO  server.RaftServerConfigKeys (ConfUtils.java:logGet(44)) - raft.server.log.segment.size.max = 1048576 (custom)
2021-10-16 02:30:27,226 [EventQueue-OpenPipelineForHealthyPipelineSafeModeRule] INFO  safemode.SCMSafeModeManager (HealthyPipelineSafeModeRule.java:process(124)) - SCM in safe mode. Healthy pipelines reported count is 0, required healthy pipeline reported count is 1
2021-10-16 02:30:27,227 [pool-265-thread-1] INFO  server.RaftServerConfigKeys (ConfUtils.java:logGet(44)) - raft.server.log.segment.cache.num.max = 2 (custom)
2021-10-16 02:30:27,227 [pool-265-thread-1] INFO  server.RaftServerConfigKeys (ConfUtils.java:logGet(44)) - raft.server.log.segment.cache.size.max = 200MB (=209715200) (default)
2021-10-16 02:30:27,227 [pool-265-thread-1] INFO  segmented.SegmentedRaftLogWorker (SegmentedRaftLogWorker.java:<init>(182)) - new 772a6939-f9dd-42bd-8136-52263074270c@group-8FBAFD7CAFAB-SegmentedRaftLogWorker for RaftStorageImpl:Storage Directory /home/runner/work/ozone/ozone/hadoop-ozone/integration-test/target/test-dir/MiniOzoneClusterImpl-4eb377f1-b672-4075-9178-fccd761457f8/datanode-0/data/ratis/4b86bc2b-a2e2-4d58-855b-8fbafd7cafab
2021-10-16 02:30:27,227 [pool-265-thread-1] INFO  server.RaftServerConfigKeys (ConfUtils.java:logGet(44)) - raft.server.log.queue.byte-limit = 2147483647 (custom)
2021-10-16 02:30:27,227 [pool-265-thread-1] INFO  server.RaftServerConfigKeys (ConfUtils.java:logGet(44)) - raft.server.log.queue.element-limit = 1024 (custom)
2021-10-16 02:30:27,228 [pool-265-thread-1] INFO  server.RaftServerConfigKeys (ConfUtils.java:logGet(44)) - raft.server.log.segment.size.max = 1048576 (custom)
2021-10-16 02:30:27,228 [pool-265-thread-1] INFO  server.RaftServerConfigKeys (ConfUtils.java:logGet(44)) - raft.server.log.preallocated.size = 16384 (custom)
2021-10-16 02:30:27,228 [EventQueue-OpenPipelineForHealthyPipelineSafeModeRule] INFO  safemode.SCMSafeModeManager (HealthyPipelineSafeModeRule.java:process(124)) - SCM in safe mode. Healthy pipelines reported count is 0, required healthy pipeline reported count is 1
2021-10-16 02:30:27,228 [pool-265-thread-1] INFO  server.RaftServerConfigKeys (ConfUtils.java:logGet(44)) - raft.server.log.force.sync.num = 128 (default)
2021-10-16 02:30:27,229 [pool-265-thread-1] INFO  server.RaftServerConfigKeys (ConfUtils.java:logGet(44)) - raft.server.log.statemachine.data.sync = true (default)
2021-10-16 02:30:27,229 [pool-265-thread-1] INFO  server.RaftServerConfigKeys (ConfUtils.java:logGet(44)) - raft.server.log.statemachine.data.sync.timeout = 10s (default)
2021-10-16 02:30:27,229 [pool-265-thread-1] INFO  server.RaftServerConfigKeys (ConfUtils.java:logGet(44)) - raft.server.log.statemachine.data.sync.timeout.retry = -1 (default)
2021-10-16 02:30:27,233 [pool-265-thread-1] INFO  server.RaftServerConfigKeys (ConfUtils.java:logGet(44)) - raft.server.log.write.buffer.size = 1048576 (custom)
2021-10-16 02:30:27,234 [pool-265-thread-1] INFO  server.RaftServerConfigKeys (ConfUtils.java:logGet(44)) - raft.server.log.statemachine.data.caching.enabled = true (custom)
2021-10-16 02:30:27,234 [pool-265-thread-1] INFO  segmented.SegmentedRaftLogWorker (SegmentedRaftLogWorker.java:lambda$new$0(133)) - 772a6939-f9dd-42bd-8136-52263074270c@group-8FBAFD7CAFAB-SegmentedRaftLogWorker: flushIndex: setUnconditionally 0 -> -1
2021-10-16 02:30:27,234 [pool-265-thread-1] INFO  segmented.SegmentedRaftLogWorker (SegmentedRaftLogWorker.java:lambda$new$0(133)) - 772a6939-f9dd-42bd-8136-52263074270c@group-8FBAFD7CAFAB-SegmentedRaftLogWorker: safeCacheEvictIndex: setUnconditionally 0 -> -1
2021-10-16 02:30:27,234 [pool-265-thread-1] INFO  server.RaftServerConfigKeys (ConfUtils.java:logGet(44)) - raft.server.snapshot.auto.trigger.enabled = true (custom)
2021-10-16 02:30:27,234 [pool-265-thread-1] INFO  server.RaftServerConfigKeys (ConfUtils.java:logGet(44)) - raft.server.snapshot.auto.trigger.threshold = 10000 (custom)
2021-10-16 02:30:27,234 [pool-265-thread-1] INFO  server.RaftServerConfigKeys (ConfUtils.java:logGet(44)) - raft.server.snapshot.retention.file.num = 5 (custom)
2021-10-16 02:30:27,234 [pool-265-thread-1] INFO  server.RaftServerConfigKeys (ConfUtils.java:logGet(44)) - raft.server.log.purge.upto.snapshot.index = false (default)
2021-10-16 02:30:27,234 [pool-265-thread-1] INFO  server.RaftServerConfigKeys (ConfUtils.java:logGet(44)) - raft.server.retrycache.expirytime = 600000ms (custom)
2021-10-16 02:30:27,235 [pool-265-thread-1] INFO  server.RaftServerConfigKeys (ConfUtils.java:logGet(44)) - raft.server.retrycache.statistics.expirytime = 100μs (default)
2021-10-16 02:30:27,237 [pool-265-thread-1] INFO  server.RaftServer$Division (RaftServerImpl.java:start(296)) - 772a6939-f9dd-42bd-8136-52263074270c@group-8FBAFD7CAFAB: start as a follower, conf=-1: [1d141dcf-9f09-421f-a135-50b245bde98a|rpc:127.0.0.1:40089|priority:0, edc74d86-77ab-4f9b-98f8-a274c803e3f6|rpc:127.0.0.1:40253|priority:0, 772a6939-f9dd-42bd-8136-52263074270c|rpc:127.0.0.1:44475|priority:1], old=null
2021-10-16 02:30:27,237 [pool-265-thread-1] INFO  server.RaftServer$Division (RaftServerImpl.java:setRole(285)) - 772a6939-f9dd-42bd-8136-52263074270c@group-8FBAFD7CAFAB: changes role from      null to FOLLOWER at term 0 for startAsFollower
2021-10-16 02:30:27,238 [pool-265-thread-1] INFO  impl.RoleInfo (RoleInfo.java:updateAndGet(130)) - 772a6939-f9dd-42bd-8136-52263074270c: start 772a6939-f9dd-42bd-8136-52263074270c@group-8FBAFD7CAFAB-FollowerState
2021-10-16 02:30:27,238 [pool-265-thread-1] INFO  util.JmxRegister (JmxRegister.java:tryRegister(44)) - Successfully registered JMX Bean with object name Ratis:service=RaftServer,group=group-8FBAFD7CAFAB,id=772a6939-f9dd-42bd-8136-52263074270c
2021-10-16 02:30:27,239 [Command processor thread] INFO  ratis.XceiverServerRatis (XceiverServerRatis.java:addGroup(768)) - Created group PipelineID=4b86bc2b-a2e2-4d58-855b-8fbafd7cafab
2021-10-16 02:30:27,258 [grpc-default-executor-2] INFO  server.RaftServer (RaftServerProxy.java:addNew(95)) - 1d141dcf-9f09-421f-a135-50b245bde98a: addNew group-8FBAFD7CAFAB:[1d141dcf-9f09-421f-a135-50b245bde98a|rpc:127.0.0.1:40089|dataStream:|priority:0, edc74d86-77ab-4f9b-98f8-a274c803e3f6|rpc:127.0.0.1:40253|dataStream:|priority:0, 772a6939-f9dd-42bd-8136-52263074270c|rpc:127.0.0.1:44475|dataStream:|priority:1] returns group-8FBAFD7CAFAB:java.util.concurrent.CompletableFuture@6e408337[Not completed]
2021-10-16 02:30:27,259 [pool-286-thread-1] INFO  server.RaftServer$Division (RaftServerImpl.java:<init>(181)) - 1d141dcf-9f09-421f-a135-50b245bde98a: new RaftServerImpl for group-8FBAFD7CAFAB:[1d141dcf-9f09-421f-a135-50b245bde98a|rpc:127.0.0.1:40089|dataStream:|priority:0, edc74d86-77ab-4f9b-98f8-a274c803e3f6|rpc:127.0.0.1:40253|dataStream:|priority:0, 772a6939-f9dd-42bd-8136-52263074270c|rpc:127.0.0.1:44475|dataStream:|priority:1] with ContainerStateMachine:uninitialized
2021-10-16 02:30:27,259 [pool-286-thread-1] INFO  server.RaftServerConfigKeys (ConfUtils.java:logGet(44)) - raft.server.rpc.timeout.min = 5s (custom)
2021-10-16 02:30:27,259 [pool-286-thread-1] INFO  server.RaftServerConfigKeys (ConfUtils.java:logGet(44)) - raft.server.rpc.timeout.max = 5200ms (custom)
2021-10-16 02:30:27,259 [pool-286-thread-1] INFO  server.RaftServerConfigKeys (ConfUtils.java:logGet(44)) - raft.server.rpc.sleep.time = 25ms (default)
2021-10-16 02:30:27,259 [pool-286-thread-1] INFO  server.RaftServerConfigKeys (ConfUtils.java:logGet(44)) - raft.server.rpc.slowness.timeout = 300s (custom)
2021-10-16 02:30:27,259 [pool-286-thread-1] INFO  server.RaftServerConfigKeys (ConfUtils.java:logGet(44)) - raft.server.leaderelection.leader.step-down.wait-time = 10s (default)
2021-10-16 02:30:27,259 [pool-286-thread-1] INFO  server.RaftServerConfigKeys (ConfUtils.java:logGet(44)) - raft.server.sleep.deviation.threshold = 300ms (default)
2021-10-16 02:30:27,259 [pool-286-thread-1] INFO  server.RaftServerConfigKeys (ConfUtils.java:logGet(44)) - raft.server.log.appender.install.snapshot.enabled = false (custom)
2021-10-16 02:30:27,259 [pool-286-thread-1] INFO  server.RaftServer$Division (ServerState.java:<init>(105)) - 1d141dcf-9f09-421f-a135-50b245bde98a@group-8FBAFD7CAFAB: ConfigurationManager, init=-1: [1d141dcf-9f09-421f-a135-50b245bde98a|rpc:127.0.0.1:40089|dataStream:|priority:0, edc74d86-77ab-4f9b-98f8-a274c803e3f6|rpc:127.0.0.1:40253|dataStream:|priority:0, 772a6939-f9dd-42bd-8136-52263074270c|rpc:127.0.0.1:44475|dataStream:|priority:1], old=null, confs=<EMPTY_MAP>
2021-10-16 02:30:27,260 [pool-286-thread-1] INFO  server.RaftServerConfigKeys (ConfUtils.java:logGet(44)) - raft.server.storage.dir = [/home/runner/work/ozone/ozone/hadoop-ozone/integration-test/target/test-dir/MiniOzoneClusterImpl-4eb377f1-b672-4075-9178-fccd761457f8/datanode-1/data/ratis] (custom)
2021-10-16 02:30:27,260 [pool-286-thread-1] INFO  server.RaftServerConfigKeys (ConfUtils.java:logGet(44)) - raft.server.log.corruption.policy = EXCEPTION (default)
2021-10-16 02:30:27,260 [pool-286-thread-1] INFO  server.RaftServerConfigKeys (ConfUtils.java:logGet(44)) - raft.server.storage.free-space.min = 0MB (=0) (default)
2021-10-16 02:30:27,260 [pool-286-thread-1] INFO  storage.RaftStorageDirectory (RaftStorageDirectoryImpl.java:analyzeStorage(135)) - The storage directory /home/runner/work/ozone/ozone/hadoop-ozone/integration-test/target/test-dir/MiniOzoneClusterImpl-4eb377f1-b672-4075-9178-fccd761457f8/datanode-1/data/ratis/4b86bc2b-a2e2-4d58-855b-8fbafd7cafab does not exist. Creating ...
2021-10-16 02:30:27,262 [pool-286-thread-1] INFO  storage.RaftStorageDirectory (RaftStorageDirectoryImpl.java:tryLock(230)) - Lock on /home/runner/work/ozone/ozone/hadoop-ozone/integration-test/target/test-dir/MiniOzoneClusterImpl-4eb377f1-b672-4075-9178-fccd761457f8/datanode-1/data/ratis/4b86bc2b-a2e2-4d58-855b-8fbafd7cafab/in_use.lock acquired by nodename 30307@fv-az59-128
2021-10-16 02:30:27,264 [pool-286-thread-1] INFO  storage.RaftStorage (RaftStorageImpl.java:format(89)) - Storage directory /home/runner/work/ozone/ozone/hadoop-ozone/integration-test/target/test-dir/MiniOzoneClusterImpl-4eb377f1-b672-4075-9178-fccd761457f8/datanode-1/data/ratis/4b86bc2b-a2e2-4d58-855b-8fbafd7cafab has been successfully formatted.
2021-10-16 02:30:27,265 [pool-286-thread-1] INFO  ratis.ContainerStateMachine (ContainerStateMachine.java:loadSnapshot(224)) - group-8FBAFD7CAFAB: The snapshot info is null. Setting the last applied indexto:(t:0, i:~)
2021-10-16 02:30:27,265 [pool-286-thread-1] INFO  server.RaftServerConfigKeys (ConfUtils.java:logGet(44)) - raft.server.notification.no-leader.timeout = 300s (custom)
2021-10-16 02:30:27,265 [pool-286-thread-1] INFO  server.RaftServerConfigKeys (ConfUtils.java:logGet(44)) - raft.server.log.use.memory = false (default)
2021-10-16 02:30:27,267 [pool-286-thread-1] INFO  server.RaftServerConfigKeys (ConfUtils.java:logGet(44)) - raft.server.log.purge.gap = 1000000 (custom)
2021-10-16 02:30:27,268 [pool-286-thread-1] INFO  server.RaftServerConfigKeys (ConfUtils.java:logGet(44)) - raft.server.log.appender.buffer.byte-limit = 33554432 (custom)
2021-10-16 02:30:27,268 [pool-286-thread-1] INFO  server.RaftServerConfigKeys (ConfUtils.java:logGet(44)) - raft.server.log.segment.size.max = 1048576 (custom)
2021-10-16 02:30:27,268 [pool-286-thread-1] INFO  server.RaftServerConfigKeys (ConfUtils.java:logGet(44)) - raft.server.log.segment.cache.num.max = 2 (custom)
2021-10-16 02:30:27,268 [pool-286-thread-1] INFO  server.RaftServerConfigKeys (ConfUtils.java:logGet(44)) - raft.server.log.segment.cache.size.max = 200MB (=209715200) (default)
2021-10-16 02:30:27,268 [pool-286-thread-1] INFO  segmented.SegmentedRaftLogWorker (SegmentedRaftLogWorker.java:<init>(182)) - new 1d141dcf-9f09-421f-a135-50b245bde98a@group-8FBAFD7CAFAB-SegmentedRaftLogWorker for RaftStorageImpl:Storage Directory /home/runner/work/ozone/ozone/hadoop-ozone/integration-test/target/test-dir/MiniOzoneClusterImpl-4eb377f1-b672-4075-9178-fccd761457f8/datanode-1/data/ratis/4b86bc2b-a2e2-4d58-855b-8fbafd7cafab
2021-10-16 02:30:27,269 [pool-286-thread-1] INFO  server.RaftServerConfigKeys (ConfUtils.java:logGet(44)) - raft.server.log.queue.byte-limit = 2147483647 (custom)
2021-10-16 02:30:27,269 [pool-286-thread-1] INFO  server.RaftServerConfigKeys (ConfUtils.java:logGet(44)) - raft.server.log.queue.element-limit = 1024 (custom)
2021-10-16 02:30:27,269 [pool-286-thread-1] INFO  server.RaftServerConfigKeys (ConfUtils.java:logGet(44)) - raft.server.log.segment.size.max = 1048576 (custom)
2021-10-16 02:30:27,269 [pool-286-thread-1] INFO  server.RaftServerConfigKeys (ConfUtils.java:logGet(44)) - raft.server.log.preallocated.size = 16384 (custom)
2021-10-16 02:30:27,269 [pool-286-thread-1] INFO  server.RaftServerConfigKeys (ConfUtils.java:logGet(44)) - raft.server.log.force.sync.num = 128 (default)
2021-10-16 02:30:27,269 [pool-286-thread-1] INFO  server.RaftServerConfigKeys (ConfUtils.java:logGet(44)) - raft.server.log.statemachine.data.sync = true (default)
2021-10-16 02:30:27,269 [pool-286-thread-1] INFO  server.RaftServerConfigKeys (ConfUtils.java:logGet(44)) - raft.server.log.statemachine.data.sync.timeout = 10s (default)
2021-10-16 02:30:27,269 [pool-286-thread-1] INFO  server.RaftServerConfigKeys (ConfUtils.java:logGet(44)) - raft.server.log.statemachine.data.sync.timeout.retry = -1 (default)
2021-10-16 02:30:27,273 [pool-286-thread-1] INFO  server.RaftServerConfigKeys (ConfUtils.java:logGet(44)) - raft.server.log.write.buffer.size = 1048576 (custom)
2021-10-16 02:30:27,274 [pool-286-thread-1] INFO  server.RaftServerConfigKeys (ConfUtils.java:logGet(44)) - raft.server.log.statemachine.data.caching.enabled = true (custom)
2021-10-16 02:30:27,274 [pool-286-thread-1] INFO  segmented.SegmentedRaftLogWorker (SegmentedRaftLogWorker.java:lambda$new$0(133)) - 1d141dcf-9f09-421f-a135-50b245bde98a@group-8FBAFD7CAFAB-SegmentedRaftLogWorker: flushIndex: setUnconditionally 0 -> -1
2021-10-16 02:30:27,274 [pool-286-thread-1] INFO  segmented.SegmentedRaftLogWorker (SegmentedRaftLogWorker.java:lambda$new$0(133)) - 1d141dcf-9f09-421f-a135-50b245bde98a@group-8FBAFD7CAFAB-SegmentedRaftLogWorker: safeCacheEvictIndex: setUnconditionally 0 -> -1
2021-10-16 02:30:27,284 [pool-286-thread-1] INFO  server.RaftServerConfigKeys (ConfUtils.java:logGet(44)) - raft.server.snapshot.auto.trigger.enabled = true (custom)
2021-10-16 02:30:27,284 [pool-286-thread-1] INFO  server.RaftServerConfigKeys (ConfUtils.java:logGet(44)) - raft.server.snapshot.auto.trigger.threshold = 10000 (custom)
2021-10-16 02:30:27,284 [pool-286-thread-1] INFO  server.RaftServerConfigKeys (ConfUtils.java:logGet(44)) - raft.server.snapshot.retention.file.num = 5 (custom)
2021-10-16 02:30:27,284 [pool-286-thread-1] INFO  server.RaftServerConfigKeys (ConfUtils.java:logGet(44)) - raft.server.log.purge.upto.snapshot.index = false (default)
2021-10-16 02:30:27,284 [pool-286-thread-1] INFO  server.RaftServerConfigKeys (ConfUtils.java:logGet(44)) - raft.server.retrycache.expirytime = 600000ms (custom)
2021-10-16 02:30:27,284 [pool-286-thread-1] INFO  server.RaftServerConfigKeys (ConfUtils.java:logGet(44)) - raft.server.retrycache.statistics.expirytime = 100μs (default)
2021-10-16 02:30:27,286 [pool-286-thread-1] INFO  server.RaftServer$Division (RaftServerImpl.java:start(296)) - 1d141dcf-9f09-421f-a135-50b245bde98a@group-8FBAFD7CAFAB: start as a follower, conf=-1: [1d141dcf-9f09-421f-a135-50b245bde98a|rpc:127.0.0.1:40089|dataStream:|priority:0, edc74d86-77ab-4f9b-98f8-a274c803e3f6|rpc:127.0.0.1:40253|dataStream:|priority:0, 772a6939-f9dd-42bd-8136-52263074270c|rpc:127.0.0.1:44475|dataStream:|priority:1], old=null
2021-10-16 02:30:27,286 [pool-286-thread-1] INFO  server.RaftServer$Division (RaftServerImpl.java:setRole(285)) - 1d141dcf-9f09-421f-a135-50b245bde98a@group-8FBAFD7CAFAB: changes role from      null to FOLLOWER at term 0 for startAsFollower
2021-10-16 02:30:27,286 [pool-286-thread-1] INFO  impl.RoleInfo (RoleInfo.java:updateAndGet(130)) - 1d141dcf-9f09-421f-a135-50b245bde98a: start 1d141dcf-9f09-421f-a135-50b245bde98a@group-8FBAFD7CAFAB-FollowerState
2021-10-16 02:30:27,294 [pool-286-thread-1] INFO  util.JmxRegister (JmxRegister.java:tryRegister(44)) - Successfully registered JMX Bean with object name Ratis:service=RaftServer,group=group-8FBAFD7CAFAB,id=1d141dcf-9f09-421f-a135-50b245bde98a
2021-10-16 02:30:27,329 [grpc-default-executor-2] INFO  server.RaftServer (RaftServerProxy.java:addNew(95)) - edc74d86-77ab-4f9b-98f8-a274c803e3f6: addNew group-8FBAFD7CAFAB:[1d141dcf-9f09-421f-a135-50b245bde98a|rpc:127.0.0.1:40089|dataStream:|priority:0, edc74d86-77ab-4f9b-98f8-a274c803e3f6|rpc:127.0.0.1:40253|dataStream:|priority:0, 772a6939-f9dd-42bd-8136-52263074270c|rpc:127.0.0.1:44475|dataStream:|priority:1] returns group-8FBAFD7CAFAB:java.util.concurrent.CompletableFuture@11da891a[Not completed]
2021-10-16 02:30:27,330 [pool-307-thread-1] INFO  server.RaftServer$Division (RaftServerImpl.java:<init>(181)) - edc74d86-77ab-4f9b-98f8-a274c803e3f6: new RaftServerImpl for group-8FBAFD7CAFAB:[1d141dcf-9f09-421f-a135-50b245bde98a|rpc:127.0.0.1:40089|dataStream:|priority:0, edc74d86-77ab-4f9b-98f8-a274c803e3f6|rpc:127.0.0.1:40253|dataStream:|priority:0, 772a6939-f9dd-42bd-8136-52263074270c|rpc:127.0.0.1:44475|dataStream:|priority:1] with ContainerStateMachine:uninitialized
2021-10-16 02:30:27,330 [pool-307-thread-1] INFO  server.RaftServerConfigKeys (ConfUtils.java:logGet(44)) - raft.server.rpc.timeout.min = 5s (custom)
2021-10-16 02:30:27,330 [pool-307-thread-1] INFO  server.RaftServerConfigKeys (ConfUtils.java:logGet(44)) - raft.server.rpc.timeout.max = 5200ms (custom)
2021-10-16 02:30:27,330 [pool-307-thread-1] INFO  server.RaftServerConfigKeys (ConfUtils.java:logGet(44)) - raft.server.rpc.sleep.time = 25ms (default)
2021-10-16 02:30:27,330 [pool-307-thread-1] INFO  server.RaftServerConfigKeys (ConfUtils.java:logGet(44)) - raft.server.rpc.slowness.timeout = 300s (custom)
2021-10-16 02:30:27,330 [pool-307-thread-1] INFO  server.RaftServerConfigKeys (ConfUtils.java:logGet(44)) - raft.server.leaderelection.leader.step-down.wait-time = 10s (default)
2021-10-16 02:30:27,330 [pool-307-thread-1] INFO  server.RaftServerConfigKeys (ConfUtils.java:logGet(44)) - raft.server.sleep.deviation.threshold = 300ms (default)
2021-10-16 02:30:27,330 [pool-307-thread-1] INFO  server.RaftServerConfigKeys (ConfUtils.java:logGet(44)) - raft.server.log.appender.install.snapshot.enabled = false (custom)
2021-10-16 02:30:27,331 [pool-307-thread-1] INFO  server.RaftServer$Division (ServerState.java:<init>(105)) - edc74d86-77ab-4f9b-98f8-a274c803e3f6@group-8FBAFD7CAFAB: ConfigurationManager, init=-1: [1d141dcf-9f09-421f-a135-50b245bde98a|rpc:127.0.0.1:40089|dataStream:|priority:0, edc74d86-77ab-4f9b-98f8-a274c803e3f6|rpc:127.0.0.1:40253|dataStream:|priority:0, 772a6939-f9dd-42bd-8136-52263074270c|rpc:127.0.0.1:44475|dataStream:|priority:1], old=null, confs=<EMPTY_MAP>
2021-10-16 02:30:27,331 [pool-307-thread-1] INFO  server.RaftServerConfigKeys (ConfUtils.java:logGet(44)) - raft.server.storage.dir = [/home/runner/work/ozone/ozone/hadoop-ozone/integration-test/target/test-dir/MiniOzoneClusterImpl-4eb377f1-b672-4075-9178-fccd761457f8/datanode-2/data/ratis] (custom)
2021-10-16 02:30:27,331 [pool-307-thread-1] INFO  server.RaftServerConfigKeys (ConfUtils.java:logGet(44)) - raft.server.log.corruption.policy = EXCEPTION (default)
2021-10-16 02:30:27,331 [pool-307-thread-1] INFO  server.RaftServerConfigKeys (ConfUtils.java:logGet(44)) - raft.server.storage.free-space.min = 0MB (=0) (default)
2021-10-16 02:30:27,331 [pool-307-thread-1] INFO  storage.RaftStorageDirectory (RaftStorageDirectoryImpl.java:analyzeStorage(135)) - The storage directory /home/runner/work/ozone/ozone/hadoop-ozone/integration-test/target/test-dir/MiniOzoneClusterImpl-4eb377f1-b672-4075-9178-fccd761457f8/datanode-2/data/ratis/4b86bc2b-a2e2-4d58-855b-8fbafd7cafab does not exist. Creating ...
2021-10-16 02:30:27,332 [pool-307-thread-1] INFO  storage.RaftStorageDirectory (RaftStorageDirectoryImpl.java:tryLock(230)) - Lock on /home/runner/work/ozone/ozone/hadoop-ozone/integration-test/target/test-dir/MiniOzoneClusterImpl-4eb377f1-b672-4075-9178-fccd761457f8/datanode-2/data/ratis/4b86bc2b-a2e2-4d58-855b-8fbafd7cafab/in_use.lock acquired by nodename 30307@fv-az59-128
2021-10-16 02:30:27,334 [pool-307-thread-1] INFO  storage.RaftStorage (RaftStorageImpl.java:format(89)) - Storage directory /home/runner/work/ozone/ozone/hadoop-ozone/integration-test/target/test-dir/MiniOzoneClusterImpl-4eb377f1-b672-4075-9178-fccd761457f8/datanode-2/data/ratis/4b86bc2b-a2e2-4d58-855b-8fbafd7cafab has been successfully formatted.
2021-10-16 02:30:27,335 [pool-307-thread-1] INFO  ratis.ContainerStateMachine (ContainerStateMachine.java:loadSnapshot(224)) - group-8FBAFD7CAFAB: The snapshot info is null. Setting the last applied indexto:(t:0, i:~)
2021-10-16 02:30:27,335 [pool-307-thread-1] INFO  server.RaftServerConfigKeys (ConfUtils.java:logGet(44)) - raft.server.notification.no-leader.timeout = 300s (custom)
2021-10-16 02:30:27,335 [pool-307-thread-1] INFO  server.RaftServerConfigKeys (ConfUtils.java:logGet(44)) - raft.server.log.use.memory = false (default)
2021-10-16 02:30:27,335 [pool-307-thread-1] INFO  server.RaftServerConfigKeys (ConfUtils.java:logGet(44)) - raft.server.log.purge.gap = 1000000 (custom)
2021-10-16 02:30:27,335 [pool-307-thread-1] INFO  server.RaftServerConfigKeys (ConfUtils.java:logGet(44)) - raft.server.log.appender.buffer.byte-limit = 33554432 (custom)
2021-10-16 02:30:27,335 [pool-307-thread-1] INFO  server.RaftServerConfigKeys (ConfUtils.java:logGet(44)) - raft.server.log.segment.size.max = 1048576 (custom)
2021-10-16 02:30:27,337 [pool-307-thread-1] INFO  server.RaftServerConfigKeys (ConfUtils.java:logGet(44)) - raft.server.log.segment.cache.num.max = 2 (custom)
2021-10-16 02:30:27,337 [pool-307-thread-1] INFO  server.RaftServerConfigKeys (ConfUtils.java:logGet(44)) - raft.server.log.segment.cache.size.max = 200MB (=209715200) (default)
2021-10-16 02:30:27,337 [pool-307-thread-1] INFO  segmented.SegmentedRaftLogWorker (SegmentedRaftLogWorker.java:<init>(182)) - new edc74d86-77ab-4f9b-98f8-a274c803e3f6@group-8FBAFD7CAFAB-SegmentedRaftLogWorker for RaftStorageImpl:Storage Directory /home/runner/work/ozone/ozone/hadoop-ozone/integration-test/target/test-dir/MiniOzoneClusterImpl-4eb377f1-b672-4075-9178-fccd761457f8/datanode-2/data/ratis/4b86bc2b-a2e2-4d58-855b-8fbafd7cafab
2021-10-16 02:30:27,337 [pool-307-thread-1] INFO  server.RaftServerConfigKeys (ConfUtils.java:logGet(44)) - raft.server.log.queue.byte-limit = 2147483647 (custom)
2021-10-16 02:30:27,337 [pool-307-thread-1] INFO  server.RaftServerConfigKeys (ConfUtils.java:logGet(44)) - raft.server.log.queue.element-limit = 1024 (custom)
2021-10-16 02:30:27,337 [pool-307-thread-1] INFO  server.RaftServerConfigKeys (ConfUtils.java:logGet(44)) - raft.server.log.segment.size.max = 1048576 (custom)
2021-10-16 02:30:27,337 [pool-307-thread-1] INFO  server.RaftServerConfigKeys (ConfUtils.java:logGet(44)) - raft.server.log.preallocated.size = 16384 (custom)
2021-10-16 02:30:27,337 [pool-307-thread-1] INFO  server.RaftServerConfigKeys (ConfUtils.java:logGet(44)) - raft.server.log.force.sync.num = 128 (default)
2021-10-16 02:30:27,338 [pool-307-thread-1] INFO  server.RaftServerConfigKeys (ConfUtils.java:logGet(44)) - raft.server.log.statemachine.data.sync = true (default)
2021-10-16 02:30:27,338 [pool-307-thread-1] INFO  server.RaftServerConfigKeys (ConfUtils.java:logGet(44)) - raft.server.log.statemachine.data.sync.timeout = 10s (default)
2021-10-16 02:30:27,338 [pool-307-thread-1] INFO  server.RaftServerConfigKeys (ConfUtils.java:logGet(44)) - raft.server.log.statemachine.data.sync.timeout.retry = -1 (default)
2021-10-16 02:30:27,339 [pool-307-thread-1] INFO  server.RaftServerConfigKeys (ConfUtils.java:logGet(44)) - raft.server.log.write.buffer.size = 1048576 (custom)
2021-10-16 02:30:27,339 [pool-307-thread-1] INFO  server.RaftServerConfigKeys (ConfUtils.java:logGet(44)) - raft.server.log.statemachine.data.caching.enabled = true (custom)
2021-10-16 02:30:27,355 [pool-307-thread-1] INFO  segmented.SegmentedRaftLogWorker (SegmentedRaftLogWorker.java:lambda$new$0(133)) - edc74d86-77ab-4f9b-98f8-a274c803e3f6@group-8FBAFD7CAFAB-SegmentedRaftLogWorker: flushIndex: setUnconditionally 0 -> -1
2021-10-16 02:30:27,355 [pool-307-thread-1] INFO  segmented.SegmentedRaftLogWorker (SegmentedRaftLogWorker.java:lambda$new$0(133)) - edc74d86-77ab-4f9b-98f8-a274c803e3f6@group-8FBAFD7CAFAB-SegmentedRaftLogWorker: safeCacheEvictIndex: setUnconditionally 0 -> -1
2021-10-16 02:30:27,364 [pool-307-thread-1] INFO  server.RaftServerConfigKeys (ConfUtils.java:logGet(44)) - raft.server.snapshot.auto.trigger.enabled = true (custom)
2021-10-16 02:30:27,365 [pool-307-thread-1] INFO  server.RaftServerConfigKeys (ConfUtils.java:logGet(44)) - raft.server.snapshot.auto.trigger.threshold = 10000 (custom)
2021-10-16 02:30:27,365 [pool-307-thread-1] INFO  server.RaftServerConfigKeys (ConfUtils.java:logGet(44)) - raft.server.snapshot.retention.file.num = 5 (custom)
2021-10-16 02:30:27,365 [pool-307-thread-1] INFO  server.RaftServerConfigKeys (ConfUtils.java:logGet(44)) - raft.server.log.purge.upto.snapshot.index = false (default)
2021-10-16 02:30:27,365 [pool-307-thread-1] INFO  server.RaftServerConfigKeys (ConfUtils.java:logGet(44)) - raft.server.retrycache.expirytime = 600000ms (custom)
2021-10-16 02:30:27,365 [pool-307-thread-1] INFO  server.RaftServerConfigKeys (ConfUtils.java:logGet(44)) - raft.server.retrycache.statistics.expirytime = 100μs (default)
2021-10-16 02:30:27,367 [pool-307-thread-1] INFO  server.RaftServer$Division (RaftServerImpl.java:start(296)) - edc74d86-77ab-4f9b-98f8-a274c803e3f6@group-8FBAFD7CAFAB: start as a follower, conf=-1: [1d141dcf-9f09-421f-a135-50b245bde98a|rpc:127.0.0.1:40089|dataStream:|priority:0, edc74d86-77ab-4f9b-98f8-a274c803e3f6|rpc:127.0.0.1:40253|dataStream:|priority:0, 772a6939-f9dd-42bd-8136-52263074270c|rpc:127.0.0.1:44475|dataStream:|priority:1], old=null
2021-10-16 02:30:27,367 [pool-307-thread-1] INFO  server.RaftServer$Division (RaftServerImpl.java:setRole(285)) - edc74d86-77ab-4f9b-98f8-a274c803e3f6@group-8FBAFD7CAFAB: changes role from      null to FOLLOWER at term 0 for startAsFollower
2021-10-16 02:30:27,367 [pool-307-thread-1] INFO  impl.RoleInfo (RoleInfo.java:updateAndGet(130)) - edc74d86-77ab-4f9b-98f8-a274c803e3f6: start edc74d86-77ab-4f9b-98f8-a274c803e3f6@group-8FBAFD7CAFAB-FollowerState
2021-10-16 02:30:27,383 [Command processor thread] INFO  server.RaftServer (RaftServerProxy.java:addNew(95)) - 1d141dcf-9f09-421f-a135-50b245bde98a: addNew group-FDE02C46647B:[1d141dcf-9f09-421f-a135-50b245bde98a|rpc:127.0.0.1:40089|priority:1] returns group-FDE02C46647B:java.util.concurrent.CompletableFuture@14aeb9ce[Not completed]
2021-10-16 02:30:27,384 [pool-286-thread-1] INFO  server.RaftServer$Division (RaftServerImpl.java:<init>(181)) - 1d141dcf-9f09-421f-a135-50b245bde98a: new RaftServerImpl for group-FDE02C46647B:[1d141dcf-9f09-421f-a135-50b245bde98a|rpc:127.0.0.1:40089|priority:1] with ContainerStateMachine:uninitialized
2021-10-16 02:30:27,384 [pool-286-thread-1] INFO  server.RaftServerConfigKeys (ConfUtils.java:logGet(44)) - raft.server.rpc.timeout.min = 5s (custom)
2021-10-16 02:30:27,384 [pool-286-thread-1] INFO  server.RaftServerConfigKeys (ConfUtils.java:logGet(44)) - raft.server.rpc.timeout.max = 5200ms (custom)
2021-10-16 02:30:27,384 [pool-286-thread-1] INFO  server.RaftServerConfigKeys (ConfUtils.java:logGet(44)) - raft.server.rpc.sleep.time = 25ms (default)
2021-10-16 02:30:27,384 [pool-286-thread-1] INFO  server.RaftServerConfigKeys (ConfUtils.java:logGet(44)) - raft.server.rpc.slowness.timeout = 300s (custom)
2021-10-16 02:30:27,385 [pool-286-thread-1] INFO  server.RaftServerConfigKeys (ConfUtils.java:logGet(44)) - raft.server.leaderelection.leader.step-down.wait-time = 10s (default)
2021-10-16 02:30:27,385 [pool-286-thread-1] INFO  server.RaftServerConfigKeys (ConfUtils.java:logGet(44)) - raft.server.sleep.deviation.threshold = 300ms (default)
2021-10-16 02:30:27,385 [pool-286-thread-1] INFO  server.RaftServerConfigKeys (ConfUtils.java:logGet(44)) - raft.server.log.appender.install.snapshot.enabled = false (custom)
2021-10-16 02:30:27,385 [pool-286-thread-1] INFO  server.RaftServer$Division (ServerState.java:<init>(105)) - 1d141dcf-9f09-421f-a135-50b245bde98a@group-FDE02C46647B: ConfigurationManager, init=-1: [1d141dcf-9f09-421f-a135-50b245bde98a|rpc:127.0.0.1:40089|priority:1], old=null, confs=<EMPTY_MAP>
2021-10-16 02:30:27,385 [pool-286-thread-1] INFO  server.RaftServerConfigKeys (ConfUtils.java:logGet(44)) - raft.server.storage.dir = [/home/runner/work/ozone/ozone/hadoop-ozone/integration-test/target/test-dir/MiniOzoneClusterImpl-4eb377f1-b672-4075-9178-fccd761457f8/datanode-1/data/ratis] (custom)
2021-10-16 02:30:27,385 [pool-286-thread-1] INFO  server.RaftServerConfigKeys (ConfUtils.java:logGet(44)) - raft.server.log.corruption.policy = EXCEPTION (default)
2021-10-16 02:30:27,385 [pool-286-thread-1] INFO  server.RaftServerConfigKeys (ConfUtils.java:logGet(44)) - raft.server.storage.free-space.min = 0MB (=0) (default)
2021-10-16 02:30:27,385 [pool-286-thread-1] INFO  storage.RaftStorageDirectory (RaftStorageDirectoryImpl.java:analyzeStorage(135)) - The storage directory /home/runner/work/ozone/ozone/hadoop-ozone/integration-test/target/test-dir/MiniOzoneClusterImpl-4eb377f1-b672-4075-9178-fccd761457f8/datanode-1/data/ratis/7436d653-5c2f-4281-a172-fde02c46647b does not exist. Creating ...
2021-10-16 02:30:27,386 [pool-307-thread-1] INFO  util.JmxRegister (JmxRegister.java:tryRegister(44)) - Successfully registered JMX Bean with object name Ratis:service=RaftServer,group=group-8FBAFD7CAFAB,id=edc74d86-77ab-4f9b-98f8-a274c803e3f6
2021-10-16 02:30:27,387 [pool-286-thread-1] INFO  storage.RaftStorageDirectory (RaftStorageDirectoryImpl.java:tryLock(230)) - Lock on /home/runner/work/ozone/ozone/hadoop-ozone/integration-test/target/test-dir/MiniOzoneClusterImpl-4eb377f1-b672-4075-9178-fccd761457f8/datanode-1/data/ratis/7436d653-5c2f-4281-a172-fde02c46647b/in_use.lock acquired by nodename 30307@fv-az59-128
2021-10-16 02:30:27,389 [pool-286-thread-1] INFO  storage.RaftStorage (RaftStorageImpl.java:format(89)) - Storage directory /home/runner/work/ozone/ozone/hadoop-ozone/integration-test/target/test-dir/MiniOzoneClusterImpl-4eb377f1-b672-4075-9178-fccd761457f8/datanode-1/data/ratis/7436d653-5c2f-4281-a172-fde02c46647b has been successfully formatted.
2021-10-16 02:30:27,390 [pool-286-thread-1] INFO  ratis.ContainerStateMachine (ContainerStateMachine.java:loadSnapshot(224)) - group-FDE02C46647B: The snapshot info is null. Setting the last applied indexto:(t:0, i:~)
2021-10-16 02:30:27,390 [pool-286-thread-1] INFO  server.RaftServerConfigKeys (ConfUtils.java:logGet(44)) - raft.server.notification.no-leader.timeout = 300s (custom)
2021-10-16 02:30:27,390 [pool-286-thread-1] INFO  server.RaftServerConfigKeys (ConfUtils.java:logGet(44)) - raft.server.log.use.memory = false (default)
2021-10-16 02:30:27,390 [pool-286-thread-1] INFO  server.RaftServerConfigKeys (ConfUtils.java:logGet(44)) - raft.server.log.purge.gap = 1000000 (custom)
2021-10-16 02:30:27,390 [pool-286-thread-1] INFO  server.RaftServerConfigKeys (ConfUtils.java:logGet(44)) - raft.server.log.appender.buffer.byte-limit = 33554432 (custom)
2021-10-16 02:30:27,390 [pool-286-thread-1] INFO  server.RaftServerConfigKeys (ConfUtils.java:logGet(44)) - raft.server.log.segment.size.max = 1048576 (custom)
2021-10-16 02:30:27,391 [pool-286-thread-1] INFO  server.RaftServerConfigKeys (ConfUtils.java:logGet(44)) - raft.server.log.segment.cache.num.max = 2 (custom)
2021-10-16 02:30:27,391 [pool-286-thread-1] INFO  server.RaftServerConfigKeys (ConfUtils.java:logGet(44)) - raft.server.log.segment.cache.size.max = 200MB (=209715200) (default)
2021-10-16 02:30:27,391 [pool-286-thread-1] INFO  segmented.SegmentedRaftLogWorker (SegmentedRaftLogWorker.java:<init>(182)) - new 1d141dcf-9f09-421f-a135-50b245bde98a@group-FDE02C46647B-SegmentedRaftLogWorker for RaftStorageImpl:Storage Directory /home/runner/work/ozone/ozone/hadoop-ozone/integration-test/target/test-dir/MiniOzoneClusterImpl-4eb377f1-b672-4075-9178-fccd761457f8/datanode-1/data/ratis/7436d653-5c2f-4281-a172-fde02c46647b
2021-10-16 02:30:27,391 [pool-286-thread-1] INFO  server.RaftServerConfigKeys (ConfUtils.java:logGet(44)) - raft.server.log.queue.byte-limit = 2147483647 (custom)
2021-10-16 02:30:27,391 [pool-286-thread-1] INFO  server.RaftServerConfigKeys (ConfUtils.java:logGet(44)) - raft.server.log.queue.element-limit = 1024 (custom)
2021-10-16 02:30:27,391 [pool-286-thread-1] INFO  server.RaftServerConfigKeys (ConfUtils.java:logGet(44)) - raft.server.log.segment.size.max = 1048576 (custom)
2021-10-16 02:30:27,391 [pool-286-thread-1] INFO  server.RaftServerConfigKeys (ConfUtils.java:logGet(44)) - raft.server.log.preallocated.size = 16384 (custom)
2021-10-16 02:30:27,391 [pool-286-thread-1] INFO  server.RaftServerConfigKeys (ConfUtils.java:logGet(44)) - raft.server.log.force.sync.num = 128 (default)
2021-10-16 02:30:27,391 [pool-286-thread-1] INFO  server.RaftServerConfigKeys (ConfUtils.java:logGet(44)) - raft.server.log.statemachine.data.sync = true (default)
2021-10-16 02:30:27,391 [pool-286-thread-1] INFO  server.RaftServerConfigKeys (ConfUtils.java:logGet(44)) - raft.server.log.statemachine.data.sync.timeout = 10s (default)
2021-10-16 02:30:27,392 [pool-286-thread-1] INFO  server.RaftServerConfigKeys (ConfUtils.java:logGet(44)) - raft.server.log.statemachine.data.sync.timeout.retry = -1 (default)
2021-10-16 02:30:27,392 [EventQueue-PipelineReportForPipelineReportHandler] INFO  pipeline.PipelineManagerImpl (PipelineManagerImpl.java:openPipeline(282)) - Pipeline Pipeline[ Id: 7436d653-5c2f-4281-a172-fde02c46647b, Nodes: 1d141dcf-9f09-421f-a135-50b245bde98a{ip: 127.0.0.1, host: localhost, ports: [REPLICATION=45843, RATIS=40089, RATIS_ADMIN=40089, RATIS_SERVER=40089, STANDALONE=40055], networkLocation: /default-rack, certSerialId: null, persistedOpState: IN_SERVICE, persistedOpStateExpiryEpochSec: 0}, ReplicationConfig: RATIS/ONE, State:ALLOCATED, leaderId:1d141dcf-9f09-421f-a135-50b245bde98a, CreationTimestamp2021-10-16T02:30:24.394Z[Etc/UTC]] moved to OPEN state
2021-10-16 02:30:27,393 [EventQueue-PipelineReportForPipelineReportHandler] INFO  ha.SCMHAInvocationHandler (SCMHAInvocationHandler.java:invokeRatis(113)) - Invoking method public abstract void org.apache.hadoop.hdds.scm.pipeline.PipelineStateManager.updatePipelineState(org.apache.hadoop.hdds.protocol.proto.HddsProtos$PipelineID,org.apache.hadoop.hdds.protocol.proto.HddsProtos$PipelineState) throws java.io.IOException on target org.apache.hadoop.hdds.scm.ha.SCMRatisServerImpl@275c2ffe, cost 345.012us
2021-10-16 02:30:27,393 [EventQueue-PipelineReportForPipelineReportHandler] INFO  pipeline.PipelineManagerImpl (PipelineManagerImpl.java:openPipeline(282)) - Pipeline Pipeline[ Id: 7436d653-5c2f-4281-a172-fde02c46647b, Nodes: 1d141dcf-9f09-421f-a135-50b245bde98a{ip: 127.0.0.1, host: localhost, ports: [REPLICATION=45843, RATIS=40089, RATIS_ADMIN=40089, RATIS_SERVER=40089, STANDALONE=40055], networkLocation: /default-rack, certSerialId: null, persistedOpState: IN_SERVICE, persistedOpStateExpiryEpochSec: 0}, ReplicationConfig: RATIS/ONE, State:ALLOCATED, leaderId:1d141dcf-9f09-421f-a135-50b245bde98a, CreationTimestamp2021-10-16T02:30:24.394Z[Etc/UTC]] moved to OPEN state
2021-10-16 02:30:27,396 [pool-286-thread-1] INFO  server.RaftServerConfigKeys (ConfUtils.java:logGet(44)) - raft.server.log.write.buffer.size = 1048576 (custom)
2021-10-16 02:30:27,397 [pool-286-thread-1] INFO  server.RaftServerConfigKeys (ConfUtils.java:logGet(44)) - raft.server.log.statemachine.data.caching.enabled = true (custom)
2021-10-16 02:30:27,398 [pool-286-thread-1] INFO  segmented.SegmentedRaftLogWorker (SegmentedRaftLogWorker.java:lambda$new$0(133)) - 1d141dcf-9f09-421f-a135-50b245bde98a@group-FDE02C46647B-SegmentedRaftLogWorker: flushIndex: setUnconditionally 0 -> -1
2021-10-16 02:30:27,398 [pool-286-thread-1] INFO  segmented.SegmentedRaftLogWorker (SegmentedRaftLogWorker.java:lambda$new$0(133)) - 1d141dcf-9f09-421f-a135-50b245bde98a@group-FDE02C46647B-SegmentedRaftLogWorker: safeCacheEvictIndex: setUnconditionally 0 -> -1
2021-10-16 02:30:27,414 [pool-286-thread-1] INFO  server.RaftServerConfigKeys (ConfUtils.java:logGet(44)) - raft.server.snapshot.auto.trigger.enabled = true (custom)
2021-10-16 02:30:27,414 [pool-286-thread-1] INFO  server.RaftServerConfigKeys (ConfUtils.java:logGet(44)) - raft.server.snapshot.auto.trigger.threshold = 10000 (custom)
2021-10-16 02:30:27,414 [pool-286-thread-1] INFO  server.RaftServerConfigKeys (ConfUtils.java:logGet(44)) - raft.server.snapshot.retention.file.num = 5 (custom)
2021-10-16 02:30:27,414 [pool-286-thread-1] INFO  server.RaftServerConfigKeys (ConfUtils.java:logGet(44)) - raft.server.log.purge.upto.snapshot.index = false (default)
2021-10-16 02:30:27,414 [pool-286-thread-1] INFO  server.RaftServerConfigKeys (ConfUtils.java:logGet(44)) - raft.server.retrycache.expirytime = 600000ms (custom)
2021-10-16 02:30:27,414 [pool-286-thread-1] INFO  server.RaftServerConfigKeys (ConfUtils.java:logGet(44)) - raft.server.retrycache.statistics.expirytime = 100μs (default)
2021-10-16 02:30:27,432 [pool-286-thread-1] INFO  server.RaftServer$Division (RaftServerImpl.java:start(296)) - 1d141dcf-9f09-421f-a135-50b245bde98a@group-FDE02C46647B: start as a follower, conf=-1: [1d141dcf-9f09-421f-a135-50b245bde98a|rpc:127.0.0.1:40089|priority:1], old=null
2021-10-16 02:30:27,432 [pool-286-thread-1] INFO  server.RaftServer$Division (RaftServerImpl.java:setRole(285)) - 1d141dcf-9f09-421f-a135-50b245bde98a@group-FDE02C46647B: changes role from      null to FOLLOWER at term 0 for startAsFollower
2021-10-16 02:30:27,433 [pool-286-thread-1] INFO  impl.RoleInfo (RoleInfo.java:updateAndGet(130)) - 1d141dcf-9f09-421f-a135-50b245bde98a: start 1d141dcf-9f09-421f-a135-50b245bde98a@group-FDE02C46647B-FollowerState
2021-10-16 02:30:27,434 [pool-286-thread-1] INFO  util.JmxRegister (JmxRegister.java:tryRegister(44)) - Successfully registered JMX Bean with object name Ratis:service=RaftServer,group=group-FDE02C46647B,id=1d141dcf-9f09-421f-a135-50b245bde98a
2021-10-16 02:30:27,440 [Command processor thread] INFO  ratis.XceiverServerRatis (XceiverServerRatis.java:addGroup(768)) - Created group PipelineID=7436d653-5c2f-4281-a172-fde02c46647b
2021-10-16 02:30:27,440 [Command processor thread] INFO  commandhandler.CreatePipelineCommandHandler (CreatePipelineCommandHandler.java:handle(106)) - Created Pipeline RATIS ONE PipelineID=7436d653-5c2f-4281-a172-fde02c46647b.
2021-10-16 02:30:27,446 [Command processor thread] INFO  commandhandler.CreatePipelineCommandHandler (CreatePipelineCommandHandler.java:handle(106)) - Created Pipeline RATIS THREE PipelineID=4b86bc2b-a2e2-4d58-855b-8fbafd7cafab.
2021-10-16 02:30:27,448 [3deaabcd-f5f1-47ac-8cd4-644b2fe93232@group-FCCD761457F8-StateMachineUpdater] INFO  safemode.HealthyPipelineSafeModeRule (HealthyPipelineSafeModeRule.java:initializeRule(152)) - Refreshed total pipeline count is 0, healthy pipeline threshold count is 1
2021-10-16 02:30:27,449 [EventQueue-PipelineReportForPipelineReportHandler] INFO  ha.SCMHAInvocationHandler (SCMHAInvocationHandler.java:invokeRatis(113)) - Invoking method public abstract void org.apache.hadoop.hdds.scm.pipeline.PipelineStateManager.updatePipelineState(org.apache.hadoop.hdds.protocol.proto.HddsProtos$PipelineID,org.apache.hadoop.hdds.protocol.proto.HddsProtos$PipelineState) throws java.io.IOException on target org.apache.hadoop.hdds.scm.ha.SCMRatisServerImpl@24987048, cost 55294.133us
2021-10-16 02:30:27,449 [EventQueue-OpenPipelineForHealthyPipelineSafeModeRule] INFO  safemode.SCMSafeModeManager (HealthyPipelineSafeModeRule.java:process(124)) - SCM in safe mode. Healthy pipelines reported count is 0, required healthy pipeline reported count is 1
2021-10-16 02:30:27,454 [8377993e-4b96-4dd4-a005-414dac6239f0@group-FCCD761457F8-StateMachineUpdater] INFO  safemode.HealthyPipelineSafeModeRule (HealthyPipelineSafeModeRule.java:initializeRule(152)) - Refreshed total pipeline count is 0, healthy pipeline threshold count is 1
2021-10-16 02:30:27,456 [3deaabcd-f5f1-47ac-8cd4-644b2fe93232@group-FCCD761457F8-StateMachineUpdater] INFO  ha.SCMStateMachine (SCMStateMachine.java:takeSnapshot(290)) - Current Snapshot Index 20, takeSnapshot took 0 ms
2021-10-16 02:30:27,456 [3deaabcd-f5f1-47ac-8cd4-644b2fe93232@group-FCCD761457F8-StateMachineUpdater] INFO  impl.StateMachineUpdater (StateMachineUpdater.java:takeSnapshot(281)) - 3deaabcd-f5f1-47ac-8cd4-644b2fe93232@group-FCCD761457F8-StateMachineUpdater: Took a snapshot at index 20
2021-10-16 02:30:27,456 [3deaabcd-f5f1-47ac-8cd4-644b2fe93232@group-FCCD761457F8-StateMachineUpdater] INFO  impl.StateMachineUpdater (StateMachineUpdater.java:lambda$new$0(89)) - 3deaabcd-f5f1-47ac-8cd4-644b2fe93232@group-FCCD761457F8-StateMachineUpdater: snapshotIndex: updateIncreasingly 15 -> 20
2021-10-16 02:30:27,456 [3deaabcd-f5f1-47ac-8cd4-644b2fe93232@group-FCCD761457F8-StateMachineUpdater] INFO  raftlog.RaftLog (RaftLogBase.java:purge(306)) - 3deaabcd-f5f1-47ac-8cd4-644b2fe93232@group-FCCD761457F8-SegmentedRaftLog: purge 20
2021-10-16 02:30:27,456 [3deaabcd-f5f1-47ac-8cd4-644b2fe93232@group-FCCD761457F8-StateMachineUpdater] INFO  raftlog.RaftLog (RaftLogBase.java:lambda$new$0(53)) - 3deaabcd-f5f1-47ac-8cd4-644b2fe93232@group-FCCD761457F8-SegmentedRaftLog: snapshotIndex: updateIncreasingly 15 -> 20
2021-10-16 02:30:27,456 [3deaabcd-f5f1-47ac-8cd4-644b2fe93232@group-FCCD761457F8-StateMachineUpdater] INFO  raftlog.RaftLog (RaftLogBase.java:lambda$new$0(53)) - 3deaabcd-f5f1-47ac-8cd4-644b2fe93232@group-FCCD761457F8-SegmentedRaftLog: purgeIndex: updateToMax old=15, new=20, updated? true
2021-10-16 02:30:27,608 [EndpointStateMachine task thread for /127.0.0.1:12757 - 0 ] INFO  ipc.Client (Client.java:handleConnectionFailure(977)) - Retrying connect to server: localhost/127.0.0.1:12757. Already tried 10 time(s); retry policy is RetryUpToMaximumCountWithFixedSleep(maxRetries=15, sleepTime=1000 MILLISECONDS)
2021-10-16 02:30:27,609 [EndpointStateMachine task thread for /127.0.0.1:12777 - 0 ] INFO  ipc.Client (Client.java:handleConnectionFailure(977)) - Retrying connect to server: localhost/127.0.0.1:12777. Already tried 10 time(s); retry policy is RetryUpToMaximumCountWithFixedSleep(maxRetries=15, sleepTime=1000 MILLISECONDS)
2021-10-16 02:30:27,651 [EndpointStateMachine task thread for /127.0.0.1:12767 - 0 ] INFO  ipc.Client (Client.java:handleConnectionFailure(977)) - Retrying connect to server: localhost/127.0.0.1:12767. Already tried 10 time(s); retry policy is RetryUpToMaximumCountWithFixedSleep(maxRetries=15, sleepTime=1000 MILLISECONDS)
2021-10-16 02:30:27,993 [Listener at 127.0.0.1/13164] INFO  ozone.MiniOzoneClusterImpl (MiniOzoneClusterImpl.java:lambda$waitForClusterToBeReady$0(235)) - Nodes are ready. Got 3 of 3 DN Heartbeats.
2021-10-16 02:30:27,994 [Listener at 127.0.0.1/13164] INFO  ozone.MiniOzoneClusterImpl (MiniOzoneClusterImpl.java:lambda$waitForClusterToBeReady$0(238)) - Waiting for cluster to exit safe mode
2021-10-16 02:30:27,994 [Listener at 127.0.0.1/13164] INFO  ozone.MiniOzoneClusterImpl (MiniOzoneClusterImpl.java:lambda$waitForClusterToBeReady$0(240)) - SCM became leader
2021-10-16 02:30:28,017 [Command processor thread] INFO  server.RaftServer (RaftServerProxy.java:addNew(95)) - edc74d86-77ab-4f9b-98f8-a274c803e3f6: addNew group-5099CAC1B478:[edc74d86-77ab-4f9b-98f8-a274c803e3f6|rpc:127.0.0.1:40253|priority:1] returns group-5099CAC1B478:java.util.concurrent.CompletableFuture@628034df[Not completed]
2021-10-16 02:30:28,018 [pool-307-thread-1] INFO  server.RaftServer$Division (RaftServerImpl.java:<init>(181)) - edc74d86-77ab-4f9b-98f8-a274c803e3f6: new RaftServerImpl for group-5099CAC1B478:[edc74d86-77ab-4f9b-98f8-a274c803e3f6|rpc:127.0.0.1:40253|priority:1] with ContainerStateMachine:uninitialized
2021-10-16 02:30:28,018 [pool-307-thread-1] INFO  server.RaftServerConfigKeys (ConfUtils.java:logGet(44)) - raft.server.rpc.timeout.min = 5s (custom)
2021-10-16 02:30:28,018 [pool-307-thread-1] INFO  server.RaftServerConfigKeys (ConfUtils.java:logGet(44)) - raft.server.rpc.timeout.max = 5200ms (custom)
2021-10-16 02:30:28,018 [pool-307-thread-1] INFO  server.RaftServerConfigKeys (ConfUtils.java:logGet(44)) - raft.server.rpc.sleep.time = 25ms (default)
2021-10-16 02:30:28,018 [pool-307-thread-1] INFO  server.RaftServerConfigKeys (ConfUtils.java:logGet(44)) - raft.server.rpc.slowness.timeout = 300s (custom)
2021-10-16 02:30:28,018 [pool-307-thread-1] INFO  server.RaftServerConfigKeys (ConfUtils.java:logGet(44)) - raft.server.leaderelection.leader.step-down.wait-time = 10s (default)
2021-10-16 02:30:28,018 [pool-307-thread-1] INFO  server.RaftServerConfigKeys (ConfUtils.java:logGet(44)) - raft.server.sleep.deviation.threshold = 300ms (default)
2021-10-16 02:30:28,018 [pool-307-thread-1] INFO  server.RaftServerConfigKeys (ConfUtils.java:logGet(44)) - raft.server.log.appender.install.snapshot.enabled = false (custom)
2021-10-16 02:30:28,019 [pool-307-thread-1] INFO  server.RaftServer$Division (ServerState.java:<init>(105)) - edc74d86-77ab-4f9b-98f8-a274c803e3f6@group-5099CAC1B478: ConfigurationManager, init=-1: [edc74d86-77ab-4f9b-98f8-a274c803e3f6|rpc:127.0.0.1:40253|priority:1], old=null, confs=<EMPTY_MAP>
2021-10-16 02:30:28,019 [pool-307-thread-1] INFO  server.RaftServerConfigKeys (ConfUtils.java:logGet(44)) - raft.server.storage.dir = [/home/runner/work/ozone/ozone/hadoop-ozone/integration-test/target/test-dir/MiniOzoneClusterImpl-4eb377f1-b672-4075-9178-fccd761457f8/datanode-2/data/ratis] (custom)
2021-10-16 02:30:28,019 [pool-307-thread-1] INFO  server.RaftServerConfigKeys (ConfUtils.java:logGet(44)) - raft.server.log.corruption.policy = EXCEPTION (default)
2021-10-16 02:30:28,019 [pool-307-thread-1] INFO  server.RaftServerConfigKeys (ConfUtils.java:logGet(44)) - raft.server.storage.free-space.min = 0MB (=0) (default)
2021-10-16 02:30:28,019 [pool-307-thread-1] INFO  storage.RaftStorageDirectory (RaftStorageDirectoryImpl.java:analyzeStorage(135)) - The storage directory /home/runner/work/ozone/ozone/hadoop-ozone/integration-test/target/test-dir/MiniOzoneClusterImpl-4eb377f1-b672-4075-9178-fccd761457f8/datanode-2/data/ratis/1253f24e-ad9c-4dda-b1cc-5099cac1b478 does not exist. Creating ...
2021-10-16 02:30:28,022 [pool-307-thread-1] INFO  storage.RaftStorageDirectory (RaftStorageDirectoryImpl.java:tryLock(230)) - Lock on /home/runner/work/ozone/ozone/hadoop-ozone/integration-test/target/test-dir/MiniOzoneClusterImpl-4eb377f1-b672-4075-9178-fccd761457f8/datanode-2/data/ratis/1253f24e-ad9c-4dda-b1cc-5099cac1b478/in_use.lock acquired by nodename 30307@fv-az59-128
2021-10-16 02:30:28,025 [pool-307-thread-1] INFO  storage.RaftStorage (RaftStorageImpl.java:format(89)) - Storage directory /home/runner/work/ozone/ozone/hadoop-ozone/integration-test/target/test-dir/MiniOzoneClusterImpl-4eb377f1-b672-4075-9178-fccd761457f8/datanode-2/data/ratis/1253f24e-ad9c-4dda-b1cc-5099cac1b478 has been successfully formatted.
2021-10-16 02:30:28,025 [pool-307-thread-1] INFO  ratis.ContainerStateMachine (ContainerStateMachine.java:loadSnapshot(224)) - group-5099CAC1B478: The snapshot info is null. Setting the last applied indexto:(t:0, i:~)
2021-10-16 02:30:28,025 [pool-307-thread-1] INFO  server.RaftServerConfigKeys (ConfUtils.java:logGet(44)) - raft.server.notification.no-leader.timeout = 300s (custom)
2021-10-16 02:30:28,025 [pool-307-thread-1] INFO  server.RaftServerConfigKeys (ConfUtils.java:logGet(44)) - raft.server.log.use.memory = false (default)
2021-10-16 02:30:28,025 [pool-307-thread-1] INFO  server.RaftServerConfigKeys (ConfUtils.java:logGet(44)) - raft.server.log.purge.gap = 1000000 (custom)
2021-10-16 02:30:28,026 [pool-307-thread-1] INFO  server.RaftServerConfigKeys (ConfUtils.java:logGet(44)) - raft.server.log.appender.buffer.byte-limit = 33554432 (custom)
2021-10-16 02:30:28,026 [pool-307-thread-1] INFO  server.RaftServerConfigKeys (ConfUtils.java:logGet(44)) - raft.server.log.segment.size.max = 1048576 (custom)
2021-10-16 02:30:28,026 [pool-307-thread-1] INFO  server.RaftServerConfigKeys (ConfUtils.java:logGet(44)) - raft.server.log.segment.cache.num.max = 2 (custom)
2021-10-16 02:30:28,027 [pool-307-thread-1] INFO  server.RaftServerConfigKeys (ConfUtils.java:logGet(44)) - raft.server.log.segment.cache.size.max = 200MB (=209715200) (default)
2021-10-16 02:30:28,027 [pool-307-thread-1] INFO  segmented.SegmentedRaftLogWorker (SegmentedRaftLogWorker.java:<init>(182)) - new edc74d86-77ab-4f9b-98f8-a274c803e3f6@group-5099CAC1B478-SegmentedRaftLogWorker for RaftStorageImpl:Storage Directory /home/runner/work/ozone/ozone/hadoop-ozone/integration-test/target/test-dir/MiniOzoneClusterImpl-4eb377f1-b672-4075-9178-fccd761457f8/datanode-2/data/ratis/1253f24e-ad9c-4dda-b1cc-5099cac1b478
2021-10-16 02:30:28,027 [pool-307-thread-1] INFO  server.RaftServerConfigKeys (ConfUtils.java:logGet(44)) - raft.server.log.queue.byte-limit = 2147483647 (custom)
2021-10-16 02:30:28,027 [pool-307-thread-1] INFO  server.RaftServerConfigKeys (ConfUtils.java:logGet(44)) - raft.server.log.queue.element-limit = 1024 (custom)
2021-10-16 02:30:28,027 [pool-307-thread-1] INFO  server.RaftServerConfigKeys (ConfUtils.java:logGet(44)) - raft.server.log.segment.size.max = 1048576 (custom)
2021-10-16 02:30:28,027 [pool-307-thread-1] INFO  server.RaftServerConfigKeys (ConfUtils.java:logGet(44)) - raft.server.log.preallocated.size = 16384 (custom)
2021-10-16 02:30:28,027 [pool-307-thread-1] INFO  server.RaftServerConfigKeys (ConfUtils.java:logGet(44)) - raft.server.log.force.sync.num = 128 (default)
2021-10-16 02:30:28,027 [pool-307-thread-1] INFO  server.RaftServerConfigKeys (ConfUtils.java:logGet(44)) - raft.server.log.statemachine.data.sync = true (default)
2021-10-16 02:30:28,027 [pool-307-thread-1] INFO  server.RaftServerConfigKeys (ConfUtils.java:logGet(44)) - raft.server.log.statemachine.data.sync.timeout = 10s (default)
2021-10-16 02:30:28,027 [pool-307-thread-1] INFO  server.RaftServerConfigKeys (ConfUtils.java:logGet(44)) - raft.server.log.statemachine.data.sync.timeout.retry = -1 (default)
2021-10-16 02:30:28,030 [EventQueue-PipelineReportForPipelineReportHandler] INFO  pipeline.PipelineManagerImpl (PipelineManagerImpl.java:openPipeline(282)) - Pipeline Pipeline[ Id: 1253f24e-ad9c-4dda-b1cc-5099cac1b478, Nodes: edc74d86-77ab-4f9b-98f8-a274c803e3f6{ip: 127.0.0.1, host: localhost, ports: [REPLICATION=34203, RATIS=40253, RATIS_ADMIN=40253, RATIS_SERVER=40253, STANDALONE=46341], networkLocation: /default-rack, certSerialId: null, persistedOpState: IN_SERVICE, persistedOpStateExpiryEpochSec: 0}, ReplicationConfig: RATIS/ONE, State:ALLOCATED, leaderId:edc74d86-77ab-4f9b-98f8-a274c803e3f6, CreationTimestamp2021-10-16T02:30:25.025Z[Etc/UTC]] moved to OPEN state
2021-10-16 02:30:28,032 [EventQueue-PipelineReportForPipelineReportHandler] INFO  ha.SCMHAInvocationHandler (SCMHAInvocationHandler.java:invokeRatis(113)) - Invoking method public abstract void org.apache.hadoop.hdds.scm.pipeline.PipelineStateManager.updatePipelineState(org.apache.hadoop.hdds.protocol.proto.HddsProtos$PipelineID,org.apache.hadoop.hdds.protocol.proto.HddsProtos$PipelineState) throws java.io.IOException on target org.apache.hadoop.hdds.scm.ha.SCMRatisServerImpl@275c2ffe, cost 380.114us
2021-10-16 02:30:28,034 [EventQueue-PipelineReportForPipelineReportHandler] INFO  pipeline.PipelineManagerImpl (PipelineManagerImpl.java:openPipeline(282)) - Pipeline Pipeline[ Id: 1253f24e-ad9c-4dda-b1cc-5099cac1b478, Nodes: edc74d86-77ab-4f9b-98f8-a274c803e3f6{ip: 127.0.0.1, host: localhost, ports: [REPLICATION=34203, RATIS=40253, RATIS_ADMIN=40253, RATIS_SERVER=40253, STANDALONE=46341], networkLocation: /default-rack, certSerialId: null, persistedOpState: IN_SERVICE, persistedOpStateExpiryEpochSec: 0}, ReplicationConfig: RATIS/ONE, State:ALLOCATED, leaderId:edc74d86-77ab-4f9b-98f8-a274c803e3f6, CreationTimestamp2021-10-16T02:30:25.025Z[Etc/UTC]] moved to OPEN state
2021-10-16 02:30:28,038 [pool-307-thread-1] INFO  server.RaftServerConfigKeys (ConfUtils.java:logGet(44)) - raft.server.log.write.buffer.size = 1048576 (custom)
2021-10-16 02:30:28,038 [pool-307-thread-1] INFO  server.RaftServerConfigKeys (ConfUtils.java:logGet(44)) - raft.server.log.statemachine.data.caching.enabled = true (custom)
2021-10-16 02:30:28,039 [pool-307-thread-1] INFO  segmented.SegmentedRaftLogWorker (SegmentedRaftLogWorker.java:lambda$new$0(133)) - edc74d86-77ab-4f9b-98f8-a274c803e3f6@group-5099CAC1B478-SegmentedRaftLogWorker: flushIndex: setUnconditionally 0 -> -1
2021-10-16 02:30:28,039 [pool-307-thread-1] INFO  segmented.SegmentedRaftLogWorker (SegmentedRaftLogWorker.java:lambda$new$0(133)) - edc74d86-77ab-4f9b-98f8-a274c803e3f6@group-5099CAC1B478-SegmentedRaftLogWorker: safeCacheEvictIndex: setUnconditionally 0 -> -1
2021-10-16 02:30:28,061 [pool-307-thread-1] INFO  server.RaftServerConfigKeys (ConfUtils.java:logGet(44)) - raft.server.snapshot.auto.trigger.enabled = true (custom)
2021-10-16 02:30:28,062 [pool-307-thread-1] INFO  server.RaftServerConfigKeys (ConfUtils.java:logGet(44)) - raft.server.snapshot.auto.trigger.threshold = 10000 (custom)
2021-10-16 02:30:28,062 [pool-307-thread-1] INFO  server.RaftServerConfigKeys (ConfUtils.java:logGet(44)) - raft.server.snapshot.retention.file.num = 5 (custom)
2021-10-16 02:30:28,062 [pool-307-thread-1] INFO  server.RaftServerConfigKeys (ConfUtils.java:logGet(44)) - raft.server.log.purge.upto.snapshot.index = false (default)
2021-10-16 02:30:28,062 [pool-307-thread-1] INFO  server.RaftServerConfigKeys (ConfUtils.java:logGet(44)) - raft.server.retrycache.expirytime = 600000ms (custom)
2021-10-16 02:30:28,062 [pool-307-thread-1] INFO  server.RaftServerConfigKeys (ConfUtils.java:logGet(44)) - raft.server.retrycache.statistics.expirytime = 100μs (default)
2021-10-16 02:30:28,063 [3deaabcd-f5f1-47ac-8cd4-644b2fe93232@group-FCCD761457F8-StateMachineUpdater] INFO  safemode.HealthyPipelineSafeModeRule (HealthyPipelineSafeModeRule.java:initializeRule(152)) - Refreshed total pipeline count is 0, healthy pipeline threshold count is 1
2021-10-16 02:30:28,064 [EventQueue-PipelineReportForPipelineReportHandler] INFO  ha.SCMHAInvocationHandler (SCMHAInvocationHandler.java:invokeRatis(113)) - Invoking method public abstract void org.apache.hadoop.hdds.scm.pipeline.PipelineStateManager.updatePipelineState(org.apache.hadoop.hdds.protocol.proto.HddsProtos$PipelineID,org.apache.hadoop.hdds.protocol.proto.HddsProtos$PipelineState) throws java.io.IOException on target org.apache.hadoop.hdds.scm.ha.SCMRatisServerImpl@24987048, cost 29702.991us
2021-10-16 02:30:28,064 [EventQueue-OpenPipelineForHealthyPipelineSafeModeRule] INFO  safemode.SCMSafeModeManager (HealthyPipelineSafeModeRule.java:process(124)) - SCM in safe mode. Healthy pipelines reported count is 0, required healthy pipeline reported count is 1
2021-10-16 02:30:28,072 [pool-307-thread-1] INFO  server.RaftServer$Division (RaftServerImpl.java:start(296)) - edc74d86-77ab-4f9b-98f8-a274c803e3f6@group-5099CAC1B478: start as a follower, conf=-1: [edc74d86-77ab-4f9b-98f8-a274c803e3f6|rpc:127.0.0.1:40253|priority:1], old=null
2021-10-16 02:30:28,074 [pool-307-thread-1] INFO  server.RaftServer$Division (RaftServerImpl.java:setRole(285)) - edc74d86-77ab-4f9b-98f8-a274c803e3f6@group-5099CAC1B478: changes role from      null to FOLLOWER at term 0 for startAsFollower
2021-10-16 02:30:28,082 [8377993e-4b96-4dd4-a005-414dac6239f0@group-FCCD761457F8-StateMachineUpdater] INFO  ha.SCMStateMachine (SCMStateMachine.java:takeSnapshot(290)) - Current Snapshot Index 20, takeSnapshot took 33 ms
2021-10-16 02:30:28,083 [8377993e-4b96-4dd4-a005-414dac6239f0@group-FCCD761457F8-StateMachineUpdater] INFO  impl.StateMachineUpdater (StateMachineUpdater.java:takeSnapshot(281)) - 8377993e-4b96-4dd4-a005-414dac6239f0@group-FCCD761457F8-StateMachineUpdater: Took a snapshot at index 20
2021-10-16 02:30:28,083 [8377993e-4b96-4dd4-a005-414dac6239f0@group-FCCD761457F8-StateMachineUpdater] INFO  impl.StateMachineUpdater (StateMachineUpdater.java:lambda$new$0(89)) - 8377993e-4b96-4dd4-a005-414dac6239f0@group-FCCD761457F8-StateMachineUpdater: snapshotIndex: updateIncreasingly 15 -> 20
2021-10-16 02:30:28,083 [8377993e-4b96-4dd4-a005-414dac6239f0@group-FCCD761457F8-StateMachineUpdater] INFO  raftlog.RaftLog (RaftLogBase.java:purge(306)) - 8377993e-4b96-4dd4-a005-414dac6239f0@group-FCCD761457F8-SegmentedRaftLog: purge 20
2021-10-16 02:30:28,083 [pool-307-thread-1] INFO  impl.RoleInfo (RoleInfo.java:updateAndGet(130)) - edc74d86-77ab-4f9b-98f8-a274c803e3f6: start edc74d86-77ab-4f9b-98f8-a274c803e3f6@group-5099CAC1B478-FollowerState
2021-10-16 02:30:28,085 [8377993e-4b96-4dd4-a005-414dac6239f0@group-FCCD761457F8-StateMachineUpdater] INFO  raftlog.RaftLog (RaftLogBase.java:lambda$new$0(53)) - 8377993e-4b96-4dd4-a005-414dac6239f0@group-FCCD761457F8-SegmentedRaftLog: snapshotIndex: updateIncreasingly 15 -> 20
2021-10-16 02:30:28,085 [8377993e-4b96-4dd4-a005-414dac6239f0@group-FCCD761457F8-StateMachineUpdater] INFO  raftlog.RaftLog (RaftLogBase.java:lambda$new$0(53)) - 8377993e-4b96-4dd4-a005-414dac6239f0@group-FCCD761457F8-SegmentedRaftLog: purgeIndex: updateToMax old=15, new=20, updated? true
2021-10-16 02:30:28,085 [8377993e-4b96-4dd4-a005-414dac6239f0@group-FCCD761457F8-StateMachineUpdater] INFO  safemode.HealthyPipelineSafeModeRule (HealthyPipelineSafeModeRule.java:initializeRule(152)) - Refreshed total pipeline count is 0, healthy pipeline threshold count is 1
2021-10-16 02:30:28,089 [pool-307-thread-1] INFO  util.JmxRegister (JmxRegister.java:tryRegister(44)) - Successfully registered JMX Bean with object name Ratis:service=RaftServer,group=group-5099CAC1B478,id=edc74d86-77ab-4f9b-98f8-a274c803e3f6
2021-10-16 02:30:28,095 [Command processor thread] INFO  ratis.XceiverServerRatis (XceiverServerRatis.java:addGroup(768)) - Created group PipelineID=1253f24e-ad9c-4dda-b1cc-5099cac1b478
2021-10-16 02:30:28,096 [Command processor thread] INFO  commandhandler.CreatePipelineCommandHandler (CreatePipelineCommandHandler.java:handle(106)) - Created Pipeline RATIS ONE PipelineID=1253f24e-ad9c-4dda-b1cc-5099cac1b478.
2021-10-16 02:30:28,609 [EndpointStateMachine task thread for /127.0.0.1:12757 - 0 ] INFO  ipc.Client (Client.java:handleConnectionFailure(977)) - Retrying connect to server: localhost/127.0.0.1:12757. Already tried 11 time(s); retry policy is RetryUpToMaximumCountWithFixedSleep(maxRetries=15, sleepTime=1000 MILLISECONDS)
2021-10-16 02:30:28,610 [EndpointStateMachine task thread for /127.0.0.1:12777 - 0 ] INFO  ipc.Client (Client.java:handleConnectionFailure(977)) - Retrying connect to server: localhost/127.0.0.1:12777. Already tried 11 time(s); retry policy is RetryUpToMaximumCountWithFixedSleep(maxRetries=15, sleepTime=1000 MILLISECONDS)
2021-10-16 02:30:28,652 [EndpointStateMachine task thread for /127.0.0.1:12767 - 0 ] INFO  ipc.Client (Client.java:handleConnectionFailure(977)) - Retrying connect to server: localhost/127.0.0.1:12767. Already tried 11 time(s); retry policy is RetryUpToMaximumCountWithFixedSleep(maxRetries=15, sleepTime=1000 MILLISECONDS)
2021-10-16 02:30:28,994 [Listener at 127.0.0.1/13164] INFO  ozone.MiniOzoneClusterImpl (MiniOzoneClusterImpl.java:lambda$waitForClusterToBeReady$0(235)) - Nodes are ready. Got 3 of 3 DN Heartbeats.
2021-10-16 02:30:28,995 [Listener at 127.0.0.1/13164] INFO  ozone.MiniOzoneClusterImpl (MiniOzoneClusterImpl.java:lambda$waitForClusterToBeReady$0(238)) - Waiting for cluster to exit safe mode
2021-10-16 02:30:28,995 [Listener at 127.0.0.1/13164] INFO  ozone.MiniOzoneClusterImpl (MiniOzoneClusterImpl.java:lambda$waitForClusterToBeReady$0(240)) - SCM became leader
2021-10-16 02:30:29,224 [Datanode State Machine Thread - 0] ERROR datanode.RunningDatanodeState (RunningDatanodeState.java:computeNextContainerState(199)) - Error in executing end point task.
java.util.concurrent.ExecutionException: java.util.concurrent.TimeoutException
	at java.util.concurrent.FutureTask.report(FutureTask.java:122)
	at java.util.concurrent.FutureTask.get(FutureTask.java:192)
	at org.apache.hadoop.ozone.container.common.states.datanode.RunningDatanodeState.computeNextContainerState(RunningDatanodeState.java:191)
	at org.apache.hadoop.ozone.container.common.states.datanode.RunningDatanodeState.await(RunningDatanodeState.java:231)
	at org.apache.hadoop.ozone.container.common.states.datanode.RunningDatanodeState.await(RunningDatanodeState.java:50)
	at org.apache.hadoop.ozone.container.common.statemachine.StateContext.execute(StateContext.java:629)
	at org.apache.hadoop.ozone.container.common.statemachine.DatanodeStateMachine.start(DatanodeStateMachine.java:276)
	at org.apache.hadoop.ozone.container.common.statemachine.DatanodeStateMachine.lambda$startDaemon$0(DatanodeStateMachine.java:464)
	at java.lang.Thread.run(Thread.java:748)
Caused by: java.util.concurrent.TimeoutException
	at java.util.concurrent.FutureTask.get(FutureTask.java:205)
	at org.apache.hadoop.ozone.container.common.states.datanode.RunningDatanodeState.lambda$execute$0(RunningDatanodeState.java:149)
	at java.util.concurrent.FutureTask.run(FutureTask.java:266)
	at java.util.concurrent.Executors$RunnableAdapter.call(Executors.java:511)
	at java.util.concurrent.FutureTask.run(FutureTask.java:266)
	at java.util.concurrent.ThreadPoolExecutor.runWorker(ThreadPoolExecutor.java:1149)
	at java.util.concurrent.ThreadPoolExecutor$Worker.run(ThreadPoolExecutor.java:624)
	... 1 more
2021-10-16 02:30:29,610 [EndpointStateMachine task thread for /127.0.0.1:12757 - 0 ] INFO  ipc.Client (Client.java:handleConnectionFailure(977)) - Retrying connect to server: localhost/127.0.0.1:12757. Already tried 12 time(s); retry policy is RetryUpToMaximumCountWithFixedSleep(maxRetries=15, sleepTime=1000 MILLISECONDS)
2021-10-16 02:30:29,610 [EndpointStateMachine task thread for /127.0.0.1:12777 - 0 ] INFO  ipc.Client (Client.java:handleConnectionFailure(977)) - Retrying connect to server: localhost/127.0.0.1:12777. Already tried 12 time(s); retry policy is RetryUpToMaximumCountWithFixedSleep(maxRetries=15, sleepTime=1000 MILLISECONDS)
2021-10-16 02:30:29,652 [EndpointStateMachine task thread for /127.0.0.1:12767 - 0 ] INFO  ipc.Client (Client.java:handleConnectionFailure(977)) - Retrying connect to server: localhost/127.0.0.1:12767. Already tried 12 time(s); retry policy is RetryUpToMaximumCountWithFixedSleep(maxRetries=15, sleepTime=1000 MILLISECONDS)
2021-10-16 02:30:29,995 [Listener at 127.0.0.1/13164] INFO  ozone.MiniOzoneClusterImpl (MiniOzoneClusterImpl.java:lambda$waitForClusterToBeReady$0(235)) - Nodes are ready. Got 3 of 3 DN Heartbeats.
2021-10-16 02:30:29,995 [Listener at 127.0.0.1/13164] INFO  ozone.MiniOzoneClusterImpl (MiniOzoneClusterImpl.java:lambda$waitForClusterToBeReady$0(238)) - Waiting for cluster to exit safe mode
2021-10-16 02:30:29,996 [Listener at 127.0.0.1/13164] INFO  ozone.MiniOzoneClusterImpl (MiniOzoneClusterImpl.java:lambda$waitForClusterToBeReady$0(240)) - SCM became leader
2021-10-16 02:30:30,394 [Datanode State Machine Thread - 0] ERROR datanode.RunningDatanodeState (RunningDatanodeState.java:computeNextContainerState(199)) - Error in executing end point task.
java.util.concurrent.ExecutionException: java.util.concurrent.TimeoutException
	at java.util.concurrent.FutureTask.report(FutureTask.java:122)
	at java.util.concurrent.FutureTask.get(FutureTask.java:192)
	at org.apache.hadoop.ozone.container.common.states.datanode.RunningDatanodeState.computeNextContainerState(RunningDatanodeState.java:191)
	at org.apache.hadoop.ozone.container.common.states.datanode.RunningDatanodeState.await(RunningDatanodeState.java:231)
	at org.apache.hadoop.ozone.container.common.states.datanode.RunningDatanodeState.await(RunningDatanodeState.java:50)
	at org.apache.hadoop.ozone.container.common.statemachine.StateContext.execute(StateContext.java:629)
	at org.apache.hadoop.ozone.container.common.statemachine.DatanodeStateMachine.start(DatanodeStateMachine.java:276)
	at org.apache.hadoop.ozone.container.common.statemachine.DatanodeStateMachine.lambda$startDaemon$0(DatanodeStateMachine.java:464)
	at java.lang.Thread.run(Thread.java:748)
Caused by: java.util.concurrent.TimeoutException
	at java.util.concurrent.FutureTask.get(FutureTask.java:205)
	at org.apache.hadoop.ozone.container.common.states.datanode.RunningDatanodeState.lambda$execute$0(RunningDatanodeState.java:149)
	at java.util.concurrent.FutureTask.run(FutureTask.java:266)
	at java.util.concurrent.Executors$RunnableAdapter.call(Executors.java:511)
	at java.util.concurrent.FutureTask.run(FutureTask.java:266)
	at java.util.concurrent.ThreadPoolExecutor.runWorker(ThreadPoolExecutor.java:1149)
	at java.util.concurrent.ThreadPoolExecutor$Worker.run(ThreadPoolExecutor.java:624)
	... 1 more
2021-10-16 02:30:30,610 [EndpointStateMachine task thread for /127.0.0.1:12757 - 0 ] INFO  ipc.Client (Client.java:handleConnectionFailure(977)) - Retrying connect to server: localhost/127.0.0.1:12757. Already tried 13 time(s); retry policy is RetryUpToMaximumCountWithFixedSleep(maxRetries=15, sleepTime=1000 MILLISECONDS)
2021-10-16 02:30:30,611 [EndpointStateMachine task thread for /127.0.0.1:12777 - 0 ] INFO  ipc.Client (Client.java:handleConnectionFailure(977)) - Retrying connect to server: localhost/127.0.0.1:12777. Already tried 13 time(s); retry policy is RetryUpToMaximumCountWithFixedSleep(maxRetries=15, sleepTime=1000 MILLISECONDS)
2021-10-16 02:30:30,654 [EndpointStateMachine task thread for /127.0.0.1:12767 - 0 ] INFO  ipc.Client (Client.java:handleConnectionFailure(977)) - Retrying connect to server: localhost/127.0.0.1:12767. Already tried 13 time(s); retry policy is RetryUpToMaximumCountWithFixedSleep(maxRetries=15, sleepTime=1000 MILLISECONDS)
2021-10-16 02:30:30,996 [Listener at 127.0.0.1/13164] INFO  ozone.MiniOzoneClusterImpl (MiniOzoneClusterImpl.java:lambda$waitForClusterToBeReady$0(235)) - Nodes are ready. Got 3 of 3 DN Heartbeats.
2021-10-16 02:30:30,996 [Listener at 127.0.0.1/13164] INFO  ozone.MiniOzoneClusterImpl (MiniOzoneClusterImpl.java:lambda$waitForClusterToBeReady$0(238)) - Waiting for cluster to exit safe mode
2021-10-16 02:30:30,996 [Listener at 127.0.0.1/13164] INFO  ozone.MiniOzoneClusterImpl (MiniOzoneClusterImpl.java:lambda$waitForClusterToBeReady$0(240)) - SCM became leader
2021-10-16 02:30:31,612 [EndpointStateMachine task thread for /127.0.0.1:12777 - 0 ] INFO  ipc.Client (Client.java:handleConnectionFailure(977)) - Retrying connect to server: localhost/127.0.0.1:12777. Already tried 14 time(s); retry policy is RetryUpToMaximumCountWithFixedSleep(maxRetries=15, sleepTime=1000 MILLISECONDS)
2021-10-16 02:30:31,612 [EndpointStateMachine task thread for /127.0.0.1:12757 - 0 ] INFO  ipc.Client (Client.java:handleConnectionFailure(977)) - Retrying connect to server: localhost/127.0.0.1:12757. Already tried 14 time(s); retry policy is RetryUpToMaximumCountWithFixedSleep(maxRetries=15, sleepTime=1000 MILLISECONDS)
2021-10-16 02:30:31,654 [EndpointStateMachine task thread for /127.0.0.1:12767 - 0 ] INFO  ipc.Client (Client.java:handleConnectionFailure(977)) - Retrying connect to server: localhost/127.0.0.1:12767. Already tried 14 time(s); retry policy is RetryUpToMaximumCountWithFixedSleep(maxRetries=15, sleepTime=1000 MILLISECONDS)
2021-10-16 02:30:31,997 [Listener at 127.0.0.1/13164] INFO  ozone.MiniOzoneClusterImpl (MiniOzoneClusterImpl.java:lambda$waitForClusterToBeReady$0(235)) - Nodes are ready. Got 3 of 3 DN Heartbeats.
2021-10-16 02:30:31,997 [Listener at 127.0.0.1/13164] INFO  ozone.MiniOzoneClusterImpl (MiniOzoneClusterImpl.java:lambda$waitForClusterToBeReady$0(238)) - Waiting for cluster to exit safe mode
2021-10-16 02:30:31,997 [Listener at 127.0.0.1/13164] INFO  ozone.MiniOzoneClusterImpl (MiniOzoneClusterImpl.java:lambda$waitForClusterToBeReady$0(240)) - SCM became leader
2021-10-16 02:30:32,002 [772a6939-f9dd-42bd-8136-52263074270c@group-73ED4CBBFF00-FollowerState] INFO  impl.FollowerState (FollowerState.java:run(134)) - 772a6939-f9dd-42bd-8136-52263074270c@group-73ED4CBBFF00-FollowerState: change to CANDIDATE, lastRpcElapsedTime:5033719715ns, electionTimeout:5020ms
2021-10-16 02:30:32,002 [772a6939-f9dd-42bd-8136-52263074270c@group-73ED4CBBFF00-FollowerState] INFO  impl.RoleInfo (RoleInfo.java:shutdownFollowerState(108)) - 772a6939-f9dd-42bd-8136-52263074270c: shutdown 772a6939-f9dd-42bd-8136-52263074270c@group-73ED4CBBFF00-FollowerState
2021-10-16 02:30:32,002 [772a6939-f9dd-42bd-8136-52263074270c@group-73ED4CBBFF00-FollowerState] INFO  server.RaftServer$Division (RaftServerImpl.java:setRole(285)) - 772a6939-f9dd-42bd-8136-52263074270c@group-73ED4CBBFF00: changes role from  FOLLOWER to CANDIDATE at term 0 for changeToCandidate
2021-10-16 02:30:32,003 [772a6939-f9dd-42bd-8136-52263074270c@group-73ED4CBBFF00-FollowerState] INFO  server.RaftServerConfigKeys (ConfUtils.java:logGet(44)) - raft.server.leaderelection.pre-vote = false (custom)
2021-10-16 02:30:32,003 [772a6939-f9dd-42bd-8136-52263074270c@group-73ED4CBBFF00-FollowerState] INFO  impl.RoleInfo (RoleInfo.java:updateAndGet(130)) - 772a6939-f9dd-42bd-8136-52263074270c: start 772a6939-f9dd-42bd-8136-52263074270c@group-73ED4CBBFF00-LeaderElection17
2021-10-16 02:30:32,019 [772a6939-f9dd-42bd-8136-52263074270c@group-73ED4CBBFF00-LeaderElection17] INFO  impl.LeaderElection (LeaderElection.java:askForVotes(306)) - 772a6939-f9dd-42bd-8136-52263074270c@group-73ED4CBBFF00-LeaderElection17 ELECTION round 0: submit vote requests at term 1 for -1: [1d141dcf-9f09-421f-a135-50b245bde98a|rpc:127.0.0.1:40089|priority:0, edc74d86-77ab-4f9b-98f8-a274c803e3f6|rpc:127.0.0.1:40253|priority:1, 772a6939-f9dd-42bd-8136-52263074270c|rpc:127.0.0.1:44475|priority:0], old=null
2021-10-16 02:30:32,036 [grpc-default-executor-2] INFO  server.RaftServer$Division (RaftServerImpl.java:requestVote(1043)) - 1d141dcf-9f09-421f-a135-50b245bde98a@group-73ED4CBBFF00: receive requestVote(ELECTION, 772a6939-f9dd-42bd-8136-52263074270c, group-73ED4CBBFF00, 1, (t:0, i:0))
2021-10-16 02:30:32,036 [grpc-default-executor-2] INFO  impl.VoteContext (VoteContext.java:log(48)) - 1d141dcf-9f09-421f-a135-50b245bde98a@group-73ED4CBBFF00-FOLLOWER: accept ELECTION from 772a6939-f9dd-42bd-8136-52263074270c: our priority 0 <= candidate's priority 0
2021-10-16 02:30:32,036 [grpc-default-executor-2] INFO  server.RaftServer$Division (RaftServerImpl.java:setRole(285)) - 1d141dcf-9f09-421f-a135-50b245bde98a@group-73ED4CBBFF00: changes role from  FOLLOWER to FOLLOWER at term 1 for candidate:772a6939-f9dd-42bd-8136-52263074270c
2021-10-16 02:30:32,036 [grpc-default-executor-2] INFO  impl.RoleInfo (RoleInfo.java:shutdownFollowerState(108)) - 1d141dcf-9f09-421f-a135-50b245bde98a: shutdown 1d141dcf-9f09-421f-a135-50b245bde98a@group-73ED4CBBFF00-FollowerState
2021-10-16 02:30:32,037 [grpc-default-executor-2] INFO  impl.RoleInfo (RoleInfo.java:updateAndGet(130)) - 1d141dcf-9f09-421f-a135-50b245bde98a: start 1d141dcf-9f09-421f-a135-50b245bde98a@group-73ED4CBBFF00-FollowerState
2021-10-16 02:30:32,037 [1d141dcf-9f09-421f-a135-50b245bde98a@group-73ED4CBBFF00-FollowerState] INFO  impl.FollowerState (FollowerState.java:run(143)) - 1d141dcf-9f09-421f-a135-50b245bde98a@group-73ED4CBBFF00-FollowerState was interrupted: {}
java.lang.InterruptedException: sleep interrupted
	at java.lang.Thread.sleep(Native Method)
	at java.lang.Thread.sleep(Thread.java:340)
	at java.util.concurrent.TimeUnit.sleep(TimeUnit.java:386)
	at org.apache.ratis.util.TimeDuration.sleep(TimeDuration.java:324)
	at org.apache.ratis.util.TimeDuration.sleep(TimeDuration.java:309)
	at org.apache.ratis.server.impl.FollowerState.run(FollowerState.java:118)
2021-10-16 02:30:32,053 [grpc-default-executor-2] INFO  server.RaftServer$Division (RaftServerImpl.java:requestVote(1075)) - 1d141dcf-9f09-421f-a135-50b245bde98a@group-73ED4CBBFF00 replies to ELECTION vote request: 772a6939-f9dd-42bd-8136-52263074270c<-1d141dcf-9f09-421f-a135-50b245bde98a#0:OK-t1. Peer's state: 1d141dcf-9f09-421f-a135-50b245bde98a@group-73ED4CBBFF00:t1, leader=null, voted=772a6939-f9dd-42bd-8136-52263074270c, raftlog=1d141dcf-9f09-421f-a135-50b245bde98a@group-73ED4CBBFF00-SegmentedRaftLog:OPENED:c-1,f-1,i0, conf=-1: [1d141dcf-9f09-421f-a135-50b245bde98a|rpc:127.0.0.1:40089|dataStream:|priority:0, edc74d86-77ab-4f9b-98f8-a274c803e3f6|rpc:127.0.0.1:40253|dataStream:|priority:1, 772a6939-f9dd-42bd-8136-52263074270c|rpc:127.0.0.1:44475|dataStream:|priority:0], old=null
2021-10-16 02:30:32,062 [grpc-default-executor-2] INFO  server.RaftServer$Division (RaftServerImpl.java:requestVote(1043)) - edc74d86-77ab-4f9b-98f8-a274c803e3f6@group-73ED4CBBFF00: receive requestVote(ELECTION, 772a6939-f9dd-42bd-8136-52263074270c, group-73ED4CBBFF00, 1, (t:0, i:0))
2021-10-16 02:30:32,063 [grpc-default-executor-2] INFO  impl.VoteContext (VoteContext.java:log(48)) - edc74d86-77ab-4f9b-98f8-a274c803e3f6@group-73ED4CBBFF00-FOLLOWER: reject ELECTION from 772a6939-f9dd-42bd-8136-52263074270c: our priority 1 > candidate's priority 0
2021-10-16 02:30:32,063 [grpc-default-executor-2] INFO  server.RaftServer$Division (RaftServerImpl.java:setRole(285)) - edc74d86-77ab-4f9b-98f8-a274c803e3f6@group-73ED4CBBFF00: changes role from  FOLLOWER to FOLLOWER at term 1 for candidate:772a6939-f9dd-42bd-8136-52263074270c
2021-10-16 02:30:32,063 [grpc-default-executor-2] INFO  impl.RoleInfo (RoleInfo.java:shutdownFollowerState(108)) - edc74d86-77ab-4f9b-98f8-a274c803e3f6: shutdown edc74d86-77ab-4f9b-98f8-a274c803e3f6@group-73ED4CBBFF00-FollowerState
2021-10-16 02:30:32,063 [edc74d86-77ab-4f9b-98f8-a274c803e3f6@group-73ED4CBBFF00-FollowerState] INFO  impl.FollowerState (FollowerState.java:run(143)) - edc74d86-77ab-4f9b-98f8-a274c803e3f6@group-73ED4CBBFF00-FollowerState was interrupted: {}
java.lang.InterruptedException: sleep interrupted
	at java.lang.Thread.sleep(Native Method)
	at java.lang.Thread.sleep(Thread.java:340)
	at java.util.concurrent.TimeUnit.sleep(TimeUnit.java:386)
	at org.apache.ratis.util.TimeDuration.sleep(TimeDuration.java:324)
	at org.apache.ratis.util.TimeDuration.sleep(TimeDuration.java:309)
	at org.apache.ratis.server.impl.FollowerState.run(FollowerState.java:118)
2021-10-16 02:30:32,063 [grpc-default-executor-2] INFO  impl.RoleInfo (RoleInfo.java:updateAndGet(130)) - edc74d86-77ab-4f9b-98f8-a274c803e3f6: start edc74d86-77ab-4f9b-98f8-a274c803e3f6@group-73ED4CBBFF00-FollowerState
2021-10-16 02:30:32,075 [grpc-default-executor-2] INFO  server.RaftServer$Division (RaftServerImpl.java:requestVote(1075)) - edc74d86-77ab-4f9b-98f8-a274c803e3f6@group-73ED4CBBFF00 replies to ELECTION vote request: 772a6939-f9dd-42bd-8136-52263074270c<-edc74d86-77ab-4f9b-98f8-a274c803e3f6#0:FAIL-t1. Peer's state: edc74d86-77ab-4f9b-98f8-a274c803e3f6@group-73ED4CBBFF00:t1, leader=null, voted=null, raftlog=edc74d86-77ab-4f9b-98f8-a274c803e3f6@group-73ED4CBBFF00-SegmentedRaftLog:OPENED:c-1,f-1,i0, conf=-1: [1d141dcf-9f09-421f-a135-50b245bde98a|rpc:127.0.0.1:40089|dataStream:|priority:0, edc74d86-77ab-4f9b-98f8-a274c803e3f6|rpc:127.0.0.1:40253|dataStream:|priority:1, 772a6939-f9dd-42bd-8136-52263074270c|rpc:127.0.0.1:44475|dataStream:|priority:0], old=null
2021-10-16 02:30:32,078 [772a6939-f9dd-42bd-8136-52263074270c@group-73ED4CBBFF00-LeaderElection17] INFO  impl.LeaderElection (LeaderElection.java:logAndReturn(89)) - 772a6939-f9dd-42bd-8136-52263074270c@group-73ED4CBBFF00-LeaderElection17: ELECTION REJECTED received 2 response(s) and 0 exception(s):
2021-10-16 02:30:32,078 [772a6939-f9dd-42bd-8136-52263074270c@group-73ED4CBBFF00-LeaderElection17] INFO  impl.LeaderElection (LeaderElection.java:logAndReturn(93)) -   Response 0: 772a6939-f9dd-42bd-8136-52263074270c<-1d141dcf-9f09-421f-a135-50b245bde98a#0:OK-t1
2021-10-16 02:30:32,079 [772a6939-f9dd-42bd-8136-52263074270c@group-73ED4CBBFF00-LeaderElection17] INFO  impl.LeaderElection (LeaderElection.java:logAndReturn(93)) -   Response 1: 772a6939-f9dd-42bd-8136-52263074270c<-edc74d86-77ab-4f9b-98f8-a274c803e3f6#0:FAIL-t1
2021-10-16 02:30:32,079 [772a6939-f9dd-42bd-8136-52263074270c@group-73ED4CBBFF00-LeaderElection17] INFO  impl.LeaderElection (LeaderElection.java:askForVotes(308)) - 772a6939-f9dd-42bd-8136-52263074270c@group-73ED4CBBFF00-LeaderElection17 ELECTION round 0: result REJECTED
2021-10-16 02:30:32,079 [772a6939-f9dd-42bd-8136-52263074270c@group-73ED4CBBFF00-LeaderElection17] INFO  server.RaftServer$Division (RaftServerImpl.java:setRole(285)) - 772a6939-f9dd-42bd-8136-52263074270c@group-73ED4CBBFF00: changes role from CANDIDATE to FOLLOWER at term 1 for REJECTED
2021-10-16 02:30:32,079 [772a6939-f9dd-42bd-8136-52263074270c@group-73ED4CBBFF00-LeaderElection17] INFO  impl.RoleInfo (RoleInfo.java:shutdownLeaderElection(121)) - 772a6939-f9dd-42bd-8136-52263074270c: shutdown 772a6939-f9dd-42bd-8136-52263074270c@group-73ED4CBBFF00-LeaderElection17
2021-10-16 02:30:32,079 [772a6939-f9dd-42bd-8136-52263074270c@group-73ED4CBBFF00-LeaderElection17] INFO  impl.RoleInfo (RoleInfo.java:updateAndGet(130)) - 772a6939-f9dd-42bd-8136-52263074270c: start 772a6939-f9dd-42bd-8136-52263074270c@group-73ED4CBBFF00-FollowerState
2021-10-16 02:30:32,081 [772a6939-f9dd-42bd-8136-52263074270c@group-04136C3C34C0-FollowerState] INFO  impl.FollowerState (FollowerState.java:run(134)) - 772a6939-f9dd-42bd-8136-52263074270c@group-04136C3C34C0-FollowerState: change to CANDIDATE, lastRpcElapsedTime:5178923739ns, electionTimeout:5159ms
2021-10-16 02:30:32,081 [772a6939-f9dd-42bd-8136-52263074270c@group-04136C3C34C0-FollowerState] INFO  impl.RoleInfo (RoleInfo.java:shutdownFollowerState(108)) - 772a6939-f9dd-42bd-8136-52263074270c: shutdown 772a6939-f9dd-42bd-8136-52263074270c@group-04136C3C34C0-FollowerState
2021-10-16 02:30:32,081 [772a6939-f9dd-42bd-8136-52263074270c@group-04136C3C34C0-FollowerState] INFO  server.RaftServer$Division (RaftServerImpl.java:setRole(285)) - 772a6939-f9dd-42bd-8136-52263074270c@group-04136C3C34C0: changes role from  FOLLOWER to CANDIDATE at term 0 for changeToCandidate
2021-10-16 02:30:32,082 [772a6939-f9dd-42bd-8136-52263074270c@group-04136C3C34C0-FollowerState] INFO  server.RaftServerConfigKeys (ConfUtils.java:logGet(44)) - raft.server.leaderelection.pre-vote = false (custom)
2021-10-16 02:30:32,082 [772a6939-f9dd-42bd-8136-52263074270c@group-04136C3C34C0-FollowerState] INFO  impl.RoleInfo (RoleInfo.java:updateAndGet(130)) - 772a6939-f9dd-42bd-8136-52263074270c: start 772a6939-f9dd-42bd-8136-52263074270c@group-04136C3C34C0-LeaderElection18
2021-10-16 02:30:32,100 [772a6939-f9dd-42bd-8136-52263074270c@group-04136C3C34C0-LeaderElection18] INFO  impl.LeaderElection (LeaderElection.java:askForVotes(306)) - 772a6939-f9dd-42bd-8136-52263074270c@group-04136C3C34C0-LeaderElection18 ELECTION round 0: submit vote requests at term 1 for -1: [772a6939-f9dd-42bd-8136-52263074270c|rpc:127.0.0.1:44475|priority:1], old=null
2021-10-16 02:30:32,100 [772a6939-f9dd-42bd-8136-52263074270c@group-04136C3C34C0-LeaderElection18] INFO  impl.LeaderElection (LeaderElection.java:askForVotes(308)) - 772a6939-f9dd-42bd-8136-52263074270c@group-04136C3C34C0-LeaderElection18 ELECTION round 0: result PASSED (term=1)
2021-10-16 02:30:32,100 [772a6939-f9dd-42bd-8136-52263074270c@group-04136C3C34C0-LeaderElection18] INFO  impl.RoleInfo (RoleInfo.java:shutdownLeaderElection(121)) - 772a6939-f9dd-42bd-8136-52263074270c: shutdown 772a6939-f9dd-42bd-8136-52263074270c@group-04136C3C34C0-LeaderElection18
2021-10-16 02:30:32,101 [772a6939-f9dd-42bd-8136-52263074270c@group-04136C3C34C0-LeaderElection18] INFO  server.RaftServer$Division (RaftServerImpl.java:setRole(285)) - 772a6939-f9dd-42bd-8136-52263074270c@group-04136C3C34C0: changes role from CANDIDATE to LEADER at term 1 for changeToLeader
2021-10-16 02:30:32,101 [772a6939-f9dd-42bd-8136-52263074270c@group-04136C3C34C0-LeaderElection18] INFO  ratis.XceiverServerRatis (XceiverServerRatis.java:handleLeaderChangedNotification(866)) - Leader change notification received for group: group-04136C3C34C0 with new leaderId: 772a6939-f9dd-42bd-8136-52263074270c
2021-10-16 02:30:32,101 [772a6939-f9dd-42bd-8136-52263074270c@group-04136C3C34C0-LeaderElection18] INFO  server.RaftServer$Division (ServerState.java:setLeader(285)) - 772a6939-f9dd-42bd-8136-52263074270c@group-04136C3C34C0: change Leader from null to 772a6939-f9dd-42bd-8136-52263074270c at term 1 for becomeLeader, leader elected after 5278ms
2021-10-16 02:30:32,101 [772a6939-f9dd-42bd-8136-52263074270c@group-04136C3C34C0-LeaderElection18] INFO  server.RaftServerConfigKeys (ConfUtils.java:logGet(44)) - raft.server.staging.catchup.gap = 1000 (default)
2021-10-16 02:30:32,101 [772a6939-f9dd-42bd-8136-52263074270c@group-04136C3C34C0-LeaderElection18] INFO  server.RaftServerConfigKeys (ConfUtils.java:logGet(44)) - raft.server.write.element-limit = 1024 (custom)
2021-10-16 02:30:32,104 [EventQueue-OpenPipelineForHealthyPipelineSafeModeRule] INFO  safemode.SCMSafeModeManager (HealthyPipelineSafeModeRule.java:process(124)) - SCM in safe mode. Healthy pipelines reported count is 0, required healthy pipeline reported count is 1
2021-10-16 02:30:32,104 [EventQueue-OpenPipelineForHealthyPipelineSafeModeRule] INFO  safemode.SCMSafeModeManager (HealthyPipelineSafeModeRule.java:process(124)) - SCM in safe mode. Healthy pipelines reported count is 0, required healthy pipeline reported count is 1
2021-10-16 02:30:32,113 [772a6939-f9dd-42bd-8136-52263074270c@group-04136C3C34C0-LeaderElection18] INFO  server.RaftServerConfigKeys (ConfUtils.java:logGet(44)) - raft.server.write.byte-limit = 1024 M (=1073741824) (custom)
2021-10-16 02:30:32,113 [772a6939-f9dd-42bd-8136-52263074270c@group-04136C3C34C0-LeaderElection18] INFO  server.RaftServerConfigKeys (ConfUtils.java:logGet(44)) - raft.server.watch.timeout = 180s (custom)
2021-10-16 02:30:32,114 [772a6939-f9dd-42bd-8136-52263074270c@group-04136C3C34C0-LeaderElection18] INFO  server.RaftServerConfigKeys (ConfUtils.java:logGet(44)) - raft.server.watch.timeout.denomination = 1s (default)
2021-10-16 02:30:32,114 [772a6939-f9dd-42bd-8136-52263074270c@group-04136C3C34C0-LeaderElection18] INFO  server.RaftServerConfigKeys (ConfUtils.java:logGet(44)) - raft.server.watch.element-limit = 65536 (default)
2021-10-16 02:30:32,114 [772a6939-f9dd-42bd-8136-52263074270c@group-04136C3C34C0-LeaderElection18] INFO  impl.RoleInfo (RoleInfo.java:updateAndGet(130)) - 772a6939-f9dd-42bd-8136-52263074270c: start 772a6939-f9dd-42bd-8136-52263074270c@group-04136C3C34C0-LeaderStateImpl
2021-10-16 02:30:32,114 [772a6939-f9dd-42bd-8136-52263074270c@group-04136C3C34C0-LeaderElection18] INFO  segmented.SegmentedRaftLogWorker (SegmentedRaftLogWorker.java:startLogSegment(394)) - 772a6939-f9dd-42bd-8136-52263074270c@group-04136C3C34C0-SegmentedRaftLogWorker: Starting segment from index:0
2021-10-16 02:30:32,116 [772a6939-f9dd-42bd-8136-52263074270c@group-04136C3C34C0-SegmentedRaftLogWorker] INFO  segmented.SegmentedRaftLogWorker (SegmentedRaftLogWorker.java:execute(601)) - 772a6939-f9dd-42bd-8136-52263074270c@group-04136C3C34C0-SegmentedRaftLogWorker: created new log segment /home/runner/work/ozone/ozone/hadoop-ozone/integration-test/target/test-dir/MiniOzoneClusterImpl-4eb377f1-b672-4075-9178-fccd761457f8/datanode-0/data/ratis/f0c55b03-129a-464c-9ba4-04136c3c34c0/current/log_inprogress_0
2021-10-16 02:30:32,118 [772a6939-f9dd-42bd-8136-52263074270c@group-04136C3C34C0-LeaderElection18] INFO  server.RaftServer$Division (ServerState.java:setRaftConf(387)) - 772a6939-f9dd-42bd-8136-52263074270c@group-04136C3C34C0: set configuration 0: [772a6939-f9dd-42bd-8136-52263074270c|rpc:127.0.0.1:44475|dataStream:|priority:1], old=null
2021-10-16 02:30:32,341 [1d141dcf-9f09-421f-a135-50b245bde98a@group-8FBAFD7CAFAB-FollowerState] INFO  impl.FollowerState (FollowerState.java:run(134)) - 1d141dcf-9f09-421f-a135-50b245bde98a@group-8FBAFD7CAFAB-FollowerState: change to CANDIDATE, lastRpcElapsedTime:5055235525ns, electionTimeout:5047ms
2021-10-16 02:30:32,341 [1d141dcf-9f09-421f-a135-50b245bde98a@group-8FBAFD7CAFAB-FollowerState] INFO  impl.RoleInfo (RoleInfo.java:shutdownFollowerState(108)) - 1d141dcf-9f09-421f-a135-50b245bde98a: shutdown 1d141dcf-9f09-421f-a135-50b245bde98a@group-8FBAFD7CAFAB-FollowerState
2021-10-16 02:30:32,342 [1d141dcf-9f09-421f-a135-50b245bde98a@group-8FBAFD7CAFAB-FollowerState] INFO  server.RaftServer$Division (RaftServerImpl.java:setRole(285)) - 1d141dcf-9f09-421f-a135-50b245bde98a@group-8FBAFD7CAFAB: changes role from  FOLLOWER to CANDIDATE at term 0 for changeToCandidate
2021-10-16 02:30:32,342 [1d141dcf-9f09-421f-a135-50b245bde98a@group-8FBAFD7CAFAB-FollowerState] INFO  server.RaftServerConfigKeys (ConfUtils.java:logGet(44)) - raft.server.leaderelection.pre-vote = false (custom)
2021-10-16 02:30:32,342 [1d141dcf-9f09-421f-a135-50b245bde98a@group-8FBAFD7CAFAB-FollowerState] INFO  impl.RoleInfo (RoleInfo.java:updateAndGet(130)) - 1d141dcf-9f09-421f-a135-50b245bde98a: start 1d141dcf-9f09-421f-a135-50b245bde98a@group-8FBAFD7CAFAB-LeaderElection19
2021-10-16 02:30:32,352 [1d141dcf-9f09-421f-a135-50b245bde98a@group-8FBAFD7CAFAB-LeaderElection19] INFO  impl.LeaderElection (LeaderElection.java:askForVotes(306)) - 1d141dcf-9f09-421f-a135-50b245bde98a@group-8FBAFD7CAFAB-LeaderElection19 ELECTION round 0: submit vote requests at term 1 for -1: [1d141dcf-9f09-421f-a135-50b245bde98a|rpc:127.0.0.1:40089|dataStream:|priority:0, edc74d86-77ab-4f9b-98f8-a274c803e3f6|rpc:127.0.0.1:40253|dataStream:|priority:0, 772a6939-f9dd-42bd-8136-52263074270c|rpc:127.0.0.1:44475|dataStream:|priority:1], old=null
2021-10-16 02:30:32,370 [grpc-default-executor-2] INFO  server.RaftServer$Division (RaftServerImpl.java:requestVote(1043)) - 772a6939-f9dd-42bd-8136-52263074270c@group-8FBAFD7CAFAB: receive requestVote(ELECTION, 1d141dcf-9f09-421f-a135-50b245bde98a, group-8FBAFD7CAFAB, 1, (t:0, i:0))
2021-10-16 02:30:32,370 [grpc-default-executor-2] INFO  impl.VoteContext (VoteContext.java:log(48)) - 772a6939-f9dd-42bd-8136-52263074270c@group-8FBAFD7CAFAB-FOLLOWER: reject ELECTION from 1d141dcf-9f09-421f-a135-50b245bde98a: our priority 1 > candidate's priority 0
2021-10-16 02:30:32,370 [grpc-default-executor-2] INFO  server.RaftServer$Division (RaftServerImpl.java:setRole(285)) - 772a6939-f9dd-42bd-8136-52263074270c@group-8FBAFD7CAFAB: changes role from  FOLLOWER to FOLLOWER at term 1 for candidate:1d141dcf-9f09-421f-a135-50b245bde98a
2021-10-16 02:30:32,371 [grpc-default-executor-2] INFO  impl.RoleInfo (RoleInfo.java:shutdownFollowerState(108)) - 772a6939-f9dd-42bd-8136-52263074270c: shutdown 772a6939-f9dd-42bd-8136-52263074270c@group-8FBAFD7CAFAB-FollowerState
2021-10-16 02:30:32,371 [772a6939-f9dd-42bd-8136-52263074270c@group-8FBAFD7CAFAB-FollowerState] INFO  impl.FollowerState (FollowerState.java:run(143)) - 772a6939-f9dd-42bd-8136-52263074270c@group-8FBAFD7CAFAB-FollowerState was interrupted: {}
java.lang.InterruptedException: sleep interrupted
	at java.lang.Thread.sleep(Native Method)
	at java.lang.Thread.sleep(Thread.java:340)
	at java.util.concurrent.TimeUnit.sleep(TimeUnit.java:386)
	at org.apache.ratis.util.TimeDuration.sleep(TimeDuration.java:324)
	at org.apache.ratis.util.TimeDuration.sleep(TimeDuration.java:309)
	at org.apache.ratis.server.impl.FollowerState.run(FollowerState.java:118)
2021-10-16 02:30:32,381 [grpc-default-executor-2] INFO  impl.RoleInfo (RoleInfo.java:updateAndGet(130)) - 772a6939-f9dd-42bd-8136-52263074270c: start 772a6939-f9dd-42bd-8136-52263074270c@group-8FBAFD7CAFAB-FollowerState
2021-10-16 02:30:32,387 [grpc-default-executor-2] INFO  server.RaftServer$Division (RaftServerImpl.java:requestVote(1075)) - 772a6939-f9dd-42bd-8136-52263074270c@group-8FBAFD7CAFAB replies to ELECTION vote request: 1d141dcf-9f09-421f-a135-50b245bde98a<-772a6939-f9dd-42bd-8136-52263074270c#0:FAIL-t1. Peer's state: 772a6939-f9dd-42bd-8136-52263074270c@group-8FBAFD7CAFAB:t1, leader=null, voted=null, raftlog=772a6939-f9dd-42bd-8136-52263074270c@group-8FBAFD7CAFAB-SegmentedRaftLog:OPENED:c-1,f-1,i0, conf=-1: [1d141dcf-9f09-421f-a135-50b245bde98a|rpc:127.0.0.1:40089|priority:0, edc74d86-77ab-4f9b-98f8-a274c803e3f6|rpc:127.0.0.1:40253|priority:0, 772a6939-f9dd-42bd-8136-52263074270c|rpc:127.0.0.1:44475|priority:1], old=null
2021-10-16 02:30:32,396 [1d141dcf-9f09-421f-a135-50b245bde98a@group-8FBAFD7CAFAB-LeaderElection19] INFO  impl.LeaderElection (LeaderElection.java:logAndReturn(89)) - 1d141dcf-9f09-421f-a135-50b245bde98a@group-8FBAFD7CAFAB-LeaderElection19: ELECTION REJECTED received 1 response(s) and 0 exception(s):
2021-10-16 02:30:32,396 [1d141dcf-9f09-421f-a135-50b245bde98a@group-8FBAFD7CAFAB-LeaderElection19] INFO  impl.LeaderElection (LeaderElection.java:logAndReturn(93)) -   Response 0: 1d141dcf-9f09-421f-a135-50b245bde98a<-772a6939-f9dd-42bd-8136-52263074270c#0:FAIL-t1
2021-10-16 02:30:32,396 [1d141dcf-9f09-421f-a135-50b245bde98a@group-8FBAFD7CAFAB-LeaderElection19] INFO  impl.LeaderElection (LeaderElection.java:askForVotes(308)) - 1d141dcf-9f09-421f-a135-50b245bde98a@group-8FBAFD7CAFAB-LeaderElection19 ELECTION round 0: result REJECTED
2021-10-16 02:30:32,396 [1d141dcf-9f09-421f-a135-50b245bde98a@group-8FBAFD7CAFAB-LeaderElection19] INFO  server.RaftServer$Division (RaftServerImpl.java:setRole(285)) - 1d141dcf-9f09-421f-a135-50b245bde98a@group-8FBAFD7CAFAB: changes role from CANDIDATE to FOLLOWER at term 1 for REJECTED
2021-10-16 02:30:32,396 [1d141dcf-9f09-421f-a135-50b245bde98a@group-8FBAFD7CAFAB-LeaderElection19] INFO  impl.RoleInfo (RoleInfo.java:shutdownLeaderElection(121)) - 1d141dcf-9f09-421f-a135-50b245bde98a: shutdown 1d141dcf-9f09-421f-a135-50b245bde98a@group-8FBAFD7CAFAB-LeaderElection19
2021-10-16 02:30:32,396 [1d141dcf-9f09-421f-a135-50b245bde98a@group-8FBAFD7CAFAB-LeaderElection19] INFO  impl.RoleInfo (RoleInfo.java:updateAndGet(130)) - 1d141dcf-9f09-421f-a135-50b245bde98a: start 1d141dcf-9f09-421f-a135-50b245bde98a@group-8FBAFD7CAFAB-FollowerState
2021-10-16 02:30:32,400 [grpc-default-executor-2] INFO  server.RaftServer$Division (RaftServerImpl.java:requestVote(1043)) - edc74d86-77ab-4f9b-98f8-a274c803e3f6@group-8FBAFD7CAFAB: receive requestVote(ELECTION, 1d141dcf-9f09-421f-a135-50b245bde98a, group-8FBAFD7CAFAB, 1, (t:0, i:0))
2021-10-16 02:30:32,400 [grpc-default-executor-2] INFO  impl.VoteContext (VoteContext.java:log(48)) - edc74d86-77ab-4f9b-98f8-a274c803e3f6@group-8FBAFD7CAFAB-FOLLOWER: accept ELECTION from 1d141dcf-9f09-421f-a135-50b245bde98a: our priority 0 <= candidate's priority 0
2021-10-16 02:30:32,400 [grpc-default-executor-2] INFO  server.RaftServer$Division (RaftServerImpl.java:setRole(285)) - edc74d86-77ab-4f9b-98f8-a274c803e3f6@group-8FBAFD7CAFAB: changes role from  FOLLOWER to FOLLOWER at term 1 for candidate:1d141dcf-9f09-421f-a135-50b245bde98a
2021-10-16 02:30:32,400 [grpc-default-executor-2] INFO  impl.RoleInfo (RoleInfo.java:shutdownFollowerState(108)) - edc74d86-77ab-4f9b-98f8-a274c803e3f6: shutdown edc74d86-77ab-4f9b-98f8-a274c803e3f6@group-8FBAFD7CAFAB-FollowerState
2021-10-16 02:30:32,401 [grpc-default-executor-2] INFO  impl.RoleInfo (RoleInfo.java:updateAndGet(130)) - edc74d86-77ab-4f9b-98f8-a274c803e3f6: start edc74d86-77ab-4f9b-98f8-a274c803e3f6@group-8FBAFD7CAFAB-FollowerState
2021-10-16 02:30:32,401 [edc74d86-77ab-4f9b-98f8-a274c803e3f6@group-8FBAFD7CAFAB-FollowerState] INFO  impl.FollowerState (FollowerState.java:run(143)) - edc74d86-77ab-4f9b-98f8-a274c803e3f6@group-8FBAFD7CAFAB-FollowerState was interrupted: {}
java.lang.InterruptedException: sleep interrupted
	at java.lang.Thread.sleep(Native Method)
	at java.lang.Thread.sleep(Thread.java:340)
	at java.util.concurrent.TimeUnit.sleep(TimeUnit.java:386)
	at org.apache.ratis.util.TimeDuration.sleep(TimeDuration.java:324)
	at org.apache.ratis.util.TimeDuration.sleep(TimeDuration.java:309)
	at org.apache.ratis.server.impl.FollowerState.run(FollowerState.java:118)
2021-10-16 02:30:32,416 [grpc-default-executor-2] INFO  server.RaftServer$Division (RaftServerImpl.java:requestVote(1075)) - edc74d86-77ab-4f9b-98f8-a274c803e3f6@group-8FBAFD7CAFAB replies to ELECTION vote request: 1d141dcf-9f09-421f-a135-50b245bde98a<-edc74d86-77ab-4f9b-98f8-a274c803e3f6#0:OK-t1. Peer's state: edc74d86-77ab-4f9b-98f8-a274c803e3f6@group-8FBAFD7CAFAB:t1, leader=null, voted=1d141dcf-9f09-421f-a135-50b245bde98a, raftlog=edc74d86-77ab-4f9b-98f8-a274c803e3f6@group-8FBAFD7CAFAB-SegmentedRaftLog:OPENED:c-1,f-1,i0, conf=-1: [1d141dcf-9f09-421f-a135-50b245bde98a|rpc:127.0.0.1:40089|dataStream:|priority:0, edc74d86-77ab-4f9b-98f8-a274c803e3f6|rpc:127.0.0.1:40253|dataStream:|priority:0, 772a6939-f9dd-42bd-8136-52263074270c|rpc:127.0.0.1:44475|dataStream:|priority:1], old=null
2021-10-16 02:30:32,513 [1d141dcf-9f09-421f-a135-50b245bde98a@group-FDE02C46647B-FollowerState] INFO  impl.FollowerState (FollowerState.java:run(134)) - 1d141dcf-9f09-421f-a135-50b245bde98a@group-FDE02C46647B-FollowerState: change to CANDIDATE, lastRpcElapsedTime:5080795024ns, electionTimeout:5077ms
2021-10-16 02:30:32,514 [1d141dcf-9f09-421f-a135-50b245bde98a@group-FDE02C46647B-FollowerState] INFO  impl.RoleInfo (RoleInfo.java:shutdownFollowerState(108)) - 1d141dcf-9f09-421f-a135-50b245bde98a: shutdown 1d141dcf-9f09-421f-a135-50b245bde98a@group-FDE02C46647B-FollowerState
2021-10-16 02:30:32,514 [1d141dcf-9f09-421f-a135-50b245bde98a@group-FDE02C46647B-FollowerState] INFO  server.RaftServer$Division (RaftServerImpl.java:setRole(285)) - 1d141dcf-9f09-421f-a135-50b245bde98a@group-FDE02C46647B: changes role from  FOLLOWER to CANDIDATE at term 0 for changeToCandidate
2021-10-16 02:30:32,514 [1d141dcf-9f09-421f-a135-50b245bde98a@group-FDE02C46647B-FollowerState] INFO  server.RaftServerConfigKeys (ConfUtils.java:logGet(44)) - raft.server.leaderelection.pre-vote = false (custom)
2021-10-16 02:30:32,514 [1d141dcf-9f09-421f-a135-50b245bde98a@group-FDE02C46647B-FollowerState] INFO  impl.RoleInfo (RoleInfo.java:updateAndGet(130)) - 1d141dcf-9f09-421f-a135-50b245bde98a: start 1d141dcf-9f09-421f-a135-50b245bde98a@group-FDE02C46647B-LeaderElection20
2021-10-16 02:30:32,527 [1d141dcf-9f09-421f-a135-50b245bde98a@group-FDE02C46647B-LeaderElection20] INFO  impl.LeaderElection (LeaderElection.java:askForVotes(306)) - 1d141dcf-9f09-421f-a135-50b245bde98a@group-FDE02C46647B-LeaderElection20 ELECTION round 0: submit vote requests at term 1 for -1: [1d141dcf-9f09-421f-a135-50b245bde98a|rpc:127.0.0.1:40089|priority:1], old=null
2021-10-16 02:30:32,527 [1d141dcf-9f09-421f-a135-50b245bde98a@group-FDE02C46647B-LeaderElection20] INFO  impl.LeaderElection (LeaderElection.java:askForVotes(308)) - 1d141dcf-9f09-421f-a135-50b245bde98a@group-FDE02C46647B-LeaderElection20 ELECTION round 0: result PASSED (term=1)
2021-10-16 02:30:32,528 [1d141dcf-9f09-421f-a135-50b245bde98a@group-FDE02C46647B-LeaderElection20] INFO  impl.RoleInfo (RoleInfo.java:shutdownLeaderElection(121)) - 1d141dcf-9f09-421f-a135-50b245bde98a: shutdown 1d141dcf-9f09-421f-a135-50b245bde98a@group-FDE02C46647B-LeaderElection20
2021-10-16 02:30:32,528 [1d141dcf-9f09-421f-a135-50b245bde98a@group-FDE02C46647B-LeaderElection20] INFO  server.RaftServer$Division (RaftServerImpl.java:setRole(285)) - 1d141dcf-9f09-421f-a135-50b245bde98a@group-FDE02C46647B: changes role from CANDIDATE to LEADER at term 1 for changeToLeader
2021-10-16 02:30:32,528 [1d141dcf-9f09-421f-a135-50b245bde98a@group-FDE02C46647B-LeaderElection20] INFO  ratis.XceiverServerRatis (XceiverServerRatis.java:handleLeaderChangedNotification(866)) - Leader change notification received for group: group-FDE02C46647B with new leaderId: 1d141dcf-9f09-421f-a135-50b245bde98a
2021-10-16 02:30:32,528 [1d141dcf-9f09-421f-a135-50b245bde98a@group-FDE02C46647B-LeaderElection20] INFO  server.RaftServer$Division (ServerState.java:setLeader(285)) - 1d141dcf-9f09-421f-a135-50b245bde98a@group-FDE02C46647B: change Leader from null to 1d141dcf-9f09-421f-a135-50b245bde98a at term 1 for becomeLeader, leader elected after 5138ms
2021-10-16 02:30:32,528 [1d141dcf-9f09-421f-a135-50b245bde98a@group-FDE02C46647B-LeaderElection20] INFO  server.RaftServerConfigKeys (ConfUtils.java:logGet(44)) - raft.server.staging.catchup.gap = 1000 (default)
2021-10-16 02:30:32,529 [1d141dcf-9f09-421f-a135-50b245bde98a@group-FDE02C46647B-LeaderElection20] INFO  server.RaftServerConfigKeys (ConfUtils.java:logGet(44)) - raft.server.write.element-limit = 1024 (custom)
2021-10-16 02:30:32,529 [1d141dcf-9f09-421f-a135-50b245bde98a@group-FDE02C46647B-LeaderElection20] INFO  server.RaftServerConfigKeys (ConfUtils.java:logGet(44)) - raft.server.write.byte-limit = 1024 M (=1073741824) (custom)
2021-10-16 02:30:32,530 [1d141dcf-9f09-421f-a135-50b245bde98a@group-FDE02C46647B-LeaderElection20] INFO  server.RaftServerConfigKeys (ConfUtils.java:logGet(44)) - raft.server.watch.timeout = 180s (custom)
2021-10-16 02:30:32,533 [1d141dcf-9f09-421f-a135-50b245bde98a@group-FDE02C46647B-LeaderElection20] INFO  server.RaftServerConfigKeys (ConfUtils.java:logGet(44)) - raft.server.watch.timeout.denomination = 1s (default)
2021-10-16 02:30:32,534 [EventQueue-OpenPipelineForHealthyPipelineSafeModeRule] INFO  safemode.SCMSafeModeManager (HealthyPipelineSafeModeRule.java:process(124)) - SCM in safe mode. Healthy pipelines reported count is 0, required healthy pipeline reported count is 1
2021-10-16 02:30:32,534 [EventQueue-OpenPipelineForHealthyPipelineSafeModeRule] INFO  safemode.SCMSafeModeManager (HealthyPipelineSafeModeRule.java:process(124)) - SCM in safe mode. Healthy pipelines reported count is 0, required healthy pipeline reported count is 1
2021-10-16 02:30:32,534 [1d141dcf-9f09-421f-a135-50b245bde98a@group-FDE02C46647B-LeaderElection20] INFO  server.RaftServerConfigKeys (ConfUtils.java:logGet(44)) - raft.server.watch.element-limit = 65536 (default)
2021-10-16 02:30:32,535 [1d141dcf-9f09-421f-a135-50b245bde98a@group-FDE02C46647B-LeaderElection20] INFO  impl.RoleInfo (RoleInfo.java:updateAndGet(130)) - 1d141dcf-9f09-421f-a135-50b245bde98a: start 1d141dcf-9f09-421f-a135-50b245bde98a@group-FDE02C46647B-LeaderStateImpl
2021-10-16 02:30:32,535 [1d141dcf-9f09-421f-a135-50b245bde98a@group-FDE02C46647B-LeaderElection20] INFO  segmented.SegmentedRaftLogWorker (SegmentedRaftLogWorker.java:startLogSegment(394)) - 1d141dcf-9f09-421f-a135-50b245bde98a@group-FDE02C46647B-SegmentedRaftLogWorker: Starting segment from index:0
2021-10-16 02:30:32,537 [1d141dcf-9f09-421f-a135-50b245bde98a@group-FDE02C46647B-SegmentedRaftLogWorker] INFO  segmented.SegmentedRaftLogWorker (SegmentedRaftLogWorker.java:execute(601)) - 1d141dcf-9f09-421f-a135-50b245bde98a@group-FDE02C46647B-SegmentedRaftLogWorker: created new log segment /home/runner/work/ozone/ozone/hadoop-ozone/integration-test/target/test-dir/MiniOzoneClusterImpl-4eb377f1-b672-4075-9178-fccd761457f8/datanode-1/data/ratis/7436d653-5c2f-4281-a172-fde02c46647b/current/log_inprogress_0
2021-10-16 02:30:32,542 [1d141dcf-9f09-421f-a135-50b245bde98a@group-FDE02C46647B-LeaderElection20] INFO  server.RaftServer$Division (ServerState.java:setRaftConf(387)) - 1d141dcf-9f09-421f-a135-50b245bde98a@group-FDE02C46647B: set configuration 0: [1d141dcf-9f09-421f-a135-50b245bde98a|rpc:127.0.0.1:40089|dataStream:|priority:1], old=null
2021-10-16 02:30:32,615 [EndpointStateMachine task thread for /127.0.0.1:12757 - 0 ] INFO  ipc.Client (Client.java:handleConnectionFailure(977)) - Retrying connect to server: localhost/127.0.0.1:12757. Already tried 0 time(s); retry policy is RetryUpToMaximumCountWithFixedSleep(maxRetries=15, sleepTime=1000 MILLISECONDS)
2021-10-16 02:30:32,616 [EndpointStateMachine task thread for /127.0.0.1:12777 - 0 ] INFO  ipc.Client (Client.java:handleConnectionFailure(977)) - Retrying connect to server: localhost/127.0.0.1:12777. Already tried 0 time(s); retry policy is RetryUpToMaximumCountWithFixedSleep(maxRetries=15, sleepTime=1000 MILLISECONDS)
2021-10-16 02:30:32,655 [EndpointStateMachine task thread for /127.0.0.1:12767 - 0 ] INFO  ipc.Client (Client.java:handleConnectionFailure(977)) - Retrying connect to server: localhost/127.0.0.1:12767. Already tried 0 time(s); retry policy is RetryUpToMaximumCountWithFixedSleep(maxRetries=15, sleepTime=1000 MILLISECONDS)
2021-10-16 02:30:32,998 [Listener at 127.0.0.1/13164] INFO  ozone.MiniOzoneClusterImpl (MiniOzoneClusterImpl.java:lambda$waitForClusterToBeReady$0(235)) - Nodes are ready. Got 3 of 3 DN Heartbeats.
2021-10-16 02:30:32,998 [Listener at 127.0.0.1/13164] INFO  ozone.MiniOzoneClusterImpl (MiniOzoneClusterImpl.java:lambda$waitForClusterToBeReady$0(238)) - Waiting for cluster to exit safe mode
2021-10-16 02:30:32,998 [Listener at 127.0.0.1/13164] INFO  ozone.MiniOzoneClusterImpl (MiniOzoneClusterImpl.java:lambda$waitForClusterToBeReady$0(240)) - SCM became leader
2021-10-16 02:30:33,237 [edc74d86-77ab-4f9b-98f8-a274c803e3f6@group-5099CAC1B478-FollowerState] INFO  impl.FollowerState (FollowerState.java:run(134)) - edc74d86-77ab-4f9b-98f8-a274c803e3f6@group-5099CAC1B478-FollowerState: change to CANDIDATE, lastRpcElapsedTime:5154275549ns, electionTimeout:5146ms
2021-10-16 02:30:33,238 [edc74d86-77ab-4f9b-98f8-a274c803e3f6@group-5099CAC1B478-FollowerState] INFO  impl.RoleInfo (RoleInfo.java:shutdownFollowerState(108)) - edc74d86-77ab-4f9b-98f8-a274c803e3f6: shutdown edc74d86-77ab-4f9b-98f8-a274c803e3f6@group-5099CAC1B478-FollowerState
2021-10-16 02:30:33,238 [edc74d86-77ab-4f9b-98f8-a274c803e3f6@group-5099CAC1B478-FollowerState] INFO  server.RaftServer$Division (RaftServerImpl.java:setRole(285)) - edc74d86-77ab-4f9b-98f8-a274c803e3f6@group-5099CAC1B478: changes role from  FOLLOWER to CANDIDATE at term 0 for changeToCandidate
2021-10-16 02:30:33,240 [edc74d86-77ab-4f9b-98f8-a274c803e3f6@group-5099CAC1B478-FollowerState] INFO  server.RaftServerConfigKeys (ConfUtils.java:logGet(44)) - raft.server.leaderelection.pre-vote = false (custom)
2021-10-16 02:30:33,240 [edc74d86-77ab-4f9b-98f8-a274c803e3f6@group-5099CAC1B478-FollowerState] INFO  impl.RoleInfo (RoleInfo.java:updateAndGet(130)) - edc74d86-77ab-4f9b-98f8-a274c803e3f6: start edc74d86-77ab-4f9b-98f8-a274c803e3f6@group-5099CAC1B478-LeaderElection21
2021-10-16 02:30:33,257 [edc74d86-77ab-4f9b-98f8-a274c803e3f6@group-5099CAC1B478-LeaderElection21] INFO  impl.LeaderElection (LeaderElection.java:askForVotes(306)) - edc74d86-77ab-4f9b-98f8-a274c803e3f6@group-5099CAC1B478-LeaderElection21 ELECTION round 0: submit vote requests at term 1 for -1: [edc74d86-77ab-4f9b-98f8-a274c803e3f6|rpc:127.0.0.1:40253|priority:1], old=null
2021-10-16 02:30:33,258 [edc74d86-77ab-4f9b-98f8-a274c803e3f6@group-5099CAC1B478-LeaderElection21] INFO  impl.LeaderElection (LeaderElection.java:askForVotes(308)) - edc74d86-77ab-4f9b-98f8-a274c803e3f6@group-5099CAC1B478-LeaderElection21 ELECTION round 0: result PASSED (term=1)
2021-10-16 02:30:33,258 [edc74d86-77ab-4f9b-98f8-a274c803e3f6@group-5099CAC1B478-LeaderElection21] INFO  impl.RoleInfo (RoleInfo.java:shutdownLeaderElection(121)) - edc74d86-77ab-4f9b-98f8-a274c803e3f6: shutdown edc74d86-77ab-4f9b-98f8-a274c803e3f6@group-5099CAC1B478-LeaderElection21
2021-10-16 02:30:33,258 [edc74d86-77ab-4f9b-98f8-a274c803e3f6@group-5099CAC1B478-LeaderElection21] INFO  server.RaftServer$Division (RaftServerImpl.java:setRole(285)) - edc74d86-77ab-4f9b-98f8-a274c803e3f6@group-5099CAC1B478: changes role from CANDIDATE to LEADER at term 1 for changeToLeader
2021-10-16 02:30:33,258 [edc74d86-77ab-4f9b-98f8-a274c803e3f6@group-5099CAC1B478-LeaderElection21] INFO  ratis.XceiverServerRatis (XceiverServerRatis.java:handleLeaderChangedNotification(866)) - Leader change notification received for group: group-5099CAC1B478 with new leaderId: edc74d86-77ab-4f9b-98f8-a274c803e3f6
2021-10-16 02:30:33,261 [EventQueue-OpenPipelineForHealthyPipelineSafeModeRule] INFO  safemode.SCMSafeModeManager (HealthyPipelineSafeModeRule.java:process(124)) - SCM in safe mode. Healthy pipelines reported count is 0, required healthy pipeline reported count is 1
2021-10-16 02:30:33,261 [EventQueue-OpenPipelineForHealthyPipelineSafeModeRule] INFO  safemode.SCMSafeModeManager (HealthyPipelineSafeModeRule.java:process(124)) - SCM in safe mode. Healthy pipelines reported count is 0, required healthy pipeline reported count is 1
2021-10-16 02:30:33,261 [edc74d86-77ab-4f9b-98f8-a274c803e3f6@group-5099CAC1B478-LeaderElection21] INFO  server.RaftServer$Division (ServerState.java:setLeader(285)) - edc74d86-77ab-4f9b-98f8-a274c803e3f6@group-5099CAC1B478: change Leader from null to edc74d86-77ab-4f9b-98f8-a274c803e3f6 at term 1 for becomeLeader, leader elected after 5232ms
2021-10-16 02:30:33,264 [edc74d86-77ab-4f9b-98f8-a274c803e3f6@group-5099CAC1B478-LeaderElection21] INFO  server.RaftServerConfigKeys (ConfUtils.java:logGet(44)) - raft.server.staging.catchup.gap = 1000 (default)
2021-10-16 02:30:33,264 [edc74d86-77ab-4f9b-98f8-a274c803e3f6@group-5099CAC1B478-LeaderElection21] INFO  server.RaftServerConfigKeys (ConfUtils.java:logGet(44)) - raft.server.write.element-limit = 1024 (custom)
2021-10-16 02:30:33,264 [edc74d86-77ab-4f9b-98f8-a274c803e3f6@group-5099CAC1B478-LeaderElection21] INFO  server.RaftServerConfigKeys (ConfUtils.java:logGet(44)) - raft.server.write.byte-limit = 1024 M (=1073741824) (custom)
2021-10-16 02:30:33,265 [edc74d86-77ab-4f9b-98f8-a274c803e3f6@group-5099CAC1B478-LeaderElection21] INFO  server.RaftServerConfigKeys (ConfUtils.java:logGet(44)) - raft.server.watch.timeout = 180s (custom)
2021-10-16 02:30:33,265 [edc74d86-77ab-4f9b-98f8-a274c803e3f6@group-5099CAC1B478-LeaderElection21] INFO  server.RaftServerConfigKeys (ConfUtils.java:logGet(44)) - raft.server.watch.timeout.denomination = 1s (default)
2021-10-16 02:30:33,265 [edc74d86-77ab-4f9b-98f8-a274c803e3f6@group-5099CAC1B478-LeaderElection21] INFO  server.RaftServerConfigKeys (ConfUtils.java:logGet(44)) - raft.server.watch.element-limit = 65536 (default)
2021-10-16 02:30:33,265 [edc74d86-77ab-4f9b-98f8-a274c803e3f6@group-5099CAC1B478-LeaderElection21] INFO  impl.RoleInfo (RoleInfo.java:updateAndGet(130)) - edc74d86-77ab-4f9b-98f8-a274c803e3f6: start edc74d86-77ab-4f9b-98f8-a274c803e3f6@group-5099CAC1B478-LeaderStateImpl
2021-10-16 02:30:33,266 [edc74d86-77ab-4f9b-98f8-a274c803e3f6@group-5099CAC1B478-LeaderElection21] INFO  segmented.SegmentedRaftLogWorker (SegmentedRaftLogWorker.java:startLogSegment(394)) - edc74d86-77ab-4f9b-98f8-a274c803e3f6@group-5099CAC1B478-SegmentedRaftLogWorker: Starting segment from index:0
2021-10-16 02:30:33,267 [edc74d86-77ab-4f9b-98f8-a274c803e3f6@group-5099CAC1B478-SegmentedRaftLogWorker] INFO  segmented.SegmentedRaftLogWorker (SegmentedRaftLogWorker.java:execute(601)) - edc74d86-77ab-4f9b-98f8-a274c803e3f6@group-5099CAC1B478-SegmentedRaftLogWorker: created new log segment /home/runner/work/ozone/ozone/hadoop-ozone/integration-test/target/test-dir/MiniOzoneClusterImpl-4eb377f1-b672-4075-9178-fccd761457f8/datanode-2/data/ratis/1253f24e-ad9c-4dda-b1cc-5099cac1b478/current/log_inprogress_0
2021-10-16 02:30:33,294 [edc74d86-77ab-4f9b-98f8-a274c803e3f6@group-5099CAC1B478-LeaderElection21] INFO  server.RaftServer$Division (ServerState.java:setRaftConf(387)) - edc74d86-77ab-4f9b-98f8-a274c803e3f6@group-5099CAC1B478: set configuration 0: [edc74d86-77ab-4f9b-98f8-a274c803e3f6|rpc:127.0.0.1:40253|dataStream:|priority:1], old=null
2021-10-16 02:30:33,615 [EndpointStateMachine task thread for /127.0.0.1:12757 - 0 ] INFO  ipc.Client (Client.java:handleConnectionFailure(977)) - Retrying connect to server: localhost/127.0.0.1:12757. Already tried 1 time(s); retry policy is RetryUpToMaximumCountWithFixedSleep(maxRetries=15, sleepTime=1000 MILLISECONDS)
2021-10-16 02:30:33,617 [EndpointStateMachine task thread for /127.0.0.1:12777 - 0 ] INFO  ipc.Client (Client.java:handleConnectionFailure(977)) - Retrying connect to server: localhost/127.0.0.1:12777. Already tried 1 time(s); retry policy is RetryUpToMaximumCountWithFixedSleep(maxRetries=15, sleepTime=1000 MILLISECONDS)
2021-10-16 02:30:33,656 [EndpointStateMachine task thread for /127.0.0.1:12767 - 0 ] INFO  ipc.Client (Client.java:handleConnectionFailure(977)) - Retrying connect to server: localhost/127.0.0.1:12767. Already tried 1 time(s); retry policy is RetryUpToMaximumCountWithFixedSleep(maxRetries=15, sleepTime=1000 MILLISECONDS)
2021-10-16 02:30:33,999 [Listener at 127.0.0.1/13164] INFO  ozone.MiniOzoneClusterImpl (MiniOzoneClusterImpl.java:lambda$waitForClusterToBeReady$0(235)) - Nodes are ready. Got 3 of 3 DN Heartbeats.
2021-10-16 02:30:33,999 [Listener at 127.0.0.1/13164] INFO  ozone.MiniOzoneClusterImpl (MiniOzoneClusterImpl.java:lambda$waitForClusterToBeReady$0(238)) - Waiting for cluster to exit safe mode
2021-10-16 02:30:33,999 [Listener at 127.0.0.1/13164] INFO  ozone.MiniOzoneClusterImpl (MiniOzoneClusterImpl.java:lambda$waitForClusterToBeReady$0(240)) - SCM became leader
2021-10-16 02:30:34,616 [EndpointStateMachine task thread for /127.0.0.1:12757 - 0 ] INFO  ipc.Client (Client.java:handleConnectionFailure(977)) - Retrying connect to server: localhost/127.0.0.1:12757. Already tried 2 time(s); retry policy is RetryUpToMaximumCountWithFixedSleep(maxRetries=15, sleepTime=1000 MILLISECONDS)
2021-10-16 02:30:34,617 [EndpointStateMachine task thread for /127.0.0.1:12777 - 0 ] INFO  ipc.Client (Client.java:handleConnectionFailure(977)) - Retrying connect to server: localhost/127.0.0.1:12777. Already tried 2 time(s); retry policy is RetryUpToMaximumCountWithFixedSleep(maxRetries=15, sleepTime=1000 MILLISECONDS)
2021-10-16 02:30:34,657 [EndpointStateMachine task thread for /127.0.0.1:12767 - 0 ] INFO  ipc.Client (Client.java:handleConnectionFailure(977)) - Retrying connect to server: localhost/127.0.0.1:12767. Already tried 2 time(s); retry policy is RetryUpToMaximumCountWithFixedSleep(maxRetries=15, sleepTime=1000 MILLISECONDS)
2021-10-16 02:30:34,999 [Listener at 127.0.0.1/13164] INFO  ozone.MiniOzoneClusterImpl (MiniOzoneClusterImpl.java:lambda$waitForClusterToBeReady$0(235)) - Nodes are ready. Got 3 of 3 DN Heartbeats.
2021-10-16 02:30:35,000 [Listener at 127.0.0.1/13164] INFO  ozone.MiniOzoneClusterImpl (MiniOzoneClusterImpl.java:lambda$waitForClusterToBeReady$0(238)) - Waiting for cluster to exit safe mode
2021-10-16 02:30:35,000 [Listener at 127.0.0.1/13164] INFO  ozone.MiniOzoneClusterImpl (MiniOzoneClusterImpl.java:lambda$waitForClusterToBeReady$0(240)) - SCM became leader
2021-10-16 02:30:35,617 [EndpointStateMachine task thread for /127.0.0.1:12757 - 0 ] INFO  ipc.Client (Client.java:handleConnectionFailure(977)) - Retrying connect to server: localhost/127.0.0.1:12757. Already tried 3 time(s); retry policy is RetryUpToMaximumCountWithFixedSleep(maxRetries=15, sleepTime=1000 MILLISECONDS)
2021-10-16 02:30:35,618 [EndpointStateMachine task thread for /127.0.0.1:12777 - 0 ] INFO  ipc.Client (Client.java:handleConnectionFailure(977)) - Retrying connect to server: localhost/127.0.0.1:12777. Already tried 3 time(s); retry policy is RetryUpToMaximumCountWithFixedSleep(maxRetries=15, sleepTime=1000 MILLISECONDS)
2021-10-16 02:30:35,658 [EndpointStateMachine task thread for /127.0.0.1:12767 - 0 ] INFO  ipc.Client (Client.java:handleConnectionFailure(977)) - Retrying connect to server: localhost/127.0.0.1:12767. Already tried 3 time(s); retry policy is RetryUpToMaximumCountWithFixedSleep(maxRetries=15, sleepTime=1000 MILLISECONDS)
2021-10-16 02:30:36,001 [Listener at 127.0.0.1/13164] INFO  ozone.MiniOzoneClusterImpl (MiniOzoneClusterImpl.java:lambda$waitForClusterToBeReady$0(235)) - Nodes are ready. Got 3 of 3 DN Heartbeats.
2021-10-16 02:30:36,001 [Listener at 127.0.0.1/13164] INFO  ozone.MiniOzoneClusterImpl (MiniOzoneClusterImpl.java:lambda$waitForClusterToBeReady$0(238)) - Waiting for cluster to exit safe mode
2021-10-16 02:30:36,001 [Listener at 127.0.0.1/13164] INFO  ozone.MiniOzoneClusterImpl (MiniOzoneClusterImpl.java:lambda$waitForClusterToBeReady$0(240)) - SCM became leader
2021-10-16 02:30:36,260 [Datanode State Machine Thread - 0] ERROR datanode.RunningDatanodeState (RunningDatanodeState.java:computeNextContainerState(199)) - Error in executing end point task.
java.util.concurrent.ExecutionException: java.util.concurrent.TimeoutException
	at java.util.concurrent.FutureTask.report(FutureTask.java:122)
	at java.util.concurrent.FutureTask.get(FutureTask.java:192)
	at org.apache.hadoop.ozone.container.common.states.datanode.RunningDatanodeState.computeNextContainerState(RunningDatanodeState.java:191)
	at org.apache.hadoop.ozone.container.common.states.datanode.RunningDatanodeState.await(RunningDatanodeState.java:231)
	at org.apache.hadoop.ozone.container.common.states.datanode.RunningDatanodeState.await(RunningDatanodeState.java:50)
	at org.apache.hadoop.ozone.container.common.statemachine.StateContext.execute(StateContext.java:629)
	at org.apache.hadoop.ozone.container.common.statemachine.DatanodeStateMachine.start(DatanodeStateMachine.java:276)
	at org.apache.hadoop.ozone.container.common.statemachine.DatanodeStateMachine.lambda$startDaemon$0(DatanodeStateMachine.java:464)
	at java.lang.Thread.run(Thread.java:748)
Caused by: java.util.concurrent.TimeoutException
	at java.util.concurrent.FutureTask.get(FutureTask.java:205)
	at org.apache.hadoop.ozone.container.common.states.datanode.RunningDatanodeState.lambda$execute$0(RunningDatanodeState.java:149)
	at java.util.concurrent.FutureTask.run(FutureTask.java:266)
	at java.util.concurrent.Executors$RunnableAdapter.call(Executors.java:511)
	at java.util.concurrent.FutureTask.run(FutureTask.java:266)
	at java.util.concurrent.ThreadPoolExecutor.runWorker(ThreadPoolExecutor.java:1149)
	at java.util.concurrent.ThreadPoolExecutor$Worker.run(ThreadPoolExecutor.java:624)
	... 1 more
2021-10-16 02:30:36,618 [EndpointStateMachine task thread for /127.0.0.1:12757 - 0 ] INFO  ipc.Client (Client.java:handleConnectionFailure(977)) - Retrying connect to server: localhost/127.0.0.1:12757. Already tried 4 time(s); retry policy is RetryUpToMaximumCountWithFixedSleep(maxRetries=15, sleepTime=1000 MILLISECONDS)
2021-10-16 02:30:36,619 [EndpointStateMachine task thread for /127.0.0.1:12777 - 0 ] INFO  ipc.Client (Client.java:handleConnectionFailure(977)) - Retrying connect to server: localhost/127.0.0.1:12777. Already tried 4 time(s); retry policy is RetryUpToMaximumCountWithFixedSleep(maxRetries=15, sleepTime=1000 MILLISECONDS)
2021-10-16 02:30:36,658 [EndpointStateMachine task thread for /127.0.0.1:12767 - 0 ] INFO  ipc.Client (Client.java:handleConnectionFailure(977)) - Retrying connect to server: localhost/127.0.0.1:12767. Already tried 4 time(s); retry policy is RetryUpToMaximumCountWithFixedSleep(maxRetries=15, sleepTime=1000 MILLISECONDS)
2021-10-16 02:30:37,001 [Listener at 127.0.0.1/13164] INFO  ozone.MiniOzoneClusterImpl (MiniOzoneClusterImpl.java:lambda$waitForClusterToBeReady$0(235)) - Nodes are ready. Got 3 of 3 DN Heartbeats.
2021-10-16 02:30:37,002 [Listener at 127.0.0.1/13164] INFO  ozone.MiniOzoneClusterImpl (MiniOzoneClusterImpl.java:lambda$waitForClusterToBeReady$0(238)) - Waiting for cluster to exit safe mode
2021-10-16 02:30:37,002 [Listener at 127.0.0.1/13164] INFO  ozone.MiniOzoneClusterImpl (MiniOzoneClusterImpl.java:lambda$waitForClusterToBeReady$0(240)) - SCM became leader
2021-10-16 02:30:37,100 [edc74d86-77ab-4f9b-98f8-a274c803e3f6@group-73ED4CBBFF00-FollowerState] INFO  impl.FollowerState (FollowerState.java:run(134)) - edc74d86-77ab-4f9b-98f8-a274c803e3f6@group-73ED4CBBFF00-FollowerState: change to CANDIDATE, lastRpcElapsedTime:5036600119ns, electionTimeout:5026ms
2021-10-16 02:30:37,100 [edc74d86-77ab-4f9b-98f8-a274c803e3f6@group-73ED4CBBFF00-FollowerState] INFO  impl.RoleInfo (RoleInfo.java:shutdownFollowerState(108)) - edc74d86-77ab-4f9b-98f8-a274c803e3f6: shutdown edc74d86-77ab-4f9b-98f8-a274c803e3f6@group-73ED4CBBFF00-FollowerState
2021-10-16 02:30:37,100 [edc74d86-77ab-4f9b-98f8-a274c803e3f6@group-73ED4CBBFF00-FollowerState] INFO  server.RaftServer$Division (RaftServerImpl.java:setRole(285)) - edc74d86-77ab-4f9b-98f8-a274c803e3f6@group-73ED4CBBFF00: changes role from  FOLLOWER to CANDIDATE at term 1 for changeToCandidate
2021-10-16 02:30:37,100 [edc74d86-77ab-4f9b-98f8-a274c803e3f6@group-73ED4CBBFF00-FollowerState] INFO  server.RaftServerConfigKeys (ConfUtils.java:logGet(44)) - raft.server.leaderelection.pre-vote = false (custom)
2021-10-16 02:30:37,101 [edc74d86-77ab-4f9b-98f8-a274c803e3f6@group-73ED4CBBFF00-FollowerState] INFO  impl.RoleInfo (RoleInfo.java:updateAndGet(130)) - edc74d86-77ab-4f9b-98f8-a274c803e3f6: start edc74d86-77ab-4f9b-98f8-a274c803e3f6@group-73ED4CBBFF00-LeaderElection22
2021-10-16 02:30:37,125 [edc74d86-77ab-4f9b-98f8-a274c803e3f6@group-73ED4CBBFF00-LeaderElection22] INFO  impl.LeaderElection (LeaderElection.java:askForVotes(306)) - edc74d86-77ab-4f9b-98f8-a274c803e3f6@group-73ED4CBBFF00-LeaderElection22 ELECTION round 0: submit vote requests at term 2 for -1: [1d141dcf-9f09-421f-a135-50b245bde98a|rpc:127.0.0.1:40089|dataStream:|priority:0, edc74d86-77ab-4f9b-98f8-a274c803e3f6|rpc:127.0.0.1:40253|dataStream:|priority:1, 772a6939-f9dd-42bd-8136-52263074270c|rpc:127.0.0.1:44475|dataStream:|priority:0], old=null
2021-10-16 02:30:37,139 [grpc-default-executor-1] INFO  server.RaftServer$Division (RaftServerImpl.java:requestVote(1043)) - 1d141dcf-9f09-421f-a135-50b245bde98a@group-73ED4CBBFF00: receive requestVote(ELECTION, edc74d86-77ab-4f9b-98f8-a274c803e3f6, group-73ED4CBBFF00, 2, (t:0, i:0))
2021-10-16 02:30:37,139 [grpc-default-executor-1] INFO  impl.VoteContext (VoteContext.java:log(48)) - 1d141dcf-9f09-421f-a135-50b245bde98a@group-73ED4CBBFF00-FOLLOWER: accept ELECTION from edc74d86-77ab-4f9b-98f8-a274c803e3f6: our priority 0 <= candidate's priority 1
2021-10-16 02:30:37,139 [grpc-default-executor-1] INFO  server.RaftServer$Division (RaftServerImpl.java:setRole(285)) - 1d141dcf-9f09-421f-a135-50b245bde98a@group-73ED4CBBFF00: changes role from  FOLLOWER to FOLLOWER at term 2 for candidate:edc74d86-77ab-4f9b-98f8-a274c803e3f6
2021-10-16 02:30:37,139 [grpc-default-executor-1] INFO  impl.RoleInfo (RoleInfo.java:shutdownFollowerState(108)) - 1d141dcf-9f09-421f-a135-50b245bde98a: shutdown 1d141dcf-9f09-421f-a135-50b245bde98a@group-73ED4CBBFF00-FollowerState
2021-10-16 02:30:37,139 [grpc-default-executor-1] INFO  impl.RoleInfo (RoleInfo.java:updateAndGet(130)) - 1d141dcf-9f09-421f-a135-50b245bde98a: start 1d141dcf-9f09-421f-a135-50b245bde98a@group-73ED4CBBFF00-FollowerState
2021-10-16 02:30:37,139 [1d141dcf-9f09-421f-a135-50b245bde98a@group-73ED4CBBFF00-FollowerState] INFO  impl.FollowerState (FollowerState.java:run(143)) - 1d141dcf-9f09-421f-a135-50b245bde98a@group-73ED4CBBFF00-FollowerState was interrupted: {}
java.lang.InterruptedException: sleep interrupted
	at java.lang.Thread.sleep(Native Method)
	at java.lang.Thread.sleep(Thread.java:340)
	at java.util.concurrent.TimeUnit.sleep(TimeUnit.java:386)
	at org.apache.ratis.util.TimeDuration.sleep(TimeDuration.java:324)
	at org.apache.ratis.util.TimeDuration.sleep(TimeDuration.java:309)
	at org.apache.ratis.server.impl.FollowerState.run(FollowerState.java:118)
2021-10-16 02:30:37,166 [grpc-default-executor-2] INFO  server.RaftServer$Division (RaftServerImpl.java:requestVote(1043)) - 772a6939-f9dd-42bd-8136-52263074270c@group-73ED4CBBFF00: receive requestVote(ELECTION, edc74d86-77ab-4f9b-98f8-a274c803e3f6, group-73ED4CBBFF00, 2, (t:0, i:0))
2021-10-16 02:30:37,166 [grpc-default-executor-2] INFO  impl.VoteContext (VoteContext.java:log(48)) - 772a6939-f9dd-42bd-8136-52263074270c@group-73ED4CBBFF00-FOLLOWER: accept ELECTION from edc74d86-77ab-4f9b-98f8-a274c803e3f6: our priority 0 <= candidate's priority 1
2021-10-16 02:30:37,167 [grpc-default-executor-2] INFO  server.RaftServer$Division (RaftServerImpl.java:setRole(285)) - 772a6939-f9dd-42bd-8136-52263074270c@group-73ED4CBBFF00: changes role from  FOLLOWER to FOLLOWER at term 2 for candidate:edc74d86-77ab-4f9b-98f8-a274c803e3f6
2021-10-16 02:30:37,167 [grpc-default-executor-2] INFO  impl.RoleInfo (RoleInfo.java:shutdownFollowerState(108)) - 772a6939-f9dd-42bd-8136-52263074270c: shutdown 772a6939-f9dd-42bd-8136-52263074270c@group-73ED4CBBFF00-FollowerState
2021-10-16 02:30:37,167 [772a6939-f9dd-42bd-8136-52263074270c@group-73ED4CBBFF00-FollowerState] INFO  impl.FollowerState (FollowerState.java:run(143)) - 772a6939-f9dd-42bd-8136-52263074270c@group-73ED4CBBFF00-FollowerState was interrupted: {}
java.lang.InterruptedException: sleep interrupted
	at java.lang.Thread.sleep(Native Method)
	at java.lang.Thread.sleep(Thread.java:340)
	at java.util.concurrent.TimeUnit.sleep(TimeUnit.java:386)
	at org.apache.ratis.util.TimeDuration.sleep(TimeDuration.java:324)
	at org.apache.ratis.util.TimeDuration.sleep(TimeDuration.java:309)
	at org.apache.ratis.server.impl.FollowerState.run(FollowerState.java:118)
2021-10-16 02:30:37,167 [grpc-default-executor-2] INFO  impl.RoleInfo (RoleInfo.java:updateAndGet(130)) - 772a6939-f9dd-42bd-8136-52263074270c: start 772a6939-f9dd-42bd-8136-52263074270c@group-73ED4CBBFF00-FollowerState
2021-10-16 02:30:37,167 [grpc-default-executor-1] INFO  server.RaftServer$Division (RaftServerImpl.java:requestVote(1075)) - 1d141dcf-9f09-421f-a135-50b245bde98a@group-73ED4CBBFF00 replies to ELECTION vote request: edc74d86-77ab-4f9b-98f8-a274c803e3f6<-1d141dcf-9f09-421f-a135-50b245bde98a#0:OK-t2. Peer's state: 1d141dcf-9f09-421f-a135-50b245bde98a@group-73ED4CBBFF00:t2, leader=null, voted=edc74d86-77ab-4f9b-98f8-a274c803e3f6, raftlog=1d141dcf-9f09-421f-a135-50b245bde98a@group-73ED4CBBFF00-SegmentedRaftLog:OPENED:c-1,f-1,i0, conf=-1: [1d141dcf-9f09-421f-a135-50b245bde98a|rpc:127.0.0.1:40089|dataStream:|priority:0, edc74d86-77ab-4f9b-98f8-a274c803e3f6|rpc:127.0.0.1:40253|dataStream:|priority:1, 772a6939-f9dd-42bd-8136-52263074270c|rpc:127.0.0.1:44475|dataStream:|priority:0], old=null
2021-10-16 02:30:37,173 [edc74d86-77ab-4f9b-98f8-a274c803e3f6@group-73ED4CBBFF00-LeaderElection22] INFO  impl.LeaderElection (LeaderElection.java:logAndReturn(89)) - edc74d86-77ab-4f9b-98f8-a274c803e3f6@group-73ED4CBBFF00-LeaderElection22: ELECTION PASSED received 1 response(s) and 0 exception(s):
2021-10-16 02:30:37,173 [edc74d86-77ab-4f9b-98f8-a274c803e3f6@group-73ED4CBBFF00-LeaderElection22] INFO  impl.LeaderElection (LeaderElection.java:logAndReturn(93)) -   Response 0: edc74d86-77ab-4f9b-98f8-a274c803e3f6<-1d141dcf-9f09-421f-a135-50b245bde98a#0:OK-t2
2021-10-16 02:30:37,173 [edc74d86-77ab-4f9b-98f8-a274c803e3f6@group-73ED4CBBFF00-LeaderElection22] INFO  impl.LeaderElection (LeaderElection.java:askForVotes(308)) - edc74d86-77ab-4f9b-98f8-a274c803e3f6@group-73ED4CBBFF00-LeaderElection22 ELECTION round 0: result PASSED
2021-10-16 02:30:37,173 [edc74d86-77ab-4f9b-98f8-a274c803e3f6@group-73ED4CBBFF00-LeaderElection22] INFO  impl.RoleInfo (RoleInfo.java:shutdownLeaderElection(121)) - edc74d86-77ab-4f9b-98f8-a274c803e3f6: shutdown edc74d86-77ab-4f9b-98f8-a274c803e3f6@group-73ED4CBBFF00-LeaderElection22
2021-10-16 02:30:37,173 [edc74d86-77ab-4f9b-98f8-a274c803e3f6@group-73ED4CBBFF00-LeaderElection22] INFO  server.RaftServer$Division (RaftServerImpl.java:setRole(285)) - edc74d86-77ab-4f9b-98f8-a274c803e3f6@group-73ED4CBBFF00: changes role from CANDIDATE to LEADER at term 2 for changeToLeader
2021-10-16 02:30:37,173 [edc74d86-77ab-4f9b-98f8-a274c803e3f6@group-73ED4CBBFF00-LeaderElection22] INFO  ratis.XceiverServerRatis (XceiverServerRatis.java:handleLeaderChangedNotification(866)) - Leader change notification received for group: group-73ED4CBBFF00 with new leaderId: edc74d86-77ab-4f9b-98f8-a274c803e3f6
2021-10-16 02:30:37,173 [edc74d86-77ab-4f9b-98f8-a274c803e3f6@group-73ED4CBBFF00-LeaderElection22] INFO  server.RaftServer$Division (ServerState.java:setLeader(285)) - edc74d86-77ab-4f9b-98f8-a274c803e3f6@group-73ED4CBBFF00: change Leader from null to edc74d86-77ab-4f9b-98f8-a274c803e3f6 at term 2 for becomeLeader, leader elected after 10006ms
2021-10-16 02:30:37,174 [edc74d86-77ab-4f9b-98f8-a274c803e3f6@group-73ED4CBBFF00-LeaderElection22] INFO  server.RaftServerConfigKeys (ConfUtils.java:logGet(44)) - raft.server.staging.catchup.gap = 1000 (default)
2021-10-16 02:30:37,174 [edc74d86-77ab-4f9b-98f8-a274c803e3f6@group-73ED4CBBFF00-LeaderElection22] INFO  server.RaftServerConfigKeys (ConfUtils.java:logGet(44)) - raft.server.write.element-limit = 1024 (custom)
2021-10-16 02:30:37,174 [edc74d86-77ab-4f9b-98f8-a274c803e3f6@group-73ED4CBBFF00-LeaderElection22] INFO  server.RaftServerConfigKeys (ConfUtils.java:logGet(44)) - raft.server.write.byte-limit = 1024 M (=1073741824) (custom)
2021-10-16 02:30:37,174 [edc74d86-77ab-4f9b-98f8-a274c803e3f6@group-73ED4CBBFF00-LeaderElection22] INFO  server.RaftServerConfigKeys (ConfUtils.java:logGet(44)) - raft.server.watch.timeout = 180s (custom)
2021-10-16 02:30:37,175 [edc74d86-77ab-4f9b-98f8-a274c803e3f6@group-73ED4CBBFF00-LeaderElection22] INFO  server.RaftServerConfigKeys (ConfUtils.java:logGet(44)) - raft.server.watch.timeout.denomination = 1s (default)
2021-10-16 02:30:37,175 [edc74d86-77ab-4f9b-98f8-a274c803e3f6@group-73ED4CBBFF00-LeaderElection22] INFO  server.RaftServerConfigKeys (ConfUtils.java:logGet(44)) - raft.server.watch.element-limit = 65536 (default)
2021-10-16 02:30:37,175 [edc74d86-77ab-4f9b-98f8-a274c803e3f6@group-73ED4CBBFF00-LeaderElection22] INFO  server.RaftServerConfigKeys (ConfUtils.java:logGet(44)) - raft.server.log.appender.snapshot.chunk.size.max = 16MB (=16777216) (default)
2021-10-16 02:30:37,176 [edc74d86-77ab-4f9b-98f8-a274c803e3f6@group-73ED4CBBFF00-LeaderElection22] INFO  server.RaftServerConfigKeys (ConfUtils.java:logGet(44)) - raft.server.log.appender.buffer.byte-limit = 33554432 (custom)
2021-10-16 02:30:37,176 [edc74d86-77ab-4f9b-98f8-a274c803e3f6@group-73ED4CBBFF00-LeaderElection22] INFO  server.RaftServerConfigKeys (ConfUtils.java:logGet(44)) - raft.server.log.appender.buffer.element-limit = 1 (custom)
2021-10-16 02:30:37,176 [edc74d86-77ab-4f9b-98f8-a274c803e3f6@group-73ED4CBBFF00-LeaderElection22] INFO  grpc.GrpcConfigKeys (ConfUtils.java:logGet(44)) - raft.grpc.server.leader.outstanding.appends.max = 128 (default)
2021-10-16 02:30:37,176 [edc74d86-77ab-4f9b-98f8-a274c803e3f6@group-73ED4CBBFF00-LeaderElection22] INFO  server.RaftServerConfigKeys (ConfUtils.java:logGet(44)) - raft.server.rpc.request.timeout = 60s (custom)
2021-10-16 02:30:37,181 [grpc-default-executor-2] INFO  server.RaftServer$Division (RaftServerImpl.java:requestVote(1075)) - 772a6939-f9dd-42bd-8136-52263074270c@group-73ED4CBBFF00 replies to ELECTION vote request: edc74d86-77ab-4f9b-98f8-a274c803e3f6<-772a6939-f9dd-42bd-8136-52263074270c#0:OK-t2. Peer's state: 772a6939-f9dd-42bd-8136-52263074270c@group-73ED4CBBFF00:t2, leader=null, voted=edc74d86-77ab-4f9b-98f8-a274c803e3f6, raftlog=772a6939-f9dd-42bd-8136-52263074270c@group-73ED4CBBFF00-SegmentedRaftLog:OPENED:c-1,f-1,i0, conf=-1: [1d141dcf-9f09-421f-a135-50b245bde98a|rpc:127.0.0.1:40089|priority:0, edc74d86-77ab-4f9b-98f8-a274c803e3f6|rpc:127.0.0.1:40253|priority:1, 772a6939-f9dd-42bd-8136-52263074270c|rpc:127.0.0.1:44475|priority:0], old=null
2021-10-16 02:30:37,186 [edc74d86-77ab-4f9b-98f8-a274c803e3f6@group-73ED4CBBFF00-LeaderElection22] INFO  server.RaftServerConfigKeys (ConfUtils.java:logGet(44)) - raft.server.log.appender.install.snapshot.enabled = false (custom)
2021-10-16 02:30:37,189 [edc74d86-77ab-4f9b-98f8-a274c803e3f6@group-73ED4CBBFF00-LeaderElection22] INFO  server.RaftServerConfigKeys (ConfUtils.java:logGet(44)) - raft.server.log.appender.snapshot.chunk.size.max = 16MB (=16777216) (default)
2021-10-16 02:30:37,189 [edc74d86-77ab-4f9b-98f8-a274c803e3f6@group-73ED4CBBFF00-LeaderElection22] INFO  server.RaftServerConfigKeys (ConfUtils.java:logGet(44)) - raft.server.log.appender.buffer.byte-limit = 33554432 (custom)
2021-10-16 02:30:37,192 [edc74d86-77ab-4f9b-98f8-a274c803e3f6@group-73ED4CBBFF00-LeaderElection22] INFO  server.RaftServerConfigKeys (ConfUtils.java:logGet(44)) - raft.server.log.appender.buffer.element-limit = 1 (custom)
2021-10-16 02:30:37,196 [edc74d86-77ab-4f9b-98f8-a274c803e3f6@group-73ED4CBBFF00-LeaderElection22] INFO  grpc.GrpcConfigKeys (ConfUtils.java:logGet(44)) - raft.grpc.server.leader.outstanding.appends.max = 128 (default)
2021-10-16 02:30:37,197 [edc74d86-77ab-4f9b-98f8-a274c803e3f6@group-73ED4CBBFF00-LeaderElection22] INFO  server.RaftServerConfigKeys (ConfUtils.java:logGet(44)) - raft.server.rpc.request.timeout = 60s (custom)
2021-10-16 02:30:37,197 [edc74d86-77ab-4f9b-98f8-a274c803e3f6@group-73ED4CBBFF00-LeaderElection22] INFO  server.RaftServerConfigKeys (ConfUtils.java:logGet(44)) - raft.server.log.appender.install.snapshot.enabled = false (custom)
2021-10-16 02:30:37,198 [edc74d86-77ab-4f9b-98f8-a274c803e3f6@group-73ED4CBBFF00-LeaderElection22] INFO  impl.RoleInfo (RoleInfo.java:updateAndGet(130)) - edc74d86-77ab-4f9b-98f8-a274c803e3f6: start edc74d86-77ab-4f9b-98f8-a274c803e3f6@group-73ED4CBBFF00-LeaderStateImpl
2021-10-16 02:30:37,200 [EventQueue-PipelineReportForPipelineReportHandler] INFO  pipeline.PipelineManagerImpl (PipelineManagerImpl.java:openPipeline(282)) - Pipeline Pipeline[ Id: f1e67424-e3bf-4453-abbf-73ed4cbbff00, Nodes: 1d141dcf-9f09-421f-a135-50b245bde98a{ip: 127.0.0.1, host: localhost, ports: [REPLICATION=45843, RATIS=40089, RATIS_ADMIN=40089, RATIS_SERVER=40089, STANDALONE=40055], networkLocation: /default-rack, certSerialId: null, persistedOpState: IN_SERVICE, persistedOpStateExpiryEpochSec: 0}772a6939-f9dd-42bd-8136-52263074270c{ip: 127.0.0.1, host: localhost, ports: [REPLICATION=43353, RATIS=44475, RATIS_ADMIN=44475, RATIS_SERVER=44475, STANDALONE=40279], networkLocation: /default-rack, certSerialId: null, persistedOpState: IN_SERVICE, persistedOpStateExpiryEpochSec: 0}edc74d86-77ab-4f9b-98f8-a274c803e3f6{ip: 127.0.0.1, host: localhost, ports: [REPLICATION=34203, RATIS=40253, RATIS_ADMIN=40253, RATIS_SERVER=40253, STANDALONE=46341], networkLocation: /default-rack, certSerialId: null, persistedOpState: IN_SERVICE, persistedOpStateExpiryEpochSec: 0}, ReplicationConfig: RATIS/THREE, State:ALLOCATED, leaderId:edc74d86-77ab-4f9b-98f8-a274c803e3f6, CreationTimestamp2021-10-16T02:30:25.052Z[Etc/UTC]] moved to OPEN state
2021-10-16 02:30:37,199 [EventQueue-PipelineReportForPipelineReportHandler] INFO  pipeline.PipelineManagerImpl (PipelineManagerImpl.java:openPipeline(282)) - Pipeline Pipeline[ Id: f1e67424-e3bf-4453-abbf-73ed4cbbff00, Nodes: 1d141dcf-9f09-421f-a135-50b245bde98a{ip: 127.0.0.1, host: localhost, ports: [REPLICATION=45843, RATIS=40089, RATIS_ADMIN=40089, RATIS_SERVER=40089, STANDALONE=40055], networkLocation: /default-rack, certSerialId: null, persistedOpState: IN_SERVICE, persistedOpStateExpiryEpochSec: 0}772a6939-f9dd-42bd-8136-52263074270c{ip: 127.0.0.1, host: localhost, ports: [REPLICATION=43353, RATIS=44475, RATIS_ADMIN=44475, RATIS_SERVER=44475, STANDALONE=40279], networkLocation: /default-rack, certSerialId: null, persistedOpState: IN_SERVICE, persistedOpStateExpiryEpochSec: 0}edc74d86-77ab-4f9b-98f8-a274c803e3f6{ip: 127.0.0.1, host: localhost, ports: [REPLICATION=34203, RATIS=40253, RATIS_ADMIN=40253, RATIS_SERVER=40253, STANDALONE=46341], networkLocation: /default-rack, certSerialId: null, persistedOpState: IN_SERVICE, persistedOpStateExpiryEpochSec: 0}, ReplicationConfig: RATIS/THREE, State:ALLOCATED, leaderId:edc74d86-77ab-4f9b-98f8-a274c803e3f6, CreationTimestamp2021-10-16T02:30:25.052Z[Etc/UTC]] moved to OPEN state
2021-10-16 02:30:37,209 [EventQueue-PipelineReportForPipelineReportHandler] INFO  ha.SCMHAInvocationHandler (SCMHAInvocationHandler.java:invokeRatis(113)) - Invoking method public abstract void org.apache.hadoop.hdds.scm.pipeline.PipelineStateManager.updatePipelineState(org.apache.hadoop.hdds.protocol.proto.HddsProtos$PipelineID,org.apache.hadoop.hdds.protocol.proto.HddsProtos$PipelineState) throws java.io.IOException on target org.apache.hadoop.hdds.scm.ha.SCMRatisServerImpl@275c2ffe, cost 326.412us
2021-10-16 02:30:37,209 [EventQueue-OpenPipelineForHealthyPipelineSafeModeRule] INFO  safemode.SCMSafeModeManager (HealthyPipelineSafeModeRule.java:process(124)) - SCM in safe mode. Healthy pipelines reported count is 0, required healthy pipeline reported count is 1
2021-10-16 02:30:37,203 [edc74d86-77ab-4f9b-98f8-a274c803e3f6@group-73ED4CBBFF00-LeaderElection22] INFO  segmented.SegmentedRaftLogWorker (SegmentedRaftLogWorker.java:startLogSegment(394)) - edc74d86-77ab-4f9b-98f8-a274c803e3f6@group-73ED4CBBFF00-SegmentedRaftLogWorker: Starting segment from index:0
2021-10-16 02:30:37,212 [edc74d86-77ab-4f9b-98f8-a274c803e3f6@group-73ED4CBBFF00-SegmentedRaftLogWorker] INFO  segmented.SegmentedRaftLogWorker (SegmentedRaftLogWorker.java:execute(601)) - edc74d86-77ab-4f9b-98f8-a274c803e3f6@group-73ED4CBBFF00-SegmentedRaftLogWorker: created new log segment /home/runner/work/ozone/ozone/hadoop-ozone/integration-test/target/test-dir/MiniOzoneClusterImpl-4eb377f1-b672-4075-9178-fccd761457f8/datanode-2/data/ratis/f1e67424-e3bf-4453-abbf-73ed4cbbff00/current/log_inprogress_0
2021-10-16 02:30:37,221 [3deaabcd-f5f1-47ac-8cd4-644b2fe93232@group-FCCD761457F8-StateMachineUpdater] INFO  safemode.HealthyPipelineSafeModeRule (HealthyPipelineSafeModeRule.java:initializeRule(152)) - Refreshed total pipeline count is 1, healthy pipeline threshold count is 1
2021-10-16 02:30:37,222 [EventQueue-PipelineReportForPipelineReportHandler] INFO  ha.SCMHAInvocationHandler (SCMHAInvocationHandler.java:invokeRatis(113)) - Invoking method public abstract void org.apache.hadoop.hdds.scm.pipeline.PipelineStateManager.updatePipelineState(org.apache.hadoop.hdds.protocol.proto.HddsProtos$PipelineID,org.apache.hadoop.hdds.protocol.proto.HddsProtos$PipelineState) throws java.io.IOException on target org.apache.hadoop.hdds.scm.ha.SCMRatisServerImpl@24987048, cost 13030.173us
2021-10-16 02:30:37,222 [EventQueue-OpenPipelineForHealthyPipelineSafeModeRule] INFO  safemode.SCMSafeModeManager (HealthyPipelineSafeModeRule.java:process(124)) - SCM in safe mode. Healthy pipelines reported count is 1, required healthy pipeline reported count is 1
2021-10-16 02:30:37,222 [EventQueue-OpenPipelineForHealthyPipelineSafeModeRule] INFO  safemode.SCMSafeModeManager (SCMSafeModeManager.java:validateSafeModeExitRules(204)) - HealthyPipelineSafeModeRule rule is successfully validated
2021-10-16 02:30:37,222 [EventQueue-OpenPipelineForHealthyPipelineSafeModeRule] INFO  safemode.SCMSafeModeManager (SCMSafeModeManager.java:validateSafeModeExitRules(219)) - ScmSafeModeManager, all rules are successfully validated
2021-10-16 02:30:37,222 [EventQueue-OpenPipelineForHealthyPipelineSafeModeRule] INFO  safemode.SCMSafeModeManager (SCMSafeModeManager.java:exitSafeMode(248)) - SCM exiting safe mode.
2021-10-16 02:30:37,222 [EventQueue-OpenPipelineForHealthyPipelineSafeModeRule] WARN  events.EventQueue (EventQueue.java:fireEvent(194)) - No event handler registered for event TypedEvent{payloadType=SafeModeStatus, name='Safe mode status'}
2021-10-16 02:30:37,222 [EventQueue-OpenPipelineForHealthyPipelineSafeModeRule] INFO  ha.SCMContext (SCMContext.java:updateSafeModeStatus(205)) - Update SafeModeStatus from SafeModeStatus{safeModeStatus=true, preCheckPassed=true} to SafeModeStatus{safeModeStatus=false, preCheckPassed=true}.
2021-10-16 02:30:37,222 [EventQueue-OpenPipelineForHealthyPipelineSafeModeRule] INFO  container.ReplicationManager (ReplicationManager.java:notifyStatusChanged(1746)) - Service ReplicationManager transitions to RUNNING.
2021-10-16 02:30:37,242 [8377993e-4b96-4dd4-a005-414dac6239f0@group-FCCD761457F8-StateMachineUpdater] INFO  safemode.HealthyPipelineSafeModeRule (HealthyPipelineSafeModeRule.java:initializeRule(152)) - Refreshed total pipeline count is 1, healthy pipeline threshold count is 1
2021-10-16 02:30:37,255 [edc74d86-77ab-4f9b-98f8-a274c803e3f6@group-73ED4CBBFF00-LeaderElection22] INFO  server.RaftServer$Division (ServerState.java:setRaftConf(387)) - edc74d86-77ab-4f9b-98f8-a274c803e3f6@group-73ED4CBBFF00: set configuration 0: [1d141dcf-9f09-421f-a135-50b245bde98a|rpc:127.0.0.1:40089|dataStream:|priority:0, edc74d86-77ab-4f9b-98f8-a274c803e3f6|rpc:127.0.0.1:40253|dataStream:|priority:1, 772a6939-f9dd-42bd-8136-52263074270c|rpc:127.0.0.1:44475|dataStream:|priority:0], old=null
2021-10-16 02:30:37,286 [grpc-default-executor-0] INFO  ratis.XceiverServerRatis (XceiverServerRatis.java:handleLeaderChangedNotification(866)) - Leader change notification received for group: group-73ED4CBBFF00 with new leaderId: edc74d86-77ab-4f9b-98f8-a274c803e3f6
2021-10-16 02:30:37,286 [grpc-default-executor-0] INFO  server.RaftServer$Division (ServerState.java:setLeader(285)) - 1d141dcf-9f09-421f-a135-50b245bde98a@group-73ED4CBBFF00: change Leader from null to edc74d86-77ab-4f9b-98f8-a274c803e3f6 at term 2 for appendEntries, leader elected after 10231ms
2021-10-16 02:30:37,305 [grpc-default-executor-0] INFO  server.RaftServer$Division (ServerState.java:setRaftConf(387)) - 1d141dcf-9f09-421f-a135-50b245bde98a@group-73ED4CBBFF00: set configuration 0: [1d141dcf-9f09-421f-a135-50b245bde98a|rpc:127.0.0.1:40089|dataStream:|priority:0, edc74d86-77ab-4f9b-98f8-a274c803e3f6|rpc:127.0.0.1:40253|dataStream:|priority:1, 772a6939-f9dd-42bd-8136-52263074270c|rpc:127.0.0.1:44475|dataStream:|priority:0], old=null
2021-10-16 02:30:37,306 [grpc-default-executor-0] INFO  segmented.SegmentedRaftLogWorker (SegmentedRaftLogWorker.java:startLogSegment(394)) - 1d141dcf-9f09-421f-a135-50b245bde98a@group-73ED4CBBFF00-SegmentedRaftLogWorker: Starting segment from index:0
2021-10-16 02:30:37,309 [grpc-default-executor-3] INFO  ratis.XceiverServerRatis (XceiverServerRatis.java:handleLeaderChangedNotification(866)) - Leader change notification received for group: group-73ED4CBBFF00 with new leaderId: edc74d86-77ab-4f9b-98f8-a274c803e3f6
2021-10-16 02:30:37,309 [grpc-default-executor-3] INFO  server.RaftServer$Division (ServerState.java:setLeader(285)) - 772a6939-f9dd-42bd-8136-52263074270c@group-73ED4CBBFF00: change Leader from null to edc74d86-77ab-4f9b-98f8-a274c803e3f6 at term 2 for appendEntries, leader elected after 10356ms
2021-10-16 02:30:37,310 [1d141dcf-9f09-421f-a135-50b245bde98a@group-73ED4CBBFF00-SegmentedRaftLogWorker] INFO  segmented.SegmentedRaftLogWorker (SegmentedRaftLogWorker.java:execute(601)) - 1d141dcf-9f09-421f-a135-50b245bde98a@group-73ED4CBBFF00-SegmentedRaftLogWorker: created new log segment /home/runner/work/ozone/ozone/hadoop-ozone/integration-test/target/test-dir/MiniOzoneClusterImpl-4eb377f1-b672-4075-9178-fccd761457f8/datanode-1/data/ratis/f1e67424-e3bf-4453-abbf-73ed4cbbff00/current/log_inprogress_0
2021-10-16 02:30:37,318 [grpc-default-executor-3] INFO  server.RaftServer$Division (ServerState.java:setRaftConf(387)) - 772a6939-f9dd-42bd-8136-52263074270c@group-73ED4CBBFF00: set configuration 0: [1d141dcf-9f09-421f-a135-50b245bde98a|rpc:127.0.0.1:40089|dataStream:|priority:0, edc74d86-77ab-4f9b-98f8-a274c803e3f6|rpc:127.0.0.1:40253|dataStream:|priority:1, 772a6939-f9dd-42bd-8136-52263074270c|rpc:127.0.0.1:44475|dataStream:|priority:0], old=null
2021-10-16 02:30:37,319 [grpc-default-executor-3] INFO  segmented.SegmentedRaftLogWorker (SegmentedRaftLogWorker.java:startLogSegment(394)) - 772a6939-f9dd-42bd-8136-52263074270c@group-73ED4CBBFF00-SegmentedRaftLogWorker: Starting segment from index:0
2021-10-16 02:30:37,352 [772a6939-f9dd-42bd-8136-52263074270c@group-73ED4CBBFF00-SegmentedRaftLogWorker] INFO  segmented.SegmentedRaftLogWorker (SegmentedRaftLogWorker.java:execute(601)) - 772a6939-f9dd-42bd-8136-52263074270c@group-73ED4CBBFF00-SegmentedRaftLogWorker: created new log segment /home/runner/work/ozone/ozone/hadoop-ozone/integration-test/target/test-dir/MiniOzoneClusterImpl-4eb377f1-b672-4075-9178-fccd761457f8/datanode-0/data/ratis/f1e67424-e3bf-4453-abbf-73ed4cbbff00/current/log_inprogress_0
2021-10-16 02:30:37,470 [1d141dcf-9f09-421f-a135-50b245bde98a@group-8FBAFD7CAFAB-FollowerState] INFO  impl.FollowerState (FollowerState.java:run(134)) - 1d141dcf-9f09-421f-a135-50b245bde98a@group-8FBAFD7CAFAB-FollowerState: change to CANDIDATE, lastRpcElapsedTime:5073797393ns, electionTimeout:5069ms
2021-10-16 02:30:37,470 [1d141dcf-9f09-421f-a135-50b245bde98a@group-8FBAFD7CAFAB-FollowerState] INFO  impl.RoleInfo (RoleInfo.java:shutdownFollowerState(108)) - 1d141dcf-9f09-421f-a135-50b245bde98a: shutdown 1d141dcf-9f09-421f-a135-50b245bde98a@group-8FBAFD7CAFAB-FollowerState
2021-10-16 02:30:37,470 [1d141dcf-9f09-421f-a135-50b245bde98a@group-8FBAFD7CAFAB-FollowerState] INFO  server.RaftServer$Division (RaftServerImpl.java:setRole(285)) - 1d141dcf-9f09-421f-a135-50b245bde98a@group-8FBAFD7CAFAB: changes role from  FOLLOWER to CANDIDATE at term 1 for changeToCandidate
2021-10-16 02:30:37,471 [1d141dcf-9f09-421f-a135-50b245bde98a@group-8FBAFD7CAFAB-FollowerState] INFO  server.RaftServerConfigKeys (ConfUtils.java:logGet(44)) - raft.server.leaderelection.pre-vote = false (custom)
2021-10-16 02:30:37,471 [1d141dcf-9f09-421f-a135-50b245bde98a@group-8FBAFD7CAFAB-FollowerState] INFO  impl.RoleInfo (RoleInfo.java:updateAndGet(130)) - 1d141dcf-9f09-421f-a135-50b245bde98a: start 1d141dcf-9f09-421f-a135-50b245bde98a@group-8FBAFD7CAFAB-LeaderElection23
2021-10-16 02:30:37,479 [1d141dcf-9f09-421f-a135-50b245bde98a@group-8FBAFD7CAFAB-LeaderElection23] INFO  impl.LeaderElection (LeaderElection.java:askForVotes(306)) - 1d141dcf-9f09-421f-a135-50b245bde98a@group-8FBAFD7CAFAB-LeaderElection23 ELECTION round 0: submit vote requests at term 2 for -1: [1d141dcf-9f09-421f-a135-50b245bde98a|rpc:127.0.0.1:40089|dataStream:|priority:0, edc74d86-77ab-4f9b-98f8-a274c803e3f6|rpc:127.0.0.1:40253|dataStream:|priority:0, 772a6939-f9dd-42bd-8136-52263074270c|rpc:127.0.0.1:44475|dataStream:|priority:1], old=null
2021-10-16 02:30:37,483 [grpc-default-executor-3] INFO  server.RaftServer$Division (RaftServerImpl.java:requestVote(1043)) - edc74d86-77ab-4f9b-98f8-a274c803e3f6@group-8FBAFD7CAFAB: receive requestVote(ELECTION, 1d141dcf-9f09-421f-a135-50b245bde98a, group-8FBAFD7CAFAB, 2, (t:0, i:0))
2021-10-16 02:30:37,486 [grpc-default-executor-3] INFO  impl.VoteContext (VoteContext.java:log(48)) - edc74d86-77ab-4f9b-98f8-a274c803e3f6@group-8FBAFD7CAFAB-FOLLOWER: accept ELECTION from 1d141dcf-9f09-421f-a135-50b245bde98a: our priority 0 <= candidate's priority 0
2021-10-16 02:30:37,486 [grpc-default-executor-3] INFO  server.RaftServer$Division (RaftServerImpl.java:setRole(285)) - edc74d86-77ab-4f9b-98f8-a274c803e3f6@group-8FBAFD7CAFAB: changes role from  FOLLOWER to FOLLOWER at term 2 for candidate:1d141dcf-9f09-421f-a135-50b245bde98a
2021-10-16 02:30:37,486 [grpc-default-executor-3] INFO  impl.RoleInfo (RoleInfo.java:shutdownFollowerState(108)) - edc74d86-77ab-4f9b-98f8-a274c803e3f6: shutdown edc74d86-77ab-4f9b-98f8-a274c803e3f6@group-8FBAFD7CAFAB-FollowerState
2021-10-16 02:30:37,486 [edc74d86-77ab-4f9b-98f8-a274c803e3f6@group-8FBAFD7CAFAB-FollowerState] INFO  impl.FollowerState (FollowerState.java:run(143)) - edc74d86-77ab-4f9b-98f8-a274c803e3f6@group-8FBAFD7CAFAB-FollowerState was interrupted: {}
java.lang.InterruptedException: sleep interrupted
	at java.lang.Thread.sleep(Native Method)
	at java.lang.Thread.sleep(Thread.java:340)
	at java.util.concurrent.TimeUnit.sleep(TimeUnit.java:386)
	at org.apache.ratis.util.TimeDuration.sleep(TimeDuration.java:324)
	at org.apache.ratis.util.TimeDuration.sleep(TimeDuration.java:309)
	at org.apache.ratis.server.impl.FollowerState.run(FollowerState.java:118)
2021-10-16 02:30:37,486 [grpc-default-executor-3] INFO  impl.RoleInfo (RoleInfo.java:updateAndGet(130)) - edc74d86-77ab-4f9b-98f8-a274c803e3f6: start edc74d86-77ab-4f9b-98f8-a274c803e3f6@group-8FBAFD7CAFAB-FollowerState
2021-10-16 02:30:37,500 [grpc-default-executor-0] INFO  server.RaftServer$Division (RaftServerImpl.java:requestVote(1043)) - 772a6939-f9dd-42bd-8136-52263074270c@group-8FBAFD7CAFAB: receive requestVote(ELECTION, 1d141dcf-9f09-421f-a135-50b245bde98a, group-8FBAFD7CAFAB, 2, (t:0, i:0))
2021-10-16 02:30:37,501 [grpc-default-executor-0] INFO  impl.VoteContext (VoteContext.java:log(48)) - 772a6939-f9dd-42bd-8136-52263074270c@group-8FBAFD7CAFAB-FOLLOWER: reject ELECTION from 1d141dcf-9f09-421f-a135-50b245bde98a: our priority 1 > candidate's priority 0
2021-10-16 02:30:37,501 [grpc-default-executor-0] INFO  server.RaftServer$Division (RaftServerImpl.java:setRole(285)) - 772a6939-f9dd-42bd-8136-52263074270c@group-8FBAFD7CAFAB: changes role from  FOLLOWER to FOLLOWER at term 2 for candidate:1d141dcf-9f09-421f-a135-50b245bde98a
2021-10-16 02:30:37,501 [grpc-default-executor-0] INFO  impl.RoleInfo (RoleInfo.java:shutdownFollowerState(108)) - 772a6939-f9dd-42bd-8136-52263074270c: shutdown 772a6939-f9dd-42bd-8136-52263074270c@group-8FBAFD7CAFAB-FollowerState
2021-10-16 02:30:37,501 [grpc-default-executor-0] INFO  impl.RoleInfo (RoleInfo.java:updateAndGet(130)) - 772a6939-f9dd-42bd-8136-52263074270c: start 772a6939-f9dd-42bd-8136-52263074270c@group-8FBAFD7CAFAB-FollowerState
2021-10-16 02:30:37,502 [772a6939-f9dd-42bd-8136-52263074270c@group-8FBAFD7CAFAB-FollowerState] INFO  impl.FollowerState (FollowerState.java:run(143)) - 772a6939-f9dd-42bd-8136-52263074270c@group-8FBAFD7CAFAB-FollowerState was interrupted: {}
java.lang.InterruptedException: sleep interrupted
	at java.lang.Thread.sleep(Native Method)
	at java.lang.Thread.sleep(Thread.java:340)
	at java.util.concurrent.TimeUnit.sleep(TimeUnit.java:386)
	at org.apache.ratis.util.TimeDuration.sleep(TimeDuration.java:324)
	at org.apache.ratis.util.TimeDuration.sleep(TimeDuration.java:309)
	at org.apache.ratis.server.impl.FollowerState.run(FollowerState.java:118)
2021-10-16 02:30:37,505 [grpc-default-executor-0] INFO  server.RaftServer$Division (RaftServerImpl.java:requestVote(1075)) - 772a6939-f9dd-42bd-8136-52263074270c@group-8FBAFD7CAFAB replies to ELECTION vote request: 1d141dcf-9f09-421f-a135-50b245bde98a<-772a6939-f9dd-42bd-8136-52263074270c#0:FAIL-t2. Peer's state: 772a6939-f9dd-42bd-8136-52263074270c@group-8FBAFD7CAFAB:t2, leader=null, voted=null, raftlog=772a6939-f9dd-42bd-8136-52263074270c@group-8FBAFD7CAFAB-SegmentedRaftLog:OPENED:c-1,f-1,i0, conf=-1: [1d141dcf-9f09-421f-a135-50b245bde98a|rpc:127.0.0.1:40089|priority:0, edc74d86-77ab-4f9b-98f8-a274c803e3f6|rpc:127.0.0.1:40253|priority:0, 772a6939-f9dd-42bd-8136-52263074270c|rpc:127.0.0.1:44475|priority:1], old=null
2021-10-16 02:30:37,505 [grpc-default-executor-3] INFO  server.RaftServer$Division (RaftServerImpl.java:requestVote(1075)) - edc74d86-77ab-4f9b-98f8-a274c803e3f6@group-8FBAFD7CAFAB replies to ELECTION vote request: 1d141dcf-9f09-421f-a135-50b245bde98a<-edc74d86-77ab-4f9b-98f8-a274c803e3f6#0:OK-t2. Peer's state: edc74d86-77ab-4f9b-98f8-a274c803e3f6@group-8FBAFD7CAFAB:t2, leader=null, voted=1d141dcf-9f09-421f-a135-50b245bde98a, raftlog=edc74d86-77ab-4f9b-98f8-a274c803e3f6@group-8FBAFD7CAFAB-SegmentedRaftLog:OPENED:c-1,f-1,i0, conf=-1: [1d141dcf-9f09-421f-a135-50b245bde98a|rpc:127.0.0.1:40089|dataStream:|priority:0, edc74d86-77ab-4f9b-98f8-a274c803e3f6|rpc:127.0.0.1:40253|dataStream:|priority:0, 772a6939-f9dd-42bd-8136-52263074270c|rpc:127.0.0.1:44475|dataStream:|priority:1], old=null
2021-10-16 02:30:37,506 [1d141dcf-9f09-421f-a135-50b245bde98a@group-8FBAFD7CAFAB-LeaderElection23] INFO  impl.LeaderElection (LeaderElection.java:logAndReturn(89)) - 1d141dcf-9f09-421f-a135-50b245bde98a@group-8FBAFD7CAFAB-LeaderElection23: ELECTION REJECTED received 1 response(s) and 0 exception(s):
2021-10-16 02:30:37,506 [1d141dcf-9f09-421f-a135-50b245bde98a@group-8FBAFD7CAFAB-LeaderElection23] INFO  impl.LeaderElection (LeaderElection.java:logAndReturn(93)) -   Response 0: 1d141dcf-9f09-421f-a135-50b245bde98a<-772a6939-f9dd-42bd-8136-52263074270c#0:FAIL-t2
2021-10-16 02:30:37,506 [1d141dcf-9f09-421f-a135-50b245bde98a@group-8FBAFD7CAFAB-LeaderElection23] INFO  impl.LeaderElection (LeaderElection.java:askForVotes(308)) - 1d141dcf-9f09-421f-a135-50b245bde98a@group-8FBAFD7CAFAB-LeaderElection23 ELECTION round 0: result REJECTED
2021-10-16 02:30:37,506 [1d141dcf-9f09-421f-a135-50b245bde98a@group-8FBAFD7CAFAB-LeaderElection23] INFO  server.RaftServer$Division (RaftServerImpl.java:setRole(285)) - 1d141dcf-9f09-421f-a135-50b245bde98a@group-8FBAFD7CAFAB: changes role from CANDIDATE to FOLLOWER at term 2 for REJECTED
2021-10-16 02:30:37,506 [1d141dcf-9f09-421f-a135-50b245bde98a@group-8FBAFD7CAFAB-LeaderElection23] INFO  impl.RoleInfo (RoleInfo.java:shutdownLeaderElection(121)) - 1d141dcf-9f09-421f-a135-50b245bde98a: shutdown 1d141dcf-9f09-421f-a135-50b245bde98a@group-8FBAFD7CAFAB-LeaderElection23
2021-10-16 02:30:37,507 [1d141dcf-9f09-421f-a135-50b245bde98a@group-8FBAFD7CAFAB-LeaderElection23] INFO  impl.RoleInfo (RoleInfo.java:updateAndGet(130)) - 1d141dcf-9f09-421f-a135-50b245bde98a: start 1d141dcf-9f09-421f-a135-50b245bde98a@group-8FBAFD7CAFAB-FollowerState
2021-10-16 02:30:37,619 [EndpointStateMachine task thread for /127.0.0.1:12757 - 0 ] INFO  ipc.Client (Client.java:handleConnectionFailure(977)) - Retrying connect to server: localhost/127.0.0.1:12757. Already tried 5 time(s); retry policy is RetryUpToMaximumCountWithFixedSleep(maxRetries=15, sleepTime=1000 MILLISECONDS)
2021-10-16 02:30:37,619 [EndpointStateMachine task thread for /127.0.0.1:12777 - 0 ] INFO  ipc.Client (Client.java:handleConnectionFailure(977)) - Retrying connect to server: localhost/127.0.0.1:12777. Already tried 5 time(s); retry policy is RetryUpToMaximumCountWithFixedSleep(maxRetries=15, sleepTime=1000 MILLISECONDS)
2021-10-16 02:30:37,659 [EndpointStateMachine task thread for /127.0.0.1:12767 - 0 ] INFO  ipc.Client (Client.java:handleConnectionFailure(977)) - Retrying connect to server: localhost/127.0.0.1:12767. Already tried 5 time(s); retry policy is RetryUpToMaximumCountWithFixedSleep(maxRetries=15, sleepTime=1000 MILLISECONDS)
2021-10-16 02:30:38,002 [Listener at 127.0.0.1/13164] INFO  ozone.MiniOzoneClusterImpl (MiniOzoneClusterImpl.java:lambda$waitForClusterToBeReady$0(235)) - Nodes are ready. Got 3 of 3 DN Heartbeats.
2021-10-16 02:30:38,003 [Listener at 127.0.0.1/13164] INFO  ozone.MiniOzoneClusterImpl (MiniOzoneClusterImpl.java:lambda$waitForClusterToBeReady$0(238)) - Cluster exits safe mode
2021-10-16 02:30:38,003 [Listener at 127.0.0.1/13164] INFO  ozone.MiniOzoneClusterImpl (MiniOzoneClusterImpl.java:lambda$waitForClusterToBeReady$0(240)) - SCM became leader
2021-10-16 02:30:38,003 [Listener at 127.0.0.1/13164] INFO  server.StorageContainerManager (StorageContainerManager.java:start(1303)) - StorageContainerLocationProtocol RPC server is listening at /0.0.0.0:13967
2021-10-16 02:30:38,004 [Listener at 127.0.0.1/13164] INFO  ha.SCMRatisServerImpl (SCMRatisServerImpl.java:start(177)) - starting ratis server 0.0.0.0:13964
2021-10-16 02:30:38,004 [Listener at 127.0.0.1/13164] INFO  server.RaftServer$Division (RaftServerImpl.java:start(299)) - cc44bade-b222-412b-91cb-7451c55d5287@group-FCCD761457F8: start with initializing state, conf=-1: [], old=null
2021-10-16 02:30:38,005 [Listener at 127.0.0.1/13164] INFO  server.RaftServer$Division (RaftServerImpl.java:setRole(285)) - cc44bade-b222-412b-91cb-7451c55d5287@group-FCCD761457F8: changes role from      null to FOLLOWER at term 0 for startInitializing
2021-10-16 02:30:38,006 [Listener at 127.0.0.1/13164] INFO  util.JmxRegister (JmxRegister.java:tryRegister(44)) - Successfully registered JMX Bean with object name Ratis:service=RaftServer,group=group-FCCD761457F8,id=cc44bade-b222-412b-91cb-7451c55d5287
2021-10-16 02:30:38,007 [Listener at 127.0.0.1/13164] INFO  server.RaftServer (RaftServerProxy.java:lambda$start$5(374)) - cc44bade-b222-412b-91cb-7451c55d5287: start RPC server
2021-10-16 02:30:38,008 [Listener at 127.0.0.1/13164] INFO  server.GrpcService (GrpcService.java:startImpl(253)) - cc44bade-b222-412b-91cb-7451c55d5287: GrpcService started, listening on 13964
2021-10-16 02:30:38,010 [Listener at 127.0.0.1/13164] INFO  ha.SCMNodeInfo (SCMNodeInfo.java:getPort(197)) - ConfigKey ozone.scm.client.address is deprecated, For configuring different ports for each SCM use PortConfigKey ozone.scm.client.port appended with serviceId and nodeId
2021-10-16 02:30:38,010 [Listener at 127.0.0.1/13164] INFO  ha.SCMNodeInfo (SCMNodeInfo.java:getPort(197)) - ConfigKey ozone.scm.block.client.address is deprecated, For configuring different ports for each SCM use PortConfigKey ozone.scm.block.client.port appended with serviceId and nodeId
2021-10-16 02:30:38,010 [Listener at 127.0.0.1/13164] INFO  ha.SCMNodeInfo (SCMNodeInfo.java:getPort(197)) - ConfigKey ozone.scm.datanode.address is deprecated, For configuring different ports for each SCM use PortConfigKey ozone.scm.datanode.port appended with serviceId and nodeId
2021-10-16 02:30:38,011 [Listener at 127.0.0.1/13164] INFO  ha.SCMNodeInfo (SCMNodeInfo.java:getPort(197)) - ConfigKey ozone.scm.client.address is deprecated, For configuring different ports for each SCM use PortConfigKey ozone.scm.client.port appended with serviceId and nodeId
2021-10-16 02:30:38,011 [Listener at 127.0.0.1/13164] INFO  ha.SCMNodeInfo (SCMNodeInfo.java:getPort(197)) - ConfigKey ozone.scm.block.client.address is deprecated, For configuring different ports for each SCM use PortConfigKey ozone.scm.block.client.port appended with serviceId and nodeId
2021-10-16 02:30:38,011 [Listener at 127.0.0.1/13164] INFO  ha.SCMNodeInfo (SCMNodeInfo.java:getPort(197)) - ConfigKey ozone.scm.datanode.address is deprecated, For configuring different ports for each SCM use PortConfigKey ozone.scm.datanode.port appended with serviceId and nodeId
2021-10-16 02:30:38,011 [Listener at 127.0.0.1/13164] INFO  ha.SCMNodeInfo (SCMNodeInfo.java:getPort(197)) - ConfigKey ozone.scm.client.address is deprecated, For configuring different ports for each SCM use PortConfigKey ozone.scm.client.port appended with serviceId and nodeId
2021-10-16 02:30:38,011 [Listener at 127.0.0.1/13164] INFO  ha.SCMNodeInfo (SCMNodeInfo.java:getPort(197)) - ConfigKey ozone.scm.block.client.address is deprecated, For configuring different ports for each SCM use PortConfigKey ozone.scm.block.client.port appended with serviceId and nodeId
2021-10-16 02:30:38,011 [Listener at 127.0.0.1/13164] INFO  ha.SCMNodeInfo (SCMNodeInfo.java:getPort(197)) - ConfigKey ozone.scm.datanode.address is deprecated, For configuring different ports for each SCM use PortConfigKey ozone.scm.datanode.port appended with serviceId and nodeId
2021-10-16 02:30:38,022 [org.apache.ratis.util.JvmPauseMonitor$$Lambda$499/17331878@886a0f5] INFO  util.JvmPauseMonitor (JvmPauseMonitor.java:run(103)) - JvmPauseMonitor-cc44bade-b222-412b-91cb-7451c55d5287: Started
2021-10-16 02:30:38,029 [IPC Server handler 3 on default port 13946] INFO  ha.SCMRatisServerImpl (SCMRatisServerImpl.java:addSCM(291)) - 3deaabcd-f5f1-47ac-8cd4-644b2fe93232: Submitting SetConfiguration request to Ratis server with new SCM peers list: [8377993e-4b96-4dd4-a005-414dac6239f0|rpc:localhost:13954|priority:0, 3deaabcd-f5f1-47ac-8cd4-644b2fe93232|rpc:localhost:13944|admin:|client:|dataStream:|priority:0, cc44bade-b222-412b-91cb-7451c55d5287|rpc:localhost:13964|priority:0]
2021-10-16 02:30:38,029 [IPC Server handler 3 on default port 13946] INFO  server.RaftServer$Division (RaftServerImpl.java:setConfigurationAsync(971)) - 3deaabcd-f5f1-47ac-8cd4-644b2fe93232@group-FCCD761457F8: receive setConfiguration SetConfigurationRequest:client-D704CB24BFE9->3deaabcd-f5f1-47ac-8cd4-644b2fe93232@group-FCCD761457F8, cid=10, seq=0, RW, null, peers:[8377993e-4b96-4dd4-a005-414dac6239f0|rpc:localhost:13954|priority:0, 3deaabcd-f5f1-47ac-8cd4-644b2fe93232|rpc:localhost:13944|admin:|client:|dataStream:|priority:0, cc44bade-b222-412b-91cb-7451c55d5287|rpc:localhost:13964|priority:0]
2021-10-16 02:30:38,029 [IPC Server handler 3 on default port 13946] INFO  server.RaftServer$Division (LeaderStateImpl.java:startSetConfiguration(345)) - 3deaabcd-f5f1-47ac-8cd4-644b2fe93232@group-FCCD761457F8-LeaderStateImpl: startSetConfiguration SetConfigurationRequest:client-D704CB24BFE9->3deaabcd-f5f1-47ac-8cd4-644b2fe93232@group-FCCD761457F8, cid=10, seq=0, RW, null, peers:[8377993e-4b96-4dd4-a005-414dac6239f0|rpc:localhost:13954|priority:0, 3deaabcd-f5f1-47ac-8cd4-644b2fe93232|rpc:localhost:13944|admin:|client:|dataStream:|priority:0, cc44bade-b222-412b-91cb-7451c55d5287|rpc:localhost:13964|priority:0]
2021-10-16 02:30:38,029 [IPC Server handler 3 on default port 13946] INFO  server.RaftServerConfigKeys (ConfUtils.java:logGet(44)) - raft.server.log.appender.snapshot.chunk.size.max = 16MB (=16777216) (default)
2021-10-16 02:30:38,030 [IPC Server handler 3 on default port 13946] INFO  server.RaftServerConfigKeys (ConfUtils.java:logGet(44)) - raft.server.log.appender.buffer.byte-limit = 33554432 (custom)
2021-10-16 02:30:38,030 [IPC Server handler 3 on default port 13946] INFO  server.RaftServerConfigKeys (ConfUtils.java:logGet(44)) - raft.server.log.appender.buffer.element-limit = 1024 (custom)
2021-10-16 02:30:38,032 [IPC Server handler 3 on default port 13946] INFO  grpc.GrpcConfigKeys (ConfUtils.java:logGet(44)) - raft.grpc.server.leader.outstanding.appends.max = 128 (default)
2021-10-16 02:30:38,032 [IPC Server handler 3 on default port 13946] INFO  server.RaftServerConfigKeys (ConfUtils.java:logGet(44)) - raft.server.rpc.request.timeout = 30000ms (custom)
2021-10-16 02:30:38,032 [IPC Server handler 3 on default port 13946] INFO  server.RaftServerConfigKeys (ConfUtils.java:logGet(44)) - raft.server.log.appender.install.snapshot.enabled = false (custom)
2021-10-16 02:30:38,040 [3deaabcd-f5f1-47ac-8cd4-644b2fe93232@group-FCCD761457F8->cc44bade-b222-412b-91cb-7451c55d5287-GrpcLogAppender-LogAppenderDaemon] INFO  server.GrpcLogAppender (GrpcLogAppender.java:installSnapshot(524)) - 3deaabcd-f5f1-47ac-8cd4-644b2fe93232@group-FCCD761457F8->cc44bade-b222-412b-91cb-7451c55d5287-GrpcLogAppender: followerNextIndex = 0 but logStartIndex = 1, notify follower to install snapshot-(t:2, i:1)
2021-10-16 02:30:38,041 [3deaabcd-f5f1-47ac-8cd4-644b2fe93232@group-FCCD761457F8->cc44bade-b222-412b-91cb-7451c55d5287-GrpcLogAppender-LogAppenderDaemon] INFO  server.GrpcLogAppender (GrpcLogAppender.java:installSnapshot(532)) - 3deaabcd-f5f1-47ac-8cd4-644b2fe93232@group-FCCD761457F8->cc44bade-b222-412b-91cb-7451c55d5287-GrpcLogAppender: send 3deaabcd-f5f1-47ac-8cd4-644b2fe93232->cc44bade-b222-412b-91cb-7451c55d5287#0-t2,notify:(t:2, i:1)
2021-10-16 02:30:38,049 [grpc-default-executor-0] INFO  server.RaftServer$Division (RaftServerImpl.java:installSnapshot(1329)) - cc44bade-b222-412b-91cb-7451c55d5287@group-FCCD761457F8: receive installSnapshot: 3deaabcd-f5f1-47ac-8cd4-644b2fe93232->cc44bade-b222-412b-91cb-7451c55d5287#0-t2,notify:(t:2, i:1)
2021-10-16 02:30:38,051 [grpc-default-executor-0] INFO  ha.SCMStateMachine (SCMStateMachine.java:notifyLeaderChanged(248)) - leader changed, yet current SCM is still follower.
2021-10-16 02:30:38,051 [grpc-default-executor-0] INFO  server.RaftServer$Division (ServerState.java:setLeader(285)) - cc44bade-b222-412b-91cb-7451c55d5287@group-FCCD761457F8: change Leader from null to 3deaabcd-f5f1-47ac-8cd4-644b2fe93232 at term 2 for installSnapshot, leader elected after 19807ms
2021-10-16 02:30:38,051 [grpc-default-executor-0] INFO  server.RaftServer$Division (RaftServerImpl.java:notifyStateMachineToInstallSnapshot(1581)) - cc44bade-b222-412b-91cb-7451c55d5287@group-FCCD761457F8: notifyInstallSnapshot: nextIndex is 0 but the leader's first available index is 1.
2021-10-16 02:30:38,051 [grpc-default-executor-0] INFO  ha.SCMStateMachine (SCMStateMachine.java:notifyInstallSnapshotFromLeader(212)) - Received install snapshot notification from SCM leader: localhost:13944 with term index: (t:2, i:1)
2021-10-16 02:30:38,056 [grpc-default-executor-0] INFO  server.RaftServer$Division (RaftServerImpl.java:installSnapshotImpl(1459)) - cc44bade-b222-412b-91cb-7451c55d5287@group-FCCD761457F8: set new configuration index: 5
configurationEntry {
  peers {
    id: "8377993e-4b96-4dd4-a005-414dac6239f0"
    address: "localhost:13954"
  }
  peers {
    id: "3deaabcd-f5f1-47ac-8cd4-644b2fe93232"
    address: "localhost:13944"
  }
}
 from snapshot
2021-10-16 02:30:38,056 [grpc-default-executor-0] INFO  server.RaftServer$Division (ServerState.java:setRaftConf(387)) - cc44bade-b222-412b-91cb-7451c55d5287@group-FCCD761457F8: set configuration 5: [8377993e-4b96-4dd4-a005-414dac6239f0|rpc:localhost:13954|admin:|client:|dataStream:|priority:0, 3deaabcd-f5f1-47ac-8cd4-644b2fe93232|rpc:localhost:13944|admin:|client:|dataStream:|priority:0], old=null
2021-10-16 02:30:38,056 [grpc-default-executor-0] INFO  server.RaftServer$Division (RaftServerImpl.java:installSnapshot(1340)) - cc44bade-b222-412b-91cb-7451c55d5287@group-FCCD761457F8: reply installSnapshot: 3deaabcd-f5f1-47ac-8cd4-644b2fe93232<-cc44bade-b222-412b-91cb-7451c55d5287#0:FAIL-t0,IN_PROGRESS
2021-10-16 02:30:38,067 [grpc-default-executor-3] INFO  server.GrpcLogAppender (GrpcLogAppender.java:onNext(400)) - 3deaabcd-f5f1-47ac-8cd4-644b2fe93232@group-FCCD761457F8->cc44bade-b222-412b-91cb-7451c55d5287-InstallSnapshotResponseHandler: received the first reply 3deaabcd-f5f1-47ac-8cd4-644b2fe93232<-cc44bade-b222-412b-91cb-7451c55d5287#0:FAIL-t0,IN_PROGRESS
2021-10-16 02:30:38,068 [grpc-default-executor-3] INFO  server.GrpcLogAppender (GrpcLogAppender.java:onNext(417)) - 3deaabcd-f5f1-47ac-8cd4-644b2fe93232@group-FCCD761457F8->cc44bade-b222-412b-91cb-7451c55d5287-InstallSnapshotResponseHandler: InstallSnapshot in progress.
2021-10-16 02:30:38,067 [grpc-default-executor-0] INFO  server.GrpcServerProtocolService (GrpcServerProtocolService.java:onCompleted(140)) - cc44bade-b222-412b-91cb-7451c55d5287: Completed INSTALL_SNAPSHOT, lastRequest: 3deaabcd-f5f1-47ac-8cd4-644b2fe93232->cc44bade-b222-412b-91cb-7451c55d5287#0-t2,notify:(t:2, i:1)
2021-10-16 02:30:38,068 [pool-229-thread-1] INFO  ha.SCMHAManagerImpl (SCMHAManagerImpl.java:getDBCheckpointFromLeader(206)) - Downloading checkpoint from leader SCM scmNode-1 and reloading state from the checkpoint.
2021-10-16 02:30:38,075 [3deaabcd-f5f1-47ac-8cd4-644b2fe93232@group-FCCD761457F8->cc44bade-b222-412b-91cb-7451c55d5287-GrpcLogAppender-LogAppenderDaemon] INFO  server.GrpcLogAppender (GrpcLogAppender.java:installSnapshot(524)) - 3deaabcd-f5f1-47ac-8cd4-644b2fe93232@group-FCCD761457F8->cc44bade-b222-412b-91cb-7451c55d5287-GrpcLogAppender: followerNextIndex = 0 but logStartIndex = 1, notify follower to install snapshot-(t:2, i:1)
2021-10-16 02:30:38,076 [3deaabcd-f5f1-47ac-8cd4-644b2fe93232@group-FCCD761457F8->cc44bade-b222-412b-91cb-7451c55d5287-GrpcLogAppender-LogAppenderDaemon] INFO  server.GrpcLogAppender (GrpcLogAppender.java:installSnapshot(532)) - 3deaabcd-f5f1-47ac-8cd4-644b2fe93232@group-FCCD761457F8->cc44bade-b222-412b-91cb-7451c55d5287-GrpcLogAppender: send 3deaabcd-f5f1-47ac-8cd4-644b2fe93232->cc44bade-b222-412b-91cb-7451c55d5287#0-t2,notify:(t:2, i:1)
2021-10-16 02:30:38,081 [grpc-default-executor-0] INFO  server.RaftServer$Division (RaftServerImpl.java:installSnapshot(1329)) - cc44bade-b222-412b-91cb-7451c55d5287@group-FCCD761457F8: receive installSnapshot: 3deaabcd-f5f1-47ac-8cd4-644b2fe93232->cc44bade-b222-412b-91cb-7451c55d5287#0-t2,notify:(t:2, i:1)
2021-10-16 02:30:38,081 [grpc-default-executor-0] INFO  server.RaftServer$Division (RaftServerImpl.java:notifyStateMachineToInstallSnapshot(1611)) - cc44bade-b222-412b-91cb-7451c55d5287@group-FCCD761457F8: Snapshot Installation by StateMachine is in progress.
2021-10-16 02:30:38,083 [grpc-default-executor-3] INFO  impl.RoleInfo (RoleInfo.java:updateAndGet(130)) - cc44bade-b222-412b-91cb-7451c55d5287: start cc44bade-b222-412b-91cb-7451c55d5287@group-FCCD761457F8-FollowerState
2021-10-16 02:30:38,084 [grpc-default-executor-3] INFO  server.RaftServer$Division (RaftServerImpl.java:checkInconsistentAppendEntries(1293)) - cc44bade-b222-412b-91cb-7451c55d5287@group-FCCD761457F8: Failed appendEntries as snapshot ((t:2, i:1)) installation is in progress
2021-10-16 02:30:38,084 [grpc-default-executor-3] INFO  server.RaftServer$Division (RaftServerImpl.java:checkInconsistentAppendEntries(1285)) - cc44bade-b222-412b-91cb-7451c55d5287@group-FCCD761457F8: inconsistency entries. Reply:3deaabcd-f5f1-47ac-8cd4-644b2fe93232<-cc44bade-b222-412b-91cb-7451c55d5287#0:FAIL-t2,INCONSISTENCY,nextIndex=0,followerCommit=-1
2021-10-16 02:30:38,087 [grpc-default-executor-0] INFO  server.RaftServer$Division (RaftServerImpl.java:installSnapshotImpl(1459)) - cc44bade-b222-412b-91cb-7451c55d5287@group-FCCD761457F8: set new configuration index: 5
configurationEntry {
  peers {
    id: "8377993e-4b96-4dd4-a005-414dac6239f0"
    address: "localhost:13954"
  }
  peers {
    id: "3deaabcd-f5f1-47ac-8cd4-644b2fe93232"
    address: "localhost:13944"
  }
}
 from snapshot
2021-10-16 02:30:38,087 [grpc-default-executor-0] INFO  server.RaftServer$Division (ServerState.java:setRaftConf(387)) - cc44bade-b222-412b-91cb-7451c55d5287@group-FCCD761457F8: set configuration 5: [8377993e-4b96-4dd4-a005-414dac6239f0|rpc:localhost:13954|admin:|client:|dataStream:|priority:0, 3deaabcd-f5f1-47ac-8cd4-644b2fe93232|rpc:localhost:13944|admin:|client:|dataStream:|priority:0], old=null
2021-10-16 02:30:38,087 [grpc-default-executor-0] INFO  server.RaftServer$Division (RaftServerImpl.java:installSnapshot(1340)) - cc44bade-b222-412b-91cb-7451c55d5287@group-FCCD761457F8: reply installSnapshot: 3deaabcd-f5f1-47ac-8cd4-644b2fe93232<-cc44bade-b222-412b-91cb-7451c55d5287#0:FAIL-t2,IN_PROGRESS
2021-10-16 02:30:38,088 [grpc-default-executor-0] INFO  server.GrpcServerProtocolService (GrpcServerProtocolService.java:onCompleted(140)) - cc44bade-b222-412b-91cb-7451c55d5287: Completed INSTALL_SNAPSHOT, lastRequest: 3deaabcd-f5f1-47ac-8cd4-644b2fe93232->cc44bade-b222-412b-91cb-7451c55d5287#0-t2,notify:(t:2, i:1)
2021-10-16 02:30:38,088 [grpc-default-executor-1] INFO  server.GrpcLogAppender (GrpcLogAppender.java:onNext(400)) - 3deaabcd-f5f1-47ac-8cd4-644b2fe93232@group-FCCD761457F8->cc44bade-b222-412b-91cb-7451c55d5287-InstallSnapshotResponseHandler: received a reply 3deaabcd-f5f1-47ac-8cd4-644b2fe93232<-cc44bade-b222-412b-91cb-7451c55d5287#0:FAIL-t2,IN_PROGRESS
2021-10-16 02:30:38,088 [grpc-default-executor-1] INFO  server.GrpcLogAppender (GrpcLogAppender.java:onNext(417)) - 3deaabcd-f5f1-47ac-8cd4-644b2fe93232@group-FCCD761457F8->cc44bade-b222-412b-91cb-7451c55d5287-InstallSnapshotResponseHandler: InstallSnapshot in progress.
2021-10-16 02:30:38,093 [3deaabcd-f5f1-47ac-8cd4-644b2fe93232@group-FCCD761457F8->cc44bade-b222-412b-91cb-7451c55d5287-GrpcLogAppender-LogAppenderDaemon] INFO  server.GrpcLogAppender (GrpcLogAppender.java:installSnapshot(524)) - 3deaabcd-f5f1-47ac-8cd4-644b2fe93232@group-FCCD761457F8->cc44bade-b222-412b-91cb-7451c55d5287-GrpcLogAppender: followerNextIndex = 0 but logStartIndex = 1, notify follower to install snapshot-(t:2, i:1)
2021-10-16 02:30:38,094 [3deaabcd-f5f1-47ac-8cd4-644b2fe93232@group-FCCD761457F8->cc44bade-b222-412b-91cb-7451c55d5287-GrpcLogAppender-LogAppenderDaemon] INFO  server.GrpcLogAppender (GrpcLogAppender.java:installSnapshot(532)) - 3deaabcd-f5f1-47ac-8cd4-644b2fe93232@group-FCCD761457F8->cc44bade-b222-412b-91cb-7451c55d5287-GrpcLogAppender: send 3deaabcd-f5f1-47ac-8cd4-644b2fe93232->cc44bade-b222-412b-91cb-7451c55d5287#0-t2,notify:(t:2, i:1)
2021-10-16 02:30:38,094 [grpc-default-executor-1] INFO  server.RaftServer$Division (RaftServerImpl.java:checkInconsistentAppendEntries(1293)) - cc44bade-b222-412b-91cb-7451c55d5287@group-FCCD761457F8: Failed appendEntries as snapshot ((t:2, i:1)) installation is in progress
2021-10-16 02:30:38,095 [grpc-default-executor-1] INFO  server.RaftServer$Division (RaftServerImpl.java:checkInconsistentAppendEntries(1285)) - cc44bade-b222-412b-91cb-7451c55d5287@group-FCCD761457F8: inconsistency entries. Reply:3deaabcd-f5f1-47ac-8cd4-644b2fe93232<-cc44bade-b222-412b-91cb-7451c55d5287#1:FAIL-t2,INCONSISTENCY,nextIndex=0,followerCommit=-1
2021-10-16 02:30:38,095 [grpc-default-executor-0] INFO  server.RaftServer$Division (RaftServerImpl.java:installSnapshot(1329)) - cc44bade-b222-412b-91cb-7451c55d5287@group-FCCD761457F8: receive installSnapshot: 3deaabcd-f5f1-47ac-8cd4-644b2fe93232->cc44bade-b222-412b-91cb-7451c55d5287#0-t2,notify:(t:2, i:1)
2021-10-16 02:30:38,095 [grpc-default-executor-0] INFO  server.RaftServer$Division (RaftServerImpl.java:notifyStateMachineToInstallSnapshot(1611)) - cc44bade-b222-412b-91cb-7451c55d5287@group-FCCD761457F8: Snapshot Installation by StateMachine is in progress.
2021-10-16 02:30:38,095 [grpc-default-executor-0] INFO  server.RaftServer$Division (RaftServerImpl.java:installSnapshotImpl(1459)) - cc44bade-b222-412b-91cb-7451c55d5287@group-FCCD761457F8: set new configuration index: 5
configurationEntry {
  peers {
    id: "8377993e-4b96-4dd4-a005-414dac6239f0"
    address: "localhost:13954"
  }
  peers {
    id: "3deaabcd-f5f1-47ac-8cd4-644b2fe93232"
    address: "localhost:13944"
  }
}
 from snapshot
2021-10-16 02:30:38,096 [grpc-default-executor-0] INFO  server.RaftServer$Division (ServerState.java:setRaftConf(387)) - cc44bade-b222-412b-91cb-7451c55d5287@group-FCCD761457F8: set configuration 5: [8377993e-4b96-4dd4-a005-414dac6239f0|rpc:localhost:13954|admin:|client:|dataStream:|priority:0, 3deaabcd-f5f1-47ac-8cd4-644b2fe93232|rpc:localhost:13944|admin:|client:|dataStream:|priority:0], old=null
2021-10-16 02:30:38,096 [grpc-default-executor-0] INFO  server.RaftServer$Division (RaftServerImpl.java:installSnapshot(1340)) - cc44bade-b222-412b-91cb-7451c55d5287@group-FCCD761457F8: reply installSnapshot: 3deaabcd-f5f1-47ac-8cd4-644b2fe93232<-cc44bade-b222-412b-91cb-7451c55d5287#0:FAIL-t2,IN_PROGRESS
2021-10-16 02:30:38,096 [grpc-default-executor-0] INFO  server.GrpcServerProtocolService (GrpcServerProtocolService.java:onCompleted(140)) - cc44bade-b222-412b-91cb-7451c55d5287: Completed INSTALL_SNAPSHOT, lastRequest: 3deaabcd-f5f1-47ac-8cd4-644b2fe93232->cc44bade-b222-412b-91cb-7451c55d5287#0-t2,notify:(t:2, i:1)
2021-10-16 02:30:38,104 [grpc-default-executor-1] INFO  server.GrpcLogAppender (GrpcLogAppender.java:onNext(400)) - 3deaabcd-f5f1-47ac-8cd4-644b2fe93232@group-FCCD761457F8->cc44bade-b222-412b-91cb-7451c55d5287-InstallSnapshotResponseHandler: received a reply 3deaabcd-f5f1-47ac-8cd4-644b2fe93232<-cc44bade-b222-412b-91cb-7451c55d5287#0:FAIL-t2,IN_PROGRESS
2021-10-16 02:30:38,104 [grpc-default-executor-1] INFO  server.GrpcLogAppender (GrpcLogAppender.java:onNext(417)) - 3deaabcd-f5f1-47ac-8cd4-644b2fe93232@group-FCCD761457F8->cc44bade-b222-412b-91cb-7451c55d5287-InstallSnapshotResponseHandler: InstallSnapshot in progress.
2021-10-16 02:30:38,104 [grpc-default-executor-3] INFO  leader.FollowerInfo (FollowerInfoImpl.java:lambda$new$0(46)) - 3deaabcd-f5f1-47ac-8cd4-644b2fe93232@group-FCCD761457F8->cc44bade-b222-412b-91cb-7451c55d5287: nextIndex: updateUnconditionally 0 -> 0
2021-10-16 02:30:38,104 [grpc-default-executor-3] INFO  leader.FollowerInfo (FollowerInfoImpl.java:lambda$new$0(46)) - 3deaabcd-f5f1-47ac-8cd4-644b2fe93232@group-FCCD761457F8->cc44bade-b222-412b-91cb-7451c55d5287: nextIndex: updateUnconditionally 0 -> 0
2021-10-16 02:30:38,106 [grpc-default-executor-3] INFO  ha.SCMDBCheckpointProvider (SCMDBCheckpointProvider.java:writeDBCheckPointToSream(48)) - Received request to obtain SCM DB checkpoint snapshot
2021-10-16 02:30:38,114 [3deaabcd-f5f1-47ac-8cd4-644b2fe93232@group-FCCD761457F8->cc44bade-b222-412b-91cb-7451c55d5287-GrpcLogAppender-LogAppenderDaemon] INFO  server.GrpcLogAppender (GrpcLogAppender.java:installSnapshot(524)) - 3deaabcd-f5f1-47ac-8cd4-644b2fe93232@group-FCCD761457F8->cc44bade-b222-412b-91cb-7451c55d5287-GrpcLogAppender: followerNextIndex = 0 but logStartIndex = 1, notify follower to install snapshot-(t:2, i:1)
2021-10-16 02:30:38,114 [3deaabcd-f5f1-47ac-8cd4-644b2fe93232@group-FCCD761457F8->cc44bade-b222-412b-91cb-7451c55d5287-GrpcLogAppender-LogAppenderDaemon] INFO  server.GrpcLogAppender (GrpcLogAppender.java:installSnapshot(532)) - 3deaabcd-f5f1-47ac-8cd4-644b2fe93232@group-FCCD761457F8->cc44bade-b222-412b-91cb-7451c55d5287-GrpcLogAppender: send 3deaabcd-f5f1-47ac-8cd4-644b2fe93232->cc44bade-b222-412b-91cb-7451c55d5287#0-t2,notify:(t:2, i:1)
2021-10-16 02:30:38,117 [grpc-default-executor-0] INFO  server.RaftServer$Division (RaftServerImpl.java:checkInconsistentAppendEntries(1293)) - cc44bade-b222-412b-91cb-7451c55d5287@group-FCCD761457F8: Failed appendEntries as snapshot ((t:2, i:1)) installation is in progress
2021-10-16 02:30:38,117 [grpc-default-executor-0] INFO  server.RaftServer$Division (RaftServerImpl.java:checkInconsistentAppendEntries(1285)) - cc44bade-b222-412b-91cb-7451c55d5287@group-FCCD761457F8: inconsistency entries. Reply:3deaabcd-f5f1-47ac-8cd4-644b2fe93232<-cc44bade-b222-412b-91cb-7451c55d5287#2:FAIL-t2,INCONSISTENCY,nextIndex=0,followerCommit=-1
2021-10-16 02:30:38,118 [grpc-default-executor-1] INFO  server.RaftServer$Division (RaftServerImpl.java:installSnapshot(1329)) - cc44bade-b222-412b-91cb-7451c55d5287@group-FCCD761457F8: receive installSnapshot: 3deaabcd-f5f1-47ac-8cd4-644b2fe93232->cc44bade-b222-412b-91cb-7451c55d5287#0-t2,notify:(t:2, i:1)
2021-10-16 02:30:38,118 [grpc-default-executor-1] INFO  server.RaftServer$Division (RaftServerImpl.java:notifyStateMachineToInstallSnapshot(1611)) - cc44bade-b222-412b-91cb-7451c55d5287@group-FCCD761457F8: Snapshot Installation by StateMachine is in progress.
2021-10-16 02:30:38,118 [grpc-default-executor-1] INFO  server.RaftServer$Division (RaftServerImpl.java:installSnapshotImpl(1459)) - cc44bade-b222-412b-91cb-7451c55d5287@group-FCCD761457F8: set new configuration index: 5
configurationEntry {
  peers {
    id: "8377993e-4b96-4dd4-a005-414dac6239f0"
    address: "localhost:13954"
  }
  peers {
    id: "3deaabcd-f5f1-47ac-8cd4-644b2fe93232"
    address: "localhost:13944"
  }
}
 from snapshot
2021-10-16 02:30:38,119 [grpc-default-executor-0] INFO  leader.FollowerInfo (FollowerInfoImpl.java:lambda$new$0(46)) - 3deaabcd-f5f1-47ac-8cd4-644b2fe93232@group-FCCD761457F8->cc44bade-b222-412b-91cb-7451c55d5287: nextIndex: updateUnconditionally 0 -> 0
2021-10-16 02:30:38,122 [grpc-default-executor-1] INFO  server.RaftServer$Division (ServerState.java:setRaftConf(387)) - cc44bade-b222-412b-91cb-7451c55d5287@group-FCCD761457F8: set configuration 5: [8377993e-4b96-4dd4-a005-414dac6239f0|rpc:localhost:13954|admin:|client:|dataStream:|priority:0, 3deaabcd-f5f1-47ac-8cd4-644b2fe93232|rpc:localhost:13944|admin:|client:|dataStream:|priority:0], old=null
2021-10-16 02:30:38,122 [grpc-default-executor-1] INFO  server.RaftServer$Division (RaftServerImpl.java:installSnapshot(1340)) - cc44bade-b222-412b-91cb-7451c55d5287@group-FCCD761457F8: reply installSnapshot: 3deaabcd-f5f1-47ac-8cd4-644b2fe93232<-cc44bade-b222-412b-91cb-7451c55d5287#0:FAIL-t2,IN_PROGRESS
2021-10-16 02:30:38,122 [grpc-default-executor-1] INFO  server.GrpcServerProtocolService (GrpcServerProtocolService.java:onCompleted(140)) - cc44bade-b222-412b-91cb-7451c55d5287: Completed INSTALL_SNAPSHOT, lastRequest: 3deaabcd-f5f1-47ac-8cd4-644b2fe93232->cc44bade-b222-412b-91cb-7451c55d5287#0-t2,notify:(t:2, i:1)
2021-10-16 02:30:38,123 [grpc-default-executor-0] INFO  server.GrpcLogAppender (GrpcLogAppender.java:onNext(400)) - 3deaabcd-f5f1-47ac-8cd4-644b2fe93232@group-FCCD761457F8->cc44bade-b222-412b-91cb-7451c55d5287-InstallSnapshotResponseHandler: received a reply 3deaabcd-f5f1-47ac-8cd4-644b2fe93232<-cc44bade-b222-412b-91cb-7451c55d5287#0:FAIL-t2,IN_PROGRESS
2021-10-16 02:30:38,123 [grpc-default-executor-0] INFO  server.GrpcLogAppender (GrpcLogAppender.java:onNext(417)) - 3deaabcd-f5f1-47ac-8cd4-644b2fe93232@group-FCCD761457F8->cc44bade-b222-412b-91cb-7451c55d5287-InstallSnapshotResponseHandler: InstallSnapshot in progress.
2021-10-16 02:30:38,125 [3deaabcd-f5f1-47ac-8cd4-644b2fe93232@group-FCCD761457F8->cc44bade-b222-412b-91cb-7451c55d5287-GrpcLogAppender-LogAppenderDaemon] INFO  server.GrpcLogAppender (GrpcLogAppender.java:installSnapshot(524)) - 3deaabcd-f5f1-47ac-8cd4-644b2fe93232@group-FCCD761457F8->cc44bade-b222-412b-91cb-7451c55d5287-GrpcLogAppender: followerNextIndex = 0 but logStartIndex = 1, notify follower to install snapshot-(t:2, i:1)
2021-10-16 02:30:38,125 [3deaabcd-f5f1-47ac-8cd4-644b2fe93232@group-FCCD761457F8->cc44bade-b222-412b-91cb-7451c55d5287-GrpcLogAppender-LogAppenderDaemon] INFO  server.GrpcLogAppender (GrpcLogAppender.java:installSnapshot(532)) - 3deaabcd-f5f1-47ac-8cd4-644b2fe93232@group-FCCD761457F8->cc44bade-b222-412b-91cb-7451c55d5287-GrpcLogAppender: send 3deaabcd-f5f1-47ac-8cd4-644b2fe93232->cc44bade-b222-412b-91cb-7451c55d5287#0-t2,notify:(t:2, i:1)
2021-10-16 02:30:38,126 [grpc-default-executor-2] INFO  server.RaftServer$Division (RaftServerImpl.java:checkInconsistentAppendEntries(1293)) - cc44bade-b222-412b-91cb-7451c55d5287@group-FCCD761457F8: Failed appendEntries as snapshot ((t:2, i:1)) installation is in progress
2021-10-16 02:30:38,126 [grpc-default-executor-2] INFO  server.RaftServer$Division (RaftServerImpl.java:checkInconsistentAppendEntries(1285)) - cc44bade-b222-412b-91cb-7451c55d5287@group-FCCD761457F8: inconsistency entries. Reply:3deaabcd-f5f1-47ac-8cd4-644b2fe93232<-cc44bade-b222-412b-91cb-7451c55d5287#3:FAIL-t2,INCONSISTENCY,nextIndex=0,followerCommit=-1
2021-10-16 02:30:38,127 [grpc-default-executor-0] INFO  server.RaftServer$Division (RaftServerImpl.java:installSnapshot(1329)) - cc44bade-b222-412b-91cb-7451c55d5287@group-FCCD761457F8: receive installSnapshot: 3deaabcd-f5f1-47ac-8cd4-644b2fe93232->cc44bade-b222-412b-91cb-7451c55d5287#0-t2,notify:(t:2, i:1)
2021-10-16 02:30:38,127 [grpc-default-executor-0] INFO  server.RaftServer$Division (RaftServerImpl.java:notifyStateMachineToInstallSnapshot(1611)) - cc44bade-b222-412b-91cb-7451c55d5287@group-FCCD761457F8: Snapshot Installation by StateMachine is in progress.
2021-10-16 02:30:38,127 [grpc-default-executor-0] INFO  server.RaftServer$Division (RaftServerImpl.java:installSnapshotImpl(1459)) - cc44bade-b222-412b-91cb-7451c55d5287@group-FCCD761457F8: set new configuration index: 5
configurationEntry {
  peers {
    id: "8377993e-4b96-4dd4-a005-414dac6239f0"
    address: "localhost:13954"
  }
  peers {
    id: "3deaabcd-f5f1-47ac-8cd4-644b2fe93232"
    address: "localhost:13944"
  }
}
 from snapshot
2021-10-16 02:30:38,127 [grpc-default-executor-0] INFO  server.RaftServer$Division (ServerState.java:setRaftConf(387)) - cc44bade-b222-412b-91cb-7451c55d5287@group-FCCD761457F8: set configuration 5: [8377993e-4b96-4dd4-a005-414dac6239f0|rpc:localhost:13954|admin:|client:|dataStream:|priority:0, 3deaabcd-f5f1-47ac-8cd4-644b2fe93232|rpc:localhost:13944|admin:|client:|dataStream:|priority:0], old=null
2021-10-16 02:30:38,127 [grpc-default-executor-0] INFO  server.RaftServer$Division (RaftServerImpl.java:installSnapshot(1340)) - cc44bade-b222-412b-91cb-7451c55d5287@group-FCCD761457F8: reply installSnapshot: 3deaabcd-f5f1-47ac-8cd4-644b2fe93232<-cc44bade-b222-412b-91cb-7451c55d5287#0:FAIL-t2,IN_PROGRESS
2021-10-16 02:30:38,128 [grpc-default-executor-0] INFO  server.GrpcServerProtocolService (GrpcServerProtocolService.java:onCompleted(140)) - cc44bade-b222-412b-91cb-7451c55d5287: Completed INSTALL_SNAPSHOT, lastRequest: 3deaabcd-f5f1-47ac-8cd4-644b2fe93232->cc44bade-b222-412b-91cb-7451c55d5287#0-t2,notify:(t:2, i:1)
2021-10-16 02:30:38,131 [grpc-default-executor-3] INFO  db.RDBCheckpointManager (RDBCheckpointManager.java:createCheckpoint(86)) - Created checkpoint at /home/runner/work/ozone/ozone/hadoop-ozone/integration-test/target/test-dir/MiniOzoneClusterImpl-4eb377f1-b672-4075-9178-fccd761457f8/scmNode-1/db.checkpoints/scm.db_checkpoint_1634351438114 in 17 milliseconds
2021-10-16 02:30:38,136 [grpc-default-executor-2] INFO  leader.FollowerInfo (FollowerInfoImpl.java:lambda$new$0(46)) - 3deaabcd-f5f1-47ac-8cd4-644b2fe93232@group-FCCD761457F8->cc44bade-b222-412b-91cb-7451c55d5287: nextIndex: updateUnconditionally 0 -> 0
2021-10-16 02:30:38,137 [grpc-default-executor-1] INFO  server.GrpcLogAppender (GrpcLogAppender.java:onNext(400)) - 3deaabcd-f5f1-47ac-8cd4-644b2fe93232@group-FCCD761457F8->cc44bade-b222-412b-91cb-7451c55d5287-InstallSnapshotResponseHandler: received a reply 3deaabcd-f5f1-47ac-8cd4-644b2fe93232<-cc44bade-b222-412b-91cb-7451c55d5287#0:FAIL-t2,IN_PROGRESS
2021-10-16 02:30:38,137 [grpc-default-executor-1] INFO  server.GrpcLogAppender (GrpcLogAppender.java:onNext(417)) - 3deaabcd-f5f1-47ac-8cd4-644b2fe93232@group-FCCD761457F8->cc44bade-b222-412b-91cb-7451c55d5287-InstallSnapshotResponseHandler: InstallSnapshot in progress.
2021-10-16 02:30:38,146 [3deaabcd-f5f1-47ac-8cd4-644b2fe93232@group-FCCD761457F8->cc44bade-b222-412b-91cb-7451c55d5287-GrpcLogAppender-LogAppenderDaemon] INFO  server.GrpcLogAppender (GrpcLogAppender.java:installSnapshot(524)) - 3deaabcd-f5f1-47ac-8cd4-644b2fe93232@group-FCCD761457F8->cc44bade-b222-412b-91cb-7451c55d5287-GrpcLogAppender: followerNextIndex = 0 but logStartIndex = 1, notify follower to install snapshot-(t:2, i:1)
2021-10-16 02:30:38,146 [3deaabcd-f5f1-47ac-8cd4-644b2fe93232@group-FCCD761457F8->cc44bade-b222-412b-91cb-7451c55d5287-GrpcLogAppender-LogAppenderDaemon] INFO  server.GrpcLogAppender (GrpcLogAppender.java:installSnapshot(532)) - 3deaabcd-f5f1-47ac-8cd4-644b2fe93232@group-FCCD761457F8->cc44bade-b222-412b-91cb-7451c55d5287-GrpcLogAppender: send 3deaabcd-f5f1-47ac-8cd4-644b2fe93232->cc44bade-b222-412b-91cb-7451c55d5287#0-t2,notify:(t:2, i:1)
2021-10-16 02:30:38,147 [grpc-default-executor-1] INFO  server.RaftServer$Division (RaftServerImpl.java:checkInconsistentAppendEntries(1293)) - cc44bade-b222-412b-91cb-7451c55d5287@group-FCCD761457F8: Failed appendEntries as snapshot ((t:2, i:1)) installation is in progress
2021-10-16 02:30:38,148 [grpc-default-executor-2] INFO  server.RaftServer$Division (RaftServerImpl.java:installSnapshot(1329)) - cc44bade-b222-412b-91cb-7451c55d5287@group-FCCD761457F8: receive installSnapshot: 3deaabcd-f5f1-47ac-8cd4-644b2fe93232->cc44bade-b222-412b-91cb-7451c55d5287#0-t2,notify:(t:2, i:1)
2021-10-16 02:30:38,148 [grpc-default-executor-1] INFO  server.RaftServer$Division (RaftServerImpl.java:checkInconsistentAppendEntries(1285)) - cc44bade-b222-412b-91cb-7451c55d5287@group-FCCD761457F8: inconsistency entries. Reply:3deaabcd-f5f1-47ac-8cd4-644b2fe93232<-cc44bade-b222-412b-91cb-7451c55d5287#4:FAIL-t2,INCONSISTENCY,nextIndex=0,followerCommit=-1
2021-10-16 02:30:38,148 [grpc-default-executor-2] INFO  server.RaftServer$Division (RaftServerImpl.java:notifyStateMachineToInstallSnapshot(1611)) - cc44bade-b222-412b-91cb-7451c55d5287@group-FCCD761457F8: Snapshot Installation by StateMachine is in progress.
2021-10-16 02:30:38,148 [grpc-default-executor-2] INFO  server.RaftServer$Division (RaftServerImpl.java:installSnapshotImpl(1459)) - cc44bade-b222-412b-91cb-7451c55d5287@group-FCCD761457F8: set new configuration index: 5
configurationEntry {
  peers {
    id: "8377993e-4b96-4dd4-a005-414dac6239f0"
    address: "localhost:13954"
  }
  peers {
    id: "3deaabcd-f5f1-47ac-8cd4-644b2fe93232"
    address: "localhost:13944"
  }
}
 from snapshot
2021-10-16 02:30:38,148 [grpc-default-executor-2] INFO  server.RaftServer$Division (ServerState.java:setRaftConf(387)) - cc44bade-b222-412b-91cb-7451c55d5287@group-FCCD761457F8: set configuration 5: [8377993e-4b96-4dd4-a005-414dac6239f0|rpc:localhost:13954|admin:|client:|dataStream:|priority:0, 3deaabcd-f5f1-47ac-8cd4-644b2fe93232|rpc:localhost:13944|admin:|client:|dataStream:|priority:0], old=null
2021-10-16 02:30:38,149 [grpc-default-executor-2] INFO  server.RaftServer$Division (RaftServerImpl.java:installSnapshot(1340)) - cc44bade-b222-412b-91cb-7451c55d5287@group-FCCD761457F8: reply installSnapshot: 3deaabcd-f5f1-47ac-8cd4-644b2fe93232<-cc44bade-b222-412b-91cb-7451c55d5287#0:FAIL-t2,IN_PROGRESS
2021-10-16 02:30:38,149 [grpc-default-executor-0] INFO  leader.FollowerInfo (FollowerInfoImpl.java:lambda$new$0(46)) - 3deaabcd-f5f1-47ac-8cd4-644b2fe93232@group-FCCD761457F8->cc44bade-b222-412b-91cb-7451c55d5287: nextIndex: updateUnconditionally 0 -> 0
2021-10-16 02:30:38,150 [grpc-default-executor-1] INFO  server.GrpcLogAppender (GrpcLogAppender.java:onNext(400)) - 3deaabcd-f5f1-47ac-8cd4-644b2fe93232@group-FCCD761457F8->cc44bade-b222-412b-91cb-7451c55d5287-InstallSnapshotResponseHandler: received a reply 3deaabcd-f5f1-47ac-8cd4-644b2fe93232<-cc44bade-b222-412b-91cb-7451c55d5287#0:FAIL-t2,IN_PROGRESS
2021-10-16 02:30:38,150 [grpc-default-executor-1] INFO  server.GrpcLogAppender (GrpcLogAppender.java:onNext(417)) - 3deaabcd-f5f1-47ac-8cd4-644b2fe93232@group-FCCD761457F8->cc44bade-b222-412b-91cb-7451c55d5287-InstallSnapshotResponseHandler: InstallSnapshot in progress.
2021-10-16 02:30:38,150 [grpc-default-executor-2] INFO  server.GrpcServerProtocolService (GrpcServerProtocolService.java:onCompleted(140)) - cc44bade-b222-412b-91cb-7451c55d5287: Completed INSTALL_SNAPSHOT, lastRequest: 3deaabcd-f5f1-47ac-8cd4-644b2fe93232->cc44bade-b222-412b-91cb-7451c55d5287#0-t2,notify:(t:2, i:1)
2021-10-16 02:30:38,143 [grpc-default-executor-3] INFO  ha.SCMGrpcOutputStream (SCMGrpcOutputStream.java:close(111)) - Sent 6124 bytes for cluster 4eb377f1-b672-4075-9178-fccd761457f8
2021-10-16 02:30:38,156 [grpc-default-executor-3] INFO  ha.SCMDBCheckpointProvider (SCMDBCheckpointProvider.java:writeDBCheckPointToSream(73)) - Time taken to write the checkpoint to response output stream: 23 milliseconds
2021-10-16 02:30:38,157 [3deaabcd-f5f1-47ac-8cd4-644b2fe93232@group-FCCD761457F8->cc44bade-b222-412b-91cb-7451c55d5287-GrpcLogAppender-LogAppenderDaemon] INFO  server.GrpcLogAppender (GrpcLogAppender.java:installSnapshot(524)) - 3deaabcd-f5f1-47ac-8cd4-644b2fe93232@group-FCCD761457F8->cc44bade-b222-412b-91cb-7451c55d5287-GrpcLogAppender: followerNextIndex = 0 but logStartIndex = 1, notify follower to install snapshot-(t:2, i:1)
2021-10-16 02:30:38,157 [3deaabcd-f5f1-47ac-8cd4-644b2fe93232@group-FCCD761457F8->cc44bade-b222-412b-91cb-7451c55d5287-GrpcLogAppender-LogAppenderDaemon] INFO  server.GrpcLogAppender (GrpcLogAppender.java:installSnapshot(532)) - 3deaabcd-f5f1-47ac-8cd4-644b2fe93232@group-FCCD761457F8->cc44bade-b222-412b-91cb-7451c55d5287-GrpcLogAppender: send 3deaabcd-f5f1-47ac-8cd4-644b2fe93232->cc44bade-b222-412b-91cb-7451c55d5287#0-t2,notify:(t:2, i:1)
2021-10-16 02:30:38,158 [grpc-default-executor-0] INFO  server.RaftServer$Division (RaftServerImpl.java:checkInconsistentAppendEntries(1293)) - cc44bade-b222-412b-91cb-7451c55d5287@group-FCCD761457F8: Failed appendEntries as snapshot ((t:2, i:1)) installation is in progress
2021-10-16 02:30:38,158 [grpc-default-executor-0] INFO  server.RaftServer$Division (RaftServerImpl.java:checkInconsistentAppendEntries(1285)) - cc44bade-b222-412b-91cb-7451c55d5287@group-FCCD761457F8: inconsistency entries. Reply:3deaabcd-f5f1-47ac-8cd4-644b2fe93232<-cc44bade-b222-412b-91cb-7451c55d5287#5:FAIL-t2,INCONSISTENCY,nextIndex=0,followerCommit=-1
2021-10-16 02:30:38,159 [grpc-default-executor-1] INFO  server.RaftServer$Division (RaftServerImpl.java:installSnapshot(1329)) - cc44bade-b222-412b-91cb-7451c55d5287@group-FCCD761457F8: receive installSnapshot: 3deaabcd-f5f1-47ac-8cd4-644b2fe93232->cc44bade-b222-412b-91cb-7451c55d5287#0-t2,notify:(t:2, i:1)
2021-10-16 02:30:38,159 [grpc-default-executor-1] INFO  server.RaftServer$Division (RaftServerImpl.java:notifyStateMachineToInstallSnapshot(1611)) - cc44bade-b222-412b-91cb-7451c55d5287@group-FCCD761457F8: Snapshot Installation by StateMachine is in progress.
2021-10-16 02:30:38,159 [grpc-default-executor-1] INFO  server.RaftServer$Division (RaftServerImpl.java:installSnapshotImpl(1459)) - cc44bade-b222-412b-91cb-7451c55d5287@group-FCCD761457F8: set new configuration index: 5
configurationEntry {
  peers {
    id: "8377993e-4b96-4dd4-a005-414dac6239f0"
    address: "localhost:13954"
  }
  peers {
    id: "3deaabcd-f5f1-47ac-8cd4-644b2fe93232"
    address: "localhost:13944"
  }
}
 from snapshot
2021-10-16 02:30:38,159 [grpc-default-executor-1] INFO  server.RaftServer$Division (ServerState.java:setRaftConf(387)) - cc44bade-b222-412b-91cb-7451c55d5287@group-FCCD761457F8: set configuration 5: [8377993e-4b96-4dd4-a005-414dac6239f0|rpc:localhost:13954|admin:|client:|dataStream:|priority:0, 3deaabcd-f5f1-47ac-8cd4-644b2fe93232|rpc:localhost:13944|admin:|client:|dataStream:|priority:0], old=null
2021-10-16 02:30:38,160 [grpc-default-executor-1] INFO  server.RaftServer$Division (RaftServerImpl.java:installSnapshot(1340)) - cc44bade-b222-412b-91cb-7451c55d5287@group-FCCD761457F8: reply installSnapshot: 3deaabcd-f5f1-47ac-8cd4-644b2fe93232<-cc44bade-b222-412b-91cb-7451c55d5287#0:FAIL-t2,IN_PROGRESS
2021-10-16 02:30:38,160 [grpc-default-executor-0] INFO  leader.FollowerInfo (FollowerInfoImpl.java:lambda$new$0(46)) - 3deaabcd-f5f1-47ac-8cd4-644b2fe93232@group-FCCD761457F8->cc44bade-b222-412b-91cb-7451c55d5287: nextIndex: updateUnconditionally 0 -> 0
2021-10-16 02:30:38,161 [grpc-default-executor-0] INFO  server.GrpcLogAppender (GrpcLogAppender.java:onNext(400)) - 3deaabcd-f5f1-47ac-8cd4-644b2fe93232@group-FCCD761457F8->cc44bade-b222-412b-91cb-7451c55d5287-InstallSnapshotResponseHandler: received a reply 3deaabcd-f5f1-47ac-8cd4-644b2fe93232<-cc44bade-b222-412b-91cb-7451c55d5287#0:FAIL-t2,IN_PROGRESS
2021-10-16 02:30:38,161 [grpc-default-executor-0] INFO  server.GrpcLogAppender (GrpcLogAppender.java:onNext(417)) - 3deaabcd-f5f1-47ac-8cd4-644b2fe93232@group-FCCD761457F8->cc44bade-b222-412b-91cb-7451c55d5287-InstallSnapshotResponseHandler: InstallSnapshot in progress.
2021-10-16 02:30:38,161 [grpc-default-executor-1] INFO  server.GrpcServerProtocolService (GrpcServerProtocolService.java:onCompleted(140)) - cc44bade-b222-412b-91cb-7451c55d5287: Completed INSTALL_SNAPSHOT, lastRequest: 3deaabcd-f5f1-47ac-8cd4-644b2fe93232->cc44bade-b222-412b-91cb-7451c55d5287#0-t2,notify:(t:2, i:1)
2021-10-16 02:30:38,162 [3deaabcd-f5f1-47ac-8cd4-644b2fe93232@group-FCCD761457F8->cc44bade-b222-412b-91cb-7451c55d5287-GrpcLogAppender-LogAppenderDaemon] INFO  server.GrpcLogAppender (GrpcLogAppender.java:installSnapshot(524)) - 3deaabcd-f5f1-47ac-8cd4-644b2fe93232@group-FCCD761457F8->cc44bade-b222-412b-91cb-7451c55d5287-GrpcLogAppender: followerNextIndex = 0 but logStartIndex = 1, notify follower to install snapshot-(t:2, i:1)
2021-10-16 02:30:38,163 [3deaabcd-f5f1-47ac-8cd4-644b2fe93232@group-FCCD761457F8->cc44bade-b222-412b-91cb-7451c55d5287-GrpcLogAppender-LogAppenderDaemon] INFO  server.GrpcLogAppender (GrpcLogAppender.java:installSnapshot(532)) - 3deaabcd-f5f1-47ac-8cd4-644b2fe93232@group-FCCD761457F8->cc44bade-b222-412b-91cb-7451c55d5287-GrpcLogAppender: send 3deaabcd-f5f1-47ac-8cd4-644b2fe93232->cc44bade-b222-412b-91cb-7451c55d5287#0-t2,notify:(t:2, i:1)
2021-10-16 02:30:38,164 [grpc-default-executor-1] INFO  server.RaftServer$Division (RaftServerImpl.java:checkInconsistentAppendEntries(1293)) - cc44bade-b222-412b-91cb-7451c55d5287@group-FCCD761457F8: Failed appendEntries as snapshot ((t:2, i:1)) installation is in progress
2021-10-16 02:30:38,164 [grpc-default-executor-1] INFO  server.RaftServer$Division (RaftServerImpl.java:checkInconsistentAppendEntries(1285)) - cc44bade-b222-412b-91cb-7451c55d5287@group-FCCD761457F8: inconsistency entries. Reply:3deaabcd-f5f1-47ac-8cd4-644b2fe93232<-cc44bade-b222-412b-91cb-7451c55d5287#6:FAIL-t2,INCONSISTENCY,nextIndex=0,followerCommit=-1
2021-10-16 02:30:38,164 [grpc-default-executor-1] INFO  server.RaftServer$Division (RaftServerImpl.java:installSnapshot(1329)) - cc44bade-b222-412b-91cb-7451c55d5287@group-FCCD761457F8: receive installSnapshot: 3deaabcd-f5f1-47ac-8cd4-644b2fe93232->cc44bade-b222-412b-91cb-7451c55d5287#0-t2,notify:(t:2, i:1)
2021-10-16 02:30:38,164 [grpc-default-executor-1] INFO  server.RaftServer$Division (RaftServerImpl.java:notifyStateMachineToInstallSnapshot(1611)) - cc44bade-b222-412b-91cb-7451c55d5287@group-FCCD761457F8: Snapshot Installation by StateMachine is in progress.
2021-10-16 02:30:38,156 [grpc-default-executor-3] INFO  db.RocksDBCheckpoint (RocksDBCheckpoint.java:cleanupCheckpoint(78)) - Cleaning up RocksDB checkpoint at /home/runner/work/ozone/ozone/hadoop-ozone/integration-test/target/test-dir/MiniOzoneClusterImpl-4eb377f1-b672-4075-9178-fccd761457f8/scmNode-1/db.checkpoints/scm.db_checkpoint_1634351438114
2021-10-16 02:30:38,162 [grpc-default-executor-2] INFO  ha.InterSCMGrpcClient (InterSCMGrpcClient.java:onCompleted(173)) - Checkpoint is downloaded to /home/runner/work/ozone/ozone/hadoop-ozone/integration-test/target/test-dir/MiniOzoneClusterImpl-4eb377f1-b672-4075-9178-fccd761457f8/scmNode-3/snapshot/scm.db-scmNode-1-1634351438069.tar.gz
2021-10-16 02:30:38,174 [grpc-default-executor-1] INFO  server.RaftServer$Division (RaftServerImpl.java:installSnapshotImpl(1459)) - cc44bade-b222-412b-91cb-7451c55d5287@group-FCCD761457F8: set new configuration index: 5
configurationEntry {
  peers {
    id: "8377993e-4b96-4dd4-a005-414dac6239f0"
    address: "localhost:13954"
  }
  peers {
    id: "3deaabcd-f5f1-47ac-8cd4-644b2fe93232"
    address: "localhost:13944"
  }
}
 from snapshot
2021-10-16 02:30:38,174 [grpc-default-executor-1] INFO  server.RaftServer$Division (ServerState.java:setRaftConf(387)) - cc44bade-b222-412b-91cb-7451c55d5287@group-FCCD761457F8: set configuration 5: [8377993e-4b96-4dd4-a005-414dac6239f0|rpc:localhost:13954|admin:|client:|dataStream:|priority:0, 3deaabcd-f5f1-47ac-8cd4-644b2fe93232|rpc:localhost:13944|admin:|client:|dataStream:|priority:0], old=null
2021-10-16 02:30:38,174 [grpc-default-executor-1] INFO  server.RaftServer$Division (RaftServerImpl.java:installSnapshot(1340)) - cc44bade-b222-412b-91cb-7451c55d5287@group-FCCD761457F8: reply installSnapshot: 3deaabcd-f5f1-47ac-8cd4-644b2fe93232<-cc44bade-b222-412b-91cb-7451c55d5287#0:FAIL-t2,IN_PROGRESS
2021-10-16 02:30:38,175 [Datanode State Machine Thread - 0] ERROR datanode.RunningDatanodeState (RunningDatanodeState.java:computeNextContainerState(199)) - Error in executing end point task.
java.util.concurrent.ExecutionException: java.util.concurrent.TimeoutException
	at java.util.concurrent.FutureTask.report(FutureTask.java:122)
	at java.util.concurrent.FutureTask.get(FutureTask.java:192)
	at org.apache.hadoop.ozone.container.common.states.datanode.RunningDatanodeState.computeNextContainerState(RunningDatanodeState.java:191)
	at org.apache.hadoop.ozone.container.common.states.datanode.RunningDatanodeState.await(RunningDatanodeState.java:231)
	at org.apache.hadoop.ozone.container.common.states.datanode.RunningDatanodeState.await(RunningDatanodeState.java:50)
	at org.apache.hadoop.ozone.container.common.statemachine.StateContext.execute(StateContext.java:629)
	at org.apache.hadoop.ozone.container.common.statemachine.DatanodeStateMachine.start(DatanodeStateMachine.java:276)
	at org.apache.hadoop.ozone.container.common.statemachine.DatanodeStateMachine.lambda$startDaemon$0(DatanodeStateMachine.java:464)
	at java.lang.Thread.run(Thread.java:748)
Caused by: java.util.concurrent.TimeoutException
	at java.util.concurrent.FutureTask.get(FutureTask.java:205)
	at org.apache.hadoop.ozone.container.common.states.datanode.RunningDatanodeState.lambda$execute$0(RunningDatanodeState.java:149)
	at java.util.concurrent.FutureTask.run(FutureTask.java:266)
	at java.util.concurrent.Executors$RunnableAdapter.call(Executors.java:511)
	at java.util.concurrent.FutureTask.run(FutureTask.java:266)
	at java.util.concurrent.ThreadPoolExecutor.runWorker(ThreadPoolExecutor.java:1149)
	at java.util.concurrent.ThreadPoolExecutor$Worker.run(ThreadPoolExecutor.java:624)
	... 1 more
2021-10-16 02:30:38,177 [grpc-default-executor-1] INFO  server.GrpcServerProtocolService (GrpcServerProtocolService.java:onCompleted(140)) - cc44bade-b222-412b-91cb-7451c55d5287: Completed INSTALL_SNAPSHOT, lastRequest: 3deaabcd-f5f1-47ac-8cd4-644b2fe93232->cc44bade-b222-412b-91cb-7451c55d5287#0-t2,notify:(t:2, i:1)
2021-10-16 02:30:38,176 [grpc-default-executor-3] INFO  server.GrpcLogAppender (GrpcLogAppender.java:onNext(400)) - 3deaabcd-f5f1-47ac-8cd4-644b2fe93232@group-FCCD761457F8->cc44bade-b222-412b-91cb-7451c55d5287-InstallSnapshotResponseHandler: received a reply 3deaabcd-f5f1-47ac-8cd4-644b2fe93232<-cc44bade-b222-412b-91cb-7451c55d5287#0:FAIL-t2,IN_PROGRESS
2021-10-16 02:30:38,183 [grpc-default-executor-3] INFO  server.GrpcLogAppender (GrpcLogAppender.java:onNext(417)) - 3deaabcd-f5f1-47ac-8cd4-644b2fe93232@group-FCCD761457F8->cc44bade-b222-412b-91cb-7451c55d5287-InstallSnapshotResponseHandler: InstallSnapshot in progress.
2021-10-16 02:30:38,176 [grpc-default-executor-2] INFO  leader.FollowerInfo (FollowerInfoImpl.java:lambda$new$0(46)) - 3deaabcd-f5f1-47ac-8cd4-644b2fe93232@group-FCCD761457F8->cc44bade-b222-412b-91cb-7451c55d5287: nextIndex: updateUnconditionally 0 -> 0
2021-10-16 02:30:38,195 [3deaabcd-f5f1-47ac-8cd4-644b2fe93232@group-FCCD761457F8->cc44bade-b222-412b-91cb-7451c55d5287-GrpcLogAppender-LogAppenderDaemon] INFO  server.GrpcLogAppender (GrpcLogAppender.java:installSnapshot(524)) - 3deaabcd-f5f1-47ac-8cd4-644b2fe93232@group-FCCD761457F8->cc44bade-b222-412b-91cb-7451c55d5287-GrpcLogAppender: followerNextIndex = 0 but logStartIndex = 1, notify follower to install snapshot-(t:2, i:1)
2021-10-16 02:30:38,195 [3deaabcd-f5f1-47ac-8cd4-644b2fe93232@group-FCCD761457F8->cc44bade-b222-412b-91cb-7451c55d5287-GrpcLogAppender-LogAppenderDaemon] INFO  server.GrpcLogAppender (GrpcLogAppender.java:installSnapshot(532)) - 3deaabcd-f5f1-47ac-8cd4-644b2fe93232@group-FCCD761457F8->cc44bade-b222-412b-91cb-7451c55d5287-GrpcLogAppender: send 3deaabcd-f5f1-47ac-8cd4-644b2fe93232->cc44bade-b222-412b-91cb-7451c55d5287#0-t2,notify:(t:2, i:1)
2021-10-16 02:30:38,202 [grpc-default-executor-1] INFO  server.RaftServer$Division (RaftServerImpl.java:checkInconsistentAppendEntries(1293)) - cc44bade-b222-412b-91cb-7451c55d5287@group-FCCD761457F8: Failed appendEntries as snapshot ((t:2, i:1)) installation is in progress
2021-10-16 02:30:38,202 [grpc-default-executor-1] INFO  server.RaftServer$Division (RaftServerImpl.java:checkInconsistentAppendEntries(1285)) - cc44bade-b222-412b-91cb-7451c55d5287@group-FCCD761457F8: inconsistency entries. Reply:3deaabcd-f5f1-47ac-8cd4-644b2fe93232<-cc44bade-b222-412b-91cb-7451c55d5287#7:FAIL-t2,INCONSISTENCY,nextIndex=0,followerCommit=-1
2021-10-16 02:30:38,203 [grpc-default-executor-2] INFO  server.RaftServer$Division (RaftServerImpl.java:installSnapshot(1329)) - cc44bade-b222-412b-91cb-7451c55d5287@group-FCCD761457F8: receive installSnapshot: 3deaabcd-f5f1-47ac-8cd4-644b2fe93232->cc44bade-b222-412b-91cb-7451c55d5287#0-t2,notify:(t:2, i:1)
2021-10-16 02:30:38,203 [grpc-default-executor-2] INFO  server.RaftServer$Division (RaftServerImpl.java:notifyStateMachineToInstallSnapshot(1611)) - cc44bade-b222-412b-91cb-7451c55d5287@group-FCCD761457F8: Snapshot Installation by StateMachine is in progress.
2021-10-16 02:30:38,204 [grpc-default-executor-2] INFO  server.RaftServer$Division (RaftServerImpl.java:installSnapshotImpl(1459)) - cc44bade-b222-412b-91cb-7451c55d5287@group-FCCD761457F8: set new configuration index: 5
configurationEntry {
  peers {
    id: "8377993e-4b96-4dd4-a005-414dac6239f0"
    address: "localhost:13954"
  }
  peers {
    id: "3deaabcd-f5f1-47ac-8cd4-644b2fe93232"
    address: "localhost:13944"
  }
}
 from snapshot
2021-10-16 02:30:38,204 [grpc-default-executor-2] INFO  server.RaftServer$Division (ServerState.java:setRaftConf(387)) - cc44bade-b222-412b-91cb-7451c55d5287@group-FCCD761457F8: set configuration 5: [8377993e-4b96-4dd4-a005-414dac6239f0|rpc:localhost:13954|admin:|client:|dataStream:|priority:0, 3deaabcd-f5f1-47ac-8cd4-644b2fe93232|rpc:localhost:13944|admin:|client:|dataStream:|priority:0], old=null
2021-10-16 02:30:38,204 [grpc-default-executor-2] INFO  server.RaftServer$Division (RaftServerImpl.java:installSnapshot(1340)) - cc44bade-b222-412b-91cb-7451c55d5287@group-FCCD761457F8: reply installSnapshot: 3deaabcd-f5f1-47ac-8cd4-644b2fe93232<-cc44bade-b222-412b-91cb-7451c55d5287#0:FAIL-t2,IN_PROGRESS
2021-10-16 02:30:38,205 [grpc-default-executor-1] INFO  leader.FollowerInfo (FollowerInfoImpl.java:lambda$new$0(46)) - 3deaabcd-f5f1-47ac-8cd4-644b2fe93232@group-FCCD761457F8->cc44bade-b222-412b-91cb-7451c55d5287: nextIndex: updateUnconditionally 0 -> 0
2021-10-16 02:30:38,205 [grpc-default-executor-2] INFO  server.GrpcServerProtocolService (GrpcServerProtocolService.java:onCompleted(140)) - cc44bade-b222-412b-91cb-7451c55d5287: Completed INSTALL_SNAPSHOT, lastRequest: 3deaabcd-f5f1-47ac-8cd4-644b2fe93232->cc44bade-b222-412b-91cb-7451c55d5287#0-t2,notify:(t:2, i:1)
2021-10-16 02:30:38,206 [grpc-default-executor-1] INFO  server.GrpcLogAppender (GrpcLogAppender.java:onNext(400)) - 3deaabcd-f5f1-47ac-8cd4-644b2fe93232@group-FCCD761457F8->cc44bade-b222-412b-91cb-7451c55d5287-InstallSnapshotResponseHandler: received a reply 3deaabcd-f5f1-47ac-8cd4-644b2fe93232<-cc44bade-b222-412b-91cb-7451c55d5287#0:FAIL-t2,IN_PROGRESS
2021-10-16 02:30:38,206 [grpc-default-executor-1] INFO  server.GrpcLogAppender (GrpcLogAppender.java:onNext(417)) - 3deaabcd-f5f1-47ac-8cd4-644b2fe93232@group-FCCD761457F8->cc44bade-b222-412b-91cb-7451c55d5287-InstallSnapshotResponseHandler: InstallSnapshot in progress.
2021-10-16 02:30:38,217 [3deaabcd-f5f1-47ac-8cd4-644b2fe93232@group-FCCD761457F8->cc44bade-b222-412b-91cb-7451c55d5287-GrpcLogAppender-LogAppenderDaemon] INFO  server.GrpcLogAppender (GrpcLogAppender.java:installSnapshot(524)) - 3deaabcd-f5f1-47ac-8cd4-644b2fe93232@group-FCCD761457F8->cc44bade-b222-412b-91cb-7451c55d5287-GrpcLogAppender: followerNextIndex = 0 but logStartIndex = 1, notify follower to install snapshot-(t:2, i:1)
2021-10-16 02:30:38,217 [3deaabcd-f5f1-47ac-8cd4-644b2fe93232@group-FCCD761457F8->cc44bade-b222-412b-91cb-7451c55d5287-GrpcLogAppender-LogAppenderDaemon] INFO  server.GrpcLogAppender (GrpcLogAppender.java:installSnapshot(532)) - 3deaabcd-f5f1-47ac-8cd4-644b2fe93232@group-FCCD761457F8->cc44bade-b222-412b-91cb-7451c55d5287-GrpcLogAppender: send 3deaabcd-f5f1-47ac-8cd4-644b2fe93232->cc44bade-b222-412b-91cb-7451c55d5287#0-t2,notify:(t:2, i:1)
2021-10-16 02:30:38,217 [grpc-default-executor-1] INFO  server.RaftServer$Division (RaftServerImpl.java:checkInconsistentAppendEntries(1293)) - cc44bade-b222-412b-91cb-7451c55d5287@group-FCCD761457F8: Failed appendEntries as snapshot ((t:2, i:1)) installation is in progress
2021-10-16 02:30:38,217 [grpc-default-executor-1] INFO  server.RaftServer$Division (RaftServerImpl.java:checkInconsistentAppendEntries(1285)) - cc44bade-b222-412b-91cb-7451c55d5287@group-FCCD761457F8: inconsistency entries. Reply:3deaabcd-f5f1-47ac-8cd4-644b2fe93232<-cc44bade-b222-412b-91cb-7451c55d5287#8:FAIL-t2,INCONSISTENCY,nextIndex=0,followerCommit=-1
2021-10-16 02:30:38,219 [grpc-default-executor-1] INFO  leader.FollowerInfo (FollowerInfoImpl.java:lambda$new$0(46)) - 3deaabcd-f5f1-47ac-8cd4-644b2fe93232@group-FCCD761457F8->cc44bade-b222-412b-91cb-7451c55d5287: nextIndex: updateUnconditionally 0 -> 0
2021-10-16 02:30:38,219 [grpc-default-executor-1] INFO  server.RaftServer$Division (RaftServerImpl.java:installSnapshot(1329)) - cc44bade-b222-412b-91cb-7451c55d5287@group-FCCD761457F8: receive installSnapshot: 3deaabcd-f5f1-47ac-8cd4-644b2fe93232->cc44bade-b222-412b-91cb-7451c55d5287#0-t2,notify:(t:2, i:1)
2021-10-16 02:30:38,219 [grpc-default-executor-1] INFO  server.RaftServer$Division (RaftServerImpl.java:notifyStateMachineToInstallSnapshot(1611)) - cc44bade-b222-412b-91cb-7451c55d5287@group-FCCD761457F8: Snapshot Installation by StateMachine is in progress.
2021-10-16 02:30:38,220 [grpc-default-executor-1] INFO  server.RaftServer$Division (RaftServerImpl.java:installSnapshotImpl(1459)) - cc44bade-b222-412b-91cb-7451c55d5287@group-FCCD761457F8: set new configuration index: 5
configurationEntry {
  peers {
    id: "8377993e-4b96-4dd4-a005-414dac6239f0"
    address: "localhost:13954"
  }
  peers {
    id: "3deaabcd-f5f1-47ac-8cd4-644b2fe93232"
    address: "localhost:13944"
  }
}
 from snapshot
2021-10-16 02:30:38,220 [grpc-default-executor-1] INFO  server.RaftServer$Division (ServerState.java:setRaftConf(387)) - cc44bade-b222-412b-91cb-7451c55d5287@group-FCCD761457F8: set configuration 5: [8377993e-4b96-4dd4-a005-414dac6239f0|rpc:localhost:13954|admin:|client:|dataStream:|priority:0, 3deaabcd-f5f1-47ac-8cd4-644b2fe93232|rpc:localhost:13944|admin:|client:|dataStream:|priority:0], old=null
2021-10-16 02:30:38,220 [grpc-default-executor-1] INFO  server.RaftServer$Division (RaftServerImpl.java:installSnapshot(1340)) - cc44bade-b222-412b-91cb-7451c55d5287@group-FCCD761457F8: reply installSnapshot: 3deaabcd-f5f1-47ac-8cd4-644b2fe93232<-cc44bade-b222-412b-91cb-7451c55d5287#0:FAIL-t2,IN_PROGRESS
2021-10-16 02:30:38,221 [grpc-default-executor-2] INFO  server.GrpcLogAppender (GrpcLogAppender.java:onNext(400)) - 3deaabcd-f5f1-47ac-8cd4-644b2fe93232@group-FCCD761457F8->cc44bade-b222-412b-91cb-7451c55d5287-InstallSnapshotResponseHandler: received a reply 3deaabcd-f5f1-47ac-8cd4-644b2fe93232<-cc44bade-b222-412b-91cb-7451c55d5287#0:FAIL-t2,IN_PROGRESS
2021-10-16 02:30:38,221 [grpc-default-executor-2] INFO  server.GrpcLogAppender (GrpcLogAppender.java:onNext(417)) - 3deaabcd-f5f1-47ac-8cd4-644b2fe93232@group-FCCD761457F8->cc44bade-b222-412b-91cb-7451c55d5287-InstallSnapshotResponseHandler: InstallSnapshot in progress.
2021-10-16 02:30:38,221 [grpc-default-executor-1] INFO  server.GrpcServerProtocolService (GrpcServerProtocolService.java:onCompleted(140)) - cc44bade-b222-412b-91cb-7451c55d5287: Completed INSTALL_SNAPSHOT, lastRequest: 3deaabcd-f5f1-47ac-8cd4-644b2fe93232->cc44bade-b222-412b-91cb-7451c55d5287#0-t2,notify:(t:2, i:1)
2021-10-16 02:30:38,229 [3deaabcd-f5f1-47ac-8cd4-644b2fe93232@group-FCCD761457F8->cc44bade-b222-412b-91cb-7451c55d5287-GrpcLogAppender-LogAppenderDaemon] INFO  server.GrpcLogAppender (GrpcLogAppender.java:installSnapshot(524)) - 3deaabcd-f5f1-47ac-8cd4-644b2fe93232@group-FCCD761457F8->cc44bade-b222-412b-91cb-7451c55d5287-GrpcLogAppender: followerNextIndex = 0 but logStartIndex = 1, notify follower to install snapshot-(t:2, i:1)
2021-10-16 02:30:38,229 [3deaabcd-f5f1-47ac-8cd4-644b2fe93232@group-FCCD761457F8->cc44bade-b222-412b-91cb-7451c55d5287-GrpcLogAppender-LogAppenderDaemon] INFO  server.GrpcLogAppender (GrpcLogAppender.java:installSnapshot(532)) - 3deaabcd-f5f1-47ac-8cd4-644b2fe93232@group-FCCD761457F8->cc44bade-b222-412b-91cb-7451c55d5287-GrpcLogAppender: send 3deaabcd-f5f1-47ac-8cd4-644b2fe93232->cc44bade-b222-412b-91cb-7451c55d5287#0-t2,notify:(t:2, i:1)
2021-10-16 02:30:38,230 [grpc-default-executor-2] INFO  server.RaftServer$Division (RaftServerImpl.java:checkInconsistentAppendEntries(1293)) - cc44bade-b222-412b-91cb-7451c55d5287@group-FCCD761457F8: Failed appendEntries as snapshot ((t:2, i:1)) installation is in progress
2021-10-16 02:30:38,230 [grpc-default-executor-2] INFO  server.RaftServer$Division (RaftServerImpl.java:checkInconsistentAppendEntries(1285)) - cc44bade-b222-412b-91cb-7451c55d5287@group-FCCD761457F8: inconsistency entries. Reply:3deaabcd-f5f1-47ac-8cd4-644b2fe93232<-cc44bade-b222-412b-91cb-7451c55d5287#9:FAIL-t2,INCONSISTENCY,nextIndex=0,followerCommit=-1
2021-10-16 02:30:38,231 [grpc-default-executor-1] INFO  server.RaftServer$Division (RaftServerImpl.java:installSnapshot(1329)) - cc44bade-b222-412b-91cb-7451c55d5287@group-FCCD761457F8: receive installSnapshot: 3deaabcd-f5f1-47ac-8cd4-644b2fe93232->cc44bade-b222-412b-91cb-7451c55d5287#0-t2,notify:(t:2, i:1)
2021-10-16 02:30:38,232 [grpc-default-executor-1] INFO  server.RaftServer$Division (RaftServerImpl.java:notifyStateMachineToInstallSnapshot(1611)) - cc44bade-b222-412b-91cb-7451c55d5287@group-FCCD761457F8: Snapshot Installation by StateMachine is in progress.
2021-10-16 02:30:38,232 [grpc-default-executor-1] INFO  server.RaftServer$Division (RaftServerImpl.java:installSnapshotImpl(1459)) - cc44bade-b222-412b-91cb-7451c55d5287@group-FCCD761457F8: set new configuration index: 5
configurationEntry {
  peers {
    id: "8377993e-4b96-4dd4-a005-414dac6239f0"
    address: "localhost:13954"
  }
  peers {
    id: "3deaabcd-f5f1-47ac-8cd4-644b2fe93232"
    address: "localhost:13944"
  }
}
 from snapshot
2021-10-16 02:30:38,232 [grpc-default-executor-1] INFO  server.RaftServer$Division (ServerState.java:setRaftConf(387)) - cc44bade-b222-412b-91cb-7451c55d5287@group-FCCD761457F8: set configuration 5: [8377993e-4b96-4dd4-a005-414dac6239f0|rpc:localhost:13954|admin:|client:|dataStream:|priority:0, 3deaabcd-f5f1-47ac-8cd4-644b2fe93232|rpc:localhost:13944|admin:|client:|dataStream:|priority:0], old=null
2021-10-16 02:30:38,232 [grpc-default-executor-1] INFO  server.RaftServer$Division (RaftServerImpl.java:installSnapshot(1340)) - cc44bade-b222-412b-91cb-7451c55d5287@group-FCCD761457F8: reply installSnapshot: 3deaabcd-f5f1-47ac-8cd4-644b2fe93232<-cc44bade-b222-412b-91cb-7451c55d5287#0:FAIL-t2,IN_PROGRESS
2021-10-16 02:30:38,233 [grpc-default-executor-1] INFO  server.GrpcServerProtocolService (GrpcServerProtocolService.java:onCompleted(140)) - cc44bade-b222-412b-91cb-7451c55d5287: Completed INSTALL_SNAPSHOT, lastRequest: 3deaabcd-f5f1-47ac-8cd4-644b2fe93232->cc44bade-b222-412b-91cb-7451c55d5287#0-t2,notify:(t:2, i:1)
2021-10-16 02:30:38,235 [pool-229-thread-1] INFO  ha.SCMSnapshotProvider (SCMSnapshotProvider.java:getSCMDBSnapshot(131)) - Successfully downloaded latest checkpoint from leader SCM: scmNode-1 path /home/runner/work/ozone/ozone/hadoop-ozone/integration-test/target/test-dir/MiniOzoneClusterImpl-4eb377f1-b672-4075-9178-fccd761457f8/scmNode-3/snapshot/scm.db-scmNode-1-1634351438069
2021-10-16 02:30:38,235 [pool-229-thread-1] INFO  ha.SCMHAManagerImpl (SCMHAManagerImpl.java:downloadCheckpointFromLeader(158)) - Downloaded checkpoint from Leader scmNode-1 to the location /home/runner/work/ozone/ozone/hadoop-ozone/integration-test/target/test-dir/MiniOzoneClusterImpl-4eb377f1-b672-4075-9178-fccd761457f8/scmNode-3/snapshot/scm.db-scmNode-1-1634351438069
2021-10-16 02:30:38,248 [grpc-default-executor-1] INFO  leader.FollowerInfo (FollowerInfoImpl.java:lambda$new$0(46)) - 3deaabcd-f5f1-47ac-8cd4-644b2fe93232@group-FCCD761457F8->cc44bade-b222-412b-91cb-7451c55d5287: nextIndex: updateUnconditionally 0 -> 0
2021-10-16 02:30:38,249 [grpc-default-executor-1] INFO  server.GrpcLogAppender (GrpcLogAppender.java:onNext(400)) - 3deaabcd-f5f1-47ac-8cd4-644b2fe93232@group-FCCD761457F8->cc44bade-b222-412b-91cb-7451c55d5287-InstallSnapshotResponseHandler: received a reply 3deaabcd-f5f1-47ac-8cd4-644b2fe93232<-cc44bade-b222-412b-91cb-7451c55d5287#0:FAIL-t2,IN_PROGRESS
2021-10-16 02:30:38,249 [grpc-default-executor-1] INFO  server.GrpcLogAppender (GrpcLogAppender.java:onNext(417)) - 3deaabcd-f5f1-47ac-8cd4-644b2fe93232@group-FCCD761457F8->cc44bade-b222-412b-91cb-7451c55d5287-InstallSnapshotResponseHandler: InstallSnapshot in progress.
2021-10-16 02:30:38,252 [3deaabcd-f5f1-47ac-8cd4-644b2fe93232@group-FCCD761457F8->cc44bade-b222-412b-91cb-7451c55d5287-GrpcLogAppender-LogAppenderDaemon] INFO  server.GrpcLogAppender (GrpcLogAppender.java:installSnapshot(524)) - 3deaabcd-f5f1-47ac-8cd4-644b2fe93232@group-FCCD761457F8->cc44bade-b222-412b-91cb-7451c55d5287-GrpcLogAppender: followerNextIndex = 0 but logStartIndex = 1, notify follower to install snapshot-(t:2, i:1)
2021-10-16 02:30:38,252 [3deaabcd-f5f1-47ac-8cd4-644b2fe93232@group-FCCD761457F8->cc44bade-b222-412b-91cb-7451c55d5287-GrpcLogAppender-LogAppenderDaemon] INFO  server.GrpcLogAppender (GrpcLogAppender.java:installSnapshot(532)) - 3deaabcd-f5f1-47ac-8cd4-644b2fe93232@group-FCCD761457F8->cc44bade-b222-412b-91cb-7451c55d5287-GrpcLogAppender: send 3deaabcd-f5f1-47ac-8cd4-644b2fe93232->cc44bade-b222-412b-91cb-7451c55d5287#0-t2,notify:(t:2, i:1)
2021-10-16 02:30:38,253 [grpc-default-executor-2] INFO  server.RaftServer$Division (RaftServerImpl.java:checkInconsistentAppendEntries(1293)) - cc44bade-b222-412b-91cb-7451c55d5287@group-FCCD761457F8: Failed appendEntries as snapshot ((t:2, i:1)) installation is in progress
2021-10-16 02:30:38,253 [grpc-default-executor-2] INFO  server.RaftServer$Division (RaftServerImpl.java:checkInconsistentAppendEntries(1285)) - cc44bade-b222-412b-91cb-7451c55d5287@group-FCCD761457F8: inconsistency entries. Reply:3deaabcd-f5f1-47ac-8cd4-644b2fe93232<-cc44bade-b222-412b-91cb-7451c55d5287#10:FAIL-t2,INCONSISTENCY,nextIndex=0,followerCommit=-1
2021-10-16 02:30:38,254 [grpc-default-executor-1] INFO  leader.FollowerInfo (FollowerInfoImpl.java:lambda$new$0(46)) - 3deaabcd-f5f1-47ac-8cd4-644b2fe93232@group-FCCD761457F8->cc44bade-b222-412b-91cb-7451c55d5287: nextIndex: updateUnconditionally 0 -> 0
2021-10-16 02:30:38,255 [grpc-default-executor-2] INFO  server.RaftServer$Division (RaftServerImpl.java:installSnapshot(1329)) - cc44bade-b222-412b-91cb-7451c55d5287@group-FCCD761457F8: receive installSnapshot: 3deaabcd-f5f1-47ac-8cd4-644b2fe93232->cc44bade-b222-412b-91cb-7451c55d5287#0-t2,notify:(t:2, i:1)
2021-10-16 02:30:38,255 [grpc-default-executor-2] INFO  server.RaftServer$Division (RaftServerImpl.java:notifyStateMachineToInstallSnapshot(1611)) - cc44bade-b222-412b-91cb-7451c55d5287@group-FCCD761457F8: Snapshot Installation by StateMachine is in progress.
2021-10-16 02:30:38,255 [grpc-default-executor-2] INFO  server.RaftServer$Division (RaftServerImpl.java:installSnapshotImpl(1459)) - cc44bade-b222-412b-91cb-7451c55d5287@group-FCCD761457F8: set new configuration index: 5
configurationEntry {
  peers {
    id: "8377993e-4b96-4dd4-a005-414dac6239f0"
    address: "localhost:13954"
  }
  peers {
    id: "3deaabcd-f5f1-47ac-8cd4-644b2fe93232"
    address: "localhost:13944"
  }
}
 from snapshot
2021-10-16 02:30:38,255 [grpc-default-executor-2] INFO  server.RaftServer$Division (ServerState.java:setRaftConf(387)) - cc44bade-b222-412b-91cb-7451c55d5287@group-FCCD761457F8: set configuration 5: [8377993e-4b96-4dd4-a005-414dac6239f0|rpc:localhost:13954|admin:|client:|dataStream:|priority:0, 3deaabcd-f5f1-47ac-8cd4-644b2fe93232|rpc:localhost:13944|admin:|client:|dataStream:|priority:0], old=null
2021-10-16 02:30:38,256 [grpc-default-executor-2] INFO  server.RaftServer$Division (RaftServerImpl.java:installSnapshot(1340)) - cc44bade-b222-412b-91cb-7451c55d5287@group-FCCD761457F8: reply installSnapshot: 3deaabcd-f5f1-47ac-8cd4-644b2fe93232<-cc44bade-b222-412b-91cb-7451c55d5287#0:FAIL-t2,IN_PROGRESS
2021-10-16 02:30:38,256 [grpc-default-executor-2] INFO  server.GrpcServerProtocolService (GrpcServerProtocolService.java:onCompleted(140)) - cc44bade-b222-412b-91cb-7451c55d5287: Completed INSTALL_SNAPSHOT, lastRequest: 3deaabcd-f5f1-47ac-8cd4-644b2fe93232->cc44bade-b222-412b-91cb-7451c55d5287#0-t2,notify:(t:2, i:1)
2021-10-16 02:30:38,257 [grpc-default-executor-1] INFO  server.GrpcLogAppender (GrpcLogAppender.java:onNext(400)) - 3deaabcd-f5f1-47ac-8cd4-644b2fe93232@group-FCCD761457F8->cc44bade-b222-412b-91cb-7451c55d5287-InstallSnapshotResponseHandler: received a reply 3deaabcd-f5f1-47ac-8cd4-644b2fe93232<-cc44bade-b222-412b-91cb-7451c55d5287#0:FAIL-t2,IN_PROGRESS
2021-10-16 02:30:38,257 [grpc-default-executor-1] INFO  server.GrpcLogAppender (GrpcLogAppender.java:onNext(417)) - 3deaabcd-f5f1-47ac-8cd4-644b2fe93232@group-FCCD761457F8->cc44bade-b222-412b-91cb-7451c55d5287-InstallSnapshotResponseHandler: InstallSnapshot in progress.
2021-10-16 02:30:38,258 [3deaabcd-f5f1-47ac-8cd4-644b2fe93232@group-FCCD761457F8->cc44bade-b222-412b-91cb-7451c55d5287-GrpcLogAppender-LogAppenderDaemon] INFO  server.GrpcLogAppender (GrpcLogAppender.java:installSnapshot(524)) - 3deaabcd-f5f1-47ac-8cd4-644b2fe93232@group-FCCD761457F8->cc44bade-b222-412b-91cb-7451c55d5287-GrpcLogAppender: followerNextIndex = 0 but logStartIndex = 1, notify follower to install snapshot-(t:2, i:1)
2021-10-16 02:30:38,258 [3deaabcd-f5f1-47ac-8cd4-644b2fe93232@group-FCCD761457F8->cc44bade-b222-412b-91cb-7451c55d5287-GrpcLogAppender-LogAppenderDaemon] INFO  server.GrpcLogAppender (GrpcLogAppender.java:installSnapshot(532)) - 3deaabcd-f5f1-47ac-8cd4-644b2fe93232@group-FCCD761457F8->cc44bade-b222-412b-91cb-7451c55d5287-GrpcLogAppender: send 3deaabcd-f5f1-47ac-8cd4-644b2fe93232->cc44bade-b222-412b-91cb-7451c55d5287#0-t2,notify:(t:2, i:1)
2021-10-16 02:30:38,262 [grpc-default-executor-1] INFO  server.RaftServer$Division (RaftServerImpl.java:installSnapshot(1329)) - cc44bade-b222-412b-91cb-7451c55d5287@group-FCCD761457F8: receive installSnapshot: 3deaabcd-f5f1-47ac-8cd4-644b2fe93232->cc44bade-b222-412b-91cb-7451c55d5287#0-t2,notify:(t:2, i:1)
2021-10-16 02:30:38,262 [grpc-default-executor-1] INFO  server.RaftServer$Division (RaftServerImpl.java:notifyStateMachineToInstallSnapshot(1611)) - cc44bade-b222-412b-91cb-7451c55d5287@group-FCCD761457F8: Snapshot Installation by StateMachine is in progress.
2021-10-16 02:30:38,262 [grpc-default-executor-1] INFO  server.RaftServer$Division (RaftServerImpl.java:installSnapshotImpl(1459)) - cc44bade-b222-412b-91cb-7451c55d5287@group-FCCD761457F8: set new configuration index: 5
configurationEntry {
  peers {
    id: "8377993e-4b96-4dd4-a005-414dac6239f0"
    address: "localhost:13954"
  }
  peers {
    id: "3deaabcd-f5f1-47ac-8cd4-644b2fe93232"
    address: "localhost:13944"
  }
}
 from snapshot
2021-10-16 02:30:38,262 [grpc-default-executor-1] INFO  server.RaftServer$Division (ServerState.java:setRaftConf(387)) - cc44bade-b222-412b-91cb-7451c55d5287@group-FCCD761457F8: set configuration 5: [8377993e-4b96-4dd4-a005-414dac6239f0|rpc:localhost:13954|admin:|client:|dataStream:|priority:0, 3deaabcd-f5f1-47ac-8cd4-644b2fe93232|rpc:localhost:13944|admin:|client:|dataStream:|priority:0], old=null
2021-10-16 02:30:38,263 [grpc-default-executor-1] INFO  server.RaftServer$Division (RaftServerImpl.java:installSnapshot(1340)) - cc44bade-b222-412b-91cb-7451c55d5287@group-FCCD761457F8: reply installSnapshot: 3deaabcd-f5f1-47ac-8cd4-644b2fe93232<-cc44bade-b222-412b-91cb-7451c55d5287#0:FAIL-t2,IN_PROGRESS
2021-10-16 02:30:38,263 [grpc-default-executor-0] INFO  server.RaftServer$Division (RaftServerImpl.java:checkInconsistentAppendEntries(1293)) - cc44bade-b222-412b-91cb-7451c55d5287@group-FCCD761457F8: Failed appendEntries as snapshot ((t:2, i:1)) installation is in progress
2021-10-16 02:30:38,263 [grpc-default-executor-0] INFO  server.RaftServer$Division (RaftServerImpl.java:checkInconsistentAppendEntries(1285)) - cc44bade-b222-412b-91cb-7451c55d5287@group-FCCD761457F8: inconsistency entries. Reply:3deaabcd-f5f1-47ac-8cd4-644b2fe93232<-cc44bade-b222-412b-91cb-7451c55d5287#11:FAIL-t2,INCONSISTENCY,nextIndex=0,followerCommit=-1
2021-10-16 02:30:38,264 [grpc-default-executor-3] INFO  leader.FollowerInfo (FollowerInfoImpl.java:lambda$new$0(46)) - 3deaabcd-f5f1-47ac-8cd4-644b2fe93232@group-FCCD761457F8->cc44bade-b222-412b-91cb-7451c55d5287: nextIndex: updateUnconditionally 0 -> 0
2021-10-16 02:30:38,264 [grpc-default-executor-1] INFO  server.GrpcServerProtocolService (GrpcServerProtocolService.java:onCompleted(140)) - cc44bade-b222-412b-91cb-7451c55d5287: Completed INSTALL_SNAPSHOT, lastRequest: 3deaabcd-f5f1-47ac-8cd4-644b2fe93232->cc44bade-b222-412b-91cb-7451c55d5287#0-t2,notify:(t:2, i:1)
2021-10-16 02:30:38,265 [grpc-default-executor-0] INFO  server.GrpcLogAppender (GrpcLogAppender.java:onNext(400)) - 3deaabcd-f5f1-47ac-8cd4-644b2fe93232@group-FCCD761457F8->cc44bade-b222-412b-91cb-7451c55d5287-InstallSnapshotResponseHandler: received a reply 3deaabcd-f5f1-47ac-8cd4-644b2fe93232<-cc44bade-b222-412b-91cb-7451c55d5287#0:FAIL-t2,IN_PROGRESS
2021-10-16 02:30:38,265 [grpc-default-executor-0] INFO  server.GrpcLogAppender (GrpcLogAppender.java:onNext(417)) - 3deaabcd-f5f1-47ac-8cd4-644b2fe93232@group-FCCD761457F8->cc44bade-b222-412b-91cb-7451c55d5287-InstallSnapshotResponseHandler: InstallSnapshot in progress.
2021-10-16 02:30:38,273 [3deaabcd-f5f1-47ac-8cd4-644b2fe93232@group-FCCD761457F8->cc44bade-b222-412b-91cb-7451c55d5287-GrpcLogAppender-LogAppenderDaemon] INFO  server.GrpcLogAppender (GrpcLogAppender.java:installSnapshot(524)) - 3deaabcd-f5f1-47ac-8cd4-644b2fe93232@group-FCCD761457F8->cc44bade-b222-412b-91cb-7451c55d5287-GrpcLogAppender: followerNextIndex = 0 but logStartIndex = 1, notify follower to install snapshot-(t:2, i:1)
2021-10-16 02:30:38,273 [3deaabcd-f5f1-47ac-8cd4-644b2fe93232@group-FCCD761457F8->cc44bade-b222-412b-91cb-7451c55d5287-GrpcLogAppender-LogAppenderDaemon] INFO  server.GrpcLogAppender (GrpcLogAppender.java:installSnapshot(532)) - 3deaabcd-f5f1-47ac-8cd4-644b2fe93232@group-FCCD761457F8->cc44bade-b222-412b-91cb-7451c55d5287-GrpcLogAppender: send 3deaabcd-f5f1-47ac-8cd4-644b2fe93232->cc44bade-b222-412b-91cb-7451c55d5287#0-t2,notify:(t:2, i:1)
2021-10-16 02:30:38,274 [grpc-default-executor-0] INFO  server.RaftServer$Division (RaftServerImpl.java:checkInconsistentAppendEntries(1293)) - cc44bade-b222-412b-91cb-7451c55d5287@group-FCCD761457F8: Failed appendEntries as snapshot ((t:2, i:1)) installation is in progress
2021-10-16 02:30:38,274 [grpc-default-executor-0] INFO  server.RaftServer$Division (RaftServerImpl.java:checkInconsistentAppendEntries(1285)) - cc44bade-b222-412b-91cb-7451c55d5287@group-FCCD761457F8: inconsistency entries. Reply:3deaabcd-f5f1-47ac-8cd4-644b2fe93232<-cc44bade-b222-412b-91cb-7451c55d5287#12:FAIL-t2,INCONSISTENCY,nextIndex=0,followerCommit=-1
2021-10-16 02:30:38,275 [grpc-default-executor-2] INFO  server.RaftServer$Division (RaftServerImpl.java:installSnapshot(1329)) - cc44bade-b222-412b-91cb-7451c55d5287@group-FCCD761457F8: receive installSnapshot: 3deaabcd-f5f1-47ac-8cd4-644b2fe93232->cc44bade-b222-412b-91cb-7451c55d5287#0-t2,notify:(t:2, i:1)
2021-10-16 02:30:38,275 [grpc-default-executor-2] INFO  server.RaftServer$Division (RaftServerImpl.java:notifyStateMachineToInstallSnapshot(1611)) - cc44bade-b222-412b-91cb-7451c55d5287@group-FCCD761457F8: Snapshot Installation by StateMachine is in progress.
2021-10-16 02:30:38,275 [grpc-default-executor-2] INFO  server.RaftServer$Division (RaftServerImpl.java:installSnapshotImpl(1459)) - cc44bade-b222-412b-91cb-7451c55d5287@group-FCCD761457F8: set new configuration index: 5
configurationEntry {
  peers {
    id: "8377993e-4b96-4dd4-a005-414dac6239f0"
    address: "localhost:13954"
  }
  peers {
    id: "3deaabcd-f5f1-47ac-8cd4-644b2fe93232"
    address: "localhost:13944"
  }
}
 from snapshot
2021-10-16 02:30:38,275 [grpc-default-executor-2] INFO  server.RaftServer$Division (ServerState.java:setRaftConf(387)) - cc44bade-b222-412b-91cb-7451c55d5287@group-FCCD761457F8: set configuration 5: [8377993e-4b96-4dd4-a005-414dac6239f0|rpc:localhost:13954|admin:|client:|dataStream:|priority:0, 3deaabcd-f5f1-47ac-8cd4-644b2fe93232|rpc:localhost:13944|admin:|client:|dataStream:|priority:0], old=null
2021-10-16 02:30:38,276 [grpc-default-executor-2] INFO  server.RaftServer$Division (RaftServerImpl.java:installSnapshot(1340)) - cc44bade-b222-412b-91cb-7451c55d5287@group-FCCD761457F8: reply installSnapshot: 3deaabcd-f5f1-47ac-8cd4-644b2fe93232<-cc44bade-b222-412b-91cb-7451c55d5287#0:FAIL-t2,IN_PROGRESS
2021-10-16 02:30:38,276 [grpc-default-executor-2] INFO  server.GrpcServerProtocolService (GrpcServerProtocolService.java:onCompleted(140)) - cc44bade-b222-412b-91cb-7451c55d5287: Completed INSTALL_SNAPSHOT, lastRequest: 3deaabcd-f5f1-47ac-8cd4-644b2fe93232->cc44bade-b222-412b-91cb-7451c55d5287#0-t2,notify:(t:2, i:1)
2021-10-16 02:30:38,277 [grpc-default-executor-1] INFO  server.GrpcLogAppender (GrpcLogAppender.java:onNext(400)) - 3deaabcd-f5f1-47ac-8cd4-644b2fe93232@group-FCCD761457F8->cc44bade-b222-412b-91cb-7451c55d5287-InstallSnapshotResponseHandler: received a reply 3deaabcd-f5f1-47ac-8cd4-644b2fe93232<-cc44bade-b222-412b-91cb-7451c55d5287#0:FAIL-t2,IN_PROGRESS
2021-10-16 02:30:38,277 [grpc-default-executor-1] INFO  server.GrpcLogAppender (GrpcLogAppender.java:onNext(417)) - 3deaabcd-f5f1-47ac-8cd4-644b2fe93232@group-FCCD761457F8->cc44bade-b222-412b-91cb-7451c55d5287-InstallSnapshotResponseHandler: InstallSnapshot in progress.
2021-10-16 02:30:38,276 [grpc-default-executor-0] INFO  leader.FollowerInfo (FollowerInfoImpl.java:lambda$new$0(46)) - 3deaabcd-f5f1-47ac-8cd4-644b2fe93232@group-FCCD761457F8->cc44bade-b222-412b-91cb-7451c55d5287: nextIndex: updateUnconditionally 0 -> 0
2021-10-16 02:30:38,293 [3deaabcd-f5f1-47ac-8cd4-644b2fe93232@group-FCCD761457F8->cc44bade-b222-412b-91cb-7451c55d5287-GrpcLogAppender-LogAppenderDaemon] INFO  server.GrpcLogAppender (GrpcLogAppender.java:installSnapshot(524)) - 3deaabcd-f5f1-47ac-8cd4-644b2fe93232@group-FCCD761457F8->cc44bade-b222-412b-91cb-7451c55d5287-GrpcLogAppender: followerNextIndex = 0 but logStartIndex = 1, notify follower to install snapshot-(t:2, i:1)
2021-10-16 02:30:38,293 [3deaabcd-f5f1-47ac-8cd4-644b2fe93232@group-FCCD761457F8->cc44bade-b222-412b-91cb-7451c55d5287-GrpcLogAppender-LogAppenderDaemon] INFO  server.GrpcLogAppender (GrpcLogAppender.java:installSnapshot(532)) - 3deaabcd-f5f1-47ac-8cd4-644b2fe93232@group-FCCD761457F8->cc44bade-b222-412b-91cb-7451c55d5287-GrpcLogAppender: send 3deaabcd-f5f1-47ac-8cd4-644b2fe93232->cc44bade-b222-412b-91cb-7451c55d5287#0-t2,notify:(t:2, i:1)
2021-10-16 02:30:38,295 [grpc-default-executor-1] INFO  server.RaftServer$Division (RaftServerImpl.java:checkInconsistentAppendEntries(1293)) - cc44bade-b222-412b-91cb-7451c55d5287@group-FCCD761457F8: Failed appendEntries as snapshot ((t:2, i:1)) installation is in progress
2021-10-16 02:30:38,295 [grpc-default-executor-1] INFO  server.RaftServer$Division (RaftServerImpl.java:checkInconsistentAppendEntries(1285)) - cc44bade-b222-412b-91cb-7451c55d5287@group-FCCD761457F8: inconsistency entries. Reply:3deaabcd-f5f1-47ac-8cd4-644b2fe93232<-cc44bade-b222-412b-91cb-7451c55d5287#13:FAIL-t2,INCONSISTENCY,nextIndex=0,followerCommit=-1
2021-10-16 02:30:38,295 [grpc-default-executor-0] INFO  server.RaftServer$Division (RaftServerImpl.java:installSnapshot(1329)) - cc44bade-b222-412b-91cb-7451c55d5287@group-FCCD761457F8: receive installSnapshot: 3deaabcd-f5f1-47ac-8cd4-644b2fe93232->cc44bade-b222-412b-91cb-7451c55d5287#0-t2,notify:(t:2, i:1)
2021-10-16 02:30:38,295 [grpc-default-executor-0] INFO  server.RaftServer$Division (RaftServerImpl.java:notifyStateMachineToInstallSnapshot(1611)) - cc44bade-b222-412b-91cb-7451c55d5287@group-FCCD761457F8: Snapshot Installation by StateMachine is in progress.
2021-10-16 02:30:38,296 [grpc-default-executor-0] INFO  server.RaftServer$Division (RaftServerImpl.java:installSnapshotImpl(1459)) - cc44bade-b222-412b-91cb-7451c55d5287@group-FCCD761457F8: set new configuration index: 5
configurationEntry {
  peers {
    id: "8377993e-4b96-4dd4-a005-414dac6239f0"
    address: "localhost:13954"
  }
  peers {
    id: "3deaabcd-f5f1-47ac-8cd4-644b2fe93232"
    address: "localhost:13944"
  }
}
 from snapshot
2021-10-16 02:30:38,296 [grpc-default-executor-0] INFO  server.RaftServer$Division (ServerState.java:setRaftConf(387)) - cc44bade-b222-412b-91cb-7451c55d5287@group-FCCD761457F8: set configuration 5: [8377993e-4b96-4dd4-a005-414dac6239f0|rpc:localhost:13954|admin:|client:|dataStream:|priority:0, 3deaabcd-f5f1-47ac-8cd4-644b2fe93232|rpc:localhost:13944|admin:|client:|dataStream:|priority:0], old=null
2021-10-16 02:30:38,296 [grpc-default-executor-0] INFO  server.RaftServer$Division (RaftServerImpl.java:installSnapshot(1340)) - cc44bade-b222-412b-91cb-7451c55d5287@group-FCCD761457F8: reply installSnapshot: 3deaabcd-f5f1-47ac-8cd4-644b2fe93232<-cc44bade-b222-412b-91cb-7451c55d5287#0:FAIL-t2,IN_PROGRESS
2021-10-16 02:30:38,296 [grpc-default-executor-0] INFO  server.GrpcServerProtocolService (GrpcServerProtocolService.java:onCompleted(140)) - cc44bade-b222-412b-91cb-7451c55d5287: Completed INSTALL_SNAPSHOT, lastRequest: 3deaabcd-f5f1-47ac-8cd4-644b2fe93232->cc44bade-b222-412b-91cb-7451c55d5287#0-t2,notify:(t:2, i:1)
2021-10-16 02:30:38,299 [grpc-default-executor-1] INFO  server.GrpcLogAppender (GrpcLogAppender.java:onNext(400)) - 3deaabcd-f5f1-47ac-8cd4-644b2fe93232@group-FCCD761457F8->cc44bade-b222-412b-91cb-7451c55d5287-InstallSnapshotResponseHandler: received a reply 3deaabcd-f5f1-47ac-8cd4-644b2fe93232<-cc44bade-b222-412b-91cb-7451c55d5287#0:FAIL-t2,IN_PROGRESS
2021-10-16 02:30:38,299 [grpc-default-executor-1] INFO  server.GrpcLogAppender (GrpcLogAppender.java:onNext(417)) - 3deaabcd-f5f1-47ac-8cd4-644b2fe93232@group-FCCD761457F8->cc44bade-b222-412b-91cb-7451c55d5287-InstallSnapshotResponseHandler: InstallSnapshot in progress.
2021-10-16 02:30:38,299 [grpc-default-executor-0] INFO  leader.FollowerInfo (FollowerInfoImpl.java:lambda$new$0(46)) - 3deaabcd-f5f1-47ac-8cd4-644b2fe93232@group-FCCD761457F8->cc44bade-b222-412b-91cb-7451c55d5287: nextIndex: updateUnconditionally 0 -> 0
2021-10-16 02:30:38,301 [3deaabcd-f5f1-47ac-8cd4-644b2fe93232@group-FCCD761457F8->cc44bade-b222-412b-91cb-7451c55d5287-GrpcLogAppender-LogAppenderDaemon] INFO  server.GrpcLogAppender (GrpcLogAppender.java:installSnapshot(524)) - 3deaabcd-f5f1-47ac-8cd4-644b2fe93232@group-FCCD761457F8->cc44bade-b222-412b-91cb-7451c55d5287-GrpcLogAppender: followerNextIndex = 0 but logStartIndex = 1, notify follower to install snapshot-(t:2, i:1)
2021-10-16 02:30:38,301 [3deaabcd-f5f1-47ac-8cd4-644b2fe93232@group-FCCD761457F8->cc44bade-b222-412b-91cb-7451c55d5287-GrpcLogAppender-LogAppenderDaemon] INFO  server.GrpcLogAppender (GrpcLogAppender.java:installSnapshot(532)) - 3deaabcd-f5f1-47ac-8cd4-644b2fe93232@group-FCCD761457F8->cc44bade-b222-412b-91cb-7451c55d5287-GrpcLogAppender: send 3deaabcd-f5f1-47ac-8cd4-644b2fe93232->cc44bade-b222-412b-91cb-7451c55d5287#0-t2,notify:(t:2, i:1)
2021-10-16 02:30:38,303 [grpc-default-executor-0] INFO  server.RaftServer$Division (RaftServerImpl.java:checkInconsistentAppendEntries(1293)) - cc44bade-b222-412b-91cb-7451c55d5287@group-FCCD761457F8: Failed appendEntries as snapshot ((t:2, i:1)) installation is in progress
2021-10-16 02:30:38,303 [grpc-default-executor-0] INFO  server.RaftServer$Division (RaftServerImpl.java:checkInconsistentAppendEntries(1285)) - cc44bade-b222-412b-91cb-7451c55d5287@group-FCCD761457F8: inconsistency entries. Reply:3deaabcd-f5f1-47ac-8cd4-644b2fe93232<-cc44bade-b222-412b-91cb-7451c55d5287#14:FAIL-t2,INCONSISTENCY,nextIndex=0,followerCommit=-1
2021-10-16 02:30:38,304 [grpc-default-executor-0] INFO  server.RaftServer$Division (RaftServerImpl.java:installSnapshot(1329)) - cc44bade-b222-412b-91cb-7451c55d5287@group-FCCD761457F8: receive installSnapshot: 3deaabcd-f5f1-47ac-8cd4-644b2fe93232->cc44bade-b222-412b-91cb-7451c55d5287#0-t2,notify:(t:2, i:1)
2021-10-16 02:30:38,304 [grpc-default-executor-0] INFO  server.RaftServer$Division (RaftServerImpl.java:notifyStateMachineToInstallSnapshot(1611)) - cc44bade-b222-412b-91cb-7451c55d5287@group-FCCD761457F8: Snapshot Installation by StateMachine is in progress.
2021-10-16 02:30:38,305 [grpc-default-executor-0] INFO  server.RaftServer$Division (RaftServerImpl.java:installSnapshotImpl(1459)) - cc44bade-b222-412b-91cb-7451c55d5287@group-FCCD761457F8: set new configuration index: 5
configurationEntry {
  peers {
    id: "8377993e-4b96-4dd4-a005-414dac6239f0"
    address: "localhost:13954"
  }
  peers {
    id: "3deaabcd-f5f1-47ac-8cd4-644b2fe93232"
    address: "localhost:13944"
  }
}
 from snapshot
2021-10-16 02:30:38,305 [grpc-default-executor-0] INFO  server.RaftServer$Division (ServerState.java:setRaftConf(387)) - cc44bade-b222-412b-91cb-7451c55d5287@group-FCCD761457F8: set configuration 5: [8377993e-4b96-4dd4-a005-414dac6239f0|rpc:localhost:13954|admin:|client:|dataStream:|priority:0, 3deaabcd-f5f1-47ac-8cd4-644b2fe93232|rpc:localhost:13944|admin:|client:|dataStream:|priority:0], old=null
2021-10-16 02:30:38,305 [grpc-default-executor-0] INFO  server.RaftServer$Division (RaftServerImpl.java:installSnapshot(1340)) - cc44bade-b222-412b-91cb-7451c55d5287@group-FCCD761457F8: reply installSnapshot: 3deaabcd-f5f1-47ac-8cd4-644b2fe93232<-cc44bade-b222-412b-91cb-7451c55d5287#0:FAIL-t2,IN_PROGRESS
2021-10-16 02:30:38,305 [grpc-default-executor-0] INFO  server.GrpcServerProtocolService (GrpcServerProtocolService.java:onCompleted(140)) - cc44bade-b222-412b-91cb-7451c55d5287: Completed INSTALL_SNAPSHOT, lastRequest: 3deaabcd-f5f1-47ac-8cd4-644b2fe93232->cc44bade-b222-412b-91cb-7451c55d5287#0-t2,notify:(t:2, i:1)
2021-10-16 02:30:38,307 [grpc-default-executor-1] INFO  server.GrpcLogAppender (GrpcLogAppender.java:onNext(400)) - 3deaabcd-f5f1-47ac-8cd4-644b2fe93232@group-FCCD761457F8->cc44bade-b222-412b-91cb-7451c55d5287-InstallSnapshotResponseHandler: received a reply 3deaabcd-f5f1-47ac-8cd4-644b2fe93232<-cc44bade-b222-412b-91cb-7451c55d5287#0:FAIL-t2,IN_PROGRESS
2021-10-16 02:30:38,307 [grpc-default-executor-1] INFO  server.GrpcLogAppender (GrpcLogAppender.java:onNext(417)) - 3deaabcd-f5f1-47ac-8cd4-644b2fe93232@group-FCCD761457F8->cc44bade-b222-412b-91cb-7451c55d5287-InstallSnapshotResponseHandler: InstallSnapshot in progress.
2021-10-16 02:30:38,310 [grpc-default-executor-0] INFO  leader.FollowerInfo (FollowerInfoImpl.java:lambda$new$0(46)) - 3deaabcd-f5f1-47ac-8cd4-644b2fe93232@group-FCCD761457F8->cc44bade-b222-412b-91cb-7451c55d5287: nextIndex: updateUnconditionally 0 -> 0
2021-10-16 02:30:38,316 [3deaabcd-f5f1-47ac-8cd4-644b2fe93232@group-FCCD761457F8->cc44bade-b222-412b-91cb-7451c55d5287-GrpcLogAppender-LogAppenderDaemon] INFO  server.GrpcLogAppender (GrpcLogAppender.java:installSnapshot(524)) - 3deaabcd-f5f1-47ac-8cd4-644b2fe93232@group-FCCD761457F8->cc44bade-b222-412b-91cb-7451c55d5287-GrpcLogAppender: followerNextIndex = 0 but logStartIndex = 1, notify follower to install snapshot-(t:2, i:1)
2021-10-16 02:30:38,317 [3deaabcd-f5f1-47ac-8cd4-644b2fe93232@group-FCCD761457F8->cc44bade-b222-412b-91cb-7451c55d5287-GrpcLogAppender-LogAppenderDaemon] INFO  server.GrpcLogAppender (GrpcLogAppender.java:installSnapshot(532)) - 3deaabcd-f5f1-47ac-8cd4-644b2fe93232@group-FCCD761457F8->cc44bade-b222-412b-91cb-7451c55d5287-GrpcLogAppender: send 3deaabcd-f5f1-47ac-8cd4-644b2fe93232->cc44bade-b222-412b-91cb-7451c55d5287#0-t2,notify:(t:2, i:1)
2021-10-16 02:30:38,317 [grpc-default-executor-1] INFO  server.RaftServer$Division (RaftServerImpl.java:checkInconsistentAppendEntries(1293)) - cc44bade-b222-412b-91cb-7451c55d5287@group-FCCD761457F8: Failed appendEntries as snapshot ((t:2, i:1)) installation is in progress
2021-10-16 02:30:38,317 [grpc-default-executor-1] INFO  server.RaftServer$Division (RaftServerImpl.java:checkInconsistentAppendEntries(1285)) - cc44bade-b222-412b-91cb-7451c55d5287@group-FCCD761457F8: inconsistency entries. Reply:3deaabcd-f5f1-47ac-8cd4-644b2fe93232<-cc44bade-b222-412b-91cb-7451c55d5287#15:FAIL-t2,INCONSISTENCY,nextIndex=0,followerCommit=-1
2021-10-16 02:30:38,318 [grpc-default-executor-1] INFO  leader.FollowerInfo (FollowerInfoImpl.java:lambda$new$0(46)) - 3deaabcd-f5f1-47ac-8cd4-644b2fe93232@group-FCCD761457F8->cc44bade-b222-412b-91cb-7451c55d5287: nextIndex: updateUnconditionally 0 -> 0
2021-10-16 02:30:38,319 [grpc-default-executor-2] INFO  server.RaftServer$Division (RaftServerImpl.java:installSnapshot(1329)) - cc44bade-b222-412b-91cb-7451c55d5287@group-FCCD761457F8: receive installSnapshot: 3deaabcd-f5f1-47ac-8cd4-644b2fe93232->cc44bade-b222-412b-91cb-7451c55d5287#0-t2,notify:(t:2, i:1)
2021-10-16 02:30:38,319 [grpc-default-executor-2] INFO  server.RaftServer$Division (RaftServerImpl.java:notifyStateMachineToInstallSnapshot(1611)) - cc44bade-b222-412b-91cb-7451c55d5287@group-FCCD761457F8: Snapshot Installation by StateMachine is in progress.
2021-10-16 02:30:38,320 [grpc-default-executor-2] INFO  server.RaftServer$Division (RaftServerImpl.java:installSnapshotImpl(1459)) - cc44bade-b222-412b-91cb-7451c55d5287@group-FCCD761457F8: set new configuration index: 5
configurationEntry {
  peers {
    id: "8377993e-4b96-4dd4-a005-414dac6239f0"
    address: "localhost:13954"
  }
  peers {
    id: "3deaabcd-f5f1-47ac-8cd4-644b2fe93232"
    address: "localhost:13944"
  }
}
 from snapshot
2021-10-16 02:30:38,320 [grpc-default-executor-2] INFO  server.RaftServer$Division (ServerState.java:setRaftConf(387)) - cc44bade-b222-412b-91cb-7451c55d5287@group-FCCD761457F8: set configuration 5: [8377993e-4b96-4dd4-a005-414dac6239f0|rpc:localhost:13954|admin:|client:|dataStream:|priority:0, 3deaabcd-f5f1-47ac-8cd4-644b2fe93232|rpc:localhost:13944|admin:|client:|dataStream:|priority:0], old=null
2021-10-16 02:30:38,320 [grpc-default-executor-2] INFO  server.RaftServer$Division (RaftServerImpl.java:installSnapshot(1340)) - cc44bade-b222-412b-91cb-7451c55d5287@group-FCCD761457F8: reply installSnapshot: 3deaabcd-f5f1-47ac-8cd4-644b2fe93232<-cc44bade-b222-412b-91cb-7451c55d5287#0:FAIL-t2,IN_PROGRESS
2021-10-16 02:30:38,320 [grpc-default-executor-2] INFO  server.GrpcServerProtocolService (GrpcServerProtocolService.java:onCompleted(140)) - cc44bade-b222-412b-91cb-7451c55d5287: Completed INSTALL_SNAPSHOT, lastRequest: 3deaabcd-f5f1-47ac-8cd4-644b2fe93232->cc44bade-b222-412b-91cb-7451c55d5287#0-t2,notify:(t:2, i:1)
2021-10-16 02:30:38,321 [grpc-default-executor-2] INFO  server.GrpcLogAppender (GrpcLogAppender.java:onNext(400)) - 3deaabcd-f5f1-47ac-8cd4-644b2fe93232@group-FCCD761457F8->cc44bade-b222-412b-91cb-7451c55d5287-InstallSnapshotResponseHandler: received a reply 3deaabcd-f5f1-47ac-8cd4-644b2fe93232<-cc44bade-b222-412b-91cb-7451c55d5287#0:FAIL-t2,IN_PROGRESS
2021-10-16 02:30:38,321 [grpc-default-executor-2] INFO  server.GrpcLogAppender (GrpcLogAppender.java:onNext(417)) - 3deaabcd-f5f1-47ac-8cd4-644b2fe93232@group-FCCD761457F8->cc44bade-b222-412b-91cb-7451c55d5287-InstallSnapshotResponseHandler: InstallSnapshot in progress.
2021-10-16 02:30:38,325 [3deaabcd-f5f1-47ac-8cd4-644b2fe93232@group-FCCD761457F8->cc44bade-b222-412b-91cb-7451c55d5287-GrpcLogAppender-LogAppenderDaemon] INFO  server.GrpcLogAppender (GrpcLogAppender.java:installSnapshot(524)) - 3deaabcd-f5f1-47ac-8cd4-644b2fe93232@group-FCCD761457F8->cc44bade-b222-412b-91cb-7451c55d5287-GrpcLogAppender: followerNextIndex = 0 but logStartIndex = 1, notify follower to install snapshot-(t:2, i:1)
2021-10-16 02:30:38,325 [3deaabcd-f5f1-47ac-8cd4-644b2fe93232@group-FCCD761457F8->cc44bade-b222-412b-91cb-7451c55d5287-GrpcLogAppender-LogAppenderDaemon] INFO  server.GrpcLogAppender (GrpcLogAppender.java:installSnapshot(532)) - 3deaabcd-f5f1-47ac-8cd4-644b2fe93232@group-FCCD761457F8->cc44bade-b222-412b-91cb-7451c55d5287-GrpcLogAppender: send 3deaabcd-f5f1-47ac-8cd4-644b2fe93232->cc44bade-b222-412b-91cb-7451c55d5287#0-t2,notify:(t:2, i:1)
2021-10-16 02:30:38,326 [grpc-default-executor-2] INFO  server.RaftServer$Division (RaftServerImpl.java:checkInconsistentAppendEntries(1293)) - cc44bade-b222-412b-91cb-7451c55d5287@group-FCCD761457F8: Failed appendEntries as snapshot ((t:2, i:1)) installation is in progress
2021-10-16 02:30:38,327 [grpc-default-executor-1] INFO  server.RaftServer$Division (RaftServerImpl.java:installSnapshot(1329)) - cc44bade-b222-412b-91cb-7451c55d5287@group-FCCD761457F8: receive installSnapshot: 3deaabcd-f5f1-47ac-8cd4-644b2fe93232->cc44bade-b222-412b-91cb-7451c55d5287#0-t2,notify:(t:2, i:1)
2021-10-16 02:30:38,329 [grpc-default-executor-2] INFO  server.RaftServer$Division (RaftServerImpl.java:checkInconsistentAppendEntries(1285)) - cc44bade-b222-412b-91cb-7451c55d5287@group-FCCD761457F8: inconsistency entries. Reply:3deaabcd-f5f1-47ac-8cd4-644b2fe93232<-cc44bade-b222-412b-91cb-7451c55d5287#16:FAIL-t2,INCONSISTENCY,nextIndex=0,followerCommit=-1
2021-10-16 02:30:38,330 [grpc-default-executor-1] INFO  server.RaftServer$Division (RaftServerImpl.java:notifyStateMachineToInstallSnapshot(1611)) - cc44bade-b222-412b-91cb-7451c55d5287@group-FCCD761457F8: Snapshot Installation by StateMachine is in progress.
2021-10-16 02:30:38,330 [grpc-default-executor-1] INFO  server.RaftServer$Division (RaftServerImpl.java:installSnapshotImpl(1459)) - cc44bade-b222-412b-91cb-7451c55d5287@group-FCCD761457F8: set new configuration index: 5
configurationEntry {
  peers {
    id: "8377993e-4b96-4dd4-a005-414dac6239f0"
    address: "localhost:13954"
  }
  peers {
    id: "3deaabcd-f5f1-47ac-8cd4-644b2fe93232"
    address: "localhost:13944"
  }
}
 from snapshot
2021-10-16 02:30:38,330 [grpc-default-executor-1] INFO  server.RaftServer$Division (ServerState.java:setRaftConf(387)) - cc44bade-b222-412b-91cb-7451c55d5287@group-FCCD761457F8: set configuration 5: [8377993e-4b96-4dd4-a005-414dac6239f0|rpc:localhost:13954|admin:|client:|dataStream:|priority:0, 3deaabcd-f5f1-47ac-8cd4-644b2fe93232|rpc:localhost:13944|admin:|client:|dataStream:|priority:0], old=null
2021-10-16 02:30:38,330 [grpc-default-executor-1] INFO  server.RaftServer$Division (RaftServerImpl.java:installSnapshot(1340)) - cc44bade-b222-412b-91cb-7451c55d5287@group-FCCD761457F8: reply installSnapshot: 3deaabcd-f5f1-47ac-8cd4-644b2fe93232<-cc44bade-b222-412b-91cb-7451c55d5287#0:FAIL-t2,IN_PROGRESS
2021-10-16 02:30:38,331 [grpc-default-executor-1] INFO  server.GrpcServerProtocolService (GrpcServerProtocolService.java:onCompleted(140)) - cc44bade-b222-412b-91cb-7451c55d5287: Completed INSTALL_SNAPSHOT, lastRequest: 3deaabcd-f5f1-47ac-8cd4-644b2fe93232->cc44bade-b222-412b-91cb-7451c55d5287#0-t2,notify:(t:2, i:1)
2021-10-16 02:30:38,331 [grpc-default-executor-0] INFO  server.GrpcLogAppender (GrpcLogAppender.java:onNext(400)) - 3deaabcd-f5f1-47ac-8cd4-644b2fe93232@group-FCCD761457F8->cc44bade-b222-412b-91cb-7451c55d5287-InstallSnapshotResponseHandler: received a reply 3deaabcd-f5f1-47ac-8cd4-644b2fe93232<-cc44bade-b222-412b-91cb-7451c55d5287#0:FAIL-t2,IN_PROGRESS
2021-10-16 02:30:38,331 [grpc-default-executor-0] INFO  server.GrpcLogAppender (GrpcLogAppender.java:onNext(417)) - 3deaabcd-f5f1-47ac-8cd4-644b2fe93232@group-FCCD761457F8->cc44bade-b222-412b-91cb-7451c55d5287-InstallSnapshotResponseHandler: InstallSnapshot in progress.
2021-10-16 02:30:38,333 [3deaabcd-f5f1-47ac-8cd4-644b2fe93232@group-FCCD761457F8->cc44bade-b222-412b-91cb-7451c55d5287-GrpcLogAppender-LogAppenderDaemon] INFO  server.GrpcLogAppender (GrpcLogAppender.java:installSnapshot(524)) - 3deaabcd-f5f1-47ac-8cd4-644b2fe93232@group-FCCD761457F8->cc44bade-b222-412b-91cb-7451c55d5287-GrpcLogAppender: followerNextIndex = 0 but logStartIndex = 1, notify follower to install snapshot-(t:2, i:1)
2021-10-16 02:30:38,333 [3deaabcd-f5f1-47ac-8cd4-644b2fe93232@group-FCCD761457F8->cc44bade-b222-412b-91cb-7451c55d5287-GrpcLogAppender-LogAppenderDaemon] INFO  server.GrpcLogAppender (GrpcLogAppender.java:installSnapshot(532)) - 3deaabcd-f5f1-47ac-8cd4-644b2fe93232@group-FCCD761457F8->cc44bade-b222-412b-91cb-7451c55d5287-GrpcLogAppender: send 3deaabcd-f5f1-47ac-8cd4-644b2fe93232->cc44bade-b222-412b-91cb-7451c55d5287#0-t2,notify:(t:2, i:1)
2021-10-16 02:30:38,335 [grpc-default-executor-3] INFO  server.RaftServer$Division (RaftServerImpl.java:checkInconsistentAppendEntries(1293)) - cc44bade-b222-412b-91cb-7451c55d5287@group-FCCD761457F8: Failed appendEntries as snapshot ((t:2, i:1)) installation is in progress
2021-10-16 02:30:38,335 [grpc-default-executor-3] INFO  server.RaftServer$Division (RaftServerImpl.java:checkInconsistentAppendEntries(1285)) - cc44bade-b222-412b-91cb-7451c55d5287@group-FCCD761457F8: inconsistency entries. Reply:3deaabcd-f5f1-47ac-8cd4-644b2fe93232<-cc44bade-b222-412b-91cb-7451c55d5287#17:FAIL-t2,INCONSISTENCY,nextIndex=0,followerCommit=-1
2021-10-16 02:30:38,335 [grpc-default-executor-0] INFO  server.RaftServer$Division (RaftServerImpl.java:installSnapshot(1329)) - cc44bade-b222-412b-91cb-7451c55d5287@group-FCCD761457F8: receive installSnapshot: 3deaabcd-f5f1-47ac-8cd4-644b2fe93232->cc44bade-b222-412b-91cb-7451c55d5287#0-t2,notify:(t:2, i:1)
2021-10-16 02:30:38,335 [grpc-default-executor-0] INFO  server.RaftServer$Division (RaftServerImpl.java:notifyStateMachineToInstallSnapshot(1611)) - cc44bade-b222-412b-91cb-7451c55d5287@group-FCCD761457F8: Snapshot Installation by StateMachine is in progress.
2021-10-16 02:30:38,336 [grpc-default-executor-0] INFO  server.RaftServer$Division (RaftServerImpl.java:installSnapshotImpl(1459)) - cc44bade-b222-412b-91cb-7451c55d5287@group-FCCD761457F8: set new configuration index: 5
configurationEntry {
  peers {
    id: "8377993e-4b96-4dd4-a005-414dac6239f0"
    address: "localhost:13954"
  }
  peers {
    id: "3deaabcd-f5f1-47ac-8cd4-644b2fe93232"
    address: "localhost:13944"
  }
}
 from snapshot
2021-10-16 02:30:38,336 [grpc-default-executor-0] INFO  server.RaftServer$Division (ServerState.java:setRaftConf(387)) - cc44bade-b222-412b-91cb-7451c55d5287@group-FCCD761457F8: set configuration 5: [8377993e-4b96-4dd4-a005-414dac6239f0|rpc:localhost:13954|admin:|client:|dataStream:|priority:0, 3deaabcd-f5f1-47ac-8cd4-644b2fe93232|rpc:localhost:13944|admin:|client:|dataStream:|priority:0], old=null
2021-10-16 02:30:38,336 [grpc-default-executor-0] INFO  server.RaftServer$Division (RaftServerImpl.java:installSnapshot(1340)) - cc44bade-b222-412b-91cb-7451c55d5287@group-FCCD761457F8: reply installSnapshot: 3deaabcd-f5f1-47ac-8cd4-644b2fe93232<-cc44bade-b222-412b-91cb-7451c55d5287#0:FAIL-t2,IN_PROGRESS
2021-10-16 02:30:38,336 [grpc-default-executor-0] INFO  server.GrpcServerProtocolService (GrpcServerProtocolService.java:onCompleted(140)) - cc44bade-b222-412b-91cb-7451c55d5287: Completed INSTALL_SNAPSHOT, lastRequest: 3deaabcd-f5f1-47ac-8cd4-644b2fe93232->cc44bade-b222-412b-91cb-7451c55d5287#0-t2,notify:(t:2, i:1)
2021-10-16 02:30:38,337 [grpc-default-executor-3] INFO  server.GrpcLogAppender (GrpcLogAppender.java:onNext(400)) - 3deaabcd-f5f1-47ac-8cd4-644b2fe93232@group-FCCD761457F8->cc44bade-b222-412b-91cb-7451c55d5287-InstallSnapshotResponseHandler: received a reply 3deaabcd-f5f1-47ac-8cd4-644b2fe93232<-cc44bade-b222-412b-91cb-7451c55d5287#0:FAIL-t2,IN_PROGRESS
2021-10-16 02:30:38,337 [grpc-default-executor-3] INFO  server.GrpcLogAppender (GrpcLogAppender.java:onNext(417)) - 3deaabcd-f5f1-47ac-8cd4-644b2fe93232@group-FCCD761457F8->cc44bade-b222-412b-91cb-7451c55d5287-InstallSnapshotResponseHandler: InstallSnapshot in progress.
2021-10-16 02:30:38,337 [grpc-default-executor-2] INFO  leader.FollowerInfo (FollowerInfoImpl.java:lambda$new$0(46)) - 3deaabcd-f5f1-47ac-8cd4-644b2fe93232@group-FCCD761457F8->cc44bade-b222-412b-91cb-7451c55d5287: nextIndex: updateUnconditionally 0 -> 0
2021-10-16 02:30:38,338 [grpc-default-executor-2] INFO  leader.FollowerInfo (FollowerInfoImpl.java:lambda$new$0(46)) - 3deaabcd-f5f1-47ac-8cd4-644b2fe93232@group-FCCD761457F8->cc44bade-b222-412b-91cb-7451c55d5287: nextIndex: updateUnconditionally 0 -> 0
2021-10-16 02:30:38,375 [pool-229-thread-1] INFO  ha.SCMHAManagerImpl (SCMHAManagerImpl.java:verifyCheckpointFromLeader(172)) - Installing checkpoint with SCMTransactionInfo 2#24
2021-10-16 02:30:38,375 [pool-229-thread-1] INFO  server.RaftServer$Division (RaftServerImpl.java:lambda$notifyStateMachineToInstallSnapshot$30(1594)) - cc44bade-b222-412b-91cb-7451c55d5287@group-FCCD761457F8: StateMachine successfully installed snapshot index 24. Reloading the StateMachine.
2021-10-16 02:30:38,375 [pool-229-thread-1] INFO  segmented.SegmentedRaftLogWorker (SegmentedRaftLogWorker.java:lambda$new$0(133)) - cc44bade-b222-412b-91cb-7451c55d5287@group-FCCD761457F8-SegmentedRaftLogWorker: flushIndex: setUnconditionally -1 -> 24
2021-10-16 02:30:38,375 [pool-229-thread-1] INFO  segmented.SegmentedRaftLogWorker (SegmentedRaftLogWorker.java:lambda$new$0(133)) - cc44bade-b222-412b-91cb-7451c55d5287@group-FCCD761457F8-SegmentedRaftLogWorker: safeCacheEvictIndex: setUnconditionally -1 -> 24
2021-10-16 02:30:38,375 [pool-229-thread-1] INFO  raftlog.RaftLog (RaftLogBase.java:lambda$new$0(53)) - cc44bade-b222-412b-91cb-7451c55d5287@group-FCCD761457F8-SegmentedRaftLog: snapshotIndex: updateIncreasingly -1 -> 24
2021-10-16 02:30:38,375 [3deaabcd-f5f1-47ac-8cd4-644b2fe93232@group-FCCD761457F8->cc44bade-b222-412b-91cb-7451c55d5287-GrpcLogAppender-LogAppenderDaemon] INFO  server.GrpcLogAppender (GrpcLogAppender.java:installSnapshot(524)) - 3deaabcd-f5f1-47ac-8cd4-644b2fe93232@group-FCCD761457F8->cc44bade-b222-412b-91cb-7451c55d5287-GrpcLogAppender: followerNextIndex = 0 but logStartIndex = 1, notify follower to install snapshot-(t:2, i:1)
2021-10-16 02:30:38,376 [3deaabcd-f5f1-47ac-8cd4-644b2fe93232@group-FCCD761457F8->cc44bade-b222-412b-91cb-7451c55d5287-GrpcLogAppender-LogAppenderDaemon] INFO  server.GrpcLogAppender (GrpcLogAppender.java:installSnapshot(532)) - 3deaabcd-f5f1-47ac-8cd4-644b2fe93232@group-FCCD761457F8->cc44bade-b222-412b-91cb-7451c55d5287-GrpcLogAppender: send 3deaabcd-f5f1-47ac-8cd4-644b2fe93232->cc44bade-b222-412b-91cb-7451c55d5287#0-t2,notify:(t:2, i:1)
2021-10-16 02:30:38,378 [grpc-default-executor-2] INFO  server.RaftServer$Division (RaftServerImpl.java:installSnapshot(1329)) - cc44bade-b222-412b-91cb-7451c55d5287@group-FCCD761457F8: receive installSnapshot: 3deaabcd-f5f1-47ac-8cd4-644b2fe93232->cc44bade-b222-412b-91cb-7451c55d5287#0-t2,notify:(t:2, i:1)
2021-10-16 02:30:38,378 [grpc-default-executor-2] INFO  server.RaftServer$Division (RaftServerImpl.java:notifyStateMachineToInstallSnapshot(1560)) - cc44bade-b222-412b-91cb-7451c55d5287@group-FCCD761457F8: StateMachine snapshotIndex is 24
2021-10-16 02:30:38,378 [grpc-default-executor-2] INFO  server.RaftServer$Division (RaftServerImpl.java:installSnapshotImpl(1459)) - cc44bade-b222-412b-91cb-7451c55d5287@group-FCCD761457F8: set new configuration index: 5
configurationEntry {
  peers {
    id: "8377993e-4b96-4dd4-a005-414dac6239f0"
    address: "localhost:13954"
  }
  peers {
    id: "3deaabcd-f5f1-47ac-8cd4-644b2fe93232"
    address: "localhost:13944"
  }
}
 from snapshot
2021-10-16 02:30:38,378 [grpc-default-executor-2] INFO  server.RaftServer$Division (ServerState.java:setRaftConf(387)) - cc44bade-b222-412b-91cb-7451c55d5287@group-FCCD761457F8: set configuration 5: [8377993e-4b96-4dd4-a005-414dac6239f0|rpc:localhost:13954|admin:|client:|dataStream:|priority:0, 3deaabcd-f5f1-47ac-8cd4-644b2fe93232|rpc:localhost:13944|admin:|client:|dataStream:|priority:0], old=null
2021-10-16 02:30:38,379 [grpc-default-executor-2] INFO  server.RaftServer$Division (RaftServerImpl.java:installSnapshot(1340)) - cc44bade-b222-412b-91cb-7451c55d5287@group-FCCD761457F8: reply installSnapshot: 3deaabcd-f5f1-47ac-8cd4-644b2fe93232<-cc44bade-b222-412b-91cb-7451c55d5287#0:FAIL-t2,ALREADY_INSTALLED,snapshotIndex=24
2021-10-16 02:30:38,379 [grpc-default-executor-2] INFO  server.GrpcServerProtocolService (GrpcServerProtocolService.java:onCompleted(140)) - cc44bade-b222-412b-91cb-7451c55d5287: Completed INSTALL_SNAPSHOT, lastRequest: 3deaabcd-f5f1-47ac-8cd4-644b2fe93232->cc44bade-b222-412b-91cb-7451c55d5287#0-t2,notify:(t:2, i:1)
2021-10-16 02:30:38,380 [grpc-default-executor-1] INFO  server.GrpcLogAppender (GrpcLogAppender.java:onNext(400)) - 3deaabcd-f5f1-47ac-8cd4-644b2fe93232@group-FCCD761457F8->cc44bade-b222-412b-91cb-7451c55d5287-InstallSnapshotResponseHandler: received a reply 3deaabcd-f5f1-47ac-8cd4-644b2fe93232<-cc44bade-b222-412b-91cb-7451c55d5287#0:FAIL-t2,ALREADY_INSTALLED,snapshotIndex=24
2021-10-16 02:30:38,380 [grpc-default-executor-1] INFO  server.GrpcLogAppender (GrpcLogAppender.java:onNext(422)) - 3deaabcd-f5f1-47ac-8cd4-644b2fe93232@group-FCCD761457F8->cc44bade-b222-412b-91cb-7451c55d5287-InstallSnapshotResponseHandler: Already Installed Snapshot Index 24.
2021-10-16 02:30:38,381 [grpc-default-executor-1] INFO  leader.FollowerInfo (FollowerInfoImpl.java:lambda$new$0(46)) - 3deaabcd-f5f1-47ac-8cd4-644b2fe93232@group-FCCD761457F8->cc44bade-b222-412b-91cb-7451c55d5287: snapshotIndex: setUnconditionally 0 -> 24
2021-10-16 02:30:38,381 [grpc-default-executor-1] INFO  leader.FollowerInfo (FollowerInfoImpl.java:lambda$new$0(46)) - 3deaabcd-f5f1-47ac-8cd4-644b2fe93232@group-FCCD761457F8->cc44bade-b222-412b-91cb-7451c55d5287: matchIndex: setUnconditionally 0 -> 24
2021-10-16 02:30:38,381 [grpc-default-executor-1] INFO  leader.FollowerInfo (FollowerInfoImpl.java:lambda$new$0(46)) - 3deaabcd-f5f1-47ac-8cd4-644b2fe93232@group-FCCD761457F8->cc44bade-b222-412b-91cb-7451c55d5287: nextIndex: setUnconditionally 0 -> 25
2021-10-16 02:30:38,381 [grpc-default-executor-1] INFO  leader.FollowerInfo (FollowerInfoImpl.java:lambda$new$0(46)) - 3deaabcd-f5f1-47ac-8cd4-644b2fe93232@group-FCCD761457F8->cc44bade-b222-412b-91cb-7451c55d5287: nextIndex: updateToMax old=25, new=25, updated? false
2021-10-16 02:30:38,462 [cc44bade-b222-412b-91cb-7451c55d5287@group-FCCD761457F8-StateMachineUpdater] INFO  ha.SCMHAManagerImpl (SCMHAManagerImpl.java:installCheckpoint(227)) - Installing checkpoint with SCMTransactionInfo 2#24
2021-10-16 02:30:38,463 [cc44bade-b222-412b-91cb-7451c55d5287@group-FCCD761457F8-StateMachineUpdater] INFO  ha.SCMHAManagerImpl (SCMHAManagerImpl.java:installCheckpoint(266)) - Replaced DB with checkpoint, term: 2, index: 24
2021-10-16 02:30:38,463 [cc44bade-b222-412b-91cb-7451c55d5287@group-FCCD761457F8-StateMachineUpdater] WARN  utils.HAUtils (HAUtils.java:getMetaDir(342)) - ozone.scm.db.dirs is not configured. We recommend adding this setting. Falling back to ozone.metadata.dirs instead.
2021-10-16 02:30:38,471 [cc44bade-b222-412b-91cb-7451c55d5287@group-FCCD761457F8-StateMachineUpdater] WARN  db.DBStoreBuilder (DBStoreBuilder.java:applyDBDefinition(145)) - ozone.scm.db.dirs is not configured. We recommend adding this setting. Falling back to ozone.metadata.dirs instead.
2021-10-16 02:30:38,543 [cc44bade-b222-412b-91cb-7451c55d5287@group-FCCD761457F8-StateMachineUpdater] INFO  ha.SequenceIdGenerator (SequenceIdGenerator.java:reinitialize(166)) - reinitialize SequenceIdGenerator.
2021-10-16 02:30:38,548 [cc44bade-b222-412b-91cb-7451c55d5287@group-FCCD761457F8-StateMachineUpdater] INFO  ha.SCMHAManagerImpl (SCMHAManagerImpl.java:installCheckpoint(277)) - Reloaded SCM state with Term: 2 and Index: 24
2021-10-16 02:30:38,549 [cc44bade-b222-412b-91cb-7451c55d5287@group-FCCD761457F8-StateMachineUpdater] INFO  impl.StateMachineUpdater (StateMachineUpdater.java:lambda$new$0(89)) - cc44bade-b222-412b-91cb-7451c55d5287@group-FCCD761457F8-StateMachineUpdater: snapshotIndex: setUnconditionally -1 -> 24
2021-10-16 02:30:38,549 [cc44bade-b222-412b-91cb-7451c55d5287@group-FCCD761457F8-StateMachineUpdater] INFO  impl.StateMachineUpdater (StateMachineUpdater.java:lambda$new$0(89)) - cc44bade-b222-412b-91cb-7451c55d5287@group-FCCD761457F8-StateMachineUpdater: appliedIndex: setUnconditionally -1 -> 24
2021-10-16 02:30:38,619 [EndpointStateMachine task thread for /127.0.0.1:12757 - 0 ] INFO  ipc.Client (Client.java:handleConnectionFailure(977)) - Retrying connect to server: localhost/127.0.0.1:12757. Already tried 6 time(s); retry policy is RetryUpToMaximumCountWithFixedSleep(maxRetries=15, sleepTime=1000 MILLISECONDS)
2021-10-16 02:30:38,620 [EndpointStateMachine task thread for /127.0.0.1:12777 - 0 ] INFO  ipc.Client (Client.java:handleConnectionFailure(977)) - Retrying connect to server: localhost/127.0.0.1:12777. Already tried 6 time(s); retry policy is RetryUpToMaximumCountWithFixedSleep(maxRetries=15, sleepTime=1000 MILLISECONDS)
2021-10-16 02:30:38,659 [EndpointStateMachine task thread for /127.0.0.1:12767 - 0 ] INFO  ipc.Client (Client.java:handleConnectionFailure(977)) - Retrying connect to server: localhost/127.0.0.1:12767. Already tried 6 time(s); retry policy is RetryUpToMaximumCountWithFixedSleep(maxRetries=15, sleepTime=1000 MILLISECONDS)
2021-10-16 02:30:39,111 [Datanode State Machine Thread - 0] ERROR datanode.RunningDatanodeState (RunningDatanodeState.java:computeNextContainerState(199)) - Error in executing end point task.
java.util.concurrent.ExecutionException: java.util.concurrent.TimeoutException
	at java.util.concurrent.FutureTask.report(FutureTask.java:122)
	at java.util.concurrent.FutureTask.get(FutureTask.java:192)
	at org.apache.hadoop.ozone.container.common.states.datanode.RunningDatanodeState.computeNextContainerState(RunningDatanodeState.java:191)
	at org.apache.hadoop.ozone.container.common.states.datanode.RunningDatanodeState.await(RunningDatanodeState.java:231)
	at org.apache.hadoop.ozone.container.common.states.datanode.RunningDatanodeState.await(RunningDatanodeState.java:50)
	at org.apache.hadoop.ozone.container.common.statemachine.StateContext.execute(StateContext.java:629)
	at org.apache.hadoop.ozone.container.common.statemachine.DatanodeStateMachine.start(DatanodeStateMachine.java:276)
	at org.apache.hadoop.ozone.container.common.statemachine.DatanodeStateMachine.lambda$startDaemon$0(DatanodeStateMachine.java:464)
	at java.lang.Thread.run(Thread.java:748)
Caused by: java.util.concurrent.TimeoutException
	at java.util.concurrent.FutureTask.get(FutureTask.java:205)
	at org.apache.hadoop.ozone.container.common.states.datanode.RunningDatanodeState.lambda$execute$0(RunningDatanodeState.java:149)
	at java.util.concurrent.FutureTask.run(FutureTask.java:266)
	at java.util.concurrent.Executors$RunnableAdapter.call(Executors.java:511)
	at java.util.concurrent.FutureTask.run(FutureTask.java:266)
	at java.util.concurrent.ThreadPoolExecutor.runWorker(ThreadPoolExecutor.java:1149)
	at java.util.concurrent.ThreadPoolExecutor$Worker.run(ThreadPoolExecutor.java:624)
	... 1 more
2021-10-16 02:30:39,620 [EndpointStateMachine task thread for /127.0.0.1:12757 - 0 ] INFO  ipc.Client (Client.java:handleConnectionFailure(977)) - Retrying connect to server: localhost/127.0.0.1:12757. Already tried 7 time(s); retry policy is RetryUpToMaximumCountWithFixedSleep(maxRetries=15, sleepTime=1000 MILLISECONDS)
2021-10-16 02:30:39,621 [EndpointStateMachine task thread for /127.0.0.1:12777 - 0 ] INFO  ipc.Client (Client.java:handleConnectionFailure(977)) - Retrying connect to server: localhost/127.0.0.1:12777. Already tried 7 time(s); retry policy is RetryUpToMaximumCountWithFixedSleep(maxRetries=15, sleepTime=1000 MILLISECONDS)
2021-10-16 02:30:39,660 [EndpointStateMachine task thread for /127.0.0.1:12767 - 0 ] INFO  ipc.Client (Client.java:handleConnectionFailure(977)) - Retrying connect to server: localhost/127.0.0.1:12767. Already tried 7 time(s); retry policy is RetryUpToMaximumCountWithFixedSleep(maxRetries=15, sleepTime=1000 MILLISECONDS)
2021-10-16 02:30:40,621 [EndpointStateMachine task thread for /127.0.0.1:12757 - 0 ] INFO  ipc.Client (Client.java:handleConnectionFailure(977)) - Retrying connect to server: localhost/127.0.0.1:12757. Already tried 8 time(s); retry policy is RetryUpToMaximumCountWithFixedSleep(maxRetries=15, sleepTime=1000 MILLISECONDS)
2021-10-16 02:30:40,622 [EndpointStateMachine task thread for /127.0.0.1:12777 - 0 ] INFO  ipc.Client (Client.java:handleConnectionFailure(977)) - Retrying connect to server: localhost/127.0.0.1:12777. Already tried 8 time(s); retry policy is RetryUpToMaximumCountWithFixedSleep(maxRetries=15, sleepTime=1000 MILLISECONDS)
2021-10-16 02:30:40,661 [EndpointStateMachine task thread for /127.0.0.1:12767 - 0 ] INFO  ipc.Client (Client.java:handleConnectionFailure(977)) - Retrying connect to server: localhost/127.0.0.1:12767. Already tried 8 time(s); retry policy is RetryUpToMaximumCountWithFixedSleep(maxRetries=15, sleepTime=1000 MILLISECONDS)
2021-10-16 02:30:41,622 [EndpointStateMachine task thread for /127.0.0.1:12757 - 0 ] INFO  ipc.Client (Client.java:handleConnectionFailure(977)) - Retrying connect to server: localhost/127.0.0.1:12757. Already tried 9 time(s); retry policy is RetryUpToMaximumCountWithFixedSleep(maxRetries=15, sleepTime=1000 MILLISECONDS)
2021-10-16 02:30:41,622 [EndpointStateMachine task thread for /127.0.0.1:12777 - 0 ] INFO  ipc.Client (Client.java:handleConnectionFailure(977)) - Retrying connect to server: localhost/127.0.0.1:12777. Already tried 9 time(s); retry policy is RetryUpToMaximumCountWithFixedSleep(maxRetries=15, sleepTime=1000 MILLISECONDS)
2021-10-16 02:30:41,661 [EndpointStateMachine task thread for /127.0.0.1:12767 - 0 ] INFO  ipc.Client (Client.java:handleConnectionFailure(977)) - Retrying connect to server: localhost/127.0.0.1:12767. Already tried 9 time(s); retry policy is RetryUpToMaximumCountWithFixedSleep(maxRetries=15, sleepTime=1000 MILLISECONDS)
2021-10-16 02:30:42,444 [3deaabcd-f5f1-47ac-8cd4-644b2fe93232@group-FCCD761457F8-LeaderStateImpl] INFO  server.RaftServer$Division (ServerState.java:setRaftConf(387)) - 3deaabcd-f5f1-47ac-8cd4-644b2fe93232@group-FCCD761457F8: set configuration 25: [8377993e-4b96-4dd4-a005-414dac6239f0|rpc:localhost:13954|priority:0, 3deaabcd-f5f1-47ac-8cd4-644b2fe93232|rpc:localhost:13944|admin:|client:|dataStream:|priority:0, cc44bade-b222-412b-91cb-7451c55d5287|rpc:localhost:13964|priority:0], old=[8377993e-4b96-4dd4-a005-414dac6239f0|rpc:localhost:13954|priority:0, 3deaabcd-f5f1-47ac-8cd4-644b2fe93232|rpc:localhost:13944|admin:|client:|dataStream:|priority:0]
2021-10-16 02:30:42,446 [grpc-default-executor-1] INFO  server.RaftServer$Division (ServerState.java:setRaftConf(387)) - cc44bade-b222-412b-91cb-7451c55d5287@group-FCCD761457F8: set configuration 25: [8377993e-4b96-4dd4-a005-414dac6239f0|rpc:localhost:13954|admin:|client:|dataStream:|priority:0, 3deaabcd-f5f1-47ac-8cd4-644b2fe93232|rpc:localhost:13944|admin:|client:|dataStream:|priority:0, cc44bade-b222-412b-91cb-7451c55d5287|rpc:localhost:13964|admin:|client:|dataStream:|priority:0], old=[8377993e-4b96-4dd4-a005-414dac6239f0|rpc:localhost:13954|admin:|client:|dataStream:|priority:0, 3deaabcd-f5f1-47ac-8cd4-644b2fe93232|rpc:localhost:13944|admin:|client:|dataStream:|priority:0]
2021-10-16 02:30:42,446 [grpc-default-executor-1] INFO  segmented.SegmentedRaftLogWorker (SegmentedRaftLogWorker.java:startLogSegment(394)) - cc44bade-b222-412b-91cb-7451c55d5287@group-FCCD761457F8-SegmentedRaftLogWorker: Starting segment from index:25
2021-10-16 02:30:42,453 [grpc-default-executor-1] INFO  server.RaftServer$Division (ServerState.java:setRaftConf(387)) - 8377993e-4b96-4dd4-a005-414dac6239f0@group-FCCD761457F8: set configuration 25: [8377993e-4b96-4dd4-a005-414dac6239f0|rpc:localhost:13954|admin:|client:|dataStream:|priority:0, 3deaabcd-f5f1-47ac-8cd4-644b2fe93232|rpc:localhost:13944|admin:|client:|dataStream:|priority:0, cc44bade-b222-412b-91cb-7451c55d5287|rpc:localhost:13964|admin:|client:|dataStream:|priority:0], old=[8377993e-4b96-4dd4-a005-414dac6239f0|rpc:localhost:13954|admin:|client:|dataStream:|priority:0, 3deaabcd-f5f1-47ac-8cd4-644b2fe93232|rpc:localhost:13944|admin:|client:|dataStream:|priority:0]
2021-10-16 02:30:42,454 [cc44bade-b222-412b-91cb-7451c55d5287@group-FCCD761457F8-SegmentedRaftLogWorker] INFO  segmented.SegmentedRaftLogWorker (SegmentedRaftLogWorker.java:execute(601)) - cc44bade-b222-412b-91cb-7451c55d5287@group-FCCD761457F8-SegmentedRaftLogWorker: created new log segment /home/runner/work/ozone/ozone/hadoop-ozone/integration-test/target/test-dir/MiniOzoneClusterImpl-4eb377f1-b672-4075-9178-fccd761457f8/scmNode-3/scm-ha/4eb377f1-b672-4075-9178-fccd761457f8/current/log_inprogress_25
2021-10-16 02:30:42,461 [3deaabcd-f5f1-47ac-8cd4-644b2fe93232@group-FCCD761457F8-LeaderStateImpl] INFO  server.RaftServer$Division (ServerState.java:setRaftConf(387)) - 3deaabcd-f5f1-47ac-8cd4-644b2fe93232@group-FCCD761457F8: set configuration 27: [8377993e-4b96-4dd4-a005-414dac6239f0|rpc:localhost:13954|priority:0, 3deaabcd-f5f1-47ac-8cd4-644b2fe93232|rpc:localhost:13944|admin:|client:|dataStream:|priority:0, cc44bade-b222-412b-91cb-7451c55d5287|rpc:localhost:13964|priority:0], old=null
2021-10-16 02:30:42,462 [3deaabcd-f5f1-47ac-8cd4-644b2fe93232@group-FCCD761457F8-StateMachineUpdater] INFO  ha.SCMStateMachine (SCMStateMachine.java:takeSnapshot(290)) - Current Snapshot Index 25, takeSnapshot took 1 ms
2021-10-16 02:30:42,463 [3deaabcd-f5f1-47ac-8cd4-644b2fe93232@group-FCCD761457F8-StateMachineUpdater] INFO  impl.StateMachineUpdater (StateMachineUpdater.java:takeSnapshot(281)) - 3deaabcd-f5f1-47ac-8cd4-644b2fe93232@group-FCCD761457F8-StateMachineUpdater: Took a snapshot at index 25
2021-10-16 02:30:42,463 [3deaabcd-f5f1-47ac-8cd4-644b2fe93232@group-FCCD761457F8-StateMachineUpdater] INFO  impl.StateMachineUpdater (StateMachineUpdater.java:lambda$new$0(89)) - 3deaabcd-f5f1-47ac-8cd4-644b2fe93232@group-FCCD761457F8-StateMachineUpdater: snapshotIndex: updateIncreasingly 20 -> 25
2021-10-16 02:30:42,463 [3deaabcd-f5f1-47ac-8cd4-644b2fe93232@group-FCCD761457F8-StateMachineUpdater] INFO  raftlog.RaftLog (RaftLogBase.java:purge(306)) - 3deaabcd-f5f1-47ac-8cd4-644b2fe93232@group-FCCD761457F8-SegmentedRaftLog: purge 25
2021-10-16 02:30:42,463 [3deaabcd-f5f1-47ac-8cd4-644b2fe93232@group-FCCD761457F8-StateMachineUpdater] INFO  raftlog.RaftLog (RaftLogBase.java:lambda$new$0(53)) - 3deaabcd-f5f1-47ac-8cd4-644b2fe93232@group-FCCD761457F8-SegmentedRaftLog: snapshotIndex: updateIncreasingly 20 -> 25
2021-10-16 02:30:42,463 [3deaabcd-f5f1-47ac-8cd4-644b2fe93232@group-FCCD761457F8-StateMachineUpdater] INFO  raftlog.RaftLog (RaftLogBase.java:lambda$new$0(53)) - 3deaabcd-f5f1-47ac-8cd4-644b2fe93232@group-FCCD761457F8-SegmentedRaftLog: purgeIndex: updateToMax old=20, new=25, updated? true
2021-10-16 02:30:42,464 [grpc-default-executor-0] INFO  server.RaftServer$Division (ServerState.java:setRaftConf(387)) - cc44bade-b222-412b-91cb-7451c55d5287@group-FCCD761457F8: set configuration 27: [8377993e-4b96-4dd4-a005-414dac6239f0|rpc:localhost:13954|admin:|client:|dataStream:|priority:0, 3deaabcd-f5f1-47ac-8cd4-644b2fe93232|rpc:localhost:13944|admin:|client:|dataStream:|priority:0, cc44bade-b222-412b-91cb-7451c55d5287|rpc:localhost:13964|admin:|client:|dataStream:|priority:0], old=null
2021-10-16 02:30:42,465 [grpc-default-executor-1] INFO  server.RaftServer$Division (ServerState.java:setRaftConf(387)) - 8377993e-4b96-4dd4-a005-414dac6239f0@group-FCCD761457F8: set configuration 27: [8377993e-4b96-4dd4-a005-414dac6239f0|rpc:localhost:13954|admin:|client:|dataStream:|priority:0, 3deaabcd-f5f1-47ac-8cd4-644b2fe93232|rpc:localhost:13944|admin:|client:|dataStream:|priority:0, cc44bade-b222-412b-91cb-7451c55d5287|rpc:localhost:13964|admin:|client:|dataStream:|priority:0], old=null
2021-10-16 02:30:42,472 [IPC Server handler 3 on default port 13946] INFO  ha.SCMRatisServerImpl (SCMRatisServerImpl.java:addSCM(302)) - Successfully added new SCM: cc44bade-b222-412b-91cb-7451c55d5287.
2021-10-16 02:30:42,473 [Listener at 127.0.0.1/13164] INFO  ha.SCMHAManagerImpl (SCMHAManagerImpl.java:start(116)) - Successfully added SCM scmNode-3 to group group-FCCD761457F8:[8377993e-4b96-4dd4-a005-414dac6239f0|rpc:localhost:13954|admin:|client:|dataStream:|priority:0, 3deaabcd-f5f1-47ac-8cd4-644b2fe93232|rpc:localhost:13944|admin:|client:|dataStream:|priority:0, cc44bade-b222-412b-91cb-7451c55d5287|rpc:localhost:13964|admin:|client:|dataStream:|priority:0]
2021-10-16 02:30:42,473 [Listener at 127.0.0.1/13164] INFO  ha.InterSCMGrpcService (InterSCMGrpcProtocolService.java:start(94)) - Starting SCM Grpc Service at port 13968
2021-10-16 02:30:42,474 [Listener at 127.0.0.1/13164] INFO  impl.MetricsSystemImpl (MetricsSystemImpl.java:init(158)) - StorageContainerManager metrics system started (again)
2021-10-16 02:30:42,486 [8377993e-4b96-4dd4-a005-414dac6239f0@group-FCCD761457F8-StateMachineUpdater] INFO  ha.SCMStateMachine (SCMStateMachine.java:takeSnapshot(290)) - Current Snapshot Index 25, takeSnapshot took 0 ms
2021-10-16 02:30:42,486 [8377993e-4b96-4dd4-a005-414dac6239f0@group-FCCD761457F8-StateMachineUpdater] INFO  impl.StateMachineUpdater (StateMachineUpdater.java:takeSnapshot(281)) - 8377993e-4b96-4dd4-a005-414dac6239f0@group-FCCD761457F8-StateMachineUpdater: Took a snapshot at index 25
2021-10-16 02:30:42,486 [8377993e-4b96-4dd4-a005-414dac6239f0@group-FCCD761457F8-StateMachineUpdater] INFO  impl.StateMachineUpdater (StateMachineUpdater.java:lambda$new$0(89)) - 8377993e-4b96-4dd4-a005-414dac6239f0@group-FCCD761457F8-StateMachineUpdater: snapshotIndex: updateIncreasingly 20 -> 25
2021-10-16 02:30:42,486 [8377993e-4b96-4dd4-a005-414dac6239f0@group-FCCD761457F8-StateMachineUpdater] INFO  raftlog.RaftLog (RaftLogBase.java:purge(306)) - 8377993e-4b96-4dd4-a005-414dac6239f0@group-FCCD761457F8-SegmentedRaftLog: purge 25
2021-10-16 02:30:42,486 [8377993e-4b96-4dd4-a005-414dac6239f0@group-FCCD761457F8-StateMachineUpdater] INFO  raftlog.RaftLog (RaftLogBase.java:lambda$new$0(53)) - 8377993e-4b96-4dd4-a005-414dac6239f0@group-FCCD761457F8-SegmentedRaftLog: snapshotIndex: updateIncreasingly 20 -> 25
2021-10-16 02:30:42,487 [8377993e-4b96-4dd4-a005-414dac6239f0@group-FCCD761457F8-StateMachineUpdater] INFO  raftlog.RaftLog (RaftLogBase.java:lambda$new$0(53)) - 8377993e-4b96-4dd4-a005-414dac6239f0@group-FCCD761457F8-SegmentedRaftLog: purgeIndex: updateToMax old=20, new=25, updated? true
2021-10-16 02:30:42,502 [cc44bade-b222-412b-91cb-7451c55d5287@group-FCCD761457F8-StateMachineUpdater] INFO  safemode.HealthyPipelineSafeModeRule (HealthyPipelineSafeModeRule.java:initializeRule(152)) - Refreshed total pipeline count is 1, healthy pipeline threshold count is 1
2021-10-16 02:30:42,503 [cc44bade-b222-412b-91cb-7451c55d5287@group-FCCD761457F8-StateMachineUpdater] INFO  safemode.ContainerSafeModeRule (ContainerSafeModeRule.java:reInitializeRule(177)) - Refreshed one replica container threshold 0, currentThreshold 0
2021-10-16 02:30:42,503 [cc44bade-b222-412b-91cb-7451c55d5287@group-FCCD761457F8-StateMachineUpdater] INFO  safemode.OneReplicaPipelineSafeModeRule (OneReplicaPipelineSafeModeRule.java:initializeRule(176)) - Refreshed Total pipeline count is 1, pipeline's with at least one datanode reported threshold count is 1
2021-10-16 02:30:42,503 [cc44bade-b222-412b-91cb-7451c55d5287@group-FCCD761457F8-StateMachineUpdater] INFO  server.SCMDatanodeProtocolServer (SCMDatanodeProtocolServer.java:start(181)) - RPC server for DataNodes is listening at /0.0.0.0:13965
2021-10-16 02:30:42,517 [IPC Server listener on 13965] INFO  ipc.Server (Server.java:run(1344)) - IPC Server listener on 13965: starting
2021-10-16 02:30:42,535 [Listener at 127.0.0.1/13164] INFO  server.SCMClientProtocolServer (SCMClientProtocolServer.java:start(164)) - RPC server for Client  is listening at /0.0.0.0:13967
2021-10-16 02:30:42,537 [IPC Server Responder] INFO  ipc.Server (Server.java:run(1507)) - IPC Server Responder: starting
2021-10-16 02:30:42,540 [772a6939-f9dd-42bd-8136-52263074270c@group-8FBAFD7CAFAB-FollowerState] INFO  impl.FollowerState (FollowerState.java:run(134)) - 772a6939-f9dd-42bd-8136-52263074270c@group-8FBAFD7CAFAB-FollowerState: change to CANDIDATE, lastRpcElapsedTime:5038280214ns, electionTimeout:5036ms
2021-10-16 02:30:42,540 [772a6939-f9dd-42bd-8136-52263074270c@group-8FBAFD7CAFAB-FollowerState] INFO  impl.RoleInfo (RoleInfo.java:shutdownFollowerState(108)) - 772a6939-f9dd-42bd-8136-52263074270c: shutdown 772a6939-f9dd-42bd-8136-52263074270c@group-8FBAFD7CAFAB-FollowerState
2021-10-16 02:30:42,540 [772a6939-f9dd-42bd-8136-52263074270c@group-8FBAFD7CAFAB-FollowerState] INFO  server.RaftServer$Division (RaftServerImpl.java:setRole(285)) - 772a6939-f9dd-42bd-8136-52263074270c@group-8FBAFD7CAFAB: changes role from  FOLLOWER to CANDIDATE at term 2 for changeToCandidate
2021-10-16 02:30:42,544 [IPC Server listener on 13967] INFO  ipc.Server (Server.java:run(1344)) - IPC Server listener on 13967: starting
2021-10-16 02:30:42,549 [772a6939-f9dd-42bd-8136-52263074270c@group-8FBAFD7CAFAB-FollowerState] INFO  server.RaftServerConfigKeys (ConfUtils.java:logGet(44)) - raft.server.leaderelection.pre-vote = false (custom)
2021-10-16 02:30:42,549 [772a6939-f9dd-42bd-8136-52263074270c@group-8FBAFD7CAFAB-FollowerState] INFO  impl.RoleInfo (RoleInfo.java:updateAndGet(130)) - 772a6939-f9dd-42bd-8136-52263074270c: start 772a6939-f9dd-42bd-8136-52263074270c@group-8FBAFD7CAFAB-LeaderElection24
2021-10-16 02:30:42,554 [IPC Server Responder] INFO  ipc.Server (Server.java:run(1507)) - IPC Server Responder: starting
2021-10-16 02:30:42,560 [772a6939-f9dd-42bd-8136-52263074270c@group-8FBAFD7CAFAB-LeaderElection24] INFO  impl.LeaderElection (LeaderElection.java:askForVotes(306)) - 772a6939-f9dd-42bd-8136-52263074270c@group-8FBAFD7CAFAB-LeaderElection24 ELECTION round 0: submit vote requests at term 3 for -1: [1d141dcf-9f09-421f-a135-50b245bde98a|rpc:127.0.0.1:40089|priority:0, edc74d86-77ab-4f9b-98f8-a274c803e3f6|rpc:127.0.0.1:40253|priority:0, 772a6939-f9dd-42bd-8136-52263074270c|rpc:127.0.0.1:44475|priority:1], old=null
2021-10-16 02:30:42,565 [Listener at 127.0.0.1/13164] INFO  server.StorageContainerManager (StorageContainerManager.java:start(1318)) - ScmBlockLocationProtocol RPC server is listening at /0.0.0.0:13966
2021-10-16 02:30:42,566 [Listener at 127.0.0.1/13164] INFO  server.SCMBlockProtocolServer (SCMBlockProtocolServer.java:start(151)) - RPC server for Block Protocol is listening at /0.0.0.0:13966
2021-10-16 02:30:42,566 [IPC Server Responder] INFO  ipc.Server (Server.java:run(1507)) - IPC Server Responder: starting
2021-10-16 02:30:42,567 [IPC Server listener on 13966] INFO  ipc.Server (Server.java:run(1344)) - IPC Server listener on 13966: starting
2021-10-16 02:30:42,569 [Listener at 127.0.0.1/13164] INFO  server.StorageContainerManager (StorageContainerManager.java:start(1324)) - ScmDatanodeProtocl RPC server is listening at /0.0.0.0:13965
2021-10-16 02:30:42,571 [org.apache.hadoop.util.JvmPauseMonitor$Monitor@7e561665] INFO  util.JvmPauseMonitor (JvmPauseMonitor.java:run(188)) - Starting JVM pause monitor
2021-10-16 02:30:42,571 [Listener at 127.0.0.1/13164] INFO  http.BaseHttpServer (BaseHttpServer.java:newHttpServer2BuilderForOzone(209)) - Starting Web-server for scm at: http://0.0.0.0:13962
2021-10-16 02:30:42,571 [Listener at 127.0.0.1/13164] INFO  http.BaseHttpServer (BaseHttpServer.java:<init>(107)) - Hadoop Security Enabled: false Ozone Security Enabled: false Ozone HTTP Security Enabled: false 
2021-10-16 02:30:42,574 [Listener at 127.0.0.1/13164] INFO  server.AuthenticationFilter (AuthenticationFilter.java:constructSecretProvider(240)) - Unable to initialize FileSignerSecretProvider, falling back to use random secrets.
2021-10-16 02:30:42,576 [IPC Server handler 0 on default port 13965] INFO  ipc.Server (Server.java:run(1026)) - IPC Server handler 0 on default port 13965: skipped Call#208 Retry#0 org.apache.hadoop.ozone.protocol.StorageContainerDatanodeProtocol.submitRequest from 127.0.0.1:48190
2021-10-16 02:30:42,577 [IPC Server handler 1 on default port 13965] INFO  ipc.Server (Server.java:run(1026)) - IPC Server handler 1 on default port 13965: skipped Call#275 Retry#0 org.apache.hadoop.ozone.protocol.StorageContainerDatanodeProtocol.submitRequest from 127.0.0.1:48274
2021-10-16 02:30:42,577 [IPC Server handler 2 on default port 13965] INFO  ipc.Server (Server.java:run(1026)) - IPC Server handler 2 on default port 13965: skipped Call#227 Retry#0 org.apache.hadoop.ozone.protocol.StorageContainerDatanodeProtocol.submitRequest from 127.0.0.1:48228
2021-10-16 02:30:42,577 [IPC Server handler 1 on default port 13965] INFO  ipc.Server (Server.java:run(1026)) - IPC Server handler 1 on default port 13965: skipped Call#314 Retry#0 org.apache.hadoop.ozone.protocol.StorageContainerDatanodeProtocol.submitRequest from 127.0.0.1:48320
2021-10-16 02:30:42,577 [IPC Server handler 3 on default port 13965] INFO  ipc.Server (Server.java:run(1026)) - IPC Server handler 3 on default port 13965: skipped Call#277 Retry#0 org.apache.hadoop.ozone.protocol.StorageContainerDatanodeProtocol.submitRequest from 127.0.0.1:48274
2021-10-16 02:30:42,577 [IPC Server handler 2 on default port 13965] INFO  ipc.Server (Server.java:run(1026)) - IPC Server handler 2 on default port 13965: skipped Call#211 Retry#0 org.apache.hadoop.ozone.protocol.StorageContainerDatanodeProtocol.submitRequest from 127.0.0.1:48190
2021-10-16 02:30:42,578 [IPC Server handler 2 on default port 13965] INFO  ipc.Server (Server.java:run(1026)) - IPC Server handler 2 on default port 13965: skipped Call#312 Retry#0 org.apache.hadoop.ozone.protocol.StorageContainerDatanodeProtocol.submitRequest from 127.0.0.1:48320
2021-10-16 02:30:42,578 [IPC Server handler 2 on default port 13965] INFO  ipc.Server (Server.java:run(1026)) - IPC Server handler 2 on default port 13965: skipped Call#212 Retry#0 org.apache.hadoop.ozone.protocol.StorageContainerDatanodeProtocol.submitRequest from 127.0.0.1:48190
2021-10-16 02:30:42,579 [IPC Server handler 4 on default port 13965] INFO  ipc.Server (Server.java:run(1026)) - IPC Server handler 4 on default port 13965: skipped Call#276 Retry#0 org.apache.hadoop.ozone.protocol.StorageContainerDatanodeProtocol.submitRequest from 127.0.0.1:48274
2021-10-16 02:30:42,579 [IPC Server handler 4 on default port 13965] INFO  ipc.Server (Server.java:run(1026)) - IPC Server handler 4 on default port 13965: skipped Call#229 Retry#0 org.apache.hadoop.ozone.protocol.StorageContainerDatanodeProtocol.submitRequest from 127.0.0.1:48228
2021-10-16 02:30:42,579 [IPC Server handler 4 on default port 13965] INFO  ipc.Server (Server.java:run(1026)) - IPC Server handler 4 on default port 13965: skipped Call#313 Retry#0 org.apache.hadoop.ozone.protocol.StorageContainerDatanodeProtocol.submitRequest from 127.0.0.1:48320
2021-10-16 02:30:42,578 [IPC Server handler 3 on default port 13965] INFO  ipc.Server (Server.java:run(1026)) - IPC Server handler 3 on default port 13965: skipped Call#228 Retry#0 org.apache.hadoop.ozone.protocol.StorageContainerDatanodeProtocol.submitRequest from 127.0.0.1:48228
2021-10-16 02:30:42,597 [Listener at 127.0.0.1/13164] WARN  http.HttpRequestLog (HttpRequestLog.java:getRequestLog(103)) - Jetty request log can only be enabled using Log4j
2021-10-16 02:30:42,600 [Listener at 127.0.0.1/13164] INFO  http.HttpServer2 (HttpServer2.java:addGlobalFilter(1030)) - Added global filter 'safety' (class=org.apache.hadoop.hdds.server.http.HttpServer2$QuotingInputFilter)
2021-10-16 02:30:42,601 [Listener at 127.0.0.1/13164] INFO  http.HttpServer2 (HttpServer2.java:addFilter(1006)) - Added filter static_user_filter (class=org.apache.hadoop.http.lib.StaticUserWebFilter$StaticUserFilter) to context scm
2021-10-16 02:30:42,601 [Listener at 127.0.0.1/13164] INFO  http.HttpServer2 (HttpServer2.java:addFilter(1014)) - Added filter static_user_filter (class=org.apache.hadoop.http.lib.StaticUserWebFilter$StaticUserFilter) to context static
2021-10-16 02:30:42,601 [Listener at 127.0.0.1/13164] INFO  http.HttpServer2 (HttpServer2.java:addFilter(1014)) - Added filter static_user_filter (class=org.apache.hadoop.http.lib.StaticUserWebFilter$StaticUserFilter) to context logs
2021-10-16 02:30:42,602 [Listener at 127.0.0.1/13164] INFO  http.HttpServer2 (HttpServer2.java:bindListener(1249)) - Jetty bound to port 13962
2021-10-16 02:30:42,602 [Listener at 127.0.0.1/13164] INFO  server.Server (Server.java:doStart(375)) - jetty-9.4.43.v20210629; built: 2021-06-30T11:07:22.254Z; git: 526006ecfa3af7f1a27ef3a288e2bef7ea9dd7e8; jvm 1.8.0_292-b10
2021-10-16 02:30:42,604 [Listener at 127.0.0.1/13164] INFO  server.session (DefaultSessionIdManager.java:doStart(334)) - DefaultSessionIdManager workerName=node0
2021-10-16 02:30:42,604 [Listener at 127.0.0.1/13164] INFO  server.session (DefaultSessionIdManager.java:doStart(339)) - No SessionScavenger set, using defaults
2021-10-16 02:30:42,591 [EndpointStateMachine task thread for /127.0.0.1:13965 - 0 ] INFO  ozoneimpl.OzoneContainer (OzoneContainer.java:start(300)) - Ignore. OzoneContainer already started.
2021-10-16 02:30:42,605 [Listener at 127.0.0.1/13164] INFO  server.session (HouseKeeper.java:startScavenging(132)) - node0 Scavenging every 600000ms
2021-10-16 02:30:42,606 [Listener at 127.0.0.1/13164] INFO  handler.ContextHandler (ContextHandler.java:doStart(915)) - Started o.e.j.s.ServletContextHandler@6da05858{logs,/logs,file:///home/runner/work/ozone/ozone/hadoop-ozone/integration-test/target/log,AVAILABLE}
2021-10-16 02:30:42,606 [Listener at 127.0.0.1/13164] INFO  handler.ContextHandler (ContextHandler.java:doStart(915)) - Started o.e.j.s.ServletContextHandler@680477b2{static,/static,file:///home/runner/work/ozone/ozone/hadoop-ozone/integration-test/target/test-classes/webapps/static,AVAILABLE}
2021-10-16 02:30:42,614 [EndpointStateMachine task thread for /127.0.0.1:13965 - 0 ] INFO  ozoneimpl.OzoneContainer (OzoneContainer.java:start(300)) - Ignore. OzoneContainer already started.
2021-10-16 02:30:42,615 [EndpointStateMachine task thread for /127.0.0.1:13965 - 0 ] INFO  ozoneimpl.OzoneContainer (OzoneContainer.java:start(300)) - Ignore. OzoneContainer already started.
2021-10-16 02:30:42,619 [Listener at 127.0.0.1/13164] INFO  handler.ContextHandler (ContextHandler.java:doStart(915)) - Started o.e.j.w.WebAppContext@ba43f59{scm,/,file:///home/runner/work/ozone/ozone/hadoop-ozone/integration-test/target/test-classes/webapps/scm/,AVAILABLE}{file:/home/runner/work/ozone/ozone/hadoop-ozone/integration-test/target/test-classes/webapps/scm}
2021-10-16 02:30:42,623 [EndpointStateMachine task thread for /127.0.0.1:12777 - 0 ] INFO  ipc.Client (Client.java:handleConnectionFailure(977)) - Retrying connect to server: localhost/127.0.0.1:12777. Already tried 10 time(s); retry policy is RetryUpToMaximumCountWithFixedSleep(maxRetries=15, sleepTime=1000 MILLISECONDS)
2021-10-16 02:30:42,624 [Listener at 127.0.0.1/13164] INFO  server.AbstractConnector (AbstractConnector.java:doStart(331)) - Started ServerConnector@1d74b85d{HTTP/1.1, (http/1.1)}{0.0.0.0:13962}
2021-10-16 02:30:42,624 [Listener at 127.0.0.1/13164] INFO  server.Server (Server.java:doStart(415)) - Started @108219ms
2021-10-16 02:30:42,624 [Listener at 127.0.0.1/13164] WARN  impl.MetricsSystemImpl (MetricsSystemImpl.java:register(279)) - Sink prometheus already exists!
2021-10-16 02:30:42,631 [grpc-default-executor-1] INFO  server.RaftServer$Division (RaftServerImpl.java:requestVote(1043)) - 1d141dcf-9f09-421f-a135-50b245bde98a@group-8FBAFD7CAFAB: receive requestVote(ELECTION, 772a6939-f9dd-42bd-8136-52263074270c, group-8FBAFD7CAFAB, 3, (t:0, i:0))
2021-10-16 02:30:42,632 [grpc-default-executor-1] INFO  impl.VoteContext (VoteContext.java:log(48)) - 1d141dcf-9f09-421f-a135-50b245bde98a@group-8FBAFD7CAFAB-FOLLOWER: accept ELECTION from 772a6939-f9dd-42bd-8136-52263074270c: our priority 0 <= candidate's priority 1
2021-10-16 02:30:42,632 [grpc-default-executor-1] INFO  server.RaftServer$Division (RaftServerImpl.java:setRole(285)) - 1d141dcf-9f09-421f-a135-50b245bde98a@group-8FBAFD7CAFAB: changes role from  FOLLOWER to FOLLOWER at term 3 for candidate:772a6939-f9dd-42bd-8136-52263074270c
2021-10-16 02:30:42,632 [grpc-default-executor-1] INFO  impl.RoleInfo (RoleInfo.java:shutdownFollowerState(108)) - 1d141dcf-9f09-421f-a135-50b245bde98a: shutdown 1d141dcf-9f09-421f-a135-50b245bde98a@group-8FBAFD7CAFAB-FollowerState
2021-10-16 02:30:42,632 [grpc-default-executor-1] INFO  impl.RoleInfo (RoleInfo.java:updateAndGet(130)) - 1d141dcf-9f09-421f-a135-50b245bde98a: start 1d141dcf-9f09-421f-a135-50b245bde98a@group-8FBAFD7CAFAB-FollowerState
2021-10-16 02:30:42,632 [1d141dcf-9f09-421f-a135-50b245bde98a@group-8FBAFD7CAFAB-FollowerState] INFO  impl.FollowerState (FollowerState.java:run(143)) - 1d141dcf-9f09-421f-a135-50b245bde98a@group-8FBAFD7CAFAB-FollowerState was interrupted: {}
java.lang.InterruptedException: sleep interrupted
	at java.lang.Thread.sleep(Native Method)
	at java.lang.Thread.sleep(Thread.java:340)
	at java.util.concurrent.TimeUnit.sleep(TimeUnit.java:386)
	at org.apache.ratis.util.TimeDuration.sleep(TimeDuration.java:324)
	at org.apache.ratis.util.TimeDuration.sleep(TimeDuration.java:309)
	at org.apache.ratis.server.impl.FollowerState.run(FollowerState.java:118)
2021-10-16 02:30:42,632 [Listener at 127.0.0.1/13164] INFO  http.BaseHttpServer (BaseHttpServer.java:updateConnectorAddress(329)) - HTTP server of scm listening at http://0.0.0.0:13962
2021-10-16 02:30:42,633 [Listener at 127.0.0.1/13164] INFO  safemode.SCMSafeModeManager (SCMSafeModeManager.java:exitSafeMode(248)) - SCM exiting safe mode.
2021-10-16 02:30:42,633 [Listener at 127.0.0.1/13164] WARN  events.EventQueue (EventQueue.java:fireEvent(194)) - No event handler registered for event TypedEvent{payloadType=SafeModeStatus, name='Safe mode status'}
2021-10-16 02:30:42,633 [Listener at 127.0.0.1/13164] INFO  ha.SCMContext (SCMContext.java:updateSafeModeStatus(205)) - Update SafeModeStatus from SafeModeStatus{safeModeStatus=true, preCheckPassed=false} to SafeModeStatus{safeModeStatus=false, preCheckPassed=true}.
2021-10-16 02:30:42,635 [grpc-default-executor-0] INFO  server.RaftServer$Division (RaftServerImpl.java:requestVote(1043)) - edc74d86-77ab-4f9b-98f8-a274c803e3f6@group-8FBAFD7CAFAB: receive requestVote(ELECTION, 772a6939-f9dd-42bd-8136-52263074270c, group-8FBAFD7CAFAB, 3, (t:0, i:0))
2021-10-16 02:30:42,635 [grpc-default-executor-0] INFO  impl.VoteContext (VoteContext.java:log(48)) - edc74d86-77ab-4f9b-98f8-a274c803e3f6@group-8FBAFD7CAFAB-FOLLOWER: accept ELECTION from 772a6939-f9dd-42bd-8136-52263074270c: our priority 0 <= candidate's priority 1
2021-10-16 02:30:42,635 [grpc-default-executor-0] INFO  server.RaftServer$Division (RaftServerImpl.java:setRole(285)) - edc74d86-77ab-4f9b-98f8-a274c803e3f6@group-8FBAFD7CAFAB: changes role from  FOLLOWER to FOLLOWER at term 3 for candidate:772a6939-f9dd-42bd-8136-52263074270c
2021-10-16 02:30:42,635 [grpc-default-executor-0] INFO  impl.RoleInfo (RoleInfo.java:shutdownFollowerState(108)) - edc74d86-77ab-4f9b-98f8-a274c803e3f6: shutdown edc74d86-77ab-4f9b-98f8-a274c803e3f6@group-8FBAFD7CAFAB-FollowerState
2021-10-16 02:30:42,636 [EndpointStateMachine task thread for /127.0.0.1:12757 - 0 ] INFO  ipc.Client (Client.java:handleConnectionFailure(977)) - Retrying connect to server: localhost/127.0.0.1:12757. Already tried 10 time(s); retry policy is RetryUpToMaximumCountWithFixedSleep(maxRetries=15, sleepTime=1000 MILLISECONDS)
2021-10-16 02:30:42,636 [grpc-default-executor-0] INFO  impl.RoleInfo (RoleInfo.java:updateAndGet(130)) - edc74d86-77ab-4f9b-98f8-a274c803e3f6: start edc74d86-77ab-4f9b-98f8-a274c803e3f6@group-8FBAFD7CAFAB-FollowerState
2021-10-16 02:30:42,636 [edc74d86-77ab-4f9b-98f8-a274c803e3f6@group-8FBAFD7CAFAB-FollowerState] INFO  impl.FollowerState (FollowerState.java:run(143)) - edc74d86-77ab-4f9b-98f8-a274c803e3f6@group-8FBAFD7CAFAB-FollowerState was interrupted: {}
java.lang.InterruptedException: sleep interrupted
	at java.lang.Thread.sleep(Native Method)
	at java.lang.Thread.sleep(Thread.java:340)
	at java.util.concurrent.TimeUnit.sleep(TimeUnit.java:386)
	at org.apache.ratis.util.TimeDuration.sleep(TimeDuration.java:324)
	at org.apache.ratis.util.TimeDuration.sleep(TimeDuration.java:309)
	at org.apache.ratis.server.impl.FollowerState.run(FollowerState.java:118)
2021-10-16 02:30:42,645 [grpc-default-executor-1] INFO  server.RaftServer$Division (RaftServerImpl.java:requestVote(1075)) - 1d141dcf-9f09-421f-a135-50b245bde98a@group-8FBAFD7CAFAB replies to ELECTION vote request: 772a6939-f9dd-42bd-8136-52263074270c<-1d141dcf-9f09-421f-a135-50b245bde98a#0:OK-t3. Peer's state: 1d141dcf-9f09-421f-a135-50b245bde98a@group-8FBAFD7CAFAB:t3, leader=null, voted=772a6939-f9dd-42bd-8136-52263074270c, raftlog=1d141dcf-9f09-421f-a135-50b245bde98a@group-8FBAFD7CAFAB-SegmentedRaftLog:OPENED:c-1,f-1,i0, conf=-1: [1d141dcf-9f09-421f-a135-50b245bde98a|rpc:127.0.0.1:40089|dataStream:|priority:0, edc74d86-77ab-4f9b-98f8-a274c803e3f6|rpc:127.0.0.1:40253|dataStream:|priority:0, 772a6939-f9dd-42bd-8136-52263074270c|rpc:127.0.0.1:44475|dataStream:|priority:1], old=null
2021-10-16 02:30:42,646 [grpc-default-executor-0] INFO  server.RaftServer$Division (RaftServerImpl.java:requestVote(1075)) - edc74d86-77ab-4f9b-98f8-a274c803e3f6@group-8FBAFD7CAFAB replies to ELECTION vote request: 772a6939-f9dd-42bd-8136-52263074270c<-edc74d86-77ab-4f9b-98f8-a274c803e3f6#0:OK-t3. Peer's state: edc74d86-77ab-4f9b-98f8-a274c803e3f6@group-8FBAFD7CAFAB:t3, leader=null, voted=772a6939-f9dd-42bd-8136-52263074270c, raftlog=edc74d86-77ab-4f9b-98f8-a274c803e3f6@group-8FBAFD7CAFAB-SegmentedRaftLog:OPENED:c-1,f-1,i0, conf=-1: [1d141dcf-9f09-421f-a135-50b245bde98a|rpc:127.0.0.1:40089|dataStream:|priority:0, edc74d86-77ab-4f9b-98f8-a274c803e3f6|rpc:127.0.0.1:40253|dataStream:|priority:0, 772a6939-f9dd-42bd-8136-52263074270c|rpc:127.0.0.1:44475|dataStream:|priority:1], old=null
2021-10-16 02:30:42,646 [772a6939-f9dd-42bd-8136-52263074270c@group-8FBAFD7CAFAB-LeaderElection24] INFO  impl.LeaderElection (LeaderElection.java:logAndReturn(89)) - 772a6939-f9dd-42bd-8136-52263074270c@group-8FBAFD7CAFAB-LeaderElection24: ELECTION PASSED received 1 response(s) and 0 exception(s):
2021-10-16 02:30:42,646 [772a6939-f9dd-42bd-8136-52263074270c@group-8FBAFD7CAFAB-LeaderElection24] INFO  impl.LeaderElection (LeaderElection.java:logAndReturn(93)) -   Response 0: 772a6939-f9dd-42bd-8136-52263074270c<-1d141dcf-9f09-421f-a135-50b245bde98a#0:OK-t3
2021-10-16 02:30:42,648 [772a6939-f9dd-42bd-8136-52263074270c@group-8FBAFD7CAFAB-LeaderElection24] INFO  impl.LeaderElection (LeaderElection.java:askForVotes(308)) - 772a6939-f9dd-42bd-8136-52263074270c@group-8FBAFD7CAFAB-LeaderElection24 ELECTION round 0: result PASSED
2021-10-16 02:30:42,648 [772a6939-f9dd-42bd-8136-52263074270c@group-8FBAFD7CAFAB-LeaderElection24] INFO  impl.RoleInfo (RoleInfo.java:shutdownLeaderElection(121)) - 772a6939-f9dd-42bd-8136-52263074270c: shutdown 772a6939-f9dd-42bd-8136-52263074270c@group-8FBAFD7CAFAB-LeaderElection24
2021-10-16 02:30:42,648 [772a6939-f9dd-42bd-8136-52263074270c@group-8FBAFD7CAFAB-LeaderElection24] INFO  server.RaftServer$Division (RaftServerImpl.java:setRole(285)) - 772a6939-f9dd-42bd-8136-52263074270c@group-8FBAFD7CAFAB: changes role from CANDIDATE to LEADER at term 3 for changeToLeader
2021-10-16 02:30:42,648 [772a6939-f9dd-42bd-8136-52263074270c@group-8FBAFD7CAFAB-LeaderElection24] INFO  ratis.XceiverServerRatis (XceiverServerRatis.java:handleLeaderChangedNotification(866)) - Leader change notification received for group: group-8FBAFD7CAFAB with new leaderId: 772a6939-f9dd-42bd-8136-52263074270c
2021-10-16 02:30:42,655 [Listener at 127.0.0.1/13164] INFO  db.RDBCheckpointManager (RDBCheckpointManager.java:createCheckpoint(86)) - Created checkpoint at /home/runner/work/ozone/ozone/hadoop-ozone/integration-test/target/test-dir/MiniOzoneClusterImpl-4eb377f1-b672-4075-9178-fccd761457f8/scmNode-1/db.checkpoints/scm.db_checkpoint_1634351442633 in 22 milliseconds
2021-10-16 02:30:42,662 [EndpointStateMachine task thread for /127.0.0.1:12767 - 0 ] INFO  ipc.Client (Client.java:handleConnectionFailure(977)) - Retrying connect to server: localhost/127.0.0.1:12767. Already tried 10 time(s); retry policy is RetryUpToMaximumCountWithFixedSleep(maxRetries=15, sleepTime=1000 MILLISECONDS)
2021-10-16 02:30:42,669 [Datanode State Machine Thread - 0] WARN  statemachine.StateContext (StateContext.java:execute(621)) - No available thread in pool for past 1 seconds.
2021-10-16 02:30:42,672 [772a6939-f9dd-42bd-8136-52263074270c@group-8FBAFD7CAFAB-LeaderElection24] INFO  server.RaftServer$Division (ServerState.java:setLeader(285)) - 772a6939-f9dd-42bd-8136-52263074270c@group-8FBAFD7CAFAB: change Leader from null to 772a6939-f9dd-42bd-8136-52263074270c at term 3 for becomeLeader, leader elected after 15425ms
2021-10-16 02:30:42,672 [772a6939-f9dd-42bd-8136-52263074270c@group-8FBAFD7CAFAB-LeaderElection24] INFO  server.RaftServerConfigKeys (ConfUtils.java:logGet(44)) - raft.server.staging.catchup.gap = 1000 (default)
2021-10-16 02:30:42,674 [EventQueue-PipelineReportForPipelineReportHandler] INFO  pipeline.PipelineManagerImpl (PipelineManagerImpl.java:openPipeline(282)) - Pipeline Pipeline[ Id: 4b86bc2b-a2e2-4d58-855b-8fbafd7cafab, Nodes: 772a6939-f9dd-42bd-8136-52263074270c{ip: 127.0.0.1, host: localhost, ports: [REPLICATION=43353, RATIS=44475, RATIS_ADMIN=44475, RATIS_SERVER=44475, STANDALONE=40279], networkLocation: /default-rack, certSerialId: null, persistedOpState: IN_SERVICE, persistedOpStateExpiryEpochSec: 0}1d141dcf-9f09-421f-a135-50b245bde98a{ip: 127.0.0.1, host: localhost, ports: [REPLICATION=45843, RATIS=40089, RATIS_ADMIN=40089, RATIS_SERVER=40089, STANDALONE=40055], networkLocation: /default-rack, certSerialId: null, persistedOpState: IN_SERVICE, persistedOpStateExpiryEpochSec: 0}edc74d86-77ab-4f9b-98f8-a274c803e3f6{ip: 127.0.0.1, host: localhost, ports: [REPLICATION=34203, RATIS=40253, RATIS_ADMIN=40253, RATIS_SERVER=40253, STANDALONE=46341], networkLocation: /default-rack, certSerialId: null, persistedOpState: IN_SERVICE, persistedOpStateExpiryEpochSec: 0}, ReplicationConfig: RATIS/THREE, State:ALLOCATED, leaderId:772a6939-f9dd-42bd-8136-52263074270c, CreationTimestamp2021-10-16T02:30:25.063Z[Etc/UTC]] moved to OPEN state
2021-10-16 02:30:42,675 [EventQueue-PipelineReportForPipelineReportHandler] INFO  ha.SCMHAInvocationHandler (SCMHAInvocationHandler.java:invokeRatis(113)) - Invoking method public abstract void org.apache.hadoop.hdds.scm.pipeline.PipelineStateManager.updatePipelineState(org.apache.hadoop.hdds.protocol.proto.HddsProtos$PipelineID,org.apache.hadoop.hdds.protocol.proto.HddsProtos$PipelineState) throws java.io.IOException on target org.apache.hadoop.hdds.scm.ha.SCMRatisServerImpl@275c2ffe, cost 499.318us
2021-10-16 02:30:42,675 [EventQueue-PipelineReportForPipelineReportHandler] INFO  pipeline.PipelineManagerImpl (PipelineManagerImpl.java:openPipeline(282)) - Pipeline Pipeline[ Id: 4b86bc2b-a2e2-4d58-855b-8fbafd7cafab, Nodes: 772a6939-f9dd-42bd-8136-52263074270c{ip: 127.0.0.1, host: localhost, ports: [REPLICATION=43353, RATIS=44475, RATIS_ADMIN=44475, RATIS_SERVER=44475, STANDALONE=40279], networkLocation: /default-rack, certSerialId: null, persistedOpState: IN_SERVICE, persistedOpStateExpiryEpochSec: 0}1d141dcf-9f09-421f-a135-50b245bde98a{ip: 127.0.0.1, host: localhost, ports: [REPLICATION=45843, RATIS=40089, RATIS_ADMIN=40089, RATIS_SERVER=40089, STANDALONE=40055], networkLocation: /default-rack, certSerialId: null, persistedOpState: IN_SERVICE, persistedOpStateExpiryEpochSec: 0}edc74d86-77ab-4f9b-98f8-a274c803e3f6{ip: 127.0.0.1, host: localhost, ports: [REPLICATION=34203, RATIS=40253, RATIS_ADMIN=40253, RATIS_SERVER=40253, STANDALONE=46341], networkLocation: /default-rack, certSerialId: null, persistedOpState: IN_SERVICE, persistedOpStateExpiryEpochSec: 0}, ReplicationConfig: RATIS/THREE, State:ALLOCATED, leaderId:772a6939-f9dd-42bd-8136-52263074270c, CreationTimestamp2021-10-16T02:30:25.063Z[Etc/UTC]] moved to OPEN state
2021-10-16 02:30:42,675 [EventQueue-OpenPipelineForHealthyPipelineSafeModeRule] INFO  safemode.SCMSafeModeManager (HealthyPipelineSafeModeRule.java:process(124)) - SCM in safe mode. Healthy pipelines reported count is 1, required healthy pipeline reported count is 1
2021-10-16 02:30:42,675 [EventQueue-OpenPipelineForHealthyPipelineSafeModeRule] INFO  safemode.SCMSafeModeManager (SCMSafeModeManager.java:validateSafeModeExitRules(204)) - HealthyPipelineSafeModeRule rule is successfully validated
2021-10-16 02:30:42,675 [EventQueue-OpenPipelineForHealthyPipelineSafeModeRule] INFO  safemode.SCMSafeModeManager (SCMSafeModeManager.java:validateSafeModeExitRules(219)) - ScmSafeModeManager, all rules are successfully validated
2021-10-16 02:30:42,675 [EventQueue-OpenPipelineForHealthyPipelineSafeModeRule] INFO  safemode.SCMSafeModeManager (SCMSafeModeManager.java:exitSafeMode(248)) - SCM exiting safe mode.
2021-10-16 02:30:42,675 [EventQueue-OpenPipelineForHealthyPipelineSafeModeRule] WARN  events.EventQueue (EventQueue.java:fireEvent(194)) - No event handler registered for event TypedEvent{payloadType=SafeModeStatus, name='Safe mode status'}
2021-10-16 02:30:42,675 [EventQueue-OpenPipelineForHealthyPipelineSafeModeRule] INFO  ha.SCMContext (SCMContext.java:updateSafeModeStatus(205)) - Update SafeModeStatus from SafeModeStatus{safeModeStatus=true, preCheckPassed=true} to SafeModeStatus{safeModeStatus=false, preCheckPassed=true}.
2021-10-16 02:30:42,680 [772a6939-f9dd-42bd-8136-52263074270c@group-8FBAFD7CAFAB-LeaderElection24] INFO  server.RaftServerConfigKeys (ConfUtils.java:logGet(44)) - raft.server.write.element-limit = 1024 (custom)
2021-10-16 02:30:42,681 [772a6939-f9dd-42bd-8136-52263074270c@group-8FBAFD7CAFAB-LeaderElection24] INFO  server.RaftServerConfigKeys (ConfUtils.java:logGet(44)) - raft.server.write.byte-limit = 1024 M (=1073741824) (custom)
2021-10-16 02:30:42,681 [772a6939-f9dd-42bd-8136-52263074270c@group-8FBAFD7CAFAB-LeaderElection24] INFO  server.RaftServerConfigKeys (ConfUtils.java:logGet(44)) - raft.server.watch.timeout = 180s (custom)
2021-10-16 02:30:42,681 [772a6939-f9dd-42bd-8136-52263074270c@group-8FBAFD7CAFAB-LeaderElection24] INFO  server.RaftServerConfigKeys (ConfUtils.java:logGet(44)) - raft.server.watch.timeout.denomination = 1s (default)
2021-10-16 02:30:42,681 [772a6939-f9dd-42bd-8136-52263074270c@group-8FBAFD7CAFAB-LeaderElection24] INFO  server.RaftServerConfigKeys (ConfUtils.java:logGet(44)) - raft.server.watch.element-limit = 65536 (default)
2021-10-16 02:30:42,681 [772a6939-f9dd-42bd-8136-52263074270c@group-8FBAFD7CAFAB-LeaderElection24] INFO  server.RaftServerConfigKeys (ConfUtils.java:logGet(44)) - raft.server.log.appender.snapshot.chunk.size.max = 16MB (=16777216) (default)
2021-10-16 02:30:42,682 [772a6939-f9dd-42bd-8136-52263074270c@group-8FBAFD7CAFAB-LeaderElection24] INFO  server.RaftServerConfigKeys (ConfUtils.java:logGet(44)) - raft.server.log.appender.buffer.byte-limit = 33554432 (custom)
2021-10-16 02:30:42,682 [772a6939-f9dd-42bd-8136-52263074270c@group-8FBAFD7CAFAB-LeaderElection24] INFO  server.RaftServerConfigKeys (ConfUtils.java:logGet(44)) - raft.server.log.appender.buffer.element-limit = 1 (custom)
2021-10-16 02:30:42,687 [IPC Server handler 15 on default port 13965] INFO  net.NetworkTopologyImpl (NetworkTopologyImpl.java:add(112)) - Added a new node: /default-rack/772a6939-f9dd-42bd-8136-52263074270c
2021-10-16 02:30:42,687 [IPC Server handler 15 on default port 13965] INFO  node.SCMNodeManager (SCMNodeManager.java:register(389)) - Registered Data node : 772a6939-f9dd-42bd-8136-52263074270c{ip: 127.0.0.1, host: localhost, ports: [REPLICATION=43353, RATIS=44475, RATIS_ADMIN=44475, RATIS_SERVER=44475, STANDALONE=40279], networkLocation: /default-rack, certSerialId: null, persistedOpState: null, persistedOpStateExpiryEpochSec: 0}
2021-10-16 02:30:42,696 [772a6939-f9dd-42bd-8136-52263074270c@group-8FBAFD7CAFAB-LeaderElection24] INFO  grpc.GrpcConfigKeys (ConfUtils.java:logGet(44)) - raft.grpc.server.leader.outstanding.appends.max = 128 (default)
2021-10-16 02:30:42,696 [772a6939-f9dd-42bd-8136-52263074270c@group-8FBAFD7CAFAB-LeaderElection24] INFO  server.RaftServerConfigKeys (ConfUtils.java:logGet(44)) - raft.server.rpc.request.timeout = 60s (custom)
2021-10-16 02:30:42,696 [772a6939-f9dd-42bd-8136-52263074270c@group-8FBAFD7CAFAB-LeaderElection24] INFO  server.RaftServerConfigKeys (ConfUtils.java:logGet(44)) - raft.server.log.appender.install.snapshot.enabled = false (custom)
2021-10-16 02:30:42,697 [772a6939-f9dd-42bd-8136-52263074270c@group-8FBAFD7CAFAB-LeaderElection24] INFO  server.RaftServerConfigKeys (ConfUtils.java:logGet(44)) - raft.server.log.appender.snapshot.chunk.size.max = 16MB (=16777216) (default)
2021-10-16 02:30:42,698 [772a6939-f9dd-42bd-8136-52263074270c@group-8FBAFD7CAFAB-LeaderElection24] INFO  server.RaftServerConfigKeys (ConfUtils.java:logGet(44)) - raft.server.log.appender.buffer.byte-limit = 33554432 (custom)
2021-10-16 02:30:42,698 [772a6939-f9dd-42bd-8136-52263074270c@group-8FBAFD7CAFAB-LeaderElection24] INFO  server.RaftServerConfigKeys (ConfUtils.java:logGet(44)) - raft.server.log.appender.buffer.element-limit = 1 (custom)
2021-10-16 02:30:42,698 [772a6939-f9dd-42bd-8136-52263074270c@group-8FBAFD7CAFAB-LeaderElection24] INFO  grpc.GrpcConfigKeys (ConfUtils.java:logGet(44)) - raft.grpc.server.leader.outstanding.appends.max = 128 (default)
2021-10-16 02:30:42,698 [772a6939-f9dd-42bd-8136-52263074270c@group-8FBAFD7CAFAB-LeaderElection24] INFO  server.RaftServerConfigKeys (ConfUtils.java:logGet(44)) - raft.server.rpc.request.timeout = 60s (custom)
2021-10-16 02:30:42,698 [772a6939-f9dd-42bd-8136-52263074270c@group-8FBAFD7CAFAB-LeaderElection24] INFO  server.RaftServerConfigKeys (ConfUtils.java:logGet(44)) - raft.server.log.appender.install.snapshot.enabled = false (custom)
2021-10-16 02:30:42,699 [772a6939-f9dd-42bd-8136-52263074270c@group-8FBAFD7CAFAB-LeaderElection24] INFO  impl.RoleInfo (RoleInfo.java:updateAndGet(130)) - 772a6939-f9dd-42bd-8136-52263074270c: start 772a6939-f9dd-42bd-8136-52263074270c@group-8FBAFD7CAFAB-LeaderStateImpl
2021-10-16 02:30:42,701 [772a6939-f9dd-42bd-8136-52263074270c@group-8FBAFD7CAFAB-LeaderElection24] INFO  segmented.SegmentedRaftLogWorker (SegmentedRaftLogWorker.java:startLogSegment(394)) - 772a6939-f9dd-42bd-8136-52263074270c@group-8FBAFD7CAFAB-SegmentedRaftLogWorker: Starting segment from index:0
2021-10-16 02:30:42,708 [EventQueue-NewNodeForNewNodeHandler] INFO  pipeline.BackgroundPipelineCreator (BackgroundPipelineCreator.java:notifyEventTriggered(279)) - ignore, not leader SCM.
2021-10-16 02:30:42,714 [cc44bade-b222-412b-91cb-7451c55d5287@group-FCCD761457F8-StateMachineUpdater] ERROR impl.StateMachineUpdater (StateMachineUpdater.java:run(191)) - cc44bade-b222-412b-91cb-7451c55d5287@group-FCCD761457F8-StateMachineUpdater caught a Throwable.
java.lang.IllegalStateException: cc44bade-b222-412b-91cb-7451c55d5287: Failed updateLastAppliedTermIndex: newTI = (t:2, i:28) < oldTI = (t:2, i:128)
	at org.apache.ratis.util.Preconditions.assertTrue(Preconditions.java:72)
	at org.apache.ratis.statemachine.impl.BaseStateMachine.updateLastAppliedTermIndex(BaseStateMachine.java:142)
	at org.apache.hadoop.hdds.scm.ha.SCMStateMachine.notifyTermIndexUpdated(SCMStateMachine.java:303)
	at org.apache.ratis.server.impl.RaftServerImpl.applyLogToStateMachine(RaftServerImpl.java:1669)
	at org.apache.ratis.server.impl.StateMachineUpdater.applyLog(StateMachineUpdater.java:234)
	at org.apache.ratis.server.impl.StateMachineUpdater.run(StateMachineUpdater.java:179)
	at java.lang.Thread.run(Thread.java:748)
2021-10-16 02:30:42,714 [cc44bade-b222-412b-91cb-7451c55d5287@group-FCCD761457F8-StateMachineUpdater] INFO  server.RaftServer$Division (RaftServerImpl.java:lambda$close$4(407)) - cc44bade-b222-412b-91cb-7451c55d5287@group-FCCD761457F8: shutdown
2021-10-16 02:30:42,714 [cc44bade-b222-412b-91cb-7451c55d5287@group-FCCD761457F8-StateMachineUpdater] INFO  util.JmxRegister (JmxRegister.java:unregister(73)) - Successfully un-registered JMX Bean with object name Ratis:service=RaftServer,group=group-FCCD761457F8,id=cc44bade-b222-412b-91cb-7451c55d5287
2021-10-16 02:30:42,714 [cc44bade-b222-412b-91cb-7451c55d5287@group-FCCD761457F8-StateMachineUpdater] INFO  impl.RoleInfo (RoleInfo.java:shutdownFollowerState(108)) - cc44bade-b222-412b-91cb-7451c55d5287: shutdown cc44bade-b222-412b-91cb-7451c55d5287@group-FCCD761457F8-FollowerState
2021-10-16 02:30:42,715 [EventQueue-PipelineReportForPipelineReportHandler] INFO  ha.SCMHAInvocationHandler (SCMHAInvocationHandler.java:invokeRatis(113)) - Invoking method public abstract void org.apache.hadoop.hdds.scm.pipeline.PipelineStateManager.updatePipelineState(org.apache.hadoop.hdds.protocol.proto.HddsProtos$PipelineID,org.apache.hadoop.hdds.protocol.proto.HddsProtos$PipelineState) throws java.io.IOException on target org.apache.hadoop.hdds.scm.ha.SCMRatisServerImpl@24987048, cost 39829.136us
2021-10-16 02:30:42,715 [cc44bade-b222-412b-91cb-7451c55d5287@group-FCCD761457F8-FollowerState] INFO  impl.FollowerState (FollowerState.java:run(143)) - cc44bade-b222-412b-91cb-7451c55d5287@group-FCCD761457F8-FollowerState was interrupted: {}
java.lang.InterruptedException: sleep interrupted
	at java.lang.Thread.sleep(Native Method)
	at java.lang.Thread.sleep(Thread.java:340)
	at java.util.concurrent.TimeUnit.sleep(TimeUnit.java:386)
	at org.apache.ratis.util.TimeDuration.sleep(TimeDuration.java:324)
	at org.apache.ratis.util.TimeDuration.sleep(TimeDuration.java:309)
	at org.apache.ratis.server.impl.FollowerState.run(FollowerState.java:118)
2021-10-16 02:30:42,720 [772a6939-f9dd-42bd-8136-52263074270c@group-8FBAFD7CAFAB-SegmentedRaftLogWorker] INFO  segmented.SegmentedRaftLogWorker (SegmentedRaftLogWorker.java:execute(601)) - 772a6939-f9dd-42bd-8136-52263074270c@group-8FBAFD7CAFAB-SegmentedRaftLogWorker: created new log segment /home/runner/work/ozone/ozone/hadoop-ozone/integration-test/target/test-dir/MiniOzoneClusterImpl-4eb377f1-b672-4075-9178-fccd761457f8/datanode-0/data/ratis/4b86bc2b-a2e2-4d58-855b-8fbafd7cafab/current/log_inprogress_0
2021-10-16 02:30:42,737 [cc44bade-b222-412b-91cb-7451c55d5287@group-FCCD761457F8-StateMachineUpdater] INFO  server.RaftServer$Division (ServerState.java:close(419)) - cc44bade-b222-412b-91cb-7451c55d5287@group-FCCD761457F8: closes. applyIndex: 28
2021-10-16 02:30:42,737 [cc44bade-b222-412b-91cb-7451c55d5287@group-FCCD761457F8-SegmentedRaftLogWorker] INFO  segmented.SegmentedRaftLogWorker (SegmentedRaftLogWorker.java:run(327)) - cc44bade-b222-412b-91cb-7451c55d5287@group-FCCD761457F8-SegmentedRaftLogWorker was interrupted, exiting. There are 0 tasks remaining in the queue.
2021-10-16 02:30:42,744 [3deaabcd-f5f1-47ac-8cd4-644b2fe93232@group-FCCD761457F8-StateMachineUpdater] INFO  ha.SCMStateMachine (SCMStateMachine.java:takeSnapshot(290)) - Current Snapshot Index 30, takeSnapshot took 0 ms
2021-10-16 02:30:42,745 [3deaabcd-f5f1-47ac-8cd4-644b2fe93232@group-FCCD761457F8-StateMachineUpdater] INFO  impl.StateMachineUpdater (StateMachineUpdater.java:takeSnapshot(281)) - 3deaabcd-f5f1-47ac-8cd4-644b2fe93232@group-FCCD761457F8-StateMachineUpdater: Took a snapshot at index 30
2021-10-16 02:30:42,745 [3deaabcd-f5f1-47ac-8cd4-644b2fe93232@group-FCCD761457F8-StateMachineUpdater] INFO  impl.StateMachineUpdater (StateMachineUpdater.java:lambda$new$0(89)) - 3deaabcd-f5f1-47ac-8cd4-644b2fe93232@group-FCCD761457F8-StateMachineUpdater: snapshotIndex: updateIncreasingly 25 -> 30
2021-10-16 02:30:42,745 [3deaabcd-f5f1-47ac-8cd4-644b2fe93232@group-FCCD761457F8-StateMachineUpdater] INFO  raftlog.RaftLog (RaftLogBase.java:purge(306)) - 3deaabcd-f5f1-47ac-8cd4-644b2fe93232@group-FCCD761457F8-SegmentedRaftLog: purge 30
2021-10-16 02:30:42,745 [3deaabcd-f5f1-47ac-8cd4-644b2fe93232@group-FCCD761457F8-StateMachineUpdater] INFO  raftlog.RaftLog (RaftLogBase.java:lambda$new$0(53)) - 3deaabcd-f5f1-47ac-8cd4-644b2fe93232@group-FCCD761457F8-SegmentedRaftLog: snapshotIndex: updateIncreasingly 25 -> 30
2021-10-16 02:30:42,745 [3deaabcd-f5f1-47ac-8cd4-644b2fe93232@group-FCCD761457F8-StateMachineUpdater] INFO  raftlog.RaftLog (RaftLogBase.java:lambda$new$0(53)) - 3deaabcd-f5f1-47ac-8cd4-644b2fe93232@group-FCCD761457F8-SegmentedRaftLog: purgeIndex: updateToMax old=25, new=30, updated? true
2021-10-16 02:30:42,757 [772a6939-f9dd-42bd-8136-52263074270c@group-8FBAFD7CAFAB-LeaderElection24] INFO  server.RaftServer$Division (ServerState.java:setRaftConf(387)) - 772a6939-f9dd-42bd-8136-52263074270c@group-8FBAFD7CAFAB: set configuration 0: [1d141dcf-9f09-421f-a135-50b245bde98a|rpc:127.0.0.1:40089|dataStream:|priority:0, edc74d86-77ab-4f9b-98f8-a274c803e3f6|rpc:127.0.0.1:40253|dataStream:|priority:0, 772a6939-f9dd-42bd-8136-52263074270c|rpc:127.0.0.1:44475|dataStream:|priority:1], old=null
2021-10-16 02:30:42,759 [cc44bade-b222-412b-91cb-7451c55d5287@group-FCCD761457F8-StateMachineUpdater] INFO  segmented.SegmentedRaftLogWorker (SegmentedRaftLogWorker.java:close(237)) - cc44bade-b222-412b-91cb-7451c55d5287@group-FCCD761457F8-SegmentedRaftLogWorker close()
2021-10-16 02:30:42,765 [grpc-default-executor-0] INFO  ratis.XceiverServerRatis (XceiverServerRatis.java:handleLeaderChangedNotification(866)) - Leader change notification received for group: group-8FBAFD7CAFAB with new leaderId: 772a6939-f9dd-42bd-8136-52263074270c
2021-10-16 02:30:42,765 [grpc-default-executor-0] INFO  server.RaftServer$Division (ServerState.java:setLeader(285)) - 1d141dcf-9f09-421f-a135-50b245bde98a@group-8FBAFD7CAFAB: change Leader from null to 772a6939-f9dd-42bd-8136-52263074270c at term 3 for appendEntries, leader elected after 15500ms
2021-10-16 02:30:42,790 [grpc-default-executor-0] INFO  server.RaftServer$Division (ServerState.java:setRaftConf(387)) - 1d141dcf-9f09-421f-a135-50b245bde98a@group-8FBAFD7CAFAB: set configuration 0: [1d141dcf-9f09-421f-a135-50b245bde98a|rpc:127.0.0.1:40089|dataStream:|priority:0, edc74d86-77ab-4f9b-98f8-a274c803e3f6|rpc:127.0.0.1:40253|dataStream:|priority:0, 772a6939-f9dd-42bd-8136-52263074270c|rpc:127.0.0.1:44475|dataStream:|priority:1], old=null
2021-10-16 02:30:42,791 [grpc-default-executor-0] INFO  segmented.SegmentedRaftLogWorker (SegmentedRaftLogWorker.java:startLogSegment(394)) - 1d141dcf-9f09-421f-a135-50b245bde98a@group-8FBAFD7CAFAB-SegmentedRaftLogWorker: Starting segment from index:0
2021-10-16 02:30:42,794 [1d141dcf-9f09-421f-a135-50b245bde98a@group-8FBAFD7CAFAB-SegmentedRaftLogWorker] INFO  segmented.SegmentedRaftLogWorker (SegmentedRaftLogWorker.java:execute(601)) - 1d141dcf-9f09-421f-a135-50b245bde98a@group-8FBAFD7CAFAB-SegmentedRaftLogWorker: created new log segment /home/runner/work/ozone/ozone/hadoop-ozone/integration-test/target/test-dir/MiniOzoneClusterImpl-4eb377f1-b672-4075-9178-fccd761457f8/datanode-1/data/ratis/4b86bc2b-a2e2-4d58-855b-8fbafd7cafab/current/log_inprogress_0
2021-10-16 02:30:42,796 [grpc-default-executor-1] INFO  ratis.XceiverServerRatis (XceiverServerRatis.java:handleLeaderChangedNotification(866)) - Leader change notification received for group: group-8FBAFD7CAFAB with new leaderId: 772a6939-f9dd-42bd-8136-52263074270c
2021-10-16 02:30:42,796 [grpc-default-executor-1] INFO  server.RaftServer$Division (ServerState.java:setLeader(285)) - edc74d86-77ab-4f9b-98f8-a274c803e3f6@group-8FBAFD7CAFAB: change Leader from null to 772a6939-f9dd-42bd-8136-52263074270c at term 3 for appendEntries, leader elected after 15460ms
2021-10-16 02:30:42,799 [grpc-default-executor-1] INFO  server.RaftServer$Division (ServerState.java:setRaftConf(387)) - edc74d86-77ab-4f9b-98f8-a274c803e3f6@group-8FBAFD7CAFAB: set configuration 0: [1d141dcf-9f09-421f-a135-50b245bde98a|rpc:127.0.0.1:40089|dataStream:|priority:0, edc74d86-77ab-4f9b-98f8-a274c803e3f6|rpc:127.0.0.1:40253|dataStream:|priority:0, 772a6939-f9dd-42bd-8136-52263074270c|rpc:127.0.0.1:44475|dataStream:|priority:1], old=null
2021-10-16 02:30:42,799 [grpc-default-executor-1] INFO  segmented.SegmentedRaftLogWorker (SegmentedRaftLogWorker.java:startLogSegment(394)) - edc74d86-77ab-4f9b-98f8-a274c803e3f6@group-8FBAFD7CAFAB-SegmentedRaftLogWorker: Starting segment from index:0
2021-10-16 02:30:42,809 [edc74d86-77ab-4f9b-98f8-a274c803e3f6@group-8FBAFD7CAFAB-SegmentedRaftLogWorker] INFO  segmented.SegmentedRaftLogWorker (SegmentedRaftLogWorker.java:execute(601)) - edc74d86-77ab-4f9b-98f8-a274c803e3f6@group-8FBAFD7CAFAB-SegmentedRaftLogWorker: created new log segment /home/runner/work/ozone/ozone/hadoop-ozone/integration-test/target/test-dir/MiniOzoneClusterImpl-4eb377f1-b672-4075-9178-fccd761457f8/datanode-2/data/ratis/4b86bc2b-a2e2-4d58-855b-8fbafd7cafab/current/log_inprogress_0
2021-10-16 02:30:42,842 [Listener at 127.0.0.1/13164] INFO  ha.SCMHAManagerImpl (SCMHAManagerImpl.java:installCheckpoint(227)) - Installing checkpoint with SCMTransactionInfo 2#25
2021-10-16 02:30:42,842 [Listener at 127.0.0.1/13164] WARN  ha.SCMHAManagerImpl (SCMHAManagerImpl.java:installCheckpoint(240)) - Cannot proceed with InstallSnapshot as SCM is at TermIndex (t:2, i:28) and checkpoint has lower TermIndex (t:2, i:25). Reloading old state of SCM.
2021-10-16 02:30:42,850 [Listener at 127.0.0.1/13164] INFO  ozone.MiniOzoneClusterImpl (MiniOzoneClusterImpl.java:shutdown(453)) - Shutting down the Mini Ozone Cluster
2021-10-16 02:30:42,851 [Listener at 127.0.0.1/13164] INFO  ozone.MiniOzoneHAClusterImpl (MiniOzoneHAClusterImpl.java:stop(298)) - Stopping the OzoneManager omNode-1
2021-10-16 02:30:42,851 [Listener at 127.0.0.1/13164] INFO  om.OzoneManager (OzoneManager.java:stop(1664)) - Stopping Ozone Manager
2021-10-16 02:30:42,851 [Listener at 127.0.0.1/13164] INFO  ipc.Server (Server.java:stop(3414)) - Stopping server on 13164
2021-10-16 02:30:42,880 [IPC Server listener on 13164] INFO  ipc.Server (Server.java:run(1376)) - Stopping IPC Server listener on 13164
2021-10-16 02:30:42,881 [IPC Server Responder] INFO  ipc.Server (Server.java:run(1512)) - Stopping IPC Server Responder
2021-10-16 02:30:42,886 [Listener at 127.0.0.1/13164] INFO  server.RaftServer (RaftServerProxy.java:lambda$close$6(391)) - omNode-1: close
2021-10-16 02:30:42,886 [Listener at 127.0.0.1/13164] INFO  server.RaftServer$Division (RaftServerImpl.java:lambda$close$4(407)) - omNode-1@group-523986131536: shutdown
2021-10-16 02:30:42,886 [Listener at 127.0.0.1/13164] INFO  util.JmxRegister (JmxRegister.java:unregister(73)) - Successfully un-registered JMX Bean with object name Ratis:service=RaftServer,group=group-523986131536,id=omNode-1
2021-10-16 02:30:42,887 [Listener at 127.0.0.1/13164] INFO  impl.RoleInfo (RoleInfo.java:shutdownLeaderState(91)) - omNode-1: shutdown omNode-1@group-523986131536-LeaderStateImpl
2021-10-16 02:30:42,887 [Listener at 127.0.0.1/13164] INFO  impl.PendingRequests (PendingRequests.java:sendNotLeaderResponses(282)) - omNode-1@group-523986131536-PendingRequests: sendNotLeaderResponses
2021-10-16 02:30:42,888 [omNode-1@group-523986131536-StateMachineUpdater] INFO  ratis.OzoneManagerStateMachine (OzoneManagerStateMachine.java:takeSnapshot(417)) - Current Snapshot Index (t:1, i:0)
2021-10-16 02:30:42,888 [omNode-1@group-523986131536-StateMachineUpdater] INFO  impl.StateMachineUpdater (StateMachineUpdater.java:takeSnapshot(281)) - omNode-1@group-523986131536-StateMachineUpdater: Took a snapshot at index 0
2021-10-16 02:30:42,888 [omNode-1@group-523986131536-StateMachineUpdater] INFO  impl.StateMachineUpdater (StateMachineUpdater.java:lambda$new$0(89)) - omNode-1@group-523986131536-StateMachineUpdater: snapshotIndex: updateIncreasingly -1 -> 0
2021-10-16 02:30:42,888 [omNode-1@group-523986131536-StateMachineUpdater] INFO  ratis.OzoneManagerStateMachine (OzoneManagerStateMachine.java:close(471)) - StateMachine has shutdown. Shutdown OzoneManager if not already shutdown.
2021-10-16 02:30:42,888 [Listener at 127.0.0.1/13164] INFO  impl.StateMachineUpdater (StateMachineUpdater.java:stopAndJoin(149)) - omNode-1@group-523986131536-StateMachineUpdater: set stopIndex = 0
2021-10-16 02:30:42,889 [Listener at 127.0.0.1/13164] INFO  server.RaftServer$Division (ServerState.java:close(419)) - omNode-1@group-523986131536: closes. applyIndex: 0
2021-10-16 02:30:42,889 [omNode-1@group-523986131536-SegmentedRaftLogWorker] INFO  segmented.SegmentedRaftLogWorker (SegmentedRaftLogWorker.java:run(327)) - omNode-1@group-523986131536-SegmentedRaftLogWorker was interrupted, exiting. There are 0 tasks remaining in the queue.
2021-10-16 02:30:42,891 [Listener at 127.0.0.1/13164] INFO  segmented.SegmentedRaftLogWorker (SegmentedRaftLogWorker.java:close(237)) - omNode-1@group-523986131536-SegmentedRaftLogWorker close()
2021-10-16 02:30:42,896 [Listener at 127.0.0.1/13164] INFO  server.GrpcService (GrpcService.java:closeImpl(262)) - omNode-1: shutdown server with port 13168 now
2021-10-16 02:30:42,896 [Listener at 127.0.0.1/13164] INFO  server.GrpcService (GrpcService.java:closeImpl(271)) - omNode-1: shutdown server with port 13168 successfully
2021-10-16 02:30:42,897 [org.apache.ratis.util.JvmPauseMonitor$$Lambda$499/17331878@38f42298] INFO  util.JvmPauseMonitor (JvmPauseMonitor.java:run(109)) - JvmPauseMonitor-omNode-1: Stopped
2021-10-16 02:30:42,897 [Listener at 127.0.0.1/13164] INFO  ratis.OzoneManagerDoubleBuffer (OzoneManagerDoubleBuffer.java:stop(437)) - Stopping OMDoubleBuffer flush thread
2021-10-16 02:30:42,897 [OMDoubleBufferFlushThread] INFO  ratis.OzoneManagerDoubleBuffer (OzoneManagerDoubleBuffer.java:flushTransactions(356)) - OMDoubleBuffer flush thread OMDoubleBufferFlushThread is interrupted and will exit. OMDoubleBufferFlushThread
2021-10-16 02:30:42,900 [Listener at 127.0.0.1/13164] INFO  utils.BackgroundService (BackgroundService.java:shutdown(132)) - Shutting down service KeyDeletingService
2021-10-16 02:30:42,901 [Listener at 127.0.0.1/13164] INFO  utils.BackgroundService (BackgroundService.java:shutdown(132)) - Shutting down service DirectoryDeletingService
2021-10-16 02:30:42,902 [Listener at 127.0.0.1/13164] INFO  handler.ContextHandler (ContextHandler.java:doStop(1153)) - Stopped o.e.j.w.WebAppContext@32144b3c{ozoneManager,/,null,STOPPED}{file:/home/runner/work/ozone/ozone/hadoop-ozone/integration-test/target/test-classes/webapps/ozoneManager}
2021-10-16 02:30:42,902 [Listener at 127.0.0.1/13164] INFO  server.AbstractConnector (AbstractConnector.java:doStop(381)) - Stopped ServerConnector@24e25991{HTTP/1.1, (http/1.1)}{0.0.0.0:13166}
2021-10-16 02:30:42,903 [Listener at 127.0.0.1/13164] INFO  server.session (HouseKeeper.java:stopScavenging(149)) - node0 Stopped scavenging
2021-10-16 02:30:42,903 [Listener at 127.0.0.1/13164] INFO  handler.ContextHandler (ContextHandler.java:doStop(1153)) - Stopped o.e.j.s.ServletContextHandler@2e8fc0c9{static,/static,file:///home/runner/work/ozone/ozone/hadoop-ozone/integration-test/target/test-classes/webapps/static,STOPPED}
2021-10-16 02:30:42,903 [Listener at 127.0.0.1/13164] INFO  handler.ContextHandler (ContextHandler.java:doStop(1153)) - Stopped o.e.j.s.ServletContextHandler@7c70c33a{logs,/logs,file:///home/runner/work/ozone/ozone/hadoop-ozone/integration-test/target/log,STOPPED}
2021-10-16 02:30:42,911 [Listener at 127.0.0.1/13164] INFO  ozone.MiniOzoneHAClusterImpl (MiniOzoneHAClusterImpl.java:stop(306)) - Stopping the StorageContainerManager 8377993e-4b96-4dd4-a005-414dac6239f0
2021-10-16 02:30:42,912 [Listener at 127.0.0.1/13164] INFO  server.StorageContainerManager (StorageContainerManager.java:stop(1395)) - Stopping Container Balancer service.
2021-10-16 02:30:42,912 [Listener at 127.0.0.1/13164] INFO  balancer.ContainerBalancer (ContainerBalancer.java:stop(753)) - Container Balancer is not running.
2021-10-16 02:30:42,912 [Listener at 127.0.0.1/13164] INFO  server.StorageContainerManager (StorageContainerManager.java:stop(1402)) - Stopping Replication Manager Service.
2021-10-16 02:30:42,912 [Listener at 127.0.0.1/13164] INFO  container.ReplicationManager (ReplicationManager.java:stop(350)) - Stopping Replication Monitor Thread.
2021-10-16 02:30:42,912 [Listener at 127.0.0.1/13164] INFO  server.StorageContainerManager (StorageContainerManager.java:stop(1409)) - Stopping the Datanode Admin Monitor.
2021-10-16 02:30:42,913 [Listener at 127.0.0.1/13164] INFO  server.StorageContainerManager (StorageContainerManager.java:stop(1416)) - Stopping Lease Manager of the command watchers
2021-10-16 02:30:42,913 [Listener at 127.0.0.1/13164] INFO  server.StorageContainerManager (StorageContainerManager.java:stop(1423)) - Stopping datanode service RPC server
2021-10-16 02:30:42,913 [Listener at 127.0.0.1/13164] INFO  server.SCMDatanodeProtocolServer (SCMDatanodeProtocolServer.java:stop(389)) - Stopping the RPC server for DataNodes
2021-10-16 02:30:42,913 [Listener at 127.0.0.1/13164] INFO  ipc.Server (Server.java:stop(3414)) - Stopping server on 13955
2021-10-16 02:30:42,916 [IPC Server listener on 13955] INFO  ipc.Server (Server.java:run(1376)) - Stopping IPC Server listener on 13955
2021-10-16 02:30:42,922 [IPC Server Responder] INFO  ipc.Server (Server.java:run(1512)) - Stopping IPC Server Responder
2021-10-16 02:30:42,936 [SCM Heartbeat Processing Thread - 0] WARN  node.NodeStateManager (NodeStateManager.java:scheduleNextHealthCheck(799)) - Current Thread is interrupted, shutting down HB processing thread for Node Manager.
2021-10-16 02:30:42,940 [Listener at 127.0.0.1/13164] INFO  server.StorageContainerManager (StorageContainerManager.java:stop(1431)) - Stopping block service RPC server
2021-10-16 02:30:42,941 [Listener at 127.0.0.1/13164] INFO  server.SCMBlockProtocolServer (SCMBlockProtocolServer.java:stop(160)) - Stopping the RPC server for Block Protocol
2021-10-16 02:30:42,941 [Listener at 127.0.0.1/13164] INFO  ipc.Server (Server.java:stop(3414)) - Stopping server on 13956
2021-10-16 02:30:42,946 [IPC Server listener on 13956] INFO  ipc.Server (Server.java:run(1376)) - Stopping IPC Server listener on 13956
2021-10-16 02:30:42,946 [Listener at 127.0.0.1/13164] INFO  server.StorageContainerManager (StorageContainerManager.java:stop(1438)) - Stopping the StorageContainerLocationProtocol RPC server
2021-10-16 02:30:42,954 [Listener at 127.0.0.1/13164] INFO  server.SCMClientProtocolServer (SCMClientProtocolServer.java:stop(173)) - Stopping the RPC server for Client Protocol
2021-10-16 02:30:42,954 [Listener at 127.0.0.1/13164] INFO  ipc.Server (Server.java:stop(3414)) - Stopping server on 13957
2021-10-16 02:30:42,955 [IPC Server Responder] INFO  ipc.Server (Server.java:run(1512)) - Stopping IPC Server Responder
2021-10-16 02:30:42,958 [IPC Server Responder] INFO  ipc.Server (Server.java:run(1512)) - Stopping IPC Server Responder
2021-10-16 02:30:42,958 [Listener at 127.0.0.1/13164] INFO  server.StorageContainerManager (StorageContainerManager.java:stop(1445)) - Stopping Storage Container Manager HTTP server.
2021-10-16 02:30:42,959 [Listener at 127.0.0.1/13164] INFO  handler.ContextHandler (ContextHandler.java:doStop(1153)) - Stopped o.e.j.w.WebAppContext@592fb393{scm,/,null,STOPPED}{file:/home/runner/work/ozone/ozone/hadoop-ozone/integration-test/target/test-classes/webapps/scm}
2021-10-16 02:30:42,959 [IPC Server listener on 13957] INFO  ipc.Server (Server.java:run(1376)) - Stopping IPC Server listener on 13957
2021-10-16 02:30:42,964 [Listener at 127.0.0.1/13164] INFO  server.AbstractConnector (AbstractConnector.java:doStop(381)) - Stopped ServerConnector@46343f97{HTTP/1.1, (http/1.1)}{0.0.0.0:13952}
2021-10-16 02:30:42,964 [Listener at 127.0.0.1/13164] INFO  server.session (HouseKeeper.java:stopScavenging(149)) - node0 Stopped scavenging
2021-10-16 02:30:42,965 [Listener at 127.0.0.1/13164] INFO  handler.ContextHandler (ContextHandler.java:doStop(1153)) - Stopped o.e.j.s.ServletContextHandler@59d44c64{static,/static,file:///home/runner/work/ozone/ozone/hadoop-ozone/integration-test/target/test-classes/webapps/static,STOPPED}
2021-10-16 02:30:42,965 [Listener at 127.0.0.1/13164] INFO  handler.ContextHandler (ContextHandler.java:doStop(1153)) - Stopped o.e.j.s.ServletContextHandler@13190f44{logs,/logs,file:///home/runner/work/ozone/ozone/hadoop-ozone/integration-test/target/log,STOPPED}
2021-10-16 02:30:42,968 [Listener at 127.0.0.1/13164] INFO  server.StorageContainerManager (StorageContainerManager.java:stop(1456)) - Stopping Block Manager Service.
2021-10-16 02:30:42,968 [Listener at 127.0.0.1/13164] INFO  utils.BackgroundService (BackgroundService.java:shutdown(132)) - Shutting down service SCMBlockDeletingService
2021-10-16 02:30:42,968 [Listener at 127.0.0.1/13164] INFO  utils.BackgroundService (BackgroundService.java:shutdown(132)) - Shutting down service SCMBlockDeletingService
2021-10-16 02:30:42,969 [Listener at 127.0.0.1/13164] INFO  server.StorageContainerManager (StorageContainerManager.java:stop(1483)) - Stopping SCM Event Queue.
2021-10-16 02:30:42,974 [Listener at 127.0.0.1/13164] INFO  server.StorageContainerManager (StorageContainerManager.java:stop(1494)) - Stopping SCM HA services.
2021-10-16 02:30:42,974 [Listener at 127.0.0.1/13164] INFO  ha.SCMRatisServerImpl (SCMRatisServerImpl.java:stop(236)) - stopping ratis server 0.0.0.0:13954
2021-10-16 02:30:42,975 [Listener at 127.0.0.1/13164] INFO  server.RaftServer (RaftServerProxy.java:lambda$close$6(391)) - 8377993e-4b96-4dd4-a005-414dac6239f0: close
2021-10-16 02:30:42,975 [Listener at 127.0.0.1/13164] INFO  server.RaftServer$Division (RaftServerImpl.java:lambda$close$4(407)) - 8377993e-4b96-4dd4-a005-414dac6239f0@group-FCCD761457F8: shutdown
2021-10-16 02:30:42,975 [Listener at 127.0.0.1/13164] INFO  util.JmxRegister (JmxRegister.java:unregister(73)) - Successfully un-registered JMX Bean with object name Ratis:service=RaftServer,group=group-FCCD761457F8,id=8377993e-4b96-4dd4-a005-414dac6239f0
2021-10-16 02:30:42,975 [Listener at 127.0.0.1/13164] INFO  impl.RoleInfo (RoleInfo.java:shutdownFollowerState(108)) - 8377993e-4b96-4dd4-a005-414dac6239f0: shutdown 8377993e-4b96-4dd4-a005-414dac6239f0@group-FCCD761457F8-FollowerState
2021-10-16 02:30:42,976 [8377993e-4b96-4dd4-a005-414dac6239f0@group-FCCD761457F8-FollowerState] INFO  impl.FollowerState (FollowerState.java:run(143)) - 8377993e-4b96-4dd4-a005-414dac6239f0@group-FCCD761457F8-FollowerState was interrupted: {}
java.lang.InterruptedException: sleep interrupted
	at java.lang.Thread.sleep(Native Method)
	at java.lang.Thread.sleep(Thread.java:340)
	at java.util.concurrent.TimeUnit.sleep(TimeUnit.java:386)
	at org.apache.ratis.util.TimeDuration.sleep(TimeDuration.java:324)
	at org.apache.ratis.util.TimeDuration.sleep(TimeDuration.java:309)
	at org.apache.ratis.server.impl.FollowerState.run(FollowerState.java:118)
2021-10-16 02:30:42,976 [8377993e-4b96-4dd4-a005-414dac6239f0@group-FCCD761457F8-StateMachineUpdater] INFO  ha.SCMStateMachine (SCMStateMachine.java:takeSnapshot(290)) - Current Snapshot Index 29, takeSnapshot took 0 ms
2021-10-16 02:30:42,976 [8377993e-4b96-4dd4-a005-414dac6239f0@group-FCCD761457F8-StateMachineUpdater] INFO  impl.StateMachineUpdater (StateMachineUpdater.java:takeSnapshot(281)) - 8377993e-4b96-4dd4-a005-414dac6239f0@group-FCCD761457F8-StateMachineUpdater: Took a snapshot at index 29
2021-10-16 02:30:42,976 [8377993e-4b96-4dd4-a005-414dac6239f0@group-FCCD761457F8-StateMachineUpdater] INFO  impl.StateMachineUpdater (StateMachineUpdater.java:lambda$new$0(89)) - 8377993e-4b96-4dd4-a005-414dac6239f0@group-FCCD761457F8-StateMachineUpdater: snapshotIndex: updateIncreasingly 25 -> 29
2021-10-16 02:30:42,977 [Listener at 127.0.0.1/13164] INFO  impl.StateMachineUpdater (StateMachineUpdater.java:stopAndJoin(149)) - 8377993e-4b96-4dd4-a005-414dac6239f0@group-FCCD761457F8-StateMachineUpdater: set stopIndex = 29
2021-10-16 02:30:42,977 [Listener at 127.0.0.1/13164] INFO  server.RaftServer$Division (ServerState.java:close(419)) - 8377993e-4b96-4dd4-a005-414dac6239f0@group-FCCD761457F8: closes. applyIndex: 28
2021-10-16 02:30:42,977 [8377993e-4b96-4dd4-a005-414dac6239f0@group-FCCD761457F8-SegmentedRaftLogWorker] INFO  segmented.SegmentedRaftLogWorker (SegmentedRaftLogWorker.java:run(327)) - 8377993e-4b96-4dd4-a005-414dac6239f0@group-FCCD761457F8-SegmentedRaftLogWorker was interrupted, exiting. There are 0 tasks remaining in the queue.
2021-10-16 02:30:42,980 [Listener at 127.0.0.1/13164] INFO  segmented.SegmentedRaftLogWorker (SegmentedRaftLogWorker.java:close(237)) - 8377993e-4b96-4dd4-a005-414dac6239f0@group-FCCD761457F8-SegmentedRaftLogWorker close()
2021-10-16 02:30:42,983 [Listener at 127.0.0.1/13164] INFO  server.GrpcService (GrpcService.java:closeImpl(262)) - 8377993e-4b96-4dd4-a005-414dac6239f0: shutdown server with port 13954 now
2021-10-16 02:30:42,985 [grpc-default-executor-0] WARN  server.GrpcServerProtocolService (LogUtils.java:warn(122)) - 8377993e-4b96-4dd4-a005-414dac6239f0: installSnapshot onError, lastRequest: 3deaabcd-f5f1-47ac-8cd4-644b2fe93232->8377993e-4b96-4dd4-a005-414dac6239f0#947-t2,previous=(t:2, i:29),leaderCommit=29,initializing? true,entries: size=1, first=(t:2, i:30), METADATAENTRY(c:29): org.apache.ratis.thirdparty.io.grpc.StatusRuntimeException: CANCELLED: client cancelled
2021-10-16 02:30:42,986 [grpc-default-executor-3] WARN  server.GrpcLogAppender (LogUtils.java:warn(122)) - 3deaabcd-f5f1-47ac-8cd4-644b2fe93232@group-FCCD761457F8->8377993e-4b96-4dd4-a005-414dac6239f0-AppendLogResponseHandler: Failed appendEntries: org.apache.ratis.thirdparty.io.grpc.StatusRuntimeException: CANCELLED: HTTP/2 error code: CANCEL
Received Rst Stream
2021-10-16 02:30:42,986 [grpc-default-executor-3] INFO  leader.FollowerInfo (FollowerInfoImpl.java:lambda$new$0(46)) - 3deaabcd-f5f1-47ac-8cd4-644b2fe93232@group-FCCD761457F8->8377993e-4b96-4dd4-a005-414dac6239f0: nextIndex: updateUnconditionally 31 -> 30
2021-10-16 02:30:42,992 [Listener at 127.0.0.1/13164] INFO  server.GrpcService (GrpcService.java:closeImpl(271)) - 8377993e-4b96-4dd4-a005-414dac6239f0: shutdown server with port 13954 successfully
2021-10-16 02:30:42,992 [org.apache.ratis.util.JvmPauseMonitor$$Lambda$499/17331878@3354dd3] INFO  util.JvmPauseMonitor (JvmPauseMonitor.java:run(109)) - JvmPauseMonitor-8377993e-4b96-4dd4-a005-414dac6239f0: Stopped
2021-10-16 02:30:42,993 [Listener at 127.0.0.1/13164] INFO  pipeline.BackgroundPipelineCreator (BackgroundPipelineCreator.java:stop(158)) - Stopping RatisPipelineUtilsThread.
2021-10-16 02:30:42,993 [Listener at 127.0.0.1/13164] INFO  server.StorageContainerManager (StorageContainerManager.java:stop(1504)) - Stopping SCM MetadataStore.
2021-10-16 02:30:42,994 [Listener at 127.0.0.1/13164] INFO  impl.MetricsSystemImpl (MetricsSystemImpl.java:stop(210)) - Stopping StorageContainerManager metrics system...
2021-10-16 02:30:43,010 [grpc-default-executor-0] WARN  server.GrpcLogAppender (LogUtils.java:warn(122)) - 3deaabcd-f5f1-47ac-8cd4-644b2fe93232@group-FCCD761457F8->8377993e-4b96-4dd4-a005-414dac6239f0-AppendLogResponseHandler: Failed appendEntries: org.apache.ratis.thirdparty.io.grpc.StatusRuntimeException: UNAVAILABLE: io exception
2021-10-16 02:30:43,011 [grpc-default-executor-0] INFO  leader.FollowerInfo (FollowerInfoImpl.java:lambda$new$0(46)) - 3deaabcd-f5f1-47ac-8cd4-644b2fe93232@group-FCCD761457F8->8377993e-4b96-4dd4-a005-414dac6239f0: nextIndex: updateUnconditionally 31 -> 30
2021-10-16 02:30:43,018 [prometheus] INFO  impl.MetricsSinkAdapter (MetricsSinkAdapter.java:publishMetricsFromQueue(141)) - prometheus thread interrupted.
2021-10-16 02:30:43,019 [Listener at 127.0.0.1/13164] INFO  impl.MetricsSystemImpl (MetricsSystemImpl.java:stop(216)) - StorageContainerManager metrics system stopped.
2021-10-16 02:30:43,019 [Listener at 127.0.0.1/13164] INFO  ozone.MiniOzoneHAClusterImpl (MiniOzoneHAClusterImpl.java:stop(306)) - Stopping the StorageContainerManager 3deaabcd-f5f1-47ac-8cd4-644b2fe93232
2021-10-16 02:30:43,019 [Listener at 127.0.0.1/13164] INFO  server.StorageContainerManager (StorageContainerManager.java:stop(1395)) - Stopping Container Balancer service.
2021-10-16 02:30:43,019 [Listener at 127.0.0.1/13164] INFO  balancer.ContainerBalancer (ContainerBalancer.java:stop(753)) - Container Balancer is not running.
2021-10-16 02:30:43,020 [Listener at 127.0.0.1/13164] INFO  server.StorageContainerManager (StorageContainerManager.java:stop(1402)) - Stopping Replication Manager Service.
2021-10-16 02:30:43,020 [Listener at 127.0.0.1/13164] INFO  container.ReplicationManager (ReplicationManager.java:stop(350)) - Stopping Replication Monitor Thread.
2021-10-16 02:30:43,020 [Listener at 127.0.0.1/13164] INFO  server.StorageContainerManager (StorageContainerManager.java:stop(1409)) - Stopping the Datanode Admin Monitor.
2021-10-16 02:30:43,021 [Listener at 127.0.0.1/13164] INFO  server.StorageContainerManager (StorageContainerManager.java:stop(1416)) - Stopping Lease Manager of the command watchers
2021-10-16 02:30:43,021 [Listener at 127.0.0.1/13164] INFO  server.StorageContainerManager (StorageContainerManager.java:stop(1423)) - Stopping datanode service RPC server
2021-10-16 02:30:43,021 [Listener at 127.0.0.1/13164] INFO  server.SCMDatanodeProtocolServer (SCMDatanodeProtocolServer.java:stop(389)) - Stopping the RPC server for DataNodes
2021-10-16 02:30:43,022 [Listener at 127.0.0.1/13164] INFO  ipc.Server (Server.java:stop(3414)) - Stopping server on 13945
2021-10-16 02:30:43,035 [IPC Server listener on 13945] INFO  ipc.Server (Server.java:run(1376)) - Stopping IPC Server listener on 13945
2021-10-16 02:30:43,044 [IPC Server Responder] INFO  ipc.Server (Server.java:run(1512)) - Stopping IPC Server Responder
2021-10-16 02:30:43,184 [EndpointStateMachine task thread for /127.0.0.1:13945 - 0 ] WARN  statemachine.EndpointStateMachine (EndpointStateMachine.java:logIfNeeded(236)) - Unable to communicate to SCM server at 127.0.0.1:13945 for past 0 seconds.
java.io.EOFException: End of File Exception between local host is: "fv-az59-128/10.1.0.78"; destination host is: "localhost":13945; : java.io.EOFException; For more details see:  http://wiki.apache.org/hadoop/EOFException
	at sun.reflect.NativeConstructorAccessorImpl.newInstance0(Native Method)
	at sun.reflect.NativeConstructorAccessorImpl.newInstance(NativeConstructorAccessorImpl.java:62)
	at sun.reflect.DelegatingConstructorAccessorImpl.newInstance(DelegatingConstructorAccessorImpl.java:45)
	at java.lang.reflect.Constructor.newInstance(Constructor.java:423)
	at org.apache.hadoop.net.NetUtils.wrapWithMessage(NetUtils.java:913)
	at org.apache.hadoop.net.NetUtils.wrapException(NetUtils.java:862)
	at org.apache.hadoop.ipc.Client.getRpcResponse(Client.java:1577)
	at org.apache.hadoop.ipc.Client.call(Client.java:1519)
	at org.apache.hadoop.ipc.Client.call(Client.java:1416)
	at org.apache.hadoop.ipc.ProtobufRpcEngine$Invoker.invoke(ProtobufRpcEngine.java:236)
	at org.apache.hadoop.ipc.ProtobufRpcEngine$Invoker.invoke(ProtobufRpcEngine.java:123)
	at com.sun.proxy.$Proxy48.submitRequest(Unknown Source)
	at org.apache.hadoop.ozone.protocolPB.StorageContainerDatanodeProtocolClientSideTranslatorPB.submitRequest(StorageContainerDatanodeProtocolClientSideTranslatorPB.java:117)
	at org.apache.hadoop.ozone.protocolPB.StorageContainerDatanodeProtocolClientSideTranslatorPB.sendHeartbeat(StorageContainerDatanodeProtocolClientSideTranslatorPB.java:149)
	at org.apache.hadoop.ozone.container.common.states.endpoint.HeartbeatEndpointTask.call(HeartbeatEndpointTask.java:179)
	at org.apache.hadoop.ozone.container.common.states.endpoint.HeartbeatEndpointTask.call(HeartbeatEndpointTask.java:82)
	at java.util.concurrent.FutureTask.run(FutureTask.java:266)
	at java.util.concurrent.ThreadPoolExecutor.runWorker(ThreadPoolExecutor.java:1149)
	at java.util.concurrent.ThreadPoolExecutor$Worker.run(ThreadPoolExecutor.java:624)
	at java.lang.Thread.run(Thread.java:748)
Caused by: java.io.EOFException
	at java.io.DataInputStream.readInt(DataInputStream.java:392)
	at org.apache.hadoop.ipc.Client$IpcStreams.readResponse(Client.java:1892)
	at org.apache.hadoop.ipc.Client$Connection.receiveRpcResponse(Client.java:1202)
	at org.apache.hadoop.ipc.Client$Connection.run(Client.java:1098)
2021-10-16 02:30:43,185 [EndpointStateMachine task thread for /127.0.0.1:13955 - 0 ] WARN  statemachine.EndpointStateMachine (EndpointStateMachine.java:logIfNeeded(236)) - Unable to communicate to SCM server at 127.0.0.1:13955 for past 0 seconds.
java.io.EOFException: End of File Exception between local host is: "fv-az59-128/10.1.0.78"; destination host is: "localhost":13955; : java.io.EOFException; For more details see:  http://wiki.apache.org/hadoop/EOFException
	at sun.reflect.NativeConstructorAccessorImpl.newInstance0(Native Method)
	at sun.reflect.NativeConstructorAccessorImpl.newInstance(NativeConstructorAccessorImpl.java:62)
	at sun.reflect.DelegatingConstructorAccessorImpl.newInstance(DelegatingConstructorAccessorImpl.java:45)
	at java.lang.reflect.Constructor.newInstance(Constructor.java:423)
	at org.apache.hadoop.net.NetUtils.wrapWithMessage(NetUtils.java:913)
	at org.apache.hadoop.net.NetUtils.wrapException(NetUtils.java:862)
	at org.apache.hadoop.ipc.Client.getRpcResponse(Client.java:1577)
	at org.apache.hadoop.ipc.Client.call(Client.java:1519)
	at org.apache.hadoop.ipc.Client.call(Client.java:1416)
	at org.apache.hadoop.ipc.ProtobufRpcEngine$Invoker.invoke(ProtobufRpcEngine.java:236)
	at org.apache.hadoop.ipc.ProtobufRpcEngine$Invoker.invoke(ProtobufRpcEngine.java:123)
	at com.sun.proxy.$Proxy48.submitRequest(Unknown Source)
	at org.apache.hadoop.ozone.protocolPB.StorageContainerDatanodeProtocolClientSideTranslatorPB.submitRequest(StorageContainerDatanodeProtocolClientSideTranslatorPB.java:117)
	at org.apache.hadoop.ozone.protocolPB.StorageContainerDatanodeProtocolClientSideTranslatorPB.sendHeartbeat(StorageContainerDatanodeProtocolClientSideTranslatorPB.java:149)
	at org.apache.hadoop.ozone.container.common.states.endpoint.HeartbeatEndpointTask.call(HeartbeatEndpointTask.java:179)
	at org.apache.hadoop.ozone.container.common.states.endpoint.HeartbeatEndpointTask.call(HeartbeatEndpointTask.java:82)
	at java.util.concurrent.FutureTask.run(FutureTask.java:266)
	at java.util.concurrent.ThreadPoolExecutor.runWorker(ThreadPoolExecutor.java:1149)
	at java.util.concurrent.ThreadPoolExecutor$Worker.run(ThreadPoolExecutor.java:624)
	at java.lang.Thread.run(Thread.java:748)
Caused by: java.io.EOFException
	at java.io.DataInputStream.readInt(DataInputStream.java:392)
	at org.apache.hadoop.ipc.Client$IpcStreams.readResponse(Client.java:1892)
	at org.apache.hadoop.ipc.Client$Connection.receiveRpcResponse(Client.java:1202)
	at org.apache.hadoop.ipc.Client$Connection.run(Client.java:1098)
2021-10-16 02:30:43,185 [IPC Server handler 16 on default port 13965] INFO  net.NetworkTopologyImpl (NetworkTopologyImpl.java:add(112)) - Added a new node: /default-rack/edc74d86-77ab-4f9b-98f8-a274c803e3f6
2021-10-16 02:30:43,189 [IPC Server handler 16 on default port 13965] INFO  node.SCMNodeManager (SCMNodeManager.java:register(389)) - Registered Data node : edc74d86-77ab-4f9b-98f8-a274c803e3f6{ip: 127.0.0.1, host: localhost, ports: [REPLICATION=34203, RATIS=40253, RATIS_ADMIN=40253, RATIS_SERVER=40253, STANDALONE=46341], networkLocation: /default-rack, certSerialId: null, persistedOpState: null, persistedOpStateExpiryEpochSec: 0}
2021-10-16 02:30:43,189 [EventQueue-NewNodeForNewNodeHandler] INFO  pipeline.BackgroundPipelineCreator (BackgroundPipelineCreator.java:notifyEventTriggered(279)) - ignore, not leader SCM.
2021-10-16 02:30:43,254 [SCM Heartbeat Processing Thread - 0] WARN  node.NodeStateManager (NodeStateManager.java:scheduleNextHealthCheck(799)) - Current Thread is interrupted, shutting down HB processing thread for Node Manager.
2021-10-16 02:30:43,255 [Listener at 127.0.0.1/13164] INFO  server.StorageContainerManager (StorageContainerManager.java:stop(1431)) - Stopping block service RPC server
2021-10-16 02:30:43,255 [Listener at 127.0.0.1/13164] INFO  server.SCMBlockProtocolServer (SCMBlockProtocolServer.java:stop(160)) - Stopping the RPC server for Block Protocol
2021-10-16 02:30:43,255 [Listener at 127.0.0.1/13164] INFO  ipc.Server (Server.java:stop(3414)) - Stopping server on 13946
2021-10-16 02:30:43,264 [IPC Server listener on 13946] INFO  ipc.Server (Server.java:run(1376)) - Stopping IPC Server listener on 13946
2021-10-16 02:30:43,271 [Listener at 127.0.0.1/13164] INFO  server.StorageContainerManager (StorageContainerManager.java:stop(1438)) - Stopping the StorageContainerLocationProtocol RPC server
2021-10-16 02:30:43,271 [Listener at 127.0.0.1/13164] INFO  server.SCMClientProtocolServer (SCMClientProtocolServer.java:stop(173)) - Stopping the RPC server for Client Protocol
2021-10-16 02:30:43,272 [Listener at 127.0.0.1/13164] INFO  ipc.Server (Server.java:stop(3414)) - Stopping server on 13947
2021-10-16 02:30:43,271 [IPC Server Responder] INFO  ipc.Server (Server.java:run(1512)) - Stopping IPC Server Responder
2021-10-16 02:30:43,284 [IPC Server listener on 13947] INFO  ipc.Server (Server.java:run(1376)) - Stopping IPC Server listener on 13947
2021-10-16 02:30:43,289 [IPC Server Responder] INFO  ipc.Server (Server.java:run(1512)) - Stopping IPC Server Responder
2021-10-16 02:30:43,289 [Listener at 127.0.0.1/13164] INFO  server.StorageContainerManager (StorageContainerManager.java:stop(1445)) - Stopping Storage Container Manager HTTP server.
2021-10-16 02:30:43,290 [Listener at 127.0.0.1/13164] INFO  handler.ContextHandler (ContextHandler.java:doStop(1153)) - Stopped o.e.j.w.WebAppContext@1ef39b1a{scm,/,null,STOPPED}{file:/home/runner/work/ozone/ozone/hadoop-ozone/integration-test/target/test-classes/webapps/scm}
2021-10-16 02:30:43,292 [Listener at 127.0.0.1/13164] INFO  server.AbstractConnector (AbstractConnector.java:doStop(381)) - Stopped ServerConnector@7d776202{HTTP/1.1, (http/1.1)}{0.0.0.0:13942}
2021-10-16 02:30:43,292 [Listener at 127.0.0.1/13164] INFO  server.session (HouseKeeper.java:stopScavenging(149)) - node0 Stopped scavenging
2021-10-16 02:30:43,293 [Listener at 127.0.0.1/13164] INFO  handler.ContextHandler (ContextHandler.java:doStop(1153)) - Stopped o.e.j.s.ServletContextHandler@4544bccb{static,/static,file:///home/runner/work/ozone/ozone/hadoop-ozone/integration-test/target/test-classes/webapps/static,STOPPED}
2021-10-16 02:30:43,293 [Listener at 127.0.0.1/13164] INFO  handler.ContextHandler (ContextHandler.java:doStop(1153)) - Stopped o.e.j.s.ServletContextHandler@54a989ec{logs,/logs,file:///home/runner/work/ozone/ozone/hadoop-ozone/integration-test/target/log,STOPPED}
2021-10-16 02:30:43,298 [Listener at 127.0.0.1/13164] INFO  server.StorageContainerManager (StorageContainerManager.java:stop(1456)) - Stopping Block Manager Service.
2021-10-16 02:30:43,299 [Listener at 127.0.0.1/13164] INFO  utils.BackgroundService (BackgroundService.java:shutdown(132)) - Shutting down service SCMBlockDeletingService
2021-10-16 02:30:43,299 [Listener at 127.0.0.1/13164] INFO  utils.BackgroundService (BackgroundService.java:shutdown(132)) - Shutting down service SCMBlockDeletingService
2021-10-16 02:30:43,299 [Listener at 127.0.0.1/13164] INFO  server.StorageContainerManager (StorageContainerManager.java:stop(1483)) - Stopping SCM Event Queue.
2021-10-16 02:30:43,302 [Listener at 127.0.0.1/13164] INFO  server.StorageContainerManager (StorageContainerManager.java:stop(1494)) - Stopping SCM HA services.
2021-10-16 02:30:43,302 [Listener at 127.0.0.1/13164] INFO  ha.SCMRatisServerImpl (SCMRatisServerImpl.java:stop(236)) - stopping ratis server 0.0.0.0:13944
2021-10-16 02:30:43,302 [Listener at 127.0.0.1/13164] INFO  server.RaftServer (RaftServerProxy.java:lambda$close$6(391)) - 3deaabcd-f5f1-47ac-8cd4-644b2fe93232: close
2021-10-16 02:30:43,303 [Listener at 127.0.0.1/13164] INFO  server.RaftServer$Division (RaftServerImpl.java:lambda$close$4(407)) - 3deaabcd-f5f1-47ac-8cd4-644b2fe93232@group-FCCD761457F8: shutdown
2021-10-16 02:30:43,303 [Listener at 127.0.0.1/13164] INFO  util.JmxRegister (JmxRegister.java:unregister(73)) - Successfully un-registered JMX Bean with object name Ratis:service=RaftServer,group=group-FCCD761457F8,id=3deaabcd-f5f1-47ac-8cd4-644b2fe93232
2021-10-16 02:30:43,303 [Listener at 127.0.0.1/13164] INFO  impl.RoleInfo (RoleInfo.java:shutdownLeaderState(91)) - 3deaabcd-f5f1-47ac-8cd4-644b2fe93232: shutdown 3deaabcd-f5f1-47ac-8cd4-644b2fe93232@group-FCCD761457F8-LeaderStateImpl
2021-10-16 02:30:43,304 [3deaabcd-f5f1-47ac-8cd4-644b2fe93232@group-FCCD761457F8->cc44bade-b222-412b-91cb-7451c55d5287-GrpcLogAppender-LogAppenderDaemon] WARN  server.GrpcLogAppender (GrpcLogAppender.java:mayWait(175)) - 3deaabcd-f5f1-47ac-8cd4-644b2fe93232@group-FCCD761457F8->cc44bade-b222-412b-91cb-7451c55d5287-GrpcLogAppender: Wait interrupted by java.lang.InterruptedException
2021-10-16 02:30:43,304 [3deaabcd-f5f1-47ac-8cd4-644b2fe93232@group-FCCD761457F8->8377993e-4b96-4dd4-a005-414dac6239f0-GrpcLogAppender-LogAppenderDaemon] WARN  server.GrpcLogAppender (GrpcLogAppender.java:mayWait(175)) - 3deaabcd-f5f1-47ac-8cd4-644b2fe93232@group-FCCD761457F8->8377993e-4b96-4dd4-a005-414dac6239f0-GrpcLogAppender: Wait interrupted by java.lang.InterruptedException
2021-10-16 02:30:43,305 [grpc-default-executor-0] INFO  server.GrpcServerProtocolService (GrpcServerProtocolService.java:onCompleted(140)) - cc44bade-b222-412b-91cb-7451c55d5287: Completed APPEND_ENTRIES, lastRequest: 3deaabcd-f5f1-47ac-8cd4-644b2fe93232->cc44bade-b222-412b-91cb-7451c55d5287#42-t2,previous=(t:2, i:29),leaderCommit=29,initializing? true,entries: size=1, first=(t:2, i:30), METADATAENTRY(c:29)
2021-10-16 02:30:43,306 [Listener at 127.0.0.1/13164] INFO  impl.PendingRequests (PendingRequests.java:sendNotLeaderResponses(282)) - 3deaabcd-f5f1-47ac-8cd4-644b2fe93232@group-FCCD761457F8-PendingRequests: sendNotLeaderResponses
2021-10-16 02:30:43,306 [grpc-default-executor-0] INFO  server.GrpcLogAppender (GrpcLogAppender.java:onCompleted(344)) - 3deaabcd-f5f1-47ac-8cd4-644b2fe93232@group-FCCD761457F8->cc44bade-b222-412b-91cb-7451c55d5287-AppendLogResponseHandler: follower responses appendEntries COMPLETED
2021-10-16 02:30:43,308 [grpc-default-executor-0] INFO  leader.FollowerInfo (FollowerInfoImpl.java:lambda$new$0(46)) - 3deaabcd-f5f1-47ac-8cd4-644b2fe93232@group-FCCD761457F8->cc44bade-b222-412b-91cb-7451c55d5287: nextIndex: updateUnconditionally 31 -> 30
2021-10-16 02:30:43,308 [Listener at 127.0.0.1/13164] INFO  ha.SCMStateMachine (SCMStateMachine.java:notifyNotLeader(183)) - current leader SCM steps down.
2021-10-16 02:30:43,310 [Listener at 127.0.0.1/13164] INFO  ha.SCMContext (SCMContext.java:updateLeaderAndTerm(88)) - update <isLeader,term> from <true,2> to <false,0>
2021-10-16 02:30:43,320 [Listener at 127.0.0.1/13164] INFO  ha.SCMContext (SCMContext.java:updateLeaderAndTerm(95)) - update <isLeaderReady> from <false> to <false>
2021-10-16 02:30:43,323 [Listener at 127.0.0.1/13164] INFO  impl.StateMachineUpdater (StateMachineUpdater.java:stopAndJoin(149)) - 3deaabcd-f5f1-47ac-8cd4-644b2fe93232@group-FCCD761457F8-StateMachineUpdater: set stopIndex = 30
2021-10-16 02:30:43,323 [Listener at 127.0.0.1/13164] INFO  server.RaftServer$Division (ServerState.java:close(419)) - 3deaabcd-f5f1-47ac-8cd4-644b2fe93232@group-FCCD761457F8: closes. applyIndex: 30
2021-10-16 02:30:43,324 [3deaabcd-f5f1-47ac-8cd4-644b2fe93232@group-FCCD761457F8-SegmentedRaftLogWorker] INFO  segmented.SegmentedRaftLogWorker (SegmentedRaftLogWorker.java:run(327)) - 3deaabcd-f5f1-47ac-8cd4-644b2fe93232@group-FCCD761457F8-SegmentedRaftLogWorker was interrupted, exiting. There are 0 tasks remaining in the queue.
2021-10-16 02:30:43,324 [Listener at 127.0.0.1/13164] INFO  segmented.SegmentedRaftLogWorker (SegmentedRaftLogWorker.java:close(237)) - 3deaabcd-f5f1-47ac-8cd4-644b2fe93232@group-FCCD761457F8-SegmentedRaftLogWorker close()
2021-10-16 02:30:43,326 [Listener at 127.0.0.1/13164] INFO  server.GrpcService (GrpcService.java:closeImpl(262)) - 3deaabcd-f5f1-47ac-8cd4-644b2fe93232: shutdown server with port 13944 now
2021-10-16 02:30:43,341 [Listener at 127.0.0.1/13164] INFO  server.GrpcService (GrpcService.java:closeImpl(271)) - 3deaabcd-f5f1-47ac-8cd4-644b2fe93232: shutdown server with port 13944 successfully
2021-10-16 02:30:43,341 [org.apache.ratis.util.JvmPauseMonitor$$Lambda$499/17331878@44b4b54] INFO  util.JvmPauseMonitor (JvmPauseMonitor.java:run(109)) - JvmPauseMonitor-3deaabcd-f5f1-47ac-8cd4-644b2fe93232: Stopped
2021-10-16 02:30:43,342 [Listener at 127.0.0.1/13164] INFO  pipeline.BackgroundPipelineCreator (BackgroundPipelineCreator.java:stop(158)) - Stopping RatisPipelineUtilsThread.
2021-10-16 02:30:43,343 [Listener at 127.0.0.1/13164] INFO  server.StorageContainerManager (StorageContainerManager.java:stop(1504)) - Stopping SCM MetadataStore.
2021-10-16 02:30:43,344 [Listener at 127.0.0.1/13164] INFO  impl.MetricsSystemImpl (MetricsSystemImpl.java:stop(205)) - StorageContainerManager metrics system stopped (again)
2021-10-16 02:30:43,344 [Listener at 127.0.0.1/13164] INFO  ozone.MiniOzoneHAClusterImpl (MiniOzoneHAClusterImpl.java:stop(306)) - Stopping the StorageContainerManager cc44bade-b222-412b-91cb-7451c55d5287
2021-10-16 02:30:43,345 [Listener at 127.0.0.1/13164] INFO  server.StorageContainerManager (StorageContainerManager.java:stop(1395)) - Stopping Container Balancer service.
2021-10-16 02:30:43,345 [Listener at 127.0.0.1/13164] INFO  balancer.ContainerBalancer (ContainerBalancer.java:stop(753)) - Container Balancer is not running.
2021-10-16 02:30:43,345 [Listener at 127.0.0.1/13164] INFO  server.StorageContainerManager (StorageContainerManager.java:stop(1402)) - Stopping Replication Manager Service.
2021-10-16 02:30:43,345 [Listener at 127.0.0.1/13164] INFO  container.ReplicationManager (ReplicationManager.java:stop(350)) - Stopping Replication Monitor Thread.
2021-10-16 02:30:43,345 [Listener at 127.0.0.1/13164] INFO  server.StorageContainerManager (StorageContainerManager.java:stop(1409)) - Stopping the Datanode Admin Monitor.
2021-10-16 02:30:43,346 [Listener at 127.0.0.1/13164] INFO  server.StorageContainerManager (StorageContainerManager.java:stop(1416)) - Stopping Lease Manager of the command watchers
2021-10-16 02:30:43,346 [Listener at 127.0.0.1/13164] INFO  server.StorageContainerManager (StorageContainerManager.java:stop(1423)) - Stopping datanode service RPC server
2021-10-16 02:30:43,346 [Listener at 127.0.0.1/13164] INFO  server.SCMDatanodeProtocolServer (SCMDatanodeProtocolServer.java:stop(389)) - Stopping the RPC server for DataNodes
2021-10-16 02:30:43,346 [Listener at 127.0.0.1/13164] INFO  ipc.Server (Server.java:stop(3414)) - Stopping server on 13965
2021-10-16 02:30:43,347 [IPC Server listener on 13965] INFO  ipc.Server (Server.java:run(1376)) - Stopping IPC Server listener on 13965
2021-10-16 02:30:43,350 [IPC Server Responder] INFO  ipc.Server (Server.java:run(1512)) - Stopping IPC Server Responder
2021-10-16 02:30:43,443 [SCM Heartbeat Processing Thread - 0] WARN  node.NodeStateManager (NodeStateManager.java:scheduleNextHealthCheck(799)) - Current Thread is interrupted, shutting down HB processing thread for Node Manager.
2021-10-16 02:30:43,443 [Listener at 127.0.0.1/13164] INFO  server.StorageContainerManager (StorageContainerManager.java:stop(1431)) - Stopping block service RPC server
2021-10-16 02:30:43,443 [Listener at 127.0.0.1/13164] INFO  server.SCMBlockProtocolServer (SCMBlockProtocolServer.java:stop(160)) - Stopping the RPC server for Block Protocol
2021-10-16 02:30:43,443 [Listener at 127.0.0.1/13164] INFO  ipc.Server (Server.java:stop(3414)) - Stopping server on 13966
2021-10-16 02:30:43,446 [IPC Server listener on 13966] INFO  ipc.Server (Server.java:run(1376)) - Stopping IPC Server listener on 13966
2021-10-16 02:30:43,449 [Listener at 127.0.0.1/13164] INFO  server.StorageContainerManager (StorageContainerManager.java:stop(1438)) - Stopping the StorageContainerLocationProtocol RPC server
2021-10-16 02:30:43,449 [Listener at 127.0.0.1/13164] INFO  server.SCMClientProtocolServer (SCMClientProtocolServer.java:stop(173)) - Stopping the RPC server for Client Protocol
2021-10-16 02:30:43,449 [Listener at 127.0.0.1/13164] INFO  ipc.Server (Server.java:stop(3414)) - Stopping server on 13967
2021-10-16 02:30:43,450 [IPC Server Responder] INFO  ipc.Server (Server.java:run(1512)) - Stopping IPC Server Responder
2021-10-16 02:30:43,457 [IPC Server listener on 13967] INFO  ipc.Server (Server.java:run(1376)) - Stopping IPC Server listener on 13967
2021-10-16 02:30:43,458 [IPC Server Responder] INFO  ipc.Server (Server.java:run(1512)) - Stopping IPC Server Responder
2021-10-16 02:30:43,460 [Listener at 127.0.0.1/13164] INFO  server.StorageContainerManager (StorageContainerManager.java:stop(1445)) - Stopping Storage Container Manager HTTP server.
2021-10-16 02:30:43,462 [Listener at 127.0.0.1/13164] INFO  handler.ContextHandler (ContextHandler.java:doStop(1153)) - Stopped o.e.j.w.WebAppContext@ba43f59{scm,/,null,STOPPED}{file:/home/runner/work/ozone/ozone/hadoop-ozone/integration-test/target/test-classes/webapps/scm}
2021-10-16 02:30:43,466 [Listener at 127.0.0.1/13164] INFO  server.AbstractConnector (AbstractConnector.java:doStop(381)) - Stopped ServerConnector@1d74b85d{HTTP/1.1, (http/1.1)}{0.0.0.0:13962}
2021-10-16 02:30:43,467 [Listener at 127.0.0.1/13164] INFO  server.session (HouseKeeper.java:stopScavenging(149)) - node0 Stopped scavenging
2021-10-16 02:30:43,467 [Listener at 127.0.0.1/13164] INFO  handler.ContextHandler (ContextHandler.java:doStop(1153)) - Stopped o.e.j.s.ServletContextHandler@680477b2{static,/static,file:///home/runner/work/ozone/ozone/hadoop-ozone/integration-test/target/test-classes/webapps/static,STOPPED}
2021-10-16 02:30:43,468 [Listener at 127.0.0.1/13164] INFO  handler.ContextHandler (ContextHandler.java:doStop(1153)) - Stopped o.e.j.s.ServletContextHandler@6da05858{logs,/logs,file:///home/runner/work/ozone/ozone/hadoop-ozone/integration-test/target/log,STOPPED}
2021-10-16 02:30:43,470 [Listener at 127.0.0.1/13164] INFO  server.StorageContainerManager (StorageContainerManager.java:stop(1456)) - Stopping Block Manager Service.
2021-10-16 02:30:43,470 [Listener at 127.0.0.1/13164] INFO  utils.BackgroundService (BackgroundService.java:shutdown(132)) - Shutting down service SCMBlockDeletingService
2021-10-16 02:30:43,471 [Listener at 127.0.0.1/13164] INFO  utils.BackgroundService (BackgroundService.java:shutdown(132)) - Shutting down service SCMBlockDeletingService
2021-10-16 02:30:43,471 [Listener at 127.0.0.1/13164] INFO  server.StorageContainerManager (StorageContainerManager.java:stop(1483)) - Stopping SCM Event Queue.
2021-10-16 02:30:43,476 [Listener at 127.0.0.1/13164] INFO  server.StorageContainerManager (StorageContainerManager.java:stop(1494)) - Stopping SCM HA services.
2021-10-16 02:30:43,477 [Listener at 127.0.0.1/13164] INFO  ha.SCMRatisServerImpl (SCMRatisServerImpl.java:stop(236)) - stopping ratis server 0.0.0.0:13964
2021-10-16 02:30:43,477 [Listener at 127.0.0.1/13164] INFO  server.RaftServer (RaftServerProxy.java:lambda$close$6(391)) - cc44bade-b222-412b-91cb-7451c55d5287: close
2021-10-16 02:30:43,478 [Listener at 127.0.0.1/13164] INFO  server.GrpcService (GrpcService.java:closeImpl(262)) - cc44bade-b222-412b-91cb-7451c55d5287: shutdown server with port 13964 now
2021-10-16 02:30:43,485 [Listener at 127.0.0.1/13164] INFO  server.GrpcService (GrpcService.java:closeImpl(271)) - cc44bade-b222-412b-91cb-7451c55d5287: shutdown server with port 13964 successfully
2021-10-16 02:30:43,485 [org.apache.ratis.util.JvmPauseMonitor$$Lambda$499/17331878@886a0f5] INFO  util.JvmPauseMonitor (JvmPauseMonitor.java:run(109)) - JvmPauseMonitor-cc44bade-b222-412b-91cb-7451c55d5287: Stopped
2021-10-16 02:30:43,488 [Listener at 127.0.0.1/13164] INFO  pipeline.BackgroundPipelineCreator (BackgroundPipelineCreator.java:stop(158)) - Stopping RatisPipelineUtilsThread.
2021-10-16 02:30:43,489 [Listener at 127.0.0.1/13164] INFO  server.StorageContainerManager (StorageContainerManager.java:stop(1504)) - Stopping SCM MetadataStore.
2021-10-16 02:30:43,491 [Listener at 127.0.0.1/13164] INFO  impl.MetricsSystemImpl (MetricsSystemImpl.java:stop(205)) - StorageContainerManager metrics system stopped (again)
2021-10-16 02:30:43,492 [Listener at 127.0.0.1/13164] INFO  ozone.MiniOzoneClusterImpl (MiniOzoneClusterImpl.java:stop(468)) - Stopping the Mini Ozone Cluster
2021-10-16 02:30:43,492 [Listener at 127.0.0.1/13164] INFO  ozone.MiniOzoneClusterImpl (MiniOzoneClusterImpl.java:stopDatanodes(527)) - Stopping the HddsDatanodes
2021-10-16 02:30:43,624 [EndpointStateMachine task thread for /127.0.0.1:12777 - 0 ] INFO  ipc.Client (Client.java:handleConnectionFailure(977)) - Retrying connect to server: localhost/127.0.0.1:12777. Already tried 11 time(s); retry policy is RetryUpToMaximumCountWithFixedSleep(maxRetries=15, sleepTime=1000 MILLISECONDS)
2021-10-16 02:30:43,636 [EndpointStateMachine task thread for /127.0.0.1:12757 - 0 ] INFO  ipc.Client (Client.java:handleConnectionFailure(977)) - Retrying connect to server: localhost/127.0.0.1:12757. Already tried 11 time(s); retry policy is RetryUpToMaximumCountWithFixedSleep(maxRetries=15, sleepTime=1000 MILLISECONDS)
2021-10-16 02:30:43,663 [EndpointStateMachine task thread for /127.0.0.1:12767 - 0 ] INFO  ipc.Client (Client.java:handleConnectionFailure(977)) - Retrying connect to server: localhost/127.0.0.1:12767. Already tried 11 time(s); retry policy is RetryUpToMaximumCountWithFixedSleep(maxRetries=15, sleepTime=1000 MILLISECONDS)
2021-10-16 02:30:44,190 [EndpointStateMachine task thread for /127.0.0.1:13965 - 0 ] WARN  statemachine.EndpointStateMachine (EndpointStateMachine.java:logIfNeeded(236)) - Unable to communicate to SCM server at 127.0.0.1:13965 for past 0 seconds.
java.io.EOFException: End of File Exception between local host is: "fv-az59-128/10.1.0.78"; destination host is: "localhost":13965; : java.io.EOFException; For more details see:  http://wiki.apache.org/hadoop/EOFException
	at sun.reflect.NativeConstructorAccessorImpl.newInstance0(Native Method)
	at sun.reflect.NativeConstructorAccessorImpl.newInstance(NativeConstructorAccessorImpl.java:62)
	at sun.reflect.DelegatingConstructorAccessorImpl.newInstance(DelegatingConstructorAccessorImpl.java:45)
	at java.lang.reflect.Constructor.newInstance(Constructor.java:423)
	at org.apache.hadoop.net.NetUtils.wrapWithMessage(NetUtils.java:913)
	at org.apache.hadoop.net.NetUtils.wrapException(NetUtils.java:862)
	at org.apache.hadoop.ipc.Client.getRpcResponse(Client.java:1577)
	at org.apache.hadoop.ipc.Client.call(Client.java:1519)
	at org.apache.hadoop.ipc.Client.call(Client.java:1416)
	at org.apache.hadoop.ipc.ProtobufRpcEngine$Invoker.invoke(ProtobufRpcEngine.java:236)
	at org.apache.hadoop.ipc.ProtobufRpcEngine$Invoker.invoke(ProtobufRpcEngine.java:123)
	at com.sun.proxy.$Proxy48.submitRequest(Unknown Source)
	at org.apache.hadoop.ozone.protocolPB.StorageContainerDatanodeProtocolClientSideTranslatorPB.submitRequest(StorageContainerDatanodeProtocolClientSideTranslatorPB.java:117)
	at org.apache.hadoop.ozone.protocolPB.StorageContainerDatanodeProtocolClientSideTranslatorPB.sendHeartbeat(StorageContainerDatanodeProtocolClientSideTranslatorPB.java:149)
	at org.apache.hadoop.ozone.container.common.states.endpoint.HeartbeatEndpointTask.call(HeartbeatEndpointTask.java:179)
	at org.apache.hadoop.ozone.container.common.states.endpoint.HeartbeatEndpointTask.call(HeartbeatEndpointTask.java:82)
	at java.util.concurrent.FutureTask.run(FutureTask.java:266)
	at java.util.concurrent.ThreadPoolExecutor.runWorker(ThreadPoolExecutor.java:1149)
	at java.util.concurrent.ThreadPoolExecutor$Worker.run(ThreadPoolExecutor.java:624)
	at java.lang.Thread.run(Thread.java:748)
Caused by: java.io.EOFException
	at java.io.DataInputStream.readInt(DataInputStream.java:392)
	at org.apache.hadoop.ipc.Client$IpcStreams.readResponse(Client.java:1892)
	at org.apache.hadoop.ipc.Client$Connection.receiveRpcResponse(Client.java:1202)
	at org.apache.hadoop.ipc.Client$Connection.run(Client.java:1098)
2021-10-16 02:30:44,625 [EndpointStateMachine task thread for /127.0.0.1:12777 - 0 ] INFO  ipc.Client (Client.java:handleConnectionFailure(977)) - Retrying connect to server: localhost/127.0.0.1:12777. Already tried 12 time(s); retry policy is RetryUpToMaximumCountWithFixedSleep(maxRetries=15, sleepTime=1000 MILLISECONDS)
2021-10-16 02:30:44,636 [EndpointStateMachine task thread for /127.0.0.1:12757 - 0 ] INFO  ipc.Client (Client.java:handleConnectionFailure(977)) - Retrying connect to server: localhost/127.0.0.1:12757. Already tried 12 time(s); retry policy is RetryUpToMaximumCountWithFixedSleep(maxRetries=15, sleepTime=1000 MILLISECONDS)
2021-10-16 02:30:44,663 [EndpointStateMachine task thread for /127.0.0.1:12767 - 0 ] INFO  ipc.Client (Client.java:handleConnectionFailure(977)) - Retrying connect to server: localhost/127.0.0.1:12767. Already tried 12 time(s); retry policy is RetryUpToMaximumCountWithFixedSleep(maxRetries=15, sleepTime=1000 MILLISECONDS)
2021-10-16 02:30:45,183 [EndpointStateMachine task thread for /127.0.0.1:13955 - 0 ] INFO  ipc.Client (Client.java:handleConnectionFailure(977)) - Retrying connect to server: localhost/127.0.0.1:13955. Already tried 0 time(s); retry policy is RetryUpToMaximumCountWithFixedSleep(maxRetries=15, sleepTime=1000 MILLISECONDS)
2021-10-16 02:30:45,190 [EndpointStateMachine task thread for /127.0.0.1:13945 - 0 ] INFO  ipc.Client (Client.java:handleConnectionFailure(977)) - Retrying connect to server: localhost/127.0.0.1:13945. Already tried 0 time(s); retry policy is RetryUpToMaximumCountWithFixedSleep(maxRetries=15, sleepTime=1000 MILLISECONDS)
2021-10-16 02:30:45,626 [EndpointStateMachine task thread for /127.0.0.1:12777 - 0 ] INFO  ipc.Client (Client.java:handleConnectionFailure(977)) - Retrying connect to server: localhost/127.0.0.1:12777. Already tried 13 time(s); retry policy is RetryUpToMaximumCountWithFixedSleep(maxRetries=15, sleepTime=1000 MILLISECONDS)
2021-10-16 02:30:45,637 [EndpointStateMachine task thread for /127.0.0.1:12757 - 0 ] INFO  ipc.Client (Client.java:handleConnectionFailure(977)) - Retrying connect to server: localhost/127.0.0.1:12757. Already tried 13 time(s); retry policy is RetryUpToMaximumCountWithFixedSleep(maxRetries=15, sleepTime=1000 MILLISECONDS)
2021-10-16 02:30:45,664 [EndpointStateMachine task thread for /127.0.0.1:12767 - 0 ] INFO  ipc.Client (Client.java:handleConnectionFailure(977)) - Retrying connect to server: localhost/127.0.0.1:12767. Already tried 13 time(s); retry policy is RetryUpToMaximumCountWithFixedSleep(maxRetries=15, sleepTime=1000 MILLISECONDS)
2021-10-16 02:30:46,189 [EndpointStateMachine task thread for /127.0.0.1:13955 - 0 ] INFO  ipc.Client (Client.java:handleConnectionFailure(977)) - Retrying connect to server: localhost/127.0.0.1:13955. Already tried 1 time(s); retry policy is RetryUpToMaximumCountWithFixedSleep(maxRetries=15, sleepTime=1000 MILLISECONDS)
2021-10-16 02:30:46,190 [EndpointStateMachine task thread for /127.0.0.1:13965 - 0 ] INFO  ipc.Client (Client.java:handleConnectionFailure(977)) - Retrying connect to server: localhost/127.0.0.1:13965. Already tried 0 time(s); retry policy is RetryUpToMaximumCountWithFixedSleep(maxRetries=15, sleepTime=1000 MILLISECONDS)
2021-10-16 02:30:46,191 [EndpointStateMachine task thread for /127.0.0.1:13945 - 0 ] INFO  ipc.Client (Client.java:handleConnectionFailure(977)) - Retrying connect to server: localhost/127.0.0.1:13945. Already tried 1 time(s); retry policy is RetryUpToMaximumCountWithFixedSleep(maxRetries=15, sleepTime=1000 MILLISECONDS)
2021-10-16 02:30:46,627 [EndpointStateMachine task thread for /127.0.0.1:12777 - 0 ] INFO  ipc.Client (Client.java:handleConnectionFailure(977)) - Retrying connect to server: localhost/127.0.0.1:12777. Already tried 14 time(s); retry policy is RetryUpToMaximumCountWithFixedSleep(maxRetries=15, sleepTime=1000 MILLISECONDS)
2021-10-16 02:30:46,637 [EndpointStateMachine task thread for /127.0.0.1:12757 - 0 ] INFO  ipc.Client (Client.java:handleConnectionFailure(977)) - Retrying connect to server: localhost/127.0.0.1:12757. Already tried 14 time(s); retry policy is RetryUpToMaximumCountWithFixedSleep(maxRetries=15, sleepTime=1000 MILLISECONDS)
2021-10-16 02:30:46,664 [EndpointStateMachine task thread for /127.0.0.1:12767 - 0 ] INFO  ipc.Client (Client.java:handleConnectionFailure(977)) - Retrying connect to server: localhost/127.0.0.1:12767. Already tried 14 time(s); retry policy is RetryUpToMaximumCountWithFixedSleep(maxRetries=15, sleepTime=1000 MILLISECONDS)
2021-10-16 02:30:47,190 [EndpointStateMachine task thread for /127.0.0.1:13955 - 0 ] INFO  ipc.Client (Client.java:handleConnectionFailure(977)) - Retrying connect to server: localhost/127.0.0.1:13955. Already tried 2 time(s); retry policy is RetryUpToMaximumCountWithFixedSleep(maxRetries=15, sleepTime=1000 MILLISECONDS)
2021-10-16 02:30:47,190 [EndpointStateMachine task thread for /127.0.0.1:13965 - 0 ] INFO  ipc.Client (Client.java:handleConnectionFailure(977)) - Retrying connect to server: localhost/127.0.0.1:13965. Already tried 1 time(s); retry policy is RetryUpToMaximumCountWithFixedSleep(maxRetries=15, sleepTime=1000 MILLISECONDS)
2021-10-16 02:30:47,192 [EndpointStateMachine task thread for /127.0.0.1:13945 - 0 ] INFO  ipc.Client (Client.java:handleConnectionFailure(977)) - Retrying connect to server: localhost/127.0.0.1:13945. Already tried 2 time(s); retry policy is RetryUpToMaximumCountWithFixedSleep(maxRetries=15, sleepTime=1000 MILLISECONDS)
2021-10-16 02:30:47,630 [EndpointStateMachine task thread for /127.0.0.1:12777 - 0 ] INFO  ipc.Client (Client.java:handleConnectionFailure(977)) - Retrying connect to server: localhost/127.0.0.1:12777. Already tried 0 time(s); retry policy is RetryUpToMaximumCountWithFixedSleep(maxRetries=15, sleepTime=1000 MILLISECONDS)
2021-10-16 02:30:47,638 [EndpointStateMachine task thread for /127.0.0.1:12757 - 0 ] INFO  ipc.Client (Client.java:handleConnectionFailure(977)) - Retrying connect to server: localhost/127.0.0.1:12757. Already tried 0 time(s); retry policy is RetryUpToMaximumCountWithFixedSleep(maxRetries=15, sleepTime=1000 MILLISECONDS)
2021-10-16 02:30:47,666 [EndpointStateMachine task thread for /127.0.0.1:12767 - 0 ] INFO  ipc.Client (Client.java:handleConnectionFailure(977)) - Retrying connect to server: localhost/127.0.0.1:12767. Already tried 0 time(s); retry policy is RetryUpToMaximumCountWithFixedSleep(maxRetries=15, sleepTime=1000 MILLISECONDS)
2021-10-16 02:30:48,191 [EndpointStateMachine task thread for /127.0.0.1:13955 - 0 ] INFO  ipc.Client (Client.java:handleConnectionFailure(977)) - Retrying connect to server: localhost/127.0.0.1:13955. Already tried 3 time(s); retry policy is RetryUpToMaximumCountWithFixedSleep(maxRetries=15, sleepTime=1000 MILLISECONDS)
2021-10-16 02:30:48,192 [EndpointStateMachine task thread for /127.0.0.1:13945 - 0 ] INFO  ipc.Client (Client.java:handleConnectionFailure(977)) - Retrying connect to server: localhost/127.0.0.1:13945. Already tried 3 time(s); retry policy is RetryUpToMaximumCountWithFixedSleep(maxRetries=15, sleepTime=1000 MILLISECONDS)
2021-10-16 02:30:48,192 [EndpointStateMachine task thread for /127.0.0.1:13965 - 0 ] INFO  ipc.Client (Client.java:handleConnectionFailure(977)) - Retrying connect to server: localhost/127.0.0.1:13965. Already tried 2 time(s); retry policy is RetryUpToMaximumCountWithFixedSleep(maxRetries=15, sleepTime=1000 MILLISECONDS)
2021-10-16 02:30:48,496 [Listener at 127.0.0.1/13164] INFO  ozoneimpl.OzoneContainer (OzoneContainer.java:stop(325)) - Attempting to stop container services.
2021-10-16 02:30:48,496 [ForkJoinPool.commonPool-worker-1] INFO  ozoneimpl.OzoneContainer (OzoneContainer.java:stop(325)) - Attempting to stop container services.
2021-10-16 02:30:48,497 [ForkJoinPool.commonPool-worker-1] INFO  server.RaftServer (RaftServerProxy.java:lambda$close$6(391)) - 772a6939-f9dd-42bd-8136-52263074270c: close
2021-10-16 02:30:48,497 [ForkJoinPool.commonPool-worker-1] INFO  server.RaftServer$Division (RaftServerImpl.java:lambda$close$4(407)) - 772a6939-f9dd-42bd-8136-52263074270c@group-8FBAFD7CAFAB: shutdown
2021-10-16 02:30:48,497 [ForkJoinPool.commonPool-worker-1] INFO  util.JmxRegister (JmxRegister.java:unregister(73)) - Successfully un-registered JMX Bean with object name Ratis:service=RaftServer,group=group-8FBAFD7CAFAB,id=772a6939-f9dd-42bd-8136-52263074270c
2021-10-16 02:30:48,497 [ForkJoinPool.commonPool-worker-1] INFO  impl.RoleInfo (RoleInfo.java:shutdownLeaderState(91)) - 772a6939-f9dd-42bd-8136-52263074270c: shutdown 772a6939-f9dd-42bd-8136-52263074270c@group-8FBAFD7CAFAB-LeaderStateImpl
2021-10-16 02:30:48,497 [772a6939-f9dd-42bd-8136-52263074270c@group-8FBAFD7CAFAB->1d141dcf-9f09-421f-a135-50b245bde98a-GrpcLogAppender-LogAppenderDaemon] WARN  server.GrpcLogAppender (GrpcLogAppender.java:mayWait(175)) - 772a6939-f9dd-42bd-8136-52263074270c@group-8FBAFD7CAFAB->1d141dcf-9f09-421f-a135-50b245bde98a-GrpcLogAppender: Wait interrupted by java.lang.InterruptedException
2021-10-16 02:30:48,498 [ForkJoinPool.commonPool-worker-1] INFO  impl.PendingRequests (PendingRequests.java:sendNotLeaderResponses(282)) - 772a6939-f9dd-42bd-8136-52263074270c@group-8FBAFD7CAFAB-PendingRequests: sendNotLeaderResponses
2021-10-16 02:30:48,498 [ForkJoinPool.commonPool-worker-1] INFO  impl.StateMachineUpdater (StateMachineUpdater.java:stopAndJoin(149)) - 772a6939-f9dd-42bd-8136-52263074270c@group-8FBAFD7CAFAB-StateMachineUpdater: set stopIndex = 0
2021-10-16 02:30:48,498 [Listener at 127.0.0.1/13164] INFO  server.RaftServer (RaftServerProxy.java:lambda$close$6(391)) - 1d141dcf-9f09-421f-a135-50b245bde98a: close
2021-10-16 02:30:48,499 [Listener at 127.0.0.1/13164] INFO  server.RaftServer$Division (RaftServerImpl.java:lambda$close$4(407)) - 1d141dcf-9f09-421f-a135-50b245bde98a@group-8FBAFD7CAFAB: shutdown
2021-10-16 02:30:48,499 [Listener at 127.0.0.1/13164] INFO  util.JmxRegister (JmxRegister.java:unregister(73)) - Successfully un-registered JMX Bean with object name Ratis:service=RaftServer,group=group-8FBAFD7CAFAB,id=1d141dcf-9f09-421f-a135-50b245bde98a
2021-10-16 02:30:48,499 [Listener at 127.0.0.1/13164] INFO  impl.RoleInfo (RoleInfo.java:shutdownFollowerState(108)) - 1d141dcf-9f09-421f-a135-50b245bde98a: shutdown 1d141dcf-9f09-421f-a135-50b245bde98a@group-8FBAFD7CAFAB-FollowerState
2021-10-16 02:30:48,499 [772a6939-f9dd-42bd-8136-52263074270c@group-8FBAFD7CAFAB->edc74d86-77ab-4f9b-98f8-a274c803e3f6-GrpcLogAppender-LogAppenderDaemon] WARN  server.GrpcLogAppender (GrpcLogAppender.java:mayWait(175)) - 772a6939-f9dd-42bd-8136-52263074270c@group-8FBAFD7CAFAB->edc74d86-77ab-4f9b-98f8-a274c803e3f6-GrpcLogAppender: Wait interrupted by java.lang.InterruptedException
2021-10-16 02:30:48,500 [1d141dcf-9f09-421f-a135-50b245bde98a@group-8FBAFD7CAFAB-StateMachineUpdater] INFO  ratis.ContainerStateMachine (ContainerStateMachine.java:takeSnapshot(292)) - group-8FBAFD7CAFAB: Taking a snapshot at:(t:3, i:0) file /home/runner/work/ozone/ozone/hadoop-ozone/integration-test/target/test-dir/MiniOzoneClusterImpl-4eb377f1-b672-4075-9178-fccd761457f8/datanode-1/data/ratis/4b86bc2b-a2e2-4d58-855b-8fbafd7cafab/sm/snapshot.3_0
2021-10-16 02:30:48,500 [1d141dcf-9f09-421f-a135-50b245bde98a@group-8FBAFD7CAFAB-FollowerState] INFO  impl.FollowerState (FollowerState.java:run(143)) - 1d141dcf-9f09-421f-a135-50b245bde98a@group-8FBAFD7CAFAB-FollowerState was interrupted: {}
java.lang.InterruptedException: sleep interrupted
	at java.lang.Thread.sleep(Native Method)
	at java.lang.Thread.sleep(Thread.java:340)
	at java.util.concurrent.TimeUnit.sleep(TimeUnit.java:386)
	at org.apache.ratis.util.TimeDuration.sleep(TimeDuration.java:324)
	at org.apache.ratis.util.TimeDuration.sleep(TimeDuration.java:309)
	at org.apache.ratis.server.impl.FollowerState.run(FollowerState.java:118)
2021-10-16 02:30:48,499 [Listener at 127.0.0.1/13164] INFO  impl.StateMachineUpdater (StateMachineUpdater.java:stopAndJoin(149)) - 1d141dcf-9f09-421f-a135-50b245bde98a@group-8FBAFD7CAFAB-StateMachineUpdater: set stopIndex = 0
2021-10-16 02:30:48,499 [grpc-default-executor-3] INFO  server.GrpcServerProtocolService (GrpcServerProtocolService.java:onCompleted(140)) - 1d141dcf-9f09-421f-a135-50b245bde98a: Completed APPEND_ENTRIES, lastRequest: 772a6939-f9dd-42bd-8136-52263074270c->1d141dcf-9f09-421f-a135-50b245bde98a#1-t3,previous=(t:0, i:0),leaderCommit=-1,initializing? true,entries: size=1, first=(t:3, i:0), CONFIGURATIONENTRY
2021-10-16 02:30:48,499 [772a6939-f9dd-42bd-8136-52263074270c@group-8FBAFD7CAFAB-StateMachineUpdater] INFO  ratis.ContainerStateMachine (ContainerStateMachine.java:takeSnapshot(292)) - group-8FBAFD7CAFAB: Taking a snapshot at:(t:3, i:0) file /home/runner/work/ozone/ozone/hadoop-ozone/integration-test/target/test-dir/MiniOzoneClusterImpl-4eb377f1-b672-4075-9178-fccd761457f8/datanode-0/data/ratis/4b86bc2b-a2e2-4d58-855b-8fbafd7cafab/sm/snapshot.3_0
2021-10-16 02:30:48,500 [grpc-default-executor-0] INFO  server.GrpcServerProtocolService (GrpcServerProtocolService.java:onCompleted(140)) - edc74d86-77ab-4f9b-98f8-a274c803e3f6: Completed APPEND_ENTRIES, lastRequest: 772a6939-f9dd-42bd-8136-52263074270c->edc74d86-77ab-4f9b-98f8-a274c803e3f6#1-t3,previous=(t:0, i:0),leaderCommit=0,initializing? true,entries: size=1, first=(t:3, i:0), CONFIGURATIONENTRY
2021-10-16 02:30:48,502 [1d141dcf-9f09-421f-a135-50b245bde98a@group-8FBAFD7CAFAB-StateMachineUpdater] INFO  ratis.ContainerStateMachine (ContainerStateMachine.java:takeSnapshot(303)) - group-8FBAFD7CAFAB: Finished taking a snapshot at:(t:3, i:0) file:/home/runner/work/ozone/ozone/hadoop-ozone/integration-test/target/test-dir/MiniOzoneClusterImpl-4eb377f1-b672-4075-9178-fccd761457f8/datanode-1/data/ratis/4b86bc2b-a2e2-4d58-855b-8fbafd7cafab/sm/snapshot.3_0 took: 2 ms
2021-10-16 02:30:48,502 [1d141dcf-9f09-421f-a135-50b245bde98a@group-8FBAFD7CAFAB-StateMachineUpdater] INFO  impl.StateMachineUpdater (StateMachineUpdater.java:takeSnapshot(281)) - 1d141dcf-9f09-421f-a135-50b245bde98a@group-8FBAFD7CAFAB-StateMachineUpdater: Took a snapshot at index 0
2021-10-16 02:30:48,502 [1d141dcf-9f09-421f-a135-50b245bde98a@group-8FBAFD7CAFAB-StateMachineUpdater] INFO  impl.StateMachineUpdater (StateMachineUpdater.java:lambda$new$0(89)) - 1d141dcf-9f09-421f-a135-50b245bde98a@group-8FBAFD7CAFAB-StateMachineUpdater: snapshotIndex: updateIncreasingly -1 -> 0
2021-10-16 02:30:48,502 [Listener at 127.0.0.1/13164] INFO  server.RaftServer$Division (ServerState.java:close(419)) - 1d141dcf-9f09-421f-a135-50b245bde98a@group-8FBAFD7CAFAB: closes. applyIndex: 0
2021-10-16 02:30:48,503 [1d141dcf-9f09-421f-a135-50b245bde98a@group-8FBAFD7CAFAB-SegmentedRaftLogWorker] INFO  segmented.SegmentedRaftLogWorker (SegmentedRaftLogWorker.java:run(327)) - 1d141dcf-9f09-421f-a135-50b245bde98a@group-8FBAFD7CAFAB-SegmentedRaftLogWorker was interrupted, exiting. There are 0 tasks remaining in the queue.
2021-10-16 02:30:48,503 [772a6939-f9dd-42bd-8136-52263074270c@group-8FBAFD7CAFAB-StateMachineUpdater] INFO  ratis.ContainerStateMachine (ContainerStateMachine.java:takeSnapshot(303)) - group-8FBAFD7CAFAB: Finished taking a snapshot at:(t:3, i:0) file:/home/runner/work/ozone/ozone/hadoop-ozone/integration-test/target/test-dir/MiniOzoneClusterImpl-4eb377f1-b672-4075-9178-fccd761457f8/datanode-0/data/ratis/4b86bc2b-a2e2-4d58-855b-8fbafd7cafab/sm/snapshot.3_0 took: 4 ms
2021-10-16 02:30:48,503 [772a6939-f9dd-42bd-8136-52263074270c@group-8FBAFD7CAFAB-StateMachineUpdater] INFO  impl.StateMachineUpdater (StateMachineUpdater.java:takeSnapshot(281)) - 772a6939-f9dd-42bd-8136-52263074270c@group-8FBAFD7CAFAB-StateMachineUpdater: Took a snapshot at index 0
2021-10-16 02:30:48,503 [772a6939-f9dd-42bd-8136-52263074270c@group-8FBAFD7CAFAB-StateMachineUpdater] INFO  impl.StateMachineUpdater (StateMachineUpdater.java:lambda$new$0(89)) - 772a6939-f9dd-42bd-8136-52263074270c@group-8FBAFD7CAFAB-StateMachineUpdater: snapshotIndex: updateIncreasingly -1 -> 0
2021-10-16 02:30:48,504 [Listener at 127.0.0.1/13164] INFO  segmented.SegmentedRaftLogWorker (SegmentedRaftLogWorker.java:close(237)) - 1d141dcf-9f09-421f-a135-50b245bde98a@group-8FBAFD7CAFAB-SegmentedRaftLogWorker close()
2021-10-16 02:30:48,505 [Listener at 127.0.0.1/13164] INFO  server.RaftServer$Division (RaftServerImpl.java:lambda$close$4(407)) - 1d141dcf-9f09-421f-a135-50b245bde98a@group-FDE02C46647B: shutdown
2021-10-16 02:30:48,506 [Listener at 127.0.0.1/13164] INFO  util.JmxRegister (JmxRegister.java:unregister(73)) - Successfully un-registered JMX Bean with object name Ratis:service=RaftServer,group=group-FDE02C46647B,id=1d141dcf-9f09-421f-a135-50b245bde98a
2021-10-16 02:30:48,506 [Listener at 127.0.0.1/13164] INFO  impl.RoleInfo (RoleInfo.java:shutdownLeaderState(91)) - 1d141dcf-9f09-421f-a135-50b245bde98a: shutdown 1d141dcf-9f09-421f-a135-50b245bde98a@group-FDE02C46647B-LeaderStateImpl
2021-10-16 02:30:48,506 [Listener at 127.0.0.1/13164] INFO  impl.PendingRequests (PendingRequests.java:sendNotLeaderResponses(282)) - 1d141dcf-9f09-421f-a135-50b245bde98a@group-FDE02C46647B-PendingRequests: sendNotLeaderResponses
2021-10-16 02:30:48,508 [grpc-default-executor-0] INFO  server.GrpcLogAppender (GrpcLogAppender.java:onCompleted(344)) - 772a6939-f9dd-42bd-8136-52263074270c@group-8FBAFD7CAFAB->1d141dcf-9f09-421f-a135-50b245bde98a-AppendLogResponseHandler: follower responses appendEntries COMPLETED
2021-10-16 02:30:48,508 [grpc-default-executor-2] INFO  server.GrpcLogAppender (GrpcLogAppender.java:onCompleted(344)) - 772a6939-f9dd-42bd-8136-52263074270c@group-8FBAFD7CAFAB->edc74d86-77ab-4f9b-98f8-a274c803e3f6-AppendLogResponseHandler: follower responses appendEntries COMPLETED
2021-10-16 02:30:48,508 [ForkJoinPool.commonPool-worker-1] INFO  server.RaftServer$Division (ServerState.java:close(419)) - 772a6939-f9dd-42bd-8136-52263074270c@group-8FBAFD7CAFAB: closes. applyIndex: 0
2021-10-16 02:30:48,508 [grpc-default-executor-0] INFO  leader.FollowerInfo (FollowerInfoImpl.java:lambda$new$0(46)) - 772a6939-f9dd-42bd-8136-52263074270c@group-8FBAFD7CAFAB->1d141dcf-9f09-421f-a135-50b245bde98a: nextIndex: updateUnconditionally 1 -> 0
2021-10-16 02:30:48,509 [772a6939-f9dd-42bd-8136-52263074270c@group-8FBAFD7CAFAB-SegmentedRaftLogWorker] INFO  segmented.SegmentedRaftLogWorker (SegmentedRaftLogWorker.java:run(327)) - 772a6939-f9dd-42bd-8136-52263074270c@group-8FBAFD7CAFAB-SegmentedRaftLogWorker was interrupted, exiting. There are 0 tasks remaining in the queue.
2021-10-16 02:30:48,509 [grpc-default-executor-2] INFO  leader.FollowerInfo (FollowerInfoImpl.java:lambda$new$0(46)) - 772a6939-f9dd-42bd-8136-52263074270c@group-8FBAFD7CAFAB->edc74d86-77ab-4f9b-98f8-a274c803e3f6: nextIndex: updateUnconditionally 1 -> 0
2021-10-16 02:30:48,509 [ForkJoinPool.commonPool-worker-1] INFO  segmented.SegmentedRaftLogWorker (SegmentedRaftLogWorker.java:close(237)) - 772a6939-f9dd-42bd-8136-52263074270c@group-8FBAFD7CAFAB-SegmentedRaftLogWorker close()
2021-10-16 02:30:48,512 [ForkJoinPool.commonPool-worker-1] INFO  server.RaftServer$Division (RaftServerImpl.java:lambda$close$4(407)) - 772a6939-f9dd-42bd-8136-52263074270c@group-73ED4CBBFF00: shutdown
2021-10-16 02:30:48,512 [ForkJoinPool.commonPool-worker-1] INFO  util.JmxRegister (JmxRegister.java:unregister(73)) - Successfully un-registered JMX Bean with object name Ratis:service=RaftServer,group=group-73ED4CBBFF00,id=772a6939-f9dd-42bd-8136-52263074270c
2021-10-16 02:30:48,512 [ForkJoinPool.commonPool-worker-1] INFO  impl.RoleInfo (RoleInfo.java:shutdownFollowerState(108)) - 772a6939-f9dd-42bd-8136-52263074270c: shutdown 772a6939-f9dd-42bd-8136-52263074270c@group-73ED4CBBFF00-FollowerState
2021-10-16 02:30:48,512 [772a6939-f9dd-42bd-8136-52263074270c@group-73ED4CBBFF00-FollowerState] INFO  impl.FollowerState (FollowerState.java:run(143)) - 772a6939-f9dd-42bd-8136-52263074270c@group-73ED4CBBFF00-FollowerState was interrupted: {}
java.lang.InterruptedException: sleep interrupted
	at java.lang.Thread.sleep(Native Method)
	at java.lang.Thread.sleep(Thread.java:340)
	at java.util.concurrent.TimeUnit.sleep(TimeUnit.java:386)
	at org.apache.ratis.util.TimeDuration.sleep(TimeDuration.java:324)
	at org.apache.ratis.util.TimeDuration.sleep(TimeDuration.java:309)
	at org.apache.ratis.server.impl.FollowerState.run(FollowerState.java:118)
2021-10-16 02:30:48,516 [772a6939-f9dd-42bd-8136-52263074270c@group-73ED4CBBFF00-StateMachineUpdater] INFO  ratis.ContainerStateMachine (ContainerStateMachine.java:takeSnapshot(292)) - group-73ED4CBBFF00: Taking a snapshot at:(t:2, i:0) file /home/runner/work/ozone/ozone/hadoop-ozone/integration-test/target/test-dir/MiniOzoneClusterImpl-4eb377f1-b672-4075-9178-fccd761457f8/datanode-0/data/ratis/f1e67424-e3bf-4453-abbf-73ed4cbbff00/sm/snapshot.2_0
2021-10-16 02:30:48,517 [ForkJoinPool.commonPool-worker-1] INFO  impl.StateMachineUpdater (StateMachineUpdater.java:stopAndJoin(149)) - 772a6939-f9dd-42bd-8136-52263074270c@group-73ED4CBBFF00-StateMachineUpdater: set stopIndex = 0
2021-10-16 02:30:48,517 [Listener at 127.0.0.1/13164] INFO  impl.StateMachineUpdater (StateMachineUpdater.java:stopAndJoin(149)) - 1d141dcf-9f09-421f-a135-50b245bde98a@group-FDE02C46647B-StateMachineUpdater: set stopIndex = 0
2021-10-16 02:30:48,517 [772a6939-f9dd-42bd-8136-52263074270c@group-73ED4CBBFF00-StateMachineUpdater] INFO  ratis.ContainerStateMachine (ContainerStateMachine.java:takeSnapshot(303)) - group-73ED4CBBFF00: Finished taking a snapshot at:(t:2, i:0) file:/home/runner/work/ozone/ozone/hadoop-ozone/integration-test/target/test-dir/MiniOzoneClusterImpl-4eb377f1-b672-4075-9178-fccd761457f8/datanode-0/data/ratis/f1e67424-e3bf-4453-abbf-73ed4cbbff00/sm/snapshot.2_0 took: 2 ms
2021-10-16 02:30:48,518 [772a6939-f9dd-42bd-8136-52263074270c@group-73ED4CBBFF00-StateMachineUpdater] INFO  impl.StateMachineUpdater (StateMachineUpdater.java:takeSnapshot(281)) - 772a6939-f9dd-42bd-8136-52263074270c@group-73ED4CBBFF00-StateMachineUpdater: Took a snapshot at index 0
2021-10-16 02:30:48,518 [772a6939-f9dd-42bd-8136-52263074270c@group-73ED4CBBFF00-StateMachineUpdater] INFO  impl.StateMachineUpdater (StateMachineUpdater.java:lambda$new$0(89)) - 772a6939-f9dd-42bd-8136-52263074270c@group-73ED4CBBFF00-StateMachineUpdater: snapshotIndex: updateIncreasingly -1 -> 0
2021-10-16 02:30:48,517 [1d141dcf-9f09-421f-a135-50b245bde98a@group-FDE02C46647B-StateMachineUpdater] INFO  ratis.ContainerStateMachine (ContainerStateMachine.java:takeSnapshot(292)) - group-FDE02C46647B: Taking a snapshot at:(t:1, i:0) file /home/runner/work/ozone/ozone/hadoop-ozone/integration-test/target/test-dir/MiniOzoneClusterImpl-4eb377f1-b672-4075-9178-fccd761457f8/datanode-1/data/ratis/7436d653-5c2f-4281-a172-fde02c46647b/sm/snapshot.1_0
2021-10-16 02:30:48,519 [ForkJoinPool.commonPool-worker-1] INFO  server.RaftServer$Division (ServerState.java:close(419)) - 772a6939-f9dd-42bd-8136-52263074270c@group-73ED4CBBFF00: closes. applyIndex: 0
2021-10-16 02:30:48,519 [772a6939-f9dd-42bd-8136-52263074270c@group-73ED4CBBFF00-SegmentedRaftLogWorker] INFO  segmented.SegmentedRaftLogWorker (SegmentedRaftLogWorker.java:run(327)) - 772a6939-f9dd-42bd-8136-52263074270c@group-73ED4CBBFF00-SegmentedRaftLogWorker was interrupted, exiting. There are 0 tasks remaining in the queue.
2021-10-16 02:30:48,519 [1d141dcf-9f09-421f-a135-50b245bde98a@group-FDE02C46647B-StateMachineUpdater] INFO  ratis.ContainerStateMachine (ContainerStateMachine.java:takeSnapshot(303)) - group-FDE02C46647B: Finished taking a snapshot at:(t:1, i:0) file:/home/runner/work/ozone/ozone/hadoop-ozone/integration-test/target/test-dir/MiniOzoneClusterImpl-4eb377f1-b672-4075-9178-fccd761457f8/datanode-1/data/ratis/7436d653-5c2f-4281-a172-fde02c46647b/sm/snapshot.1_0 took: 2 ms
2021-10-16 02:30:48,519 [ForkJoinPool.commonPool-worker-1] INFO  segmented.SegmentedRaftLogWorker (SegmentedRaftLogWorker.java:close(237)) - 772a6939-f9dd-42bd-8136-52263074270c@group-73ED4CBBFF00-SegmentedRaftLogWorker close()
2021-10-16 02:30:48,519 [1d141dcf-9f09-421f-a135-50b245bde98a@group-FDE02C46647B-StateMachineUpdater] INFO  impl.StateMachineUpdater (StateMachineUpdater.java:takeSnapshot(281)) - 1d141dcf-9f09-421f-a135-50b245bde98a@group-FDE02C46647B-StateMachineUpdater: Took a snapshot at index 0
2021-10-16 02:30:48,520 [1d141dcf-9f09-421f-a135-50b245bde98a@group-FDE02C46647B-StateMachineUpdater] INFO  impl.StateMachineUpdater (StateMachineUpdater.java:lambda$new$0(89)) - 1d141dcf-9f09-421f-a135-50b245bde98a@group-FDE02C46647B-StateMachineUpdater: snapshotIndex: updateIncreasingly -1 -> 0
2021-10-16 02:30:48,520 [Listener at 127.0.0.1/13164] INFO  server.RaftServer$Division (ServerState.java:close(419)) - 1d141dcf-9f09-421f-a135-50b245bde98a@group-FDE02C46647B: closes. applyIndex: 0
2021-10-16 02:30:48,521 [1d141dcf-9f09-421f-a135-50b245bde98a@group-FDE02C46647B-SegmentedRaftLogWorker] INFO  segmented.SegmentedRaftLogWorker (SegmentedRaftLogWorker.java:run(327)) - 1d141dcf-9f09-421f-a135-50b245bde98a@group-FDE02C46647B-SegmentedRaftLogWorker was interrupted, exiting. There are 0 tasks remaining in the queue.
2021-10-16 02:30:48,520 [ForkJoinPool.commonPool-worker-1] INFO  server.RaftServer$Division (RaftServerImpl.java:lambda$close$4(407)) - 772a6939-f9dd-42bd-8136-52263074270c@group-04136C3C34C0: shutdown
2021-10-16 02:30:48,526 [ForkJoinPool.commonPool-worker-1] INFO  util.JmxRegister (JmxRegister.java:unregister(73)) - Successfully un-registered JMX Bean with object name Ratis:service=RaftServer,group=group-04136C3C34C0,id=772a6939-f9dd-42bd-8136-52263074270c
2021-10-16 02:30:48,527 [ForkJoinPool.commonPool-worker-1] INFO  impl.RoleInfo (RoleInfo.java:shutdownLeaderState(91)) - 772a6939-f9dd-42bd-8136-52263074270c: shutdown 772a6939-f9dd-42bd-8136-52263074270c@group-04136C3C34C0-LeaderStateImpl
2021-10-16 02:30:48,527 [ForkJoinPool.commonPool-worker-1] INFO  impl.PendingRequests (PendingRequests.java:sendNotLeaderResponses(282)) - 772a6939-f9dd-42bd-8136-52263074270c@group-04136C3C34C0-PendingRequests: sendNotLeaderResponses
2021-10-16 02:30:48,521 [Listener at 127.0.0.1/13164] INFO  segmented.SegmentedRaftLogWorker (SegmentedRaftLogWorker.java:close(237)) - 1d141dcf-9f09-421f-a135-50b245bde98a@group-FDE02C46647B-SegmentedRaftLogWorker close()
2021-10-16 02:30:48,533 [Listener at 127.0.0.1/13164] INFO  server.RaftServer$Division (RaftServerImpl.java:lambda$close$4(407)) - 1d141dcf-9f09-421f-a135-50b245bde98a@group-73ED4CBBFF00: shutdown
2021-10-16 02:30:48,533 [Listener at 127.0.0.1/13164] INFO  util.JmxRegister (JmxRegister.java:unregister(73)) - Successfully un-registered JMX Bean with object name Ratis:service=RaftServer,group=group-73ED4CBBFF00,id=1d141dcf-9f09-421f-a135-50b245bde98a
2021-10-16 02:30:48,533 [Listener at 127.0.0.1/13164] INFO  impl.RoleInfo (RoleInfo.java:shutdownFollowerState(108)) - 1d141dcf-9f09-421f-a135-50b245bde98a: shutdown 1d141dcf-9f09-421f-a135-50b245bde98a@group-73ED4CBBFF00-FollowerState
2021-10-16 02:30:48,533 [Listener at 127.0.0.1/13164] INFO  impl.StateMachineUpdater (StateMachineUpdater.java:stopAndJoin(149)) - 1d141dcf-9f09-421f-a135-50b245bde98a@group-73ED4CBBFF00-StateMachineUpdater: set stopIndex = 0
2021-10-16 02:30:48,534 [1d141dcf-9f09-421f-a135-50b245bde98a@group-73ED4CBBFF00-StateMachineUpdater] INFO  ratis.ContainerStateMachine (ContainerStateMachine.java:takeSnapshot(292)) - group-73ED4CBBFF00: Taking a snapshot at:(t:2, i:0) file /home/runner/work/ozone/ozone/hadoop-ozone/integration-test/target/test-dir/MiniOzoneClusterImpl-4eb377f1-b672-4075-9178-fccd761457f8/datanode-1/data/ratis/f1e67424-e3bf-4453-abbf-73ed4cbbff00/sm/snapshot.2_0
2021-10-16 02:30:48,534 [1d141dcf-9f09-421f-a135-50b245bde98a@group-73ED4CBBFF00-FollowerState] INFO  impl.FollowerState (FollowerState.java:run(143)) - 1d141dcf-9f09-421f-a135-50b245bde98a@group-73ED4CBBFF00-FollowerState was interrupted: {}
java.lang.InterruptedException: sleep interrupted
	at java.lang.Thread.sleep(Native Method)
	at java.lang.Thread.sleep(Thread.java:340)
	at java.util.concurrent.TimeUnit.sleep(TimeUnit.java:386)
	at org.apache.ratis.util.TimeDuration.sleep(TimeDuration.java:324)
	at org.apache.ratis.util.TimeDuration.sleep(TimeDuration.java:309)
	at org.apache.ratis.server.impl.FollowerState.run(FollowerState.java:118)
2021-10-16 02:30:48,534 [ForkJoinPool.commonPool-worker-1] INFO  impl.StateMachineUpdater (StateMachineUpdater.java:stopAndJoin(149)) - 772a6939-f9dd-42bd-8136-52263074270c@group-04136C3C34C0-StateMachineUpdater: set stopIndex = 0
2021-10-16 02:30:48,535 [772a6939-f9dd-42bd-8136-52263074270c@group-04136C3C34C0-StateMachineUpdater] INFO  ratis.ContainerStateMachine (ContainerStateMachine.java:takeSnapshot(292)) - group-04136C3C34C0: Taking a snapshot at:(t:1, i:0) file /home/runner/work/ozone/ozone/hadoop-ozone/integration-test/target/test-dir/MiniOzoneClusterImpl-4eb377f1-b672-4075-9178-fccd761457f8/datanode-0/data/ratis/f0c55b03-129a-464c-9ba4-04136c3c34c0/sm/snapshot.1_0
2021-10-16 02:30:48,535 [1d141dcf-9f09-421f-a135-50b245bde98a@group-73ED4CBBFF00-StateMachineUpdater] INFO  ratis.ContainerStateMachine (ContainerStateMachine.java:takeSnapshot(303)) - group-73ED4CBBFF00: Finished taking a snapshot at:(t:2, i:0) file:/home/runner/work/ozone/ozone/hadoop-ozone/integration-test/target/test-dir/MiniOzoneClusterImpl-4eb377f1-b672-4075-9178-fccd761457f8/datanode-1/data/ratis/f1e67424-e3bf-4453-abbf-73ed4cbbff00/sm/snapshot.2_0 took: 1 ms
2021-10-16 02:30:48,535 [1d141dcf-9f09-421f-a135-50b245bde98a@group-73ED4CBBFF00-StateMachineUpdater] INFO  impl.StateMachineUpdater (StateMachineUpdater.java:takeSnapshot(281)) - 1d141dcf-9f09-421f-a135-50b245bde98a@group-73ED4CBBFF00-StateMachineUpdater: Took a snapshot at index 0
2021-10-16 02:30:48,535 [1d141dcf-9f09-421f-a135-50b245bde98a@group-73ED4CBBFF00-StateMachineUpdater] INFO  impl.StateMachineUpdater (StateMachineUpdater.java:lambda$new$0(89)) - 1d141dcf-9f09-421f-a135-50b245bde98a@group-73ED4CBBFF00-StateMachineUpdater: snapshotIndex: updateIncreasingly -1 -> 0
2021-10-16 02:30:48,535 [772a6939-f9dd-42bd-8136-52263074270c@group-04136C3C34C0-StateMachineUpdater] INFO  ratis.ContainerStateMachine (ContainerStateMachine.java:takeSnapshot(303)) - group-04136C3C34C0: Finished taking a snapshot at:(t:1, i:0) file:/home/runner/work/ozone/ozone/hadoop-ozone/integration-test/target/test-dir/MiniOzoneClusterImpl-4eb377f1-b672-4075-9178-fccd761457f8/datanode-0/data/ratis/f0c55b03-129a-464c-9ba4-04136c3c34c0/sm/snapshot.1_0 took: 0 ms
2021-10-16 02:30:48,536 [772a6939-f9dd-42bd-8136-52263074270c@group-04136C3C34C0-StateMachineUpdater] INFO  impl.StateMachineUpdater (StateMachineUpdater.java:takeSnapshot(281)) - 772a6939-f9dd-42bd-8136-52263074270c@group-04136C3C34C0-StateMachineUpdater: Took a snapshot at index 0
2021-10-16 02:30:48,536 [772a6939-f9dd-42bd-8136-52263074270c@group-04136C3C34C0-StateMachineUpdater] INFO  impl.StateMachineUpdater (StateMachineUpdater.java:lambda$new$0(89)) - 772a6939-f9dd-42bd-8136-52263074270c@group-04136C3C34C0-StateMachineUpdater: snapshotIndex: updateIncreasingly -1 -> 0
2021-10-16 02:30:48,536 [ForkJoinPool.commonPool-worker-1] INFO  server.RaftServer$Division (ServerState.java:close(419)) - 772a6939-f9dd-42bd-8136-52263074270c@group-04136C3C34C0: closes. applyIndex: 0
2021-10-16 02:30:48,536 [Listener at 127.0.0.1/13164] INFO  server.RaftServer$Division (ServerState.java:close(419)) - 1d141dcf-9f09-421f-a135-50b245bde98a@group-73ED4CBBFF00: closes. applyIndex: 0
2021-10-16 02:30:48,536 [772a6939-f9dd-42bd-8136-52263074270c@group-04136C3C34C0-SegmentedRaftLogWorker] INFO  segmented.SegmentedRaftLogWorker (SegmentedRaftLogWorker.java:run(327)) - 772a6939-f9dd-42bd-8136-52263074270c@group-04136C3C34C0-SegmentedRaftLogWorker was interrupted, exiting. There are 0 tasks remaining in the queue.
2021-10-16 02:30:48,537 [ForkJoinPool.commonPool-worker-1] INFO  segmented.SegmentedRaftLogWorker (SegmentedRaftLogWorker.java:close(237)) - 772a6939-f9dd-42bd-8136-52263074270c@group-04136C3C34C0-SegmentedRaftLogWorker close()
2021-10-16 02:30:48,538 [ForkJoinPool.commonPool-worker-1] INFO  server.GrpcService (GrpcService.java:closeImpl(262)) - 772a6939-f9dd-42bd-8136-52263074270c: shutdown server with port 44475 now
2021-10-16 02:30:48,539 [1d141dcf-9f09-421f-a135-50b245bde98a@group-73ED4CBBFF00-SegmentedRaftLogWorker] INFO  segmented.SegmentedRaftLogWorker (SegmentedRaftLogWorker.java:run(327)) - 1d141dcf-9f09-421f-a135-50b245bde98a@group-73ED4CBBFF00-SegmentedRaftLogWorker was interrupted, exiting. There are 0 tasks remaining in the queue.
2021-10-16 02:30:48,543 [grpc-default-executor-3] WARN  server.GrpcLogAppender (LogUtils.java:warn(122)) - edc74d86-77ab-4f9b-98f8-a274c803e3f6@group-73ED4CBBFF00->772a6939-f9dd-42bd-8136-52263074270c-AppendLogResponseHandler: Failed appendEntries: org.apache.ratis.thirdparty.io.grpc.StatusRuntimeException: CANCELLED: HTTP/2 error code: CANCEL
Received Rst Stream
2021-10-16 02:30:48,543 [grpc-default-executor-0] WARN  server.GrpcServerProtocolService (LogUtils.java:warn(122)) - 772a6939-f9dd-42bd-8136-52263074270c: installSnapshot onError, lastRequest: edc74d86-77ab-4f9b-98f8-a274c803e3f6->772a6939-f9dd-42bd-8136-52263074270c#1-t2,previous=(t:0, i:0),leaderCommit=0,initializing? true,entries: size=1, first=(t:2, i:0), CONFIGURATIONENTRY: org.apache.ratis.thirdparty.io.grpc.StatusRuntimeException: CANCELLED: client cancelled
2021-10-16 02:30:48,543 [grpc-default-executor-3] WARN  server.GrpcLogAppender (GrpcLogAppender.java:resetClient(111)) - edc74d86-77ab-4f9b-98f8-a274c803e3f6@group-73ED4CBBFF00->772a6939-f9dd-42bd-8136-52263074270c-GrpcLogAppender: Leader has not got in touch with Follower edc74d86-77ab-4f9b-98f8-a274c803e3f6@group-73ED4CBBFF00->772a6939-f9dd-42bd-8136-52263074270c(c0,m0,n1, attendVote=true, lastRpcSendTime=1145, lastRpcResponseTime=1142) yet, just keep nextIndex unchanged and retry.
2021-10-16 02:30:48,546 [Listener at 127.0.0.1/13164] INFO  segmented.SegmentedRaftLogWorker (SegmentedRaftLogWorker.java:close(237)) - 1d141dcf-9f09-421f-a135-50b245bde98a@group-73ED4CBBFF00-SegmentedRaftLogWorker close()
2021-10-16 02:30:48,557 [Listener at 127.0.0.1/13164] INFO  server.GrpcService (GrpcService.java:closeImpl(262)) - 1d141dcf-9f09-421f-a135-50b245bde98a: shutdown server with port 40089 now
2021-10-16 02:30:48,560 [grpc-default-executor-0] WARN  server.GrpcServerProtocolService (LogUtils.java:warn(122)) - 1d141dcf-9f09-421f-a135-50b245bde98a: installSnapshot onError, lastRequest: edc74d86-77ab-4f9b-98f8-a274c803e3f6->1d141dcf-9f09-421f-a135-50b245bde98a#1-t2,previous=(t:0, i:0),leaderCommit=0,initializing? true,entries: size=1, first=(t:2, i:0), CONFIGURATIONENTRY: org.apache.ratis.thirdparty.io.grpc.StatusRuntimeException: CANCELLED: client cancelled
2021-10-16 02:30:48,560 [grpc-default-executor-3] WARN  server.GrpcLogAppender (LogUtils.java:warn(122)) - edc74d86-77ab-4f9b-98f8-a274c803e3f6@group-73ED4CBBFF00->1d141dcf-9f09-421f-a135-50b245bde98a-AppendLogResponseHandler: Failed appendEntries: org.apache.ratis.thirdparty.io.grpc.StatusRuntimeException: CANCELLED: HTTP/2 error code: CANCEL
Received Rst Stream
2021-10-16 02:30:48,560 [ForkJoinPool.commonPool-worker-1] INFO  server.GrpcService (GrpcService.java:closeImpl(271)) - 772a6939-f9dd-42bd-8136-52263074270c: shutdown server with port 44475 successfully
2021-10-16 02:30:48,560 [grpc-default-executor-3] WARN  server.GrpcLogAppender (GrpcLogAppender.java:resetClient(111)) - edc74d86-77ab-4f9b-98f8-a274c803e3f6@group-73ED4CBBFF00->1d141dcf-9f09-421f-a135-50b245bde98a-GrpcLogAppender: Leader has not got in touch with Follower edc74d86-77ab-4f9b-98f8-a274c803e3f6@group-73ED4CBBFF00->1d141dcf-9f09-421f-a135-50b245bde98a(c0,m0,n1, attendVote=true, lastRpcSendTime=1182, lastRpcResponseTime=1176) yet, just keep nextIndex unchanged and retry.
2021-10-16 02:30:48,561 [org.apache.ratis.util.JvmPauseMonitor$$Lambda$499/17331878@66f40694] INFO  util.JvmPauseMonitor (JvmPauseMonitor.java:run(109)) - JvmPauseMonitor-772a6939-f9dd-42bd-8136-52263074270c: Stopped
2021-10-16 02:30:48,594 [Listener at 127.0.0.1/13164] INFO  server.GrpcService (GrpcService.java:closeImpl(271)) - 1d141dcf-9f09-421f-a135-50b245bde98a: shutdown server with port 40089 successfully
2021-10-16 02:30:48,596 [ForkJoinPool.commonPool-worker-1] INFO  utils.BackgroundService (BackgroundService.java:shutdown(132)) - Shutting down service BlockDeletingService
2021-10-16 02:30:48,600 [org.apache.ratis.util.JvmPauseMonitor$$Lambda$499/17331878@2f122466] INFO  util.JvmPauseMonitor (JvmPauseMonitor.java:run(109)) - JvmPauseMonitor-1d141dcf-9f09-421f-a135-50b245bde98a: Stopped
2021-10-16 02:30:48,601 [Listener at 127.0.0.1/13164] INFO  utils.BackgroundService (BackgroundService.java:shutdown(132)) - Shutting down service BlockDeletingService
2021-10-16 02:30:48,630 [EndpointStateMachine task thread for /127.0.0.1:12777 - 0 ] INFO  ipc.Client (Client.java:handleConnectionFailure(977)) - Retrying connect to server: localhost/127.0.0.1:12777. Already tried 1 time(s); retry policy is RetryUpToMaximumCountWithFixedSleep(maxRetries=15, sleepTime=1000 MILLISECONDS)
2021-10-16 02:30:48,639 [EndpointStateMachine task thread for /127.0.0.1:12757 - 0 ] INFO  ipc.Client (Client.java:handleConnectionFailure(977)) - Retrying connect to server: localhost/127.0.0.1:12757. Already tried 1 time(s); retry policy is RetryUpToMaximumCountWithFixedSleep(maxRetries=15, sleepTime=1000 MILLISECONDS)
2021-10-16 02:30:48,666 [EndpointStateMachine task thread for /127.0.0.1:12767 - 0 ] INFO  ipc.Client (Client.java:handleConnectionFailure(977)) - Retrying connect to server: localhost/127.0.0.1:12767. Already tried 1 time(s); retry policy is RetryUpToMaximumCountWithFixedSleep(maxRetries=15, sleepTime=1000 MILLISECONDS)
2021-10-16 02:30:49,191 [EndpointStateMachine task thread for /127.0.0.1:13955 - 0 ] INFO  ipc.Client (Client.java:handleConnectionFailure(977)) - Retrying connect to server: localhost/127.0.0.1:13955. Already tried 4 time(s); retry policy is RetryUpToMaximumCountWithFixedSleep(maxRetries=15, sleepTime=1000 MILLISECONDS)
2021-10-16 02:30:49,193 [EndpointStateMachine task thread for /127.0.0.1:13965 - 0 ] INFO  ipc.Client (Client.java:handleConnectionFailure(977)) - Retrying connect to server: localhost/127.0.0.1:13965. Already tried 3 time(s); retry policy is RetryUpToMaximumCountWithFixedSleep(maxRetries=15, sleepTime=1000 MILLISECONDS)
2021-10-16 02:30:49,193 [EndpointStateMachine task thread for /127.0.0.1:13945 - 0 ] INFO  ipc.Client (Client.java:handleConnectionFailure(977)) - Retrying connect to server: localhost/127.0.0.1:13945. Already tried 4 time(s); retry policy is RetryUpToMaximumCountWithFixedSleep(maxRetries=15, sleepTime=1000 MILLISECONDS)
2021-10-16 02:30:49,631 [EndpointStateMachine task thread for /127.0.0.1:12777 - 0 ] INFO  ipc.Client (Client.java:handleConnectionFailure(977)) - Retrying connect to server: localhost/127.0.0.1:12777. Already tried 2 time(s); retry policy is RetryUpToMaximumCountWithFixedSleep(maxRetries=15, sleepTime=1000 MILLISECONDS)
2021-10-16 02:30:49,639 [EndpointStateMachine task thread for /127.0.0.1:12757 - 0 ] INFO  ipc.Client (Client.java:handleConnectionFailure(977)) - Retrying connect to server: localhost/127.0.0.1:12757. Already tried 2 time(s); retry policy is RetryUpToMaximumCountWithFixedSleep(maxRetries=15, sleepTime=1000 MILLISECONDS)
2021-10-16 02:30:49,667 [EndpointStateMachine task thread for /127.0.0.1:12767 - 0 ] INFO  ipc.Client (Client.java:handleConnectionFailure(977)) - Retrying connect to server: localhost/127.0.0.1:12767. Already tried 2 time(s); retry policy is RetryUpToMaximumCountWithFixedSleep(maxRetries=15, sleepTime=1000 MILLISECONDS)
2021-10-16 02:30:49,897 [grpc-default-executor-0] WARN  server.GrpcLogAppender (LogUtils.java:warn(122)) - edc74d86-77ab-4f9b-98f8-a274c803e3f6@group-73ED4CBBFF00->1d141dcf-9f09-421f-a135-50b245bde98a-AppendLogResponseHandler: Failed appendEntries: org.apache.ratis.thirdparty.io.grpc.StatusRuntimeException: UNAVAILABLE: io exception
2021-10-16 02:30:49,897 [grpc-default-executor-0] WARN  server.GrpcLogAppender (GrpcLogAppender.java:resetClient(111)) - edc74d86-77ab-4f9b-98f8-a274c803e3f6@group-73ED4CBBFF00->1d141dcf-9f09-421f-a135-50b245bde98a-GrpcLogAppender: Leader has not got in touch with Follower edc74d86-77ab-4f9b-98f8-a274c803e3f6@group-73ED4CBBFF00->1d141dcf-9f09-421f-a135-50b245bde98a(c0,m0,n1, attendVote=true, lastRpcSendTime=1, lastRpcResponseTime=2513) yet, just keep nextIndex unchanged and retry.
2021-10-16 02:30:49,905 [grpc-default-executor-3] WARN  server.GrpcLogAppender (LogUtils.java:warn(122)) - edc74d86-77ab-4f9b-98f8-a274c803e3f6@group-73ED4CBBFF00->772a6939-f9dd-42bd-8136-52263074270c-AppendLogResponseHandler: Failed appendEntries: org.apache.ratis.thirdparty.io.grpc.StatusRuntimeException: UNAVAILABLE: io exception
2021-10-16 02:30:49,906 [grpc-default-executor-3] WARN  server.GrpcLogAppender (GrpcLogAppender.java:resetClient(111)) - edc74d86-77ab-4f9b-98f8-a274c803e3f6@group-73ED4CBBFF00->772a6939-f9dd-42bd-8136-52263074270c-GrpcLogAppender: Leader has not got in touch with Follower edc74d86-77ab-4f9b-98f8-a274c803e3f6@group-73ED4CBBFF00->772a6939-f9dd-42bd-8136-52263074270c(c0,m0,n1, attendVote=true, lastRpcSendTime=1, lastRpcResponseTime=2505) yet, just keep nextIndex unchanged and retry.
2021-10-16 02:30:50,199 [EndpointStateMachine task thread for /127.0.0.1:13945 - 0 ] INFO  ipc.Client (Client.java:handleConnectionFailure(977)) - Retrying connect to server: localhost/127.0.0.1:13945. Already tried 5 time(s); retry policy is RetryUpToMaximumCountWithFixedSleep(maxRetries=15, sleepTime=1000 MILLISECONDS)
2021-10-16 02:30:50,200 [EndpointStateMachine task thread for /127.0.0.1:13965 - 0 ] INFO  ipc.Client (Client.java:handleConnectionFailure(977)) - Retrying connect to server: localhost/127.0.0.1:13965. Already tried 4 time(s); retry policy is RetryUpToMaximumCountWithFixedSleep(maxRetries=15, sleepTime=1000 MILLISECONDS)
2021-10-16 02:30:50,200 [EndpointStateMachine task thread for /127.0.0.1:13955 - 0 ] INFO  ipc.Client (Client.java:handleConnectionFailure(977)) - Retrying connect to server: localhost/127.0.0.1:13955. Already tried 5 time(s); retry policy is RetryUpToMaximumCountWithFixedSleep(maxRetries=15, sleepTime=1000 MILLISECONDS)
2021-10-16 02:30:50,632 [EndpointStateMachine task thread for /127.0.0.1:12777 - 0 ] INFO  ipc.Client (Client.java:handleConnectionFailure(977)) - Retrying connect to server: localhost/127.0.0.1:12777. Already tried 3 time(s); retry policy is RetryUpToMaximumCountWithFixedSleep(maxRetries=15, sleepTime=1000 MILLISECONDS)
2021-10-16 02:30:50,640 [EndpointStateMachine task thread for /127.0.0.1:12757 - 0 ] INFO  ipc.Client (Client.java:handleConnectionFailure(977)) - Retrying connect to server: localhost/127.0.0.1:12757. Already tried 3 time(s); retry policy is RetryUpToMaximumCountWithFixedSleep(maxRetries=15, sleepTime=1000 MILLISECONDS)
2021-10-16 02:30:50,667 [EndpointStateMachine task thread for /127.0.0.1:12767 - 0 ] INFO  ipc.Client (Client.java:handleConnectionFailure(977)) - Retrying connect to server: localhost/127.0.0.1:12767. Already tried 3 time(s); retry policy is RetryUpToMaximumCountWithFixedSleep(maxRetries=15, sleepTime=1000 MILLISECONDS)
2021-10-16 02:30:51,200 [EndpointStateMachine task thread for /127.0.0.1:13945 - 0 ] INFO  ipc.Client (Client.java:handleConnectionFailure(977)) - Retrying connect to server: localhost/127.0.0.1:13945. Already tried 6 time(s); retry policy is RetryUpToMaximumCountWithFixedSleep(maxRetries=15, sleepTime=1000 MILLISECONDS)
2021-10-16 02:30:51,200 [EndpointStateMachine task thread for /127.0.0.1:13965 - 0 ] INFO  ipc.Client (Client.java:handleConnectionFailure(977)) - Retrying connect to server: localhost/127.0.0.1:13965. Already tried 5 time(s); retry policy is RetryUpToMaximumCountWithFixedSleep(maxRetries=15, sleepTime=1000 MILLISECONDS)
2021-10-16 02:30:51,201 [EndpointStateMachine task thread for /127.0.0.1:13955 - 0 ] INFO  ipc.Client (Client.java:handleConnectionFailure(977)) - Retrying connect to server: localhost/127.0.0.1:13955. Already tried 6 time(s); retry policy is RetryUpToMaximumCountWithFixedSleep(maxRetries=15, sleepTime=1000 MILLISECONDS)
2021-10-16 02:30:51,605 [Listener at 127.0.0.1/13164] INFO  statemachine.DatanodeStateMachine (DatanodeStateMachine.java:stopDaemon(522)) - Ozone container server stopped.
2021-10-16 02:30:51,606 [Listener at 127.0.0.1/13164] INFO  handler.ContextHandler (ContextHandler.java:doStop(1153)) - Stopped o.e.j.w.WebAppContext@33581a91{hddsDatanode,/,null,STOPPED}{jar:file:/home/runner/.m2/repository/org/apache/ozone/hdds-container-service/1.2.0-SNAPSHOT/hdds-container-service-1.2.0-SNAPSHOT.jar!/webapps/hddsDatanode}
2021-10-16 02:30:51,607 [Listener at 127.0.0.1/13164] INFO  server.AbstractConnector (AbstractConnector.java:doStop(381)) - Stopped ServerConnector@265edc64{HTTP/1.1, (http/1.1)}{0.0.0.0:0}
2021-10-16 02:30:51,607 [Listener at 127.0.0.1/13164] INFO  server.session (HouseKeeper.java:stopScavenging(149)) - node0 Stopped scavenging
2021-10-16 02:30:51,608 [Listener at 127.0.0.1/13164] INFO  handler.ContextHandler (ContextHandler.java:doStop(1153)) - Stopped o.e.j.s.ServletContextHandler@6f014dfa{static,/static,jar:file:/home/runner/.m2/repository/org/apache/ozone/hdds-container-service/1.2.0-SNAPSHOT/hdds-container-service-1.2.0-SNAPSHOT.jar!/webapps/static,STOPPED}
2021-10-16 02:30:51,611 [ForkJoinPool.commonPool-worker-1] INFO  statemachine.DatanodeStateMachine (DatanodeStateMachine.java:stopDaemon(522)) - Ozone container server stopped.
2021-10-16 02:30:51,614 [Listener at 127.0.0.1/13164] INFO  handler.ContextHandler (ContextHandler.java:doStop(1153)) - Stopped o.e.j.s.ServletContextHandler@380d3099{logs,/logs,file:///home/runner/work/ozone/ozone/hadoop-ozone/integration-test/target/log,STOPPED}
2021-10-16 02:30:51,615 [ForkJoinPool.commonPool-worker-1] INFO  handler.ContextHandler (ContextHandler.java:doStop(1153)) - Stopped o.e.j.w.WebAppContext@5a6a336c{hddsDatanode,/,null,STOPPED}{jar:file:/home/runner/.m2/repository/org/apache/ozone/hdds-container-service/1.2.0-SNAPSHOT/hdds-container-service-1.2.0-SNAPSHOT.jar!/webapps/hddsDatanode}
2021-10-16 02:30:51,631 [ForkJoinPool.commonPool-worker-1] INFO  server.AbstractConnector (AbstractConnector.java:doStop(381)) - Stopped ServerConnector@4c8754b9{HTTP/1.1, (http/1.1)}{0.0.0.0:0}
2021-10-16 02:30:51,631 [ForkJoinPool.commonPool-worker-1] INFO  server.session (HouseKeeper.java:stopScavenging(149)) - node0 Stopped scavenging
2021-10-16 02:30:51,639 [ForkJoinPool.commonPool-worker-1] INFO  handler.ContextHandler (ContextHandler.java:doStop(1153)) - Stopped o.e.j.s.ServletContextHandler@347bc2ad{static,/static,jar:file:/home/runner/.m2/repository/org/apache/ozone/hdds-container-service/1.2.0-SNAPSHOT/hdds-container-service-1.2.0-SNAPSHOT.jar!/webapps/static,STOPPED}
2021-10-16 02:30:51,641 [EndpointStateMachine task thread for /127.0.0.1:12757 - 0 ] INFO  ipc.Client (Client.java:handleConnectionFailure(977)) - Retrying connect to server: localhost/127.0.0.1:12757. Already tried 4 time(s); retry policy is RetryUpToMaximumCountWithFixedSleep(maxRetries=15, sleepTime=1000 MILLISECONDS)
2021-10-16 02:30:51,652 [EndpointStateMachine task thread for /127.0.0.1:12777 - 0 ] INFO  ipc.Client (Client.java:handleConnectionFailure(977)) - Retrying connect to server: localhost/127.0.0.1:12777. Already tried 4 time(s); retry policy is RetryUpToMaximumCountWithFixedSleep(maxRetries=15, sleepTime=1000 MILLISECONDS)
2021-10-16 02:30:51,657 [ForkJoinPool.commonPool-worker-1] INFO  handler.ContextHandler (ContextHandler.java:doStop(1153)) - Stopped o.e.j.s.ServletContextHandler@590603cf{logs,/logs,file:///home/runner/work/ozone/ozone/hadoop-ozone/integration-test/target/log,STOPPED}
2021-10-16 02:30:51,668 [EndpointStateMachine task thread for /127.0.0.1:12767 - 0 ] INFO  ipc.Client (Client.java:handleConnectionFailure(977)) - Retrying connect to server: localhost/127.0.0.1:12767. Already tried 4 time(s); retry policy is RetryUpToMaximumCountWithFixedSleep(maxRetries=15, sleepTime=1000 MILLISECONDS)
2021-10-16 02:30:52,193 [Datanode State Machine Thread - 0] WARN  statemachine.StateContext (StateContext.java:setState(246)) - Ignore disallowed transition from SHUTDOWN to RUNNING
2021-10-16 02:30:52,201 [EndpointStateMachine task thread for /127.0.0.1:13945 - 0 ] INFO  ipc.Client (Client.java:handleConnectionFailure(977)) - Retrying connect to server: localhost/127.0.0.1:13945. Already tried 7 time(s); retry policy is RetryUpToMaximumCountWithFixedSleep(maxRetries=15, sleepTime=1000 MILLISECONDS)
2021-10-16 02:30:52,204 [EndpointStateMachine task thread for /127.0.0.1:13965 - 0 ] INFO  ipc.Client (Client.java:handleConnectionFailure(977)) - Retrying connect to server: localhost/127.0.0.1:13965. Already tried 6 time(s); retry policy is RetryUpToMaximumCountWithFixedSleep(maxRetries=15, sleepTime=1000 MILLISECONDS)
2021-10-16 02:30:52,205 [EndpointStateMachine task thread for /127.0.0.1:13955 - 0 ] INFO  ipc.Client (Client.java:handleConnectionFailure(977)) - Retrying connect to server: localhost/127.0.0.1:13955. Already tried 7 time(s); retry policy is RetryUpToMaximumCountWithFixedSleep(maxRetries=15, sleepTime=1000 MILLISECONDS)
2021-10-16 02:30:52,400 [grpc-default-executor-3] WARN  server.GrpcLogAppender (LogUtils.java:warn(122)) - edc74d86-77ab-4f9b-98f8-a274c803e3f6@group-73ED4CBBFF00->1d141dcf-9f09-421f-a135-50b245bde98a-AppendLogResponseHandler: Failed appendEntries: org.apache.ratis.thirdparty.io.grpc.StatusRuntimeException: UNAVAILABLE: io exception
2021-10-16 02:30:52,401 [grpc-default-executor-3] WARN  server.GrpcLogAppender (GrpcLogAppender.java:resetClient(111)) - edc74d86-77ab-4f9b-98f8-a274c803e3f6@group-73ED4CBBFF00->1d141dcf-9f09-421f-a135-50b245bde98a-GrpcLogAppender: Leader has not got in touch with Follower edc74d86-77ab-4f9b-98f8-a274c803e3f6@group-73ED4CBBFF00->1d141dcf-9f09-421f-a135-50b245bde98a(c0,m0,n1, attendVote=true, lastRpcSendTime=0, lastRpcResponseTime=5017) yet, just keep nextIndex unchanged and retry.
2021-10-16 02:30:52,420 [grpc-default-executor-3] WARN  server.GrpcLogAppender (LogUtils.java:warn(122)) - edc74d86-77ab-4f9b-98f8-a274c803e3f6@group-73ED4CBBFF00->772a6939-f9dd-42bd-8136-52263074270c-AppendLogResponseHandler: Failed appendEntries: org.apache.ratis.thirdparty.io.grpc.StatusRuntimeException: UNAVAILABLE: io exception
2021-10-16 02:30:52,421 [grpc-default-executor-3] WARN  server.GrpcLogAppender (GrpcLogAppender.java:resetClient(111)) - edc74d86-77ab-4f9b-98f8-a274c803e3f6@group-73ED4CBBFF00->772a6939-f9dd-42bd-8136-52263074270c-GrpcLogAppender: Leader has not got in touch with Follower edc74d86-77ab-4f9b-98f8-a274c803e3f6@group-73ED4CBBFF00->772a6939-f9dd-42bd-8136-52263074270c(c0,m0,n1, attendVote=true, lastRpcSendTime=2516, lastRpcResponseTime=5021) yet, just keep nextIndex unchanged and retry.
2021-10-16 02:30:52,641 [EndpointStateMachine task thread for /127.0.0.1:12757 - 0 ] INFO  ipc.Client (Client.java:handleConnectionFailure(977)) - Retrying connect to server: localhost/127.0.0.1:12757. Already tried 5 time(s); retry policy is RetryUpToMaximumCountWithFixedSleep(maxRetries=15, sleepTime=1000 MILLISECONDS)
2021-10-16 02:30:52,664 [EndpointStateMachine task thread for /127.0.0.1:12777 - 0 ] INFO  ipc.Client (Client.java:handleConnectionFailure(977)) - Retrying connect to server: localhost/127.0.0.1:12777. Already tried 5 time(s); retry policy is RetryUpToMaximumCountWithFixedSleep(maxRetries=15, sleepTime=1000 MILLISECONDS)
2021-10-16 02:30:52,672 [EndpointStateMachine task thread for /127.0.0.1:12767 - 0 ] INFO  ipc.Client (Client.java:handleConnectionFailure(977)) - Retrying connect to server: localhost/127.0.0.1:12767. Already tried 5 time(s); retry policy is RetryUpToMaximumCountWithFixedSleep(maxRetries=15, sleepTime=1000 MILLISECONDS)
2021-10-16 02:30:52,877 [edc74d86-77ab-4f9b-98f8-a274c803e3f6@group-73ED4CBBFF00-LeaderStateImpl] WARN  server.RaftServer$Division (LeaderStateImpl.java:checkLeadership(944)) - edc74d86-77ab-4f9b-98f8-a274c803e3f6@group-73ED4CBBFF00-LeaderStateImpl: Lost leadership on term: 2. Election timeout: 5200ms. In charge for: 15703ms. Conf: 0: [1d141dcf-9f09-421f-a135-50b245bde98a|rpc:127.0.0.1:40089|dataStream:|priority:0, edc74d86-77ab-4f9b-98f8-a274c803e3f6|rpc:127.0.0.1:40253|dataStream:|priority:1, 772a6939-f9dd-42bd-8136-52263074270c|rpc:127.0.0.1:44475|dataStream:|priority:0], old=null
2021-10-16 02:30:52,877 [edc74d86-77ab-4f9b-98f8-a274c803e3f6@group-73ED4CBBFF00-LeaderStateImpl] WARN  server.RaftServer$Division (LeaderStateImpl.java:lambda$checkLeadership$15(948)) - Follower edc74d86-77ab-4f9b-98f8-a274c803e3f6@group-73ED4CBBFF00->1d141dcf-9f09-421f-a135-50b245bde98a(c0,m0,n1, attendVote=true, lastRpcSendTime=476, lastRpcResponseTime=5493)
2021-10-16 02:30:52,877 [edc74d86-77ab-4f9b-98f8-a274c803e3f6@group-73ED4CBBFF00-LeaderStateImpl] WARN  server.RaftServer$Division (LeaderStateImpl.java:lambda$checkLeadership$15(948)) - Follower edc74d86-77ab-4f9b-98f8-a274c803e3f6@group-73ED4CBBFF00->772a6939-f9dd-42bd-8136-52263074270c(c0,m0,n1, attendVote=true, lastRpcSendTime=454, lastRpcResponseTime=5477)
2021-10-16 02:30:52,877 [edc74d86-77ab-4f9b-98f8-a274c803e3f6@group-73ED4CBBFF00-LeaderStateImpl] INFO  server.RaftServer$Division (RaftServerImpl.java:setRole(285)) - edc74d86-77ab-4f9b-98f8-a274c803e3f6@group-73ED4CBBFF00: changes role from    LEADER to FOLLOWER at term 2 for StepDownReason:LOST_MAJORITY_HEARTBEATS
2021-10-16 02:30:52,877 [edc74d86-77ab-4f9b-98f8-a274c803e3f6@group-73ED4CBBFF00-LeaderStateImpl] INFO  impl.RoleInfo (RoleInfo.java:shutdownLeaderState(91)) - edc74d86-77ab-4f9b-98f8-a274c803e3f6: shutdown edc74d86-77ab-4f9b-98f8-a274c803e3f6@group-73ED4CBBFF00-LeaderStateImpl
2021-10-16 02:30:52,877 [edc74d86-77ab-4f9b-98f8-a274c803e3f6@group-73ED4CBBFF00-LeaderStateImpl] INFO  impl.PendingRequests (PendingRequests.java:sendNotLeaderResponses(282)) - edc74d86-77ab-4f9b-98f8-a274c803e3f6@group-73ED4CBBFF00-PendingRequests: sendNotLeaderResponses
2021-10-16 02:30:52,878 [edc74d86-77ab-4f9b-98f8-a274c803e3f6@group-73ED4CBBFF00-LeaderStateImpl] INFO  impl.RoleInfo (RoleInfo.java:updateAndGet(130)) - edc74d86-77ab-4f9b-98f8-a274c803e3f6: start edc74d86-77ab-4f9b-98f8-a274c803e3f6@group-73ED4CBBFF00-FollowerState
2021-10-16 02:30:53,202 [EndpointStateMachine task thread for /127.0.0.1:13945 - 0 ] INFO  ipc.Client (Client.java:handleConnectionFailure(977)) - Retrying connect to server: localhost/127.0.0.1:13945. Already tried 8 time(s); retry policy is RetryUpToMaximumCountWithFixedSleep(maxRetries=15, sleepTime=1000 MILLISECONDS)
2021-10-16 02:30:53,205 [EndpointStateMachine task thread for /127.0.0.1:13965 - 0 ] INFO  ipc.Client (Client.java:handleConnectionFailure(977)) - Retrying connect to server: localhost/127.0.0.1:13965. Already tried 7 time(s); retry policy is RetryUpToMaximumCountWithFixedSleep(maxRetries=15, sleepTime=1000 MILLISECONDS)
2021-10-16 02:30:53,206 [EndpointStateMachine task thread for /127.0.0.1:13955 - 0 ] INFO  ipc.Client (Client.java:handleConnectionFailure(977)) - Retrying connect to server: localhost/127.0.0.1:13955. Already tried 8 time(s); retry policy is RetryUpToMaximumCountWithFixedSleep(maxRetries=15, sleepTime=1000 MILLISECONDS)
2021-10-16 02:30:53,642 [EndpointStateMachine task thread for /127.0.0.1:12757 - 0 ] INFO  ipc.Client (Client.java:handleConnectionFailure(977)) - Retrying connect to server: localhost/127.0.0.1:12757. Already tried 6 time(s); retry policy is RetryUpToMaximumCountWithFixedSleep(maxRetries=15, sleepTime=1000 MILLISECONDS)
2021-10-16 02:30:53,665 [EndpointStateMachine task thread for /127.0.0.1:12777 - 0 ] INFO  ipc.Client (Client.java:handleConnectionFailure(977)) - Retrying connect to server: localhost/127.0.0.1:12777. Already tried 6 time(s); retry policy is RetryUpToMaximumCountWithFixedSleep(maxRetries=15, sleepTime=1000 MILLISECONDS)
2021-10-16 02:30:53,673 [EndpointStateMachine task thread for /127.0.0.1:12767 - 0 ] INFO  ipc.Client (Client.java:handleConnectionFailure(977)) - Retrying connect to server: localhost/127.0.0.1:12767. Already tried 6 time(s); retry policy is RetryUpToMaximumCountWithFixedSleep(maxRetries=15, sleepTime=1000 MILLISECONDS)
2021-10-16 02:30:54,203 [EndpointStateMachine task thread for /127.0.0.1:13945 - 0 ] INFO  ipc.Client (Client.java:handleConnectionFailure(977)) - Retrying connect to server: localhost/127.0.0.1:13945. Already tried 9 time(s); retry policy is RetryUpToMaximumCountWithFixedSleep(maxRetries=15, sleepTime=1000 MILLISECONDS)
2021-10-16 02:30:54,206 [EndpointStateMachine task thread for /127.0.0.1:13965 - 0 ] INFO  ipc.Client (Client.java:handleConnectionFailure(977)) - Retrying connect to server: localhost/127.0.0.1:13965. Already tried 8 time(s); retry policy is RetryUpToMaximumCountWithFixedSleep(maxRetries=15, sleepTime=1000 MILLISECONDS)
2021-10-16 02:30:54,206 [EndpointStateMachine task thread for /127.0.0.1:13955 - 0 ] INFO  ipc.Client (Client.java:handleConnectionFailure(977)) - Retrying connect to server: localhost/127.0.0.1:13955. Already tried 9 time(s); retry policy is RetryUpToMaximumCountWithFixedSleep(maxRetries=15, sleepTime=1000 MILLISECONDS)
2021-10-16 02:30:54,643 [EndpointStateMachine task thread for /127.0.0.1:12757 - 0 ] INFO  ipc.Client (Client.java:handleConnectionFailure(977)) - Retrying connect to server: localhost/127.0.0.1:12757. Already tried 7 time(s); retry policy is RetryUpToMaximumCountWithFixedSleep(maxRetries=15, sleepTime=1000 MILLISECONDS)
2021-10-16 02:30:54,665 [EndpointStateMachine task thread for /127.0.0.1:12777 - 0 ] INFO  ipc.Client (Client.java:handleConnectionFailure(977)) - Retrying connect to server: localhost/127.0.0.1:12777. Already tried 7 time(s); retry policy is RetryUpToMaximumCountWithFixedSleep(maxRetries=15, sleepTime=1000 MILLISECONDS)
2021-10-16 02:30:54,673 [EndpointStateMachine task thread for /127.0.0.1:12767 - 0 ] INFO  ipc.Client (Client.java:handleConnectionFailure(977)) - Retrying connect to server: localhost/127.0.0.1:12767. Already tried 7 time(s); retry policy is RetryUpToMaximumCountWithFixedSleep(maxRetries=15, sleepTime=1000 MILLISECONDS)
2021-10-16 02:30:55,203 [EndpointStateMachine task thread for /127.0.0.1:13945 - 0 ] INFO  ipc.Client (Client.java:handleConnectionFailure(977)) - Retrying connect to server: localhost/127.0.0.1:13945. Already tried 10 time(s); retry policy is RetryUpToMaximumCountWithFixedSleep(maxRetries=15, sleepTime=1000 MILLISECONDS)
2021-10-16 02:30:55,207 [EndpointStateMachine task thread for /127.0.0.1:13955 - 0 ] INFO  ipc.Client (Client.java:handleConnectionFailure(977)) - Retrying connect to server: localhost/127.0.0.1:13955. Already tried 10 time(s); retry policy is RetryUpToMaximumCountWithFixedSleep(maxRetries=15, sleepTime=1000 MILLISECONDS)
2021-10-16 02:30:55,207 [EndpointStateMachine task thread for /127.0.0.1:13965 - 0 ] INFO  ipc.Client (Client.java:handleConnectionFailure(977)) - Retrying connect to server: localhost/127.0.0.1:13965. Already tried 9 time(s); retry policy is RetryUpToMaximumCountWithFixedSleep(maxRetries=15, sleepTime=1000 MILLISECONDS)
2021-10-16 02:30:55,644 [EndpointStateMachine task thread for /127.0.0.1:12757 - 0 ] INFO  ipc.Client (Client.java:handleConnectionFailure(977)) - Retrying connect to server: localhost/127.0.0.1:12757. Already tried 8 time(s); retry policy is RetryUpToMaximumCountWithFixedSleep(maxRetries=15, sleepTime=1000 MILLISECONDS)
2021-10-16 02:30:55,666 [EndpointStateMachine task thread for /127.0.0.1:12777 - 0 ] INFO  ipc.Client (Client.java:handleConnectionFailure(977)) - Retrying connect to server: localhost/127.0.0.1:12777. Already tried 8 time(s); retry policy is RetryUpToMaximumCountWithFixedSleep(maxRetries=15, sleepTime=1000 MILLISECONDS)
2021-10-16 02:30:55,674 [EndpointStateMachine task thread for /127.0.0.1:12767 - 0 ] INFO  ipc.Client (Client.java:handleConnectionFailure(977)) - Retrying connect to server: localhost/127.0.0.1:12767. Already tried 8 time(s); retry policy is RetryUpToMaximumCountWithFixedSleep(maxRetries=15, sleepTime=1000 MILLISECONDS)
2021-10-16 02:30:56,206 [EndpointStateMachine task thread for /127.0.0.1:13945 - 0 ] INFO  ipc.Client (Client.java:handleConnectionFailure(977)) - Retrying connect to server: localhost/127.0.0.1:13945. Already tried 11 time(s); retry policy is RetryUpToMaximumCountWithFixedSleep(maxRetries=15, sleepTime=1000 MILLISECONDS)
2021-10-16 02:30:56,209 [EndpointStateMachine task thread for /127.0.0.1:13955 - 0 ] INFO  ipc.Client (Client.java:handleConnectionFailure(977)) - Retrying connect to server: localhost/127.0.0.1:13955. Already tried 11 time(s); retry policy is RetryUpToMaximumCountWithFixedSleep(maxRetries=15, sleepTime=1000 MILLISECONDS)
2021-10-16 02:30:56,209 [EndpointStateMachine task thread for /127.0.0.1:13965 - 0 ] INFO  ipc.Client (Client.java:handleConnectionFailure(977)) - Retrying connect to server: localhost/127.0.0.1:13965. Already tried 10 time(s); retry policy is RetryUpToMaximumCountWithFixedSleep(maxRetries=15, sleepTime=1000 MILLISECONDS)
2021-10-16 02:30:56,631 [Listener at 127.0.0.1/13164] INFO  ozoneimpl.OzoneContainer (OzoneContainer.java:stop(325)) - Attempting to stop container services.
2021-10-16 02:30:56,634 [Listener at 127.0.0.1/13164] INFO  server.RaftServer (RaftServerProxy.java:lambda$close$6(391)) - edc74d86-77ab-4f9b-98f8-a274c803e3f6: close
2021-10-16 02:30:56,637 [Listener at 127.0.0.1/13164] INFO  server.RaftServer$Division (RaftServerImpl.java:lambda$close$4(407)) - edc74d86-77ab-4f9b-98f8-a274c803e3f6@group-8FBAFD7CAFAB: shutdown
2021-10-16 02:30:56,637 [Listener at 127.0.0.1/13164] INFO  util.JmxRegister (JmxRegister.java:unregister(73)) - Successfully un-registered JMX Bean with object name Ratis:service=RaftServer,group=group-8FBAFD7CAFAB,id=edc74d86-77ab-4f9b-98f8-a274c803e3f6
2021-10-16 02:30:56,637 [Listener at 127.0.0.1/13164] INFO  impl.RoleInfo (RoleInfo.java:shutdownFollowerState(108)) - edc74d86-77ab-4f9b-98f8-a274c803e3f6: shutdown edc74d86-77ab-4f9b-98f8-a274c803e3f6@group-8FBAFD7CAFAB-FollowerState
2021-10-16 02:30:56,638 [edc74d86-77ab-4f9b-98f8-a274c803e3f6@group-8FBAFD7CAFAB-FollowerState] INFO  impl.FollowerState (FollowerState.java:run(143)) - edc74d86-77ab-4f9b-98f8-a274c803e3f6@group-8FBAFD7CAFAB-FollowerState was interrupted: {}
java.lang.InterruptedException: sleep interrupted
	at java.lang.Thread.sleep(Native Method)
	at java.lang.Thread.sleep(Thread.java:340)
	at java.util.concurrent.TimeUnit.sleep(TimeUnit.java:386)
	at org.apache.ratis.util.TimeDuration.sleep(TimeDuration.java:324)
	at org.apache.ratis.util.TimeDuration.sleep(TimeDuration.java:309)
	at org.apache.ratis.server.impl.FollowerState.run(FollowerState.java:118)
2021-10-16 02:30:56,638 [Listener at 127.0.0.1/13164] INFO  impl.StateMachineUpdater (StateMachineUpdater.java:stopAndJoin(149)) - edc74d86-77ab-4f9b-98f8-a274c803e3f6@group-8FBAFD7CAFAB-StateMachineUpdater: set stopIndex = 0
2021-10-16 02:30:56,638 [edc74d86-77ab-4f9b-98f8-a274c803e3f6@group-8FBAFD7CAFAB-StateMachineUpdater] INFO  ratis.ContainerStateMachine (ContainerStateMachine.java:takeSnapshot(292)) - group-8FBAFD7CAFAB: Taking a snapshot at:(t:3, i:0) file /home/runner/work/ozone/ozone/hadoop-ozone/integration-test/target/test-dir/MiniOzoneClusterImpl-4eb377f1-b672-4075-9178-fccd761457f8/datanode-2/data/ratis/4b86bc2b-a2e2-4d58-855b-8fbafd7cafab/sm/snapshot.3_0
2021-10-16 02:30:56,640 [edc74d86-77ab-4f9b-98f8-a274c803e3f6@group-8FBAFD7CAFAB-StateMachineUpdater] INFO  ratis.ContainerStateMachine (ContainerStateMachine.java:takeSnapshot(303)) - group-8FBAFD7CAFAB: Finished taking a snapshot at:(t:3, i:0) file:/home/runner/work/ozone/ozone/hadoop-ozone/integration-test/target/test-dir/MiniOzoneClusterImpl-4eb377f1-b672-4075-9178-fccd761457f8/datanode-2/data/ratis/4b86bc2b-a2e2-4d58-855b-8fbafd7cafab/sm/snapshot.3_0 took: 2 ms
2021-10-16 02:30:56,641 [edc74d86-77ab-4f9b-98f8-a274c803e3f6@group-8FBAFD7CAFAB-StateMachineUpdater] INFO  impl.StateMachineUpdater (StateMachineUpdater.java:takeSnapshot(281)) - edc74d86-77ab-4f9b-98f8-a274c803e3f6@group-8FBAFD7CAFAB-StateMachineUpdater: Took a snapshot at index 0
2021-10-16 02:30:56,641 [edc74d86-77ab-4f9b-98f8-a274c803e3f6@group-8FBAFD7CAFAB-StateMachineUpdater] INFO  impl.StateMachineUpdater (StateMachineUpdater.java:lambda$new$0(89)) - edc74d86-77ab-4f9b-98f8-a274c803e3f6@group-8FBAFD7CAFAB-StateMachineUpdater: snapshotIndex: updateIncreasingly -1 -> 0
2021-10-16 02:30:56,641 [Listener at 127.0.0.1/13164] INFO  server.RaftServer$Division (ServerState.java:close(419)) - edc74d86-77ab-4f9b-98f8-a274c803e3f6@group-8FBAFD7CAFAB: closes. applyIndex: 0
2021-10-16 02:30:56,641 [edc74d86-77ab-4f9b-98f8-a274c803e3f6@group-8FBAFD7CAFAB-SegmentedRaftLogWorker] INFO  segmented.SegmentedRaftLogWorker (SegmentedRaftLogWorker.java:run(327)) - edc74d86-77ab-4f9b-98f8-a274c803e3f6@group-8FBAFD7CAFAB-SegmentedRaftLogWorker was interrupted, exiting. There are 0 tasks remaining in the queue.
2021-10-16 02:30:56,642 [Listener at 127.0.0.1/13164] INFO  segmented.SegmentedRaftLogWorker (SegmentedRaftLogWorker.java:close(237)) - edc74d86-77ab-4f9b-98f8-a274c803e3f6@group-8FBAFD7CAFAB-SegmentedRaftLogWorker close()
2021-10-16 02:30:56,642 [Listener at 127.0.0.1/13164] INFO  server.RaftServer$Division (RaftServerImpl.java:lambda$close$4(407)) - edc74d86-77ab-4f9b-98f8-a274c803e3f6@group-73ED4CBBFF00: shutdown
2021-10-16 02:30:56,642 [Listener at 127.0.0.1/13164] INFO  util.JmxRegister (JmxRegister.java:unregister(73)) - Successfully un-registered JMX Bean with object name Ratis:service=RaftServer,group=group-73ED4CBBFF00,id=edc74d86-77ab-4f9b-98f8-a274c803e3f6
2021-10-16 02:30:56,643 [Listener at 127.0.0.1/13164] INFO  impl.RoleInfo (RoleInfo.java:shutdownFollowerState(108)) - edc74d86-77ab-4f9b-98f8-a274c803e3f6: shutdown edc74d86-77ab-4f9b-98f8-a274c803e3f6@group-73ED4CBBFF00-FollowerState
2021-10-16 02:30:56,643 [edc74d86-77ab-4f9b-98f8-a274c803e3f6@group-73ED4CBBFF00-FollowerState] INFO  impl.FollowerState (FollowerState.java:run(143)) - edc74d86-77ab-4f9b-98f8-a274c803e3f6@group-73ED4CBBFF00-FollowerState was interrupted: {}
java.lang.InterruptedException: sleep interrupted
	at java.lang.Thread.sleep(Native Method)
	at java.lang.Thread.sleep(Thread.java:340)
	at java.util.concurrent.TimeUnit.sleep(TimeUnit.java:386)
	at org.apache.ratis.util.TimeDuration.sleep(TimeDuration.java:324)
	at org.apache.ratis.util.TimeDuration.sleep(TimeDuration.java:309)
	at org.apache.ratis.server.impl.FollowerState.run(FollowerState.java:118)
2021-10-16 02:30:56,645 [EndpointStateMachine task thread for /127.0.0.1:12757 - 0 ] INFO  ipc.Client (Client.java:handleConnectionFailure(977)) - Retrying connect to server: localhost/127.0.0.1:12757. Already tried 9 time(s); retry policy is RetryUpToMaximumCountWithFixedSleep(maxRetries=15, sleepTime=1000 MILLISECONDS)
2021-10-16 02:30:56,650 [Listener at 127.0.0.1/13164] INFO  impl.StateMachineUpdater (StateMachineUpdater.java:stopAndJoin(149)) - edc74d86-77ab-4f9b-98f8-a274c803e3f6@group-73ED4CBBFF00-StateMachineUpdater: set stopIndex = 0
2021-10-16 02:30:56,651 [edc74d86-77ab-4f9b-98f8-a274c803e3f6@group-73ED4CBBFF00-StateMachineUpdater] INFO  ratis.ContainerStateMachine (ContainerStateMachine.java:takeSnapshot(292)) - group-73ED4CBBFF00: Taking a snapshot at:(t:2, i:0) file /home/runner/work/ozone/ozone/hadoop-ozone/integration-test/target/test-dir/MiniOzoneClusterImpl-4eb377f1-b672-4075-9178-fccd761457f8/datanode-2/data/ratis/f1e67424-e3bf-4453-abbf-73ed4cbbff00/sm/snapshot.2_0
2021-10-16 02:30:56,652 [edc74d86-77ab-4f9b-98f8-a274c803e3f6@group-73ED4CBBFF00-StateMachineUpdater] INFO  ratis.ContainerStateMachine (ContainerStateMachine.java:takeSnapshot(303)) - group-73ED4CBBFF00: Finished taking a snapshot at:(t:2, i:0) file:/home/runner/work/ozone/ozone/hadoop-ozone/integration-test/target/test-dir/MiniOzoneClusterImpl-4eb377f1-b672-4075-9178-fccd761457f8/datanode-2/data/ratis/f1e67424-e3bf-4453-abbf-73ed4cbbff00/sm/snapshot.2_0 took: 1 ms
2021-10-16 02:30:56,652 [edc74d86-77ab-4f9b-98f8-a274c803e3f6@group-73ED4CBBFF00-StateMachineUpdater] INFO  impl.StateMachineUpdater (StateMachineUpdater.java:takeSnapshot(281)) - edc74d86-77ab-4f9b-98f8-a274c803e3f6@group-73ED4CBBFF00-StateMachineUpdater: Took a snapshot at index 0
2021-10-16 02:30:56,652 [edc74d86-77ab-4f9b-98f8-a274c803e3f6@group-73ED4CBBFF00-StateMachineUpdater] INFO  impl.StateMachineUpdater (StateMachineUpdater.java:lambda$new$0(89)) - edc74d86-77ab-4f9b-98f8-a274c803e3f6@group-73ED4CBBFF00-StateMachineUpdater: snapshotIndex: updateIncreasingly -1 -> 0
2021-10-16 02:30:56,652 [Listener at 127.0.0.1/13164] INFO  server.RaftServer$Division (ServerState.java:close(419)) - edc74d86-77ab-4f9b-98f8-a274c803e3f6@group-73ED4CBBFF00: closes. applyIndex: 0
2021-10-16 02:30:56,653 [edc74d86-77ab-4f9b-98f8-a274c803e3f6@group-73ED4CBBFF00-SegmentedRaftLogWorker] INFO  segmented.SegmentedRaftLogWorker (SegmentedRaftLogWorker.java:run(327)) - edc74d86-77ab-4f9b-98f8-a274c803e3f6@group-73ED4CBBFF00-SegmentedRaftLogWorker was interrupted, exiting. There are 0 tasks remaining in the queue.
2021-10-16 02:30:56,653 [Listener at 127.0.0.1/13164] INFO  segmented.SegmentedRaftLogWorker (SegmentedRaftLogWorker.java:close(237)) - edc74d86-77ab-4f9b-98f8-a274c803e3f6@group-73ED4CBBFF00-SegmentedRaftLogWorker close()
2021-10-16 02:30:56,653 [Listener at 127.0.0.1/13164] INFO  server.RaftServer$Division (RaftServerImpl.java:lambda$close$4(407)) - edc74d86-77ab-4f9b-98f8-a274c803e3f6@group-5099CAC1B478: shutdown
2021-10-16 02:30:56,654 [Listener at 127.0.0.1/13164] INFO  util.JmxRegister (JmxRegister.java:unregister(73)) - Successfully un-registered JMX Bean with object name Ratis:service=RaftServer,group=group-5099CAC1B478,id=edc74d86-77ab-4f9b-98f8-a274c803e3f6
2021-10-16 02:30:56,654 [Listener at 127.0.0.1/13164] INFO  impl.RoleInfo (RoleInfo.java:shutdownLeaderState(91)) - edc74d86-77ab-4f9b-98f8-a274c803e3f6: shutdown edc74d86-77ab-4f9b-98f8-a274c803e3f6@group-5099CAC1B478-LeaderStateImpl
2021-10-16 02:30:56,655 [Listener at 127.0.0.1/13164] INFO  impl.PendingRequests (PendingRequests.java:sendNotLeaderResponses(282)) - edc74d86-77ab-4f9b-98f8-a274c803e3f6@group-5099CAC1B478-PendingRequests: sendNotLeaderResponses
2021-10-16 02:30:56,657 [Listener at 127.0.0.1/13164] INFO  impl.StateMachineUpdater (StateMachineUpdater.java:stopAndJoin(149)) - edc74d86-77ab-4f9b-98f8-a274c803e3f6@group-5099CAC1B478-StateMachineUpdater: set stopIndex = 0
2021-10-16 02:30:56,657 [edc74d86-77ab-4f9b-98f8-a274c803e3f6@group-5099CAC1B478-StateMachineUpdater] INFO  ratis.ContainerStateMachine (ContainerStateMachine.java:takeSnapshot(292)) - group-5099CAC1B478: Taking a snapshot at:(t:1, i:0) file /home/runner/work/ozone/ozone/hadoop-ozone/integration-test/target/test-dir/MiniOzoneClusterImpl-4eb377f1-b672-4075-9178-fccd761457f8/datanode-2/data/ratis/1253f24e-ad9c-4dda-b1cc-5099cac1b478/sm/snapshot.1_0
2021-10-16 02:30:56,661 [edc74d86-77ab-4f9b-98f8-a274c803e3f6@group-5099CAC1B478-StateMachineUpdater] INFO  ratis.ContainerStateMachine (ContainerStateMachine.java:takeSnapshot(303)) - group-5099CAC1B478: Finished taking a snapshot at:(t:1, i:0) file:/home/runner/work/ozone/ozone/hadoop-ozone/integration-test/target/test-dir/MiniOzoneClusterImpl-4eb377f1-b672-4075-9178-fccd761457f8/datanode-2/data/ratis/1253f24e-ad9c-4dda-b1cc-5099cac1b478/sm/snapshot.1_0 took: 3 ms
2021-10-16 02:30:56,661 [edc74d86-77ab-4f9b-98f8-a274c803e3f6@group-5099CAC1B478-StateMachineUpdater] INFO  impl.StateMachineUpdater (StateMachineUpdater.java:takeSnapshot(281)) - edc74d86-77ab-4f9b-98f8-a274c803e3f6@group-5099CAC1B478-StateMachineUpdater: Took a snapshot at index 0
2021-10-16 02:30:56,661 [edc74d86-77ab-4f9b-98f8-a274c803e3f6@group-5099CAC1B478-StateMachineUpdater] INFO  impl.StateMachineUpdater (StateMachineUpdater.java:lambda$new$0(89)) - edc74d86-77ab-4f9b-98f8-a274c803e3f6@group-5099CAC1B478-StateMachineUpdater: snapshotIndex: updateIncreasingly -1 -> 0
2021-10-16 02:30:56,662 [Listener at 127.0.0.1/13164] INFO  server.RaftServer$Division (ServerState.java:close(419)) - edc74d86-77ab-4f9b-98f8-a274c803e3f6@group-5099CAC1B478: closes. applyIndex: 0
2021-10-16 02:30:56,662 [edc74d86-77ab-4f9b-98f8-a274c803e3f6@group-5099CAC1B478-SegmentedRaftLogWorker] INFO  segmented.SegmentedRaftLogWorker (SegmentedRaftLogWorker.java:run(327)) - edc74d86-77ab-4f9b-98f8-a274c803e3f6@group-5099CAC1B478-SegmentedRaftLogWorker was interrupted, exiting. There are 0 tasks remaining in the queue.
2021-10-16 02:30:56,662 [Listener at 127.0.0.1/13164] INFO  segmented.SegmentedRaftLogWorker (SegmentedRaftLogWorker.java:close(237)) - edc74d86-77ab-4f9b-98f8-a274c803e3f6@group-5099CAC1B478-SegmentedRaftLogWorker close()
2021-10-16 02:30:56,663 [Listener at 127.0.0.1/13164] INFO  server.GrpcService (GrpcService.java:closeImpl(262)) - edc74d86-77ab-4f9b-98f8-a274c803e3f6: shutdown server with port 40253 now
2021-10-16 02:30:56,667 [EndpointStateMachine task thread for /127.0.0.1:12777 - 0 ] INFO  ipc.Client (Client.java:handleConnectionFailure(977)) - Retrying connect to server: localhost/127.0.0.1:12777. Already tried 9 time(s); retry policy is RetryUpToMaximumCountWithFixedSleep(maxRetries=15, sleepTime=1000 MILLISECONDS)
2021-10-16 02:30:56,675 [EndpointStateMachine task thread for /127.0.0.1:12767 - 0 ] INFO  ipc.Client (Client.java:handleConnectionFailure(977)) - Retrying connect to server: localhost/127.0.0.1:12767. Already tried 9 time(s); retry policy is RetryUpToMaximumCountWithFixedSleep(maxRetries=15, sleepTime=1000 MILLISECONDS)
2021-10-16 02:30:56,675 [Listener at 127.0.0.1/13164] INFO  server.GrpcService (GrpcService.java:closeImpl(271)) - edc74d86-77ab-4f9b-98f8-a274c803e3f6: shutdown server with port 40253 successfully
2021-10-16 02:30:56,675 [org.apache.ratis.util.JvmPauseMonitor$$Lambda$499/17331878@4630c8a6] INFO  util.JvmPauseMonitor (JvmPauseMonitor.java:run(109)) - JvmPauseMonitor-edc74d86-77ab-4f9b-98f8-a274c803e3f6: Stopped
2021-10-16 02:30:56,676 [Listener at 127.0.0.1/13164] INFO  utils.BackgroundService (BackgroundService.java:shutdown(132)) - Shutting down service BlockDeletingService
2021-10-16 02:30:57,207 [EndpointStateMachine task thread for /127.0.0.1:13945 - 0 ] INFO  ipc.Client (Client.java:handleConnectionFailure(977)) - Retrying connect to server: localhost/127.0.0.1:13945. Already tried 12 time(s); retry policy is RetryUpToMaximumCountWithFixedSleep(maxRetries=15, sleepTime=1000 MILLISECONDS)
2021-10-16 02:30:57,209 [EndpointStateMachine task thread for /127.0.0.1:13955 - 0 ] INFO  ipc.Client (Client.java:handleConnectionFailure(977)) - Retrying connect to server: localhost/127.0.0.1:13955. Already tried 12 time(s); retry policy is RetryUpToMaximumCountWithFixedSleep(maxRetries=15, sleepTime=1000 MILLISECONDS)
2021-10-16 02:30:57,209 [EndpointStateMachine task thread for /127.0.0.1:13965 - 0 ] INFO  ipc.Client (Client.java:handleConnectionFailure(977)) - Retrying connect to server: localhost/127.0.0.1:13965. Already tried 11 time(s); retry policy is RetryUpToMaximumCountWithFixedSleep(maxRetries=15, sleepTime=1000 MILLISECONDS)
2021-10-16 02:30:57,646 [EndpointStateMachine task thread for /127.0.0.1:12757 - 0 ] INFO  ipc.Client (Client.java:handleConnectionFailure(977)) - Retrying connect to server: localhost/127.0.0.1:12757. Already tried 10 time(s); retry policy is RetryUpToMaximumCountWithFixedSleep(maxRetries=15, sleepTime=1000 MILLISECONDS)
2021-10-16 02:30:57,667 [EndpointStateMachine task thread for /127.0.0.1:12777 - 0 ] INFO  ipc.Client (Client.java:handleConnectionFailure(977)) - Retrying connect to server: localhost/127.0.0.1:12777. Already tried 10 time(s); retry policy is RetryUpToMaximumCountWithFixedSleep(maxRetries=15, sleepTime=1000 MILLISECONDS)
2021-10-16 02:30:57,675 [EndpointStateMachine task thread for /127.0.0.1:12767 - 0 ] INFO  ipc.Client (Client.java:handleConnectionFailure(977)) - Retrying connect to server: localhost/127.0.0.1:12767. Already tried 10 time(s); retry policy is RetryUpToMaximumCountWithFixedSleep(maxRetries=15, sleepTime=1000 MILLISECONDS)
2021-10-16 02:30:58,208 [EndpointStateMachine task thread for /127.0.0.1:13945 - 0 ] INFO  ipc.Client (Client.java:handleConnectionFailure(977)) - Retrying connect to server: localhost/127.0.0.1:13945. Already tried 13 time(s); retry policy is RetryUpToMaximumCountWithFixedSleep(maxRetries=15, sleepTime=1000 MILLISECONDS)
2021-10-16 02:30:58,210 [EndpointStateMachine task thread for /127.0.0.1:13955 - 0 ] INFO  ipc.Client (Client.java:handleConnectionFailure(977)) - Retrying connect to server: localhost/127.0.0.1:13955. Already tried 13 time(s); retry policy is RetryUpToMaximumCountWithFixedSleep(maxRetries=15, sleepTime=1000 MILLISECONDS)
2021-10-16 02:30:58,210 [EndpointStateMachine task thread for /127.0.0.1:13965 - 0 ] INFO  ipc.Client (Client.java:handleConnectionFailure(977)) - Retrying connect to server: localhost/127.0.0.1:13965. Already tried 12 time(s); retry policy is RetryUpToMaximumCountWithFixedSleep(maxRetries=15, sleepTime=1000 MILLISECONDS)
2021-10-16 02:30:58,647 [EndpointStateMachine task thread for /127.0.0.1:12757 - 0 ] INFO  ipc.Client (Client.java:handleConnectionFailure(977)) - Retrying connect to server: localhost/127.0.0.1:12757. Already tried 11 time(s); retry policy is RetryUpToMaximumCountWithFixedSleep(maxRetries=15, sleepTime=1000 MILLISECONDS)
2021-10-16 02:30:58,667 [EndpointStateMachine task thread for /127.0.0.1:12777 - 0 ] INFO  ipc.Client (Client.java:handleConnectionFailure(977)) - Retrying connect to server: localhost/127.0.0.1:12777. Already tried 11 time(s); retry policy is RetryUpToMaximumCountWithFixedSleep(maxRetries=15, sleepTime=1000 MILLISECONDS)
2021-10-16 02:30:58,675 [EndpointStateMachine task thread for /127.0.0.1:12767 - 0 ] INFO  ipc.Client (Client.java:handleConnectionFailure(977)) - Retrying connect to server: localhost/127.0.0.1:12767. Already tried 11 time(s); retry policy is RetryUpToMaximumCountWithFixedSleep(maxRetries=15, sleepTime=1000 MILLISECONDS)
2021-10-16 02:30:59,209 [EndpointStateMachine task thread for /127.0.0.1:13945 - 0 ] INFO  ipc.Client (Client.java:handleConnectionFailure(977)) - Retrying connect to server: localhost/127.0.0.1:13945. Already tried 14 time(s); retry policy is RetryUpToMaximumCountWithFixedSleep(maxRetries=15, sleepTime=1000 MILLISECONDS)
2021-10-16 02:30:59,210 [EndpointStateMachine task thread for /127.0.0.1:13955 - 0 ] INFO  ipc.Client (Client.java:handleConnectionFailure(977)) - Retrying connect to server: localhost/127.0.0.1:13955. Already tried 14 time(s); retry policy is RetryUpToMaximumCountWithFixedSleep(maxRetries=15, sleepTime=1000 MILLISECONDS)
2021-10-16 02:30:59,210 [EndpointStateMachine task thread for /127.0.0.1:13965 - 0 ] INFO  ipc.Client (Client.java:handleConnectionFailure(977)) - Retrying connect to server: localhost/127.0.0.1:13965. Already tried 13 time(s); retry policy is RetryUpToMaximumCountWithFixedSleep(maxRetries=15, sleepTime=1000 MILLISECONDS)
2021-10-16 02:30:59,648 [EndpointStateMachine task thread for /127.0.0.1:12757 - 0 ] INFO  ipc.Client (Client.java:handleConnectionFailure(977)) - Retrying connect to server: localhost/127.0.0.1:12757. Already tried 12 time(s); retry policy is RetryUpToMaximumCountWithFixedSleep(maxRetries=15, sleepTime=1000 MILLISECONDS)
2021-10-16 02:30:59,669 [EndpointStateMachine task thread for /127.0.0.1:12777 - 0 ] INFO  ipc.Client (Client.java:handleConnectionFailure(977)) - Retrying connect to server: localhost/127.0.0.1:12777. Already tried 12 time(s); retry policy is RetryUpToMaximumCountWithFixedSleep(maxRetries=15, sleepTime=1000 MILLISECONDS)
2021-10-16 02:30:59,676 [EndpointStateMachine task thread for /127.0.0.1:12767 - 0 ] INFO  ipc.Client (Client.java:handleConnectionFailure(977)) - Retrying connect to server: localhost/127.0.0.1:12767. Already tried 12 time(s); retry policy is RetryUpToMaximumCountWithFixedSleep(maxRetries=15, sleepTime=1000 MILLISECONDS)
2021-10-16 02:30:59,698 [Listener at 127.0.0.1/13164] INFO  statemachine.DatanodeStateMachine (DatanodeStateMachine.java:stopDaemon(522)) - Ozone container server stopped.
2021-10-16 02:30:59,699 [Listener at 127.0.0.1/13164] INFO  handler.ContextHandler (ContextHandler.java:doStop(1153)) - Stopped o.e.j.w.WebAppContext@74fd6fed{hddsDatanode,/,null,STOPPED}{jar:file:/home/runner/.m2/repository/org/apache/ozone/hdds-container-service/1.2.0-SNAPSHOT/hdds-container-service-1.2.0-SNAPSHOT.jar!/webapps/hddsDatanode}
2021-10-16 02:30:59,700 [Listener at 127.0.0.1/13164] INFO  server.AbstractConnector (AbstractConnector.java:doStop(381)) - Stopped ServerConnector@12e2aec8{HTTP/1.1, (http/1.1)}{0.0.0.0:0}
2021-10-16 02:30:59,701 [Listener at 127.0.0.1/13164] INFO  server.session (HouseKeeper.java:stopScavenging(149)) - node0 Stopped scavenging
2021-10-16 02:30:59,701 [Listener at 127.0.0.1/13164] INFO  handler.ContextHandler (ContextHandler.java:doStop(1153)) - Stopped o.e.j.s.ServletContextHandler@27f0979{static,/static,jar:file:/home/runner/.m2/repository/org/apache/ozone/hdds-container-service/1.2.0-SNAPSHOT/hdds-container-service-1.2.0-SNAPSHOT.jar!/webapps/static,STOPPED}
2021-10-16 02:30:59,703 [Listener at 127.0.0.1/13164] INFO  handler.ContextHandler (ContextHandler.java:doStop(1153)) - Stopped o.e.j.s.ServletContextHandler@92bdd87{logs,/logs,file:///home/runner/work/ozone/ozone/hadoop-ozone/integration-test/target/log,STOPPED}
]]></system-out>
  </testcase>
  <testcase name="testInstallCorruptedCheckpointFailure" classname="org.apache.hadoop.ozone.scm.TestSCMInstallSnapshotWithHA" time="52.973"/>
</testsuite>