<?xml version="1.0" encoding="UTF-8"?>
<testsuite xmlns:xsi="http://www.w3.org/2001/XMLSchema-instance" xsi:noNamespaceSchemaLocation="https://maven.apache.org/surefire/maven-surefire-plugin/xsd/surefire-test-report-3.0.xsd" version="3.0" name="org.apache.hadoop.ozone.container.TestECContainerRecovery" time="192.176" tests="2" errors="1" skipped="0" failures="0">
  <properties>
    <property name="awt.toolkit" value="sun.awt.X11.XToolkit"/>
    <property name="file.encoding.pkg" value="sun.io"/>
    <property name="java.specification.version" value="1.8"/>
    <property name="sun.cpu.isalist" value=""/>
    <property name="sun.jnu.encoding" value="UTF-8"/>
    <property name="gradle.enterprise.listener.surefire.forkId" value="1"/>
    <property name="java.class.path" value="/home/runner/work/ozone/ozone/hadoop-ozone/integration-test/target/test-classes:/home/runner/work/ozone/ozone/hadoop-ozone/integration-test/target/classes:/home/runner/.m2/repository/org/apache/ozone/ozone-common/1.4.0-SNAPSHOT/ozone-common-1.4.0-SNAPSHOT.jar:/home/runner/.m2/repository/io/grpc/grpc-netty/1.51.1/grpc-netty-1.51.1.jar:/home/runner/.m2/repository/io/grpc/grpc-core/1.51.1/grpc-core-1.51.1.jar:/home/runner/.m2/repository/com/google/android/annotations/4.1.1.4/annotations-4.1.1.4.jar:/home/runner/.m2/repository/org/codehaus/mojo/animal-sniffer-annotations/1.21/animal-sniffer-annotations-1.21.jar:/home/runner/.m2/repository/com/google/errorprone/error_prone_annotations/2.2.0/error_prone_annotations-2.2.0.jar:/home/runner/.m2/repository/io/perfmark/perfmark-api/0.25.0/perfmark-api-0.25.0.jar:/home/runner/.m2/repository/io/netty/netty-codec-http2/4.1.100.Final/netty-codec-http2-4.1.100.Final.jar:/home/runner/.m2/repository/io/netty/netty-common/4.1.100.Final/netty-common-4.1.100.Final.jar:/home/runner/.m2/repository/io/netty/netty-buffer/4.1.100.Final/netty-buffer-4.1.100.Final.jar:/home/runner/.m2/repository/io/netty/netty-codec-http/4.1.100.Final/netty-codec-http-4.1.100.Final.jar:/home/runner/.m2/repository/io/netty/netty-handler-proxy/4.1.100.Final/netty-handler-proxy-4.1.100.Final.jar:/home/runner/.m2/repository/io/netty/netty-codec-socks/4.1.100.Final/netty-codec-socks-4.1.100.Final.jar:/home/runner/.m2/repository/io/netty/netty-tcnative-boringssl-static/2.0.61.Final/netty-tcnative-boringssl-static-2.0.61.Final.jar:/home/runner/.m2/repository/io/netty/netty-tcnative-classes/2.0.61.Final/netty-tcnative-classes-2.0.61.Final.jar:/home/runner/.m2/repository/io/netty/netty-tcnative-boringssl-static/2.0.61.Final/netty-tcnative-boringssl-static-2.0.61.Final-linux-x86_64.jar:/home/runner/.m2/repository/io/netty/netty-tcnative-boringssl-static/2.0.61.Final/netty-tcnative-boringssl-static-2.0.61.Final-linux-aarch_64.jar:/home/runner/.m2/repository/io/netty/netty-tcnative-boringssl-static/2.0.61.Final/netty-tcnative-boringssl-static-2.0.61.Final-osx-x86_64.jar:/home/runner/.m2/repository/io/netty/netty-tcnative-boringssl-static/2.0.61.Final/netty-tcnative-boringssl-static-2.0.61.Final-osx-aarch_64.jar:/home/runner/.m2/repository/io/netty/netty-tcnative-boringssl-static/2.0.61.Final/netty-tcnative-boringssl-static-2.0.61.Final-windows-x86_64.jar:/home/runner/.m2/repository/org/apache/commons/commons-compress/1.21/commons-compress-1.21.jar:/home/runner/.m2/repository/org/apache/ozone/hdds-common/1.4.0-SNAPSHOT/hdds-common-1.4.0-SNAPSHOT.jar:/home/runner/.m2/repository/org/apache/ozone/hdds-client/1.4.0-SNAPSHOT/hdds-client-1.4.0-SNAPSHOT.jar:/home/runner/.m2/repository/org/apache/ozone/ozone-interface-client/1.4.0-SNAPSHOT/ozone-interface-client-1.4.0-SNAPSHOT.jar:/home/runner/.m2/repository/org/apache/hadoop/hadoop-hdfs-client/3.3.6/hadoop-hdfs-client-3.3.6.jar:/home/runner/.m2/repository/com/squareup/okhttp3/okhttp/4.9.3/okhttp-4.9.3.jar:/home/runner/.m2/repository/com/squareup/okio/okio/3.4.0/okio-3.4.0.jar:/home/runner/.m2/repository/com/squareup/okio/okio-jvm/3.4.0/okio-jvm-3.4.0.jar:/home/runner/.m2/repository/org/jetbrains/kotlin/kotlin-stdlib-jdk8/1.8.0/kotlin-stdlib-jdk8-1.8.0.jar:/home/runner/.m2/repository/org/jetbrains/kotlin/kotlin-stdlib-jdk7/1.8.0/kotlin-stdlib-jdk7-1.8.0.jar:/home/runner/.m2/repository/org/jetbrains/kotlin/kotlin-stdlib-common/1.6.21/kotlin-stdlib-common-1.6.21.jar:/home/runner/.m2/repository/org/apache/ozone/hdds-test-utils/1.4.0-SNAPSHOT/hdds-test-utils-1.4.0-SNAPSHOT.jar:/home/runner/.m2/repository/com/google/guava/guava/32.0.0-jre/guava-32.0.0-jre.jar:/home/runner/.m2/repository/com/google/guava/failureaccess/1.0.1/failureaccess-1.0.1.jar:/home/runner/.m2/repository/com/google/guava/listenablefuture/9999.0-empty-to-avoid-conflict-with-guava/listenablefuture-9999.0-empty-to-avoid-conflict-with-guava.jar:/home/runner/.m2/repository/com/google/code/findbugs/jsr305/3.0.0/jsr305-3.0.0.jar:/home/runner/.m2/repository/org/checkerframework/checker-qual/3.33.0/checker-qual-3.33.0.jar:/home/runner/.m2/repository/com/google/j2objc/j2objc-annotations/2.8/j2objc-annotations-2.8.jar:/home/runner/.m2/repository/commons-io/commons-io/2.11.0/commons-io-2.11.0.jar:/home/runner/.m2/repository/commons-logging/commons-logging/1.2/commons-logging-1.2.jar:/home/runner/.m2/repository/ch/qos/reload4j/reload4j/1.2.22/reload4j-1.2.22.jar:/home/runner/.m2/repository/org/slf4j/slf4j-api/1.7.36/slf4j-api-1.7.36.jar:/home/runner/.m2/repository/org/apache/logging/log4j/log4j-api/2.17.1/log4j-api-2.17.1.jar:/home/runner/.m2/repository/org/apache/ozone/hdds-server-scm/1.4.0-SNAPSHOT/hdds-server-scm-1.4.0-SNAPSHOT.jar:/home/runner/.m2/repository/org/apache/ozone/hdds-container-service/1.4.0-SNAPSHOT/hdds-container-service-1.4.0-SNAPSHOT.jar:/home/runner/.m2/repository/org/apache/ozone/hdds-hadoop-dependency-server/1.4.0-SNAPSHOT/hdds-hadoop-dependency-server-1.4.0-SNAPSHOT.jar:/home/runner/.m2/repository/org/apache/hadoop/hadoop-hdfs/3.3.6/hadoop-hdfs-3.3.6.jar:/home/runner/.m2/repository/commons-daemon/commons-daemon/1.0.13/commons-daemon-1.0.13.jar:/home/runner/.m2/repository/org/apache/ozone/hdds-server-framework/1.4.0-SNAPSHOT/hdds-server-framework-1.4.0-SNAPSHOT.jar:/home/runner/.m2/repository/io/dropwizard/metrics/metrics-core/3.2.4/metrics-core-3.2.4.jar:/home/runner/.m2/repository/org/apache/commons/commons-text/1.10.0/commons-text-1.10.0.jar:/home/runner/.m2/repository/org/bouncycastle/bcprov-jdk15on/1.67/bcprov-jdk15on-1.67.jar:/home/runner/.m2/repository/com/google/protobuf/protobuf-java/2.5.0/protobuf-java-2.5.0.jar:/home/runner/.m2/repository/org/apache/ozone/hdds-server-framework/1.4.0-SNAPSHOT/hdds-server-framework-1.4.0-SNAPSHOT-tests.jar:/home/runner/.m2/repository/org/apache/ozone/hdds-interface-server/1.4.0-SNAPSHOT/hdds-interface-server-1.4.0-SNAPSHOT.jar:/home/runner/.m2/repository/org/apache/ozone/hdds-interface-admin/1.4.0-SNAPSHOT/hdds-interface-admin-1.4.0-SNAPSHOT.jar:/home/runner/.m2/repository/org/apache/ozone/hdds-managed-rocksdb/1.4.0-SNAPSHOT/hdds-managed-rocksdb-1.4.0-SNAPSHOT.jar:/home/runner/.m2/repository/org/rocksdb/rocksdbjni/7.7.3/rocksdbjni-7.7.3.jar:/home/runner/.m2/repository/org/slf4j/slf4j-reload4j/1.7.36/slf4j-reload4j-1.7.36.jar:/home/runner/.m2/repository/org/apache/commons/commons-configuration2/2.1.1/commons-configuration2-2.1.1.jar:/home/runner/.m2/repository/commons-fileupload/commons-fileupload/1.5/commons-fileupload-1.5.jar:/home/runner/.m2/repository/org/apache/logging/log4j/log4j-core/2.17.1/log4j-core-2.17.1.jar:/home/runner/.m2/repository/com/lmax/disruptor/3.4.2/disruptor-3.4.2.jar:/home/runner/.m2/repository/org/eclipse/jetty/jetty-util/9.4.53.v20231009/jetty-util-9.4.53.v20231009.jar:/home/runner/.m2/repository/org/eclipse/jetty/jetty-server/9.4.53.v20231009/jetty-server-9.4.53.v20231009.jar:/home/runner/.m2/repository/org/eclipse/jetty/jetty-http/9.4.53.v20231009/jetty-http-9.4.53.v20231009.jar:/home/runner/.m2/repository/org/eclipse/jetty/jetty-io/9.4.53.v20231009/jetty-io-9.4.53.v20231009.jar:/home/runner/.m2/repository/org/eclipse/jetty/jetty-servlet/9.4.53.v20231009/jetty-servlet-9.4.53.v20231009.jar:/home/runner/.m2/repository/org/eclipse/jetty/jetty-security/9.4.53.v20231009/jetty-security-9.4.53.v20231009.jar:/home/runner/.m2/repository/org/eclipse/jetty/jetty-util-ajax/9.4.53.v20231009/jetty-util-ajax-9.4.53.v20231009.jar:/home/runner/.m2/repository/org/eclipse/jetty/jetty-webapp/9.4.53.v20231009/jetty-webapp-9.4.53.v20231009.jar:/home/runner/.m2/repository/org/eclipse/jetty/jetty-xml/9.4.53.v20231009/jetty-xml-9.4.53.v20231009.jar:/home/runner/.m2/repository/org/apache/ratis/ratis-server/2.5.1/ratis-server-2.5.1.jar:/home/runner/.m2/repository/org/apache/ratis/ratis-thirdparty-misc/1.0.4/ratis-thirdparty-misc-1.0.4.jar:/home/runner/.m2/repository/org/apache/ratis/ratis-proto/2.5.1/ratis-proto-2.5.1.jar:/home/runner/.m2/repository/org/apache/ratis/ratis-common/2.5.1/ratis-common-2.5.1.jar:/home/runner/.m2/repository/org/apache/ratis/ratis-client/2.5.1/ratis-client-2.5.1.jar:/home/runner/.m2/repository/org/apache/ratis/ratis-server-api/2.5.1/ratis-server-api-2.5.1.jar:/home/runner/.m2/repository/org/apache/ratis/ratis-metrics/2.5.1/ratis-metrics-2.5.1.jar:/home/runner/.m2/repository/io/prometheus/simpleclient_dropwizard/0.7.0/simpleclient_dropwizard-0.7.0.jar:/home/runner/.m2/repository/io/prometheus/simpleclient/0.7.0/simpleclient-0.7.0.jar:/home/runner/.m2/repository/io/prometheus/simpleclient_common/0.7.0/simpleclient_common-0.7.0.jar:/home/runner/.m2/repository/com/fasterxml/jackson/datatype/jackson-datatype-jsr310/2.13.4/jackson-datatype-jsr310-2.13.4.jar:/home/runner/.m2/repository/com/fasterxml/jackson/core/jackson-core/2.13.4/jackson-core-2.13.4.jar:/home/runner/.m2/repository/com/github/spotbugs/spotbugs-annotations/3.1.12/spotbugs-annotations-3.1.12.jar:/home/runner/.m2/repository/org/apache/ozone/rocksdb-checkpoint-differ/1.4.0-SNAPSHOT/rocksdb-checkpoint-differ-1.4.0-SNAPSHOT.jar:/home/runner/.m2/repository/org/jgrapht/jgrapht-core/1.0.1/jgrapht-core-1.0.1.jar:/home/runner/.m2/repository/org/jgrapht/jgrapht-ext/1.0.1/jgrapht-ext-1.0.1.jar:/home/runner/.m2/repository/org/tinyjee/jgraphx/jgraphx/2.0.0.1/jgraphx-2.0.0.1.jar:/home/runner/.m2/repository/jgraph/jgraph/5.13.0.0/jgraph-5.13.0.0.jar:/home/runner/.m2/repository/org/antlr/antlr4-runtime/4.5.3/antlr4-runtime-4.5.3.jar:/home/runner/.m2/repository/org/awaitility/awaitility/4.2.0/awaitility-4.2.0.jar:/home/runner/.m2/repository/org/hamcrest/hamcrest/2.1/hamcrest-2.1.jar:/home/runner/.m2/repository/org/apache/ozone/ozone-manager/1.4.0-SNAPSHOT/ozone-manager-1.4.0-SNAPSHOT.jar:/home/runner/.m2/repository/org/aspectj/aspectjrt/1.9.7/aspectjrt-1.9.7.jar:/home/runner/.m2/repository/org/aspectj/aspectjweaver/1.9.7/aspectjweaver-1.9.7.jar:/home/runner/.m2/repository/org/apache/ozone/hdds-interface-client/1.4.0-SNAPSHOT/hdds-interface-client-1.4.0-SNAPSHOT.jar:/home/runner/.m2/repository/org/apache/hadoop/thirdparty/hadoop-shaded-protobuf_3_7/1.1.1/hadoop-shaded-protobuf_3_7-1.1.1.jar:/home/runner/.m2/repository/org/apache/ozone/ozone-interface-storage/1.4.0-SNAPSHOT/ozone-interface-storage-1.4.0-SNAPSHOT.jar:/home/runner/.m2/repository/org/reflections/reflections/0.9.11/reflections-0.9.11.jar:/home/runner/.m2/repository/com/sun/jersey/jersey-client/1.19/jersey-client-1.19.jar:/home/runner/.m2/repository/org/codehaus/jackson/jackson-core-asl/1.9.13/jackson-core-asl-1.9.13.jar:/home/runner/.m2/repository/org/codehaus/jackson/jackson-mapper-asl/1.9.13/jackson-mapper-asl-1.9.13.jar:/home/runner/.m2/repository/org/codehaus/jackson/jackson-jaxrs/1.9.13/jackson-jaxrs-1.9.13.jar:/home/runner/.m2/repository/org/apache/ranger/ranger-intg/2.3.0/ranger-intg-2.3.0.jar:/home/runner/.m2/repository/org/apache/ranger/ranger-plugins-common/2.3.0/ranger-plugins-common-2.3.0.jar:/home/runner/.m2/repository/commons-lang/commons-lang/2.6/commons-lang-2.6.jar:/home/runner/.m2/repository/org/apache/ranger/ranger-plugins-cred/2.3.0/ranger-plugins-cred-2.3.0.jar:/home/runner/.m2/repository/org/apache/ranger/ranger-plugins-audit/2.3.0/ranger-plugins-audit-2.3.0.jar:/home/runner/.m2/repository/org/eclipse/jetty/jetty-client/9.4.53.v20231009/jetty-client-9.4.53.v20231009.jar:/home/runner/.m2/repository/org/apache/httpcomponents/httpmime/4.5.6/httpmime-4.5.6.jar:/home/runner/.m2/repository/org/apache/httpcomponents/httpcore-nio/4.4.13/httpcore-nio-4.4.13.jar:/home/runner/.m2/repository/org/apache/httpcomponents/httpasyncclient/4.1.3/httpasyncclient-4.1.3.jar:/home/runner/.m2/repository/com/carrotsearch/hppc/0.8.0/hppc-0.8.0.jar:/home/runner/.m2/repository/org/apache/orc/orc-core/1.5.8/orc-core-1.5.8.jar:/home/runner/.m2/repository/net/java/dev/jna/jna/5.2.0/jna-5.2.0.jar:/home/runner/.m2/repository/net/java/dev/jna/jna-platform/5.2.0/jna-platform-5.2.0.jar:/home/runner/.m2/repository/com/kstruct/gethostname4j/0.0.2/gethostname4j-0.0.2.jar:/home/runner/.m2/repository/org/apache/ranger/ranger-plugin-classloader/2.3.0/ranger-plugin-classloader-2.3.0.jar:/home/runner/.m2/repository/org/apache/ozone/hdds-rocks-native/1.4.0-SNAPSHOT/hdds-rocks-native-1.4.0-SNAPSHOT.jar:/home/runner/.m2/repository/org/apache/hadoop/hadoop-minikdc/3.3.6/hadoop-minikdc-3.3.6.jar:/home/runner/.m2/repository/org/apache/kerby/kerb-simplekdc/1.0.1/kerb-simplekdc-1.0.1.jar:/home/runner/.m2/repository/org/apache/kerby/kerb-client/1.0.1/kerb-client-1.0.1.jar:/home/runner/.m2/repository/org/apache/kerby/kerby-config/1.0.1/kerby-config-1.0.1.jar:/home/runner/.m2/repository/org/apache/kerby/kerb-common/1.0.1/kerb-common-1.0.1.jar:/home/runner/.m2/repository/org/apache/kerby/kerb-crypto/1.0.1/kerb-crypto-1.0.1.jar:/home/runner/.m2/repository/org/apache/kerby/kerb-util/1.0.1/kerb-util-1.0.1.jar:/home/runner/.m2/repository/org/apache/kerby/token-provider/1.0.1/token-provider-1.0.1.jar:/home/runner/.m2/repository/org/apache/kerby/kerb-admin/1.0.1/kerb-admin-1.0.1.jar:/home/runner/.m2/repository/org/apache/kerby/kerb-server/1.0.1/kerb-server-1.0.1.jar:/home/runner/.m2/repository/org/apache/kerby/kerb-identity/1.0.1/kerb-identity-1.0.1.jar:/home/runner/.m2/repository/org/apache/kerby/kerby-xdr/1.0.1/kerby-xdr-1.0.1.jar:/home/runner/.m2/repository/org/apache/ozone/ozone-s3gateway/1.4.0-SNAPSHOT/ozone-s3gateway-1.4.0-SNAPSHOT.jar:/home/runner/.m2/repository/org/javassist/javassist/3.21.0-GA/javassist-3.21.0-GA.jar:/home/runner/.m2/repository/org/jboss/weld/servlet/weld-servlet-shaded/3.1.9.Final/weld-servlet-shaded-3.1.9.Final.jar:/home/runner/.m2/repository/org/glassfish/jersey/containers/jersey-container-servlet-core/2.34/jersey-container-servlet-core-2.34.jar:/home/runner/.m2/repository/org/glassfish/hk2/external/jakarta.inject/2.6.1/jakarta.inject-2.6.1.jar:/home/runner/.m2/repository/org/glassfish/jersey/core/jersey-common/2.34/jersey-common-2.34.jar:/home/runner/.m2/repository/jakarta/ws/rs/jakarta.ws.rs-api/2.1.6/jakarta.ws.rs-api-2.1.6.jar:/home/runner/.m2/repository/org/glassfish/jersey/ext/cdi/jersey-cdi1x/2.34/jersey-cdi1x-2.34.jar:/home/runner/.m2/repository/org/glassfish/jersey/inject/jersey-hk2/2.34/jersey-hk2-2.34.jar:/home/runner/.m2/repository/org/glassfish/hk2/hk2-locator/2.6.1/hk2-locator-2.6.1.jar:/home/runner/.m2/repository/org/glassfish/jersey/media/jersey-media-jaxb/2.34/jersey-media-jaxb-2.34.jar:/home/runner/.m2/repository/org/glassfish/hk2/osgi-resource-locator/1.0.3/osgi-resource-locator-1.0.3.jar:/home/runner/.m2/repository/org/glassfish/hk2/hk2-api/2.5.0/hk2-api-2.5.0.jar:/home/runner/.m2/repository/org/glassfish/hk2/hk2-utils/2.5.0/hk2-utils-2.5.0.jar:/home/runner/.m2/repository/org/glassfish/hk2/external/aopalliance-repackaged/2.5.0/aopalliance-repackaged-2.5.0.jar:/home/runner/.m2/repository/com/fasterxml/jackson/dataformat/jackson-dataformat-xml/2.13.4/jackson-dataformat-xml-2.13.4.jar:/home/runner/.m2/repository/org/codehaus/woodstox/stax2-api/4.2.1/stax2-api-4.2.1.jar:/home/runner/.m2/repository/com/fasterxml/woodstox/woodstox-core/5.4.0/woodstox-core-5.4.0.jar:/home/runner/.m2/repository/com/fasterxml/jackson/module/jackson-module-jaxb-annotations/2.13.4/jackson-module-jaxb-annotations-2.13.4.jar:/home/runner/.m2/repository/jakarta/xml/bind/jakarta.xml.bind-api/2.3.3/jakarta.xml.bind-api-2.3.3.jar:/home/runner/.m2/repository/jakarta/activation/jakarta.activation-api/1.2.2/jakarta.activation-api-1.2.2.jar:/home/runner/.m2/repository/javax/enterprise/cdi-api/2.0/cdi-api-2.0.jar:/home/runner/.m2/repository/javax/el/javax.el-api/3.0.0/javax.el-api-3.0.0.jar:/home/runner/.m2/repository/javax/interceptor/javax.interceptor-api/1.2/javax.interceptor-api-1.2.jar:/home/runner/.m2/repository/javax/inject/javax.inject/1/javax.inject-1.jar:/home/runner/.m2/repository/javax/xml/bind/jaxb-api/2.3.0/jaxb-api-2.3.0.jar:/home/runner/.m2/repository/org/glassfish/jaxb/jaxb-runtime/2.3.0.1/jaxb-runtime-2.3.0.1.jar:/home/runner/.m2/repository/org/glassfish/jaxb/jaxb-core/2.3.0.1/jaxb-core-2.3.0.1.jar:/home/runner/.m2/repository/org/glassfish/jaxb/txw2/2.3.0.1/txw2-2.3.0.1.jar:/home/runner/.m2/repository/com/sun/istack/istack-commons-runtime/3.0.5/istack-commons-runtime-3.0.5.jar:/home/runner/.m2/repository/org/jvnet/staxex/stax-ex/1.7.8/stax-ex-1.7.8.jar:/home/runner/.m2/repository/com/sun/xml/fastinfoset/FastInfoset/1.2.13/FastInfoset-1.2.13.jar:/home/runner/.m2/repository/javax/activation/activation/1.1.1/activation-1.1.1.jar:/home/runner/.m2/repository/io/grpc/grpc-protobuf/1.51.1/grpc-protobuf-1.51.1.jar:/home/runner/.m2/repository/com/google/api/grpc/proto-google-common-protos/2.9.0/proto-google-common-protos-2.9.0.jar:/home/runner/.m2/repository/io/grpc/grpc-protobuf-lite/1.51.1/grpc-protobuf-lite-1.51.1.jar:/home/runner/.m2/repository/io/grpc/grpc-stub/1.51.1/grpc-stub-1.51.1.jar:/home/runner/.m2/repository/io/netty/netty-transport/4.1.100.Final/netty-transport-4.1.100.Final.jar:/home/runner/.m2/repository/io/netty/netty-resolver/4.1.100.Final/netty-resolver-4.1.100.Final.jar:/home/runner/.m2/repository/org/apache/ozone/ozone-csi/1.4.0-SNAPSHOT/ozone-csi-1.4.0-SNAPSHOT.jar:/home/runner/.m2/repository/com/google/protobuf/protobuf-java-util/3.19.6/protobuf-java-util-3.19.6.jar:/home/runner/.m2/repository/com/google/code/gson/gson/2.9.0/gson-2.9.0.jar:/home/runner/.m2/repository/org/apache/ozone/hdds-config/1.4.0-SNAPSHOT/hdds-config-1.4.0-SNAPSHOT.jar:/home/runner/.m2/repository/io/netty/netty-transport-native-epoll/4.1.100.Final/netty-transport-native-epoll-4.1.100.Final-linux-x86_64.jar:/home/runner/.m2/repository/io/netty/netty-transport-classes-epoll/4.1.100.Final/netty-transport-classes-epoll-4.1.100.Final.jar:/home/runner/.m2/repository/io/netty/netty-transport-native-unix-common/4.1.100.Final/netty-transport-native-unix-common-4.1.100.Final.jar:/home/runner/.m2/repository/org/apache/ozone/ozone-recon/1.4.0-SNAPSHOT/ozone-recon-1.4.0-SNAPSHOT.jar:/home/runner/.m2/repository/org/apache/ozone/ozone-reconcodegen/1.4.0-SNAPSHOT/ozone-reconcodegen-1.4.0-SNAPSHOT.jar:/home/runner/.m2/repository/com/google/inject/guice/5.1.0/guice-5.1.0.jar:/home/runner/.m2/repository/aopalliance/aopalliance/1.0/aopalliance-1.0.jar:/home/runner/.m2/repository/com/google/inject/extensions/guice-assistedinject/5.1.0/guice-assistedinject-5.1.0.jar:/home/runner/.m2/repository/com/google/inject/extensions/guice-servlet/5.1.0/guice-servlet-5.1.0.jar:/home/runner/.m2/repository/org/glassfish/jersey/containers/jersey-container-servlet/2.34/jersey-container-servlet-2.34.jar:/home/runner/.m2/repository/org/glassfish/hk2/guice-bridge/2.5.0/guice-bridge-2.5.0.jar:/home/runner/.m2/repository/org/glassfish/jersey/core/jersey-server/2.34/jersey-server-2.34.jar:/home/runner/.m2/repository/org/glassfish/jersey/core/jersey-client/2.34/jersey-client-2.34.jar:/home/runner/.m2/repository/jakarta/annotation/jakarta.annotation-api/1.3.5/jakarta.annotation-api-1.3.5.jar:/home/runner/.m2/repository/jakarta/validation/jakarta.validation-api/2.0.2/jakarta.validation-api-2.0.2.jar:/home/runner/.m2/repository/org/glassfish/jersey/media/jersey-media-json-jackson/2.34/jersey-media-json-jackson-2.34.jar:/home/runner/.m2/repository/org/glassfish/jersey/ext/jersey-entity-filtering/2.34/jersey-entity-filtering-2.34.jar:/home/runner/.m2/repository/org/jooq/jooq/3.11.10/jooq-3.11.10.jar:/home/runner/.m2/repository/org/jooq/jooq-meta/3.11.10/jooq-meta-3.11.10.jar:/home/runner/.m2/repository/org/jooq/jooq-codegen/3.11.10/jooq-codegen-3.11.10.jar:/home/runner/.m2/repository/com/jolbox/bonecp/0.8.0.RELEASE/bonecp-0.8.0.RELEASE.jar:/home/runner/.m2/repository/org/apache/derby/derby/10.14.2.0/derby-10.14.2.0.jar:/home/runner/.m2/repository/org/xerial/sqlite-jdbc/3.41.2.2/sqlite-jdbc-3.41.2.2.jar:/home/runner/.m2/repository/org/springframework/spring-jdbc/5.3.27/spring-jdbc-5.3.27.jar:/home/runner/.m2/repository/org/springframework/spring-beans/5.3.27/spring-beans-5.3.27.jar:/home/runner/.m2/repository/org/springframework/spring-core/5.3.27/spring-core-5.3.27.jar:/home/runner/.m2/repository/org/springframework/spring-tx/5.3.27/spring-tx-5.3.27.jar:/home/runner/.m2/repository/org/apache/ozone/ozone-client/1.4.0-SNAPSHOT/ozone-client-1.4.0-SNAPSHOT.jar:/home/runner/.m2/repository/org/apache/ozone/hdds-erasurecode/1.4.0-SNAPSHOT/hdds-erasurecode-1.4.0-SNAPSHOT.jar:/home/runner/.m2/repository/org/apache/ozone/ozone-filesystem/1.4.0-SNAPSHOT/ozone-filesystem-1.4.0-SNAPSHOT.jar:/home/runner/.m2/repository/org/apache/ozone/ozone-filesystem-common/1.4.0-SNAPSHOT/ozone-filesystem-common-1.4.0-SNAPSHOT.jar:/home/runner/.m2/repository/org/apache/ozone/ozone-tools/1.4.0-SNAPSHOT/ozone-tools-1.4.0-SNAPSHOT.jar:/home/runner/.m2/repository/com/amazonaws/aws-java-sdk-core/1.12.261/aws-java-sdk-core-1.12.261.jar:/home/runner/.m2/repository/org/apache/httpcomponents/httpclient/4.5.13/httpclient-4.5.13.jar:/home/runner/.m2/repository/org/apache/httpcomponents/httpcore/4.4.13/httpcore-4.4.13.jar:/home/runner/.m2/repository/software/amazon/ion/ion-java/1.0.2/ion-java-1.0.2.jar:/home/runner/.m2/repository/com/fasterxml/jackson/dataformat/jackson-dataformat-cbor/2.13.4/jackson-dataformat-cbor-2.13.4.jar:/home/runner/.m2/repository/joda-time/joda-time/2.10.6/joda-time-2.10.6.jar:/home/runner/.m2/repository/com/amazonaws/aws-java-sdk-s3/1.12.261/aws-java-sdk-s3-1.12.261.jar:/home/runner/.m2/repository/com/amazonaws/aws-java-sdk-kms/1.12.261/aws-java-sdk-kms-1.12.261.jar:/home/runner/.m2/repository/com/amazonaws/jmespath-java/1.12.261/jmespath-java-1.12.261.jar:/home/runner/.m2/repository/org/kohsuke/metainf-services/metainf-services/1.8/metainf-services-1.8.jar:/home/runner/.m2/repository/org/apache/ozone/hdds-tools/1.4.0-SNAPSHOT/hdds-tools-1.4.0-SNAPSHOT.jar:/home/runner/.m2/repository/org/apache/ratis/ratis-tools/2.5.1/ratis-tools-2.5.1.jar:/home/runner/.m2/repository/commons-cli/commons-cli/1.2/commons-cli-1.2.jar:/home/runner/.m2/repository/org/apache/commons/commons-lang3/3.7/commons-lang3-3.7.jar:/home/runner/.m2/repository/org/apache/ozone/ozone-manager/1.4.0-SNAPSHOT/ozone-manager-1.4.0-SNAPSHOT-tests.jar:/home/runner/.m2/repository/org/apache/ozone/hdds-common/1.4.0-SNAPSHOT/hdds-common-1.4.0-SNAPSHOT-tests.jar:/home/runner/.m2/repository/org/apache/ozone/hdds-hadoop-dependency-client/1.4.0-SNAPSHOT/hdds-hadoop-dependency-client-1.4.0-SNAPSHOT.jar:/home/runner/.m2/repository/info/picocli/picocli/4.6.1/picocli-4.6.1.jar:/home/runner/.m2/repository/com/fasterxml/jackson/core/jackson-annotations/2.13.4/jackson-annotations-2.13.4.jar:/home/runner/.m2/repository/org/apache/ozone/hdds-annotation-processing/1.4.0-SNAPSHOT/hdds-annotation-processing-1.4.0-SNAPSHOT.jar:/home/runner/.m2/repository/javax/annotation/javax.annotation-api/1.2/javax.annotation-api-1.2.jar:/home/runner/.m2/repository/org/apache/ratis/ratis-netty/2.5.1/ratis-netty-2.5.1.jar:/home/runner/.m2/repository/org/apache/ratis/ratis-grpc/2.5.1/ratis-grpc-2.5.1.jar:/home/runner/.m2/repository/org/apache/commons/commons-pool2/2.6.0/commons-pool2-2.6.0.jar:/home/runner/.m2/repository/org/bouncycastle/bcpkix-jdk15on/1.67/bcpkix-jdk15on-1.67.jar:/home/runner/.m2/repository/commons-validator/commons-validator/1.6/commons-validator-1.6.jar:/home/runner/.m2/repository/commons-beanutils/commons-beanutils/1.9.4/commons-beanutils-1.9.4.jar:/home/runner/.m2/repository/commons-digester/commons-digester/1.8.1/commons-digester-1.8.1.jar:/home/runner/.m2/repository/commons-collections/commons-collections/3.2.2/commons-collections-3.2.2.jar:/home/runner/.m2/repository/io/jaegertracing/jaeger-client/1.6.0/jaeger-client-1.6.0.jar:/home/runner/.m2/repository/io/jaegertracing/jaeger-thrift/1.6.0/jaeger-thrift-1.6.0.jar:/home/runner/.m2/repository/org/apache/thrift/libthrift/0.14.1/libthrift-0.14.1.jar:/home/runner/.m2/repository/io/jaegertracing/jaeger-core/1.6.0/jaeger-core-1.6.0.jar:/home/runner/.m2/repository/io/jaegertracing/jaeger-tracerresolver/1.6.0/jaeger-tracerresolver-1.6.0.jar:/home/runner/.m2/repository/io/opentracing/contrib/opentracing-tracerresolver/0.1.8/opentracing-tracerresolver-0.1.8.jar:/home/runner/.m2/repository/org/jetbrains/kotlin/kotlin-stdlib/1.6.21/kotlin-stdlib-1.6.21.jar:/home/runner/.m2/repository/org/jetbrains/annotations/13.0/annotations-13.0.jar:/home/runner/.m2/repository/io/opentracing/opentracing-util/0.33.0/opentracing-util-0.33.0.jar:/home/runner/.m2/repository/io/opentracing/opentracing-api/0.33.0/opentracing-api-0.33.0.jar:/home/runner/.m2/repository/io/opentracing/opentracing-noop/0.33.0/opentracing-noop-0.33.0.jar:/home/runner/.m2/repository/org/yaml/snakeyaml/2.0/snakeyaml-2.0.jar:/home/runner/.m2/repository/io/grpc/grpc-api/1.51.1/grpc-api-1.51.1.jar:/home/runner/.m2/repository/io/grpc/grpc-context/1.51.1/grpc-context-1.51.1.jar:/home/runner/.m2/repository/com/fasterxml/uuid/java-uuid-generator/4.3.0/java-uuid-generator-4.3.0.jar:/home/runner/.m2/repository/junit/junit/4.13.1/junit-4.13.1.jar:/home/runner/.m2/repository/org/hamcrest/hamcrest-core/1.3/hamcrest-core-1.3.jar:/home/runner/.m2/repository/org/junit/jupiter/junit-jupiter-api/5.8.2/junit-jupiter-api-5.8.2.jar:/home/runner/.m2/repository/org/opentest4j/opentest4j/1.2.0/opentest4j-1.2.0.jar:/home/runner/.m2/repository/org/junit/platform/junit-platform-commons/1.8.2/junit-platform-commons-1.8.2.jar:/home/runner/.m2/repository/org/apiguardian/apiguardian-api/1.1.2/apiguardian-api-1.1.2.jar:/home/runner/.m2/repository/org/junit/jupiter/junit-jupiter-params/5.8.2/junit-jupiter-params-5.8.2.jar:/home/runner/.m2/repository/org/junit/jupiter/junit-jupiter-migrationsupport/5.8.2/junit-jupiter-migrationsupport-5.8.2.jar:/home/runner/.m2/repository/org/junit/jupiter/junit-jupiter-engine/5.8.2/junit-jupiter-engine-5.8.2.jar:/home/runner/.m2/repository/org/junit/platform/junit-platform-engine/1.8.2/junit-platform-engine-1.8.2.jar:/home/runner/.m2/repository/org/junit/vintage/junit-vintage-engine/5.8.2/junit-vintage-engine-5.8.2.jar:/home/runner/.m2/repository/org/junit/platform/junit-platform-launcher/1.8.2/junit-platform-launcher-1.8.2.jar:/home/runner/.m2/repository/org/mockito/mockito-core/3.5.9/mockito-core-3.5.9.jar:/home/runner/.m2/repository/net/bytebuddy/byte-buddy/1.10.13/byte-buddy-1.10.13.jar:/home/runner/.m2/repository/net/bytebuddy/byte-buddy-agent/1.10.13/byte-buddy-agent-1.10.13.jar:/home/runner/.m2/repository/org/objenesis/objenesis/1.0/objenesis-1.0.jar:/home/runner/.m2/repository/org/apache/hadoop/hadoop-kms/3.3.6/hadoop-kms-3.3.6.jar:/home/runner/.m2/repository/org/apache/hadoop/hadoop-auth/3.3.6/hadoop-auth-3.3.6.jar:/home/runner/.m2/repository/com/nimbusds/nimbus-jose-jwt/9.8.1/nimbus-jose-jwt-9.8.1.jar:/home/runner/.m2/repository/com/github/stephenc/jcip/jcip-annotations/1.0-1/jcip-annotations-1.0-1.jar:/home/runner/.m2/repository/org/apache/zookeeper/zookeeper/3.7.2/zookeeper-3.7.2.jar:/home/runner/.m2/repository/org/apache/zookeeper/zookeeper-jute/3.7.2/zookeeper-jute-3.7.2.jar:/home/runner/.m2/repository/org/apache/yetus/audience-annotations/0.12.0/audience-annotations-0.12.0.jar:/home/runner/.m2/repository/org/apache/curator/curator-framework/4.2.0/curator-framework-4.2.0.jar:/home/runner/.m2/repository/org/apache/hadoop/thirdparty/hadoop-shaded-guava/1.1.1/hadoop-shaded-guava-1.1.1.jar:/home/runner/.m2/repository/com/sun/jersey/jersey-core/1.19/jersey-core-1.19.jar:/home/runner/.m2/repository/javax/ws/rs/jsr311-api/1.1.1/jsr311-api-1.1.1.jar:/home/runner/.m2/repository/com/sun/jersey/jersey-server/1.19/jersey-server-1.19.jar:/home/runner/.m2/repository/javax/servlet/javax.servlet-api/3.1.0/javax.servlet-api-3.1.0.jar:/home/runner/.m2/repository/org/apache/hadoop/hadoop-common/3.3.6/hadoop-common-3.3.6.jar:/home/runner/.m2/repository/org/apache/commons/commons-math3/3.1.1/commons-math3-3.1.1.jar:/home/runner/.m2/repository/commons-net/commons-net/3.9.0/commons-net-3.9.0.jar:/home/runner/.m2/repository/com/sun/jersey/jersey-servlet/1.19/jersey-servlet-1.19.jar:/home/runner/.m2/repository/com/github/pjfanning/jersey-json/1.20/jersey-json-1.20.jar:/home/runner/.m2/repository/org/codehaus/jettison/jettison/1.1/jettison-1.1.jar:/home/runner/.m2/repository/com/sun/xml/bind/jaxb-impl/2.2.3-1/jaxb-impl-2.2.3-1.jar:/home/runner/.m2/repository/com/google/re2j/re2j/1.1/re2j-1.1.jar:/home/runner/.m2/repository/com/jcraft/jsch/0.1.54/jsch-0.1.54.jar:/home/runner/.m2/repository/org/apache/curator/curator-client/4.2.0/curator-client-4.2.0.jar:/home/runner/.m2/repository/org/apache/curator/curator-recipes/5.2.0/curator-recipes-5.2.0.jar:/home/runner/.m2/repository/org/apache/kerby/kerb-core/1.0.1/kerb-core-1.0.1.jar:/home/runner/.m2/repository/org/apache/kerby/kerby-pkix/1.0.1/kerby-pkix-1.0.1.jar:/home/runner/.m2/repository/org/apache/kerby/kerby-asn1/1.0.1/kerby-asn1-1.0.1.jar:/home/runner/.m2/repository/org/apache/kerby/kerby-util/1.0.1/kerby-util-1.0.1.jar:/home/runner/.m2/repository/dnsjava/dnsjava/2.1.7/dnsjava-2.1.7.jar:/home/runner/.m2/repository/org/xerial/snappy/snappy-java/1.1.8.2/snappy-java-1.1.8.2.jar:/home/runner/.m2/repository/com/fasterxml/jackson/core/jackson-databind/2.13.4.2/jackson-databind-2.13.4.2.jar:/home/runner/.m2/repository/org/apache/hadoop/hadoop-kms/3.3.6/hadoop-kms-3.3.6-tests.jar:/home/runner/.m2/repository/org/apache/ozone/hdds-server-scm/1.4.0-SNAPSHOT/hdds-server-scm-1.4.0-SNAPSHOT-tests.jar:/home/runner/.m2/repository/org/apache/ozone/hdds-container-service/1.4.0-SNAPSHOT/hdds-container-service-1.4.0-SNAPSHOT-tests.jar:/home/runner/.m2/repository/com/github/luben/zstd-jni/1.5.2-5/zstd-jni-1.5.2-5.jar:/home/runner/.m2/repository/commons-codec/commons-codec/1.15/commons-codec-1.15.jar:/home/runner/.m2/repository/io/netty/netty-codec/4.1.100.Final/netty-codec-4.1.100.Final.jar:/home/runner/.m2/repository/io/netty/netty-handler/4.1.100.Final/netty-handler-4.1.100.Final.jar:/home/runner/.m2/repository/org/apache/ozone/hdds-hadoop-dependency-test/1.4.0-SNAPSHOT/hdds-hadoop-dependency-test-1.4.0-SNAPSHOT.jar:/home/runner/.m2/repository/org/apache/hadoop/hadoop-common/3.3.6/hadoop-common-3.3.6-tests.jar:/home/runner/.m2/repository/org/apache/hadoop/hadoop-hdfs/3.3.6/hadoop-hdfs-3.3.6-tests.jar:/home/runner/.m2/repository/org/assertj/assertj-core/3.12.2/assertj-core-3.12.2.jar:/home/runner/.m2/repository/org/apache/hadoop/hadoop-distcp/3.3.6/hadoop-distcp-3.3.6.jar:/home/runner/.m2/repository/org/apache/hadoop/hadoop-mapreduce-client-jobclient/3.3.6/hadoop-mapreduce-client-jobclient-3.3.6.jar:/home/runner/.m2/repository/org/apache/hadoop/hadoop-mapreduce-client-common/3.3.6/hadoop-mapreduce-client-common-3.3.6.jar:/home/runner/.m2/repository/org/apache/hadoop/hadoop-yarn-common/3.3.6/hadoop-yarn-common-3.3.6.jar:/home/runner/.m2/repository/org/apache/hadoop/hadoop-yarn-api/3.3.6/hadoop-yarn-api-3.3.6.jar:/home/runner/.m2/repository/com/sun/jersey/contribs/jersey-guice/1.19/jersey-guice-1.19.jar:/home/runner/.m2/repository/com/fasterxml/jackson/jaxrs/jackson-jaxrs-json-provider/2.13.4/jackson-jaxrs-json-provider-2.13.4.jar:/home/runner/.m2/repository/com/fasterxml/jackson/jaxrs/jackson-jaxrs-base/2.13.4/jackson-jaxrs-base-2.13.4.jar:/home/runner/.m2/repository/org/apache/hadoop/hadoop-yarn-client/3.3.6/hadoop-yarn-client-3.3.6.jar:/home/runner/.m2/repository/org/eclipse/jetty/websocket/websocket-client/9.4.51.v20230217/websocket-client-9.4.51.v20230217.jar:/home/runner/.m2/repository/org/eclipse/jetty/websocket/websocket-common/9.4.51.v20230217/websocket-common-9.4.51.v20230217.jar:/home/runner/.m2/repository/org/eclipse/jetty/websocket/websocket-api/9.4.51.v20230217/websocket-api-9.4.51.v20230217.jar:/home/runner/.m2/repository/org/jline/jline/3.9.0/jline-3.9.0.jar:/home/runner/.m2/repository/org/apache/hadoop/hadoop-mapreduce-client-core/3.3.6/hadoop-mapreduce-client-core-3.3.6.jar:/home/runner/.m2/repository/org/apache/avro/avro/1.7.7/avro-1.7.7.jar:/home/runner/.m2/repository/com/thoughtworks/paranamer/paranamer/2.3/paranamer-2.3.jar:/home/runner/.m2/repository/org/apache/hadoop/hadoop-annotations/3.3.6/hadoop-annotations-3.3.6.jar:/usr/lib/jvm/temurin-8-jdk-amd64/jre/../lib/tools.jar:/home/runner/.m2/repository/io/netty/netty/3.10.6.Final/netty-3.10.6.Final.jar:/home/runner/.m2/repository/org/apache/hadoop/hadoop-distcp/3.3.6/hadoop-distcp-3.3.6-tests.jar:/home/runner/.m2/repository/org/slf4j/jul-to-slf4j/1.7.36/jul-to-slf4j-1.7.36.jar:/home/runner/work/ozone/ozone/hadoop-ozone/integration-test/target/gradle-enterprise/test-listeners.jar:"/>
    <property name="java.vm.vendor" value="Temurin"/>
    <property name="sun.arch.data.model" value="64"/>
    <property name="test.build.dir" value="/home/runner/work/ozone/ozone/hadoop-ozone/integration-test/target/test-dir"/>
    <property name="test.cache.data" value=""/>
    <property name="java.vendor.url" value="https://adoptium.net/"/>
    <property name="user.timezone" value="Etc/UTC"/>
    <property name="os.name" value="Linux"/>
    <property name="java.vm.specification.version" value="1.8"/>
    <property name="test.build.data" value="/home/runner/work/ozone/ozone/hadoop-ozone/integration-test/target/test-dir"/>
    <property name="sun.java.launcher" value="SUN_STANDARD"/>
    <property name="sun.boot.library.path" value="/usr/lib/jvm/temurin-8-jdk-amd64/jre/lib/amd64"/>
    <property name="sun.java.command" value="/home/runner/work/ozone/ozone/hadoop-ozone/integration-test/target/surefire/surefirebooter7001038899286509362.jar /home/runner/work/ozone/ozone/hadoop-ozone/integration-test/target/surefire 2023-10-27T20-01-52_805-jvmRun1 surefire2318116986259506972tmp surefire_82596881514420747915tmp"/>
    <property name="native.lib.tmp.dir" value="/tmp"/>
    <property name="surefire.test.class.path" value="/home/runner/work/ozone/ozone/hadoop-ozone/integration-test/target/test-classes:/home/runner/work/ozone/ozone/hadoop-ozone/integration-test/target/classes:/home/runner/.m2/repository/org/apache/ozone/ozone-common/1.4.0-SNAPSHOT/ozone-common-1.4.0-SNAPSHOT.jar:/home/runner/.m2/repository/io/grpc/grpc-netty/1.51.1/grpc-netty-1.51.1.jar:/home/runner/.m2/repository/io/grpc/grpc-core/1.51.1/grpc-core-1.51.1.jar:/home/runner/.m2/repository/com/google/android/annotations/4.1.1.4/annotations-4.1.1.4.jar:/home/runner/.m2/repository/org/codehaus/mojo/animal-sniffer-annotations/1.21/animal-sniffer-annotations-1.21.jar:/home/runner/.m2/repository/com/google/errorprone/error_prone_annotations/2.2.0/error_prone_annotations-2.2.0.jar:/home/runner/.m2/repository/io/perfmark/perfmark-api/0.25.0/perfmark-api-0.25.0.jar:/home/runner/.m2/repository/io/netty/netty-codec-http2/4.1.100.Final/netty-codec-http2-4.1.100.Final.jar:/home/runner/.m2/repository/io/netty/netty-common/4.1.100.Final/netty-common-4.1.100.Final.jar:/home/runner/.m2/repository/io/netty/netty-buffer/4.1.100.Final/netty-buffer-4.1.100.Final.jar:/home/runner/.m2/repository/io/netty/netty-codec-http/4.1.100.Final/netty-codec-http-4.1.100.Final.jar:/home/runner/.m2/repository/io/netty/netty-handler-proxy/4.1.100.Final/netty-handler-proxy-4.1.100.Final.jar:/home/runner/.m2/repository/io/netty/netty-codec-socks/4.1.100.Final/netty-codec-socks-4.1.100.Final.jar:/home/runner/.m2/repository/io/netty/netty-tcnative-boringssl-static/2.0.61.Final/netty-tcnative-boringssl-static-2.0.61.Final.jar:/home/runner/.m2/repository/io/netty/netty-tcnative-classes/2.0.61.Final/netty-tcnative-classes-2.0.61.Final.jar:/home/runner/.m2/repository/io/netty/netty-tcnative-boringssl-static/2.0.61.Final/netty-tcnative-boringssl-static-2.0.61.Final-linux-x86_64.jar:/home/runner/.m2/repository/io/netty/netty-tcnative-boringssl-static/2.0.61.Final/netty-tcnative-boringssl-static-2.0.61.Final-linux-aarch_64.jar:/home/runner/.m2/repository/io/netty/netty-tcnative-boringssl-static/2.0.61.Final/netty-tcnative-boringssl-static-2.0.61.Final-osx-x86_64.jar:/home/runner/.m2/repository/io/netty/netty-tcnative-boringssl-static/2.0.61.Final/netty-tcnative-boringssl-static-2.0.61.Final-osx-aarch_64.jar:/home/runner/.m2/repository/io/netty/netty-tcnative-boringssl-static/2.0.61.Final/netty-tcnative-boringssl-static-2.0.61.Final-windows-x86_64.jar:/home/runner/.m2/repository/org/apache/commons/commons-compress/1.21/commons-compress-1.21.jar:/home/runner/.m2/repository/org/apache/ozone/hdds-common/1.4.0-SNAPSHOT/hdds-common-1.4.0-SNAPSHOT.jar:/home/runner/.m2/repository/org/apache/ozone/hdds-client/1.4.0-SNAPSHOT/hdds-client-1.4.0-SNAPSHOT.jar:/home/runner/.m2/repository/org/apache/ozone/ozone-interface-client/1.4.0-SNAPSHOT/ozone-interface-client-1.4.0-SNAPSHOT.jar:/home/runner/.m2/repository/org/apache/hadoop/hadoop-hdfs-client/3.3.6/hadoop-hdfs-client-3.3.6.jar:/home/runner/.m2/repository/com/squareup/okhttp3/okhttp/4.9.3/okhttp-4.9.3.jar:/home/runner/.m2/repository/com/squareup/okio/okio/3.4.0/okio-3.4.0.jar:/home/runner/.m2/repository/com/squareup/okio/okio-jvm/3.4.0/okio-jvm-3.4.0.jar:/home/runner/.m2/repository/org/jetbrains/kotlin/kotlin-stdlib-jdk8/1.8.0/kotlin-stdlib-jdk8-1.8.0.jar:/home/runner/.m2/repository/org/jetbrains/kotlin/kotlin-stdlib-jdk7/1.8.0/kotlin-stdlib-jdk7-1.8.0.jar:/home/runner/.m2/repository/org/jetbrains/kotlin/kotlin-stdlib-common/1.6.21/kotlin-stdlib-common-1.6.21.jar:/home/runner/.m2/repository/org/apache/ozone/hdds-test-utils/1.4.0-SNAPSHOT/hdds-test-utils-1.4.0-SNAPSHOT.jar:/home/runner/.m2/repository/com/google/guava/guava/32.0.0-jre/guava-32.0.0-jre.jar:/home/runner/.m2/repository/com/google/guava/failureaccess/1.0.1/failureaccess-1.0.1.jar:/home/runner/.m2/repository/com/google/guava/listenablefuture/9999.0-empty-to-avoid-conflict-with-guava/listenablefuture-9999.0-empty-to-avoid-conflict-with-guava.jar:/home/runner/.m2/repository/com/google/code/findbugs/jsr305/3.0.0/jsr305-3.0.0.jar:/home/runner/.m2/repository/org/checkerframework/checker-qual/3.33.0/checker-qual-3.33.0.jar:/home/runner/.m2/repository/com/google/j2objc/j2objc-annotations/2.8/j2objc-annotations-2.8.jar:/home/runner/.m2/repository/commons-io/commons-io/2.11.0/commons-io-2.11.0.jar:/home/runner/.m2/repository/commons-logging/commons-logging/1.2/commons-logging-1.2.jar:/home/runner/.m2/repository/ch/qos/reload4j/reload4j/1.2.22/reload4j-1.2.22.jar:/home/runner/.m2/repository/org/slf4j/slf4j-api/1.7.36/slf4j-api-1.7.36.jar:/home/runner/.m2/repository/org/apache/logging/log4j/log4j-api/2.17.1/log4j-api-2.17.1.jar:/home/runner/.m2/repository/org/apache/ozone/hdds-server-scm/1.4.0-SNAPSHOT/hdds-server-scm-1.4.0-SNAPSHOT.jar:/home/runner/.m2/repository/org/apache/ozone/hdds-container-service/1.4.0-SNAPSHOT/hdds-container-service-1.4.0-SNAPSHOT.jar:/home/runner/.m2/repository/org/apache/ozone/hdds-hadoop-dependency-server/1.4.0-SNAPSHOT/hdds-hadoop-dependency-server-1.4.0-SNAPSHOT.jar:/home/runner/.m2/repository/org/apache/hadoop/hadoop-hdfs/3.3.6/hadoop-hdfs-3.3.6.jar:/home/runner/.m2/repository/commons-daemon/commons-daemon/1.0.13/commons-daemon-1.0.13.jar:/home/runner/.m2/repository/org/apache/ozone/hdds-server-framework/1.4.0-SNAPSHOT/hdds-server-framework-1.4.0-SNAPSHOT.jar:/home/runner/.m2/repository/io/dropwizard/metrics/metrics-core/3.2.4/metrics-core-3.2.4.jar:/home/runner/.m2/repository/org/apache/commons/commons-text/1.10.0/commons-text-1.10.0.jar:/home/runner/.m2/repository/org/bouncycastle/bcprov-jdk15on/1.67/bcprov-jdk15on-1.67.jar:/home/runner/.m2/repository/com/google/protobuf/protobuf-java/2.5.0/protobuf-java-2.5.0.jar:/home/runner/.m2/repository/org/apache/ozone/hdds-server-framework/1.4.0-SNAPSHOT/hdds-server-framework-1.4.0-SNAPSHOT-tests.jar:/home/runner/.m2/repository/org/apache/ozone/hdds-interface-server/1.4.0-SNAPSHOT/hdds-interface-server-1.4.0-SNAPSHOT.jar:/home/runner/.m2/repository/org/apache/ozone/hdds-interface-admin/1.4.0-SNAPSHOT/hdds-interface-admin-1.4.0-SNAPSHOT.jar:/home/runner/.m2/repository/org/apache/ozone/hdds-managed-rocksdb/1.4.0-SNAPSHOT/hdds-managed-rocksdb-1.4.0-SNAPSHOT.jar:/home/runner/.m2/repository/org/rocksdb/rocksdbjni/7.7.3/rocksdbjni-7.7.3.jar:/home/runner/.m2/repository/org/slf4j/slf4j-reload4j/1.7.36/slf4j-reload4j-1.7.36.jar:/home/runner/.m2/repository/org/apache/commons/commons-configuration2/2.1.1/commons-configuration2-2.1.1.jar:/home/runner/.m2/repository/commons-fileupload/commons-fileupload/1.5/commons-fileupload-1.5.jar:/home/runner/.m2/repository/org/apache/logging/log4j/log4j-core/2.17.1/log4j-core-2.17.1.jar:/home/runner/.m2/repository/com/lmax/disruptor/3.4.2/disruptor-3.4.2.jar:/home/runner/.m2/repository/org/eclipse/jetty/jetty-util/9.4.53.v20231009/jetty-util-9.4.53.v20231009.jar:/home/runner/.m2/repository/org/eclipse/jetty/jetty-server/9.4.53.v20231009/jetty-server-9.4.53.v20231009.jar:/home/runner/.m2/repository/org/eclipse/jetty/jetty-http/9.4.53.v20231009/jetty-http-9.4.53.v20231009.jar:/home/runner/.m2/repository/org/eclipse/jetty/jetty-io/9.4.53.v20231009/jetty-io-9.4.53.v20231009.jar:/home/runner/.m2/repository/org/eclipse/jetty/jetty-servlet/9.4.53.v20231009/jetty-servlet-9.4.53.v20231009.jar:/home/runner/.m2/repository/org/eclipse/jetty/jetty-security/9.4.53.v20231009/jetty-security-9.4.53.v20231009.jar:/home/runner/.m2/repository/org/eclipse/jetty/jetty-util-ajax/9.4.53.v20231009/jetty-util-ajax-9.4.53.v20231009.jar:/home/runner/.m2/repository/org/eclipse/jetty/jetty-webapp/9.4.53.v20231009/jetty-webapp-9.4.53.v20231009.jar:/home/runner/.m2/repository/org/eclipse/jetty/jetty-xml/9.4.53.v20231009/jetty-xml-9.4.53.v20231009.jar:/home/runner/.m2/repository/org/apache/ratis/ratis-server/2.5.1/ratis-server-2.5.1.jar:/home/runner/.m2/repository/org/apache/ratis/ratis-thirdparty-misc/1.0.4/ratis-thirdparty-misc-1.0.4.jar:/home/runner/.m2/repository/org/apache/ratis/ratis-proto/2.5.1/ratis-proto-2.5.1.jar:/home/runner/.m2/repository/org/apache/ratis/ratis-common/2.5.1/ratis-common-2.5.1.jar:/home/runner/.m2/repository/org/apache/ratis/ratis-client/2.5.1/ratis-client-2.5.1.jar:/home/runner/.m2/repository/org/apache/ratis/ratis-server-api/2.5.1/ratis-server-api-2.5.1.jar:/home/runner/.m2/repository/org/apache/ratis/ratis-metrics/2.5.1/ratis-metrics-2.5.1.jar:/home/runner/.m2/repository/io/prometheus/simpleclient_dropwizard/0.7.0/simpleclient_dropwizard-0.7.0.jar:/home/runner/.m2/repository/io/prometheus/simpleclient/0.7.0/simpleclient-0.7.0.jar:/home/runner/.m2/repository/io/prometheus/simpleclient_common/0.7.0/simpleclient_common-0.7.0.jar:/home/runner/.m2/repository/com/fasterxml/jackson/datatype/jackson-datatype-jsr310/2.13.4/jackson-datatype-jsr310-2.13.4.jar:/home/runner/.m2/repository/com/fasterxml/jackson/core/jackson-core/2.13.4/jackson-core-2.13.4.jar:/home/runner/.m2/repository/com/github/spotbugs/spotbugs-annotations/3.1.12/spotbugs-annotations-3.1.12.jar:/home/runner/.m2/repository/org/apache/ozone/rocksdb-checkpoint-differ/1.4.0-SNAPSHOT/rocksdb-checkpoint-differ-1.4.0-SNAPSHOT.jar:/home/runner/.m2/repository/org/jgrapht/jgrapht-core/1.0.1/jgrapht-core-1.0.1.jar:/home/runner/.m2/repository/org/jgrapht/jgrapht-ext/1.0.1/jgrapht-ext-1.0.1.jar:/home/runner/.m2/repository/org/tinyjee/jgraphx/jgraphx/2.0.0.1/jgraphx-2.0.0.1.jar:/home/runner/.m2/repository/jgraph/jgraph/5.13.0.0/jgraph-5.13.0.0.jar:/home/runner/.m2/repository/org/antlr/antlr4-runtime/4.5.3/antlr4-runtime-4.5.3.jar:/home/runner/.m2/repository/org/awaitility/awaitility/4.2.0/awaitility-4.2.0.jar:/home/runner/.m2/repository/org/hamcrest/hamcrest/2.1/hamcrest-2.1.jar:/home/runner/.m2/repository/org/apache/ozone/ozone-manager/1.4.0-SNAPSHOT/ozone-manager-1.4.0-SNAPSHOT.jar:/home/runner/.m2/repository/org/aspectj/aspectjrt/1.9.7/aspectjrt-1.9.7.jar:/home/runner/.m2/repository/org/aspectj/aspectjweaver/1.9.7/aspectjweaver-1.9.7.jar:/home/runner/.m2/repository/org/apache/ozone/hdds-interface-client/1.4.0-SNAPSHOT/hdds-interface-client-1.4.0-SNAPSHOT.jar:/home/runner/.m2/repository/org/apache/hadoop/thirdparty/hadoop-shaded-protobuf_3_7/1.1.1/hadoop-shaded-protobuf_3_7-1.1.1.jar:/home/runner/.m2/repository/org/apache/ozone/ozone-interface-storage/1.4.0-SNAPSHOT/ozone-interface-storage-1.4.0-SNAPSHOT.jar:/home/runner/.m2/repository/org/reflections/reflections/0.9.11/reflections-0.9.11.jar:/home/runner/.m2/repository/com/sun/jersey/jersey-client/1.19/jersey-client-1.19.jar:/home/runner/.m2/repository/org/codehaus/jackson/jackson-core-asl/1.9.13/jackson-core-asl-1.9.13.jar:/home/runner/.m2/repository/org/codehaus/jackson/jackson-mapper-asl/1.9.13/jackson-mapper-asl-1.9.13.jar:/home/runner/.m2/repository/org/codehaus/jackson/jackson-jaxrs/1.9.13/jackson-jaxrs-1.9.13.jar:/home/runner/.m2/repository/org/apache/ranger/ranger-intg/2.3.0/ranger-intg-2.3.0.jar:/home/runner/.m2/repository/org/apache/ranger/ranger-plugins-common/2.3.0/ranger-plugins-common-2.3.0.jar:/home/runner/.m2/repository/commons-lang/commons-lang/2.6/commons-lang-2.6.jar:/home/runner/.m2/repository/org/apache/ranger/ranger-plugins-cred/2.3.0/ranger-plugins-cred-2.3.0.jar:/home/runner/.m2/repository/org/apache/ranger/ranger-plugins-audit/2.3.0/ranger-plugins-audit-2.3.0.jar:/home/runner/.m2/repository/org/eclipse/jetty/jetty-client/9.4.53.v20231009/jetty-client-9.4.53.v20231009.jar:/home/runner/.m2/repository/org/apache/httpcomponents/httpmime/4.5.6/httpmime-4.5.6.jar:/home/runner/.m2/repository/org/apache/httpcomponents/httpcore-nio/4.4.13/httpcore-nio-4.4.13.jar:/home/runner/.m2/repository/org/apache/httpcomponents/httpasyncclient/4.1.3/httpasyncclient-4.1.3.jar:/home/runner/.m2/repository/com/carrotsearch/hppc/0.8.0/hppc-0.8.0.jar:/home/runner/.m2/repository/org/apache/orc/orc-core/1.5.8/orc-core-1.5.8.jar:/home/runner/.m2/repository/net/java/dev/jna/jna/5.2.0/jna-5.2.0.jar:/home/runner/.m2/repository/net/java/dev/jna/jna-platform/5.2.0/jna-platform-5.2.0.jar:/home/runner/.m2/repository/com/kstruct/gethostname4j/0.0.2/gethostname4j-0.0.2.jar:/home/runner/.m2/repository/org/apache/ranger/ranger-plugin-classloader/2.3.0/ranger-plugin-classloader-2.3.0.jar:/home/runner/.m2/repository/org/apache/ozone/hdds-rocks-native/1.4.0-SNAPSHOT/hdds-rocks-native-1.4.0-SNAPSHOT.jar:/home/runner/.m2/repository/org/apache/hadoop/hadoop-minikdc/3.3.6/hadoop-minikdc-3.3.6.jar:/home/runner/.m2/repository/org/apache/kerby/kerb-simplekdc/1.0.1/kerb-simplekdc-1.0.1.jar:/home/runner/.m2/repository/org/apache/kerby/kerb-client/1.0.1/kerb-client-1.0.1.jar:/home/runner/.m2/repository/org/apache/kerby/kerby-config/1.0.1/kerby-config-1.0.1.jar:/home/runner/.m2/repository/org/apache/kerby/kerb-common/1.0.1/kerb-common-1.0.1.jar:/home/runner/.m2/repository/org/apache/kerby/kerb-crypto/1.0.1/kerb-crypto-1.0.1.jar:/home/runner/.m2/repository/org/apache/kerby/kerb-util/1.0.1/kerb-util-1.0.1.jar:/home/runner/.m2/repository/org/apache/kerby/token-provider/1.0.1/token-provider-1.0.1.jar:/home/runner/.m2/repository/org/apache/kerby/kerb-admin/1.0.1/kerb-admin-1.0.1.jar:/home/runner/.m2/repository/org/apache/kerby/kerb-server/1.0.1/kerb-server-1.0.1.jar:/home/runner/.m2/repository/org/apache/kerby/kerb-identity/1.0.1/kerb-identity-1.0.1.jar:/home/runner/.m2/repository/org/apache/kerby/kerby-xdr/1.0.1/kerby-xdr-1.0.1.jar:/home/runner/.m2/repository/org/apache/ozone/ozone-s3gateway/1.4.0-SNAPSHOT/ozone-s3gateway-1.4.0-SNAPSHOT.jar:/home/runner/.m2/repository/org/javassist/javassist/3.21.0-GA/javassist-3.21.0-GA.jar:/home/runner/.m2/repository/org/jboss/weld/servlet/weld-servlet-shaded/3.1.9.Final/weld-servlet-shaded-3.1.9.Final.jar:/home/runner/.m2/repository/org/glassfish/jersey/containers/jersey-container-servlet-core/2.34/jersey-container-servlet-core-2.34.jar:/home/runner/.m2/repository/org/glassfish/hk2/external/jakarta.inject/2.6.1/jakarta.inject-2.6.1.jar:/home/runner/.m2/repository/org/glassfish/jersey/core/jersey-common/2.34/jersey-common-2.34.jar:/home/runner/.m2/repository/jakarta/ws/rs/jakarta.ws.rs-api/2.1.6/jakarta.ws.rs-api-2.1.6.jar:/home/runner/.m2/repository/org/glassfish/jersey/ext/cdi/jersey-cdi1x/2.34/jersey-cdi1x-2.34.jar:/home/runner/.m2/repository/org/glassfish/jersey/inject/jersey-hk2/2.34/jersey-hk2-2.34.jar:/home/runner/.m2/repository/org/glassfish/hk2/hk2-locator/2.6.1/hk2-locator-2.6.1.jar:/home/runner/.m2/repository/org/glassfish/jersey/media/jersey-media-jaxb/2.34/jersey-media-jaxb-2.34.jar:/home/runner/.m2/repository/org/glassfish/hk2/osgi-resource-locator/1.0.3/osgi-resource-locator-1.0.3.jar:/home/runner/.m2/repository/org/glassfish/hk2/hk2-api/2.5.0/hk2-api-2.5.0.jar:/home/runner/.m2/repository/org/glassfish/hk2/hk2-utils/2.5.0/hk2-utils-2.5.0.jar:/home/runner/.m2/repository/org/glassfish/hk2/external/aopalliance-repackaged/2.5.0/aopalliance-repackaged-2.5.0.jar:/home/runner/.m2/repository/com/fasterxml/jackson/dataformat/jackson-dataformat-xml/2.13.4/jackson-dataformat-xml-2.13.4.jar:/home/runner/.m2/repository/org/codehaus/woodstox/stax2-api/4.2.1/stax2-api-4.2.1.jar:/home/runner/.m2/repository/com/fasterxml/woodstox/woodstox-core/5.4.0/woodstox-core-5.4.0.jar:/home/runner/.m2/repository/com/fasterxml/jackson/module/jackson-module-jaxb-annotations/2.13.4/jackson-module-jaxb-annotations-2.13.4.jar:/home/runner/.m2/repository/jakarta/xml/bind/jakarta.xml.bind-api/2.3.3/jakarta.xml.bind-api-2.3.3.jar:/home/runner/.m2/repository/jakarta/activation/jakarta.activation-api/1.2.2/jakarta.activation-api-1.2.2.jar:/home/runner/.m2/repository/javax/enterprise/cdi-api/2.0/cdi-api-2.0.jar:/home/runner/.m2/repository/javax/el/javax.el-api/3.0.0/javax.el-api-3.0.0.jar:/home/runner/.m2/repository/javax/interceptor/javax.interceptor-api/1.2/javax.interceptor-api-1.2.jar:/home/runner/.m2/repository/javax/inject/javax.inject/1/javax.inject-1.jar:/home/runner/.m2/repository/javax/xml/bind/jaxb-api/2.3.0/jaxb-api-2.3.0.jar:/home/runner/.m2/repository/org/glassfish/jaxb/jaxb-runtime/2.3.0.1/jaxb-runtime-2.3.0.1.jar:/home/runner/.m2/repository/org/glassfish/jaxb/jaxb-core/2.3.0.1/jaxb-core-2.3.0.1.jar:/home/runner/.m2/repository/org/glassfish/jaxb/txw2/2.3.0.1/txw2-2.3.0.1.jar:/home/runner/.m2/repository/com/sun/istack/istack-commons-runtime/3.0.5/istack-commons-runtime-3.0.5.jar:/home/runner/.m2/repository/org/jvnet/staxex/stax-ex/1.7.8/stax-ex-1.7.8.jar:/home/runner/.m2/repository/com/sun/xml/fastinfoset/FastInfoset/1.2.13/FastInfoset-1.2.13.jar:/home/runner/.m2/repository/javax/activation/activation/1.1.1/activation-1.1.1.jar:/home/runner/.m2/repository/io/grpc/grpc-protobuf/1.51.1/grpc-protobuf-1.51.1.jar:/home/runner/.m2/repository/com/google/api/grpc/proto-google-common-protos/2.9.0/proto-google-common-protos-2.9.0.jar:/home/runner/.m2/repository/io/grpc/grpc-protobuf-lite/1.51.1/grpc-protobuf-lite-1.51.1.jar:/home/runner/.m2/repository/io/grpc/grpc-stub/1.51.1/grpc-stub-1.51.1.jar:/home/runner/.m2/repository/io/netty/netty-transport/4.1.100.Final/netty-transport-4.1.100.Final.jar:/home/runner/.m2/repository/io/netty/netty-resolver/4.1.100.Final/netty-resolver-4.1.100.Final.jar:/home/runner/.m2/repository/org/apache/ozone/ozone-csi/1.4.0-SNAPSHOT/ozone-csi-1.4.0-SNAPSHOT.jar:/home/runner/.m2/repository/com/google/protobuf/protobuf-java-util/3.19.6/protobuf-java-util-3.19.6.jar:/home/runner/.m2/repository/com/google/code/gson/gson/2.9.0/gson-2.9.0.jar:/home/runner/.m2/repository/org/apache/ozone/hdds-config/1.4.0-SNAPSHOT/hdds-config-1.4.0-SNAPSHOT.jar:/home/runner/.m2/repository/io/netty/netty-transport-native-epoll/4.1.100.Final/netty-transport-native-epoll-4.1.100.Final-linux-x86_64.jar:/home/runner/.m2/repository/io/netty/netty-transport-classes-epoll/4.1.100.Final/netty-transport-classes-epoll-4.1.100.Final.jar:/home/runner/.m2/repository/io/netty/netty-transport-native-unix-common/4.1.100.Final/netty-transport-native-unix-common-4.1.100.Final.jar:/home/runner/.m2/repository/org/apache/ozone/ozone-recon/1.4.0-SNAPSHOT/ozone-recon-1.4.0-SNAPSHOT.jar:/home/runner/.m2/repository/org/apache/ozone/ozone-reconcodegen/1.4.0-SNAPSHOT/ozone-reconcodegen-1.4.0-SNAPSHOT.jar:/home/runner/.m2/repository/com/google/inject/guice/5.1.0/guice-5.1.0.jar:/home/runner/.m2/repository/aopalliance/aopalliance/1.0/aopalliance-1.0.jar:/home/runner/.m2/repository/com/google/inject/extensions/guice-assistedinject/5.1.0/guice-assistedinject-5.1.0.jar:/home/runner/.m2/repository/com/google/inject/extensions/guice-servlet/5.1.0/guice-servlet-5.1.0.jar:/home/runner/.m2/repository/org/glassfish/jersey/containers/jersey-container-servlet/2.34/jersey-container-servlet-2.34.jar:/home/runner/.m2/repository/org/glassfish/hk2/guice-bridge/2.5.0/guice-bridge-2.5.0.jar:/home/runner/.m2/repository/org/glassfish/jersey/core/jersey-server/2.34/jersey-server-2.34.jar:/home/runner/.m2/repository/org/glassfish/jersey/core/jersey-client/2.34/jersey-client-2.34.jar:/home/runner/.m2/repository/jakarta/annotation/jakarta.annotation-api/1.3.5/jakarta.annotation-api-1.3.5.jar:/home/runner/.m2/repository/jakarta/validation/jakarta.validation-api/2.0.2/jakarta.validation-api-2.0.2.jar:/home/runner/.m2/repository/org/glassfish/jersey/media/jersey-media-json-jackson/2.34/jersey-media-json-jackson-2.34.jar:/home/runner/.m2/repository/org/glassfish/jersey/ext/jersey-entity-filtering/2.34/jersey-entity-filtering-2.34.jar:/home/runner/.m2/repository/org/jooq/jooq/3.11.10/jooq-3.11.10.jar:/home/runner/.m2/repository/org/jooq/jooq-meta/3.11.10/jooq-meta-3.11.10.jar:/home/runner/.m2/repository/org/jooq/jooq-codegen/3.11.10/jooq-codegen-3.11.10.jar:/home/runner/.m2/repository/com/jolbox/bonecp/0.8.0.RELEASE/bonecp-0.8.0.RELEASE.jar:/home/runner/.m2/repository/org/apache/derby/derby/10.14.2.0/derby-10.14.2.0.jar:/home/runner/.m2/repository/org/xerial/sqlite-jdbc/3.41.2.2/sqlite-jdbc-3.41.2.2.jar:/home/runner/.m2/repository/org/springframework/spring-jdbc/5.3.27/spring-jdbc-5.3.27.jar:/home/runner/.m2/repository/org/springframework/spring-beans/5.3.27/spring-beans-5.3.27.jar:/home/runner/.m2/repository/org/springframework/spring-core/5.3.27/spring-core-5.3.27.jar:/home/runner/.m2/repository/org/springframework/spring-tx/5.3.27/spring-tx-5.3.27.jar:/home/runner/.m2/repository/org/apache/ozone/ozone-client/1.4.0-SNAPSHOT/ozone-client-1.4.0-SNAPSHOT.jar:/home/runner/.m2/repository/org/apache/ozone/hdds-erasurecode/1.4.0-SNAPSHOT/hdds-erasurecode-1.4.0-SNAPSHOT.jar:/home/runner/.m2/repository/org/apache/ozone/ozone-filesystem/1.4.0-SNAPSHOT/ozone-filesystem-1.4.0-SNAPSHOT.jar:/home/runner/.m2/repository/org/apache/ozone/ozone-filesystem-common/1.4.0-SNAPSHOT/ozone-filesystem-common-1.4.0-SNAPSHOT.jar:/home/runner/.m2/repository/org/apache/ozone/ozone-tools/1.4.0-SNAPSHOT/ozone-tools-1.4.0-SNAPSHOT.jar:/home/runner/.m2/repository/com/amazonaws/aws-java-sdk-core/1.12.261/aws-java-sdk-core-1.12.261.jar:/home/runner/.m2/repository/org/apache/httpcomponents/httpclient/4.5.13/httpclient-4.5.13.jar:/home/runner/.m2/repository/org/apache/httpcomponents/httpcore/4.4.13/httpcore-4.4.13.jar:/home/runner/.m2/repository/software/amazon/ion/ion-java/1.0.2/ion-java-1.0.2.jar:/home/runner/.m2/repository/com/fasterxml/jackson/dataformat/jackson-dataformat-cbor/2.13.4/jackson-dataformat-cbor-2.13.4.jar:/home/runner/.m2/repository/joda-time/joda-time/2.10.6/joda-time-2.10.6.jar:/home/runner/.m2/repository/com/amazonaws/aws-java-sdk-s3/1.12.261/aws-java-sdk-s3-1.12.261.jar:/home/runner/.m2/repository/com/amazonaws/aws-java-sdk-kms/1.12.261/aws-java-sdk-kms-1.12.261.jar:/home/runner/.m2/repository/com/amazonaws/jmespath-java/1.12.261/jmespath-java-1.12.261.jar:/home/runner/.m2/repository/org/kohsuke/metainf-services/metainf-services/1.8/metainf-services-1.8.jar:/home/runner/.m2/repository/org/apache/ozone/hdds-tools/1.4.0-SNAPSHOT/hdds-tools-1.4.0-SNAPSHOT.jar:/home/runner/.m2/repository/org/apache/ratis/ratis-tools/2.5.1/ratis-tools-2.5.1.jar:/home/runner/.m2/repository/commons-cli/commons-cli/1.2/commons-cli-1.2.jar:/home/runner/.m2/repository/org/apache/commons/commons-lang3/3.7/commons-lang3-3.7.jar:/home/runner/.m2/repository/org/apache/ozone/ozone-manager/1.4.0-SNAPSHOT/ozone-manager-1.4.0-SNAPSHOT-tests.jar:/home/runner/.m2/repository/org/apache/ozone/hdds-common/1.4.0-SNAPSHOT/hdds-common-1.4.0-SNAPSHOT-tests.jar:/home/runner/.m2/repository/org/apache/ozone/hdds-hadoop-dependency-client/1.4.0-SNAPSHOT/hdds-hadoop-dependency-client-1.4.0-SNAPSHOT.jar:/home/runner/.m2/repository/info/picocli/picocli/4.6.1/picocli-4.6.1.jar:/home/runner/.m2/repository/com/fasterxml/jackson/core/jackson-annotations/2.13.4/jackson-annotations-2.13.4.jar:/home/runner/.m2/repository/org/apache/ozone/hdds-annotation-processing/1.4.0-SNAPSHOT/hdds-annotation-processing-1.4.0-SNAPSHOT.jar:/home/runner/.m2/repository/javax/annotation/javax.annotation-api/1.2/javax.annotation-api-1.2.jar:/home/runner/.m2/repository/org/apache/ratis/ratis-netty/2.5.1/ratis-netty-2.5.1.jar:/home/runner/.m2/repository/org/apache/ratis/ratis-grpc/2.5.1/ratis-grpc-2.5.1.jar:/home/runner/.m2/repository/org/apache/commons/commons-pool2/2.6.0/commons-pool2-2.6.0.jar:/home/runner/.m2/repository/org/bouncycastle/bcpkix-jdk15on/1.67/bcpkix-jdk15on-1.67.jar:/home/runner/.m2/repository/commons-validator/commons-validator/1.6/commons-validator-1.6.jar:/home/runner/.m2/repository/commons-beanutils/commons-beanutils/1.9.4/commons-beanutils-1.9.4.jar:/home/runner/.m2/repository/commons-digester/commons-digester/1.8.1/commons-digester-1.8.1.jar:/home/runner/.m2/repository/commons-collections/commons-collections/3.2.2/commons-collections-3.2.2.jar:/home/runner/.m2/repository/io/jaegertracing/jaeger-client/1.6.0/jaeger-client-1.6.0.jar:/home/runner/.m2/repository/io/jaegertracing/jaeger-thrift/1.6.0/jaeger-thrift-1.6.0.jar:/home/runner/.m2/repository/org/apache/thrift/libthrift/0.14.1/libthrift-0.14.1.jar:/home/runner/.m2/repository/io/jaegertracing/jaeger-core/1.6.0/jaeger-core-1.6.0.jar:/home/runner/.m2/repository/io/jaegertracing/jaeger-tracerresolver/1.6.0/jaeger-tracerresolver-1.6.0.jar:/home/runner/.m2/repository/io/opentracing/contrib/opentracing-tracerresolver/0.1.8/opentracing-tracerresolver-0.1.8.jar:/home/runner/.m2/repository/org/jetbrains/kotlin/kotlin-stdlib/1.6.21/kotlin-stdlib-1.6.21.jar:/home/runner/.m2/repository/org/jetbrains/annotations/13.0/annotations-13.0.jar:/home/runner/.m2/repository/io/opentracing/opentracing-util/0.33.0/opentracing-util-0.33.0.jar:/home/runner/.m2/repository/io/opentracing/opentracing-api/0.33.0/opentracing-api-0.33.0.jar:/home/runner/.m2/repository/io/opentracing/opentracing-noop/0.33.0/opentracing-noop-0.33.0.jar:/home/runner/.m2/repository/org/yaml/snakeyaml/2.0/snakeyaml-2.0.jar:/home/runner/.m2/repository/io/grpc/grpc-api/1.51.1/grpc-api-1.51.1.jar:/home/runner/.m2/repository/io/grpc/grpc-context/1.51.1/grpc-context-1.51.1.jar:/home/runner/.m2/repository/com/fasterxml/uuid/java-uuid-generator/4.3.0/java-uuid-generator-4.3.0.jar:/home/runner/.m2/repository/junit/junit/4.13.1/junit-4.13.1.jar:/home/runner/.m2/repository/org/hamcrest/hamcrest-core/1.3/hamcrest-core-1.3.jar:/home/runner/.m2/repository/org/junit/jupiter/junit-jupiter-api/5.8.2/junit-jupiter-api-5.8.2.jar:/home/runner/.m2/repository/org/opentest4j/opentest4j/1.2.0/opentest4j-1.2.0.jar:/home/runner/.m2/repository/org/junit/platform/junit-platform-commons/1.8.2/junit-platform-commons-1.8.2.jar:/home/runner/.m2/repository/org/apiguardian/apiguardian-api/1.1.2/apiguardian-api-1.1.2.jar:/home/runner/.m2/repository/org/junit/jupiter/junit-jupiter-params/5.8.2/junit-jupiter-params-5.8.2.jar:/home/runner/.m2/repository/org/junit/jupiter/junit-jupiter-migrationsupport/5.8.2/junit-jupiter-migrationsupport-5.8.2.jar:/home/runner/.m2/repository/org/junit/jupiter/junit-jupiter-engine/5.8.2/junit-jupiter-engine-5.8.2.jar:/home/runner/.m2/repository/org/junit/platform/junit-platform-engine/1.8.2/junit-platform-engine-1.8.2.jar:/home/runner/.m2/repository/org/junit/vintage/junit-vintage-engine/5.8.2/junit-vintage-engine-5.8.2.jar:/home/runner/.m2/repository/org/junit/platform/junit-platform-launcher/1.8.2/junit-platform-launcher-1.8.2.jar:/home/runner/.m2/repository/org/mockito/mockito-core/3.5.9/mockito-core-3.5.9.jar:/home/runner/.m2/repository/net/bytebuddy/byte-buddy/1.10.13/byte-buddy-1.10.13.jar:/home/runner/.m2/repository/net/bytebuddy/byte-buddy-agent/1.10.13/byte-buddy-agent-1.10.13.jar:/home/runner/.m2/repository/org/objenesis/objenesis/1.0/objenesis-1.0.jar:/home/runner/.m2/repository/org/apache/hadoop/hadoop-kms/3.3.6/hadoop-kms-3.3.6.jar:/home/runner/.m2/repository/org/apache/hadoop/hadoop-auth/3.3.6/hadoop-auth-3.3.6.jar:/home/runner/.m2/repository/com/nimbusds/nimbus-jose-jwt/9.8.1/nimbus-jose-jwt-9.8.1.jar:/home/runner/.m2/repository/com/github/stephenc/jcip/jcip-annotations/1.0-1/jcip-annotations-1.0-1.jar:/home/runner/.m2/repository/org/apache/zookeeper/zookeeper/3.7.2/zookeeper-3.7.2.jar:/home/runner/.m2/repository/org/apache/zookeeper/zookeeper-jute/3.7.2/zookeeper-jute-3.7.2.jar:/home/runner/.m2/repository/org/apache/yetus/audience-annotations/0.12.0/audience-annotations-0.12.0.jar:/home/runner/.m2/repository/org/apache/curator/curator-framework/4.2.0/curator-framework-4.2.0.jar:/home/runner/.m2/repository/org/apache/hadoop/thirdparty/hadoop-shaded-guava/1.1.1/hadoop-shaded-guava-1.1.1.jar:/home/runner/.m2/repository/com/sun/jersey/jersey-core/1.19/jersey-core-1.19.jar:/home/runner/.m2/repository/javax/ws/rs/jsr311-api/1.1.1/jsr311-api-1.1.1.jar:/home/runner/.m2/repository/com/sun/jersey/jersey-server/1.19/jersey-server-1.19.jar:/home/runner/.m2/repository/javax/servlet/javax.servlet-api/3.1.0/javax.servlet-api-3.1.0.jar:/home/runner/.m2/repository/org/apache/hadoop/hadoop-common/3.3.6/hadoop-common-3.3.6.jar:/home/runner/.m2/repository/org/apache/commons/commons-math3/3.1.1/commons-math3-3.1.1.jar:/home/runner/.m2/repository/commons-net/commons-net/3.9.0/commons-net-3.9.0.jar:/home/runner/.m2/repository/com/sun/jersey/jersey-servlet/1.19/jersey-servlet-1.19.jar:/home/runner/.m2/repository/com/github/pjfanning/jersey-json/1.20/jersey-json-1.20.jar:/home/runner/.m2/repository/org/codehaus/jettison/jettison/1.1/jettison-1.1.jar:/home/runner/.m2/repository/com/sun/xml/bind/jaxb-impl/2.2.3-1/jaxb-impl-2.2.3-1.jar:/home/runner/.m2/repository/com/google/re2j/re2j/1.1/re2j-1.1.jar:/home/runner/.m2/repository/com/jcraft/jsch/0.1.54/jsch-0.1.54.jar:/home/runner/.m2/repository/org/apache/curator/curator-client/4.2.0/curator-client-4.2.0.jar:/home/runner/.m2/repository/org/apache/curator/curator-recipes/5.2.0/curator-recipes-5.2.0.jar:/home/runner/.m2/repository/org/apache/kerby/kerb-core/1.0.1/kerb-core-1.0.1.jar:/home/runner/.m2/repository/org/apache/kerby/kerby-pkix/1.0.1/kerby-pkix-1.0.1.jar:/home/runner/.m2/repository/org/apache/kerby/kerby-asn1/1.0.1/kerby-asn1-1.0.1.jar:/home/runner/.m2/repository/org/apache/kerby/kerby-util/1.0.1/kerby-util-1.0.1.jar:/home/runner/.m2/repository/dnsjava/dnsjava/2.1.7/dnsjava-2.1.7.jar:/home/runner/.m2/repository/org/xerial/snappy/snappy-java/1.1.8.2/snappy-java-1.1.8.2.jar:/home/runner/.m2/repository/com/fasterxml/jackson/core/jackson-databind/2.13.4.2/jackson-databind-2.13.4.2.jar:/home/runner/.m2/repository/org/apache/hadoop/hadoop-kms/3.3.6/hadoop-kms-3.3.6-tests.jar:/home/runner/.m2/repository/org/apache/ozone/hdds-server-scm/1.4.0-SNAPSHOT/hdds-server-scm-1.4.0-SNAPSHOT-tests.jar:/home/runner/.m2/repository/org/apache/ozone/hdds-container-service/1.4.0-SNAPSHOT/hdds-container-service-1.4.0-SNAPSHOT-tests.jar:/home/runner/.m2/repository/com/github/luben/zstd-jni/1.5.2-5/zstd-jni-1.5.2-5.jar:/home/runner/.m2/repository/commons-codec/commons-codec/1.15/commons-codec-1.15.jar:/home/runner/.m2/repository/io/netty/netty-codec/4.1.100.Final/netty-codec-4.1.100.Final.jar:/home/runner/.m2/repository/io/netty/netty-handler/4.1.100.Final/netty-handler-4.1.100.Final.jar:/home/runner/.m2/repository/org/apache/ozone/hdds-hadoop-dependency-test/1.4.0-SNAPSHOT/hdds-hadoop-dependency-test-1.4.0-SNAPSHOT.jar:/home/runner/.m2/repository/org/apache/hadoop/hadoop-common/3.3.6/hadoop-common-3.3.6-tests.jar:/home/runner/.m2/repository/org/apache/hadoop/hadoop-hdfs/3.3.6/hadoop-hdfs-3.3.6-tests.jar:/home/runner/.m2/repository/org/assertj/assertj-core/3.12.2/assertj-core-3.12.2.jar:/home/runner/.m2/repository/org/apache/hadoop/hadoop-distcp/3.3.6/hadoop-distcp-3.3.6.jar:/home/runner/.m2/repository/org/apache/hadoop/hadoop-mapreduce-client-jobclient/3.3.6/hadoop-mapreduce-client-jobclient-3.3.6.jar:/home/runner/.m2/repository/org/apache/hadoop/hadoop-mapreduce-client-common/3.3.6/hadoop-mapreduce-client-common-3.3.6.jar:/home/runner/.m2/repository/org/apache/hadoop/hadoop-yarn-common/3.3.6/hadoop-yarn-common-3.3.6.jar:/home/runner/.m2/repository/org/apache/hadoop/hadoop-yarn-api/3.3.6/hadoop-yarn-api-3.3.6.jar:/home/runner/.m2/repository/com/sun/jersey/contribs/jersey-guice/1.19/jersey-guice-1.19.jar:/home/runner/.m2/repository/com/fasterxml/jackson/jaxrs/jackson-jaxrs-json-provider/2.13.4/jackson-jaxrs-json-provider-2.13.4.jar:/home/runner/.m2/repository/com/fasterxml/jackson/jaxrs/jackson-jaxrs-base/2.13.4/jackson-jaxrs-base-2.13.4.jar:/home/runner/.m2/repository/org/apache/hadoop/hadoop-yarn-client/3.3.6/hadoop-yarn-client-3.3.6.jar:/home/runner/.m2/repository/org/eclipse/jetty/websocket/websocket-client/9.4.51.v20230217/websocket-client-9.4.51.v20230217.jar:/home/runner/.m2/repository/org/eclipse/jetty/websocket/websocket-common/9.4.51.v20230217/websocket-common-9.4.51.v20230217.jar:/home/runner/.m2/repository/org/eclipse/jetty/websocket/websocket-api/9.4.51.v20230217/websocket-api-9.4.51.v20230217.jar:/home/runner/.m2/repository/org/jline/jline/3.9.0/jline-3.9.0.jar:/home/runner/.m2/repository/org/apache/hadoop/hadoop-mapreduce-client-core/3.3.6/hadoop-mapreduce-client-core-3.3.6.jar:/home/runner/.m2/repository/org/apache/avro/avro/1.7.7/avro-1.7.7.jar:/home/runner/.m2/repository/com/thoughtworks/paranamer/paranamer/2.3/paranamer-2.3.jar:/home/runner/.m2/repository/org/apache/hadoop/hadoop-annotations/3.3.6/hadoop-annotations-3.3.6.jar:/usr/lib/jvm/temurin-8-jdk-amd64/jre/../lib/tools.jar:/home/runner/.m2/repository/io/netty/netty/3.10.6.Final/netty-3.10.6.Final.jar:/home/runner/.m2/repository/org/apache/hadoop/hadoop-distcp/3.3.6/hadoop-distcp-3.3.6-tests.jar:/home/runner/.m2/repository/org/slf4j/jul-to-slf4j/1.7.36/jul-to-slf4j-1.7.36.jar:/home/runner/work/ozone/ozone/hadoop-ozone/integration-test/target/gradle-enterprise/test-listeners.jar:"/>
    <property name="sun.cpu.endian" value="little"/>
    <property name="user.home" value="/home/runner"/>
    <property name="user.language" value="en"/>
    <property name="java.specification.vendor" value="Oracle Corporation"/>
    <property name="java.home" value="/usr/lib/jvm/temurin-8-jdk-amd64/jre"/>
    <property name="java.security.krb5.conf" value="/home/runner/work/ozone/ozone/hadoop-ozone/integration-test/target/test-classes/krb5.conf"/>
    <property name="file.separator" value="/"/>
    <property name="basedir" value="/home/runner/work/ozone/ozone/hadoop-ozone/integration-test"/>
    <property name="line.separator" value="&#10;"/>
    <property name="java.vm.specification.vendor" value="Oracle Corporation"/>
    <property name="java.specification.name" value="Java Platform API Specification"/>
    <property name="skip.installnpx" value="true"/>
    <property name="java.awt.graphicsenv" value="sun.awt.X11GraphicsEnvironment"/>
    <property name="surefire.real.class.path" value="/home/runner/work/ozone/ozone/hadoop-ozone/integration-test/target/surefire/surefirebooter7001038899286509362.jar:/home/runner/.m2/repository/org/jacoco/org.jacoco.agent/0.8.5/org.jacoco.agent-0.8.5-runtime.jar"/>
    <property name="sun.boot.class.path" value="/usr/lib/jvm/temurin-8-jdk-amd64/jre/lib/resources.jar:/usr/lib/jvm/temurin-8-jdk-amd64/jre/lib/rt.jar:/usr/lib/jvm/temurin-8-jdk-amd64/jre/lib/sunrsasign.jar:/usr/lib/jvm/temurin-8-jdk-amd64/jre/lib/jsse.jar:/usr/lib/jvm/temurin-8-jdk-amd64/jre/lib/jce.jar:/usr/lib/jvm/temurin-8-jdk-amd64/jre/lib/charsets.jar:/usr/lib/jvm/temurin-8-jdk-amd64/jre/lib/jfr.jar:/usr/lib/jvm/temurin-8-jdk-amd64/jre/classes"/>
    <property name="hadoop.log.dir" value="/home/runner/work/ozone/ozone/hadoop-ozone/integration-test/target/log"/>
    <property name="sun.management.compiler" value="HotSpot 64-Bit Tiered Compilers"/>
    <property name="java.runtime.version" value="1.8.0_382-b05"/>
    <property name="skip.npx" value="true"/>
    <property name="user.name" value="runner"/>
    <property name="java.net.preferIPv4Stack" value="true"/>
    <property name="path.separator" value=":"/>
    <property name="java.security.egd" value="file:///dev/urandom"/>
    <property name="os.version" value="5.15.0-1050-azure"/>
    <property name="java.endorsed.dirs" value="/usr/lib/jvm/temurin-8-jdk-amd64/jre/lib/endorsed"/>
    <property name="java.runtime.name" value="OpenJDK Runtime Environment"/>
    <property name="com.gradle.maven.scan.extension.test.listener.junitplatform.NestedExecutionSafeDelegatingTestExecutionListener" value="4416d64f"/>
    <property name="file.encoding" value="UTF-8"/>
    <property name="java.vm.name" value="OpenJDK 64-Bit Server VM"/>
    <property name="test.build.webapps" value=""/>
    <property name="localRepository" value="/home/runner/.m2/repository"/>
    <property name="gradle.enterprise.listener.port" value="33785"/>
    <property name="jetty.git.hash" value="27bde00a0b95a1d5bbee0eae7984f891d2d0f8c9"/>
    <property name="java.vendor.url.bug" value="https://github.com/adoptium/adoptium-support/issues"/>
    <property name="require.test.libhadoop" value=""/>
    <property name="java.io.tmpdir" value="/tmp"/>
    <property name="java.version" value="1.8.0_382"/>
    <property name="user.dir" value="/home/runner/work/ozone/ozone/hadoop-ozone/integration-test"/>
    <property name="os.arch" value="amd64"/>
    <property name="test.build.classes" value="/home/runner/work/ozone/ozone/hadoop-ozone/integration-test/target/test-classes"/>
    <property name="java.vm.specification.name" value="Java Virtual Machine Specification"/>
    <property name="java.awt.printerjob" value="sun.print.PSPrinterJob"/>
    <property name="sun.os.patch.level" value="unknown"/>
    <property name="org.apache.ratis.thirdparty.io.netty.allocator.useCacheForAllThreads" value="false"/>
    <property name="hadoop.tmp.dir" value="/home/runner/work/ozone/ozone/hadoop-ozone/integration-test/target/tmp"/>
    <property name="java.library.path" value="/usr/java/packages/lib/amd64:/usr/lib64:/lib64:/lib:/usr/lib"/>
    <property name="java.vendor" value="Temurin"/>
    <property name="java.vm.info" value="mixed mode"/>
    <property name="java.vm.version" value="25.382-b05"/>
    <property name="java.specification.maintenance.version" value="5"/>
    <property name="sun.io.unicode.encoding" value="UnicodeLittle"/>
    <property name="java.ext.dirs" value="/usr/lib/jvm/temurin-8-jdk-amd64/jre/lib/ext:/usr/java/packages/lib/ext"/>
    <property name="java.class.version" value="52.0"/>
  </properties>
  <testcase name="testContainerRecoveryOverReplicationProcessing" classname="org.apache.hadoop.ozone.container.TestECContainerRecovery" time="40.358">
    <system-out><![CDATA[2023-10-27 20:13:44,728 [main] WARN  server.ServerUtils (ServerUtils.java:getScmDbDir(155)) - ozone.scm.db.dirs is not configured. We recommend adding this setting. Falling back to ozone.metadata.dirs instead.
2023-10-27 20:13:45,212 [main] INFO  reflections.Reflections (Reflections.java:scan(232)) - Reflections took 351 ms to scan 7 urls, producing 164 keys and 384 values 
2023-10-27 20:13:45,447 [main] WARN  server.ServerUtils (ServerUtils.java:getScmDbDir(155)) - ozone.scm.db.dirs is not configured. We recommend adding this setting. Falling back to ozone.metadata.dirs instead.
2023-10-27 20:13:45,455 [main] INFO  ha.SCMHANodeDetails (SCMHANodeDetails.java:loadSCMHAConfig(210)) - ServiceID for StorageContainerManager is null
2023-10-27 20:13:45,471 [main] WARN  ha.SCMHANodeDetails (SCMHANodeDetails.java:validateSCMHAConfig(183)) - Invalid config ozone.scm.ratis.enable. The config was not specified, but the default value true conflicts with the expected config value false. Falling back to the expected value. Current State of SCM: SCM is running in Non-HA without Ratis Ratis SCM -> Non Ratis SCM or Non HA SCM -> HA SCM is not supported
2023-10-27 20:13:45,473 [main] INFO  ha.SCMHANodeDetails (SCMHANodeDetails.java:loadSCMHAConfig(215)) - ozone.scm.default.service.id is not defined, falling back to ozone.scm.service.ids to find serviceID for StorageContainerManager if it is HA enabled cluster
2023-10-27 20:13:46,615 [main] WARN  utils.HAUtils (HAUtils.java:getMetaDir(339)) - ozone.scm.db.dirs is not configured. We recommend adding this setting. Falling back to ozone.metadata.dirs instead.
2023-10-27 20:13:46,849 [main] WARN  db.DBStoreBuilder (DBStoreBuilder.java:applyDBDefinition(167)) - ozone.scm.db.dirs is not configured. We recommend adding this setting. Falling back to ozone.metadata.dirs instead.
2023-10-27 20:13:47,297 [main] INFO  net.NodeSchemaLoader (NodeSchemaLoader.java:loadSchemaFromFile(129)) - Loading schema from [jar:file:/home/runner/.m2/repository/org/apache/ozone/hdds-common/1.4.0-SNAPSHOT/hdds-common-1.4.0-SNAPSHOT.jar!/network-topology-default.xml]
2023-10-27 20:13:47,302 [main] INFO  net.NodeSchemaLoader (NodeSchemaLoader.java:loadSchema(176)) - Loading network topology layer schema file
2023-10-27 20:13:47,386 [main] INFO  metrics.MetricRegistries (MetricRegistriesLoader.java:load(64)) - Loaded MetricRegistries class org.apache.ratis.metrics.impl.MetricRegistriesImpl
2023-10-27 20:13:47,423 [main] INFO  upgrade.AbstractLayoutVersionManager (AbstractLayoutVersionManager.java:init(83)) - Initializing Layout version manager with metadata layout = HADOOP_PRC_PORTS_IN_DATANODEDETAILS (version = 7), software layout = HADOOP_PRC_PORTS_IN_DATANODEDETAILS (version = 7)
2023-10-27 20:13:47,784 [main] INFO  ha.SequenceIdGenerator (SequenceIdGenerator.java:upgradeToSequenceId(370)) - upgrade localId to 111677748019200000
2023-10-27 20:13:47,788 [main] INFO  ha.SequenceIdGenerator (SequenceIdGenerator.java:upgradeToSequenceId(380)) - upgrade delTxnId to 0
2023-10-27 20:13:47,799 [main] INFO  ha.SequenceIdGenerator (SequenceIdGenerator.java:upgradeToSequenceId(397)) - upgrade containerId to 0
2023-10-27 20:13:47,803 [main] INFO  ha.SequenceIdGenerator (SequenceIdGenerator.java:upgradeToCertificateSequenceId(444)) - upgrade CertificateId to 2
2023-10-27 20:13:47,808 [main] INFO  ha.SequenceIdGenerator (SequenceIdGenerator.java:<init>(241)) - Init the HA SequenceIdGenerator.
2023-10-27 20:13:47,892 [main] WARN  server.ServerUtils (ServerUtils.java:sanitizeUserArgs(74)) - ozone.scm.stale.node.interval value = 1000 is smaller than min = 3000 based on the key value of hdds.heartbeat.interval, reset to the min value 3000.
2023-10-27 20:13:47,894 [main] WARN  server.ServerUtils (ServerUtils.java:sanitizeUserArgs(74)) - ozone.scm.stale.node.interval value = 1000 is smaller than min = 3000 based on the key value of hdds.heartbeat.interval, reset to the min value 3000.
2023-10-27 20:13:47,895 [main] WARN  server.ServerUtils (ServerUtils.java:sanitizeUserArgs(74)) - ozone.scm.dead.node.interval value = 1000 is smaller than min = 6000 based on the key value of ozone.scm.stale.node.interval, reset to the min value 6000.
2023-10-27 20:13:47,903 [main] INFO  node.SCMNodeManager (SCMNodeManager.java:<init>(157)) - Entering startup safe mode.
2023-10-27 20:13:47,932 [main] INFO  algorithms.ContainerPlacementPolicyFactory (ContainerPlacementPolicyFactory.java:getPolicyInternal(86)) - Create container placement policy of type org.apache.hadoop.hdds.scm.container.placement.algorithms.SCMContainerPlacementRackAware
2023-10-27 20:13:47,941 [main] INFO  algorithms.ContainerPlacementPolicyFactory (ContainerPlacementPolicyFactory.java:getPolicyInternal(86)) - Create container placement policy of type org.apache.hadoop.hdds.scm.container.placement.algorithms.SCMContainerPlacementRackScatter
2023-10-27 20:13:47,956 [main] INFO  pipeline.PipelineStateManagerImpl (PipelineStateManagerImpl.java:initialize(78)) - No pipeline exists in current db
2023-10-27 20:13:47,978 [main] INFO  algorithms.LeaderChoosePolicyFactory (LeaderChoosePolicyFactory.java:getPolicy(57)) - Create leader choose policy of type org.apache.hadoop.hdds.scm.pipeline.leader.choose.algorithms.MinLeaderCountChoosePolicy
2023-10-27 20:13:47,980 [main] INFO  algorithms.ContainerPlacementPolicyFactory (ContainerPlacementPolicyFactory.java:getPolicyInternal(86)) - Create container placement policy of type org.apache.hadoop.hdds.scm.container.placement.algorithms.SCMContainerPlacementRackScatter
2023-10-27 20:13:47,990 [main] INFO  ha.SCMServiceManager (SCMServiceManager.java:register(42)) - Registering service BackgroundPipelineCreator.
2023-10-27 20:13:47,992 [main] INFO  pipeline.BackgroundPipelineCreator (BackgroundPipelineCreator.java:start(127)) - Starting RatisPipelineUtilsThread.
2023-10-27 20:13:47,997 [main] INFO  BackgroundPipelineScrubber (BackgroundSCMService.java:start(68)) - Starting BackgroundPipelineScrubber Service.
2023-10-27 20:13:48,013 [main] INFO  ha.SCMServiceManager (SCMServiceManager.java:register(42)) - Registering service BackgroundPipelineScrubber.
2023-10-27 20:13:48,023 [main] INFO  ExpiredContainerReplicaOpScrubber (BackgroundSCMService.java:start(68)) - Starting ExpiredContainerReplicaOpScrubber Service.
2023-10-27 20:13:48,025 [main] INFO  ha.SCMServiceManager (SCMServiceManager.java:register(42)) - Registering service ExpiredContainerReplicaOpScrubber.
2023-10-27 20:13:48,062 [main] INFO  algorithms.PipelineChoosePolicyFactory (PipelineChoosePolicyFactory.java:createPipelineChoosePolicyFromClass(78)) - Create pipeline choose policy of type org.apache.hadoop.hdds.scm.pipeline.choose.algorithms.RandomPipelineChoosePolicy
2023-10-27 20:13:48,070 [main] INFO  algorithms.PipelineChoosePolicyFactory (PipelineChoosePolicyFactory.java:createPipelineChoosePolicyFromClass(78)) - Create pipeline choose policy of type org.apache.hadoop.hdds.scm.pipeline.choose.algorithms.RandomPipelineChoosePolicy
2023-10-27 20:13:48,108 [main] INFO  ha.SCMServiceManager (SCMServiceManager.java:register(42)) - Registering service SCMBlockDeletingService.
2023-10-27 20:13:48,203 [main] INFO  replication.ReplicationManager (ReplicationManager.java:start(291)) - Starting Replication Monitor Thread.
2023-10-27 20:13:48,207 [main] INFO  ha.SCMServiceManager (SCMServiceManager.java:register(42)) - Registering service ReplicationManager.
2023-10-27 20:13:48,210 [ReplicationMonitor] INFO  replication.ReplicationManager (ReplicationManager.java:processAll(366)) - Replication Manager is not ready to run until 3000ms after safemode exit
2023-10-27 20:13:48,226 [main] INFO  safemode.ContainerSafeModeRule (ContainerSafeModeRule.java:<init>(90)) - containers with one replica threshold count 0
2023-10-27 20:13:48,232 [main] INFO  safemode.HealthyPipelineSafeModeRule (HealthyPipelineSafeModeRule.java:initializeRule(169)) - Total pipeline count is 0, healthy pipeline threshold count is 1
2023-10-27 20:13:48,235 [main] INFO  safemode.OneReplicaPipelineSafeModeRule (OneReplicaPipelineSafeModeRule.java:initializeRule(180)) - Total pipeline count is 0, pipeline's with at least one datanode reported threshold count is 0
2023-10-27 20:13:48,304 [main] INFO  server.StorageContainerManager (StorageContainerManager.java:<init>(427)) - SCM start with adminUsers: [runner]
2023-10-27 20:13:48,829 [main] INFO  audit.AuditLogger (AuditLogger.java:refreshDebugCmdSet(126)) - Refresh DebugCmdSet for SCMAudit to [].
2023-10-27 20:13:48,882 [main] INFO  ipc.CallQueueManager (CallQueueManager.java:<init>(90)) - Using callQueue: class java.util.concurrent.LinkedBlockingQueue, queueCapacity: 2000, scheduler: class org.apache.hadoop.ipc.DefaultRpcScheduler, ipcBackoff: false.
2023-10-27 20:13:48,942 [main] INFO  ipc.Server (Server.java:<init>(1287)) - Listener at 0.0.0.0:15002
2023-10-27 20:13:48,953 [Socket Reader #1 for port 15002] INFO  ipc.Server (Server.java:run(1323)) - Starting Socket Reader #1 for port 15002
2023-10-27 20:13:49,077 [main] INFO  audit.AuditLogger (AuditLogger.java:refreshDebugCmdSet(126)) - Refresh DebugCmdSet for SCMAudit to [].
2023-10-27 20:13:49,085 [main] INFO  ipc.CallQueueManager (CallQueueManager.java:<init>(90)) - Using callQueue: class java.util.concurrent.LinkedBlockingQueue, queueCapacity: 2000, scheduler: class org.apache.hadoop.ipc.DefaultRpcScheduler, ipcBackoff: false.
2023-10-27 20:13:49,090 [main] INFO  ipc.Server (Server.java:<init>(1287)) - Listener at 0.0.0.0:15001
2023-10-27 20:13:49,094 [Socket Reader #1 for port 15001] INFO  ipc.Server (Server.java:run(1323)) - Starting Socket Reader #1 for port 15001
2023-10-27 20:13:49,149 [main] INFO  audit.AuditLogger (AuditLogger.java:refreshDebugCmdSet(126)) - Refresh DebugCmdSet for SCMAudit to [].
2023-10-27 20:13:49,165 [main] INFO  ipc.CallQueueManager (CallQueueManager.java:<init>(90)) - Using callQueue: class java.util.concurrent.LinkedBlockingQueue, queueCapacity: 2000, scheduler: class org.apache.hadoop.ipc.DefaultRpcScheduler, ipcBackoff: false.
2023-10-27 20:13:49,167 [main] INFO  ipc.Server (Server.java:<init>(1287)) - Listener at 0.0.0.0:15000
2023-10-27 20:13:49,168 [Socket Reader #1 for port 15000] INFO  ipc.Server (Server.java:run(1323)) - Starting Socket Reader #1 for port 15000
2023-10-27 20:13:49,262 [main] INFO  ha.SCMServiceManager (SCMServiceManager.java:register(42)) - Registering service ContainerBalancer.
2023-10-27 20:13:49,267 [main] INFO  server.StorageContainerManager (StorageContainerManager.java:<init>(440)) - 
Container Balancer status:
Key                            Value
Running                        false
Container Balancer Configuration values:
Key                                                Value
Threshold                                          10
Max Datanodes to Involve per Iteration(percent)    20
Max Size to Move per Iteration                     500GB
Max Size Entering Target per Iteration             26GB
Max Size Leaving Source per Iteration              26GB
Number of Iterations                               10
Time Limit for Single Container's Movement         65min
Time Limit for Single Container's Replication      50min
Interval between each Iteration                    70min
Whether to Enable Network Topology                 false
Whether to Trigger Refresh Datanode Usage Info     false
Container IDs to Exclude from Balancing            None
Datanodes Specified to be Balanced                 None
Datanodes Excluded from Balancing                  None

2023-10-27 20:13:49,269 [main] INFO  ha.SCMContext (SCMContext.java:updateSafeModeStatus(230)) - Update SafeModeStatus from SafeModeStatus{safeModeStatus=true, preCheckPassed=false} to SafeModeStatus{safeModeStatus=true, preCheckPassed=false}.
2023-10-27 20:13:49,277 [main] INFO  server.StorageContainerManager (StorageContainerManager.java:start(1494)) - StorageContainerLocationProtocol RPC server is listening at /0.0.0.0:15000
2023-10-27 20:13:49,362 [main] WARN  impl.MetricsConfig (MetricsConfig.java:loadFirst(136)) - Cannot locate configuration: tried hadoop-metrics2-storagecontainermanager.properties,hadoop-metrics2.properties
2023-10-27 20:13:49,379 [main] INFO  impl.MetricsSystemImpl (MetricsSystemImpl.java:startTimer(378)) - Scheduled Metric snapshot period at 10 second(s).
2023-10-27 20:13:49,380 [main] INFO  impl.MetricsSystemImpl (MetricsSystemImpl.java:start(191)) - StorageContainerManager metrics system started
2023-10-27 20:13:49,736 [main] INFO  server.SCMClientProtocolServer (SCMClientProtocolServer.java:start(201)) - RPC server for Client  is listening at /0.0.0.0:15000
2023-10-27 20:13:49,738 [IPC Server Responder] INFO  ipc.Server (Server.java:run(1562)) - IPC Server Responder: starting
2023-10-27 20:13:49,756 [main] INFO  server.StorageContainerManager (StorageContainerManager.java:start(1507)) - ScmBlockLocationProtocol RPC server is listening at /0.0.0.0:15001
2023-10-27 20:13:49,743 [IPC Server listener on 15000] INFO  ipc.Server (Server.java:run(1402)) - IPC Server listener on 15000: starting
2023-10-27 20:13:49,771 [main] INFO  server.SCMBlockProtocolServer (SCMBlockProtocolServer.java:start(154)) - RPC server for Block Protocol is listening at /0.0.0.0:15001
2023-10-27 20:13:49,775 [IPC Server Responder] INFO  ipc.Server (Server.java:run(1562)) - IPC Server Responder: starting
2023-10-27 20:13:49,775 [IPC Server listener on 15001] INFO  ipc.Server (Server.java:run(1402)) - IPC Server listener on 15001: starting
2023-10-27 20:13:49,780 [main] INFO  server.SCMDatanodeProtocolServer (SCMDatanodeProtocolServer.java:start(193)) - ScmDatanodeProtocol RPC server for DataNodes is listening at /0.0.0.0:15002
2023-10-27 20:13:49,782 [IPC Server Responder] INFO  ipc.Server (Server.java:run(1562)) - IPC Server Responder: starting
2023-10-27 20:13:49,782 [IPC Server listener on 15002] INFO  ipc.Server (Server.java:run(1402)) - IPC Server listener on 15002: starting
2023-10-27 20:13:49,803 [JvmPauseMonitor0] INFO  util.JvmPauseMonitor (JvmPauseMonitor.java:run(103)) - JvmPauseMonitor-642fd0d6-19ee-4f3d-b7a6-1e3f6d4c761a: Started
2023-10-27 20:13:49,825 [main] INFO  http.BaseHttpServer (BaseHttpServer.java:newHttpServer2BuilderForOzone(223)) - Starting Web-server for scm at: http://0.0.0.0:15003
2023-10-27 20:13:49,826 [main] INFO  http.BaseHttpServer (BaseHttpServer.java:<init>(110)) - Hadoop Security Enabled: false Ozone Security Enabled: false Ozone HTTP Security Enabled: false 
2023-10-27 20:13:49,858 [main] INFO  util.log (Log.java:initialized(170)) - Logging initialized @8107ms to org.eclipse.jetty.util.log.Slf4jLog
2023-10-27 20:13:49,973 [main] WARN  server.AuthenticationFilter (AuthenticationFilter.java:constructSecretProvider(240)) - Unable to initialize FileSignerSecretProvider, falling back to use random secrets. Reason: Could not read signature secret file: /home/runner/hadoop-http-auth-signature-secret
2023-10-27 20:13:49,981 [main] INFO  http.HttpRequestLog (HttpRequestLog.java:getRequestLog(86)) - Http request log for http.requests.scm is not defined
2023-10-27 20:13:49,988 [main] INFO  http.HttpServer2 (HttpServer2.java:addGlobalFilter(1031)) - Added global filter 'safety' (class=org.apache.hadoop.hdds.server.http.HttpServer2$QuotingInputFilter)
2023-10-27 20:13:49,992 [main] INFO  http.HttpServer2 (HttpServer2.java:addFilter(1007)) - Added filter static_user_filter (class=org.apache.hadoop.http.lib.StaticUserWebFilter$StaticUserFilter) to context scm
2023-10-27 20:13:49,992 [main] INFO  http.HttpServer2 (HttpServer2.java:addFilter(1015)) - Added filter static_user_filter (class=org.apache.hadoop.http.lib.StaticUserWebFilter$StaticUserFilter) to context logs
2023-10-27 20:13:49,992 [main] INFO  http.HttpServer2 (HttpServer2.java:addFilter(1015)) - Added filter static_user_filter (class=org.apache.hadoop.http.lib.StaticUserWebFilter$StaticUserFilter) to context static
2023-10-27 20:13:50,041 [main] INFO  http.BaseHttpServer (BaseHttpServer.java:<init>(189)) - HTTP server of scm uses base directory /home/runner/work/ozone/ozone/hadoop-ozone/integration-test/target/test-dir/MiniOzoneClusterImpl-60426a9d-3de2-4373-b08b-24a22c9da129/ozone-meta/webserver
2023-10-27 20:13:50,043 [main] INFO  http.HttpServer2 (HttpServer2.java:bindListener(1231)) - Jetty bound to port 15003
2023-10-27 20:13:50,045 [main] INFO  server.Server (Server.java:doStart(375)) - jetty-9.4.53.v20231009; built: 2023-10-09T12:29:09.265Z; git: 27bde00a0b95a1d5bbee0eae7984f891d2d0f8c9; jvm 1.8.0_382-b05
2023-10-27 20:13:50,089 [main] INFO  server.session (DefaultSessionIdManager.java:doStart(334)) - DefaultSessionIdManager workerName=node0
2023-10-27 20:13:50,090 [main] INFO  server.session (DefaultSessionIdManager.java:doStart(339)) - No SessionScavenger set, using defaults
2023-10-27 20:13:50,092 [main] INFO  server.session (HouseKeeper.java:startScavenging(132)) - node0 Scavenging every 600000ms
2023-10-27 20:13:50,107 [main] INFO  handler.ContextHandler (ContextHandler.java:doStart(921)) - Started o.e.j.s.ServletContextHandler@7b8b755d{logs,/logs,file:///home/runner/work/ozone/ozone/hadoop-ozone/integration-test/target/log,AVAILABLE}
2023-10-27 20:13:50,109 [main] INFO  handler.ContextHandler (ContextHandler.java:doStart(921)) - Started o.e.j.s.ServletContextHandler@2052c49f{static,/static,file:///home/runner/work/ozone/ozone/hadoop-ozone/integration-test/target/test-classes/webapps/static,AVAILABLE}
2023-10-27 20:13:50,169 [main] INFO  handler.ContextHandler (ContextHandler.java:doStart(921)) - Started o.e.j.w.WebAppContext@63541960{scm,/,file:///home/runner/work/ozone/ozone/hadoop-ozone/integration-test/target/test-classes/webapps/scm/,AVAILABLE}{file:/home/runner/work/ozone/ozone/hadoop-ozone/integration-test/target/test-classes/webapps/scm}
2023-10-27 20:13:50,180 [main] INFO  server.AbstractConnector (AbstractConnector.java:doStart(333)) - Started ServerConnector@28592982{HTTP/1.1, (http/1.1)}{0.0.0.0:15003}
2023-10-27 20:13:50,182 [main] INFO  server.Server (Server.java:doStart(415)) - Started @8433ms
2023-10-27 20:13:50,185 [main] INFO  impl.MetricsSinkAdapter (MetricsSinkAdapter.java:start(204)) - Sink prometheus started
2023-10-27 20:13:50,185 [main] INFO  impl.MetricsSystemImpl (MetricsSystemImpl.java:registerSink(305)) - Registered sink prometheus
2023-10-27 20:13:50,188 [main] INFO  http.BaseHttpServer (BaseHttpServer.java:updateConnectorAddress(354)) - HTTP server of scm listening at http://0.0.0.0:15003
2023-10-27 20:13:50,194 [main] WARN  server.ServerUtils (ServerUtils.java:getDBPath(311)) - ozone.om.db.dirs is not configured. We recommend adding this setting. Falling back to ozone.metadata.dirs instead.
2023-10-27 20:13:50,328 [main] INFO  audit.AuditLogger (AuditLogger.java:refreshDebugCmdSet(126)) - Refresh DebugCmdSet for OMAudit to [].
2023-10-27 20:13:50,441 [main] INFO  ha.OMHANodeDetails (OMHANodeDetails.java:loadOMHAConfig(115)) - ozone.om.internal.service.id is not defined, falling back to ozone.om.service.ids to find serviceID for OzoneManager if it is HA enabled cluster
2023-10-27 20:13:50,445 [main] INFO  ha.OMHANodeDetails (OMHANodeDetails.java:loadOMHAConfig(226)) - Configuration does not have ozone.om.address set. Falling back to the default OM address /127.0.0.1:15004
2023-10-27 20:13:50,446 [main] INFO  ha.OMHANodeDetails (OMHANodeDetails.java:getOMNodeDetailsForNonHA(254)) - OM Service ID is not set. Setting it to the default ID: omServiceIdDefault
2023-10-27 20:13:50,448 [main] INFO  ha.OMHANodeDetails (OMHANodeDetails.java:getOMNodeDetailsForNonHA(261)) - OM Node ID is not set. Setting it to the default ID: om1
2023-10-27 20:13:50,456 [main] WARN  server.ServerUtils (ServerUtils.java:getDBPath(311)) - ozone.om.db.dirs is not configured. We recommend adding this setting. Falling back to ozone.metadata.dirs instead.
2023-10-27 20:13:50,466 [main] INFO  upgrade.AbstractLayoutVersionManager (AbstractLayoutVersionManager.java:init(83)) - Initializing Layout version manager with metadata layout = QUOTA (version = 6), software layout = QUOTA (version = 6)
2023-10-27 20:13:50,558 [main] INFO  reflections.Reflections (Reflections.java:scan(232)) - Reflections took 87 ms to scan 2 urls, producing 190 keys and 532 values [using 2 cores]
2023-10-27 20:13:50,565 [main] INFO  upgrade.OMLayoutVersionManager (OMLayoutVersionManager.java:lambda$0(115)) - Skipping Upgrade Action QuotaRepairUpgradeAction since it has been finalized.
2023-10-27 20:13:50,571 [main] INFO  upgrade.OMLayoutVersionManager (OMLayoutVersionManager.java:lambda$0(115)) - Skipping Upgrade Action MockOmUpgradeAction since it has been finalized.
2023-10-27 20:13:50,576 [main] WARN  server.ServerUtils (ServerUtils.java:getDBPath(311)) - ozone.om.db.dirs is not configured. We recommend adding this setting. Falling back to ozone.metadata.dirs instead.
2023-10-27 20:13:50,880 [main] INFO  proxy.SCMBlockLocationFailoverProxyProvider (SCMBlockLocationFailoverProxyProvider.java:<init>(114)) - Created block location fail-over proxy with 1 nodes: [nodeId=scmNodeId,nodeAddress=/0.0.0.0:15001]
2023-10-27 20:13:50,984 [main] INFO  proxy.SCMBlockLocationFailoverProxyProvider (SCMBlockLocationFailoverProxyProvider.java:<init>(114)) - Created block location fail-over proxy with 1 nodes: [nodeId=scmNodeId,nodeAddress=/0.0.0.0:15001]
2023-10-27 20:13:51,329 [main] INFO  om.OzoneManager (OzoneManager.java:<init>(673)) - OM start with adminUsers: [runner]
2023-10-27 20:13:51,354 [main] WARN  server.ServerUtils (ServerUtils.java:getDBPath(311)) - ozone.om.db.dirs is not configured. We recommend adding this setting. Falling back to ozone.metadata.dirs instead.
2023-10-27 20:13:51,402 [main] INFO  helpers.OmKeyInfo (OmKeyInfo.java:getCodec(71)) - OmKeyInfo.getCodec ignorePipeline = true
2023-10-27 20:13:51,873 [main] INFO  om.OzoneManager (OzoneManager.java:instantiateServices(807)) - S3 Multi-Tenancy is disabled
2023-10-27 20:13:51,920 [main] INFO  om.OmSnapshotManager (OmSnapshotManager.java:<init>(175)) - Ozone filesystem snapshot feature is enabled.
2023-10-27 20:13:51,930 [main] WARN  server.ServerUtils (ServerUtils.java:getDBPath(311)) - ozone.om.snapshot.diff.db.dir is not configured. We recommend adding this setting. Falling back to ozone.metadata.dirs instead.
2023-10-27 20:13:51,988 [main] INFO  utils.NativeLibraryLoader (NativeLibraryLoader.java:loadLibrary(108)) - Loading Library: ozone_rocksdb_tools
2023-10-27 20:13:51,990 [main] INFO  snapshot.SnapshotDiffManager (SnapshotDiffManager.java:closeExecutorService(1722)) - Shutting down executorService: 'SstDumpToolExecutor'
2023-10-27 20:13:52,071 [main] INFO  om.OzoneManager (OzoneManager.java:addS3GVolumeToDB(4415)) - Created Volume s3v With Owner runner required for S3Gateway operations.
2023-10-27 20:13:52,143 [main] WARN  server.ServerUtils (ServerUtils.java:getDefaultRatisDirectory(323)) - Storage directory for Ratis is not configured. It is a good idea to map this to an SSD disk. Falling back to ozone.metadata.dirs
2023-10-27 20:13:52,145 [main] WARN  utils.OzoneManagerRatisUtils (OzoneManagerRatisUtils.java:getOMRatisSnapshotDirectory(473)) - ozone.om.ratis.snapshot.dir is not configured. Falling back to ozone.metadata.dirs config
2023-10-27 20:13:52,161 [main] WARN  server.ServerUtils (ServerUtils.java:getDefaultRatisDirectory(323)) - Storage directory for Ratis is not configured. It is a good idea to map this to an SSD disk. Falling back to ozone.metadata.dirs
2023-10-27 20:13:52,189 [main] INFO  ratis.OzoneManagerRatisServer (OzoneManagerRatisServer.java:<init>(167)) - Instantiating OM Ratis server with groupID: omServiceIdDefault and peers: localhost:15007
2023-10-27 20:13:52,203 [main] INFO  ratis.OzoneManagerStateMachine (OzoneManagerStateMachine.java:loadSnapshotInfoFromDB(697)) - LastAppliedIndex is set from TransactionInfo from OM DB as (t:0, i:~)
2023-10-27 20:13:52,286 [main] INFO  server.RaftServer (ConfUtils.java:logGet(46)) - raft.rpc.type = GRPC (default)
2023-10-27 20:13:52,299 [main] INFO  grpc.GrpcConfigKeys (ConfUtils.java:logFallback(53)) - raft.grpc.admin.host = null (fallback to raft.grpc.server.host)
2023-10-27 20:13:52,301 [main] INFO  grpc.GrpcConfigKeys (ConfUtils.java:logFallback(53)) - raft.grpc.admin.port = 15007 (fallback to raft.grpc.server.port)
2023-10-27 20:13:52,302 [main] INFO  grpc.GrpcConfigKeys (ConfUtils.java:logFallback(53)) - raft.grpc.client.host = null (fallback to raft.grpc.server.host)
2023-10-27 20:13:52,304 [main] INFO  grpc.GrpcConfigKeys (ConfUtils.java:logFallback(53)) - raft.grpc.client.port = 15007 (fallback to raft.grpc.server.port)
2023-10-27 20:13:52,304 [main] INFO  grpc.GrpcConfigKeys (ConfUtils.java:logGet(46)) - raft.grpc.server.host = null (default)
2023-10-27 20:13:52,305 [main] INFO  grpc.GrpcConfigKeys (ConfUtils.java:logGet(46)) - raft.grpc.server.port = 15007 (custom)
2023-10-27 20:13:52,307 [main] INFO  server.GrpcService (ConfUtils.java:logGet(46)) - raft.grpc.message.size.max = 33554432 (custom)
2023-10-27 20:13:52,309 [main] INFO  server.RaftServerConfigKeys (ConfUtils.java:logGet(46)) - raft.server.log.appender.buffer.byte-limit = 33554432 (custom)
2023-10-27 20:13:52,310 [main] INFO  server.GrpcService (ConfUtils.java:logGet(46)) - raft.grpc.flow.control.window = 1MB (=1048576) (default)
2023-10-27 20:13:52,311 [main] INFO  server.RaftServerConfigKeys (ConfUtils.java:logGet(46)) - raft.server.rpc.request.timeout = 3000ms (default)
2023-10-27 20:13:52,328 [main] INFO  grpc.GrpcConfigKeys (ConfUtils.java:logGet(46)) - raft.grpc.server.heartbeat.channel = true (default)
2023-10-27 20:13:52,344 [main] INFO  grpc.GrpcConfigKeys (ConfUtils.java:logGet(46)) - raft.grpc.server.async.request.thread.pool.cached = true (default)
2023-10-27 20:13:52,345 [main] INFO  grpc.GrpcConfigKeys (ConfUtils.java:logGet(46)) - raft.grpc.server.async.request.thread.pool.size = 32 (default)
2023-10-27 20:13:52,865 [main] INFO  impl.DataStreamServerImpl (ConfUtils.java:logGet(46)) - raft.datastream.type = DISABLED (default)
2023-10-27 20:13:52,872 [main] INFO  server.RaftServerConfigKeys (ConfUtils.java:logGet(46)) - raft.server.threadpool.proxy.cached = true (default)
2023-10-27 20:13:52,873 [main] INFO  server.RaftServerConfigKeys (ConfUtils.java:logGet(46)) - raft.server.threadpool.proxy.size = 0 (default)
2023-10-27 20:13:52,873 [main] INFO  server.RaftServerConfigKeys (ConfUtils.java:logGet(46)) - raft.server.rpc.slowness.timeout = 120s (custom)
2023-10-27 20:13:52,874 [main] INFO  server.RaftServerConfigKeys (ConfUtils.java:logGet(46)) - raft.server.leaderelection.leader.step-down.wait-time = 10s (default)
2023-10-27 20:13:52,878 [main] INFO  server.RaftServerConfigKeys (ConfUtils.java:logGet(46)) - raft.server.storage.dir = [/home/runner/work/ozone/ozone/hadoop-ozone/integration-test/target/test-dir/MiniOzoneClusterImpl-60426a9d-3de2-4373-b08b-24a22c9da129/ozone-meta/ratis] (custom)
2023-10-27 20:13:52,892 [main] INFO  server.RaftServer (RaftServerProxy.java:addNew(98)) - om1: addNew group-C5BA1605619E:[om1|rpc:localhost:15007|priority:0|startupRole:FOLLOWER] returns group-C5BA1605619E:java.util.concurrent.CompletableFuture@40c952f6[Not completed]
2023-10-27 20:13:52,893 [main] INFO  om.OzoneManager (OzoneManager.java:initializeRatisServer(2155)) - OzoneManager Ratis server initialized at port 15007
2023-10-27 20:13:52,900 [main] INFO  om.OzoneManager (OzoneManager.java:getRpcServer(1209)) - Creating RPC Server
2023-10-27 20:13:52,942 [om1-groupManagement] INFO  server.RaftServer$Division (RaftServerImpl.java:<init>(198)) - om1: new RaftServerImpl for group-C5BA1605619E:[om1|rpc:localhost:15007|priority:0|startupRole:FOLLOWER] with OzoneManagerStateMachine:uninitialized
2023-10-27 20:13:52,948 [om1-groupManagement] INFO  server.RaftServerConfigKeys (ConfUtils.java:logGet(46)) - raft.server.rpc.timeout.min = 1s (custom)
2023-10-27 20:13:52,949 [om1-groupManagement] INFO  server.RaftServerConfigKeys (ConfUtils.java:logGet(46)) - raft.server.rpc.timeout.max = 1200ms (custom)
2023-10-27 20:13:52,949 [om1-groupManagement] INFO  server.RaftServerConfigKeys (ConfUtils.java:logGet(46)) - raft.server.rpc.sleep.time = 25ms (default)
2023-10-27 20:13:52,949 [om1-groupManagement] INFO  server.RaftServerConfigKeys (ConfUtils.java:logGet(46)) - raft.server.rpc.slowness.timeout = 120s (custom)
2023-10-27 20:13:52,949 [om1-groupManagement] INFO  server.RaftServerConfigKeys (ConfUtils.java:logGet(46)) - raft.server.leaderelection.leader.step-down.wait-time = 10s (default)
2023-10-27 20:13:52,949 [om1-groupManagement] INFO  server.RaftServerConfigKeys (ConfUtils.java:logGet(46)) - raft.server.sleep.deviation.threshold = 300ms (default)
2023-10-27 20:13:52,965 [om1-groupManagement] INFO  server.RaftServer$Division (ServerState.java:<init>(120)) - om1@group-C5BA1605619E: ConfigurationManager, init=-1: peers:[om1|rpc:localhost:15007|priority:0|startupRole:FOLLOWER]|listeners:[], old=null, confs=<EMPTY_MAP>
2023-10-27 20:13:52,966 [om1-groupManagement] INFO  server.RaftServerConfigKeys (ConfUtils.java:logGet(46)) - raft.server.storage.dir = [/home/runner/work/ozone/ozone/hadoop-ozone/integration-test/target/test-dir/MiniOzoneClusterImpl-60426a9d-3de2-4373-b08b-24a22c9da129/ozone-meta/ratis] (custom)
2023-10-27 20:13:52,993 [om1-groupManagement] INFO  server.RaftServerConfigKeys (ConfUtils.java:logGet(46)) - raft.server.log.corruption.policy = EXCEPTION (default)
2023-10-27 20:13:52,995 [om1-groupManagement] INFO  server.RaftServerConfigKeys (ConfUtils.java:logGet(46)) - raft.server.storage.free-space.min = 0MB (=0) (default)
2023-10-27 20:13:53,018 [om1-groupManagement] INFO  server.RaftServerConfigKeys (ConfUtils.java:logGet(46)) - raft.server.notification.no-leader.timeout = 120s (custom)
2023-10-27 20:13:53,023 [om1-groupManagement] INFO  server.RaftServerConfigKeys (ConfUtils.java:logGet(46)) - raft.server.read.timeout = 10s (default)
2023-10-27 20:13:53,029 [om1-groupManagement] INFO  server.RaftServerConfigKeys (ConfUtils.java:logGet(46)) - raft.server.retrycache.expirytime = 300s (custom)
2023-10-27 20:13:53,029 [om1-groupManagement] INFO  server.RaftServerConfigKeys (ConfUtils.java:logGet(46)) - raft.server.retrycache.statistics.expirytime = 100μs (default)
2023-10-27 20:13:53,074 [om1-groupManagement] INFO  server.RaftServerConfigKeys (ConfUtils.java:logGet(46)) - raft.server.read.option = DEFAULT (default)
2023-10-27 20:13:53,145 [om1-groupManagement] INFO  server.RaftServerConfigKeys (ConfUtils.java:logGet(46)) - raft.server.rpc.request.timeout = 3000ms (default)
2023-10-27 20:13:53,156 [om1-groupManagement] INFO  server.RaftServerConfigKeys (ConfUtils.java:logGet(46)) - raft.server.log.appender.install.snapshot.enabled = false (custom)
2023-10-27 20:13:53,156 [om1-groupManagement] INFO  server.RaftServerConfigKeys (ConfUtils.java:logGet(46)) - raft.server.threadpool.server.cached = true (default)
2023-10-27 20:13:53,157 [om1-groupManagement] INFO  server.RaftServerConfigKeys (ConfUtils.java:logGet(46)) - raft.server.threadpool.server.size = 0 (default)
2023-10-27 20:13:53,157 [om1-groupManagement] INFO  server.RaftServerConfigKeys (ConfUtils.java:logGet(46)) - raft.server.threadpool.client.cached = true (default)
2023-10-27 20:13:53,158 [om1-groupManagement] INFO  server.RaftServerConfigKeys (ConfUtils.java:logGet(46)) - raft.server.threadpool.client.size = 0 (default)
2023-10-27 20:13:53,999 [main] INFO  reflections.Reflections (Reflections.java:scan(232)) - Reflections took 933 ms to scan 20 urls, producing 71 keys and 6048 values [using 2 cores]
2023-10-27 20:13:54,243 [main] INFO  ipc.CallQueueManager (CallQueueManager.java:<init>(90)) - Using callQueue: class java.util.concurrent.LinkedBlockingQueue, queueCapacity: 2000, scheduler: class org.apache.hadoop.ipc.DefaultRpcScheduler, ipcBackoff: false.
2023-10-27 20:13:54,247 [main] INFO  ipc.Server (Server.java:<init>(1287)) - Listener at 127.0.0.1:15004
2023-10-27 20:13:54,249 [Socket Reader #1 for port 15004] INFO  ipc.Server (Server.java:run(1323)) - Starting Socket Reader #1 for port 15004
2023-10-27 20:13:54,319 [main] INFO  impl.MetricsSystemImpl (MetricsSystemImpl.java:init(158)) - OzoneManager metrics system started (again)
2023-10-27 20:13:54,338 [main] INFO  om.OzoneManager (OzoneManager.java:start(1643)) - OzoneManager RPC server is listening at localhost/127.0.0.1:15004
2023-10-27 20:13:54,340 [main] INFO  ratis.OzoneManagerRatisServer (OzoneManagerRatisServer.java:start(583)) - Starting OzoneManagerRatisServer om1 at port 15007
2023-10-27 20:13:54,343 [om1-impl-thread1] INFO  storage.RaftStorageDirectory (RaftStorageDirectoryImpl.java:analyzeStorage(137)) - The storage directory /home/runner/work/ozone/ozone/hadoop-ozone/integration-test/target/test-dir/MiniOzoneClusterImpl-60426a9d-3de2-4373-b08b-24a22c9da129/ozone-meta/ratis/bf265839-605b-3f16-9796-c5ba1605619e does not exist. Creating ...
2023-10-27 20:13:54,350 [om1-impl-thread1] INFO  storage.RaftStorageDirectory (RaftStorageDirectoryImpl.java:tryLock(231)) - Lock on /home/runner/work/ozone/ozone/hadoop-ozone/integration-test/target/test-dir/MiniOzoneClusterImpl-60426a9d-3de2-4373-b08b-24a22c9da129/ozone-meta/ratis/bf265839-605b-3f16-9796-c5ba1605619e/in_use.lock acquired by nodename 14569@fv-az342-943
2023-10-27 20:13:54,358 [om1-impl-thread1] INFO  storage.RaftStorage (RaftStorageImpl.java:format(96)) - Storage directory /home/runner/work/ozone/ozone/hadoop-ozone/integration-test/target/test-dir/MiniOzoneClusterImpl-60426a9d-3de2-4373-b08b-24a22c9da129/ozone-meta/ratis/bf265839-605b-3f16-9796-c5ba1605619e has been successfully formatted.
2023-10-27 20:13:54,362 [om1-impl-thread1] INFO  server.RaftServerConfigKeys (ConfUtils.java:logGet(46)) - raft.server.log.use.memory = false (default)
2023-10-27 20:13:54,372 [om1-impl-thread1] INFO  server.RaftServerConfigKeys (ConfUtils.java:logGet(46)) - raft.server.log.purge.gap = 1000000 (custom)
2023-10-27 20:13:54,373 [om1-impl-thread1] INFO  server.RaftServerConfigKeys (ConfUtils.java:logGet(46)) - raft.server.log.appender.buffer.byte-limit = 33554432 (custom)
2023-10-27 20:13:54,375 [om1-impl-thread1] INFO  server.RaftServerConfigKeys (ConfUtils.java:logGet(46)) - raft.server.log.statemachine.data.read.timeout = 1000ms (default)
2023-10-27 20:13:54,377 [om1-impl-thread1] INFO  server.RaftServerConfigKeys (ConfUtils.java:logGet(46)) - raft.server.log.purge.preservation.log.num = 0 (default)
2023-10-27 20:13:54,380 [om1-impl-thread1] INFO  server.RaftServerConfigKeys (ConfUtils.java:logGet(46)) - raft.server.log.segment.size.max = 4194304 (custom)
2023-10-27 20:13:54,387 [om1-impl-thread1] INFO  server.RaftServerConfigKeys (ConfUtils.java:logGet(46)) - raft.server.log.segment.cache.num.max = 2 (custom)
2023-10-27 20:13:54,388 [om1-impl-thread1] INFO  server.RaftServerConfigKeys (ConfUtils.java:logGet(46)) - raft.server.log.segment.cache.size.max = 200MB (=209715200) (default)
2023-10-27 20:13:54,389 [om1-impl-thread1] INFO  server.RaftServerConfigKeys (ConfUtils.java:logGet(46)) - raft.server.log.appender.buffer.byte-limit = 33554432 (custom)
2023-10-27 20:13:54,396 [om1-impl-thread1] INFO  segmented.SegmentedRaftLogWorker (SegmentedRaftLogWorker.java:<init>(188)) - new om1@group-C5BA1605619E-SegmentedRaftLogWorker for RaftStorageImpl:Storage Directory /home/runner/work/ozone/ozone/hadoop-ozone/integration-test/target/test-dir/MiniOzoneClusterImpl-60426a9d-3de2-4373-b08b-24a22c9da129/ozone-meta/ratis/bf265839-605b-3f16-9796-c5ba1605619e
2023-10-27 20:13:54,397 [om1-impl-thread1] INFO  server.RaftServerConfigKeys (ConfUtils.java:logGet(46)) - raft.server.log.queue.byte-limit = 64MB (=67108864) (default)
2023-10-27 20:13:54,398 [om1-impl-thread1] INFO  server.RaftServerConfigKeys (ConfUtils.java:logGet(46)) - raft.server.log.queue.element-limit = 4096 (default)
2023-10-27 20:13:54,400 [om1-impl-thread1] INFO  server.RaftServerConfigKeys (ConfUtils.java:logGet(46)) - raft.server.log.segment.size.max = 4194304 (custom)
2023-10-27 20:13:54,401 [om1-impl-thread1] INFO  server.RaftServerConfigKeys (ConfUtils.java:logGet(46)) - raft.server.log.preallocated.size = 4194304 (custom)
2023-10-27 20:13:54,402 [om1-impl-thread1] INFO  server.RaftServerConfigKeys (ConfUtils.java:logGet(46)) - raft.server.log.force.sync.num = 128 (default)
2023-10-27 20:13:54,404 [om1-impl-thread1] INFO  server.RaftServerConfigKeys (ConfUtils.java:logGet(46)) - raft.server.log.statemachine.data.sync = true (default)
2023-10-27 20:13:54,404 [om1-impl-thread1] INFO  server.RaftServerConfigKeys (ConfUtils.java:logGet(46)) - raft.server.log.statemachine.data.sync.timeout = 10s (default)
2023-10-27 20:13:54,405 [om1-impl-thread1] INFO  server.RaftServerConfigKeys (ConfUtils.java:logGet(46)) - raft.server.log.statemachine.data.sync.timeout.retry = -1 (default)
2023-10-27 20:13:54,416 [om1-impl-thread1] INFO  server.RaftServerConfigKeys (ConfUtils.java:logGet(46)) - raft.server.log.write.buffer.size = 64KB (=65536) (default)
2023-10-27 20:13:54,417 [om1-impl-thread1] INFO  server.RaftServerConfigKeys (ConfUtils.java:logGet(46)) - raft.server.log.appender.buffer.byte-limit = 33554432 (custom)
2023-10-27 20:13:54,427 [om1-impl-thread1] INFO  server.RaftServerConfigKeys (ConfUtils.java:logGet(46)) - raft.server.log.unsafe-flush.enabled = false (default)
2023-10-27 20:13:54,428 [om1-impl-thread1] INFO  server.RaftServerConfigKeys (ConfUtils.java:logGet(46)) - raft.server.log.async-flush.enabled = false (default)
2023-10-27 20:13:54,429 [om1-impl-thread1] INFO  server.RaftServerConfigKeys (ConfUtils.java:logGet(46)) - raft.server.log.statemachine.data.caching.enabled = false (default)
2023-10-27 20:13:54,437 [om1-impl-thread1] INFO  segmented.SegmentedRaftLogWorker (SegmentedRaftLogWorker.java:lambda$new$0(135)) - om1@group-C5BA1605619E-SegmentedRaftLogWorker: flushIndex: setUnconditionally 0 -> -1
2023-10-27 20:13:54,437 [om1-impl-thread1] INFO  segmented.SegmentedRaftLogWorker (SegmentedRaftLogWorker.java:lambda$new$0(135)) - om1@group-C5BA1605619E-SegmentedRaftLogWorker: safeCacheEvictIndex: setUnconditionally 0 -> -1
2023-10-27 20:13:54,440 [om1-impl-thread1] INFO  server.RaftServer$Division (RaftServerImpl.java:start(342)) - om1@group-C5BA1605619E: start as a follower, conf=-1: peers:[om1|rpc:localhost:15007|priority:0|startupRole:FOLLOWER]|listeners:[], old=null
2023-10-27 20:13:54,445 [om1-impl-thread1] INFO  server.RaftServer$Division (RaftServerImpl.java:setRole(329)) - om1@group-C5BA1605619E: changes role from      null to FOLLOWER at term 0 for startAsFollower
2023-10-27 20:13:54,449 [om1-impl-thread1] INFO  impl.RoleInfo (RoleInfo.java:updateAndGet(139)) - om1: start om1@group-C5BA1605619E-FollowerState
2023-10-27 20:13:54,452 [om1@group-C5BA1605619E-FollowerState] INFO  server.RaftServerConfigKeys (ConfUtils.java:logFallback(53)) - raft.server.rpc.first-election.timeout.min = 1s (fallback to raft.server.rpc.timeout.min)
2023-10-27 20:13:54,454 [om1@group-C5BA1605619E-FollowerState] INFO  server.RaftServerConfigKeys (ConfUtils.java:logFallback(53)) - raft.server.rpc.first-election.timeout.max = 1200ms (fallback to raft.server.rpc.timeout.max)
2023-10-27 20:13:54,455 [om1-impl-thread1] INFO  util.JmxRegister (JmxRegister.java:tryRegister(44)) - Successfully registered JMX Bean with object name Ratis:service=RaftServer,group=group-C5BA1605619E,id=om1
2023-10-27 20:13:54,458 [om1-impl-thread1] INFO  server.RaftServerConfigKeys (ConfUtils.java:logGet(46)) - raft.server.snapshot.auto.trigger.enabled = true (custom)
2023-10-27 20:13:54,458 [om1-impl-thread1] INFO  server.RaftServerConfigKeys (ConfUtils.java:logGet(46)) - raft.server.snapshot.auto.trigger.threshold = 400000 (default)
2023-10-27 20:13:54,460 [om1-impl-thread1] INFO  server.RaftServerConfigKeys (ConfUtils.java:logGet(46)) - raft.server.snapshot.retention.file.num = -1 (default)
2023-10-27 20:13:54,461 [om1-impl-thread1] INFO  server.RaftServerConfigKeys (ConfUtils.java:logGet(46)) - raft.server.log.purge.upto.snapshot.index = true (custom)
2023-10-27 20:13:54,466 [main] INFO  server.RaftServer (RaftServerProxy.java:startImpl(400)) - om1: start RPC server
2023-10-27 20:13:54,606 [main] INFO  server.GrpcService (GrpcService.java:startImpl(302)) - om1: GrpcService started, listening on 15007
2023-10-27 20:13:54,608 [main] INFO  om.OzoneManager (OzoneManager.java:start(1659)) - Version File has different layout version (6) than OM DB (null). That is expected if this OM has never been finalized to a newer layout version.
2023-10-27 20:13:54,615 [JvmPauseMonitor1] INFO  util.JvmPauseMonitor (JvmPauseMonitor.java:run(103)) - JvmPauseMonitor-om1: Started
2023-10-27 20:13:54,684 [main] INFO  http.BaseHttpServer (BaseHttpServer.java:newHttpServer2BuilderForOzone(223)) - Starting Web-server for ozoneManager at: http://0.0.0.0:15005
2023-10-27 20:13:54,700 [main] INFO  http.BaseHttpServer (BaseHttpServer.java:<init>(110)) - Hadoop Security Enabled: false Ozone Security Enabled: false Ozone HTTP Security Enabled: false 
2023-10-27 20:13:54,711 [main] WARN  server.AuthenticationFilter (AuthenticationFilter.java:constructSecretProvider(240)) - Unable to initialize FileSignerSecretProvider, falling back to use random secrets. Reason: Could not read signature secret file: /home/runner/hadoop-http-auth-signature-secret
2023-10-27 20:13:54,721 [main] INFO  http.HttpRequestLog (HttpRequestLog.java:getRequestLog(86)) - Http request log for http.requests.ozoneManager is not defined
2023-10-27 20:13:54,726 [main] INFO  http.HttpServer2 (HttpServer2.java:addGlobalFilter(1031)) - Added global filter 'safety' (class=org.apache.hadoop.hdds.server.http.HttpServer2$QuotingInputFilter)
2023-10-27 20:13:54,729 [main] INFO  http.HttpServer2 (HttpServer2.java:addFilter(1007)) - Added filter static_user_filter (class=org.apache.hadoop.http.lib.StaticUserWebFilter$StaticUserFilter) to context ozoneManager
2023-10-27 20:13:54,730 [main] INFO  http.HttpServer2 (HttpServer2.java:addFilter(1015)) - Added filter static_user_filter (class=org.apache.hadoop.http.lib.StaticUserWebFilter$StaticUserFilter) to context logs
2023-10-27 20:13:54,732 [main] INFO  http.HttpServer2 (HttpServer2.java:addFilter(1015)) - Added filter static_user_filter (class=org.apache.hadoop.http.lib.StaticUserWebFilter$StaticUserFilter) to context static
2023-10-27 20:13:54,736 [main] INFO  http.BaseHttpServer (BaseHttpServer.java:<init>(189)) - HTTP server of ozoneManager uses base directory /home/runner/work/ozone/ozone/hadoop-ozone/integration-test/target/test-dir/MiniOzoneClusterImpl-60426a9d-3de2-4373-b08b-24a22c9da129/ozone-meta/webserver
2023-10-27 20:13:54,758 [main] INFO  http.HttpServer2 (HttpServer2.java:bindListener(1231)) - Jetty bound to port 15005
2023-10-27 20:13:54,759 [main] INFO  server.Server (Server.java:doStart(375)) - jetty-9.4.53.v20231009; built: 2023-10-09T12:29:09.265Z; git: 27bde00a0b95a1d5bbee0eae7984f891d2d0f8c9; jvm 1.8.0_382-b05
2023-10-27 20:13:54,795 [main] INFO  server.session (DefaultSessionIdManager.java:doStart(334)) - DefaultSessionIdManager workerName=node0
2023-10-27 20:13:54,795 [main] INFO  server.session (DefaultSessionIdManager.java:doStart(339)) - No SessionScavenger set, using defaults
2023-10-27 20:13:54,795 [main] INFO  server.session (HouseKeeper.java:startScavenging(132)) - node0 Scavenging every 600000ms
2023-10-27 20:13:54,797 [main] INFO  handler.ContextHandler (ContextHandler.java:doStart(921)) - Started o.e.j.s.ServletContextHandler@16c2eaa3{logs,/logs,file:///home/runner/work/ozone/ozone/hadoop-ozone/integration-test/target/log,AVAILABLE}
2023-10-27 20:13:54,798 [main] INFO  handler.ContextHandler (ContextHandler.java:doStart(921)) - Started o.e.j.s.ServletContextHandler@be77a08{static,/static,file:///home/runner/work/ozone/ozone/hadoop-ozone/integration-test/target/test-classes/webapps/static,AVAILABLE}
2023-10-27 20:13:54,806 [main] INFO  handler.ContextHandler (ContextHandler.java:doStart(921)) - Started o.e.j.w.WebAppContext@6460dd5e{ozoneManager,/,file:///home/runner/work/ozone/ozone/hadoop-ozone/integration-test/target/test-classes/webapps/ozoneManager/,AVAILABLE}{file:/home/runner/work/ozone/ozone/hadoop-ozone/integration-test/target/test-classes/webapps/ozoneManager}
2023-10-27 20:13:54,810 [main] INFO  server.AbstractConnector (AbstractConnector.java:doStart(333)) - Started ServerConnector@79df41a7{HTTP/1.1, (http/1.1)}{0.0.0.0:15005}
2023-10-27 20:13:54,811 [main] INFO  server.Server (Server.java:doStart(415)) - Started @13063ms
2023-10-27 20:13:54,812 [main] WARN  impl.MetricsSystemImpl (MetricsSystemImpl.java:register(279)) - Sink prometheus already exists!
2023-10-27 20:13:54,813 [main] INFO  http.BaseHttpServer (BaseHttpServer.java:updateConnectorAddress(354)) - HTTP server of ozoneManager listening at http://0.0.0.0:15005
2023-10-27 20:13:54,814 [IPC Server Responder] INFO  ipc.Server (Server.java:run(1562)) - IPC Server Responder: starting
2023-10-27 20:13:54,815 [IPC Server listener on 15004] INFO  ipc.Server (Server.java:run(1402)) - IPC Server listener on 15004: starting
2023-10-27 20:13:54,839 [main] INFO  om.OzoneManager (OzoneManager.java:startTrashEmptier(2108)) - Trash Interval set to 0. Files deleted won't move to trash
2023-10-27 20:13:55,230 [main] INFO  db.CodecBuffer (CodecBuffer.java:set(62)) - Successfully set constructor to org.apache.hadoop.hdds.utils.db.CodecBuffer$$Lambda$852/290431579@54595220
2023-10-27 20:13:55,238 [main] WARN  impl.MetricRegistriesImpl (MetricRegistriesImpl.java:addReporterRegistration(111)) - New reporters are added after registries were created. Some metrics will be missing from the reporter. Please add reporter before adding any new registry.
2023-10-27 20:13:55,240 [main] WARN  impl.MetricRegistriesImpl (MetricRegistriesImpl.java:addReporterRegistration(111)) - New reporters are added after registries were created. Some metrics will be missing from the reporter. Please add reporter before adding any new registry.
2023-10-27 20:13:55,240 [main] INFO  impl.MetricsSystemImpl (MetricsSystemImpl.java:init(158)) - HddsDatanode metrics system started (again)
2023-10-27 20:13:55,276 [main] INFO  ozone.HddsDatanodeService (HddsDatanodeService.java:start(240)) - HddsDatanodeService host:fv-az342-943 ip:10.1.0.32
2023-10-27 20:13:55,339 [main] INFO  upgrade.AbstractLayoutVersionManager (AbstractLayoutVersionManager.java:init(83)) - Initializing Layout version manager with metadata layout = HADOOP_PRC_PORTS_IN_DATANODEDETAILS (version = 7), software layout = HADOOP_PRC_PORTS_IN_DATANODEDETAILS (version = 7)
2023-10-27 20:13:55,344 [main] INFO  statemachine.DatanodeStateMachine (DatanodeStateMachine.java:getEndPointTaskThreadPoolSize(299)) - Datanode State Machine Task Thread Pool size 2
2023-10-27 20:13:55,463 [main] INFO  volume.HddsVolume (HddsVolume.java:<init>(126)) - Creating HddsVolume: /home/runner/work/ozone/ozone/hadoop-ozone/integration-test/target/test-dir/MiniOzoneClusterImpl-60426a9d-3de2-4373-b08b-24a22c9da129/datanode-0/data-0/containers/hdds of storage type : DISK capacity : 9223372036854775807
2023-10-27 20:13:55,467 [main] INFO  volume.MutableVolumeSet (MutableVolumeSet.java:initializeVolumeSet(173)) - Added Volume : /home/runner/work/ozone/ozone/hadoop-ozone/integration-test/target/test-dir/MiniOzoneClusterImpl-60426a9d-3de2-4373-b08b-24a22c9da129/datanode-0/data-0/containers/hdds to VolumeSet
2023-10-27 20:13:55,481 [om1@group-C5BA1605619E-FollowerState] INFO  impl.FollowerState (FollowerState.java:run(143)) - om1@group-C5BA1605619E-FollowerState: change to CANDIDATE, lastRpcElapsedTime:1032875085ns, electionTimeout:1025ms
2023-10-27 20:13:55,482 [main] INFO  volume.MutableVolumeSet (MutableVolumeSet.java:initializeVolumeSet(173)) - Added Volume : /home/runner/work/ozone/ozone/hadoop-ozone/integration-test/target/test-dir/MiniOzoneClusterImpl-60426a9d-3de2-4373-b08b-24a22c9da129/datanode-0/data/ratis to VolumeSet
2023-10-27 20:13:55,485 [om1@group-C5BA1605619E-FollowerState] INFO  impl.RoleInfo (RoleInfo.java:shutdownFollowerState(110)) - om1: shutdown om1@group-C5BA1605619E-FollowerState
2023-10-27 20:13:55,490 [om1@group-C5BA1605619E-FollowerState] INFO  server.RaftServer$Division (RaftServerImpl.java:setRole(329)) - om1@group-C5BA1605619E: changes role from  FOLLOWER to CANDIDATE at term 0 for changeToCandidate
2023-10-27 20:13:55,494 [om1@group-C5BA1605619E-FollowerState] INFO  server.RaftServerConfigKeys (ConfUtils.java:logGet(46)) - raft.server.leaderelection.pre-vote = true (default)
2023-10-27 20:13:55,498 [om1@group-C5BA1605619E-FollowerState] INFO  impl.RoleInfo (RoleInfo.java:updateAndGet(139)) - om1: start om1@group-C5BA1605619E-LeaderElection1
2023-10-27 20:13:55,523 [94422c73-384a-4d9a-a15d-46d9f5b840aa-ContainerReader-0] INFO  ozoneimpl.ContainerReader (ContainerReader.java:readVolume(177)) - Finish verifying containers on volume /home/runner/work/ozone/ozone/hadoop-ozone/integration-test/target/test-dir/MiniOzoneClusterImpl-60426a9d-3de2-4373-b08b-24a22c9da129/datanode-0/data-0/containers/hdds
2023-10-27 20:13:55,524 [main] INFO  ozoneimpl.OzoneContainer (OzoneContainer.java:buildContainerSet(326)) - Build ContainerSet costs 0s
2023-10-27 20:13:55,526 [om1@group-C5BA1605619E-LeaderElection1] INFO  impl.LeaderElection (LeaderElection.java:askForVotes(321)) - om1@group-C5BA1605619E-LeaderElection1 PRE_VOTE round 0: submit vote requests at term 0 for -1: peers:[om1|rpc:localhost:15007|priority:0|startupRole:FOLLOWER]|listeners:[], old=null
2023-10-27 20:13:55,531 [om1@group-C5BA1605619E-LeaderElection1] INFO  impl.LeaderElection (LeaderElection.java:askForVotes(323)) - om1@group-C5BA1605619E-LeaderElection1 PRE_VOTE round 0: result PASSED (term=0)
2023-10-27 20:13:55,534 [om1@group-C5BA1605619E-LeaderElection1] INFO  impl.LeaderElection (LeaderElection.java:askForVotes(321)) - om1@group-C5BA1605619E-LeaderElection1 ELECTION round 0: submit vote requests at term 1 for -1: peers:[om1|rpc:localhost:15007|priority:0|startupRole:FOLLOWER]|listeners:[], old=null
2023-10-27 20:13:55,534 [om1@group-C5BA1605619E-LeaderElection1] INFO  impl.LeaderElection (LeaderElection.java:askForVotes(323)) - om1@group-C5BA1605619E-LeaderElection1 ELECTION round 0: result PASSED (term=1)
2023-10-27 20:13:55,534 [om1@group-C5BA1605619E-LeaderElection1] INFO  impl.RoleInfo (RoleInfo.java:shutdownLeaderElection(130)) - om1: shutdown om1@group-C5BA1605619E-LeaderElection1
2023-10-27 20:13:55,535 [om1@group-C5BA1605619E-LeaderElection1] INFO  server.RaftServer$Division (RaftServerImpl.java:setRole(329)) - om1@group-C5BA1605619E: changes role from CANDIDATE to LEADER at term 1 for changeToLeader
2023-10-27 20:13:55,538 [om1@group-C5BA1605619E-LeaderElection1] INFO  server.RaftServer$Division (ServerState.java:setLeader(317)) - om1@group-C5BA1605619E: change Leader from null to om1 at term 1 for becomeLeader, leader elected after 2517ms
2023-10-27 20:13:55,554 [om1@group-C5BA1605619E-LeaderElection1] INFO  server.RaftServerConfigKeys (ConfUtils.java:logGet(46)) - raft.server.staging.catchup.gap = 1000 (default)
2023-10-27 20:13:55,565 [om1@group-C5BA1605619E-LeaderElection1] INFO  server.RaftServerConfigKeys (ConfUtils.java:logGet(46)) - raft.server.write.element-limit = 4096 (default)
2023-10-27 20:13:55,567 [om1@group-C5BA1605619E-LeaderElection1] INFO  server.RaftServerConfigKeys (ConfUtils.java:logGet(46)) - raft.server.write.byte-limit = 64MB (=67108864) (default)
2023-10-27 20:13:55,579 [om1@group-C5BA1605619E-LeaderElection1] INFO  server.RaftServerConfigKeys (ConfUtils.java:logGet(46)) - raft.server.watch.timeout = 10s (default)
2023-10-27 20:13:55,579 [om1@group-C5BA1605619E-LeaderElection1] INFO  server.RaftServerConfigKeys (ConfUtils.java:logGet(46)) - raft.server.watch.timeout.denomination = 1s (default)
2023-10-27 20:13:55,585 [om1@group-C5BA1605619E-LeaderElection1] INFO  server.RaftServerConfigKeys (ConfUtils.java:logGet(46)) - raft.server.watch.element-limit = 65536 (default)
2023-10-27 20:13:55,599 [om1@group-C5BA1605619E-LeaderElection1] INFO  server.RaftServerConfigKeys (ConfUtils.java:logGet(46)) - raft.server.write.element-limit = 4096 (default)
2023-10-27 20:13:55,606 [om1@group-C5BA1605619E-LeaderElection1] INFO  server.RaftServerConfigKeys (ConfUtils.java:logGet(46)) - raft.server.write.follower.gap.ratio.max = -1.0 (default)
2023-10-27 20:13:55,611 [om1@group-C5BA1605619E-LeaderElection1] INFO  impl.RoleInfo (RoleInfo.java:updateAndGet(139)) - om1: start om1@group-C5BA1605619E-LeaderStateImpl
2023-10-27 20:13:55,659 [om1@group-C5BA1605619E-LeaderElection1] INFO  segmented.SegmentedRaftLogWorker (SegmentedRaftLogWorker.java:startLogSegment(447)) - om1@group-C5BA1605619E-SegmentedRaftLogWorker: Starting segment from index:0
2023-10-27 20:13:55,663 [main] INFO  audit.AuditLogger (AuditLogger.java:refreshDebugCmdSet(126)) - Refresh DebugCmdSet for DNAudit to [].
2023-10-27 20:13:55,718 [main] INFO  server.RaftServer (ConfUtils.java:logGet(46)) - raft.rpc.type = GRPC (default)
2023-10-27 20:13:55,720 [main] INFO  grpc.GrpcConfigKeys (ConfUtils.java:logFallback(53)) - raft.grpc.admin.host = null (fallback to raft.grpc.server.host)
2023-10-27 20:13:55,720 [main] INFO  grpc.GrpcConfigKeys (ConfUtils.java:logGet(46)) - raft.grpc.admin.port = 15013 (custom)
2023-10-27 20:13:55,721 [main] INFO  grpc.GrpcConfigKeys (ConfUtils.java:logFallback(53)) - raft.grpc.client.host = null (fallback to raft.grpc.server.host)
2023-10-27 20:13:55,722 [main] INFO  grpc.GrpcConfigKeys (ConfUtils.java:logGet(46)) - raft.grpc.client.port = 15012 (custom)
2023-10-27 20:13:55,722 [main] INFO  grpc.GrpcConfigKeys (ConfUtils.java:logGet(46)) - raft.grpc.server.host = null (default)
2023-10-27 20:13:55,722 [main] INFO  grpc.GrpcConfigKeys (ConfUtils.java:logGet(46)) - raft.grpc.server.port = 15014 (custom)
2023-10-27 20:13:55,724 [main] INFO  server.GrpcService (ConfUtils.java:logGet(46)) - raft.grpc.message.size.max = 32MB (=33554432) (custom)
2023-10-27 20:13:55,724 [main] INFO  server.RaftServerConfigKeys (ConfUtils.java:logGet(46)) - raft.server.log.appender.buffer.byte-limit = 33554432 (custom)
2023-10-27 20:13:55,724 [main] INFO  server.GrpcService (ConfUtils.java:logGet(46)) - raft.grpc.flow.control.window = 5MB (=5242880) (custom)
2023-10-27 20:13:55,727 [main] INFO  server.RaftServerConfigKeys (ConfUtils.java:logGet(46)) - raft.server.rpc.request.timeout = 60s (custom)
2023-10-27 20:13:55,727 [main] INFO  grpc.GrpcConfigKeys (ConfUtils.java:logGet(46)) - raft.grpc.server.heartbeat.channel = true (default)
2023-10-27 20:13:55,727 [main] INFO  grpc.GrpcConfigKeys (ConfUtils.java:logGet(46)) - raft.grpc.server.async.request.thread.pool.cached = true (default)
2023-10-27 20:13:55,728 [main] INFO  grpc.GrpcConfigKeys (ConfUtils.java:logGet(46)) - raft.grpc.server.async.request.thread.pool.size = 32 (default)
2023-10-27 20:13:55,737 [main] INFO  impl.DataStreamServerImpl (ConfUtils.java:logGet(46)) - raft.datastream.type = NETTY (custom)
2023-10-27 20:13:55,760 [om1@group-C5BA1605619E-LeaderElection1] INFO  server.RaftServer$Division (ServerState.java:setRaftConf(434)) - om1@group-C5BA1605619E: set configuration 0: peers:[om1|rpc:localhost:15007|admin:|client:|dataStream:|priority:0|startupRole:FOLLOWER]|listeners:[], old=null
2023-10-27 20:13:55,787 [main] INFO  server.RaftServerConfigKeys (ConfUtils.java:logGet(46)) - raft.server.data-stream.async.request.thread.pool.cached = false (default)
2023-10-27 20:13:55,788 [main] INFO  server.RaftServerConfigKeys (ConfUtils.java:logGet(46)) - raft.server.data-stream.async.request.thread.pool.size = 20 (custom)
2023-10-27 20:13:55,791 [main] INFO  server.RaftServerConfigKeys (ConfUtils.java:logGet(46)) - raft.server.data-stream.async.write.thread.pool.size = 16 (default)
2023-10-27 20:13:55,798 [main] INFO  server.RaftServerConfigKeys (ConfUtils.java:logGet(46)) - raft.server.data-stream.client.pool.size = 10 (default)
2023-10-27 20:13:55,810 [main] INFO  netty.NettyConfigKeys$DataStream (ConfUtils.java:logGet(46)) - raft.netty.dataStream.server.use-epoll = false (default)
2023-10-27 20:13:55,815 [main] INFO  netty.NettyConfigKeys$DataStream (ConfUtils.java:logGet(46)) - raft.netty.dataStream.server.boss-group.size = 0 (default)
2023-10-27 20:13:55,856 [main] INFO  netty.NettyConfigKeys$DataStream (ConfUtils.java:logGet(46)) - raft.netty.dataStream.server.worker-group.size = 0 (default)
2023-10-27 20:13:55,873 [om1@group-C5BA1605619E-SegmentedRaftLogWorker] INFO  segmented.SegmentedRaftLogWorker (SegmentedRaftLogWorker.java:execute(651)) - om1@group-C5BA1605619E-SegmentedRaftLogWorker: created new log segment /home/runner/work/ozone/ozone/hadoop-ozone/integration-test/target/test-dir/MiniOzoneClusterImpl-60426a9d-3de2-4373-b08b-24a22c9da129/ozone-meta/ratis/bf265839-605b-3f16-9796-c5ba1605619e/current/log_inprogress_0
2023-10-27 20:13:55,875 [main] INFO  netty.NettyConfigKeys$DataStream (ConfUtils.java:logGet(46)) - raft.netty.dataStream.server.tls.conf = null (default)
2023-10-27 20:13:55,882 [main] INFO  netty.NettyConfigKeys$DataStream (ConfUtils.java:logGet(46)) - raft.netty.dataStream.host = null (default)
2023-10-27 20:13:55,884 [main] INFO  netty.NettyConfigKeys$DataStream (ConfUtils.java:logGet(46)) - raft.netty.dataStream.port = 15015 (custom)
2023-10-27 20:13:55,906 [main] INFO  server.RaftServerConfigKeys (ConfUtils.java:logGet(46)) - raft.server.threadpool.proxy.cached = true (default)
2023-10-27 20:13:55,906 [main] INFO  server.RaftServerConfigKeys (ConfUtils.java:logGet(46)) - raft.server.threadpool.proxy.size = 0 (default)
2023-10-27 20:13:55,907 [main] INFO  server.RaftServerConfigKeys (ConfUtils.java:logGet(46)) - raft.server.rpc.slowness.timeout = 300s (custom)
2023-10-27 20:13:55,907 [main] INFO  server.RaftServerConfigKeys (ConfUtils.java:logGet(46)) - raft.server.leaderelection.leader.step-down.wait-time = 10s (default)
2023-10-27 20:13:55,916 [main] INFO  server.RaftServerConfigKeys (ConfUtils.java:logGet(46)) - raft.server.storage.dir = [/home/runner/work/ozone/ozone/hadoop-ozone/integration-test/target/test-dir/MiniOzoneClusterImpl-60426a9d-3de2-4373-b08b-24a22c9da129/datanode-0/data/ratis] (custom)
2023-10-27 20:13:55,924 [94422c73-384a-4d9a-a15d-46d9f5b840aa-impl-thread1] INFO  server.RaftServer (RaftServerProxy.java:initGroupDir(258)) - 94422c73-384a-4d9a-a15d-46d9f5b840aa: found a subdirectory /home/runner/work/ozone/ozone/hadoop-ozone/integration-test/target/test-dir/MiniOzoneClusterImpl-60426a9d-3de2-4373-b08b-24a22c9da129/datanode-0/data/ratis/tmp
2023-10-27 20:13:55,926 [94422c73-384a-4d9a-a15d-46d9f5b840aa-impl-thread1] INFO  server.RaftServer (RaftServerProxy.java:initGroupDir(263)) - 94422c73-384a-4d9a-a15d-46d9f5b840aa: The directory /home/runner/work/ozone/ozone/hadoop-ozone/integration-test/target/test-dir/MiniOzoneClusterImpl-60426a9d-3de2-4373-b08b-24a22c9da129/datanode-0/data/ratis/tmp is not a group directory; ignoring it. 
2023-10-27 20:13:55,930 [main] INFO  replication.ReplicationServer (ReplicationServer.java:<init>(85)) - Initializing replication server with thread count = 10 queue length = 4096
2023-10-27 20:13:55,941 [94422c73-384a-4d9a-a15d-46d9f5b840aa-NettyServerStreamRpc-bossGroup--thread1] INFO  logging.LoggingHandler (AbstractInternalLogger.java:log(148)) - [id: 0x7c85f42e] REGISTERED
2023-10-27 20:13:55,943 [94422c73-384a-4d9a-a15d-46d9f5b840aa-NettyServerStreamRpc-bossGroup--thread1] INFO  logging.LoggingHandler (AbstractInternalLogger.java:log(148)) - [id: 0x7c85f42e] BIND: 0.0.0.0/0.0.0.0:15015
2023-10-27 20:13:55,945 [94422c73-384a-4d9a-a15d-46d9f5b840aa-NettyServerStreamRpc-bossGroup--thread1] INFO  logging.LoggingHandler (AbstractInternalLogger.java:log(148)) - [id: 0x7c85f42e, L:/0:0:0:0:0:0:0:0:15015] ACTIVE
2023-10-27 20:13:55,960 [main] INFO  server.XceiverServerGrpc (XceiverServerGrpc.java:<init>(135)) - GrpcServer channel type EpollServerSocketChannel
2023-10-27 20:13:56,015 [main] INFO  replication.ReplicationSupervisor (ReplicationSupervisor.java:build(163)) - Initializing replication supervisor with thread count = 10
2023-10-27 20:13:56,017 [main] INFO  replication.ReplicationSupervisor (ReplicationSupervisor.java:nodeStateUpdated(317)) - Node state updated to IN_SERVICE, scaling executor pool size to 10
2023-10-27 20:13:56,134 [om1@group-C5BA1605619E-StateMachineUpdater] INFO  ratis.OzoneManagerStateMachine (OzoneManagerStateMachine.java:notifyConfigurationChanged(208)) - Received Configuration change notification from Ratis. New Peer list:
[id: "om1"
address: "localhost:15007"
startupRole: FOLLOWER
]
2023-10-27 20:13:56,144 [main] INFO  http.BaseHttpServer (BaseHttpServer.java:newHttpServer2BuilderForOzone(223)) - Starting Web-server for hddsDatanode at: http://0.0.0.0:15009
2023-10-27 20:13:56,145 [main] INFO  http.BaseHttpServer (BaseHttpServer.java:<init>(110)) - Hadoop Security Enabled: false Ozone Security Enabled: false Ozone HTTP Security Enabled: false 
2023-10-27 20:13:56,147 [main] WARN  server.AuthenticationFilter (AuthenticationFilter.java:constructSecretProvider(240)) - Unable to initialize FileSignerSecretProvider, falling back to use random secrets. Reason: Could not read signature secret file: /home/runner/hadoop-http-auth-signature-secret
2023-10-27 20:13:56,149 [main] INFO  http.HttpRequestLog (HttpRequestLog.java:getRequestLog(86)) - Http request log for http.requests.hddsDatanode is not defined
2023-10-27 20:13:56,151 [main] INFO  http.HttpServer2 (HttpServer2.java:addGlobalFilter(1031)) - Added global filter 'safety' (class=org.apache.hadoop.hdds.server.http.HttpServer2$QuotingInputFilter)
2023-10-27 20:13:56,152 [main] INFO  http.HttpServer2 (HttpServer2.java:addFilter(1007)) - Added filter static_user_filter (class=org.apache.hadoop.http.lib.StaticUserWebFilter$StaticUserFilter) to context hddsDatanode
2023-10-27 20:13:56,152 [main] INFO  http.HttpServer2 (HttpServer2.java:addFilter(1015)) - Added filter static_user_filter (class=org.apache.hadoop.http.lib.StaticUserWebFilter$StaticUserFilter) to context logs
2023-10-27 20:13:56,152 [main] INFO  http.HttpServer2 (HttpServer2.java:addFilter(1015)) - Added filter static_user_filter (class=org.apache.hadoop.http.lib.StaticUserWebFilter$StaticUserFilter) to context static
2023-10-27 20:13:56,154 [main] INFO  http.BaseHttpServer (BaseHttpServer.java:<init>(189)) - HTTP server of hddsDatanode uses base directory /home/runner/work/ozone/ozone/hadoop-ozone/integration-test/target/test-dir/MiniOzoneClusterImpl-60426a9d-3de2-4373-b08b-24a22c9da129/datanode-0/meta/webserver
2023-10-27 20:13:56,154 [main] INFO  http.HttpServer2 (HttpServer2.java:bindListener(1231)) - Jetty bound to port 15009
2023-10-27 20:13:56,155 [main] INFO  server.Server (Server.java:doStart(375)) - jetty-9.4.53.v20231009; built: 2023-10-09T12:29:09.265Z; git: 27bde00a0b95a1d5bbee0eae7984f891d2d0f8c9; jvm 1.8.0_382-b05
2023-10-27 20:13:56,157 [main] INFO  server.session (DefaultSessionIdManager.java:doStart(334)) - DefaultSessionIdManager workerName=node0
2023-10-27 20:13:56,158 [main] INFO  server.session (DefaultSessionIdManager.java:doStart(339)) - No SessionScavenger set, using defaults
2023-10-27 20:13:56,158 [main] INFO  server.session (HouseKeeper.java:startScavenging(132)) - node0 Scavenging every 660000ms
2023-10-27 20:13:56,161 [main] INFO  handler.ContextHandler (ContextHandler.java:doStart(921)) - Started o.e.j.s.ServletContextHandler@1448372a{logs,/logs,file:///home/runner/work/ozone/ozone/hadoop-ozone/integration-test/target/log,AVAILABLE}
2023-10-27 20:13:56,162 [main] INFO  handler.ContextHandler (ContextHandler.java:doStart(921)) - Started o.e.j.s.ServletContextHandler@2e33190f{static,/static,jar:file:/home/runner/.m2/repository/org/apache/ozone/hdds-container-service/1.4.0-SNAPSHOT/hdds-container-service-1.4.0-SNAPSHOT.jar!/webapps/static,AVAILABLE}
2023-10-27 20:13:56,259 [main] INFO  handler.ContextHandler (ContextHandler.java:doStart(921)) - Started o.e.j.w.WebAppContext@16d05123{hddsDatanode,/,file:///home/runner/work/ozone/ozone/hadoop-ozone/integration-test/target/test-dir/MiniOzoneClusterImpl-60426a9d-3de2-4373-b08b-24a22c9da129/datanode-0/meta/webserver/jetty-0_0_0_0-15009-hdds-container-service-1_4_0-SNAPSHOT_jar-_-any-5712755330388928768/webapp/,AVAILABLE}{jar:file:/home/runner/.m2/repository/org/apache/ozone/hdds-container-service/1.4.0-SNAPSHOT/hdds-container-service-1.4.0-SNAPSHOT.jar!/webapps/hddsDatanode}
2023-10-27 20:13:56,263 [main] INFO  server.AbstractConnector (AbstractConnector.java:doStart(333)) - Started ServerConnector@6b6a60f4{HTTP/1.1, (http/1.1)}{0.0.0.0:15009}
2023-10-27 20:13:56,263 [main] INFO  server.Server (Server.java:doStart(415)) - Started @14515ms
2023-10-27 20:13:56,264 [main] WARN  impl.MetricsSystemImpl (MetricsSystemImpl.java:register(279)) - Sink prometheus already exists!
2023-10-27 20:13:56,268 [main] INFO  http.BaseHttpServer (BaseHttpServer.java:updateConnectorAddress(354)) - HTTP server of hddsDatanode listening at http://0.0.0.0:15009
2023-10-27 20:13:56,273 [main] INFO  ipc.CallQueueManager (CallQueueManager.java:<init>(90)) - Using callQueue: class java.util.concurrent.LinkedBlockingQueue, queueCapacity: 100, scheduler: class org.apache.hadoop.ipc.DefaultRpcScheduler, ipcBackoff: false.
2023-10-27 20:13:56,273 [main] INFO  ipc.Server (Server.java:<init>(1287)) - Listener at 0.0.0.0:15010
2023-10-27 20:13:56,276 [Socket Reader #1 for port 15010] INFO  ipc.Server (Server.java:run(1323)) - Starting Socket Reader #1 for port 15010
2023-10-27 20:13:56,285 [main] INFO  ozone.HddsDatanodeService (HddsDatanodeService.java:start(325)) - Datanode start with admins: [runner]
2023-10-27 20:13:56,285 [main] INFO  ozone.HddsDatanodeClientProtocolServer (HddsDatanodeClientProtocolServer.java:start(72)) - RPC server for Client /0.0.0.0:15010
2023-10-27 20:13:56,287 [IPC Server Responder] INFO  ipc.Server (Server.java:run(1562)) - IPC Server Responder: starting
2023-10-27 20:13:56,287 [IPC Server listener on 15010] INFO  ipc.Server (Server.java:run(1402)) - IPC Server listener on 15010: starting
2023-10-27 20:13:56,290 [main] WARN  impl.MetricRegistriesImpl (MetricRegistriesImpl.java:addReporterRegistration(111)) - New reporters are added after registries were created. Some metrics will be missing from the reporter. Please add reporter before adding any new registry.
2023-10-27 20:13:56,291 [main] WARN  impl.MetricRegistriesImpl (MetricRegistriesImpl.java:addReporterRegistration(111)) - New reporters are added after registries were created. Some metrics will be missing from the reporter. Please add reporter before adding any new registry.
2023-10-27 20:13:56,291 [main] INFO  impl.MetricsSystemImpl (MetricsSystemImpl.java:init(158)) - HddsDatanode metrics system started (again)
2023-10-27 20:13:56,301 [94422c73-384a-4d9a-a15d-46d9f5b840aa-DatanodeStateMachineDaemonThread] INFO  statemachine.DatanodeStateMachine (DatanodeStateMachine.java:lambda$startDaemon$1(555)) - Ozone container server started.
2023-10-27 20:13:56,348 [main] INFO  ozone.HddsDatanodeService (HddsDatanodeService.java:start(240)) - HddsDatanodeService host:fv-az342-943 ip:10.1.0.32
2023-10-27 20:13:56,414 [main] INFO  upgrade.AbstractLayoutVersionManager (AbstractLayoutVersionManager.java:init(83)) - Initializing Layout version manager with metadata layout = HADOOP_PRC_PORTS_IN_DATANODEDETAILS (version = 7), software layout = HADOOP_PRC_PORTS_IN_DATANODEDETAILS (version = 7)
2023-10-27 20:13:56,419 [main] INFO  statemachine.DatanodeStateMachine (DatanodeStateMachine.java:getEndPointTaskThreadPoolSize(299)) - Datanode State Machine Task Thread Pool size 2
2023-10-27 20:13:56,428 [main] INFO  volume.HddsVolume (HddsVolume.java:<init>(126)) - Creating HddsVolume: /home/runner/work/ozone/ozone/hadoop-ozone/integration-test/target/test-dir/MiniOzoneClusterImpl-60426a9d-3de2-4373-b08b-24a22c9da129/datanode-1/data-0/containers/hdds of storage type : DISK capacity : 9223372036854775807
2023-10-27 20:13:56,429 [main] INFO  volume.MutableVolumeSet (MutableVolumeSet.java:initializeVolumeSet(173)) - Added Volume : /home/runner/work/ozone/ozone/hadoop-ozone/integration-test/target/test-dir/MiniOzoneClusterImpl-60426a9d-3de2-4373-b08b-24a22c9da129/datanode-1/data-0/containers/hdds to VolumeSet
2023-10-27 20:13:56,432 [main] INFO  volume.MutableVolumeSet (MutableVolumeSet.java:initializeVolumeSet(173)) - Added Volume : /home/runner/work/ozone/ozone/hadoop-ozone/integration-test/target/test-dir/MiniOzoneClusterImpl-60426a9d-3de2-4373-b08b-24a22c9da129/datanode-1/data/ratis to VolumeSet
2023-10-27 20:13:56,439 [0ef615e1-91db-4ede-b924-53e2d320f02d-ContainerReader-0] INFO  ozoneimpl.ContainerReader (ContainerReader.java:readVolume(177)) - Finish verifying containers on volume /home/runner/work/ozone/ozone/hadoop-ozone/integration-test/target/test-dir/MiniOzoneClusterImpl-60426a9d-3de2-4373-b08b-24a22c9da129/datanode-1/data-0/containers/hdds
2023-10-27 20:13:56,441 [main] INFO  ozoneimpl.OzoneContainer (OzoneContainer.java:buildContainerSet(326)) - Build ContainerSet costs 0s
2023-10-27 20:13:56,449 [main] INFO  server.RaftServer (ConfUtils.java:logGet(46)) - raft.rpc.type = GRPC (default)
2023-10-27 20:13:56,451 [main] INFO  grpc.GrpcConfigKeys (ConfUtils.java:logFallback(53)) - raft.grpc.admin.host = null (fallback to raft.grpc.server.host)
2023-10-27 20:13:56,451 [main] INFO  grpc.GrpcConfigKeys (ConfUtils.java:logGet(46)) - raft.grpc.admin.port = 15022 (custom)
2023-10-27 20:13:56,451 [main] INFO  grpc.GrpcConfigKeys (ConfUtils.java:logFallback(53)) - raft.grpc.client.host = null (fallback to raft.grpc.server.host)
2023-10-27 20:13:56,453 [main] INFO  grpc.GrpcConfigKeys (ConfUtils.java:logGet(46)) - raft.grpc.client.port = 15021 (custom)
2023-10-27 20:13:56,453 [main] INFO  grpc.GrpcConfigKeys (ConfUtils.java:logGet(46)) - raft.grpc.server.host = null (default)
2023-10-27 20:13:56,453 [main] INFO  grpc.GrpcConfigKeys (ConfUtils.java:logGet(46)) - raft.grpc.server.port = 15023 (custom)
2023-10-27 20:13:56,453 [main] INFO  server.GrpcService (ConfUtils.java:logGet(46)) - raft.grpc.message.size.max = 32MB (=33554432) (custom)
2023-10-27 20:13:56,454 [main] INFO  server.RaftServerConfigKeys (ConfUtils.java:logGet(46)) - raft.server.log.appender.buffer.byte-limit = 33554432 (custom)
2023-10-27 20:13:56,455 [main] INFO  server.GrpcService (ConfUtils.java:logGet(46)) - raft.grpc.flow.control.window = 5MB (=5242880) (custom)
2023-10-27 20:13:56,457 [main] INFO  server.RaftServerConfigKeys (ConfUtils.java:logGet(46)) - raft.server.rpc.request.timeout = 60s (custom)
2023-10-27 20:13:56,458 [main] INFO  grpc.GrpcConfigKeys (ConfUtils.java:logGet(46)) - raft.grpc.server.heartbeat.channel = true (default)
2023-10-27 20:13:56,458 [main] INFO  grpc.GrpcConfigKeys (ConfUtils.java:logGet(46)) - raft.grpc.server.async.request.thread.pool.cached = true (default)
2023-10-27 20:13:56,458 [main] INFO  grpc.GrpcConfigKeys (ConfUtils.java:logGet(46)) - raft.grpc.server.async.request.thread.pool.size = 32 (default)
2023-10-27 20:13:56,466 [main] INFO  impl.DataStreamServerImpl (ConfUtils.java:logGet(46)) - raft.datastream.type = NETTY (custom)
2023-10-27 20:13:56,474 [main] INFO  server.RaftServerConfigKeys (ConfUtils.java:logGet(46)) - raft.server.data-stream.async.request.thread.pool.cached = false (default)
2023-10-27 20:13:56,475 [main] INFO  server.RaftServerConfigKeys (ConfUtils.java:logGet(46)) - raft.server.data-stream.async.request.thread.pool.size = 20 (custom)
2023-10-27 20:13:56,476 [main] INFO  server.RaftServerConfigKeys (ConfUtils.java:logGet(46)) - raft.server.data-stream.async.write.thread.pool.size = 16 (default)
2023-10-27 20:13:56,477 [main] INFO  server.RaftServerConfigKeys (ConfUtils.java:logGet(46)) - raft.server.data-stream.client.pool.size = 10 (default)
2023-10-27 20:13:56,477 [main] INFO  netty.NettyConfigKeys$DataStream (ConfUtils.java:logGet(46)) - raft.netty.dataStream.server.use-epoll = false (default)
2023-10-27 20:13:56,478 [main] INFO  netty.NettyConfigKeys$DataStream (ConfUtils.java:logGet(46)) - raft.netty.dataStream.server.boss-group.size = 0 (default)
2023-10-27 20:13:56,479 [main] INFO  netty.NettyConfigKeys$DataStream (ConfUtils.java:logGet(46)) - raft.netty.dataStream.server.worker-group.size = 0 (default)
2023-10-27 20:13:56,483 [main] INFO  netty.NettyConfigKeys$DataStream (ConfUtils.java:logGet(46)) - raft.netty.dataStream.server.tls.conf = null (default)
2023-10-27 20:13:56,486 [main] INFO  netty.NettyConfigKeys$DataStream (ConfUtils.java:logGet(46)) - raft.netty.dataStream.host = null (default)
2023-10-27 20:13:56,487 [main] INFO  netty.NettyConfigKeys$DataStream (ConfUtils.java:logGet(46)) - raft.netty.dataStream.port = 15024 (custom)
2023-10-27 20:13:56,494 [main] INFO  server.RaftServerConfigKeys (ConfUtils.java:logGet(46)) - raft.server.threadpool.proxy.cached = true (default)
2023-10-27 20:13:56,498 [main] INFO  server.RaftServerConfigKeys (ConfUtils.java:logGet(46)) - raft.server.threadpool.proxy.size = 0 (default)
2023-10-27 20:13:56,498 [main] INFO  server.RaftServerConfigKeys (ConfUtils.java:logGet(46)) - raft.server.rpc.slowness.timeout = 300s (custom)
2023-10-27 20:13:56,498 [main] INFO  server.RaftServerConfigKeys (ConfUtils.java:logGet(46)) - raft.server.leaderelection.leader.step-down.wait-time = 10s (default)
2023-10-27 20:13:56,499 [main] INFO  server.RaftServerConfigKeys (ConfUtils.java:logGet(46)) - raft.server.storage.dir = [/home/runner/work/ozone/ozone/hadoop-ozone/integration-test/target/test-dir/MiniOzoneClusterImpl-60426a9d-3de2-4373-b08b-24a22c9da129/datanode-1/data/ratis] (custom)
2023-10-27 20:13:56,497 [0ef615e1-91db-4ede-b924-53e2d320f02d-NettyServerStreamRpc-bossGroup--thread1] INFO  logging.LoggingHandler (AbstractInternalLogger.java:log(148)) - [id: 0x81522967] REGISTERED
2023-10-27 20:13:56,502 [0ef615e1-91db-4ede-b924-53e2d320f02d-NettyServerStreamRpc-bossGroup--thread1] INFO  logging.LoggingHandler (AbstractInternalLogger.java:log(148)) - [id: 0x81522967] BIND: 0.0.0.0/0.0.0.0:15024
2023-10-27 20:13:56,503 [0ef615e1-91db-4ede-b924-53e2d320f02d-NettyServerStreamRpc-bossGroup--thread1] INFO  logging.LoggingHandler (AbstractInternalLogger.java:log(148)) - [id: 0x81522967, L:/0:0:0:0:0:0:0:0:15024] ACTIVE
2023-10-27 20:13:56,499 [0ef615e1-91db-4ede-b924-53e2d320f02d-impl-thread1] INFO  server.RaftServer (RaftServerProxy.java:initGroupDir(258)) - 0ef615e1-91db-4ede-b924-53e2d320f02d: found a subdirectory /home/runner/work/ozone/ozone/hadoop-ozone/integration-test/target/test-dir/MiniOzoneClusterImpl-60426a9d-3de2-4373-b08b-24a22c9da129/datanode-1/data/ratis/tmp
2023-10-27 20:13:56,510 [0ef615e1-91db-4ede-b924-53e2d320f02d-impl-thread1] INFO  server.RaftServer (RaftServerProxy.java:initGroupDir(263)) - 0ef615e1-91db-4ede-b924-53e2d320f02d: The directory /home/runner/work/ozone/ozone/hadoop-ozone/integration-test/target/test-dir/MiniOzoneClusterImpl-60426a9d-3de2-4373-b08b-24a22c9da129/datanode-1/data/ratis/tmp is not a group directory; ignoring it. 
2023-10-27 20:13:56,512 [main] INFO  replication.ReplicationServer (ReplicationServer.java:<init>(85)) - Initializing replication server with thread count = 10 queue length = 4096
2023-10-27 20:13:56,517 [main] INFO  server.XceiverServerGrpc (XceiverServerGrpc.java:<init>(135)) - GrpcServer channel type EpollServerSocketChannel
2023-10-27 20:13:56,533 [main] INFO  replication.ReplicationSupervisor (ReplicationSupervisor.java:build(163)) - Initializing replication supervisor with thread count = 10
2023-10-27 20:13:56,534 [main] INFO  replication.ReplicationSupervisor (ReplicationSupervisor.java:nodeStateUpdated(317)) - Node state updated to IN_SERVICE, scaling executor pool size to 10
2023-10-27 20:13:56,548 [main] INFO  http.BaseHttpServer (BaseHttpServer.java:newHttpServer2BuilderForOzone(223)) - Starting Web-server for hddsDatanode at: http://0.0.0.0:15018
2023-10-27 20:13:56,552 [main] INFO  http.BaseHttpServer (BaseHttpServer.java:<init>(110)) - Hadoop Security Enabled: false Ozone Security Enabled: false Ozone HTTP Security Enabled: false 
2023-10-27 20:13:56,557 [main] WARN  server.AuthenticationFilter (AuthenticationFilter.java:constructSecretProvider(240)) - Unable to initialize FileSignerSecretProvider, falling back to use random secrets. Reason: Could not read signature secret file: /home/runner/hadoop-http-auth-signature-secret
2023-10-27 20:13:56,577 [main] INFO  http.HttpRequestLog (HttpRequestLog.java:getRequestLog(86)) - Http request log for http.requests.hddsDatanode is not defined
2023-10-27 20:13:56,579 [main] INFO  http.HttpServer2 (HttpServer2.java:addGlobalFilter(1031)) - Added global filter 'safety' (class=org.apache.hadoop.hdds.server.http.HttpServer2$QuotingInputFilter)
2023-10-27 20:13:56,585 [main] INFO  http.HttpServer2 (HttpServer2.java:addFilter(1007)) - Added filter static_user_filter (class=org.apache.hadoop.http.lib.StaticUserWebFilter$StaticUserFilter) to context hddsDatanode
2023-10-27 20:13:56,587 [main] INFO  http.HttpServer2 (HttpServer2.java:addFilter(1015)) - Added filter static_user_filter (class=org.apache.hadoop.http.lib.StaticUserWebFilter$StaticUserFilter) to context static
2023-10-27 20:13:56,589 [main] INFO  http.HttpServer2 (HttpServer2.java:addFilter(1015)) - Added filter static_user_filter (class=org.apache.hadoop.http.lib.StaticUserWebFilter$StaticUserFilter) to context logs
2023-10-27 20:13:56,591 [main] INFO  http.BaseHttpServer (BaseHttpServer.java:<init>(189)) - HTTP server of hddsDatanode uses base directory /home/runner/work/ozone/ozone/hadoop-ozone/integration-test/target/test-dir/MiniOzoneClusterImpl-60426a9d-3de2-4373-b08b-24a22c9da129/datanode-1/meta/webserver
2023-10-27 20:13:56,592 [main] INFO  http.HttpServer2 (HttpServer2.java:bindListener(1231)) - Jetty bound to port 15018
2023-10-27 20:13:56,593 [main] INFO  server.Server (Server.java:doStart(375)) - jetty-9.4.53.v20231009; built: 2023-10-09T12:29:09.265Z; git: 27bde00a0b95a1d5bbee0eae7984f891d2d0f8c9; jvm 1.8.0_382-b05
2023-10-27 20:13:56,601 [main] INFO  server.session (DefaultSessionIdManager.java:doStart(334)) - DefaultSessionIdManager workerName=node0
2023-10-27 20:13:56,601 [main] INFO  server.session (DefaultSessionIdManager.java:doStart(339)) - No SessionScavenger set, using defaults
2023-10-27 20:13:56,601 [main] INFO  server.session (HouseKeeper.java:startScavenging(132)) - node0 Scavenging every 600000ms
2023-10-27 20:13:56,603 [main] INFO  handler.ContextHandler (ContextHandler.java:doStart(921)) - Started o.e.j.s.ServletContextHandler@3f792a32{logs,/logs,file:///home/runner/work/ozone/ozone/hadoop-ozone/integration-test/target/log,AVAILABLE}
2023-10-27 20:13:56,604 [main] INFO  handler.ContextHandler (ContextHandler.java:doStart(921)) - Started o.e.j.s.ServletContextHandler@58b5f661{static,/static,jar:file:/home/runner/.m2/repository/org/apache/ozone/hdds-container-service/1.4.0-SNAPSHOT/hdds-container-service-1.4.0-SNAPSHOT.jar!/webapps/static,AVAILABLE}
2023-10-27 20:13:56,669 [94422c73-384a-4d9a-a15d-46d9f5b840aa-DatanodeStateMachineTaskThread-0] INFO  datanode.InitDatanodeState (InitDatanodeState.java:persistContainerDatanodeDetails(139)) - DatanodeDetails is persisted to /home/runner/work/ozone/ozone/hadoop-ozone/integration-test/target/test-dir/MiniOzoneClusterImpl-60426a9d-3de2-4373-b08b-24a22c9da129/datanode-0/meta/datanode.id
2023-10-27 20:13:56,695 [main] INFO  handler.ContextHandler (ContextHandler.java:doStart(921)) - Started o.e.j.w.WebAppContext@21160db7{hddsDatanode,/,file:///home/runner/work/ozone/ozone/hadoop-ozone/integration-test/target/test-dir/MiniOzoneClusterImpl-60426a9d-3de2-4373-b08b-24a22c9da129/datanode-1/meta/webserver/jetty-0_0_0_0-15018-hdds-container-service-1_4_0-SNAPSHOT_jar-_-any-1543243995095818424/webapp/,AVAILABLE}{jar:file:/home/runner/.m2/repository/org/apache/ozone/hdds-container-service/1.4.0-SNAPSHOT/hdds-container-service-1.4.0-SNAPSHOT.jar!/webapps/hddsDatanode}
2023-10-27 20:13:56,697 [main] INFO  server.AbstractConnector (AbstractConnector.java:doStart(333)) - Started ServerConnector@29299f28{HTTP/1.1, (http/1.1)}{0.0.0.0:15018}
2023-10-27 20:13:56,698 [main] INFO  server.Server (Server.java:doStart(415)) - Started @14949ms
2023-10-27 20:13:56,698 [main] WARN  impl.MetricsSystemImpl (MetricsSystemImpl.java:register(279)) - Sink prometheus already exists!
2023-10-27 20:13:56,702 [main] INFO  http.BaseHttpServer (BaseHttpServer.java:updateConnectorAddress(354)) - HTTP server of hddsDatanode listening at http://0.0.0.0:15018
2023-10-27 20:13:56,703 [main] INFO  ipc.CallQueueManager (CallQueueManager.java:<init>(90)) - Using callQueue: class java.util.concurrent.LinkedBlockingQueue, queueCapacity: 100, scheduler: class org.apache.hadoop.ipc.DefaultRpcScheduler, ipcBackoff: false.
2023-10-27 20:13:56,703 [main] INFO  ipc.Server (Server.java:<init>(1287)) - Listener at 0.0.0.0:15019
2023-10-27 20:13:56,705 [Socket Reader #1 for port 15019] INFO  ipc.Server (Server.java:run(1323)) - Starting Socket Reader #1 for port 15019
2023-10-27 20:13:56,715 [main] INFO  ozone.HddsDatanodeService (HddsDatanodeService.java:start(325)) - Datanode start with admins: [runner]
2023-10-27 20:13:56,716 [main] INFO  ozone.HddsDatanodeClientProtocolServer (HddsDatanodeClientProtocolServer.java:start(72)) - RPC server for Client /0.0.0.0:15019
2023-10-27 20:13:56,716 [IPC Server Responder] INFO  ipc.Server (Server.java:run(1562)) - IPC Server Responder: starting
2023-10-27 20:13:56,717 [0ef615e1-91db-4ede-b924-53e2d320f02d-DatanodeStateMachineDaemonThread] INFO  statemachine.DatanodeStateMachine (DatanodeStateMachine.java:lambda$startDaemon$1(555)) - Ozone container server started.
2023-10-27 20:13:56,717 [main] WARN  impl.MetricRegistriesImpl (MetricRegistriesImpl.java:addReporterRegistration(111)) - New reporters are added after registries were created. Some metrics will be missing from the reporter. Please add reporter before adding any new registry.
2023-10-27 20:13:56,717 [main] WARN  impl.MetricRegistriesImpl (MetricRegistriesImpl.java:addReporterRegistration(111)) - New reporters are added after registries were created. Some metrics will be missing from the reporter. Please add reporter before adding any new registry.
2023-10-27 20:13:56,718 [main] INFO  impl.MetricsSystemImpl (MetricsSystemImpl.java:init(158)) - HddsDatanode metrics system started (again)
2023-10-27 20:13:56,736 [IPC Server listener on 15019] INFO  ipc.Server (Server.java:run(1402)) - IPC Server listener on 15019: starting
2023-10-27 20:13:56,768 [main] INFO  ozone.HddsDatanodeService (HddsDatanodeService.java:start(240)) - HddsDatanodeService host:fv-az342-943 ip:10.1.0.32
2023-10-27 20:13:56,784 [0ef615e1-91db-4ede-b924-53e2d320f02d-DatanodeStateMachineTaskThread-0] INFO  datanode.InitDatanodeState (InitDatanodeState.java:persistContainerDatanodeDetails(139)) - DatanodeDetails is persisted to /home/runner/work/ozone/ozone/hadoop-ozone/integration-test/target/test-dir/MiniOzoneClusterImpl-60426a9d-3de2-4373-b08b-24a22c9da129/datanode-1/meta/datanode.id
2023-10-27 20:13:56,823 [main] INFO  upgrade.AbstractLayoutVersionManager (AbstractLayoutVersionManager.java:init(83)) - Initializing Layout version manager with metadata layout = HADOOP_PRC_PORTS_IN_DATANODEDETAILS (version = 7), software layout = HADOOP_PRC_PORTS_IN_DATANODEDETAILS (version = 7)
2023-10-27 20:13:56,827 [main] INFO  statemachine.DatanodeStateMachine (DatanodeStateMachine.java:getEndPointTaskThreadPoolSize(299)) - Datanode State Machine Task Thread Pool size 2
2023-10-27 20:13:56,837 [main] INFO  volume.HddsVolume (HddsVolume.java:<init>(126)) - Creating HddsVolume: /home/runner/work/ozone/ozone/hadoop-ozone/integration-test/target/test-dir/MiniOzoneClusterImpl-60426a9d-3de2-4373-b08b-24a22c9da129/datanode-2/data-0/containers/hdds of storage type : DISK capacity : 9223372036854775807
2023-10-27 20:13:56,838 [main] INFO  volume.MutableVolumeSet (MutableVolumeSet.java:initializeVolumeSet(173)) - Added Volume : /home/runner/work/ozone/ozone/hadoop-ozone/integration-test/target/test-dir/MiniOzoneClusterImpl-60426a9d-3de2-4373-b08b-24a22c9da129/datanode-2/data-0/containers/hdds to VolumeSet
2023-10-27 20:13:56,841 [main] INFO  volume.MutableVolumeSet (MutableVolumeSet.java:initializeVolumeSet(173)) - Added Volume : /home/runner/work/ozone/ozone/hadoop-ozone/integration-test/target/test-dir/MiniOzoneClusterImpl-60426a9d-3de2-4373-b08b-24a22c9da129/datanode-2/data/ratis to VolumeSet
2023-10-27 20:13:56,847 [66ee3698-ded8-430f-8ecd-27f356af6e45-ContainerReader-0] INFO  ozoneimpl.ContainerReader (ContainerReader.java:readVolume(177)) - Finish verifying containers on volume /home/runner/work/ozone/ozone/hadoop-ozone/integration-test/target/test-dir/MiniOzoneClusterImpl-60426a9d-3de2-4373-b08b-24a22c9da129/datanode-2/data-0/containers/hdds
2023-10-27 20:13:56,847 [main] INFO  ozoneimpl.OzoneContainer (OzoneContainer.java:buildContainerSet(326)) - Build ContainerSet costs 0s
2023-10-27 20:13:56,857 [main] INFO  server.RaftServer (ConfUtils.java:logGet(46)) - raft.rpc.type = GRPC (default)
2023-10-27 20:13:56,858 [main] INFO  grpc.GrpcConfigKeys (ConfUtils.java:logFallback(53)) - raft.grpc.admin.host = null (fallback to raft.grpc.server.host)
2023-10-27 20:13:56,858 [main] INFO  grpc.GrpcConfigKeys (ConfUtils.java:logGet(46)) - raft.grpc.admin.port = 15031 (custom)
2023-10-27 20:13:56,859 [main] INFO  grpc.GrpcConfigKeys (ConfUtils.java:logFallback(53)) - raft.grpc.client.host = null (fallback to raft.grpc.server.host)
2023-10-27 20:13:56,860 [main] INFO  grpc.GrpcConfigKeys (ConfUtils.java:logGet(46)) - raft.grpc.client.port = 15030 (custom)
2023-10-27 20:13:56,863 [main] INFO  grpc.GrpcConfigKeys (ConfUtils.java:logGet(46)) - raft.grpc.server.host = null (default)
2023-10-27 20:13:56,865 [main] INFO  grpc.GrpcConfigKeys (ConfUtils.java:logGet(46)) - raft.grpc.server.port = 15032 (custom)
2023-10-27 20:13:56,865 [main] INFO  server.GrpcService (ConfUtils.java:logGet(46)) - raft.grpc.message.size.max = 32MB (=33554432) (custom)
2023-10-27 20:13:56,865 [main] INFO  server.RaftServerConfigKeys (ConfUtils.java:logGet(46)) - raft.server.log.appender.buffer.byte-limit = 33554432 (custom)
2023-10-27 20:13:56,866 [main] INFO  server.GrpcService (ConfUtils.java:logGet(46)) - raft.grpc.flow.control.window = 5MB (=5242880) (custom)
2023-10-27 20:13:56,866 [main] INFO  server.RaftServerConfigKeys (ConfUtils.java:logGet(46)) - raft.server.rpc.request.timeout = 60s (custom)
2023-10-27 20:13:56,866 [main] INFO  grpc.GrpcConfigKeys (ConfUtils.java:logGet(46)) - raft.grpc.server.heartbeat.channel = true (default)
2023-10-27 20:13:56,867 [main] INFO  grpc.GrpcConfigKeys (ConfUtils.java:logGet(46)) - raft.grpc.server.async.request.thread.pool.cached = true (default)
2023-10-27 20:13:56,867 [main] INFO  grpc.GrpcConfigKeys (ConfUtils.java:logGet(46)) - raft.grpc.server.async.request.thread.pool.size = 32 (default)
2023-10-27 20:13:56,872 [main] INFO  impl.DataStreamServerImpl (ConfUtils.java:logGet(46)) - raft.datastream.type = NETTY (custom)
2023-10-27 20:13:56,873 [main] INFO  server.RaftServerConfigKeys (ConfUtils.java:logGet(46)) - raft.server.data-stream.async.request.thread.pool.cached = false (default)
2023-10-27 20:13:56,873 [main] INFO  server.RaftServerConfigKeys (ConfUtils.java:logGet(46)) - raft.server.data-stream.async.request.thread.pool.size = 20 (custom)
2023-10-27 20:13:56,873 [main] INFO  server.RaftServerConfigKeys (ConfUtils.java:logGet(46)) - raft.server.data-stream.async.write.thread.pool.size = 16 (default)
2023-10-27 20:13:56,874 [main] INFO  server.RaftServerConfigKeys (ConfUtils.java:logGet(46)) - raft.server.data-stream.client.pool.size = 10 (default)
2023-10-27 20:13:56,874 [main] INFO  netty.NettyConfigKeys$DataStream (ConfUtils.java:logGet(46)) - raft.netty.dataStream.server.use-epoll = false (default)
2023-10-27 20:13:56,874 [main] INFO  netty.NettyConfigKeys$DataStream (ConfUtils.java:logGet(46)) - raft.netty.dataStream.server.boss-group.size = 0 (default)
2023-10-27 20:13:56,875 [main] INFO  netty.NettyConfigKeys$DataStream (ConfUtils.java:logGet(46)) - raft.netty.dataStream.server.worker-group.size = 0 (default)
2023-10-27 20:13:56,877 [main] INFO  netty.NettyConfigKeys$DataStream (ConfUtils.java:logGet(46)) - raft.netty.dataStream.server.tls.conf = null (default)
2023-10-27 20:13:56,879 [main] INFO  netty.NettyConfigKeys$DataStream (ConfUtils.java:logGet(46)) - raft.netty.dataStream.host = null (default)
2023-10-27 20:13:56,880 [main] INFO  netty.NettyConfigKeys$DataStream (ConfUtils.java:logGet(46)) - raft.netty.dataStream.port = 15033 (custom)
2023-10-27 20:13:56,882 [main] INFO  server.RaftServerConfigKeys (ConfUtils.java:logGet(46)) - raft.server.threadpool.proxy.cached = true (default)
2023-10-27 20:13:56,884 [main] INFO  server.RaftServerConfigKeys (ConfUtils.java:logGet(46)) - raft.server.threadpool.proxy.size = 0 (default)
2023-10-27 20:13:56,884 [66ee3698-ded8-430f-8ecd-27f356af6e45-NettyServerStreamRpc-bossGroup--thread1] INFO  logging.LoggingHandler (AbstractInternalLogger.java:log(148)) - [id: 0xeff9f5eb] REGISTERED
2023-10-27 20:13:56,885 [66ee3698-ded8-430f-8ecd-27f356af6e45-NettyServerStreamRpc-bossGroup--thread1] INFO  logging.LoggingHandler (AbstractInternalLogger.java:log(148)) - [id: 0xeff9f5eb] BIND: 0.0.0.0/0.0.0.0:15033
2023-10-27 20:13:56,885 [66ee3698-ded8-430f-8ecd-27f356af6e45-NettyServerStreamRpc-bossGroup--thread1] INFO  logging.LoggingHandler (AbstractInternalLogger.java:log(148)) - [id: 0xeff9f5eb, L:/0:0:0:0:0:0:0:0:15033] ACTIVE
2023-10-27 20:13:56,884 [main] INFO  server.RaftServerConfigKeys (ConfUtils.java:logGet(46)) - raft.server.rpc.slowness.timeout = 300s (custom)
2023-10-27 20:13:56,888 [main] INFO  server.RaftServerConfigKeys (ConfUtils.java:logGet(46)) - raft.server.leaderelection.leader.step-down.wait-time = 10s (default)
2023-10-27 20:13:56,889 [main] INFO  server.RaftServerConfigKeys (ConfUtils.java:logGet(46)) - raft.server.storage.dir = [/home/runner/work/ozone/ozone/hadoop-ozone/integration-test/target/test-dir/MiniOzoneClusterImpl-60426a9d-3de2-4373-b08b-24a22c9da129/datanode-2/data/ratis] (custom)
2023-10-27 20:13:56,890 [66ee3698-ded8-430f-8ecd-27f356af6e45-impl-thread1] INFO  server.RaftServer (RaftServerProxy.java:initGroupDir(258)) - 66ee3698-ded8-430f-8ecd-27f356af6e45: found a subdirectory /home/runner/work/ozone/ozone/hadoop-ozone/integration-test/target/test-dir/MiniOzoneClusterImpl-60426a9d-3de2-4373-b08b-24a22c9da129/datanode-2/data/ratis/tmp
2023-10-27 20:13:56,891 [66ee3698-ded8-430f-8ecd-27f356af6e45-impl-thread1] INFO  server.RaftServer (RaftServerProxy.java:initGroupDir(263)) - 66ee3698-ded8-430f-8ecd-27f356af6e45: The directory /home/runner/work/ozone/ozone/hadoop-ozone/integration-test/target/test-dir/MiniOzoneClusterImpl-60426a9d-3de2-4373-b08b-24a22c9da129/datanode-2/data/ratis/tmp is not a group directory; ignoring it. 
2023-10-27 20:13:56,891 [main] INFO  replication.ReplicationServer (ReplicationServer.java:<init>(85)) - Initializing replication server with thread count = 10 queue length = 4096
2023-10-27 20:13:56,897 [main] INFO  server.XceiverServerGrpc (XceiverServerGrpc.java:<init>(135)) - GrpcServer channel type EpollServerSocketChannel
2023-10-27 20:13:56,907 [main] INFO  replication.ReplicationSupervisor (ReplicationSupervisor.java:build(163)) - Initializing replication supervisor with thread count = 10
2023-10-27 20:13:56,907 [main] INFO  replication.ReplicationSupervisor (ReplicationSupervisor.java:nodeStateUpdated(317)) - Node state updated to IN_SERVICE, scaling executor pool size to 10
2023-10-27 20:13:56,913 [main] INFO  http.BaseHttpServer (BaseHttpServer.java:newHttpServer2BuilderForOzone(223)) - Starting Web-server for hddsDatanode at: http://0.0.0.0:15027
2023-10-27 20:13:56,914 [main] INFO  http.BaseHttpServer (BaseHttpServer.java:<init>(110)) - Hadoop Security Enabled: false Ozone Security Enabled: false Ozone HTTP Security Enabled: false 
2023-10-27 20:13:56,916 [main] WARN  server.AuthenticationFilter (AuthenticationFilter.java:constructSecretProvider(240)) - Unable to initialize FileSignerSecretProvider, falling back to use random secrets. Reason: Could not read signature secret file: /home/runner/hadoop-http-auth-signature-secret
2023-10-27 20:13:56,917 [main] INFO  http.HttpRequestLog (HttpRequestLog.java:getRequestLog(86)) - Http request log for http.requests.hddsDatanode is not defined
2023-10-27 20:13:56,919 [main] INFO  http.HttpServer2 (HttpServer2.java:addGlobalFilter(1031)) - Added global filter 'safety' (class=org.apache.hadoop.hdds.server.http.HttpServer2$QuotingInputFilter)
2023-10-27 20:13:56,920 [main] INFO  http.HttpServer2 (HttpServer2.java:addFilter(1007)) - Added filter static_user_filter (class=org.apache.hadoop.http.lib.StaticUserWebFilter$StaticUserFilter) to context hddsDatanode
2023-10-27 20:13:56,920 [main] INFO  http.HttpServer2 (HttpServer2.java:addFilter(1015)) - Added filter static_user_filter (class=org.apache.hadoop.http.lib.StaticUserWebFilter$StaticUserFilter) to context static
2023-10-27 20:13:56,920 [main] INFO  http.HttpServer2 (HttpServer2.java:addFilter(1015)) - Added filter static_user_filter (class=org.apache.hadoop.http.lib.StaticUserWebFilter$StaticUserFilter) to context logs
2023-10-27 20:13:56,921 [main] INFO  http.BaseHttpServer (BaseHttpServer.java:<init>(189)) - HTTP server of hddsDatanode uses base directory /home/runner/work/ozone/ozone/hadoop-ozone/integration-test/target/test-dir/MiniOzoneClusterImpl-60426a9d-3de2-4373-b08b-24a22c9da129/datanode-2/meta/webserver
2023-10-27 20:13:56,922 [main] INFO  http.HttpServer2 (HttpServer2.java:bindListener(1231)) - Jetty bound to port 15027
2023-10-27 20:13:56,922 [main] INFO  server.Server (Server.java:doStart(375)) - jetty-9.4.53.v20231009; built: 2023-10-09T12:29:09.265Z; git: 27bde00a0b95a1d5bbee0eae7984f891d2d0f8c9; jvm 1.8.0_382-b05
2023-10-27 20:13:56,928 [main] INFO  server.session (DefaultSessionIdManager.java:doStart(334)) - DefaultSessionIdManager workerName=node0
2023-10-27 20:13:56,928 [main] INFO  server.session (DefaultSessionIdManager.java:doStart(339)) - No SessionScavenger set, using defaults
2023-10-27 20:13:56,929 [main] INFO  server.session (HouseKeeper.java:startScavenging(132)) - node0 Scavenging every 660000ms
2023-10-27 20:13:56,930 [main] INFO  handler.ContextHandler (ContextHandler.java:doStart(921)) - Started o.e.j.s.ServletContextHandler@3b6d9f77{logs,/logs,file:///home/runner/work/ozone/ozone/hadoop-ozone/integration-test/target/log,AVAILABLE}
2023-10-27 20:13:56,931 [main] INFO  handler.ContextHandler (ContextHandler.java:doStart(921)) - Started o.e.j.s.ServletContextHandler@1a8a462e{static,/static,jar:file:/home/runner/.m2/repository/org/apache/ozone/hdds-container-service/1.4.0-SNAPSHOT/hdds-container-service-1.4.0-SNAPSHOT.jar!/webapps/static,AVAILABLE}
2023-10-27 20:13:57,000 [main] INFO  handler.ContextHandler (ContextHandler.java:doStart(921)) - Started o.e.j.w.WebAppContext@279da001{hddsDatanode,/,file:///home/runner/work/ozone/ozone/hadoop-ozone/integration-test/target/test-dir/MiniOzoneClusterImpl-60426a9d-3de2-4373-b08b-24a22c9da129/datanode-2/meta/webserver/jetty-0_0_0_0-15027-hdds-container-service-1_4_0-SNAPSHOT_jar-_-any-1800016980709862054/webapp/,AVAILABLE}{jar:file:/home/runner/.m2/repository/org/apache/ozone/hdds-container-service/1.4.0-SNAPSHOT/hdds-container-service-1.4.0-SNAPSHOT.jar!/webapps/hddsDatanode}
2023-10-27 20:13:57,003 [main] INFO  server.AbstractConnector (AbstractConnector.java:doStart(333)) - Started ServerConnector@1318db0e{HTTP/1.1, (http/1.1)}{0.0.0.0:15027}
2023-10-27 20:13:57,004 [main] INFO  server.Server (Server.java:doStart(415)) - Started @15256ms
2023-10-27 20:13:57,005 [main] WARN  impl.MetricsSystemImpl (MetricsSystemImpl.java:register(279)) - Sink prometheus already exists!
2023-10-27 20:13:57,007 [main] INFO  http.BaseHttpServer (BaseHttpServer.java:updateConnectorAddress(354)) - HTTP server of hddsDatanode listening at http://0.0.0.0:15027
2023-10-27 20:13:57,007 [main] INFO  ipc.CallQueueManager (CallQueueManager.java:<init>(90)) - Using callQueue: class java.util.concurrent.LinkedBlockingQueue, queueCapacity: 100, scheduler: class org.apache.hadoop.ipc.DefaultRpcScheduler, ipcBackoff: false.
2023-10-27 20:13:57,008 [main] INFO  ipc.Server (Server.java:<init>(1287)) - Listener at 0.0.0.0:15028
2023-10-27 20:13:57,009 [Socket Reader #1 for port 15028] INFO  ipc.Server (Server.java:run(1323)) - Starting Socket Reader #1 for port 15028
2023-10-27 20:13:57,012 [main] INFO  ozone.HddsDatanodeService (HddsDatanodeService.java:start(325)) - Datanode start with admins: [runner]
2023-10-27 20:13:57,014 [main] INFO  ozone.HddsDatanodeClientProtocolServer (HddsDatanodeClientProtocolServer.java:start(72)) - RPC server for Client /0.0.0.0:15028
2023-10-27 20:13:57,016 [IPC Server Responder] INFO  ipc.Server (Server.java:run(1562)) - IPC Server Responder: starting
2023-10-27 20:13:57,018 [66ee3698-ded8-430f-8ecd-27f356af6e45-DatanodeStateMachineDaemonThread] INFO  statemachine.DatanodeStateMachine (DatanodeStateMachine.java:lambda$startDaemon$1(555)) - Ozone container server started.
2023-10-27 20:13:57,018 [IPC Server listener on 15028] INFO  ipc.Server (Server.java:run(1402)) - IPC Server listener on 15028: starting
2023-10-27 20:13:57,018 [main] WARN  impl.MetricRegistriesImpl (MetricRegistriesImpl.java:addReporterRegistration(111)) - New reporters are added after registries were created. Some metrics will be missing from the reporter. Please add reporter before adding any new registry.
2023-10-27 20:13:57,021 [main] WARN  impl.MetricRegistriesImpl (MetricRegistriesImpl.java:addReporterRegistration(111)) - New reporters are added after registries were created. Some metrics will be missing from the reporter. Please add reporter before adding any new registry.
2023-10-27 20:13:57,021 [main] INFO  impl.MetricsSystemImpl (MetricsSystemImpl.java:init(158)) - HddsDatanode metrics system started (again)
2023-10-27 20:13:57,056 [66ee3698-ded8-430f-8ecd-27f356af6e45-DatanodeStateMachineTaskThread-0] INFO  datanode.InitDatanodeState (InitDatanodeState.java:persistContainerDatanodeDetails(139)) - DatanodeDetails is persisted to /home/runner/work/ozone/ozone/hadoop-ozone/integration-test/target/test-dir/MiniOzoneClusterImpl-60426a9d-3de2-4373-b08b-24a22c9da129/datanode-2/meta/datanode.id
2023-10-27 20:13:57,061 [main] INFO  ozone.HddsDatanodeService (HddsDatanodeService.java:start(240)) - HddsDatanodeService host:fv-az342-943 ip:10.1.0.32
2023-10-27 20:13:57,105 [main] INFO  upgrade.AbstractLayoutVersionManager (AbstractLayoutVersionManager.java:init(83)) - Initializing Layout version manager with metadata layout = HADOOP_PRC_PORTS_IN_DATANODEDETAILS (version = 7), software layout = HADOOP_PRC_PORTS_IN_DATANODEDETAILS (version = 7)
2023-10-27 20:13:57,107 [main] INFO  statemachine.DatanodeStateMachine (DatanodeStateMachine.java:getEndPointTaskThreadPoolSize(299)) - Datanode State Machine Task Thread Pool size 2
2023-10-27 20:13:57,115 [main] INFO  volume.HddsVolume (HddsVolume.java:<init>(126)) - Creating HddsVolume: /home/runner/work/ozone/ozone/hadoop-ozone/integration-test/target/test-dir/MiniOzoneClusterImpl-60426a9d-3de2-4373-b08b-24a22c9da129/datanode-3/data-0/containers/hdds of storage type : DISK capacity : 9223372036854775807
2023-10-27 20:13:57,115 [main] INFO  volume.MutableVolumeSet (MutableVolumeSet.java:initializeVolumeSet(173)) - Added Volume : /home/runner/work/ozone/ozone/hadoop-ozone/integration-test/target/test-dir/MiniOzoneClusterImpl-60426a9d-3de2-4373-b08b-24a22c9da129/datanode-3/data-0/containers/hdds to VolumeSet
2023-10-27 20:13:57,120 [main] INFO  volume.MutableVolumeSet (MutableVolumeSet.java:initializeVolumeSet(173)) - Added Volume : /home/runner/work/ozone/ozone/hadoop-ozone/integration-test/target/test-dir/MiniOzoneClusterImpl-60426a9d-3de2-4373-b08b-24a22c9da129/datanode-3/data/ratis to VolumeSet
2023-10-27 20:13:57,125 [3fb99649-c87f-4cc9-b3d9-f5c572ff189c-ContainerReader-0] INFO  ozoneimpl.ContainerReader (ContainerReader.java:readVolume(177)) - Finish verifying containers on volume /home/runner/work/ozone/ozone/hadoop-ozone/integration-test/target/test-dir/MiniOzoneClusterImpl-60426a9d-3de2-4373-b08b-24a22c9da129/datanode-3/data-0/containers/hdds
2023-10-27 20:13:57,126 [main] INFO  ozoneimpl.OzoneContainer (OzoneContainer.java:buildContainerSet(326)) - Build ContainerSet costs 0s
2023-10-27 20:13:57,133 [main] INFO  server.RaftServer (ConfUtils.java:logGet(46)) - raft.rpc.type = GRPC (default)
2023-10-27 20:13:57,134 [main] INFO  grpc.GrpcConfigKeys (ConfUtils.java:logFallback(53)) - raft.grpc.admin.host = null (fallback to raft.grpc.server.host)
2023-10-27 20:13:57,134 [main] INFO  grpc.GrpcConfigKeys (ConfUtils.java:logGet(46)) - raft.grpc.admin.port = 15040 (custom)
2023-10-27 20:13:57,134 [main] INFO  grpc.GrpcConfigKeys (ConfUtils.java:logFallback(53)) - raft.grpc.client.host = null (fallback to raft.grpc.server.host)
2023-10-27 20:13:57,134 [main] INFO  grpc.GrpcConfigKeys (ConfUtils.java:logGet(46)) - raft.grpc.client.port = 15039 (custom)
2023-10-27 20:13:57,134 [main] INFO  grpc.GrpcConfigKeys (ConfUtils.java:logGet(46)) - raft.grpc.server.host = null (default)
2023-10-27 20:13:57,135 [main] INFO  grpc.GrpcConfigKeys (ConfUtils.java:logGet(46)) - raft.grpc.server.port = 15041 (custom)
2023-10-27 20:13:57,135 [main] INFO  server.GrpcService (ConfUtils.java:logGet(46)) - raft.grpc.message.size.max = 32MB (=33554432) (custom)
2023-10-27 20:13:57,136 [main] INFO  server.RaftServerConfigKeys (ConfUtils.java:logGet(46)) - raft.server.log.appender.buffer.byte-limit = 33554432 (custom)
2023-10-27 20:13:57,136 [main] INFO  server.GrpcService (ConfUtils.java:logGet(46)) - raft.grpc.flow.control.window = 5MB (=5242880) (custom)
2023-10-27 20:13:57,136 [main] INFO  server.RaftServerConfigKeys (ConfUtils.java:logGet(46)) - raft.server.rpc.request.timeout = 60s (custom)
2023-10-27 20:13:57,136 [main] INFO  grpc.GrpcConfigKeys (ConfUtils.java:logGet(46)) - raft.grpc.server.heartbeat.channel = true (default)
2023-10-27 20:13:57,136 [main] INFO  grpc.GrpcConfigKeys (ConfUtils.java:logGet(46)) - raft.grpc.server.async.request.thread.pool.cached = true (default)
2023-10-27 20:13:57,137 [main] INFO  grpc.GrpcConfigKeys (ConfUtils.java:logGet(46)) - raft.grpc.server.async.request.thread.pool.size = 32 (default)
2023-10-27 20:13:57,140 [main] INFO  impl.DataStreamServerImpl (ConfUtils.java:logGet(46)) - raft.datastream.type = NETTY (custom)
2023-10-27 20:13:57,140 [main] INFO  server.RaftServerConfigKeys (ConfUtils.java:logGet(46)) - raft.server.data-stream.async.request.thread.pool.cached = false (default)
2023-10-27 20:13:57,141 [main] INFO  server.RaftServerConfigKeys (ConfUtils.java:logGet(46)) - raft.server.data-stream.async.request.thread.pool.size = 20 (custom)
2023-10-27 20:13:57,141 [main] INFO  server.RaftServerConfigKeys (ConfUtils.java:logGet(46)) - raft.server.data-stream.async.write.thread.pool.size = 16 (default)
2023-10-27 20:13:57,142 [main] INFO  server.RaftServerConfigKeys (ConfUtils.java:logGet(46)) - raft.server.data-stream.client.pool.size = 10 (default)
2023-10-27 20:13:57,142 [main] INFO  netty.NettyConfigKeys$DataStream (ConfUtils.java:logGet(46)) - raft.netty.dataStream.server.use-epoll = false (default)
2023-10-27 20:13:57,142 [main] INFO  netty.NettyConfigKeys$DataStream (ConfUtils.java:logGet(46)) - raft.netty.dataStream.server.boss-group.size = 0 (default)
2023-10-27 20:13:57,143 [main] INFO  netty.NettyConfigKeys$DataStream (ConfUtils.java:logGet(46)) - raft.netty.dataStream.server.worker-group.size = 0 (default)
2023-10-27 20:13:57,143 [main] INFO  netty.NettyConfigKeys$DataStream (ConfUtils.java:logGet(46)) - raft.netty.dataStream.server.tls.conf = null (default)
2023-10-27 20:13:57,144 [main] INFO  netty.NettyConfigKeys$DataStream (ConfUtils.java:logGet(46)) - raft.netty.dataStream.host = null (default)
2023-10-27 20:13:57,144 [main] INFO  netty.NettyConfigKeys$DataStream (ConfUtils.java:logGet(46)) - raft.netty.dataStream.port = 15042 (custom)
2023-10-27 20:13:57,144 [main] INFO  server.RaftServerConfigKeys (ConfUtils.java:logGet(46)) - raft.server.threadpool.proxy.cached = true (default)
2023-10-27 20:13:57,145 [main] INFO  server.RaftServerConfigKeys (ConfUtils.java:logGet(46)) - raft.server.threadpool.proxy.size = 0 (default)
2023-10-27 20:13:57,145 [main] INFO  server.RaftServerConfigKeys (ConfUtils.java:logGet(46)) - raft.server.rpc.slowness.timeout = 300s (custom)
2023-10-27 20:13:57,145 [main] INFO  server.RaftServerConfigKeys (ConfUtils.java:logGet(46)) - raft.server.leaderelection.leader.step-down.wait-time = 10s (default)
2023-10-27 20:13:57,145 [main] INFO  server.RaftServerConfigKeys (ConfUtils.java:logGet(46)) - raft.server.storage.dir = [/home/runner/work/ozone/ozone/hadoop-ozone/integration-test/target/test-dir/MiniOzoneClusterImpl-60426a9d-3de2-4373-b08b-24a22c9da129/datanode-3/data/ratis] (custom)
2023-10-27 20:13:57,155 [3fb99649-c87f-4cc9-b3d9-f5c572ff189c-impl-thread1] INFO  server.RaftServer (RaftServerProxy.java:initGroupDir(258)) - 3fb99649-c87f-4cc9-b3d9-f5c572ff189c: found a subdirectory /home/runner/work/ozone/ozone/hadoop-ozone/integration-test/target/test-dir/MiniOzoneClusterImpl-60426a9d-3de2-4373-b08b-24a22c9da129/datanode-3/data/ratis/tmp
2023-10-27 20:13:57,155 [3fb99649-c87f-4cc9-b3d9-f5c572ff189c-NettyServerStreamRpc-bossGroup--thread1] INFO  logging.LoggingHandler (AbstractInternalLogger.java:log(148)) - [id: 0x177a3724] REGISTERED
2023-10-27 20:13:57,156 [3fb99649-c87f-4cc9-b3d9-f5c572ff189c-impl-thread1] INFO  server.RaftServer (RaftServerProxy.java:initGroupDir(263)) - 3fb99649-c87f-4cc9-b3d9-f5c572ff189c: The directory /home/runner/work/ozone/ozone/hadoop-ozone/integration-test/target/test-dir/MiniOzoneClusterImpl-60426a9d-3de2-4373-b08b-24a22c9da129/datanode-3/data/ratis/tmp is not a group directory; ignoring it. 
2023-10-27 20:13:57,157 [main] INFO  replication.ReplicationServer (ReplicationServer.java:<init>(85)) - Initializing replication server with thread count = 10 queue length = 4096
2023-10-27 20:13:57,158 [3fb99649-c87f-4cc9-b3d9-f5c572ff189c-NettyServerStreamRpc-bossGroup--thread1] INFO  logging.LoggingHandler (AbstractInternalLogger.java:log(148)) - [id: 0x177a3724] BIND: 0.0.0.0/0.0.0.0:15042
2023-10-27 20:13:57,158 [3fb99649-c87f-4cc9-b3d9-f5c572ff189c-NettyServerStreamRpc-bossGroup--thread1] INFO  logging.LoggingHandler (AbstractInternalLogger.java:log(148)) - [id: 0x177a3724, L:/0:0:0:0:0:0:0:0:15042] ACTIVE
2023-10-27 20:13:57,160 [main] INFO  server.XceiverServerGrpc (XceiverServerGrpc.java:<init>(135)) - GrpcServer channel type EpollServerSocketChannel
2023-10-27 20:13:57,164 [main] INFO  replication.ReplicationSupervisor (ReplicationSupervisor.java:build(163)) - Initializing replication supervisor with thread count = 10
2023-10-27 20:13:57,164 [main] INFO  replication.ReplicationSupervisor (ReplicationSupervisor.java:nodeStateUpdated(317)) - Node state updated to IN_SERVICE, scaling executor pool size to 10
2023-10-27 20:13:57,168 [main] INFO  http.BaseHttpServer (BaseHttpServer.java:newHttpServer2BuilderForOzone(223)) - Starting Web-server for hddsDatanode at: http://0.0.0.0:15036
2023-10-27 20:13:57,169 [main] INFO  http.BaseHttpServer (BaseHttpServer.java:<init>(110)) - Hadoop Security Enabled: false Ozone Security Enabled: false Ozone HTTP Security Enabled: false 
2023-10-27 20:13:57,171 [main] WARN  server.AuthenticationFilter (AuthenticationFilter.java:constructSecretProvider(240)) - Unable to initialize FileSignerSecretProvider, falling back to use random secrets. Reason: Could not read signature secret file: /home/runner/hadoop-http-auth-signature-secret
2023-10-27 20:13:57,174 [main] INFO  http.HttpRequestLog (HttpRequestLog.java:getRequestLog(86)) - Http request log for http.requests.hddsDatanode is not defined
2023-10-27 20:13:57,177 [main] INFO  http.HttpServer2 (HttpServer2.java:addGlobalFilter(1031)) - Added global filter 'safety' (class=org.apache.hadoop.hdds.server.http.HttpServer2$QuotingInputFilter)
2023-10-27 20:13:57,179 [main] INFO  http.HttpServer2 (HttpServer2.java:addFilter(1007)) - Added filter static_user_filter (class=org.apache.hadoop.http.lib.StaticUserWebFilter$StaticUserFilter) to context hddsDatanode
2023-10-27 20:13:57,179 [main] INFO  http.HttpServer2 (HttpServer2.java:addFilter(1015)) - Added filter static_user_filter (class=org.apache.hadoop.http.lib.StaticUserWebFilter$StaticUserFilter) to context logs
2023-10-27 20:13:57,179 [main] INFO  http.HttpServer2 (HttpServer2.java:addFilter(1015)) - Added filter static_user_filter (class=org.apache.hadoop.http.lib.StaticUserWebFilter$StaticUserFilter) to context static
2023-10-27 20:13:57,181 [main] INFO  http.BaseHttpServer (BaseHttpServer.java:<init>(189)) - HTTP server of hddsDatanode uses base directory /home/runner/work/ozone/ozone/hadoop-ozone/integration-test/target/test-dir/MiniOzoneClusterImpl-60426a9d-3de2-4373-b08b-24a22c9da129/datanode-3/meta/webserver
2023-10-27 20:13:57,181 [main] INFO  http.HttpServer2 (HttpServer2.java:bindListener(1231)) - Jetty bound to port 15036
2023-10-27 20:13:57,182 [main] INFO  server.Server (Server.java:doStart(375)) - jetty-9.4.53.v20231009; built: 2023-10-09T12:29:09.265Z; git: 27bde00a0b95a1d5bbee0eae7984f891d2d0f8c9; jvm 1.8.0_382-b05
2023-10-27 20:13:57,185 [main] INFO  server.session (DefaultSessionIdManager.java:doStart(334)) - DefaultSessionIdManager workerName=node0
2023-10-27 20:13:57,185 [main] INFO  server.session (DefaultSessionIdManager.java:doStart(339)) - No SessionScavenger set, using defaults
2023-10-27 20:13:57,185 [main] INFO  server.session (HouseKeeper.java:startScavenging(132)) - node0 Scavenging every 600000ms
2023-10-27 20:13:57,187 [main] INFO  handler.ContextHandler (ContextHandler.java:doStart(921)) - Started o.e.j.s.ServletContextHandler@6f525793{logs,/logs,file:///home/runner/work/ozone/ozone/hadoop-ozone/integration-test/target/log,AVAILABLE}
2023-10-27 20:13:57,188 [main] INFO  handler.ContextHandler (ContextHandler.java:doStart(921)) - Started o.e.j.s.ServletContextHandler@799f8528{static,/static,jar:file:/home/runner/.m2/repository/org/apache/ozone/hdds-container-service/1.4.0-SNAPSHOT/hdds-container-service-1.4.0-SNAPSHOT.jar!/webapps/static,AVAILABLE}
2023-10-27 20:13:57,245 [main] INFO  handler.ContextHandler (ContextHandler.java:doStart(921)) - Started o.e.j.w.WebAppContext@4b6be6fc{hddsDatanode,/,file:///home/runner/work/ozone/ozone/hadoop-ozone/integration-test/target/test-dir/MiniOzoneClusterImpl-60426a9d-3de2-4373-b08b-24a22c9da129/datanode-3/meta/webserver/jetty-0_0_0_0-15036-hdds-container-service-1_4_0-SNAPSHOT_jar-_-any-387567857953464815/webapp/,AVAILABLE}{jar:file:/home/runner/.m2/repository/org/apache/ozone/hdds-container-service/1.4.0-SNAPSHOT/hdds-container-service-1.4.0-SNAPSHOT.jar!/webapps/hddsDatanode}
2023-10-27 20:13:57,247 [main] INFO  server.AbstractConnector (AbstractConnector.java:doStart(333)) - Started ServerConnector@6695efc9{HTTP/1.1, (http/1.1)}{0.0.0.0:15036}
2023-10-27 20:13:57,247 [main] INFO  server.Server (Server.java:doStart(415)) - Started @15499ms
2023-10-27 20:13:57,247 [main] WARN  impl.MetricsSystemImpl (MetricsSystemImpl.java:register(279)) - Sink prometheus already exists!
2023-10-27 20:13:57,248 [main] INFO  http.BaseHttpServer (BaseHttpServer.java:updateConnectorAddress(354)) - HTTP server of hddsDatanode listening at http://0.0.0.0:15036
2023-10-27 20:13:57,249 [main] INFO  ipc.CallQueueManager (CallQueueManager.java:<init>(90)) - Using callQueue: class java.util.concurrent.LinkedBlockingQueue, queueCapacity: 100, scheduler: class org.apache.hadoop.ipc.DefaultRpcScheduler, ipcBackoff: false.
2023-10-27 20:13:57,249 [main] INFO  ipc.Server (Server.java:<init>(1287)) - Listener at 0.0.0.0:15037
2023-10-27 20:13:57,250 [Socket Reader #1 for port 15037] INFO  ipc.Server (Server.java:run(1323)) - Starting Socket Reader #1 for port 15037
2023-10-27 20:13:57,258 [main] INFO  ozone.HddsDatanodeService (HddsDatanodeService.java:start(325)) - Datanode start with admins: [runner]
2023-10-27 20:13:57,258 [main] INFO  ozone.HddsDatanodeClientProtocolServer (HddsDatanodeClientProtocolServer.java:start(72)) - RPC server for Client /0.0.0.0:15037
2023-10-27 20:13:57,260 [IPC Server listener on 15037] INFO  ipc.Server (Server.java:run(1402)) - IPC Server listener on 15037: starting
2023-10-27 20:13:57,260 [IPC Server Responder] INFO  ipc.Server (Server.java:run(1562)) - IPC Server Responder: starting
2023-10-27 20:13:57,261 [main] WARN  impl.MetricRegistriesImpl (MetricRegistriesImpl.java:addReporterRegistration(111)) - New reporters are added after registries were created. Some metrics will be missing from the reporter. Please add reporter before adding any new registry.
2023-10-27 20:13:57,267 [main] WARN  impl.MetricRegistriesImpl (MetricRegistriesImpl.java:addReporterRegistration(111)) - New reporters are added after registries were created. Some metrics will be missing from the reporter. Please add reporter before adding any new registry.
2023-10-27 20:13:57,267 [main] INFO  impl.MetricsSystemImpl (MetricsSystemImpl.java:init(158)) - HddsDatanode metrics system started (again)
2023-10-27 20:13:57,261 [3fb99649-c87f-4cc9-b3d9-f5c572ff189c-DatanodeStateMachineDaemonThread] INFO  statemachine.DatanodeStateMachine (DatanodeStateMachine.java:lambda$startDaemon$1(555)) - Ozone container server started.
2023-10-27 20:13:57,297 [main] INFO  ozone.HddsDatanodeService (HddsDatanodeService.java:start(240)) - HddsDatanodeService host:fv-az342-943 ip:10.1.0.32
2023-10-27 20:13:57,301 [3fb99649-c87f-4cc9-b3d9-f5c572ff189c-DatanodeStateMachineTaskThread-0] INFO  datanode.InitDatanodeState (InitDatanodeState.java:persistContainerDatanodeDetails(139)) - DatanodeDetails is persisted to /home/runner/work/ozone/ozone/hadoop-ozone/integration-test/target/test-dir/MiniOzoneClusterImpl-60426a9d-3de2-4373-b08b-24a22c9da129/datanode-3/meta/datanode.id
2023-10-27 20:13:57,339 [main] INFO  upgrade.AbstractLayoutVersionManager (AbstractLayoutVersionManager.java:init(83)) - Initializing Layout version manager with metadata layout = HADOOP_PRC_PORTS_IN_DATANODEDETAILS (version = 7), software layout = HADOOP_PRC_PORTS_IN_DATANODEDETAILS (version = 7)
2023-10-27 20:13:57,344 [main] INFO  statemachine.DatanodeStateMachine (DatanodeStateMachine.java:getEndPointTaskThreadPoolSize(299)) - Datanode State Machine Task Thread Pool size 2
2023-10-27 20:13:57,351 [main] INFO  volume.HddsVolume (HddsVolume.java:<init>(126)) - Creating HddsVolume: /home/runner/work/ozone/ozone/hadoop-ozone/integration-test/target/test-dir/MiniOzoneClusterImpl-60426a9d-3de2-4373-b08b-24a22c9da129/datanode-4/data-0/containers/hdds of storage type : DISK capacity : 9223372036854775807
2023-10-27 20:13:57,352 [main] INFO  volume.MutableVolumeSet (MutableVolumeSet.java:initializeVolumeSet(173)) - Added Volume : /home/runner/work/ozone/ozone/hadoop-ozone/integration-test/target/test-dir/MiniOzoneClusterImpl-60426a9d-3de2-4373-b08b-24a22c9da129/datanode-4/data-0/containers/hdds to VolumeSet
2023-10-27 20:13:57,354 [main] INFO  volume.MutableVolumeSet (MutableVolumeSet.java:initializeVolumeSet(173)) - Added Volume : /home/runner/work/ozone/ozone/hadoop-ozone/integration-test/target/test-dir/MiniOzoneClusterImpl-60426a9d-3de2-4373-b08b-24a22c9da129/datanode-4/data/ratis to VolumeSet
2023-10-27 20:13:57,356 [1407d0d1-39ba-4bc0-b697-1e16e43cd838-ContainerReader-0] INFO  ozoneimpl.ContainerReader (ContainerReader.java:readVolume(177)) - Finish verifying containers on volume /home/runner/work/ozone/ozone/hadoop-ozone/integration-test/target/test-dir/MiniOzoneClusterImpl-60426a9d-3de2-4373-b08b-24a22c9da129/datanode-4/data-0/containers/hdds
2023-10-27 20:13:57,356 [main] INFO  ozoneimpl.OzoneContainer (OzoneContainer.java:buildContainerSet(326)) - Build ContainerSet costs 0s
2023-10-27 20:13:57,360 [main] INFO  server.RaftServer (ConfUtils.java:logGet(46)) - raft.rpc.type = GRPC (default)
2023-10-27 20:13:57,361 [main] INFO  grpc.GrpcConfigKeys (ConfUtils.java:logFallback(53)) - raft.grpc.admin.host = null (fallback to raft.grpc.server.host)
2023-10-27 20:13:57,361 [main] INFO  grpc.GrpcConfigKeys (ConfUtils.java:logGet(46)) - raft.grpc.admin.port = 15049 (custom)
2023-10-27 20:13:57,361 [main] INFO  grpc.GrpcConfigKeys (ConfUtils.java:logFallback(53)) - raft.grpc.client.host = null (fallback to raft.grpc.server.host)
2023-10-27 20:13:57,361 [main] INFO  grpc.GrpcConfigKeys (ConfUtils.java:logGet(46)) - raft.grpc.client.port = 15048 (custom)
2023-10-27 20:13:57,362 [main] INFO  grpc.GrpcConfigKeys (ConfUtils.java:logGet(46)) - raft.grpc.server.host = null (default)
2023-10-27 20:13:57,362 [main] INFO  grpc.GrpcConfigKeys (ConfUtils.java:logGet(46)) - raft.grpc.server.port = 15050 (custom)
2023-10-27 20:13:57,362 [main] INFO  server.GrpcService (ConfUtils.java:logGet(46)) - raft.grpc.message.size.max = 32MB (=33554432) (custom)
2023-10-27 20:13:57,362 [main] INFO  server.RaftServerConfigKeys (ConfUtils.java:logGet(46)) - raft.server.log.appender.buffer.byte-limit = 33554432 (custom)
2023-10-27 20:13:57,362 [main] INFO  server.GrpcService (ConfUtils.java:logGet(46)) - raft.grpc.flow.control.window = 5MB (=5242880) (custom)
2023-10-27 20:13:57,363 [main] INFO  server.RaftServerConfigKeys (ConfUtils.java:logGet(46)) - raft.server.rpc.request.timeout = 60s (custom)
2023-10-27 20:13:57,363 [main] INFO  grpc.GrpcConfigKeys (ConfUtils.java:logGet(46)) - raft.grpc.server.heartbeat.channel = true (default)
2023-10-27 20:13:57,366 [main] INFO  grpc.GrpcConfigKeys (ConfUtils.java:logGet(46)) - raft.grpc.server.async.request.thread.pool.cached = true (default)
2023-10-27 20:13:57,367 [main] INFO  grpc.GrpcConfigKeys (ConfUtils.java:logGet(46)) - raft.grpc.server.async.request.thread.pool.size = 32 (default)
2023-10-27 20:13:57,370 [main] INFO  impl.DataStreamServerImpl (ConfUtils.java:logGet(46)) - raft.datastream.type = NETTY (custom)
2023-10-27 20:13:57,375 [main] INFO  server.RaftServerConfigKeys (ConfUtils.java:logGet(46)) - raft.server.data-stream.async.request.thread.pool.cached = false (default)
2023-10-27 20:13:57,376 [main] INFO  server.RaftServerConfigKeys (ConfUtils.java:logGet(46)) - raft.server.data-stream.async.request.thread.pool.size = 20 (custom)
2023-10-27 20:13:57,377 [main] INFO  server.RaftServerConfigKeys (ConfUtils.java:logGet(46)) - raft.server.data-stream.async.write.thread.pool.size = 16 (default)
2023-10-27 20:13:57,377 [main] INFO  server.RaftServerConfigKeys (ConfUtils.java:logGet(46)) - raft.server.data-stream.client.pool.size = 10 (default)
2023-10-27 20:13:57,378 [main] INFO  netty.NettyConfigKeys$DataStream (ConfUtils.java:logGet(46)) - raft.netty.dataStream.server.use-epoll = false (default)
2023-10-27 20:13:57,378 [main] INFO  netty.NettyConfigKeys$DataStream (ConfUtils.java:logGet(46)) - raft.netty.dataStream.server.boss-group.size = 0 (default)
2023-10-27 20:13:57,380 [main] INFO  netty.NettyConfigKeys$DataStream (ConfUtils.java:logGet(46)) - raft.netty.dataStream.server.worker-group.size = 0 (default)
2023-10-27 20:13:57,382 [main] INFO  netty.NettyConfigKeys$DataStream (ConfUtils.java:logGet(46)) - raft.netty.dataStream.server.tls.conf = null (default)
2023-10-27 20:13:57,383 [main] INFO  netty.NettyConfigKeys$DataStream (ConfUtils.java:logGet(46)) - raft.netty.dataStream.host = null (default)
2023-10-27 20:13:57,384 [main] INFO  netty.NettyConfigKeys$DataStream (ConfUtils.java:logGet(46)) - raft.netty.dataStream.port = 15051 (custom)
2023-10-27 20:13:57,385 [main] INFO  server.RaftServerConfigKeys (ConfUtils.java:logGet(46)) - raft.server.threadpool.proxy.cached = true (default)
2023-10-27 20:13:57,385 [main] INFO  server.RaftServerConfigKeys (ConfUtils.java:logGet(46)) - raft.server.threadpool.proxy.size = 0 (default)
2023-10-27 20:13:57,385 [main] INFO  server.RaftServerConfigKeys (ConfUtils.java:logGet(46)) - raft.server.rpc.slowness.timeout = 300s (custom)
2023-10-27 20:13:57,385 [main] INFO  server.RaftServerConfigKeys (ConfUtils.java:logGet(46)) - raft.server.leaderelection.leader.step-down.wait-time = 10s (default)
2023-10-27 20:13:57,386 [main] INFO  server.RaftServerConfigKeys (ConfUtils.java:logGet(46)) - raft.server.storage.dir = [/home/runner/work/ozone/ozone/hadoop-ozone/integration-test/target/test-dir/MiniOzoneClusterImpl-60426a9d-3de2-4373-b08b-24a22c9da129/datanode-4/data/ratis] (custom)
2023-10-27 20:13:57,388 [1407d0d1-39ba-4bc0-b697-1e16e43cd838-impl-thread1] INFO  server.RaftServer (RaftServerProxy.java:initGroupDir(258)) - 1407d0d1-39ba-4bc0-b697-1e16e43cd838: found a subdirectory /home/runner/work/ozone/ozone/hadoop-ozone/integration-test/target/test-dir/MiniOzoneClusterImpl-60426a9d-3de2-4373-b08b-24a22c9da129/datanode-4/data/ratis/tmp
2023-10-27 20:13:57,389 [1407d0d1-39ba-4bc0-b697-1e16e43cd838-impl-thread1] INFO  server.RaftServer (RaftServerProxy.java:initGroupDir(263)) - 1407d0d1-39ba-4bc0-b697-1e16e43cd838: The directory /home/runner/work/ozone/ozone/hadoop-ozone/integration-test/target/test-dir/MiniOzoneClusterImpl-60426a9d-3de2-4373-b08b-24a22c9da129/datanode-4/data/ratis/tmp is not a group directory; ignoring it. 
2023-10-27 20:13:57,390 [main] INFO  replication.ReplicationServer (ReplicationServer.java:<init>(85)) - Initializing replication server with thread count = 10 queue length = 4096
2023-10-27 20:13:57,393 [main] INFO  server.XceiverServerGrpc (XceiverServerGrpc.java:<init>(135)) - GrpcServer channel type EpollServerSocketChannel
2023-10-27 20:13:57,396 [main] INFO  replication.ReplicationSupervisor (ReplicationSupervisor.java:build(163)) - Initializing replication supervisor with thread count = 10
2023-10-27 20:13:57,396 [main] INFO  replication.ReplicationSupervisor (ReplicationSupervisor.java:nodeStateUpdated(317)) - Node state updated to IN_SERVICE, scaling executor pool size to 10
2023-10-27 20:13:57,406 [1407d0d1-39ba-4bc0-b697-1e16e43cd838-NettyServerStreamRpc-bossGroup--thread1] INFO  logging.LoggingHandler (AbstractInternalLogger.java:log(148)) - [id: 0x55f7c548] REGISTERED
2023-10-27 20:13:57,407 [1407d0d1-39ba-4bc0-b697-1e16e43cd838-NettyServerStreamRpc-bossGroup--thread1] INFO  logging.LoggingHandler (AbstractInternalLogger.java:log(148)) - [id: 0x55f7c548] BIND: 0.0.0.0/0.0.0.0:15051
2023-10-27 20:13:57,407 [1407d0d1-39ba-4bc0-b697-1e16e43cd838-NettyServerStreamRpc-bossGroup--thread1] INFO  logging.LoggingHandler (AbstractInternalLogger.java:log(148)) - [id: 0x55f7c548, L:/0:0:0:0:0:0:0:0:15051] ACTIVE
2023-10-27 20:13:57,413 [main] INFO  http.BaseHttpServer (BaseHttpServer.java:newHttpServer2BuilderForOzone(223)) - Starting Web-server for hddsDatanode at: http://0.0.0.0:15045
2023-10-27 20:13:57,413 [main] INFO  http.BaseHttpServer (BaseHttpServer.java:<init>(110)) - Hadoop Security Enabled: false Ozone Security Enabled: false Ozone HTTP Security Enabled: false 
2023-10-27 20:13:57,416 [main] WARN  server.AuthenticationFilter (AuthenticationFilter.java:constructSecretProvider(240)) - Unable to initialize FileSignerSecretProvider, falling back to use random secrets. Reason: Could not read signature secret file: /home/runner/hadoop-http-auth-signature-secret
2023-10-27 20:13:57,422 [main] INFO  http.HttpRequestLog (HttpRequestLog.java:getRequestLog(86)) - Http request log for http.requests.hddsDatanode is not defined
2023-10-27 20:13:57,424 [main] INFO  http.HttpServer2 (HttpServer2.java:addGlobalFilter(1031)) - Added global filter 'safety' (class=org.apache.hadoop.hdds.server.http.HttpServer2$QuotingInputFilter)
2023-10-27 20:13:57,426 [main] INFO  http.HttpServer2 (HttpServer2.java:addFilter(1007)) - Added filter static_user_filter (class=org.apache.hadoop.http.lib.StaticUserWebFilter$StaticUserFilter) to context hddsDatanode
2023-10-27 20:13:57,426 [main] INFO  http.HttpServer2 (HttpServer2.java:addFilter(1015)) - Added filter static_user_filter (class=org.apache.hadoop.http.lib.StaticUserWebFilter$StaticUserFilter) to context logs
2023-10-27 20:13:57,426 [main] INFO  http.HttpServer2 (HttpServer2.java:addFilter(1015)) - Added filter static_user_filter (class=org.apache.hadoop.http.lib.StaticUserWebFilter$StaticUserFilter) to context static
2023-10-27 20:13:57,427 [main] INFO  http.BaseHttpServer (BaseHttpServer.java:<init>(189)) - HTTP server of hddsDatanode uses base directory /home/runner/work/ozone/ozone/hadoop-ozone/integration-test/target/test-dir/MiniOzoneClusterImpl-60426a9d-3de2-4373-b08b-24a22c9da129/datanode-4/meta/webserver
2023-10-27 20:13:57,428 [main] INFO  http.HttpServer2 (HttpServer2.java:bindListener(1231)) - Jetty bound to port 15045
2023-10-27 20:13:57,428 [main] INFO  server.Server (Server.java:doStart(375)) - jetty-9.4.53.v20231009; built: 2023-10-09T12:29:09.265Z; git: 27bde00a0b95a1d5bbee0eae7984f891d2d0f8c9; jvm 1.8.0_382-b05
2023-10-27 20:13:57,430 [main] INFO  server.session (DefaultSessionIdManager.java:doStart(334)) - DefaultSessionIdManager workerName=node0
2023-10-27 20:13:57,431 [main] INFO  server.session (DefaultSessionIdManager.java:doStart(339)) - No SessionScavenger set, using defaults
2023-10-27 20:13:57,431 [main] INFO  server.session (HouseKeeper.java:startScavenging(132)) - node0 Scavenging every 600000ms
2023-10-27 20:13:57,432 [main] INFO  handler.ContextHandler (ContextHandler.java:doStart(921)) - Started o.e.j.s.ServletContextHandler@3abbffd9{logs,/logs,file:///home/runner/work/ozone/ozone/hadoop-ozone/integration-test/target/log,AVAILABLE}
2023-10-27 20:13:57,434 [main] INFO  handler.ContextHandler (ContextHandler.java:doStart(921)) - Started o.e.j.s.ServletContextHandler@1fbd9e5f{static,/static,jar:file:/home/runner/.m2/repository/org/apache/ozone/hdds-container-service/1.4.0-SNAPSHOT/hdds-container-service-1.4.0-SNAPSHOT.jar!/webapps/static,AVAILABLE}
2023-10-27 20:13:57,489 [main] INFO  handler.ContextHandler (ContextHandler.java:doStart(921)) - Started o.e.j.w.WebAppContext@399a4cd1{hddsDatanode,/,file:///home/runner/work/ozone/ozone/hadoop-ozone/integration-test/target/test-dir/MiniOzoneClusterImpl-60426a9d-3de2-4373-b08b-24a22c9da129/datanode-4/meta/webserver/jetty-0_0_0_0-15045-hdds-container-service-1_4_0-SNAPSHOT_jar-_-any-869988239846024300/webapp/,AVAILABLE}{jar:file:/home/runner/.m2/repository/org/apache/ozone/hdds-container-service/1.4.0-SNAPSHOT/hdds-container-service-1.4.0-SNAPSHOT.jar!/webapps/hddsDatanode}
2023-10-27 20:13:57,491 [main] INFO  server.AbstractConnector (AbstractConnector.java:doStart(333)) - Started ServerConnector@27a60d16{HTTP/1.1, (http/1.1)}{0.0.0.0:15045}
2023-10-27 20:13:57,492 [main] INFO  server.Server (Server.java:doStart(415)) - Started @15744ms
2023-10-27 20:13:57,492 [main] WARN  impl.MetricsSystemImpl (MetricsSystemImpl.java:register(279)) - Sink prometheus already exists!
2023-10-27 20:13:57,493 [main] INFO  http.BaseHttpServer (BaseHttpServer.java:updateConnectorAddress(354)) - HTTP server of hddsDatanode listening at http://0.0.0.0:15045
2023-10-27 20:13:57,494 [main] INFO  ipc.CallQueueManager (CallQueueManager.java:<init>(90)) - Using callQueue: class java.util.concurrent.LinkedBlockingQueue, queueCapacity: 100, scheduler: class org.apache.hadoop.ipc.DefaultRpcScheduler, ipcBackoff: false.
2023-10-27 20:13:57,495 [main] INFO  ipc.Server (Server.java:<init>(1287)) - Listener at 0.0.0.0:15046
2023-10-27 20:13:57,495 [Socket Reader #1 for port 15046] INFO  ipc.Server (Server.java:run(1323)) - Starting Socket Reader #1 for port 15046
2023-10-27 20:13:57,503 [main] INFO  ozone.HddsDatanodeService (HddsDatanodeService.java:start(325)) - Datanode start with admins: [runner]
2023-10-27 20:13:57,503 [main] INFO  ozone.HddsDatanodeClientProtocolServer (HddsDatanodeClientProtocolServer.java:start(72)) - RPC server for Client /0.0.0.0:15046
2023-10-27 20:13:57,504 [IPC Server Responder] INFO  ipc.Server (Server.java:run(1562)) - IPC Server Responder: starting
2023-10-27 20:13:57,504 [IPC Server listener on 15046] INFO  ipc.Server (Server.java:run(1402)) - IPC Server listener on 15046: starting
2023-10-27 20:13:57,505 [main] WARN  impl.MetricRegistriesImpl (MetricRegistriesImpl.java:addReporterRegistration(111)) - New reporters are added after registries were created. Some metrics will be missing from the reporter. Please add reporter before adding any new registry.
2023-10-27 20:13:57,505 [main] WARN  impl.MetricRegistriesImpl (MetricRegistriesImpl.java:addReporterRegistration(111)) - New reporters are added after registries were created. Some metrics will be missing from the reporter. Please add reporter before adding any new registry.
2023-10-27 20:13:57,505 [main] INFO  impl.MetricsSystemImpl (MetricsSystemImpl.java:init(158)) - HddsDatanode metrics system started (again)
2023-10-27 20:13:57,516 [1407d0d1-39ba-4bc0-b697-1e16e43cd838-DatanodeStateMachineDaemonThread] INFO  statemachine.DatanodeStateMachine (DatanodeStateMachine.java:lambda$startDaemon$1(555)) - Ozone container server started.
2023-10-27 20:13:57,535 [main] INFO  ozone.HddsDatanodeService (HddsDatanodeService.java:start(240)) - HddsDatanodeService host:fv-az342-943 ip:10.1.0.32
2023-10-27 20:13:57,537 [1407d0d1-39ba-4bc0-b697-1e16e43cd838-DatanodeStateMachineTaskThread-0] INFO  datanode.InitDatanodeState (InitDatanodeState.java:persistContainerDatanodeDetails(139)) - DatanodeDetails is persisted to /home/runner/work/ozone/ozone/hadoop-ozone/integration-test/target/test-dir/MiniOzoneClusterImpl-60426a9d-3de2-4373-b08b-24a22c9da129/datanode-4/meta/datanode.id
2023-10-27 20:13:57,575 [main] INFO  upgrade.AbstractLayoutVersionManager (AbstractLayoutVersionManager.java:init(83)) - Initializing Layout version manager with metadata layout = HADOOP_PRC_PORTS_IN_DATANODEDETAILS (version = 7), software layout = HADOOP_PRC_PORTS_IN_DATANODEDETAILS (version = 7)
2023-10-27 20:13:57,577 [main] INFO  statemachine.DatanodeStateMachine (DatanodeStateMachine.java:getEndPointTaskThreadPoolSize(299)) - Datanode State Machine Task Thread Pool size 2
2023-10-27 20:13:57,579 [main] INFO  volume.HddsVolume (HddsVolume.java:<init>(126)) - Creating HddsVolume: /home/runner/work/ozone/ozone/hadoop-ozone/integration-test/target/test-dir/MiniOzoneClusterImpl-60426a9d-3de2-4373-b08b-24a22c9da129/datanode-5/data-0/containers/hdds of storage type : DISK capacity : 9223372036854775807
2023-10-27 20:13:57,580 [main] INFO  volume.MutableVolumeSet (MutableVolumeSet.java:initializeVolumeSet(173)) - Added Volume : /home/runner/work/ozone/ozone/hadoop-ozone/integration-test/target/test-dir/MiniOzoneClusterImpl-60426a9d-3de2-4373-b08b-24a22c9da129/datanode-5/data-0/containers/hdds to VolumeSet
2023-10-27 20:13:57,582 [main] INFO  volume.MutableVolumeSet (MutableVolumeSet.java:initializeVolumeSet(173)) - Added Volume : /home/runner/work/ozone/ozone/hadoop-ozone/integration-test/target/test-dir/MiniOzoneClusterImpl-60426a9d-3de2-4373-b08b-24a22c9da129/datanode-5/data/ratis to VolumeSet
2023-10-27 20:13:57,589 [23554148-3e4d-431f-a73e-f2401dbff1d4-ContainerReader-0] INFO  ozoneimpl.ContainerReader (ContainerReader.java:readVolume(177)) - Finish verifying containers on volume /home/runner/work/ozone/ozone/hadoop-ozone/integration-test/target/test-dir/MiniOzoneClusterImpl-60426a9d-3de2-4373-b08b-24a22c9da129/datanode-5/data-0/containers/hdds
2023-10-27 20:13:57,589 [main] INFO  ozoneimpl.OzoneContainer (OzoneContainer.java:buildContainerSet(326)) - Build ContainerSet costs 0s
2023-10-27 20:13:57,598 [main] INFO  server.RaftServer (ConfUtils.java:logGet(46)) - raft.rpc.type = GRPC (default)
2023-10-27 20:13:57,599 [main] INFO  grpc.GrpcConfigKeys (ConfUtils.java:logFallback(53)) - raft.grpc.admin.host = null (fallback to raft.grpc.server.host)
2023-10-27 20:13:57,600 [main] INFO  grpc.GrpcConfigKeys (ConfUtils.java:logGet(46)) - raft.grpc.admin.port = 15058 (custom)
2023-10-27 20:13:57,600 [main] INFO  grpc.GrpcConfigKeys (ConfUtils.java:logFallback(53)) - raft.grpc.client.host = null (fallback to raft.grpc.server.host)
2023-10-27 20:13:57,601 [main] INFO  grpc.GrpcConfigKeys (ConfUtils.java:logGet(46)) - raft.grpc.client.port = 15057 (custom)
2023-10-27 20:13:57,601 [main] INFO  grpc.GrpcConfigKeys (ConfUtils.java:logGet(46)) - raft.grpc.server.host = null (default)
2023-10-27 20:13:57,602 [main] INFO  grpc.GrpcConfigKeys (ConfUtils.java:logGet(46)) - raft.grpc.server.port = 15059 (custom)
2023-10-27 20:13:57,603 [main] INFO  server.GrpcService (ConfUtils.java:logGet(46)) - raft.grpc.message.size.max = 32MB (=33554432) (custom)
2023-10-27 20:13:57,606 [main] INFO  server.RaftServerConfigKeys (ConfUtils.java:logGet(46)) - raft.server.log.appender.buffer.byte-limit = 33554432 (custom)
2023-10-27 20:13:57,610 [main] INFO  server.GrpcService (ConfUtils.java:logGet(46)) - raft.grpc.flow.control.window = 5MB (=5242880) (custom)
2023-10-27 20:13:57,611 [main] INFO  server.RaftServerConfigKeys (ConfUtils.java:logGet(46)) - raft.server.rpc.request.timeout = 60s (custom)
2023-10-27 20:13:57,611 [main] INFO  grpc.GrpcConfigKeys (ConfUtils.java:logGet(46)) - raft.grpc.server.heartbeat.channel = true (default)
2023-10-27 20:13:57,611 [main] INFO  grpc.GrpcConfigKeys (ConfUtils.java:logGet(46)) - raft.grpc.server.async.request.thread.pool.cached = true (default)
2023-10-27 20:13:57,611 [main] INFO  grpc.GrpcConfigKeys (ConfUtils.java:logGet(46)) - raft.grpc.server.async.request.thread.pool.size = 32 (default)
2023-10-27 20:13:57,617 [main] INFO  impl.DataStreamServerImpl (ConfUtils.java:logGet(46)) - raft.datastream.type = NETTY (custom)
2023-10-27 20:13:57,618 [main] INFO  server.RaftServerConfigKeys (ConfUtils.java:logGet(46)) - raft.server.data-stream.async.request.thread.pool.cached = false (default)
2023-10-27 20:13:57,618 [main] INFO  server.RaftServerConfigKeys (ConfUtils.java:logGet(46)) - raft.server.data-stream.async.request.thread.pool.size = 20 (custom)
2023-10-27 20:13:57,619 [main] INFO  server.RaftServerConfigKeys (ConfUtils.java:logGet(46)) - raft.server.data-stream.async.write.thread.pool.size = 16 (default)
2023-10-27 20:13:57,619 [main] INFO  server.RaftServerConfigKeys (ConfUtils.java:logGet(46)) - raft.server.data-stream.client.pool.size = 10 (default)
2023-10-27 20:13:57,619 [main] INFO  netty.NettyConfigKeys$DataStream (ConfUtils.java:logGet(46)) - raft.netty.dataStream.server.use-epoll = false (default)
2023-10-27 20:13:57,619 [main] INFO  netty.NettyConfigKeys$DataStream (ConfUtils.java:logGet(46)) - raft.netty.dataStream.server.boss-group.size = 0 (default)
2023-10-27 20:13:57,620 [main] INFO  netty.NettyConfigKeys$DataStream (ConfUtils.java:logGet(46)) - raft.netty.dataStream.server.worker-group.size = 0 (default)
2023-10-27 20:13:57,621 [main] INFO  netty.NettyConfigKeys$DataStream (ConfUtils.java:logGet(46)) - raft.netty.dataStream.server.tls.conf = null (default)
2023-10-27 20:13:57,621 [main] INFO  netty.NettyConfigKeys$DataStream (ConfUtils.java:logGet(46)) - raft.netty.dataStream.host = null (default)
2023-10-27 20:13:57,621 [main] INFO  netty.NettyConfigKeys$DataStream (ConfUtils.java:logGet(46)) - raft.netty.dataStream.port = 15060 (custom)
2023-10-27 20:13:57,623 [main] INFO  server.RaftServerConfigKeys (ConfUtils.java:logGet(46)) - raft.server.threadpool.proxy.cached = true (default)
2023-10-27 20:13:57,629 [main] INFO  server.RaftServerConfigKeys (ConfUtils.java:logGet(46)) - raft.server.threadpool.proxy.size = 0 (default)
2023-10-27 20:13:57,630 [main] INFO  server.RaftServerConfigKeys (ConfUtils.java:logGet(46)) - raft.server.rpc.slowness.timeout = 300s (custom)
2023-10-27 20:13:57,631 [main] INFO  server.RaftServerConfigKeys (ConfUtils.java:logGet(46)) - raft.server.leaderelection.leader.step-down.wait-time = 10s (default)
2023-10-27 20:13:57,632 [main] INFO  server.RaftServerConfigKeys (ConfUtils.java:logGet(46)) - raft.server.storage.dir = [/home/runner/work/ozone/ozone/hadoop-ozone/integration-test/target/test-dir/MiniOzoneClusterImpl-60426a9d-3de2-4373-b08b-24a22c9da129/datanode-5/data/ratis] (custom)
2023-10-27 20:13:57,630 [23554148-3e4d-431f-a73e-f2401dbff1d4-NettyServerStreamRpc-bossGroup--thread1] INFO  logging.LoggingHandler (AbstractInternalLogger.java:log(148)) - [id: 0xe0c5ebc0] REGISTERED
2023-10-27 20:13:57,635 [23554148-3e4d-431f-a73e-f2401dbff1d4-impl-thread1] INFO  server.RaftServer (RaftServerProxy.java:initGroupDir(258)) - 23554148-3e4d-431f-a73e-f2401dbff1d4: found a subdirectory /home/runner/work/ozone/ozone/hadoop-ozone/integration-test/target/test-dir/MiniOzoneClusterImpl-60426a9d-3de2-4373-b08b-24a22c9da129/datanode-5/data/ratis/tmp
2023-10-27 20:13:57,635 [23554148-3e4d-431f-a73e-f2401dbff1d4-impl-thread1] INFO  server.RaftServer (RaftServerProxy.java:initGroupDir(263)) - 23554148-3e4d-431f-a73e-f2401dbff1d4: The directory /home/runner/work/ozone/ozone/hadoop-ozone/integration-test/target/test-dir/MiniOzoneClusterImpl-60426a9d-3de2-4373-b08b-24a22c9da129/datanode-5/data/ratis/tmp is not a group directory; ignoring it. 
2023-10-27 20:13:57,636 [main] INFO  replication.ReplicationServer (ReplicationServer.java:<init>(85)) - Initializing replication server with thread count = 10 queue length = 4096
2023-10-27 20:13:57,635 [23554148-3e4d-431f-a73e-f2401dbff1d4-NettyServerStreamRpc-bossGroup--thread1] INFO  logging.LoggingHandler (AbstractInternalLogger.java:log(148)) - [id: 0xe0c5ebc0] BIND: 0.0.0.0/0.0.0.0:15060
2023-10-27 20:13:57,637 [23554148-3e4d-431f-a73e-f2401dbff1d4-NettyServerStreamRpc-bossGroup--thread1] INFO  logging.LoggingHandler (AbstractInternalLogger.java:log(148)) - [id: 0xe0c5ebc0, L:/0:0:0:0:0:0:0:0:15060] ACTIVE
2023-10-27 20:13:57,638 [main] INFO  server.XceiverServerGrpc (XceiverServerGrpc.java:<init>(135)) - GrpcServer channel type EpollServerSocketChannel
2023-10-27 20:13:57,642 [main] INFO  replication.ReplicationSupervisor (ReplicationSupervisor.java:build(163)) - Initializing replication supervisor with thread count = 10
2023-10-27 20:13:57,644 [main] INFO  replication.ReplicationSupervisor (ReplicationSupervisor.java:nodeStateUpdated(317)) - Node state updated to IN_SERVICE, scaling executor pool size to 10
2023-10-27 20:13:57,648 [main] INFO  http.BaseHttpServer (BaseHttpServer.java:newHttpServer2BuilderForOzone(223)) - Starting Web-server for hddsDatanode at: http://0.0.0.0:15054
2023-10-27 20:13:57,649 [main] INFO  http.BaseHttpServer (BaseHttpServer.java:<init>(110)) - Hadoop Security Enabled: false Ozone Security Enabled: false Ozone HTTP Security Enabled: false 
2023-10-27 20:13:57,651 [main] WARN  server.AuthenticationFilter (AuthenticationFilter.java:constructSecretProvider(240)) - Unable to initialize FileSignerSecretProvider, falling back to use random secrets. Reason: Could not read signature secret file: /home/runner/hadoop-http-auth-signature-secret
2023-10-27 20:13:57,654 [main] INFO  http.HttpRequestLog (HttpRequestLog.java:getRequestLog(86)) - Http request log for http.requests.hddsDatanode is not defined
2023-10-27 20:13:57,657 [main] INFO  http.HttpServer2 (HttpServer2.java:addGlobalFilter(1031)) - Added global filter 'safety' (class=org.apache.hadoop.hdds.server.http.HttpServer2$QuotingInputFilter)
2023-10-27 20:13:57,658 [main] INFO  http.HttpServer2 (HttpServer2.java:addFilter(1007)) - Added filter static_user_filter (class=org.apache.hadoop.http.lib.StaticUserWebFilter$StaticUserFilter) to context hddsDatanode
2023-10-27 20:13:57,659 [main] INFO  http.HttpServer2 (HttpServer2.java:addFilter(1015)) - Added filter static_user_filter (class=org.apache.hadoop.http.lib.StaticUserWebFilter$StaticUserFilter) to context static
2023-10-27 20:13:57,660 [main] INFO  http.HttpServer2 (HttpServer2.java:addFilter(1015)) - Added filter static_user_filter (class=org.apache.hadoop.http.lib.StaticUserWebFilter$StaticUserFilter) to context logs
2023-10-27 20:13:57,664 [main] INFO  http.BaseHttpServer (BaseHttpServer.java:<init>(189)) - HTTP server of hddsDatanode uses base directory /home/runner/work/ozone/ozone/hadoop-ozone/integration-test/target/test-dir/MiniOzoneClusterImpl-60426a9d-3de2-4373-b08b-24a22c9da129/datanode-5/meta/webserver
2023-10-27 20:13:57,665 [main] INFO  http.HttpServer2 (HttpServer2.java:bindListener(1231)) - Jetty bound to port 15054
2023-10-27 20:13:57,665 [main] INFO  server.Server (Server.java:doStart(375)) - jetty-9.4.53.v20231009; built: 2023-10-09T12:29:09.265Z; git: 27bde00a0b95a1d5bbee0eae7984f891d2d0f8c9; jvm 1.8.0_382-b05
2023-10-27 20:13:57,668 [main] INFO  server.session (DefaultSessionIdManager.java:doStart(334)) - DefaultSessionIdManager workerName=node0
2023-10-27 20:13:57,669 [main] INFO  server.session (DefaultSessionIdManager.java:doStart(339)) - No SessionScavenger set, using defaults
2023-10-27 20:13:57,669 [main] INFO  server.session (HouseKeeper.java:startScavenging(132)) - node0 Scavenging every 600000ms
2023-10-27 20:13:57,672 [main] INFO  handler.ContextHandler (ContextHandler.java:doStart(921)) - Started o.e.j.s.ServletContextHandler@12019819{logs,/logs,file:///home/runner/work/ozone/ozone/hadoop-ozone/integration-test/target/log,AVAILABLE}
2023-10-27 20:13:57,675 [main] INFO  handler.ContextHandler (ContextHandler.java:doStart(921)) - Started o.e.j.s.ServletContextHandler@2459db3c{static,/static,jar:file:/home/runner/.m2/repository/org/apache/ozone/hdds-container-service/1.4.0-SNAPSHOT/hdds-container-service-1.4.0-SNAPSHOT.jar!/webapps/static,AVAILABLE}
2023-10-27 20:13:57,752 [main] INFO  handler.ContextHandler (ContextHandler.java:doStart(921)) - Started o.e.j.w.WebAppContext@1e0ae372{hddsDatanode,/,file:///home/runner/work/ozone/ozone/hadoop-ozone/integration-test/target/test-dir/MiniOzoneClusterImpl-60426a9d-3de2-4373-b08b-24a22c9da129/datanode-5/meta/webserver/jetty-0_0_0_0-15054-hdds-container-service-1_4_0-SNAPSHOT_jar-_-any-5795808449088877163/webapp/,AVAILABLE}{jar:file:/home/runner/.m2/repository/org/apache/ozone/hdds-container-service/1.4.0-SNAPSHOT/hdds-container-service-1.4.0-SNAPSHOT.jar!/webapps/hddsDatanode}
2023-10-27 20:13:57,755 [main] INFO  server.AbstractConnector (AbstractConnector.java:doStart(333)) - Started ServerConnector@18b47bc6{HTTP/1.1, (http/1.1)}{0.0.0.0:15054}
2023-10-27 20:13:57,755 [main] INFO  server.Server (Server.java:doStart(415)) - Started @16007ms
2023-10-27 20:13:57,756 [main] WARN  impl.MetricsSystemImpl (MetricsSystemImpl.java:register(279)) - Sink prometheus already exists!
2023-10-27 20:13:57,757 [main] INFO  http.BaseHttpServer (BaseHttpServer.java:updateConnectorAddress(354)) - HTTP server of hddsDatanode listening at http://0.0.0.0:15054
2023-10-27 20:13:57,759 [main] INFO  ipc.CallQueueManager (CallQueueManager.java:<init>(90)) - Using callQueue: class java.util.concurrent.LinkedBlockingQueue, queueCapacity: 100, scheduler: class org.apache.hadoop.ipc.DefaultRpcScheduler, ipcBackoff: false.
2023-10-27 20:13:57,759 [main] INFO  ipc.Server (Server.java:<init>(1287)) - Listener at 0.0.0.0:15055
2023-10-27 20:13:57,760 [Socket Reader #1 for port 15055] INFO  ipc.Server (Server.java:run(1323)) - Starting Socket Reader #1 for port 15055
2023-10-27 20:13:57,766 [main] INFO  ozone.HddsDatanodeService (HddsDatanodeService.java:start(325)) - Datanode start with admins: [runner]
2023-10-27 20:13:57,767 [main] INFO  ozone.HddsDatanodeClientProtocolServer (HddsDatanodeClientProtocolServer.java:start(72)) - RPC server for Client /0.0.0.0:15055
2023-10-27 20:13:57,768 [IPC Server Responder] INFO  ipc.Server (Server.java:run(1562)) - IPC Server Responder: starting
2023-10-27 20:13:57,769 [IPC Server listener on 15055] INFO  ipc.Server (Server.java:run(1402)) - IPC Server listener on 15055: starting
2023-10-27 20:13:57,770 [main] WARN  impl.MetricRegistriesImpl (MetricRegistriesImpl.java:addReporterRegistration(111)) - New reporters are added after registries were created. Some metrics will be missing from the reporter. Please add reporter before adding any new registry.
2023-10-27 20:13:57,770 [main] WARN  impl.MetricRegistriesImpl (MetricRegistriesImpl.java:addReporterRegistration(111)) - New reporters are added after registries were created. Some metrics will be missing from the reporter. Please add reporter before adding any new registry.
2023-10-27 20:13:57,770 [main] INFO  impl.MetricsSystemImpl (MetricsSystemImpl.java:init(158)) - HddsDatanode metrics system started (again)
2023-10-27 20:13:57,778 [23554148-3e4d-431f-a73e-f2401dbff1d4-DatanodeStateMachineDaemonThread] INFO  statemachine.DatanodeStateMachine (DatanodeStateMachine.java:lambda$startDaemon$1(555)) - Ozone container server started.
2023-10-27 20:13:57,786 [23554148-3e4d-431f-a73e-f2401dbff1d4-DatanodeStateMachineTaskThread-0] INFO  datanode.InitDatanodeState (InitDatanodeState.java:persistContainerDatanodeDetails(139)) - DatanodeDetails is persisted to /home/runner/work/ozone/ozone/hadoop-ozone/integration-test/target/test-dir/MiniOzoneClusterImpl-60426a9d-3de2-4373-b08b-24a22c9da129/datanode-5/meta/datanode.id
2023-10-27 20:13:57,797 [main] INFO  ozone.HddsDatanodeService (HddsDatanodeService.java:start(240)) - HddsDatanodeService host:fv-az342-943 ip:10.1.0.32
2023-10-27 20:13:57,841 [main] INFO  upgrade.AbstractLayoutVersionManager (AbstractLayoutVersionManager.java:init(83)) - Initializing Layout version manager with metadata layout = HADOOP_PRC_PORTS_IN_DATANODEDETAILS (version = 7), software layout = HADOOP_PRC_PORTS_IN_DATANODEDETAILS (version = 7)
2023-10-27 20:13:57,844 [main] INFO  statemachine.DatanodeStateMachine (DatanodeStateMachine.java:getEndPointTaskThreadPoolSize(299)) - Datanode State Machine Task Thread Pool size 2
2023-10-27 20:13:57,858 [main] INFO  volume.HddsVolume (HddsVolume.java:<init>(126)) - Creating HddsVolume: /home/runner/work/ozone/ozone/hadoop-ozone/integration-test/target/test-dir/MiniOzoneClusterImpl-60426a9d-3de2-4373-b08b-24a22c9da129/datanode-6/data-0/containers/hdds of storage type : DISK capacity : 9223372036854775807
2023-10-27 20:13:57,860 [main] INFO  volume.MutableVolumeSet (MutableVolumeSet.java:initializeVolumeSet(173)) - Added Volume : /home/runner/work/ozone/ozone/hadoop-ozone/integration-test/target/test-dir/MiniOzoneClusterImpl-60426a9d-3de2-4373-b08b-24a22c9da129/datanode-6/data-0/containers/hdds to VolumeSet
2023-10-27 20:13:57,864 [main] INFO  volume.MutableVolumeSet (MutableVolumeSet.java:initializeVolumeSet(173)) - Added Volume : /home/runner/work/ozone/ozone/hadoop-ozone/integration-test/target/test-dir/MiniOzoneClusterImpl-60426a9d-3de2-4373-b08b-24a22c9da129/datanode-6/data/ratis to VolumeSet
2023-10-27 20:13:57,899 [fe9b02b7-73ff-430f-9d75-1483ab7beb41-ContainerReader-0] INFO  ozoneimpl.ContainerReader (ContainerReader.java:readVolume(177)) - Finish verifying containers on volume /home/runner/work/ozone/ozone/hadoop-ozone/integration-test/target/test-dir/MiniOzoneClusterImpl-60426a9d-3de2-4373-b08b-24a22c9da129/datanode-6/data-0/containers/hdds
2023-10-27 20:13:57,900 [main] INFO  ozoneimpl.OzoneContainer (OzoneContainer.java:buildContainerSet(326)) - Build ContainerSet costs 0s
2023-10-27 20:13:57,908 [main] INFO  server.RaftServer (ConfUtils.java:logGet(46)) - raft.rpc.type = GRPC (default)
2023-10-27 20:13:57,908 [main] INFO  grpc.GrpcConfigKeys (ConfUtils.java:logFallback(53)) - raft.grpc.admin.host = null (fallback to raft.grpc.server.host)
2023-10-27 20:13:57,909 [main] INFO  grpc.GrpcConfigKeys (ConfUtils.java:logGet(46)) - raft.grpc.admin.port = 15067 (custom)
2023-10-27 20:13:57,909 [main] INFO  grpc.GrpcConfigKeys (ConfUtils.java:logFallback(53)) - raft.grpc.client.host = null (fallback to raft.grpc.server.host)
2023-10-27 20:13:57,910 [main] INFO  grpc.GrpcConfigKeys (ConfUtils.java:logGet(46)) - raft.grpc.client.port = 15066 (custom)
2023-10-27 20:13:57,910 [main] INFO  grpc.GrpcConfigKeys (ConfUtils.java:logGet(46)) - raft.grpc.server.host = null (default)
2023-10-27 20:13:57,910 [main] INFO  grpc.GrpcConfigKeys (ConfUtils.java:logGet(46)) - raft.grpc.server.port = 15068 (custom)
2023-10-27 20:13:57,910 [main] INFO  server.GrpcService (ConfUtils.java:logGet(46)) - raft.grpc.message.size.max = 32MB (=33554432) (custom)
2023-10-27 20:13:57,910 [main] INFO  server.RaftServerConfigKeys (ConfUtils.java:logGet(46)) - raft.server.log.appender.buffer.byte-limit = 33554432 (custom)
2023-10-27 20:13:57,911 [main] INFO  server.GrpcService (ConfUtils.java:logGet(46)) - raft.grpc.flow.control.window = 5MB (=5242880) (custom)
2023-10-27 20:13:57,911 [main] INFO  server.RaftServerConfigKeys (ConfUtils.java:logGet(46)) - raft.server.rpc.request.timeout = 60s (custom)
2023-10-27 20:13:57,911 [main] INFO  grpc.GrpcConfigKeys (ConfUtils.java:logGet(46)) - raft.grpc.server.heartbeat.channel = true (default)
2023-10-27 20:13:57,911 [main] INFO  grpc.GrpcConfigKeys (ConfUtils.java:logGet(46)) - raft.grpc.server.async.request.thread.pool.cached = true (default)
2023-10-27 20:13:57,912 [main] INFO  grpc.GrpcConfigKeys (ConfUtils.java:logGet(46)) - raft.grpc.server.async.request.thread.pool.size = 32 (default)
2023-10-27 20:13:57,917 [main] INFO  impl.DataStreamServerImpl (ConfUtils.java:logGet(46)) - raft.datastream.type = NETTY (custom)
2023-10-27 20:13:57,917 [main] INFO  server.RaftServerConfigKeys (ConfUtils.java:logGet(46)) - raft.server.data-stream.async.request.thread.pool.cached = false (default)
2023-10-27 20:13:57,918 [main] INFO  server.RaftServerConfigKeys (ConfUtils.java:logGet(46)) - raft.server.data-stream.async.request.thread.pool.size = 20 (custom)
2023-10-27 20:13:57,918 [main] INFO  server.RaftServerConfigKeys (ConfUtils.java:logGet(46)) - raft.server.data-stream.async.write.thread.pool.size = 16 (default)
2023-10-27 20:13:57,918 [main] INFO  server.RaftServerConfigKeys (ConfUtils.java:logGet(46)) - raft.server.data-stream.client.pool.size = 10 (default)
2023-10-27 20:13:57,918 [main] INFO  netty.NettyConfigKeys$DataStream (ConfUtils.java:logGet(46)) - raft.netty.dataStream.server.use-epoll = false (default)
2023-10-27 20:13:57,919 [main] INFO  netty.NettyConfigKeys$DataStream (ConfUtils.java:logGet(46)) - raft.netty.dataStream.server.boss-group.size = 0 (default)
2023-10-27 20:13:57,919 [main] INFO  netty.NettyConfigKeys$DataStream (ConfUtils.java:logGet(46)) - raft.netty.dataStream.server.worker-group.size = 0 (default)
2023-10-27 20:13:57,920 [main] INFO  netty.NettyConfigKeys$DataStream (ConfUtils.java:logGet(46)) - raft.netty.dataStream.server.tls.conf = null (default)
2023-10-27 20:13:57,920 [main] INFO  netty.NettyConfigKeys$DataStream (ConfUtils.java:logGet(46)) - raft.netty.dataStream.host = null (default)
2023-10-27 20:13:57,920 [main] INFO  netty.NettyConfigKeys$DataStream (ConfUtils.java:logGet(46)) - raft.netty.dataStream.port = 15069 (custom)
2023-10-27 20:13:57,922 [main] INFO  server.RaftServerConfigKeys (ConfUtils.java:logGet(46)) - raft.server.threadpool.proxy.cached = true (default)
2023-10-27 20:13:57,922 [main] INFO  server.RaftServerConfigKeys (ConfUtils.java:logGet(46)) - raft.server.threadpool.proxy.size = 0 (default)
2023-10-27 20:13:57,923 [main] INFO  server.RaftServerConfigKeys (ConfUtils.java:logGet(46)) - raft.server.rpc.slowness.timeout = 300s (custom)
2023-10-27 20:13:57,923 [main] INFO  server.RaftServerConfigKeys (ConfUtils.java:logGet(46)) - raft.server.leaderelection.leader.step-down.wait-time = 10s (default)
2023-10-27 20:13:57,924 [main] INFO  server.RaftServerConfigKeys (ConfUtils.java:logGet(46)) - raft.server.storage.dir = [/home/runner/work/ozone/ozone/hadoop-ozone/integration-test/target/test-dir/MiniOzoneClusterImpl-60426a9d-3de2-4373-b08b-24a22c9da129/datanode-6/data/ratis] (custom)
2023-10-27 20:13:57,936 [fe9b02b7-73ff-430f-9d75-1483ab7beb41-impl-thread1] INFO  server.RaftServer (RaftServerProxy.java:initGroupDir(258)) - fe9b02b7-73ff-430f-9d75-1483ab7beb41: found a subdirectory /home/runner/work/ozone/ozone/hadoop-ozone/integration-test/target/test-dir/MiniOzoneClusterImpl-60426a9d-3de2-4373-b08b-24a22c9da129/datanode-6/data/ratis/tmp
2023-10-27 20:13:57,936 [fe9b02b7-73ff-430f-9d75-1483ab7beb41-impl-thread1] INFO  server.RaftServer (RaftServerProxy.java:initGroupDir(263)) - fe9b02b7-73ff-430f-9d75-1483ab7beb41: The directory /home/runner/work/ozone/ozone/hadoop-ozone/integration-test/target/test-dir/MiniOzoneClusterImpl-60426a9d-3de2-4373-b08b-24a22c9da129/datanode-6/data/ratis/tmp is not a group directory; ignoring it. 
2023-10-27 20:13:57,936 [main] INFO  replication.ReplicationServer (ReplicationServer.java:<init>(85)) - Initializing replication server with thread count = 10 queue length = 4096
2023-10-27 20:13:57,938 [main] INFO  server.XceiverServerGrpc (XceiverServerGrpc.java:<init>(135)) - GrpcServer channel type EpollServerSocketChannel
2023-10-27 20:13:57,942 [main] INFO  replication.ReplicationSupervisor (ReplicationSupervisor.java:build(163)) - Initializing replication supervisor with thread count = 10
2023-10-27 20:13:57,943 [main] INFO  replication.ReplicationSupervisor (ReplicationSupervisor.java:nodeStateUpdated(317)) - Node state updated to IN_SERVICE, scaling executor pool size to 10
2023-10-27 20:13:57,947 [fe9b02b7-73ff-430f-9d75-1483ab7beb41-NettyServerStreamRpc-bossGroup--thread1] INFO  logging.LoggingHandler (AbstractInternalLogger.java:log(148)) - [id: 0x9648784d] REGISTERED
2023-10-27 20:13:57,947 [fe9b02b7-73ff-430f-9d75-1483ab7beb41-NettyServerStreamRpc-bossGroup--thread1] INFO  logging.LoggingHandler (AbstractInternalLogger.java:log(148)) - [id: 0x9648784d] BIND: 0.0.0.0/0.0.0.0:15069
2023-10-27 20:13:57,948 [fe9b02b7-73ff-430f-9d75-1483ab7beb41-NettyServerStreamRpc-bossGroup--thread1] INFO  logging.LoggingHandler (AbstractInternalLogger.java:log(148)) - [id: 0x9648784d, L:/0:0:0:0:0:0:0:0:15069] ACTIVE
2023-10-27 20:13:57,953 [main] INFO  http.BaseHttpServer (BaseHttpServer.java:newHttpServer2BuilderForOzone(223)) - Starting Web-server for hddsDatanode at: http://0.0.0.0:15063
2023-10-27 20:13:57,954 [main] INFO  http.BaseHttpServer (BaseHttpServer.java:<init>(110)) - Hadoop Security Enabled: false Ozone Security Enabled: false Ozone HTTP Security Enabled: false 
2023-10-27 20:13:57,956 [main] WARN  server.AuthenticationFilter (AuthenticationFilter.java:constructSecretProvider(240)) - Unable to initialize FileSignerSecretProvider, falling back to use random secrets. Reason: Could not read signature secret file: /home/runner/hadoop-http-auth-signature-secret
2023-10-27 20:13:57,957 [main] INFO  http.HttpRequestLog (HttpRequestLog.java:getRequestLog(86)) - Http request log for http.requests.hddsDatanode is not defined
2023-10-27 20:13:57,958 [main] INFO  http.HttpServer2 (HttpServer2.java:addGlobalFilter(1031)) - Added global filter 'safety' (class=org.apache.hadoop.hdds.server.http.HttpServer2$QuotingInputFilter)
2023-10-27 20:13:57,959 [main] INFO  http.HttpServer2 (HttpServer2.java:addFilter(1007)) - Added filter static_user_filter (class=org.apache.hadoop.http.lib.StaticUserWebFilter$StaticUserFilter) to context hddsDatanode
2023-10-27 20:13:57,959 [main] INFO  http.HttpServer2 (HttpServer2.java:addFilter(1015)) - Added filter static_user_filter (class=org.apache.hadoop.http.lib.StaticUserWebFilter$StaticUserFilter) to context logs
2023-10-27 20:13:57,960 [main] INFO  http.HttpServer2 (HttpServer2.java:addFilter(1015)) - Added filter static_user_filter (class=org.apache.hadoop.http.lib.StaticUserWebFilter$StaticUserFilter) to context static
2023-10-27 20:13:57,961 [main] INFO  http.BaseHttpServer (BaseHttpServer.java:<init>(189)) - HTTP server of hddsDatanode uses base directory /home/runner/work/ozone/ozone/hadoop-ozone/integration-test/target/test-dir/MiniOzoneClusterImpl-60426a9d-3de2-4373-b08b-24a22c9da129/datanode-6/meta/webserver
2023-10-27 20:13:57,962 [main] INFO  http.HttpServer2 (HttpServer2.java:bindListener(1231)) - Jetty bound to port 15063
2023-10-27 20:13:57,962 [main] INFO  server.Server (Server.java:doStart(375)) - jetty-9.4.53.v20231009; built: 2023-10-09T12:29:09.265Z; git: 27bde00a0b95a1d5bbee0eae7984f891d2d0f8c9; jvm 1.8.0_382-b05
2023-10-27 20:13:57,966 [main] INFO  server.session (DefaultSessionIdManager.java:doStart(334)) - DefaultSessionIdManager workerName=node0
2023-10-27 20:13:57,966 [main] INFO  server.session (DefaultSessionIdManager.java:doStart(339)) - No SessionScavenger set, using defaults
2023-10-27 20:13:57,966 [main] INFO  server.session (HouseKeeper.java:startScavenging(132)) - node0 Scavenging every 660000ms
2023-10-27 20:13:57,968 [main] INFO  handler.ContextHandler (ContextHandler.java:doStart(921)) - Started o.e.j.s.ServletContextHandler@9a3b9ba{logs,/logs,file:///home/runner/work/ozone/ozone/hadoop-ozone/integration-test/target/log,AVAILABLE}
2023-10-27 20:13:57,969 [main] INFO  handler.ContextHandler (ContextHandler.java:doStart(921)) - Started o.e.j.s.ServletContextHandler@44d6039d{static,/static,jar:file:/home/runner/.m2/repository/org/apache/ozone/hdds-container-service/1.4.0-SNAPSHOT/hdds-container-service-1.4.0-SNAPSHOT.jar!/webapps/static,AVAILABLE}
2023-10-27 20:13:58,037 [main] INFO  handler.ContextHandler (ContextHandler.java:doStart(921)) - Started o.e.j.w.WebAppContext@c0c430{hddsDatanode,/,file:///home/runner/work/ozone/ozone/hadoop-ozone/integration-test/target/test-dir/MiniOzoneClusterImpl-60426a9d-3de2-4373-b08b-24a22c9da129/datanode-6/meta/webserver/jetty-0_0_0_0-15063-hdds-container-service-1_4_0-SNAPSHOT_jar-_-any-3664879950246832035/webapp/,AVAILABLE}{jar:file:/home/runner/.m2/repository/org/apache/ozone/hdds-container-service/1.4.0-SNAPSHOT/hdds-container-service-1.4.0-SNAPSHOT.jar!/webapps/hddsDatanode}
2023-10-27 20:13:58,043 [main] INFO  server.AbstractConnector (AbstractConnector.java:doStart(333)) - Started ServerConnector@34300e71{HTTP/1.1, (http/1.1)}{0.0.0.0:15063}
2023-10-27 20:13:58,043 [main] INFO  server.Server (Server.java:doStart(415)) - Started @16295ms
2023-10-27 20:13:58,043 [main] WARN  impl.MetricsSystemImpl (MetricsSystemImpl.java:register(279)) - Sink prometheus already exists!
2023-10-27 20:13:58,044 [main] INFO  http.BaseHttpServer (BaseHttpServer.java:updateConnectorAddress(354)) - HTTP server of hddsDatanode listening at http://0.0.0.0:15063
2023-10-27 20:13:58,045 [main] INFO  ipc.CallQueueManager (CallQueueManager.java:<init>(90)) - Using callQueue: class java.util.concurrent.LinkedBlockingQueue, queueCapacity: 100, scheduler: class org.apache.hadoop.ipc.DefaultRpcScheduler, ipcBackoff: false.
2023-10-27 20:13:58,045 [main] INFO  ipc.Server (Server.java:<init>(1287)) - Listener at 0.0.0.0:15064
2023-10-27 20:13:58,046 [Socket Reader #1 for port 15064] INFO  ipc.Server (Server.java:run(1323)) - Starting Socket Reader #1 for port 15064
2023-10-27 20:13:58,056 [main] INFO  ozone.HddsDatanodeService (HddsDatanodeService.java:start(325)) - Datanode start with admins: [runner]
2023-10-27 20:13:58,057 [main] INFO  ozone.HddsDatanodeClientProtocolServer (HddsDatanodeClientProtocolServer.java:start(72)) - RPC server for Client /0.0.0.0:15064
2023-10-27 20:13:58,065 [IPC Server listener on 15064] INFO  ipc.Server (Server.java:run(1402)) - IPC Server listener on 15064: starting
2023-10-27 20:13:58,071 [IPC Server Responder] INFO  ipc.Server (Server.java:run(1562)) - IPC Server Responder: starting
2023-10-27 20:13:58,071 [fe9b02b7-73ff-430f-9d75-1483ab7beb41-DatanodeStateMachineDaemonThread] INFO  statemachine.DatanodeStateMachine (DatanodeStateMachine.java:lambda$startDaemon$1(555)) - Ozone container server started.
2023-10-27 20:13:58,072 [main] WARN  impl.MetricRegistriesImpl (MetricRegistriesImpl.java:addReporterRegistration(111)) - New reporters are added after registries were created. Some metrics will be missing from the reporter. Please add reporter before adding any new registry.
2023-10-27 20:13:58,073 [main] WARN  impl.MetricRegistriesImpl (MetricRegistriesImpl.java:addReporterRegistration(111)) - New reporters are added after registries were created. Some metrics will be missing from the reporter. Please add reporter before adding any new registry.
2023-10-27 20:13:58,073 [main] INFO  impl.MetricsSystemImpl (MetricsSystemImpl.java:init(158)) - HddsDatanode metrics system started (again)
2023-10-27 20:13:58,102 [main] INFO  ozone.HddsDatanodeService (HddsDatanodeService.java:start(240)) - HddsDatanodeService host:fv-az342-943 ip:10.1.0.32
2023-10-27 20:13:58,125 [fe9b02b7-73ff-430f-9d75-1483ab7beb41-DatanodeStateMachineTaskThread-0] INFO  datanode.InitDatanodeState (InitDatanodeState.java:persistContainerDatanodeDetails(139)) - DatanodeDetails is persisted to /home/runner/work/ozone/ozone/hadoop-ozone/integration-test/target/test-dir/MiniOzoneClusterImpl-60426a9d-3de2-4373-b08b-24a22c9da129/datanode-6/meta/datanode.id
2023-10-27 20:13:58,159 [main] INFO  upgrade.AbstractLayoutVersionManager (AbstractLayoutVersionManager.java:init(83)) - Initializing Layout version manager with metadata layout = HADOOP_PRC_PORTS_IN_DATANODEDETAILS (version = 7), software layout = HADOOP_PRC_PORTS_IN_DATANODEDETAILS (version = 7)
2023-10-27 20:13:58,160 [main] INFO  statemachine.DatanodeStateMachine (DatanodeStateMachine.java:getEndPointTaskThreadPoolSize(299)) - Datanode State Machine Task Thread Pool size 2
2023-10-27 20:13:58,168 [main] INFO  volume.HddsVolume (HddsVolume.java:<init>(126)) - Creating HddsVolume: /home/runner/work/ozone/ozone/hadoop-ozone/integration-test/target/test-dir/MiniOzoneClusterImpl-60426a9d-3de2-4373-b08b-24a22c9da129/datanode-7/data-0/containers/hdds of storage type : DISK capacity : 9223372036854775807
2023-10-27 20:13:58,168 [main] INFO  volume.MutableVolumeSet (MutableVolumeSet.java:initializeVolumeSet(173)) - Added Volume : /home/runner/work/ozone/ozone/hadoop-ozone/integration-test/target/test-dir/MiniOzoneClusterImpl-60426a9d-3de2-4373-b08b-24a22c9da129/datanode-7/data-0/containers/hdds to VolumeSet
2023-10-27 20:13:58,170 [main] INFO  volume.MutableVolumeSet (MutableVolumeSet.java:initializeVolumeSet(173)) - Added Volume : /home/runner/work/ozone/ozone/hadoop-ozone/integration-test/target/test-dir/MiniOzoneClusterImpl-60426a9d-3de2-4373-b08b-24a22c9da129/datanode-7/data/ratis to VolumeSet
2023-10-27 20:13:58,176 [f612f2cf-90dc-41dc-bf39-cf028d38c484-ContainerReader-0] INFO  ozoneimpl.ContainerReader (ContainerReader.java:readVolume(177)) - Finish verifying containers on volume /home/runner/work/ozone/ozone/hadoop-ozone/integration-test/target/test-dir/MiniOzoneClusterImpl-60426a9d-3de2-4373-b08b-24a22c9da129/datanode-7/data-0/containers/hdds
2023-10-27 20:13:58,176 [main] INFO  ozoneimpl.OzoneContainer (OzoneContainer.java:buildContainerSet(326)) - Build ContainerSet costs 0s
2023-10-27 20:13:58,186 [main] INFO  server.RaftServer (ConfUtils.java:logGet(46)) - raft.rpc.type = GRPC (default)
2023-10-27 20:13:58,187 [main] INFO  grpc.GrpcConfigKeys (ConfUtils.java:logFallback(53)) - raft.grpc.admin.host = null (fallback to raft.grpc.server.host)
2023-10-27 20:13:58,187 [main] INFO  grpc.GrpcConfigKeys (ConfUtils.java:logGet(46)) - raft.grpc.admin.port = 15076 (custom)
2023-10-27 20:13:58,188 [main] INFO  grpc.GrpcConfigKeys (ConfUtils.java:logFallback(53)) - raft.grpc.client.host = null (fallback to raft.grpc.server.host)
2023-10-27 20:13:58,188 [main] INFO  grpc.GrpcConfigKeys (ConfUtils.java:logGet(46)) - raft.grpc.client.port = 15075 (custom)
2023-10-27 20:13:58,189 [main] INFO  grpc.GrpcConfigKeys (ConfUtils.java:logGet(46)) - raft.grpc.server.host = null (default)
2023-10-27 20:13:58,190 [main] INFO  grpc.GrpcConfigKeys (ConfUtils.java:logGet(46)) - raft.grpc.server.port = 15077 (custom)
2023-10-27 20:13:58,190 [main] INFO  server.GrpcService (ConfUtils.java:logGet(46)) - raft.grpc.message.size.max = 32MB (=33554432) (custom)
2023-10-27 20:13:58,191 [main] INFO  server.RaftServerConfigKeys (ConfUtils.java:logGet(46)) - raft.server.log.appender.buffer.byte-limit = 33554432 (custom)
2023-10-27 20:13:58,193 [main] INFO  server.GrpcService (ConfUtils.java:logGet(46)) - raft.grpc.flow.control.window = 5MB (=5242880) (custom)
2023-10-27 20:13:58,195 [main] INFO  server.RaftServerConfigKeys (ConfUtils.java:logGet(46)) - raft.server.rpc.request.timeout = 60s (custom)
2023-10-27 20:13:58,195 [main] INFO  grpc.GrpcConfigKeys (ConfUtils.java:logGet(46)) - raft.grpc.server.heartbeat.channel = true (default)
2023-10-27 20:13:58,195 [main] INFO  grpc.GrpcConfigKeys (ConfUtils.java:logGet(46)) - raft.grpc.server.async.request.thread.pool.cached = true (default)
2023-10-27 20:13:58,196 [main] INFO  grpc.GrpcConfigKeys (ConfUtils.java:logGet(46)) - raft.grpc.server.async.request.thread.pool.size = 32 (default)
2023-10-27 20:13:58,199 [main] INFO  impl.DataStreamServerImpl (ConfUtils.java:logGet(46)) - raft.datastream.type = NETTY (custom)
2023-10-27 20:13:58,200 [main] INFO  server.RaftServerConfigKeys (ConfUtils.java:logGet(46)) - raft.server.data-stream.async.request.thread.pool.cached = false (default)
2023-10-27 20:13:58,201 [main] INFO  server.RaftServerConfigKeys (ConfUtils.java:logGet(46)) - raft.server.data-stream.async.request.thread.pool.size = 20 (custom)
2023-10-27 20:13:58,202 [main] INFO  server.RaftServerConfigKeys (ConfUtils.java:logGet(46)) - raft.server.data-stream.async.write.thread.pool.size = 16 (default)
2023-10-27 20:13:58,203 [main] INFO  server.RaftServerConfigKeys (ConfUtils.java:logGet(46)) - raft.server.data-stream.client.pool.size = 10 (default)
2023-10-27 20:13:58,204 [main] INFO  netty.NettyConfigKeys$DataStream (ConfUtils.java:logGet(46)) - raft.netty.dataStream.server.use-epoll = false (default)
2023-10-27 20:13:58,204 [main] INFO  netty.NettyConfigKeys$DataStream (ConfUtils.java:logGet(46)) - raft.netty.dataStream.server.boss-group.size = 0 (default)
2023-10-27 20:13:58,205 [main] INFO  netty.NettyConfigKeys$DataStream (ConfUtils.java:logGet(46)) - raft.netty.dataStream.server.worker-group.size = 0 (default)
2023-10-27 20:13:58,206 [main] INFO  netty.NettyConfigKeys$DataStream (ConfUtils.java:logGet(46)) - raft.netty.dataStream.server.tls.conf = null (default)
2023-10-27 20:13:58,206 [main] INFO  netty.NettyConfigKeys$DataStream (ConfUtils.java:logGet(46)) - raft.netty.dataStream.host = null (default)
2023-10-27 20:13:58,207 [main] INFO  netty.NettyConfigKeys$DataStream (ConfUtils.java:logGet(46)) - raft.netty.dataStream.port = 15078 (custom)
2023-10-27 20:13:58,208 [main] INFO  server.RaftServerConfigKeys (ConfUtils.java:logGet(46)) - raft.server.threadpool.proxy.cached = true (default)
2023-10-27 20:13:58,208 [main] INFO  server.RaftServerConfigKeys (ConfUtils.java:logGet(46)) - raft.server.threadpool.proxy.size = 0 (default)
2023-10-27 20:13:58,208 [main] INFO  server.RaftServerConfigKeys (ConfUtils.java:logGet(46)) - raft.server.rpc.slowness.timeout = 300s (custom)
2023-10-27 20:13:58,208 [main] INFO  server.RaftServerConfigKeys (ConfUtils.java:logGet(46)) - raft.server.leaderelection.leader.step-down.wait-time = 10s (default)
2023-10-27 20:13:58,209 [main] INFO  server.RaftServerConfigKeys (ConfUtils.java:logGet(46)) - raft.server.storage.dir = [/home/runner/work/ozone/ozone/hadoop-ozone/integration-test/target/test-dir/MiniOzoneClusterImpl-60426a9d-3de2-4373-b08b-24a22c9da129/datanode-7/data/ratis] (custom)
2023-10-27 20:13:58,213 [ReplicationMonitor] INFO  replication.ReplicationManager (ReplicationManager.java:processAll(366)) - Replication Manager is not ready to run until 3000ms after safemode exit
2023-10-27 20:13:58,214 [f612f2cf-90dc-41dc-bf39-cf028d38c484-impl-thread1] INFO  server.RaftServer (RaftServerProxy.java:initGroupDir(258)) - f612f2cf-90dc-41dc-bf39-cf028d38c484: found a subdirectory /home/runner/work/ozone/ozone/hadoop-ozone/integration-test/target/test-dir/MiniOzoneClusterImpl-60426a9d-3de2-4373-b08b-24a22c9da129/datanode-7/data/ratis/tmp
2023-10-27 20:13:58,214 [f612f2cf-90dc-41dc-bf39-cf028d38c484-impl-thread1] INFO  server.RaftServer (RaftServerProxy.java:initGroupDir(263)) - f612f2cf-90dc-41dc-bf39-cf028d38c484: The directory /home/runner/work/ozone/ozone/hadoop-ozone/integration-test/target/test-dir/MiniOzoneClusterImpl-60426a9d-3de2-4373-b08b-24a22c9da129/datanode-7/data/ratis/tmp is not a group directory; ignoring it. 
2023-10-27 20:13:58,216 [main] INFO  replication.ReplicationServer (ReplicationServer.java:<init>(85)) - Initializing replication server with thread count = 10 queue length = 4096
2023-10-27 20:13:58,218 [main] INFO  server.XceiverServerGrpc (XceiverServerGrpc.java:<init>(135)) - GrpcServer channel type EpollServerSocketChannel
2023-10-27 20:13:58,224 [f612f2cf-90dc-41dc-bf39-cf028d38c484-NettyServerStreamRpc-bossGroup--thread1] INFO  logging.LoggingHandler (AbstractInternalLogger.java:log(148)) - [id: 0xab046672] REGISTERED
2023-10-27 20:13:58,225 [f612f2cf-90dc-41dc-bf39-cf028d38c484-NettyServerStreamRpc-bossGroup--thread1] INFO  logging.LoggingHandler (AbstractInternalLogger.java:log(148)) - [id: 0xab046672] BIND: 0.0.0.0/0.0.0.0:15078
2023-10-27 20:13:58,225 [f612f2cf-90dc-41dc-bf39-cf028d38c484-NettyServerStreamRpc-bossGroup--thread1] INFO  logging.LoggingHandler (AbstractInternalLogger.java:log(148)) - [id: 0xab046672, L:/0:0:0:0:0:0:0:0:15078] ACTIVE
2023-10-27 20:13:58,226 [main] INFO  replication.ReplicationSupervisor (ReplicationSupervisor.java:build(163)) - Initializing replication supervisor with thread count = 10
2023-10-27 20:13:58,226 [main] INFO  replication.ReplicationSupervisor (ReplicationSupervisor.java:nodeStateUpdated(317)) - Node state updated to IN_SERVICE, scaling executor pool size to 10
2023-10-27 20:13:58,236 [main] INFO  http.BaseHttpServer (BaseHttpServer.java:newHttpServer2BuilderForOzone(223)) - Starting Web-server for hddsDatanode at: http://0.0.0.0:15072
2023-10-27 20:13:58,236 [main] INFO  http.BaseHttpServer (BaseHttpServer.java:<init>(110)) - Hadoop Security Enabled: false Ozone Security Enabled: false Ozone HTTP Security Enabled: false 
2023-10-27 20:13:58,239 [main] WARN  server.AuthenticationFilter (AuthenticationFilter.java:constructSecretProvider(240)) - Unable to initialize FileSignerSecretProvider, falling back to use random secrets. Reason: Could not read signature secret file: /home/runner/hadoop-http-auth-signature-secret
2023-10-27 20:13:58,242 [main] INFO  http.HttpRequestLog (HttpRequestLog.java:getRequestLog(86)) - Http request log for http.requests.hddsDatanode is not defined
2023-10-27 20:13:58,244 [main] INFO  http.HttpServer2 (HttpServer2.java:addGlobalFilter(1031)) - Added global filter 'safety' (class=org.apache.hadoop.hdds.server.http.HttpServer2$QuotingInputFilter)
2023-10-27 20:13:58,245 [main] INFO  http.HttpServer2 (HttpServer2.java:addFilter(1007)) - Added filter static_user_filter (class=org.apache.hadoop.http.lib.StaticUserWebFilter$StaticUserFilter) to context hddsDatanode
2023-10-27 20:13:58,245 [main] INFO  http.HttpServer2 (HttpServer2.java:addFilter(1015)) - Added filter static_user_filter (class=org.apache.hadoop.http.lib.StaticUserWebFilter$StaticUserFilter) to context static
2023-10-27 20:13:58,246 [main] INFO  http.HttpServer2 (HttpServer2.java:addFilter(1015)) - Added filter static_user_filter (class=org.apache.hadoop.http.lib.StaticUserWebFilter$StaticUserFilter) to context logs
2023-10-27 20:13:58,247 [main] INFO  http.BaseHttpServer (BaseHttpServer.java:<init>(189)) - HTTP server of hddsDatanode uses base directory /home/runner/work/ozone/ozone/hadoop-ozone/integration-test/target/test-dir/MiniOzoneClusterImpl-60426a9d-3de2-4373-b08b-24a22c9da129/datanode-7/meta/webserver
2023-10-27 20:13:58,247 [main] INFO  http.HttpServer2 (HttpServer2.java:bindListener(1231)) - Jetty bound to port 15072
2023-10-27 20:13:58,247 [main] INFO  server.Server (Server.java:doStart(375)) - jetty-9.4.53.v20231009; built: 2023-10-09T12:29:09.265Z; git: 27bde00a0b95a1d5bbee0eae7984f891d2d0f8c9; jvm 1.8.0_382-b05
2023-10-27 20:13:58,252 [main] INFO  server.session (DefaultSessionIdManager.java:doStart(334)) - DefaultSessionIdManager workerName=node0
2023-10-27 20:13:58,253 [main] INFO  server.session (DefaultSessionIdManager.java:doStart(339)) - No SessionScavenger set, using defaults
2023-10-27 20:13:58,253 [main] INFO  server.session (HouseKeeper.java:startScavenging(132)) - node0 Scavenging every 600000ms
2023-10-27 20:13:58,256 [main] INFO  handler.ContextHandler (ContextHandler.java:doStart(921)) - Started o.e.j.s.ServletContextHandler@efe3ed0{logs,/logs,file:///home/runner/work/ozone/ozone/hadoop-ozone/integration-test/target/log,AVAILABLE}
2023-10-27 20:13:58,257 [main] INFO  handler.ContextHandler (ContextHandler.java:doStart(921)) - Started o.e.j.s.ServletContextHandler@27f3f223{static,/static,jar:file:/home/runner/.m2/repository/org/apache/ozone/hdds-container-service/1.4.0-SNAPSHOT/hdds-container-service-1.4.0-SNAPSHOT.jar!/webapps/static,AVAILABLE}
2023-10-27 20:13:58,315 [main] INFO  handler.ContextHandler (ContextHandler.java:doStart(921)) - Started o.e.j.w.WebAppContext@1393c8b{hddsDatanode,/,file:///home/runner/work/ozone/ozone/hadoop-ozone/integration-test/target/test-dir/MiniOzoneClusterImpl-60426a9d-3de2-4373-b08b-24a22c9da129/datanode-7/meta/webserver/jetty-0_0_0_0-15072-hdds-container-service-1_4_0-SNAPSHOT_jar-_-any-7114627018135539546/webapp/,AVAILABLE}{jar:file:/home/runner/.m2/repository/org/apache/ozone/hdds-container-service/1.4.0-SNAPSHOT/hdds-container-service-1.4.0-SNAPSHOT.jar!/webapps/hddsDatanode}
2023-10-27 20:13:58,317 [main] INFO  server.AbstractConnector (AbstractConnector.java:doStart(333)) - Started ServerConnector@3cb2b2de{HTTP/1.1, (http/1.1)}{0.0.0.0:15072}
2023-10-27 20:13:58,320 [main] INFO  server.Server (Server.java:doStart(415)) - Started @16572ms
2023-10-27 20:13:58,321 [main] WARN  impl.MetricsSystemImpl (MetricsSystemImpl.java:register(279)) - Sink prometheus already exists!
2023-10-27 20:13:58,322 [main] INFO  http.BaseHttpServer (BaseHttpServer.java:updateConnectorAddress(354)) - HTTP server of hddsDatanode listening at http://0.0.0.0:15072
2023-10-27 20:13:58,323 [main] INFO  ipc.CallQueueManager (CallQueueManager.java:<init>(90)) - Using callQueue: class java.util.concurrent.LinkedBlockingQueue, queueCapacity: 100, scheduler: class org.apache.hadoop.ipc.DefaultRpcScheduler, ipcBackoff: false.
2023-10-27 20:13:58,324 [main] INFO  ipc.Server (Server.java:<init>(1287)) - Listener at 0.0.0.0:15073
2023-10-27 20:13:58,332 [Socket Reader #1 for port 15073] INFO  ipc.Server (Server.java:run(1323)) - Starting Socket Reader #1 for port 15073
2023-10-27 20:13:58,345 [main] INFO  ozone.HddsDatanodeService (HddsDatanodeService.java:start(325)) - Datanode start with admins: [runner]
2023-10-27 20:13:58,345 [main] INFO  ozone.HddsDatanodeClientProtocolServer (HddsDatanodeClientProtocolServer.java:start(72)) - RPC server for Client /0.0.0.0:15073
2023-10-27 20:13:58,349 [IPC Server listener on 15073] INFO  ipc.Server (Server.java:run(1402)) - IPC Server listener on 15073: starting
2023-10-27 20:13:58,350 [main] WARN  impl.MetricRegistriesImpl (MetricRegistriesImpl.java:addReporterRegistration(111)) - New reporters are added after registries were created. Some metrics will be missing from the reporter. Please add reporter before adding any new registry.
2023-10-27 20:13:58,350 [main] WARN  impl.MetricRegistriesImpl (MetricRegistriesImpl.java:addReporterRegistration(111)) - New reporters are added after registries were created. Some metrics will be missing from the reporter. Please add reporter before adding any new registry.
2023-10-27 20:13:58,351 [main] INFO  impl.MetricsSystemImpl (MetricsSystemImpl.java:init(158)) - HddsDatanode metrics system started (again)
2023-10-27 20:13:58,351 [IPC Server Responder] INFO  ipc.Server (Server.java:run(1562)) - IPC Server Responder: starting
2023-10-27 20:13:58,359 [f612f2cf-90dc-41dc-bf39-cf028d38c484-DatanodeStateMachineDaemonThread] INFO  statemachine.DatanodeStateMachine (DatanodeStateMachine.java:lambda$startDaemon$1(555)) - Ozone container server started.
2023-10-27 20:13:58,379 [main] INFO  ozone.HddsDatanodeService (HddsDatanodeService.java:start(240)) - HddsDatanodeService host:fv-az342-943 ip:10.1.0.32
2023-10-27 20:13:58,382 [f612f2cf-90dc-41dc-bf39-cf028d38c484-DatanodeStateMachineTaskThread-0] INFO  datanode.InitDatanodeState (InitDatanodeState.java:persistContainerDatanodeDetails(139)) - DatanodeDetails is persisted to /home/runner/work/ozone/ozone/hadoop-ozone/integration-test/target/test-dir/MiniOzoneClusterImpl-60426a9d-3de2-4373-b08b-24a22c9da129/datanode-7/meta/datanode.id
2023-10-27 20:13:58,427 [main] INFO  upgrade.AbstractLayoutVersionManager (AbstractLayoutVersionManager.java:init(83)) - Initializing Layout version manager with metadata layout = HADOOP_PRC_PORTS_IN_DATANODEDETAILS (version = 7), software layout = HADOOP_PRC_PORTS_IN_DATANODEDETAILS (version = 7)
2023-10-27 20:13:58,429 [main] INFO  statemachine.DatanodeStateMachine (DatanodeStateMachine.java:getEndPointTaskThreadPoolSize(299)) - Datanode State Machine Task Thread Pool size 2
2023-10-27 20:13:58,440 [main] INFO  volume.HddsVolume (HddsVolume.java:<init>(126)) - Creating HddsVolume: /home/runner/work/ozone/ozone/hadoop-ozone/integration-test/target/test-dir/MiniOzoneClusterImpl-60426a9d-3de2-4373-b08b-24a22c9da129/datanode-8/data-0/containers/hdds of storage type : DISK capacity : 9223372036854775807
2023-10-27 20:13:58,440 [main] INFO  volume.MutableVolumeSet (MutableVolumeSet.java:initializeVolumeSet(173)) - Added Volume : /home/runner/work/ozone/ozone/hadoop-ozone/integration-test/target/test-dir/MiniOzoneClusterImpl-60426a9d-3de2-4373-b08b-24a22c9da129/datanode-8/data-0/containers/hdds to VolumeSet
2023-10-27 20:13:58,443 [main] INFO  volume.MutableVolumeSet (MutableVolumeSet.java:initializeVolumeSet(173)) - Added Volume : /home/runner/work/ozone/ozone/hadoop-ozone/integration-test/target/test-dir/MiniOzoneClusterImpl-60426a9d-3de2-4373-b08b-24a22c9da129/datanode-8/data/ratis to VolumeSet
2023-10-27 20:13:58,449 [55507c8a-594d-4e25-909f-8d2832294c55-ContainerReader-0] INFO  ozoneimpl.ContainerReader (ContainerReader.java:readVolume(177)) - Finish verifying containers on volume /home/runner/work/ozone/ozone/hadoop-ozone/integration-test/target/test-dir/MiniOzoneClusterImpl-60426a9d-3de2-4373-b08b-24a22c9da129/datanode-8/data-0/containers/hdds
2023-10-27 20:13:58,450 [main] INFO  ozoneimpl.OzoneContainer (OzoneContainer.java:buildContainerSet(326)) - Build ContainerSet costs 0s
2023-10-27 20:13:58,455 [main] INFO  server.RaftServer (ConfUtils.java:logGet(46)) - raft.rpc.type = GRPC (default)
2023-10-27 20:13:58,455 [main] INFO  grpc.GrpcConfigKeys (ConfUtils.java:logFallback(53)) - raft.grpc.admin.host = null (fallback to raft.grpc.server.host)
2023-10-27 20:13:58,456 [main] INFO  grpc.GrpcConfigKeys (ConfUtils.java:logGet(46)) - raft.grpc.admin.port = 15085 (custom)
2023-10-27 20:13:58,457 [main] INFO  grpc.GrpcConfigKeys (ConfUtils.java:logFallback(53)) - raft.grpc.client.host = null (fallback to raft.grpc.server.host)
2023-10-27 20:13:58,458 [main] INFO  grpc.GrpcConfigKeys (ConfUtils.java:logGet(46)) - raft.grpc.client.port = 15084 (custom)
2023-10-27 20:13:58,459 [main] INFO  grpc.GrpcConfigKeys (ConfUtils.java:logGet(46)) - raft.grpc.server.host = null (default)
2023-10-27 20:13:58,460 [main] INFO  grpc.GrpcConfigKeys (ConfUtils.java:logGet(46)) - raft.grpc.server.port = 15086 (custom)
2023-10-27 20:13:58,465 [main] INFO  server.GrpcService (ConfUtils.java:logGet(46)) - raft.grpc.message.size.max = 32MB (=33554432) (custom)
2023-10-27 20:13:58,465 [main] INFO  server.RaftServerConfigKeys (ConfUtils.java:logGet(46)) - raft.server.log.appender.buffer.byte-limit = 33554432 (custom)
2023-10-27 20:13:58,466 [main] INFO  server.GrpcService (ConfUtils.java:logGet(46)) - raft.grpc.flow.control.window = 5MB (=5242880) (custom)
2023-10-27 20:13:58,481 [main] INFO  server.RaftServerConfigKeys (ConfUtils.java:logGet(46)) - raft.server.rpc.request.timeout = 60s (custom)
2023-10-27 20:13:58,482 [main] INFO  grpc.GrpcConfigKeys (ConfUtils.java:logGet(46)) - raft.grpc.server.heartbeat.channel = true (default)
2023-10-27 20:13:58,483 [main] INFO  grpc.GrpcConfigKeys (ConfUtils.java:logGet(46)) - raft.grpc.server.async.request.thread.pool.cached = true (default)
2023-10-27 20:13:58,483 [main] INFO  grpc.GrpcConfigKeys (ConfUtils.java:logGet(46)) - raft.grpc.server.async.request.thread.pool.size = 32 (default)
2023-10-27 20:13:58,497 [main] INFO  impl.DataStreamServerImpl (ConfUtils.java:logGet(46)) - raft.datastream.type = NETTY (custom)
2023-10-27 20:13:58,499 [main] INFO  server.RaftServerConfigKeys (ConfUtils.java:logGet(46)) - raft.server.data-stream.async.request.thread.pool.cached = false (default)
2023-10-27 20:13:58,501 [main] INFO  server.RaftServerConfigKeys (ConfUtils.java:logGet(46)) - raft.server.data-stream.async.request.thread.pool.size = 20 (custom)
2023-10-27 20:13:58,502 [main] INFO  server.RaftServerConfigKeys (ConfUtils.java:logGet(46)) - raft.server.data-stream.async.write.thread.pool.size = 16 (default)
2023-10-27 20:13:58,503 [main] INFO  server.RaftServerConfigKeys (ConfUtils.java:logGet(46)) - raft.server.data-stream.client.pool.size = 10 (default)
2023-10-27 20:13:58,503 [main] INFO  netty.NettyConfigKeys$DataStream (ConfUtils.java:logGet(46)) - raft.netty.dataStream.server.use-epoll = false (default)
2023-10-27 20:13:58,504 [main] INFO  netty.NettyConfigKeys$DataStream (ConfUtils.java:logGet(46)) - raft.netty.dataStream.server.boss-group.size = 0 (default)
2023-10-27 20:13:58,506 [main] INFO  netty.NettyConfigKeys$DataStream (ConfUtils.java:logGet(46)) - raft.netty.dataStream.server.worker-group.size = 0 (default)
2023-10-27 20:13:58,508 [main] INFO  netty.NettyConfigKeys$DataStream (ConfUtils.java:logGet(46)) - raft.netty.dataStream.server.tls.conf = null (default)
2023-10-27 20:13:58,508 [main] INFO  netty.NettyConfigKeys$DataStream (ConfUtils.java:logGet(46)) - raft.netty.dataStream.host = null (default)
2023-10-27 20:13:58,510 [main] INFO  netty.NettyConfigKeys$DataStream (ConfUtils.java:logGet(46)) - raft.netty.dataStream.port = 15087 (custom)
2023-10-27 20:13:58,517 [main] INFO  server.RaftServerConfigKeys (ConfUtils.java:logGet(46)) - raft.server.threadpool.proxy.cached = true (default)
2023-10-27 20:13:58,526 [main] INFO  server.RaftServerConfigKeys (ConfUtils.java:logGet(46)) - raft.server.threadpool.proxy.size = 0 (default)
2023-10-27 20:13:58,527 [main] INFO  server.RaftServerConfigKeys (ConfUtils.java:logGet(46)) - raft.server.rpc.slowness.timeout = 300s (custom)
2023-10-27 20:13:58,527 [main] INFO  server.RaftServerConfigKeys (ConfUtils.java:logGet(46)) - raft.server.leaderelection.leader.step-down.wait-time = 10s (default)
2023-10-27 20:13:58,527 [main] INFO  server.RaftServerConfigKeys (ConfUtils.java:logGet(46)) - raft.server.storage.dir = [/home/runner/work/ozone/ozone/hadoop-ozone/integration-test/target/test-dir/MiniOzoneClusterImpl-60426a9d-3de2-4373-b08b-24a22c9da129/datanode-8/data/ratis] (custom)
2023-10-27 20:13:58,525 [55507c8a-594d-4e25-909f-8d2832294c55-NettyServerStreamRpc-bossGroup--thread1] INFO  logging.LoggingHandler (AbstractInternalLogger.java:log(148)) - [id: 0x9444d8fe] REGISTERED
2023-10-27 20:13:58,528 [55507c8a-594d-4e25-909f-8d2832294c55-NettyServerStreamRpc-bossGroup--thread1] INFO  logging.LoggingHandler (AbstractInternalLogger.java:log(148)) - [id: 0x9444d8fe] BIND: 0.0.0.0/0.0.0.0:15087
2023-10-27 20:13:58,528 [55507c8a-594d-4e25-909f-8d2832294c55-NettyServerStreamRpc-bossGroup--thread1] INFO  logging.LoggingHandler (AbstractInternalLogger.java:log(148)) - [id: 0x9444d8fe, L:/0:0:0:0:0:0:0:0:15087] ACTIVE
2023-10-27 20:13:58,534 [55507c8a-594d-4e25-909f-8d2832294c55-impl-thread1] INFO  server.RaftServer (RaftServerProxy.java:initGroupDir(258)) - 55507c8a-594d-4e25-909f-8d2832294c55: found a subdirectory /home/runner/work/ozone/ozone/hadoop-ozone/integration-test/target/test-dir/MiniOzoneClusterImpl-60426a9d-3de2-4373-b08b-24a22c9da129/datanode-8/data/ratis/tmp
2023-10-27 20:13:58,535 [55507c8a-594d-4e25-909f-8d2832294c55-impl-thread1] INFO  server.RaftServer (RaftServerProxy.java:initGroupDir(263)) - 55507c8a-594d-4e25-909f-8d2832294c55: The directory /home/runner/work/ozone/ozone/hadoop-ozone/integration-test/target/test-dir/MiniOzoneClusterImpl-60426a9d-3de2-4373-b08b-24a22c9da129/datanode-8/data/ratis/tmp is not a group directory; ignoring it. 
2023-10-27 20:13:58,536 [main] INFO  replication.ReplicationServer (ReplicationServer.java:<init>(85)) - Initializing replication server with thread count = 10 queue length = 4096
2023-10-27 20:13:58,538 [main] INFO  server.XceiverServerGrpc (XceiverServerGrpc.java:<init>(135)) - GrpcServer channel type EpollServerSocketChannel
2023-10-27 20:13:58,548 [main] INFO  replication.ReplicationSupervisor (ReplicationSupervisor.java:build(163)) - Initializing replication supervisor with thread count = 10
2023-10-27 20:13:58,549 [main] INFO  replication.ReplicationSupervisor (ReplicationSupervisor.java:nodeStateUpdated(317)) - Node state updated to IN_SERVICE, scaling executor pool size to 10
2023-10-27 20:13:58,562 [main] INFO  http.BaseHttpServer (BaseHttpServer.java:newHttpServer2BuilderForOzone(223)) - Starting Web-server for hddsDatanode at: http://0.0.0.0:15081
2023-10-27 20:13:58,562 [main] INFO  http.BaseHttpServer (BaseHttpServer.java:<init>(110)) - Hadoop Security Enabled: false Ozone Security Enabled: false Ozone HTTP Security Enabled: false 
2023-10-27 20:13:58,566 [main] WARN  server.AuthenticationFilter (AuthenticationFilter.java:constructSecretProvider(240)) - Unable to initialize FileSignerSecretProvider, falling back to use random secrets. Reason: Could not read signature secret file: /home/runner/hadoop-http-auth-signature-secret
2023-10-27 20:13:58,569 [main] INFO  http.HttpRequestLog (HttpRequestLog.java:getRequestLog(86)) - Http request log for http.requests.hddsDatanode is not defined
2023-10-27 20:13:58,572 [main] INFO  http.HttpServer2 (HttpServer2.java:addGlobalFilter(1031)) - Added global filter 'safety' (class=org.apache.hadoop.hdds.server.http.HttpServer2$QuotingInputFilter)
2023-10-27 20:13:58,590 [main] INFO  http.HttpServer2 (HttpServer2.java:addFilter(1007)) - Added filter static_user_filter (class=org.apache.hadoop.http.lib.StaticUserWebFilter$StaticUserFilter) to context hddsDatanode
2023-10-27 20:13:58,591 [main] INFO  http.HttpServer2 (HttpServer2.java:addFilter(1015)) - Added filter static_user_filter (class=org.apache.hadoop.http.lib.StaticUserWebFilter$StaticUserFilter) to context logs
2023-10-27 20:13:58,592 [main] INFO  http.HttpServer2 (HttpServer2.java:addFilter(1015)) - Added filter static_user_filter (class=org.apache.hadoop.http.lib.StaticUserWebFilter$StaticUserFilter) to context static
2023-10-27 20:13:58,593 [main] INFO  http.BaseHttpServer (BaseHttpServer.java:<init>(189)) - HTTP server of hddsDatanode uses base directory /home/runner/work/ozone/ozone/hadoop-ozone/integration-test/target/test-dir/MiniOzoneClusterImpl-60426a9d-3de2-4373-b08b-24a22c9da129/datanode-8/meta/webserver
2023-10-27 20:13:58,594 [main] INFO  http.HttpServer2 (HttpServer2.java:bindListener(1231)) - Jetty bound to port 15081
2023-10-27 20:13:58,594 [main] INFO  server.Server (Server.java:doStart(375)) - jetty-9.4.53.v20231009; built: 2023-10-09T12:29:09.265Z; git: 27bde00a0b95a1d5bbee0eae7984f891d2d0f8c9; jvm 1.8.0_382-b05
2023-10-27 20:13:58,611 [main] INFO  server.session (DefaultSessionIdManager.java:doStart(334)) - DefaultSessionIdManager workerName=node0
2023-10-27 20:13:58,612 [main] INFO  server.session (DefaultSessionIdManager.java:doStart(339)) - No SessionScavenger set, using defaults
2023-10-27 20:13:58,612 [main] INFO  server.session (HouseKeeper.java:startScavenging(132)) - node0 Scavenging every 660000ms
2023-10-27 20:13:58,618 [main] INFO  handler.ContextHandler (ContextHandler.java:doStart(921)) - Started o.e.j.s.ServletContextHandler@4186bce2{logs,/logs,file:///home/runner/work/ozone/ozone/hadoop-ozone/integration-test/target/log,AVAILABLE}
2023-10-27 20:13:58,619 [main] INFO  handler.ContextHandler (ContextHandler.java:doStart(921)) - Started o.e.j.s.ServletContextHandler@3a0b0e06{static,/static,jar:file:/home/runner/.m2/repository/org/apache/ozone/hdds-container-service/1.4.0-SNAPSHOT/hdds-container-service-1.4.0-SNAPSHOT.jar!/webapps/static,AVAILABLE}
2023-10-27 20:13:58,651 [94422c73-384a-4d9a-a15d-46d9f5b840aa-EndpointStateMachineTaskThread-/0.0.0.0:15002-0 ] INFO  utils.DatanodeStoreCache (DatanodeStoreCache.java:addDB(66)) - Added db /home/runner/work/ozone/ozone/hadoop-ozone/integration-test/target/test-dir/MiniOzoneClusterImpl-60426a9d-3de2-4373-b08b-24a22c9da129/datanode-0/data-0/containers/hdds/60426a9d-3de2-4373-b08b-24a22c9da129/DS-1e54ca95-763e-4195-9d86-7d78ae89555c/container.db to cache
2023-10-27 20:13:58,653 [94422c73-384a-4d9a-a15d-46d9f5b840aa-EndpointStateMachineTaskThread-/0.0.0.0:15002-0 ] INFO  volume.HddsVolume (HddsVolume.java:createDbStore(422)) - SchemaV3 db is created and loaded at /home/runner/work/ozone/ozone/hadoop-ozone/integration-test/target/test-dir/MiniOzoneClusterImpl-60426a9d-3de2-4373-b08b-24a22c9da129/datanode-0/data-0/containers/hdds/60426a9d-3de2-4373-b08b-24a22c9da129/DS-1e54ca95-763e-4195-9d86-7d78ae89555c/container.db for volume DS-1e54ca95-763e-4195-9d86-7d78ae89555c
2023-10-27 20:13:58,666 [94422c73-384a-4d9a-a15d-46d9f5b840aa-EndpointStateMachineTaskThread-/0.0.0.0:15002-0 ] INFO  volume.ThrottledAsyncChecker (ThrottledAsyncChecker.java:schedule(141)) - Scheduling a check for /home/runner/work/ozone/ozone/hadoop-ozone/integration-test/target/test-dir/MiniOzoneClusterImpl-60426a9d-3de2-4373-b08b-24a22c9da129/datanode-0/data-0/containers/hdds
2023-10-27 20:13:58,709 [94422c73-384a-4d9a-a15d-46d9f5b840aa-EndpointStateMachineTaskThread-/0.0.0.0:15002-0 ] INFO  volume.StorageVolumeChecker (StorageVolumeChecker.java:checkAllVolumes(218)) - Scheduled health check for volume /home/runner/work/ozone/ozone/hadoop-ozone/integration-test/target/test-dir/MiniOzoneClusterImpl-60426a9d-3de2-4373-b08b-24a22c9da129/datanode-0/data-0/containers/hdds
2023-10-27 20:13:58,717 [94422c73-384a-4d9a-a15d-46d9f5b840aa-EndpointStateMachineTaskThread-/0.0.0.0:15002-0 ] INFO  volume.ThrottledAsyncChecker (ThrottledAsyncChecker.java:schedule(141)) - Scheduling a check for /home/runner/work/ozone/ozone/hadoop-ozone/integration-test/target/test-dir/MiniOzoneClusterImpl-60426a9d-3de2-4373-b08b-24a22c9da129/datanode-0/data/ratis
2023-10-27 20:13:58,717 [94422c73-384a-4d9a-a15d-46d9f5b840aa-EndpointStateMachineTaskThread-/0.0.0.0:15002-0 ] INFO  volume.StorageVolumeChecker (StorageVolumeChecker.java:checkAllVolumes(218)) - Scheduled health check for volume /home/runner/work/ozone/ozone/hadoop-ozone/integration-test/target/test-dir/MiniOzoneClusterImpl-60426a9d-3de2-4373-b08b-24a22c9da129/datanode-0/data/ratis
2023-10-27 20:13:58,720 [94422c73-384a-4d9a-a15d-46d9f5b840aa-EndpointStateMachineTaskThread-/0.0.0.0:15002-0 ] INFO  ozoneimpl.OzoneContainer (OzoneContainer.java:start(441)) - Attempting to start container services.
2023-10-27 20:13:58,724 [94422c73-384a-4d9a-a15d-46d9f5b840aa-EndpointStateMachineTaskThread-/0.0.0.0:15002-0 ] INFO  ozoneimpl.OzoneContainer (OzoneContainer.java:startContainerScrub(337)) - Scheduled background container scanners and the on-demand container scanner have been disabled.
2023-10-27 20:13:58,728 [94422c73-384a-4d9a-a15d-46d9f5b840aa-EndpointStateMachineTaskThread-/0.0.0.0:15002-0 ] INFO  replication.ReplicationServer (ReplicationServer.java:start(139)) - ReplicationServer is started using port 15016
2023-10-27 20:13:58,732 [94422c73-384a-4d9a-a15d-46d9f5b840aa-EndpointStateMachineTaskThread-/0.0.0.0:15002-0 ] INFO  ratis.XceiverServerRatis (XceiverServerRatis.java:start(518)) - Starting XceiverServerRatis 94422c73-384a-4d9a-a15d-46d9f5b840aa
2023-10-27 20:13:58,734 [main] INFO  handler.ContextHandler (ContextHandler.java:doStart(921)) - Started o.e.j.w.WebAppContext@7e29471f{hddsDatanode,/,file:///home/runner/work/ozone/ozone/hadoop-ozone/integration-test/target/test-dir/MiniOzoneClusterImpl-60426a9d-3de2-4373-b08b-24a22c9da129/datanode-8/meta/webserver/jetty-0_0_0_0-15081-hdds-container-service-1_4_0-SNAPSHOT_jar-_-any-5857396585997101152/webapp/,AVAILABLE}{jar:file:/home/runner/.m2/repository/org/apache/ozone/hdds-container-service/1.4.0-SNAPSHOT/hdds-container-service-1.4.0-SNAPSHOT.jar!/webapps/hddsDatanode}
2023-10-27 20:13:58,746 [94422c73-384a-4d9a-a15d-46d9f5b840aa-EndpointStateMachineTaskThread-/0.0.0.0:15002-0 ] INFO  server.RaftServer (RaftServerProxy.java:startImpl(400)) - 94422c73-384a-4d9a-a15d-46d9f5b840aa: start RPC server
2023-10-27 20:13:58,748 [main] INFO  server.AbstractConnector (AbstractConnector.java:doStart(333)) - Started ServerConnector@3f1f6171{HTTP/1.1, (http/1.1)}{0.0.0.0:15081}
2023-10-27 20:13:58,749 [main] INFO  server.Server (Server.java:doStart(415)) - Started @17001ms
2023-10-27 20:13:58,749 [main] WARN  impl.MetricsSystemImpl (MetricsSystemImpl.java:register(279)) - Sink prometheus already exists!
2023-10-27 20:13:58,750 [main] INFO  http.BaseHttpServer (BaseHttpServer.java:updateConnectorAddress(354)) - HTTP server of hddsDatanode listening at http://0.0.0.0:15081
2023-10-27 20:13:58,751 [main] INFO  ipc.CallQueueManager (CallQueueManager.java:<init>(90)) - Using callQueue: class java.util.concurrent.LinkedBlockingQueue, queueCapacity: 100, scheduler: class org.apache.hadoop.ipc.DefaultRpcScheduler, ipcBackoff: false.
2023-10-27 20:13:58,751 [main] INFO  ipc.Server (Server.java:<init>(1287)) - Listener at 0.0.0.0:15082
2023-10-27 20:13:58,752 [Socket Reader #1 for port 15082] INFO  ipc.Server (Server.java:run(1323)) - Starting Socket Reader #1 for port 15082
2023-10-27 20:13:58,764 [main] INFO  ozone.HddsDatanodeService (HddsDatanodeService.java:start(325)) - Datanode start with admins: [runner]
2023-10-27 20:13:58,764 [main] INFO  ozone.HddsDatanodeClientProtocolServer (HddsDatanodeClientProtocolServer.java:start(72)) - RPC server for Client /0.0.0.0:15082
2023-10-27 20:13:58,766 [IPC Server Responder] INFO  ipc.Server (Server.java:run(1562)) - IPC Server Responder: starting
2023-10-27 20:13:58,768 [IPC Server listener on 15082] INFO  ipc.Server (Server.java:run(1402)) - IPC Server listener on 15082: starting
2023-10-27 20:13:58,768 [main] WARN  impl.MetricRegistriesImpl (MetricRegistriesImpl.java:addReporterRegistration(111)) - New reporters are added after registries were created. Some metrics will be missing from the reporter. Please add reporter before adding any new registry.
2023-10-27 20:13:58,768 [main] WARN  impl.MetricRegistriesImpl (MetricRegistriesImpl.java:addReporterRegistration(111)) - New reporters are added after registries were created. Some metrics will be missing from the reporter. Please add reporter before adding any new registry.
2023-10-27 20:13:58,769 [main] INFO  impl.MetricsSystemImpl (MetricsSystemImpl.java:init(158)) - HddsDatanode metrics system started (again)
2023-10-27 20:13:58,769 [55507c8a-594d-4e25-909f-8d2832294c55-DatanodeStateMachineDaemonThread] INFO  statemachine.DatanodeStateMachine (DatanodeStateMachine.java:lambda$startDaemon$1(555)) - Ozone container server started.
2023-10-27 20:13:58,767 [94422c73-384a-4d9a-a15d-46d9f5b840aa-EndpointStateMachineTaskThread-/0.0.0.0:15002-0 ] INFO  server.GrpcService (GrpcService.java:startImpl(302)) - 94422c73-384a-4d9a-a15d-46d9f5b840aa: GrpcService started, listening on 15012
2023-10-27 20:13:58,794 [main] INFO  ozone.HddsDatanodeService (HddsDatanodeService.java:start(240)) - HddsDatanodeService host:fv-az342-943 ip:10.1.0.32
2023-10-27 20:13:58,798 [94422c73-384a-4d9a-a15d-46d9f5b840aa-EndpointStateMachineTaskThread-/0.0.0.0:15002-0 ] INFO  server.GrpcService (GrpcService.java:startImpl(302)) - 94422c73-384a-4d9a-a15d-46d9f5b840aa: GrpcService started, listening on 15014
2023-10-27 20:13:58,814 [94422c73-384a-4d9a-a15d-46d9f5b840aa-EndpointStateMachineTaskThread-/0.0.0.0:15002-0 ] INFO  server.GrpcService (GrpcService.java:startImpl(302)) - 94422c73-384a-4d9a-a15d-46d9f5b840aa: GrpcService started, listening on 15013
2023-10-27 20:13:58,817 [94422c73-384a-4d9a-a15d-46d9f5b840aa-EndpointStateMachineTaskThread-/0.0.0.0:15002-0 ] INFO  ratis.XceiverServerRatis (XceiverServerRatis.java:getRealPort(544)) - XceiverServerRatis 94422c73-384a-4d9a-a15d-46d9f5b840aa is started using port 15012 for RATIS
2023-10-27 20:13:58,817 [94422c73-384a-4d9a-a15d-46d9f5b840aa-EndpointStateMachineTaskThread-/0.0.0.0:15002-0 ] INFO  ratis.XceiverServerRatis (XceiverServerRatis.java:getRealPort(544)) - XceiverServerRatis 94422c73-384a-4d9a-a15d-46d9f5b840aa is started using port 15013 for RATIS_ADMIN
2023-10-27 20:13:58,817 [94422c73-384a-4d9a-a15d-46d9f5b840aa-EndpointStateMachineTaskThread-/0.0.0.0:15002-0 ] INFO  ratis.XceiverServerRatis (XceiverServerRatis.java:getRealPort(544)) - XceiverServerRatis 94422c73-384a-4d9a-a15d-46d9f5b840aa is started using port 15014 for RATIS_SERVER
2023-10-27 20:13:58,817 [94422c73-384a-4d9a-a15d-46d9f5b840aa-EndpointStateMachineTaskThread-/0.0.0.0:15002-0 ] INFO  ratis.XceiverServerRatis (XceiverServerRatis.java:getRealPort(544)) - XceiverServerRatis 94422c73-384a-4d9a-a15d-46d9f5b840aa is started using port 15015 for RATIS_DATASTREAM
2023-10-27 20:13:58,818 [JvmPauseMonitor2] INFO  util.JvmPauseMonitor (JvmPauseMonitor.java:run(103)) - JvmPauseMonitor-94422c73-384a-4d9a-a15d-46d9f5b840aa: Started
2023-10-27 20:13:58,833 [55507c8a-594d-4e25-909f-8d2832294c55-DatanodeStateMachineTaskThread-0] INFO  datanode.InitDatanodeState (InitDatanodeState.java:persistContainerDatanodeDetails(139)) - DatanodeDetails is persisted to /home/runner/work/ozone/ozone/hadoop-ozone/integration-test/target/test-dir/MiniOzoneClusterImpl-60426a9d-3de2-4373-b08b-24a22c9da129/datanode-8/meta/datanode.id
2023-10-27 20:13:58,864 [0ef615e1-91db-4ede-b924-53e2d320f02d-EndpointStateMachineTaskThread-/0.0.0.0:15002-0 ] INFO  utils.DatanodeStoreCache (DatanodeStoreCache.java:addDB(66)) - Added db /home/runner/work/ozone/ozone/hadoop-ozone/integration-test/target/test-dir/MiniOzoneClusterImpl-60426a9d-3de2-4373-b08b-24a22c9da129/datanode-1/data-0/containers/hdds/60426a9d-3de2-4373-b08b-24a22c9da129/DS-19ef2fe5-b87b-4790-9d20-bdb6974d6ea0/container.db to cache
2023-10-27 20:13:58,871 [0ef615e1-91db-4ede-b924-53e2d320f02d-EndpointStateMachineTaskThread-/0.0.0.0:15002-0 ] INFO  volume.HddsVolume (HddsVolume.java:createDbStore(422)) - SchemaV3 db is created and loaded at /home/runner/work/ozone/ozone/hadoop-ozone/integration-test/target/test-dir/MiniOzoneClusterImpl-60426a9d-3de2-4373-b08b-24a22c9da129/datanode-1/data-0/containers/hdds/60426a9d-3de2-4373-b08b-24a22c9da129/DS-19ef2fe5-b87b-4790-9d20-bdb6974d6ea0/container.db for volume DS-19ef2fe5-b87b-4790-9d20-bdb6974d6ea0
2023-10-27 20:13:58,870 [main] INFO  upgrade.AbstractLayoutVersionManager (AbstractLayoutVersionManager.java:init(83)) - Initializing Layout version manager with metadata layout = HADOOP_PRC_PORTS_IN_DATANODEDETAILS (version = 7), software layout = HADOOP_PRC_PORTS_IN_DATANODEDETAILS (version = 7)
2023-10-27 20:13:58,873 [main] INFO  statemachine.DatanodeStateMachine (DatanodeStateMachine.java:getEndPointTaskThreadPoolSize(299)) - Datanode State Machine Task Thread Pool size 2
2023-10-27 20:13:58,881 [main] INFO  volume.HddsVolume (HddsVolume.java:<init>(126)) - Creating HddsVolume: /home/runner/work/ozone/ozone/hadoop-ozone/integration-test/target/test-dir/MiniOzoneClusterImpl-60426a9d-3de2-4373-b08b-24a22c9da129/datanode-9/data-0/containers/hdds of storage type : DISK capacity : 9223372036854775807
2023-10-27 20:13:58,882 [main] INFO  volume.MutableVolumeSet (MutableVolumeSet.java:initializeVolumeSet(173)) - Added Volume : /home/runner/work/ozone/ozone/hadoop-ozone/integration-test/target/test-dir/MiniOzoneClusterImpl-60426a9d-3de2-4373-b08b-24a22c9da129/datanode-9/data-0/containers/hdds to VolumeSet
2023-10-27 20:13:58,869 [94422c73-384a-4d9a-a15d-46d9f5b840aa-BlockDeletingService#0] INFO  interfaces.ContainerDeletionChoosingPolicyTemplate (ContainerDeletionChoosingPolicyTemplate.java:chooseContainerForBlockDeletion(85)) - Chosen 0/5000 blocks from 0 candidate containers.
2023-10-27 20:13:58,876 [0ef615e1-91db-4ede-b924-53e2d320f02d-EndpointStateMachineTaskThread-/0.0.0.0:15002-0 ] INFO  volume.ThrottledAsyncChecker (ThrottledAsyncChecker.java:schedule(141)) - Scheduling a check for /home/runner/work/ozone/ozone/hadoop-ozone/integration-test/target/test-dir/MiniOzoneClusterImpl-60426a9d-3de2-4373-b08b-24a22c9da129/datanode-1/data-0/containers/hdds
2023-10-27 20:13:58,890 [0ef615e1-91db-4ede-b924-53e2d320f02d-EndpointStateMachineTaskThread-/0.0.0.0:15002-0 ] INFO  volume.StorageVolumeChecker (StorageVolumeChecker.java:checkAllVolumes(218)) - Scheduled health check for volume /home/runner/work/ozone/ozone/hadoop-ozone/integration-test/target/test-dir/MiniOzoneClusterImpl-60426a9d-3de2-4373-b08b-24a22c9da129/datanode-1/data-0/containers/hdds
2023-10-27 20:13:58,893 [0ef615e1-91db-4ede-b924-53e2d320f02d-EndpointStateMachineTaskThread-/0.0.0.0:15002-0 ] INFO  volume.ThrottledAsyncChecker (ThrottledAsyncChecker.java:schedule(141)) - Scheduling a check for /home/runner/work/ozone/ozone/hadoop-ozone/integration-test/target/test-dir/MiniOzoneClusterImpl-60426a9d-3de2-4373-b08b-24a22c9da129/datanode-1/data/ratis
2023-10-27 20:13:58,893 [0ef615e1-91db-4ede-b924-53e2d320f02d-EndpointStateMachineTaskThread-/0.0.0.0:15002-0 ] INFO  volume.StorageVolumeChecker (StorageVolumeChecker.java:checkAllVolumes(218)) - Scheduled health check for volume /home/runner/work/ozone/ozone/hadoop-ozone/integration-test/target/test-dir/MiniOzoneClusterImpl-60426a9d-3de2-4373-b08b-24a22c9da129/datanode-1/data/ratis
2023-10-27 20:13:58,895 [0ef615e1-91db-4ede-b924-53e2d320f02d-EndpointStateMachineTaskThread-/0.0.0.0:15002-0 ] INFO  ozoneimpl.OzoneContainer (OzoneContainer.java:start(441)) - Attempting to start container services.
2023-10-27 20:13:58,895 [0ef615e1-91db-4ede-b924-53e2d320f02d-EndpointStateMachineTaskThread-/0.0.0.0:15002-0 ] INFO  ozoneimpl.OzoneContainer (OzoneContainer.java:startContainerScrub(337)) - Scheduled background container scanners and the on-demand container scanner have been disabled.
2023-10-27 20:13:58,895 [main] INFO  volume.MutableVolumeSet (MutableVolumeSet.java:initializeVolumeSet(173)) - Added Volume : /home/runner/work/ozone/ozone/hadoop-ozone/integration-test/target/test-dir/MiniOzoneClusterImpl-60426a9d-3de2-4373-b08b-24a22c9da129/datanode-9/data/ratis to VolumeSet
2023-10-27 20:13:58,902 [0ef615e1-91db-4ede-b924-53e2d320f02d-EndpointStateMachineTaskThread-/0.0.0.0:15002-0 ] INFO  replication.ReplicationServer (ReplicationServer.java:start(139)) - ReplicationServer is started using port 15025
2023-10-27 20:13:58,902 [0ef615e1-91db-4ede-b924-53e2d320f02d-EndpointStateMachineTaskThread-/0.0.0.0:15002-0 ] INFO  ratis.XceiverServerRatis (XceiverServerRatis.java:start(518)) - Starting XceiverServerRatis 0ef615e1-91db-4ede-b924-53e2d320f02d
2023-10-27 20:13:58,909 [5b9beb6f-d596-489f-8a17-e362b772df82-ContainerReader-0] INFO  ozoneimpl.ContainerReader (ContainerReader.java:readVolume(177)) - Finish verifying containers on volume /home/runner/work/ozone/ozone/hadoop-ozone/integration-test/target/test-dir/MiniOzoneClusterImpl-60426a9d-3de2-4373-b08b-24a22c9da129/datanode-9/data-0/containers/hdds
2023-10-27 20:13:58,909 [main] INFO  ozoneimpl.OzoneContainer (OzoneContainer.java:buildContainerSet(326)) - Build ContainerSet costs 0s
2023-10-27 20:13:58,913 [main] INFO  server.RaftServer (ConfUtils.java:logGet(46)) - raft.rpc.type = GRPC (default)
2023-10-27 20:13:58,913 [main] INFO  grpc.GrpcConfigKeys (ConfUtils.java:logFallback(53)) - raft.grpc.admin.host = null (fallback to raft.grpc.server.host)
2023-10-27 20:13:58,913 [main] INFO  grpc.GrpcConfigKeys (ConfUtils.java:logGet(46)) - raft.grpc.admin.port = 15094 (custom)
2023-10-27 20:13:58,914 [main] INFO  grpc.GrpcConfigKeys (ConfUtils.java:logFallback(53)) - raft.grpc.client.host = null (fallback to raft.grpc.server.host)
2023-10-27 20:13:58,914 [main] INFO  grpc.GrpcConfigKeys (ConfUtils.java:logGet(46)) - raft.grpc.client.port = 15093 (custom)
2023-10-27 20:13:58,914 [main] INFO  grpc.GrpcConfigKeys (ConfUtils.java:logGet(46)) - raft.grpc.server.host = null (default)
2023-10-27 20:13:58,914 [main] INFO  grpc.GrpcConfigKeys (ConfUtils.java:logGet(46)) - raft.grpc.server.port = 15095 (custom)
2023-10-27 20:13:58,917 [main] INFO  server.GrpcService (ConfUtils.java:logGet(46)) - raft.grpc.message.size.max = 32MB (=33554432) (custom)
2023-10-27 20:13:58,918 [main] INFO  server.RaftServerConfigKeys (ConfUtils.java:logGet(46)) - raft.server.log.appender.buffer.byte-limit = 33554432 (custom)
2023-10-27 20:13:58,918 [main] INFO  server.GrpcService (ConfUtils.java:logGet(46)) - raft.grpc.flow.control.window = 5MB (=5242880) (custom)
2023-10-27 20:13:58,918 [main] INFO  server.RaftServerConfigKeys (ConfUtils.java:logGet(46)) - raft.server.rpc.request.timeout = 60s (custom)
2023-10-27 20:13:58,919 [main] INFO  grpc.GrpcConfigKeys (ConfUtils.java:logGet(46)) - raft.grpc.server.heartbeat.channel = true (default)
2023-10-27 20:13:58,920 [main] INFO  grpc.GrpcConfigKeys (ConfUtils.java:logGet(46)) - raft.grpc.server.async.request.thread.pool.cached = true (default)
2023-10-27 20:13:58,920 [main] INFO  grpc.GrpcConfigKeys (ConfUtils.java:logGet(46)) - raft.grpc.server.async.request.thread.pool.size = 32 (default)
2023-10-27 20:13:58,926 [main] INFO  impl.DataStreamServerImpl (ConfUtils.java:logGet(46)) - raft.datastream.type = NETTY (custom)
2023-10-27 20:13:58,940 [main] INFO  server.RaftServerConfigKeys (ConfUtils.java:logGet(46)) - raft.server.data-stream.async.request.thread.pool.cached = false (default)
2023-10-27 20:13:58,941 [main] INFO  server.RaftServerConfigKeys (ConfUtils.java:logGet(46)) - raft.server.data-stream.async.request.thread.pool.size = 20 (custom)
2023-10-27 20:13:58,941 [main] INFO  server.RaftServerConfigKeys (ConfUtils.java:logGet(46)) - raft.server.data-stream.async.write.thread.pool.size = 16 (default)
2023-10-27 20:13:58,941 [main] INFO  server.RaftServerConfigKeys (ConfUtils.java:logGet(46)) - raft.server.data-stream.client.pool.size = 10 (default)
2023-10-27 20:13:58,942 [main] INFO  netty.NettyConfigKeys$DataStream (ConfUtils.java:logGet(46)) - raft.netty.dataStream.server.use-epoll = false (default)
2023-10-27 20:13:58,942 [main] INFO  netty.NettyConfigKeys$DataStream (ConfUtils.java:logGet(46)) - raft.netty.dataStream.server.boss-group.size = 0 (default)
2023-10-27 20:13:58,926 [0ef615e1-91db-4ede-b924-53e2d320f02d-EndpointStateMachineTaskThread-/0.0.0.0:15002-0 ] INFO  server.RaftServer (RaftServerProxy.java:startImpl(400)) - 0ef615e1-91db-4ede-b924-53e2d320f02d: start RPC server
2023-10-27 20:13:58,943 [main] INFO  netty.NettyConfigKeys$DataStream (ConfUtils.java:logGet(46)) - raft.netty.dataStream.server.worker-group.size = 0 (default)
2023-10-27 20:13:58,944 [main] INFO  netty.NettyConfigKeys$DataStream (ConfUtils.java:logGet(46)) - raft.netty.dataStream.server.tls.conf = null (default)
2023-10-27 20:13:58,944 [main] INFO  netty.NettyConfigKeys$DataStream (ConfUtils.java:logGet(46)) - raft.netty.dataStream.host = null (default)
2023-10-27 20:13:58,944 [main] INFO  netty.NettyConfigKeys$DataStream (ConfUtils.java:logGet(46)) - raft.netty.dataStream.port = 15096 (custom)
2023-10-27 20:13:58,950 [main] INFO  server.RaftServerConfigKeys (ConfUtils.java:logGet(46)) - raft.server.threadpool.proxy.cached = true (default)
2023-10-27 20:13:58,954 [0ef615e1-91db-4ede-b924-53e2d320f02d-EndpointStateMachineTaskThread-/0.0.0.0:15002-0 ] INFO  server.GrpcService (GrpcService.java:startImpl(302)) - 0ef615e1-91db-4ede-b924-53e2d320f02d: GrpcService started, listening on 15021
2023-10-27 20:13:58,954 [main] INFO  server.RaftServerConfigKeys (ConfUtils.java:logGet(46)) - raft.server.threadpool.proxy.size = 0 (default)
2023-10-27 20:13:58,954 [main] INFO  server.RaftServerConfigKeys (ConfUtils.java:logGet(46)) - raft.server.rpc.slowness.timeout = 300s (custom)
2023-10-27 20:13:58,954 [main] INFO  server.RaftServerConfigKeys (ConfUtils.java:logGet(46)) - raft.server.leaderelection.leader.step-down.wait-time = 10s (default)
2023-10-27 20:13:58,955 [main] INFO  server.RaftServerConfigKeys (ConfUtils.java:logGet(46)) - raft.server.storage.dir = [/home/runner/work/ozone/ozone/hadoop-ozone/integration-test/target/test-dir/MiniOzoneClusterImpl-60426a9d-3de2-4373-b08b-24a22c9da129/datanode-9/data/ratis] (custom)
2023-10-27 20:13:58,955 [5b9beb6f-d596-489f-8a17-e362b772df82-NettyServerStreamRpc-bossGroup--thread1] INFO  logging.LoggingHandler (AbstractInternalLogger.java:log(148)) - [id: 0x356ae879] REGISTERED
2023-10-27 20:13:58,956 [5b9beb6f-d596-489f-8a17-e362b772df82-NettyServerStreamRpc-bossGroup--thread1] INFO  logging.LoggingHandler (AbstractInternalLogger.java:log(148)) - [id: 0x356ae879] BIND: 0.0.0.0/0.0.0.0:15096
2023-10-27 20:13:58,956 [5b9beb6f-d596-489f-8a17-e362b772df82-NettyServerStreamRpc-bossGroup--thread1] INFO  logging.LoggingHandler (AbstractInternalLogger.java:log(148)) - [id: 0x356ae879, L:/0:0:0:0:0:0:0:0:15096] ACTIVE
2023-10-27 20:13:58,961 [0ef615e1-91db-4ede-b924-53e2d320f02d-EndpointStateMachineTaskThread-/0.0.0.0:15002-0 ] INFO  server.GrpcService (GrpcService.java:startImpl(302)) - 0ef615e1-91db-4ede-b924-53e2d320f02d: GrpcService started, listening on 15023
2023-10-27 20:13:58,961 [5b9beb6f-d596-489f-8a17-e362b772df82-impl-thread1] INFO  server.RaftServer (RaftServerProxy.java:initGroupDir(258)) - 5b9beb6f-d596-489f-8a17-e362b772df82: found a subdirectory /home/runner/work/ozone/ozone/hadoop-ozone/integration-test/target/test-dir/MiniOzoneClusterImpl-60426a9d-3de2-4373-b08b-24a22c9da129/datanode-9/data/ratis/tmp
2023-10-27 20:13:58,969 [0ef615e1-91db-4ede-b924-53e2d320f02d-EndpointStateMachineTaskThread-/0.0.0.0:15002-0 ] INFO  server.GrpcService (GrpcService.java:startImpl(302)) - 0ef615e1-91db-4ede-b924-53e2d320f02d: GrpcService started, listening on 15022
2023-10-27 20:13:58,971 [5b9beb6f-d596-489f-8a17-e362b772df82-impl-thread1] INFO  server.RaftServer (RaftServerProxy.java:initGroupDir(263)) - 5b9beb6f-d596-489f-8a17-e362b772df82: The directory /home/runner/work/ozone/ozone/hadoop-ozone/integration-test/target/test-dir/MiniOzoneClusterImpl-60426a9d-3de2-4373-b08b-24a22c9da129/datanode-9/data/ratis/tmp is not a group directory; ignoring it. 
2023-10-27 20:13:58,972 [main] INFO  replication.ReplicationServer (ReplicationServer.java:<init>(85)) - Initializing replication server with thread count = 10 queue length = 4096
2023-10-27 20:13:58,974 [main] INFO  server.XceiverServerGrpc (XceiverServerGrpc.java:<init>(135)) - GrpcServer channel type EpollServerSocketChannel
2023-10-27 20:13:58,978 [main] INFO  replication.ReplicationSupervisor (ReplicationSupervisor.java:build(163)) - Initializing replication supervisor with thread count = 10
2023-10-27 20:13:58,978 [main] INFO  replication.ReplicationSupervisor (ReplicationSupervisor.java:nodeStateUpdated(317)) - Node state updated to IN_SERVICE, scaling executor pool size to 10
2023-10-27 20:13:58,980 [0ef615e1-91db-4ede-b924-53e2d320f02d-EndpointStateMachineTaskThread-/0.0.0.0:15002-0 ] INFO  ratis.XceiverServerRatis (XceiverServerRatis.java:getRealPort(544)) - XceiverServerRatis 0ef615e1-91db-4ede-b924-53e2d320f02d is started using port 15021 for RATIS
2023-10-27 20:13:58,980 [0ef615e1-91db-4ede-b924-53e2d320f02d-EndpointStateMachineTaskThread-/0.0.0.0:15002-0 ] INFO  ratis.XceiverServerRatis (XceiverServerRatis.java:getRealPort(544)) - XceiverServerRatis 0ef615e1-91db-4ede-b924-53e2d320f02d is started using port 15022 for RATIS_ADMIN
2023-10-27 20:13:58,980 [0ef615e1-91db-4ede-b924-53e2d320f02d-EndpointStateMachineTaskThread-/0.0.0.0:15002-0 ] INFO  ratis.XceiverServerRatis (XceiverServerRatis.java:getRealPort(544)) - XceiverServerRatis 0ef615e1-91db-4ede-b924-53e2d320f02d is started using port 15023 for RATIS_SERVER
2023-10-27 20:13:58,981 [0ef615e1-91db-4ede-b924-53e2d320f02d-EndpointStateMachineTaskThread-/0.0.0.0:15002-0 ] INFO  ratis.XceiverServerRatis (XceiverServerRatis.java:getRealPort(544)) - XceiverServerRatis 0ef615e1-91db-4ede-b924-53e2d320f02d is started using port 15024 for RATIS_DATASTREAM
2023-10-27 20:13:58,981 [JvmPauseMonitor3] INFO  util.JvmPauseMonitor (JvmPauseMonitor.java:run(103)) - JvmPauseMonitor-0ef615e1-91db-4ede-b924-53e2d320f02d: Started
2023-10-27 20:13:58,987 [main] INFO  http.BaseHttpServer (BaseHttpServer.java:newHttpServer2BuilderForOzone(223)) - Starting Web-server for hddsDatanode at: http://0.0.0.0:15090
2023-10-27 20:13:58,987 [main] INFO  http.BaseHttpServer (BaseHttpServer.java:<init>(110)) - Hadoop Security Enabled: false Ozone Security Enabled: false Ozone HTTP Security Enabled: false 
2023-10-27 20:13:58,993 [main] WARN  server.AuthenticationFilter (AuthenticationFilter.java:constructSecretProvider(240)) - Unable to initialize FileSignerSecretProvider, falling back to use random secrets. Reason: Could not read signature secret file: /home/runner/hadoop-http-auth-signature-secret
2023-10-27 20:13:59,005 [main] INFO  http.HttpRequestLog (HttpRequestLog.java:getRequestLog(86)) - Http request log for http.requests.hddsDatanode is not defined
2023-10-27 20:13:59,007 [0ef615e1-91db-4ede-b924-53e2d320f02d-BlockDeletingService#0] INFO  interfaces.ContainerDeletionChoosingPolicyTemplate (ContainerDeletionChoosingPolicyTemplate.java:chooseContainerForBlockDeletion(85)) - Chosen 0/5000 blocks from 0 candidate containers.
2023-10-27 20:13:59,016 [main] INFO  http.HttpServer2 (HttpServer2.java:addGlobalFilter(1031)) - Added global filter 'safety' (class=org.apache.hadoop.hdds.server.http.HttpServer2$QuotingInputFilter)
2023-10-27 20:13:59,017 [main] INFO  http.HttpServer2 (HttpServer2.java:addFilter(1007)) - Added filter static_user_filter (class=org.apache.hadoop.http.lib.StaticUserWebFilter$StaticUserFilter) to context hddsDatanode
2023-10-27 20:13:59,018 [main] INFO  http.HttpServer2 (HttpServer2.java:addFilter(1015)) - Added filter static_user_filter (class=org.apache.hadoop.http.lib.StaticUserWebFilter$StaticUserFilter) to context static
2023-10-27 20:13:59,018 [main] INFO  http.HttpServer2 (HttpServer2.java:addFilter(1015)) - Added filter static_user_filter (class=org.apache.hadoop.http.lib.StaticUserWebFilter$StaticUserFilter) to context logs
2023-10-27 20:13:59,020 [main] INFO  http.BaseHttpServer (BaseHttpServer.java:<init>(189)) - HTTP server of hddsDatanode uses base directory /home/runner/work/ozone/ozone/hadoop-ozone/integration-test/target/test-dir/MiniOzoneClusterImpl-60426a9d-3de2-4373-b08b-24a22c9da129/datanode-9/meta/webserver
2023-10-27 20:13:59,021 [main] INFO  http.HttpServer2 (HttpServer2.java:bindListener(1231)) - Jetty bound to port 15090
2023-10-27 20:13:59,021 [main] INFO  server.Server (Server.java:doStart(375)) - jetty-9.4.53.v20231009; built: 2023-10-09T12:29:09.265Z; git: 27bde00a0b95a1d5bbee0eae7984f891d2d0f8c9; jvm 1.8.0_382-b05
2023-10-27 20:13:59,025 [main] INFO  server.session (DefaultSessionIdManager.java:doStart(334)) - DefaultSessionIdManager workerName=node0
2023-10-27 20:13:59,025 [main] INFO  server.session (DefaultSessionIdManager.java:doStart(339)) - No SessionScavenger set, using defaults
2023-10-27 20:13:59,025 [main] INFO  server.session (HouseKeeper.java:startScavenging(132)) - node0 Scavenging every 600000ms
2023-10-27 20:13:59,027 [main] INFO  handler.ContextHandler (ContextHandler.java:doStart(921)) - Started o.e.j.s.ServletContextHandler@b6199f{logs,/logs,file:///home/runner/work/ozone/ozone/hadoop-ozone/integration-test/target/log,AVAILABLE}
2023-10-27 20:13:59,028 [main] INFO  handler.ContextHandler (ContextHandler.java:doStart(921)) - Started o.e.j.s.ServletContextHandler@7d3ef43b{static,/static,jar:file:/home/runner/.m2/repository/org/apache/ozone/hdds-container-service/1.4.0-SNAPSHOT/hdds-container-service-1.4.0-SNAPSHOT.jar!/webapps/static,AVAILABLE}
2023-10-27 20:13:59,095 [main] INFO  handler.ContextHandler (ContextHandler.java:doStart(921)) - Started o.e.j.w.WebAppContext@500e15ee{hddsDatanode,/,file:///home/runner/work/ozone/ozone/hadoop-ozone/integration-test/target/test-dir/MiniOzoneClusterImpl-60426a9d-3de2-4373-b08b-24a22c9da129/datanode-9/meta/webserver/jetty-0_0_0_0-15090-hdds-container-service-1_4_0-SNAPSHOT_jar-_-any-9185439008108330989/webapp/,AVAILABLE}{jar:file:/home/runner/.m2/repository/org/apache/ozone/hdds-container-service/1.4.0-SNAPSHOT/hdds-container-service-1.4.0-SNAPSHOT.jar!/webapps/hddsDatanode}
2023-10-27 20:13:59,109 [main] INFO  server.AbstractConnector (AbstractConnector.java:doStart(333)) - Started ServerConnector@47c2ba49{HTTP/1.1, (http/1.1)}{0.0.0.0:15090}
2023-10-27 20:13:59,109 [main] INFO  server.Server (Server.java:doStart(415)) - Started @17361ms
2023-10-27 20:13:59,109 [main] WARN  impl.MetricsSystemImpl (MetricsSystemImpl.java:register(279)) - Sink prometheus already exists!
2023-10-27 20:13:59,112 [main] INFO  http.BaseHttpServer (BaseHttpServer.java:updateConnectorAddress(354)) - HTTP server of hddsDatanode listening at http://0.0.0.0:15090
2023-10-27 20:13:59,113 [main] INFO  ipc.CallQueueManager (CallQueueManager.java:<init>(90)) - Using callQueue: class java.util.concurrent.LinkedBlockingQueue, queueCapacity: 100, scheduler: class org.apache.hadoop.ipc.DefaultRpcScheduler, ipcBackoff: false.
2023-10-27 20:13:59,113 [main] INFO  ipc.Server (Server.java:<init>(1287)) - Listener at 0.0.0.0:15091
2023-10-27 20:13:59,114 [Socket Reader #1 for port 15091] INFO  ipc.Server (Server.java:run(1323)) - Starting Socket Reader #1 for port 15091
2023-10-27 20:13:59,127 [main] INFO  ozone.HddsDatanodeService (HddsDatanodeService.java:start(325)) - Datanode start with admins: [runner]
2023-10-27 20:13:59,127 [main] INFO  ozone.HddsDatanodeClientProtocolServer (HddsDatanodeClientProtocolServer.java:start(72)) - RPC server for Client /0.0.0.0:15091
2023-10-27 20:13:59,128 [IPC Server Responder] INFO  ipc.Server (Server.java:run(1562)) - IPC Server Responder: starting
2023-10-27 20:13:59,132 [IPC Server listener on 15091] INFO  ipc.Server (Server.java:run(1402)) - IPC Server listener on 15091: starting
2023-10-27 20:13:59,138 [66ee3698-ded8-430f-8ecd-27f356af6e45-EndpointStateMachineTaskThread-/0.0.0.0:15002-0 ] INFO  utils.DatanodeStoreCache (DatanodeStoreCache.java:addDB(66)) - Added db /home/runner/work/ozone/ozone/hadoop-ozone/integration-test/target/test-dir/MiniOzoneClusterImpl-60426a9d-3de2-4373-b08b-24a22c9da129/datanode-2/data-0/containers/hdds/60426a9d-3de2-4373-b08b-24a22c9da129/DS-37fa1772-ccda-4154-a0e6-a2735a84fb2b/container.db to cache
2023-10-27 20:13:59,138 [66ee3698-ded8-430f-8ecd-27f356af6e45-EndpointStateMachineTaskThread-/0.0.0.0:15002-0 ] INFO  volume.HddsVolume (HddsVolume.java:createDbStore(422)) - SchemaV3 db is created and loaded at /home/runner/work/ozone/ozone/hadoop-ozone/integration-test/target/test-dir/MiniOzoneClusterImpl-60426a9d-3de2-4373-b08b-24a22c9da129/datanode-2/data-0/containers/hdds/60426a9d-3de2-4373-b08b-24a22c9da129/DS-37fa1772-ccda-4154-a0e6-a2735a84fb2b/container.db for volume DS-37fa1772-ccda-4154-a0e6-a2735a84fb2b
2023-10-27 20:13:59,139 [main] INFO  ozone.MiniOzoneClusterImpl (MiniOzoneClusterImpl.java:lambda$waitForClusterToBeReady$0(229)) - Waiting for nodes to be ready. Got 0 of 10 DN Heartbeats.
2023-10-27 20:13:59,139 [66ee3698-ded8-430f-8ecd-27f356af6e45-EndpointStateMachineTaskThread-/0.0.0.0:15002-0 ] INFO  volume.ThrottledAsyncChecker (ThrottledAsyncChecker.java:schedule(141)) - Scheduling a check for /home/runner/work/ozone/ozone/hadoop-ozone/integration-test/target/test-dir/MiniOzoneClusterImpl-60426a9d-3de2-4373-b08b-24a22c9da129/datanode-2/data-0/containers/hdds
2023-10-27 20:13:59,139 [main] INFO  ozone.MiniOzoneClusterImpl (MiniOzoneClusterImpl.java:lambda$waitForClusterToBeReady$0(232)) - Waiting for cluster to exit safe mode
2023-10-27 20:13:59,143 [main] INFO  ozone.MiniOzoneClusterImpl (MiniOzoneClusterImpl.java:lambda$waitForClusterToBeReady$0(234)) - SCM became leader
2023-10-27 20:13:59,144 [5b9beb6f-d596-489f-8a17-e362b772df82-DatanodeStateMachineDaemonThread] INFO  statemachine.DatanodeStateMachine (DatanodeStateMachine.java:lambda$startDaemon$1(555)) - Ozone container server started.
2023-10-27 20:13:59,144 [66ee3698-ded8-430f-8ecd-27f356af6e45-EndpointStateMachineTaskThread-/0.0.0.0:15002-0 ] INFO  volume.StorageVolumeChecker (StorageVolumeChecker.java:checkAllVolumes(218)) - Scheduled health check for volume /home/runner/work/ozone/ozone/hadoop-ozone/integration-test/target/test-dir/MiniOzoneClusterImpl-60426a9d-3de2-4373-b08b-24a22c9da129/datanode-2/data-0/containers/hdds
2023-10-27 20:13:59,159 [66ee3698-ded8-430f-8ecd-27f356af6e45-EndpointStateMachineTaskThread-/0.0.0.0:15002-0 ] INFO  volume.ThrottledAsyncChecker (ThrottledAsyncChecker.java:schedule(141)) - Scheduling a check for /home/runner/work/ozone/ozone/hadoop-ozone/integration-test/target/test-dir/MiniOzoneClusterImpl-60426a9d-3de2-4373-b08b-24a22c9da129/datanode-2/data/ratis
2023-10-27 20:13:59,159 [66ee3698-ded8-430f-8ecd-27f356af6e45-EndpointStateMachineTaskThread-/0.0.0.0:15002-0 ] INFO  volume.StorageVolumeChecker (StorageVolumeChecker.java:checkAllVolumes(218)) - Scheduled health check for volume /home/runner/work/ozone/ozone/hadoop-ozone/integration-test/target/test-dir/MiniOzoneClusterImpl-60426a9d-3de2-4373-b08b-24a22c9da129/datanode-2/data/ratis
2023-10-27 20:13:59,161 [66ee3698-ded8-430f-8ecd-27f356af6e45-EndpointStateMachineTaskThread-/0.0.0.0:15002-0 ] INFO  ozoneimpl.OzoneContainer (OzoneContainer.java:start(441)) - Attempting to start container services.
2023-10-27 20:13:59,162 [66ee3698-ded8-430f-8ecd-27f356af6e45-EndpointStateMachineTaskThread-/0.0.0.0:15002-0 ] INFO  ozoneimpl.OzoneContainer (OzoneContainer.java:startContainerScrub(337)) - Scheduled background container scanners and the on-demand container scanner have been disabled.
2023-10-27 20:13:59,165 [66ee3698-ded8-430f-8ecd-27f356af6e45-EndpointStateMachineTaskThread-/0.0.0.0:15002-0 ] INFO  replication.ReplicationServer (ReplicationServer.java:start(139)) - ReplicationServer is started using port 15034
2023-10-27 20:13:59,165 [66ee3698-ded8-430f-8ecd-27f356af6e45-EndpointStateMachineTaskThread-/0.0.0.0:15002-0 ] INFO  ratis.XceiverServerRatis (XceiverServerRatis.java:start(518)) - Starting XceiverServerRatis 66ee3698-ded8-430f-8ecd-27f356af6e45
2023-10-27 20:13:59,169 [5b9beb6f-d596-489f-8a17-e362b772df82-DatanodeStateMachineTaskThread-0] INFO  datanode.InitDatanodeState (InitDatanodeState.java:persistContainerDatanodeDetails(139)) - DatanodeDetails is persisted to /home/runner/work/ozone/ozone/hadoop-ozone/integration-test/target/test-dir/MiniOzoneClusterImpl-60426a9d-3de2-4373-b08b-24a22c9da129/datanode-9/meta/datanode.id
2023-10-27 20:13:59,169 [66ee3698-ded8-430f-8ecd-27f356af6e45-EndpointStateMachineTaskThread-/0.0.0.0:15002-0 ] INFO  server.RaftServer (RaftServerProxy.java:startImpl(400)) - 66ee3698-ded8-430f-8ecd-27f356af6e45: start RPC server
2023-10-27 20:13:59,172 [66ee3698-ded8-430f-8ecd-27f356af6e45-EndpointStateMachineTaskThread-/0.0.0.0:15002-0 ] INFO  server.GrpcService (GrpcService.java:startImpl(302)) - 66ee3698-ded8-430f-8ecd-27f356af6e45: GrpcService started, listening on 15030
2023-10-27 20:13:59,174 [66ee3698-ded8-430f-8ecd-27f356af6e45-EndpointStateMachineTaskThread-/0.0.0.0:15002-0 ] INFO  server.GrpcService (GrpcService.java:startImpl(302)) - 66ee3698-ded8-430f-8ecd-27f356af6e45: GrpcService started, listening on 15032
2023-10-27 20:13:59,176 [66ee3698-ded8-430f-8ecd-27f356af6e45-EndpointStateMachineTaskThread-/0.0.0.0:15002-0 ] INFO  server.GrpcService (GrpcService.java:startImpl(302)) - 66ee3698-ded8-430f-8ecd-27f356af6e45: GrpcService started, listening on 15031
2023-10-27 20:13:59,177 [66ee3698-ded8-430f-8ecd-27f356af6e45-EndpointStateMachineTaskThread-/0.0.0.0:15002-0 ] INFO  ratis.XceiverServerRatis (XceiverServerRatis.java:getRealPort(544)) - XceiverServerRatis 66ee3698-ded8-430f-8ecd-27f356af6e45 is started using port 15030 for RATIS
2023-10-27 20:13:59,177 [66ee3698-ded8-430f-8ecd-27f356af6e45-EndpointStateMachineTaskThread-/0.0.0.0:15002-0 ] INFO  ratis.XceiverServerRatis (XceiverServerRatis.java:getRealPort(544)) - XceiverServerRatis 66ee3698-ded8-430f-8ecd-27f356af6e45 is started using port 15031 for RATIS_ADMIN
2023-10-27 20:13:59,177 [66ee3698-ded8-430f-8ecd-27f356af6e45-EndpointStateMachineTaskThread-/0.0.0.0:15002-0 ] INFO  ratis.XceiverServerRatis (XceiverServerRatis.java:getRealPort(544)) - XceiverServerRatis 66ee3698-ded8-430f-8ecd-27f356af6e45 is started using port 15032 for RATIS_SERVER
2023-10-27 20:13:59,177 [66ee3698-ded8-430f-8ecd-27f356af6e45-EndpointStateMachineTaskThread-/0.0.0.0:15002-0 ] INFO  ratis.XceiverServerRatis (XceiverServerRatis.java:getRealPort(544)) - XceiverServerRatis 66ee3698-ded8-430f-8ecd-27f356af6e45 is started using port 15033 for RATIS_DATASTREAM
2023-10-27 20:13:59,177 [JvmPauseMonitor4] INFO  util.JvmPauseMonitor (JvmPauseMonitor.java:run(103)) - JvmPauseMonitor-66ee3698-ded8-430f-8ecd-27f356af6e45: Started
2023-10-27 20:13:59,191 [66ee3698-ded8-430f-8ecd-27f356af6e45-BlockDeletingService#0] INFO  interfaces.ContainerDeletionChoosingPolicyTemplate (ContainerDeletionChoosingPolicyTemplate.java:chooseContainerForBlockDeletion(85)) - Chosen 0/5000 blocks from 0 candidate containers.
2023-10-27 20:13:59,367 [3fb99649-c87f-4cc9-b3d9-f5c572ff189c-EndpointStateMachineTaskThread-/0.0.0.0:15002-0 ] INFO  utils.DatanodeStoreCache (DatanodeStoreCache.java:addDB(66)) - Added db /home/runner/work/ozone/ozone/hadoop-ozone/integration-test/target/test-dir/MiniOzoneClusterImpl-60426a9d-3de2-4373-b08b-24a22c9da129/datanode-3/data-0/containers/hdds/60426a9d-3de2-4373-b08b-24a22c9da129/DS-81f03ff3-e9cf-4506-8d54-b6204db8c262/container.db to cache
2023-10-27 20:13:59,367 [3fb99649-c87f-4cc9-b3d9-f5c572ff189c-EndpointStateMachineTaskThread-/0.0.0.0:15002-0 ] INFO  volume.HddsVolume (HddsVolume.java:createDbStore(422)) - SchemaV3 db is created and loaded at /home/runner/work/ozone/ozone/hadoop-ozone/integration-test/target/test-dir/MiniOzoneClusterImpl-60426a9d-3de2-4373-b08b-24a22c9da129/datanode-3/data-0/containers/hdds/60426a9d-3de2-4373-b08b-24a22c9da129/DS-81f03ff3-e9cf-4506-8d54-b6204db8c262/container.db for volume DS-81f03ff3-e9cf-4506-8d54-b6204db8c262
2023-10-27 20:13:59,368 [3fb99649-c87f-4cc9-b3d9-f5c572ff189c-EndpointStateMachineTaskThread-/0.0.0.0:15002-0 ] INFO  volume.ThrottledAsyncChecker (ThrottledAsyncChecker.java:schedule(141)) - Scheduling a check for /home/runner/work/ozone/ozone/hadoop-ozone/integration-test/target/test-dir/MiniOzoneClusterImpl-60426a9d-3de2-4373-b08b-24a22c9da129/datanode-3/data-0/containers/hdds
2023-10-27 20:13:59,369 [3fb99649-c87f-4cc9-b3d9-f5c572ff189c-EndpointStateMachineTaskThread-/0.0.0.0:15002-0 ] INFO  volume.StorageVolumeChecker (StorageVolumeChecker.java:checkAllVolumes(218)) - Scheduled health check for volume /home/runner/work/ozone/ozone/hadoop-ozone/integration-test/target/test-dir/MiniOzoneClusterImpl-60426a9d-3de2-4373-b08b-24a22c9da129/datanode-3/data-0/containers/hdds
2023-10-27 20:13:59,374 [3fb99649-c87f-4cc9-b3d9-f5c572ff189c-EndpointStateMachineTaskThread-/0.0.0.0:15002-0 ] INFO  volume.ThrottledAsyncChecker (ThrottledAsyncChecker.java:schedule(141)) - Scheduling a check for /home/runner/work/ozone/ozone/hadoop-ozone/integration-test/target/test-dir/MiniOzoneClusterImpl-60426a9d-3de2-4373-b08b-24a22c9da129/datanode-3/data/ratis
2023-10-27 20:13:59,375 [3fb99649-c87f-4cc9-b3d9-f5c572ff189c-EndpointStateMachineTaskThread-/0.0.0.0:15002-0 ] INFO  volume.StorageVolumeChecker (StorageVolumeChecker.java:checkAllVolumes(218)) - Scheduled health check for volume /home/runner/work/ozone/ozone/hadoop-ozone/integration-test/target/test-dir/MiniOzoneClusterImpl-60426a9d-3de2-4373-b08b-24a22c9da129/datanode-3/data/ratis
2023-10-27 20:13:59,378 [3fb99649-c87f-4cc9-b3d9-f5c572ff189c-EndpointStateMachineTaskThread-/0.0.0.0:15002-0 ] INFO  ozoneimpl.OzoneContainer (OzoneContainer.java:start(441)) - Attempting to start container services.
2023-10-27 20:13:59,379 [3fb99649-c87f-4cc9-b3d9-f5c572ff189c-EndpointStateMachineTaskThread-/0.0.0.0:15002-0 ] INFO  ozoneimpl.OzoneContainer (OzoneContainer.java:startContainerScrub(337)) - Scheduled background container scanners and the on-demand container scanner have been disabled.
2023-10-27 20:13:59,404 [3fb99649-c87f-4cc9-b3d9-f5c572ff189c-EndpointStateMachineTaskThread-/0.0.0.0:15002-0 ] INFO  replication.ReplicationServer (ReplicationServer.java:start(139)) - ReplicationServer is started using port 15043
2023-10-27 20:13:59,404 [3fb99649-c87f-4cc9-b3d9-f5c572ff189c-EndpointStateMachineTaskThread-/0.0.0.0:15002-0 ] INFO  ratis.XceiverServerRatis (XceiverServerRatis.java:start(518)) - Starting XceiverServerRatis 3fb99649-c87f-4cc9-b3d9-f5c572ff189c
2023-10-27 20:13:59,410 [3fb99649-c87f-4cc9-b3d9-f5c572ff189c-EndpointStateMachineTaskThread-/0.0.0.0:15002-0 ] INFO  server.RaftServer (RaftServerProxy.java:startImpl(400)) - 3fb99649-c87f-4cc9-b3d9-f5c572ff189c: start RPC server
2023-10-27 20:13:59,425 [3fb99649-c87f-4cc9-b3d9-f5c572ff189c-EndpointStateMachineTaskThread-/0.0.0.0:15002-0 ] INFO  server.GrpcService (GrpcService.java:startImpl(302)) - 3fb99649-c87f-4cc9-b3d9-f5c572ff189c: GrpcService started, listening on 15039
2023-10-27 20:13:59,435 [3fb99649-c87f-4cc9-b3d9-f5c572ff189c-EndpointStateMachineTaskThread-/0.0.0.0:15002-0 ] INFO  server.GrpcService (GrpcService.java:startImpl(302)) - 3fb99649-c87f-4cc9-b3d9-f5c572ff189c: GrpcService started, listening on 15041
2023-10-27 20:13:59,457 [3fb99649-c87f-4cc9-b3d9-f5c572ff189c-EndpointStateMachineTaskThread-/0.0.0.0:15002-0 ] INFO  server.GrpcService (GrpcService.java:startImpl(302)) - 3fb99649-c87f-4cc9-b3d9-f5c572ff189c: GrpcService started, listening on 15040
2023-10-27 20:13:59,459 [3fb99649-c87f-4cc9-b3d9-f5c572ff189c-EndpointStateMachineTaskThread-/0.0.0.0:15002-0 ] INFO  ratis.XceiverServerRatis (XceiverServerRatis.java:getRealPort(544)) - XceiverServerRatis 3fb99649-c87f-4cc9-b3d9-f5c572ff189c is started using port 15039 for RATIS
2023-10-27 20:13:59,459 [3fb99649-c87f-4cc9-b3d9-f5c572ff189c-EndpointStateMachineTaskThread-/0.0.0.0:15002-0 ] INFO  ratis.XceiverServerRatis (XceiverServerRatis.java:getRealPort(544)) - XceiverServerRatis 3fb99649-c87f-4cc9-b3d9-f5c572ff189c is started using port 15040 for RATIS_ADMIN
2023-10-27 20:13:59,459 [3fb99649-c87f-4cc9-b3d9-f5c572ff189c-EndpointStateMachineTaskThread-/0.0.0.0:15002-0 ] INFO  ratis.XceiverServerRatis (XceiverServerRatis.java:getRealPort(544)) - XceiverServerRatis 3fb99649-c87f-4cc9-b3d9-f5c572ff189c is started using port 15041 for RATIS_SERVER
2023-10-27 20:13:59,459 [3fb99649-c87f-4cc9-b3d9-f5c572ff189c-EndpointStateMachineTaskThread-/0.0.0.0:15002-0 ] INFO  ratis.XceiverServerRatis (XceiverServerRatis.java:getRealPort(544)) - XceiverServerRatis 3fb99649-c87f-4cc9-b3d9-f5c572ff189c is started using port 15042 for RATIS_DATASTREAM
2023-10-27 20:13:59,460 [JvmPauseMonitor5] INFO  util.JvmPauseMonitor (JvmPauseMonitor.java:run(103)) - JvmPauseMonitor-3fb99649-c87f-4cc9-b3d9-f5c572ff189c: Started
2023-10-27 20:13:59,561 [3fb99649-c87f-4cc9-b3d9-f5c572ff189c-BlockDeletingService#0] INFO  interfaces.ContainerDeletionChoosingPolicyTemplate (ContainerDeletionChoosingPolicyTemplate.java:chooseContainerForBlockDeletion(85)) - Chosen 0/5000 blocks from 0 candidate containers.
2023-10-27 20:13:59,608 [1407d0d1-39ba-4bc0-b697-1e16e43cd838-EndpointStateMachineTaskThread-/0.0.0.0:15002-0 ] INFO  utils.DatanodeStoreCache (DatanodeStoreCache.java:addDB(66)) - Added db /home/runner/work/ozone/ozone/hadoop-ozone/integration-test/target/test-dir/MiniOzoneClusterImpl-60426a9d-3de2-4373-b08b-24a22c9da129/datanode-4/data-0/containers/hdds/60426a9d-3de2-4373-b08b-24a22c9da129/DS-521be8bb-7465-4f70-8b24-901bb749fe45/container.db to cache
2023-10-27 20:13:59,609 [1407d0d1-39ba-4bc0-b697-1e16e43cd838-EndpointStateMachineTaskThread-/0.0.0.0:15002-0 ] INFO  volume.HddsVolume (HddsVolume.java:createDbStore(422)) - SchemaV3 db is created and loaded at /home/runner/work/ozone/ozone/hadoop-ozone/integration-test/target/test-dir/MiniOzoneClusterImpl-60426a9d-3de2-4373-b08b-24a22c9da129/datanode-4/data-0/containers/hdds/60426a9d-3de2-4373-b08b-24a22c9da129/DS-521be8bb-7465-4f70-8b24-901bb749fe45/container.db for volume DS-521be8bb-7465-4f70-8b24-901bb749fe45
2023-10-27 20:13:59,618 [1407d0d1-39ba-4bc0-b697-1e16e43cd838-EndpointStateMachineTaskThread-/0.0.0.0:15002-0 ] INFO  volume.ThrottledAsyncChecker (ThrottledAsyncChecker.java:schedule(141)) - Scheduling a check for /home/runner/work/ozone/ozone/hadoop-ozone/integration-test/target/test-dir/MiniOzoneClusterImpl-60426a9d-3de2-4373-b08b-24a22c9da129/datanode-4/data-0/containers/hdds
2023-10-27 20:13:59,693 [1407d0d1-39ba-4bc0-b697-1e16e43cd838-EndpointStateMachineTaskThread-/0.0.0.0:15002-0 ] INFO  volume.StorageVolumeChecker (StorageVolumeChecker.java:checkAllVolumes(218)) - Scheduled health check for volume /home/runner/work/ozone/ozone/hadoop-ozone/integration-test/target/test-dir/MiniOzoneClusterImpl-60426a9d-3de2-4373-b08b-24a22c9da129/datanode-4/data-0/containers/hdds
2023-10-27 20:13:59,715 [1407d0d1-39ba-4bc0-b697-1e16e43cd838-EndpointStateMachineTaskThread-/0.0.0.0:15002-0 ] INFO  volume.ThrottledAsyncChecker (ThrottledAsyncChecker.java:schedule(141)) - Scheduling a check for /home/runner/work/ozone/ozone/hadoop-ozone/integration-test/target/test-dir/MiniOzoneClusterImpl-60426a9d-3de2-4373-b08b-24a22c9da129/datanode-4/data/ratis
2023-10-27 20:13:59,715 [1407d0d1-39ba-4bc0-b697-1e16e43cd838-EndpointStateMachineTaskThread-/0.0.0.0:15002-0 ] INFO  volume.StorageVolumeChecker (StorageVolumeChecker.java:checkAllVolumes(218)) - Scheduled health check for volume /home/runner/work/ozone/ozone/hadoop-ozone/integration-test/target/test-dir/MiniOzoneClusterImpl-60426a9d-3de2-4373-b08b-24a22c9da129/datanode-4/data/ratis
2023-10-27 20:13:59,723 [1407d0d1-39ba-4bc0-b697-1e16e43cd838-EndpointStateMachineTaskThread-/0.0.0.0:15002-0 ] INFO  ozoneimpl.OzoneContainer (OzoneContainer.java:start(441)) - Attempting to start container services.
2023-10-27 20:13:59,724 [1407d0d1-39ba-4bc0-b697-1e16e43cd838-EndpointStateMachineTaskThread-/0.0.0.0:15002-0 ] INFO  ozoneimpl.OzoneContainer (OzoneContainer.java:startContainerScrub(337)) - Scheduled background container scanners and the on-demand container scanner have been disabled.
2023-10-27 20:13:59,732 [1407d0d1-39ba-4bc0-b697-1e16e43cd838-EndpointStateMachineTaskThread-/0.0.0.0:15002-0 ] INFO  replication.ReplicationServer (ReplicationServer.java:start(139)) - ReplicationServer is started using port 15052
2023-10-27 20:13:59,733 [1407d0d1-39ba-4bc0-b697-1e16e43cd838-EndpointStateMachineTaskThread-/0.0.0.0:15002-0 ] INFO  ratis.XceiverServerRatis (XceiverServerRatis.java:start(518)) - Starting XceiverServerRatis 1407d0d1-39ba-4bc0-b697-1e16e43cd838
2023-10-27 20:13:59,734 [1407d0d1-39ba-4bc0-b697-1e16e43cd838-EndpointStateMachineTaskThread-/0.0.0.0:15002-0 ] INFO  server.RaftServer (RaftServerProxy.java:startImpl(400)) - 1407d0d1-39ba-4bc0-b697-1e16e43cd838: start RPC server
2023-10-27 20:13:59,742 [1407d0d1-39ba-4bc0-b697-1e16e43cd838-EndpointStateMachineTaskThread-/0.0.0.0:15002-0 ] INFO  server.GrpcService (GrpcService.java:startImpl(302)) - 1407d0d1-39ba-4bc0-b697-1e16e43cd838: GrpcService started, listening on 15048
2023-10-27 20:13:59,744 [1407d0d1-39ba-4bc0-b697-1e16e43cd838-EndpointStateMachineTaskThread-/0.0.0.0:15002-0 ] INFO  server.GrpcService (GrpcService.java:startImpl(302)) - 1407d0d1-39ba-4bc0-b697-1e16e43cd838: GrpcService started, listening on 15050
2023-10-27 20:13:59,745 [1407d0d1-39ba-4bc0-b697-1e16e43cd838-EndpointStateMachineTaskThread-/0.0.0.0:15002-0 ] INFO  server.GrpcService (GrpcService.java:startImpl(302)) - 1407d0d1-39ba-4bc0-b697-1e16e43cd838: GrpcService started, listening on 15049
2023-10-27 20:13:59,745 [1407d0d1-39ba-4bc0-b697-1e16e43cd838-EndpointStateMachineTaskThread-/0.0.0.0:15002-0 ] INFO  ratis.XceiverServerRatis (XceiverServerRatis.java:getRealPort(544)) - XceiverServerRatis 1407d0d1-39ba-4bc0-b697-1e16e43cd838 is started using port 15048 for RATIS
2023-10-27 20:13:59,746 [1407d0d1-39ba-4bc0-b697-1e16e43cd838-EndpointStateMachineTaskThread-/0.0.0.0:15002-0 ] INFO  ratis.XceiverServerRatis (XceiverServerRatis.java:getRealPort(544)) - XceiverServerRatis 1407d0d1-39ba-4bc0-b697-1e16e43cd838 is started using port 15049 for RATIS_ADMIN
2023-10-27 20:13:59,746 [1407d0d1-39ba-4bc0-b697-1e16e43cd838-EndpointStateMachineTaskThread-/0.0.0.0:15002-0 ] INFO  ratis.XceiverServerRatis (XceiverServerRatis.java:getRealPort(544)) - XceiverServerRatis 1407d0d1-39ba-4bc0-b697-1e16e43cd838 is started using port 15050 for RATIS_SERVER
2023-10-27 20:13:59,746 [1407d0d1-39ba-4bc0-b697-1e16e43cd838-EndpointStateMachineTaskThread-/0.0.0.0:15002-0 ] INFO  ratis.XceiverServerRatis (XceiverServerRatis.java:getRealPort(544)) - XceiverServerRatis 1407d0d1-39ba-4bc0-b697-1e16e43cd838 is started using port 15051 for RATIS_DATASTREAM
2023-10-27 20:13:59,746 [JvmPauseMonitor6] INFO  util.JvmPauseMonitor (JvmPauseMonitor.java:run(103)) - JvmPauseMonitor-1407d0d1-39ba-4bc0-b697-1e16e43cd838: Started
2023-10-27 20:13:59,784 [1407d0d1-39ba-4bc0-b697-1e16e43cd838-BlockDeletingService#0] INFO  interfaces.ContainerDeletionChoosingPolicyTemplate (ContainerDeletionChoosingPolicyTemplate.java:chooseContainerForBlockDeletion(85)) - Chosen 0/5000 blocks from 0 candidate containers.
2023-10-27 20:13:59,890 [23554148-3e4d-431f-a73e-f2401dbff1d4-EndpointStateMachineTaskThread-/0.0.0.0:15002-0 ] INFO  utils.DatanodeStoreCache (DatanodeStoreCache.java:addDB(66)) - Added db /home/runner/work/ozone/ozone/hadoop-ozone/integration-test/target/test-dir/MiniOzoneClusterImpl-60426a9d-3de2-4373-b08b-24a22c9da129/datanode-5/data-0/containers/hdds/60426a9d-3de2-4373-b08b-24a22c9da129/DS-ee994c54-1506-4550-8ac0-c092e823467b/container.db to cache
2023-10-27 20:13:59,892 [23554148-3e4d-431f-a73e-f2401dbff1d4-EndpointStateMachineTaskThread-/0.0.0.0:15002-0 ] INFO  volume.HddsVolume (HddsVolume.java:createDbStore(422)) - SchemaV3 db is created and loaded at /home/runner/work/ozone/ozone/hadoop-ozone/integration-test/target/test-dir/MiniOzoneClusterImpl-60426a9d-3de2-4373-b08b-24a22c9da129/datanode-5/data-0/containers/hdds/60426a9d-3de2-4373-b08b-24a22c9da129/DS-ee994c54-1506-4550-8ac0-c092e823467b/container.db for volume DS-ee994c54-1506-4550-8ac0-c092e823467b
2023-10-27 20:13:59,893 [23554148-3e4d-431f-a73e-f2401dbff1d4-EndpointStateMachineTaskThread-/0.0.0.0:15002-0 ] INFO  volume.ThrottledAsyncChecker (ThrottledAsyncChecker.java:schedule(141)) - Scheduling a check for /home/runner/work/ozone/ozone/hadoop-ozone/integration-test/target/test-dir/MiniOzoneClusterImpl-60426a9d-3de2-4373-b08b-24a22c9da129/datanode-5/data-0/containers/hdds
2023-10-27 20:13:59,894 [23554148-3e4d-431f-a73e-f2401dbff1d4-EndpointStateMachineTaskThread-/0.0.0.0:15002-0 ] INFO  volume.StorageVolumeChecker (StorageVolumeChecker.java:checkAllVolumes(218)) - Scheduled health check for volume /home/runner/work/ozone/ozone/hadoop-ozone/integration-test/target/test-dir/MiniOzoneClusterImpl-60426a9d-3de2-4373-b08b-24a22c9da129/datanode-5/data-0/containers/hdds
2023-10-27 20:13:59,900 [23554148-3e4d-431f-a73e-f2401dbff1d4-EndpointStateMachineTaskThread-/0.0.0.0:15002-0 ] INFO  volume.ThrottledAsyncChecker (ThrottledAsyncChecker.java:schedule(141)) - Scheduling a check for /home/runner/work/ozone/ozone/hadoop-ozone/integration-test/target/test-dir/MiniOzoneClusterImpl-60426a9d-3de2-4373-b08b-24a22c9da129/datanode-5/data/ratis
2023-10-27 20:13:59,901 [23554148-3e4d-431f-a73e-f2401dbff1d4-EndpointStateMachineTaskThread-/0.0.0.0:15002-0 ] INFO  volume.StorageVolumeChecker (StorageVolumeChecker.java:checkAllVolumes(218)) - Scheduled health check for volume /home/runner/work/ozone/ozone/hadoop-ozone/integration-test/target/test-dir/MiniOzoneClusterImpl-60426a9d-3de2-4373-b08b-24a22c9da129/datanode-5/data/ratis
2023-10-27 20:13:59,904 [23554148-3e4d-431f-a73e-f2401dbff1d4-EndpointStateMachineTaskThread-/0.0.0.0:15002-0 ] INFO  ozoneimpl.OzoneContainer (OzoneContainer.java:start(441)) - Attempting to start container services.
2023-10-27 20:13:59,905 [23554148-3e4d-431f-a73e-f2401dbff1d4-EndpointStateMachineTaskThread-/0.0.0.0:15002-0 ] INFO  ozoneimpl.OzoneContainer (OzoneContainer.java:startContainerScrub(337)) - Scheduled background container scanners and the on-demand container scanner have been disabled.
2023-10-27 20:13:59,909 [23554148-3e4d-431f-a73e-f2401dbff1d4-EndpointStateMachineTaskThread-/0.0.0.0:15002-0 ] INFO  replication.ReplicationServer (ReplicationServer.java:start(139)) - ReplicationServer is started using port 15061
2023-10-27 20:13:59,909 [23554148-3e4d-431f-a73e-f2401dbff1d4-EndpointStateMachineTaskThread-/0.0.0.0:15002-0 ] INFO  ratis.XceiverServerRatis (XceiverServerRatis.java:start(518)) - Starting XceiverServerRatis 23554148-3e4d-431f-a73e-f2401dbff1d4
2023-10-27 20:13:59,910 [23554148-3e4d-431f-a73e-f2401dbff1d4-EndpointStateMachineTaskThread-/0.0.0.0:15002-0 ] INFO  server.RaftServer (RaftServerProxy.java:startImpl(400)) - 23554148-3e4d-431f-a73e-f2401dbff1d4: start RPC server
2023-10-27 20:13:59,918 [23554148-3e4d-431f-a73e-f2401dbff1d4-EndpointStateMachineTaskThread-/0.0.0.0:15002-0 ] INFO  server.GrpcService (GrpcService.java:startImpl(302)) - 23554148-3e4d-431f-a73e-f2401dbff1d4: GrpcService started, listening on 15057
2023-10-27 20:13:59,920 [23554148-3e4d-431f-a73e-f2401dbff1d4-EndpointStateMachineTaskThread-/0.0.0.0:15002-0 ] INFO  server.GrpcService (GrpcService.java:startImpl(302)) - 23554148-3e4d-431f-a73e-f2401dbff1d4: GrpcService started, listening on 15059
2023-10-27 20:13:59,921 [23554148-3e4d-431f-a73e-f2401dbff1d4-EndpointStateMachineTaskThread-/0.0.0.0:15002-0 ] INFO  server.GrpcService (GrpcService.java:startImpl(302)) - 23554148-3e4d-431f-a73e-f2401dbff1d4: GrpcService started, listening on 15058
2023-10-27 20:13:59,922 [23554148-3e4d-431f-a73e-f2401dbff1d4-EndpointStateMachineTaskThread-/0.0.0.0:15002-0 ] INFO  ratis.XceiverServerRatis (XceiverServerRatis.java:getRealPort(544)) - XceiverServerRatis 23554148-3e4d-431f-a73e-f2401dbff1d4 is started using port 15057 for RATIS
2023-10-27 20:13:59,922 [23554148-3e4d-431f-a73e-f2401dbff1d4-EndpointStateMachineTaskThread-/0.0.0.0:15002-0 ] INFO  ratis.XceiverServerRatis (XceiverServerRatis.java:getRealPort(544)) - XceiverServerRatis 23554148-3e4d-431f-a73e-f2401dbff1d4 is started using port 15058 for RATIS_ADMIN
2023-10-27 20:13:59,922 [23554148-3e4d-431f-a73e-f2401dbff1d4-EndpointStateMachineTaskThread-/0.0.0.0:15002-0 ] INFO  ratis.XceiverServerRatis (XceiverServerRatis.java:getRealPort(544)) - XceiverServerRatis 23554148-3e4d-431f-a73e-f2401dbff1d4 is started using port 15059 for RATIS_SERVER
2023-10-27 20:13:59,922 [23554148-3e4d-431f-a73e-f2401dbff1d4-EndpointStateMachineTaskThread-/0.0.0.0:15002-0 ] INFO  ratis.XceiverServerRatis (XceiverServerRatis.java:getRealPort(544)) - XceiverServerRatis 23554148-3e4d-431f-a73e-f2401dbff1d4 is started using port 15060 for RATIS_DATASTREAM
2023-10-27 20:13:59,922 [JvmPauseMonitor7] INFO  util.JvmPauseMonitor (JvmPauseMonitor.java:run(103)) - JvmPauseMonitor-23554148-3e4d-431f-a73e-f2401dbff1d4: Started
2023-10-27 20:13:59,955 [23554148-3e4d-431f-a73e-f2401dbff1d4-BlockDeletingService#0] INFO  interfaces.ContainerDeletionChoosingPolicyTemplate (ContainerDeletionChoosingPolicyTemplate.java:chooseContainerForBlockDeletion(85)) - Chosen 0/5000 blocks from 0 candidate containers.
2023-10-27 20:14:00,144 [main] INFO  ozone.MiniOzoneClusterImpl (MiniOzoneClusterImpl.java:lambda$waitForClusterToBeReady$0(229)) - Waiting for nodes to be ready. Got 0 of 10 DN Heartbeats.
2023-10-27 20:14:00,144 [main] INFO  ozone.MiniOzoneClusterImpl (MiniOzoneClusterImpl.java:lambda$waitForClusterToBeReady$0(232)) - Waiting for cluster to exit safe mode
2023-10-27 20:14:00,144 [main] INFO  ozone.MiniOzoneClusterImpl (MiniOzoneClusterImpl.java:lambda$waitForClusterToBeReady$0(234)) - SCM became leader
2023-10-27 20:14:00,166 [fe9b02b7-73ff-430f-9d75-1483ab7beb41-EndpointStateMachineTaskThread-/0.0.0.0:15002-0 ] INFO  utils.DatanodeStoreCache (DatanodeStoreCache.java:addDB(66)) - Added db /home/runner/work/ozone/ozone/hadoop-ozone/integration-test/target/test-dir/MiniOzoneClusterImpl-60426a9d-3de2-4373-b08b-24a22c9da129/datanode-6/data-0/containers/hdds/60426a9d-3de2-4373-b08b-24a22c9da129/DS-420f9bf7-33ab-4d37-bbd2-317c210bc18d/container.db to cache
2023-10-27 20:14:00,167 [fe9b02b7-73ff-430f-9d75-1483ab7beb41-EndpointStateMachineTaskThread-/0.0.0.0:15002-0 ] INFO  volume.HddsVolume (HddsVolume.java:createDbStore(422)) - SchemaV3 db is created and loaded at /home/runner/work/ozone/ozone/hadoop-ozone/integration-test/target/test-dir/MiniOzoneClusterImpl-60426a9d-3de2-4373-b08b-24a22c9da129/datanode-6/data-0/containers/hdds/60426a9d-3de2-4373-b08b-24a22c9da129/DS-420f9bf7-33ab-4d37-bbd2-317c210bc18d/container.db for volume DS-420f9bf7-33ab-4d37-bbd2-317c210bc18d
2023-10-27 20:14:00,169 [fe9b02b7-73ff-430f-9d75-1483ab7beb41-EndpointStateMachineTaskThread-/0.0.0.0:15002-0 ] INFO  volume.ThrottledAsyncChecker (ThrottledAsyncChecker.java:schedule(141)) - Scheduling a check for /home/runner/work/ozone/ozone/hadoop-ozone/integration-test/target/test-dir/MiniOzoneClusterImpl-60426a9d-3de2-4373-b08b-24a22c9da129/datanode-6/data-0/containers/hdds
2023-10-27 20:14:00,169 [fe9b02b7-73ff-430f-9d75-1483ab7beb41-EndpointStateMachineTaskThread-/0.0.0.0:15002-0 ] INFO  volume.StorageVolumeChecker (StorageVolumeChecker.java:checkAllVolumes(218)) - Scheduled health check for volume /home/runner/work/ozone/ozone/hadoop-ozone/integration-test/target/test-dir/MiniOzoneClusterImpl-60426a9d-3de2-4373-b08b-24a22c9da129/datanode-6/data-0/containers/hdds
2023-10-27 20:14:00,179 [fe9b02b7-73ff-430f-9d75-1483ab7beb41-EndpointStateMachineTaskThread-/0.0.0.0:15002-0 ] INFO  volume.ThrottledAsyncChecker (ThrottledAsyncChecker.java:schedule(141)) - Scheduling a check for /home/runner/work/ozone/ozone/hadoop-ozone/integration-test/target/test-dir/MiniOzoneClusterImpl-60426a9d-3de2-4373-b08b-24a22c9da129/datanode-6/data/ratis
2023-10-27 20:14:00,179 [fe9b02b7-73ff-430f-9d75-1483ab7beb41-EndpointStateMachineTaskThread-/0.0.0.0:15002-0 ] INFO  volume.StorageVolumeChecker (StorageVolumeChecker.java:checkAllVolumes(218)) - Scheduled health check for volume /home/runner/work/ozone/ozone/hadoop-ozone/integration-test/target/test-dir/MiniOzoneClusterImpl-60426a9d-3de2-4373-b08b-24a22c9da129/datanode-6/data/ratis
2023-10-27 20:14:00,181 [fe9b02b7-73ff-430f-9d75-1483ab7beb41-EndpointStateMachineTaskThread-/0.0.0.0:15002-0 ] INFO  ozoneimpl.OzoneContainer (OzoneContainer.java:start(441)) - Attempting to start container services.
2023-10-27 20:14:00,181 [fe9b02b7-73ff-430f-9d75-1483ab7beb41-EndpointStateMachineTaskThread-/0.0.0.0:15002-0 ] INFO  ozoneimpl.OzoneContainer (OzoneContainer.java:startContainerScrub(337)) - Scheduled background container scanners and the on-demand container scanner have been disabled.
2023-10-27 20:14:00,183 [fe9b02b7-73ff-430f-9d75-1483ab7beb41-EndpointStateMachineTaskThread-/0.0.0.0:15002-0 ] INFO  replication.ReplicationServer (ReplicationServer.java:start(139)) - ReplicationServer is started using port 15070
2023-10-27 20:14:00,183 [fe9b02b7-73ff-430f-9d75-1483ab7beb41-EndpointStateMachineTaskThread-/0.0.0.0:15002-0 ] INFO  ratis.XceiverServerRatis (XceiverServerRatis.java:start(518)) - Starting XceiverServerRatis fe9b02b7-73ff-430f-9d75-1483ab7beb41
2023-10-27 20:14:00,186 [fe9b02b7-73ff-430f-9d75-1483ab7beb41-EndpointStateMachineTaskThread-/0.0.0.0:15002-0 ] INFO  server.RaftServer (RaftServerProxy.java:startImpl(400)) - fe9b02b7-73ff-430f-9d75-1483ab7beb41: start RPC server
2023-10-27 20:14:00,190 [fe9b02b7-73ff-430f-9d75-1483ab7beb41-EndpointStateMachineTaskThread-/0.0.0.0:15002-0 ] INFO  server.GrpcService (GrpcService.java:startImpl(302)) - fe9b02b7-73ff-430f-9d75-1483ab7beb41: GrpcService started, listening on 15066
2023-10-27 20:14:00,191 [fe9b02b7-73ff-430f-9d75-1483ab7beb41-EndpointStateMachineTaskThread-/0.0.0.0:15002-0 ] INFO  server.GrpcService (GrpcService.java:startImpl(302)) - fe9b02b7-73ff-430f-9d75-1483ab7beb41: GrpcService started, listening on 15068
2023-10-27 20:14:00,196 [fe9b02b7-73ff-430f-9d75-1483ab7beb41-EndpointStateMachineTaskThread-/0.0.0.0:15002-0 ] INFO  server.GrpcService (GrpcService.java:startImpl(302)) - fe9b02b7-73ff-430f-9d75-1483ab7beb41: GrpcService started, listening on 15067
2023-10-27 20:14:00,198 [fe9b02b7-73ff-430f-9d75-1483ab7beb41-EndpointStateMachineTaskThread-/0.0.0.0:15002-0 ] INFO  ratis.XceiverServerRatis (XceiverServerRatis.java:getRealPort(544)) - XceiverServerRatis fe9b02b7-73ff-430f-9d75-1483ab7beb41 is started using port 15066 for RATIS
2023-10-27 20:14:00,198 [fe9b02b7-73ff-430f-9d75-1483ab7beb41-EndpointStateMachineTaskThread-/0.0.0.0:15002-0 ] INFO  ratis.XceiverServerRatis (XceiverServerRatis.java:getRealPort(544)) - XceiverServerRatis fe9b02b7-73ff-430f-9d75-1483ab7beb41 is started using port 15067 for RATIS_ADMIN
2023-10-27 20:14:00,198 [fe9b02b7-73ff-430f-9d75-1483ab7beb41-EndpointStateMachineTaskThread-/0.0.0.0:15002-0 ] INFO  ratis.XceiverServerRatis (XceiverServerRatis.java:getRealPort(544)) - XceiverServerRatis fe9b02b7-73ff-430f-9d75-1483ab7beb41 is started using port 15068 for RATIS_SERVER
2023-10-27 20:14:00,198 [fe9b02b7-73ff-430f-9d75-1483ab7beb41-EndpointStateMachineTaskThread-/0.0.0.0:15002-0 ] INFO  ratis.XceiverServerRatis (XceiverServerRatis.java:getRealPort(544)) - XceiverServerRatis fe9b02b7-73ff-430f-9d75-1483ab7beb41 is started using port 15069 for RATIS_DATASTREAM
2023-10-27 20:14:00,198 [JvmPauseMonitor8] INFO  util.JvmPauseMonitor (JvmPauseMonitor.java:run(103)) - JvmPauseMonitor-fe9b02b7-73ff-430f-9d75-1483ab7beb41: Started
2023-10-27 20:14:00,219 [fe9b02b7-73ff-430f-9d75-1483ab7beb41-BlockDeletingService#0] INFO  interfaces.ContainerDeletionChoosingPolicyTemplate (ContainerDeletionChoosingPolicyTemplate.java:chooseContainerForBlockDeletion(85)) - Chosen 0/5000 blocks from 0 candidate containers.
2023-10-27 20:14:00,355 [IPC Server handler 13 on default port 15002] INFO  net.NetworkTopologyImpl (NetworkTopologyImpl.java:add(112)) - Added a new node: /default-rack/94422c73-384a-4d9a-a15d-46d9f5b840aa
2023-10-27 20:14:00,366 [IPC Server handler 13 on default port 15002] INFO  node.SCMNodeManager (SCMNodeManager.java:register(405)) - Registered Data node : 94422c73-384a-4d9a-a15d-46d9f5b840aa{ip: 10.1.0.32, host: fv-az342-943, ports: [HTTP=15009, CLIENT_RPC=15010, REPLICATION=15016, RATIS=15012, RATIS_ADMIN=15013, RATIS_SERVER=15014, RATIS_DATASTREAM=15015, STANDALONE=15011], networkLocation: /default-rack, certSerialId: null, persistedOpState: null, persistedOpStateExpiryEpochSec: 0}
2023-10-27 20:14:00,382 [EventQueue-NewNodeForNewNodeHandler] INFO  pipeline.BackgroundPipelineCreator (BackgroundPipelineCreator.java:notifyEventTriggered(280)) - trigger a one-shot run on RatisPipelineUtilsThread.
2023-10-27 20:14:00,387 [EventQueue-NodeRegistrationContainerReportForContainerSafeModeRule] INFO  safemode.SCMSafeModeManager (SCMSafeModeManager.java:validateSafeModeExitRules(200)) - ContainerSafeModeRule rule is successfully validated
2023-10-27 20:14:00,398 [RatisPipelineUtilsThread-0] INFO  pipeline.RatisPipelineProvider (RatisPipelineProvider.java:lambda$create$0(206)) - Sending CreatePipelineCommand for pipeline:PipelineID=3fea4cb1-1775-4d44-a0aa-9f3bc7221b77 to datanode:94422c73-384a-4d9a-a15d-46d9f5b840aa
2023-10-27 20:14:00,399 [EventQueue-NodeRegistrationContainerReportForDataNodeSafeModeRule] INFO  safemode.SCMSafeModeManager (DataNodeSafeModeRule.java:process(71)) - SCM in safe mode. 1 DataNodes registered, 3 required.
2023-10-27 20:14:00,426 [EventQueue-PipelineReportForOneReplicaPipelineSafeModeRule] INFO  safemode.SCMSafeModeManager (SCMSafeModeManager.java:validateSafeModeExitRules(200)) - AtleastOneDatanodeReportedRule rule is successfully validated
2023-10-27 20:14:00,455 [RatisPipelineUtilsThread-0] INFO  pipeline.BackgroundPipelineCreator (BackgroundPipelineCreator.java:createPipelines(236)) - Created new pipeline Pipeline[ Id: 3fea4cb1-1775-4d44-a0aa-9f3bc7221b77, Nodes: 94422c73-384a-4d9a-a15d-46d9f5b840aa(fv-az342-943/10.1.0.32), ReplicationConfig: RATIS/ONE, State:ALLOCATED, leaderId:, CreationTimestamp2023-10-27T20:14:00.397Z[Etc/UTC]]
2023-10-27 20:14:00,495 [f612f2cf-90dc-41dc-bf39-cf028d38c484-EndpointStateMachineTaskThread-/0.0.0.0:15002-0 ] INFO  utils.DatanodeStoreCache (DatanodeStoreCache.java:addDB(66)) - Added db /home/runner/work/ozone/ozone/hadoop-ozone/integration-test/target/test-dir/MiniOzoneClusterImpl-60426a9d-3de2-4373-b08b-24a22c9da129/datanode-7/data-0/containers/hdds/60426a9d-3de2-4373-b08b-24a22c9da129/DS-78e68d47-7cf6-44b5-a27e-c3d762a2a4de/container.db to cache
2023-10-27 20:14:00,497 [f612f2cf-90dc-41dc-bf39-cf028d38c484-EndpointStateMachineTaskThread-/0.0.0.0:15002-0 ] INFO  volume.HddsVolume (HddsVolume.java:createDbStore(422)) - SchemaV3 db is created and loaded at /home/runner/work/ozone/ozone/hadoop-ozone/integration-test/target/test-dir/MiniOzoneClusterImpl-60426a9d-3de2-4373-b08b-24a22c9da129/datanode-7/data-0/containers/hdds/60426a9d-3de2-4373-b08b-24a22c9da129/DS-78e68d47-7cf6-44b5-a27e-c3d762a2a4de/container.db for volume DS-78e68d47-7cf6-44b5-a27e-c3d762a2a4de
2023-10-27 20:14:00,498 [f612f2cf-90dc-41dc-bf39-cf028d38c484-EndpointStateMachineTaskThread-/0.0.0.0:15002-0 ] INFO  volume.ThrottledAsyncChecker (ThrottledAsyncChecker.java:schedule(141)) - Scheduling a check for /home/runner/work/ozone/ozone/hadoop-ozone/integration-test/target/test-dir/MiniOzoneClusterImpl-60426a9d-3de2-4373-b08b-24a22c9da129/datanode-7/data-0/containers/hdds
2023-10-27 20:14:00,499 [f612f2cf-90dc-41dc-bf39-cf028d38c484-EndpointStateMachineTaskThread-/0.0.0.0:15002-0 ] INFO  volume.StorageVolumeChecker (StorageVolumeChecker.java:checkAllVolumes(218)) - Scheduled health check for volume /home/runner/work/ozone/ozone/hadoop-ozone/integration-test/target/test-dir/MiniOzoneClusterImpl-60426a9d-3de2-4373-b08b-24a22c9da129/datanode-7/data-0/containers/hdds
2023-10-27 20:14:00,505 [f612f2cf-90dc-41dc-bf39-cf028d38c484-EndpointStateMachineTaskThread-/0.0.0.0:15002-0 ] INFO  volume.ThrottledAsyncChecker (ThrottledAsyncChecker.java:schedule(141)) - Scheduling a check for /home/runner/work/ozone/ozone/hadoop-ozone/integration-test/target/test-dir/MiniOzoneClusterImpl-60426a9d-3de2-4373-b08b-24a22c9da129/datanode-7/data/ratis
2023-10-27 20:14:00,506 [f612f2cf-90dc-41dc-bf39-cf028d38c484-EndpointStateMachineTaskThread-/0.0.0.0:15002-0 ] INFO  volume.StorageVolumeChecker (StorageVolumeChecker.java:checkAllVolumes(218)) - Scheduled health check for volume /home/runner/work/ozone/ozone/hadoop-ozone/integration-test/target/test-dir/MiniOzoneClusterImpl-60426a9d-3de2-4373-b08b-24a22c9da129/datanode-7/data/ratis
2023-10-27 20:14:00,509 [f612f2cf-90dc-41dc-bf39-cf028d38c484-EndpointStateMachineTaskThread-/0.0.0.0:15002-0 ] INFO  ozoneimpl.OzoneContainer (OzoneContainer.java:start(441)) - Attempting to start container services.
2023-10-27 20:14:00,509 [f612f2cf-90dc-41dc-bf39-cf028d38c484-EndpointStateMachineTaskThread-/0.0.0.0:15002-0 ] INFO  ozoneimpl.OzoneContainer (OzoneContainer.java:startContainerScrub(337)) - Scheduled background container scanners and the on-demand container scanner have been disabled.
2023-10-27 20:14:00,512 [f612f2cf-90dc-41dc-bf39-cf028d38c484-EndpointStateMachineTaskThread-/0.0.0.0:15002-0 ] INFO  replication.ReplicationServer (ReplicationServer.java:start(139)) - ReplicationServer is started using port 15079
2023-10-27 20:14:00,512 [f612f2cf-90dc-41dc-bf39-cf028d38c484-EndpointStateMachineTaskThread-/0.0.0.0:15002-0 ] INFO  ratis.XceiverServerRatis (XceiverServerRatis.java:start(518)) - Starting XceiverServerRatis f612f2cf-90dc-41dc-bf39-cf028d38c484
2023-10-27 20:14:00,518 [f612f2cf-90dc-41dc-bf39-cf028d38c484-EndpointStateMachineTaskThread-/0.0.0.0:15002-0 ] INFO  server.RaftServer (RaftServerProxy.java:startImpl(400)) - f612f2cf-90dc-41dc-bf39-cf028d38c484: start RPC server
2023-10-27 20:14:00,532 [f612f2cf-90dc-41dc-bf39-cf028d38c484-EndpointStateMachineTaskThread-/0.0.0.0:15002-0 ] INFO  server.GrpcService (GrpcService.java:startImpl(302)) - f612f2cf-90dc-41dc-bf39-cf028d38c484: GrpcService started, listening on 15075
2023-10-27 20:14:00,535 [f612f2cf-90dc-41dc-bf39-cf028d38c484-EndpointStateMachineTaskThread-/0.0.0.0:15002-0 ] INFO  server.GrpcService (GrpcService.java:startImpl(302)) - f612f2cf-90dc-41dc-bf39-cf028d38c484: GrpcService started, listening on 15077
2023-10-27 20:14:00,544 [f612f2cf-90dc-41dc-bf39-cf028d38c484-EndpointStateMachineTaskThread-/0.0.0.0:15002-0 ] INFO  server.GrpcService (GrpcService.java:startImpl(302)) - f612f2cf-90dc-41dc-bf39-cf028d38c484: GrpcService started, listening on 15076
2023-10-27 20:14:00,545 [f612f2cf-90dc-41dc-bf39-cf028d38c484-EndpointStateMachineTaskThread-/0.0.0.0:15002-0 ] INFO  ratis.XceiverServerRatis (XceiverServerRatis.java:getRealPort(544)) - XceiverServerRatis f612f2cf-90dc-41dc-bf39-cf028d38c484 is started using port 15075 for RATIS
2023-10-27 20:14:00,545 [f612f2cf-90dc-41dc-bf39-cf028d38c484-EndpointStateMachineTaskThread-/0.0.0.0:15002-0 ] INFO  ratis.XceiverServerRatis (XceiverServerRatis.java:getRealPort(544)) - XceiverServerRatis f612f2cf-90dc-41dc-bf39-cf028d38c484 is started using port 15076 for RATIS_ADMIN
2023-10-27 20:14:00,545 [f612f2cf-90dc-41dc-bf39-cf028d38c484-EndpointStateMachineTaskThread-/0.0.0.0:15002-0 ] INFO  ratis.XceiverServerRatis (XceiverServerRatis.java:getRealPort(544)) - XceiverServerRatis f612f2cf-90dc-41dc-bf39-cf028d38c484 is started using port 15077 for RATIS_SERVER
2023-10-27 20:14:00,546 [f612f2cf-90dc-41dc-bf39-cf028d38c484-EndpointStateMachineTaskThread-/0.0.0.0:15002-0 ] INFO  ratis.XceiverServerRatis (XceiverServerRatis.java:getRealPort(544)) - XceiverServerRatis f612f2cf-90dc-41dc-bf39-cf028d38c484 is started using port 15078 for RATIS_DATASTREAM
2023-10-27 20:14:00,546 [JvmPauseMonitor9] INFO  util.JvmPauseMonitor (JvmPauseMonitor.java:run(103)) - JvmPauseMonitor-f612f2cf-90dc-41dc-bf39-cf028d38c484: Started
2023-10-27 20:14:00,564 [f612f2cf-90dc-41dc-bf39-cf028d38c484-BlockDeletingService#0] INFO  interfaces.ContainerDeletionChoosingPolicyTemplate (ContainerDeletionChoosingPolicyTemplate.java:chooseContainerForBlockDeletion(85)) - Chosen 0/5000 blocks from 0 candidate containers.
2023-10-27 20:14:00,748 [IPC Server handler 0 on default port 15002] INFO  net.NetworkTopologyImpl (NetworkTopologyImpl.java:add(112)) - Added a new node: /default-rack/0ef615e1-91db-4ede-b924-53e2d320f02d
2023-10-27 20:14:00,749 [IPC Server handler 0 on default port 15002] INFO  node.SCMNodeManager (SCMNodeManager.java:register(405)) - Registered Data node : 0ef615e1-91db-4ede-b924-53e2d320f02d{ip: 10.1.0.32, host: fv-az342-943, ports: [HTTP=15018, CLIENT_RPC=15019, REPLICATION=15025, RATIS=15021, RATIS_ADMIN=15022, RATIS_SERVER=15023, RATIS_DATASTREAM=15024, STANDALONE=15020], networkLocation: /default-rack, certSerialId: null, persistedOpState: null, persistedOpStateExpiryEpochSec: 0}
2023-10-27 20:14:00,752 [EventQueue-NodeRegistrationContainerReportForDataNodeSafeModeRule] INFO  safemode.SCMSafeModeManager (DataNodeSafeModeRule.java:process(71)) - SCM in safe mode. 2 DataNodes registered, 3 required.
2023-10-27 20:14:00,752 [EventQueue-NewNodeForNewNodeHandler] INFO  pipeline.BackgroundPipelineCreator (BackgroundPipelineCreator.java:notifyEventTriggered(280)) - trigger a one-shot run on RatisPipelineUtilsThread.
2023-10-27 20:14:00,756 [RatisPipelineUtilsThread-0] INFO  pipeline.RatisPipelineProvider (RatisPipelineProvider.java:lambda$create$0(206)) - Sending CreatePipelineCommand for pipeline:PipelineID=df5efd5f-9425-49d8-b564-db510c58c202 to datanode:0ef615e1-91db-4ede-b924-53e2d320f02d
2023-10-27 20:14:00,757 [RatisPipelineUtilsThread-0] INFO  pipeline.BackgroundPipelineCreator (BackgroundPipelineCreator.java:createPipelines(236)) - Created new pipeline Pipeline[ Id: df5efd5f-9425-49d8-b564-db510c58c202, Nodes: 0ef615e1-91db-4ede-b924-53e2d320f02d(fv-az342-943/10.1.0.32), ReplicationConfig: RATIS/ONE, State:ALLOCATED, leaderId:, CreationTimestamp2023-10-27T20:14:00.756Z[Etc/UTC]]
2023-10-27 20:14:00,855 [55507c8a-594d-4e25-909f-8d2832294c55-EndpointStateMachineTaskThread-/0.0.0.0:15002-0 ] INFO  utils.DatanodeStoreCache (DatanodeStoreCache.java:addDB(66)) - Added db /home/runner/work/ozone/ozone/hadoop-ozone/integration-test/target/test-dir/MiniOzoneClusterImpl-60426a9d-3de2-4373-b08b-24a22c9da129/datanode-8/data-0/containers/hdds/60426a9d-3de2-4373-b08b-24a22c9da129/DS-9dfc42b9-c6c6-4407-a289-72bc626c6284/container.db to cache
2023-10-27 20:14:00,856 [55507c8a-594d-4e25-909f-8d2832294c55-EndpointStateMachineTaskThread-/0.0.0.0:15002-0 ] INFO  volume.HddsVolume (HddsVolume.java:createDbStore(422)) - SchemaV3 db is created and loaded at /home/runner/work/ozone/ozone/hadoop-ozone/integration-test/target/test-dir/MiniOzoneClusterImpl-60426a9d-3de2-4373-b08b-24a22c9da129/datanode-8/data-0/containers/hdds/60426a9d-3de2-4373-b08b-24a22c9da129/DS-9dfc42b9-c6c6-4407-a289-72bc626c6284/container.db for volume DS-9dfc42b9-c6c6-4407-a289-72bc626c6284
2023-10-27 20:14:00,861 [55507c8a-594d-4e25-909f-8d2832294c55-EndpointStateMachineTaskThread-/0.0.0.0:15002-0 ] INFO  volume.ThrottledAsyncChecker (ThrottledAsyncChecker.java:schedule(141)) - Scheduling a check for /home/runner/work/ozone/ozone/hadoop-ozone/integration-test/target/test-dir/MiniOzoneClusterImpl-60426a9d-3de2-4373-b08b-24a22c9da129/datanode-8/data-0/containers/hdds
2023-10-27 20:14:00,863 [55507c8a-594d-4e25-909f-8d2832294c55-EndpointStateMachineTaskThread-/0.0.0.0:15002-0 ] INFO  volume.StorageVolumeChecker (StorageVolumeChecker.java:checkAllVolumes(218)) - Scheduled health check for volume /home/runner/work/ozone/ozone/hadoop-ozone/integration-test/target/test-dir/MiniOzoneClusterImpl-60426a9d-3de2-4373-b08b-24a22c9da129/datanode-8/data-0/containers/hdds
2023-10-27 20:14:00,867 [55507c8a-594d-4e25-909f-8d2832294c55-EndpointStateMachineTaskThread-/0.0.0.0:15002-0 ] INFO  volume.ThrottledAsyncChecker (ThrottledAsyncChecker.java:schedule(141)) - Scheduling a check for /home/runner/work/ozone/ozone/hadoop-ozone/integration-test/target/test-dir/MiniOzoneClusterImpl-60426a9d-3de2-4373-b08b-24a22c9da129/datanode-8/data/ratis
2023-10-27 20:14:00,870 [55507c8a-594d-4e25-909f-8d2832294c55-EndpointStateMachineTaskThread-/0.0.0.0:15002-0 ] INFO  volume.StorageVolumeChecker (StorageVolumeChecker.java:checkAllVolumes(218)) - Scheduled health check for volume /home/runner/work/ozone/ozone/hadoop-ozone/integration-test/target/test-dir/MiniOzoneClusterImpl-60426a9d-3de2-4373-b08b-24a22c9da129/datanode-8/data/ratis
2023-10-27 20:14:00,875 [55507c8a-594d-4e25-909f-8d2832294c55-EndpointStateMachineTaskThread-/0.0.0.0:15002-0 ] INFO  ozoneimpl.OzoneContainer (OzoneContainer.java:start(441)) - Attempting to start container services.
2023-10-27 20:14:00,875 [55507c8a-594d-4e25-909f-8d2832294c55-EndpointStateMachineTaskThread-/0.0.0.0:15002-0 ] INFO  ozoneimpl.OzoneContainer (OzoneContainer.java:startContainerScrub(337)) - Scheduled background container scanners and the on-demand container scanner have been disabled.
2023-10-27 20:14:00,877 [55507c8a-594d-4e25-909f-8d2832294c55-EndpointStateMachineTaskThread-/0.0.0.0:15002-0 ] INFO  replication.ReplicationServer (ReplicationServer.java:start(139)) - ReplicationServer is started using port 15088
2023-10-27 20:14:00,877 [55507c8a-594d-4e25-909f-8d2832294c55-EndpointStateMachineTaskThread-/0.0.0.0:15002-0 ] INFO  ratis.XceiverServerRatis (XceiverServerRatis.java:start(518)) - Starting XceiverServerRatis 55507c8a-594d-4e25-909f-8d2832294c55
2023-10-27 20:14:00,878 [55507c8a-594d-4e25-909f-8d2832294c55-EndpointStateMachineTaskThread-/0.0.0.0:15002-0 ] INFO  server.RaftServer (RaftServerProxy.java:startImpl(400)) - 55507c8a-594d-4e25-909f-8d2832294c55: start RPC server
2023-10-27 20:14:00,879 [55507c8a-594d-4e25-909f-8d2832294c55-EndpointStateMachineTaskThread-/0.0.0.0:15002-0 ] INFO  server.GrpcService (GrpcService.java:startImpl(302)) - 55507c8a-594d-4e25-909f-8d2832294c55: GrpcService started, listening on 15084
2023-10-27 20:14:00,880 [55507c8a-594d-4e25-909f-8d2832294c55-EndpointStateMachineTaskThread-/0.0.0.0:15002-0 ] INFO  server.GrpcService (GrpcService.java:startImpl(302)) - 55507c8a-594d-4e25-909f-8d2832294c55: GrpcService started, listening on 15086
2023-10-27 20:14:00,881 [55507c8a-594d-4e25-909f-8d2832294c55-EndpointStateMachineTaskThread-/0.0.0.0:15002-0 ] INFO  server.GrpcService (GrpcService.java:startImpl(302)) - 55507c8a-594d-4e25-909f-8d2832294c55: GrpcService started, listening on 15085
2023-10-27 20:14:00,882 [55507c8a-594d-4e25-909f-8d2832294c55-EndpointStateMachineTaskThread-/0.0.0.0:15002-0 ] INFO  ratis.XceiverServerRatis (XceiverServerRatis.java:getRealPort(544)) - XceiverServerRatis 55507c8a-594d-4e25-909f-8d2832294c55 is started using port 15084 for RATIS
2023-10-27 20:14:00,882 [55507c8a-594d-4e25-909f-8d2832294c55-EndpointStateMachineTaskThread-/0.0.0.0:15002-0 ] INFO  ratis.XceiverServerRatis (XceiverServerRatis.java:getRealPort(544)) - XceiverServerRatis 55507c8a-594d-4e25-909f-8d2832294c55 is started using port 15085 for RATIS_ADMIN
2023-10-27 20:14:00,882 [55507c8a-594d-4e25-909f-8d2832294c55-EndpointStateMachineTaskThread-/0.0.0.0:15002-0 ] INFO  ratis.XceiverServerRatis (XceiverServerRatis.java:getRealPort(544)) - XceiverServerRatis 55507c8a-594d-4e25-909f-8d2832294c55 is started using port 15086 for RATIS_SERVER
2023-10-27 20:14:00,882 [55507c8a-594d-4e25-909f-8d2832294c55-EndpointStateMachineTaskThread-/0.0.0.0:15002-0 ] INFO  ratis.XceiverServerRatis (XceiverServerRatis.java:getRealPort(544)) - XceiverServerRatis 55507c8a-594d-4e25-909f-8d2832294c55 is started using port 15087 for RATIS_DATASTREAM
2023-10-27 20:14:00,883 [JvmPauseMonitor10] INFO  util.JvmPauseMonitor (JvmPauseMonitor.java:run(103)) - JvmPauseMonitor-55507c8a-594d-4e25-909f-8d2832294c55: Started
2023-10-27 20:14:00,911 [55507c8a-594d-4e25-909f-8d2832294c55-BlockDeletingService#0] INFO  interfaces.ContainerDeletionChoosingPolicyTemplate (ContainerDeletionChoosingPolicyTemplate.java:chooseContainerForBlockDeletion(85)) - Chosen 0/5000 blocks from 0 candidate containers.
2023-10-27 20:14:01,040 [IPC Server handler 14 on default port 15002] INFO  net.NetworkTopologyImpl (NetworkTopologyImpl.java:add(112)) - Added a new node: /default-rack/66ee3698-ded8-430f-8ecd-27f356af6e45
2023-10-27 20:14:01,040 [IPC Server handler 14 on default port 15002] INFO  node.SCMNodeManager (SCMNodeManager.java:register(405)) - Registered Data node : 66ee3698-ded8-430f-8ecd-27f356af6e45{ip: 10.1.0.32, host: fv-az342-943, ports: [HTTP=15027, CLIENT_RPC=15028, REPLICATION=15034, RATIS=15030, RATIS_ADMIN=15031, RATIS_SERVER=15032, RATIS_DATASTREAM=15033, STANDALONE=15029], networkLocation: /default-rack, certSerialId: null, persistedOpState: null, persistedOpStateExpiryEpochSec: 0}
2023-10-27 20:14:01,041 [EventQueue-NewNodeForNewNodeHandler] INFO  pipeline.BackgroundPipelineCreator (BackgroundPipelineCreator.java:notifyEventTriggered(280)) - trigger a one-shot run on RatisPipelineUtilsThread.
2023-10-27 20:14:01,041 [RatisPipelineUtilsThread-0] INFO  pipeline.RatisPipelineProvider (RatisPipelineProvider.java:lambda$create$0(206)) - Sending CreatePipelineCommand for pipeline:PipelineID=cd002a8f-810b-425b-a739-ba38d2037c1a to datanode:66ee3698-ded8-430f-8ecd-27f356af6e45
2023-10-27 20:14:01,044 [RatisPipelineUtilsThread-0] INFO  pipeline.BackgroundPipelineCreator (BackgroundPipelineCreator.java:createPipelines(236)) - Created new pipeline Pipeline[ Id: cd002a8f-810b-425b-a739-ba38d2037c1a, Nodes: 66ee3698-ded8-430f-8ecd-27f356af6e45(fv-az342-943/10.1.0.32), ReplicationConfig: RATIS/ONE, State:ALLOCATED, leaderId:, CreationTimestamp2023-10-27T20:14:01.041Z[Etc/UTC]]
2023-10-27 20:14:01,046 [EventQueue-NodeRegistrationContainerReportForDataNodeSafeModeRule] INFO  safemode.SCMSafeModeManager (DataNodeSafeModeRule.java:process(71)) - SCM in safe mode. 3 DataNodes registered, 3 required.
2023-10-27 20:14:01,046 [EventQueue-NodeRegistrationContainerReportForDataNodeSafeModeRule] INFO  safemode.SCMSafeModeManager (SCMSafeModeManager.java:validateSafeModeExitRules(200)) - DataNodeSafeModeRule rule is successfully validated
2023-10-27 20:14:01,046 [EventQueue-NodeRegistrationContainerReportForDataNodeSafeModeRule] INFO  safemode.SCMSafeModeManager (SCMSafeModeManager.java:completePreCheck(229)) - All SCM safe mode pre check rules have passed
2023-10-27 20:14:01,046 [EventQueue-NodeRegistrationContainerReportForDataNodeSafeModeRule] INFO  ha.SCMContext (SCMContext.java:updateSafeModeStatus(230)) - Update SafeModeStatus from SafeModeStatus{safeModeStatus=true, preCheckPassed=false} to SafeModeStatus{safeModeStatus=true, preCheckPassed=true}.
2023-10-27 20:14:01,046 [EventQueue-NodeRegistrationContainerReportForDataNodeSafeModeRule] INFO  pipeline.BackgroundPipelineCreator (BackgroundPipelineCreator.java:notifyEventTriggered(280)) - trigger a one-shot run on RatisPipelineUtilsThread.
2023-10-27 20:14:01,054 [RatisPipelineUtilsThread-0] INFO  pipeline.RatisPipelineProvider (RatisPipelineProvider.java:lambda$create$0(206)) - Sending CreatePipelineCommand for pipeline:PipelineID=7a06d3e7-5cd1-4269-a48c-1d3807242c29 to datanode:0ef615e1-91db-4ede-b924-53e2d320f02d
2023-10-27 20:14:01,055 [RatisPipelineUtilsThread-0] INFO  pipeline.RatisPipelineProvider (RatisPipelineProvider.java:lambda$create$0(206)) - Sending CreatePipelineCommand for pipeline:PipelineID=7a06d3e7-5cd1-4269-a48c-1d3807242c29 to datanode:66ee3698-ded8-430f-8ecd-27f356af6e45
2023-10-27 20:14:01,055 [RatisPipelineUtilsThread-0] INFO  pipeline.RatisPipelineProvider (RatisPipelineProvider.java:lambda$create$0(206)) - Sending CreatePipelineCommand for pipeline:PipelineID=7a06d3e7-5cd1-4269-a48c-1d3807242c29 to datanode:94422c73-384a-4d9a-a15d-46d9f5b840aa
2023-10-27 20:14:01,057 [RatisPipelineUtilsThread-0] INFO  pipeline.BackgroundPipelineCreator (BackgroundPipelineCreator.java:createPipelines(236)) - Created new pipeline Pipeline[ Id: 7a06d3e7-5cd1-4269-a48c-1d3807242c29, Nodes: 0ef615e1-91db-4ede-b924-53e2d320f02d(fv-az342-943/10.1.0.32)66ee3698-ded8-430f-8ecd-27f356af6e45(fv-az342-943/10.1.0.32)94422c73-384a-4d9a-a15d-46d9f5b840aa(fv-az342-943/10.1.0.32), ReplicationConfig: RATIS/THREE, State:ALLOCATED, leaderId:, CreationTimestamp2023-10-27T20:14:01.054Z[Etc/UTC]]
2023-10-27 20:14:01,059 [RatisPipelineUtilsThread-0] INFO  pipeline.RatisPipelineProvider (RatisPipelineProvider.java:lambda$create$0(206)) - Sending CreatePipelineCommand for pipeline:PipelineID=d274e337-1c6c-42b4-b755-7e36dd6e81ec to datanode:0ef615e1-91db-4ede-b924-53e2d320f02d
2023-10-27 20:14:01,059 [RatisPipelineUtilsThread-0] INFO  pipeline.RatisPipelineProvider (RatisPipelineProvider.java:lambda$create$0(206)) - Sending CreatePipelineCommand for pipeline:PipelineID=d274e337-1c6c-42b4-b755-7e36dd6e81ec to datanode:94422c73-384a-4d9a-a15d-46d9f5b840aa
2023-10-27 20:14:01,060 [RatisPipelineUtilsThread-0] INFO  pipeline.RatisPipelineProvider (RatisPipelineProvider.java:lambda$create$0(206)) - Sending CreatePipelineCommand for pipeline:PipelineID=d274e337-1c6c-42b4-b755-7e36dd6e81ec to datanode:66ee3698-ded8-430f-8ecd-27f356af6e45
2023-10-27 20:14:01,064 [RatisPipelineUtilsThread-0] INFO  pipeline.PipelineManagerImpl (PipelineManagerImpl.java:recordMetricsForPipeline(895)) - Pipeline: PipelineID=d274e337-1c6c-42b4-b755-7e36dd6e81ec contains same datanodes as previous pipelines: PipelineID=7a06d3e7-5cd1-4269-a48c-1d3807242c29 nodeIds: 0ef615e1-91db-4ede-b924-53e2d320f02d, 94422c73-384a-4d9a-a15d-46d9f5b840aa, 66ee3698-ded8-430f-8ecd-27f356af6e45
2023-10-27 20:14:01,064 [RatisPipelineUtilsThread-0] INFO  pipeline.BackgroundPipelineCreator (BackgroundPipelineCreator.java:createPipelines(236)) - Created new pipeline Pipeline[ Id: d274e337-1c6c-42b4-b755-7e36dd6e81ec, Nodes: 0ef615e1-91db-4ede-b924-53e2d320f02d(fv-az342-943/10.1.0.32)94422c73-384a-4d9a-a15d-46d9f5b840aa(fv-az342-943/10.1.0.32)66ee3698-ded8-430f-8ecd-27f356af6e45(fv-az342-943/10.1.0.32), ReplicationConfig: RATIS/THREE, State:ALLOCATED, leaderId:, CreationTimestamp2023-10-27T20:14:01.059Z[Etc/UTC]]
2023-10-27 20:14:01,145 [main] INFO  ozone.MiniOzoneClusterImpl (MiniOzoneClusterImpl.java:lambda$waitForClusterToBeReady$0(229)) - Waiting for nodes to be ready. Got 3 of 10 DN Heartbeats.
2023-10-27 20:14:01,146 [main] INFO  ozone.MiniOzoneClusterImpl (MiniOzoneClusterImpl.java:lambda$waitForClusterToBeReady$0(232)) - Waiting for cluster to exit safe mode
2023-10-27 20:14:01,146 [main] INFO  ozone.MiniOzoneClusterImpl (MiniOzoneClusterImpl.java:lambda$waitForClusterToBeReady$0(234)) - SCM became leader
2023-10-27 20:14:01,222 [5b9beb6f-d596-489f-8a17-e362b772df82-EndpointStateMachineTaskThread-/0.0.0.0:15002-0 ] INFO  utils.DatanodeStoreCache (DatanodeStoreCache.java:addDB(66)) - Added db /home/runner/work/ozone/ozone/hadoop-ozone/integration-test/target/test-dir/MiniOzoneClusterImpl-60426a9d-3de2-4373-b08b-24a22c9da129/datanode-9/data-0/containers/hdds/60426a9d-3de2-4373-b08b-24a22c9da129/DS-fb8c5c59-6de2-427a-b6a7-3b47ccf53053/container.db to cache
2023-10-27 20:14:01,224 [5b9beb6f-d596-489f-8a17-e362b772df82-EndpointStateMachineTaskThread-/0.0.0.0:15002-0 ] INFO  volume.HddsVolume (HddsVolume.java:createDbStore(422)) - SchemaV3 db is created and loaded at /home/runner/work/ozone/ozone/hadoop-ozone/integration-test/target/test-dir/MiniOzoneClusterImpl-60426a9d-3de2-4373-b08b-24a22c9da129/datanode-9/data-0/containers/hdds/60426a9d-3de2-4373-b08b-24a22c9da129/DS-fb8c5c59-6de2-427a-b6a7-3b47ccf53053/container.db for volume DS-fb8c5c59-6de2-427a-b6a7-3b47ccf53053
2023-10-27 20:14:01,228 [5b9beb6f-d596-489f-8a17-e362b772df82-EndpointStateMachineTaskThread-/0.0.0.0:15002-0 ] INFO  volume.ThrottledAsyncChecker (ThrottledAsyncChecker.java:schedule(141)) - Scheduling a check for /home/runner/work/ozone/ozone/hadoop-ozone/integration-test/target/test-dir/MiniOzoneClusterImpl-60426a9d-3de2-4373-b08b-24a22c9da129/datanode-9/data-0/containers/hdds
2023-10-27 20:14:01,228 [5b9beb6f-d596-489f-8a17-e362b772df82-EndpointStateMachineTaskThread-/0.0.0.0:15002-0 ] INFO  volume.StorageVolumeChecker (StorageVolumeChecker.java:checkAllVolumes(218)) - Scheduled health check for volume /home/runner/work/ozone/ozone/hadoop-ozone/integration-test/target/test-dir/MiniOzoneClusterImpl-60426a9d-3de2-4373-b08b-24a22c9da129/datanode-9/data-0/containers/hdds
2023-10-27 20:14:01,234 [5b9beb6f-d596-489f-8a17-e362b772df82-EndpointStateMachineTaskThread-/0.0.0.0:15002-0 ] INFO  volume.ThrottledAsyncChecker (ThrottledAsyncChecker.java:schedule(141)) - Scheduling a check for /home/runner/work/ozone/ozone/hadoop-ozone/integration-test/target/test-dir/MiniOzoneClusterImpl-60426a9d-3de2-4373-b08b-24a22c9da129/datanode-9/data/ratis
2023-10-27 20:14:01,234 [5b9beb6f-d596-489f-8a17-e362b772df82-EndpointStateMachineTaskThread-/0.0.0.0:15002-0 ] INFO  volume.StorageVolumeChecker (StorageVolumeChecker.java:checkAllVolumes(218)) - Scheduled health check for volume /home/runner/work/ozone/ozone/hadoop-ozone/integration-test/target/test-dir/MiniOzoneClusterImpl-60426a9d-3de2-4373-b08b-24a22c9da129/datanode-9/data/ratis
2023-10-27 20:14:01,237 [5b9beb6f-d596-489f-8a17-e362b772df82-EndpointStateMachineTaskThread-/0.0.0.0:15002-0 ] INFO  ozoneimpl.OzoneContainer (OzoneContainer.java:start(441)) - Attempting to start container services.
2023-10-27 20:14:01,237 [5b9beb6f-d596-489f-8a17-e362b772df82-EndpointStateMachineTaskThread-/0.0.0.0:15002-0 ] INFO  ozoneimpl.OzoneContainer (OzoneContainer.java:startContainerScrub(337)) - Scheduled background container scanners and the on-demand container scanner have been disabled.
2023-10-27 20:14:01,238 [5b9beb6f-d596-489f-8a17-e362b772df82-EndpointStateMachineTaskThread-/0.0.0.0:15002-0 ] INFO  replication.ReplicationServer (ReplicationServer.java:start(139)) - ReplicationServer is started using port 15097
2023-10-27 20:14:01,238 [5b9beb6f-d596-489f-8a17-e362b772df82-EndpointStateMachineTaskThread-/0.0.0.0:15002-0 ] INFO  ratis.XceiverServerRatis (XceiverServerRatis.java:start(518)) - Starting XceiverServerRatis 5b9beb6f-d596-489f-8a17-e362b772df82
2023-10-27 20:14:01,239 [5b9beb6f-d596-489f-8a17-e362b772df82-EndpointStateMachineTaskThread-/0.0.0.0:15002-0 ] INFO  server.RaftServer (RaftServerProxy.java:startImpl(400)) - 5b9beb6f-d596-489f-8a17-e362b772df82: start RPC server
2023-10-27 20:14:01,239 [5b9beb6f-d596-489f-8a17-e362b772df82-EndpointStateMachineTaskThread-/0.0.0.0:15002-0 ] INFO  server.GrpcService (GrpcService.java:startImpl(302)) - 5b9beb6f-d596-489f-8a17-e362b772df82: GrpcService started, listening on 15093
2023-10-27 20:14:01,243 [5b9beb6f-d596-489f-8a17-e362b772df82-EndpointStateMachineTaskThread-/0.0.0.0:15002-0 ] INFO  server.GrpcService (GrpcService.java:startImpl(302)) - 5b9beb6f-d596-489f-8a17-e362b772df82: GrpcService started, listening on 15095
2023-10-27 20:14:01,243 [5b9beb6f-d596-489f-8a17-e362b772df82-EndpointStateMachineTaskThread-/0.0.0.0:15002-0 ] INFO  server.GrpcService (GrpcService.java:startImpl(302)) - 5b9beb6f-d596-489f-8a17-e362b772df82: GrpcService started, listening on 15094
2023-10-27 20:14:01,243 [5b9beb6f-d596-489f-8a17-e362b772df82-EndpointStateMachineTaskThread-/0.0.0.0:15002-0 ] INFO  ratis.XceiverServerRatis (XceiverServerRatis.java:getRealPort(544)) - XceiverServerRatis 5b9beb6f-d596-489f-8a17-e362b772df82 is started using port 15093 for RATIS
2023-10-27 20:14:01,243 [5b9beb6f-d596-489f-8a17-e362b772df82-EndpointStateMachineTaskThread-/0.0.0.0:15002-0 ] INFO  ratis.XceiverServerRatis (XceiverServerRatis.java:getRealPort(544)) - XceiverServerRatis 5b9beb6f-d596-489f-8a17-e362b772df82 is started using port 15094 for RATIS_ADMIN
2023-10-27 20:14:01,243 [5b9beb6f-d596-489f-8a17-e362b772df82-EndpointStateMachineTaskThread-/0.0.0.0:15002-0 ] INFO  ratis.XceiverServerRatis (XceiverServerRatis.java:getRealPort(544)) - XceiverServerRatis 5b9beb6f-d596-489f-8a17-e362b772df82 is started using port 15095 for RATIS_SERVER
2023-10-27 20:14:01,244 [5b9beb6f-d596-489f-8a17-e362b772df82-EndpointStateMachineTaskThread-/0.0.0.0:15002-0 ] INFO  ratis.XceiverServerRatis (XceiverServerRatis.java:getRealPort(544)) - XceiverServerRatis 5b9beb6f-d596-489f-8a17-e362b772df82 is started using port 15096 for RATIS_DATASTREAM
2023-10-27 20:14:01,244 [JvmPauseMonitor11] INFO  util.JvmPauseMonitor (JvmPauseMonitor.java:run(103)) - JvmPauseMonitor-5b9beb6f-d596-489f-8a17-e362b772df82: Started
2023-10-27 20:14:01,252 [5b9beb6f-d596-489f-8a17-e362b772df82-BlockDeletingService#0] INFO  interfaces.ContainerDeletionChoosingPolicyTemplate (ContainerDeletionChoosingPolicyTemplate.java:chooseContainerForBlockDeletion(85)) - Chosen 0/5000 blocks from 0 candidate containers.
2023-10-27 20:14:01,293 [IPC Server handler 12 on default port 15002] INFO  net.NetworkTopologyImpl (NetworkTopologyImpl.java:add(112)) - Added a new node: /default-rack/3fb99649-c87f-4cc9-b3d9-f5c572ff189c
2023-10-27 20:14:01,294 [IPC Server handler 12 on default port 15002] INFO  node.SCMNodeManager (SCMNodeManager.java:register(405)) - Registered Data node : 3fb99649-c87f-4cc9-b3d9-f5c572ff189c{ip: 10.1.0.32, host: fv-az342-943, ports: [HTTP=15036, CLIENT_RPC=15037, REPLICATION=15043, RATIS=15039, RATIS_ADMIN=15040, RATIS_SERVER=15041, RATIS_DATASTREAM=15042, STANDALONE=15038], networkLocation: /default-rack, certSerialId: null, persistedOpState: null, persistedOpStateExpiryEpochSec: 0}
2023-10-27 20:14:01,295 [EventQueue-NewNodeForNewNodeHandler] INFO  pipeline.BackgroundPipelineCreator (BackgroundPipelineCreator.java:notifyEventTriggered(280)) - trigger a one-shot run on RatisPipelineUtilsThread.
2023-10-27 20:14:01,297 [RatisPipelineUtilsThread-0] INFO  pipeline.RatisPipelineProvider (RatisPipelineProvider.java:lambda$create$0(206)) - Sending CreatePipelineCommand for pipeline:PipelineID=0c3d2ed3-e21f-4258-8a67-8ab99d5e21d8 to datanode:3fb99649-c87f-4cc9-b3d9-f5c572ff189c
2023-10-27 20:14:01,299 [RatisPipelineUtilsThread-0] INFO  pipeline.BackgroundPipelineCreator (BackgroundPipelineCreator.java:createPipelines(236)) - Created new pipeline Pipeline[ Id: 0c3d2ed3-e21f-4258-8a67-8ab99d5e21d8, Nodes: 3fb99649-c87f-4cc9-b3d9-f5c572ff189c(fv-az342-943/10.1.0.32), ReplicationConfig: RATIS/ONE, State:ALLOCATED, leaderId:, CreationTimestamp2023-10-27T20:14:01.297Z[Etc/UTC]]
2023-10-27 20:14:01,534 [IPC Server handler 0 on default port 15002] INFO  net.NetworkTopologyImpl (NetworkTopologyImpl.java:add(112)) - Added a new node: /default-rack/1407d0d1-39ba-4bc0-b697-1e16e43cd838
2023-10-27 20:14:01,534 [IPC Server handler 0 on default port 15002] INFO  node.SCMNodeManager (SCMNodeManager.java:register(405)) - Registered Data node : 1407d0d1-39ba-4bc0-b697-1e16e43cd838{ip: 10.1.0.32, host: fv-az342-943, ports: [HTTP=15045, CLIENT_RPC=15046, REPLICATION=15052, RATIS=15048, RATIS_ADMIN=15049, RATIS_SERVER=15050, RATIS_DATASTREAM=15051, STANDALONE=15047], networkLocation: /default-rack, certSerialId: null, persistedOpState: null, persistedOpStateExpiryEpochSec: 0}
2023-10-27 20:14:01,535 [EventQueue-NewNodeForNewNodeHandler] INFO  pipeline.BackgroundPipelineCreator (BackgroundPipelineCreator.java:notifyEventTriggered(280)) - trigger a one-shot run on RatisPipelineUtilsThread.
2023-10-27 20:14:01,535 [RatisPipelineUtilsThread-0] INFO  pipeline.RatisPipelineProvider (RatisPipelineProvider.java:lambda$create$0(206)) - Sending CreatePipelineCommand for pipeline:PipelineID=254b3c3c-50bf-42ad-8268-6feedec8654c to datanode:1407d0d1-39ba-4bc0-b697-1e16e43cd838
2023-10-27 20:14:01,540 [RatisPipelineUtilsThread-0] INFO  pipeline.BackgroundPipelineCreator (BackgroundPipelineCreator.java:createPipelines(236)) - Created new pipeline Pipeline[ Id: 254b3c3c-50bf-42ad-8268-6feedec8654c, Nodes: 1407d0d1-39ba-4bc0-b697-1e16e43cd838(fv-az342-943/10.1.0.32), ReplicationConfig: RATIS/ONE, State:ALLOCATED, leaderId:, CreationTimestamp2023-10-27T20:14:01.535Z[Etc/UTC]]
2023-10-27 20:14:01,789 [IPC Server handler 1 on default port 15002] INFO  net.NetworkTopologyImpl (NetworkTopologyImpl.java:add(112)) - Added a new node: /default-rack/23554148-3e4d-431f-a73e-f2401dbff1d4
2023-10-27 20:14:01,790 [IPC Server handler 1 on default port 15002] INFO  node.SCMNodeManager (SCMNodeManager.java:register(405)) - Registered Data node : 23554148-3e4d-431f-a73e-f2401dbff1d4{ip: 10.1.0.32, host: fv-az342-943, ports: [HTTP=15054, CLIENT_RPC=15055, REPLICATION=15061, RATIS=15057, RATIS_ADMIN=15058, RATIS_SERVER=15059, RATIS_DATASTREAM=15060, STANDALONE=15056], networkLocation: /default-rack, certSerialId: null, persistedOpState: null, persistedOpStateExpiryEpochSec: 0}
2023-10-27 20:14:01,790 [EventQueue-NewNodeForNewNodeHandler] INFO  pipeline.BackgroundPipelineCreator (BackgroundPipelineCreator.java:notifyEventTriggered(280)) - trigger a one-shot run on RatisPipelineUtilsThread.
2023-10-27 20:14:01,791 [RatisPipelineUtilsThread-0] INFO  pipeline.RatisPipelineProvider (RatisPipelineProvider.java:lambda$create$0(206)) - Sending CreatePipelineCommand for pipeline:PipelineID=cd25c87d-063c-4df4-9307-f7793ad6c8d1 to datanode:23554148-3e4d-431f-a73e-f2401dbff1d4
2023-10-27 20:14:01,793 [RatisPipelineUtilsThread-0] INFO  pipeline.BackgroundPipelineCreator (BackgroundPipelineCreator.java:createPipelines(236)) - Created new pipeline Pipeline[ Id: cd25c87d-063c-4df4-9307-f7793ad6c8d1, Nodes: 23554148-3e4d-431f-a73e-f2401dbff1d4(fv-az342-943/10.1.0.32), ReplicationConfig: RATIS/ONE, State:ALLOCATED, leaderId:, CreationTimestamp2023-10-27T20:14:01.791Z[Etc/UTC]]
2023-10-27 20:14:01,794 [RatisPipelineUtilsThread-0] INFO  pipeline.RatisPipelineProvider (RatisPipelineProvider.java:lambda$create$0(206)) - Sending CreatePipelineCommand for pipeline:PipelineID=18e9d5d2-3951-48aa-a34d-5a0c10638f91 to datanode:3fb99649-c87f-4cc9-b3d9-f5c572ff189c
2023-10-27 20:14:01,794 [RatisPipelineUtilsThread-0] INFO  pipeline.RatisPipelineProvider (RatisPipelineProvider.java:lambda$create$0(206)) - Sending CreatePipelineCommand for pipeline:PipelineID=18e9d5d2-3951-48aa-a34d-5a0c10638f91 to datanode:1407d0d1-39ba-4bc0-b697-1e16e43cd838
2023-10-27 20:14:01,794 [RatisPipelineUtilsThread-0] INFO  pipeline.RatisPipelineProvider (RatisPipelineProvider.java:lambda$create$0(206)) - Sending CreatePipelineCommand for pipeline:PipelineID=18e9d5d2-3951-48aa-a34d-5a0c10638f91 to datanode:23554148-3e4d-431f-a73e-f2401dbff1d4
2023-10-27 20:14:01,795 [RatisPipelineUtilsThread-0] INFO  pipeline.BackgroundPipelineCreator (BackgroundPipelineCreator.java:createPipelines(236)) - Created new pipeline Pipeline[ Id: 18e9d5d2-3951-48aa-a34d-5a0c10638f91, Nodes: 3fb99649-c87f-4cc9-b3d9-f5c572ff189c(fv-az342-943/10.1.0.32)1407d0d1-39ba-4bc0-b697-1e16e43cd838(fv-az342-943/10.1.0.32)23554148-3e4d-431f-a73e-f2401dbff1d4(fv-az342-943/10.1.0.32), ReplicationConfig: RATIS/THREE, State:ALLOCATED, leaderId:, CreationTimestamp2023-10-27T20:14:01.794Z[Etc/UTC]]
2023-10-27 20:14:01,797 [RatisPipelineUtilsThread-0] INFO  pipeline.RatisPipelineProvider (RatisPipelineProvider.java:lambda$create$0(206)) - Sending CreatePipelineCommand for pipeline:PipelineID=de112322-9279-4ab5-b0a4-5c95edc39216 to datanode:1407d0d1-39ba-4bc0-b697-1e16e43cd838
2023-10-27 20:14:01,797 [RatisPipelineUtilsThread-0] INFO  pipeline.RatisPipelineProvider (RatisPipelineProvider.java:lambda$create$0(206)) - Sending CreatePipelineCommand for pipeline:PipelineID=de112322-9279-4ab5-b0a4-5c95edc39216 to datanode:3fb99649-c87f-4cc9-b3d9-f5c572ff189c
2023-10-27 20:14:01,797 [RatisPipelineUtilsThread-0] INFO  pipeline.RatisPipelineProvider (RatisPipelineProvider.java:lambda$create$0(206)) - Sending CreatePipelineCommand for pipeline:PipelineID=de112322-9279-4ab5-b0a4-5c95edc39216 to datanode:23554148-3e4d-431f-a73e-f2401dbff1d4
2023-10-27 20:14:01,798 [RatisPipelineUtilsThread-0] INFO  pipeline.PipelineManagerImpl (PipelineManagerImpl.java:recordMetricsForPipeline(895)) - Pipeline: PipelineID=de112322-9279-4ab5-b0a4-5c95edc39216 contains same datanodes as previous pipelines: PipelineID=18e9d5d2-3951-48aa-a34d-5a0c10638f91 nodeIds: 1407d0d1-39ba-4bc0-b697-1e16e43cd838, 3fb99649-c87f-4cc9-b3d9-f5c572ff189c, 23554148-3e4d-431f-a73e-f2401dbff1d4
2023-10-27 20:14:01,799 [RatisPipelineUtilsThread-0] INFO  pipeline.BackgroundPipelineCreator (BackgroundPipelineCreator.java:createPipelines(236)) - Created new pipeline Pipeline[ Id: de112322-9279-4ab5-b0a4-5c95edc39216, Nodes: 1407d0d1-39ba-4bc0-b697-1e16e43cd838(fv-az342-943/10.1.0.32)3fb99649-c87f-4cc9-b3d9-f5c572ff189c(fv-az342-943/10.1.0.32)23554148-3e4d-431f-a73e-f2401dbff1d4(fv-az342-943/10.1.0.32), ReplicationConfig: RATIS/THREE, State:ALLOCATED, leaderId:, CreationTimestamp2023-10-27T20:14:01.796Z[Etc/UTC]]
2023-10-27 20:14:02,112 [IPC Server handler 13 on default port 15002] INFO  net.NetworkTopologyImpl (NetworkTopologyImpl.java:add(112)) - Added a new node: /default-rack/fe9b02b7-73ff-430f-9d75-1483ab7beb41
2023-10-27 20:14:02,113 [IPC Server handler 13 on default port 15002] INFO  node.SCMNodeManager (SCMNodeManager.java:register(405)) - Registered Data node : fe9b02b7-73ff-430f-9d75-1483ab7beb41{ip: 10.1.0.32, host: fv-az342-943, ports: [HTTP=15063, CLIENT_RPC=15064, REPLICATION=15070, RATIS=15066, RATIS_ADMIN=15067, RATIS_SERVER=15068, RATIS_DATASTREAM=15069, STANDALONE=15065], networkLocation: /default-rack, certSerialId: null, persistedOpState: null, persistedOpStateExpiryEpochSec: 0}
2023-10-27 20:14:02,115 [EventQueue-NewNodeForNewNodeHandler] INFO  pipeline.BackgroundPipelineCreator (BackgroundPipelineCreator.java:notifyEventTriggered(280)) - trigger a one-shot run on RatisPipelineUtilsThread.
2023-10-27 20:14:02,121 [RatisPipelineUtilsThread-0] INFO  pipeline.RatisPipelineProvider (RatisPipelineProvider.java:lambda$create$0(206)) - Sending CreatePipelineCommand for pipeline:PipelineID=c6409f40-347f-4249-a917-6679fa40306c to datanode:fe9b02b7-73ff-430f-9d75-1483ab7beb41
2023-10-27 20:14:02,123 [RatisPipelineUtilsThread-0] INFO  pipeline.BackgroundPipelineCreator (BackgroundPipelineCreator.java:createPipelines(236)) - Created new pipeline Pipeline[ Id: c6409f40-347f-4249-a917-6679fa40306c, Nodes: fe9b02b7-73ff-430f-9d75-1483ab7beb41(fv-az342-943/10.1.0.32), ReplicationConfig: RATIS/ONE, State:ALLOCATED, leaderId:, CreationTimestamp2023-10-27T20:14:02.121Z[Etc/UTC]]
2023-10-27 20:14:02,149 [main] INFO  ozone.MiniOzoneClusterImpl (MiniOzoneClusterImpl.java:lambda$waitForClusterToBeReady$0(229)) - Waiting for nodes to be ready. Got 7 of 10 DN Heartbeats.
2023-10-27 20:14:02,149 [main] INFO  ozone.MiniOzoneClusterImpl (MiniOzoneClusterImpl.java:lambda$waitForClusterToBeReady$0(232)) - Waiting for cluster to exit safe mode
2023-10-27 20:14:02,149 [main] INFO  ozone.MiniOzoneClusterImpl (MiniOzoneClusterImpl.java:lambda$waitForClusterToBeReady$0(234)) - SCM became leader
2023-10-27 20:14:02,380 [IPC Server handler 1 on default port 15002] INFO  net.NetworkTopologyImpl (NetworkTopologyImpl.java:add(112)) - Added a new node: /default-rack/f612f2cf-90dc-41dc-bf39-cf028d38c484
2023-10-27 20:14:02,380 [IPC Server handler 1 on default port 15002] INFO  node.SCMNodeManager (SCMNodeManager.java:register(405)) - Registered Data node : f612f2cf-90dc-41dc-bf39-cf028d38c484{ip: 10.1.0.32, host: fv-az342-943, ports: [HTTP=15072, CLIENT_RPC=15073, REPLICATION=15079, RATIS=15075, RATIS_ADMIN=15076, RATIS_SERVER=15077, RATIS_DATASTREAM=15078, STANDALONE=15074], networkLocation: /default-rack, certSerialId: null, persistedOpState: null, persistedOpStateExpiryEpochSec: 0}
2023-10-27 20:14:02,381 [EventQueue-NewNodeForNewNodeHandler] INFO  pipeline.BackgroundPipelineCreator (BackgroundPipelineCreator.java:notifyEventTriggered(280)) - trigger a one-shot run on RatisPipelineUtilsThread.
2023-10-27 20:14:02,383 [RatisPipelineUtilsThread-0] INFO  pipeline.RatisPipelineProvider (RatisPipelineProvider.java:lambda$create$0(206)) - Sending CreatePipelineCommand for pipeline:PipelineID=ed67bf68-12cf-4330-af31-b006ca637614 to datanode:f612f2cf-90dc-41dc-bf39-cf028d38c484
2023-10-27 20:14:02,384 [RatisPipelineUtilsThread-0] INFO  pipeline.BackgroundPipelineCreator (BackgroundPipelineCreator.java:createPipelines(236)) - Created new pipeline Pipeline[ Id: ed67bf68-12cf-4330-af31-b006ca637614, Nodes: f612f2cf-90dc-41dc-bf39-cf028d38c484(fv-az342-943/10.1.0.32), ReplicationConfig: RATIS/ONE, State:ALLOCATED, leaderId:, CreationTimestamp2023-10-27T20:14:02.383Z[Etc/UTC]]
2023-10-27 20:14:02,812 [IPC Server handler 7 on default port 15002] INFO  net.NetworkTopologyImpl (NetworkTopologyImpl.java:add(112)) - Added a new node: /default-rack/55507c8a-594d-4e25-909f-8d2832294c55
2023-10-27 20:14:02,812 [IPC Server handler 7 on default port 15002] INFO  node.SCMNodeManager (SCMNodeManager.java:register(405)) - Registered Data node : 55507c8a-594d-4e25-909f-8d2832294c55{ip: 10.1.0.32, host: fv-az342-943, ports: [HTTP=15081, CLIENT_RPC=15082, REPLICATION=15088, RATIS=15084, RATIS_ADMIN=15085, RATIS_SERVER=15086, RATIS_DATASTREAM=15087, STANDALONE=15083], networkLocation: /default-rack, certSerialId: null, persistedOpState: null, persistedOpStateExpiryEpochSec: 0}
2023-10-27 20:14:02,813 [EventQueue-NewNodeForNewNodeHandler] INFO  pipeline.BackgroundPipelineCreator (BackgroundPipelineCreator.java:notifyEventTriggered(280)) - trigger a one-shot run on RatisPipelineUtilsThread.
2023-10-27 20:14:02,814 [RatisPipelineUtilsThread-0] INFO  pipeline.RatisPipelineProvider (RatisPipelineProvider.java:lambda$create$0(206)) - Sending CreatePipelineCommand for pipeline:PipelineID=9165e2d6-b074-416d-b0ca-f9ef9ef7ab14 to datanode:55507c8a-594d-4e25-909f-8d2832294c55
2023-10-27 20:14:02,815 [RatisPipelineUtilsThread-0] INFO  pipeline.BackgroundPipelineCreator (BackgroundPipelineCreator.java:createPipelines(236)) - Created new pipeline Pipeline[ Id: 9165e2d6-b074-416d-b0ca-f9ef9ef7ab14, Nodes: 55507c8a-594d-4e25-909f-8d2832294c55(fv-az342-943/10.1.0.32), ReplicationConfig: RATIS/ONE, State:ALLOCATED, leaderId:, CreationTimestamp2023-10-27T20:14:02.814Z[Etc/UTC]]
2023-10-27 20:14:02,816 [RatisPipelineUtilsThread-0] INFO  pipeline.RatisPipelineProvider (RatisPipelineProvider.java:lambda$create$0(206)) - Sending CreatePipelineCommand for pipeline:PipelineID=ef4fc66b-b8f7-4bea-8eaa-c71ed06640e5 to datanode:55507c8a-594d-4e25-909f-8d2832294c55
2023-10-27 20:14:02,816 [RatisPipelineUtilsThread-0] INFO  pipeline.RatisPipelineProvider (RatisPipelineProvider.java:lambda$create$0(206)) - Sending CreatePipelineCommand for pipeline:PipelineID=ef4fc66b-b8f7-4bea-8eaa-c71ed06640e5 to datanode:fe9b02b7-73ff-430f-9d75-1483ab7beb41
2023-10-27 20:14:02,816 [RatisPipelineUtilsThread-0] INFO  pipeline.RatisPipelineProvider (RatisPipelineProvider.java:lambda$create$0(206)) - Sending CreatePipelineCommand for pipeline:PipelineID=ef4fc66b-b8f7-4bea-8eaa-c71ed06640e5 to datanode:f612f2cf-90dc-41dc-bf39-cf028d38c484
2023-10-27 20:14:02,817 [RatisPipelineUtilsThread-0] INFO  pipeline.BackgroundPipelineCreator (BackgroundPipelineCreator.java:createPipelines(236)) - Created new pipeline Pipeline[ Id: ef4fc66b-b8f7-4bea-8eaa-c71ed06640e5, Nodes: 55507c8a-594d-4e25-909f-8d2832294c55(fv-az342-943/10.1.0.32)fe9b02b7-73ff-430f-9d75-1483ab7beb41(fv-az342-943/10.1.0.32)f612f2cf-90dc-41dc-bf39-cf028d38c484(fv-az342-943/10.1.0.32), ReplicationConfig: RATIS/THREE, State:ALLOCATED, leaderId:, CreationTimestamp2023-10-27T20:14:02.816Z[Etc/UTC]]
2023-10-27 20:14:02,819 [RatisPipelineUtilsThread-0] INFO  pipeline.RatisPipelineProvider (RatisPipelineProvider.java:lambda$create$0(206)) - Sending CreatePipelineCommand for pipeline:PipelineID=510d7b00-c41e-4671-853b-51e20a2316d2 to datanode:fe9b02b7-73ff-430f-9d75-1483ab7beb41
2023-10-27 20:14:02,819 [RatisPipelineUtilsThread-0] INFO  pipeline.RatisPipelineProvider (RatisPipelineProvider.java:lambda$create$0(206)) - Sending CreatePipelineCommand for pipeline:PipelineID=510d7b00-c41e-4671-853b-51e20a2316d2 to datanode:55507c8a-594d-4e25-909f-8d2832294c55
2023-10-27 20:14:02,819 [RatisPipelineUtilsThread-0] INFO  pipeline.RatisPipelineProvider (RatisPipelineProvider.java:lambda$create$0(206)) - Sending CreatePipelineCommand for pipeline:PipelineID=510d7b00-c41e-4671-853b-51e20a2316d2 to datanode:f612f2cf-90dc-41dc-bf39-cf028d38c484
2023-10-27 20:14:02,820 [RatisPipelineUtilsThread-0] INFO  pipeline.PipelineManagerImpl (PipelineManagerImpl.java:recordMetricsForPipeline(895)) - Pipeline: PipelineID=510d7b00-c41e-4671-853b-51e20a2316d2 contains same datanodes as previous pipelines: PipelineID=ef4fc66b-b8f7-4bea-8eaa-c71ed06640e5 nodeIds: fe9b02b7-73ff-430f-9d75-1483ab7beb41, 55507c8a-594d-4e25-909f-8d2832294c55, f612f2cf-90dc-41dc-bf39-cf028d38c484
2023-10-27 20:14:02,820 [RatisPipelineUtilsThread-0] INFO  pipeline.BackgroundPipelineCreator (BackgroundPipelineCreator.java:createPipelines(236)) - Created new pipeline Pipeline[ Id: 510d7b00-c41e-4671-853b-51e20a2316d2, Nodes: fe9b02b7-73ff-430f-9d75-1483ab7beb41(fv-az342-943/10.1.0.32)55507c8a-594d-4e25-909f-8d2832294c55(fv-az342-943/10.1.0.32)f612f2cf-90dc-41dc-bf39-cf028d38c484(fv-az342-943/10.1.0.32), ReplicationConfig: RATIS/THREE, State:ALLOCATED, leaderId:, CreationTimestamp2023-10-27T20:14:02.819Z[Etc/UTC]]
2023-10-27 20:14:03,150 [main] INFO  ozone.MiniOzoneClusterImpl (MiniOzoneClusterImpl.java:lambda$waitForClusterToBeReady$0(229)) - Waiting for nodes to be ready. Got 9 of 10 DN Heartbeats.
2023-10-27 20:14:03,152 [main] INFO  ozone.MiniOzoneClusterImpl (MiniOzoneClusterImpl.java:lambda$waitForClusterToBeReady$0(232)) - Waiting for cluster to exit safe mode
2023-10-27 20:14:03,152 [main] INFO  ozone.MiniOzoneClusterImpl (MiniOzoneClusterImpl.java:lambda$waitForClusterToBeReady$0(234)) - SCM became leader
2023-10-27 20:14:03,167 [IPC Server handler 12 on default port 15002] INFO  net.NetworkTopologyImpl (NetworkTopologyImpl.java:add(112)) - Added a new node: /default-rack/5b9beb6f-d596-489f-8a17-e362b772df82
2023-10-27 20:14:03,169 [IPC Server handler 12 on default port 15002] INFO  node.SCMNodeManager (SCMNodeManager.java:register(405)) - Registered Data node : 5b9beb6f-d596-489f-8a17-e362b772df82{ip: 10.1.0.32, host: fv-az342-943, ports: [HTTP=15090, CLIENT_RPC=15091, REPLICATION=15097, RATIS=15093, RATIS_ADMIN=15094, RATIS_SERVER=15095, RATIS_DATASTREAM=15096, STANDALONE=15092], networkLocation: /default-rack, certSerialId: null, persistedOpState: null, persistedOpStateExpiryEpochSec: 0}
2023-10-27 20:14:03,169 [EventQueue-NewNodeForNewNodeHandler] INFO  pipeline.BackgroundPipelineCreator (BackgroundPipelineCreator.java:notifyEventTriggered(280)) - trigger a one-shot run on RatisPipelineUtilsThread.
2023-10-27 20:14:03,170 [RatisPipelineUtilsThread-0] INFO  pipeline.RatisPipelineProvider (RatisPipelineProvider.java:lambda$create$0(206)) - Sending CreatePipelineCommand for pipeline:PipelineID=b464d587-1b89-4291-b45b-942e44ea8c16 to datanode:5b9beb6f-d596-489f-8a17-e362b772df82
2023-10-27 20:14:03,172 [RatisPipelineUtilsThread-0] INFO  pipeline.BackgroundPipelineCreator (BackgroundPipelineCreator.java:createPipelines(236)) - Created new pipeline Pipeline[ Id: b464d587-1b89-4291-b45b-942e44ea8c16, Nodes: 5b9beb6f-d596-489f-8a17-e362b772df82(fv-az342-943/10.1.0.32), ReplicationConfig: RATIS/ONE, State:ALLOCATED, leaderId:, CreationTimestamp2023-10-27T20:14:03.170Z[Etc/UTC]]
2023-10-27 20:14:03,361 [94422c73-384a-4d9a-a15d-46d9f5b840aa-PipelineCommandHandlerThread-0] INFO  server.RaftServer (RaftServerProxy.java:addNew(98)) - 94422c73-384a-4d9a-a15d-46d9f5b840aa: addNew group-9F3BC7221B77:[94422c73-384a-4d9a-a15d-46d9f5b840aa|rpc:10.1.0.32:15014|admin:10.1.0.32:15013|client:10.1.0.32:15012|dataStream:10.1.0.32:15015|priority:1|startupRole:FOLLOWER] returns group-9F3BC7221B77:java.util.concurrent.CompletableFuture@1953ce5b[Not completed]
2023-10-27 20:14:03,371 [94422c73-384a-4d9a-a15d-46d9f5b840aa-groupManagement] INFO  server.RaftServer$Division (RaftServerImpl.java:<init>(198)) - 94422c73-384a-4d9a-a15d-46d9f5b840aa: new RaftServerImpl for group-9F3BC7221B77:[94422c73-384a-4d9a-a15d-46d9f5b840aa|rpc:10.1.0.32:15014|admin:10.1.0.32:15013|client:10.1.0.32:15012|dataStream:10.1.0.32:15015|priority:1|startupRole:FOLLOWER] with ContainerStateMachine:uninitialized
2023-10-27 20:14:03,372 [94422c73-384a-4d9a-a15d-46d9f5b840aa-groupManagement] INFO  server.RaftServerConfigKeys (ConfUtils.java:logGet(46)) - raft.server.rpc.timeout.min = 5s (custom)
2023-10-27 20:14:03,373 [94422c73-384a-4d9a-a15d-46d9f5b840aa-groupManagement] INFO  server.RaftServerConfigKeys (ConfUtils.java:logGet(46)) - raft.server.rpc.timeout.max = 5200ms (custom)
2023-10-27 20:14:03,373 [94422c73-384a-4d9a-a15d-46d9f5b840aa-groupManagement] INFO  server.RaftServerConfigKeys (ConfUtils.java:logGet(46)) - raft.server.rpc.sleep.time = 25ms (default)
2023-10-27 20:14:03,374 [94422c73-384a-4d9a-a15d-46d9f5b840aa-groupManagement] INFO  server.RaftServerConfigKeys (ConfUtils.java:logGet(46)) - raft.server.rpc.slowness.timeout = 300s (custom)
2023-10-27 20:14:03,374 [94422c73-384a-4d9a-a15d-46d9f5b840aa-groupManagement] INFO  server.RaftServerConfigKeys (ConfUtils.java:logGet(46)) - raft.server.leaderelection.leader.step-down.wait-time = 10s (default)
2023-10-27 20:14:03,375 [94422c73-384a-4d9a-a15d-46d9f5b840aa-groupManagement] INFO  server.RaftServerConfigKeys (ConfUtils.java:logGet(46)) - raft.server.sleep.deviation.threshold = 300ms (default)
2023-10-27 20:14:03,375 [94422c73-384a-4d9a-a15d-46d9f5b840aa-groupManagement] INFO  server.RaftServer$Division (ServerState.java:<init>(120)) - 94422c73-384a-4d9a-a15d-46d9f5b840aa@group-9F3BC7221B77: ConfigurationManager, init=-1: peers:[94422c73-384a-4d9a-a15d-46d9f5b840aa|rpc:10.1.0.32:15014|admin:10.1.0.32:15013|client:10.1.0.32:15012|dataStream:10.1.0.32:15015|priority:1|startupRole:FOLLOWER]|listeners:[], old=null, confs=<EMPTY_MAP>
2023-10-27 20:14:03,376 [94422c73-384a-4d9a-a15d-46d9f5b840aa-groupManagement] INFO  server.RaftServerConfigKeys (ConfUtils.java:logGet(46)) - raft.server.storage.dir = [/home/runner/work/ozone/ozone/hadoop-ozone/integration-test/target/test-dir/MiniOzoneClusterImpl-60426a9d-3de2-4373-b08b-24a22c9da129/datanode-0/data/ratis] (custom)
2023-10-27 20:14:03,377 [94422c73-384a-4d9a-a15d-46d9f5b840aa-groupManagement] INFO  server.RaftServerConfigKeys (ConfUtils.java:logGet(46)) - raft.server.log.corruption.policy = EXCEPTION (default)
2023-10-27 20:14:03,377 [94422c73-384a-4d9a-a15d-46d9f5b840aa-groupManagement] INFO  server.RaftServerConfigKeys (ConfUtils.java:logGet(46)) - raft.server.storage.free-space.min = 0MB (=0) (default)
2023-10-27 20:14:03,378 [94422c73-384a-4d9a-a15d-46d9f5b840aa-groupManagement] INFO  server.RaftServerConfigKeys (ConfUtils.java:logGet(46)) - raft.server.notification.no-leader.timeout = 300s (custom)
2023-10-27 20:14:03,378 [94422c73-384a-4d9a-a15d-46d9f5b840aa-groupManagement] INFO  server.RaftServerConfigKeys (ConfUtils.java:logGet(46)) - raft.server.read.timeout = 10s (default)
2023-10-27 20:14:03,379 [94422c73-384a-4d9a-a15d-46d9f5b840aa-groupManagement] INFO  server.RaftServerConfigKeys (ConfUtils.java:logGet(46)) - raft.server.retrycache.expirytime = 600000ms (custom)
2023-10-27 20:14:03,379 [94422c73-384a-4d9a-a15d-46d9f5b840aa-groupManagement] INFO  server.RaftServerConfigKeys (ConfUtils.java:logGet(46)) - raft.server.retrycache.statistics.expirytime = 100μs (default)
2023-10-27 20:14:03,380 [94422c73-384a-4d9a-a15d-46d9f5b840aa-groupManagement] INFO  server.RaftServerConfigKeys (ConfUtils.java:logGet(46)) - raft.server.read.option = DEFAULT (default)
2023-10-27 20:14:03,385 [94422c73-384a-4d9a-a15d-46d9f5b840aa-groupManagement] INFO  server.RaftServerConfigKeys (ConfUtils.java:logGet(46)) - raft.server.rpc.request.timeout = 60s (custom)
2023-10-27 20:14:03,386 [94422c73-384a-4d9a-a15d-46d9f5b840aa-groupManagement] INFO  server.RaftServerConfigKeys (ConfUtils.java:logGet(46)) - raft.server.log.appender.install.snapshot.enabled = false (custom)
2023-10-27 20:14:03,386 [94422c73-384a-4d9a-a15d-46d9f5b840aa-groupManagement] INFO  server.RaftServerConfigKeys (ConfUtils.java:logGet(46)) - raft.server.threadpool.server.cached = true (default)
2023-10-27 20:14:03,387 [94422c73-384a-4d9a-a15d-46d9f5b840aa-groupManagement] INFO  server.RaftServerConfigKeys (ConfUtils.java:logGet(46)) - raft.server.threadpool.server.size = 0 (default)
2023-10-27 20:14:03,387 [94422c73-384a-4d9a-a15d-46d9f5b840aa-groupManagement] INFO  server.RaftServerConfigKeys (ConfUtils.java:logGet(46)) - raft.server.threadpool.client.cached = true (default)
2023-10-27 20:14:03,388 [94422c73-384a-4d9a-a15d-46d9f5b840aa-groupManagement] INFO  server.RaftServerConfigKeys (ConfUtils.java:logGet(46)) - raft.server.threadpool.client.size = 0 (default)
2023-10-27 20:14:03,389 [94422c73-384a-4d9a-a15d-46d9f5b840aa-groupManagement] INFO  storage.RaftStorageDirectory (RaftStorageDirectoryImpl.java:analyzeStorage(137)) - The storage directory /home/runner/work/ozone/ozone/hadoop-ozone/integration-test/target/test-dir/MiniOzoneClusterImpl-60426a9d-3de2-4373-b08b-24a22c9da129/datanode-0/data/ratis/3fea4cb1-1775-4d44-a0aa-9f3bc7221b77 does not exist. Creating ...
2023-10-27 20:14:03,391 [94422c73-384a-4d9a-a15d-46d9f5b840aa-groupManagement] INFO  storage.RaftStorageDirectory (RaftStorageDirectoryImpl.java:tryLock(231)) - Lock on /home/runner/work/ozone/ozone/hadoop-ozone/integration-test/target/test-dir/MiniOzoneClusterImpl-60426a9d-3de2-4373-b08b-24a22c9da129/datanode-0/data/ratis/3fea4cb1-1775-4d44-a0aa-9f3bc7221b77/in_use.lock acquired by nodename 14569@fv-az342-943
2023-10-27 20:14:03,394 [94422c73-384a-4d9a-a15d-46d9f5b840aa-groupManagement] INFO  storage.RaftStorage (RaftStorageImpl.java:format(96)) - Storage directory /home/runner/work/ozone/ozone/hadoop-ozone/integration-test/target/test-dir/MiniOzoneClusterImpl-60426a9d-3de2-4373-b08b-24a22c9da129/datanode-0/data/ratis/3fea4cb1-1775-4d44-a0aa-9f3bc7221b77 has been successfully formatted.
2023-10-27 20:14:03,399 [94422c73-384a-4d9a-a15d-46d9f5b840aa-groupManagement] INFO  ratis.ContainerStateMachine (ContainerStateMachine.java:loadSnapshot(269)) - group-9F3BC7221B77: The snapshot info is null. Setting the last applied indexto:(t:0, i:~)
2023-10-27 20:14:03,409 [EventQueue-PipelineReportForPipelineReportHandler] INFO  pipeline.PipelineReportHandler (PipelineReportHandler.java:processPipelineReport(136)) - Opened pipeline PipelineID=3fea4cb1-1775-4d44-a0aa-9f3bc7221b77
2023-10-27 20:14:03,411 [94422c73-384a-4d9a-a15d-46d9f5b840aa-groupManagement] INFO  server.RaftServerConfigKeys (ConfUtils.java:logGet(46)) - raft.server.log.use.memory = false (default)
2023-10-27 20:14:03,415 [EventQueue-OpenPipelineForHealthyPipelineSafeModeRule] INFO  safemode.SCMSafeModeManager (HealthyPipelineSafeModeRule.java:process(137)) - SCM in safe mode. Healthy pipelines reported count is 0, required healthy pipeline reported count is 1
2023-10-27 20:14:03,415 [94422c73-384a-4d9a-a15d-46d9f5b840aa-groupManagement] INFO  server.RaftServerConfigKeys (ConfUtils.java:logGet(46)) - raft.server.log.purge.gap = 1000000 (custom)
2023-10-27 20:14:03,419 [94422c73-384a-4d9a-a15d-46d9f5b840aa-groupManagement] INFO  server.RaftServerConfigKeys (ConfUtils.java:logGet(46)) - raft.server.log.appender.buffer.byte-limit = 33554432 (custom)
2023-10-27 20:14:03,419 [94422c73-384a-4d9a-a15d-46d9f5b840aa-groupManagement] INFO  server.RaftServerConfigKeys (ConfUtils.java:logGet(46)) - raft.server.log.statemachine.data.read.timeout = 1000ms (default)
2023-10-27 20:14:03,420 [94422c73-384a-4d9a-a15d-46d9f5b840aa-groupManagement] INFO  server.RaftServerConfigKeys (ConfUtils.java:logGet(46)) - raft.server.log.purge.preservation.log.num = 0 (default)
2023-10-27 20:14:03,421 [94422c73-384a-4d9a-a15d-46d9f5b840aa-groupManagement] INFO  server.RaftServerConfigKeys (ConfUtils.java:logGet(46)) - raft.server.log.segment.size.max = 1048576 (custom)
2023-10-27 20:14:03,422 [94422c73-384a-4d9a-a15d-46d9f5b840aa-groupManagement] INFO  server.RaftServerConfigKeys (ConfUtils.java:logGet(46)) - raft.server.log.segment.cache.num.max = 2 (custom)
2023-10-27 20:14:03,422 [94422c73-384a-4d9a-a15d-46d9f5b840aa-groupManagement] INFO  server.RaftServerConfigKeys (ConfUtils.java:logGet(46)) - raft.server.log.segment.cache.size.max = 200MB (=209715200) (default)
2023-10-27 20:14:03,423 [94422c73-384a-4d9a-a15d-46d9f5b840aa-groupManagement] INFO  server.RaftServerConfigKeys (ConfUtils.java:logGet(46)) - raft.server.log.appender.buffer.byte-limit = 33554432 (custom)
2023-10-27 20:14:03,423 [94422c73-384a-4d9a-a15d-46d9f5b840aa-groupManagement] INFO  segmented.SegmentedRaftLogWorker (SegmentedRaftLogWorker.java:<init>(188)) - new 94422c73-384a-4d9a-a15d-46d9f5b840aa@group-9F3BC7221B77-SegmentedRaftLogWorker for RaftStorageImpl:Storage Directory /home/runner/work/ozone/ozone/hadoop-ozone/integration-test/target/test-dir/MiniOzoneClusterImpl-60426a9d-3de2-4373-b08b-24a22c9da129/datanode-0/data/ratis/3fea4cb1-1775-4d44-a0aa-9f3bc7221b77
2023-10-27 20:14:03,423 [94422c73-384a-4d9a-a15d-46d9f5b840aa-groupManagement] INFO  server.RaftServerConfigKeys (ConfUtils.java:logGet(46)) - raft.server.log.queue.byte-limit = 4294967296 (custom)
2023-10-27 20:14:03,423 [94422c73-384a-4d9a-a15d-46d9f5b840aa-groupManagement] INFO  server.RaftServerConfigKeys (ConfUtils.java:logGet(46)) - raft.server.log.queue.element-limit = 1024 (custom)
2023-10-27 20:14:03,423 [94422c73-384a-4d9a-a15d-46d9f5b840aa-groupManagement] INFO  server.RaftServerConfigKeys (ConfUtils.java:logGet(46)) - raft.server.log.segment.size.max = 1048576 (custom)
2023-10-27 20:14:03,423 [94422c73-384a-4d9a-a15d-46d9f5b840aa-groupManagement] INFO  server.RaftServerConfigKeys (ConfUtils.java:logGet(46)) - raft.server.log.preallocated.size = 16384 (custom)
2023-10-27 20:14:03,423 [94422c73-384a-4d9a-a15d-46d9f5b840aa-groupManagement] INFO  server.RaftServerConfigKeys (ConfUtils.java:logGet(46)) - raft.server.log.force.sync.num = 128 (default)
2023-10-27 20:14:03,423 [94422c73-384a-4d9a-a15d-46d9f5b840aa-groupManagement] INFO  server.RaftServerConfigKeys (ConfUtils.java:logGet(46)) - raft.server.log.statemachine.data.sync = true (default)
2023-10-27 20:14:03,423 [94422c73-384a-4d9a-a15d-46d9f5b840aa-groupManagement] INFO  server.RaftServerConfigKeys (ConfUtils.java:logGet(46)) - raft.server.log.statemachine.data.sync.timeout = 10s (default)
2023-10-27 20:14:03,424 [94422c73-384a-4d9a-a15d-46d9f5b840aa-groupManagement] INFO  server.RaftServerConfigKeys (ConfUtils.java:logGet(46)) - raft.server.log.statemachine.data.sync.timeout.retry = -1 (default)
2023-10-27 20:14:03,427 [94422c73-384a-4d9a-a15d-46d9f5b840aa-groupManagement] INFO  server.RaftServerConfigKeys (ConfUtils.java:logGet(46)) - raft.server.log.write.buffer.size = 1048576 (custom)
2023-10-27 20:14:03,428 [94422c73-384a-4d9a-a15d-46d9f5b840aa-groupManagement] INFO  server.RaftServerConfigKeys (ConfUtils.java:logGet(46)) - raft.server.log.appender.buffer.byte-limit = 33554432 (custom)
2023-10-27 20:14:03,438 [94422c73-384a-4d9a-a15d-46d9f5b840aa-groupManagement] INFO  server.RaftServerConfigKeys (ConfUtils.java:logGet(46)) - raft.server.log.unsafe-flush.enabled = false (default)
2023-10-27 20:14:03,438 [94422c73-384a-4d9a-a15d-46d9f5b840aa-groupManagement] INFO  server.RaftServerConfigKeys (ConfUtils.java:logGet(46)) - raft.server.log.async-flush.enabled = false (default)
2023-10-27 20:14:03,439 [94422c73-384a-4d9a-a15d-46d9f5b840aa-groupManagement] INFO  server.RaftServerConfigKeys (ConfUtils.java:logGet(46)) - raft.server.log.statemachine.data.caching.enabled = true (custom)
2023-10-27 20:14:03,440 [94422c73-384a-4d9a-a15d-46d9f5b840aa-groupManagement] INFO  segmented.SegmentedRaftLogWorker (SegmentedRaftLogWorker.java:lambda$new$0(135)) - 94422c73-384a-4d9a-a15d-46d9f5b840aa@group-9F3BC7221B77-SegmentedRaftLogWorker: flushIndex: setUnconditionally 0 -> -1
2023-10-27 20:14:03,440 [94422c73-384a-4d9a-a15d-46d9f5b840aa-groupManagement] INFO  segmented.SegmentedRaftLogWorker (SegmentedRaftLogWorker.java:lambda$new$0(135)) - 94422c73-384a-4d9a-a15d-46d9f5b840aa@group-9F3BC7221B77-SegmentedRaftLogWorker: safeCacheEvictIndex: setUnconditionally 0 -> -1
2023-10-27 20:14:03,441 [94422c73-384a-4d9a-a15d-46d9f5b840aa-groupManagement] INFO  server.RaftServer$Division (RaftServerImpl.java:start(342)) - 94422c73-384a-4d9a-a15d-46d9f5b840aa@group-9F3BC7221B77: start as a follower, conf=-1: peers:[94422c73-384a-4d9a-a15d-46d9f5b840aa|rpc:10.1.0.32:15014|admin:10.1.0.32:15013|client:10.1.0.32:15012|dataStream:10.1.0.32:15015|priority:1|startupRole:FOLLOWER]|listeners:[], old=null
2023-10-27 20:14:03,442 [94422c73-384a-4d9a-a15d-46d9f5b840aa-groupManagement] INFO  server.RaftServer$Division (RaftServerImpl.java:setRole(329)) - 94422c73-384a-4d9a-a15d-46d9f5b840aa@group-9F3BC7221B77: changes role from      null to FOLLOWER at term 0 for startAsFollower
2023-10-27 20:14:03,442 [94422c73-384a-4d9a-a15d-46d9f5b840aa-groupManagement] INFO  impl.RoleInfo (RoleInfo.java:updateAndGet(139)) - 94422c73-384a-4d9a-a15d-46d9f5b840aa: start 94422c73-384a-4d9a-a15d-46d9f5b840aa@group-9F3BC7221B77-FollowerState
2023-10-27 20:14:03,446 [94422c73-384a-4d9a-a15d-46d9f5b840aa-groupManagement] INFO  util.JmxRegister (JmxRegister.java:tryRegister(44)) - Successfully registered JMX Bean with object name Ratis:service=RaftServer,group=group-9F3BC7221B77,id=94422c73-384a-4d9a-a15d-46d9f5b840aa
2023-10-27 20:14:03,446 [94422c73-384a-4d9a-a15d-46d9f5b840aa-groupManagement] INFO  server.RaftServerConfigKeys (ConfUtils.java:logGet(46)) - raft.server.snapshot.auto.trigger.enabled = true (custom)
2023-10-27 20:14:03,446 [94422c73-384a-4d9a-a15d-46d9f5b840aa-groupManagement] INFO  server.RaftServerConfigKeys (ConfUtils.java:logGet(46)) - raft.server.snapshot.auto.trigger.threshold = 10000 (custom)
2023-10-27 20:14:03,446 [94422c73-384a-4d9a-a15d-46d9f5b840aa-groupManagement] INFO  server.RaftServerConfigKeys (ConfUtils.java:logGet(46)) - raft.server.snapshot.retention.file.num = 5 (custom)
2023-10-27 20:14:03,447 [94422c73-384a-4d9a-a15d-46d9f5b840aa-groupManagement] INFO  server.RaftServerConfigKeys (ConfUtils.java:logGet(46)) - raft.server.log.purge.upto.snapshot.index = false (default)
2023-10-27 20:14:03,449 [94422c73-384a-4d9a-a15d-46d9f5b840aa@group-9F3BC7221B77-FollowerState] INFO  server.RaftServerConfigKeys (ConfUtils.java:logFallback(53)) - raft.server.rpc.first-election.timeout.min = 5s (fallback to raft.server.rpc.timeout.min)
2023-10-27 20:14:03,449 [94422c73-384a-4d9a-a15d-46d9f5b840aa@group-9F3BC7221B77-FollowerState] INFO  server.RaftServerConfigKeys (ConfUtils.java:logFallback(53)) - raft.server.rpc.first-election.timeout.max = 5200ms (fallback to raft.server.rpc.timeout.max)
2023-10-27 20:14:03,457 [94422c73-384a-4d9a-a15d-46d9f5b840aa-PipelineCommandHandlerThread-0] INFO  ratis.XceiverServerRatis (XceiverServerRatis.java:addGroup(805)) - Created group PipelineID=3fea4cb1-1775-4d44-a0aa-9f3bc7221b77
2023-10-27 20:14:03,458 [94422c73-384a-4d9a-a15d-46d9f5b840aa-PipelineCommandHandlerThread-0] INFO  commandhandler.CreatePipelineCommandHandler (CreatePipelineCommandHandler.java:lambda$handle$2(124)) - Created Pipeline RATIS ONE PipelineID=3fea4cb1-1775-4d44-a0aa-9f3bc7221b77.
2023-10-27 20:14:03,458 [94422c73-384a-4d9a-a15d-46d9f5b840aa-PipelineCommandHandlerThread-0] INFO  server.RaftServer (RaftServerProxy.java:addNew(98)) - 94422c73-384a-4d9a-a15d-46d9f5b840aa: addNew group-1D3807242C29:[94422c73-384a-4d9a-a15d-46d9f5b840aa|rpc:10.1.0.32:15014|admin:10.1.0.32:15013|client:10.1.0.32:15012|dataStream:10.1.0.32:15015|priority:0|startupRole:FOLLOWER, 66ee3698-ded8-430f-8ecd-27f356af6e45|rpc:10.1.0.32:15032|admin:10.1.0.32:15031|client:10.1.0.32:15030|dataStream:10.1.0.32:15033|priority:1|startupRole:FOLLOWER, 0ef615e1-91db-4ede-b924-53e2d320f02d|rpc:10.1.0.32:15023|admin:10.1.0.32:15022|client:10.1.0.32:15021|dataStream:10.1.0.32:15024|priority:0|startupRole:FOLLOWER] returns group-1D3807242C29:java.util.concurrent.CompletableFuture@35f30158[Not completed]
2023-10-27 20:14:03,461 [94422c73-384a-4d9a-a15d-46d9f5b840aa-groupManagement] INFO  server.RaftServer$Division (RaftServerImpl.java:<init>(198)) - 94422c73-384a-4d9a-a15d-46d9f5b840aa: new RaftServerImpl for group-1D3807242C29:[94422c73-384a-4d9a-a15d-46d9f5b840aa|rpc:10.1.0.32:15014|admin:10.1.0.32:15013|client:10.1.0.32:15012|dataStream:10.1.0.32:15015|priority:0|startupRole:FOLLOWER, 66ee3698-ded8-430f-8ecd-27f356af6e45|rpc:10.1.0.32:15032|admin:10.1.0.32:15031|client:10.1.0.32:15030|dataStream:10.1.0.32:15033|priority:1|startupRole:FOLLOWER, 0ef615e1-91db-4ede-b924-53e2d320f02d|rpc:10.1.0.32:15023|admin:10.1.0.32:15022|client:10.1.0.32:15021|dataStream:10.1.0.32:15024|priority:0|startupRole:FOLLOWER] with ContainerStateMachine:uninitialized
2023-10-27 20:14:03,462 [94422c73-384a-4d9a-a15d-46d9f5b840aa-groupManagement] INFO  server.RaftServerConfigKeys (ConfUtils.java:logGet(46)) - raft.server.rpc.timeout.min = 5s (custom)
2023-10-27 20:14:03,462 [94422c73-384a-4d9a-a15d-46d9f5b840aa-groupManagement] INFO  server.RaftServerConfigKeys (ConfUtils.java:logGet(46)) - raft.server.rpc.timeout.max = 5200ms (custom)
2023-10-27 20:14:03,462 [94422c73-384a-4d9a-a15d-46d9f5b840aa-groupManagement] INFO  server.RaftServerConfigKeys (ConfUtils.java:logGet(46)) - raft.server.rpc.sleep.time = 25ms (default)
2023-10-27 20:14:03,462 [94422c73-384a-4d9a-a15d-46d9f5b840aa-groupManagement] INFO  server.RaftServerConfigKeys (ConfUtils.java:logGet(46)) - raft.server.rpc.slowness.timeout = 300s (custom)
2023-10-27 20:14:03,462 [94422c73-384a-4d9a-a15d-46d9f5b840aa-groupManagement] INFO  server.RaftServerConfigKeys (ConfUtils.java:logGet(46)) - raft.server.leaderelection.leader.step-down.wait-time = 10s (default)
2023-10-27 20:14:03,462 [94422c73-384a-4d9a-a15d-46d9f5b840aa-groupManagement] INFO  server.RaftServerConfigKeys (ConfUtils.java:logGet(46)) - raft.server.sleep.deviation.threshold = 300ms (default)
2023-10-27 20:14:03,463 [94422c73-384a-4d9a-a15d-46d9f5b840aa-groupManagement] INFO  server.RaftServer$Division (ServerState.java:<init>(120)) - 94422c73-384a-4d9a-a15d-46d9f5b840aa@group-1D3807242C29: ConfigurationManager, init=-1: peers:[94422c73-384a-4d9a-a15d-46d9f5b840aa|rpc:10.1.0.32:15014|admin:10.1.0.32:15013|client:10.1.0.32:15012|dataStream:10.1.0.32:15015|priority:0|startupRole:FOLLOWER, 66ee3698-ded8-430f-8ecd-27f356af6e45|rpc:10.1.0.32:15032|admin:10.1.0.32:15031|client:10.1.0.32:15030|dataStream:10.1.0.32:15033|priority:1|startupRole:FOLLOWER, 0ef615e1-91db-4ede-b924-53e2d320f02d|rpc:10.1.0.32:15023|admin:10.1.0.32:15022|client:10.1.0.32:15021|dataStream:10.1.0.32:15024|priority:0|startupRole:FOLLOWER]|listeners:[], old=null, confs=<EMPTY_MAP>
2023-10-27 20:14:03,463 [94422c73-384a-4d9a-a15d-46d9f5b840aa-groupManagement] INFO  server.RaftServerConfigKeys (ConfUtils.java:logGet(46)) - raft.server.storage.dir = [/home/runner/work/ozone/ozone/hadoop-ozone/integration-test/target/test-dir/MiniOzoneClusterImpl-60426a9d-3de2-4373-b08b-24a22c9da129/datanode-0/data/ratis] (custom)
2023-10-27 20:14:03,463 [94422c73-384a-4d9a-a15d-46d9f5b840aa-groupManagement] INFO  server.RaftServerConfigKeys (ConfUtils.java:logGet(46)) - raft.server.log.corruption.policy = EXCEPTION (default)
2023-10-27 20:14:03,463 [94422c73-384a-4d9a-a15d-46d9f5b840aa-groupManagement] INFO  server.RaftServerConfigKeys (ConfUtils.java:logGet(46)) - raft.server.storage.free-space.min = 0MB (=0) (default)
2023-10-27 20:14:03,464 [94422c73-384a-4d9a-a15d-46d9f5b840aa-groupManagement] INFO  server.RaftServerConfigKeys (ConfUtils.java:logGet(46)) - raft.server.notification.no-leader.timeout = 300s (custom)
2023-10-27 20:14:03,464 [94422c73-384a-4d9a-a15d-46d9f5b840aa-groupManagement] INFO  server.RaftServerConfigKeys (ConfUtils.java:logGet(46)) - raft.server.read.timeout = 10s (default)
2023-10-27 20:14:03,464 [94422c73-384a-4d9a-a15d-46d9f5b840aa-groupManagement] INFO  server.RaftServerConfigKeys (ConfUtils.java:logGet(46)) - raft.server.retrycache.expirytime = 600000ms (custom)
2023-10-27 20:14:03,464 [94422c73-384a-4d9a-a15d-46d9f5b840aa-groupManagement] INFO  server.RaftServerConfigKeys (ConfUtils.java:logGet(46)) - raft.server.retrycache.statistics.expirytime = 100μs (default)
2023-10-27 20:14:03,465 [94422c73-384a-4d9a-a15d-46d9f5b840aa-groupManagement] INFO  server.RaftServerConfigKeys (ConfUtils.java:logGet(46)) - raft.server.read.option = DEFAULT (default)
2023-10-27 20:14:03,476 [94422c73-384a-4d9a-a15d-46d9f5b840aa-groupManagement] INFO  server.RaftServerConfigKeys (ConfUtils.java:logGet(46)) - raft.server.rpc.request.timeout = 60s (custom)
2023-10-27 20:14:03,476 [94422c73-384a-4d9a-a15d-46d9f5b840aa-groupManagement] INFO  server.RaftServerConfigKeys (ConfUtils.java:logGet(46)) - raft.server.log.appender.install.snapshot.enabled = false (custom)
2023-10-27 20:14:03,478 [94422c73-384a-4d9a-a15d-46d9f5b840aa-groupManagement] INFO  server.RaftServerConfigKeys (ConfUtils.java:logGet(46)) - raft.server.threadpool.server.cached = true (default)
2023-10-27 20:14:03,478 [94422c73-384a-4d9a-a15d-46d9f5b840aa-groupManagement] INFO  server.RaftServerConfigKeys (ConfUtils.java:logGet(46)) - raft.server.threadpool.server.size = 0 (default)
2023-10-27 20:14:03,478 [94422c73-384a-4d9a-a15d-46d9f5b840aa-groupManagement] INFO  server.RaftServerConfigKeys (ConfUtils.java:logGet(46)) - raft.server.threadpool.client.cached = true (default)
2023-10-27 20:14:03,478 [94422c73-384a-4d9a-a15d-46d9f5b840aa-groupManagement] INFO  server.RaftServerConfigKeys (ConfUtils.java:logGet(46)) - raft.server.threadpool.client.size = 0 (default)
2023-10-27 20:14:03,479 [94422c73-384a-4d9a-a15d-46d9f5b840aa-groupManagement] INFO  storage.RaftStorageDirectory (RaftStorageDirectoryImpl.java:analyzeStorage(137)) - The storage directory /home/runner/work/ozone/ozone/hadoop-ozone/integration-test/target/test-dir/MiniOzoneClusterImpl-60426a9d-3de2-4373-b08b-24a22c9da129/datanode-0/data/ratis/7a06d3e7-5cd1-4269-a48c-1d3807242c29 does not exist. Creating ...
2023-10-27 20:14:03,481 [94422c73-384a-4d9a-a15d-46d9f5b840aa-groupManagement] INFO  storage.RaftStorageDirectory (RaftStorageDirectoryImpl.java:tryLock(231)) - Lock on /home/runner/work/ozone/ozone/hadoop-ozone/integration-test/target/test-dir/MiniOzoneClusterImpl-60426a9d-3de2-4373-b08b-24a22c9da129/datanode-0/data/ratis/7a06d3e7-5cd1-4269-a48c-1d3807242c29/in_use.lock acquired by nodename 14569@fv-az342-943
2023-10-27 20:14:03,484 [94422c73-384a-4d9a-a15d-46d9f5b840aa-groupManagement] INFO  storage.RaftStorage (RaftStorageImpl.java:format(96)) - Storage directory /home/runner/work/ozone/ozone/hadoop-ozone/integration-test/target/test-dir/MiniOzoneClusterImpl-60426a9d-3de2-4373-b08b-24a22c9da129/datanode-0/data/ratis/7a06d3e7-5cd1-4269-a48c-1d3807242c29 has been successfully formatted.
2023-10-27 20:14:03,484 [94422c73-384a-4d9a-a15d-46d9f5b840aa-groupManagement] INFO  ratis.ContainerStateMachine (ContainerStateMachine.java:loadSnapshot(269)) - group-1D3807242C29: The snapshot info is null. Setting the last applied indexto:(t:0, i:~)
2023-10-27 20:14:03,485 [94422c73-384a-4d9a-a15d-46d9f5b840aa-groupManagement] INFO  server.RaftServerConfigKeys (ConfUtils.java:logGet(46)) - raft.server.log.use.memory = false (default)
2023-10-27 20:14:03,485 [94422c73-384a-4d9a-a15d-46d9f5b840aa-groupManagement] INFO  server.RaftServerConfigKeys (ConfUtils.java:logGet(46)) - raft.server.log.purge.gap = 1000000 (custom)
2023-10-27 20:14:03,485 [94422c73-384a-4d9a-a15d-46d9f5b840aa-groupManagement] INFO  server.RaftServerConfigKeys (ConfUtils.java:logGet(46)) - raft.server.log.appender.buffer.byte-limit = 33554432 (custom)
2023-10-27 20:14:03,488 [94422c73-384a-4d9a-a15d-46d9f5b840aa-groupManagement] INFO  server.RaftServerConfigKeys (ConfUtils.java:logGet(46)) - raft.server.log.statemachine.data.read.timeout = 1000ms (default)
2023-10-27 20:14:03,489 [94422c73-384a-4d9a-a15d-46d9f5b840aa-groupManagement] INFO  server.RaftServerConfigKeys (ConfUtils.java:logGet(46)) - raft.server.log.purge.preservation.log.num = 0 (default)
2023-10-27 20:14:03,489 [EventQueue-OpenPipelineForHealthyPipelineSafeModeRule] INFO  safemode.SCMSafeModeManager (HealthyPipelineSafeModeRule.java:process(137)) - SCM in safe mode. Healthy pipelines reported count is 0, required healthy pipeline reported count is 1
2023-10-27 20:14:03,492 [94422c73-384a-4d9a-a15d-46d9f5b840aa-groupManagement] INFO  server.RaftServerConfigKeys (ConfUtils.java:logGet(46)) - raft.server.log.segment.size.max = 1048576 (custom)
2023-10-27 20:14:03,495 [94422c73-384a-4d9a-a15d-46d9f5b840aa-groupManagement] INFO  server.RaftServerConfigKeys (ConfUtils.java:logGet(46)) - raft.server.log.segment.cache.num.max = 2 (custom)
2023-10-27 20:14:03,495 [94422c73-384a-4d9a-a15d-46d9f5b840aa-groupManagement] INFO  server.RaftServerConfigKeys (ConfUtils.java:logGet(46)) - raft.server.log.segment.cache.size.max = 200MB (=209715200) (default)
2023-10-27 20:14:03,496 [94422c73-384a-4d9a-a15d-46d9f5b840aa-groupManagement] INFO  server.RaftServerConfigKeys (ConfUtils.java:logGet(46)) - raft.server.log.appender.buffer.byte-limit = 33554432 (custom)
2023-10-27 20:14:03,496 [94422c73-384a-4d9a-a15d-46d9f5b840aa-groupManagement] INFO  segmented.SegmentedRaftLogWorker (SegmentedRaftLogWorker.java:<init>(188)) - new 94422c73-384a-4d9a-a15d-46d9f5b840aa@group-1D3807242C29-SegmentedRaftLogWorker for RaftStorageImpl:Storage Directory /home/runner/work/ozone/ozone/hadoop-ozone/integration-test/target/test-dir/MiniOzoneClusterImpl-60426a9d-3de2-4373-b08b-24a22c9da129/datanode-0/data/ratis/7a06d3e7-5cd1-4269-a48c-1d3807242c29
2023-10-27 20:14:03,496 [94422c73-384a-4d9a-a15d-46d9f5b840aa-groupManagement] INFO  server.RaftServerConfigKeys (ConfUtils.java:logGet(46)) - raft.server.log.queue.byte-limit = 4294967296 (custom)
2023-10-27 20:14:03,497 [94422c73-384a-4d9a-a15d-46d9f5b840aa-groupManagement] INFO  server.RaftServerConfigKeys (ConfUtils.java:logGet(46)) - raft.server.log.queue.element-limit = 1024 (custom)
2023-10-27 20:14:03,497 [94422c73-384a-4d9a-a15d-46d9f5b840aa-groupManagement] INFO  server.RaftServerConfigKeys (ConfUtils.java:logGet(46)) - raft.server.log.segment.size.max = 1048576 (custom)
2023-10-27 20:14:03,498 [94422c73-384a-4d9a-a15d-46d9f5b840aa-groupManagement] INFO  server.RaftServerConfigKeys (ConfUtils.java:logGet(46)) - raft.server.log.preallocated.size = 16384 (custom)
2023-10-27 20:14:03,499 [94422c73-384a-4d9a-a15d-46d9f5b840aa-groupManagement] INFO  server.RaftServerConfigKeys (ConfUtils.java:logGet(46)) - raft.server.log.force.sync.num = 128 (default)
2023-10-27 20:14:03,499 [94422c73-384a-4d9a-a15d-46d9f5b840aa-groupManagement] INFO  server.RaftServerConfigKeys (ConfUtils.java:logGet(46)) - raft.server.log.statemachine.data.sync = true (default)
2023-10-27 20:14:03,500 [94422c73-384a-4d9a-a15d-46d9f5b840aa-groupManagement] INFO  server.RaftServerConfigKeys (ConfUtils.java:logGet(46)) - raft.server.log.statemachine.data.sync.timeout = 10s (default)
2023-10-27 20:14:03,500 [94422c73-384a-4d9a-a15d-46d9f5b840aa-groupManagement] INFO  server.RaftServerConfigKeys (ConfUtils.java:logGet(46)) - raft.server.log.statemachine.data.sync.timeout.retry = -1 (default)
2023-10-27 20:14:03,512 [94422c73-384a-4d9a-a15d-46d9f5b840aa-groupManagement] INFO  server.RaftServerConfigKeys (ConfUtils.java:logGet(46)) - raft.server.log.write.buffer.size = 1048576 (custom)
2023-10-27 20:14:03,513 [94422c73-384a-4d9a-a15d-46d9f5b840aa-groupManagement] INFO  server.RaftServerConfigKeys (ConfUtils.java:logGet(46)) - raft.server.log.appender.buffer.byte-limit = 33554432 (custom)
2023-10-27 20:14:03,520 [94422c73-384a-4d9a-a15d-46d9f5b840aa-groupManagement] INFO  server.RaftServerConfigKeys (ConfUtils.java:logGet(46)) - raft.server.log.unsafe-flush.enabled = false (default)
2023-10-27 20:14:03,520 [94422c73-384a-4d9a-a15d-46d9f5b840aa-groupManagement] INFO  server.RaftServerConfigKeys (ConfUtils.java:logGet(46)) - raft.server.log.async-flush.enabled = false (default)
2023-10-27 20:14:03,521 [94422c73-384a-4d9a-a15d-46d9f5b840aa-groupManagement] INFO  server.RaftServerConfigKeys (ConfUtils.java:logGet(46)) - raft.server.log.statemachine.data.caching.enabled = true (custom)
2023-10-27 20:14:03,522 [94422c73-384a-4d9a-a15d-46d9f5b840aa-groupManagement] INFO  segmented.SegmentedRaftLogWorker (SegmentedRaftLogWorker.java:lambda$new$0(135)) - 94422c73-384a-4d9a-a15d-46d9f5b840aa@group-1D3807242C29-SegmentedRaftLogWorker: flushIndex: setUnconditionally 0 -> -1
2023-10-27 20:14:03,522 [94422c73-384a-4d9a-a15d-46d9f5b840aa-groupManagement] INFO  segmented.SegmentedRaftLogWorker (SegmentedRaftLogWorker.java:lambda$new$0(135)) - 94422c73-384a-4d9a-a15d-46d9f5b840aa@group-1D3807242C29-SegmentedRaftLogWorker: safeCacheEvictIndex: setUnconditionally 0 -> -1
2023-10-27 20:14:03,523 [94422c73-384a-4d9a-a15d-46d9f5b840aa-groupManagement] INFO  server.RaftServer$Division (RaftServerImpl.java:start(342)) - 94422c73-384a-4d9a-a15d-46d9f5b840aa@group-1D3807242C29: start as a follower, conf=-1: peers:[94422c73-384a-4d9a-a15d-46d9f5b840aa|rpc:10.1.0.32:15014|admin:10.1.0.32:15013|client:10.1.0.32:15012|dataStream:10.1.0.32:15015|priority:0|startupRole:FOLLOWER, 66ee3698-ded8-430f-8ecd-27f356af6e45|rpc:10.1.0.32:15032|admin:10.1.0.32:15031|client:10.1.0.32:15030|dataStream:10.1.0.32:15033|priority:1|startupRole:FOLLOWER, 0ef615e1-91db-4ede-b924-53e2d320f02d|rpc:10.1.0.32:15023|admin:10.1.0.32:15022|client:10.1.0.32:15021|dataStream:10.1.0.32:15024|priority:0|startupRole:FOLLOWER]|listeners:[], old=null
2023-10-27 20:14:03,523 [94422c73-384a-4d9a-a15d-46d9f5b840aa-groupManagement] INFO  server.RaftServer$Division (RaftServerImpl.java:setRole(329)) - 94422c73-384a-4d9a-a15d-46d9f5b840aa@group-1D3807242C29: changes role from      null to FOLLOWER at term 0 for startAsFollower
2023-10-27 20:14:03,523 [94422c73-384a-4d9a-a15d-46d9f5b840aa-groupManagement] INFO  impl.RoleInfo (RoleInfo.java:updateAndGet(139)) - 94422c73-384a-4d9a-a15d-46d9f5b840aa: start 94422c73-384a-4d9a-a15d-46d9f5b840aa@group-1D3807242C29-FollowerState
2023-10-27 20:14:03,525 [94422c73-384a-4d9a-a15d-46d9f5b840aa-groupManagement] INFO  util.JmxRegister (JmxRegister.java:tryRegister(44)) - Successfully registered JMX Bean with object name Ratis:service=RaftServer,group=group-1D3807242C29,id=94422c73-384a-4d9a-a15d-46d9f5b840aa
2023-10-27 20:14:03,525 [94422c73-384a-4d9a-a15d-46d9f5b840aa-groupManagement] INFO  server.RaftServerConfigKeys (ConfUtils.java:logGet(46)) - raft.server.snapshot.auto.trigger.enabled = true (custom)
2023-10-27 20:14:03,525 [94422c73-384a-4d9a-a15d-46d9f5b840aa-groupManagement] INFO  server.RaftServerConfigKeys (ConfUtils.java:logGet(46)) - raft.server.snapshot.auto.trigger.threshold = 10000 (custom)
2023-10-27 20:14:03,525 [94422c73-384a-4d9a-a15d-46d9f5b840aa-groupManagement] INFO  server.RaftServerConfigKeys (ConfUtils.java:logGet(46)) - raft.server.snapshot.retention.file.num = 5 (custom)
2023-10-27 20:14:03,525 [94422c73-384a-4d9a-a15d-46d9f5b840aa-groupManagement] INFO  server.RaftServerConfigKeys (ConfUtils.java:logGet(46)) - raft.server.log.purge.upto.snapshot.index = false (default)
2023-10-27 20:14:03,539 [94422c73-384a-4d9a-a15d-46d9f5b840aa-PipelineCommandHandlerThread-0] INFO  ratis.XceiverServerRatis (XceiverServerRatis.java:addGroup(805)) - Created group PipelineID=7a06d3e7-5cd1-4269-a48c-1d3807242c29
2023-10-27 20:14:03,550 [94422c73-384a-4d9a-a15d-46d9f5b840aa@group-1D3807242C29-FollowerState] INFO  server.RaftServerConfigKeys (ConfUtils.java:logFallback(53)) - raft.server.rpc.first-election.timeout.min = 5s (fallback to raft.server.rpc.timeout.min)
2023-10-27 20:14:03,550 [94422c73-384a-4d9a-a15d-46d9f5b840aa@group-1D3807242C29-FollowerState] INFO  server.RaftServerConfigKeys (ConfUtils.java:logFallback(53)) - raft.server.rpc.first-election.timeout.max = 5200ms (fallback to raft.server.rpc.timeout.max)
2023-10-27 20:14:03,759 [0ef615e1-91db-4ede-b924-53e2d320f02d-PipelineCommandHandlerThread-0] INFO  server.RaftServer (RaftServerProxy.java:addNew(98)) - 0ef615e1-91db-4ede-b924-53e2d320f02d: addNew group-DB510C58C202:[0ef615e1-91db-4ede-b924-53e2d320f02d|rpc:10.1.0.32:15023|admin:10.1.0.32:15022|client:10.1.0.32:15021|dataStream:10.1.0.32:15024|priority:1|startupRole:FOLLOWER] returns group-DB510C58C202:java.util.concurrent.CompletableFuture@61968612[Not completed]
2023-10-27 20:14:03,761 [0ef615e1-91db-4ede-b924-53e2d320f02d-groupManagement] INFO  server.RaftServer$Division (RaftServerImpl.java:<init>(198)) - 0ef615e1-91db-4ede-b924-53e2d320f02d: new RaftServerImpl for group-DB510C58C202:[0ef615e1-91db-4ede-b924-53e2d320f02d|rpc:10.1.0.32:15023|admin:10.1.0.32:15022|client:10.1.0.32:15021|dataStream:10.1.0.32:15024|priority:1|startupRole:FOLLOWER] with ContainerStateMachine:uninitialized
2023-10-27 20:14:03,762 [0ef615e1-91db-4ede-b924-53e2d320f02d-groupManagement] INFO  server.RaftServerConfigKeys (ConfUtils.java:logGet(46)) - raft.server.rpc.timeout.min = 5s (custom)
2023-10-27 20:14:03,762 [0ef615e1-91db-4ede-b924-53e2d320f02d-groupManagement] INFO  server.RaftServerConfigKeys (ConfUtils.java:logGet(46)) - raft.server.rpc.timeout.max = 5200ms (custom)
2023-10-27 20:14:03,762 [0ef615e1-91db-4ede-b924-53e2d320f02d-groupManagement] INFO  server.RaftServerConfigKeys (ConfUtils.java:logGet(46)) - raft.server.rpc.sleep.time = 25ms (default)
2023-10-27 20:14:03,762 [0ef615e1-91db-4ede-b924-53e2d320f02d-groupManagement] INFO  server.RaftServerConfigKeys (ConfUtils.java:logGet(46)) - raft.server.rpc.slowness.timeout = 300s (custom)
2023-10-27 20:14:03,762 [0ef615e1-91db-4ede-b924-53e2d320f02d-groupManagement] INFO  server.RaftServerConfigKeys (ConfUtils.java:logGet(46)) - raft.server.leaderelection.leader.step-down.wait-time = 10s (default)
2023-10-27 20:14:03,763 [0ef615e1-91db-4ede-b924-53e2d320f02d-groupManagement] INFO  server.RaftServerConfigKeys (ConfUtils.java:logGet(46)) - raft.server.sleep.deviation.threshold = 300ms (default)
2023-10-27 20:14:03,763 [0ef615e1-91db-4ede-b924-53e2d320f02d-groupManagement] INFO  server.RaftServer$Division (ServerState.java:<init>(120)) - 0ef615e1-91db-4ede-b924-53e2d320f02d@group-DB510C58C202: ConfigurationManager, init=-1: peers:[0ef615e1-91db-4ede-b924-53e2d320f02d|rpc:10.1.0.32:15023|admin:10.1.0.32:15022|client:10.1.0.32:15021|dataStream:10.1.0.32:15024|priority:1|startupRole:FOLLOWER]|listeners:[], old=null, confs=<EMPTY_MAP>
2023-10-27 20:14:03,763 [0ef615e1-91db-4ede-b924-53e2d320f02d-groupManagement] INFO  server.RaftServerConfigKeys (ConfUtils.java:logGet(46)) - raft.server.storage.dir = [/home/runner/work/ozone/ozone/hadoop-ozone/integration-test/target/test-dir/MiniOzoneClusterImpl-60426a9d-3de2-4373-b08b-24a22c9da129/datanode-1/data/ratis] (custom)
2023-10-27 20:14:03,763 [0ef615e1-91db-4ede-b924-53e2d320f02d-groupManagement] INFO  server.RaftServerConfigKeys (ConfUtils.java:logGet(46)) - raft.server.log.corruption.policy = EXCEPTION (default)
2023-10-27 20:14:03,763 [0ef615e1-91db-4ede-b924-53e2d320f02d-groupManagement] INFO  server.RaftServerConfigKeys (ConfUtils.java:logGet(46)) - raft.server.storage.free-space.min = 0MB (=0) (default)
2023-10-27 20:14:03,764 [0ef615e1-91db-4ede-b924-53e2d320f02d-groupManagement] INFO  server.RaftServerConfigKeys (ConfUtils.java:logGet(46)) - raft.server.notification.no-leader.timeout = 300s (custom)
2023-10-27 20:14:03,764 [0ef615e1-91db-4ede-b924-53e2d320f02d-groupManagement] INFO  server.RaftServerConfigKeys (ConfUtils.java:logGet(46)) - raft.server.read.timeout = 10s (default)
2023-10-27 20:14:03,764 [0ef615e1-91db-4ede-b924-53e2d320f02d-groupManagement] INFO  server.RaftServerConfigKeys (ConfUtils.java:logGet(46)) - raft.server.retrycache.expirytime = 600000ms (custom)
2023-10-27 20:14:03,764 [0ef615e1-91db-4ede-b924-53e2d320f02d-groupManagement] INFO  server.RaftServerConfigKeys (ConfUtils.java:logGet(46)) - raft.server.retrycache.statistics.expirytime = 100μs (default)
2023-10-27 20:14:03,764 [0ef615e1-91db-4ede-b924-53e2d320f02d-groupManagement] INFO  server.RaftServerConfigKeys (ConfUtils.java:logGet(46)) - raft.server.read.option = DEFAULT (default)
2023-10-27 20:14:03,767 [0ef615e1-91db-4ede-b924-53e2d320f02d-groupManagement] INFO  server.RaftServerConfigKeys (ConfUtils.java:logGet(46)) - raft.server.rpc.request.timeout = 60s (custom)
2023-10-27 20:14:03,767 [0ef615e1-91db-4ede-b924-53e2d320f02d-groupManagement] INFO  server.RaftServerConfigKeys (ConfUtils.java:logGet(46)) - raft.server.log.appender.install.snapshot.enabled = false (custom)
2023-10-27 20:14:03,767 [0ef615e1-91db-4ede-b924-53e2d320f02d-groupManagement] INFO  server.RaftServerConfigKeys (ConfUtils.java:logGet(46)) - raft.server.threadpool.server.cached = true (default)
2023-10-27 20:14:03,767 [0ef615e1-91db-4ede-b924-53e2d320f02d-groupManagement] INFO  server.RaftServerConfigKeys (ConfUtils.java:logGet(46)) - raft.server.threadpool.server.size = 0 (default)
2023-10-27 20:14:03,767 [0ef615e1-91db-4ede-b924-53e2d320f02d-groupManagement] INFO  server.RaftServerConfigKeys (ConfUtils.java:logGet(46)) - raft.server.threadpool.client.cached = true (default)
2023-10-27 20:14:03,768 [0ef615e1-91db-4ede-b924-53e2d320f02d-groupManagement] INFO  server.RaftServerConfigKeys (ConfUtils.java:logGet(46)) - raft.server.threadpool.client.size = 0 (default)
2023-10-27 20:14:03,768 [0ef615e1-91db-4ede-b924-53e2d320f02d-groupManagement] INFO  storage.RaftStorageDirectory (RaftStorageDirectoryImpl.java:analyzeStorage(137)) - The storage directory /home/runner/work/ozone/ozone/hadoop-ozone/integration-test/target/test-dir/MiniOzoneClusterImpl-60426a9d-3de2-4373-b08b-24a22c9da129/datanode-1/data/ratis/df5efd5f-9425-49d8-b564-db510c58c202 does not exist. Creating ...
2023-10-27 20:14:03,773 [0ef615e1-91db-4ede-b924-53e2d320f02d-groupManagement] INFO  storage.RaftStorageDirectory (RaftStorageDirectoryImpl.java:tryLock(231)) - Lock on /home/runner/work/ozone/ozone/hadoop-ozone/integration-test/target/test-dir/MiniOzoneClusterImpl-60426a9d-3de2-4373-b08b-24a22c9da129/datanode-1/data/ratis/df5efd5f-9425-49d8-b564-db510c58c202/in_use.lock acquired by nodename 14569@fv-az342-943
2023-10-27 20:14:03,775 [0ef615e1-91db-4ede-b924-53e2d320f02d-groupManagement] INFO  storage.RaftStorage (RaftStorageImpl.java:format(96)) - Storage directory /home/runner/work/ozone/ozone/hadoop-ozone/integration-test/target/test-dir/MiniOzoneClusterImpl-60426a9d-3de2-4373-b08b-24a22c9da129/datanode-1/data/ratis/df5efd5f-9425-49d8-b564-db510c58c202 has been successfully formatted.
2023-10-27 20:14:03,778 [0ef615e1-91db-4ede-b924-53e2d320f02d-groupManagement] INFO  ratis.ContainerStateMachine (ContainerStateMachine.java:loadSnapshot(269)) - group-DB510C58C202: The snapshot info is null. Setting the last applied indexto:(t:0, i:~)
2023-10-27 20:14:03,782 [0ef615e1-91db-4ede-b924-53e2d320f02d-groupManagement] INFO  server.RaftServerConfigKeys (ConfUtils.java:logGet(46)) - raft.server.log.use.memory = false (default)
2023-10-27 20:14:03,782 [0ef615e1-91db-4ede-b924-53e2d320f02d-groupManagement] INFO  server.RaftServerConfigKeys (ConfUtils.java:logGet(46)) - raft.server.log.purge.gap = 1000000 (custom)
2023-10-27 20:14:03,791 [0ef615e1-91db-4ede-b924-53e2d320f02d-groupManagement] INFO  server.RaftServerConfigKeys (ConfUtils.java:logGet(46)) - raft.server.log.appender.buffer.byte-limit = 33554432 (custom)
2023-10-27 20:14:03,791 [0ef615e1-91db-4ede-b924-53e2d320f02d-groupManagement] INFO  server.RaftServerConfigKeys (ConfUtils.java:logGet(46)) - raft.server.log.statemachine.data.read.timeout = 1000ms (default)
2023-10-27 20:14:03,791 [0ef615e1-91db-4ede-b924-53e2d320f02d-groupManagement] INFO  server.RaftServerConfigKeys (ConfUtils.java:logGet(46)) - raft.server.log.purge.preservation.log.num = 0 (default)
2023-10-27 20:14:03,791 [0ef615e1-91db-4ede-b924-53e2d320f02d-groupManagement] INFO  server.RaftServerConfigKeys (ConfUtils.java:logGet(46)) - raft.server.log.segment.size.max = 1048576 (custom)
2023-10-27 20:14:03,791 [EventQueue-PipelineReportForPipelineReportHandler] INFO  pipeline.PipelineReportHandler (PipelineReportHandler.java:processPipelineReport(136)) - Opened pipeline PipelineID=df5efd5f-9425-49d8-b564-db510c58c202
2023-10-27 20:14:03,792 [0ef615e1-91db-4ede-b924-53e2d320f02d-groupManagement] INFO  server.RaftServerConfigKeys (ConfUtils.java:logGet(46)) - raft.server.log.segment.cache.num.max = 2 (custom)
2023-10-27 20:14:03,792 [EventQueue-OpenPipelineForHealthyPipelineSafeModeRule] INFO  safemode.SCMSafeModeManager (HealthyPipelineSafeModeRule.java:process(137)) - SCM in safe mode. Healthy pipelines reported count is 0, required healthy pipeline reported count is 1
2023-10-27 20:14:03,792 [0ef615e1-91db-4ede-b924-53e2d320f02d-groupManagement] INFO  server.RaftServerConfigKeys (ConfUtils.java:logGet(46)) - raft.server.log.segment.cache.size.max = 200MB (=209715200) (default)
2023-10-27 20:14:03,793 [0ef615e1-91db-4ede-b924-53e2d320f02d-groupManagement] INFO  server.RaftServerConfigKeys (ConfUtils.java:logGet(46)) - raft.server.log.appender.buffer.byte-limit = 33554432 (custom)
2023-10-27 20:14:03,793 [0ef615e1-91db-4ede-b924-53e2d320f02d-groupManagement] INFO  segmented.SegmentedRaftLogWorker (SegmentedRaftLogWorker.java:<init>(188)) - new 0ef615e1-91db-4ede-b924-53e2d320f02d@group-DB510C58C202-SegmentedRaftLogWorker for RaftStorageImpl:Storage Directory /home/runner/work/ozone/ozone/hadoop-ozone/integration-test/target/test-dir/MiniOzoneClusterImpl-60426a9d-3de2-4373-b08b-24a22c9da129/datanode-1/data/ratis/df5efd5f-9425-49d8-b564-db510c58c202
2023-10-27 20:14:03,793 [0ef615e1-91db-4ede-b924-53e2d320f02d-groupManagement] INFO  server.RaftServerConfigKeys (ConfUtils.java:logGet(46)) - raft.server.log.queue.byte-limit = 4294967296 (custom)
2023-10-27 20:14:03,796 [0ef615e1-91db-4ede-b924-53e2d320f02d-groupManagement] INFO  server.RaftServerConfigKeys (ConfUtils.java:logGet(46)) - raft.server.log.queue.element-limit = 1024 (custom)
2023-10-27 20:14:03,796 [0ef615e1-91db-4ede-b924-53e2d320f02d-groupManagement] INFO  server.RaftServerConfigKeys (ConfUtils.java:logGet(46)) - raft.server.log.segment.size.max = 1048576 (custom)
2023-10-27 20:14:03,796 [0ef615e1-91db-4ede-b924-53e2d320f02d-groupManagement] INFO  server.RaftServerConfigKeys (ConfUtils.java:logGet(46)) - raft.server.log.preallocated.size = 16384 (custom)
2023-10-27 20:14:03,797 [0ef615e1-91db-4ede-b924-53e2d320f02d-groupManagement] INFO  server.RaftServerConfigKeys (ConfUtils.java:logGet(46)) - raft.server.log.force.sync.num = 128 (default)
2023-10-27 20:14:03,797 [0ef615e1-91db-4ede-b924-53e2d320f02d-groupManagement] INFO  server.RaftServerConfigKeys (ConfUtils.java:logGet(46)) - raft.server.log.statemachine.data.sync = true (default)
2023-10-27 20:14:03,797 [0ef615e1-91db-4ede-b924-53e2d320f02d-groupManagement] INFO  server.RaftServerConfigKeys (ConfUtils.java:logGet(46)) - raft.server.log.statemachine.data.sync.timeout = 10s (default)
2023-10-27 20:14:03,797 [0ef615e1-91db-4ede-b924-53e2d320f02d-groupManagement] INFO  server.RaftServerConfigKeys (ConfUtils.java:logGet(46)) - raft.server.log.statemachine.data.sync.timeout.retry = -1 (default)
2023-10-27 20:14:03,799 [0ef615e1-91db-4ede-b924-53e2d320f02d-groupManagement] INFO  server.RaftServerConfigKeys (ConfUtils.java:logGet(46)) - raft.server.log.write.buffer.size = 1048576 (custom)
2023-10-27 20:14:03,799 [0ef615e1-91db-4ede-b924-53e2d320f02d-groupManagement] INFO  server.RaftServerConfigKeys (ConfUtils.java:logGet(46)) - raft.server.log.appender.buffer.byte-limit = 33554432 (custom)
2023-10-27 20:14:03,810 [0ef615e1-91db-4ede-b924-53e2d320f02d-groupManagement] INFO  server.RaftServerConfigKeys (ConfUtils.java:logGet(46)) - raft.server.log.unsafe-flush.enabled = false (default)
2023-10-27 20:14:03,811 [0ef615e1-91db-4ede-b924-53e2d320f02d-groupManagement] INFO  server.RaftServerConfigKeys (ConfUtils.java:logGet(46)) - raft.server.log.async-flush.enabled = false (default)
2023-10-27 20:14:03,811 [0ef615e1-91db-4ede-b924-53e2d320f02d-groupManagement] INFO  server.RaftServerConfigKeys (ConfUtils.java:logGet(46)) - raft.server.log.statemachine.data.caching.enabled = true (custom)
2023-10-27 20:14:03,811 [0ef615e1-91db-4ede-b924-53e2d320f02d-groupManagement] INFO  segmented.SegmentedRaftLogWorker (SegmentedRaftLogWorker.java:lambda$new$0(135)) - 0ef615e1-91db-4ede-b924-53e2d320f02d@group-DB510C58C202-SegmentedRaftLogWorker: flushIndex: setUnconditionally 0 -> -1
2023-10-27 20:14:03,811 [0ef615e1-91db-4ede-b924-53e2d320f02d-groupManagement] INFO  segmented.SegmentedRaftLogWorker (SegmentedRaftLogWorker.java:lambda$new$0(135)) - 0ef615e1-91db-4ede-b924-53e2d320f02d@group-DB510C58C202-SegmentedRaftLogWorker: safeCacheEvictIndex: setUnconditionally 0 -> -1
2023-10-27 20:14:03,812 [0ef615e1-91db-4ede-b924-53e2d320f02d-groupManagement] INFO  server.RaftServer$Division (RaftServerImpl.java:start(342)) - 0ef615e1-91db-4ede-b924-53e2d320f02d@group-DB510C58C202: start as a follower, conf=-1: peers:[0ef615e1-91db-4ede-b924-53e2d320f02d|rpc:10.1.0.32:15023|admin:10.1.0.32:15022|client:10.1.0.32:15021|dataStream:10.1.0.32:15024|priority:1|startupRole:FOLLOWER]|listeners:[], old=null
2023-10-27 20:14:03,812 [0ef615e1-91db-4ede-b924-53e2d320f02d-groupManagement] INFO  server.RaftServer$Division (RaftServerImpl.java:setRole(329)) - 0ef615e1-91db-4ede-b924-53e2d320f02d@group-DB510C58C202: changes role from      null to FOLLOWER at term 0 for startAsFollower
2023-10-27 20:14:03,812 [0ef615e1-91db-4ede-b924-53e2d320f02d-groupManagement] INFO  impl.RoleInfo (RoleInfo.java:updateAndGet(139)) - 0ef615e1-91db-4ede-b924-53e2d320f02d: start 0ef615e1-91db-4ede-b924-53e2d320f02d@group-DB510C58C202-FollowerState
2023-10-27 20:14:03,813 [0ef615e1-91db-4ede-b924-53e2d320f02d@group-DB510C58C202-FollowerState] INFO  server.RaftServerConfigKeys (ConfUtils.java:logFallback(53)) - raft.server.rpc.first-election.timeout.min = 5s (fallback to raft.server.rpc.timeout.min)
2023-10-27 20:14:03,813 [0ef615e1-91db-4ede-b924-53e2d320f02d@group-DB510C58C202-FollowerState] INFO  server.RaftServerConfigKeys (ConfUtils.java:logFallback(53)) - raft.server.rpc.first-election.timeout.max = 5200ms (fallback to raft.server.rpc.timeout.max)
2023-10-27 20:14:03,812 [0ef615e1-91db-4ede-b924-53e2d320f02d-groupManagement] INFO  util.JmxRegister (JmxRegister.java:tryRegister(44)) - Successfully registered JMX Bean with object name Ratis:service=RaftServer,group=group-DB510C58C202,id=0ef615e1-91db-4ede-b924-53e2d320f02d
2023-10-27 20:14:03,819 [0ef615e1-91db-4ede-b924-53e2d320f02d-groupManagement] INFO  server.RaftServerConfigKeys (ConfUtils.java:logGet(46)) - raft.server.snapshot.auto.trigger.enabled = true (custom)
2023-10-27 20:14:03,820 [0ef615e1-91db-4ede-b924-53e2d320f02d-groupManagement] INFO  server.RaftServerConfigKeys (ConfUtils.java:logGet(46)) - raft.server.snapshot.auto.trigger.threshold = 10000 (custom)
2023-10-27 20:14:03,820 [0ef615e1-91db-4ede-b924-53e2d320f02d-groupManagement] INFO  server.RaftServerConfigKeys (ConfUtils.java:logGet(46)) - raft.server.snapshot.retention.file.num = 5 (custom)
2023-10-27 20:14:03,820 [0ef615e1-91db-4ede-b924-53e2d320f02d-groupManagement] INFO  server.RaftServerConfigKeys (ConfUtils.java:logGet(46)) - raft.server.log.purge.upto.snapshot.index = false (default)
2023-10-27 20:14:03,822 [0ef615e1-91db-4ede-b924-53e2d320f02d-PipelineCommandHandlerThread-0] INFO  ratis.XceiverServerRatis (XceiverServerRatis.java:addGroup(805)) - Created group PipelineID=df5efd5f-9425-49d8-b564-db510c58c202
2023-10-27 20:14:03,822 [0ef615e1-91db-4ede-b924-53e2d320f02d-PipelineCommandHandlerThread-0] INFO  commandhandler.CreatePipelineCommandHandler (CreatePipelineCommandHandler.java:lambda$handle$2(124)) - Created Pipeline RATIS ONE PipelineID=df5efd5f-9425-49d8-b564-db510c58c202.
2023-10-27 20:14:03,841 [0ef615e1-91db-4ede-b924-53e2d320f02d-PipelineCommandHandlerThread-0] INFO  server.RaftServer (RaftServerProxy.java:addNew(98)) - 0ef615e1-91db-4ede-b924-53e2d320f02d: addNew group-1D3807242C29:[94422c73-384a-4d9a-a15d-46d9f5b840aa|rpc:10.1.0.32:15014|admin:10.1.0.32:15013|client:10.1.0.32:15012|dataStream:10.1.0.32:15015|priority:0|startupRole:FOLLOWER, 66ee3698-ded8-430f-8ecd-27f356af6e45|rpc:10.1.0.32:15032|admin:10.1.0.32:15031|client:10.1.0.32:15030|dataStream:10.1.0.32:15033|priority:1|startupRole:FOLLOWER, 0ef615e1-91db-4ede-b924-53e2d320f02d|rpc:10.1.0.32:15023|admin:10.1.0.32:15022|client:10.1.0.32:15021|dataStream:10.1.0.32:15024|priority:0|startupRole:FOLLOWER] returns group-1D3807242C29:java.util.concurrent.CompletableFuture@65a90ef8[Not completed]
2023-10-27 20:14:03,842 [0ef615e1-91db-4ede-b924-53e2d320f02d-groupManagement] INFO  server.RaftServer$Division (RaftServerImpl.java:<init>(198)) - 0ef615e1-91db-4ede-b924-53e2d320f02d: new RaftServerImpl for group-1D3807242C29:[94422c73-384a-4d9a-a15d-46d9f5b840aa|rpc:10.1.0.32:15014|admin:10.1.0.32:15013|client:10.1.0.32:15012|dataStream:10.1.0.32:15015|priority:0|startupRole:FOLLOWER, 66ee3698-ded8-430f-8ecd-27f356af6e45|rpc:10.1.0.32:15032|admin:10.1.0.32:15031|client:10.1.0.32:15030|dataStream:10.1.0.32:15033|priority:1|startupRole:FOLLOWER, 0ef615e1-91db-4ede-b924-53e2d320f02d|rpc:10.1.0.32:15023|admin:10.1.0.32:15022|client:10.1.0.32:15021|dataStream:10.1.0.32:15024|priority:0|startupRole:FOLLOWER] with ContainerStateMachine:uninitialized
2023-10-27 20:14:03,843 [0ef615e1-91db-4ede-b924-53e2d320f02d-groupManagement] INFO  server.RaftServerConfigKeys (ConfUtils.java:logGet(46)) - raft.server.rpc.timeout.min = 5s (custom)
2023-10-27 20:14:03,843 [0ef615e1-91db-4ede-b924-53e2d320f02d-groupManagement] INFO  server.RaftServerConfigKeys (ConfUtils.java:logGet(46)) - raft.server.rpc.timeout.max = 5200ms (custom)
2023-10-27 20:14:03,843 [0ef615e1-91db-4ede-b924-53e2d320f02d-groupManagement] INFO  server.RaftServerConfigKeys (ConfUtils.java:logGet(46)) - raft.server.rpc.sleep.time = 25ms (default)
2023-10-27 20:14:03,843 [0ef615e1-91db-4ede-b924-53e2d320f02d-groupManagement] INFO  server.RaftServerConfigKeys (ConfUtils.java:logGet(46)) - raft.server.rpc.slowness.timeout = 300s (custom)
2023-10-27 20:14:03,843 [0ef615e1-91db-4ede-b924-53e2d320f02d-groupManagement] INFO  server.RaftServerConfigKeys (ConfUtils.java:logGet(46)) - raft.server.leaderelection.leader.step-down.wait-time = 10s (default)
2023-10-27 20:14:03,843 [0ef615e1-91db-4ede-b924-53e2d320f02d-groupManagement] INFO  server.RaftServerConfigKeys (ConfUtils.java:logGet(46)) - raft.server.sleep.deviation.threshold = 300ms (default)
2023-10-27 20:14:03,843 [0ef615e1-91db-4ede-b924-53e2d320f02d-groupManagement] INFO  server.RaftServer$Division (ServerState.java:<init>(120)) - 0ef615e1-91db-4ede-b924-53e2d320f02d@group-1D3807242C29: ConfigurationManager, init=-1: peers:[94422c73-384a-4d9a-a15d-46d9f5b840aa|rpc:10.1.0.32:15014|admin:10.1.0.32:15013|client:10.1.0.32:15012|dataStream:10.1.0.32:15015|priority:0|startupRole:FOLLOWER, 66ee3698-ded8-430f-8ecd-27f356af6e45|rpc:10.1.0.32:15032|admin:10.1.0.32:15031|client:10.1.0.32:15030|dataStream:10.1.0.32:15033|priority:1|startupRole:FOLLOWER, 0ef615e1-91db-4ede-b924-53e2d320f02d|rpc:10.1.0.32:15023|admin:10.1.0.32:15022|client:10.1.0.32:15021|dataStream:10.1.0.32:15024|priority:0|startupRole:FOLLOWER]|listeners:[], old=null, confs=<EMPTY_MAP>
2023-10-27 20:14:03,843 [0ef615e1-91db-4ede-b924-53e2d320f02d-groupManagement] INFO  server.RaftServerConfigKeys (ConfUtils.java:logGet(46)) - raft.server.storage.dir = [/home/runner/work/ozone/ozone/hadoop-ozone/integration-test/target/test-dir/MiniOzoneClusterImpl-60426a9d-3de2-4373-b08b-24a22c9da129/datanode-1/data/ratis] (custom)
2023-10-27 20:14:03,844 [0ef615e1-91db-4ede-b924-53e2d320f02d-groupManagement] INFO  server.RaftServerConfigKeys (ConfUtils.java:logGet(46)) - raft.server.log.corruption.policy = EXCEPTION (default)
2023-10-27 20:14:03,844 [0ef615e1-91db-4ede-b924-53e2d320f02d-groupManagement] INFO  server.RaftServerConfigKeys (ConfUtils.java:logGet(46)) - raft.server.storage.free-space.min = 0MB (=0) (default)
2023-10-27 20:14:03,844 [0ef615e1-91db-4ede-b924-53e2d320f02d-groupManagement] INFO  server.RaftServerConfigKeys (ConfUtils.java:logGet(46)) - raft.server.notification.no-leader.timeout = 300s (custom)
2023-10-27 20:14:03,844 [0ef615e1-91db-4ede-b924-53e2d320f02d-groupManagement] INFO  server.RaftServerConfigKeys (ConfUtils.java:logGet(46)) - raft.server.read.timeout = 10s (default)
2023-10-27 20:14:03,844 [0ef615e1-91db-4ede-b924-53e2d320f02d-groupManagement] INFO  server.RaftServerConfigKeys (ConfUtils.java:logGet(46)) - raft.server.retrycache.expirytime = 600000ms (custom)
2023-10-27 20:14:03,844 [0ef615e1-91db-4ede-b924-53e2d320f02d-groupManagement] INFO  server.RaftServerConfigKeys (ConfUtils.java:logGet(46)) - raft.server.retrycache.statistics.expirytime = 100μs (default)
2023-10-27 20:14:03,844 [0ef615e1-91db-4ede-b924-53e2d320f02d-groupManagement] INFO  server.RaftServerConfigKeys (ConfUtils.java:logGet(46)) - raft.server.read.option = DEFAULT (default)
2023-10-27 20:14:03,847 [0ef615e1-91db-4ede-b924-53e2d320f02d-groupManagement] INFO  server.RaftServerConfigKeys (ConfUtils.java:logGet(46)) - raft.server.rpc.request.timeout = 60s (custom)
2023-10-27 20:14:03,847 [0ef615e1-91db-4ede-b924-53e2d320f02d-groupManagement] INFO  server.RaftServerConfigKeys (ConfUtils.java:logGet(46)) - raft.server.log.appender.install.snapshot.enabled = false (custom)
2023-10-27 20:14:03,847 [0ef615e1-91db-4ede-b924-53e2d320f02d-groupManagement] INFO  server.RaftServerConfigKeys (ConfUtils.java:logGet(46)) - raft.server.threadpool.server.cached = true (default)
2023-10-27 20:14:03,847 [0ef615e1-91db-4ede-b924-53e2d320f02d-groupManagement] INFO  server.RaftServerConfigKeys (ConfUtils.java:logGet(46)) - raft.server.threadpool.server.size = 0 (default)
2023-10-27 20:14:03,847 [0ef615e1-91db-4ede-b924-53e2d320f02d-groupManagement] INFO  server.RaftServerConfigKeys (ConfUtils.java:logGet(46)) - raft.server.threadpool.client.cached = true (default)
2023-10-27 20:14:03,847 [0ef615e1-91db-4ede-b924-53e2d320f02d-groupManagement] INFO  server.RaftServerConfigKeys (ConfUtils.java:logGet(46)) - raft.server.threadpool.client.size = 0 (default)
2023-10-27 20:14:03,848 [0ef615e1-91db-4ede-b924-53e2d320f02d-groupManagement] INFO  storage.RaftStorageDirectory (RaftStorageDirectoryImpl.java:analyzeStorage(137)) - The storage directory /home/runner/work/ozone/ozone/hadoop-ozone/integration-test/target/test-dir/MiniOzoneClusterImpl-60426a9d-3de2-4373-b08b-24a22c9da129/datanode-1/data/ratis/7a06d3e7-5cd1-4269-a48c-1d3807242c29 does not exist. Creating ...
2023-10-27 20:14:03,853 [0ef615e1-91db-4ede-b924-53e2d320f02d-groupManagement] INFO  storage.RaftStorageDirectory (RaftStorageDirectoryImpl.java:tryLock(231)) - Lock on /home/runner/work/ozone/ozone/hadoop-ozone/integration-test/target/test-dir/MiniOzoneClusterImpl-60426a9d-3de2-4373-b08b-24a22c9da129/datanode-1/data/ratis/7a06d3e7-5cd1-4269-a48c-1d3807242c29/in_use.lock acquired by nodename 14569@fv-az342-943
2023-10-27 20:14:03,857 [0ef615e1-91db-4ede-b924-53e2d320f02d-groupManagement] INFO  storage.RaftStorage (RaftStorageImpl.java:format(96)) - Storage directory /home/runner/work/ozone/ozone/hadoop-ozone/integration-test/target/test-dir/MiniOzoneClusterImpl-60426a9d-3de2-4373-b08b-24a22c9da129/datanode-1/data/ratis/7a06d3e7-5cd1-4269-a48c-1d3807242c29 has been successfully formatted.
2023-10-27 20:14:03,858 [0ef615e1-91db-4ede-b924-53e2d320f02d-groupManagement] INFO  ratis.ContainerStateMachine (ContainerStateMachine.java:loadSnapshot(269)) - group-1D3807242C29: The snapshot info is null. Setting the last applied indexto:(t:0, i:~)
2023-10-27 20:14:03,858 [0ef615e1-91db-4ede-b924-53e2d320f02d-groupManagement] INFO  server.RaftServerConfigKeys (ConfUtils.java:logGet(46)) - raft.server.log.use.memory = false (default)
2023-10-27 20:14:03,863 [0ef615e1-91db-4ede-b924-53e2d320f02d-groupManagement] INFO  server.RaftServerConfigKeys (ConfUtils.java:logGet(46)) - raft.server.log.purge.gap = 1000000 (custom)
2023-10-27 20:14:03,863 [0ef615e1-91db-4ede-b924-53e2d320f02d-groupManagement] INFO  server.RaftServerConfigKeys (ConfUtils.java:logGet(46)) - raft.server.log.appender.buffer.byte-limit = 33554432 (custom)
2023-10-27 20:14:03,863 [0ef615e1-91db-4ede-b924-53e2d320f02d-groupManagement] INFO  server.RaftServerConfigKeys (ConfUtils.java:logGet(46)) - raft.server.log.statemachine.data.read.timeout = 1000ms (default)
2023-10-27 20:14:03,864 [0ef615e1-91db-4ede-b924-53e2d320f02d-groupManagement] INFO  server.RaftServerConfigKeys (ConfUtils.java:logGet(46)) - raft.server.log.purge.preservation.log.num = 0 (default)
2023-10-27 20:14:03,865 [0ef615e1-91db-4ede-b924-53e2d320f02d-groupManagement] INFO  server.RaftServerConfigKeys (ConfUtils.java:logGet(46)) - raft.server.log.segment.size.max = 1048576 (custom)
2023-10-27 20:14:03,871 [EventQueue-OpenPipelineForHealthyPipelineSafeModeRule] INFO  safemode.SCMSafeModeManager (HealthyPipelineSafeModeRule.java:process(137)) - SCM in safe mode. Healthy pipelines reported count is 0, required healthy pipeline reported count is 1
2023-10-27 20:14:03,873 [0ef615e1-91db-4ede-b924-53e2d320f02d-groupManagement] INFO  server.RaftServerConfigKeys (ConfUtils.java:logGet(46)) - raft.server.log.segment.cache.num.max = 2 (custom)
2023-10-27 20:14:03,874 [0ef615e1-91db-4ede-b924-53e2d320f02d-groupManagement] INFO  server.RaftServerConfigKeys (ConfUtils.java:logGet(46)) - raft.server.log.segment.cache.size.max = 200MB (=209715200) (default)
2023-10-27 20:14:03,874 [0ef615e1-91db-4ede-b924-53e2d320f02d-groupManagement] INFO  server.RaftServerConfigKeys (ConfUtils.java:logGet(46)) - raft.server.log.appender.buffer.byte-limit = 33554432 (custom)
2023-10-27 20:14:03,876 [0ef615e1-91db-4ede-b924-53e2d320f02d-groupManagement] INFO  segmented.SegmentedRaftLogWorker (SegmentedRaftLogWorker.java:<init>(188)) - new 0ef615e1-91db-4ede-b924-53e2d320f02d@group-1D3807242C29-SegmentedRaftLogWorker for RaftStorageImpl:Storage Directory /home/runner/work/ozone/ozone/hadoop-ozone/integration-test/target/test-dir/MiniOzoneClusterImpl-60426a9d-3de2-4373-b08b-24a22c9da129/datanode-1/data/ratis/7a06d3e7-5cd1-4269-a48c-1d3807242c29
2023-10-27 20:14:03,877 [0ef615e1-91db-4ede-b924-53e2d320f02d-groupManagement] INFO  server.RaftServerConfigKeys (ConfUtils.java:logGet(46)) - raft.server.log.queue.byte-limit = 4294967296 (custom)
2023-10-27 20:14:03,877 [0ef615e1-91db-4ede-b924-53e2d320f02d-groupManagement] INFO  server.RaftServerConfigKeys (ConfUtils.java:logGet(46)) - raft.server.log.queue.element-limit = 1024 (custom)
2023-10-27 20:14:03,877 [0ef615e1-91db-4ede-b924-53e2d320f02d-groupManagement] INFO  server.RaftServerConfigKeys (ConfUtils.java:logGet(46)) - raft.server.log.segment.size.max = 1048576 (custom)
2023-10-27 20:14:03,878 [0ef615e1-91db-4ede-b924-53e2d320f02d-groupManagement] INFO  server.RaftServerConfigKeys (ConfUtils.java:logGet(46)) - raft.server.log.preallocated.size = 16384 (custom)
2023-10-27 20:14:03,878 [0ef615e1-91db-4ede-b924-53e2d320f02d-groupManagement] INFO  server.RaftServerConfigKeys (ConfUtils.java:logGet(46)) - raft.server.log.force.sync.num = 128 (default)
2023-10-27 20:14:03,879 [0ef615e1-91db-4ede-b924-53e2d320f02d-groupManagement] INFO  server.RaftServerConfigKeys (ConfUtils.java:logGet(46)) - raft.server.log.statemachine.data.sync = true (default)
2023-10-27 20:14:03,879 [0ef615e1-91db-4ede-b924-53e2d320f02d-groupManagement] INFO  server.RaftServerConfigKeys (ConfUtils.java:logGet(46)) - raft.server.log.statemachine.data.sync.timeout = 10s (default)
2023-10-27 20:14:03,880 [0ef615e1-91db-4ede-b924-53e2d320f02d-groupManagement] INFO  server.RaftServerConfigKeys (ConfUtils.java:logGet(46)) - raft.server.log.statemachine.data.sync.timeout.retry = -1 (default)
2023-10-27 20:14:03,883 [0ef615e1-91db-4ede-b924-53e2d320f02d-groupManagement] INFO  server.RaftServerConfigKeys (ConfUtils.java:logGet(46)) - raft.server.log.write.buffer.size = 1048576 (custom)
2023-10-27 20:14:03,888 [0ef615e1-91db-4ede-b924-53e2d320f02d-groupManagement] INFO  server.RaftServerConfigKeys (ConfUtils.java:logGet(46)) - raft.server.log.appender.buffer.byte-limit = 33554432 (custom)
2023-10-27 20:14:03,903 [0ef615e1-91db-4ede-b924-53e2d320f02d-groupManagement] INFO  server.RaftServerConfigKeys (ConfUtils.java:logGet(46)) - raft.server.log.unsafe-flush.enabled = false (default)
2023-10-27 20:14:03,904 [0ef615e1-91db-4ede-b924-53e2d320f02d-groupManagement] INFO  server.RaftServerConfigKeys (ConfUtils.java:logGet(46)) - raft.server.log.async-flush.enabled = false (default)
2023-10-27 20:14:03,905 [0ef615e1-91db-4ede-b924-53e2d320f02d-groupManagement] INFO  server.RaftServerConfigKeys (ConfUtils.java:logGet(46)) - raft.server.log.statemachine.data.caching.enabled = true (custom)
2023-10-27 20:14:03,906 [0ef615e1-91db-4ede-b924-53e2d320f02d-groupManagement] INFO  segmented.SegmentedRaftLogWorker (SegmentedRaftLogWorker.java:lambda$new$0(135)) - 0ef615e1-91db-4ede-b924-53e2d320f02d@group-1D3807242C29-SegmentedRaftLogWorker: flushIndex: setUnconditionally 0 -> -1
2023-10-27 20:14:03,907 [0ef615e1-91db-4ede-b924-53e2d320f02d-groupManagement] INFO  segmented.SegmentedRaftLogWorker (SegmentedRaftLogWorker.java:lambda$new$0(135)) - 0ef615e1-91db-4ede-b924-53e2d320f02d@group-1D3807242C29-SegmentedRaftLogWorker: safeCacheEvictIndex: setUnconditionally 0 -> -1
2023-10-27 20:14:03,908 [0ef615e1-91db-4ede-b924-53e2d320f02d-groupManagement] INFO  server.RaftServer$Division (RaftServerImpl.java:start(342)) - 0ef615e1-91db-4ede-b924-53e2d320f02d@group-1D3807242C29: start as a follower, conf=-1: peers:[94422c73-384a-4d9a-a15d-46d9f5b840aa|rpc:10.1.0.32:15014|admin:10.1.0.32:15013|client:10.1.0.32:15012|dataStream:10.1.0.32:15015|priority:0|startupRole:FOLLOWER, 66ee3698-ded8-430f-8ecd-27f356af6e45|rpc:10.1.0.32:15032|admin:10.1.0.32:15031|client:10.1.0.32:15030|dataStream:10.1.0.32:15033|priority:1|startupRole:FOLLOWER, 0ef615e1-91db-4ede-b924-53e2d320f02d|rpc:10.1.0.32:15023|admin:10.1.0.32:15022|client:10.1.0.32:15021|dataStream:10.1.0.32:15024|priority:0|startupRole:FOLLOWER]|listeners:[], old=null
2023-10-27 20:14:03,908 [0ef615e1-91db-4ede-b924-53e2d320f02d-groupManagement] INFO  server.RaftServer$Division (RaftServerImpl.java:setRole(329)) - 0ef615e1-91db-4ede-b924-53e2d320f02d@group-1D3807242C29: changes role from      null to FOLLOWER at term 0 for startAsFollower
2023-10-27 20:14:03,908 [0ef615e1-91db-4ede-b924-53e2d320f02d-groupManagement] INFO  impl.RoleInfo (RoleInfo.java:updateAndGet(139)) - 0ef615e1-91db-4ede-b924-53e2d320f02d: start 0ef615e1-91db-4ede-b924-53e2d320f02d@group-1D3807242C29-FollowerState
2023-10-27 20:14:03,909 [0ef615e1-91db-4ede-b924-53e2d320f02d-groupManagement] INFO  util.JmxRegister (JmxRegister.java:tryRegister(44)) - Successfully registered JMX Bean with object name Ratis:service=RaftServer,group=group-1D3807242C29,id=0ef615e1-91db-4ede-b924-53e2d320f02d
2023-10-27 20:14:03,909 [0ef615e1-91db-4ede-b924-53e2d320f02d-groupManagement] INFO  server.RaftServerConfigKeys (ConfUtils.java:logGet(46)) - raft.server.snapshot.auto.trigger.enabled = true (custom)
2023-10-27 20:14:03,909 [0ef615e1-91db-4ede-b924-53e2d320f02d-groupManagement] INFO  server.RaftServerConfigKeys (ConfUtils.java:logGet(46)) - raft.server.snapshot.auto.trigger.threshold = 10000 (custom)
2023-10-27 20:14:03,909 [0ef615e1-91db-4ede-b924-53e2d320f02d-groupManagement] INFO  server.RaftServerConfigKeys (ConfUtils.java:logGet(46)) - raft.server.snapshot.retention.file.num = 5 (custom)
2023-10-27 20:14:03,910 [0ef615e1-91db-4ede-b924-53e2d320f02d-groupManagement] INFO  server.RaftServerConfigKeys (ConfUtils.java:logGet(46)) - raft.server.log.purge.upto.snapshot.index = false (default)
2023-10-27 20:14:03,913 [0ef615e1-91db-4ede-b924-53e2d320f02d@group-1D3807242C29-FollowerState] INFO  server.RaftServerConfigKeys (ConfUtils.java:logFallback(53)) - raft.server.rpc.first-election.timeout.min = 5s (fallback to raft.server.rpc.timeout.min)
2023-10-27 20:14:03,919 [0ef615e1-91db-4ede-b924-53e2d320f02d-PipelineCommandHandlerThread-0] INFO  ratis.XceiverServerRatis (XceiverServerRatis.java:addGroup(805)) - Created group PipelineID=7a06d3e7-5cd1-4269-a48c-1d3807242c29
2023-10-27 20:14:03,924 [0ef615e1-91db-4ede-b924-53e2d320f02d@group-1D3807242C29-FollowerState] INFO  server.RaftServerConfigKeys (ConfUtils.java:logFallback(53)) - raft.server.rpc.first-election.timeout.max = 5200ms (fallback to raft.server.rpc.timeout.max)
2023-10-27 20:14:04,043 [66ee3698-ded8-430f-8ecd-27f356af6e45-PipelineCommandHandlerThread-0] INFO  server.RaftServer (RaftServerProxy.java:addNew(98)) - 66ee3698-ded8-430f-8ecd-27f356af6e45: addNew group-BA38D2037C1A:[66ee3698-ded8-430f-8ecd-27f356af6e45|rpc:10.1.0.32:15032|admin:10.1.0.32:15031|client:10.1.0.32:15030|dataStream:10.1.0.32:15033|priority:1|startupRole:FOLLOWER] returns group-BA38D2037C1A:java.util.concurrent.CompletableFuture@422568d8[Not completed]
2023-10-27 20:14:04,048 [66ee3698-ded8-430f-8ecd-27f356af6e45-groupManagement] INFO  server.RaftServer$Division (RaftServerImpl.java:<init>(198)) - 66ee3698-ded8-430f-8ecd-27f356af6e45: new RaftServerImpl for group-BA38D2037C1A:[66ee3698-ded8-430f-8ecd-27f356af6e45|rpc:10.1.0.32:15032|admin:10.1.0.32:15031|client:10.1.0.32:15030|dataStream:10.1.0.32:15033|priority:1|startupRole:FOLLOWER] with ContainerStateMachine:uninitialized
2023-10-27 20:14:04,048 [66ee3698-ded8-430f-8ecd-27f356af6e45-groupManagement] INFO  server.RaftServerConfigKeys (ConfUtils.java:logGet(46)) - raft.server.rpc.timeout.min = 5s (custom)
2023-10-27 20:14:04,048 [66ee3698-ded8-430f-8ecd-27f356af6e45-groupManagement] INFO  server.RaftServerConfigKeys (ConfUtils.java:logGet(46)) - raft.server.rpc.timeout.max = 5200ms (custom)
2023-10-27 20:14:04,048 [66ee3698-ded8-430f-8ecd-27f356af6e45-groupManagement] INFO  server.RaftServerConfigKeys (ConfUtils.java:logGet(46)) - raft.server.rpc.sleep.time = 25ms (default)
2023-10-27 20:14:04,049 [66ee3698-ded8-430f-8ecd-27f356af6e45-groupManagement] INFO  server.RaftServerConfigKeys (ConfUtils.java:logGet(46)) - raft.server.rpc.slowness.timeout = 300s (custom)
2023-10-27 20:14:04,049 [66ee3698-ded8-430f-8ecd-27f356af6e45-groupManagement] INFO  server.RaftServerConfigKeys (ConfUtils.java:logGet(46)) - raft.server.leaderelection.leader.step-down.wait-time = 10s (default)
2023-10-27 20:14:04,049 [66ee3698-ded8-430f-8ecd-27f356af6e45-groupManagement] INFO  server.RaftServerConfigKeys (ConfUtils.java:logGet(46)) - raft.server.sleep.deviation.threshold = 300ms (default)
2023-10-27 20:14:04,049 [66ee3698-ded8-430f-8ecd-27f356af6e45-groupManagement] INFO  server.RaftServer$Division (ServerState.java:<init>(120)) - 66ee3698-ded8-430f-8ecd-27f356af6e45@group-BA38D2037C1A: ConfigurationManager, init=-1: peers:[66ee3698-ded8-430f-8ecd-27f356af6e45|rpc:10.1.0.32:15032|admin:10.1.0.32:15031|client:10.1.0.32:15030|dataStream:10.1.0.32:15033|priority:1|startupRole:FOLLOWER]|listeners:[], old=null, confs=<EMPTY_MAP>
2023-10-27 20:14:04,049 [66ee3698-ded8-430f-8ecd-27f356af6e45-groupManagement] INFO  server.RaftServerConfigKeys (ConfUtils.java:logGet(46)) - raft.server.storage.dir = [/home/runner/work/ozone/ozone/hadoop-ozone/integration-test/target/test-dir/MiniOzoneClusterImpl-60426a9d-3de2-4373-b08b-24a22c9da129/datanode-2/data/ratis] (custom)
2023-10-27 20:14:04,049 [66ee3698-ded8-430f-8ecd-27f356af6e45-groupManagement] INFO  server.RaftServerConfigKeys (ConfUtils.java:logGet(46)) - raft.server.log.corruption.policy = EXCEPTION (default)
2023-10-27 20:14:04,049 [66ee3698-ded8-430f-8ecd-27f356af6e45-groupManagement] INFO  server.RaftServerConfigKeys (ConfUtils.java:logGet(46)) - raft.server.storage.free-space.min = 0MB (=0) (default)
2023-10-27 20:14:04,049 [66ee3698-ded8-430f-8ecd-27f356af6e45-groupManagement] INFO  server.RaftServerConfigKeys (ConfUtils.java:logGet(46)) - raft.server.notification.no-leader.timeout = 300s (custom)
2023-10-27 20:14:04,050 [66ee3698-ded8-430f-8ecd-27f356af6e45-groupManagement] INFO  server.RaftServerConfigKeys (ConfUtils.java:logGet(46)) - raft.server.read.timeout = 10s (default)
2023-10-27 20:14:04,050 [66ee3698-ded8-430f-8ecd-27f356af6e45-groupManagement] INFO  server.RaftServerConfigKeys (ConfUtils.java:logGet(46)) - raft.server.retrycache.expirytime = 600000ms (custom)
2023-10-27 20:14:04,050 [66ee3698-ded8-430f-8ecd-27f356af6e45-groupManagement] INFO  server.RaftServerConfigKeys (ConfUtils.java:logGet(46)) - raft.server.retrycache.statistics.expirytime = 100μs (default)
2023-10-27 20:14:04,050 [66ee3698-ded8-430f-8ecd-27f356af6e45-groupManagement] INFO  server.RaftServerConfigKeys (ConfUtils.java:logGet(46)) - raft.server.read.option = DEFAULT (default)
2023-10-27 20:14:04,055 [66ee3698-ded8-430f-8ecd-27f356af6e45-groupManagement] INFO  server.RaftServerConfigKeys (ConfUtils.java:logGet(46)) - raft.server.rpc.request.timeout = 60s (custom)
2023-10-27 20:14:04,056 [66ee3698-ded8-430f-8ecd-27f356af6e45-groupManagement] INFO  server.RaftServerConfigKeys (ConfUtils.java:logGet(46)) - raft.server.log.appender.install.snapshot.enabled = false (custom)
2023-10-27 20:14:04,056 [66ee3698-ded8-430f-8ecd-27f356af6e45-groupManagement] INFO  server.RaftServerConfigKeys (ConfUtils.java:logGet(46)) - raft.server.threadpool.server.cached = true (default)
2023-10-27 20:14:04,056 [66ee3698-ded8-430f-8ecd-27f356af6e45-groupManagement] INFO  server.RaftServerConfigKeys (ConfUtils.java:logGet(46)) - raft.server.threadpool.server.size = 0 (default)
2023-10-27 20:14:04,056 [66ee3698-ded8-430f-8ecd-27f356af6e45-groupManagement] INFO  server.RaftServerConfigKeys (ConfUtils.java:logGet(46)) - raft.server.threadpool.client.cached = true (default)
2023-10-27 20:14:04,056 [66ee3698-ded8-430f-8ecd-27f356af6e45-groupManagement] INFO  server.RaftServerConfigKeys (ConfUtils.java:logGet(46)) - raft.server.threadpool.client.size = 0 (default)
2023-10-27 20:14:04,057 [66ee3698-ded8-430f-8ecd-27f356af6e45-groupManagement] INFO  storage.RaftStorageDirectory (RaftStorageDirectoryImpl.java:analyzeStorage(137)) - The storage directory /home/runner/work/ozone/ozone/hadoop-ozone/integration-test/target/test-dir/MiniOzoneClusterImpl-60426a9d-3de2-4373-b08b-24a22c9da129/datanode-2/data/ratis/cd002a8f-810b-425b-a739-ba38d2037c1a does not exist. Creating ...
2023-10-27 20:14:04,058 [66ee3698-ded8-430f-8ecd-27f356af6e45-groupManagement] INFO  storage.RaftStorageDirectory (RaftStorageDirectoryImpl.java:tryLock(231)) - Lock on /home/runner/work/ozone/ozone/hadoop-ozone/integration-test/target/test-dir/MiniOzoneClusterImpl-60426a9d-3de2-4373-b08b-24a22c9da129/datanode-2/data/ratis/cd002a8f-810b-425b-a739-ba38d2037c1a/in_use.lock acquired by nodename 14569@fv-az342-943
2023-10-27 20:14:04,069 [66ee3698-ded8-430f-8ecd-27f356af6e45-groupManagement] INFO  storage.RaftStorage (RaftStorageImpl.java:format(96)) - Storage directory /home/runner/work/ozone/ozone/hadoop-ozone/integration-test/target/test-dir/MiniOzoneClusterImpl-60426a9d-3de2-4373-b08b-24a22c9da129/datanode-2/data/ratis/cd002a8f-810b-425b-a739-ba38d2037c1a has been successfully formatted.
2023-10-27 20:14:04,069 [66ee3698-ded8-430f-8ecd-27f356af6e45-groupManagement] INFO  ratis.ContainerStateMachine (ContainerStateMachine.java:loadSnapshot(269)) - group-BA38D2037C1A: The snapshot info is null. Setting the last applied indexto:(t:0, i:~)
2023-10-27 20:14:04,069 [66ee3698-ded8-430f-8ecd-27f356af6e45-groupManagement] INFO  server.RaftServerConfigKeys (ConfUtils.java:logGet(46)) - raft.server.log.use.memory = false (default)
2023-10-27 20:14:04,070 [66ee3698-ded8-430f-8ecd-27f356af6e45-groupManagement] INFO  server.RaftServerConfigKeys (ConfUtils.java:logGet(46)) - raft.server.log.purge.gap = 1000000 (custom)
2023-10-27 20:14:04,070 [66ee3698-ded8-430f-8ecd-27f356af6e45-groupManagement] INFO  server.RaftServerConfigKeys (ConfUtils.java:logGet(46)) - raft.server.log.appender.buffer.byte-limit = 33554432 (custom)
2023-10-27 20:14:04,070 [66ee3698-ded8-430f-8ecd-27f356af6e45-groupManagement] INFO  server.RaftServerConfigKeys (ConfUtils.java:logGet(46)) - raft.server.log.statemachine.data.read.timeout = 1000ms (default)
2023-10-27 20:14:04,075 [66ee3698-ded8-430f-8ecd-27f356af6e45-groupManagement] INFO  server.RaftServerConfigKeys (ConfUtils.java:logGet(46)) - raft.server.log.purge.preservation.log.num = 0 (default)
2023-10-27 20:14:04,077 [EventQueue-PipelineReportForPipelineReportHandler] INFO  pipeline.PipelineReportHandler (PipelineReportHandler.java:processPipelineReport(136)) - Opened pipeline PipelineID=cd002a8f-810b-425b-a739-ba38d2037c1a
2023-10-27 20:14:04,083 [EventQueue-OpenPipelineForHealthyPipelineSafeModeRule] INFO  safemode.SCMSafeModeManager (HealthyPipelineSafeModeRule.java:process(137)) - SCM in safe mode. Healthy pipelines reported count is 0, required healthy pipeline reported count is 1
2023-10-27 20:14:04,083 [66ee3698-ded8-430f-8ecd-27f356af6e45-groupManagement] INFO  server.RaftServerConfigKeys (ConfUtils.java:logGet(46)) - raft.server.log.segment.size.max = 1048576 (custom)
2023-10-27 20:14:04,085 [66ee3698-ded8-430f-8ecd-27f356af6e45-groupManagement] INFO  server.RaftServerConfigKeys (ConfUtils.java:logGet(46)) - raft.server.log.segment.cache.num.max = 2 (custom)
2023-10-27 20:14:04,085 [66ee3698-ded8-430f-8ecd-27f356af6e45-groupManagement] INFO  server.RaftServerConfigKeys (ConfUtils.java:logGet(46)) - raft.server.log.segment.cache.size.max = 200MB (=209715200) (default)
2023-10-27 20:14:04,085 [66ee3698-ded8-430f-8ecd-27f356af6e45-groupManagement] INFO  server.RaftServerConfigKeys (ConfUtils.java:logGet(46)) - raft.server.log.appender.buffer.byte-limit = 33554432 (custom)
2023-10-27 20:14:04,087 [66ee3698-ded8-430f-8ecd-27f356af6e45-groupManagement] INFO  segmented.SegmentedRaftLogWorker (SegmentedRaftLogWorker.java:<init>(188)) - new 66ee3698-ded8-430f-8ecd-27f356af6e45@group-BA38D2037C1A-SegmentedRaftLogWorker for RaftStorageImpl:Storage Directory /home/runner/work/ozone/ozone/hadoop-ozone/integration-test/target/test-dir/MiniOzoneClusterImpl-60426a9d-3de2-4373-b08b-24a22c9da129/datanode-2/data/ratis/cd002a8f-810b-425b-a739-ba38d2037c1a
2023-10-27 20:14:04,087 [66ee3698-ded8-430f-8ecd-27f356af6e45-groupManagement] INFO  server.RaftServerConfigKeys (ConfUtils.java:logGet(46)) - raft.server.log.queue.byte-limit = 4294967296 (custom)
2023-10-27 20:14:04,087 [66ee3698-ded8-430f-8ecd-27f356af6e45-groupManagement] INFO  server.RaftServerConfigKeys (ConfUtils.java:logGet(46)) - raft.server.log.queue.element-limit = 1024 (custom)
2023-10-27 20:14:04,088 [66ee3698-ded8-430f-8ecd-27f356af6e45-groupManagement] INFO  server.RaftServerConfigKeys (ConfUtils.java:logGet(46)) - raft.server.log.segment.size.max = 1048576 (custom)
2023-10-27 20:14:04,088 [66ee3698-ded8-430f-8ecd-27f356af6e45-groupManagement] INFO  server.RaftServerConfigKeys (ConfUtils.java:logGet(46)) - raft.server.log.preallocated.size = 16384 (custom)
2023-10-27 20:14:04,088 [66ee3698-ded8-430f-8ecd-27f356af6e45-groupManagement] INFO  server.RaftServerConfigKeys (ConfUtils.java:logGet(46)) - raft.server.log.force.sync.num = 128 (default)
2023-10-27 20:14:04,089 [66ee3698-ded8-430f-8ecd-27f356af6e45-groupManagement] INFO  server.RaftServerConfigKeys (ConfUtils.java:logGet(46)) - raft.server.log.statemachine.data.sync = true (default)
2023-10-27 20:14:04,089 [66ee3698-ded8-430f-8ecd-27f356af6e45-groupManagement] INFO  server.RaftServerConfigKeys (ConfUtils.java:logGet(46)) - raft.server.log.statemachine.data.sync.timeout = 10s (default)
2023-10-27 20:14:04,090 [66ee3698-ded8-430f-8ecd-27f356af6e45-groupManagement] INFO  server.RaftServerConfigKeys (ConfUtils.java:logGet(46)) - raft.server.log.statemachine.data.sync.timeout.retry = -1 (default)
2023-10-27 20:14:04,098 [66ee3698-ded8-430f-8ecd-27f356af6e45-groupManagement] INFO  server.RaftServerConfigKeys (ConfUtils.java:logGet(46)) - raft.server.log.write.buffer.size = 1048576 (custom)
2023-10-27 20:14:04,101 [66ee3698-ded8-430f-8ecd-27f356af6e45-groupManagement] INFO  server.RaftServerConfigKeys (ConfUtils.java:logGet(46)) - raft.server.log.appender.buffer.byte-limit = 33554432 (custom)
2023-10-27 20:14:04,117 [66ee3698-ded8-430f-8ecd-27f356af6e45-groupManagement] INFO  server.RaftServerConfigKeys (ConfUtils.java:logGet(46)) - raft.server.log.unsafe-flush.enabled = false (default)
2023-10-27 20:14:04,125 [66ee3698-ded8-430f-8ecd-27f356af6e45-groupManagement] INFO  server.RaftServerConfigKeys (ConfUtils.java:logGet(46)) - raft.server.log.async-flush.enabled = false (default)
2023-10-27 20:14:04,127 [66ee3698-ded8-430f-8ecd-27f356af6e45-groupManagement] INFO  server.RaftServerConfigKeys (ConfUtils.java:logGet(46)) - raft.server.log.statemachine.data.caching.enabled = true (custom)
2023-10-27 20:14:04,128 [66ee3698-ded8-430f-8ecd-27f356af6e45-groupManagement] INFO  segmented.SegmentedRaftLogWorker (SegmentedRaftLogWorker.java:lambda$new$0(135)) - 66ee3698-ded8-430f-8ecd-27f356af6e45@group-BA38D2037C1A-SegmentedRaftLogWorker: flushIndex: setUnconditionally 0 -> -1
2023-10-27 20:14:04,132 [66ee3698-ded8-430f-8ecd-27f356af6e45-groupManagement] INFO  segmented.SegmentedRaftLogWorker (SegmentedRaftLogWorker.java:lambda$new$0(135)) - 66ee3698-ded8-430f-8ecd-27f356af6e45@group-BA38D2037C1A-SegmentedRaftLogWorker: safeCacheEvictIndex: setUnconditionally 0 -> -1
2023-10-27 20:14:04,147 [66ee3698-ded8-430f-8ecd-27f356af6e45-groupManagement] INFO  server.RaftServer$Division (RaftServerImpl.java:start(342)) - 66ee3698-ded8-430f-8ecd-27f356af6e45@group-BA38D2037C1A: start as a follower, conf=-1: peers:[66ee3698-ded8-430f-8ecd-27f356af6e45|rpc:10.1.0.32:15032|admin:10.1.0.32:15031|client:10.1.0.32:15030|dataStream:10.1.0.32:15033|priority:1|startupRole:FOLLOWER]|listeners:[], old=null
2023-10-27 20:14:04,147 [66ee3698-ded8-430f-8ecd-27f356af6e45-groupManagement] INFO  server.RaftServer$Division (RaftServerImpl.java:setRole(329)) - 66ee3698-ded8-430f-8ecd-27f356af6e45@group-BA38D2037C1A: changes role from      null to FOLLOWER at term 0 for startAsFollower
2023-10-27 20:14:04,147 [66ee3698-ded8-430f-8ecd-27f356af6e45-groupManagement] INFO  impl.RoleInfo (RoleInfo.java:updateAndGet(139)) - 66ee3698-ded8-430f-8ecd-27f356af6e45: start 66ee3698-ded8-430f-8ecd-27f356af6e45@group-BA38D2037C1A-FollowerState
2023-10-27 20:14:04,152 [main] INFO  ozone.MiniOzoneClusterImpl (MiniOzoneClusterImpl.java:lambda$waitForClusterToBeReady$0(229)) - Nodes are ready. Got 10 of 10 DN Heartbeats.
2023-10-27 20:14:04,153 [main] INFO  ozone.MiniOzoneClusterImpl (MiniOzoneClusterImpl.java:lambda$waitForClusterToBeReady$0(232)) - Waiting for cluster to exit safe mode
2023-10-27 20:14:04,153 [main] INFO  ozone.MiniOzoneClusterImpl (MiniOzoneClusterImpl.java:lambda$waitForClusterToBeReady$0(234)) - SCM became leader
2023-10-27 20:14:04,168 [66ee3698-ded8-430f-8ecd-27f356af6e45-groupManagement] INFO  util.JmxRegister (JmxRegister.java:tryRegister(44)) - Successfully registered JMX Bean with object name Ratis:service=RaftServer,group=group-BA38D2037C1A,id=66ee3698-ded8-430f-8ecd-27f356af6e45
2023-10-27 20:14:04,170 [66ee3698-ded8-430f-8ecd-27f356af6e45-groupManagement] INFO  server.RaftServerConfigKeys (ConfUtils.java:logGet(46)) - raft.server.snapshot.auto.trigger.enabled = true (custom)
2023-10-27 20:14:04,173 [66ee3698-ded8-430f-8ecd-27f356af6e45-groupManagement] INFO  server.RaftServerConfigKeys (ConfUtils.java:logGet(46)) - raft.server.snapshot.auto.trigger.threshold = 10000 (custom)
2023-10-27 20:14:04,173 [66ee3698-ded8-430f-8ecd-27f356af6e45-groupManagement] INFO  server.RaftServerConfigKeys (ConfUtils.java:logGet(46)) - raft.server.snapshot.retention.file.num = 5 (custom)
2023-10-27 20:14:04,173 [66ee3698-ded8-430f-8ecd-27f356af6e45-groupManagement] INFO  server.RaftServerConfigKeys (ConfUtils.java:logGet(46)) - raft.server.log.purge.upto.snapshot.index = false (default)
2023-10-27 20:14:04,173 [66ee3698-ded8-430f-8ecd-27f356af6e45@group-BA38D2037C1A-FollowerState] INFO  server.RaftServerConfigKeys (ConfUtils.java:logFallback(53)) - raft.server.rpc.first-election.timeout.min = 5s (fallback to raft.server.rpc.timeout.min)
2023-10-27 20:14:04,175 [66ee3698-ded8-430f-8ecd-27f356af6e45@group-BA38D2037C1A-FollowerState] INFO  server.RaftServerConfigKeys (ConfUtils.java:logFallback(53)) - raft.server.rpc.first-election.timeout.max = 5200ms (fallback to raft.server.rpc.timeout.max)
2023-10-27 20:14:04,187 [66ee3698-ded8-430f-8ecd-27f356af6e45-PipelineCommandHandlerThread-0] INFO  ratis.XceiverServerRatis (XceiverServerRatis.java:addGroup(805)) - Created group PipelineID=cd002a8f-810b-425b-a739-ba38d2037c1a
2023-10-27 20:14:04,187 [66ee3698-ded8-430f-8ecd-27f356af6e45-PipelineCommandHandlerThread-0] INFO  commandhandler.CreatePipelineCommandHandler (CreatePipelineCommandHandler.java:lambda$handle$2(124)) - Created Pipeline RATIS ONE PipelineID=cd002a8f-810b-425b-a739-ba38d2037c1a.
2023-10-27 20:14:04,189 [66ee3698-ded8-430f-8ecd-27f356af6e45-PipelineCommandHandlerThread-0] INFO  server.RaftServer (RaftServerProxy.java:addNew(98)) - 66ee3698-ded8-430f-8ecd-27f356af6e45: addNew group-1D3807242C29:[94422c73-384a-4d9a-a15d-46d9f5b840aa|rpc:10.1.0.32:15014|admin:10.1.0.32:15013|client:10.1.0.32:15012|dataStream:10.1.0.32:15015|priority:0|startupRole:FOLLOWER, 66ee3698-ded8-430f-8ecd-27f356af6e45|rpc:10.1.0.32:15032|admin:10.1.0.32:15031|client:10.1.0.32:15030|dataStream:10.1.0.32:15033|priority:1|startupRole:FOLLOWER, 0ef615e1-91db-4ede-b924-53e2d320f02d|rpc:10.1.0.32:15023|admin:10.1.0.32:15022|client:10.1.0.32:15021|dataStream:10.1.0.32:15024|priority:0|startupRole:FOLLOWER] returns group-1D3807242C29:java.util.concurrent.CompletableFuture@461ae444[Not completed]
2023-10-27 20:14:04,198 [66ee3698-ded8-430f-8ecd-27f356af6e45-groupManagement] INFO  server.RaftServer$Division (RaftServerImpl.java:<init>(198)) - 66ee3698-ded8-430f-8ecd-27f356af6e45: new RaftServerImpl for group-1D3807242C29:[94422c73-384a-4d9a-a15d-46d9f5b840aa|rpc:10.1.0.32:15014|admin:10.1.0.32:15013|client:10.1.0.32:15012|dataStream:10.1.0.32:15015|priority:0|startupRole:FOLLOWER, 66ee3698-ded8-430f-8ecd-27f356af6e45|rpc:10.1.0.32:15032|admin:10.1.0.32:15031|client:10.1.0.32:15030|dataStream:10.1.0.32:15033|priority:1|startupRole:FOLLOWER, 0ef615e1-91db-4ede-b924-53e2d320f02d|rpc:10.1.0.32:15023|admin:10.1.0.32:15022|client:10.1.0.32:15021|dataStream:10.1.0.32:15024|priority:0|startupRole:FOLLOWER] with ContainerStateMachine:uninitialized
2023-10-27 20:14:04,198 [66ee3698-ded8-430f-8ecd-27f356af6e45-groupManagement] INFO  server.RaftServerConfigKeys (ConfUtils.java:logGet(46)) - raft.server.rpc.timeout.min = 5s (custom)
2023-10-27 20:14:04,199 [66ee3698-ded8-430f-8ecd-27f356af6e45-groupManagement] INFO  server.RaftServerConfigKeys (ConfUtils.java:logGet(46)) - raft.server.rpc.timeout.max = 5200ms (custom)
2023-10-27 20:14:04,199 [66ee3698-ded8-430f-8ecd-27f356af6e45-groupManagement] INFO  server.RaftServerConfigKeys (ConfUtils.java:logGet(46)) - raft.server.rpc.sleep.time = 25ms (default)
2023-10-27 20:14:04,200 [66ee3698-ded8-430f-8ecd-27f356af6e45-groupManagement] INFO  server.RaftServerConfigKeys (ConfUtils.java:logGet(46)) - raft.server.rpc.slowness.timeout = 300s (custom)
2023-10-27 20:14:04,201 [66ee3698-ded8-430f-8ecd-27f356af6e45-groupManagement] INFO  server.RaftServerConfigKeys (ConfUtils.java:logGet(46)) - raft.server.leaderelection.leader.step-down.wait-time = 10s (default)
2023-10-27 20:14:04,201 [66ee3698-ded8-430f-8ecd-27f356af6e45-groupManagement] INFO  server.RaftServerConfigKeys (ConfUtils.java:logGet(46)) - raft.server.sleep.deviation.threshold = 300ms (default)
2023-10-27 20:14:04,202 [66ee3698-ded8-430f-8ecd-27f356af6e45-groupManagement] INFO  server.RaftServer$Division (ServerState.java:<init>(120)) - 66ee3698-ded8-430f-8ecd-27f356af6e45@group-1D3807242C29: ConfigurationManager, init=-1: peers:[94422c73-384a-4d9a-a15d-46d9f5b840aa|rpc:10.1.0.32:15014|admin:10.1.0.32:15013|client:10.1.0.32:15012|dataStream:10.1.0.32:15015|priority:0|startupRole:FOLLOWER, 66ee3698-ded8-430f-8ecd-27f356af6e45|rpc:10.1.0.32:15032|admin:10.1.0.32:15031|client:10.1.0.32:15030|dataStream:10.1.0.32:15033|priority:1|startupRole:FOLLOWER, 0ef615e1-91db-4ede-b924-53e2d320f02d|rpc:10.1.0.32:15023|admin:10.1.0.32:15022|client:10.1.0.32:15021|dataStream:10.1.0.32:15024|priority:0|startupRole:FOLLOWER]|listeners:[], old=null, confs=<EMPTY_MAP>
2023-10-27 20:14:04,202 [66ee3698-ded8-430f-8ecd-27f356af6e45-groupManagement] INFO  server.RaftServerConfigKeys (ConfUtils.java:logGet(46)) - raft.server.storage.dir = [/home/runner/work/ozone/ozone/hadoop-ozone/integration-test/target/test-dir/MiniOzoneClusterImpl-60426a9d-3de2-4373-b08b-24a22c9da129/datanode-2/data/ratis] (custom)
2023-10-27 20:14:04,203 [66ee3698-ded8-430f-8ecd-27f356af6e45-groupManagement] INFO  server.RaftServerConfigKeys (ConfUtils.java:logGet(46)) - raft.server.log.corruption.policy = EXCEPTION (default)
2023-10-27 20:14:04,204 [66ee3698-ded8-430f-8ecd-27f356af6e45-groupManagement] INFO  server.RaftServerConfigKeys (ConfUtils.java:logGet(46)) - raft.server.storage.free-space.min = 0MB (=0) (default)
2023-10-27 20:14:04,204 [66ee3698-ded8-430f-8ecd-27f356af6e45-groupManagement] INFO  server.RaftServerConfigKeys (ConfUtils.java:logGet(46)) - raft.server.notification.no-leader.timeout = 300s (custom)
2023-10-27 20:14:04,205 [66ee3698-ded8-430f-8ecd-27f356af6e45-groupManagement] INFO  server.RaftServerConfigKeys (ConfUtils.java:logGet(46)) - raft.server.read.timeout = 10s (default)
2023-10-27 20:14:04,205 [66ee3698-ded8-430f-8ecd-27f356af6e45-groupManagement] INFO  server.RaftServerConfigKeys (ConfUtils.java:logGet(46)) - raft.server.retrycache.expirytime = 600000ms (custom)
2023-10-27 20:14:04,206 [66ee3698-ded8-430f-8ecd-27f356af6e45-groupManagement] INFO  server.RaftServerConfigKeys (ConfUtils.java:logGet(46)) - raft.server.retrycache.statistics.expirytime = 100μs (default)
2023-10-27 20:14:04,206 [66ee3698-ded8-430f-8ecd-27f356af6e45-groupManagement] INFO  server.RaftServerConfigKeys (ConfUtils.java:logGet(46)) - raft.server.read.option = DEFAULT (default)
2023-10-27 20:14:04,210 [66ee3698-ded8-430f-8ecd-27f356af6e45-groupManagement] INFO  server.RaftServerConfigKeys (ConfUtils.java:logGet(46)) - raft.server.rpc.request.timeout = 60s (custom)
2023-10-27 20:14:04,210 [66ee3698-ded8-430f-8ecd-27f356af6e45-groupManagement] INFO  server.RaftServerConfigKeys (ConfUtils.java:logGet(46)) - raft.server.log.appender.install.snapshot.enabled = false (custom)
2023-10-27 20:14:04,211 [66ee3698-ded8-430f-8ecd-27f356af6e45-groupManagement] INFO  server.RaftServerConfigKeys (ConfUtils.java:logGet(46)) - raft.server.threadpool.server.cached = true (default)
2023-10-27 20:14:04,211 [66ee3698-ded8-430f-8ecd-27f356af6e45-groupManagement] INFO  server.RaftServerConfigKeys (ConfUtils.java:logGet(46)) - raft.server.threadpool.server.size = 0 (default)
2023-10-27 20:14:04,212 [66ee3698-ded8-430f-8ecd-27f356af6e45-groupManagement] INFO  server.RaftServerConfigKeys (ConfUtils.java:logGet(46)) - raft.server.threadpool.client.cached = true (default)
2023-10-27 20:14:04,213 [66ee3698-ded8-430f-8ecd-27f356af6e45-groupManagement] INFO  server.RaftServerConfigKeys (ConfUtils.java:logGet(46)) - raft.server.threadpool.client.size = 0 (default)
2023-10-27 20:14:04,214 [66ee3698-ded8-430f-8ecd-27f356af6e45-groupManagement] INFO  storage.RaftStorageDirectory (RaftStorageDirectoryImpl.java:analyzeStorage(137)) - The storage directory /home/runner/work/ozone/ozone/hadoop-ozone/integration-test/target/test-dir/MiniOzoneClusterImpl-60426a9d-3de2-4373-b08b-24a22c9da129/datanode-2/data/ratis/7a06d3e7-5cd1-4269-a48c-1d3807242c29 does not exist. Creating ...
2023-10-27 20:14:04,221 [66ee3698-ded8-430f-8ecd-27f356af6e45-groupManagement] INFO  storage.RaftStorageDirectory (RaftStorageDirectoryImpl.java:tryLock(231)) - Lock on /home/runner/work/ozone/ozone/hadoop-ozone/integration-test/target/test-dir/MiniOzoneClusterImpl-60426a9d-3de2-4373-b08b-24a22c9da129/datanode-2/data/ratis/7a06d3e7-5cd1-4269-a48c-1d3807242c29/in_use.lock acquired by nodename 14569@fv-az342-943
2023-10-27 20:14:04,237 [66ee3698-ded8-430f-8ecd-27f356af6e45-groupManagement] INFO  storage.RaftStorage (RaftStorageImpl.java:format(96)) - Storage directory /home/runner/work/ozone/ozone/hadoop-ozone/integration-test/target/test-dir/MiniOzoneClusterImpl-60426a9d-3de2-4373-b08b-24a22c9da129/datanode-2/data/ratis/7a06d3e7-5cd1-4269-a48c-1d3807242c29 has been successfully formatted.
2023-10-27 20:14:04,241 [66ee3698-ded8-430f-8ecd-27f356af6e45-groupManagement] INFO  ratis.ContainerStateMachine (ContainerStateMachine.java:loadSnapshot(269)) - group-1D3807242C29: The snapshot info is null. Setting the last applied indexto:(t:0, i:~)
2023-10-27 20:14:04,248 [66ee3698-ded8-430f-8ecd-27f356af6e45-groupManagement] INFO  server.RaftServerConfigKeys (ConfUtils.java:logGet(46)) - raft.server.log.use.memory = false (default)
2023-10-27 20:14:04,248 [66ee3698-ded8-430f-8ecd-27f356af6e45-groupManagement] INFO  server.RaftServerConfigKeys (ConfUtils.java:logGet(46)) - raft.server.log.purge.gap = 1000000 (custom)
2023-10-27 20:14:04,248 [66ee3698-ded8-430f-8ecd-27f356af6e45-groupManagement] INFO  server.RaftServerConfigKeys (ConfUtils.java:logGet(46)) - raft.server.log.appender.buffer.byte-limit = 33554432 (custom)
2023-10-27 20:14:04,249 [66ee3698-ded8-430f-8ecd-27f356af6e45-groupManagement] INFO  server.RaftServerConfigKeys (ConfUtils.java:logGet(46)) - raft.server.log.statemachine.data.read.timeout = 1000ms (default)
2023-10-27 20:14:04,249 [66ee3698-ded8-430f-8ecd-27f356af6e45-groupManagement] INFO  server.RaftServerConfigKeys (ConfUtils.java:logGet(46)) - raft.server.log.purge.preservation.log.num = 0 (default)
2023-10-27 20:14:04,249 [66ee3698-ded8-430f-8ecd-27f356af6e45-groupManagement] INFO  server.RaftServerConfigKeys (ConfUtils.java:logGet(46)) - raft.server.log.segment.size.max = 1048576 (custom)
2023-10-27 20:14:04,250 [66ee3698-ded8-430f-8ecd-27f356af6e45-groupManagement] INFO  server.RaftServerConfigKeys (ConfUtils.java:logGet(46)) - raft.server.log.segment.cache.num.max = 2 (custom)
2023-10-27 20:14:04,250 [66ee3698-ded8-430f-8ecd-27f356af6e45-groupManagement] INFO  server.RaftServerConfigKeys (ConfUtils.java:logGet(46)) - raft.server.log.segment.cache.size.max = 200MB (=209715200) (default)
2023-10-27 20:14:04,250 [66ee3698-ded8-430f-8ecd-27f356af6e45-groupManagement] INFO  server.RaftServerConfigKeys (ConfUtils.java:logGet(46)) - raft.server.log.appender.buffer.byte-limit = 33554432 (custom)
2023-10-27 20:14:04,250 [66ee3698-ded8-430f-8ecd-27f356af6e45-groupManagement] INFO  segmented.SegmentedRaftLogWorker (SegmentedRaftLogWorker.java:<init>(188)) - new 66ee3698-ded8-430f-8ecd-27f356af6e45@group-1D3807242C29-SegmentedRaftLogWorker for RaftStorageImpl:Storage Directory /home/runner/work/ozone/ozone/hadoop-ozone/integration-test/target/test-dir/MiniOzoneClusterImpl-60426a9d-3de2-4373-b08b-24a22c9da129/datanode-2/data/ratis/7a06d3e7-5cd1-4269-a48c-1d3807242c29
2023-10-27 20:14:04,250 [66ee3698-ded8-430f-8ecd-27f356af6e45-groupManagement] INFO  server.RaftServerConfigKeys (ConfUtils.java:logGet(46)) - raft.server.log.queue.byte-limit = 4294967296 (custom)
2023-10-27 20:14:04,250 [66ee3698-ded8-430f-8ecd-27f356af6e45-groupManagement] INFO  server.RaftServerConfigKeys (ConfUtils.java:logGet(46)) - raft.server.log.queue.element-limit = 1024 (custom)
2023-10-27 20:14:04,254 [66ee3698-ded8-430f-8ecd-27f356af6e45-groupManagement] INFO  server.RaftServerConfigKeys (ConfUtils.java:logGet(46)) - raft.server.log.segment.size.max = 1048576 (custom)
2023-10-27 20:14:04,261 [66ee3698-ded8-430f-8ecd-27f356af6e45-groupManagement] INFO  server.RaftServerConfigKeys (ConfUtils.java:logGet(46)) - raft.server.log.preallocated.size = 16384 (custom)
2023-10-27 20:14:04,262 [66ee3698-ded8-430f-8ecd-27f356af6e45-groupManagement] INFO  server.RaftServerConfigKeys (ConfUtils.java:logGet(46)) - raft.server.log.force.sync.num = 128 (default)
2023-10-27 20:14:04,262 [66ee3698-ded8-430f-8ecd-27f356af6e45-groupManagement] INFO  server.RaftServerConfigKeys (ConfUtils.java:logGet(46)) - raft.server.log.statemachine.data.sync = true (default)
2023-10-27 20:14:04,262 [66ee3698-ded8-430f-8ecd-27f356af6e45-groupManagement] INFO  server.RaftServerConfigKeys (ConfUtils.java:logGet(46)) - raft.server.log.statemachine.data.sync.timeout = 10s (default)
2023-10-27 20:14:04,258 [EventQueue-OpenPipelineForHealthyPipelineSafeModeRule] INFO  safemode.SCMSafeModeManager (HealthyPipelineSafeModeRule.java:process(137)) - SCM in safe mode. Healthy pipelines reported count is 0, required healthy pipeline reported count is 1
2023-10-27 20:14:04,262 [66ee3698-ded8-430f-8ecd-27f356af6e45-groupManagement] INFO  server.RaftServerConfigKeys (ConfUtils.java:logGet(46)) - raft.server.log.statemachine.data.sync.timeout.retry = -1 (default)
2023-10-27 20:14:04,280 [66ee3698-ded8-430f-8ecd-27f356af6e45-groupManagement] INFO  server.RaftServerConfigKeys (ConfUtils.java:logGet(46)) - raft.server.log.write.buffer.size = 1048576 (custom)
2023-10-27 20:14:04,281 [66ee3698-ded8-430f-8ecd-27f356af6e45-groupManagement] INFO  server.RaftServerConfigKeys (ConfUtils.java:logGet(46)) - raft.server.log.appender.buffer.byte-limit = 33554432 (custom)
2023-10-27 20:14:04,294 [66ee3698-ded8-430f-8ecd-27f356af6e45-groupManagement] INFO  server.RaftServerConfigKeys (ConfUtils.java:logGet(46)) - raft.server.log.unsafe-flush.enabled = false (default)
2023-10-27 20:14:04,294 [66ee3698-ded8-430f-8ecd-27f356af6e45-groupManagement] INFO  server.RaftServerConfigKeys (ConfUtils.java:logGet(46)) - raft.server.log.async-flush.enabled = false (default)
2023-10-27 20:14:04,294 [66ee3698-ded8-430f-8ecd-27f356af6e45-groupManagement] INFO  server.RaftServerConfigKeys (ConfUtils.java:logGet(46)) - raft.server.log.statemachine.data.caching.enabled = true (custom)
2023-10-27 20:14:04,294 [66ee3698-ded8-430f-8ecd-27f356af6e45-groupManagement] INFO  segmented.SegmentedRaftLogWorker (SegmentedRaftLogWorker.java:lambda$new$0(135)) - 66ee3698-ded8-430f-8ecd-27f356af6e45@group-1D3807242C29-SegmentedRaftLogWorker: flushIndex: setUnconditionally 0 -> -1
2023-10-27 20:14:04,295 [66ee3698-ded8-430f-8ecd-27f356af6e45-groupManagement] INFO  segmented.SegmentedRaftLogWorker (SegmentedRaftLogWorker.java:lambda$new$0(135)) - 66ee3698-ded8-430f-8ecd-27f356af6e45@group-1D3807242C29-SegmentedRaftLogWorker: safeCacheEvictIndex: setUnconditionally 0 -> -1
2023-10-27 20:14:04,303 [66ee3698-ded8-430f-8ecd-27f356af6e45-groupManagement] INFO  server.RaftServer$Division (RaftServerImpl.java:start(342)) - 66ee3698-ded8-430f-8ecd-27f356af6e45@group-1D3807242C29: start as a follower, conf=-1: peers:[94422c73-384a-4d9a-a15d-46d9f5b840aa|rpc:10.1.0.32:15014|admin:10.1.0.32:15013|client:10.1.0.32:15012|dataStream:10.1.0.32:15015|priority:0|startupRole:FOLLOWER, 66ee3698-ded8-430f-8ecd-27f356af6e45|rpc:10.1.0.32:15032|admin:10.1.0.32:15031|client:10.1.0.32:15030|dataStream:10.1.0.32:15033|priority:1|startupRole:FOLLOWER, 0ef615e1-91db-4ede-b924-53e2d320f02d|rpc:10.1.0.32:15023|admin:10.1.0.32:15022|client:10.1.0.32:15021|dataStream:10.1.0.32:15024|priority:0|startupRole:FOLLOWER]|listeners:[], old=null
2023-10-27 20:14:04,303 [66ee3698-ded8-430f-8ecd-27f356af6e45-groupManagement] INFO  server.RaftServer$Division (RaftServerImpl.java:setRole(329)) - 66ee3698-ded8-430f-8ecd-27f356af6e45@group-1D3807242C29: changes role from      null to FOLLOWER at term 0 for startAsFollower
2023-10-27 20:14:04,303 [66ee3698-ded8-430f-8ecd-27f356af6e45-groupManagement] INFO  impl.RoleInfo (RoleInfo.java:updateAndGet(139)) - 66ee3698-ded8-430f-8ecd-27f356af6e45: start 66ee3698-ded8-430f-8ecd-27f356af6e45@group-1D3807242C29-FollowerState
2023-10-27 20:14:04,305 [66ee3698-ded8-430f-8ecd-27f356af6e45-groupManagement] INFO  util.JmxRegister (JmxRegister.java:tryRegister(44)) - Successfully registered JMX Bean with object name Ratis:service=RaftServer,group=group-1D3807242C29,id=66ee3698-ded8-430f-8ecd-27f356af6e45
2023-10-27 20:14:04,305 [66ee3698-ded8-430f-8ecd-27f356af6e45-groupManagement] INFO  server.RaftServerConfigKeys (ConfUtils.java:logGet(46)) - raft.server.snapshot.auto.trigger.enabled = true (custom)
2023-10-27 20:14:04,305 [66ee3698-ded8-430f-8ecd-27f356af6e45-groupManagement] INFO  server.RaftServerConfigKeys (ConfUtils.java:logGet(46)) - raft.server.snapshot.auto.trigger.threshold = 10000 (custom)
2023-10-27 20:14:04,305 [66ee3698-ded8-430f-8ecd-27f356af6e45-groupManagement] INFO  server.RaftServerConfigKeys (ConfUtils.java:logGet(46)) - raft.server.snapshot.retention.file.num = 5 (custom)
2023-10-27 20:14:04,305 [66ee3698-ded8-430f-8ecd-27f356af6e45-groupManagement] INFO  server.RaftServerConfigKeys (ConfUtils.java:logGet(46)) - raft.server.log.purge.upto.snapshot.index = false (default)
2023-10-27 20:14:04,306 [66ee3698-ded8-430f-8ecd-27f356af6e45@group-1D3807242C29-FollowerState] INFO  server.RaftServerConfigKeys (ConfUtils.java:logFallback(53)) - raft.server.rpc.first-election.timeout.min = 5s (fallback to raft.server.rpc.timeout.min)
2023-10-27 20:14:04,310 [66ee3698-ded8-430f-8ecd-27f356af6e45@group-1D3807242C29-FollowerState] INFO  server.RaftServerConfigKeys (ConfUtils.java:logFallback(53)) - raft.server.rpc.first-election.timeout.max = 5200ms (fallback to raft.server.rpc.timeout.max)
2023-10-27 20:14:04,310 [3fb99649-c87f-4cc9-b3d9-f5c572ff189c-PipelineCommandHandlerThread-0] INFO  server.RaftServer (RaftServerProxy.java:addNew(98)) - 3fb99649-c87f-4cc9-b3d9-f5c572ff189c: addNew group-8AB99D5E21D8:[3fb99649-c87f-4cc9-b3d9-f5c572ff189c|rpc:10.1.0.32:15041|admin:10.1.0.32:15040|client:10.1.0.32:15039|dataStream:10.1.0.32:15042|priority:1|startupRole:FOLLOWER] returns group-8AB99D5E21D8:java.util.concurrent.CompletableFuture@39490ad1[Not completed]
2023-10-27 20:14:04,312 [3fb99649-c87f-4cc9-b3d9-f5c572ff189c-groupManagement] INFO  server.RaftServer$Division (RaftServerImpl.java:<init>(198)) - 3fb99649-c87f-4cc9-b3d9-f5c572ff189c: new RaftServerImpl for group-8AB99D5E21D8:[3fb99649-c87f-4cc9-b3d9-f5c572ff189c|rpc:10.1.0.32:15041|admin:10.1.0.32:15040|client:10.1.0.32:15039|dataStream:10.1.0.32:15042|priority:1|startupRole:FOLLOWER] with ContainerStateMachine:uninitialized
2023-10-27 20:14:04,312 [3fb99649-c87f-4cc9-b3d9-f5c572ff189c-groupManagement] INFO  server.RaftServerConfigKeys (ConfUtils.java:logGet(46)) - raft.server.rpc.timeout.min = 5s (custom)
2023-10-27 20:14:04,312 [3fb99649-c87f-4cc9-b3d9-f5c572ff189c-groupManagement] INFO  server.RaftServerConfigKeys (ConfUtils.java:logGet(46)) - raft.server.rpc.timeout.max = 5200ms (custom)
2023-10-27 20:14:04,312 [3fb99649-c87f-4cc9-b3d9-f5c572ff189c-groupManagement] INFO  server.RaftServerConfigKeys (ConfUtils.java:logGet(46)) - raft.server.rpc.sleep.time = 25ms (default)
2023-10-27 20:14:04,312 [3fb99649-c87f-4cc9-b3d9-f5c572ff189c-groupManagement] INFO  server.RaftServerConfigKeys (ConfUtils.java:logGet(46)) - raft.server.rpc.slowness.timeout = 300s (custom)
2023-10-27 20:14:04,312 [3fb99649-c87f-4cc9-b3d9-f5c572ff189c-groupManagement] INFO  server.RaftServerConfigKeys (ConfUtils.java:logGet(46)) - raft.server.leaderelection.leader.step-down.wait-time = 10s (default)
2023-10-27 20:14:04,312 [3fb99649-c87f-4cc9-b3d9-f5c572ff189c-groupManagement] INFO  server.RaftServerConfigKeys (ConfUtils.java:logGet(46)) - raft.server.sleep.deviation.threshold = 300ms (default)
2023-10-27 20:14:04,313 [3fb99649-c87f-4cc9-b3d9-f5c572ff189c-groupManagement] INFO  server.RaftServer$Division (ServerState.java:<init>(120)) - 3fb99649-c87f-4cc9-b3d9-f5c572ff189c@group-8AB99D5E21D8: ConfigurationManager, init=-1: peers:[3fb99649-c87f-4cc9-b3d9-f5c572ff189c|rpc:10.1.0.32:15041|admin:10.1.0.32:15040|client:10.1.0.32:15039|dataStream:10.1.0.32:15042|priority:1|startupRole:FOLLOWER]|listeners:[], old=null, confs=<EMPTY_MAP>
2023-10-27 20:14:04,313 [3fb99649-c87f-4cc9-b3d9-f5c572ff189c-groupManagement] INFO  server.RaftServerConfigKeys (ConfUtils.java:logGet(46)) - raft.server.storage.dir = [/home/runner/work/ozone/ozone/hadoop-ozone/integration-test/target/test-dir/MiniOzoneClusterImpl-60426a9d-3de2-4373-b08b-24a22c9da129/datanode-3/data/ratis] (custom)
2023-10-27 20:14:04,313 [3fb99649-c87f-4cc9-b3d9-f5c572ff189c-groupManagement] INFO  server.RaftServerConfigKeys (ConfUtils.java:logGet(46)) - raft.server.log.corruption.policy = EXCEPTION (default)
2023-10-27 20:14:04,313 [3fb99649-c87f-4cc9-b3d9-f5c572ff189c-groupManagement] INFO  server.RaftServerConfigKeys (ConfUtils.java:logGet(46)) - raft.server.storage.free-space.min = 0MB (=0) (default)
2023-10-27 20:14:04,313 [3fb99649-c87f-4cc9-b3d9-f5c572ff189c-groupManagement] INFO  server.RaftServerConfigKeys (ConfUtils.java:logGet(46)) - raft.server.notification.no-leader.timeout = 300s (custom)
2023-10-27 20:14:04,313 [3fb99649-c87f-4cc9-b3d9-f5c572ff189c-groupManagement] INFO  server.RaftServerConfigKeys (ConfUtils.java:logGet(46)) - raft.server.read.timeout = 10s (default)
2023-10-27 20:14:04,313 [3fb99649-c87f-4cc9-b3d9-f5c572ff189c-groupManagement] INFO  server.RaftServerConfigKeys (ConfUtils.java:logGet(46)) - raft.server.retrycache.expirytime = 600000ms (custom)
2023-10-27 20:14:04,313 [3fb99649-c87f-4cc9-b3d9-f5c572ff189c-groupManagement] INFO  server.RaftServerConfigKeys (ConfUtils.java:logGet(46)) - raft.server.retrycache.statistics.expirytime = 100μs (default)
2023-10-27 20:14:04,313 [3fb99649-c87f-4cc9-b3d9-f5c572ff189c-groupManagement] INFO  server.RaftServerConfigKeys (ConfUtils.java:logGet(46)) - raft.server.read.option = DEFAULT (default)
2023-10-27 20:14:04,319 [66ee3698-ded8-430f-8ecd-27f356af6e45-PipelineCommandHandlerThread-0] INFO  ratis.XceiverServerRatis (XceiverServerRatis.java:addGroup(805)) - Created group PipelineID=7a06d3e7-5cd1-4269-a48c-1d3807242c29
2023-10-27 20:14:04,335 [3fb99649-c87f-4cc9-b3d9-f5c572ff189c-groupManagement] INFO  server.RaftServerConfigKeys (ConfUtils.java:logGet(46)) - raft.server.rpc.request.timeout = 60s (custom)
2023-10-27 20:14:04,336 [3fb99649-c87f-4cc9-b3d9-f5c572ff189c-groupManagement] INFO  server.RaftServerConfigKeys (ConfUtils.java:logGet(46)) - raft.server.log.appender.install.snapshot.enabled = false (custom)
2023-10-27 20:14:04,336 [3fb99649-c87f-4cc9-b3d9-f5c572ff189c-groupManagement] INFO  server.RaftServerConfigKeys (ConfUtils.java:logGet(46)) - raft.server.threadpool.server.cached = true (default)
2023-10-27 20:14:04,336 [3fb99649-c87f-4cc9-b3d9-f5c572ff189c-groupManagement] INFO  server.RaftServerConfigKeys (ConfUtils.java:logGet(46)) - raft.server.threadpool.server.size = 0 (default)
2023-10-27 20:14:04,336 [3fb99649-c87f-4cc9-b3d9-f5c572ff189c-groupManagement] INFO  server.RaftServerConfigKeys (ConfUtils.java:logGet(46)) - raft.server.threadpool.client.cached = true (default)
2023-10-27 20:14:04,338 [3fb99649-c87f-4cc9-b3d9-f5c572ff189c-groupManagement] INFO  server.RaftServerConfigKeys (ConfUtils.java:logGet(46)) - raft.server.threadpool.client.size = 0 (default)
2023-10-27 20:14:04,340 [3fb99649-c87f-4cc9-b3d9-f5c572ff189c-groupManagement] INFO  storage.RaftStorageDirectory (RaftStorageDirectoryImpl.java:analyzeStorage(137)) - The storage directory /home/runner/work/ozone/ozone/hadoop-ozone/integration-test/target/test-dir/MiniOzoneClusterImpl-60426a9d-3de2-4373-b08b-24a22c9da129/datanode-3/data/ratis/0c3d2ed3-e21f-4258-8a67-8ab99d5e21d8 does not exist. Creating ...
2023-10-27 20:14:04,344 [3fb99649-c87f-4cc9-b3d9-f5c572ff189c-groupManagement] INFO  storage.RaftStorageDirectory (RaftStorageDirectoryImpl.java:tryLock(231)) - Lock on /home/runner/work/ozone/ozone/hadoop-ozone/integration-test/target/test-dir/MiniOzoneClusterImpl-60426a9d-3de2-4373-b08b-24a22c9da129/datanode-3/data/ratis/0c3d2ed3-e21f-4258-8a67-8ab99d5e21d8/in_use.lock acquired by nodename 14569@fv-az342-943
2023-10-27 20:14:04,350 [3fb99649-c87f-4cc9-b3d9-f5c572ff189c-groupManagement] INFO  storage.RaftStorage (RaftStorageImpl.java:format(96)) - Storage directory /home/runner/work/ozone/ozone/hadoop-ozone/integration-test/target/test-dir/MiniOzoneClusterImpl-60426a9d-3de2-4373-b08b-24a22c9da129/datanode-3/data/ratis/0c3d2ed3-e21f-4258-8a67-8ab99d5e21d8 has been successfully formatted.
2023-10-27 20:14:04,351 [3fb99649-c87f-4cc9-b3d9-f5c572ff189c-groupManagement] INFO  ratis.ContainerStateMachine (ContainerStateMachine.java:loadSnapshot(269)) - group-8AB99D5E21D8: The snapshot info is null. Setting the last applied indexto:(t:0, i:~)
2023-10-27 20:14:04,351 [3fb99649-c87f-4cc9-b3d9-f5c572ff189c-groupManagement] INFO  server.RaftServerConfigKeys (ConfUtils.java:logGet(46)) - raft.server.log.use.memory = false (default)
2023-10-27 20:14:04,352 [3fb99649-c87f-4cc9-b3d9-f5c572ff189c-groupManagement] INFO  server.RaftServerConfigKeys (ConfUtils.java:logGet(46)) - raft.server.log.purge.gap = 1000000 (custom)
2023-10-27 20:14:04,352 [3fb99649-c87f-4cc9-b3d9-f5c572ff189c-groupManagement] INFO  server.RaftServerConfigKeys (ConfUtils.java:logGet(46)) - raft.server.log.appender.buffer.byte-limit = 33554432 (custom)
2023-10-27 20:14:04,352 [3fb99649-c87f-4cc9-b3d9-f5c572ff189c-groupManagement] INFO  server.RaftServerConfigKeys (ConfUtils.java:logGet(46)) - raft.server.log.statemachine.data.read.timeout = 1000ms (default)
2023-10-27 20:14:04,352 [3fb99649-c87f-4cc9-b3d9-f5c572ff189c-groupManagement] INFO  server.RaftServerConfigKeys (ConfUtils.java:logGet(46)) - raft.server.log.purge.preservation.log.num = 0 (default)
2023-10-27 20:14:04,352 [3fb99649-c87f-4cc9-b3d9-f5c572ff189c-groupManagement] INFO  server.RaftServerConfigKeys (ConfUtils.java:logGet(46)) - raft.server.log.segment.size.max = 1048576 (custom)
2023-10-27 20:14:04,353 [3fb99649-c87f-4cc9-b3d9-f5c572ff189c-groupManagement] INFO  server.RaftServerConfigKeys (ConfUtils.java:logGet(46)) - raft.server.log.segment.cache.num.max = 2 (custom)
2023-10-27 20:14:04,353 [3fb99649-c87f-4cc9-b3d9-f5c572ff189c-groupManagement] INFO  server.RaftServerConfigKeys (ConfUtils.java:logGet(46)) - raft.server.log.segment.cache.size.max = 200MB (=209715200) (default)
2023-10-27 20:14:04,353 [3fb99649-c87f-4cc9-b3d9-f5c572ff189c-groupManagement] INFO  server.RaftServerConfigKeys (ConfUtils.java:logGet(46)) - raft.server.log.appender.buffer.byte-limit = 33554432 (custom)
2023-10-27 20:14:04,353 [3fb99649-c87f-4cc9-b3d9-f5c572ff189c-groupManagement] INFO  segmented.SegmentedRaftLogWorker (SegmentedRaftLogWorker.java:<init>(188)) - new 3fb99649-c87f-4cc9-b3d9-f5c572ff189c@group-8AB99D5E21D8-SegmentedRaftLogWorker for RaftStorageImpl:Storage Directory /home/runner/work/ozone/ozone/hadoop-ozone/integration-test/target/test-dir/MiniOzoneClusterImpl-60426a9d-3de2-4373-b08b-24a22c9da129/datanode-3/data/ratis/0c3d2ed3-e21f-4258-8a67-8ab99d5e21d8
2023-10-27 20:14:04,353 [3fb99649-c87f-4cc9-b3d9-f5c572ff189c-groupManagement] INFO  server.RaftServerConfigKeys (ConfUtils.java:logGet(46)) - raft.server.log.queue.byte-limit = 4294967296 (custom)
2023-10-27 20:14:04,364 [3fb99649-c87f-4cc9-b3d9-f5c572ff189c-groupManagement] INFO  server.RaftServerConfigKeys (ConfUtils.java:logGet(46)) - raft.server.log.queue.element-limit = 1024 (custom)
2023-10-27 20:14:04,365 [3fb99649-c87f-4cc9-b3d9-f5c572ff189c-groupManagement] INFO  server.RaftServerConfigKeys (ConfUtils.java:logGet(46)) - raft.server.log.segment.size.max = 1048576 (custom)
2023-10-27 20:14:04,368 [3fb99649-c87f-4cc9-b3d9-f5c572ff189c-groupManagement] INFO  server.RaftServerConfigKeys (ConfUtils.java:logGet(46)) - raft.server.log.preallocated.size = 16384 (custom)
2023-10-27 20:14:04,368 [3fb99649-c87f-4cc9-b3d9-f5c572ff189c-groupManagement] INFO  server.RaftServerConfigKeys (ConfUtils.java:logGet(46)) - raft.server.log.force.sync.num = 128 (default)
2023-10-27 20:14:04,368 [3fb99649-c87f-4cc9-b3d9-f5c572ff189c-groupManagement] INFO  server.RaftServerConfigKeys (ConfUtils.java:logGet(46)) - raft.server.log.statemachine.data.sync = true (default)
2023-10-27 20:14:04,360 [EventQueue-PipelineReportForPipelineReportHandler] INFO  pipeline.PipelineReportHandler (PipelineReportHandler.java:processPipelineReport(136)) - Opened pipeline PipelineID=0c3d2ed3-e21f-4258-8a67-8ab99d5e21d8
2023-10-27 20:14:04,368 [EventQueue-OpenPipelineForHealthyPipelineSafeModeRule] INFO  safemode.SCMSafeModeManager (HealthyPipelineSafeModeRule.java:process(137)) - SCM in safe mode. Healthy pipelines reported count is 0, required healthy pipeline reported count is 1
2023-10-27 20:14:04,368 [3fb99649-c87f-4cc9-b3d9-f5c572ff189c-groupManagement] INFO  server.RaftServerConfigKeys (ConfUtils.java:logGet(46)) - raft.server.log.statemachine.data.sync.timeout = 10s (default)
2023-10-27 20:14:04,369 [3fb99649-c87f-4cc9-b3d9-f5c572ff189c-groupManagement] INFO  server.RaftServerConfigKeys (ConfUtils.java:logGet(46)) - raft.server.log.statemachine.data.sync.timeout.retry = -1 (default)
2023-10-27 20:14:04,388 [3fb99649-c87f-4cc9-b3d9-f5c572ff189c-groupManagement] INFO  server.RaftServerConfigKeys (ConfUtils.java:logGet(46)) - raft.server.log.write.buffer.size = 1048576 (custom)
2023-10-27 20:14:04,393 [3fb99649-c87f-4cc9-b3d9-f5c572ff189c-groupManagement] INFO  server.RaftServerConfigKeys (ConfUtils.java:logGet(46)) - raft.server.log.appender.buffer.byte-limit = 33554432 (custom)
2023-10-27 20:14:04,806 [JvmPauseMonitor1] WARN  util.JvmPauseMonitor (JvmPauseMonitor.java:detectPause(124)) - JvmPauseMonitor-om1: Detected pause in JVM or host machine approximately 0.182s with 0.401s GC time.
GC pool 'PS MarkSweep' had collection(s): count=1 time=299ms
GC pool 'PS Scavenge' had collection(s): count=1 time=102ms
2023-10-27 20:14:04,806 [JvmPauseMonitor9] WARN  util.JvmPauseMonitor (JvmPauseMonitor.java:detectPause(124)) - JvmPauseMonitor-f612f2cf-90dc-41dc-bf39-cf028d38c484: Detected pause in JVM or host machine approximately 0.246s with 0.401s GC time.
GC pool 'PS MarkSweep' had collection(s): count=1 time=299ms
GC pool 'PS Scavenge' had collection(s): count=1 time=102ms
2023-10-27 20:14:04,808 [JvmPauseMonitor3] WARN  util.JvmPauseMonitor (JvmPauseMonitor.java:detectPause(124)) - JvmPauseMonitor-0ef615e1-91db-4ede-b924-53e2d320f02d: Detected pause in JVM or host machine approximately 0.323s with 0.401s GC time.
GC pool 'PS MarkSweep' had collection(s): count=1 time=299ms
GC pool 'PS Scavenge' had collection(s): count=1 time=102ms
2023-10-27 20:14:04,808 [JvmPauseMonitor5] WARN  util.JvmPauseMonitor (JvmPauseMonitor.java:detectPause(124)) - JvmPauseMonitor-3fb99649-c87f-4cc9-b3d9-f5c572ff189c: Detected pause in JVM or host machine approximately 0.339s with 0.401s GC time.
GC pool 'PS MarkSweep' had collection(s): count=1 time=299ms
GC pool 'PS Scavenge' had collection(s): count=1 time=102ms
2023-10-27 20:14:04,810 [JvmPauseMonitor7] WARN  util.JvmPauseMonitor (JvmPauseMonitor.java:detectPause(124)) - JvmPauseMonitor-23554148-3e4d-431f-a73e-f2401dbff1d4: Detected pause in JVM or host machine approximately 0.376s with 0.401s GC time.
GC pool 'PS MarkSweep' had collection(s): count=1 time=299ms
GC pool 'PS Scavenge' had collection(s): count=1 time=102ms
2023-10-27 20:14:04,810 [JvmPauseMonitor10] WARN  util.JvmPauseMonitor (JvmPauseMonitor.java:detectPause(124)) - JvmPauseMonitor-55507c8a-594d-4e25-909f-8d2832294c55: Detected pause in JVM or host machine approximately 0.403s with 0.401s GC time.
GC pool 'PS MarkSweep' had collection(s): count=1 time=299ms
GC pool 'PS Scavenge' had collection(s): count=1 time=102ms
2023-10-27 20:14:04,810 [3fb99649-c87f-4cc9-b3d9-f5c572ff189c-groupManagement] INFO  server.RaftServerConfigKeys (ConfUtils.java:logGet(46)) - raft.server.log.unsafe-flush.enabled = false (default)
2023-10-27 20:14:04,811 [3fb99649-c87f-4cc9-b3d9-f5c572ff189c-groupManagement] INFO  server.RaftServerConfigKeys (ConfUtils.java:logGet(46)) - raft.server.log.async-flush.enabled = false (default)
2023-10-27 20:14:04,811 [3fb99649-c87f-4cc9-b3d9-f5c572ff189c-groupManagement] INFO  server.RaftServerConfigKeys (ConfUtils.java:logGet(46)) - raft.server.log.statemachine.data.caching.enabled = true (custom)
2023-10-27 20:14:04,811 [3fb99649-c87f-4cc9-b3d9-f5c572ff189c-groupManagement] INFO  segmented.SegmentedRaftLogWorker (SegmentedRaftLogWorker.java:lambda$new$0(135)) - 3fb99649-c87f-4cc9-b3d9-f5c572ff189c@group-8AB99D5E21D8-SegmentedRaftLogWorker: flushIndex: setUnconditionally 0 -> -1
2023-10-27 20:14:04,811 [3fb99649-c87f-4cc9-b3d9-f5c572ff189c-groupManagement] INFO  segmented.SegmentedRaftLogWorker (SegmentedRaftLogWorker.java:lambda$new$0(135)) - 3fb99649-c87f-4cc9-b3d9-f5c572ff189c@group-8AB99D5E21D8-SegmentedRaftLogWorker: safeCacheEvictIndex: setUnconditionally 0 -> -1
2023-10-27 20:14:04,813 [3fb99649-c87f-4cc9-b3d9-f5c572ff189c-groupManagement] INFO  server.RaftServer$Division (RaftServerImpl.java:start(342)) - 3fb99649-c87f-4cc9-b3d9-f5c572ff189c@group-8AB99D5E21D8: start as a follower, conf=-1: peers:[3fb99649-c87f-4cc9-b3d9-f5c572ff189c|rpc:10.1.0.32:15041|admin:10.1.0.32:15040|client:10.1.0.32:15039|dataStream:10.1.0.32:15042|priority:1|startupRole:FOLLOWER]|listeners:[], old=null
2023-10-27 20:14:04,813 [3fb99649-c87f-4cc9-b3d9-f5c572ff189c-groupManagement] INFO  server.RaftServer$Division (RaftServerImpl.java:setRole(329)) - 3fb99649-c87f-4cc9-b3d9-f5c572ff189c@group-8AB99D5E21D8: changes role from      null to FOLLOWER at term 0 for startAsFollower
2023-10-27 20:14:04,813 [3fb99649-c87f-4cc9-b3d9-f5c572ff189c-groupManagement] INFO  impl.RoleInfo (RoleInfo.java:updateAndGet(139)) - 3fb99649-c87f-4cc9-b3d9-f5c572ff189c: start 3fb99649-c87f-4cc9-b3d9-f5c572ff189c@group-8AB99D5E21D8-FollowerState
2023-10-27 20:14:04,813 [3fb99649-c87f-4cc9-b3d9-f5c572ff189c-groupManagement] INFO  util.JmxRegister (JmxRegister.java:tryRegister(44)) - Successfully registered JMX Bean with object name Ratis:service=RaftServer,group=group-8AB99D5E21D8,id=3fb99649-c87f-4cc9-b3d9-f5c572ff189c
2023-10-27 20:14:04,813 [3fb99649-c87f-4cc9-b3d9-f5c572ff189c-groupManagement] INFO  server.RaftServerConfigKeys (ConfUtils.java:logGet(46)) - raft.server.snapshot.auto.trigger.enabled = true (custom)
2023-10-27 20:14:04,814 [3fb99649-c87f-4cc9-b3d9-f5c572ff189c-groupManagement] INFO  server.RaftServerConfigKeys (ConfUtils.java:logGet(46)) - raft.server.snapshot.auto.trigger.threshold = 10000 (custom)
2023-10-27 20:14:04,814 [3fb99649-c87f-4cc9-b3d9-f5c572ff189c-groupManagement] INFO  server.RaftServerConfigKeys (ConfUtils.java:logGet(46)) - raft.server.snapshot.retention.file.num = 5 (custom)
2023-10-27 20:14:04,814 [3fb99649-c87f-4cc9-b3d9-f5c572ff189c-groupManagement] INFO  server.RaftServerConfigKeys (ConfUtils.java:logGet(46)) - raft.server.log.purge.upto.snapshot.index = false (default)
2023-10-27 20:14:04,816 [3fb99649-c87f-4cc9-b3d9-f5c572ff189c@group-8AB99D5E21D8-FollowerState] INFO  server.RaftServerConfigKeys (ConfUtils.java:logFallback(53)) - raft.server.rpc.first-election.timeout.min = 5s (fallback to raft.server.rpc.timeout.min)
2023-10-27 20:14:04,816 [3fb99649-c87f-4cc9-b3d9-f5c572ff189c@group-8AB99D5E21D8-FollowerState] INFO  server.RaftServerConfigKeys (ConfUtils.java:logFallback(53)) - raft.server.rpc.first-election.timeout.max = 5200ms (fallback to raft.server.rpc.timeout.max)
2023-10-27 20:14:04,819 [23554148-3e4d-431f-a73e-f2401dbff1d4-PipelineCommandHandlerThread-0] INFO  server.RaftServer (RaftServerProxy.java:addNew(98)) - 23554148-3e4d-431f-a73e-f2401dbff1d4: addNew group-F7793AD6C8D1:[23554148-3e4d-431f-a73e-f2401dbff1d4|rpc:10.1.0.32:15059|admin:10.1.0.32:15058|client:10.1.0.32:15057|dataStream:10.1.0.32:15060|priority:1|startupRole:FOLLOWER] returns group-F7793AD6C8D1:java.util.concurrent.CompletableFuture@7276a13e[Not completed]
2023-10-27 20:14:04,819 [1407d0d1-39ba-4bc0-b697-1e16e43cd838-PipelineCommandHandlerThread-0] INFO  server.RaftServer (RaftServerProxy.java:addNew(98)) - 1407d0d1-39ba-4bc0-b697-1e16e43cd838: addNew group-6FEEDEC8654C:[1407d0d1-39ba-4bc0-b697-1e16e43cd838|rpc:10.1.0.32:15050|admin:10.1.0.32:15049|client:10.1.0.32:15048|dataStream:10.1.0.32:15051|priority:1|startupRole:FOLLOWER] returns group-6FEEDEC8654C:java.util.concurrent.CompletableFuture@3b708f99[Not completed]
2023-10-27 20:14:04,820 [3fb99649-c87f-4cc9-b3d9-f5c572ff189c-PipelineCommandHandlerThread-0] INFO  ratis.XceiverServerRatis (XceiverServerRatis.java:addGroup(805)) - Created group PipelineID=0c3d2ed3-e21f-4258-8a67-8ab99d5e21d8
2023-10-27 20:14:04,821 [3fb99649-c87f-4cc9-b3d9-f5c572ff189c-PipelineCommandHandlerThread-0] INFO  commandhandler.CreatePipelineCommandHandler (CreatePipelineCommandHandler.java:lambda$handle$2(124)) - Created Pipeline RATIS ONE PipelineID=0c3d2ed3-e21f-4258-8a67-8ab99d5e21d8.
2023-10-27 20:14:04,821 [3fb99649-c87f-4cc9-b3d9-f5c572ff189c-PipelineCommandHandlerThread-0] INFO  server.RaftServer (RaftServerProxy.java:addNew(98)) - 3fb99649-c87f-4cc9-b3d9-f5c572ff189c: addNew group-5A0C10638F91:[3fb99649-c87f-4cc9-b3d9-f5c572ff189c|rpc:10.1.0.32:15041|admin:10.1.0.32:15040|client:10.1.0.32:15039|dataStream:10.1.0.32:15042|priority:1|startupRole:FOLLOWER, 23554148-3e4d-431f-a73e-f2401dbff1d4|rpc:10.1.0.32:15059|admin:10.1.0.32:15058|client:10.1.0.32:15057|dataStream:10.1.0.32:15060|priority:0|startupRole:FOLLOWER, 1407d0d1-39ba-4bc0-b697-1e16e43cd838|rpc:10.1.0.32:15050|admin:10.1.0.32:15049|client:10.1.0.32:15048|dataStream:10.1.0.32:15051|priority:0|startupRole:FOLLOWER] returns group-5A0C10638F91:java.util.concurrent.CompletableFuture@3d768920[Not completed]
2023-10-27 20:14:04,830 [3fb99649-c87f-4cc9-b3d9-f5c572ff189c-groupManagement] INFO  server.RaftServer$Division (RaftServerImpl.java:<init>(198)) - 3fb99649-c87f-4cc9-b3d9-f5c572ff189c: new RaftServerImpl for group-5A0C10638F91:[3fb99649-c87f-4cc9-b3d9-f5c572ff189c|rpc:10.1.0.32:15041|admin:10.1.0.32:15040|client:10.1.0.32:15039|dataStream:10.1.0.32:15042|priority:1|startupRole:FOLLOWER, 23554148-3e4d-431f-a73e-f2401dbff1d4|rpc:10.1.0.32:15059|admin:10.1.0.32:15058|client:10.1.0.32:15057|dataStream:10.1.0.32:15060|priority:0|startupRole:FOLLOWER, 1407d0d1-39ba-4bc0-b697-1e16e43cd838|rpc:10.1.0.32:15050|admin:10.1.0.32:15049|client:10.1.0.32:15048|dataStream:10.1.0.32:15051|priority:0|startupRole:FOLLOWER] with ContainerStateMachine:uninitialized
2023-10-27 20:14:04,830 [3fb99649-c87f-4cc9-b3d9-f5c572ff189c-groupManagement] INFO  server.RaftServerConfigKeys (ConfUtils.java:logGet(46)) - raft.server.rpc.timeout.min = 5s (custom)
2023-10-27 20:14:04,831 [3fb99649-c87f-4cc9-b3d9-f5c572ff189c-groupManagement] INFO  server.RaftServerConfigKeys (ConfUtils.java:logGet(46)) - raft.server.rpc.timeout.max = 5200ms (custom)
2023-10-27 20:14:04,831 [3fb99649-c87f-4cc9-b3d9-f5c572ff189c-groupManagement] INFO  server.RaftServerConfigKeys (ConfUtils.java:logGet(46)) - raft.server.rpc.sleep.time = 25ms (default)
2023-10-27 20:14:04,831 [3fb99649-c87f-4cc9-b3d9-f5c572ff189c-groupManagement] INFO  server.RaftServerConfigKeys (ConfUtils.java:logGet(46)) - raft.server.rpc.slowness.timeout = 300s (custom)
2023-10-27 20:14:04,831 [3fb99649-c87f-4cc9-b3d9-f5c572ff189c-groupManagement] INFO  server.RaftServerConfigKeys (ConfUtils.java:logGet(46)) - raft.server.leaderelection.leader.step-down.wait-time = 10s (default)
2023-10-27 20:14:04,831 [3fb99649-c87f-4cc9-b3d9-f5c572ff189c-groupManagement] INFO  server.RaftServerConfigKeys (ConfUtils.java:logGet(46)) - raft.server.sleep.deviation.threshold = 300ms (default)
2023-10-27 20:14:04,831 [3fb99649-c87f-4cc9-b3d9-f5c572ff189c-groupManagement] INFO  server.RaftServer$Division (ServerState.java:<init>(120)) - 3fb99649-c87f-4cc9-b3d9-f5c572ff189c@group-5A0C10638F91: ConfigurationManager, init=-1: peers:[3fb99649-c87f-4cc9-b3d9-f5c572ff189c|rpc:10.1.0.32:15041|admin:10.1.0.32:15040|client:10.1.0.32:15039|dataStream:10.1.0.32:15042|priority:1|startupRole:FOLLOWER, 23554148-3e4d-431f-a73e-f2401dbff1d4|rpc:10.1.0.32:15059|admin:10.1.0.32:15058|client:10.1.0.32:15057|dataStream:10.1.0.32:15060|priority:0|startupRole:FOLLOWER, 1407d0d1-39ba-4bc0-b697-1e16e43cd838|rpc:10.1.0.32:15050|admin:10.1.0.32:15049|client:10.1.0.32:15048|dataStream:10.1.0.32:15051|priority:0|startupRole:FOLLOWER]|listeners:[], old=null, confs=<EMPTY_MAP>
2023-10-27 20:14:04,831 [3fb99649-c87f-4cc9-b3d9-f5c572ff189c-groupManagement] INFO  server.RaftServerConfigKeys (ConfUtils.java:logGet(46)) - raft.server.storage.dir = [/home/runner/work/ozone/ozone/hadoop-ozone/integration-test/target/test-dir/MiniOzoneClusterImpl-60426a9d-3de2-4373-b08b-24a22c9da129/datanode-3/data/ratis] (custom)
2023-10-27 20:14:04,831 [3fb99649-c87f-4cc9-b3d9-f5c572ff189c-groupManagement] INFO  server.RaftServerConfigKeys (ConfUtils.java:logGet(46)) - raft.server.log.corruption.policy = EXCEPTION (default)
2023-10-27 20:14:04,832 [3fb99649-c87f-4cc9-b3d9-f5c572ff189c-groupManagement] INFO  server.RaftServerConfigKeys (ConfUtils.java:logGet(46)) - raft.server.storage.free-space.min = 0MB (=0) (default)
2023-10-27 20:14:04,832 [3fb99649-c87f-4cc9-b3d9-f5c572ff189c-groupManagement] INFO  server.RaftServerConfigKeys (ConfUtils.java:logGet(46)) - raft.server.notification.no-leader.timeout = 300s (custom)
2023-10-27 20:14:04,832 [3fb99649-c87f-4cc9-b3d9-f5c572ff189c-groupManagement] INFO  server.RaftServerConfigKeys (ConfUtils.java:logGet(46)) - raft.server.read.timeout = 10s (default)
2023-10-27 20:14:04,832 [3fb99649-c87f-4cc9-b3d9-f5c572ff189c-groupManagement] INFO  server.RaftServerConfigKeys (ConfUtils.java:logGet(46)) - raft.server.retrycache.expirytime = 600000ms (custom)
2023-10-27 20:14:04,832 [3fb99649-c87f-4cc9-b3d9-f5c572ff189c-groupManagement] INFO  server.RaftServerConfigKeys (ConfUtils.java:logGet(46)) - raft.server.retrycache.statistics.expirytime = 100μs (default)
2023-10-27 20:14:04,832 [3fb99649-c87f-4cc9-b3d9-f5c572ff189c-groupManagement] INFO  server.RaftServerConfigKeys (ConfUtils.java:logGet(46)) - raft.server.read.option = DEFAULT (default)
2023-10-27 20:14:04,835 [3fb99649-c87f-4cc9-b3d9-f5c572ff189c-groupManagement] INFO  server.RaftServerConfigKeys (ConfUtils.java:logGet(46)) - raft.server.rpc.request.timeout = 60s (custom)
2023-10-27 20:14:04,835 [3fb99649-c87f-4cc9-b3d9-f5c572ff189c-groupManagement] INFO  server.RaftServerConfigKeys (ConfUtils.java:logGet(46)) - raft.server.log.appender.install.snapshot.enabled = false (custom)
2023-10-27 20:14:04,836 [3fb99649-c87f-4cc9-b3d9-f5c572ff189c-groupManagement] INFO  server.RaftServerConfigKeys (ConfUtils.java:logGet(46)) - raft.server.threadpool.server.cached = true (default)
2023-10-27 20:14:04,836 [3fb99649-c87f-4cc9-b3d9-f5c572ff189c-groupManagement] INFO  server.RaftServerConfigKeys (ConfUtils.java:logGet(46)) - raft.server.threadpool.server.size = 0 (default)
2023-10-27 20:14:04,837 [3fb99649-c87f-4cc9-b3d9-f5c572ff189c-groupManagement] INFO  server.RaftServerConfigKeys (ConfUtils.java:logGet(46)) - raft.server.threadpool.client.cached = true (default)
2023-10-27 20:14:04,837 [3fb99649-c87f-4cc9-b3d9-f5c572ff189c-groupManagement] INFO  server.RaftServerConfigKeys (ConfUtils.java:logGet(46)) - raft.server.threadpool.client.size = 0 (default)
2023-10-27 20:14:04,838 [3fb99649-c87f-4cc9-b3d9-f5c572ff189c-groupManagement] INFO  storage.RaftStorageDirectory (RaftStorageDirectoryImpl.java:analyzeStorage(137)) - The storage directory /home/runner/work/ozone/ozone/hadoop-ozone/integration-test/target/test-dir/MiniOzoneClusterImpl-60426a9d-3de2-4373-b08b-24a22c9da129/datanode-3/data/ratis/18e9d5d2-3951-48aa-a34d-5a0c10638f91 does not exist. Creating ...
2023-10-27 20:14:04,851 [JvmPauseMonitor4] WARN  util.JvmPauseMonitor (JvmPauseMonitor.java:detectPause(124)) - JvmPauseMonitor-66ee3698-ded8-430f-8ecd-27f356af6e45: Detected pause in JVM or host machine approximately 0.110s with 0.401s GC time.
GC pool 'PS MarkSweep' had collection(s): count=1 time=299ms
GC pool 'PS Scavenge' had collection(s): count=1 time=102ms
2023-10-27 20:14:04,862 [3fb99649-c87f-4cc9-b3d9-f5c572ff189c-groupManagement] INFO  storage.RaftStorageDirectory (RaftStorageDirectoryImpl.java:tryLock(231)) - Lock on /home/runner/work/ozone/ozone/hadoop-ozone/integration-test/target/test-dir/MiniOzoneClusterImpl-60426a9d-3de2-4373-b08b-24a22c9da129/datanode-3/data/ratis/18e9d5d2-3951-48aa-a34d-5a0c10638f91/in_use.lock acquired by nodename 14569@fv-az342-943
2023-10-27 20:14:04,851 [JvmPauseMonitor8] WARN  util.JvmPauseMonitor (JvmPauseMonitor.java:detectPause(124)) - JvmPauseMonitor-fe9b02b7-73ff-430f-9d75-1483ab7beb41: Detected pause in JVM or host machine approximately 0.101s with 0.401s GC time.
GC pool 'PS MarkSweep' had collection(s): count=1 time=299ms
GC pool 'PS Scavenge' had collection(s): count=1 time=102ms
2023-10-27 20:14:04,873 [3fb99649-c87f-4cc9-b3d9-f5c572ff189c-groupManagement] INFO  storage.RaftStorage (RaftStorageImpl.java:format(96)) - Storage directory /home/runner/work/ozone/ozone/hadoop-ozone/integration-test/target/test-dir/MiniOzoneClusterImpl-60426a9d-3de2-4373-b08b-24a22c9da129/datanode-3/data/ratis/18e9d5d2-3951-48aa-a34d-5a0c10638f91 has been successfully formatted.
2023-10-27 20:14:04,874 [3fb99649-c87f-4cc9-b3d9-f5c572ff189c-groupManagement] INFO  ratis.ContainerStateMachine (ContainerStateMachine.java:loadSnapshot(269)) - group-5A0C10638F91: The snapshot info is null. Setting the last applied indexto:(t:0, i:~)
2023-10-27 20:14:04,874 [3fb99649-c87f-4cc9-b3d9-f5c572ff189c-groupManagement] INFO  server.RaftServerConfigKeys (ConfUtils.java:logGet(46)) - raft.server.log.use.memory = false (default)
2023-10-27 20:14:04,874 [3fb99649-c87f-4cc9-b3d9-f5c572ff189c-groupManagement] INFO  server.RaftServerConfigKeys (ConfUtils.java:logGet(46)) - raft.server.log.purge.gap = 1000000 (custom)
2023-10-27 20:14:04,882 [1407d0d1-39ba-4bc0-b697-1e16e43cd838-groupManagement] INFO  server.RaftServer$Division (RaftServerImpl.java:<init>(198)) - 1407d0d1-39ba-4bc0-b697-1e16e43cd838: new RaftServerImpl for group-6FEEDEC8654C:[1407d0d1-39ba-4bc0-b697-1e16e43cd838|rpc:10.1.0.32:15050|admin:10.1.0.32:15049|client:10.1.0.32:15048|dataStream:10.1.0.32:15051|priority:1|startupRole:FOLLOWER] with ContainerStateMachine:uninitialized
2023-10-27 20:14:04,882 [1407d0d1-39ba-4bc0-b697-1e16e43cd838-groupManagement] INFO  server.RaftServerConfigKeys (ConfUtils.java:logGet(46)) - raft.server.rpc.timeout.min = 5s (custom)
2023-10-27 20:14:04,883 [1407d0d1-39ba-4bc0-b697-1e16e43cd838-groupManagement] INFO  server.RaftServerConfigKeys (ConfUtils.java:logGet(46)) - raft.server.rpc.timeout.max = 5200ms (custom)
2023-10-27 20:14:04,883 [1407d0d1-39ba-4bc0-b697-1e16e43cd838-groupManagement] INFO  server.RaftServerConfigKeys (ConfUtils.java:logGet(46)) - raft.server.rpc.sleep.time = 25ms (default)
2023-10-27 20:14:04,883 [1407d0d1-39ba-4bc0-b697-1e16e43cd838-groupManagement] INFO  server.RaftServerConfigKeys (ConfUtils.java:logGet(46)) - raft.server.rpc.slowness.timeout = 300s (custom)
2023-10-27 20:14:04,883 [1407d0d1-39ba-4bc0-b697-1e16e43cd838-groupManagement] INFO  server.RaftServerConfigKeys (ConfUtils.java:logGet(46)) - raft.server.leaderelection.leader.step-down.wait-time = 10s (default)
2023-10-27 20:14:04,883 [1407d0d1-39ba-4bc0-b697-1e16e43cd838-groupManagement] INFO  server.RaftServerConfigKeys (ConfUtils.java:logGet(46)) - raft.server.sleep.deviation.threshold = 300ms (default)
2023-10-27 20:14:04,883 [1407d0d1-39ba-4bc0-b697-1e16e43cd838-groupManagement] INFO  server.RaftServer$Division (ServerState.java:<init>(120)) - 1407d0d1-39ba-4bc0-b697-1e16e43cd838@group-6FEEDEC8654C: ConfigurationManager, init=-1: peers:[1407d0d1-39ba-4bc0-b697-1e16e43cd838|rpc:10.1.0.32:15050|admin:10.1.0.32:15049|client:10.1.0.32:15048|dataStream:10.1.0.32:15051|priority:1|startupRole:FOLLOWER]|listeners:[], old=null, confs=<EMPTY_MAP>
2023-10-27 20:14:04,884 [1407d0d1-39ba-4bc0-b697-1e16e43cd838-groupManagement] INFO  server.RaftServerConfigKeys (ConfUtils.java:logGet(46)) - raft.server.storage.dir = [/home/runner/work/ozone/ozone/hadoop-ozone/integration-test/target/test-dir/MiniOzoneClusterImpl-60426a9d-3de2-4373-b08b-24a22c9da129/datanode-4/data/ratis] (custom)
2023-10-27 20:14:04,886 [1407d0d1-39ba-4bc0-b697-1e16e43cd838-groupManagement] INFO  server.RaftServerConfigKeys (ConfUtils.java:logGet(46)) - raft.server.log.corruption.policy = EXCEPTION (default)
2023-10-27 20:14:04,886 [1407d0d1-39ba-4bc0-b697-1e16e43cd838-groupManagement] INFO  server.RaftServerConfigKeys (ConfUtils.java:logGet(46)) - raft.server.storage.free-space.min = 0MB (=0) (default)
2023-10-27 20:14:04,887 [EventQueue-OpenPipelineForHealthyPipelineSafeModeRule] INFO  safemode.SCMSafeModeManager (HealthyPipelineSafeModeRule.java:process(137)) - SCM in safe mode. Healthy pipelines reported count is 0, required healthy pipeline reported count is 1
2023-10-27 20:14:04,893 [1407d0d1-39ba-4bc0-b697-1e16e43cd838-groupManagement] INFO  server.RaftServerConfigKeys (ConfUtils.java:logGet(46)) - raft.server.notification.no-leader.timeout = 300s (custom)
2023-10-27 20:14:04,894 [1407d0d1-39ba-4bc0-b697-1e16e43cd838-groupManagement] INFO  server.RaftServerConfigKeys (ConfUtils.java:logGet(46)) - raft.server.read.timeout = 10s (default)
2023-10-27 20:14:04,894 [1407d0d1-39ba-4bc0-b697-1e16e43cd838-groupManagement] INFO  server.RaftServerConfigKeys (ConfUtils.java:logGet(46)) - raft.server.retrycache.expirytime = 600000ms (custom)
2023-10-27 20:14:04,895 [3fb99649-c87f-4cc9-b3d9-f5c572ff189c-groupManagement] INFO  server.RaftServerConfigKeys (ConfUtils.java:logGet(46)) - raft.server.log.appender.buffer.byte-limit = 33554432 (custom)
2023-10-27 20:14:04,895 [3fb99649-c87f-4cc9-b3d9-f5c572ff189c-groupManagement] INFO  server.RaftServerConfigKeys (ConfUtils.java:logGet(46)) - raft.server.log.statemachine.data.read.timeout = 1000ms (default)
2023-10-27 20:14:04,895 [3fb99649-c87f-4cc9-b3d9-f5c572ff189c-groupManagement] INFO  server.RaftServerConfigKeys (ConfUtils.java:logGet(46)) - raft.server.log.purge.preservation.log.num = 0 (default)
2023-10-27 20:14:04,895 [3fb99649-c87f-4cc9-b3d9-f5c572ff189c-groupManagement] INFO  server.RaftServerConfigKeys (ConfUtils.java:logGet(46)) - raft.server.log.segment.size.max = 1048576 (custom)
2023-10-27 20:14:04,896 [3fb99649-c87f-4cc9-b3d9-f5c572ff189c-groupManagement] INFO  server.RaftServerConfigKeys (ConfUtils.java:logGet(46)) - raft.server.log.segment.cache.num.max = 2 (custom)
2023-10-27 20:14:04,896 [3fb99649-c87f-4cc9-b3d9-f5c572ff189c-groupManagement] INFO  server.RaftServerConfigKeys (ConfUtils.java:logGet(46)) - raft.server.log.segment.cache.size.max = 200MB (=209715200) (default)
2023-10-27 20:14:04,896 [3fb99649-c87f-4cc9-b3d9-f5c572ff189c-groupManagement] INFO  server.RaftServerConfigKeys (ConfUtils.java:logGet(46)) - raft.server.log.appender.buffer.byte-limit = 33554432 (custom)
2023-10-27 20:14:04,896 [3fb99649-c87f-4cc9-b3d9-f5c572ff189c-groupManagement] INFO  segmented.SegmentedRaftLogWorker (SegmentedRaftLogWorker.java:<init>(188)) - new 3fb99649-c87f-4cc9-b3d9-f5c572ff189c@group-5A0C10638F91-SegmentedRaftLogWorker for RaftStorageImpl:Storage Directory /home/runner/work/ozone/ozone/hadoop-ozone/integration-test/target/test-dir/MiniOzoneClusterImpl-60426a9d-3de2-4373-b08b-24a22c9da129/datanode-3/data/ratis/18e9d5d2-3951-48aa-a34d-5a0c10638f91
2023-10-27 20:14:04,896 [3fb99649-c87f-4cc9-b3d9-f5c572ff189c-groupManagement] INFO  server.RaftServerConfigKeys (ConfUtils.java:logGet(46)) - raft.server.log.queue.byte-limit = 4294967296 (custom)
2023-10-27 20:14:04,896 [3fb99649-c87f-4cc9-b3d9-f5c572ff189c-groupManagement] INFO  server.RaftServerConfigKeys (ConfUtils.java:logGet(46)) - raft.server.log.queue.element-limit = 1024 (custom)
2023-10-27 20:14:04,897 [3fb99649-c87f-4cc9-b3d9-f5c572ff189c-groupManagement] INFO  server.RaftServerConfigKeys (ConfUtils.java:logGet(46)) - raft.server.log.segment.size.max = 1048576 (custom)
2023-10-27 20:14:04,897 [3fb99649-c87f-4cc9-b3d9-f5c572ff189c-groupManagement] INFO  server.RaftServerConfigKeys (ConfUtils.java:logGet(46)) - raft.server.log.preallocated.size = 16384 (custom)
2023-10-27 20:14:04,897 [3fb99649-c87f-4cc9-b3d9-f5c572ff189c-groupManagement] INFO  server.RaftServerConfigKeys (ConfUtils.java:logGet(46)) - raft.server.log.force.sync.num = 128 (default)
2023-10-27 20:14:04,897 [3fb99649-c87f-4cc9-b3d9-f5c572ff189c-groupManagement] INFO  server.RaftServerConfigKeys (ConfUtils.java:logGet(46)) - raft.server.log.statemachine.data.sync = true (default)
2023-10-27 20:14:04,897 [3fb99649-c87f-4cc9-b3d9-f5c572ff189c-groupManagement] INFO  server.RaftServerConfigKeys (ConfUtils.java:logGet(46)) - raft.server.log.statemachine.data.sync.timeout = 10s (default)
2023-10-27 20:14:04,897 [3fb99649-c87f-4cc9-b3d9-f5c572ff189c-groupManagement] INFO  server.RaftServerConfigKeys (ConfUtils.java:logGet(46)) - raft.server.log.statemachine.data.sync.timeout.retry = -1 (default)
2023-10-27 20:14:04,899 [3fb99649-c87f-4cc9-b3d9-f5c572ff189c-groupManagement] INFO  server.RaftServerConfigKeys (ConfUtils.java:logGet(46)) - raft.server.log.write.buffer.size = 1048576 (custom)
2023-10-27 20:14:04,900 [3fb99649-c87f-4cc9-b3d9-f5c572ff189c-groupManagement] INFO  server.RaftServerConfigKeys (ConfUtils.java:logGet(46)) - raft.server.log.appender.buffer.byte-limit = 33554432 (custom)
2023-10-27 20:14:04,899 [23554148-3e4d-431f-a73e-f2401dbff1d4-groupManagement] INFO  server.RaftServer$Division (RaftServerImpl.java:<init>(198)) - 23554148-3e4d-431f-a73e-f2401dbff1d4: new RaftServerImpl for group-F7793AD6C8D1:[23554148-3e4d-431f-a73e-f2401dbff1d4|rpc:10.1.0.32:15059|admin:10.1.0.32:15058|client:10.1.0.32:15057|dataStream:10.1.0.32:15060|priority:1|startupRole:FOLLOWER] with ContainerStateMachine:uninitialized
2023-10-27 20:14:04,905 [23554148-3e4d-431f-a73e-f2401dbff1d4-groupManagement] INFO  server.RaftServerConfigKeys (ConfUtils.java:logGet(46)) - raft.server.rpc.timeout.min = 5s (custom)
2023-10-27 20:14:04,905 [23554148-3e4d-431f-a73e-f2401dbff1d4-groupManagement] INFO  server.RaftServerConfigKeys (ConfUtils.java:logGet(46)) - raft.server.rpc.timeout.max = 5200ms (custom)
2023-10-27 20:14:04,905 [23554148-3e4d-431f-a73e-f2401dbff1d4-groupManagement] INFO  server.RaftServerConfigKeys (ConfUtils.java:logGet(46)) - raft.server.rpc.sleep.time = 25ms (default)
2023-10-27 20:14:04,905 [1407d0d1-39ba-4bc0-b697-1e16e43cd838-groupManagement] INFO  server.RaftServerConfigKeys (ConfUtils.java:logGet(46)) - raft.server.retrycache.statistics.expirytime = 100μs (default)
2023-10-27 20:14:04,905 [23554148-3e4d-431f-a73e-f2401dbff1d4-groupManagement] INFO  server.RaftServerConfigKeys (ConfUtils.java:logGet(46)) - raft.server.rpc.slowness.timeout = 300s (custom)
2023-10-27 20:14:04,905 [23554148-3e4d-431f-a73e-f2401dbff1d4-groupManagement] INFO  server.RaftServerConfigKeys (ConfUtils.java:logGet(46)) - raft.server.leaderelection.leader.step-down.wait-time = 10s (default)
2023-10-27 20:14:04,905 [23554148-3e4d-431f-a73e-f2401dbff1d4-groupManagement] INFO  server.RaftServerConfigKeys (ConfUtils.java:logGet(46)) - raft.server.sleep.deviation.threshold = 300ms (default)
2023-10-27 20:14:04,906 [23554148-3e4d-431f-a73e-f2401dbff1d4-groupManagement] INFO  server.RaftServer$Division (ServerState.java:<init>(120)) - 23554148-3e4d-431f-a73e-f2401dbff1d4@group-F7793AD6C8D1: ConfigurationManager, init=-1: peers:[23554148-3e4d-431f-a73e-f2401dbff1d4|rpc:10.1.0.32:15059|admin:10.1.0.32:15058|client:10.1.0.32:15057|dataStream:10.1.0.32:15060|priority:1|startupRole:FOLLOWER]|listeners:[], old=null, confs=<EMPTY_MAP>
2023-10-27 20:14:04,906 [23554148-3e4d-431f-a73e-f2401dbff1d4-groupManagement] INFO  server.RaftServerConfigKeys (ConfUtils.java:logGet(46)) - raft.server.storage.dir = [/home/runner/work/ozone/ozone/hadoop-ozone/integration-test/target/test-dir/MiniOzoneClusterImpl-60426a9d-3de2-4373-b08b-24a22c9da129/datanode-5/data/ratis] (custom)
2023-10-27 20:14:04,906 [23554148-3e4d-431f-a73e-f2401dbff1d4-groupManagement] INFO  server.RaftServerConfigKeys (ConfUtils.java:logGet(46)) - raft.server.log.corruption.policy = EXCEPTION (default)
2023-10-27 20:14:04,906 [23554148-3e4d-431f-a73e-f2401dbff1d4-groupManagement] INFO  server.RaftServerConfigKeys (ConfUtils.java:logGet(46)) - raft.server.storage.free-space.min = 0MB (=0) (default)
2023-10-27 20:14:04,906 [23554148-3e4d-431f-a73e-f2401dbff1d4-groupManagement] INFO  server.RaftServerConfigKeys (ConfUtils.java:logGet(46)) - raft.server.notification.no-leader.timeout = 300s (custom)
2023-10-27 20:14:04,907 [23554148-3e4d-431f-a73e-f2401dbff1d4-groupManagement] INFO  server.RaftServerConfigKeys (ConfUtils.java:logGet(46)) - raft.server.read.timeout = 10s (default)
2023-10-27 20:14:04,907 [23554148-3e4d-431f-a73e-f2401dbff1d4-groupManagement] INFO  server.RaftServerConfigKeys (ConfUtils.java:logGet(46)) - raft.server.retrycache.expirytime = 600000ms (custom)
2023-10-27 20:14:04,907 [23554148-3e4d-431f-a73e-f2401dbff1d4-groupManagement] INFO  server.RaftServerConfigKeys (ConfUtils.java:logGet(46)) - raft.server.retrycache.statistics.expirytime = 100μs (default)
2023-10-27 20:14:04,907 [23554148-3e4d-431f-a73e-f2401dbff1d4-groupManagement] INFO  server.RaftServerConfigKeys (ConfUtils.java:logGet(46)) - raft.server.read.option = DEFAULT (default)
2023-10-27 20:14:04,905 [1407d0d1-39ba-4bc0-b697-1e16e43cd838-groupManagement] INFO  server.RaftServerConfigKeys (ConfUtils.java:logGet(46)) - raft.server.read.option = DEFAULT (default)
2023-10-27 20:14:04,920 [3fb99649-c87f-4cc9-b3d9-f5c572ff189c-groupManagement] INFO  server.RaftServerConfigKeys (ConfUtils.java:logGet(46)) - raft.server.log.unsafe-flush.enabled = false (default)
2023-10-27 20:14:04,925 [3fb99649-c87f-4cc9-b3d9-f5c572ff189c-groupManagement] INFO  server.RaftServerConfigKeys (ConfUtils.java:logGet(46)) - raft.server.log.async-flush.enabled = false (default)
2023-10-27 20:14:04,926 [3fb99649-c87f-4cc9-b3d9-f5c572ff189c-groupManagement] INFO  server.RaftServerConfigKeys (ConfUtils.java:logGet(46)) - raft.server.log.statemachine.data.caching.enabled = true (custom)
2023-10-27 20:14:04,927 [3fb99649-c87f-4cc9-b3d9-f5c572ff189c-groupManagement] INFO  segmented.SegmentedRaftLogWorker (SegmentedRaftLogWorker.java:lambda$new$0(135)) - 3fb99649-c87f-4cc9-b3d9-f5c572ff189c@group-5A0C10638F91-SegmentedRaftLogWorker: flushIndex: setUnconditionally 0 -> -1
2023-10-27 20:14:04,927 [3fb99649-c87f-4cc9-b3d9-f5c572ff189c-groupManagement] INFO  segmented.SegmentedRaftLogWorker (SegmentedRaftLogWorker.java:lambda$new$0(135)) - 3fb99649-c87f-4cc9-b3d9-f5c572ff189c@group-5A0C10638F91-SegmentedRaftLogWorker: safeCacheEvictIndex: setUnconditionally 0 -> -1
2023-10-27 20:14:04,928 [3fb99649-c87f-4cc9-b3d9-f5c572ff189c-groupManagement] INFO  server.RaftServer$Division (RaftServerImpl.java:start(342)) - 3fb99649-c87f-4cc9-b3d9-f5c572ff189c@group-5A0C10638F91: start as a follower, conf=-1: peers:[3fb99649-c87f-4cc9-b3d9-f5c572ff189c|rpc:10.1.0.32:15041|admin:10.1.0.32:15040|client:10.1.0.32:15039|dataStream:10.1.0.32:15042|priority:1|startupRole:FOLLOWER, 23554148-3e4d-431f-a73e-f2401dbff1d4|rpc:10.1.0.32:15059|admin:10.1.0.32:15058|client:10.1.0.32:15057|dataStream:10.1.0.32:15060|priority:0|startupRole:FOLLOWER, 1407d0d1-39ba-4bc0-b697-1e16e43cd838|rpc:10.1.0.32:15050|admin:10.1.0.32:15049|client:10.1.0.32:15048|dataStream:10.1.0.32:15051|priority:0|startupRole:FOLLOWER]|listeners:[], old=null
2023-10-27 20:14:04,928 [3fb99649-c87f-4cc9-b3d9-f5c572ff189c-groupManagement] INFO  server.RaftServer$Division (RaftServerImpl.java:setRole(329)) - 3fb99649-c87f-4cc9-b3d9-f5c572ff189c@group-5A0C10638F91: changes role from      null to FOLLOWER at term 0 for startAsFollower
2023-10-27 20:14:04,929 [3fb99649-c87f-4cc9-b3d9-f5c572ff189c-groupManagement] INFO  impl.RoleInfo (RoleInfo.java:updateAndGet(139)) - 3fb99649-c87f-4cc9-b3d9-f5c572ff189c: start 3fb99649-c87f-4cc9-b3d9-f5c572ff189c@group-5A0C10638F91-FollowerState
2023-10-27 20:14:04,931 [3fb99649-c87f-4cc9-b3d9-f5c572ff189c-groupManagement] INFO  util.JmxRegister (JmxRegister.java:tryRegister(44)) - Successfully registered JMX Bean with object name Ratis:service=RaftServer,group=group-5A0C10638F91,id=3fb99649-c87f-4cc9-b3d9-f5c572ff189c
2023-10-27 20:14:04,931 [3fb99649-c87f-4cc9-b3d9-f5c572ff189c-groupManagement] INFO  server.RaftServerConfigKeys (ConfUtils.java:logGet(46)) - raft.server.snapshot.auto.trigger.enabled = true (custom)
2023-10-27 20:14:04,931 [3fb99649-c87f-4cc9-b3d9-f5c572ff189c-groupManagement] INFO  server.RaftServerConfigKeys (ConfUtils.java:logGet(46)) - raft.server.snapshot.auto.trigger.threshold = 10000 (custom)
2023-10-27 20:14:04,931 [3fb99649-c87f-4cc9-b3d9-f5c572ff189c-groupManagement] INFO  server.RaftServerConfigKeys (ConfUtils.java:logGet(46)) - raft.server.snapshot.retention.file.num = 5 (custom)
2023-10-27 20:14:04,931 [3fb99649-c87f-4cc9-b3d9-f5c572ff189c-groupManagement] INFO  server.RaftServerConfigKeys (ConfUtils.java:logGet(46)) - raft.server.log.purge.upto.snapshot.index = false (default)
2023-10-27 20:14:04,933 [3fb99649-c87f-4cc9-b3d9-f5c572ff189c@group-5A0C10638F91-FollowerState] INFO  server.RaftServerConfigKeys (ConfUtils.java:logFallback(53)) - raft.server.rpc.first-election.timeout.min = 5s (fallback to raft.server.rpc.timeout.min)
2023-10-27 20:14:04,939 [3fb99649-c87f-4cc9-b3d9-f5c572ff189c@group-5A0C10638F91-FollowerState] INFO  server.RaftServerConfigKeys (ConfUtils.java:logFallback(53)) - raft.server.rpc.first-election.timeout.max = 5200ms (fallback to raft.server.rpc.timeout.max)
2023-10-27 20:14:04,939 [1407d0d1-39ba-4bc0-b697-1e16e43cd838-groupManagement] INFO  server.RaftServerConfigKeys (ConfUtils.java:logGet(46)) - raft.server.rpc.request.timeout = 60s (custom)
2023-10-27 20:14:04,940 [1407d0d1-39ba-4bc0-b697-1e16e43cd838-groupManagement] INFO  server.RaftServerConfigKeys (ConfUtils.java:logGet(46)) - raft.server.log.appender.install.snapshot.enabled = false (custom)
2023-10-27 20:14:04,940 [1407d0d1-39ba-4bc0-b697-1e16e43cd838-groupManagement] INFO  server.RaftServerConfigKeys (ConfUtils.java:logGet(46)) - raft.server.threadpool.server.cached = true (default)
2023-10-27 20:14:04,940 [1407d0d1-39ba-4bc0-b697-1e16e43cd838-groupManagement] INFO  server.RaftServerConfigKeys (ConfUtils.java:logGet(46)) - raft.server.threadpool.server.size = 0 (default)
2023-10-27 20:14:04,940 [1407d0d1-39ba-4bc0-b697-1e16e43cd838-groupManagement] INFO  server.RaftServerConfigKeys (ConfUtils.java:logGet(46)) - raft.server.threadpool.client.cached = true (default)
2023-10-27 20:14:04,941 [1407d0d1-39ba-4bc0-b697-1e16e43cd838-groupManagement] INFO  server.RaftServerConfigKeys (ConfUtils.java:logGet(46)) - raft.server.threadpool.client.size = 0 (default)
2023-10-27 20:14:04,941 [1407d0d1-39ba-4bc0-b697-1e16e43cd838-groupManagement] INFO  storage.RaftStorageDirectory (RaftStorageDirectoryImpl.java:analyzeStorage(137)) - The storage directory /home/runner/work/ozone/ozone/hadoop-ozone/integration-test/target/test-dir/MiniOzoneClusterImpl-60426a9d-3de2-4373-b08b-24a22c9da129/datanode-4/data/ratis/254b3c3c-50bf-42ad-8268-6feedec8654c does not exist. Creating ...
2023-10-27 20:14:04,933 [23554148-3e4d-431f-a73e-f2401dbff1d4-groupManagement] INFO  server.RaftServerConfigKeys (ConfUtils.java:logGet(46)) - raft.server.rpc.request.timeout = 60s (custom)
2023-10-27 20:14:04,942 [23554148-3e4d-431f-a73e-f2401dbff1d4-groupManagement] INFO  server.RaftServerConfigKeys (ConfUtils.java:logGet(46)) - raft.server.log.appender.install.snapshot.enabled = false (custom)
2023-10-27 20:14:04,942 [23554148-3e4d-431f-a73e-f2401dbff1d4-groupManagement] INFO  server.RaftServerConfigKeys (ConfUtils.java:logGet(46)) - raft.server.threadpool.server.cached = true (default)
2023-10-27 20:14:04,933 [3fb99649-c87f-4cc9-b3d9-f5c572ff189c-PipelineCommandHandlerThread-0] INFO  ratis.XceiverServerRatis (XceiverServerRatis.java:addGroup(805)) - Created group PipelineID=18e9d5d2-3951-48aa-a34d-5a0c10638f91
2023-10-27 20:14:04,945 [23554148-3e4d-431f-a73e-f2401dbff1d4-groupManagement] INFO  server.RaftServerConfigKeys (ConfUtils.java:logGet(46)) - raft.server.threadpool.server.size = 0 (default)
2023-10-27 20:14:04,945 [23554148-3e4d-431f-a73e-f2401dbff1d4-groupManagement] INFO  server.RaftServerConfigKeys (ConfUtils.java:logGet(46)) - raft.server.threadpool.client.cached = true (default)
2023-10-27 20:14:04,945 [23554148-3e4d-431f-a73e-f2401dbff1d4-groupManagement] INFO  server.RaftServerConfigKeys (ConfUtils.java:logGet(46)) - raft.server.threadpool.client.size = 0 (default)
2023-10-27 20:14:04,945 [23554148-3e4d-431f-a73e-f2401dbff1d4-groupManagement] INFO  storage.RaftStorageDirectory (RaftStorageDirectoryImpl.java:analyzeStorage(137)) - The storage directory /home/runner/work/ozone/ozone/hadoop-ozone/integration-test/target/test-dir/MiniOzoneClusterImpl-60426a9d-3de2-4373-b08b-24a22c9da129/datanode-5/data/ratis/cd25c87d-063c-4df4-9307-f7793ad6c8d1 does not exist. Creating ...
2023-10-27 20:14:04,948 [1407d0d1-39ba-4bc0-b697-1e16e43cd838-groupManagement] INFO  storage.RaftStorageDirectory (RaftStorageDirectoryImpl.java:tryLock(231)) - Lock on /home/runner/work/ozone/ozone/hadoop-ozone/integration-test/target/test-dir/MiniOzoneClusterImpl-60426a9d-3de2-4373-b08b-24a22c9da129/datanode-4/data/ratis/254b3c3c-50bf-42ad-8268-6feedec8654c/in_use.lock acquired by nodename 14569@fv-az342-943
2023-10-27 20:14:04,950 [23554148-3e4d-431f-a73e-f2401dbff1d4-groupManagement] INFO  storage.RaftStorageDirectory (RaftStorageDirectoryImpl.java:tryLock(231)) - Lock on /home/runner/work/ozone/ozone/hadoop-ozone/integration-test/target/test-dir/MiniOzoneClusterImpl-60426a9d-3de2-4373-b08b-24a22c9da129/datanode-5/data/ratis/cd25c87d-063c-4df4-9307-f7793ad6c8d1/in_use.lock acquired by nodename 14569@fv-az342-943
2023-10-27 20:14:04,955 [23554148-3e4d-431f-a73e-f2401dbff1d4-groupManagement] INFO  storage.RaftStorage (RaftStorageImpl.java:format(96)) - Storage directory /home/runner/work/ozone/ozone/hadoop-ozone/integration-test/target/test-dir/MiniOzoneClusterImpl-60426a9d-3de2-4373-b08b-24a22c9da129/datanode-5/data/ratis/cd25c87d-063c-4df4-9307-f7793ad6c8d1 has been successfully formatted.
2023-10-27 20:14:04,955 [23554148-3e4d-431f-a73e-f2401dbff1d4-groupManagement] INFO  ratis.ContainerStateMachine (ContainerStateMachine.java:loadSnapshot(269)) - group-F7793AD6C8D1: The snapshot info is null. Setting the last applied indexto:(t:0, i:~)
2023-10-27 20:14:04,955 [23554148-3e4d-431f-a73e-f2401dbff1d4-groupManagement] INFO  server.RaftServerConfigKeys (ConfUtils.java:logGet(46)) - raft.server.log.use.memory = false (default)
2023-10-27 20:14:04,956 [23554148-3e4d-431f-a73e-f2401dbff1d4-groupManagement] INFO  server.RaftServerConfigKeys (ConfUtils.java:logGet(46)) - raft.server.log.purge.gap = 1000000 (custom)
2023-10-27 20:14:04,956 [23554148-3e4d-431f-a73e-f2401dbff1d4-groupManagement] INFO  server.RaftServerConfigKeys (ConfUtils.java:logGet(46)) - raft.server.log.appender.buffer.byte-limit = 33554432 (custom)
2023-10-27 20:14:04,956 [23554148-3e4d-431f-a73e-f2401dbff1d4-groupManagement] INFO  server.RaftServerConfigKeys (ConfUtils.java:logGet(46)) - raft.server.log.statemachine.data.read.timeout = 1000ms (default)
2023-10-27 20:14:04,956 [23554148-3e4d-431f-a73e-f2401dbff1d4-groupManagement] INFO  server.RaftServerConfigKeys (ConfUtils.java:logGet(46)) - raft.server.log.purge.preservation.log.num = 0 (default)
2023-10-27 20:14:04,956 [23554148-3e4d-431f-a73e-f2401dbff1d4-groupManagement] INFO  server.RaftServerConfigKeys (ConfUtils.java:logGet(46)) - raft.server.log.segment.size.max = 1048576 (custom)
2023-10-27 20:14:04,958 [23554148-3e4d-431f-a73e-f2401dbff1d4-groupManagement] INFO  server.RaftServerConfigKeys (ConfUtils.java:logGet(46)) - raft.server.log.segment.cache.num.max = 2 (custom)
2023-10-27 20:14:04,960 [23554148-3e4d-431f-a73e-f2401dbff1d4-groupManagement] INFO  server.RaftServerConfigKeys (ConfUtils.java:logGet(46)) - raft.server.log.segment.cache.size.max = 200MB (=209715200) (default)
2023-10-27 20:14:04,960 [23554148-3e4d-431f-a73e-f2401dbff1d4-groupManagement] INFO  server.RaftServerConfigKeys (ConfUtils.java:logGet(46)) - raft.server.log.appender.buffer.byte-limit = 33554432 (custom)
2023-10-27 20:14:04,960 [23554148-3e4d-431f-a73e-f2401dbff1d4-groupManagement] INFO  segmented.SegmentedRaftLogWorker (SegmentedRaftLogWorker.java:<init>(188)) - new 23554148-3e4d-431f-a73e-f2401dbff1d4@group-F7793AD6C8D1-SegmentedRaftLogWorker for RaftStorageImpl:Storage Directory /home/runner/work/ozone/ozone/hadoop-ozone/integration-test/target/test-dir/MiniOzoneClusterImpl-60426a9d-3de2-4373-b08b-24a22c9da129/datanode-5/data/ratis/cd25c87d-063c-4df4-9307-f7793ad6c8d1
2023-10-27 20:14:04,960 [23554148-3e4d-431f-a73e-f2401dbff1d4-groupManagement] INFO  server.RaftServerConfigKeys (ConfUtils.java:logGet(46)) - raft.server.log.queue.byte-limit = 4294967296 (custom)
2023-10-27 20:14:04,960 [23554148-3e4d-431f-a73e-f2401dbff1d4-groupManagement] INFO  server.RaftServerConfigKeys (ConfUtils.java:logGet(46)) - raft.server.log.queue.element-limit = 1024 (custom)
2023-10-27 20:14:04,960 [23554148-3e4d-431f-a73e-f2401dbff1d4-groupManagement] INFO  server.RaftServerConfigKeys (ConfUtils.java:logGet(46)) - raft.server.log.segment.size.max = 1048576 (custom)
2023-10-27 20:14:04,960 [23554148-3e4d-431f-a73e-f2401dbff1d4-groupManagement] INFO  server.RaftServerConfigKeys (ConfUtils.java:logGet(46)) - raft.server.log.preallocated.size = 16384 (custom)
2023-10-27 20:14:04,960 [23554148-3e4d-431f-a73e-f2401dbff1d4-groupManagement] INFO  server.RaftServerConfigKeys (ConfUtils.java:logGet(46)) - raft.server.log.force.sync.num = 128 (default)
2023-10-27 20:14:04,960 [23554148-3e4d-431f-a73e-f2401dbff1d4-groupManagement] INFO  server.RaftServerConfigKeys (ConfUtils.java:logGet(46)) - raft.server.log.statemachine.data.sync = true (default)
2023-10-27 20:14:04,960 [23554148-3e4d-431f-a73e-f2401dbff1d4-groupManagement] INFO  server.RaftServerConfigKeys (ConfUtils.java:logGet(46)) - raft.server.log.statemachine.data.sync.timeout = 10s (default)
2023-10-27 20:14:04,963 [23554148-3e4d-431f-a73e-f2401dbff1d4-groupManagement] INFO  server.RaftServerConfigKeys (ConfUtils.java:logGet(46)) - raft.server.log.statemachine.data.sync.timeout.retry = -1 (default)
2023-10-27 20:14:04,960 [EventQueue-PipelineReportForPipelineReportHandler] INFO  pipeline.PipelineReportHandler (PipelineReportHandler.java:processPipelineReport(136)) - Opened pipeline PipelineID=cd25c87d-063c-4df4-9307-f7793ad6c8d1
2023-10-27 20:14:04,963 [EventQueue-OpenPipelineForHealthyPipelineSafeModeRule] INFO  safemode.SCMSafeModeManager (HealthyPipelineSafeModeRule.java:process(137)) - SCM in safe mode. Healthy pipelines reported count is 0, required healthy pipeline reported count is 1
2023-10-27 20:14:04,962 [1407d0d1-39ba-4bc0-b697-1e16e43cd838-groupManagement] INFO  storage.RaftStorage (RaftStorageImpl.java:format(96)) - Storage directory /home/runner/work/ozone/ozone/hadoop-ozone/integration-test/target/test-dir/MiniOzoneClusterImpl-60426a9d-3de2-4373-b08b-24a22c9da129/datanode-4/data/ratis/254b3c3c-50bf-42ad-8268-6feedec8654c has been successfully formatted.
2023-10-27 20:14:04,968 [EventQueue-PipelineReportForPipelineReportHandler] INFO  pipeline.PipelineReportHandler (PipelineReportHandler.java:processPipelineReport(136)) - Opened pipeline PipelineID=254b3c3c-50bf-42ad-8268-6feedec8654c
2023-10-27 20:14:04,968 [EventQueue-OpenPipelineForHealthyPipelineSafeModeRule] INFO  safemode.SCMSafeModeManager (HealthyPipelineSafeModeRule.java:process(137)) - SCM in safe mode. Healthy pipelines reported count is 0, required healthy pipeline reported count is 1
2023-10-27 20:14:04,969 [1407d0d1-39ba-4bc0-b697-1e16e43cd838-groupManagement] INFO  ratis.ContainerStateMachine (ContainerStateMachine.java:loadSnapshot(269)) - group-6FEEDEC8654C: The snapshot info is null. Setting the last applied indexto:(t:0, i:~)
2023-10-27 20:14:04,969 [1407d0d1-39ba-4bc0-b697-1e16e43cd838-groupManagement] INFO  server.RaftServerConfigKeys (ConfUtils.java:logGet(46)) - raft.server.log.use.memory = false (default)
2023-10-27 20:14:04,970 [1407d0d1-39ba-4bc0-b697-1e16e43cd838-groupManagement] INFO  server.RaftServerConfigKeys (ConfUtils.java:logGet(46)) - raft.server.log.purge.gap = 1000000 (custom)
2023-10-27 20:14:04,971 [1407d0d1-39ba-4bc0-b697-1e16e43cd838-groupManagement] INFO  server.RaftServerConfigKeys (ConfUtils.java:logGet(46)) - raft.server.log.appender.buffer.byte-limit = 33554432 (custom)
2023-10-27 20:14:04,972 [1407d0d1-39ba-4bc0-b697-1e16e43cd838-groupManagement] INFO  server.RaftServerConfigKeys (ConfUtils.java:logGet(46)) - raft.server.log.statemachine.data.read.timeout = 1000ms (default)
2023-10-27 20:14:04,974 [1407d0d1-39ba-4bc0-b697-1e16e43cd838-groupManagement] INFO  server.RaftServerConfigKeys (ConfUtils.java:logGet(46)) - raft.server.log.purge.preservation.log.num = 0 (default)
2023-10-27 20:14:04,969 [23554148-3e4d-431f-a73e-f2401dbff1d4-groupManagement] INFO  server.RaftServerConfigKeys (ConfUtils.java:logGet(46)) - raft.server.log.write.buffer.size = 1048576 (custom)
2023-10-27 20:14:04,975 [23554148-3e4d-431f-a73e-f2401dbff1d4-groupManagement] INFO  server.RaftServerConfigKeys (ConfUtils.java:logGet(46)) - raft.server.log.appender.buffer.byte-limit = 33554432 (custom)
2023-10-27 20:14:04,976 [1407d0d1-39ba-4bc0-b697-1e16e43cd838-groupManagement] INFO  server.RaftServerConfigKeys (ConfUtils.java:logGet(46)) - raft.server.log.segment.size.max = 1048576 (custom)
2023-10-27 20:14:04,977 [1407d0d1-39ba-4bc0-b697-1e16e43cd838-groupManagement] INFO  server.RaftServerConfigKeys (ConfUtils.java:logGet(46)) - raft.server.log.segment.cache.num.max = 2 (custom)
2023-10-27 20:14:04,978 [1407d0d1-39ba-4bc0-b697-1e16e43cd838-groupManagement] INFO  server.RaftServerConfigKeys (ConfUtils.java:logGet(46)) - raft.server.log.segment.cache.size.max = 200MB (=209715200) (default)
2023-10-27 20:14:04,979 [1407d0d1-39ba-4bc0-b697-1e16e43cd838-groupManagement] INFO  server.RaftServerConfigKeys (ConfUtils.java:logGet(46)) - raft.server.log.appender.buffer.byte-limit = 33554432 (custom)
2023-10-27 20:14:04,980 [1407d0d1-39ba-4bc0-b697-1e16e43cd838-groupManagement] INFO  segmented.SegmentedRaftLogWorker (SegmentedRaftLogWorker.java:<init>(188)) - new 1407d0d1-39ba-4bc0-b697-1e16e43cd838@group-6FEEDEC8654C-SegmentedRaftLogWorker for RaftStorageImpl:Storage Directory /home/runner/work/ozone/ozone/hadoop-ozone/integration-test/target/test-dir/MiniOzoneClusterImpl-60426a9d-3de2-4373-b08b-24a22c9da129/datanode-4/data/ratis/254b3c3c-50bf-42ad-8268-6feedec8654c
2023-10-27 20:14:04,988 [23554148-3e4d-431f-a73e-f2401dbff1d4-groupManagement] INFO  server.RaftServerConfigKeys (ConfUtils.java:logGet(46)) - raft.server.log.unsafe-flush.enabled = false (default)
2023-10-27 20:14:04,991 [23554148-3e4d-431f-a73e-f2401dbff1d4-groupManagement] INFO  server.RaftServerConfigKeys (ConfUtils.java:logGet(46)) - raft.server.log.async-flush.enabled = false (default)
2023-10-27 20:14:04,991 [23554148-3e4d-431f-a73e-f2401dbff1d4-groupManagement] INFO  server.RaftServerConfigKeys (ConfUtils.java:logGet(46)) - raft.server.log.statemachine.data.caching.enabled = true (custom)
2023-10-27 20:14:04,992 [23554148-3e4d-431f-a73e-f2401dbff1d4-groupManagement] INFO  segmented.SegmentedRaftLogWorker (SegmentedRaftLogWorker.java:lambda$new$0(135)) - 23554148-3e4d-431f-a73e-f2401dbff1d4@group-F7793AD6C8D1-SegmentedRaftLogWorker: flushIndex: setUnconditionally 0 -> -1
2023-10-27 20:14:04,992 [23554148-3e4d-431f-a73e-f2401dbff1d4-groupManagement] INFO  segmented.SegmentedRaftLogWorker (SegmentedRaftLogWorker.java:lambda$new$0(135)) - 23554148-3e4d-431f-a73e-f2401dbff1d4@group-F7793AD6C8D1-SegmentedRaftLogWorker: safeCacheEvictIndex: setUnconditionally 0 -> -1
2023-10-27 20:14:04,988 [1407d0d1-39ba-4bc0-b697-1e16e43cd838-groupManagement] INFO  server.RaftServerConfigKeys (ConfUtils.java:logGet(46)) - raft.server.log.queue.byte-limit = 4294967296 (custom)
2023-10-27 20:14:04,993 [1407d0d1-39ba-4bc0-b697-1e16e43cd838-groupManagement] INFO  server.RaftServerConfigKeys (ConfUtils.java:logGet(46)) - raft.server.log.queue.element-limit = 1024 (custom)
2023-10-27 20:14:04,995 [1407d0d1-39ba-4bc0-b697-1e16e43cd838-groupManagement] INFO  server.RaftServerConfigKeys (ConfUtils.java:logGet(46)) - raft.server.log.segment.size.max = 1048576 (custom)
2023-10-27 20:14:04,997 [1407d0d1-39ba-4bc0-b697-1e16e43cd838-groupManagement] INFO  server.RaftServerConfigKeys (ConfUtils.java:logGet(46)) - raft.server.log.preallocated.size = 16384 (custom)
2023-10-27 20:14:04,998 [1407d0d1-39ba-4bc0-b697-1e16e43cd838-groupManagement] INFO  server.RaftServerConfigKeys (ConfUtils.java:logGet(46)) - raft.server.log.force.sync.num = 128 (default)
2023-10-27 20:14:04,999 [23554148-3e4d-431f-a73e-f2401dbff1d4-groupManagement] INFO  server.RaftServer$Division (RaftServerImpl.java:start(342)) - 23554148-3e4d-431f-a73e-f2401dbff1d4@group-F7793AD6C8D1: start as a follower, conf=-1: peers:[23554148-3e4d-431f-a73e-f2401dbff1d4|rpc:10.1.0.32:15059|admin:10.1.0.32:15058|client:10.1.0.32:15057|dataStream:10.1.0.32:15060|priority:1|startupRole:FOLLOWER]|listeners:[], old=null
2023-10-27 20:14:05,000 [23554148-3e4d-431f-a73e-f2401dbff1d4-groupManagement] INFO  server.RaftServer$Division (RaftServerImpl.java:setRole(329)) - 23554148-3e4d-431f-a73e-f2401dbff1d4@group-F7793AD6C8D1: changes role from      null to FOLLOWER at term 0 for startAsFollower
2023-10-27 20:14:05,000 [1407d0d1-39ba-4bc0-b697-1e16e43cd838-groupManagement] INFO  server.RaftServerConfigKeys (ConfUtils.java:logGet(46)) - raft.server.log.statemachine.data.sync = true (default)
2023-10-27 20:14:05,003 [1407d0d1-39ba-4bc0-b697-1e16e43cd838-groupManagement] INFO  server.RaftServerConfigKeys (ConfUtils.java:logGet(46)) - raft.server.log.statemachine.data.sync.timeout = 10s (default)
2023-10-27 20:14:05,003 [1407d0d1-39ba-4bc0-b697-1e16e43cd838-groupManagement] INFO  server.RaftServerConfigKeys (ConfUtils.java:logGet(46)) - raft.server.log.statemachine.data.sync.timeout.retry = -1 (default)
2023-10-27 20:14:05,006 [1407d0d1-39ba-4bc0-b697-1e16e43cd838-groupManagement] INFO  server.RaftServerConfigKeys (ConfUtils.java:logGet(46)) - raft.server.log.write.buffer.size = 1048576 (custom)
2023-10-27 20:14:05,007 [1407d0d1-39ba-4bc0-b697-1e16e43cd838-groupManagement] INFO  server.RaftServerConfigKeys (ConfUtils.java:logGet(46)) - raft.server.log.appender.buffer.byte-limit = 33554432 (custom)
2023-10-27 20:14:05,024 [23554148-3e4d-431f-a73e-f2401dbff1d4-groupManagement] INFO  impl.RoleInfo (RoleInfo.java:updateAndGet(139)) - 23554148-3e4d-431f-a73e-f2401dbff1d4: start 23554148-3e4d-431f-a73e-f2401dbff1d4@group-F7793AD6C8D1-FollowerState
2023-10-27 20:14:05,027 [23554148-3e4d-431f-a73e-f2401dbff1d4-groupManagement] INFO  util.JmxRegister (JmxRegister.java:tryRegister(44)) - Successfully registered JMX Bean with object name Ratis:service=RaftServer,group=group-F7793AD6C8D1,id=23554148-3e4d-431f-a73e-f2401dbff1d4
2023-10-27 20:14:05,027 [23554148-3e4d-431f-a73e-f2401dbff1d4-groupManagement] INFO  server.RaftServerConfigKeys (ConfUtils.java:logGet(46)) - raft.server.snapshot.auto.trigger.enabled = true (custom)
2023-10-27 20:14:05,027 [23554148-3e4d-431f-a73e-f2401dbff1d4-groupManagement] INFO  server.RaftServerConfigKeys (ConfUtils.java:logGet(46)) - raft.server.snapshot.auto.trigger.threshold = 10000 (custom)
2023-10-27 20:14:05,027 [23554148-3e4d-431f-a73e-f2401dbff1d4-groupManagement] INFO  server.RaftServerConfigKeys (ConfUtils.java:logGet(46)) - raft.server.snapshot.retention.file.num = 5 (custom)
2023-10-27 20:14:05,027 [23554148-3e4d-431f-a73e-f2401dbff1d4-groupManagement] INFO  server.RaftServerConfigKeys (ConfUtils.java:logGet(46)) - raft.server.log.purge.upto.snapshot.index = false (default)
2023-10-27 20:14:05,029 [1407d0d1-39ba-4bc0-b697-1e16e43cd838-groupManagement] INFO  server.RaftServerConfigKeys (ConfUtils.java:logGet(46)) - raft.server.log.unsafe-flush.enabled = false (default)
2023-10-27 20:14:05,029 [1407d0d1-39ba-4bc0-b697-1e16e43cd838-groupManagement] INFO  server.RaftServerConfigKeys (ConfUtils.java:logGet(46)) - raft.server.log.async-flush.enabled = false (default)
2023-10-27 20:14:05,051 [1407d0d1-39ba-4bc0-b697-1e16e43cd838-groupManagement] INFO  server.RaftServerConfigKeys (ConfUtils.java:logGet(46)) - raft.server.log.statemachine.data.caching.enabled = true (custom)
2023-10-27 20:14:05,051 [1407d0d1-39ba-4bc0-b697-1e16e43cd838-groupManagement] INFO  segmented.SegmentedRaftLogWorker (SegmentedRaftLogWorker.java:lambda$new$0(135)) - 1407d0d1-39ba-4bc0-b697-1e16e43cd838@group-6FEEDEC8654C-SegmentedRaftLogWorker: flushIndex: setUnconditionally 0 -> -1
2023-10-27 20:14:05,051 [1407d0d1-39ba-4bc0-b697-1e16e43cd838-groupManagement] INFO  segmented.SegmentedRaftLogWorker (SegmentedRaftLogWorker.java:lambda$new$0(135)) - 1407d0d1-39ba-4bc0-b697-1e16e43cd838@group-6FEEDEC8654C-SegmentedRaftLogWorker: safeCacheEvictIndex: setUnconditionally 0 -> -1
2023-10-27 20:14:05,052 [23554148-3e4d-431f-a73e-f2401dbff1d4-PipelineCommandHandlerThread-0] INFO  ratis.XceiverServerRatis (XceiverServerRatis.java:addGroup(805)) - Created group PipelineID=cd25c87d-063c-4df4-9307-f7793ad6c8d1
2023-10-27 20:14:05,052 [23554148-3e4d-431f-a73e-f2401dbff1d4-PipelineCommandHandlerThread-0] INFO  commandhandler.CreatePipelineCommandHandler (CreatePipelineCommandHandler.java:lambda$handle$2(124)) - Created Pipeline RATIS ONE PipelineID=cd25c87d-063c-4df4-9307-f7793ad6c8d1.
2023-10-27 20:14:05,060 [1407d0d1-39ba-4bc0-b697-1e16e43cd838-groupManagement] INFO  server.RaftServer$Division (RaftServerImpl.java:start(342)) - 1407d0d1-39ba-4bc0-b697-1e16e43cd838@group-6FEEDEC8654C: start as a follower, conf=-1: peers:[1407d0d1-39ba-4bc0-b697-1e16e43cd838|rpc:10.1.0.32:15050|admin:10.1.0.32:15049|client:10.1.0.32:15048|dataStream:10.1.0.32:15051|priority:1|startupRole:FOLLOWER]|listeners:[], old=null
2023-10-27 20:14:05,060 [1407d0d1-39ba-4bc0-b697-1e16e43cd838-groupManagement] INFO  server.RaftServer$Division (RaftServerImpl.java:setRole(329)) - 1407d0d1-39ba-4bc0-b697-1e16e43cd838@group-6FEEDEC8654C: changes role from      null to FOLLOWER at term 0 for startAsFollower
2023-10-27 20:14:05,060 [1407d0d1-39ba-4bc0-b697-1e16e43cd838-groupManagement] INFO  impl.RoleInfo (RoleInfo.java:updateAndGet(139)) - 1407d0d1-39ba-4bc0-b697-1e16e43cd838: start 1407d0d1-39ba-4bc0-b697-1e16e43cd838@group-6FEEDEC8654C-FollowerState
2023-10-27 20:14:05,071 [1407d0d1-39ba-4bc0-b697-1e16e43cd838-groupManagement] INFO  util.JmxRegister (JmxRegister.java:tryRegister(44)) - Successfully registered JMX Bean with object name Ratis:service=RaftServer,group=group-6FEEDEC8654C,id=1407d0d1-39ba-4bc0-b697-1e16e43cd838
2023-10-27 20:14:05,071 [1407d0d1-39ba-4bc0-b697-1e16e43cd838-groupManagement] INFO  server.RaftServerConfigKeys (ConfUtils.java:logGet(46)) - raft.server.snapshot.auto.trigger.enabled = true (custom)
2023-10-27 20:14:05,071 [1407d0d1-39ba-4bc0-b697-1e16e43cd838-groupManagement] INFO  server.RaftServerConfigKeys (ConfUtils.java:logGet(46)) - raft.server.snapshot.auto.trigger.threshold = 10000 (custom)
2023-10-27 20:14:05,071 [1407d0d1-39ba-4bc0-b697-1e16e43cd838@group-6FEEDEC8654C-FollowerState] INFO  server.RaftServerConfigKeys (ConfUtils.java:logFallback(53)) - raft.server.rpc.first-election.timeout.min = 5s (fallback to raft.server.rpc.timeout.min)
2023-10-27 20:14:05,075 [23554148-3e4d-431f-a73e-f2401dbff1d4-PipelineCommandHandlerThread-0] INFO  server.RaftServer (RaftServerProxy.java:addNew(98)) - 23554148-3e4d-431f-a73e-f2401dbff1d4: addNew group-5A0C10638F91:[3fb99649-c87f-4cc9-b3d9-f5c572ff189c|rpc:10.1.0.32:15041|admin:10.1.0.32:15040|client:10.1.0.32:15039|dataStream:10.1.0.32:15042|priority:1|startupRole:FOLLOWER, 23554148-3e4d-431f-a73e-f2401dbff1d4|rpc:10.1.0.32:15059|admin:10.1.0.32:15058|client:10.1.0.32:15057|dataStream:10.1.0.32:15060|priority:0|startupRole:FOLLOWER, 1407d0d1-39ba-4bc0-b697-1e16e43cd838|rpc:10.1.0.32:15050|admin:10.1.0.32:15049|client:10.1.0.32:15048|dataStream:10.1.0.32:15051|priority:0|startupRole:FOLLOWER] returns group-5A0C10638F91:java.util.concurrent.CompletableFuture@76492ba8[Not completed]
2023-10-27 20:14:05,072 [23554148-3e4d-431f-a73e-f2401dbff1d4@group-F7793AD6C8D1-FollowerState] INFO  server.RaftServerConfigKeys (ConfUtils.java:logFallback(53)) - raft.server.rpc.first-election.timeout.min = 5s (fallback to raft.server.rpc.timeout.min)
2023-10-27 20:14:05,079 [23554148-3e4d-431f-a73e-f2401dbff1d4@group-F7793AD6C8D1-FollowerState] INFO  server.RaftServerConfigKeys (ConfUtils.java:logFallback(53)) - raft.server.rpc.first-election.timeout.max = 5200ms (fallback to raft.server.rpc.timeout.max)
2023-10-27 20:14:05,072 [1407d0d1-39ba-4bc0-b697-1e16e43cd838-groupManagement] INFO  server.RaftServerConfigKeys (ConfUtils.java:logGet(46)) - raft.server.snapshot.retention.file.num = 5 (custom)
2023-10-27 20:14:05,080 [1407d0d1-39ba-4bc0-b697-1e16e43cd838-groupManagement] INFO  server.RaftServerConfigKeys (ConfUtils.java:logGet(46)) - raft.server.log.purge.upto.snapshot.index = false (default)
2023-10-27 20:14:05,081 [1407d0d1-39ba-4bc0-b697-1e16e43cd838@group-6FEEDEC8654C-FollowerState] INFO  server.RaftServerConfigKeys (ConfUtils.java:logFallback(53)) - raft.server.rpc.first-election.timeout.max = 5200ms (fallback to raft.server.rpc.timeout.max)
2023-10-27 20:14:05,084 [23554148-3e4d-431f-a73e-f2401dbff1d4-groupManagement] INFO  server.RaftServer$Division (RaftServerImpl.java:<init>(198)) - 23554148-3e4d-431f-a73e-f2401dbff1d4: new RaftServerImpl for group-5A0C10638F91:[3fb99649-c87f-4cc9-b3d9-f5c572ff189c|rpc:10.1.0.32:15041|admin:10.1.0.32:15040|client:10.1.0.32:15039|dataStream:10.1.0.32:15042|priority:1|startupRole:FOLLOWER, 23554148-3e4d-431f-a73e-f2401dbff1d4|rpc:10.1.0.32:15059|admin:10.1.0.32:15058|client:10.1.0.32:15057|dataStream:10.1.0.32:15060|priority:0|startupRole:FOLLOWER, 1407d0d1-39ba-4bc0-b697-1e16e43cd838|rpc:10.1.0.32:15050|admin:10.1.0.32:15049|client:10.1.0.32:15048|dataStream:10.1.0.32:15051|priority:0|startupRole:FOLLOWER] with ContainerStateMachine:uninitialized
2023-10-27 20:14:05,084 [23554148-3e4d-431f-a73e-f2401dbff1d4-groupManagement] INFO  server.RaftServerConfigKeys (ConfUtils.java:logGet(46)) - raft.server.rpc.timeout.min = 5s (custom)
2023-10-27 20:14:05,084 [23554148-3e4d-431f-a73e-f2401dbff1d4-groupManagement] INFO  server.RaftServerConfigKeys (ConfUtils.java:logGet(46)) - raft.server.rpc.timeout.max = 5200ms (custom)
2023-10-27 20:14:05,084 [23554148-3e4d-431f-a73e-f2401dbff1d4-groupManagement] INFO  server.RaftServerConfigKeys (ConfUtils.java:logGet(46)) - raft.server.rpc.sleep.time = 25ms (default)
2023-10-27 20:14:05,084 [23554148-3e4d-431f-a73e-f2401dbff1d4-groupManagement] INFO  server.RaftServerConfigKeys (ConfUtils.java:logGet(46)) - raft.server.rpc.slowness.timeout = 300s (custom)
2023-10-27 20:14:05,084 [23554148-3e4d-431f-a73e-f2401dbff1d4-groupManagement] INFO  server.RaftServerConfigKeys (ConfUtils.java:logGet(46)) - raft.server.leaderelection.leader.step-down.wait-time = 10s (default)
2023-10-27 20:14:05,084 [23554148-3e4d-431f-a73e-f2401dbff1d4-groupManagement] INFO  server.RaftServerConfigKeys (ConfUtils.java:logGet(46)) - raft.server.sleep.deviation.threshold = 300ms (default)
2023-10-27 20:14:05,085 [23554148-3e4d-431f-a73e-f2401dbff1d4-groupManagement] INFO  server.RaftServer$Division (ServerState.java:<init>(120)) - 23554148-3e4d-431f-a73e-f2401dbff1d4@group-5A0C10638F91: ConfigurationManager, init=-1: peers:[3fb99649-c87f-4cc9-b3d9-f5c572ff189c|rpc:10.1.0.32:15041|admin:10.1.0.32:15040|client:10.1.0.32:15039|dataStream:10.1.0.32:15042|priority:1|startupRole:FOLLOWER, 23554148-3e4d-431f-a73e-f2401dbff1d4|rpc:10.1.0.32:15059|admin:10.1.0.32:15058|client:10.1.0.32:15057|dataStream:10.1.0.32:15060|priority:0|startupRole:FOLLOWER, 1407d0d1-39ba-4bc0-b697-1e16e43cd838|rpc:10.1.0.32:15050|admin:10.1.0.32:15049|client:10.1.0.32:15048|dataStream:10.1.0.32:15051|priority:0|startupRole:FOLLOWER]|listeners:[], old=null, confs=<EMPTY_MAP>
2023-10-27 20:14:05,085 [23554148-3e4d-431f-a73e-f2401dbff1d4-groupManagement] INFO  server.RaftServerConfigKeys (ConfUtils.java:logGet(46)) - raft.server.storage.dir = [/home/runner/work/ozone/ozone/hadoop-ozone/integration-test/target/test-dir/MiniOzoneClusterImpl-60426a9d-3de2-4373-b08b-24a22c9da129/datanode-5/data/ratis] (custom)
2023-10-27 20:14:05,086 [23554148-3e4d-431f-a73e-f2401dbff1d4-groupManagement] INFO  server.RaftServerConfigKeys (ConfUtils.java:logGet(46)) - raft.server.log.corruption.policy = EXCEPTION (default)
2023-10-27 20:14:05,086 [23554148-3e4d-431f-a73e-f2401dbff1d4-groupManagement] INFO  server.RaftServerConfigKeys (ConfUtils.java:logGet(46)) - raft.server.storage.free-space.min = 0MB (=0) (default)
2023-10-27 20:14:05,086 [23554148-3e4d-431f-a73e-f2401dbff1d4-groupManagement] INFO  server.RaftServerConfigKeys (ConfUtils.java:logGet(46)) - raft.server.notification.no-leader.timeout = 300s (custom)
2023-10-27 20:14:05,087 [23554148-3e4d-431f-a73e-f2401dbff1d4-groupManagement] INFO  server.RaftServerConfigKeys (ConfUtils.java:logGet(46)) - raft.server.read.timeout = 10s (default)
2023-10-27 20:14:05,087 [23554148-3e4d-431f-a73e-f2401dbff1d4-groupManagement] INFO  server.RaftServerConfigKeys (ConfUtils.java:logGet(46)) - raft.server.retrycache.expirytime = 600000ms (custom)
2023-10-27 20:14:05,087 [23554148-3e4d-431f-a73e-f2401dbff1d4-groupManagement] INFO  server.RaftServerConfigKeys (ConfUtils.java:logGet(46)) - raft.server.retrycache.statistics.expirytime = 100μs (default)
2023-10-27 20:14:05,087 [23554148-3e4d-431f-a73e-f2401dbff1d4-groupManagement] INFO  server.RaftServerConfigKeys (ConfUtils.java:logGet(46)) - raft.server.read.option = DEFAULT (default)
2023-10-27 20:14:05,089 [23554148-3e4d-431f-a73e-f2401dbff1d4-groupManagement] INFO  server.RaftServerConfigKeys (ConfUtils.java:logGet(46)) - raft.server.rpc.request.timeout = 60s (custom)
2023-10-27 20:14:05,089 [23554148-3e4d-431f-a73e-f2401dbff1d4-groupManagement] INFO  server.RaftServerConfigKeys (ConfUtils.java:logGet(46)) - raft.server.log.appender.install.snapshot.enabled = false (custom)
2023-10-27 20:14:05,089 [23554148-3e4d-431f-a73e-f2401dbff1d4-groupManagement] INFO  server.RaftServerConfigKeys (ConfUtils.java:logGet(46)) - raft.server.threadpool.server.cached = true (default)
2023-10-27 20:14:05,089 [23554148-3e4d-431f-a73e-f2401dbff1d4-groupManagement] INFO  server.RaftServerConfigKeys (ConfUtils.java:logGet(46)) - raft.server.threadpool.server.size = 0 (default)
2023-10-27 20:14:05,089 [23554148-3e4d-431f-a73e-f2401dbff1d4-groupManagement] INFO  server.RaftServerConfigKeys (ConfUtils.java:logGet(46)) - raft.server.threadpool.client.cached = true (default)
2023-10-27 20:14:05,089 [23554148-3e4d-431f-a73e-f2401dbff1d4-groupManagement] INFO  server.RaftServerConfigKeys (ConfUtils.java:logGet(46)) - raft.server.threadpool.client.size = 0 (default)
2023-10-27 20:14:05,089 [23554148-3e4d-431f-a73e-f2401dbff1d4-groupManagement] INFO  storage.RaftStorageDirectory (RaftStorageDirectoryImpl.java:analyzeStorage(137)) - The storage directory /home/runner/work/ozone/ozone/hadoop-ozone/integration-test/target/test-dir/MiniOzoneClusterImpl-60426a9d-3de2-4373-b08b-24a22c9da129/datanode-5/data/ratis/18e9d5d2-3951-48aa-a34d-5a0c10638f91 does not exist. Creating ...
2023-10-27 20:14:05,094 [1407d0d1-39ba-4bc0-b697-1e16e43cd838-PipelineCommandHandlerThread-0] INFO  ratis.XceiverServerRatis (XceiverServerRatis.java:addGroup(805)) - Created group PipelineID=254b3c3c-50bf-42ad-8268-6feedec8654c
2023-10-27 20:14:05,103 [1407d0d1-39ba-4bc0-b697-1e16e43cd838-PipelineCommandHandlerThread-0] INFO  commandhandler.CreatePipelineCommandHandler (CreatePipelineCommandHandler.java:lambda$handle$2(124)) - Created Pipeline RATIS ONE PipelineID=254b3c3c-50bf-42ad-8268-6feedec8654c.
2023-10-27 20:14:05,104 [1407d0d1-39ba-4bc0-b697-1e16e43cd838-PipelineCommandHandlerThread-0] INFO  server.RaftServer (RaftServerProxy.java:addNew(98)) - 1407d0d1-39ba-4bc0-b697-1e16e43cd838: addNew group-5A0C10638F91:[3fb99649-c87f-4cc9-b3d9-f5c572ff189c|rpc:10.1.0.32:15041|admin:10.1.0.32:15040|client:10.1.0.32:15039|dataStream:10.1.0.32:15042|priority:1|startupRole:FOLLOWER, 23554148-3e4d-431f-a73e-f2401dbff1d4|rpc:10.1.0.32:15059|admin:10.1.0.32:15058|client:10.1.0.32:15057|dataStream:10.1.0.32:15060|priority:0|startupRole:FOLLOWER, 1407d0d1-39ba-4bc0-b697-1e16e43cd838|rpc:10.1.0.32:15050|admin:10.1.0.32:15049|client:10.1.0.32:15048|dataStream:10.1.0.32:15051|priority:0|startupRole:FOLLOWER] returns group-5A0C10638F91:java.util.concurrent.CompletableFuture@3f4f0c2f[Not completed]
2023-10-27 20:14:05,106 [1407d0d1-39ba-4bc0-b697-1e16e43cd838-groupManagement] INFO  server.RaftServer$Division (RaftServerImpl.java:<init>(198)) - 1407d0d1-39ba-4bc0-b697-1e16e43cd838: new RaftServerImpl for group-5A0C10638F91:[3fb99649-c87f-4cc9-b3d9-f5c572ff189c|rpc:10.1.0.32:15041|admin:10.1.0.32:15040|client:10.1.0.32:15039|dataStream:10.1.0.32:15042|priority:1|startupRole:FOLLOWER, 23554148-3e4d-431f-a73e-f2401dbff1d4|rpc:10.1.0.32:15059|admin:10.1.0.32:15058|client:10.1.0.32:15057|dataStream:10.1.0.32:15060|priority:0|startupRole:FOLLOWER, 1407d0d1-39ba-4bc0-b697-1e16e43cd838|rpc:10.1.0.32:15050|admin:10.1.0.32:15049|client:10.1.0.32:15048|dataStream:10.1.0.32:15051|priority:0|startupRole:FOLLOWER] with ContainerStateMachine:uninitialized
2023-10-27 20:14:05,107 [1407d0d1-39ba-4bc0-b697-1e16e43cd838-groupManagement] INFO  server.RaftServerConfigKeys (ConfUtils.java:logGet(46)) - raft.server.rpc.timeout.min = 5s (custom)
2023-10-27 20:14:05,107 [1407d0d1-39ba-4bc0-b697-1e16e43cd838-groupManagement] INFO  server.RaftServerConfigKeys (ConfUtils.java:logGet(46)) - raft.server.rpc.timeout.max = 5200ms (custom)
2023-10-27 20:14:05,107 [1407d0d1-39ba-4bc0-b697-1e16e43cd838-groupManagement] INFO  server.RaftServerConfigKeys (ConfUtils.java:logGet(46)) - raft.server.rpc.sleep.time = 25ms (default)
2023-10-27 20:14:05,107 [1407d0d1-39ba-4bc0-b697-1e16e43cd838-groupManagement] INFO  server.RaftServerConfigKeys (ConfUtils.java:logGet(46)) - raft.server.rpc.slowness.timeout = 300s (custom)
2023-10-27 20:14:05,107 [1407d0d1-39ba-4bc0-b697-1e16e43cd838-groupManagement] INFO  server.RaftServerConfigKeys (ConfUtils.java:logGet(46)) - raft.server.leaderelection.leader.step-down.wait-time = 10s (default)
2023-10-27 20:14:05,107 [1407d0d1-39ba-4bc0-b697-1e16e43cd838-groupManagement] INFO  server.RaftServerConfigKeys (ConfUtils.java:logGet(46)) - raft.server.sleep.deviation.threshold = 300ms (default)
2023-10-27 20:14:05,107 [1407d0d1-39ba-4bc0-b697-1e16e43cd838-groupManagement] INFO  server.RaftServer$Division (ServerState.java:<init>(120)) - 1407d0d1-39ba-4bc0-b697-1e16e43cd838@group-5A0C10638F91: ConfigurationManager, init=-1: peers:[3fb99649-c87f-4cc9-b3d9-f5c572ff189c|rpc:10.1.0.32:15041|admin:10.1.0.32:15040|client:10.1.0.32:15039|dataStream:10.1.0.32:15042|priority:1|startupRole:FOLLOWER, 23554148-3e4d-431f-a73e-f2401dbff1d4|rpc:10.1.0.32:15059|admin:10.1.0.32:15058|client:10.1.0.32:15057|dataStream:10.1.0.32:15060|priority:0|startupRole:FOLLOWER, 1407d0d1-39ba-4bc0-b697-1e16e43cd838|rpc:10.1.0.32:15050|admin:10.1.0.32:15049|client:10.1.0.32:15048|dataStream:10.1.0.32:15051|priority:0|startupRole:FOLLOWER]|listeners:[], old=null, confs=<EMPTY_MAP>
2023-10-27 20:14:05,108 [1407d0d1-39ba-4bc0-b697-1e16e43cd838-groupManagement] INFO  server.RaftServerConfigKeys (ConfUtils.java:logGet(46)) - raft.server.storage.dir = [/home/runner/work/ozone/ozone/hadoop-ozone/integration-test/target/test-dir/MiniOzoneClusterImpl-60426a9d-3de2-4373-b08b-24a22c9da129/datanode-4/data/ratis] (custom)
2023-10-27 20:14:05,108 [1407d0d1-39ba-4bc0-b697-1e16e43cd838-groupManagement] INFO  server.RaftServerConfigKeys (ConfUtils.java:logGet(46)) - raft.server.log.corruption.policy = EXCEPTION (default)
2023-10-27 20:14:05,108 [1407d0d1-39ba-4bc0-b697-1e16e43cd838-groupManagement] INFO  server.RaftServerConfigKeys (ConfUtils.java:logGet(46)) - raft.server.storage.free-space.min = 0MB (=0) (default)
2023-10-27 20:14:05,110 [1407d0d1-39ba-4bc0-b697-1e16e43cd838-groupManagement] INFO  server.RaftServerConfigKeys (ConfUtils.java:logGet(46)) - raft.server.notification.no-leader.timeout = 300s (custom)
2023-10-27 20:14:05,110 [23554148-3e4d-431f-a73e-f2401dbff1d4-groupManagement] INFO  storage.RaftStorageDirectory (RaftStorageDirectoryImpl.java:tryLock(231)) - Lock on /home/runner/work/ozone/ozone/hadoop-ozone/integration-test/target/test-dir/MiniOzoneClusterImpl-60426a9d-3de2-4373-b08b-24a22c9da129/datanode-5/data/ratis/18e9d5d2-3951-48aa-a34d-5a0c10638f91/in_use.lock acquired by nodename 14569@fv-az342-943
2023-10-27 20:14:05,110 [1407d0d1-39ba-4bc0-b697-1e16e43cd838-groupManagement] INFO  server.RaftServerConfigKeys (ConfUtils.java:logGet(46)) - raft.server.read.timeout = 10s (default)
2023-10-27 20:14:05,112 [1407d0d1-39ba-4bc0-b697-1e16e43cd838-groupManagement] INFO  server.RaftServerConfigKeys (ConfUtils.java:logGet(46)) - raft.server.retrycache.expirytime = 600000ms (custom)
2023-10-27 20:14:05,112 [1407d0d1-39ba-4bc0-b697-1e16e43cd838-groupManagement] INFO  server.RaftServerConfigKeys (ConfUtils.java:logGet(46)) - raft.server.retrycache.statistics.expirytime = 100μs (default)
2023-10-27 20:14:05,112 [1407d0d1-39ba-4bc0-b697-1e16e43cd838-groupManagement] INFO  server.RaftServerConfigKeys (ConfUtils.java:logGet(46)) - raft.server.read.option = DEFAULT (default)
2023-10-27 20:14:05,114 [fe9b02b7-73ff-430f-9d75-1483ab7beb41-PipelineCommandHandlerThread-0] INFO  server.RaftServer (RaftServerProxy.java:addNew(98)) - fe9b02b7-73ff-430f-9d75-1483ab7beb41: addNew group-6679FA40306C:[fe9b02b7-73ff-430f-9d75-1483ab7beb41|rpc:10.1.0.32:15068|admin:10.1.0.32:15067|client:10.1.0.32:15066|dataStream:10.1.0.32:15069|priority:1|startupRole:FOLLOWER] returns group-6679FA40306C:java.util.concurrent.CompletableFuture@3af1f579[Not completed]
2023-10-27 20:14:05,116 [1407d0d1-39ba-4bc0-b697-1e16e43cd838-groupManagement] INFO  server.RaftServerConfigKeys (ConfUtils.java:logGet(46)) - raft.server.rpc.request.timeout = 60s (custom)
2023-10-27 20:14:05,118 [23554148-3e4d-431f-a73e-f2401dbff1d4-groupManagement] INFO  storage.RaftStorage (RaftStorageImpl.java:format(96)) - Storage directory /home/runner/work/ozone/ozone/hadoop-ozone/integration-test/target/test-dir/MiniOzoneClusterImpl-60426a9d-3de2-4373-b08b-24a22c9da129/datanode-5/data/ratis/18e9d5d2-3951-48aa-a34d-5a0c10638f91 has been successfully formatted.
2023-10-27 20:14:05,119 [1407d0d1-39ba-4bc0-b697-1e16e43cd838-groupManagement] INFO  server.RaftServerConfigKeys (ConfUtils.java:logGet(46)) - raft.server.log.appender.install.snapshot.enabled = false (custom)
2023-10-27 20:14:05,122 [EventQueue-OpenPipelineForHealthyPipelineSafeModeRule] INFO  safemode.SCMSafeModeManager (HealthyPipelineSafeModeRule.java:process(137)) - SCM in safe mode. Healthy pipelines reported count is 0, required healthy pipeline reported count is 1
2023-10-27 20:14:05,119 [23554148-3e4d-431f-a73e-f2401dbff1d4-groupManagement] INFO  ratis.ContainerStateMachine (ContainerStateMachine.java:loadSnapshot(269)) - group-5A0C10638F91: The snapshot info is null. Setting the last applied indexto:(t:0, i:~)
2023-10-27 20:14:05,123 [23554148-3e4d-431f-a73e-f2401dbff1d4-groupManagement] INFO  server.RaftServerConfigKeys (ConfUtils.java:logGet(46)) - raft.server.log.use.memory = false (default)
2023-10-27 20:14:05,123 [23554148-3e4d-431f-a73e-f2401dbff1d4-groupManagement] INFO  server.RaftServerConfigKeys (ConfUtils.java:logGet(46)) - raft.server.log.purge.gap = 1000000 (custom)
2023-10-27 20:14:05,123 [23554148-3e4d-431f-a73e-f2401dbff1d4-groupManagement] INFO  server.RaftServerConfigKeys (ConfUtils.java:logGet(46)) - raft.server.log.appender.buffer.byte-limit = 33554432 (custom)
2023-10-27 20:14:05,123 [23554148-3e4d-431f-a73e-f2401dbff1d4-groupManagement] INFO  server.RaftServerConfigKeys (ConfUtils.java:logGet(46)) - raft.server.log.statemachine.data.read.timeout = 1000ms (default)
2023-10-27 20:14:05,123 [23554148-3e4d-431f-a73e-f2401dbff1d4-groupManagement] INFO  server.RaftServerConfigKeys (ConfUtils.java:logGet(46)) - raft.server.log.purge.preservation.log.num = 0 (default)
2023-10-27 20:14:05,124 [23554148-3e4d-431f-a73e-f2401dbff1d4-groupManagement] INFO  server.RaftServerConfigKeys (ConfUtils.java:logGet(46)) - raft.server.log.segment.size.max = 1048576 (custom)
2023-10-27 20:14:05,124 [23554148-3e4d-431f-a73e-f2401dbff1d4-groupManagement] INFO  server.RaftServerConfigKeys (ConfUtils.java:logGet(46)) - raft.server.log.segment.cache.num.max = 2 (custom)
2023-10-27 20:14:05,125 [23554148-3e4d-431f-a73e-f2401dbff1d4-groupManagement] INFO  server.RaftServerConfigKeys (ConfUtils.java:logGet(46)) - raft.server.log.segment.cache.size.max = 200MB (=209715200) (default)
2023-10-27 20:14:05,125 [23554148-3e4d-431f-a73e-f2401dbff1d4-groupManagement] INFO  server.RaftServerConfigKeys (ConfUtils.java:logGet(46)) - raft.server.log.appender.buffer.byte-limit = 33554432 (custom)
2023-10-27 20:14:05,125 [23554148-3e4d-431f-a73e-f2401dbff1d4-groupManagement] INFO  segmented.SegmentedRaftLogWorker (SegmentedRaftLogWorker.java:<init>(188)) - new 23554148-3e4d-431f-a73e-f2401dbff1d4@group-5A0C10638F91-SegmentedRaftLogWorker for RaftStorageImpl:Storage Directory /home/runner/work/ozone/ozone/hadoop-ozone/integration-test/target/test-dir/MiniOzoneClusterImpl-60426a9d-3de2-4373-b08b-24a22c9da129/datanode-5/data/ratis/18e9d5d2-3951-48aa-a34d-5a0c10638f91
2023-10-27 20:14:05,125 [23554148-3e4d-431f-a73e-f2401dbff1d4-groupManagement] INFO  server.RaftServerConfigKeys (ConfUtils.java:logGet(46)) - raft.server.log.queue.byte-limit = 4294967296 (custom)
2023-10-27 20:14:05,125 [23554148-3e4d-431f-a73e-f2401dbff1d4-groupManagement] INFO  server.RaftServerConfigKeys (ConfUtils.java:logGet(46)) - raft.server.log.queue.element-limit = 1024 (custom)
2023-10-27 20:14:05,125 [23554148-3e4d-431f-a73e-f2401dbff1d4-groupManagement] INFO  server.RaftServerConfigKeys (ConfUtils.java:logGet(46)) - raft.server.log.segment.size.max = 1048576 (custom)
2023-10-27 20:14:05,125 [23554148-3e4d-431f-a73e-f2401dbff1d4-groupManagement] INFO  server.RaftServerConfigKeys (ConfUtils.java:logGet(46)) - raft.server.log.preallocated.size = 16384 (custom)
2023-10-27 20:14:05,125 [23554148-3e4d-431f-a73e-f2401dbff1d4-groupManagement] INFO  server.RaftServerConfigKeys (ConfUtils.java:logGet(46)) - raft.server.log.force.sync.num = 128 (default)
2023-10-27 20:14:05,125 [23554148-3e4d-431f-a73e-f2401dbff1d4-groupManagement] INFO  server.RaftServerConfigKeys (ConfUtils.java:logGet(46)) - raft.server.log.statemachine.data.sync = true (default)
2023-10-27 20:14:05,125 [23554148-3e4d-431f-a73e-f2401dbff1d4-groupManagement] INFO  server.RaftServerConfigKeys (ConfUtils.java:logGet(46)) - raft.server.log.statemachine.data.sync.timeout = 10s (default)
2023-10-27 20:14:05,125 [23554148-3e4d-431f-a73e-f2401dbff1d4-groupManagement] INFO  server.RaftServerConfigKeys (ConfUtils.java:logGet(46)) - raft.server.log.statemachine.data.sync.timeout.retry = -1 (default)
2023-10-27 20:14:05,125 [1407d0d1-39ba-4bc0-b697-1e16e43cd838-groupManagement] INFO  server.RaftServerConfigKeys (ConfUtils.java:logGet(46)) - raft.server.threadpool.server.cached = true (default)
2023-10-27 20:14:05,128 [1407d0d1-39ba-4bc0-b697-1e16e43cd838-groupManagement] INFO  server.RaftServerConfigKeys (ConfUtils.java:logGet(46)) - raft.server.threadpool.server.size = 0 (default)
2023-10-27 20:14:05,129 [1407d0d1-39ba-4bc0-b697-1e16e43cd838-groupManagement] INFO  server.RaftServerConfigKeys (ConfUtils.java:logGet(46)) - raft.server.threadpool.client.cached = true (default)
2023-10-27 20:14:05,135 [1407d0d1-39ba-4bc0-b697-1e16e43cd838-groupManagement] INFO  server.RaftServerConfigKeys (ConfUtils.java:logGet(46)) - raft.server.threadpool.client.size = 0 (default)
2023-10-27 20:14:05,138 [1407d0d1-39ba-4bc0-b697-1e16e43cd838-groupManagement] INFO  storage.RaftStorageDirectory (RaftStorageDirectoryImpl.java:analyzeStorage(137)) - The storage directory /home/runner/work/ozone/ozone/hadoop-ozone/integration-test/target/test-dir/MiniOzoneClusterImpl-60426a9d-3de2-4373-b08b-24a22c9da129/datanode-4/data/ratis/18e9d5d2-3951-48aa-a34d-5a0c10638f91 does not exist. Creating ...
2023-10-27 20:14:05,134 [23554148-3e4d-431f-a73e-f2401dbff1d4-groupManagement] INFO  server.RaftServerConfigKeys (ConfUtils.java:logGet(46)) - raft.server.log.write.buffer.size = 1048576 (custom)
2023-10-27 20:14:05,140 [23554148-3e4d-431f-a73e-f2401dbff1d4-groupManagement] INFO  server.RaftServerConfigKeys (ConfUtils.java:logGet(46)) - raft.server.log.appender.buffer.byte-limit = 33554432 (custom)
2023-10-27 20:14:05,141 [fe9b02b7-73ff-430f-9d75-1483ab7beb41-groupManagement] INFO  server.RaftServer$Division (RaftServerImpl.java:<init>(198)) - fe9b02b7-73ff-430f-9d75-1483ab7beb41: new RaftServerImpl for group-6679FA40306C:[fe9b02b7-73ff-430f-9d75-1483ab7beb41|rpc:10.1.0.32:15068|admin:10.1.0.32:15067|client:10.1.0.32:15066|dataStream:10.1.0.32:15069|priority:1|startupRole:FOLLOWER] with ContainerStateMachine:uninitialized
2023-10-27 20:14:05,144 [fe9b02b7-73ff-430f-9d75-1483ab7beb41-groupManagement] INFO  server.RaftServerConfigKeys (ConfUtils.java:logGet(46)) - raft.server.rpc.timeout.min = 5s (custom)
2023-10-27 20:14:05,145 [fe9b02b7-73ff-430f-9d75-1483ab7beb41-groupManagement] INFO  server.RaftServerConfigKeys (ConfUtils.java:logGet(46)) - raft.server.rpc.timeout.max = 5200ms (custom)
2023-10-27 20:14:05,147 [fe9b02b7-73ff-430f-9d75-1483ab7beb41-groupManagement] INFO  server.RaftServerConfigKeys (ConfUtils.java:logGet(46)) - raft.server.rpc.sleep.time = 25ms (default)
2023-10-27 20:14:05,143 [1407d0d1-39ba-4bc0-b697-1e16e43cd838-groupManagement] INFO  storage.RaftStorageDirectory (RaftStorageDirectoryImpl.java:tryLock(231)) - Lock on /home/runner/work/ozone/ozone/hadoop-ozone/integration-test/target/test-dir/MiniOzoneClusterImpl-60426a9d-3de2-4373-b08b-24a22c9da129/datanode-4/data/ratis/18e9d5d2-3951-48aa-a34d-5a0c10638f91/in_use.lock acquired by nodename 14569@fv-az342-943
2023-10-27 20:14:05,151 [fe9b02b7-73ff-430f-9d75-1483ab7beb41-groupManagement] INFO  server.RaftServerConfigKeys (ConfUtils.java:logGet(46)) - raft.server.rpc.slowness.timeout = 300s (custom)
2023-10-27 20:14:05,152 [fe9b02b7-73ff-430f-9d75-1483ab7beb41-groupManagement] INFO  server.RaftServerConfigKeys (ConfUtils.java:logGet(46)) - raft.server.leaderelection.leader.step-down.wait-time = 10s (default)
2023-10-27 20:14:05,165 [fe9b02b7-73ff-430f-9d75-1483ab7beb41-groupManagement] INFO  server.RaftServerConfigKeys (ConfUtils.java:logGet(46)) - raft.server.sleep.deviation.threshold = 300ms (default)
2023-10-27 20:14:05,165 [fe9b02b7-73ff-430f-9d75-1483ab7beb41-groupManagement] INFO  server.RaftServer$Division (ServerState.java:<init>(120)) - fe9b02b7-73ff-430f-9d75-1483ab7beb41@group-6679FA40306C: ConfigurationManager, init=-1: peers:[fe9b02b7-73ff-430f-9d75-1483ab7beb41|rpc:10.1.0.32:15068|admin:10.1.0.32:15067|client:10.1.0.32:15066|dataStream:10.1.0.32:15069|priority:1|startupRole:FOLLOWER]|listeners:[], old=null, confs=<EMPTY_MAP>
2023-10-27 20:14:05,165 [fe9b02b7-73ff-430f-9d75-1483ab7beb41-groupManagement] INFO  server.RaftServerConfigKeys (ConfUtils.java:logGet(46)) - raft.server.storage.dir = [/home/runner/work/ozone/ozone/hadoop-ozone/integration-test/target/test-dir/MiniOzoneClusterImpl-60426a9d-3de2-4373-b08b-24a22c9da129/datanode-6/data/ratis] (custom)
2023-10-27 20:14:05,165 [fe9b02b7-73ff-430f-9d75-1483ab7beb41-groupManagement] INFO  server.RaftServerConfigKeys (ConfUtils.java:logGet(46)) - raft.server.log.corruption.policy = EXCEPTION (default)
2023-10-27 20:14:05,165 [fe9b02b7-73ff-430f-9d75-1483ab7beb41-groupManagement] INFO  server.RaftServerConfigKeys (ConfUtils.java:logGet(46)) - raft.server.storage.free-space.min = 0MB (=0) (default)
2023-10-27 20:14:05,166 [fe9b02b7-73ff-430f-9d75-1483ab7beb41-groupManagement] INFO  server.RaftServerConfigKeys (ConfUtils.java:logGet(46)) - raft.server.notification.no-leader.timeout = 300s (custom)
2023-10-27 20:14:05,166 [fe9b02b7-73ff-430f-9d75-1483ab7beb41-groupManagement] INFO  server.RaftServerConfigKeys (ConfUtils.java:logGet(46)) - raft.server.read.timeout = 10s (default)
2023-10-27 20:14:05,176 [fe9b02b7-73ff-430f-9d75-1483ab7beb41-groupManagement] INFO  server.RaftServerConfigKeys (ConfUtils.java:logGet(46)) - raft.server.retrycache.expirytime = 600000ms (custom)
2023-10-27 20:14:05,163 [23554148-3e4d-431f-a73e-f2401dbff1d4-groupManagement] INFO  server.RaftServerConfigKeys (ConfUtils.java:logGet(46)) - raft.server.log.unsafe-flush.enabled = false (default)
2023-10-27 20:14:05,176 [23554148-3e4d-431f-a73e-f2401dbff1d4-groupManagement] INFO  server.RaftServerConfigKeys (ConfUtils.java:logGet(46)) - raft.server.log.async-flush.enabled = false (default)
2023-10-27 20:14:05,176 [23554148-3e4d-431f-a73e-f2401dbff1d4-groupManagement] INFO  server.RaftServerConfigKeys (ConfUtils.java:logGet(46)) - raft.server.log.statemachine.data.caching.enabled = true (custom)
2023-10-27 20:14:05,177 [23554148-3e4d-431f-a73e-f2401dbff1d4-groupManagement] INFO  segmented.SegmentedRaftLogWorker (SegmentedRaftLogWorker.java:lambda$new$0(135)) - 23554148-3e4d-431f-a73e-f2401dbff1d4@group-5A0C10638F91-SegmentedRaftLogWorker: flushIndex: setUnconditionally 0 -> -1
2023-10-27 20:14:05,177 [23554148-3e4d-431f-a73e-f2401dbff1d4-groupManagement] INFO  segmented.SegmentedRaftLogWorker (SegmentedRaftLogWorker.java:lambda$new$0(135)) - 23554148-3e4d-431f-a73e-f2401dbff1d4@group-5A0C10638F91-SegmentedRaftLogWorker: safeCacheEvictIndex: setUnconditionally 0 -> -1
2023-10-27 20:14:05,154 [main] INFO  ozone.MiniOzoneClusterImpl (MiniOzoneClusterImpl.java:lambda$waitForClusterToBeReady$0(229)) - Nodes are ready. Got 10 of 10 DN Heartbeats.
2023-10-27 20:14:05,177 [main] INFO  ozone.MiniOzoneClusterImpl (MiniOzoneClusterImpl.java:lambda$waitForClusterToBeReady$0(232)) - Waiting for cluster to exit safe mode
2023-10-27 20:14:05,177 [main] INFO  ozone.MiniOzoneClusterImpl (MiniOzoneClusterImpl.java:lambda$waitForClusterToBeReady$0(234)) - SCM became leader
2023-10-27 20:14:05,176 [fe9b02b7-73ff-430f-9d75-1483ab7beb41-groupManagement] INFO  server.RaftServerConfigKeys (ConfUtils.java:logGet(46)) - raft.server.retrycache.statistics.expirytime = 100μs (default)
2023-10-27 20:14:05,166 [1407d0d1-39ba-4bc0-b697-1e16e43cd838-groupManagement] INFO  storage.RaftStorage (RaftStorageImpl.java:format(96)) - Storage directory /home/runner/work/ozone/ozone/hadoop-ozone/integration-test/target/test-dir/MiniOzoneClusterImpl-60426a9d-3de2-4373-b08b-24a22c9da129/datanode-4/data/ratis/18e9d5d2-3951-48aa-a34d-5a0c10638f91 has been successfully formatted.
2023-10-27 20:14:05,180 [fe9b02b7-73ff-430f-9d75-1483ab7beb41-groupManagement] INFO  server.RaftServerConfigKeys (ConfUtils.java:logGet(46)) - raft.server.read.option = DEFAULT (default)
2023-10-27 20:14:05,183 [23554148-3e4d-431f-a73e-f2401dbff1d4-groupManagement] INFO  server.RaftServer$Division (RaftServerImpl.java:start(342)) - 23554148-3e4d-431f-a73e-f2401dbff1d4@group-5A0C10638F91: start as a follower, conf=-1: peers:[3fb99649-c87f-4cc9-b3d9-f5c572ff189c|rpc:10.1.0.32:15041|admin:10.1.0.32:15040|client:10.1.0.32:15039|dataStream:10.1.0.32:15042|priority:1|startupRole:FOLLOWER, 23554148-3e4d-431f-a73e-f2401dbff1d4|rpc:10.1.0.32:15059|admin:10.1.0.32:15058|client:10.1.0.32:15057|dataStream:10.1.0.32:15060|priority:0|startupRole:FOLLOWER, 1407d0d1-39ba-4bc0-b697-1e16e43cd838|rpc:10.1.0.32:15050|admin:10.1.0.32:15049|client:10.1.0.32:15048|dataStream:10.1.0.32:15051|priority:0|startupRole:FOLLOWER]|listeners:[], old=null
2023-10-27 20:14:05,183 [23554148-3e4d-431f-a73e-f2401dbff1d4-groupManagement] INFO  server.RaftServer$Division (RaftServerImpl.java:setRole(329)) - 23554148-3e4d-431f-a73e-f2401dbff1d4@group-5A0C10638F91: changes role from      null to FOLLOWER at term 0 for startAsFollower
2023-10-27 20:14:05,183 [23554148-3e4d-431f-a73e-f2401dbff1d4-groupManagement] INFO  impl.RoleInfo (RoleInfo.java:updateAndGet(139)) - 23554148-3e4d-431f-a73e-f2401dbff1d4: start 23554148-3e4d-431f-a73e-f2401dbff1d4@group-5A0C10638F91-FollowerState
2023-10-27 20:14:05,185 [23554148-3e4d-431f-a73e-f2401dbff1d4-groupManagement] INFO  util.JmxRegister (JmxRegister.java:tryRegister(44)) - Successfully registered JMX Bean with object name Ratis:service=RaftServer,group=group-5A0C10638F91,id=23554148-3e4d-431f-a73e-f2401dbff1d4
2023-10-27 20:14:05,185 [23554148-3e4d-431f-a73e-f2401dbff1d4@group-5A0C10638F91-FollowerState] INFO  server.RaftServerConfigKeys (ConfUtils.java:logFallback(53)) - raft.server.rpc.first-election.timeout.min = 5s (fallback to raft.server.rpc.timeout.min)
2023-10-27 20:14:05,202 [23554148-3e4d-431f-a73e-f2401dbff1d4@group-5A0C10638F91-FollowerState] INFO  server.RaftServerConfigKeys (ConfUtils.java:logFallback(53)) - raft.server.rpc.first-election.timeout.max = 5200ms (fallback to raft.server.rpc.timeout.max)
2023-10-27 20:14:05,201 [EventQueue-OpenPipelineForHealthyPipelineSafeModeRule] INFO  safemode.SCMSafeModeManager (HealthyPipelineSafeModeRule.java:process(137)) - SCM in safe mode. Healthy pipelines reported count is 0, required healthy pipeline reported count is 1
2023-10-27 20:14:05,187 [1407d0d1-39ba-4bc0-b697-1e16e43cd838-groupManagement] INFO  ratis.ContainerStateMachine (ContainerStateMachine.java:loadSnapshot(269)) - group-5A0C10638F91: The snapshot info is null. Setting the last applied indexto:(t:0, i:~)
2023-10-27 20:14:05,203 [1407d0d1-39ba-4bc0-b697-1e16e43cd838-groupManagement] INFO  server.RaftServerConfigKeys (ConfUtils.java:logGet(46)) - raft.server.log.use.memory = false (default)
2023-10-27 20:14:05,203 [1407d0d1-39ba-4bc0-b697-1e16e43cd838-groupManagement] INFO  server.RaftServerConfigKeys (ConfUtils.java:logGet(46)) - raft.server.log.purge.gap = 1000000 (custom)
2023-10-27 20:14:05,203 [1407d0d1-39ba-4bc0-b697-1e16e43cd838-groupManagement] INFO  server.RaftServerConfigKeys (ConfUtils.java:logGet(46)) - raft.server.log.appender.buffer.byte-limit = 33554432 (custom)
2023-10-27 20:14:05,203 [1407d0d1-39ba-4bc0-b697-1e16e43cd838-groupManagement] INFO  server.RaftServerConfigKeys (ConfUtils.java:logGet(46)) - raft.server.log.statemachine.data.read.timeout = 1000ms (default)
2023-10-27 20:14:05,203 [1407d0d1-39ba-4bc0-b697-1e16e43cd838-groupManagement] INFO  server.RaftServerConfigKeys (ConfUtils.java:logGet(46)) - raft.server.log.purge.preservation.log.num = 0 (default)
2023-10-27 20:14:05,204 [1407d0d1-39ba-4bc0-b697-1e16e43cd838-groupManagement] INFO  server.RaftServerConfigKeys (ConfUtils.java:logGet(46)) - raft.server.log.segment.size.max = 1048576 (custom)
2023-10-27 20:14:05,204 [1407d0d1-39ba-4bc0-b697-1e16e43cd838-groupManagement] INFO  server.RaftServerConfigKeys (ConfUtils.java:logGet(46)) - raft.server.log.segment.cache.num.max = 2 (custom)
2023-10-27 20:14:05,204 [1407d0d1-39ba-4bc0-b697-1e16e43cd838-groupManagement] INFO  server.RaftServerConfigKeys (ConfUtils.java:logGet(46)) - raft.server.log.segment.cache.size.max = 200MB (=209715200) (default)
2023-10-27 20:14:05,205 [1407d0d1-39ba-4bc0-b697-1e16e43cd838-groupManagement] INFO  server.RaftServerConfigKeys (ConfUtils.java:logGet(46)) - raft.server.log.appender.buffer.byte-limit = 33554432 (custom)
2023-10-27 20:14:05,205 [1407d0d1-39ba-4bc0-b697-1e16e43cd838-groupManagement] INFO  segmented.SegmentedRaftLogWorker (SegmentedRaftLogWorker.java:<init>(188)) - new 1407d0d1-39ba-4bc0-b697-1e16e43cd838@group-5A0C10638F91-SegmentedRaftLogWorker for RaftStorageImpl:Storage Directory /home/runner/work/ozone/ozone/hadoop-ozone/integration-test/target/test-dir/MiniOzoneClusterImpl-60426a9d-3de2-4373-b08b-24a22c9da129/datanode-4/data/ratis/18e9d5d2-3951-48aa-a34d-5a0c10638f91
2023-10-27 20:14:05,205 [1407d0d1-39ba-4bc0-b697-1e16e43cd838-groupManagement] INFO  server.RaftServerConfigKeys (ConfUtils.java:logGet(46)) - raft.server.log.queue.byte-limit = 4294967296 (custom)
2023-10-27 20:14:05,205 [1407d0d1-39ba-4bc0-b697-1e16e43cd838-groupManagement] INFO  server.RaftServerConfigKeys (ConfUtils.java:logGet(46)) - raft.server.log.queue.element-limit = 1024 (custom)
2023-10-27 20:14:05,205 [1407d0d1-39ba-4bc0-b697-1e16e43cd838-groupManagement] INFO  server.RaftServerConfigKeys (ConfUtils.java:logGet(46)) - raft.server.log.segment.size.max = 1048576 (custom)
2023-10-27 20:14:05,185 [23554148-3e4d-431f-a73e-f2401dbff1d4-groupManagement] INFO  server.RaftServerConfigKeys (ConfUtils.java:logGet(46)) - raft.server.snapshot.auto.trigger.enabled = true (custom)
2023-10-27 20:14:05,205 [23554148-3e4d-431f-a73e-f2401dbff1d4-groupManagement] INFO  server.RaftServerConfigKeys (ConfUtils.java:logGet(46)) - raft.server.snapshot.auto.trigger.threshold = 10000 (custom)
2023-10-27 20:14:05,205 [23554148-3e4d-431f-a73e-f2401dbff1d4-groupManagement] INFO  server.RaftServerConfigKeys (ConfUtils.java:logGet(46)) - raft.server.snapshot.retention.file.num = 5 (custom)
2023-10-27 20:14:05,206 [23554148-3e4d-431f-a73e-f2401dbff1d4-groupManagement] INFO  server.RaftServerConfigKeys (ConfUtils.java:logGet(46)) - raft.server.log.purge.upto.snapshot.index = false (default)
2023-10-27 20:14:05,207 [fe9b02b7-73ff-430f-9d75-1483ab7beb41-groupManagement] INFO  server.RaftServerConfigKeys (ConfUtils.java:logGet(46)) - raft.server.rpc.request.timeout = 60s (custom)
2023-10-27 20:14:05,207 [fe9b02b7-73ff-430f-9d75-1483ab7beb41-groupManagement] INFO  server.RaftServerConfigKeys (ConfUtils.java:logGet(46)) - raft.server.log.appender.install.snapshot.enabled = false (custom)
2023-10-27 20:14:05,208 [fe9b02b7-73ff-430f-9d75-1483ab7beb41-groupManagement] INFO  server.RaftServerConfigKeys (ConfUtils.java:logGet(46)) - raft.server.threadpool.server.cached = true (default)
2023-10-27 20:14:05,208 [fe9b02b7-73ff-430f-9d75-1483ab7beb41-groupManagement] INFO  server.RaftServerConfigKeys (ConfUtils.java:logGet(46)) - raft.server.threadpool.server.size = 0 (default)
2023-10-27 20:14:05,208 [fe9b02b7-73ff-430f-9d75-1483ab7beb41-groupManagement] INFO  server.RaftServerConfigKeys (ConfUtils.java:logGet(46)) - raft.server.threadpool.client.cached = true (default)
2023-10-27 20:14:05,211 [fe9b02b7-73ff-430f-9d75-1483ab7beb41-groupManagement] INFO  server.RaftServerConfigKeys (ConfUtils.java:logGet(46)) - raft.server.threadpool.client.size = 0 (default)
2023-10-27 20:14:05,211 [fe9b02b7-73ff-430f-9d75-1483ab7beb41-groupManagement] INFO  storage.RaftStorageDirectory (RaftStorageDirectoryImpl.java:analyzeStorage(137)) - The storage directory /home/runner/work/ozone/ozone/hadoop-ozone/integration-test/target/test-dir/MiniOzoneClusterImpl-60426a9d-3de2-4373-b08b-24a22c9da129/datanode-6/data/ratis/c6409f40-347f-4249-a917-6679fa40306c does not exist. Creating ...
2023-10-27 20:14:05,210 [23554148-3e4d-431f-a73e-f2401dbff1d4-PipelineCommandHandlerThread-0] INFO  ratis.XceiverServerRatis (XceiverServerRatis.java:addGroup(805)) - Created group PipelineID=18e9d5d2-3951-48aa-a34d-5a0c10638f91
2023-10-27 20:14:05,212 [1407d0d1-39ba-4bc0-b697-1e16e43cd838-groupManagement] INFO  server.RaftServerConfigKeys (ConfUtils.java:logGet(46)) - raft.server.log.preallocated.size = 16384 (custom)
2023-10-27 20:14:05,212 [1407d0d1-39ba-4bc0-b697-1e16e43cd838-groupManagement] INFO  server.RaftServerConfigKeys (ConfUtils.java:logGet(46)) - raft.server.log.force.sync.num = 128 (default)
2023-10-27 20:14:05,212 [1407d0d1-39ba-4bc0-b697-1e16e43cd838-groupManagement] INFO  server.RaftServerConfigKeys (ConfUtils.java:logGet(46)) - raft.server.log.statemachine.data.sync = true (default)
2023-10-27 20:14:05,212 [1407d0d1-39ba-4bc0-b697-1e16e43cd838-groupManagement] INFO  server.RaftServerConfigKeys (ConfUtils.java:logGet(46)) - raft.server.log.statemachine.data.sync.timeout = 10s (default)
2023-10-27 20:14:05,212 [1407d0d1-39ba-4bc0-b697-1e16e43cd838-groupManagement] INFO  server.RaftServerConfigKeys (ConfUtils.java:logGet(46)) - raft.server.log.statemachine.data.sync.timeout.retry = -1 (default)
2023-10-27 20:14:05,216 [1407d0d1-39ba-4bc0-b697-1e16e43cd838-groupManagement] INFO  server.RaftServerConfigKeys (ConfUtils.java:logGet(46)) - raft.server.log.write.buffer.size = 1048576 (custom)
2023-10-27 20:14:05,221 [fe9b02b7-73ff-430f-9d75-1483ab7beb41-groupManagement] INFO  storage.RaftStorageDirectory (RaftStorageDirectoryImpl.java:tryLock(231)) - Lock on /home/runner/work/ozone/ozone/hadoop-ozone/integration-test/target/test-dir/MiniOzoneClusterImpl-60426a9d-3de2-4373-b08b-24a22c9da129/datanode-6/data/ratis/c6409f40-347f-4249-a917-6679fa40306c/in_use.lock acquired by nodename 14569@fv-az342-943
2023-10-27 20:14:05,224 [1407d0d1-39ba-4bc0-b697-1e16e43cd838-groupManagement] INFO  server.RaftServerConfigKeys (ConfUtils.java:logGet(46)) - raft.server.log.appender.buffer.byte-limit = 33554432 (custom)
2023-10-27 20:14:05,226 [fe9b02b7-73ff-430f-9d75-1483ab7beb41-groupManagement] INFO  storage.RaftStorage (RaftStorageImpl.java:format(96)) - Storage directory /home/runner/work/ozone/ozone/hadoop-ozone/integration-test/target/test-dir/MiniOzoneClusterImpl-60426a9d-3de2-4373-b08b-24a22c9da129/datanode-6/data/ratis/c6409f40-347f-4249-a917-6679fa40306c has been successfully formatted.
2023-10-27 20:14:05,230 [fe9b02b7-73ff-430f-9d75-1483ab7beb41-groupManagement] INFO  ratis.ContainerStateMachine (ContainerStateMachine.java:loadSnapshot(269)) - group-6679FA40306C: The snapshot info is null. Setting the last applied indexto:(t:0, i:~)
2023-10-27 20:14:05,233 [EventQueue-PipelineReportForPipelineReportHandler] INFO  pipeline.PipelineReportHandler (PipelineReportHandler.java:processPipelineReport(136)) - Opened pipeline PipelineID=c6409f40-347f-4249-a917-6679fa40306c
2023-10-27 20:14:05,234 [EventQueue-OpenPipelineForHealthyPipelineSafeModeRule] INFO  safemode.SCMSafeModeManager (HealthyPipelineSafeModeRule.java:process(137)) - SCM in safe mode. Healthy pipelines reported count is 0, required healthy pipeline reported count is 1
2023-10-27 20:14:05,234 [fe9b02b7-73ff-430f-9d75-1483ab7beb41-groupManagement] INFO  server.RaftServerConfigKeys (ConfUtils.java:logGet(46)) - raft.server.log.use.memory = false (default)
2023-10-27 20:14:05,237 [fe9b02b7-73ff-430f-9d75-1483ab7beb41-groupManagement] INFO  server.RaftServerConfigKeys (ConfUtils.java:logGet(46)) - raft.server.log.purge.gap = 1000000 (custom)
2023-10-27 20:14:05,237 [fe9b02b7-73ff-430f-9d75-1483ab7beb41-groupManagement] INFO  server.RaftServerConfigKeys (ConfUtils.java:logGet(46)) - raft.server.log.appender.buffer.byte-limit = 33554432 (custom)
2023-10-27 20:14:05,237 [fe9b02b7-73ff-430f-9d75-1483ab7beb41-groupManagement] INFO  server.RaftServerConfigKeys (ConfUtils.java:logGet(46)) - raft.server.log.statemachine.data.read.timeout = 1000ms (default)
2023-10-27 20:14:05,237 [fe9b02b7-73ff-430f-9d75-1483ab7beb41-groupManagement] INFO  server.RaftServerConfigKeys (ConfUtils.java:logGet(46)) - raft.server.log.purge.preservation.log.num = 0 (default)
2023-10-27 20:14:05,241 [fe9b02b7-73ff-430f-9d75-1483ab7beb41-groupManagement] INFO  server.RaftServerConfigKeys (ConfUtils.java:logGet(46)) - raft.server.log.segment.size.max = 1048576 (custom)
2023-10-27 20:14:05,246 [fe9b02b7-73ff-430f-9d75-1483ab7beb41-groupManagement] INFO  server.RaftServerConfigKeys (ConfUtils.java:logGet(46)) - raft.server.log.segment.cache.num.max = 2 (custom)
2023-10-27 20:14:05,246 [fe9b02b7-73ff-430f-9d75-1483ab7beb41-groupManagement] INFO  server.RaftServerConfigKeys (ConfUtils.java:logGet(46)) - raft.server.log.segment.cache.size.max = 200MB (=209715200) (default)
2023-10-27 20:14:05,246 [fe9b02b7-73ff-430f-9d75-1483ab7beb41-groupManagement] INFO  server.RaftServerConfigKeys (ConfUtils.java:logGet(46)) - raft.server.log.appender.buffer.byte-limit = 33554432 (custom)
2023-10-27 20:14:05,246 [fe9b02b7-73ff-430f-9d75-1483ab7beb41-groupManagement] INFO  segmented.SegmentedRaftLogWorker (SegmentedRaftLogWorker.java:<init>(188)) - new fe9b02b7-73ff-430f-9d75-1483ab7beb41@group-6679FA40306C-SegmentedRaftLogWorker for RaftStorageImpl:Storage Directory /home/runner/work/ozone/ozone/hadoop-ozone/integration-test/target/test-dir/MiniOzoneClusterImpl-60426a9d-3de2-4373-b08b-24a22c9da129/datanode-6/data/ratis/c6409f40-347f-4249-a917-6679fa40306c
2023-10-27 20:14:05,260 [fe9b02b7-73ff-430f-9d75-1483ab7beb41-groupManagement] INFO  server.RaftServerConfigKeys (ConfUtils.java:logGet(46)) - raft.server.log.queue.byte-limit = 4294967296 (custom)
2023-10-27 20:14:05,261 [fe9b02b7-73ff-430f-9d75-1483ab7beb41-groupManagement] INFO  server.RaftServerConfigKeys (ConfUtils.java:logGet(46)) - raft.server.log.queue.element-limit = 1024 (custom)
2023-10-27 20:14:05,261 [fe9b02b7-73ff-430f-9d75-1483ab7beb41-groupManagement] INFO  server.RaftServerConfigKeys (ConfUtils.java:logGet(46)) - raft.server.log.segment.size.max = 1048576 (custom)
2023-10-27 20:14:05,261 [fe9b02b7-73ff-430f-9d75-1483ab7beb41-groupManagement] INFO  server.RaftServerConfigKeys (ConfUtils.java:logGet(46)) - raft.server.log.preallocated.size = 16384 (custom)
2023-10-27 20:14:05,261 [fe9b02b7-73ff-430f-9d75-1483ab7beb41-groupManagement] INFO  server.RaftServerConfigKeys (ConfUtils.java:logGet(46)) - raft.server.log.force.sync.num = 128 (default)
2023-10-27 20:14:05,261 [fe9b02b7-73ff-430f-9d75-1483ab7beb41-groupManagement] INFO  server.RaftServerConfigKeys (ConfUtils.java:logGet(46)) - raft.server.log.statemachine.data.sync = true (default)
2023-10-27 20:14:05,261 [fe9b02b7-73ff-430f-9d75-1483ab7beb41-groupManagement] INFO  server.RaftServerConfigKeys (ConfUtils.java:logGet(46)) - raft.server.log.statemachine.data.sync.timeout = 10s (default)
2023-10-27 20:14:05,261 [fe9b02b7-73ff-430f-9d75-1483ab7beb41-groupManagement] INFO  server.RaftServerConfigKeys (ConfUtils.java:logGet(46)) - raft.server.log.statemachine.data.sync.timeout.retry = -1 (default)
2023-10-27 20:14:05,268 [1407d0d1-39ba-4bc0-b697-1e16e43cd838-groupManagement] INFO  server.RaftServerConfigKeys (ConfUtils.java:logGet(46)) - raft.server.log.unsafe-flush.enabled = false (default)
2023-10-27 20:14:05,269 [1407d0d1-39ba-4bc0-b697-1e16e43cd838-groupManagement] INFO  server.RaftServerConfigKeys (ConfUtils.java:logGet(46)) - raft.server.log.async-flush.enabled = false (default)
2023-10-27 20:14:05,269 [1407d0d1-39ba-4bc0-b697-1e16e43cd838-groupManagement] INFO  server.RaftServerConfigKeys (ConfUtils.java:logGet(46)) - raft.server.log.statemachine.data.caching.enabled = true (custom)
2023-10-27 20:14:05,289 [1407d0d1-39ba-4bc0-b697-1e16e43cd838-groupManagement] INFO  segmented.SegmentedRaftLogWorker (SegmentedRaftLogWorker.java:lambda$new$0(135)) - 1407d0d1-39ba-4bc0-b697-1e16e43cd838@group-5A0C10638F91-SegmentedRaftLogWorker: flushIndex: setUnconditionally 0 -> -1
2023-10-27 20:14:05,289 [1407d0d1-39ba-4bc0-b697-1e16e43cd838-groupManagement] INFO  segmented.SegmentedRaftLogWorker (SegmentedRaftLogWorker.java:lambda$new$0(135)) - 1407d0d1-39ba-4bc0-b697-1e16e43cd838@group-5A0C10638F91-SegmentedRaftLogWorker: safeCacheEvictIndex: setUnconditionally 0 -> -1
2023-10-27 20:14:05,276 [fe9b02b7-73ff-430f-9d75-1483ab7beb41-groupManagement] INFO  server.RaftServerConfigKeys (ConfUtils.java:logGet(46)) - raft.server.log.write.buffer.size = 1048576 (custom)
2023-10-27 20:14:05,290 [1407d0d1-39ba-4bc0-b697-1e16e43cd838-groupManagement] INFO  server.RaftServer$Division (RaftServerImpl.java:start(342)) - 1407d0d1-39ba-4bc0-b697-1e16e43cd838@group-5A0C10638F91: start as a follower, conf=-1: peers:[3fb99649-c87f-4cc9-b3d9-f5c572ff189c|rpc:10.1.0.32:15041|admin:10.1.0.32:15040|client:10.1.0.32:15039|dataStream:10.1.0.32:15042|priority:1|startupRole:FOLLOWER, 23554148-3e4d-431f-a73e-f2401dbff1d4|rpc:10.1.0.32:15059|admin:10.1.0.32:15058|client:10.1.0.32:15057|dataStream:10.1.0.32:15060|priority:0|startupRole:FOLLOWER, 1407d0d1-39ba-4bc0-b697-1e16e43cd838|rpc:10.1.0.32:15050|admin:10.1.0.32:15049|client:10.1.0.32:15048|dataStream:10.1.0.32:15051|priority:0|startupRole:FOLLOWER]|listeners:[], old=null
2023-10-27 20:14:05,290 [fe9b02b7-73ff-430f-9d75-1483ab7beb41-groupManagement] INFO  server.RaftServerConfigKeys (ConfUtils.java:logGet(46)) - raft.server.log.appender.buffer.byte-limit = 33554432 (custom)
2023-10-27 20:14:05,291 [1407d0d1-39ba-4bc0-b697-1e16e43cd838-groupManagement] INFO  server.RaftServer$Division (RaftServerImpl.java:setRole(329)) - 1407d0d1-39ba-4bc0-b697-1e16e43cd838@group-5A0C10638F91: changes role from      null to FOLLOWER at term 0 for startAsFollower
2023-10-27 20:14:05,301 [1407d0d1-39ba-4bc0-b697-1e16e43cd838-groupManagement] INFO  impl.RoleInfo (RoleInfo.java:updateAndGet(139)) - 1407d0d1-39ba-4bc0-b697-1e16e43cd838: start 1407d0d1-39ba-4bc0-b697-1e16e43cd838@group-5A0C10638F91-FollowerState
2023-10-27 20:14:05,335 [fe9b02b7-73ff-430f-9d75-1483ab7beb41-groupManagement] INFO  server.RaftServerConfigKeys (ConfUtils.java:logGet(46)) - raft.server.log.unsafe-flush.enabled = false (default)
2023-10-27 20:14:05,336 [fe9b02b7-73ff-430f-9d75-1483ab7beb41-groupManagement] INFO  server.RaftServerConfigKeys (ConfUtils.java:logGet(46)) - raft.server.log.async-flush.enabled = false (default)
2023-10-27 20:14:05,336 [fe9b02b7-73ff-430f-9d75-1483ab7beb41-groupManagement] INFO  server.RaftServerConfigKeys (ConfUtils.java:logGet(46)) - raft.server.log.statemachine.data.caching.enabled = true (custom)
2023-10-27 20:14:05,337 [fe9b02b7-73ff-430f-9d75-1483ab7beb41-groupManagement] INFO  segmented.SegmentedRaftLogWorker (SegmentedRaftLogWorker.java:lambda$new$0(135)) - fe9b02b7-73ff-430f-9d75-1483ab7beb41@group-6679FA40306C-SegmentedRaftLogWorker: flushIndex: setUnconditionally 0 -> -1
2023-10-27 20:14:05,337 [fe9b02b7-73ff-430f-9d75-1483ab7beb41-groupManagement] INFO  segmented.SegmentedRaftLogWorker (SegmentedRaftLogWorker.java:lambda$new$0(135)) - fe9b02b7-73ff-430f-9d75-1483ab7beb41@group-6679FA40306C-SegmentedRaftLogWorker: safeCacheEvictIndex: setUnconditionally 0 -> -1
2023-10-27 20:14:05,337 [1407d0d1-39ba-4bc0-b697-1e16e43cd838-groupManagement] INFO  util.JmxRegister (JmxRegister.java:tryRegister(44)) - Successfully registered JMX Bean with object name Ratis:service=RaftServer,group=group-5A0C10638F91,id=1407d0d1-39ba-4bc0-b697-1e16e43cd838
2023-10-27 20:14:05,338 [1407d0d1-39ba-4bc0-b697-1e16e43cd838-groupManagement] INFO  server.RaftServerConfigKeys (ConfUtils.java:logGet(46)) - raft.server.snapshot.auto.trigger.enabled = true (custom)
2023-10-27 20:14:05,338 [fe9b02b7-73ff-430f-9d75-1483ab7beb41-groupManagement] INFO  server.RaftServer$Division (RaftServerImpl.java:start(342)) - fe9b02b7-73ff-430f-9d75-1483ab7beb41@group-6679FA40306C: start as a follower, conf=-1: peers:[fe9b02b7-73ff-430f-9d75-1483ab7beb41|rpc:10.1.0.32:15068|admin:10.1.0.32:15067|client:10.1.0.32:15066|dataStream:10.1.0.32:15069|priority:1|startupRole:FOLLOWER]|listeners:[], old=null
2023-10-27 20:14:05,338 [fe9b02b7-73ff-430f-9d75-1483ab7beb41-groupManagement] INFO  server.RaftServer$Division (RaftServerImpl.java:setRole(329)) - fe9b02b7-73ff-430f-9d75-1483ab7beb41@group-6679FA40306C: changes role from      null to FOLLOWER at term 0 for startAsFollower
2023-10-27 20:14:05,338 [fe9b02b7-73ff-430f-9d75-1483ab7beb41-groupManagement] INFO  impl.RoleInfo (RoleInfo.java:updateAndGet(139)) - fe9b02b7-73ff-430f-9d75-1483ab7beb41: start fe9b02b7-73ff-430f-9d75-1483ab7beb41@group-6679FA40306C-FollowerState
2023-10-27 20:14:05,338 [1407d0d1-39ba-4bc0-b697-1e16e43cd838-groupManagement] INFO  server.RaftServerConfigKeys (ConfUtils.java:logGet(46)) - raft.server.snapshot.auto.trigger.threshold = 10000 (custom)
2023-10-27 20:14:05,338 [1407d0d1-39ba-4bc0-b697-1e16e43cd838-groupManagement] INFO  server.RaftServerConfigKeys (ConfUtils.java:logGet(46)) - raft.server.snapshot.retention.file.num = 5 (custom)
2023-10-27 20:14:05,339 [1407d0d1-39ba-4bc0-b697-1e16e43cd838-groupManagement] INFO  server.RaftServerConfigKeys (ConfUtils.java:logGet(46)) - raft.server.log.purge.upto.snapshot.index = false (default)
2023-10-27 20:14:05,339 [fe9b02b7-73ff-430f-9d75-1483ab7beb41-groupManagement] INFO  util.JmxRegister (JmxRegister.java:tryRegister(44)) - Successfully registered JMX Bean with object name Ratis:service=RaftServer,group=group-6679FA40306C,id=fe9b02b7-73ff-430f-9d75-1483ab7beb41
2023-10-27 20:14:05,339 [fe9b02b7-73ff-430f-9d75-1483ab7beb41-groupManagement] INFO  server.RaftServerConfigKeys (ConfUtils.java:logGet(46)) - raft.server.snapshot.auto.trigger.enabled = true (custom)
2023-10-27 20:14:05,339 [fe9b02b7-73ff-430f-9d75-1483ab7beb41-groupManagement] INFO  server.RaftServerConfigKeys (ConfUtils.java:logGet(46)) - raft.server.snapshot.auto.trigger.threshold = 10000 (custom)
2023-10-27 20:14:05,339 [fe9b02b7-73ff-430f-9d75-1483ab7beb41-groupManagement] INFO  server.RaftServerConfigKeys (ConfUtils.java:logGet(46)) - raft.server.snapshot.retention.file.num = 5 (custom)
2023-10-27 20:14:05,339 [fe9b02b7-73ff-430f-9d75-1483ab7beb41-groupManagement] INFO  server.RaftServerConfigKeys (ConfUtils.java:logGet(46)) - raft.server.log.purge.upto.snapshot.index = false (default)
2023-10-27 20:14:05,340 [fe9b02b7-73ff-430f-9d75-1483ab7beb41@group-6679FA40306C-FollowerState] INFO  server.RaftServerConfigKeys (ConfUtils.java:logFallback(53)) - raft.server.rpc.first-election.timeout.min = 5s (fallback to raft.server.rpc.timeout.min)
2023-10-27 20:14:05,341 [fe9b02b7-73ff-430f-9d75-1483ab7beb41@group-6679FA40306C-FollowerState] INFO  server.RaftServerConfigKeys (ConfUtils.java:logFallback(53)) - raft.server.rpc.first-election.timeout.max = 5200ms (fallback to raft.server.rpc.timeout.max)
2023-10-27 20:14:05,344 [1407d0d1-39ba-4bc0-b697-1e16e43cd838@group-5A0C10638F91-FollowerState] INFO  server.RaftServerConfigKeys (ConfUtils.java:logFallback(53)) - raft.server.rpc.first-election.timeout.min = 5s (fallback to raft.server.rpc.timeout.min)
2023-10-27 20:14:05,344 [1407d0d1-39ba-4bc0-b697-1e16e43cd838@group-5A0C10638F91-FollowerState] INFO  server.RaftServerConfigKeys (ConfUtils.java:logFallback(53)) - raft.server.rpc.first-election.timeout.max = 5200ms (fallback to raft.server.rpc.timeout.max)
2023-10-27 20:14:05,345 [1407d0d1-39ba-4bc0-b697-1e16e43cd838-PipelineCommandHandlerThread-0] INFO  ratis.XceiverServerRatis (XceiverServerRatis.java:addGroup(805)) - Created group PipelineID=18e9d5d2-3951-48aa-a34d-5a0c10638f91
2023-10-27 20:14:05,367 [fe9b02b7-73ff-430f-9d75-1483ab7beb41-PipelineCommandHandlerThread-0] INFO  ratis.XceiverServerRatis (XceiverServerRatis.java:addGroup(805)) - Created group PipelineID=c6409f40-347f-4249-a917-6679fa40306c
2023-10-27 20:14:05,367 [fe9b02b7-73ff-430f-9d75-1483ab7beb41-PipelineCommandHandlerThread-0] INFO  commandhandler.CreatePipelineCommandHandler (CreatePipelineCommandHandler.java:lambda$handle$2(124)) - Created Pipeline RATIS ONE PipelineID=c6409f40-347f-4249-a917-6679fa40306c.
2023-10-27 20:14:05,380 [fe9b02b7-73ff-430f-9d75-1483ab7beb41-PipelineCommandHandlerThread-0] INFO  server.RaftServer (RaftServerProxy.java:addNew(98)) - fe9b02b7-73ff-430f-9d75-1483ab7beb41: addNew group-C71ED06640E5:[f612f2cf-90dc-41dc-bf39-cf028d38c484|rpc:10.1.0.32:15077|admin:10.1.0.32:15076|client:10.1.0.32:15075|dataStream:10.1.0.32:15078|priority:0|startupRole:FOLLOWER, 55507c8a-594d-4e25-909f-8d2832294c55|rpc:10.1.0.32:15086|admin:10.1.0.32:15085|client:10.1.0.32:15084|dataStream:10.1.0.32:15087|priority:0|startupRole:FOLLOWER, fe9b02b7-73ff-430f-9d75-1483ab7beb41|rpc:10.1.0.32:15068|admin:10.1.0.32:15067|client:10.1.0.32:15066|dataStream:10.1.0.32:15069|priority:1|startupRole:FOLLOWER] returns group-C71ED06640E5:java.util.concurrent.CompletableFuture@3ece66ff[Not completed]
2023-10-27 20:14:05,382 [fe9b02b7-73ff-430f-9d75-1483ab7beb41-groupManagement] INFO  server.RaftServer$Division (RaftServerImpl.java:<init>(198)) - fe9b02b7-73ff-430f-9d75-1483ab7beb41: new RaftServerImpl for group-C71ED06640E5:[f612f2cf-90dc-41dc-bf39-cf028d38c484|rpc:10.1.0.32:15077|admin:10.1.0.32:15076|client:10.1.0.32:15075|dataStream:10.1.0.32:15078|priority:0|startupRole:FOLLOWER, 55507c8a-594d-4e25-909f-8d2832294c55|rpc:10.1.0.32:15086|admin:10.1.0.32:15085|client:10.1.0.32:15084|dataStream:10.1.0.32:15087|priority:0|startupRole:FOLLOWER, fe9b02b7-73ff-430f-9d75-1483ab7beb41|rpc:10.1.0.32:15068|admin:10.1.0.32:15067|client:10.1.0.32:15066|dataStream:10.1.0.32:15069|priority:1|startupRole:FOLLOWER] with ContainerStateMachine:uninitialized
2023-10-27 20:14:05,383 [fe9b02b7-73ff-430f-9d75-1483ab7beb41-groupManagement] INFO  server.RaftServerConfigKeys (ConfUtils.java:logGet(46)) - raft.server.rpc.timeout.min = 5s (custom)
2023-10-27 20:14:05,383 [fe9b02b7-73ff-430f-9d75-1483ab7beb41-groupManagement] INFO  server.RaftServerConfigKeys (ConfUtils.java:logGet(46)) - raft.server.rpc.timeout.max = 5200ms (custom)
2023-10-27 20:14:05,383 [fe9b02b7-73ff-430f-9d75-1483ab7beb41-groupManagement] INFO  server.RaftServerConfigKeys (ConfUtils.java:logGet(46)) - raft.server.rpc.sleep.time = 25ms (default)
2023-10-27 20:14:05,383 [fe9b02b7-73ff-430f-9d75-1483ab7beb41-groupManagement] INFO  server.RaftServerConfigKeys (ConfUtils.java:logGet(46)) - raft.server.rpc.slowness.timeout = 300s (custom)
2023-10-27 20:14:05,383 [fe9b02b7-73ff-430f-9d75-1483ab7beb41-groupManagement] INFO  server.RaftServerConfigKeys (ConfUtils.java:logGet(46)) - raft.server.leaderelection.leader.step-down.wait-time = 10s (default)
2023-10-27 20:14:05,383 [fe9b02b7-73ff-430f-9d75-1483ab7beb41-groupManagement] INFO  server.RaftServerConfigKeys (ConfUtils.java:logGet(46)) - raft.server.sleep.deviation.threshold = 300ms (default)
2023-10-27 20:14:05,383 [fe9b02b7-73ff-430f-9d75-1483ab7beb41-groupManagement] INFO  server.RaftServer$Division (ServerState.java:<init>(120)) - fe9b02b7-73ff-430f-9d75-1483ab7beb41@group-C71ED06640E5: ConfigurationManager, init=-1: peers:[f612f2cf-90dc-41dc-bf39-cf028d38c484|rpc:10.1.0.32:15077|admin:10.1.0.32:15076|client:10.1.0.32:15075|dataStream:10.1.0.32:15078|priority:0|startupRole:FOLLOWER, 55507c8a-594d-4e25-909f-8d2832294c55|rpc:10.1.0.32:15086|admin:10.1.0.32:15085|client:10.1.0.32:15084|dataStream:10.1.0.32:15087|priority:0|startupRole:FOLLOWER, fe9b02b7-73ff-430f-9d75-1483ab7beb41|rpc:10.1.0.32:15068|admin:10.1.0.32:15067|client:10.1.0.32:15066|dataStream:10.1.0.32:15069|priority:1|startupRole:FOLLOWER]|listeners:[], old=null, confs=<EMPTY_MAP>
2023-10-27 20:14:05,383 [fe9b02b7-73ff-430f-9d75-1483ab7beb41-groupManagement] INFO  server.RaftServerConfigKeys (ConfUtils.java:logGet(46)) - raft.server.storage.dir = [/home/runner/work/ozone/ozone/hadoop-ozone/integration-test/target/test-dir/MiniOzoneClusterImpl-60426a9d-3de2-4373-b08b-24a22c9da129/datanode-6/data/ratis] (custom)
2023-10-27 20:14:05,385 [fe9b02b7-73ff-430f-9d75-1483ab7beb41-groupManagement] INFO  server.RaftServerConfigKeys (ConfUtils.java:logGet(46)) - raft.server.log.corruption.policy = EXCEPTION (default)
2023-10-27 20:14:05,385 [fe9b02b7-73ff-430f-9d75-1483ab7beb41-groupManagement] INFO  server.RaftServerConfigKeys (ConfUtils.java:logGet(46)) - raft.server.storage.free-space.min = 0MB (=0) (default)
2023-10-27 20:14:05,385 [fe9b02b7-73ff-430f-9d75-1483ab7beb41-groupManagement] INFO  server.RaftServerConfigKeys (ConfUtils.java:logGet(46)) - raft.server.notification.no-leader.timeout = 300s (custom)
2023-10-27 20:14:05,385 [fe9b02b7-73ff-430f-9d75-1483ab7beb41-groupManagement] INFO  server.RaftServerConfigKeys (ConfUtils.java:logGet(46)) - raft.server.read.timeout = 10s (default)
2023-10-27 20:14:05,385 [fe9b02b7-73ff-430f-9d75-1483ab7beb41-groupManagement] INFO  server.RaftServerConfigKeys (ConfUtils.java:logGet(46)) - raft.server.retrycache.expirytime = 600000ms (custom)
2023-10-27 20:14:05,385 [fe9b02b7-73ff-430f-9d75-1483ab7beb41-groupManagement] INFO  server.RaftServerConfigKeys (ConfUtils.java:logGet(46)) - raft.server.retrycache.statistics.expirytime = 100μs (default)
2023-10-27 20:14:05,385 [fe9b02b7-73ff-430f-9d75-1483ab7beb41-groupManagement] INFO  server.RaftServerConfigKeys (ConfUtils.java:logGet(46)) - raft.server.read.option = DEFAULT (default)
2023-10-27 20:14:05,401 [fe9b02b7-73ff-430f-9d75-1483ab7beb41-groupManagement] INFO  server.RaftServerConfigKeys (ConfUtils.java:logGet(46)) - raft.server.rpc.request.timeout = 60s (custom)
2023-10-27 20:14:05,401 [fe9b02b7-73ff-430f-9d75-1483ab7beb41-groupManagement] INFO  server.RaftServerConfigKeys (ConfUtils.java:logGet(46)) - raft.server.log.appender.install.snapshot.enabled = false (custom)
2023-10-27 20:14:05,401 [fe9b02b7-73ff-430f-9d75-1483ab7beb41-groupManagement] INFO  server.RaftServerConfigKeys (ConfUtils.java:logGet(46)) - raft.server.threadpool.server.cached = true (default)
2023-10-27 20:14:05,401 [fe9b02b7-73ff-430f-9d75-1483ab7beb41-groupManagement] INFO  server.RaftServerConfigKeys (ConfUtils.java:logGet(46)) - raft.server.threadpool.server.size = 0 (default)
2023-10-27 20:14:05,401 [fe9b02b7-73ff-430f-9d75-1483ab7beb41-groupManagement] INFO  server.RaftServerConfigKeys (ConfUtils.java:logGet(46)) - raft.server.threadpool.client.cached = true (default)
2023-10-27 20:14:05,401 [fe9b02b7-73ff-430f-9d75-1483ab7beb41-groupManagement] INFO  server.RaftServerConfigKeys (ConfUtils.java:logGet(46)) - raft.server.threadpool.client.size = 0 (default)
2023-10-27 20:14:05,402 [fe9b02b7-73ff-430f-9d75-1483ab7beb41-groupManagement] INFO  storage.RaftStorageDirectory (RaftStorageDirectoryImpl.java:analyzeStorage(137)) - The storage directory /home/runner/work/ozone/ozone/hadoop-ozone/integration-test/target/test-dir/MiniOzoneClusterImpl-60426a9d-3de2-4373-b08b-24a22c9da129/datanode-6/data/ratis/ef4fc66b-b8f7-4bea-8eaa-c71ed06640e5 does not exist. Creating ...
2023-10-27 20:14:05,419 [f612f2cf-90dc-41dc-bf39-cf028d38c484-PipelineCommandHandlerThread-0] INFO  server.RaftServer (RaftServerProxy.java:addNew(98)) - f612f2cf-90dc-41dc-bf39-cf028d38c484: addNew group-B006CA637614:[f612f2cf-90dc-41dc-bf39-cf028d38c484|rpc:10.1.0.32:15077|admin:10.1.0.32:15076|client:10.1.0.32:15075|dataStream:10.1.0.32:15078|priority:1|startupRole:FOLLOWER] returns group-B006CA637614:java.util.concurrent.CompletableFuture@1470ea29[Not completed]
2023-10-27 20:14:05,420 [fe9b02b7-73ff-430f-9d75-1483ab7beb41-groupManagement] INFO  storage.RaftStorageDirectory (RaftStorageDirectoryImpl.java:tryLock(231)) - Lock on /home/runner/work/ozone/ozone/hadoop-ozone/integration-test/target/test-dir/MiniOzoneClusterImpl-60426a9d-3de2-4373-b08b-24a22c9da129/datanode-6/data/ratis/ef4fc66b-b8f7-4bea-8eaa-c71ed06640e5/in_use.lock acquired by nodename 14569@fv-az342-943
2023-10-27 20:14:05,447 [fe9b02b7-73ff-430f-9d75-1483ab7beb41-groupManagement] INFO  storage.RaftStorage (RaftStorageImpl.java:format(96)) - Storage directory /home/runner/work/ozone/ozone/hadoop-ozone/integration-test/target/test-dir/MiniOzoneClusterImpl-60426a9d-3de2-4373-b08b-24a22c9da129/datanode-6/data/ratis/ef4fc66b-b8f7-4bea-8eaa-c71ed06640e5 has been successfully formatted.
2023-10-27 20:14:05,449 [fe9b02b7-73ff-430f-9d75-1483ab7beb41-groupManagement] INFO  ratis.ContainerStateMachine (ContainerStateMachine.java:loadSnapshot(269)) - group-C71ED06640E5: The snapshot info is null. Setting the last applied indexto:(t:0, i:~)
2023-10-27 20:14:05,454 [fe9b02b7-73ff-430f-9d75-1483ab7beb41-groupManagement] INFO  server.RaftServerConfigKeys (ConfUtils.java:logGet(46)) - raft.server.log.use.memory = false (default)
2023-10-27 20:14:05,455 [fe9b02b7-73ff-430f-9d75-1483ab7beb41-groupManagement] INFO  server.RaftServerConfigKeys (ConfUtils.java:logGet(46)) - raft.server.log.purge.gap = 1000000 (custom)
2023-10-27 20:14:05,449 [f612f2cf-90dc-41dc-bf39-cf028d38c484-groupManagement] INFO  server.RaftServer$Division (RaftServerImpl.java:<init>(198)) - f612f2cf-90dc-41dc-bf39-cf028d38c484: new RaftServerImpl for group-B006CA637614:[f612f2cf-90dc-41dc-bf39-cf028d38c484|rpc:10.1.0.32:15077|admin:10.1.0.32:15076|client:10.1.0.32:15075|dataStream:10.1.0.32:15078|priority:1|startupRole:FOLLOWER] with ContainerStateMachine:uninitialized
2023-10-27 20:14:05,458 [f612f2cf-90dc-41dc-bf39-cf028d38c484-groupManagement] INFO  server.RaftServerConfigKeys (ConfUtils.java:logGet(46)) - raft.server.rpc.timeout.min = 5s (custom)
2023-10-27 20:14:05,463 [f612f2cf-90dc-41dc-bf39-cf028d38c484-groupManagement] INFO  server.RaftServerConfigKeys (ConfUtils.java:logGet(46)) - raft.server.rpc.timeout.max = 5200ms (custom)
2023-10-27 20:14:05,463 [f612f2cf-90dc-41dc-bf39-cf028d38c484-groupManagement] INFO  server.RaftServerConfigKeys (ConfUtils.java:logGet(46)) - raft.server.rpc.sleep.time = 25ms (default)
2023-10-27 20:14:05,464 [f612f2cf-90dc-41dc-bf39-cf028d38c484-groupManagement] INFO  server.RaftServerConfigKeys (ConfUtils.java:logGet(46)) - raft.server.rpc.slowness.timeout = 300s (custom)
2023-10-27 20:14:05,465 [f612f2cf-90dc-41dc-bf39-cf028d38c484-groupManagement] INFO  server.RaftServerConfigKeys (ConfUtils.java:logGet(46)) - raft.server.leaderelection.leader.step-down.wait-time = 10s (default)
2023-10-27 20:14:05,465 [f612f2cf-90dc-41dc-bf39-cf028d38c484-groupManagement] INFO  server.RaftServerConfigKeys (ConfUtils.java:logGet(46)) - raft.server.sleep.deviation.threshold = 300ms (default)
2023-10-27 20:14:05,458 [fe9b02b7-73ff-430f-9d75-1483ab7beb41-groupManagement] INFO  server.RaftServerConfigKeys (ConfUtils.java:logGet(46)) - raft.server.log.appender.buffer.byte-limit = 33554432 (custom)
2023-10-27 20:14:05,471 [f612f2cf-90dc-41dc-bf39-cf028d38c484-groupManagement] INFO  server.RaftServer$Division (ServerState.java:<init>(120)) - f612f2cf-90dc-41dc-bf39-cf028d38c484@group-B006CA637614: ConfigurationManager, init=-1: peers:[f612f2cf-90dc-41dc-bf39-cf028d38c484|rpc:10.1.0.32:15077|admin:10.1.0.32:15076|client:10.1.0.32:15075|dataStream:10.1.0.32:15078|priority:1|startupRole:FOLLOWER]|listeners:[], old=null, confs=<EMPTY_MAP>
2023-10-27 20:14:05,471 [EventQueue-OpenPipelineForHealthyPipelineSafeModeRule] INFO  safemode.SCMSafeModeManager (HealthyPipelineSafeModeRule.java:process(137)) - SCM in safe mode. Healthy pipelines reported count is 0, required healthy pipeline reported count is 1
2023-10-27 20:14:05,471 [f612f2cf-90dc-41dc-bf39-cf028d38c484-groupManagement] INFO  server.RaftServerConfigKeys (ConfUtils.java:logGet(46)) - raft.server.storage.dir = [/home/runner/work/ozone/ozone/hadoop-ozone/integration-test/target/test-dir/MiniOzoneClusterImpl-60426a9d-3de2-4373-b08b-24a22c9da129/datanode-7/data/ratis] (custom)
2023-10-27 20:14:05,475 [f612f2cf-90dc-41dc-bf39-cf028d38c484-groupManagement] INFO  server.RaftServerConfigKeys (ConfUtils.java:logGet(46)) - raft.server.log.corruption.policy = EXCEPTION (default)
2023-10-27 20:14:05,475 [f612f2cf-90dc-41dc-bf39-cf028d38c484-groupManagement] INFO  server.RaftServerConfigKeys (ConfUtils.java:logGet(46)) - raft.server.storage.free-space.min = 0MB (=0) (default)
2023-10-27 20:14:05,476 [f612f2cf-90dc-41dc-bf39-cf028d38c484-groupManagement] INFO  server.RaftServerConfigKeys (ConfUtils.java:logGet(46)) - raft.server.notification.no-leader.timeout = 300s (custom)
2023-10-27 20:14:05,476 [f612f2cf-90dc-41dc-bf39-cf028d38c484-groupManagement] INFO  server.RaftServerConfigKeys (ConfUtils.java:logGet(46)) - raft.server.read.timeout = 10s (default)
2023-10-27 20:14:05,476 [f612f2cf-90dc-41dc-bf39-cf028d38c484-groupManagement] INFO  server.RaftServerConfigKeys (ConfUtils.java:logGet(46)) - raft.server.retrycache.expirytime = 600000ms (custom)
2023-10-27 20:14:05,476 [f612f2cf-90dc-41dc-bf39-cf028d38c484-groupManagement] INFO  server.RaftServerConfigKeys (ConfUtils.java:logGet(46)) - raft.server.retrycache.statistics.expirytime = 100μs (default)
2023-10-27 20:14:05,476 [f612f2cf-90dc-41dc-bf39-cf028d38c484-groupManagement] INFO  server.RaftServerConfigKeys (ConfUtils.java:logGet(46)) - raft.server.read.option = DEFAULT (default)
2023-10-27 20:14:05,471 [fe9b02b7-73ff-430f-9d75-1483ab7beb41-groupManagement] INFO  server.RaftServerConfigKeys (ConfUtils.java:logGet(46)) - raft.server.log.statemachine.data.read.timeout = 1000ms (default)
2023-10-27 20:14:05,477 [fe9b02b7-73ff-430f-9d75-1483ab7beb41-groupManagement] INFO  server.RaftServerConfigKeys (ConfUtils.java:logGet(46)) - raft.server.log.purge.preservation.log.num = 0 (default)
2023-10-27 20:14:05,477 [fe9b02b7-73ff-430f-9d75-1483ab7beb41-groupManagement] INFO  server.RaftServerConfigKeys (ConfUtils.java:logGet(46)) - raft.server.log.segment.size.max = 1048576 (custom)
2023-10-27 20:14:05,478 [fe9b02b7-73ff-430f-9d75-1483ab7beb41-groupManagement] INFO  server.RaftServerConfigKeys (ConfUtils.java:logGet(46)) - raft.server.log.segment.cache.num.max = 2 (custom)
2023-10-27 20:14:05,478 [fe9b02b7-73ff-430f-9d75-1483ab7beb41-groupManagement] INFO  server.RaftServerConfigKeys (ConfUtils.java:logGet(46)) - raft.server.log.segment.cache.size.max = 200MB (=209715200) (default)
2023-10-27 20:14:05,478 [fe9b02b7-73ff-430f-9d75-1483ab7beb41-groupManagement] INFO  server.RaftServerConfigKeys (ConfUtils.java:logGet(46)) - raft.server.log.appender.buffer.byte-limit = 33554432 (custom)
2023-10-27 20:14:05,478 [fe9b02b7-73ff-430f-9d75-1483ab7beb41-groupManagement] INFO  segmented.SegmentedRaftLogWorker (SegmentedRaftLogWorker.java:<init>(188)) - new fe9b02b7-73ff-430f-9d75-1483ab7beb41@group-C71ED06640E5-SegmentedRaftLogWorker for RaftStorageImpl:Storage Directory /home/runner/work/ozone/ozone/hadoop-ozone/integration-test/target/test-dir/MiniOzoneClusterImpl-60426a9d-3de2-4373-b08b-24a22c9da129/datanode-6/data/ratis/ef4fc66b-b8f7-4bea-8eaa-c71ed06640e5
2023-10-27 20:14:05,478 [fe9b02b7-73ff-430f-9d75-1483ab7beb41-groupManagement] INFO  server.RaftServerConfigKeys (ConfUtils.java:logGet(46)) - raft.server.log.queue.byte-limit = 4294967296 (custom)
2023-10-27 20:14:05,478 [fe9b02b7-73ff-430f-9d75-1483ab7beb41-groupManagement] INFO  server.RaftServerConfigKeys (ConfUtils.java:logGet(46)) - raft.server.log.queue.element-limit = 1024 (custom)
2023-10-27 20:14:05,479 [fe9b02b7-73ff-430f-9d75-1483ab7beb41-groupManagement] INFO  server.RaftServerConfigKeys (ConfUtils.java:logGet(46)) - raft.server.log.segment.size.max = 1048576 (custom)
2023-10-27 20:14:05,479 [fe9b02b7-73ff-430f-9d75-1483ab7beb41-groupManagement] INFO  server.RaftServerConfigKeys (ConfUtils.java:logGet(46)) - raft.server.log.preallocated.size = 16384 (custom)
2023-10-27 20:14:05,479 [fe9b02b7-73ff-430f-9d75-1483ab7beb41-groupManagement] INFO  server.RaftServerConfigKeys (ConfUtils.java:logGet(46)) - raft.server.log.force.sync.num = 128 (default)
2023-10-27 20:14:05,479 [fe9b02b7-73ff-430f-9d75-1483ab7beb41-groupManagement] INFO  server.RaftServerConfigKeys (ConfUtils.java:logGet(46)) - raft.server.log.statemachine.data.sync = true (default)
2023-10-27 20:14:05,479 [fe9b02b7-73ff-430f-9d75-1483ab7beb41-groupManagement] INFO  server.RaftServerConfigKeys (ConfUtils.java:logGet(46)) - raft.server.log.statemachine.data.sync.timeout = 10s (default)
2023-10-27 20:14:05,479 [fe9b02b7-73ff-430f-9d75-1483ab7beb41-groupManagement] INFO  server.RaftServerConfigKeys (ConfUtils.java:logGet(46)) - raft.server.log.statemachine.data.sync.timeout.retry = -1 (default)
2023-10-27 20:14:05,480 [fe9b02b7-73ff-430f-9d75-1483ab7beb41-groupManagement] INFO  server.RaftServerConfigKeys (ConfUtils.java:logGet(46)) - raft.server.log.write.buffer.size = 1048576 (custom)
2023-10-27 20:14:05,481 [fe9b02b7-73ff-430f-9d75-1483ab7beb41-groupManagement] INFO  server.RaftServerConfigKeys (ConfUtils.java:logGet(46)) - raft.server.log.appender.buffer.byte-limit = 33554432 (custom)
2023-10-27 20:14:05,496 [fe9b02b7-73ff-430f-9d75-1483ab7beb41-groupManagement] INFO  server.RaftServerConfigKeys (ConfUtils.java:logGet(46)) - raft.server.log.unsafe-flush.enabled = false (default)
2023-10-27 20:14:05,498 [fe9b02b7-73ff-430f-9d75-1483ab7beb41-groupManagement] INFO  server.RaftServerConfigKeys (ConfUtils.java:logGet(46)) - raft.server.log.async-flush.enabled = false (default)
2023-10-27 20:14:05,498 [fe9b02b7-73ff-430f-9d75-1483ab7beb41-groupManagement] INFO  server.RaftServerConfigKeys (ConfUtils.java:logGet(46)) - raft.server.log.statemachine.data.caching.enabled = true (custom)
2023-10-27 20:14:05,499 [fe9b02b7-73ff-430f-9d75-1483ab7beb41-groupManagement] INFO  segmented.SegmentedRaftLogWorker (SegmentedRaftLogWorker.java:lambda$new$0(135)) - fe9b02b7-73ff-430f-9d75-1483ab7beb41@group-C71ED06640E5-SegmentedRaftLogWorker: flushIndex: setUnconditionally 0 -> -1
2023-10-27 20:14:05,503 [fe9b02b7-73ff-430f-9d75-1483ab7beb41-groupManagement] INFO  segmented.SegmentedRaftLogWorker (SegmentedRaftLogWorker.java:lambda$new$0(135)) - fe9b02b7-73ff-430f-9d75-1483ab7beb41@group-C71ED06640E5-SegmentedRaftLogWorker: safeCacheEvictIndex: setUnconditionally 0 -> -1
2023-10-27 20:14:05,503 [fe9b02b7-73ff-430f-9d75-1483ab7beb41-groupManagement] INFO  server.RaftServer$Division (RaftServerImpl.java:start(342)) - fe9b02b7-73ff-430f-9d75-1483ab7beb41@group-C71ED06640E5: start as a follower, conf=-1: peers:[f612f2cf-90dc-41dc-bf39-cf028d38c484|rpc:10.1.0.32:15077|admin:10.1.0.32:15076|client:10.1.0.32:15075|dataStream:10.1.0.32:15078|priority:0|startupRole:FOLLOWER, 55507c8a-594d-4e25-909f-8d2832294c55|rpc:10.1.0.32:15086|admin:10.1.0.32:15085|client:10.1.0.32:15084|dataStream:10.1.0.32:15087|priority:0|startupRole:FOLLOWER, fe9b02b7-73ff-430f-9d75-1483ab7beb41|rpc:10.1.0.32:15068|admin:10.1.0.32:15067|client:10.1.0.32:15066|dataStream:10.1.0.32:15069|priority:1|startupRole:FOLLOWER]|listeners:[], old=null
2023-10-27 20:14:05,503 [fe9b02b7-73ff-430f-9d75-1483ab7beb41-groupManagement] INFO  server.RaftServer$Division (RaftServerImpl.java:setRole(329)) - fe9b02b7-73ff-430f-9d75-1483ab7beb41@group-C71ED06640E5: changes role from      null to FOLLOWER at term 0 for startAsFollower
2023-10-27 20:14:05,503 [fe9b02b7-73ff-430f-9d75-1483ab7beb41-groupManagement] INFO  impl.RoleInfo (RoleInfo.java:updateAndGet(139)) - fe9b02b7-73ff-430f-9d75-1483ab7beb41: start fe9b02b7-73ff-430f-9d75-1483ab7beb41@group-C71ED06640E5-FollowerState
2023-10-27 20:14:05,504 [fe9b02b7-73ff-430f-9d75-1483ab7beb41-groupManagement] INFO  util.JmxRegister (JmxRegister.java:tryRegister(44)) - Successfully registered JMX Bean with object name Ratis:service=RaftServer,group=group-C71ED06640E5,id=fe9b02b7-73ff-430f-9d75-1483ab7beb41
2023-10-27 20:14:05,504 [f612f2cf-90dc-41dc-bf39-cf028d38c484-groupManagement] INFO  server.RaftServerConfigKeys (ConfUtils.java:logGet(46)) - raft.server.rpc.request.timeout = 60s (custom)
2023-10-27 20:14:05,504 [f612f2cf-90dc-41dc-bf39-cf028d38c484-groupManagement] INFO  server.RaftServerConfigKeys (ConfUtils.java:logGet(46)) - raft.server.log.appender.install.snapshot.enabled = false (custom)
2023-10-27 20:14:05,504 [f612f2cf-90dc-41dc-bf39-cf028d38c484-groupManagement] INFO  server.RaftServerConfigKeys (ConfUtils.java:logGet(46)) - raft.server.threadpool.server.cached = true (default)
2023-10-27 20:14:05,504 [f612f2cf-90dc-41dc-bf39-cf028d38c484-groupManagement] INFO  server.RaftServerConfigKeys (ConfUtils.java:logGet(46)) - raft.server.threadpool.server.size = 0 (default)
2023-10-27 20:14:05,504 [f612f2cf-90dc-41dc-bf39-cf028d38c484-groupManagement] INFO  server.RaftServerConfigKeys (ConfUtils.java:logGet(46)) - raft.server.threadpool.client.cached = true (default)
2023-10-27 20:14:05,504 [f612f2cf-90dc-41dc-bf39-cf028d38c484-groupManagement] INFO  server.RaftServerConfigKeys (ConfUtils.java:logGet(46)) - raft.server.threadpool.client.size = 0 (default)
2023-10-27 20:14:05,505 [f612f2cf-90dc-41dc-bf39-cf028d38c484-groupManagement] INFO  storage.RaftStorageDirectory (RaftStorageDirectoryImpl.java:analyzeStorage(137)) - The storage directory /home/runner/work/ozone/ozone/hadoop-ozone/integration-test/target/test-dir/MiniOzoneClusterImpl-60426a9d-3de2-4373-b08b-24a22c9da129/datanode-7/data/ratis/ed67bf68-12cf-4330-af31-b006ca637614 does not exist. Creating ...
2023-10-27 20:14:05,504 [fe9b02b7-73ff-430f-9d75-1483ab7beb41-groupManagement] INFO  server.RaftServerConfigKeys (ConfUtils.java:logGet(46)) - raft.server.snapshot.auto.trigger.enabled = true (custom)
2023-10-27 20:14:05,505 [fe9b02b7-73ff-430f-9d75-1483ab7beb41-groupManagement] INFO  server.RaftServerConfigKeys (ConfUtils.java:logGet(46)) - raft.server.snapshot.auto.trigger.threshold = 10000 (custom)
2023-10-27 20:14:05,505 [fe9b02b7-73ff-430f-9d75-1483ab7beb41-groupManagement] INFO  server.RaftServerConfigKeys (ConfUtils.java:logGet(46)) - raft.server.snapshot.retention.file.num = 5 (custom)
2023-10-27 20:14:05,506 [fe9b02b7-73ff-430f-9d75-1483ab7beb41-groupManagement] INFO  server.RaftServerConfigKeys (ConfUtils.java:logGet(46)) - raft.server.log.purge.upto.snapshot.index = false (default)
2023-10-27 20:14:05,507 [fe9b02b7-73ff-430f-9d75-1483ab7beb41-PipelineCommandHandlerThread-0] INFO  ratis.XceiverServerRatis (XceiverServerRatis.java:addGroup(805)) - Created group PipelineID=ef4fc66b-b8f7-4bea-8eaa-c71ed06640e5
2023-10-27 20:14:05,512 [f612f2cf-90dc-41dc-bf39-cf028d38c484-groupManagement] INFO  storage.RaftStorageDirectory (RaftStorageDirectoryImpl.java:tryLock(231)) - Lock on /home/runner/work/ozone/ozone/hadoop-ozone/integration-test/target/test-dir/MiniOzoneClusterImpl-60426a9d-3de2-4373-b08b-24a22c9da129/datanode-7/data/ratis/ed67bf68-12cf-4330-af31-b006ca637614/in_use.lock acquired by nodename 14569@fv-az342-943
2023-10-27 20:14:05,515 [f612f2cf-90dc-41dc-bf39-cf028d38c484-groupManagement] INFO  storage.RaftStorage (RaftStorageImpl.java:format(96)) - Storage directory /home/runner/work/ozone/ozone/hadoop-ozone/integration-test/target/test-dir/MiniOzoneClusterImpl-60426a9d-3de2-4373-b08b-24a22c9da129/datanode-7/data/ratis/ed67bf68-12cf-4330-af31-b006ca637614 has been successfully formatted.
2023-10-27 20:14:05,515 [f612f2cf-90dc-41dc-bf39-cf028d38c484-groupManagement] INFO  ratis.ContainerStateMachine (ContainerStateMachine.java:loadSnapshot(269)) - group-B006CA637614: The snapshot info is null. Setting the last applied indexto:(t:0, i:~)
2023-10-27 20:14:05,515 [f612f2cf-90dc-41dc-bf39-cf028d38c484-groupManagement] INFO  server.RaftServerConfigKeys (ConfUtils.java:logGet(46)) - raft.server.log.use.memory = false (default)
2023-10-27 20:14:05,516 [f612f2cf-90dc-41dc-bf39-cf028d38c484-groupManagement] INFO  server.RaftServerConfigKeys (ConfUtils.java:logGet(46)) - raft.server.log.purge.gap = 1000000 (custom)
2023-10-27 20:14:05,516 [f612f2cf-90dc-41dc-bf39-cf028d38c484-groupManagement] INFO  server.RaftServerConfigKeys (ConfUtils.java:logGet(46)) - raft.server.log.appender.buffer.byte-limit = 33554432 (custom)
2023-10-27 20:14:05,516 [f612f2cf-90dc-41dc-bf39-cf028d38c484-groupManagement] INFO  server.RaftServerConfigKeys (ConfUtils.java:logGet(46)) - raft.server.log.statemachine.data.read.timeout = 1000ms (default)
2023-10-27 20:14:05,521 [f612f2cf-90dc-41dc-bf39-cf028d38c484-groupManagement] INFO  server.RaftServerConfigKeys (ConfUtils.java:logGet(46)) - raft.server.log.purge.preservation.log.num = 0 (default)
2023-10-27 20:14:05,521 [f612f2cf-90dc-41dc-bf39-cf028d38c484-groupManagement] INFO  server.RaftServerConfigKeys (ConfUtils.java:logGet(46)) - raft.server.log.segment.size.max = 1048576 (custom)
2023-10-27 20:14:05,522 [EventQueue-PipelineReportForPipelineReportHandler] INFO  pipeline.PipelineReportHandler (PipelineReportHandler.java:processPipelineReport(136)) - Opened pipeline PipelineID=ed67bf68-12cf-4330-af31-b006ca637614
2023-10-27 20:14:05,522 [EventQueue-OpenPipelineForHealthyPipelineSafeModeRule] INFO  safemode.SCMSafeModeManager (HealthyPipelineSafeModeRule.java:process(137)) - SCM in safe mode. Healthy pipelines reported count is 0, required healthy pipeline reported count is 1
2023-10-27 20:14:05,522 [f612f2cf-90dc-41dc-bf39-cf028d38c484-groupManagement] INFO  server.RaftServerConfigKeys (ConfUtils.java:logGet(46)) - raft.server.log.segment.cache.num.max = 2 (custom)
2023-10-27 20:14:05,522 [f612f2cf-90dc-41dc-bf39-cf028d38c484-groupManagement] INFO  server.RaftServerConfigKeys (ConfUtils.java:logGet(46)) - raft.server.log.segment.cache.size.max = 200MB (=209715200) (default)
2023-10-27 20:14:05,522 [f612f2cf-90dc-41dc-bf39-cf028d38c484-groupManagement] INFO  server.RaftServerConfigKeys (ConfUtils.java:logGet(46)) - raft.server.log.appender.buffer.byte-limit = 33554432 (custom)
2023-10-27 20:14:05,532 [f612f2cf-90dc-41dc-bf39-cf028d38c484-groupManagement] INFO  segmented.SegmentedRaftLogWorker (SegmentedRaftLogWorker.java:<init>(188)) - new f612f2cf-90dc-41dc-bf39-cf028d38c484@group-B006CA637614-SegmentedRaftLogWorker for RaftStorageImpl:Storage Directory /home/runner/work/ozone/ozone/hadoop-ozone/integration-test/target/test-dir/MiniOzoneClusterImpl-60426a9d-3de2-4373-b08b-24a22c9da129/datanode-7/data/ratis/ed67bf68-12cf-4330-af31-b006ca637614
2023-10-27 20:14:05,536 [f612f2cf-90dc-41dc-bf39-cf028d38c484-groupManagement] INFO  server.RaftServerConfigKeys (ConfUtils.java:logGet(46)) - raft.server.log.queue.byte-limit = 4294967296 (custom)
2023-10-27 20:14:05,537 [f612f2cf-90dc-41dc-bf39-cf028d38c484-groupManagement] INFO  server.RaftServerConfigKeys (ConfUtils.java:logGet(46)) - raft.server.log.queue.element-limit = 1024 (custom)
2023-10-27 20:14:05,537 [f612f2cf-90dc-41dc-bf39-cf028d38c484-groupManagement] INFO  server.RaftServerConfigKeys (ConfUtils.java:logGet(46)) - raft.server.log.segment.size.max = 1048576 (custom)
2023-10-27 20:14:05,537 [f612f2cf-90dc-41dc-bf39-cf028d38c484-groupManagement] INFO  server.RaftServerConfigKeys (ConfUtils.java:logGet(46)) - raft.server.log.preallocated.size = 16384 (custom)
2023-10-27 20:14:05,537 [f612f2cf-90dc-41dc-bf39-cf028d38c484-groupManagement] INFO  server.RaftServerConfigKeys (ConfUtils.java:logGet(46)) - raft.server.log.force.sync.num = 128 (default)
2023-10-27 20:14:05,538 [f612f2cf-90dc-41dc-bf39-cf028d38c484-groupManagement] INFO  server.RaftServerConfigKeys (ConfUtils.java:logGet(46)) - raft.server.log.statemachine.data.sync = true (default)
2023-10-27 20:14:05,538 [f612f2cf-90dc-41dc-bf39-cf028d38c484-groupManagement] INFO  server.RaftServerConfigKeys (ConfUtils.java:logGet(46)) - raft.server.log.statemachine.data.sync.timeout = 10s (default)
2023-10-27 20:14:05,538 [f612f2cf-90dc-41dc-bf39-cf028d38c484-groupManagement] INFO  server.RaftServerConfigKeys (ConfUtils.java:logGet(46)) - raft.server.log.statemachine.data.sync.timeout.retry = -1 (default)
2023-10-27 20:14:05,540 [f612f2cf-90dc-41dc-bf39-cf028d38c484-groupManagement] INFO  server.RaftServerConfigKeys (ConfUtils.java:logGet(46)) - raft.server.log.write.buffer.size = 1048576 (custom)
2023-10-27 20:14:05,542 [f612f2cf-90dc-41dc-bf39-cf028d38c484-groupManagement] INFO  server.RaftServerConfigKeys (ConfUtils.java:logGet(46)) - raft.server.log.appender.buffer.byte-limit = 33554432 (custom)
2023-10-27 20:14:05,546 [fe9b02b7-73ff-430f-9d75-1483ab7beb41@group-C71ED06640E5-FollowerState] INFO  server.RaftServerConfigKeys (ConfUtils.java:logFallback(53)) - raft.server.rpc.first-election.timeout.min = 5s (fallback to raft.server.rpc.timeout.min)
2023-10-27 20:14:05,551 [fe9b02b7-73ff-430f-9d75-1483ab7beb41@group-C71ED06640E5-FollowerState] INFO  server.RaftServerConfigKeys (ConfUtils.java:logFallback(53)) - raft.server.rpc.first-election.timeout.max = 5200ms (fallback to raft.server.rpc.timeout.max)
2023-10-27 20:14:05,555 [f612f2cf-90dc-41dc-bf39-cf028d38c484-groupManagement] INFO  server.RaftServerConfigKeys (ConfUtils.java:logGet(46)) - raft.server.log.unsafe-flush.enabled = false (default)
2023-10-27 20:14:05,558 [f612f2cf-90dc-41dc-bf39-cf028d38c484-groupManagement] INFO  server.RaftServerConfigKeys (ConfUtils.java:logGet(46)) - raft.server.log.async-flush.enabled = false (default)
2023-10-27 20:14:05,559 [f612f2cf-90dc-41dc-bf39-cf028d38c484-groupManagement] INFO  server.RaftServerConfigKeys (ConfUtils.java:logGet(46)) - raft.server.log.statemachine.data.caching.enabled = true (custom)
2023-10-27 20:14:05,560 [f612f2cf-90dc-41dc-bf39-cf028d38c484-groupManagement] INFO  segmented.SegmentedRaftLogWorker (SegmentedRaftLogWorker.java:lambda$new$0(135)) - f612f2cf-90dc-41dc-bf39-cf028d38c484@group-B006CA637614-SegmentedRaftLogWorker: flushIndex: setUnconditionally 0 -> -1
2023-10-27 20:14:05,560 [f612f2cf-90dc-41dc-bf39-cf028d38c484-groupManagement] INFO  segmented.SegmentedRaftLogWorker (SegmentedRaftLogWorker.java:lambda$new$0(135)) - f612f2cf-90dc-41dc-bf39-cf028d38c484@group-B006CA637614-SegmentedRaftLogWorker: safeCacheEvictIndex: setUnconditionally 0 -> -1
2023-10-27 20:14:05,572 [f612f2cf-90dc-41dc-bf39-cf028d38c484-groupManagement] INFO  server.RaftServer$Division (RaftServerImpl.java:start(342)) - f612f2cf-90dc-41dc-bf39-cf028d38c484@group-B006CA637614: start as a follower, conf=-1: peers:[f612f2cf-90dc-41dc-bf39-cf028d38c484|rpc:10.1.0.32:15077|admin:10.1.0.32:15076|client:10.1.0.32:15075|dataStream:10.1.0.32:15078|priority:1|startupRole:FOLLOWER]|listeners:[], old=null
2023-10-27 20:14:05,573 [f612f2cf-90dc-41dc-bf39-cf028d38c484-groupManagement] INFO  server.RaftServer$Division (RaftServerImpl.java:setRole(329)) - f612f2cf-90dc-41dc-bf39-cf028d38c484@group-B006CA637614: changes role from      null to FOLLOWER at term 0 for startAsFollower
2023-10-27 20:14:05,574 [f612f2cf-90dc-41dc-bf39-cf028d38c484-groupManagement] INFO  impl.RoleInfo (RoleInfo.java:updateAndGet(139)) - f612f2cf-90dc-41dc-bf39-cf028d38c484: start f612f2cf-90dc-41dc-bf39-cf028d38c484@group-B006CA637614-FollowerState
2023-10-27 20:14:05,576 [f612f2cf-90dc-41dc-bf39-cf028d38c484-groupManagement] INFO  util.JmxRegister (JmxRegister.java:tryRegister(44)) - Successfully registered JMX Bean with object name Ratis:service=RaftServer,group=group-B006CA637614,id=f612f2cf-90dc-41dc-bf39-cf028d38c484
2023-10-27 20:14:05,576 [f612f2cf-90dc-41dc-bf39-cf028d38c484-groupManagement] INFO  server.RaftServerConfigKeys (ConfUtils.java:logGet(46)) - raft.server.snapshot.auto.trigger.enabled = true (custom)
2023-10-27 20:14:05,577 [f612f2cf-90dc-41dc-bf39-cf028d38c484-groupManagement] INFO  server.RaftServerConfigKeys (ConfUtils.java:logGet(46)) - raft.server.snapshot.auto.trigger.threshold = 10000 (custom)
2023-10-27 20:14:05,577 [f612f2cf-90dc-41dc-bf39-cf028d38c484-groupManagement] INFO  server.RaftServerConfigKeys (ConfUtils.java:logGet(46)) - raft.server.snapshot.retention.file.num = 5 (custom)
2023-10-27 20:14:05,577 [f612f2cf-90dc-41dc-bf39-cf028d38c484-groupManagement] INFO  server.RaftServerConfigKeys (ConfUtils.java:logGet(46)) - raft.server.log.purge.upto.snapshot.index = false (default)
2023-10-27 20:14:05,580 [f612f2cf-90dc-41dc-bf39-cf028d38c484@group-B006CA637614-FollowerState] INFO  server.RaftServerConfigKeys (ConfUtils.java:logFallback(53)) - raft.server.rpc.first-election.timeout.min = 5s (fallback to raft.server.rpc.timeout.min)
2023-10-27 20:14:05,580 [f612f2cf-90dc-41dc-bf39-cf028d38c484@group-B006CA637614-FollowerState] INFO  server.RaftServerConfigKeys (ConfUtils.java:logFallback(53)) - raft.server.rpc.first-election.timeout.max = 5200ms (fallback to raft.server.rpc.timeout.max)
2023-10-27 20:14:05,581 [f612f2cf-90dc-41dc-bf39-cf028d38c484-PipelineCommandHandlerThread-0] INFO  ratis.XceiverServerRatis (XceiverServerRatis.java:addGroup(805)) - Created group PipelineID=ed67bf68-12cf-4330-af31-b006ca637614
2023-10-27 20:14:05,581 [f612f2cf-90dc-41dc-bf39-cf028d38c484-PipelineCommandHandlerThread-0] INFO  commandhandler.CreatePipelineCommandHandler (CreatePipelineCommandHandler.java:lambda$handle$2(124)) - Created Pipeline RATIS ONE PipelineID=ed67bf68-12cf-4330-af31-b006ca637614.
2023-10-27 20:14:05,581 [f612f2cf-90dc-41dc-bf39-cf028d38c484-PipelineCommandHandlerThread-0] INFO  server.RaftServer (RaftServerProxy.java:addNew(98)) - f612f2cf-90dc-41dc-bf39-cf028d38c484: addNew group-C71ED06640E5:[f612f2cf-90dc-41dc-bf39-cf028d38c484|rpc:10.1.0.32:15077|admin:10.1.0.32:15076|client:10.1.0.32:15075|dataStream:10.1.0.32:15078|priority:0|startupRole:FOLLOWER, 55507c8a-594d-4e25-909f-8d2832294c55|rpc:10.1.0.32:15086|admin:10.1.0.32:15085|client:10.1.0.32:15084|dataStream:10.1.0.32:15087|priority:0|startupRole:FOLLOWER, fe9b02b7-73ff-430f-9d75-1483ab7beb41|rpc:10.1.0.32:15068|admin:10.1.0.32:15067|client:10.1.0.32:15066|dataStream:10.1.0.32:15069|priority:1|startupRole:FOLLOWER] returns group-C71ED06640E5:java.util.concurrent.CompletableFuture@104f7c7f[Not completed]
2023-10-27 20:14:05,585 [f612f2cf-90dc-41dc-bf39-cf028d38c484-groupManagement] INFO  server.RaftServer$Division (RaftServerImpl.java:<init>(198)) - f612f2cf-90dc-41dc-bf39-cf028d38c484: new RaftServerImpl for group-C71ED06640E5:[f612f2cf-90dc-41dc-bf39-cf028d38c484|rpc:10.1.0.32:15077|admin:10.1.0.32:15076|client:10.1.0.32:15075|dataStream:10.1.0.32:15078|priority:0|startupRole:FOLLOWER, 55507c8a-594d-4e25-909f-8d2832294c55|rpc:10.1.0.32:15086|admin:10.1.0.32:15085|client:10.1.0.32:15084|dataStream:10.1.0.32:15087|priority:0|startupRole:FOLLOWER, fe9b02b7-73ff-430f-9d75-1483ab7beb41|rpc:10.1.0.32:15068|admin:10.1.0.32:15067|client:10.1.0.32:15066|dataStream:10.1.0.32:15069|priority:1|startupRole:FOLLOWER] with ContainerStateMachine:uninitialized
2023-10-27 20:14:05,585 [f612f2cf-90dc-41dc-bf39-cf028d38c484-groupManagement] INFO  server.RaftServerConfigKeys (ConfUtils.java:logGet(46)) - raft.server.rpc.timeout.min = 5s (custom)
2023-10-27 20:14:05,585 [f612f2cf-90dc-41dc-bf39-cf028d38c484-groupManagement] INFO  server.RaftServerConfigKeys (ConfUtils.java:logGet(46)) - raft.server.rpc.timeout.max = 5200ms (custom)
2023-10-27 20:14:05,586 [f612f2cf-90dc-41dc-bf39-cf028d38c484-groupManagement] INFO  server.RaftServerConfigKeys (ConfUtils.java:logGet(46)) - raft.server.rpc.sleep.time = 25ms (default)
2023-10-27 20:14:05,586 [f612f2cf-90dc-41dc-bf39-cf028d38c484-groupManagement] INFO  server.RaftServerConfigKeys (ConfUtils.java:logGet(46)) - raft.server.rpc.slowness.timeout = 300s (custom)
2023-10-27 20:14:05,586 [f612f2cf-90dc-41dc-bf39-cf028d38c484-groupManagement] INFO  server.RaftServerConfigKeys (ConfUtils.java:logGet(46)) - raft.server.leaderelection.leader.step-down.wait-time = 10s (default)
2023-10-27 20:14:05,586 [f612f2cf-90dc-41dc-bf39-cf028d38c484-groupManagement] INFO  server.RaftServerConfigKeys (ConfUtils.java:logGet(46)) - raft.server.sleep.deviation.threshold = 300ms (default)
2023-10-27 20:14:05,586 [f612f2cf-90dc-41dc-bf39-cf028d38c484-groupManagement] INFO  server.RaftServer$Division (ServerState.java:<init>(120)) - f612f2cf-90dc-41dc-bf39-cf028d38c484@group-C71ED06640E5: ConfigurationManager, init=-1: peers:[f612f2cf-90dc-41dc-bf39-cf028d38c484|rpc:10.1.0.32:15077|admin:10.1.0.32:15076|client:10.1.0.32:15075|dataStream:10.1.0.32:15078|priority:0|startupRole:FOLLOWER, 55507c8a-594d-4e25-909f-8d2832294c55|rpc:10.1.0.32:15086|admin:10.1.0.32:15085|client:10.1.0.32:15084|dataStream:10.1.0.32:15087|priority:0|startupRole:FOLLOWER, fe9b02b7-73ff-430f-9d75-1483ab7beb41|rpc:10.1.0.32:15068|admin:10.1.0.32:15067|client:10.1.0.32:15066|dataStream:10.1.0.32:15069|priority:1|startupRole:FOLLOWER]|listeners:[], old=null, confs=<EMPTY_MAP>
2023-10-27 20:14:05,586 [f612f2cf-90dc-41dc-bf39-cf028d38c484-groupManagement] INFO  server.RaftServerConfigKeys (ConfUtils.java:logGet(46)) - raft.server.storage.dir = [/home/runner/work/ozone/ozone/hadoop-ozone/integration-test/target/test-dir/MiniOzoneClusterImpl-60426a9d-3de2-4373-b08b-24a22c9da129/datanode-7/data/ratis] (custom)
2023-10-27 20:14:05,586 [f612f2cf-90dc-41dc-bf39-cf028d38c484-groupManagement] INFO  server.RaftServerConfigKeys (ConfUtils.java:logGet(46)) - raft.server.log.corruption.policy = EXCEPTION (default)
2023-10-27 20:14:05,586 [f612f2cf-90dc-41dc-bf39-cf028d38c484-groupManagement] INFO  server.RaftServerConfigKeys (ConfUtils.java:logGet(46)) - raft.server.storage.free-space.min = 0MB (=0) (default)
2023-10-27 20:14:05,587 [f612f2cf-90dc-41dc-bf39-cf028d38c484-groupManagement] INFO  server.RaftServerConfigKeys (ConfUtils.java:logGet(46)) - raft.server.notification.no-leader.timeout = 300s (custom)
2023-10-27 20:14:05,587 [f612f2cf-90dc-41dc-bf39-cf028d38c484-groupManagement] INFO  server.RaftServerConfigKeys (ConfUtils.java:logGet(46)) - raft.server.read.timeout = 10s (default)
2023-10-27 20:14:05,587 [f612f2cf-90dc-41dc-bf39-cf028d38c484-groupManagement] INFO  server.RaftServerConfigKeys (ConfUtils.java:logGet(46)) - raft.server.retrycache.expirytime = 600000ms (custom)
2023-10-27 20:14:05,587 [f612f2cf-90dc-41dc-bf39-cf028d38c484-groupManagement] INFO  server.RaftServerConfigKeys (ConfUtils.java:logGet(46)) - raft.server.retrycache.statistics.expirytime = 100μs (default)
2023-10-27 20:14:05,587 [f612f2cf-90dc-41dc-bf39-cf028d38c484-groupManagement] INFO  server.RaftServerConfigKeys (ConfUtils.java:logGet(46)) - raft.server.read.option = DEFAULT (default)
2023-10-27 20:14:05,588 [f612f2cf-90dc-41dc-bf39-cf028d38c484-groupManagement] INFO  server.RaftServerConfigKeys (ConfUtils.java:logGet(46)) - raft.server.rpc.request.timeout = 60s (custom)
2023-10-27 20:14:05,589 [f612f2cf-90dc-41dc-bf39-cf028d38c484-groupManagement] INFO  server.RaftServerConfigKeys (ConfUtils.java:logGet(46)) - raft.server.log.appender.install.snapshot.enabled = false (custom)
2023-10-27 20:14:05,589 [f612f2cf-90dc-41dc-bf39-cf028d38c484-groupManagement] INFO  server.RaftServerConfigKeys (ConfUtils.java:logGet(46)) - raft.server.threadpool.server.cached = true (default)
2023-10-27 20:14:05,589 [f612f2cf-90dc-41dc-bf39-cf028d38c484-groupManagement] INFO  server.RaftServerConfigKeys (ConfUtils.java:logGet(46)) - raft.server.threadpool.server.size = 0 (default)
2023-10-27 20:14:05,589 [f612f2cf-90dc-41dc-bf39-cf028d38c484-groupManagement] INFO  server.RaftServerConfigKeys (ConfUtils.java:logGet(46)) - raft.server.threadpool.client.cached = true (default)
2023-10-27 20:14:05,589 [f612f2cf-90dc-41dc-bf39-cf028d38c484-groupManagement] INFO  server.RaftServerConfigKeys (ConfUtils.java:logGet(46)) - raft.server.threadpool.client.size = 0 (default)
2023-10-27 20:14:05,589 [f612f2cf-90dc-41dc-bf39-cf028d38c484-groupManagement] INFO  storage.RaftStorageDirectory (RaftStorageDirectoryImpl.java:analyzeStorage(137)) - The storage directory /home/runner/work/ozone/ozone/hadoop-ozone/integration-test/target/test-dir/MiniOzoneClusterImpl-60426a9d-3de2-4373-b08b-24a22c9da129/datanode-7/data/ratis/ef4fc66b-b8f7-4bea-8eaa-c71ed06640e5 does not exist. Creating ...
2023-10-27 20:14:05,596 [f612f2cf-90dc-41dc-bf39-cf028d38c484-groupManagement] INFO  storage.RaftStorageDirectory (RaftStorageDirectoryImpl.java:tryLock(231)) - Lock on /home/runner/work/ozone/ozone/hadoop-ozone/integration-test/target/test-dir/MiniOzoneClusterImpl-60426a9d-3de2-4373-b08b-24a22c9da129/datanode-7/data/ratis/ef4fc66b-b8f7-4bea-8eaa-c71ed06640e5/in_use.lock acquired by nodename 14569@fv-az342-943
2023-10-27 20:14:05,598 [f612f2cf-90dc-41dc-bf39-cf028d38c484-groupManagement] INFO  storage.RaftStorage (RaftStorageImpl.java:format(96)) - Storage directory /home/runner/work/ozone/ozone/hadoop-ozone/integration-test/target/test-dir/MiniOzoneClusterImpl-60426a9d-3de2-4373-b08b-24a22c9da129/datanode-7/data/ratis/ef4fc66b-b8f7-4bea-8eaa-c71ed06640e5 has been successfully formatted.
2023-10-27 20:14:05,600 [f612f2cf-90dc-41dc-bf39-cf028d38c484-groupManagement] INFO  ratis.ContainerStateMachine (ContainerStateMachine.java:loadSnapshot(269)) - group-C71ED06640E5: The snapshot info is null. Setting the last applied indexto:(t:0, i:~)
2023-10-27 20:14:05,602 [EventQueue-OpenPipelineForHealthyPipelineSafeModeRule] INFO  safemode.SCMSafeModeManager (HealthyPipelineSafeModeRule.java:process(137)) - SCM in safe mode. Healthy pipelines reported count is 0, required healthy pipeline reported count is 1
2023-10-27 20:14:05,602 [f612f2cf-90dc-41dc-bf39-cf028d38c484-groupManagement] INFO  server.RaftServerConfigKeys (ConfUtils.java:logGet(46)) - raft.server.log.use.memory = false (default)
2023-10-27 20:14:05,602 [f612f2cf-90dc-41dc-bf39-cf028d38c484-groupManagement] INFO  server.RaftServerConfigKeys (ConfUtils.java:logGet(46)) - raft.server.log.purge.gap = 1000000 (custom)
2023-10-27 20:14:05,602 [f612f2cf-90dc-41dc-bf39-cf028d38c484-groupManagement] INFO  server.RaftServerConfigKeys (ConfUtils.java:logGet(46)) - raft.server.log.appender.buffer.byte-limit = 33554432 (custom)
2023-10-27 20:14:05,603 [f612f2cf-90dc-41dc-bf39-cf028d38c484-groupManagement] INFO  server.RaftServerConfigKeys (ConfUtils.java:logGet(46)) - raft.server.log.statemachine.data.read.timeout = 1000ms (default)
2023-10-27 20:14:05,603 [f612f2cf-90dc-41dc-bf39-cf028d38c484-groupManagement] INFO  server.RaftServerConfigKeys (ConfUtils.java:logGet(46)) - raft.server.log.purge.preservation.log.num = 0 (default)
2023-10-27 20:14:05,603 [f612f2cf-90dc-41dc-bf39-cf028d38c484-groupManagement] INFO  server.RaftServerConfigKeys (ConfUtils.java:logGet(46)) - raft.server.log.segment.size.max = 1048576 (custom)
2023-10-27 20:14:05,613 [f612f2cf-90dc-41dc-bf39-cf028d38c484-groupManagement] INFO  server.RaftServerConfigKeys (ConfUtils.java:logGet(46)) - raft.server.log.segment.cache.num.max = 2 (custom)
2023-10-27 20:14:05,613 [f612f2cf-90dc-41dc-bf39-cf028d38c484-groupManagement] INFO  server.RaftServerConfigKeys (ConfUtils.java:logGet(46)) - raft.server.log.segment.cache.size.max = 200MB (=209715200) (default)
2023-10-27 20:14:05,614 [f612f2cf-90dc-41dc-bf39-cf028d38c484-groupManagement] INFO  server.RaftServerConfigKeys (ConfUtils.java:logGet(46)) - raft.server.log.appender.buffer.byte-limit = 33554432 (custom)
2023-10-27 20:14:05,614 [f612f2cf-90dc-41dc-bf39-cf028d38c484-groupManagement] INFO  segmented.SegmentedRaftLogWorker (SegmentedRaftLogWorker.java:<init>(188)) - new f612f2cf-90dc-41dc-bf39-cf028d38c484@group-C71ED06640E5-SegmentedRaftLogWorker for RaftStorageImpl:Storage Directory /home/runner/work/ozone/ozone/hadoop-ozone/integration-test/target/test-dir/MiniOzoneClusterImpl-60426a9d-3de2-4373-b08b-24a22c9da129/datanode-7/data/ratis/ef4fc66b-b8f7-4bea-8eaa-c71ed06640e5
2023-10-27 20:14:05,616 [f612f2cf-90dc-41dc-bf39-cf028d38c484-groupManagement] INFO  server.RaftServerConfigKeys (ConfUtils.java:logGet(46)) - raft.server.log.queue.byte-limit = 4294967296 (custom)
2023-10-27 20:14:05,617 [f612f2cf-90dc-41dc-bf39-cf028d38c484-groupManagement] INFO  server.RaftServerConfigKeys (ConfUtils.java:logGet(46)) - raft.server.log.queue.element-limit = 1024 (custom)
2023-10-27 20:14:05,617 [f612f2cf-90dc-41dc-bf39-cf028d38c484-groupManagement] INFO  server.RaftServerConfigKeys (ConfUtils.java:logGet(46)) - raft.server.log.segment.size.max = 1048576 (custom)
2023-10-27 20:14:05,617 [f612f2cf-90dc-41dc-bf39-cf028d38c484-groupManagement] INFO  server.RaftServerConfigKeys (ConfUtils.java:logGet(46)) - raft.server.log.preallocated.size = 16384 (custom)
2023-10-27 20:14:05,618 [f612f2cf-90dc-41dc-bf39-cf028d38c484-groupManagement] INFO  server.RaftServerConfigKeys (ConfUtils.java:logGet(46)) - raft.server.log.force.sync.num = 128 (default)
2023-10-27 20:14:05,618 [f612f2cf-90dc-41dc-bf39-cf028d38c484-groupManagement] INFO  server.RaftServerConfigKeys (ConfUtils.java:logGet(46)) - raft.server.log.statemachine.data.sync = true (default)
2023-10-27 20:14:05,618 [f612f2cf-90dc-41dc-bf39-cf028d38c484-groupManagement] INFO  server.RaftServerConfigKeys (ConfUtils.java:logGet(46)) - raft.server.log.statemachine.data.sync.timeout = 10s (default)
2023-10-27 20:14:05,618 [f612f2cf-90dc-41dc-bf39-cf028d38c484-groupManagement] INFO  server.RaftServerConfigKeys (ConfUtils.java:logGet(46)) - raft.server.log.statemachine.data.sync.timeout.retry = -1 (default)
2023-10-27 20:14:05,626 [f612f2cf-90dc-41dc-bf39-cf028d38c484-groupManagement] INFO  server.RaftServerConfigKeys (ConfUtils.java:logGet(46)) - raft.server.log.write.buffer.size = 1048576 (custom)
2023-10-27 20:14:05,626 [f612f2cf-90dc-41dc-bf39-cf028d38c484-groupManagement] INFO  server.RaftServerConfigKeys (ConfUtils.java:logGet(46)) - raft.server.log.appender.buffer.byte-limit = 33554432 (custom)
2023-10-27 20:14:05,637 [f612f2cf-90dc-41dc-bf39-cf028d38c484-groupManagement] INFO  server.RaftServerConfigKeys (ConfUtils.java:logGet(46)) - raft.server.log.unsafe-flush.enabled = false (default)
2023-10-27 20:14:05,638 [f612f2cf-90dc-41dc-bf39-cf028d38c484-groupManagement] INFO  server.RaftServerConfigKeys (ConfUtils.java:logGet(46)) - raft.server.log.async-flush.enabled = false (default)
2023-10-27 20:14:05,638 [f612f2cf-90dc-41dc-bf39-cf028d38c484-groupManagement] INFO  server.RaftServerConfigKeys (ConfUtils.java:logGet(46)) - raft.server.log.statemachine.data.caching.enabled = true (custom)
2023-10-27 20:14:05,638 [f612f2cf-90dc-41dc-bf39-cf028d38c484-groupManagement] INFO  segmented.SegmentedRaftLogWorker (SegmentedRaftLogWorker.java:lambda$new$0(135)) - f612f2cf-90dc-41dc-bf39-cf028d38c484@group-C71ED06640E5-SegmentedRaftLogWorker: flushIndex: setUnconditionally 0 -> -1
2023-10-27 20:14:05,644 [f612f2cf-90dc-41dc-bf39-cf028d38c484-groupManagement] INFO  segmented.SegmentedRaftLogWorker (SegmentedRaftLogWorker.java:lambda$new$0(135)) - f612f2cf-90dc-41dc-bf39-cf028d38c484@group-C71ED06640E5-SegmentedRaftLogWorker: safeCacheEvictIndex: setUnconditionally 0 -> -1
2023-10-27 20:14:05,645 [f612f2cf-90dc-41dc-bf39-cf028d38c484-groupManagement] INFO  server.RaftServer$Division (RaftServerImpl.java:start(342)) - f612f2cf-90dc-41dc-bf39-cf028d38c484@group-C71ED06640E5: start as a follower, conf=-1: peers:[f612f2cf-90dc-41dc-bf39-cf028d38c484|rpc:10.1.0.32:15077|admin:10.1.0.32:15076|client:10.1.0.32:15075|dataStream:10.1.0.32:15078|priority:0|startupRole:FOLLOWER, 55507c8a-594d-4e25-909f-8d2832294c55|rpc:10.1.0.32:15086|admin:10.1.0.32:15085|client:10.1.0.32:15084|dataStream:10.1.0.32:15087|priority:0|startupRole:FOLLOWER, fe9b02b7-73ff-430f-9d75-1483ab7beb41|rpc:10.1.0.32:15068|admin:10.1.0.32:15067|client:10.1.0.32:15066|dataStream:10.1.0.32:15069|priority:1|startupRole:FOLLOWER]|listeners:[], old=null
2023-10-27 20:14:05,645 [f612f2cf-90dc-41dc-bf39-cf028d38c484-groupManagement] INFO  server.RaftServer$Division (RaftServerImpl.java:setRole(329)) - f612f2cf-90dc-41dc-bf39-cf028d38c484@group-C71ED06640E5: changes role from      null to FOLLOWER at term 0 for startAsFollower
2023-10-27 20:14:05,645 [f612f2cf-90dc-41dc-bf39-cf028d38c484-groupManagement] INFO  impl.RoleInfo (RoleInfo.java:updateAndGet(139)) - f612f2cf-90dc-41dc-bf39-cf028d38c484: start f612f2cf-90dc-41dc-bf39-cf028d38c484@group-C71ED06640E5-FollowerState
2023-10-27 20:14:05,646 [f612f2cf-90dc-41dc-bf39-cf028d38c484-groupManagement] INFO  util.JmxRegister (JmxRegister.java:tryRegister(44)) - Successfully registered JMX Bean with object name Ratis:service=RaftServer,group=group-C71ED06640E5,id=f612f2cf-90dc-41dc-bf39-cf028d38c484
2023-10-27 20:14:05,646 [f612f2cf-90dc-41dc-bf39-cf028d38c484-groupManagement] INFO  server.RaftServerConfigKeys (ConfUtils.java:logGet(46)) - raft.server.snapshot.auto.trigger.enabled = true (custom)
2023-10-27 20:14:05,646 [f612f2cf-90dc-41dc-bf39-cf028d38c484-groupManagement] INFO  server.RaftServerConfigKeys (ConfUtils.java:logGet(46)) - raft.server.snapshot.auto.trigger.threshold = 10000 (custom)
2023-10-27 20:14:05,646 [f612f2cf-90dc-41dc-bf39-cf028d38c484-groupManagement] INFO  server.RaftServerConfigKeys (ConfUtils.java:logGet(46)) - raft.server.snapshot.retention.file.num = 5 (custom)
2023-10-27 20:14:05,646 [f612f2cf-90dc-41dc-bf39-cf028d38c484-groupManagement] INFO  server.RaftServerConfigKeys (ConfUtils.java:logGet(46)) - raft.server.log.purge.upto.snapshot.index = false (default)
2023-10-27 20:14:05,647 [f612f2cf-90dc-41dc-bf39-cf028d38c484@group-C71ED06640E5-FollowerState] INFO  server.RaftServerConfigKeys (ConfUtils.java:logFallback(53)) - raft.server.rpc.first-election.timeout.min = 5s (fallback to raft.server.rpc.timeout.min)
2023-10-27 20:14:05,647 [f612f2cf-90dc-41dc-bf39-cf028d38c484@group-C71ED06640E5-FollowerState] INFO  server.RaftServerConfigKeys (ConfUtils.java:logFallback(53)) - raft.server.rpc.first-election.timeout.max = 5200ms (fallback to raft.server.rpc.timeout.max)
2023-10-27 20:14:05,648 [f612f2cf-90dc-41dc-bf39-cf028d38c484-PipelineCommandHandlerThread-0] INFO  ratis.XceiverServerRatis (XceiverServerRatis.java:addGroup(805)) - Created group PipelineID=ef4fc66b-b8f7-4bea-8eaa-c71ed06640e5
2023-10-27 20:14:05,720 [grpc-default-executor-0] INFO  server.RaftServer (RaftServerProxy.java:addNew(98)) - 55507c8a-594d-4e25-909f-8d2832294c55: addNew group-C71ED06640E5:[f612f2cf-90dc-41dc-bf39-cf028d38c484|rpc:10.1.0.32:15077|admin:10.1.0.32:15076|client:10.1.0.32:15075|dataStream:10.1.0.32:15078|priority:0|startupRole:FOLLOWER, 55507c8a-594d-4e25-909f-8d2832294c55|rpc:10.1.0.32:15086|admin:10.1.0.32:15085|client:10.1.0.32:15084|dataStream:10.1.0.32:15087|priority:0|startupRole:FOLLOWER, fe9b02b7-73ff-430f-9d75-1483ab7beb41|rpc:10.1.0.32:15068|admin:10.1.0.32:15067|client:10.1.0.32:15066|dataStream:10.1.0.32:15069|priority:1|startupRole:FOLLOWER] returns group-C71ED06640E5:java.util.concurrent.CompletableFuture@6a585d6d[Not completed]
2023-10-27 20:14:05,721 [55507c8a-594d-4e25-909f-8d2832294c55-groupManagement] INFO  server.RaftServer$Division (RaftServerImpl.java:<init>(198)) - 55507c8a-594d-4e25-909f-8d2832294c55: new RaftServerImpl for group-C71ED06640E5:[f612f2cf-90dc-41dc-bf39-cf028d38c484|rpc:10.1.0.32:15077|admin:10.1.0.32:15076|client:10.1.0.32:15075|dataStream:10.1.0.32:15078|priority:0|startupRole:FOLLOWER, 55507c8a-594d-4e25-909f-8d2832294c55|rpc:10.1.0.32:15086|admin:10.1.0.32:15085|client:10.1.0.32:15084|dataStream:10.1.0.32:15087|priority:0|startupRole:FOLLOWER, fe9b02b7-73ff-430f-9d75-1483ab7beb41|rpc:10.1.0.32:15068|admin:10.1.0.32:15067|client:10.1.0.32:15066|dataStream:10.1.0.32:15069|priority:1|startupRole:FOLLOWER] with ContainerStateMachine:uninitialized
2023-10-27 20:14:05,722 [55507c8a-594d-4e25-909f-8d2832294c55-groupManagement] INFO  server.RaftServerConfigKeys (ConfUtils.java:logGet(46)) - raft.server.rpc.timeout.min = 5s (custom)
2023-10-27 20:14:05,722 [55507c8a-594d-4e25-909f-8d2832294c55-groupManagement] INFO  server.RaftServerConfigKeys (ConfUtils.java:logGet(46)) - raft.server.rpc.timeout.max = 5200ms (custom)
2023-10-27 20:14:05,722 [55507c8a-594d-4e25-909f-8d2832294c55-groupManagement] INFO  server.RaftServerConfigKeys (ConfUtils.java:logGet(46)) - raft.server.rpc.sleep.time = 25ms (default)
2023-10-27 20:14:05,722 [55507c8a-594d-4e25-909f-8d2832294c55-groupManagement] INFO  server.RaftServerConfigKeys (ConfUtils.java:logGet(46)) - raft.server.rpc.slowness.timeout = 300s (custom)
2023-10-27 20:14:05,722 [55507c8a-594d-4e25-909f-8d2832294c55-groupManagement] INFO  server.RaftServerConfigKeys (ConfUtils.java:logGet(46)) - raft.server.leaderelection.leader.step-down.wait-time = 10s (default)
2023-10-27 20:14:05,722 [55507c8a-594d-4e25-909f-8d2832294c55-groupManagement] INFO  server.RaftServerConfigKeys (ConfUtils.java:logGet(46)) - raft.server.sleep.deviation.threshold = 300ms (default)
2023-10-27 20:14:05,722 [55507c8a-594d-4e25-909f-8d2832294c55-groupManagement] INFO  server.RaftServer$Division (ServerState.java:<init>(120)) - 55507c8a-594d-4e25-909f-8d2832294c55@group-C71ED06640E5: ConfigurationManager, init=-1: peers:[f612f2cf-90dc-41dc-bf39-cf028d38c484|rpc:10.1.0.32:15077|admin:10.1.0.32:15076|client:10.1.0.32:15075|dataStream:10.1.0.32:15078|priority:0|startupRole:FOLLOWER, 55507c8a-594d-4e25-909f-8d2832294c55|rpc:10.1.0.32:15086|admin:10.1.0.32:15085|client:10.1.0.32:15084|dataStream:10.1.0.32:15087|priority:0|startupRole:FOLLOWER, fe9b02b7-73ff-430f-9d75-1483ab7beb41|rpc:10.1.0.32:15068|admin:10.1.0.32:15067|client:10.1.0.32:15066|dataStream:10.1.0.32:15069|priority:1|startupRole:FOLLOWER]|listeners:[], old=null, confs=<EMPTY_MAP>
2023-10-27 20:14:05,723 [55507c8a-594d-4e25-909f-8d2832294c55-groupManagement] INFO  server.RaftServerConfigKeys (ConfUtils.java:logGet(46)) - raft.server.storage.dir = [/home/runner/work/ozone/ozone/hadoop-ozone/integration-test/target/test-dir/MiniOzoneClusterImpl-60426a9d-3de2-4373-b08b-24a22c9da129/datanode-8/data/ratis] (custom)
2023-10-27 20:14:05,723 [55507c8a-594d-4e25-909f-8d2832294c55-groupManagement] INFO  server.RaftServerConfigKeys (ConfUtils.java:logGet(46)) - raft.server.log.corruption.policy = EXCEPTION (default)
2023-10-27 20:14:05,723 [55507c8a-594d-4e25-909f-8d2832294c55-groupManagement] INFO  server.RaftServerConfigKeys (ConfUtils.java:logGet(46)) - raft.server.storage.free-space.min = 0MB (=0) (default)
2023-10-27 20:14:05,723 [55507c8a-594d-4e25-909f-8d2832294c55-groupManagement] INFO  server.RaftServerConfigKeys (ConfUtils.java:logGet(46)) - raft.server.notification.no-leader.timeout = 300s (custom)
2023-10-27 20:14:05,723 [55507c8a-594d-4e25-909f-8d2832294c55-groupManagement] INFO  server.RaftServerConfigKeys (ConfUtils.java:logGet(46)) - raft.server.read.timeout = 10s (default)
2023-10-27 20:14:05,723 [55507c8a-594d-4e25-909f-8d2832294c55-groupManagement] INFO  server.RaftServerConfigKeys (ConfUtils.java:logGet(46)) - raft.server.retrycache.expirytime = 600000ms (custom)
2023-10-27 20:14:05,723 [55507c8a-594d-4e25-909f-8d2832294c55-groupManagement] INFO  server.RaftServerConfigKeys (ConfUtils.java:logGet(46)) - raft.server.retrycache.statistics.expirytime = 100μs (default)
2023-10-27 20:14:05,724 [55507c8a-594d-4e25-909f-8d2832294c55-groupManagement] INFO  server.RaftServerConfigKeys (ConfUtils.java:logGet(46)) - raft.server.read.option = DEFAULT (default)
2023-10-27 20:14:05,735 [55507c8a-594d-4e25-909f-8d2832294c55-groupManagement] INFO  server.RaftServerConfigKeys (ConfUtils.java:logGet(46)) - raft.server.rpc.request.timeout = 60s (custom)
2023-10-27 20:14:05,735 [55507c8a-594d-4e25-909f-8d2832294c55-groupManagement] INFO  server.RaftServerConfigKeys (ConfUtils.java:logGet(46)) - raft.server.log.appender.install.snapshot.enabled = false (custom)
2023-10-27 20:14:05,735 [55507c8a-594d-4e25-909f-8d2832294c55-groupManagement] INFO  server.RaftServerConfigKeys (ConfUtils.java:logGet(46)) - raft.server.threadpool.server.cached = true (default)
2023-10-27 20:14:05,735 [55507c8a-594d-4e25-909f-8d2832294c55-groupManagement] INFO  server.RaftServerConfigKeys (ConfUtils.java:logGet(46)) - raft.server.threadpool.server.size = 0 (default)
2023-10-27 20:14:05,735 [55507c8a-594d-4e25-909f-8d2832294c55-groupManagement] INFO  server.RaftServerConfigKeys (ConfUtils.java:logGet(46)) - raft.server.threadpool.client.cached = true (default)
2023-10-27 20:14:05,735 [55507c8a-594d-4e25-909f-8d2832294c55-groupManagement] INFO  server.RaftServerConfigKeys (ConfUtils.java:logGet(46)) - raft.server.threadpool.client.size = 0 (default)
2023-10-27 20:14:05,736 [55507c8a-594d-4e25-909f-8d2832294c55-groupManagement] INFO  storage.RaftStorageDirectory (RaftStorageDirectoryImpl.java:analyzeStorage(137)) - The storage directory /home/runner/work/ozone/ozone/hadoop-ozone/integration-test/target/test-dir/MiniOzoneClusterImpl-60426a9d-3de2-4373-b08b-24a22c9da129/datanode-8/data/ratis/ef4fc66b-b8f7-4bea-8eaa-c71ed06640e5 does not exist. Creating ...
2023-10-27 20:14:05,739 [55507c8a-594d-4e25-909f-8d2832294c55-groupManagement] INFO  storage.RaftStorageDirectory (RaftStorageDirectoryImpl.java:tryLock(231)) - Lock on /home/runner/work/ozone/ozone/hadoop-ozone/integration-test/target/test-dir/MiniOzoneClusterImpl-60426a9d-3de2-4373-b08b-24a22c9da129/datanode-8/data/ratis/ef4fc66b-b8f7-4bea-8eaa-c71ed06640e5/in_use.lock acquired by nodename 14569@fv-az342-943
2023-10-27 20:14:05,741 [55507c8a-594d-4e25-909f-8d2832294c55-groupManagement] INFO  storage.RaftStorage (RaftStorageImpl.java:format(96)) - Storage directory /home/runner/work/ozone/ozone/hadoop-ozone/integration-test/target/test-dir/MiniOzoneClusterImpl-60426a9d-3de2-4373-b08b-24a22c9da129/datanode-8/data/ratis/ef4fc66b-b8f7-4bea-8eaa-c71ed06640e5 has been successfully formatted.
2023-10-27 20:14:05,747 [55507c8a-594d-4e25-909f-8d2832294c55-groupManagement] INFO  ratis.ContainerStateMachine (ContainerStateMachine.java:loadSnapshot(269)) - group-C71ED06640E5: The snapshot info is null. Setting the last applied indexto:(t:0, i:~)
2023-10-27 20:14:05,747 [55507c8a-594d-4e25-909f-8d2832294c55-groupManagement] INFO  server.RaftServerConfigKeys (ConfUtils.java:logGet(46)) - raft.server.log.use.memory = false (default)
2023-10-27 20:14:05,747 [55507c8a-594d-4e25-909f-8d2832294c55-groupManagement] INFO  server.RaftServerConfigKeys (ConfUtils.java:logGet(46)) - raft.server.log.purge.gap = 1000000 (custom)
2023-10-27 20:14:05,747 [55507c8a-594d-4e25-909f-8d2832294c55-groupManagement] INFO  server.RaftServerConfigKeys (ConfUtils.java:logGet(46)) - raft.server.log.appender.buffer.byte-limit = 33554432 (custom)
2023-10-27 20:14:05,747 [55507c8a-594d-4e25-909f-8d2832294c55-groupManagement] INFO  server.RaftServerConfigKeys (ConfUtils.java:logGet(46)) - raft.server.log.statemachine.data.read.timeout = 1000ms (default)
2023-10-27 20:14:05,748 [55507c8a-594d-4e25-909f-8d2832294c55-groupManagement] INFO  server.RaftServerConfigKeys (ConfUtils.java:logGet(46)) - raft.server.log.purge.preservation.log.num = 0 (default)
2023-10-27 20:14:05,748 [55507c8a-594d-4e25-909f-8d2832294c55-groupManagement] INFO  server.RaftServerConfigKeys (ConfUtils.java:logGet(46)) - raft.server.log.segment.size.max = 1048576 (custom)
2023-10-27 20:14:05,748 [55507c8a-594d-4e25-909f-8d2832294c55-groupManagement] INFO  server.RaftServerConfigKeys (ConfUtils.java:logGet(46)) - raft.server.log.segment.cache.num.max = 2 (custom)
2023-10-27 20:14:05,748 [55507c8a-594d-4e25-909f-8d2832294c55-groupManagement] INFO  server.RaftServerConfigKeys (ConfUtils.java:logGet(46)) - raft.server.log.segment.cache.size.max = 200MB (=209715200) (default)
2023-10-27 20:14:05,749 [55507c8a-594d-4e25-909f-8d2832294c55-groupManagement] INFO  server.RaftServerConfigKeys (ConfUtils.java:logGet(46)) - raft.server.log.appender.buffer.byte-limit = 33554432 (custom)
2023-10-27 20:14:05,749 [55507c8a-594d-4e25-909f-8d2832294c55-groupManagement] INFO  segmented.SegmentedRaftLogWorker (SegmentedRaftLogWorker.java:<init>(188)) - new 55507c8a-594d-4e25-909f-8d2832294c55@group-C71ED06640E5-SegmentedRaftLogWorker for RaftStorageImpl:Storage Directory /home/runner/work/ozone/ozone/hadoop-ozone/integration-test/target/test-dir/MiniOzoneClusterImpl-60426a9d-3de2-4373-b08b-24a22c9da129/datanode-8/data/ratis/ef4fc66b-b8f7-4bea-8eaa-c71ed06640e5
2023-10-27 20:14:05,749 [55507c8a-594d-4e25-909f-8d2832294c55-groupManagement] INFO  server.RaftServerConfigKeys (ConfUtils.java:logGet(46)) - raft.server.log.queue.byte-limit = 4294967296 (custom)
2023-10-27 20:14:05,749 [55507c8a-594d-4e25-909f-8d2832294c55-groupManagement] INFO  server.RaftServerConfigKeys (ConfUtils.java:logGet(46)) - raft.server.log.queue.element-limit = 1024 (custom)
2023-10-27 20:14:05,749 [55507c8a-594d-4e25-909f-8d2832294c55-groupManagement] INFO  server.RaftServerConfigKeys (ConfUtils.java:logGet(46)) - raft.server.log.segment.size.max = 1048576 (custom)
2023-10-27 20:14:05,749 [55507c8a-594d-4e25-909f-8d2832294c55-groupManagement] INFO  server.RaftServerConfigKeys (ConfUtils.java:logGet(46)) - raft.server.log.preallocated.size = 16384 (custom)
2023-10-27 20:14:05,749 [55507c8a-594d-4e25-909f-8d2832294c55-groupManagement] INFO  server.RaftServerConfigKeys (ConfUtils.java:logGet(46)) - raft.server.log.force.sync.num = 128 (default)
2023-10-27 20:14:05,749 [55507c8a-594d-4e25-909f-8d2832294c55-groupManagement] INFO  server.RaftServerConfigKeys (ConfUtils.java:logGet(46)) - raft.server.log.statemachine.data.sync = true (default)
2023-10-27 20:14:05,749 [55507c8a-594d-4e25-909f-8d2832294c55-groupManagement] INFO  server.RaftServerConfigKeys (ConfUtils.java:logGet(46)) - raft.server.log.statemachine.data.sync.timeout = 10s (default)
2023-10-27 20:14:05,749 [55507c8a-594d-4e25-909f-8d2832294c55-groupManagement] INFO  server.RaftServerConfigKeys (ConfUtils.java:logGet(46)) - raft.server.log.statemachine.data.sync.timeout.retry = -1 (default)
2023-10-27 20:14:05,757 [23554148-3e4d-431f-a73e-f2401dbff1d4-PipelineCommandHandlerThread-0] INFO  commandhandler.CreatePipelineCommandHandler (CreatePipelineCommandHandler.java:lambda$handle$2(124)) - Created Pipeline RATIS THREE PipelineID=18e9d5d2-3951-48aa-a34d-5a0c10638f91.
2023-10-27 20:14:05,758 [23554148-3e4d-431f-a73e-f2401dbff1d4-PipelineCommandHandlerThread-0] INFO  server.RaftServer (RaftServerProxy.java:addNew(98)) - 23554148-3e4d-431f-a73e-f2401dbff1d4: addNew group-5C95EDC39216:[3fb99649-c87f-4cc9-b3d9-f5c572ff189c|rpc:10.1.0.32:15041|admin:10.1.0.32:15040|client:10.1.0.32:15039|dataStream:10.1.0.32:15042|priority:0|startupRole:FOLLOWER, 23554148-3e4d-431f-a73e-f2401dbff1d4|rpc:10.1.0.32:15059|admin:10.1.0.32:15058|client:10.1.0.32:15057|dataStream:10.1.0.32:15060|priority:0|startupRole:FOLLOWER, 1407d0d1-39ba-4bc0-b697-1e16e43cd838|rpc:10.1.0.32:15050|admin:10.1.0.32:15049|client:10.1.0.32:15048|dataStream:10.1.0.32:15051|priority:1|startupRole:FOLLOWER] returns group-5C95EDC39216:java.util.concurrent.CompletableFuture@52d06b1f[Not completed]
2023-10-27 20:14:05,760 [23554148-3e4d-431f-a73e-f2401dbff1d4-groupManagement] INFO  server.RaftServer$Division (RaftServerImpl.java:<init>(198)) - 23554148-3e4d-431f-a73e-f2401dbff1d4: new RaftServerImpl for group-5C95EDC39216:[3fb99649-c87f-4cc9-b3d9-f5c572ff189c|rpc:10.1.0.32:15041|admin:10.1.0.32:15040|client:10.1.0.32:15039|dataStream:10.1.0.32:15042|priority:0|startupRole:FOLLOWER, 23554148-3e4d-431f-a73e-f2401dbff1d4|rpc:10.1.0.32:15059|admin:10.1.0.32:15058|client:10.1.0.32:15057|dataStream:10.1.0.32:15060|priority:0|startupRole:FOLLOWER, 1407d0d1-39ba-4bc0-b697-1e16e43cd838|rpc:10.1.0.32:15050|admin:10.1.0.32:15049|client:10.1.0.32:15048|dataStream:10.1.0.32:15051|priority:1|startupRole:FOLLOWER] with ContainerStateMachine:uninitialized
2023-10-27 20:14:05,760 [23554148-3e4d-431f-a73e-f2401dbff1d4-groupManagement] INFO  server.RaftServerConfigKeys (ConfUtils.java:logGet(46)) - raft.server.rpc.timeout.min = 5s (custom)
2023-10-27 20:14:05,761 [23554148-3e4d-431f-a73e-f2401dbff1d4-groupManagement] INFO  server.RaftServerConfigKeys (ConfUtils.java:logGet(46)) - raft.server.rpc.timeout.max = 5200ms (custom)
2023-10-27 20:14:05,761 [23554148-3e4d-431f-a73e-f2401dbff1d4-groupManagement] INFO  server.RaftServerConfigKeys (ConfUtils.java:logGet(46)) - raft.server.rpc.sleep.time = 25ms (default)
2023-10-27 20:14:05,761 [23554148-3e4d-431f-a73e-f2401dbff1d4-groupManagement] INFO  server.RaftServerConfigKeys (ConfUtils.java:logGet(46)) - raft.server.rpc.slowness.timeout = 300s (custom)
2023-10-27 20:14:05,761 [23554148-3e4d-431f-a73e-f2401dbff1d4-groupManagement] INFO  server.RaftServerConfigKeys (ConfUtils.java:logGet(46)) - raft.server.leaderelection.leader.step-down.wait-time = 10s (default)
2023-10-27 20:14:05,761 [23554148-3e4d-431f-a73e-f2401dbff1d4-groupManagement] INFO  server.RaftServerConfigKeys (ConfUtils.java:logGet(46)) - raft.server.sleep.deviation.threshold = 300ms (default)
2023-10-27 20:14:05,761 [23554148-3e4d-431f-a73e-f2401dbff1d4-groupManagement] INFO  server.RaftServer$Division (ServerState.java:<init>(120)) - 23554148-3e4d-431f-a73e-f2401dbff1d4@group-5C95EDC39216: ConfigurationManager, init=-1: peers:[3fb99649-c87f-4cc9-b3d9-f5c572ff189c|rpc:10.1.0.32:15041|admin:10.1.0.32:15040|client:10.1.0.32:15039|dataStream:10.1.0.32:15042|priority:0|startupRole:FOLLOWER, 23554148-3e4d-431f-a73e-f2401dbff1d4|rpc:10.1.0.32:15059|admin:10.1.0.32:15058|client:10.1.0.32:15057|dataStream:10.1.0.32:15060|priority:0|startupRole:FOLLOWER, 1407d0d1-39ba-4bc0-b697-1e16e43cd838|rpc:10.1.0.32:15050|admin:10.1.0.32:15049|client:10.1.0.32:15048|dataStream:10.1.0.32:15051|priority:1|startupRole:FOLLOWER]|listeners:[], old=null, confs=<EMPTY_MAP>
2023-10-27 20:14:05,761 [23554148-3e4d-431f-a73e-f2401dbff1d4-groupManagement] INFO  server.RaftServerConfigKeys (ConfUtils.java:logGet(46)) - raft.server.storage.dir = [/home/runner/work/ozone/ozone/hadoop-ozone/integration-test/target/test-dir/MiniOzoneClusterImpl-60426a9d-3de2-4373-b08b-24a22c9da129/datanode-5/data/ratis] (custom)
2023-10-27 20:14:05,763 [66ee3698-ded8-430f-8ecd-27f356af6e45-PipelineCommandHandlerThread-0] INFO  commandhandler.CreatePipelineCommandHandler (CreatePipelineCommandHandler.java:lambda$handle$2(124)) - Created Pipeline RATIS THREE PipelineID=7a06d3e7-5cd1-4269-a48c-1d3807242c29.
2023-10-27 20:14:05,763 [66ee3698-ded8-430f-8ecd-27f356af6e45-PipelineCommandHandlerThread-0] INFO  server.RaftServer (RaftServerProxy.java:addNew(98)) - 66ee3698-ded8-430f-8ecd-27f356af6e45: addNew group-7E36DD6E81EC:[94422c73-384a-4d9a-a15d-46d9f5b840aa|rpc:10.1.0.32:15014|admin:10.1.0.32:15013|client:10.1.0.32:15012|dataStream:10.1.0.32:15015|priority:1|startupRole:FOLLOWER, 66ee3698-ded8-430f-8ecd-27f356af6e45|rpc:10.1.0.32:15032|admin:10.1.0.32:15031|client:10.1.0.32:15030|dataStream:10.1.0.32:15033|priority:0|startupRole:FOLLOWER, 0ef615e1-91db-4ede-b924-53e2d320f02d|rpc:10.1.0.32:15023|admin:10.1.0.32:15022|client:10.1.0.32:15021|dataStream:10.1.0.32:15024|priority:0|startupRole:FOLLOWER] returns group-7E36DD6E81EC:java.util.concurrent.CompletableFuture@6242cd55[Not completed]
2023-10-27 20:14:05,766 [23554148-3e4d-431f-a73e-f2401dbff1d4-groupManagement] INFO  server.RaftServerConfigKeys (ConfUtils.java:logGet(46)) - raft.server.log.corruption.policy = EXCEPTION (default)
2023-10-27 20:14:05,767 [23554148-3e4d-431f-a73e-f2401dbff1d4-groupManagement] INFO  server.RaftServerConfigKeys (ConfUtils.java:logGet(46)) - raft.server.storage.free-space.min = 0MB (=0) (default)
2023-10-27 20:14:05,767 [23554148-3e4d-431f-a73e-f2401dbff1d4-groupManagement] INFO  server.RaftServerConfigKeys (ConfUtils.java:logGet(46)) - raft.server.notification.no-leader.timeout = 300s (custom)
2023-10-27 20:14:05,768 [23554148-3e4d-431f-a73e-f2401dbff1d4-groupManagement] INFO  server.RaftServerConfigKeys (ConfUtils.java:logGet(46)) - raft.server.read.timeout = 10s (default)
2023-10-27 20:14:05,768 [23554148-3e4d-431f-a73e-f2401dbff1d4-groupManagement] INFO  server.RaftServerConfigKeys (ConfUtils.java:logGet(46)) - raft.server.retrycache.expirytime = 600000ms (custom)
2023-10-27 20:14:05,769 [23554148-3e4d-431f-a73e-f2401dbff1d4-groupManagement] INFO  server.RaftServerConfigKeys (ConfUtils.java:logGet(46)) - raft.server.retrycache.statistics.expirytime = 100μs (default)
2023-10-27 20:14:05,769 [23554148-3e4d-431f-a73e-f2401dbff1d4-groupManagement] INFO  server.RaftServerConfigKeys (ConfUtils.java:logGet(46)) - raft.server.read.option = DEFAULT (default)
2023-10-27 20:14:05,774 [55507c8a-594d-4e25-909f-8d2832294c55-groupManagement] INFO  server.RaftServerConfigKeys (ConfUtils.java:logGet(46)) - raft.server.log.write.buffer.size = 1048576 (custom)
2023-10-27 20:14:05,777 [55507c8a-594d-4e25-909f-8d2832294c55-groupManagement] INFO  server.RaftServerConfigKeys (ConfUtils.java:logGet(46)) - raft.server.log.appender.buffer.byte-limit = 33554432 (custom)
2023-10-27 20:14:05,780 [23554148-3e4d-431f-a73e-f2401dbff1d4-groupManagement] INFO  server.RaftServerConfigKeys (ConfUtils.java:logGet(46)) - raft.server.rpc.request.timeout = 60s (custom)
2023-10-27 20:14:05,780 [23554148-3e4d-431f-a73e-f2401dbff1d4-groupManagement] INFO  server.RaftServerConfigKeys (ConfUtils.java:logGet(46)) - raft.server.log.appender.install.snapshot.enabled = false (custom)
2023-10-27 20:14:05,781 [23554148-3e4d-431f-a73e-f2401dbff1d4-groupManagement] INFO  server.RaftServerConfigKeys (ConfUtils.java:logGet(46)) - raft.server.threadpool.server.cached = true (default)
2023-10-27 20:14:05,781 [23554148-3e4d-431f-a73e-f2401dbff1d4-groupManagement] INFO  server.RaftServerConfigKeys (ConfUtils.java:logGet(46)) - raft.server.threadpool.server.size = 0 (default)
2023-10-27 20:14:05,782 [23554148-3e4d-431f-a73e-f2401dbff1d4-groupManagement] INFO  server.RaftServerConfigKeys (ConfUtils.java:logGet(46)) - raft.server.threadpool.client.cached = true (default)
2023-10-27 20:14:05,782 [23554148-3e4d-431f-a73e-f2401dbff1d4-groupManagement] INFO  server.RaftServerConfigKeys (ConfUtils.java:logGet(46)) - raft.server.threadpool.client.size = 0 (default)
2023-10-27 20:14:05,783 [23554148-3e4d-431f-a73e-f2401dbff1d4-groupManagement] INFO  storage.RaftStorageDirectory (RaftStorageDirectoryImpl.java:analyzeStorage(137)) - The storage directory /home/runner/work/ozone/ozone/hadoop-ozone/integration-test/target/test-dir/MiniOzoneClusterImpl-60426a9d-3de2-4373-b08b-24a22c9da129/datanode-5/data/ratis/de112322-9279-4ab5-b0a4-5c95edc39216 does not exist. Creating ...
2023-10-27 20:14:05,788 [23554148-3e4d-431f-a73e-f2401dbff1d4-groupManagement] INFO  storage.RaftStorageDirectory (RaftStorageDirectoryImpl.java:tryLock(231)) - Lock on /home/runner/work/ozone/ozone/hadoop-ozone/integration-test/target/test-dir/MiniOzoneClusterImpl-60426a9d-3de2-4373-b08b-24a22c9da129/datanode-5/data/ratis/de112322-9279-4ab5-b0a4-5c95edc39216/in_use.lock acquired by nodename 14569@fv-az342-943
2023-10-27 20:14:05,790 [66ee3698-ded8-430f-8ecd-27f356af6e45-groupManagement] INFO  server.RaftServer$Division (RaftServerImpl.java:<init>(198)) - 66ee3698-ded8-430f-8ecd-27f356af6e45: new RaftServerImpl for group-7E36DD6E81EC:[94422c73-384a-4d9a-a15d-46d9f5b840aa|rpc:10.1.0.32:15014|admin:10.1.0.32:15013|client:10.1.0.32:15012|dataStream:10.1.0.32:15015|priority:1|startupRole:FOLLOWER, 66ee3698-ded8-430f-8ecd-27f356af6e45|rpc:10.1.0.32:15032|admin:10.1.0.32:15031|client:10.1.0.32:15030|dataStream:10.1.0.32:15033|priority:0|startupRole:FOLLOWER, 0ef615e1-91db-4ede-b924-53e2d320f02d|rpc:10.1.0.32:15023|admin:10.1.0.32:15022|client:10.1.0.32:15021|dataStream:10.1.0.32:15024|priority:0|startupRole:FOLLOWER] with ContainerStateMachine:uninitialized
2023-10-27 20:14:05,790 [66ee3698-ded8-430f-8ecd-27f356af6e45-groupManagement] INFO  server.RaftServerConfigKeys (ConfUtils.java:logGet(46)) - raft.server.rpc.timeout.min = 5s (custom)
2023-10-27 20:14:05,790 [66ee3698-ded8-430f-8ecd-27f356af6e45-groupManagement] INFO  server.RaftServerConfigKeys (ConfUtils.java:logGet(46)) - raft.server.rpc.timeout.max = 5200ms (custom)
2023-10-27 20:14:05,791 [23554148-3e4d-431f-a73e-f2401dbff1d4-groupManagement] INFO  storage.RaftStorage (RaftStorageImpl.java:format(96)) - Storage directory /home/runner/work/ozone/ozone/hadoop-ozone/integration-test/target/test-dir/MiniOzoneClusterImpl-60426a9d-3de2-4373-b08b-24a22c9da129/datanode-5/data/ratis/de112322-9279-4ab5-b0a4-5c95edc39216 has been successfully formatted.
2023-10-27 20:14:05,792 [23554148-3e4d-431f-a73e-f2401dbff1d4-groupManagement] INFO  ratis.ContainerStateMachine (ContainerStateMachine.java:loadSnapshot(269)) - group-5C95EDC39216: The snapshot info is null. Setting the last applied indexto:(t:0, i:~)
2023-10-27 20:14:05,792 [23554148-3e4d-431f-a73e-f2401dbff1d4-groupManagement] INFO  server.RaftServerConfigKeys (ConfUtils.java:logGet(46)) - raft.server.log.use.memory = false (default)
2023-10-27 20:14:05,792 [23554148-3e4d-431f-a73e-f2401dbff1d4-groupManagement] INFO  server.RaftServerConfigKeys (ConfUtils.java:logGet(46)) - raft.server.log.purge.gap = 1000000 (custom)
2023-10-27 20:14:05,792 [23554148-3e4d-431f-a73e-f2401dbff1d4-groupManagement] INFO  server.RaftServerConfigKeys (ConfUtils.java:logGet(46)) - raft.server.log.appender.buffer.byte-limit = 33554432 (custom)
2023-10-27 20:14:05,793 [23554148-3e4d-431f-a73e-f2401dbff1d4-groupManagement] INFO  server.RaftServerConfigKeys (ConfUtils.java:logGet(46)) - raft.server.log.statemachine.data.read.timeout = 1000ms (default)
2023-10-27 20:14:05,793 [23554148-3e4d-431f-a73e-f2401dbff1d4-groupManagement] INFO  server.RaftServerConfigKeys (ConfUtils.java:logGet(46)) - raft.server.log.purge.preservation.log.num = 0 (default)
2023-10-27 20:14:05,793 [23554148-3e4d-431f-a73e-f2401dbff1d4-groupManagement] INFO  server.RaftServerConfigKeys (ConfUtils.java:logGet(46)) - raft.server.log.segment.size.max = 1048576 (custom)
2023-10-27 20:14:05,794 [23554148-3e4d-431f-a73e-f2401dbff1d4-groupManagement] INFO  server.RaftServerConfigKeys (ConfUtils.java:logGet(46)) - raft.server.log.segment.cache.num.max = 2 (custom)
2023-10-27 20:14:05,794 [23554148-3e4d-431f-a73e-f2401dbff1d4-groupManagement] INFO  server.RaftServerConfigKeys (ConfUtils.java:logGet(46)) - raft.server.log.segment.cache.size.max = 200MB (=209715200) (default)
2023-10-27 20:14:05,794 [23554148-3e4d-431f-a73e-f2401dbff1d4-groupManagement] INFO  server.RaftServerConfigKeys (ConfUtils.java:logGet(46)) - raft.server.log.appender.buffer.byte-limit = 33554432 (custom)
2023-10-27 20:14:05,794 [23554148-3e4d-431f-a73e-f2401dbff1d4-groupManagement] INFO  segmented.SegmentedRaftLogWorker (SegmentedRaftLogWorker.java:<init>(188)) - new 23554148-3e4d-431f-a73e-f2401dbff1d4@group-5C95EDC39216-SegmentedRaftLogWorker for RaftStorageImpl:Storage Directory /home/runner/work/ozone/ozone/hadoop-ozone/integration-test/target/test-dir/MiniOzoneClusterImpl-60426a9d-3de2-4373-b08b-24a22c9da129/datanode-5/data/ratis/de112322-9279-4ab5-b0a4-5c95edc39216
2023-10-27 20:14:05,794 [23554148-3e4d-431f-a73e-f2401dbff1d4-groupManagement] INFO  server.RaftServerConfigKeys (ConfUtils.java:logGet(46)) - raft.server.log.queue.byte-limit = 4294967296 (custom)
2023-10-27 20:14:05,794 [23554148-3e4d-431f-a73e-f2401dbff1d4-groupManagement] INFO  server.RaftServerConfigKeys (ConfUtils.java:logGet(46)) - raft.server.log.queue.element-limit = 1024 (custom)
2023-10-27 20:14:05,794 [23554148-3e4d-431f-a73e-f2401dbff1d4-groupManagement] INFO  server.RaftServerConfigKeys (ConfUtils.java:logGet(46)) - raft.server.log.segment.size.max = 1048576 (custom)
2023-10-27 20:14:05,794 [23554148-3e4d-431f-a73e-f2401dbff1d4-groupManagement] INFO  server.RaftServerConfigKeys (ConfUtils.java:logGet(46)) - raft.server.log.preallocated.size = 16384 (custom)
2023-10-27 20:14:05,794 [23554148-3e4d-431f-a73e-f2401dbff1d4-groupManagement] INFO  server.RaftServerConfigKeys (ConfUtils.java:logGet(46)) - raft.server.log.force.sync.num = 128 (default)
2023-10-27 20:14:05,794 [23554148-3e4d-431f-a73e-f2401dbff1d4-groupManagement] INFO  server.RaftServerConfigKeys (ConfUtils.java:logGet(46)) - raft.server.log.statemachine.data.sync = true (default)
2023-10-27 20:14:05,794 [23554148-3e4d-431f-a73e-f2401dbff1d4-groupManagement] INFO  server.RaftServerConfigKeys (ConfUtils.java:logGet(46)) - raft.server.log.statemachine.data.sync.timeout = 10s (default)
2023-10-27 20:14:05,795 [23554148-3e4d-431f-a73e-f2401dbff1d4-groupManagement] INFO  server.RaftServerConfigKeys (ConfUtils.java:logGet(46)) - raft.server.log.statemachine.data.sync.timeout.retry = -1 (default)
2023-10-27 20:14:05,795 [EventQueue-OpenPipelineForHealthyPipelineSafeModeRule] INFO  safemode.SCMSafeModeManager (HealthyPipelineSafeModeRule.java:process(137)) - SCM in safe mode. Healthy pipelines reported count is 0, required healthy pipeline reported count is 1
2023-10-27 20:14:05,796 [66ee3698-ded8-430f-8ecd-27f356af6e45-groupManagement] INFO  server.RaftServerConfigKeys (ConfUtils.java:logGet(46)) - raft.server.rpc.sleep.time = 25ms (default)
2023-10-27 20:14:05,796 [66ee3698-ded8-430f-8ecd-27f356af6e45-groupManagement] INFO  server.RaftServerConfigKeys (ConfUtils.java:logGet(46)) - raft.server.rpc.slowness.timeout = 300s (custom)
2023-10-27 20:14:05,796 [66ee3698-ded8-430f-8ecd-27f356af6e45-groupManagement] INFO  server.RaftServerConfigKeys (ConfUtils.java:logGet(46)) - raft.server.leaderelection.leader.step-down.wait-time = 10s (default)
2023-10-27 20:14:05,796 [66ee3698-ded8-430f-8ecd-27f356af6e45-groupManagement] INFO  server.RaftServerConfigKeys (ConfUtils.java:logGet(46)) - raft.server.sleep.deviation.threshold = 300ms (default)
2023-10-27 20:14:05,796 [66ee3698-ded8-430f-8ecd-27f356af6e45-groupManagement] INFO  server.RaftServer$Division (ServerState.java:<init>(120)) - 66ee3698-ded8-430f-8ecd-27f356af6e45@group-7E36DD6E81EC: ConfigurationManager, init=-1: peers:[94422c73-384a-4d9a-a15d-46d9f5b840aa|rpc:10.1.0.32:15014|admin:10.1.0.32:15013|client:10.1.0.32:15012|dataStream:10.1.0.32:15015|priority:1|startupRole:FOLLOWER, 66ee3698-ded8-430f-8ecd-27f356af6e45|rpc:10.1.0.32:15032|admin:10.1.0.32:15031|client:10.1.0.32:15030|dataStream:10.1.0.32:15033|priority:0|startupRole:FOLLOWER, 0ef615e1-91db-4ede-b924-53e2d320f02d|rpc:10.1.0.32:15023|admin:10.1.0.32:15022|client:10.1.0.32:15021|dataStream:10.1.0.32:15024|priority:0|startupRole:FOLLOWER]|listeners:[], old=null, confs=<EMPTY_MAP>
2023-10-27 20:14:05,796 [66ee3698-ded8-430f-8ecd-27f356af6e45-groupManagement] INFO  server.RaftServerConfigKeys (ConfUtils.java:logGet(46)) - raft.server.storage.dir = [/home/runner/work/ozone/ozone/hadoop-ozone/integration-test/target/test-dir/MiniOzoneClusterImpl-60426a9d-3de2-4373-b08b-24a22c9da129/datanode-2/data/ratis] (custom)
2023-10-27 20:14:05,798 [66ee3698-ded8-430f-8ecd-27f356af6e45-groupManagement] INFO  server.RaftServerConfigKeys (ConfUtils.java:logGet(46)) - raft.server.log.corruption.policy = EXCEPTION (default)
2023-10-27 20:14:05,798 [66ee3698-ded8-430f-8ecd-27f356af6e45-groupManagement] INFO  server.RaftServerConfigKeys (ConfUtils.java:logGet(46)) - raft.server.storage.free-space.min = 0MB (=0) (default)
2023-10-27 20:14:05,798 [66ee3698-ded8-430f-8ecd-27f356af6e45-groupManagement] INFO  server.RaftServerConfigKeys (ConfUtils.java:logGet(46)) - raft.server.notification.no-leader.timeout = 300s (custom)
2023-10-27 20:14:05,798 [66ee3698-ded8-430f-8ecd-27f356af6e45-groupManagement] INFO  server.RaftServerConfigKeys (ConfUtils.java:logGet(46)) - raft.server.read.timeout = 10s (default)
2023-10-27 20:14:05,798 [66ee3698-ded8-430f-8ecd-27f356af6e45-groupManagement] INFO  server.RaftServerConfigKeys (ConfUtils.java:logGet(46)) - raft.server.retrycache.expirytime = 600000ms (custom)
2023-10-27 20:14:05,798 [66ee3698-ded8-430f-8ecd-27f356af6e45-groupManagement] INFO  server.RaftServerConfigKeys (ConfUtils.java:logGet(46)) - raft.server.retrycache.statistics.expirytime = 100μs (default)
2023-10-27 20:14:05,798 [66ee3698-ded8-430f-8ecd-27f356af6e45-groupManagement] INFO  server.RaftServerConfigKeys (ConfUtils.java:logGet(46)) - raft.server.read.option = DEFAULT (default)
2023-10-27 20:14:06,288 [main] INFO  ozone.MiniOzoneClusterImpl (MiniOzoneClusterImpl.java:lambda$waitForClusterToBeReady$0(229)) - Nodes are ready. Got 10 of 10 DN Heartbeats.
2023-10-27 20:14:06,288 [main] INFO  ozone.MiniOzoneClusterImpl (MiniOzoneClusterImpl.java:lambda$waitForClusterToBeReady$0(232)) - Waiting for cluster to exit safe mode
2023-10-27 20:14:06,288 [main] INFO  ozone.MiniOzoneClusterImpl (MiniOzoneClusterImpl.java:lambda$waitForClusterToBeReady$0(234)) - SCM became leader
2023-10-27 20:14:06,292 [JvmPauseMonitor8] WARN  util.JvmPauseMonitor (JvmPauseMonitor.java:detectPause(124)) - JvmPauseMonitor-fe9b02b7-73ff-430f-9d75-1483ab7beb41: Detected pause in JVM or host machine approximately 0.419s with 0.479s GC time.
GC pool 'PS MarkSweep' had collection(s): count=1 time=362ms
GC pool 'PS Scavenge' had collection(s): count=1 time=117ms
2023-10-27 20:14:06,292 [JvmPauseMonitor4] WARN  util.JvmPauseMonitor (JvmPauseMonitor.java:detectPause(124)) - JvmPauseMonitor-66ee3698-ded8-430f-8ecd-27f356af6e45: Detected pause in JVM or host machine approximately 0.420s with 0.479s GC time.
GC pool 'PS MarkSweep' had collection(s): count=1 time=362ms
GC pool 'PS Scavenge' had collection(s): count=1 time=117ms
2023-10-27 20:14:06,292 [JvmPauseMonitor0] WARN  util.JvmPauseMonitor (JvmPauseMonitor.java:detectPause(124)) - JvmPauseMonitor-642fd0d6-19ee-4f3d-b7a6-1e3f6d4c761a: Detected pause in JVM or host machine approximately 0.421s with 0.479s GC time.
GC pool 'PS MarkSweep' had collection(s): count=1 time=362ms
GC pool 'PS Scavenge' had collection(s): count=1 time=117ms
2023-10-27 20:14:06,296 [55507c8a-594d-4e25-909f-8d2832294c55-groupManagement] INFO  server.RaftServerConfigKeys (ConfUtils.java:logGet(46)) - raft.server.log.unsafe-flush.enabled = false (default)
2023-10-27 20:14:06,296 [55507c8a-594d-4e25-909f-8d2832294c55-groupManagement] INFO  server.RaftServerConfigKeys (ConfUtils.java:logGet(46)) - raft.server.log.async-flush.enabled = false (default)
2023-10-27 20:14:06,297 [55507c8a-594d-4e25-909f-8d2832294c55-groupManagement] INFO  server.RaftServerConfigKeys (ConfUtils.java:logGet(46)) - raft.server.log.statemachine.data.caching.enabled = true (custom)
2023-10-27 20:14:06,297 [55507c8a-594d-4e25-909f-8d2832294c55-groupManagement] INFO  segmented.SegmentedRaftLogWorker (SegmentedRaftLogWorker.java:lambda$new$0(135)) - 55507c8a-594d-4e25-909f-8d2832294c55@group-C71ED06640E5-SegmentedRaftLogWorker: flushIndex: setUnconditionally 0 -> -1
2023-10-27 20:14:06,297 [55507c8a-594d-4e25-909f-8d2832294c55-groupManagement] INFO  segmented.SegmentedRaftLogWorker (SegmentedRaftLogWorker.java:lambda$new$0(135)) - 55507c8a-594d-4e25-909f-8d2832294c55@group-C71ED06640E5-SegmentedRaftLogWorker: safeCacheEvictIndex: setUnconditionally 0 -> -1
2023-10-27 20:14:06,299 [JvmPauseMonitor9] WARN  util.JvmPauseMonitor (JvmPauseMonitor.java:detectPause(124)) - JvmPauseMonitor-f612f2cf-90dc-41dc-bf39-cf028d38c484: Detected pause in JVM or host machine approximately 0.463s with 0.479s GC time.
GC pool 'PS MarkSweep' had collection(s): count=1 time=362ms
GC pool 'PS Scavenge' had collection(s): count=1 time=117ms
2023-10-27 20:14:06,299 [JvmPauseMonitor1] WARN  util.JvmPauseMonitor (JvmPauseMonitor.java:detectPause(124)) - JvmPauseMonitor-om1: Detected pause in JVM or host machine approximately 0.463s with 0.479s GC time.
GC pool 'PS MarkSweep' had collection(s): count=1 time=362ms
GC pool 'PS Scavenge' had collection(s): count=1 time=117ms
2023-10-27 20:14:06,299 [JvmPauseMonitor2] WARN  util.JvmPauseMonitor (JvmPauseMonitor.java:detectPause(124)) - JvmPauseMonitor-94422c73-384a-4d9a-a15d-46d9f5b840aa: Detected pause in JVM or host machine approximately 0.475s with 0.479s GC time.
GC pool 'PS MarkSweep' had collection(s): count=1 time=362ms
GC pool 'PS Scavenge' had collection(s): count=1 time=117ms
2023-10-27 20:14:06,299 [JvmPauseMonitor5] WARN  util.JvmPauseMonitor (JvmPauseMonitor.java:detectPause(124)) - JvmPauseMonitor-3fb99649-c87f-4cc9-b3d9-f5c572ff189c: Detected pause in JVM or host machine approximately 0.481s with 0.479s GC time.
GC pool 'PS MarkSweep' had collection(s): count=1 time=362ms
GC pool 'PS Scavenge' had collection(s): count=1 time=117ms
2023-10-27 20:14:06,299 [55507c8a-594d-4e25-909f-8d2832294c55-groupManagement] INFO  server.RaftServer$Division (RaftServerImpl.java:start(342)) - 55507c8a-594d-4e25-909f-8d2832294c55@group-C71ED06640E5: start as a follower, conf=-1: peers:[f612f2cf-90dc-41dc-bf39-cf028d38c484|rpc:10.1.0.32:15077|admin:10.1.0.32:15076|client:10.1.0.32:15075|dataStream:10.1.0.32:15078|priority:0|startupRole:FOLLOWER, 55507c8a-594d-4e25-909f-8d2832294c55|rpc:10.1.0.32:15086|admin:10.1.0.32:15085|client:10.1.0.32:15084|dataStream:10.1.0.32:15087|priority:0|startupRole:FOLLOWER, fe9b02b7-73ff-430f-9d75-1483ab7beb41|rpc:10.1.0.32:15068|admin:10.1.0.32:15067|client:10.1.0.32:15066|dataStream:10.1.0.32:15069|priority:1|startupRole:FOLLOWER]|listeners:[], old=null
2023-10-27 20:14:06,300 [JvmPauseMonitor10] WARN  util.JvmPauseMonitor (JvmPauseMonitor.java:detectPause(124)) - JvmPauseMonitor-55507c8a-594d-4e25-909f-8d2832294c55: Detected pause in JVM or host machine approximately 0.483s with 0.479s GC time.
GC pool 'PS MarkSweep' had collection(s): count=1 time=362ms
GC pool 'PS Scavenge' had collection(s): count=1 time=117ms
2023-10-27 20:14:06,300 [55507c8a-594d-4e25-909f-8d2832294c55-groupManagement] INFO  server.RaftServer$Division (RaftServerImpl.java:setRole(329)) - 55507c8a-594d-4e25-909f-8d2832294c55@group-C71ED06640E5: changes role from      null to FOLLOWER at term 0 for startAsFollower
2023-10-27 20:14:06,300 [JvmPauseMonitor7] WARN  util.JvmPauseMonitor (JvmPauseMonitor.java:detectPause(124)) - JvmPauseMonitor-23554148-3e4d-431f-a73e-f2401dbff1d4: Detected pause in JVM or host machine approximately 0.483s with 0.479s GC time.
GC pool 'PS MarkSweep' had collection(s): count=1 time=362ms
GC pool 'PS Scavenge' had collection(s): count=1 time=117ms
2023-10-27 20:14:06,300 [55507c8a-594d-4e25-909f-8d2832294c55-groupManagement] INFO  impl.RoleInfo (RoleInfo.java:updateAndGet(139)) - 55507c8a-594d-4e25-909f-8d2832294c55: start 55507c8a-594d-4e25-909f-8d2832294c55@group-C71ED06640E5-FollowerState
2023-10-27 20:14:06,300 [JvmPauseMonitor3] WARN  util.JvmPauseMonitor (JvmPauseMonitor.java:detectPause(124)) - JvmPauseMonitor-0ef615e1-91db-4ede-b924-53e2d320f02d: Detected pause in JVM or host machine approximately 0.492s with 0.479s GC time.
GC pool 'PS MarkSweep' had collection(s): count=1 time=362ms
GC pool 'PS Scavenge' had collection(s): count=1 time=117ms
2023-10-27 20:14:06,302 [55507c8a-594d-4e25-909f-8d2832294c55-groupManagement] INFO  util.JmxRegister (JmxRegister.java:tryRegister(44)) - Successfully registered JMX Bean with object name Ratis:service=RaftServer,group=group-C71ED06640E5,id=55507c8a-594d-4e25-909f-8d2832294c55
2023-10-27 20:14:06,302 [55507c8a-594d-4e25-909f-8d2832294c55-groupManagement] INFO  server.RaftServerConfigKeys (ConfUtils.java:logGet(46)) - raft.server.snapshot.auto.trigger.enabled = true (custom)
2023-10-27 20:14:06,302 [55507c8a-594d-4e25-909f-8d2832294c55-groupManagement] INFO  server.RaftServerConfigKeys (ConfUtils.java:logGet(46)) - raft.server.snapshot.auto.trigger.threshold = 10000 (custom)
2023-10-27 20:14:06,302 [55507c8a-594d-4e25-909f-8d2832294c55-groupManagement] INFO  server.RaftServerConfigKeys (ConfUtils.java:logGet(46)) - raft.server.snapshot.retention.file.num = 5 (custom)
2023-10-27 20:14:06,302 [55507c8a-594d-4e25-909f-8d2832294c55-groupManagement] INFO  server.RaftServerConfigKeys (ConfUtils.java:logGet(46)) - raft.server.log.purge.upto.snapshot.index = false (default)
2023-10-27 20:14:06,303 [55507c8a-594d-4e25-909f-8d2832294c55@group-C71ED06640E5-FollowerState] INFO  server.RaftServerConfigKeys (ConfUtils.java:logFallback(53)) - raft.server.rpc.first-election.timeout.min = 5s (fallback to raft.server.rpc.timeout.min)
2023-10-27 20:14:06,303 [55507c8a-594d-4e25-909f-8d2832294c55@group-C71ED06640E5-FollowerState] INFO  server.RaftServerConfigKeys (ConfUtils.java:logFallback(53)) - raft.server.rpc.first-election.timeout.max = 5200ms (fallback to raft.server.rpc.timeout.max)
2023-10-27 20:14:06,303 [JvmPauseMonitor6] WARN  util.JvmPauseMonitor (JvmPauseMonitor.java:detectPause(124)) - JvmPauseMonitor-1407d0d1-39ba-4bc0-b697-1e16e43cd838: Detected pause in JVM or host machine approximately 0.498s with 0.479s GC time.
GC pool 'PS MarkSweep' had collection(s): count=1 time=362ms
GC pool 'PS Scavenge' had collection(s): count=1 time=117ms
2023-10-27 20:14:06,303 [JvmPauseMonitor11] WARN  util.JvmPauseMonitor (JvmPauseMonitor.java:detectPause(124)) - JvmPauseMonitor-5b9beb6f-d596-489f-8a17-e362b772df82: Detected pause in JVM or host machine approximately 0.498s with 0.479s GC time.
GC pool 'PS MarkSweep' had collection(s): count=1 time=362ms
GC pool 'PS Scavenge' had collection(s): count=1 time=117ms
2023-10-27 20:14:06,304 [55507c8a-594d-4e25-909f-8d2832294c55-PipelineCommandHandlerThread-0] INFO  server.RaftServer (RaftServerProxy.java:addNew(98)) - 55507c8a-594d-4e25-909f-8d2832294c55: addNew group-F9EF9EF7AB14:[55507c8a-594d-4e25-909f-8d2832294c55|rpc:10.1.0.32:15086|admin:10.1.0.32:15085|client:10.1.0.32:15084|dataStream:10.1.0.32:15087|priority:1|startupRole:FOLLOWER] returns group-F9EF9EF7AB14:java.util.concurrent.CompletableFuture@65894897[Not completed]
2023-10-27 20:14:06,305 [66ee3698-ded8-430f-8ecd-27f356af6e45-groupManagement] INFO  server.RaftServerConfigKeys (ConfUtils.java:logGet(46)) - raft.server.rpc.request.timeout = 60s (custom)
2023-10-27 20:14:06,305 [66ee3698-ded8-430f-8ecd-27f356af6e45-groupManagement] INFO  server.RaftServerConfigKeys (ConfUtils.java:logGet(46)) - raft.server.log.appender.install.snapshot.enabled = false (custom)
2023-10-27 20:14:06,305 [66ee3698-ded8-430f-8ecd-27f356af6e45-groupManagement] INFO  server.RaftServerConfigKeys (ConfUtils.java:logGet(46)) - raft.server.threadpool.server.cached = true (default)
2023-10-27 20:14:06,306 [66ee3698-ded8-430f-8ecd-27f356af6e45-groupManagement] INFO  server.RaftServerConfigKeys (ConfUtils.java:logGet(46)) - raft.server.threadpool.server.size = 0 (default)
2023-10-27 20:14:06,306 [66ee3698-ded8-430f-8ecd-27f356af6e45-groupManagement] INFO  server.RaftServerConfigKeys (ConfUtils.java:logGet(46)) - raft.server.threadpool.client.cached = true (default)
2023-10-27 20:14:06,306 [66ee3698-ded8-430f-8ecd-27f356af6e45-groupManagement] INFO  server.RaftServerConfigKeys (ConfUtils.java:logGet(46)) - raft.server.threadpool.client.size = 0 (default)
2023-10-27 20:14:06,306 [66ee3698-ded8-430f-8ecd-27f356af6e45-groupManagement] INFO  storage.RaftStorageDirectory (RaftStorageDirectoryImpl.java:analyzeStorage(137)) - The storage directory /home/runner/work/ozone/ozone/hadoop-ozone/integration-test/target/test-dir/MiniOzoneClusterImpl-60426a9d-3de2-4373-b08b-24a22c9da129/datanode-2/data/ratis/d274e337-1c6c-42b4-b755-7e36dd6e81ec does not exist. Creating ...
2023-10-27 20:14:06,309 [23554148-3e4d-431f-a73e-f2401dbff1d4-groupManagement] INFO  server.RaftServerConfigKeys (ConfUtils.java:logGet(46)) - raft.server.log.write.buffer.size = 1048576 (custom)
2023-10-27 20:14:06,310 [23554148-3e4d-431f-a73e-f2401dbff1d4-groupManagement] INFO  server.RaftServerConfigKeys (ConfUtils.java:logGet(46)) - raft.server.log.appender.buffer.byte-limit = 33554432 (custom)
2023-10-27 20:14:06,311 [66ee3698-ded8-430f-8ecd-27f356af6e45-groupManagement] INFO  storage.RaftStorageDirectory (RaftStorageDirectoryImpl.java:tryLock(231)) - Lock on /home/runner/work/ozone/ozone/hadoop-ozone/integration-test/target/test-dir/MiniOzoneClusterImpl-60426a9d-3de2-4373-b08b-24a22c9da129/datanode-2/data/ratis/d274e337-1c6c-42b4-b755-7e36dd6e81ec/in_use.lock acquired by nodename 14569@fv-az342-943
2023-10-27 20:14:06,318 [23554148-3e4d-431f-a73e-f2401dbff1d4-groupManagement] INFO  server.RaftServerConfigKeys (ConfUtils.java:logGet(46)) - raft.server.log.unsafe-flush.enabled = false (default)
2023-10-27 20:14:06,319 [23554148-3e4d-431f-a73e-f2401dbff1d4-groupManagement] INFO  server.RaftServerConfigKeys (ConfUtils.java:logGet(46)) - raft.server.log.async-flush.enabled = false (default)
2023-10-27 20:14:06,319 [23554148-3e4d-431f-a73e-f2401dbff1d4-groupManagement] INFO  server.RaftServerConfigKeys (ConfUtils.java:logGet(46)) - raft.server.log.statemachine.data.caching.enabled = true (custom)
2023-10-27 20:14:06,320 [94422c73-384a-4d9a-a15d-46d9f5b840aa-PipelineCommandHandlerThread-0] INFO  commandhandler.CreatePipelineCommandHandler (CreatePipelineCommandHandler.java:lambda$handle$2(124)) - Created Pipeline RATIS THREE PipelineID=7a06d3e7-5cd1-4269-a48c-1d3807242c29.
2023-10-27 20:14:06,320 [23554148-3e4d-431f-a73e-f2401dbff1d4-groupManagement] INFO  segmented.SegmentedRaftLogWorker (SegmentedRaftLogWorker.java:lambda$new$0(135)) - 23554148-3e4d-431f-a73e-f2401dbff1d4@group-5C95EDC39216-SegmentedRaftLogWorker: flushIndex: setUnconditionally 0 -> -1
2023-10-27 20:14:06,320 [23554148-3e4d-431f-a73e-f2401dbff1d4-groupManagement] INFO  segmented.SegmentedRaftLogWorker (SegmentedRaftLogWorker.java:lambda$new$0(135)) - 23554148-3e4d-431f-a73e-f2401dbff1d4@group-5C95EDC39216-SegmentedRaftLogWorker: safeCacheEvictIndex: setUnconditionally 0 -> -1
2023-10-27 20:14:06,323 [5b9beb6f-d596-489f-8a17-e362b772df82-PipelineCommandHandlerThread-0] INFO  server.RaftServer (RaftServerProxy.java:addNew(98)) - 5b9beb6f-d596-489f-8a17-e362b772df82: addNew group-942E44EA8C16:[5b9beb6f-d596-489f-8a17-e362b772df82|rpc:10.1.0.32:15095|admin:10.1.0.32:15094|client:10.1.0.32:15093|dataStream:10.1.0.32:15096|priority:1|startupRole:FOLLOWER] returns group-942E44EA8C16:java.util.concurrent.CompletableFuture@7cfb77b8[Not completed]
2023-10-27 20:14:06,326 [66ee3698-ded8-430f-8ecd-27f356af6e45-groupManagement] INFO  storage.RaftStorage (RaftStorageImpl.java:format(96)) - Storage directory /home/runner/work/ozone/ozone/hadoop-ozone/integration-test/target/test-dir/MiniOzoneClusterImpl-60426a9d-3de2-4373-b08b-24a22c9da129/datanode-2/data/ratis/d274e337-1c6c-42b4-b755-7e36dd6e81ec has been successfully formatted.
2023-10-27 20:14:06,329 [5b9beb6f-d596-489f-8a17-e362b772df82-groupManagement] INFO  server.RaftServer$Division (RaftServerImpl.java:<init>(198)) - 5b9beb6f-d596-489f-8a17-e362b772df82: new RaftServerImpl for group-942E44EA8C16:[5b9beb6f-d596-489f-8a17-e362b772df82|rpc:10.1.0.32:15095|admin:10.1.0.32:15094|client:10.1.0.32:15093|dataStream:10.1.0.32:15096|priority:1|startupRole:FOLLOWER] with ContainerStateMachine:uninitialized
2023-10-27 20:14:06,331 [5b9beb6f-d596-489f-8a17-e362b772df82-groupManagement] INFO  server.RaftServerConfigKeys (ConfUtils.java:logGet(46)) - raft.server.rpc.timeout.min = 5s (custom)
2023-10-27 20:14:06,331 [5b9beb6f-d596-489f-8a17-e362b772df82-groupManagement] INFO  server.RaftServerConfigKeys (ConfUtils.java:logGet(46)) - raft.server.rpc.timeout.max = 5200ms (custom)
2023-10-27 20:14:06,332 [5b9beb6f-d596-489f-8a17-e362b772df82-groupManagement] INFO  server.RaftServerConfigKeys (ConfUtils.java:logGet(46)) - raft.server.rpc.sleep.time = 25ms (default)
2023-10-27 20:14:06,332 [5b9beb6f-d596-489f-8a17-e362b772df82-groupManagement] INFO  server.RaftServerConfigKeys (ConfUtils.java:logGet(46)) - raft.server.rpc.slowness.timeout = 300s (custom)
2023-10-27 20:14:06,333 [5b9beb6f-d596-489f-8a17-e362b772df82-groupManagement] INFO  server.RaftServerConfigKeys (ConfUtils.java:logGet(46)) - raft.server.leaderelection.leader.step-down.wait-time = 10s (default)
2023-10-27 20:14:06,333 [5b9beb6f-d596-489f-8a17-e362b772df82-groupManagement] INFO  server.RaftServerConfigKeys (ConfUtils.java:logGet(46)) - raft.server.sleep.deviation.threshold = 300ms (default)
2023-10-27 20:14:06,335 [55507c8a-594d-4e25-909f-8d2832294c55-groupManagement] INFO  server.RaftServer$Division (RaftServerImpl.java:<init>(198)) - 55507c8a-594d-4e25-909f-8d2832294c55: new RaftServerImpl for group-F9EF9EF7AB14:[55507c8a-594d-4e25-909f-8d2832294c55|rpc:10.1.0.32:15086|admin:10.1.0.32:15085|client:10.1.0.32:15084|dataStream:10.1.0.32:15087|priority:1|startupRole:FOLLOWER] with ContainerStateMachine:uninitialized
2023-10-27 20:14:06,337 [55507c8a-594d-4e25-909f-8d2832294c55-groupManagement] INFO  server.RaftServerConfigKeys (ConfUtils.java:logGet(46)) - raft.server.rpc.timeout.min = 5s (custom)
2023-10-27 20:14:06,338 [55507c8a-594d-4e25-909f-8d2832294c55-groupManagement] INFO  server.RaftServerConfigKeys (ConfUtils.java:logGet(46)) - raft.server.rpc.timeout.max = 5200ms (custom)
2023-10-27 20:14:06,338 [55507c8a-594d-4e25-909f-8d2832294c55-groupManagement] INFO  server.RaftServerConfigKeys (ConfUtils.java:logGet(46)) - raft.server.rpc.sleep.time = 25ms (default)
2023-10-27 20:14:06,338 [55507c8a-594d-4e25-909f-8d2832294c55-groupManagement] INFO  server.RaftServerConfigKeys (ConfUtils.java:logGet(46)) - raft.server.rpc.slowness.timeout = 300s (custom)
2023-10-27 20:14:06,338 [55507c8a-594d-4e25-909f-8d2832294c55-groupManagement] INFO  server.RaftServerConfigKeys (ConfUtils.java:logGet(46)) - raft.server.leaderelection.leader.step-down.wait-time = 10s (default)
2023-10-27 20:14:06,338 [55507c8a-594d-4e25-909f-8d2832294c55-groupManagement] INFO  server.RaftServerConfigKeys (ConfUtils.java:logGet(46)) - raft.server.sleep.deviation.threshold = 300ms (default)
2023-10-27 20:14:06,338 [55507c8a-594d-4e25-909f-8d2832294c55-groupManagement] INFO  server.RaftServer$Division (ServerState.java:<init>(120)) - 55507c8a-594d-4e25-909f-8d2832294c55@group-F9EF9EF7AB14: ConfigurationManager, init=-1: peers:[55507c8a-594d-4e25-909f-8d2832294c55|rpc:10.1.0.32:15086|admin:10.1.0.32:15085|client:10.1.0.32:15084|dataStream:10.1.0.32:15087|priority:1|startupRole:FOLLOWER]|listeners:[], old=null, confs=<EMPTY_MAP>
2023-10-27 20:14:06,338 [55507c8a-594d-4e25-909f-8d2832294c55-groupManagement] INFO  server.RaftServerConfigKeys (ConfUtils.java:logGet(46)) - raft.server.storage.dir = [/home/runner/work/ozone/ozone/hadoop-ozone/integration-test/target/test-dir/MiniOzoneClusterImpl-60426a9d-3de2-4373-b08b-24a22c9da129/datanode-8/data/ratis] (custom)
2023-10-27 20:14:06,339 [23554148-3e4d-431f-a73e-f2401dbff1d4-groupManagement] INFO  server.RaftServer$Division (RaftServerImpl.java:start(342)) - 23554148-3e4d-431f-a73e-f2401dbff1d4@group-5C95EDC39216: start as a follower, conf=-1: peers:[3fb99649-c87f-4cc9-b3d9-f5c572ff189c|rpc:10.1.0.32:15041|admin:10.1.0.32:15040|client:10.1.0.32:15039|dataStream:10.1.0.32:15042|priority:0|startupRole:FOLLOWER, 23554148-3e4d-431f-a73e-f2401dbff1d4|rpc:10.1.0.32:15059|admin:10.1.0.32:15058|client:10.1.0.32:15057|dataStream:10.1.0.32:15060|priority:0|startupRole:FOLLOWER, 1407d0d1-39ba-4bc0-b697-1e16e43cd838|rpc:10.1.0.32:15050|admin:10.1.0.32:15049|client:10.1.0.32:15048|dataStream:10.1.0.32:15051|priority:1|startupRole:FOLLOWER]|listeners:[], old=null
2023-10-27 20:14:06,339 [23554148-3e4d-431f-a73e-f2401dbff1d4-groupManagement] INFO  server.RaftServer$Division (RaftServerImpl.java:setRole(329)) - 23554148-3e4d-431f-a73e-f2401dbff1d4@group-5C95EDC39216: changes role from      null to FOLLOWER at term 0 for startAsFollower
2023-10-27 20:14:06,339 [23554148-3e4d-431f-a73e-f2401dbff1d4-groupManagement] INFO  impl.RoleInfo (RoleInfo.java:updateAndGet(139)) - 23554148-3e4d-431f-a73e-f2401dbff1d4: start 23554148-3e4d-431f-a73e-f2401dbff1d4@group-5C95EDC39216-FollowerState
2023-10-27 20:14:06,340 [55507c8a-594d-4e25-909f-8d2832294c55-groupManagement] INFO  server.RaftServerConfigKeys (ConfUtils.java:logGet(46)) - raft.server.log.corruption.policy = EXCEPTION (default)
2023-10-27 20:14:06,340 [55507c8a-594d-4e25-909f-8d2832294c55-groupManagement] INFO  server.RaftServerConfigKeys (ConfUtils.java:logGet(46)) - raft.server.storage.free-space.min = 0MB (=0) (default)
2023-10-27 20:14:06,341 [55507c8a-594d-4e25-909f-8d2832294c55-groupManagement] INFO  server.RaftServerConfigKeys (ConfUtils.java:logGet(46)) - raft.server.notification.no-leader.timeout = 300s (custom)
2023-10-27 20:14:06,342 [55507c8a-594d-4e25-909f-8d2832294c55-groupManagement] INFO  server.RaftServerConfigKeys (ConfUtils.java:logGet(46)) - raft.server.read.timeout = 10s (default)
2023-10-27 20:14:06,343 [55507c8a-594d-4e25-909f-8d2832294c55-groupManagement] INFO  server.RaftServerConfigKeys (ConfUtils.java:logGet(46)) - raft.server.retrycache.expirytime = 600000ms (custom)
2023-10-27 20:14:06,343 [55507c8a-594d-4e25-909f-8d2832294c55-groupManagement] INFO  server.RaftServerConfigKeys (ConfUtils.java:logGet(46)) - raft.server.retrycache.statistics.expirytime = 100μs (default)
2023-10-27 20:14:06,345 [55507c8a-594d-4e25-909f-8d2832294c55-groupManagement] INFO  server.RaftServerConfigKeys (ConfUtils.java:logGet(46)) - raft.server.read.option = DEFAULT (default)
2023-10-27 20:14:06,345 [23554148-3e4d-431f-a73e-f2401dbff1d4@group-5C95EDC39216-FollowerState] INFO  server.RaftServerConfigKeys (ConfUtils.java:logFallback(53)) - raft.server.rpc.first-election.timeout.min = 5s (fallback to raft.server.rpc.timeout.min)
2023-10-27 20:14:06,363 [23554148-3e4d-431f-a73e-f2401dbff1d4@group-5C95EDC39216-FollowerState] INFO  server.RaftServerConfigKeys (ConfUtils.java:logFallback(53)) - raft.server.rpc.first-election.timeout.max = 5200ms (fallback to raft.server.rpc.timeout.max)
2023-10-27 20:14:06,344 [94422c73-384a-4d9a-a15d-46d9f5b840aa-PipelineCommandHandlerThread-0] INFO  server.RaftServer (RaftServerProxy.java:addNew(98)) - 94422c73-384a-4d9a-a15d-46d9f5b840aa: addNew group-7E36DD6E81EC:[94422c73-384a-4d9a-a15d-46d9f5b840aa|rpc:10.1.0.32:15014|admin:10.1.0.32:15013|client:10.1.0.32:15012|dataStream:10.1.0.32:15015|priority:1|startupRole:FOLLOWER, 66ee3698-ded8-430f-8ecd-27f356af6e45|rpc:10.1.0.32:15032|admin:10.1.0.32:15031|client:10.1.0.32:15030|dataStream:10.1.0.32:15033|priority:0|startupRole:FOLLOWER, 0ef615e1-91db-4ede-b924-53e2d320f02d|rpc:10.1.0.32:15023|admin:10.1.0.32:15022|client:10.1.0.32:15021|dataStream:10.1.0.32:15024|priority:0|startupRole:FOLLOWER] returns group-7E36DD6E81EC:java.util.concurrent.CompletableFuture@586442b5[Not completed]
2023-10-27 20:14:06,344 [23554148-3e4d-431f-a73e-f2401dbff1d4-groupManagement] INFO  util.JmxRegister (JmxRegister.java:tryRegister(44)) - Successfully registered JMX Bean with object name Ratis:service=RaftServer,group=group-5C95EDC39216,id=23554148-3e4d-431f-a73e-f2401dbff1d4
2023-10-27 20:14:06,363 [23554148-3e4d-431f-a73e-f2401dbff1d4-groupManagement] INFO  server.RaftServerConfigKeys (ConfUtils.java:logGet(46)) - raft.server.snapshot.auto.trigger.enabled = true (custom)
2023-10-27 20:14:06,363 [23554148-3e4d-431f-a73e-f2401dbff1d4-groupManagement] INFO  server.RaftServerConfigKeys (ConfUtils.java:logGet(46)) - raft.server.snapshot.auto.trigger.threshold = 10000 (custom)
2023-10-27 20:14:06,363 [23554148-3e4d-431f-a73e-f2401dbff1d4-groupManagement] INFO  server.RaftServerConfigKeys (ConfUtils.java:logGet(46)) - raft.server.snapshot.retention.file.num = 5 (custom)
2023-10-27 20:14:06,363 [23554148-3e4d-431f-a73e-f2401dbff1d4-groupManagement] INFO  server.RaftServerConfigKeys (ConfUtils.java:logGet(46)) - raft.server.log.purge.upto.snapshot.index = false (default)
2023-10-27 20:14:06,359 [5b9beb6f-d596-489f-8a17-e362b772df82-groupManagement] INFO  server.RaftServer$Division (ServerState.java:<init>(120)) - 5b9beb6f-d596-489f-8a17-e362b772df82@group-942E44EA8C16: ConfigurationManager, init=-1: peers:[5b9beb6f-d596-489f-8a17-e362b772df82|rpc:10.1.0.32:15095|admin:10.1.0.32:15094|client:10.1.0.32:15093|dataStream:10.1.0.32:15096|priority:1|startupRole:FOLLOWER]|listeners:[], old=null, confs=<EMPTY_MAP>
2023-10-27 20:14:06,365 [5b9beb6f-d596-489f-8a17-e362b772df82-groupManagement] INFO  server.RaftServerConfigKeys (ConfUtils.java:logGet(46)) - raft.server.storage.dir = [/home/runner/work/ozone/ozone/hadoop-ozone/integration-test/target/test-dir/MiniOzoneClusterImpl-60426a9d-3de2-4373-b08b-24a22c9da129/datanode-9/data/ratis] (custom)
2023-10-27 20:14:06,365 [5b9beb6f-d596-489f-8a17-e362b772df82-groupManagement] INFO  server.RaftServerConfigKeys (ConfUtils.java:logGet(46)) - raft.server.log.corruption.policy = EXCEPTION (default)
2023-10-27 20:14:06,365 [5b9beb6f-d596-489f-8a17-e362b772df82-groupManagement] INFO  server.RaftServerConfigKeys (ConfUtils.java:logGet(46)) - raft.server.storage.free-space.min = 0MB (=0) (default)
2023-10-27 20:14:06,365 [5b9beb6f-d596-489f-8a17-e362b772df82-groupManagement] INFO  server.RaftServerConfigKeys (ConfUtils.java:logGet(46)) - raft.server.notification.no-leader.timeout = 300s (custom)
2023-10-27 20:14:06,365 [5b9beb6f-d596-489f-8a17-e362b772df82-groupManagement] INFO  server.RaftServerConfigKeys (ConfUtils.java:logGet(46)) - raft.server.read.timeout = 10s (default)
2023-10-27 20:14:06,365 [5b9beb6f-d596-489f-8a17-e362b772df82-groupManagement] INFO  server.RaftServerConfigKeys (ConfUtils.java:logGet(46)) - raft.server.retrycache.expirytime = 600000ms (custom)
2023-10-27 20:14:06,359 [3fb99649-c87f-4cc9-b3d9-f5c572ff189c-PipelineCommandHandlerThread-0] INFO  commandhandler.CreatePipelineCommandHandler (CreatePipelineCommandHandler.java:lambda$handle$2(124)) - Created Pipeline RATIS THREE PipelineID=18e9d5d2-3951-48aa-a34d-5a0c10638f91.
2023-10-27 20:14:06,366 [3fb99649-c87f-4cc9-b3d9-f5c572ff189c-PipelineCommandHandlerThread-0] INFO  server.RaftServer (RaftServerProxy.java:addNew(98)) - 3fb99649-c87f-4cc9-b3d9-f5c572ff189c: addNew group-5C95EDC39216:[3fb99649-c87f-4cc9-b3d9-f5c572ff189c|rpc:10.1.0.32:15041|admin:10.1.0.32:15040|client:10.1.0.32:15039|dataStream:10.1.0.32:15042|priority:0|startupRole:FOLLOWER, 23554148-3e4d-431f-a73e-f2401dbff1d4|rpc:10.1.0.32:15059|admin:10.1.0.32:15058|client:10.1.0.32:15057|dataStream:10.1.0.32:15060|priority:0|startupRole:FOLLOWER, 1407d0d1-39ba-4bc0-b697-1e16e43cd838|rpc:10.1.0.32:15050|admin:10.1.0.32:15049|client:10.1.0.32:15048|dataStream:10.1.0.32:15051|priority:1|startupRole:FOLLOWER] returns group-5C95EDC39216:java.util.concurrent.CompletableFuture@4d9bab90[Not completed]
2023-10-27 20:14:06,358 [EventQueue-OpenPipelineForHealthyPipelineSafeModeRule] INFO  safemode.SCMSafeModeManager (HealthyPipelineSafeModeRule.java:process(137)) - SCM in safe mode. Healthy pipelines reported count is 0, required healthy pipeline reported count is 1
2023-10-27 20:14:06,356 [66ee3698-ded8-430f-8ecd-27f356af6e45-groupManagement] INFO  ratis.ContainerStateMachine (ContainerStateMachine.java:loadSnapshot(269)) - group-7E36DD6E81EC: The snapshot info is null. Setting the last applied indexto:(t:0, i:~)
2023-10-27 20:14:06,366 [66ee3698-ded8-430f-8ecd-27f356af6e45-groupManagement] INFO  server.RaftServerConfigKeys (ConfUtils.java:logGet(46)) - raft.server.log.use.memory = false (default)
2023-10-27 20:14:06,366 [66ee3698-ded8-430f-8ecd-27f356af6e45-groupManagement] INFO  server.RaftServerConfigKeys (ConfUtils.java:logGet(46)) - raft.server.log.purge.gap = 1000000 (custom)
2023-10-27 20:14:06,367 [66ee3698-ded8-430f-8ecd-27f356af6e45-groupManagement] INFO  server.RaftServerConfigKeys (ConfUtils.java:logGet(46)) - raft.server.log.appender.buffer.byte-limit = 33554432 (custom)
2023-10-27 20:14:06,367 [66ee3698-ded8-430f-8ecd-27f356af6e45-groupManagement] INFO  server.RaftServerConfigKeys (ConfUtils.java:logGet(46)) - raft.server.log.statemachine.data.read.timeout = 1000ms (default)
2023-10-27 20:14:06,367 [3fb99649-c87f-4cc9-b3d9-f5c572ff189c-groupManagement] INFO  server.RaftServer$Division (RaftServerImpl.java:<init>(198)) - 3fb99649-c87f-4cc9-b3d9-f5c572ff189c: new RaftServerImpl for group-5C95EDC39216:[3fb99649-c87f-4cc9-b3d9-f5c572ff189c|rpc:10.1.0.32:15041|admin:10.1.0.32:15040|client:10.1.0.32:15039|dataStream:10.1.0.32:15042|priority:0|startupRole:FOLLOWER, 23554148-3e4d-431f-a73e-f2401dbff1d4|rpc:10.1.0.32:15059|admin:10.1.0.32:15058|client:10.1.0.32:15057|dataStream:10.1.0.32:15060|priority:0|startupRole:FOLLOWER, 1407d0d1-39ba-4bc0-b697-1e16e43cd838|rpc:10.1.0.32:15050|admin:10.1.0.32:15049|client:10.1.0.32:15048|dataStream:10.1.0.32:15051|priority:1|startupRole:FOLLOWER] with ContainerStateMachine:uninitialized
2023-10-27 20:14:06,367 [3fb99649-c87f-4cc9-b3d9-f5c572ff189c-groupManagement] INFO  server.RaftServerConfigKeys (ConfUtils.java:logGet(46)) - raft.server.rpc.timeout.min = 5s (custom)
2023-10-27 20:14:06,367 [3fb99649-c87f-4cc9-b3d9-f5c572ff189c-groupManagement] INFO  server.RaftServerConfigKeys (ConfUtils.java:logGet(46)) - raft.server.rpc.timeout.max = 5200ms (custom)
2023-10-27 20:14:06,367 [3fb99649-c87f-4cc9-b3d9-f5c572ff189c-groupManagement] INFO  server.RaftServerConfigKeys (ConfUtils.java:logGet(46)) - raft.server.rpc.sleep.time = 25ms (default)
2023-10-27 20:14:06,367 [3fb99649-c87f-4cc9-b3d9-f5c572ff189c-groupManagement] INFO  server.RaftServerConfigKeys (ConfUtils.java:logGet(46)) - raft.server.rpc.slowness.timeout = 300s (custom)
2023-10-27 20:14:06,367 [3fb99649-c87f-4cc9-b3d9-f5c572ff189c-groupManagement] INFO  server.RaftServerConfigKeys (ConfUtils.java:logGet(46)) - raft.server.leaderelection.leader.step-down.wait-time = 10s (default)
2023-10-27 20:14:06,367 [3fb99649-c87f-4cc9-b3d9-f5c572ff189c-groupManagement] INFO  server.RaftServerConfigKeys (ConfUtils.java:logGet(46)) - raft.server.sleep.deviation.threshold = 300ms (default)
2023-10-27 20:14:06,368 [3fb99649-c87f-4cc9-b3d9-f5c572ff189c-groupManagement] INFO  server.RaftServer$Division (ServerState.java:<init>(120)) - 3fb99649-c87f-4cc9-b3d9-f5c572ff189c@group-5C95EDC39216: ConfigurationManager, init=-1: peers:[3fb99649-c87f-4cc9-b3d9-f5c572ff189c|rpc:10.1.0.32:15041|admin:10.1.0.32:15040|client:10.1.0.32:15039|dataStream:10.1.0.32:15042|priority:0|startupRole:FOLLOWER, 23554148-3e4d-431f-a73e-f2401dbff1d4|rpc:10.1.0.32:15059|admin:10.1.0.32:15058|client:10.1.0.32:15057|dataStream:10.1.0.32:15060|priority:0|startupRole:FOLLOWER, 1407d0d1-39ba-4bc0-b697-1e16e43cd838|rpc:10.1.0.32:15050|admin:10.1.0.32:15049|client:10.1.0.32:15048|dataStream:10.1.0.32:15051|priority:1|startupRole:FOLLOWER]|listeners:[], old=null, confs=<EMPTY_MAP>
2023-10-27 20:14:06,368 [3fb99649-c87f-4cc9-b3d9-f5c572ff189c-groupManagement] INFO  server.RaftServerConfigKeys (ConfUtils.java:logGet(46)) - raft.server.storage.dir = [/home/runner/work/ozone/ozone/hadoop-ozone/integration-test/target/test-dir/MiniOzoneClusterImpl-60426a9d-3de2-4373-b08b-24a22c9da129/datanode-3/data/ratis] (custom)
2023-10-27 20:14:06,368 [3fb99649-c87f-4cc9-b3d9-f5c572ff189c-groupManagement] INFO  server.RaftServerConfigKeys (ConfUtils.java:logGet(46)) - raft.server.log.corruption.policy = EXCEPTION (default)
2023-10-27 20:14:06,368 [3fb99649-c87f-4cc9-b3d9-f5c572ff189c-groupManagement] INFO  server.RaftServerConfigKeys (ConfUtils.java:logGet(46)) - raft.server.storage.free-space.min = 0MB (=0) (default)
2023-10-27 20:14:06,368 [3fb99649-c87f-4cc9-b3d9-f5c572ff189c-groupManagement] INFO  server.RaftServerConfigKeys (ConfUtils.java:logGet(46)) - raft.server.notification.no-leader.timeout = 300s (custom)
2023-10-27 20:14:06,368 [3fb99649-c87f-4cc9-b3d9-f5c572ff189c-groupManagement] INFO  server.RaftServerConfigKeys (ConfUtils.java:logGet(46)) - raft.server.read.timeout = 10s (default)
2023-10-27 20:14:06,368 [3fb99649-c87f-4cc9-b3d9-f5c572ff189c-groupManagement] INFO  server.RaftServerConfigKeys (ConfUtils.java:logGet(46)) - raft.server.retrycache.expirytime = 600000ms (custom)
2023-10-27 20:14:06,368 [3fb99649-c87f-4cc9-b3d9-f5c572ff189c-groupManagement] INFO  server.RaftServerConfigKeys (ConfUtils.java:logGet(46)) - raft.server.retrycache.statistics.expirytime = 100μs (default)
2023-10-27 20:14:06,369 [3fb99649-c87f-4cc9-b3d9-f5c572ff189c-groupManagement] INFO  server.RaftServerConfigKeys (ConfUtils.java:logGet(46)) - raft.server.read.option = DEFAULT (default)
2023-10-27 20:14:06,345 [94422c73-384a-4d9a-a15d-46d9f5b840aa-groupManagement] INFO  server.RaftServer$Division (RaftServerImpl.java:<init>(198)) - 94422c73-384a-4d9a-a15d-46d9f5b840aa: new RaftServerImpl for group-7E36DD6E81EC:[94422c73-384a-4d9a-a15d-46d9f5b840aa|rpc:10.1.0.32:15014|admin:10.1.0.32:15013|client:10.1.0.32:15012|dataStream:10.1.0.32:15015|priority:1|startupRole:FOLLOWER, 66ee3698-ded8-430f-8ecd-27f356af6e45|rpc:10.1.0.32:15032|admin:10.1.0.32:15031|client:10.1.0.32:15030|dataStream:10.1.0.32:15033|priority:0|startupRole:FOLLOWER, 0ef615e1-91db-4ede-b924-53e2d320f02d|rpc:10.1.0.32:15023|admin:10.1.0.32:15022|client:10.1.0.32:15021|dataStream:10.1.0.32:15024|priority:0|startupRole:FOLLOWER] with ContainerStateMachine:uninitialized
2023-10-27 20:14:06,370 [94422c73-384a-4d9a-a15d-46d9f5b840aa-groupManagement] INFO  server.RaftServerConfigKeys (ConfUtils.java:logGet(46)) - raft.server.rpc.timeout.min = 5s (custom)
2023-10-27 20:14:06,370 [94422c73-384a-4d9a-a15d-46d9f5b840aa-groupManagement] INFO  server.RaftServerConfigKeys (ConfUtils.java:logGet(46)) - raft.server.rpc.timeout.max = 5200ms (custom)
2023-10-27 20:14:06,370 [94422c73-384a-4d9a-a15d-46d9f5b840aa-groupManagement] INFO  server.RaftServerConfigKeys (ConfUtils.java:logGet(46)) - raft.server.rpc.sleep.time = 25ms (default)
2023-10-27 20:14:06,370 [94422c73-384a-4d9a-a15d-46d9f5b840aa-groupManagement] INFO  server.RaftServerConfigKeys (ConfUtils.java:logGet(46)) - raft.server.rpc.slowness.timeout = 300s (custom)
2023-10-27 20:14:06,370 [94422c73-384a-4d9a-a15d-46d9f5b840aa-groupManagement] INFO  server.RaftServerConfigKeys (ConfUtils.java:logGet(46)) - raft.server.leaderelection.leader.step-down.wait-time = 10s (default)
2023-10-27 20:14:06,370 [94422c73-384a-4d9a-a15d-46d9f5b840aa-groupManagement] INFO  server.RaftServerConfigKeys (ConfUtils.java:logGet(46)) - raft.server.sleep.deviation.threshold = 300ms (default)
2023-10-27 20:14:06,370 [94422c73-384a-4d9a-a15d-46d9f5b840aa-groupManagement] INFO  server.RaftServer$Division (ServerState.java:<init>(120)) - 94422c73-384a-4d9a-a15d-46d9f5b840aa@group-7E36DD6E81EC: ConfigurationManager, init=-1: peers:[94422c73-384a-4d9a-a15d-46d9f5b840aa|rpc:10.1.0.32:15014|admin:10.1.0.32:15013|client:10.1.0.32:15012|dataStream:10.1.0.32:15015|priority:1|startupRole:FOLLOWER, 66ee3698-ded8-430f-8ecd-27f356af6e45|rpc:10.1.0.32:15032|admin:10.1.0.32:15031|client:10.1.0.32:15030|dataStream:10.1.0.32:15033|priority:0|startupRole:FOLLOWER, 0ef615e1-91db-4ede-b924-53e2d320f02d|rpc:10.1.0.32:15023|admin:10.1.0.32:15022|client:10.1.0.32:15021|dataStream:10.1.0.32:15024|priority:0|startupRole:FOLLOWER]|listeners:[], old=null, confs=<EMPTY_MAP>
2023-10-27 20:14:06,371 [94422c73-384a-4d9a-a15d-46d9f5b840aa-groupManagement] INFO  server.RaftServerConfigKeys (ConfUtils.java:logGet(46)) - raft.server.storage.dir = [/home/runner/work/ozone/ozone/hadoop-ozone/integration-test/target/test-dir/MiniOzoneClusterImpl-60426a9d-3de2-4373-b08b-24a22c9da129/datanode-0/data/ratis] (custom)
2023-10-27 20:14:06,371 [94422c73-384a-4d9a-a15d-46d9f5b840aa-groupManagement] INFO  server.RaftServerConfigKeys (ConfUtils.java:logGet(46)) - raft.server.log.corruption.policy = EXCEPTION (default)
2023-10-27 20:14:06,371 [94422c73-384a-4d9a-a15d-46d9f5b840aa-groupManagement] INFO  server.RaftServerConfigKeys (ConfUtils.java:logGet(46)) - raft.server.storage.free-space.min = 0MB (=0) (default)
2023-10-27 20:14:06,371 [94422c73-384a-4d9a-a15d-46d9f5b840aa-groupManagement] INFO  server.RaftServerConfigKeys (ConfUtils.java:logGet(46)) - raft.server.notification.no-leader.timeout = 300s (custom)
2023-10-27 20:14:06,371 [94422c73-384a-4d9a-a15d-46d9f5b840aa-groupManagement] INFO  server.RaftServerConfigKeys (ConfUtils.java:logGet(46)) - raft.server.read.timeout = 10s (default)
2023-10-27 20:14:06,371 [94422c73-384a-4d9a-a15d-46d9f5b840aa-groupManagement] INFO  server.RaftServerConfigKeys (ConfUtils.java:logGet(46)) - raft.server.retrycache.expirytime = 600000ms (custom)
2023-10-27 20:14:06,371 [94422c73-384a-4d9a-a15d-46d9f5b840aa-groupManagement] INFO  server.RaftServerConfigKeys (ConfUtils.java:logGet(46)) - raft.server.retrycache.statistics.expirytime = 100μs (default)
2023-10-27 20:14:06,371 [94422c73-384a-4d9a-a15d-46d9f5b840aa-groupManagement] INFO  server.RaftServerConfigKeys (ConfUtils.java:logGet(46)) - raft.server.read.option = DEFAULT (default)
2023-10-27 20:14:06,367 [5b9beb6f-d596-489f-8a17-e362b772df82-groupManagement] INFO  server.RaftServerConfigKeys (ConfUtils.java:logGet(46)) - raft.server.retrycache.statistics.expirytime = 100μs (default)
2023-10-27 20:14:06,367 [66ee3698-ded8-430f-8ecd-27f356af6e45-groupManagement] INFO  server.RaftServerConfigKeys (ConfUtils.java:logGet(46)) - raft.server.log.purge.preservation.log.num = 0 (default)
2023-10-27 20:14:06,373 [66ee3698-ded8-430f-8ecd-27f356af6e45-groupManagement] INFO  server.RaftServerConfigKeys (ConfUtils.java:logGet(46)) - raft.server.log.segment.size.max = 1048576 (custom)
2023-10-27 20:14:06,373 [5b9beb6f-d596-489f-8a17-e362b772df82-groupManagement] INFO  server.RaftServerConfigKeys (ConfUtils.java:logGet(46)) - raft.server.read.option = DEFAULT (default)
2023-10-27 20:14:06,380 [23554148-3e4d-431f-a73e-f2401dbff1d4-PipelineCommandHandlerThread-0] INFO  ratis.XceiverServerRatis (XceiverServerRatis.java:addGroup(805)) - Created group PipelineID=de112322-9279-4ab5-b0a4-5c95edc39216
2023-10-27 20:14:06,391 [0ef615e1-91db-4ede-b924-53e2d320f02d-PipelineCommandHandlerThread-0] INFO  commandhandler.CreatePipelineCommandHandler (CreatePipelineCommandHandler.java:lambda$handle$2(124)) - Created Pipeline RATIS THREE PipelineID=7a06d3e7-5cd1-4269-a48c-1d3807242c29.
2023-10-27 20:14:06,392 [0ef615e1-91db-4ede-b924-53e2d320f02d-PipelineCommandHandlerThread-0] INFO  server.RaftServer (RaftServerProxy.java:addNew(98)) - 0ef615e1-91db-4ede-b924-53e2d320f02d: addNew group-7E36DD6E81EC:[94422c73-384a-4d9a-a15d-46d9f5b840aa|rpc:10.1.0.32:15014|admin:10.1.0.32:15013|client:10.1.0.32:15012|dataStream:10.1.0.32:15015|priority:1|startupRole:FOLLOWER, 66ee3698-ded8-430f-8ecd-27f356af6e45|rpc:10.1.0.32:15032|admin:10.1.0.32:15031|client:10.1.0.32:15030|dataStream:10.1.0.32:15033|priority:0|startupRole:FOLLOWER, 0ef615e1-91db-4ede-b924-53e2d320f02d|rpc:10.1.0.32:15023|admin:10.1.0.32:15022|client:10.1.0.32:15021|dataStream:10.1.0.32:15024|priority:0|startupRole:FOLLOWER] returns group-7E36DD6E81EC:java.util.concurrent.CompletableFuture@4375f6f5[Not completed]
2023-10-27 20:14:06,394 [0ef615e1-91db-4ede-b924-53e2d320f02d-groupManagement] INFO  server.RaftServer$Division (RaftServerImpl.java:<init>(198)) - 0ef615e1-91db-4ede-b924-53e2d320f02d: new RaftServerImpl for group-7E36DD6E81EC:[94422c73-384a-4d9a-a15d-46d9f5b840aa|rpc:10.1.0.32:15014|admin:10.1.0.32:15013|client:10.1.0.32:15012|dataStream:10.1.0.32:15015|priority:1|startupRole:FOLLOWER, 66ee3698-ded8-430f-8ecd-27f356af6e45|rpc:10.1.0.32:15032|admin:10.1.0.32:15031|client:10.1.0.32:15030|dataStream:10.1.0.32:15033|priority:0|startupRole:FOLLOWER, 0ef615e1-91db-4ede-b924-53e2d320f02d|rpc:10.1.0.32:15023|admin:10.1.0.32:15022|client:10.1.0.32:15021|dataStream:10.1.0.32:15024|priority:0|startupRole:FOLLOWER] with ContainerStateMachine:uninitialized
2023-10-27 20:14:06,394 [0ef615e1-91db-4ede-b924-53e2d320f02d-groupManagement] INFO  server.RaftServerConfigKeys (ConfUtils.java:logGet(46)) - raft.server.rpc.timeout.min = 5s (custom)
2023-10-27 20:14:06,394 [0ef615e1-91db-4ede-b924-53e2d320f02d-groupManagement] INFO  server.RaftServerConfigKeys (ConfUtils.java:logGet(46)) - raft.server.rpc.timeout.max = 5200ms (custom)
2023-10-27 20:14:06,394 [0ef615e1-91db-4ede-b924-53e2d320f02d-groupManagement] INFO  server.RaftServerConfigKeys (ConfUtils.java:logGet(46)) - raft.server.rpc.sleep.time = 25ms (default)
2023-10-27 20:14:06,394 [0ef615e1-91db-4ede-b924-53e2d320f02d-groupManagement] INFO  server.RaftServerConfigKeys (ConfUtils.java:logGet(46)) - raft.server.rpc.slowness.timeout = 300s (custom)
2023-10-27 20:14:06,394 [0ef615e1-91db-4ede-b924-53e2d320f02d-groupManagement] INFO  server.RaftServerConfigKeys (ConfUtils.java:logGet(46)) - raft.server.leaderelection.leader.step-down.wait-time = 10s (default)
2023-10-27 20:14:06,394 [0ef615e1-91db-4ede-b924-53e2d320f02d-groupManagement] INFO  server.RaftServerConfigKeys (ConfUtils.java:logGet(46)) - raft.server.sleep.deviation.threshold = 300ms (default)
2023-10-27 20:14:06,394 [0ef615e1-91db-4ede-b924-53e2d320f02d-groupManagement] INFO  server.RaftServer$Division (ServerState.java:<init>(120)) - 0ef615e1-91db-4ede-b924-53e2d320f02d@group-7E36DD6E81EC: ConfigurationManager, init=-1: peers:[94422c73-384a-4d9a-a15d-46d9f5b840aa|rpc:10.1.0.32:15014|admin:10.1.0.32:15013|client:10.1.0.32:15012|dataStream:10.1.0.32:15015|priority:1|startupRole:FOLLOWER, 66ee3698-ded8-430f-8ecd-27f356af6e45|rpc:10.1.0.32:15032|admin:10.1.0.32:15031|client:10.1.0.32:15030|dataStream:10.1.0.32:15033|priority:0|startupRole:FOLLOWER, 0ef615e1-91db-4ede-b924-53e2d320f02d|rpc:10.1.0.32:15023|admin:10.1.0.32:15022|client:10.1.0.32:15021|dataStream:10.1.0.32:15024|priority:0|startupRole:FOLLOWER]|listeners:[], old=null, confs=<EMPTY_MAP>
2023-10-27 20:14:06,394 [0ef615e1-91db-4ede-b924-53e2d320f02d-groupManagement] INFO  server.RaftServerConfigKeys (ConfUtils.java:logGet(46)) - raft.server.storage.dir = [/home/runner/work/ozone/ozone/hadoop-ozone/integration-test/target/test-dir/MiniOzoneClusterImpl-60426a9d-3de2-4373-b08b-24a22c9da129/datanode-1/data/ratis] (custom)
2023-10-27 20:14:06,395 [0ef615e1-91db-4ede-b924-53e2d320f02d-groupManagement] INFO  server.RaftServerConfigKeys (ConfUtils.java:logGet(46)) - raft.server.log.corruption.policy = EXCEPTION (default)
2023-10-27 20:14:06,395 [0ef615e1-91db-4ede-b924-53e2d320f02d-groupManagement] INFO  server.RaftServerConfigKeys (ConfUtils.java:logGet(46)) - raft.server.storage.free-space.min = 0MB (=0) (default)
2023-10-27 20:14:06,395 [0ef615e1-91db-4ede-b924-53e2d320f02d-groupManagement] INFO  server.RaftServerConfigKeys (ConfUtils.java:logGet(46)) - raft.server.notification.no-leader.timeout = 300s (custom)
2023-10-27 20:14:06,395 [0ef615e1-91db-4ede-b924-53e2d320f02d-groupManagement] INFO  server.RaftServerConfigKeys (ConfUtils.java:logGet(46)) - raft.server.read.timeout = 10s (default)
2023-10-27 20:14:06,395 [0ef615e1-91db-4ede-b924-53e2d320f02d-groupManagement] INFO  server.RaftServerConfigKeys (ConfUtils.java:logGet(46)) - raft.server.retrycache.expirytime = 600000ms (custom)
2023-10-27 20:14:06,395 [0ef615e1-91db-4ede-b924-53e2d320f02d-groupManagement] INFO  server.RaftServerConfigKeys (ConfUtils.java:logGet(46)) - raft.server.retrycache.statistics.expirytime = 100μs (default)
2023-10-27 20:14:06,396 [94422c73-384a-4d9a-a15d-46d9f5b840aa-groupManagement] INFO  server.RaftServerConfigKeys (ConfUtils.java:logGet(46)) - raft.server.rpc.request.timeout = 60s (custom)
2023-10-27 20:14:06,396 [94422c73-384a-4d9a-a15d-46d9f5b840aa-groupManagement] INFO  server.RaftServerConfigKeys (ConfUtils.java:logGet(46)) - raft.server.log.appender.install.snapshot.enabled = false (custom)
2023-10-27 20:14:06,396 [94422c73-384a-4d9a-a15d-46d9f5b840aa-groupManagement] INFO  server.RaftServerConfigKeys (ConfUtils.java:logGet(46)) - raft.server.threadpool.server.cached = true (default)
2023-10-27 20:14:06,397 [94422c73-384a-4d9a-a15d-46d9f5b840aa-groupManagement] INFO  server.RaftServerConfigKeys (ConfUtils.java:logGet(46)) - raft.server.threadpool.server.size = 0 (default)
2023-10-27 20:14:06,397 [94422c73-384a-4d9a-a15d-46d9f5b840aa-groupManagement] INFO  server.RaftServerConfigKeys (ConfUtils.java:logGet(46)) - raft.server.threadpool.client.cached = true (default)
2023-10-27 20:14:06,397 [94422c73-384a-4d9a-a15d-46d9f5b840aa-groupManagement] INFO  server.RaftServerConfigKeys (ConfUtils.java:logGet(46)) - raft.server.threadpool.client.size = 0 (default)
2023-10-27 20:14:06,397 [94422c73-384a-4d9a-a15d-46d9f5b840aa-groupManagement] INFO  storage.RaftStorageDirectory (RaftStorageDirectoryImpl.java:analyzeStorage(137)) - The storage directory /home/runner/work/ozone/ozone/hadoop-ozone/integration-test/target/test-dir/MiniOzoneClusterImpl-60426a9d-3de2-4373-b08b-24a22c9da129/datanode-0/data/ratis/d274e337-1c6c-42b4-b755-7e36dd6e81ec does not exist. Creating ...
2023-10-27 20:14:06,398 [3fb99649-c87f-4cc9-b3d9-f5c572ff189c-groupManagement] INFO  server.RaftServerConfigKeys (ConfUtils.java:logGet(46)) - raft.server.rpc.request.timeout = 60s (custom)
2023-10-27 20:14:06,398 [3fb99649-c87f-4cc9-b3d9-f5c572ff189c-groupManagement] INFO  server.RaftServerConfigKeys (ConfUtils.java:logGet(46)) - raft.server.log.appender.install.snapshot.enabled = false (custom)
2023-10-27 20:14:06,398 [3fb99649-c87f-4cc9-b3d9-f5c572ff189c-groupManagement] INFO  server.RaftServerConfigKeys (ConfUtils.java:logGet(46)) - raft.server.threadpool.server.cached = true (default)
2023-10-27 20:14:06,398 [3fb99649-c87f-4cc9-b3d9-f5c572ff189c-groupManagement] INFO  server.RaftServerConfigKeys (ConfUtils.java:logGet(46)) - raft.server.threadpool.server.size = 0 (default)
2023-10-27 20:14:06,400 [66ee3698-ded8-430f-8ecd-27f356af6e45-groupManagement] INFO  server.RaftServerConfigKeys (ConfUtils.java:logGet(46)) - raft.server.log.segment.cache.num.max = 2 (custom)
2023-10-27 20:14:06,401 [66ee3698-ded8-430f-8ecd-27f356af6e45-groupManagement] INFO  server.RaftServerConfigKeys (ConfUtils.java:logGet(46)) - raft.server.log.segment.cache.size.max = 200MB (=209715200) (default)
2023-10-27 20:14:06,401 [66ee3698-ded8-430f-8ecd-27f356af6e45-groupManagement] INFO  server.RaftServerConfigKeys (ConfUtils.java:logGet(46)) - raft.server.log.appender.buffer.byte-limit = 33554432 (custom)
2023-10-27 20:14:06,401 [66ee3698-ded8-430f-8ecd-27f356af6e45-groupManagement] INFO  segmented.SegmentedRaftLogWorker (SegmentedRaftLogWorker.java:<init>(188)) - new 66ee3698-ded8-430f-8ecd-27f356af6e45@group-7E36DD6E81EC-SegmentedRaftLogWorker for RaftStorageImpl:Storage Directory /home/runner/work/ozone/ozone/hadoop-ozone/integration-test/target/test-dir/MiniOzoneClusterImpl-60426a9d-3de2-4373-b08b-24a22c9da129/datanode-2/data/ratis/d274e337-1c6c-42b4-b755-7e36dd6e81ec
2023-10-27 20:14:06,401 [66ee3698-ded8-430f-8ecd-27f356af6e45-groupManagement] INFO  server.RaftServerConfigKeys (ConfUtils.java:logGet(46)) - raft.server.log.queue.byte-limit = 4294967296 (custom)
2023-10-27 20:14:06,401 [66ee3698-ded8-430f-8ecd-27f356af6e45-groupManagement] INFO  server.RaftServerConfigKeys (ConfUtils.java:logGet(46)) - raft.server.log.queue.element-limit = 1024 (custom)
2023-10-27 20:14:06,401 [66ee3698-ded8-430f-8ecd-27f356af6e45-groupManagement] INFO  server.RaftServerConfigKeys (ConfUtils.java:logGet(46)) - raft.server.log.segment.size.max = 1048576 (custom)
2023-10-27 20:14:06,401 [66ee3698-ded8-430f-8ecd-27f356af6e45-groupManagement] INFO  server.RaftServerConfigKeys (ConfUtils.java:logGet(46)) - raft.server.log.preallocated.size = 16384 (custom)
2023-10-27 20:14:06,401 [66ee3698-ded8-430f-8ecd-27f356af6e45-groupManagement] INFO  server.RaftServerConfigKeys (ConfUtils.java:logGet(46)) - raft.server.log.force.sync.num = 128 (default)
2023-10-27 20:14:06,401 [66ee3698-ded8-430f-8ecd-27f356af6e45-groupManagement] INFO  server.RaftServerConfigKeys (ConfUtils.java:logGet(46)) - raft.server.log.statemachine.data.sync = true (default)
2023-10-27 20:14:06,401 [66ee3698-ded8-430f-8ecd-27f356af6e45-groupManagement] INFO  server.RaftServerConfigKeys (ConfUtils.java:logGet(46)) - raft.server.log.statemachine.data.sync.timeout = 10s (default)
2023-10-27 20:14:06,401 [66ee3698-ded8-430f-8ecd-27f356af6e45-groupManagement] INFO  server.RaftServerConfigKeys (ConfUtils.java:logGet(46)) - raft.server.log.statemachine.data.sync.timeout.retry = -1 (default)
2023-10-27 20:14:06,402 [3fb99649-c87f-4cc9-b3d9-f5c572ff189c-groupManagement] INFO  server.RaftServerConfigKeys (ConfUtils.java:logGet(46)) - raft.server.threadpool.client.cached = true (default)
2023-10-27 20:14:06,402 [3fb99649-c87f-4cc9-b3d9-f5c572ff189c-groupManagement] INFO  server.RaftServerConfigKeys (ConfUtils.java:logGet(46)) - raft.server.threadpool.client.size = 0 (default)
2023-10-27 20:14:06,402 [3fb99649-c87f-4cc9-b3d9-f5c572ff189c-groupManagement] INFO  storage.RaftStorageDirectory (RaftStorageDirectoryImpl.java:analyzeStorage(137)) - The storage directory /home/runner/work/ozone/ozone/hadoop-ozone/integration-test/target/test-dir/MiniOzoneClusterImpl-60426a9d-3de2-4373-b08b-24a22c9da129/datanode-3/data/ratis/de112322-9279-4ab5-b0a4-5c95edc39216 does not exist. Creating ...
2023-10-27 20:14:06,408 [0ef615e1-91db-4ede-b924-53e2d320f02d-groupManagement] INFO  server.RaftServerConfigKeys (ConfUtils.java:logGet(46)) - raft.server.read.option = DEFAULT (default)
2023-10-27 20:14:06,415 [3fb99649-c87f-4cc9-b3d9-f5c572ff189c-groupManagement] INFO  storage.RaftStorageDirectory (RaftStorageDirectoryImpl.java:tryLock(231)) - Lock on /home/runner/work/ozone/ozone/hadoop-ozone/integration-test/target/test-dir/MiniOzoneClusterImpl-60426a9d-3de2-4373-b08b-24a22c9da129/datanode-3/data/ratis/de112322-9279-4ab5-b0a4-5c95edc39216/in_use.lock acquired by nodename 14569@fv-az342-943
2023-10-27 20:14:06,418 [94422c73-384a-4d9a-a15d-46d9f5b840aa-groupManagement] INFO  storage.RaftStorageDirectory (RaftStorageDirectoryImpl.java:tryLock(231)) - Lock on /home/runner/work/ozone/ozone/hadoop-ozone/integration-test/target/test-dir/MiniOzoneClusterImpl-60426a9d-3de2-4373-b08b-24a22c9da129/datanode-0/data/ratis/d274e337-1c6c-42b4-b755-7e36dd6e81ec/in_use.lock acquired by nodename 14569@fv-az342-943
2023-10-27 20:14:06,419 [3fb99649-c87f-4cc9-b3d9-f5c572ff189c-groupManagement] INFO  storage.RaftStorage (RaftStorageImpl.java:format(96)) - Storage directory /home/runner/work/ozone/ozone/hadoop-ozone/integration-test/target/test-dir/MiniOzoneClusterImpl-60426a9d-3de2-4373-b08b-24a22c9da129/datanode-3/data/ratis/de112322-9279-4ab5-b0a4-5c95edc39216 has been successfully formatted.
2023-10-27 20:14:06,424 [3fb99649-c87f-4cc9-b3d9-f5c572ff189c-groupManagement] INFO  ratis.ContainerStateMachine (ContainerStateMachine.java:loadSnapshot(269)) - group-5C95EDC39216: The snapshot info is null. Setting the last applied indexto:(t:0, i:~)
2023-10-27 20:14:06,424 [3fb99649-c87f-4cc9-b3d9-f5c572ff189c-groupManagement] INFO  server.RaftServerConfigKeys (ConfUtils.java:logGet(46)) - raft.server.log.use.memory = false (default)
2023-10-27 20:14:06,424 [3fb99649-c87f-4cc9-b3d9-f5c572ff189c-groupManagement] INFO  server.RaftServerConfigKeys (ConfUtils.java:logGet(46)) - raft.server.log.purge.gap = 1000000 (custom)
2023-10-27 20:14:06,424 [3fb99649-c87f-4cc9-b3d9-f5c572ff189c-groupManagement] INFO  server.RaftServerConfigKeys (ConfUtils.java:logGet(46)) - raft.server.log.appender.buffer.byte-limit = 33554432 (custom)
2023-10-27 20:14:06,424 [3fb99649-c87f-4cc9-b3d9-f5c572ff189c-groupManagement] INFO  server.RaftServerConfigKeys (ConfUtils.java:logGet(46)) - raft.server.log.statemachine.data.read.timeout = 1000ms (default)
2023-10-27 20:14:06,425 [3fb99649-c87f-4cc9-b3d9-f5c572ff189c-groupManagement] INFO  server.RaftServerConfigKeys (ConfUtils.java:logGet(46)) - raft.server.log.purge.preservation.log.num = 0 (default)
2023-10-27 20:14:06,425 [3fb99649-c87f-4cc9-b3d9-f5c572ff189c-groupManagement] INFO  server.RaftServerConfigKeys (ConfUtils.java:logGet(46)) - raft.server.log.segment.size.max = 1048576 (custom)
2023-10-27 20:14:06,430 [EventQueue-OpenPipelineForHealthyPipelineSafeModeRule] INFO  safemode.SCMSafeModeManager (HealthyPipelineSafeModeRule.java:process(137)) - SCM in safe mode. Healthy pipelines reported count is 0, required healthy pipeline reported count is 1
2023-10-27 20:14:06,434 [94422c73-384a-4d9a-a15d-46d9f5b840aa-groupManagement] INFO  storage.RaftStorage (RaftStorageImpl.java:format(96)) - Storage directory /home/runner/work/ozone/ozone/hadoop-ozone/integration-test/target/test-dir/MiniOzoneClusterImpl-60426a9d-3de2-4373-b08b-24a22c9da129/datanode-0/data/ratis/d274e337-1c6c-42b4-b755-7e36dd6e81ec has been successfully formatted.
2023-10-27 20:14:06,435 [94422c73-384a-4d9a-a15d-46d9f5b840aa-groupManagement] INFO  ratis.ContainerStateMachine (ContainerStateMachine.java:loadSnapshot(269)) - group-7E36DD6E81EC: The snapshot info is null. Setting the last applied indexto:(t:0, i:~)
2023-10-27 20:14:06,435 [94422c73-384a-4d9a-a15d-46d9f5b840aa-groupManagement] INFO  server.RaftServerConfigKeys (ConfUtils.java:logGet(46)) - raft.server.log.use.memory = false (default)
2023-10-27 20:14:06,435 [94422c73-384a-4d9a-a15d-46d9f5b840aa-groupManagement] INFO  server.RaftServerConfigKeys (ConfUtils.java:logGet(46)) - raft.server.log.purge.gap = 1000000 (custom)
2023-10-27 20:14:06,435 [94422c73-384a-4d9a-a15d-46d9f5b840aa-groupManagement] INFO  server.RaftServerConfigKeys (ConfUtils.java:logGet(46)) - raft.server.log.appender.buffer.byte-limit = 33554432 (custom)
2023-10-27 20:14:06,435 [94422c73-384a-4d9a-a15d-46d9f5b840aa-groupManagement] INFO  server.RaftServerConfigKeys (ConfUtils.java:logGet(46)) - raft.server.log.statemachine.data.read.timeout = 1000ms (default)
2023-10-27 20:14:06,435 [94422c73-384a-4d9a-a15d-46d9f5b840aa-groupManagement] INFO  server.RaftServerConfigKeys (ConfUtils.java:logGet(46)) - raft.server.log.purge.preservation.log.num = 0 (default)
2023-10-27 20:14:06,436 [94422c73-384a-4d9a-a15d-46d9f5b840aa-groupManagement] INFO  server.RaftServerConfigKeys (ConfUtils.java:logGet(46)) - raft.server.log.segment.size.max = 1048576 (custom)
2023-10-27 20:14:06,437 [EventQueue-OpenPipelineForHealthyPipelineSafeModeRule] INFO  safemode.SCMSafeModeManager (HealthyPipelineSafeModeRule.java:process(137)) - SCM in safe mode. Healthy pipelines reported count is 0, required healthy pipeline reported count is 1
2023-10-27 20:14:06,466 [55507c8a-594d-4e25-909f-8d2832294c55-groupManagement] INFO  server.RaftServerConfigKeys (ConfUtils.java:logGet(46)) - raft.server.rpc.request.timeout = 60s (custom)
2023-10-27 20:14:06,466 [55507c8a-594d-4e25-909f-8d2832294c55-groupManagement] INFO  server.RaftServerConfigKeys (ConfUtils.java:logGet(46)) - raft.server.log.appender.install.snapshot.enabled = false (custom)
2023-10-27 20:14:06,466 [55507c8a-594d-4e25-909f-8d2832294c55-groupManagement] INFO  server.RaftServerConfigKeys (ConfUtils.java:logGet(46)) - raft.server.threadpool.server.cached = true (default)
2023-10-27 20:14:06,466 [55507c8a-594d-4e25-909f-8d2832294c55-groupManagement] INFO  server.RaftServerConfigKeys (ConfUtils.java:logGet(46)) - raft.server.threadpool.server.size = 0 (default)
2023-10-27 20:14:06,466 [55507c8a-594d-4e25-909f-8d2832294c55-groupManagement] INFO  server.RaftServerConfigKeys (ConfUtils.java:logGet(46)) - raft.server.threadpool.client.cached = true (default)
2023-10-27 20:14:06,466 [55507c8a-594d-4e25-909f-8d2832294c55-groupManagement] INFO  server.RaftServerConfigKeys (ConfUtils.java:logGet(46)) - raft.server.threadpool.client.size = 0 (default)
2023-10-27 20:14:06,467 [55507c8a-594d-4e25-909f-8d2832294c55-groupManagement] INFO  storage.RaftStorageDirectory (RaftStorageDirectoryImpl.java:analyzeStorage(137)) - The storage directory /home/runner/work/ozone/ozone/hadoop-ozone/integration-test/target/test-dir/MiniOzoneClusterImpl-60426a9d-3de2-4373-b08b-24a22c9da129/datanode-8/data/ratis/9165e2d6-b074-416d-b0ca-f9ef9ef7ab14 does not exist. Creating ...
2023-10-27 20:14:06,468 [3fb99649-c87f-4cc9-b3d9-f5c572ff189c-groupManagement] INFO  server.RaftServerConfigKeys (ConfUtils.java:logGet(46)) - raft.server.log.segment.cache.num.max = 2 (custom)
2023-10-27 20:14:06,469 [3fb99649-c87f-4cc9-b3d9-f5c572ff189c-groupManagement] INFO  server.RaftServerConfigKeys (ConfUtils.java:logGet(46)) - raft.server.log.segment.cache.size.max = 200MB (=209715200) (default)
2023-10-27 20:14:06,469 [3fb99649-c87f-4cc9-b3d9-f5c572ff189c-groupManagement] INFO  server.RaftServerConfigKeys (ConfUtils.java:logGet(46)) - raft.server.log.appender.buffer.byte-limit = 33554432 (custom)
2023-10-27 20:14:06,469 [3fb99649-c87f-4cc9-b3d9-f5c572ff189c-groupManagement] INFO  segmented.SegmentedRaftLogWorker (SegmentedRaftLogWorker.java:<init>(188)) - new 3fb99649-c87f-4cc9-b3d9-f5c572ff189c@group-5C95EDC39216-SegmentedRaftLogWorker for RaftStorageImpl:Storage Directory /home/runner/work/ozone/ozone/hadoop-ozone/integration-test/target/test-dir/MiniOzoneClusterImpl-60426a9d-3de2-4373-b08b-24a22c9da129/datanode-3/data/ratis/de112322-9279-4ab5-b0a4-5c95edc39216
2023-10-27 20:14:06,469 [3fb99649-c87f-4cc9-b3d9-f5c572ff189c-groupManagement] INFO  server.RaftServerConfigKeys (ConfUtils.java:logGet(46)) - raft.server.log.queue.byte-limit = 4294967296 (custom)
2023-10-27 20:14:06,469 [3fb99649-c87f-4cc9-b3d9-f5c572ff189c-groupManagement] INFO  server.RaftServerConfigKeys (ConfUtils.java:logGet(46)) - raft.server.log.queue.element-limit = 1024 (custom)
2023-10-27 20:14:06,468 [55507c8a-594d-4e25-909f-8d2832294c55-groupManagement] INFO  storage.RaftStorageDirectory (RaftStorageDirectoryImpl.java:tryLock(231)) - Lock on /home/runner/work/ozone/ozone/hadoop-ozone/integration-test/target/test-dir/MiniOzoneClusterImpl-60426a9d-3de2-4373-b08b-24a22c9da129/datanode-8/data/ratis/9165e2d6-b074-416d-b0ca-f9ef9ef7ab14/in_use.lock acquired by nodename 14569@fv-az342-943
2023-10-27 20:14:06,468 [94422c73-384a-4d9a-a15d-46d9f5b840aa-groupManagement] INFO  server.RaftServerConfigKeys (ConfUtils.java:logGet(46)) - raft.server.log.segment.cache.num.max = 2 (custom)
2023-10-27 20:14:06,470 [94422c73-384a-4d9a-a15d-46d9f5b840aa-groupManagement] INFO  server.RaftServerConfigKeys (ConfUtils.java:logGet(46)) - raft.server.log.segment.cache.size.max = 200MB (=209715200) (default)
2023-10-27 20:14:06,470 [94422c73-384a-4d9a-a15d-46d9f5b840aa-groupManagement] INFO  server.RaftServerConfigKeys (ConfUtils.java:logGet(46)) - raft.server.log.appender.buffer.byte-limit = 33554432 (custom)
2023-10-27 20:14:06,470 [94422c73-384a-4d9a-a15d-46d9f5b840aa-groupManagement] INFO  segmented.SegmentedRaftLogWorker (SegmentedRaftLogWorker.java:<init>(188)) - new 94422c73-384a-4d9a-a15d-46d9f5b840aa@group-7E36DD6E81EC-SegmentedRaftLogWorker for RaftStorageImpl:Storage Directory /home/runner/work/ozone/ozone/hadoop-ozone/integration-test/target/test-dir/MiniOzoneClusterImpl-60426a9d-3de2-4373-b08b-24a22c9da129/datanode-0/data/ratis/d274e337-1c6c-42b4-b755-7e36dd6e81ec
2023-10-27 20:14:06,470 [94422c73-384a-4d9a-a15d-46d9f5b840aa-groupManagement] INFO  server.RaftServerConfigKeys (ConfUtils.java:logGet(46)) - raft.server.log.queue.byte-limit = 4294967296 (custom)
2023-10-27 20:14:06,470 [94422c73-384a-4d9a-a15d-46d9f5b840aa-groupManagement] INFO  server.RaftServerConfigKeys (ConfUtils.java:logGet(46)) - raft.server.log.queue.element-limit = 1024 (custom)
2023-10-27 20:14:06,470 [94422c73-384a-4d9a-a15d-46d9f5b840aa-groupManagement] INFO  server.RaftServerConfigKeys (ConfUtils.java:logGet(46)) - raft.server.log.segment.size.max = 1048576 (custom)
2023-10-27 20:14:06,470 [94422c73-384a-4d9a-a15d-46d9f5b840aa-groupManagement] INFO  server.RaftServerConfigKeys (ConfUtils.java:logGet(46)) - raft.server.log.preallocated.size = 16384 (custom)
2023-10-27 20:14:06,470 [94422c73-384a-4d9a-a15d-46d9f5b840aa-groupManagement] INFO  server.RaftServerConfigKeys (ConfUtils.java:logGet(46)) - raft.server.log.force.sync.num = 128 (default)
2023-10-27 20:14:06,470 [94422c73-384a-4d9a-a15d-46d9f5b840aa-groupManagement] INFO  server.RaftServerConfigKeys (ConfUtils.java:logGet(46)) - raft.server.log.statemachine.data.sync = true (default)
2023-10-27 20:14:06,470 [94422c73-384a-4d9a-a15d-46d9f5b840aa-groupManagement] INFO  server.RaftServerConfigKeys (ConfUtils.java:logGet(46)) - raft.server.log.statemachine.data.sync.timeout = 10s (default)
2023-10-27 20:14:06,471 [55507c8a-594d-4e25-909f-8d2832294c55-groupManagement] INFO  storage.RaftStorage (RaftStorageImpl.java:format(96)) - Storage directory /home/runner/work/ozone/ozone/hadoop-ozone/integration-test/target/test-dir/MiniOzoneClusterImpl-60426a9d-3de2-4373-b08b-24a22c9da129/datanode-8/data/ratis/9165e2d6-b074-416d-b0ca-f9ef9ef7ab14 has been successfully formatted.
2023-10-27 20:14:06,473 [94422c73-384a-4d9a-a15d-46d9f5b840aa-groupManagement] INFO  server.RaftServerConfigKeys (ConfUtils.java:logGet(46)) - raft.server.log.statemachine.data.sync.timeout.retry = -1 (default)
2023-10-27 20:14:06,469 [3fb99649-c87f-4cc9-b3d9-f5c572ff189c-groupManagement] INFO  server.RaftServerConfigKeys (ConfUtils.java:logGet(46)) - raft.server.log.segment.size.max = 1048576 (custom)
2023-10-27 20:14:06,474 [3fb99649-c87f-4cc9-b3d9-f5c572ff189c-groupManagement] INFO  server.RaftServerConfigKeys (ConfUtils.java:logGet(46)) - raft.server.log.preallocated.size = 16384 (custom)
2023-10-27 20:14:06,474 [3fb99649-c87f-4cc9-b3d9-f5c572ff189c-groupManagement] INFO  server.RaftServerConfigKeys (ConfUtils.java:logGet(46)) - raft.server.log.force.sync.num = 128 (default)
2023-10-27 20:14:06,474 [3fb99649-c87f-4cc9-b3d9-f5c572ff189c-groupManagement] INFO  server.RaftServerConfigKeys (ConfUtils.java:logGet(46)) - raft.server.log.statemachine.data.sync = true (default)
2023-10-27 20:14:06,474 [3fb99649-c87f-4cc9-b3d9-f5c572ff189c-groupManagement] INFO  server.RaftServerConfigKeys (ConfUtils.java:logGet(46)) - raft.server.log.statemachine.data.sync.timeout = 10s (default)
2023-10-27 20:14:06,474 [3fb99649-c87f-4cc9-b3d9-f5c572ff189c-groupManagement] INFO  server.RaftServerConfigKeys (ConfUtils.java:logGet(46)) - raft.server.log.statemachine.data.sync.timeout.retry = -1 (default)
2023-10-27 20:14:06,478 [66ee3698-ded8-430f-8ecd-27f356af6e45-groupManagement] INFO  server.RaftServerConfigKeys (ConfUtils.java:logGet(46)) - raft.server.log.write.buffer.size = 1048576 (custom)
2023-10-27 20:14:06,479 [66ee3698-ded8-430f-8ecd-27f356af6e45-groupManagement] INFO  server.RaftServerConfigKeys (ConfUtils.java:logGet(46)) - raft.server.log.appender.buffer.byte-limit = 33554432 (custom)
2023-10-27 20:14:06,488 [5b9beb6f-d596-489f-8a17-e362b772df82-groupManagement] INFO  server.RaftServerConfigKeys (ConfUtils.java:logGet(46)) - raft.server.rpc.request.timeout = 60s (custom)
2023-10-27 20:14:06,489 [5b9beb6f-d596-489f-8a17-e362b772df82-groupManagement] INFO  server.RaftServerConfigKeys (ConfUtils.java:logGet(46)) - raft.server.log.appender.install.snapshot.enabled = false (custom)
2023-10-27 20:14:06,489 [5b9beb6f-d596-489f-8a17-e362b772df82-groupManagement] INFO  server.RaftServerConfigKeys (ConfUtils.java:logGet(46)) - raft.server.threadpool.server.cached = true (default)
2023-10-27 20:14:06,489 [5b9beb6f-d596-489f-8a17-e362b772df82-groupManagement] INFO  server.RaftServerConfigKeys (ConfUtils.java:logGet(46)) - raft.server.threadpool.server.size = 0 (default)
2023-10-27 20:14:06,489 [5b9beb6f-d596-489f-8a17-e362b772df82-groupManagement] INFO  server.RaftServerConfigKeys (ConfUtils.java:logGet(46)) - raft.server.threadpool.client.cached = true (default)
2023-10-27 20:14:06,489 [5b9beb6f-d596-489f-8a17-e362b772df82-groupManagement] INFO  server.RaftServerConfigKeys (ConfUtils.java:logGet(46)) - raft.server.threadpool.client.size = 0 (default)
2023-10-27 20:14:06,489 [5b9beb6f-d596-489f-8a17-e362b772df82-groupManagement] INFO  storage.RaftStorageDirectory (RaftStorageDirectoryImpl.java:analyzeStorage(137)) - The storage directory /home/runner/work/ozone/ozone/hadoop-ozone/integration-test/target/test-dir/MiniOzoneClusterImpl-60426a9d-3de2-4373-b08b-24a22c9da129/datanode-9/data/ratis/b464d587-1b89-4291-b45b-942e44ea8c16 does not exist. Creating ...
2023-10-27 20:14:06,490 [0ef615e1-91db-4ede-b924-53e2d320f02d-groupManagement] INFO  server.RaftServerConfigKeys (ConfUtils.java:logGet(46)) - raft.server.rpc.request.timeout = 60s (custom)
2023-10-27 20:14:06,490 [0ef615e1-91db-4ede-b924-53e2d320f02d-groupManagement] INFO  server.RaftServerConfigKeys (ConfUtils.java:logGet(46)) - raft.server.log.appender.install.snapshot.enabled = false (custom)
2023-10-27 20:14:06,490 [0ef615e1-91db-4ede-b924-53e2d320f02d-groupManagement] INFO  server.RaftServerConfigKeys (ConfUtils.java:logGet(46)) - raft.server.threadpool.server.cached = true (default)
2023-10-27 20:14:06,490 [0ef615e1-91db-4ede-b924-53e2d320f02d-groupManagement] INFO  server.RaftServerConfigKeys (ConfUtils.java:logGet(46)) - raft.server.threadpool.server.size = 0 (default)
2023-10-27 20:14:06,491 [0ef615e1-91db-4ede-b924-53e2d320f02d-groupManagement] INFO  server.RaftServerConfigKeys (ConfUtils.java:logGet(46)) - raft.server.threadpool.client.cached = true (default)
2023-10-27 20:14:06,491 [0ef615e1-91db-4ede-b924-53e2d320f02d-groupManagement] INFO  server.RaftServerConfigKeys (ConfUtils.java:logGet(46)) - raft.server.threadpool.client.size = 0 (default)
2023-10-27 20:14:06,491 [0ef615e1-91db-4ede-b924-53e2d320f02d-groupManagement] INFO  storage.RaftStorageDirectory (RaftStorageDirectoryImpl.java:analyzeStorage(137)) - The storage directory /home/runner/work/ozone/ozone/hadoop-ozone/integration-test/target/test-dir/MiniOzoneClusterImpl-60426a9d-3de2-4373-b08b-24a22c9da129/datanode-1/data/ratis/d274e337-1c6c-42b4-b755-7e36dd6e81ec does not exist. Creating ...
2023-10-27 20:14:06,494 [94422c73-384a-4d9a-a15d-46d9f5b840aa-groupManagement] INFO  server.RaftServerConfigKeys (ConfUtils.java:logGet(46)) - raft.server.log.write.buffer.size = 1048576 (custom)
2023-10-27 20:14:06,496 [94422c73-384a-4d9a-a15d-46d9f5b840aa-groupManagement] INFO  server.RaftServerConfigKeys (ConfUtils.java:logGet(46)) - raft.server.log.appender.buffer.byte-limit = 33554432 (custom)
2023-10-27 20:14:06,497 [5b9beb6f-d596-489f-8a17-e362b772df82-groupManagement] INFO  storage.RaftStorageDirectory (RaftStorageDirectoryImpl.java:tryLock(231)) - Lock on /home/runner/work/ozone/ozone/hadoop-ozone/integration-test/target/test-dir/MiniOzoneClusterImpl-60426a9d-3de2-4373-b08b-24a22c9da129/datanode-9/data/ratis/b464d587-1b89-4291-b45b-942e44ea8c16/in_use.lock acquired by nodename 14569@fv-az342-943
2023-10-27 20:14:06,499 [0ef615e1-91db-4ede-b924-53e2d320f02d-groupManagement] INFO  storage.RaftStorageDirectory (RaftStorageDirectoryImpl.java:tryLock(231)) - Lock on /home/runner/work/ozone/ozone/hadoop-ozone/integration-test/target/test-dir/MiniOzoneClusterImpl-60426a9d-3de2-4373-b08b-24a22c9da129/datanode-1/data/ratis/d274e337-1c6c-42b4-b755-7e36dd6e81ec/in_use.lock acquired by nodename 14569@fv-az342-943
2023-10-27 20:14:06,500 [3fb99649-c87f-4cc9-b3d9-f5c572ff189c-groupManagement] INFO  server.RaftServerConfigKeys (ConfUtils.java:logGet(46)) - raft.server.log.write.buffer.size = 1048576 (custom)
2023-10-27 20:14:06,501 [5b9beb6f-d596-489f-8a17-e362b772df82-groupManagement] INFO  storage.RaftStorage (RaftStorageImpl.java:format(96)) - Storage directory /home/runner/work/ozone/ozone/hadoop-ozone/integration-test/target/test-dir/MiniOzoneClusterImpl-60426a9d-3de2-4373-b08b-24a22c9da129/datanode-9/data/ratis/b464d587-1b89-4291-b45b-942e44ea8c16 has been successfully formatted.
2023-10-27 20:14:06,503 [3fb99649-c87f-4cc9-b3d9-f5c572ff189c-groupManagement] INFO  server.RaftServerConfigKeys (ConfUtils.java:logGet(46)) - raft.server.log.appender.buffer.byte-limit = 33554432 (custom)
2023-10-27 20:14:06,504 [0ef615e1-91db-4ede-b924-53e2d320f02d-groupManagement] INFO  storage.RaftStorage (RaftStorageImpl.java:format(96)) - Storage directory /home/runner/work/ozone/ozone/hadoop-ozone/integration-test/target/test-dir/MiniOzoneClusterImpl-60426a9d-3de2-4373-b08b-24a22c9da129/datanode-1/data/ratis/d274e337-1c6c-42b4-b755-7e36dd6e81ec has been successfully formatted.
2023-10-27 20:14:06,521 [66ee3698-ded8-430f-8ecd-27f356af6e45-groupManagement] INFO  server.RaftServerConfigKeys (ConfUtils.java:logGet(46)) - raft.server.log.unsafe-flush.enabled = false (default)
2023-10-27 20:14:06,525 [55507c8a-594d-4e25-909f-8d2832294c55-groupManagement] INFO  ratis.ContainerStateMachine (ContainerStateMachine.java:loadSnapshot(269)) - group-F9EF9EF7AB14: The snapshot info is null. Setting the last applied indexto:(t:0, i:~)
2023-10-27 20:14:06,526 [55507c8a-594d-4e25-909f-8d2832294c55-groupManagement] INFO  server.RaftServerConfigKeys (ConfUtils.java:logGet(46)) - raft.server.log.use.memory = false (default)
2023-10-27 20:14:06,528 [EventQueue-PipelineReportForPipelineReportHandler] INFO  pipeline.PipelineReportHandler (PipelineReportHandler.java:processPipelineReport(136)) - Opened pipeline PipelineID=9165e2d6-b074-416d-b0ca-f9ef9ef7ab14
2023-10-27 20:14:06,528 [EventQueue-OpenPipelineForHealthyPipelineSafeModeRule] INFO  safemode.SCMSafeModeManager (HealthyPipelineSafeModeRule.java:process(137)) - SCM in safe mode. Healthy pipelines reported count is 0, required healthy pipeline reported count is 1
2023-10-27 20:14:06,530 [55507c8a-594d-4e25-909f-8d2832294c55-groupManagement] INFO  server.RaftServerConfigKeys (ConfUtils.java:logGet(46)) - raft.server.log.purge.gap = 1000000 (custom)
2023-10-27 20:14:06,530 [55507c8a-594d-4e25-909f-8d2832294c55-groupManagement] INFO  server.RaftServerConfigKeys (ConfUtils.java:logGet(46)) - raft.server.log.appender.buffer.byte-limit = 33554432 (custom)
2023-10-27 20:14:06,530 [55507c8a-594d-4e25-909f-8d2832294c55-groupManagement] INFO  server.RaftServerConfigKeys (ConfUtils.java:logGet(46)) - raft.server.log.statemachine.data.read.timeout = 1000ms (default)
2023-10-27 20:14:06,530 [55507c8a-594d-4e25-909f-8d2832294c55-groupManagement] INFO  server.RaftServerConfigKeys (ConfUtils.java:logGet(46)) - raft.server.log.purge.preservation.log.num = 0 (default)
2023-10-27 20:14:06,530 [55507c8a-594d-4e25-909f-8d2832294c55-groupManagement] INFO  server.RaftServerConfigKeys (ConfUtils.java:logGet(46)) - raft.server.log.segment.size.max = 1048576 (custom)
2023-10-27 20:14:06,532 [55507c8a-594d-4e25-909f-8d2832294c55-groupManagement] INFO  server.RaftServerConfigKeys (ConfUtils.java:logGet(46)) - raft.server.log.segment.cache.num.max = 2 (custom)
2023-10-27 20:14:06,532 [55507c8a-594d-4e25-909f-8d2832294c55-groupManagement] INFO  server.RaftServerConfigKeys (ConfUtils.java:logGet(46)) - raft.server.log.segment.cache.size.max = 200MB (=209715200) (default)
2023-10-27 20:14:06,532 [55507c8a-594d-4e25-909f-8d2832294c55-groupManagement] INFO  server.RaftServerConfigKeys (ConfUtils.java:logGet(46)) - raft.server.log.appender.buffer.byte-limit = 33554432 (custom)
2023-10-27 20:14:06,532 [55507c8a-594d-4e25-909f-8d2832294c55-groupManagement] INFO  segmented.SegmentedRaftLogWorker (SegmentedRaftLogWorker.java:<init>(188)) - new 55507c8a-594d-4e25-909f-8d2832294c55@group-F9EF9EF7AB14-SegmentedRaftLogWorker for RaftStorageImpl:Storage Directory /home/runner/work/ozone/ozone/hadoop-ozone/integration-test/target/test-dir/MiniOzoneClusterImpl-60426a9d-3de2-4373-b08b-24a22c9da129/datanode-8/data/ratis/9165e2d6-b074-416d-b0ca-f9ef9ef7ab14
2023-10-27 20:14:06,532 [55507c8a-594d-4e25-909f-8d2832294c55-groupManagement] INFO  server.RaftServerConfigKeys (ConfUtils.java:logGet(46)) - raft.server.log.queue.byte-limit = 4294967296 (custom)
2023-10-27 20:14:06,532 [55507c8a-594d-4e25-909f-8d2832294c55-groupManagement] INFO  server.RaftServerConfigKeys (ConfUtils.java:logGet(46)) - raft.server.log.queue.element-limit = 1024 (custom)
2023-10-27 20:14:06,532 [55507c8a-594d-4e25-909f-8d2832294c55-groupManagement] INFO  server.RaftServerConfigKeys (ConfUtils.java:logGet(46)) - raft.server.log.segment.size.max = 1048576 (custom)
2023-10-27 20:14:06,532 [55507c8a-594d-4e25-909f-8d2832294c55-groupManagement] INFO  server.RaftServerConfigKeys (ConfUtils.java:logGet(46)) - raft.server.log.preallocated.size = 16384 (custom)
2023-10-27 20:14:06,532 [55507c8a-594d-4e25-909f-8d2832294c55-groupManagement] INFO  server.RaftServerConfigKeys (ConfUtils.java:logGet(46)) - raft.server.log.force.sync.num = 128 (default)
2023-10-27 20:14:06,532 [55507c8a-594d-4e25-909f-8d2832294c55-groupManagement] INFO  server.RaftServerConfigKeys (ConfUtils.java:logGet(46)) - raft.server.log.statemachine.data.sync = true (default)
2023-10-27 20:14:06,532 [55507c8a-594d-4e25-909f-8d2832294c55-groupManagement] INFO  server.RaftServerConfigKeys (ConfUtils.java:logGet(46)) - raft.server.log.statemachine.data.sync.timeout = 10s (default)
2023-10-27 20:14:06,533 [55507c8a-594d-4e25-909f-8d2832294c55-groupManagement] INFO  server.RaftServerConfigKeys (ConfUtils.java:logGet(46)) - raft.server.log.statemachine.data.sync.timeout.retry = -1 (default)
2023-10-27 20:14:06,533 [3fb99649-c87f-4cc9-b3d9-f5c572ff189c-groupManagement] INFO  server.RaftServerConfigKeys (ConfUtils.java:logGet(46)) - raft.server.log.unsafe-flush.enabled = false (default)
2023-10-27 20:14:06,533 [3fb99649-c87f-4cc9-b3d9-f5c572ff189c-groupManagement] INFO  server.RaftServerConfigKeys (ConfUtils.java:logGet(46)) - raft.server.log.async-flush.enabled = false (default)
2023-10-27 20:14:06,533 [3fb99649-c87f-4cc9-b3d9-f5c572ff189c-groupManagement] INFO  server.RaftServerConfigKeys (ConfUtils.java:logGet(46)) - raft.server.log.statemachine.data.caching.enabled = true (custom)
2023-10-27 20:14:06,533 [3fb99649-c87f-4cc9-b3d9-f5c572ff189c-groupManagement] INFO  segmented.SegmentedRaftLogWorker (SegmentedRaftLogWorker.java:lambda$new$0(135)) - 3fb99649-c87f-4cc9-b3d9-f5c572ff189c@group-5C95EDC39216-SegmentedRaftLogWorker: flushIndex: setUnconditionally 0 -> -1
2023-10-27 20:14:06,534 [3fb99649-c87f-4cc9-b3d9-f5c572ff189c-groupManagement] INFO  segmented.SegmentedRaftLogWorker (SegmentedRaftLogWorker.java:lambda$new$0(135)) - 3fb99649-c87f-4cc9-b3d9-f5c572ff189c@group-5C95EDC39216-SegmentedRaftLogWorker: safeCacheEvictIndex: setUnconditionally 0 -> -1
2023-10-27 20:14:06,538 [55507c8a-594d-4e25-909f-8d2832294c55-groupManagement] INFO  server.RaftServerConfigKeys (ConfUtils.java:logGet(46)) - raft.server.log.write.buffer.size = 1048576 (custom)
2023-10-27 20:14:06,539 [66ee3698-ded8-430f-8ecd-27f356af6e45-groupManagement] INFO  server.RaftServerConfigKeys (ConfUtils.java:logGet(46)) - raft.server.log.async-flush.enabled = false (default)
2023-10-27 20:14:06,540 [66ee3698-ded8-430f-8ecd-27f356af6e45-groupManagement] INFO  server.RaftServerConfigKeys (ConfUtils.java:logGet(46)) - raft.server.log.statemachine.data.caching.enabled = true (custom)
2023-10-27 20:14:06,541 [66ee3698-ded8-430f-8ecd-27f356af6e45-groupManagement] INFO  segmented.SegmentedRaftLogWorker (SegmentedRaftLogWorker.java:lambda$new$0(135)) - 66ee3698-ded8-430f-8ecd-27f356af6e45@group-7E36DD6E81EC-SegmentedRaftLogWorker: flushIndex: setUnconditionally 0 -> -1
2023-10-27 20:14:06,542 [66ee3698-ded8-430f-8ecd-27f356af6e45-groupManagement] INFO  segmented.SegmentedRaftLogWorker (SegmentedRaftLogWorker.java:lambda$new$0(135)) - 66ee3698-ded8-430f-8ecd-27f356af6e45@group-7E36DD6E81EC-SegmentedRaftLogWorker: safeCacheEvictIndex: setUnconditionally 0 -> -1
2023-10-27 20:14:06,542 [55507c8a-594d-4e25-909f-8d2832294c55-groupManagement] INFO  server.RaftServerConfigKeys (ConfUtils.java:logGet(46)) - raft.server.log.appender.buffer.byte-limit = 33554432 (custom)
2023-10-27 20:14:06,543 [94422c73-384a-4d9a-a15d-46d9f5b840aa-groupManagement] INFO  server.RaftServerConfigKeys (ConfUtils.java:logGet(46)) - raft.server.log.unsafe-flush.enabled = false (default)
2023-10-27 20:14:06,545 [94422c73-384a-4d9a-a15d-46d9f5b840aa-groupManagement] INFO  server.RaftServerConfigKeys (ConfUtils.java:logGet(46)) - raft.server.log.async-flush.enabled = false (default)
2023-10-27 20:14:06,545 [94422c73-384a-4d9a-a15d-46d9f5b840aa-groupManagement] INFO  server.RaftServerConfigKeys (ConfUtils.java:logGet(46)) - raft.server.log.statemachine.data.caching.enabled = true (custom)
2023-10-27 20:14:06,547 [94422c73-384a-4d9a-a15d-46d9f5b840aa-groupManagement] INFO  segmented.SegmentedRaftLogWorker (SegmentedRaftLogWorker.java:lambda$new$0(135)) - 94422c73-384a-4d9a-a15d-46d9f5b840aa@group-7E36DD6E81EC-SegmentedRaftLogWorker: flushIndex: setUnconditionally 0 -> -1
2023-10-27 20:14:06,548 [94422c73-384a-4d9a-a15d-46d9f5b840aa-groupManagement] INFO  segmented.SegmentedRaftLogWorker (SegmentedRaftLogWorker.java:lambda$new$0(135)) - 94422c73-384a-4d9a-a15d-46d9f5b840aa@group-7E36DD6E81EC-SegmentedRaftLogWorker: safeCacheEvictIndex: setUnconditionally 0 -> -1
2023-10-27 20:14:06,556 [55507c8a-594d-4e25-909f-8d2832294c55-groupManagement] INFO  server.RaftServerConfigKeys (ConfUtils.java:logGet(46)) - raft.server.log.unsafe-flush.enabled = false (default)
2023-10-27 20:14:06,558 [55507c8a-594d-4e25-909f-8d2832294c55-groupManagement] INFO  server.RaftServerConfigKeys (ConfUtils.java:logGet(46)) - raft.server.log.async-flush.enabled = false (default)
2023-10-27 20:14:06,559 [55507c8a-594d-4e25-909f-8d2832294c55-groupManagement] INFO  server.RaftServerConfigKeys (ConfUtils.java:logGet(46)) - raft.server.log.statemachine.data.caching.enabled = true (custom)
2023-10-27 20:14:06,560 [55507c8a-594d-4e25-909f-8d2832294c55-groupManagement] INFO  segmented.SegmentedRaftLogWorker (SegmentedRaftLogWorker.java:lambda$new$0(135)) - 55507c8a-594d-4e25-909f-8d2832294c55@group-F9EF9EF7AB14-SegmentedRaftLogWorker: flushIndex: setUnconditionally 0 -> -1
2023-10-27 20:14:06,561 [55507c8a-594d-4e25-909f-8d2832294c55-groupManagement] INFO  segmented.SegmentedRaftLogWorker (SegmentedRaftLogWorker.java:lambda$new$0(135)) - 55507c8a-594d-4e25-909f-8d2832294c55@group-F9EF9EF7AB14-SegmentedRaftLogWorker: safeCacheEvictIndex: setUnconditionally 0 -> -1
2023-10-27 20:14:06,562 [66ee3698-ded8-430f-8ecd-27f356af6e45-groupManagement] INFO  server.RaftServer$Division (RaftServerImpl.java:start(342)) - 66ee3698-ded8-430f-8ecd-27f356af6e45@group-7E36DD6E81EC: start as a follower, conf=-1: peers:[94422c73-384a-4d9a-a15d-46d9f5b840aa|rpc:10.1.0.32:15014|admin:10.1.0.32:15013|client:10.1.0.32:15012|dataStream:10.1.0.32:15015|priority:1|startupRole:FOLLOWER, 66ee3698-ded8-430f-8ecd-27f356af6e45|rpc:10.1.0.32:15032|admin:10.1.0.32:15031|client:10.1.0.32:15030|dataStream:10.1.0.32:15033|priority:0|startupRole:FOLLOWER, 0ef615e1-91db-4ede-b924-53e2d320f02d|rpc:10.1.0.32:15023|admin:10.1.0.32:15022|client:10.1.0.32:15021|dataStream:10.1.0.32:15024|priority:0|startupRole:FOLLOWER]|listeners:[], old=null
2023-10-27 20:14:06,562 [66ee3698-ded8-430f-8ecd-27f356af6e45-groupManagement] INFO  server.RaftServer$Division (RaftServerImpl.java:setRole(329)) - 66ee3698-ded8-430f-8ecd-27f356af6e45@group-7E36DD6E81EC: changes role from      null to FOLLOWER at term 0 for startAsFollower
2023-10-27 20:14:06,563 [3fb99649-c87f-4cc9-b3d9-f5c572ff189c-groupManagement] INFO  server.RaftServer$Division (RaftServerImpl.java:start(342)) - 3fb99649-c87f-4cc9-b3d9-f5c572ff189c@group-5C95EDC39216: start as a follower, conf=-1: peers:[3fb99649-c87f-4cc9-b3d9-f5c572ff189c|rpc:10.1.0.32:15041|admin:10.1.0.32:15040|client:10.1.0.32:15039|dataStream:10.1.0.32:15042|priority:0|startupRole:FOLLOWER, 23554148-3e4d-431f-a73e-f2401dbff1d4|rpc:10.1.0.32:15059|admin:10.1.0.32:15058|client:10.1.0.32:15057|dataStream:10.1.0.32:15060|priority:0|startupRole:FOLLOWER, 1407d0d1-39ba-4bc0-b697-1e16e43cd838|rpc:10.1.0.32:15050|admin:10.1.0.32:15049|client:10.1.0.32:15048|dataStream:10.1.0.32:15051|priority:1|startupRole:FOLLOWER]|listeners:[], old=null
2023-10-27 20:14:06,563 [3fb99649-c87f-4cc9-b3d9-f5c572ff189c-groupManagement] INFO  server.RaftServer$Division (RaftServerImpl.java:setRole(329)) - 3fb99649-c87f-4cc9-b3d9-f5c572ff189c@group-5C95EDC39216: changes role from      null to FOLLOWER at term 0 for startAsFollower
2023-10-27 20:14:06,564 [3fb99649-c87f-4cc9-b3d9-f5c572ff189c-groupManagement] INFO  impl.RoleInfo (RoleInfo.java:updateAndGet(139)) - 3fb99649-c87f-4cc9-b3d9-f5c572ff189c: start 3fb99649-c87f-4cc9-b3d9-f5c572ff189c@group-5C95EDC39216-FollowerState
2023-10-27 20:14:06,565 [0ef615e1-91db-4ede-b924-53e2d320f02d-groupManagement] INFO  ratis.ContainerStateMachine (ContainerStateMachine.java:loadSnapshot(269)) - group-7E36DD6E81EC: The snapshot info is null. Setting the last applied indexto:(t:0, i:~)
2023-10-27 20:14:06,565 [0ef615e1-91db-4ede-b924-53e2d320f02d-groupManagement] INFO  server.RaftServerConfigKeys (ConfUtils.java:logGet(46)) - raft.server.log.use.memory = false (default)
2023-10-27 20:14:06,565 [0ef615e1-91db-4ede-b924-53e2d320f02d-groupManagement] INFO  server.RaftServerConfigKeys (ConfUtils.java:logGet(46)) - raft.server.log.purge.gap = 1000000 (custom)
2023-10-27 20:14:06,565 [0ef615e1-91db-4ede-b924-53e2d320f02d-groupManagement] INFO  server.RaftServerConfigKeys (ConfUtils.java:logGet(46)) - raft.server.log.appender.buffer.byte-limit = 33554432 (custom)
2023-10-27 20:14:06,565 [0ef615e1-91db-4ede-b924-53e2d320f02d-groupManagement] INFO  server.RaftServerConfigKeys (ConfUtils.java:logGet(46)) - raft.server.log.statemachine.data.read.timeout = 1000ms (default)
2023-10-27 20:14:06,565 [0ef615e1-91db-4ede-b924-53e2d320f02d-groupManagement] INFO  server.RaftServerConfigKeys (ConfUtils.java:logGet(46)) - raft.server.log.purge.preservation.log.num = 0 (default)
2023-10-27 20:14:06,566 [0ef615e1-91db-4ede-b924-53e2d320f02d-groupManagement] INFO  server.RaftServerConfigKeys (ConfUtils.java:logGet(46)) - raft.server.log.segment.size.max = 1048576 (custom)
2023-10-27 20:14:06,566 [0ef615e1-91db-4ede-b924-53e2d320f02d-groupManagement] INFO  server.RaftServerConfigKeys (ConfUtils.java:logGet(46)) - raft.server.log.segment.cache.num.max = 2 (custom)
2023-10-27 20:14:06,567 [0ef615e1-91db-4ede-b924-53e2d320f02d-groupManagement] INFO  server.RaftServerConfigKeys (ConfUtils.java:logGet(46)) - raft.server.log.segment.cache.size.max = 200MB (=209715200) (default)
2023-10-27 20:14:06,567 [0ef615e1-91db-4ede-b924-53e2d320f02d-groupManagement] INFO  server.RaftServerConfigKeys (ConfUtils.java:logGet(46)) - raft.server.log.appender.buffer.byte-limit = 33554432 (custom)
2023-10-27 20:14:06,567 [0ef615e1-91db-4ede-b924-53e2d320f02d-groupManagement] INFO  segmented.SegmentedRaftLogWorker (SegmentedRaftLogWorker.java:<init>(188)) - new 0ef615e1-91db-4ede-b924-53e2d320f02d@group-7E36DD6E81EC-SegmentedRaftLogWorker for RaftStorageImpl:Storage Directory /home/runner/work/ozone/ozone/hadoop-ozone/integration-test/target/test-dir/MiniOzoneClusterImpl-60426a9d-3de2-4373-b08b-24a22c9da129/datanode-1/data/ratis/d274e337-1c6c-42b4-b755-7e36dd6e81ec
2023-10-27 20:14:06,567 [0ef615e1-91db-4ede-b924-53e2d320f02d-groupManagement] INFO  server.RaftServerConfigKeys (ConfUtils.java:logGet(46)) - raft.server.log.queue.byte-limit = 4294967296 (custom)
2023-10-27 20:14:06,567 [0ef615e1-91db-4ede-b924-53e2d320f02d-groupManagement] INFO  server.RaftServerConfigKeys (ConfUtils.java:logGet(46)) - raft.server.log.queue.element-limit = 1024 (custom)
2023-10-27 20:14:06,567 [0ef615e1-91db-4ede-b924-53e2d320f02d-groupManagement] INFO  server.RaftServerConfigKeys (ConfUtils.java:logGet(46)) - raft.server.log.segment.size.max = 1048576 (custom)
2023-10-27 20:14:06,567 [0ef615e1-91db-4ede-b924-53e2d320f02d-groupManagement] INFO  server.RaftServerConfigKeys (ConfUtils.java:logGet(46)) - raft.server.log.preallocated.size = 16384 (custom)
2023-10-27 20:14:06,567 [0ef615e1-91db-4ede-b924-53e2d320f02d-groupManagement] INFO  server.RaftServerConfigKeys (ConfUtils.java:logGet(46)) - raft.server.log.force.sync.num = 128 (default)
2023-10-27 20:14:06,567 [0ef615e1-91db-4ede-b924-53e2d320f02d-groupManagement] INFO  server.RaftServerConfigKeys (ConfUtils.java:logGet(46)) - raft.server.log.statemachine.data.sync = true (default)
2023-10-27 20:14:06,567 [0ef615e1-91db-4ede-b924-53e2d320f02d-groupManagement] INFO  server.RaftServerConfigKeys (ConfUtils.java:logGet(46)) - raft.server.log.statemachine.data.sync.timeout = 10s (default)
2023-10-27 20:14:06,567 [0ef615e1-91db-4ede-b924-53e2d320f02d-groupManagement] INFO  server.RaftServerConfigKeys (ConfUtils.java:logGet(46)) - raft.server.log.statemachine.data.sync.timeout.retry = -1 (default)
2023-10-27 20:14:06,569 [3fb99649-c87f-4cc9-b3d9-f5c572ff189c@group-5C95EDC39216-FollowerState] INFO  server.RaftServerConfigKeys (ConfUtils.java:logFallback(53)) - raft.server.rpc.first-election.timeout.min = 5s (fallback to raft.server.rpc.timeout.min)
2023-10-27 20:14:06,570 [3fb99649-c87f-4cc9-b3d9-f5c572ff189c@group-5C95EDC39216-FollowerState] INFO  server.RaftServerConfigKeys (ConfUtils.java:logFallback(53)) - raft.server.rpc.first-election.timeout.max = 5200ms (fallback to raft.server.rpc.timeout.max)
2023-10-27 20:14:06,570 [EventQueue-OpenPipelineForHealthyPipelineSafeModeRule] INFO  safemode.SCMSafeModeManager (HealthyPipelineSafeModeRule.java:process(137)) - SCM in safe mode. Healthy pipelines reported count is 0, required healthy pipeline reported count is 1
2023-10-27 20:14:06,575 [0ef615e1-91db-4ede-b924-53e2d320f02d-groupManagement] INFO  server.RaftServerConfigKeys (ConfUtils.java:logGet(46)) - raft.server.log.write.buffer.size = 1048576 (custom)
2023-10-27 20:14:06,576 [0ef615e1-91db-4ede-b924-53e2d320f02d-groupManagement] INFO  server.RaftServerConfigKeys (ConfUtils.java:logGet(46)) - raft.server.log.appender.buffer.byte-limit = 33554432 (custom)
2023-10-27 20:14:06,584 [0ef615e1-91db-4ede-b924-53e2d320f02d-groupManagement] INFO  server.RaftServerConfigKeys (ConfUtils.java:logGet(46)) - raft.server.log.unsafe-flush.enabled = false (default)
2023-10-27 20:14:06,585 [0ef615e1-91db-4ede-b924-53e2d320f02d-groupManagement] INFO  server.RaftServerConfigKeys (ConfUtils.java:logGet(46)) - raft.server.log.async-flush.enabled = false (default)
2023-10-27 20:14:06,585 [0ef615e1-91db-4ede-b924-53e2d320f02d-groupManagement] INFO  server.RaftServerConfigKeys (ConfUtils.java:logGet(46)) - raft.server.log.statemachine.data.caching.enabled = true (custom)
2023-10-27 20:14:06,586 [0ef615e1-91db-4ede-b924-53e2d320f02d-groupManagement] INFO  segmented.SegmentedRaftLogWorker (SegmentedRaftLogWorker.java:lambda$new$0(135)) - 0ef615e1-91db-4ede-b924-53e2d320f02d@group-7E36DD6E81EC-SegmentedRaftLogWorker: flushIndex: setUnconditionally 0 -> -1
2023-10-27 20:14:06,586 [0ef615e1-91db-4ede-b924-53e2d320f02d-groupManagement] INFO  segmented.SegmentedRaftLogWorker (SegmentedRaftLogWorker.java:lambda$new$0(135)) - 0ef615e1-91db-4ede-b924-53e2d320f02d@group-7E36DD6E81EC-SegmentedRaftLogWorker: safeCacheEvictIndex: setUnconditionally 0 -> -1
2023-10-27 20:14:06,595 [5b9beb6f-d596-489f-8a17-e362b772df82-groupManagement] INFO  ratis.ContainerStateMachine (ContainerStateMachine.java:loadSnapshot(269)) - group-942E44EA8C16: The snapshot info is null. Setting the last applied indexto:(t:0, i:~)
2023-10-27 20:14:06,595 [5b9beb6f-d596-489f-8a17-e362b772df82-groupManagement] INFO  server.RaftServerConfigKeys (ConfUtils.java:logGet(46)) - raft.server.log.use.memory = false (default)
2023-10-27 20:14:06,595 [5b9beb6f-d596-489f-8a17-e362b772df82-groupManagement] INFO  server.RaftServerConfigKeys (ConfUtils.java:logGet(46)) - raft.server.log.purge.gap = 1000000 (custom)
2023-10-27 20:14:06,595 [5b9beb6f-d596-489f-8a17-e362b772df82-groupManagement] INFO  server.RaftServerConfigKeys (ConfUtils.java:logGet(46)) - raft.server.log.appender.buffer.byte-limit = 33554432 (custom)
2023-10-27 20:14:06,595 [5b9beb6f-d596-489f-8a17-e362b772df82-groupManagement] INFO  server.RaftServerConfigKeys (ConfUtils.java:logGet(46)) - raft.server.log.statemachine.data.read.timeout = 1000ms (default)
2023-10-27 20:14:06,595 [5b9beb6f-d596-489f-8a17-e362b772df82-groupManagement] INFO  server.RaftServerConfigKeys (ConfUtils.java:logGet(46)) - raft.server.log.purge.preservation.log.num = 0 (default)
2023-10-27 20:14:06,595 [5b9beb6f-d596-489f-8a17-e362b772df82-groupManagement] INFO  server.RaftServerConfigKeys (ConfUtils.java:logGet(46)) - raft.server.log.segment.size.max = 1048576 (custom)
2023-10-27 20:14:06,596 [5b9beb6f-d596-489f-8a17-e362b772df82-groupManagement] INFO  server.RaftServerConfigKeys (ConfUtils.java:logGet(46)) - raft.server.log.segment.cache.num.max = 2 (custom)
2023-10-27 20:14:06,596 [5b9beb6f-d596-489f-8a17-e362b772df82-groupManagement] INFO  server.RaftServerConfigKeys (ConfUtils.java:logGet(46)) - raft.server.log.segment.cache.size.max = 200MB (=209715200) (default)
2023-10-27 20:14:06,596 [5b9beb6f-d596-489f-8a17-e362b772df82-groupManagement] INFO  server.RaftServerConfigKeys (ConfUtils.java:logGet(46)) - raft.server.log.appender.buffer.byte-limit = 33554432 (custom)
2023-10-27 20:14:06,596 [5b9beb6f-d596-489f-8a17-e362b772df82-groupManagement] INFO  segmented.SegmentedRaftLogWorker (SegmentedRaftLogWorker.java:<init>(188)) - new 5b9beb6f-d596-489f-8a17-e362b772df82@group-942E44EA8C16-SegmentedRaftLogWorker for RaftStorageImpl:Storage Directory /home/runner/work/ozone/ozone/hadoop-ozone/integration-test/target/test-dir/MiniOzoneClusterImpl-60426a9d-3de2-4373-b08b-24a22c9da129/datanode-9/data/ratis/b464d587-1b89-4291-b45b-942e44ea8c16
2023-10-27 20:14:06,596 [5b9beb6f-d596-489f-8a17-e362b772df82-groupManagement] INFO  server.RaftServerConfigKeys (ConfUtils.java:logGet(46)) - raft.server.log.queue.byte-limit = 4294967296 (custom)
2023-10-27 20:14:06,601 [5b9beb6f-d596-489f-8a17-e362b772df82-groupManagement] INFO  server.RaftServerConfigKeys (ConfUtils.java:logGet(46)) - raft.server.log.queue.element-limit = 1024 (custom)
2023-10-27 20:14:06,602 [5b9beb6f-d596-489f-8a17-e362b772df82-groupManagement] INFO  server.RaftServerConfigKeys (ConfUtils.java:logGet(46)) - raft.server.log.segment.size.max = 1048576 (custom)
2023-10-27 20:14:06,602 [5b9beb6f-d596-489f-8a17-e362b772df82-groupManagement] INFO  server.RaftServerConfigKeys (ConfUtils.java:logGet(46)) - raft.server.log.preallocated.size = 16384 (custom)
2023-10-27 20:14:06,602 [5b9beb6f-d596-489f-8a17-e362b772df82-groupManagement] INFO  server.RaftServerConfigKeys (ConfUtils.java:logGet(46)) - raft.server.log.force.sync.num = 128 (default)
2023-10-27 20:14:06,602 [5b9beb6f-d596-489f-8a17-e362b772df82-groupManagement] INFO  server.RaftServerConfigKeys (ConfUtils.java:logGet(46)) - raft.server.log.statemachine.data.sync = true (default)
2023-10-27 20:14:06,602 [5b9beb6f-d596-489f-8a17-e362b772df82-groupManagement] INFO  server.RaftServerConfigKeys (ConfUtils.java:logGet(46)) - raft.server.log.statemachine.data.sync.timeout = 10s (default)
2023-10-27 20:14:06,602 [5b9beb6f-d596-489f-8a17-e362b772df82-groupManagement] INFO  server.RaftServerConfigKeys (ConfUtils.java:logGet(46)) - raft.server.log.statemachine.data.sync.timeout.retry = -1 (default)
2023-10-27 20:14:06,599 [EventQueue-PipelineReportForPipelineReportHandler] INFO  pipeline.PipelineReportHandler (PipelineReportHandler.java:processPipelineReport(136)) - Opened pipeline PipelineID=b464d587-1b89-4291-b45b-942e44ea8c16
2023-10-27 20:14:06,604 [EventQueue-OpenPipelineForHealthyPipelineSafeModeRule] INFO  safemode.SCMSafeModeManager (HealthyPipelineSafeModeRule.java:process(137)) - SCM in safe mode. Healthy pipelines reported count is 0, required healthy pipeline reported count is 1
2023-10-27 20:14:06,605 [5b9beb6f-d596-489f-8a17-e362b772df82-groupManagement] INFO  server.RaftServerConfigKeys (ConfUtils.java:logGet(46)) - raft.server.log.write.buffer.size = 1048576 (custom)
2023-10-27 20:14:06,606 [5b9beb6f-d596-489f-8a17-e362b772df82-groupManagement] INFO  server.RaftServerConfigKeys (ConfUtils.java:logGet(46)) - raft.server.log.appender.buffer.byte-limit = 33554432 (custom)
2023-10-27 20:14:06,607 [grpc-default-executor-2] INFO  server.RaftServer (RaftServerProxy.java:addNew(98)) - 1407d0d1-39ba-4bc0-b697-1e16e43cd838: addNew group-5C95EDC39216:[3fb99649-c87f-4cc9-b3d9-f5c572ff189c|rpc:10.1.0.32:15041|admin:10.1.0.32:15040|client:10.1.0.32:15039|dataStream:10.1.0.32:15042|priority:0|startupRole:FOLLOWER, 23554148-3e4d-431f-a73e-f2401dbff1d4|rpc:10.1.0.32:15059|admin:10.1.0.32:15058|client:10.1.0.32:15057|dataStream:10.1.0.32:15060|priority:0|startupRole:FOLLOWER, 1407d0d1-39ba-4bc0-b697-1e16e43cd838|rpc:10.1.0.32:15050|admin:10.1.0.32:15049|client:10.1.0.32:15048|dataStream:10.1.0.32:15051|priority:1|startupRole:FOLLOWER] returns group-5C95EDC39216:java.util.concurrent.CompletableFuture@370cfd7b[Not completed]
2023-10-27 20:14:06,608 [3fb99649-c87f-4cc9-b3d9-f5c572ff189c-groupManagement] INFO  util.JmxRegister (JmxRegister.java:tryRegister(44)) - Successfully registered JMX Bean with object name Ratis:service=RaftServer,group=group-5C95EDC39216,id=3fb99649-c87f-4cc9-b3d9-f5c572ff189c
2023-10-27 20:14:06,608 [3fb99649-c87f-4cc9-b3d9-f5c572ff189c-groupManagement] INFO  server.RaftServerConfigKeys (ConfUtils.java:logGet(46)) - raft.server.snapshot.auto.trigger.enabled = true (custom)
2023-10-27 20:14:06,609 [3fb99649-c87f-4cc9-b3d9-f5c572ff189c-groupManagement] INFO  server.RaftServerConfigKeys (ConfUtils.java:logGet(46)) - raft.server.snapshot.auto.trigger.threshold = 10000 (custom)
2023-10-27 20:14:06,609 [3fb99649-c87f-4cc9-b3d9-f5c572ff189c-groupManagement] INFO  server.RaftServerConfigKeys (ConfUtils.java:logGet(46)) - raft.server.snapshot.retention.file.num = 5 (custom)
2023-10-27 20:14:06,609 [3fb99649-c87f-4cc9-b3d9-f5c572ff189c-groupManagement] INFO  server.RaftServerConfigKeys (ConfUtils.java:logGet(46)) - raft.server.log.purge.upto.snapshot.index = false (default)
2023-10-27 20:14:06,609 [1407d0d1-39ba-4bc0-b697-1e16e43cd838-groupManagement] INFO  server.RaftServer$Division (RaftServerImpl.java:<init>(198)) - 1407d0d1-39ba-4bc0-b697-1e16e43cd838: new RaftServerImpl for group-5C95EDC39216:[3fb99649-c87f-4cc9-b3d9-f5c572ff189c|rpc:10.1.0.32:15041|admin:10.1.0.32:15040|client:10.1.0.32:15039|dataStream:10.1.0.32:15042|priority:0|startupRole:FOLLOWER, 23554148-3e4d-431f-a73e-f2401dbff1d4|rpc:10.1.0.32:15059|admin:10.1.0.32:15058|client:10.1.0.32:15057|dataStream:10.1.0.32:15060|priority:0|startupRole:FOLLOWER, 1407d0d1-39ba-4bc0-b697-1e16e43cd838|rpc:10.1.0.32:15050|admin:10.1.0.32:15049|client:10.1.0.32:15048|dataStream:10.1.0.32:15051|priority:1|startupRole:FOLLOWER] with ContainerStateMachine:uninitialized
2023-10-27 20:14:06,610 [1407d0d1-39ba-4bc0-b697-1e16e43cd838-groupManagement] INFO  server.RaftServerConfigKeys (ConfUtils.java:logGet(46)) - raft.server.rpc.timeout.min = 5s (custom)
2023-10-27 20:14:06,610 [1407d0d1-39ba-4bc0-b697-1e16e43cd838-groupManagement] INFO  server.RaftServerConfigKeys (ConfUtils.java:logGet(46)) - raft.server.rpc.timeout.max = 5200ms (custom)
2023-10-27 20:14:06,616 [1407d0d1-39ba-4bc0-b697-1e16e43cd838-groupManagement] INFO  server.RaftServerConfigKeys (ConfUtils.java:logGet(46)) - raft.server.rpc.sleep.time = 25ms (default)
2023-10-27 20:14:06,616 [1407d0d1-39ba-4bc0-b697-1e16e43cd838-groupManagement] INFO  server.RaftServerConfigKeys (ConfUtils.java:logGet(46)) - raft.server.rpc.slowness.timeout = 300s (custom)
2023-10-27 20:14:06,616 [1407d0d1-39ba-4bc0-b697-1e16e43cd838-groupManagement] INFO  server.RaftServerConfigKeys (ConfUtils.java:logGet(46)) - raft.server.leaderelection.leader.step-down.wait-time = 10s (default)
2023-10-27 20:14:06,616 [1407d0d1-39ba-4bc0-b697-1e16e43cd838-groupManagement] INFO  server.RaftServerConfigKeys (ConfUtils.java:logGet(46)) - raft.server.sleep.deviation.threshold = 300ms (default)
2023-10-27 20:14:06,616 [1407d0d1-39ba-4bc0-b697-1e16e43cd838-groupManagement] INFO  server.RaftServer$Division (ServerState.java:<init>(120)) - 1407d0d1-39ba-4bc0-b697-1e16e43cd838@group-5C95EDC39216: ConfigurationManager, init=-1: peers:[3fb99649-c87f-4cc9-b3d9-f5c572ff189c|rpc:10.1.0.32:15041|admin:10.1.0.32:15040|client:10.1.0.32:15039|dataStream:10.1.0.32:15042|priority:0|startupRole:FOLLOWER, 23554148-3e4d-431f-a73e-f2401dbff1d4|rpc:10.1.0.32:15059|admin:10.1.0.32:15058|client:10.1.0.32:15057|dataStream:10.1.0.32:15060|priority:0|startupRole:FOLLOWER, 1407d0d1-39ba-4bc0-b697-1e16e43cd838|rpc:10.1.0.32:15050|admin:10.1.0.32:15049|client:10.1.0.32:15048|dataStream:10.1.0.32:15051|priority:1|startupRole:FOLLOWER]|listeners:[], old=null, confs=<EMPTY_MAP>
2023-10-27 20:14:06,616 [1407d0d1-39ba-4bc0-b697-1e16e43cd838-groupManagement] INFO  server.RaftServerConfigKeys (ConfUtils.java:logGet(46)) - raft.server.storage.dir = [/home/runner/work/ozone/ozone/hadoop-ozone/integration-test/target/test-dir/MiniOzoneClusterImpl-60426a9d-3de2-4373-b08b-24a22c9da129/datanode-4/data/ratis] (custom)
2023-10-27 20:14:06,616 [1407d0d1-39ba-4bc0-b697-1e16e43cd838-groupManagement] INFO  server.RaftServerConfigKeys (ConfUtils.java:logGet(46)) - raft.server.log.corruption.policy = EXCEPTION (default)
2023-10-27 20:14:06,616 [1407d0d1-39ba-4bc0-b697-1e16e43cd838-groupManagement] INFO  server.RaftServerConfigKeys (ConfUtils.java:logGet(46)) - raft.server.storage.free-space.min = 0MB (=0) (default)
2023-10-27 20:14:06,617 [1407d0d1-39ba-4bc0-b697-1e16e43cd838-groupManagement] INFO  server.RaftServerConfigKeys (ConfUtils.java:logGet(46)) - raft.server.notification.no-leader.timeout = 300s (custom)
2023-10-27 20:14:06,618 [1407d0d1-39ba-4bc0-b697-1e16e43cd838-groupManagement] INFO  server.RaftServerConfigKeys (ConfUtils.java:logGet(46)) - raft.server.read.timeout = 10s (default)
2023-10-27 20:14:06,618 [1407d0d1-39ba-4bc0-b697-1e16e43cd838-groupManagement] INFO  server.RaftServerConfigKeys (ConfUtils.java:logGet(46)) - raft.server.retrycache.expirytime = 600000ms (custom)
2023-10-27 20:14:06,619 [1407d0d1-39ba-4bc0-b697-1e16e43cd838-groupManagement] INFO  server.RaftServerConfigKeys (ConfUtils.java:logGet(46)) - raft.server.retrycache.statistics.expirytime = 100μs (default)
2023-10-27 20:14:06,621 [1407d0d1-39ba-4bc0-b697-1e16e43cd838-groupManagement] INFO  server.RaftServerConfigKeys (ConfUtils.java:logGet(46)) - raft.server.read.option = DEFAULT (default)
2023-10-27 20:14:06,624 [1407d0d1-39ba-4bc0-b697-1e16e43cd838-groupManagement] INFO  server.RaftServerConfigKeys (ConfUtils.java:logGet(46)) - raft.server.rpc.request.timeout = 60s (custom)
2023-10-27 20:14:06,625 [1407d0d1-39ba-4bc0-b697-1e16e43cd838-groupManagement] INFO  server.RaftServerConfigKeys (ConfUtils.java:logGet(46)) - raft.server.log.appender.install.snapshot.enabled = false (custom)
2023-10-27 20:14:06,625 [1407d0d1-39ba-4bc0-b697-1e16e43cd838-groupManagement] INFO  server.RaftServerConfigKeys (ConfUtils.java:logGet(46)) - raft.server.threadpool.server.cached = true (default)
2023-10-27 20:14:06,626 [1407d0d1-39ba-4bc0-b697-1e16e43cd838-groupManagement] INFO  server.RaftServerConfigKeys (ConfUtils.java:logGet(46)) - raft.server.threadpool.server.size = 0 (default)
2023-10-27 20:14:06,626 [1407d0d1-39ba-4bc0-b697-1e16e43cd838-groupManagement] INFO  server.RaftServerConfigKeys (ConfUtils.java:logGet(46)) - raft.server.threadpool.client.cached = true (default)
2023-10-27 20:14:06,627 [1407d0d1-39ba-4bc0-b697-1e16e43cd838-groupManagement] INFO  server.RaftServerConfigKeys (ConfUtils.java:logGet(46)) - raft.server.threadpool.client.size = 0 (default)
2023-10-27 20:14:06,627 [1407d0d1-39ba-4bc0-b697-1e16e43cd838-groupManagement] INFO  storage.RaftStorageDirectory (RaftStorageDirectoryImpl.java:analyzeStorage(137)) - The storage directory /home/runner/work/ozone/ozone/hadoop-ozone/integration-test/target/test-dir/MiniOzoneClusterImpl-60426a9d-3de2-4373-b08b-24a22c9da129/datanode-4/data/ratis/de112322-9279-4ab5-b0a4-5c95edc39216 does not exist. Creating ...
2023-10-27 20:14:06,632 [66ee3698-ded8-430f-8ecd-27f356af6e45-groupManagement] INFO  impl.RoleInfo (RoleInfo.java:updateAndGet(139)) - 66ee3698-ded8-430f-8ecd-27f356af6e45: start 66ee3698-ded8-430f-8ecd-27f356af6e45@group-7E36DD6E81EC-FollowerState
2023-10-27 20:14:06,633 [0ef615e1-91db-4ede-b924-53e2d320f02d-groupManagement] INFO  server.RaftServer$Division (RaftServerImpl.java:start(342)) - 0ef615e1-91db-4ede-b924-53e2d320f02d@group-7E36DD6E81EC: start as a follower, conf=-1: peers:[94422c73-384a-4d9a-a15d-46d9f5b840aa|rpc:10.1.0.32:15014|admin:10.1.0.32:15013|client:10.1.0.32:15012|dataStream:10.1.0.32:15015|priority:1|startupRole:FOLLOWER, 66ee3698-ded8-430f-8ecd-27f356af6e45|rpc:10.1.0.32:15032|admin:10.1.0.32:15031|client:10.1.0.32:15030|dataStream:10.1.0.32:15033|priority:0|startupRole:FOLLOWER, 0ef615e1-91db-4ede-b924-53e2d320f02d|rpc:10.1.0.32:15023|admin:10.1.0.32:15022|client:10.1.0.32:15021|dataStream:10.1.0.32:15024|priority:0|startupRole:FOLLOWER]|listeners:[], old=null
2023-10-27 20:14:06,633 [0ef615e1-91db-4ede-b924-53e2d320f02d-groupManagement] INFO  server.RaftServer$Division (RaftServerImpl.java:setRole(329)) - 0ef615e1-91db-4ede-b924-53e2d320f02d@group-7E36DD6E81EC: changes role from      null to FOLLOWER at term 0 for startAsFollower
2023-10-27 20:14:06,633 [1407d0d1-39ba-4bc0-b697-1e16e43cd838-groupManagement] INFO  storage.RaftStorageDirectory (RaftStorageDirectoryImpl.java:tryLock(231)) - Lock on /home/runner/work/ozone/ozone/hadoop-ozone/integration-test/target/test-dir/MiniOzoneClusterImpl-60426a9d-3de2-4373-b08b-24a22c9da129/datanode-4/data/ratis/de112322-9279-4ab5-b0a4-5c95edc39216/in_use.lock acquired by nodename 14569@fv-az342-943
2023-10-27 20:14:06,636 [66ee3698-ded8-430f-8ecd-27f356af6e45-groupManagement] INFO  util.JmxRegister (JmxRegister.java:tryRegister(44)) - Successfully registered JMX Bean with object name Ratis:service=RaftServer,group=group-7E36DD6E81EC,id=66ee3698-ded8-430f-8ecd-27f356af6e45
2023-10-27 20:14:06,636 [66ee3698-ded8-430f-8ecd-27f356af6e45-groupManagement] INFO  server.RaftServerConfigKeys (ConfUtils.java:logGet(46)) - raft.server.snapshot.auto.trigger.enabled = true (custom)
2023-10-27 20:14:06,636 [66ee3698-ded8-430f-8ecd-27f356af6e45-groupManagement] INFO  server.RaftServerConfigKeys (ConfUtils.java:logGet(46)) - raft.server.snapshot.auto.trigger.threshold = 10000 (custom)
2023-10-27 20:14:06,636 [66ee3698-ded8-430f-8ecd-27f356af6e45-groupManagement] INFO  server.RaftServerConfigKeys (ConfUtils.java:logGet(46)) - raft.server.snapshot.retention.file.num = 5 (custom)
2023-10-27 20:14:06,636 [66ee3698-ded8-430f-8ecd-27f356af6e45-groupManagement] INFO  server.RaftServerConfigKeys (ConfUtils.java:logGet(46)) - raft.server.log.purge.upto.snapshot.index = false (default)
2023-10-27 20:14:06,636 [66ee3698-ded8-430f-8ecd-27f356af6e45@group-7E36DD6E81EC-FollowerState] INFO  server.RaftServerConfigKeys (ConfUtils.java:logFallback(53)) - raft.server.rpc.first-election.timeout.min = 5s (fallback to raft.server.rpc.timeout.min)
2023-10-27 20:14:06,636 [66ee3698-ded8-430f-8ecd-27f356af6e45@group-7E36DD6E81EC-FollowerState] INFO  server.RaftServerConfigKeys (ConfUtils.java:logFallback(53)) - raft.server.rpc.first-election.timeout.max = 5200ms (fallback to raft.server.rpc.timeout.max)
2023-10-27 20:14:06,638 [1407d0d1-39ba-4bc0-b697-1e16e43cd838-groupManagement] INFO  storage.RaftStorage (RaftStorageImpl.java:format(96)) - Storage directory /home/runner/work/ozone/ozone/hadoop-ozone/integration-test/target/test-dir/MiniOzoneClusterImpl-60426a9d-3de2-4373-b08b-24a22c9da129/datanode-4/data/ratis/de112322-9279-4ab5-b0a4-5c95edc39216 has been successfully formatted.
2023-10-27 20:14:06,644 [5b9beb6f-d596-489f-8a17-e362b772df82-groupManagement] INFO  server.RaftServerConfigKeys (ConfUtils.java:logGet(46)) - raft.server.log.unsafe-flush.enabled = false (default)
2023-10-27 20:14:06,644 [5b9beb6f-d596-489f-8a17-e362b772df82-groupManagement] INFO  server.RaftServerConfigKeys (ConfUtils.java:logGet(46)) - raft.server.log.async-flush.enabled = false (default)
2023-10-27 20:14:06,645 [5b9beb6f-d596-489f-8a17-e362b772df82-groupManagement] INFO  server.RaftServerConfigKeys (ConfUtils.java:logGet(46)) - raft.server.log.statemachine.data.caching.enabled = true (custom)
2023-10-27 20:14:06,646 [55507c8a-594d-4e25-909f-8d2832294c55-groupManagement] INFO  server.RaftServer$Division (RaftServerImpl.java:start(342)) - 55507c8a-594d-4e25-909f-8d2832294c55@group-F9EF9EF7AB14: start as a follower, conf=-1: peers:[55507c8a-594d-4e25-909f-8d2832294c55|rpc:10.1.0.32:15086|admin:10.1.0.32:15085|client:10.1.0.32:15084|dataStream:10.1.0.32:15087|priority:1|startupRole:FOLLOWER]|listeners:[], old=null
2023-10-27 20:14:06,646 [55507c8a-594d-4e25-909f-8d2832294c55-groupManagement] INFO  server.RaftServer$Division (RaftServerImpl.java:setRole(329)) - 55507c8a-594d-4e25-909f-8d2832294c55@group-F9EF9EF7AB14: changes role from      null to FOLLOWER at term 0 for startAsFollower
2023-10-27 20:14:06,646 [55507c8a-594d-4e25-909f-8d2832294c55-groupManagement] INFO  impl.RoleInfo (RoleInfo.java:updateAndGet(139)) - 55507c8a-594d-4e25-909f-8d2832294c55: start 55507c8a-594d-4e25-909f-8d2832294c55@group-F9EF9EF7AB14-FollowerState
2023-10-27 20:14:06,647 [5b9beb6f-d596-489f-8a17-e362b772df82-groupManagement] INFO  segmented.SegmentedRaftLogWorker (SegmentedRaftLogWorker.java:lambda$new$0(135)) - 5b9beb6f-d596-489f-8a17-e362b772df82@group-942E44EA8C16-SegmentedRaftLogWorker: flushIndex: setUnconditionally 0 -> -1
2023-10-27 20:14:06,647 [5b9beb6f-d596-489f-8a17-e362b772df82-groupManagement] INFO  segmented.SegmentedRaftLogWorker (SegmentedRaftLogWorker.java:lambda$new$0(135)) - 5b9beb6f-d596-489f-8a17-e362b772df82@group-942E44EA8C16-SegmentedRaftLogWorker: safeCacheEvictIndex: setUnconditionally 0 -> -1
2023-10-27 20:14:06,648 [55507c8a-594d-4e25-909f-8d2832294c55-groupManagement] INFO  util.JmxRegister (JmxRegister.java:tryRegister(44)) - Successfully registered JMX Bean with object name Ratis:service=RaftServer,group=group-F9EF9EF7AB14,id=55507c8a-594d-4e25-909f-8d2832294c55
2023-10-27 20:14:06,648 [55507c8a-594d-4e25-909f-8d2832294c55-groupManagement] INFO  server.RaftServerConfigKeys (ConfUtils.java:logGet(46)) - raft.server.snapshot.auto.trigger.enabled = true (custom)
2023-10-27 20:14:06,648 [55507c8a-594d-4e25-909f-8d2832294c55-groupManagement] INFO  server.RaftServerConfigKeys (ConfUtils.java:logGet(46)) - raft.server.snapshot.auto.trigger.threshold = 10000 (custom)
2023-10-27 20:14:06,648 [55507c8a-594d-4e25-909f-8d2832294c55-groupManagement] INFO  server.RaftServerConfigKeys (ConfUtils.java:logGet(46)) - raft.server.snapshot.retention.file.num = 5 (custom)
2023-10-27 20:14:06,648 [55507c8a-594d-4e25-909f-8d2832294c55-groupManagement] INFO  server.RaftServerConfigKeys (ConfUtils.java:logGet(46)) - raft.server.log.purge.upto.snapshot.index = false (default)
2023-10-27 20:14:06,650 [55507c8a-594d-4e25-909f-8d2832294c55@group-F9EF9EF7AB14-FollowerState] INFO  server.RaftServerConfigKeys (ConfUtils.java:logFallback(53)) - raft.server.rpc.first-election.timeout.min = 5s (fallback to raft.server.rpc.timeout.min)
2023-10-27 20:14:06,651 [55507c8a-594d-4e25-909f-8d2832294c55@group-F9EF9EF7AB14-FollowerState] INFO  server.RaftServerConfigKeys (ConfUtils.java:logFallback(53)) - raft.server.rpc.first-election.timeout.max = 5200ms (fallback to raft.server.rpc.timeout.max)
2023-10-27 20:14:06,654 [94422c73-384a-4d9a-a15d-46d9f5b840aa-groupManagement] INFO  server.RaftServer$Division (RaftServerImpl.java:start(342)) - 94422c73-384a-4d9a-a15d-46d9f5b840aa@group-7E36DD6E81EC: start as a follower, conf=-1: peers:[94422c73-384a-4d9a-a15d-46d9f5b840aa|rpc:10.1.0.32:15014|admin:10.1.0.32:15013|client:10.1.0.32:15012|dataStream:10.1.0.32:15015|priority:1|startupRole:FOLLOWER, 66ee3698-ded8-430f-8ecd-27f356af6e45|rpc:10.1.0.32:15032|admin:10.1.0.32:15031|client:10.1.0.32:15030|dataStream:10.1.0.32:15033|priority:0|startupRole:FOLLOWER, 0ef615e1-91db-4ede-b924-53e2d320f02d|rpc:10.1.0.32:15023|admin:10.1.0.32:15022|client:10.1.0.32:15021|dataStream:10.1.0.32:15024|priority:0|startupRole:FOLLOWER]|listeners:[], old=null
2023-10-27 20:14:06,655 [94422c73-384a-4d9a-a15d-46d9f5b840aa-groupManagement] INFO  server.RaftServer$Division (RaftServerImpl.java:setRole(329)) - 94422c73-384a-4d9a-a15d-46d9f5b840aa@group-7E36DD6E81EC: changes role from      null to FOLLOWER at term 0 for startAsFollower
2023-10-27 20:14:06,655 [94422c73-384a-4d9a-a15d-46d9f5b840aa-groupManagement] INFO  impl.RoleInfo (RoleInfo.java:updateAndGet(139)) - 94422c73-384a-4d9a-a15d-46d9f5b840aa: start 94422c73-384a-4d9a-a15d-46d9f5b840aa@group-7E36DD6E81EC-FollowerState
2023-10-27 20:14:06,659 [94422c73-384a-4d9a-a15d-46d9f5b840aa-groupManagement] INFO  util.JmxRegister (JmxRegister.java:tryRegister(44)) - Successfully registered JMX Bean with object name Ratis:service=RaftServer,group=group-7E36DD6E81EC,id=94422c73-384a-4d9a-a15d-46d9f5b840aa
2023-10-27 20:14:06,659 [94422c73-384a-4d9a-a15d-46d9f5b840aa-groupManagement] INFO  server.RaftServerConfigKeys (ConfUtils.java:logGet(46)) - raft.server.snapshot.auto.trigger.enabled = true (custom)
2023-10-27 20:14:06,659 [94422c73-384a-4d9a-a15d-46d9f5b840aa-groupManagement] INFO  server.RaftServerConfigKeys (ConfUtils.java:logGet(46)) - raft.server.snapshot.auto.trigger.threshold = 10000 (custom)
2023-10-27 20:14:06,659 [94422c73-384a-4d9a-a15d-46d9f5b840aa-groupManagement] INFO  server.RaftServerConfigKeys (ConfUtils.java:logGet(46)) - raft.server.snapshot.retention.file.num = 5 (custom)
2023-10-27 20:14:06,660 [94422c73-384a-4d9a-a15d-46d9f5b840aa-groupManagement] INFO  server.RaftServerConfigKeys (ConfUtils.java:logGet(46)) - raft.server.log.purge.upto.snapshot.index = false (default)
2023-10-27 20:14:06,661 [94422c73-384a-4d9a-a15d-46d9f5b840aa@group-7E36DD6E81EC-FollowerState] INFO  server.RaftServerConfigKeys (ConfUtils.java:logFallback(53)) - raft.server.rpc.first-election.timeout.min = 5s (fallback to raft.server.rpc.timeout.min)
2023-10-27 20:14:06,662 [94422c73-384a-4d9a-a15d-46d9f5b840aa@group-7E36DD6E81EC-FollowerState] INFO  server.RaftServerConfigKeys (ConfUtils.java:logFallback(53)) - raft.server.rpc.first-election.timeout.max = 5200ms (fallback to raft.server.rpc.timeout.max)
2023-10-27 20:14:06,662 [94422c73-384a-4d9a-a15d-46d9f5b840aa-PipelineCommandHandlerThread-0] INFO  ratis.XceiverServerRatis (XceiverServerRatis.java:addGroup(805)) - Created group PipelineID=d274e337-1c6c-42b4-b755-7e36dd6e81ec
2023-10-27 20:14:06,663 [5b9beb6f-d596-489f-8a17-e362b772df82-groupManagement] INFO  server.RaftServer$Division (RaftServerImpl.java:start(342)) - 5b9beb6f-d596-489f-8a17-e362b772df82@group-942E44EA8C16: start as a follower, conf=-1: peers:[5b9beb6f-d596-489f-8a17-e362b772df82|rpc:10.1.0.32:15095|admin:10.1.0.32:15094|client:10.1.0.32:15093|dataStream:10.1.0.32:15096|priority:1|startupRole:FOLLOWER]|listeners:[], old=null
2023-10-27 20:14:06,663 [5b9beb6f-d596-489f-8a17-e362b772df82-groupManagement] INFO  server.RaftServer$Division (RaftServerImpl.java:setRole(329)) - 5b9beb6f-d596-489f-8a17-e362b772df82@group-942E44EA8C16: changes role from      null to FOLLOWER at term 0 for startAsFollower
2023-10-27 20:14:06,663 [5b9beb6f-d596-489f-8a17-e362b772df82-groupManagement] INFO  impl.RoleInfo (RoleInfo.java:updateAndGet(139)) - 5b9beb6f-d596-489f-8a17-e362b772df82: start 5b9beb6f-d596-489f-8a17-e362b772df82@group-942E44EA8C16-FollowerState
2023-10-27 20:14:06,666 [5b9beb6f-d596-489f-8a17-e362b772df82-groupManagement] INFO  util.JmxRegister (JmxRegister.java:tryRegister(44)) - Successfully registered JMX Bean with object name Ratis:service=RaftServer,group=group-942E44EA8C16,id=5b9beb6f-d596-489f-8a17-e362b772df82
2023-10-27 20:14:06,666 [5b9beb6f-d596-489f-8a17-e362b772df82-groupManagement] INFO  server.RaftServerConfigKeys (ConfUtils.java:logGet(46)) - raft.server.snapshot.auto.trigger.enabled = true (custom)
2023-10-27 20:14:06,666 [5b9beb6f-d596-489f-8a17-e362b772df82-groupManagement] INFO  server.RaftServerConfigKeys (ConfUtils.java:logGet(46)) - raft.server.snapshot.auto.trigger.threshold = 10000 (custom)
2023-10-27 20:14:06,666 [5b9beb6f-d596-489f-8a17-e362b772df82-groupManagement] INFO  server.RaftServerConfigKeys (ConfUtils.java:logGet(46)) - raft.server.snapshot.retention.file.num = 5 (custom)
2023-10-27 20:14:06,666 [5b9beb6f-d596-489f-8a17-e362b772df82-groupManagement] INFO  server.RaftServerConfigKeys (ConfUtils.java:logGet(46)) - raft.server.log.purge.upto.snapshot.index = false (default)
2023-10-27 20:14:06,668 [5b9beb6f-d596-489f-8a17-e362b772df82@group-942E44EA8C16-FollowerState] INFO  server.RaftServerConfigKeys (ConfUtils.java:logFallback(53)) - raft.server.rpc.first-election.timeout.min = 5s (fallback to raft.server.rpc.timeout.min)
2023-10-27 20:14:06,668 [5b9beb6f-d596-489f-8a17-e362b772df82@group-942E44EA8C16-FollowerState] INFO  server.RaftServerConfigKeys (ConfUtils.java:logFallback(53)) - raft.server.rpc.first-election.timeout.max = 5200ms (fallback to raft.server.rpc.timeout.max)
2023-10-27 20:14:06,681 [1407d0d1-39ba-4bc0-b697-1e16e43cd838-groupManagement] INFO  ratis.ContainerStateMachine (ContainerStateMachine.java:loadSnapshot(269)) - group-5C95EDC39216: The snapshot info is null. Setting the last applied indexto:(t:0, i:~)
2023-10-27 20:14:06,681 [5b9beb6f-d596-489f-8a17-e362b772df82-PipelineCommandHandlerThread-0] INFO  ratis.XceiverServerRatis (XceiverServerRatis.java:addGroup(805)) - Created group PipelineID=b464d587-1b89-4291-b45b-942e44ea8c16
2023-10-27 20:14:06,681 [5b9beb6f-d596-489f-8a17-e362b772df82-PipelineCommandHandlerThread-0] INFO  commandhandler.CreatePipelineCommandHandler (CreatePipelineCommandHandler.java:lambda$handle$2(124)) - Created Pipeline RATIS ONE PipelineID=b464d587-1b89-4291-b45b-942e44ea8c16.
2023-10-27 20:14:06,681 [1407d0d1-39ba-4bc0-b697-1e16e43cd838-groupManagement] INFO  server.RaftServerConfigKeys (ConfUtils.java:logGet(46)) - raft.server.log.use.memory = false (default)
2023-10-27 20:14:06,684 [1407d0d1-39ba-4bc0-b697-1e16e43cd838-groupManagement] INFO  server.RaftServerConfigKeys (ConfUtils.java:logGet(46)) - raft.server.log.purge.gap = 1000000 (custom)
2023-10-27 20:14:06,684 [1407d0d1-39ba-4bc0-b697-1e16e43cd838-groupManagement] INFO  server.RaftServerConfigKeys (ConfUtils.java:logGet(46)) - raft.server.log.appender.buffer.byte-limit = 33554432 (custom)
2023-10-27 20:14:06,684 [1407d0d1-39ba-4bc0-b697-1e16e43cd838-groupManagement] INFO  server.RaftServerConfigKeys (ConfUtils.java:logGet(46)) - raft.server.log.statemachine.data.read.timeout = 1000ms (default)
2023-10-27 20:14:06,684 [1407d0d1-39ba-4bc0-b697-1e16e43cd838-groupManagement] INFO  server.RaftServerConfigKeys (ConfUtils.java:logGet(46)) - raft.server.log.purge.preservation.log.num = 0 (default)
2023-10-27 20:14:06,684 [EventQueue-OpenPipelineForHealthyPipelineSafeModeRule] INFO  safemode.SCMSafeModeManager (HealthyPipelineSafeModeRule.java:process(137)) - SCM in safe mode. Healthy pipelines reported count is 0, required healthy pipeline reported count is 1
2023-10-27 20:14:06,684 [1407d0d1-39ba-4bc0-b697-1e16e43cd838-groupManagement] INFO  server.RaftServerConfigKeys (ConfUtils.java:logGet(46)) - raft.server.log.segment.size.max = 1048576 (custom)
2023-10-27 20:14:06,685 [1407d0d1-39ba-4bc0-b697-1e16e43cd838-groupManagement] INFO  server.RaftServerConfigKeys (ConfUtils.java:logGet(46)) - raft.server.log.segment.cache.num.max = 2 (custom)
2023-10-27 20:14:06,685 [1407d0d1-39ba-4bc0-b697-1e16e43cd838-groupManagement] INFO  server.RaftServerConfigKeys (ConfUtils.java:logGet(46)) - raft.server.log.segment.cache.size.max = 200MB (=209715200) (default)
2023-10-27 20:14:06,685 [1407d0d1-39ba-4bc0-b697-1e16e43cd838-groupManagement] INFO  server.RaftServerConfigKeys (ConfUtils.java:logGet(46)) - raft.server.log.appender.buffer.byte-limit = 33554432 (custom)
2023-10-27 20:14:06,685 [1407d0d1-39ba-4bc0-b697-1e16e43cd838-groupManagement] INFO  segmented.SegmentedRaftLogWorker (SegmentedRaftLogWorker.java:<init>(188)) - new 1407d0d1-39ba-4bc0-b697-1e16e43cd838@group-5C95EDC39216-SegmentedRaftLogWorker for RaftStorageImpl:Storage Directory /home/runner/work/ozone/ozone/hadoop-ozone/integration-test/target/test-dir/MiniOzoneClusterImpl-60426a9d-3de2-4373-b08b-24a22c9da129/datanode-4/data/ratis/de112322-9279-4ab5-b0a4-5c95edc39216
2023-10-27 20:14:06,685 [1407d0d1-39ba-4bc0-b697-1e16e43cd838-groupManagement] INFO  server.RaftServerConfigKeys (ConfUtils.java:logGet(46)) - raft.server.log.queue.byte-limit = 4294967296 (custom)
2023-10-27 20:14:06,685 [1407d0d1-39ba-4bc0-b697-1e16e43cd838-groupManagement] INFO  server.RaftServerConfigKeys (ConfUtils.java:logGet(46)) - raft.server.log.queue.element-limit = 1024 (custom)
2023-10-27 20:14:06,686 [1407d0d1-39ba-4bc0-b697-1e16e43cd838-groupManagement] INFO  server.RaftServerConfigKeys (ConfUtils.java:logGet(46)) - raft.server.log.segment.size.max = 1048576 (custom)
2023-10-27 20:14:06,686 [1407d0d1-39ba-4bc0-b697-1e16e43cd838-groupManagement] INFO  server.RaftServerConfigKeys (ConfUtils.java:logGet(46)) - raft.server.log.preallocated.size = 16384 (custom)
2023-10-27 20:14:06,686 [1407d0d1-39ba-4bc0-b697-1e16e43cd838-groupManagement] INFO  server.RaftServerConfigKeys (ConfUtils.java:logGet(46)) - raft.server.log.force.sync.num = 128 (default)
2023-10-27 20:14:06,686 [1407d0d1-39ba-4bc0-b697-1e16e43cd838-groupManagement] INFO  server.RaftServerConfigKeys (ConfUtils.java:logGet(46)) - raft.server.log.statemachine.data.sync = true (default)
2023-10-27 20:14:06,686 [1407d0d1-39ba-4bc0-b697-1e16e43cd838-groupManagement] INFO  server.RaftServerConfigKeys (ConfUtils.java:logGet(46)) - raft.server.log.statemachine.data.sync.timeout = 10s (default)
2023-10-27 20:14:06,686 [1407d0d1-39ba-4bc0-b697-1e16e43cd838-groupManagement] INFO  server.RaftServerConfigKeys (ConfUtils.java:logGet(46)) - raft.server.log.statemachine.data.sync.timeout.retry = -1 (default)
2023-10-27 20:14:06,691 [1407d0d1-39ba-4bc0-b697-1e16e43cd838-groupManagement] INFO  server.RaftServerConfigKeys (ConfUtils.java:logGet(46)) - raft.server.log.write.buffer.size = 1048576 (custom)
2023-10-27 20:14:06,693 [1407d0d1-39ba-4bc0-b697-1e16e43cd838-groupManagement] INFO  server.RaftServerConfigKeys (ConfUtils.java:logGet(46)) - raft.server.log.appender.buffer.byte-limit = 33554432 (custom)
2023-10-27 20:14:06,696 [0ef615e1-91db-4ede-b924-53e2d320f02d-groupManagement] INFO  impl.RoleInfo (RoleInfo.java:updateAndGet(139)) - 0ef615e1-91db-4ede-b924-53e2d320f02d: start 0ef615e1-91db-4ede-b924-53e2d320f02d@group-7E36DD6E81EC-FollowerState
2023-10-27 20:14:06,696 [66ee3698-ded8-430f-8ecd-27f356af6e45-PipelineCommandHandlerThread-0] INFO  ratis.XceiverServerRatis (XceiverServerRatis.java:addGroup(805)) - Created group PipelineID=d274e337-1c6c-42b4-b755-7e36dd6e81ec
2023-10-27 20:14:06,699 [0ef615e1-91db-4ede-b924-53e2d320f02d-groupManagement] INFO  util.JmxRegister (JmxRegister.java:tryRegister(44)) - Successfully registered JMX Bean with object name Ratis:service=RaftServer,group=group-7E36DD6E81EC,id=0ef615e1-91db-4ede-b924-53e2d320f02d
2023-10-27 20:14:06,700 [0ef615e1-91db-4ede-b924-53e2d320f02d-groupManagement] INFO  server.RaftServerConfigKeys (ConfUtils.java:logGet(46)) - raft.server.snapshot.auto.trigger.enabled = true (custom)
2023-10-27 20:14:06,700 [0ef615e1-91db-4ede-b924-53e2d320f02d-groupManagement] INFO  server.RaftServerConfigKeys (ConfUtils.java:logGet(46)) - raft.server.snapshot.auto.trigger.threshold = 10000 (custom)
2023-10-27 20:14:06,700 [0ef615e1-91db-4ede-b924-53e2d320f02d-groupManagement] INFO  server.RaftServerConfigKeys (ConfUtils.java:logGet(46)) - raft.server.snapshot.retention.file.num = 5 (custom)
2023-10-27 20:14:06,700 [0ef615e1-91db-4ede-b924-53e2d320f02d-groupManagement] INFO  server.RaftServerConfigKeys (ConfUtils.java:logGet(46)) - raft.server.log.purge.upto.snapshot.index = false (default)
2023-10-27 20:14:06,703 [0ef615e1-91db-4ede-b924-53e2d320f02d@group-7E36DD6E81EC-FollowerState] INFO  server.RaftServerConfigKeys (ConfUtils.java:logFallback(53)) - raft.server.rpc.first-election.timeout.min = 5s (fallback to raft.server.rpc.timeout.min)
2023-10-27 20:14:06,703 [0ef615e1-91db-4ede-b924-53e2d320f02d@group-7E36DD6E81EC-FollowerState] INFO  server.RaftServerConfigKeys (ConfUtils.java:logFallback(53)) - raft.server.rpc.first-election.timeout.max = 5200ms (fallback to raft.server.rpc.timeout.max)
2023-10-27 20:14:06,707 [1407d0d1-39ba-4bc0-b697-1e16e43cd838-groupManagement] INFO  server.RaftServerConfigKeys (ConfUtils.java:logGet(46)) - raft.server.log.unsafe-flush.enabled = false (default)
2023-10-27 20:14:06,707 [1407d0d1-39ba-4bc0-b697-1e16e43cd838-groupManagement] INFO  server.RaftServerConfigKeys (ConfUtils.java:logGet(46)) - raft.server.log.async-flush.enabled = false (default)
2023-10-27 20:14:06,707 [1407d0d1-39ba-4bc0-b697-1e16e43cd838-groupManagement] INFO  server.RaftServerConfigKeys (ConfUtils.java:logGet(46)) - raft.server.log.statemachine.data.caching.enabled = true (custom)
2023-10-27 20:14:06,708 [1407d0d1-39ba-4bc0-b697-1e16e43cd838-groupManagement] INFO  segmented.SegmentedRaftLogWorker (SegmentedRaftLogWorker.java:lambda$new$0(135)) - 1407d0d1-39ba-4bc0-b697-1e16e43cd838@group-5C95EDC39216-SegmentedRaftLogWorker: flushIndex: setUnconditionally 0 -> -1
2023-10-27 20:14:06,708 [1407d0d1-39ba-4bc0-b697-1e16e43cd838-groupManagement] INFO  segmented.SegmentedRaftLogWorker (SegmentedRaftLogWorker.java:lambda$new$0(135)) - 1407d0d1-39ba-4bc0-b697-1e16e43cd838@group-5C95EDC39216-SegmentedRaftLogWorker: safeCacheEvictIndex: setUnconditionally 0 -> -1
2023-10-27 20:14:06,726 [3fb99649-c87f-4cc9-b3d9-f5c572ff189c-PipelineCommandHandlerThread-0] INFO  ratis.XceiverServerRatis (XceiverServerRatis.java:addGroup(805)) - Created group PipelineID=de112322-9279-4ab5-b0a4-5c95edc39216
2023-10-27 20:14:06,733 [0ef615e1-91db-4ede-b924-53e2d320f02d-PipelineCommandHandlerThread-0] INFO  ratis.XceiverServerRatis (XceiverServerRatis.java:addGroup(805)) - Created group PipelineID=d274e337-1c6c-42b4-b755-7e36dd6e81ec
2023-10-27 20:14:06,734 [55507c8a-594d-4e25-909f-8d2832294c55-PipelineCommandHandlerThread-0] INFO  ratis.XceiverServerRatis (XceiverServerRatis.java:addGroup(805)) - Created group PipelineID=9165e2d6-b074-416d-b0ca-f9ef9ef7ab14
2023-10-27 20:14:06,734 [55507c8a-594d-4e25-909f-8d2832294c55-PipelineCommandHandlerThread-0] INFO  commandhandler.CreatePipelineCommandHandler (CreatePipelineCommandHandler.java:lambda$handle$2(124)) - Created Pipeline RATIS ONE PipelineID=9165e2d6-b074-416d-b0ca-f9ef9ef7ab14.
2023-10-27 20:14:06,735 [55507c8a-594d-4e25-909f-8d2832294c55-PipelineCommandHandlerThread-0] INFO  server.RaftServer (RaftServerProxy.java:addNew(98)) - 55507c8a-594d-4e25-909f-8d2832294c55: addNew group-51E20A2316D2:[f612f2cf-90dc-41dc-bf39-cf028d38c484|rpc:10.1.0.32:15077|admin:10.1.0.32:15076|client:10.1.0.32:15075|dataStream:10.1.0.32:15078|priority:0|startupRole:FOLLOWER, 55507c8a-594d-4e25-909f-8d2832294c55|rpc:10.1.0.32:15086|admin:10.1.0.32:15085|client:10.1.0.32:15084|dataStream:10.1.0.32:15087|priority:1|startupRole:FOLLOWER, fe9b02b7-73ff-430f-9d75-1483ab7beb41|rpc:10.1.0.32:15068|admin:10.1.0.32:15067|client:10.1.0.32:15066|dataStream:10.1.0.32:15069|priority:0|startupRole:FOLLOWER] returns group-51E20A2316D2:java.util.concurrent.CompletableFuture@6b4eaa56[Not completed]
2023-10-27 20:14:06,738 [55507c8a-594d-4e25-909f-8d2832294c55-groupManagement] INFO  server.RaftServer$Division (RaftServerImpl.java:<init>(198)) - 55507c8a-594d-4e25-909f-8d2832294c55: new RaftServerImpl for group-51E20A2316D2:[f612f2cf-90dc-41dc-bf39-cf028d38c484|rpc:10.1.0.32:15077|admin:10.1.0.32:15076|client:10.1.0.32:15075|dataStream:10.1.0.32:15078|priority:0|startupRole:FOLLOWER, 55507c8a-594d-4e25-909f-8d2832294c55|rpc:10.1.0.32:15086|admin:10.1.0.32:15085|client:10.1.0.32:15084|dataStream:10.1.0.32:15087|priority:1|startupRole:FOLLOWER, fe9b02b7-73ff-430f-9d75-1483ab7beb41|rpc:10.1.0.32:15068|admin:10.1.0.32:15067|client:10.1.0.32:15066|dataStream:10.1.0.32:15069|priority:0|startupRole:FOLLOWER] with ContainerStateMachine:uninitialized
2023-10-27 20:14:06,740 [55507c8a-594d-4e25-909f-8d2832294c55-groupManagement] INFO  server.RaftServerConfigKeys (ConfUtils.java:logGet(46)) - raft.server.rpc.timeout.min = 5s (custom)
2023-10-27 20:14:06,740 [55507c8a-594d-4e25-909f-8d2832294c55-groupManagement] INFO  server.RaftServerConfigKeys (ConfUtils.java:logGet(46)) - raft.server.rpc.timeout.max = 5200ms (custom)
2023-10-27 20:14:06,741 [55507c8a-594d-4e25-909f-8d2832294c55-groupManagement] INFO  server.RaftServerConfigKeys (ConfUtils.java:logGet(46)) - raft.server.rpc.sleep.time = 25ms (default)
2023-10-27 20:14:06,741 [55507c8a-594d-4e25-909f-8d2832294c55-groupManagement] INFO  server.RaftServerConfigKeys (ConfUtils.java:logGet(46)) - raft.server.rpc.slowness.timeout = 300s (custom)
2023-10-27 20:14:06,741 [55507c8a-594d-4e25-909f-8d2832294c55-groupManagement] INFO  server.RaftServerConfigKeys (ConfUtils.java:logGet(46)) - raft.server.leaderelection.leader.step-down.wait-time = 10s (default)
2023-10-27 20:14:06,742 [55507c8a-594d-4e25-909f-8d2832294c55-groupManagement] INFO  server.RaftServerConfigKeys (ConfUtils.java:logGet(46)) - raft.server.sleep.deviation.threshold = 300ms (default)
2023-10-27 20:14:06,743 [55507c8a-594d-4e25-909f-8d2832294c55-groupManagement] INFO  server.RaftServer$Division (ServerState.java:<init>(120)) - 55507c8a-594d-4e25-909f-8d2832294c55@group-51E20A2316D2: ConfigurationManager, init=-1: peers:[f612f2cf-90dc-41dc-bf39-cf028d38c484|rpc:10.1.0.32:15077|admin:10.1.0.32:15076|client:10.1.0.32:15075|dataStream:10.1.0.32:15078|priority:0|startupRole:FOLLOWER, 55507c8a-594d-4e25-909f-8d2832294c55|rpc:10.1.0.32:15086|admin:10.1.0.32:15085|client:10.1.0.32:15084|dataStream:10.1.0.32:15087|priority:1|startupRole:FOLLOWER, fe9b02b7-73ff-430f-9d75-1483ab7beb41|rpc:10.1.0.32:15068|admin:10.1.0.32:15067|client:10.1.0.32:15066|dataStream:10.1.0.32:15069|priority:0|startupRole:FOLLOWER]|listeners:[], old=null, confs=<EMPTY_MAP>
2023-10-27 20:14:06,744 [55507c8a-594d-4e25-909f-8d2832294c55-groupManagement] INFO  server.RaftServerConfigKeys (ConfUtils.java:logGet(46)) - raft.server.storage.dir = [/home/runner/work/ozone/ozone/hadoop-ozone/integration-test/target/test-dir/MiniOzoneClusterImpl-60426a9d-3de2-4373-b08b-24a22c9da129/datanode-8/data/ratis] (custom)
2023-10-27 20:14:06,745 [55507c8a-594d-4e25-909f-8d2832294c55-groupManagement] INFO  server.RaftServerConfigKeys (ConfUtils.java:logGet(46)) - raft.server.log.corruption.policy = EXCEPTION (default)
2023-10-27 20:14:06,753 [55507c8a-594d-4e25-909f-8d2832294c55-groupManagement] INFO  server.RaftServerConfigKeys (ConfUtils.java:logGet(46)) - raft.server.storage.free-space.min = 0MB (=0) (default)
2023-10-27 20:14:06,754 [55507c8a-594d-4e25-909f-8d2832294c55-groupManagement] INFO  server.RaftServerConfigKeys (ConfUtils.java:logGet(46)) - raft.server.notification.no-leader.timeout = 300s (custom)
2023-10-27 20:14:06,755 [55507c8a-594d-4e25-909f-8d2832294c55-groupManagement] INFO  server.RaftServerConfigKeys (ConfUtils.java:logGet(46)) - raft.server.read.timeout = 10s (default)
2023-10-27 20:14:06,759 [55507c8a-594d-4e25-909f-8d2832294c55-groupManagement] INFO  server.RaftServerConfigKeys (ConfUtils.java:logGet(46)) - raft.server.retrycache.expirytime = 600000ms (custom)
2023-10-27 20:14:06,761 [55507c8a-594d-4e25-909f-8d2832294c55-groupManagement] INFO  server.RaftServerConfigKeys (ConfUtils.java:logGet(46)) - raft.server.retrycache.statistics.expirytime = 100μs (default)
2023-10-27 20:14:06,762 [55507c8a-594d-4e25-909f-8d2832294c55-groupManagement] INFO  server.RaftServerConfigKeys (ConfUtils.java:logGet(46)) - raft.server.read.option = DEFAULT (default)
2023-10-27 20:14:06,775 [1407d0d1-39ba-4bc0-b697-1e16e43cd838-PipelineCommandHandlerThread-0] INFO  commandhandler.CreatePipelineCommandHandler (CreatePipelineCommandHandler.java:lambda$handle$2(124)) - Created Pipeline RATIS THREE PipelineID=18e9d5d2-3951-48aa-a34d-5a0c10638f91.
2023-10-27 20:14:06,777 [1407d0d1-39ba-4bc0-b697-1e16e43cd838-groupManagement] INFO  server.RaftServer$Division (RaftServerImpl.java:start(342)) - 1407d0d1-39ba-4bc0-b697-1e16e43cd838@group-5C95EDC39216: start as a follower, conf=-1: peers:[3fb99649-c87f-4cc9-b3d9-f5c572ff189c|rpc:10.1.0.32:15041|admin:10.1.0.32:15040|client:10.1.0.32:15039|dataStream:10.1.0.32:15042|priority:0|startupRole:FOLLOWER, 23554148-3e4d-431f-a73e-f2401dbff1d4|rpc:10.1.0.32:15059|admin:10.1.0.32:15058|client:10.1.0.32:15057|dataStream:10.1.0.32:15060|priority:0|startupRole:FOLLOWER, 1407d0d1-39ba-4bc0-b697-1e16e43cd838|rpc:10.1.0.32:15050|admin:10.1.0.32:15049|client:10.1.0.32:15048|dataStream:10.1.0.32:15051|priority:1|startupRole:FOLLOWER]|listeners:[], old=null
2023-10-27 20:14:06,783 [1407d0d1-39ba-4bc0-b697-1e16e43cd838-groupManagement] INFO  server.RaftServer$Division (RaftServerImpl.java:setRole(329)) - 1407d0d1-39ba-4bc0-b697-1e16e43cd838@group-5C95EDC39216: changes role from      null to FOLLOWER at term 0 for startAsFollower
2023-10-27 20:14:06,783 [1407d0d1-39ba-4bc0-b697-1e16e43cd838-groupManagement] INFO  impl.RoleInfo (RoleInfo.java:updateAndGet(139)) - 1407d0d1-39ba-4bc0-b697-1e16e43cd838: start 1407d0d1-39ba-4bc0-b697-1e16e43cd838@group-5C95EDC39216-FollowerState
2023-10-27 20:14:06,788 [55507c8a-594d-4e25-909f-8d2832294c55-groupManagement] INFO  server.RaftServerConfigKeys (ConfUtils.java:logGet(46)) - raft.server.rpc.request.timeout = 60s (custom)
2023-10-27 20:14:06,788 [55507c8a-594d-4e25-909f-8d2832294c55-groupManagement] INFO  server.RaftServerConfigKeys (ConfUtils.java:logGet(46)) - raft.server.log.appender.install.snapshot.enabled = false (custom)
2023-10-27 20:14:06,789 [55507c8a-594d-4e25-909f-8d2832294c55-groupManagement] INFO  server.RaftServerConfigKeys (ConfUtils.java:logGet(46)) - raft.server.threadpool.server.cached = true (default)
2023-10-27 20:14:06,789 [55507c8a-594d-4e25-909f-8d2832294c55-groupManagement] INFO  server.RaftServerConfigKeys (ConfUtils.java:logGet(46)) - raft.server.threadpool.server.size = 0 (default)
2023-10-27 20:14:06,789 [55507c8a-594d-4e25-909f-8d2832294c55-groupManagement] INFO  server.RaftServerConfigKeys (ConfUtils.java:logGet(46)) - raft.server.threadpool.client.cached = true (default)
2023-10-27 20:14:06,789 [55507c8a-594d-4e25-909f-8d2832294c55-groupManagement] INFO  server.RaftServerConfigKeys (ConfUtils.java:logGet(46)) - raft.server.threadpool.client.size = 0 (default)
2023-10-27 20:14:06,789 [55507c8a-594d-4e25-909f-8d2832294c55-groupManagement] INFO  storage.RaftStorageDirectory (RaftStorageDirectoryImpl.java:analyzeStorage(137)) - The storage directory /home/runner/work/ozone/ozone/hadoop-ozone/integration-test/target/test-dir/MiniOzoneClusterImpl-60426a9d-3de2-4373-b08b-24a22c9da129/datanode-8/data/ratis/510d7b00-c41e-4671-853b-51e20a2316d2 does not exist. Creating ...
2023-10-27 20:14:06,790 [1407d0d1-39ba-4bc0-b697-1e16e43cd838-groupManagement] INFO  util.JmxRegister (JmxRegister.java:tryRegister(44)) - Successfully registered JMX Bean with object name Ratis:service=RaftServer,group=group-5C95EDC39216,id=1407d0d1-39ba-4bc0-b697-1e16e43cd838
2023-10-27 20:14:06,790 [1407d0d1-39ba-4bc0-b697-1e16e43cd838-groupManagement] INFO  server.RaftServerConfigKeys (ConfUtils.java:logGet(46)) - raft.server.snapshot.auto.trigger.enabled = true (custom)
2023-10-27 20:14:06,790 [1407d0d1-39ba-4bc0-b697-1e16e43cd838-groupManagement] INFO  server.RaftServerConfigKeys (ConfUtils.java:logGet(46)) - raft.server.snapshot.auto.trigger.threshold = 10000 (custom)
2023-10-27 20:14:06,790 [1407d0d1-39ba-4bc0-b697-1e16e43cd838-groupManagement] INFO  server.RaftServerConfigKeys (ConfUtils.java:logGet(46)) - raft.server.snapshot.retention.file.num = 5 (custom)
2023-10-27 20:14:06,790 [1407d0d1-39ba-4bc0-b697-1e16e43cd838-groupManagement] INFO  server.RaftServerConfigKeys (ConfUtils.java:logGet(46)) - raft.server.log.purge.upto.snapshot.index = false (default)
2023-10-27 20:14:06,795 [55507c8a-594d-4e25-909f-8d2832294c55-groupManagement] INFO  storage.RaftStorageDirectory (RaftStorageDirectoryImpl.java:tryLock(231)) - Lock on /home/runner/work/ozone/ozone/hadoop-ozone/integration-test/target/test-dir/MiniOzoneClusterImpl-60426a9d-3de2-4373-b08b-24a22c9da129/datanode-8/data/ratis/510d7b00-c41e-4671-853b-51e20a2316d2/in_use.lock acquired by nodename 14569@fv-az342-943
2023-10-27 20:14:06,799 [55507c8a-594d-4e25-909f-8d2832294c55-groupManagement] INFO  storage.RaftStorage (RaftStorageImpl.java:format(96)) - Storage directory /home/runner/work/ozone/ozone/hadoop-ozone/integration-test/target/test-dir/MiniOzoneClusterImpl-60426a9d-3de2-4373-b08b-24a22c9da129/datanode-8/data/ratis/510d7b00-c41e-4671-853b-51e20a2316d2 has been successfully formatted.
2023-10-27 20:14:06,801 [1407d0d1-39ba-4bc0-b697-1e16e43cd838@group-5C95EDC39216-FollowerState] INFO  server.RaftServerConfigKeys (ConfUtils.java:logFallback(53)) - raft.server.rpc.first-election.timeout.min = 5s (fallback to raft.server.rpc.timeout.min)
2023-10-27 20:14:06,814 [1407d0d1-39ba-4bc0-b697-1e16e43cd838@group-5C95EDC39216-FollowerState] INFO  server.RaftServerConfigKeys (ConfUtils.java:logFallback(53)) - raft.server.rpc.first-election.timeout.max = 5200ms (fallback to raft.server.rpc.timeout.max)
2023-10-27 20:14:06,842 [55507c8a-594d-4e25-909f-8d2832294c55-groupManagement] INFO  ratis.ContainerStateMachine (ContainerStateMachine.java:loadSnapshot(269)) - group-51E20A2316D2: The snapshot info is null. Setting the last applied indexto:(t:0, i:~)
2023-10-27 20:14:06,845 [55507c8a-594d-4e25-909f-8d2832294c55-groupManagement] INFO  server.RaftServerConfigKeys (ConfUtils.java:logGet(46)) - raft.server.log.use.memory = false (default)
2023-10-27 20:14:06,845 [55507c8a-594d-4e25-909f-8d2832294c55-groupManagement] INFO  server.RaftServerConfigKeys (ConfUtils.java:logGet(46)) - raft.server.log.purge.gap = 1000000 (custom)
2023-10-27 20:14:06,845 [55507c8a-594d-4e25-909f-8d2832294c55-groupManagement] INFO  server.RaftServerConfigKeys (ConfUtils.java:logGet(46)) - raft.server.log.appender.buffer.byte-limit = 33554432 (custom)
2023-10-27 20:14:06,845 [55507c8a-594d-4e25-909f-8d2832294c55-groupManagement] INFO  server.RaftServerConfigKeys (ConfUtils.java:logGet(46)) - raft.server.log.statemachine.data.read.timeout = 1000ms (default)
2023-10-27 20:14:06,845 [55507c8a-594d-4e25-909f-8d2832294c55-groupManagement] INFO  server.RaftServerConfigKeys (ConfUtils.java:logGet(46)) - raft.server.log.purge.preservation.log.num = 0 (default)
2023-10-27 20:14:06,845 [55507c8a-594d-4e25-909f-8d2832294c55-groupManagement] INFO  server.RaftServerConfigKeys (ConfUtils.java:logGet(46)) - raft.server.log.segment.size.max = 1048576 (custom)
2023-10-27 20:14:06,846 [55507c8a-594d-4e25-909f-8d2832294c55-groupManagement] INFO  server.RaftServerConfigKeys (ConfUtils.java:logGet(46)) - raft.server.log.segment.cache.num.max = 2 (custom)
2023-10-27 20:14:06,846 [55507c8a-594d-4e25-909f-8d2832294c55-groupManagement] INFO  server.RaftServerConfigKeys (ConfUtils.java:logGet(46)) - raft.server.log.segment.cache.size.max = 200MB (=209715200) (default)
2023-10-27 20:14:06,847 [EventQueue-OpenPipelineForHealthyPipelineSafeModeRule] INFO  safemode.SCMSafeModeManager (HealthyPipelineSafeModeRule.java:process(137)) - SCM in safe mode. Healthy pipelines reported count is 0, required healthy pipeline reported count is 1
2023-10-27 20:14:06,848 [55507c8a-594d-4e25-909f-8d2832294c55-groupManagement] INFO  server.RaftServerConfigKeys (ConfUtils.java:logGet(46)) - raft.server.log.appender.buffer.byte-limit = 33554432 (custom)
2023-10-27 20:14:06,848 [55507c8a-594d-4e25-909f-8d2832294c55-groupManagement] INFO  segmented.SegmentedRaftLogWorker (SegmentedRaftLogWorker.java:<init>(188)) - new 55507c8a-594d-4e25-909f-8d2832294c55@group-51E20A2316D2-SegmentedRaftLogWorker for RaftStorageImpl:Storage Directory /home/runner/work/ozone/ozone/hadoop-ozone/integration-test/target/test-dir/MiniOzoneClusterImpl-60426a9d-3de2-4373-b08b-24a22c9da129/datanode-8/data/ratis/510d7b00-c41e-4671-853b-51e20a2316d2
2023-10-27 20:14:06,848 [55507c8a-594d-4e25-909f-8d2832294c55-groupManagement] INFO  server.RaftServerConfigKeys (ConfUtils.java:logGet(46)) - raft.server.log.queue.byte-limit = 4294967296 (custom)
2023-10-27 20:14:06,848 [55507c8a-594d-4e25-909f-8d2832294c55-groupManagement] INFO  server.RaftServerConfigKeys (ConfUtils.java:logGet(46)) - raft.server.log.queue.element-limit = 1024 (custom)
2023-10-27 20:14:06,848 [55507c8a-594d-4e25-909f-8d2832294c55-groupManagement] INFO  server.RaftServerConfigKeys (ConfUtils.java:logGet(46)) - raft.server.log.segment.size.max = 1048576 (custom)
2023-10-27 20:14:06,848 [55507c8a-594d-4e25-909f-8d2832294c55-groupManagement] INFO  server.RaftServerConfigKeys (ConfUtils.java:logGet(46)) - raft.server.log.preallocated.size = 16384 (custom)
2023-10-27 20:14:06,848 [55507c8a-594d-4e25-909f-8d2832294c55-groupManagement] INFO  server.RaftServerConfigKeys (ConfUtils.java:logGet(46)) - raft.server.log.force.sync.num = 128 (default)
2023-10-27 20:14:06,848 [55507c8a-594d-4e25-909f-8d2832294c55-groupManagement] INFO  server.RaftServerConfigKeys (ConfUtils.java:logGet(46)) - raft.server.log.statemachine.data.sync = true (default)
2023-10-27 20:14:06,849 [55507c8a-594d-4e25-909f-8d2832294c55-groupManagement] INFO  server.RaftServerConfigKeys (ConfUtils.java:logGet(46)) - raft.server.log.statemachine.data.sync.timeout = 10s (default)
2023-10-27 20:14:06,849 [55507c8a-594d-4e25-909f-8d2832294c55-groupManagement] INFO  server.RaftServerConfigKeys (ConfUtils.java:logGet(46)) - raft.server.log.statemachine.data.sync.timeout.retry = -1 (default)
2023-10-27 20:14:06,854 [55507c8a-594d-4e25-909f-8d2832294c55-groupManagement] INFO  server.RaftServerConfigKeys (ConfUtils.java:logGet(46)) - raft.server.log.write.buffer.size = 1048576 (custom)
2023-10-27 20:14:06,855 [55507c8a-594d-4e25-909f-8d2832294c55-groupManagement] INFO  server.RaftServerConfigKeys (ConfUtils.java:logGet(46)) - raft.server.log.appender.buffer.byte-limit = 33554432 (custom)
2023-10-27 20:14:06,865 [55507c8a-594d-4e25-909f-8d2832294c55-groupManagement] INFO  server.RaftServerConfigKeys (ConfUtils.java:logGet(46)) - raft.server.log.unsafe-flush.enabled = false (default)
2023-10-27 20:14:06,865 [55507c8a-594d-4e25-909f-8d2832294c55-groupManagement] INFO  server.RaftServerConfigKeys (ConfUtils.java:logGet(46)) - raft.server.log.async-flush.enabled = false (default)
2023-10-27 20:14:06,865 [55507c8a-594d-4e25-909f-8d2832294c55-groupManagement] INFO  server.RaftServerConfigKeys (ConfUtils.java:logGet(46)) - raft.server.log.statemachine.data.caching.enabled = true (custom)
2023-10-27 20:14:06,866 [55507c8a-594d-4e25-909f-8d2832294c55-groupManagement] INFO  segmented.SegmentedRaftLogWorker (SegmentedRaftLogWorker.java:lambda$new$0(135)) - 55507c8a-594d-4e25-909f-8d2832294c55@group-51E20A2316D2-SegmentedRaftLogWorker: flushIndex: setUnconditionally 0 -> -1
2023-10-27 20:14:06,866 [55507c8a-594d-4e25-909f-8d2832294c55-groupManagement] INFO  segmented.SegmentedRaftLogWorker (SegmentedRaftLogWorker.java:lambda$new$0(135)) - 55507c8a-594d-4e25-909f-8d2832294c55@group-51E20A2316D2-SegmentedRaftLogWorker: safeCacheEvictIndex: setUnconditionally 0 -> -1
2023-10-27 20:14:06,882 [55507c8a-594d-4e25-909f-8d2832294c55-groupManagement] INFO  server.RaftServer$Division (RaftServerImpl.java:start(342)) - 55507c8a-594d-4e25-909f-8d2832294c55@group-51E20A2316D2: start as a follower, conf=-1: peers:[f612f2cf-90dc-41dc-bf39-cf028d38c484|rpc:10.1.0.32:15077|admin:10.1.0.32:15076|client:10.1.0.32:15075|dataStream:10.1.0.32:15078|priority:0|startupRole:FOLLOWER, 55507c8a-594d-4e25-909f-8d2832294c55|rpc:10.1.0.32:15086|admin:10.1.0.32:15085|client:10.1.0.32:15084|dataStream:10.1.0.32:15087|priority:1|startupRole:FOLLOWER, fe9b02b7-73ff-430f-9d75-1483ab7beb41|rpc:10.1.0.32:15068|admin:10.1.0.32:15067|client:10.1.0.32:15066|dataStream:10.1.0.32:15069|priority:0|startupRole:FOLLOWER]|listeners:[], old=null
2023-10-27 20:14:06,883 [55507c8a-594d-4e25-909f-8d2832294c55-groupManagement] INFO  server.RaftServer$Division (RaftServerImpl.java:setRole(329)) - 55507c8a-594d-4e25-909f-8d2832294c55@group-51E20A2316D2: changes role from      null to FOLLOWER at term 0 for startAsFollower
2023-10-27 20:14:06,883 [55507c8a-594d-4e25-909f-8d2832294c55-groupManagement] INFO  impl.RoleInfo (RoleInfo.java:updateAndGet(139)) - 55507c8a-594d-4e25-909f-8d2832294c55: start 55507c8a-594d-4e25-909f-8d2832294c55@group-51E20A2316D2-FollowerState
2023-10-27 20:14:06,885 [55507c8a-594d-4e25-909f-8d2832294c55-groupManagement] INFO  util.JmxRegister (JmxRegister.java:tryRegister(44)) - Successfully registered JMX Bean with object name Ratis:service=RaftServer,group=group-51E20A2316D2,id=55507c8a-594d-4e25-909f-8d2832294c55
2023-10-27 20:14:06,885 [55507c8a-594d-4e25-909f-8d2832294c55-groupManagement] INFO  server.RaftServerConfigKeys (ConfUtils.java:logGet(46)) - raft.server.snapshot.auto.trigger.enabled = true (custom)
2023-10-27 20:14:06,885 [55507c8a-594d-4e25-909f-8d2832294c55-groupManagement] INFO  server.RaftServerConfigKeys (ConfUtils.java:logGet(46)) - raft.server.snapshot.auto.trigger.threshold = 10000 (custom)
2023-10-27 20:14:06,885 [55507c8a-594d-4e25-909f-8d2832294c55-groupManagement] INFO  server.RaftServerConfigKeys (ConfUtils.java:logGet(46)) - raft.server.snapshot.retention.file.num = 5 (custom)
2023-10-27 20:14:06,886 [55507c8a-594d-4e25-909f-8d2832294c55-groupManagement] INFO  server.RaftServerConfigKeys (ConfUtils.java:logGet(46)) - raft.server.log.purge.upto.snapshot.index = false (default)
2023-10-27 20:14:06,902 [55507c8a-594d-4e25-909f-8d2832294c55@group-51E20A2316D2-FollowerState] INFO  server.RaftServerConfigKeys (ConfUtils.java:logFallback(53)) - raft.server.rpc.first-election.timeout.min = 5s (fallback to raft.server.rpc.timeout.min)
2023-10-27 20:14:06,902 [55507c8a-594d-4e25-909f-8d2832294c55-PipelineCommandHandlerThread-0] INFO  ratis.XceiverServerRatis (XceiverServerRatis.java:addGroup(805)) - Created group PipelineID=510d7b00-c41e-4671-853b-51e20a2316d2
2023-10-27 20:14:06,902 [55507c8a-594d-4e25-909f-8d2832294c55@group-51E20A2316D2-FollowerState] INFO  server.RaftServerConfigKeys (ConfUtils.java:logFallback(53)) - raft.server.rpc.first-election.timeout.max = 5200ms (fallback to raft.server.rpc.timeout.max)
2023-10-27 20:14:07,006 [f612f2cf-90dc-41dc-bf39-cf028d38c484-PipelineCommandHandlerThread-0] INFO  commandhandler.CreatePipelineCommandHandler (CreatePipelineCommandHandler.java:lambda$handle$2(124)) - Created Pipeline RATIS THREE PipelineID=ef4fc66b-b8f7-4bea-8eaa-c71ed06640e5.
2023-10-27 20:14:07,007 [f612f2cf-90dc-41dc-bf39-cf028d38c484-PipelineCommandHandlerThread-0] INFO  server.RaftServer (RaftServerProxy.java:addNew(98)) - f612f2cf-90dc-41dc-bf39-cf028d38c484: addNew group-51E20A2316D2:[f612f2cf-90dc-41dc-bf39-cf028d38c484|rpc:10.1.0.32:15077|admin:10.1.0.32:15076|client:10.1.0.32:15075|dataStream:10.1.0.32:15078|priority:0|startupRole:FOLLOWER, 55507c8a-594d-4e25-909f-8d2832294c55|rpc:10.1.0.32:15086|admin:10.1.0.32:15085|client:10.1.0.32:15084|dataStream:10.1.0.32:15087|priority:1|startupRole:FOLLOWER, fe9b02b7-73ff-430f-9d75-1483ab7beb41|rpc:10.1.0.32:15068|admin:10.1.0.32:15067|client:10.1.0.32:15066|dataStream:10.1.0.32:15069|priority:0|startupRole:FOLLOWER] returns group-51E20A2316D2:java.util.concurrent.CompletableFuture@503db546[Not completed]
2023-10-27 20:14:07,008 [f612f2cf-90dc-41dc-bf39-cf028d38c484-groupManagement] INFO  server.RaftServer$Division (RaftServerImpl.java:<init>(198)) - f612f2cf-90dc-41dc-bf39-cf028d38c484: new RaftServerImpl for group-51E20A2316D2:[f612f2cf-90dc-41dc-bf39-cf028d38c484|rpc:10.1.0.32:15077|admin:10.1.0.32:15076|client:10.1.0.32:15075|dataStream:10.1.0.32:15078|priority:0|startupRole:FOLLOWER, 55507c8a-594d-4e25-909f-8d2832294c55|rpc:10.1.0.32:15086|admin:10.1.0.32:15085|client:10.1.0.32:15084|dataStream:10.1.0.32:15087|priority:1|startupRole:FOLLOWER, fe9b02b7-73ff-430f-9d75-1483ab7beb41|rpc:10.1.0.32:15068|admin:10.1.0.32:15067|client:10.1.0.32:15066|dataStream:10.1.0.32:15069|priority:0|startupRole:FOLLOWER] with ContainerStateMachine:uninitialized
2023-10-27 20:14:07,008 [f612f2cf-90dc-41dc-bf39-cf028d38c484-groupManagement] INFO  server.RaftServerConfigKeys (ConfUtils.java:logGet(46)) - raft.server.rpc.timeout.min = 5s (custom)
2023-10-27 20:14:07,009 [f612f2cf-90dc-41dc-bf39-cf028d38c484-groupManagement] INFO  server.RaftServerConfigKeys (ConfUtils.java:logGet(46)) - raft.server.rpc.timeout.max = 5200ms (custom)
2023-10-27 20:14:07,009 [f612f2cf-90dc-41dc-bf39-cf028d38c484-groupManagement] INFO  server.RaftServerConfigKeys (ConfUtils.java:logGet(46)) - raft.server.rpc.sleep.time = 25ms (default)
2023-10-27 20:14:07,009 [f612f2cf-90dc-41dc-bf39-cf028d38c484-groupManagement] INFO  server.RaftServerConfigKeys (ConfUtils.java:logGet(46)) - raft.server.rpc.slowness.timeout = 300s (custom)
2023-10-27 20:14:07,009 [f612f2cf-90dc-41dc-bf39-cf028d38c484-groupManagement] INFO  server.RaftServerConfigKeys (ConfUtils.java:logGet(46)) - raft.server.leaderelection.leader.step-down.wait-time = 10s (default)
2023-10-27 20:14:07,009 [f612f2cf-90dc-41dc-bf39-cf028d38c484-groupManagement] INFO  server.RaftServerConfigKeys (ConfUtils.java:logGet(46)) - raft.server.sleep.deviation.threshold = 300ms (default)
2023-10-27 20:14:07,009 [f612f2cf-90dc-41dc-bf39-cf028d38c484-groupManagement] INFO  server.RaftServer$Division (ServerState.java:<init>(120)) - f612f2cf-90dc-41dc-bf39-cf028d38c484@group-51E20A2316D2: ConfigurationManager, init=-1: peers:[f612f2cf-90dc-41dc-bf39-cf028d38c484|rpc:10.1.0.32:15077|admin:10.1.0.32:15076|client:10.1.0.32:15075|dataStream:10.1.0.32:15078|priority:0|startupRole:FOLLOWER, 55507c8a-594d-4e25-909f-8d2832294c55|rpc:10.1.0.32:15086|admin:10.1.0.32:15085|client:10.1.0.32:15084|dataStream:10.1.0.32:15087|priority:1|startupRole:FOLLOWER, fe9b02b7-73ff-430f-9d75-1483ab7beb41|rpc:10.1.0.32:15068|admin:10.1.0.32:15067|client:10.1.0.32:15066|dataStream:10.1.0.32:15069|priority:0|startupRole:FOLLOWER]|listeners:[], old=null, confs=<EMPTY_MAP>
2023-10-27 20:14:07,009 [f612f2cf-90dc-41dc-bf39-cf028d38c484-groupManagement] INFO  server.RaftServerConfigKeys (ConfUtils.java:logGet(46)) - raft.server.storage.dir = [/home/runner/work/ozone/ozone/hadoop-ozone/integration-test/target/test-dir/MiniOzoneClusterImpl-60426a9d-3de2-4373-b08b-24a22c9da129/datanode-7/data/ratis] (custom)
2023-10-27 20:14:07,009 [f612f2cf-90dc-41dc-bf39-cf028d38c484-groupManagement] INFO  server.RaftServerConfigKeys (ConfUtils.java:logGet(46)) - raft.server.log.corruption.policy = EXCEPTION (default)
2023-10-27 20:14:07,010 [f612f2cf-90dc-41dc-bf39-cf028d38c484-groupManagement] INFO  server.RaftServerConfigKeys (ConfUtils.java:logGet(46)) - raft.server.storage.free-space.min = 0MB (=0) (default)
2023-10-27 20:14:07,011 [f612f2cf-90dc-41dc-bf39-cf028d38c484-groupManagement] INFO  server.RaftServerConfigKeys (ConfUtils.java:logGet(46)) - raft.server.notification.no-leader.timeout = 300s (custom)
2023-10-27 20:14:07,011 [f612f2cf-90dc-41dc-bf39-cf028d38c484-groupManagement] INFO  server.RaftServerConfigKeys (ConfUtils.java:logGet(46)) - raft.server.read.timeout = 10s (default)
2023-10-27 20:14:07,011 [f612f2cf-90dc-41dc-bf39-cf028d38c484-groupManagement] INFO  server.RaftServerConfigKeys (ConfUtils.java:logGet(46)) - raft.server.retrycache.expirytime = 600000ms (custom)
2023-10-27 20:14:07,011 [f612f2cf-90dc-41dc-bf39-cf028d38c484-groupManagement] INFO  server.RaftServerConfigKeys (ConfUtils.java:logGet(46)) - raft.server.retrycache.statistics.expirytime = 100μs (default)
2023-10-27 20:14:07,011 [f612f2cf-90dc-41dc-bf39-cf028d38c484-groupManagement] INFO  server.RaftServerConfigKeys (ConfUtils.java:logGet(46)) - raft.server.read.option = DEFAULT (default)
2023-10-27 20:14:07,027 [grpc-default-executor-5] INFO  server.RaftServer (RaftServerProxy.java:addNew(98)) - fe9b02b7-73ff-430f-9d75-1483ab7beb41: addNew group-51E20A2316D2:[f612f2cf-90dc-41dc-bf39-cf028d38c484|rpc:10.1.0.32:15077|admin:10.1.0.32:15076|client:10.1.0.32:15075|dataStream:10.1.0.32:15078|priority:0|startupRole:FOLLOWER, 55507c8a-594d-4e25-909f-8d2832294c55|rpc:10.1.0.32:15086|admin:10.1.0.32:15085|client:10.1.0.32:15084|dataStream:10.1.0.32:15087|priority:1|startupRole:FOLLOWER, fe9b02b7-73ff-430f-9d75-1483ab7beb41|rpc:10.1.0.32:15068|admin:10.1.0.32:15067|client:10.1.0.32:15066|dataStream:10.1.0.32:15069|priority:0|startupRole:FOLLOWER] returns group-51E20A2316D2:java.util.concurrent.CompletableFuture@7d0ac854[Not completed]
2023-10-27 20:14:07,038 [fe9b02b7-73ff-430f-9d75-1483ab7beb41-PipelineCommandHandlerThread-0] INFO  commandhandler.CreatePipelineCommandHandler (CreatePipelineCommandHandler.java:lambda$handle$2(124)) - Created Pipeline RATIS THREE PipelineID=ef4fc66b-b8f7-4bea-8eaa-c71ed06640e5.
2023-10-27 20:14:07,045 [fe9b02b7-73ff-430f-9d75-1483ab7beb41-groupManagement] INFO  server.RaftServer$Division (RaftServerImpl.java:<init>(198)) - fe9b02b7-73ff-430f-9d75-1483ab7beb41: new RaftServerImpl for group-51E20A2316D2:[f612f2cf-90dc-41dc-bf39-cf028d38c484|rpc:10.1.0.32:15077|admin:10.1.0.32:15076|client:10.1.0.32:15075|dataStream:10.1.0.32:15078|priority:0|startupRole:FOLLOWER, 55507c8a-594d-4e25-909f-8d2832294c55|rpc:10.1.0.32:15086|admin:10.1.0.32:15085|client:10.1.0.32:15084|dataStream:10.1.0.32:15087|priority:1|startupRole:FOLLOWER, fe9b02b7-73ff-430f-9d75-1483ab7beb41|rpc:10.1.0.32:15068|admin:10.1.0.32:15067|client:10.1.0.32:15066|dataStream:10.1.0.32:15069|priority:0|startupRole:FOLLOWER] with ContainerStateMachine:uninitialized
2023-10-27 20:14:07,045 [fe9b02b7-73ff-430f-9d75-1483ab7beb41-groupManagement] INFO  server.RaftServerConfigKeys (ConfUtils.java:logGet(46)) - raft.server.rpc.timeout.min = 5s (custom)
2023-10-27 20:14:07,045 [fe9b02b7-73ff-430f-9d75-1483ab7beb41-groupManagement] INFO  server.RaftServerConfigKeys (ConfUtils.java:logGet(46)) - raft.server.rpc.timeout.max = 5200ms (custom)
2023-10-27 20:14:07,045 [fe9b02b7-73ff-430f-9d75-1483ab7beb41-groupManagement] INFO  server.RaftServerConfigKeys (ConfUtils.java:logGet(46)) - raft.server.rpc.sleep.time = 25ms (default)
2023-10-27 20:14:07,046 [fe9b02b7-73ff-430f-9d75-1483ab7beb41-groupManagement] INFO  server.RaftServerConfigKeys (ConfUtils.java:logGet(46)) - raft.server.rpc.slowness.timeout = 300s (custom)
2023-10-27 20:14:07,046 [fe9b02b7-73ff-430f-9d75-1483ab7beb41-groupManagement] INFO  server.RaftServerConfigKeys (ConfUtils.java:logGet(46)) - raft.server.leaderelection.leader.step-down.wait-time = 10s (default)
2023-10-27 20:14:07,046 [fe9b02b7-73ff-430f-9d75-1483ab7beb41-groupManagement] INFO  server.RaftServerConfigKeys (ConfUtils.java:logGet(46)) - raft.server.sleep.deviation.threshold = 300ms (default)
2023-10-27 20:14:07,046 [fe9b02b7-73ff-430f-9d75-1483ab7beb41-groupManagement] INFO  server.RaftServer$Division (ServerState.java:<init>(120)) - fe9b02b7-73ff-430f-9d75-1483ab7beb41@group-51E20A2316D2: ConfigurationManager, init=-1: peers:[f612f2cf-90dc-41dc-bf39-cf028d38c484|rpc:10.1.0.32:15077|admin:10.1.0.32:15076|client:10.1.0.32:15075|dataStream:10.1.0.32:15078|priority:0|startupRole:FOLLOWER, 55507c8a-594d-4e25-909f-8d2832294c55|rpc:10.1.0.32:15086|admin:10.1.0.32:15085|client:10.1.0.32:15084|dataStream:10.1.0.32:15087|priority:1|startupRole:FOLLOWER, fe9b02b7-73ff-430f-9d75-1483ab7beb41|rpc:10.1.0.32:15068|admin:10.1.0.32:15067|client:10.1.0.32:15066|dataStream:10.1.0.32:15069|priority:0|startupRole:FOLLOWER]|listeners:[], old=null, confs=<EMPTY_MAP>
2023-10-27 20:14:07,046 [fe9b02b7-73ff-430f-9d75-1483ab7beb41-groupManagement] INFO  server.RaftServerConfigKeys (ConfUtils.java:logGet(46)) - raft.server.storage.dir = [/home/runner/work/ozone/ozone/hadoop-ozone/integration-test/target/test-dir/MiniOzoneClusterImpl-60426a9d-3de2-4373-b08b-24a22c9da129/datanode-6/data/ratis] (custom)
2023-10-27 20:14:07,046 [fe9b02b7-73ff-430f-9d75-1483ab7beb41-groupManagement] INFO  server.RaftServerConfigKeys (ConfUtils.java:logGet(46)) - raft.server.log.corruption.policy = EXCEPTION (default)
2023-10-27 20:14:07,046 [fe9b02b7-73ff-430f-9d75-1483ab7beb41-groupManagement] INFO  server.RaftServerConfigKeys (ConfUtils.java:logGet(46)) - raft.server.storage.free-space.min = 0MB (=0) (default)
2023-10-27 20:14:07,046 [fe9b02b7-73ff-430f-9d75-1483ab7beb41-groupManagement] INFO  server.RaftServerConfigKeys (ConfUtils.java:logGet(46)) - raft.server.notification.no-leader.timeout = 300s (custom)
2023-10-27 20:14:07,046 [fe9b02b7-73ff-430f-9d75-1483ab7beb41-groupManagement] INFO  server.RaftServerConfigKeys (ConfUtils.java:logGet(46)) - raft.server.read.timeout = 10s (default)
2023-10-27 20:14:07,047 [fe9b02b7-73ff-430f-9d75-1483ab7beb41-groupManagement] INFO  server.RaftServerConfigKeys (ConfUtils.java:logGet(46)) - raft.server.retrycache.expirytime = 600000ms (custom)
2023-10-27 20:14:07,047 [fe9b02b7-73ff-430f-9d75-1483ab7beb41-groupManagement] INFO  server.RaftServerConfigKeys (ConfUtils.java:logGet(46)) - raft.server.retrycache.statistics.expirytime = 100μs (default)
2023-10-27 20:14:07,047 [fe9b02b7-73ff-430f-9d75-1483ab7beb41-groupManagement] INFO  server.RaftServerConfigKeys (ConfUtils.java:logGet(46)) - raft.server.read.option = DEFAULT (default)
2023-10-27 20:14:07,054 [fe9b02b7-73ff-430f-9d75-1483ab7beb41-groupManagement] INFO  server.RaftServerConfigKeys (ConfUtils.java:logGet(46)) - raft.server.rpc.request.timeout = 60s (custom)
2023-10-27 20:14:07,054 [fe9b02b7-73ff-430f-9d75-1483ab7beb41-groupManagement] INFO  server.RaftServerConfigKeys (ConfUtils.java:logGet(46)) - raft.server.log.appender.install.snapshot.enabled = false (custom)
2023-10-27 20:14:07,054 [fe9b02b7-73ff-430f-9d75-1483ab7beb41-groupManagement] INFO  server.RaftServerConfigKeys (ConfUtils.java:logGet(46)) - raft.server.threadpool.server.cached = true (default)
2023-10-27 20:14:07,054 [fe9b02b7-73ff-430f-9d75-1483ab7beb41-groupManagement] INFO  server.RaftServerConfigKeys (ConfUtils.java:logGet(46)) - raft.server.threadpool.server.size = 0 (default)
2023-10-27 20:14:07,054 [fe9b02b7-73ff-430f-9d75-1483ab7beb41-groupManagement] INFO  server.RaftServerConfigKeys (ConfUtils.java:logGet(46)) - raft.server.threadpool.client.cached = true (default)
2023-10-27 20:14:07,055 [fe9b02b7-73ff-430f-9d75-1483ab7beb41-groupManagement] INFO  server.RaftServerConfigKeys (ConfUtils.java:logGet(46)) - raft.server.threadpool.client.size = 0 (default)
2023-10-27 20:14:07,056 [fe9b02b7-73ff-430f-9d75-1483ab7beb41-groupManagement] INFO  storage.RaftStorageDirectory (RaftStorageDirectoryImpl.java:analyzeStorage(137)) - The storage directory /home/runner/work/ozone/ozone/hadoop-ozone/integration-test/target/test-dir/MiniOzoneClusterImpl-60426a9d-3de2-4373-b08b-24a22c9da129/datanode-6/data/ratis/510d7b00-c41e-4671-853b-51e20a2316d2 does not exist. Creating ...
2023-10-27 20:14:07,062 [fe9b02b7-73ff-430f-9d75-1483ab7beb41-groupManagement] INFO  storage.RaftStorageDirectory (RaftStorageDirectoryImpl.java:tryLock(231)) - Lock on /home/runner/work/ozone/ozone/hadoop-ozone/integration-test/target/test-dir/MiniOzoneClusterImpl-60426a9d-3de2-4373-b08b-24a22c9da129/datanode-6/data/ratis/510d7b00-c41e-4671-853b-51e20a2316d2/in_use.lock acquired by nodename 14569@fv-az342-943
2023-10-27 20:14:07,067 [fe9b02b7-73ff-430f-9d75-1483ab7beb41-groupManagement] INFO  storage.RaftStorage (RaftStorageImpl.java:format(96)) - Storage directory /home/runner/work/ozone/ozone/hadoop-ozone/integration-test/target/test-dir/MiniOzoneClusterImpl-60426a9d-3de2-4373-b08b-24a22c9da129/datanode-6/data/ratis/510d7b00-c41e-4671-853b-51e20a2316d2 has been successfully formatted.
2023-10-27 20:14:07,067 [fe9b02b7-73ff-430f-9d75-1483ab7beb41-groupManagement] INFO  ratis.ContainerStateMachine (ContainerStateMachine.java:loadSnapshot(269)) - group-51E20A2316D2: The snapshot info is null. Setting the last applied indexto:(t:0, i:~)
2023-10-27 20:14:07,067 [fe9b02b7-73ff-430f-9d75-1483ab7beb41-groupManagement] INFO  server.RaftServerConfigKeys (ConfUtils.java:logGet(46)) - raft.server.log.use.memory = false (default)
2023-10-27 20:14:07,067 [fe9b02b7-73ff-430f-9d75-1483ab7beb41-groupManagement] INFO  server.RaftServerConfigKeys (ConfUtils.java:logGet(46)) - raft.server.log.purge.gap = 1000000 (custom)
2023-10-27 20:14:07,067 [fe9b02b7-73ff-430f-9d75-1483ab7beb41-groupManagement] INFO  server.RaftServerConfigKeys (ConfUtils.java:logGet(46)) - raft.server.log.appender.buffer.byte-limit = 33554432 (custom)
2023-10-27 20:14:07,072 [fe9b02b7-73ff-430f-9d75-1483ab7beb41-groupManagement] INFO  server.RaftServerConfigKeys (ConfUtils.java:logGet(46)) - raft.server.log.statemachine.data.read.timeout = 1000ms (default)
2023-10-27 20:14:07,072 [fe9b02b7-73ff-430f-9d75-1483ab7beb41-groupManagement] INFO  server.RaftServerConfigKeys (ConfUtils.java:logGet(46)) - raft.server.log.purge.preservation.log.num = 0 (default)
2023-10-27 20:14:07,073 [fe9b02b7-73ff-430f-9d75-1483ab7beb41-groupManagement] INFO  server.RaftServerConfigKeys (ConfUtils.java:logGet(46)) - raft.server.log.segment.size.max = 1048576 (custom)
2023-10-27 20:14:07,072 [f612f2cf-90dc-41dc-bf39-cf028d38c484-groupManagement] INFO  server.RaftServerConfigKeys (ConfUtils.java:logGet(46)) - raft.server.rpc.request.timeout = 60s (custom)
2023-10-27 20:14:07,073 [f612f2cf-90dc-41dc-bf39-cf028d38c484-groupManagement] INFO  server.RaftServerConfigKeys (ConfUtils.java:logGet(46)) - raft.server.log.appender.install.snapshot.enabled = false (custom)
2023-10-27 20:14:07,073 [f612f2cf-90dc-41dc-bf39-cf028d38c484-groupManagement] INFO  server.RaftServerConfigKeys (ConfUtils.java:logGet(46)) - raft.server.threadpool.server.cached = true (default)
2023-10-27 20:14:07,073 [f612f2cf-90dc-41dc-bf39-cf028d38c484-groupManagement] INFO  server.RaftServerConfigKeys (ConfUtils.java:logGet(46)) - raft.server.threadpool.server.size = 0 (default)
2023-10-27 20:14:07,073 [f612f2cf-90dc-41dc-bf39-cf028d38c484-groupManagement] INFO  server.RaftServerConfigKeys (ConfUtils.java:logGet(46)) - raft.server.threadpool.client.cached = true (default)
2023-10-27 20:14:07,074 [f612f2cf-90dc-41dc-bf39-cf028d38c484-groupManagement] INFO  server.RaftServerConfigKeys (ConfUtils.java:logGet(46)) - raft.server.threadpool.client.size = 0 (default)
2023-10-27 20:14:07,074 [f612f2cf-90dc-41dc-bf39-cf028d38c484-groupManagement] INFO  storage.RaftStorageDirectory (RaftStorageDirectoryImpl.java:analyzeStorage(137)) - The storage directory /home/runner/work/ozone/ozone/hadoop-ozone/integration-test/target/test-dir/MiniOzoneClusterImpl-60426a9d-3de2-4373-b08b-24a22c9da129/datanode-7/data/ratis/510d7b00-c41e-4671-853b-51e20a2316d2 does not exist. Creating ...
2023-10-27 20:14:07,074 [fe9b02b7-73ff-430f-9d75-1483ab7beb41-groupManagement] INFO  server.RaftServerConfigKeys (ConfUtils.java:logGet(46)) - raft.server.log.segment.cache.num.max = 2 (custom)
2023-10-27 20:14:07,075 [fe9b02b7-73ff-430f-9d75-1483ab7beb41-groupManagement] INFO  server.RaftServerConfigKeys (ConfUtils.java:logGet(46)) - raft.server.log.segment.cache.size.max = 200MB (=209715200) (default)
2023-10-27 20:14:07,071 [EventQueue-OpenPipelineForHealthyPipelineSafeModeRule] INFO  safemode.SCMSafeModeManager (HealthyPipelineSafeModeRule.java:process(137)) - SCM in safe mode. Healthy pipelines reported count is 0, required healthy pipeline reported count is 1
2023-10-27 20:14:07,089 [fe9b02b7-73ff-430f-9d75-1483ab7beb41-groupManagement] INFO  server.RaftServerConfigKeys (ConfUtils.java:logGet(46)) - raft.server.log.appender.buffer.byte-limit = 33554432 (custom)
2023-10-27 20:14:07,092 [fe9b02b7-73ff-430f-9d75-1483ab7beb41-groupManagement] INFO  segmented.SegmentedRaftLogWorker (SegmentedRaftLogWorker.java:<init>(188)) - new fe9b02b7-73ff-430f-9d75-1483ab7beb41@group-51E20A2316D2-SegmentedRaftLogWorker for RaftStorageImpl:Storage Directory /home/runner/work/ozone/ozone/hadoop-ozone/integration-test/target/test-dir/MiniOzoneClusterImpl-60426a9d-3de2-4373-b08b-24a22c9da129/datanode-6/data/ratis/510d7b00-c41e-4671-853b-51e20a2316d2
2023-10-27 20:14:07,092 [fe9b02b7-73ff-430f-9d75-1483ab7beb41-groupManagement] INFO  server.RaftServerConfigKeys (ConfUtils.java:logGet(46)) - raft.server.log.queue.byte-limit = 4294967296 (custom)
2023-10-27 20:14:07,092 [fe9b02b7-73ff-430f-9d75-1483ab7beb41-groupManagement] INFO  server.RaftServerConfigKeys (ConfUtils.java:logGet(46)) - raft.server.log.queue.element-limit = 1024 (custom)
2023-10-27 20:14:07,092 [fe9b02b7-73ff-430f-9d75-1483ab7beb41-groupManagement] INFO  server.RaftServerConfigKeys (ConfUtils.java:logGet(46)) - raft.server.log.segment.size.max = 1048576 (custom)
2023-10-27 20:14:07,092 [fe9b02b7-73ff-430f-9d75-1483ab7beb41-groupManagement] INFO  server.RaftServerConfigKeys (ConfUtils.java:logGet(46)) - raft.server.log.preallocated.size = 16384 (custom)
2023-10-27 20:14:07,092 [fe9b02b7-73ff-430f-9d75-1483ab7beb41-groupManagement] INFO  server.RaftServerConfigKeys (ConfUtils.java:logGet(46)) - raft.server.log.force.sync.num = 128 (default)
2023-10-27 20:14:07,092 [fe9b02b7-73ff-430f-9d75-1483ab7beb41-groupManagement] INFO  server.RaftServerConfigKeys (ConfUtils.java:logGet(46)) - raft.server.log.statemachine.data.sync = true (default)
2023-10-27 20:14:07,092 [fe9b02b7-73ff-430f-9d75-1483ab7beb41-groupManagement] INFO  server.RaftServerConfigKeys (ConfUtils.java:logGet(46)) - raft.server.log.statemachine.data.sync.timeout = 10s (default)
2023-10-27 20:14:07,092 [fe9b02b7-73ff-430f-9d75-1483ab7beb41-groupManagement] INFO  server.RaftServerConfigKeys (ConfUtils.java:logGet(46)) - raft.server.log.statemachine.data.sync.timeout.retry = -1 (default)
2023-10-27 20:14:07,094 [fe9b02b7-73ff-430f-9d75-1483ab7beb41-groupManagement] INFO  server.RaftServerConfigKeys (ConfUtils.java:logGet(46)) - raft.server.log.write.buffer.size = 1048576 (custom)
2023-10-27 20:14:07,101 [f612f2cf-90dc-41dc-bf39-cf028d38c484-groupManagement] INFO  storage.RaftStorageDirectory (RaftStorageDirectoryImpl.java:tryLock(231)) - Lock on /home/runner/work/ozone/ozone/hadoop-ozone/integration-test/target/test-dir/MiniOzoneClusterImpl-60426a9d-3de2-4373-b08b-24a22c9da129/datanode-7/data/ratis/510d7b00-c41e-4671-853b-51e20a2316d2/in_use.lock acquired by nodename 14569@fv-az342-943
2023-10-27 20:14:07,103 [fe9b02b7-73ff-430f-9d75-1483ab7beb41-groupManagement] INFO  server.RaftServerConfigKeys (ConfUtils.java:logGet(46)) - raft.server.log.appender.buffer.byte-limit = 33554432 (custom)
2023-10-27 20:14:07,109 [f612f2cf-90dc-41dc-bf39-cf028d38c484-groupManagement] INFO  storage.RaftStorage (RaftStorageImpl.java:format(96)) - Storage directory /home/runner/work/ozone/ozone/hadoop-ozone/integration-test/target/test-dir/MiniOzoneClusterImpl-60426a9d-3de2-4373-b08b-24a22c9da129/datanode-7/data/ratis/510d7b00-c41e-4671-853b-51e20a2316d2 has been successfully formatted.
2023-10-27 20:14:07,110 [f612f2cf-90dc-41dc-bf39-cf028d38c484-groupManagement] INFO  ratis.ContainerStateMachine (ContainerStateMachine.java:loadSnapshot(269)) - group-51E20A2316D2: The snapshot info is null. Setting the last applied indexto:(t:0, i:~)
2023-10-27 20:14:07,110 [f612f2cf-90dc-41dc-bf39-cf028d38c484-groupManagement] INFO  server.RaftServerConfigKeys (ConfUtils.java:logGet(46)) - raft.server.log.use.memory = false (default)
2023-10-27 20:14:07,110 [f612f2cf-90dc-41dc-bf39-cf028d38c484-groupManagement] INFO  server.RaftServerConfigKeys (ConfUtils.java:logGet(46)) - raft.server.log.purge.gap = 1000000 (custom)
2023-10-27 20:14:07,110 [f612f2cf-90dc-41dc-bf39-cf028d38c484-groupManagement] INFO  server.RaftServerConfigKeys (ConfUtils.java:logGet(46)) - raft.server.log.appender.buffer.byte-limit = 33554432 (custom)
2023-10-27 20:14:07,110 [f612f2cf-90dc-41dc-bf39-cf028d38c484-groupManagement] INFO  server.RaftServerConfigKeys (ConfUtils.java:logGet(46)) - raft.server.log.statemachine.data.read.timeout = 1000ms (default)
2023-10-27 20:14:07,110 [f612f2cf-90dc-41dc-bf39-cf028d38c484-groupManagement] INFO  server.RaftServerConfigKeys (ConfUtils.java:logGet(46)) - raft.server.log.purge.preservation.log.num = 0 (default)
2023-10-27 20:14:07,111 [f612f2cf-90dc-41dc-bf39-cf028d38c484-groupManagement] INFO  server.RaftServerConfigKeys (ConfUtils.java:logGet(46)) - raft.server.log.segment.size.max = 1048576 (custom)
2023-10-27 20:14:07,112 [f612f2cf-90dc-41dc-bf39-cf028d38c484-groupManagement] INFO  server.RaftServerConfigKeys (ConfUtils.java:logGet(46)) - raft.server.log.segment.cache.num.max = 2 (custom)
2023-10-27 20:14:07,113 [EventQueue-OpenPipelineForHealthyPipelineSafeModeRule] INFO  safemode.SCMSafeModeManager (HealthyPipelineSafeModeRule.java:process(137)) - SCM in safe mode. Healthy pipelines reported count is 0, required healthy pipeline reported count is 1
2023-10-27 20:14:07,113 [f612f2cf-90dc-41dc-bf39-cf028d38c484-groupManagement] INFO  server.RaftServerConfigKeys (ConfUtils.java:logGet(46)) - raft.server.log.segment.cache.size.max = 200MB (=209715200) (default)
2023-10-27 20:14:07,114 [f612f2cf-90dc-41dc-bf39-cf028d38c484-groupManagement] INFO  server.RaftServerConfigKeys (ConfUtils.java:logGet(46)) - raft.server.log.appender.buffer.byte-limit = 33554432 (custom)
2023-10-27 20:14:07,114 [f612f2cf-90dc-41dc-bf39-cf028d38c484-groupManagement] INFO  segmented.SegmentedRaftLogWorker (SegmentedRaftLogWorker.java:<init>(188)) - new f612f2cf-90dc-41dc-bf39-cf028d38c484@group-51E20A2316D2-SegmentedRaftLogWorker for RaftStorageImpl:Storage Directory /home/runner/work/ozone/ozone/hadoop-ozone/integration-test/target/test-dir/MiniOzoneClusterImpl-60426a9d-3de2-4373-b08b-24a22c9da129/datanode-7/data/ratis/510d7b00-c41e-4671-853b-51e20a2316d2
2023-10-27 20:14:07,115 [f612f2cf-90dc-41dc-bf39-cf028d38c484-groupManagement] INFO  server.RaftServerConfigKeys (ConfUtils.java:logGet(46)) - raft.server.log.queue.byte-limit = 4294967296 (custom)
2023-10-27 20:14:07,115 [f612f2cf-90dc-41dc-bf39-cf028d38c484-groupManagement] INFO  server.RaftServerConfigKeys (ConfUtils.java:logGet(46)) - raft.server.log.queue.element-limit = 1024 (custom)
2023-10-27 20:14:07,116 [f612f2cf-90dc-41dc-bf39-cf028d38c484-groupManagement] INFO  server.RaftServerConfigKeys (ConfUtils.java:logGet(46)) - raft.server.log.segment.size.max = 1048576 (custom)
2023-10-27 20:14:07,116 [f612f2cf-90dc-41dc-bf39-cf028d38c484-groupManagement] INFO  server.RaftServerConfigKeys (ConfUtils.java:logGet(46)) - raft.server.log.preallocated.size = 16384 (custom)
2023-10-27 20:14:07,117 [f612f2cf-90dc-41dc-bf39-cf028d38c484-groupManagement] INFO  server.RaftServerConfigKeys (ConfUtils.java:logGet(46)) - raft.server.log.force.sync.num = 128 (default)
2023-10-27 20:14:07,117 [f612f2cf-90dc-41dc-bf39-cf028d38c484-groupManagement] INFO  server.RaftServerConfigKeys (ConfUtils.java:logGet(46)) - raft.server.log.statemachine.data.sync = true (default)
2023-10-27 20:14:07,118 [f612f2cf-90dc-41dc-bf39-cf028d38c484-groupManagement] INFO  server.RaftServerConfigKeys (ConfUtils.java:logGet(46)) - raft.server.log.statemachine.data.sync.timeout = 10s (default)
2023-10-27 20:14:07,118 [f612f2cf-90dc-41dc-bf39-cf028d38c484-groupManagement] INFO  server.RaftServerConfigKeys (ConfUtils.java:logGet(46)) - raft.server.log.statemachine.data.sync.timeout.retry = -1 (default)
2023-10-27 20:14:07,129 [fe9b02b7-73ff-430f-9d75-1483ab7beb41-groupManagement] INFO  server.RaftServerConfigKeys (ConfUtils.java:logGet(46)) - raft.server.log.unsafe-flush.enabled = false (default)
2023-10-27 20:14:07,129 [fe9b02b7-73ff-430f-9d75-1483ab7beb41-groupManagement] INFO  server.RaftServerConfigKeys (ConfUtils.java:logGet(46)) - raft.server.log.async-flush.enabled = false (default)
2023-10-27 20:14:07,129 [fe9b02b7-73ff-430f-9d75-1483ab7beb41-groupManagement] INFO  server.RaftServerConfigKeys (ConfUtils.java:logGet(46)) - raft.server.log.statemachine.data.caching.enabled = true (custom)
2023-10-27 20:14:07,130 [fe9b02b7-73ff-430f-9d75-1483ab7beb41-groupManagement] INFO  segmented.SegmentedRaftLogWorker (SegmentedRaftLogWorker.java:lambda$new$0(135)) - fe9b02b7-73ff-430f-9d75-1483ab7beb41@group-51E20A2316D2-SegmentedRaftLogWorker: flushIndex: setUnconditionally 0 -> -1
2023-10-27 20:14:07,130 [fe9b02b7-73ff-430f-9d75-1483ab7beb41-groupManagement] INFO  segmented.SegmentedRaftLogWorker (SegmentedRaftLogWorker.java:lambda$new$0(135)) - fe9b02b7-73ff-430f-9d75-1483ab7beb41@group-51E20A2316D2-SegmentedRaftLogWorker: safeCacheEvictIndex: setUnconditionally 0 -> -1
2023-10-27 20:14:07,134 [fe9b02b7-73ff-430f-9d75-1483ab7beb41-groupManagement] INFO  server.RaftServer$Division (RaftServerImpl.java:start(342)) - fe9b02b7-73ff-430f-9d75-1483ab7beb41@group-51E20A2316D2: start as a follower, conf=-1: peers:[f612f2cf-90dc-41dc-bf39-cf028d38c484|rpc:10.1.0.32:15077|admin:10.1.0.32:15076|client:10.1.0.32:15075|dataStream:10.1.0.32:15078|priority:0|startupRole:FOLLOWER, 55507c8a-594d-4e25-909f-8d2832294c55|rpc:10.1.0.32:15086|admin:10.1.0.32:15085|client:10.1.0.32:15084|dataStream:10.1.0.32:15087|priority:1|startupRole:FOLLOWER, fe9b02b7-73ff-430f-9d75-1483ab7beb41|rpc:10.1.0.32:15068|admin:10.1.0.32:15067|client:10.1.0.32:15066|dataStream:10.1.0.32:15069|priority:0|startupRole:FOLLOWER]|listeners:[], old=null
2023-10-27 20:14:07,134 [fe9b02b7-73ff-430f-9d75-1483ab7beb41-groupManagement] INFO  server.RaftServer$Division (RaftServerImpl.java:setRole(329)) - fe9b02b7-73ff-430f-9d75-1483ab7beb41@group-51E20A2316D2: changes role from      null to FOLLOWER at term 0 for startAsFollower
2023-10-27 20:14:07,135 [fe9b02b7-73ff-430f-9d75-1483ab7beb41-groupManagement] INFO  impl.RoleInfo (RoleInfo.java:updateAndGet(139)) - fe9b02b7-73ff-430f-9d75-1483ab7beb41: start fe9b02b7-73ff-430f-9d75-1483ab7beb41@group-51E20A2316D2-FollowerState
2023-10-27 20:14:07,135 [fe9b02b7-73ff-430f-9d75-1483ab7beb41-groupManagement] INFO  util.JmxRegister (JmxRegister.java:tryRegister(44)) - Successfully registered JMX Bean with object name Ratis:service=RaftServer,group=group-51E20A2316D2,id=fe9b02b7-73ff-430f-9d75-1483ab7beb41
2023-10-27 20:14:07,135 [fe9b02b7-73ff-430f-9d75-1483ab7beb41-groupManagement] INFO  server.RaftServerConfigKeys (ConfUtils.java:logGet(46)) - raft.server.snapshot.auto.trigger.enabled = true (custom)
2023-10-27 20:14:07,135 [fe9b02b7-73ff-430f-9d75-1483ab7beb41-groupManagement] INFO  server.RaftServerConfigKeys (ConfUtils.java:logGet(46)) - raft.server.snapshot.auto.trigger.threshold = 10000 (custom)
2023-10-27 20:14:07,135 [fe9b02b7-73ff-430f-9d75-1483ab7beb41-groupManagement] INFO  server.RaftServerConfigKeys (ConfUtils.java:logGet(46)) - raft.server.snapshot.retention.file.num = 5 (custom)
2023-10-27 20:14:07,135 [fe9b02b7-73ff-430f-9d75-1483ab7beb41-groupManagement] INFO  server.RaftServerConfigKeys (ConfUtils.java:logGet(46)) - raft.server.log.purge.upto.snapshot.index = false (default)
2023-10-27 20:14:07,136 [fe9b02b7-73ff-430f-9d75-1483ab7beb41@group-51E20A2316D2-FollowerState] INFO  server.RaftServerConfigKeys (ConfUtils.java:logFallback(53)) - raft.server.rpc.first-election.timeout.min = 5s (fallback to raft.server.rpc.timeout.min)
2023-10-27 20:14:07,136 [fe9b02b7-73ff-430f-9d75-1483ab7beb41@group-51E20A2316D2-FollowerState] INFO  server.RaftServerConfigKeys (ConfUtils.java:logFallback(53)) - raft.server.rpc.first-election.timeout.max = 5200ms (fallback to raft.server.rpc.timeout.max)
2023-10-27 20:14:07,142 [23554148-3e4d-431f-a73e-f2401dbff1d4-PipelineCommandHandlerThread-0] INFO  commandhandler.CreatePipelineCommandHandler (CreatePipelineCommandHandler.java:lambda$handle$2(124)) - Created Pipeline RATIS THREE PipelineID=de112322-9279-4ab5-b0a4-5c95edc39216.
2023-10-27 20:14:07,143 [f612f2cf-90dc-41dc-bf39-cf028d38c484-groupManagement] INFO  server.RaftServerConfigKeys (ConfUtils.java:logGet(46)) - raft.server.log.write.buffer.size = 1048576 (custom)
2023-10-27 20:14:07,149 [f612f2cf-90dc-41dc-bf39-cf028d38c484-groupManagement] INFO  server.RaftServerConfigKeys (ConfUtils.java:logGet(46)) - raft.server.log.appender.buffer.byte-limit = 33554432 (custom)
2023-10-27 20:14:07,155 [f612f2cf-90dc-41dc-bf39-cf028d38c484-groupManagement] INFO  server.RaftServerConfigKeys (ConfUtils.java:logGet(46)) - raft.server.log.unsafe-flush.enabled = false (default)
2023-10-27 20:14:07,156 [f612f2cf-90dc-41dc-bf39-cf028d38c484-groupManagement] INFO  server.RaftServerConfigKeys (ConfUtils.java:logGet(46)) - raft.server.log.async-flush.enabled = false (default)
2023-10-27 20:14:07,157 [f612f2cf-90dc-41dc-bf39-cf028d38c484-groupManagement] INFO  server.RaftServerConfigKeys (ConfUtils.java:logGet(46)) - raft.server.log.statemachine.data.caching.enabled = true (custom)
2023-10-27 20:14:07,158 [f612f2cf-90dc-41dc-bf39-cf028d38c484-groupManagement] INFO  segmented.SegmentedRaftLogWorker (SegmentedRaftLogWorker.java:lambda$new$0(135)) - f612f2cf-90dc-41dc-bf39-cf028d38c484@group-51E20A2316D2-SegmentedRaftLogWorker: flushIndex: setUnconditionally 0 -> -1
2023-10-27 20:14:07,158 [f612f2cf-90dc-41dc-bf39-cf028d38c484-groupManagement] INFO  segmented.SegmentedRaftLogWorker (SegmentedRaftLogWorker.java:lambda$new$0(135)) - f612f2cf-90dc-41dc-bf39-cf028d38c484@group-51E20A2316D2-SegmentedRaftLogWorker: safeCacheEvictIndex: setUnconditionally 0 -> -1
2023-10-27 20:14:07,159 [f612f2cf-90dc-41dc-bf39-cf028d38c484-groupManagement] INFO  server.RaftServer$Division (RaftServerImpl.java:start(342)) - f612f2cf-90dc-41dc-bf39-cf028d38c484@group-51E20A2316D2: start as a follower, conf=-1: peers:[f612f2cf-90dc-41dc-bf39-cf028d38c484|rpc:10.1.0.32:15077|admin:10.1.0.32:15076|client:10.1.0.32:15075|dataStream:10.1.0.32:15078|priority:0|startupRole:FOLLOWER, 55507c8a-594d-4e25-909f-8d2832294c55|rpc:10.1.0.32:15086|admin:10.1.0.32:15085|client:10.1.0.32:15084|dataStream:10.1.0.32:15087|priority:1|startupRole:FOLLOWER, fe9b02b7-73ff-430f-9d75-1483ab7beb41|rpc:10.1.0.32:15068|admin:10.1.0.32:15067|client:10.1.0.32:15066|dataStream:10.1.0.32:15069|priority:0|startupRole:FOLLOWER]|listeners:[], old=null
2023-10-27 20:14:07,159 [f612f2cf-90dc-41dc-bf39-cf028d38c484-groupManagement] INFO  server.RaftServer$Division (RaftServerImpl.java:setRole(329)) - f612f2cf-90dc-41dc-bf39-cf028d38c484@group-51E20A2316D2: changes role from      null to FOLLOWER at term 0 for startAsFollower
2023-10-27 20:14:07,159 [f612f2cf-90dc-41dc-bf39-cf028d38c484-groupManagement] INFO  impl.RoleInfo (RoleInfo.java:updateAndGet(139)) - f612f2cf-90dc-41dc-bf39-cf028d38c484: start f612f2cf-90dc-41dc-bf39-cf028d38c484@group-51E20A2316D2-FollowerState
2023-10-27 20:14:07,162 [f612f2cf-90dc-41dc-bf39-cf028d38c484-groupManagement] INFO  util.JmxRegister (JmxRegister.java:tryRegister(44)) - Successfully registered JMX Bean with object name Ratis:service=RaftServer,group=group-51E20A2316D2,id=f612f2cf-90dc-41dc-bf39-cf028d38c484
2023-10-27 20:14:07,163 [f612f2cf-90dc-41dc-bf39-cf028d38c484-groupManagement] INFO  server.RaftServerConfigKeys (ConfUtils.java:logGet(46)) - raft.server.snapshot.auto.trigger.enabled = true (custom)
2023-10-27 20:14:07,163 [f612f2cf-90dc-41dc-bf39-cf028d38c484-groupManagement] INFO  server.RaftServerConfigKeys (ConfUtils.java:logGet(46)) - raft.server.snapshot.auto.trigger.threshold = 10000 (custom)
2023-10-27 20:14:07,163 [f612f2cf-90dc-41dc-bf39-cf028d38c484-groupManagement] INFO  server.RaftServerConfigKeys (ConfUtils.java:logGet(46)) - raft.server.snapshot.retention.file.num = 5 (custom)
2023-10-27 20:14:07,163 [f612f2cf-90dc-41dc-bf39-cf028d38c484-groupManagement] INFO  server.RaftServerConfigKeys (ConfUtils.java:logGet(46)) - raft.server.log.purge.upto.snapshot.index = false (default)
2023-10-27 20:14:07,164 [f612f2cf-90dc-41dc-bf39-cf028d38c484@group-51E20A2316D2-FollowerState] INFO  server.RaftServerConfigKeys (ConfUtils.java:logFallback(53)) - raft.server.rpc.first-election.timeout.min = 5s (fallback to raft.server.rpc.timeout.min)
2023-10-27 20:14:07,165 [f612f2cf-90dc-41dc-bf39-cf028d38c484@group-51E20A2316D2-FollowerState] INFO  server.RaftServerConfigKeys (ConfUtils.java:logFallback(53)) - raft.server.rpc.first-election.timeout.max = 5200ms (fallback to raft.server.rpc.timeout.max)
2023-10-27 20:14:07,166 [f612f2cf-90dc-41dc-bf39-cf028d38c484-PipelineCommandHandlerThread-0] INFO  ratis.XceiverServerRatis (XceiverServerRatis.java:addGroup(805)) - Created group PipelineID=510d7b00-c41e-4671-853b-51e20a2316d2
2023-10-27 20:14:07,204 [0ef615e1-91db-4ede-b924-53e2d320f02d-PipelineCommandHandlerThread-0] INFO  commandhandler.CreatePipelineCommandHandler (CreatePipelineCommandHandler.java:lambda$handle$2(124)) - Created Pipeline RATIS THREE PipelineID=d274e337-1c6c-42b4-b755-7e36dd6e81ec.
2023-10-27 20:14:07,205 [66ee3698-ded8-430f-8ecd-27f356af6e45-PipelineCommandHandlerThread-0] INFO  commandhandler.CreatePipelineCommandHandler (CreatePipelineCommandHandler.java:lambda$handle$2(124)) - Created Pipeline RATIS THREE PipelineID=d274e337-1c6c-42b4-b755-7e36dd6e81ec.
2023-10-27 20:14:07,215 [3fb99649-c87f-4cc9-b3d9-f5c572ff189c-PipelineCommandHandlerThread-0] INFO  commandhandler.CreatePipelineCommandHandler (CreatePipelineCommandHandler.java:lambda$handle$2(124)) - Created Pipeline RATIS THREE PipelineID=de112322-9279-4ab5-b0a4-5c95edc39216.
2023-10-27 20:14:07,217 [94422c73-384a-4d9a-a15d-46d9f5b840aa-PipelineCommandHandlerThread-0] INFO  commandhandler.CreatePipelineCommandHandler (CreatePipelineCommandHandler.java:lambda$handle$2(124)) - Created Pipeline RATIS THREE PipelineID=d274e337-1c6c-42b4-b755-7e36dd6e81ec.
2023-10-27 20:14:07,236 [55507c8a-594d-4e25-909f-8d2832294c55-PipelineCommandHandlerThread-0] INFO  commandhandler.CreatePipelineCommandHandler (CreatePipelineCommandHandler.java:lambda$handle$2(124)) - Created Pipeline RATIS THREE PipelineID=510d7b00-c41e-4671-853b-51e20a2316d2.
2023-10-27 20:14:07,289 [main] INFO  ozone.MiniOzoneClusterImpl (MiniOzoneClusterImpl.java:lambda$waitForClusterToBeReady$0(229)) - Nodes are ready. Got 10 of 10 DN Heartbeats.
2023-10-27 20:14:07,289 [main] INFO  ozone.MiniOzoneClusterImpl (MiniOzoneClusterImpl.java:lambda$waitForClusterToBeReady$0(232)) - Waiting for cluster to exit safe mode
2023-10-27 20:14:07,289 [main] INFO  ozone.MiniOzoneClusterImpl (MiniOzoneClusterImpl.java:lambda$waitForClusterToBeReady$0(234)) - SCM became leader
2023-10-27 20:14:07,305 [f612f2cf-90dc-41dc-bf39-cf028d38c484-PipelineCommandHandlerThread-0] INFO  commandhandler.CreatePipelineCommandHandler (CreatePipelineCommandHandler.java:lambda$handle$2(124)) - Created Pipeline RATIS THREE PipelineID=510d7b00-c41e-4671-853b-51e20a2316d2.
2023-10-27 20:14:08,213 [ReplicationMonitor] INFO  replication.ReplicationManager (ReplicationManager.java:processAll(366)) - Replication Manager is not ready to run until 3000ms after safemode exit
2023-10-27 20:14:08,289 [main] INFO  ozone.MiniOzoneClusterImpl (MiniOzoneClusterImpl.java:lambda$waitForClusterToBeReady$0(229)) - Nodes are ready. Got 10 of 10 DN Heartbeats.
2023-10-27 20:14:08,290 [main] INFO  ozone.MiniOzoneClusterImpl (MiniOzoneClusterImpl.java:lambda$waitForClusterToBeReady$0(232)) - Waiting for cluster to exit safe mode
2023-10-27 20:14:08,290 [main] INFO  ozone.MiniOzoneClusterImpl (MiniOzoneClusterImpl.java:lambda$waitForClusterToBeReady$0(234)) - SCM became leader
2023-10-27 20:14:08,493 [94422c73-384a-4d9a-a15d-46d9f5b840aa@group-9F3BC7221B77-FollowerState] INFO  impl.FollowerState (FollowerState.java:run(143)) - 94422c73-384a-4d9a-a15d-46d9f5b840aa@group-9F3BC7221B77-FollowerState: change to CANDIDATE, lastRpcElapsedTime:5050895016ns, electionTimeout:5044ms
2023-10-27 20:14:08,494 [94422c73-384a-4d9a-a15d-46d9f5b840aa@group-9F3BC7221B77-FollowerState] INFO  impl.RoleInfo (RoleInfo.java:shutdownFollowerState(110)) - 94422c73-384a-4d9a-a15d-46d9f5b840aa: shutdown 94422c73-384a-4d9a-a15d-46d9f5b840aa@group-9F3BC7221B77-FollowerState
2023-10-27 20:14:08,494 [94422c73-384a-4d9a-a15d-46d9f5b840aa@group-9F3BC7221B77-FollowerState] INFO  server.RaftServer$Division (RaftServerImpl.java:setRole(329)) - 94422c73-384a-4d9a-a15d-46d9f5b840aa@group-9F3BC7221B77: changes role from  FOLLOWER to CANDIDATE at term 0 for changeToCandidate
2023-10-27 20:14:08,494 [94422c73-384a-4d9a-a15d-46d9f5b840aa@group-9F3BC7221B77-FollowerState] INFO  server.RaftServerConfigKeys (ConfUtils.java:logGet(46)) - raft.server.leaderelection.pre-vote = true (default)
2023-10-27 20:14:08,494 [94422c73-384a-4d9a-a15d-46d9f5b840aa@group-9F3BC7221B77-FollowerState] INFO  impl.RoleInfo (RoleInfo.java:updateAndGet(139)) - 94422c73-384a-4d9a-a15d-46d9f5b840aa: start 94422c73-384a-4d9a-a15d-46d9f5b840aa@group-9F3BC7221B77-LeaderElection2
2023-10-27 20:14:08,506 [94422c73-384a-4d9a-a15d-46d9f5b840aa@group-9F3BC7221B77-LeaderElection2] INFO  impl.LeaderElection (LeaderElection.java:askForVotes(321)) - 94422c73-384a-4d9a-a15d-46d9f5b840aa@group-9F3BC7221B77-LeaderElection2 PRE_VOTE round 0: submit vote requests at term 0 for -1: peers:[94422c73-384a-4d9a-a15d-46d9f5b840aa|rpc:10.1.0.32:15014|admin:10.1.0.32:15013|client:10.1.0.32:15012|dataStream:10.1.0.32:15015|priority:1|startupRole:FOLLOWER]|listeners:[], old=null
2023-10-27 20:14:09,107 [94422c73-384a-4d9a-a15d-46d9f5b840aa@group-9F3BC7221B77-LeaderElection2] INFO  impl.LeaderElection (LeaderElection.java:askForVotes(323)) - 94422c73-384a-4d9a-a15d-46d9f5b840aa@group-9F3BC7221B77-LeaderElection2 PRE_VOTE round 0: result PASSED (term=0)
2023-10-27 20:14:09,111 [94422c73-384a-4d9a-a15d-46d9f5b840aa@group-9F3BC7221B77-LeaderElection2] INFO  impl.LeaderElection (LeaderElection.java:askForVotes(321)) - 94422c73-384a-4d9a-a15d-46d9f5b840aa@group-9F3BC7221B77-LeaderElection2 ELECTION round 0: submit vote requests at term 1 for -1: peers:[94422c73-384a-4d9a-a15d-46d9f5b840aa|rpc:10.1.0.32:15014|admin:10.1.0.32:15013|client:10.1.0.32:15012|dataStream:10.1.0.32:15015|priority:1|startupRole:FOLLOWER]|listeners:[], old=null
2023-10-27 20:14:09,111 [94422c73-384a-4d9a-a15d-46d9f5b840aa@group-9F3BC7221B77-LeaderElection2] INFO  impl.LeaderElection (LeaderElection.java:askForVotes(323)) - 94422c73-384a-4d9a-a15d-46d9f5b840aa@group-9F3BC7221B77-LeaderElection2 ELECTION round 0: result PASSED (term=1)
2023-10-27 20:14:09,111 [94422c73-384a-4d9a-a15d-46d9f5b840aa@group-9F3BC7221B77-LeaderElection2] INFO  impl.RoleInfo (RoleInfo.java:shutdownLeaderElection(130)) - 94422c73-384a-4d9a-a15d-46d9f5b840aa: shutdown 94422c73-384a-4d9a-a15d-46d9f5b840aa@group-9F3BC7221B77-LeaderElection2
2023-10-27 20:14:09,111 [94422c73-384a-4d9a-a15d-46d9f5b840aa@group-9F3BC7221B77-LeaderElection2] INFO  server.RaftServer$Division (RaftServerImpl.java:setRole(329)) - 94422c73-384a-4d9a-a15d-46d9f5b840aa@group-9F3BC7221B77: changes role from CANDIDATE to LEADER at term 1 for changeToLeader
2023-10-27 20:14:09,111 [JvmPauseMonitor3] WARN  util.JvmPauseMonitor (JvmPauseMonitor.java:detectPause(124)) - JvmPauseMonitor-0ef615e1-91db-4ede-b924-53e2d320f02d: Detected pause in JVM or host machine approximately 0.308s with 0.600s GC time.
GC pool 'PS MarkSweep' had collection(s): count=1 time=426ms
GC pool 'PS Scavenge' had collection(s): count=1 time=174ms
2023-10-27 20:14:09,111 [94422c73-384a-4d9a-a15d-46d9f5b840aa@group-9F3BC7221B77-LeaderElection2] INFO  ratis.XceiverServerRatis (XceiverServerRatis.java:handleLeaderChangedNotification(903)) - Leader change notification received for group: group-9F3BC7221B77 with new leaderId: 94422c73-384a-4d9a-a15d-46d9f5b840aa
2023-10-27 20:14:09,111 [94422c73-384a-4d9a-a15d-46d9f5b840aa@group-9F3BC7221B77-LeaderElection2] INFO  server.RaftServer$Division (ServerState.java:setLeader(317)) - 94422c73-384a-4d9a-a15d-46d9f5b840aa@group-9F3BC7221B77: change Leader from null to 94422c73-384a-4d9a-a15d-46d9f5b840aa at term 1 for becomeLeader, leader elected after 5733ms
2023-10-27 20:14:09,112 [94422c73-384a-4d9a-a15d-46d9f5b840aa@group-9F3BC7221B77-LeaderElection2] INFO  server.RaftServerConfigKeys (ConfUtils.java:logGet(46)) - raft.server.staging.catchup.gap = 1000 (default)
2023-10-27 20:14:09,112 [94422c73-384a-4d9a-a15d-46d9f5b840aa@group-9F3BC7221B77-LeaderElection2] INFO  server.RaftServerConfigKeys (ConfUtils.java:logGet(46)) - raft.server.write.element-limit = 1024 (custom)
2023-10-27 20:14:09,112 [94422c73-384a-4d9a-a15d-46d9f5b840aa@group-9F3BC7221B77-LeaderElection2] INFO  server.RaftServerConfigKeys (ConfUtils.java:logGet(46)) - raft.server.write.byte-limit = 1024 M (=1073741824) (custom)
2023-10-27 20:14:09,113 [94422c73-384a-4d9a-a15d-46d9f5b840aa@group-9F3BC7221B77-LeaderElection2] INFO  server.RaftServerConfigKeys (ConfUtils.java:logGet(46)) - raft.server.watch.timeout = 180s (custom)
2023-10-27 20:14:09,113 [94422c73-384a-4d9a-a15d-46d9f5b840aa@group-9F3BC7221B77-LeaderElection2] INFO  server.RaftServerConfigKeys (ConfUtils.java:logGet(46)) - raft.server.watch.timeout.denomination = 1s (default)
2023-10-27 20:14:09,113 [94422c73-384a-4d9a-a15d-46d9f5b840aa@group-9F3BC7221B77-LeaderElection2] INFO  server.RaftServerConfigKeys (ConfUtils.java:logGet(46)) - raft.server.watch.element-limit = 65536 (default)
2023-10-27 20:14:09,113 [94422c73-384a-4d9a-a15d-46d9f5b840aa@group-9F3BC7221B77-LeaderElection2] INFO  server.RaftServerConfigKeys (ConfUtils.java:logGet(46)) - raft.server.write.element-limit = 1024 (custom)
2023-10-27 20:14:09,113 [94422c73-384a-4d9a-a15d-46d9f5b840aa@group-9F3BC7221B77-LeaderElection2] INFO  server.RaftServerConfigKeys (ConfUtils.java:logGet(46)) - raft.server.write.follower.gap.ratio.max = -1.0 (default)
2023-10-27 20:14:09,113 [94422c73-384a-4d9a-a15d-46d9f5b840aa@group-9F3BC7221B77-LeaderElection2] INFO  impl.RoleInfo (RoleInfo.java:updateAndGet(139)) - 94422c73-384a-4d9a-a15d-46d9f5b840aa: start 94422c73-384a-4d9a-a15d-46d9f5b840aa@group-9F3BC7221B77-LeaderStateImpl
2023-10-27 20:14:09,114 [94422c73-384a-4d9a-a15d-46d9f5b840aa@group-9F3BC7221B77-LeaderElection2] INFO  segmented.SegmentedRaftLogWorker (SegmentedRaftLogWorker.java:startLogSegment(447)) - 94422c73-384a-4d9a-a15d-46d9f5b840aa@group-9F3BC7221B77-SegmentedRaftLogWorker: Starting segment from index:0
2023-10-27 20:14:09,114 [JvmPauseMonitor10] WARN  util.JvmPauseMonitor (JvmPauseMonitor.java:detectPause(124)) - JvmPauseMonitor-55507c8a-594d-4e25-909f-8d2832294c55: Detected pause in JVM or host machine approximately 0.313s with 0.600s GC time.
GC pool 'PS MarkSweep' had collection(s): count=1 time=426ms
GC pool 'PS Scavenge' had collection(s): count=1 time=174ms
2023-10-27 20:14:09,117 [94422c73-384a-4d9a-a15d-46d9f5b840aa@group-9F3BC7221B77-SegmentedRaftLogWorker] INFO  segmented.SegmentedRaftLogWorker (SegmentedRaftLogWorker.java:execute(651)) - 94422c73-384a-4d9a-a15d-46d9f5b840aa@group-9F3BC7221B77-SegmentedRaftLogWorker: created new log segment /home/runner/work/ozone/ozone/hadoop-ozone/integration-test/target/test-dir/MiniOzoneClusterImpl-60426a9d-3de2-4373-b08b-24a22c9da129/datanode-0/data/ratis/3fea4cb1-1775-4d44-a0aa-9f3bc7221b77/current/log_inprogress_0
2023-10-27 20:14:09,117 [JvmPauseMonitor9] WARN  util.JvmPauseMonitor (JvmPauseMonitor.java:detectPause(124)) - JvmPauseMonitor-f612f2cf-90dc-41dc-bf39-cf028d38c484: Detected pause in JVM or host machine approximately 0.317s with 0.600s GC time.
GC pool 'PS MarkSweep' had collection(s): count=1 time=426ms
GC pool 'PS Scavenge' had collection(s): count=1 time=174ms
2023-10-27 20:14:09,118 [JvmPauseMonitor1] WARN  util.JvmPauseMonitor (JvmPauseMonitor.java:detectPause(124)) - JvmPauseMonitor-om1: Detected pause in JVM or host machine approximately 0.315s with 0.600s GC time.
GC pool 'PS MarkSweep' had collection(s): count=1 time=426ms
GC pool 'PS Scavenge' had collection(s): count=1 time=174ms
2023-10-27 20:14:09,118 [JvmPauseMonitor11] WARN  util.JvmPauseMonitor (JvmPauseMonitor.java:detectPause(124)) - JvmPauseMonitor-5b9beb6f-d596-489f-8a17-e362b772df82: Detected pause in JVM or host machine approximately 0.306s with 0.600s GC time.
GC pool 'PS MarkSweep' had collection(s): count=1 time=426ms
GC pool 'PS Scavenge' had collection(s): count=1 time=174ms
2023-10-27 20:14:09,117 [JvmPauseMonitor7] WARN  util.JvmPauseMonitor (JvmPauseMonitor.java:detectPause(124)) - JvmPauseMonitor-23554148-3e4d-431f-a73e-f2401dbff1d4: Detected pause in JVM or host machine approximately 0.316s with 0.600s GC time.
GC pool 'PS MarkSweep' had collection(s): count=1 time=426ms
GC pool 'PS Scavenge' had collection(s): count=1 time=174ms
2023-10-27 20:14:09,119 [JvmPauseMonitor6] WARN  util.JvmPauseMonitor (JvmPauseMonitor.java:detectPause(124)) - JvmPauseMonitor-1407d0d1-39ba-4bc0-b697-1e16e43cd838: Detected pause in JVM or host machine approximately 0.305s with 0.600s GC time.
GC pool 'PS MarkSweep' had collection(s): count=1 time=426ms
GC pool 'PS Scavenge' had collection(s): count=1 time=174ms
2023-10-27 20:14:09,119 [JvmPauseMonitor2] WARN  util.JvmPauseMonitor (JvmPauseMonitor.java:detectPause(124)) - JvmPauseMonitor-94422c73-384a-4d9a-a15d-46d9f5b840aa: Detected pause in JVM or host machine approximately 0.319s with 0.600s GC time.
GC pool 'PS MarkSweep' had collection(s): count=1 time=426ms
GC pool 'PS Scavenge' had collection(s): count=1 time=174ms
2023-10-27 20:14:09,119 [JvmPauseMonitor5] WARN  util.JvmPauseMonitor (JvmPauseMonitor.java:detectPause(124)) - JvmPauseMonitor-3fb99649-c87f-4cc9-b3d9-f5c572ff189c: Detected pause in JVM or host machine approximately 0.319s with 0.600s GC time.
GC pool 'PS MarkSweep' had collection(s): count=1 time=426ms
GC pool 'PS Scavenge' had collection(s): count=1 time=174ms
2023-10-27 20:14:09,119 [JvmPauseMonitor8] WARN  util.JvmPauseMonitor (JvmPauseMonitor.java:detectPause(124)) - JvmPauseMonitor-fe9b02b7-73ff-430f-9d75-1483ab7beb41: Detected pause in JVM or host machine approximately 0.326s with 0.600s GC time.
GC pool 'PS MarkSweep' had collection(s): count=1 time=426ms
GC pool 'PS Scavenge' had collection(s): count=1 time=174ms
2023-10-27 20:14:09,121 [JvmPauseMonitor0] WARN  util.JvmPauseMonitor (JvmPauseMonitor.java:detectPause(124)) - JvmPauseMonitor-642fd0d6-19ee-4f3d-b7a6-1e3f6d4c761a: Detected pause in JVM or host machine approximately 0.328s with 0.600s GC time.
GC pool 'PS MarkSweep' had collection(s): count=1 time=426ms
GC pool 'PS Scavenge' had collection(s): count=1 time=174ms
2023-10-27 20:14:09,121 [JvmPauseMonitor4] WARN  util.JvmPauseMonitor (JvmPauseMonitor.java:detectPause(124)) - JvmPauseMonitor-66ee3698-ded8-430f-8ecd-27f356af6e45: Detected pause in JVM or host machine approximately 0.328s with 0.600s GC time.
GC pool 'PS MarkSweep' had collection(s): count=1 time=426ms
GC pool 'PS Scavenge' had collection(s): count=1 time=174ms
2023-10-27 20:14:09,110 [0ef615e1-91db-4ede-b924-53e2d320f02d@group-DB510C58C202-FollowerState] INFO  impl.FollowerState (FollowerState.java:run(143)) - 0ef615e1-91db-4ede-b924-53e2d320f02d@group-DB510C58C202-FollowerState: change to CANDIDATE, lastRpcElapsedTime:5297537030ns, electionTimeout:5082ms
2023-10-27 20:14:09,138 [0ef615e1-91db-4ede-b924-53e2d320f02d@group-DB510C58C202-FollowerState] INFO  impl.RoleInfo (RoleInfo.java:shutdownFollowerState(110)) - 0ef615e1-91db-4ede-b924-53e2d320f02d: shutdown 0ef615e1-91db-4ede-b924-53e2d320f02d@group-DB510C58C202-FollowerState
2023-10-27 20:14:09,138 [0ef615e1-91db-4ede-b924-53e2d320f02d@group-DB510C58C202-FollowerState] INFO  server.RaftServer$Division (RaftServerImpl.java:setRole(329)) - 0ef615e1-91db-4ede-b924-53e2d320f02d@group-DB510C58C202: changes role from  FOLLOWER to CANDIDATE at term 0 for changeToCandidate
2023-10-27 20:14:09,138 [0ef615e1-91db-4ede-b924-53e2d320f02d@group-DB510C58C202-FollowerState] INFO  server.RaftServerConfigKeys (ConfUtils.java:logGet(46)) - raft.server.leaderelection.pre-vote = true (default)
2023-10-27 20:14:09,138 [0ef615e1-91db-4ede-b924-53e2d320f02d@group-DB510C58C202-FollowerState] INFO  impl.RoleInfo (RoleInfo.java:updateAndGet(139)) - 0ef615e1-91db-4ede-b924-53e2d320f02d: start 0ef615e1-91db-4ede-b924-53e2d320f02d@group-DB510C58C202-LeaderElection3
2023-10-27 20:14:09,116 [0ef615e1-91db-4ede-b924-53e2d320f02d@group-1D3807242C29-FollowerState] INFO  impl.FollowerState (FollowerState.java:run(143)) - 0ef615e1-91db-4ede-b924-53e2d320f02d@group-1D3807242C29-FollowerState: change to CANDIDATE, lastRpcElapsedTime:5207981979ns, electionTimeout:5184ms
2023-10-27 20:14:09,138 [0ef615e1-91db-4ede-b924-53e2d320f02d@group-1D3807242C29-FollowerState] INFO  impl.RoleInfo (RoleInfo.java:shutdownFollowerState(110)) - 0ef615e1-91db-4ede-b924-53e2d320f02d: shutdown 0ef615e1-91db-4ede-b924-53e2d320f02d@group-1D3807242C29-FollowerState
2023-10-27 20:14:09,139 [0ef615e1-91db-4ede-b924-53e2d320f02d@group-1D3807242C29-FollowerState] INFO  server.RaftServer$Division (RaftServerImpl.java:setRole(329)) - 0ef615e1-91db-4ede-b924-53e2d320f02d@group-1D3807242C29: changes role from  FOLLOWER to CANDIDATE at term 0 for changeToCandidate
2023-10-27 20:14:09,139 [94422c73-384a-4d9a-a15d-46d9f5b840aa@group-9F3BC7221B77-LeaderElection2] INFO  server.RaftServer$Division (ServerState.java:setRaftConf(434)) - 94422c73-384a-4d9a-a15d-46d9f5b840aa@group-9F3BC7221B77: set configuration 0: peers:[94422c73-384a-4d9a-a15d-46d9f5b840aa|rpc:10.1.0.32:15014|admin:10.1.0.32:15013|client:10.1.0.32:15012|dataStream:10.1.0.32:15015|priority:1|startupRole:FOLLOWER]|listeners:[], old=null
2023-10-27 20:14:09,122 [94422c73-384a-4d9a-a15d-46d9f5b840aa@group-1D3807242C29-FollowerState] WARN  impl.FollowerState (FollowerState.java:run(130)) - Unexpected long sleep: sleep 5179ms but took extra 392908043ns (> threshold = 300ms)
2023-10-27 20:14:09,140 [94422c73-384a-4d9a-a15d-46d9f5b840aa@group-1D3807242C29-FollowerState] INFO  server.RaftServerConfigKeys (ConfUtils.java:logFallback(53)) - raft.server.rpc.first-election.timeout.min = 5s (fallback to raft.server.rpc.timeout.min)
2023-10-27 20:14:09,140 [94422c73-384a-4d9a-a15d-46d9f5b840aa@group-1D3807242C29-FollowerState] INFO  server.RaftServerConfigKeys (ConfUtils.java:logFallback(53)) - raft.server.rpc.first-election.timeout.max = 5200ms (fallback to raft.server.rpc.timeout.max)
2023-10-27 20:14:09,149 [0ef615e1-91db-4ede-b924-53e2d320f02d@group-1D3807242C29-FollowerState] INFO  server.RaftServerConfigKeys (ConfUtils.java:logGet(46)) - raft.server.leaderelection.pre-vote = true (default)
2023-10-27 20:14:09,149 [0ef615e1-91db-4ede-b924-53e2d320f02d@group-1D3807242C29-FollowerState] INFO  impl.RoleInfo (RoleInfo.java:updateAndGet(139)) - 0ef615e1-91db-4ede-b924-53e2d320f02d: start 0ef615e1-91db-4ede-b924-53e2d320f02d@group-1D3807242C29-LeaderElection4
2023-10-27 20:14:09,155 [EventQueue-OpenPipelineForHealthyPipelineSafeModeRule] INFO  safemode.SCMSafeModeManager (HealthyPipelineSafeModeRule.java:process(137)) - SCM in safe mode. Healthy pipelines reported count is 0, required healthy pipeline reported count is 1
2023-10-27 20:14:09,158 [0ef615e1-91db-4ede-b924-53e2d320f02d@group-DB510C58C202-LeaderElection3] INFO  impl.LeaderElection (LeaderElection.java:askForVotes(321)) - 0ef615e1-91db-4ede-b924-53e2d320f02d@group-DB510C58C202-LeaderElection3 PRE_VOTE round 0: submit vote requests at term 0 for -1: peers:[0ef615e1-91db-4ede-b924-53e2d320f02d|rpc:10.1.0.32:15023|admin:10.1.0.32:15022|client:10.1.0.32:15021|dataStream:10.1.0.32:15024|priority:1|startupRole:FOLLOWER]|listeners:[], old=null
2023-10-27 20:14:09,165 [0ef615e1-91db-4ede-b924-53e2d320f02d@group-DB510C58C202-LeaderElection3] INFO  impl.LeaderElection (LeaderElection.java:askForVotes(323)) - 0ef615e1-91db-4ede-b924-53e2d320f02d@group-DB510C58C202-LeaderElection3 PRE_VOTE round 0: result PASSED (term=0)
2023-10-27 20:14:09,168 [0ef615e1-91db-4ede-b924-53e2d320f02d@group-DB510C58C202-LeaderElection3] INFO  impl.LeaderElection (LeaderElection.java:askForVotes(321)) - 0ef615e1-91db-4ede-b924-53e2d320f02d@group-DB510C58C202-LeaderElection3 ELECTION round 0: submit vote requests at term 1 for -1: peers:[0ef615e1-91db-4ede-b924-53e2d320f02d|rpc:10.1.0.32:15023|admin:10.1.0.32:15022|client:10.1.0.32:15021|dataStream:10.1.0.32:15024|priority:1|startupRole:FOLLOWER]|listeners:[], old=null
2023-10-27 20:14:09,168 [0ef615e1-91db-4ede-b924-53e2d320f02d@group-DB510C58C202-LeaderElection3] INFO  impl.LeaderElection (LeaderElection.java:askForVotes(323)) - 0ef615e1-91db-4ede-b924-53e2d320f02d@group-DB510C58C202-LeaderElection3 ELECTION round 0: result PASSED (term=1)
2023-10-27 20:14:09,168 [0ef615e1-91db-4ede-b924-53e2d320f02d@group-DB510C58C202-LeaderElection3] INFO  impl.RoleInfo (RoleInfo.java:shutdownLeaderElection(130)) - 0ef615e1-91db-4ede-b924-53e2d320f02d: shutdown 0ef615e1-91db-4ede-b924-53e2d320f02d@group-DB510C58C202-LeaderElection3
2023-10-27 20:14:09,168 [0ef615e1-91db-4ede-b924-53e2d320f02d@group-DB510C58C202-LeaderElection3] INFO  server.RaftServer$Division (RaftServerImpl.java:setRole(329)) - 0ef615e1-91db-4ede-b924-53e2d320f02d@group-DB510C58C202: changes role from CANDIDATE to LEADER at term 1 for changeToLeader
2023-10-27 20:14:09,169 [0ef615e1-91db-4ede-b924-53e2d320f02d@group-DB510C58C202-LeaderElection3] INFO  ratis.XceiverServerRatis (XceiverServerRatis.java:handleLeaderChangedNotification(903)) - Leader change notification received for group: group-DB510C58C202 with new leaderId: 0ef615e1-91db-4ede-b924-53e2d320f02d
2023-10-27 20:14:09,169 [0ef615e1-91db-4ede-b924-53e2d320f02d@group-DB510C58C202-LeaderElection3] INFO  server.RaftServer$Division (ServerState.java:setLeader(317)) - 0ef615e1-91db-4ede-b924-53e2d320f02d@group-DB510C58C202: change Leader from null to 0ef615e1-91db-4ede-b924-53e2d320f02d at term 1 for becomeLeader, leader elected after 5404ms
2023-10-27 20:14:09,169 [0ef615e1-91db-4ede-b924-53e2d320f02d@group-DB510C58C202-LeaderElection3] INFO  server.RaftServerConfigKeys (ConfUtils.java:logGet(46)) - raft.server.staging.catchup.gap = 1000 (default)
2023-10-27 20:14:09,169 [0ef615e1-91db-4ede-b924-53e2d320f02d@group-DB510C58C202-LeaderElection3] INFO  server.RaftServerConfigKeys (ConfUtils.java:logGet(46)) - raft.server.write.element-limit = 1024 (custom)
2023-10-27 20:14:09,169 [0ef615e1-91db-4ede-b924-53e2d320f02d@group-DB510C58C202-LeaderElection3] INFO  server.RaftServerConfigKeys (ConfUtils.java:logGet(46)) - raft.server.write.byte-limit = 1024 M (=1073741824) (custom)
2023-10-27 20:14:09,170 [0ef615e1-91db-4ede-b924-53e2d320f02d@group-DB510C58C202-LeaderElection3] INFO  server.RaftServerConfigKeys (ConfUtils.java:logGet(46)) - raft.server.watch.timeout = 180s (custom)
2023-10-27 20:14:09,170 [0ef615e1-91db-4ede-b924-53e2d320f02d@group-DB510C58C202-LeaderElection3] INFO  server.RaftServerConfigKeys (ConfUtils.java:logGet(46)) - raft.server.watch.timeout.denomination = 1s (default)
2023-10-27 20:14:09,170 [0ef615e1-91db-4ede-b924-53e2d320f02d@group-DB510C58C202-LeaderElection3] INFO  server.RaftServerConfigKeys (ConfUtils.java:logGet(46)) - raft.server.watch.element-limit = 65536 (default)
2023-10-27 20:14:09,170 [0ef615e1-91db-4ede-b924-53e2d320f02d@group-DB510C58C202-LeaderElection3] INFO  server.RaftServerConfigKeys (ConfUtils.java:logGet(46)) - raft.server.write.element-limit = 1024 (custom)
2023-10-27 20:14:09,170 [0ef615e1-91db-4ede-b924-53e2d320f02d@group-DB510C58C202-LeaderElection3] INFO  server.RaftServerConfigKeys (ConfUtils.java:logGet(46)) - raft.server.write.follower.gap.ratio.max = -1.0 (default)
2023-10-27 20:14:09,173 [0ef615e1-91db-4ede-b924-53e2d320f02d@group-DB510C58C202-LeaderElection3] INFO  impl.RoleInfo (RoleInfo.java:updateAndGet(139)) - 0ef615e1-91db-4ede-b924-53e2d320f02d: start 0ef615e1-91db-4ede-b924-53e2d320f02d@group-DB510C58C202-LeaderStateImpl
2023-10-27 20:14:09,174 [0ef615e1-91db-4ede-b924-53e2d320f02d@group-DB510C58C202-LeaderElection3] INFO  segmented.SegmentedRaftLogWorker (SegmentedRaftLogWorker.java:startLogSegment(447)) - 0ef615e1-91db-4ede-b924-53e2d320f02d@group-DB510C58C202-SegmentedRaftLogWorker: Starting segment from index:0
2023-10-27 20:14:09,175 [EventQueue-OpenPipelineForHealthyPipelineSafeModeRule] INFO  safemode.SCMSafeModeManager (HealthyPipelineSafeModeRule.java:process(137)) - SCM in safe mode. Healthy pipelines reported count is 0, required healthy pipeline reported count is 1
2023-10-27 20:14:09,178 [0ef615e1-91db-4ede-b924-53e2d320f02d@group-DB510C58C202-SegmentedRaftLogWorker] INFO  segmented.SegmentedRaftLogWorker (SegmentedRaftLogWorker.java:execute(651)) - 0ef615e1-91db-4ede-b924-53e2d320f02d@group-DB510C58C202-SegmentedRaftLogWorker: created new log segment /home/runner/work/ozone/ozone/hadoop-ozone/integration-test/target/test-dir/MiniOzoneClusterImpl-60426a9d-3de2-4373-b08b-24a22c9da129/datanode-1/data/ratis/df5efd5f-9425-49d8-b564-db510c58c202/current/log_inprogress_0
2023-10-27 20:14:09,185 [0ef615e1-91db-4ede-b924-53e2d320f02d@group-1D3807242C29-LeaderElection4] INFO  impl.LeaderElection (LeaderElection.java:askForVotes(321)) - 0ef615e1-91db-4ede-b924-53e2d320f02d@group-1D3807242C29-LeaderElection4 PRE_VOTE round 0: submit vote requests at term 0 for -1: peers:[94422c73-384a-4d9a-a15d-46d9f5b840aa|rpc:10.1.0.32:15014|admin:10.1.0.32:15013|client:10.1.0.32:15012|dataStream:10.1.0.32:15015|priority:0|startupRole:FOLLOWER, 66ee3698-ded8-430f-8ecd-27f356af6e45|rpc:10.1.0.32:15032|admin:10.1.0.32:15031|client:10.1.0.32:15030|dataStream:10.1.0.32:15033|priority:1|startupRole:FOLLOWER, 0ef615e1-91db-4ede-b924-53e2d320f02d|rpc:10.1.0.32:15023|admin:10.1.0.32:15022|client:10.1.0.32:15021|dataStream:10.1.0.32:15024|priority:0|startupRole:FOLLOWER]|listeners:[], old=null
2023-10-27 20:14:09,185 [0ef615e1-91db-4ede-b924-53e2d320f02d@group-DB510C58C202-LeaderElection3] INFO  server.RaftServer$Division (ServerState.java:setRaftConf(434)) - 0ef615e1-91db-4ede-b924-53e2d320f02d@group-DB510C58C202: set configuration 0: peers:[0ef615e1-91db-4ede-b924-53e2d320f02d|rpc:10.1.0.32:15023|admin:10.1.0.32:15022|client:10.1.0.32:15021|dataStream:10.1.0.32:15024|priority:1|startupRole:FOLLOWER]|listeners:[], old=null
2023-10-27 20:14:09,205 [0ef615e1-91db-4ede-b924-53e2d320f02d@group-1D3807242C29-LeaderElection4-1] INFO  server.GrpcServerProtocolClient (GrpcServerProtocolClient.java:<init>(65)) - Build channel for 94422c73-384a-4d9a-a15d-46d9f5b840aa
2023-10-27 20:14:09,210 [0ef615e1-91db-4ede-b924-53e2d320f02d@group-1D3807242C29-LeaderElection4] INFO  server.RaftServerConfigKeys (ConfUtils.java:logFallback(53)) - raft.server.rpc.first-election.timeout.min = 5s (fallback to raft.server.rpc.timeout.min)
2023-10-27 20:14:09,210 [0ef615e1-91db-4ede-b924-53e2d320f02d@group-1D3807242C29-LeaderElection4] INFO  server.RaftServerConfigKeys (ConfUtils.java:logFallback(53)) - raft.server.rpc.first-election.timeout.max = 5200ms (fallback to raft.server.rpc.timeout.max)
2023-10-27 20:14:09,210 [0ef615e1-91db-4ede-b924-53e2d320f02d@group-1D3807242C29-LeaderElection4-2] INFO  server.GrpcServerProtocolClient (GrpcServerProtocolClient.java:<init>(65)) - Build channel for 66ee3698-ded8-430f-8ecd-27f356af6e45
2023-10-27 20:14:09,234 [grpc-default-executor-3] INFO  server.RaftServer$Division (RaftServerImpl.java:requestVote(1302)) - 94422c73-384a-4d9a-a15d-46d9f5b840aa@group-1D3807242C29: receive requestVote(PRE_VOTE, 0ef615e1-91db-4ede-b924-53e2d320f02d, group-1D3807242C29, 0, (t:0, i:0))
2023-10-27 20:14:09,237 [grpc-default-executor-3] INFO  impl.VoteContext (VoteContext.java:log(49)) - 94422c73-384a-4d9a-a15d-46d9f5b840aa@group-1D3807242C29-FOLLOWER: accept PRE_VOTE from 0ef615e1-91db-4ede-b924-53e2d320f02d: our priority 0 <= candidate's priority 0
2023-10-27 20:14:09,247 [grpc-default-executor-3] INFO  server.RaftServer$Division (RaftServerImpl.java:requestVote(1335)) - 94422c73-384a-4d9a-a15d-46d9f5b840aa@group-1D3807242C29 replies to PRE_VOTE vote request: 0ef615e1-91db-4ede-b924-53e2d320f02d<-94422c73-384a-4d9a-a15d-46d9f5b840aa#0:OK-t0. Peer's state: 94422c73-384a-4d9a-a15d-46d9f5b840aa@group-1D3807242C29:t0, leader=null, voted=, raftlog=Memoized:94422c73-384a-4d9a-a15d-46d9f5b840aa@group-1D3807242C29-SegmentedRaftLog:OPENED:c-1, conf=-1: peers:[94422c73-384a-4d9a-a15d-46d9f5b840aa|rpc:10.1.0.32:15014|admin:10.1.0.32:15013|client:10.1.0.32:15012|dataStream:10.1.0.32:15015|priority:0|startupRole:FOLLOWER, 66ee3698-ded8-430f-8ecd-27f356af6e45|rpc:10.1.0.32:15032|admin:10.1.0.32:15031|client:10.1.0.32:15030|dataStream:10.1.0.32:15033|priority:1|startupRole:FOLLOWER, 0ef615e1-91db-4ede-b924-53e2d320f02d|rpc:10.1.0.32:15023|admin:10.1.0.32:15022|client:10.1.0.32:15021|dataStream:10.1.0.32:15024|priority:0|startupRole:FOLLOWER]|listeners:[], old=null
2023-10-27 20:14:09,267 [grpc-default-executor-5] INFO  server.RaftServer$Division (RaftServerImpl.java:requestVote(1302)) - 66ee3698-ded8-430f-8ecd-27f356af6e45@group-1D3807242C29: receive requestVote(PRE_VOTE, 0ef615e1-91db-4ede-b924-53e2d320f02d, group-1D3807242C29, 0, (t:0, i:0))
2023-10-27 20:14:09,267 [grpc-default-executor-5] INFO  impl.VoteContext (VoteContext.java:log(49)) - 66ee3698-ded8-430f-8ecd-27f356af6e45@group-1D3807242C29-FOLLOWER: reject PRE_VOTE from 0ef615e1-91db-4ede-b924-53e2d320f02d: our priority 1 > candidate's priority 0
2023-10-27 20:14:09,269 [grpc-default-executor-5] INFO  server.RaftServer$Division (RaftServerImpl.java:requestVote(1335)) - 66ee3698-ded8-430f-8ecd-27f356af6e45@group-1D3807242C29 replies to PRE_VOTE vote request: 0ef615e1-91db-4ede-b924-53e2d320f02d<-66ee3698-ded8-430f-8ecd-27f356af6e45#0:FAIL-t0. Peer's state: 66ee3698-ded8-430f-8ecd-27f356af6e45@group-1D3807242C29:t0, leader=null, voted=, raftlog=Memoized:66ee3698-ded8-430f-8ecd-27f356af6e45@group-1D3807242C29-SegmentedRaftLog:OPENED:c-1, conf=-1: peers:[94422c73-384a-4d9a-a15d-46d9f5b840aa|rpc:10.1.0.32:15014|admin:10.1.0.32:15013|client:10.1.0.32:15012|dataStream:10.1.0.32:15015|priority:0|startupRole:FOLLOWER, 66ee3698-ded8-430f-8ecd-27f356af6e45|rpc:10.1.0.32:15032|admin:10.1.0.32:15031|client:10.1.0.32:15030|dataStream:10.1.0.32:15033|priority:1|startupRole:FOLLOWER, 0ef615e1-91db-4ede-b924-53e2d320f02d|rpc:10.1.0.32:15023|admin:10.1.0.32:15022|client:10.1.0.32:15021|dataStream:10.1.0.32:15024|priority:0|startupRole:FOLLOWER]|listeners:[], old=null
2023-10-27 20:14:09,272 [0ef615e1-91db-4ede-b924-53e2d320f02d@group-1D3807242C29-LeaderElection4] INFO  impl.LeaderElection (LeaderElection.java:logAndReturn(90)) - 0ef615e1-91db-4ede-b924-53e2d320f02d@group-1D3807242C29-LeaderElection4: PRE_VOTE REJECTED received 2 response(s) and 0 exception(s):
2023-10-27 20:14:09,272 [0ef615e1-91db-4ede-b924-53e2d320f02d@group-1D3807242C29-LeaderElection4] INFO  impl.LeaderElection (LeaderElection.java:logAndReturn(94)) -   Response 0: 0ef615e1-91db-4ede-b924-53e2d320f02d<-94422c73-384a-4d9a-a15d-46d9f5b840aa#0:OK-t0
2023-10-27 20:14:09,272 [0ef615e1-91db-4ede-b924-53e2d320f02d@group-1D3807242C29-LeaderElection4] INFO  impl.LeaderElection (LeaderElection.java:logAndReturn(94)) -   Response 1: 0ef615e1-91db-4ede-b924-53e2d320f02d<-66ee3698-ded8-430f-8ecd-27f356af6e45#0:FAIL-t0
2023-10-27 20:14:09,272 [0ef615e1-91db-4ede-b924-53e2d320f02d@group-1D3807242C29-LeaderElection4] INFO  impl.LeaderElection (LeaderElection.java:askForVotes(323)) - 0ef615e1-91db-4ede-b924-53e2d320f02d@group-1D3807242C29-LeaderElection4 PRE_VOTE round 0: result REJECTED
2023-10-27 20:14:09,277 [0ef615e1-91db-4ede-b924-53e2d320f02d@group-1D3807242C29-LeaderElection4] INFO  server.RaftServer$Division (RaftServerImpl.java:setRole(329)) - 0ef615e1-91db-4ede-b924-53e2d320f02d@group-1D3807242C29: changes role from CANDIDATE to FOLLOWER at term 0 for REJECTED
2023-10-27 20:14:09,277 [0ef615e1-91db-4ede-b924-53e2d320f02d@group-1D3807242C29-LeaderElection4] INFO  impl.RoleInfo (RoleInfo.java:shutdownLeaderElection(130)) - 0ef615e1-91db-4ede-b924-53e2d320f02d: shutdown 0ef615e1-91db-4ede-b924-53e2d320f02d@group-1D3807242C29-LeaderElection4
2023-10-27 20:14:09,277 [0ef615e1-91db-4ede-b924-53e2d320f02d@group-1D3807242C29-LeaderElection4] INFO  impl.RoleInfo (RoleInfo.java:updateAndGet(139)) - 0ef615e1-91db-4ede-b924-53e2d320f02d: start 0ef615e1-91db-4ede-b924-53e2d320f02d@group-1D3807242C29-FollowerState
2023-10-27 20:14:09,290 [main] INFO  ozone.MiniOzoneClusterImpl (MiniOzoneClusterImpl.java:lambda$waitForClusterToBeReady$0(229)) - Nodes are ready. Got 10 of 10 DN Heartbeats.
2023-10-27 20:14:09,291 [main] INFO  ozone.MiniOzoneClusterImpl (MiniOzoneClusterImpl.java:lambda$waitForClusterToBeReady$0(232)) - Waiting for cluster to exit safe mode
2023-10-27 20:14:09,291 [main] INFO  ozone.MiniOzoneClusterImpl (MiniOzoneClusterImpl.java:lambda$waitForClusterToBeReady$0(234)) - SCM became leader
2023-10-27 20:14:09,305 [66ee3698-ded8-430f-8ecd-27f356af6e45@group-BA38D2037C1A-FollowerState] INFO  impl.FollowerState (FollowerState.java:run(143)) - 66ee3698-ded8-430f-8ecd-27f356af6e45@group-BA38D2037C1A-FollowerState: change to CANDIDATE, lastRpcElapsedTime:5157324245ns, electionTimeout:5129ms
2023-10-27 20:14:09,305 [66ee3698-ded8-430f-8ecd-27f356af6e45@group-BA38D2037C1A-FollowerState] INFO  impl.RoleInfo (RoleInfo.java:shutdownFollowerState(110)) - 66ee3698-ded8-430f-8ecd-27f356af6e45: shutdown 66ee3698-ded8-430f-8ecd-27f356af6e45@group-BA38D2037C1A-FollowerState
2023-10-27 20:14:09,305 [66ee3698-ded8-430f-8ecd-27f356af6e45@group-BA38D2037C1A-FollowerState] INFO  server.RaftServer$Division (RaftServerImpl.java:setRole(329)) - 66ee3698-ded8-430f-8ecd-27f356af6e45@group-BA38D2037C1A: changes role from  FOLLOWER to CANDIDATE at term 0 for changeToCandidate
2023-10-27 20:14:09,305 [66ee3698-ded8-430f-8ecd-27f356af6e45@group-BA38D2037C1A-FollowerState] INFO  server.RaftServerConfigKeys (ConfUtils.java:logGet(46)) - raft.server.leaderelection.pre-vote = true (default)
2023-10-27 20:14:09,306 [66ee3698-ded8-430f-8ecd-27f356af6e45@group-BA38D2037C1A-FollowerState] INFO  impl.RoleInfo (RoleInfo.java:updateAndGet(139)) - 66ee3698-ded8-430f-8ecd-27f356af6e45: start 66ee3698-ded8-430f-8ecd-27f356af6e45@group-BA38D2037C1A-LeaderElection5
2023-10-27 20:14:09,310 [66ee3698-ded8-430f-8ecd-27f356af6e45@group-BA38D2037C1A-LeaderElection5] INFO  impl.LeaderElection (LeaderElection.java:askForVotes(321)) - 66ee3698-ded8-430f-8ecd-27f356af6e45@group-BA38D2037C1A-LeaderElection5 PRE_VOTE round 0: submit vote requests at term 0 for -1: peers:[66ee3698-ded8-430f-8ecd-27f356af6e45|rpc:10.1.0.32:15032|admin:10.1.0.32:15031|client:10.1.0.32:15030|dataStream:10.1.0.32:15033|priority:1|startupRole:FOLLOWER]|listeners:[], old=null
2023-10-27 20:14:09,310 [66ee3698-ded8-430f-8ecd-27f356af6e45@group-BA38D2037C1A-LeaderElection5] INFO  impl.LeaderElection (LeaderElection.java:askForVotes(323)) - 66ee3698-ded8-430f-8ecd-27f356af6e45@group-BA38D2037C1A-LeaderElection5 PRE_VOTE round 0: result PASSED (term=0)
2023-10-27 20:14:09,313 [66ee3698-ded8-430f-8ecd-27f356af6e45@group-BA38D2037C1A-LeaderElection5] INFO  impl.LeaderElection (LeaderElection.java:askForVotes(321)) - 66ee3698-ded8-430f-8ecd-27f356af6e45@group-BA38D2037C1A-LeaderElection5 ELECTION round 0: submit vote requests at term 1 for -1: peers:[66ee3698-ded8-430f-8ecd-27f356af6e45|rpc:10.1.0.32:15032|admin:10.1.0.32:15031|client:10.1.0.32:15030|dataStream:10.1.0.32:15033|priority:1|startupRole:FOLLOWER]|listeners:[], old=null
2023-10-27 20:14:09,314 [66ee3698-ded8-430f-8ecd-27f356af6e45@group-BA38D2037C1A-LeaderElection5] INFO  impl.LeaderElection (LeaderElection.java:askForVotes(323)) - 66ee3698-ded8-430f-8ecd-27f356af6e45@group-BA38D2037C1A-LeaderElection5 ELECTION round 0: result PASSED (term=1)
2023-10-27 20:14:09,315 [66ee3698-ded8-430f-8ecd-27f356af6e45@group-BA38D2037C1A-LeaderElection5] INFO  impl.RoleInfo (RoleInfo.java:shutdownLeaderElection(130)) - 66ee3698-ded8-430f-8ecd-27f356af6e45: shutdown 66ee3698-ded8-430f-8ecd-27f356af6e45@group-BA38D2037C1A-LeaderElection5
2023-10-27 20:14:09,315 [66ee3698-ded8-430f-8ecd-27f356af6e45@group-BA38D2037C1A-LeaderElection5] INFO  server.RaftServer$Division (RaftServerImpl.java:setRole(329)) - 66ee3698-ded8-430f-8ecd-27f356af6e45@group-BA38D2037C1A: changes role from CANDIDATE to LEADER at term 1 for changeToLeader
2023-10-27 20:14:09,316 [66ee3698-ded8-430f-8ecd-27f356af6e45@group-BA38D2037C1A-LeaderElection5] INFO  ratis.XceiverServerRatis (XceiverServerRatis.java:handleLeaderChangedNotification(903)) - Leader change notification received for group: group-BA38D2037C1A with new leaderId: 66ee3698-ded8-430f-8ecd-27f356af6e45
2023-10-27 20:14:09,316 [66ee3698-ded8-430f-8ecd-27f356af6e45@group-BA38D2037C1A-LeaderElection5] INFO  server.RaftServer$Division (ServerState.java:setLeader(317)) - 66ee3698-ded8-430f-8ecd-27f356af6e45@group-BA38D2037C1A: change Leader from null to 66ee3698-ded8-430f-8ecd-27f356af6e45 at term 1 for becomeLeader, leader elected after 5266ms
2023-10-27 20:14:09,317 [66ee3698-ded8-430f-8ecd-27f356af6e45@group-BA38D2037C1A-LeaderElection5] INFO  server.RaftServerConfigKeys (ConfUtils.java:logGet(46)) - raft.server.staging.catchup.gap = 1000 (default)
2023-10-27 20:14:09,319 [66ee3698-ded8-430f-8ecd-27f356af6e45@group-BA38D2037C1A-LeaderElection5] INFO  server.RaftServerConfigKeys (ConfUtils.java:logGet(46)) - raft.server.write.element-limit = 1024 (custom)
2023-10-27 20:14:09,320 [EventQueue-OpenPipelineForHealthyPipelineSafeModeRule] INFO  safemode.SCMSafeModeManager (HealthyPipelineSafeModeRule.java:process(137)) - SCM in safe mode. Healthy pipelines reported count is 0, required healthy pipeline reported count is 1
2023-10-27 20:14:09,320 [66ee3698-ded8-430f-8ecd-27f356af6e45@group-BA38D2037C1A-LeaderElection5] INFO  server.RaftServerConfigKeys (ConfUtils.java:logGet(46)) - raft.server.write.byte-limit = 1024 M (=1073741824) (custom)
2023-10-27 20:14:09,321 [66ee3698-ded8-430f-8ecd-27f356af6e45@group-BA38D2037C1A-LeaderElection5] INFO  server.RaftServerConfigKeys (ConfUtils.java:logGet(46)) - raft.server.watch.timeout = 180s (custom)
2023-10-27 20:14:09,322 [66ee3698-ded8-430f-8ecd-27f356af6e45@group-BA38D2037C1A-LeaderElection5] INFO  server.RaftServerConfigKeys (ConfUtils.java:logGet(46)) - raft.server.watch.timeout.denomination = 1s (default)
2023-10-27 20:14:09,323 [66ee3698-ded8-430f-8ecd-27f356af6e45@group-BA38D2037C1A-LeaderElection5] INFO  server.RaftServerConfigKeys (ConfUtils.java:logGet(46)) - raft.server.watch.element-limit = 65536 (default)
2023-10-27 20:14:09,324 [66ee3698-ded8-430f-8ecd-27f356af6e45@group-BA38D2037C1A-LeaderElection5] INFO  server.RaftServerConfigKeys (ConfUtils.java:logGet(46)) - raft.server.write.element-limit = 1024 (custom)
2023-10-27 20:14:09,324 [66ee3698-ded8-430f-8ecd-27f356af6e45@group-BA38D2037C1A-LeaderElection5] INFO  server.RaftServerConfigKeys (ConfUtils.java:logGet(46)) - raft.server.write.follower.gap.ratio.max = -1.0 (default)
2023-10-27 20:14:09,325 [66ee3698-ded8-430f-8ecd-27f356af6e45@group-BA38D2037C1A-LeaderElection5] INFO  impl.RoleInfo (RoleInfo.java:updateAndGet(139)) - 66ee3698-ded8-430f-8ecd-27f356af6e45: start 66ee3698-ded8-430f-8ecd-27f356af6e45@group-BA38D2037C1A-LeaderStateImpl
2023-10-27 20:14:09,328 [66ee3698-ded8-430f-8ecd-27f356af6e45@group-BA38D2037C1A-LeaderElection5] INFO  segmented.SegmentedRaftLogWorker (SegmentedRaftLogWorker.java:startLogSegment(447)) - 66ee3698-ded8-430f-8ecd-27f356af6e45@group-BA38D2037C1A-SegmentedRaftLogWorker: Starting segment from index:0
2023-10-27 20:14:09,332 [66ee3698-ded8-430f-8ecd-27f356af6e45@group-BA38D2037C1A-LeaderElection5] INFO  server.RaftServer$Division (ServerState.java:setRaftConf(434)) - 66ee3698-ded8-430f-8ecd-27f356af6e45@group-BA38D2037C1A: set configuration 0: peers:[66ee3698-ded8-430f-8ecd-27f356af6e45|rpc:10.1.0.32:15032|admin:10.1.0.32:15031|client:10.1.0.32:15030|dataStream:10.1.0.32:15033|priority:1|startupRole:FOLLOWER]|listeners:[], old=null
2023-10-27 20:14:09,334 [66ee3698-ded8-430f-8ecd-27f356af6e45@group-BA38D2037C1A-SegmentedRaftLogWorker] INFO  segmented.SegmentedRaftLogWorker (SegmentedRaftLogWorker.java:execute(651)) - 66ee3698-ded8-430f-8ecd-27f356af6e45@group-BA38D2037C1A-SegmentedRaftLogWorker: created new log segment /home/runner/work/ozone/ozone/hadoop-ozone/integration-test/target/test-dir/MiniOzoneClusterImpl-60426a9d-3de2-4373-b08b-24a22c9da129/datanode-2/data/ratis/cd002a8f-810b-425b-a739-ba38d2037c1a/current/log_inprogress_0
2023-10-27 20:14:09,424 [66ee3698-ded8-430f-8ecd-27f356af6e45@group-1D3807242C29-FollowerState] INFO  impl.FollowerState (FollowerState.java:run(143)) - 66ee3698-ded8-430f-8ecd-27f356af6e45@group-1D3807242C29-FollowerState: change to CANDIDATE, lastRpcElapsedTime:5120727710ns, electionTimeout:5098ms
2023-10-27 20:14:09,424 [66ee3698-ded8-430f-8ecd-27f356af6e45@group-1D3807242C29-FollowerState] INFO  impl.RoleInfo (RoleInfo.java:shutdownFollowerState(110)) - 66ee3698-ded8-430f-8ecd-27f356af6e45: shutdown 66ee3698-ded8-430f-8ecd-27f356af6e45@group-1D3807242C29-FollowerState
2023-10-27 20:14:09,424 [66ee3698-ded8-430f-8ecd-27f356af6e45@group-1D3807242C29-FollowerState] INFO  server.RaftServer$Division (RaftServerImpl.java:setRole(329)) - 66ee3698-ded8-430f-8ecd-27f356af6e45@group-1D3807242C29: changes role from  FOLLOWER to CANDIDATE at term 0 for changeToCandidate
2023-10-27 20:14:09,424 [66ee3698-ded8-430f-8ecd-27f356af6e45@group-1D3807242C29-FollowerState] INFO  server.RaftServerConfigKeys (ConfUtils.java:logGet(46)) - raft.server.leaderelection.pre-vote = true (default)
2023-10-27 20:14:09,424 [66ee3698-ded8-430f-8ecd-27f356af6e45@group-1D3807242C29-FollowerState] INFO  impl.RoleInfo (RoleInfo.java:updateAndGet(139)) - 66ee3698-ded8-430f-8ecd-27f356af6e45: start 66ee3698-ded8-430f-8ecd-27f356af6e45@group-1D3807242C29-LeaderElection6
2023-10-27 20:14:09,428 [66ee3698-ded8-430f-8ecd-27f356af6e45@group-1D3807242C29-LeaderElection6] INFO  impl.LeaderElection (LeaderElection.java:askForVotes(321)) - 66ee3698-ded8-430f-8ecd-27f356af6e45@group-1D3807242C29-LeaderElection6 PRE_VOTE round 0: submit vote requests at term 0 for -1: peers:[94422c73-384a-4d9a-a15d-46d9f5b840aa|rpc:10.1.0.32:15014|admin:10.1.0.32:15013|client:10.1.0.32:15012|dataStream:10.1.0.32:15015|priority:0|startupRole:FOLLOWER, 66ee3698-ded8-430f-8ecd-27f356af6e45|rpc:10.1.0.32:15032|admin:10.1.0.32:15031|client:10.1.0.32:15030|dataStream:10.1.0.32:15033|priority:1|startupRole:FOLLOWER, 0ef615e1-91db-4ede-b924-53e2d320f02d|rpc:10.1.0.32:15023|admin:10.1.0.32:15022|client:10.1.0.32:15021|dataStream:10.1.0.32:15024|priority:0|startupRole:FOLLOWER]|listeners:[], old=null
2023-10-27 20:14:09,434 [66ee3698-ded8-430f-8ecd-27f356af6e45@group-1D3807242C29-LeaderElection6-1] INFO  server.GrpcServerProtocolClient (GrpcServerProtocolClient.java:<init>(65)) - Build channel for 94422c73-384a-4d9a-a15d-46d9f5b840aa
2023-10-27 20:14:09,452 [66ee3698-ded8-430f-8ecd-27f356af6e45@group-1D3807242C29-LeaderElection6] INFO  server.RaftServerConfigKeys (ConfUtils.java:logFallback(53)) - raft.server.rpc.first-election.timeout.min = 5s (fallback to raft.server.rpc.timeout.min)
2023-10-27 20:14:09,452 [66ee3698-ded8-430f-8ecd-27f356af6e45@group-1D3807242C29-LeaderElection6] INFO  server.RaftServerConfigKeys (ConfUtils.java:logFallback(53)) - raft.server.rpc.first-election.timeout.max = 5200ms (fallback to raft.server.rpc.timeout.max)
2023-10-27 20:14:09,453 [66ee3698-ded8-430f-8ecd-27f356af6e45@group-1D3807242C29-LeaderElection6-2] INFO  server.GrpcServerProtocolClient (GrpcServerProtocolClient.java:<init>(65)) - Build channel for 0ef615e1-91db-4ede-b924-53e2d320f02d
2023-10-27 20:14:09,491 [grpc-default-executor-5] INFO  server.RaftServer$Division (RaftServerImpl.java:requestVote(1302)) - 94422c73-384a-4d9a-a15d-46d9f5b840aa@group-1D3807242C29: receive requestVote(PRE_VOTE, 66ee3698-ded8-430f-8ecd-27f356af6e45, group-1D3807242C29, 0, (t:0, i:0))
2023-10-27 20:14:09,503 [grpc-default-executor-5] INFO  impl.VoteContext (VoteContext.java:log(49)) - 94422c73-384a-4d9a-a15d-46d9f5b840aa@group-1D3807242C29-FOLLOWER: accept PRE_VOTE from 66ee3698-ded8-430f-8ecd-27f356af6e45: our priority 0 <= candidate's priority 1
2023-10-27 20:14:09,504 [grpc-default-executor-5] INFO  server.RaftServer$Division (RaftServerImpl.java:requestVote(1335)) - 94422c73-384a-4d9a-a15d-46d9f5b840aa@group-1D3807242C29 replies to PRE_VOTE vote request: 66ee3698-ded8-430f-8ecd-27f356af6e45<-94422c73-384a-4d9a-a15d-46d9f5b840aa#0:OK-t0. Peer's state: 94422c73-384a-4d9a-a15d-46d9f5b840aa@group-1D3807242C29:t0, leader=null, voted=, raftlog=Memoized:94422c73-384a-4d9a-a15d-46d9f5b840aa@group-1D3807242C29-SegmentedRaftLog:OPENED:c-1, conf=-1: peers:[94422c73-384a-4d9a-a15d-46d9f5b840aa|rpc:10.1.0.32:15014|admin:10.1.0.32:15013|client:10.1.0.32:15012|dataStream:10.1.0.32:15015|priority:0|startupRole:FOLLOWER, 66ee3698-ded8-430f-8ecd-27f356af6e45|rpc:10.1.0.32:15032|admin:10.1.0.32:15031|client:10.1.0.32:15030|dataStream:10.1.0.32:15033|priority:1|startupRole:FOLLOWER, 0ef615e1-91db-4ede-b924-53e2d320f02d|rpc:10.1.0.32:15023|admin:10.1.0.32:15022|client:10.1.0.32:15021|dataStream:10.1.0.32:15024|priority:0|startupRole:FOLLOWER]|listeners:[], old=null
2023-10-27 20:14:09,511 [grpc-default-executor-5] INFO  server.RaftServer$Division (RaftServerImpl.java:requestVote(1302)) - 0ef615e1-91db-4ede-b924-53e2d320f02d@group-1D3807242C29: receive requestVote(PRE_VOTE, 66ee3698-ded8-430f-8ecd-27f356af6e45, group-1D3807242C29, 0, (t:0, i:0))
2023-10-27 20:14:09,511 [grpc-default-executor-5] INFO  impl.VoteContext (VoteContext.java:log(49)) - 0ef615e1-91db-4ede-b924-53e2d320f02d@group-1D3807242C29-FOLLOWER: accept PRE_VOTE from 66ee3698-ded8-430f-8ecd-27f356af6e45: our priority 0 <= candidate's priority 1
2023-10-27 20:14:09,512 [grpc-default-executor-5] INFO  server.RaftServer$Division (RaftServerImpl.java:requestVote(1335)) - 0ef615e1-91db-4ede-b924-53e2d320f02d@group-1D3807242C29 replies to PRE_VOTE vote request: 66ee3698-ded8-430f-8ecd-27f356af6e45<-0ef615e1-91db-4ede-b924-53e2d320f02d#0:OK-t0. Peer's state: 0ef615e1-91db-4ede-b924-53e2d320f02d@group-1D3807242C29:t0, leader=null, voted=, raftlog=Memoized:0ef615e1-91db-4ede-b924-53e2d320f02d@group-1D3807242C29-SegmentedRaftLog:OPENED:c-1, conf=-1: peers:[94422c73-384a-4d9a-a15d-46d9f5b840aa|rpc:10.1.0.32:15014|admin:10.1.0.32:15013|client:10.1.0.32:15012|dataStream:10.1.0.32:15015|priority:0|startupRole:FOLLOWER, 66ee3698-ded8-430f-8ecd-27f356af6e45|rpc:10.1.0.32:15032|admin:10.1.0.32:15031|client:10.1.0.32:15030|dataStream:10.1.0.32:15033|priority:1|startupRole:FOLLOWER, 0ef615e1-91db-4ede-b924-53e2d320f02d|rpc:10.1.0.32:15023|admin:10.1.0.32:15022|client:10.1.0.32:15021|dataStream:10.1.0.32:15024|priority:0|startupRole:FOLLOWER]|listeners:[], old=null
2023-10-27 20:14:09,514 [66ee3698-ded8-430f-8ecd-27f356af6e45@group-1D3807242C29-LeaderElection6] INFO  impl.LeaderElection (LeaderElection.java:logAndReturn(90)) - 66ee3698-ded8-430f-8ecd-27f356af6e45@group-1D3807242C29-LeaderElection6: PRE_VOTE PASSED received 1 response(s) and 0 exception(s):
2023-10-27 20:14:09,514 [66ee3698-ded8-430f-8ecd-27f356af6e45@group-1D3807242C29-LeaderElection6] INFO  impl.LeaderElection (LeaderElection.java:logAndReturn(94)) -   Response 0: 66ee3698-ded8-430f-8ecd-27f356af6e45<-94422c73-384a-4d9a-a15d-46d9f5b840aa#0:OK-t0
2023-10-27 20:14:09,514 [66ee3698-ded8-430f-8ecd-27f356af6e45@group-1D3807242C29-LeaderElection6] INFO  impl.LeaderElection (LeaderElection.java:askForVotes(323)) - 66ee3698-ded8-430f-8ecd-27f356af6e45@group-1D3807242C29-LeaderElection6 PRE_VOTE round 0: result PASSED
2023-10-27 20:14:09,517 [66ee3698-ded8-430f-8ecd-27f356af6e45@group-1D3807242C29-LeaderElection6] INFO  impl.LeaderElection (LeaderElection.java:askForVotes(321)) - 66ee3698-ded8-430f-8ecd-27f356af6e45@group-1D3807242C29-LeaderElection6 ELECTION round 0: submit vote requests at term 1 for -1: peers:[94422c73-384a-4d9a-a15d-46d9f5b840aa|rpc:10.1.0.32:15014|admin:10.1.0.32:15013|client:10.1.0.32:15012|dataStream:10.1.0.32:15015|priority:0|startupRole:FOLLOWER, 66ee3698-ded8-430f-8ecd-27f356af6e45|rpc:10.1.0.32:15032|admin:10.1.0.32:15031|client:10.1.0.32:15030|dataStream:10.1.0.32:15033|priority:1|startupRole:FOLLOWER, 0ef615e1-91db-4ede-b924-53e2d320f02d|rpc:10.1.0.32:15023|admin:10.1.0.32:15022|client:10.1.0.32:15021|dataStream:10.1.0.32:15024|priority:0|startupRole:FOLLOWER]|listeners:[], old=null
2023-10-27 20:14:09,533 [grpc-default-executor-5] INFO  server.RaftServer$Division (RaftServerImpl.java:requestVote(1302)) - 94422c73-384a-4d9a-a15d-46d9f5b840aa@group-1D3807242C29: receive requestVote(ELECTION, 66ee3698-ded8-430f-8ecd-27f356af6e45, group-1D3807242C29, 1, (t:0, i:0))
2023-10-27 20:14:09,534 [grpc-default-executor-5] INFO  impl.VoteContext (VoteContext.java:log(49)) - 94422c73-384a-4d9a-a15d-46d9f5b840aa@group-1D3807242C29-FOLLOWER: accept ELECTION from 66ee3698-ded8-430f-8ecd-27f356af6e45: our priority 0 <= candidate's priority 1
2023-10-27 20:14:09,534 [grpc-default-executor-5] INFO  server.RaftServer$Division (RaftServerImpl.java:setRole(329)) - 94422c73-384a-4d9a-a15d-46d9f5b840aa@group-1D3807242C29: changes role from  FOLLOWER to FOLLOWER at term 1 for candidate:66ee3698-ded8-430f-8ecd-27f356af6e45
2023-10-27 20:14:09,534 [grpc-default-executor-5] INFO  impl.RoleInfo (RoleInfo.java:shutdownFollowerState(110)) - 94422c73-384a-4d9a-a15d-46d9f5b840aa: shutdown 94422c73-384a-4d9a-a15d-46d9f5b840aa@group-1D3807242C29-FollowerState
2023-10-27 20:14:09,534 [grpc-default-executor-5] INFO  impl.RoleInfo (RoleInfo.java:updateAndGet(139)) - 94422c73-384a-4d9a-a15d-46d9f5b840aa: start 94422c73-384a-4d9a-a15d-46d9f5b840aa@group-1D3807242C29-FollowerState
2023-10-27 20:14:09,535 [94422c73-384a-4d9a-a15d-46d9f5b840aa@group-1D3807242C29-FollowerState] INFO  impl.FollowerState (FollowerState.java:run(152)) - 94422c73-384a-4d9a-a15d-46d9f5b840aa@group-1D3807242C29-FollowerState was interrupted
2023-10-27 20:14:09,536 [66ee3698-ded8-430f-8ecd-27f356af6e45@group-1D3807242C29-LeaderElection6] INFO  server.RaftServerConfigKeys (ConfUtils.java:logFallback(53)) - raft.server.rpc.first-election.timeout.min = 5s (fallback to raft.server.rpc.timeout.min)
2023-10-27 20:14:09,536 [66ee3698-ded8-430f-8ecd-27f356af6e45@group-1D3807242C29-LeaderElection6] INFO  server.RaftServerConfigKeys (ConfUtils.java:logFallback(53)) - raft.server.rpc.first-election.timeout.max = 5200ms (fallback to raft.server.rpc.timeout.max)
2023-10-27 20:14:09,538 [grpc-default-executor-5] INFO  server.RaftServer$Division (RaftServerImpl.java:requestVote(1335)) - 94422c73-384a-4d9a-a15d-46d9f5b840aa@group-1D3807242C29 replies to ELECTION vote request: 66ee3698-ded8-430f-8ecd-27f356af6e45<-94422c73-384a-4d9a-a15d-46d9f5b840aa#0:OK-t1. Peer's state: 94422c73-384a-4d9a-a15d-46d9f5b840aa@group-1D3807242C29:t1, leader=null, voted=66ee3698-ded8-430f-8ecd-27f356af6e45, raftlog=Memoized:94422c73-384a-4d9a-a15d-46d9f5b840aa@group-1D3807242C29-SegmentedRaftLog:OPENED:c-1, conf=-1: peers:[94422c73-384a-4d9a-a15d-46d9f5b840aa|rpc:10.1.0.32:15014|admin:10.1.0.32:15013|client:10.1.0.32:15012|dataStream:10.1.0.32:15015|priority:0|startupRole:FOLLOWER, 66ee3698-ded8-430f-8ecd-27f356af6e45|rpc:10.1.0.32:15032|admin:10.1.0.32:15031|client:10.1.0.32:15030|dataStream:10.1.0.32:15033|priority:1|startupRole:FOLLOWER, 0ef615e1-91db-4ede-b924-53e2d320f02d|rpc:10.1.0.32:15023|admin:10.1.0.32:15022|client:10.1.0.32:15021|dataStream:10.1.0.32:15024|priority:0|startupRole:FOLLOWER]|listeners:[], old=null
2023-10-27 20:14:09,540 [66ee3698-ded8-430f-8ecd-27f356af6e45@group-1D3807242C29-LeaderElection6] INFO  impl.LeaderElection (LeaderElection.java:logAndReturn(90)) - 66ee3698-ded8-430f-8ecd-27f356af6e45@group-1D3807242C29-LeaderElection6: ELECTION PASSED received 1 response(s) and 0 exception(s):
2023-10-27 20:14:09,540 [66ee3698-ded8-430f-8ecd-27f356af6e45@group-1D3807242C29-LeaderElection6] INFO  impl.LeaderElection (LeaderElection.java:logAndReturn(94)) -   Response 0: 66ee3698-ded8-430f-8ecd-27f356af6e45<-94422c73-384a-4d9a-a15d-46d9f5b840aa#0:OK-t1
2023-10-27 20:14:09,540 [66ee3698-ded8-430f-8ecd-27f356af6e45@group-1D3807242C29-LeaderElection6] INFO  impl.LeaderElection (LeaderElection.java:askForVotes(323)) - 66ee3698-ded8-430f-8ecd-27f356af6e45@group-1D3807242C29-LeaderElection6 ELECTION round 0: result PASSED
2023-10-27 20:14:09,540 [66ee3698-ded8-430f-8ecd-27f356af6e45@group-1D3807242C29-LeaderElection6] INFO  impl.RoleInfo (RoleInfo.java:shutdownLeaderElection(130)) - 66ee3698-ded8-430f-8ecd-27f356af6e45: shutdown 66ee3698-ded8-430f-8ecd-27f356af6e45@group-1D3807242C29-LeaderElection6
2023-10-27 20:14:09,540 [66ee3698-ded8-430f-8ecd-27f356af6e45@group-1D3807242C29-LeaderElection6] INFO  server.RaftServer$Division (RaftServerImpl.java:setRole(329)) - 66ee3698-ded8-430f-8ecd-27f356af6e45@group-1D3807242C29: changes role from CANDIDATE to LEADER at term 1 for changeToLeader
2023-10-27 20:14:09,540 [66ee3698-ded8-430f-8ecd-27f356af6e45@group-1D3807242C29-LeaderElection6] INFO  ratis.XceiverServerRatis (XceiverServerRatis.java:handleLeaderChangedNotification(903)) - Leader change notification received for group: group-1D3807242C29 with new leaderId: 66ee3698-ded8-430f-8ecd-27f356af6e45
2023-10-27 20:14:09,540 [66ee3698-ded8-430f-8ecd-27f356af6e45@group-1D3807242C29-LeaderElection6] INFO  server.RaftServer$Division (ServerState.java:setLeader(317)) - 66ee3698-ded8-430f-8ecd-27f356af6e45@group-1D3807242C29: change Leader from null to 66ee3698-ded8-430f-8ecd-27f356af6e45 at term 1 for becomeLeader, leader elected after 5336ms
2023-10-27 20:14:09,541 [66ee3698-ded8-430f-8ecd-27f356af6e45@group-1D3807242C29-LeaderElection6] INFO  server.RaftServerConfigKeys (ConfUtils.java:logGet(46)) - raft.server.staging.catchup.gap = 1000 (default)
2023-10-27 20:14:09,541 [66ee3698-ded8-430f-8ecd-27f356af6e45@group-1D3807242C29-LeaderElection6] INFO  server.RaftServerConfigKeys (ConfUtils.java:logGet(46)) - raft.server.write.element-limit = 1024 (custom)
2023-10-27 20:14:09,541 [66ee3698-ded8-430f-8ecd-27f356af6e45@group-1D3807242C29-LeaderElection6] INFO  server.RaftServerConfigKeys (ConfUtils.java:logGet(46)) - raft.server.write.byte-limit = 1024 M (=1073741824) (custom)
2023-10-27 20:14:09,541 [66ee3698-ded8-430f-8ecd-27f356af6e45@group-1D3807242C29-LeaderElection6] INFO  server.RaftServerConfigKeys (ConfUtils.java:logGet(46)) - raft.server.watch.timeout = 180s (custom)
2023-10-27 20:14:09,542 [66ee3698-ded8-430f-8ecd-27f356af6e45@group-1D3807242C29-LeaderElection6] INFO  server.RaftServerConfigKeys (ConfUtils.java:logGet(46)) - raft.server.watch.timeout.denomination = 1s (default)
2023-10-27 20:14:09,542 [66ee3698-ded8-430f-8ecd-27f356af6e45@group-1D3807242C29-LeaderElection6] INFO  server.RaftServerConfigKeys (ConfUtils.java:logGet(46)) - raft.server.watch.element-limit = 65536 (default)
2023-10-27 20:14:09,542 [66ee3698-ded8-430f-8ecd-27f356af6e45@group-1D3807242C29-LeaderElection6] INFO  server.RaftServerConfigKeys (ConfUtils.java:logGet(46)) - raft.server.write.element-limit = 1024 (custom)
2023-10-27 20:14:09,542 [66ee3698-ded8-430f-8ecd-27f356af6e45@group-1D3807242C29-LeaderElection6] INFO  server.RaftServerConfigKeys (ConfUtils.java:logGet(46)) - raft.server.write.follower.gap.ratio.max = -1.0 (default)
2023-10-27 20:14:09,543 [EventQueue-PipelineReportForPipelineReportHandler] INFO  pipeline.PipelineReportHandler (PipelineReportHandler.java:processPipelineReport(136)) - Opened pipeline PipelineID=7a06d3e7-5cd1-4269-a48c-1d3807242c29
2023-10-27 20:14:09,544 [EventQueue-OpenPipelineForHealthyPipelineSafeModeRule] INFO  safemode.SCMSafeModeManager (HealthyPipelineSafeModeRule.java:process(137)) - SCM in safe mode. Healthy pipelines reported count is 1, required healthy pipeline reported count is 1
2023-10-27 20:14:09,544 [EventQueue-OpenPipelineForHealthyPipelineSafeModeRule] INFO  safemode.SCMSafeModeManager (SCMSafeModeManager.java:validateSafeModeExitRules(200)) - HealthyPipelineSafeModeRule rule is successfully validated
2023-10-27 20:14:09,544 [EventQueue-OpenPipelineForHealthyPipelineSafeModeRule] INFO  safemode.SCMSafeModeManager (SCMSafeModeManager.java:validateSafeModeExitRules(215)) - ScmSafeModeManager, all rules are successfully validated
2023-10-27 20:14:09,544 [EventQueue-OpenPipelineForHealthyPipelineSafeModeRule] INFO  safemode.SCMSafeModeManager (SCMSafeModeManager.java:exitSafeMode(244)) - SCM exiting safe mode.
2023-10-27 20:14:09,544 [EventQueue-OpenPipelineForHealthyPipelineSafeModeRule] INFO  ha.SCMContext (SCMContext.java:updateSafeModeStatus(230)) - Update SafeModeStatus from SafeModeStatus{safeModeStatus=true, preCheckPassed=true} to SafeModeStatus{safeModeStatus=false, preCheckPassed=true}.
2023-10-27 20:14:09,556 [EventQueue-OpenPipelineForHealthyPipelineSafeModeRule] INFO  pipeline.BackgroundPipelineCreator (BackgroundPipelineCreator.java:notifyStatusChanged(258)) - Service BackgroundPipelineCreator transitions to RUNNING.
2023-10-27 20:14:09,556 [EventQueue-OpenPipelineForHealthyPipelineSafeModeRule] INFO  BackgroundPipelineScrubber (BackgroundSCMService.java:notifyStatusChanged(82)) - Service BackgroundPipelineScrubber transitions to RUNNING.
2023-10-27 20:14:09,556 [EventQueue-OpenPipelineForHealthyPipelineSafeModeRule] INFO  ExpiredContainerReplicaOpScrubber (BackgroundSCMService.java:notifyStatusChanged(82)) - Service ExpiredContainerReplicaOpScrubber transitions to RUNNING.
2023-10-27 20:14:09,557 [EventQueue-OpenPipelineForHealthyPipelineSafeModeRule] INFO  replication.ReplicationManager (ReplicationManager.java:notifyStatusChanged(1371)) - Service ReplicationManager transitions to RUNNING.
2023-10-27 20:14:09,561 [EventQueue-OpenPipelineForHealthyPipelineSafeModeRule] WARN  balancer.ContainerBalancer (ContainerBalancer.java:shouldRun(134)) - Could not find persisted configuration for ContainerBalancer when checking if ContainerBalancer should run. ContainerBalancer should not run now.
2023-10-27 20:14:09,561 [grpc-default-executor-5] INFO  server.RaftServer$Division (RaftServerImpl.java:requestVote(1302)) - 0ef615e1-91db-4ede-b924-53e2d320f02d@group-1D3807242C29: receive requestVote(ELECTION, 66ee3698-ded8-430f-8ecd-27f356af6e45, group-1D3807242C29, 1, (t:0, i:0))
2023-10-27 20:14:09,562 [grpc-default-executor-5] INFO  impl.VoteContext (VoteContext.java:log(49)) - 0ef615e1-91db-4ede-b924-53e2d320f02d@group-1D3807242C29-FOLLOWER: accept ELECTION from 66ee3698-ded8-430f-8ecd-27f356af6e45: our priority 0 <= candidate's priority 1
2023-10-27 20:14:09,562 [grpc-default-executor-5] INFO  server.RaftServer$Division (RaftServerImpl.java:setRole(329)) - 0ef615e1-91db-4ede-b924-53e2d320f02d@group-1D3807242C29: changes role from  FOLLOWER to FOLLOWER at term 1 for candidate:66ee3698-ded8-430f-8ecd-27f356af6e45
2023-10-27 20:14:09,562 [grpc-default-executor-5] INFO  impl.RoleInfo (RoleInfo.java:shutdownFollowerState(110)) - 0ef615e1-91db-4ede-b924-53e2d320f02d: shutdown 0ef615e1-91db-4ede-b924-53e2d320f02d@group-1D3807242C29-FollowerState
2023-10-27 20:14:09,562 [grpc-default-executor-5] INFO  impl.RoleInfo (RoleInfo.java:updateAndGet(139)) - 0ef615e1-91db-4ede-b924-53e2d320f02d: start 0ef615e1-91db-4ede-b924-53e2d320f02d@group-1D3807242C29-FollowerState
2023-10-27 20:14:09,562 [0ef615e1-91db-4ede-b924-53e2d320f02d@group-1D3807242C29-FollowerState] INFO  impl.FollowerState (FollowerState.java:run(152)) - 0ef615e1-91db-4ede-b924-53e2d320f02d@group-1D3807242C29-FollowerState was interrupted
2023-10-27 20:14:09,565 [grpc-default-executor-5] INFO  server.RaftServer$Division (RaftServerImpl.java:requestVote(1335)) - 0ef615e1-91db-4ede-b924-53e2d320f02d@group-1D3807242C29 replies to ELECTION vote request: 66ee3698-ded8-430f-8ecd-27f356af6e45<-0ef615e1-91db-4ede-b924-53e2d320f02d#0:OK-t1. Peer's state: 0ef615e1-91db-4ede-b924-53e2d320f02d@group-1D3807242C29:t1, leader=null, voted=66ee3698-ded8-430f-8ecd-27f356af6e45, raftlog=Memoized:0ef615e1-91db-4ede-b924-53e2d320f02d@group-1D3807242C29-SegmentedRaftLog:OPENED:c-1, conf=-1: peers:[94422c73-384a-4d9a-a15d-46d9f5b840aa|rpc:10.1.0.32:15014|admin:10.1.0.32:15013|client:10.1.0.32:15012|dataStream:10.1.0.32:15015|priority:0|startupRole:FOLLOWER, 66ee3698-ded8-430f-8ecd-27f356af6e45|rpc:10.1.0.32:15032|admin:10.1.0.32:15031|client:10.1.0.32:15030|dataStream:10.1.0.32:15033|priority:1|startupRole:FOLLOWER, 0ef615e1-91db-4ede-b924-53e2d320f02d|rpc:10.1.0.32:15023|admin:10.1.0.32:15022|client:10.1.0.32:15021|dataStream:10.1.0.32:15024|priority:0|startupRole:FOLLOWER]|listeners:[], old=null
2023-10-27 20:14:09,590 [66ee3698-ded8-430f-8ecd-27f356af6e45@group-1D3807242C29-LeaderElection6] INFO  server.RaftServerConfigKeys (ConfUtils.java:logGet(46)) - raft.server.log.appender.snapshot.chunk.size.max = 16MB (=16777216) (default)
2023-10-27 20:14:09,590 [66ee3698-ded8-430f-8ecd-27f356af6e45@group-1D3807242C29-LeaderElection6] INFO  server.RaftServerConfigKeys (ConfUtils.java:logGet(46)) - raft.server.log.appender.buffer.byte-limit = 33554432 (custom)
2023-10-27 20:14:09,591 [66ee3698-ded8-430f-8ecd-27f356af6e45@group-1D3807242C29-LeaderElection6] INFO  server.RaftServerConfigKeys (ConfUtils.java:logGet(46)) - raft.server.log.appender.buffer.element-limit = 1 (custom)
2023-10-27 20:14:09,598 [66ee3698-ded8-430f-8ecd-27f356af6e45@group-1D3807242C29-LeaderElection6] INFO  server.RaftServerConfigKeys (ConfUtils.java:logGet(46)) - raft.server.log.appender.wait-time.min = 1ms (custom)
2023-10-27 20:14:09,601 [66ee3698-ded8-430f-8ecd-27f356af6e45@group-1D3807242C29-LeaderElection6] INFO  grpc.GrpcConfigKeys (ConfUtils.java:logGet(46)) - raft.grpc.server.leader.outstanding.appends.max = 128 (default)
2023-10-27 20:14:09,602 [66ee3698-ded8-430f-8ecd-27f356af6e45@group-1D3807242C29-LeaderElection6] INFO  server.RaftServerConfigKeys (ConfUtils.java:logGet(46)) - raft.server.rpc.request.timeout = 60s (custom)
2023-10-27 20:14:09,604 [66ee3698-ded8-430f-8ecd-27f356af6e45@group-1D3807242C29-LeaderElection6] INFO  grpc.GrpcConfigKeys (ConfUtils.java:logGet(46)) - raft.grpc.server.install_snapshot.request.element-limit = 8 (default)
2023-10-27 20:14:09,605 [66ee3698-ded8-430f-8ecd-27f356af6e45@group-1D3807242C29-LeaderElection6] INFO  grpc.GrpcConfigKeys (ConfUtils.java:logGet(46)) - raft.grpc.server.install_snapshot.request.timeout = 3000ms (default)
2023-10-27 20:14:09,606 [66ee3698-ded8-430f-8ecd-27f356af6e45@group-1D3807242C29-LeaderElection6] INFO  server.RaftServerConfigKeys (ConfUtils.java:logGet(46)) - raft.server.log.appender.install.snapshot.enabled = false (custom)
2023-10-27 20:14:09,607 [66ee3698-ded8-430f-8ecd-27f356af6e45@group-1D3807242C29-LeaderElection6] INFO  grpc.GrpcConfigKeys (ConfUtils.java:logGet(46)) - raft.grpc.server.heartbeat.channel = true (default)
2023-10-27 20:14:09,614 [66ee3698-ded8-430f-8ecd-27f356af6e45@group-1D3807242C29-LeaderElection6] INFO  server.RaftServerConfigKeys (ConfUtils.java:logGet(46)) - raft.server.log.appender.snapshot.chunk.size.max = 16MB (=16777216) (default)
2023-10-27 20:14:09,616 [66ee3698-ded8-430f-8ecd-27f356af6e45@group-1D3807242C29-LeaderElection6] INFO  server.RaftServerConfigKeys (ConfUtils.java:logGet(46)) - raft.server.log.appender.buffer.byte-limit = 33554432 (custom)
2023-10-27 20:14:09,616 [66ee3698-ded8-430f-8ecd-27f356af6e45@group-1D3807242C29-LeaderElection6] INFO  server.RaftServerConfigKeys (ConfUtils.java:logGet(46)) - raft.server.log.appender.buffer.element-limit = 1 (custom)
2023-10-27 20:14:09,617 [66ee3698-ded8-430f-8ecd-27f356af6e45@group-1D3807242C29-LeaderElection6] INFO  server.RaftServerConfigKeys (ConfUtils.java:logGet(46)) - raft.server.log.appender.wait-time.min = 1ms (custom)
2023-10-27 20:14:09,618 [66ee3698-ded8-430f-8ecd-27f356af6e45@group-1D3807242C29-LeaderElection6] INFO  grpc.GrpcConfigKeys (ConfUtils.java:logGet(46)) - raft.grpc.server.leader.outstanding.appends.max = 128 (default)
2023-10-27 20:14:09,619 [66ee3698-ded8-430f-8ecd-27f356af6e45@group-1D3807242C29-LeaderElection6] INFO  server.RaftServerConfigKeys (ConfUtils.java:logGet(46)) - raft.server.rpc.request.timeout = 60s (custom)
2023-10-27 20:14:09,619 [66ee3698-ded8-430f-8ecd-27f356af6e45@group-1D3807242C29-LeaderElection6] INFO  grpc.GrpcConfigKeys (ConfUtils.java:logGet(46)) - raft.grpc.server.install_snapshot.request.element-limit = 8 (default)
2023-10-27 20:14:09,620 [66ee3698-ded8-430f-8ecd-27f356af6e45@group-1D3807242C29-LeaderElection6] INFO  grpc.GrpcConfigKeys (ConfUtils.java:logGet(46)) - raft.grpc.server.install_snapshot.request.timeout = 3000ms (default)
2023-10-27 20:14:09,620 [66ee3698-ded8-430f-8ecd-27f356af6e45@group-1D3807242C29-LeaderElection6] INFO  server.RaftServerConfigKeys (ConfUtils.java:logGet(46)) - raft.server.log.appender.install.snapshot.enabled = false (custom)
2023-10-27 20:14:09,621 [66ee3698-ded8-430f-8ecd-27f356af6e45@group-1D3807242C29-LeaderElection6] INFO  grpc.GrpcConfigKeys (ConfUtils.java:logGet(46)) - raft.grpc.server.heartbeat.channel = true (default)
2023-10-27 20:14:09,624 [66ee3698-ded8-430f-8ecd-27f356af6e45@group-1D3807242C29-LeaderElection6] INFO  impl.RoleInfo (RoleInfo.java:updateAndGet(139)) - 66ee3698-ded8-430f-8ecd-27f356af6e45: start 66ee3698-ded8-430f-8ecd-27f356af6e45@group-1D3807242C29-LeaderStateImpl
2023-10-27 20:14:09,627 [66ee3698-ded8-430f-8ecd-27f356af6e45@group-1D3807242C29-LeaderElection6] INFO  segmented.SegmentedRaftLogWorker (SegmentedRaftLogWorker.java:startLogSegment(447)) - 66ee3698-ded8-430f-8ecd-27f356af6e45@group-1D3807242C29-SegmentedRaftLogWorker: Starting segment from index:0
2023-10-27 20:14:09,629 [66ee3698-ded8-430f-8ecd-27f356af6e45@group-1D3807242C29-SegmentedRaftLogWorker] INFO  segmented.SegmentedRaftLogWorker (SegmentedRaftLogWorker.java:execute(651)) - 66ee3698-ded8-430f-8ecd-27f356af6e45@group-1D3807242C29-SegmentedRaftLogWorker: created new log segment /home/runner/work/ozone/ozone/hadoop-ozone/integration-test/target/test-dir/MiniOzoneClusterImpl-60426a9d-3de2-4373-b08b-24a22c9da129/datanode-2/data/ratis/7a06d3e7-5cd1-4269-a48c-1d3807242c29/current/log_inprogress_0
2023-10-27 20:14:09,648 [66ee3698-ded8-430f-8ecd-27f356af6e45@group-1D3807242C29-LeaderElection6] INFO  server.RaftServer$Division (ServerState.java:setRaftConf(434)) - 66ee3698-ded8-430f-8ecd-27f356af6e45@group-1D3807242C29: set configuration 0: peers:[94422c73-384a-4d9a-a15d-46d9f5b840aa|rpc:10.1.0.32:15014|admin:10.1.0.32:15013|client:10.1.0.32:15012|dataStream:10.1.0.32:15015|priority:0|startupRole:FOLLOWER, 66ee3698-ded8-430f-8ecd-27f356af6e45|rpc:10.1.0.32:15032|admin:10.1.0.32:15031|client:10.1.0.32:15030|dataStream:10.1.0.32:15033|priority:1|startupRole:FOLLOWER, 0ef615e1-91db-4ede-b924-53e2d320f02d|rpc:10.1.0.32:15023|admin:10.1.0.32:15022|client:10.1.0.32:15021|dataStream:10.1.0.32:15024|priority:0|startupRole:FOLLOWER]|listeners:[], old=null
2023-10-27 20:14:09,727 [94422c73-384a-4d9a-a15d-46d9f5b840aa-server-thread1] INFO  ratis.XceiverServerRatis (XceiverServerRatis.java:handleLeaderChangedNotification(903)) - Leader change notification received for group: group-1D3807242C29 with new leaderId: 66ee3698-ded8-430f-8ecd-27f356af6e45
2023-10-27 20:14:09,727 [94422c73-384a-4d9a-a15d-46d9f5b840aa-server-thread1] INFO  server.RaftServer$Division (ServerState.java:setLeader(317)) - 94422c73-384a-4d9a-a15d-46d9f5b840aa@group-1D3807242C29: change Leader from null to 66ee3698-ded8-430f-8ecd-27f356af6e45 at term 1 for appendEntries, leader elected after 6262ms
2023-10-27 20:14:09,737 [0ef615e1-91db-4ede-b924-53e2d320f02d-server-thread2] INFO  ratis.XceiverServerRatis (XceiverServerRatis.java:handleLeaderChangedNotification(903)) - Leader change notification received for group: group-1D3807242C29 with new leaderId: 66ee3698-ded8-430f-8ecd-27f356af6e45
2023-10-27 20:14:09,740 [0ef615e1-91db-4ede-b924-53e2d320f02d-server-thread2] INFO  server.RaftServer$Division (ServerState.java:setLeader(317)) - 0ef615e1-91db-4ede-b924-53e2d320f02d@group-1D3807242C29: change Leader from null to 66ee3698-ded8-430f-8ecd-27f356af6e45 at term 1 for appendEntries, leader elected after 5884ms
2023-10-27 20:14:09,746 [0ef615e1-91db-4ede-b924-53e2d320f02d-server-thread2] INFO  server.RaftServer$Division (ServerState.java:setRaftConf(434)) - 0ef615e1-91db-4ede-b924-53e2d320f02d@group-1D3807242C29: set configuration 0: peers:[94422c73-384a-4d9a-a15d-46d9f5b840aa|rpc:10.1.0.32:15014|admin:10.1.0.32:15013|client:10.1.0.32:15012|dataStream:10.1.0.32:15015|priority:0|startupRole:FOLLOWER, 66ee3698-ded8-430f-8ecd-27f356af6e45|rpc:10.1.0.32:15032|admin:10.1.0.32:15031|client:10.1.0.32:15030|dataStream:10.1.0.32:15033|priority:1|startupRole:FOLLOWER, 0ef615e1-91db-4ede-b924-53e2d320f02d|rpc:10.1.0.32:15023|admin:10.1.0.32:15022|client:10.1.0.32:15021|dataStream:10.1.0.32:15024|priority:0|startupRole:FOLLOWER]|listeners:[], old=null
2023-10-27 20:14:09,747 [94422c73-384a-4d9a-a15d-46d9f5b840aa-server-thread2] INFO  server.RaftServer$Division (ServerState.java:setRaftConf(434)) - 94422c73-384a-4d9a-a15d-46d9f5b840aa@group-1D3807242C29: set configuration 0: peers:[94422c73-384a-4d9a-a15d-46d9f5b840aa|rpc:10.1.0.32:15014|admin:10.1.0.32:15013|client:10.1.0.32:15012|dataStream:10.1.0.32:15015|priority:0|startupRole:FOLLOWER, 66ee3698-ded8-430f-8ecd-27f356af6e45|rpc:10.1.0.32:15032|admin:10.1.0.32:15031|client:10.1.0.32:15030|dataStream:10.1.0.32:15033|priority:1|startupRole:FOLLOWER, 0ef615e1-91db-4ede-b924-53e2d320f02d|rpc:10.1.0.32:15023|admin:10.1.0.32:15022|client:10.1.0.32:15021|dataStream:10.1.0.32:15024|priority:0|startupRole:FOLLOWER]|listeners:[], old=null
2023-10-27 20:14:09,748 [94422c73-384a-4d9a-a15d-46d9f5b840aa-server-thread2] INFO  segmented.SegmentedRaftLogWorker (SegmentedRaftLogWorker.java:startLogSegment(447)) - 94422c73-384a-4d9a-a15d-46d9f5b840aa@group-1D3807242C29-SegmentedRaftLogWorker: Starting segment from index:0
2023-10-27 20:14:09,748 [0ef615e1-91db-4ede-b924-53e2d320f02d-server-thread2] INFO  segmented.SegmentedRaftLogWorker (SegmentedRaftLogWorker.java:startLogSegment(447)) - 0ef615e1-91db-4ede-b924-53e2d320f02d@group-1D3807242C29-SegmentedRaftLogWorker: Starting segment from index:0
2023-10-27 20:14:09,751 [0ef615e1-91db-4ede-b924-53e2d320f02d@group-1D3807242C29-SegmentedRaftLogWorker] INFO  segmented.SegmentedRaftLogWorker (SegmentedRaftLogWorker.java:execute(651)) - 0ef615e1-91db-4ede-b924-53e2d320f02d@group-1D3807242C29-SegmentedRaftLogWorker: created new log segment /home/runner/work/ozone/ozone/hadoop-ozone/integration-test/target/test-dir/MiniOzoneClusterImpl-60426a9d-3de2-4373-b08b-24a22c9da129/datanode-1/data/ratis/7a06d3e7-5cd1-4269-a48c-1d3807242c29/current/log_inprogress_0
2023-10-27 20:14:09,758 [94422c73-384a-4d9a-a15d-46d9f5b840aa@group-1D3807242C29-SegmentedRaftLogWorker] INFO  segmented.SegmentedRaftLogWorker (SegmentedRaftLogWorker.java:execute(651)) - 94422c73-384a-4d9a-a15d-46d9f5b840aa@group-1D3807242C29-SegmentedRaftLogWorker: created new log segment /home/runner/work/ozone/ozone/hadoop-ozone/integration-test/target/test-dir/MiniOzoneClusterImpl-60426a9d-3de2-4373-b08b-24a22c9da129/datanode-0/data/ratis/7a06d3e7-5cd1-4269-a48c-1d3807242c29/current/log_inprogress_0
2023-10-27 20:14:09,833 [3fb99649-c87f-4cc9-b3d9-f5c572ff189c@group-8AB99D5E21D8-FollowerState] INFO  impl.FollowerState (FollowerState.java:run(143)) - 3fb99649-c87f-4cc9-b3d9-f5c572ff189c@group-8AB99D5E21D8-FollowerState: change to CANDIDATE, lastRpcElapsedTime:5020035840ns, electionTimeout:5016ms
2023-10-27 20:14:09,833 [3fb99649-c87f-4cc9-b3d9-f5c572ff189c@group-8AB99D5E21D8-FollowerState] INFO  impl.RoleInfo (RoleInfo.java:shutdownFollowerState(110)) - 3fb99649-c87f-4cc9-b3d9-f5c572ff189c: shutdown 3fb99649-c87f-4cc9-b3d9-f5c572ff189c@group-8AB99D5E21D8-FollowerState
2023-10-27 20:14:09,833 [3fb99649-c87f-4cc9-b3d9-f5c572ff189c@group-8AB99D5E21D8-FollowerState] INFO  server.RaftServer$Division (RaftServerImpl.java:setRole(329)) - 3fb99649-c87f-4cc9-b3d9-f5c572ff189c@group-8AB99D5E21D8: changes role from  FOLLOWER to CANDIDATE at term 0 for changeToCandidate
2023-10-27 20:14:09,833 [3fb99649-c87f-4cc9-b3d9-f5c572ff189c@group-8AB99D5E21D8-FollowerState] INFO  server.RaftServerConfigKeys (ConfUtils.java:logGet(46)) - raft.server.leaderelection.pre-vote = true (default)
2023-10-27 20:14:09,834 [3fb99649-c87f-4cc9-b3d9-f5c572ff189c@group-8AB99D5E21D8-FollowerState] INFO  impl.RoleInfo (RoleInfo.java:updateAndGet(139)) - 3fb99649-c87f-4cc9-b3d9-f5c572ff189c: start 3fb99649-c87f-4cc9-b3d9-f5c572ff189c@group-8AB99D5E21D8-LeaderElection7
2023-10-27 20:14:09,838 [3fb99649-c87f-4cc9-b3d9-f5c572ff189c@group-8AB99D5E21D8-LeaderElection7] INFO  impl.LeaderElection (LeaderElection.java:askForVotes(321)) - 3fb99649-c87f-4cc9-b3d9-f5c572ff189c@group-8AB99D5E21D8-LeaderElection7 PRE_VOTE round 0: submit vote requests at term 0 for -1: peers:[3fb99649-c87f-4cc9-b3d9-f5c572ff189c|rpc:10.1.0.32:15041|admin:10.1.0.32:15040|client:10.1.0.32:15039|dataStream:10.1.0.32:15042|priority:1|startupRole:FOLLOWER]|listeners:[], old=null
2023-10-27 20:14:09,838 [3fb99649-c87f-4cc9-b3d9-f5c572ff189c@group-8AB99D5E21D8-LeaderElection7] INFO  impl.LeaderElection (LeaderElection.java:askForVotes(323)) - 3fb99649-c87f-4cc9-b3d9-f5c572ff189c@group-8AB99D5E21D8-LeaderElection7 PRE_VOTE round 0: result PASSED (term=0)
2023-10-27 20:14:09,840 [3fb99649-c87f-4cc9-b3d9-f5c572ff189c@group-8AB99D5E21D8-LeaderElection7] INFO  impl.LeaderElection (LeaderElection.java:askForVotes(321)) - 3fb99649-c87f-4cc9-b3d9-f5c572ff189c@group-8AB99D5E21D8-LeaderElection7 ELECTION round 0: submit vote requests at term 1 for -1: peers:[3fb99649-c87f-4cc9-b3d9-f5c572ff189c|rpc:10.1.0.32:15041|admin:10.1.0.32:15040|client:10.1.0.32:15039|dataStream:10.1.0.32:15042|priority:1|startupRole:FOLLOWER]|listeners:[], old=null
2023-10-27 20:14:09,841 [3fb99649-c87f-4cc9-b3d9-f5c572ff189c@group-8AB99D5E21D8-LeaderElection7] INFO  impl.LeaderElection (LeaderElection.java:askForVotes(323)) - 3fb99649-c87f-4cc9-b3d9-f5c572ff189c@group-8AB99D5E21D8-LeaderElection7 ELECTION round 0: result PASSED (term=1)
2023-10-27 20:14:09,841 [3fb99649-c87f-4cc9-b3d9-f5c572ff189c@group-8AB99D5E21D8-LeaderElection7] INFO  impl.RoleInfo (RoleInfo.java:shutdownLeaderElection(130)) - 3fb99649-c87f-4cc9-b3d9-f5c572ff189c: shutdown 3fb99649-c87f-4cc9-b3d9-f5c572ff189c@group-8AB99D5E21D8-LeaderElection7
2023-10-27 20:14:09,841 [3fb99649-c87f-4cc9-b3d9-f5c572ff189c@group-8AB99D5E21D8-LeaderElection7] INFO  server.RaftServer$Division (RaftServerImpl.java:setRole(329)) - 3fb99649-c87f-4cc9-b3d9-f5c572ff189c@group-8AB99D5E21D8: changes role from CANDIDATE to LEADER at term 1 for changeToLeader
2023-10-27 20:14:09,841 [3fb99649-c87f-4cc9-b3d9-f5c572ff189c@group-8AB99D5E21D8-LeaderElection7] INFO  ratis.XceiverServerRatis (XceiverServerRatis.java:handleLeaderChangedNotification(903)) - Leader change notification received for group: group-8AB99D5E21D8 with new leaderId: 3fb99649-c87f-4cc9-b3d9-f5c572ff189c
2023-10-27 20:14:09,841 [3fb99649-c87f-4cc9-b3d9-f5c572ff189c@group-8AB99D5E21D8-LeaderElection7] INFO  server.RaftServer$Division (ServerState.java:setLeader(317)) - 3fb99649-c87f-4cc9-b3d9-f5c572ff189c@group-8AB99D5E21D8: change Leader from null to 3fb99649-c87f-4cc9-b3d9-f5c572ff189c at term 1 for becomeLeader, leader elected after 5527ms
2023-10-27 20:14:09,841 [3fb99649-c87f-4cc9-b3d9-f5c572ff189c@group-8AB99D5E21D8-LeaderElection7] INFO  server.RaftServerConfigKeys (ConfUtils.java:logGet(46)) - raft.server.staging.catchup.gap = 1000 (default)
2023-10-27 20:14:09,842 [3fb99649-c87f-4cc9-b3d9-f5c572ff189c@group-8AB99D5E21D8-LeaderElection7] INFO  server.RaftServerConfigKeys (ConfUtils.java:logGet(46)) - raft.server.write.element-limit = 1024 (custom)
2023-10-27 20:14:09,842 [3fb99649-c87f-4cc9-b3d9-f5c572ff189c@group-8AB99D5E21D8-LeaderElection7] INFO  server.RaftServerConfigKeys (ConfUtils.java:logGet(46)) - raft.server.write.byte-limit = 1024 M (=1073741824) (custom)
2023-10-27 20:14:09,844 [3fb99649-c87f-4cc9-b3d9-f5c572ff189c@group-8AB99D5E21D8-LeaderElection7] INFO  server.RaftServerConfigKeys (ConfUtils.java:logGet(46)) - raft.server.watch.timeout = 180s (custom)
2023-10-27 20:14:09,845 [3fb99649-c87f-4cc9-b3d9-f5c572ff189c@group-8AB99D5E21D8-LeaderElection7] INFO  server.RaftServerConfigKeys (ConfUtils.java:logGet(46)) - raft.server.watch.timeout.denomination = 1s (default)
2023-10-27 20:14:09,845 [3fb99649-c87f-4cc9-b3d9-f5c572ff189c@group-8AB99D5E21D8-LeaderElection7] INFO  server.RaftServerConfigKeys (ConfUtils.java:logGet(46)) - raft.server.watch.element-limit = 65536 (default)
2023-10-27 20:14:09,845 [3fb99649-c87f-4cc9-b3d9-f5c572ff189c@group-8AB99D5E21D8-LeaderElection7] INFO  server.RaftServerConfigKeys (ConfUtils.java:logGet(46)) - raft.server.write.element-limit = 1024 (custom)
2023-10-27 20:14:09,845 [3fb99649-c87f-4cc9-b3d9-f5c572ff189c@group-8AB99D5E21D8-LeaderElection7] INFO  server.RaftServerConfigKeys (ConfUtils.java:logGet(46)) - raft.server.write.follower.gap.ratio.max = -1.0 (default)
2023-10-27 20:14:09,845 [3fb99649-c87f-4cc9-b3d9-f5c572ff189c@group-8AB99D5E21D8-LeaderElection7] INFO  impl.RoleInfo (RoleInfo.java:updateAndGet(139)) - 3fb99649-c87f-4cc9-b3d9-f5c572ff189c: start 3fb99649-c87f-4cc9-b3d9-f5c572ff189c@group-8AB99D5E21D8-LeaderStateImpl
2023-10-27 20:14:09,845 [3fb99649-c87f-4cc9-b3d9-f5c572ff189c@group-8AB99D5E21D8-LeaderElection7] INFO  segmented.SegmentedRaftLogWorker (SegmentedRaftLogWorker.java:startLogSegment(447)) - 3fb99649-c87f-4cc9-b3d9-f5c572ff189c@group-8AB99D5E21D8-SegmentedRaftLogWorker: Starting segment from index:0
2023-10-27 20:14:09,851 [3fb99649-c87f-4cc9-b3d9-f5c572ff189c@group-8AB99D5E21D8-LeaderElection7] INFO  server.RaftServer$Division (ServerState.java:setRaftConf(434)) - 3fb99649-c87f-4cc9-b3d9-f5c572ff189c@group-8AB99D5E21D8: set configuration 0: peers:[3fb99649-c87f-4cc9-b3d9-f5c572ff189c|rpc:10.1.0.32:15041|admin:10.1.0.32:15040|client:10.1.0.32:15039|dataStream:10.1.0.32:15042|priority:1|startupRole:FOLLOWER]|listeners:[], old=null
2023-10-27 20:14:09,851 [3fb99649-c87f-4cc9-b3d9-f5c572ff189c@group-8AB99D5E21D8-SegmentedRaftLogWorker] INFO  segmented.SegmentedRaftLogWorker (SegmentedRaftLogWorker.java:execute(651)) - 3fb99649-c87f-4cc9-b3d9-f5c572ff189c@group-8AB99D5E21D8-SegmentedRaftLogWorker: created new log segment /home/runner/work/ozone/ozone/hadoop-ozone/integration-test/target/test-dir/MiniOzoneClusterImpl-60426a9d-3de2-4373-b08b-24a22c9da129/datanode-3/data/ratis/0c3d2ed3-e21f-4258-8a67-8ab99d5e21d8/current/log_inprogress_0
2023-10-27 20:14:09,947 [3fb99649-c87f-4cc9-b3d9-f5c572ff189c@group-5A0C10638F91-FollowerState] INFO  impl.FollowerState (FollowerState.java:run(143)) - 3fb99649-c87f-4cc9-b3d9-f5c572ff189c@group-5A0C10638F91-FollowerState: change to CANDIDATE, lastRpcElapsedTime:5018239153ns, electionTimeout:5007ms
2023-10-27 20:14:09,947 [3fb99649-c87f-4cc9-b3d9-f5c572ff189c@group-5A0C10638F91-FollowerState] INFO  impl.RoleInfo (RoleInfo.java:shutdownFollowerState(110)) - 3fb99649-c87f-4cc9-b3d9-f5c572ff189c: shutdown 3fb99649-c87f-4cc9-b3d9-f5c572ff189c@group-5A0C10638F91-FollowerState
2023-10-27 20:14:09,947 [3fb99649-c87f-4cc9-b3d9-f5c572ff189c@group-5A0C10638F91-FollowerState] INFO  server.RaftServer$Division (RaftServerImpl.java:setRole(329)) - 3fb99649-c87f-4cc9-b3d9-f5c572ff189c@group-5A0C10638F91: changes role from  FOLLOWER to CANDIDATE at term 0 for changeToCandidate
2023-10-27 20:14:09,948 [3fb99649-c87f-4cc9-b3d9-f5c572ff189c@group-5A0C10638F91-FollowerState] INFO  server.RaftServerConfigKeys (ConfUtils.java:logGet(46)) - raft.server.leaderelection.pre-vote = true (default)
2023-10-27 20:14:09,948 [3fb99649-c87f-4cc9-b3d9-f5c572ff189c@group-5A0C10638F91-FollowerState] INFO  impl.RoleInfo (RoleInfo.java:updateAndGet(139)) - 3fb99649-c87f-4cc9-b3d9-f5c572ff189c: start 3fb99649-c87f-4cc9-b3d9-f5c572ff189c@group-5A0C10638F91-LeaderElection8
2023-10-27 20:14:09,953 [3fb99649-c87f-4cc9-b3d9-f5c572ff189c@group-5A0C10638F91-LeaderElection8] INFO  impl.LeaderElection (LeaderElection.java:askForVotes(321)) - 3fb99649-c87f-4cc9-b3d9-f5c572ff189c@group-5A0C10638F91-LeaderElection8 PRE_VOTE round 0: submit vote requests at term 0 for -1: peers:[3fb99649-c87f-4cc9-b3d9-f5c572ff189c|rpc:10.1.0.32:15041|admin:10.1.0.32:15040|client:10.1.0.32:15039|dataStream:10.1.0.32:15042|priority:1|startupRole:FOLLOWER, 23554148-3e4d-431f-a73e-f2401dbff1d4|rpc:10.1.0.32:15059|admin:10.1.0.32:15058|client:10.1.0.32:15057|dataStream:10.1.0.32:15060|priority:0|startupRole:FOLLOWER, 1407d0d1-39ba-4bc0-b697-1e16e43cd838|rpc:10.1.0.32:15050|admin:10.1.0.32:15049|client:10.1.0.32:15048|dataStream:10.1.0.32:15051|priority:0|startupRole:FOLLOWER]|listeners:[], old=null
2023-10-27 20:14:09,954 [3fb99649-c87f-4cc9-b3d9-f5c572ff189c@group-5A0C10638F91-LeaderElection8-1] INFO  server.GrpcServerProtocolClient (GrpcServerProtocolClient.java:<init>(65)) - Build channel for 23554148-3e4d-431f-a73e-f2401dbff1d4
2023-10-27 20:14:09,959 [3fb99649-c87f-4cc9-b3d9-f5c572ff189c@group-5A0C10638F91-LeaderElection8] INFO  server.RaftServerConfigKeys (ConfUtils.java:logFallback(53)) - raft.server.rpc.first-election.timeout.min = 5s (fallback to raft.server.rpc.timeout.min)
2023-10-27 20:14:09,959 [3fb99649-c87f-4cc9-b3d9-f5c572ff189c@group-5A0C10638F91-LeaderElection8] INFO  server.RaftServerConfigKeys (ConfUtils.java:logFallback(53)) - raft.server.rpc.first-election.timeout.max = 5200ms (fallback to raft.server.rpc.timeout.max)
2023-10-27 20:14:09,959 [3fb99649-c87f-4cc9-b3d9-f5c572ff189c@group-5A0C10638F91-LeaderElection8-2] INFO  server.GrpcServerProtocolClient (GrpcServerProtocolClient.java:<init>(65)) - Build channel for 1407d0d1-39ba-4bc0-b697-1e16e43cd838
2023-10-27 20:14:09,967 [grpc-default-executor-1] INFO  server.RaftServer$Division (RaftServerImpl.java:requestVote(1302)) - 23554148-3e4d-431f-a73e-f2401dbff1d4@group-5A0C10638F91: receive requestVote(PRE_VOTE, 3fb99649-c87f-4cc9-b3d9-f5c572ff189c, group-5A0C10638F91, 0, (t:0, i:0))
2023-10-27 20:14:09,967 [grpc-default-executor-1] INFO  impl.VoteContext (VoteContext.java:log(49)) - 23554148-3e4d-431f-a73e-f2401dbff1d4@group-5A0C10638F91-FOLLOWER: accept PRE_VOTE from 3fb99649-c87f-4cc9-b3d9-f5c572ff189c: our priority 0 <= candidate's priority 1
2023-10-27 20:14:09,967 [grpc-default-executor-1] INFO  server.RaftServer$Division (RaftServerImpl.java:requestVote(1335)) - 23554148-3e4d-431f-a73e-f2401dbff1d4@group-5A0C10638F91 replies to PRE_VOTE vote request: 3fb99649-c87f-4cc9-b3d9-f5c572ff189c<-23554148-3e4d-431f-a73e-f2401dbff1d4#0:OK-t0. Peer's state: 23554148-3e4d-431f-a73e-f2401dbff1d4@group-5A0C10638F91:t0, leader=null, voted=, raftlog=Memoized:23554148-3e4d-431f-a73e-f2401dbff1d4@group-5A0C10638F91-SegmentedRaftLog:OPENED:c-1, conf=-1: peers:[3fb99649-c87f-4cc9-b3d9-f5c572ff189c|rpc:10.1.0.32:15041|admin:10.1.0.32:15040|client:10.1.0.32:15039|dataStream:10.1.0.32:15042|priority:1|startupRole:FOLLOWER, 23554148-3e4d-431f-a73e-f2401dbff1d4|rpc:10.1.0.32:15059|admin:10.1.0.32:15058|client:10.1.0.32:15057|dataStream:10.1.0.32:15060|priority:0|startupRole:FOLLOWER, 1407d0d1-39ba-4bc0-b697-1e16e43cd838|rpc:10.1.0.32:15050|admin:10.1.0.32:15049|client:10.1.0.32:15048|dataStream:10.1.0.32:15051|priority:0|startupRole:FOLLOWER]|listeners:[], old=null
2023-10-27 20:14:09,972 [3fb99649-c87f-4cc9-b3d9-f5c572ff189c@group-5A0C10638F91-LeaderElection8] INFO  impl.LeaderElection (LeaderElection.java:logAndReturn(90)) - 3fb99649-c87f-4cc9-b3d9-f5c572ff189c@group-5A0C10638F91-LeaderElection8: PRE_VOTE PASSED received 1 response(s) and 0 exception(s):
2023-10-27 20:14:09,973 [3fb99649-c87f-4cc9-b3d9-f5c572ff189c@group-5A0C10638F91-LeaderElection8] INFO  impl.LeaderElection (LeaderElection.java:logAndReturn(94)) -   Response 0: 3fb99649-c87f-4cc9-b3d9-f5c572ff189c<-23554148-3e4d-431f-a73e-f2401dbff1d4#0:OK-t0
2023-10-27 20:14:09,973 [3fb99649-c87f-4cc9-b3d9-f5c572ff189c@group-5A0C10638F91-LeaderElection8] INFO  impl.LeaderElection (LeaderElection.java:askForVotes(323)) - 3fb99649-c87f-4cc9-b3d9-f5c572ff189c@group-5A0C10638F91-LeaderElection8 PRE_VOTE round 0: result PASSED
2023-10-27 20:14:09,976 [3fb99649-c87f-4cc9-b3d9-f5c572ff189c@group-5A0C10638F91-LeaderElection8] INFO  impl.LeaderElection (LeaderElection.java:askForVotes(321)) - 3fb99649-c87f-4cc9-b3d9-f5c572ff189c@group-5A0C10638F91-LeaderElection8 ELECTION round 0: submit vote requests at term 1 for -1: peers:[3fb99649-c87f-4cc9-b3d9-f5c572ff189c|rpc:10.1.0.32:15041|admin:10.1.0.32:15040|client:10.1.0.32:15039|dataStream:10.1.0.32:15042|priority:1|startupRole:FOLLOWER, 23554148-3e4d-431f-a73e-f2401dbff1d4|rpc:10.1.0.32:15059|admin:10.1.0.32:15058|client:10.1.0.32:15057|dataStream:10.1.0.32:15060|priority:0|startupRole:FOLLOWER, 1407d0d1-39ba-4bc0-b697-1e16e43cd838|rpc:10.1.0.32:15050|admin:10.1.0.32:15049|client:10.1.0.32:15048|dataStream:10.1.0.32:15051|priority:0|startupRole:FOLLOWER]|listeners:[], old=null
2023-10-27 20:14:09,979 [3fb99649-c87f-4cc9-b3d9-f5c572ff189c@group-5A0C10638F91-LeaderElection8] INFO  server.RaftServerConfigKeys (ConfUtils.java:logFallback(53)) - raft.server.rpc.first-election.timeout.min = 5s (fallback to raft.server.rpc.timeout.min)
2023-10-27 20:14:09,979 [3fb99649-c87f-4cc9-b3d9-f5c572ff189c@group-5A0C10638F91-LeaderElection8] INFO  server.RaftServerConfigKeys (ConfUtils.java:logFallback(53)) - raft.server.rpc.first-election.timeout.max = 5200ms (fallback to raft.server.rpc.timeout.max)
2023-10-27 20:14:09,983 [grpc-default-executor-1] INFO  server.RaftServer$Division (RaftServerImpl.java:requestVote(1302)) - 23554148-3e4d-431f-a73e-f2401dbff1d4@group-5A0C10638F91: receive requestVote(ELECTION, 3fb99649-c87f-4cc9-b3d9-f5c572ff189c, group-5A0C10638F91, 1, (t:0, i:0))
2023-10-27 20:14:09,983 [grpc-default-executor-1] INFO  impl.VoteContext (VoteContext.java:log(49)) - 23554148-3e4d-431f-a73e-f2401dbff1d4@group-5A0C10638F91-FOLLOWER: accept ELECTION from 3fb99649-c87f-4cc9-b3d9-f5c572ff189c: our priority 0 <= candidate's priority 1
2023-10-27 20:14:09,984 [grpc-default-executor-1] INFO  server.RaftServer$Division (RaftServerImpl.java:setRole(329)) - 23554148-3e4d-431f-a73e-f2401dbff1d4@group-5A0C10638F91: changes role from  FOLLOWER to FOLLOWER at term 1 for candidate:3fb99649-c87f-4cc9-b3d9-f5c572ff189c
2023-10-27 20:14:09,984 [grpc-default-executor-1] INFO  impl.RoleInfo (RoleInfo.java:shutdownFollowerState(110)) - 23554148-3e4d-431f-a73e-f2401dbff1d4: shutdown 23554148-3e4d-431f-a73e-f2401dbff1d4@group-5A0C10638F91-FollowerState
2023-10-27 20:14:09,984 [grpc-default-executor-1] INFO  impl.RoleInfo (RoleInfo.java:updateAndGet(139)) - 23554148-3e4d-431f-a73e-f2401dbff1d4: start 23554148-3e4d-431f-a73e-f2401dbff1d4@group-5A0C10638F91-FollowerState
2023-10-27 20:14:09,984 [23554148-3e4d-431f-a73e-f2401dbff1d4@group-5A0C10638F91-FollowerState] INFO  impl.FollowerState (FollowerState.java:run(152)) - 23554148-3e4d-431f-a73e-f2401dbff1d4@group-5A0C10638F91-FollowerState was interrupted
2023-10-27 20:14:09,991 [grpc-default-executor-0] INFO  server.RaftServer$Division (RaftServerImpl.java:requestVote(1302)) - 1407d0d1-39ba-4bc0-b697-1e16e43cd838@group-5A0C10638F91: receive requestVote(ELECTION, 3fb99649-c87f-4cc9-b3d9-f5c572ff189c, group-5A0C10638F91, 1, (t:0, i:0))
2023-10-27 20:14:09,991 [grpc-default-executor-0] INFO  impl.VoteContext (VoteContext.java:log(49)) - 1407d0d1-39ba-4bc0-b697-1e16e43cd838@group-5A0C10638F91-FOLLOWER: accept ELECTION from 3fb99649-c87f-4cc9-b3d9-f5c572ff189c: our priority 0 <= candidate's priority 1
2023-10-27 20:14:09,991 [grpc-default-executor-0] INFO  server.RaftServer$Division (RaftServerImpl.java:setRole(329)) - 1407d0d1-39ba-4bc0-b697-1e16e43cd838@group-5A0C10638F91: changes role from  FOLLOWER to FOLLOWER at term 1 for candidate:3fb99649-c87f-4cc9-b3d9-f5c572ff189c
2023-10-27 20:14:09,991 [grpc-default-executor-0] INFO  impl.RoleInfo (RoleInfo.java:shutdownFollowerState(110)) - 1407d0d1-39ba-4bc0-b697-1e16e43cd838: shutdown 1407d0d1-39ba-4bc0-b697-1e16e43cd838@group-5A0C10638F91-FollowerState
2023-10-27 20:14:09,991 [grpc-default-executor-0] INFO  impl.RoleInfo (RoleInfo.java:updateAndGet(139)) - 1407d0d1-39ba-4bc0-b697-1e16e43cd838: start 1407d0d1-39ba-4bc0-b697-1e16e43cd838@group-5A0C10638F91-FollowerState
2023-10-27 20:14:09,991 [1407d0d1-39ba-4bc0-b697-1e16e43cd838@group-5A0C10638F91-FollowerState] INFO  impl.FollowerState (FollowerState.java:run(152)) - 1407d0d1-39ba-4bc0-b697-1e16e43cd838@group-5A0C10638F91-FollowerState was interrupted
2023-10-27 20:14:09,995 [grpc-default-executor-5] INFO  server.RaftServer$Division (RaftServerImpl.java:requestVote(1302)) - 1407d0d1-39ba-4bc0-b697-1e16e43cd838@group-5A0C10638F91: receive requestVote(PRE_VOTE, 3fb99649-c87f-4cc9-b3d9-f5c572ff189c, group-5A0C10638F91, 0, (t:0, i:0))
2023-10-27 20:14:09,996 [grpc-default-executor-1] INFO  server.RaftServer$Division (RaftServerImpl.java:requestVote(1335)) - 23554148-3e4d-431f-a73e-f2401dbff1d4@group-5A0C10638F91 replies to ELECTION vote request: 3fb99649-c87f-4cc9-b3d9-f5c572ff189c<-23554148-3e4d-431f-a73e-f2401dbff1d4#0:OK-t1. Peer's state: 23554148-3e4d-431f-a73e-f2401dbff1d4@group-5A0C10638F91:t1, leader=null, voted=3fb99649-c87f-4cc9-b3d9-f5c572ff189c, raftlog=Memoized:23554148-3e4d-431f-a73e-f2401dbff1d4@group-5A0C10638F91-SegmentedRaftLog:OPENED:c-1, conf=-1: peers:[3fb99649-c87f-4cc9-b3d9-f5c572ff189c|rpc:10.1.0.32:15041|admin:10.1.0.32:15040|client:10.1.0.32:15039|dataStream:10.1.0.32:15042|priority:1|startupRole:FOLLOWER, 23554148-3e4d-431f-a73e-f2401dbff1d4|rpc:10.1.0.32:15059|admin:10.1.0.32:15058|client:10.1.0.32:15057|dataStream:10.1.0.32:15060|priority:0|startupRole:FOLLOWER, 1407d0d1-39ba-4bc0-b697-1e16e43cd838|rpc:10.1.0.32:15050|admin:10.1.0.32:15049|client:10.1.0.32:15048|dataStream:10.1.0.32:15051|priority:0|startupRole:FOLLOWER]|listeners:[], old=null
2023-10-27 20:14:09,998 [grpc-default-executor-0] INFO  server.RaftServer$Division (RaftServerImpl.java:requestVote(1335)) - 1407d0d1-39ba-4bc0-b697-1e16e43cd838@group-5A0C10638F91 replies to ELECTION vote request: 3fb99649-c87f-4cc9-b3d9-f5c572ff189c<-1407d0d1-39ba-4bc0-b697-1e16e43cd838#0:OK-t1. Peer's state: 1407d0d1-39ba-4bc0-b697-1e16e43cd838@group-5A0C10638F91:t1, leader=null, voted=3fb99649-c87f-4cc9-b3d9-f5c572ff189c, raftlog=Memoized:1407d0d1-39ba-4bc0-b697-1e16e43cd838@group-5A0C10638F91-SegmentedRaftLog:OPENED:c-1, conf=-1: peers:[3fb99649-c87f-4cc9-b3d9-f5c572ff189c|rpc:10.1.0.32:15041|admin:10.1.0.32:15040|client:10.1.0.32:15039|dataStream:10.1.0.32:15042|priority:1|startupRole:FOLLOWER, 23554148-3e4d-431f-a73e-f2401dbff1d4|rpc:10.1.0.32:15059|admin:10.1.0.32:15058|client:10.1.0.32:15057|dataStream:10.1.0.32:15060|priority:0|startupRole:FOLLOWER, 1407d0d1-39ba-4bc0-b697-1e16e43cd838|rpc:10.1.0.32:15050|admin:10.1.0.32:15049|client:10.1.0.32:15048|dataStream:10.1.0.32:15051|priority:0|startupRole:FOLLOWER]|listeners:[], old=null
2023-10-27 20:14:09,998 [3fb99649-c87f-4cc9-b3d9-f5c572ff189c@group-5A0C10638F91-LeaderElection8] INFO  impl.LeaderElection (LeaderElection.java:logAndReturn(90)) - 3fb99649-c87f-4cc9-b3d9-f5c572ff189c@group-5A0C10638F91-LeaderElection8: ELECTION PASSED received 1 response(s) and 0 exception(s):
2023-10-27 20:14:09,998 [3fb99649-c87f-4cc9-b3d9-f5c572ff189c@group-5A0C10638F91-LeaderElection8] INFO  impl.LeaderElection (LeaderElection.java:logAndReturn(94)) -   Response 0: 3fb99649-c87f-4cc9-b3d9-f5c572ff189c<-23554148-3e4d-431f-a73e-f2401dbff1d4#0:OK-t1
2023-10-27 20:14:09,998 [3fb99649-c87f-4cc9-b3d9-f5c572ff189c@group-5A0C10638F91-LeaderElection8] INFO  impl.LeaderElection (LeaderElection.java:askForVotes(323)) - 3fb99649-c87f-4cc9-b3d9-f5c572ff189c@group-5A0C10638F91-LeaderElection8 ELECTION round 0: result PASSED
2023-10-27 20:14:09,998 [3fb99649-c87f-4cc9-b3d9-f5c572ff189c@group-5A0C10638F91-LeaderElection8] INFO  impl.RoleInfo (RoleInfo.java:shutdownLeaderElection(130)) - 3fb99649-c87f-4cc9-b3d9-f5c572ff189c: shutdown 3fb99649-c87f-4cc9-b3d9-f5c572ff189c@group-5A0C10638F91-LeaderElection8
2023-10-27 20:14:09,998 [3fb99649-c87f-4cc9-b3d9-f5c572ff189c@group-5A0C10638F91-LeaderElection8] INFO  server.RaftServer$Division (RaftServerImpl.java:setRole(329)) - 3fb99649-c87f-4cc9-b3d9-f5c572ff189c@group-5A0C10638F91: changes role from CANDIDATE to LEADER at term 1 for changeToLeader
2023-10-27 20:14:09,998 [3fb99649-c87f-4cc9-b3d9-f5c572ff189c@group-5A0C10638F91-LeaderElection8] INFO  ratis.XceiverServerRatis (XceiverServerRatis.java:handleLeaderChangedNotification(903)) - Leader change notification received for group: group-5A0C10638F91 with new leaderId: 3fb99649-c87f-4cc9-b3d9-f5c572ff189c
2023-10-27 20:14:09,999 [3fb99649-c87f-4cc9-b3d9-f5c572ff189c@group-5A0C10638F91-LeaderElection8] INFO  server.RaftServer$Division (ServerState.java:setLeader(317)) - 3fb99649-c87f-4cc9-b3d9-f5c572ff189c@group-5A0C10638F91: change Leader from null to 3fb99649-c87f-4cc9-b3d9-f5c572ff189c at term 1 for becomeLeader, leader elected after 5166ms
2023-10-27 20:14:09,999 [3fb99649-c87f-4cc9-b3d9-f5c572ff189c@group-5A0C10638F91-LeaderElection8] INFO  server.RaftServerConfigKeys (ConfUtils.java:logGet(46)) - raft.server.staging.catchup.gap = 1000 (default)
2023-10-27 20:14:09,999 [3fb99649-c87f-4cc9-b3d9-f5c572ff189c@group-5A0C10638F91-LeaderElection8] INFO  server.RaftServerConfigKeys (ConfUtils.java:logGet(46)) - raft.server.write.element-limit = 1024 (custom)
2023-10-27 20:14:09,999 [3fb99649-c87f-4cc9-b3d9-f5c572ff189c@group-5A0C10638F91-LeaderElection8] INFO  server.RaftServerConfigKeys (ConfUtils.java:logGet(46)) - raft.server.write.byte-limit = 1024 M (=1073741824) (custom)
2023-10-27 20:14:09,999 [3fb99649-c87f-4cc9-b3d9-f5c572ff189c@group-5A0C10638F91-LeaderElection8] INFO  server.RaftServerConfigKeys (ConfUtils.java:logGet(46)) - raft.server.watch.timeout = 180s (custom)
2023-10-27 20:14:10,000 [3fb99649-c87f-4cc9-b3d9-f5c572ff189c@group-5A0C10638F91-LeaderElection8] INFO  server.RaftServerConfigKeys (ConfUtils.java:logGet(46)) - raft.server.watch.timeout.denomination = 1s (default)
2023-10-27 20:14:10,000 [3fb99649-c87f-4cc9-b3d9-f5c572ff189c@group-5A0C10638F91-LeaderElection8] INFO  server.RaftServerConfigKeys (ConfUtils.java:logGet(46)) - raft.server.watch.element-limit = 65536 (default)
2023-10-27 20:14:10,000 [3fb99649-c87f-4cc9-b3d9-f5c572ff189c@group-5A0C10638F91-LeaderElection8] INFO  server.RaftServerConfigKeys (ConfUtils.java:logGet(46)) - raft.server.write.element-limit = 1024 (custom)
2023-10-27 20:14:10,000 [3fb99649-c87f-4cc9-b3d9-f5c572ff189c@group-5A0C10638F91-LeaderElection8] INFO  server.RaftServerConfigKeys (ConfUtils.java:logGet(46)) - raft.server.write.follower.gap.ratio.max = -1.0 (default)
2023-10-27 20:14:10,001 [3fb99649-c87f-4cc9-b3d9-f5c572ff189c@group-5A0C10638F91-LeaderElection8] INFO  server.RaftServerConfigKeys (ConfUtils.java:logGet(46)) - raft.server.log.appender.snapshot.chunk.size.max = 16MB (=16777216) (default)
2023-10-27 20:14:10,001 [3fb99649-c87f-4cc9-b3d9-f5c572ff189c@group-5A0C10638F91-LeaderElection8] INFO  server.RaftServerConfigKeys (ConfUtils.java:logGet(46)) - raft.server.log.appender.buffer.byte-limit = 33554432 (custom)
2023-10-27 20:14:10,001 [3fb99649-c87f-4cc9-b3d9-f5c572ff189c@group-5A0C10638F91-LeaderElection8] INFO  server.RaftServerConfigKeys (ConfUtils.java:logGet(46)) - raft.server.log.appender.buffer.element-limit = 1 (custom)
2023-10-27 20:14:10,001 [3fb99649-c87f-4cc9-b3d9-f5c572ff189c@group-5A0C10638F91-LeaderElection8] INFO  server.RaftServerConfigKeys (ConfUtils.java:logGet(46)) - raft.server.log.appender.wait-time.min = 1ms (custom)
2023-10-27 20:14:10,004 [EventQueue-PipelineReportForPipelineReportHandler] INFO  pipeline.PipelineReportHandler (PipelineReportHandler.java:processPipelineReport(136)) - Opened pipeline PipelineID=18e9d5d2-3951-48aa-a34d-5a0c10638f91
2023-10-27 20:14:10,007 [grpc-default-executor-5] INFO  impl.VoteContext (VoteContext.java:log(49)) - 1407d0d1-39ba-4bc0-b697-1e16e43cd838@group-5A0C10638F91-FOLLOWER: accept PRE_VOTE from 3fb99649-c87f-4cc9-b3d9-f5c572ff189c: our priority 0 <= candidate's priority 1
2023-10-27 20:14:10,001 [3fb99649-c87f-4cc9-b3d9-f5c572ff189c@group-5A0C10638F91-LeaderElection8] INFO  grpc.GrpcConfigKeys (ConfUtils.java:logGet(46)) - raft.grpc.server.leader.outstanding.appends.max = 128 (default)
2023-10-27 20:14:10,008 [grpc-default-executor-5] INFO  server.RaftServer$Division (RaftServerImpl.java:requestVote(1335)) - 1407d0d1-39ba-4bc0-b697-1e16e43cd838@group-5A0C10638F91 replies to PRE_VOTE vote request: 3fb99649-c87f-4cc9-b3d9-f5c572ff189c<-1407d0d1-39ba-4bc0-b697-1e16e43cd838#0:OK-t1. Peer's state: 1407d0d1-39ba-4bc0-b697-1e16e43cd838@group-5A0C10638F91:t1, leader=null, voted=3fb99649-c87f-4cc9-b3d9-f5c572ff189c, raftlog=Memoized:1407d0d1-39ba-4bc0-b697-1e16e43cd838@group-5A0C10638F91-SegmentedRaftLog:OPENED:c-1, conf=-1: peers:[3fb99649-c87f-4cc9-b3d9-f5c572ff189c|rpc:10.1.0.32:15041|admin:10.1.0.32:15040|client:10.1.0.32:15039|dataStream:10.1.0.32:15042|priority:1|startupRole:FOLLOWER, 23554148-3e4d-431f-a73e-f2401dbff1d4|rpc:10.1.0.32:15059|admin:10.1.0.32:15058|client:10.1.0.32:15057|dataStream:10.1.0.32:15060|priority:0|startupRole:FOLLOWER, 1407d0d1-39ba-4bc0-b697-1e16e43cd838|rpc:10.1.0.32:15050|admin:10.1.0.32:15049|client:10.1.0.32:15048|dataStream:10.1.0.32:15051|priority:0|startupRole:FOLLOWER]|listeners:[], old=null
2023-10-27 20:14:10,008 [3fb99649-c87f-4cc9-b3d9-f5c572ff189c@group-5A0C10638F91-LeaderElection8] INFO  server.RaftServerConfigKeys (ConfUtils.java:logGet(46)) - raft.server.rpc.request.timeout = 60s (custom)
2023-10-27 20:14:10,008 [3fb99649-c87f-4cc9-b3d9-f5c572ff189c@group-5A0C10638F91-LeaderElection8] INFO  grpc.GrpcConfigKeys (ConfUtils.java:logGet(46)) - raft.grpc.server.install_snapshot.request.element-limit = 8 (default)
2023-10-27 20:14:10,008 [3fb99649-c87f-4cc9-b3d9-f5c572ff189c@group-5A0C10638F91-LeaderElection8] INFO  grpc.GrpcConfigKeys (ConfUtils.java:logGet(46)) - raft.grpc.server.install_snapshot.request.timeout = 3000ms (default)
2023-10-27 20:14:10,008 [3fb99649-c87f-4cc9-b3d9-f5c572ff189c@group-5A0C10638F91-LeaderElection8] INFO  server.RaftServerConfigKeys (ConfUtils.java:logGet(46)) - raft.server.log.appender.install.snapshot.enabled = false (custom)
2023-10-27 20:14:10,008 [3fb99649-c87f-4cc9-b3d9-f5c572ff189c@group-5A0C10638F91-LeaderElection8] INFO  grpc.GrpcConfigKeys (ConfUtils.java:logGet(46)) - raft.grpc.server.heartbeat.channel = true (default)
2023-10-27 20:14:10,015 [3fb99649-c87f-4cc9-b3d9-f5c572ff189c@group-5A0C10638F91-LeaderElection8] INFO  server.RaftServerConfigKeys (ConfUtils.java:logGet(46)) - raft.server.log.appender.snapshot.chunk.size.max = 16MB (=16777216) (default)
2023-10-27 20:14:10,015 [3fb99649-c87f-4cc9-b3d9-f5c572ff189c@group-5A0C10638F91-LeaderElection8] INFO  server.RaftServerConfigKeys (ConfUtils.java:logGet(46)) - raft.server.log.appender.buffer.byte-limit = 33554432 (custom)
2023-10-27 20:14:10,015 [3fb99649-c87f-4cc9-b3d9-f5c572ff189c@group-5A0C10638F91-LeaderElection8] INFO  server.RaftServerConfigKeys (ConfUtils.java:logGet(46)) - raft.server.log.appender.buffer.element-limit = 1 (custom)
2023-10-27 20:14:10,016 [3fb99649-c87f-4cc9-b3d9-f5c572ff189c@group-5A0C10638F91-LeaderElection8] INFO  server.RaftServerConfigKeys (ConfUtils.java:logGet(46)) - raft.server.log.appender.wait-time.min = 1ms (custom)
2023-10-27 20:14:10,016 [3fb99649-c87f-4cc9-b3d9-f5c572ff189c@group-5A0C10638F91-LeaderElection8] INFO  grpc.GrpcConfigKeys (ConfUtils.java:logGet(46)) - raft.grpc.server.leader.outstanding.appends.max = 128 (default)
2023-10-27 20:14:10,016 [3fb99649-c87f-4cc9-b3d9-f5c572ff189c@group-5A0C10638F91-LeaderElection8] INFO  server.RaftServerConfigKeys (ConfUtils.java:logGet(46)) - raft.server.rpc.request.timeout = 60s (custom)
2023-10-27 20:14:10,016 [3fb99649-c87f-4cc9-b3d9-f5c572ff189c@group-5A0C10638F91-LeaderElection8] INFO  grpc.GrpcConfigKeys (ConfUtils.java:logGet(46)) - raft.grpc.server.install_snapshot.request.element-limit = 8 (default)
2023-10-27 20:14:10,016 [3fb99649-c87f-4cc9-b3d9-f5c572ff189c@group-5A0C10638F91-LeaderElection8] INFO  grpc.GrpcConfigKeys (ConfUtils.java:logGet(46)) - raft.grpc.server.install_snapshot.request.timeout = 3000ms (default)
2023-10-27 20:14:10,016 [3fb99649-c87f-4cc9-b3d9-f5c572ff189c@group-5A0C10638F91-LeaderElection8] INFO  server.RaftServerConfigKeys (ConfUtils.java:logGet(46)) - raft.server.log.appender.install.snapshot.enabled = false (custom)
2023-10-27 20:14:10,016 [3fb99649-c87f-4cc9-b3d9-f5c572ff189c@group-5A0C10638F91-LeaderElection8] INFO  grpc.GrpcConfigKeys (ConfUtils.java:logGet(46)) - raft.grpc.server.heartbeat.channel = true (default)
2023-10-27 20:14:10,017 [3fb99649-c87f-4cc9-b3d9-f5c572ff189c@group-5A0C10638F91-LeaderElection8] INFO  impl.RoleInfo (RoleInfo.java:updateAndGet(139)) - 3fb99649-c87f-4cc9-b3d9-f5c572ff189c: start 3fb99649-c87f-4cc9-b3d9-f5c572ff189c@group-5A0C10638F91-LeaderStateImpl
2023-10-27 20:14:10,017 [3fb99649-c87f-4cc9-b3d9-f5c572ff189c@group-5A0C10638F91-LeaderElection8] INFO  segmented.SegmentedRaftLogWorker (SegmentedRaftLogWorker.java:startLogSegment(447)) - 3fb99649-c87f-4cc9-b3d9-f5c572ff189c@group-5A0C10638F91-SegmentedRaftLogWorker: Starting segment from index:0
2023-10-27 20:14:10,020 [3fb99649-c87f-4cc9-b3d9-f5c572ff189c@group-5A0C10638F91-SegmentedRaftLogWorker] INFO  segmented.SegmentedRaftLogWorker (SegmentedRaftLogWorker.java:execute(651)) - 3fb99649-c87f-4cc9-b3d9-f5c572ff189c@group-5A0C10638F91-SegmentedRaftLogWorker: created new log segment /home/runner/work/ozone/ozone/hadoop-ozone/integration-test/target/test-dir/MiniOzoneClusterImpl-60426a9d-3de2-4373-b08b-24a22c9da129/datanode-3/data/ratis/18e9d5d2-3951-48aa-a34d-5a0c10638f91/current/log_inprogress_0
2023-10-27 20:14:10,027 [3fb99649-c87f-4cc9-b3d9-f5c572ff189c@group-5A0C10638F91-LeaderElection8] INFO  server.RaftServer$Division (ServerState.java:setRaftConf(434)) - 3fb99649-c87f-4cc9-b3d9-f5c572ff189c@group-5A0C10638F91: set configuration 0: peers:[3fb99649-c87f-4cc9-b3d9-f5c572ff189c|rpc:10.1.0.32:15041|admin:10.1.0.32:15040|client:10.1.0.32:15039|dataStream:10.1.0.32:15042|priority:1|startupRole:FOLLOWER, 23554148-3e4d-431f-a73e-f2401dbff1d4|rpc:10.1.0.32:15059|admin:10.1.0.32:15058|client:10.1.0.32:15057|dataStream:10.1.0.32:15060|priority:0|startupRole:FOLLOWER, 1407d0d1-39ba-4bc0-b697-1e16e43cd838|rpc:10.1.0.32:15050|admin:10.1.0.32:15049|client:10.1.0.32:15048|dataStream:10.1.0.32:15051|priority:0|startupRole:FOLLOWER]|listeners:[], old=null
2023-10-27 20:14:10,048 [1407d0d1-39ba-4bc0-b697-1e16e43cd838-server-thread2] INFO  ratis.XceiverServerRatis (XceiverServerRatis.java:handleLeaderChangedNotification(903)) - Leader change notification received for group: group-5A0C10638F91 with new leaderId: 3fb99649-c87f-4cc9-b3d9-f5c572ff189c
2023-10-27 20:14:10,048 [1407d0d1-39ba-4bc0-b697-1e16e43cd838-server-thread2] INFO  server.RaftServer$Division (ServerState.java:setLeader(317)) - 1407d0d1-39ba-4bc0-b697-1e16e43cd838@group-5A0C10638F91: change Leader from null to 3fb99649-c87f-4cc9-b3d9-f5c572ff189c at term 1 for appendEntries, leader elected after 4939ms
2023-10-27 20:14:10,060 [1407d0d1-39ba-4bc0-b697-1e16e43cd838-server-thread2] INFO  server.RaftServer$Division (ServerState.java:setRaftConf(434)) - 1407d0d1-39ba-4bc0-b697-1e16e43cd838@group-5A0C10638F91: set configuration 0: peers:[3fb99649-c87f-4cc9-b3d9-f5c572ff189c|rpc:10.1.0.32:15041|admin:10.1.0.32:15040|client:10.1.0.32:15039|dataStream:10.1.0.32:15042|priority:1|startupRole:FOLLOWER, 23554148-3e4d-431f-a73e-f2401dbff1d4|rpc:10.1.0.32:15059|admin:10.1.0.32:15058|client:10.1.0.32:15057|dataStream:10.1.0.32:15060|priority:0|startupRole:FOLLOWER, 1407d0d1-39ba-4bc0-b697-1e16e43cd838|rpc:10.1.0.32:15050|admin:10.1.0.32:15049|client:10.1.0.32:15048|dataStream:10.1.0.32:15051|priority:0|startupRole:FOLLOWER]|listeners:[], old=null
2023-10-27 20:14:10,060 [1407d0d1-39ba-4bc0-b697-1e16e43cd838-server-thread2] INFO  segmented.SegmentedRaftLogWorker (SegmentedRaftLogWorker.java:startLogSegment(447)) - 1407d0d1-39ba-4bc0-b697-1e16e43cd838@group-5A0C10638F91-SegmentedRaftLogWorker: Starting segment from index:0
2023-10-27 20:14:10,065 [1407d0d1-39ba-4bc0-b697-1e16e43cd838@group-5A0C10638F91-SegmentedRaftLogWorker] INFO  segmented.SegmentedRaftLogWorker (SegmentedRaftLogWorker.java:execute(651)) - 1407d0d1-39ba-4bc0-b697-1e16e43cd838@group-5A0C10638F91-SegmentedRaftLogWorker: created new log segment /home/runner/work/ozone/ozone/hadoop-ozone/integration-test/target/test-dir/MiniOzoneClusterImpl-60426a9d-3de2-4373-b08b-24a22c9da129/datanode-4/data/ratis/18e9d5d2-3951-48aa-a34d-5a0c10638f91/current/log_inprogress_0
2023-10-27 20:14:10,066 [23554148-3e4d-431f-a73e-f2401dbff1d4-server-thread1] INFO  ratis.XceiverServerRatis (XceiverServerRatis.java:handleLeaderChangedNotification(903)) - Leader change notification received for group: group-5A0C10638F91 with new leaderId: 3fb99649-c87f-4cc9-b3d9-f5c572ff189c
2023-10-27 20:14:10,066 [23554148-3e4d-431f-a73e-f2401dbff1d4-server-thread1] INFO  server.RaftServer$Division (ServerState.java:setLeader(317)) - 23554148-3e4d-431f-a73e-f2401dbff1d4@group-5A0C10638F91: change Leader from null to 3fb99649-c87f-4cc9-b3d9-f5c572ff189c at term 1 for appendEntries, leader elected after 4979ms
2023-10-27 20:14:10,070 [23554148-3e4d-431f-a73e-f2401dbff1d4-server-thread2] INFO  server.RaftServer$Division (ServerState.java:setRaftConf(434)) - 23554148-3e4d-431f-a73e-f2401dbff1d4@group-5A0C10638F91: set configuration 0: peers:[3fb99649-c87f-4cc9-b3d9-f5c572ff189c|rpc:10.1.0.32:15041|admin:10.1.0.32:15040|client:10.1.0.32:15039|dataStream:10.1.0.32:15042|priority:1|startupRole:FOLLOWER, 23554148-3e4d-431f-a73e-f2401dbff1d4|rpc:10.1.0.32:15059|admin:10.1.0.32:15058|client:10.1.0.32:15057|dataStream:10.1.0.32:15060|priority:0|startupRole:FOLLOWER, 1407d0d1-39ba-4bc0-b697-1e16e43cd838|rpc:10.1.0.32:15050|admin:10.1.0.32:15049|client:10.1.0.32:15048|dataStream:10.1.0.32:15051|priority:0|startupRole:FOLLOWER]|listeners:[], old=null
2023-10-27 20:14:10,070 [23554148-3e4d-431f-a73e-f2401dbff1d4-server-thread2] INFO  segmented.SegmentedRaftLogWorker (SegmentedRaftLogWorker.java:startLogSegment(447)) - 23554148-3e4d-431f-a73e-f2401dbff1d4@group-5A0C10638F91-SegmentedRaftLogWorker: Starting segment from index:0
2023-10-27 20:14:10,074 [23554148-3e4d-431f-a73e-f2401dbff1d4@group-5A0C10638F91-SegmentedRaftLogWorker] INFO  segmented.SegmentedRaftLogWorker (SegmentedRaftLogWorker.java:execute(651)) - 23554148-3e4d-431f-a73e-f2401dbff1d4@group-5A0C10638F91-SegmentedRaftLogWorker: created new log segment /home/runner/work/ozone/ozone/hadoop-ozone/integration-test/target/test-dir/MiniOzoneClusterImpl-60426a9d-3de2-4373-b08b-24a22c9da129/datanode-5/data/ratis/18e9d5d2-3951-48aa-a34d-5a0c10638f91/current/log_inprogress_0
2023-10-27 20:14:10,127 [1407d0d1-39ba-4bc0-b697-1e16e43cd838@group-6FEEDEC8654C-FollowerState] INFO  impl.FollowerState (FollowerState.java:run(143)) - 1407d0d1-39ba-4bc0-b697-1e16e43cd838@group-6FEEDEC8654C-FollowerState: change to CANDIDATE, lastRpcElapsedTime:5067092299ns, electionTimeout:5045ms
2023-10-27 20:14:10,128 [1407d0d1-39ba-4bc0-b697-1e16e43cd838@group-6FEEDEC8654C-FollowerState] INFO  impl.RoleInfo (RoleInfo.java:shutdownFollowerState(110)) - 1407d0d1-39ba-4bc0-b697-1e16e43cd838: shutdown 1407d0d1-39ba-4bc0-b697-1e16e43cd838@group-6FEEDEC8654C-FollowerState
2023-10-27 20:14:10,128 [1407d0d1-39ba-4bc0-b697-1e16e43cd838@group-6FEEDEC8654C-FollowerState] INFO  server.RaftServer$Division (RaftServerImpl.java:setRole(329)) - 1407d0d1-39ba-4bc0-b697-1e16e43cd838@group-6FEEDEC8654C: changes role from  FOLLOWER to CANDIDATE at term 0 for changeToCandidate
2023-10-27 20:14:10,128 [1407d0d1-39ba-4bc0-b697-1e16e43cd838@group-6FEEDEC8654C-FollowerState] INFO  server.RaftServerConfigKeys (ConfUtils.java:logGet(46)) - raft.server.leaderelection.pre-vote = true (default)
2023-10-27 20:14:10,128 [1407d0d1-39ba-4bc0-b697-1e16e43cd838@group-6FEEDEC8654C-FollowerState] INFO  impl.RoleInfo (RoleInfo.java:updateAndGet(139)) - 1407d0d1-39ba-4bc0-b697-1e16e43cd838: start 1407d0d1-39ba-4bc0-b697-1e16e43cd838@group-6FEEDEC8654C-LeaderElection9
2023-10-27 20:14:10,138 [1407d0d1-39ba-4bc0-b697-1e16e43cd838@group-6FEEDEC8654C-LeaderElection9] INFO  impl.LeaderElection (LeaderElection.java:askForVotes(321)) - 1407d0d1-39ba-4bc0-b697-1e16e43cd838@group-6FEEDEC8654C-LeaderElection9 PRE_VOTE round 0: submit vote requests at term 0 for -1: peers:[1407d0d1-39ba-4bc0-b697-1e16e43cd838|rpc:10.1.0.32:15050|admin:10.1.0.32:15049|client:10.1.0.32:15048|dataStream:10.1.0.32:15051|priority:1|startupRole:FOLLOWER]|listeners:[], old=null
2023-10-27 20:14:10,138 [1407d0d1-39ba-4bc0-b697-1e16e43cd838@group-6FEEDEC8654C-LeaderElection9] INFO  impl.LeaderElection (LeaderElection.java:askForVotes(323)) - 1407d0d1-39ba-4bc0-b697-1e16e43cd838@group-6FEEDEC8654C-LeaderElection9 PRE_VOTE round 0: result PASSED (term=0)
2023-10-27 20:14:10,141 [23554148-3e4d-431f-a73e-f2401dbff1d4@group-F7793AD6C8D1-FollowerState] INFO  impl.FollowerState (FollowerState.java:run(143)) - 23554148-3e4d-431f-a73e-f2401dbff1d4@group-F7793AD6C8D1-FollowerState: change to CANDIDATE, lastRpcElapsedTime:5117052137ns, electionTimeout:5062ms
2023-10-27 20:14:10,141 [23554148-3e4d-431f-a73e-f2401dbff1d4@group-F7793AD6C8D1-FollowerState] INFO  impl.RoleInfo (RoleInfo.java:shutdownFollowerState(110)) - 23554148-3e4d-431f-a73e-f2401dbff1d4: shutdown 23554148-3e4d-431f-a73e-f2401dbff1d4@group-F7793AD6C8D1-FollowerState
2023-10-27 20:14:10,141 [23554148-3e4d-431f-a73e-f2401dbff1d4@group-F7793AD6C8D1-FollowerState] INFO  server.RaftServer$Division (RaftServerImpl.java:setRole(329)) - 23554148-3e4d-431f-a73e-f2401dbff1d4@group-F7793AD6C8D1: changes role from  FOLLOWER to CANDIDATE at term 0 for changeToCandidate
2023-10-27 20:14:10,141 [23554148-3e4d-431f-a73e-f2401dbff1d4@group-F7793AD6C8D1-FollowerState] INFO  server.RaftServerConfigKeys (ConfUtils.java:logGet(46)) - raft.server.leaderelection.pre-vote = true (default)
2023-10-27 20:14:10,141 [23554148-3e4d-431f-a73e-f2401dbff1d4@group-F7793AD6C8D1-FollowerState] INFO  impl.RoleInfo (RoleInfo.java:updateAndGet(139)) - 23554148-3e4d-431f-a73e-f2401dbff1d4: start 23554148-3e4d-431f-a73e-f2401dbff1d4@group-F7793AD6C8D1-LeaderElection10
2023-10-27 20:14:10,142 [1407d0d1-39ba-4bc0-b697-1e16e43cd838@group-6FEEDEC8654C-LeaderElection9] INFO  impl.LeaderElection (LeaderElection.java:askForVotes(321)) - 1407d0d1-39ba-4bc0-b697-1e16e43cd838@group-6FEEDEC8654C-LeaderElection9 ELECTION round 0: submit vote requests at term 1 for -1: peers:[1407d0d1-39ba-4bc0-b697-1e16e43cd838|rpc:10.1.0.32:15050|admin:10.1.0.32:15049|client:10.1.0.32:15048|dataStream:10.1.0.32:15051|priority:1|startupRole:FOLLOWER]|listeners:[], old=null
2023-10-27 20:14:10,142 [1407d0d1-39ba-4bc0-b697-1e16e43cd838@group-6FEEDEC8654C-LeaderElection9] INFO  impl.LeaderElection (LeaderElection.java:askForVotes(323)) - 1407d0d1-39ba-4bc0-b697-1e16e43cd838@group-6FEEDEC8654C-LeaderElection9 ELECTION round 0: result PASSED (term=1)
2023-10-27 20:14:10,144 [1407d0d1-39ba-4bc0-b697-1e16e43cd838@group-6FEEDEC8654C-LeaderElection9] INFO  impl.RoleInfo (RoleInfo.java:shutdownLeaderElection(130)) - 1407d0d1-39ba-4bc0-b697-1e16e43cd838: shutdown 1407d0d1-39ba-4bc0-b697-1e16e43cd838@group-6FEEDEC8654C-LeaderElection9
2023-10-27 20:14:10,144 [1407d0d1-39ba-4bc0-b697-1e16e43cd838@group-6FEEDEC8654C-LeaderElection9] INFO  server.RaftServer$Division (RaftServerImpl.java:setRole(329)) - 1407d0d1-39ba-4bc0-b697-1e16e43cd838@group-6FEEDEC8654C: changes role from CANDIDATE to LEADER at term 1 for changeToLeader
2023-10-27 20:14:10,144 [1407d0d1-39ba-4bc0-b697-1e16e43cd838@group-6FEEDEC8654C-LeaderElection9] INFO  ratis.XceiverServerRatis (XceiverServerRatis.java:handleLeaderChangedNotification(903)) - Leader change notification received for group: group-6FEEDEC8654C with new leaderId: 1407d0d1-39ba-4bc0-b697-1e16e43cd838
2023-10-27 20:14:10,151 [1407d0d1-39ba-4bc0-b697-1e16e43cd838@group-6FEEDEC8654C-LeaderElection9] INFO  server.RaftServer$Division (ServerState.java:setLeader(317)) - 1407d0d1-39ba-4bc0-b697-1e16e43cd838@group-6FEEDEC8654C: change Leader from null to 1407d0d1-39ba-4bc0-b697-1e16e43cd838 at term 1 for becomeLeader, leader elected after 5251ms
2023-10-27 20:14:10,151 [1407d0d1-39ba-4bc0-b697-1e16e43cd838@group-6FEEDEC8654C-LeaderElection9] INFO  server.RaftServerConfigKeys (ConfUtils.java:logGet(46)) - raft.server.staging.catchup.gap = 1000 (default)
2023-10-27 20:14:10,152 [1407d0d1-39ba-4bc0-b697-1e16e43cd838@group-6FEEDEC8654C-LeaderElection9] INFO  server.RaftServerConfigKeys (ConfUtils.java:logGet(46)) - raft.server.write.element-limit = 1024 (custom)
2023-10-27 20:14:10,152 [1407d0d1-39ba-4bc0-b697-1e16e43cd838@group-6FEEDEC8654C-LeaderElection9] INFO  server.RaftServerConfigKeys (ConfUtils.java:logGet(46)) - raft.server.write.byte-limit = 1024 M (=1073741824) (custom)
2023-10-27 20:14:10,152 [1407d0d1-39ba-4bc0-b697-1e16e43cd838@group-6FEEDEC8654C-LeaderElection9] INFO  server.RaftServerConfigKeys (ConfUtils.java:logGet(46)) - raft.server.watch.timeout = 180s (custom)
2023-10-27 20:14:10,152 [1407d0d1-39ba-4bc0-b697-1e16e43cd838@group-6FEEDEC8654C-LeaderElection9] INFO  server.RaftServerConfigKeys (ConfUtils.java:logGet(46)) - raft.server.watch.timeout.denomination = 1s (default)
2023-10-27 20:14:10,152 [1407d0d1-39ba-4bc0-b697-1e16e43cd838@group-6FEEDEC8654C-LeaderElection9] INFO  server.RaftServerConfigKeys (ConfUtils.java:logGet(46)) - raft.server.watch.element-limit = 65536 (default)
2023-10-27 20:14:10,153 [1407d0d1-39ba-4bc0-b697-1e16e43cd838@group-6FEEDEC8654C-LeaderElection9] INFO  server.RaftServerConfigKeys (ConfUtils.java:logGet(46)) - raft.server.write.element-limit = 1024 (custom)
2023-10-27 20:14:10,153 [1407d0d1-39ba-4bc0-b697-1e16e43cd838@group-6FEEDEC8654C-LeaderElection9] INFO  server.RaftServerConfigKeys (ConfUtils.java:logGet(46)) - raft.server.write.follower.gap.ratio.max = -1.0 (default)
2023-10-27 20:14:10,153 [1407d0d1-39ba-4bc0-b697-1e16e43cd838@group-6FEEDEC8654C-LeaderElection9] INFO  impl.RoleInfo (RoleInfo.java:updateAndGet(139)) - 1407d0d1-39ba-4bc0-b697-1e16e43cd838: start 1407d0d1-39ba-4bc0-b697-1e16e43cd838@group-6FEEDEC8654C-LeaderStateImpl
2023-10-27 20:14:10,153 [1407d0d1-39ba-4bc0-b697-1e16e43cd838@group-6FEEDEC8654C-LeaderElection9] INFO  segmented.SegmentedRaftLogWorker (SegmentedRaftLogWorker.java:startLogSegment(447)) - 1407d0d1-39ba-4bc0-b697-1e16e43cd838@group-6FEEDEC8654C-SegmentedRaftLogWorker: Starting segment from index:0
2023-10-27 20:14:10,172 [1407d0d1-39ba-4bc0-b697-1e16e43cd838@group-6FEEDEC8654C-LeaderElection9] INFO  server.RaftServer$Division (ServerState.java:setRaftConf(434)) - 1407d0d1-39ba-4bc0-b697-1e16e43cd838@group-6FEEDEC8654C: set configuration 0: peers:[1407d0d1-39ba-4bc0-b697-1e16e43cd838|rpc:10.1.0.32:15050|admin:10.1.0.32:15049|client:10.1.0.32:15048|dataStream:10.1.0.32:15051|priority:1|startupRole:FOLLOWER]|listeners:[], old=null
2023-10-27 20:14:10,173 [23554148-3e4d-431f-a73e-f2401dbff1d4@group-F7793AD6C8D1-LeaderElection10] INFO  impl.LeaderElection (LeaderElection.java:askForVotes(321)) - 23554148-3e4d-431f-a73e-f2401dbff1d4@group-F7793AD6C8D1-LeaderElection10 PRE_VOTE round 0: submit vote requests at term 0 for -1: peers:[23554148-3e4d-431f-a73e-f2401dbff1d4|rpc:10.1.0.32:15059|admin:10.1.0.32:15058|client:10.1.0.32:15057|dataStream:10.1.0.32:15060|priority:1|startupRole:FOLLOWER]|listeners:[], old=null
2023-10-27 20:14:10,175 [23554148-3e4d-431f-a73e-f2401dbff1d4@group-F7793AD6C8D1-LeaderElection10] INFO  impl.LeaderElection (LeaderElection.java:askForVotes(323)) - 23554148-3e4d-431f-a73e-f2401dbff1d4@group-F7793AD6C8D1-LeaderElection10 PRE_VOTE round 0: result PASSED (term=0)
2023-10-27 20:14:10,174 [1407d0d1-39ba-4bc0-b697-1e16e43cd838@group-6FEEDEC8654C-SegmentedRaftLogWorker] INFO  segmented.SegmentedRaftLogWorker (SegmentedRaftLogWorker.java:execute(651)) - 1407d0d1-39ba-4bc0-b697-1e16e43cd838@group-6FEEDEC8654C-SegmentedRaftLogWorker: created new log segment /home/runner/work/ozone/ozone/hadoop-ozone/integration-test/target/test-dir/MiniOzoneClusterImpl-60426a9d-3de2-4373-b08b-24a22c9da129/datanode-4/data/ratis/254b3c3c-50bf-42ad-8268-6feedec8654c/current/log_inprogress_0
2023-10-27 20:14:10,181 [23554148-3e4d-431f-a73e-f2401dbff1d4@group-F7793AD6C8D1-LeaderElection10] INFO  impl.LeaderElection (LeaderElection.java:askForVotes(321)) - 23554148-3e4d-431f-a73e-f2401dbff1d4@group-F7793AD6C8D1-LeaderElection10 ELECTION round 0: submit vote requests at term 1 for -1: peers:[23554148-3e4d-431f-a73e-f2401dbff1d4|rpc:10.1.0.32:15059|admin:10.1.0.32:15058|client:10.1.0.32:15057|dataStream:10.1.0.32:15060|priority:1|startupRole:FOLLOWER]|listeners:[], old=null
2023-10-27 20:14:10,181 [23554148-3e4d-431f-a73e-f2401dbff1d4@group-F7793AD6C8D1-LeaderElection10] INFO  impl.LeaderElection (LeaderElection.java:askForVotes(323)) - 23554148-3e4d-431f-a73e-f2401dbff1d4@group-F7793AD6C8D1-LeaderElection10 ELECTION round 0: result PASSED (term=1)
2023-10-27 20:14:10,181 [23554148-3e4d-431f-a73e-f2401dbff1d4@group-F7793AD6C8D1-LeaderElection10] INFO  impl.RoleInfo (RoleInfo.java:shutdownLeaderElection(130)) - 23554148-3e4d-431f-a73e-f2401dbff1d4: shutdown 23554148-3e4d-431f-a73e-f2401dbff1d4@group-F7793AD6C8D1-LeaderElection10
2023-10-27 20:14:10,181 [23554148-3e4d-431f-a73e-f2401dbff1d4@group-F7793AD6C8D1-LeaderElection10] INFO  server.RaftServer$Division (RaftServerImpl.java:setRole(329)) - 23554148-3e4d-431f-a73e-f2401dbff1d4@group-F7793AD6C8D1: changes role from CANDIDATE to LEADER at term 1 for changeToLeader
2023-10-27 20:14:10,181 [23554148-3e4d-431f-a73e-f2401dbff1d4@group-F7793AD6C8D1-LeaderElection10] INFO  ratis.XceiverServerRatis (XceiverServerRatis.java:handleLeaderChangedNotification(903)) - Leader change notification received for group: group-F7793AD6C8D1 with new leaderId: 23554148-3e4d-431f-a73e-f2401dbff1d4
2023-10-27 20:14:10,183 [23554148-3e4d-431f-a73e-f2401dbff1d4@group-F7793AD6C8D1-LeaderElection10] INFO  server.RaftServer$Division (ServerState.java:setLeader(317)) - 23554148-3e4d-431f-a73e-f2401dbff1d4@group-F7793AD6C8D1: change Leader from null to 23554148-3e4d-431f-a73e-f2401dbff1d4 at term 1 for becomeLeader, leader elected after 5274ms
2023-10-27 20:14:10,183 [23554148-3e4d-431f-a73e-f2401dbff1d4@group-F7793AD6C8D1-LeaderElection10] INFO  server.RaftServerConfigKeys (ConfUtils.java:logGet(46)) - raft.server.staging.catchup.gap = 1000 (default)
2023-10-27 20:14:10,183 [23554148-3e4d-431f-a73e-f2401dbff1d4@group-F7793AD6C8D1-LeaderElection10] INFO  server.RaftServerConfigKeys (ConfUtils.java:logGet(46)) - raft.server.write.element-limit = 1024 (custom)
2023-10-27 20:14:10,183 [23554148-3e4d-431f-a73e-f2401dbff1d4@group-F7793AD6C8D1-LeaderElection10] INFO  server.RaftServerConfigKeys (ConfUtils.java:logGet(46)) - raft.server.write.byte-limit = 1024 M (=1073741824) (custom)
2023-10-27 20:14:10,184 [23554148-3e4d-431f-a73e-f2401dbff1d4@group-F7793AD6C8D1-LeaderElection10] INFO  server.RaftServerConfigKeys (ConfUtils.java:logGet(46)) - raft.server.watch.timeout = 180s (custom)
2023-10-27 20:14:10,184 [23554148-3e4d-431f-a73e-f2401dbff1d4@group-F7793AD6C8D1-LeaderElection10] INFO  server.RaftServerConfigKeys (ConfUtils.java:logGet(46)) - raft.server.watch.timeout.denomination = 1s (default)
2023-10-27 20:14:10,184 [23554148-3e4d-431f-a73e-f2401dbff1d4@group-F7793AD6C8D1-LeaderElection10] INFO  server.RaftServerConfigKeys (ConfUtils.java:logGet(46)) - raft.server.watch.element-limit = 65536 (default)
2023-10-27 20:14:10,184 [23554148-3e4d-431f-a73e-f2401dbff1d4@group-F7793AD6C8D1-LeaderElection10] INFO  server.RaftServerConfigKeys (ConfUtils.java:logGet(46)) - raft.server.write.element-limit = 1024 (custom)
2023-10-27 20:14:10,184 [23554148-3e4d-431f-a73e-f2401dbff1d4@group-F7793AD6C8D1-LeaderElection10] INFO  server.RaftServerConfigKeys (ConfUtils.java:logGet(46)) - raft.server.write.follower.gap.ratio.max = -1.0 (default)
2023-10-27 20:14:10,184 [23554148-3e4d-431f-a73e-f2401dbff1d4@group-F7793AD6C8D1-LeaderElection10] INFO  impl.RoleInfo (RoleInfo.java:updateAndGet(139)) - 23554148-3e4d-431f-a73e-f2401dbff1d4: start 23554148-3e4d-431f-a73e-f2401dbff1d4@group-F7793AD6C8D1-LeaderStateImpl
2023-10-27 20:14:10,185 [23554148-3e4d-431f-a73e-f2401dbff1d4@group-F7793AD6C8D1-LeaderElection10] INFO  segmented.SegmentedRaftLogWorker (SegmentedRaftLogWorker.java:startLogSegment(447)) - 23554148-3e4d-431f-a73e-f2401dbff1d4@group-F7793AD6C8D1-SegmentedRaftLogWorker: Starting segment from index:0
2023-10-27 20:14:10,189 [23554148-3e4d-431f-a73e-f2401dbff1d4@group-F7793AD6C8D1-SegmentedRaftLogWorker] INFO  segmented.SegmentedRaftLogWorker (SegmentedRaftLogWorker.java:execute(651)) - 23554148-3e4d-431f-a73e-f2401dbff1d4@group-F7793AD6C8D1-SegmentedRaftLogWorker: created new log segment /home/runner/work/ozone/ozone/hadoop-ozone/integration-test/target/test-dir/MiniOzoneClusterImpl-60426a9d-3de2-4373-b08b-24a22c9da129/datanode-5/data/ratis/cd25c87d-063c-4df4-9307-f7793ad6c8d1/current/log_inprogress_0
2023-10-27 20:14:10,196 [23554148-3e4d-431f-a73e-f2401dbff1d4@group-F7793AD6C8D1-LeaderElection10] INFO  server.RaftServer$Division (ServerState.java:setRaftConf(434)) - 23554148-3e4d-431f-a73e-f2401dbff1d4@group-F7793AD6C8D1: set configuration 0: peers:[23554148-3e4d-431f-a73e-f2401dbff1d4|rpc:10.1.0.32:15059|admin:10.1.0.32:15058|client:10.1.0.32:15057|dataStream:10.1.0.32:15060|priority:1|startupRole:FOLLOWER]|listeners:[], old=null
2023-10-27 20:14:10,291 [main] INFO  ozone.MiniOzoneClusterImpl (MiniOzoneClusterImpl.java:lambda$waitForClusterToBeReady$0(229)) - Nodes are ready. Got 10 of 10 DN Heartbeats.
2023-10-27 20:14:10,291 [main] INFO  ozone.MiniOzoneClusterImpl (MiniOzoneClusterImpl.java:lambda$waitForClusterToBeReady$0(232)) - Cluster exits safe mode
2023-10-27 20:14:10,292 [main] INFO  ozone.MiniOzoneClusterImpl (MiniOzoneClusterImpl.java:lambda$waitForClusterToBeReady$0(234)) - SCM became leader
2023-10-27 20:14:10,377 [fe9b02b7-73ff-430f-9d75-1483ab7beb41@group-6679FA40306C-FollowerState] INFO  impl.FollowerState (FollowerState.java:run(143)) - fe9b02b7-73ff-430f-9d75-1483ab7beb41@group-6679FA40306C-FollowerState: change to CANDIDATE, lastRpcElapsedTime:5038670104ns, electionTimeout:5034ms
2023-10-27 20:14:10,377 [fe9b02b7-73ff-430f-9d75-1483ab7beb41@group-6679FA40306C-FollowerState] INFO  impl.RoleInfo (RoleInfo.java:shutdownFollowerState(110)) - fe9b02b7-73ff-430f-9d75-1483ab7beb41: shutdown fe9b02b7-73ff-430f-9d75-1483ab7beb41@group-6679FA40306C-FollowerState
2023-10-27 20:14:10,377 [fe9b02b7-73ff-430f-9d75-1483ab7beb41@group-6679FA40306C-FollowerState] INFO  server.RaftServer$Division (RaftServerImpl.java:setRole(329)) - fe9b02b7-73ff-430f-9d75-1483ab7beb41@group-6679FA40306C: changes role from  FOLLOWER to CANDIDATE at term 0 for changeToCandidate
2023-10-27 20:14:10,378 [fe9b02b7-73ff-430f-9d75-1483ab7beb41@group-6679FA40306C-FollowerState] INFO  server.RaftServerConfigKeys (ConfUtils.java:logGet(46)) - raft.server.leaderelection.pre-vote = true (default)
2023-10-27 20:14:10,378 [fe9b02b7-73ff-430f-9d75-1483ab7beb41@group-6679FA40306C-FollowerState] INFO  impl.RoleInfo (RoleInfo.java:updateAndGet(139)) - fe9b02b7-73ff-430f-9d75-1483ab7beb41: start fe9b02b7-73ff-430f-9d75-1483ab7beb41@group-6679FA40306C-LeaderElection11
2023-10-27 20:14:10,383 [fe9b02b7-73ff-430f-9d75-1483ab7beb41@group-6679FA40306C-LeaderElection11] INFO  impl.LeaderElection (LeaderElection.java:askForVotes(321)) - fe9b02b7-73ff-430f-9d75-1483ab7beb41@group-6679FA40306C-LeaderElection11 PRE_VOTE round 0: submit vote requests at term 0 for -1: peers:[fe9b02b7-73ff-430f-9d75-1483ab7beb41|rpc:10.1.0.32:15068|admin:10.1.0.32:15067|client:10.1.0.32:15066|dataStream:10.1.0.32:15069|priority:1|startupRole:FOLLOWER]|listeners:[], old=null
2023-10-27 20:14:10,384 [fe9b02b7-73ff-430f-9d75-1483ab7beb41@group-6679FA40306C-LeaderElection11] INFO  impl.LeaderElection (LeaderElection.java:askForVotes(323)) - fe9b02b7-73ff-430f-9d75-1483ab7beb41@group-6679FA40306C-LeaderElection11 PRE_VOTE round 0: result PASSED (term=0)
2023-10-27 20:14:10,388 [fe9b02b7-73ff-430f-9d75-1483ab7beb41@group-6679FA40306C-LeaderElection11] INFO  impl.LeaderElection (LeaderElection.java:askForVotes(321)) - fe9b02b7-73ff-430f-9d75-1483ab7beb41@group-6679FA40306C-LeaderElection11 ELECTION round 0: submit vote requests at term 1 for -1: peers:[fe9b02b7-73ff-430f-9d75-1483ab7beb41|rpc:10.1.0.32:15068|admin:10.1.0.32:15067|client:10.1.0.32:15066|dataStream:10.1.0.32:15069|priority:1|startupRole:FOLLOWER]|listeners:[], old=null
2023-10-27 20:14:10,388 [fe9b02b7-73ff-430f-9d75-1483ab7beb41@group-6679FA40306C-LeaderElection11] INFO  impl.LeaderElection (LeaderElection.java:askForVotes(323)) - fe9b02b7-73ff-430f-9d75-1483ab7beb41@group-6679FA40306C-LeaderElection11 ELECTION round 0: result PASSED (term=1)
2023-10-27 20:14:10,388 [fe9b02b7-73ff-430f-9d75-1483ab7beb41@group-6679FA40306C-LeaderElection11] INFO  impl.RoleInfo (RoleInfo.java:shutdownLeaderElection(130)) - fe9b02b7-73ff-430f-9d75-1483ab7beb41: shutdown fe9b02b7-73ff-430f-9d75-1483ab7beb41@group-6679FA40306C-LeaderElection11
2023-10-27 20:14:10,388 [fe9b02b7-73ff-430f-9d75-1483ab7beb41@group-6679FA40306C-LeaderElection11] INFO  server.RaftServer$Division (RaftServerImpl.java:setRole(329)) - fe9b02b7-73ff-430f-9d75-1483ab7beb41@group-6679FA40306C: changes role from CANDIDATE to LEADER at term 1 for changeToLeader
2023-10-27 20:14:10,388 [fe9b02b7-73ff-430f-9d75-1483ab7beb41@group-6679FA40306C-LeaderElection11] INFO  ratis.XceiverServerRatis (XceiverServerRatis.java:handleLeaderChangedNotification(903)) - Leader change notification received for group: group-6679FA40306C with new leaderId: fe9b02b7-73ff-430f-9d75-1483ab7beb41
2023-10-27 20:14:10,391 [fe9b02b7-73ff-430f-9d75-1483ab7beb41@group-6679FA40306C-LeaderElection11] INFO  server.RaftServer$Division (ServerState.java:setLeader(317)) - fe9b02b7-73ff-430f-9d75-1483ab7beb41@group-6679FA40306C: change Leader from null to fe9b02b7-73ff-430f-9d75-1483ab7beb41 at term 1 for becomeLeader, leader elected after 5222ms
2023-10-27 20:14:10,392 [fe9b02b7-73ff-430f-9d75-1483ab7beb41@group-6679FA40306C-LeaderElection11] INFO  server.RaftServerConfigKeys (ConfUtils.java:logGet(46)) - raft.server.staging.catchup.gap = 1000 (default)
2023-10-27 20:14:10,392 [fe9b02b7-73ff-430f-9d75-1483ab7beb41@group-6679FA40306C-LeaderElection11] INFO  server.RaftServerConfigKeys (ConfUtils.java:logGet(46)) - raft.server.write.element-limit = 1024 (custom)
2023-10-27 20:14:10,392 [fe9b02b7-73ff-430f-9d75-1483ab7beb41@group-6679FA40306C-LeaderElection11] INFO  server.RaftServerConfigKeys (ConfUtils.java:logGet(46)) - raft.server.write.byte-limit = 1024 M (=1073741824) (custom)
2023-10-27 20:14:10,394 [fe9b02b7-73ff-430f-9d75-1483ab7beb41@group-6679FA40306C-LeaderElection11] INFO  server.RaftServerConfigKeys (ConfUtils.java:logGet(46)) - raft.server.watch.timeout = 180s (custom)
2023-10-27 20:14:10,394 [fe9b02b7-73ff-430f-9d75-1483ab7beb41@group-6679FA40306C-LeaderElection11] INFO  server.RaftServerConfigKeys (ConfUtils.java:logGet(46)) - raft.server.watch.timeout.denomination = 1s (default)
2023-10-27 20:14:10,394 [fe9b02b7-73ff-430f-9d75-1483ab7beb41@group-6679FA40306C-LeaderElection11] INFO  server.RaftServerConfigKeys (ConfUtils.java:logGet(46)) - raft.server.watch.element-limit = 65536 (default)
2023-10-27 20:14:10,394 [fe9b02b7-73ff-430f-9d75-1483ab7beb41@group-6679FA40306C-LeaderElection11] INFO  server.RaftServerConfigKeys (ConfUtils.java:logGet(46)) - raft.server.write.element-limit = 1024 (custom)
2023-10-27 20:14:10,394 [fe9b02b7-73ff-430f-9d75-1483ab7beb41@group-6679FA40306C-LeaderElection11] INFO  server.RaftServerConfigKeys (ConfUtils.java:logGet(46)) - raft.server.write.follower.gap.ratio.max = -1.0 (default)
2023-10-27 20:14:10,394 [fe9b02b7-73ff-430f-9d75-1483ab7beb41@group-6679FA40306C-LeaderElection11] INFO  impl.RoleInfo (RoleInfo.java:updateAndGet(139)) - fe9b02b7-73ff-430f-9d75-1483ab7beb41: start fe9b02b7-73ff-430f-9d75-1483ab7beb41@group-6679FA40306C-LeaderStateImpl
2023-10-27 20:14:10,396 [fe9b02b7-73ff-430f-9d75-1483ab7beb41@group-6679FA40306C-LeaderElection11] INFO  segmented.SegmentedRaftLogWorker (SegmentedRaftLogWorker.java:startLogSegment(447)) - fe9b02b7-73ff-430f-9d75-1483ab7beb41@group-6679FA40306C-SegmentedRaftLogWorker: Starting segment from index:0
2023-10-27 20:14:10,400 [fe9b02b7-73ff-430f-9d75-1483ab7beb41@group-6679FA40306C-SegmentedRaftLogWorker] INFO  segmented.SegmentedRaftLogWorker (SegmentedRaftLogWorker.java:execute(651)) - fe9b02b7-73ff-430f-9d75-1483ab7beb41@group-6679FA40306C-SegmentedRaftLogWorker: created new log segment /home/runner/work/ozone/ozone/hadoop-ozone/integration-test/target/test-dir/MiniOzoneClusterImpl-60426a9d-3de2-4373-b08b-24a22c9da129/datanode-6/data/ratis/c6409f40-347f-4249-a917-6679fa40306c/current/log_inprogress_0
2023-10-27 20:14:10,405 [fe9b02b7-73ff-430f-9d75-1483ab7beb41@group-6679FA40306C-LeaderElection11] INFO  server.RaftServer$Division (ServerState.java:setRaftConf(434)) - fe9b02b7-73ff-430f-9d75-1483ab7beb41@group-6679FA40306C: set configuration 0: peers:[fe9b02b7-73ff-430f-9d75-1483ab7beb41|rpc:10.1.0.32:15068|admin:10.1.0.32:15067|client:10.1.0.32:15066|dataStream:10.1.0.32:15069|priority:1|startupRole:FOLLOWER]|listeners:[], old=null
2023-10-27 20:14:10,672 [fe9b02b7-73ff-430f-9d75-1483ab7beb41@group-C71ED06640E5-FollowerState] INFO  impl.FollowerState (FollowerState.java:run(143)) - fe9b02b7-73ff-430f-9d75-1483ab7beb41@group-C71ED06640E5-FollowerState: change to CANDIDATE, lastRpcElapsedTime:5168390604ns, electionTimeout:5120ms
2023-10-27 20:14:10,673 [fe9b02b7-73ff-430f-9d75-1483ab7beb41@group-C71ED06640E5-FollowerState] INFO  impl.RoleInfo (RoleInfo.java:shutdownFollowerState(110)) - fe9b02b7-73ff-430f-9d75-1483ab7beb41: shutdown fe9b02b7-73ff-430f-9d75-1483ab7beb41@group-C71ED06640E5-FollowerState
2023-10-27 20:14:10,673 [fe9b02b7-73ff-430f-9d75-1483ab7beb41@group-C71ED06640E5-FollowerState] INFO  server.RaftServer$Division (RaftServerImpl.java:setRole(329)) - fe9b02b7-73ff-430f-9d75-1483ab7beb41@group-C71ED06640E5: changes role from  FOLLOWER to CANDIDATE at term 0 for changeToCandidate
2023-10-27 20:14:10,673 [fe9b02b7-73ff-430f-9d75-1483ab7beb41@group-C71ED06640E5-FollowerState] INFO  server.RaftServerConfigKeys (ConfUtils.java:logGet(46)) - raft.server.leaderelection.pre-vote = true (default)
2023-10-27 20:14:10,673 [fe9b02b7-73ff-430f-9d75-1483ab7beb41@group-C71ED06640E5-FollowerState] INFO  impl.RoleInfo (RoleInfo.java:updateAndGet(139)) - fe9b02b7-73ff-430f-9d75-1483ab7beb41: start fe9b02b7-73ff-430f-9d75-1483ab7beb41@group-C71ED06640E5-LeaderElection12
2023-10-27 20:14:10,678 [fe9b02b7-73ff-430f-9d75-1483ab7beb41@group-C71ED06640E5-LeaderElection12] INFO  impl.LeaderElection (LeaderElection.java:askForVotes(321)) - fe9b02b7-73ff-430f-9d75-1483ab7beb41@group-C71ED06640E5-LeaderElection12 PRE_VOTE round 0: submit vote requests at term 0 for -1: peers:[f612f2cf-90dc-41dc-bf39-cf028d38c484|rpc:10.1.0.32:15077|admin:10.1.0.32:15076|client:10.1.0.32:15075|dataStream:10.1.0.32:15078|priority:0|startupRole:FOLLOWER, 55507c8a-594d-4e25-909f-8d2832294c55|rpc:10.1.0.32:15086|admin:10.1.0.32:15085|client:10.1.0.32:15084|dataStream:10.1.0.32:15087|priority:0|startupRole:FOLLOWER, fe9b02b7-73ff-430f-9d75-1483ab7beb41|rpc:10.1.0.32:15068|admin:10.1.0.32:15067|client:10.1.0.32:15066|dataStream:10.1.0.32:15069|priority:1|startupRole:FOLLOWER]|listeners:[], old=null
2023-10-27 20:14:10,679 [fe9b02b7-73ff-430f-9d75-1483ab7beb41@group-C71ED06640E5-LeaderElection12-1] INFO  server.GrpcServerProtocolClient (GrpcServerProtocolClient.java:<init>(65)) - Build channel for f612f2cf-90dc-41dc-bf39-cf028d38c484
2023-10-27 20:14:10,680 [fe9b02b7-73ff-430f-9d75-1483ab7beb41@group-C71ED06640E5-LeaderElection12] INFO  server.RaftServerConfigKeys (ConfUtils.java:logFallback(53)) - raft.server.rpc.first-election.timeout.min = 5s (fallback to raft.server.rpc.timeout.min)
2023-10-27 20:14:10,680 [fe9b02b7-73ff-430f-9d75-1483ab7beb41@group-C71ED06640E5-LeaderElection12] INFO  server.RaftServerConfigKeys (ConfUtils.java:logFallback(53)) - raft.server.rpc.first-election.timeout.max = 5200ms (fallback to raft.server.rpc.timeout.max)
2023-10-27 20:14:10,681 [fe9b02b7-73ff-430f-9d75-1483ab7beb41@group-C71ED06640E5-LeaderElection12-2] INFO  server.GrpcServerProtocolClient (GrpcServerProtocolClient.java:<init>(65)) - Build channel for 55507c8a-594d-4e25-909f-8d2832294c55
2023-10-27 20:14:10,710 [grpc-default-executor-3] INFO  server.RaftServer$Division (RaftServerImpl.java:requestVote(1302)) - 55507c8a-594d-4e25-909f-8d2832294c55@group-C71ED06640E5: receive requestVote(PRE_VOTE, fe9b02b7-73ff-430f-9d75-1483ab7beb41, group-C71ED06640E5, 0, (t:0, i:0))
2023-10-27 20:14:10,710 [grpc-default-executor-3] INFO  impl.VoteContext (VoteContext.java:log(49)) - 55507c8a-594d-4e25-909f-8d2832294c55@group-C71ED06640E5-FOLLOWER: accept PRE_VOTE from fe9b02b7-73ff-430f-9d75-1483ab7beb41: our priority 0 <= candidate's priority 1
2023-10-27 20:14:10,710 [grpc-default-executor-3] INFO  server.RaftServer$Division (RaftServerImpl.java:requestVote(1335)) - 55507c8a-594d-4e25-909f-8d2832294c55@group-C71ED06640E5 replies to PRE_VOTE vote request: fe9b02b7-73ff-430f-9d75-1483ab7beb41<-55507c8a-594d-4e25-909f-8d2832294c55#0:OK-t0. Peer's state: 55507c8a-594d-4e25-909f-8d2832294c55@group-C71ED06640E5:t0, leader=null, voted=, raftlog=Memoized:55507c8a-594d-4e25-909f-8d2832294c55@group-C71ED06640E5-SegmentedRaftLog:OPENED:c-1, conf=-1: peers:[f612f2cf-90dc-41dc-bf39-cf028d38c484|rpc:10.1.0.32:15077|admin:10.1.0.32:15076|client:10.1.0.32:15075|dataStream:10.1.0.32:15078|priority:0|startupRole:FOLLOWER, 55507c8a-594d-4e25-909f-8d2832294c55|rpc:10.1.0.32:15086|admin:10.1.0.32:15085|client:10.1.0.32:15084|dataStream:10.1.0.32:15087|priority:0|startupRole:FOLLOWER, fe9b02b7-73ff-430f-9d75-1483ab7beb41|rpc:10.1.0.32:15068|admin:10.1.0.32:15067|client:10.1.0.32:15066|dataStream:10.1.0.32:15069|priority:1|startupRole:FOLLOWER]|listeners:[], old=null
2023-10-27 20:14:10,712 [grpc-default-executor-3] INFO  server.RaftServer$Division (RaftServerImpl.java:requestVote(1302)) - f612f2cf-90dc-41dc-bf39-cf028d38c484@group-C71ED06640E5: receive requestVote(PRE_VOTE, fe9b02b7-73ff-430f-9d75-1483ab7beb41, group-C71ED06640E5, 0, (t:0, i:0))
2023-10-27 20:14:10,712 [grpc-default-executor-3] INFO  impl.VoteContext (VoteContext.java:log(49)) - f612f2cf-90dc-41dc-bf39-cf028d38c484@group-C71ED06640E5-FOLLOWER: accept PRE_VOTE from fe9b02b7-73ff-430f-9d75-1483ab7beb41: our priority 0 <= candidate's priority 1
2023-10-27 20:14:10,712 [grpc-default-executor-3] INFO  server.RaftServer$Division (RaftServerImpl.java:requestVote(1335)) - f612f2cf-90dc-41dc-bf39-cf028d38c484@group-C71ED06640E5 replies to PRE_VOTE vote request: fe9b02b7-73ff-430f-9d75-1483ab7beb41<-f612f2cf-90dc-41dc-bf39-cf028d38c484#0:OK-t0. Peer's state: f612f2cf-90dc-41dc-bf39-cf028d38c484@group-C71ED06640E5:t0, leader=null, voted=, raftlog=Memoized:f612f2cf-90dc-41dc-bf39-cf028d38c484@group-C71ED06640E5-SegmentedRaftLog:OPENED:c-1, conf=-1: peers:[f612f2cf-90dc-41dc-bf39-cf028d38c484|rpc:10.1.0.32:15077|admin:10.1.0.32:15076|client:10.1.0.32:15075|dataStream:10.1.0.32:15078|priority:0|startupRole:FOLLOWER, 55507c8a-594d-4e25-909f-8d2832294c55|rpc:10.1.0.32:15086|admin:10.1.0.32:15085|client:10.1.0.32:15084|dataStream:10.1.0.32:15087|priority:0|startupRole:FOLLOWER, fe9b02b7-73ff-430f-9d75-1483ab7beb41|rpc:10.1.0.32:15068|admin:10.1.0.32:15067|client:10.1.0.32:15066|dataStream:10.1.0.32:15069|priority:1|startupRole:FOLLOWER]|listeners:[], old=null
2023-10-27 20:14:10,720 [fe9b02b7-73ff-430f-9d75-1483ab7beb41@group-C71ED06640E5-LeaderElection12] INFO  impl.LeaderElection (LeaderElection.java:logAndReturn(90)) - fe9b02b7-73ff-430f-9d75-1483ab7beb41@group-C71ED06640E5-LeaderElection12: PRE_VOTE PASSED received 1 response(s) and 0 exception(s):
2023-10-27 20:14:10,720 [fe9b02b7-73ff-430f-9d75-1483ab7beb41@group-C71ED06640E5-LeaderElection12] INFO  impl.LeaderElection (LeaderElection.java:logAndReturn(94)) -   Response 0: fe9b02b7-73ff-430f-9d75-1483ab7beb41<-f612f2cf-90dc-41dc-bf39-cf028d38c484#0:OK-t0
2023-10-27 20:14:10,720 [fe9b02b7-73ff-430f-9d75-1483ab7beb41@group-C71ED06640E5-LeaderElection12] INFO  impl.LeaderElection (LeaderElection.java:askForVotes(323)) - fe9b02b7-73ff-430f-9d75-1483ab7beb41@group-C71ED06640E5-LeaderElection12 PRE_VOTE round 0: result PASSED
2023-10-27 20:14:10,727 [fe9b02b7-73ff-430f-9d75-1483ab7beb41@group-C71ED06640E5-LeaderElection12] INFO  impl.LeaderElection (LeaderElection.java:askForVotes(321)) - fe9b02b7-73ff-430f-9d75-1483ab7beb41@group-C71ED06640E5-LeaderElection12 ELECTION round 0: submit vote requests at term 1 for -1: peers:[f612f2cf-90dc-41dc-bf39-cf028d38c484|rpc:10.1.0.32:15077|admin:10.1.0.32:15076|client:10.1.0.32:15075|dataStream:10.1.0.32:15078|priority:0|startupRole:FOLLOWER, 55507c8a-594d-4e25-909f-8d2832294c55|rpc:10.1.0.32:15086|admin:10.1.0.32:15085|client:10.1.0.32:15084|dataStream:10.1.0.32:15087|priority:0|startupRole:FOLLOWER, fe9b02b7-73ff-430f-9d75-1483ab7beb41|rpc:10.1.0.32:15068|admin:10.1.0.32:15067|client:10.1.0.32:15066|dataStream:10.1.0.32:15069|priority:1|startupRole:FOLLOWER]|listeners:[], old=null
2023-10-27 20:14:10,729 [f612f2cf-90dc-41dc-bf39-cf028d38c484@group-B006CA637614-FollowerState] INFO  impl.FollowerState (FollowerState.java:run(143)) - f612f2cf-90dc-41dc-bf39-cf028d38c484@group-B006CA637614-FollowerState: change to CANDIDATE, lastRpcElapsedTime:5155696390ns, electionTimeout:5149ms
2023-10-27 20:14:10,730 [f612f2cf-90dc-41dc-bf39-cf028d38c484@group-B006CA637614-FollowerState] INFO  impl.RoleInfo (RoleInfo.java:shutdownFollowerState(110)) - f612f2cf-90dc-41dc-bf39-cf028d38c484: shutdown f612f2cf-90dc-41dc-bf39-cf028d38c484@group-B006CA637614-FollowerState
2023-10-27 20:14:10,730 [f612f2cf-90dc-41dc-bf39-cf028d38c484@group-B006CA637614-FollowerState] INFO  server.RaftServer$Division (RaftServerImpl.java:setRole(329)) - f612f2cf-90dc-41dc-bf39-cf028d38c484@group-B006CA637614: changes role from  FOLLOWER to CANDIDATE at term 0 for changeToCandidate
2023-10-27 20:14:10,732 [grpc-default-executor-3] INFO  server.RaftServer$Division (RaftServerImpl.java:requestVote(1302)) - f612f2cf-90dc-41dc-bf39-cf028d38c484@group-C71ED06640E5: receive requestVote(ELECTION, fe9b02b7-73ff-430f-9d75-1483ab7beb41, group-C71ED06640E5, 1, (t:0, i:0))
2023-10-27 20:14:10,732 [grpc-default-executor-3] INFO  impl.VoteContext (VoteContext.java:log(49)) - f612f2cf-90dc-41dc-bf39-cf028d38c484@group-C71ED06640E5-FOLLOWER: accept ELECTION from fe9b02b7-73ff-430f-9d75-1483ab7beb41: our priority 0 <= candidate's priority 1
2023-10-27 20:14:10,732 [grpc-default-executor-3] INFO  server.RaftServer$Division (RaftServerImpl.java:setRole(329)) - f612f2cf-90dc-41dc-bf39-cf028d38c484@group-C71ED06640E5: changes role from  FOLLOWER to FOLLOWER at term 1 for candidate:fe9b02b7-73ff-430f-9d75-1483ab7beb41
2023-10-27 20:14:10,733 [grpc-default-executor-3] INFO  impl.RoleInfo (RoleInfo.java:shutdownFollowerState(110)) - f612f2cf-90dc-41dc-bf39-cf028d38c484: shutdown f612f2cf-90dc-41dc-bf39-cf028d38c484@group-C71ED06640E5-FollowerState
2023-10-27 20:14:10,733 [fe9b02b7-73ff-430f-9d75-1483ab7beb41@group-C71ED06640E5-LeaderElection12] INFO  server.RaftServerConfigKeys (ConfUtils.java:logFallback(53)) - raft.server.rpc.first-election.timeout.min = 5s (fallback to raft.server.rpc.timeout.min)
2023-10-27 20:14:10,733 [fe9b02b7-73ff-430f-9d75-1483ab7beb41@group-C71ED06640E5-LeaderElection12] INFO  server.RaftServerConfigKeys (ConfUtils.java:logFallback(53)) - raft.server.rpc.first-election.timeout.max = 5200ms (fallback to raft.server.rpc.timeout.max)
2023-10-27 20:14:10,734 [grpc-default-executor-3] INFO  impl.RoleInfo (RoleInfo.java:updateAndGet(139)) - f612f2cf-90dc-41dc-bf39-cf028d38c484: start f612f2cf-90dc-41dc-bf39-cf028d38c484@group-C71ED06640E5-FollowerState
2023-10-27 20:14:10,734 [f612f2cf-90dc-41dc-bf39-cf028d38c484@group-C71ED06640E5-FollowerState] INFO  impl.FollowerState (FollowerState.java:run(152)) - f612f2cf-90dc-41dc-bf39-cf028d38c484@group-C71ED06640E5-FollowerState was interrupted
2023-10-27 20:14:10,735 [f612f2cf-90dc-41dc-bf39-cf028d38c484@group-B006CA637614-FollowerState] INFO  server.RaftServerConfigKeys (ConfUtils.java:logGet(46)) - raft.server.leaderelection.pre-vote = true (default)
2023-10-27 20:14:10,735 [f612f2cf-90dc-41dc-bf39-cf028d38c484@group-B006CA637614-FollowerState] INFO  impl.RoleInfo (RoleInfo.java:updateAndGet(139)) - f612f2cf-90dc-41dc-bf39-cf028d38c484: start f612f2cf-90dc-41dc-bf39-cf028d38c484@group-B006CA637614-LeaderElection13
2023-10-27 20:14:10,736 [grpc-default-executor-5] INFO  server.RaftServer$Division (RaftServerImpl.java:requestVote(1302)) - 55507c8a-594d-4e25-909f-8d2832294c55@group-C71ED06640E5: receive requestVote(ELECTION, fe9b02b7-73ff-430f-9d75-1483ab7beb41, group-C71ED06640E5, 1, (t:0, i:0))
2023-10-27 20:14:10,737 [grpc-default-executor-3] INFO  server.RaftServer$Division (RaftServerImpl.java:requestVote(1335)) - f612f2cf-90dc-41dc-bf39-cf028d38c484@group-C71ED06640E5 replies to ELECTION vote request: fe9b02b7-73ff-430f-9d75-1483ab7beb41<-f612f2cf-90dc-41dc-bf39-cf028d38c484#0:OK-t1. Peer's state: f612f2cf-90dc-41dc-bf39-cf028d38c484@group-C71ED06640E5:t1, leader=null, voted=fe9b02b7-73ff-430f-9d75-1483ab7beb41, raftlog=Memoized:f612f2cf-90dc-41dc-bf39-cf028d38c484@group-C71ED06640E5-SegmentedRaftLog:OPENED:c-1, conf=-1: peers:[f612f2cf-90dc-41dc-bf39-cf028d38c484|rpc:10.1.0.32:15077|admin:10.1.0.32:15076|client:10.1.0.32:15075|dataStream:10.1.0.32:15078|priority:0|startupRole:FOLLOWER, 55507c8a-594d-4e25-909f-8d2832294c55|rpc:10.1.0.32:15086|admin:10.1.0.32:15085|client:10.1.0.32:15084|dataStream:10.1.0.32:15087|priority:0|startupRole:FOLLOWER, fe9b02b7-73ff-430f-9d75-1483ab7beb41|rpc:10.1.0.32:15068|admin:10.1.0.32:15067|client:10.1.0.32:15066|dataStream:10.1.0.32:15069|priority:1|startupRole:FOLLOWER]|listeners:[], old=null
2023-10-27 20:14:10,753 [fe9b02b7-73ff-430f-9d75-1483ab7beb41@group-C71ED06640E5-LeaderElection12] INFO  impl.LeaderElection (LeaderElection.java:logAndReturn(90)) - fe9b02b7-73ff-430f-9d75-1483ab7beb41@group-C71ED06640E5-LeaderElection12: ELECTION PASSED received 1 response(s) and 0 exception(s):
2023-10-27 20:14:10,753 [fe9b02b7-73ff-430f-9d75-1483ab7beb41@group-C71ED06640E5-LeaderElection12] INFO  impl.LeaderElection (LeaderElection.java:logAndReturn(94)) -   Response 0: fe9b02b7-73ff-430f-9d75-1483ab7beb41<-f612f2cf-90dc-41dc-bf39-cf028d38c484#0:OK-t1
2023-10-27 20:14:10,753 [fe9b02b7-73ff-430f-9d75-1483ab7beb41@group-C71ED06640E5-LeaderElection12] INFO  impl.LeaderElection (LeaderElection.java:askForVotes(323)) - fe9b02b7-73ff-430f-9d75-1483ab7beb41@group-C71ED06640E5-LeaderElection12 ELECTION round 0: result PASSED
2023-10-27 20:14:10,753 [fe9b02b7-73ff-430f-9d75-1483ab7beb41@group-C71ED06640E5-LeaderElection12] INFO  impl.RoleInfo (RoleInfo.java:shutdownLeaderElection(130)) - fe9b02b7-73ff-430f-9d75-1483ab7beb41: shutdown fe9b02b7-73ff-430f-9d75-1483ab7beb41@group-C71ED06640E5-LeaderElection12
2023-10-27 20:14:10,754 [fe9b02b7-73ff-430f-9d75-1483ab7beb41@group-C71ED06640E5-LeaderElection12] INFO  server.RaftServer$Division (RaftServerImpl.java:setRole(329)) - fe9b02b7-73ff-430f-9d75-1483ab7beb41@group-C71ED06640E5: changes role from CANDIDATE to LEADER at term 1 for changeToLeader
2023-10-27 20:14:10,754 [fe9b02b7-73ff-430f-9d75-1483ab7beb41@group-C71ED06640E5-LeaderElection12] INFO  ratis.XceiverServerRatis (XceiverServerRatis.java:handleLeaderChangedNotification(903)) - Leader change notification received for group: group-C71ED06640E5 with new leaderId: fe9b02b7-73ff-430f-9d75-1483ab7beb41
2023-10-27 20:14:10,754 [fe9b02b7-73ff-430f-9d75-1483ab7beb41@group-C71ED06640E5-LeaderElection12] INFO  server.RaftServer$Division (ServerState.java:setLeader(317)) - fe9b02b7-73ff-430f-9d75-1483ab7beb41@group-C71ED06640E5: change Leader from null to fe9b02b7-73ff-430f-9d75-1483ab7beb41 at term 1 for becomeLeader, leader elected after 5368ms
2023-10-27 20:14:10,754 [fe9b02b7-73ff-430f-9d75-1483ab7beb41@group-C71ED06640E5-LeaderElection12] INFO  server.RaftServerConfigKeys (ConfUtils.java:logGet(46)) - raft.server.staging.catchup.gap = 1000 (default)
2023-10-27 20:14:10,757 [fe9b02b7-73ff-430f-9d75-1483ab7beb41@group-C71ED06640E5-LeaderElection12] INFO  server.RaftServerConfigKeys (ConfUtils.java:logGet(46)) - raft.server.write.element-limit = 1024 (custom)
2023-10-27 20:14:10,757 [fe9b02b7-73ff-430f-9d75-1483ab7beb41@group-C71ED06640E5-LeaderElection12] INFO  server.RaftServerConfigKeys (ConfUtils.java:logGet(46)) - raft.server.write.byte-limit = 1024 M (=1073741824) (custom)
2023-10-27 20:14:10,757 [fe9b02b7-73ff-430f-9d75-1483ab7beb41@group-C71ED06640E5-LeaderElection12] INFO  server.RaftServerConfigKeys (ConfUtils.java:logGet(46)) - raft.server.watch.timeout = 180s (custom)
2023-10-27 20:14:10,757 [fe9b02b7-73ff-430f-9d75-1483ab7beb41@group-C71ED06640E5-LeaderElection12] INFO  server.RaftServerConfigKeys (ConfUtils.java:logGet(46)) - raft.server.watch.timeout.denomination = 1s (default)
2023-10-27 20:14:10,757 [fe9b02b7-73ff-430f-9d75-1483ab7beb41@group-C71ED06640E5-LeaderElection12] INFO  server.RaftServerConfigKeys (ConfUtils.java:logGet(46)) - raft.server.watch.element-limit = 65536 (default)
2023-10-27 20:14:10,758 [fe9b02b7-73ff-430f-9d75-1483ab7beb41@group-C71ED06640E5-LeaderElection12] INFO  server.RaftServerConfigKeys (ConfUtils.java:logGet(46)) - raft.server.write.element-limit = 1024 (custom)
2023-10-27 20:14:10,758 [fe9b02b7-73ff-430f-9d75-1483ab7beb41@group-C71ED06640E5-LeaderElection12] INFO  server.RaftServerConfigKeys (ConfUtils.java:logGet(46)) - raft.server.write.follower.gap.ratio.max = -1.0 (default)
2023-10-27 20:14:10,762 [f612f2cf-90dc-41dc-bf39-cf028d38c484@group-B006CA637614-LeaderElection13] INFO  impl.LeaderElection (LeaderElection.java:askForVotes(321)) - f612f2cf-90dc-41dc-bf39-cf028d38c484@group-B006CA637614-LeaderElection13 PRE_VOTE round 0: submit vote requests at term 0 for -1: peers:[f612f2cf-90dc-41dc-bf39-cf028d38c484|rpc:10.1.0.32:15077|admin:10.1.0.32:15076|client:10.1.0.32:15075|dataStream:10.1.0.32:15078|priority:1|startupRole:FOLLOWER]|listeners:[], old=null
2023-10-27 20:14:10,762 [grpc-default-executor-5] INFO  impl.VoteContext (VoteContext.java:log(49)) - 55507c8a-594d-4e25-909f-8d2832294c55@group-C71ED06640E5-FOLLOWER: accept ELECTION from fe9b02b7-73ff-430f-9d75-1483ab7beb41: our priority 0 <= candidate's priority 1
2023-10-27 20:14:10,762 [grpc-default-executor-5] INFO  server.RaftServer$Division (RaftServerImpl.java:setRole(329)) - 55507c8a-594d-4e25-909f-8d2832294c55@group-C71ED06640E5: changes role from  FOLLOWER to FOLLOWER at term 1 for candidate:fe9b02b7-73ff-430f-9d75-1483ab7beb41
2023-10-27 20:14:10,763 [grpc-default-executor-5] INFO  impl.RoleInfo (RoleInfo.java:shutdownFollowerState(110)) - 55507c8a-594d-4e25-909f-8d2832294c55: shutdown 55507c8a-594d-4e25-909f-8d2832294c55@group-C71ED06640E5-FollowerState
2023-10-27 20:14:10,763 [grpc-default-executor-5] INFO  impl.RoleInfo (RoleInfo.java:updateAndGet(139)) - 55507c8a-594d-4e25-909f-8d2832294c55: start 55507c8a-594d-4e25-909f-8d2832294c55@group-C71ED06640E5-FollowerState
2023-10-27 20:14:10,763 [55507c8a-594d-4e25-909f-8d2832294c55@group-C71ED06640E5-FollowerState] INFO  impl.FollowerState (FollowerState.java:run(152)) - 55507c8a-594d-4e25-909f-8d2832294c55@group-C71ED06640E5-FollowerState was interrupted
2023-10-27 20:14:10,763 [fe9b02b7-73ff-430f-9d75-1483ab7beb41@group-C71ED06640E5-LeaderElection12] INFO  server.RaftServerConfigKeys (ConfUtils.java:logGet(46)) - raft.server.log.appender.snapshot.chunk.size.max = 16MB (=16777216) (default)
2023-10-27 20:14:10,763 [fe9b02b7-73ff-430f-9d75-1483ab7beb41@group-C71ED06640E5-LeaderElection12] INFO  server.RaftServerConfigKeys (ConfUtils.java:logGet(46)) - raft.server.log.appender.buffer.byte-limit = 33554432 (custom)
2023-10-27 20:14:10,763 [fe9b02b7-73ff-430f-9d75-1483ab7beb41@group-C71ED06640E5-LeaderElection12] INFO  server.RaftServerConfigKeys (ConfUtils.java:logGet(46)) - raft.server.log.appender.buffer.element-limit = 1 (custom)
2023-10-27 20:14:10,762 [f612f2cf-90dc-41dc-bf39-cf028d38c484@group-B006CA637614-LeaderElection13] INFO  impl.LeaderElection (LeaderElection.java:askForVotes(323)) - f612f2cf-90dc-41dc-bf39-cf028d38c484@group-B006CA637614-LeaderElection13 PRE_VOTE round 0: result PASSED (term=0)
2023-10-27 20:14:10,771 [fe9b02b7-73ff-430f-9d75-1483ab7beb41@group-C71ED06640E5-LeaderElection12] INFO  server.RaftServerConfigKeys (ConfUtils.java:logGet(46)) - raft.server.log.appender.wait-time.min = 1ms (custom)
2023-10-27 20:14:10,771 [fe9b02b7-73ff-430f-9d75-1483ab7beb41@group-C71ED06640E5-LeaderElection12] INFO  grpc.GrpcConfigKeys (ConfUtils.java:logGet(46)) - raft.grpc.server.leader.outstanding.appends.max = 128 (default)
2023-10-27 20:14:10,771 [fe9b02b7-73ff-430f-9d75-1483ab7beb41@group-C71ED06640E5-LeaderElection12] INFO  server.RaftServerConfigKeys (ConfUtils.java:logGet(46)) - raft.server.rpc.request.timeout = 60s (custom)
2023-10-27 20:14:10,771 [fe9b02b7-73ff-430f-9d75-1483ab7beb41@group-C71ED06640E5-LeaderElection12] INFO  grpc.GrpcConfigKeys (ConfUtils.java:logGet(46)) - raft.grpc.server.install_snapshot.request.element-limit = 8 (default)
2023-10-27 20:14:10,771 [fe9b02b7-73ff-430f-9d75-1483ab7beb41@group-C71ED06640E5-LeaderElection12] INFO  grpc.GrpcConfigKeys (ConfUtils.java:logGet(46)) - raft.grpc.server.install_snapshot.request.timeout = 3000ms (default)
2023-10-27 20:14:10,771 [fe9b02b7-73ff-430f-9d75-1483ab7beb41@group-C71ED06640E5-LeaderElection12] INFO  server.RaftServerConfigKeys (ConfUtils.java:logGet(46)) - raft.server.log.appender.install.snapshot.enabled = false (custom)
2023-10-27 20:14:10,772 [fe9b02b7-73ff-430f-9d75-1483ab7beb41@group-C71ED06640E5-LeaderElection12] INFO  grpc.GrpcConfigKeys (ConfUtils.java:logGet(46)) - raft.grpc.server.heartbeat.channel = true (default)
2023-10-27 20:14:10,773 [fe9b02b7-73ff-430f-9d75-1483ab7beb41@group-C71ED06640E5-LeaderElection12] INFO  server.RaftServerConfigKeys (ConfUtils.java:logGet(46)) - raft.server.log.appender.snapshot.chunk.size.max = 16MB (=16777216) (default)
2023-10-27 20:14:10,773 [fe9b02b7-73ff-430f-9d75-1483ab7beb41@group-C71ED06640E5-LeaderElection12] INFO  server.RaftServerConfigKeys (ConfUtils.java:logGet(46)) - raft.server.log.appender.buffer.byte-limit = 33554432 (custom)
2023-10-27 20:14:10,773 [fe9b02b7-73ff-430f-9d75-1483ab7beb41@group-C71ED06640E5-LeaderElection12] INFO  server.RaftServerConfigKeys (ConfUtils.java:logGet(46)) - raft.server.log.appender.buffer.element-limit = 1 (custom)
2023-10-27 20:14:10,773 [fe9b02b7-73ff-430f-9d75-1483ab7beb41@group-C71ED06640E5-LeaderElection12] INFO  server.RaftServerConfigKeys (ConfUtils.java:logGet(46)) - raft.server.log.appender.wait-time.min = 1ms (custom)
2023-10-27 20:14:10,773 [EventQueue-PipelineReportForPipelineReportHandler] INFO  pipeline.PipelineReportHandler (PipelineReportHandler.java:processPipelineReport(136)) - Opened pipeline PipelineID=ef4fc66b-b8f7-4bea-8eaa-c71ed06640e5
2023-10-27 20:14:10,774 [f612f2cf-90dc-41dc-bf39-cf028d38c484@group-B006CA637614-LeaderElection13] INFO  impl.LeaderElection (LeaderElection.java:askForVotes(321)) - f612f2cf-90dc-41dc-bf39-cf028d38c484@group-B006CA637614-LeaderElection13 ELECTION round 0: submit vote requests at term 1 for -1: peers:[f612f2cf-90dc-41dc-bf39-cf028d38c484|rpc:10.1.0.32:15077|admin:10.1.0.32:15076|client:10.1.0.32:15075|dataStream:10.1.0.32:15078|priority:1|startupRole:FOLLOWER]|listeners:[], old=null
2023-10-27 20:14:10,774 [f612f2cf-90dc-41dc-bf39-cf028d38c484@group-B006CA637614-LeaderElection13] INFO  impl.LeaderElection (LeaderElection.java:askForVotes(323)) - f612f2cf-90dc-41dc-bf39-cf028d38c484@group-B006CA637614-LeaderElection13 ELECTION round 0: result PASSED (term=1)
2023-10-27 20:14:10,774 [f612f2cf-90dc-41dc-bf39-cf028d38c484@group-B006CA637614-LeaderElection13] INFO  impl.RoleInfo (RoleInfo.java:shutdownLeaderElection(130)) - f612f2cf-90dc-41dc-bf39-cf028d38c484: shutdown f612f2cf-90dc-41dc-bf39-cf028d38c484@group-B006CA637614-LeaderElection13
2023-10-27 20:14:10,774 [f612f2cf-90dc-41dc-bf39-cf028d38c484@group-B006CA637614-LeaderElection13] INFO  server.RaftServer$Division (RaftServerImpl.java:setRole(329)) - f612f2cf-90dc-41dc-bf39-cf028d38c484@group-B006CA637614: changes role from CANDIDATE to LEADER at term 1 for changeToLeader
2023-10-27 20:14:10,774 [f612f2cf-90dc-41dc-bf39-cf028d38c484@group-B006CA637614-LeaderElection13] INFO  ratis.XceiverServerRatis (XceiverServerRatis.java:handleLeaderChangedNotification(903)) - Leader change notification received for group: group-B006CA637614 with new leaderId: f612f2cf-90dc-41dc-bf39-cf028d38c484
2023-10-27 20:14:10,776 [f612f2cf-90dc-41dc-bf39-cf028d38c484@group-B006CA637614-LeaderElection13] INFO  server.RaftServer$Division (ServerState.java:setLeader(317)) - f612f2cf-90dc-41dc-bf39-cf028d38c484@group-B006CA637614: change Leader from null to f612f2cf-90dc-41dc-bf39-cf028d38c484 at term 1 for becomeLeader, leader elected after 5298ms
2023-10-27 20:14:10,777 [f612f2cf-90dc-41dc-bf39-cf028d38c484@group-B006CA637614-LeaderElection13] INFO  server.RaftServerConfigKeys (ConfUtils.java:logGet(46)) - raft.server.staging.catchup.gap = 1000 (default)
2023-10-27 20:14:10,777 [f612f2cf-90dc-41dc-bf39-cf028d38c484@group-B006CA637614-LeaderElection13] INFO  server.RaftServerConfigKeys (ConfUtils.java:logGet(46)) - raft.server.write.element-limit = 1024 (custom)
2023-10-27 20:14:10,777 [f612f2cf-90dc-41dc-bf39-cf028d38c484@group-B006CA637614-LeaderElection13] INFO  server.RaftServerConfigKeys (ConfUtils.java:logGet(46)) - raft.server.write.byte-limit = 1024 M (=1073741824) (custom)
2023-10-27 20:14:10,773 [fe9b02b7-73ff-430f-9d75-1483ab7beb41@group-C71ED06640E5-LeaderElection12] INFO  grpc.GrpcConfigKeys (ConfUtils.java:logGet(46)) - raft.grpc.server.leader.outstanding.appends.max = 128 (default)
2023-10-27 20:14:10,779 [fe9b02b7-73ff-430f-9d75-1483ab7beb41@group-C71ED06640E5-LeaderElection12] INFO  server.RaftServerConfigKeys (ConfUtils.java:logGet(46)) - raft.server.rpc.request.timeout = 60s (custom)
2023-10-27 20:14:10,780 [fe9b02b7-73ff-430f-9d75-1483ab7beb41@group-C71ED06640E5-LeaderElection12] INFO  grpc.GrpcConfigKeys (ConfUtils.java:logGet(46)) - raft.grpc.server.install_snapshot.request.element-limit = 8 (default)
2023-10-27 20:14:10,780 [fe9b02b7-73ff-430f-9d75-1483ab7beb41@group-C71ED06640E5-LeaderElection12] INFO  grpc.GrpcConfigKeys (ConfUtils.java:logGet(46)) - raft.grpc.server.install_snapshot.request.timeout = 3000ms (default)
2023-10-27 20:14:10,780 [fe9b02b7-73ff-430f-9d75-1483ab7beb41@group-C71ED06640E5-LeaderElection12] INFO  server.RaftServerConfigKeys (ConfUtils.java:logGet(46)) - raft.server.log.appender.install.snapshot.enabled = false (custom)
2023-10-27 20:14:10,780 [fe9b02b7-73ff-430f-9d75-1483ab7beb41@group-C71ED06640E5-LeaderElection12] INFO  grpc.GrpcConfigKeys (ConfUtils.java:logGet(46)) - raft.grpc.server.heartbeat.channel = true (default)
2023-10-27 20:14:10,781 [fe9b02b7-73ff-430f-9d75-1483ab7beb41@group-C71ED06640E5-LeaderElection12] INFO  impl.RoleInfo (RoleInfo.java:updateAndGet(139)) - fe9b02b7-73ff-430f-9d75-1483ab7beb41: start fe9b02b7-73ff-430f-9d75-1483ab7beb41@group-C71ED06640E5-LeaderStateImpl
2023-10-27 20:14:10,781 [fe9b02b7-73ff-430f-9d75-1483ab7beb41@group-C71ED06640E5-LeaderElection12] INFO  segmented.SegmentedRaftLogWorker (SegmentedRaftLogWorker.java:startLogSegment(447)) - fe9b02b7-73ff-430f-9d75-1483ab7beb41@group-C71ED06640E5-SegmentedRaftLogWorker: Starting segment from index:0
2023-10-27 20:14:10,782 [grpc-default-executor-5] INFO  server.RaftServer$Division (RaftServerImpl.java:requestVote(1335)) - 55507c8a-594d-4e25-909f-8d2832294c55@group-C71ED06640E5 replies to ELECTION vote request: fe9b02b7-73ff-430f-9d75-1483ab7beb41<-55507c8a-594d-4e25-909f-8d2832294c55#0:OK-t1. Peer's state: 55507c8a-594d-4e25-909f-8d2832294c55@group-C71ED06640E5:t1, leader=null, voted=fe9b02b7-73ff-430f-9d75-1483ab7beb41, raftlog=Memoized:55507c8a-594d-4e25-909f-8d2832294c55@group-C71ED06640E5-SegmentedRaftLog:OPENED:c-1, conf=-1: peers:[f612f2cf-90dc-41dc-bf39-cf028d38c484|rpc:10.1.0.32:15077|admin:10.1.0.32:15076|client:10.1.0.32:15075|dataStream:10.1.0.32:15078|priority:0|startupRole:FOLLOWER, 55507c8a-594d-4e25-909f-8d2832294c55|rpc:10.1.0.32:15086|admin:10.1.0.32:15085|client:10.1.0.32:15084|dataStream:10.1.0.32:15087|priority:0|startupRole:FOLLOWER, fe9b02b7-73ff-430f-9d75-1483ab7beb41|rpc:10.1.0.32:15068|admin:10.1.0.32:15067|client:10.1.0.32:15066|dataStream:10.1.0.32:15069|priority:1|startupRole:FOLLOWER]|listeners:[], old=null
2023-10-27 20:14:10,783 [fe9b02b7-73ff-430f-9d75-1483ab7beb41@group-C71ED06640E5-SegmentedRaftLogWorker] INFO  segmented.SegmentedRaftLogWorker (SegmentedRaftLogWorker.java:execute(651)) - fe9b02b7-73ff-430f-9d75-1483ab7beb41@group-C71ED06640E5-SegmentedRaftLogWorker: created new log segment /home/runner/work/ozone/ozone/hadoop-ozone/integration-test/target/test-dir/MiniOzoneClusterImpl-60426a9d-3de2-4373-b08b-24a22c9da129/datanode-6/data/ratis/ef4fc66b-b8f7-4bea-8eaa-c71ed06640e5/current/log_inprogress_0
2023-10-27 20:14:10,779 [f612f2cf-90dc-41dc-bf39-cf028d38c484@group-B006CA637614-LeaderElection13] INFO  server.RaftServerConfigKeys (ConfUtils.java:logGet(46)) - raft.server.watch.timeout = 180s (custom)
2023-10-27 20:14:10,784 [f612f2cf-90dc-41dc-bf39-cf028d38c484@group-B006CA637614-LeaderElection13] INFO  server.RaftServerConfigKeys (ConfUtils.java:logGet(46)) - raft.server.watch.timeout.denomination = 1s (default)
2023-10-27 20:14:10,784 [f612f2cf-90dc-41dc-bf39-cf028d38c484@group-B006CA637614-LeaderElection13] INFO  server.RaftServerConfigKeys (ConfUtils.java:logGet(46)) - raft.server.watch.element-limit = 65536 (default)
2023-10-27 20:14:10,786 [f612f2cf-90dc-41dc-bf39-cf028d38c484@group-B006CA637614-LeaderElection13] INFO  server.RaftServerConfigKeys (ConfUtils.java:logGet(46)) - raft.server.write.element-limit = 1024 (custom)
2023-10-27 20:14:10,786 [f612f2cf-90dc-41dc-bf39-cf028d38c484@group-B006CA637614-LeaderElection13] INFO  server.RaftServerConfigKeys (ConfUtils.java:logGet(46)) - raft.server.write.follower.gap.ratio.max = -1.0 (default)
2023-10-27 20:14:10,786 [f612f2cf-90dc-41dc-bf39-cf028d38c484@group-B006CA637614-LeaderElection13] INFO  impl.RoleInfo (RoleInfo.java:updateAndGet(139)) - f612f2cf-90dc-41dc-bf39-cf028d38c484: start f612f2cf-90dc-41dc-bf39-cf028d38c484@group-B006CA637614-LeaderStateImpl
2023-10-27 20:14:10,787 [f612f2cf-90dc-41dc-bf39-cf028d38c484@group-B006CA637614-LeaderElection13] INFO  segmented.SegmentedRaftLogWorker (SegmentedRaftLogWorker.java:startLogSegment(447)) - f612f2cf-90dc-41dc-bf39-cf028d38c484@group-B006CA637614-SegmentedRaftLogWorker: Starting segment from index:0
2023-10-27 20:14:10,799 [f612f2cf-90dc-41dc-bf39-cf028d38c484@group-B006CA637614-SegmentedRaftLogWorker] INFO  segmented.SegmentedRaftLogWorker (SegmentedRaftLogWorker.java:execute(651)) - f612f2cf-90dc-41dc-bf39-cf028d38c484@group-B006CA637614-SegmentedRaftLogWorker: created new log segment /home/runner/work/ozone/ozone/hadoop-ozone/integration-test/target/test-dir/MiniOzoneClusterImpl-60426a9d-3de2-4373-b08b-24a22c9da129/datanode-7/data/ratis/ed67bf68-12cf-4330-af31-b006ca637614/current/log_inprogress_0
2023-10-27 20:14:10,803 [f612f2cf-90dc-41dc-bf39-cf028d38c484@group-B006CA637614-LeaderElection13] INFO  server.RaftServer$Division (ServerState.java:setRaftConf(434)) - f612f2cf-90dc-41dc-bf39-cf028d38c484@group-B006CA637614: set configuration 0: peers:[f612f2cf-90dc-41dc-bf39-cf028d38c484|rpc:10.1.0.32:15077|admin:10.1.0.32:15076|client:10.1.0.32:15075|dataStream:10.1.0.32:15078|priority:1|startupRole:FOLLOWER]|listeners:[], old=null
2023-10-27 20:14:10,807 [fe9b02b7-73ff-430f-9d75-1483ab7beb41@group-C71ED06640E5-LeaderElection12] INFO  server.RaftServer$Division (ServerState.java:setRaftConf(434)) - fe9b02b7-73ff-430f-9d75-1483ab7beb41@group-C71ED06640E5: set configuration 0: peers:[f612f2cf-90dc-41dc-bf39-cf028d38c484|rpc:10.1.0.32:15077|admin:10.1.0.32:15076|client:10.1.0.32:15075|dataStream:10.1.0.32:15078|priority:0|startupRole:FOLLOWER, 55507c8a-594d-4e25-909f-8d2832294c55|rpc:10.1.0.32:15086|admin:10.1.0.32:15085|client:10.1.0.32:15084|dataStream:10.1.0.32:15087|priority:0|startupRole:FOLLOWER, fe9b02b7-73ff-430f-9d75-1483ab7beb41|rpc:10.1.0.32:15068|admin:10.1.0.32:15067|client:10.1.0.32:15066|dataStream:10.1.0.32:15069|priority:1|startupRole:FOLLOWER]|listeners:[], old=null
2023-10-27 20:14:10,843 [55507c8a-594d-4e25-909f-8d2832294c55-server-thread1] INFO  ratis.XceiverServerRatis (XceiverServerRatis.java:handleLeaderChangedNotification(903)) - Leader change notification received for group: group-C71ED06640E5 with new leaderId: fe9b02b7-73ff-430f-9d75-1483ab7beb41
2023-10-27 20:14:10,843 [55507c8a-594d-4e25-909f-8d2832294c55-server-thread1] INFO  server.RaftServer$Division (ServerState.java:setLeader(317)) - 55507c8a-594d-4e25-909f-8d2832294c55@group-C71ED06640E5: change Leader from null to fe9b02b7-73ff-430f-9d75-1483ab7beb41 at term 1 for appendEntries, leader elected after 5119ms
2023-10-27 20:14:10,863 [f612f2cf-90dc-41dc-bf39-cf028d38c484-server-thread1] INFO  ratis.XceiverServerRatis (XceiverServerRatis.java:handleLeaderChangedNotification(903)) - Leader change notification received for group: group-C71ED06640E5 with new leaderId: fe9b02b7-73ff-430f-9d75-1483ab7beb41
2023-10-27 20:14:10,864 [f612f2cf-90dc-41dc-bf39-cf028d38c484-server-thread1] INFO  server.RaftServer$Division (ServerState.java:setLeader(317)) - f612f2cf-90dc-41dc-bf39-cf028d38c484@group-C71ED06640E5: change Leader from null to fe9b02b7-73ff-430f-9d75-1483ab7beb41 at term 1 for appendEntries, leader elected after 5276ms
2023-10-27 20:14:10,865 [55507c8a-594d-4e25-909f-8d2832294c55-server-thread2] INFO  server.RaftServer$Division (ServerState.java:setRaftConf(434)) - 55507c8a-594d-4e25-909f-8d2832294c55@group-C71ED06640E5: set configuration 0: peers:[f612f2cf-90dc-41dc-bf39-cf028d38c484|rpc:10.1.0.32:15077|admin:10.1.0.32:15076|client:10.1.0.32:15075|dataStream:10.1.0.32:15078|priority:0|startupRole:FOLLOWER, 55507c8a-594d-4e25-909f-8d2832294c55|rpc:10.1.0.32:15086|admin:10.1.0.32:15085|client:10.1.0.32:15084|dataStream:10.1.0.32:15087|priority:0|startupRole:FOLLOWER, fe9b02b7-73ff-430f-9d75-1483ab7beb41|rpc:10.1.0.32:15068|admin:10.1.0.32:15067|client:10.1.0.32:15066|dataStream:10.1.0.32:15069|priority:1|startupRole:FOLLOWER]|listeners:[], old=null
2023-10-27 20:14:10,865 [55507c8a-594d-4e25-909f-8d2832294c55-server-thread2] INFO  segmented.SegmentedRaftLogWorker (SegmentedRaftLogWorker.java:startLogSegment(447)) - 55507c8a-594d-4e25-909f-8d2832294c55@group-C71ED06640E5-SegmentedRaftLogWorker: Starting segment from index:0
2023-10-27 20:14:10,870 [f612f2cf-90dc-41dc-bf39-cf028d38c484-server-thread2] INFO  server.RaftServer$Division (ServerState.java:setRaftConf(434)) - f612f2cf-90dc-41dc-bf39-cf028d38c484@group-C71ED06640E5: set configuration 0: peers:[f612f2cf-90dc-41dc-bf39-cf028d38c484|rpc:10.1.0.32:15077|admin:10.1.0.32:15076|client:10.1.0.32:15075|dataStream:10.1.0.32:15078|priority:0|startupRole:FOLLOWER, 55507c8a-594d-4e25-909f-8d2832294c55|rpc:10.1.0.32:15086|admin:10.1.0.32:15085|client:10.1.0.32:15084|dataStream:10.1.0.32:15087|priority:0|startupRole:FOLLOWER, fe9b02b7-73ff-430f-9d75-1483ab7beb41|rpc:10.1.0.32:15068|admin:10.1.0.32:15067|client:10.1.0.32:15066|dataStream:10.1.0.32:15069|priority:1|startupRole:FOLLOWER]|listeners:[], old=null
2023-10-27 20:14:10,871 [f612f2cf-90dc-41dc-bf39-cf028d38c484-server-thread2] INFO  segmented.SegmentedRaftLogWorker (SegmentedRaftLogWorker.java:startLogSegment(447)) - f612f2cf-90dc-41dc-bf39-cf028d38c484@group-C71ED06640E5-SegmentedRaftLogWorker: Starting segment from index:0
2023-10-27 20:14:10,872 [55507c8a-594d-4e25-909f-8d2832294c55@group-C71ED06640E5-SegmentedRaftLogWorker] INFO  segmented.SegmentedRaftLogWorker (SegmentedRaftLogWorker.java:execute(651)) - 55507c8a-594d-4e25-909f-8d2832294c55@group-C71ED06640E5-SegmentedRaftLogWorker: created new log segment /home/runner/work/ozone/ozone/hadoop-ozone/integration-test/target/test-dir/MiniOzoneClusterImpl-60426a9d-3de2-4373-b08b-24a22c9da129/datanode-8/data/ratis/ef4fc66b-b8f7-4bea-8eaa-c71ed06640e5/current/log_inprogress_0
2023-10-27 20:14:10,876 [f612f2cf-90dc-41dc-bf39-cf028d38c484@group-C71ED06640E5-SegmentedRaftLogWorker] INFO  segmented.SegmentedRaftLogWorker (SegmentedRaftLogWorker.java:execute(651)) - f612f2cf-90dc-41dc-bf39-cf028d38c484@group-C71ED06640E5-SegmentedRaftLogWorker: created new log segment /home/runner/work/ozone/ozone/hadoop-ozone/integration-test/target/test-dir/MiniOzoneClusterImpl-60426a9d-3de2-4373-b08b-24a22c9da129/datanode-7/data/ratis/ef4fc66b-b8f7-4bea-8eaa-c71ed06640e5/current/log_inprogress_0
2023-10-27 20:14:11,151 [main] INFO  rpc.RpcClient (RpcClient.java:createVolume(463)) - Creating Volume: 6a5aa262-1245-42a6-a9ae-a9dba2b1bd39, with runner as owner and space quota set to -1 bytes, counts quota set to -1
2023-10-27 20:14:11,240 [om1-OMStateMachineApplyTransactionThread - 0] INFO  volume.OMVolumeCreateRequest (OMVolumeCreateRequest.java:validateAndUpdateCache(197)) - created volume:6a5aa262-1245-42a6-a9ae-a9dba2b1bd39 for user:runner
2023-10-27 20:14:11,274 [main] INFO  rpc.RpcClient (RpcClient.java:createBucket(690)) - Creating Bucket: 6a5aa262-1245-42a6-a9ae-a9dba2b1bd39/6a5aa262-1245-42a6-a9ae-a9dba2b1bd39, with server-side default bucket layout, runner as owner, Versioning false, Storage Type set to DISK and Encryption set to false, Replication Type set to server-side default replication type, Namespace Quota set to -1, Space Quota set to -1 
2023-10-27 20:14:11,299 [om1-OMStateMachineApplyTransactionThread - 0] INFO  bucket.OMBucketCreateRequest (OMBucketCreateRequest.java:validateAndUpdateCache(271)) - created bucket: 6a5aa262-1245-42a6-a9ae-a9dba2b1bd39 of layout FILE_SYSTEM_OPTIMIZED in volume: 6a5aa262-1245-42a6-a9ae-a9dba2b1bd39
2023-10-27 20:14:11,390 [main] INFO  rpc.RpcClient (RpcClient.java:createBucket(690)) - Creating Bucket: 6a5aa262-1245-42a6-a9ae-a9dba2b1bd39/dad0582d-6ca9-443d-bb16-806fe47ed447, with server-side default bucket layout, runner as owner, Versioning false, Storage Type set to DISK and Encryption set to false, Replication Type set to EC, Namespace Quota set to -1, Space Quota set to -1 
2023-10-27 20:14:11,394 [23554148-3e4d-431f-a73e-f2401dbff1d4@group-5C95EDC39216-FollowerState] INFO  impl.FollowerState (FollowerState.java:run(143)) - 23554148-3e4d-431f-a73e-f2401dbff1d4@group-5C95EDC39216-FollowerState: change to CANDIDATE, lastRpcElapsedTime:5054578290ns, electionTimeout:5031ms
2023-10-27 20:14:11,394 [23554148-3e4d-431f-a73e-f2401dbff1d4@group-5C95EDC39216-FollowerState] INFO  impl.RoleInfo (RoleInfo.java:shutdownFollowerState(110)) - 23554148-3e4d-431f-a73e-f2401dbff1d4: shutdown 23554148-3e4d-431f-a73e-f2401dbff1d4@group-5C95EDC39216-FollowerState
2023-10-27 20:14:11,395 [23554148-3e4d-431f-a73e-f2401dbff1d4@group-5C95EDC39216-FollowerState] INFO  server.RaftServer$Division (RaftServerImpl.java:setRole(329)) - 23554148-3e4d-431f-a73e-f2401dbff1d4@group-5C95EDC39216: changes role from  FOLLOWER to CANDIDATE at term 0 for changeToCandidate
2023-10-27 20:14:11,395 [23554148-3e4d-431f-a73e-f2401dbff1d4@group-5C95EDC39216-FollowerState] INFO  server.RaftServerConfigKeys (ConfUtils.java:logGet(46)) - raft.server.leaderelection.pre-vote = true (default)
2023-10-27 20:14:11,395 [23554148-3e4d-431f-a73e-f2401dbff1d4@group-5C95EDC39216-FollowerState] INFO  impl.RoleInfo (RoleInfo.java:updateAndGet(139)) - 23554148-3e4d-431f-a73e-f2401dbff1d4: start 23554148-3e4d-431f-a73e-f2401dbff1d4@group-5C95EDC39216-LeaderElection14
2023-10-27 20:14:11,412 [23554148-3e4d-431f-a73e-f2401dbff1d4@group-5C95EDC39216-LeaderElection14] INFO  impl.LeaderElection (LeaderElection.java:askForVotes(321)) - 23554148-3e4d-431f-a73e-f2401dbff1d4@group-5C95EDC39216-LeaderElection14 PRE_VOTE round 0: submit vote requests at term 0 for -1: peers:[3fb99649-c87f-4cc9-b3d9-f5c572ff189c|rpc:10.1.0.32:15041|admin:10.1.0.32:15040|client:10.1.0.32:15039|dataStream:10.1.0.32:15042|priority:0|startupRole:FOLLOWER, 23554148-3e4d-431f-a73e-f2401dbff1d4|rpc:10.1.0.32:15059|admin:10.1.0.32:15058|client:10.1.0.32:15057|dataStream:10.1.0.32:15060|priority:0|startupRole:FOLLOWER, 1407d0d1-39ba-4bc0-b697-1e16e43cd838|rpc:10.1.0.32:15050|admin:10.1.0.32:15049|client:10.1.0.32:15048|dataStream:10.1.0.32:15051|priority:1|startupRole:FOLLOWER]|listeners:[], old=null
2023-10-27 20:14:11,413 [23554148-3e4d-431f-a73e-f2401dbff1d4@group-5C95EDC39216-LeaderElection14-1] INFO  server.GrpcServerProtocolClient (GrpcServerProtocolClient.java:<init>(65)) - Build channel for 3fb99649-c87f-4cc9-b3d9-f5c572ff189c
2023-10-27 20:14:11,416 [om1-OMStateMachineApplyTransactionThread - 0] INFO  bucket.OMBucketCreateRequest (OMBucketCreateRequest.java:validateAndUpdateCache(271)) - created bucket: dad0582d-6ca9-443d-bb16-806fe47ed447 of layout FILE_SYSTEM_OPTIMIZED in volume: 6a5aa262-1245-42a6-a9ae-a9dba2b1bd39
2023-10-27 20:14:11,425 [23554148-3e4d-431f-a73e-f2401dbff1d4@group-5C95EDC39216-LeaderElection14] INFO  server.RaftServerConfigKeys (ConfUtils.java:logFallback(53)) - raft.server.rpc.first-election.timeout.min = 5s (fallback to raft.server.rpc.timeout.min)
2023-10-27 20:14:11,425 [23554148-3e4d-431f-a73e-f2401dbff1d4@group-5C95EDC39216-LeaderElection14] INFO  server.RaftServerConfigKeys (ConfUtils.java:logFallback(53)) - raft.server.rpc.first-election.timeout.max = 5200ms (fallback to raft.server.rpc.timeout.max)
2023-10-27 20:14:11,429 [23554148-3e4d-431f-a73e-f2401dbff1d4@group-5C95EDC39216-LeaderElection14-2] INFO  server.GrpcServerProtocolClient (GrpcServerProtocolClient.java:<init>(65)) - Build channel for 1407d0d1-39ba-4bc0-b697-1e16e43cd838
2023-10-27 20:14:11,443 [grpc-default-executor-2] INFO  server.RaftServer$Division (RaftServerImpl.java:requestVote(1302)) - 1407d0d1-39ba-4bc0-b697-1e16e43cd838@group-5C95EDC39216: receive requestVote(PRE_VOTE, 23554148-3e4d-431f-a73e-f2401dbff1d4, group-5C95EDC39216, 0, (t:0, i:0))
2023-10-27 20:14:11,443 [grpc-default-executor-2] INFO  impl.VoteContext (VoteContext.java:log(49)) - 1407d0d1-39ba-4bc0-b697-1e16e43cd838@group-5C95EDC39216-FOLLOWER: reject PRE_VOTE from 23554148-3e4d-431f-a73e-f2401dbff1d4: our priority 1 > candidate's priority 0
2023-10-27 20:14:11,443 [grpc-default-executor-2] INFO  server.RaftServer$Division (RaftServerImpl.java:requestVote(1335)) - 1407d0d1-39ba-4bc0-b697-1e16e43cd838@group-5C95EDC39216 replies to PRE_VOTE vote request: 23554148-3e4d-431f-a73e-f2401dbff1d4<-1407d0d1-39ba-4bc0-b697-1e16e43cd838#0:FAIL-t0. Peer's state: 1407d0d1-39ba-4bc0-b697-1e16e43cd838@group-5C95EDC39216:t0, leader=null, voted=, raftlog=Memoized:1407d0d1-39ba-4bc0-b697-1e16e43cd838@group-5C95EDC39216-SegmentedRaftLog:OPENED:c-1, conf=-1: peers:[3fb99649-c87f-4cc9-b3d9-f5c572ff189c|rpc:10.1.0.32:15041|admin:10.1.0.32:15040|client:10.1.0.32:15039|dataStream:10.1.0.32:15042|priority:0|startupRole:FOLLOWER, 23554148-3e4d-431f-a73e-f2401dbff1d4|rpc:10.1.0.32:15059|admin:10.1.0.32:15058|client:10.1.0.32:15057|dataStream:10.1.0.32:15060|priority:0|startupRole:FOLLOWER, 1407d0d1-39ba-4bc0-b697-1e16e43cd838|rpc:10.1.0.32:15050|admin:10.1.0.32:15049|client:10.1.0.32:15048|dataStream:10.1.0.32:15051|priority:1|startupRole:FOLLOWER]|listeners:[], old=null
2023-10-27 20:14:11,445 [grpc-default-executor-2] INFO  server.RaftServer$Division (RaftServerImpl.java:requestVote(1302)) - 3fb99649-c87f-4cc9-b3d9-f5c572ff189c@group-5C95EDC39216: receive requestVote(PRE_VOTE, 23554148-3e4d-431f-a73e-f2401dbff1d4, group-5C95EDC39216, 0, (t:0, i:0))
2023-10-27 20:14:11,446 [grpc-default-executor-2] INFO  impl.VoteContext (VoteContext.java:log(49)) - 3fb99649-c87f-4cc9-b3d9-f5c572ff189c@group-5C95EDC39216-FOLLOWER: accept PRE_VOTE from 23554148-3e4d-431f-a73e-f2401dbff1d4: our priority 0 <= candidate's priority 0
2023-10-27 20:14:11,446 [grpc-default-executor-2] INFO  server.RaftServer$Division (RaftServerImpl.java:requestVote(1335)) - 3fb99649-c87f-4cc9-b3d9-f5c572ff189c@group-5C95EDC39216 replies to PRE_VOTE vote request: 23554148-3e4d-431f-a73e-f2401dbff1d4<-3fb99649-c87f-4cc9-b3d9-f5c572ff189c#0:OK-t0. Peer's state: 3fb99649-c87f-4cc9-b3d9-f5c572ff189c@group-5C95EDC39216:t0, leader=null, voted=, raftlog=Memoized:3fb99649-c87f-4cc9-b3d9-f5c572ff189c@group-5C95EDC39216-SegmentedRaftLog:OPENED:c-1, conf=-1: peers:[3fb99649-c87f-4cc9-b3d9-f5c572ff189c|rpc:10.1.0.32:15041|admin:10.1.0.32:15040|client:10.1.0.32:15039|dataStream:10.1.0.32:15042|priority:0|startupRole:FOLLOWER, 23554148-3e4d-431f-a73e-f2401dbff1d4|rpc:10.1.0.32:15059|admin:10.1.0.32:15058|client:10.1.0.32:15057|dataStream:10.1.0.32:15060|priority:0|startupRole:FOLLOWER, 1407d0d1-39ba-4bc0-b697-1e16e43cd838|rpc:10.1.0.32:15050|admin:10.1.0.32:15049|client:10.1.0.32:15048|dataStream:10.1.0.32:15051|priority:1|startupRole:FOLLOWER]|listeners:[], old=null
2023-10-27 20:14:11,446 [23554148-3e4d-431f-a73e-f2401dbff1d4@group-5C95EDC39216-LeaderElection14] INFO  impl.LeaderElection (LeaderElection.java:logAndReturn(90)) - 23554148-3e4d-431f-a73e-f2401dbff1d4@group-5C95EDC39216-LeaderElection14: PRE_VOTE REJECTED received 1 response(s) and 0 exception(s):
2023-10-27 20:14:11,446 [23554148-3e4d-431f-a73e-f2401dbff1d4@group-5C95EDC39216-LeaderElection14] INFO  impl.LeaderElection (LeaderElection.java:logAndReturn(94)) -   Response 0: 23554148-3e4d-431f-a73e-f2401dbff1d4<-1407d0d1-39ba-4bc0-b697-1e16e43cd838#0:FAIL-t0
2023-10-27 20:14:11,446 [23554148-3e4d-431f-a73e-f2401dbff1d4@group-5C95EDC39216-LeaderElection14] INFO  impl.LeaderElection (LeaderElection.java:askForVotes(323)) - 23554148-3e4d-431f-a73e-f2401dbff1d4@group-5C95EDC39216-LeaderElection14 PRE_VOTE round 0: result REJECTED
2023-10-27 20:14:11,446 [23554148-3e4d-431f-a73e-f2401dbff1d4@group-5C95EDC39216-LeaderElection14] INFO  server.RaftServer$Division (RaftServerImpl.java:setRole(329)) - 23554148-3e4d-431f-a73e-f2401dbff1d4@group-5C95EDC39216: changes role from CANDIDATE to FOLLOWER at term 0 for REJECTED
2023-10-27 20:14:11,446 [23554148-3e4d-431f-a73e-f2401dbff1d4@group-5C95EDC39216-LeaderElection14] INFO  impl.RoleInfo (RoleInfo.java:shutdownLeaderElection(130)) - 23554148-3e4d-431f-a73e-f2401dbff1d4: shutdown 23554148-3e4d-431f-a73e-f2401dbff1d4@group-5C95EDC39216-LeaderElection14
2023-10-27 20:14:11,446 [23554148-3e4d-431f-a73e-f2401dbff1d4@group-5C95EDC39216-LeaderElection14] INFO  impl.RoleInfo (RoleInfo.java:updateAndGet(139)) - 23554148-3e4d-431f-a73e-f2401dbff1d4: start 23554148-3e4d-431f-a73e-f2401dbff1d4@group-5C95EDC39216-FollowerState
2023-10-27 20:14:11,533 [IPC Server handler 8 on default port 15001] INFO  algorithms.SCMContainerPlacementRackScatter (SCMContainerPlacementRackScatter.java:chooseDatanodesInternal(370)) - Chosen nodes: [55507c8a-594d-4e25-909f-8d2832294c55(fv-az342-943/10.1.0.32), f612f2cf-90dc-41dc-bf39-cf028d38c484(fv-az342-943/10.1.0.32), fe9b02b7-73ff-430f-9d75-1483ab7beb41(fv-az342-943/10.1.0.32), 3fb99649-c87f-4cc9-b3d9-f5c572ff189c(fv-az342-943/10.1.0.32), 5b9beb6f-d596-489f-8a17-e362b772df82(fv-az342-943/10.1.0.32)]. isPolicySatisfied: true.
2023-10-27 20:14:11,545 [IPC Server handler 8 on default port 15001] INFO  ha.SequenceIdGenerator (SequenceIdGenerator.java:getNextId(145)) - Allocate a batch for containerId, change lastId from 0 to 1000.
2023-10-27 20:14:11,559 [IPC Server handler 8 on default port 15001] INFO  pipeline.WritableECContainerProvider (WritableECContainerProvider.java:allocateContainer(211)) - Created and opened new pipeline Pipeline[ Id: 08044757-d872-40bb-bc32-209684792ee2, Nodes: 55507c8a-594d-4e25-909f-8d2832294c55(fv-az342-943/10.1.0.32)f612f2cf-90dc-41dc-bf39-cf028d38c484(fv-az342-943/10.1.0.32)fe9b02b7-73ff-430f-9d75-1483ab7beb41(fv-az342-943/10.1.0.32)3fb99649-c87f-4cc9-b3d9-f5c572ff189c(fv-az342-943/10.1.0.32)5b9beb6f-d596-489f-8a17-e362b772df82(fv-az342-943/10.1.0.32), ReplicationConfig: EC{rs-3-2-1024k}, State:ALLOCATED, leaderId:, CreationTimestamp2023-10-27T20:14:11.535Z[Etc/UTC]]
2023-10-27 20:14:11,560 [IPC Server handler 8 on default port 15001] WARN  ha.SequenceIdGenerator (SequenceIdGenerator.java:allocateBatch(258)) - Failed to allocate a batch for localId, expected lastId is 0, actual lastId is 111677748019200000.
2023-10-27 20:14:11,561 [IPC Server handler 8 on default port 15001] INFO  ha.SequenceIdGenerator (SequenceIdGenerator.java:getNextId(145)) - Allocate a batch for localId, change lastId from 111677748019200000 to 111677748019201000.
2023-10-27 20:14:11,689 [3fb99649-c87f-4cc9-b3d9-f5c572ff189c@group-5C95EDC39216-FollowerState] INFO  server.RaftServerConfigKeys (ConfUtils.java:logFallback(53)) - raft.server.rpc.first-election.timeout.min = 5s (fallback to raft.server.rpc.timeout.min)
2023-10-27 20:14:11,689 [3fb99649-c87f-4cc9-b3d9-f5c572ff189c@group-5C95EDC39216-FollowerState] INFO  server.RaftServerConfigKeys (ConfUtils.java:logFallback(53)) - raft.server.rpc.first-election.timeout.max = 5200ms (fallback to raft.server.rpc.timeout.max)
2023-10-27 20:14:11,754 [main] WARN  erasurecode.ErasureCodeNative (ErasureCodeNative.java:<clinit>(55)) - ISA-L support is not available in your platform... using builtin-java codec where applicable
2023-10-27 20:14:11,762 [0ef615e1-91db-4ede-b924-53e2d320f02d@group-7E36DD6E81EC-FollowerState] INFO  impl.FollowerState (FollowerState.java:run(143)) - 0ef615e1-91db-4ede-b924-53e2d320f02d@group-7E36DD6E81EC-FollowerState: change to CANDIDATE, lastRpcElapsedTime:5065746728ns, electionTimeout:5055ms
2023-10-27 20:14:11,762 [0ef615e1-91db-4ede-b924-53e2d320f02d@group-7E36DD6E81EC-FollowerState] INFO  impl.RoleInfo (RoleInfo.java:shutdownFollowerState(110)) - 0ef615e1-91db-4ede-b924-53e2d320f02d: shutdown 0ef615e1-91db-4ede-b924-53e2d320f02d@group-7E36DD6E81EC-FollowerState
2023-10-27 20:14:11,762 [0ef615e1-91db-4ede-b924-53e2d320f02d@group-7E36DD6E81EC-FollowerState] INFO  server.RaftServer$Division (RaftServerImpl.java:setRole(329)) - 0ef615e1-91db-4ede-b924-53e2d320f02d@group-7E36DD6E81EC: changes role from  FOLLOWER to CANDIDATE at term 0 for changeToCandidate
2023-10-27 20:14:11,762 [0ef615e1-91db-4ede-b924-53e2d320f02d@group-7E36DD6E81EC-FollowerState] INFO  server.RaftServerConfigKeys (ConfUtils.java:logGet(46)) - raft.server.leaderelection.pre-vote = true (default)
2023-10-27 20:14:11,762 [0ef615e1-91db-4ede-b924-53e2d320f02d@group-7E36DD6E81EC-FollowerState] INFO  impl.RoleInfo (RoleInfo.java:updateAndGet(139)) - 0ef615e1-91db-4ede-b924-53e2d320f02d: start 0ef615e1-91db-4ede-b924-53e2d320f02d@group-7E36DD6E81EC-LeaderElection15
2023-10-27 20:14:11,762 [94422c73-384a-4d9a-a15d-46d9f5b840aa@group-7E36DD6E81EC-FollowerState] INFO  impl.FollowerState (FollowerState.java:run(143)) - 94422c73-384a-4d9a-a15d-46d9f5b840aa@group-7E36DD6E81EC-FollowerState: change to CANDIDATE, lastRpcElapsedTime:5107321925ns, electionTimeout:5100ms
2023-10-27 20:14:11,763 [94422c73-384a-4d9a-a15d-46d9f5b840aa@group-7E36DD6E81EC-FollowerState] INFO  impl.RoleInfo (RoleInfo.java:shutdownFollowerState(110)) - 94422c73-384a-4d9a-a15d-46d9f5b840aa: shutdown 94422c73-384a-4d9a-a15d-46d9f5b840aa@group-7E36DD6E81EC-FollowerState
2023-10-27 20:14:11,763 [94422c73-384a-4d9a-a15d-46d9f5b840aa@group-7E36DD6E81EC-FollowerState] INFO  server.RaftServer$Division (RaftServerImpl.java:setRole(329)) - 94422c73-384a-4d9a-a15d-46d9f5b840aa@group-7E36DD6E81EC: changes role from  FOLLOWER to CANDIDATE at term 0 for changeToCandidate
2023-10-27 20:14:11,765 [94422c73-384a-4d9a-a15d-46d9f5b840aa@group-7E36DD6E81EC-FollowerState] INFO  server.RaftServerConfigKeys (ConfUtils.java:logGet(46)) - raft.server.leaderelection.pre-vote = true (default)
2023-10-27 20:14:11,765 [94422c73-384a-4d9a-a15d-46d9f5b840aa@group-7E36DD6E81EC-FollowerState] INFO  impl.RoleInfo (RoleInfo.java:updateAndGet(139)) - 94422c73-384a-4d9a-a15d-46d9f5b840aa: start 94422c73-384a-4d9a-a15d-46d9f5b840aa@group-7E36DD6E81EC-LeaderElection16
2023-10-27 20:14:11,772 [0ef615e1-91db-4ede-b924-53e2d320f02d@group-7E36DD6E81EC-LeaderElection15] INFO  impl.LeaderElection (LeaderElection.java:askForVotes(321)) - 0ef615e1-91db-4ede-b924-53e2d320f02d@group-7E36DD6E81EC-LeaderElection15 PRE_VOTE round 0: submit vote requests at term 0 for -1: peers:[94422c73-384a-4d9a-a15d-46d9f5b840aa|rpc:10.1.0.32:15014|admin:10.1.0.32:15013|client:10.1.0.32:15012|dataStream:10.1.0.32:15015|priority:1|startupRole:FOLLOWER, 66ee3698-ded8-430f-8ecd-27f356af6e45|rpc:10.1.0.32:15032|admin:10.1.0.32:15031|client:10.1.0.32:15030|dataStream:10.1.0.32:15033|priority:0|startupRole:FOLLOWER, 0ef615e1-91db-4ede-b924-53e2d320f02d|rpc:10.1.0.32:15023|admin:10.1.0.32:15022|client:10.1.0.32:15021|dataStream:10.1.0.32:15024|priority:0|startupRole:FOLLOWER]|listeners:[], old=null
2023-10-27 20:14:11,775 [94422c73-384a-4d9a-a15d-46d9f5b840aa@group-7E36DD6E81EC-LeaderElection16] INFO  impl.LeaderElection (LeaderElection.java:askForVotes(321)) - 94422c73-384a-4d9a-a15d-46d9f5b840aa@group-7E36DD6E81EC-LeaderElection16 PRE_VOTE round 0: submit vote requests at term 0 for -1: peers:[94422c73-384a-4d9a-a15d-46d9f5b840aa|rpc:10.1.0.32:15014|admin:10.1.0.32:15013|client:10.1.0.32:15012|dataStream:10.1.0.32:15015|priority:1|startupRole:FOLLOWER, 66ee3698-ded8-430f-8ecd-27f356af6e45|rpc:10.1.0.32:15032|admin:10.1.0.32:15031|client:10.1.0.32:15030|dataStream:10.1.0.32:15033|priority:0|startupRole:FOLLOWER, 0ef615e1-91db-4ede-b924-53e2d320f02d|rpc:10.1.0.32:15023|admin:10.1.0.32:15022|client:10.1.0.32:15021|dataStream:10.1.0.32:15024|priority:0|startupRole:FOLLOWER]|listeners:[], old=null
2023-10-27 20:14:11,781 [0ef615e1-91db-4ede-b924-53e2d320f02d@group-7E36DD6E81EC-LeaderElection15] INFO  server.RaftServerConfigKeys (ConfUtils.java:logFallback(53)) - raft.server.rpc.first-election.timeout.min = 5s (fallback to raft.server.rpc.timeout.min)
2023-10-27 20:14:11,781 [0ef615e1-91db-4ede-b924-53e2d320f02d@group-7E36DD6E81EC-LeaderElection15] INFO  server.RaftServerConfigKeys (ConfUtils.java:logFallback(53)) - raft.server.rpc.first-election.timeout.max = 5200ms (fallback to raft.server.rpc.timeout.max)
2023-10-27 20:14:11,784 [grpc-default-executor-2] INFO  server.RaftServer$Division (RaftServerImpl.java:requestVote(1302)) - 66ee3698-ded8-430f-8ecd-27f356af6e45@group-7E36DD6E81EC: receive requestVote(PRE_VOTE, 0ef615e1-91db-4ede-b924-53e2d320f02d, group-7E36DD6E81EC, 0, (t:0, i:0))
2023-10-27 20:14:11,785 [grpc-default-executor-2] INFO  impl.VoteContext (VoteContext.java:log(49)) - 66ee3698-ded8-430f-8ecd-27f356af6e45@group-7E36DD6E81EC-FOLLOWER: accept PRE_VOTE from 0ef615e1-91db-4ede-b924-53e2d320f02d: our priority 0 <= candidate's priority 0
2023-10-27 20:14:11,785 [grpc-default-executor-0] INFO  server.RaftServer$Division (RaftServerImpl.java:requestVote(1302)) - 94422c73-384a-4d9a-a15d-46d9f5b840aa@group-7E36DD6E81EC: receive requestVote(PRE_VOTE, 0ef615e1-91db-4ede-b924-53e2d320f02d, group-7E36DD6E81EC, 0, (t:0, i:0))
2023-10-27 20:14:11,786 [grpc-default-executor-2] INFO  server.RaftServer$Division (RaftServerImpl.java:requestVote(1335)) - 66ee3698-ded8-430f-8ecd-27f356af6e45@group-7E36DD6E81EC replies to PRE_VOTE vote request: 0ef615e1-91db-4ede-b924-53e2d320f02d<-66ee3698-ded8-430f-8ecd-27f356af6e45#0:OK-t0. Peer's state: 66ee3698-ded8-430f-8ecd-27f356af6e45@group-7E36DD6E81EC:t0, leader=null, voted=, raftlog=Memoized:66ee3698-ded8-430f-8ecd-27f356af6e45@group-7E36DD6E81EC-SegmentedRaftLog:OPENED:c-1, conf=-1: peers:[94422c73-384a-4d9a-a15d-46d9f5b840aa|rpc:10.1.0.32:15014|admin:10.1.0.32:15013|client:10.1.0.32:15012|dataStream:10.1.0.32:15015|priority:1|startupRole:FOLLOWER, 66ee3698-ded8-430f-8ecd-27f356af6e45|rpc:10.1.0.32:15032|admin:10.1.0.32:15031|client:10.1.0.32:15030|dataStream:10.1.0.32:15033|priority:0|startupRole:FOLLOWER, 0ef615e1-91db-4ede-b924-53e2d320f02d|rpc:10.1.0.32:15023|admin:10.1.0.32:15022|client:10.1.0.32:15021|dataStream:10.1.0.32:15024|priority:0|startupRole:FOLLOWER]|listeners:[], old=null
2023-10-27 20:14:11,786 [grpc-default-executor-0] INFO  impl.VoteContext (VoteContext.java:log(49)) - 94422c73-384a-4d9a-a15d-46d9f5b840aa@group-7E36DD6E81EC-CANDIDATE: reject PRE_VOTE from 0ef615e1-91db-4ede-b924-53e2d320f02d: our priority 1 > candidate's priority 0
2023-10-27 20:14:11,786 [grpc-default-executor-0] INFO  server.RaftServer$Division (RaftServerImpl.java:requestVote(1335)) - 94422c73-384a-4d9a-a15d-46d9f5b840aa@group-7E36DD6E81EC replies to PRE_VOTE vote request: 0ef615e1-91db-4ede-b924-53e2d320f02d<-94422c73-384a-4d9a-a15d-46d9f5b840aa#0:FAIL-t0. Peer's state: 94422c73-384a-4d9a-a15d-46d9f5b840aa@group-7E36DD6E81EC:t0, leader=null, voted=, raftlog=Memoized:94422c73-384a-4d9a-a15d-46d9f5b840aa@group-7E36DD6E81EC-SegmentedRaftLog:OPENED:c-1, conf=-1: peers:[94422c73-384a-4d9a-a15d-46d9f5b840aa|rpc:10.1.0.32:15014|admin:10.1.0.32:15013|client:10.1.0.32:15012|dataStream:10.1.0.32:15015|priority:1|startupRole:FOLLOWER, 66ee3698-ded8-430f-8ecd-27f356af6e45|rpc:10.1.0.32:15032|admin:10.1.0.32:15031|client:10.1.0.32:15030|dataStream:10.1.0.32:15033|priority:0|startupRole:FOLLOWER, 0ef615e1-91db-4ede-b924-53e2d320f02d|rpc:10.1.0.32:15023|admin:10.1.0.32:15022|client:10.1.0.32:15021|dataStream:10.1.0.32:15024|priority:0|startupRole:FOLLOWER]|listeners:[], old=null
2023-10-27 20:14:11,788 [94422c73-384a-4d9a-a15d-46d9f5b840aa@group-7E36DD6E81EC-LeaderElection16-1] INFO  server.GrpcServerProtocolClient (GrpcServerProtocolClient.java:<init>(65)) - Build channel for 66ee3698-ded8-430f-8ecd-27f356af6e45
2023-10-27 20:14:11,796 [94422c73-384a-4d9a-a15d-46d9f5b840aa@group-7E36DD6E81EC-LeaderElection16] INFO  server.RaftServerConfigKeys (ConfUtils.java:logFallback(53)) - raft.server.rpc.first-election.timeout.min = 5s (fallback to raft.server.rpc.timeout.min)
2023-10-27 20:14:11,797 [94422c73-384a-4d9a-a15d-46d9f5b840aa@group-7E36DD6E81EC-LeaderElection16] INFO  server.RaftServerConfigKeys (ConfUtils.java:logFallback(53)) - raft.server.rpc.first-election.timeout.max = 5200ms (fallback to raft.server.rpc.timeout.max)
2023-10-27 20:14:11,798 [0ef615e1-91db-4ede-b924-53e2d320f02d@group-7E36DD6E81EC-LeaderElection15] INFO  impl.LeaderElection (LeaderElection.java:logAndReturn(90)) - 0ef615e1-91db-4ede-b924-53e2d320f02d@group-7E36DD6E81EC-LeaderElection15: PRE_VOTE REJECTED received 2 response(s) and 0 exception(s):
2023-10-27 20:14:11,798 [0ef615e1-91db-4ede-b924-53e2d320f02d@group-7E36DD6E81EC-LeaderElection15] INFO  impl.LeaderElection (LeaderElection.java:logAndReturn(94)) -   Response 0: 0ef615e1-91db-4ede-b924-53e2d320f02d<-94422c73-384a-4d9a-a15d-46d9f5b840aa#0:FAIL-t0
2023-10-27 20:14:11,799 [0ef615e1-91db-4ede-b924-53e2d320f02d@group-7E36DD6E81EC-LeaderElection15] INFO  impl.LeaderElection (LeaderElection.java:logAndReturn(94)) -   Response 1: 0ef615e1-91db-4ede-b924-53e2d320f02d<-66ee3698-ded8-430f-8ecd-27f356af6e45#0:OK-t0
2023-10-27 20:14:11,799 [0ef615e1-91db-4ede-b924-53e2d320f02d@group-7E36DD6E81EC-LeaderElection15] INFO  impl.LeaderElection (LeaderElection.java:askForVotes(323)) - 0ef615e1-91db-4ede-b924-53e2d320f02d@group-7E36DD6E81EC-LeaderElection15 PRE_VOTE round 0: result REJECTED
2023-10-27 20:14:11,799 [0ef615e1-91db-4ede-b924-53e2d320f02d@group-7E36DD6E81EC-LeaderElection15] INFO  server.RaftServer$Division (RaftServerImpl.java:setRole(329)) - 0ef615e1-91db-4ede-b924-53e2d320f02d@group-7E36DD6E81EC: changes role from CANDIDATE to FOLLOWER at term 0 for REJECTED
2023-10-27 20:14:11,799 [0ef615e1-91db-4ede-b924-53e2d320f02d@group-7E36DD6E81EC-LeaderElection15] INFO  impl.RoleInfo (RoleInfo.java:shutdownLeaderElection(130)) - 0ef615e1-91db-4ede-b924-53e2d320f02d: shutdown 0ef615e1-91db-4ede-b924-53e2d320f02d@group-7E36DD6E81EC-LeaderElection15
2023-10-27 20:14:11,799 [0ef615e1-91db-4ede-b924-53e2d320f02d@group-7E36DD6E81EC-LeaderElection15] INFO  impl.RoleInfo (RoleInfo.java:updateAndGet(139)) - 0ef615e1-91db-4ede-b924-53e2d320f02d: start 0ef615e1-91db-4ede-b924-53e2d320f02d@group-7E36DD6E81EC-FollowerState
2023-10-27 20:14:11,799 [94422c73-384a-4d9a-a15d-46d9f5b840aa@group-7E36DD6E81EC-LeaderElection16-2] INFO  server.GrpcServerProtocolClient (GrpcServerProtocolClient.java:<init>(65)) - Build channel for 0ef615e1-91db-4ede-b924-53e2d320f02d
2023-10-27 20:14:11,827 [grpc-default-executor-0] INFO  server.RaftServer$Division (RaftServerImpl.java:requestVote(1302)) - 66ee3698-ded8-430f-8ecd-27f356af6e45@group-7E36DD6E81EC: receive requestVote(PRE_VOTE, 94422c73-384a-4d9a-a15d-46d9f5b840aa, group-7E36DD6E81EC, 0, (t:0, i:0))
2023-10-27 20:14:11,830 [66ee3698-ded8-430f-8ecd-27f356af6e45@group-7E36DD6E81EC-FollowerState] INFO  server.RaftServerConfigKeys (ConfUtils.java:logFallback(53)) - raft.server.rpc.first-election.timeout.min = 5s (fallback to raft.server.rpc.timeout.min)
2023-10-27 20:14:11,830 [66ee3698-ded8-430f-8ecd-27f356af6e45@group-7E36DD6E81EC-FollowerState] INFO  server.RaftServerConfigKeys (ConfUtils.java:logFallback(53)) - raft.server.rpc.first-election.timeout.max = 5200ms (fallback to raft.server.rpc.timeout.max)
2023-10-27 20:14:11,830 [5b9beb6f-d596-489f-8a17-e362b772df82@group-942E44EA8C16-FollowerState] INFO  impl.FollowerState (FollowerState.java:run(143)) - 5b9beb6f-d596-489f-8a17-e362b772df82@group-942E44EA8C16-FollowerState: change to CANDIDATE, lastRpcElapsedTime:5166919168ns, electionTimeout:5158ms
2023-10-27 20:14:11,832 [55507c8a-594d-4e25-909f-8d2832294c55@group-F9EF9EF7AB14-FollowerState] INFO  impl.FollowerState (FollowerState.java:run(143)) - 55507c8a-594d-4e25-909f-8d2832294c55@group-F9EF9EF7AB14-FollowerState: change to CANDIDATE, lastRpcElapsedTime:5186049826ns, electionTimeout:5177ms
2023-10-27 20:14:11,832 [5b9beb6f-d596-489f-8a17-e362b772df82@group-942E44EA8C16-FollowerState] INFO  impl.RoleInfo (RoleInfo.java:shutdownFollowerState(110)) - 5b9beb6f-d596-489f-8a17-e362b772df82: shutdown 5b9beb6f-d596-489f-8a17-e362b772df82@group-942E44EA8C16-FollowerState
2023-10-27 20:14:11,832 [55507c8a-594d-4e25-909f-8d2832294c55@group-F9EF9EF7AB14-FollowerState] INFO  impl.RoleInfo (RoleInfo.java:shutdownFollowerState(110)) - 55507c8a-594d-4e25-909f-8d2832294c55: shutdown 55507c8a-594d-4e25-909f-8d2832294c55@group-F9EF9EF7AB14-FollowerState
2023-10-27 20:14:11,833 [5b9beb6f-d596-489f-8a17-e362b772df82@group-942E44EA8C16-FollowerState] INFO  server.RaftServer$Division (RaftServerImpl.java:setRole(329)) - 5b9beb6f-d596-489f-8a17-e362b772df82@group-942E44EA8C16: changes role from  FOLLOWER to CANDIDATE at term 0 for changeToCandidate
2023-10-27 20:14:11,833 [5b9beb6f-d596-489f-8a17-e362b772df82@group-942E44EA8C16-FollowerState] INFO  server.RaftServerConfigKeys (ConfUtils.java:logGet(46)) - raft.server.leaderelection.pre-vote = true (default)
2023-10-27 20:14:11,835 [5b9beb6f-d596-489f-8a17-e362b772df82@group-942E44EA8C16-FollowerState] INFO  impl.RoleInfo (RoleInfo.java:updateAndGet(139)) - 5b9beb6f-d596-489f-8a17-e362b772df82: start 5b9beb6f-d596-489f-8a17-e362b772df82@group-942E44EA8C16-LeaderElection17
2023-10-27 20:14:11,838 [grpc-default-executor-2] INFO  server.RaftServer$Division (RaftServerImpl.java:requestVote(1302)) - 0ef615e1-91db-4ede-b924-53e2d320f02d@group-7E36DD6E81EC: receive requestVote(PRE_VOTE, 94422c73-384a-4d9a-a15d-46d9f5b840aa, group-7E36DD6E81EC, 0, (t:0, i:0))
2023-10-27 20:14:11,833 [55507c8a-594d-4e25-909f-8d2832294c55@group-F9EF9EF7AB14-FollowerState] INFO  server.RaftServer$Division (RaftServerImpl.java:setRole(329)) - 55507c8a-594d-4e25-909f-8d2832294c55@group-F9EF9EF7AB14: changes role from  FOLLOWER to CANDIDATE at term 0 for changeToCandidate
2023-10-27 20:14:11,834 [grpc-default-executor-0] INFO  impl.VoteContext (VoteContext.java:log(49)) - 66ee3698-ded8-430f-8ecd-27f356af6e45@group-7E36DD6E81EC-FOLLOWER: accept PRE_VOTE from 94422c73-384a-4d9a-a15d-46d9f5b840aa: our priority 0 <= candidate's priority 1
2023-10-27 20:14:11,838 [grpc-default-executor-2] INFO  impl.VoteContext (VoteContext.java:log(49)) - 0ef615e1-91db-4ede-b924-53e2d320f02d@group-7E36DD6E81EC-FOLLOWER: accept PRE_VOTE from 94422c73-384a-4d9a-a15d-46d9f5b840aa: our priority 0 <= candidate's priority 1
2023-10-27 20:14:11,838 [grpc-default-executor-0] INFO  server.RaftServer$Division (RaftServerImpl.java:requestVote(1335)) - 66ee3698-ded8-430f-8ecd-27f356af6e45@group-7E36DD6E81EC replies to PRE_VOTE vote request: 94422c73-384a-4d9a-a15d-46d9f5b840aa<-66ee3698-ded8-430f-8ecd-27f356af6e45#0:OK-t0. Peer's state: 66ee3698-ded8-430f-8ecd-27f356af6e45@group-7E36DD6E81EC:t0, leader=null, voted=, raftlog=Memoized:66ee3698-ded8-430f-8ecd-27f356af6e45@group-7E36DD6E81EC-SegmentedRaftLog:OPENED:c-1, conf=-1: peers:[94422c73-384a-4d9a-a15d-46d9f5b840aa|rpc:10.1.0.32:15014|admin:10.1.0.32:15013|client:10.1.0.32:15012|dataStream:10.1.0.32:15015|priority:1|startupRole:FOLLOWER, 66ee3698-ded8-430f-8ecd-27f356af6e45|rpc:10.1.0.32:15032|admin:10.1.0.32:15031|client:10.1.0.32:15030|dataStream:10.1.0.32:15033|priority:0|startupRole:FOLLOWER, 0ef615e1-91db-4ede-b924-53e2d320f02d|rpc:10.1.0.32:15023|admin:10.1.0.32:15022|client:10.1.0.32:15021|dataStream:10.1.0.32:15024|priority:0|startupRole:FOLLOWER]|listeners:[], old=null
2023-10-27 20:14:11,838 [grpc-default-executor-2] INFO  server.RaftServer$Division (RaftServerImpl.java:requestVote(1335)) - 0ef615e1-91db-4ede-b924-53e2d320f02d@group-7E36DD6E81EC replies to PRE_VOTE vote request: 94422c73-384a-4d9a-a15d-46d9f5b840aa<-0ef615e1-91db-4ede-b924-53e2d320f02d#0:OK-t0. Peer's state: 0ef615e1-91db-4ede-b924-53e2d320f02d@group-7E36DD6E81EC:t0, leader=null, voted=, raftlog=Memoized:0ef615e1-91db-4ede-b924-53e2d320f02d@group-7E36DD6E81EC-SegmentedRaftLog:OPENED:c-1, conf=-1: peers:[94422c73-384a-4d9a-a15d-46d9f5b840aa|rpc:10.1.0.32:15014|admin:10.1.0.32:15013|client:10.1.0.32:15012|dataStream:10.1.0.32:15015|priority:1|startupRole:FOLLOWER, 66ee3698-ded8-430f-8ecd-27f356af6e45|rpc:10.1.0.32:15032|admin:10.1.0.32:15031|client:10.1.0.32:15030|dataStream:10.1.0.32:15033|priority:0|startupRole:FOLLOWER, 0ef615e1-91db-4ede-b924-53e2d320f02d|rpc:10.1.0.32:15023|admin:10.1.0.32:15022|client:10.1.0.32:15021|dataStream:10.1.0.32:15024|priority:0|startupRole:FOLLOWER]|listeners:[], old=null
2023-10-27 20:14:11,841 [55507c8a-594d-4e25-909f-8d2832294c55@group-F9EF9EF7AB14-FollowerState] INFO  server.RaftServerConfigKeys (ConfUtils.java:logGet(46)) - raft.server.leaderelection.pre-vote = true (default)
2023-10-27 20:14:11,846 [55507c8a-594d-4e25-909f-8d2832294c55@group-F9EF9EF7AB14-FollowerState] INFO  impl.RoleInfo (RoleInfo.java:updateAndGet(139)) - 55507c8a-594d-4e25-909f-8d2832294c55: start 55507c8a-594d-4e25-909f-8d2832294c55@group-F9EF9EF7AB14-LeaderElection18
2023-10-27 20:14:11,846 [94422c73-384a-4d9a-a15d-46d9f5b840aa@group-7E36DD6E81EC-LeaderElection16] INFO  impl.LeaderElection (LeaderElection.java:logAndReturn(90)) - 94422c73-384a-4d9a-a15d-46d9f5b840aa@group-7E36DD6E81EC-LeaderElection16: PRE_VOTE PASSED received 1 response(s) and 0 exception(s):
2023-10-27 20:14:11,846 [94422c73-384a-4d9a-a15d-46d9f5b840aa@group-7E36DD6E81EC-LeaderElection16] INFO  impl.LeaderElection (LeaderElection.java:logAndReturn(94)) -   Response 0: 94422c73-384a-4d9a-a15d-46d9f5b840aa<-66ee3698-ded8-430f-8ecd-27f356af6e45#0:OK-t0
2023-10-27 20:14:11,847 [94422c73-384a-4d9a-a15d-46d9f5b840aa@group-7E36DD6E81EC-LeaderElection16] INFO  impl.LeaderElection (LeaderElection.java:askForVotes(323)) - 94422c73-384a-4d9a-a15d-46d9f5b840aa@group-7E36DD6E81EC-LeaderElection16 PRE_VOTE round 0: result PASSED
2023-10-27 20:14:11,850 [94422c73-384a-4d9a-a15d-46d9f5b840aa@group-7E36DD6E81EC-LeaderElection16] INFO  impl.LeaderElection (LeaderElection.java:askForVotes(321)) - 94422c73-384a-4d9a-a15d-46d9f5b840aa@group-7E36DD6E81EC-LeaderElection16 ELECTION round 0: submit vote requests at term 1 for -1: peers:[94422c73-384a-4d9a-a15d-46d9f5b840aa|rpc:10.1.0.32:15014|admin:10.1.0.32:15013|client:10.1.0.32:15012|dataStream:10.1.0.32:15015|priority:1|startupRole:FOLLOWER, 66ee3698-ded8-430f-8ecd-27f356af6e45|rpc:10.1.0.32:15032|admin:10.1.0.32:15031|client:10.1.0.32:15030|dataStream:10.1.0.32:15033|priority:0|startupRole:FOLLOWER, 0ef615e1-91db-4ede-b924-53e2d320f02d|rpc:10.1.0.32:15023|admin:10.1.0.32:15022|client:10.1.0.32:15021|dataStream:10.1.0.32:15024|priority:0|startupRole:FOLLOWER]|listeners:[], old=null
2023-10-27 20:14:11,855 [5b9beb6f-d596-489f-8a17-e362b772df82@group-942E44EA8C16-LeaderElection17] INFO  impl.LeaderElection (LeaderElection.java:askForVotes(321)) - 5b9beb6f-d596-489f-8a17-e362b772df82@group-942E44EA8C16-LeaderElection17 PRE_VOTE round 0: submit vote requests at term 0 for -1: peers:[5b9beb6f-d596-489f-8a17-e362b772df82|rpc:10.1.0.32:15095|admin:10.1.0.32:15094|client:10.1.0.32:15093|dataStream:10.1.0.32:15096|priority:1|startupRole:FOLLOWER]|listeners:[], old=null
2023-10-27 20:14:11,855 [5b9beb6f-d596-489f-8a17-e362b772df82@group-942E44EA8C16-LeaderElection17] INFO  impl.LeaderElection (LeaderElection.java:askForVotes(323)) - 5b9beb6f-d596-489f-8a17-e362b772df82@group-942E44EA8C16-LeaderElection17 PRE_VOTE round 0: result PASSED (term=0)
2023-10-27 20:14:11,857 [55507c8a-594d-4e25-909f-8d2832294c55@group-F9EF9EF7AB14-LeaderElection18] INFO  impl.LeaderElection (LeaderElection.java:askForVotes(321)) - 55507c8a-594d-4e25-909f-8d2832294c55@group-F9EF9EF7AB14-LeaderElection18 PRE_VOTE round 0: submit vote requests at term 0 for -1: peers:[55507c8a-594d-4e25-909f-8d2832294c55|rpc:10.1.0.32:15086|admin:10.1.0.32:15085|client:10.1.0.32:15084|dataStream:10.1.0.32:15087|priority:1|startupRole:FOLLOWER]|listeners:[], old=null
2023-10-27 20:14:11,857 [55507c8a-594d-4e25-909f-8d2832294c55@group-F9EF9EF7AB14-LeaderElection18] INFO  impl.LeaderElection (LeaderElection.java:askForVotes(323)) - 55507c8a-594d-4e25-909f-8d2832294c55@group-F9EF9EF7AB14-LeaderElection18 PRE_VOTE round 0: result PASSED (term=0)
2023-10-27 20:14:11,858 [5b9beb6f-d596-489f-8a17-e362b772df82@group-942E44EA8C16-LeaderElection17] INFO  impl.LeaderElection (LeaderElection.java:askForVotes(321)) - 5b9beb6f-d596-489f-8a17-e362b772df82@group-942E44EA8C16-LeaderElection17 ELECTION round 0: submit vote requests at term 1 for -1: peers:[5b9beb6f-d596-489f-8a17-e362b772df82|rpc:10.1.0.32:15095|admin:10.1.0.32:15094|client:10.1.0.32:15093|dataStream:10.1.0.32:15096|priority:1|startupRole:FOLLOWER]|listeners:[], old=null
2023-10-27 20:14:11,858 [5b9beb6f-d596-489f-8a17-e362b772df82@group-942E44EA8C16-LeaderElection17] INFO  impl.LeaderElection (LeaderElection.java:askForVotes(323)) - 5b9beb6f-d596-489f-8a17-e362b772df82@group-942E44EA8C16-LeaderElection17 ELECTION round 0: result PASSED (term=1)
2023-10-27 20:14:11,858 [55507c8a-594d-4e25-909f-8d2832294c55@group-F9EF9EF7AB14-LeaderElection18] INFO  impl.LeaderElection (LeaderElection.java:askForVotes(321)) - 55507c8a-594d-4e25-909f-8d2832294c55@group-F9EF9EF7AB14-LeaderElection18 ELECTION round 0: submit vote requests at term 1 for -1: peers:[55507c8a-594d-4e25-909f-8d2832294c55|rpc:10.1.0.32:15086|admin:10.1.0.32:15085|client:10.1.0.32:15084|dataStream:10.1.0.32:15087|priority:1|startupRole:FOLLOWER]|listeners:[], old=null
2023-10-27 20:14:11,858 [55507c8a-594d-4e25-909f-8d2832294c55@group-F9EF9EF7AB14-LeaderElection18] INFO  impl.LeaderElection (LeaderElection.java:askForVotes(323)) - 55507c8a-594d-4e25-909f-8d2832294c55@group-F9EF9EF7AB14-LeaderElection18 ELECTION round 0: result PASSED (term=1)
2023-10-27 20:14:11,858 [55507c8a-594d-4e25-909f-8d2832294c55@group-F9EF9EF7AB14-LeaderElection18] INFO  impl.RoleInfo (RoleInfo.java:shutdownLeaderElection(130)) - 55507c8a-594d-4e25-909f-8d2832294c55: shutdown 55507c8a-594d-4e25-909f-8d2832294c55@group-F9EF9EF7AB14-LeaderElection18
2023-10-27 20:14:11,858 [55507c8a-594d-4e25-909f-8d2832294c55@group-F9EF9EF7AB14-LeaderElection18] INFO  server.RaftServer$Division (RaftServerImpl.java:setRole(329)) - 55507c8a-594d-4e25-909f-8d2832294c55@group-F9EF9EF7AB14: changes role from CANDIDATE to LEADER at term 1 for changeToLeader
2023-10-27 20:14:11,858 [55507c8a-594d-4e25-909f-8d2832294c55@group-F9EF9EF7AB14-LeaderElection18] INFO  ratis.XceiverServerRatis (XceiverServerRatis.java:handleLeaderChangedNotification(903)) - Leader change notification received for group: group-F9EF9EF7AB14 with new leaderId: 55507c8a-594d-4e25-909f-8d2832294c55
2023-10-27 20:14:11,858 [5b9beb6f-d596-489f-8a17-e362b772df82@group-942E44EA8C16-LeaderElection17] INFO  impl.RoleInfo (RoleInfo.java:shutdownLeaderElection(130)) - 5b9beb6f-d596-489f-8a17-e362b772df82: shutdown 5b9beb6f-d596-489f-8a17-e362b772df82@group-942E44EA8C16-LeaderElection17
2023-10-27 20:14:11,863 [5b9beb6f-d596-489f-8a17-e362b772df82@group-942E44EA8C16-LeaderElection17] INFO  server.RaftServer$Division (RaftServerImpl.java:setRole(329)) - 5b9beb6f-d596-489f-8a17-e362b772df82@group-942E44EA8C16: changes role from CANDIDATE to LEADER at term 1 for changeToLeader
2023-10-27 20:14:11,863 [5b9beb6f-d596-489f-8a17-e362b772df82@group-942E44EA8C16-LeaderElection17] INFO  ratis.XceiverServerRatis (XceiverServerRatis.java:handleLeaderChangedNotification(903)) - Leader change notification received for group: group-942E44EA8C16 with new leaderId: 5b9beb6f-d596-489f-8a17-e362b772df82
2023-10-27 20:14:11,871 [grpc-default-executor-2] INFO  server.RaftServer$Division (RaftServerImpl.java:requestVote(1302)) - 66ee3698-ded8-430f-8ecd-27f356af6e45@group-7E36DD6E81EC: receive requestVote(ELECTION, 94422c73-384a-4d9a-a15d-46d9f5b840aa, group-7E36DD6E81EC, 1, (t:0, i:0))
2023-10-27 20:14:11,872 [grpc-default-executor-2] INFO  impl.VoteContext (VoteContext.java:log(49)) - 66ee3698-ded8-430f-8ecd-27f356af6e45@group-7E36DD6E81EC-FOLLOWER: accept ELECTION from 94422c73-384a-4d9a-a15d-46d9f5b840aa: our priority 0 <= candidate's priority 1
2023-10-27 20:14:11,872 [grpc-default-executor-2] INFO  server.RaftServer$Division (RaftServerImpl.java:setRole(329)) - 66ee3698-ded8-430f-8ecd-27f356af6e45@group-7E36DD6E81EC: changes role from  FOLLOWER to FOLLOWER at term 1 for candidate:94422c73-384a-4d9a-a15d-46d9f5b840aa
2023-10-27 20:14:11,872 [94422c73-384a-4d9a-a15d-46d9f5b840aa@group-7E36DD6E81EC-LeaderElection16] INFO  server.RaftServerConfigKeys (ConfUtils.java:logFallback(53)) - raft.server.rpc.first-election.timeout.min = 5s (fallback to raft.server.rpc.timeout.min)
2023-10-27 20:14:11,872 [94422c73-384a-4d9a-a15d-46d9f5b840aa@group-7E36DD6E81EC-LeaderElection16] INFO  server.RaftServerConfigKeys (ConfUtils.java:logFallback(53)) - raft.server.rpc.first-election.timeout.max = 5200ms (fallback to raft.server.rpc.timeout.max)
2023-10-27 20:14:11,872 [5b9beb6f-d596-489f-8a17-e362b772df82@group-942E44EA8C16-LeaderElection17] INFO  server.RaftServer$Division (ServerState.java:setLeader(317)) - 5b9beb6f-d596-489f-8a17-e362b772df82@group-942E44EA8C16: change Leader from null to 5b9beb6f-d596-489f-8a17-e362b772df82 at term 1 for becomeLeader, leader elected after 5497ms
2023-10-27 20:14:11,872 [5b9beb6f-d596-489f-8a17-e362b772df82@group-942E44EA8C16-LeaderElection17] INFO  server.RaftServerConfigKeys (ConfUtils.java:logGet(46)) - raft.server.staging.catchup.gap = 1000 (default)
2023-10-27 20:14:11,872 [55507c8a-594d-4e25-909f-8d2832294c55@group-F9EF9EF7AB14-LeaderElection18] INFO  server.RaftServer$Division (ServerState.java:setLeader(317)) - 55507c8a-594d-4e25-909f-8d2832294c55@group-F9EF9EF7AB14: change Leader from null to 55507c8a-594d-4e25-909f-8d2832294c55 at term 1 for becomeLeader, leader elected after 5517ms
2023-10-27 20:14:11,873 [55507c8a-594d-4e25-909f-8d2832294c55@group-F9EF9EF7AB14-LeaderElection18] INFO  server.RaftServerConfigKeys (ConfUtils.java:logGet(46)) - raft.server.staging.catchup.gap = 1000 (default)
2023-10-27 20:14:11,873 [5b9beb6f-d596-489f-8a17-e362b772df82@group-942E44EA8C16-LeaderElection17] INFO  server.RaftServerConfigKeys (ConfUtils.java:logGet(46)) - raft.server.write.element-limit = 1024 (custom)
2023-10-27 20:14:11,873 [5b9beb6f-d596-489f-8a17-e362b772df82@group-942E44EA8C16-LeaderElection17] INFO  server.RaftServerConfigKeys (ConfUtils.java:logGet(46)) - raft.server.write.byte-limit = 1024 M (=1073741824) (custom)
2023-10-27 20:14:11,872 [grpc-default-executor-2] INFO  impl.RoleInfo (RoleInfo.java:shutdownFollowerState(110)) - 66ee3698-ded8-430f-8ecd-27f356af6e45: shutdown 66ee3698-ded8-430f-8ecd-27f356af6e45@group-7E36DD6E81EC-FollowerState
2023-10-27 20:14:11,873 [5b9beb6f-d596-489f-8a17-e362b772df82@group-942E44EA8C16-LeaderElection17] INFO  server.RaftServerConfigKeys (ConfUtils.java:logGet(46)) - raft.server.watch.timeout = 180s (custom)
2023-10-27 20:14:11,873 [5b9beb6f-d596-489f-8a17-e362b772df82@group-942E44EA8C16-LeaderElection17] INFO  server.RaftServerConfigKeys (ConfUtils.java:logGet(46)) - raft.server.watch.timeout.denomination = 1s (default)
2023-10-27 20:14:11,873 [5b9beb6f-d596-489f-8a17-e362b772df82@group-942E44EA8C16-LeaderElection17] INFO  server.RaftServerConfigKeys (ConfUtils.java:logGet(46)) - raft.server.watch.element-limit = 65536 (default)
2023-10-27 20:14:11,873 [55507c8a-594d-4e25-909f-8d2832294c55@group-F9EF9EF7AB14-LeaderElection18] INFO  server.RaftServerConfigKeys (ConfUtils.java:logGet(46)) - raft.server.write.element-limit = 1024 (custom)
2023-10-27 20:14:11,874 [55507c8a-594d-4e25-909f-8d2832294c55@group-F9EF9EF7AB14-LeaderElection18] INFO  server.RaftServerConfigKeys (ConfUtils.java:logGet(46)) - raft.server.write.byte-limit = 1024 M (=1073741824) (custom)
2023-10-27 20:14:11,875 [55507c8a-594d-4e25-909f-8d2832294c55@group-F9EF9EF7AB14-LeaderElection18] INFO  server.RaftServerConfigKeys (ConfUtils.java:logGet(46)) - raft.server.watch.timeout = 180s (custom)
2023-10-27 20:14:11,875 [55507c8a-594d-4e25-909f-8d2832294c55@group-F9EF9EF7AB14-LeaderElection18] INFO  server.RaftServerConfigKeys (ConfUtils.java:logGet(46)) - raft.server.watch.timeout.denomination = 1s (default)
2023-10-27 20:14:11,875 [55507c8a-594d-4e25-909f-8d2832294c55@group-F9EF9EF7AB14-LeaderElection18] INFO  server.RaftServerConfigKeys (ConfUtils.java:logGet(46)) - raft.server.watch.element-limit = 65536 (default)
2023-10-27 20:14:11,875 [55507c8a-594d-4e25-909f-8d2832294c55@group-F9EF9EF7AB14-LeaderElection18] INFO  server.RaftServerConfigKeys (ConfUtils.java:logGet(46)) - raft.server.write.element-limit = 1024 (custom)
2023-10-27 20:14:11,875 [55507c8a-594d-4e25-909f-8d2832294c55@group-F9EF9EF7AB14-LeaderElection18] INFO  server.RaftServerConfigKeys (ConfUtils.java:logGet(46)) - raft.server.write.follower.gap.ratio.max = -1.0 (default)
2023-10-27 20:14:11,875 [55507c8a-594d-4e25-909f-8d2832294c55@group-F9EF9EF7AB14-LeaderElection18] INFO  impl.RoleInfo (RoleInfo.java:updateAndGet(139)) - 55507c8a-594d-4e25-909f-8d2832294c55: start 55507c8a-594d-4e25-909f-8d2832294c55@group-F9EF9EF7AB14-LeaderStateImpl
2023-10-27 20:14:11,875 [55507c8a-594d-4e25-909f-8d2832294c55@group-F9EF9EF7AB14-LeaderElection18] INFO  segmented.SegmentedRaftLogWorker (SegmentedRaftLogWorker.java:startLogSegment(447)) - 55507c8a-594d-4e25-909f-8d2832294c55@group-F9EF9EF7AB14-SegmentedRaftLogWorker: Starting segment from index:0
2023-10-27 20:14:11,874 [5b9beb6f-d596-489f-8a17-e362b772df82@group-942E44EA8C16-LeaderElection17] INFO  server.RaftServerConfigKeys (ConfUtils.java:logGet(46)) - raft.server.write.element-limit = 1024 (custom)
2023-10-27 20:14:11,880 [5b9beb6f-d596-489f-8a17-e362b772df82@group-942E44EA8C16-LeaderElection17] INFO  server.RaftServerConfigKeys (ConfUtils.java:logGet(46)) - raft.server.write.follower.gap.ratio.max = -1.0 (default)
2023-10-27 20:14:11,880 [5b9beb6f-d596-489f-8a17-e362b772df82@group-942E44EA8C16-LeaderElection17] INFO  impl.RoleInfo (RoleInfo.java:updateAndGet(139)) - 5b9beb6f-d596-489f-8a17-e362b772df82: start 5b9beb6f-d596-489f-8a17-e362b772df82@group-942E44EA8C16-LeaderStateImpl
2023-10-27 20:14:11,880 [5b9beb6f-d596-489f-8a17-e362b772df82@group-942E44EA8C16-LeaderElection17] INFO  segmented.SegmentedRaftLogWorker (SegmentedRaftLogWorker.java:startLogSegment(447)) - 5b9beb6f-d596-489f-8a17-e362b772df82@group-942E44EA8C16-SegmentedRaftLogWorker: Starting segment from index:0
2023-10-27 20:14:11,873 [66ee3698-ded8-430f-8ecd-27f356af6e45@group-7E36DD6E81EC-FollowerState] INFO  impl.FollowerState (FollowerState.java:run(152)) - 66ee3698-ded8-430f-8ecd-27f356af6e45@group-7E36DD6E81EC-FollowerState was interrupted
2023-10-27 20:14:11,883 [grpc-default-executor-0] INFO  server.RaftServer$Division (RaftServerImpl.java:requestVote(1302)) - 0ef615e1-91db-4ede-b924-53e2d320f02d@group-7E36DD6E81EC: receive requestVote(ELECTION, 94422c73-384a-4d9a-a15d-46d9f5b840aa, group-7E36DD6E81EC, 1, (t:0, i:0))
2023-10-27 20:14:11,883 [grpc-default-executor-0] INFO  impl.VoteContext (VoteContext.java:log(49)) - 0ef615e1-91db-4ede-b924-53e2d320f02d@group-7E36DD6E81EC-FOLLOWER: accept ELECTION from 94422c73-384a-4d9a-a15d-46d9f5b840aa: our priority 0 <= candidate's priority 1
2023-10-27 20:14:11,883 [grpc-default-executor-0] INFO  server.RaftServer$Division (RaftServerImpl.java:setRole(329)) - 0ef615e1-91db-4ede-b924-53e2d320f02d@group-7E36DD6E81EC: changes role from  FOLLOWER to FOLLOWER at term 1 for candidate:94422c73-384a-4d9a-a15d-46d9f5b840aa
2023-10-27 20:14:11,883 [grpc-default-executor-0] INFO  impl.RoleInfo (RoleInfo.java:shutdownFollowerState(110)) - 0ef615e1-91db-4ede-b924-53e2d320f02d: shutdown 0ef615e1-91db-4ede-b924-53e2d320f02d@group-7E36DD6E81EC-FollowerState
2023-10-27 20:14:11,884 [5b9beb6f-d596-489f-8a17-e362b772df82@group-942E44EA8C16-SegmentedRaftLogWorker] INFO  segmented.SegmentedRaftLogWorker (SegmentedRaftLogWorker.java:execute(651)) - 5b9beb6f-d596-489f-8a17-e362b772df82@group-942E44EA8C16-SegmentedRaftLogWorker: created new log segment /home/runner/work/ozone/ozone/hadoop-ozone/integration-test/target/test-dir/MiniOzoneClusterImpl-60426a9d-3de2-4373-b08b-24a22c9da129/datanode-9/data/ratis/b464d587-1b89-4291-b45b-942e44ea8c16/current/log_inprogress_0
2023-10-27 20:14:11,873 [grpc-default-executor-2] INFO  impl.RoleInfo (RoleInfo.java:updateAndGet(139)) - 66ee3698-ded8-430f-8ecd-27f356af6e45: start 66ee3698-ded8-430f-8ecd-27f356af6e45@group-7E36DD6E81EC-FollowerState
2023-10-27 20:14:11,887 [55507c8a-594d-4e25-909f-8d2832294c55@group-F9EF9EF7AB14-SegmentedRaftLogWorker] INFO  segmented.SegmentedRaftLogWorker (SegmentedRaftLogWorker.java:execute(651)) - 55507c8a-594d-4e25-909f-8d2832294c55@group-F9EF9EF7AB14-SegmentedRaftLogWorker: created new log segment /home/runner/work/ozone/ozone/hadoop-ozone/integration-test/target/test-dir/MiniOzoneClusterImpl-60426a9d-3de2-4373-b08b-24a22c9da129/datanode-8/data/ratis/9165e2d6-b074-416d-b0ca-f9ef9ef7ab14/current/log_inprogress_0
2023-10-27 20:14:11,896 [grpc-default-executor-0] INFO  impl.RoleInfo (RoleInfo.java:updateAndGet(139)) - 0ef615e1-91db-4ede-b924-53e2d320f02d: start 0ef615e1-91db-4ede-b924-53e2d320f02d@group-7E36DD6E81EC-FollowerState
2023-10-27 20:14:11,896 [0ef615e1-91db-4ede-b924-53e2d320f02d@group-7E36DD6E81EC-FollowerState] INFO  impl.FollowerState (FollowerState.java:run(152)) - 0ef615e1-91db-4ede-b924-53e2d320f02d@group-7E36DD6E81EC-FollowerState was interrupted
2023-10-27 20:14:11,897 [grpc-default-executor-2] INFO  server.RaftServer$Division (RaftServerImpl.java:requestVote(1335)) - 66ee3698-ded8-430f-8ecd-27f356af6e45@group-7E36DD6E81EC replies to ELECTION vote request: 94422c73-384a-4d9a-a15d-46d9f5b840aa<-66ee3698-ded8-430f-8ecd-27f356af6e45#0:OK-t1. Peer's state: 66ee3698-ded8-430f-8ecd-27f356af6e45@group-7E36DD6E81EC:t1, leader=null, voted=94422c73-384a-4d9a-a15d-46d9f5b840aa, raftlog=Memoized:66ee3698-ded8-430f-8ecd-27f356af6e45@group-7E36DD6E81EC-SegmentedRaftLog:OPENED:c-1, conf=-1: peers:[94422c73-384a-4d9a-a15d-46d9f5b840aa|rpc:10.1.0.32:15014|admin:10.1.0.32:15013|client:10.1.0.32:15012|dataStream:10.1.0.32:15015|priority:1|startupRole:FOLLOWER, 66ee3698-ded8-430f-8ecd-27f356af6e45|rpc:10.1.0.32:15032|admin:10.1.0.32:15031|client:10.1.0.32:15030|dataStream:10.1.0.32:15033|priority:0|startupRole:FOLLOWER, 0ef615e1-91db-4ede-b924-53e2d320f02d|rpc:10.1.0.32:15023|admin:10.1.0.32:15022|client:10.1.0.32:15021|dataStream:10.1.0.32:15024|priority:0|startupRole:FOLLOWER]|listeners:[], old=null
2023-10-27 20:14:11,908 [5b9beb6f-d596-489f-8a17-e362b772df82@group-942E44EA8C16-LeaderElection17] INFO  server.RaftServer$Division (ServerState.java:setRaftConf(434)) - 5b9beb6f-d596-489f-8a17-e362b772df82@group-942E44EA8C16: set configuration 0: peers:[5b9beb6f-d596-489f-8a17-e362b772df82|rpc:10.1.0.32:15095|admin:10.1.0.32:15094|client:10.1.0.32:15093|dataStream:10.1.0.32:15096|priority:1|startupRole:FOLLOWER]|listeners:[], old=null
2023-10-27 20:14:11,908 [55507c8a-594d-4e25-909f-8d2832294c55@group-F9EF9EF7AB14-LeaderElection18] INFO  server.RaftServer$Division (ServerState.java:setRaftConf(434)) - 55507c8a-594d-4e25-909f-8d2832294c55@group-F9EF9EF7AB14: set configuration 0: peers:[55507c8a-594d-4e25-909f-8d2832294c55|rpc:10.1.0.32:15086|admin:10.1.0.32:15085|client:10.1.0.32:15084|dataStream:10.1.0.32:15087|priority:1|startupRole:FOLLOWER]|listeners:[], old=null
2023-10-27 20:14:11,909 [grpc-default-executor-0] INFO  server.RaftServer$Division (RaftServerImpl.java:requestVote(1335)) - 0ef615e1-91db-4ede-b924-53e2d320f02d@group-7E36DD6E81EC replies to ELECTION vote request: 94422c73-384a-4d9a-a15d-46d9f5b840aa<-0ef615e1-91db-4ede-b924-53e2d320f02d#0:OK-t1. Peer's state: 0ef615e1-91db-4ede-b924-53e2d320f02d@group-7E36DD6E81EC:t1, leader=null, voted=94422c73-384a-4d9a-a15d-46d9f5b840aa, raftlog=Memoized:0ef615e1-91db-4ede-b924-53e2d320f02d@group-7E36DD6E81EC-SegmentedRaftLog:OPENED:c-1, conf=-1: peers:[94422c73-384a-4d9a-a15d-46d9f5b840aa|rpc:10.1.0.32:15014|admin:10.1.0.32:15013|client:10.1.0.32:15012|dataStream:10.1.0.32:15015|priority:1|startupRole:FOLLOWER, 66ee3698-ded8-430f-8ecd-27f356af6e45|rpc:10.1.0.32:15032|admin:10.1.0.32:15031|client:10.1.0.32:15030|dataStream:10.1.0.32:15033|priority:0|startupRole:FOLLOWER, 0ef615e1-91db-4ede-b924-53e2d320f02d|rpc:10.1.0.32:15023|admin:10.1.0.32:15022|client:10.1.0.32:15021|dataStream:10.1.0.32:15024|priority:0|startupRole:FOLLOWER]|listeners:[], old=null
2023-10-27 20:14:11,915 [94422c73-384a-4d9a-a15d-46d9f5b840aa@group-7E36DD6E81EC-LeaderElection16] INFO  impl.LeaderElection (LeaderElection.java:logAndReturn(90)) - 94422c73-384a-4d9a-a15d-46d9f5b840aa@group-7E36DD6E81EC-LeaderElection16: ELECTION PASSED received 1 response(s) and 0 exception(s):
2023-10-27 20:14:11,915 [94422c73-384a-4d9a-a15d-46d9f5b840aa@group-7E36DD6E81EC-LeaderElection16] INFO  impl.LeaderElection (LeaderElection.java:logAndReturn(94)) -   Response 0: 94422c73-384a-4d9a-a15d-46d9f5b840aa<-66ee3698-ded8-430f-8ecd-27f356af6e45#0:OK-t1
2023-10-27 20:14:11,915 [94422c73-384a-4d9a-a15d-46d9f5b840aa@group-7E36DD6E81EC-LeaderElection16] INFO  impl.LeaderElection (LeaderElection.java:askForVotes(323)) - 94422c73-384a-4d9a-a15d-46d9f5b840aa@group-7E36DD6E81EC-LeaderElection16 ELECTION round 0: result PASSED
2023-10-27 20:14:11,915 [94422c73-384a-4d9a-a15d-46d9f5b840aa@group-7E36DD6E81EC-LeaderElection16] INFO  impl.RoleInfo (RoleInfo.java:shutdownLeaderElection(130)) - 94422c73-384a-4d9a-a15d-46d9f5b840aa: shutdown 94422c73-384a-4d9a-a15d-46d9f5b840aa@group-7E36DD6E81EC-LeaderElection16
2023-10-27 20:14:11,916 [94422c73-384a-4d9a-a15d-46d9f5b840aa@group-7E36DD6E81EC-LeaderElection16] INFO  server.RaftServer$Division (RaftServerImpl.java:setRole(329)) - 94422c73-384a-4d9a-a15d-46d9f5b840aa@group-7E36DD6E81EC: changes role from CANDIDATE to LEADER at term 1 for changeToLeader
2023-10-27 20:14:11,916 [94422c73-384a-4d9a-a15d-46d9f5b840aa@group-7E36DD6E81EC-LeaderElection16] INFO  ratis.XceiverServerRatis (XceiverServerRatis.java:handleLeaderChangedNotification(903)) - Leader change notification received for group: group-7E36DD6E81EC with new leaderId: 94422c73-384a-4d9a-a15d-46d9f5b840aa
2023-10-27 20:14:11,916 [94422c73-384a-4d9a-a15d-46d9f5b840aa@group-7E36DD6E81EC-LeaderElection16] INFO  server.RaftServer$Division (ServerState.java:setLeader(317)) - 94422c73-384a-4d9a-a15d-46d9f5b840aa@group-7E36DD6E81EC: change Leader from null to 94422c73-384a-4d9a-a15d-46d9f5b840aa at term 1 for becomeLeader, leader elected after 5544ms
2023-10-27 20:14:11,916 [94422c73-384a-4d9a-a15d-46d9f5b840aa@group-7E36DD6E81EC-LeaderElection16] INFO  server.RaftServerConfigKeys (ConfUtils.java:logGet(46)) - raft.server.staging.catchup.gap = 1000 (default)
2023-10-27 20:14:11,916 [94422c73-384a-4d9a-a15d-46d9f5b840aa@group-7E36DD6E81EC-LeaderElection16] INFO  server.RaftServerConfigKeys (ConfUtils.java:logGet(46)) - raft.server.write.element-limit = 1024 (custom)
2023-10-27 20:14:11,916 [94422c73-384a-4d9a-a15d-46d9f5b840aa@group-7E36DD6E81EC-LeaderElection16] INFO  server.RaftServerConfigKeys (ConfUtils.java:logGet(46)) - raft.server.write.byte-limit = 1024 M (=1073741824) (custom)
2023-10-27 20:14:11,917 [94422c73-384a-4d9a-a15d-46d9f5b840aa@group-7E36DD6E81EC-LeaderElection16] INFO  server.RaftServerConfigKeys (ConfUtils.java:logGet(46)) - raft.server.watch.timeout = 180s (custom)
2023-10-27 20:14:11,917 [94422c73-384a-4d9a-a15d-46d9f5b840aa@group-7E36DD6E81EC-LeaderElection16] INFO  server.RaftServerConfigKeys (ConfUtils.java:logGet(46)) - raft.server.watch.timeout.denomination = 1s (default)
2023-10-27 20:14:11,917 [94422c73-384a-4d9a-a15d-46d9f5b840aa@group-7E36DD6E81EC-LeaderElection16] INFO  server.RaftServerConfigKeys (ConfUtils.java:logGet(46)) - raft.server.watch.element-limit = 65536 (default)
2023-10-27 20:14:11,917 [94422c73-384a-4d9a-a15d-46d9f5b840aa@group-7E36DD6E81EC-LeaderElection16] INFO  server.RaftServerConfigKeys (ConfUtils.java:logGet(46)) - raft.server.write.element-limit = 1024 (custom)
2023-10-27 20:14:11,917 [94422c73-384a-4d9a-a15d-46d9f5b840aa@group-7E36DD6E81EC-LeaderElection16] INFO  server.RaftServerConfigKeys (ConfUtils.java:logGet(46)) - raft.server.write.follower.gap.ratio.max = -1.0 (default)
2023-10-27 20:14:11,918 [EventQueue-PipelineReportForPipelineReportHandler] INFO  pipeline.PipelineReportHandler (PipelineReportHandler.java:processPipelineReport(136)) - Opened pipeline PipelineID=d274e337-1c6c-42b4-b755-7e36dd6e81ec
2023-10-27 20:14:11,919 [94422c73-384a-4d9a-a15d-46d9f5b840aa@group-7E36DD6E81EC-LeaderElection16] INFO  server.RaftServerConfigKeys (ConfUtils.java:logGet(46)) - raft.server.log.appender.snapshot.chunk.size.max = 16MB (=16777216) (default)
2023-10-27 20:14:11,919 [94422c73-384a-4d9a-a15d-46d9f5b840aa@group-7E36DD6E81EC-LeaderElection16] INFO  server.RaftServerConfigKeys (ConfUtils.java:logGet(46)) - raft.server.log.appender.buffer.byte-limit = 33554432 (custom)
2023-10-27 20:14:11,919 [94422c73-384a-4d9a-a15d-46d9f5b840aa@group-7E36DD6E81EC-LeaderElection16] INFO  server.RaftServerConfigKeys (ConfUtils.java:logGet(46)) - raft.server.log.appender.buffer.element-limit = 1 (custom)
2023-10-27 20:14:11,919 [94422c73-384a-4d9a-a15d-46d9f5b840aa@group-7E36DD6E81EC-LeaderElection16] INFO  server.RaftServerConfigKeys (ConfUtils.java:logGet(46)) - raft.server.log.appender.wait-time.min = 1ms (custom)
2023-10-27 20:14:11,920 [94422c73-384a-4d9a-a15d-46d9f5b840aa@group-7E36DD6E81EC-LeaderElection16] INFO  grpc.GrpcConfigKeys (ConfUtils.java:logGet(46)) - raft.grpc.server.leader.outstanding.appends.max = 128 (default)
2023-10-27 20:14:11,921 [94422c73-384a-4d9a-a15d-46d9f5b840aa@group-7E36DD6E81EC-LeaderElection16] INFO  server.RaftServerConfigKeys (ConfUtils.java:logGet(46)) - raft.server.rpc.request.timeout = 60s (custom)
2023-10-27 20:14:11,921 [94422c73-384a-4d9a-a15d-46d9f5b840aa@group-7E36DD6E81EC-LeaderElection16] INFO  grpc.GrpcConfigKeys (ConfUtils.java:logGet(46)) - raft.grpc.server.install_snapshot.request.element-limit = 8 (default)
2023-10-27 20:14:11,921 [94422c73-384a-4d9a-a15d-46d9f5b840aa@group-7E36DD6E81EC-LeaderElection16] INFO  grpc.GrpcConfigKeys (ConfUtils.java:logGet(46)) - raft.grpc.server.install_snapshot.request.timeout = 3000ms (default)
2023-10-27 20:14:11,921 [94422c73-384a-4d9a-a15d-46d9f5b840aa@group-7E36DD6E81EC-LeaderElection16] INFO  server.RaftServerConfigKeys (ConfUtils.java:logGet(46)) - raft.server.log.appender.install.snapshot.enabled = false (custom)
2023-10-27 20:14:11,921 [94422c73-384a-4d9a-a15d-46d9f5b840aa@group-7E36DD6E81EC-LeaderElection16] INFO  grpc.GrpcConfigKeys (ConfUtils.java:logGet(46)) - raft.grpc.server.heartbeat.channel = true (default)
2023-10-27 20:14:11,927 [94422c73-384a-4d9a-a15d-46d9f5b840aa@group-7E36DD6E81EC-LeaderElection16] INFO  server.RaftServerConfigKeys (ConfUtils.java:logGet(46)) - raft.server.log.appender.snapshot.chunk.size.max = 16MB (=16777216) (default)
2023-10-27 20:14:11,929 [94422c73-384a-4d9a-a15d-46d9f5b840aa@group-7E36DD6E81EC-LeaderElection16] INFO  server.RaftServerConfigKeys (ConfUtils.java:logGet(46)) - raft.server.log.appender.buffer.byte-limit = 33554432 (custom)
2023-10-27 20:14:11,930 [94422c73-384a-4d9a-a15d-46d9f5b840aa@group-7E36DD6E81EC-LeaderElection16] INFO  server.RaftServerConfigKeys (ConfUtils.java:logGet(46)) - raft.server.log.appender.buffer.element-limit = 1 (custom)
2023-10-27 20:14:11,932 [94422c73-384a-4d9a-a15d-46d9f5b840aa@group-7E36DD6E81EC-LeaderElection16] INFO  server.RaftServerConfigKeys (ConfUtils.java:logGet(46)) - raft.server.log.appender.wait-time.min = 1ms (custom)
2023-10-27 20:14:11,932 [94422c73-384a-4d9a-a15d-46d9f5b840aa@group-7E36DD6E81EC-LeaderElection16] INFO  grpc.GrpcConfigKeys (ConfUtils.java:logGet(46)) - raft.grpc.server.leader.outstanding.appends.max = 128 (default)
2023-10-27 20:14:11,932 [94422c73-384a-4d9a-a15d-46d9f5b840aa@group-7E36DD6E81EC-LeaderElection16] INFO  server.RaftServerConfigKeys (ConfUtils.java:logGet(46)) - raft.server.rpc.request.timeout = 60s (custom)
2023-10-27 20:14:11,932 [94422c73-384a-4d9a-a15d-46d9f5b840aa@group-7E36DD6E81EC-LeaderElection16] INFO  grpc.GrpcConfigKeys (ConfUtils.java:logGet(46)) - raft.grpc.server.install_snapshot.request.element-limit = 8 (default)
2023-10-27 20:14:11,932 [94422c73-384a-4d9a-a15d-46d9f5b840aa@group-7E36DD6E81EC-LeaderElection16] INFO  grpc.GrpcConfigKeys (ConfUtils.java:logGet(46)) - raft.grpc.server.install_snapshot.request.timeout = 3000ms (default)
2023-10-27 20:14:11,932 [94422c73-384a-4d9a-a15d-46d9f5b840aa@group-7E36DD6E81EC-LeaderElection16] INFO  server.RaftServerConfigKeys (ConfUtils.java:logGet(46)) - raft.server.log.appender.install.snapshot.enabled = false (custom)
2023-10-27 20:14:11,932 [94422c73-384a-4d9a-a15d-46d9f5b840aa@group-7E36DD6E81EC-LeaderElection16] INFO  grpc.GrpcConfigKeys (ConfUtils.java:logGet(46)) - raft.grpc.server.heartbeat.channel = true (default)
2023-10-27 20:14:11,932 [94422c73-384a-4d9a-a15d-46d9f5b840aa@group-7E36DD6E81EC-LeaderElection16] INFO  impl.RoleInfo (RoleInfo.java:updateAndGet(139)) - 94422c73-384a-4d9a-a15d-46d9f5b840aa: start 94422c73-384a-4d9a-a15d-46d9f5b840aa@group-7E36DD6E81EC-LeaderStateImpl
2023-10-27 20:14:11,934 [94422c73-384a-4d9a-a15d-46d9f5b840aa@group-7E36DD6E81EC-LeaderElection16] INFO  segmented.SegmentedRaftLogWorker (SegmentedRaftLogWorker.java:startLogSegment(447)) - 94422c73-384a-4d9a-a15d-46d9f5b840aa@group-7E36DD6E81EC-SegmentedRaftLogWorker: Starting segment from index:0
2023-10-27 20:14:11,937 [94422c73-384a-4d9a-a15d-46d9f5b840aa@group-7E36DD6E81EC-SegmentedRaftLogWorker] INFO  segmented.SegmentedRaftLogWorker (SegmentedRaftLogWorker.java:execute(651)) - 94422c73-384a-4d9a-a15d-46d9f5b840aa@group-7E36DD6E81EC-SegmentedRaftLogWorker: created new log segment /home/runner/work/ozone/ozone/hadoop-ozone/integration-test/target/test-dir/MiniOzoneClusterImpl-60426a9d-3de2-4373-b08b-24a22c9da129/datanode-0/data/ratis/d274e337-1c6c-42b4-b755-7e36dd6e81ec/current/log_inprogress_0
2023-10-27 20:14:11,962 [94422c73-384a-4d9a-a15d-46d9f5b840aa@group-7E36DD6E81EC-LeaderElection16] INFO  server.RaftServer$Division (ServerState.java:setRaftConf(434)) - 94422c73-384a-4d9a-a15d-46d9f5b840aa@group-7E36DD6E81EC: set configuration 0: peers:[94422c73-384a-4d9a-a15d-46d9f5b840aa|rpc:10.1.0.32:15014|admin:10.1.0.32:15013|client:10.1.0.32:15012|dataStream:10.1.0.32:15015|priority:1|startupRole:FOLLOWER, 66ee3698-ded8-430f-8ecd-27f356af6e45|rpc:10.1.0.32:15032|admin:10.1.0.32:15031|client:10.1.0.32:15030|dataStream:10.1.0.32:15033|priority:0|startupRole:FOLLOWER, 0ef615e1-91db-4ede-b924-53e2d320f02d|rpc:10.1.0.32:15023|admin:10.1.0.32:15022|client:10.1.0.32:15021|dataStream:10.1.0.32:15024|priority:0|startupRole:FOLLOWER]|listeners:[], old=null
2023-10-27 20:14:11,977 [1407d0d1-39ba-4bc0-b697-1e16e43cd838@group-5C95EDC39216-FollowerState] INFO  impl.FollowerState (FollowerState.java:run(143)) - 1407d0d1-39ba-4bc0-b697-1e16e43cd838@group-5C95EDC39216-FollowerState: change to CANDIDATE, lastRpcElapsedTime:5194556196ns, electionTimeout:5153ms
2023-10-27 20:14:11,978 [1407d0d1-39ba-4bc0-b697-1e16e43cd838@group-5C95EDC39216-FollowerState] INFO  impl.RoleInfo (RoleInfo.java:shutdownFollowerState(110)) - 1407d0d1-39ba-4bc0-b697-1e16e43cd838: shutdown 1407d0d1-39ba-4bc0-b697-1e16e43cd838@group-5C95EDC39216-FollowerState
2023-10-27 20:14:11,979 [1407d0d1-39ba-4bc0-b697-1e16e43cd838@group-5C95EDC39216-FollowerState] INFO  server.RaftServer$Division (RaftServerImpl.java:setRole(329)) - 1407d0d1-39ba-4bc0-b697-1e16e43cd838@group-5C95EDC39216: changes role from  FOLLOWER to CANDIDATE at term 0 for changeToCandidate
2023-10-27 20:14:11,979 [1407d0d1-39ba-4bc0-b697-1e16e43cd838@group-5C95EDC39216-FollowerState] INFO  server.RaftServerConfigKeys (ConfUtils.java:logGet(46)) - raft.server.leaderelection.pre-vote = true (default)
2023-10-27 20:14:11,979 [1407d0d1-39ba-4bc0-b697-1e16e43cd838@group-5C95EDC39216-FollowerState] INFO  impl.RoleInfo (RoleInfo.java:updateAndGet(139)) - 1407d0d1-39ba-4bc0-b697-1e16e43cd838: start 1407d0d1-39ba-4bc0-b697-1e16e43cd838@group-5C95EDC39216-LeaderElection19
2023-10-27 20:14:11,980 [1407d0d1-39ba-4bc0-b697-1e16e43cd838@group-5C95EDC39216-LeaderElection19] INFO  impl.LeaderElection (LeaderElection.java:askForVotes(321)) - 1407d0d1-39ba-4bc0-b697-1e16e43cd838@group-5C95EDC39216-LeaderElection19 PRE_VOTE round 0: submit vote requests at term 0 for -1: peers:[3fb99649-c87f-4cc9-b3d9-f5c572ff189c|rpc:10.1.0.32:15041|admin:10.1.0.32:15040|client:10.1.0.32:15039|dataStream:10.1.0.32:15042|priority:0|startupRole:FOLLOWER, 23554148-3e4d-431f-a73e-f2401dbff1d4|rpc:10.1.0.32:15059|admin:10.1.0.32:15058|client:10.1.0.32:15057|dataStream:10.1.0.32:15060|priority:0|startupRole:FOLLOWER, 1407d0d1-39ba-4bc0-b697-1e16e43cd838|rpc:10.1.0.32:15050|admin:10.1.0.32:15049|client:10.1.0.32:15048|dataStream:10.1.0.32:15051|priority:1|startupRole:FOLLOWER]|listeners:[], old=null
2023-10-27 20:14:11,981 [1407d0d1-39ba-4bc0-b697-1e16e43cd838@group-5C95EDC39216-LeaderElection19-1] INFO  server.GrpcServerProtocolClient (GrpcServerProtocolClient.java:<init>(65)) - Build channel for 3fb99649-c87f-4cc9-b3d9-f5c572ff189c
2023-10-27 20:14:11,987 [66ee3698-ded8-430f-8ecd-27f356af6e45-server-thread2] INFO  ratis.XceiverServerRatis (XceiverServerRatis.java:handleLeaderChangedNotification(903)) - Leader change notification received for group: group-7E36DD6E81EC with new leaderId: 94422c73-384a-4d9a-a15d-46d9f5b840aa
2023-10-27 20:14:11,989 [66ee3698-ded8-430f-8ecd-27f356af6e45-server-thread2] INFO  server.RaftServer$Division (ServerState.java:setLeader(317)) - 66ee3698-ded8-430f-8ecd-27f356af6e45@group-7E36DD6E81EC: change Leader from null to 94422c73-384a-4d9a-a15d-46d9f5b840aa at term 1 for appendEntries, leader elected after 6189ms
2023-10-27 20:14:11,990 [1407d0d1-39ba-4bc0-b697-1e16e43cd838@group-5C95EDC39216-LeaderElection19-2] INFO  server.GrpcServerProtocolClient (GrpcServerProtocolClient.java:<init>(65)) - Build channel for 23554148-3e4d-431f-a73e-f2401dbff1d4
2023-10-27 20:14:11,990 [1407d0d1-39ba-4bc0-b697-1e16e43cd838@group-5C95EDC39216-LeaderElection19] INFO  server.RaftServerConfigKeys (ConfUtils.java:logFallback(53)) - raft.server.rpc.first-election.timeout.min = 5s (fallback to raft.server.rpc.timeout.min)
2023-10-27 20:14:11,995 [1407d0d1-39ba-4bc0-b697-1e16e43cd838@group-5C95EDC39216-LeaderElection19] INFO  server.RaftServerConfigKeys (ConfUtils.java:logFallback(53)) - raft.server.rpc.first-election.timeout.max = 5200ms (fallback to raft.server.rpc.timeout.max)
2023-10-27 20:14:11,998 [0ef615e1-91db-4ede-b924-53e2d320f02d-server-thread1] INFO  ratis.XceiverServerRatis (XceiverServerRatis.java:handleLeaderChangedNotification(903)) - Leader change notification received for group: group-7E36DD6E81EC with new leaderId: 94422c73-384a-4d9a-a15d-46d9f5b840aa
2023-10-27 20:14:12,000 [0ef615e1-91db-4ede-b924-53e2d320f02d-server-thread1] INFO  server.RaftServer$Division (ServerState.java:setLeader(317)) - 0ef615e1-91db-4ede-b924-53e2d320f02d@group-7E36DD6E81EC: change Leader from null to 94422c73-384a-4d9a-a15d-46d9f5b840aa at term 1 for appendEntries, leader elected after 5603ms
2023-10-27 20:14:12,008 [66ee3698-ded8-430f-8ecd-27f356af6e45-server-thread1] INFO  server.RaftServer$Division (ServerState.java:setRaftConf(434)) - 66ee3698-ded8-430f-8ecd-27f356af6e45@group-7E36DD6E81EC: set configuration 0: peers:[94422c73-384a-4d9a-a15d-46d9f5b840aa|rpc:10.1.0.32:15014|admin:10.1.0.32:15013|client:10.1.0.32:15012|dataStream:10.1.0.32:15015|priority:1|startupRole:FOLLOWER, 66ee3698-ded8-430f-8ecd-27f356af6e45|rpc:10.1.0.32:15032|admin:10.1.0.32:15031|client:10.1.0.32:15030|dataStream:10.1.0.32:15033|priority:0|startupRole:FOLLOWER, 0ef615e1-91db-4ede-b924-53e2d320f02d|rpc:10.1.0.32:15023|admin:10.1.0.32:15022|client:10.1.0.32:15021|dataStream:10.1.0.32:15024|priority:0|startupRole:FOLLOWER]|listeners:[], old=null
2023-10-27 20:14:12,010 [66ee3698-ded8-430f-8ecd-27f356af6e45-server-thread1] INFO  segmented.SegmentedRaftLogWorker (SegmentedRaftLogWorker.java:startLogSegment(447)) - 66ee3698-ded8-430f-8ecd-27f356af6e45@group-7E36DD6E81EC-SegmentedRaftLogWorker: Starting segment from index:0
2023-10-27 20:14:12,010 [grpc-default-executor-5] INFO  server.RaftServer$Division (RaftServerImpl.java:requestVote(1302)) - 3fb99649-c87f-4cc9-b3d9-f5c572ff189c@group-5C95EDC39216: receive requestVote(PRE_VOTE, 1407d0d1-39ba-4bc0-b697-1e16e43cd838, group-5C95EDC39216, 0, (t:0, i:0))
2023-10-27 20:14:12,011 [grpc-default-executor-5] INFO  impl.VoteContext (VoteContext.java:log(49)) - 3fb99649-c87f-4cc9-b3d9-f5c572ff189c@group-5C95EDC39216-FOLLOWER: accept PRE_VOTE from 1407d0d1-39ba-4bc0-b697-1e16e43cd838: our priority 0 <= candidate's priority 1
2023-10-27 20:14:12,011 [grpc-default-executor-5] INFO  server.RaftServer$Division (RaftServerImpl.java:requestVote(1335)) - 3fb99649-c87f-4cc9-b3d9-f5c572ff189c@group-5C95EDC39216 replies to PRE_VOTE vote request: 1407d0d1-39ba-4bc0-b697-1e16e43cd838<-3fb99649-c87f-4cc9-b3d9-f5c572ff189c#0:OK-t0. Peer's state: 3fb99649-c87f-4cc9-b3d9-f5c572ff189c@group-5C95EDC39216:t0, leader=null, voted=, raftlog=Memoized:3fb99649-c87f-4cc9-b3d9-f5c572ff189c@group-5C95EDC39216-SegmentedRaftLog:OPENED:c-1, conf=-1: peers:[3fb99649-c87f-4cc9-b3d9-f5c572ff189c|rpc:10.1.0.32:15041|admin:10.1.0.32:15040|client:10.1.0.32:15039|dataStream:10.1.0.32:15042|priority:0|startupRole:FOLLOWER, 23554148-3e4d-431f-a73e-f2401dbff1d4|rpc:10.1.0.32:15059|admin:10.1.0.32:15058|client:10.1.0.32:15057|dataStream:10.1.0.32:15060|priority:0|startupRole:FOLLOWER, 1407d0d1-39ba-4bc0-b697-1e16e43cd838|rpc:10.1.0.32:15050|admin:10.1.0.32:15049|client:10.1.0.32:15048|dataStream:10.1.0.32:15051|priority:1|startupRole:FOLLOWER]|listeners:[], old=null
2023-10-27 20:14:12,013 [0ef615e1-91db-4ede-b924-53e2d320f02d-server-thread2] INFO  server.RaftServer$Division (ServerState.java:setRaftConf(434)) - 0ef615e1-91db-4ede-b924-53e2d320f02d@group-7E36DD6E81EC: set configuration 0: peers:[94422c73-384a-4d9a-a15d-46d9f5b840aa|rpc:10.1.0.32:15014|admin:10.1.0.32:15013|client:10.1.0.32:15012|dataStream:10.1.0.32:15015|priority:1|startupRole:FOLLOWER, 66ee3698-ded8-430f-8ecd-27f356af6e45|rpc:10.1.0.32:15032|admin:10.1.0.32:15031|client:10.1.0.32:15030|dataStream:10.1.0.32:15033|priority:0|startupRole:FOLLOWER, 0ef615e1-91db-4ede-b924-53e2d320f02d|rpc:10.1.0.32:15023|admin:10.1.0.32:15022|client:10.1.0.32:15021|dataStream:10.1.0.32:15024|priority:0|startupRole:FOLLOWER]|listeners:[], old=null
2023-10-27 20:14:12,014 [0ef615e1-91db-4ede-b924-53e2d320f02d-server-thread2] INFO  segmented.SegmentedRaftLogWorker (SegmentedRaftLogWorker.java:startLogSegment(447)) - 0ef615e1-91db-4ede-b924-53e2d320f02d@group-7E36DD6E81EC-SegmentedRaftLogWorker: Starting segment from index:0
2023-10-27 20:14:12,015 [66ee3698-ded8-430f-8ecd-27f356af6e45@group-7E36DD6E81EC-SegmentedRaftLogWorker] INFO  segmented.SegmentedRaftLogWorker (SegmentedRaftLogWorker.java:execute(651)) - 66ee3698-ded8-430f-8ecd-27f356af6e45@group-7E36DD6E81EC-SegmentedRaftLogWorker: created new log segment /home/runner/work/ozone/ozone/hadoop-ozone/integration-test/target/test-dir/MiniOzoneClusterImpl-60426a9d-3de2-4373-b08b-24a22c9da129/datanode-2/data/ratis/d274e337-1c6c-42b4-b755-7e36dd6e81ec/current/log_inprogress_0
2023-10-27 20:14:12,049 [0ef615e1-91db-4ede-b924-53e2d320f02d@group-7E36DD6E81EC-SegmentedRaftLogWorker] INFO  segmented.SegmentedRaftLogWorker (SegmentedRaftLogWorker.java:execute(651)) - 0ef615e1-91db-4ede-b924-53e2d320f02d@group-7E36DD6E81EC-SegmentedRaftLogWorker: created new log segment /home/runner/work/ozone/ozone/hadoop-ozone/integration-test/target/test-dir/MiniOzoneClusterImpl-60426a9d-3de2-4373-b08b-24a22c9da129/datanode-1/data/ratis/d274e337-1c6c-42b4-b755-7e36dd6e81ec/current/log_inprogress_0
2023-10-27 20:14:12,060 [1407d0d1-39ba-4bc0-b697-1e16e43cd838@group-5C95EDC39216-LeaderElection19] INFO  impl.LeaderElection (LeaderElection.java:logAndReturn(90)) - 1407d0d1-39ba-4bc0-b697-1e16e43cd838@group-5C95EDC39216-LeaderElection19: PRE_VOTE PASSED received 1 response(s) and 0 exception(s):
2023-10-27 20:14:12,060 [1407d0d1-39ba-4bc0-b697-1e16e43cd838@group-5C95EDC39216-LeaderElection19] INFO  impl.LeaderElection (LeaderElection.java:logAndReturn(94)) -   Response 0: 1407d0d1-39ba-4bc0-b697-1e16e43cd838<-3fb99649-c87f-4cc9-b3d9-f5c572ff189c#0:OK-t0
2023-10-27 20:14:12,061 [1407d0d1-39ba-4bc0-b697-1e16e43cd838@group-5C95EDC39216-LeaderElection19] INFO  impl.LeaderElection (LeaderElection.java:askForVotes(323)) - 1407d0d1-39ba-4bc0-b697-1e16e43cd838@group-5C95EDC39216-LeaderElection19 PRE_VOTE round 0: result PASSED
2023-10-27 20:14:12,065 [1407d0d1-39ba-4bc0-b697-1e16e43cd838@group-5C95EDC39216-LeaderElection19] INFO  impl.LeaderElection (LeaderElection.java:askForVotes(321)) - 1407d0d1-39ba-4bc0-b697-1e16e43cd838@group-5C95EDC39216-LeaderElection19 ELECTION round 0: submit vote requests at term 1 for -1: peers:[3fb99649-c87f-4cc9-b3d9-f5c572ff189c|rpc:10.1.0.32:15041|admin:10.1.0.32:15040|client:10.1.0.32:15039|dataStream:10.1.0.32:15042|priority:0|startupRole:FOLLOWER, 23554148-3e4d-431f-a73e-f2401dbff1d4|rpc:10.1.0.32:15059|admin:10.1.0.32:15058|client:10.1.0.32:15057|dataStream:10.1.0.32:15060|priority:0|startupRole:FOLLOWER, 1407d0d1-39ba-4bc0-b697-1e16e43cd838|rpc:10.1.0.32:15050|admin:10.1.0.32:15049|client:10.1.0.32:15048|dataStream:10.1.0.32:15051|priority:1|startupRole:FOLLOWER]|listeners:[], old=null
2023-10-27 20:14:12,068 [grpc-default-executor-5] INFO  server.RaftServer$Division (RaftServerImpl.java:requestVote(1302)) - 23554148-3e4d-431f-a73e-f2401dbff1d4@group-5C95EDC39216: receive requestVote(PRE_VOTE, 1407d0d1-39ba-4bc0-b697-1e16e43cd838, group-5C95EDC39216, 0, (t:0, i:0))
2023-10-27 20:14:12,068 [grpc-default-executor-5] INFO  impl.VoteContext (VoteContext.java:log(49)) - 23554148-3e4d-431f-a73e-f2401dbff1d4@group-5C95EDC39216-FOLLOWER: accept PRE_VOTE from 1407d0d1-39ba-4bc0-b697-1e16e43cd838: our priority 0 <= candidate's priority 1
2023-10-27 20:14:12,069 [grpc-default-executor-5] INFO  server.RaftServer$Division (RaftServerImpl.java:requestVote(1335)) - 23554148-3e4d-431f-a73e-f2401dbff1d4@group-5C95EDC39216 replies to PRE_VOTE vote request: 1407d0d1-39ba-4bc0-b697-1e16e43cd838<-23554148-3e4d-431f-a73e-f2401dbff1d4#0:OK-t0. Peer's state: 23554148-3e4d-431f-a73e-f2401dbff1d4@group-5C95EDC39216:t0, leader=null, voted=, raftlog=Memoized:23554148-3e4d-431f-a73e-f2401dbff1d4@group-5C95EDC39216-SegmentedRaftLog:OPENED:c-1, conf=-1: peers:[3fb99649-c87f-4cc9-b3d9-f5c572ff189c|rpc:10.1.0.32:15041|admin:10.1.0.32:15040|client:10.1.0.32:15039|dataStream:10.1.0.32:15042|priority:0|startupRole:FOLLOWER, 23554148-3e4d-431f-a73e-f2401dbff1d4|rpc:10.1.0.32:15059|admin:10.1.0.32:15058|client:10.1.0.32:15057|dataStream:10.1.0.32:15060|priority:0|startupRole:FOLLOWER, 1407d0d1-39ba-4bc0-b697-1e16e43cd838|rpc:10.1.0.32:15050|admin:10.1.0.32:15049|client:10.1.0.32:15048|dataStream:10.1.0.32:15051|priority:1|startupRole:FOLLOWER]|listeners:[], old=null
2023-10-27 20:14:12,077 [1407d0d1-39ba-4bc0-b697-1e16e43cd838@group-5C95EDC39216-LeaderElection19] INFO  server.RaftServerConfigKeys (ConfUtils.java:logFallback(53)) - raft.server.rpc.first-election.timeout.min = 5s (fallback to raft.server.rpc.timeout.min)
2023-10-27 20:14:12,082 [1407d0d1-39ba-4bc0-b697-1e16e43cd838@group-5C95EDC39216-LeaderElection19] INFO  server.RaftServerConfigKeys (ConfUtils.java:logFallback(53)) - raft.server.rpc.first-election.timeout.max = 5200ms (fallback to raft.server.rpc.timeout.max)
2023-10-27 20:14:12,084 [grpc-default-executor-5] INFO  server.RaftServer$Division (RaftServerImpl.java:requestVote(1302)) - 3fb99649-c87f-4cc9-b3d9-f5c572ff189c@group-5C95EDC39216: receive requestVote(ELECTION, 1407d0d1-39ba-4bc0-b697-1e16e43cd838, group-5C95EDC39216, 1, (t:0, i:0))
2023-10-27 20:14:12,085 [grpc-default-executor-5] INFO  impl.VoteContext (VoteContext.java:log(49)) - 3fb99649-c87f-4cc9-b3d9-f5c572ff189c@group-5C95EDC39216-FOLLOWER: accept ELECTION from 1407d0d1-39ba-4bc0-b697-1e16e43cd838: our priority 0 <= candidate's priority 1
2023-10-27 20:14:12,085 [grpc-default-executor-5] INFO  server.RaftServer$Division (RaftServerImpl.java:setRole(329)) - 3fb99649-c87f-4cc9-b3d9-f5c572ff189c@group-5C95EDC39216: changes role from  FOLLOWER to FOLLOWER at term 1 for candidate:1407d0d1-39ba-4bc0-b697-1e16e43cd838
2023-10-27 20:14:12,085 [grpc-default-executor-5] INFO  impl.RoleInfo (RoleInfo.java:shutdownFollowerState(110)) - 3fb99649-c87f-4cc9-b3d9-f5c572ff189c: shutdown 3fb99649-c87f-4cc9-b3d9-f5c572ff189c@group-5C95EDC39216-FollowerState
2023-10-27 20:14:12,085 [grpc-default-executor-5] INFO  impl.RoleInfo (RoleInfo.java:updateAndGet(139)) - 3fb99649-c87f-4cc9-b3d9-f5c572ff189c: start 3fb99649-c87f-4cc9-b3d9-f5c572ff189c@group-5C95EDC39216-FollowerState
2023-10-27 20:14:12,085 [3fb99649-c87f-4cc9-b3d9-f5c572ff189c@group-5C95EDC39216-FollowerState] INFO  impl.FollowerState (FollowerState.java:run(152)) - 3fb99649-c87f-4cc9-b3d9-f5c572ff189c@group-5C95EDC39216-FollowerState was interrupted
2023-10-27 20:14:12,088 [grpc-default-executor-0] INFO  server.RaftServer$Division (RaftServerImpl.java:requestVote(1302)) - 23554148-3e4d-431f-a73e-f2401dbff1d4@group-5C95EDC39216: receive requestVote(ELECTION, 1407d0d1-39ba-4bc0-b697-1e16e43cd838, group-5C95EDC39216, 1, (t:0, i:0))
2023-10-27 20:14:12,088 [grpc-default-executor-0] INFO  impl.VoteContext (VoteContext.java:log(49)) - 23554148-3e4d-431f-a73e-f2401dbff1d4@group-5C95EDC39216-FOLLOWER: accept ELECTION from 1407d0d1-39ba-4bc0-b697-1e16e43cd838: our priority 0 <= candidate's priority 1
2023-10-27 20:14:12,088 [grpc-default-executor-0] INFO  server.RaftServer$Division (RaftServerImpl.java:setRole(329)) - 23554148-3e4d-431f-a73e-f2401dbff1d4@group-5C95EDC39216: changes role from  FOLLOWER to FOLLOWER at term 1 for candidate:1407d0d1-39ba-4bc0-b697-1e16e43cd838
2023-10-27 20:14:12,088 [grpc-default-executor-0] INFO  impl.RoleInfo (RoleInfo.java:shutdownFollowerState(110)) - 23554148-3e4d-431f-a73e-f2401dbff1d4: shutdown 23554148-3e4d-431f-a73e-f2401dbff1d4@group-5C95EDC39216-FollowerState
2023-10-27 20:14:12,090 [55507c8a-594d-4e25-909f-8d2832294c55@group-51E20A2316D2-FollowerState] INFO  impl.FollowerState (FollowerState.java:run(143)) - 55507c8a-594d-4e25-909f-8d2832294c55@group-51E20A2316D2-FollowerState: change to CANDIDATE, lastRpcElapsedTime:5207165896ns, electionTimeout:5187ms
2023-10-27 20:14:12,091 [55507c8a-594d-4e25-909f-8d2832294c55@group-51E20A2316D2-FollowerState] INFO  impl.RoleInfo (RoleInfo.java:shutdownFollowerState(110)) - 55507c8a-594d-4e25-909f-8d2832294c55: shutdown 55507c8a-594d-4e25-909f-8d2832294c55@group-51E20A2316D2-FollowerState
2023-10-27 20:14:12,091 [55507c8a-594d-4e25-909f-8d2832294c55@group-51E20A2316D2-FollowerState] INFO  server.RaftServer$Division (RaftServerImpl.java:setRole(329)) - 55507c8a-594d-4e25-909f-8d2832294c55@group-51E20A2316D2: changes role from  FOLLOWER to CANDIDATE at term 0 for changeToCandidate
2023-10-27 20:14:12,096 [55507c8a-594d-4e25-909f-8d2832294c55@group-51E20A2316D2-FollowerState] INFO  server.RaftServerConfigKeys (ConfUtils.java:logGet(46)) - raft.server.leaderelection.pre-vote = true (default)
2023-10-27 20:14:12,096 [55507c8a-594d-4e25-909f-8d2832294c55@group-51E20A2316D2-FollowerState] INFO  impl.RoleInfo (RoleInfo.java:updateAndGet(139)) - 55507c8a-594d-4e25-909f-8d2832294c55: start 55507c8a-594d-4e25-909f-8d2832294c55@group-51E20A2316D2-LeaderElection20
2023-10-27 20:14:12,098 [grpc-default-executor-5] INFO  server.RaftServer$Division (RaftServerImpl.java:requestVote(1335)) - 3fb99649-c87f-4cc9-b3d9-f5c572ff189c@group-5C95EDC39216 replies to ELECTION vote request: 1407d0d1-39ba-4bc0-b697-1e16e43cd838<-3fb99649-c87f-4cc9-b3d9-f5c572ff189c#0:OK-t1. Peer's state: 3fb99649-c87f-4cc9-b3d9-f5c572ff189c@group-5C95EDC39216:t1, leader=null, voted=1407d0d1-39ba-4bc0-b697-1e16e43cd838, raftlog=Memoized:3fb99649-c87f-4cc9-b3d9-f5c572ff189c@group-5C95EDC39216-SegmentedRaftLog:OPENED:c-1, conf=-1: peers:[3fb99649-c87f-4cc9-b3d9-f5c572ff189c|rpc:10.1.0.32:15041|admin:10.1.0.32:15040|client:10.1.0.32:15039|dataStream:10.1.0.32:15042|priority:0|startupRole:FOLLOWER, 23554148-3e4d-431f-a73e-f2401dbff1d4|rpc:10.1.0.32:15059|admin:10.1.0.32:15058|client:10.1.0.32:15057|dataStream:10.1.0.32:15060|priority:0|startupRole:FOLLOWER, 1407d0d1-39ba-4bc0-b697-1e16e43cd838|rpc:10.1.0.32:15050|admin:10.1.0.32:15049|client:10.1.0.32:15048|dataStream:10.1.0.32:15051|priority:1|startupRole:FOLLOWER]|listeners:[], old=null
2023-10-27 20:14:12,104 [grpc-default-executor-0] INFO  impl.RoleInfo (RoleInfo.java:updateAndGet(139)) - 23554148-3e4d-431f-a73e-f2401dbff1d4: start 23554148-3e4d-431f-a73e-f2401dbff1d4@group-5C95EDC39216-FollowerState
2023-10-27 20:14:12,104 [23554148-3e4d-431f-a73e-f2401dbff1d4@group-5C95EDC39216-FollowerState] INFO  impl.FollowerState (FollowerState.java:run(152)) - 23554148-3e4d-431f-a73e-f2401dbff1d4@group-5C95EDC39216-FollowerState was interrupted
2023-10-27 20:14:12,115 [1407d0d1-39ba-4bc0-b697-1e16e43cd838@group-5C95EDC39216-LeaderElection19] INFO  impl.LeaderElection (LeaderElection.java:logAndReturn(90)) - 1407d0d1-39ba-4bc0-b697-1e16e43cd838@group-5C95EDC39216-LeaderElection19: ELECTION PASSED received 1 response(s) and 0 exception(s):
2023-10-27 20:14:12,115 [1407d0d1-39ba-4bc0-b697-1e16e43cd838@group-5C95EDC39216-LeaderElection19] INFO  impl.LeaderElection (LeaderElection.java:logAndReturn(94)) -   Response 0: 1407d0d1-39ba-4bc0-b697-1e16e43cd838<-3fb99649-c87f-4cc9-b3d9-f5c572ff189c#0:OK-t1
2023-10-27 20:14:12,115 [1407d0d1-39ba-4bc0-b697-1e16e43cd838@group-5C95EDC39216-LeaderElection19] INFO  impl.LeaderElection (LeaderElection.java:askForVotes(323)) - 1407d0d1-39ba-4bc0-b697-1e16e43cd838@group-5C95EDC39216-LeaderElection19 ELECTION round 0: result PASSED
2023-10-27 20:14:12,115 [1407d0d1-39ba-4bc0-b697-1e16e43cd838@group-5C95EDC39216-LeaderElection19] INFO  impl.RoleInfo (RoleInfo.java:shutdownLeaderElection(130)) - 1407d0d1-39ba-4bc0-b697-1e16e43cd838: shutdown 1407d0d1-39ba-4bc0-b697-1e16e43cd838@group-5C95EDC39216-LeaderElection19
2023-10-27 20:14:12,115 [1407d0d1-39ba-4bc0-b697-1e16e43cd838@group-5C95EDC39216-LeaderElection19] INFO  server.RaftServer$Division (RaftServerImpl.java:setRole(329)) - 1407d0d1-39ba-4bc0-b697-1e16e43cd838@group-5C95EDC39216: changes role from CANDIDATE to LEADER at term 1 for changeToLeader
2023-10-27 20:14:12,115 [1407d0d1-39ba-4bc0-b697-1e16e43cd838@group-5C95EDC39216-LeaderElection19] INFO  ratis.XceiverServerRatis (XceiverServerRatis.java:handleLeaderChangedNotification(903)) - Leader change notification received for group: group-5C95EDC39216 with new leaderId: 1407d0d1-39ba-4bc0-b697-1e16e43cd838
2023-10-27 20:14:12,116 [1407d0d1-39ba-4bc0-b697-1e16e43cd838@group-5C95EDC39216-LeaderElection19] INFO  server.RaftServer$Division (ServerState.java:setLeader(317)) - 1407d0d1-39ba-4bc0-b697-1e16e43cd838@group-5C95EDC39216: change Leader from null to 1407d0d1-39ba-4bc0-b697-1e16e43cd838 at term 1 for becomeLeader, leader elected after 5498ms
2023-10-27 20:14:12,116 [1407d0d1-39ba-4bc0-b697-1e16e43cd838@group-5C95EDC39216-LeaderElection19] INFO  server.RaftServerConfigKeys (ConfUtils.java:logGet(46)) - raft.server.staging.catchup.gap = 1000 (default)
2023-10-27 20:14:12,116 [1407d0d1-39ba-4bc0-b697-1e16e43cd838@group-5C95EDC39216-LeaderElection19] INFO  server.RaftServerConfigKeys (ConfUtils.java:logGet(46)) - raft.server.write.element-limit = 1024 (custom)
2023-10-27 20:14:12,116 [1407d0d1-39ba-4bc0-b697-1e16e43cd838@group-5C95EDC39216-LeaderElection19] INFO  server.RaftServerConfigKeys (ConfUtils.java:logGet(46)) - raft.server.write.byte-limit = 1024 M (=1073741824) (custom)
2023-10-27 20:14:12,116 [1407d0d1-39ba-4bc0-b697-1e16e43cd838@group-5C95EDC39216-LeaderElection19] INFO  server.RaftServerConfigKeys (ConfUtils.java:logGet(46)) - raft.server.watch.timeout = 180s (custom)
2023-10-27 20:14:12,116 [1407d0d1-39ba-4bc0-b697-1e16e43cd838@group-5C95EDC39216-LeaderElection19] INFO  server.RaftServerConfigKeys (ConfUtils.java:logGet(46)) - raft.server.watch.timeout.denomination = 1s (default)
2023-10-27 20:14:12,117 [1407d0d1-39ba-4bc0-b697-1e16e43cd838@group-5C95EDC39216-LeaderElection19] INFO  server.RaftServerConfigKeys (ConfUtils.java:logGet(46)) - raft.server.watch.element-limit = 65536 (default)
2023-10-27 20:14:12,117 [1407d0d1-39ba-4bc0-b697-1e16e43cd838@group-5C95EDC39216-LeaderElection19] INFO  server.RaftServerConfigKeys (ConfUtils.java:logGet(46)) - raft.server.write.element-limit = 1024 (custom)
2023-10-27 20:14:12,117 [1407d0d1-39ba-4bc0-b697-1e16e43cd838@group-5C95EDC39216-LeaderElection19] INFO  server.RaftServerConfigKeys (ConfUtils.java:logGet(46)) - raft.server.write.follower.gap.ratio.max = -1.0 (default)
2023-10-27 20:14:12,122 [grpc-default-executor-0] INFO  server.RaftServer$Division (RaftServerImpl.java:requestVote(1335)) - 23554148-3e4d-431f-a73e-f2401dbff1d4@group-5C95EDC39216 replies to ELECTION vote request: 1407d0d1-39ba-4bc0-b697-1e16e43cd838<-23554148-3e4d-431f-a73e-f2401dbff1d4#0:OK-t1. Peer's state: 23554148-3e4d-431f-a73e-f2401dbff1d4@group-5C95EDC39216:t1, leader=null, voted=1407d0d1-39ba-4bc0-b697-1e16e43cd838, raftlog=Memoized:23554148-3e4d-431f-a73e-f2401dbff1d4@group-5C95EDC39216-SegmentedRaftLog:OPENED:c-1, conf=-1: peers:[3fb99649-c87f-4cc9-b3d9-f5c572ff189c|rpc:10.1.0.32:15041|admin:10.1.0.32:15040|client:10.1.0.32:15039|dataStream:10.1.0.32:15042|priority:0|startupRole:FOLLOWER, 23554148-3e4d-431f-a73e-f2401dbff1d4|rpc:10.1.0.32:15059|admin:10.1.0.32:15058|client:10.1.0.32:15057|dataStream:10.1.0.32:15060|priority:0|startupRole:FOLLOWER, 1407d0d1-39ba-4bc0-b697-1e16e43cd838|rpc:10.1.0.32:15050|admin:10.1.0.32:15049|client:10.1.0.32:15048|dataStream:10.1.0.32:15051|priority:1|startupRole:FOLLOWER]|listeners:[], old=null
2023-10-27 20:14:12,124 [EventQueue-PipelineReportForPipelineReportHandler] INFO  pipeline.PipelineReportHandler (PipelineReportHandler.java:processPipelineReport(136)) - Opened pipeline PipelineID=de112322-9279-4ab5-b0a4-5c95edc39216
2023-10-27 20:14:12,125 [1407d0d1-39ba-4bc0-b697-1e16e43cd838@group-5C95EDC39216-LeaderElection19] INFO  server.RaftServerConfigKeys (ConfUtils.java:logGet(46)) - raft.server.log.appender.snapshot.chunk.size.max = 16MB (=16777216) (default)
2023-10-27 20:14:12,126 [1407d0d1-39ba-4bc0-b697-1e16e43cd838@group-5C95EDC39216-LeaderElection19] INFO  server.RaftServerConfigKeys (ConfUtils.java:logGet(46)) - raft.server.log.appender.buffer.byte-limit = 33554432 (custom)
2023-10-27 20:14:12,126 [1407d0d1-39ba-4bc0-b697-1e16e43cd838@group-5C95EDC39216-LeaderElection19] INFO  server.RaftServerConfigKeys (ConfUtils.java:logGet(46)) - raft.server.log.appender.buffer.element-limit = 1 (custom)
2023-10-27 20:14:12,127 [1407d0d1-39ba-4bc0-b697-1e16e43cd838@group-5C95EDC39216-LeaderElection19] INFO  server.RaftServerConfigKeys (ConfUtils.java:logGet(46)) - raft.server.log.appender.wait-time.min = 1ms (custom)
2023-10-27 20:14:12,127 [1407d0d1-39ba-4bc0-b697-1e16e43cd838@group-5C95EDC39216-LeaderElection19] INFO  grpc.GrpcConfigKeys (ConfUtils.java:logGet(46)) - raft.grpc.server.leader.outstanding.appends.max = 128 (default)
2023-10-27 20:14:12,127 [55507c8a-594d-4e25-909f-8d2832294c55@group-51E20A2316D2-LeaderElection20] INFO  impl.LeaderElection (LeaderElection.java:askForVotes(321)) - 55507c8a-594d-4e25-909f-8d2832294c55@group-51E20A2316D2-LeaderElection20 PRE_VOTE round 0: submit vote requests at term 0 for -1: peers:[f612f2cf-90dc-41dc-bf39-cf028d38c484|rpc:10.1.0.32:15077|admin:10.1.0.32:15076|client:10.1.0.32:15075|dataStream:10.1.0.32:15078|priority:0|startupRole:FOLLOWER, 55507c8a-594d-4e25-909f-8d2832294c55|rpc:10.1.0.32:15086|admin:10.1.0.32:15085|client:10.1.0.32:15084|dataStream:10.1.0.32:15087|priority:1|startupRole:FOLLOWER, fe9b02b7-73ff-430f-9d75-1483ab7beb41|rpc:10.1.0.32:15068|admin:10.1.0.32:15067|client:10.1.0.32:15066|dataStream:10.1.0.32:15069|priority:0|startupRole:FOLLOWER]|listeners:[], old=null
2023-10-27 20:14:12,128 [1407d0d1-39ba-4bc0-b697-1e16e43cd838@group-5C95EDC39216-LeaderElection19] INFO  server.RaftServerConfigKeys (ConfUtils.java:logGet(46)) - raft.server.rpc.request.timeout = 60s (custom)
2023-10-27 20:14:12,131 [1407d0d1-39ba-4bc0-b697-1e16e43cd838@group-5C95EDC39216-LeaderElection19] INFO  grpc.GrpcConfigKeys (ConfUtils.java:logGet(46)) - raft.grpc.server.install_snapshot.request.element-limit = 8 (default)
2023-10-27 20:14:12,132 [1407d0d1-39ba-4bc0-b697-1e16e43cd838@group-5C95EDC39216-LeaderElection19] INFO  grpc.GrpcConfigKeys (ConfUtils.java:logGet(46)) - raft.grpc.server.install_snapshot.request.timeout = 3000ms (default)
2023-10-27 20:14:12,132 [1407d0d1-39ba-4bc0-b697-1e16e43cd838@group-5C95EDC39216-LeaderElection19] INFO  server.RaftServerConfigKeys (ConfUtils.java:logGet(46)) - raft.server.log.appender.install.snapshot.enabled = false (custom)
2023-10-27 20:14:12,133 [1407d0d1-39ba-4bc0-b697-1e16e43cd838@group-5C95EDC39216-LeaderElection19] INFO  grpc.GrpcConfigKeys (ConfUtils.java:logGet(46)) - raft.grpc.server.heartbeat.channel = true (default)
2023-10-27 20:14:12,135 [1407d0d1-39ba-4bc0-b697-1e16e43cd838@group-5C95EDC39216-LeaderElection19] INFO  server.RaftServerConfigKeys (ConfUtils.java:logGet(46)) - raft.server.log.appender.snapshot.chunk.size.max = 16MB (=16777216) (default)
2023-10-27 20:14:12,135 [1407d0d1-39ba-4bc0-b697-1e16e43cd838@group-5C95EDC39216-LeaderElection19] INFO  server.RaftServerConfigKeys (ConfUtils.java:logGet(46)) - raft.server.log.appender.buffer.byte-limit = 33554432 (custom)
2023-10-27 20:14:12,136 [1407d0d1-39ba-4bc0-b697-1e16e43cd838@group-5C95EDC39216-LeaderElection19] INFO  server.RaftServerConfigKeys (ConfUtils.java:logGet(46)) - raft.server.log.appender.buffer.element-limit = 1 (custom)
2023-10-27 20:14:12,141 [55507c8a-594d-4e25-909f-8d2832294c55@group-51E20A2316D2-LeaderElection20-1] INFO  server.GrpcServerProtocolClient (GrpcServerProtocolClient.java:<init>(65)) - Build channel for f612f2cf-90dc-41dc-bf39-cf028d38c484
2023-10-27 20:14:12,145 [55507c8a-594d-4e25-909f-8d2832294c55@group-51E20A2316D2-LeaderElection20] INFO  server.RaftServerConfigKeys (ConfUtils.java:logFallback(53)) - raft.server.rpc.first-election.timeout.min = 5s (fallback to raft.server.rpc.timeout.min)
2023-10-27 20:14:12,145 [55507c8a-594d-4e25-909f-8d2832294c55@group-51E20A2316D2-LeaderElection20] INFO  server.RaftServerConfigKeys (ConfUtils.java:logFallback(53)) - raft.server.rpc.first-election.timeout.max = 5200ms (fallback to raft.server.rpc.timeout.max)
2023-10-27 20:14:12,147 [1407d0d1-39ba-4bc0-b697-1e16e43cd838@group-5C95EDC39216-LeaderElection19] INFO  server.RaftServerConfigKeys (ConfUtils.java:logGet(46)) - raft.server.log.appender.wait-time.min = 1ms (custom)
2023-10-27 20:14:12,147 [1407d0d1-39ba-4bc0-b697-1e16e43cd838@group-5C95EDC39216-LeaderElection19] INFO  grpc.GrpcConfigKeys (ConfUtils.java:logGet(46)) - raft.grpc.server.leader.outstanding.appends.max = 128 (default)
2023-10-27 20:14:12,147 [1407d0d1-39ba-4bc0-b697-1e16e43cd838@group-5C95EDC39216-LeaderElection19] INFO  server.RaftServerConfigKeys (ConfUtils.java:logGet(46)) - raft.server.rpc.request.timeout = 60s (custom)
2023-10-27 20:14:12,151 [1407d0d1-39ba-4bc0-b697-1e16e43cd838@group-5C95EDC39216-LeaderElection19] INFO  grpc.GrpcConfigKeys (ConfUtils.java:logGet(46)) - raft.grpc.server.install_snapshot.request.element-limit = 8 (default)
2023-10-27 20:14:12,151 [1407d0d1-39ba-4bc0-b697-1e16e43cd838@group-5C95EDC39216-LeaderElection19] INFO  grpc.GrpcConfigKeys (ConfUtils.java:logGet(46)) - raft.grpc.server.install_snapshot.request.timeout = 3000ms (default)
2023-10-27 20:14:12,151 [1407d0d1-39ba-4bc0-b697-1e16e43cd838@group-5C95EDC39216-LeaderElection19] INFO  server.RaftServerConfigKeys (ConfUtils.java:logGet(46)) - raft.server.log.appender.install.snapshot.enabled = false (custom)
2023-10-27 20:14:12,151 [1407d0d1-39ba-4bc0-b697-1e16e43cd838@group-5C95EDC39216-LeaderElection19] INFO  grpc.GrpcConfigKeys (ConfUtils.java:logGet(46)) - raft.grpc.server.heartbeat.channel = true (default)
2023-10-27 20:14:12,154 [55507c8a-594d-4e25-909f-8d2832294c55@group-51E20A2316D2-LeaderElection20-2] INFO  server.GrpcServerProtocolClient (GrpcServerProtocolClient.java:<init>(65)) - Build channel for fe9b02b7-73ff-430f-9d75-1483ab7beb41
2023-10-27 20:14:12,155 [1407d0d1-39ba-4bc0-b697-1e16e43cd838@group-5C95EDC39216-LeaderElection19] INFO  impl.RoleInfo (RoleInfo.java:updateAndGet(139)) - 1407d0d1-39ba-4bc0-b697-1e16e43cd838: start 1407d0d1-39ba-4bc0-b697-1e16e43cd838@group-5C95EDC39216-LeaderStateImpl
2023-10-27 20:14:12,157 [1407d0d1-39ba-4bc0-b697-1e16e43cd838@group-5C95EDC39216-LeaderElection19] INFO  segmented.SegmentedRaftLogWorker (SegmentedRaftLogWorker.java:startLogSegment(447)) - 1407d0d1-39ba-4bc0-b697-1e16e43cd838@group-5C95EDC39216-SegmentedRaftLogWorker: Starting segment from index:0
2023-10-27 20:14:12,164 [1407d0d1-39ba-4bc0-b697-1e16e43cd838@group-5C95EDC39216-SegmentedRaftLogWorker] INFO  segmented.SegmentedRaftLogWorker (SegmentedRaftLogWorker.java:execute(651)) - 1407d0d1-39ba-4bc0-b697-1e16e43cd838@group-5C95EDC39216-SegmentedRaftLogWorker: created new log segment /home/runner/work/ozone/ozone/hadoop-ozone/integration-test/target/test-dir/MiniOzoneClusterImpl-60426a9d-3de2-4373-b08b-24a22c9da129/datanode-4/data/ratis/de112322-9279-4ab5-b0a4-5c95edc39216/current/log_inprogress_0
2023-10-27 20:14:12,167 [grpc-default-executor-0] INFO  server.RaftServer$Division (RaftServerImpl.java:requestVote(1302)) - f612f2cf-90dc-41dc-bf39-cf028d38c484@group-51E20A2316D2: receive requestVote(PRE_VOTE, 55507c8a-594d-4e25-909f-8d2832294c55, group-51E20A2316D2, 0, (t:0, i:0))
2023-10-27 20:14:12,167 [grpc-default-executor-0] INFO  impl.VoteContext (VoteContext.java:log(49)) - f612f2cf-90dc-41dc-bf39-cf028d38c484@group-51E20A2316D2-FOLLOWER: accept PRE_VOTE from 55507c8a-594d-4e25-909f-8d2832294c55: our priority 0 <= candidate's priority 1
2023-10-27 20:14:12,168 [grpc-default-executor-0] INFO  server.RaftServer$Division (RaftServerImpl.java:requestVote(1335)) - f612f2cf-90dc-41dc-bf39-cf028d38c484@group-51E20A2316D2 replies to PRE_VOTE vote request: 55507c8a-594d-4e25-909f-8d2832294c55<-f612f2cf-90dc-41dc-bf39-cf028d38c484#0:OK-t0. Peer's state: f612f2cf-90dc-41dc-bf39-cf028d38c484@group-51E20A2316D2:t0, leader=null, voted=, raftlog=Memoized:f612f2cf-90dc-41dc-bf39-cf028d38c484@group-51E20A2316D2-SegmentedRaftLog:OPENED:c-1, conf=-1: peers:[f612f2cf-90dc-41dc-bf39-cf028d38c484|rpc:10.1.0.32:15077|admin:10.1.0.32:15076|client:10.1.0.32:15075|dataStream:10.1.0.32:15078|priority:0|startupRole:FOLLOWER, 55507c8a-594d-4e25-909f-8d2832294c55|rpc:10.1.0.32:15086|admin:10.1.0.32:15085|client:10.1.0.32:15084|dataStream:10.1.0.32:15087|priority:1|startupRole:FOLLOWER, fe9b02b7-73ff-430f-9d75-1483ab7beb41|rpc:10.1.0.32:15068|admin:10.1.0.32:15067|client:10.1.0.32:15066|dataStream:10.1.0.32:15069|priority:0|startupRole:FOLLOWER]|listeners:[], old=null
2023-10-27 20:14:12,170 [55507c8a-594d-4e25-909f-8d2832294c55@group-51E20A2316D2-LeaderElection20] INFO  impl.LeaderElection (LeaderElection.java:logAndReturn(90)) - 55507c8a-594d-4e25-909f-8d2832294c55@group-51E20A2316D2-LeaderElection20: PRE_VOTE PASSED received 1 response(s) and 0 exception(s):
2023-10-27 20:14:12,171 [55507c8a-594d-4e25-909f-8d2832294c55@group-51E20A2316D2-LeaderElection20] INFO  impl.LeaderElection (LeaderElection.java:logAndReturn(94)) -   Response 0: 55507c8a-594d-4e25-909f-8d2832294c55<-f612f2cf-90dc-41dc-bf39-cf028d38c484#0:OK-t0
2023-10-27 20:14:12,171 [55507c8a-594d-4e25-909f-8d2832294c55@group-51E20A2316D2-LeaderElection20] INFO  impl.LeaderElection (LeaderElection.java:askForVotes(323)) - 55507c8a-594d-4e25-909f-8d2832294c55@group-51E20A2316D2-LeaderElection20 PRE_VOTE round 0: result PASSED
2023-10-27 20:14:12,178 [55507c8a-594d-4e25-909f-8d2832294c55@group-51E20A2316D2-LeaderElection20] INFO  impl.LeaderElection (LeaderElection.java:askForVotes(321)) - 55507c8a-594d-4e25-909f-8d2832294c55@group-51E20A2316D2-LeaderElection20 ELECTION round 0: submit vote requests at term 1 for -1: peers:[f612f2cf-90dc-41dc-bf39-cf028d38c484|rpc:10.1.0.32:15077|admin:10.1.0.32:15076|client:10.1.0.32:15075|dataStream:10.1.0.32:15078|priority:0|startupRole:FOLLOWER, 55507c8a-594d-4e25-909f-8d2832294c55|rpc:10.1.0.32:15086|admin:10.1.0.32:15085|client:10.1.0.32:15084|dataStream:10.1.0.32:15087|priority:1|startupRole:FOLLOWER, fe9b02b7-73ff-430f-9d75-1483ab7beb41|rpc:10.1.0.32:15068|admin:10.1.0.32:15067|client:10.1.0.32:15066|dataStream:10.1.0.32:15069|priority:0|startupRole:FOLLOWER]|listeners:[], old=null
2023-10-27 20:14:12,184 [grpc-default-executor-0] INFO  server.RaftServer$Division (RaftServerImpl.java:requestVote(1302)) - fe9b02b7-73ff-430f-9d75-1483ab7beb41@group-51E20A2316D2: receive requestVote(PRE_VOTE, 55507c8a-594d-4e25-909f-8d2832294c55, group-51E20A2316D2, 0, (t:0, i:0))
2023-10-27 20:14:12,185 [grpc-default-executor-0] INFO  impl.VoteContext (VoteContext.java:log(49)) - fe9b02b7-73ff-430f-9d75-1483ab7beb41@group-51E20A2316D2-FOLLOWER: accept PRE_VOTE from 55507c8a-594d-4e25-909f-8d2832294c55: our priority 0 <= candidate's priority 1
2023-10-27 20:14:12,185 [grpc-default-executor-0] INFO  server.RaftServer$Division (RaftServerImpl.java:requestVote(1335)) - fe9b02b7-73ff-430f-9d75-1483ab7beb41@group-51E20A2316D2 replies to PRE_VOTE vote request: 55507c8a-594d-4e25-909f-8d2832294c55<-fe9b02b7-73ff-430f-9d75-1483ab7beb41#0:OK-t0. Peer's state: fe9b02b7-73ff-430f-9d75-1483ab7beb41@group-51E20A2316D2:t0, leader=null, voted=, raftlog=Memoized:fe9b02b7-73ff-430f-9d75-1483ab7beb41@group-51E20A2316D2-SegmentedRaftLog:OPENED:c-1, conf=-1: peers:[f612f2cf-90dc-41dc-bf39-cf028d38c484|rpc:10.1.0.32:15077|admin:10.1.0.32:15076|client:10.1.0.32:15075|dataStream:10.1.0.32:15078|priority:0|startupRole:FOLLOWER, 55507c8a-594d-4e25-909f-8d2832294c55|rpc:10.1.0.32:15086|admin:10.1.0.32:15085|client:10.1.0.32:15084|dataStream:10.1.0.32:15087|priority:1|startupRole:FOLLOWER, fe9b02b7-73ff-430f-9d75-1483ab7beb41|rpc:10.1.0.32:15068|admin:10.1.0.32:15067|client:10.1.0.32:15066|dataStream:10.1.0.32:15069|priority:0|startupRole:FOLLOWER]|listeners:[], old=null
2023-10-27 20:14:12,198 [1407d0d1-39ba-4bc0-b697-1e16e43cd838@group-5C95EDC39216-LeaderElection19] INFO  server.RaftServer$Division (ServerState.java:setRaftConf(434)) - 1407d0d1-39ba-4bc0-b697-1e16e43cd838@group-5C95EDC39216: set configuration 0: peers:[3fb99649-c87f-4cc9-b3d9-f5c572ff189c|rpc:10.1.0.32:15041|admin:10.1.0.32:15040|client:10.1.0.32:15039|dataStream:10.1.0.32:15042|priority:0|startupRole:FOLLOWER, 23554148-3e4d-431f-a73e-f2401dbff1d4|rpc:10.1.0.32:15059|admin:10.1.0.32:15058|client:10.1.0.32:15057|dataStream:10.1.0.32:15060|priority:0|startupRole:FOLLOWER, 1407d0d1-39ba-4bc0-b697-1e16e43cd838|rpc:10.1.0.32:15050|admin:10.1.0.32:15049|client:10.1.0.32:15048|dataStream:10.1.0.32:15051|priority:1|startupRole:FOLLOWER]|listeners:[], old=null
2023-10-27 20:14:12,208 [grpc-default-executor-0] INFO  server.RaftServer$Division (RaftServerImpl.java:requestVote(1302)) - f612f2cf-90dc-41dc-bf39-cf028d38c484@group-51E20A2316D2: receive requestVote(ELECTION, 55507c8a-594d-4e25-909f-8d2832294c55, group-51E20A2316D2, 1, (t:0, i:0))
2023-10-27 20:14:12,208 [grpc-default-executor-0] INFO  impl.VoteContext (VoteContext.java:log(49)) - f612f2cf-90dc-41dc-bf39-cf028d38c484@group-51E20A2316D2-FOLLOWER: accept ELECTION from 55507c8a-594d-4e25-909f-8d2832294c55: our priority 0 <= candidate's priority 1
2023-10-27 20:14:12,208 [grpc-default-executor-0] INFO  server.RaftServer$Division (RaftServerImpl.java:setRole(329)) - f612f2cf-90dc-41dc-bf39-cf028d38c484@group-51E20A2316D2: changes role from  FOLLOWER to FOLLOWER at term 1 for candidate:55507c8a-594d-4e25-909f-8d2832294c55
2023-10-27 20:14:12,208 [grpc-default-executor-0] INFO  impl.RoleInfo (RoleInfo.java:shutdownFollowerState(110)) - f612f2cf-90dc-41dc-bf39-cf028d38c484: shutdown f612f2cf-90dc-41dc-bf39-cf028d38c484@group-51E20A2316D2-FollowerState
2023-10-27 20:14:12,226 [55507c8a-594d-4e25-909f-8d2832294c55@group-51E20A2316D2-LeaderElection20] INFO  server.RaftServerConfigKeys (ConfUtils.java:logFallback(53)) - raft.server.rpc.first-election.timeout.min = 5s (fallback to raft.server.rpc.timeout.min)
2023-10-27 20:14:12,226 [55507c8a-594d-4e25-909f-8d2832294c55@group-51E20A2316D2-LeaderElection20] INFO  server.RaftServerConfigKeys (ConfUtils.java:logFallback(53)) - raft.server.rpc.first-election.timeout.max = 5200ms (fallback to raft.server.rpc.timeout.max)
2023-10-27 20:14:12,233 [grpc-default-executor-1] INFO  server.RaftServer$Division (RaftServerImpl.java:requestVote(1302)) - fe9b02b7-73ff-430f-9d75-1483ab7beb41@group-51E20A2316D2: receive requestVote(ELECTION, 55507c8a-594d-4e25-909f-8d2832294c55, group-51E20A2316D2, 1, (t:0, i:0))
2023-10-27 20:14:12,237 [3fb99649-c87f-4cc9-b3d9-f5c572ff189c-server-thread2] INFO  ratis.XceiverServerRatis (XceiverServerRatis.java:handleLeaderChangedNotification(903)) - Leader change notification received for group: group-5C95EDC39216 with new leaderId: 1407d0d1-39ba-4bc0-b697-1e16e43cd838
2023-10-27 20:14:12,238 [3fb99649-c87f-4cc9-b3d9-f5c572ff189c-server-thread2] INFO  server.RaftServer$Division (ServerState.java:setLeader(317)) - 3fb99649-c87f-4cc9-b3d9-f5c572ff189c@group-5C95EDC39216: change Leader from null to 1407d0d1-39ba-4bc0-b697-1e16e43cd838 at term 1 for appendEntries, leader elected after 5869ms
2023-10-27 20:14:12,239 [3fb99649-c87f-4cc9-b3d9-f5c572ff189c-server-thread2] INFO  server.RaftServer$Division (ServerState.java:setRaftConf(434)) - 3fb99649-c87f-4cc9-b3d9-f5c572ff189c@group-5C95EDC39216: set configuration 0: peers:[3fb99649-c87f-4cc9-b3d9-f5c572ff189c|rpc:10.1.0.32:15041|admin:10.1.0.32:15040|client:10.1.0.32:15039|dataStream:10.1.0.32:15042|priority:0|startupRole:FOLLOWER, 23554148-3e4d-431f-a73e-f2401dbff1d4|rpc:10.1.0.32:15059|admin:10.1.0.32:15058|client:10.1.0.32:15057|dataStream:10.1.0.32:15060|priority:0|startupRole:FOLLOWER, 1407d0d1-39ba-4bc0-b697-1e16e43cd838|rpc:10.1.0.32:15050|admin:10.1.0.32:15049|client:10.1.0.32:15048|dataStream:10.1.0.32:15051|priority:1|startupRole:FOLLOWER]|listeners:[], old=null
2023-10-27 20:14:12,241 [3fb99649-c87f-4cc9-b3d9-f5c572ff189c-server-thread2] INFO  segmented.SegmentedRaftLogWorker (SegmentedRaftLogWorker.java:startLogSegment(447)) - 3fb99649-c87f-4cc9-b3d9-f5c572ff189c@group-5C95EDC39216-SegmentedRaftLogWorker: Starting segment from index:0
2023-10-27 20:14:12,242 [grpc-default-executor-0] INFO  impl.RoleInfo (RoleInfo.java:updateAndGet(139)) - f612f2cf-90dc-41dc-bf39-cf028d38c484: start f612f2cf-90dc-41dc-bf39-cf028d38c484@group-51E20A2316D2-FollowerState
2023-10-27 20:14:12,243 [f612f2cf-90dc-41dc-bf39-cf028d38c484@group-51E20A2316D2-FollowerState] INFO  impl.FollowerState (FollowerState.java:run(152)) - f612f2cf-90dc-41dc-bf39-cf028d38c484@group-51E20A2316D2-FollowerState was interrupted
2023-10-27 20:14:12,253 [grpc-default-executor-0] INFO  server.RaftServer$Division (RaftServerImpl.java:requestVote(1335)) - f612f2cf-90dc-41dc-bf39-cf028d38c484@group-51E20A2316D2 replies to ELECTION vote request: 55507c8a-594d-4e25-909f-8d2832294c55<-f612f2cf-90dc-41dc-bf39-cf028d38c484#0:OK-t1. Peer's state: f612f2cf-90dc-41dc-bf39-cf028d38c484@group-51E20A2316D2:t1, leader=null, voted=55507c8a-594d-4e25-909f-8d2832294c55, raftlog=Memoized:f612f2cf-90dc-41dc-bf39-cf028d38c484@group-51E20A2316D2-SegmentedRaftLog:OPENED:c-1, conf=-1: peers:[f612f2cf-90dc-41dc-bf39-cf028d38c484|rpc:10.1.0.32:15077|admin:10.1.0.32:15076|client:10.1.0.32:15075|dataStream:10.1.0.32:15078|priority:0|startupRole:FOLLOWER, 55507c8a-594d-4e25-909f-8d2832294c55|rpc:10.1.0.32:15086|admin:10.1.0.32:15085|client:10.1.0.32:15084|dataStream:10.1.0.32:15087|priority:1|startupRole:FOLLOWER, fe9b02b7-73ff-430f-9d75-1483ab7beb41|rpc:10.1.0.32:15068|admin:10.1.0.32:15067|client:10.1.0.32:15066|dataStream:10.1.0.32:15069|priority:0|startupRole:FOLLOWER]|listeners:[], old=null
2023-10-27 20:14:12,261 [3fb99649-c87f-4cc9-b3d9-f5c572ff189c@group-5C95EDC39216-SegmentedRaftLogWorker] INFO  segmented.SegmentedRaftLogWorker (SegmentedRaftLogWorker.java:execute(651)) - 3fb99649-c87f-4cc9-b3d9-f5c572ff189c@group-5C95EDC39216-SegmentedRaftLogWorker: created new log segment /home/runner/work/ozone/ozone/hadoop-ozone/integration-test/target/test-dir/MiniOzoneClusterImpl-60426a9d-3de2-4373-b08b-24a22c9da129/datanode-3/data/ratis/de112322-9279-4ab5-b0a4-5c95edc39216/current/log_inprogress_0
2023-10-27 20:14:12,274 [55507c8a-594d-4e25-909f-8d2832294c55@group-51E20A2316D2-LeaderElection20] INFO  impl.LeaderElection (LeaderElection.java:logAndReturn(90)) - 55507c8a-594d-4e25-909f-8d2832294c55@group-51E20A2316D2-LeaderElection20: ELECTION PASSED received 1 response(s) and 0 exception(s):
2023-10-27 20:14:12,274 [grpc-default-executor-1] INFO  impl.VoteContext (VoteContext.java:log(49)) - fe9b02b7-73ff-430f-9d75-1483ab7beb41@group-51E20A2316D2-FOLLOWER: accept ELECTION from 55507c8a-594d-4e25-909f-8d2832294c55: our priority 0 <= candidate's priority 1
2023-10-27 20:14:12,274 [55507c8a-594d-4e25-909f-8d2832294c55@group-51E20A2316D2-LeaderElection20] INFO  impl.LeaderElection (LeaderElection.java:logAndReturn(94)) -   Response 0: 55507c8a-594d-4e25-909f-8d2832294c55<-f612f2cf-90dc-41dc-bf39-cf028d38c484#0:OK-t1
2023-10-27 20:14:12,275 [grpc-default-executor-1] INFO  server.RaftServer$Division (RaftServerImpl.java:setRole(329)) - fe9b02b7-73ff-430f-9d75-1483ab7beb41@group-51E20A2316D2: changes role from  FOLLOWER to FOLLOWER at term 1 for candidate:55507c8a-594d-4e25-909f-8d2832294c55
2023-10-27 20:14:12,275 [55507c8a-594d-4e25-909f-8d2832294c55@group-51E20A2316D2-LeaderElection20] INFO  impl.LeaderElection (LeaderElection.java:askForVotes(323)) - 55507c8a-594d-4e25-909f-8d2832294c55@group-51E20A2316D2-LeaderElection20 ELECTION round 0: result PASSED
2023-10-27 20:14:12,275 [grpc-default-executor-1] INFO  impl.RoleInfo (RoleInfo.java:shutdownFollowerState(110)) - fe9b02b7-73ff-430f-9d75-1483ab7beb41: shutdown fe9b02b7-73ff-430f-9d75-1483ab7beb41@group-51E20A2316D2-FollowerState
2023-10-27 20:14:12,275 [grpc-default-executor-1] INFO  impl.RoleInfo (RoleInfo.java:updateAndGet(139)) - fe9b02b7-73ff-430f-9d75-1483ab7beb41: start fe9b02b7-73ff-430f-9d75-1483ab7beb41@group-51E20A2316D2-FollowerState
2023-10-27 20:14:12,275 [55507c8a-594d-4e25-909f-8d2832294c55@group-51E20A2316D2-LeaderElection20] INFO  impl.RoleInfo (RoleInfo.java:shutdownLeaderElection(130)) - 55507c8a-594d-4e25-909f-8d2832294c55: shutdown 55507c8a-594d-4e25-909f-8d2832294c55@group-51E20A2316D2-LeaderElection20
2023-10-27 20:14:12,275 [55507c8a-594d-4e25-909f-8d2832294c55@group-51E20A2316D2-LeaderElection20] INFO  server.RaftServer$Division (RaftServerImpl.java:setRole(329)) - 55507c8a-594d-4e25-909f-8d2832294c55@group-51E20A2316D2: changes role from CANDIDATE to LEADER at term 1 for changeToLeader
2023-10-27 20:14:12,275 [55507c8a-594d-4e25-909f-8d2832294c55@group-51E20A2316D2-LeaderElection20] INFO  ratis.XceiverServerRatis (XceiverServerRatis.java:handleLeaderChangedNotification(903)) - Leader change notification received for group: group-51E20A2316D2 with new leaderId: 55507c8a-594d-4e25-909f-8d2832294c55
2023-10-27 20:14:12,275 [fe9b02b7-73ff-430f-9d75-1483ab7beb41@group-51E20A2316D2-FollowerState] INFO  impl.FollowerState (FollowerState.java:run(152)) - fe9b02b7-73ff-430f-9d75-1483ab7beb41@group-51E20A2316D2-FollowerState was interrupted
2023-10-27 20:14:12,276 [23554148-3e4d-431f-a73e-f2401dbff1d4-server-thread1] INFO  ratis.XceiverServerRatis (XceiverServerRatis.java:handleLeaderChangedNotification(903)) - Leader change notification received for group: group-5C95EDC39216 with new leaderId: 1407d0d1-39ba-4bc0-b697-1e16e43cd838
2023-10-27 20:14:12,276 [23554148-3e4d-431f-a73e-f2401dbff1d4-server-thread1] INFO  server.RaftServer$Division (ServerState.java:setLeader(317)) - 23554148-3e4d-431f-a73e-f2401dbff1d4@group-5C95EDC39216: change Leader from null to 1407d0d1-39ba-4bc0-b697-1e16e43cd838 at term 1 for appendEntries, leader elected after 6508ms
2023-10-27 20:14:12,276 [23554148-3e4d-431f-a73e-f2401dbff1d4-server-thread1] INFO  server.RaftServer$Division (ServerState.java:setRaftConf(434)) - 23554148-3e4d-431f-a73e-f2401dbff1d4@group-5C95EDC39216: set configuration 0: peers:[3fb99649-c87f-4cc9-b3d9-f5c572ff189c|rpc:10.1.0.32:15041|admin:10.1.0.32:15040|client:10.1.0.32:15039|dataStream:10.1.0.32:15042|priority:0|startupRole:FOLLOWER, 23554148-3e4d-431f-a73e-f2401dbff1d4|rpc:10.1.0.32:15059|admin:10.1.0.32:15058|client:10.1.0.32:15057|dataStream:10.1.0.32:15060|priority:0|startupRole:FOLLOWER, 1407d0d1-39ba-4bc0-b697-1e16e43cd838|rpc:10.1.0.32:15050|admin:10.1.0.32:15049|client:10.1.0.32:15048|dataStream:10.1.0.32:15051|priority:1|startupRole:FOLLOWER]|listeners:[], old=null
2023-10-27 20:14:12,277 [23554148-3e4d-431f-a73e-f2401dbff1d4-server-thread1] INFO  segmented.SegmentedRaftLogWorker (SegmentedRaftLogWorker.java:startLogSegment(447)) - 23554148-3e4d-431f-a73e-f2401dbff1d4@group-5C95EDC39216-SegmentedRaftLogWorker: Starting segment from index:0
2023-10-27 20:14:12,283 [grpc-default-executor-1] INFO  server.RaftServer$Division (RaftServerImpl.java:requestVote(1335)) - fe9b02b7-73ff-430f-9d75-1483ab7beb41@group-51E20A2316D2 replies to ELECTION vote request: 55507c8a-594d-4e25-909f-8d2832294c55<-fe9b02b7-73ff-430f-9d75-1483ab7beb41#0:OK-t1. Peer's state: fe9b02b7-73ff-430f-9d75-1483ab7beb41@group-51E20A2316D2:t1, leader=null, voted=55507c8a-594d-4e25-909f-8d2832294c55, raftlog=Memoized:fe9b02b7-73ff-430f-9d75-1483ab7beb41@group-51E20A2316D2-SegmentedRaftLog:OPENED:c-1, conf=-1: peers:[f612f2cf-90dc-41dc-bf39-cf028d38c484|rpc:10.1.0.32:15077|admin:10.1.0.32:15076|client:10.1.0.32:15075|dataStream:10.1.0.32:15078|priority:0|startupRole:FOLLOWER, 55507c8a-594d-4e25-909f-8d2832294c55|rpc:10.1.0.32:15086|admin:10.1.0.32:15085|client:10.1.0.32:15084|dataStream:10.1.0.32:15087|priority:1|startupRole:FOLLOWER, fe9b02b7-73ff-430f-9d75-1483ab7beb41|rpc:10.1.0.32:15068|admin:10.1.0.32:15067|client:10.1.0.32:15066|dataStream:10.1.0.32:15069|priority:0|startupRole:FOLLOWER]|listeners:[], old=null
2023-10-27 20:14:12,290 [55507c8a-594d-4e25-909f-8d2832294c55@group-51E20A2316D2-LeaderElection20] INFO  server.RaftServer$Division (ServerState.java:setLeader(317)) - 55507c8a-594d-4e25-909f-8d2832294c55@group-51E20A2316D2: change Leader from null to 55507c8a-594d-4e25-909f-8d2832294c55 at term 1 for becomeLeader, leader elected after 5521ms
2023-10-27 20:14:12,291 [55507c8a-594d-4e25-909f-8d2832294c55@group-51E20A2316D2-LeaderElection20] INFO  server.RaftServerConfigKeys (ConfUtils.java:logGet(46)) - raft.server.staging.catchup.gap = 1000 (default)
2023-10-27 20:14:12,291 [55507c8a-594d-4e25-909f-8d2832294c55@group-51E20A2316D2-LeaderElection20] INFO  server.RaftServerConfigKeys (ConfUtils.java:logGet(46)) - raft.server.write.element-limit = 1024 (custom)
2023-10-27 20:14:12,295 [55507c8a-594d-4e25-909f-8d2832294c55@group-51E20A2316D2-LeaderElection20] INFO  server.RaftServerConfigKeys (ConfUtils.java:logGet(46)) - raft.server.write.byte-limit = 1024 M (=1073741824) (custom)
2023-10-27 20:14:12,294 [EventQueue-PipelineReportForPipelineReportHandler] INFO  pipeline.PipelineReportHandler (PipelineReportHandler.java:processPipelineReport(136)) - Opened pipeline PipelineID=510d7b00-c41e-4671-853b-51e20a2316d2
2023-10-27 20:14:12,292 [23554148-3e4d-431f-a73e-f2401dbff1d4@group-5C95EDC39216-SegmentedRaftLogWorker] INFO  segmented.SegmentedRaftLogWorker (SegmentedRaftLogWorker.java:execute(651)) - 23554148-3e4d-431f-a73e-f2401dbff1d4@group-5C95EDC39216-SegmentedRaftLogWorker: created new log segment /home/runner/work/ozone/ozone/hadoop-ozone/integration-test/target/test-dir/MiniOzoneClusterImpl-60426a9d-3de2-4373-b08b-24a22c9da129/datanode-5/data/ratis/de112322-9279-4ab5-b0a4-5c95edc39216/current/log_inprogress_0
2023-10-27 20:14:12,330 [55507c8a-594d-4e25-909f-8d2832294c55@group-51E20A2316D2-LeaderElection20] INFO  server.RaftServerConfigKeys (ConfUtils.java:logGet(46)) - raft.server.watch.timeout = 180s (custom)
2023-10-27 20:14:12,330 [55507c8a-594d-4e25-909f-8d2832294c55@group-51E20A2316D2-LeaderElection20] INFO  server.RaftServerConfigKeys (ConfUtils.java:logGet(46)) - raft.server.watch.timeout.denomination = 1s (default)
2023-10-27 20:14:12,330 [55507c8a-594d-4e25-909f-8d2832294c55@group-51E20A2316D2-LeaderElection20] INFO  server.RaftServerConfigKeys (ConfUtils.java:logGet(46)) - raft.server.watch.element-limit = 65536 (default)
2023-10-27 20:14:12,330 [55507c8a-594d-4e25-909f-8d2832294c55@group-51E20A2316D2-LeaderElection20] INFO  server.RaftServerConfigKeys (ConfUtils.java:logGet(46)) - raft.server.write.element-limit = 1024 (custom)
2023-10-27 20:14:12,330 [55507c8a-594d-4e25-909f-8d2832294c55@group-51E20A2316D2-LeaderElection20] INFO  server.RaftServerConfigKeys (ConfUtils.java:logGet(46)) - raft.server.write.follower.gap.ratio.max = -1.0 (default)
2023-10-27 20:14:12,333 [55507c8a-594d-4e25-909f-8d2832294c55@group-51E20A2316D2-LeaderElection20] INFO  server.RaftServerConfigKeys (ConfUtils.java:logGet(46)) - raft.server.log.appender.snapshot.chunk.size.max = 16MB (=16777216) (default)
2023-10-27 20:14:12,334 [55507c8a-594d-4e25-909f-8d2832294c55@group-51E20A2316D2-LeaderElection20] INFO  server.RaftServerConfigKeys (ConfUtils.java:logGet(46)) - raft.server.log.appender.buffer.byte-limit = 33554432 (custom)
2023-10-27 20:14:12,334 [55507c8a-594d-4e25-909f-8d2832294c55@group-51E20A2316D2-LeaderElection20] INFO  server.RaftServerConfigKeys (ConfUtils.java:logGet(46)) - raft.server.log.appender.buffer.element-limit = 1 (custom)
2023-10-27 20:14:12,334 [55507c8a-594d-4e25-909f-8d2832294c55@group-51E20A2316D2-LeaderElection20] INFO  server.RaftServerConfigKeys (ConfUtils.java:logGet(46)) - raft.server.log.appender.wait-time.min = 1ms (custom)
2023-10-27 20:14:12,339 [55507c8a-594d-4e25-909f-8d2832294c55@group-51E20A2316D2-LeaderElection20] INFO  grpc.GrpcConfigKeys (ConfUtils.java:logGet(46)) - raft.grpc.server.leader.outstanding.appends.max = 128 (default)
2023-10-27 20:14:12,339 [55507c8a-594d-4e25-909f-8d2832294c55@group-51E20A2316D2-LeaderElection20] INFO  server.RaftServerConfigKeys (ConfUtils.java:logGet(46)) - raft.server.rpc.request.timeout = 60s (custom)
2023-10-27 20:14:12,339 [55507c8a-594d-4e25-909f-8d2832294c55@group-51E20A2316D2-LeaderElection20] INFO  grpc.GrpcConfigKeys (ConfUtils.java:logGet(46)) - raft.grpc.server.install_snapshot.request.element-limit = 8 (default)
2023-10-27 20:14:12,339 [55507c8a-594d-4e25-909f-8d2832294c55@group-51E20A2316D2-LeaderElection20] INFO  grpc.GrpcConfigKeys (ConfUtils.java:logGet(46)) - raft.grpc.server.install_snapshot.request.timeout = 3000ms (default)
2023-10-27 20:14:12,339 [55507c8a-594d-4e25-909f-8d2832294c55@group-51E20A2316D2-LeaderElection20] INFO  server.RaftServerConfigKeys (ConfUtils.java:logGet(46)) - raft.server.log.appender.install.snapshot.enabled = false (custom)
2023-10-27 20:14:12,340 [55507c8a-594d-4e25-909f-8d2832294c55@group-51E20A2316D2-LeaderElection20] INFO  grpc.GrpcConfigKeys (ConfUtils.java:logGet(46)) - raft.grpc.server.heartbeat.channel = true (default)
2023-10-27 20:14:12,347 [55507c8a-594d-4e25-909f-8d2832294c55@group-51E20A2316D2-LeaderElection20] INFO  server.RaftServerConfigKeys (ConfUtils.java:logGet(46)) - raft.server.log.appender.snapshot.chunk.size.max = 16MB (=16777216) (default)
2023-10-27 20:14:12,348 [55507c8a-594d-4e25-909f-8d2832294c55@group-51E20A2316D2-LeaderElection20] INFO  server.RaftServerConfigKeys (ConfUtils.java:logGet(46)) - raft.server.log.appender.buffer.byte-limit = 33554432 (custom)
2023-10-27 20:14:12,348 [55507c8a-594d-4e25-909f-8d2832294c55@group-51E20A2316D2-LeaderElection20] INFO  server.RaftServerConfigKeys (ConfUtils.java:logGet(46)) - raft.server.log.appender.buffer.element-limit = 1 (custom)
2023-10-27 20:14:12,348 [55507c8a-594d-4e25-909f-8d2832294c55@group-51E20A2316D2-LeaderElection20] INFO  server.RaftServerConfigKeys (ConfUtils.java:logGet(46)) - raft.server.log.appender.wait-time.min = 1ms (custom)
2023-10-27 20:14:12,351 [55507c8a-594d-4e25-909f-8d2832294c55@group-51E20A2316D2-LeaderElection20] INFO  grpc.GrpcConfigKeys (ConfUtils.java:logGet(46)) - raft.grpc.server.leader.outstanding.appends.max = 128 (default)
2023-10-27 20:14:12,351 [55507c8a-594d-4e25-909f-8d2832294c55@group-51E20A2316D2-LeaderElection20] INFO  server.RaftServerConfigKeys (ConfUtils.java:logGet(46)) - raft.server.rpc.request.timeout = 60s (custom)
2023-10-27 20:14:12,351 [55507c8a-594d-4e25-909f-8d2832294c55@group-51E20A2316D2-LeaderElection20] INFO  grpc.GrpcConfigKeys (ConfUtils.java:logGet(46)) - raft.grpc.server.install_snapshot.request.element-limit = 8 (default)
2023-10-27 20:14:12,351 [55507c8a-594d-4e25-909f-8d2832294c55@group-51E20A2316D2-LeaderElection20] INFO  grpc.GrpcConfigKeys (ConfUtils.java:logGet(46)) - raft.grpc.server.install_snapshot.request.timeout = 3000ms (default)
2023-10-27 20:14:12,353 [55507c8a-594d-4e25-909f-8d2832294c55@group-51E20A2316D2-LeaderElection20] INFO  server.RaftServerConfigKeys (ConfUtils.java:logGet(46)) - raft.server.log.appender.install.snapshot.enabled = false (custom)
2023-10-27 20:14:12,353 [55507c8a-594d-4e25-909f-8d2832294c55@group-51E20A2316D2-LeaderElection20] INFO  grpc.GrpcConfigKeys (ConfUtils.java:logGet(46)) - raft.grpc.server.heartbeat.channel = true (default)
2023-10-27 20:14:12,353 [55507c8a-594d-4e25-909f-8d2832294c55@group-51E20A2316D2-LeaderElection20] INFO  impl.RoleInfo (RoleInfo.java:updateAndGet(139)) - 55507c8a-594d-4e25-909f-8d2832294c55: start 55507c8a-594d-4e25-909f-8d2832294c55@group-51E20A2316D2-LeaderStateImpl
2023-10-27 20:14:12,360 [55507c8a-594d-4e25-909f-8d2832294c55@group-51E20A2316D2-LeaderElection20] INFO  segmented.SegmentedRaftLogWorker (SegmentedRaftLogWorker.java:startLogSegment(447)) - 55507c8a-594d-4e25-909f-8d2832294c55@group-51E20A2316D2-SegmentedRaftLogWorker: Starting segment from index:0
2023-10-27 20:14:12,363 [55507c8a-594d-4e25-909f-8d2832294c55@group-51E20A2316D2-SegmentedRaftLogWorker] INFO  segmented.SegmentedRaftLogWorker (SegmentedRaftLogWorker.java:execute(651)) - 55507c8a-594d-4e25-909f-8d2832294c55@group-51E20A2316D2-SegmentedRaftLogWorker: created new log segment /home/runner/work/ozone/ozone/hadoop-ozone/integration-test/target/test-dir/MiniOzoneClusterImpl-60426a9d-3de2-4373-b08b-24a22c9da129/datanode-8/data/ratis/510d7b00-c41e-4671-853b-51e20a2316d2/current/log_inprogress_0
2023-10-27 20:14:12,384 [55507c8a-594d-4e25-909f-8d2832294c55@group-51E20A2316D2-LeaderElection20] INFO  server.RaftServer$Division (ServerState.java:setRaftConf(434)) - 55507c8a-594d-4e25-909f-8d2832294c55@group-51E20A2316D2: set configuration 0: peers:[f612f2cf-90dc-41dc-bf39-cf028d38c484|rpc:10.1.0.32:15077|admin:10.1.0.32:15076|client:10.1.0.32:15075|dataStream:10.1.0.32:15078|priority:0|startupRole:FOLLOWER, 55507c8a-594d-4e25-909f-8d2832294c55|rpc:10.1.0.32:15086|admin:10.1.0.32:15085|client:10.1.0.32:15084|dataStream:10.1.0.32:15087|priority:1|startupRole:FOLLOWER, fe9b02b7-73ff-430f-9d75-1483ab7beb41|rpc:10.1.0.32:15068|admin:10.1.0.32:15067|client:10.1.0.32:15066|dataStream:10.1.0.32:15069|priority:0|startupRole:FOLLOWER]|listeners:[], old=null
2023-10-27 20:14:12,407 [fe9b02b7-73ff-430f-9d75-1483ab7beb41-server-thread1] INFO  ratis.XceiverServerRatis (XceiverServerRatis.java:handleLeaderChangedNotification(903)) - Leader change notification received for group: group-51E20A2316D2 with new leaderId: 55507c8a-594d-4e25-909f-8d2832294c55
2023-10-27 20:14:12,408 [fe9b02b7-73ff-430f-9d75-1483ab7beb41-server-thread1] INFO  server.RaftServer$Division (ServerState.java:setLeader(317)) - fe9b02b7-73ff-430f-9d75-1483ab7beb41@group-51E20A2316D2: change Leader from null to 55507c8a-594d-4e25-909f-8d2832294c55 at term 1 for appendEntries, leader elected after 5360ms
2023-10-27 20:14:12,418 [fe9b02b7-73ff-430f-9d75-1483ab7beb41-server-thread2] INFO  server.RaftServer$Division (ServerState.java:setRaftConf(434)) - fe9b02b7-73ff-430f-9d75-1483ab7beb41@group-51E20A2316D2: set configuration 0: peers:[f612f2cf-90dc-41dc-bf39-cf028d38c484|rpc:10.1.0.32:15077|admin:10.1.0.32:15076|client:10.1.0.32:15075|dataStream:10.1.0.32:15078|priority:0|startupRole:FOLLOWER, 55507c8a-594d-4e25-909f-8d2832294c55|rpc:10.1.0.32:15086|admin:10.1.0.32:15085|client:10.1.0.32:15084|dataStream:10.1.0.32:15087|priority:1|startupRole:FOLLOWER, fe9b02b7-73ff-430f-9d75-1483ab7beb41|rpc:10.1.0.32:15068|admin:10.1.0.32:15067|client:10.1.0.32:15066|dataStream:10.1.0.32:15069|priority:0|startupRole:FOLLOWER]|listeners:[], old=null
2023-10-27 20:14:12,419 [fe9b02b7-73ff-430f-9d75-1483ab7beb41-server-thread2] INFO  segmented.SegmentedRaftLogWorker (SegmentedRaftLogWorker.java:startLogSegment(447)) - fe9b02b7-73ff-430f-9d75-1483ab7beb41@group-51E20A2316D2-SegmentedRaftLogWorker: Starting segment from index:0
2023-10-27 20:14:12,441 [f612f2cf-90dc-41dc-bf39-cf028d38c484-server-thread2] INFO  ratis.XceiverServerRatis (XceiverServerRatis.java:handleLeaderChangedNotification(903)) - Leader change notification received for group: group-51E20A2316D2 with new leaderId: 55507c8a-594d-4e25-909f-8d2832294c55
2023-10-27 20:14:12,441 [f612f2cf-90dc-41dc-bf39-cf028d38c484-server-thread2] INFO  server.RaftServer$Division (ServerState.java:setLeader(317)) - f612f2cf-90dc-41dc-bf39-cf028d38c484@group-51E20A2316D2: change Leader from null to 55507c8a-594d-4e25-909f-8d2832294c55 at term 1 for appendEntries, leader elected after 5430ms
2023-10-27 20:14:12,448 [f612f2cf-90dc-41dc-bf39-cf028d38c484-server-thread1] INFO  server.RaftServer$Division (ServerState.java:setRaftConf(434)) - f612f2cf-90dc-41dc-bf39-cf028d38c484@group-51E20A2316D2: set configuration 0: peers:[f612f2cf-90dc-41dc-bf39-cf028d38c484|rpc:10.1.0.32:15077|admin:10.1.0.32:15076|client:10.1.0.32:15075|dataStream:10.1.0.32:15078|priority:0|startupRole:FOLLOWER, 55507c8a-594d-4e25-909f-8d2832294c55|rpc:10.1.0.32:15086|admin:10.1.0.32:15085|client:10.1.0.32:15084|dataStream:10.1.0.32:15087|priority:1|startupRole:FOLLOWER, fe9b02b7-73ff-430f-9d75-1483ab7beb41|rpc:10.1.0.32:15068|admin:10.1.0.32:15067|client:10.1.0.32:15066|dataStream:10.1.0.32:15069|priority:0|startupRole:FOLLOWER]|listeners:[], old=null
2023-10-27 20:14:12,449 [fe9b02b7-73ff-430f-9d75-1483ab7beb41@group-51E20A2316D2-SegmentedRaftLogWorker] INFO  segmented.SegmentedRaftLogWorker (SegmentedRaftLogWorker.java:execute(651)) - fe9b02b7-73ff-430f-9d75-1483ab7beb41@group-51E20A2316D2-SegmentedRaftLogWorker: created new log segment /home/runner/work/ozone/ozone/hadoop-ozone/integration-test/target/test-dir/MiniOzoneClusterImpl-60426a9d-3de2-4373-b08b-24a22c9da129/datanode-6/data/ratis/510d7b00-c41e-4671-853b-51e20a2316d2/current/log_inprogress_0
2023-10-27 20:14:12,449 [f612f2cf-90dc-41dc-bf39-cf028d38c484-server-thread1] INFO  segmented.SegmentedRaftLogWorker (SegmentedRaftLogWorker.java:startLogSegment(447)) - f612f2cf-90dc-41dc-bf39-cf028d38c484@group-51E20A2316D2-SegmentedRaftLogWorker: Starting segment from index:0
2023-10-27 20:14:12,456 [f612f2cf-90dc-41dc-bf39-cf028d38c484@group-51E20A2316D2-SegmentedRaftLogWorker] INFO  segmented.SegmentedRaftLogWorker (SegmentedRaftLogWorker.java:execute(651)) - f612f2cf-90dc-41dc-bf39-cf028d38c484@group-51E20A2316D2-SegmentedRaftLogWorker: created new log segment /home/runner/work/ozone/ozone/hadoop-ozone/integration-test/target/test-dir/MiniOzoneClusterImpl-60426a9d-3de2-4373-b08b-24a22c9da129/datanode-7/data/ratis/510d7b00-c41e-4671-853b-51e20a2316d2/current/log_inprogress_0
2023-10-27 20:14:12,522 [pool-396-thread-1] INFO  impl.MetricsSystemImpl (MetricsSystemImpl.java:init(158)) - XceiverClientMetrics metrics system started (again)
2023-10-27 20:14:12,523 [pool-396-thread-1] INFO  lib.Interns (Interns.java:removeEldestEntry(50)) - Metrics intern cache overflow at 2011 for MetricsSystem={MetricsSystem=MetricsInfoImpl{name=MetricsSystem, description=MetricsSystem}, MetricsSystem record=MetricsInfoImpl{name=MetricsSystem, description=MetricsSystem record}}
2023-10-27 20:14:13,138 [main] INFO  ozoneimpl.OzoneContainer (OzoneContainer.java:stop(463)) - Attempting to stop container services.
2023-10-27 20:14:13,149 [main] INFO  server.RaftServer (RaftServerProxy.java:lambda$close$6(416)) - 55507c8a-594d-4e25-909f-8d2832294c55: close
2023-10-27 20:14:13,151 [55507c8a-594d-4e25-909f-8d2832294c55-impl-thread1] INFO  server.RaftServer$Division (RaftServerImpl.java:lambda$close$4(466)) - 55507c8a-594d-4e25-909f-8d2832294c55@group-51E20A2316D2: shutdown
2023-10-27 20:14:13,151 [55507c8a-594d-4e25-909f-8d2832294c55-impl-thread1] INFO  util.JmxRegister (JmxRegister.java:unregister(73)) - Successfully un-registered JMX Bean with object name Ratis:service=RaftServer,group=group-51E20A2316D2,id=55507c8a-594d-4e25-909f-8d2832294c55
2023-10-27 20:14:13,151 [55507c8a-594d-4e25-909f-8d2832294c55-impl-thread1] INFO  impl.RoleInfo (RoleInfo.java:shutdownLeaderState(93)) - 55507c8a-594d-4e25-909f-8d2832294c55: shutdown 55507c8a-594d-4e25-909f-8d2832294c55@group-51E20A2316D2-LeaderStateImpl
2023-10-27 20:14:13,152 [55507c8a-594d-4e25-909f-8d2832294c55-impl-thread1] INFO  impl.PendingRequests (PendingRequests.java:sendNotLeaderResponses(289)) - 55507c8a-594d-4e25-909f-8d2832294c55@group-51E20A2316D2-PendingRequests: sendNotLeaderResponses
2023-10-27 20:14:13,153 [55507c8a-594d-4e25-909f-8d2832294c55@group-51E20A2316D2->f612f2cf-90dc-41dc-bf39-cf028d38c484-GrpcLogAppender-LogAppenderDaemon] WARN  server.GrpcLogAppender (GrpcLogAppender.java:mayWait(199)) - 55507c8a-594d-4e25-909f-8d2832294c55@group-51E20A2316D2->f612f2cf-90dc-41dc-bf39-cf028d38c484-GrpcLogAppender: Wait interrupted by java.lang.InterruptedException
2023-10-27 20:14:13,159 [grpc-default-executor-5] INFO  server.GrpcServerProtocolService (GrpcServerProtocolService.java:onCompleted(155)) - f612f2cf-90dc-41dc-bf39-cf028d38c484: Completed APPEND_ENTRIES, lastRequest: 55507c8a-594d-4e25-909f-8d2832294c55->f612f2cf-90dc-41dc-bf39-cf028d38c484#1-t1,previous=(t:0, i:0),leaderCommit=-1,initializing? true,entries: size=1, first=(t:1, i:0), CONFIGURATIONENTRY(current:id: "f612f2cf-90dc-41dc-bf39-cf028d38c484"
address: "10.1.0.32:15077"
dataStreamAddress: "10.1.0.32:15078"
clientAddress: "10.1.0.32:15075"
adminAddress: "10.1.0.32:15076"
startupRole: FOLLOWER
,id: "55507c8a-594d-4e25-909f-8d2832294c55"
address: "10.1.0.32:15086"
priority: 1
dataStreamAddress: "10.1.0.32:15087"
clientAddress: "10.1.0.32:15084"
adminAddress: "10.1.0.32:15085"
startupRole: FOLLOWER
,id: "fe9b02b7-73ff-430f-9d75-1483ab7beb41"
address: "10.1.0.32:15068"
dataStreamAddress: "10.1.0.32:15069"
clientAddress: "10.1.0.32:15066"
adminAddress: "10.1.0.32:15067"
startupRole: FOLLOWER
, old:)
2023-10-27 20:14:13,159 [grpc-default-executor-5] INFO  server.GrpcServerProtocolService (GrpcServerProtocolService.java:lambda$onCompleted$5(157)) - f612f2cf-90dc-41dc-bf39-cf028d38c484: Completed APPEND_ENTRIES, lastReply: null
2023-10-27 20:14:13,154 [55507c8a-594d-4e25-909f-8d2832294c55@group-51E20A2316D2->fe9b02b7-73ff-430f-9d75-1483ab7beb41-GrpcLogAppender-LogAppenderDaemon] WARN  server.GrpcLogAppender (GrpcLogAppender.java:mayWait(199)) - 55507c8a-594d-4e25-909f-8d2832294c55@group-51E20A2316D2->fe9b02b7-73ff-430f-9d75-1483ab7beb41-GrpcLogAppender: Wait interrupted by java.lang.InterruptedException
2023-10-27 20:14:13,160 [grpc-default-executor-4] INFO  server.GrpcServerProtocolService (GrpcServerProtocolService.java:onCompleted(155)) - f612f2cf-90dc-41dc-bf39-cf028d38c484: Completed APPEND_ENTRIES, lastRequest: null
2023-10-27 20:14:13,171 [grpc-default-executor-5] INFO  server.GrpcServerProtocolService (GrpcServerProtocolService.java:onCompleted(155)) - fe9b02b7-73ff-430f-9d75-1483ab7beb41: Completed APPEND_ENTRIES, lastRequest: 55507c8a-594d-4e25-909f-8d2832294c55->fe9b02b7-73ff-430f-9d75-1483ab7beb41#1-t1,previous=(t:0, i:0),leaderCommit=-1,initializing? true,entries: size=1, first=(t:1, i:0), CONFIGURATIONENTRY(current:id: "f612f2cf-90dc-41dc-bf39-cf028d38c484"
address: "10.1.0.32:15077"
dataStreamAddress: "10.1.0.32:15078"
clientAddress: "10.1.0.32:15075"
adminAddress: "10.1.0.32:15076"
startupRole: FOLLOWER
,id: "55507c8a-594d-4e25-909f-8d2832294c55"
address: "10.1.0.32:15086"
priority: 1
dataStreamAddress: "10.1.0.32:15087"
clientAddress: "10.1.0.32:15084"
adminAddress: "10.1.0.32:15085"
startupRole: FOLLOWER
,id: "fe9b02b7-73ff-430f-9d75-1483ab7beb41"
address: "10.1.0.32:15068"
dataStreamAddress: "10.1.0.32:15069"
clientAddress: "10.1.0.32:15066"
adminAddress: "10.1.0.32:15067"
startupRole: FOLLOWER
, old:)
2023-10-27 20:14:13,172 [grpc-default-executor-5] INFO  server.GrpcServerProtocolService (GrpcServerProtocolService.java:lambda$onCompleted$5(157)) - fe9b02b7-73ff-430f-9d75-1483ab7beb41: Completed APPEND_ENTRIES, lastReply: null
2023-10-27 20:14:13,172 [grpc-default-executor-3] INFO  server.GrpcServerProtocolService (GrpcServerProtocolService.java:onCompleted(155)) - fe9b02b7-73ff-430f-9d75-1483ab7beb41: Completed APPEND_ENTRIES, lastRequest: null
2023-10-27 20:14:13,174 [grpc-default-executor-2] INFO  server.GrpcLogAppender (GrpcLogAppender.java:onCompleted(428)) - 55507c8a-594d-4e25-909f-8d2832294c55@group-51E20A2316D2->fe9b02b7-73ff-430f-9d75-1483ab7beb41-AppendLogResponseHandler: follower responses appendEntries COMPLETED
2023-10-27 20:14:13,160 [grpc-default-executor-1] INFO  server.GrpcLogAppender (GrpcLogAppender.java:onCompleted(428)) - 55507c8a-594d-4e25-909f-8d2832294c55@group-51E20A2316D2->f612f2cf-90dc-41dc-bf39-cf028d38c484-AppendLogResponseHandler: follower responses appendEntries COMPLETED
2023-10-27 20:14:13,177 [grpc-default-executor-4] INFO  server.GrpcServerProtocolService (GrpcServerProtocolService.java:lambda$onCompleted$5(157)) - f612f2cf-90dc-41dc-bf39-cf028d38c484: Completed APPEND_ENTRIES, lastReply: serverReply {
  requestorId: "55507c8a-594d-4e25-909f-8d2832294c55"
  replyId: "f612f2cf-90dc-41dc-bf39-cf028d38c484"
  raftGroupId {
    id: "Q\r{\000\304\036Fq\205;Q\342\n#\026\322"
  }
  success: true
}
term: 1
followerCommit: 18446744073709551615
matchIndex: 18446744073709551615
isHearbeat: true

2023-10-27 20:14:13,181 [grpc-default-executor-2] INFO  leader.FollowerInfo (FollowerInfoImpl.java:lambda$new$0(52)) - 55507c8a-594d-4e25-909f-8d2832294c55@group-51E20A2316D2->fe9b02b7-73ff-430f-9d75-1483ab7beb41: decreaseNextIndex nextIndex: updateUnconditionally 1 -> 0
2023-10-27 20:14:13,180 [grpc-default-executor-1] INFO  leader.FollowerInfo (FollowerInfoImpl.java:lambda$new$0(52)) - 55507c8a-594d-4e25-909f-8d2832294c55@group-51E20A2316D2->f612f2cf-90dc-41dc-bf39-cf028d38c484: decreaseNextIndex nextIndex: updateUnconditionally 1 -> 0
2023-10-27 20:14:13,186 [grpc-default-executor-5] INFO  server.GrpcLogAppender (GrpcLogAppender.java:onCompleted(428)) - 55507c8a-594d-4e25-909f-8d2832294c55@group-51E20A2316D2->f612f2cf-90dc-41dc-bf39-cf028d38c484-AppendLogResponseHandler: follower responses appendEntries COMPLETED
2023-10-27 20:14:13,186 [grpc-default-executor-3] INFO  server.GrpcServerProtocolService (GrpcServerProtocolService.java:lambda$onCompleted$5(157)) - fe9b02b7-73ff-430f-9d75-1483ab7beb41: Completed APPEND_ENTRIES, lastReply: serverReply {
  requestorId: "55507c8a-594d-4e25-909f-8d2832294c55"
  replyId: "fe9b02b7-73ff-430f-9d75-1483ab7beb41"
  raftGroupId {
    id: "Q\r{\000\304\036Fq\205;Q\342\n#\026\322"
  }
  success: true
}
term: 1
nextIndex: 1
followerCommit: 18446744073709551615
matchIndex: 18446744073709551615
isHearbeat: true

2023-10-27 20:14:13,188 [grpc-default-executor-5] INFO  server.GrpcLogAppender (GrpcLogAppender.java:onCompleted(428)) - 55507c8a-594d-4e25-909f-8d2832294c55@group-51E20A2316D2->fe9b02b7-73ff-430f-9d75-1483ab7beb41-AppendLogResponseHandler: follower responses appendEntries COMPLETED
2023-10-27 20:14:13,189 [55507c8a-594d-4e25-909f-8d2832294c55@group-51E20A2316D2-StateMachineUpdater] INFO  ratis.ContainerStateMachine (ContainerStateMachine.java:takeSnapshot(337)) - group-51E20A2316D2: Taking a snapshot at:(t:1, i:0) file /home/runner/work/ozone/ozone/hadoop-ozone/integration-test/target/test-dir/MiniOzoneClusterImpl-60426a9d-3de2-4373-b08b-24a22c9da129/datanode-8/data/ratis/510d7b00-c41e-4671-853b-51e20a2316d2/sm/snapshot.1_0
2023-10-27 20:14:13,190 [55507c8a-594d-4e25-909f-8d2832294c55-impl-thread1] INFO  impl.StateMachineUpdater (StateMachineUpdater.java:stopAndJoin(155)) - 55507c8a-594d-4e25-909f-8d2832294c55@group-51E20A2316D2-StateMachineUpdater: set stopIndex = 0
2023-10-27 20:14:13,202 [55507c8a-594d-4e25-909f-8d2832294c55-impl-thread2] INFO  server.RaftServer$Division (RaftServerImpl.java:lambda$close$4(466)) - 55507c8a-594d-4e25-909f-8d2832294c55@group-F9EF9EF7AB14: shutdown
2023-10-27 20:14:13,204 [55507c8a-594d-4e25-909f-8d2832294c55-impl-thread2] INFO  util.JmxRegister (JmxRegister.java:unregister(73)) - Successfully un-registered JMX Bean with object name Ratis:service=RaftServer,group=group-F9EF9EF7AB14,id=55507c8a-594d-4e25-909f-8d2832294c55
2023-10-27 20:14:13,204 [55507c8a-594d-4e25-909f-8d2832294c55-impl-thread2] INFO  impl.RoleInfo (RoleInfo.java:shutdownLeaderState(93)) - 55507c8a-594d-4e25-909f-8d2832294c55: shutdown 55507c8a-594d-4e25-909f-8d2832294c55@group-F9EF9EF7AB14-LeaderStateImpl
2023-10-27 20:14:13,205 [55507c8a-594d-4e25-909f-8d2832294c55-impl-thread2] INFO  impl.PendingRequests (PendingRequests.java:sendNotLeaderResponses(289)) - 55507c8a-594d-4e25-909f-8d2832294c55@group-F9EF9EF7AB14-PendingRequests: sendNotLeaderResponses
2023-10-27 20:14:13,205 [main] INFO  server.GrpcService (GrpcService.java:closeImpl(311)) - 55507c8a-594d-4e25-909f-8d2832294c55: shutdown server org.apache.ratis.grpc.server.GrpcClientProtocolService now
2023-10-27 20:14:13,220 [55507c8a-594d-4e25-909f-8d2832294c55-impl-thread3] INFO  server.RaftServer$Division (RaftServerImpl.java:lambda$close$4(466)) - 55507c8a-594d-4e25-909f-8d2832294c55@group-C71ED06640E5: shutdown
2023-10-27 20:14:13,222 [55507c8a-594d-4e25-909f-8d2832294c55-impl-thread3] INFO  util.JmxRegister (JmxRegister.java:unregister(73)) - Successfully un-registered JMX Bean with object name Ratis:service=RaftServer,group=group-C71ED06640E5,id=55507c8a-594d-4e25-909f-8d2832294c55
2023-10-27 20:14:13,224 [55507c8a-594d-4e25-909f-8d2832294c55-impl-thread3] INFO  impl.RoleInfo (RoleInfo.java:shutdownFollowerState(110)) - 55507c8a-594d-4e25-909f-8d2832294c55: shutdown 55507c8a-594d-4e25-909f-8d2832294c55@group-C71ED06640E5-FollowerState
2023-10-27 20:14:13,223 [55507c8a-594d-4e25-909f-8d2832294c55-impl-thread2] INFO  impl.StateMachineUpdater (StateMachineUpdater.java:stopAndJoin(155)) - 55507c8a-594d-4e25-909f-8d2832294c55@group-F9EF9EF7AB14-StateMachineUpdater: set stopIndex = 0
2023-10-27 20:14:13,223 [55507c8a-594d-4e25-909f-8d2832294c55@group-F9EF9EF7AB14-StateMachineUpdater] INFO  ratis.ContainerStateMachine (ContainerStateMachine.java:takeSnapshot(337)) - group-F9EF9EF7AB14: Taking a snapshot at:(t:1, i:0) file /home/runner/work/ozone/ozone/hadoop-ozone/integration-test/target/test-dir/MiniOzoneClusterImpl-60426a9d-3de2-4373-b08b-24a22c9da129/datanode-8/data/ratis/9165e2d6-b074-416d-b0ca-f9ef9ef7ab14/sm/snapshot.1_0
2023-10-27 20:14:13,238 [55507c8a-594d-4e25-909f-8d2832294c55-impl-thread3] INFO  impl.StateMachineUpdater (StateMachineUpdater.java:stopAndJoin(155)) - 55507c8a-594d-4e25-909f-8d2832294c55@group-C71ED06640E5-StateMachineUpdater: set stopIndex = -1
2023-10-27 20:14:13,238 [55507c8a-594d-4e25-909f-8d2832294c55@group-C71ED06640E5-FollowerState] INFO  impl.FollowerState (FollowerState.java:run(152)) - 55507c8a-594d-4e25-909f-8d2832294c55@group-C71ED06640E5-FollowerState was interrupted
2023-10-27 20:14:13,239 [55507c8a-594d-4e25-909f-8d2832294c55-impl-thread3] INFO  server.RaftServer$Division (ServerState.java:close(472)) - 55507c8a-594d-4e25-909f-8d2832294c55@group-C71ED06640E5: closes. applyIndex: -1
2023-10-27 20:14:13,245 [Thread-727] INFO  server.GrpcServerProtocolClient (GrpcServerProtocolClient.java:close(103)) - f612f2cf-90dc-41dc-bf39-cf028d38c484 Close channels
2023-10-27 20:14:13,252 [Thread-729] INFO  server.GrpcServerProtocolClient (GrpcServerProtocolClient.java:close(103)) - fe9b02b7-73ff-430f-9d75-1483ab7beb41 Close channels
2023-10-27 20:14:13,258 [main] INFO  server.GrpcService (GrpcService.java:closeImpl(320)) - 55507c8a-594d-4e25-909f-8d2832294c55: shutdown server org.apache.ratis.grpc.server.GrpcClientProtocolService successfully
2023-10-27 20:14:13,258 [main] INFO  server.GrpcService (GrpcService.java:closeImpl(311)) - 55507c8a-594d-4e25-909f-8d2832294c55: shutdown server GrpcServerProtocolService now
2023-10-27 20:14:13,317 [55507c8a-594d-4e25-909f-8d2832294c55@group-F9EF9EF7AB14-StateMachineUpdater] INFO  ratis.ContainerStateMachine (ContainerStateMachine.java:takeSnapshot(348)) - group-F9EF9EF7AB14: Finished taking a snapshot at:(t:1, i:0) file:/home/runner/work/ozone/ozone/hadoop-ozone/integration-test/target/test-dir/MiniOzoneClusterImpl-60426a9d-3de2-4373-b08b-24a22c9da129/datanode-8/data/ratis/9165e2d6-b074-416d-b0ca-f9ef9ef7ab14/sm/snapshot.1_0 took: 95 ms
2023-10-27 20:14:13,320 [grpc-default-executor-5] WARN  server.GrpcServerProtocolService (LogUtils.java:warn(122)) - 55507c8a-594d-4e25-909f-8d2832294c55: APPEND_ENTRIES onError, lastRequest: fe9b02b7-73ff-430f-9d75-1483ab7beb41->55507c8a-594d-4e25-909f-8d2832294c55#1-t1,previous=(t:0, i:0),leaderCommit=-1,initializing? true,entries: size=1, first=(t:1, i:0), CONFIGURATIONENTRY(current:id: "f612f2cf-90dc-41dc-bf39-cf028d38c484"
address: "10.1.0.32:15077"
dataStreamAddress: "10.1.0.32:15078"
clientAddress: "10.1.0.32:15075"
adminAddress: "10.1.0.32:15076"
startupRole: FOLLOWER
,id: "55507c8a-594d-4e25-909f-8d2832294c55"
address: "10.1.0.32:15086"
dataStreamAddress: "10.1.0.32:15087"
clientAddress: "10.1.0.32:15084"
adminAddress: "10.1.0.32:15085"
startupRole: FOLLOWER
,id: "fe9b02b7-73ff-430f-9d75-1483ab7beb41"
address: "10.1.0.32:15068"
priority: 1
dataStreamAddress: "10.1.0.32:15069"
clientAddress: "10.1.0.32:15066"
adminAddress: "10.1.0.32:15067"
startupRole: FOLLOWER
, old:): org.apache.ratis.thirdparty.io.grpc.StatusRuntimeException: CANCELLED: client cancelled
2023-10-27 20:14:13,322 [grpc-default-executor-5] WARN  server.GrpcLogAppender (LogUtils.java:warn(122)) - fe9b02b7-73ff-430f-9d75-1483ab7beb41@group-C71ED06640E5->55507c8a-594d-4e25-909f-8d2832294c55-AppendLogResponseHandler: Failed appendEntries: org.apache.ratis.thirdparty.io.grpc.StatusRuntimeException: CANCELLED: RST_STREAM closed stream. HTTP/2 error code: CANCEL
2023-10-27 20:14:13,322 [grpc-default-executor-3] WARN  server.GrpcServerProtocolService (LogUtils.java:warn(122)) - 55507c8a-594d-4e25-909f-8d2832294c55: APPEND_ENTRIES onError, lastRequest: null: org.apache.ratis.thirdparty.io.grpc.StatusRuntimeException: CANCELLED: client cancelled
2023-10-27 20:14:13,323 [grpc-default-executor-5] WARN  server.GrpcLogAppender (GrpcLogAppender.java:resetClient(128)) - fe9b02b7-73ff-430f-9d75-1483ab7beb41@group-C71ED06640E5->55507c8a-594d-4e25-909f-8d2832294c55-GrpcLogAppender: Follower failed when matchIndex == 0,  keep nextIndex (1) unchanged and retry.
2023-10-27 20:14:13,322 [55507c8a-594d-4e25-909f-8d2832294c55@group-F9EF9EF7AB14-StateMachineUpdater] INFO  impl.StateMachineUpdater (StateMachineUpdater.java:takeSnapshot(291)) - 55507c8a-594d-4e25-909f-8d2832294c55@group-F9EF9EF7AB14-StateMachineUpdater: Took a snapshot at index 0
2023-10-27 20:14:13,324 [main] INFO  server.GrpcService (GrpcService.java:closeImpl(320)) - 55507c8a-594d-4e25-909f-8d2832294c55: shutdown server GrpcServerProtocolService successfully
2023-10-27 20:14:13,324 [main] INFO  server.GrpcService (GrpcService.java:closeImpl(311)) - 55507c8a-594d-4e25-909f-8d2832294c55: shutdown server org.apache.ratis.grpc.server.GrpcAdminProtocolService now
2023-10-27 20:14:13,325 [55507c8a-594d-4e25-909f-8d2832294c55@group-F9EF9EF7AB14-StateMachineUpdater] INFO  impl.StateMachineUpdater (StateMachineUpdater.java:lambda$new$0(97)) - 55507c8a-594d-4e25-909f-8d2832294c55@group-F9EF9EF7AB14-StateMachineUpdater: snapshotIndex: updateIncreasingly -1 -> 0
2023-10-27 20:14:13,326 [55507c8a-594d-4e25-909f-8d2832294c55@group-51E20A2316D2-StateMachineUpdater] INFO  ratis.ContainerStateMachine (ContainerStateMachine.java:takeSnapshot(348)) - group-51E20A2316D2: Finished taking a snapshot at:(t:1, i:0) file:/home/runner/work/ozone/ozone/hadoop-ozone/integration-test/target/test-dir/MiniOzoneClusterImpl-60426a9d-3de2-4373-b08b-24a22c9da129/datanode-8/data/ratis/510d7b00-c41e-4671-853b-51e20a2316d2/sm/snapshot.1_0 took: 138 ms
2023-10-27 20:14:13,327 [55507c8a-594d-4e25-909f-8d2832294c55@group-51E20A2316D2-StateMachineUpdater] INFO  impl.StateMachineUpdater (StateMachineUpdater.java:takeSnapshot(291)) - 55507c8a-594d-4e25-909f-8d2832294c55@group-51E20A2316D2-StateMachineUpdater: Took a snapshot at index 0
2023-10-27 20:14:13,327 [55507c8a-594d-4e25-909f-8d2832294c55@group-51E20A2316D2-StateMachineUpdater] INFO  impl.StateMachineUpdater (StateMachineUpdater.java:lambda$new$0(97)) - 55507c8a-594d-4e25-909f-8d2832294c55@group-51E20A2316D2-StateMachineUpdater: snapshotIndex: updateIncreasingly -1 -> 0
2023-10-27 20:14:13,330 [55507c8a-594d-4e25-909f-8d2832294c55-impl-thread2] INFO  server.RaftServer$Division (ServerState.java:close(472)) - 55507c8a-594d-4e25-909f-8d2832294c55@group-F9EF9EF7AB14: closes. applyIndex: 0
2023-10-27 20:14:13,336 [grpc-default-executor-4] WARN  server.GrpcLogAppender (LogUtils.java:warn(122)) - fe9b02b7-73ff-430f-9d75-1483ab7beb41@group-C71ED06640E5->55507c8a-594d-4e25-909f-8d2832294c55-AppendLogResponseHandler: Failed appendEntries: org.apache.ratis.thirdparty.io.grpc.StatusRuntimeException: CANCELLED: RST_STREAM closed stream. HTTP/2 error code: CANCEL
2023-10-27 20:14:13,336 [grpc-default-executor-4] WARN  server.GrpcLogAppender (GrpcLogAppender.java:resetClient(128)) - fe9b02b7-73ff-430f-9d75-1483ab7beb41@group-C71ED06640E5->55507c8a-594d-4e25-909f-8d2832294c55-GrpcLogAppender: Follower failed when matchIndex == 0,  keep nextIndex (1) unchanged and retry.
2023-10-27 20:14:13,337 [55507c8a-594d-4e25-909f-8d2832294c55-impl-thread1] INFO  server.RaftServer$Division (ServerState.java:close(472)) - 55507c8a-594d-4e25-909f-8d2832294c55@group-51E20A2316D2: closes. applyIndex: 0
2023-10-27 20:14:13,337 [main] INFO  server.GrpcService (GrpcService.java:closeImpl(320)) - 55507c8a-594d-4e25-909f-8d2832294c55: shutdown server org.apache.ratis.grpc.server.GrpcAdminProtocolService successfully
2023-10-27 20:14:13,338 [55507c8a-594d-4e25-909f-8d2832294c55-NettyServerStreamRpc-bossGroup--thread1] INFO  logging.LoggingHandler (AbstractInternalLogger.java:log(148)) - [id: 0x9444d8fe, L:/0:0:0:0:0:0:0:0:15087] CLOSE
2023-10-27 20:14:13,339 [55507c8a-594d-4e25-909f-8d2832294c55-NettyServerStreamRpc-bossGroup--thread1] INFO  logging.LoggingHandler (AbstractInternalLogger.java:log(148)) - [id: 0x9444d8fe, L:/0:0:0:0:0:0:0:0:15087] INACTIVE
2023-10-27 20:14:13,339 [55507c8a-594d-4e25-909f-8d2832294c55-NettyServerStreamRpc-bossGroup--thread1] INFO  logging.LoggingHandler (AbstractInternalLogger.java:log(148)) - [id: 0x9444d8fe, L:/0:0:0:0:0:0:0:0:15087] UNREGISTERED
2023-10-27 20:14:13,376 [55507c8a-594d-4e25-909f-8d2832294c55-impl-thread1] INFO  segmented.SegmentedRaftLogWorker (SegmentedRaftLogWorker.java:close(252)) - 55507c8a-594d-4e25-909f-8d2832294c55@group-51E20A2316D2-SegmentedRaftLogWorker close()
2023-10-27 20:14:13,395 [grpc-default-executor-4] WARN  server.GrpcLogAppender (LogUtils.java:warn(122)) - fe9b02b7-73ff-430f-9d75-1483ab7beb41@group-C71ED06640E5->55507c8a-594d-4e25-909f-8d2832294c55-AppendLogResponseHandler: Failed appendEntries: org.apache.ratis.thirdparty.io.grpc.StatusRuntimeException: UNAVAILABLE: io exception
2023-10-27 20:14:13,395 [grpc-default-executor-3] WARN  server.GrpcLogAppender (LogUtils.java:warn(122)) - fe9b02b7-73ff-430f-9d75-1483ab7beb41@group-C71ED06640E5->55507c8a-594d-4e25-909f-8d2832294c55-AppendLogResponseHandler: Failed appendEntries: org.apache.ratis.thirdparty.io.grpc.StatusRuntimeException: UNAVAILABLE: io exception
2023-10-27 20:14:13,396 [grpc-default-executor-4] WARN  server.GrpcLogAppender (GrpcLogAppender.java:resetClient(128)) - fe9b02b7-73ff-430f-9d75-1483ab7beb41@group-C71ED06640E5->55507c8a-594d-4e25-909f-8d2832294c55-GrpcLogAppender: Follower failed when matchIndex == 0,  keep nextIndex (1) unchanged and retry.
2023-10-27 20:14:13,396 [grpc-default-executor-3] WARN  server.GrpcLogAppender (GrpcLogAppender.java:resetClient(128)) - fe9b02b7-73ff-430f-9d75-1483ab7beb41@group-C71ED06640E5->55507c8a-594d-4e25-909f-8d2832294c55-GrpcLogAppender: Follower failed when matchIndex == 0,  keep nextIndex (1) unchanged and retry.
2023-10-27 20:14:13,892 [55507c8a-594d-4e25-909f-8d2832294c55-impl-thread3] INFO  segmented.SegmentedRaftLogWorker (SegmentedRaftLogWorker.java:close(252)) - 55507c8a-594d-4e25-909f-8d2832294c55@group-C71ED06640E5-SegmentedRaftLogWorker close()
2023-10-27 20:14:13,898 [55507c8a-594d-4e25-909f-8d2832294c55-impl-thread2] INFO  segmented.SegmentedRaftLogWorker (SegmentedRaftLogWorker.java:close(252)) - 55507c8a-594d-4e25-909f-8d2832294c55@group-F9EF9EF7AB14-SegmentedRaftLogWorker close()
2023-10-27 20:14:13,910 [JvmPauseMonitor10] INFO  util.JvmPauseMonitor (JvmPauseMonitor.java:run(109)) - JvmPauseMonitor-55507c8a-594d-4e25-909f-8d2832294c55: Stopped
2023-10-27 20:14:14,646 [grpc-default-executor-3] WARN  server.GrpcLogAppender (LogUtils.java:warn(122)) - fe9b02b7-73ff-430f-9d75-1483ab7beb41@group-C71ED06640E5->55507c8a-594d-4e25-909f-8d2832294c55-AppendLogResponseHandler: Failed appendEntries: org.apache.ratis.thirdparty.io.grpc.StatusRuntimeException: UNAVAILABLE: io exception
2023-10-27 20:14:14,648 [grpc-default-executor-4] WARN  server.GrpcLogAppender (LogUtils.java:warn(122)) - fe9b02b7-73ff-430f-9d75-1483ab7beb41@group-C71ED06640E5->55507c8a-594d-4e25-909f-8d2832294c55-AppendLogResponseHandler: Failed appendEntries: org.apache.ratis.thirdparty.io.grpc.StatusRuntimeException: UNAVAILABLE: io exception
2023-10-27 20:14:14,650 [grpc-default-executor-3] WARN  server.GrpcLogAppender (GrpcLogAppender.java:resetClient(128)) - fe9b02b7-73ff-430f-9d75-1483ab7beb41@group-C71ED06640E5->55507c8a-594d-4e25-909f-8d2832294c55-GrpcLogAppender: Follower failed when matchIndex == 0,  keep nextIndex (1) unchanged and retry.
2023-10-27 20:14:14,652 [grpc-default-executor-4] WARN  server.GrpcLogAppender (GrpcLogAppender.java:resetClient(128)) - fe9b02b7-73ff-430f-9d75-1483ab7beb41@group-C71ED06640E5->55507c8a-594d-4e25-909f-8d2832294c55-GrpcLogAppender: Follower failed when matchIndex == 0,  keep nextIndex (1) unchanged and retry.
2023-10-27 20:14:14,656 [grpc-default-executor-4] WARN  server.GrpcLogAppender (LogUtils.java:warn(122)) - fe9b02b7-73ff-430f-9d75-1483ab7beb41@group-C71ED06640E5->55507c8a-594d-4e25-909f-8d2832294c55-AppendLogResponseHandler: Failed appendEntries: org.apache.ratis.thirdparty.io.grpc.StatusRuntimeException: UNAVAILABLE: io exception
2023-10-27 20:14:14,658 [grpc-default-executor-3] WARN  server.GrpcLogAppender (LogUtils.java:warn(122)) - fe9b02b7-73ff-430f-9d75-1483ab7beb41@group-C71ED06640E5->55507c8a-594d-4e25-909f-8d2832294c55-AppendLogResponseHandler: Failed appendEntries: org.apache.ratis.thirdparty.io.grpc.StatusRuntimeException: UNAVAILABLE: io exception
2023-10-27 20:14:14,659 [grpc-default-executor-4] WARN  server.GrpcLogAppender (GrpcLogAppender.java:resetClient(128)) - fe9b02b7-73ff-430f-9d75-1483ab7beb41@group-C71ED06640E5->55507c8a-594d-4e25-909f-8d2832294c55-GrpcLogAppender: Follower failed when matchIndex == 0,  keep nextIndex (1) unchanged and retry.
2023-10-27 20:14:14,661 [grpc-default-executor-3] WARN  server.GrpcLogAppender (GrpcLogAppender.java:resetClient(128)) - fe9b02b7-73ff-430f-9d75-1483ab7beb41@group-C71ED06640E5->55507c8a-594d-4e25-909f-8d2832294c55-GrpcLogAppender: Follower failed when matchIndex == 0,  keep nextIndex (1) unchanged and retry.
2023-10-27 20:14:14,663 [grpc-default-executor-3] WARN  server.GrpcLogAppender (LogUtils.java:warn(122)) - fe9b02b7-73ff-430f-9d75-1483ab7beb41@group-C71ED06640E5->55507c8a-594d-4e25-909f-8d2832294c55-AppendLogResponseHandler: Failed appendEntries: org.apache.ratis.thirdparty.io.grpc.StatusRuntimeException: UNAVAILABLE: io exception
2023-10-27 20:14:14,664 [grpc-default-executor-4] WARN  server.GrpcLogAppender (LogUtils.java:warn(122)) - fe9b02b7-73ff-430f-9d75-1483ab7beb41@group-C71ED06640E5->55507c8a-594d-4e25-909f-8d2832294c55-AppendLogResponseHandler: Failed appendEntries: org.apache.ratis.thirdparty.io.grpc.StatusRuntimeException: UNAVAILABLE: io exception
2023-10-27 20:14:14,667 [grpc-default-executor-3] WARN  server.GrpcLogAppender (GrpcLogAppender.java:resetClient(128)) - fe9b02b7-73ff-430f-9d75-1483ab7beb41@group-C71ED06640E5->55507c8a-594d-4e25-909f-8d2832294c55-GrpcLogAppender: Follower failed when matchIndex == 0,  keep nextIndex (1) unchanged and retry.
2023-10-27 20:14:14,670 [grpc-default-executor-4] WARN  server.GrpcLogAppender (GrpcLogAppender.java:resetClient(128)) - fe9b02b7-73ff-430f-9d75-1483ab7beb41@group-C71ED06640E5->55507c8a-594d-4e25-909f-8d2832294c55-GrpcLogAppender: Follower failed when matchIndex == 0,  keep nextIndex (1) unchanged and retry.
2023-10-27 20:14:14,673 [grpc-default-executor-4] WARN  server.GrpcLogAppender (LogUtils.java:warn(122)) - fe9b02b7-73ff-430f-9d75-1483ab7beb41@group-C71ED06640E5->55507c8a-594d-4e25-909f-8d2832294c55-AppendLogResponseHandler: Failed appendEntries: org.apache.ratis.thirdparty.io.grpc.StatusRuntimeException: UNAVAILABLE: io exception
2023-10-27 20:14:14,673 [grpc-default-executor-3] WARN  server.GrpcLogAppender (LogUtils.java:warn(122)) - fe9b02b7-73ff-430f-9d75-1483ab7beb41@group-C71ED06640E5->55507c8a-594d-4e25-909f-8d2832294c55-AppendLogResponseHandler: Failed appendEntries: org.apache.ratis.thirdparty.io.grpc.StatusRuntimeException: UNAVAILABLE: io exception
2023-10-27 20:14:14,700 [grpc-default-executor-4] WARN  server.GrpcLogAppender (GrpcLogAppender.java:resetClient(128)) - fe9b02b7-73ff-430f-9d75-1483ab7beb41@group-C71ED06640E5->55507c8a-594d-4e25-909f-8d2832294c55-GrpcLogAppender: Follower failed when matchIndex == 0,  keep nextIndex (1) unchanged and retry.
2023-10-27 20:14:14,702 [grpc-default-executor-3] WARN  server.GrpcLogAppender (GrpcLogAppender.java:resetClient(128)) - fe9b02b7-73ff-430f-9d75-1483ab7beb41@group-C71ED06640E5->55507c8a-594d-4e25-909f-8d2832294c55-GrpcLogAppender: Follower failed when matchIndex == 0,  keep nextIndex (1) unchanged and retry.
2023-10-27 20:14:15,944 [grpc-default-executor-3] WARN  server.GrpcLogAppender (LogUtils.java:warn(122)) - fe9b02b7-73ff-430f-9d75-1483ab7beb41@group-C71ED06640E5->55507c8a-594d-4e25-909f-8d2832294c55-AppendLogResponseHandler: Failed appendEntries: org.apache.ratis.thirdparty.io.grpc.StatusRuntimeException: UNAVAILABLE: io exception
2023-10-27 20:14:15,944 [EventQueue-StaleNodeForStaleNodeHandler] INFO  node.StaleNodeHandler (StaleNodeHandler.java:onMessage(58)) - Datanode 55507c8a-594d-4e25-909f-8d2832294c55(fv-az342-943/10.1.0.32) moved to stale state. Finalizing its pipelines [PipelineID=08044757-d872-40bb-bc32-209684792ee2, PipelineID=510d7b00-c41e-4671-853b-51e20a2316d2, PipelineID=9165e2d6-b074-416d-b0ca-f9ef9ef7ab14, PipelineID=ef4fc66b-b8f7-4bea-8eaa-c71ed06640e5]
2023-10-27 20:14:15,945 [grpc-default-executor-3] WARN  server.GrpcLogAppender (GrpcLogAppender.java:resetClient(128)) - fe9b02b7-73ff-430f-9d75-1483ab7beb41@group-C71ED06640E5->55507c8a-594d-4e25-909f-8d2832294c55-GrpcLogAppender: Follower failed when matchIndex == 0,  keep nextIndex (1) unchanged and retry.
2023-10-27 20:14:15,945 [grpc-default-executor-4] WARN  server.GrpcLogAppender (LogUtils.java:warn(122)) - fe9b02b7-73ff-430f-9d75-1483ab7beb41@group-C71ED06640E5->55507c8a-594d-4e25-909f-8d2832294c55-AppendLogResponseHandler: Failed appendEntries: org.apache.ratis.thirdparty.io.grpc.StatusRuntimeException: UNAVAILABLE: io exception
2023-10-27 20:14:15,945 [grpc-default-executor-4] WARN  server.GrpcLogAppender (GrpcLogAppender.java:resetClient(128)) - fe9b02b7-73ff-430f-9d75-1483ab7beb41@group-C71ED06640E5->55507c8a-594d-4e25-909f-8d2832294c55-GrpcLogAppender: Follower failed when matchIndex == 0,  keep nextIndex (1) unchanged and retry.
2023-10-27 20:14:15,962 [EventQueue-StaleNodeForStaleNodeHandler] INFO  pipeline.PipelineManagerImpl (PipelineManagerImpl.java:closeContainersForPipeline(484)) - Container #1 closed for pipeline=PipelineID=08044757-d872-40bb-bc32-209684792ee2
2023-10-27 20:14:15,963 [EventQueue-StaleNodeForStaleNodeHandler] INFO  pipeline.PipelineManagerImpl (PipelineManagerImpl.java:closePipeline(510)) - Pipeline Pipeline[ Id: 08044757-d872-40bb-bc32-209684792ee2, Nodes: 55507c8a-594d-4e25-909f-8d2832294c55(fv-az342-943/10.1.0.32)f612f2cf-90dc-41dc-bf39-cf028d38c484(fv-az342-943/10.1.0.32)fe9b02b7-73ff-430f-9d75-1483ab7beb41(fv-az342-943/10.1.0.32)3fb99649-c87f-4cc9-b3d9-f5c572ff189c(fv-az342-943/10.1.0.32)5b9beb6f-d596-489f-8a17-e362b772df82(fv-az342-943/10.1.0.32), ReplicationConfig: EC{rs-3-2-1024k}, State:OPEN, leaderId:, CreationTimestamp2023-10-27T20:14:11.535Z[Etc/UTC]] moved to CLOSED state
2023-10-27 20:14:15,964 [EventQueue-StaleNodeForStaleNodeHandler] INFO  pipeline.PipelineManagerImpl (PipelineManagerImpl.java:closePipeline(510)) - Pipeline Pipeline[ Id: 510d7b00-c41e-4671-853b-51e20a2316d2, Nodes: fe9b02b7-73ff-430f-9d75-1483ab7beb41(fv-az342-943/10.1.0.32)55507c8a-594d-4e25-909f-8d2832294c55(fv-az342-943/10.1.0.32)f612f2cf-90dc-41dc-bf39-cf028d38c484(fv-az342-943/10.1.0.32), ReplicationConfig: RATIS/THREE, State:OPEN, leaderId:55507c8a-594d-4e25-909f-8d2832294c55, CreationTimestamp2023-10-27T20:14:02.819Z[Etc/UTC]] moved to CLOSED state
2023-10-27 20:14:15,965 [EventQueue-StaleNodeForStaleNodeHandler] INFO  pipeline.PipelineManagerImpl (PipelineManagerImpl.java:closePipeline(510)) - Pipeline Pipeline[ Id: 9165e2d6-b074-416d-b0ca-f9ef9ef7ab14, Nodes: 55507c8a-594d-4e25-909f-8d2832294c55(fv-az342-943/10.1.0.32), ReplicationConfig: RATIS/ONE, State:OPEN, leaderId:55507c8a-594d-4e25-909f-8d2832294c55, CreationTimestamp2023-10-27T20:14:02.814Z[Etc/UTC]] moved to CLOSED state
2023-10-27 20:14:15,966 [main] INFO  utils.DatanodeStoreCache (DatanodeStoreCache.java:shutdownCache(110)) - Skip clearing cache in mini cluster mode. Entries left: [/home/runner/work/ozone/ozone/hadoop-ozone/integration-test/target/test-dir/MiniOzoneClusterImpl-60426a9d-3de2-4373-b08b-24a22c9da129/datanode-0/data-0/containers/hdds/60426a9d-3de2-4373-b08b-24a22c9da129/DS-1e54ca95-763e-4195-9d86-7d78ae89555c/container.db, /home/runner/work/ozone/ozone/hadoop-ozone/integration-test/target/test-dir/MiniOzoneClusterImpl-60426a9d-3de2-4373-b08b-24a22c9da129/datanode-1/data-0/containers/hdds/60426a9d-3de2-4373-b08b-24a22c9da129/DS-19ef2fe5-b87b-4790-9d20-bdb6974d6ea0/container.db, /home/runner/work/ozone/ozone/hadoop-ozone/integration-test/target/test-dir/MiniOzoneClusterImpl-60426a9d-3de2-4373-b08b-24a22c9da129/datanode-2/data-0/containers/hdds/60426a9d-3de2-4373-b08b-24a22c9da129/DS-37fa1772-ccda-4154-a0e6-a2735a84fb2b/container.db, /home/runner/work/ozone/ozone/hadoop-ozone/integration-test/target/test-dir/MiniOzoneClusterImpl-60426a9d-3de2-4373-b08b-24a22c9da129/datanode-3/data-0/containers/hdds/60426a9d-3de2-4373-b08b-24a22c9da129/DS-81f03ff3-e9cf-4506-8d54-b6204db8c262/container.db, /home/runner/work/ozone/ozone/hadoop-ozone/integration-test/target/test-dir/MiniOzoneClusterImpl-60426a9d-3de2-4373-b08b-24a22c9da129/datanode-4/data-0/containers/hdds/60426a9d-3de2-4373-b08b-24a22c9da129/DS-521be8bb-7465-4f70-8b24-901bb749fe45/container.db, /home/runner/work/ozone/ozone/hadoop-ozone/integration-test/target/test-dir/MiniOzoneClusterImpl-60426a9d-3de2-4373-b08b-24a22c9da129/datanode-5/data-0/containers/hdds/60426a9d-3de2-4373-b08b-24a22c9da129/DS-ee994c54-1506-4550-8ac0-c092e823467b/container.db, /home/runner/work/ozone/ozone/hadoop-ozone/integration-test/target/test-dir/MiniOzoneClusterImpl-60426a9d-3de2-4373-b08b-24a22c9da129/datanode-6/data-0/containers/hdds/60426a9d-3de2-4373-b08b-24a22c9da129/DS-420f9bf7-33ab-4d37-bbd2-317c210bc18d/container.db, /home/runner/work/ozone/ozone/hadoop-ozone/integration-test/target/test-dir/MiniOzoneClusterImpl-60426a9d-3de2-4373-b08b-24a22c9da129/datanode-7/data-0/containers/hdds/60426a9d-3de2-4373-b08b-24a22c9da129/DS-78e68d47-7cf6-44b5-a27e-c3d762a2a4de/container.db, /home/runner/work/ozone/ozone/hadoop-ozone/integration-test/target/test-dir/MiniOzoneClusterImpl-60426a9d-3de2-4373-b08b-24a22c9da129/datanode-8/data-0/containers/hdds/60426a9d-3de2-4373-b08b-24a22c9da129/DS-9dfc42b9-c6c6-4407-a289-72bc626c6284/container.db, /home/runner/work/ozone/ozone/hadoop-ozone/integration-test/target/test-dir/MiniOzoneClusterImpl-60426a9d-3de2-4373-b08b-24a22c9da129/datanode-9/data-0/containers/hdds/60426a9d-3de2-4373-b08b-24a22c9da129/DS-fb8c5c59-6de2-427a-b6a7-3b47ccf53053/container.db]
2023-10-27 20:14:15,967 [EventQueue-CloseContainerForCloseContainerEventHandler] INFO  container.CloseContainerEventHandler (CloseContainerEventHandler.java:onMessage(88)) - Close container Event triggered for container : #1, current state: CLOSING
2023-10-27 20:14:15,967 [EventQueue-StaleNodeForStaleNodeHandler] INFO  pipeline.PipelineManagerImpl (PipelineManagerImpl.java:closePipeline(510)) - Pipeline Pipeline[ Id: ef4fc66b-b8f7-4bea-8eaa-c71ed06640e5, Nodes: 55507c8a-594d-4e25-909f-8d2832294c55(fv-az342-943/10.1.0.32)fe9b02b7-73ff-430f-9d75-1483ab7beb41(fv-az342-943/10.1.0.32)f612f2cf-90dc-41dc-bf39-cf028d38c484(fv-az342-943/10.1.0.32), ReplicationConfig: RATIS/THREE, State:OPEN, leaderId:fe9b02b7-73ff-430f-9d75-1483ab7beb41, CreationTimestamp2023-10-27T20:14:02.816Z[Etc/UTC]] moved to CLOSED state
2023-10-27 20:14:15,979 [main] INFO  utils.DatanodeStoreCache (DatanodeStoreCache.java:removeDB(104)) - Removed db /home/runner/work/ozone/ozone/hadoop-ozone/integration-test/target/test-dir/MiniOzoneClusterImpl-60426a9d-3de2-4373-b08b-24a22c9da129/datanode-8/data-0/containers/hdds/60426a9d-3de2-4373-b08b-24a22c9da129/DS-9dfc42b9-c6c6-4407-a289-72bc626c6284/container.db from cache
2023-10-27 20:14:15,980 [main] INFO  volume.HddsVolume (HddsVolume.java:closeDbStore(453)) - SchemaV3 db is stopped at /home/runner/work/ozone/ozone/hadoop-ozone/integration-test/target/test-dir/MiniOzoneClusterImpl-60426a9d-3de2-4373-b08b-24a22c9da129/datanode-8/data-0/containers/hdds/60426a9d-3de2-4373-b08b-24a22c9da129/DS-9dfc42b9-c6c6-4407-a289-72bc626c6284/container.db for volume DS-9dfc42b9-c6c6-4407-a289-72bc626c6284
2023-10-27 20:14:15,981 [main] INFO  utils.BackgroundService (BackgroundService.java:shutdown(160)) - Shutting down service BlockDeletingService
2023-10-27 20:14:15,982 [main] INFO  utils.BackgroundService (BackgroundService.java:shutdown(160)) - Shutting down service StaleRecoveringContainerScrubbingService
2023-10-27 20:14:15,986 [main] INFO  statemachine.DatanodeStateMachine (DatanodeStateMachine.java:stopDaemon(638)) - Ozone container server stopped.
2023-10-27 20:14:15,994 [main] INFO  handler.ContextHandler (ContextHandler.java:doStop(1159)) - Stopped o.e.j.w.WebAppContext@7e29471f{hddsDatanode,/,null,STOPPED}{jar:file:/home/runner/.m2/repository/org/apache/ozone/hdds-container-service/1.4.0-SNAPSHOT/hdds-container-service-1.4.0-SNAPSHOT.jar!/webapps/hddsDatanode}
2023-10-27 20:14:15,999 [main] INFO  server.AbstractConnector (AbstractConnector.java:doStop(383)) - Stopped ServerConnector@3f1f6171{HTTP/1.1, (http/1.1)}{0.0.0.0:15081}
2023-10-27 20:14:16,000 [main] INFO  server.session (HouseKeeper.java:stopScavenging(149)) - node0 Stopped scavenging
2023-10-27 20:14:16,003 [main] INFO  handler.ContextHandler (ContextHandler.java:doStop(1159)) - Stopped o.e.j.s.ServletContextHandler@3a0b0e06{static,/static,jar:file:/home/runner/.m2/repository/org/apache/ozone/hdds-container-service/1.4.0-SNAPSHOT/hdds-container-service-1.4.0-SNAPSHOT.jar!/webapps/static,STOPPED}
2023-10-27 20:14:16,004 [main] INFO  handler.ContextHandler (ContextHandler.java:doStop(1159)) - Stopped o.e.j.s.ServletContextHandler@4186bce2{logs,/logs,file:///home/runner/work/ozone/ozone/hadoop-ozone/integration-test/target/log,STOPPED}
2023-10-27 20:14:16,008 [main] INFO  ozone.HddsDatanodeClientProtocolServer (HddsDatanodeClientProtocolServer.java:stop(78)) - Stopping the RPC server for Client Protocol
2023-10-27 20:14:16,008 [main] INFO  ipc.Server (Server.java:stop(3523)) - Stopping server on 15082
2023-10-27 20:14:16,011 [IPC Server listener on 15082] INFO  ipc.Server (Server.java:run(1434)) - Stopping IPC Server listener on 15082
2023-10-27 20:14:16,013 [IPC Server Responder] INFO  ipc.Server (Server.java:run(1567)) - Stopping IPC Server Responder
2023-10-27 20:14:17,195 [grpc-default-executor-4] WARN  server.GrpcLogAppender (LogUtils.java:warn(122)) - fe9b02b7-73ff-430f-9d75-1483ab7beb41@group-C71ED06640E5->55507c8a-594d-4e25-909f-8d2832294c55-AppendLogResponseHandler: Failed appendEntries: org.apache.ratis.thirdparty.io.grpc.StatusRuntimeException: UNAVAILABLE: io exception
2023-10-27 20:14:17,196 [grpc-default-executor-4] WARN  server.GrpcLogAppender (GrpcLogAppender.java:resetClient(128)) - fe9b02b7-73ff-430f-9d75-1483ab7beb41@group-C71ED06640E5->55507c8a-594d-4e25-909f-8d2832294c55-GrpcLogAppender: Follower failed when matchIndex == 0,  keep nextIndex (1) unchanged and retry.
2023-10-27 20:14:17,196 [grpc-default-executor-3] WARN  server.GrpcLogAppender (LogUtils.java:warn(122)) - fe9b02b7-73ff-430f-9d75-1483ab7beb41@group-C71ED06640E5->55507c8a-594d-4e25-909f-8d2832294c55-AppendLogResponseHandler: Failed appendEntries: org.apache.ratis.thirdparty.io.grpc.StatusRuntimeException: UNAVAILABLE: io exception
2023-10-27 20:14:17,196 [grpc-default-executor-3] WARN  server.GrpcLogAppender (GrpcLogAppender.java:resetClient(128)) - fe9b02b7-73ff-430f-9d75-1483ab7beb41@group-C71ED06640E5->55507c8a-594d-4e25-909f-8d2832294c55-GrpcLogAppender: Follower failed when matchIndex == 0,  keep nextIndex (1) unchanged and retry.
2023-10-27 20:14:18,217 [ReplicationMonitor] INFO  replication.ReplicationManager (ReplicationManager.java:sendDatanodeCommand(674)) - Sending command [closeContainerCommand: containerID: 1, pipelineID: PipelineID=08044757-d872-40bb-bc32-209684792ee2, force: true] for container ContainerInfo{id=#1, state=CLOSING, stateEnterTime=2023-10-27T20:14:15.949Z, pipelineID=PipelineID=08044757-d872-40bb-bc32-209684792ee2, owner=omServiceIdDefault} to 5b9beb6f-d596-489f-8a17-e362b772df82(fv-az342-943/10.1.0.32) with datanode deadline 1698438228217 and scm deadline 1698438258217
2023-10-27 20:14:18,217 [ReplicationMonitor] INFO  replication.ReplicationManager (ReplicationManager.java:sendDatanodeCommand(674)) - Sending command [closeContainerCommand: containerID: 1, pipelineID: PipelineID=08044757-d872-40bb-bc32-209684792ee2, force: true] for container ContainerInfo{id=#1, state=CLOSING, stateEnterTime=2023-10-27T20:14:15.949Z, pipelineID=PipelineID=08044757-d872-40bb-bc32-209684792ee2, owner=omServiceIdDefault} to 3fb99649-c87f-4cc9-b3d9-f5c572ff189c(fv-az342-943/10.1.0.32) with datanode deadline 1698438228217 and scm deadline 1698438258217
2023-10-27 20:14:18,217 [ReplicationMonitor] INFO  replication.ReplicationManager (ReplicationManager.java:sendDatanodeCommand(674)) - Sending command [closeContainerCommand: containerID: 1, pipelineID: PipelineID=08044757-d872-40bb-bc32-209684792ee2, force: true] for container ContainerInfo{id=#1, state=CLOSING, stateEnterTime=2023-10-27T20:14:15.949Z, pipelineID=PipelineID=08044757-d872-40bb-bc32-209684792ee2, owner=omServiceIdDefault} to 55507c8a-594d-4e25-909f-8d2832294c55(fv-az342-943/10.1.0.32) with datanode deadline 1698438228217 and scm deadline 1698438258217
2023-10-27 20:14:18,218 [ReplicationMonitor] INFO  replication.ReplicationManager (ReplicationManager.java:sendDatanodeCommand(674)) - Sending command [closeContainerCommand: containerID: 1, pipelineID: PipelineID=08044757-d872-40bb-bc32-209684792ee2, force: true] for container ContainerInfo{id=#1, state=CLOSING, stateEnterTime=2023-10-27T20:14:15.949Z, pipelineID=PipelineID=08044757-d872-40bb-bc32-209684792ee2, owner=omServiceIdDefault} to f612f2cf-90dc-41dc-bf39-cf028d38c484(fv-az342-943/10.1.0.32) with datanode deadline 1698438228217 and scm deadline 1698438258217
2023-10-27 20:14:18,218 [ReplicationMonitor] INFO  replication.ReplicationManager (ReplicationManager.java:sendDatanodeCommand(674)) - Sending command [closeContainerCommand: containerID: 1, pipelineID: PipelineID=08044757-d872-40bb-bc32-209684792ee2, force: true] for container ContainerInfo{id=#1, state=CLOSING, stateEnterTime=2023-10-27T20:14:15.949Z, pipelineID=PipelineID=08044757-d872-40bb-bc32-209684792ee2, owner=omServiceIdDefault} to fe9b02b7-73ff-430f-9d75-1483ab7beb41(fv-az342-943/10.1.0.32) with datanode deadline 1698438228218 and scm deadline 1698438258218
2023-10-27 20:14:18,219 [ReplicationMonitor] INFO  replication.ReplicationManager (ReplicationManager.java:processAll(394)) - Replication Monitor Thread took 5 milliseconds for processing 1 containers.
2023-10-27 20:14:18,446 [grpc-default-executor-3] WARN  server.GrpcLogAppender (LogUtils.java:warn(122)) - fe9b02b7-73ff-430f-9d75-1483ab7beb41@group-C71ED06640E5->55507c8a-594d-4e25-909f-8d2832294c55-AppendLogResponseHandler: Failed appendEntries: org.apache.ratis.thirdparty.io.grpc.StatusRuntimeException: UNAVAILABLE: io exception
2023-10-27 20:14:18,448 [grpc-default-executor-3] WARN  server.GrpcLogAppender (GrpcLogAppender.java:resetClient(128)) - fe9b02b7-73ff-430f-9d75-1483ab7beb41@group-C71ED06640E5->55507c8a-594d-4e25-909f-8d2832294c55-GrpcLogAppender: Follower failed when matchIndex == 0,  keep nextIndex (1) unchanged and retry.
2023-10-27 20:14:18,446 [grpc-default-executor-4] WARN  server.GrpcLogAppender (LogUtils.java:warn(122)) - fe9b02b7-73ff-430f-9d75-1483ab7beb41@group-C71ED06640E5->55507c8a-594d-4e25-909f-8d2832294c55-AppendLogResponseHandler: Failed appendEntries: org.apache.ratis.thirdparty.io.grpc.StatusRuntimeException: UNAVAILABLE: io exception
2023-10-27 20:14:18,452 [grpc-default-executor-4] WARN  server.GrpcLogAppender (GrpcLogAppender.java:resetClient(128)) - fe9b02b7-73ff-430f-9d75-1483ab7beb41@group-C71ED06640E5->55507c8a-594d-4e25-909f-8d2832294c55-GrpcLogAppender: Follower failed when matchIndex == 0,  keep nextIndex (1) unchanged and retry.
2023-10-27 20:14:18,951 [EventQueue-DeadNodeForDeadNodeHandler] INFO  node.DeadNodeHandler (DeadNodeHandler.java:onMessage(82)) - A dead datanode is detected. 55507c8a-594d-4e25-909f-8d2832294c55(fv-az342-943/10.1.0.32)
2023-10-27 20:14:18,954 [EventQueue-DeadNodeForDeadNodeHandler] INFO  pipeline.PipelineManagerImpl (PipelineManagerImpl.java:removePipeline(459)) - Pipeline Pipeline[ Id: 08044757-d872-40bb-bc32-209684792ee2, Nodes: 55507c8a-594d-4e25-909f-8d2832294c55(fv-az342-943/10.1.0.32)f612f2cf-90dc-41dc-bf39-cf028d38c484(fv-az342-943/10.1.0.32)fe9b02b7-73ff-430f-9d75-1483ab7beb41(fv-az342-943/10.1.0.32)3fb99649-c87f-4cc9-b3d9-f5c572ff189c(fv-az342-943/10.1.0.32)5b9beb6f-d596-489f-8a17-e362b772df82(fv-az342-943/10.1.0.32), ReplicationConfig: EC{rs-3-2-1024k}, State:CLOSED, leaderId:, CreationTimestamp2023-10-27T20:14:11.535Z[Etc/UTC]] removed.
2023-10-27 20:14:18,954 [EventQueue-DeadNodeForDeadNodeHandler] INFO  pipeline.RatisPipelineProvider (RatisPipelineProvider.java:lambda$close$4(272)) - Send pipeline:PipelineID=510d7b00-c41e-4671-853b-51e20a2316d2 close command to datanode fe9b02b7-73ff-430f-9d75-1483ab7beb41
2023-10-27 20:14:18,955 [EventQueue-DeadNodeForDeadNodeHandler] INFO  pipeline.RatisPipelineProvider (RatisPipelineProvider.java:lambda$close$4(272)) - Send pipeline:PipelineID=510d7b00-c41e-4671-853b-51e20a2316d2 close command to datanode 55507c8a-594d-4e25-909f-8d2832294c55
2023-10-27 20:14:18,955 [EventQueue-DeadNodeForDeadNodeHandler] INFO  pipeline.RatisPipelineProvider (RatisPipelineProvider.java:lambda$close$4(272)) - Send pipeline:PipelineID=510d7b00-c41e-4671-853b-51e20a2316d2 close command to datanode f612f2cf-90dc-41dc-bf39-cf028d38c484
2023-10-27 20:14:18,955 [EventQueue-DeadNodeForDeadNodeHandler] INFO  pipeline.PipelineManagerImpl (PipelineManagerImpl.java:removePipeline(459)) - Pipeline Pipeline[ Id: 510d7b00-c41e-4671-853b-51e20a2316d2, Nodes: fe9b02b7-73ff-430f-9d75-1483ab7beb41(fv-az342-943/10.1.0.32)55507c8a-594d-4e25-909f-8d2832294c55(fv-az342-943/10.1.0.32)f612f2cf-90dc-41dc-bf39-cf028d38c484(fv-az342-943/10.1.0.32), ReplicationConfig: RATIS/THREE, State:CLOSED, leaderId:55507c8a-594d-4e25-909f-8d2832294c55, CreationTimestamp2023-10-27T20:14:02.819Z[Etc/UTC]] removed.
2023-10-27 20:14:18,955 [EventQueue-DeadNodeForDeadNodeHandler] INFO  pipeline.RatisPipelineProvider (RatisPipelineProvider.java:lambda$close$4(272)) - Send pipeline:PipelineID=9165e2d6-b074-416d-b0ca-f9ef9ef7ab14 close command to datanode 55507c8a-594d-4e25-909f-8d2832294c55
2023-10-27 20:14:18,956 [EventQueue-DeadNodeForDeadNodeHandler] INFO  pipeline.PipelineManagerImpl (PipelineManagerImpl.java:removePipeline(459)) - Pipeline Pipeline[ Id: 9165e2d6-b074-416d-b0ca-f9ef9ef7ab14, Nodes: 55507c8a-594d-4e25-909f-8d2832294c55(fv-az342-943/10.1.0.32), ReplicationConfig: RATIS/ONE, State:CLOSED, leaderId:55507c8a-594d-4e25-909f-8d2832294c55, CreationTimestamp2023-10-27T20:14:02.814Z[Etc/UTC]] removed.
2023-10-27 20:14:18,956 [EventQueue-DeadNodeForDeadNodeHandler] INFO  pipeline.RatisPipelineProvider (RatisPipelineProvider.java:lambda$close$4(272)) - Send pipeline:PipelineID=ef4fc66b-b8f7-4bea-8eaa-c71ed06640e5 close command to datanode 55507c8a-594d-4e25-909f-8d2832294c55
2023-10-27 20:14:18,956 [EventQueue-DeadNodeForDeadNodeHandler] INFO  pipeline.RatisPipelineProvider (RatisPipelineProvider.java:lambda$close$4(272)) - Send pipeline:PipelineID=ef4fc66b-b8f7-4bea-8eaa-c71ed06640e5 close command to datanode fe9b02b7-73ff-430f-9d75-1483ab7beb41
2023-10-27 20:14:18,957 [EventQueue-DeadNodeForDeadNodeHandler] INFO  pipeline.RatisPipelineProvider (RatisPipelineProvider.java:lambda$close$4(272)) - Send pipeline:PipelineID=ef4fc66b-b8f7-4bea-8eaa-c71ed06640e5 close command to datanode f612f2cf-90dc-41dc-bf39-cf028d38c484
2023-10-27 20:14:18,958 [EventQueue-DeadNodeForDeadNodeHandler] INFO  pipeline.PipelineManagerImpl (PipelineManagerImpl.java:removePipeline(459)) - Pipeline Pipeline[ Id: ef4fc66b-b8f7-4bea-8eaa-c71ed06640e5, Nodes: 55507c8a-594d-4e25-909f-8d2832294c55(fv-az342-943/10.1.0.32)fe9b02b7-73ff-430f-9d75-1483ab7beb41(fv-az342-943/10.1.0.32)f612f2cf-90dc-41dc-bf39-cf028d38c484(fv-az342-943/10.1.0.32), ReplicationConfig: RATIS/THREE, State:CLOSED, leaderId:fe9b02b7-73ff-430f-9d75-1483ab7beb41, CreationTimestamp2023-10-27T20:14:02.816Z[Etc/UTC]] removed.
2023-10-27 20:14:18,961 [EventQueue-DeadNodeForDeadNodeHandler] INFO  node.DeadNodeHandler (DeadNodeHandler.java:onMessage(95)) - Clearing command queue of size 5 for DN 55507c8a-594d-4e25-909f-8d2832294c55(fv-az342-943/10.1.0.32)
2023-10-27 20:14:18,961 [EventQueue-DeadNodeForDeadNodeHandler] INFO  net.NetworkTopologyImpl (NetworkTopologyImpl.java:remove(190)) - Removed a node: /default-rack/55507c8a-594d-4e25-909f-8d2832294c55
2023-10-27 20:14:19,697 [grpc-default-executor-4] WARN  server.GrpcLogAppender (LogUtils.java:warn(122)) - fe9b02b7-73ff-430f-9d75-1483ab7beb41@group-C71ED06640E5->55507c8a-594d-4e25-909f-8d2832294c55-AppendLogResponseHandler: Failed appendEntries: org.apache.ratis.thirdparty.io.grpc.StatusRuntimeException: UNAVAILABLE: io exception
2023-10-27 20:14:19,697 [grpc-default-executor-3] WARN  server.GrpcLogAppender (LogUtils.java:warn(122)) - fe9b02b7-73ff-430f-9d75-1483ab7beb41@group-C71ED06640E5->55507c8a-594d-4e25-909f-8d2832294c55-AppendLogResponseHandler: Failed appendEntries: org.apache.ratis.thirdparty.io.grpc.StatusRuntimeException: UNAVAILABLE: io exception
2023-10-27 20:14:19,698 [grpc-default-executor-4] WARN  server.GrpcLogAppender (GrpcLogAppender.java:resetClient(128)) - fe9b02b7-73ff-430f-9d75-1483ab7beb41@group-C71ED06640E5->55507c8a-594d-4e25-909f-8d2832294c55-GrpcLogAppender: Follower failed when matchIndex == 0,  keep nextIndex (1) unchanged and retry.
2023-10-27 20:14:19,698 [grpc-default-executor-3] WARN  server.GrpcLogAppender (GrpcLogAppender.java:resetClient(128)) - fe9b02b7-73ff-430f-9d75-1483ab7beb41@group-C71ED06640E5->55507c8a-594d-4e25-909f-8d2832294c55-GrpcLogAppender: Follower failed when matchIndex == 0,  keep nextIndex (1) unchanged and retry.
2023-10-27 20:14:19,935 [f612f2cf-90dc-41dc-bf39-cf028d38c484-PipelineCommandHandlerThread-0] INFO  server.RaftServer (RaftServerProxy.java:remove(109)) - f612f2cf-90dc-41dc-bf39-cf028d38c484: remove  FOLLOWER f612f2cf-90dc-41dc-bf39-cf028d38c484@group-51E20A2316D2:t1, leader=55507c8a-594d-4e25-909f-8d2832294c55, voted=55507c8a-594d-4e25-909f-8d2832294c55, raftlog=Memoized:f612f2cf-90dc-41dc-bf39-cf028d38c484@group-51E20A2316D2-SegmentedRaftLog:OPENED:c-1, conf=0: peers:[f612f2cf-90dc-41dc-bf39-cf028d38c484|rpc:10.1.0.32:15077|admin:10.1.0.32:15076|client:10.1.0.32:15075|dataStream:10.1.0.32:15078|priority:0|startupRole:FOLLOWER, 55507c8a-594d-4e25-909f-8d2832294c55|rpc:10.1.0.32:15086|admin:10.1.0.32:15085|client:10.1.0.32:15084|dataStream:10.1.0.32:15087|priority:1|startupRole:FOLLOWER, fe9b02b7-73ff-430f-9d75-1483ab7beb41|rpc:10.1.0.32:15068|admin:10.1.0.32:15067|client:10.1.0.32:15066|dataStream:10.1.0.32:15069|priority:0|startupRole:FOLLOWER]|listeners:[], old=null RUNNING
2023-10-27 20:14:19,938 [f612f2cf-90dc-41dc-bf39-cf028d38c484-PipelineCommandHandlerThread-0] INFO  server.RaftServer$Division (RaftServerImpl.java:lambda$close$4(466)) - f612f2cf-90dc-41dc-bf39-cf028d38c484@group-51E20A2316D2: shutdown
2023-10-27 20:14:19,945 [f612f2cf-90dc-41dc-bf39-cf028d38c484-PipelineCommandHandlerThread-0] INFO  util.JmxRegister (JmxRegister.java:unregister(73)) - Successfully un-registered JMX Bean with object name Ratis:service=RaftServer,group=group-51E20A2316D2,id=f612f2cf-90dc-41dc-bf39-cf028d38c484
2023-10-27 20:14:19,946 [f612f2cf-90dc-41dc-bf39-cf028d38c484-PipelineCommandHandlerThread-0] INFO  impl.RoleInfo (RoleInfo.java:shutdownFollowerState(110)) - f612f2cf-90dc-41dc-bf39-cf028d38c484: shutdown f612f2cf-90dc-41dc-bf39-cf028d38c484@group-51E20A2316D2-FollowerState
2023-10-27 20:14:19,946 [f612f2cf-90dc-41dc-bf39-cf028d38c484-PipelineCommandHandlerThread-0] INFO  impl.StateMachineUpdater (StateMachineUpdater.java:stopAndJoin(155)) - f612f2cf-90dc-41dc-bf39-cf028d38c484@group-51E20A2316D2-StateMachineUpdater: set stopIndex = -1
2023-10-27 20:14:19,946 [f612f2cf-90dc-41dc-bf39-cf028d38c484@group-51E20A2316D2-FollowerState] INFO  impl.FollowerState (FollowerState.java:run(152)) - f612f2cf-90dc-41dc-bf39-cf028d38c484@group-51E20A2316D2-FollowerState was interrupted
2023-10-27 20:14:19,946 [fe9b02b7-73ff-430f-9d75-1483ab7beb41-CloseContainerThread-1] INFO  keyvalue.KeyValueContainer (KeyValueContainer.java:flushAndSyncDB(522)) - Container 1 is synced with bcsId 0.
2023-10-27 20:14:19,946 [f612f2cf-90dc-41dc-bf39-cf028d38c484-PipelineCommandHandlerThread-0] INFO  server.RaftServer$Division (ServerState.java:close(472)) - f612f2cf-90dc-41dc-bf39-cf028d38c484@group-51E20A2316D2: closes. applyIndex: -1
2023-10-27 20:14:19,960 [fe9b02b7-73ff-430f-9d75-1483ab7beb41-CloseContainerThread-1] INFO  keyvalue.KeyValueContainer (KeyValueContainer.java:flushAndSyncDB(522)) - Container 1 is synced with bcsId 0.
2023-10-27 20:14:19,955 [3fb99649-c87f-4cc9-b3d9-f5c572ff189c-CloseContainerThread-0] INFO  keyvalue.KeyValueContainer (KeyValueContainer.java:flushAndSyncDB(522)) - Container 1 is synced with bcsId 0.
2023-10-27 20:14:19,961 [3fb99649-c87f-4cc9-b3d9-f5c572ff189c-CloseContainerThread-0] INFO  keyvalue.KeyValueContainer (KeyValueContainer.java:flushAndSyncDB(522)) - Container 1 is synced with bcsId 0.
2023-10-27 20:14:19,955 [f612f2cf-90dc-41dc-bf39-cf028d38c484-CloseContainerThread-0] INFO  keyvalue.KeyValueContainer (KeyValueContainer.java:flushAndSyncDB(522)) - Container 1 is synced with bcsId 0.
2023-10-27 20:14:19,961 [f612f2cf-90dc-41dc-bf39-cf028d38c484-CloseContainerThread-0] INFO  keyvalue.KeyValueContainer (KeyValueContainer.java:flushAndSyncDB(522)) - Container 1 is synced with bcsId 0.
2023-10-27 20:14:19,964 [f612f2cf-90dc-41dc-bf39-cf028d38c484-CloseContainerThread-0] INFO  keyvalue.KeyValueContainer (KeyValueContainer.java:close(437)) - Container 1 is closed with bcsId 0.
2023-10-27 20:14:19,972 [3fb99649-c87f-4cc9-b3d9-f5c572ff189c-CloseContainerThread-0] INFO  keyvalue.KeyValueContainer (KeyValueContainer.java:close(437)) - Container 1 is closed with bcsId 0.
2023-10-27 20:14:19,975 [FixedThreadPoolWithAffinityExecutor-9-0] INFO  container.IncrementalContainerReportHandler (AbstractContainerReportHandler.java:updateContainerState(312)) - Moving container #1 to CLOSED state, datanode 3fb99649-c87f-4cc9-b3d9-f5c572ff189c(fv-az342-943/10.1.0.32) reported CLOSED replica with index 4.
2023-10-27 20:14:19,975 [fe9b02b7-73ff-430f-9d75-1483ab7beb41-CloseContainerThread-1] INFO  keyvalue.KeyValueContainer (KeyValueContainer.java:close(437)) - Container 1 is closed with bcsId 0.
2023-10-27 20:14:19,977 [5b9beb6f-d596-489f-8a17-e362b772df82-CloseContainerThread-1] INFO  keyvalue.KeyValueContainer (KeyValueContainer.java:flushAndSyncDB(522)) - Container 1 is synced with bcsId 0.
2023-10-27 20:14:19,978 [5b9beb6f-d596-489f-8a17-e362b772df82-CloseContainerThread-1] INFO  keyvalue.KeyValueContainer (KeyValueContainer.java:flushAndSyncDB(522)) - Container 1 is synced with bcsId 0.
2023-10-27 20:14:19,985 [5b9beb6f-d596-489f-8a17-e362b772df82-CloseContainerThread-1] INFO  keyvalue.KeyValueContainer (KeyValueContainer.java:close(437)) - Container 1 is closed with bcsId 0.
2023-10-27 20:14:20,027 [main] INFO  replication.ReplicationManager (ReplicationManager.java:stop(323)) - Stopping Replication Monitor Thread.
2023-10-27 20:14:20,028 [ReplicationMonitor] INFO  replication.ReplicationManager (ReplicationManager.java:run(922)) - Replication Monitor Thread is stopped
2023-10-27 20:14:20,028 [UnderReplicatedProcessor] WARN  replication.UnhealthyReplicationProcessor (UnhealthyReplicationProcessor.java:run(180)) - UnderReplicatedProcessor interrupted. Exiting...
2023-10-27 20:14:20,028 [OverReplicatedProcessor] WARN  replication.UnhealthyReplicationProcessor (UnhealthyReplicationProcessor.java:run(180)) - OverReplicatedProcessor interrupted. Exiting...
2023-10-27 20:14:20,032 [main] INFO  replication.ReplicationManager (ReplicationManager.java:start(291)) - Starting Replication Monitor Thread.
2023-10-27 20:14:20,044 [ReplicationMonitor] INFO  replication.ReplicationManager (ReplicationManager.java:processAll(394)) - Replication Monitor Thread took 11 milliseconds for processing 1 containers.
2023-10-27 20:14:20,505 [f612f2cf-90dc-41dc-bf39-cf028d38c484-PipelineCommandHandlerThread-0] INFO  segmented.SegmentedRaftLogWorker (SegmentedRaftLogWorker.java:close(252)) - f612f2cf-90dc-41dc-bf39-cf028d38c484@group-51E20A2316D2-SegmentedRaftLogWorker close()
2023-10-27 20:14:20,513 [f612f2cf-90dc-41dc-bf39-cf028d38c484-PipelineCommandHandlerThread-0] INFO  server.RaftServer$Division (RaftServerImpl.java:groupRemove(436)) - f612f2cf-90dc-41dc-bf39-cf028d38c484@group-51E20A2316D2: Succeed to remove RaftStorageDirectory Storage Directory /home/runner/work/ozone/ozone/hadoop-ozone/integration-test/target/test-dir/MiniOzoneClusterImpl-60426a9d-3de2-4373-b08b-24a22c9da129/datanode-7/data/ratis/510d7b00-c41e-4671-853b-51e20a2316d2
2023-10-27 20:14:20,514 [f612f2cf-90dc-41dc-bf39-cf028d38c484-PipelineCommandHandlerThread-0] INFO  commandhandler.ClosePipelineCommandHandler (ClosePipelineCommandHandler.java:lambda$handle$0(87)) - Close Pipeline PipelineID=510d7b00-c41e-4671-853b-51e20a2316d2 command on datanode f612f2cf-90dc-41dc-bf39-cf028d38c484.
2023-10-27 20:14:20,514 [f612f2cf-90dc-41dc-bf39-cf028d38c484-PipelineCommandHandlerThread-0] INFO  server.RaftServer (RaftServerProxy.java:remove(109)) - f612f2cf-90dc-41dc-bf39-cf028d38c484: remove  FOLLOWER f612f2cf-90dc-41dc-bf39-cf028d38c484@group-C71ED06640E5:t1, leader=fe9b02b7-73ff-430f-9d75-1483ab7beb41, voted=fe9b02b7-73ff-430f-9d75-1483ab7beb41, raftlog=Memoized:f612f2cf-90dc-41dc-bf39-cf028d38c484@group-C71ED06640E5-SegmentedRaftLog:OPENED:c0, conf=0: peers:[f612f2cf-90dc-41dc-bf39-cf028d38c484|rpc:10.1.0.32:15077|admin:10.1.0.32:15076|client:10.1.0.32:15075|dataStream:10.1.0.32:15078|priority:0|startupRole:FOLLOWER, 55507c8a-594d-4e25-909f-8d2832294c55|rpc:10.1.0.32:15086|admin:10.1.0.32:15085|client:10.1.0.32:15084|dataStream:10.1.0.32:15087|priority:0|startupRole:FOLLOWER, fe9b02b7-73ff-430f-9d75-1483ab7beb41|rpc:10.1.0.32:15068|admin:10.1.0.32:15067|client:10.1.0.32:15066|dataStream:10.1.0.32:15069|priority:1|startupRole:FOLLOWER]|listeners:[], old=null RUNNING
2023-10-27 20:14:20,514 [f612f2cf-90dc-41dc-bf39-cf028d38c484-PipelineCommandHandlerThread-0] INFO  server.RaftServer$Division (RaftServerImpl.java:lambda$close$4(466)) - f612f2cf-90dc-41dc-bf39-cf028d38c484@group-C71ED06640E5: shutdown
2023-10-27 20:14:20,514 [f612f2cf-90dc-41dc-bf39-cf028d38c484-PipelineCommandHandlerThread-0] INFO  util.JmxRegister (JmxRegister.java:unregister(73)) - Successfully un-registered JMX Bean with object name Ratis:service=RaftServer,group=group-C71ED06640E5,id=f612f2cf-90dc-41dc-bf39-cf028d38c484
2023-10-27 20:14:20,515 [f612f2cf-90dc-41dc-bf39-cf028d38c484-PipelineCommandHandlerThread-0] INFO  impl.RoleInfo (RoleInfo.java:shutdownFollowerState(110)) - f612f2cf-90dc-41dc-bf39-cf028d38c484: shutdown f612f2cf-90dc-41dc-bf39-cf028d38c484@group-C71ED06640E5-FollowerState
2023-10-27 20:14:20,515 [f612f2cf-90dc-41dc-bf39-cf028d38c484@group-C71ED06640E5-FollowerState] INFO  impl.FollowerState (FollowerState.java:run(152)) - f612f2cf-90dc-41dc-bf39-cf028d38c484@group-C71ED06640E5-FollowerState was interrupted
2023-10-27 20:14:20,515 [f612f2cf-90dc-41dc-bf39-cf028d38c484-PipelineCommandHandlerThread-0] INFO  impl.StateMachineUpdater (StateMachineUpdater.java:stopAndJoin(155)) - f612f2cf-90dc-41dc-bf39-cf028d38c484@group-C71ED06640E5-StateMachineUpdater: set stopIndex = 0
2023-10-27 20:14:20,515 [f612f2cf-90dc-41dc-bf39-cf028d38c484@group-C71ED06640E5-StateMachineUpdater] INFO  ratis.ContainerStateMachine (ContainerStateMachine.java:takeSnapshot(337)) - group-C71ED06640E5: Taking a snapshot at:(t:1, i:0) file /home/runner/work/ozone/ozone/hadoop-ozone/integration-test/target/test-dir/MiniOzoneClusterImpl-60426a9d-3de2-4373-b08b-24a22c9da129/datanode-7/data/ratis/ef4fc66b-b8f7-4bea-8eaa-c71ed06640e5/sm/snapshot.1_0
2023-10-27 20:14:20,517 [f612f2cf-90dc-41dc-bf39-cf028d38c484@group-C71ED06640E5-StateMachineUpdater] INFO  ratis.ContainerStateMachine (ContainerStateMachine.java:takeSnapshot(348)) - group-C71ED06640E5: Finished taking a snapshot at:(t:1, i:0) file:/home/runner/work/ozone/ozone/hadoop-ozone/integration-test/target/test-dir/MiniOzoneClusterImpl-60426a9d-3de2-4373-b08b-24a22c9da129/datanode-7/data/ratis/ef4fc66b-b8f7-4bea-8eaa-c71ed06640e5/sm/snapshot.1_0 took: 1 ms
2023-10-27 20:14:20,517 [f612f2cf-90dc-41dc-bf39-cf028d38c484@group-C71ED06640E5-StateMachineUpdater] INFO  impl.StateMachineUpdater (StateMachineUpdater.java:takeSnapshot(291)) - f612f2cf-90dc-41dc-bf39-cf028d38c484@group-C71ED06640E5-StateMachineUpdater: Took a snapshot at index 0
2023-10-27 20:14:20,517 [f612f2cf-90dc-41dc-bf39-cf028d38c484@group-C71ED06640E5-StateMachineUpdater] INFO  impl.StateMachineUpdater (StateMachineUpdater.java:lambda$new$0(97)) - f612f2cf-90dc-41dc-bf39-cf028d38c484@group-C71ED06640E5-StateMachineUpdater: snapshotIndex: updateIncreasingly -1 -> 0
2023-10-27 20:14:20,518 [f612f2cf-90dc-41dc-bf39-cf028d38c484-PipelineCommandHandlerThread-0] INFO  server.RaftServer$Division (ServerState.java:close(472)) - f612f2cf-90dc-41dc-bf39-cf028d38c484@group-C71ED06640E5: closes. applyIndex: 0
2023-10-27 20:14:20,896 [f612f2cf-90dc-41dc-bf39-cf028d38c484-PipelineCommandHandlerThread-0] INFO  segmented.SegmentedRaftLogWorker (SegmentedRaftLogWorker.java:close(252)) - f612f2cf-90dc-41dc-bf39-cf028d38c484@group-C71ED06640E5-SegmentedRaftLogWorker close()
2023-10-27 20:14:20,903 [f612f2cf-90dc-41dc-bf39-cf028d38c484-PipelineCommandHandlerThread-0] INFO  server.RaftServer$Division (RaftServerImpl.java:groupRemove(436)) - f612f2cf-90dc-41dc-bf39-cf028d38c484@group-C71ED06640E5: Succeed to remove RaftStorageDirectory Storage Directory /home/runner/work/ozone/ozone/hadoop-ozone/integration-test/target/test-dir/MiniOzoneClusterImpl-60426a9d-3de2-4373-b08b-24a22c9da129/datanode-7/data/ratis/ef4fc66b-b8f7-4bea-8eaa-c71ed06640e5
2023-10-27 20:14:20,903 [f612f2cf-90dc-41dc-bf39-cf028d38c484-PipelineCommandHandlerThread-0] INFO  commandhandler.ClosePipelineCommandHandler (ClosePipelineCommandHandler.java:lambda$handle$0(87)) - Close Pipeline PipelineID=ef4fc66b-b8f7-4bea-8eaa-c71ed06640e5 command on datanode f612f2cf-90dc-41dc-bf39-cf028d38c484.
2023-10-27 20:14:20,947 [grpc-default-executor-3] WARN  server.GrpcLogAppender (LogUtils.java:warn(122)) - fe9b02b7-73ff-430f-9d75-1483ab7beb41@group-C71ED06640E5->55507c8a-594d-4e25-909f-8d2832294c55-AppendLogResponseHandler: Failed appendEntries: org.apache.ratis.thirdparty.io.grpc.StatusRuntimeException: UNAVAILABLE: io exception
2023-10-27 20:14:20,948 [grpc-default-executor-4] WARN  server.GrpcLogAppender (LogUtils.java:warn(122)) - fe9b02b7-73ff-430f-9d75-1483ab7beb41@group-C71ED06640E5->55507c8a-594d-4e25-909f-8d2832294c55-AppendLogResponseHandler: Failed appendEntries: org.apache.ratis.thirdparty.io.grpc.StatusRuntimeException: UNAVAILABLE: io exception
2023-10-27 20:14:20,952 [grpc-default-executor-3] WARN  server.GrpcLogAppender (GrpcLogAppender.java:resetClient(128)) - fe9b02b7-73ff-430f-9d75-1483ab7beb41@group-C71ED06640E5->55507c8a-594d-4e25-909f-8d2832294c55-GrpcLogAppender: Follower failed when matchIndex == 0,  keep nextIndex (1) unchanged and retry.
2023-10-27 20:14:20,953 [grpc-default-executor-4] WARN  server.GrpcLogAppender (GrpcLogAppender.java:resetClient(128)) - fe9b02b7-73ff-430f-9d75-1483ab7beb41@group-C71ED06640E5->55507c8a-594d-4e25-909f-8d2832294c55-GrpcLogAppender: Follower failed when matchIndex == 0,  keep nextIndex (1) unchanged and retry.
2023-10-27 20:14:21,904 [fe9b02b7-73ff-430f-9d75-1483ab7beb41-PipelineCommandHandlerThread-0] INFO  server.RaftServer (RaftServerProxy.java:remove(109)) - fe9b02b7-73ff-430f-9d75-1483ab7beb41: remove  FOLLOWER fe9b02b7-73ff-430f-9d75-1483ab7beb41@group-51E20A2316D2:t1, leader=55507c8a-594d-4e25-909f-8d2832294c55, voted=55507c8a-594d-4e25-909f-8d2832294c55, raftlog=Memoized:fe9b02b7-73ff-430f-9d75-1483ab7beb41@group-51E20A2316D2-SegmentedRaftLog:OPENED:c-1, conf=0: peers:[f612f2cf-90dc-41dc-bf39-cf028d38c484|rpc:10.1.0.32:15077|admin:10.1.0.32:15076|client:10.1.0.32:15075|dataStream:10.1.0.32:15078|priority:0|startupRole:FOLLOWER, 55507c8a-594d-4e25-909f-8d2832294c55|rpc:10.1.0.32:15086|admin:10.1.0.32:15085|client:10.1.0.32:15084|dataStream:10.1.0.32:15087|priority:1|startupRole:FOLLOWER, fe9b02b7-73ff-430f-9d75-1483ab7beb41|rpc:10.1.0.32:15068|admin:10.1.0.32:15067|client:10.1.0.32:15066|dataStream:10.1.0.32:15069|priority:0|startupRole:FOLLOWER]|listeners:[], old=null RUNNING
2023-10-27 20:14:21,904 [fe9b02b7-73ff-430f-9d75-1483ab7beb41-PipelineCommandHandlerThread-0] INFO  server.RaftServer$Division (RaftServerImpl.java:lambda$close$4(466)) - fe9b02b7-73ff-430f-9d75-1483ab7beb41@group-51E20A2316D2: shutdown
2023-10-27 20:14:21,905 [fe9b02b7-73ff-430f-9d75-1483ab7beb41-PipelineCommandHandlerThread-0] INFO  util.JmxRegister (JmxRegister.java:unregister(73)) - Successfully un-registered JMX Bean with object name Ratis:service=RaftServer,group=group-51E20A2316D2,id=fe9b02b7-73ff-430f-9d75-1483ab7beb41
2023-10-27 20:14:21,905 [fe9b02b7-73ff-430f-9d75-1483ab7beb41-PipelineCommandHandlerThread-0] INFO  impl.RoleInfo (RoleInfo.java:shutdownFollowerState(110)) - fe9b02b7-73ff-430f-9d75-1483ab7beb41: shutdown fe9b02b7-73ff-430f-9d75-1483ab7beb41@group-51E20A2316D2-FollowerState
2023-10-27 20:14:21,905 [fe9b02b7-73ff-430f-9d75-1483ab7beb41-PipelineCommandHandlerThread-0] INFO  impl.StateMachineUpdater (StateMachineUpdater.java:stopAndJoin(155)) - fe9b02b7-73ff-430f-9d75-1483ab7beb41@group-51E20A2316D2-StateMachineUpdater: set stopIndex = -1
2023-10-27 20:14:21,905 [fe9b02b7-73ff-430f-9d75-1483ab7beb41@group-51E20A2316D2-FollowerState] INFO  impl.FollowerState (FollowerState.java:run(152)) - fe9b02b7-73ff-430f-9d75-1483ab7beb41@group-51E20A2316D2-FollowerState was interrupted
2023-10-27 20:14:21,908 [fe9b02b7-73ff-430f-9d75-1483ab7beb41-PipelineCommandHandlerThread-0] INFO  server.RaftServer$Division (ServerState.java:close(472)) - fe9b02b7-73ff-430f-9d75-1483ab7beb41@group-51E20A2316D2: closes. applyIndex: -1
2023-10-27 20:14:22,199 [grpc-default-executor-4] WARN  server.GrpcLogAppender (LogUtils.java:warn(122)) - fe9b02b7-73ff-430f-9d75-1483ab7beb41@group-C71ED06640E5->55507c8a-594d-4e25-909f-8d2832294c55-AppendLogResponseHandler: Failed appendEntries: org.apache.ratis.thirdparty.io.grpc.StatusRuntimeException: UNAVAILABLE: io exception
2023-10-27 20:14:22,200 [grpc-default-executor-3] WARN  server.GrpcLogAppender (LogUtils.java:warn(122)) - fe9b02b7-73ff-430f-9d75-1483ab7beb41@group-C71ED06640E5->55507c8a-594d-4e25-909f-8d2832294c55-AppendLogResponseHandler: Failed appendEntries: org.apache.ratis.thirdparty.io.grpc.StatusRuntimeException: UNAVAILABLE: io exception
2023-10-27 20:14:22,202 [grpc-default-executor-4] WARN  server.GrpcLogAppender (GrpcLogAppender.java:resetClient(128)) - fe9b02b7-73ff-430f-9d75-1483ab7beb41@group-C71ED06640E5->55507c8a-594d-4e25-909f-8d2832294c55-GrpcLogAppender: Follower failed when matchIndex == 0,  keep nextIndex (1) unchanged and retry.
2023-10-27 20:14:22,203 [grpc-default-executor-3] WARN  server.GrpcLogAppender (GrpcLogAppender.java:resetClient(128)) - fe9b02b7-73ff-430f-9d75-1483ab7beb41@group-C71ED06640E5->55507c8a-594d-4e25-909f-8d2832294c55-GrpcLogAppender: Follower failed when matchIndex == 0,  keep nextIndex (1) unchanged and retry.
2023-10-27 20:14:22,510 [fe9b02b7-73ff-430f-9d75-1483ab7beb41-PipelineCommandHandlerThread-0] INFO  segmented.SegmentedRaftLogWorker (SegmentedRaftLogWorker.java:close(252)) - fe9b02b7-73ff-430f-9d75-1483ab7beb41@group-51E20A2316D2-SegmentedRaftLogWorker close()
2023-10-27 20:14:22,518 [fe9b02b7-73ff-430f-9d75-1483ab7beb41-PipelineCommandHandlerThread-0] INFO  server.RaftServer$Division (RaftServerImpl.java:groupRemove(436)) - fe9b02b7-73ff-430f-9d75-1483ab7beb41@group-51E20A2316D2: Succeed to remove RaftStorageDirectory Storage Directory /home/runner/work/ozone/ozone/hadoop-ozone/integration-test/target/test-dir/MiniOzoneClusterImpl-60426a9d-3de2-4373-b08b-24a22c9da129/datanode-6/data/ratis/510d7b00-c41e-4671-853b-51e20a2316d2
2023-10-27 20:14:22,518 [fe9b02b7-73ff-430f-9d75-1483ab7beb41-PipelineCommandHandlerThread-0] INFO  commandhandler.ClosePipelineCommandHandler (ClosePipelineCommandHandler.java:lambda$handle$0(87)) - Close Pipeline PipelineID=510d7b00-c41e-4671-853b-51e20a2316d2 command on datanode fe9b02b7-73ff-430f-9d75-1483ab7beb41.
2023-10-27 20:14:22,518 [fe9b02b7-73ff-430f-9d75-1483ab7beb41-PipelineCommandHandlerThread-0] INFO  server.RaftServer (RaftServerProxy.java:remove(109)) - fe9b02b7-73ff-430f-9d75-1483ab7beb41: remove    LEADER fe9b02b7-73ff-430f-9d75-1483ab7beb41@group-C71ED06640E5:t1, leader=fe9b02b7-73ff-430f-9d75-1483ab7beb41, voted=fe9b02b7-73ff-430f-9d75-1483ab7beb41, raftlog=Memoized:fe9b02b7-73ff-430f-9d75-1483ab7beb41@group-C71ED06640E5-SegmentedRaftLog:OPENED:c0, conf=0: peers:[f612f2cf-90dc-41dc-bf39-cf028d38c484|rpc:10.1.0.32:15077|admin:10.1.0.32:15076|client:10.1.0.32:15075|dataStream:10.1.0.32:15078|priority:0|startupRole:FOLLOWER, 55507c8a-594d-4e25-909f-8d2832294c55|rpc:10.1.0.32:15086|admin:10.1.0.32:15085|client:10.1.0.32:15084|dataStream:10.1.0.32:15087|priority:0|startupRole:FOLLOWER, fe9b02b7-73ff-430f-9d75-1483ab7beb41|rpc:10.1.0.32:15068|admin:10.1.0.32:15067|client:10.1.0.32:15066|dataStream:10.1.0.32:15069|priority:1|startupRole:FOLLOWER]|listeners:[], old=null RUNNING
2023-10-27 20:14:22,519 [fe9b02b7-73ff-430f-9d75-1483ab7beb41-PipelineCommandHandlerThread-0] INFO  server.RaftServer$Division (RaftServerImpl.java:lambda$close$4(466)) - fe9b02b7-73ff-430f-9d75-1483ab7beb41@group-C71ED06640E5: shutdown
2023-10-27 20:14:22,519 [fe9b02b7-73ff-430f-9d75-1483ab7beb41-PipelineCommandHandlerThread-0] INFO  util.JmxRegister (JmxRegister.java:unregister(73)) - Successfully un-registered JMX Bean with object name Ratis:service=RaftServer,group=group-C71ED06640E5,id=fe9b02b7-73ff-430f-9d75-1483ab7beb41
2023-10-27 20:14:22,519 [fe9b02b7-73ff-430f-9d75-1483ab7beb41-PipelineCommandHandlerThread-0] INFO  impl.RoleInfo (RoleInfo.java:shutdownLeaderState(93)) - fe9b02b7-73ff-430f-9d75-1483ab7beb41: shutdown fe9b02b7-73ff-430f-9d75-1483ab7beb41@group-C71ED06640E5-LeaderStateImpl
2023-10-27 20:14:22,519 [fe9b02b7-73ff-430f-9d75-1483ab7beb41@group-C71ED06640E5->f612f2cf-90dc-41dc-bf39-cf028d38c484-GrpcLogAppender-LogAppenderDaemon] WARN  server.GrpcLogAppender (GrpcLogAppender.java:mayWait(199)) - fe9b02b7-73ff-430f-9d75-1483ab7beb41@group-C71ED06640E5->f612f2cf-90dc-41dc-bf39-cf028d38c484-GrpcLogAppender: Wait interrupted by java.lang.InterruptedException
2023-10-27 20:14:22,520 [grpc-default-executor-3] INFO  server.GrpcServerProtocolService (GrpcServerProtocolService.java:onCompleted(155)) - f612f2cf-90dc-41dc-bf39-cf028d38c484: Completed APPEND_ENTRIES, lastRequest: null
2023-10-27 20:14:22,519 [fe9b02b7-73ff-430f-9d75-1483ab7beb41@group-C71ED06640E5->55507c8a-594d-4e25-909f-8d2832294c55-GrpcLogAppender-LogAppenderDaemon] WARN  server.GrpcLogAppender (GrpcLogAppender.java:mayWait(199)) - fe9b02b7-73ff-430f-9d75-1483ab7beb41@group-C71ED06640E5->55507c8a-594d-4e25-909f-8d2832294c55-GrpcLogAppender: Wait interrupted by java.lang.InterruptedException
2023-10-27 20:14:22,519 [fe9b02b7-73ff-430f-9d75-1483ab7beb41-PipelineCommandHandlerThread-0] INFO  impl.PendingRequests (PendingRequests.java:sendNotLeaderResponses(289)) - fe9b02b7-73ff-430f-9d75-1483ab7beb41@group-C71ED06640E5-PendingRequests: sendNotLeaderResponses
2023-10-27 20:14:22,522 [fe9b02b7-73ff-430f-9d75-1483ab7beb41-PipelineCommandHandlerThread-0] INFO  impl.StateMachineUpdater (StateMachineUpdater.java:stopAndJoin(155)) - fe9b02b7-73ff-430f-9d75-1483ab7beb41@group-C71ED06640E5-StateMachineUpdater: set stopIndex = 0
2023-10-27 20:14:22,522 [fe9b02b7-73ff-430f-9d75-1483ab7beb41@group-C71ED06640E5-StateMachineUpdater] INFO  ratis.ContainerStateMachine (ContainerStateMachine.java:takeSnapshot(337)) - group-C71ED06640E5: Taking a snapshot at:(t:1, i:0) file /home/runner/work/ozone/ozone/hadoop-ozone/integration-test/target/test-dir/MiniOzoneClusterImpl-60426a9d-3de2-4373-b08b-24a22c9da129/datanode-6/data/ratis/ef4fc66b-b8f7-4bea-8eaa-c71ed06640e5/sm/snapshot.1_0
2023-10-27 20:14:22,524 [fe9b02b7-73ff-430f-9d75-1483ab7beb41@group-C71ED06640E5-StateMachineUpdater] INFO  ratis.ContainerStateMachine (ContainerStateMachine.java:takeSnapshot(348)) - group-C71ED06640E5: Finished taking a snapshot at:(t:1, i:0) file:/home/runner/work/ozone/ozone/hadoop-ozone/integration-test/target/test-dir/MiniOzoneClusterImpl-60426a9d-3de2-4373-b08b-24a22c9da129/datanode-6/data/ratis/ef4fc66b-b8f7-4bea-8eaa-c71ed06640e5/sm/snapshot.1_0 took: 2 ms
2023-10-27 20:14:22,525 [fe9b02b7-73ff-430f-9d75-1483ab7beb41@group-C71ED06640E5-StateMachineUpdater] INFO  impl.StateMachineUpdater (StateMachineUpdater.java:takeSnapshot(291)) - fe9b02b7-73ff-430f-9d75-1483ab7beb41@group-C71ED06640E5-StateMachineUpdater: Took a snapshot at index 0
2023-10-27 20:14:22,525 [fe9b02b7-73ff-430f-9d75-1483ab7beb41@group-C71ED06640E5-StateMachineUpdater] INFO  impl.StateMachineUpdater (StateMachineUpdater.java:lambda$new$0(97)) - fe9b02b7-73ff-430f-9d75-1483ab7beb41@group-C71ED06640E5-StateMachineUpdater: snapshotIndex: updateIncreasingly -1 -> 0
2023-10-27 20:14:22,527 [fe9b02b7-73ff-430f-9d75-1483ab7beb41-PipelineCommandHandlerThread-0] INFO  server.RaftServer$Division (ServerState.java:close(472)) - fe9b02b7-73ff-430f-9d75-1483ab7beb41@group-C71ED06640E5: closes. applyIndex: 0
2023-10-27 20:14:22,529 [grpc-default-executor-4] INFO  server.GrpcServerProtocolService (GrpcServerProtocolService.java:onCompleted(155)) - f612f2cf-90dc-41dc-bf39-cf028d38c484: Completed APPEND_ENTRIES, lastRequest: fe9b02b7-73ff-430f-9d75-1483ab7beb41->f612f2cf-90dc-41dc-bf39-cf028d38c484#1-t1,previous=(t:0, i:0),leaderCommit=-1,initializing? true,entries: size=1, first=(t:1, i:0), CONFIGURATIONENTRY(current:id: "f612f2cf-90dc-41dc-bf39-cf028d38c484"
address: "10.1.0.32:15077"
dataStreamAddress: "10.1.0.32:15078"
clientAddress: "10.1.0.32:15075"
adminAddress: "10.1.0.32:15076"
startupRole: FOLLOWER
,id: "55507c8a-594d-4e25-909f-8d2832294c55"
address: "10.1.0.32:15086"
dataStreamAddress: "10.1.0.32:15087"
clientAddress: "10.1.0.32:15084"
adminAddress: "10.1.0.32:15085"
startupRole: FOLLOWER
,id: "fe9b02b7-73ff-430f-9d75-1483ab7beb41"
address: "10.1.0.32:15068"
priority: 1
dataStreamAddress: "10.1.0.32:15069"
clientAddress: "10.1.0.32:15066"
adminAddress: "10.1.0.32:15067"
startupRole: FOLLOWER
, old:)
2023-10-27 20:14:22,529 [grpc-default-executor-4] INFO  server.GrpcServerProtocolService (GrpcServerProtocolService.java:lambda$onCompleted$5(157)) - f612f2cf-90dc-41dc-bf39-cf028d38c484: Completed APPEND_ENTRIES, lastReply: null
2023-10-27 20:14:22,531 [grpc-default-executor-3] INFO  server.GrpcLogAppender (GrpcLogAppender.java:onCompleted(428)) - fe9b02b7-73ff-430f-9d75-1483ab7beb41@group-C71ED06640E5->f612f2cf-90dc-41dc-bf39-cf028d38c484-AppendLogResponseHandler: follower responses appendEntries COMPLETED
2023-10-27 20:14:22,531 [grpc-default-executor-3] INFO  leader.FollowerInfo (FollowerInfoImpl.java:lambda$new$0(52)) - fe9b02b7-73ff-430f-9d75-1483ab7beb41@group-C71ED06640E5->f612f2cf-90dc-41dc-bf39-cf028d38c484: decreaseNextIndex nextIndex: updateUnconditionally 1 -> 0
2023-10-27 20:14:22,796 [fe9b02b7-73ff-430f-9d75-1483ab7beb41-PipelineCommandHandlerThread-0] INFO  segmented.SegmentedRaftLogWorker (SegmentedRaftLogWorker.java:close(252)) - fe9b02b7-73ff-430f-9d75-1483ab7beb41@group-C71ED06640E5-SegmentedRaftLogWorker close()
2023-10-27 20:14:22,801 [fe9b02b7-73ff-430f-9d75-1483ab7beb41-PipelineCommandHandlerThread-0] INFO  server.RaftServer$Division (RaftServerImpl.java:groupRemove(436)) - fe9b02b7-73ff-430f-9d75-1483ab7beb41@group-C71ED06640E5: Succeed to remove RaftStorageDirectory Storage Directory /home/runner/work/ozone/ozone/hadoop-ozone/integration-test/target/test-dir/MiniOzoneClusterImpl-60426a9d-3de2-4373-b08b-24a22c9da129/datanode-6/data/ratis/ef4fc66b-b8f7-4bea-8eaa-c71ed06640e5
2023-10-27 20:14:22,801 [fe9b02b7-73ff-430f-9d75-1483ab7beb41-PipelineCommandHandlerThread-0] INFO  commandhandler.ClosePipelineCommandHandler (ClosePipelineCommandHandler.java:lambda$handle$0(87)) - Close Pipeline PipelineID=ef4fc66b-b8f7-4bea-8eaa-c71ed06640e5 command on datanode fe9b02b7-73ff-430f-9d75-1483ab7beb41.
2023-10-27 20:14:30,054 [UnderReplicatedProcessor] INFO  algorithms.SCMContainerPlacementRackScatter (SCMContainerPlacementRackScatter.java:chooseDatanodesInternal(370)) - Chosen nodes: [66ee3698-ded8-430f-8ecd-27f356af6e45(fv-az342-943/10.1.0.32)]. isPolicySatisfied: true.
2023-10-27 20:14:30,058 [UnderReplicatedProcessor] INFO  replication.ReplicationManager (ReplicationManager.java:sendDatanodeCommand(674)) - Sending command [reconstructECContainersCommand: containerID: 1, replicationConfig: EC{rs-3-2-1024k}, sources: [f612f2cf-90dc-41dc-bf39-cf028d38c484(fv-az342-943/10.1.0.32) replicaIndex: 2, fe9b02b7-73ff-430f-9d75-1483ab7beb41(fv-az342-943/10.1.0.32) replicaIndex: 3, 3fb99649-c87f-4cc9-b3d9-f5c572ff189c(fv-az342-943/10.1.0.32) replicaIndex: 4, 5b9beb6f-d596-489f-8a17-e362b772df82(fv-az342-943/10.1.0.32) replicaIndex: 5], targets: [66ee3698-ded8-430f-8ecd-27f356af6e45(fv-az342-943/10.1.0.32)], missingIndexes: [1]] for container ContainerInfo{id=#1, state=CLOSED, stateEnterTime=2023-10-27T20:14:19.975Z, pipelineID=PipelineID=08044757-d872-40bb-bc32-209684792ee2, owner=omServiceIdDefault} to 66ee3698-ded8-430f-8ecd-27f356af6e45(fv-az342-943/10.1.0.32) with datanode deadline 1698438240056 and scm deadline 1698438270056
2023-10-27 20:14:30,062 [UnderReplicatedProcessor] INFO  replication.UnhealthyReplicationProcessor (UnhealthyReplicationProcessor.java:processAll(138)) - Processed 1 containers with health state counts {UNDER_REPLICATED=1}, failed processing 0, deferred due to load 0
2023-10-27 20:14:30,062 [ReplicationMonitor] INFO  replication.ReplicationManager (ReplicationManager.java:processAll(394)) - Replication Monitor Thread took 18 milliseconds for processing 1 containers.
2023-10-27 20:14:32,562 [nullContainerReplicationThread-0] INFO  reconstruction.ECReconstructionCoordinatorTask (ECReconstructionCoordinatorTask.java:runTask(65)) - IN_PROGRESS reconstructECContainersCommand: containerID=1, replication=rs-3-2-1024k, missingIndexes=[1], sources={2=f612f2cf-90dc-41dc-bf39-cf028d38c484(fv-az342-943/10.1.0.32), 3=fe9b02b7-73ff-430f-9d75-1483ab7beb41(fv-az342-943/10.1.0.32), 4=3fb99649-c87f-4cc9-b3d9-f5c572ff189c(fv-az342-943/10.1.0.32), 5=5b9beb6f-d596-489f-8a17-e362b772df82(fv-az342-943/10.1.0.32)}, targets={1=66ee3698-ded8-430f-8ecd-27f356af6e45(fv-az342-943/10.1.0.32)}
2023-10-27 20:14:32,813 [nullContainerReplicationThread-0] INFO  reconstruction.ECReconstructionCoordinator (ECReconstructionCoordinator.java:logBlockGroupDetails(348)) - Block group details for conID: 1 locID: 111677748019200001 bcsId: 0. Replication Config EC{rs-3-2-1024k}. Calculated safe length: 3145728. 
2023-10-27 20:14:32,814 [nullContainerReplicationThread-0] INFO  reconstruction.ECReconstructionCoordinator (ECReconstructionCoordinator.java:logBlockGroupDetails(379)) - Block Data for: conID: 1 locID: 111677748019200001 bcsId: 0 replica Index: 2 block length: 1048576 block group length: 3145728 chunk list: 
  chunkNum: 1 length: 1048576 offset: 0
2023-10-27 20:14:32,815 [nullContainerReplicationThread-0] INFO  reconstruction.ECReconstructionCoordinator (ECReconstructionCoordinator.java:logBlockGroupDetails(379)) - Block Data for: conID: 1 locID: 111677748019200001 bcsId: 0 replica Index: 3 block length: 1048576 block group length: 3145728 chunk list: 
  chunkNum: 1 length: 1048576 offset: 0
2023-10-27 20:14:32,815 [nullContainerReplicationThread-0] INFO  reconstruction.ECReconstructionCoordinator (ECReconstructionCoordinator.java:logBlockGroupDetails(379)) - Block Data for: conID: 1 locID: 111677748019200001 bcsId: 0 replica Index: 4 block length: 1048576 block group length: 3145728 chunk list: 
  chunkNum: 1 length: 1048576 offset: 0
2023-10-27 20:14:32,815 [nullContainerReplicationThread-0] INFO  reconstruction.ECReconstructionCoordinator (ECReconstructionCoordinator.java:logBlockGroupDetails(379)) - Block Data for: conID: 1 locID: 111677748019200001 bcsId: 0 replica Index: 5 block length: 1048576 block group length: 3145728 chunk list: 
  chunkNum: 1 length: 1048576 offset: 0
2023-10-27 20:14:32,887 [66ee3698-ded8-430f-8ecd-27f356af6e45-ChunkReader-6] INFO  keyvalue.KeyValueContainer (KeyValueContainer.java:flushAndSyncDB(522)) - Container 1 is synced with bcsId 0.
2023-10-27 20:14:32,888 [66ee3698-ded8-430f-8ecd-27f356af6e45-ChunkReader-6] INFO  keyvalue.KeyValueContainer (KeyValueContainer.java:flushAndSyncDB(522)) - Container 1 is synced with bcsId 0.
2023-10-27 20:14:32,892 [66ee3698-ded8-430f-8ecd-27f356af6e45-ChunkReader-6] INFO  keyvalue.KeyValueContainer (KeyValueContainer.java:close(437)) - Container 1 is closed with bcsId 0.
2023-10-27 20:14:32,896 [nullContainerReplicationThread-0] INFO  reconstruction.ECReconstructionCoordinatorTask (ECReconstructionCoordinatorTask.java:runTask(75)) - DONE reconstructECContainersCommand: containerID=1, replication=rs-3-2-1024k, missingIndexes=[1], sources={2=f612f2cf-90dc-41dc-bf39-cf028d38c484(fv-az342-943/10.1.0.32), 3=fe9b02b7-73ff-430f-9d75-1483ab7beb41(fv-az342-943/10.1.0.32), 4=3fb99649-c87f-4cc9-b3d9-f5c572ff189c(fv-az342-943/10.1.0.32), 5=5b9beb6f-d596-489f-8a17-e362b772df82(fv-az342-943/10.1.0.32)}, targets={1=66ee3698-ded8-430f-8ecd-27f356af6e45(fv-az342-943/10.1.0.32)} in 334 ms
2023-10-27 20:14:32,896 [nullContainerReplicationThread-0] INFO  replication.ReplicationSupervisor (ReplicationSupervisor.java:run(374)) - Successful DONE reconstructECContainersCommand: containerID=1, replication=rs-3-2-1024k, missingIndexes=[1], sources={2=f612f2cf-90dc-41dc-bf39-cf028d38c484(fv-az342-943/10.1.0.32), 3=fe9b02b7-73ff-430f-9d75-1483ab7beb41(fv-az342-943/10.1.0.32), 4=3fb99649-c87f-4cc9-b3d9-f5c572ff189c(fv-az342-943/10.1.0.32), 5=5b9beb6f-d596-489f-8a17-e362b772df82(fv-az342-943/10.1.0.32)}, targets={1=66ee3698-ded8-430f-8ecd-27f356af6e45(fv-az342-943/10.1.0.32)}
2023-10-27 20:14:32,968 [main] INFO  replication.ReplicationManager (ReplicationManager.java:stop(323)) - Stopping Replication Monitor Thread.
2023-10-27 20:14:32,968 [UnderReplicatedProcessor] WARN  replication.UnhealthyReplicationProcessor (UnhealthyReplicationProcessor.java:run(180)) - UnderReplicatedProcessor interrupted. Exiting...
2023-10-27 20:14:32,968 [ReplicationMonitor] INFO  replication.ReplicationManager (ReplicationManager.java:run(922)) - Replication Monitor Thread is stopped
2023-10-27 20:14:32,968 [OverReplicatedProcessor] WARN  replication.UnhealthyReplicationProcessor (UnhealthyReplicationProcessor.java:run(180)) - OverReplicatedProcessor interrupted. Exiting...
2023-10-27 20:14:33,073 [main] INFO  impl.MetricsSystemImpl (MetricsSystemImpl.java:init(158)) - HddsDatanode metrics system started (again)
2023-10-27 20:14:33,140 [main] INFO  ozone.HddsDatanodeService (HddsDatanodeService.java:start(240)) - HddsDatanodeService host:fv-az342-943 ip:10.1.0.32
2023-10-27 20:14:33,163 [main] INFO  upgrade.AbstractLayoutVersionManager (AbstractLayoutVersionManager.java:init(83)) - Initializing Layout version manager with metadata layout = HADOOP_PRC_PORTS_IN_DATANODEDETAILS (version = 7), software layout = HADOOP_PRC_PORTS_IN_DATANODEDETAILS (version = 7)
2023-10-27 20:14:33,166 [main] INFO  statemachine.DatanodeStateMachine (DatanodeStateMachine.java:getEndPointTaskThreadPoolSize(299)) - Datanode State Machine Task Thread Pool size 2
2023-10-27 20:14:33,169 [main] INFO  volume.HddsVolume (HddsVolume.java:<init>(126)) - Creating HddsVolume: /home/runner/work/ozone/ozone/hadoop-ozone/integration-test/target/test-dir/MiniOzoneClusterImpl-60426a9d-3de2-4373-b08b-24a22c9da129/datanode-8/data-0/containers/hdds of storage type : DISK capacity : 9223372036854775807
2023-10-27 20:14:33,170 [main] INFO  volume.MutableVolumeSet (MutableVolumeSet.java:initializeVolumeSet(173)) - Added Volume : /home/runner/work/ozone/ozone/hadoop-ozone/integration-test/target/test-dir/MiniOzoneClusterImpl-60426a9d-3de2-4373-b08b-24a22c9da129/datanode-8/data-0/containers/hdds to VolumeSet
2023-10-27 20:14:33,171 [main] INFO  volume.MutableVolumeSet (MutableVolumeSet.java:initializeVolumeSet(173)) - Added Volume : /home/runner/work/ozone/ozone/hadoop-ozone/integration-test/target/test-dir/MiniOzoneClusterImpl-60426a9d-3de2-4373-b08b-24a22c9da129/datanode-8/data/ratis to VolumeSet
2023-10-27 20:14:33,217 [main] INFO  utils.DatanodeStoreCache (DatanodeStoreCache.java:addDB(66)) - Added db /home/runner/work/ozone/ozone/hadoop-ozone/integration-test/target/test-dir/MiniOzoneClusterImpl-60426a9d-3de2-4373-b08b-24a22c9da129/datanode-8/data-0/containers/hdds/60426a9d-3de2-4373-b08b-24a22c9da129/DS-9dfc42b9-c6c6-4407-a289-72bc626c6284/container.db to cache
2023-10-27 20:14:33,218 [main] INFO  volume.HddsVolume (HddsVolume.java:loadDbStore(375)) - SchemaV3 db is loaded at /home/runner/work/ozone/ozone/hadoop-ozone/integration-test/target/test-dir/MiniOzoneClusterImpl-60426a9d-3de2-4373-b08b-24a22c9da129/datanode-8/data-0/containers/hdds/60426a9d-3de2-4373-b08b-24a22c9da129/DS-9dfc42b9-c6c6-4407-a289-72bc626c6284/container.db for volume DS-9dfc42b9-c6c6-4407-a289-72bc626c6284
2023-10-27 20:14:33,218 [55507c8a-594d-4e25-909f-8d2832294c55-ContainerReader-0] INFO  ozoneimpl.ContainerReader (ContainerReader.java:readVolume(147)) - Start to verify containers on volume /home/runner/work/ozone/ozone/hadoop-ozone/integration-test/target/test-dir/MiniOzoneClusterImpl-60426a9d-3de2-4373-b08b-24a22c9da129/datanode-8/data-0/containers/hdds
2023-10-27 20:14:33,231 [55507c8a-594d-4e25-909f-8d2832294c55-ContainerReader-0] INFO  ozoneimpl.ContainerReader (ContainerReader.java:readVolume(177)) - Finish verifying containers on volume /home/runner/work/ozone/ozone/hadoop-ozone/integration-test/target/test-dir/MiniOzoneClusterImpl-60426a9d-3de2-4373-b08b-24a22c9da129/datanode-8/data-0/containers/hdds
2023-10-27 20:14:33,231 [main] INFO  ozoneimpl.OzoneContainer (OzoneContainer.java:buildContainerSet(326)) - Build ContainerSet costs 0s
2023-10-27 20:14:33,234 [main] INFO  server.RaftServer (ConfUtils.java:logGet(46)) - raft.rpc.type = GRPC (default)
2023-10-27 20:14:33,234 [main] INFO  grpc.GrpcConfigKeys (ConfUtils.java:logFallback(53)) - raft.grpc.admin.host = null (fallback to raft.grpc.server.host)
2023-10-27 20:14:33,234 [main] INFO  grpc.GrpcConfigKeys (ConfUtils.java:logGet(46)) - raft.grpc.admin.port = 15085 (custom)
2023-10-27 20:14:33,235 [main] INFO  grpc.GrpcConfigKeys (ConfUtils.java:logFallback(53)) - raft.grpc.client.host = null (fallback to raft.grpc.server.host)
2023-10-27 20:14:33,235 [main] INFO  grpc.GrpcConfigKeys (ConfUtils.java:logGet(46)) - raft.grpc.client.port = 15084 (custom)
2023-10-27 20:14:33,235 [main] INFO  grpc.GrpcConfigKeys (ConfUtils.java:logGet(46)) - raft.grpc.server.host = null (default)
2023-10-27 20:14:33,235 [main] INFO  grpc.GrpcConfigKeys (ConfUtils.java:logGet(46)) - raft.grpc.server.port = 15086 (custom)
2023-10-27 20:14:33,236 [main] INFO  server.GrpcService (ConfUtils.java:logGet(46)) - raft.grpc.message.size.max = 32MB (=33554432) (custom)
2023-10-27 20:14:33,236 [main] INFO  server.RaftServerConfigKeys (ConfUtils.java:logGet(46)) - raft.server.log.appender.buffer.byte-limit = 33554432 (custom)
2023-10-27 20:14:33,236 [main] INFO  server.GrpcService (ConfUtils.java:logGet(46)) - raft.grpc.flow.control.window = 5MB (=5242880) (custom)
2023-10-27 20:14:33,236 [main] INFO  server.RaftServerConfigKeys (ConfUtils.java:logGet(46)) - raft.server.rpc.request.timeout = 60s (custom)
2023-10-27 20:14:33,236 [main] INFO  grpc.GrpcConfigKeys (ConfUtils.java:logGet(46)) - raft.grpc.server.heartbeat.channel = true (default)
2023-10-27 20:14:33,237 [main] INFO  grpc.GrpcConfigKeys (ConfUtils.java:logGet(46)) - raft.grpc.server.async.request.thread.pool.cached = true (default)
2023-10-27 20:14:33,237 [main] INFO  grpc.GrpcConfigKeys (ConfUtils.java:logGet(46)) - raft.grpc.server.async.request.thread.pool.size = 32 (default)
2023-10-27 20:14:33,241 [main] INFO  impl.DataStreamServerImpl (ConfUtils.java:logGet(46)) - raft.datastream.type = NETTY (custom)
2023-10-27 20:14:33,242 [main] INFO  server.RaftServerConfigKeys (ConfUtils.java:logGet(46)) - raft.server.data-stream.async.request.thread.pool.cached = false (default)
2023-10-27 20:14:33,242 [main] INFO  server.RaftServerConfigKeys (ConfUtils.java:logGet(46)) - raft.server.data-stream.async.request.thread.pool.size = 20 (custom)
2023-10-27 20:14:33,242 [main] INFO  server.RaftServerConfigKeys (ConfUtils.java:logGet(46)) - raft.server.data-stream.async.write.thread.pool.size = 16 (default)
2023-10-27 20:14:33,242 [main] INFO  server.RaftServerConfigKeys (ConfUtils.java:logGet(46)) - raft.server.data-stream.client.pool.size = 10 (default)
2023-10-27 20:14:33,243 [main] INFO  netty.NettyConfigKeys$DataStream (ConfUtils.java:logGet(46)) - raft.netty.dataStream.server.use-epoll = false (default)
2023-10-27 20:14:33,243 [main] INFO  netty.NettyConfigKeys$DataStream (ConfUtils.java:logGet(46)) - raft.netty.dataStream.server.boss-group.size = 0 (default)
2023-10-27 20:14:33,243 [main] INFO  netty.NettyConfigKeys$DataStream (ConfUtils.java:logGet(46)) - raft.netty.dataStream.server.worker-group.size = 0 (default)
2023-10-27 20:14:33,244 [main] INFO  netty.NettyConfigKeys$DataStream (ConfUtils.java:logGet(46)) - raft.netty.dataStream.server.tls.conf = null (default)
2023-10-27 20:14:33,245 [main] INFO  netty.NettyConfigKeys$DataStream (ConfUtils.java:logGet(46)) - raft.netty.dataStream.host = null (default)
2023-10-27 20:14:33,245 [main] INFO  netty.NettyConfigKeys$DataStream (ConfUtils.java:logGet(46)) - raft.netty.dataStream.port = 15087 (custom)
2023-10-27 20:14:33,249 [main] INFO  server.RaftServerConfigKeys (ConfUtils.java:logGet(46)) - raft.server.threadpool.proxy.cached = true (default)
2023-10-27 20:14:33,250 [main] INFO  server.RaftServerConfigKeys (ConfUtils.java:logGet(46)) - raft.server.threadpool.proxy.size = 0 (default)
2023-10-27 20:14:33,250 [main] INFO  server.RaftServerConfigKeys (ConfUtils.java:logGet(46)) - raft.server.rpc.slowness.timeout = 300s (custom)
2023-10-27 20:14:33,250 [main] INFO  server.RaftServerConfigKeys (ConfUtils.java:logGet(46)) - raft.server.leaderelection.leader.step-down.wait-time = 10s (default)
2023-10-27 20:14:33,250 [main] INFO  server.RaftServerConfigKeys (ConfUtils.java:logGet(46)) - raft.server.storage.dir = [/home/runner/work/ozone/ozone/hadoop-ozone/integration-test/target/test-dir/MiniOzoneClusterImpl-60426a9d-3de2-4373-b08b-24a22c9da129/datanode-8/data/ratis] (custom)
2023-10-27 20:14:33,251 [55507c8a-594d-4e25-909f-8d2832294c55-NettyServerStreamRpc-bossGroup--thread1] INFO  logging.LoggingHandler (AbstractInternalLogger.java:log(148)) - [id: 0x46b32af7] REGISTERED
2023-10-27 20:14:33,251 [55507c8a-594d-4e25-909f-8d2832294c55-NettyServerStreamRpc-bossGroup--thread1] INFO  logging.LoggingHandler (AbstractInternalLogger.java:log(148)) - [id: 0x46b32af7] BIND: 0.0.0.0/0.0.0.0:15087
2023-10-27 20:14:33,252 [55507c8a-594d-4e25-909f-8d2832294c55-NettyServerStreamRpc-bossGroup--thread1] INFO  logging.LoggingHandler (AbstractInternalLogger.java:log(148)) - [id: 0x46b32af7, L:/0:0:0:0:0:0:0:0:15087] ACTIVE
2023-10-27 20:14:33,252 [55507c8a-594d-4e25-909f-8d2832294c55-impl-thread1] INFO  server.RaftServer (RaftServerProxy.java:initGroupDir(258)) - 55507c8a-594d-4e25-909f-8d2832294c55: found a subdirectory /home/runner/work/ozone/ozone/hadoop-ozone/integration-test/target/test-dir/MiniOzoneClusterImpl-60426a9d-3de2-4373-b08b-24a22c9da129/datanode-8/data/ratis/510d7b00-c41e-4671-853b-51e20a2316d2
2023-10-27 20:14:33,252 [55507c8a-594d-4e25-909f-8d2832294c55-impl-thread1] INFO  server.RaftServer (RaftServerProxy.java:addNew(98)) - 55507c8a-594d-4e25-909f-8d2832294c55: addNew group-51E20A2316D2:[] returns group-51E20A2316D2:java.util.concurrent.CompletableFuture@466bbb43[Not completed]
2023-10-27 20:14:33,253 [55507c8a-594d-4e25-909f-8d2832294c55-impl-thread1] INFO  server.RaftServer (RaftServerProxy.java:initGroupDir(258)) - 55507c8a-594d-4e25-909f-8d2832294c55: found a subdirectory /home/runner/work/ozone/ozone/hadoop-ozone/integration-test/target/test-dir/MiniOzoneClusterImpl-60426a9d-3de2-4373-b08b-24a22c9da129/datanode-8/data/ratis/ef4fc66b-b8f7-4bea-8eaa-c71ed06640e5
2023-10-27 20:14:33,253 [55507c8a-594d-4e25-909f-8d2832294c55-impl-thread1] INFO  server.RaftServer (RaftServerProxy.java:addNew(98)) - 55507c8a-594d-4e25-909f-8d2832294c55: addNew group-C71ED06640E5:[] returns group-C71ED06640E5:java.util.concurrent.CompletableFuture@42543756[Not completed]
2023-10-27 20:14:33,253 [55507c8a-594d-4e25-909f-8d2832294c55-impl-thread1] INFO  server.RaftServer (RaftServerProxy.java:initGroupDir(258)) - 55507c8a-594d-4e25-909f-8d2832294c55: found a subdirectory /home/runner/work/ozone/ozone/hadoop-ozone/integration-test/target/test-dir/MiniOzoneClusterImpl-60426a9d-3de2-4373-b08b-24a22c9da129/datanode-8/data/ratis/9165e2d6-b074-416d-b0ca-f9ef9ef7ab14
2023-10-27 20:14:33,253 [55507c8a-594d-4e25-909f-8d2832294c55-impl-thread1] INFO  server.RaftServer (RaftServerProxy.java:addNew(98)) - 55507c8a-594d-4e25-909f-8d2832294c55: addNew group-F9EF9EF7AB14:[] returns group-F9EF9EF7AB14:java.util.concurrent.CompletableFuture@756b178[Not completed]
2023-10-27 20:14:33,253 [55507c8a-594d-4e25-909f-8d2832294c55-impl-thread1] INFO  server.RaftServer (RaftServerProxy.java:initGroupDir(258)) - 55507c8a-594d-4e25-909f-8d2832294c55: found a subdirectory /home/runner/work/ozone/ozone/hadoop-ozone/integration-test/target/test-dir/MiniOzoneClusterImpl-60426a9d-3de2-4373-b08b-24a22c9da129/datanode-8/data/ratis/tmp
2023-10-27 20:14:33,253 [55507c8a-594d-4e25-909f-8d2832294c55-impl-thread1] INFO  server.RaftServer (RaftServerProxy.java:initGroupDir(263)) - 55507c8a-594d-4e25-909f-8d2832294c55: The directory /home/runner/work/ozone/ozone/hadoop-ozone/integration-test/target/test-dir/MiniOzoneClusterImpl-60426a9d-3de2-4373-b08b-24a22c9da129/datanode-8/data/ratis/tmp is not a group directory; ignoring it. 
2023-10-27 20:14:33,253 [main] INFO  replication.ReplicationServer (ReplicationServer.java:<init>(85)) - Initializing replication server with thread count = 10 queue length = 4096
2023-10-27 20:14:33,256 [main] INFO  server.XceiverServerGrpc (XceiverServerGrpc.java:<init>(135)) - GrpcServer channel type EpollServerSocketChannel
2023-10-27 20:14:33,258 [main] INFO  replication.ReplicationSupervisor (ReplicationSupervisor.java:build(163)) - Initializing replication supervisor with thread count = 10
2023-10-27 20:14:33,258 [main] INFO  replication.ReplicationSupervisor (ReplicationSupervisor.java:nodeStateUpdated(317)) - Node state updated to IN_SERVICE, scaling executor pool size to 10
2023-10-27 20:14:33,261 [55507c8a-594d-4e25-909f-8d2832294c55-groupManagement] INFO  server.RaftServer$Division (RaftServerImpl.java:<init>(198)) - 55507c8a-594d-4e25-909f-8d2832294c55: new RaftServerImpl for group-51E20A2316D2:[] with ContainerStateMachine:uninitialized
2023-10-27 20:14:33,261 [55507c8a-594d-4e25-909f-8d2832294c55-groupManagement] INFO  server.RaftServerConfigKeys (ConfUtils.java:logGet(46)) - raft.server.rpc.timeout.min = 5s (custom)
2023-10-27 20:14:33,261 [55507c8a-594d-4e25-909f-8d2832294c55-groupManagement] INFO  server.RaftServerConfigKeys (ConfUtils.java:logGet(46)) - raft.server.rpc.timeout.max = 5200ms (custom)
2023-10-27 20:14:33,261 [55507c8a-594d-4e25-909f-8d2832294c55-groupManagement] INFO  server.RaftServerConfigKeys (ConfUtils.java:logGet(46)) - raft.server.rpc.sleep.time = 25ms (default)
2023-10-27 20:14:33,261 [55507c8a-594d-4e25-909f-8d2832294c55-groupManagement] INFO  server.RaftServerConfigKeys (ConfUtils.java:logGet(46)) - raft.server.rpc.slowness.timeout = 300s (custom)
2023-10-27 20:14:33,261 [55507c8a-594d-4e25-909f-8d2832294c55-groupManagement] INFO  server.RaftServerConfigKeys (ConfUtils.java:logGet(46)) - raft.server.leaderelection.leader.step-down.wait-time = 10s (default)
2023-10-27 20:14:33,261 [55507c8a-594d-4e25-909f-8d2832294c55-groupManagement] INFO  server.RaftServerConfigKeys (ConfUtils.java:logGet(46)) - raft.server.sleep.deviation.threshold = 300ms (default)
2023-10-27 20:14:33,262 [55507c8a-594d-4e25-909f-8d2832294c55-groupManagement] INFO  server.RaftServer$Division (ServerState.java:<init>(120)) - 55507c8a-594d-4e25-909f-8d2832294c55@group-51E20A2316D2: ConfigurationManager, init=-1: peers:[]|listeners:[], old=null, confs=<EMPTY_MAP>
2023-10-27 20:14:33,262 [55507c8a-594d-4e25-909f-8d2832294c55-groupManagement] INFO  server.RaftServerConfigKeys (ConfUtils.java:logGet(46)) - raft.server.storage.dir = [/home/runner/work/ozone/ozone/hadoop-ozone/integration-test/target/test-dir/MiniOzoneClusterImpl-60426a9d-3de2-4373-b08b-24a22c9da129/datanode-8/data/ratis] (custom)
2023-10-27 20:14:33,262 [55507c8a-594d-4e25-909f-8d2832294c55-groupManagement] INFO  server.RaftServerConfigKeys (ConfUtils.java:logGet(46)) - raft.server.log.corruption.policy = EXCEPTION (default)
2023-10-27 20:14:33,262 [55507c8a-594d-4e25-909f-8d2832294c55-groupManagement] INFO  server.RaftServerConfigKeys (ConfUtils.java:logGet(46)) - raft.server.storage.free-space.min = 0MB (=0) (default)
2023-10-27 20:14:33,262 [55507c8a-594d-4e25-909f-8d2832294c55-groupManagement] INFO  server.RaftServerConfigKeys (ConfUtils.java:logGet(46)) - raft.server.notification.no-leader.timeout = 300s (custom)
2023-10-27 20:14:33,262 [55507c8a-594d-4e25-909f-8d2832294c55-groupManagement] INFO  server.RaftServerConfigKeys (ConfUtils.java:logGet(46)) - raft.server.read.timeout = 10s (default)
2023-10-27 20:14:33,263 [55507c8a-594d-4e25-909f-8d2832294c55-groupManagement] INFO  server.RaftServerConfigKeys (ConfUtils.java:logGet(46)) - raft.server.retrycache.expirytime = 600000ms (custom)
2023-10-27 20:14:33,263 [55507c8a-594d-4e25-909f-8d2832294c55-groupManagement] INFO  server.RaftServerConfigKeys (ConfUtils.java:logGet(46)) - raft.server.retrycache.statistics.expirytime = 100μs (default)
2023-10-27 20:14:33,263 [55507c8a-594d-4e25-909f-8d2832294c55-groupManagement] INFO  server.RaftServerConfigKeys (ConfUtils.java:logGet(46)) - raft.server.read.option = DEFAULT (default)
2023-10-27 20:14:33,268 [55507c8a-594d-4e25-909f-8d2832294c55-groupManagement] INFO  server.RaftServerConfigKeys (ConfUtils.java:logGet(46)) - raft.server.rpc.request.timeout = 60s (custom)
2023-10-27 20:14:33,268 [55507c8a-594d-4e25-909f-8d2832294c55-groupManagement] INFO  server.RaftServerConfigKeys (ConfUtils.java:logGet(46)) - raft.server.log.appender.install.snapshot.enabled = false (custom)
2023-10-27 20:14:33,268 [55507c8a-594d-4e25-909f-8d2832294c55-groupManagement] INFO  server.RaftServerConfigKeys (ConfUtils.java:logGet(46)) - raft.server.threadpool.server.cached = true (default)
2023-10-27 20:14:33,268 [55507c8a-594d-4e25-909f-8d2832294c55-groupManagement] INFO  server.RaftServerConfigKeys (ConfUtils.java:logGet(46)) - raft.server.threadpool.server.size = 0 (default)
2023-10-27 20:14:33,268 [55507c8a-594d-4e25-909f-8d2832294c55-groupManagement] INFO  server.RaftServerConfigKeys (ConfUtils.java:logGet(46)) - raft.server.threadpool.client.cached = true (default)
2023-10-27 20:14:33,268 [55507c8a-594d-4e25-909f-8d2832294c55-groupManagement] INFO  server.RaftServerConfigKeys (ConfUtils.java:logGet(46)) - raft.server.threadpool.client.size = 0 (default)
2023-10-27 20:14:33,269 [55507c8a-594d-4e25-909f-8d2832294c55-groupManagement] INFO  server.RaftServer$Division (RaftServerImpl.java:<init>(198)) - 55507c8a-594d-4e25-909f-8d2832294c55: new RaftServerImpl for group-C71ED06640E5:[] with ContainerStateMachine:uninitialized
2023-10-27 20:14:33,269 [55507c8a-594d-4e25-909f-8d2832294c55-groupManagement] INFO  server.RaftServerConfigKeys (ConfUtils.java:logGet(46)) - raft.server.rpc.timeout.min = 5s (custom)
2023-10-27 20:14:33,269 [55507c8a-594d-4e25-909f-8d2832294c55-groupManagement] INFO  server.RaftServerConfigKeys (ConfUtils.java:logGet(46)) - raft.server.rpc.timeout.max = 5200ms (custom)
2023-10-27 20:14:33,270 [55507c8a-594d-4e25-909f-8d2832294c55-groupManagement] INFO  server.RaftServerConfigKeys (ConfUtils.java:logGet(46)) - raft.server.rpc.sleep.time = 25ms (default)
2023-10-27 20:14:33,270 [55507c8a-594d-4e25-909f-8d2832294c55-groupManagement] INFO  server.RaftServerConfigKeys (ConfUtils.java:logGet(46)) - raft.server.rpc.slowness.timeout = 300s (custom)
2023-10-27 20:14:33,270 [55507c8a-594d-4e25-909f-8d2832294c55-groupManagement] INFO  server.RaftServerConfigKeys (ConfUtils.java:logGet(46)) - raft.server.leaderelection.leader.step-down.wait-time = 10s (default)
2023-10-27 20:14:33,270 [55507c8a-594d-4e25-909f-8d2832294c55-groupManagement] INFO  server.RaftServerConfigKeys (ConfUtils.java:logGet(46)) - raft.server.sleep.deviation.threshold = 300ms (default)
2023-10-27 20:14:33,270 [55507c8a-594d-4e25-909f-8d2832294c55-groupManagement] INFO  server.RaftServer$Division (ServerState.java:<init>(120)) - 55507c8a-594d-4e25-909f-8d2832294c55@group-C71ED06640E5: ConfigurationManager, init=-1: peers:[]|listeners:[], old=null, confs=<EMPTY_MAP>
2023-10-27 20:14:33,270 [55507c8a-594d-4e25-909f-8d2832294c55-groupManagement] INFO  server.RaftServerConfigKeys (ConfUtils.java:logGet(46)) - raft.server.storage.dir = [/home/runner/work/ozone/ozone/hadoop-ozone/integration-test/target/test-dir/MiniOzoneClusterImpl-60426a9d-3de2-4373-b08b-24a22c9da129/datanode-8/data/ratis] (custom)
2023-10-27 20:14:33,270 [55507c8a-594d-4e25-909f-8d2832294c55-groupManagement] INFO  server.RaftServerConfigKeys (ConfUtils.java:logGet(46)) - raft.server.log.corruption.policy = EXCEPTION (default)
2023-10-27 20:14:33,270 [55507c8a-594d-4e25-909f-8d2832294c55-groupManagement] INFO  server.RaftServerConfigKeys (ConfUtils.java:logGet(46)) - raft.server.storage.free-space.min = 0MB (=0) (default)
2023-10-27 20:14:33,270 [55507c8a-594d-4e25-909f-8d2832294c55-groupManagement] INFO  server.RaftServerConfigKeys (ConfUtils.java:logGet(46)) - raft.server.notification.no-leader.timeout = 300s (custom)
2023-10-27 20:14:33,270 [55507c8a-594d-4e25-909f-8d2832294c55-groupManagement] INFO  server.RaftServerConfigKeys (ConfUtils.java:logGet(46)) - raft.server.read.timeout = 10s (default)
2023-10-27 20:14:33,270 [55507c8a-594d-4e25-909f-8d2832294c55-groupManagement] INFO  server.RaftServerConfigKeys (ConfUtils.java:logGet(46)) - raft.server.retrycache.expirytime = 600000ms (custom)
2023-10-27 20:14:33,270 [55507c8a-594d-4e25-909f-8d2832294c55-groupManagement] INFO  server.RaftServerConfigKeys (ConfUtils.java:logGet(46)) - raft.server.retrycache.statistics.expirytime = 100μs (default)
2023-10-27 20:14:33,271 [55507c8a-594d-4e25-909f-8d2832294c55-groupManagement] INFO  server.RaftServerConfigKeys (ConfUtils.java:logGet(46)) - raft.server.read.option = DEFAULT (default)
2023-10-27 20:14:33,272 [55507c8a-594d-4e25-909f-8d2832294c55-groupManagement] INFO  server.RaftServerConfigKeys (ConfUtils.java:logGet(46)) - raft.server.rpc.request.timeout = 60s (custom)
2023-10-27 20:14:33,272 [55507c8a-594d-4e25-909f-8d2832294c55-groupManagement] INFO  server.RaftServerConfigKeys (ConfUtils.java:logGet(46)) - raft.server.log.appender.install.snapshot.enabled = false (custom)
2023-10-27 20:14:33,272 [55507c8a-594d-4e25-909f-8d2832294c55-groupManagement] INFO  server.RaftServerConfigKeys (ConfUtils.java:logGet(46)) - raft.server.threadpool.server.cached = true (default)
2023-10-27 20:14:33,272 [55507c8a-594d-4e25-909f-8d2832294c55-groupManagement] INFO  server.RaftServerConfigKeys (ConfUtils.java:logGet(46)) - raft.server.threadpool.server.size = 0 (default)
2023-10-27 20:14:33,272 [55507c8a-594d-4e25-909f-8d2832294c55-groupManagement] INFO  server.RaftServerConfigKeys (ConfUtils.java:logGet(46)) - raft.server.threadpool.client.cached = true (default)
2023-10-27 20:14:33,272 [55507c8a-594d-4e25-909f-8d2832294c55-groupManagement] INFO  server.RaftServerConfigKeys (ConfUtils.java:logGet(46)) - raft.server.threadpool.client.size = 0 (default)
2023-10-27 20:14:33,273 [55507c8a-594d-4e25-909f-8d2832294c55-groupManagement] INFO  server.RaftServer$Division (RaftServerImpl.java:<init>(198)) - 55507c8a-594d-4e25-909f-8d2832294c55: new RaftServerImpl for group-F9EF9EF7AB14:[] with ContainerStateMachine:uninitialized
2023-10-27 20:14:33,273 [55507c8a-594d-4e25-909f-8d2832294c55-groupManagement] INFO  server.RaftServerConfigKeys (ConfUtils.java:logGet(46)) - raft.server.rpc.timeout.min = 5s (custom)
2023-10-27 20:14:33,273 [55507c8a-594d-4e25-909f-8d2832294c55-groupManagement] INFO  server.RaftServerConfigKeys (ConfUtils.java:logGet(46)) - raft.server.rpc.timeout.max = 5200ms (custom)
2023-10-27 20:14:33,273 [55507c8a-594d-4e25-909f-8d2832294c55-groupManagement] INFO  server.RaftServerConfigKeys (ConfUtils.java:logGet(46)) - raft.server.rpc.sleep.time = 25ms (default)
2023-10-27 20:14:33,274 [55507c8a-594d-4e25-909f-8d2832294c55-groupManagement] INFO  server.RaftServerConfigKeys (ConfUtils.java:logGet(46)) - raft.server.rpc.slowness.timeout = 300s (custom)
2023-10-27 20:14:33,274 [55507c8a-594d-4e25-909f-8d2832294c55-groupManagement] INFO  server.RaftServerConfigKeys (ConfUtils.java:logGet(46)) - raft.server.leaderelection.leader.step-down.wait-time = 10s (default)
2023-10-27 20:14:33,274 [55507c8a-594d-4e25-909f-8d2832294c55-groupManagement] INFO  server.RaftServerConfigKeys (ConfUtils.java:logGet(46)) - raft.server.sleep.deviation.threshold = 300ms (default)
2023-10-27 20:14:33,274 [55507c8a-594d-4e25-909f-8d2832294c55-groupManagement] INFO  server.RaftServer$Division (ServerState.java:<init>(120)) - 55507c8a-594d-4e25-909f-8d2832294c55@group-F9EF9EF7AB14: ConfigurationManager, init=-1: peers:[]|listeners:[], old=null, confs=<EMPTY_MAP>
2023-10-27 20:14:33,274 [55507c8a-594d-4e25-909f-8d2832294c55-groupManagement] INFO  server.RaftServerConfigKeys (ConfUtils.java:logGet(46)) - raft.server.storage.dir = [/home/runner/work/ozone/ozone/hadoop-ozone/integration-test/target/test-dir/MiniOzoneClusterImpl-60426a9d-3de2-4373-b08b-24a22c9da129/datanode-8/data/ratis] (custom)
2023-10-27 20:14:33,274 [55507c8a-594d-4e25-909f-8d2832294c55-groupManagement] INFO  server.RaftServerConfigKeys (ConfUtils.java:logGet(46)) - raft.server.log.corruption.policy = EXCEPTION (default)
2023-10-27 20:14:33,274 [55507c8a-594d-4e25-909f-8d2832294c55-groupManagement] INFO  server.RaftServerConfigKeys (ConfUtils.java:logGet(46)) - raft.server.storage.free-space.min = 0MB (=0) (default)
2023-10-27 20:14:33,274 [55507c8a-594d-4e25-909f-8d2832294c55-groupManagement] INFO  server.RaftServerConfigKeys (ConfUtils.java:logGet(46)) - raft.server.notification.no-leader.timeout = 300s (custom)
2023-10-27 20:14:33,274 [55507c8a-594d-4e25-909f-8d2832294c55-groupManagement] INFO  server.RaftServerConfigKeys (ConfUtils.java:logGet(46)) - raft.server.read.timeout = 10s (default)
2023-10-27 20:14:33,274 [55507c8a-594d-4e25-909f-8d2832294c55-groupManagement] INFO  server.RaftServerConfigKeys (ConfUtils.java:logGet(46)) - raft.server.retrycache.expirytime = 600000ms (custom)
2023-10-27 20:14:33,274 [55507c8a-594d-4e25-909f-8d2832294c55-groupManagement] INFO  server.RaftServerConfigKeys (ConfUtils.java:logGet(46)) - raft.server.retrycache.statistics.expirytime = 100μs (default)
2023-10-27 20:14:33,275 [55507c8a-594d-4e25-909f-8d2832294c55-groupManagement] INFO  server.RaftServerConfigKeys (ConfUtils.java:logGet(46)) - raft.server.read.option = DEFAULT (default)
2023-10-27 20:14:33,276 [55507c8a-594d-4e25-909f-8d2832294c55-groupManagement] INFO  server.RaftServerConfigKeys (ConfUtils.java:logGet(46)) - raft.server.rpc.request.timeout = 60s (custom)
2023-10-27 20:14:33,276 [55507c8a-594d-4e25-909f-8d2832294c55-groupManagement] INFO  server.RaftServerConfigKeys (ConfUtils.java:logGet(46)) - raft.server.log.appender.install.snapshot.enabled = false (custom)
2023-10-27 20:14:33,276 [55507c8a-594d-4e25-909f-8d2832294c55-groupManagement] INFO  server.RaftServerConfigKeys (ConfUtils.java:logGet(46)) - raft.server.threadpool.server.cached = true (default)
2023-10-27 20:14:33,276 [55507c8a-594d-4e25-909f-8d2832294c55-groupManagement] INFO  server.RaftServerConfigKeys (ConfUtils.java:logGet(46)) - raft.server.threadpool.server.size = 0 (default)
2023-10-27 20:14:33,276 [55507c8a-594d-4e25-909f-8d2832294c55-groupManagement] INFO  server.RaftServerConfigKeys (ConfUtils.java:logGet(46)) - raft.server.threadpool.client.cached = true (default)
2023-10-27 20:14:33,276 [55507c8a-594d-4e25-909f-8d2832294c55-groupManagement] INFO  server.RaftServerConfigKeys (ConfUtils.java:logGet(46)) - raft.server.threadpool.client.size = 0 (default)
2023-10-27 20:14:33,279 [main] INFO  http.BaseHttpServer (BaseHttpServer.java:newHttpServer2BuilderForOzone(223)) - Starting Web-server for hddsDatanode at: http://0.0.0.0:15081
2023-10-27 20:14:33,279 [main] INFO  http.BaseHttpServer (BaseHttpServer.java:<init>(110)) - Hadoop Security Enabled: false Ozone Security Enabled: false Ozone HTTP Security Enabled: false 
2023-10-27 20:14:33,281 [main] WARN  server.AuthenticationFilter (AuthenticationFilter.java:constructSecretProvider(240)) - Unable to initialize FileSignerSecretProvider, falling back to use random secrets. Reason: Could not read signature secret file: /home/runner/hadoop-http-auth-signature-secret
2023-10-27 20:14:33,282 [main] INFO  http.HttpRequestLog (HttpRequestLog.java:getRequestLog(86)) - Http request log for http.requests.hddsDatanode is not defined
2023-10-27 20:14:33,285 [main] INFO  http.HttpServer2 (HttpServer2.java:addGlobalFilter(1031)) - Added global filter 'safety' (class=org.apache.hadoop.hdds.server.http.HttpServer2$QuotingInputFilter)
2023-10-27 20:14:33,285 [main] INFO  http.HttpServer2 (HttpServer2.java:addFilter(1007)) - Added filter static_user_filter (class=org.apache.hadoop.http.lib.StaticUserWebFilter$StaticUserFilter) to context hddsDatanode
2023-10-27 20:14:33,286 [main] INFO  http.HttpServer2 (HttpServer2.java:addFilter(1015)) - Added filter static_user_filter (class=org.apache.hadoop.http.lib.StaticUserWebFilter$StaticUserFilter) to context static
2023-10-27 20:14:33,286 [main] INFO  http.HttpServer2 (HttpServer2.java:addFilter(1015)) - Added filter static_user_filter (class=org.apache.hadoop.http.lib.StaticUserWebFilter$StaticUserFilter) to context logs
2023-10-27 20:14:33,287 [main] INFO  http.BaseHttpServer (BaseHttpServer.java:<init>(189)) - HTTP server of hddsDatanode uses base directory /home/runner/work/ozone/ozone/hadoop-ozone/integration-test/target/test-dir/MiniOzoneClusterImpl-60426a9d-3de2-4373-b08b-24a22c9da129/datanode-8/meta/webserver
2023-10-27 20:14:33,288 [main] INFO  http.HttpServer2 (HttpServer2.java:bindListener(1231)) - Jetty bound to port 15081
2023-10-27 20:14:33,288 [main] INFO  server.Server (Server.java:doStart(375)) - jetty-9.4.53.v20231009; built: 2023-10-09T12:29:09.265Z; git: 27bde00a0b95a1d5bbee0eae7984f891d2d0f8c9; jvm 1.8.0_382-b05
2023-10-27 20:14:33,290 [main] INFO  server.session (DefaultSessionIdManager.java:doStart(334)) - DefaultSessionIdManager workerName=node0
2023-10-27 20:14:33,290 [main] INFO  server.session (DefaultSessionIdManager.java:doStart(339)) - No SessionScavenger set, using defaults
2023-10-27 20:14:33,290 [main] INFO  server.session (HouseKeeper.java:startScavenging(132)) - node0 Scavenging every 660000ms
2023-10-27 20:14:33,292 [main] INFO  handler.ContextHandler (ContextHandler.java:doStart(921)) - Started o.e.j.s.ServletContextHandler@3fccc795{logs,/logs,file:///home/runner/work/ozone/ozone/hadoop-ozone/integration-test/target/log,AVAILABLE}
2023-10-27 20:14:33,293 [main] INFO  handler.ContextHandler (ContextHandler.java:doStart(921)) - Started o.e.j.s.ServletContextHandler@5891bb33{static,/static,jar:file:/home/runner/.m2/repository/org/apache/ozone/hdds-container-service/1.4.0-SNAPSHOT/hdds-container-service-1.4.0-SNAPSHOT.jar!/webapps/static,AVAILABLE}
2023-10-27 20:14:33,354 [main] INFO  handler.ContextHandler (ContextHandler.java:doStart(921)) - Started o.e.j.w.WebAppContext@4c8372f4{hddsDatanode,/,file:///home/runner/work/ozone/ozone/hadoop-ozone/integration-test/target/test-dir/MiniOzoneClusterImpl-60426a9d-3de2-4373-b08b-24a22c9da129/datanode-8/meta/webserver/jetty-0_0_0_0-15081-hdds-container-service-1_4_0-SNAPSHOT_jar-_-any-3394510460383207020/webapp/,AVAILABLE}{jar:file:/home/runner/.m2/repository/org/apache/ozone/hdds-container-service/1.4.0-SNAPSHOT/hdds-container-service-1.4.0-SNAPSHOT.jar!/webapps/hddsDatanode}
2023-10-27 20:14:33,358 [main] INFO  server.AbstractConnector (AbstractConnector.java:doStart(333)) - Started ServerConnector@4468880e{HTTP/1.1, (http/1.1)}{0.0.0.0:15081}
2023-10-27 20:14:33,358 [main] INFO  server.Server (Server.java:doStart(415)) - Started @51610ms
2023-10-27 20:14:33,358 [main] WARN  impl.MetricsSystemImpl (MetricsSystemImpl.java:register(279)) - Sink prometheus already exists!
2023-10-27 20:14:33,359 [main] INFO  http.BaseHttpServer (BaseHttpServer.java:updateConnectorAddress(354)) - HTTP server of hddsDatanode listening at http://0.0.0.0:15081
2023-10-27 20:14:33,360 [main] INFO  ipc.CallQueueManager (CallQueueManager.java:<init>(90)) - Using callQueue: class java.util.concurrent.LinkedBlockingQueue, queueCapacity: 100, scheduler: class org.apache.hadoop.ipc.DefaultRpcScheduler, ipcBackoff: false.
2023-10-27 20:14:33,360 [main] INFO  ipc.Server (Server.java:<init>(1287)) - Listener at 0.0.0.0:15082
2023-10-27 20:14:33,361 [Socket Reader #1 for port 15082] INFO  ipc.Server (Server.java:run(1323)) - Starting Socket Reader #1 for port 15082
2023-10-27 20:14:33,369 [main] INFO  ozone.HddsDatanodeService (HddsDatanodeService.java:start(325)) - Datanode start with admins: [runner]
2023-10-27 20:14:33,369 [main] INFO  ozone.HddsDatanodeClientProtocolServer (HddsDatanodeClientProtocolServer.java:start(72)) - RPC server for Client /0.0.0.0:15082
2023-10-27 20:14:33,370 [IPC Server Responder] INFO  ipc.Server (Server.java:run(1562)) - IPC Server Responder: starting
2023-10-27 20:14:33,371 [IPC Server listener on 15082] INFO  ipc.Server (Server.java:run(1402)) - IPC Server listener on 15082: starting
2023-10-27 20:14:33,372 [55507c8a-594d-4e25-909f-8d2832294c55-DatanodeStateMachineDaemonThread] INFO  statemachine.DatanodeStateMachine (DatanodeStateMachine.java:lambda$startDaemon$1(555)) - Ozone container server started.
2023-10-27 20:14:33,373 [main] INFO  ozone.MiniOzoneClusterImpl (MiniOzoneClusterImpl.java:lambda$waitForClusterToBeReady$0(229)) - Waiting for nodes to be ready. Got 9 of 10 DN Heartbeats.
2023-10-27 20:14:33,374 [main] INFO  ozone.MiniOzoneClusterImpl (MiniOzoneClusterImpl.java:lambda$waitForClusterToBeReady$0(232)) - Cluster exits safe mode
2023-10-27 20:14:33,375 [main] INFO  ozone.MiniOzoneClusterImpl (MiniOzoneClusterImpl.java:lambda$waitForClusterToBeReady$0(234)) - SCM became leader
2023-10-27 20:14:33,390 [55507c8a-594d-4e25-909f-8d2832294c55-DatanodeStateMachineTaskThread-0] INFO  datanode.InitDatanodeState (InitDatanodeState.java:persistContainerDatanodeDetails(139)) - DatanodeDetails is persisted to /home/runner/work/ozone/ozone/hadoop-ozone/integration-test/target/test-dir/MiniOzoneClusterImpl-60426a9d-3de2-4373-b08b-24a22c9da129/datanode-8/meta/datanode.id
2023-10-27 20:14:34,375 [main] INFO  ozone.MiniOzoneClusterImpl (MiniOzoneClusterImpl.java:lambda$waitForClusterToBeReady$0(229)) - Waiting for nodes to be ready. Got 9 of 10 DN Heartbeats.
2023-10-27 20:14:34,376 [main] INFO  ozone.MiniOzoneClusterImpl (MiniOzoneClusterImpl.java:lambda$waitForClusterToBeReady$0(232)) - Cluster exits safe mode
2023-10-27 20:14:34,376 [main] INFO  ozone.MiniOzoneClusterImpl (MiniOzoneClusterImpl.java:lambda$waitForClusterToBeReady$0(234)) - SCM became leader
2023-10-27 20:14:35,376 [main] INFO  ozone.MiniOzoneClusterImpl (MiniOzoneClusterImpl.java:lambda$waitForClusterToBeReady$0(229)) - Waiting for nodes to be ready. Got 9 of 10 DN Heartbeats.
2023-10-27 20:14:35,377 [main] INFO  ozone.MiniOzoneClusterImpl (MiniOzoneClusterImpl.java:lambda$waitForClusterToBeReady$0(232)) - Cluster exits safe mode
2023-10-27 20:14:35,377 [main] INFO  ozone.MiniOzoneClusterImpl (MiniOzoneClusterImpl.java:lambda$waitForClusterToBeReady$0(234)) - SCM became leader
2023-10-27 20:14:35,383 [55507c8a-594d-4e25-909f-8d2832294c55-EndpointStateMachineTaskThread-/0.0.0.0:15002-0 ] INFO  volume.ThrottledAsyncChecker (ThrottledAsyncChecker.java:schedule(141)) - Scheduling a check for /home/runner/work/ozone/ozone/hadoop-ozone/integration-test/target/test-dir/MiniOzoneClusterImpl-60426a9d-3de2-4373-b08b-24a22c9da129/datanode-8/data-0/containers/hdds
2023-10-27 20:14:35,384 [55507c8a-594d-4e25-909f-8d2832294c55-EndpointStateMachineTaskThread-/0.0.0.0:15002-0 ] INFO  volume.StorageVolumeChecker (StorageVolumeChecker.java:checkAllVolumes(218)) - Scheduled health check for volume /home/runner/work/ozone/ozone/hadoop-ozone/integration-test/target/test-dir/MiniOzoneClusterImpl-60426a9d-3de2-4373-b08b-24a22c9da129/datanode-8/data-0/containers/hdds
2023-10-27 20:14:35,391 [55507c8a-594d-4e25-909f-8d2832294c55-EndpointStateMachineTaskThread-/0.0.0.0:15002-0 ] INFO  volume.ThrottledAsyncChecker (ThrottledAsyncChecker.java:schedule(141)) - Scheduling a check for /home/runner/work/ozone/ozone/hadoop-ozone/integration-test/target/test-dir/MiniOzoneClusterImpl-60426a9d-3de2-4373-b08b-24a22c9da129/datanode-8/data/ratis
2023-10-27 20:14:35,391 [55507c8a-594d-4e25-909f-8d2832294c55-EndpointStateMachineTaskThread-/0.0.0.0:15002-0 ] INFO  volume.StorageVolumeChecker (StorageVolumeChecker.java:checkAllVolumes(218)) - Scheduled health check for volume /home/runner/work/ozone/ozone/hadoop-ozone/integration-test/target/test-dir/MiniOzoneClusterImpl-60426a9d-3de2-4373-b08b-24a22c9da129/datanode-8/data/ratis
2023-10-27 20:14:35,393 [55507c8a-594d-4e25-909f-8d2832294c55-EndpointStateMachineTaskThread-/0.0.0.0:15002-0 ] INFO  ozoneimpl.OzoneContainer (OzoneContainer.java:start(441)) - Attempting to start container services.
2023-10-27 20:14:35,393 [55507c8a-594d-4e25-909f-8d2832294c55-EndpointStateMachineTaskThread-/0.0.0.0:15002-0 ] INFO  ozoneimpl.OzoneContainer (OzoneContainer.java:startContainerScrub(337)) - Scheduled background container scanners and the on-demand container scanner have been disabled.
2023-10-27 20:14:35,394 [55507c8a-594d-4e25-909f-8d2832294c55-EndpointStateMachineTaskThread-/0.0.0.0:15002-0 ] INFO  replication.ReplicationServer (ReplicationServer.java:start(139)) - ReplicationServer is started using port 15088
2023-10-27 20:14:35,394 [55507c8a-594d-4e25-909f-8d2832294c55-EndpointStateMachineTaskThread-/0.0.0.0:15002-0 ] INFO  ratis.XceiverServerRatis (XceiverServerRatis.java:start(518)) - Starting XceiverServerRatis 55507c8a-594d-4e25-909f-8d2832294c55
2023-10-27 20:14:35,398 [55507c8a-594d-4e25-909f-8d2832294c55-impl-thread1] INFO  storage.RaftStorageDirectory (RaftStorageDirectoryImpl.java:tryLock(231)) - Lock on /home/runner/work/ozone/ozone/hadoop-ozone/integration-test/target/test-dir/MiniOzoneClusterImpl-60426a9d-3de2-4373-b08b-24a22c9da129/datanode-8/data/ratis/510d7b00-c41e-4671-853b-51e20a2316d2/in_use.lock acquired by nodename 14569@fv-az342-943
2023-10-27 20:14:35,399 [55507c8a-594d-4e25-909f-8d2832294c55-impl-thread3] INFO  storage.RaftStorageDirectory (RaftStorageDirectoryImpl.java:tryLock(231)) - Lock on /home/runner/work/ozone/ozone/hadoop-ozone/integration-test/target/test-dir/MiniOzoneClusterImpl-60426a9d-3de2-4373-b08b-24a22c9da129/datanode-8/data/ratis/ef4fc66b-b8f7-4bea-8eaa-c71ed06640e5/in_use.lock acquired by nodename 14569@fv-az342-943
2023-10-27 20:14:35,400 [55507c8a-594d-4e25-909f-8d2832294c55-impl-thread1] INFO  storage.RaftStorage (RaftStorageImpl.java:analyzeAndRecoverStorage(117)) - Read RaftStorageMetadata{term=1, votedFor=55507c8a-594d-4e25-909f-8d2832294c55} from /home/runner/work/ozone/ozone/hadoop-ozone/integration-test/target/test-dir/MiniOzoneClusterImpl-60426a9d-3de2-4373-b08b-24a22c9da129/datanode-8/data/ratis/510d7b00-c41e-4671-853b-51e20a2316d2/current/raft-meta
2023-10-27 20:14:35,405 [55507c8a-594d-4e25-909f-8d2832294c55-impl-thread1] INFO  server.RaftServer$Division (ServerState.java:setRaftConf(434)) - 55507c8a-594d-4e25-909f-8d2832294c55@group-51E20A2316D2: set configuration 0: peers:[f612f2cf-90dc-41dc-bf39-cf028d38c484|rpc:10.1.0.32:15077|admin:10.1.0.32:15076|client:10.1.0.32:15075|dataStream:10.1.0.32:15078|priority:0|startupRole:FOLLOWER, 55507c8a-594d-4e25-909f-8d2832294c55|rpc:10.1.0.32:15086|admin:10.1.0.32:15085|client:10.1.0.32:15084|dataStream:10.1.0.32:15087|priority:1|startupRole:FOLLOWER, fe9b02b7-73ff-430f-9d75-1483ab7beb41|rpc:10.1.0.32:15068|admin:10.1.0.32:15067|client:10.1.0.32:15066|dataStream:10.1.0.32:15069|priority:0|startupRole:FOLLOWER]|listeners:[], old=null
2023-10-27 20:14:35,405 [55507c8a-594d-4e25-909f-8d2832294c55-impl-thread2] INFO  storage.RaftStorageDirectory (RaftStorageDirectoryImpl.java:tryLock(231)) - Lock on /home/runner/work/ozone/ozone/hadoop-ozone/integration-test/target/test-dir/MiniOzoneClusterImpl-60426a9d-3de2-4373-b08b-24a22c9da129/datanode-8/data/ratis/9165e2d6-b074-416d-b0ca-f9ef9ef7ab14/in_use.lock acquired by nodename 14569@fv-az342-943
2023-10-27 20:14:35,406 [55507c8a-594d-4e25-909f-8d2832294c55-impl-thread2] INFO  storage.RaftStorage (RaftStorageImpl.java:analyzeAndRecoverStorage(117)) - Read RaftStorageMetadata{term=1, votedFor=55507c8a-594d-4e25-909f-8d2832294c55} from /home/runner/work/ozone/ozone/hadoop-ozone/integration-test/target/test-dir/MiniOzoneClusterImpl-60426a9d-3de2-4373-b08b-24a22c9da129/datanode-8/data/ratis/9165e2d6-b074-416d-b0ca-f9ef9ef7ab14/current/raft-meta
2023-10-27 20:14:35,410 [55507c8a-594d-4e25-909f-8d2832294c55-impl-thread3] INFO  storage.RaftStorage (RaftStorageImpl.java:analyzeAndRecoverStorage(117)) - Read RaftStorageMetadata{term=1, votedFor=fe9b02b7-73ff-430f-9d75-1483ab7beb41} from /home/runner/work/ozone/ozone/hadoop-ozone/integration-test/target/test-dir/MiniOzoneClusterImpl-60426a9d-3de2-4373-b08b-24a22c9da129/datanode-8/data/ratis/ef4fc66b-b8f7-4bea-8eaa-c71ed06640e5/current/raft-meta
2023-10-27 20:14:35,411 [55507c8a-594d-4e25-909f-8d2832294c55-impl-thread3] INFO  ratis.ContainerStateMachine (ContainerStateMachine.java:loadSnapshot(269)) - group-C71ED06640E5: The snapshot info is null. Setting the last applied indexto:(t:0, i:~)
2023-10-27 20:14:35,412 [55507c8a-594d-4e25-909f-8d2832294c55-impl-thread3] INFO  server.RaftServerConfigKeys (ConfUtils.java:logGet(46)) - raft.server.log.use.memory = false (default)
2023-10-27 20:14:35,412 [55507c8a-594d-4e25-909f-8d2832294c55-impl-thread3] INFO  server.RaftServerConfigKeys (ConfUtils.java:logGet(46)) - raft.server.log.purge.gap = 1000000 (custom)
2023-10-27 20:14:35,412 [55507c8a-594d-4e25-909f-8d2832294c55-impl-thread3] INFO  server.RaftServerConfigKeys (ConfUtils.java:logGet(46)) - raft.server.log.appender.buffer.byte-limit = 33554432 (custom)
2023-10-27 20:14:35,412 [55507c8a-594d-4e25-909f-8d2832294c55-impl-thread3] INFO  server.RaftServerConfigKeys (ConfUtils.java:logGet(46)) - raft.server.log.statemachine.data.read.timeout = 1000ms (default)
2023-10-27 20:14:35,413 [55507c8a-594d-4e25-909f-8d2832294c55-impl-thread3] INFO  server.RaftServerConfigKeys (ConfUtils.java:logGet(46)) - raft.server.log.purge.preservation.log.num = 0 (default)
2023-10-27 20:14:35,413 [55507c8a-594d-4e25-909f-8d2832294c55-impl-thread3] INFO  server.RaftServerConfigKeys (ConfUtils.java:logGet(46)) - raft.server.log.segment.size.max = 1048576 (custom)
2023-10-27 20:14:35,413 [55507c8a-594d-4e25-909f-8d2832294c55-impl-thread3] INFO  server.RaftServerConfigKeys (ConfUtils.java:logGet(46)) - raft.server.log.segment.cache.num.max = 2 (custom)
2023-10-27 20:14:35,414 [55507c8a-594d-4e25-909f-8d2832294c55-impl-thread3] INFO  server.RaftServerConfigKeys (ConfUtils.java:logGet(46)) - raft.server.log.segment.cache.size.max = 200MB (=209715200) (default)
2023-10-27 20:14:35,414 [55507c8a-594d-4e25-909f-8d2832294c55-impl-thread3] INFO  server.RaftServerConfigKeys (ConfUtils.java:logGet(46)) - raft.server.log.appender.buffer.byte-limit = 33554432 (custom)
2023-10-27 20:14:35,414 [55507c8a-594d-4e25-909f-8d2832294c55-impl-thread3] INFO  segmented.SegmentedRaftLogWorker (SegmentedRaftLogWorker.java:<init>(188)) - new 55507c8a-594d-4e25-909f-8d2832294c55@group-C71ED06640E5-SegmentedRaftLogWorker for RaftStorageImpl:Storage Directory /home/runner/work/ozone/ozone/hadoop-ozone/integration-test/target/test-dir/MiniOzoneClusterImpl-60426a9d-3de2-4373-b08b-24a22c9da129/datanode-8/data/ratis/ef4fc66b-b8f7-4bea-8eaa-c71ed06640e5
2023-10-27 20:14:35,414 [55507c8a-594d-4e25-909f-8d2832294c55-impl-thread3] INFO  server.RaftServerConfigKeys (ConfUtils.java:logGet(46)) - raft.server.log.queue.byte-limit = 4294967296 (custom)
2023-10-27 20:14:35,414 [55507c8a-594d-4e25-909f-8d2832294c55-impl-thread3] INFO  server.RaftServerConfigKeys (ConfUtils.java:logGet(46)) - raft.server.log.queue.element-limit = 1024 (custom)
2023-10-27 20:14:35,418 [55507c8a-594d-4e25-909f-8d2832294c55-impl-thread3] INFO  server.RaftServerConfigKeys (ConfUtils.java:logGet(46)) - raft.server.log.segment.size.max = 1048576 (custom)
2023-10-27 20:14:35,418 [55507c8a-594d-4e25-909f-8d2832294c55-impl-thread3] INFO  server.RaftServerConfigKeys (ConfUtils.java:logGet(46)) - raft.server.log.preallocated.size = 16384 (custom)
2023-10-27 20:14:35,418 [55507c8a-594d-4e25-909f-8d2832294c55-impl-thread3] INFO  server.RaftServerConfigKeys (ConfUtils.java:logGet(46)) - raft.server.log.force.sync.num = 128 (default)
2023-10-27 20:14:35,418 [55507c8a-594d-4e25-909f-8d2832294c55-impl-thread3] INFO  server.RaftServerConfigKeys (ConfUtils.java:logGet(46)) - raft.server.log.statemachine.data.sync = true (default)
2023-10-27 20:14:35,419 [55507c8a-594d-4e25-909f-8d2832294c55-impl-thread3] INFO  server.RaftServerConfigKeys (ConfUtils.java:logGet(46)) - raft.server.log.statemachine.data.sync.timeout = 10s (default)
2023-10-27 20:14:35,419 [55507c8a-594d-4e25-909f-8d2832294c55-impl-thread3] INFO  server.RaftServerConfigKeys (ConfUtils.java:logGet(46)) - raft.server.log.statemachine.data.sync.timeout.retry = -1 (default)
2023-10-27 20:14:35,412 [55507c8a-594d-4e25-909f-8d2832294c55-impl-thread1] INFO  ratis.ContainerStateMachine (ContainerStateMachine.java:loadSnapshot(278)) - group-51E20A2316D2: Setting the last applied index to (t:1, i:0)
2023-10-27 20:14:35,411 [55507c8a-594d-4e25-909f-8d2832294c55-impl-thread2] INFO  server.RaftServer$Division (ServerState.java:setRaftConf(434)) - 55507c8a-594d-4e25-909f-8d2832294c55@group-F9EF9EF7AB14: set configuration 0: peers:[55507c8a-594d-4e25-909f-8d2832294c55|rpc:10.1.0.32:15086|admin:10.1.0.32:15085|client:10.1.0.32:15084|dataStream:10.1.0.32:15087|priority:1|startupRole:FOLLOWER]|listeners:[], old=null
2023-10-27 20:14:35,428 [55507c8a-594d-4e25-909f-8d2832294c55-impl-thread3] INFO  server.RaftServerConfigKeys (ConfUtils.java:logGet(46)) - raft.server.log.write.buffer.size = 1048576 (custom)
2023-10-27 20:14:35,428 [55507c8a-594d-4e25-909f-8d2832294c55-impl-thread1] INFO  server.RaftServerConfigKeys (ConfUtils.java:logGet(46)) - raft.server.log.use.memory = false (default)
2023-10-27 20:14:35,430 [55507c8a-594d-4e25-909f-8d2832294c55-impl-thread1] INFO  server.RaftServerConfigKeys (ConfUtils.java:logGet(46)) - raft.server.log.purge.gap = 1000000 (custom)
2023-10-27 20:14:35,430 [55507c8a-594d-4e25-909f-8d2832294c55-impl-thread1] INFO  server.RaftServerConfigKeys (ConfUtils.java:logGet(46)) - raft.server.log.appender.buffer.byte-limit = 33554432 (custom)
2023-10-27 20:14:35,431 [55507c8a-594d-4e25-909f-8d2832294c55-impl-thread1] INFO  server.RaftServerConfigKeys (ConfUtils.java:logGet(46)) - raft.server.log.statemachine.data.read.timeout = 1000ms (default)
2023-10-27 20:14:35,431 [55507c8a-594d-4e25-909f-8d2832294c55-impl-thread1] INFO  server.RaftServerConfigKeys (ConfUtils.java:logGet(46)) - raft.server.log.purge.preservation.log.num = 0 (default)
2023-10-27 20:14:35,431 [55507c8a-594d-4e25-909f-8d2832294c55-impl-thread1] INFO  server.RaftServerConfigKeys (ConfUtils.java:logGet(46)) - raft.server.log.segment.size.max = 1048576 (custom)
2023-10-27 20:14:35,432 [55507c8a-594d-4e25-909f-8d2832294c55-impl-thread1] INFO  server.RaftServerConfigKeys (ConfUtils.java:logGet(46)) - raft.server.log.segment.cache.num.max = 2 (custom)
2023-10-27 20:14:35,432 [55507c8a-594d-4e25-909f-8d2832294c55-impl-thread1] INFO  server.RaftServerConfigKeys (ConfUtils.java:logGet(46)) - raft.server.log.segment.cache.size.max = 200MB (=209715200) (default)
2023-10-27 20:14:35,432 [55507c8a-594d-4e25-909f-8d2832294c55-impl-thread1] INFO  server.RaftServerConfigKeys (ConfUtils.java:logGet(46)) - raft.server.log.appender.buffer.byte-limit = 33554432 (custom)
2023-10-27 20:14:35,433 [55507c8a-594d-4e25-909f-8d2832294c55-impl-thread1] INFO  segmented.SegmentedRaftLogWorker (SegmentedRaftLogWorker.java:<init>(188)) - new 55507c8a-594d-4e25-909f-8d2832294c55@group-51E20A2316D2-SegmentedRaftLogWorker for RaftStorageImpl:Storage Directory /home/runner/work/ozone/ozone/hadoop-ozone/integration-test/target/test-dir/MiniOzoneClusterImpl-60426a9d-3de2-4373-b08b-24a22c9da129/datanode-8/data/ratis/510d7b00-c41e-4671-853b-51e20a2316d2
2023-10-27 20:14:35,433 [55507c8a-594d-4e25-909f-8d2832294c55-impl-thread1] INFO  server.RaftServerConfigKeys (ConfUtils.java:logGet(46)) - raft.server.log.queue.byte-limit = 4294967296 (custom)
2023-10-27 20:14:35,434 [55507c8a-594d-4e25-909f-8d2832294c55-impl-thread1] INFO  server.RaftServerConfigKeys (ConfUtils.java:logGet(46)) - raft.server.log.queue.element-limit = 1024 (custom)
2023-10-27 20:14:35,434 [55507c8a-594d-4e25-909f-8d2832294c55-impl-thread1] INFO  server.RaftServerConfigKeys (ConfUtils.java:logGet(46)) - raft.server.log.segment.size.max = 1048576 (custom)
2023-10-27 20:14:35,434 [55507c8a-594d-4e25-909f-8d2832294c55-impl-thread1] INFO  server.RaftServerConfigKeys (ConfUtils.java:logGet(46)) - raft.server.log.preallocated.size = 16384 (custom)
2023-10-27 20:14:35,434 [55507c8a-594d-4e25-909f-8d2832294c55-impl-thread1] INFO  server.RaftServerConfigKeys (ConfUtils.java:logGet(46)) - raft.server.log.force.sync.num = 128 (default)
2023-10-27 20:14:35,434 [55507c8a-594d-4e25-909f-8d2832294c55-impl-thread1] INFO  server.RaftServerConfigKeys (ConfUtils.java:logGet(46)) - raft.server.log.statemachine.data.sync = true (default)
2023-10-27 20:14:35,434 [55507c8a-594d-4e25-909f-8d2832294c55-impl-thread1] INFO  server.RaftServerConfigKeys (ConfUtils.java:logGet(46)) - raft.server.log.statemachine.data.sync.timeout = 10s (default)
2023-10-27 20:14:35,434 [55507c8a-594d-4e25-909f-8d2832294c55-impl-thread1] INFO  server.RaftServerConfigKeys (ConfUtils.java:logGet(46)) - raft.server.log.statemachine.data.sync.timeout.retry = -1 (default)
2023-10-27 20:14:35,429 [55507c8a-594d-4e25-909f-8d2832294c55-impl-thread2] INFO  ratis.ContainerStateMachine (ContainerStateMachine.java:loadSnapshot(278)) - group-F9EF9EF7AB14: Setting the last applied index to (t:1, i:0)
2023-10-27 20:14:35,429 [55507c8a-594d-4e25-909f-8d2832294c55-impl-thread3] INFO  server.RaftServerConfigKeys (ConfUtils.java:logGet(46)) - raft.server.log.appender.buffer.byte-limit = 33554432 (custom)
2023-10-27 20:14:35,436 [55507c8a-594d-4e25-909f-8d2832294c55-impl-thread2] INFO  server.RaftServerConfigKeys (ConfUtils.java:logGet(46)) - raft.server.log.use.memory = false (default)
2023-10-27 20:14:35,436 [55507c8a-594d-4e25-909f-8d2832294c55-impl-thread2] INFO  server.RaftServerConfigKeys (ConfUtils.java:logGet(46)) - raft.server.log.purge.gap = 1000000 (custom)
2023-10-27 20:14:35,436 [55507c8a-594d-4e25-909f-8d2832294c55-impl-thread2] INFO  server.RaftServerConfigKeys (ConfUtils.java:logGet(46)) - raft.server.log.appender.buffer.byte-limit = 33554432 (custom)
2023-10-27 20:14:35,437 [55507c8a-594d-4e25-909f-8d2832294c55-impl-thread2] INFO  server.RaftServerConfigKeys (ConfUtils.java:logGet(46)) - raft.server.log.statemachine.data.read.timeout = 1000ms (default)
2023-10-27 20:14:35,437 [55507c8a-594d-4e25-909f-8d2832294c55-impl-thread2] INFO  server.RaftServerConfigKeys (ConfUtils.java:logGet(46)) - raft.server.log.purge.preservation.log.num = 0 (default)
2023-10-27 20:14:35,437 [55507c8a-594d-4e25-909f-8d2832294c55-impl-thread2] INFO  server.RaftServerConfigKeys (ConfUtils.java:logGet(46)) - raft.server.log.segment.size.max = 1048576 (custom)
2023-10-27 20:14:35,437 [55507c8a-594d-4e25-909f-8d2832294c55-impl-thread2] INFO  server.RaftServerConfigKeys (ConfUtils.java:logGet(46)) - raft.server.log.segment.cache.num.max = 2 (custom)
2023-10-27 20:14:35,437 [55507c8a-594d-4e25-909f-8d2832294c55-impl-thread2] INFO  server.RaftServerConfigKeys (ConfUtils.java:logGet(46)) - raft.server.log.segment.cache.size.max = 200MB (=209715200) (default)
2023-10-27 20:14:35,437 [55507c8a-594d-4e25-909f-8d2832294c55-impl-thread2] INFO  server.RaftServerConfigKeys (ConfUtils.java:logGet(46)) - raft.server.log.appender.buffer.byte-limit = 33554432 (custom)
2023-10-27 20:14:35,437 [55507c8a-594d-4e25-909f-8d2832294c55-impl-thread2] INFO  segmented.SegmentedRaftLogWorker (SegmentedRaftLogWorker.java:<init>(188)) - new 55507c8a-594d-4e25-909f-8d2832294c55@group-F9EF9EF7AB14-SegmentedRaftLogWorker for RaftStorageImpl:Storage Directory /home/runner/work/ozone/ozone/hadoop-ozone/integration-test/target/test-dir/MiniOzoneClusterImpl-60426a9d-3de2-4373-b08b-24a22c9da129/datanode-8/data/ratis/9165e2d6-b074-416d-b0ca-f9ef9ef7ab14
2023-10-27 20:14:35,438 [55507c8a-594d-4e25-909f-8d2832294c55-impl-thread2] INFO  server.RaftServerConfigKeys (ConfUtils.java:logGet(46)) - raft.server.log.queue.byte-limit = 4294967296 (custom)
2023-10-27 20:14:35,438 [55507c8a-594d-4e25-909f-8d2832294c55-impl-thread2] INFO  server.RaftServerConfigKeys (ConfUtils.java:logGet(46)) - raft.server.log.queue.element-limit = 1024 (custom)
2023-10-27 20:14:35,438 [55507c8a-594d-4e25-909f-8d2832294c55-impl-thread2] INFO  server.RaftServerConfigKeys (ConfUtils.java:logGet(46)) - raft.server.log.segment.size.max = 1048576 (custom)
2023-10-27 20:14:35,438 [55507c8a-594d-4e25-909f-8d2832294c55-impl-thread2] INFO  server.RaftServerConfigKeys (ConfUtils.java:logGet(46)) - raft.server.log.preallocated.size = 16384 (custom)
2023-10-27 20:14:35,438 [55507c8a-594d-4e25-909f-8d2832294c55-impl-thread2] INFO  server.RaftServerConfigKeys (ConfUtils.java:logGet(46)) - raft.server.log.force.sync.num = 128 (default)
2023-10-27 20:14:35,438 [55507c8a-594d-4e25-909f-8d2832294c55-impl-thread2] INFO  server.RaftServerConfigKeys (ConfUtils.java:logGet(46)) - raft.server.log.statemachine.data.sync = true (default)
2023-10-27 20:14:35,438 [55507c8a-594d-4e25-909f-8d2832294c55-impl-thread2] INFO  server.RaftServerConfigKeys (ConfUtils.java:logGet(46)) - raft.server.log.statemachine.data.sync.timeout = 10s (default)
2023-10-27 20:14:35,438 [55507c8a-594d-4e25-909f-8d2832294c55-impl-thread2] INFO  server.RaftServerConfigKeys (ConfUtils.java:logGet(46)) - raft.server.log.statemachine.data.sync.timeout.retry = -1 (default)
2023-10-27 20:14:35,439 [55507c8a-594d-4e25-909f-8d2832294c55-impl-thread2] INFO  server.RaftServerConfigKeys (ConfUtils.java:logGet(46)) - raft.server.log.write.buffer.size = 1048576 (custom)
2023-10-27 20:14:35,442 [55507c8a-594d-4e25-909f-8d2832294c55-impl-thread1] INFO  server.RaftServerConfigKeys (ConfUtils.java:logGet(46)) - raft.server.log.write.buffer.size = 1048576 (custom)
2023-10-27 20:14:35,442 [55507c8a-594d-4e25-909f-8d2832294c55-impl-thread2] INFO  server.RaftServerConfigKeys (ConfUtils.java:logGet(46)) - raft.server.log.appender.buffer.byte-limit = 33554432 (custom)
2023-10-27 20:14:35,443 [55507c8a-594d-4e25-909f-8d2832294c55-impl-thread3] INFO  server.RaftServerConfigKeys (ConfUtils.java:logGet(46)) - raft.server.log.unsafe-flush.enabled = false (default)
2023-10-27 20:14:35,443 [55507c8a-594d-4e25-909f-8d2832294c55-impl-thread3] INFO  server.RaftServerConfigKeys (ConfUtils.java:logGet(46)) - raft.server.log.async-flush.enabled = false (default)
2023-10-27 20:14:35,443 [55507c8a-594d-4e25-909f-8d2832294c55-impl-thread3] INFO  server.RaftServerConfigKeys (ConfUtils.java:logGet(46)) - raft.server.log.statemachine.data.caching.enabled = true (custom)
2023-10-27 20:14:35,443 [55507c8a-594d-4e25-909f-8d2832294c55-impl-thread1] INFO  server.RaftServerConfigKeys (ConfUtils.java:logGet(46)) - raft.server.log.appender.buffer.byte-limit = 33554432 (custom)
2023-10-27 20:14:35,472 [55507c8a-594d-4e25-909f-8d2832294c55-impl-thread2] INFO  server.RaftServerConfigKeys (ConfUtils.java:logGet(46)) - raft.server.log.unsafe-flush.enabled = false (default)
2023-10-27 20:14:35,474 [55507c8a-594d-4e25-909f-8d2832294c55-impl-thread2] INFO  server.RaftServerConfigKeys (ConfUtils.java:logGet(46)) - raft.server.log.async-flush.enabled = false (default)
2023-10-27 20:14:35,475 [55507c8a-594d-4e25-909f-8d2832294c55-impl-thread2] INFO  server.RaftServerConfigKeys (ConfUtils.java:logGet(46)) - raft.server.log.statemachine.data.caching.enabled = true (custom)
2023-10-27 20:14:35,474 [55507c8a-594d-4e25-909f-8d2832294c55-impl-thread1] INFO  server.RaftServerConfigKeys (ConfUtils.java:logGet(46)) - raft.server.log.unsafe-flush.enabled = false (default)
2023-10-27 20:14:35,476 [55507c8a-594d-4e25-909f-8d2832294c55-impl-thread1] INFO  server.RaftServerConfigKeys (ConfUtils.java:logGet(46)) - raft.server.log.async-flush.enabled = false (default)
2023-10-27 20:14:35,477 [55507c8a-594d-4e25-909f-8d2832294c55-impl-thread1] INFO  server.RaftServerConfigKeys (ConfUtils.java:logGet(46)) - raft.server.log.statemachine.data.caching.enabled = true (custom)
2023-10-27 20:14:35,472 [55507c8a-594d-4e25-909f-8d2832294c55-impl-thread3] INFO  server.RaftServer$Division (ServerState.java:setRaftConf(434)) - 55507c8a-594d-4e25-909f-8d2832294c55@group-C71ED06640E5: set configuration 0: peers:[f612f2cf-90dc-41dc-bf39-cf028d38c484|rpc:10.1.0.32:15077|admin:10.1.0.32:15076|client:10.1.0.32:15075|dataStream:10.1.0.32:15078|priority:0|startupRole:FOLLOWER, 55507c8a-594d-4e25-909f-8d2832294c55|rpc:10.1.0.32:15086|admin:10.1.0.32:15085|client:10.1.0.32:15084|dataStream:10.1.0.32:15087|priority:0|startupRole:FOLLOWER, fe9b02b7-73ff-430f-9d75-1483ab7beb41|rpc:10.1.0.32:15068|admin:10.1.0.32:15067|client:10.1.0.32:15066|dataStream:10.1.0.32:15069|priority:1|startupRole:FOLLOWER]|listeners:[], old=null
2023-10-27 20:14:35,478 [55507c8a-594d-4e25-909f-8d2832294c55-impl-thread1] INFO  server.RaftServer$Division (ServerState.java:setRaftConf(434)) - 55507c8a-594d-4e25-909f-8d2832294c55@group-51E20A2316D2: set configuration 0: peers:[f612f2cf-90dc-41dc-bf39-cf028d38c484|rpc:10.1.0.32:15077|admin:10.1.0.32:15076|client:10.1.0.32:15075|dataStream:10.1.0.32:15078|priority:0|startupRole:FOLLOWER, 55507c8a-594d-4e25-909f-8d2832294c55|rpc:10.1.0.32:15086|admin:10.1.0.32:15085|client:10.1.0.32:15084|dataStream:10.1.0.32:15087|priority:1|startupRole:FOLLOWER, fe9b02b7-73ff-430f-9d75-1483ab7beb41|rpc:10.1.0.32:15068|admin:10.1.0.32:15067|client:10.1.0.32:15066|dataStream:10.1.0.32:15069|priority:0|startupRole:FOLLOWER]|listeners:[], old=null
2023-10-27 20:14:35,481 [55507c8a-594d-4e25-909f-8d2832294c55-impl-thread1] INFO  segmented.LogSegment (LogSegment.java:loadSegment(170)) - Successfully read 1 entries from segment file /home/runner/work/ozone/ozone/hadoop-ozone/integration-test/target/test-dir/MiniOzoneClusterImpl-60426a9d-3de2-4373-b08b-24a22c9da129/datanode-8/data/ratis/510d7b00-c41e-4671-853b-51e20a2316d2/current/log_inprogress_0
2023-10-27 20:14:35,478 [55507c8a-594d-4e25-909f-8d2832294c55-impl-thread3] INFO  segmented.LogSegment (LogSegment.java:loadSegment(170)) - Successfully read 1 entries from segment file /home/runner/work/ozone/ozone/hadoop-ozone/integration-test/target/test-dir/MiniOzoneClusterImpl-60426a9d-3de2-4373-b08b-24a22c9da129/datanode-8/data/ratis/ef4fc66b-b8f7-4bea-8eaa-c71ed06640e5/current/log_inprogress_0
2023-10-27 20:14:35,482 [55507c8a-594d-4e25-909f-8d2832294c55-impl-thread2] INFO  server.RaftServer$Division (ServerState.java:setRaftConf(434)) - 55507c8a-594d-4e25-909f-8d2832294c55@group-F9EF9EF7AB14: set configuration 0: peers:[55507c8a-594d-4e25-909f-8d2832294c55|rpc:10.1.0.32:15086|admin:10.1.0.32:15085|client:10.1.0.32:15084|dataStream:10.1.0.32:15087|priority:1|startupRole:FOLLOWER]|listeners:[], old=null
2023-10-27 20:14:35,482 [55507c8a-594d-4e25-909f-8d2832294c55-impl-thread1] INFO  segmented.SegmentedRaftLogWorker (SegmentedRaftLogWorker.java:lambda$new$0(135)) - 55507c8a-594d-4e25-909f-8d2832294c55@group-51E20A2316D2-SegmentedRaftLogWorker: safeCacheEvictIndex: setUnconditionally 0 -> -1
2023-10-27 20:14:35,485 [55507c8a-594d-4e25-909f-8d2832294c55-impl-thread1] INFO  server.RaftServer$Division (RaftServerImpl.java:start(342)) - 55507c8a-594d-4e25-909f-8d2832294c55@group-51E20A2316D2: start as a follower, conf=0: peers:[f612f2cf-90dc-41dc-bf39-cf028d38c484|rpc:10.1.0.32:15077|admin:10.1.0.32:15076|client:10.1.0.32:15075|dataStream:10.1.0.32:15078|priority:0|startupRole:FOLLOWER, 55507c8a-594d-4e25-909f-8d2832294c55|rpc:10.1.0.32:15086|admin:10.1.0.32:15085|client:10.1.0.32:15084|dataStream:10.1.0.32:15087|priority:1|startupRole:FOLLOWER, fe9b02b7-73ff-430f-9d75-1483ab7beb41|rpc:10.1.0.32:15068|admin:10.1.0.32:15067|client:10.1.0.32:15066|dataStream:10.1.0.32:15069|priority:0|startupRole:FOLLOWER]|listeners:[], old=null
2023-10-27 20:14:35,485 [55507c8a-594d-4e25-909f-8d2832294c55-impl-thread3] INFO  segmented.SegmentedRaftLogWorker (SegmentedRaftLogWorker.java:lambda$new$0(135)) - 55507c8a-594d-4e25-909f-8d2832294c55@group-C71ED06640E5-SegmentedRaftLogWorker: safeCacheEvictIndex: setUnconditionally 0 -> -1
2023-10-27 20:14:35,485 [55507c8a-594d-4e25-909f-8d2832294c55-impl-thread1] INFO  server.RaftServer$Division (RaftServerImpl.java:setRole(329)) - 55507c8a-594d-4e25-909f-8d2832294c55@group-51E20A2316D2: changes role from      null to FOLLOWER at term 1 for startAsFollower
2023-10-27 20:14:35,485 [55507c8a-594d-4e25-909f-8d2832294c55-impl-thread1] INFO  impl.RoleInfo (RoleInfo.java:updateAndGet(139)) - 55507c8a-594d-4e25-909f-8d2832294c55: start 55507c8a-594d-4e25-909f-8d2832294c55@group-51E20A2316D2-FollowerState
2023-10-27 20:14:35,485 [55507c8a-594d-4e25-909f-8d2832294c55-impl-thread2] INFO  segmented.LogSegment (LogSegment.java:loadSegment(170)) - Successfully read 1 entries from segment file /home/runner/work/ozone/ozone/hadoop-ozone/integration-test/target/test-dir/MiniOzoneClusterImpl-60426a9d-3de2-4373-b08b-24a22c9da129/datanode-8/data/ratis/9165e2d6-b074-416d-b0ca-f9ef9ef7ab14/current/log_inprogress_0
2023-10-27 20:14:35,485 [55507c8a-594d-4e25-909f-8d2832294c55-impl-thread2] INFO  segmented.SegmentedRaftLogWorker (SegmentedRaftLogWorker.java:lambda$new$0(135)) - 55507c8a-594d-4e25-909f-8d2832294c55@group-F9EF9EF7AB14-SegmentedRaftLogWorker: safeCacheEvictIndex: setUnconditionally 0 -> -1
2023-10-27 20:14:35,486 [55507c8a-594d-4e25-909f-8d2832294c55-impl-thread3] INFO  server.RaftServer$Division (RaftServerImpl.java:start(342)) - 55507c8a-594d-4e25-909f-8d2832294c55@group-C71ED06640E5: start as a follower, conf=0: peers:[f612f2cf-90dc-41dc-bf39-cf028d38c484|rpc:10.1.0.32:15077|admin:10.1.0.32:15076|client:10.1.0.32:15075|dataStream:10.1.0.32:15078|priority:0|startupRole:FOLLOWER, 55507c8a-594d-4e25-909f-8d2832294c55|rpc:10.1.0.32:15086|admin:10.1.0.32:15085|client:10.1.0.32:15084|dataStream:10.1.0.32:15087|priority:0|startupRole:FOLLOWER, fe9b02b7-73ff-430f-9d75-1483ab7beb41|rpc:10.1.0.32:15068|admin:10.1.0.32:15067|client:10.1.0.32:15066|dataStream:10.1.0.32:15069|priority:1|startupRole:FOLLOWER]|listeners:[], old=null
2023-10-27 20:14:35,486 [55507c8a-594d-4e25-909f-8d2832294c55-impl-thread3] INFO  server.RaftServer$Division (RaftServerImpl.java:setRole(329)) - 55507c8a-594d-4e25-909f-8d2832294c55@group-C71ED06640E5: changes role from      null to FOLLOWER at term 1 for startAsFollower
2023-10-27 20:14:35,487 [55507c8a-594d-4e25-909f-8d2832294c55-impl-thread1] INFO  util.JmxRegister (JmxRegister.java:tryRegister(44)) - Successfully registered JMX Bean with object name Ratis:service=RaftServer,group=group-51E20A2316D2,id=55507c8a-594d-4e25-909f-8d2832294c55
2023-10-27 20:14:35,487 [55507c8a-594d-4e25-909f-8d2832294c55-impl-thread3] INFO  impl.RoleInfo (RoleInfo.java:updateAndGet(139)) - 55507c8a-594d-4e25-909f-8d2832294c55: start 55507c8a-594d-4e25-909f-8d2832294c55@group-C71ED06640E5-FollowerState
2023-10-27 20:14:35,487 [55507c8a-594d-4e25-909f-8d2832294c55-impl-thread1] INFO  server.RaftServerConfigKeys (ConfUtils.java:logGet(46)) - raft.server.snapshot.auto.trigger.enabled = true (custom)
2023-10-27 20:14:35,487 [55507c8a-594d-4e25-909f-8d2832294c55-impl-thread1] INFO  server.RaftServerConfigKeys (ConfUtils.java:logGet(46)) - raft.server.snapshot.auto.trigger.threshold = 10000 (custom)
2023-10-27 20:14:35,487 [55507c8a-594d-4e25-909f-8d2832294c55-impl-thread1] INFO  server.RaftServerConfigKeys (ConfUtils.java:logGet(46)) - raft.server.snapshot.retention.file.num = 5 (custom)
2023-10-27 20:14:35,487 [55507c8a-594d-4e25-909f-8d2832294c55-impl-thread3] INFO  util.JmxRegister (JmxRegister.java:tryRegister(44)) - Successfully registered JMX Bean with object name Ratis:service=RaftServer,group=group-C71ED06640E5,id=55507c8a-594d-4e25-909f-8d2832294c55
2023-10-27 20:14:35,487 [55507c8a-594d-4e25-909f-8d2832294c55-impl-thread3] INFO  server.RaftServerConfigKeys (ConfUtils.java:logGet(46)) - raft.server.snapshot.auto.trigger.enabled = true (custom)
2023-10-27 20:14:35,487 [55507c8a-594d-4e25-909f-8d2832294c55-impl-thread3] INFO  server.RaftServerConfigKeys (ConfUtils.java:logGet(46)) - raft.server.snapshot.auto.trigger.threshold = 10000 (custom)
2023-10-27 20:14:35,487 [55507c8a-594d-4e25-909f-8d2832294c55-impl-thread3] INFO  server.RaftServerConfigKeys (ConfUtils.java:logGet(46)) - raft.server.snapshot.retention.file.num = 5 (custom)
2023-10-27 20:14:35,487 [55507c8a-594d-4e25-909f-8d2832294c55-impl-thread3] INFO  server.RaftServerConfigKeys (ConfUtils.java:logGet(46)) - raft.server.log.purge.upto.snapshot.index = false (default)
2023-10-27 20:14:35,487 [55507c8a-594d-4e25-909f-8d2832294c55-impl-thread1] INFO  server.RaftServerConfigKeys (ConfUtils.java:logGet(46)) - raft.server.log.purge.upto.snapshot.index = false (default)
2023-10-27 20:14:35,488 [55507c8a-594d-4e25-909f-8d2832294c55@group-C71ED06640E5-FollowerState] INFO  server.RaftServerConfigKeys (ConfUtils.java:logFallback(53)) - raft.server.rpc.first-election.timeout.min = 5s (fallback to raft.server.rpc.timeout.min)
2023-10-27 20:14:35,488 [55507c8a-594d-4e25-909f-8d2832294c55@group-C71ED06640E5-FollowerState] INFO  server.RaftServerConfigKeys (ConfUtils.java:logFallback(53)) - raft.server.rpc.first-election.timeout.max = 5200ms (fallback to raft.server.rpc.timeout.max)
2023-10-27 20:14:35,491 [55507c8a-594d-4e25-909f-8d2832294c55-impl-thread2] INFO  server.RaftServer$Division (RaftServerImpl.java:start(342)) - 55507c8a-594d-4e25-909f-8d2832294c55@group-F9EF9EF7AB14: start as a follower, conf=0: peers:[55507c8a-594d-4e25-909f-8d2832294c55|rpc:10.1.0.32:15086|admin:10.1.0.32:15085|client:10.1.0.32:15084|dataStream:10.1.0.32:15087|priority:1|startupRole:FOLLOWER]|listeners:[], old=null
2023-10-27 20:14:35,491 [55507c8a-594d-4e25-909f-8d2832294c55-impl-thread2] INFO  server.RaftServer$Division (RaftServerImpl.java:setRole(329)) - 55507c8a-594d-4e25-909f-8d2832294c55@group-F9EF9EF7AB14: changes role from      null to FOLLOWER at term 1 for startAsFollower
2023-10-27 20:14:35,491 [55507c8a-594d-4e25-909f-8d2832294c55-impl-thread2] INFO  impl.RoleInfo (RoleInfo.java:updateAndGet(139)) - 55507c8a-594d-4e25-909f-8d2832294c55: start 55507c8a-594d-4e25-909f-8d2832294c55@group-F9EF9EF7AB14-FollowerState
2023-10-27 20:14:35,495 [55507c8a-594d-4e25-909f-8d2832294c55@group-51E20A2316D2-FollowerState] INFO  server.RaftServerConfigKeys (ConfUtils.java:logFallback(53)) - raft.server.rpc.first-election.timeout.min = 5s (fallback to raft.server.rpc.timeout.min)
2023-10-27 20:14:35,495 [55507c8a-594d-4e25-909f-8d2832294c55@group-51E20A2316D2-FollowerState] INFO  server.RaftServerConfigKeys (ConfUtils.java:logFallback(53)) - raft.server.rpc.first-election.timeout.max = 5200ms (fallback to raft.server.rpc.timeout.max)
2023-10-27 20:14:35,498 [55507c8a-594d-4e25-909f-8d2832294c55-impl-thread2] INFO  util.JmxRegister (JmxRegister.java:tryRegister(44)) - Successfully registered JMX Bean with object name Ratis:service=RaftServer,group=group-F9EF9EF7AB14,id=55507c8a-594d-4e25-909f-8d2832294c55
2023-10-27 20:14:35,498 [55507c8a-594d-4e25-909f-8d2832294c55-impl-thread2] INFO  server.RaftServerConfigKeys (ConfUtils.java:logGet(46)) - raft.server.snapshot.auto.trigger.enabled = true (custom)
2023-10-27 20:14:35,498 [55507c8a-594d-4e25-909f-8d2832294c55-impl-thread2] INFO  server.RaftServerConfigKeys (ConfUtils.java:logGet(46)) - raft.server.snapshot.auto.trigger.threshold = 10000 (custom)
2023-10-27 20:14:35,498 [55507c8a-594d-4e25-909f-8d2832294c55-impl-thread2] INFO  server.RaftServerConfigKeys (ConfUtils.java:logGet(46)) - raft.server.snapshot.retention.file.num = 5 (custom)
2023-10-27 20:14:35,498 [55507c8a-594d-4e25-909f-8d2832294c55-impl-thread2] INFO  server.RaftServerConfigKeys (ConfUtils.java:logGet(46)) - raft.server.log.purge.upto.snapshot.index = false (default)
2023-10-27 20:14:35,500 [55507c8a-594d-4e25-909f-8d2832294c55@group-F9EF9EF7AB14-FollowerState] INFO  server.RaftServerConfigKeys (ConfUtils.java:logFallback(53)) - raft.server.rpc.first-election.timeout.min = 5s (fallback to raft.server.rpc.timeout.min)
2023-10-27 20:14:35,500 [55507c8a-594d-4e25-909f-8d2832294c55@group-F9EF9EF7AB14-FollowerState] INFO  server.RaftServerConfigKeys (ConfUtils.java:logFallback(53)) - raft.server.rpc.first-election.timeout.max = 5200ms (fallback to raft.server.rpc.timeout.max)
2023-10-27 20:14:35,501 [55507c8a-594d-4e25-909f-8d2832294c55-EndpointStateMachineTaskThread-/0.0.0.0:15002-0 ] INFO  server.RaftServer (RaftServerProxy.java:startImpl(400)) - 55507c8a-594d-4e25-909f-8d2832294c55: start RPC server
2023-10-27 20:14:35,504 [55507c8a-594d-4e25-909f-8d2832294c55-EndpointStateMachineTaskThread-/0.0.0.0:15002-0 ] INFO  server.GrpcService (GrpcService.java:startImpl(302)) - 55507c8a-594d-4e25-909f-8d2832294c55: GrpcService started, listening on 15084
2023-10-27 20:14:35,505 [55507c8a-594d-4e25-909f-8d2832294c55-EndpointStateMachineTaskThread-/0.0.0.0:15002-0 ] INFO  server.GrpcService (GrpcService.java:startImpl(302)) - 55507c8a-594d-4e25-909f-8d2832294c55: GrpcService started, listening on 15086
2023-10-27 20:14:35,506 [55507c8a-594d-4e25-909f-8d2832294c55-EndpointStateMachineTaskThread-/0.0.0.0:15002-0 ] INFO  server.GrpcService (GrpcService.java:startImpl(302)) - 55507c8a-594d-4e25-909f-8d2832294c55: GrpcService started, listening on 15085
2023-10-27 20:14:35,506 [55507c8a-594d-4e25-909f-8d2832294c55-EndpointStateMachineTaskThread-/0.0.0.0:15002-0 ] INFO  ratis.XceiverServerRatis (XceiverServerRatis.java:getRealPort(544)) - XceiverServerRatis 55507c8a-594d-4e25-909f-8d2832294c55 is started using port 15084 for RATIS
2023-10-27 20:14:35,507 [55507c8a-594d-4e25-909f-8d2832294c55-EndpointStateMachineTaskThread-/0.0.0.0:15002-0 ] INFO  ratis.XceiverServerRatis (XceiverServerRatis.java:getRealPort(544)) - XceiverServerRatis 55507c8a-594d-4e25-909f-8d2832294c55 is started using port 15085 for RATIS_ADMIN
2023-10-27 20:14:35,507 [55507c8a-594d-4e25-909f-8d2832294c55-EndpointStateMachineTaskThread-/0.0.0.0:15002-0 ] INFO  ratis.XceiverServerRatis (XceiverServerRatis.java:getRealPort(544)) - XceiverServerRatis 55507c8a-594d-4e25-909f-8d2832294c55 is started using port 15086 for RATIS_SERVER
2023-10-27 20:14:35,507 [55507c8a-594d-4e25-909f-8d2832294c55-EndpointStateMachineTaskThread-/0.0.0.0:15002-0 ] INFO  ratis.XceiverServerRatis (XceiverServerRatis.java:getRealPort(544)) - XceiverServerRatis 55507c8a-594d-4e25-909f-8d2832294c55 is started using port 15087 for RATIS_DATASTREAM
2023-10-27 20:14:35,508 [JvmPauseMonitor12] INFO  util.JvmPauseMonitor (JvmPauseMonitor.java:run(103)) - JvmPauseMonitor-55507c8a-594d-4e25-909f-8d2832294c55: Started
2023-10-27 20:14:35,513 [55507c8a-594d-4e25-909f-8d2832294c55-BlockDeletingService#0] INFO  interfaces.ContainerDeletionChoosingPolicyTemplate (ContainerDeletionChoosingPolicyTemplate.java:chooseContainerForBlockDeletion(85)) - Chosen 0/5000 blocks from 0 candidate containers.
2023-10-27 20:14:36,377 [main] INFO  ozone.MiniOzoneClusterImpl (MiniOzoneClusterImpl.java:lambda$waitForClusterToBeReady$0(229)) - Waiting for nodes to be ready. Got 9 of 10 DN Heartbeats.
2023-10-27 20:14:36,377 [main] INFO  ozone.MiniOzoneClusterImpl (MiniOzoneClusterImpl.java:lambda$waitForClusterToBeReady$0(232)) - Cluster exits safe mode
2023-10-27 20:14:36,378 [main] INFO  ozone.MiniOzoneClusterImpl (MiniOzoneClusterImpl.java:lambda$waitForClusterToBeReady$0(234)) - SCM became leader
2023-10-27 20:14:37,378 [main] INFO  ozone.MiniOzoneClusterImpl (MiniOzoneClusterImpl.java:lambda$waitForClusterToBeReady$0(229)) - Waiting for nodes to be ready. Got 9 of 10 DN Heartbeats.
2023-10-27 20:14:37,378 [main] INFO  ozone.MiniOzoneClusterImpl (MiniOzoneClusterImpl.java:lambda$waitForClusterToBeReady$0(232)) - Cluster exits safe mode
2023-10-27 20:14:37,378 [main] INFO  ozone.MiniOzoneClusterImpl (MiniOzoneClusterImpl.java:lambda$waitForClusterToBeReady$0(234)) - SCM became leader
2023-10-27 20:14:37,437 [EventQueue-PipelineReportForPipelineReportHandler] INFO  pipeline.PipelineReportHandler (PipelineReportHandler.java:processPipelineReport(115)) - Reported pipeline PipelineID=510d7b00-c41e-4671-853b-51e20a2316d2 is not found
2023-10-27 20:14:37,437 [EventQueue-PipelineReportForPipelineReportHandler] INFO  pipeline.PipelineReportHandler (PipelineReportHandler.java:processPipelineReport(115)) - Reported pipeline PipelineID=9165e2d6-b074-416d-b0ca-f9ef9ef7ab14 is not found
2023-10-27 20:14:37,437 [EventQueue-PipelineReportForPipelineReportHandler] INFO  pipeline.PipelineReportHandler (PipelineReportHandler.java:processPipelineReport(115)) - Reported pipeline PipelineID=ef4fc66b-b8f7-4bea-8eaa-c71ed06640e5 is not found
2023-10-27 20:14:38,379 [main] INFO  ozone.MiniOzoneClusterImpl (MiniOzoneClusterImpl.java:lambda$waitForClusterToBeReady$0(229)) - Waiting for nodes to be ready. Got 9 of 10 DN Heartbeats.
2023-10-27 20:14:38,379 [main] INFO  ozone.MiniOzoneClusterImpl (MiniOzoneClusterImpl.java:lambda$waitForClusterToBeReady$0(232)) - Cluster exits safe mode
2023-10-27 20:14:38,379 [main] INFO  ozone.MiniOzoneClusterImpl (MiniOzoneClusterImpl.java:lambda$waitForClusterToBeReady$0(234)) - SCM became leader
2023-10-27 20:14:39,380 [main] INFO  ozone.MiniOzoneClusterImpl (MiniOzoneClusterImpl.java:lambda$waitForClusterToBeReady$0(229)) - Waiting for nodes to be ready. Got 9 of 10 DN Heartbeats.
2023-10-27 20:14:39,380 [main] INFO  ozone.MiniOzoneClusterImpl (MiniOzoneClusterImpl.java:lambda$waitForClusterToBeReady$0(232)) - Cluster exits safe mode
2023-10-27 20:14:39,380 [main] INFO  ozone.MiniOzoneClusterImpl (MiniOzoneClusterImpl.java:lambda$waitForClusterToBeReady$0(234)) - SCM became leader
2023-10-27 20:14:39,432 [EventQueue-PipelineReportForPipelineReportHandler] INFO  pipeline.PipelineReportHandler (PipelineReportHandler.java:processPipelineReport(115)) - Reported pipeline PipelineID=510d7b00-c41e-4671-853b-51e20a2316d2 is not found
2023-10-27 20:14:39,432 [EventQueue-PipelineReportForPipelineReportHandler] INFO  pipeline.PipelineReportHandler (PipelineReportHandler.java:processPipelineReport(115)) - Reported pipeline PipelineID=9165e2d6-b074-416d-b0ca-f9ef9ef7ab14 is not found
2023-10-27 20:14:39,432 [EventQueue-PipelineReportForPipelineReportHandler] INFO  pipeline.PipelineReportHandler (PipelineReportHandler.java:processPipelineReport(115)) - Reported pipeline PipelineID=ef4fc66b-b8f7-4bea-8eaa-c71ed06640e5 is not found
2023-10-27 20:14:39,469 [EventQueue-HealthyReadonlyNodeForHealthyReadOnlyNodeHandler] INFO  node.HealthyReadOnlyNodeHandler (HealthyReadOnlyNodeHandler.java:onMessage(55)) - Datanode 55507c8a-594d-4e25-909f-8d2832294c55(fv-az342-943/10.1.0.32) moved to HEALTHY READONLY state.
2023-10-27 20:14:39,469 [EventQueue-HealthyReadonlyNodeForHealthyReadOnlyNodeHandler] INFO  net.NetworkTopologyImpl (NetworkTopologyImpl.java:add(112)) - Added a new node: /default-rack/55507c8a-594d-4e25-909f-8d2832294c55
2023-10-27 20:14:39,569 [EventQueue-HealthyReadonlyToHealthyNodeForReadOnlyHealthyToHealthyNodeHandler] INFO  node.ReadOnlyHealthyToHealthyNodeHandler (ReadOnlyHealthyToHealthyNodeHandler.java:onMessage(51)) - Datanode 55507c8a-594d-4e25-909f-8d2832294c55(fv-az342-943/10.1.0.32) moved to HEALTHY state.
2023-10-27 20:14:39,569 [EventQueue-HealthyReadonlyToHealthyNodeForReadOnlyHealthyToHealthyNodeHandler] INFO  pipeline.BackgroundPipelineCreator (BackgroundPipelineCreator.java:notifyEventTriggered(280)) - trigger a one-shot run on RatisPipelineUtilsThread.
2023-10-27 20:14:39,571 [RatisPipelineUtilsThread-0] INFO  pipeline.RatisPipelineProvider (RatisPipelineProvider.java:lambda$create$0(206)) - Sending CreatePipelineCommand for pipeline:PipelineID=3a0beda8-6a44-4da0-b87a-456b59e875e4 to datanode:55507c8a-594d-4e25-909f-8d2832294c55
2023-10-27 20:14:39,572 [RatisPipelineUtilsThread-0] INFO  pipeline.BackgroundPipelineCreator (BackgroundPipelineCreator.java:createPipelines(236)) - Created new pipeline Pipeline[ Id: 3a0beda8-6a44-4da0-b87a-456b59e875e4, Nodes: 55507c8a-594d-4e25-909f-8d2832294c55(fv-az342-943/10.1.0.32), ReplicationConfig: RATIS/ONE, State:ALLOCATED, leaderId:, CreationTimestamp2023-10-27T20:14:39.571Z[Etc/UTC]]
2023-10-27 20:14:39,572 [RatisPipelineUtilsThread-0] INFO  pipeline.RatisPipelineProvider (RatisPipelineProvider.java:lambda$create$0(206)) - Sending CreatePipelineCommand for pipeline:PipelineID=273a9d47-263d-4559-8519-2d5a7f82fa56 to datanode:fe9b02b7-73ff-430f-9d75-1483ab7beb41
2023-10-27 20:14:39,573 [RatisPipelineUtilsThread-0] INFO  pipeline.RatisPipelineProvider (RatisPipelineProvider.java:lambda$create$0(206)) - Sending CreatePipelineCommand for pipeline:PipelineID=273a9d47-263d-4559-8519-2d5a7f82fa56 to datanode:f612f2cf-90dc-41dc-bf39-cf028d38c484
2023-10-27 20:14:39,573 [RatisPipelineUtilsThread-0] INFO  pipeline.RatisPipelineProvider (RatisPipelineProvider.java:lambda$create$0(206)) - Sending CreatePipelineCommand for pipeline:PipelineID=273a9d47-263d-4559-8519-2d5a7f82fa56 to datanode:5b9beb6f-d596-489f-8a17-e362b772df82
2023-10-27 20:14:39,573 [RatisPipelineUtilsThread-0] INFO  pipeline.BackgroundPipelineCreator (BackgroundPipelineCreator.java:createPipelines(236)) - Created new pipeline Pipeline[ Id: 273a9d47-263d-4559-8519-2d5a7f82fa56, Nodes: fe9b02b7-73ff-430f-9d75-1483ab7beb41(fv-az342-943/10.1.0.32)f612f2cf-90dc-41dc-bf39-cf028d38c484(fv-az342-943/10.1.0.32)5b9beb6f-d596-489f-8a17-e362b772df82(fv-az342-943/10.1.0.32), ReplicationConfig: RATIS/THREE, State:ALLOCATED, leaderId:, CreationTimestamp2023-10-27T20:14:39.572Z[Etc/UTC]]
2023-10-27 20:14:39,574 [RatisPipelineUtilsThread-0] INFO  pipeline.RatisPipelineProvider (RatisPipelineProvider.java:lambda$create$0(206)) - Sending CreatePipelineCommand for pipeline:PipelineID=e2f8a5c1-2390-4205-923d-3cea00bd3bac to datanode:55507c8a-594d-4e25-909f-8d2832294c55
2023-10-27 20:14:39,574 [RatisPipelineUtilsThread-0] INFO  pipeline.RatisPipelineProvider (RatisPipelineProvider.java:lambda$create$0(206)) - Sending CreatePipelineCommand for pipeline:PipelineID=e2f8a5c1-2390-4205-923d-3cea00bd3bac to datanode:5b9beb6f-d596-489f-8a17-e362b772df82
2023-10-27 20:14:39,574 [RatisPipelineUtilsThread-0] INFO  pipeline.RatisPipelineProvider (RatisPipelineProvider.java:lambda$create$0(206)) - Sending CreatePipelineCommand for pipeline:PipelineID=e2f8a5c1-2390-4205-923d-3cea00bd3bac to datanode:f612f2cf-90dc-41dc-bf39-cf028d38c484
2023-10-27 20:14:39,578 [RatisPipelineUtilsThread-0] INFO  pipeline.BackgroundPipelineCreator (BackgroundPipelineCreator.java:createPipelines(236)) - Created new pipeline Pipeline[ Id: e2f8a5c1-2390-4205-923d-3cea00bd3bac, Nodes: 55507c8a-594d-4e25-909f-8d2832294c55(fv-az342-943/10.1.0.32)5b9beb6f-d596-489f-8a17-e362b772df82(fv-az342-943/10.1.0.32)f612f2cf-90dc-41dc-bf39-cf028d38c484(fv-az342-943/10.1.0.32), ReplicationConfig: RATIS/THREE, State:ALLOCATED, leaderId:, CreationTimestamp2023-10-27T20:14:39.574Z[Etc/UTC]]
2023-10-27 20:14:40,381 [main] INFO  ozone.MiniOzoneClusterImpl (MiniOzoneClusterImpl.java:lambda$waitForClusterToBeReady$0(229)) - Nodes are ready. Got 10 of 10 DN Heartbeats.
2023-10-27 20:14:40,381 [main] INFO  ozone.MiniOzoneClusterImpl (MiniOzoneClusterImpl.java:lambda$waitForClusterToBeReady$0(232)) - Cluster exits safe mode
2023-10-27 20:14:40,381 [main] INFO  ozone.MiniOzoneClusterImpl (MiniOzoneClusterImpl.java:lambda$waitForClusterToBeReady$0(234)) - SCM became leader
2023-10-27 20:14:40,381 [main] INFO  replication.ReplicationManager (ReplicationManager.java:start(291)) - Starting Replication Monitor Thread.
2023-10-27 20:14:40,384 [ReplicationMonitor] INFO  replication.ReplicationManager (ReplicationManager.java:sendDatanodeCommand(674)) - Sending command [closeContainerCommand: containerID: 1, pipelineID: PipelineID=08044757-d872-40bb-bc32-209684792ee2, force: true] for container ContainerInfo{id=#1, state=CLOSED, stateEnterTime=2023-10-27T20:14:19.975Z, pipelineID=PipelineID=08044757-d872-40bb-bc32-209684792ee2, owner=omServiceIdDefault} to 55507c8a-594d-4e25-909f-8d2832294c55(fv-az342-943/10.1.0.32) with datanode deadline 1698438250384 and scm deadline 1698438280384
2023-10-27 20:14:40,385 [ReplicationMonitor] INFO  replication.ReplicationManager (ReplicationManager.java:processAll(394)) - Replication Monitor Thread took 1 milliseconds for processing 1 containers.
2023-10-27 20:14:40,431 [55507c8a-594d-4e25-909f-8d2832294c55-PipelineCommandHandlerThread-0] INFO  server.RaftServer (RaftServerProxy.java:remove(109)) - 55507c8a-594d-4e25-909f-8d2832294c55: remove  FOLLOWER 55507c8a-594d-4e25-909f-8d2832294c55@group-51E20A2316D2:t1, leader=null, voted=55507c8a-594d-4e25-909f-8d2832294c55, raftlog=Memoized:55507c8a-594d-4e25-909f-8d2832294c55@group-51E20A2316D2-SegmentedRaftLog:OPENED:c0, conf=0: peers:[f612f2cf-90dc-41dc-bf39-cf028d38c484|rpc:10.1.0.32:15077|admin:10.1.0.32:15076|client:10.1.0.32:15075|dataStream:10.1.0.32:15078|priority:0|startupRole:FOLLOWER, 55507c8a-594d-4e25-909f-8d2832294c55|rpc:10.1.0.32:15086|admin:10.1.0.32:15085|client:10.1.0.32:15084|dataStream:10.1.0.32:15087|priority:1|startupRole:FOLLOWER, fe9b02b7-73ff-430f-9d75-1483ab7beb41|rpc:10.1.0.32:15068|admin:10.1.0.32:15067|client:10.1.0.32:15066|dataStream:10.1.0.32:15069|priority:0|startupRole:FOLLOWER]|listeners:[], old=null RUNNING
2023-10-27 20:14:40,431 [55507c8a-594d-4e25-909f-8d2832294c55-PipelineCommandHandlerThread-0] INFO  server.RaftServer$Division (RaftServerImpl.java:lambda$close$4(466)) - 55507c8a-594d-4e25-909f-8d2832294c55@group-51E20A2316D2: shutdown
2023-10-27 20:14:40,432 [55507c8a-594d-4e25-909f-8d2832294c55-PipelineCommandHandlerThread-0] INFO  util.JmxRegister (JmxRegister.java:unregister(73)) - Successfully un-registered JMX Bean with object name Ratis:service=RaftServer,group=group-51E20A2316D2,id=55507c8a-594d-4e25-909f-8d2832294c55
2023-10-27 20:14:40,432 [55507c8a-594d-4e25-909f-8d2832294c55-PipelineCommandHandlerThread-0] INFO  impl.RoleInfo (RoleInfo.java:shutdownFollowerState(110)) - 55507c8a-594d-4e25-909f-8d2832294c55: shutdown 55507c8a-594d-4e25-909f-8d2832294c55@group-51E20A2316D2-FollowerState
2023-10-27 20:14:40,432 [55507c8a-594d-4e25-909f-8d2832294c55@group-51E20A2316D2-FollowerState] INFO  impl.FollowerState (FollowerState.java:run(152)) - 55507c8a-594d-4e25-909f-8d2832294c55@group-51E20A2316D2-FollowerState was interrupted
2023-10-27 20:14:40,432 [55507c8a-594d-4e25-909f-8d2832294c55-PipelineCommandHandlerThread-0] INFO  impl.StateMachineUpdater (StateMachineUpdater.java:stopAndJoin(155)) - 55507c8a-594d-4e25-909f-8d2832294c55@group-51E20A2316D2-StateMachineUpdater: set stopIndex = 0
2023-10-27 20:14:40,433 [55507c8a-594d-4e25-909f-8d2832294c55-PipelineCommandHandlerThread-0] INFO  server.RaftServer$Division (ServerState.java:close(472)) - 55507c8a-594d-4e25-909f-8d2832294c55@group-51E20A2316D2: closes. applyIndex: 0
2023-10-27 20:14:40,488 [55507c8a-594d-4e25-909f-8d2832294c55-PipelineCommandHandlerThread-0] INFO  segmented.SegmentedRaftLogWorker (SegmentedRaftLogWorker.java:close(252)) - 55507c8a-594d-4e25-909f-8d2832294c55@group-51E20A2316D2-SegmentedRaftLogWorker close()
2023-10-27 20:14:40,492 [55507c8a-594d-4e25-909f-8d2832294c55-PipelineCommandHandlerThread-0] INFO  server.RaftServer$Division (RaftServerImpl.java:groupRemove(436)) - 55507c8a-594d-4e25-909f-8d2832294c55@group-51E20A2316D2: Succeed to remove RaftStorageDirectory Storage Directory /home/runner/work/ozone/ozone/hadoop-ozone/integration-test/target/test-dir/MiniOzoneClusterImpl-60426a9d-3de2-4373-b08b-24a22c9da129/datanode-8/data/ratis/510d7b00-c41e-4671-853b-51e20a2316d2
2023-10-27 20:14:40,493 [55507c8a-594d-4e25-909f-8d2832294c55-PipelineCommandHandlerThread-0] INFO  commandhandler.ClosePipelineCommandHandler (ClosePipelineCommandHandler.java:lambda$handle$0(87)) - Close Pipeline PipelineID=510d7b00-c41e-4671-853b-51e20a2316d2 command on datanode 55507c8a-594d-4e25-909f-8d2832294c55.
2023-10-27 20:14:40,493 [55507c8a-594d-4e25-909f-8d2832294c55-PipelineCommandHandlerThread-0] INFO  server.RaftServer (RaftServerProxy.java:remove(109)) - 55507c8a-594d-4e25-909f-8d2832294c55: remove  FOLLOWER 55507c8a-594d-4e25-909f-8d2832294c55@group-F9EF9EF7AB14:t1, leader=null, voted=55507c8a-594d-4e25-909f-8d2832294c55, raftlog=Memoized:55507c8a-594d-4e25-909f-8d2832294c55@group-F9EF9EF7AB14-SegmentedRaftLog:OPENED:c0, conf=0: peers:[55507c8a-594d-4e25-909f-8d2832294c55|rpc:10.1.0.32:15086|admin:10.1.0.32:15085|client:10.1.0.32:15084|dataStream:10.1.0.32:15087|priority:1|startupRole:FOLLOWER]|listeners:[], old=null RUNNING
2023-10-27 20:14:40,493 [55507c8a-594d-4e25-909f-8d2832294c55-PipelineCommandHandlerThread-0] INFO  server.RaftServer$Division (RaftServerImpl.java:lambda$close$4(466)) - 55507c8a-594d-4e25-909f-8d2832294c55@group-F9EF9EF7AB14: shutdown
2023-10-27 20:14:40,493 [55507c8a-594d-4e25-909f-8d2832294c55-PipelineCommandHandlerThread-0] INFO  util.JmxRegister (JmxRegister.java:unregister(73)) - Successfully un-registered JMX Bean with object name Ratis:service=RaftServer,group=group-F9EF9EF7AB14,id=55507c8a-594d-4e25-909f-8d2832294c55
2023-10-27 20:14:40,493 [55507c8a-594d-4e25-909f-8d2832294c55-PipelineCommandHandlerThread-0] INFO  impl.RoleInfo (RoleInfo.java:shutdownFollowerState(110)) - 55507c8a-594d-4e25-909f-8d2832294c55: shutdown 55507c8a-594d-4e25-909f-8d2832294c55@group-F9EF9EF7AB14-FollowerState
2023-10-27 20:14:40,493 [55507c8a-594d-4e25-909f-8d2832294c55-PipelineCommandHandlerThread-0] INFO  impl.StateMachineUpdater (StateMachineUpdater.java:stopAndJoin(155)) - 55507c8a-594d-4e25-909f-8d2832294c55@group-F9EF9EF7AB14-StateMachineUpdater: set stopIndex = 0
2023-10-27 20:14:40,494 [55507c8a-594d-4e25-909f-8d2832294c55@group-F9EF9EF7AB14-FollowerState] INFO  impl.FollowerState (FollowerState.java:run(152)) - 55507c8a-594d-4e25-909f-8d2832294c55@group-F9EF9EF7AB14-FollowerState was interrupted
2023-10-27 20:14:40,496 [55507c8a-594d-4e25-909f-8d2832294c55-PipelineCommandHandlerThread-0] INFO  server.RaftServer$Division (ServerState.java:close(472)) - 55507c8a-594d-4e25-909f-8d2832294c55@group-F9EF9EF7AB14: closes. applyIndex: 0
2023-10-27 20:14:40,669 [55507c8a-594d-4e25-909f-8d2832294c55@group-C71ED06640E5-FollowerState] INFO  impl.FollowerState (FollowerState.java:run(143)) - 55507c8a-594d-4e25-909f-8d2832294c55@group-C71ED06640E5-FollowerState: change to CANDIDATE, lastRpcElapsedTime:5181950355ns, electionTimeout:5180ms
2023-10-27 20:14:40,669 [55507c8a-594d-4e25-909f-8d2832294c55@group-C71ED06640E5-FollowerState] INFO  impl.RoleInfo (RoleInfo.java:shutdownFollowerState(110)) - 55507c8a-594d-4e25-909f-8d2832294c55: shutdown 55507c8a-594d-4e25-909f-8d2832294c55@group-C71ED06640E5-FollowerState
2023-10-27 20:14:40,669 [55507c8a-594d-4e25-909f-8d2832294c55@group-C71ED06640E5-FollowerState] INFO  server.RaftServer$Division (RaftServerImpl.java:setRole(329)) - 55507c8a-594d-4e25-909f-8d2832294c55@group-C71ED06640E5: changes role from  FOLLOWER to CANDIDATE at term 1 for changeToCandidate
2023-10-27 20:14:40,669 [55507c8a-594d-4e25-909f-8d2832294c55@group-C71ED06640E5-FollowerState] INFO  server.RaftServerConfigKeys (ConfUtils.java:logGet(46)) - raft.server.leaderelection.pre-vote = true (default)
2023-10-27 20:14:40,669 [55507c8a-594d-4e25-909f-8d2832294c55@group-C71ED06640E5-FollowerState] INFO  impl.RoleInfo (RoleInfo.java:updateAndGet(139)) - 55507c8a-594d-4e25-909f-8d2832294c55: start 55507c8a-594d-4e25-909f-8d2832294c55@group-C71ED06640E5-LeaderElection21
2023-10-27 20:14:40,674 [55507c8a-594d-4e25-909f-8d2832294c55@group-C71ED06640E5-LeaderElection21] INFO  impl.LeaderElection (LeaderElection.java:askForVotes(321)) - 55507c8a-594d-4e25-909f-8d2832294c55@group-C71ED06640E5-LeaderElection21 PRE_VOTE round 0: submit vote requests at term 1 for 0: peers:[f612f2cf-90dc-41dc-bf39-cf028d38c484|rpc:10.1.0.32:15077|admin:10.1.0.32:15076|client:10.1.0.32:15075|dataStream:10.1.0.32:15078|priority:0|startupRole:FOLLOWER, 55507c8a-594d-4e25-909f-8d2832294c55|rpc:10.1.0.32:15086|admin:10.1.0.32:15085|client:10.1.0.32:15084|dataStream:10.1.0.32:15087|priority:0|startupRole:FOLLOWER, fe9b02b7-73ff-430f-9d75-1483ab7beb41|rpc:10.1.0.32:15068|admin:10.1.0.32:15067|client:10.1.0.32:15066|dataStream:10.1.0.32:15069|priority:1|startupRole:FOLLOWER]|listeners:[], old=null
2023-10-27 20:14:40,677 [55507c8a-594d-4e25-909f-8d2832294c55@group-C71ED06640E5-LeaderElection21-1] INFO  server.GrpcServerProtocolClient (GrpcServerProtocolClient.java:<init>(65)) - Build channel for f612f2cf-90dc-41dc-bf39-cf028d38c484
2023-10-27 20:14:40,678 [55507c8a-594d-4e25-909f-8d2832294c55@group-C71ED06640E5-LeaderElection21] INFO  server.RaftServerConfigKeys (ConfUtils.java:logFallback(53)) - raft.server.rpc.first-election.timeout.min = 5s (fallback to raft.server.rpc.timeout.min)
2023-10-27 20:14:40,678 [55507c8a-594d-4e25-909f-8d2832294c55@group-C71ED06640E5-LeaderElection21] INFO  server.RaftServerConfigKeys (ConfUtils.java:logFallback(53)) - raft.server.rpc.first-election.timeout.max = 5200ms (fallback to raft.server.rpc.timeout.max)
2023-10-27 20:14:40,678 [55507c8a-594d-4e25-909f-8d2832294c55@group-C71ED06640E5-LeaderElection21-2] INFO  server.GrpcServerProtocolClient (GrpcServerProtocolClient.java:<init>(65)) - Build channel for fe9b02b7-73ff-430f-9d75-1483ab7beb41
2023-10-27 20:14:40,687 [grpc-default-executor-4] WARN  server.GrpcServerProtocolService (LogUtils.java:warn(124)) - f612f2cf-90dc-41dc-bf39-cf028d38c484: Failed requestVote 55507c8a-594d-4e25-909f-8d2832294c55->f612f2cf-90dc-41dc-bf39-cf028d38c484#0
org.apache.ratis.protocol.exceptions.GroupMismatchException: f612f2cf-90dc-41dc-bf39-cf028d38c484: group-C71ED06640E5 not found.
	at org.apache.ratis.server.impl.RaftServerProxy$ImplMap.get(RaftServerProxy.java:152)
	at org.apache.ratis.server.impl.RaftServerProxy.getImplFuture(RaftServerProxy.java:358)
	at org.apache.ratis.server.impl.RaftServerProxy.getImpl(RaftServerProxy.java:367)
	at org.apache.ratis.server.impl.RaftServerProxy.getImpl(RaftServerProxy.java:362)
	at org.apache.ratis.server.impl.RaftServerProxy.requestVote(RaftServerProxy.java:625)
	at org.apache.ratis.grpc.server.GrpcServerProtocolService.requestVote(GrpcServerProtocolService.java:190)
	at org.apache.ratis.proto.grpc.RaftServerProtocolServiceGrpc$MethodHandlers.invoke(RaftServerProtocolServiceGrpc.java:451)
	at org.apache.ratis.thirdparty.io.grpc.stub.ServerCalls$UnaryServerCallHandler$UnaryServerCallListener.onHalfClose(ServerCalls.java:182)
	at org.apache.ratis.thirdparty.io.grpc.PartialForwardingServerCallListener.onHalfClose(PartialForwardingServerCallListener.java:35)
	at org.apache.ratis.thirdparty.io.grpc.ForwardingServerCallListener.onHalfClose(ForwardingServerCallListener.java:23)
	at org.apache.ratis.thirdparty.io.grpc.internal.ServerCallImpl$ServerStreamListenerImpl.halfClosed(ServerCallImpl.java:355)
	at org.apache.ratis.thirdparty.io.grpc.internal.ServerImpl$JumpToApplicationThreadServerStreamListener$1HalfClosed.runInContext(ServerImpl.java:867)
	at org.apache.ratis.thirdparty.io.grpc.internal.ContextRunnable.run(ContextRunnable.java:37)
	at org.apache.ratis.thirdparty.io.grpc.internal.SerializingExecutor.run(SerializingExecutor.java:133)
	at java.util.concurrent.ThreadPoolExecutor.runWorker(ThreadPoolExecutor.java:1149)
	at java.util.concurrent.ThreadPoolExecutor$Worker.run(ThreadPoolExecutor.java:624)
	at java.lang.Thread.run(Thread.java:750)
2023-10-27 20:14:40,694 [55507c8a-594d-4e25-909f-8d2832294c55@group-C71ED06640E5-LeaderElection21] INFO  impl.LeaderElection (LogUtils.java:infoOrTrace(137)) - 55507c8a-594d-4e25-909f-8d2832294c55@group-C71ED06640E5-LeaderElection21 got exception when requesting votes: java.util.concurrent.ExecutionException: org.apache.ratis.thirdparty.io.grpc.StatusRuntimeException: INTERNAL: f612f2cf-90dc-41dc-bf39-cf028d38c484: group-C71ED06640E5 not found.
2023-10-27 20:14:40,695 [grpc-default-executor-4] WARN  server.GrpcServerProtocolService (LogUtils.java:warn(124)) - fe9b02b7-73ff-430f-9d75-1483ab7beb41: Failed requestVote 55507c8a-594d-4e25-909f-8d2832294c55->fe9b02b7-73ff-430f-9d75-1483ab7beb41#0
org.apache.ratis.protocol.exceptions.GroupMismatchException: fe9b02b7-73ff-430f-9d75-1483ab7beb41: group-C71ED06640E5 not found.
	at org.apache.ratis.server.impl.RaftServerProxy$ImplMap.get(RaftServerProxy.java:152)
	at org.apache.ratis.server.impl.RaftServerProxy.getImplFuture(RaftServerProxy.java:358)
	at org.apache.ratis.server.impl.RaftServerProxy.getImpl(RaftServerProxy.java:367)
	at org.apache.ratis.server.impl.RaftServerProxy.getImpl(RaftServerProxy.java:362)
	at org.apache.ratis.server.impl.RaftServerProxy.requestVote(RaftServerProxy.java:625)
	at org.apache.ratis.grpc.server.GrpcServerProtocolService.requestVote(GrpcServerProtocolService.java:190)
	at org.apache.ratis.proto.grpc.RaftServerProtocolServiceGrpc$MethodHandlers.invoke(RaftServerProtocolServiceGrpc.java:451)
	at org.apache.ratis.thirdparty.io.grpc.stub.ServerCalls$UnaryServerCallHandler$UnaryServerCallListener.onHalfClose(ServerCalls.java:182)
	at org.apache.ratis.thirdparty.io.grpc.PartialForwardingServerCallListener.onHalfClose(PartialForwardingServerCallListener.java:35)
	at org.apache.ratis.thirdparty.io.grpc.ForwardingServerCallListener.onHalfClose(ForwardingServerCallListener.java:23)
	at org.apache.ratis.thirdparty.io.grpc.internal.ServerCallImpl$ServerStreamListenerImpl.halfClosed(ServerCallImpl.java:355)
	at org.apache.ratis.thirdparty.io.grpc.internal.ServerImpl$JumpToApplicationThreadServerStreamListener$1HalfClosed.runInContext(ServerImpl.java:867)
	at org.apache.ratis.thirdparty.io.grpc.internal.ContextRunnable.run(ContextRunnable.java:37)
	at org.apache.ratis.thirdparty.io.grpc.internal.SerializingExecutor.run(SerializingExecutor.java:133)
	at java.util.concurrent.ThreadPoolExecutor.runWorker(ThreadPoolExecutor.java:1149)
	at java.util.concurrent.ThreadPoolExecutor$Worker.run(ThreadPoolExecutor.java:624)
	at java.lang.Thread.run(Thread.java:750)
2023-10-27 20:14:40,698 [55507c8a-594d-4e25-909f-8d2832294c55@group-C71ED06640E5-LeaderElection21] INFO  impl.LeaderElection (LogUtils.java:infoOrTrace(137)) - 55507c8a-594d-4e25-909f-8d2832294c55@group-C71ED06640E5-LeaderElection21 got exception when requesting votes: java.util.concurrent.ExecutionException: org.apache.ratis.thirdparty.io.grpc.StatusRuntimeException: INTERNAL: fe9b02b7-73ff-430f-9d75-1483ab7beb41: group-C71ED06640E5 not found.
2023-10-27 20:14:40,698 [55507c8a-594d-4e25-909f-8d2832294c55@group-C71ED06640E5-LeaderElection21] INFO  impl.LeaderElection (LeaderElection.java:logAndReturn(90)) - 55507c8a-594d-4e25-909f-8d2832294c55@group-C71ED06640E5-LeaderElection21: PRE_VOTE REJECTED received 0 response(s) and 2 exception(s):
2023-10-27 20:14:40,699 [55507c8a-594d-4e25-909f-8d2832294c55@group-C71ED06640E5-LeaderElection21] INFO  impl.LeaderElection (LogUtils.java:infoOrTrace(137)) -   Exception 0: java.util.concurrent.ExecutionException: org.apache.ratis.thirdparty.io.grpc.StatusRuntimeException: INTERNAL: f612f2cf-90dc-41dc-bf39-cf028d38c484: group-C71ED06640E5 not found.
2023-10-27 20:14:40,699 [55507c8a-594d-4e25-909f-8d2832294c55@group-C71ED06640E5-LeaderElection21] INFO  impl.LeaderElection (LogUtils.java:infoOrTrace(137)) -   Exception 1: java.util.concurrent.ExecutionException: org.apache.ratis.thirdparty.io.grpc.StatusRuntimeException: INTERNAL: fe9b02b7-73ff-430f-9d75-1483ab7beb41: group-C71ED06640E5 not found.
2023-10-27 20:14:40,699 [55507c8a-594d-4e25-909f-8d2832294c55@group-C71ED06640E5-LeaderElection21] INFO  impl.LeaderElection (LeaderElection.java:askForVotes(323)) - 55507c8a-594d-4e25-909f-8d2832294c55@group-C71ED06640E5-LeaderElection21 PRE_VOTE round 0: result REJECTED
2023-10-27 20:14:40,699 [55507c8a-594d-4e25-909f-8d2832294c55@group-C71ED06640E5-LeaderElection21] INFO  server.RaftServer$Division (RaftServerImpl.java:setRole(329)) - 55507c8a-594d-4e25-909f-8d2832294c55@group-C71ED06640E5: changes role from CANDIDATE to FOLLOWER at term 1 for REJECTED
2023-10-27 20:14:40,699 [55507c8a-594d-4e25-909f-8d2832294c55@group-C71ED06640E5-LeaderElection21] INFO  impl.RoleInfo (RoleInfo.java:shutdownLeaderElection(130)) - 55507c8a-594d-4e25-909f-8d2832294c55: shutdown 55507c8a-594d-4e25-909f-8d2832294c55@group-C71ED06640E5-LeaderElection21
2023-10-27 20:14:40,699 [55507c8a-594d-4e25-909f-8d2832294c55@group-C71ED06640E5-LeaderElection21] INFO  impl.RoleInfo (RoleInfo.java:updateAndGet(139)) - 55507c8a-594d-4e25-909f-8d2832294c55: start 55507c8a-594d-4e25-909f-8d2832294c55@group-C71ED06640E5-FollowerState
2023-10-27 20:14:41,495 [55507c8a-594d-4e25-909f-8d2832294c55-PipelineCommandHandlerThread-0] INFO  segmented.SegmentedRaftLogWorker (SegmentedRaftLogWorker.java:close(252)) - 55507c8a-594d-4e25-909f-8d2832294c55@group-F9EF9EF7AB14-SegmentedRaftLogWorker close()
2023-10-27 20:14:41,498 [55507c8a-594d-4e25-909f-8d2832294c55-PipelineCommandHandlerThread-0] INFO  server.RaftServer$Division (RaftServerImpl.java:groupRemove(436)) - 55507c8a-594d-4e25-909f-8d2832294c55@group-F9EF9EF7AB14: Succeed to remove RaftStorageDirectory Storage Directory /home/runner/work/ozone/ozone/hadoop-ozone/integration-test/target/test-dir/MiniOzoneClusterImpl-60426a9d-3de2-4373-b08b-24a22c9da129/datanode-8/data/ratis/9165e2d6-b074-416d-b0ca-f9ef9ef7ab14
2023-10-27 20:14:41,499 [55507c8a-594d-4e25-909f-8d2832294c55-PipelineCommandHandlerThread-0] INFO  commandhandler.ClosePipelineCommandHandler (ClosePipelineCommandHandler.java:lambda$handle$0(87)) - Close Pipeline PipelineID=9165e2d6-b074-416d-b0ca-f9ef9ef7ab14 command on datanode 55507c8a-594d-4e25-909f-8d2832294c55.
2023-10-27 20:14:41,499 [55507c8a-594d-4e25-909f-8d2832294c55-PipelineCommandHandlerThread-0] INFO  server.RaftServer (RaftServerProxy.java:remove(109)) - 55507c8a-594d-4e25-909f-8d2832294c55: remove  FOLLOWER 55507c8a-594d-4e25-909f-8d2832294c55@group-C71ED06640E5:t1, leader=null, voted=fe9b02b7-73ff-430f-9d75-1483ab7beb41, raftlog=Memoized:55507c8a-594d-4e25-909f-8d2832294c55@group-C71ED06640E5-SegmentedRaftLog:OPENED:c-1, conf=0: peers:[f612f2cf-90dc-41dc-bf39-cf028d38c484|rpc:10.1.0.32:15077|admin:10.1.0.32:15076|client:10.1.0.32:15075|dataStream:10.1.0.32:15078|priority:0|startupRole:FOLLOWER, 55507c8a-594d-4e25-909f-8d2832294c55|rpc:10.1.0.32:15086|admin:10.1.0.32:15085|client:10.1.0.32:15084|dataStream:10.1.0.32:15087|priority:0|startupRole:FOLLOWER, fe9b02b7-73ff-430f-9d75-1483ab7beb41|rpc:10.1.0.32:15068|admin:10.1.0.32:15067|client:10.1.0.32:15066|dataStream:10.1.0.32:15069|priority:1|startupRole:FOLLOWER]|listeners:[], old=null RUNNING
2023-10-27 20:14:41,499 [55507c8a-594d-4e25-909f-8d2832294c55-PipelineCommandHandlerThread-0] INFO  server.RaftServer$Division (RaftServerImpl.java:lambda$close$4(466)) - 55507c8a-594d-4e25-909f-8d2832294c55@group-C71ED06640E5: shutdown
2023-10-27 20:14:41,499 [55507c8a-594d-4e25-909f-8d2832294c55-PipelineCommandHandlerThread-0] INFO  util.JmxRegister (JmxRegister.java:unregister(73)) - Successfully un-registered JMX Bean with object name Ratis:service=RaftServer,group=group-C71ED06640E5,id=55507c8a-594d-4e25-909f-8d2832294c55
2023-10-27 20:14:41,499 [55507c8a-594d-4e25-909f-8d2832294c55-PipelineCommandHandlerThread-0] INFO  impl.RoleInfo (RoleInfo.java:shutdownFollowerState(110)) - 55507c8a-594d-4e25-909f-8d2832294c55: shutdown 55507c8a-594d-4e25-909f-8d2832294c55@group-C71ED06640E5-FollowerState
2023-10-27 20:14:41,499 [55507c8a-594d-4e25-909f-8d2832294c55-PipelineCommandHandlerThread-0] INFO  impl.StateMachineUpdater (StateMachineUpdater.java:stopAndJoin(155)) - 55507c8a-594d-4e25-909f-8d2832294c55@group-C71ED06640E5-StateMachineUpdater: set stopIndex = -1
2023-10-27 20:14:41,499 [55507c8a-594d-4e25-909f-8d2832294c55@group-C71ED06640E5-FollowerState] INFO  impl.FollowerState (FollowerState.java:run(152)) - 55507c8a-594d-4e25-909f-8d2832294c55@group-C71ED06640E5-FollowerState was interrupted
2023-10-27 20:14:41,501 [55507c8a-594d-4e25-909f-8d2832294c55-PipelineCommandHandlerThread-0] INFO  server.RaftServer$Division (ServerState.java:close(472)) - 55507c8a-594d-4e25-909f-8d2832294c55@group-C71ED06640E5: closes. applyIndex: -1
2023-10-27 20:14:41,972 [f612f2cf-90dc-41dc-bf39-cf028d38c484-PipelineCommandHandlerThread-0] INFO  server.RaftServer (RaftServerProxy.java:addNew(98)) - f612f2cf-90dc-41dc-bf39-cf028d38c484: addNew group-2D5A7F82FA56:[f612f2cf-90dc-41dc-bf39-cf028d38c484|rpc:10.1.0.32:15077|admin:10.1.0.32:15076|client:10.1.0.32:15075|dataStream:10.1.0.32:15078|priority:0|startupRole:FOLLOWER, 5b9beb6f-d596-489f-8a17-e362b772df82|rpc:10.1.0.32:15095|admin:10.1.0.32:15094|client:10.1.0.32:15093|dataStream:10.1.0.32:15096|priority:0|startupRole:FOLLOWER, fe9b02b7-73ff-430f-9d75-1483ab7beb41|rpc:10.1.0.32:15068|admin:10.1.0.32:15067|client:10.1.0.32:15066|dataStream:10.1.0.32:15069|priority:1|startupRole:FOLLOWER] returns group-2D5A7F82FA56:java.util.concurrent.CompletableFuture@604c3886[Not completed]
2023-10-27 20:14:41,976 [f612f2cf-90dc-41dc-bf39-cf028d38c484-groupManagement] INFO  server.RaftServer$Division (RaftServerImpl.java:<init>(198)) - f612f2cf-90dc-41dc-bf39-cf028d38c484: new RaftServerImpl for group-2D5A7F82FA56:[f612f2cf-90dc-41dc-bf39-cf028d38c484|rpc:10.1.0.32:15077|admin:10.1.0.32:15076|client:10.1.0.32:15075|dataStream:10.1.0.32:15078|priority:0|startupRole:FOLLOWER, 5b9beb6f-d596-489f-8a17-e362b772df82|rpc:10.1.0.32:15095|admin:10.1.0.32:15094|client:10.1.0.32:15093|dataStream:10.1.0.32:15096|priority:0|startupRole:FOLLOWER, fe9b02b7-73ff-430f-9d75-1483ab7beb41|rpc:10.1.0.32:15068|admin:10.1.0.32:15067|client:10.1.0.32:15066|dataStream:10.1.0.32:15069|priority:1|startupRole:FOLLOWER] with ContainerStateMachine:uninitialized
2023-10-27 20:14:41,977 [f612f2cf-90dc-41dc-bf39-cf028d38c484-groupManagement] INFO  server.RaftServerConfigKeys (ConfUtils.java:logGet(46)) - raft.server.rpc.timeout.min = 5s (custom)
2023-10-27 20:14:41,977 [f612f2cf-90dc-41dc-bf39-cf028d38c484-groupManagement] INFO  server.RaftServerConfigKeys (ConfUtils.java:logGet(46)) - raft.server.rpc.timeout.max = 5200ms (custom)
2023-10-27 20:14:41,977 [f612f2cf-90dc-41dc-bf39-cf028d38c484-groupManagement] INFO  server.RaftServerConfigKeys (ConfUtils.java:logGet(46)) - raft.server.rpc.sleep.time = 25ms (default)
2023-10-27 20:14:41,977 [f612f2cf-90dc-41dc-bf39-cf028d38c484-groupManagement] INFO  server.RaftServerConfigKeys (ConfUtils.java:logGet(46)) - raft.server.rpc.slowness.timeout = 300s (custom)
2023-10-27 20:14:41,977 [f612f2cf-90dc-41dc-bf39-cf028d38c484-groupManagement] INFO  server.RaftServerConfigKeys (ConfUtils.java:logGet(46)) - raft.server.leaderelection.leader.step-down.wait-time = 10s (default)
2023-10-27 20:14:41,977 [f612f2cf-90dc-41dc-bf39-cf028d38c484-groupManagement] INFO  server.RaftServerConfigKeys (ConfUtils.java:logGet(46)) - raft.server.sleep.deviation.threshold = 300ms (default)
2023-10-27 20:14:41,977 [f612f2cf-90dc-41dc-bf39-cf028d38c484-groupManagement] INFO  server.RaftServer$Division (ServerState.java:<init>(120)) - f612f2cf-90dc-41dc-bf39-cf028d38c484@group-2D5A7F82FA56: ConfigurationManager, init=-1: peers:[f612f2cf-90dc-41dc-bf39-cf028d38c484|rpc:10.1.0.32:15077|admin:10.1.0.32:15076|client:10.1.0.32:15075|dataStream:10.1.0.32:15078|priority:0|startupRole:FOLLOWER, 5b9beb6f-d596-489f-8a17-e362b772df82|rpc:10.1.0.32:15095|admin:10.1.0.32:15094|client:10.1.0.32:15093|dataStream:10.1.0.32:15096|priority:0|startupRole:FOLLOWER, fe9b02b7-73ff-430f-9d75-1483ab7beb41|rpc:10.1.0.32:15068|admin:10.1.0.32:15067|client:10.1.0.32:15066|dataStream:10.1.0.32:15069|priority:1|startupRole:FOLLOWER]|listeners:[], old=null, confs=<EMPTY_MAP>
2023-10-27 20:14:41,977 [f612f2cf-90dc-41dc-bf39-cf028d38c484-groupManagement] INFO  server.RaftServerConfigKeys (ConfUtils.java:logGet(46)) - raft.server.storage.dir = [/home/runner/work/ozone/ozone/hadoop-ozone/integration-test/target/test-dir/MiniOzoneClusterImpl-60426a9d-3de2-4373-b08b-24a22c9da129/datanode-7/data/ratis] (custom)
2023-10-27 20:14:41,977 [f612f2cf-90dc-41dc-bf39-cf028d38c484-groupManagement] INFO  server.RaftServerConfigKeys (ConfUtils.java:logGet(46)) - raft.server.log.corruption.policy = EXCEPTION (default)
2023-10-27 20:14:41,978 [f612f2cf-90dc-41dc-bf39-cf028d38c484-groupManagement] INFO  server.RaftServerConfigKeys (ConfUtils.java:logGet(46)) - raft.server.storage.free-space.min = 0MB (=0) (default)
2023-10-27 20:14:41,978 [f612f2cf-90dc-41dc-bf39-cf028d38c484-groupManagement] INFO  server.RaftServerConfigKeys (ConfUtils.java:logGet(46)) - raft.server.notification.no-leader.timeout = 300s (custom)
2023-10-27 20:14:41,978 [f612f2cf-90dc-41dc-bf39-cf028d38c484-groupManagement] INFO  server.RaftServerConfigKeys (ConfUtils.java:logGet(46)) - raft.server.read.timeout = 10s (default)
2023-10-27 20:14:41,978 [f612f2cf-90dc-41dc-bf39-cf028d38c484-groupManagement] INFO  server.RaftServerConfigKeys (ConfUtils.java:logGet(46)) - raft.server.retrycache.expirytime = 600000ms (custom)
2023-10-27 20:14:41,978 [f612f2cf-90dc-41dc-bf39-cf028d38c484-groupManagement] INFO  server.RaftServerConfigKeys (ConfUtils.java:logGet(46)) - raft.server.retrycache.statistics.expirytime = 100μs (default)
2023-10-27 20:14:41,978 [f612f2cf-90dc-41dc-bf39-cf028d38c484-groupManagement] INFO  server.RaftServerConfigKeys (ConfUtils.java:logGet(46)) - raft.server.read.option = DEFAULT (default)
2023-10-27 20:14:41,980 [f612f2cf-90dc-41dc-bf39-cf028d38c484-groupManagement] INFO  server.RaftServerConfigKeys (ConfUtils.java:logGet(46)) - raft.server.rpc.request.timeout = 60s (custom)
2023-10-27 20:14:41,980 [f612f2cf-90dc-41dc-bf39-cf028d38c484-groupManagement] INFO  server.RaftServerConfigKeys (ConfUtils.java:logGet(46)) - raft.server.log.appender.install.snapshot.enabled = false (custom)
2023-10-27 20:14:41,980 [f612f2cf-90dc-41dc-bf39-cf028d38c484-groupManagement] INFO  server.RaftServerConfigKeys (ConfUtils.java:logGet(46)) - raft.server.threadpool.server.cached = true (default)
2023-10-27 20:14:41,980 [f612f2cf-90dc-41dc-bf39-cf028d38c484-groupManagement] INFO  server.RaftServerConfigKeys (ConfUtils.java:logGet(46)) - raft.server.threadpool.server.size = 0 (default)
2023-10-27 20:14:41,980 [f612f2cf-90dc-41dc-bf39-cf028d38c484-groupManagement] INFO  server.RaftServerConfigKeys (ConfUtils.java:logGet(46)) - raft.server.threadpool.client.cached = true (default)
2023-10-27 20:14:41,980 [f612f2cf-90dc-41dc-bf39-cf028d38c484-groupManagement] INFO  server.RaftServerConfigKeys (ConfUtils.java:logGet(46)) - raft.server.threadpool.client.size = 0 (default)
2023-10-27 20:14:41,980 [f612f2cf-90dc-41dc-bf39-cf028d38c484-groupManagement] INFO  storage.RaftStorageDirectory (RaftStorageDirectoryImpl.java:analyzeStorage(137)) - The storage directory /home/runner/work/ozone/ozone/hadoop-ozone/integration-test/target/test-dir/MiniOzoneClusterImpl-60426a9d-3de2-4373-b08b-24a22c9da129/datanode-7/data/ratis/273a9d47-263d-4559-8519-2d5a7f82fa56 does not exist. Creating ...
2023-10-27 20:14:41,983 [f612f2cf-90dc-41dc-bf39-cf028d38c484-groupManagement] INFO  storage.RaftStorageDirectory (RaftStorageDirectoryImpl.java:tryLock(231)) - Lock on /home/runner/work/ozone/ozone/hadoop-ozone/integration-test/target/test-dir/MiniOzoneClusterImpl-60426a9d-3de2-4373-b08b-24a22c9da129/datanode-7/data/ratis/273a9d47-263d-4559-8519-2d5a7f82fa56/in_use.lock acquired by nodename 14569@fv-az342-943
2023-10-27 20:14:41,989 [fe9b02b7-73ff-430f-9d75-1483ab7beb41-PipelineCommandHandlerThread-0] INFO  server.RaftServer (RaftServerProxy.java:addNew(98)) - fe9b02b7-73ff-430f-9d75-1483ab7beb41: addNew group-2D5A7F82FA56:[f612f2cf-90dc-41dc-bf39-cf028d38c484|rpc:10.1.0.32:15077|admin:10.1.0.32:15076|client:10.1.0.32:15075|dataStream:10.1.0.32:15078|priority:0|startupRole:FOLLOWER, 5b9beb6f-d596-489f-8a17-e362b772df82|rpc:10.1.0.32:15095|admin:10.1.0.32:15094|client:10.1.0.32:15093|dataStream:10.1.0.32:15096|priority:0|startupRole:FOLLOWER, fe9b02b7-73ff-430f-9d75-1483ab7beb41|rpc:10.1.0.32:15068|admin:10.1.0.32:15067|client:10.1.0.32:15066|dataStream:10.1.0.32:15069|priority:1|startupRole:FOLLOWER] returns group-2D5A7F82FA56:java.util.concurrent.CompletableFuture@5b0d749a[Not completed]
2023-10-27 20:14:41,990 [fe9b02b7-73ff-430f-9d75-1483ab7beb41-groupManagement] INFO  server.RaftServer$Division (RaftServerImpl.java:<init>(198)) - fe9b02b7-73ff-430f-9d75-1483ab7beb41: new RaftServerImpl for group-2D5A7F82FA56:[f612f2cf-90dc-41dc-bf39-cf028d38c484|rpc:10.1.0.32:15077|admin:10.1.0.32:15076|client:10.1.0.32:15075|dataStream:10.1.0.32:15078|priority:0|startupRole:FOLLOWER, 5b9beb6f-d596-489f-8a17-e362b772df82|rpc:10.1.0.32:15095|admin:10.1.0.32:15094|client:10.1.0.32:15093|dataStream:10.1.0.32:15096|priority:0|startupRole:FOLLOWER, fe9b02b7-73ff-430f-9d75-1483ab7beb41|rpc:10.1.0.32:15068|admin:10.1.0.32:15067|client:10.1.0.32:15066|dataStream:10.1.0.32:15069|priority:1|startupRole:FOLLOWER] with ContainerStateMachine:uninitialized
2023-10-27 20:14:41,990 [fe9b02b7-73ff-430f-9d75-1483ab7beb41-groupManagement] INFO  server.RaftServerConfigKeys (ConfUtils.java:logGet(46)) - raft.server.rpc.timeout.min = 5s (custom)
2023-10-27 20:14:41,990 [fe9b02b7-73ff-430f-9d75-1483ab7beb41-groupManagement] INFO  server.RaftServerConfigKeys (ConfUtils.java:logGet(46)) - raft.server.rpc.timeout.max = 5200ms (custom)
2023-10-27 20:14:41,990 [fe9b02b7-73ff-430f-9d75-1483ab7beb41-groupManagement] INFO  server.RaftServerConfigKeys (ConfUtils.java:logGet(46)) - raft.server.rpc.sleep.time = 25ms (default)
2023-10-27 20:14:41,990 [fe9b02b7-73ff-430f-9d75-1483ab7beb41-groupManagement] INFO  server.RaftServerConfigKeys (ConfUtils.java:logGet(46)) - raft.server.rpc.slowness.timeout = 300s (custom)
2023-10-27 20:14:41,990 [fe9b02b7-73ff-430f-9d75-1483ab7beb41-groupManagement] INFO  server.RaftServerConfigKeys (ConfUtils.java:logGet(46)) - raft.server.leaderelection.leader.step-down.wait-time = 10s (default)
2023-10-27 20:14:41,990 [fe9b02b7-73ff-430f-9d75-1483ab7beb41-groupManagement] INFO  server.RaftServerConfigKeys (ConfUtils.java:logGet(46)) - raft.server.sleep.deviation.threshold = 300ms (default)
2023-10-27 20:14:41,991 [fe9b02b7-73ff-430f-9d75-1483ab7beb41-groupManagement] INFO  server.RaftServer$Division (ServerState.java:<init>(120)) - fe9b02b7-73ff-430f-9d75-1483ab7beb41@group-2D5A7F82FA56: ConfigurationManager, init=-1: peers:[f612f2cf-90dc-41dc-bf39-cf028d38c484|rpc:10.1.0.32:15077|admin:10.1.0.32:15076|client:10.1.0.32:15075|dataStream:10.1.0.32:15078|priority:0|startupRole:FOLLOWER, 5b9beb6f-d596-489f-8a17-e362b772df82|rpc:10.1.0.32:15095|admin:10.1.0.32:15094|client:10.1.0.32:15093|dataStream:10.1.0.32:15096|priority:0|startupRole:FOLLOWER, fe9b02b7-73ff-430f-9d75-1483ab7beb41|rpc:10.1.0.32:15068|admin:10.1.0.32:15067|client:10.1.0.32:15066|dataStream:10.1.0.32:15069|priority:1|startupRole:FOLLOWER]|listeners:[], old=null, confs=<EMPTY_MAP>
2023-10-27 20:14:41,991 [fe9b02b7-73ff-430f-9d75-1483ab7beb41-groupManagement] INFO  server.RaftServerConfigKeys (ConfUtils.java:logGet(46)) - raft.server.storage.dir = [/home/runner/work/ozone/ozone/hadoop-ozone/integration-test/target/test-dir/MiniOzoneClusterImpl-60426a9d-3de2-4373-b08b-24a22c9da129/datanode-6/data/ratis] (custom)
2023-10-27 20:14:41,991 [fe9b02b7-73ff-430f-9d75-1483ab7beb41-groupManagement] INFO  server.RaftServerConfigKeys (ConfUtils.java:logGet(46)) - raft.server.log.corruption.policy = EXCEPTION (default)
2023-10-27 20:14:41,991 [fe9b02b7-73ff-430f-9d75-1483ab7beb41-groupManagement] INFO  server.RaftServerConfigKeys (ConfUtils.java:logGet(46)) - raft.server.storage.free-space.min = 0MB (=0) (default)
2023-10-27 20:14:41,991 [fe9b02b7-73ff-430f-9d75-1483ab7beb41-groupManagement] INFO  server.RaftServerConfigKeys (ConfUtils.java:logGet(46)) - raft.server.notification.no-leader.timeout = 300s (custom)
2023-10-27 20:14:41,991 [fe9b02b7-73ff-430f-9d75-1483ab7beb41-groupManagement] INFO  server.RaftServerConfigKeys (ConfUtils.java:logGet(46)) - raft.server.read.timeout = 10s (default)
2023-10-27 20:14:41,991 [fe9b02b7-73ff-430f-9d75-1483ab7beb41-groupManagement] INFO  server.RaftServerConfigKeys (ConfUtils.java:logGet(46)) - raft.server.retrycache.expirytime = 600000ms (custom)
2023-10-27 20:14:41,991 [fe9b02b7-73ff-430f-9d75-1483ab7beb41-groupManagement] INFO  server.RaftServerConfigKeys (ConfUtils.java:logGet(46)) - raft.server.retrycache.statistics.expirytime = 100μs (default)
2023-10-27 20:14:41,992 [fe9b02b7-73ff-430f-9d75-1483ab7beb41-groupManagement] INFO  server.RaftServerConfigKeys (ConfUtils.java:logGet(46)) - raft.server.read.option = DEFAULT (default)
2023-10-27 20:14:41,992 [fe9b02b7-73ff-430f-9d75-1483ab7beb41-groupManagement] INFO  server.RaftServerConfigKeys (ConfUtils.java:logGet(46)) - raft.server.rpc.request.timeout = 60s (custom)
2023-10-27 20:14:41,993 [fe9b02b7-73ff-430f-9d75-1483ab7beb41-groupManagement] INFO  server.RaftServerConfigKeys (ConfUtils.java:logGet(46)) - raft.server.log.appender.install.snapshot.enabled = false (custom)
2023-10-27 20:14:41,993 [fe9b02b7-73ff-430f-9d75-1483ab7beb41-groupManagement] INFO  server.RaftServerConfigKeys (ConfUtils.java:logGet(46)) - raft.server.threadpool.server.cached = true (default)
2023-10-27 20:14:41,993 [fe9b02b7-73ff-430f-9d75-1483ab7beb41-groupManagement] INFO  server.RaftServerConfigKeys (ConfUtils.java:logGet(46)) - raft.server.threadpool.server.size = 0 (default)
2023-10-27 20:14:41,993 [fe9b02b7-73ff-430f-9d75-1483ab7beb41-groupManagement] INFO  server.RaftServerConfigKeys (ConfUtils.java:logGet(46)) - raft.server.threadpool.client.cached = true (default)
2023-10-27 20:14:41,993 [fe9b02b7-73ff-430f-9d75-1483ab7beb41-groupManagement] INFO  server.RaftServerConfigKeys (ConfUtils.java:logGet(46)) - raft.server.threadpool.client.size = 0 (default)
2023-10-27 20:14:41,993 [fe9b02b7-73ff-430f-9d75-1483ab7beb41-groupManagement] INFO  storage.RaftStorageDirectory (RaftStorageDirectoryImpl.java:analyzeStorage(137)) - The storage directory /home/runner/work/ozone/ozone/hadoop-ozone/integration-test/target/test-dir/MiniOzoneClusterImpl-60426a9d-3de2-4373-b08b-24a22c9da129/datanode-6/data/ratis/273a9d47-263d-4559-8519-2d5a7f82fa56 does not exist. Creating ...
2023-10-27 20:14:41,996 [fe9b02b7-73ff-430f-9d75-1483ab7beb41-groupManagement] INFO  storage.RaftStorageDirectory (RaftStorageDirectoryImpl.java:tryLock(231)) - Lock on /home/runner/work/ozone/ozone/hadoop-ozone/integration-test/target/test-dir/MiniOzoneClusterImpl-60426a9d-3de2-4373-b08b-24a22c9da129/datanode-6/data/ratis/273a9d47-263d-4559-8519-2d5a7f82fa56/in_use.lock acquired by nodename 14569@fv-az342-943
2023-10-27 20:14:41,997 [f612f2cf-90dc-41dc-bf39-cf028d38c484-groupManagement] INFO  storage.RaftStorage (RaftStorageImpl.java:format(96)) - Storage directory /home/runner/work/ozone/ozone/hadoop-ozone/integration-test/target/test-dir/MiniOzoneClusterImpl-60426a9d-3de2-4373-b08b-24a22c9da129/datanode-7/data/ratis/273a9d47-263d-4559-8519-2d5a7f82fa56 has been successfully formatted.
2023-10-27 20:14:41,997 [f612f2cf-90dc-41dc-bf39-cf028d38c484-groupManagement] INFO  ratis.ContainerStateMachine (ContainerStateMachine.java:loadSnapshot(269)) - group-2D5A7F82FA56: The snapshot info is null. Setting the last applied indexto:(t:0, i:~)
2023-10-27 20:14:41,998 [f612f2cf-90dc-41dc-bf39-cf028d38c484-groupManagement] INFO  server.RaftServerConfigKeys (ConfUtils.java:logGet(46)) - raft.server.log.use.memory = false (default)
2023-10-27 20:14:42,004 [f612f2cf-90dc-41dc-bf39-cf028d38c484-groupManagement] INFO  server.RaftServerConfigKeys (ConfUtils.java:logGet(46)) - raft.server.log.purge.gap = 1000000 (custom)
2023-10-27 20:14:41,998 [fe9b02b7-73ff-430f-9d75-1483ab7beb41-groupManagement] INFO  storage.RaftStorage (RaftStorageImpl.java:format(96)) - Storage directory /home/runner/work/ozone/ozone/hadoop-ozone/integration-test/target/test-dir/MiniOzoneClusterImpl-60426a9d-3de2-4373-b08b-24a22c9da129/datanode-6/data/ratis/273a9d47-263d-4559-8519-2d5a7f82fa56 has been successfully formatted.
2023-10-27 20:14:42,004 [5b9beb6f-d596-489f-8a17-e362b772df82-groupManagement] INFO  server.RaftServer$Division (RaftServerImpl.java:<init>(198)) - 5b9beb6f-d596-489f-8a17-e362b772df82: new RaftServerImpl for group-2D5A7F82FA56:[f612f2cf-90dc-41dc-bf39-cf028d38c484|rpc:10.1.0.32:15077|admin:10.1.0.32:15076|client:10.1.0.32:15075|dataStream:10.1.0.32:15078|priority:0|startupRole:FOLLOWER, 5b9beb6f-d596-489f-8a17-e362b772df82|rpc:10.1.0.32:15095|admin:10.1.0.32:15094|client:10.1.0.32:15093|dataStream:10.1.0.32:15096|priority:0|startupRole:FOLLOWER, fe9b02b7-73ff-430f-9d75-1483ab7beb41|rpc:10.1.0.32:15068|admin:10.1.0.32:15067|client:10.1.0.32:15066|dataStream:10.1.0.32:15069|priority:1|startupRole:FOLLOWER] with ContainerStateMachine:uninitialized
2023-10-27 20:14:42,007 [5b9beb6f-d596-489f-8a17-e362b772df82-groupManagement] INFO  server.RaftServerConfigKeys (ConfUtils.java:logGet(46)) - raft.server.rpc.timeout.min = 5s (custom)
2023-10-27 20:14:42,007 [fe9b02b7-73ff-430f-9d75-1483ab7beb41-groupManagement] INFO  ratis.ContainerStateMachine (ContainerStateMachine.java:loadSnapshot(269)) - group-2D5A7F82FA56: The snapshot info is null. Setting the last applied indexto:(t:0, i:~)
2023-10-27 20:14:41,999 [5b9beb6f-d596-489f-8a17-e362b772df82-PipelineCommandHandlerThread-0] INFO  server.RaftServer (RaftServerProxy.java:addNew(98)) - 5b9beb6f-d596-489f-8a17-e362b772df82: addNew group-2D5A7F82FA56:[f612f2cf-90dc-41dc-bf39-cf028d38c484|rpc:10.1.0.32:15077|admin:10.1.0.32:15076|client:10.1.0.32:15075|dataStream:10.1.0.32:15078|priority:0|startupRole:FOLLOWER, 5b9beb6f-d596-489f-8a17-e362b772df82|rpc:10.1.0.32:15095|admin:10.1.0.32:15094|client:10.1.0.32:15093|dataStream:10.1.0.32:15096|priority:0|startupRole:FOLLOWER, fe9b02b7-73ff-430f-9d75-1483ab7beb41|rpc:10.1.0.32:15068|admin:10.1.0.32:15067|client:10.1.0.32:15066|dataStream:10.1.0.32:15069|priority:1|startupRole:FOLLOWER] returns group-2D5A7F82FA56:java.util.concurrent.CompletableFuture@78c4fcff[Not completed]
2023-10-27 20:14:42,007 [5b9beb6f-d596-489f-8a17-e362b772df82-groupManagement] INFO  server.RaftServerConfigKeys (ConfUtils.java:logGet(46)) - raft.server.rpc.timeout.max = 5200ms (custom)
2023-10-27 20:14:42,008 [5b9beb6f-d596-489f-8a17-e362b772df82-groupManagement] INFO  server.RaftServerConfigKeys (ConfUtils.java:logGet(46)) - raft.server.rpc.sleep.time = 25ms (default)
2023-10-27 20:14:42,008 [5b9beb6f-d596-489f-8a17-e362b772df82-groupManagement] INFO  server.RaftServerConfigKeys (ConfUtils.java:logGet(46)) - raft.server.rpc.slowness.timeout = 300s (custom)
2023-10-27 20:14:42,008 [5b9beb6f-d596-489f-8a17-e362b772df82-groupManagement] INFO  server.RaftServerConfigKeys (ConfUtils.java:logGet(46)) - raft.server.leaderelection.leader.step-down.wait-time = 10s (default)
2023-10-27 20:14:42,009 [5b9beb6f-d596-489f-8a17-e362b772df82-groupManagement] INFO  server.RaftServerConfigKeys (ConfUtils.java:logGet(46)) - raft.server.sleep.deviation.threshold = 300ms (default)
2023-10-27 20:14:42,009 [5b9beb6f-d596-489f-8a17-e362b772df82-groupManagement] INFO  server.RaftServer$Division (ServerState.java:<init>(120)) - 5b9beb6f-d596-489f-8a17-e362b772df82@group-2D5A7F82FA56: ConfigurationManager, init=-1: peers:[f612f2cf-90dc-41dc-bf39-cf028d38c484|rpc:10.1.0.32:15077|admin:10.1.0.32:15076|client:10.1.0.32:15075|dataStream:10.1.0.32:15078|priority:0|startupRole:FOLLOWER, 5b9beb6f-d596-489f-8a17-e362b772df82|rpc:10.1.0.32:15095|admin:10.1.0.32:15094|client:10.1.0.32:15093|dataStream:10.1.0.32:15096|priority:0|startupRole:FOLLOWER, fe9b02b7-73ff-430f-9d75-1483ab7beb41|rpc:10.1.0.32:15068|admin:10.1.0.32:15067|client:10.1.0.32:15066|dataStream:10.1.0.32:15069|priority:1|startupRole:FOLLOWER]|listeners:[], old=null, confs=<EMPTY_MAP>
2023-10-27 20:14:42,009 [5b9beb6f-d596-489f-8a17-e362b772df82-groupManagement] INFO  server.RaftServerConfigKeys (ConfUtils.java:logGet(46)) - raft.server.storage.dir = [/home/runner/work/ozone/ozone/hadoop-ozone/integration-test/target/test-dir/MiniOzoneClusterImpl-60426a9d-3de2-4373-b08b-24a22c9da129/datanode-9/data/ratis] (custom)
2023-10-27 20:14:42,009 [5b9beb6f-d596-489f-8a17-e362b772df82-groupManagement] INFO  server.RaftServerConfigKeys (ConfUtils.java:logGet(46)) - raft.server.log.corruption.policy = EXCEPTION (default)
2023-10-27 20:14:42,009 [5b9beb6f-d596-489f-8a17-e362b772df82-groupManagement] INFO  server.RaftServerConfigKeys (ConfUtils.java:logGet(46)) - raft.server.storage.free-space.min = 0MB (=0) (default)
2023-10-27 20:14:42,009 [5b9beb6f-d596-489f-8a17-e362b772df82-groupManagement] INFO  server.RaftServerConfigKeys (ConfUtils.java:logGet(46)) - raft.server.notification.no-leader.timeout = 300s (custom)
2023-10-27 20:14:42,009 [5b9beb6f-d596-489f-8a17-e362b772df82-groupManagement] INFO  server.RaftServerConfigKeys (ConfUtils.java:logGet(46)) - raft.server.read.timeout = 10s (default)
2023-10-27 20:14:42,009 [5b9beb6f-d596-489f-8a17-e362b772df82-groupManagement] INFO  server.RaftServerConfigKeys (ConfUtils.java:logGet(46)) - raft.server.retrycache.expirytime = 600000ms (custom)
2023-10-27 20:14:42,009 [5b9beb6f-d596-489f-8a17-e362b772df82-groupManagement] INFO  server.RaftServerConfigKeys (ConfUtils.java:logGet(46)) - raft.server.retrycache.statistics.expirytime = 100μs (default)
2023-10-27 20:14:42,010 [5b9beb6f-d596-489f-8a17-e362b772df82-groupManagement] INFO  server.RaftServerConfigKeys (ConfUtils.java:logGet(46)) - raft.server.read.option = DEFAULT (default)
2023-10-27 20:14:42,011 [5b9beb6f-d596-489f-8a17-e362b772df82-groupManagement] INFO  server.RaftServerConfigKeys (ConfUtils.java:logGet(46)) - raft.server.rpc.request.timeout = 60s (custom)
2023-10-27 20:14:42,011 [5b9beb6f-d596-489f-8a17-e362b772df82-groupManagement] INFO  server.RaftServerConfigKeys (ConfUtils.java:logGet(46)) - raft.server.log.appender.install.snapshot.enabled = false (custom)
2023-10-27 20:14:42,012 [5b9beb6f-d596-489f-8a17-e362b772df82-groupManagement] INFO  server.RaftServerConfigKeys (ConfUtils.java:logGet(46)) - raft.server.threadpool.server.cached = true (default)
2023-10-27 20:14:42,012 [5b9beb6f-d596-489f-8a17-e362b772df82-groupManagement] INFO  server.RaftServerConfigKeys (ConfUtils.java:logGet(46)) - raft.server.threadpool.server.size = 0 (default)
2023-10-27 20:14:42,012 [5b9beb6f-d596-489f-8a17-e362b772df82-groupManagement] INFO  server.RaftServerConfigKeys (ConfUtils.java:logGet(46)) - raft.server.threadpool.client.cached = true (default)
2023-10-27 20:14:42,012 [5b9beb6f-d596-489f-8a17-e362b772df82-groupManagement] INFO  server.RaftServerConfigKeys (ConfUtils.java:logGet(46)) - raft.server.threadpool.client.size = 0 (default)
2023-10-27 20:14:42,012 [5b9beb6f-d596-489f-8a17-e362b772df82-groupManagement] INFO  storage.RaftStorageDirectory (RaftStorageDirectoryImpl.java:analyzeStorage(137)) - The storage directory /home/runner/work/ozone/ozone/hadoop-ozone/integration-test/target/test-dir/MiniOzoneClusterImpl-60426a9d-3de2-4373-b08b-24a22c9da129/datanode-9/data/ratis/273a9d47-263d-4559-8519-2d5a7f82fa56 does not exist. Creating ...
2023-10-27 20:14:42,012 [fe9b02b7-73ff-430f-9d75-1483ab7beb41-groupManagement] INFO  server.RaftServerConfigKeys (ConfUtils.java:logGet(46)) - raft.server.log.use.memory = false (default)
2023-10-27 20:14:42,013 [fe9b02b7-73ff-430f-9d75-1483ab7beb41-groupManagement] INFO  server.RaftServerConfigKeys (ConfUtils.java:logGet(46)) - raft.server.log.purge.gap = 1000000 (custom)
2023-10-27 20:14:42,013 [fe9b02b7-73ff-430f-9d75-1483ab7beb41-groupManagement] INFO  server.RaftServerConfigKeys (ConfUtils.java:logGet(46)) - raft.server.log.appender.buffer.byte-limit = 33554432 (custom)
2023-10-27 20:14:42,013 [fe9b02b7-73ff-430f-9d75-1483ab7beb41-groupManagement] INFO  server.RaftServerConfigKeys (ConfUtils.java:logGet(46)) - raft.server.log.statemachine.data.read.timeout = 1000ms (default)
2023-10-27 20:14:42,013 [fe9b02b7-73ff-430f-9d75-1483ab7beb41-groupManagement] INFO  server.RaftServerConfigKeys (ConfUtils.java:logGet(46)) - raft.server.log.purge.preservation.log.num = 0 (default)
2023-10-27 20:14:42,013 [fe9b02b7-73ff-430f-9d75-1483ab7beb41-groupManagement] INFO  server.RaftServerConfigKeys (ConfUtils.java:logGet(46)) - raft.server.log.segment.size.max = 1048576 (custom)
2023-10-27 20:14:42,013 [fe9b02b7-73ff-430f-9d75-1483ab7beb41-groupManagement] INFO  server.RaftServerConfigKeys (ConfUtils.java:logGet(46)) - raft.server.log.segment.cache.num.max = 2 (custom)
2023-10-27 20:14:42,013 [fe9b02b7-73ff-430f-9d75-1483ab7beb41-groupManagement] INFO  server.RaftServerConfigKeys (ConfUtils.java:logGet(46)) - raft.server.log.segment.cache.size.max = 200MB (=209715200) (default)
2023-10-27 20:14:42,014 [fe9b02b7-73ff-430f-9d75-1483ab7beb41-groupManagement] INFO  server.RaftServerConfigKeys (ConfUtils.java:logGet(46)) - raft.server.log.appender.buffer.byte-limit = 33554432 (custom)
2023-10-27 20:14:42,014 [fe9b02b7-73ff-430f-9d75-1483ab7beb41-groupManagement] INFO  segmented.SegmentedRaftLogWorker (SegmentedRaftLogWorker.java:<init>(188)) - new fe9b02b7-73ff-430f-9d75-1483ab7beb41@group-2D5A7F82FA56-SegmentedRaftLogWorker for RaftStorageImpl:Storage Directory /home/runner/work/ozone/ozone/hadoop-ozone/integration-test/target/test-dir/MiniOzoneClusterImpl-60426a9d-3de2-4373-b08b-24a22c9da129/datanode-6/data/ratis/273a9d47-263d-4559-8519-2d5a7f82fa56
2023-10-27 20:14:42,014 [fe9b02b7-73ff-430f-9d75-1483ab7beb41-groupManagement] INFO  server.RaftServerConfigKeys (ConfUtils.java:logGet(46)) - raft.server.log.queue.byte-limit = 4294967296 (custom)
2023-10-27 20:14:42,014 [fe9b02b7-73ff-430f-9d75-1483ab7beb41-groupManagement] INFO  server.RaftServerConfigKeys (ConfUtils.java:logGet(46)) - raft.server.log.queue.element-limit = 1024 (custom)
2023-10-27 20:14:42,014 [f612f2cf-90dc-41dc-bf39-cf028d38c484-groupManagement] INFO  server.RaftServerConfigKeys (ConfUtils.java:logGet(46)) - raft.server.log.appender.buffer.byte-limit = 33554432 (custom)
2023-10-27 20:14:42,014 [f612f2cf-90dc-41dc-bf39-cf028d38c484-groupManagement] INFO  server.RaftServerConfigKeys (ConfUtils.java:logGet(46)) - raft.server.log.statemachine.data.read.timeout = 1000ms (default)
2023-10-27 20:14:42,015 [f612f2cf-90dc-41dc-bf39-cf028d38c484-groupManagement] INFO  server.RaftServerConfigKeys (ConfUtils.java:logGet(46)) - raft.server.log.purge.preservation.log.num = 0 (default)
2023-10-27 20:14:42,015 [f612f2cf-90dc-41dc-bf39-cf028d38c484-groupManagement] INFO  server.RaftServerConfigKeys (ConfUtils.java:logGet(46)) - raft.server.log.segment.size.max = 1048576 (custom)
2023-10-27 20:14:42,015 [f612f2cf-90dc-41dc-bf39-cf028d38c484-groupManagement] INFO  server.RaftServerConfigKeys (ConfUtils.java:logGet(46)) - raft.server.log.segment.cache.num.max = 2 (custom)
2023-10-27 20:14:42,015 [fe9b02b7-73ff-430f-9d75-1483ab7beb41-groupManagement] INFO  server.RaftServerConfigKeys (ConfUtils.java:logGet(46)) - raft.server.log.segment.size.max = 1048576 (custom)
2023-10-27 20:14:42,015 [fe9b02b7-73ff-430f-9d75-1483ab7beb41-groupManagement] INFO  server.RaftServerConfigKeys (ConfUtils.java:logGet(46)) - raft.server.log.preallocated.size = 16384 (custom)
2023-10-27 20:14:42,015 [fe9b02b7-73ff-430f-9d75-1483ab7beb41-groupManagement] INFO  server.RaftServerConfigKeys (ConfUtils.java:logGet(46)) - raft.server.log.force.sync.num = 128 (default)
2023-10-27 20:14:42,015 [fe9b02b7-73ff-430f-9d75-1483ab7beb41-groupManagement] INFO  server.RaftServerConfigKeys (ConfUtils.java:logGet(46)) - raft.server.log.statemachine.data.sync = true (default)
2023-10-27 20:14:42,016 [fe9b02b7-73ff-430f-9d75-1483ab7beb41-groupManagement] INFO  server.RaftServerConfigKeys (ConfUtils.java:logGet(46)) - raft.server.log.statemachine.data.sync.timeout = 10s (default)
2023-10-27 20:14:42,016 [fe9b02b7-73ff-430f-9d75-1483ab7beb41-groupManagement] INFO  server.RaftServerConfigKeys (ConfUtils.java:logGet(46)) - raft.server.log.statemachine.data.sync.timeout.retry = -1 (default)
2023-10-27 20:14:42,014 [5b9beb6f-d596-489f-8a17-e362b772df82-groupManagement] INFO  storage.RaftStorageDirectory (RaftStorageDirectoryImpl.java:tryLock(231)) - Lock on /home/runner/work/ozone/ozone/hadoop-ozone/integration-test/target/test-dir/MiniOzoneClusterImpl-60426a9d-3de2-4373-b08b-24a22c9da129/datanode-9/data/ratis/273a9d47-263d-4559-8519-2d5a7f82fa56/in_use.lock acquired by nodename 14569@fv-az342-943
2023-10-27 20:14:42,017 [f612f2cf-90dc-41dc-bf39-cf028d38c484-groupManagement] INFO  server.RaftServerConfigKeys (ConfUtils.java:logGet(46)) - raft.server.log.segment.cache.size.max = 200MB (=209715200) (default)
2023-10-27 20:14:42,017 [f612f2cf-90dc-41dc-bf39-cf028d38c484-groupManagement] INFO  server.RaftServerConfigKeys (ConfUtils.java:logGet(46)) - raft.server.log.appender.buffer.byte-limit = 33554432 (custom)
2023-10-27 20:14:42,017 [f612f2cf-90dc-41dc-bf39-cf028d38c484-groupManagement] INFO  segmented.SegmentedRaftLogWorker (SegmentedRaftLogWorker.java:<init>(188)) - new f612f2cf-90dc-41dc-bf39-cf028d38c484@group-2D5A7F82FA56-SegmentedRaftLogWorker for RaftStorageImpl:Storage Directory /home/runner/work/ozone/ozone/hadoop-ozone/integration-test/target/test-dir/MiniOzoneClusterImpl-60426a9d-3de2-4373-b08b-24a22c9da129/datanode-7/data/ratis/273a9d47-263d-4559-8519-2d5a7f82fa56
2023-10-27 20:14:42,017 [f612f2cf-90dc-41dc-bf39-cf028d38c484-groupManagement] INFO  server.RaftServerConfigKeys (ConfUtils.java:logGet(46)) - raft.server.log.queue.byte-limit = 4294967296 (custom)
2023-10-27 20:14:42,017 [f612f2cf-90dc-41dc-bf39-cf028d38c484-groupManagement] INFO  server.RaftServerConfigKeys (ConfUtils.java:logGet(46)) - raft.server.log.queue.element-limit = 1024 (custom)
2023-10-27 20:14:42,017 [f612f2cf-90dc-41dc-bf39-cf028d38c484-groupManagement] INFO  server.RaftServerConfigKeys (ConfUtils.java:logGet(46)) - raft.server.log.segment.size.max = 1048576 (custom)
2023-10-27 20:14:42,018 [f612f2cf-90dc-41dc-bf39-cf028d38c484-groupManagement] INFO  server.RaftServerConfigKeys (ConfUtils.java:logGet(46)) - raft.server.log.preallocated.size = 16384 (custom)
2023-10-27 20:14:42,018 [f612f2cf-90dc-41dc-bf39-cf028d38c484-groupManagement] INFO  server.RaftServerConfigKeys (ConfUtils.java:logGet(46)) - raft.server.log.force.sync.num = 128 (default)
2023-10-27 20:14:42,018 [f612f2cf-90dc-41dc-bf39-cf028d38c484-groupManagement] INFO  server.RaftServerConfigKeys (ConfUtils.java:logGet(46)) - raft.server.log.statemachine.data.sync = true (default)
2023-10-27 20:14:42,018 [f612f2cf-90dc-41dc-bf39-cf028d38c484-groupManagement] INFO  server.RaftServerConfigKeys (ConfUtils.java:logGet(46)) - raft.server.log.statemachine.data.sync.timeout = 10s (default)
2023-10-27 20:14:42,018 [f612f2cf-90dc-41dc-bf39-cf028d38c484-groupManagement] INFO  server.RaftServerConfigKeys (ConfUtils.java:logGet(46)) - raft.server.log.statemachine.data.sync.timeout.retry = -1 (default)
2023-10-27 20:14:42,019 [5b9beb6f-d596-489f-8a17-e362b772df82-groupManagement] INFO  storage.RaftStorage (RaftStorageImpl.java:format(96)) - Storage directory /home/runner/work/ozone/ozone/hadoop-ozone/integration-test/target/test-dir/MiniOzoneClusterImpl-60426a9d-3de2-4373-b08b-24a22c9da129/datanode-9/data/ratis/273a9d47-263d-4559-8519-2d5a7f82fa56 has been successfully formatted.
2023-10-27 20:14:42,020 [5b9beb6f-d596-489f-8a17-e362b772df82-groupManagement] INFO  ratis.ContainerStateMachine (ContainerStateMachine.java:loadSnapshot(269)) - group-2D5A7F82FA56: The snapshot info is null. Setting the last applied indexto:(t:0, i:~)
2023-10-27 20:14:42,022 [5b9beb6f-d596-489f-8a17-e362b772df82-groupManagement] INFO  server.RaftServerConfigKeys (ConfUtils.java:logGet(46)) - raft.server.log.use.memory = false (default)
2023-10-27 20:14:42,022 [5b9beb6f-d596-489f-8a17-e362b772df82-groupManagement] INFO  server.RaftServerConfigKeys (ConfUtils.java:logGet(46)) - raft.server.log.purge.gap = 1000000 (custom)
2023-10-27 20:14:42,022 [5b9beb6f-d596-489f-8a17-e362b772df82-groupManagement] INFO  server.RaftServerConfigKeys (ConfUtils.java:logGet(46)) - raft.server.log.appender.buffer.byte-limit = 33554432 (custom)
2023-10-27 20:14:42,022 [5b9beb6f-d596-489f-8a17-e362b772df82-groupManagement] INFO  server.RaftServerConfigKeys (ConfUtils.java:logGet(46)) - raft.server.log.statemachine.data.read.timeout = 1000ms (default)
2023-10-27 20:14:42,022 [5b9beb6f-d596-489f-8a17-e362b772df82-groupManagement] INFO  server.RaftServerConfigKeys (ConfUtils.java:logGet(46)) - raft.server.log.purge.preservation.log.num = 0 (default)
2023-10-27 20:14:42,022 [5b9beb6f-d596-489f-8a17-e362b772df82-groupManagement] INFO  server.RaftServerConfigKeys (ConfUtils.java:logGet(46)) - raft.server.log.segment.size.max = 1048576 (custom)
2023-10-27 20:14:42,023 [fe9b02b7-73ff-430f-9d75-1483ab7beb41-groupManagement] INFO  server.RaftServerConfigKeys (ConfUtils.java:logGet(46)) - raft.server.log.write.buffer.size = 1048576 (custom)
2023-10-27 20:14:42,024 [fe9b02b7-73ff-430f-9d75-1483ab7beb41-groupManagement] INFO  server.RaftServerConfigKeys (ConfUtils.java:logGet(46)) - raft.server.log.appender.buffer.byte-limit = 33554432 (custom)
2023-10-27 20:14:42,025 [5b9beb6f-d596-489f-8a17-e362b772df82-groupManagement] INFO  server.RaftServerConfigKeys (ConfUtils.java:logGet(46)) - raft.server.log.segment.cache.num.max = 2 (custom)
2023-10-27 20:14:42,025 [5b9beb6f-d596-489f-8a17-e362b772df82-groupManagement] INFO  server.RaftServerConfigKeys (ConfUtils.java:logGet(46)) - raft.server.log.segment.cache.size.max = 200MB (=209715200) (default)
2023-10-27 20:14:42,025 [5b9beb6f-d596-489f-8a17-e362b772df82-groupManagement] INFO  server.RaftServerConfigKeys (ConfUtils.java:logGet(46)) - raft.server.log.appender.buffer.byte-limit = 33554432 (custom)
2023-10-27 20:14:42,025 [5b9beb6f-d596-489f-8a17-e362b772df82-groupManagement] INFO  segmented.SegmentedRaftLogWorker (SegmentedRaftLogWorker.java:<init>(188)) - new 5b9beb6f-d596-489f-8a17-e362b772df82@group-2D5A7F82FA56-SegmentedRaftLogWorker for RaftStorageImpl:Storage Directory /home/runner/work/ozone/ozone/hadoop-ozone/integration-test/target/test-dir/MiniOzoneClusterImpl-60426a9d-3de2-4373-b08b-24a22c9da129/datanode-9/data/ratis/273a9d47-263d-4559-8519-2d5a7f82fa56
2023-10-27 20:14:42,025 [5b9beb6f-d596-489f-8a17-e362b772df82-groupManagement] INFO  server.RaftServerConfigKeys (ConfUtils.java:logGet(46)) - raft.server.log.queue.byte-limit = 4294967296 (custom)
2023-10-27 20:14:42,025 [5b9beb6f-d596-489f-8a17-e362b772df82-groupManagement] INFO  server.RaftServerConfigKeys (ConfUtils.java:logGet(46)) - raft.server.log.queue.element-limit = 1024 (custom)
2023-10-27 20:14:42,026 [5b9beb6f-d596-489f-8a17-e362b772df82-groupManagement] INFO  server.RaftServerConfigKeys (ConfUtils.java:logGet(46)) - raft.server.log.segment.size.max = 1048576 (custom)
2023-10-27 20:14:42,026 [5b9beb6f-d596-489f-8a17-e362b772df82-groupManagement] INFO  server.RaftServerConfigKeys (ConfUtils.java:logGet(46)) - raft.server.log.preallocated.size = 16384 (custom)
2023-10-27 20:14:42,026 [5b9beb6f-d596-489f-8a17-e362b772df82-groupManagement] INFO  server.RaftServerConfigKeys (ConfUtils.java:logGet(46)) - raft.server.log.force.sync.num = 128 (default)
2023-10-27 20:14:42,026 [5b9beb6f-d596-489f-8a17-e362b772df82-groupManagement] INFO  server.RaftServerConfigKeys (ConfUtils.java:logGet(46)) - raft.server.log.statemachine.data.sync = true (default)
2023-10-27 20:14:42,026 [5b9beb6f-d596-489f-8a17-e362b772df82-groupManagement] INFO  server.RaftServerConfigKeys (ConfUtils.java:logGet(46)) - raft.server.log.statemachine.data.sync.timeout = 10s (default)
2023-10-27 20:14:42,026 [5b9beb6f-d596-489f-8a17-e362b772df82-groupManagement] INFO  server.RaftServerConfigKeys (ConfUtils.java:logGet(46)) - raft.server.log.statemachine.data.sync.timeout.retry = -1 (default)
2023-10-27 20:14:42,027 [5b9beb6f-d596-489f-8a17-e362b772df82-groupManagement] INFO  server.RaftServerConfigKeys (ConfUtils.java:logGet(46)) - raft.server.log.write.buffer.size = 1048576 (custom)
2023-10-27 20:14:42,028 [f612f2cf-90dc-41dc-bf39-cf028d38c484-groupManagement] INFO  server.RaftServerConfigKeys (ConfUtils.java:logGet(46)) - raft.server.log.write.buffer.size = 1048576 (custom)
2023-10-27 20:14:42,029 [f612f2cf-90dc-41dc-bf39-cf028d38c484-groupManagement] INFO  server.RaftServerConfigKeys (ConfUtils.java:logGet(46)) - raft.server.log.appender.buffer.byte-limit = 33554432 (custom)
2023-10-27 20:14:42,030 [5b9beb6f-d596-489f-8a17-e362b772df82-groupManagement] INFO  server.RaftServerConfigKeys (ConfUtils.java:logGet(46)) - raft.server.log.appender.buffer.byte-limit = 33554432 (custom)
2023-10-27 20:14:42,047 [fe9b02b7-73ff-430f-9d75-1483ab7beb41-groupManagement] INFO  server.RaftServerConfigKeys (ConfUtils.java:logGet(46)) - raft.server.log.unsafe-flush.enabled = false (default)
2023-10-27 20:14:42,047 [fe9b02b7-73ff-430f-9d75-1483ab7beb41-groupManagement] INFO  server.RaftServerConfigKeys (ConfUtils.java:logGet(46)) - raft.server.log.async-flush.enabled = false (default)
2023-10-27 20:14:42,048 [fe9b02b7-73ff-430f-9d75-1483ab7beb41-groupManagement] INFO  server.RaftServerConfigKeys (ConfUtils.java:logGet(46)) - raft.server.log.statemachine.data.caching.enabled = true (custom)
2023-10-27 20:14:42,048 [fe9b02b7-73ff-430f-9d75-1483ab7beb41-groupManagement] INFO  segmented.SegmentedRaftLogWorker (SegmentedRaftLogWorker.java:lambda$new$0(135)) - fe9b02b7-73ff-430f-9d75-1483ab7beb41@group-2D5A7F82FA56-SegmentedRaftLogWorker: flushIndex: setUnconditionally 0 -> -1
2023-10-27 20:14:42,049 [fe9b02b7-73ff-430f-9d75-1483ab7beb41-groupManagement] INFO  segmented.SegmentedRaftLogWorker (SegmentedRaftLogWorker.java:lambda$new$0(135)) - fe9b02b7-73ff-430f-9d75-1483ab7beb41@group-2D5A7F82FA56-SegmentedRaftLogWorker: safeCacheEvictIndex: setUnconditionally 0 -> -1
2023-10-27 20:14:42,048 [f612f2cf-90dc-41dc-bf39-cf028d38c484-groupManagement] INFO  server.RaftServerConfigKeys (ConfUtils.java:logGet(46)) - raft.server.log.unsafe-flush.enabled = false (default)
2023-10-27 20:14:42,049 [f612f2cf-90dc-41dc-bf39-cf028d38c484-groupManagement] INFO  server.RaftServerConfigKeys (ConfUtils.java:logGet(46)) - raft.server.log.async-flush.enabled = false (default)
2023-10-27 20:14:42,049 [f612f2cf-90dc-41dc-bf39-cf028d38c484-groupManagement] INFO  server.RaftServerConfigKeys (ConfUtils.java:logGet(46)) - raft.server.log.statemachine.data.caching.enabled = true (custom)
2023-10-27 20:14:42,049 [f612f2cf-90dc-41dc-bf39-cf028d38c484-groupManagement] INFO  segmented.SegmentedRaftLogWorker (SegmentedRaftLogWorker.java:lambda$new$0(135)) - f612f2cf-90dc-41dc-bf39-cf028d38c484@group-2D5A7F82FA56-SegmentedRaftLogWorker: flushIndex: setUnconditionally 0 -> -1
2023-10-27 20:14:42,050 [f612f2cf-90dc-41dc-bf39-cf028d38c484-groupManagement] INFO  segmented.SegmentedRaftLogWorker (SegmentedRaftLogWorker.java:lambda$new$0(135)) - f612f2cf-90dc-41dc-bf39-cf028d38c484@group-2D5A7F82FA56-SegmentedRaftLogWorker: safeCacheEvictIndex: setUnconditionally 0 -> -1
2023-10-27 20:14:42,050 [5b9beb6f-d596-489f-8a17-e362b772df82-groupManagement] INFO  server.RaftServerConfigKeys (ConfUtils.java:logGet(46)) - raft.server.log.unsafe-flush.enabled = false (default)
2023-10-27 20:14:42,050 [5b9beb6f-d596-489f-8a17-e362b772df82-groupManagement] INFO  server.RaftServerConfigKeys (ConfUtils.java:logGet(46)) - raft.server.log.async-flush.enabled = false (default)
2023-10-27 20:14:42,050 [5b9beb6f-d596-489f-8a17-e362b772df82-groupManagement] INFO  server.RaftServerConfigKeys (ConfUtils.java:logGet(46)) - raft.server.log.statemachine.data.caching.enabled = true (custom)
2023-10-27 20:14:42,050 [5b9beb6f-d596-489f-8a17-e362b772df82-groupManagement] INFO  segmented.SegmentedRaftLogWorker (SegmentedRaftLogWorker.java:lambda$new$0(135)) - 5b9beb6f-d596-489f-8a17-e362b772df82@group-2D5A7F82FA56-SegmentedRaftLogWorker: flushIndex: setUnconditionally 0 -> -1
2023-10-27 20:14:42,050 [5b9beb6f-d596-489f-8a17-e362b772df82-groupManagement] INFO  segmented.SegmentedRaftLogWorker (SegmentedRaftLogWorker.java:lambda$new$0(135)) - 5b9beb6f-d596-489f-8a17-e362b772df82@group-2D5A7F82FA56-SegmentedRaftLogWorker: safeCacheEvictIndex: setUnconditionally 0 -> -1
2023-10-27 20:14:42,051 [fe9b02b7-73ff-430f-9d75-1483ab7beb41-groupManagement] INFO  server.RaftServer$Division (RaftServerImpl.java:start(342)) - fe9b02b7-73ff-430f-9d75-1483ab7beb41@group-2D5A7F82FA56: start as a follower, conf=-1: peers:[f612f2cf-90dc-41dc-bf39-cf028d38c484|rpc:10.1.0.32:15077|admin:10.1.0.32:15076|client:10.1.0.32:15075|dataStream:10.1.0.32:15078|priority:0|startupRole:FOLLOWER, 5b9beb6f-d596-489f-8a17-e362b772df82|rpc:10.1.0.32:15095|admin:10.1.0.32:15094|client:10.1.0.32:15093|dataStream:10.1.0.32:15096|priority:0|startupRole:FOLLOWER, fe9b02b7-73ff-430f-9d75-1483ab7beb41|rpc:10.1.0.32:15068|admin:10.1.0.32:15067|client:10.1.0.32:15066|dataStream:10.1.0.32:15069|priority:1|startupRole:FOLLOWER]|listeners:[], old=null
2023-10-27 20:14:42,051 [fe9b02b7-73ff-430f-9d75-1483ab7beb41-groupManagement] INFO  server.RaftServer$Division (RaftServerImpl.java:setRole(329)) - fe9b02b7-73ff-430f-9d75-1483ab7beb41@group-2D5A7F82FA56: changes role from      null to FOLLOWER at term 0 for startAsFollower
2023-10-27 20:14:42,051 [fe9b02b7-73ff-430f-9d75-1483ab7beb41-groupManagement] INFO  impl.RoleInfo (RoleInfo.java:updateAndGet(139)) - fe9b02b7-73ff-430f-9d75-1483ab7beb41: start fe9b02b7-73ff-430f-9d75-1483ab7beb41@group-2D5A7F82FA56-FollowerState
2023-10-27 20:14:42,054 [fe9b02b7-73ff-430f-9d75-1483ab7beb41-groupManagement] INFO  util.JmxRegister (JmxRegister.java:tryRegister(44)) - Successfully registered JMX Bean with object name Ratis:service=RaftServer,group=group-2D5A7F82FA56,id=fe9b02b7-73ff-430f-9d75-1483ab7beb41
2023-10-27 20:14:42,055 [fe9b02b7-73ff-430f-9d75-1483ab7beb41-groupManagement] INFO  server.RaftServerConfigKeys (ConfUtils.java:logGet(46)) - raft.server.snapshot.auto.trigger.enabled = true (custom)
2023-10-27 20:14:42,055 [fe9b02b7-73ff-430f-9d75-1483ab7beb41-groupManagement] INFO  server.RaftServerConfigKeys (ConfUtils.java:logGet(46)) - raft.server.snapshot.auto.trigger.threshold = 10000 (custom)
2023-10-27 20:14:42,055 [fe9b02b7-73ff-430f-9d75-1483ab7beb41-groupManagement] INFO  server.RaftServerConfigKeys (ConfUtils.java:logGet(46)) - raft.server.snapshot.retention.file.num = 5 (custom)
2023-10-27 20:14:42,055 [fe9b02b7-73ff-430f-9d75-1483ab7beb41-groupManagement] INFO  server.RaftServerConfigKeys (ConfUtils.java:logGet(46)) - raft.server.log.purge.upto.snapshot.index = false (default)
2023-10-27 20:14:42,056 [fe9b02b7-73ff-430f-9d75-1483ab7beb41@group-2D5A7F82FA56-FollowerState] INFO  server.RaftServerConfigKeys (ConfUtils.java:logFallback(53)) - raft.server.rpc.first-election.timeout.min = 5s (fallback to raft.server.rpc.timeout.min)
2023-10-27 20:14:42,056 [fe9b02b7-73ff-430f-9d75-1483ab7beb41@group-2D5A7F82FA56-FollowerState] INFO  server.RaftServerConfigKeys (ConfUtils.java:logFallback(53)) - raft.server.rpc.first-election.timeout.max = 5200ms (fallback to raft.server.rpc.timeout.max)
2023-10-27 20:14:42,056 [fe9b02b7-73ff-430f-9d75-1483ab7beb41-PipelineCommandHandlerThread-0] INFO  ratis.XceiverServerRatis (XceiverServerRatis.java:addGroup(805)) - Created group PipelineID=273a9d47-263d-4559-8519-2d5a7f82fa56
2023-10-27 20:14:42,065 [5b9beb6f-d596-489f-8a17-e362b772df82-groupManagement] INFO  server.RaftServer$Division (RaftServerImpl.java:start(342)) - 5b9beb6f-d596-489f-8a17-e362b772df82@group-2D5A7F82FA56: start as a follower, conf=-1: peers:[f612f2cf-90dc-41dc-bf39-cf028d38c484|rpc:10.1.0.32:15077|admin:10.1.0.32:15076|client:10.1.0.32:15075|dataStream:10.1.0.32:15078|priority:0|startupRole:FOLLOWER, 5b9beb6f-d596-489f-8a17-e362b772df82|rpc:10.1.0.32:15095|admin:10.1.0.32:15094|client:10.1.0.32:15093|dataStream:10.1.0.32:15096|priority:0|startupRole:FOLLOWER, fe9b02b7-73ff-430f-9d75-1483ab7beb41|rpc:10.1.0.32:15068|admin:10.1.0.32:15067|client:10.1.0.32:15066|dataStream:10.1.0.32:15069|priority:1|startupRole:FOLLOWER]|listeners:[], old=null
2023-10-27 20:14:42,065 [5b9beb6f-d596-489f-8a17-e362b772df82-groupManagement] INFO  server.RaftServer$Division (RaftServerImpl.java:setRole(329)) - 5b9beb6f-d596-489f-8a17-e362b772df82@group-2D5A7F82FA56: changes role from      null to FOLLOWER at term 0 for startAsFollower
2023-10-27 20:14:42,065 [5b9beb6f-d596-489f-8a17-e362b772df82-groupManagement] INFO  impl.RoleInfo (RoleInfo.java:updateAndGet(139)) - 5b9beb6f-d596-489f-8a17-e362b772df82: start 5b9beb6f-d596-489f-8a17-e362b772df82@group-2D5A7F82FA56-FollowerState
2023-10-27 20:14:42,066 [5b9beb6f-d596-489f-8a17-e362b772df82-groupManagement] INFO  util.JmxRegister (JmxRegister.java:tryRegister(44)) - Successfully registered JMX Bean with object name Ratis:service=RaftServer,group=group-2D5A7F82FA56,id=5b9beb6f-d596-489f-8a17-e362b772df82
2023-10-27 20:14:42,066 [5b9beb6f-d596-489f-8a17-e362b772df82-groupManagement] INFO  server.RaftServerConfigKeys (ConfUtils.java:logGet(46)) - raft.server.snapshot.auto.trigger.enabled = true (custom)
2023-10-27 20:14:42,066 [5b9beb6f-d596-489f-8a17-e362b772df82-groupManagement] INFO  server.RaftServerConfigKeys (ConfUtils.java:logGet(46)) - raft.server.snapshot.auto.trigger.threshold = 10000 (custom)
2023-10-27 20:14:42,066 [5b9beb6f-d596-489f-8a17-e362b772df82-groupManagement] INFO  server.RaftServerConfigKeys (ConfUtils.java:logGet(46)) - raft.server.snapshot.retention.file.num = 5 (custom)
2023-10-27 20:14:42,066 [5b9beb6f-d596-489f-8a17-e362b772df82-groupManagement] INFO  server.RaftServerConfigKeys (ConfUtils.java:logGet(46)) - raft.server.log.purge.upto.snapshot.index = false (default)
2023-10-27 20:14:42,067 [5b9beb6f-d596-489f-8a17-e362b772df82@group-2D5A7F82FA56-FollowerState] INFO  server.RaftServerConfigKeys (ConfUtils.java:logFallback(53)) - raft.server.rpc.first-election.timeout.min = 5s (fallback to raft.server.rpc.timeout.min)
2023-10-27 20:14:42,067 [5b9beb6f-d596-489f-8a17-e362b772df82@group-2D5A7F82FA56-FollowerState] INFO  server.RaftServerConfigKeys (ConfUtils.java:logFallback(53)) - raft.server.rpc.first-election.timeout.max = 5200ms (fallback to raft.server.rpc.timeout.max)
2023-10-27 20:14:42,074 [f612f2cf-90dc-41dc-bf39-cf028d38c484-groupManagement] INFO  server.RaftServer$Division (RaftServerImpl.java:start(342)) - f612f2cf-90dc-41dc-bf39-cf028d38c484@group-2D5A7F82FA56: start as a follower, conf=-1: peers:[f612f2cf-90dc-41dc-bf39-cf028d38c484|rpc:10.1.0.32:15077|admin:10.1.0.32:15076|client:10.1.0.32:15075|dataStream:10.1.0.32:15078|priority:0|startupRole:FOLLOWER, 5b9beb6f-d596-489f-8a17-e362b772df82|rpc:10.1.0.32:15095|admin:10.1.0.32:15094|client:10.1.0.32:15093|dataStream:10.1.0.32:15096|priority:0|startupRole:FOLLOWER, fe9b02b7-73ff-430f-9d75-1483ab7beb41|rpc:10.1.0.32:15068|admin:10.1.0.32:15067|client:10.1.0.32:15066|dataStream:10.1.0.32:15069|priority:1|startupRole:FOLLOWER]|listeners:[], old=null
2023-10-27 20:14:42,074 [f612f2cf-90dc-41dc-bf39-cf028d38c484-groupManagement] INFO  server.RaftServer$Division (RaftServerImpl.java:setRole(329)) - f612f2cf-90dc-41dc-bf39-cf028d38c484@group-2D5A7F82FA56: changes role from      null to FOLLOWER at term 0 for startAsFollower
2023-10-27 20:14:42,074 [f612f2cf-90dc-41dc-bf39-cf028d38c484-groupManagement] INFO  impl.RoleInfo (RoleInfo.java:updateAndGet(139)) - f612f2cf-90dc-41dc-bf39-cf028d38c484: start f612f2cf-90dc-41dc-bf39-cf028d38c484@group-2D5A7F82FA56-FollowerState
2023-10-27 20:14:42,079 [5b9beb6f-d596-489f-8a17-e362b772df82-PipelineCommandHandlerThread-0] INFO  ratis.XceiverServerRatis (XceiverServerRatis.java:addGroup(805)) - Created group PipelineID=273a9d47-263d-4559-8519-2d5a7f82fa56
2023-10-27 20:14:42,082 [f612f2cf-90dc-41dc-bf39-cf028d38c484-groupManagement] INFO  util.JmxRegister (JmxRegister.java:tryRegister(44)) - Successfully registered JMX Bean with object name Ratis:service=RaftServer,group=group-2D5A7F82FA56,id=f612f2cf-90dc-41dc-bf39-cf028d38c484
2023-10-27 20:14:42,083 [f612f2cf-90dc-41dc-bf39-cf028d38c484-groupManagement] INFO  server.RaftServerConfigKeys (ConfUtils.java:logGet(46)) - raft.server.snapshot.auto.trigger.enabled = true (custom)
2023-10-27 20:14:42,083 [f612f2cf-90dc-41dc-bf39-cf028d38c484-groupManagement] INFO  server.RaftServerConfigKeys (ConfUtils.java:logGet(46)) - raft.server.snapshot.auto.trigger.threshold = 10000 (custom)
2023-10-27 20:14:42,083 [f612f2cf-90dc-41dc-bf39-cf028d38c484-groupManagement] INFO  server.RaftServerConfigKeys (ConfUtils.java:logGet(46)) - raft.server.snapshot.retention.file.num = 5 (custom)
2023-10-27 20:14:42,083 [f612f2cf-90dc-41dc-bf39-cf028d38c484-groupManagement] INFO  server.RaftServerConfigKeys (ConfUtils.java:logGet(46)) - raft.server.log.purge.upto.snapshot.index = false (default)
2023-10-27 20:14:42,084 [f612f2cf-90dc-41dc-bf39-cf028d38c484@group-2D5A7F82FA56-FollowerState] INFO  server.RaftServerConfigKeys (ConfUtils.java:logFallback(53)) - raft.server.rpc.first-election.timeout.min = 5s (fallback to raft.server.rpc.timeout.min)
2023-10-27 20:14:42,092 [f612f2cf-90dc-41dc-bf39-cf028d38c484@group-2D5A7F82FA56-FollowerState] INFO  server.RaftServerConfigKeys (ConfUtils.java:logFallback(53)) - raft.server.rpc.first-election.timeout.max = 5200ms (fallback to raft.server.rpc.timeout.max)
2023-10-27 20:14:42,104 [f612f2cf-90dc-41dc-bf39-cf028d38c484-PipelineCommandHandlerThread-0] INFO  ratis.XceiverServerRatis (XceiverServerRatis.java:addGroup(805)) - Created group PipelineID=273a9d47-263d-4559-8519-2d5a7f82fa56
2023-10-27 20:14:42,175 [fe9b02b7-73ff-430f-9d75-1483ab7beb41-PipelineCommandHandlerThread-0] INFO  commandhandler.CreatePipelineCommandHandler (CreatePipelineCommandHandler.java:lambda$handle$2(124)) - Created Pipeline RATIS THREE PipelineID=273a9d47-263d-4559-8519-2d5a7f82fa56.
2023-10-27 20:14:42,210 [5b9beb6f-d596-489f-8a17-e362b772df82-PipelineCommandHandlerThread-0] INFO  commandhandler.CreatePipelineCommandHandler (CreatePipelineCommandHandler.java:lambda$handle$2(124)) - Created Pipeline RATIS THREE PipelineID=273a9d47-263d-4559-8519-2d5a7f82fa56.
2023-10-27 20:14:42,210 [5b9beb6f-d596-489f-8a17-e362b772df82-PipelineCommandHandlerThread-0] INFO  server.RaftServer (RaftServerProxy.java:addNew(98)) - 5b9beb6f-d596-489f-8a17-e362b772df82: addNew group-3CEA00BD3BAC:[f612f2cf-90dc-41dc-bf39-cf028d38c484|rpc:10.1.0.32:15077|admin:10.1.0.32:15076|client:10.1.0.32:15075|dataStream:10.1.0.32:15078|priority:0|startupRole:FOLLOWER, 55507c8a-594d-4e25-909f-8d2832294c55|rpc:10.1.0.32:15086|admin:10.1.0.32:15085|client:10.1.0.32:15084|dataStream:10.1.0.32:15087|priority:0|startupRole:FOLLOWER, 5b9beb6f-d596-489f-8a17-e362b772df82|rpc:10.1.0.32:15095|admin:10.1.0.32:15094|client:10.1.0.32:15093|dataStream:10.1.0.32:15096|priority:1|startupRole:FOLLOWER] returns group-3CEA00BD3BAC:java.util.concurrent.CompletableFuture@12e870c9[Not completed]
2023-10-27 20:14:42,213 [5b9beb6f-d596-489f-8a17-e362b772df82-groupManagement] INFO  server.RaftServer$Division (RaftServerImpl.java:<init>(198)) - 5b9beb6f-d596-489f-8a17-e362b772df82: new RaftServerImpl for group-3CEA00BD3BAC:[f612f2cf-90dc-41dc-bf39-cf028d38c484|rpc:10.1.0.32:15077|admin:10.1.0.32:15076|client:10.1.0.32:15075|dataStream:10.1.0.32:15078|priority:0|startupRole:FOLLOWER, 55507c8a-594d-4e25-909f-8d2832294c55|rpc:10.1.0.32:15086|admin:10.1.0.32:15085|client:10.1.0.32:15084|dataStream:10.1.0.32:15087|priority:0|startupRole:FOLLOWER, 5b9beb6f-d596-489f-8a17-e362b772df82|rpc:10.1.0.32:15095|admin:10.1.0.32:15094|client:10.1.0.32:15093|dataStream:10.1.0.32:15096|priority:1|startupRole:FOLLOWER] with ContainerStateMachine:uninitialized
2023-10-27 20:14:42,213 [5b9beb6f-d596-489f-8a17-e362b772df82-groupManagement] INFO  server.RaftServerConfigKeys (ConfUtils.java:logGet(46)) - raft.server.rpc.timeout.min = 5s (custom)
2023-10-27 20:14:42,213 [5b9beb6f-d596-489f-8a17-e362b772df82-groupManagement] INFO  server.RaftServerConfigKeys (ConfUtils.java:logGet(46)) - raft.server.rpc.timeout.max = 5200ms (custom)
2023-10-27 20:14:42,213 [5b9beb6f-d596-489f-8a17-e362b772df82-groupManagement] INFO  server.RaftServerConfigKeys (ConfUtils.java:logGet(46)) - raft.server.rpc.sleep.time = 25ms (default)
2023-10-27 20:14:42,213 [5b9beb6f-d596-489f-8a17-e362b772df82-groupManagement] INFO  server.RaftServerConfigKeys (ConfUtils.java:logGet(46)) - raft.server.rpc.slowness.timeout = 300s (custom)
2023-10-27 20:14:42,214 [5b9beb6f-d596-489f-8a17-e362b772df82-groupManagement] INFO  server.RaftServerConfigKeys (ConfUtils.java:logGet(46)) - raft.server.leaderelection.leader.step-down.wait-time = 10s (default)
2023-10-27 20:14:42,214 [5b9beb6f-d596-489f-8a17-e362b772df82-groupManagement] INFO  server.RaftServerConfigKeys (ConfUtils.java:logGet(46)) - raft.server.sleep.deviation.threshold = 300ms (default)
2023-10-27 20:14:42,214 [5b9beb6f-d596-489f-8a17-e362b772df82-groupManagement] INFO  server.RaftServer$Division (ServerState.java:<init>(120)) - 5b9beb6f-d596-489f-8a17-e362b772df82@group-3CEA00BD3BAC: ConfigurationManager, init=-1: peers:[f612f2cf-90dc-41dc-bf39-cf028d38c484|rpc:10.1.0.32:15077|admin:10.1.0.32:15076|client:10.1.0.32:15075|dataStream:10.1.0.32:15078|priority:0|startupRole:FOLLOWER, 55507c8a-594d-4e25-909f-8d2832294c55|rpc:10.1.0.32:15086|admin:10.1.0.32:15085|client:10.1.0.32:15084|dataStream:10.1.0.32:15087|priority:0|startupRole:FOLLOWER, 5b9beb6f-d596-489f-8a17-e362b772df82|rpc:10.1.0.32:15095|admin:10.1.0.32:15094|client:10.1.0.32:15093|dataStream:10.1.0.32:15096|priority:1|startupRole:FOLLOWER]|listeners:[], old=null, confs=<EMPTY_MAP>
2023-10-27 20:14:42,214 [5b9beb6f-d596-489f-8a17-e362b772df82-groupManagement] INFO  server.RaftServerConfigKeys (ConfUtils.java:logGet(46)) - raft.server.storage.dir = [/home/runner/work/ozone/ozone/hadoop-ozone/integration-test/target/test-dir/MiniOzoneClusterImpl-60426a9d-3de2-4373-b08b-24a22c9da129/datanode-9/data/ratis] (custom)
2023-10-27 20:14:42,214 [5b9beb6f-d596-489f-8a17-e362b772df82-groupManagement] INFO  server.RaftServerConfigKeys (ConfUtils.java:logGet(46)) - raft.server.log.corruption.policy = EXCEPTION (default)
2023-10-27 20:14:42,214 [5b9beb6f-d596-489f-8a17-e362b772df82-groupManagement] INFO  server.RaftServerConfigKeys (ConfUtils.java:logGet(46)) - raft.server.storage.free-space.min = 0MB (=0) (default)
2023-10-27 20:14:42,214 [5b9beb6f-d596-489f-8a17-e362b772df82-groupManagement] INFO  server.RaftServerConfigKeys (ConfUtils.java:logGet(46)) - raft.server.notification.no-leader.timeout = 300s (custom)
2023-10-27 20:14:42,215 [5b9beb6f-d596-489f-8a17-e362b772df82-groupManagement] INFO  server.RaftServerConfigKeys (ConfUtils.java:logGet(46)) - raft.server.read.timeout = 10s (default)
2023-10-27 20:14:42,215 [5b9beb6f-d596-489f-8a17-e362b772df82-groupManagement] INFO  server.RaftServerConfigKeys (ConfUtils.java:logGet(46)) - raft.server.retrycache.expirytime = 600000ms (custom)
2023-10-27 20:14:42,215 [5b9beb6f-d596-489f-8a17-e362b772df82-groupManagement] INFO  server.RaftServerConfigKeys (ConfUtils.java:logGet(46)) - raft.server.retrycache.statistics.expirytime = 100μs (default)
2023-10-27 20:14:42,215 [5b9beb6f-d596-489f-8a17-e362b772df82-groupManagement] INFO  server.RaftServerConfigKeys (ConfUtils.java:logGet(46)) - raft.server.read.option = DEFAULT (default)
2023-10-27 20:14:42,216 [5b9beb6f-d596-489f-8a17-e362b772df82-groupManagement] INFO  server.RaftServerConfigKeys (ConfUtils.java:logGet(46)) - raft.server.rpc.request.timeout = 60s (custom)
2023-10-27 20:14:42,216 [5b9beb6f-d596-489f-8a17-e362b772df82-groupManagement] INFO  server.RaftServerConfigKeys (ConfUtils.java:logGet(46)) - raft.server.log.appender.install.snapshot.enabled = false (custom)
2023-10-27 20:14:42,216 [5b9beb6f-d596-489f-8a17-e362b772df82-groupManagement] INFO  server.RaftServerConfigKeys (ConfUtils.java:logGet(46)) - raft.server.threadpool.server.cached = true (default)
2023-10-27 20:14:42,222 [5b9beb6f-d596-489f-8a17-e362b772df82-groupManagement] INFO  server.RaftServerConfigKeys (ConfUtils.java:logGet(46)) - raft.server.threadpool.server.size = 0 (default)
2023-10-27 20:14:42,223 [5b9beb6f-d596-489f-8a17-e362b772df82-groupManagement] INFO  server.RaftServerConfigKeys (ConfUtils.java:logGet(46)) - raft.server.threadpool.client.cached = true (default)
2023-10-27 20:14:42,225 [5b9beb6f-d596-489f-8a17-e362b772df82-groupManagement] INFO  server.RaftServerConfigKeys (ConfUtils.java:logGet(46)) - raft.server.threadpool.client.size = 0 (default)
2023-10-27 20:14:42,225 [5b9beb6f-d596-489f-8a17-e362b772df82-groupManagement] INFO  storage.RaftStorageDirectory (RaftStorageDirectoryImpl.java:analyzeStorage(137)) - The storage directory /home/runner/work/ozone/ozone/hadoop-ozone/integration-test/target/test-dir/MiniOzoneClusterImpl-60426a9d-3de2-4373-b08b-24a22c9da129/datanode-9/data/ratis/e2f8a5c1-2390-4205-923d-3cea00bd3bac does not exist. Creating ...
2023-10-27 20:14:42,228 [5b9beb6f-d596-489f-8a17-e362b772df82-groupManagement] INFO  storage.RaftStorageDirectory (RaftStorageDirectoryImpl.java:tryLock(231)) - Lock on /home/runner/work/ozone/ozone/hadoop-ozone/integration-test/target/test-dir/MiniOzoneClusterImpl-60426a9d-3de2-4373-b08b-24a22c9da129/datanode-9/data/ratis/e2f8a5c1-2390-4205-923d-3cea00bd3bac/in_use.lock acquired by nodename 14569@fv-az342-943
2023-10-27 20:14:42,231 [5b9beb6f-d596-489f-8a17-e362b772df82-groupManagement] INFO  storage.RaftStorage (RaftStorageImpl.java:format(96)) - Storage directory /home/runner/work/ozone/ozone/hadoop-ozone/integration-test/target/test-dir/MiniOzoneClusterImpl-60426a9d-3de2-4373-b08b-24a22c9da129/datanode-9/data/ratis/e2f8a5c1-2390-4205-923d-3cea00bd3bac has been successfully formatted.
2023-10-27 20:14:42,232 [5b9beb6f-d596-489f-8a17-e362b772df82-groupManagement] INFO  ratis.ContainerStateMachine (ContainerStateMachine.java:loadSnapshot(269)) - group-3CEA00BD3BAC: The snapshot info is null. Setting the last applied indexto:(t:0, i:~)
2023-10-27 20:14:42,232 [5b9beb6f-d596-489f-8a17-e362b772df82-groupManagement] INFO  server.RaftServerConfigKeys (ConfUtils.java:logGet(46)) - raft.server.log.use.memory = false (default)
2023-10-27 20:14:42,232 [5b9beb6f-d596-489f-8a17-e362b772df82-groupManagement] INFO  server.RaftServerConfigKeys (ConfUtils.java:logGet(46)) - raft.server.log.purge.gap = 1000000 (custom)
2023-10-27 20:14:42,232 [5b9beb6f-d596-489f-8a17-e362b772df82-groupManagement] INFO  server.RaftServerConfigKeys (ConfUtils.java:logGet(46)) - raft.server.log.appender.buffer.byte-limit = 33554432 (custom)
2023-10-27 20:14:42,232 [5b9beb6f-d596-489f-8a17-e362b772df82-groupManagement] INFO  server.RaftServerConfigKeys (ConfUtils.java:logGet(46)) - raft.server.log.statemachine.data.read.timeout = 1000ms (default)
2023-10-27 20:14:42,232 [5b9beb6f-d596-489f-8a17-e362b772df82-groupManagement] INFO  server.RaftServerConfigKeys (ConfUtils.java:logGet(46)) - raft.server.log.purge.preservation.log.num = 0 (default)
2023-10-27 20:14:42,233 [5b9beb6f-d596-489f-8a17-e362b772df82-groupManagement] INFO  server.RaftServerConfigKeys (ConfUtils.java:logGet(46)) - raft.server.log.segment.size.max = 1048576 (custom)
2023-10-27 20:14:42,233 [5b9beb6f-d596-489f-8a17-e362b772df82-groupManagement] INFO  server.RaftServerConfigKeys (ConfUtils.java:logGet(46)) - raft.server.log.segment.cache.num.max = 2 (custom)
2023-10-27 20:14:42,233 [5b9beb6f-d596-489f-8a17-e362b772df82-groupManagement] INFO  server.RaftServerConfigKeys (ConfUtils.java:logGet(46)) - raft.server.log.segment.cache.size.max = 200MB (=209715200) (default)
2023-10-27 20:14:42,233 [5b9beb6f-d596-489f-8a17-e362b772df82-groupManagement] INFO  server.RaftServerConfigKeys (ConfUtils.java:logGet(46)) - raft.server.log.appender.buffer.byte-limit = 33554432 (custom)
2023-10-27 20:14:42,233 [5b9beb6f-d596-489f-8a17-e362b772df82-groupManagement] INFO  segmented.SegmentedRaftLogWorker (SegmentedRaftLogWorker.java:<init>(188)) - new 5b9beb6f-d596-489f-8a17-e362b772df82@group-3CEA00BD3BAC-SegmentedRaftLogWorker for RaftStorageImpl:Storage Directory /home/runner/work/ozone/ozone/hadoop-ozone/integration-test/target/test-dir/MiniOzoneClusterImpl-60426a9d-3de2-4373-b08b-24a22c9da129/datanode-9/data/ratis/e2f8a5c1-2390-4205-923d-3cea00bd3bac
2023-10-27 20:14:42,233 [5b9beb6f-d596-489f-8a17-e362b772df82-groupManagement] INFO  server.RaftServerConfigKeys (ConfUtils.java:logGet(46)) - raft.server.log.queue.byte-limit = 4294967296 (custom)
2023-10-27 20:14:42,233 [5b9beb6f-d596-489f-8a17-e362b772df82-groupManagement] INFO  server.RaftServerConfigKeys (ConfUtils.java:logGet(46)) - raft.server.log.queue.element-limit = 1024 (custom)
2023-10-27 20:14:42,234 [5b9beb6f-d596-489f-8a17-e362b772df82-groupManagement] INFO  server.RaftServerConfigKeys (ConfUtils.java:logGet(46)) - raft.server.log.segment.size.max = 1048576 (custom)
2023-10-27 20:14:42,234 [5b9beb6f-d596-489f-8a17-e362b772df82-groupManagement] INFO  server.RaftServerConfigKeys (ConfUtils.java:logGet(46)) - raft.server.log.preallocated.size = 16384 (custom)
2023-10-27 20:14:42,234 [5b9beb6f-d596-489f-8a17-e362b772df82-groupManagement] INFO  server.RaftServerConfigKeys (ConfUtils.java:logGet(46)) - raft.server.log.force.sync.num = 128 (default)
2023-10-27 20:14:42,234 [5b9beb6f-d596-489f-8a17-e362b772df82-groupManagement] INFO  server.RaftServerConfigKeys (ConfUtils.java:logGet(46)) - raft.server.log.statemachine.data.sync = true (default)
2023-10-27 20:14:42,234 [5b9beb6f-d596-489f-8a17-e362b772df82-groupManagement] INFO  server.RaftServerConfigKeys (ConfUtils.java:logGet(46)) - raft.server.log.statemachine.data.sync.timeout = 10s (default)
2023-10-27 20:14:42,234 [5b9beb6f-d596-489f-8a17-e362b772df82-groupManagement] INFO  server.RaftServerConfigKeys (ConfUtils.java:logGet(46)) - raft.server.log.statemachine.data.sync.timeout.retry = -1 (default)
2023-10-27 20:14:42,239 [5b9beb6f-d596-489f-8a17-e362b772df82-groupManagement] INFO  server.RaftServerConfigKeys (ConfUtils.java:logGet(46)) - raft.server.log.write.buffer.size = 1048576 (custom)
2023-10-27 20:14:42,243 [5b9beb6f-d596-489f-8a17-e362b772df82-groupManagement] INFO  server.RaftServerConfigKeys (ConfUtils.java:logGet(46)) - raft.server.log.appender.buffer.byte-limit = 33554432 (custom)
2023-10-27 20:14:42,251 [5b9beb6f-d596-489f-8a17-e362b772df82-groupManagement] INFO  server.RaftServerConfigKeys (ConfUtils.java:logGet(46)) - raft.server.log.unsafe-flush.enabled = false (default)
2023-10-27 20:14:42,252 [5b9beb6f-d596-489f-8a17-e362b772df82-groupManagement] INFO  server.RaftServerConfigKeys (ConfUtils.java:logGet(46)) - raft.server.log.async-flush.enabled = false (default)
2023-10-27 20:14:42,252 [5b9beb6f-d596-489f-8a17-e362b772df82-groupManagement] INFO  server.RaftServerConfigKeys (ConfUtils.java:logGet(46)) - raft.server.log.statemachine.data.caching.enabled = true (custom)
2023-10-27 20:14:42,252 [5b9beb6f-d596-489f-8a17-e362b772df82-groupManagement] INFO  segmented.SegmentedRaftLogWorker (SegmentedRaftLogWorker.java:lambda$new$0(135)) - 5b9beb6f-d596-489f-8a17-e362b772df82@group-3CEA00BD3BAC-SegmentedRaftLogWorker: flushIndex: setUnconditionally 0 -> -1
2023-10-27 20:14:42,252 [5b9beb6f-d596-489f-8a17-e362b772df82-groupManagement] INFO  segmented.SegmentedRaftLogWorker (SegmentedRaftLogWorker.java:lambda$new$0(135)) - 5b9beb6f-d596-489f-8a17-e362b772df82@group-3CEA00BD3BAC-SegmentedRaftLogWorker: safeCacheEvictIndex: setUnconditionally 0 -> -1
2023-10-27 20:14:42,252 [5b9beb6f-d596-489f-8a17-e362b772df82-groupManagement] INFO  server.RaftServer$Division (RaftServerImpl.java:start(342)) - 5b9beb6f-d596-489f-8a17-e362b772df82@group-3CEA00BD3BAC: start as a follower, conf=-1: peers:[f612f2cf-90dc-41dc-bf39-cf028d38c484|rpc:10.1.0.32:15077|admin:10.1.0.32:15076|client:10.1.0.32:15075|dataStream:10.1.0.32:15078|priority:0|startupRole:FOLLOWER, 55507c8a-594d-4e25-909f-8d2832294c55|rpc:10.1.0.32:15086|admin:10.1.0.32:15085|client:10.1.0.32:15084|dataStream:10.1.0.32:15087|priority:0|startupRole:FOLLOWER, 5b9beb6f-d596-489f-8a17-e362b772df82|rpc:10.1.0.32:15095|admin:10.1.0.32:15094|client:10.1.0.32:15093|dataStream:10.1.0.32:15096|priority:1|startupRole:FOLLOWER]|listeners:[], old=null
2023-10-27 20:14:42,252 [5b9beb6f-d596-489f-8a17-e362b772df82-groupManagement] INFO  server.RaftServer$Division (RaftServerImpl.java:setRole(329)) - 5b9beb6f-d596-489f-8a17-e362b772df82@group-3CEA00BD3BAC: changes role from      null to FOLLOWER at term 0 for startAsFollower
2023-10-27 20:14:42,252 [5b9beb6f-d596-489f-8a17-e362b772df82-groupManagement] INFO  impl.RoleInfo (RoleInfo.java:updateAndGet(139)) - 5b9beb6f-d596-489f-8a17-e362b772df82: start 5b9beb6f-d596-489f-8a17-e362b772df82@group-3CEA00BD3BAC-FollowerState
2023-10-27 20:14:42,253 [5b9beb6f-d596-489f-8a17-e362b772df82-groupManagement] INFO  util.JmxRegister (JmxRegister.java:tryRegister(44)) - Successfully registered JMX Bean with object name Ratis:service=RaftServer,group=group-3CEA00BD3BAC,id=5b9beb6f-d596-489f-8a17-e362b772df82
2023-10-27 20:14:42,253 [5b9beb6f-d596-489f-8a17-e362b772df82-groupManagement] INFO  server.RaftServerConfigKeys (ConfUtils.java:logGet(46)) - raft.server.snapshot.auto.trigger.enabled = true (custom)
2023-10-27 20:14:42,253 [5b9beb6f-d596-489f-8a17-e362b772df82-groupManagement] INFO  server.RaftServerConfigKeys (ConfUtils.java:logGet(46)) - raft.server.snapshot.auto.trigger.threshold = 10000 (custom)
2023-10-27 20:14:42,253 [5b9beb6f-d596-489f-8a17-e362b772df82-groupManagement] INFO  server.RaftServerConfigKeys (ConfUtils.java:logGet(46)) - raft.server.snapshot.retention.file.num = 5 (custom)
2023-10-27 20:14:42,253 [5b9beb6f-d596-489f-8a17-e362b772df82-groupManagement] INFO  server.RaftServerConfigKeys (ConfUtils.java:logGet(46)) - raft.server.log.purge.upto.snapshot.index = false (default)
2023-10-27 20:14:42,254 [5b9beb6f-d596-489f-8a17-e362b772df82@group-3CEA00BD3BAC-FollowerState] INFO  server.RaftServerConfigKeys (ConfUtils.java:logFallback(53)) - raft.server.rpc.first-election.timeout.min = 5s (fallback to raft.server.rpc.timeout.min)
2023-10-27 20:14:42,254 [5b9beb6f-d596-489f-8a17-e362b772df82@group-3CEA00BD3BAC-FollowerState] INFO  server.RaftServerConfigKeys (ConfUtils.java:logFallback(53)) - raft.server.rpc.first-election.timeout.max = 5200ms (fallback to raft.server.rpc.timeout.max)
2023-10-27 20:14:42,255 [5b9beb6f-d596-489f-8a17-e362b772df82-PipelineCommandHandlerThread-0] INFO  ratis.XceiverServerRatis (XceiverServerRatis.java:addGroup(805)) - Created group PipelineID=e2f8a5c1-2390-4205-923d-3cea00bd3bac
2023-10-27 20:14:42,269 [grpc-default-executor-5] INFO  server.RaftServer (RaftServerProxy.java:addNew(98)) - 55507c8a-594d-4e25-909f-8d2832294c55: addNew group-3CEA00BD3BAC:[f612f2cf-90dc-41dc-bf39-cf028d38c484|rpc:10.1.0.32:15077|admin:10.1.0.32:15076|client:10.1.0.32:15075|dataStream:10.1.0.32:15078|priority:0|startupRole:FOLLOWER, 55507c8a-594d-4e25-909f-8d2832294c55|rpc:10.1.0.32:15086|admin:10.1.0.32:15085|client:10.1.0.32:15084|dataStream:10.1.0.32:15087|priority:0|startupRole:FOLLOWER, 5b9beb6f-d596-489f-8a17-e362b772df82|rpc:10.1.0.32:15095|admin:10.1.0.32:15094|client:10.1.0.32:15093|dataStream:10.1.0.32:15096|priority:1|startupRole:FOLLOWER] returns group-3CEA00BD3BAC:java.util.concurrent.CompletableFuture@7ab2fbe0[Not completed]
2023-10-27 20:14:42,273 [55507c8a-594d-4e25-909f-8d2832294c55-groupManagement] INFO  server.RaftServer$Division (RaftServerImpl.java:<init>(198)) - 55507c8a-594d-4e25-909f-8d2832294c55: new RaftServerImpl for group-3CEA00BD3BAC:[f612f2cf-90dc-41dc-bf39-cf028d38c484|rpc:10.1.0.32:15077|admin:10.1.0.32:15076|client:10.1.0.32:15075|dataStream:10.1.0.32:15078|priority:0|startupRole:FOLLOWER, 55507c8a-594d-4e25-909f-8d2832294c55|rpc:10.1.0.32:15086|admin:10.1.0.32:15085|client:10.1.0.32:15084|dataStream:10.1.0.32:15087|priority:0|startupRole:FOLLOWER, 5b9beb6f-d596-489f-8a17-e362b772df82|rpc:10.1.0.32:15095|admin:10.1.0.32:15094|client:10.1.0.32:15093|dataStream:10.1.0.32:15096|priority:1|startupRole:FOLLOWER] with ContainerStateMachine:uninitialized
2023-10-27 20:14:42,273 [55507c8a-594d-4e25-909f-8d2832294c55-groupManagement] INFO  server.RaftServerConfigKeys (ConfUtils.java:logGet(46)) - raft.server.rpc.timeout.min = 5s (custom)
2023-10-27 20:14:42,273 [55507c8a-594d-4e25-909f-8d2832294c55-groupManagement] INFO  server.RaftServerConfigKeys (ConfUtils.java:logGet(46)) - raft.server.rpc.timeout.max = 5200ms (custom)
2023-10-27 20:14:42,273 [55507c8a-594d-4e25-909f-8d2832294c55-groupManagement] INFO  server.RaftServerConfigKeys (ConfUtils.java:logGet(46)) - raft.server.rpc.sleep.time = 25ms (default)
2023-10-27 20:14:42,273 [55507c8a-594d-4e25-909f-8d2832294c55-groupManagement] INFO  server.RaftServerConfigKeys (ConfUtils.java:logGet(46)) - raft.server.rpc.slowness.timeout = 300s (custom)
2023-10-27 20:14:42,273 [55507c8a-594d-4e25-909f-8d2832294c55-groupManagement] INFO  server.RaftServerConfigKeys (ConfUtils.java:logGet(46)) - raft.server.leaderelection.leader.step-down.wait-time = 10s (default)
2023-10-27 20:14:42,273 [55507c8a-594d-4e25-909f-8d2832294c55-groupManagement] INFO  server.RaftServerConfigKeys (ConfUtils.java:logGet(46)) - raft.server.sleep.deviation.threshold = 300ms (default)
2023-10-27 20:14:42,273 [55507c8a-594d-4e25-909f-8d2832294c55-groupManagement] INFO  server.RaftServer$Division (ServerState.java:<init>(120)) - 55507c8a-594d-4e25-909f-8d2832294c55@group-3CEA00BD3BAC: ConfigurationManager, init=-1: peers:[f612f2cf-90dc-41dc-bf39-cf028d38c484|rpc:10.1.0.32:15077|admin:10.1.0.32:15076|client:10.1.0.32:15075|dataStream:10.1.0.32:15078|priority:0|startupRole:FOLLOWER, 55507c8a-594d-4e25-909f-8d2832294c55|rpc:10.1.0.32:15086|admin:10.1.0.32:15085|client:10.1.0.32:15084|dataStream:10.1.0.32:15087|priority:0|startupRole:FOLLOWER, 5b9beb6f-d596-489f-8a17-e362b772df82|rpc:10.1.0.32:15095|admin:10.1.0.32:15094|client:10.1.0.32:15093|dataStream:10.1.0.32:15096|priority:1|startupRole:FOLLOWER]|listeners:[], old=null, confs=<EMPTY_MAP>
2023-10-27 20:14:42,274 [55507c8a-594d-4e25-909f-8d2832294c55-groupManagement] INFO  server.RaftServerConfigKeys (ConfUtils.java:logGet(46)) - raft.server.storage.dir = [/home/runner/work/ozone/ozone/hadoop-ozone/integration-test/target/test-dir/MiniOzoneClusterImpl-60426a9d-3de2-4373-b08b-24a22c9da129/datanode-8/data/ratis] (custom)
2023-10-27 20:14:42,274 [55507c8a-594d-4e25-909f-8d2832294c55-groupManagement] INFO  server.RaftServerConfigKeys (ConfUtils.java:logGet(46)) - raft.server.log.corruption.policy = EXCEPTION (default)
2023-10-27 20:14:42,274 [55507c8a-594d-4e25-909f-8d2832294c55-groupManagement] INFO  server.RaftServerConfigKeys (ConfUtils.java:logGet(46)) - raft.server.storage.free-space.min = 0MB (=0) (default)
2023-10-27 20:14:42,274 [55507c8a-594d-4e25-909f-8d2832294c55-groupManagement] INFO  server.RaftServerConfigKeys (ConfUtils.java:logGet(46)) - raft.server.notification.no-leader.timeout = 300s (custom)
2023-10-27 20:14:42,274 [55507c8a-594d-4e25-909f-8d2832294c55-groupManagement] INFO  server.RaftServerConfigKeys (ConfUtils.java:logGet(46)) - raft.server.read.timeout = 10s (default)
2023-10-27 20:14:42,274 [55507c8a-594d-4e25-909f-8d2832294c55-groupManagement] INFO  server.RaftServerConfigKeys (ConfUtils.java:logGet(46)) - raft.server.retrycache.expirytime = 600000ms (custom)
2023-10-27 20:14:42,274 [55507c8a-594d-4e25-909f-8d2832294c55-groupManagement] INFO  server.RaftServerConfigKeys (ConfUtils.java:logGet(46)) - raft.server.retrycache.statistics.expirytime = 100μs (default)
2023-10-27 20:14:42,274 [55507c8a-594d-4e25-909f-8d2832294c55-groupManagement] INFO  server.RaftServerConfigKeys (ConfUtils.java:logGet(46)) - raft.server.read.option = DEFAULT (default)
2023-10-27 20:14:42,275 [55507c8a-594d-4e25-909f-8d2832294c55-groupManagement] INFO  server.RaftServerConfigKeys (ConfUtils.java:logGet(46)) - raft.server.rpc.request.timeout = 60s (custom)
2023-10-27 20:14:42,276 [55507c8a-594d-4e25-909f-8d2832294c55-groupManagement] INFO  server.RaftServerConfigKeys (ConfUtils.java:logGet(46)) - raft.server.log.appender.install.snapshot.enabled = false (custom)
2023-10-27 20:14:42,276 [55507c8a-594d-4e25-909f-8d2832294c55-groupManagement] INFO  server.RaftServerConfigKeys (ConfUtils.java:logGet(46)) - raft.server.threadpool.server.cached = true (default)
2023-10-27 20:14:42,276 [55507c8a-594d-4e25-909f-8d2832294c55-groupManagement] INFO  server.RaftServerConfigKeys (ConfUtils.java:logGet(46)) - raft.server.threadpool.server.size = 0 (default)
2023-10-27 20:14:42,276 [55507c8a-594d-4e25-909f-8d2832294c55-groupManagement] INFO  server.RaftServerConfigKeys (ConfUtils.java:logGet(46)) - raft.server.threadpool.client.cached = true (default)
2023-10-27 20:14:42,276 [55507c8a-594d-4e25-909f-8d2832294c55-groupManagement] INFO  server.RaftServerConfigKeys (ConfUtils.java:logGet(46)) - raft.server.threadpool.client.size = 0 (default)
2023-10-27 20:14:42,276 [f612f2cf-90dc-41dc-bf39-cf028d38c484-PipelineCommandHandlerThread-0] INFO  commandhandler.CreatePipelineCommandHandler (CreatePipelineCommandHandler.java:lambda$handle$2(124)) - Created Pipeline RATIS THREE PipelineID=273a9d47-263d-4559-8519-2d5a7f82fa56.
2023-10-27 20:14:42,276 [55507c8a-594d-4e25-909f-8d2832294c55-groupManagement] INFO  storage.RaftStorageDirectory (RaftStorageDirectoryImpl.java:analyzeStorage(137)) - The storage directory /home/runner/work/ozone/ozone/hadoop-ozone/integration-test/target/test-dir/MiniOzoneClusterImpl-60426a9d-3de2-4373-b08b-24a22c9da129/datanode-8/data/ratis/e2f8a5c1-2390-4205-923d-3cea00bd3bac does not exist. Creating ...
2023-10-27 20:14:42,276 [f612f2cf-90dc-41dc-bf39-cf028d38c484-PipelineCommandHandlerThread-0] INFO  server.RaftServer (RaftServerProxy.java:addNew(98)) - f612f2cf-90dc-41dc-bf39-cf028d38c484: addNew group-3CEA00BD3BAC:[f612f2cf-90dc-41dc-bf39-cf028d38c484|rpc:10.1.0.32:15077|admin:10.1.0.32:15076|client:10.1.0.32:15075|dataStream:10.1.0.32:15078|priority:0|startupRole:FOLLOWER, 55507c8a-594d-4e25-909f-8d2832294c55|rpc:10.1.0.32:15086|admin:10.1.0.32:15085|client:10.1.0.32:15084|dataStream:10.1.0.32:15087|priority:0|startupRole:FOLLOWER, 5b9beb6f-d596-489f-8a17-e362b772df82|rpc:10.1.0.32:15095|admin:10.1.0.32:15094|client:10.1.0.32:15093|dataStream:10.1.0.32:15096|priority:1|startupRole:FOLLOWER] returns group-3CEA00BD3BAC:java.util.concurrent.CompletableFuture@749667a8[Not completed]
2023-10-27 20:14:42,277 [f612f2cf-90dc-41dc-bf39-cf028d38c484-groupManagement] INFO  server.RaftServer$Division (RaftServerImpl.java:<init>(198)) - f612f2cf-90dc-41dc-bf39-cf028d38c484: new RaftServerImpl for group-3CEA00BD3BAC:[f612f2cf-90dc-41dc-bf39-cf028d38c484|rpc:10.1.0.32:15077|admin:10.1.0.32:15076|client:10.1.0.32:15075|dataStream:10.1.0.32:15078|priority:0|startupRole:FOLLOWER, 55507c8a-594d-4e25-909f-8d2832294c55|rpc:10.1.0.32:15086|admin:10.1.0.32:15085|client:10.1.0.32:15084|dataStream:10.1.0.32:15087|priority:0|startupRole:FOLLOWER, 5b9beb6f-d596-489f-8a17-e362b772df82|rpc:10.1.0.32:15095|admin:10.1.0.32:15094|client:10.1.0.32:15093|dataStream:10.1.0.32:15096|priority:1|startupRole:FOLLOWER] with ContainerStateMachine:uninitialized
2023-10-27 20:14:42,277 [f612f2cf-90dc-41dc-bf39-cf028d38c484-groupManagement] INFO  server.RaftServerConfigKeys (ConfUtils.java:logGet(46)) - raft.server.rpc.timeout.min = 5s (custom)
2023-10-27 20:14:42,277 [f612f2cf-90dc-41dc-bf39-cf028d38c484-groupManagement] INFO  server.RaftServerConfigKeys (ConfUtils.java:logGet(46)) - raft.server.rpc.timeout.max = 5200ms (custom)
2023-10-27 20:14:42,277 [f612f2cf-90dc-41dc-bf39-cf028d38c484-groupManagement] INFO  server.RaftServerConfigKeys (ConfUtils.java:logGet(46)) - raft.server.rpc.sleep.time = 25ms (default)
2023-10-27 20:14:42,278 [f612f2cf-90dc-41dc-bf39-cf028d38c484-groupManagement] INFO  server.RaftServerConfigKeys (ConfUtils.java:logGet(46)) - raft.server.rpc.slowness.timeout = 300s (custom)
2023-10-27 20:14:42,278 [f612f2cf-90dc-41dc-bf39-cf028d38c484-groupManagement] INFO  server.RaftServerConfigKeys (ConfUtils.java:logGet(46)) - raft.server.leaderelection.leader.step-down.wait-time = 10s (default)
2023-10-27 20:14:42,278 [f612f2cf-90dc-41dc-bf39-cf028d38c484-groupManagement] INFO  server.RaftServerConfigKeys (ConfUtils.java:logGet(46)) - raft.server.sleep.deviation.threshold = 300ms (default)
2023-10-27 20:14:42,278 [f612f2cf-90dc-41dc-bf39-cf028d38c484-groupManagement] INFO  server.RaftServer$Division (ServerState.java:<init>(120)) - f612f2cf-90dc-41dc-bf39-cf028d38c484@group-3CEA00BD3BAC: ConfigurationManager, init=-1: peers:[f612f2cf-90dc-41dc-bf39-cf028d38c484|rpc:10.1.0.32:15077|admin:10.1.0.32:15076|client:10.1.0.32:15075|dataStream:10.1.0.32:15078|priority:0|startupRole:FOLLOWER, 55507c8a-594d-4e25-909f-8d2832294c55|rpc:10.1.0.32:15086|admin:10.1.0.32:15085|client:10.1.0.32:15084|dataStream:10.1.0.32:15087|priority:0|startupRole:FOLLOWER, 5b9beb6f-d596-489f-8a17-e362b772df82|rpc:10.1.0.32:15095|admin:10.1.0.32:15094|client:10.1.0.32:15093|dataStream:10.1.0.32:15096|priority:1|startupRole:FOLLOWER]|listeners:[], old=null, confs=<EMPTY_MAP>
2023-10-27 20:14:42,278 [f612f2cf-90dc-41dc-bf39-cf028d38c484-groupManagement] INFO  server.RaftServerConfigKeys (ConfUtils.java:logGet(46)) - raft.server.storage.dir = [/home/runner/work/ozone/ozone/hadoop-ozone/integration-test/target/test-dir/MiniOzoneClusterImpl-60426a9d-3de2-4373-b08b-24a22c9da129/datanode-7/data/ratis] (custom)
2023-10-27 20:14:42,278 [f612f2cf-90dc-41dc-bf39-cf028d38c484-groupManagement] INFO  server.RaftServerConfigKeys (ConfUtils.java:logGet(46)) - raft.server.log.corruption.policy = EXCEPTION (default)
2023-10-27 20:14:42,278 [f612f2cf-90dc-41dc-bf39-cf028d38c484-groupManagement] INFO  server.RaftServerConfigKeys (ConfUtils.java:logGet(46)) - raft.server.storage.free-space.min = 0MB (=0) (default)
2023-10-27 20:14:42,278 [f612f2cf-90dc-41dc-bf39-cf028d38c484-groupManagement] INFO  server.RaftServerConfigKeys (ConfUtils.java:logGet(46)) - raft.server.notification.no-leader.timeout = 300s (custom)
2023-10-27 20:14:42,278 [f612f2cf-90dc-41dc-bf39-cf028d38c484-groupManagement] INFO  server.RaftServerConfigKeys (ConfUtils.java:logGet(46)) - raft.server.read.timeout = 10s (default)
2023-10-27 20:14:42,279 [f612f2cf-90dc-41dc-bf39-cf028d38c484-groupManagement] INFO  server.RaftServerConfigKeys (ConfUtils.java:logGet(46)) - raft.server.retrycache.expirytime = 600000ms (custom)
2023-10-27 20:14:42,279 [f612f2cf-90dc-41dc-bf39-cf028d38c484-groupManagement] INFO  server.RaftServerConfigKeys (ConfUtils.java:logGet(46)) - raft.server.retrycache.statistics.expirytime = 100μs (default)
2023-10-27 20:14:42,279 [f612f2cf-90dc-41dc-bf39-cf028d38c484-groupManagement] INFO  server.RaftServerConfigKeys (ConfUtils.java:logGet(46)) - raft.server.read.option = DEFAULT (default)
2023-10-27 20:14:42,280 [f612f2cf-90dc-41dc-bf39-cf028d38c484-groupManagement] INFO  server.RaftServerConfigKeys (ConfUtils.java:logGet(46)) - raft.server.rpc.request.timeout = 60s (custom)
2023-10-27 20:14:42,280 [f612f2cf-90dc-41dc-bf39-cf028d38c484-groupManagement] INFO  server.RaftServerConfigKeys (ConfUtils.java:logGet(46)) - raft.server.log.appender.install.snapshot.enabled = false (custom)
2023-10-27 20:14:42,280 [f612f2cf-90dc-41dc-bf39-cf028d38c484-groupManagement] INFO  server.RaftServerConfigKeys (ConfUtils.java:logGet(46)) - raft.server.threadpool.server.cached = true (default)
2023-10-27 20:14:42,280 [f612f2cf-90dc-41dc-bf39-cf028d38c484-groupManagement] INFO  server.RaftServerConfigKeys (ConfUtils.java:logGet(46)) - raft.server.threadpool.server.size = 0 (default)
2023-10-27 20:14:42,280 [f612f2cf-90dc-41dc-bf39-cf028d38c484-groupManagement] INFO  server.RaftServerConfigKeys (ConfUtils.java:logGet(46)) - raft.server.threadpool.client.cached = true (default)
2023-10-27 20:14:42,280 [f612f2cf-90dc-41dc-bf39-cf028d38c484-groupManagement] INFO  server.RaftServerConfigKeys (ConfUtils.java:logGet(46)) - raft.server.threadpool.client.size = 0 (default)
2023-10-27 20:14:42,280 [f612f2cf-90dc-41dc-bf39-cf028d38c484-groupManagement] INFO  storage.RaftStorageDirectory (RaftStorageDirectoryImpl.java:analyzeStorage(137)) - The storage directory /home/runner/work/ozone/ozone/hadoop-ozone/integration-test/target/test-dir/MiniOzoneClusterImpl-60426a9d-3de2-4373-b08b-24a22c9da129/datanode-7/data/ratis/e2f8a5c1-2390-4205-923d-3cea00bd3bac does not exist. Creating ...
2023-10-27 20:14:42,283 [55507c8a-594d-4e25-909f-8d2832294c55-groupManagement] INFO  storage.RaftStorageDirectory (RaftStorageDirectoryImpl.java:tryLock(231)) - Lock on /home/runner/work/ozone/ozone/hadoop-ozone/integration-test/target/test-dir/MiniOzoneClusterImpl-60426a9d-3de2-4373-b08b-24a22c9da129/datanode-8/data/ratis/e2f8a5c1-2390-4205-923d-3cea00bd3bac/in_use.lock acquired by nodename 14569@fv-az342-943
2023-10-27 20:14:42,283 [f612f2cf-90dc-41dc-bf39-cf028d38c484-groupManagement] INFO  storage.RaftStorageDirectory (RaftStorageDirectoryImpl.java:tryLock(231)) - Lock on /home/runner/work/ozone/ozone/hadoop-ozone/integration-test/target/test-dir/MiniOzoneClusterImpl-60426a9d-3de2-4373-b08b-24a22c9da129/datanode-7/data/ratis/e2f8a5c1-2390-4205-923d-3cea00bd3bac/in_use.lock acquired by nodename 14569@fv-az342-943
2023-10-27 20:14:42,285 [55507c8a-594d-4e25-909f-8d2832294c55-groupManagement] INFO  storage.RaftStorage (RaftStorageImpl.java:format(96)) - Storage directory /home/runner/work/ozone/ozone/hadoop-ozone/integration-test/target/test-dir/MiniOzoneClusterImpl-60426a9d-3de2-4373-b08b-24a22c9da129/datanode-8/data/ratis/e2f8a5c1-2390-4205-923d-3cea00bd3bac has been successfully formatted.
2023-10-27 20:14:42,285 [f612f2cf-90dc-41dc-bf39-cf028d38c484-groupManagement] INFO  storage.RaftStorage (RaftStorageImpl.java:format(96)) - Storage directory /home/runner/work/ozone/ozone/hadoop-ozone/integration-test/target/test-dir/MiniOzoneClusterImpl-60426a9d-3de2-4373-b08b-24a22c9da129/datanode-7/data/ratis/e2f8a5c1-2390-4205-923d-3cea00bd3bac has been successfully formatted.
2023-10-27 20:14:42,286 [55507c8a-594d-4e25-909f-8d2832294c55-groupManagement] INFO  ratis.ContainerStateMachine (ContainerStateMachine.java:loadSnapshot(269)) - group-3CEA00BD3BAC: The snapshot info is null. Setting the last applied indexto:(t:0, i:~)
2023-10-27 20:14:42,287 [55507c8a-594d-4e25-909f-8d2832294c55-groupManagement] INFO  server.RaftServerConfigKeys (ConfUtils.java:logGet(46)) - raft.server.log.use.memory = false (default)
2023-10-27 20:14:42,286 [f612f2cf-90dc-41dc-bf39-cf028d38c484-groupManagement] INFO  ratis.ContainerStateMachine (ContainerStateMachine.java:loadSnapshot(269)) - group-3CEA00BD3BAC: The snapshot info is null. Setting the last applied indexto:(t:0, i:~)
2023-10-27 20:14:42,288 [f612f2cf-90dc-41dc-bf39-cf028d38c484-groupManagement] INFO  server.RaftServerConfigKeys (ConfUtils.java:logGet(46)) - raft.server.log.use.memory = false (default)
2023-10-27 20:14:42,288 [55507c8a-594d-4e25-909f-8d2832294c55-groupManagement] INFO  server.RaftServerConfigKeys (ConfUtils.java:logGet(46)) - raft.server.log.purge.gap = 1000000 (custom)
2023-10-27 20:14:42,288 [55507c8a-594d-4e25-909f-8d2832294c55-groupManagement] INFO  server.RaftServerConfigKeys (ConfUtils.java:logGet(46)) - raft.server.log.appender.buffer.byte-limit = 33554432 (custom)
2023-10-27 20:14:42,288 [f612f2cf-90dc-41dc-bf39-cf028d38c484-groupManagement] INFO  server.RaftServerConfigKeys (ConfUtils.java:logGet(46)) - raft.server.log.purge.gap = 1000000 (custom)
2023-10-27 20:14:42,289 [f612f2cf-90dc-41dc-bf39-cf028d38c484-groupManagement] INFO  server.RaftServerConfigKeys (ConfUtils.java:logGet(46)) - raft.server.log.appender.buffer.byte-limit = 33554432 (custom)
2023-10-27 20:14:42,289 [f612f2cf-90dc-41dc-bf39-cf028d38c484-groupManagement] INFO  server.RaftServerConfigKeys (ConfUtils.java:logGet(46)) - raft.server.log.statemachine.data.read.timeout = 1000ms (default)
2023-10-27 20:14:42,289 [f612f2cf-90dc-41dc-bf39-cf028d38c484-groupManagement] INFO  server.RaftServerConfigKeys (ConfUtils.java:logGet(46)) - raft.server.log.purge.preservation.log.num = 0 (default)
2023-10-27 20:14:42,288 [55507c8a-594d-4e25-909f-8d2832294c55-groupManagement] INFO  server.RaftServerConfigKeys (ConfUtils.java:logGet(46)) - raft.server.log.statemachine.data.read.timeout = 1000ms (default)
2023-10-27 20:14:42,289 [f612f2cf-90dc-41dc-bf39-cf028d38c484-groupManagement] INFO  server.RaftServerConfigKeys (ConfUtils.java:logGet(46)) - raft.server.log.segment.size.max = 1048576 (custom)
2023-10-27 20:14:42,289 [55507c8a-594d-4e25-909f-8d2832294c55-groupManagement] INFO  server.RaftServerConfigKeys (ConfUtils.java:logGet(46)) - raft.server.log.purge.preservation.log.num = 0 (default)
2023-10-27 20:14:42,290 [f612f2cf-90dc-41dc-bf39-cf028d38c484-groupManagement] INFO  server.RaftServerConfigKeys (ConfUtils.java:logGet(46)) - raft.server.log.segment.cache.num.max = 2 (custom)
2023-10-27 20:14:42,290 [f612f2cf-90dc-41dc-bf39-cf028d38c484-groupManagement] INFO  server.RaftServerConfigKeys (ConfUtils.java:logGet(46)) - raft.server.log.segment.cache.size.max = 200MB (=209715200) (default)
2023-10-27 20:14:42,290 [f612f2cf-90dc-41dc-bf39-cf028d38c484-groupManagement] INFO  server.RaftServerConfigKeys (ConfUtils.java:logGet(46)) - raft.server.log.appender.buffer.byte-limit = 33554432 (custom)
2023-10-27 20:14:42,290 [f612f2cf-90dc-41dc-bf39-cf028d38c484-groupManagement] INFO  segmented.SegmentedRaftLogWorker (SegmentedRaftLogWorker.java:<init>(188)) - new f612f2cf-90dc-41dc-bf39-cf028d38c484@group-3CEA00BD3BAC-SegmentedRaftLogWorker for RaftStorageImpl:Storage Directory /home/runner/work/ozone/ozone/hadoop-ozone/integration-test/target/test-dir/MiniOzoneClusterImpl-60426a9d-3de2-4373-b08b-24a22c9da129/datanode-7/data/ratis/e2f8a5c1-2390-4205-923d-3cea00bd3bac
2023-10-27 20:14:42,290 [f612f2cf-90dc-41dc-bf39-cf028d38c484-groupManagement] INFO  server.RaftServerConfigKeys (ConfUtils.java:logGet(46)) - raft.server.log.queue.byte-limit = 4294967296 (custom)
2023-10-27 20:14:42,290 [f612f2cf-90dc-41dc-bf39-cf028d38c484-groupManagement] INFO  server.RaftServerConfigKeys (ConfUtils.java:logGet(46)) - raft.server.log.queue.element-limit = 1024 (custom)
2023-10-27 20:14:42,290 [f612f2cf-90dc-41dc-bf39-cf028d38c484-groupManagement] INFO  server.RaftServerConfigKeys (ConfUtils.java:logGet(46)) - raft.server.log.segment.size.max = 1048576 (custom)
2023-10-27 20:14:42,290 [f612f2cf-90dc-41dc-bf39-cf028d38c484-groupManagement] INFO  server.RaftServerConfigKeys (ConfUtils.java:logGet(46)) - raft.server.log.preallocated.size = 16384 (custom)
2023-10-27 20:14:42,290 [f612f2cf-90dc-41dc-bf39-cf028d38c484-groupManagement] INFO  server.RaftServerConfigKeys (ConfUtils.java:logGet(46)) - raft.server.log.force.sync.num = 128 (default)
2023-10-27 20:14:42,290 [f612f2cf-90dc-41dc-bf39-cf028d38c484-groupManagement] INFO  server.RaftServerConfigKeys (ConfUtils.java:logGet(46)) - raft.server.log.statemachine.data.sync = true (default)
2023-10-27 20:14:42,291 [f612f2cf-90dc-41dc-bf39-cf028d38c484-groupManagement] INFO  server.RaftServerConfigKeys (ConfUtils.java:logGet(46)) - raft.server.log.statemachine.data.sync.timeout = 10s (default)
2023-10-27 20:14:42,291 [f612f2cf-90dc-41dc-bf39-cf028d38c484-groupManagement] INFO  server.RaftServerConfigKeys (ConfUtils.java:logGet(46)) - raft.server.log.statemachine.data.sync.timeout.retry = -1 (default)
2023-10-27 20:14:42,291 [f612f2cf-90dc-41dc-bf39-cf028d38c484-groupManagement] INFO  server.RaftServerConfigKeys (ConfUtils.java:logGet(46)) - raft.server.log.write.buffer.size = 1048576 (custom)
2023-10-27 20:14:42,292 [f612f2cf-90dc-41dc-bf39-cf028d38c484-groupManagement] INFO  server.RaftServerConfigKeys (ConfUtils.java:logGet(46)) - raft.server.log.appender.buffer.byte-limit = 33554432 (custom)
2023-10-27 20:14:42,292 [55507c8a-594d-4e25-909f-8d2832294c55-groupManagement] INFO  server.RaftServerConfigKeys (ConfUtils.java:logGet(46)) - raft.server.log.segment.size.max = 1048576 (custom)
2023-10-27 20:14:42,293 [55507c8a-594d-4e25-909f-8d2832294c55-groupManagement] INFO  server.RaftServerConfigKeys (ConfUtils.java:logGet(46)) - raft.server.log.segment.cache.num.max = 2 (custom)
2023-10-27 20:14:42,293 [55507c8a-594d-4e25-909f-8d2832294c55-groupManagement] INFO  server.RaftServerConfigKeys (ConfUtils.java:logGet(46)) - raft.server.log.segment.cache.size.max = 200MB (=209715200) (default)
2023-10-27 20:14:42,293 [55507c8a-594d-4e25-909f-8d2832294c55-groupManagement] INFO  server.RaftServerConfigKeys (ConfUtils.java:logGet(46)) - raft.server.log.appender.buffer.byte-limit = 33554432 (custom)
2023-10-27 20:14:42,293 [55507c8a-594d-4e25-909f-8d2832294c55-groupManagement] INFO  segmented.SegmentedRaftLogWorker (SegmentedRaftLogWorker.java:<init>(188)) - new 55507c8a-594d-4e25-909f-8d2832294c55@group-3CEA00BD3BAC-SegmentedRaftLogWorker for RaftStorageImpl:Storage Directory /home/runner/work/ozone/ozone/hadoop-ozone/integration-test/target/test-dir/MiniOzoneClusterImpl-60426a9d-3de2-4373-b08b-24a22c9da129/datanode-8/data/ratis/e2f8a5c1-2390-4205-923d-3cea00bd3bac
2023-10-27 20:14:42,293 [55507c8a-594d-4e25-909f-8d2832294c55-groupManagement] INFO  server.RaftServerConfigKeys (ConfUtils.java:logGet(46)) - raft.server.log.queue.byte-limit = 4294967296 (custom)
2023-10-27 20:14:42,294 [55507c8a-594d-4e25-909f-8d2832294c55-groupManagement] INFO  server.RaftServerConfigKeys (ConfUtils.java:logGet(46)) - raft.server.log.queue.element-limit = 1024 (custom)
2023-10-27 20:14:42,294 [55507c8a-594d-4e25-909f-8d2832294c55-groupManagement] INFO  server.RaftServerConfigKeys (ConfUtils.java:logGet(46)) - raft.server.log.segment.size.max = 1048576 (custom)
2023-10-27 20:14:42,294 [55507c8a-594d-4e25-909f-8d2832294c55-groupManagement] INFO  server.RaftServerConfigKeys (ConfUtils.java:logGet(46)) - raft.server.log.preallocated.size = 16384 (custom)
2023-10-27 20:14:42,294 [55507c8a-594d-4e25-909f-8d2832294c55-groupManagement] INFO  server.RaftServerConfigKeys (ConfUtils.java:logGet(46)) - raft.server.log.force.sync.num = 128 (default)
2023-10-27 20:14:42,294 [55507c8a-594d-4e25-909f-8d2832294c55-groupManagement] INFO  server.RaftServerConfigKeys (ConfUtils.java:logGet(46)) - raft.server.log.statemachine.data.sync = true (default)
2023-10-27 20:14:42,294 [55507c8a-594d-4e25-909f-8d2832294c55-groupManagement] INFO  server.RaftServerConfigKeys (ConfUtils.java:logGet(46)) - raft.server.log.statemachine.data.sync.timeout = 10s (default)
2023-10-27 20:14:42,295 [55507c8a-594d-4e25-909f-8d2832294c55-groupManagement] INFO  server.RaftServerConfigKeys (ConfUtils.java:logGet(46)) - raft.server.log.statemachine.data.sync.timeout.retry = -1 (default)
2023-10-27 20:14:42,298 [55507c8a-594d-4e25-909f-8d2832294c55-groupManagement] INFO  server.RaftServerConfigKeys (ConfUtils.java:logGet(46)) - raft.server.log.write.buffer.size = 1048576 (custom)
2023-10-27 20:14:42,301 [55507c8a-594d-4e25-909f-8d2832294c55-groupManagement] INFO  server.RaftServerConfigKeys (ConfUtils.java:logGet(46)) - raft.server.log.appender.buffer.byte-limit = 33554432 (custom)
2023-10-27 20:14:42,396 [f612f2cf-90dc-41dc-bf39-cf028d38c484-groupManagement] INFO  server.RaftServerConfigKeys (ConfUtils.java:logGet(46)) - raft.server.log.unsafe-flush.enabled = false (default)
2023-10-27 20:14:42,397 [f612f2cf-90dc-41dc-bf39-cf028d38c484-groupManagement] INFO  server.RaftServerConfigKeys (ConfUtils.java:logGet(46)) - raft.server.log.async-flush.enabled = false (default)
2023-10-27 20:14:42,397 [f612f2cf-90dc-41dc-bf39-cf028d38c484-groupManagement] INFO  server.RaftServerConfigKeys (ConfUtils.java:logGet(46)) - raft.server.log.statemachine.data.caching.enabled = true (custom)
2023-10-27 20:14:42,397 [f612f2cf-90dc-41dc-bf39-cf028d38c484-groupManagement] INFO  segmented.SegmentedRaftLogWorker (SegmentedRaftLogWorker.java:lambda$new$0(135)) - f612f2cf-90dc-41dc-bf39-cf028d38c484@group-3CEA00BD3BAC-SegmentedRaftLogWorker: flushIndex: setUnconditionally 0 -> -1
2023-10-27 20:14:42,397 [f612f2cf-90dc-41dc-bf39-cf028d38c484-groupManagement] INFO  segmented.SegmentedRaftLogWorker (SegmentedRaftLogWorker.java:lambda$new$0(135)) - f612f2cf-90dc-41dc-bf39-cf028d38c484@group-3CEA00BD3BAC-SegmentedRaftLogWorker: safeCacheEvictIndex: setUnconditionally 0 -> -1
2023-10-27 20:14:42,398 [f612f2cf-90dc-41dc-bf39-cf028d38c484-groupManagement] INFO  server.RaftServer$Division (RaftServerImpl.java:start(342)) - f612f2cf-90dc-41dc-bf39-cf028d38c484@group-3CEA00BD3BAC: start as a follower, conf=-1: peers:[f612f2cf-90dc-41dc-bf39-cf028d38c484|rpc:10.1.0.32:15077|admin:10.1.0.32:15076|client:10.1.0.32:15075|dataStream:10.1.0.32:15078|priority:0|startupRole:FOLLOWER, 55507c8a-594d-4e25-909f-8d2832294c55|rpc:10.1.0.32:15086|admin:10.1.0.32:15085|client:10.1.0.32:15084|dataStream:10.1.0.32:15087|priority:0|startupRole:FOLLOWER, 5b9beb6f-d596-489f-8a17-e362b772df82|rpc:10.1.0.32:15095|admin:10.1.0.32:15094|client:10.1.0.32:15093|dataStream:10.1.0.32:15096|priority:1|startupRole:FOLLOWER]|listeners:[], old=null
2023-10-27 20:14:42,398 [f612f2cf-90dc-41dc-bf39-cf028d38c484-groupManagement] INFO  server.RaftServer$Division (RaftServerImpl.java:setRole(329)) - f612f2cf-90dc-41dc-bf39-cf028d38c484@group-3CEA00BD3BAC: changes role from      null to FOLLOWER at term 0 for startAsFollower
2023-10-27 20:14:42,398 [f612f2cf-90dc-41dc-bf39-cf028d38c484-groupManagement] INFO  impl.RoleInfo (RoleInfo.java:updateAndGet(139)) - f612f2cf-90dc-41dc-bf39-cf028d38c484: start f612f2cf-90dc-41dc-bf39-cf028d38c484@group-3CEA00BD3BAC-FollowerState
2023-10-27 20:14:42,399 [f612f2cf-90dc-41dc-bf39-cf028d38c484-groupManagement] INFO  util.JmxRegister (JmxRegister.java:tryRegister(44)) - Successfully registered JMX Bean with object name Ratis:service=RaftServer,group=group-3CEA00BD3BAC,id=f612f2cf-90dc-41dc-bf39-cf028d38c484
2023-10-27 20:14:42,399 [f612f2cf-90dc-41dc-bf39-cf028d38c484-groupManagement] INFO  server.RaftServerConfigKeys (ConfUtils.java:logGet(46)) - raft.server.snapshot.auto.trigger.enabled = true (custom)
2023-10-27 20:14:42,399 [f612f2cf-90dc-41dc-bf39-cf028d38c484-groupManagement] INFO  server.RaftServerConfigKeys (ConfUtils.java:logGet(46)) - raft.server.snapshot.auto.trigger.threshold = 10000 (custom)
2023-10-27 20:14:42,399 [f612f2cf-90dc-41dc-bf39-cf028d38c484-groupManagement] INFO  server.RaftServerConfigKeys (ConfUtils.java:logGet(46)) - raft.server.snapshot.retention.file.num = 5 (custom)
2023-10-27 20:14:42,399 [f612f2cf-90dc-41dc-bf39-cf028d38c484-groupManagement] INFO  server.RaftServerConfigKeys (ConfUtils.java:logGet(46)) - raft.server.log.purge.upto.snapshot.index = false (default)
2023-10-27 20:14:42,400 [f612f2cf-90dc-41dc-bf39-cf028d38c484@group-3CEA00BD3BAC-FollowerState] INFO  server.RaftServerConfigKeys (ConfUtils.java:logFallback(53)) - raft.server.rpc.first-election.timeout.min = 5s (fallback to raft.server.rpc.timeout.min)
2023-10-27 20:14:42,400 [f612f2cf-90dc-41dc-bf39-cf028d38c484@group-3CEA00BD3BAC-FollowerState] INFO  server.RaftServerConfigKeys (ConfUtils.java:logFallback(53)) - raft.server.rpc.first-election.timeout.max = 5200ms (fallback to raft.server.rpc.timeout.max)
2023-10-27 20:14:42,401 [f612f2cf-90dc-41dc-bf39-cf028d38c484-PipelineCommandHandlerThread-0] INFO  ratis.XceiverServerRatis (XceiverServerRatis.java:addGroup(805)) - Created group PipelineID=e2f8a5c1-2390-4205-923d-3cea00bd3bac
2023-10-27 20:14:42,423 [55507c8a-594d-4e25-909f-8d2832294c55-groupManagement] INFO  server.RaftServerConfigKeys (ConfUtils.java:logGet(46)) - raft.server.log.unsafe-flush.enabled = false (default)
2023-10-27 20:14:42,426 [55507c8a-594d-4e25-909f-8d2832294c55-groupManagement] INFO  server.RaftServerConfigKeys (ConfUtils.java:logGet(46)) - raft.server.log.async-flush.enabled = false (default)
2023-10-27 20:14:42,426 [55507c8a-594d-4e25-909f-8d2832294c55-groupManagement] INFO  server.RaftServerConfigKeys (ConfUtils.java:logGet(46)) - raft.server.log.statemachine.data.caching.enabled = true (custom)
2023-10-27 20:14:42,427 [55507c8a-594d-4e25-909f-8d2832294c55-groupManagement] INFO  segmented.SegmentedRaftLogWorker (SegmentedRaftLogWorker.java:lambda$new$0(135)) - 55507c8a-594d-4e25-909f-8d2832294c55@group-3CEA00BD3BAC-SegmentedRaftLogWorker: flushIndex: setUnconditionally 0 -> -1
2023-10-27 20:14:42,427 [55507c8a-594d-4e25-909f-8d2832294c55-groupManagement] INFO  segmented.SegmentedRaftLogWorker (SegmentedRaftLogWorker.java:lambda$new$0(135)) - 55507c8a-594d-4e25-909f-8d2832294c55@group-3CEA00BD3BAC-SegmentedRaftLogWorker: safeCacheEvictIndex: setUnconditionally 0 -> -1
2023-10-27 20:14:42,427 [55507c8a-594d-4e25-909f-8d2832294c55-groupManagement] INFO  server.RaftServer$Division (RaftServerImpl.java:start(342)) - 55507c8a-594d-4e25-909f-8d2832294c55@group-3CEA00BD3BAC: start as a follower, conf=-1: peers:[f612f2cf-90dc-41dc-bf39-cf028d38c484|rpc:10.1.0.32:15077|admin:10.1.0.32:15076|client:10.1.0.32:15075|dataStream:10.1.0.32:15078|priority:0|startupRole:FOLLOWER, 55507c8a-594d-4e25-909f-8d2832294c55|rpc:10.1.0.32:15086|admin:10.1.0.32:15085|client:10.1.0.32:15084|dataStream:10.1.0.32:15087|priority:0|startupRole:FOLLOWER, 5b9beb6f-d596-489f-8a17-e362b772df82|rpc:10.1.0.32:15095|admin:10.1.0.32:15094|client:10.1.0.32:15093|dataStream:10.1.0.32:15096|priority:1|startupRole:FOLLOWER]|listeners:[], old=null
2023-10-27 20:14:42,427 [55507c8a-594d-4e25-909f-8d2832294c55-groupManagement] INFO  server.RaftServer$Division (RaftServerImpl.java:setRole(329)) - 55507c8a-594d-4e25-909f-8d2832294c55@group-3CEA00BD3BAC: changes role from      null to FOLLOWER at term 0 for startAsFollower
2023-10-27 20:14:42,427 [55507c8a-594d-4e25-909f-8d2832294c55-groupManagement] INFO  impl.RoleInfo (RoleInfo.java:updateAndGet(139)) - 55507c8a-594d-4e25-909f-8d2832294c55: start 55507c8a-594d-4e25-909f-8d2832294c55@group-3CEA00BD3BAC-FollowerState
2023-10-27 20:14:42,430 [55507c8a-594d-4e25-909f-8d2832294c55-groupManagement] INFO  util.JmxRegister (JmxRegister.java:tryRegister(44)) - Successfully registered JMX Bean with object name Ratis:service=RaftServer,group=group-3CEA00BD3BAC,id=55507c8a-594d-4e25-909f-8d2832294c55
2023-10-27 20:14:42,431 [55507c8a-594d-4e25-909f-8d2832294c55-groupManagement] INFO  server.RaftServerConfigKeys (ConfUtils.java:logGet(46)) - raft.server.snapshot.auto.trigger.enabled = true (custom)
2023-10-27 20:14:42,431 [55507c8a-594d-4e25-909f-8d2832294c55-groupManagement] INFO  server.RaftServerConfigKeys (ConfUtils.java:logGet(46)) - raft.server.snapshot.auto.trigger.threshold = 10000 (custom)
2023-10-27 20:14:42,431 [55507c8a-594d-4e25-909f-8d2832294c55-groupManagement] INFO  server.RaftServerConfigKeys (ConfUtils.java:logGet(46)) - raft.server.snapshot.retention.file.num = 5 (custom)
2023-10-27 20:14:42,431 [55507c8a-594d-4e25-909f-8d2832294c55-groupManagement] INFO  server.RaftServerConfigKeys (ConfUtils.java:logGet(46)) - raft.server.log.purge.upto.snapshot.index = false (default)
2023-10-27 20:14:42,432 [55507c8a-594d-4e25-909f-8d2832294c55@group-3CEA00BD3BAC-FollowerState] INFO  server.RaftServerConfigKeys (ConfUtils.java:logFallback(53)) - raft.server.rpc.first-election.timeout.min = 5s (fallback to raft.server.rpc.timeout.min)
2023-10-27 20:14:42,432 [55507c8a-594d-4e25-909f-8d2832294c55@group-3CEA00BD3BAC-FollowerState] INFO  server.RaftServerConfigKeys (ConfUtils.java:logFallback(53)) - raft.server.rpc.first-election.timeout.max = 5200ms (fallback to raft.server.rpc.timeout.max)
2023-10-27 20:14:42,463 [55507c8a-594d-4e25-909f-8d2832294c55-CloseContainerThread-0] INFO  keyvalue.KeyValueContainer (KeyValueContainer.java:flushAndSyncDB(522)) - Container 1 is synced with bcsId 0.
2023-10-27 20:14:42,463 [55507c8a-594d-4e25-909f-8d2832294c55-CloseContainerThread-0] INFO  keyvalue.KeyValueContainer (KeyValueContainer.java:flushAndSyncDB(522)) - Container 1 is synced with bcsId 0.
2023-10-27 20:14:42,470 [55507c8a-594d-4e25-909f-8d2832294c55-CloseContainerThread-0] INFO  keyvalue.KeyValueContainer (KeyValueContainer.java:close(437)) - Container 1 is closed with bcsId 0.
2023-10-27 20:14:42,509 [55507c8a-594d-4e25-909f-8d2832294c55-PipelineCommandHandlerThread-0] INFO  segmented.SegmentedRaftLogWorker (SegmentedRaftLogWorker.java:close(252)) - 55507c8a-594d-4e25-909f-8d2832294c55@group-C71ED06640E5-SegmentedRaftLogWorker close()
2023-10-27 20:14:42,512 [55507c8a-594d-4e25-909f-8d2832294c55-PipelineCommandHandlerThread-0] INFO  server.RaftServer$Division (RaftServerImpl.java:groupRemove(436)) - 55507c8a-594d-4e25-909f-8d2832294c55@group-C71ED06640E5: Succeed to remove RaftStorageDirectory Storage Directory /home/runner/work/ozone/ozone/hadoop-ozone/integration-test/target/test-dir/MiniOzoneClusterImpl-60426a9d-3de2-4373-b08b-24a22c9da129/datanode-8/data/ratis/ef4fc66b-b8f7-4bea-8eaa-c71ed06640e5
2023-10-27 20:14:42,512 [55507c8a-594d-4e25-909f-8d2832294c55-PipelineCommandHandlerThread-0] INFO  commandhandler.ClosePipelineCommandHandler (ClosePipelineCommandHandler.java:lambda$handle$0(87)) - Close Pipeline PipelineID=ef4fc66b-b8f7-4bea-8eaa-c71ed06640e5 command on datanode 55507c8a-594d-4e25-909f-8d2832294c55.
2023-10-27 20:14:42,512 [55507c8a-594d-4e25-909f-8d2832294c55-PipelineCommandHandlerThread-0] INFO  server.RaftServer (RaftServerProxy.java:addNew(98)) - 55507c8a-594d-4e25-909f-8d2832294c55: addNew group-456B59E875E4:[55507c8a-594d-4e25-909f-8d2832294c55|rpc:10.1.0.32:15086|admin:10.1.0.32:15085|client:10.1.0.32:15084|dataStream:10.1.0.32:15087|priority:1|startupRole:FOLLOWER] returns group-456B59E875E4:java.util.concurrent.CompletableFuture@82a470c[Not completed]
2023-10-27 20:14:42,515 [55507c8a-594d-4e25-909f-8d2832294c55-groupManagement] INFO  server.RaftServer$Division (RaftServerImpl.java:<init>(198)) - 55507c8a-594d-4e25-909f-8d2832294c55: new RaftServerImpl for group-456B59E875E4:[55507c8a-594d-4e25-909f-8d2832294c55|rpc:10.1.0.32:15086|admin:10.1.0.32:15085|client:10.1.0.32:15084|dataStream:10.1.0.32:15087|priority:1|startupRole:FOLLOWER] with ContainerStateMachine:uninitialized
2023-10-27 20:14:42,515 [55507c8a-594d-4e25-909f-8d2832294c55-groupManagement] INFO  server.RaftServerConfigKeys (ConfUtils.java:logGet(46)) - raft.server.rpc.timeout.min = 5s (custom)
2023-10-27 20:14:42,516 [55507c8a-594d-4e25-909f-8d2832294c55-groupManagement] INFO  server.RaftServerConfigKeys (ConfUtils.java:logGet(46)) - raft.server.rpc.timeout.max = 5200ms (custom)
2023-10-27 20:14:42,516 [55507c8a-594d-4e25-909f-8d2832294c55-groupManagement] INFO  server.RaftServerConfigKeys (ConfUtils.java:logGet(46)) - raft.server.rpc.sleep.time = 25ms (default)
2023-10-27 20:14:42,516 [55507c8a-594d-4e25-909f-8d2832294c55-groupManagement] INFO  server.RaftServerConfigKeys (ConfUtils.java:logGet(46)) - raft.server.rpc.slowness.timeout = 300s (custom)
2023-10-27 20:14:42,516 [55507c8a-594d-4e25-909f-8d2832294c55-groupManagement] INFO  server.RaftServerConfigKeys (ConfUtils.java:logGet(46)) - raft.server.leaderelection.leader.step-down.wait-time = 10s (default)
2023-10-27 20:14:42,516 [55507c8a-594d-4e25-909f-8d2832294c55-groupManagement] INFO  server.RaftServerConfigKeys (ConfUtils.java:logGet(46)) - raft.server.sleep.deviation.threshold = 300ms (default)
2023-10-27 20:14:42,516 [55507c8a-594d-4e25-909f-8d2832294c55-groupManagement] INFO  server.RaftServer$Division (ServerState.java:<init>(120)) - 55507c8a-594d-4e25-909f-8d2832294c55@group-456B59E875E4: ConfigurationManager, init=-1: peers:[55507c8a-594d-4e25-909f-8d2832294c55|rpc:10.1.0.32:15086|admin:10.1.0.32:15085|client:10.1.0.32:15084|dataStream:10.1.0.32:15087|priority:1|startupRole:FOLLOWER]|listeners:[], old=null, confs=<EMPTY_MAP>
2023-10-27 20:14:42,516 [55507c8a-594d-4e25-909f-8d2832294c55-groupManagement] INFO  server.RaftServerConfigKeys (ConfUtils.java:logGet(46)) - raft.server.storage.dir = [/home/runner/work/ozone/ozone/hadoop-ozone/integration-test/target/test-dir/MiniOzoneClusterImpl-60426a9d-3de2-4373-b08b-24a22c9da129/datanode-8/data/ratis] (custom)
2023-10-27 20:14:42,516 [55507c8a-594d-4e25-909f-8d2832294c55-groupManagement] INFO  server.RaftServerConfigKeys (ConfUtils.java:logGet(46)) - raft.server.log.corruption.policy = EXCEPTION (default)
2023-10-27 20:14:42,520 [55507c8a-594d-4e25-909f-8d2832294c55-groupManagement] INFO  server.RaftServerConfigKeys (ConfUtils.java:logGet(46)) - raft.server.storage.free-space.min = 0MB (=0) (default)
2023-10-27 20:14:42,520 [55507c8a-594d-4e25-909f-8d2832294c55-groupManagement] INFO  server.RaftServerConfigKeys (ConfUtils.java:logGet(46)) - raft.server.notification.no-leader.timeout = 300s (custom)
2023-10-27 20:14:42,520 [55507c8a-594d-4e25-909f-8d2832294c55-groupManagement] INFO  server.RaftServerConfigKeys (ConfUtils.java:logGet(46)) - raft.server.read.timeout = 10s (default)
2023-10-27 20:14:42,520 [55507c8a-594d-4e25-909f-8d2832294c55-groupManagement] INFO  server.RaftServerConfigKeys (ConfUtils.java:logGet(46)) - raft.server.retrycache.expirytime = 600000ms (custom)
2023-10-27 20:14:42,520 [55507c8a-594d-4e25-909f-8d2832294c55-groupManagement] INFO  server.RaftServerConfigKeys (ConfUtils.java:logGet(46)) - raft.server.retrycache.statistics.expirytime = 100μs (default)
2023-10-27 20:14:42,520 [55507c8a-594d-4e25-909f-8d2832294c55-groupManagement] INFO  server.RaftServerConfigKeys (ConfUtils.java:logGet(46)) - raft.server.read.option = DEFAULT (default)
2023-10-27 20:14:42,522 [55507c8a-594d-4e25-909f-8d2832294c55-groupManagement] INFO  server.RaftServerConfigKeys (ConfUtils.java:logGet(46)) - raft.server.rpc.request.timeout = 60s (custom)
2023-10-27 20:14:42,522 [55507c8a-594d-4e25-909f-8d2832294c55-groupManagement] INFO  server.RaftServerConfigKeys (ConfUtils.java:logGet(46)) - raft.server.log.appender.install.snapshot.enabled = false (custom)
2023-10-27 20:14:42,522 [55507c8a-594d-4e25-909f-8d2832294c55-groupManagement] INFO  server.RaftServerConfigKeys (ConfUtils.java:logGet(46)) - raft.server.threadpool.server.cached = true (default)
2023-10-27 20:14:42,522 [55507c8a-594d-4e25-909f-8d2832294c55-groupManagement] INFO  server.RaftServerConfigKeys (ConfUtils.java:logGet(46)) - raft.server.threadpool.server.size = 0 (default)
2023-10-27 20:14:42,522 [55507c8a-594d-4e25-909f-8d2832294c55-groupManagement] INFO  server.RaftServerConfigKeys (ConfUtils.java:logGet(46)) - raft.server.threadpool.client.cached = true (default)
2023-10-27 20:14:42,522 [55507c8a-594d-4e25-909f-8d2832294c55-groupManagement] INFO  server.RaftServerConfigKeys (ConfUtils.java:logGet(46)) - raft.server.threadpool.client.size = 0 (default)
2023-10-27 20:14:42,523 [55507c8a-594d-4e25-909f-8d2832294c55-groupManagement] INFO  storage.RaftStorageDirectory (RaftStorageDirectoryImpl.java:analyzeStorage(137)) - The storage directory /home/runner/work/ozone/ozone/hadoop-ozone/integration-test/target/test-dir/MiniOzoneClusterImpl-60426a9d-3de2-4373-b08b-24a22c9da129/datanode-8/data/ratis/3a0beda8-6a44-4da0-b87a-456b59e875e4 does not exist. Creating ...
2023-10-27 20:14:42,527 [f612f2cf-90dc-41dc-bf39-cf028d38c484-PipelineCommandHandlerThread-0] INFO  commandhandler.CreatePipelineCommandHandler (CreatePipelineCommandHandler.java:lambda$handle$2(124)) - Created Pipeline RATIS THREE PipelineID=e2f8a5c1-2390-4205-923d-3cea00bd3bac.
2023-10-27 20:14:42,528 [55507c8a-594d-4e25-909f-8d2832294c55-groupManagement] INFO  storage.RaftStorageDirectory (RaftStorageDirectoryImpl.java:tryLock(231)) - Lock on /home/runner/work/ozone/ozone/hadoop-ozone/integration-test/target/test-dir/MiniOzoneClusterImpl-60426a9d-3de2-4373-b08b-24a22c9da129/datanode-8/data/ratis/3a0beda8-6a44-4da0-b87a-456b59e875e4/in_use.lock acquired by nodename 14569@fv-az342-943
2023-10-27 20:14:42,528 [5b9beb6f-d596-489f-8a17-e362b772df82-PipelineCommandHandlerThread-0] INFO  commandhandler.CreatePipelineCommandHandler (CreatePipelineCommandHandler.java:lambda$handle$2(124)) - Created Pipeline RATIS THREE PipelineID=e2f8a5c1-2390-4205-923d-3cea00bd3bac.
2023-10-27 20:14:42,531 [55507c8a-594d-4e25-909f-8d2832294c55-groupManagement] INFO  storage.RaftStorage (RaftStorageImpl.java:format(96)) - Storage directory /home/runner/work/ozone/ozone/hadoop-ozone/integration-test/target/test-dir/MiniOzoneClusterImpl-60426a9d-3de2-4373-b08b-24a22c9da129/datanode-8/data/ratis/3a0beda8-6a44-4da0-b87a-456b59e875e4 has been successfully formatted.
2023-10-27 20:14:42,532 [55507c8a-594d-4e25-909f-8d2832294c55-groupManagement] INFO  ratis.ContainerStateMachine (ContainerStateMachine.java:loadSnapshot(269)) - group-456B59E875E4: The snapshot info is null. Setting the last applied indexto:(t:0, i:~)
2023-10-27 20:14:42,532 [55507c8a-594d-4e25-909f-8d2832294c55-groupManagement] INFO  server.RaftServerConfigKeys (ConfUtils.java:logGet(46)) - raft.server.log.use.memory = false (default)
2023-10-27 20:14:42,532 [55507c8a-594d-4e25-909f-8d2832294c55-groupManagement] INFO  server.RaftServerConfigKeys (ConfUtils.java:logGet(46)) - raft.server.log.purge.gap = 1000000 (custom)
2023-10-27 20:14:42,532 [55507c8a-594d-4e25-909f-8d2832294c55-groupManagement] INFO  server.RaftServerConfigKeys (ConfUtils.java:logGet(46)) - raft.server.log.appender.buffer.byte-limit = 33554432 (custom)
2023-10-27 20:14:42,532 [55507c8a-594d-4e25-909f-8d2832294c55-groupManagement] INFO  server.RaftServerConfigKeys (ConfUtils.java:logGet(46)) - raft.server.log.statemachine.data.read.timeout = 1000ms (default)
2023-10-27 20:14:42,532 [55507c8a-594d-4e25-909f-8d2832294c55-groupManagement] INFO  server.RaftServerConfigKeys (ConfUtils.java:logGet(46)) - raft.server.log.purge.preservation.log.num = 0 (default)
2023-10-27 20:14:42,534 [EventQueue-PipelineReportForPipelineReportHandler] INFO  pipeline.PipelineReportHandler (PipelineReportHandler.java:processPipelineReport(136)) - Opened pipeline PipelineID=3a0beda8-6a44-4da0-b87a-456b59e875e4
2023-10-27 20:14:42,535 [55507c8a-594d-4e25-909f-8d2832294c55-groupManagement] INFO  server.RaftServerConfigKeys (ConfUtils.java:logGet(46)) - raft.server.log.segment.size.max = 1048576 (custom)
2023-10-27 20:14:42,535 [55507c8a-594d-4e25-909f-8d2832294c55-groupManagement] INFO  server.RaftServerConfigKeys (ConfUtils.java:logGet(46)) - raft.server.log.segment.cache.num.max = 2 (custom)
2023-10-27 20:14:42,535 [55507c8a-594d-4e25-909f-8d2832294c55-groupManagement] INFO  server.RaftServerConfigKeys (ConfUtils.java:logGet(46)) - raft.server.log.segment.cache.size.max = 200MB (=209715200) (default)
2023-10-27 20:14:42,535 [55507c8a-594d-4e25-909f-8d2832294c55-groupManagement] INFO  server.RaftServerConfigKeys (ConfUtils.java:logGet(46)) - raft.server.log.appender.buffer.byte-limit = 33554432 (custom)
2023-10-27 20:14:42,535 [55507c8a-594d-4e25-909f-8d2832294c55-groupManagement] INFO  segmented.SegmentedRaftLogWorker (SegmentedRaftLogWorker.java:<init>(188)) - new 55507c8a-594d-4e25-909f-8d2832294c55@group-456B59E875E4-SegmentedRaftLogWorker for RaftStorageImpl:Storage Directory /home/runner/work/ozone/ozone/hadoop-ozone/integration-test/target/test-dir/MiniOzoneClusterImpl-60426a9d-3de2-4373-b08b-24a22c9da129/datanode-8/data/ratis/3a0beda8-6a44-4da0-b87a-456b59e875e4
2023-10-27 20:14:42,535 [55507c8a-594d-4e25-909f-8d2832294c55-groupManagement] INFO  server.RaftServerConfigKeys (ConfUtils.java:logGet(46)) - raft.server.log.queue.byte-limit = 4294967296 (custom)
2023-10-27 20:14:42,536 [55507c8a-594d-4e25-909f-8d2832294c55-groupManagement] INFO  server.RaftServerConfigKeys (ConfUtils.java:logGet(46)) - raft.server.log.queue.element-limit = 1024 (custom)
2023-10-27 20:14:42,536 [55507c8a-594d-4e25-909f-8d2832294c55-groupManagement] INFO  server.RaftServerConfigKeys (ConfUtils.java:logGet(46)) - raft.server.log.segment.size.max = 1048576 (custom)
2023-10-27 20:14:42,536 [55507c8a-594d-4e25-909f-8d2832294c55-groupManagement] INFO  server.RaftServerConfigKeys (ConfUtils.java:logGet(46)) - raft.server.log.preallocated.size = 16384 (custom)
2023-10-27 20:14:42,536 [55507c8a-594d-4e25-909f-8d2832294c55-groupManagement] INFO  server.RaftServerConfigKeys (ConfUtils.java:logGet(46)) - raft.server.log.force.sync.num = 128 (default)
2023-10-27 20:14:42,536 [55507c8a-594d-4e25-909f-8d2832294c55-groupManagement] INFO  server.RaftServerConfigKeys (ConfUtils.java:logGet(46)) - raft.server.log.statemachine.data.sync = true (default)
2023-10-27 20:14:42,536 [55507c8a-594d-4e25-909f-8d2832294c55-groupManagement] INFO  server.RaftServerConfigKeys (ConfUtils.java:logGet(46)) - raft.server.log.statemachine.data.sync.timeout = 10s (default)
2023-10-27 20:14:42,536 [55507c8a-594d-4e25-909f-8d2832294c55-groupManagement] INFO  server.RaftServerConfigKeys (ConfUtils.java:logGet(46)) - raft.server.log.statemachine.data.sync.timeout.retry = -1 (default)
2023-10-27 20:14:42,537 [55507c8a-594d-4e25-909f-8d2832294c55-groupManagement] INFO  server.RaftServerConfigKeys (ConfUtils.java:logGet(46)) - raft.server.log.write.buffer.size = 1048576 (custom)
2023-10-27 20:14:42,537 [55507c8a-594d-4e25-909f-8d2832294c55-groupManagement] INFO  server.RaftServerConfigKeys (ConfUtils.java:logGet(46)) - raft.server.log.appender.buffer.byte-limit = 33554432 (custom)
2023-10-27 20:14:42,544 [55507c8a-594d-4e25-909f-8d2832294c55-groupManagement] INFO  server.RaftServerConfigKeys (ConfUtils.java:logGet(46)) - raft.server.log.unsafe-flush.enabled = false (default)
2023-10-27 20:14:42,544 [55507c8a-594d-4e25-909f-8d2832294c55-groupManagement] INFO  server.RaftServerConfigKeys (ConfUtils.java:logGet(46)) - raft.server.log.async-flush.enabled = false (default)
2023-10-27 20:14:42,544 [55507c8a-594d-4e25-909f-8d2832294c55-groupManagement] INFO  server.RaftServerConfigKeys (ConfUtils.java:logGet(46)) - raft.server.log.statemachine.data.caching.enabled = true (custom)
2023-10-27 20:14:42,545 [55507c8a-594d-4e25-909f-8d2832294c55-groupManagement] INFO  segmented.SegmentedRaftLogWorker (SegmentedRaftLogWorker.java:lambda$new$0(135)) - 55507c8a-594d-4e25-909f-8d2832294c55@group-456B59E875E4-SegmentedRaftLogWorker: flushIndex: setUnconditionally 0 -> -1
2023-10-27 20:14:42,545 [55507c8a-594d-4e25-909f-8d2832294c55-groupManagement] INFO  segmented.SegmentedRaftLogWorker (SegmentedRaftLogWorker.java:lambda$new$0(135)) - 55507c8a-594d-4e25-909f-8d2832294c55@group-456B59E875E4-SegmentedRaftLogWorker: safeCacheEvictIndex: setUnconditionally 0 -> -1
2023-10-27 20:14:42,545 [55507c8a-594d-4e25-909f-8d2832294c55-groupManagement] INFO  server.RaftServer$Division (RaftServerImpl.java:start(342)) - 55507c8a-594d-4e25-909f-8d2832294c55@group-456B59E875E4: start as a follower, conf=-1: peers:[55507c8a-594d-4e25-909f-8d2832294c55|rpc:10.1.0.32:15086|admin:10.1.0.32:15085|client:10.1.0.32:15084|dataStream:10.1.0.32:15087|priority:1|startupRole:FOLLOWER]|listeners:[], old=null
2023-10-27 20:14:42,545 [55507c8a-594d-4e25-909f-8d2832294c55-groupManagement] INFO  server.RaftServer$Division (RaftServerImpl.java:setRole(329)) - 55507c8a-594d-4e25-909f-8d2832294c55@group-456B59E875E4: changes role from      null to FOLLOWER at term 0 for startAsFollower
2023-10-27 20:14:42,545 [55507c8a-594d-4e25-909f-8d2832294c55-groupManagement] INFO  impl.RoleInfo (RoleInfo.java:updateAndGet(139)) - 55507c8a-594d-4e25-909f-8d2832294c55: start 55507c8a-594d-4e25-909f-8d2832294c55@group-456B59E875E4-FollowerState
2023-10-27 20:14:42,546 [55507c8a-594d-4e25-909f-8d2832294c55-groupManagement] INFO  util.JmxRegister (JmxRegister.java:tryRegister(44)) - Successfully registered JMX Bean with object name Ratis:service=RaftServer,group=group-456B59E875E4,id=55507c8a-594d-4e25-909f-8d2832294c55
2023-10-27 20:14:42,546 [55507c8a-594d-4e25-909f-8d2832294c55-groupManagement] INFO  server.RaftServerConfigKeys (ConfUtils.java:logGet(46)) - raft.server.snapshot.auto.trigger.enabled = true (custom)
2023-10-27 20:14:42,546 [55507c8a-594d-4e25-909f-8d2832294c55-groupManagement] INFO  server.RaftServerConfigKeys (ConfUtils.java:logGet(46)) - raft.server.snapshot.auto.trigger.threshold = 10000 (custom)
2023-10-27 20:14:42,546 [55507c8a-594d-4e25-909f-8d2832294c55-groupManagement] INFO  server.RaftServerConfigKeys (ConfUtils.java:logGet(46)) - raft.server.snapshot.retention.file.num = 5 (custom)
2023-10-27 20:14:42,546 [55507c8a-594d-4e25-909f-8d2832294c55-groupManagement] INFO  server.RaftServerConfigKeys (ConfUtils.java:logGet(46)) - raft.server.log.purge.upto.snapshot.index = false (default)
2023-10-27 20:14:42,547 [55507c8a-594d-4e25-909f-8d2832294c55@group-456B59E875E4-FollowerState] INFO  server.RaftServerConfigKeys (ConfUtils.java:logFallback(53)) - raft.server.rpc.first-election.timeout.min = 5s (fallback to raft.server.rpc.timeout.min)
2023-10-27 20:14:42,547 [55507c8a-594d-4e25-909f-8d2832294c55@group-456B59E875E4-FollowerState] INFO  server.RaftServerConfigKeys (ConfUtils.java:logFallback(53)) - raft.server.rpc.first-election.timeout.max = 5200ms (fallback to raft.server.rpc.timeout.max)
2023-10-27 20:14:42,547 [55507c8a-594d-4e25-909f-8d2832294c55-PipelineCommandHandlerThread-0] INFO  ratis.XceiverServerRatis (XceiverServerRatis.java:addGroup(805)) - Created group PipelineID=3a0beda8-6a44-4da0-b87a-456b59e875e4
2023-10-27 20:14:42,547 [55507c8a-594d-4e25-909f-8d2832294c55-PipelineCommandHandlerThread-0] INFO  commandhandler.CreatePipelineCommandHandler (CreatePipelineCommandHandler.java:lambda$handle$2(124)) - Created Pipeline RATIS ONE PipelineID=3a0beda8-6a44-4da0-b87a-456b59e875e4.
2023-10-27 20:14:47,178 [f612f2cf-90dc-41dc-bf39-cf028d38c484@group-2D5A7F82FA56-FollowerState] INFO  impl.FollowerState (FollowerState.java:run(143)) - f612f2cf-90dc-41dc-bf39-cf028d38c484@group-2D5A7F82FA56-FollowerState: change to CANDIDATE, lastRpcElapsedTime:5103838739ns, electionTimeout:5085ms
2023-10-27 20:14:47,179 [f612f2cf-90dc-41dc-bf39-cf028d38c484@group-2D5A7F82FA56-FollowerState] INFO  impl.RoleInfo (RoleInfo.java:shutdownFollowerState(110)) - f612f2cf-90dc-41dc-bf39-cf028d38c484: shutdown f612f2cf-90dc-41dc-bf39-cf028d38c484@group-2D5A7F82FA56-FollowerState
2023-10-27 20:14:47,179 [f612f2cf-90dc-41dc-bf39-cf028d38c484@group-2D5A7F82FA56-FollowerState] INFO  server.RaftServer$Division (RaftServerImpl.java:setRole(329)) - f612f2cf-90dc-41dc-bf39-cf028d38c484@group-2D5A7F82FA56: changes role from  FOLLOWER to CANDIDATE at term 0 for changeToCandidate
2023-10-27 20:14:47,179 [f612f2cf-90dc-41dc-bf39-cf028d38c484@group-2D5A7F82FA56-FollowerState] INFO  server.RaftServerConfigKeys (ConfUtils.java:logGet(46)) - raft.server.leaderelection.pre-vote = true (default)
2023-10-27 20:14:47,179 [f612f2cf-90dc-41dc-bf39-cf028d38c484@group-2D5A7F82FA56-FollowerState] INFO  impl.RoleInfo (RoleInfo.java:updateAndGet(139)) - f612f2cf-90dc-41dc-bf39-cf028d38c484: start f612f2cf-90dc-41dc-bf39-cf028d38c484@group-2D5A7F82FA56-LeaderElection22
2023-10-27 20:14:47,183 [f612f2cf-90dc-41dc-bf39-cf028d38c484@group-2D5A7F82FA56-LeaderElection22] INFO  impl.LeaderElection (LeaderElection.java:askForVotes(321)) - f612f2cf-90dc-41dc-bf39-cf028d38c484@group-2D5A7F82FA56-LeaderElection22 PRE_VOTE round 0: submit vote requests at term 0 for -1: peers:[f612f2cf-90dc-41dc-bf39-cf028d38c484|rpc:10.1.0.32:15077|admin:10.1.0.32:15076|client:10.1.0.32:15075|dataStream:10.1.0.32:15078|priority:0|startupRole:FOLLOWER, 5b9beb6f-d596-489f-8a17-e362b772df82|rpc:10.1.0.32:15095|admin:10.1.0.32:15094|client:10.1.0.32:15093|dataStream:10.1.0.32:15096|priority:0|startupRole:FOLLOWER, fe9b02b7-73ff-430f-9d75-1483ab7beb41|rpc:10.1.0.32:15068|admin:10.1.0.32:15067|client:10.1.0.32:15066|dataStream:10.1.0.32:15069|priority:1|startupRole:FOLLOWER]|listeners:[], old=null
2023-10-27 20:14:47,187 [f612f2cf-90dc-41dc-bf39-cf028d38c484@group-2D5A7F82FA56-LeaderElection22-1] INFO  server.GrpcServerProtocolClient (GrpcServerProtocolClient.java:<init>(65)) - Build channel for 5b9beb6f-d596-489f-8a17-e362b772df82
2023-10-27 20:14:47,187 [f612f2cf-90dc-41dc-bf39-cf028d38c484@group-2D5A7F82FA56-LeaderElection22] INFO  server.RaftServerConfigKeys (ConfUtils.java:logFallback(53)) - raft.server.rpc.first-election.timeout.min = 5s (fallback to raft.server.rpc.timeout.min)
2023-10-27 20:14:47,188 [f612f2cf-90dc-41dc-bf39-cf028d38c484@group-2D5A7F82FA56-LeaderElection22] INFO  server.RaftServerConfigKeys (ConfUtils.java:logFallback(53)) - raft.server.rpc.first-election.timeout.max = 5200ms (fallback to raft.server.rpc.timeout.max)
2023-10-27 20:14:47,188 [f612f2cf-90dc-41dc-bf39-cf028d38c484@group-2D5A7F82FA56-LeaderElection22-2] INFO  server.GrpcServerProtocolClient (GrpcServerProtocolClient.java:<init>(65)) - Build channel for fe9b02b7-73ff-430f-9d75-1483ab7beb41
2023-10-27 20:14:47,199 [grpc-default-executor-5] INFO  server.RaftServer$Division (RaftServerImpl.java:requestVote(1302)) - 5b9beb6f-d596-489f-8a17-e362b772df82@group-2D5A7F82FA56: receive requestVote(PRE_VOTE, f612f2cf-90dc-41dc-bf39-cf028d38c484, group-2D5A7F82FA56, 0, (t:0, i:0))
2023-10-27 20:14:47,200 [grpc-default-executor-5] INFO  impl.VoteContext (VoteContext.java:log(49)) - 5b9beb6f-d596-489f-8a17-e362b772df82@group-2D5A7F82FA56-FOLLOWER: accept PRE_VOTE from f612f2cf-90dc-41dc-bf39-cf028d38c484: our priority 0 <= candidate's priority 0
2023-10-27 20:14:47,201 [grpc-default-executor-5] INFO  server.RaftServer$Division (RaftServerImpl.java:requestVote(1335)) - 5b9beb6f-d596-489f-8a17-e362b772df82@group-2D5A7F82FA56 replies to PRE_VOTE vote request: f612f2cf-90dc-41dc-bf39-cf028d38c484<-5b9beb6f-d596-489f-8a17-e362b772df82#0:OK-t0. Peer's state: 5b9beb6f-d596-489f-8a17-e362b772df82@group-2D5A7F82FA56:t0, leader=null, voted=, raftlog=Memoized:5b9beb6f-d596-489f-8a17-e362b772df82@group-2D5A7F82FA56-SegmentedRaftLog:OPENED:c-1, conf=-1: peers:[f612f2cf-90dc-41dc-bf39-cf028d38c484|rpc:10.1.0.32:15077|admin:10.1.0.32:15076|client:10.1.0.32:15075|dataStream:10.1.0.32:15078|priority:0|startupRole:FOLLOWER, 5b9beb6f-d596-489f-8a17-e362b772df82|rpc:10.1.0.32:15095|admin:10.1.0.32:15094|client:10.1.0.32:15093|dataStream:10.1.0.32:15096|priority:0|startupRole:FOLLOWER, fe9b02b7-73ff-430f-9d75-1483ab7beb41|rpc:10.1.0.32:15068|admin:10.1.0.32:15067|client:10.1.0.32:15066|dataStream:10.1.0.32:15069|priority:1|startupRole:FOLLOWER]|listeners:[], old=null
2023-10-27 20:14:47,201 [fe9b02b7-73ff-430f-9d75-1483ab7beb41@group-2D5A7F82FA56-FollowerState] INFO  impl.FollowerState (FollowerState.java:run(143)) - fe9b02b7-73ff-430f-9d75-1483ab7beb41@group-2D5A7F82FA56-FollowerState: change to CANDIDATE, lastRpcElapsedTime:5150361926ns, electionTimeout:5145ms
2023-10-27 20:14:47,201 [fe9b02b7-73ff-430f-9d75-1483ab7beb41@group-2D5A7F82FA56-FollowerState] INFO  impl.RoleInfo (RoleInfo.java:shutdownFollowerState(110)) - fe9b02b7-73ff-430f-9d75-1483ab7beb41: shutdown fe9b02b7-73ff-430f-9d75-1483ab7beb41@group-2D5A7F82FA56-FollowerState
2023-10-27 20:14:47,202 [fe9b02b7-73ff-430f-9d75-1483ab7beb41@group-2D5A7F82FA56-FollowerState] INFO  server.RaftServer$Division (RaftServerImpl.java:setRole(329)) - fe9b02b7-73ff-430f-9d75-1483ab7beb41@group-2D5A7F82FA56: changes role from  FOLLOWER to CANDIDATE at term 0 for changeToCandidate
2023-10-27 20:14:47,202 [fe9b02b7-73ff-430f-9d75-1483ab7beb41@group-2D5A7F82FA56-FollowerState] INFO  server.RaftServerConfigKeys (ConfUtils.java:logGet(46)) - raft.server.leaderelection.pre-vote = true (default)
2023-10-27 20:14:47,202 [fe9b02b7-73ff-430f-9d75-1483ab7beb41@group-2D5A7F82FA56-FollowerState] INFO  impl.RoleInfo (RoleInfo.java:updateAndGet(139)) - fe9b02b7-73ff-430f-9d75-1483ab7beb41: start fe9b02b7-73ff-430f-9d75-1483ab7beb41@group-2D5A7F82FA56-LeaderElection23
2023-10-27 20:14:47,214 [grpc-default-executor-5] INFO  server.RaftServer$Division (RaftServerImpl.java:requestVote(1302)) - fe9b02b7-73ff-430f-9d75-1483ab7beb41@group-2D5A7F82FA56: receive requestVote(PRE_VOTE, f612f2cf-90dc-41dc-bf39-cf028d38c484, group-2D5A7F82FA56, 0, (t:0, i:0))
2023-10-27 20:14:47,217 [fe9b02b7-73ff-430f-9d75-1483ab7beb41@group-2D5A7F82FA56-LeaderElection23] INFO  impl.LeaderElection (LeaderElection.java:askForVotes(321)) - fe9b02b7-73ff-430f-9d75-1483ab7beb41@group-2D5A7F82FA56-LeaderElection23 PRE_VOTE round 0: submit vote requests at term 0 for -1: peers:[f612f2cf-90dc-41dc-bf39-cf028d38c484|rpc:10.1.0.32:15077|admin:10.1.0.32:15076|client:10.1.0.32:15075|dataStream:10.1.0.32:15078|priority:0|startupRole:FOLLOWER, 5b9beb6f-d596-489f-8a17-e362b772df82|rpc:10.1.0.32:15095|admin:10.1.0.32:15094|client:10.1.0.32:15093|dataStream:10.1.0.32:15096|priority:0|startupRole:FOLLOWER, fe9b02b7-73ff-430f-9d75-1483ab7beb41|rpc:10.1.0.32:15068|admin:10.1.0.32:15067|client:10.1.0.32:15066|dataStream:10.1.0.32:15069|priority:1|startupRole:FOLLOWER]|listeners:[], old=null
2023-10-27 20:14:47,217 [grpc-default-executor-5] INFO  impl.VoteContext (VoteContext.java:log(49)) - fe9b02b7-73ff-430f-9d75-1483ab7beb41@group-2D5A7F82FA56-CANDIDATE: reject PRE_VOTE from f612f2cf-90dc-41dc-bf39-cf028d38c484: our priority 1 > candidate's priority 0
2023-10-27 20:14:47,218 [grpc-default-executor-5] INFO  server.RaftServer$Division (RaftServerImpl.java:requestVote(1335)) - fe9b02b7-73ff-430f-9d75-1483ab7beb41@group-2D5A7F82FA56 replies to PRE_VOTE vote request: f612f2cf-90dc-41dc-bf39-cf028d38c484<-fe9b02b7-73ff-430f-9d75-1483ab7beb41#0:FAIL-t0. Peer's state: fe9b02b7-73ff-430f-9d75-1483ab7beb41@group-2D5A7F82FA56:t0, leader=null, voted=, raftlog=Memoized:fe9b02b7-73ff-430f-9d75-1483ab7beb41@group-2D5A7F82FA56-SegmentedRaftLog:OPENED:c-1, conf=-1: peers:[f612f2cf-90dc-41dc-bf39-cf028d38c484|rpc:10.1.0.32:15077|admin:10.1.0.32:15076|client:10.1.0.32:15075|dataStream:10.1.0.32:15078|priority:0|startupRole:FOLLOWER, 5b9beb6f-d596-489f-8a17-e362b772df82|rpc:10.1.0.32:15095|admin:10.1.0.32:15094|client:10.1.0.32:15093|dataStream:10.1.0.32:15096|priority:0|startupRole:FOLLOWER, fe9b02b7-73ff-430f-9d75-1483ab7beb41|rpc:10.1.0.32:15068|admin:10.1.0.32:15067|client:10.1.0.32:15066|dataStream:10.1.0.32:15069|priority:1|startupRole:FOLLOWER]|listeners:[], old=null
2023-10-27 20:14:47,219 [f612f2cf-90dc-41dc-bf39-cf028d38c484@group-2D5A7F82FA56-LeaderElection22] INFO  impl.LeaderElection (LeaderElection.java:logAndReturn(90)) - f612f2cf-90dc-41dc-bf39-cf028d38c484@group-2D5A7F82FA56-LeaderElection22: PRE_VOTE REJECTED received 2 response(s) and 0 exception(s):
2023-10-27 20:14:47,219 [f612f2cf-90dc-41dc-bf39-cf028d38c484@group-2D5A7F82FA56-LeaderElection22] INFO  impl.LeaderElection (LeaderElection.java:logAndReturn(94)) -   Response 0: f612f2cf-90dc-41dc-bf39-cf028d38c484<-5b9beb6f-d596-489f-8a17-e362b772df82#0:OK-t0
2023-10-27 20:14:47,219 [f612f2cf-90dc-41dc-bf39-cf028d38c484@group-2D5A7F82FA56-LeaderElection22] INFO  impl.LeaderElection (LeaderElection.java:logAndReturn(94)) -   Response 1: f612f2cf-90dc-41dc-bf39-cf028d38c484<-fe9b02b7-73ff-430f-9d75-1483ab7beb41#0:FAIL-t0
2023-10-27 20:14:47,220 [f612f2cf-90dc-41dc-bf39-cf028d38c484@group-2D5A7F82FA56-LeaderElection22] INFO  impl.LeaderElection (LeaderElection.java:askForVotes(323)) - f612f2cf-90dc-41dc-bf39-cf028d38c484@group-2D5A7F82FA56-LeaderElection22 PRE_VOTE round 0: result REJECTED
2023-10-27 20:14:47,220 [f612f2cf-90dc-41dc-bf39-cf028d38c484@group-2D5A7F82FA56-LeaderElection22] INFO  server.RaftServer$Division (RaftServerImpl.java:setRole(329)) - f612f2cf-90dc-41dc-bf39-cf028d38c484@group-2D5A7F82FA56: changes role from CANDIDATE to FOLLOWER at term 0 for REJECTED
2023-10-27 20:14:47,220 [f612f2cf-90dc-41dc-bf39-cf028d38c484@group-2D5A7F82FA56-LeaderElection22] INFO  impl.RoleInfo (RoleInfo.java:shutdownLeaderElection(130)) - f612f2cf-90dc-41dc-bf39-cf028d38c484: shutdown f612f2cf-90dc-41dc-bf39-cf028d38c484@group-2D5A7F82FA56-LeaderElection22
2023-10-27 20:14:47,222 [fe9b02b7-73ff-430f-9d75-1483ab7beb41@group-2D5A7F82FA56-LeaderElection23] INFO  server.RaftServerConfigKeys (ConfUtils.java:logFallback(53)) - raft.server.rpc.first-election.timeout.min = 5s (fallback to raft.server.rpc.timeout.min)
2023-10-27 20:14:47,225 [f612f2cf-90dc-41dc-bf39-cf028d38c484@group-2D5A7F82FA56-LeaderElection22] INFO  impl.RoleInfo (RoleInfo.java:updateAndGet(139)) - f612f2cf-90dc-41dc-bf39-cf028d38c484: start f612f2cf-90dc-41dc-bf39-cf028d38c484@group-2D5A7F82FA56-FollowerState
2023-10-27 20:14:47,225 [5b9beb6f-d596-489f-8a17-e362b772df82@group-2D5A7F82FA56-FollowerState] INFO  server.RaftServerConfigKeys (ConfUtils.java:logFallback(53)) - raft.server.rpc.first-election.timeout.min = 5s (fallback to raft.server.rpc.timeout.min)
2023-10-27 20:14:47,226 [5b9beb6f-d596-489f-8a17-e362b772df82@group-2D5A7F82FA56-FollowerState] INFO  server.RaftServerConfigKeys (ConfUtils.java:logFallback(53)) - raft.server.rpc.first-election.timeout.max = 5200ms (fallback to raft.server.rpc.timeout.max)
2023-10-27 20:14:47,226 [fe9b02b7-73ff-430f-9d75-1483ab7beb41@group-2D5A7F82FA56-LeaderElection23] INFO  server.RaftServerConfigKeys (ConfUtils.java:logFallback(53)) - raft.server.rpc.first-election.timeout.max = 5200ms (fallback to raft.server.rpc.timeout.max)
2023-10-27 20:14:47,229 [fe9b02b7-73ff-430f-9d75-1483ab7beb41@group-2D5A7F82FA56-LeaderElection23-2] INFO  server.GrpcServerProtocolClient (GrpcServerProtocolClient.java:<init>(65)) - Build channel for 5b9beb6f-d596-489f-8a17-e362b772df82
2023-10-27 20:14:47,230 [grpc-default-executor-5] INFO  server.RaftServer$Division (RaftServerImpl.java:requestVote(1302)) - f612f2cf-90dc-41dc-bf39-cf028d38c484@group-2D5A7F82FA56: receive requestVote(PRE_VOTE, fe9b02b7-73ff-430f-9d75-1483ab7beb41, group-2D5A7F82FA56, 0, (t:0, i:0))
2023-10-27 20:14:47,230 [grpc-default-executor-5] INFO  impl.VoteContext (VoteContext.java:log(49)) - f612f2cf-90dc-41dc-bf39-cf028d38c484@group-2D5A7F82FA56-FOLLOWER: accept PRE_VOTE from fe9b02b7-73ff-430f-9d75-1483ab7beb41: our priority 0 <= candidate's priority 1
2023-10-27 20:14:47,231 [grpc-default-executor-5] INFO  server.RaftServer$Division (RaftServerImpl.java:requestVote(1335)) - f612f2cf-90dc-41dc-bf39-cf028d38c484@group-2D5A7F82FA56 replies to PRE_VOTE vote request: fe9b02b7-73ff-430f-9d75-1483ab7beb41<-f612f2cf-90dc-41dc-bf39-cf028d38c484#0:OK-t0. Peer's state: f612f2cf-90dc-41dc-bf39-cf028d38c484@group-2D5A7F82FA56:t0, leader=null, voted=, raftlog=Memoized:f612f2cf-90dc-41dc-bf39-cf028d38c484@group-2D5A7F82FA56-SegmentedRaftLog:OPENED:c-1, conf=-1: peers:[f612f2cf-90dc-41dc-bf39-cf028d38c484|rpc:10.1.0.32:15077|admin:10.1.0.32:15076|client:10.1.0.32:15075|dataStream:10.1.0.32:15078|priority:0|startupRole:FOLLOWER, 5b9beb6f-d596-489f-8a17-e362b772df82|rpc:10.1.0.32:15095|admin:10.1.0.32:15094|client:10.1.0.32:15093|dataStream:10.1.0.32:15096|priority:0|startupRole:FOLLOWER, fe9b02b7-73ff-430f-9d75-1483ab7beb41|rpc:10.1.0.32:15068|admin:10.1.0.32:15067|client:10.1.0.32:15066|dataStream:10.1.0.32:15069|priority:1|startupRole:FOLLOWER]|listeners:[], old=null
2023-10-27 20:14:47,232 [fe9b02b7-73ff-430f-9d75-1483ab7beb41@group-2D5A7F82FA56-LeaderElection23] INFO  impl.LeaderElection (LeaderElection.java:logAndReturn(90)) - fe9b02b7-73ff-430f-9d75-1483ab7beb41@group-2D5A7F82FA56-LeaderElection23: PRE_VOTE PASSED received 1 response(s) and 0 exception(s):
2023-10-27 20:14:47,232 [fe9b02b7-73ff-430f-9d75-1483ab7beb41@group-2D5A7F82FA56-LeaderElection23] INFO  impl.LeaderElection (LeaderElection.java:logAndReturn(94)) -   Response 0: fe9b02b7-73ff-430f-9d75-1483ab7beb41<-f612f2cf-90dc-41dc-bf39-cf028d38c484#0:OK-t0
2023-10-27 20:14:47,232 [fe9b02b7-73ff-430f-9d75-1483ab7beb41@group-2D5A7F82FA56-LeaderElection23] INFO  impl.LeaderElection (LeaderElection.java:askForVotes(323)) - fe9b02b7-73ff-430f-9d75-1483ab7beb41@group-2D5A7F82FA56-LeaderElection23 PRE_VOTE round 0: result PASSED
2023-10-27 20:14:47,234 [fe9b02b7-73ff-430f-9d75-1483ab7beb41@group-2D5A7F82FA56-LeaderElection23] INFO  impl.LeaderElection (LeaderElection.java:askForVotes(321)) - fe9b02b7-73ff-430f-9d75-1483ab7beb41@group-2D5A7F82FA56-LeaderElection23 ELECTION round 0: submit vote requests at term 1 for -1: peers:[f612f2cf-90dc-41dc-bf39-cf028d38c484|rpc:10.1.0.32:15077|admin:10.1.0.32:15076|client:10.1.0.32:15075|dataStream:10.1.0.32:15078|priority:0|startupRole:FOLLOWER, 5b9beb6f-d596-489f-8a17-e362b772df82|rpc:10.1.0.32:15095|admin:10.1.0.32:15094|client:10.1.0.32:15093|dataStream:10.1.0.32:15096|priority:0|startupRole:FOLLOWER, fe9b02b7-73ff-430f-9d75-1483ab7beb41|rpc:10.1.0.32:15068|admin:10.1.0.32:15067|client:10.1.0.32:15066|dataStream:10.1.0.32:15069|priority:1|startupRole:FOLLOWER]|listeners:[], old=null
2023-10-27 20:14:47,237 [grpc-default-executor-5] INFO  server.RaftServer$Division (RaftServerImpl.java:requestVote(1302)) - f612f2cf-90dc-41dc-bf39-cf028d38c484@group-2D5A7F82FA56: receive requestVote(ELECTION, fe9b02b7-73ff-430f-9d75-1483ab7beb41, group-2D5A7F82FA56, 1, (t:0, i:0))
2023-10-27 20:14:47,237 [grpc-default-executor-5] INFO  impl.VoteContext (VoteContext.java:log(49)) - f612f2cf-90dc-41dc-bf39-cf028d38c484@group-2D5A7F82FA56-FOLLOWER: accept ELECTION from fe9b02b7-73ff-430f-9d75-1483ab7beb41: our priority 0 <= candidate's priority 1
2023-10-27 20:14:47,237 [grpc-default-executor-5] INFO  server.RaftServer$Division (RaftServerImpl.java:setRole(329)) - f612f2cf-90dc-41dc-bf39-cf028d38c484@group-2D5A7F82FA56: changes role from  FOLLOWER to FOLLOWER at term 1 for candidate:fe9b02b7-73ff-430f-9d75-1483ab7beb41
2023-10-27 20:14:47,237 [grpc-default-executor-5] INFO  impl.RoleInfo (RoleInfo.java:shutdownFollowerState(110)) - f612f2cf-90dc-41dc-bf39-cf028d38c484: shutdown f612f2cf-90dc-41dc-bf39-cf028d38c484@group-2D5A7F82FA56-FollowerState
2023-10-27 20:14:47,237 [fe9b02b7-73ff-430f-9d75-1483ab7beb41@group-2D5A7F82FA56-LeaderElection23] INFO  server.RaftServerConfigKeys (ConfUtils.java:logFallback(53)) - raft.server.rpc.first-election.timeout.min = 5s (fallback to raft.server.rpc.timeout.min)
2023-10-27 20:14:47,237 [fe9b02b7-73ff-430f-9d75-1483ab7beb41@group-2D5A7F82FA56-LeaderElection23] INFO  server.RaftServerConfigKeys (ConfUtils.java:logFallback(53)) - raft.server.rpc.first-election.timeout.max = 5200ms (fallback to raft.server.rpc.timeout.max)
2023-10-27 20:14:47,238 [grpc-default-executor-5] INFO  impl.RoleInfo (RoleInfo.java:updateAndGet(139)) - f612f2cf-90dc-41dc-bf39-cf028d38c484: start f612f2cf-90dc-41dc-bf39-cf028d38c484@group-2D5A7F82FA56-FollowerState
2023-10-27 20:14:47,238 [f612f2cf-90dc-41dc-bf39-cf028d38c484@group-2D5A7F82FA56-FollowerState] INFO  impl.FollowerState (FollowerState.java:run(152)) - f612f2cf-90dc-41dc-bf39-cf028d38c484@group-2D5A7F82FA56-FollowerState was interrupted
2023-10-27 20:14:47,244 [grpc-default-executor-5] INFO  server.RaftServer$Division (RaftServerImpl.java:requestVote(1335)) - f612f2cf-90dc-41dc-bf39-cf028d38c484@group-2D5A7F82FA56 replies to ELECTION vote request: fe9b02b7-73ff-430f-9d75-1483ab7beb41<-f612f2cf-90dc-41dc-bf39-cf028d38c484#0:OK-t1. Peer's state: f612f2cf-90dc-41dc-bf39-cf028d38c484@group-2D5A7F82FA56:t1, leader=null, voted=fe9b02b7-73ff-430f-9d75-1483ab7beb41, raftlog=Memoized:f612f2cf-90dc-41dc-bf39-cf028d38c484@group-2D5A7F82FA56-SegmentedRaftLog:OPENED:c-1, conf=-1: peers:[f612f2cf-90dc-41dc-bf39-cf028d38c484|rpc:10.1.0.32:15077|admin:10.1.0.32:15076|client:10.1.0.32:15075|dataStream:10.1.0.32:15078|priority:0|startupRole:FOLLOWER, 5b9beb6f-d596-489f-8a17-e362b772df82|rpc:10.1.0.32:15095|admin:10.1.0.32:15094|client:10.1.0.32:15093|dataStream:10.1.0.32:15096|priority:0|startupRole:FOLLOWER, fe9b02b7-73ff-430f-9d75-1483ab7beb41|rpc:10.1.0.32:15068|admin:10.1.0.32:15067|client:10.1.0.32:15066|dataStream:10.1.0.32:15069|priority:1|startupRole:FOLLOWER]|listeners:[], old=null
2023-10-27 20:14:47,245 [fe9b02b7-73ff-430f-9d75-1483ab7beb41@group-2D5A7F82FA56-LeaderElection23] INFO  impl.LeaderElection (LeaderElection.java:logAndReturn(90)) - fe9b02b7-73ff-430f-9d75-1483ab7beb41@group-2D5A7F82FA56-LeaderElection23: ELECTION PASSED received 1 response(s) and 0 exception(s):
2023-10-27 20:14:47,245 [fe9b02b7-73ff-430f-9d75-1483ab7beb41@group-2D5A7F82FA56-LeaderElection23] INFO  impl.LeaderElection (LeaderElection.java:logAndReturn(94)) -   Response 0: fe9b02b7-73ff-430f-9d75-1483ab7beb41<-f612f2cf-90dc-41dc-bf39-cf028d38c484#0:OK-t1
2023-10-27 20:14:47,245 [fe9b02b7-73ff-430f-9d75-1483ab7beb41@group-2D5A7F82FA56-LeaderElection23] INFO  impl.LeaderElection (LeaderElection.java:askForVotes(323)) - fe9b02b7-73ff-430f-9d75-1483ab7beb41@group-2D5A7F82FA56-LeaderElection23 ELECTION round 0: result PASSED
2023-10-27 20:14:47,245 [fe9b02b7-73ff-430f-9d75-1483ab7beb41@group-2D5A7F82FA56-LeaderElection23] INFO  impl.RoleInfo (RoleInfo.java:shutdownLeaderElection(130)) - fe9b02b7-73ff-430f-9d75-1483ab7beb41: shutdown fe9b02b7-73ff-430f-9d75-1483ab7beb41@group-2D5A7F82FA56-LeaderElection23
2023-10-27 20:14:47,245 [fe9b02b7-73ff-430f-9d75-1483ab7beb41@group-2D5A7F82FA56-LeaderElection23] INFO  server.RaftServer$Division (RaftServerImpl.java:setRole(329)) - fe9b02b7-73ff-430f-9d75-1483ab7beb41@group-2D5A7F82FA56: changes role from CANDIDATE to LEADER at term 1 for changeToLeader
2023-10-27 20:14:47,245 [fe9b02b7-73ff-430f-9d75-1483ab7beb41@group-2D5A7F82FA56-LeaderElection23] INFO  ratis.XceiverServerRatis (XceiverServerRatis.java:handleLeaderChangedNotification(903)) - Leader change notification received for group: group-2D5A7F82FA56 with new leaderId: fe9b02b7-73ff-430f-9d75-1483ab7beb41
2023-10-27 20:14:47,246 [fe9b02b7-73ff-430f-9d75-1483ab7beb41@group-2D5A7F82FA56-LeaderElection23] INFO  server.RaftServer$Division (ServerState.java:setLeader(317)) - fe9b02b7-73ff-430f-9d75-1483ab7beb41@group-2D5A7F82FA56: change Leader from null to fe9b02b7-73ff-430f-9d75-1483ab7beb41 at term 1 for becomeLeader, leader elected after 5254ms
2023-10-27 20:14:47,246 [fe9b02b7-73ff-430f-9d75-1483ab7beb41@group-2D5A7F82FA56-LeaderElection23] INFO  server.RaftServerConfigKeys (ConfUtils.java:logGet(46)) - raft.server.staging.catchup.gap = 1000 (default)
2023-10-27 20:14:47,246 [fe9b02b7-73ff-430f-9d75-1483ab7beb41@group-2D5A7F82FA56-LeaderElection23] INFO  server.RaftServerConfigKeys (ConfUtils.java:logGet(46)) - raft.server.write.element-limit = 1024 (custom)
2023-10-27 20:14:47,246 [fe9b02b7-73ff-430f-9d75-1483ab7beb41@group-2D5A7F82FA56-LeaderElection23] INFO  server.RaftServerConfigKeys (ConfUtils.java:logGet(46)) - raft.server.write.byte-limit = 1024 M (=1073741824) (custom)
2023-10-27 20:14:47,247 [fe9b02b7-73ff-430f-9d75-1483ab7beb41@group-2D5A7F82FA56-LeaderElection23] INFO  server.RaftServerConfigKeys (ConfUtils.java:logGet(46)) - raft.server.watch.timeout = 180s (custom)
2023-10-27 20:14:47,247 [fe9b02b7-73ff-430f-9d75-1483ab7beb41@group-2D5A7F82FA56-LeaderElection23] INFO  server.RaftServerConfigKeys (ConfUtils.java:logGet(46)) - raft.server.watch.timeout.denomination = 1s (default)
2023-10-27 20:14:47,247 [fe9b02b7-73ff-430f-9d75-1483ab7beb41@group-2D5A7F82FA56-LeaderElection23] INFO  server.RaftServerConfigKeys (ConfUtils.java:logGet(46)) - raft.server.watch.element-limit = 65536 (default)
2023-10-27 20:14:47,247 [fe9b02b7-73ff-430f-9d75-1483ab7beb41@group-2D5A7F82FA56-LeaderElection23] INFO  server.RaftServerConfigKeys (ConfUtils.java:logGet(46)) - raft.server.write.element-limit = 1024 (custom)
2023-10-27 20:14:47,247 [fe9b02b7-73ff-430f-9d75-1483ab7beb41@group-2D5A7F82FA56-LeaderElection23] INFO  server.RaftServerConfigKeys (ConfUtils.java:logGet(46)) - raft.server.write.follower.gap.ratio.max = -1.0 (default)
2023-10-27 20:14:47,248 [fe9b02b7-73ff-430f-9d75-1483ab7beb41@group-2D5A7F82FA56-LeaderElection23] INFO  server.RaftServerConfigKeys (ConfUtils.java:logGet(46)) - raft.server.log.appender.snapshot.chunk.size.max = 16MB (=16777216) (default)
2023-10-27 20:14:47,248 [fe9b02b7-73ff-430f-9d75-1483ab7beb41@group-2D5A7F82FA56-LeaderElection23] INFO  server.RaftServerConfigKeys (ConfUtils.java:logGet(46)) - raft.server.log.appender.buffer.byte-limit = 33554432 (custom)
2023-10-27 20:14:47,248 [fe9b02b7-73ff-430f-9d75-1483ab7beb41@group-2D5A7F82FA56-LeaderElection23] INFO  server.RaftServerConfigKeys (ConfUtils.java:logGet(46)) - raft.server.log.appender.buffer.element-limit = 1 (custom)
2023-10-27 20:14:47,252 [fe9b02b7-73ff-430f-9d75-1483ab7beb41@group-2D5A7F82FA56-LeaderElection23] INFO  server.RaftServerConfigKeys (ConfUtils.java:logGet(46)) - raft.server.log.appender.wait-time.min = 1ms (custom)
2023-10-27 20:14:47,252 [fe9b02b7-73ff-430f-9d75-1483ab7beb41@group-2D5A7F82FA56-LeaderElection23] INFO  grpc.GrpcConfigKeys (ConfUtils.java:logGet(46)) - raft.grpc.server.leader.outstanding.appends.max = 128 (default)
2023-10-27 20:14:47,252 [fe9b02b7-73ff-430f-9d75-1483ab7beb41@group-2D5A7F82FA56-LeaderElection23] INFO  server.RaftServerConfigKeys (ConfUtils.java:logGet(46)) - raft.server.rpc.request.timeout = 60s (custom)
2023-10-27 20:14:47,252 [fe9b02b7-73ff-430f-9d75-1483ab7beb41@group-2D5A7F82FA56-LeaderElection23] INFO  grpc.GrpcConfigKeys (ConfUtils.java:logGet(46)) - raft.grpc.server.install_snapshot.request.element-limit = 8 (default)
2023-10-27 20:14:47,252 [fe9b02b7-73ff-430f-9d75-1483ab7beb41@group-2D5A7F82FA56-LeaderElection23] INFO  grpc.GrpcConfigKeys (ConfUtils.java:logGet(46)) - raft.grpc.server.install_snapshot.request.timeout = 3000ms (default)
2023-10-27 20:14:47,252 [fe9b02b7-73ff-430f-9d75-1483ab7beb41@group-2D5A7F82FA56-LeaderElection23] INFO  server.RaftServerConfigKeys (ConfUtils.java:logGet(46)) - raft.server.log.appender.install.snapshot.enabled = false (custom)
2023-10-27 20:14:47,253 [fe9b02b7-73ff-430f-9d75-1483ab7beb41@group-2D5A7F82FA56-LeaderElection23] INFO  grpc.GrpcConfigKeys (ConfUtils.java:logGet(46)) - raft.grpc.server.heartbeat.channel = true (default)
2023-10-27 20:14:47,253 [fe9b02b7-73ff-430f-9d75-1483ab7beb41@group-2D5A7F82FA56-LeaderElection23] INFO  server.RaftServerConfigKeys (ConfUtils.java:logGet(46)) - raft.server.log.appender.snapshot.chunk.size.max = 16MB (=16777216) (default)
2023-10-27 20:14:47,254 [fe9b02b7-73ff-430f-9d75-1483ab7beb41@group-2D5A7F82FA56-LeaderElection23] INFO  server.RaftServerConfigKeys (ConfUtils.java:logGet(46)) - raft.server.log.appender.buffer.byte-limit = 33554432 (custom)
2023-10-27 20:14:47,254 [fe9b02b7-73ff-430f-9d75-1483ab7beb41@group-2D5A7F82FA56-LeaderElection23] INFO  server.RaftServerConfigKeys (ConfUtils.java:logGet(46)) - raft.server.log.appender.buffer.element-limit = 1 (custom)
2023-10-27 20:14:47,254 [fe9b02b7-73ff-430f-9d75-1483ab7beb41@group-2D5A7F82FA56-LeaderElection23] INFO  server.RaftServerConfigKeys (ConfUtils.java:logGet(46)) - raft.server.log.appender.wait-time.min = 1ms (custom)
2023-10-27 20:14:47,254 [fe9b02b7-73ff-430f-9d75-1483ab7beb41@group-2D5A7F82FA56-LeaderElection23] INFO  grpc.GrpcConfigKeys (ConfUtils.java:logGet(46)) - raft.grpc.server.leader.outstanding.appends.max = 128 (default)
2023-10-27 20:14:47,254 [fe9b02b7-73ff-430f-9d75-1483ab7beb41@group-2D5A7F82FA56-LeaderElection23] INFO  server.RaftServerConfigKeys (ConfUtils.java:logGet(46)) - raft.server.rpc.request.timeout = 60s (custom)
2023-10-27 20:14:47,254 [fe9b02b7-73ff-430f-9d75-1483ab7beb41@group-2D5A7F82FA56-LeaderElection23] INFO  grpc.GrpcConfigKeys (ConfUtils.java:logGet(46)) - raft.grpc.server.install_snapshot.request.element-limit = 8 (default)
2023-10-27 20:14:47,255 [fe9b02b7-73ff-430f-9d75-1483ab7beb41@group-2D5A7F82FA56-LeaderElection23] INFO  grpc.GrpcConfigKeys (ConfUtils.java:logGet(46)) - raft.grpc.server.install_snapshot.request.timeout = 3000ms (default)
2023-10-27 20:14:47,255 [fe9b02b7-73ff-430f-9d75-1483ab7beb41@group-2D5A7F82FA56-LeaderElection23] INFO  server.RaftServerConfigKeys (ConfUtils.java:logGet(46)) - raft.server.log.appender.install.snapshot.enabled = false (custom)
2023-10-27 20:14:47,255 [fe9b02b7-73ff-430f-9d75-1483ab7beb41@group-2D5A7F82FA56-LeaderElection23] INFO  grpc.GrpcConfigKeys (ConfUtils.java:logGet(46)) - raft.grpc.server.heartbeat.channel = true (default)
2023-10-27 20:14:47,255 [fe9b02b7-73ff-430f-9d75-1483ab7beb41@group-2D5A7F82FA56-LeaderElection23] INFO  impl.RoleInfo (RoleInfo.java:updateAndGet(139)) - fe9b02b7-73ff-430f-9d75-1483ab7beb41: start fe9b02b7-73ff-430f-9d75-1483ab7beb41@group-2D5A7F82FA56-LeaderStateImpl
2023-10-27 20:14:47,256 [fe9b02b7-73ff-430f-9d75-1483ab7beb41@group-2D5A7F82FA56-LeaderElection23] INFO  segmented.SegmentedRaftLogWorker (SegmentedRaftLogWorker.java:startLogSegment(447)) - fe9b02b7-73ff-430f-9d75-1483ab7beb41@group-2D5A7F82FA56-SegmentedRaftLogWorker: Starting segment from index:0
2023-10-27 20:14:47,257 [EventQueue-PipelineReportForPipelineReportHandler] INFO  pipeline.PipelineReportHandler (PipelineReportHandler.java:processPipelineReport(136)) - Opened pipeline PipelineID=273a9d47-263d-4559-8519-2d5a7f82fa56
2023-10-27 20:14:47,259 [fe9b02b7-73ff-430f-9d75-1483ab7beb41@group-2D5A7F82FA56-SegmentedRaftLogWorker] INFO  segmented.SegmentedRaftLogWorker (SegmentedRaftLogWorker.java:execute(651)) - fe9b02b7-73ff-430f-9d75-1483ab7beb41@group-2D5A7F82FA56-SegmentedRaftLogWorker: created new log segment /home/runner/work/ozone/ozone/hadoop-ozone/integration-test/target/test-dir/MiniOzoneClusterImpl-60426a9d-3de2-4373-b08b-24a22c9da129/datanode-6/data/ratis/273a9d47-263d-4559-8519-2d5a7f82fa56/current/log_inprogress_0
2023-10-27 20:14:47,259 [5b9beb6f-d596-489f-8a17-e362b772df82@group-3CEA00BD3BAC-FollowerState] INFO  impl.FollowerState (FollowerState.java:run(143)) - 5b9beb6f-d596-489f-8a17-e362b772df82@group-3CEA00BD3BAC-FollowerState: change to CANDIDATE, lastRpcElapsedTime:5006901493ns, electionTimeout:5005ms
2023-10-27 20:14:47,260 [5b9beb6f-d596-489f-8a17-e362b772df82@group-3CEA00BD3BAC-FollowerState] INFO  impl.RoleInfo (RoleInfo.java:shutdownFollowerState(110)) - 5b9beb6f-d596-489f-8a17-e362b772df82: shutdown 5b9beb6f-d596-489f-8a17-e362b772df82@group-3CEA00BD3BAC-FollowerState
2023-10-27 20:14:47,260 [5b9beb6f-d596-489f-8a17-e362b772df82@group-3CEA00BD3BAC-FollowerState] INFO  server.RaftServer$Division (RaftServerImpl.java:setRole(329)) - 5b9beb6f-d596-489f-8a17-e362b772df82@group-3CEA00BD3BAC: changes role from  FOLLOWER to CANDIDATE at term 0 for changeToCandidate
2023-10-27 20:14:47,260 [5b9beb6f-d596-489f-8a17-e362b772df82@group-3CEA00BD3BAC-FollowerState] INFO  server.RaftServerConfigKeys (ConfUtils.java:logGet(46)) - raft.server.leaderelection.pre-vote = true (default)
2023-10-27 20:14:47,260 [5b9beb6f-d596-489f-8a17-e362b772df82@group-3CEA00BD3BAC-FollowerState] INFO  impl.RoleInfo (RoleInfo.java:updateAndGet(139)) - 5b9beb6f-d596-489f-8a17-e362b772df82: start 5b9beb6f-d596-489f-8a17-e362b772df82@group-3CEA00BD3BAC-LeaderElection24
2023-10-27 20:14:47,263 [grpc-default-executor-4] INFO  server.RaftServer$Division (RaftServerImpl.java:requestVote(1302)) - 5b9beb6f-d596-489f-8a17-e362b772df82@group-2D5A7F82FA56: receive requestVote(PRE_VOTE, fe9b02b7-73ff-430f-9d75-1483ab7beb41, group-2D5A7F82FA56, 0, (t:0, i:0))
2023-10-27 20:14:47,263 [grpc-default-executor-4] INFO  impl.VoteContext (VoteContext.java:log(49)) - 5b9beb6f-d596-489f-8a17-e362b772df82@group-2D5A7F82FA56-FOLLOWER: accept PRE_VOTE from fe9b02b7-73ff-430f-9d75-1483ab7beb41: our priority 0 <= candidate's priority 1
2023-10-27 20:14:47,263 [grpc-default-executor-4] INFO  server.RaftServer$Division (RaftServerImpl.java:requestVote(1335)) - 5b9beb6f-d596-489f-8a17-e362b772df82@group-2D5A7F82FA56 replies to PRE_VOTE vote request: fe9b02b7-73ff-430f-9d75-1483ab7beb41<-5b9beb6f-d596-489f-8a17-e362b772df82#0:OK-t0. Peer's state: 5b9beb6f-d596-489f-8a17-e362b772df82@group-2D5A7F82FA56:t0, leader=null, voted=, raftlog=Memoized:5b9beb6f-d596-489f-8a17-e362b772df82@group-2D5A7F82FA56-SegmentedRaftLog:OPENED:c-1, conf=-1: peers:[f612f2cf-90dc-41dc-bf39-cf028d38c484|rpc:10.1.0.32:15077|admin:10.1.0.32:15076|client:10.1.0.32:15075|dataStream:10.1.0.32:15078|priority:0|startupRole:FOLLOWER, 5b9beb6f-d596-489f-8a17-e362b772df82|rpc:10.1.0.32:15095|admin:10.1.0.32:15094|client:10.1.0.32:15093|dataStream:10.1.0.32:15096|priority:0|startupRole:FOLLOWER, fe9b02b7-73ff-430f-9d75-1483ab7beb41|rpc:10.1.0.32:15068|admin:10.1.0.32:15067|client:10.1.0.32:15066|dataStream:10.1.0.32:15069|priority:1|startupRole:FOLLOWER]|listeners:[], old=null
2023-10-27 20:14:47,267 [grpc-default-executor-5] INFO  server.RaftServer$Division (RaftServerImpl.java:requestVote(1302)) - 5b9beb6f-d596-489f-8a17-e362b772df82@group-2D5A7F82FA56: receive requestVote(ELECTION, fe9b02b7-73ff-430f-9d75-1483ab7beb41, group-2D5A7F82FA56, 1, (t:0, i:0))
2023-10-27 20:14:47,267 [grpc-default-executor-5] INFO  impl.VoteContext (VoteContext.java:log(49)) - 5b9beb6f-d596-489f-8a17-e362b772df82@group-2D5A7F82FA56-FOLLOWER: accept ELECTION from fe9b02b7-73ff-430f-9d75-1483ab7beb41: our priority 0 <= candidate's priority 1
2023-10-27 20:14:47,267 [grpc-default-executor-5] INFO  server.RaftServer$Division (RaftServerImpl.java:setRole(329)) - 5b9beb6f-d596-489f-8a17-e362b772df82@group-2D5A7F82FA56: changes role from  FOLLOWER to FOLLOWER at term 1 for candidate:fe9b02b7-73ff-430f-9d75-1483ab7beb41
2023-10-27 20:14:47,267 [grpc-default-executor-5] INFO  impl.RoleInfo (RoleInfo.java:shutdownFollowerState(110)) - 5b9beb6f-d596-489f-8a17-e362b772df82: shutdown 5b9beb6f-d596-489f-8a17-e362b772df82@group-2D5A7F82FA56-FollowerState
2023-10-27 20:14:47,280 [5b9beb6f-d596-489f-8a17-e362b772df82@group-3CEA00BD3BAC-LeaderElection24] INFO  impl.LeaderElection (LeaderElection.java:askForVotes(321)) - 5b9beb6f-d596-489f-8a17-e362b772df82@group-3CEA00BD3BAC-LeaderElection24 PRE_VOTE round 0: submit vote requests at term 0 for -1: peers:[f612f2cf-90dc-41dc-bf39-cf028d38c484|rpc:10.1.0.32:15077|admin:10.1.0.32:15076|client:10.1.0.32:15075|dataStream:10.1.0.32:15078|priority:0|startupRole:FOLLOWER, 55507c8a-594d-4e25-909f-8d2832294c55|rpc:10.1.0.32:15086|admin:10.1.0.32:15085|client:10.1.0.32:15084|dataStream:10.1.0.32:15087|priority:0|startupRole:FOLLOWER, 5b9beb6f-d596-489f-8a17-e362b772df82|rpc:10.1.0.32:15095|admin:10.1.0.32:15094|client:10.1.0.32:15093|dataStream:10.1.0.32:15096|priority:1|startupRole:FOLLOWER]|listeners:[], old=null
2023-10-27 20:14:47,280 [f612f2cf-90dc-41dc-bf39-cf028d38c484-server-thread1] INFO  ratis.XceiverServerRatis (XceiverServerRatis.java:handleLeaderChangedNotification(903)) - Leader change notification received for group: group-2D5A7F82FA56 with new leaderId: fe9b02b7-73ff-430f-9d75-1483ab7beb41
2023-10-27 20:14:47,280 [f612f2cf-90dc-41dc-bf39-cf028d38c484-server-thread1] INFO  server.RaftServer$Division (ServerState.java:setLeader(317)) - f612f2cf-90dc-41dc-bf39-cf028d38c484@group-2D5A7F82FA56: change Leader from null to fe9b02b7-73ff-430f-9d75-1483ab7beb41 at term 1 for appendEntries, leader elected after 5302ms
2023-10-27 20:14:47,280 [fe9b02b7-73ff-430f-9d75-1483ab7beb41@group-2D5A7F82FA56-LeaderElection23] INFO  server.RaftServer$Division (ServerState.java:setRaftConf(434)) - fe9b02b7-73ff-430f-9d75-1483ab7beb41@group-2D5A7F82FA56: set configuration 0: peers:[f612f2cf-90dc-41dc-bf39-cf028d38c484|rpc:10.1.0.32:15077|admin:10.1.0.32:15076|client:10.1.0.32:15075|dataStream:10.1.0.32:15078|priority:0|startupRole:FOLLOWER, 5b9beb6f-d596-489f-8a17-e362b772df82|rpc:10.1.0.32:15095|admin:10.1.0.32:15094|client:10.1.0.32:15093|dataStream:10.1.0.32:15096|priority:0|startupRole:FOLLOWER, fe9b02b7-73ff-430f-9d75-1483ab7beb41|rpc:10.1.0.32:15068|admin:10.1.0.32:15067|client:10.1.0.32:15066|dataStream:10.1.0.32:15069|priority:1|startupRole:FOLLOWER]|listeners:[], old=null
2023-10-27 20:14:47,281 [5b9beb6f-d596-489f-8a17-e362b772df82@group-3CEA00BD3BAC-LeaderElection24-1] INFO  server.GrpcServerProtocolClient (GrpcServerProtocolClient.java:<init>(65)) - Build channel for f612f2cf-90dc-41dc-bf39-cf028d38c484
2023-10-27 20:14:47,281 [5b9beb6f-d596-489f-8a17-e362b772df82@group-3CEA00BD3BAC-LeaderElection24] INFO  server.RaftServerConfigKeys (ConfUtils.java:logFallback(53)) - raft.server.rpc.first-election.timeout.min = 5s (fallback to raft.server.rpc.timeout.min)
2023-10-27 20:14:47,281 [5b9beb6f-d596-489f-8a17-e362b772df82@group-3CEA00BD3BAC-LeaderElection24] INFO  server.RaftServerConfigKeys (ConfUtils.java:logFallback(53)) - raft.server.rpc.first-election.timeout.max = 5200ms (fallback to raft.server.rpc.timeout.max)
2023-10-27 20:14:47,282 [5b9beb6f-d596-489f-8a17-e362b772df82@group-3CEA00BD3BAC-LeaderElection24-2] INFO  server.GrpcServerProtocolClient (GrpcServerProtocolClient.java:<init>(65)) - Build channel for 55507c8a-594d-4e25-909f-8d2832294c55
2023-10-27 20:14:47,283 [grpc-default-executor-5] INFO  impl.RoleInfo (RoleInfo.java:updateAndGet(139)) - 5b9beb6f-d596-489f-8a17-e362b772df82: start 5b9beb6f-d596-489f-8a17-e362b772df82@group-2D5A7F82FA56-FollowerState
2023-10-27 20:14:47,284 [5b9beb6f-d596-489f-8a17-e362b772df82@group-2D5A7F82FA56-FollowerState] INFO  impl.FollowerState (FollowerState.java:run(152)) - 5b9beb6f-d596-489f-8a17-e362b772df82@group-2D5A7F82FA56-FollowerState was interrupted
2023-10-27 20:14:47,290 [grpc-default-executor-5] INFO  server.RaftServer$Division (RaftServerImpl.java:requestVote(1335)) - 5b9beb6f-d596-489f-8a17-e362b772df82@group-2D5A7F82FA56 replies to ELECTION vote request: fe9b02b7-73ff-430f-9d75-1483ab7beb41<-5b9beb6f-d596-489f-8a17-e362b772df82#0:OK-t1. Peer's state: 5b9beb6f-d596-489f-8a17-e362b772df82@group-2D5A7F82FA56:t1, leader=null, voted=fe9b02b7-73ff-430f-9d75-1483ab7beb41, raftlog=Memoized:5b9beb6f-d596-489f-8a17-e362b772df82@group-2D5A7F82FA56-SegmentedRaftLog:OPENED:c-1, conf=-1: peers:[f612f2cf-90dc-41dc-bf39-cf028d38c484|rpc:10.1.0.32:15077|admin:10.1.0.32:15076|client:10.1.0.32:15075|dataStream:10.1.0.32:15078|priority:0|startupRole:FOLLOWER, 5b9beb6f-d596-489f-8a17-e362b772df82|rpc:10.1.0.32:15095|admin:10.1.0.32:15094|client:10.1.0.32:15093|dataStream:10.1.0.32:15096|priority:0|startupRole:FOLLOWER, fe9b02b7-73ff-430f-9d75-1483ab7beb41|rpc:10.1.0.32:15068|admin:10.1.0.32:15067|client:10.1.0.32:15066|dataStream:10.1.0.32:15069|priority:1|startupRole:FOLLOWER]|listeners:[], old=null
2023-10-27 20:14:47,290 [5b9beb6f-d596-489f-8a17-e362b772df82-server-thread2] INFO  ratis.XceiverServerRatis (XceiverServerRatis.java:handleLeaderChangedNotification(903)) - Leader change notification received for group: group-2D5A7F82FA56 with new leaderId: fe9b02b7-73ff-430f-9d75-1483ab7beb41
2023-10-27 20:14:47,290 [5b9beb6f-d596-489f-8a17-e362b772df82-server-thread2] INFO  server.RaftServer$Division (ServerState.java:setLeader(317)) - 5b9beb6f-d596-489f-8a17-e362b772df82@group-2D5A7F82FA56: change Leader from null to fe9b02b7-73ff-430f-9d75-1483ab7beb41 at term 1 for appendEntries, leader elected after 5281ms
2023-10-27 20:14:47,301 [f612f2cf-90dc-41dc-bf39-cf028d38c484-server-thread2] INFO  server.RaftServer$Division (ServerState.java:setRaftConf(434)) - f612f2cf-90dc-41dc-bf39-cf028d38c484@group-2D5A7F82FA56: set configuration 0: peers:[f612f2cf-90dc-41dc-bf39-cf028d38c484|rpc:10.1.0.32:15077|admin:10.1.0.32:15076|client:10.1.0.32:15075|dataStream:10.1.0.32:15078|priority:0|startupRole:FOLLOWER, 5b9beb6f-d596-489f-8a17-e362b772df82|rpc:10.1.0.32:15095|admin:10.1.0.32:15094|client:10.1.0.32:15093|dataStream:10.1.0.32:15096|priority:0|startupRole:FOLLOWER, fe9b02b7-73ff-430f-9d75-1483ab7beb41|rpc:10.1.0.32:15068|admin:10.1.0.32:15067|client:10.1.0.32:15066|dataStream:10.1.0.32:15069|priority:1|startupRole:FOLLOWER]|listeners:[], old=null
2023-10-27 20:14:47,302 [f612f2cf-90dc-41dc-bf39-cf028d38c484-server-thread2] INFO  segmented.SegmentedRaftLogWorker (SegmentedRaftLogWorker.java:startLogSegment(447)) - f612f2cf-90dc-41dc-bf39-cf028d38c484@group-2D5A7F82FA56-SegmentedRaftLogWorker: Starting segment from index:0
2023-10-27 20:14:47,302 [5b9beb6f-d596-489f-8a17-e362b772df82-server-thread1] INFO  server.RaftServer$Division (ServerState.java:setRaftConf(434)) - 5b9beb6f-d596-489f-8a17-e362b772df82@group-2D5A7F82FA56: set configuration 0: peers:[f612f2cf-90dc-41dc-bf39-cf028d38c484|rpc:10.1.0.32:15077|admin:10.1.0.32:15076|client:10.1.0.32:15075|dataStream:10.1.0.32:15078|priority:0|startupRole:FOLLOWER, 5b9beb6f-d596-489f-8a17-e362b772df82|rpc:10.1.0.32:15095|admin:10.1.0.32:15094|client:10.1.0.32:15093|dataStream:10.1.0.32:15096|priority:0|startupRole:FOLLOWER, fe9b02b7-73ff-430f-9d75-1483ab7beb41|rpc:10.1.0.32:15068|admin:10.1.0.32:15067|client:10.1.0.32:15066|dataStream:10.1.0.32:15069|priority:1|startupRole:FOLLOWER]|listeners:[], old=null
2023-10-27 20:14:47,303 [5b9beb6f-d596-489f-8a17-e362b772df82-server-thread1] INFO  segmented.SegmentedRaftLogWorker (SegmentedRaftLogWorker.java:startLogSegment(447)) - 5b9beb6f-d596-489f-8a17-e362b772df82@group-2D5A7F82FA56-SegmentedRaftLogWorker: Starting segment from index:0
2023-10-27 20:14:47,306 [f612f2cf-90dc-41dc-bf39-cf028d38c484@group-2D5A7F82FA56-SegmentedRaftLogWorker] INFO  segmented.SegmentedRaftLogWorker (SegmentedRaftLogWorker.java:execute(651)) - f612f2cf-90dc-41dc-bf39-cf028d38c484@group-2D5A7F82FA56-SegmentedRaftLogWorker: created new log segment /home/runner/work/ozone/ozone/hadoop-ozone/integration-test/target/test-dir/MiniOzoneClusterImpl-60426a9d-3de2-4373-b08b-24a22c9da129/datanode-7/data/ratis/273a9d47-263d-4559-8519-2d5a7f82fa56/current/log_inprogress_0
2023-10-27 20:14:47,306 [5b9beb6f-d596-489f-8a17-e362b772df82@group-2D5A7F82FA56-SegmentedRaftLogWorker] INFO  segmented.SegmentedRaftLogWorker (SegmentedRaftLogWorker.java:execute(651)) - 5b9beb6f-d596-489f-8a17-e362b772df82@group-2D5A7F82FA56-SegmentedRaftLogWorker: created new log segment /home/runner/work/ozone/ozone/hadoop-ozone/integration-test/target/test-dir/MiniOzoneClusterImpl-60426a9d-3de2-4373-b08b-24a22c9da129/datanode-9/data/ratis/273a9d47-263d-4559-8519-2d5a7f82fa56/current/log_inprogress_0
2023-10-27 20:14:47,312 [grpc-default-executor-2] INFO  server.RaftServer$Division (RaftServerImpl.java:requestVote(1302)) - 55507c8a-594d-4e25-909f-8d2832294c55@group-3CEA00BD3BAC: receive requestVote(PRE_VOTE, 5b9beb6f-d596-489f-8a17-e362b772df82, group-3CEA00BD3BAC, 0, (t:0, i:0))
2023-10-27 20:14:47,312 [grpc-default-executor-2] INFO  impl.VoteContext (VoteContext.java:log(49)) - 55507c8a-594d-4e25-909f-8d2832294c55@group-3CEA00BD3BAC-FOLLOWER: accept PRE_VOTE from 5b9beb6f-d596-489f-8a17-e362b772df82: our priority 0 <= candidate's priority 1
2023-10-27 20:14:47,312 [grpc-default-executor-2] INFO  server.RaftServer$Division (RaftServerImpl.java:requestVote(1335)) - 55507c8a-594d-4e25-909f-8d2832294c55@group-3CEA00BD3BAC replies to PRE_VOTE vote request: 5b9beb6f-d596-489f-8a17-e362b772df82<-55507c8a-594d-4e25-909f-8d2832294c55#0:OK-t0. Peer's state: 55507c8a-594d-4e25-909f-8d2832294c55@group-3CEA00BD3BAC:t0, leader=null, voted=, raftlog=Memoized:55507c8a-594d-4e25-909f-8d2832294c55@group-3CEA00BD3BAC-SegmentedRaftLog:OPENED:c-1, conf=-1: peers:[f612f2cf-90dc-41dc-bf39-cf028d38c484|rpc:10.1.0.32:15077|admin:10.1.0.32:15076|client:10.1.0.32:15075|dataStream:10.1.0.32:15078|priority:0|startupRole:FOLLOWER, 55507c8a-594d-4e25-909f-8d2832294c55|rpc:10.1.0.32:15086|admin:10.1.0.32:15085|client:10.1.0.32:15084|dataStream:10.1.0.32:15087|priority:0|startupRole:FOLLOWER, 5b9beb6f-d596-489f-8a17-e362b772df82|rpc:10.1.0.32:15095|admin:10.1.0.32:15094|client:10.1.0.32:15093|dataStream:10.1.0.32:15096|priority:1|startupRole:FOLLOWER]|listeners:[], old=null
2023-10-27 20:14:47,313 [grpc-default-executor-4] INFO  server.RaftServer$Division (RaftServerImpl.java:requestVote(1302)) - f612f2cf-90dc-41dc-bf39-cf028d38c484@group-3CEA00BD3BAC: receive requestVote(PRE_VOTE, 5b9beb6f-d596-489f-8a17-e362b772df82, group-3CEA00BD3BAC, 0, (t:0, i:0))
2023-10-27 20:14:47,313 [grpc-default-executor-4] INFO  impl.VoteContext (VoteContext.java:log(49)) - f612f2cf-90dc-41dc-bf39-cf028d38c484@group-3CEA00BD3BAC-FOLLOWER: accept PRE_VOTE from 5b9beb6f-d596-489f-8a17-e362b772df82: our priority 0 <= candidate's priority 1
2023-10-27 20:14:47,313 [grpc-default-executor-4] INFO  server.RaftServer$Division (RaftServerImpl.java:requestVote(1335)) - f612f2cf-90dc-41dc-bf39-cf028d38c484@group-3CEA00BD3BAC replies to PRE_VOTE vote request: 5b9beb6f-d596-489f-8a17-e362b772df82<-f612f2cf-90dc-41dc-bf39-cf028d38c484#0:OK-t0. Peer's state: f612f2cf-90dc-41dc-bf39-cf028d38c484@group-3CEA00BD3BAC:t0, leader=null, voted=, raftlog=Memoized:f612f2cf-90dc-41dc-bf39-cf028d38c484@group-3CEA00BD3BAC-SegmentedRaftLog:OPENED:c-1, conf=-1: peers:[f612f2cf-90dc-41dc-bf39-cf028d38c484|rpc:10.1.0.32:15077|admin:10.1.0.32:15076|client:10.1.0.32:15075|dataStream:10.1.0.32:15078|priority:0|startupRole:FOLLOWER, 55507c8a-594d-4e25-909f-8d2832294c55|rpc:10.1.0.32:15086|admin:10.1.0.32:15085|client:10.1.0.32:15084|dataStream:10.1.0.32:15087|priority:0|startupRole:FOLLOWER, 5b9beb6f-d596-489f-8a17-e362b772df82|rpc:10.1.0.32:15095|admin:10.1.0.32:15094|client:10.1.0.32:15093|dataStream:10.1.0.32:15096|priority:1|startupRole:FOLLOWER]|listeners:[], old=null
2023-10-27 20:14:47,314 [5b9beb6f-d596-489f-8a17-e362b772df82@group-3CEA00BD3BAC-LeaderElection24] INFO  impl.LeaderElection (LeaderElection.java:logAndReturn(90)) - 5b9beb6f-d596-489f-8a17-e362b772df82@group-3CEA00BD3BAC-LeaderElection24: PRE_VOTE PASSED received 1 response(s) and 0 exception(s):
2023-10-27 20:14:47,314 [5b9beb6f-d596-489f-8a17-e362b772df82@group-3CEA00BD3BAC-LeaderElection24] INFO  impl.LeaderElection (LeaderElection.java:logAndReturn(94)) -   Response 0: 5b9beb6f-d596-489f-8a17-e362b772df82<-f612f2cf-90dc-41dc-bf39-cf028d38c484#0:OK-t0
2023-10-27 20:14:47,315 [5b9beb6f-d596-489f-8a17-e362b772df82@group-3CEA00BD3BAC-LeaderElection24] INFO  impl.LeaderElection (LeaderElection.java:askForVotes(323)) - 5b9beb6f-d596-489f-8a17-e362b772df82@group-3CEA00BD3BAC-LeaderElection24 PRE_VOTE round 0: result PASSED
2023-10-27 20:14:47,317 [5b9beb6f-d596-489f-8a17-e362b772df82@group-3CEA00BD3BAC-LeaderElection24] INFO  impl.LeaderElection (LeaderElection.java:askForVotes(321)) - 5b9beb6f-d596-489f-8a17-e362b772df82@group-3CEA00BD3BAC-LeaderElection24 ELECTION round 0: submit vote requests at term 1 for -1: peers:[f612f2cf-90dc-41dc-bf39-cf028d38c484|rpc:10.1.0.32:15077|admin:10.1.0.32:15076|client:10.1.0.32:15075|dataStream:10.1.0.32:15078|priority:0|startupRole:FOLLOWER, 55507c8a-594d-4e25-909f-8d2832294c55|rpc:10.1.0.32:15086|admin:10.1.0.32:15085|client:10.1.0.32:15084|dataStream:10.1.0.32:15087|priority:0|startupRole:FOLLOWER, 5b9beb6f-d596-489f-8a17-e362b772df82|rpc:10.1.0.32:15095|admin:10.1.0.32:15094|client:10.1.0.32:15093|dataStream:10.1.0.32:15096|priority:1|startupRole:FOLLOWER]|listeners:[], old=null
2023-10-27 20:14:47,319 [5b9beb6f-d596-489f-8a17-e362b772df82@group-3CEA00BD3BAC-LeaderElection24] INFO  server.RaftServerConfigKeys (ConfUtils.java:logFallback(53)) - raft.server.rpc.first-election.timeout.min = 5s (fallback to raft.server.rpc.timeout.min)
2023-10-27 20:14:47,319 [5b9beb6f-d596-489f-8a17-e362b772df82@group-3CEA00BD3BAC-LeaderElection24] INFO  server.RaftServerConfigKeys (ConfUtils.java:logFallback(53)) - raft.server.rpc.first-election.timeout.max = 5200ms (fallback to raft.server.rpc.timeout.max)
2023-10-27 20:14:47,320 [grpc-default-executor-2] INFO  server.RaftServer$Division (RaftServerImpl.java:requestVote(1302)) - f612f2cf-90dc-41dc-bf39-cf028d38c484@group-3CEA00BD3BAC: receive requestVote(ELECTION, 5b9beb6f-d596-489f-8a17-e362b772df82, group-3CEA00BD3BAC, 1, (t:0, i:0))
2023-10-27 20:14:47,322 [grpc-default-executor-2] INFO  impl.VoteContext (VoteContext.java:log(49)) - f612f2cf-90dc-41dc-bf39-cf028d38c484@group-3CEA00BD3BAC-FOLLOWER: accept ELECTION from 5b9beb6f-d596-489f-8a17-e362b772df82: our priority 0 <= candidate's priority 1
2023-10-27 20:14:47,323 [grpc-default-executor-2] INFO  server.RaftServer$Division (RaftServerImpl.java:setRole(329)) - f612f2cf-90dc-41dc-bf39-cf028d38c484@group-3CEA00BD3BAC: changes role from  FOLLOWER to FOLLOWER at term 1 for candidate:5b9beb6f-d596-489f-8a17-e362b772df82
2023-10-27 20:14:47,323 [grpc-default-executor-2] INFO  impl.RoleInfo (RoleInfo.java:shutdownFollowerState(110)) - f612f2cf-90dc-41dc-bf39-cf028d38c484: shutdown f612f2cf-90dc-41dc-bf39-cf028d38c484@group-3CEA00BD3BAC-FollowerState
2023-10-27 20:14:47,323 [grpc-default-executor-2] INFO  impl.RoleInfo (RoleInfo.java:updateAndGet(139)) - f612f2cf-90dc-41dc-bf39-cf028d38c484: start f612f2cf-90dc-41dc-bf39-cf028d38c484@group-3CEA00BD3BAC-FollowerState
2023-10-27 20:14:47,323 [f612f2cf-90dc-41dc-bf39-cf028d38c484@group-3CEA00BD3BAC-FollowerState] INFO  impl.FollowerState (FollowerState.java:run(152)) - f612f2cf-90dc-41dc-bf39-cf028d38c484@group-3CEA00BD3BAC-FollowerState was interrupted
2023-10-27 20:14:47,324 [grpc-default-executor-0] INFO  server.RaftServer$Division (RaftServerImpl.java:requestVote(1302)) - 55507c8a-594d-4e25-909f-8d2832294c55@group-3CEA00BD3BAC: receive requestVote(ELECTION, 5b9beb6f-d596-489f-8a17-e362b772df82, group-3CEA00BD3BAC, 1, (t:0, i:0))
2023-10-27 20:14:47,326 [grpc-default-executor-0] INFO  impl.VoteContext (VoteContext.java:log(49)) - 55507c8a-594d-4e25-909f-8d2832294c55@group-3CEA00BD3BAC-FOLLOWER: accept ELECTION from 5b9beb6f-d596-489f-8a17-e362b772df82: our priority 0 <= candidate's priority 1
2023-10-27 20:14:47,326 [grpc-default-executor-0] INFO  server.RaftServer$Division (RaftServerImpl.java:setRole(329)) - 55507c8a-594d-4e25-909f-8d2832294c55@group-3CEA00BD3BAC: changes role from  FOLLOWER to FOLLOWER at term 1 for candidate:5b9beb6f-d596-489f-8a17-e362b772df82
2023-10-27 20:14:47,326 [grpc-default-executor-0] INFO  impl.RoleInfo (RoleInfo.java:shutdownFollowerState(110)) - 55507c8a-594d-4e25-909f-8d2832294c55: shutdown 55507c8a-594d-4e25-909f-8d2832294c55@group-3CEA00BD3BAC-FollowerState
2023-10-27 20:14:47,326 [grpc-default-executor-0] INFO  impl.RoleInfo (RoleInfo.java:updateAndGet(139)) - 55507c8a-594d-4e25-909f-8d2832294c55: start 55507c8a-594d-4e25-909f-8d2832294c55@group-3CEA00BD3BAC-FollowerState
2023-10-27 20:14:47,327 [55507c8a-594d-4e25-909f-8d2832294c55@group-3CEA00BD3BAC-FollowerState] INFO  impl.FollowerState (FollowerState.java:run(152)) - 55507c8a-594d-4e25-909f-8d2832294c55@group-3CEA00BD3BAC-FollowerState was interrupted
2023-10-27 20:14:47,328 [grpc-default-executor-2] INFO  server.RaftServer$Division (RaftServerImpl.java:requestVote(1335)) - f612f2cf-90dc-41dc-bf39-cf028d38c484@group-3CEA00BD3BAC replies to ELECTION vote request: 5b9beb6f-d596-489f-8a17-e362b772df82<-f612f2cf-90dc-41dc-bf39-cf028d38c484#0:OK-t1. Peer's state: f612f2cf-90dc-41dc-bf39-cf028d38c484@group-3CEA00BD3BAC:t1, leader=null, voted=5b9beb6f-d596-489f-8a17-e362b772df82, raftlog=Memoized:f612f2cf-90dc-41dc-bf39-cf028d38c484@group-3CEA00BD3BAC-SegmentedRaftLog:OPENED:c-1, conf=-1: peers:[f612f2cf-90dc-41dc-bf39-cf028d38c484|rpc:10.1.0.32:15077|admin:10.1.0.32:15076|client:10.1.0.32:15075|dataStream:10.1.0.32:15078|priority:0|startupRole:FOLLOWER, 55507c8a-594d-4e25-909f-8d2832294c55|rpc:10.1.0.32:15086|admin:10.1.0.32:15085|client:10.1.0.32:15084|dataStream:10.1.0.32:15087|priority:0|startupRole:FOLLOWER, 5b9beb6f-d596-489f-8a17-e362b772df82|rpc:10.1.0.32:15095|admin:10.1.0.32:15094|client:10.1.0.32:15093|dataStream:10.1.0.32:15096|priority:1|startupRole:FOLLOWER]|listeners:[], old=null
2023-10-27 20:14:47,329 [grpc-default-executor-0] INFO  server.RaftServer$Division (RaftServerImpl.java:requestVote(1335)) - 55507c8a-594d-4e25-909f-8d2832294c55@group-3CEA00BD3BAC replies to ELECTION vote request: 5b9beb6f-d596-489f-8a17-e362b772df82<-55507c8a-594d-4e25-909f-8d2832294c55#0:OK-t1. Peer's state: 55507c8a-594d-4e25-909f-8d2832294c55@group-3CEA00BD3BAC:t1, leader=null, voted=5b9beb6f-d596-489f-8a17-e362b772df82, raftlog=Memoized:55507c8a-594d-4e25-909f-8d2832294c55@group-3CEA00BD3BAC-SegmentedRaftLog:OPENED:c-1, conf=-1: peers:[f612f2cf-90dc-41dc-bf39-cf028d38c484|rpc:10.1.0.32:15077|admin:10.1.0.32:15076|client:10.1.0.32:15075|dataStream:10.1.0.32:15078|priority:0|startupRole:FOLLOWER, 55507c8a-594d-4e25-909f-8d2832294c55|rpc:10.1.0.32:15086|admin:10.1.0.32:15085|client:10.1.0.32:15084|dataStream:10.1.0.32:15087|priority:0|startupRole:FOLLOWER, 5b9beb6f-d596-489f-8a17-e362b772df82|rpc:10.1.0.32:15095|admin:10.1.0.32:15094|client:10.1.0.32:15093|dataStream:10.1.0.32:15096|priority:1|startupRole:FOLLOWER]|listeners:[], old=null
2023-10-27 20:14:47,330 [5b9beb6f-d596-489f-8a17-e362b772df82@group-3CEA00BD3BAC-LeaderElection24] INFO  impl.LeaderElection (LeaderElection.java:logAndReturn(90)) - 5b9beb6f-d596-489f-8a17-e362b772df82@group-3CEA00BD3BAC-LeaderElection24: ELECTION PASSED received 1 response(s) and 0 exception(s):
2023-10-27 20:14:47,330 [5b9beb6f-d596-489f-8a17-e362b772df82@group-3CEA00BD3BAC-LeaderElection24] INFO  impl.LeaderElection (LeaderElection.java:logAndReturn(94)) -   Response 0: 5b9beb6f-d596-489f-8a17-e362b772df82<-f612f2cf-90dc-41dc-bf39-cf028d38c484#0:OK-t1
2023-10-27 20:14:47,330 [5b9beb6f-d596-489f-8a17-e362b772df82@group-3CEA00BD3BAC-LeaderElection24] INFO  impl.LeaderElection (LeaderElection.java:askForVotes(323)) - 5b9beb6f-d596-489f-8a17-e362b772df82@group-3CEA00BD3BAC-LeaderElection24 ELECTION round 0: result PASSED
2023-10-27 20:14:47,330 [5b9beb6f-d596-489f-8a17-e362b772df82@group-3CEA00BD3BAC-LeaderElection24] INFO  impl.RoleInfo (RoleInfo.java:shutdownLeaderElection(130)) - 5b9beb6f-d596-489f-8a17-e362b772df82: shutdown 5b9beb6f-d596-489f-8a17-e362b772df82@group-3CEA00BD3BAC-LeaderElection24
2023-10-27 20:14:47,330 [5b9beb6f-d596-489f-8a17-e362b772df82@group-3CEA00BD3BAC-LeaderElection24] INFO  server.RaftServer$Division (RaftServerImpl.java:setRole(329)) - 5b9beb6f-d596-489f-8a17-e362b772df82@group-3CEA00BD3BAC: changes role from CANDIDATE to LEADER at term 1 for changeToLeader
2023-10-27 20:14:47,330 [5b9beb6f-d596-489f-8a17-e362b772df82@group-3CEA00BD3BAC-LeaderElection24] INFO  ratis.XceiverServerRatis (XceiverServerRatis.java:handleLeaderChangedNotification(903)) - Leader change notification received for group: group-3CEA00BD3BAC with new leaderId: 5b9beb6f-d596-489f-8a17-e362b772df82
2023-10-27 20:14:47,330 [5b9beb6f-d596-489f-8a17-e362b772df82@group-3CEA00BD3BAC-LeaderElection24] INFO  server.RaftServer$Division (ServerState.java:setLeader(317)) - 5b9beb6f-d596-489f-8a17-e362b772df82@group-3CEA00BD3BAC: change Leader from null to 5b9beb6f-d596-489f-8a17-e362b772df82 at term 1 for becomeLeader, leader elected after 5115ms
2023-10-27 20:14:47,330 [5b9beb6f-d596-489f-8a17-e362b772df82@group-3CEA00BD3BAC-LeaderElection24] INFO  server.RaftServerConfigKeys (ConfUtils.java:logGet(46)) - raft.server.staging.catchup.gap = 1000 (default)
2023-10-27 20:14:47,331 [5b9beb6f-d596-489f-8a17-e362b772df82@group-3CEA00BD3BAC-LeaderElection24] INFO  server.RaftServerConfigKeys (ConfUtils.java:logGet(46)) - raft.server.write.element-limit = 1024 (custom)
2023-10-27 20:14:47,331 [5b9beb6f-d596-489f-8a17-e362b772df82@group-3CEA00BD3BAC-LeaderElection24] INFO  server.RaftServerConfigKeys (ConfUtils.java:logGet(46)) - raft.server.write.byte-limit = 1024 M (=1073741824) (custom)
2023-10-27 20:14:47,331 [5b9beb6f-d596-489f-8a17-e362b772df82@group-3CEA00BD3BAC-LeaderElection24] INFO  server.RaftServerConfigKeys (ConfUtils.java:logGet(46)) - raft.server.watch.timeout = 180s (custom)
2023-10-27 20:14:47,331 [5b9beb6f-d596-489f-8a17-e362b772df82@group-3CEA00BD3BAC-LeaderElection24] INFO  server.RaftServerConfigKeys (ConfUtils.java:logGet(46)) - raft.server.watch.timeout.denomination = 1s (default)
2023-10-27 20:14:47,331 [5b9beb6f-d596-489f-8a17-e362b772df82@group-3CEA00BD3BAC-LeaderElection24] INFO  server.RaftServerConfigKeys (ConfUtils.java:logGet(46)) - raft.server.watch.element-limit = 65536 (default)
2023-10-27 20:14:47,332 [5b9beb6f-d596-489f-8a17-e362b772df82@group-3CEA00BD3BAC-LeaderElection24] INFO  server.RaftServerConfigKeys (ConfUtils.java:logGet(46)) - raft.server.write.element-limit = 1024 (custom)
2023-10-27 20:14:47,332 [5b9beb6f-d596-489f-8a17-e362b772df82@group-3CEA00BD3BAC-LeaderElection24] INFO  server.RaftServerConfigKeys (ConfUtils.java:logGet(46)) - raft.server.write.follower.gap.ratio.max = -1.0 (default)
2023-10-27 20:14:47,332 [5b9beb6f-d596-489f-8a17-e362b772df82@group-3CEA00BD3BAC-LeaderElection24] INFO  server.RaftServerConfigKeys (ConfUtils.java:logGet(46)) - raft.server.log.appender.snapshot.chunk.size.max = 16MB (=16777216) (default)
2023-10-27 20:14:47,332 [5b9beb6f-d596-489f-8a17-e362b772df82@group-3CEA00BD3BAC-LeaderElection24] INFO  server.RaftServerConfigKeys (ConfUtils.java:logGet(46)) - raft.server.log.appender.buffer.byte-limit = 33554432 (custom)
2023-10-27 20:14:47,332 [5b9beb6f-d596-489f-8a17-e362b772df82@group-3CEA00BD3BAC-LeaderElection24] INFO  server.RaftServerConfigKeys (ConfUtils.java:logGet(46)) - raft.server.log.appender.buffer.element-limit = 1 (custom)
2023-10-27 20:14:47,333 [5b9beb6f-d596-489f-8a17-e362b772df82@group-3CEA00BD3BAC-LeaderElection24] INFO  server.RaftServerConfigKeys (ConfUtils.java:logGet(46)) - raft.server.log.appender.wait-time.min = 1ms (custom)
2023-10-27 20:14:47,335 [EventQueue-PipelineReportForPipelineReportHandler] INFO  pipeline.PipelineReportHandler (PipelineReportHandler.java:processPipelineReport(136)) - Opened pipeline PipelineID=e2f8a5c1-2390-4205-923d-3cea00bd3bac
2023-10-27 20:14:47,339 [5b9beb6f-d596-489f-8a17-e362b772df82@group-3CEA00BD3BAC-LeaderElection24] INFO  grpc.GrpcConfigKeys (ConfUtils.java:logGet(46)) - raft.grpc.server.leader.outstanding.appends.max = 128 (default)
2023-10-27 20:14:47,340 [5b9beb6f-d596-489f-8a17-e362b772df82@group-3CEA00BD3BAC-LeaderElection24] INFO  server.RaftServerConfigKeys (ConfUtils.java:logGet(46)) - raft.server.rpc.request.timeout = 60s (custom)
2023-10-27 20:14:47,340 [5b9beb6f-d596-489f-8a17-e362b772df82@group-3CEA00BD3BAC-LeaderElection24] INFO  grpc.GrpcConfigKeys (ConfUtils.java:logGet(46)) - raft.grpc.server.install_snapshot.request.element-limit = 8 (default)
2023-10-27 20:14:47,340 [5b9beb6f-d596-489f-8a17-e362b772df82@group-3CEA00BD3BAC-LeaderElection24] INFO  grpc.GrpcConfigKeys (ConfUtils.java:logGet(46)) - raft.grpc.server.install_snapshot.request.timeout = 3000ms (default)
2023-10-27 20:14:47,340 [5b9beb6f-d596-489f-8a17-e362b772df82@group-3CEA00BD3BAC-LeaderElection24] INFO  server.RaftServerConfigKeys (ConfUtils.java:logGet(46)) - raft.server.log.appender.install.snapshot.enabled = false (custom)
2023-10-27 20:14:47,341 [5b9beb6f-d596-489f-8a17-e362b772df82@group-3CEA00BD3BAC-LeaderElection24] INFO  grpc.GrpcConfigKeys (ConfUtils.java:logGet(46)) - raft.grpc.server.heartbeat.channel = true (default)
2023-10-27 20:14:47,342 [5b9beb6f-d596-489f-8a17-e362b772df82@group-3CEA00BD3BAC-LeaderElection24] INFO  server.RaftServerConfigKeys (ConfUtils.java:logGet(46)) - raft.server.log.appender.snapshot.chunk.size.max = 16MB (=16777216) (default)
2023-10-27 20:14:47,343 [5b9beb6f-d596-489f-8a17-e362b772df82@group-3CEA00BD3BAC-LeaderElection24] INFO  server.RaftServerConfigKeys (ConfUtils.java:logGet(46)) - raft.server.log.appender.buffer.byte-limit = 33554432 (custom)
2023-10-27 20:14:47,343 [5b9beb6f-d596-489f-8a17-e362b772df82@group-3CEA00BD3BAC-LeaderElection24] INFO  server.RaftServerConfigKeys (ConfUtils.java:logGet(46)) - raft.server.log.appender.buffer.element-limit = 1 (custom)
2023-10-27 20:14:47,343 [5b9beb6f-d596-489f-8a17-e362b772df82@group-3CEA00BD3BAC-LeaderElection24] INFO  server.RaftServerConfigKeys (ConfUtils.java:logGet(46)) - raft.server.log.appender.wait-time.min = 1ms (custom)
2023-10-27 20:14:47,344 [5b9beb6f-d596-489f-8a17-e362b772df82@group-3CEA00BD3BAC-LeaderElection24] INFO  grpc.GrpcConfigKeys (ConfUtils.java:logGet(46)) - raft.grpc.server.leader.outstanding.appends.max = 128 (default)
2023-10-27 20:14:47,344 [5b9beb6f-d596-489f-8a17-e362b772df82@group-3CEA00BD3BAC-LeaderElection24] INFO  server.RaftServerConfigKeys (ConfUtils.java:logGet(46)) - raft.server.rpc.request.timeout = 60s (custom)
2023-10-27 20:14:47,345 [5b9beb6f-d596-489f-8a17-e362b772df82@group-3CEA00BD3BAC-LeaderElection24] INFO  grpc.GrpcConfigKeys (ConfUtils.java:logGet(46)) - raft.grpc.server.install_snapshot.request.element-limit = 8 (default)
2023-10-27 20:14:47,345 [5b9beb6f-d596-489f-8a17-e362b772df82@group-3CEA00BD3BAC-LeaderElection24] INFO  grpc.GrpcConfigKeys (ConfUtils.java:logGet(46)) - raft.grpc.server.install_snapshot.request.timeout = 3000ms (default)
2023-10-27 20:14:47,345 [5b9beb6f-d596-489f-8a17-e362b772df82@group-3CEA00BD3BAC-LeaderElection24] INFO  server.RaftServerConfigKeys (ConfUtils.java:logGet(46)) - raft.server.log.appender.install.snapshot.enabled = false (custom)
2023-10-27 20:14:47,345 [5b9beb6f-d596-489f-8a17-e362b772df82@group-3CEA00BD3BAC-LeaderElection24] INFO  grpc.GrpcConfigKeys (ConfUtils.java:logGet(46)) - raft.grpc.server.heartbeat.channel = true (default)
2023-10-27 20:14:47,347 [5b9beb6f-d596-489f-8a17-e362b772df82@group-3CEA00BD3BAC-LeaderElection24] INFO  impl.RoleInfo (RoleInfo.java:updateAndGet(139)) - 5b9beb6f-d596-489f-8a17-e362b772df82: start 5b9beb6f-d596-489f-8a17-e362b772df82@group-3CEA00BD3BAC-LeaderStateImpl
2023-10-27 20:14:47,347 [5b9beb6f-d596-489f-8a17-e362b772df82@group-3CEA00BD3BAC-LeaderElection24] INFO  segmented.SegmentedRaftLogWorker (SegmentedRaftLogWorker.java:startLogSegment(447)) - 5b9beb6f-d596-489f-8a17-e362b772df82@group-3CEA00BD3BAC-SegmentedRaftLogWorker: Starting segment from index:0
2023-10-27 20:14:47,352 [5b9beb6f-d596-489f-8a17-e362b772df82@group-3CEA00BD3BAC-SegmentedRaftLogWorker] INFO  segmented.SegmentedRaftLogWorker (SegmentedRaftLogWorker.java:execute(651)) - 5b9beb6f-d596-489f-8a17-e362b772df82@group-3CEA00BD3BAC-SegmentedRaftLogWorker: created new log segment /home/runner/work/ozone/ozone/hadoop-ozone/integration-test/target/test-dir/MiniOzoneClusterImpl-60426a9d-3de2-4373-b08b-24a22c9da129/datanode-9/data/ratis/e2f8a5c1-2390-4205-923d-3cea00bd3bac/current/log_inprogress_0
2023-10-27 20:14:47,358 [5b9beb6f-d596-489f-8a17-e362b772df82@group-3CEA00BD3BAC-LeaderElection24] INFO  server.RaftServer$Division (ServerState.java:setRaftConf(434)) - 5b9beb6f-d596-489f-8a17-e362b772df82@group-3CEA00BD3BAC: set configuration 0: peers:[f612f2cf-90dc-41dc-bf39-cf028d38c484|rpc:10.1.0.32:15077|admin:10.1.0.32:15076|client:10.1.0.32:15075|dataStream:10.1.0.32:15078|priority:0|startupRole:FOLLOWER, 55507c8a-594d-4e25-909f-8d2832294c55|rpc:10.1.0.32:15086|admin:10.1.0.32:15085|client:10.1.0.32:15084|dataStream:10.1.0.32:15087|priority:0|startupRole:FOLLOWER, 5b9beb6f-d596-489f-8a17-e362b772df82|rpc:10.1.0.32:15095|admin:10.1.0.32:15094|client:10.1.0.32:15093|dataStream:10.1.0.32:15096|priority:1|startupRole:FOLLOWER]|listeners:[], old=null
2023-10-27 20:14:47,368 [55507c8a-594d-4e25-909f-8d2832294c55-server-thread1] INFO  ratis.XceiverServerRatis (XceiverServerRatis.java:handleLeaderChangedNotification(903)) - Leader change notification received for group: group-3CEA00BD3BAC with new leaderId: 5b9beb6f-d596-489f-8a17-e362b772df82
2023-10-27 20:14:47,368 [55507c8a-594d-4e25-909f-8d2832294c55-server-thread1] INFO  server.RaftServer$Division (ServerState.java:setLeader(317)) - 55507c8a-594d-4e25-909f-8d2832294c55@group-3CEA00BD3BAC: change Leader from null to 5b9beb6f-d596-489f-8a17-e362b772df82 at term 1 for appendEntries, leader elected after 5093ms
2023-10-27 20:14:47,371 [f612f2cf-90dc-41dc-bf39-cf028d38c484-server-thread1] INFO  ratis.XceiverServerRatis (XceiverServerRatis.java:handleLeaderChangedNotification(903)) - Leader change notification received for group: group-3CEA00BD3BAC with new leaderId: 5b9beb6f-d596-489f-8a17-e362b772df82
2023-10-27 20:14:47,371 [f612f2cf-90dc-41dc-bf39-cf028d38c484-server-thread1] INFO  server.RaftServer$Division (ServerState.java:setLeader(317)) - f612f2cf-90dc-41dc-bf39-cf028d38c484@group-3CEA00BD3BAC: change Leader from null to 5b9beb6f-d596-489f-8a17-e362b772df82 at term 1 for appendEntries, leader elected after 5092ms
2023-10-27 20:14:47,382 [f612f2cf-90dc-41dc-bf39-cf028d38c484-server-thread2] INFO  server.RaftServer$Division (ServerState.java:setRaftConf(434)) - f612f2cf-90dc-41dc-bf39-cf028d38c484@group-3CEA00BD3BAC: set configuration 0: peers:[f612f2cf-90dc-41dc-bf39-cf028d38c484|rpc:10.1.0.32:15077|admin:10.1.0.32:15076|client:10.1.0.32:15075|dataStream:10.1.0.32:15078|priority:0|startupRole:FOLLOWER, 55507c8a-594d-4e25-909f-8d2832294c55|rpc:10.1.0.32:15086|admin:10.1.0.32:15085|client:10.1.0.32:15084|dataStream:10.1.0.32:15087|priority:0|startupRole:FOLLOWER, 5b9beb6f-d596-489f-8a17-e362b772df82|rpc:10.1.0.32:15095|admin:10.1.0.32:15094|client:10.1.0.32:15093|dataStream:10.1.0.32:15096|priority:1|startupRole:FOLLOWER]|listeners:[], old=null
2023-10-27 20:14:47,383 [f612f2cf-90dc-41dc-bf39-cf028d38c484-server-thread2] INFO  segmented.SegmentedRaftLogWorker (SegmentedRaftLogWorker.java:startLogSegment(447)) - f612f2cf-90dc-41dc-bf39-cf028d38c484@group-3CEA00BD3BAC-SegmentedRaftLogWorker: Starting segment from index:0
2023-10-27 20:14:47,386 [f612f2cf-90dc-41dc-bf39-cf028d38c484@group-3CEA00BD3BAC-SegmentedRaftLogWorker] INFO  segmented.SegmentedRaftLogWorker (SegmentedRaftLogWorker.java:execute(651)) - f612f2cf-90dc-41dc-bf39-cf028d38c484@group-3CEA00BD3BAC-SegmentedRaftLogWorker: created new log segment /home/runner/work/ozone/ozone/hadoop-ozone/integration-test/target/test-dir/MiniOzoneClusterImpl-60426a9d-3de2-4373-b08b-24a22c9da129/datanode-7/data/ratis/e2f8a5c1-2390-4205-923d-3cea00bd3bac/current/log_inprogress_0
2023-10-27 20:14:47,386 [55507c8a-594d-4e25-909f-8d2832294c55-server-thread2] INFO  server.RaftServer$Division (ServerState.java:setRaftConf(434)) - 55507c8a-594d-4e25-909f-8d2832294c55@group-3CEA00BD3BAC: set configuration 0: peers:[f612f2cf-90dc-41dc-bf39-cf028d38c484|rpc:10.1.0.32:15077|admin:10.1.0.32:15076|client:10.1.0.32:15075|dataStream:10.1.0.32:15078|priority:0|startupRole:FOLLOWER, 55507c8a-594d-4e25-909f-8d2832294c55|rpc:10.1.0.32:15086|admin:10.1.0.32:15085|client:10.1.0.32:15084|dataStream:10.1.0.32:15087|priority:0|startupRole:FOLLOWER, 5b9beb6f-d596-489f-8a17-e362b772df82|rpc:10.1.0.32:15095|admin:10.1.0.32:15094|client:10.1.0.32:15093|dataStream:10.1.0.32:15096|priority:1|startupRole:FOLLOWER]|listeners:[], old=null
2023-10-27 20:14:47,387 [55507c8a-594d-4e25-909f-8d2832294c55-server-thread2] INFO  segmented.SegmentedRaftLogWorker (SegmentedRaftLogWorker.java:startLogSegment(447)) - 55507c8a-594d-4e25-909f-8d2832294c55@group-3CEA00BD3BAC-SegmentedRaftLogWorker: Starting segment from index:0
2023-10-27 20:14:47,389 [55507c8a-594d-4e25-909f-8d2832294c55@group-3CEA00BD3BAC-SegmentedRaftLogWorker] INFO  segmented.SegmentedRaftLogWorker (SegmentedRaftLogWorker.java:execute(651)) - 55507c8a-594d-4e25-909f-8d2832294c55@group-3CEA00BD3BAC-SegmentedRaftLogWorker: created new log segment /home/runner/work/ozone/ozone/hadoop-ozone/integration-test/target/test-dir/MiniOzoneClusterImpl-60426a9d-3de2-4373-b08b-24a22c9da129/datanode-8/data/ratis/e2f8a5c1-2390-4205-923d-3cea00bd3bac/current/log_inprogress_0
2023-10-27 20:14:47,618 [55507c8a-594d-4e25-909f-8d2832294c55@group-456B59E875E4-FollowerState] INFO  impl.FollowerState (FollowerState.java:run(143)) - 55507c8a-594d-4e25-909f-8d2832294c55@group-456B59E875E4-FollowerState: change to CANDIDATE, lastRpcElapsedTime:5072848138ns, electionTimeout:5071ms
2023-10-27 20:14:47,619 [55507c8a-594d-4e25-909f-8d2832294c55@group-456B59E875E4-FollowerState] INFO  impl.RoleInfo (RoleInfo.java:shutdownFollowerState(110)) - 55507c8a-594d-4e25-909f-8d2832294c55: shutdown 55507c8a-594d-4e25-909f-8d2832294c55@group-456B59E875E4-FollowerState
2023-10-27 20:14:47,619 [55507c8a-594d-4e25-909f-8d2832294c55@group-456B59E875E4-FollowerState] INFO  server.RaftServer$Division (RaftServerImpl.java:setRole(329)) - 55507c8a-594d-4e25-909f-8d2832294c55@group-456B59E875E4: changes role from  FOLLOWER to CANDIDATE at term 0 for changeToCandidate
2023-10-27 20:14:47,619 [55507c8a-594d-4e25-909f-8d2832294c55@group-456B59E875E4-FollowerState] INFO  server.RaftServerConfigKeys (ConfUtils.java:logGet(46)) - raft.server.leaderelection.pre-vote = true (default)
2023-10-27 20:14:47,619 [55507c8a-594d-4e25-909f-8d2832294c55@group-456B59E875E4-FollowerState] INFO  impl.RoleInfo (RoleInfo.java:updateAndGet(139)) - 55507c8a-594d-4e25-909f-8d2832294c55: start 55507c8a-594d-4e25-909f-8d2832294c55@group-456B59E875E4-LeaderElection25
2023-10-27 20:14:47,626 [55507c8a-594d-4e25-909f-8d2832294c55@group-456B59E875E4-LeaderElection25] INFO  impl.LeaderElection (LeaderElection.java:askForVotes(321)) - 55507c8a-594d-4e25-909f-8d2832294c55@group-456B59E875E4-LeaderElection25 PRE_VOTE round 0: submit vote requests at term 0 for -1: peers:[55507c8a-594d-4e25-909f-8d2832294c55|rpc:10.1.0.32:15086|admin:10.1.0.32:15085|client:10.1.0.32:15084|dataStream:10.1.0.32:15087|priority:1|startupRole:FOLLOWER]|listeners:[], old=null
2023-10-27 20:14:47,626 [55507c8a-594d-4e25-909f-8d2832294c55@group-456B59E875E4-LeaderElection25] INFO  impl.LeaderElection (LeaderElection.java:askForVotes(323)) - 55507c8a-594d-4e25-909f-8d2832294c55@group-456B59E875E4-LeaderElection25 PRE_VOTE round 0: result PASSED (term=0)
2023-10-27 20:14:47,630 [55507c8a-594d-4e25-909f-8d2832294c55@group-456B59E875E4-LeaderElection25] INFO  impl.LeaderElection (LeaderElection.java:askForVotes(321)) - 55507c8a-594d-4e25-909f-8d2832294c55@group-456B59E875E4-LeaderElection25 ELECTION round 0: submit vote requests at term 1 for -1: peers:[55507c8a-594d-4e25-909f-8d2832294c55|rpc:10.1.0.32:15086|admin:10.1.0.32:15085|client:10.1.0.32:15084|dataStream:10.1.0.32:15087|priority:1|startupRole:FOLLOWER]|listeners:[], old=null
2023-10-27 20:14:47,630 [55507c8a-594d-4e25-909f-8d2832294c55@group-456B59E875E4-LeaderElection25] INFO  impl.LeaderElection (LeaderElection.java:askForVotes(323)) - 55507c8a-594d-4e25-909f-8d2832294c55@group-456B59E875E4-LeaderElection25 ELECTION round 0: result PASSED (term=1)
2023-10-27 20:14:47,630 [55507c8a-594d-4e25-909f-8d2832294c55@group-456B59E875E4-LeaderElection25] INFO  impl.RoleInfo (RoleInfo.java:shutdownLeaderElection(130)) - 55507c8a-594d-4e25-909f-8d2832294c55: shutdown 55507c8a-594d-4e25-909f-8d2832294c55@group-456B59E875E4-LeaderElection25
2023-10-27 20:14:47,630 [55507c8a-594d-4e25-909f-8d2832294c55@group-456B59E875E4-LeaderElection25] INFO  server.RaftServer$Division (RaftServerImpl.java:setRole(329)) - 55507c8a-594d-4e25-909f-8d2832294c55@group-456B59E875E4: changes role from CANDIDATE to LEADER at term 1 for changeToLeader
2023-10-27 20:14:47,630 [55507c8a-594d-4e25-909f-8d2832294c55@group-456B59E875E4-LeaderElection25] INFO  ratis.XceiverServerRatis (XceiverServerRatis.java:handleLeaderChangedNotification(903)) - Leader change notification received for group: group-456B59E875E4 with new leaderId: 55507c8a-594d-4e25-909f-8d2832294c55
2023-10-27 20:14:47,631 [55507c8a-594d-4e25-909f-8d2832294c55@group-456B59E875E4-LeaderElection25] INFO  server.RaftServer$Division (ServerState.java:setLeader(317)) - 55507c8a-594d-4e25-909f-8d2832294c55@group-456B59E875E4: change Leader from null to 55507c8a-594d-4e25-909f-8d2832294c55 at term 1 for becomeLeader, leader elected after 5110ms
2023-10-27 20:14:47,631 [55507c8a-594d-4e25-909f-8d2832294c55@group-456B59E875E4-LeaderElection25] INFO  server.RaftServerConfigKeys (ConfUtils.java:logGet(46)) - raft.server.staging.catchup.gap = 1000 (default)
2023-10-27 20:14:47,633 [55507c8a-594d-4e25-909f-8d2832294c55@group-456B59E875E4-LeaderElection25] INFO  server.RaftServerConfigKeys (ConfUtils.java:logGet(46)) - raft.server.write.element-limit = 1024 (custom)
2023-10-27 20:14:47,633 [55507c8a-594d-4e25-909f-8d2832294c55@group-456B59E875E4-LeaderElection25] INFO  server.RaftServerConfigKeys (ConfUtils.java:logGet(46)) - raft.server.write.byte-limit = 1024 M (=1073741824) (custom)
2023-10-27 20:14:47,634 [55507c8a-594d-4e25-909f-8d2832294c55@group-456B59E875E4-LeaderElection25] INFO  server.RaftServerConfigKeys (ConfUtils.java:logGet(46)) - raft.server.watch.timeout = 180s (custom)
2023-10-27 20:14:47,635 [55507c8a-594d-4e25-909f-8d2832294c55@group-456B59E875E4-LeaderElection25] INFO  server.RaftServerConfigKeys (ConfUtils.java:logGet(46)) - raft.server.watch.timeout.denomination = 1s (default)
2023-10-27 20:14:47,642 [55507c8a-594d-4e25-909f-8d2832294c55@group-456B59E875E4-LeaderElection25] INFO  server.RaftServerConfigKeys (ConfUtils.java:logGet(46)) - raft.server.watch.element-limit = 65536 (default)
2023-10-27 20:14:47,643 [55507c8a-594d-4e25-909f-8d2832294c55@group-456B59E875E4-LeaderElection25] INFO  server.RaftServerConfigKeys (ConfUtils.java:logGet(46)) - raft.server.write.element-limit = 1024 (custom)
2023-10-27 20:14:47,643 [55507c8a-594d-4e25-909f-8d2832294c55@group-456B59E875E4-LeaderElection25] INFO  server.RaftServerConfigKeys (ConfUtils.java:logGet(46)) - raft.server.write.follower.gap.ratio.max = -1.0 (default)
2023-10-27 20:14:47,643 [55507c8a-594d-4e25-909f-8d2832294c55@group-456B59E875E4-LeaderElection25] INFO  impl.RoleInfo (RoleInfo.java:updateAndGet(139)) - 55507c8a-594d-4e25-909f-8d2832294c55: start 55507c8a-594d-4e25-909f-8d2832294c55@group-456B59E875E4-LeaderStateImpl
2023-10-27 20:14:47,643 [55507c8a-594d-4e25-909f-8d2832294c55@group-456B59E875E4-LeaderElection25] INFO  segmented.SegmentedRaftLogWorker (SegmentedRaftLogWorker.java:startLogSegment(447)) - 55507c8a-594d-4e25-909f-8d2832294c55@group-456B59E875E4-SegmentedRaftLogWorker: Starting segment from index:0
2023-10-27 20:14:47,654 [55507c8a-594d-4e25-909f-8d2832294c55@group-456B59E875E4-SegmentedRaftLogWorker] INFO  segmented.SegmentedRaftLogWorker (SegmentedRaftLogWorker.java:execute(651)) - 55507c8a-594d-4e25-909f-8d2832294c55@group-456B59E875E4-SegmentedRaftLogWorker: created new log segment /home/runner/work/ozone/ozone/hadoop-ozone/integration-test/target/test-dir/MiniOzoneClusterImpl-60426a9d-3de2-4373-b08b-24a22c9da129/datanode-8/data/ratis/3a0beda8-6a44-4da0-b87a-456b59e875e4/current/log_inprogress_0
2023-10-27 20:14:47,654 [55507c8a-594d-4e25-909f-8d2832294c55@group-456B59E875E4-LeaderElection25] INFO  server.RaftServer$Division (ServerState.java:setRaftConf(434)) - 55507c8a-594d-4e25-909f-8d2832294c55@group-456B59E875E4: set configuration 0: peers:[55507c8a-594d-4e25-909f-8d2832294c55|rpc:10.1.0.32:15086|admin:10.1.0.32:15085|client:10.1.0.32:15084|dataStream:10.1.0.32:15087|priority:1|startupRole:FOLLOWER]|listeners:[], old=null
2023-10-27 20:14:50,393 [OverReplicatedProcessor] INFO  replication.ReplicationManager (ReplicationManager.java:sendDatanodeCommand(674)) - Sending command [deleteContainerCommand: containerID: 1, replicaIndex: 1, force: true] for container ContainerInfo{id=#1, state=CLOSED, stateEnterTime=2023-10-27T20:14:19.975Z, pipelineID=PipelineID=08044757-d872-40bb-bc32-209684792ee2, owner=omServiceIdDefault} to 55507c8a-594d-4e25-909f-8d2832294c55(fv-az342-943/10.1.0.32) with datanode deadline 1698438260393 and scm deadline 1698438290393
2023-10-27 20:14:50,394 [ReplicationMonitor] INFO  replication.ReplicationManager (ReplicationManager.java:processAll(394)) - Replication Monitor Thread took 5 milliseconds for processing 1 containers.
2023-10-27 20:14:50,394 [OverReplicatedProcessor] INFO  replication.UnhealthyReplicationProcessor (UnhealthyReplicationProcessor.java:processAll(138)) - Processed 1 containers with health state counts {OVER_REPLICATED=1}, failed processing 0, deferred due to load 0
2023-10-27 20:14:51,637 [55507c8a-594d-4e25-909f-8d2832294c55-DeleteContainerThread-0] INFO  keyvalue.KeyValueContainer (KeyValueContainer.java:markContainerForDelete(424)) - Moving container /home/runner/work/ozone/ozone/hadoop-ozone/integration-test/target/test-dir/MiniOzoneClusterImpl-60426a9d-3de2-4373-b08b-24a22c9da129/datanode-8/data-0/containers/hdds/60426a9d-3de2-4373-b08b-24a22c9da129/current/containerDir0/1 to state DELETED from state:CLOSED
]]></system-out>
  </testcase>
  <testcase name="testECContainerRecoveryWithTimedOutRecovery" classname="org.apache.hadoop.ozone.container.TestECContainerRecovery" time="107.577">
    <error type="java.util.concurrent.TimeoutException"><![CDATA[java.util.concurrent.TimeoutException: 
Timed out waiting for condition. Thread diagnostics:
Timestamp: 2023-10-27 08:16:39,177

"IPC Server handler 14 on default port 15004" daemon prio=5 tid=179 timed_waiting
java.lang.Thread.State: TIMED_WAITING
        at sun.misc.Unsafe.park(Native Method)
        at java.util.concurrent.locks.LockSupport.parkNanos(LockSupport.java:215)
        at java.util.concurrent.locks.AbstractQueuedSynchronizer$ConditionObject.awaitNanos(AbstractQueuedSynchronizer.java:2078)
        at java.util.concurrent.LinkedBlockingQueue.poll(LinkedBlockingQueue.java:467)
        at org.apache.hadoop.ipc.CallQueueManager.take(CallQueueManager.java:317)
        at org.apache.hadoop.ipc.Server$Handler.run(Server.java:3014)
"StaleRecoveringContainerScrubbingService#1" daemon prio=5 tid=523 in Object.wait()
java.lang.Thread.State: WAITING (on object monitor)
        at sun.misc.Unsafe.park(Native Method)
        at java.util.concurrent.locks.LockSupport.park(LockSupport.java:175)
        at java.util.concurrent.locks.AbstractQueuedSynchronizer$ConditionObject.await(AbstractQueuedSynchronizer.java:2039)
        at java.util.concurrent.ScheduledThreadPoolExecutor$DelayedWorkQueue.take(ScheduledThreadPoolExecutor.java:1088)
        at java.util.concurrent.ScheduledThreadPoolExecutor$DelayedWorkQueue.take(ScheduledThreadPoolExecutor.java:809)
        at java.util.concurrent.ThreadPoolExecutor.getTask(ThreadPoolExecutor.java:1074)
        at java.util.concurrent.ThreadPoolExecutor.runWorker(ThreadPoolExecutor.java:1134)
        at java.util.concurrent.ThreadPoolExecutor$Worker.run(ThreadPoolExecutor.java:624)
        at java.lang.Thread.run(Thread.java:750)
"1407d0d1-39ba-4bc0-b697-1e16e43cd838-ChunkReader-0" daemon prio=5 tid=1350 in Object.wait()
java.lang.Thread.State: WAITING (on object monitor)
        at sun.misc.Unsafe.park(Native Method)
        at java.util.concurrent.locks.LockSupport.park(LockSupport.java:175)
        at java.util.concurrent.locks.AbstractQueuedSynchronizer$ConditionObject.await(AbstractQueuedSynchronizer.java:2039)
        at java.util.concurrent.LinkedBlockingQueue.take(LinkedBlockingQueue.java:442)
        at java.util.concurrent.ThreadPoolExecutor.getTask(ThreadPoolExecutor.java:1074)
        at java.util.concurrent.ThreadPoolExecutor.runWorker(ThreadPoolExecutor.java:1134)
        at java.util.concurrent.ThreadPoolExecutor$Worker.run(ThreadPoolExecutor.java:624)
        at java.lang.Thread.run(Thread.java:750)
"94422c73-384a-4d9a-a15d-46d9f5b840aa-PeriodicHDDSVolumeChecker" daemon prio=5 tid=438 timed_waiting
java.lang.Thread.State: TIMED_WAITING
        at sun.misc.Unsafe.park(Native Method)
        at java.util.concurrent.locks.LockSupport.parkNanos(LockSupport.java:215)
        at java.util.concurrent.locks.AbstractQueuedSynchronizer$ConditionObject.awaitNanos(AbstractQueuedSynchronizer.java:2078)
        at java.util.concurrent.ScheduledThreadPoolExecutor$DelayedWorkQueue.take(ScheduledThreadPoolExecutor.java:1093)
        at java.util.concurrent.ScheduledThreadPoolExecutor$DelayedWorkQueue.take(ScheduledThreadPoolExecutor.java:809)
        at java.util.concurrent.ThreadPoolExecutor.getTask(ThreadPoolExecutor.java:1074)
        at java.util.concurrent.ThreadPoolExecutor.runWorker(ThreadPoolExecutor.java:1134)
        at java.util.concurrent.ThreadPoolExecutor$Worker.run(ThreadPoolExecutor.java:624)
        at java.lang.Thread.run(Thread.java:750)
"qtp433327046-199" daemon prio=5 tid=199 timed_waiting
java.lang.Thread.State: TIMED_WAITING
        at sun.misc.Unsafe.park(Native Method)
        at java.util.concurrent.locks.LockSupport.parkNanos(LockSupport.java:215)
        at java.util.concurrent.locks.AbstractQueuedSynchronizer$ConditionObject.awaitNanos(AbstractQueuedSynchronizer.java:2078)
        at org.eclipse.jetty.util.BlockingArrayQueue.poll(BlockingArrayQueue.java:382)
        at org.eclipse.jetty.util.thread.QueuedThreadPool$Runner.idleJobPoll(QueuedThreadPool.java:974)
        at org.eclipse.jetty.util.thread.QueuedThreadPool$Runner.run(QueuedThreadPool.java:1018)
        at java.lang.Thread.run(Thread.java:750)
"1407d0d1-39ba-4bc0-b697-1e16e43cd838-DatanodeStateMachineTaskThread-0"  prio=5 tid=331 in Object.wait()
java.lang.Thread.State: WAITING (on object monitor)
        at sun.misc.Unsafe.park(Native Method)
        at java.util.concurrent.locks.LockSupport.park(LockSupport.java:175)
        at java.util.concurrent.locks.AbstractQueuedSynchronizer$ConditionObject.await(AbstractQueuedSynchronizer.java:2039)
        at java.util.concurrent.LinkedBlockingQueue.take(LinkedBlockingQueue.java:442)
        at java.util.concurrent.ThreadPoolExecutor.getTask(ThreadPoolExecutor.java:1074)
        at java.util.concurrent.ThreadPoolExecutor.runWorker(ThreadPoolExecutor.java:1134)
        at java.util.concurrent.ThreadPoolExecutor$Worker.run(ThreadPoolExecutor.java:624)
        at java.lang.Thread.run(Thread.java:750)
"66ee3698-ded8-430f-8ecd-27f356af6e45-groupManagement"  prio=5 tid=662 in Object.wait()
java.lang.Thread.State: WAITING (on object monitor)
        at sun.misc.Unsafe.park(Native Method)
        at java.util.concurrent.locks.LockSupport.park(LockSupport.java:175)
        at java.util.concurrent.locks.AbstractQueuedSynchronizer$ConditionObject.await(AbstractQueuedSynchronizer.java:2039)
        at java.util.concurrent.LinkedBlockingQueue.take(LinkedBlockingQueue.java:442)
        at java.util.concurrent.ThreadPoolExecutor.getTask(ThreadPoolExecutor.java:1074)
        at java.util.concurrent.ThreadPoolExecutor.runWorker(ThreadPoolExecutor.java:1134)
        at java.util.concurrent.ThreadPoolExecutor$Worker.run(ThreadPoolExecutor.java:624)
        at java.lang.Thread.run(Thread.java:750)
"qtp1603462635-117" daemon prio=5 tid=117 timed_waiting
java.lang.Thread.State: TIMED_WAITING
        at sun.misc.Unsafe.park(Native Method)
        at java.util.concurrent.locks.LockSupport.parkNanos(LockSupport.java:215)
        at java.util.concurrent.locks.AbstractQueuedSynchronizer$ConditionObject.awaitNanos(AbstractQueuedSynchronizer.java:2078)
        at org.eclipse.jetty.util.BlockingArrayQueue.poll(BlockingArrayQueue.java:382)
        at org.eclipse.jetty.util.thread.QueuedThreadPool$Runner.idleJobPoll(QueuedThreadPool.java:974)
        at org.eclipse.jetty.util.thread.QueuedThreadPool$Runner.run(QueuedThreadPool.java:1018)
        at java.lang.Thread.run(Thread.java:750)
"JvmPauseMonitor12" daemon prio=5 tid=1205 timed_waiting
java.lang.Thread.State: TIMED_WAITING
        at java.lang.Thread.sleep(Native Method)
        at java.lang.Thread.sleep(Thread.java:342)
        at java.util.concurrent.TimeUnit.sleep(TimeUnit.java:386)
        at org.apache.ratis.util.TimeDuration.sleep(TimeDuration.java:325)
        at org.apache.ratis.util.TimeDuration.sleep(TimeDuration.java:310)
        at org.apache.ratis.util.JvmPauseMonitor.detectPause(JvmPauseMonitor.java:117)
        at org.apache.ratis.util.JvmPauseMonitor.run(JvmPauseMonitor.java:106)
        at org.apache.ratis.util.JvmPauseMonitor$$Lambda$484/814583272.run(Unknown Source)
        at java.lang.Thread.run(Thread.java:750)
"23554148-3e4d-431f-a73e-f2401dbff1d4-EndpointStateMachineTaskThread-/0.0.0.0:15002-0 "  prio=5 tid=556 in Object.wait()
java.lang.Thread.State: WAITING (on object monitor)
        at sun.misc.Unsafe.park(Native Method)
        at java.util.concurrent.locks.LockSupport.park(LockSupport.java:175)
        at java.util.concurrent.locks.AbstractQueuedSynchronizer$ConditionObject.await(AbstractQueuedSynchronizer.java:2039)
        at java.util.concurrent.LinkedBlockingQueue.take(LinkedBlockingQueue.java:442)
        at java.util.concurrent.ThreadPoolExecutor.getTask(ThreadPoolExecutor.java:1074)
        at java.util.concurrent.ThreadPoolExecutor.runWorker(ThreadPoolExecutor.java:1134)
        at java.util.concurrent.ThreadPoolExecutor$Worker.run(ThreadPoolExecutor.java:624)
        at java.lang.Thread.run(Thread.java:750)
"5b9beb6f-d596-489f-8a17-e362b772df82-ChunkReader-7" daemon prio=5 tid=1147 in Object.wait()
java.lang.Thread.State: WAITING (on object monitor)
        at sun.misc.Unsafe.park(Native Method)
        at java.util.concurrent.locks.LockSupport.park(LockSupport.java:175)
        at java.util.concurrent.locks.AbstractQueuedSynchronizer$ConditionObject.await(AbstractQueuedSynchronizer.java:2039)
        at java.util.concurrent.LinkedBlockingQueue.take(LinkedBlockingQueue.java:442)
        at java.util.concurrent.ThreadPoolExecutor.getTask(ThreadPoolExecutor.java:1074)
        at java.util.concurrent.ThreadPoolExecutor.runWorker(ThreadPoolExecutor.java:1134)
        at java.util.concurrent.ThreadPoolExecutor$Worker.run(ThreadPoolExecutor.java:624)
        at java.lang.Thread.run(Thread.java:750)
"qtp2046986915-342" daemon prio=5 tid=342 timed_waiting
java.lang.Thread.State: TIMED_WAITING
        at sun.misc.Unsafe.park(Native Method)
        at java.util.concurrent.locks.LockSupport.parkNanos(LockSupport.java:215)
        at java.util.concurrent.locks.AbstractQueuedSynchronizer$ConditionObject.awaitNanos(AbstractQueuedSynchronizer.java:2078)
        at org.eclipse.jetty.util.BlockingArrayQueue.poll(BlockingArrayQueue.java:382)
        at org.eclipse.jetty.util.thread.QueuedThreadPool$Runner.idleJobPoll(QueuedThreadPool.java:974)
        at org.eclipse.jetty.util.thread.QueuedThreadPool$Runner.run(QueuedThreadPool.java:1018)
        at java.lang.Thread.run(Thread.java:750)
"IPC Server listener on 15019" daemon prio=5 tid=231 runnable
java.lang.Thread.State: RUNNABLE
        at sun.nio.ch.EPollArrayWrapper.epollWait(Native Method)
        at sun.nio.ch.EPollArrayWrapper.poll(EPollArrayWrapper.java:269)
        at sun.nio.ch.EPollSelectorImpl.doSelect(EPollSelectorImpl.java:93)
        at sun.nio.ch.SelectorImpl.lockAndDoSelect(SelectorImpl.java:86)
        at sun.nio.ch.SelectorImpl.select(SelectorImpl.java:97)
        at sun.nio.ch.SelectorImpl.select(SelectorImpl.java:101)
        at org.apache.hadoop.ipc.Server$Listener.run(Server.java:1408)
"IPC Server handler 2 on default port 15000" daemon prio=5 tid=53 timed_waiting
java.lang.Thread.State: TIMED_WAITING
        at sun.misc.Unsafe.park(Native Method)
        at java.util.concurrent.locks.LockSupport.parkNanos(LockSupport.java:215)
        at java.util.concurrent.locks.AbstractQueuedSynchronizer$ConditionObject.awaitNanos(AbstractQueuedSynchronizer.java:2078)
        at java.util.concurrent.LinkedBlockingQueue.poll(LinkedBlockingQueue.java:467)
        at org.apache.hadoop.ipc.CallQueueManager.take(CallQueueManager.java:317)
        at org.apache.hadoop.ipc.Server$Handler.run(Server.java:3014)
"66ee3698-ded8-430f-8ecd-27f356af6e45-DatanodeStateMachineTaskThread-1"  prio=5 tid=495 in Object.wait()
java.lang.Thread.State: WAITING (on object monitor)
        at sun.misc.Unsafe.park(Native Method)
        at java.util.concurrent.locks.LockSupport.park(LockSupport.java:175)
        at java.util.concurrent.locks.AbstractQueuedSynchronizer$ConditionObject.await(AbstractQueuedSynchronizer.java:2039)
        at java.util.concurrent.LinkedBlockingQueue.take(LinkedBlockingQueue.java:442)
        at java.util.concurrent.ThreadPoolExecutor.getTask(ThreadPoolExecutor.java:1074)
        at java.util.concurrent.ThreadPoolExecutor.runWorker(ThreadPoolExecutor.java:1134)
        at java.util.concurrent.ThreadPoolExecutor$Worker.run(ThreadPoolExecutor.java:624)
        at java.lang.Thread.run(Thread.java:750)
"66ee3698-ded8-430f-8ecd-27f356af6e45-server-thread2" daemon prio=5 tid=992 timed_waiting
java.lang.Thread.State: TIMED_WAITING
        at sun.misc.Unsafe.park(Native Method)
        at java.util.concurrent.locks.LockSupport.parkNanos(LockSupport.java:215)
        at java.util.concurrent.SynchronousQueue$TransferStack.awaitFulfill(SynchronousQueue.java:460)
        at java.util.concurrent.SynchronousQueue$TransferStack.transfer(SynchronousQueue.java:362)
        at java.util.concurrent.SynchronousQueue.poll(SynchronousQueue.java:941)
        at java.util.concurrent.ThreadPoolExecutor.getTask(ThreadPoolExecutor.java:1073)
        at java.util.concurrent.ThreadPoolExecutor.runWorker(ThreadPoolExecutor.java:1134)
        at java.util.concurrent.ThreadPoolExecutor$Worker.run(ThreadPoolExecutor.java:624)
        at java.lang.Thread.run(Thread.java:750)
"qtp433327046-197" daemon prio=5 tid=197 timed_waiting
java.lang.Thread.State: TIMED_WAITING
        at sun.misc.Unsafe.park(Native Method)
        at java.util.concurrent.locks.LockSupport.parkNanos(LockSupport.java:215)
        at java.util.concurrent.locks.AbstractQueuedSynchronizer$ConditionObject.awaitNanos(AbstractQueuedSynchronizer.java:2078)
        at org.eclipse.jetty.util.BlockingArrayQueue.poll(BlockingArrayQueue.java:382)
        at org.eclipse.jetty.util.thread.QueuedThreadPool$Runner.idleJobPoll(QueuedThreadPool.java:974)
        at org.eclipse.jetty.util.thread.QueuedThreadPool$Runner.run(QueuedThreadPool.java:1018)
        at java.lang.Thread.run(Thread.java:750)
"qtp433327046-195" daemon prio=5 tid=195 timed_waiting
java.lang.Thread.State: TIMED_WAITING
        at sun.misc.Unsafe.park(Native Method)
        at java.util.concurrent.locks.LockSupport.parkNanos(LockSupport.java:215)
        at java.util.concurrent.locks.AbstractQueuedSynchronizer$ConditionObject.awaitNanos(AbstractQueuedSynchronizer.java:2078)
        at org.eclipse.jetty.util.BlockingArrayQueue.poll(BlockingArrayQueue.java:382)
        at org.eclipse.jetty.util.thread.QueuedThreadPool$Runner.idleJobPoll(QueuedThreadPool.java:974)
        at org.eclipse.jetty.util.thread.QueuedThreadPool$Runner.run(QueuedThreadPool.java:1018)
        at java.lang.Thread.run(Thread.java:750)
"IPC Server handler 18 on default port 15000" daemon prio=5 tid=69 timed_waiting
java.lang.Thread.State: TIMED_WAITING
        at sun.misc.Unsafe.park(Native Method)
        at java.util.concurrent.locks.LockSupport.parkNanos(LockSupport.java:215)
        at java.util.concurrent.locks.AbstractQueuedSynchronizer$ConditionObject.awaitNanos(AbstractQueuedSynchronizer.java:2078)
        at java.util.concurrent.LinkedBlockingQueue.poll(LinkedBlockingQueue.java:467)
        at org.apache.hadoop.ipc.CallQueueManager.take(CallQueueManager.java:317)
        at org.apache.hadoop.ipc.Server$Handler.run(Server.java:3014)
"0ef615e1-91db-4ede-b924-53e2d320f02d-server-thread2" daemon prio=5 tid=998 timed_waiting
java.lang.Thread.State: TIMED_WAITING
        at sun.misc.Unsafe.park(Native Method)
        at java.util.concurrent.locks.LockSupport.parkNanos(LockSupport.java:215)
        at java.util.concurrent.SynchronousQueue$TransferStack.awaitFulfill(SynchronousQueue.java:460)
        at java.util.concurrent.SynchronousQueue$TransferStack.transfer(SynchronousQueue.java:362)
        at java.util.concurrent.SynchronousQueue.poll(SynchronousQueue.java:941)
        at java.util.concurrent.ThreadPoolExecutor.getTask(ThreadPoolExecutor.java:1073)
        at java.util.concurrent.ThreadPoolExecutor.runWorker(ThreadPoolExecutor.java:1134)
        at java.util.concurrent.ThreadPoolExecutor$Worker.run(ThreadPoolExecutor.java:624)
        at java.lang.Thread.run(Thread.java:750)
"23554148-3e4d-431f-a73e-f2401dbff1d4-ChunkWriter-1-0" daemon prio=5 tid=561 in Object.wait()
java.lang.Thread.State: WAITING (on object monitor)
        at sun.misc.Unsafe.park(Native Method)
        at java.util.concurrent.locks.LockSupport.park(LockSupport.java:175)
        at java.util.concurrent.locks.AbstractQueuedSynchronizer$ConditionObject.await(AbstractQueuedSynchronizer.java:2039)
        at java.util.concurrent.LinkedBlockingDeque.takeFirst(LinkedBlockingDeque.java:492)
        at java.util.concurrent.LinkedBlockingDeque.take(LinkedBlockingDeque.java:680)
        at java.util.concurrent.ThreadPoolExecutor.getTask(ThreadPoolExecutor.java:1074)
        at java.util.concurrent.ThreadPoolExecutor.runWorker(ThreadPoolExecutor.java:1134)
        at java.util.concurrent.ThreadPoolExecutor$Worker.run(ThreadPoolExecutor.java:624)
        at java.lang.Thread.run(Thread.java:750)
"StaleRecoveringContainerScrubbingService#4" daemon prio=5 tid=1453 in Object.wait()
java.lang.Thread.State: WAITING (on object monitor)
        at sun.misc.Unsafe.park(Native Method)
        at java.util.concurrent.locks.LockSupport.park(LockSupport.java:175)
        at java.util.concurrent.locks.AbstractQueuedSynchronizer$ConditionObject.await(AbstractQueuedSynchronizer.java:2039)
        at java.util.concurrent.ScheduledThreadPoolExecutor$DelayedWorkQueue.take(ScheduledThreadPoolExecutor.java:1088)
        at java.util.concurrent.ScheduledThreadPoolExecutor$DelayedWorkQueue.take(ScheduledThreadPoolExecutor.java:809)
        at java.util.concurrent.ThreadPoolExecutor.getTask(ThreadPoolExecutor.java:1074)
        at java.util.concurrent.ThreadPoolExecutor.runWorker(ThreadPoolExecutor.java:1134)
        at java.util.concurrent.ThreadPoolExecutor$Worker.run(ThreadPoolExecutor.java:624)
        at java.lang.Thread.run(Thread.java:750)
"StaleRecoveringContainerScrubbingService#8" daemon prio=5 tid=1454 in Object.wait()
java.lang.Thread.State: WAITING (on object monitor)
        at sun.misc.Unsafe.park(Native Method)
        at java.util.concurrent.locks.LockSupport.park(LockSupport.java:175)
        at java.util.concurrent.locks.AbstractQueuedSynchronizer$ConditionObject.await(AbstractQueuedSynchronizer.java:2039)
        at java.util.concurrent.ScheduledThreadPoolExecutor$DelayedWorkQueue.take(ScheduledThreadPoolExecutor.java:1088)
        at java.util.concurrent.ScheduledThreadPoolExecutor$DelayedWorkQueue.take(ScheduledThreadPoolExecutor.java:809)
        at java.util.concurrent.ThreadPoolExecutor.getTask(ThreadPoolExecutor.java:1074)
        at java.util.concurrent.ThreadPoolExecutor.runWorker(ThreadPoolExecutor.java:1134)
        at java.util.concurrent.ThreadPoolExecutor$Worker.run(ThreadPoolExecutor.java:624)
        at java.lang.Thread.run(Thread.java:750)
"qtp2046986915-345" daemon prio=5 tid=345 timed_waiting
java.lang.Thread.State: TIMED_WAITING
        at sun.misc.Unsafe.park(Native Method)
        at java.util.concurrent.locks.LockSupport.parkNanos(LockSupport.java:215)
        at java.util.concurrent.locks.AbstractQueuedSynchronizer$ConditionObject.awaitNanos(AbstractQueuedSynchronizer.java:2078)
        at org.eclipse.jetty.util.BlockingArrayQueue.poll(BlockingArrayQueue.java:382)
        at org.eclipse.jetty.util.thread.QueuedThreadPool$Runner.idleJobPoll(QueuedThreadPool.java:974)
        at org.eclipse.jetty.util.thread.QueuedThreadPool$Runner.run(QueuedThreadPool.java:1018)
        at java.lang.Thread.run(Thread.java:750)
"IPC Server handler 17 on default port 15001" daemon prio=5 tid=88 timed_waiting
java.lang.Thread.State: TIMED_WAITING
        at sun.misc.Unsafe.park(Native Method)
        at java.util.concurrent.locks.LockSupport.parkNanos(LockSupport.java:215)
        at java.util.concurrent.locks.AbstractQueuedSynchronizer$ConditionObject.awaitNanos(AbstractQueuedSynchronizer.java:2078)
        at java.util.concurrent.LinkedBlockingQueue.poll(LinkedBlockingQueue.java:467)
        at org.apache.hadoop.ipc.CallQueueManager.take(CallQueueManager.java:317)
        at org.apache.hadoop.ipc.Server$Handler.run(Server.java:3014)
"IPC Server handler 10 on default port 15001" daemon prio=5 tid=81 timed_waiting
java.lang.Thread.State: TIMED_WAITING
        at sun.misc.Unsafe.park(Native Method)
        at java.util.concurrent.locks.LockSupport.parkNanos(LockSupport.java:215)
        at java.util.concurrent.locks.AbstractQueuedSynchronizer$ConditionObject.awaitNanos(AbstractQueuedSynchronizer.java:2078)
        at java.util.concurrent.LinkedBlockingQueue.poll(LinkedBlockingQueue.java:467)
        at org.apache.hadoop.ipc.CallQueueManager.take(CallQueueManager.java:317)
        at org.apache.hadoop.ipc.Server$Handler.run(Server.java:3014)
"RatisPipelineUtilsThread-0"  prio=5 tid=17 timed_waiting
java.lang.Thread.State: TIMED_WAITING
        at java.lang.Object.wait(Native Method)
        at org.apache.hadoop.hdds.scm.pipeline.BackgroundPipelineCreator.run(BackgroundPipelineCreator.java:179)
        at org.apache.hadoop.hdds.scm.pipeline.BackgroundPipelineCreator$$Lambda$435/1305777754.run(Unknown Source)
        at java.lang.Thread.run(Thread.java:750)
"IPC Server handler 15 on default port 15002" daemon prio=5 tid=106 timed_waiting
java.lang.Thread.State: TIMED_WAITING
        at sun.misc.Unsafe.park(Native Method)
        at java.util.concurrent.locks.LockSupport.parkNanos(LockSupport.java:215)
        at java.util.concurrent.locks.AbstractQueuedSynchronizer$ConditionObject.awaitNanos(AbstractQueuedSynchronizer.java:2078)
        at java.util.concurrent.LinkedBlockingQueue.poll(LinkedBlockingQueue.java:467)
        at org.apache.hadoop.ipc.CallQueueManager.take(CallQueueManager.java:317)
        at org.apache.hadoop.ipc.Server$Handler.run(Server.java:3014)
"IPC Server idle connection scanner for port 15082" daemon prio=5 tid=1173 timed_waiting
java.lang.Thread.State: TIMED_WAITING
        at java.lang.Object.wait(Native Method)
        at java.util.TimerThread.mainLoop(Timer.java:552)
        at java.util.TimerThread.run(Timer.java:505)
"IPC Server handler 11 on default port 15004" daemon prio=5 tid=176 timed_waiting
java.lang.Thread.State: TIMED_WAITING
        at sun.misc.Unsafe.park(Native Method)
        at java.util.concurrent.locks.LockSupport.parkNanos(LockSupport.java:215)
        at java.util.concurrent.locks.AbstractQueuedSynchronizer$ConditionObject.awaitNanos(AbstractQueuedSynchronizer.java:2078)
        at java.util.concurrent.LinkedBlockingQueue.poll(LinkedBlockingQueue.java:467)
        at org.apache.hadoop.ipc.CallQueueManager.take(CallQueueManager.java:317)
        at org.apache.hadoop.ipc.Server$Handler.run(Server.java:3014)
"0ef615e1-91db-4ede-b924-53e2d320f02d-BlockDeletingService#0" daemon prio=5 tid=482 timed_waiting
java.lang.Thread.State: TIMED_WAITING
        at sun.misc.Unsafe.park(Native Method)
        at java.util.concurrent.locks.LockSupport.parkNanos(LockSupport.java:215)
        at java.util.concurrent.locks.AbstractQueuedSynchronizer$ConditionObject.awaitNanos(AbstractQueuedSynchronizer.java:2078)
        at java.util.concurrent.ScheduledThreadPoolExecutor$DelayedWorkQueue.take(ScheduledThreadPoolExecutor.java:1093)
        at java.util.concurrent.ScheduledThreadPoolExecutor$DelayedWorkQueue.take(ScheduledThreadPoolExecutor.java:809)
        at java.util.concurrent.ThreadPoolExecutor.getTask(ThreadPoolExecutor.java:1074)
        at java.util.concurrent.ThreadPoolExecutor.runWorker(ThreadPoolExecutor.java:1134)
        at java.util.concurrent.ThreadPoolExecutor$Worker.run(ThreadPoolExecutor.java:624)
        at java.lang.Thread.run(Thread.java:750)
"1407d0d1-39ba-4bc0-b697-1e16e43cd838-NettyServerStreamRpc-bossGroup--thread1"  prio=5 tid=305 runnable
java.lang.Thread.State: RUNNABLE
        at sun.nio.ch.EPollArrayWrapper.epollWait(Native Method)
        at sun.nio.ch.EPollArrayWrapper.poll(EPollArrayWrapper.java:269)
        at sun.nio.ch.EPollSelectorImpl.doSelect(EPollSelectorImpl.java:93)
        at sun.nio.ch.SelectorImpl.lockAndDoSelect(SelectorImpl.java:86)
        at sun.nio.ch.SelectorImpl.select(SelectorImpl.java:97)
        at sun.nio.ch.SelectorImpl.select(SelectorImpl.java:101)
        at org.apache.ratis.thirdparty.io.netty.channel.nio.SelectedSelectionKeySetSelector.select(SelectedSelectionKeySetSelector.java:68)
        at org.apache.ratis.thirdparty.io.netty.channel.nio.NioEventLoop.select(NioEventLoop.java:879)
        at org.apache.ratis.thirdparty.io.netty.channel.nio.NioEventLoop.run(NioEventLoop.java:526)
        at org.apache.ratis.thirdparty.io.netty.util.concurrent.SingleThreadEventExecutor$4.run(SingleThreadEventExecutor.java:997)
        at org.apache.ratis.thirdparty.io.netty.util.internal.ThreadExecutorMap$2.run(ThreadExecutorMap.java:74)
        at java.lang.Thread.run(Thread.java:750)
"qtp1663850432-1162" daemon prio=5 tid=1162 runnable
java.lang.Thread.State: RUNNABLE
        at sun.nio.ch.EPollArrayWrapper.epollWait(Native Method)
        at sun.nio.ch.EPollArrayWrapper.poll(EPollArrayWrapper.java:269)
        at sun.nio.ch.EPollSelectorImpl.doSelect(EPollSelectorImpl.java:93)
        at sun.nio.ch.SelectorImpl.lockAndDoSelect(SelectorImpl.java:86)
        at sun.nio.ch.SelectorImpl.select(SelectorImpl.java:97)
        at sun.nio.ch.SelectorImpl.select(SelectorImpl.java:101)
        at org.eclipse.jetty.io.ManagedSelector.nioSelect(ManagedSelector.java:183)
        at org.eclipse.jetty.io.ManagedSelector.select(ManagedSelector.java:190)
        at org.eclipse.jetty.io.ManagedSelector$SelectorProducer.select(ManagedSelector.java:606)
        at org.eclipse.jetty.io.ManagedSelector$SelectorProducer.produce(ManagedSelector.java:543)
        at org.eclipse.jetty.util.thread.strategy.EatWhatYouKill.produceTask(EatWhatYouKill.java:362)
        at org.eclipse.jetty.util.thread.strategy.EatWhatYouKill.doProduce(EatWhatYouKill.java:186)
        at org.eclipse.jetty.util.thread.strategy.EatWhatYouKill.tryProduce(EatWhatYouKill.java:173)
        at org.eclipse.jetty.util.thread.strategy.EatWhatYouKill.produce(EatWhatYouKill.java:137)
        at org.eclipse.jetty.io.ManagedSelector$$Lambda$519/294435622.run(Unknown Source)
        at org.eclipse.jetty.util.thread.QueuedThreadPool.runJob(QueuedThreadPool.java:883)
        at org.eclipse.jetty.util.thread.QueuedThreadPool$Runner.run(QueuedThreadPool.java:1034)
        at java.lang.Thread.run(Thread.java:750)
"IPC Server handler 0 on default port 15055" daemon prio=5 tid=352 timed_waiting
java.lang.Thread.State: TIMED_WAITING
        at sun.misc.Unsafe.park(Native Method)
        at java.util.concurrent.locks.LockSupport.parkNanos(LockSupport.java:215)
        at java.util.concurrent.locks.AbstractQueuedSynchronizer$ConditionObject.awaitNanos(AbstractQueuedSynchronizer.java:2078)
        at java.util.concurrent.LinkedBlockingQueue.poll(LinkedBlockingQueue.java:467)
        at org.apache.hadoop.ipc.CallQueueManager.take(CallQueueManager.java:317)
        at org.apache.hadoop.ipc.Server$Handler.run(Server.java:3014)
"1407d0d1-39ba-4bc0-b697-1e16e43cd838-DatanodeReportManager-3" daemon prio=5 tid=328 timed_waiting
java.lang.Thread.State: TIMED_WAITING
        at sun.misc.Unsafe.park(Native Method)
        at java.util.concurrent.locks.LockSupport.parkNanos(LockSupport.java:215)
        at java.util.concurrent.locks.AbstractQueuedSynchronizer$ConditionObject.awaitNanos(AbstractQueuedSynchronizer.java:2078)
        at java.util.concurrent.ScheduledThreadPoolExecutor$DelayedWorkQueue.take(ScheduledThreadPoolExecutor.java:1093)
        at java.util.concurrent.ScheduledThreadPoolExecutor$DelayedWorkQueue.take(ScheduledThreadPoolExecutor.java:809)
        at java.util.concurrent.ThreadPoolExecutor.getTask(ThreadPoolExecutor.java:1074)
        at java.util.concurrent.ThreadPoolExecutor.runWorker(ThreadPoolExecutor.java:1134)
        at java.util.concurrent.ThreadPoolExecutor$Worker.run(ThreadPoolExecutor.java:624)
        at java.lang.Thread.run(Thread.java:750)
"3fb99649-c87f-4cc9-b3d9-f5c572ff189c-server-thread1" daemon prio=5 tid=1013 timed_waiting
java.lang.Thread.State: TIMED_WAITING
        at sun.misc.Unsafe.park(Native Method)
        at java.util.concurrent.locks.LockSupport.parkNanos(LockSupport.java:215)
        at java.util.concurrent.SynchronousQueue$TransferStack.awaitFulfill(SynchronousQueue.java:460)
        at java.util.concurrent.SynchronousQueue$TransferStack.transfer(SynchronousQueue.java:362)
        at java.util.concurrent.SynchronousQueue.poll(SynchronousQueue.java:941)
        at java.util.concurrent.ThreadPoolExecutor.getTask(ThreadPoolExecutor.java:1073)
        at java.util.concurrent.ThreadPoolExecutor.runWorker(ThreadPoolExecutor.java:1134)
        at java.util.concurrent.ThreadPoolExecutor$Worker.run(ThreadPoolExecutor.java:624)
        at java.lang.Thread.run(Thread.java:750)
"66ee3698-ded8-430f-8ecd-27f356af6e45-ChunkReader-9" daemon prio=5 tid=1503 in Object.wait()
java.lang.Thread.State: WAITING (on object monitor)
        at sun.misc.Unsafe.park(Native Method)
        at java.util.concurrent.locks.LockSupport.park(LockSupport.java:175)
        at java.util.concurrent.locks.AbstractQueuedSynchronizer$ConditionObject.await(AbstractQueuedSynchronizer.java:2039)
        at java.util.concurrent.LinkedBlockingQueue.take(LinkedBlockingQueue.java:442)
        at java.util.concurrent.ThreadPoolExecutor.getTask(ThreadPoolExecutor.java:1074)
        at java.util.concurrent.ThreadPoolExecutor.runWorker(ThreadPoolExecutor.java:1134)
        at java.util.concurrent.ThreadPoolExecutor$Worker.run(ThreadPoolExecutor.java:624)
        at java.lang.Thread.run(Thread.java:750)
"StaleRecoveringContainerScrubbingService#5" daemon prio=5 tid=1211 in Object.wait()
java.lang.Thread.State: WAITING (on object monitor)
        at sun.misc.Unsafe.park(Native Method)
        at java.util.concurrent.locks.LockSupport.park(LockSupport.java:175)
        at java.util.concurrent.locks.AbstractQueuedSynchronizer$ConditionObject.await(AbstractQueuedSynchronizer.java:2039)
        at java.util.concurrent.ScheduledThreadPoolExecutor$DelayedWorkQueue.take(ScheduledThreadPoolExecutor.java:1088)
        at java.util.concurrent.ScheduledThreadPoolExecutor$DelayedWorkQueue.take(ScheduledThreadPoolExecutor.java:809)
        at java.util.concurrent.ThreadPoolExecutor.getTask(ThreadPoolExecutor.java:1074)
        at java.util.concurrent.ThreadPoolExecutor.runWorker(ThreadPoolExecutor.java:1134)
        at java.util.concurrent.ThreadPoolExecutor$Worker.run(ThreadPoolExecutor.java:624)
        at java.lang.Thread.run(Thread.java:750)
"94422c73-384a-4d9a-a15d-46d9f5b840aa@group-7E36DD6E81EC->66ee3698-ded8-430f-8ecd-27f356af6e45-GrpcLogAppender-LogAppenderDaemon" daemon prio=5 tid=990 timed_waiting
java.lang.Thread.State: TIMED_WAITING
        at sun.misc.Unsafe.park(Native Method)
        at java.util.concurrent.locks.LockSupport.parkNanos(LockSupport.java:215)
        at java.util.concurrent.locks.AbstractQueuedSynchronizer$ConditionObject.await(AbstractQueuedSynchronizer.java:2163)
        at org.apache.ratis.util.AwaitForSignal.await(AwaitForSignal.java:62)
        at org.apache.ratis.grpc.server.GrpcLogAppender.mayWait(GrpcLogAppender.java:197)
        at org.apache.ratis.grpc.server.GrpcLogAppender.run(GrpcLogAppender.java:148)
        at org.apache.ratis.server.leader.LogAppenderDaemon.run(LogAppenderDaemon.java:78)
        at org.apache.ratis.server.leader.LogAppenderDaemon$$Lambda$1248/550328285.run(Unknown Source)
        at java.lang.Thread.run(Thread.java:750)
"IPC Server handler 8 on default port 15002" daemon prio=5 tid=99 timed_waiting
java.lang.Thread.State: TIMED_WAITING
        at sun.misc.Unsafe.park(Native Method)
        at java.util.concurrent.locks.LockSupport.parkNanos(LockSupport.java:215)
        at java.util.concurrent.locks.AbstractQueuedSynchronizer$ConditionObject.awaitNanos(AbstractQueuedSynchronizer.java:2078)
        at java.util.concurrent.LinkedBlockingQueue.poll(LinkedBlockingQueue.java:467)
        at org.apache.hadoop.ipc.CallQueueManager.take(CallQueueManager.java:317)
        at org.apache.hadoop.ipc.Server$Handler.run(Server.java:3014)
"org.apache.hadoop.ozone.container.common.statemachine.commandhandler.DeleteBlocksCommandHandler$DeleteCmdWorker@34350895" daemon prio=5 tid=191 timed_waiting
java.lang.Thread.State: TIMED_WAITING
        at java.lang.Thread.sleep(Native Method)
        at org.apache.hadoop.ozone.container.common.statemachine.commandhandler.DeleteBlocksCommandHandler$DeleteCmdWorker.run(DeleteBlocksCommandHandler.java:237)
        at java.lang.Thread.run(Thread.java:750)
"StaleRecoveringContainerScrubbingService#4" daemon prio=5 tid=1120 in Object.wait()
java.lang.Thread.State: WAITING (on object monitor)
        at sun.misc.Unsafe.park(Native Method)
        at java.util.concurrent.locks.LockSupport.park(LockSupport.java:175)
        at java.util.concurrent.locks.AbstractQueuedSynchronizer$ConditionObject.await(AbstractQueuedSynchronizer.java:2039)
        at java.util.concurrent.ScheduledThreadPoolExecutor$DelayedWorkQueue.take(ScheduledThreadPoolExecutor.java:1088)
        at java.util.concurrent.ScheduledThreadPoolExecutor$DelayedWorkQueue.take(ScheduledThreadPoolExecutor.java:809)
        at java.util.concurrent.ThreadPoolExecutor.getTask(ThreadPoolExecutor.java:1074)
        at java.util.concurrent.ThreadPoolExecutor.runWorker(ThreadPoolExecutor.java:1134)
        at java.util.concurrent.ThreadPoolExecutor$Worker.run(ThreadPoolExecutor.java:624)
        at java.lang.Thread.run(Thread.java:750)
"23554148-3e4d-431f-a73e-f2401dbff1d4@group-5C95EDC39216-FollowerState" daemon prio=5 tid=1004 timed_waiting
java.lang.Thread.State: TIMED_WAITING
        at java.lang.Thread.sleep(Native Method)
        at java.lang.Thread.sleep(Thread.java:342)
        at java.util.concurrent.TimeUnit.sleep(TimeUnit.java:386)
        at org.apache.ratis.util.TimeDuration.sleep(TimeDuration.java:325)
        at org.apache.ratis.util.TimeDuration.sleep(TimeDuration.java:310)
        at org.apache.ratis.server.impl.FollowerState.run(FollowerState.java:128)
"3fb99649-c87f-4cc9-b3d9-f5c572ff189c-ChunkReader-5" daemon prio=5 tid=1488 in Object.wait()
java.lang.Thread.State: WAITING (on object monitor)
        at sun.misc.Unsafe.park(Native Method)
        at java.util.concurrent.locks.LockSupport.park(LockSupport.java:175)
        at java.util.concurrent.locks.AbstractQueuedSynchronizer$ConditionObject.await(AbstractQueuedSynchronizer.java:2039)
        at java.util.concurrent.LinkedBlockingQueue.take(LinkedBlockingQueue.java:442)
        at java.util.concurrent.ThreadPoolExecutor.getTask(ThreadPoolExecutor.java:1074)
        at java.util.concurrent.ThreadPoolExecutor.runWorker(ThreadPoolExecutor.java:1134)
        at java.util.concurrent.ThreadPoolExecutor$Worker.run(ThreadPoolExecutor.java:624)
        at java.lang.Thread.run(Thread.java:750)
"nullContainerReplicationThread-0" daemon prio=5 tid=1461 timed_waiting
java.lang.Thread.State: TIMED_WAITING
        at java.lang.Thread.sleep(Native Method)
        at org.apache.ozone.test.GenericTestUtils.waitFor(GenericTestUtils.java:224)
        at org.apache.hadoop.ozone.container.TestECContainerRecovery.lambda$testECContainerRecoveryWithTimedOutRecovery$1(TestECContainerRecovery.java:312)
        at org.apache.hadoop.ozone.container.TestECContainerRecovery$$Lambda$1690/1134979691.answer(Unknown Source)
        at org.mockito.internal.stubbing.StubbedInvocationMatcher.answer(StubbedInvocationMatcher.java:40)
        at org.mockito.internal.handler.MockHandlerImpl.handle(MockHandlerImpl.java:99)
        at org.mockito.internal.handler.NullResultGuardian.handle(NullResultGuardian.java:29)
        at org.mockito.internal.handler.InvocationNotifierHandler.handle(InvocationNotifierHandler.java:33)
        at org.mockito.internal.creation.bytebuddy.MockMethodInterceptor.doIntercept(MockMethodInterceptor.java:57)
        at org.mockito.internal.creation.bytebuddy.MockMethodAdvice.handle(MockMethodAdvice.java:147)
        at org.apache.hadoop.ozone.container.ec.reconstruction.ECReconstructionCoordinator.reconstructECBlockGroup(ECReconstructionCoordinator.java:240)
        at org.apache.hadoop.ozone.container.ec.reconstruction.ECReconstructionCoordinator.reconstructECContainerGroup(ECReconstructionCoordinator.java:178)
        at sun.reflect.NativeMethodAccessorImpl.invoke0(Native Method)
        at sun.reflect.NativeMethodAccessorImpl.invoke(NativeMethodAccessorImpl.java:62)
        at sun.reflect.DelegatingMethodAccessorImpl.invoke(DelegatingMethodAccessorImpl.java:43)
        at java.lang.reflect.Method.invoke(Method.java:498)
        at org.mockito.internal.util.reflection.ReflectionMemberAccessor.invoke(ReflectionMemberAccessor.java:45)
        at org.mockito.internal.creation.bytebuddy.MockMethodAdvice.tryInvoke(MockMethodAdvice.java:329)
        at org.mockito.internal.creation.bytebuddy.MockMethodAdvice.access$500(MockMethodAdvice.java:56)
        at org.mockito.internal.creation.bytebuddy.MockMethodAdvice$RealMethodCall.invoke(MockMethodAdvice.java:249)
        at org.mockito.internal.invocation.InterceptedInvocation.callRealMethod(InterceptedInvocation.java:141)
        at org.mockito.internal.stubbing.answers.CallsRealMethods.answer(CallsRealMethods.java:44)
        at org.mockito.Answers.answer(Answers.java:98)
        at org.mockito.internal.handler.MockHandlerImpl.handle(MockHandlerImpl.java:106)
        at org.mockito.internal.handler.NullResultGuardian.handle(NullResultGuardian.java:29)
        at org.mockito.internal.handler.InvocationNotifierHandler.handle(InvocationNotifierHandler.java:33)
        at org.mockito.internal.creation.bytebuddy.MockMethodInterceptor.doIntercept(MockMethodInterceptor.java:57)
        at org.mockito.internal.creation.bytebuddy.MockMethodAdvice.handle(MockMethodAdvice.java:147)
        at org.apache.hadoop.ozone.container.ec.reconstruction.ECReconstructionCoordinator.reconstructECContainerGroup(ECReconstructionCoordinator.java:148)
        at org.apache.hadoop.ozone.container.ec.reconstruction.ECReconstructionCoordinatorTask.runTask(ECReconstructionCoordinatorTask.java:68)
        at org.apache.hadoop.ozone.container.replication.ReplicationSupervisor$TaskRunner.run(ReplicationSupervisor.java:369)
        at java.util.concurrent.ThreadPoolExecutor.runWorker(ThreadPoolExecutor.java:1149)
        at java.util.concurrent.ThreadPoolExecutor$Worker.run(ThreadPoolExecutor.java:624)
        at java.lang.Thread.run(Thread.java:750)
"f612f2cf-90dc-41dc-bf39-cf028d38c484-NettyServerStreamRpc-bossGroup--thread1"  prio=5 tid=392 runnable
java.lang.Thread.State: RUNNABLE
        at sun.nio.ch.EPollArrayWrapper.epollWait(Native Method)
        at sun.nio.ch.EPollArrayWrapper.poll(EPollArrayWrapper.java:269)
        at sun.nio.ch.EPollSelectorImpl.doSelect(EPollSelectorImpl.java:93)
        at sun.nio.ch.SelectorImpl.lockAndDoSelect(SelectorImpl.java:86)
        at sun.nio.ch.SelectorImpl.select(SelectorImpl.java:97)
        at sun.nio.ch.SelectorImpl.select(SelectorImpl.java:101)
        at org.apache.ratis.thirdparty.io.netty.channel.nio.SelectedSelectionKeySetSelector.select(SelectedSelectionKeySetSelector.java:68)
        at org.apache.ratis.thirdparty.io.netty.channel.nio.NioEventLoop.select(NioEventLoop.java:879)
        at org.apache.ratis.thirdparty.io.netty.channel.nio.NioEventLoop.run(NioEventLoop.java:526)
        at org.apache.ratis.thirdparty.io.netty.util.concurrent.SingleThreadEventExecutor$4.run(SingleThreadEventExecutor.java:997)
        at org.apache.ratis.thirdparty.io.netty.util.internal.ThreadExecutorMap$2.run(ThreadExecutorMap.java:74)
        at java.lang.Thread.run(Thread.java:750)
"IPC Server Responder" daemon prio=5 tid=234 runnable
java.lang.Thread.State: RUNNABLE
        at sun.nio.ch.EPollArrayWrapper.epollWait(Native Method)
        at sun.nio.ch.EPollArrayWrapper.poll(EPollArrayWrapper.java:269)
        at sun.nio.ch.EPollSelectorImpl.doSelect(EPollSelectorImpl.java:93)
        at sun.nio.ch.SelectorImpl.lockAndDoSelect(SelectorImpl.java:86)
        at sun.nio.ch.SelectorImpl.select(SelectorImpl.java:97)
        at org.apache.hadoop.ipc.Server$Responder.doRunLoop(Server.java:1582)
        at org.apache.hadoop.ipc.Server$Responder.run(Server.java:1565)
"IPC Server Responder" daemon prio=5 tid=500 runnable
java.lang.Thread.State: RUNNABLE
        at sun.nio.ch.EPollArrayWrapper.epollWait(Native Method)
        at sun.nio.ch.EPollArrayWrapper.poll(EPollArrayWrapper.java:269)
        at sun.nio.ch.EPollSelectorImpl.doSelect(EPollSelectorImpl.java:93)
        at sun.nio.ch.SelectorImpl.lockAndDoSelect(SelectorImpl.java:86)
        at sun.nio.ch.SelectorImpl.select(SelectorImpl.java:97)
        at org.apache.hadoop.ipc.Server$Responder.doRunLoop(Server.java:1582)
        at org.apache.hadoop.ipc.Server$Responder.run(Server.java:1565)
"f612f2cf-90dc-41dc-bf39-cf028d38c484-DatanodeReportManager-3" daemon prio=5 tid=416 timed_waiting
java.lang.Thread.State: TIMED_WAITING
        at sun.misc.Unsafe.park(Native Method)
        at java.util.concurrent.locks.LockSupport.parkNanos(LockSupport.java:215)
        at java.util.concurrent.locks.AbstractQueuedSynchronizer$ConditionObject.awaitNanos(AbstractQueuedSynchronizer.java:2078)
        at java.util.concurrent.ScheduledThreadPoolExecutor$DelayedWorkQueue.take(ScheduledThreadPoolExecutor.java:1093)
        at java.util.concurrent.ScheduledThreadPoolExecutor$DelayedWorkQueue.take(ScheduledThreadPoolExecutor.java:809)
        at java.util.concurrent.ThreadPoolExecutor.getTask(ThreadPoolExecutor.java:1074)
        at java.util.concurrent.ThreadPoolExecutor.runWorker(ThreadPoolExecutor.java:1134)
        at java.util.concurrent.ThreadPoolExecutor$Worker.run(ThreadPoolExecutor.java:624)
        at java.lang.Thread.run(Thread.java:750)
"1407d0d1-39ba-4bc0-b697-1e16e43cd838-DatanodeReportManager-1" daemon prio=5 tid=326 timed_waiting
java.lang.Thread.State: TIMED_WAITING
        at sun.misc.Unsafe.park(Native Method)
        at java.util.concurrent.locks.LockSupport.parkNanos(LockSupport.java:215)
        at java.util.concurrent.locks.AbstractQueuedSynchronizer$ConditionObject.awaitNanos(AbstractQueuedSynchronizer.java:2078)
        at java.util.concurrent.ScheduledThreadPoolExecutor$DelayedWorkQueue.take(ScheduledThreadPoolExecutor.java:1093)
        at java.util.concurrent.ScheduledThreadPoolExecutor$DelayedWorkQueue.take(ScheduledThreadPoolExecutor.java:809)
        at java.util.concurrent.ThreadPoolExecutor.getTask(ThreadPoolExecutor.java:1074)
        at java.util.concurrent.ThreadPoolExecutor.runWorker(ThreadPoolExecutor.java:1134)
        at java.util.concurrent.ThreadPoolExecutor$Worker.run(ThreadPoolExecutor.java:624)
        at java.lang.Thread.run(Thread.java:750)
"qtp532752228-396" daemon prio=5 tid=396 runnable
java.lang.Thread.State: RUNNABLE
        at sun.nio.ch.EPollArrayWrapper.epollWait(Native Method)
        at sun.nio.ch.EPollArrayWrapper.poll(EPollArrayWrapper.java:269)
        at sun.nio.ch.EPollSelectorImpl.doSelect(EPollSelectorImpl.java:93)
        at sun.nio.ch.SelectorImpl.lockAndDoSelect(SelectorImpl.java:86)
        at sun.nio.ch.SelectorImpl.select(SelectorImpl.java:97)
        at sun.nio.ch.SelectorImpl.select(SelectorImpl.java:101)
        at org.eclipse.jetty.io.ManagedSelector.nioSelect(ManagedSelector.java:183)
        at org.eclipse.jetty.io.ManagedSelector.select(ManagedSelector.java:190)
        at org.eclipse.jetty.io.ManagedSelector$SelectorProducer.select(ManagedSelector.java:606)
        at org.eclipse.jetty.io.ManagedSelector$SelectorProducer.produce(ManagedSelector.java:543)
        at org.eclipse.jetty.util.thread.strategy.EatWhatYouKill.produceTask(EatWhatYouKill.java:362)
        at org.eclipse.jetty.util.thread.strategy.EatWhatYouKill.doProduce(EatWhatYouKill.java:186)
        at org.eclipse.jetty.util.thread.strategy.EatWhatYouKill.tryProduce(EatWhatYouKill.java:173)
        at org.eclipse.jetty.util.thread.strategy.EatWhatYouKill.produce(EatWhatYouKill.java:137)
        at org.eclipse.jetty.io.ManagedSelector$$Lambda$519/294435622.run(Unknown Source)
        at org.eclipse.jetty.util.thread.QueuedThreadPool.runJob(QueuedThreadPool.java:883)
        at org.eclipse.jetty.util.thread.QueuedThreadPool$Runner.run(QueuedThreadPool.java:1034)
        at java.lang.Thread.run(Thread.java:750)
"qtp1742206865-314" daemon prio=5 tid=314 timed_waiting
java.lang.Thread.State: TIMED_WAITING
        at sun.misc.Unsafe.park(Native Method)
        at java.util.concurrent.locks.LockSupport.parkNanos(LockSupport.java:215)
        at java.util.concurrent.locks.AbstractQueuedSynchronizer$ConditionObject.awaitNanos(AbstractQueuedSynchronizer.java:2078)
        at org.eclipse.jetty.util.BlockingArrayQueue.poll(BlockingArrayQueue.java:382)
        at org.eclipse.jetty.util.thread.QueuedThreadPool$Runner.idleJobPoll(QueuedThreadPool.java:974)
        at org.eclipse.jetty.util.thread.QueuedThreadPool$Runner.run(QueuedThreadPool.java:1018)
        at java.lang.Thread.run(Thread.java:750)
"3fb99649-c87f-4cc9-b3d9-f5c572ff189c-BlockDeletingService#3" daemon prio=5 tid=1497 in Object.wait()
java.lang.Thread.State: WAITING (on object monitor)
        at sun.misc.Unsafe.park(Native Method)
        at java.util.concurrent.locks.LockSupport.park(LockSupport.java:175)
        at java.util.concurrent.locks.AbstractQueuedSynchronizer$ConditionObject.await(AbstractQueuedSynchronizer.java:2039)
        at java.util.concurrent.ScheduledThreadPoolExecutor$DelayedWorkQueue.take(ScheduledThreadPoolExecutor.java:1088)
        at java.util.concurrent.ScheduledThreadPoolExecutor$DelayedWorkQueue.take(ScheduledThreadPoolExecutor.java:809)
        at java.util.concurrent.ThreadPoolExecutor.getTask(ThreadPoolExecutor.java:1074)
        at java.util.concurrent.ThreadPoolExecutor.runWorker(ThreadPoolExecutor.java:1134)
        at java.util.concurrent.ThreadPoolExecutor$Worker.run(ThreadPoolExecutor.java:624)
        at java.lang.Thread.run(Thread.java:750)
"FixedThreadPoolWithAffinityExecutor-3-0" daemon prio=5 tid=43 timed_waiting
java.lang.Thread.State: TIMED_WAITING
        at sun.misc.Unsafe.park(Native Method)
        at java.util.concurrent.locks.LockSupport.parkNanos(LockSupport.java:215)
        at java.util.concurrent.locks.AbstractQueuedSynchronizer$ConditionObject.awaitNanos(AbstractQueuedSynchronizer.java:2078)
        at java.util.concurrent.LinkedBlockingQueue.poll(LinkedBlockingQueue.java:467)
        at org.apache.hadoop.hdds.scm.server.ContainerReportQueue.poll(ContainerReportQueue.java:266)
        at org.apache.hadoop.hdds.scm.server.ContainerReportQueue.poll(ContainerReportQueue.java:42)
        at org.apache.hadoop.hdds.server.events.FixedThreadPoolWithAffinityExecutor$ContainerReportProcessTask.run(FixedThreadPoolWithAffinityExecutor.java:253)
        at java.util.concurrent.Executors$RunnableAdapter.call(Executors.java:511)
        at java.util.concurrent.FutureTask.run(FutureTask.java:266)
        at java.util.concurrent.ThreadPoolExecutor.runWorker(ThreadPoolExecutor.java:1149)
        at java.util.concurrent.ThreadPoolExecutor$Worker.run(ThreadPoolExecutor.java:624)
        at java.lang.Thread.run(Thread.java:750)
"f612f2cf-90dc-41dc-bf39-cf028d38c484-ChunkWriter-3-0" daemon prio=5 tid=600 in Object.wait()
java.lang.Thread.State: WAITING (on object monitor)
        at sun.misc.Unsafe.park(Native Method)
        at java.util.concurrent.locks.LockSupport.park(LockSupport.java:175)
        at java.util.concurrent.locks.AbstractQueuedSynchronizer$ConditionObject.await(AbstractQueuedSynchronizer.java:2039)
        at java.util.concurrent.LinkedBlockingDeque.takeFirst(LinkedBlockingDeque.java:492)
        at java.util.concurrent.LinkedBlockingDeque.take(LinkedBlockingDeque.java:680)
        at java.util.concurrent.ThreadPoolExecutor.getTask(ThreadPoolExecutor.java:1074)
        at java.util.concurrent.ThreadPoolExecutor.runWorker(ThreadPoolExecutor.java:1134)
        at java.util.concurrent.ThreadPoolExecutor$Worker.run(ThreadPoolExecutor.java:624)
        at java.lang.Thread.run(Thread.java:750)
"IPC Server handler 0 on default port 15091" daemon prio=5 tid=502 timed_waiting
java.lang.Thread.State: TIMED_WAITING
        at sun.misc.Unsafe.park(Native Method)
        at java.util.concurrent.locks.LockSupport.parkNanos(LockSupport.java:215)
        at java.util.concurrent.locks.AbstractQueuedSynchronizer$ConditionObject.awaitNanos(AbstractQueuedSynchronizer.java:2078)
        at java.util.concurrent.LinkedBlockingQueue.poll(LinkedBlockingQueue.java:467)
        at org.apache.hadoop.ipc.CallQueueManager.take(CallQueueManager.java:317)
        at org.apache.hadoop.ipc.Server$Handler.run(Server.java:3014)
"23554148-3e4d-431f-a73e-f2401dbff1d4-ChunkReader-2" daemon prio=5 tid=1362 in Object.wait()
java.lang.Thread.State: WAITING (on object monitor)
        at sun.misc.Unsafe.park(Native Method)
        at java.util.concurrent.locks.LockSupport.park(LockSupport.java:175)
        at java.util.concurrent.locks.AbstractQueuedSynchronizer$ConditionObject.await(AbstractQueuedSynchronizer.java:2039)
        at java.util.concurrent.LinkedBlockingQueue.take(LinkedBlockingQueue.java:442)
        at java.util.concurrent.ThreadPoolExecutor.getTask(ThreadPoolExecutor.java:1074)
        at java.util.concurrent.ThreadPoolExecutor.runWorker(ThreadPoolExecutor.java:1134)
        at java.util.concurrent.ThreadPoolExecutor$Worker.run(ThreadPoolExecutor.java:624)
        at java.lang.Thread.run(Thread.java:750)
"qtp623734438-162" daemon prio=5 tid=162 timed_waiting
java.lang.Thread.State: TIMED_WAITING
        at sun.misc.Unsafe.park(Native Method)
        at java.util.concurrent.locks.LockSupport.parkNanos(LockSupport.java:215)
        at java.util.concurrent.locks.AbstractQueuedSynchronizer$ConditionObject.awaitNanos(AbstractQueuedSynchronizer.java:2078)
        at org.eclipse.jetty.util.BlockingArrayQueue.poll(BlockingArrayQueue.java:382)
        at org.eclipse.jetty.util.thread.QueuedThreadPool$Runner.idleJobPoll(QueuedThreadPool.java:974)
        at org.eclipse.jetty.util.thread.QueuedThreadPool$Runner.run(QueuedThreadPool.java:1018)
        at java.lang.Thread.run(Thread.java:750)
"org.apache.hadoop.ozone.container.common.statemachine.commandhandler.DeleteBlocksCommandHandler$DeleteCmdWorker@77cbedfb" daemon prio=5 tid=336 timed_waiting
java.lang.Thread.State: TIMED_WAITING
        at java.lang.Thread.sleep(Native Method)
        at org.apache.hadoop.ozone.container.common.statemachine.commandhandler.DeleteBlocksCommandHandler$DeleteCmdWorker.run(DeleteBlocksCommandHandler.java:237)
        at java.lang.Thread.run(Thread.java:750)
"StaleRecoveringContainerScrubbingService#3" daemon prio=5 tid=1099 in Object.wait()
java.lang.Thread.State: WAITING (on object monitor)
        at sun.misc.Unsafe.park(Native Method)
        at java.util.concurrent.locks.LockSupport.park(LockSupport.java:175)
        at java.util.concurrent.locks.AbstractQueuedSynchronizer$ConditionObject.await(AbstractQueuedSynchronizer.java:2039)
        at java.util.concurrent.ScheduledThreadPoolExecutor$DelayedWorkQueue.take(ScheduledThreadPoolExecutor.java:1088)
        at java.util.concurrent.ScheduledThreadPoolExecutor$DelayedWorkQueue.take(ScheduledThreadPoolExecutor.java:809)
        at java.util.concurrent.ThreadPoolExecutor.getTask(ThreadPoolExecutor.java:1074)
        at java.util.concurrent.ThreadPoolExecutor.runWorker(ThreadPoolExecutor.java:1134)
        at java.util.concurrent.ThreadPoolExecutor$Worker.run(ThreadPoolExecutor.java:624)
        at java.lang.Thread.run(Thread.java:750)
"qtp165147466-282" daemon prio=5 tid=282 timed_waiting
java.lang.Thread.State: TIMED_WAITING
        at sun.misc.Unsafe.park(Native Method)
        at java.util.concurrent.locks.LockSupport.parkNanos(LockSupport.java:215)
        at java.util.concurrent.locks.AbstractQueuedSynchronizer$ConditionObject.awaitNanos(AbstractQueuedSynchronizer.java:2078)
        at org.eclipse.jetty.util.BlockingArrayQueue.poll(BlockingArrayQueue.java:382)
        at org.eclipse.jetty.util.thread.QueuedThreadPool$Runner.idleJobPoll(QueuedThreadPool.java:974)
        at org.eclipse.jetty.util.thread.QueuedThreadPool$Runner.run(QueuedThreadPool.java:1018)
        at java.lang.Thread.run(Thread.java:750)
"IPC Server idle connection scanner for port 15046" daemon prio=5 tid=320 timed_waiting
java.lang.Thread.State: TIMED_WAITING
        at java.lang.Object.wait(Native Method)
        at java.util.TimerThread.mainLoop(Timer.java:552)
        at java.util.TimerThread.run(Timer.java:505)
"1407d0d1-39ba-4bc0-b697-1e16e43cd838-ChunkReader-4" daemon prio=5 tid=1463 in Object.wait()
java.lang.Thread.State: WAITING (on object monitor)
        at sun.misc.Unsafe.park(Native Method)
        at java.util.concurrent.locks.LockSupport.park(LockSupport.java:175)
        at java.util.concurrent.locks.AbstractQueuedSynchronizer$ConditionObject.await(AbstractQueuedSynchronizer.java:2039)
        at java.util.concurrent.LinkedBlockingQueue.take(LinkedBlockingQueue.java:442)
        at java.util.concurrent.ThreadPoolExecutor.getTask(ThreadPoolExecutor.java:1074)
        at java.util.concurrent.ThreadPoolExecutor.runWorker(ThreadPoolExecutor.java:1134)
        at java.util.concurrent.ThreadPoolExecutor$Worker.run(ThreadPoolExecutor.java:624)
        at java.lang.Thread.run(Thread.java:750)
"pool-142-thread-1"  prio=5 tid=250 timed_waiting
java.lang.Thread.State: TIMED_WAITING
        at sun.misc.Unsafe.park(Native Method)
        at java.util.concurrent.locks.LockSupport.parkNanos(LockSupport.java:215)
        at java.util.concurrent.locks.AbstractQueuedSynchronizer$ConditionObject.awaitNanos(AbstractQueuedSynchronizer.java:2078)
        at java.util.concurrent.ScheduledThreadPoolExecutor$DelayedWorkQueue.take(ScheduledThreadPoolExecutor.java:1093)
        at java.util.concurrent.ScheduledThreadPoolExecutor$DelayedWorkQueue.take(ScheduledThreadPoolExecutor.java:809)
        at java.util.concurrent.ThreadPoolExecutor.getTask(ThreadPoolExecutor.java:1074)
        at java.util.concurrent.ThreadPoolExecutor.runWorker(ThreadPoolExecutor.java:1134)
        at java.util.concurrent.ThreadPoolExecutor$Worker.run(ThreadPoolExecutor.java:624)
        at java.lang.Thread.run(Thread.java:750)
"1407d0d1-39ba-4bc0-b697-1e16e43cd838@group-5C95EDC39216-SegmentedRaftLogWorker"  prio=5 tid=794 timed_waiting
java.lang.Thread.State: TIMED_WAITING
        at sun.misc.Unsafe.park(Native Method)
        at java.util.concurrent.locks.LockSupport.parkNanos(LockSupport.java:215)
        at java.util.concurrent.locks.AbstractQueuedSynchronizer$ConditionObject.awaitNanos(AbstractQueuedSynchronizer.java:2078)
        at org.apache.ratis.util.DataBlockingQueue.poll(DataBlockingQueue.java:148)
        at org.apache.ratis.server.raftlog.segmented.SegmentedRaftLogWorker.run(SegmentedRaftLogWorker.java:307)
        at org.apache.ratis.server.raftlog.segmented.SegmentedRaftLogWorker$$Lambda$819/1928678273.run(Unknown Source)
        at java.util.concurrent.Executors$RunnableAdapter.call(Executors.java:511)
        at java.util.concurrent.FutureTask.run(FutureTask.java:266)
        at java.util.concurrent.ThreadPoolExecutor.runWorker(ThreadPoolExecutor.java:1149)
        at java.util.concurrent.ThreadPoolExecutor$Worker.run(ThreadPoolExecutor.java:624)
        at java.lang.Thread.run(Thread.java:750)
"fe9b02b7-73ff-430f-9d75-1483ab7beb41-CloseContainerThread-1"  prio=5 tid=1104 in Object.wait()
java.lang.Thread.State: WAITING (on object monitor)
        at sun.misc.Unsafe.park(Native Method)
        at java.util.concurrent.locks.LockSupport.park(LockSupport.java:175)
        at java.util.concurrent.locks.AbstractQueuedSynchronizer$ConditionObject.await(AbstractQueuedSynchronizer.java:2039)
        at java.util.concurrent.LinkedBlockingQueue.take(LinkedBlockingQueue.java:442)
        at java.util.concurrent.ThreadPoolExecutor.getTask(ThreadPoolExecutor.java:1074)
        at java.util.concurrent.ThreadPoolExecutor.runWorker(ThreadPoolExecutor.java:1134)
        at java.util.concurrent.ThreadPoolExecutor$Worker.run(ThreadPoolExecutor.java:624)
        at java.lang.Thread.run(Thread.java:750)
"pool-116-thread-1"  prio=5 tid=221 timed_waiting
java.lang.Thread.State: TIMED_WAITING
        at sun.misc.Unsafe.park(Native Method)
        at java.util.concurrent.locks.LockSupport.parkNanos(LockSupport.java:215)
        at java.util.concurrent.locks.AbstractQueuedSynchronizer$ConditionObject.awaitNanos(AbstractQueuedSynchronizer.java:2078)
        at java.util.concurrent.ScheduledThreadPoolExecutor$DelayedWorkQueue.take(ScheduledThreadPoolExecutor.java:1093)
        at java.util.concurrent.ScheduledThreadPoolExecutor$DelayedWorkQueue.take(ScheduledThreadPoolExecutor.java:809)
        at java.util.concurrent.ThreadPoolExecutor.getTask(ThreadPoolExecutor.java:1074)
        at java.util.concurrent.ThreadPoolExecutor.runWorker(ThreadPoolExecutor.java:1134)
        at java.util.concurrent.ThreadPoolExecutor$Worker.run(ThreadPoolExecutor.java:624)
        at java.lang.Thread.run(Thread.java:750)
"IPC Server listener on 15001" daemon prio=5 tid=30 runnable
java.lang.Thread.State: RUNNABLE
        at sun.nio.ch.EPollArrayWrapper.epollWait(Native Method)
        at sun.nio.ch.EPollArrayWrapper.poll(EPollArrayWrapper.java:269)
        at sun.nio.ch.EPollSelectorImpl.doSelect(EPollSelectorImpl.java:93)
        at sun.nio.ch.SelectorImpl.lockAndDoSelect(SelectorImpl.java:86)
        at sun.nio.ch.SelectorImpl.select(SelectorImpl.java:97)
        at sun.nio.ch.SelectorImpl.select(SelectorImpl.java:101)
        at org.apache.hadoop.ipc.Server$Listener.run(Server.java:1408)
"timer5" daemon prio=5 tid=907 timed_waiting
java.lang.Thread.State: TIMED_WAITING
        at java.lang.Object.wait(Native Method)
        at java.util.TimerThread.mainLoop(Timer.java:552)
        at java.util.TimerThread.run(Timer.java:505)
"EventQueue-NodeRegistrationContainerReportForDataNodeSafeModeRule" daemon prio=5 tid=588 in Object.wait()
java.lang.Thread.State: WAITING (on object monitor)
        at sun.misc.Unsafe.park(Native Method)
        at java.util.concurrent.locks.LockSupport.park(LockSupport.java:175)
        at java.util.concurrent.locks.AbstractQueuedSynchronizer$ConditionObject.await(AbstractQueuedSynchronizer.java:2039)
        at java.util.concurrent.LinkedBlockingQueue.take(LinkedBlockingQueue.java:442)
        at java.util.concurrent.ThreadPoolExecutor.getTask(ThreadPoolExecutor.java:1074)
        at java.util.concurrent.ThreadPoolExecutor.runWorker(ThreadPoolExecutor.java:1134)
        at java.util.concurrent.ThreadPoolExecutor$Worker.run(ThreadPoolExecutor.java:624)
        at java.lang.Thread.run(Thread.java:750)
"Hadoop-Metrics-Updater-0" daemon prio=5 tid=39 timed_waiting
java.lang.Thread.State: TIMED_WAITING
        at sun.misc.Unsafe.park(Native Method)
        at java.util.concurrent.locks.LockSupport.parkNanos(LockSupport.java:215)
        at java.util.concurrent.locks.AbstractQueuedSynchronizer$ConditionObject.awaitNanos(AbstractQueuedSynchronizer.java:2078)
        at java.util.concurrent.ScheduledThreadPoolExecutor$DelayedWorkQueue.take(ScheduledThreadPoolExecutor.java:1093)
        at java.util.concurrent.ScheduledThreadPoolExecutor$DelayedWorkQueue.take(ScheduledThreadPoolExecutor.java:809)
        at java.util.concurrent.ThreadPoolExecutor.getTask(ThreadPoolExecutor.java:1074)
        at java.util.concurrent.ThreadPoolExecutor.runWorker(ThreadPoolExecutor.java:1134)
        at java.util.concurrent.ThreadPoolExecutor$Worker.run(ThreadPoolExecutor.java:624)
        at java.lang.Thread.run(Thread.java:750)
"55507c8a-594d-4e25-909f-8d2832294c55-ChunkReader-0" daemon prio=5 tid=1349 in Object.wait()
java.lang.Thread.State: WAITING (on object monitor)
        at sun.misc.Unsafe.park(Native Method)
        at java.util.concurrent.locks.LockSupport.park(LockSupport.java:175)
        at java.util.concurrent.locks.AbstractQueuedSynchronizer$ConditionObject.await(AbstractQueuedSynchronizer.java:2039)
        at java.util.concurrent.LinkedBlockingQueue.take(LinkedBlockingQueue.java:442)
        at java.util.concurrent.ThreadPoolExecutor.getTask(ThreadPoolExecutor.java:1074)
        at java.util.concurrent.ThreadPoolExecutor.runWorker(ThreadPoolExecutor.java:1134)
        at java.util.concurrent.ThreadPoolExecutor$Worker.run(ThreadPoolExecutor.java:624)
        at java.lang.Thread.run(Thread.java:750)
"Hadoop-Metrics-Updater-0" daemon prio=5 tid=409 timed_waiting
java.lang.Thread.State: TIMED_WAITING
        at sun.misc.Unsafe.park(Native Method)
        at java.util.concurrent.locks.LockSupport.parkNanos(LockSupport.java:215)
        at java.util.concurrent.locks.AbstractQueuedSynchronizer$ConditionObject.awaitNanos(AbstractQueuedSynchronizer.java:2078)
        at java.util.concurrent.ScheduledThreadPoolExecutor$DelayedWorkQueue.take(ScheduledThreadPoolExecutor.java:1093)
        at java.util.concurrent.ScheduledThreadPoolExecutor$DelayedWorkQueue.take(ScheduledThreadPoolExecutor.java:809)
        at java.util.concurrent.ThreadPoolExecutor.getTask(ThreadPoolExecutor.java:1074)
        at java.util.concurrent.ThreadPoolExecutor.runWorker(ThreadPoolExecutor.java:1134)
        at java.util.concurrent.ThreadPoolExecutor$Worker.run(ThreadPoolExecutor.java:624)
        at java.lang.Thread.run(Thread.java:750)
"1407d0d1-39ba-4bc0-b697-1e16e43cd838-DatanodeStateMachineDaemonThread" daemon prio=5 tid=324 timed_waiting
java.lang.Thread.State: TIMED_WAITING
        at java.lang.Thread.sleep(Native Method)
        at org.apache.hadoop.ozone.container.common.statemachine.DatanodeStateMachine.startStateMachineThread(DatanodeStateMachine.java:369)
        at org.apache.hadoop.ozone.container.common.statemachine.DatanodeStateMachine.lambda$startDaemon$1(DatanodeStateMachine.java:556)
        at org.apache.hadoop.ozone.container.common.statemachine.DatanodeStateMachine$$Lambda$1023/888481372.run(Unknown Source)
        at java.lang.Thread.run(Thread.java:750)
"pool-314-thread-1" daemon prio=5 tid=628 timed_waiting
java.lang.Thread.State: TIMED_WAITING
        at sun.misc.Unsafe.park(Native Method)
        at java.util.concurrent.locks.LockSupport.parkNanos(LockSupport.java:215)
        at java.util.concurrent.locks.AbstractQueuedSynchronizer$ConditionObject.awaitNanos(AbstractQueuedSynchronizer.java:2078)
        at java.util.concurrent.ScheduledThreadPoolExecutor$DelayedWorkQueue.take(ScheduledThreadPoolExecutor.java:1093)
        at java.util.concurrent.ScheduledThreadPoolExecutor$DelayedWorkQueue.take(ScheduledThreadPoolExecutor.java:809)
        at java.util.concurrent.ThreadPoolExecutor.getTask(ThreadPoolExecutor.java:1074)
        at java.util.concurrent.ThreadPoolExecutor.runWorker(ThreadPoolExecutor.java:1134)
        at java.util.concurrent.ThreadPoolExecutor$Worker.run(ThreadPoolExecutor.java:624)
        at java.lang.Thread.run(Thread.java:750)
"5b9beb6f-d596-489f-8a17-e362b772df82-ChunkReader-3" daemon prio=5 tid=1050 in Object.wait()
java.lang.Thread.State: WAITING (on object monitor)
        at sun.misc.Unsafe.park(Native Method)
        at java.util.concurrent.locks.LockSupport.park(LockSupport.java:175)
        at java.util.concurrent.locks.AbstractQueuedSynchronizer$ConditionObject.await(AbstractQueuedSynchronizer.java:2039)
        at java.util.concurrent.LinkedBlockingQueue.take(LinkedBlockingQueue.java:442)
        at java.util.concurrent.ThreadPoolExecutor.getTask(ThreadPoolExecutor.java:1074)
        at java.util.concurrent.ThreadPoolExecutor.runWorker(ThreadPoolExecutor.java:1134)
        at java.util.concurrent.ThreadPoolExecutor$Worker.run(ThreadPoolExecutor.java:624)
        at java.lang.Thread.run(Thread.java:750)
"StaleRecoveringContainerScrubbingService#0" daemon prio=5 tid=539 in Object.wait()
java.lang.Thread.State: WAITING (on object monitor)
        at sun.misc.Unsafe.park(Native Method)
        at java.util.concurrent.locks.LockSupport.park(LockSupport.java:175)
        at java.util.concurrent.locks.AbstractQueuedSynchronizer$ConditionObject.await(AbstractQueuedSynchronizer.java:2039)
        at java.util.concurrent.ScheduledThreadPoolExecutor$DelayedWorkQueue.take(ScheduledThreadPoolExecutor.java:1088)
        at java.util.concurrent.ScheduledThreadPoolExecutor$DelayedWorkQueue.take(ScheduledThreadPoolExecutor.java:809)
        at java.util.concurrent.ThreadPoolExecutor.getTask(ThreadPoolExecutor.java:1074)
        at java.util.concurrent.ThreadPoolExecutor.runWorker(ThreadPoolExecutor.java:1134)
        at java.util.concurrent.ThreadPoolExecutor$Worker.run(ThreadPoolExecutor.java:624)
        at java.lang.Thread.run(Thread.java:750)
"1407d0d1-39ba-4bc0-b697-1e16e43cd838-ChunkWriter-2-0" daemon prio=5 tid=547 in Object.wait()
java.lang.Thread.State: WAITING (on object monitor)
        at sun.misc.Unsafe.park(Native Method)
        at java.util.concurrent.locks.LockSupport.park(LockSupport.java:175)
        at java.util.concurrent.locks.AbstractQueuedSynchronizer$ConditionObject.await(AbstractQueuedSynchronizer.java:2039)
        at java.util.concurrent.LinkedBlockingDeque.takeFirst(LinkedBlockingDeque.java:492)
        at java.util.concurrent.LinkedBlockingDeque.take(LinkedBlockingDeque.java:680)
        at java.util.concurrent.ThreadPoolExecutor.getTask(ThreadPoolExecutor.java:1074)
        at java.util.concurrent.ThreadPoolExecutor.runWorker(ThreadPoolExecutor.java:1134)
        at java.util.concurrent.ThreadPoolExecutor$Worker.run(ThreadPoolExecutor.java:624)
        at java.lang.Thread.run(Thread.java:750)
"IPC Server handler 16 on default port 15000" daemon prio=5 tid=67 timed_waiting
java.lang.Thread.State: TIMED_WAITING
        at sun.misc.Unsafe.park(Native Method)
        at java.util.concurrent.locks.LockSupport.parkNanos(LockSupport.java:215)
        at java.util.concurrent.locks.AbstractQueuedSynchronizer$ConditionObject.awaitNanos(AbstractQueuedSynchronizer.java:2078)
        at java.util.concurrent.LinkedBlockingQueue.poll(LinkedBlockingQueue.java:467)
        at org.apache.hadoop.ipc.CallQueueManager.take(CallQueueManager.java:317)
        at org.apache.hadoop.ipc.Server$Handler.run(Server.java:3014)
"66ee3698-ded8-430f-8ecd-27f356af6e45-ChunkReader-3" daemon prio=5 tid=1151 in Object.wait()
java.lang.Thread.State: WAITING (on object monitor)
        at sun.misc.Unsafe.park(Native Method)
        at java.util.concurrent.locks.LockSupport.park(LockSupport.java:175)
        at java.util.concurrent.locks.AbstractQueuedSynchronizer$ConditionObject.await(AbstractQueuedSynchronizer.java:2039)
        at java.util.concurrent.LinkedBlockingQueue.take(LinkedBlockingQueue.java:442)
        at java.util.concurrent.ThreadPoolExecutor.getTask(ThreadPoolExecutor.java:1074)
        at java.util.concurrent.ThreadPoolExecutor.runWorker(ThreadPoolExecutor.java:1134)
        at java.util.concurrent.ThreadPoolExecutor$Worker.run(ThreadPoolExecutor.java:624)
        at java.lang.Thread.run(Thread.java:750)
"FixedThreadPoolWithAffinityExecutor-6-0" daemon prio=5 tid=46 timed_waiting
java.lang.Thread.State: TIMED_WAITING
        at sun.misc.Unsafe.park(Native Method)
        at java.util.concurrent.locks.LockSupport.parkNanos(LockSupport.java:215)
        at java.util.concurrent.locks.AbstractQueuedSynchronizer$ConditionObject.awaitNanos(AbstractQueuedSynchronizer.java:2078)
        at java.util.concurrent.LinkedBlockingQueue.poll(LinkedBlockingQueue.java:467)
        at org.apache.hadoop.hdds.scm.server.ContainerReportQueue.poll(ContainerReportQueue.java:266)
        at org.apache.hadoop.hdds.scm.server.ContainerReportQueue.poll(ContainerReportQueue.java:42)
        at org.apache.hadoop.hdds.server.events.FixedThreadPoolWithAffinityExecutor$ContainerReportProcessTask.run(FixedThreadPoolWithAffinityExecutor.java:253)
        at java.util.concurrent.Executors$RunnableAdapter.call(Executors.java:511)
        at java.util.concurrent.FutureTask.run(FutureTask.java:266)
        at java.util.concurrent.ThreadPoolExecutor.runWorker(ThreadPoolExecutor.java:1149)
        at java.util.concurrent.ThreadPoolExecutor$Worker.run(ThreadPoolExecutor.java:624)
        at java.lang.Thread.run(Thread.java:750)
"qtp165147466-284" daemon prio=5 tid=284 timed_waiting
java.lang.Thread.State: TIMED_WAITING
        at sun.misc.Unsafe.park(Native Method)
        at java.util.concurrent.locks.LockSupport.parkNanos(LockSupport.java:215)
        at java.util.concurrent.locks.AbstractQueuedSynchronizer$ConditionObject.awaitNanos(AbstractQueuedSynchronizer.java:2078)
        at org.eclipse.jetty.util.BlockingArrayQueue.poll(BlockingArrayQueue.java:382)
        at org.eclipse.jetty.util.thread.QueuedThreadPool$Runner.idleJobPoll(QueuedThreadPool.java:974)
        at org.eclipse.jetty.util.thread.QueuedThreadPool$Runner.run(QueuedThreadPool.java:1018)
        at java.lang.Thread.run(Thread.java:750)
"1407d0d1-39ba-4bc0-b697-1e16e43cd838-BlockDeletingService#3" daemon prio=5 tid=1498 in Object.wait()
java.lang.Thread.State: WAITING (on object monitor)
        at sun.misc.Unsafe.park(Native Method)
        at java.util.concurrent.locks.LockSupport.park(LockSupport.java:175)
        at java.util.concurrent.locks.AbstractQueuedSynchronizer$ConditionObject.await(AbstractQueuedSynchronizer.java:2039)
        at java.util.concurrent.ScheduledThreadPoolExecutor$DelayedWorkQueue.take(ScheduledThreadPoolExecutor.java:1088)
        at java.util.concurrent.ScheduledThreadPoolExecutor$DelayedWorkQueue.take(ScheduledThreadPoolExecutor.java:809)
        at java.util.concurrent.ThreadPoolExecutor.getTask(ThreadPoolExecutor.java:1074)
        at java.util.concurrent.ThreadPoolExecutor.runWorker(ThreadPoolExecutor.java:1134)
        at java.util.concurrent.ThreadPoolExecutor$Worker.run(ThreadPoolExecutor.java:624)
        at java.lang.Thread.run(Thread.java:750)
"0ef615e1-91db-4ede-b924-53e2d320f02d-server-thread1" daemon prio=5 tid=997 timed_waiting
java.lang.Thread.State: TIMED_WAITING
        at sun.misc.Unsafe.park(Native Method)
        at java.util.concurrent.locks.LockSupport.parkNanos(LockSupport.java:215)
        at java.util.concurrent.SynchronousQueue$TransferStack.awaitFulfill(SynchronousQueue.java:460)
        at java.util.concurrent.SynchronousQueue$TransferStack.transfer(SynchronousQueue.java:362)
        at java.util.concurrent.SynchronousQueue.poll(SynchronousQueue.java:941)
        at java.util.concurrent.ThreadPoolExecutor.getTask(ThreadPoolExecutor.java:1073)
        at java.util.concurrent.ThreadPoolExecutor.runWorker(ThreadPoolExecutor.java:1134)
        at java.util.concurrent.ThreadPoolExecutor$Worker.run(ThreadPoolExecutor.java:624)
        at java.lang.Thread.run(Thread.java:750)
"pool-90-thread-1"  prio=5 tid=192 timed_waiting
java.lang.Thread.State: TIMED_WAITING
        at sun.misc.Unsafe.park(Native Method)
        at java.util.concurrent.locks.LockSupport.parkNanos(LockSupport.java:215)
        at java.util.concurrent.locks.AbstractQueuedSynchronizer$ConditionObject.awaitNanos(AbstractQueuedSynchronizer.java:2078)
        at java.util.concurrent.ScheduledThreadPoolExecutor$DelayedWorkQueue.take(ScheduledThreadPoolExecutor.java:1093)
        at java.util.concurrent.ScheduledThreadPoolExecutor$DelayedWorkQueue.take(ScheduledThreadPoolExecutor.java:809)
        at java.util.concurrent.ThreadPoolExecutor.getTask(ThreadPoolExecutor.java:1074)
        at java.util.concurrent.ThreadPoolExecutor.runWorker(ThreadPoolExecutor.java:1134)
        at java.util.concurrent.ThreadPoolExecutor$Worker.run(ThreadPoolExecutor.java:624)
        at java.lang.Thread.run(Thread.java:750)
"IPC Server handler 7 on default port 15001" daemon prio=5 tid=78 timed_waiting
java.lang.Thread.State: TIMED_WAITING
        at sun.misc.Unsafe.park(Native Method)
        at java.util.concurrent.locks.LockSupport.parkNanos(LockSupport.java:215)
        at java.util.concurrent.locks.AbstractQueuedSynchronizer$ConditionObject.awaitNanos(AbstractQueuedSynchronizer.java:2078)
        at java.util.concurrent.LinkedBlockingQueue.poll(LinkedBlockingQueue.java:467)
        at org.apache.hadoop.ipc.CallQueueManager.take(CallQueueManager.java:317)
        at org.apache.hadoop.ipc.Server$Handler.run(Server.java:3014)
"StaleRecoveringContainerScrubbingService#9" daemon prio=5 tid=1480 in Object.wait()
java.lang.Thread.State: WAITING (on object monitor)
        at sun.misc.Unsafe.park(Native Method)
        at java.util.concurrent.locks.LockSupport.park(LockSupport.java:175)
        at java.util.concurrent.locks.AbstractQueuedSynchronizer$ConditionObject.await(AbstractQueuedSynchronizer.java:2039)
        at java.util.concurrent.ScheduledThreadPoolExecutor$DelayedWorkQueue.take(ScheduledThreadPoolExecutor.java:1088)
        at java.util.concurrent.ScheduledThreadPoolExecutor$DelayedWorkQueue.take(ScheduledThreadPoolExecutor.java:809)
        at java.util.concurrent.ThreadPoolExecutor.getTask(ThreadPoolExecutor.java:1074)
        at java.util.concurrent.ThreadPoolExecutor.runWorker(ThreadPoolExecutor.java:1134)
        at java.util.concurrent.ThreadPoolExecutor$Worker.run(ThreadPoolExecutor.java:624)
        at java.lang.Thread.run(Thread.java:750)
"f612f2cf-90dc-41dc-bf39-cf028d38c484@group-B006CA637614-LeaderStateImpl" daemon prio=5 tid=953 timed_waiting
java.lang.Thread.State: TIMED_WAITING
        at sun.misc.Unsafe.park(Native Method)
        at java.util.concurrent.locks.LockSupport.parkNanos(LockSupport.java:215)
        at java.util.concurrent.locks.AbstractQueuedSynchronizer$ConditionObject.awaitNanos(AbstractQueuedSynchronizer.java:2078)
        at java.util.concurrent.ArrayBlockingQueue.poll(ArrayBlockingQueue.java:418)
        at org.apache.ratis.server.impl.LeaderStateImpl$EventQueue.poll(LeaderStateImpl.java:164)
        at org.apache.ratis.server.impl.LeaderStateImpl$EventProcessor.run(LeaderStateImpl.java:702)
"1407d0d1-39ba-4bc0-b697-1e16e43cd838@group-6FEEDEC8654C-SegmentedRaftLogWorker"  prio=5 tid=688 timed_waiting
java.lang.Thread.State: TIMED_WAITING
        at sun.misc.Unsafe.park(Native Method)
        at java.util.concurrent.locks.LockSupport.parkNanos(LockSupport.java:215)
        at java.util.concurrent.locks.AbstractQueuedSynchronizer$ConditionObject.awaitNanos(AbstractQueuedSynchronizer.java:2078)
        at org.apache.ratis.util.DataBlockingQueue.poll(DataBlockingQueue.java:148)
        at org.apache.ratis.server.raftlog.segmented.SegmentedRaftLogWorker.run(SegmentedRaftLogWorker.java:307)
        at org.apache.ratis.server.raftlog.segmented.SegmentedRaftLogWorker$$Lambda$819/1928678273.run(Unknown Source)
        at java.util.concurrent.Executors$RunnableAdapter.call(Executors.java:511)
        at java.util.concurrent.FutureTask.run(FutureTask.java:266)
        at java.util.concurrent.ThreadPoolExecutor.runWorker(ThreadPoolExecutor.java:1149)
        at java.util.concurrent.ThreadPoolExecutor$Worker.run(ThreadPoolExecutor.java:624)
        at java.lang.Thread.run(Thread.java:750)
"grpc-default-boss-ELG-1-1" daemon prio=5 tid=146 runnable
java.lang.Thread.State: RUNNABLE
        at org.apache.ratis.thirdparty.io.netty.channel.epoll.Native.epollWait(Native Method)
        at org.apache.ratis.thirdparty.io.netty.channel.epoll.Native.epollWait(Native.java:209)
        at org.apache.ratis.thirdparty.io.netty.channel.epoll.Native.epollWait(Native.java:202)
        at org.apache.ratis.thirdparty.io.netty.channel.epoll.EpollEventLoop.epollWaitNoTimerChange(EpollEventLoop.java:306)
        at org.apache.ratis.thirdparty.io.netty.channel.epoll.EpollEventLoop.run(EpollEventLoop.java:363)
        at org.apache.ratis.thirdparty.io.netty.util.concurrent.SingleThreadEventExecutor$4.run(SingleThreadEventExecutor.java:997)
        at org.apache.ratis.thirdparty.io.netty.util.internal.ThreadExecutorMap$2.run(ThreadExecutorMap.java:74)
        at org.apache.ratis.thirdparty.io.netty.util.concurrent.FastThreadLocalRunnable.run(FastThreadLocalRunnable.java:30)
        at java.lang.Thread.run(Thread.java:750)
"qtp623734438-158" daemon prio=5 tid=158 timed_waiting
java.lang.Thread.State: TIMED_WAITING
        at sun.misc.Unsafe.park(Native Method)
        at java.util.concurrent.locks.LockSupport.parkNanos(LockSupport.java:215)
        at java.util.concurrent.locks.AbstractQueuedSynchronizer$ConditionObject.awaitNanos(AbstractQueuedSynchronizer.java:2078)
        at org.eclipse.jetty.util.BlockingArrayQueue.poll(BlockingArrayQueue.java:382)
        at org.eclipse.jetty.util.thread.QueuedThreadPool$Runner.idleJobPoll(QueuedThreadPool.java:974)
        at org.eclipse.jetty.util.thread.QueuedThreadPool$Runner.run(QueuedThreadPool.java:1018)
        at java.lang.Thread.run(Thread.java:750)
"Session-HouseKeeper-4e99e262-1"  prio=5 tid=317 timed_waiting
java.lang.Thread.State: TIMED_WAITING
        at sun.misc.Unsafe.park(Native Method)
        at java.util.concurrent.locks.LockSupport.parkNanos(LockSupport.java:215)
        at java.util.concurrent.locks.AbstractQueuedSynchronizer$ConditionObject.awaitNanos(AbstractQueuedSynchronizer.java:2078)
        at java.util.concurrent.ScheduledThreadPoolExecutor$DelayedWorkQueue.take(ScheduledThreadPoolExecutor.java:1093)
        at java.util.concurrent.ScheduledThreadPoolExecutor$DelayedWorkQueue.take(ScheduledThreadPoolExecutor.java:809)
        at java.util.concurrent.ThreadPoolExecutor.getTask(ThreadPoolExecutor.java:1074)
        at java.util.concurrent.ThreadPoolExecutor.runWorker(ThreadPoolExecutor.java:1134)
        at java.util.concurrent.ThreadPoolExecutor$Worker.run(ThreadPoolExecutor.java:624)
        at java.lang.Thread.run(Thread.java:750)
"23554148-3e4d-431f-a73e-f2401dbff1d4-server-thread2" daemon prio=5 tid=928 timed_waiting
java.lang.Thread.State: TIMED_WAITING
        at sun.misc.Unsafe.park(Native Method)
        at java.util.concurrent.locks.LockSupport.parkNanos(LockSupport.java:215)
        at java.util.concurrent.SynchronousQueue$TransferStack.awaitFulfill(SynchronousQueue.java:460)
        at java.util.concurrent.SynchronousQueue$TransferStack.transfer(SynchronousQueue.java:362)
        at java.util.concurrent.SynchronousQueue.poll(SynchronousQueue.java:941)
        at java.util.concurrent.ThreadPoolExecutor.getTask(ThreadPoolExecutor.java:1073)
        at java.util.concurrent.ThreadPoolExecutor.runWorker(ThreadPoolExecutor.java:1134)
        at java.util.concurrent.ThreadPoolExecutor$Worker.run(ThreadPoolExecutor.java:624)
        at java.lang.Thread.run(Thread.java:750)
"5b9beb6f-d596-489f-8a17-e362b772df82@group-3CEA00BD3BAC-LeaderStateImpl" daemon prio=5 tid=1321 timed_waiting
java.lang.Thread.State: TIMED_WAITING
        at sun.misc.Unsafe.park(Native Method)
        at java.util.concurrent.locks.LockSupport.parkNanos(LockSupport.java:215)
        at java.util.concurrent.locks.AbstractQueuedSynchronizer$ConditionObject.awaitNanos(AbstractQueuedSynchronizer.java:2078)
        at java.util.concurrent.ArrayBlockingQueue.poll(ArrayBlockingQueue.java:418)
        at org.apache.ratis.server.impl.LeaderStateImpl$EventQueue.poll(LeaderStateImpl.java:164)
        at org.apache.ratis.server.impl.LeaderStateImpl$EventProcessor.run(LeaderStateImpl.java:702)
"IPC Server Responder" daemon prio=5 tid=350 runnable
java.lang.Thread.State: RUNNABLE
        at sun.nio.ch.EPollArrayWrapper.epollWait(Native Method)
        at sun.nio.ch.EPollArrayWrapper.poll(EPollArrayWrapper.java:269)
        at sun.nio.ch.EPollSelectorImpl.doSelect(EPollSelectorImpl.java:93)
        at sun.nio.ch.SelectorImpl.lockAndDoSelect(SelectorImpl.java:86)
        at sun.nio.ch.SelectorImpl.select(SelectorImpl.java:97)
        at org.apache.hadoop.ipc.Server$Responder.doRunLoop(Server.java:1582)
        at org.apache.hadoop.ipc.Server$Responder.run(Server.java:1565)
"StaleRecoveringContainerScrubbingService#4" daemon prio=5 tid=1123 in Object.wait()
java.lang.Thread.State: WAITING (on object monitor)
        at sun.misc.Unsafe.park(Native Method)
        at java.util.concurrent.locks.LockSupport.park(LockSupport.java:175)
        at java.util.concurrent.locks.AbstractQueuedSynchronizer$ConditionObject.await(AbstractQueuedSynchronizer.java:2039)
        at java.util.concurrent.ScheduledThreadPoolExecutor$DelayedWorkQueue.take(ScheduledThreadPoolExecutor.java:1088)
        at java.util.concurrent.ScheduledThreadPoolExecutor$DelayedWorkQueue.take(ScheduledThreadPoolExecutor.java:809)
        at java.util.concurrent.ThreadPoolExecutor.getTask(ThreadPoolExecutor.java:1074)
        at java.util.concurrent.ThreadPoolExecutor.runWorker(ThreadPoolExecutor.java:1134)
        at java.util.concurrent.ThreadPoolExecutor$Worker.run(ThreadPoolExecutor.java:624)
        at java.lang.Thread.run(Thread.java:750)
"om1-KeyDeletingService#0" daemon prio=5 tid=149 timed_waiting
java.lang.Thread.State: TIMED_WAITING
        at sun.misc.Unsafe.park(Native Method)
        at java.util.concurrent.locks.LockSupport.parkNanos(LockSupport.java:215)
        at java.util.concurrent.locks.AbstractQueuedSynchronizer$ConditionObject.awaitNanos(AbstractQueuedSynchronizer.java:2078)
        at java.util.concurrent.ScheduledThreadPoolExecutor$DelayedWorkQueue.take(ScheduledThreadPoolExecutor.java:1093)
        at java.util.concurrent.ScheduledThreadPoolExecutor$DelayedWorkQueue.take(ScheduledThreadPoolExecutor.java:809)
        at java.util.concurrent.ThreadPoolExecutor.getTask(ThreadPoolExecutor.java:1074)
        at java.util.concurrent.ThreadPoolExecutor.runWorker(ThreadPoolExecutor.java:1134)
        at java.util.concurrent.ThreadPoolExecutor$Worker.run(ThreadPoolExecutor.java:624)
        at java.lang.Thread.run(Thread.java:750)
"94422c73-384a-4d9a-a15d-46d9f5b840aa-BlockDeletingService#1" daemon prio=5 tid=467 in Object.wait()
java.lang.Thread.State: WAITING (on object monitor)
        at sun.misc.Unsafe.park(Native Method)
        at java.util.concurrent.locks.LockSupport.park(LockSupport.java:175)
        at java.util.concurrent.locks.AbstractQueuedSynchronizer$ConditionObject.await(AbstractQueuedSynchronizer.java:2039)
        at java.util.concurrent.ScheduledThreadPoolExecutor$DelayedWorkQueue.take(ScheduledThreadPoolExecutor.java:1088)
        at java.util.concurrent.ScheduledThreadPoolExecutor$DelayedWorkQueue.take(ScheduledThreadPoolExecutor.java:809)
        at java.util.concurrent.ThreadPoolExecutor.getTask(ThreadPoolExecutor.java:1074)
        at java.util.concurrent.ThreadPoolExecutor.runWorker(ThreadPoolExecutor.java:1134)
        at java.util.concurrent.ThreadPoolExecutor$Worker.run(ThreadPoolExecutor.java:624)
        at java.lang.Thread.run(Thread.java:750)
"qtp1495131145-227" daemon prio=5 tid=227 timed_waiting
java.lang.Thread.State: TIMED_WAITING
        at sun.misc.Unsafe.park(Native Method)
        at java.util.concurrent.locks.LockSupport.parkNanos(LockSupport.java:215)
        at java.util.concurrent.locks.AbstractQueuedSynchronizer$ConditionObject.awaitNanos(AbstractQueuedSynchronizer.java:2078)
        at org.eclipse.jetty.util.BlockingArrayQueue.poll(BlockingArrayQueue.java:382)
        at org.eclipse.jetty.util.thread.QueuedThreadPool$Runner.idleJobPoll(QueuedThreadPool.java:974)
        at org.eclipse.jetty.util.thread.QueuedThreadPool$Runner.run(QueuedThreadPool.java:1018)
        at java.lang.Thread.run(Thread.java:750)
"om1-OMDoubleBufferFlushThread" daemon prio=5 tid=132 timed_waiting
java.lang.Thread.State: TIMED_WAITING
        at java.lang.Object.wait(Native Method)
        at org.apache.hadoop.ozone.om.ratis.OzoneManagerDoubleBuffer.canFlush(OzoneManagerDoubleBuffer.java:635)
        at org.apache.hadoop.ozone.om.ratis.OzoneManagerDoubleBuffer.flushTransactions(OzoneManagerDoubleBuffer.java:286)
        at org.apache.hadoop.ozone.om.ratis.OzoneManagerDoubleBuffer$$Lambda$632/961723931.run(Unknown Source)
        at java.lang.Thread.run(Thread.java:750)
"OverReplicatedProcessor" daemon prio=5 tid=1440 timed_waiting
java.lang.Thread.State: TIMED_WAITING
        at java.lang.Object.wait(Native Method)
        at org.apache.hadoop.hdds.scm.container.replication.UnhealthyReplicationProcessor.run(UnhealthyReplicationProcessor.java:174)
        at java.lang.Thread.run(Thread.java:750)
"IPC Server listener on 15037" daemon prio=5 tid=289 runnable
java.lang.Thread.State: RUNNABLE
        at sun.nio.ch.EPollArrayWrapper.epollWait(Native Method)
        at sun.nio.ch.EPollArrayWrapper.poll(EPollArrayWrapper.java:269)
        at sun.nio.ch.EPollSelectorImpl.doSelect(EPollSelectorImpl.java:93)
        at sun.nio.ch.SelectorImpl.lockAndDoSelect(SelectorImpl.java:86)
        at sun.nio.ch.SelectorImpl.select(SelectorImpl.java:97)
        at sun.nio.ch.SelectorImpl.select(SelectorImpl.java:101)
        at org.apache.hadoop.ipc.Server$Listener.run(Server.java:1408)
"94422c73-384a-4d9a-a15d-46d9f5b840aa@group-1D3807242C29-FollowerState" daemon prio=5 tid=891 timed_waiting
java.lang.Thread.State: TIMED_WAITING
        at java.lang.Thread.sleep(Native Method)
        at java.lang.Thread.sleep(Thread.java:342)
        at java.util.concurrent.TimeUnit.sleep(TimeUnit.java:386)
        at org.apache.ratis.util.TimeDuration.sleep(TimeDuration.java:325)
        at org.apache.ratis.util.TimeDuration.sleep(TimeDuration.java:310)
        at org.apache.ratis.server.impl.FollowerState.run(FollowerState.java:128)
"EventQueue-PipelineReportForOneReplicaPipelineSafeModeRule" daemon prio=5 tid=591 in Object.wait()
java.lang.Thread.State: WAITING (on object monitor)
        at sun.misc.Unsafe.park(Native Method)
        at java.util.concurrent.locks.LockSupport.park(LockSupport.java:175)
        at java.util.concurrent.locks.AbstractQueuedSynchronizer$ConditionObject.await(AbstractQueuedSynchronizer.java:2039)
        at java.util.concurrent.LinkedBlockingQueue.take(LinkedBlockingQueue.java:442)
        at java.util.concurrent.ThreadPoolExecutor.getTask(ThreadPoolExecutor.java:1074)
        at java.util.concurrent.ThreadPoolExecutor.runWorker(ThreadPoolExecutor.java:1134)
        at java.util.concurrent.ThreadPoolExecutor$Worker.run(ThreadPoolExecutor.java:624)
        at java.lang.Thread.run(Thread.java:750)
"timer3" daemon prio=5 tid=900 timed_waiting
java.lang.Thread.State: TIMED_WAITING
        at java.lang.Object.wait(Native Method)
        at java.util.TimerThread.mainLoop(Timer.java:552)
        at java.util.TimerThread.run(Timer.java:505)
"Session-HouseKeeper-5b820a87-1"  prio=5 tid=259 timed_waiting
java.lang.Thread.State: TIMED_WAITING
        at sun.misc.Unsafe.park(Native Method)
        at java.util.concurrent.locks.LockSupport.parkNanos(LockSupport.java:215)
        at java.util.concurrent.locks.AbstractQueuedSynchronizer$ConditionObject.awaitNanos(AbstractQueuedSynchronizer.java:2078)
        at java.util.concurrent.ScheduledThreadPoolExecutor$DelayedWorkQueue.take(ScheduledThreadPoolExecutor.java:1093)
        at java.util.concurrent.ScheduledThreadPoolExecutor$DelayedWorkQueue.take(ScheduledThreadPoolExecutor.java:809)
        at java.util.concurrent.ThreadPoolExecutor.getTask(ThreadPoolExecutor.java:1074)
        at java.util.concurrent.ThreadPoolExecutor.runWorker(ThreadPoolExecutor.java:1134)
        at java.util.concurrent.ThreadPoolExecutor$Worker.run(ThreadPoolExecutor.java:624)
        at java.lang.Thread.run(Thread.java:750)
"IPC Server listener on 15010" daemon prio=5 tid=202 runnable
java.lang.Thread.State: RUNNABLE
        at sun.nio.ch.EPollArrayWrapper.epollWait(Native Method)
        at sun.nio.ch.EPollArrayWrapper.poll(EPollArrayWrapper.java:269)
        at sun.nio.ch.EPollSelectorImpl.doSelect(EPollSelectorImpl.java:93)
        at sun.nio.ch.SelectorImpl.lockAndDoSelect(SelectorImpl.java:86)
        at sun.nio.ch.SelectorImpl.select(SelectorImpl.java:97)
        at sun.nio.ch.SelectorImpl.select(SelectorImpl.java:101)
        at org.apache.hadoop.ipc.Server$Listener.run(Server.java:1408)
"qtp433327046-194-acceptor-0@1a5146d1-ServerConnector@6b6a60f4{HTTP/1.1, (http/1.1)}{0.0.0.0:15009}" daemon prio=3 tid=194 runnable
java.lang.Thread.State: RUNNABLE
        at sun.nio.ch.ServerSocketChannelImpl.accept0(Native Method)
        at sun.nio.ch.ServerSocketChannelImpl.accept(ServerSocketChannelImpl.java:421)
        at sun.nio.ch.ServerSocketChannelImpl.accept(ServerSocketChannelImpl.java:249)
        at org.eclipse.jetty.server.ServerConnector.accept(ServerConnector.java:388)
        at org.eclipse.jetty.server.AbstractConnector$Acceptor.run(AbstractConnector.java:704)
        at org.eclipse.jetty.util.thread.QueuedThreadPool.runJob(QueuedThreadPool.java:883)
        at org.eclipse.jetty.util.thread.QueuedThreadPool$Runner.run(QueuedThreadPool.java:1034)
        at java.lang.Thread.run(Thread.java:750)
"IPC Server Responder" daemon prio=5 tid=292 runnable
java.lang.Thread.State: RUNNABLE
        at sun.nio.ch.EPollArrayWrapper.epollWait(Native Method)
        at sun.nio.ch.EPollArrayWrapper.poll(EPollArrayWrapper.java:269)
        at sun.nio.ch.EPollSelectorImpl.doSelect(EPollSelectorImpl.java:93)
        at sun.nio.ch.SelectorImpl.lockAndDoSelect(SelectorImpl.java:86)
        at sun.nio.ch.SelectorImpl.select(SelectorImpl.java:97)
        at org.apache.hadoop.ipc.Server$Responder.doRunLoop(Server.java:1582)
        at org.apache.hadoop.ipc.Server$Responder.run(Server.java:1565)
"f612f2cf-90dc-41dc-bf39-cf028d38c484-PipelineCommandHandlerThread-0"  prio=5 tid=712 in Object.wait()
java.lang.Thread.State: WAITING (on object monitor)
        at sun.misc.Unsafe.park(Native Method)
        at java.util.concurrent.locks.LockSupport.park(LockSupport.java:175)
        at java.util.concurrent.locks.AbstractQueuedSynchronizer$ConditionObject.await(AbstractQueuedSynchronizer.java:2039)
        at java.util.concurrent.LinkedBlockingQueue.take(LinkedBlockingQueue.java:442)
        at java.util.concurrent.ThreadPoolExecutor.getTask(ThreadPoolExecutor.java:1074)
        at java.util.concurrent.ThreadPoolExecutor.runWorker(ThreadPoolExecutor.java:1134)
        at java.util.concurrent.ThreadPoolExecutor$Worker.run(ThreadPoolExecutor.java:624)
        at java.lang.Thread.run(Thread.java:750)
"0ef615e1-91db-4ede-b924-53e2d320f02d-DatanodeStateMachineTaskThread-1"  prio=5 tid=445 in Object.wait()
java.lang.Thread.State: WAITING (on object monitor)
        at sun.misc.Unsafe.park(Native Method)
        at java.util.concurrent.locks.LockSupport.park(LockSupport.java:175)
        at java.util.concurrent.locks.AbstractQueuedSynchronizer$ConditionObject.await(AbstractQueuedSynchronizer.java:2039)
        at java.util.concurrent.LinkedBlockingQueue.take(LinkedBlockingQueue.java:442)
        at java.util.concurrent.ThreadPoolExecutor.getTask(ThreadPoolExecutor.java:1074)
        at java.util.concurrent.ThreadPoolExecutor.runWorker(ThreadPoolExecutor.java:1134)
        at java.util.concurrent.ThreadPoolExecutor$Worker.run(ThreadPoolExecutor.java:624)
        at java.lang.Thread.run(Thread.java:750)
"StaleRecoveringContainerScrubbingService#9" daemon prio=5 tid=1481 in Object.wait()
java.lang.Thread.State: WAITING (on object monitor)
        at sun.misc.Unsafe.park(Native Method)
        at java.util.concurrent.locks.LockSupport.park(LockSupport.java:175)
        at java.util.concurrent.locks.AbstractQueuedSynchronizer$ConditionObject.await(AbstractQueuedSynchronizer.java:2039)
        at java.util.concurrent.ScheduledThreadPoolExecutor$DelayedWorkQueue.take(ScheduledThreadPoolExecutor.java:1088)
        at java.util.concurrent.ScheduledThreadPoolExecutor$DelayedWorkQueue.take(ScheduledThreadPoolExecutor.java:809)
        at java.util.concurrent.ThreadPoolExecutor.getTask(ThreadPoolExecutor.java:1074)
        at java.util.concurrent.ThreadPoolExecutor.runWorker(ThreadPoolExecutor.java:1134)
        at java.util.concurrent.ThreadPoolExecutor$Worker.run(ThreadPoolExecutor.java:624)
        at java.lang.Thread.run(Thread.java:750)
"qtp1885129157-491" daemon prio=5 tid=491 timed_waiting
java.lang.Thread.State: TIMED_WAITING
        at sun.misc.Unsafe.park(Native Method)
        at java.util.concurrent.locks.LockSupport.parkNanos(LockSupport.java:215)
        at java.util.concurrent.locks.AbstractQueuedSynchronizer$ConditionObject.awaitNanos(AbstractQueuedSynchronizer.java:2078)
        at org.eclipse.jetty.util.BlockingArrayQueue.poll(BlockingArrayQueue.java:382)
        at org.eclipse.jetty.util.thread.QueuedThreadPool$Runner.idleJobPoll(QueuedThreadPool.java:974)
        at org.eclipse.jetty.util.thread.QueuedThreadPool$Runner.run(QueuedThreadPool.java:1018)
        at java.lang.Thread.run(Thread.java:750)
"0ef615e1-91db-4ede-b924-53e2d320f02d-server-thread4" daemon prio=5 tid=908 timed_waiting
java.lang.Thread.State: TIMED_WAITING
        at sun.misc.Unsafe.park(Native Method)
        at java.util.concurrent.locks.LockSupport.parkNanos(LockSupport.java:215)
        at java.util.concurrent.SynchronousQueue$TransferStack.awaitFulfill(SynchronousQueue.java:460)
        at java.util.concurrent.SynchronousQueue$TransferStack.transfer(SynchronousQueue.java:362)
        at java.util.concurrent.SynchronousQueue.poll(SynchronousQueue.java:941)
        at java.util.concurrent.ThreadPoolExecutor.getTask(ThreadPoolExecutor.java:1073)
        at java.util.concurrent.ThreadPoolExecutor.runWorker(ThreadPoolExecutor.java:1134)
        at java.util.concurrent.ThreadPoolExecutor$Worker.run(ThreadPoolExecutor.java:624)
        at java.lang.Thread.run(Thread.java:750)
"PartialTableCache-Cleanup-0" daemon prio=5 tid=1053 in Object.wait()
java.lang.Thread.State: WAITING (on object monitor)
        at sun.misc.Unsafe.park(Native Method)
        at java.util.concurrent.locks.LockSupport.park(LockSupport.java:175)
        at java.util.concurrent.locks.AbstractQueuedSynchronizer$ConditionObject.await(AbstractQueuedSynchronizer.java:2039)
        at java.util.concurrent.LinkedBlockingQueue.take(LinkedBlockingQueue.java:442)
        at java.util.concurrent.ThreadPoolExecutor.getTask(ThreadPoolExecutor.java:1074)
        at java.util.concurrent.ThreadPoolExecutor.runWorker(ThreadPoolExecutor.java:1134)
        at java.util.concurrent.ThreadPoolExecutor$Worker.run(ThreadPoolExecutor.java:624)
        at java.lang.Thread.run(Thread.java:750)
"f612f2cf-90dc-41dc-bf39-cf028d38c484-DatanodeReportManager-2" daemon prio=5 tid=415 in Object.wait()
java.lang.Thread.State: WAITING (on object monitor)
        at sun.misc.Unsafe.park(Native Method)
        at java.util.concurrent.locks.LockSupport.park(LockSupport.java:175)
        at java.util.concurrent.locks.AbstractQueuedSynchronizer$ConditionObject.await(AbstractQueuedSynchronizer.java:2039)
        at java.util.concurrent.ScheduledThreadPoolExecutor$DelayedWorkQueue.take(ScheduledThreadPoolExecutor.java:1088)
        at java.util.concurrent.ScheduledThreadPoolExecutor$DelayedWorkQueue.take(ScheduledThreadPoolExecutor.java:809)
        at java.util.concurrent.ThreadPoolExecutor.getTask(ThreadPoolExecutor.java:1074)
        at java.util.concurrent.ThreadPoolExecutor.runWorker(ThreadPoolExecutor.java:1134)
        at java.util.concurrent.ThreadPoolExecutor$Worker.run(ThreadPoolExecutor.java:624)
        at java.lang.Thread.run(Thread.java:750)
"23554148-3e4d-431f-a73e-f2401dbff1d4-groupManagement"  prio=5 tid=676 in Object.wait()
java.lang.Thread.State: WAITING (on object monitor)
        at sun.misc.Unsafe.park(Native Method)
        at java.util.concurrent.locks.LockSupport.park(LockSupport.java:175)
        at java.util.concurrent.locks.AbstractQueuedSynchronizer$ConditionObject.await(AbstractQueuedSynchronizer.java:2039)
        at java.util.concurrent.LinkedBlockingQueue.take(LinkedBlockingQueue.java:442)
        at java.util.concurrent.ThreadPoolExecutor.getTask(ThreadPoolExecutor.java:1074)
        at java.util.concurrent.ThreadPoolExecutor.runWorker(ThreadPoolExecutor.java:1134)
        at java.util.concurrent.ThreadPoolExecutor$Worker.run(ThreadPoolExecutor.java:624)
        at java.lang.Thread.run(Thread.java:750)
"IPC Server Responder" daemon prio=5 tid=140 runnable
java.lang.Thread.State: RUNNABLE
        at sun.nio.ch.EPollArrayWrapper.epollWait(Native Method)
        at sun.nio.ch.EPollArrayWrapper.poll(EPollArrayWrapper.java:269)
        at sun.nio.ch.EPollSelectorImpl.doSelect(EPollSelectorImpl.java:93)
        at sun.nio.ch.SelectorImpl.lockAndDoSelect(SelectorImpl.java:86)
        at sun.nio.ch.SelectorImpl.select(SelectorImpl.java:97)
        at org.apache.hadoop.ipc.Server$Responder.doRunLoop(Server.java:1582)
        at org.apache.hadoop.ipc.Server$Responder.run(Server.java:1565)
"23554148-3e4d-431f-a73e-f2401dbff1d4-DatanodeStateMachineTaskThread-1"  prio=5 tid=554 in Object.wait()
java.lang.Thread.State: WAITING (on object monitor)
        at sun.misc.Unsafe.park(Native Method)
        at java.util.concurrent.locks.LockSupport.park(LockSupport.java:175)
        at java.util.concurrent.locks.AbstractQueuedSynchronizer$ConditionObject.await(AbstractQueuedSynchronizer.java:2039)
        at java.util.concurrent.LinkedBlockingQueue.take(LinkedBlockingQueue.java:442)
        at java.util.concurrent.ThreadPoolExecutor.getTask(ThreadPoolExecutor.java:1074)
        at java.util.concurrent.ThreadPoolExecutor.runWorker(ThreadPoolExecutor.java:1134)
        at java.util.concurrent.ThreadPoolExecutor$Worker.run(ThreadPoolExecutor.java:624)
        at java.lang.Thread.run(Thread.java:750)
"StaleRecoveringContainerScrubbingService#9" daemon prio=5 tid=1475 in Object.wait()
java.lang.Thread.State: WAITING (on object monitor)
        at sun.misc.Unsafe.park(Native Method)
        at java.util.concurrent.locks.LockSupport.park(LockSupport.java:175)
        at java.util.concurrent.locks.AbstractQueuedSynchronizer$ConditionObject.await(AbstractQueuedSynchronizer.java:2039)
        at java.util.concurrent.ScheduledThreadPoolExecutor$DelayedWorkQueue.take(ScheduledThreadPoolExecutor.java:1088)
        at java.util.concurrent.ScheduledThreadPoolExecutor$DelayedWorkQueue.take(ScheduledThreadPoolExecutor.java:809)
        at java.util.concurrent.ThreadPoolExecutor.getTask(ThreadPoolExecutor.java:1074)
        at java.util.concurrent.ThreadPoolExecutor.runWorker(ThreadPoolExecutor.java:1134)
        at java.util.concurrent.ThreadPoolExecutor$Worker.run(ThreadPoolExecutor.java:624)
        at java.lang.Thread.run(Thread.java:750)
"StaleRecoveringContainerScrubbingService#6" daemon prio=5 tid=1335 in Object.wait()
java.lang.Thread.State: WAITING (on object monitor)
        at sun.misc.Unsafe.park(Native Method)
        at java.util.concurrent.locks.LockSupport.park(LockSupport.java:175)
        at java.util.concurrent.locks.AbstractQueuedSynchronizer$ConditionObject.await(AbstractQueuedSynchronizer.java:2039)
        at java.util.concurrent.ScheduledThreadPoolExecutor$DelayedWorkQueue.take(ScheduledThreadPoolExecutor.java:1088)
        at java.util.concurrent.ScheduledThreadPoolExecutor$DelayedWorkQueue.take(ScheduledThreadPoolExecutor.java:809)
        at java.util.concurrent.ThreadPoolExecutor.getTask(ThreadPoolExecutor.java:1074)
        at java.util.concurrent.ThreadPoolExecutor.runWorker(ThreadPoolExecutor.java:1134)
        at java.util.concurrent.ThreadPoolExecutor$Worker.run(ThreadPoolExecutor.java:624)
        at java.lang.Thread.run(Thread.java:750)
"1407d0d1-39ba-4bc0-b697-1e16e43cd838@group-5C95EDC39216-StateMachineUpdater" daemon prio=5 tid=796 timed_waiting
java.lang.Thread.State: TIMED_WAITING
        at sun.misc.Unsafe.park(Native Method)
        at java.util.concurrent.locks.LockSupport.parkNanos(LockSupport.java:215)
        at java.util.concurrent.locks.AbstractQueuedSynchronizer$ConditionObject.await(AbstractQueuedSynchronizer.java:2163)
        at org.apache.ratis.util.AwaitForSignal.await(AwaitForSignal.java:62)
        at org.apache.ratis.server.impl.StateMachineUpdater.waitForCommit(StateMachineUpdater.java:209)
        at org.apache.ratis.server.impl.StateMachineUpdater.run(StateMachineUpdater.java:178)
        at java.lang.Thread.run(Thread.java:750)
"StaleRecoveringContainerScrubbingService#3" daemon prio=5 tid=1371 in Object.wait()
java.lang.Thread.State: WAITING (on object monitor)
        at sun.misc.Unsafe.park(Native Method)
        at java.util.concurrent.locks.LockSupport.park(LockSupport.java:175)
        at java.util.concurrent.locks.AbstractQueuedSynchronizer$ConditionObject.await(AbstractQueuedSynchronizer.java:2039)
        at java.util.concurrent.ScheduledThreadPoolExecutor$DelayedWorkQueue.take(ScheduledThreadPoolExecutor.java:1088)
        at java.util.concurrent.ScheduledThreadPoolExecutor$DelayedWorkQueue.take(ScheduledThreadPoolExecutor.java:809)
        at java.util.concurrent.ThreadPoolExecutor.getTask(ThreadPoolExecutor.java:1074)
        at java.util.concurrent.ThreadPoolExecutor.runWorker(ThreadPoolExecutor.java:1134)
        at java.util.concurrent.ThreadPoolExecutor$Worker.run(ThreadPoolExecutor.java:624)
        at java.lang.Thread.run(Thread.java:750)
"qtp1742206865-315" daemon prio=5 tid=315 timed_waiting
java.lang.Thread.State: TIMED_WAITING
        at sun.misc.Unsafe.park(Native Method)
        at java.util.concurrent.locks.LockSupport.parkNanos(LockSupport.java:215)
        at java.util.concurrent.locks.AbstractQueuedSynchronizer$ConditionObject.awaitNanos(AbstractQueuedSynchronizer.java:2078)
        at org.eclipse.jetty.util.BlockingArrayQueue.poll(BlockingArrayQueue.java:382)
        at org.eclipse.jetty.util.thread.QueuedThreadPool$Runner.idleJobPoll(QueuedThreadPool.java:974)
        at org.eclipse.jetty.util.thread.QueuedThreadPool$Runner.run(QueuedThreadPool.java:1018)
        at java.lang.Thread.run(Thread.java:750)
"0ef615e1-91db-4ede-b924-53e2d320f02d@group-DB510C58C202-SegmentedRaftLogWorker"  prio=5 tid=654 timed_waiting
java.lang.Thread.State: TIMED_WAITING
        at sun.misc.Unsafe.park(Native Method)
        at java.util.concurrent.locks.LockSupport.parkNanos(LockSupport.java:215)
        at java.util.concurrent.locks.AbstractQueuedSynchronizer$ConditionObject.awaitNanos(AbstractQueuedSynchronizer.java:2078)
        at org.apache.ratis.util.DataBlockingQueue.poll(DataBlockingQueue.java:148)
        at org.apache.ratis.server.raftlog.segmented.SegmentedRaftLogWorker.run(SegmentedRaftLogWorker.java:307)
        at org.apache.ratis.server.raftlog.segmented.SegmentedRaftLogWorker$$Lambda$819/1928678273.run(Unknown Source)
        at java.util.concurrent.Executors$RunnableAdapter.call(Executors.java:511)
        at java.util.concurrent.FutureTask.run(FutureTask.java:266)
        at java.util.concurrent.ThreadPoolExecutor.runWorker(ThreadPoolExecutor.java:1149)
        at java.util.concurrent.ThreadPoolExecutor$Worker.run(ThreadPoolExecutor.java:624)
        at java.lang.Thread.run(Thread.java:750)
"StaleRecoveringContainerScrubbingService#4" daemon prio=5 tid=1126 in Object.wait()
java.lang.Thread.State: WAITING (on object monitor)
        at sun.misc.Unsafe.park(Native Method)
        at java.util.concurrent.locks.LockSupport.park(LockSupport.java:175)
        at java.util.concurrent.locks.AbstractQueuedSynchronizer$ConditionObject.await(AbstractQueuedSynchronizer.java:2039)
        at java.util.concurrent.ScheduledThreadPoolExecutor$DelayedWorkQueue.take(ScheduledThreadPoolExecutor.java:1088)
        at java.util.concurrent.ScheduledThreadPoolExecutor$DelayedWorkQueue.take(ScheduledThreadPoolExecutor.java:809)
        at java.util.concurrent.ThreadPoolExecutor.getTask(ThreadPoolExecutor.java:1074)
        at java.util.concurrent.ThreadPoolExecutor.runWorker(ThreadPoolExecutor.java:1134)
        at java.util.concurrent.ThreadPoolExecutor$Worker.run(ThreadPoolExecutor.java:624)
        at java.lang.Thread.run(Thread.java:750)
"94422c73-384a-4d9a-a15d-46d9f5b840aa-ChunkReader-ELG-0" daemon prio=5 tid=462 runnable
java.lang.Thread.State: RUNNABLE
        at org.apache.ratis.thirdparty.io.netty.channel.epoll.Native.epollWait0(Native Method)
        at org.apache.ratis.thirdparty.io.netty.channel.epoll.Native.epollWait(Native.java:182)
        at org.apache.ratis.thirdparty.io.netty.channel.epoll.EpollEventLoop.epollWait(EpollEventLoop.java:302)
        at org.apache.ratis.thirdparty.io.netty.channel.epoll.EpollEventLoop.run(EpollEventLoop.java:366)
        at org.apache.ratis.thirdparty.io.netty.util.concurrent.SingleThreadEventExecutor$4.run(SingleThreadEventExecutor.java:997)
        at org.apache.ratis.thirdparty.io.netty.util.internal.ThreadExecutorMap$2.run(ThreadExecutorMap.java:74)
        at java.lang.Thread.run(Thread.java:750)
"55507c8a-594d-4e25-909f-8d2832294c55-DatanodeReportManager-1" daemon prio=5 tid=1179 timed_waiting
java.lang.Thread.State: TIMED_WAITING
        at sun.misc.Unsafe.park(Native Method)
        at java.util.concurrent.locks.LockSupport.parkNanos(LockSupport.java:215)
        at java.util.concurrent.locks.AbstractQueuedSynchronizer$ConditionObject.awaitNanos(AbstractQueuedSynchronizer.java:2078)
        at java.util.concurrent.ScheduledThreadPoolExecutor$DelayedWorkQueue.take(ScheduledThreadPoolExecutor.java:1093)
        at java.util.concurrent.ScheduledThreadPoolExecutor$DelayedWorkQueue.take(ScheduledThreadPoolExecutor.java:809)
        at java.util.concurrent.ThreadPoolExecutor.getTask(ThreadPoolExecutor.java:1074)
        at java.util.concurrent.ThreadPoolExecutor.runWorker(ThreadPoolExecutor.java:1134)
        at java.util.concurrent.ThreadPoolExecutor$Worker.run(ThreadPoolExecutor.java:624)
        at java.lang.Thread.run(Thread.java:750)
"IPC Server idle connection scanner for port 15073" daemon prio=5 tid=407 timed_waiting
java.lang.Thread.State: TIMED_WAITING
        at java.lang.Object.wait(Native Method)
        at java.util.TimerThread.mainLoop(Timer.java:552)
        at java.util.TimerThread.run(Timer.java:505)
"94422c73-384a-4d9a-a15d-46d9f5b840aa-BlockDeletingService#3" daemon prio=5 tid=1494 in Object.wait()
java.lang.Thread.State: WAITING (on object monitor)
        at sun.misc.Unsafe.park(Native Method)
        at java.util.concurrent.locks.LockSupport.park(LockSupport.java:175)
        at java.util.concurrent.locks.AbstractQueuedSynchronizer$ConditionObject.await(AbstractQueuedSynchronizer.java:2039)
        at java.util.concurrent.ScheduledThreadPoolExecutor$DelayedWorkQueue.take(ScheduledThreadPoolExecutor.java:1088)
        at java.util.concurrent.ScheduledThreadPoolExecutor$DelayedWorkQueue.take(ScheduledThreadPoolExecutor.java:809)
        at java.util.concurrent.ThreadPoolExecutor.getTask(ThreadPoolExecutor.java:1074)
        at java.util.concurrent.ThreadPoolExecutor.runWorker(ThreadPoolExecutor.java:1134)
        at java.util.concurrent.ThreadPoolExecutor$Worker.run(ThreadPoolExecutor.java:624)
        at java.lang.Thread.run(Thread.java:750)
"IPC Server listener on 15082" daemon prio=5 tid=1171 runnable
java.lang.Thread.State: RUNNABLE
        at sun.nio.ch.EPollArrayWrapper.epollWait(Native Method)
        at sun.nio.ch.EPollArrayWrapper.poll(EPollArrayWrapper.java:269)
        at sun.nio.ch.EPollSelectorImpl.doSelect(EPollSelectorImpl.java:93)
        at sun.nio.ch.SelectorImpl.lockAndDoSelect(SelectorImpl.java:86)
        at sun.nio.ch.SelectorImpl.select(SelectorImpl.java:97)
        at sun.nio.ch.SelectorImpl.select(SelectorImpl.java:101)
        at org.apache.hadoop.ipc.Server$Listener.run(Server.java:1408)
"PartialTableCache-Cleanup-0" daemon prio=5 tid=973 in Object.wait()
java.lang.Thread.State: WAITING (on object monitor)
        at sun.misc.Unsafe.park(Native Method)
        at java.util.concurrent.locks.LockSupport.park(LockSupport.java:175)
        at java.util.concurrent.locks.AbstractQueuedSynchronizer$ConditionObject.await(AbstractQueuedSynchronizer.java:2039)
        at java.util.concurrent.LinkedBlockingQueue.take(LinkedBlockingQueue.java:442)
        at java.util.concurrent.ThreadPoolExecutor.getTask(ThreadPoolExecutor.java:1074)
        at java.util.concurrent.ThreadPoolExecutor.runWorker(ThreadPoolExecutor.java:1134)
        at java.util.concurrent.ThreadPoolExecutor$Worker.run(ThreadPoolExecutor.java:624)
        at java.lang.Thread.run(Thread.java:750)
"f612f2cf-90dc-41dc-bf39-cf028d38c484-server-thread2" daemon prio=5 tid=1328 timed_waiting
java.lang.Thread.State: TIMED_WAITING
        at sun.misc.Unsafe.park(Native Method)
        at java.util.concurrent.locks.LockSupport.parkNanos(LockSupport.java:215)
        at java.util.concurrent.SynchronousQueue$TransferStack.awaitFulfill(SynchronousQueue.java:460)
        at java.util.concurrent.SynchronousQueue$TransferStack.transfer(SynchronousQueue.java:362)
        at java.util.concurrent.SynchronousQueue.poll(SynchronousQueue.java:941)
        at java.util.concurrent.ThreadPoolExecutor.getTask(ThreadPoolExecutor.java:1073)
        at java.util.concurrent.ThreadPoolExecutor.runWorker(ThreadPoolExecutor.java:1134)
        at java.util.concurrent.ThreadPoolExecutor$Worker.run(ThreadPoolExecutor.java:624)
        at java.lang.Thread.run(Thread.java:750)
"0ef615e1-91db-4ede-b924-53e2d320f02d-ChunkReader-ELG-0" daemon prio=5 tid=479 runnable
java.lang.Thread.State: RUNNABLE
        at org.apache.ratis.thirdparty.io.netty.channel.epoll.Native.epollWait0(Native Method)
        at org.apache.ratis.thirdparty.io.netty.channel.epoll.Native.epollWait(Native.java:182)
        at org.apache.ratis.thirdparty.io.netty.channel.epoll.EpollEventLoop.epollWait(EpollEventLoop.java:302)
        at org.apache.ratis.thirdparty.io.netty.channel.epoll.EpollEventLoop.run(EpollEventLoop.java:366)
        at org.apache.ratis.thirdparty.io.netty.util.concurrent.SingleThreadEventExecutor$4.run(SingleThreadEventExecutor.java:997)
        at org.apache.ratis.thirdparty.io.netty.util.internal.ThreadExecutorMap$2.run(ThreadExecutorMap.java:74)
        at java.lang.Thread.run(Thread.java:750)
"qtp1495131145-229" daemon prio=5 tid=229 timed_waiting
java.lang.Thread.State: TIMED_WAITING
        at sun.misc.Unsafe.park(Native Method)
        at java.util.concurrent.locks.LockSupport.parkNanos(LockSupport.java:215)
        at java.util.concurrent.locks.AbstractQueuedSynchronizer$ConditionObject.awaitNanos(AbstractQueuedSynchronizer.java:2078)
        at org.eclipse.jetty.util.BlockingArrayQueue.poll(BlockingArrayQueue.java:382)
        at org.eclipse.jetty.util.thread.QueuedThreadPool$Runner.idleJobPoll(QueuedThreadPool.java:974)
        at org.eclipse.jetty.util.thread.QueuedThreadPool$Runner.run(QueuedThreadPool.java:1018)
        at java.lang.Thread.run(Thread.java:750)
"StaleRecoveringContainerScrubbingService#6" daemon prio=5 tid=1483 in Object.wait()
java.lang.Thread.State: WAITING (on object monitor)
        at sun.misc.Unsafe.park(Native Method)
        at java.util.concurrent.locks.LockSupport.park(LockSupport.java:175)
        at java.util.concurrent.locks.AbstractQueuedSynchronizer$ConditionObject.await(AbstractQueuedSynchronizer.java:2039)
        at java.util.concurrent.ScheduledThreadPoolExecutor$DelayedWorkQueue.take(ScheduledThreadPoolExecutor.java:1088)
        at java.util.concurrent.ScheduledThreadPoolExecutor$DelayedWorkQueue.take(ScheduledThreadPoolExecutor.java:809)
        at java.util.concurrent.ThreadPoolExecutor.getTask(ThreadPoolExecutor.java:1074)
        at java.util.concurrent.ThreadPoolExecutor.runWorker(ThreadPoolExecutor.java:1134)
        at java.util.concurrent.ThreadPoolExecutor$Worker.run(ThreadPoolExecutor.java:624)
        at java.lang.Thread.run(Thread.java:750)
"FixedThreadPoolWithAffinityExecutor-2-0" daemon prio=5 tid=42 timed_waiting
java.lang.Thread.State: TIMED_WAITING
        at sun.misc.Unsafe.park(Native Method)
        at java.util.concurrent.locks.LockSupport.parkNanos(LockSupport.java:215)
        at java.util.concurrent.locks.AbstractQueuedSynchronizer$ConditionObject.awaitNanos(AbstractQueuedSynchronizer.java:2078)
        at java.util.concurrent.LinkedBlockingQueue.poll(LinkedBlockingQueue.java:467)
        at org.apache.hadoop.hdds.scm.server.ContainerReportQueue.poll(ContainerReportQueue.java:266)
        at org.apache.hadoop.hdds.scm.server.ContainerReportQueue.poll(ContainerReportQueue.java:42)
        at org.apache.hadoop.hdds.server.events.FixedThreadPoolWithAffinityExecutor$ContainerReportProcessTask.run(FixedThreadPoolWithAffinityExecutor.java:253)
        at java.util.concurrent.Executors$RunnableAdapter.call(Executors.java:511)
        at java.util.concurrent.FutureTask.run(FutureTask.java:266)
        at java.util.concurrent.ThreadPoolExecutor.runWorker(ThreadPoolExecutor.java:1149)
        at java.util.concurrent.ThreadPoolExecutor$Worker.run(ThreadPoolExecutor.java:624)
        at java.lang.Thread.run(Thread.java:750)
"55507c8a-594d-4e25-909f-8d2832294c55-ChunkWriter-0-0" daemon prio=5 tid=1190 in Object.wait()
java.lang.Thread.State: WAITING (on object monitor)
        at sun.misc.Unsafe.park(Native Method)
        at java.util.concurrent.locks.LockSupport.park(LockSupport.java:175)
        at java.util.concurrent.locks.AbstractQueuedSynchronizer$ConditionObject.await(AbstractQueuedSynchronizer.java:2039)
        at java.util.concurrent.LinkedBlockingDeque.takeFirst(LinkedBlockingDeque.java:492)
        at java.util.concurrent.LinkedBlockingDeque.take(LinkedBlockingDeque.java:680)
        at java.util.concurrent.ThreadPoolExecutor.getTask(ThreadPoolExecutor.java:1074)
        at java.util.concurrent.ThreadPoolExecutor.runWorker(ThreadPoolExecutor.java:1134)
        at java.util.concurrent.ThreadPoolExecutor$Worker.run(ThreadPoolExecutor.java:624)
        at java.lang.Thread.run(Thread.java:750)
"94422c73-384a-4d9a-a15d-46d9f5b840aa-DatanodeStateMachineTaskThread-0"  prio=5 tid=215 in Object.wait()
java.lang.Thread.State: WAITING (on object monitor)
        at sun.misc.Unsafe.park(Native Method)
        at java.util.concurrent.locks.LockSupport.park(LockSupport.java:175)
        at java.util.concurrent.locks.AbstractQueuedSynchronizer$ConditionObject.await(AbstractQueuedSynchronizer.java:2039)
        at java.util.concurrent.LinkedBlockingQueue.take(LinkedBlockingQueue.java:442)
        at java.util.concurrent.ThreadPoolExecutor.getTask(ThreadPoolExecutor.java:1074)
        at java.util.concurrent.ThreadPoolExecutor.runWorker(ThreadPoolExecutor.java:1134)
        at java.util.concurrent.ThreadPoolExecutor$Worker.run(ThreadPoolExecutor.java:624)
        at java.lang.Thread.run(Thread.java:750)
"94422c73-384a-4d9a-a15d-46d9f5b840aa@group-9F3BC7221B77-LeaderStateImpl" daemon prio=5 tid=876 timed_waiting
java.lang.Thread.State: TIMED_WAITING
        at sun.misc.Unsafe.park(Native Method)
        at java.util.concurrent.locks.LockSupport.parkNanos(LockSupport.java:215)
        at java.util.concurrent.locks.AbstractQueuedSynchronizer$ConditionObject.awaitNanos(AbstractQueuedSynchronizer.java:2078)
        at java.util.concurrent.ArrayBlockingQueue.poll(ArrayBlockingQueue.java:418)
        at org.apache.ratis.server.impl.LeaderStateImpl$EventQueue.poll(LeaderStateImpl.java:164)
        at org.apache.ratis.server.impl.LeaderStateImpl$EventProcessor.run(LeaderStateImpl.java:702)
"PartialTableCache-Cleanup-0" daemon prio=5 tid=972 in Object.wait()
java.lang.Thread.State: WAITING (on object monitor)
        at sun.misc.Unsafe.park(Native Method)
        at java.util.concurrent.locks.LockSupport.park(LockSupport.java:175)
        at java.util.concurrent.locks.AbstractQueuedSynchronizer$ConditionObject.await(AbstractQueuedSynchronizer.java:2039)
        at java.util.concurrent.LinkedBlockingQueue.take(LinkedBlockingQueue.java:442)
        at java.util.concurrent.ThreadPoolExecutor.getTask(ThreadPoolExecutor.java:1074)
        at java.util.concurrent.ThreadPoolExecutor.runWorker(ThreadPoolExecutor.java:1134)
        at java.util.concurrent.ThreadPoolExecutor$Worker.run(ThreadPoolExecutor.java:624)
        at java.lang.Thread.run(Thread.java:750)
"qtp1742206865-310-acceptor-0@547d52c4-ServerConnector@27a60d16{HTTP/1.1, (http/1.1)}{0.0.0.0:15045}" daemon prio=3 tid=310 runnable
java.lang.Thread.State: RUNNABLE
        at sun.nio.ch.ServerSocketChannelImpl.accept0(Native Method)
        at sun.nio.ch.ServerSocketChannelImpl.accept(ServerSocketChannelImpl.java:421)
        at sun.nio.ch.ServerSocketChannelImpl.accept(ServerSocketChannelImpl.java:249)
        at org.eclipse.jetty.server.ServerConnector.accept(ServerConnector.java:388)
        at org.eclipse.jetty.server.AbstractConnector$Acceptor.run(AbstractConnector.java:704)
        at org.eclipse.jetty.util.thread.QueuedThreadPool.runJob(QueuedThreadPool.java:883)
        at org.eclipse.jetty.util.thread.QueuedThreadPool$Runner.run(QueuedThreadPool.java:1034)
        at java.lang.Thread.run(Thread.java:750)
"5b9beb6f-d596-489f-8a17-e362b772df82-ChunkReader-9" daemon prio=5 tid=1352 in Object.wait()
java.lang.Thread.State: WAITING (on object monitor)
        at sun.misc.Unsafe.park(Native Method)
        at java.util.concurrent.locks.LockSupport.park(LockSupport.java:175)
        at java.util.concurrent.locks.AbstractQueuedSynchronizer$ConditionObject.await(AbstractQueuedSynchronizer.java:2039)
        at java.util.concurrent.LinkedBlockingQueue.take(LinkedBlockingQueue.java:442)
        at java.util.concurrent.ThreadPoolExecutor.getTask(ThreadPoolExecutor.java:1074)
        at java.util.concurrent.ThreadPoolExecutor.runWorker(ThreadPoolExecutor.java:1134)
        at java.util.concurrent.ThreadPoolExecutor$Worker.run(ThreadPoolExecutor.java:624)
        at java.lang.Thread.run(Thread.java:750)
"timer4" daemon prio=5 tid=901 timed_waiting
java.lang.Thread.State: TIMED_WAITING
        at java.lang.Object.wait(Native Method)
        at java.util.TimerThread.mainLoop(Timer.java:552)
        at java.util.TimerThread.run(Timer.java:505)
"66ee3698-ded8-430f-8ecd-27f356af6e45-ChunkWriter-0-0" daemon prio=5 tid=514 in Object.wait()
java.lang.Thread.State: WAITING (on object monitor)
        at sun.misc.Unsafe.park(Native Method)
        at java.util.concurrent.locks.LockSupport.park(LockSupport.java:175)
        at java.util.concurrent.locks.AbstractQueuedSynchronizer$ConditionObject.await(AbstractQueuedSynchronizer.java:2039)
        at java.util.concurrent.LinkedBlockingDeque.takeFirst(LinkedBlockingDeque.java:492)
        at java.util.concurrent.LinkedBlockingDeque.take(LinkedBlockingDeque.java:680)
        at java.util.concurrent.ThreadPoolExecutor.getTask(ThreadPoolExecutor.java:1074)
        at java.util.concurrent.ThreadPoolExecutor.runWorker(ThreadPoolExecutor.java:1134)
        at java.util.concurrent.ThreadPoolExecutor$Worker.run(ThreadPoolExecutor.java:624)
        at java.lang.Thread.run(Thread.java:750)
"3fb99649-c87f-4cc9-b3d9-f5c572ff189c-DatanodeReportManager-2" daemon prio=5 tid=298 timed_waiting
java.lang.Thread.State: TIMED_WAITING
        at sun.misc.Unsafe.park(Native Method)
        at java.util.concurrent.locks.LockSupport.parkNanos(LockSupport.java:215)
        at java.util.concurrent.locks.AbstractQueuedSynchronizer$ConditionObject.awaitNanos(AbstractQueuedSynchronizer.java:2078)
        at java.util.concurrent.ScheduledThreadPoolExecutor$DelayedWorkQueue.take(ScheduledThreadPoolExecutor.java:1093)
        at java.util.concurrent.ScheduledThreadPoolExecutor$DelayedWorkQueue.take(ScheduledThreadPoolExecutor.java:809)
        at java.util.concurrent.ThreadPoolExecutor.getTask(ThreadPoolExecutor.java:1074)
        at java.util.concurrent.ThreadPoolExecutor.runWorker(ThreadPoolExecutor.java:1134)
        at java.util.concurrent.ThreadPoolExecutor$Worker.run(ThreadPoolExecutor.java:624)
        at java.lang.Thread.run(Thread.java:750)
"qtp623734438-160" daemon prio=5 tid=160 timed_waiting
java.lang.Thread.State: TIMED_WAITING
        at sun.misc.Unsafe.park(Native Method)
        at java.util.concurrent.locks.LockSupport.parkNanos(LockSupport.java:215)
        at java.util.concurrent.locks.AbstractQueuedSynchronizer$ConditionObject.awaitNanos(AbstractQueuedSynchronizer.java:2078)
        at org.eclipse.jetty.util.BlockingArrayQueue.poll(BlockingArrayQueue.java:382)
        at org.eclipse.jetty.util.thread.QueuedThreadPool$Runner.idleJobPoll(QueuedThreadPool.java:974)
        at org.eclipse.jetty.util.thread.QueuedThreadPool$Runner.run(QueuedThreadPool.java:1018)
        at java.lang.Thread.run(Thread.java:750)
"94422c73-384a-4d9a-a15d-46d9f5b840aa-BlockDeletingService#0" daemon prio=5 tid=463 timed_waiting
java.lang.Thread.State: TIMED_WAITING
        at sun.misc.Unsafe.park(Native Method)
        at java.util.concurrent.locks.LockSupport.parkNanos(LockSupport.java:215)
        at java.util.concurrent.locks.AbstractQueuedSynchronizer$ConditionObject.awaitNanos(AbstractQueuedSynchronizer.java:2078)
        at java.util.concurrent.ScheduledThreadPoolExecutor$DelayedWorkQueue.take(ScheduledThreadPoolExecutor.java:1093)
        at java.util.concurrent.ScheduledThreadPoolExecutor$DelayedWorkQueue.take(ScheduledThreadPoolExecutor.java:809)
        at java.util.concurrent.ThreadPoolExecutor.getTask(ThreadPoolExecutor.java:1074)
        at java.util.concurrent.ThreadPoolExecutor.runWorker(ThreadPoolExecutor.java:1134)
        at java.util.concurrent.ThreadPoolExecutor$Worker.run(ThreadPoolExecutor.java:624)
        at java.lang.Thread.run(Thread.java:750)
"om1@group-C5BA1605619E-LeaderStateImpl" daemon prio=5 tid=188 timed_waiting
java.lang.Thread.State: TIMED_WAITING
        at sun.misc.Unsafe.park(Native Method)
        at java.util.concurrent.locks.LockSupport.parkNanos(LockSupport.java:215)
        at java.util.concurrent.locks.AbstractQueuedSynchronizer$ConditionObject.awaitNanos(AbstractQueuedSynchronizer.java:2078)
        at java.util.concurrent.ArrayBlockingQueue.poll(ArrayBlockingQueue.java:418)
        at org.apache.ratis.server.impl.LeaderStateImpl$EventQueue.poll(LeaderStateImpl.java:164)
        at org.apache.ratis.server.impl.LeaderStateImpl$EventProcessor.run(LeaderStateImpl.java:702)
"IPC Server handler 16 on default port 15002" daemon prio=5 tid=107 timed_waiting
java.lang.Thread.State: TIMED_WAITING
        at sun.misc.Unsafe.park(Native Method)
        at java.util.concurrent.locks.LockSupport.parkNanos(LockSupport.java:215)
        at java.util.concurrent.locks.AbstractQueuedSynchronizer$ConditionObject.awaitNanos(AbstractQueuedSynchronizer.java:2078)
        at java.util.concurrent.LinkedBlockingQueue.poll(LinkedBlockingQueue.java:467)
        at org.apache.hadoop.ipc.CallQueueManager.take(CallQueueManager.java:317)
        at org.apache.hadoop.ipc.Server$Handler.run(Server.java:3014)
"5b9beb6f-d596-489f-8a17-e362b772df82-PeriodicHDDSVolumeChecker" daemon prio=5 tid=626 timed_waiting
java.lang.Thread.State: TIMED_WAITING
        at sun.misc.Unsafe.park(Native Method)
        at java.util.concurrent.locks.LockSupport.parkNanos(LockSupport.java:215)
        at java.util.concurrent.locks.AbstractQueuedSynchronizer$ConditionObject.awaitNanos(AbstractQueuedSynchronizer.java:2078)
        at java.util.concurrent.ScheduledThreadPoolExecutor$DelayedWorkQueue.take(ScheduledThreadPoolExecutor.java:1093)
        at java.util.concurrent.ScheduledThreadPoolExecutor$DelayedWorkQueue.take(ScheduledThreadPoolExecutor.java:809)
        at java.util.concurrent.ThreadPoolExecutor.getTask(ThreadPoolExecutor.java:1074)
        at java.util.concurrent.ThreadPoolExecutor.runWorker(ThreadPoolExecutor.java:1134)
        at java.util.concurrent.ThreadPoolExecutor$Worker.run(ThreadPoolExecutor.java:624)
        at java.lang.Thread.run(Thread.java:750)
"IPC Server handler 4 on default port 15004" daemon prio=5 tid=169 timed_waiting
java.lang.Thread.State: TIMED_WAITING
        at sun.misc.Unsafe.park(Native Method)
        at java.util.concurrent.locks.LockSupport.parkNanos(LockSupport.java:215)
        at java.util.concurrent.locks.AbstractQueuedSynchronizer$ConditionObject.awaitNanos(AbstractQueuedSynchronizer.java:2078)
        at java.util.concurrent.LinkedBlockingQueue.poll(LinkedBlockingQueue.java:467)
        at org.apache.hadoop.ipc.CallQueueManager.take(CallQueueManager.java:317)
        at org.apache.hadoop.ipc.Server$Handler.run(Server.java:3014)
"3fb99649-c87f-4cc9-b3d9-f5c572ff189c@group-5A0C10638F91-SegmentedRaftLogWorker"  prio=5 tid=678 timed_waiting
java.lang.Thread.State: TIMED_WAITING
        at sun.misc.Unsafe.park(Native Method)
        at java.util.concurrent.locks.LockSupport.parkNanos(LockSupport.java:215)
        at java.util.concurrent.locks.AbstractQueuedSynchronizer$ConditionObject.awaitNanos(AbstractQueuedSynchronizer.java:2078)
        at org.apache.ratis.util.DataBlockingQueue.poll(DataBlockingQueue.java:148)
        at org.apache.ratis.server.raftlog.segmented.SegmentedRaftLogWorker.run(SegmentedRaftLogWorker.java:307)
        at org.apache.ratis.server.raftlog.segmented.SegmentedRaftLogWorker$$Lambda$819/1928678273.run(Unknown Source)
        at java.util.concurrent.Executors$RunnableAdapter.call(Executors.java:511)
        at java.util.concurrent.FutureTask.run(FutureTask.java:266)
        at java.util.concurrent.ThreadPoolExecutor.runWorker(ThreadPoolExecutor.java:1149)
        at java.util.concurrent.ThreadPoolExecutor$Worker.run(ThreadPoolExecutor.java:624)
        at java.lang.Thread.run(Thread.java:750)
"66ee3698-ded8-430f-8ecd-27f356af6e45-PipelineCommandHandlerThread-0"  prio=5 tid=661 in Object.wait()
java.lang.Thread.State: WAITING (on object monitor)
        at sun.misc.Unsafe.park(Native Method)
        at java.util.concurrent.locks.LockSupport.park(LockSupport.java:175)
        at java.util.concurrent.locks.AbstractQueuedSynchronizer$ConditionObject.await(AbstractQueuedSynchronizer.java:2039)
        at java.util.concurrent.LinkedBlockingQueue.take(LinkedBlockingQueue.java:442)
        at java.util.concurrent.ThreadPoolExecutor.getTask(ThreadPoolExecutor.java:1074)
        at java.util.concurrent.ThreadPoolExecutor.runWorker(ThreadPoolExecutor.java:1134)
        at java.util.concurrent.ThreadPoolExecutor$Worker.run(ThreadPoolExecutor.java:624)
        at java.lang.Thread.run(Thread.java:750)
"Socket Reader #1 for port 15055"  prio=5 tid=348 runnable
java.lang.Thread.State: RUNNABLE
        at sun.nio.ch.EPollArrayWrapper.epollWait(Native Method)
        at sun.nio.ch.EPollArrayWrapper.poll(EPollArrayWrapper.java:269)
        at sun.nio.ch.EPollSelectorImpl.doSelect(EPollSelectorImpl.java:93)
        at sun.nio.ch.SelectorImpl.lockAndDoSelect(SelectorImpl.java:86)
        at sun.nio.ch.SelectorImpl.select(SelectorImpl.java:97)
        at sun.nio.ch.SelectorImpl.select(SelectorImpl.java:101)
        at org.apache.hadoop.ipc.Server$Listener$Reader.doRunLoop(Server.java:1346)
        at org.apache.hadoop.ipc.Server$Listener$Reader.run(Server.java:1325)
"f612f2cf-90dc-41dc-bf39-cf028d38c484-DatanodeReportManager-1" daemon prio=5 tid=414 in Object.wait()
java.lang.Thread.State: WAITING (on object monitor)
        at sun.misc.Unsafe.park(Native Method)
        at java.util.concurrent.locks.LockSupport.park(LockSupport.java:175)
        at java.util.concurrent.locks.AbstractQueuedSynchronizer$ConditionObject.await(AbstractQueuedSynchronizer.java:2039)
        at java.util.concurrent.ScheduledThreadPoolExecutor$DelayedWorkQueue.take(ScheduledThreadPoolExecutor.java:1088)
        at java.util.concurrent.ScheduledThreadPoolExecutor$DelayedWorkQueue.take(ScheduledThreadPoolExecutor.java:809)
        at java.util.concurrent.ThreadPoolExecutor.getTask(ThreadPoolExecutor.java:1074)
        at java.util.concurrent.ThreadPoolExecutor.runWorker(ThreadPoolExecutor.java:1134)
        at java.util.concurrent.ThreadPoolExecutor$Worker.run(ThreadPoolExecutor.java:624)
        at java.lang.Thread.run(Thread.java:750)
"1407d0d1-39ba-4bc0-b697-1e16e43cd838@group-6FEEDEC8654C-LeaderStateImpl" daemon prio=5 tid=934 timed_waiting
java.lang.Thread.State: TIMED_WAITING
        at sun.misc.Unsafe.park(Native Method)
        at java.util.concurrent.locks.LockSupport.parkNanos(LockSupport.java:215)
        at java.util.concurrent.locks.AbstractQueuedSynchronizer$ConditionObject.awaitNanos(AbstractQueuedSynchronizer.java:2078)
        at java.util.concurrent.ArrayBlockingQueue.poll(ArrayBlockingQueue.java:418)
        at org.apache.ratis.server.impl.LeaderStateImpl$EventQueue.poll(LeaderStateImpl.java:164)
        at org.apache.ratis.server.impl.LeaderStateImpl$EventProcessor.run(LeaderStateImpl.java:702)
"StaleRecoveringContainerScrubbingService#3" daemon prio=5 tid=1102 in Object.wait()
java.lang.Thread.State: WAITING (on object monitor)
        at sun.misc.Unsafe.park(Native Method)
        at java.util.concurrent.locks.LockSupport.park(LockSupport.java:175)
        at java.util.concurrent.locks.AbstractQueuedSynchronizer$ConditionObject.await(AbstractQueuedSynchronizer.java:2039)
        at java.util.concurrent.ScheduledThreadPoolExecutor$DelayedWorkQueue.take(ScheduledThreadPoolExecutor.java:1088)
        at java.util.concurrent.ScheduledThreadPoolExecutor$DelayedWorkQueue.take(ScheduledThreadPoolExecutor.java:809)
        at java.util.concurrent.ThreadPoolExecutor.getTask(ThreadPoolExecutor.java:1074)
        at java.util.concurrent.ThreadPoolExecutor.runWorker(ThreadPoolExecutor.java:1134)
        at java.util.concurrent.ThreadPoolExecutor$Worker.run(ThreadPoolExecutor.java:624)
        at java.lang.Thread.run(Thread.java:750)
"66ee3698-ded8-430f-8ecd-27f356af6e45-DatanodeReportManager-4" daemon prio=5 tid=271 timed_waiting
java.lang.Thread.State: TIMED_WAITING
        at sun.misc.Unsafe.park(Native Method)
        at java.util.concurrent.locks.LockSupport.parkNanos(LockSupport.java:215)
        at java.util.concurrent.locks.AbstractQueuedSynchronizer$ConditionObject.awaitNanos(AbstractQueuedSynchronizer.java:2078)
        at java.util.concurrent.ScheduledThreadPoolExecutor$DelayedWorkQueue.take(ScheduledThreadPoolExecutor.java:1093)
        at java.util.concurrent.ScheduledThreadPoolExecutor$DelayedWorkQueue.take(ScheduledThreadPoolExecutor.java:809)
        at java.util.concurrent.ThreadPoolExecutor.getTask(ThreadPoolExecutor.java:1074)
        at java.util.concurrent.ThreadPoolExecutor.runWorker(ThreadPoolExecutor.java:1134)
        at java.util.concurrent.ThreadPoolExecutor$Worker.run(ThreadPoolExecutor.java:624)
        at java.lang.Thread.run(Thread.java:750)
"5b9beb6f-d596-489f-8a17-e362b772df82-CommandProcessorThread" daemon prio=5 tid=512 timed_waiting
java.lang.Thread.State: TIMED_WAITING
        at java.lang.Thread.sleep(Native Method)
        at org.apache.hadoop.ozone.container.common.statemachine.DatanodeStateMachine.lambda$initCommandHandlerThread$4(DatanodeStateMachine.java:684)
        at org.apache.hadoop.ozone.container.common.statemachine.DatanodeStateMachine$$Lambda$1025/1173858499.run(Unknown Source)
        at java.lang.Thread.run(Thread.java:750)
"EventQueue-OpenPipelineForHealthyPipelineSafeModeRule" daemon prio=5 tid=642 in Object.wait()
java.lang.Thread.State: WAITING (on object monitor)
        at sun.misc.Unsafe.park(Native Method)
        at java.util.concurrent.locks.LockSupport.park(LockSupport.java:175)
        at java.util.concurrent.locks.AbstractQueuedSynchronizer$ConditionObject.await(AbstractQueuedSynchronizer.java:2039)
        at java.util.concurrent.LinkedBlockingQueue.take(LinkedBlockingQueue.java:442)
        at java.util.concurrent.ThreadPoolExecutor.getTask(ThreadPoolExecutor.java:1074)
        at java.util.concurrent.ThreadPoolExecutor.runWorker(ThreadPoolExecutor.java:1134)
        at java.util.concurrent.ThreadPoolExecutor$Worker.run(ThreadPoolExecutor.java:624)
        at java.lang.Thread.run(Thread.java:750)
"23554148-3e4d-431f-a73e-f2401dbff1d4-ChunkWriter-2-0" daemon prio=5 tid=562 in Object.wait()
java.lang.Thread.State: WAITING (on object monitor)
        at sun.misc.Unsafe.park(Native Method)
        at java.util.concurrent.locks.LockSupport.park(LockSupport.java:175)
        at java.util.concurrent.locks.AbstractQueuedSynchronizer$ConditionObject.await(AbstractQueuedSynchronizer.java:2039)
        at java.util.concurrent.LinkedBlockingDeque.takeFirst(LinkedBlockingDeque.java:492)
        at java.util.concurrent.LinkedBlockingDeque.take(LinkedBlockingDeque.java:680)
        at java.util.concurrent.ThreadPoolExecutor.getTask(ThreadPoolExecutor.java:1074)
        at java.util.concurrent.ThreadPoolExecutor.runWorker(ThreadPoolExecutor.java:1134)
        at java.util.concurrent.ThreadPoolExecutor$Worker.run(ThreadPoolExecutor.java:624)
        at java.lang.Thread.run(Thread.java:750)
"org.apache.hadoop.ozone.container.common.statemachine.commandhandler.DeleteBlocksCommandHandler$DeleteCmdWorker@60fe0da9" daemon prio=5 tid=480 timed_waiting
java.lang.Thread.State: TIMED_WAITING
        at java.lang.Thread.sleep(Native Method)
        at org.apache.hadoop.ozone.container.common.statemachine.commandhandler.DeleteBlocksCommandHandler$DeleteCmdWorker.run(DeleteBlocksCommandHandler.java:237)
        at java.lang.Thread.run(Thread.java:750)
"55507c8a-594d-4e25-909f-8d2832294c55-PipelineCommandHandlerThread-0"  prio=5 tid=1224 in Object.wait()
java.lang.Thread.State: WAITING (on object monitor)
        at sun.misc.Unsafe.park(Native Method)
        at java.util.concurrent.locks.LockSupport.park(LockSupport.java:175)
        at java.util.concurrent.locks.AbstractQueuedSynchronizer$ConditionObject.await(AbstractQueuedSynchronizer.java:2039)
        at java.util.concurrent.LinkedBlockingQueue.take(LinkedBlockingQueue.java:442)
        at java.util.concurrent.ThreadPoolExecutor.getTask(ThreadPoolExecutor.java:1074)
        at java.util.concurrent.ThreadPoolExecutor.runWorker(ThreadPoolExecutor.java:1134)
        at java.util.concurrent.ThreadPoolExecutor$Worker.run(ThreadPoolExecutor.java:624)
        at java.lang.Thread.run(Thread.java:750)
"66ee3698-ded8-430f-8ecd-27f356af6e45@group-7E36DD6E81EC-FollowerState" daemon prio=5 tid=987 timed_waiting
java.lang.Thread.State: TIMED_WAITING
        at java.lang.Thread.sleep(Native Method)
        at java.lang.Thread.sleep(Thread.java:342)
        at java.util.concurrent.TimeUnit.sleep(TimeUnit.java:386)
        at org.apache.ratis.util.TimeDuration.sleep(TimeDuration.java:325)
        at org.apache.ratis.util.TimeDuration.sleep(TimeDuration.java:310)
        at org.apache.ratis.server.impl.FollowerState.run(FollowerState.java:128)
"StaleRecoveringContainerScrubbingService#8" daemon prio=5 tid=1458 in Object.wait()
java.lang.Thread.State: WAITING (on object monitor)
        at sun.misc.Unsafe.park(Native Method)
        at java.util.concurrent.locks.LockSupport.park(LockSupport.java:175)
        at java.util.concurrent.locks.AbstractQueuedSynchronizer$ConditionObject.await(AbstractQueuedSynchronizer.java:2039)
        at java.util.concurrent.ScheduledThreadPoolExecutor$DelayedWorkQueue.take(ScheduledThreadPoolExecutor.java:1088)
        at java.util.concurrent.ScheduledThreadPoolExecutor$DelayedWorkQueue.take(ScheduledThreadPoolExecutor.java:809)
        at java.util.concurrent.ThreadPoolExecutor.getTask(ThreadPoolExecutor.java:1074)
        at java.util.concurrent.ThreadPoolExecutor.runWorker(ThreadPoolExecutor.java:1134)
        at java.util.concurrent.ThreadPoolExecutor$Worker.run(ThreadPoolExecutor.java:624)
        at java.lang.Thread.run(Thread.java:750)
"StaleRecoveringContainerScrubbingService#3" daemon prio=5 tid=1111 in Object.wait()
java.lang.Thread.State: WAITING (on object monitor)
        at sun.misc.Unsafe.park(Native Method)
        at java.util.concurrent.locks.LockSupport.park(LockSupport.java:175)
        at java.util.concurrent.locks.AbstractQueuedSynchronizer$ConditionObject.await(AbstractQueuedSynchronizer.java:2039)
        at java.util.concurrent.ScheduledThreadPoolExecutor$DelayedWorkQueue.take(ScheduledThreadPoolExecutor.java:1088)
        at java.util.concurrent.ScheduledThreadPoolExecutor$DelayedWorkQueue.take(ScheduledThreadPoolExecutor.java:809)
        at java.util.concurrent.ThreadPoolExecutor.getTask(ThreadPoolExecutor.java:1074)
        at java.util.concurrent.ThreadPoolExecutor.runWorker(ThreadPoolExecutor.java:1134)
        at java.util.concurrent.ThreadPoolExecutor$Worker.run(ThreadPoolExecutor.java:624)
        at java.lang.Thread.run(Thread.java:750)
"IPC Server handler 19 on default port 15000" daemon prio=5 tid=70 timed_waiting
java.lang.Thread.State: TIMED_WAITING
        at sun.misc.Unsafe.park(Native Method)
        at java.util.concurrent.locks.LockSupport.parkNanos(LockSupport.java:215)
        at java.util.concurrent.locks.AbstractQueuedSynchronizer$ConditionObject.awaitNanos(AbstractQueuedSynchronizer.java:2078)
        at java.util.concurrent.LinkedBlockingQueue.poll(LinkedBlockingQueue.java:467)
        at org.apache.hadoop.ipc.CallQueueManager.take(CallQueueManager.java:317)
        at org.apache.hadoop.ipc.Server$Handler.run(Server.java:3014)
"f612f2cf-90dc-41dc-bf39-cf028d38c484-CommandProcessorThread" daemon prio=5 tid=418 timed_waiting
java.lang.Thread.State: TIMED_WAITING
        at java.lang.Thread.sleep(Native Method)
        at org.apache.hadoop.ozone.container.common.statemachine.DatanodeStateMachine.lambda$initCommandHandlerThread$4(DatanodeStateMachine.java:684)
        at org.apache.hadoop.ozone.container.common.statemachine.DatanodeStateMachine$$Lambda$1025/1173858499.run(Unknown Source)
        at java.lang.Thread.run(Thread.java:750)
"5b9beb6f-d596-489f-8a17-e362b772df82@group-3CEA00BD3BAC->f612f2cf-90dc-41dc-bf39-cf028d38c484-GrpcLogAppender-LogAppenderDaemon" daemon prio=5 tid=1322 timed_waiting
java.lang.Thread.State: TIMED_WAITING
        at sun.misc.Unsafe.park(Native Method)
        at java.util.concurrent.locks.LockSupport.parkNanos(LockSupport.java:215)
        at java.util.concurrent.locks.AbstractQueuedSynchronizer$ConditionObject.await(AbstractQueuedSynchronizer.java:2163)
        at org.apache.ratis.util.AwaitForSignal.await(AwaitForSignal.java:62)
        at org.apache.ratis.grpc.server.GrpcLogAppender.mayWait(GrpcLogAppender.java:197)
        at org.apache.ratis.grpc.server.GrpcLogAppender.run(GrpcLogAppender.java:148)
        at org.apache.ratis.server.leader.LogAppenderDaemon.run(LogAppenderDaemon.java:78)
        at org.apache.ratis.server.leader.LogAppenderDaemon$$Lambda$1248/550328285.run(Unknown Source)
        at java.lang.Thread.run(Thread.java:750)
"3fb99649-c87f-4cc9-b3d9-f5c572ff189c@group-5C95EDC39216-SegmentedRaftLogWorker"  prio=5 tid=774 timed_waiting
java.lang.Thread.State: TIMED_WAITING
        at sun.misc.Unsafe.park(Native Method)
        at java.util.concurrent.locks.LockSupport.parkNanos(LockSupport.java:215)
        at java.util.concurrent.locks.AbstractQueuedSynchronizer$ConditionObject.awaitNanos(AbstractQueuedSynchronizer.java:2078)
        at org.apache.ratis.util.DataBlockingQueue.poll(DataBlockingQueue.java:148)
        at org.apache.ratis.server.raftlog.segmented.SegmentedRaftLogWorker.run(SegmentedRaftLogWorker.java:307)
        at org.apache.ratis.server.raftlog.segmented.SegmentedRaftLogWorker$$Lambda$819/1928678273.run(Unknown Source)
        at java.util.concurrent.Executors$RunnableAdapter.call(Executors.java:511)
        at java.util.concurrent.FutureTask.run(FutureTask.java:266)
        at java.util.concurrent.ThreadPoolExecutor.runWorker(ThreadPoolExecutor.java:1149)
        at java.util.concurrent.ThreadPoolExecutor$Worker.run(ThreadPoolExecutor.java:624)
        at java.lang.Thread.run(Thread.java:750)
"qtp1495131145-228" daemon prio=5 tid=228 timed_waiting
java.lang.Thread.State: TIMED_WAITING
        at sun.misc.Unsafe.park(Native Method)
        at java.util.concurrent.locks.LockSupport.parkNanos(LockSupport.java:215)
        at java.util.concurrent.locks.AbstractQueuedSynchronizer$ConditionObject.awaitNanos(AbstractQueuedSynchronizer.java:2078)
        at org.eclipse.jetty.util.BlockingArrayQueue.poll(BlockingArrayQueue.java:382)
        at org.eclipse.jetty.util.thread.QueuedThreadPool$Runner.idleJobPoll(QueuedThreadPool.java:974)
        at org.eclipse.jetty.util.thread.QueuedThreadPool$Runner.run(QueuedThreadPool.java:1018)
        at java.lang.Thread.run(Thread.java:750)
"66ee3698-ded8-430f-8ecd-27f356af6e45-BlockDeletingService#0" daemon prio=5 tid=520 timed_waiting
java.lang.Thread.State: TIMED_WAITING
        at sun.misc.Unsafe.park(Native Method)
        at java.util.concurrent.locks.LockSupport.parkNanos(LockSupport.java:215)
        at java.util.concurrent.locks.AbstractQueuedSynchronizer$ConditionObject.awaitNanos(AbstractQueuedSynchronizer.java:2078)
        at java.util.concurrent.ScheduledThreadPoolExecutor$DelayedWorkQueue.take(ScheduledThreadPoolExecutor.java:1093)
        at java.util.concurrent.ScheduledThreadPoolExecutor$DelayedWorkQueue.take(ScheduledThreadPoolExecutor.java:809)
        at java.util.concurrent.ThreadPoolExecutor.getTask(ThreadPoolExecutor.java:1074)
        at java.util.concurrent.ThreadPoolExecutor.runWorker(ThreadPoolExecutor.java:1134)
        at java.util.concurrent.ThreadPoolExecutor$Worker.run(ThreadPoolExecutor.java:624)
        at java.lang.Thread.run(Thread.java:750)
"55507c8a-594d-4e25-909f-8d2832294c55-DatanodeReportManager-4" daemon prio=5 tid=1182 in Object.wait()
java.lang.Thread.State: WAITING (on object monitor)
        at sun.misc.Unsafe.park(Native Method)
        at java.util.concurrent.locks.LockSupport.park(LockSupport.java:175)
        at java.util.concurrent.locks.AbstractQueuedSynchronizer$ConditionObject.await(AbstractQueuedSynchronizer.java:2039)
        at java.util.concurrent.ScheduledThreadPoolExecutor$DelayedWorkQueue.take(ScheduledThreadPoolExecutor.java:1088)
        at java.util.concurrent.ScheduledThreadPoolExecutor$DelayedWorkQueue.take(ScheduledThreadPoolExecutor.java:809)
        at java.util.concurrent.ThreadPoolExecutor.getTask(ThreadPoolExecutor.java:1074)
        at java.util.concurrent.ThreadPoolExecutor.runWorker(ThreadPoolExecutor.java:1134)
        at java.util.concurrent.ThreadPoolExecutor$Worker.run(ThreadPoolExecutor.java:624)
        at java.lang.Thread.run(Thread.java:750)
"Socket Reader #1 for port 15091"  prio=5 tid=498 runnable
java.lang.Thread.State: RUNNABLE
        at sun.nio.ch.EPollArrayWrapper.epollWait(Native Method)
        at sun.nio.ch.EPollArrayWrapper.poll(EPollArrayWrapper.java:269)
        at sun.nio.ch.EPollSelectorImpl.doSelect(EPollSelectorImpl.java:93)
        at sun.nio.ch.SelectorImpl.lockAndDoSelect(SelectorImpl.java:86)
        at sun.nio.ch.SelectorImpl.select(SelectorImpl.java:97)
        at sun.nio.ch.SelectorImpl.select(SelectorImpl.java:101)
        at org.apache.hadoop.ipc.Server$Listener$Reader.doRunLoop(Server.java:1346)
        at org.apache.hadoop.ipc.Server$Listener$Reader.run(Server.java:1325)
"f612f2cf-90dc-41dc-bf39-cf028d38c484-DatanodeStateMachineTaskThread-1"  prio=5 tid=586 in Object.wait()
java.lang.Thread.State: WAITING (on object monitor)
        at sun.misc.Unsafe.park(Native Method)
        at java.util.concurrent.locks.LockSupport.park(LockSupport.java:175)
        at java.util.concurrent.locks.AbstractQueuedSynchronizer$ConditionObject.await(AbstractQueuedSynchronizer.java:2039)
        at java.util.concurrent.LinkedBlockingQueue.take(LinkedBlockingQueue.java:442)
        at java.util.concurrent.ThreadPoolExecutor.getTask(ThreadPoolExecutor.java:1074)
        at java.util.concurrent.ThreadPoolExecutor.runWorker(ThreadPoolExecutor.java:1134)
        at java.util.concurrent.ThreadPoolExecutor$Worker.run(ThreadPoolExecutor.java:624)
        at java.lang.Thread.run(Thread.java:750)
"org.apache.hadoop.ozone.container.common.statemachine.commandhandler.DeleteBlocksCommandHandler$DeleteCmdWorker@335cb6cd" daemon prio=5 tid=278 timed_waiting
java.lang.Thread.State: TIMED_WAITING
        at java.lang.Thread.sleep(Native Method)
        at org.apache.hadoop.ozone.container.common.statemachine.commandhandler.DeleteBlocksCommandHandler$DeleteCmdWorker.run(DeleteBlocksCommandHandler.java:237)
        at java.lang.Thread.run(Thread.java:750)
"0ef615e1-91db-4ede-b924-53e2d320f02d-BlockDeletingService#1" daemon prio=5 tid=485 in Object.wait()
java.lang.Thread.State: WAITING (on object monitor)
        at sun.misc.Unsafe.park(Native Method)
        at java.util.concurrent.locks.LockSupport.park(LockSupport.java:175)
        at java.util.concurrent.locks.AbstractQueuedSynchronizer$ConditionObject.await(AbstractQueuedSynchronizer.java:2039)
        at java.util.concurrent.ScheduledThreadPoolExecutor$DelayedWorkQueue.take(ScheduledThreadPoolExecutor.java:1088)
        at java.util.concurrent.ScheduledThreadPoolExecutor$DelayedWorkQueue.take(ScheduledThreadPoolExecutor.java:809)
        at java.util.concurrent.ThreadPoolExecutor.getTask(ThreadPoolExecutor.java:1074)
        at java.util.concurrent.ThreadPoolExecutor.runWorker(ThreadPoolExecutor.java:1134)
        at java.util.concurrent.ThreadPoolExecutor$Worker.run(ThreadPoolExecutor.java:624)
        at java.lang.Thread.run(Thread.java:750)
"1407d0d1-39ba-4bc0-b697-1e16e43cd838-EndpointStateMachineTaskThread-/0.0.0.0:15002-0 "  prio=5 tid=537 in Object.wait()
java.lang.Thread.State: WAITING (on object monitor)
        at sun.misc.Unsafe.park(Native Method)
        at java.util.concurrent.locks.LockSupport.park(LockSupport.java:175)
        at java.util.concurrent.locks.AbstractQueuedSynchronizer$ConditionObject.await(AbstractQueuedSynchronizer.java:2039)
        at java.util.concurrent.LinkedBlockingQueue.take(LinkedBlockingQueue.java:442)
        at java.util.concurrent.ThreadPoolExecutor.getTask(ThreadPoolExecutor.java:1074)
        at java.util.concurrent.ThreadPoolExecutor.runWorker(ThreadPoolExecutor.java:1134)
        at java.util.concurrent.ThreadPoolExecutor$Worker.run(ThreadPoolExecutor.java:624)
        at java.lang.Thread.run(Thread.java:750)
"qtp773672120-255" daemon prio=5 tid=255 timed_waiting
java.lang.Thread.State: TIMED_WAITING
        at sun.misc.Unsafe.park(Native Method)
        at java.util.concurrent.locks.LockSupport.parkNanos(LockSupport.java:215)
        at java.util.concurrent.locks.AbstractQueuedSynchronizer$ConditionObject.awaitNanos(AbstractQueuedSynchronizer.java:2078)
        at org.eclipse.jetty.util.BlockingArrayQueue.poll(BlockingArrayQueue.java:382)
        at org.eclipse.jetty.util.thread.QueuedThreadPool$Runner.idleJobPoll(QueuedThreadPool.java:974)
        at org.eclipse.jetty.util.thread.QueuedThreadPool$Runner.run(QueuedThreadPool.java:1018)
        at java.lang.Thread.run(Thread.java:750)
"FullTableCache-Cleanup-0" daemon prio=5 tid=963 in Object.wait()
java.lang.Thread.State: WAITING (on object monitor)
        at sun.misc.Unsafe.park(Native Method)
        at java.util.concurrent.locks.LockSupport.park(LockSupport.java:175)
        at java.util.concurrent.locks.AbstractQueuedSynchronizer$ConditionObject.await(AbstractQueuedSynchronizer.java:2039)
        at java.util.concurrent.LinkedBlockingQueue.take(LinkedBlockingQueue.java:442)
        at java.util.concurrent.ThreadPoolExecutor.getTask(ThreadPoolExecutor.java:1074)
        at java.util.concurrent.ThreadPoolExecutor.runWorker(ThreadPoolExecutor.java:1134)
        at java.util.concurrent.ThreadPoolExecutor$Worker.run(ThreadPoolExecutor.java:624)
        at java.lang.Thread.run(Thread.java:750)
"0ef615e1-91db-4ede-b924-53e2d320f02d-ChunkReader-1" daemon prio=5 tid=1506 in Object.wait()
java.lang.Thread.State: WAITING (on object monitor)
        at sun.misc.Unsafe.park(Native Method)
        at java.util.concurrent.locks.LockSupport.park(LockSupport.java:175)
        at java.util.concurrent.locks.AbstractQueuedSynchronizer$ConditionObject.await(AbstractQueuedSynchronizer.java:2039)
        at java.util.concurrent.LinkedBlockingQueue.take(LinkedBlockingQueue.java:442)
        at java.util.concurrent.ThreadPoolExecutor.getTask(ThreadPoolExecutor.java:1074)
        at java.util.concurrent.ThreadPoolExecutor.runWorker(ThreadPoolExecutor.java:1134)
        at java.util.concurrent.ThreadPoolExecutor$Worker.run(ThreadPoolExecutor.java:624)
        at java.lang.Thread.run(Thread.java:750)
"IPC Server idle connection scanner for port 15000" daemon prio=5 tid=37 timed_waiting
java.lang.Thread.State: TIMED_WAITING
        at java.lang.Object.wait(Native Method)
        at java.util.TimerThread.mainLoop(Timer.java:552)
        at java.util.TimerThread.run(Timer.java:505)
"23554148-3e4d-431f-a73e-f2401dbff1d4-PeriodicHDDSVolumeChecker" daemon prio=5 tid=557 timed_waiting
java.lang.Thread.State: TIMED_WAITING
        at sun.misc.Unsafe.park(Native Method)
        at java.util.concurrent.locks.LockSupport.parkNanos(LockSupport.java:215)
        at java.util.concurrent.locks.AbstractQueuedSynchronizer$ConditionObject.awaitNanos(AbstractQueuedSynchronizer.java:2078)
        at java.util.concurrent.ScheduledThreadPoolExecutor$DelayedWorkQueue.take(ScheduledThreadPoolExecutor.java:1093)
        at java.util.concurrent.ScheduledThreadPoolExecutor$DelayedWorkQueue.take(ScheduledThreadPoolExecutor.java:809)
        at java.util.concurrent.ThreadPoolExecutor.getTask(ThreadPoolExecutor.java:1074)
        at java.util.concurrent.ThreadPoolExecutor.runWorker(ThreadPoolExecutor.java:1134)
        at java.util.concurrent.ThreadPoolExecutor$Worker.run(ThreadPoolExecutor.java:624)
        at java.lang.Thread.run(Thread.java:750)
"23554148-3e4d-431f-a73e-f2401dbff1d4@group-5C95EDC39216-StateMachineUpdater" daemon prio=5 tid=765 timed_waiting
java.lang.Thread.State: TIMED_WAITING
        at sun.misc.Unsafe.park(Native Method)
        at java.util.concurrent.locks.LockSupport.parkNanos(LockSupport.java:215)
        at java.util.concurrent.locks.AbstractQueuedSynchronizer$ConditionObject.await(AbstractQueuedSynchronizer.java:2163)
        at org.apache.ratis.util.AwaitForSignal.await(AwaitForSignal.java:62)
        at org.apache.ratis.server.impl.StateMachineUpdater.waitForCommit(StateMachineUpdater.java:209)
        at org.apache.ratis.server.impl.StateMachineUpdater.run(StateMachineUpdater.java:178)
        at java.lang.Thread.run(Thread.java:750)
"qtp1603462635-121" daemon prio=5 tid=121 timed_waiting
java.lang.Thread.State: TIMED_WAITING
        at sun.misc.Unsafe.park(Native Method)
        at java.util.concurrent.locks.LockSupport.parkNanos(LockSupport.java:215)
        at java.util.concurrent.locks.AbstractQueuedSynchronizer$ConditionObject.awaitNanos(AbstractQueuedSynchronizer.java:2078)
        at org.eclipse.jetty.util.BlockingArrayQueue.poll(BlockingArrayQueue.java:382)
        at org.eclipse.jetty.util.thread.QueuedThreadPool$Runner.idleJobPoll(QueuedThreadPool.java:974)
        at org.eclipse.jetty.util.thread.QueuedThreadPool$Runner.run(QueuedThreadPool.java:1018)
        at java.lang.Thread.run(Thread.java:750)
"5b9beb6f-d596-489f-8a17-e362b772df82@group-3CEA00BD3BAC-StateMachineUpdater" daemon prio=5 tid=1263 timed_waiting
java.lang.Thread.State: TIMED_WAITING
        at sun.misc.Unsafe.park(Native Method)
        at java.util.concurrent.locks.LockSupport.parkNanos(LockSupport.java:215)
        at java.util.concurrent.locks.AbstractQueuedSynchronizer$ConditionObject.await(AbstractQueuedSynchronizer.java:2163)
        at org.apache.ratis.util.AwaitForSignal.await(AwaitForSignal.java:62)
        at org.apache.ratis.server.impl.StateMachineUpdater.waitForCommit(StateMachineUpdater.java:209)
        at org.apache.ratis.server.impl.StateMachineUpdater.run(StateMachineUpdater.java:178)
        at java.lang.Thread.run(Thread.java:750)
"StaleRecoveringContainerScrubbingService#7" daemon prio=5 tid=1436 in Object.wait()
java.lang.Thread.State: WAITING (on object monitor)
        at sun.misc.Unsafe.park(Native Method)
        at java.util.concurrent.locks.LockSupport.park(LockSupport.java:175)
        at java.util.concurrent.locks.AbstractQueuedSynchronizer$ConditionObject.await(AbstractQueuedSynchronizer.java:2039)
        at java.util.concurrent.ScheduledThreadPoolExecutor$DelayedWorkQueue.take(ScheduledThreadPoolExecutor.java:1088)
        at java.util.concurrent.ScheduledThreadPoolExecutor$DelayedWorkQueue.take(ScheduledThreadPoolExecutor.java:809)
        at java.util.concurrent.ThreadPoolExecutor.getTask(ThreadPoolExecutor.java:1074)
        at java.util.concurrent.ThreadPoolExecutor.runWorker(ThreadPoolExecutor.java:1134)
        at java.util.concurrent.ThreadPoolExecutor$Worker.run(ThreadPoolExecutor.java:624)
        at java.lang.Thread.run(Thread.java:750)
"EventQueue-HealthyReadonlyToHealthyNodeForReadOnlyHealthyToHealthyNodeHandler" daemon prio=5 tid=1215 in Object.wait()
java.lang.Thread.State: WAITING (on object monitor)
        at sun.misc.Unsafe.park(Native Method)
        at java.util.concurrent.locks.LockSupport.park(LockSupport.java:175)
        at java.util.concurrent.locks.AbstractQueuedSynchronizer$ConditionObject.await(AbstractQueuedSynchronizer.java:2039)
        at java.util.concurrent.LinkedBlockingQueue.take(LinkedBlockingQueue.java:442)
        at java.util.concurrent.ThreadPoolExecutor.getTask(ThreadPoolExecutor.java:1074)
        at java.util.concurrent.ThreadPoolExecutor.runWorker(ThreadPoolExecutor.java:1134)
        at java.util.concurrent.ThreadPoolExecutor$Worker.run(ThreadPoolExecutor.java:624)
        at java.lang.Thread.run(Thread.java:750)
"IPC Server Responder" daemon prio=5 tid=321 runnable
java.lang.Thread.State: RUNNABLE
        at sun.nio.ch.EPollArrayWrapper.epollWait(Native Method)
        at sun.nio.ch.EPollArrayWrapper.poll(EPollArrayWrapper.java:269)
        at sun.nio.ch.EPollSelectorImpl.doSelect(EPollSelectorImpl.java:93)
        at sun.nio.ch.SelectorImpl.lockAndDoSelect(SelectorImpl.java:86)
        at sun.nio.ch.SelectorImpl.select(SelectorImpl.java:97)
        at org.apache.hadoop.ipc.Server$Responder.doRunLoop(Server.java:1582)
        at org.apache.hadoop.ipc.Server$Responder.run(Server.java:1565)
"pool-124-thread-1" daemon prio=5 tid=506 timed_waiting
java.lang.Thread.State: TIMED_WAITING
        at sun.misc.Unsafe.park(Native Method)
        at java.util.concurrent.locks.LockSupport.parkNanos(LockSupport.java:215)
        at java.util.concurrent.locks.AbstractQueuedSynchronizer$ConditionObject.awaitNanos(AbstractQueuedSynchronizer.java:2078)
        at java.util.concurrent.ScheduledThreadPoolExecutor$DelayedWorkQueue.take(ScheduledThreadPoolExecutor.java:1093)
        at java.util.concurrent.ScheduledThreadPoolExecutor$DelayedWorkQueue.take(ScheduledThreadPoolExecutor.java:809)
        at java.util.concurrent.ThreadPoolExecutor.getTask(ThreadPoolExecutor.java:1074)
        at java.util.concurrent.ThreadPoolExecutor.runWorker(ThreadPoolExecutor.java:1134)
        at java.util.concurrent.ThreadPoolExecutor$Worker.run(ThreadPoolExecutor.java:624)
        at java.lang.Thread.run(Thread.java:750)
"f612f2cf-90dc-41dc-bf39-cf028d38c484-DatanodeStateMachineDaemonThread" daemon prio=5 tid=411 timed_waiting
java.lang.Thread.State: TIMED_WAITING
        at java.lang.Thread.sleep(Native Method)
        at org.apache.hadoop.ozone.container.common.statemachine.DatanodeStateMachine.startStateMachineThread(DatanodeStateMachine.java:369)
        at org.apache.hadoop.ozone.container.common.statemachine.DatanodeStateMachine.lambda$startDaemon$1(DatanodeStateMachine.java:556)
        at org.apache.hadoop.ozone.container.common.statemachine.DatanodeStateMachine$$Lambda$1023/888481372.run(Unknown Source)
        at java.lang.Thread.run(Thread.java:750)
"55507c8a-594d-4e25-909f-8d2832294c55-CloseContainerThread-0"  prio=5 tid=1274 in Object.wait()
java.lang.Thread.State: WAITING (on object monitor)
        at sun.misc.Unsafe.park(Native Method)
        at java.util.concurrent.locks.LockSupport.park(LockSupport.java:175)
        at java.util.concurrent.locks.AbstractQueuedSynchronizer$ConditionObject.await(AbstractQueuedSynchronizer.java:2039)
        at java.util.concurrent.LinkedBlockingQueue.take(LinkedBlockingQueue.java:442)
        at java.util.concurrent.ThreadPoolExecutor.getTask(ThreadPoolExecutor.java:1074)
        at java.util.concurrent.ThreadPoolExecutor.runWorker(ThreadPoolExecutor.java:1134)
        at java.util.concurrent.ThreadPoolExecutor$Worker.run(ThreadPoolExecutor.java:624)
        at java.lang.Thread.run(Thread.java:750)
"3fb99649-c87f-4cc9-b3d9-f5c572ff189c-CommandProcessorThread" daemon prio=5 tid=301 timed_waiting
java.lang.Thread.State: TIMED_WAITING
        at java.lang.Thread.sleep(Native Method)
        at org.apache.hadoop.ozone.container.common.statemachine.DatanodeStateMachine.lambda$initCommandHandlerThread$4(DatanodeStateMachine.java:684)
        at org.apache.hadoop.ozone.container.common.statemachine.DatanodeStateMachine$$Lambda$1025/1173858499.run(Unknown Source)
        at java.lang.Thread.run(Thread.java:750)
"qtp1663850432-1167" daemon prio=5 tid=1167 timed_waiting
java.lang.Thread.State: TIMED_WAITING
        at sun.misc.Unsafe.park(Native Method)
        at java.util.concurrent.locks.LockSupport.parkNanos(LockSupport.java:215)
        at java.util.concurrent.locks.AbstractQueuedSynchronizer$ConditionObject.awaitNanos(AbstractQueuedSynchronizer.java:2078)
        at org.eclipse.jetty.util.BlockingArrayQueue.poll(BlockingArrayQueue.java:382)
        at org.eclipse.jetty.util.thread.QueuedThreadPool$Runner.idleJobPoll(QueuedThreadPool.java:974)
        at org.eclipse.jetty.util.thread.QueuedThreadPool$Runner.run(QueuedThreadPool.java:1018)
        at java.lang.Thread.run(Thread.java:750)
"IPC Server handler 5 on default port 15000" daemon prio=5 tid=56 timed_waiting
java.lang.Thread.State: TIMED_WAITING
        at sun.misc.Unsafe.park(Native Method)
        at java.util.concurrent.locks.LockSupport.parkNanos(LockSupport.java:215)
        at java.util.concurrent.locks.AbstractQueuedSynchronizer$ConditionObject.awaitNanos(AbstractQueuedSynchronizer.java:2078)
        at java.util.concurrent.LinkedBlockingQueue.poll(LinkedBlockingQueue.java:467)
        at org.apache.hadoop.ipc.CallQueueManager.take(CallQueueManager.java:317)
        at org.apache.hadoop.ipc.Server$Handler.run(Server.java:3014)
"IPC Server Responder" daemon prio=5 tid=408 runnable
java.lang.Thread.State: RUNNABLE
        at sun.nio.ch.EPollArrayWrapper.epollWait(Native Method)
        at sun.nio.ch.EPollArrayWrapper.poll(EPollArrayWrapper.java:269)
        at sun.nio.ch.EPollSelectorImpl.doSelect(EPollSelectorImpl.java:93)
        at sun.nio.ch.SelectorImpl.lockAndDoSelect(SelectorImpl.java:86)
        at sun.nio.ch.SelectorImpl.select(SelectorImpl.java:97)
        at org.apache.hadoop.ipc.Server$Responder.doRunLoop(Server.java:1582)
        at org.apache.hadoop.ipc.Server$Responder.run(Server.java:1565)
"qtp165147466-286" daemon prio=5 tid=286 timed_waiting
java.lang.Thread.State: TIMED_WAITING
        at sun.misc.Unsafe.park(Native Method)
        at java.util.concurrent.locks.LockSupport.parkNanos(LockSupport.java:215)
        at java.util.concurrent.locks.AbstractQueuedSynchronizer$ConditionObject.awaitNanos(AbstractQueuedSynchronizer.java:2078)
        at org.eclipse.jetty.util.BlockingArrayQueue.poll(BlockingArrayQueue.java:382)
        at org.eclipse.jetty.util.thread.QueuedThreadPool$Runner.idleJobPoll(QueuedThreadPool.java:974)
        at org.eclipse.jetty.util.thread.QueuedThreadPool$Runner.run(QueuedThreadPool.java:1018)
        at java.lang.Thread.run(Thread.java:750)
"23554148-3e4d-431f-a73e-f2401dbff1d4@group-5C95EDC39216-SegmentedRaftLogWorker"  prio=5 tid=763 timed_waiting
java.lang.Thread.State: TIMED_WAITING
        at sun.misc.Unsafe.park(Native Method)
        at java.util.concurrent.locks.LockSupport.parkNanos(LockSupport.java:215)
        at java.util.concurrent.locks.AbstractQueuedSynchronizer$ConditionObject.awaitNanos(AbstractQueuedSynchronizer.java:2078)
        at org.apache.ratis.util.DataBlockingQueue.poll(DataBlockingQueue.java:148)
        at org.apache.ratis.server.raftlog.segmented.SegmentedRaftLogWorker.run(SegmentedRaftLogWorker.java:307)
        at org.apache.ratis.server.raftlog.segmented.SegmentedRaftLogWorker$$Lambda$819/1928678273.run(Unknown Source)
        at java.util.concurrent.Executors$RunnableAdapter.call(Executors.java:511)
        at java.util.concurrent.FutureTask.run(FutureTask.java:266)
        at java.util.concurrent.ThreadPoolExecutor.runWorker(ThreadPoolExecutor.java:1149)
        at java.util.concurrent.ThreadPoolExecutor$Worker.run(ThreadPoolExecutor.java:624)
        at java.lang.Thread.run(Thread.java:750)
"IPC Server handler 15 on default port 15000" daemon prio=5 tid=66 timed_waiting
java.lang.Thread.State: TIMED_WAITING
        at sun.misc.Unsafe.park(Native Method)
        at java.util.concurrent.locks.LockSupport.parkNanos(LockSupport.java:215)
        at java.util.concurrent.locks.AbstractQueuedSynchronizer$ConditionObject.awaitNanos(AbstractQueuedSynchronizer.java:2078)
        at java.util.concurrent.LinkedBlockingQueue.poll(LinkedBlockingQueue.java:467)
        at org.apache.hadoop.ipc.CallQueueManager.take(CallQueueManager.java:317)
        at org.apache.hadoop.ipc.Server$Handler.run(Server.java:3014)
"Session-HouseKeeper-2e090fb7-1"  prio=5 tid=494 timed_waiting
java.lang.Thread.State: TIMED_WAITING
        at sun.misc.Unsafe.park(Native Method)
        at java.util.concurrent.locks.LockSupport.parkNanos(LockSupport.java:215)
        at java.util.concurrent.locks.AbstractQueuedSynchronizer$ConditionObject.awaitNanos(AbstractQueuedSynchronizer.java:2078)
        at java.util.concurrent.ScheduledThreadPoolExecutor$DelayedWorkQueue.take(ScheduledThreadPoolExecutor.java:1093)
        at java.util.concurrent.ScheduledThreadPoolExecutor$DelayedWorkQueue.take(ScheduledThreadPoolExecutor.java:809)
        at java.util.concurrent.ThreadPoolExecutor.getTask(ThreadPoolExecutor.java:1074)
        at java.util.concurrent.ThreadPoolExecutor.runWorker(ThreadPoolExecutor.java:1134)
        at java.util.concurrent.ThreadPoolExecutor$Worker.run(ThreadPoolExecutor.java:624)
        at java.lang.Thread.run(Thread.java:750)
"IPC Server handler 10 on default port 15000" daemon prio=5 tid=61 timed_waiting
java.lang.Thread.State: TIMED_WAITING
        at sun.misc.Unsafe.park(Native Method)
        at java.util.concurrent.locks.LockSupport.parkNanos(LockSupport.java:215)
        at java.util.concurrent.locks.AbstractQueuedSynchronizer$ConditionObject.awaitNanos(AbstractQueuedSynchronizer.java:2078)
        at java.util.concurrent.LinkedBlockingQueue.poll(LinkedBlockingQueue.java:467)
        at org.apache.hadoop.ipc.CallQueueManager.take(CallQueueManager.java:317)
        at org.apache.hadoop.ipc.Server$Handler.run(Server.java:3014)
"f612f2cf-90dc-41dc-bf39-cf028d38c484-server-thread3" daemon prio=5 tid=1329 timed_waiting
java.lang.Thread.State: TIMED_WAITING
        at sun.misc.Unsafe.park(Native Method)
        at java.util.concurrent.locks.LockSupport.parkNanos(LockSupport.java:215)
        at java.util.concurrent.SynchronousQueue$TransferStack.awaitFulfill(SynchronousQueue.java:460)
        at java.util.concurrent.SynchronousQueue$TransferStack.transfer(SynchronousQueue.java:362)
        at java.util.concurrent.SynchronousQueue.poll(SynchronousQueue.java:941)
        at java.util.concurrent.ThreadPoolExecutor.getTask(ThreadPoolExecutor.java:1073)
        at java.util.concurrent.ThreadPoolExecutor.runWorker(ThreadPoolExecutor.java:1134)
        at java.util.concurrent.ThreadPoolExecutor$Worker.run(ThreadPoolExecutor.java:624)
        at java.lang.Thread.run(Thread.java:750)
"FixedThreadPoolWithAffinityExecutor-9-0" daemon prio=5 tid=49 timed_waiting
java.lang.Thread.State: TIMED_WAITING
        at sun.misc.Unsafe.park(Native Method)
        at java.util.concurrent.locks.LockSupport.parkNanos(LockSupport.java:215)
        at java.util.concurrent.locks.AbstractQueuedSynchronizer$ConditionObject.awaitNanos(AbstractQueuedSynchronizer.java:2078)
        at java.util.concurrent.LinkedBlockingQueue.poll(LinkedBlockingQueue.java:467)
        at org.apache.hadoop.hdds.scm.server.ContainerReportQueue.poll(ContainerReportQueue.java:266)
        at org.apache.hadoop.hdds.scm.server.ContainerReportQueue.poll(ContainerReportQueue.java:42)
        at org.apache.hadoop.hdds.server.events.FixedThreadPoolWithAffinityExecutor$ContainerReportProcessTask.run(FixedThreadPoolWithAffinityExecutor.java:253)
        at java.util.concurrent.Executors$RunnableAdapter.call(Executors.java:511)
        at java.util.concurrent.FutureTask.run(FutureTask.java:266)
        at java.util.concurrent.ThreadPoolExecutor.runWorker(ThreadPoolExecutor.java:1149)
        at java.util.concurrent.ThreadPoolExecutor$Worker.run(ThreadPoolExecutor.java:624)
        at java.lang.Thread.run(Thread.java:750)
"1407d0d1-39ba-4bc0-b697-1e16e43cd838-server-thread3" daemon prio=5 tid=930 timed_waiting
java.lang.Thread.State: TIMED_WAITING
        at sun.misc.Unsafe.park(Native Method)
        at java.util.concurrent.locks.LockSupport.parkNanos(LockSupport.java:215)
        at java.util.concurrent.SynchronousQueue$TransferStack.awaitFulfill(SynchronousQueue.java:460)
        at java.util.concurrent.SynchronousQueue$TransferStack.transfer(SynchronousQueue.java:362)
        at java.util.concurrent.SynchronousQueue.poll(SynchronousQueue.java:941)
        at java.util.concurrent.ThreadPoolExecutor.getTask(ThreadPoolExecutor.java:1073)
        at java.util.concurrent.ThreadPoolExecutor.runWorker(ThreadPoolExecutor.java:1134)
        at java.util.concurrent.ThreadPoolExecutor$Worker.run(ThreadPoolExecutor.java:624)
        at java.lang.Thread.run(Thread.java:750)
"0ef615e1-91db-4ede-b924-53e2d320f02d-PipelineCommandHandlerThread-0"  prio=5 tid=651 in Object.wait()
java.lang.Thread.State: WAITING (on object monitor)
        at sun.misc.Unsafe.park(Native Method)
        at java.util.concurrent.locks.LockSupport.park(LockSupport.java:175)
        at java.util.concurrent.locks.AbstractQueuedSynchronizer$ConditionObject.await(AbstractQueuedSynchronizer.java:2039)
        at java.util.concurrent.LinkedBlockingQueue.take(LinkedBlockingQueue.java:442)
        at java.util.concurrent.ThreadPoolExecutor.getTask(ThreadPoolExecutor.java:1074)
        at java.util.concurrent.ThreadPoolExecutor.runWorker(ThreadPoolExecutor.java:1134)
        at java.util.concurrent.ThreadPoolExecutor$Worker.run(ThreadPoolExecutor.java:624)
        at java.lang.Thread.run(Thread.java:750)
"JvmPauseMonitor11" daemon prio=5 tid=633 timed_waiting
java.lang.Thread.State: TIMED_WAITING
        at java.lang.Thread.sleep(Native Method)
        at java.lang.Thread.sleep(Thread.java:342)
        at java.util.concurrent.TimeUnit.sleep(TimeUnit.java:386)
        at org.apache.ratis.util.TimeDuration.sleep(TimeDuration.java:325)
        at org.apache.ratis.util.TimeDuration.sleep(TimeDuration.java:310)
        at org.apache.ratis.util.JvmPauseMonitor.detectPause(JvmPauseMonitor.java:117)
        at org.apache.ratis.util.JvmPauseMonitor.run(JvmPauseMonitor.java:106)
        at org.apache.ratis.util.JvmPauseMonitor$$Lambda$484/814583272.run(Unknown Source)
        at java.lang.Thread.run(Thread.java:750)
"5b9beb6f-d596-489f-8a17-e362b772df82@group-942E44EA8C16-LeaderStateImpl" daemon prio=5 tid=985 timed_waiting
java.lang.Thread.State: TIMED_WAITING
        at sun.misc.Unsafe.park(Native Method)
        at java.util.concurrent.locks.LockSupport.parkNanos(LockSupport.java:215)
        at java.util.concurrent.locks.AbstractQueuedSynchronizer$ConditionObject.awaitNanos(AbstractQueuedSynchronizer.java:2078)
        at java.util.concurrent.ArrayBlockingQueue.poll(ArrayBlockingQueue.java:418)
        at org.apache.ratis.server.impl.LeaderStateImpl$EventQueue.poll(LeaderStateImpl.java:164)
        at org.apache.ratis.server.impl.LeaderStateImpl$EventProcessor.run(LeaderStateImpl.java:702)
"f612f2cf-90dc-41dc-bf39-cf028d38c484-ChunkReader-8" daemon prio=5 tid=1146 in Object.wait()
java.lang.Thread.State: WAITING (on object monitor)
        at sun.misc.Unsafe.park(Native Method)
        at java.util.concurrent.locks.LockSupport.park(LockSupport.java:175)
        at java.util.concurrent.locks.AbstractQueuedSynchronizer$ConditionObject.await(AbstractQueuedSynchronizer.java:2039)
        at java.util.concurrent.LinkedBlockingQueue.take(LinkedBlockingQueue.java:442)
        at java.util.concurrent.ThreadPoolExecutor.getTask(ThreadPoolExecutor.java:1074)
        at java.util.concurrent.ThreadPoolExecutor.runWorker(ThreadPoolExecutor.java:1134)
        at java.util.concurrent.ThreadPoolExecutor$Worker.run(ThreadPoolExecutor.java:624)
        at java.lang.Thread.run(Thread.java:750)
"66ee3698-ded8-430f-8ecd-27f356af6e45-ChunkWriter-1-0" daemon prio=5 tid=515 in Object.wait()
java.lang.Thread.State: WAITING (on object monitor)
        at sun.misc.Unsafe.park(Native Method)
        at java.util.concurrent.locks.LockSupport.park(LockSupport.java:175)
        at java.util.concurrent.locks.AbstractQueuedSynchronizer$ConditionObject.await(AbstractQueuedSynchronizer.java:2039)
        at java.util.concurrent.LinkedBlockingDeque.takeFirst(LinkedBlockingDeque.java:492)
        at java.util.concurrent.LinkedBlockingDeque.take(LinkedBlockingDeque.java:680)
        at java.util.concurrent.ThreadPoolExecutor.getTask(ThreadPoolExecutor.java:1074)
        at java.util.concurrent.ThreadPoolExecutor.runWorker(ThreadPoolExecutor.java:1134)
        at java.util.concurrent.ThreadPoolExecutor$Worker.run(ThreadPoolExecutor.java:624)
        at java.lang.Thread.run(Thread.java:750)
"IPC Server handler 7 on default port 15002" daemon prio=5 tid=98 timed_waiting
java.lang.Thread.State: TIMED_WAITING
        at sun.misc.Unsafe.park(Native Method)
        at java.util.concurrent.locks.LockSupport.parkNanos(LockSupport.java:215)
        at java.util.concurrent.locks.AbstractQueuedSynchronizer$ConditionObject.awaitNanos(AbstractQueuedSynchronizer.java:2078)
        at java.util.concurrent.LinkedBlockingQueue.poll(LinkedBlockingQueue.java:467)
        at org.apache.hadoop.ipc.CallQueueManager.take(CallQueueManager.java:317)
        at org.apache.hadoop.ipc.Server$Handler.run(Server.java:3014)
"23554148-3e4d-431f-a73e-f2401dbff1d4-ChunkReader-0" daemon prio=5 tid=1347 in Object.wait()
java.lang.Thread.State: WAITING (on object monitor)
        at sun.misc.Unsafe.park(Native Method)
        at java.util.concurrent.locks.LockSupport.park(LockSupport.java:175)
        at java.util.concurrent.locks.AbstractQueuedSynchronizer$ConditionObject.await(AbstractQueuedSynchronizer.java:2039)
        at java.util.concurrent.LinkedBlockingQueue.take(LinkedBlockingQueue.java:442)
        at java.util.concurrent.ThreadPoolExecutor.getTask(ThreadPoolExecutor.java:1074)
        at java.util.concurrent.ThreadPoolExecutor.runWorker(ThreadPoolExecutor.java:1134)
        at java.util.concurrent.ThreadPoolExecutor$Worker.run(ThreadPoolExecutor.java:624)
        at java.lang.Thread.run(Thread.java:750)
"StaleRecoveringContainerScrubbingService#5" daemon prio=5 tid=1213 in Object.wait()
java.lang.Thread.State: WAITING (on object monitor)
        at sun.misc.Unsafe.park(Native Method)
        at java.util.concurrent.locks.LockSupport.park(LockSupport.java:175)
        at java.util.concurrent.locks.AbstractQueuedSynchronizer$ConditionObject.await(AbstractQueuedSynchronizer.java:2039)
        at java.util.concurrent.ScheduledThreadPoolExecutor$DelayedWorkQueue.take(ScheduledThreadPoolExecutor.java:1088)
        at java.util.concurrent.ScheduledThreadPoolExecutor$DelayedWorkQueue.take(ScheduledThreadPoolExecutor.java:809)
        at java.util.concurrent.ThreadPoolExecutor.getTask(ThreadPoolExecutor.java:1074)
        at java.util.concurrent.ThreadPoolExecutor.runWorker(ThreadPoolExecutor.java:1134)
        at java.util.concurrent.ThreadPoolExecutor$Worker.run(ThreadPoolExecutor.java:624)
        at java.lang.Thread.run(Thread.java:750)
"66ee3698-ded8-430f-8ecd-27f356af6e45-PeriodicHDDSVolumeChecker" daemon prio=5 tid=504 timed_waiting
java.lang.Thread.State: TIMED_WAITING
        at sun.misc.Unsafe.park(Native Method)
        at java.util.concurrent.locks.LockSupport.parkNanos(LockSupport.java:215)
        at java.util.concurrent.locks.AbstractQueuedSynchronizer$ConditionObject.awaitNanos(AbstractQueuedSynchronizer.java:2078)
        at java.util.concurrent.ScheduledThreadPoolExecutor$DelayedWorkQueue.take(ScheduledThreadPoolExecutor.java:1093)
        at java.util.concurrent.ScheduledThreadPoolExecutor$DelayedWorkQueue.take(ScheduledThreadPoolExecutor.java:809)
        at java.util.concurrent.ThreadPoolExecutor.getTask(ThreadPoolExecutor.java:1074)
        at java.util.concurrent.ThreadPoolExecutor.runWorker(ThreadPoolExecutor.java:1134)
        at java.util.concurrent.ThreadPoolExecutor$Worker.run(ThreadPoolExecutor.java:624)
        at java.lang.Thread.run(Thread.java:750)
"23554148-3e4d-431f-a73e-f2401dbff1d4-DatanodeReportManager-3" daemon prio=5 tid=357 in Object.wait()
java.lang.Thread.State: WAITING (on object monitor)
        at sun.misc.Unsafe.park(Native Method)
        at java.util.concurrent.locks.LockSupport.park(LockSupport.java:175)
        at java.util.concurrent.locks.AbstractQueuedSynchronizer$ConditionObject.await(AbstractQueuedSynchronizer.java:2039)
        at java.util.concurrent.ScheduledThreadPoolExecutor$DelayedWorkQueue.take(ScheduledThreadPoolExecutor.java:1088)
        at java.util.concurrent.ScheduledThreadPoolExecutor$DelayedWorkQueue.take(ScheduledThreadPoolExecutor.java:809)
        at java.util.concurrent.ThreadPoolExecutor.getTask(ThreadPoolExecutor.java:1074)
        at java.util.concurrent.ThreadPoolExecutor.runWorker(ThreadPoolExecutor.java:1134)
        at java.util.concurrent.ThreadPoolExecutor$Worker.run(ThreadPoolExecutor.java:624)
        at java.lang.Thread.run(Thread.java:750)
"IPC Server handler 0 on default port 15028" daemon prio=5 tid=265 timed_waiting
java.lang.Thread.State: TIMED_WAITING
        at sun.misc.Unsafe.park(Native Method)
        at java.util.concurrent.locks.LockSupport.parkNanos(LockSupport.java:215)
        at java.util.concurrent.locks.AbstractQueuedSynchronizer$ConditionObject.awaitNanos(AbstractQueuedSynchronizer.java:2078)
        at java.util.concurrent.LinkedBlockingQueue.poll(LinkedBlockingQueue.java:467)
        at org.apache.hadoop.ipc.CallQueueManager.take(CallQueueManager.java:317)
        at org.apache.hadoop.ipc.Server$Handler.run(Server.java:3014)
"IPC Server handler 3 on default port 15000" daemon prio=5 tid=54 timed_waiting
java.lang.Thread.State: TIMED_WAITING
        at sun.misc.Unsafe.park(Native Method)
        at java.util.concurrent.locks.LockSupport.parkNanos(LockSupport.java:215)
        at java.util.concurrent.locks.AbstractQueuedSynchronizer$ConditionObject.awaitNanos(AbstractQueuedSynchronizer.java:2078)
        at java.util.concurrent.LinkedBlockingQueue.poll(LinkedBlockingQueue.java:467)
        at org.apache.hadoop.ipc.CallQueueManager.take(CallQueueManager.java:317)
        at org.apache.hadoop.ipc.Server$Handler.run(Server.java:3014)
"3fb99649-c87f-4cc9-b3d9-f5c572ff189c-ChunkReader-6" daemon prio=5 tid=1489 in Object.wait()
java.lang.Thread.State: WAITING (on object monitor)
        at sun.misc.Unsafe.park(Native Method)
        at java.util.concurrent.locks.LockSupport.park(LockSupport.java:175)
        at java.util.concurrent.locks.AbstractQueuedSynchronizer$ConditionObject.await(AbstractQueuedSynchronizer.java:2039)
        at java.util.concurrent.LinkedBlockingQueue.take(LinkedBlockingQueue.java:442)
        at java.util.concurrent.ThreadPoolExecutor.getTask(ThreadPoolExecutor.java:1074)
        at java.util.concurrent.ThreadPoolExecutor.runWorker(ThreadPoolExecutor.java:1134)
        at java.util.concurrent.ThreadPoolExecutor$Worker.run(ThreadPoolExecutor.java:624)
        at java.lang.Thread.run(Thread.java:750)
"IPC Server handler 5 on default port 15002" daemon prio=5 tid=96 timed_waiting
java.lang.Thread.State: TIMED_WAITING
        at sun.misc.Unsafe.park(Native Method)
        at java.util.concurrent.locks.LockSupport.parkNanos(LockSupport.java:215)
        at java.util.concurrent.locks.AbstractQueuedSynchronizer$ConditionObject.awaitNanos(AbstractQueuedSynchronizer.java:2078)
        at java.util.concurrent.LinkedBlockingQueue.poll(LinkedBlockingQueue.java:467)
        at org.apache.hadoop.ipc.CallQueueManager.take(CallQueueManager.java:317)
        at org.apache.hadoop.ipc.Server$Handler.run(Server.java:3014)
"55507c8a-594d-4e25-909f-8d2832294c55-DatanodeReportManager-2" daemon prio=5 tid=1180 timed_waiting
java.lang.Thread.State: TIMED_WAITING
        at sun.misc.Unsafe.park(Native Method)
        at java.util.concurrent.locks.LockSupport.parkNanos(LockSupport.java:215)
        at java.util.concurrent.locks.AbstractQueuedSynchronizer$ConditionObject.awaitNanos(AbstractQueuedSynchronizer.java:2078)
        at java.util.concurrent.ScheduledThreadPoolExecutor$DelayedWorkQueue.take(ScheduledThreadPoolExecutor.java:1093)
        at java.util.concurrent.ScheduledThreadPoolExecutor$DelayedWorkQueue.take(ScheduledThreadPoolExecutor.java:809)
        at java.util.concurrent.ThreadPoolExecutor.getTask(ThreadPoolExecutor.java:1074)
        at java.util.concurrent.ThreadPoolExecutor.runWorker(ThreadPoolExecutor.java:1134)
        at java.util.concurrent.ThreadPoolExecutor$Worker.run(ThreadPoolExecutor.java:624)
        at java.lang.Thread.run(Thread.java:750)
"StaleRecoveringContainerScrubbingService#7" daemon prio=5 tid=1442 in Object.wait()
java.lang.Thread.State: WAITING (on object monitor)
        at sun.misc.Unsafe.park(Native Method)
        at java.util.concurrent.locks.LockSupport.park(LockSupport.java:175)
        at java.util.concurrent.locks.AbstractQueuedSynchronizer$ConditionObject.await(AbstractQueuedSynchronizer.java:2039)
        at java.util.concurrent.ScheduledThreadPoolExecutor$DelayedWorkQueue.take(ScheduledThreadPoolExecutor.java:1088)
        at java.util.concurrent.ScheduledThreadPoolExecutor$DelayedWorkQueue.take(ScheduledThreadPoolExecutor.java:809)
        at java.util.concurrent.ThreadPoolExecutor.getTask(ThreadPoolExecutor.java:1074)
        at java.util.concurrent.ThreadPoolExecutor.runWorker(ThreadPoolExecutor.java:1134)
        at java.util.concurrent.ThreadPoolExecutor$Worker.run(ThreadPoolExecutor.java:624)
        at java.lang.Thread.run(Thread.java:750)
"1407d0d1-39ba-4bc0-b697-1e16e43cd838@group-5A0C10638F91-SegmentedRaftLogWorker"  prio=5 tid=696 timed_waiting
java.lang.Thread.State: TIMED_WAITING
        at sun.misc.Unsafe.park(Native Method)
        at java.util.concurrent.locks.LockSupport.parkNanos(LockSupport.java:215)
        at java.util.concurrent.locks.AbstractQueuedSynchronizer$ConditionObject.awaitNanos(AbstractQueuedSynchronizer.java:2078)
        at org.apache.ratis.util.DataBlockingQueue.poll(DataBlockingQueue.java:148)
        at org.apache.ratis.server.raftlog.segmented.SegmentedRaftLogWorker.run(SegmentedRaftLogWorker.java:307)
        at org.apache.ratis.server.raftlog.segmented.SegmentedRaftLogWorker$$Lambda$819/1928678273.run(Unknown Source)
        at java.util.concurrent.Executors$RunnableAdapter.call(Executors.java:511)
        at java.util.concurrent.FutureTask.run(FutureTask.java:266)
        at java.util.concurrent.ThreadPoolExecutor.runWorker(ThreadPoolExecutor.java:1149)
        at java.util.concurrent.ThreadPoolExecutor$Worker.run(ThreadPoolExecutor.java:624)
        at java.lang.Thread.run(Thread.java:750)
"f612f2cf-90dc-41dc-bf39-cf028d38c484-DatanodeStateMachineTaskThread-0"  prio=5 tid=419 in Object.wait()
java.lang.Thread.State: WAITING (on object monitor)
        at sun.misc.Unsafe.park(Native Method)
        at java.util.concurrent.locks.LockSupport.park(LockSupport.java:175)
        at java.util.concurrent.locks.AbstractQueuedSynchronizer$ConditionObject.await(AbstractQueuedSynchronizer.java:2039)
        at java.util.concurrent.LinkedBlockingQueue.take(LinkedBlockingQueue.java:442)
        at java.util.concurrent.ThreadPoolExecutor.getTask(ThreadPoolExecutor.java:1074)
        at java.util.concurrent.ThreadPoolExecutor.runWorker(ThreadPoolExecutor.java:1134)
        at java.util.concurrent.ThreadPoolExecutor$Worker.run(ThreadPoolExecutor.java:624)
        at java.lang.Thread.run(Thread.java:750)
"IPC Server handler 19 on default port 15002" daemon prio=5 tid=110 timed_waiting
java.lang.Thread.State: TIMED_WAITING
        at sun.misc.Unsafe.park(Native Method)
        at java.util.concurrent.locks.LockSupport.parkNanos(LockSupport.java:215)
        at java.util.concurrent.locks.AbstractQueuedSynchronizer$ConditionObject.awaitNanos(AbstractQueuedSynchronizer.java:2078)
        at java.util.concurrent.LinkedBlockingQueue.poll(LinkedBlockingQueue.java:467)
        at org.apache.hadoop.ipc.CallQueueManager.take(CallQueueManager.java:317)
        at org.apache.hadoop.ipc.Server$Handler.run(Server.java:3014)
"qtp2046986915-338" daemon prio=5 tid=338 runnable
java.lang.Thread.State: RUNNABLE
        at sun.nio.ch.EPollArrayWrapper.epollWait(Native Method)
        at sun.nio.ch.EPollArrayWrapper.poll(EPollArrayWrapper.java:269)
        at sun.nio.ch.EPollSelectorImpl.doSelect(EPollSelectorImpl.java:93)
        at sun.nio.ch.SelectorImpl.lockAndDoSelect(SelectorImpl.java:86)
        at sun.nio.ch.SelectorImpl.select(SelectorImpl.java:97)
        at sun.nio.ch.SelectorImpl.select(SelectorImpl.java:101)
        at org.eclipse.jetty.io.ManagedSelector.nioSelect(ManagedSelector.java:183)
        at org.eclipse.jetty.io.ManagedSelector.select(ManagedSelector.java:190)
        at org.eclipse.jetty.io.ManagedSelector$SelectorProducer.select(ManagedSelector.java:606)
        at org.eclipse.jetty.io.ManagedSelector$SelectorProducer.produce(ManagedSelector.java:543)
        at org.eclipse.jetty.util.thread.strategy.EatWhatYouKill.produceTask(EatWhatYouKill.java:362)
        at org.eclipse.jetty.util.thread.strategy.EatWhatYouKill.doProduce(EatWhatYouKill.java:186)
        at org.eclipse.jetty.util.thread.strategy.EatWhatYouKill.tryProduce(EatWhatYouKill.java:173)
        at org.eclipse.jetty.util.thread.strategy.EatWhatYouKill.produce(EatWhatYouKill.java:137)
        at org.eclipse.jetty.io.ManagedSelector$$Lambda$519/294435622.run(Unknown Source)
        at org.eclipse.jetty.util.thread.QueuedThreadPool.runJob(QueuedThreadPool.java:883)
        at org.eclipse.jetty.util.thread.QueuedThreadPool$Runner.run(QueuedThreadPool.java:1034)
        at java.lang.Thread.run(Thread.java:750)
"94422c73-384a-4d9a-a15d-46d9f5b840aa-ChunkReader-0" daemon prio=5 tid=1470 in Object.wait()
java.lang.Thread.State: WAITING (on object monitor)
        at sun.misc.Unsafe.park(Native Method)
        at java.util.concurrent.locks.LockSupport.park(LockSupport.java:175)
        at java.util.concurrent.locks.AbstractQueuedSynchronizer$ConditionObject.await(AbstractQueuedSynchronizer.java:2039)
        at java.util.concurrent.LinkedBlockingQueue.take(LinkedBlockingQueue.java:442)
        at java.util.concurrent.ThreadPoolExecutor.getTask(ThreadPoolExecutor.java:1074)
        at java.util.concurrent.ThreadPoolExecutor.runWorker(ThreadPoolExecutor.java:1134)
        at java.util.concurrent.ThreadPoolExecutor$Worker.run(ThreadPoolExecutor.java:624)
        at java.lang.Thread.run(Thread.java:750)
"grpc-default-executor-6" daemon prio=5 tid=1324 timed_waiting
java.lang.Thread.State: TIMED_WAITING
        at sun.misc.Unsafe.park(Native Method)
        at java.util.concurrent.locks.LockSupport.parkNanos(LockSupport.java:215)
        at java.util.concurrent.SynchronousQueue$TransferStack.awaitFulfill(SynchronousQueue.java:460)
        at java.util.concurrent.SynchronousQueue$TransferStack.transfer(SynchronousQueue.java:362)
        at java.util.concurrent.SynchronousQueue.poll(SynchronousQueue.java:941)
        at java.util.concurrent.ThreadPoolExecutor.getTask(ThreadPoolExecutor.java:1073)
        at java.util.concurrent.ThreadPoolExecutor.runWorker(ThreadPoolExecutor.java:1134)
        at java.util.concurrent.ThreadPoolExecutor$Worker.run(ThreadPoolExecutor.java:624)
        at java.lang.Thread.run(Thread.java:750)
"1407d0d1-39ba-4bc0-b697-1e16e43cd838-DatanodeReportManager-0" daemon prio=5 tid=325 in Object.wait()
java.lang.Thread.State: WAITING (on object monitor)
        at sun.misc.Unsafe.park(Native Method)
        at java.util.concurrent.locks.LockSupport.park(LockSupport.java:175)
        at java.util.concurrent.locks.AbstractQueuedSynchronizer$ConditionObject.await(AbstractQueuedSynchronizer.java:2039)
        at java.util.concurrent.ScheduledThreadPoolExecutor$DelayedWorkQueue.take(ScheduledThreadPoolExecutor.java:1088)
        at java.util.concurrent.ScheduledThreadPoolExecutor$DelayedWorkQueue.take(ScheduledThreadPoolExecutor.java:809)
        at java.util.concurrent.ThreadPoolExecutor.getTask(ThreadPoolExecutor.java:1074)
        at java.util.concurrent.ThreadPoolExecutor.runWorker(ThreadPoolExecutor.java:1134)
        at java.util.concurrent.ThreadPoolExecutor$Worker.run(ThreadPoolExecutor.java:624)
        at java.lang.Thread.run(Thread.java:750)
"0ef615e1-91db-4ede-b924-53e2d320f02d-ChunkWriter-0-0" daemon prio=5 tid=472 in Object.wait()
java.lang.Thread.State: WAITING (on object monitor)
        at sun.misc.Unsafe.park(Native Method)
        at java.util.concurrent.locks.LockSupport.park(LockSupport.java:175)
        at java.util.concurrent.locks.AbstractQueuedSynchronizer$ConditionObject.await(AbstractQueuedSynchronizer.java:2039)
        at java.util.concurrent.LinkedBlockingDeque.takeFirst(LinkedBlockingDeque.java:492)
        at java.util.concurrent.LinkedBlockingDeque.take(LinkedBlockingDeque.java:680)
        at java.util.concurrent.ThreadPoolExecutor.getTask(ThreadPoolExecutor.java:1074)
        at java.util.concurrent.ThreadPoolExecutor.runWorker(ThreadPoolExecutor.java:1134)
        at java.util.concurrent.ThreadPoolExecutor$Worker.run(ThreadPoolExecutor.java:624)
        at java.lang.Thread.run(Thread.java:750)
"94422c73-384a-4d9a-a15d-46d9f5b840aa@group-1D3807242C29-SegmentedRaftLogWorker"  prio=5 tid=646 timed_waiting
java.lang.Thread.State: TIMED_WAITING
        at sun.misc.Unsafe.park(Native Method)
        at java.util.concurrent.locks.LockSupport.parkNanos(LockSupport.java:215)
        at java.util.concurrent.locks.AbstractQueuedSynchronizer$ConditionObject.awaitNanos(AbstractQueuedSynchronizer.java:2078)
        at org.apache.ratis.util.DataBlockingQueue.poll(DataBlockingQueue.java:148)
        at org.apache.ratis.server.raftlog.segmented.SegmentedRaftLogWorker.run(SegmentedRaftLogWorker.java:307)
        at org.apache.ratis.server.raftlog.segmented.SegmentedRaftLogWorker$$Lambda$819/1928678273.run(Unknown Source)
        at java.util.concurrent.Executors$RunnableAdapter.call(Executors.java:511)
        at java.util.concurrent.FutureTask.run(FutureTask.java:266)
        at java.util.concurrent.ThreadPoolExecutor.runWorker(ThreadPoolExecutor.java:1149)
        at java.util.concurrent.ThreadPoolExecutor$Worker.run(ThreadPoolExecutor.java:624)
        at java.lang.Thread.run(Thread.java:750)
"23554148-3e4d-431f-a73e-f2401dbff1d4-ChunkWriter-3-0" daemon prio=5 tid=563 in Object.wait()
java.lang.Thread.State: WAITING (on object monitor)
        at sun.misc.Unsafe.park(Native Method)
        at java.util.concurrent.locks.LockSupport.park(LockSupport.java:175)
        at java.util.concurrent.locks.AbstractQueuedSynchronizer$ConditionObject.await(AbstractQueuedSynchronizer.java:2039)
        at java.util.concurrent.LinkedBlockingDeque.takeFirst(LinkedBlockingDeque.java:492)
        at java.util.concurrent.LinkedBlockingDeque.take(LinkedBlockingDeque.java:680)
        at java.util.concurrent.ThreadPoolExecutor.getTask(ThreadPoolExecutor.java:1074)
        at java.util.concurrent.ThreadPoolExecutor.runWorker(ThreadPoolExecutor.java:1134)
        at java.util.concurrent.ThreadPoolExecutor$Worker.run(ThreadPoolExecutor.java:624)
        at java.lang.Thread.run(Thread.java:750)
"IPC Server handler 14 on default port 15002" daemon prio=5 tid=105 timed_waiting
java.lang.Thread.State: TIMED_WAITING
        at sun.misc.Unsafe.park(Native Method)
        at java.util.concurrent.locks.LockSupport.parkNanos(LockSupport.java:215)
        at java.util.concurrent.locks.AbstractQueuedSynchronizer$ConditionObject.awaitNanos(AbstractQueuedSynchronizer.java:2078)
        at java.util.concurrent.LinkedBlockingQueue.poll(LinkedBlockingQueue.java:467)
        at org.apache.hadoop.ipc.CallQueueManager.take(CallQueueManager.java:317)
        at org.apache.hadoop.ipc.Server$Handler.run(Server.java:3014)
"StaleRecoveringContainerScrubbingService#3" daemon prio=5 tid=1098 in Object.wait()
java.lang.Thread.State: WAITING (on object monitor)
        at sun.misc.Unsafe.park(Native Method)
        at java.util.concurrent.locks.LockSupport.park(LockSupport.java:175)
        at java.util.concurrent.locks.AbstractQueuedSynchronizer$ConditionObject.await(AbstractQueuedSynchronizer.java:2039)
        at java.util.concurrent.ScheduledThreadPoolExecutor$DelayedWorkQueue.take(ScheduledThreadPoolExecutor.java:1088)
        at java.util.concurrent.ScheduledThreadPoolExecutor$DelayedWorkQueue.take(ScheduledThreadPoolExecutor.java:809)
        at java.util.concurrent.ThreadPoolExecutor.getTask(ThreadPoolExecutor.java:1074)
        at java.util.concurrent.ThreadPoolExecutor.runWorker(ThreadPoolExecutor.java:1134)
        at java.util.concurrent.ThreadPoolExecutor$Worker.run(ThreadPoolExecutor.java:624)
        at java.lang.Thread.run(Thread.java:750)
"StaleRecoveringContainerScrubbingService#6" daemon prio=5 tid=1337 in Object.wait()
java.lang.Thread.State: WAITING (on object monitor)
        at sun.misc.Unsafe.park(Native Method)
        at java.util.concurrent.locks.LockSupport.park(LockSupport.java:175)
        at java.util.concurrent.locks.AbstractQueuedSynchronizer$ConditionObject.await(AbstractQueuedSynchronizer.java:2039)
        at java.util.concurrent.ScheduledThreadPoolExecutor$DelayedWorkQueue.take(ScheduledThreadPoolExecutor.java:1088)
        at java.util.concurrent.ScheduledThreadPoolExecutor$DelayedWorkQueue.take(ScheduledThreadPoolExecutor.java:809)
        at java.util.concurrent.ThreadPoolExecutor.getTask(ThreadPoolExecutor.java:1074)
        at java.util.concurrent.ThreadPoolExecutor.runWorker(ThreadPoolExecutor.java:1134)
        at java.util.concurrent.ThreadPoolExecutor$Worker.run(ThreadPoolExecutor.java:624)
        at java.lang.Thread.run(Thread.java:750)
"66ee3698-ded8-430f-8ecd-27f356af6e45@group-1D3807242C29-StateMachineUpdater" daemon prio=5 tid=669 timed_waiting
java.lang.Thread.State: TIMED_WAITING
        at sun.misc.Unsafe.park(Native Method)
        at java.util.concurrent.locks.LockSupport.parkNanos(LockSupport.java:215)
        at java.util.concurrent.locks.AbstractQueuedSynchronizer$ConditionObject.await(AbstractQueuedSynchronizer.java:2163)
        at org.apache.ratis.util.AwaitForSignal.await(AwaitForSignal.java:62)
        at org.apache.ratis.server.impl.StateMachineUpdater.waitForCommit(StateMachineUpdater.java:209)
        at org.apache.ratis.server.impl.StateMachineUpdater.run(StateMachineUpdater.java:178)
        at java.lang.Thread.run(Thread.java:750)
"IPC Server handler 11 on default port 15001" daemon prio=5 tid=82 timed_waiting
java.lang.Thread.State: TIMED_WAITING
        at sun.misc.Unsafe.park(Native Method)
        at java.util.concurrent.locks.LockSupport.parkNanos(LockSupport.java:215)
        at java.util.concurrent.locks.AbstractQueuedSynchronizer$ConditionObject.awaitNanos(AbstractQueuedSynchronizer.java:2078)
        at java.util.concurrent.LinkedBlockingQueue.poll(LinkedBlockingQueue.java:467)
        at org.apache.hadoop.ipc.CallQueueManager.take(CallQueueManager.java:317)
        at org.apache.hadoop.ipc.Server$Handler.run(Server.java:3014)
"23554148-3e4d-431f-a73e-f2401dbff1d4-server-thread3" daemon prio=5 tid=931 timed_waiting
java.lang.Thread.State: TIMED_WAITING
        at sun.misc.Unsafe.park(Native Method)
        at java.util.concurrent.locks.LockSupport.parkNanos(LockSupport.java:215)
        at java.util.concurrent.SynchronousQueue$TransferStack.awaitFulfill(SynchronousQueue.java:460)
        at java.util.concurrent.SynchronousQueue$TransferStack.transfer(SynchronousQueue.java:362)
        at java.util.concurrent.SynchronousQueue.poll(SynchronousQueue.java:941)
        at java.util.concurrent.ThreadPoolExecutor.getTask(ThreadPoolExecutor.java:1073)
        at java.util.concurrent.ThreadPoolExecutor.runWorker(ThreadPoolExecutor.java:1134)
        at java.util.concurrent.ThreadPoolExecutor$Worker.run(ThreadPoolExecutor.java:624)
        at java.lang.Thread.run(Thread.java:750)
"5b9beb6f-d596-489f-8a17-e362b772df82@group-3CEA00BD3BAC-SegmentedRaftLogWorker"  prio=5 tid=1261 timed_waiting
java.lang.Thread.State: TIMED_WAITING
        at sun.misc.Unsafe.park(Native Method)
        at java.util.concurrent.locks.LockSupport.parkNanos(LockSupport.java:215)
        at java.util.concurrent.locks.AbstractQueuedSynchronizer$ConditionObject.awaitNanos(AbstractQueuedSynchronizer.java:2078)
        at org.apache.ratis.util.DataBlockingQueue.poll(DataBlockingQueue.java:148)
        at org.apache.ratis.server.raftlog.segmented.SegmentedRaftLogWorker.run(SegmentedRaftLogWorker.java:307)
        at org.apache.ratis.server.raftlog.segmented.SegmentedRaftLogWorker$$Lambda$819/1928678273.run(Unknown Source)
        at java.util.concurrent.Executors$RunnableAdapter.call(Executors.java:511)
        at java.util.concurrent.FutureTask.run(FutureTask.java:266)
        at java.util.concurrent.ThreadPoolExecutor.runWorker(ThreadPoolExecutor.java:1149)
        at java.util.concurrent.ThreadPoolExecutor$Worker.run(ThreadPoolExecutor.java:624)
        at java.lang.Thread.run(Thread.java:750)
"IPC Server handler 12 on default port 15001" daemon prio=5 tid=83 timed_waiting
java.lang.Thread.State: TIMED_WAITING
        at sun.misc.Unsafe.park(Native Method)
        at java.util.concurrent.locks.LockSupport.parkNanos(LockSupport.java:215)
        at java.util.concurrent.locks.AbstractQueuedSynchronizer$ConditionObject.awaitNanos(AbstractQueuedSynchronizer.java:2078)
        at java.util.concurrent.LinkedBlockingQueue.poll(LinkedBlockingQueue.java:467)
        at org.apache.hadoop.ipc.CallQueueManager.take(CallQueueManager.java:317)
        at org.apache.hadoop.ipc.Server$Handler.run(Server.java:3014)
"StaleRecoveringContainerScrubbingService#5" daemon prio=5 tid=1218 in Object.wait()
java.lang.Thread.State: WAITING (on object monitor)
        at sun.misc.Unsafe.park(Native Method)
        at java.util.concurrent.locks.LockSupport.park(LockSupport.java:175)
        at java.util.concurrent.locks.AbstractQueuedSynchronizer$ConditionObject.await(AbstractQueuedSynchronizer.java:2039)
        at java.util.concurrent.ScheduledThreadPoolExecutor$DelayedWorkQueue.take(ScheduledThreadPoolExecutor.java:1088)
        at java.util.concurrent.ScheduledThreadPoolExecutor$DelayedWorkQueue.take(ScheduledThreadPoolExecutor.java:809)
        at java.util.concurrent.ThreadPoolExecutor.getTask(ThreadPoolExecutor.java:1074)
        at java.util.concurrent.ThreadPoolExecutor.runWorker(ThreadPoolExecutor.java:1134)
        at java.util.concurrent.ThreadPoolExecutor$Worker.run(ThreadPoolExecutor.java:624)
        at java.lang.Thread.run(Thread.java:750)
"5b9beb6f-d596-489f-8a17-e362b772df82-ChunkReader-0" daemon prio=5 tid=1034 in Object.wait()
java.lang.Thread.State: WAITING (on object monitor)
        at sun.misc.Unsafe.park(Native Method)
        at java.util.concurrent.locks.LockSupport.park(LockSupport.java:175)
        at java.util.concurrent.locks.AbstractQueuedSynchronizer$ConditionObject.await(AbstractQueuedSynchronizer.java:2039)
        at java.util.concurrent.LinkedBlockingQueue.take(LinkedBlockingQueue.java:442)
        at java.util.concurrent.ThreadPoolExecutor.getTask(ThreadPoolExecutor.java:1074)
        at java.util.concurrent.ThreadPoolExecutor.runWorker(ThreadPoolExecutor.java:1134)
        at java.util.concurrent.ThreadPoolExecutor$Worker.run(ThreadPoolExecutor.java:624)
        at java.lang.Thread.run(Thread.java:750)
"23554148-3e4d-431f-a73e-f2401dbff1d4-DatanodeReportManager-1" daemon prio=5 tid=355 in Object.wait()
java.lang.Thread.State: WAITING (on object monitor)
        at sun.misc.Unsafe.park(Native Method)
        at java.util.concurrent.locks.LockSupport.park(LockSupport.java:175)
        at java.util.concurrent.locks.AbstractQueuedSynchronizer$ConditionObject.await(AbstractQueuedSynchronizer.java:2039)
        at java.util.concurrent.ScheduledThreadPoolExecutor$DelayedWorkQueue.take(ScheduledThreadPoolExecutor.java:1088)
        at java.util.concurrent.ScheduledThreadPoolExecutor$DelayedWorkQueue.take(ScheduledThreadPoolExecutor.java:809)
        at java.util.concurrent.ThreadPoolExecutor.getTask(ThreadPoolExecutor.java:1074)
        at java.util.concurrent.ThreadPoolExecutor.runWorker(ThreadPoolExecutor.java:1134)
        at java.util.concurrent.ThreadPoolExecutor$Worker.run(ThreadPoolExecutor.java:624)
        at java.lang.Thread.run(Thread.java:750)
"FixedThreadPoolWithAffinityExecutor-5-0" daemon prio=5 tid=45 timed_waiting
java.lang.Thread.State: TIMED_WAITING
        at sun.misc.Unsafe.park(Native Method)
        at java.util.concurrent.locks.LockSupport.parkNanos(LockSupport.java:215)
        at java.util.concurrent.locks.AbstractQueuedSynchronizer$ConditionObject.awaitNanos(AbstractQueuedSynchronizer.java:2078)
        at java.util.concurrent.LinkedBlockingQueue.poll(LinkedBlockingQueue.java:467)
        at org.apache.hadoop.hdds.scm.server.ContainerReportQueue.poll(ContainerReportQueue.java:266)
        at org.apache.hadoop.hdds.scm.server.ContainerReportQueue.poll(ContainerReportQueue.java:42)
        at org.apache.hadoop.hdds.server.events.FixedThreadPoolWithAffinityExecutor$ContainerReportProcessTask.run(FixedThreadPoolWithAffinityExecutor.java:253)
        at java.util.concurrent.Executors$RunnableAdapter.call(Executors.java:511)
        at java.util.concurrent.FutureTask.run(FutureTask.java:266)
        at java.util.concurrent.ThreadPoolExecutor.runWorker(ThreadPoolExecutor.java:1149)
        at java.util.concurrent.ThreadPoolExecutor$Worker.run(ThreadPoolExecutor.java:624)
        at java.lang.Thread.run(Thread.java:750)
"55507c8a-594d-4e25-909f-8d2832294c55-server-thread2" daemon prio=5 tid=1326 timed_waiting
java.lang.Thread.State: TIMED_WAITING
        at sun.misc.Unsafe.park(Native Method)
        at java.util.concurrent.locks.LockSupport.parkNanos(LockSupport.java:215)
        at java.util.concurrent.SynchronousQueue$TransferStack.awaitFulfill(SynchronousQueue.java:460)
        at java.util.concurrent.SynchronousQueue$TransferStack.transfer(SynchronousQueue.java:362)
        at java.util.concurrent.SynchronousQueue.poll(SynchronousQueue.java:941)
        at java.util.concurrent.ThreadPoolExecutor.getTask(ThreadPoolExecutor.java:1073)
        at java.util.concurrent.ThreadPoolExecutor.runWorker(ThreadPoolExecutor.java:1134)
        at java.util.concurrent.ThreadPoolExecutor$Worker.run(ThreadPoolExecutor.java:624)
        at java.lang.Thread.run(Thread.java:750)
"qtp623734438-159" daemon prio=5 tid=159 timed_waiting
java.lang.Thread.State: TIMED_WAITING
        at sun.misc.Unsafe.park(Native Method)
        at java.util.concurrent.locks.LockSupport.parkNanos(LockSupport.java:215)
        at java.util.concurrent.locks.AbstractQueuedSynchronizer$ConditionObject.awaitNanos(AbstractQueuedSynchronizer.java:2078)
        at org.eclipse.jetty.util.BlockingArrayQueue.poll(BlockingArrayQueue.java:382)
        at org.eclipse.jetty.util.thread.QueuedThreadPool$Runner.idleJobPoll(QueuedThreadPool.java:974)
        at org.eclipse.jetty.util.thread.QueuedThreadPool$Runner.run(QueuedThreadPool.java:1018)
        at java.lang.Thread.run(Thread.java:750)
"StaleRecoveringContainerScrubbingService#1" daemon prio=5 tid=1210 in Object.wait()
java.lang.Thread.State: WAITING (on object monitor)
        at sun.misc.Unsafe.park(Native Method)
        at java.util.concurrent.locks.LockSupport.park(LockSupport.java:175)
        at java.util.concurrent.locks.AbstractQueuedSynchronizer$ConditionObject.await(AbstractQueuedSynchronizer.java:2039)
        at java.util.concurrent.ScheduledThreadPoolExecutor$DelayedWorkQueue.take(ScheduledThreadPoolExecutor.java:1088)
        at java.util.concurrent.ScheduledThreadPoolExecutor$DelayedWorkQueue.take(ScheduledThreadPoolExecutor.java:809)
        at java.util.concurrent.ThreadPoolExecutor.getTask(ThreadPoolExecutor.java:1074)
        at java.util.concurrent.ThreadPoolExecutor.runWorker(ThreadPoolExecutor.java:1134)
        at java.util.concurrent.ThreadPoolExecutor$Worker.run(ThreadPoolExecutor.java:624)
        at java.lang.Thread.run(Thread.java:750)
"StaleRecoveringContainerScrubbingService#3" daemon prio=5 tid=1101 in Object.wait()
java.lang.Thread.State: WAITING (on object monitor)
        at sun.misc.Unsafe.park(Native Method)
        at java.util.concurrent.locks.LockSupport.park(LockSupport.java:175)
        at java.util.concurrent.locks.AbstractQueuedSynchronizer$ConditionObject.await(AbstractQueuedSynchronizer.java:2039)
        at java.util.concurrent.ScheduledThreadPoolExecutor$DelayedWorkQueue.take(ScheduledThreadPoolExecutor.java:1088)
        at java.util.concurrent.ScheduledThreadPoolExecutor$DelayedWorkQueue.take(ScheduledThreadPoolExecutor.java:809)
        at java.util.concurrent.ThreadPoolExecutor.getTask(ThreadPoolExecutor.java:1074)
        at java.util.concurrent.ThreadPoolExecutor.runWorker(ThreadPoolExecutor.java:1134)
        at java.util.concurrent.ThreadPoolExecutor$Worker.run(ThreadPoolExecutor.java:624)
        at java.lang.Thread.run(Thread.java:750)
"3fb99649-c87f-4cc9-b3d9-f5c572ff189c-DatanodeReportManager-3" daemon prio=5 tid=299 timed_waiting
java.lang.Thread.State: TIMED_WAITING
        at sun.misc.Unsafe.park(Native Method)
        at java.util.concurrent.locks.LockSupport.parkNanos(LockSupport.java:215)
        at java.util.concurrent.locks.AbstractQueuedSynchronizer$ConditionObject.awaitNanos(AbstractQueuedSynchronizer.java:2078)
        at java.util.concurrent.ScheduledThreadPoolExecutor$DelayedWorkQueue.take(ScheduledThreadPoolExecutor.java:1093)
        at java.util.concurrent.ScheduledThreadPoolExecutor$DelayedWorkQueue.take(ScheduledThreadPoolExecutor.java:809)
        at java.util.concurrent.ThreadPoolExecutor.getTask(ThreadPoolExecutor.java:1074)
        at java.util.concurrent.ThreadPoolExecutor.runWorker(ThreadPoolExecutor.java:1134)
        at java.util.concurrent.ThreadPoolExecutor$Worker.run(ThreadPoolExecutor.java:624)
        at java.lang.Thread.run(Thread.java:750)
"IPC Server handler 1 on default port 15002" daemon prio=5 tid=92 timed_waiting
java.lang.Thread.State: TIMED_WAITING
        at sun.misc.Unsafe.park(Native Method)
        at java.util.concurrent.locks.LockSupport.parkNanos(LockSupport.java:215)
        at java.util.concurrent.locks.AbstractQueuedSynchronizer$ConditionObject.awaitNanos(AbstractQueuedSynchronizer.java:2078)
        at java.util.concurrent.LinkedBlockingQueue.poll(LinkedBlockingQueue.java:467)
        at org.apache.hadoop.ipc.CallQueueManager.take(CallQueueManager.java:317)
        at org.apache.hadoop.ipc.Server$Handler.run(Server.java:3014)
"23554148-3e4d-431f-a73e-f2401dbff1d4-BlockDeletingService#2" daemon prio=5 tid=1447 in Object.wait()
java.lang.Thread.State: WAITING (on object monitor)
        at sun.misc.Unsafe.park(Native Method)
        at java.util.concurrent.locks.LockSupport.park(LockSupport.java:175)
        at java.util.concurrent.locks.AbstractQueuedSynchronizer$ConditionObject.await(AbstractQueuedSynchronizer.java:2039)
        at java.util.concurrent.ScheduledThreadPoolExecutor$DelayedWorkQueue.take(ScheduledThreadPoolExecutor.java:1088)
        at java.util.concurrent.ScheduledThreadPoolExecutor$DelayedWorkQueue.take(ScheduledThreadPoolExecutor.java:809)
        at java.util.concurrent.ThreadPoolExecutor.getTask(ThreadPoolExecutor.java:1074)
        at java.util.concurrent.ThreadPoolExecutor.runWorker(ThreadPoolExecutor.java:1134)
        at java.util.concurrent.ThreadPoolExecutor$Worker.run(ThreadPoolExecutor.java:624)
        at java.lang.Thread.run(Thread.java:750)
"qtp1742206865-309" daemon prio=5 tid=309 runnable
java.lang.Thread.State: RUNNABLE
        at sun.nio.ch.EPollArrayWrapper.epollWait(Native Method)
        at sun.nio.ch.EPollArrayWrapper.poll(EPollArrayWrapper.java:269)
        at sun.nio.ch.EPollSelectorImpl.doSelect(EPollSelectorImpl.java:93)
        at sun.nio.ch.SelectorImpl.lockAndDoSelect(SelectorImpl.java:86)
        at sun.nio.ch.SelectorImpl.select(SelectorImpl.java:97)
        at sun.nio.ch.SelectorImpl.select(SelectorImpl.java:101)
        at org.eclipse.jetty.io.ManagedSelector.nioSelect(ManagedSelector.java:183)
        at org.eclipse.jetty.io.ManagedSelector.select(ManagedSelector.java:190)
        at org.eclipse.jetty.io.ManagedSelector$SelectorProducer.select(ManagedSelector.java:606)
        at org.eclipse.jetty.io.ManagedSelector$SelectorProducer.produce(ManagedSelector.java:543)
        at org.eclipse.jetty.util.thread.strategy.EatWhatYouKill.produceTask(EatWhatYouKill.java:362)
        at org.eclipse.jetty.util.thread.strategy.EatWhatYouKill.doProduce(EatWhatYouKill.java:186)
        at org.eclipse.jetty.util.thread.strategy.EatWhatYouKill.tryProduce(EatWhatYouKill.java:173)
        at org.eclipse.jetty.util.thread.strategy.EatWhatYouKill.produce(EatWhatYouKill.java:137)
        at org.eclipse.jetty.io.ManagedSelector$$Lambda$519/294435622.run(Unknown Source)
        at org.eclipse.jetty.util.thread.QueuedThreadPool.runJob(QueuedThreadPool.java:883)
        at org.eclipse.jetty.util.thread.QueuedThreadPool$Runner.run(QueuedThreadPool.java:1034)
        at java.lang.Thread.run(Thread.java:750)
"66ee3698-ded8-430f-8ecd-27f356af6e45-ChunkReader-6" daemon prio=5 tid=1154 in Object.wait()
java.lang.Thread.State: WAITING (on object monitor)
        at sun.misc.Unsafe.park(Native Method)
        at java.util.concurrent.locks.LockSupport.park(LockSupport.java:175)
        at java.util.concurrent.locks.AbstractQueuedSynchronizer$ConditionObject.await(AbstractQueuedSynchronizer.java:2039)
        at java.util.concurrent.LinkedBlockingQueue.take(LinkedBlockingQueue.java:442)
        at java.util.concurrent.ThreadPoolExecutor.getTask(ThreadPoolExecutor.java:1074)
        at java.util.concurrent.ThreadPoolExecutor.runWorker(ThreadPoolExecutor.java:1134)
        at java.util.concurrent.ThreadPoolExecutor$Worker.run(ThreadPoolExecutor.java:624)
        at java.lang.Thread.run(Thread.java:750)
"94422c73-384a-4d9a-a15d-46d9f5b840aa-ChunkWriter-1-0" daemon prio=5 tid=442 in Object.wait()
java.lang.Thread.State: WAITING (on object monitor)
        at sun.misc.Unsafe.park(Native Method)
        at java.util.concurrent.locks.LockSupport.park(LockSupport.java:175)
        at java.util.concurrent.locks.AbstractQueuedSynchronizer$ConditionObject.await(AbstractQueuedSynchronizer.java:2039)
        at java.util.concurrent.LinkedBlockingDeque.takeFirst(LinkedBlockingDeque.java:492)
        at java.util.concurrent.LinkedBlockingDeque.take(LinkedBlockingDeque.java:680)
        at java.util.concurrent.ThreadPoolExecutor.getTask(ThreadPoolExecutor.java:1074)
        at java.util.concurrent.ThreadPoolExecutor.runWorker(ThreadPoolExecutor.java:1134)
        at java.util.concurrent.ThreadPoolExecutor$Worker.run(ThreadPoolExecutor.java:624)
        at java.lang.Thread.run(Thread.java:750)
"3fb99649-c87f-4cc9-b3d9-f5c572ff189c@group-8AB99D5E21D8-LeaderStateImpl" daemon prio=5 tid=911 timed_waiting
java.lang.Thread.State: TIMED_WAITING
        at sun.misc.Unsafe.park(Native Method)
        at java.util.concurrent.locks.LockSupport.parkNanos(LockSupport.java:215)
        at java.util.concurrent.locks.AbstractQueuedSynchronizer$ConditionObject.awaitNanos(AbstractQueuedSynchronizer.java:2078)
        at java.util.concurrent.ArrayBlockingQueue.poll(ArrayBlockingQueue.java:418)
        at org.apache.ratis.server.impl.LeaderStateImpl$EventQueue.poll(LeaderStateImpl.java:164)
        at org.apache.ratis.server.impl.LeaderStateImpl$EventProcessor.run(LeaderStateImpl.java:702)
"qtp773672120-254" daemon prio=5 tid=254 timed_waiting
java.lang.Thread.State: TIMED_WAITING
        at sun.misc.Unsafe.park(Native Method)
        at java.util.concurrent.locks.LockSupport.parkNanos(LockSupport.java:215)
        at java.util.concurrent.locks.AbstractQueuedSynchronizer$ConditionObject.awaitNanos(AbstractQueuedSynchronizer.java:2078)
        at org.eclipse.jetty.util.BlockingArrayQueue.poll(BlockingArrayQueue.java:382)
        at org.eclipse.jetty.util.thread.QueuedThreadPool$Runner.idleJobPoll(QueuedThreadPool.java:974)
        at org.eclipse.jetty.util.thread.QueuedThreadPool$Runner.run(QueuedThreadPool.java:1018)
        at java.lang.Thread.run(Thread.java:750)
"qtp623734438-156" daemon prio=5 tid=156 runnable
java.lang.Thread.State: RUNNABLE
        at sun.nio.ch.EPollArrayWrapper.epollWait(Native Method)
        at sun.nio.ch.EPollArrayWrapper.poll(EPollArrayWrapper.java:269)
        at sun.nio.ch.EPollSelectorImpl.doSelect(EPollSelectorImpl.java:93)
        at sun.nio.ch.SelectorImpl.lockAndDoSelect(SelectorImpl.java:86)
        at sun.nio.ch.SelectorImpl.select(SelectorImpl.java:97)
        at sun.nio.ch.SelectorImpl.select(SelectorImpl.java:101)
        at org.eclipse.jetty.io.ManagedSelector.nioSelect(ManagedSelector.java:183)
        at org.eclipse.jetty.io.ManagedSelector.select(ManagedSelector.java:190)
        at org.eclipse.jetty.io.ManagedSelector$SelectorProducer.select(ManagedSelector.java:606)
        at org.eclipse.jetty.io.ManagedSelector$SelectorProducer.produce(ManagedSelector.java:543)
        at org.eclipse.jetty.util.thread.strategy.EatWhatYouKill.produceTask(EatWhatYouKill.java:362)
        at org.eclipse.jetty.util.thread.strategy.EatWhatYouKill.doProduce(EatWhatYouKill.java:186)
        at org.eclipse.jetty.util.thread.strategy.EatWhatYouKill.tryProduce(EatWhatYouKill.java:173)
        at org.eclipse.jetty.util.thread.strategy.EatWhatYouKill.produce(EatWhatYouKill.java:137)
        at org.eclipse.jetty.io.ManagedSelector$$Lambda$519/294435622.run(Unknown Source)
        at org.eclipse.jetty.util.thread.QueuedThreadPool.runJob(QueuedThreadPool.java:883)
        at org.eclipse.jetty.util.thread.QueuedThreadPool$Runner.run(QueuedThreadPool.java:1034)
        at java.lang.Thread.run(Thread.java:750)
"3fb99649-c87f-4cc9-b3d9-f5c572ff189c-ChunkWriter-2-0" daemon prio=5 tid=532 in Object.wait()
java.lang.Thread.State: WAITING (on object monitor)
        at sun.misc.Unsafe.park(Native Method)
        at java.util.concurrent.locks.LockSupport.park(LockSupport.java:175)
        at java.util.concurrent.locks.AbstractQueuedSynchronizer$ConditionObject.await(AbstractQueuedSynchronizer.java:2039)
        at java.util.concurrent.LinkedBlockingDeque.takeFirst(LinkedBlockingDeque.java:492)
        at java.util.concurrent.LinkedBlockingDeque.take(LinkedBlockingDeque.java:680)
        at java.util.concurrent.ThreadPoolExecutor.getTask(ThreadPoolExecutor.java:1074)
        at java.util.concurrent.ThreadPoolExecutor.runWorker(ThreadPoolExecutor.java:1134)
        at java.util.concurrent.ThreadPoolExecutor$Worker.run(ThreadPoolExecutor.java:624)
        at java.lang.Thread.run(Thread.java:750)
"timer6" daemon prio=5 tid=923 timed_waiting
java.lang.Thread.State: TIMED_WAITING
        at java.lang.Object.wait(Native Method)
        at java.util.TimerThread.mainLoop(Timer.java:552)
        at java.util.TimerThread.run(Timer.java:505)
"0ef615e1-91db-4ede-b924-53e2d320f02d-BlockDeletingService#3" daemon prio=5 tid=1495 in Object.wait()
java.lang.Thread.State: WAITING (on object monitor)
        at sun.misc.Unsafe.park(Native Method)
        at java.util.concurrent.locks.LockSupport.park(LockSupport.java:175)
        at java.util.concurrent.locks.AbstractQueuedSynchronizer$ConditionObject.await(AbstractQueuedSynchronizer.java:2039)
        at java.util.concurrent.ScheduledThreadPoolExecutor$DelayedWorkQueue.take(ScheduledThreadPoolExecutor.java:1088)
        at java.util.concurrent.ScheduledThreadPoolExecutor$DelayedWorkQueue.take(ScheduledThreadPoolExecutor.java:809)
        at java.util.concurrent.ThreadPoolExecutor.getTask(ThreadPoolExecutor.java:1074)
        at java.util.concurrent.ThreadPoolExecutor.runWorker(ThreadPoolExecutor.java:1134)
        at java.util.concurrent.ThreadPoolExecutor$Worker.run(ThreadPoolExecutor.java:624)
        at java.lang.Thread.run(Thread.java:750)
"StaleRecoveringContainerScrubbingService#8" daemon prio=5 tid=1460 in Object.wait()
java.lang.Thread.State: WAITING (on object monitor)
        at sun.misc.Unsafe.park(Native Method)
        at java.util.concurrent.locks.LockSupport.park(LockSupport.java:175)
        at java.util.concurrent.locks.AbstractQueuedSynchronizer$ConditionObject.await(AbstractQueuedSynchronizer.java:2039)
        at java.util.concurrent.ScheduledThreadPoolExecutor$DelayedWorkQueue.take(ScheduledThreadPoolExecutor.java:1088)
        at java.util.concurrent.ScheduledThreadPoolExecutor$DelayedWorkQueue.take(ScheduledThreadPoolExecutor.java:809)
        at java.util.concurrent.ThreadPoolExecutor.getTask(ThreadPoolExecutor.java:1074)
        at java.util.concurrent.ThreadPoolExecutor.runWorker(ThreadPoolExecutor.java:1134)
        at java.util.concurrent.ThreadPoolExecutor$Worker.run(ThreadPoolExecutor.java:624)
        at java.lang.Thread.run(Thread.java:750)
"1407d0d1-39ba-4bc0-b697-1e16e43cd838@group-6FEEDEC8654C-StateMachineUpdater" daemon prio=5 tid=690 timed_waiting
java.lang.Thread.State: TIMED_WAITING
        at sun.misc.Unsafe.park(Native Method)
        at java.util.concurrent.locks.LockSupport.parkNanos(LockSupport.java:215)
        at java.util.concurrent.locks.AbstractQueuedSynchronizer$ConditionObject.await(AbstractQueuedSynchronizer.java:2163)
        at org.apache.ratis.util.AwaitForSignal.await(AwaitForSignal.java:62)
        at org.apache.ratis.server.impl.StateMachineUpdater.waitForCommit(StateMachineUpdater.java:209)
        at org.apache.ratis.server.impl.StateMachineUpdater.run(StateMachineUpdater.java:178)
        at java.lang.Thread.run(Thread.java:750)
"5b9beb6f-d596-489f-8a17-e362b772df82-ChunkWriter-1-0" daemon prio=5 tid=630 in Object.wait()
java.lang.Thread.State: WAITING (on object monitor)
        at sun.misc.Unsafe.park(Native Method)
        at java.util.concurrent.locks.LockSupport.park(LockSupport.java:175)
        at java.util.concurrent.locks.AbstractQueuedSynchronizer$ConditionObject.await(AbstractQueuedSynchronizer.java:2039)
        at java.util.concurrent.LinkedBlockingDeque.takeFirst(LinkedBlockingDeque.java:492)
        at java.util.concurrent.LinkedBlockingDeque.take(LinkedBlockingDeque.java:680)
        at java.util.concurrent.ThreadPoolExecutor.getTask(ThreadPoolExecutor.java:1074)
        at java.util.concurrent.ThreadPoolExecutor.runWorker(ThreadPoolExecutor.java:1134)
        at java.util.concurrent.ThreadPoolExecutor$Worker.run(ThreadPoolExecutor.java:624)
        at java.lang.Thread.run(Thread.java:750)
"StaleRecoveringContainerScrubbingService#8" daemon prio=5 tid=1473 in Object.wait()
java.lang.Thread.State: WAITING (on object monitor)
        at sun.misc.Unsafe.park(Native Method)
        at java.util.concurrent.locks.LockSupport.park(LockSupport.java:175)
        at java.util.concurrent.locks.AbstractQueuedSynchronizer$ConditionObject.await(AbstractQueuedSynchronizer.java:2039)
        at java.util.concurrent.ScheduledThreadPoolExecutor$DelayedWorkQueue.take(ScheduledThreadPoolExecutor.java:1088)
        at java.util.concurrent.ScheduledThreadPoolExecutor$DelayedWorkQueue.take(ScheduledThreadPoolExecutor.java:809)
        at java.util.concurrent.ThreadPoolExecutor.getTask(ThreadPoolExecutor.java:1074)
        at java.util.concurrent.ThreadPoolExecutor.runWorker(ThreadPoolExecutor.java:1134)
        at java.util.concurrent.ThreadPoolExecutor$Worker.run(ThreadPoolExecutor.java:624)
        at java.lang.Thread.run(Thread.java:750)
"qtp165147466-285" daemon prio=5 tid=285 timed_waiting
java.lang.Thread.State: TIMED_WAITING
        at sun.misc.Unsafe.park(Native Method)
        at java.util.concurrent.locks.LockSupport.parkNanos(LockSupport.java:215)
        at java.util.concurrent.locks.AbstractQueuedSynchronizer$ConditionObject.awaitNanos(AbstractQueuedSynchronizer.java:2078)
        at org.eclipse.jetty.util.BlockingArrayQueue.poll(BlockingArrayQueue.java:382)
        at org.eclipse.jetty.util.thread.QueuedThreadPool$Runner.idleJobPoll(QueuedThreadPool.java:974)
        at org.eclipse.jetty.util.thread.QueuedThreadPool$Runner.run(QueuedThreadPool.java:1018)
        at java.lang.Thread.run(Thread.java:750)
"StaleRecoveringContainerScrubbingService#6" daemon prio=5 tid=1336 timed_waiting
java.lang.Thread.State: TIMED_WAITING
        at sun.misc.Unsafe.park(Native Method)
        at java.util.concurrent.locks.LockSupport.parkNanos(LockSupport.java:215)
        at java.util.concurrent.locks.AbstractQueuedSynchronizer$ConditionObject.awaitNanos(AbstractQueuedSynchronizer.java:2078)
        at java.util.concurrent.ScheduledThreadPoolExecutor$DelayedWorkQueue.take(ScheduledThreadPoolExecutor.java:1093)
        at java.util.concurrent.ScheduledThreadPoolExecutor$DelayedWorkQueue.take(ScheduledThreadPoolExecutor.java:809)
        at java.util.concurrent.ThreadPoolExecutor.getTask(ThreadPoolExecutor.java:1074)
        at java.util.concurrent.ThreadPoolExecutor.runWorker(ThreadPoolExecutor.java:1134)
        at java.util.concurrent.ThreadPoolExecutor$Worker.run(ThreadPoolExecutor.java:624)
        at java.lang.Thread.run(Thread.java:750)
"SCMHeartbeatProcessor-0" daemon prio=5 tid=16 timed_waiting
java.lang.Thread.State: TIMED_WAITING
        at sun.misc.Unsafe.park(Native Method)
        at java.util.concurrent.locks.LockSupport.parkNanos(LockSupport.java:215)
        at java.util.concurrent.locks.AbstractQueuedSynchronizer$ConditionObject.awaitNanos(AbstractQueuedSynchronizer.java:2078)
        at java.util.concurrent.ScheduledThreadPoolExecutor$DelayedWorkQueue.take(ScheduledThreadPoolExecutor.java:1093)
        at java.util.concurrent.ScheduledThreadPoolExecutor$DelayedWorkQueue.take(ScheduledThreadPoolExecutor.java:809)
        at java.util.concurrent.ThreadPoolExecutor.getTask(ThreadPoolExecutor.java:1074)
        at java.util.concurrent.ThreadPoolExecutor.runWorker(ThreadPoolExecutor.java:1134)
        at java.util.concurrent.ThreadPoolExecutor$Worker.run(ThreadPoolExecutor.java:624)
        at java.lang.Thread.run(Thread.java:750)
"1407d0d1-39ba-4bc0-b697-1e16e43cd838-CommandProcessorThread" daemon prio=5 tid=330 timed_waiting
java.lang.Thread.State: TIMED_WAITING
        at java.lang.Thread.sleep(Native Method)
        at org.apache.hadoop.ozone.container.common.statemachine.DatanodeStateMachine.lambda$initCommandHandlerThread$4(DatanodeStateMachine.java:684)
        at org.apache.hadoop.ozone.container.common.statemachine.DatanodeStateMachine$$Lambda$1025/1173858499.run(Unknown Source)
        at java.lang.Thread.run(Thread.java:750)
"5b9beb6f-d596-489f-8a17-e362b772df82-ChunkReader-5" daemon prio=5 tid=1140 in Object.wait()
java.lang.Thread.State: WAITING (on object monitor)
        at sun.misc.Unsafe.park(Native Method)
        at java.util.concurrent.locks.LockSupport.park(LockSupport.java:175)
        at java.util.concurrent.locks.AbstractQueuedSynchronizer$ConditionObject.await(AbstractQueuedSynchronizer.java:2039)
        at java.util.concurrent.LinkedBlockingQueue.take(LinkedBlockingQueue.java:442)
        at java.util.concurrent.ThreadPoolExecutor.getTask(ThreadPoolExecutor.java:1074)
        at java.util.concurrent.ThreadPoolExecutor.runWorker(ThreadPoolExecutor.java:1134)
        at java.util.concurrent.ThreadPoolExecutor$Worker.run(ThreadPoolExecutor.java:624)
        at java.lang.Thread.run(Thread.java:750)
"3fb99649-c87f-4cc9-b3d9-f5c572ff189c-CloseContainerThread-1"  prio=5 tid=1106 in Object.wait()
java.lang.Thread.State: WAITING (on object monitor)
        at sun.misc.Unsafe.park(Native Method)
        at java.util.concurrent.locks.LockSupport.park(LockSupport.java:175)
        at java.util.concurrent.locks.AbstractQueuedSynchronizer$ConditionObject.await(AbstractQueuedSynchronizer.java:2039)
        at java.util.concurrent.LinkedBlockingQueue.take(LinkedBlockingQueue.java:442)
        at java.util.concurrent.ThreadPoolExecutor.getTask(ThreadPoolExecutor.java:1074)
        at java.util.concurrent.ThreadPoolExecutor.runWorker(ThreadPoolExecutor.java:1134)
        at java.util.concurrent.ThreadPoolExecutor$Worker.run(ThreadPoolExecutor.java:624)
        at java.lang.Thread.run(Thread.java:750)
"IPC Server handler 12 on default port 15004" daemon prio=5 tid=177 timed_waiting
java.lang.Thread.State: TIMED_WAITING
        at sun.misc.Unsafe.park(Native Method)
        at java.util.concurrent.locks.LockSupport.parkNanos(LockSupport.java:215)
        at java.util.concurrent.locks.AbstractQueuedSynchronizer$ConditionObject.awaitNanos(AbstractQueuedSynchronizer.java:2078)
        at java.util.concurrent.LinkedBlockingQueue.poll(LinkedBlockingQueue.java:467)
        at org.apache.hadoop.ipc.CallQueueManager.take(CallQueueManager.java:317)
        at org.apache.hadoop.ipc.Server$Handler.run(Server.java:3014)
"94422c73-384a-4d9a-a15d-46d9f5b840aa-BlockDeletingService#2" daemon prio=5 tid=1430 in Object.wait()
java.lang.Thread.State: WAITING (on object monitor)
        at sun.misc.Unsafe.park(Native Method)
        at java.util.concurrent.locks.LockSupport.park(LockSupport.java:175)
        at java.util.concurrent.locks.AbstractQueuedSynchronizer$ConditionObject.await(AbstractQueuedSynchronizer.java:2039)
        at java.util.concurrent.ScheduledThreadPoolExecutor$DelayedWorkQueue.take(ScheduledThreadPoolExecutor.java:1088)
        at java.util.concurrent.ScheduledThreadPoolExecutor$DelayedWorkQueue.take(ScheduledThreadPoolExecutor.java:809)
        at java.util.concurrent.ThreadPoolExecutor.getTask(ThreadPoolExecutor.java:1074)
        at java.util.concurrent.ThreadPoolExecutor.runWorker(ThreadPoolExecutor.java:1134)
        at java.util.concurrent.ThreadPoolExecutor$Worker.run(ThreadPoolExecutor.java:624)
        at java.lang.Thread.run(Thread.java:750)
"StaleRecoveringContainerScrubbingService#2" daemon prio=5 tid=880 in Object.wait()
java.lang.Thread.State: WAITING (on object monitor)
        at sun.misc.Unsafe.park(Native Method)
        at java.util.concurrent.locks.LockSupport.park(LockSupport.java:175)
        at java.util.concurrent.locks.AbstractQueuedSynchronizer$ConditionObject.await(AbstractQueuedSynchronizer.java:2039)
        at java.util.concurrent.ScheduledThreadPoolExecutor$DelayedWorkQueue.take(ScheduledThreadPoolExecutor.java:1088)
        at java.util.concurrent.ScheduledThreadPoolExecutor$DelayedWorkQueue.take(ScheduledThreadPoolExecutor.java:809)
        at java.util.concurrent.ThreadPoolExecutor.getTask(ThreadPoolExecutor.java:1074)
        at java.util.concurrent.ThreadPoolExecutor.runWorker(ThreadPoolExecutor.java:1134)
        at java.util.concurrent.ThreadPoolExecutor$Worker.run(ThreadPoolExecutor.java:624)
        at java.lang.Thread.run(Thread.java:750)
"StaleRecoveringContainerScrubbingService#8" daemon prio=5 tid=1457 in Object.wait()
java.lang.Thread.State: WAITING (on object monitor)
        at sun.misc.Unsafe.park(Native Method)
        at java.util.concurrent.locks.LockSupport.park(LockSupport.java:175)
        at java.util.concurrent.locks.AbstractQueuedSynchronizer$ConditionObject.await(AbstractQueuedSynchronizer.java:2039)
        at java.util.concurrent.ScheduledThreadPoolExecutor$DelayedWorkQueue.take(ScheduledThreadPoolExecutor.java:1088)
        at java.util.concurrent.ScheduledThreadPoolExecutor$DelayedWorkQueue.take(ScheduledThreadPoolExecutor.java:809)
        at java.util.concurrent.ThreadPoolExecutor.getTask(ThreadPoolExecutor.java:1074)
        at java.util.concurrent.ThreadPoolExecutor.runWorker(ThreadPoolExecutor.java:1134)
        at java.util.concurrent.ThreadPoolExecutor$Worker.run(ThreadPoolExecutor.java:624)
        at java.lang.Thread.run(Thread.java:750)
"1407d0d1-39ba-4bc0-b697-1e16e43cd838@group-5C95EDC39216-LeaderStateImpl" daemon prio=5 tid=1005 timed_waiting
java.lang.Thread.State: TIMED_WAITING
        at sun.misc.Unsafe.park(Native Method)
        at java.util.concurrent.locks.LockSupport.parkNanos(LockSupport.java:215)
        at java.util.concurrent.locks.AbstractQueuedSynchronizer$ConditionObject.awaitNanos(AbstractQueuedSynchronizer.java:2078)
        at java.util.concurrent.ArrayBlockingQueue.poll(ArrayBlockingQueue.java:418)
        at org.apache.ratis.server.impl.LeaderStateImpl$EventQueue.poll(LeaderStateImpl.java:164)
        at org.apache.ratis.server.impl.LeaderStateImpl$EventProcessor.run(LeaderStateImpl.java:702)
"0ef615e1-91db-4ede-b924-53e2d320f02d-DatanodeStateMachineTaskThread-0"  prio=5 tid=244 in Object.wait()
java.lang.Thread.State: WAITING (on object monitor)
        at sun.misc.Unsafe.park(Native Method)
        at java.util.concurrent.locks.LockSupport.park(LockSupport.java:175)
        at java.util.concurrent.locks.AbstractQueuedSynchronizer$ConditionObject.await(AbstractQueuedSynchronizer.java:2039)
        at java.util.concurrent.LinkedBlockingQueue.take(LinkedBlockingQueue.java:442)
        at java.util.concurrent.ThreadPoolExecutor.getTask(ThreadPoolExecutor.java:1074)
        at java.util.concurrent.ThreadPoolExecutor.runWorker(ThreadPoolExecutor.java:1134)
        at java.util.concurrent.ThreadPoolExecutor$Worker.run(ThreadPoolExecutor.java:624)
        at java.lang.Thread.run(Thread.java:750)
"IPC Server handler 2 on default port 15001" daemon prio=5 tid=73 timed_waiting
java.lang.Thread.State: TIMED_WAITING
        at sun.misc.Unsafe.park(Native Method)
        at java.util.concurrent.locks.LockSupport.parkNanos(LockSupport.java:215)
        at java.util.concurrent.locks.AbstractQueuedSynchronizer$ConditionObject.awaitNanos(AbstractQueuedSynchronizer.java:2078)
        at java.util.concurrent.LinkedBlockingQueue.poll(LinkedBlockingQueue.java:467)
        at org.apache.hadoop.ipc.CallQueueManager.take(CallQueueManager.java:317)
        at org.apache.hadoop.ipc.Server$Handler.run(Server.java:3014)
"qtp773672120-257" daemon prio=5 tid=257 timed_waiting
java.lang.Thread.State: TIMED_WAITING
        at sun.misc.Unsafe.park(Native Method)
        at java.util.concurrent.locks.LockSupport.parkNanos(LockSupport.java:215)
        at java.util.concurrent.locks.AbstractQueuedSynchronizer$ConditionObject.awaitNanos(AbstractQueuedSynchronizer.java:2078)
        at org.eclipse.jetty.util.BlockingArrayQueue.poll(BlockingArrayQueue.java:382)
        at org.eclipse.jetty.util.thread.QueuedThreadPool$Runner.idleJobPoll(QueuedThreadPool.java:974)
        at org.eclipse.jetty.util.thread.QueuedThreadPool$Runner.run(QueuedThreadPool.java:1018)
        at java.lang.Thread.run(Thread.java:750)
"IPC Server idle connection scanner for port 15010" daemon prio=5 tid=204 timed_waiting
java.lang.Thread.State: TIMED_WAITING
        at java.lang.Object.wait(Native Method)
        at java.util.TimerThread.mainLoop(Timer.java:552)
        at java.util.TimerThread.run(Timer.java:505)
"pool-150-thread-1" daemon prio=5 tid=528 timed_waiting
java.lang.Thread.State: TIMED_WAITING
        at sun.misc.Unsafe.park(Native Method)
        at java.util.concurrent.locks.LockSupport.parkNanos(LockSupport.java:215)
        at java.util.concurrent.locks.AbstractQueuedSynchronizer$ConditionObject.awaitNanos(AbstractQueuedSynchronizer.java:2078)
        at java.util.concurrent.ScheduledThreadPoolExecutor$DelayedWorkQueue.take(ScheduledThreadPoolExecutor.java:1093)
        at java.util.concurrent.ScheduledThreadPoolExecutor$DelayedWorkQueue.take(ScheduledThreadPoolExecutor.java:809)
        at java.util.concurrent.ThreadPoolExecutor.getTask(ThreadPoolExecutor.java:1074)
        at java.util.concurrent.ThreadPoolExecutor.runWorker(ThreadPoolExecutor.java:1134)
        at java.util.concurrent.ThreadPoolExecutor$Worker.run(ThreadPoolExecutor.java:624)
        at java.lang.Thread.run(Thread.java:750)
"IPC Server handler 17 on default port 15004" daemon prio=5 tid=182 timed_waiting
java.lang.Thread.State: TIMED_WAITING
        at sun.misc.Unsafe.park(Native Method)
        at java.util.concurrent.locks.LockSupport.parkNanos(LockSupport.java:215)
        at java.util.concurrent.locks.AbstractQueuedSynchronizer$ConditionObject.awaitNanos(AbstractQueuedSynchronizer.java:2078)
        at java.util.concurrent.LinkedBlockingQueue.poll(LinkedBlockingQueue.java:467)
        at org.apache.hadoop.ipc.CallQueueManager.take(CallQueueManager.java:317)
        at org.apache.hadoop.ipc.Server$Handler.run(Server.java:3014)
"23554148-3e4d-431f-a73e-f2401dbff1d4-DatanodeReportManager-4" daemon prio=5 tid=358 timed_waiting
java.lang.Thread.State: TIMED_WAITING
        at sun.misc.Unsafe.park(Native Method)
        at java.util.concurrent.locks.LockSupport.parkNanos(LockSupport.java:215)
        at java.util.concurrent.locks.AbstractQueuedSynchronizer$ConditionObject.awaitNanos(AbstractQueuedSynchronizer.java:2078)
        at java.util.concurrent.ScheduledThreadPoolExecutor$DelayedWorkQueue.take(ScheduledThreadPoolExecutor.java:1093)
        at java.util.concurrent.ScheduledThreadPoolExecutor$DelayedWorkQueue.take(ScheduledThreadPoolExecutor.java:809)
        at java.util.concurrent.ThreadPoolExecutor.getTask(ThreadPoolExecutor.java:1074)
        at java.util.concurrent.ThreadPoolExecutor.runWorker(ThreadPoolExecutor.java:1134)
        at java.util.concurrent.ThreadPoolExecutor$Worker.run(ThreadPoolExecutor.java:624)
        at java.lang.Thread.run(Thread.java:750)
"qtp1663850432-1166" daemon prio=5 tid=1166 timed_waiting
java.lang.Thread.State: TIMED_WAITING
        at sun.misc.Unsafe.park(Native Method)
        at java.util.concurrent.locks.LockSupport.parkNanos(LockSupport.java:215)
        at java.util.concurrent.locks.AbstractQueuedSynchronizer$ConditionObject.awaitNanos(AbstractQueuedSynchronizer.java:2078)
        at org.eclipse.jetty.util.BlockingArrayQueue.poll(BlockingArrayQueue.java:382)
        at org.eclipse.jetty.util.thread.QueuedThreadPool$Runner.idleJobPoll(QueuedThreadPool.java:974)
        at org.eclipse.jetty.util.thread.QueuedThreadPool$Runner.run(QueuedThreadPool.java:1018)
        at java.lang.Thread.run(Thread.java:750)
"EventQueue-PipelineReportForPipelineReportHandler" daemon prio=5 tid=592 in Object.wait()
java.lang.Thread.State: WAITING (on object monitor)
        at sun.misc.Unsafe.park(Native Method)
        at java.util.concurrent.locks.LockSupport.park(LockSupport.java:175)
        at java.util.concurrent.locks.AbstractQueuedSynchronizer$ConditionObject.await(AbstractQueuedSynchronizer.java:2039)
        at java.util.concurrent.LinkedBlockingQueue.take(LinkedBlockingQueue.java:442)
        at java.util.concurrent.ThreadPoolExecutor.getTask(ThreadPoolExecutor.java:1074)
        at java.util.concurrent.ThreadPoolExecutor.runWorker(ThreadPoolExecutor.java:1134)
        at java.util.concurrent.ThreadPoolExecutor$Worker.run(ThreadPoolExecutor.java:624)
        at java.lang.Thread.run(Thread.java:750)
"StaleRecoveringContainerScrubbingService#1" daemon prio=5 tid=484 in Object.wait()
java.lang.Thread.State: WAITING (on object monitor)
        at sun.misc.Unsafe.park(Native Method)
        at java.util.concurrent.locks.LockSupport.park(LockSupport.java:175)
        at java.util.concurrent.locks.AbstractQueuedSynchronizer$ConditionObject.await(AbstractQueuedSynchronizer.java:2039)
        at java.util.concurrent.ScheduledThreadPoolExecutor$DelayedWorkQueue.take(ScheduledThreadPoolExecutor.java:1088)
        at java.util.concurrent.ScheduledThreadPoolExecutor$DelayedWorkQueue.take(ScheduledThreadPoolExecutor.java:809)
        at java.util.concurrent.ThreadPoolExecutor.getTask(ThreadPoolExecutor.java:1074)
        at java.util.concurrent.ThreadPoolExecutor.runWorker(ThreadPoolExecutor.java:1134)
        at java.util.concurrent.ThreadPoolExecutor$Worker.run(ThreadPoolExecutor.java:624)
        at java.lang.Thread.run(Thread.java:750)
"IPC Server handler 18 on default port 15004" daemon prio=5 tid=183 timed_waiting
java.lang.Thread.State: TIMED_WAITING
        at sun.misc.Unsafe.park(Native Method)
        at java.util.concurrent.locks.LockSupport.parkNanos(LockSupport.java:215)
        at java.util.concurrent.locks.AbstractQueuedSynchronizer$ConditionObject.awaitNanos(AbstractQueuedSynchronizer.java:2078)
        at java.util.concurrent.LinkedBlockingQueue.poll(LinkedBlockingQueue.java:467)
        at org.apache.hadoop.ipc.CallQueueManager.take(CallQueueManager.java:317)
        at org.apache.hadoop.ipc.Server$Handler.run(Server.java:3014)
"IPC Server idle connection scanner for port 15091" daemon prio=5 tid=499 timed_waiting
java.lang.Thread.State: TIMED_WAITING
        at java.lang.Object.wait(Native Method)
        at java.util.TimerThread.mainLoop(Timer.java:552)
        at java.util.TimerThread.run(Timer.java:505)
"1407d0d1-39ba-4bc0-b697-1e16e43cd838-ChunkWriter-0-0" daemon prio=5 tid=545 in Object.wait()
java.lang.Thread.State: WAITING (on object monitor)
        at sun.misc.Unsafe.park(Native Method)
        at java.util.concurrent.locks.LockSupport.park(LockSupport.java:175)
        at java.util.concurrent.locks.AbstractQueuedSynchronizer$ConditionObject.await(AbstractQueuedSynchronizer.java:2039)
        at java.util.concurrent.LinkedBlockingDeque.takeFirst(LinkedBlockingDeque.java:492)
        at java.util.concurrent.LinkedBlockingDeque.take(LinkedBlockingDeque.java:680)
        at java.util.concurrent.ThreadPoolExecutor.getTask(ThreadPoolExecutor.java:1074)
        at java.util.concurrent.ThreadPoolExecutor.runWorker(ThreadPoolExecutor.java:1134)
        at java.util.concurrent.ThreadPoolExecutor$Worker.run(ThreadPoolExecutor.java:624)
        at java.lang.Thread.run(Thread.java:750)
"23554148-3e4d-431f-a73e-f2401dbff1d4-DatanodeReportManager-0" daemon prio=5 tid=354 in Object.wait()
java.lang.Thread.State: WAITING (on object monitor)
        at sun.misc.Unsafe.park(Native Method)
        at java.util.concurrent.locks.LockSupport.park(LockSupport.java:175)
        at java.util.concurrent.locks.AbstractQueuedSynchronizer$ConditionObject.await(AbstractQueuedSynchronizer.java:2039)
        at java.util.concurrent.ScheduledThreadPoolExecutor$DelayedWorkQueue.take(ScheduledThreadPoolExecutor.java:1088)
        at java.util.concurrent.ScheduledThreadPoolExecutor$DelayedWorkQueue.take(ScheduledThreadPoolExecutor.java:809)
        at java.util.concurrent.ThreadPoolExecutor.getTask(ThreadPoolExecutor.java:1074)
        at java.util.concurrent.ThreadPoolExecutor.runWorker(ThreadPoolExecutor.java:1134)
        at java.util.concurrent.ThreadPoolExecutor$Worker.run(ThreadPoolExecutor.java:624)
        at java.lang.Thread.run(Thread.java:750)
"Socket Reader #1 for port 15046"  prio=5 tid=319 runnable
java.lang.Thread.State: RUNNABLE
        at sun.nio.ch.EPollArrayWrapper.epollWait(Native Method)
        at sun.nio.ch.EPollArrayWrapper.poll(EPollArrayWrapper.java:269)
        at sun.nio.ch.EPollSelectorImpl.doSelect(EPollSelectorImpl.java:93)
        at sun.nio.ch.SelectorImpl.lockAndDoSelect(SelectorImpl.java:86)
        at sun.nio.ch.SelectorImpl.select(SelectorImpl.java:97)
        at sun.nio.ch.SelectorImpl.select(SelectorImpl.java:101)
        at org.apache.hadoop.ipc.Server$Listener$Reader.doRunLoop(Server.java:1346)
        at org.apache.hadoop.ipc.Server$Listener$Reader.run(Server.java:1325)
"1407d0d1-39ba-4bc0-b697-1e16e43cd838-BlockDeletingService#1" daemon prio=5 tid=555 in Object.wait()
java.lang.Thread.State: WAITING (on object monitor)
        at sun.misc.Unsafe.park(Native Method)
        at java.util.concurrent.locks.LockSupport.park(LockSupport.java:175)
        at java.util.concurrent.locks.AbstractQueuedSynchronizer$ConditionObject.await(AbstractQueuedSynchronizer.java:2039)
        at java.util.concurrent.ScheduledThreadPoolExecutor$DelayedWorkQueue.take(ScheduledThreadPoolExecutor.java:1088)
        at java.util.concurrent.ScheduledThreadPoolExecutor$DelayedWorkQueue.take(ScheduledThreadPoolExecutor.java:809)
        at java.util.concurrent.ThreadPoolExecutor.getTask(ThreadPoolExecutor.java:1074)
        at java.util.concurrent.ThreadPoolExecutor.runWorker(ThreadPoolExecutor.java:1134)
        at java.util.concurrent.ThreadPoolExecutor$Worker.run(ThreadPoolExecutor.java:624)
        at java.lang.Thread.run(Thread.java:750)
"pool-332-thread-1"  prio=5 tid=481 timed_waiting
java.lang.Thread.State: TIMED_WAITING
        at sun.misc.Unsafe.park(Native Method)
        at java.util.concurrent.locks.LockSupport.parkNanos(LockSupport.java:215)
        at java.util.concurrent.locks.AbstractQueuedSynchronizer$ConditionObject.awaitNanos(AbstractQueuedSynchronizer.java:2078)
        at java.util.concurrent.ScheduledThreadPoolExecutor$DelayedWorkQueue.take(ScheduledThreadPoolExecutor.java:1093)
        at java.util.concurrent.ScheduledThreadPoolExecutor$DelayedWorkQueue.take(ScheduledThreadPoolExecutor.java:809)
        at java.util.concurrent.ThreadPoolExecutor.getTask(ThreadPoolExecutor.java:1074)
        at java.util.concurrent.ThreadPoolExecutor.runWorker(ThreadPoolExecutor.java:1134)
        at java.util.concurrent.ThreadPoolExecutor$Worker.run(ThreadPoolExecutor.java:624)
        at java.lang.Thread.run(Thread.java:750)
"IPC Server listener on 15046" daemon prio=5 tid=318 runnable
java.lang.Thread.State: RUNNABLE
        at sun.nio.ch.EPollArrayWrapper.epollWait(Native Method)
        at sun.nio.ch.EPollArrayWrapper.poll(EPollArrayWrapper.java:269)
        at sun.nio.ch.EPollSelectorImpl.doSelect(EPollSelectorImpl.java:93)
        at sun.nio.ch.SelectorImpl.lockAndDoSelect(SelectorImpl.java:86)
        at sun.nio.ch.SelectorImpl.select(SelectorImpl.java:97)
        at sun.nio.ch.SelectorImpl.select(SelectorImpl.java:101)
        at org.apache.hadoop.ipc.Server$Listener.run(Server.java:1408)
"StaleRecoveringContainerScrubbingService#1" daemon prio=5 tid=638 in Object.wait()
java.lang.Thread.State: WAITING (on object monitor)
        at sun.misc.Unsafe.park(Native Method)
        at java.util.concurrent.locks.LockSupport.park(LockSupport.java:175)
        at java.util.concurrent.locks.AbstractQueuedSynchronizer$ConditionObject.await(AbstractQueuedSynchronizer.java:2039)
        at java.util.concurrent.ScheduledThreadPoolExecutor$DelayedWorkQueue.take(ScheduledThreadPoolExecutor.java:1088)
        at java.util.concurrent.ScheduledThreadPoolExecutor$DelayedWorkQueue.take(ScheduledThreadPoolExecutor.java:809)
        at java.util.concurrent.ThreadPoolExecutor.getTask(ThreadPoolExecutor.java:1074)
        at java.util.concurrent.ThreadPoolExecutor.runWorker(ThreadPoolExecutor.java:1134)
        at java.util.concurrent.ThreadPoolExecutor$Worker.run(ThreadPoolExecutor.java:624)
        at java.lang.Thread.run(Thread.java:750)
"JvmPauseMonitor7" daemon prio=5 tid=564 timed_waiting
java.lang.Thread.State: TIMED_WAITING
        at java.lang.Thread.sleep(Native Method)
        at java.lang.Thread.sleep(Thread.java:342)
        at java.util.concurrent.TimeUnit.sleep(TimeUnit.java:386)
        at org.apache.ratis.util.TimeDuration.sleep(TimeDuration.java:325)
        at org.apache.ratis.util.TimeDuration.sleep(TimeDuration.java:310)
        at org.apache.ratis.util.JvmPauseMonitor.detectPause(JvmPauseMonitor.java:117)
        at org.apache.ratis.util.JvmPauseMonitor.run(JvmPauseMonitor.java:106)
        at org.apache.ratis.util.JvmPauseMonitor$$Lambda$484/814583272.run(Unknown Source)
        at java.lang.Thread.run(Thread.java:750)
"pool-407-thread-1" daemon prio=5 tid=1189 timed_waiting
java.lang.Thread.State: TIMED_WAITING
        at sun.misc.Unsafe.park(Native Method)
        at java.util.concurrent.locks.LockSupport.parkNanos(LockSupport.java:215)
        at java.util.concurrent.locks.AbstractQueuedSynchronizer$ConditionObject.awaitNanos(AbstractQueuedSynchronizer.java:2078)
        at java.util.concurrent.ScheduledThreadPoolExecutor$DelayedWorkQueue.take(ScheduledThreadPoolExecutor.java:1093)
        at java.util.concurrent.ScheduledThreadPoolExecutor$DelayedWorkQueue.take(ScheduledThreadPoolExecutor.java:809)
        at java.util.concurrent.ThreadPoolExecutor.getTask(ThreadPoolExecutor.java:1074)
        at java.util.concurrent.ThreadPoolExecutor.runWorker(ThreadPoolExecutor.java:1134)
        at java.util.concurrent.ThreadPoolExecutor$Worker.run(ThreadPoolExecutor.java:624)
        at java.lang.Thread.run(Thread.java:750)
"StaleRecoveringContainerScrubbingService#8" daemon prio=5 tid=1455 in Object.wait()
java.lang.Thread.State: WAITING (on object monitor)
        at sun.misc.Unsafe.park(Native Method)
        at java.util.concurrent.locks.LockSupport.park(LockSupport.java:175)
        at java.util.concurrent.locks.AbstractQueuedSynchronizer$ConditionObject.await(AbstractQueuedSynchronizer.java:2039)
        at java.util.concurrent.ScheduledThreadPoolExecutor$DelayedWorkQueue.take(ScheduledThreadPoolExecutor.java:1088)
        at java.util.concurrent.ScheduledThreadPoolExecutor$DelayedWorkQueue.take(ScheduledThreadPoolExecutor.java:809)
        at java.util.concurrent.ThreadPoolExecutor.getTask(ThreadPoolExecutor.java:1074)
        at java.util.concurrent.ThreadPoolExecutor.runWorker(ThreadPoolExecutor.java:1134)
        at java.util.concurrent.ThreadPoolExecutor$Worker.run(ThreadPoolExecutor.java:624)
        at java.lang.Thread.run(Thread.java:750)
"f612f2cf-90dc-41dc-bf39-cf028d38c484-BlockDeletingService#0" daemon prio=5 tid=603 in Object.wait()
java.lang.Thread.State: WAITING (on object monitor)
        at sun.misc.Unsafe.park(Native Method)
        at java.util.concurrent.locks.LockSupport.park(LockSupport.java:175)
        at java.util.concurrent.locks.AbstractQueuedSynchronizer$ConditionObject.await(AbstractQueuedSynchronizer.java:2039)
        at java.util.concurrent.ScheduledThreadPoolExecutor$DelayedWorkQueue.take(ScheduledThreadPoolExecutor.java:1088)
        at java.util.concurrent.ScheduledThreadPoolExecutor$DelayedWorkQueue.take(ScheduledThreadPoolExecutor.java:809)
        at java.util.concurrent.ThreadPoolExecutor.getTask(ThreadPoolExecutor.java:1074)
        at java.util.concurrent.ThreadPoolExecutor.runWorker(ThreadPoolExecutor.java:1134)
        at java.util.concurrent.ThreadPoolExecutor$Worker.run(ThreadPoolExecutor.java:624)
        at java.lang.Thread.run(Thread.java:750)
"pool-254-thread-1" daemon prio=5 tid=595 timed_waiting
java.lang.Thread.State: TIMED_WAITING
        at sun.misc.Unsafe.park(Native Method)
        at java.util.concurrent.locks.LockSupport.parkNanos(LockSupport.java:215)
        at java.util.concurrent.locks.AbstractQueuedSynchronizer$ConditionObject.awaitNanos(AbstractQueuedSynchronizer.java:2078)
        at java.util.concurrent.ScheduledThreadPoolExecutor$DelayedWorkQueue.take(ScheduledThreadPoolExecutor.java:1093)
        at java.util.concurrent.ScheduledThreadPoolExecutor$DelayedWorkQueue.take(ScheduledThreadPoolExecutor.java:809)
        at java.util.concurrent.ThreadPoolExecutor.getTask(ThreadPoolExecutor.java:1074)
        at java.util.concurrent.ThreadPoolExecutor.runWorker(ThreadPoolExecutor.java:1134)
        at java.util.concurrent.ThreadPoolExecutor$Worker.run(ThreadPoolExecutor.java:624)
        at java.lang.Thread.run(Thread.java:750)
"5b9beb6f-d596-489f-8a17-e362b772df82-ChunkWriter-2-0" daemon prio=5 tid=631 in Object.wait()
java.lang.Thread.State: WAITING (on object monitor)
        at sun.misc.Unsafe.park(Native Method)
        at java.util.concurrent.locks.LockSupport.park(LockSupport.java:175)
        at java.util.concurrent.locks.AbstractQueuedSynchronizer$ConditionObject.await(AbstractQueuedSynchronizer.java:2039)
        at java.util.concurrent.LinkedBlockingDeque.takeFirst(LinkedBlockingDeque.java:492)
        at java.util.concurrent.LinkedBlockingDeque.take(LinkedBlockingDeque.java:680)
        at java.util.concurrent.ThreadPoolExecutor.getTask(ThreadPoolExecutor.java:1074)
        at java.util.concurrent.ThreadPoolExecutor.runWorker(ThreadPoolExecutor.java:1134)
        at java.util.concurrent.ThreadPoolExecutor$Worker.run(ThreadPoolExecutor.java:624)
        at java.lang.Thread.run(Thread.java:750)
"qtp623734438-163" daemon prio=5 tid=163 timed_waiting
java.lang.Thread.State: TIMED_WAITING
        at sun.misc.Unsafe.park(Native Method)
        at java.util.concurrent.locks.LockSupport.parkNanos(LockSupport.java:215)
        at java.util.concurrent.locks.AbstractQueuedSynchronizer$ConditionObject.awaitNanos(AbstractQueuedSynchronizer.java:2078)
        at org.eclipse.jetty.util.BlockingArrayQueue.poll(BlockingArrayQueue.java:382)
        at org.eclipse.jetty.util.thread.QueuedThreadPool$Runner.idleJobPoll(QueuedThreadPool.java:974)
        at org.eclipse.jetty.util.thread.QueuedThreadPool$Runner.run(QueuedThreadPool.java:1018)
        at java.lang.Thread.run(Thread.java:750)
"0ef615e1-91db-4ede-b924-53e2d320f02d-groupManagement"  prio=5 tid=653 in Object.wait()
java.lang.Thread.State: WAITING (on object monitor)
        at sun.misc.Unsafe.park(Native Method)
        at java.util.concurrent.locks.LockSupport.park(LockSupport.java:175)
        at java.util.concurrent.locks.AbstractQueuedSynchronizer$ConditionObject.await(AbstractQueuedSynchronizer.java:2039)
        at java.util.concurrent.LinkedBlockingQueue.take(LinkedBlockingQueue.java:442)
        at java.util.concurrent.ThreadPoolExecutor.getTask(ThreadPoolExecutor.java:1074)
        at java.util.concurrent.ThreadPoolExecutor.runWorker(ThreadPoolExecutor.java:1134)
        at java.util.concurrent.ThreadPoolExecutor$Worker.run(ThreadPoolExecutor.java:624)
        at java.lang.Thread.run(Thread.java:750)
"3fb99649-c87f-4cc9-b3d9-f5c572ff189c@group-5C95EDC39216-FollowerState" daemon prio=5 tid=1002 timed_waiting
java.lang.Thread.State: TIMED_WAITING
        at java.lang.Thread.sleep(Native Method)
        at java.lang.Thread.sleep(Thread.java:342)
        at java.util.concurrent.TimeUnit.sleep(TimeUnit.java:386)
        at org.apache.ratis.util.TimeDuration.sleep(TimeDuration.java:325)
        at org.apache.ratis.util.TimeDuration.sleep(TimeDuration.java:310)
        at org.apache.ratis.server.impl.FollowerState.run(FollowerState.java:128)
"IPC Server Responder" daemon prio=5 tid=263 runnable
java.lang.Thread.State: RUNNABLE
        at sun.nio.ch.EPollArrayWrapper.epollWait(Native Method)
        at sun.nio.ch.EPollArrayWrapper.poll(EPollArrayWrapper.java:269)
        at sun.nio.ch.EPollSelectorImpl.doSelect(EPollSelectorImpl.java:93)
        at sun.nio.ch.SelectorImpl.lockAndDoSelect(SelectorImpl.java:86)
        at sun.nio.ch.SelectorImpl.select(SelectorImpl.java:97)
        at org.apache.hadoop.ipc.Server$Responder.doRunLoop(Server.java:1582)
        at org.apache.hadoop.ipc.Server$Responder.run(Server.java:1565)
"IPC Server handler 1 on default port 15004" daemon prio=5 tid=166 timed_waiting
java.lang.Thread.State: TIMED_WAITING
        at sun.misc.Unsafe.park(Native Method)
        at java.util.concurrent.locks.LockSupport.parkNanos(LockSupport.java:215)
        at java.util.concurrent.locks.AbstractQueuedSynchronizer$ConditionObject.awaitNanos(AbstractQueuedSynchronizer.java:2078)
        at java.util.concurrent.LinkedBlockingQueue.poll(LinkedBlockingQueue.java:467)
        at org.apache.hadoop.ipc.CallQueueManager.take(CallQueueManager.java:317)
        at org.apache.hadoop.ipc.Server$Handler.run(Server.java:3014)
"3fb99649-c87f-4cc9-b3d9-f5c572ff189c-BlockDeletingService#0" daemon prio=5 tid=538 in Object.wait()
java.lang.Thread.State: WAITING (on object monitor)
        at sun.misc.Unsafe.park(Native Method)
        at java.util.concurrent.locks.LockSupport.park(LockSupport.java:175)
        at java.util.concurrent.locks.AbstractQueuedSynchronizer$ConditionObject.await(AbstractQueuedSynchronizer.java:2039)
        at java.util.concurrent.ScheduledThreadPoolExecutor$DelayedWorkQueue.take(ScheduledThreadPoolExecutor.java:1088)
        at java.util.concurrent.ScheduledThreadPoolExecutor$DelayedWorkQueue.take(ScheduledThreadPoolExecutor.java:809)
        at java.util.concurrent.ThreadPoolExecutor.getTask(ThreadPoolExecutor.java:1074)
        at java.util.concurrent.ThreadPoolExecutor.runWorker(ThreadPoolExecutor.java:1134)
        at java.util.concurrent.ThreadPoolExecutor$Worker.run(ThreadPoolExecutor.java:624)
        at java.lang.Thread.run(Thread.java:750)
"55507c8a-594d-4e25-909f-8d2832294c55-BlockDeletingService#0" daemon prio=5 tid=1207 timed_waiting
java.lang.Thread.State: TIMED_WAITING
        at sun.misc.Unsafe.park(Native Method)
        at java.util.concurrent.locks.LockSupport.parkNanos(LockSupport.java:215)
        at java.util.concurrent.locks.AbstractQueuedSynchronizer$ConditionObject.awaitNanos(AbstractQueuedSynchronizer.java:2078)
        at java.util.concurrent.ScheduledThreadPoolExecutor$DelayedWorkQueue.take(ScheduledThreadPoolExecutor.java:1093)
        at java.util.concurrent.ScheduledThreadPoolExecutor$DelayedWorkQueue.take(ScheduledThreadPoolExecutor.java:809)
        at java.util.concurrent.ThreadPoolExecutor.getTask(ThreadPoolExecutor.java:1074)
        at java.util.concurrent.ThreadPoolExecutor.runWorker(ThreadPoolExecutor.java:1134)
        at java.util.concurrent.ThreadPoolExecutor$Worker.run(ThreadPoolExecutor.java:624)
        at java.lang.Thread.run(Thread.java:750)
"0ef615e1-91db-4ede-b924-53e2d320f02d@group-7E36DD6E81EC-StateMachineUpdater" daemon prio=5 tid=792 timed_waiting
java.lang.Thread.State: TIMED_WAITING
        at sun.misc.Unsafe.park(Native Method)
        at java.util.concurrent.locks.LockSupport.parkNanos(LockSupport.java:215)
        at java.util.concurrent.locks.AbstractQueuedSynchronizer$ConditionObject.await(AbstractQueuedSynchronizer.java:2163)
        at org.apache.ratis.util.AwaitForSignal.await(AwaitForSignal.java:62)
        at org.apache.ratis.server.impl.StateMachineUpdater.waitForCommit(StateMachineUpdater.java:209)
        at org.apache.ratis.server.impl.StateMachineUpdater.run(StateMachineUpdater.java:178)
        at java.lang.Thread.run(Thread.java:750)
"Session-HouseKeeper-2b27b44d-1"  prio=5 tid=164 timed_waiting
java.lang.Thread.State: TIMED_WAITING
        at sun.misc.Unsafe.park(Native Method)
        at java.util.concurrent.locks.LockSupport.parkNanos(LockSupport.java:215)
        at java.util.concurrent.locks.AbstractQueuedSynchronizer$ConditionObject.awaitNanos(AbstractQueuedSynchronizer.java:2078)
        at java.util.concurrent.ScheduledThreadPoolExecutor$DelayedWorkQueue.take(ScheduledThreadPoolExecutor.java:1093)
        at java.util.concurrent.ScheduledThreadPoolExecutor$DelayedWorkQueue.take(ScheduledThreadPoolExecutor.java:809)
        at java.util.concurrent.ThreadPoolExecutor.getTask(ThreadPoolExecutor.java:1074)
        at java.util.concurrent.ThreadPoolExecutor.runWorker(ThreadPoolExecutor.java:1134)
        at java.util.concurrent.ThreadPoolExecutor$Worker.run(ThreadPoolExecutor.java:624)
        at java.lang.Thread.run(Thread.java:750)
"qtp1603462635-120" daemon prio=5 tid=120 timed_waiting
java.lang.Thread.State: TIMED_WAITING
        at sun.misc.Unsafe.park(Native Method)
        at java.util.concurrent.locks.LockSupport.parkNanos(LockSupport.java:215)
        at java.util.concurrent.locks.AbstractQueuedSynchronizer$ConditionObject.awaitNanos(AbstractQueuedSynchronizer.java:2078)
        at org.eclipse.jetty.util.BlockingArrayQueue.poll(BlockingArrayQueue.java:382)
        at org.eclipse.jetty.util.thread.QueuedThreadPool$Runner.idleJobPoll(QueuedThreadPool.java:974)
        at org.eclipse.jetty.util.thread.QueuedThreadPool$Runner.run(QueuedThreadPool.java:1018)
        at java.lang.Thread.run(Thread.java:750)
"IPC Server handler 3 on default port 15001" daemon prio=5 tid=74 timed_waiting
java.lang.Thread.State: TIMED_WAITING
        at sun.misc.Unsafe.park(Native Method)
        at java.util.concurrent.locks.LockSupport.parkNanos(LockSupport.java:215)
        at java.util.concurrent.locks.AbstractQueuedSynchronizer$ConditionObject.awaitNanos(AbstractQueuedSynchronizer.java:2078)
        at java.util.concurrent.LinkedBlockingQueue.poll(LinkedBlockingQueue.java:467)
        at org.apache.hadoop.ipc.CallQueueManager.take(CallQueueManager.java:317)
        at org.apache.hadoop.ipc.Server$Handler.run(Server.java:3014)
"f612f2cf-90dc-41dc-bf39-cf028d38c484-groupManagement"  prio=5 tid=714 in Object.wait()
java.lang.Thread.State: WAITING (on object monitor)
        at sun.misc.Unsafe.park(Native Method)
        at java.util.concurrent.locks.LockSupport.park(LockSupport.java:175)
        at java.util.concurrent.locks.AbstractQueuedSynchronizer$ConditionObject.await(AbstractQueuedSynchronizer.java:2039)
        at java.util.concurrent.LinkedBlockingQueue.take(LinkedBlockingQueue.java:442)
        at java.util.concurrent.ThreadPoolExecutor.getTask(ThreadPoolExecutor.java:1074)
        at java.util.concurrent.ThreadPoolExecutor.runWorker(ThreadPoolExecutor.java:1134)
        at java.util.concurrent.ThreadPoolExecutor$Worker.run(ThreadPoolExecutor.java:624)
        at java.lang.Thread.run(Thread.java:750)
"66ee3698-ded8-430f-8ecd-27f356af6e45-DatanodeReportManager-0" daemon prio=5 tid=267 timed_waiting
java.lang.Thread.State: TIMED_WAITING
        at sun.misc.Unsafe.park(Native Method)
        at java.util.concurrent.locks.LockSupport.parkNanos(LockSupport.java:215)
        at java.util.concurrent.locks.AbstractQueuedSynchronizer$ConditionObject.awaitNanos(AbstractQueuedSynchronizer.java:2078)
        at java.util.concurrent.ScheduledThreadPoolExecutor$DelayedWorkQueue.take(ScheduledThreadPoolExecutor.java:1093)
        at java.util.concurrent.ScheduledThreadPoolExecutor$DelayedWorkQueue.take(ScheduledThreadPoolExecutor.java:809)
        at java.util.concurrent.ThreadPoolExecutor.getTask(ThreadPoolExecutor.java:1074)
        at java.util.concurrent.ThreadPoolExecutor.runWorker(ThreadPoolExecutor.java:1134)
        at java.util.concurrent.ThreadPoolExecutor$Worker.run(ThreadPoolExecutor.java:624)
        at java.lang.Thread.run(Thread.java:750)
"94422c73-384a-4d9a-a15d-46d9f5b840aa-DatanodeStateMachineDaemonThread" daemon prio=5 tid=208 timed_waiting
java.lang.Thread.State: TIMED_WAITING
        at java.lang.Thread.sleep(Native Method)
        at org.apache.hadoop.ozone.container.common.statemachine.DatanodeStateMachine.startStateMachineThread(DatanodeStateMachine.java:369)
        at org.apache.hadoop.ozone.container.common.statemachine.DatanodeStateMachine.lambda$startDaemon$1(DatanodeStateMachine.java:556)
        at org.apache.hadoop.ozone.container.common.statemachine.DatanodeStateMachine$$Lambda$1023/888481372.run(Unknown Source)
        at java.lang.Thread.run(Thread.java:750)
"23554148-3e4d-431f-a73e-f2401dbff1d4-CloseContainerThread-0"  prio=5 tid=1431 in Object.wait()
java.lang.Thread.State: WAITING (on object monitor)
        at sun.misc.Unsafe.park(Native Method)
        at java.util.concurrent.locks.LockSupport.park(LockSupport.java:175)
        at java.util.concurrent.locks.AbstractQueuedSynchronizer$ConditionObject.await(AbstractQueuedSynchronizer.java:2039)
        at java.util.concurrent.LinkedBlockingQueue.take(LinkedBlockingQueue.java:442)
        at java.util.concurrent.ThreadPoolExecutor.getTask(ThreadPoolExecutor.java:1074)
        at java.util.concurrent.ThreadPoolExecutor.runWorker(ThreadPoolExecutor.java:1134)
        at java.util.concurrent.ThreadPoolExecutor$Worker.run(ThreadPoolExecutor.java:624)
        at java.lang.Thread.run(Thread.java:750)
"qtp1885129157-488" daemon prio=5 tid=488 timed_waiting
java.lang.Thread.State: TIMED_WAITING
        at sun.misc.Unsafe.park(Native Method)
        at java.util.concurrent.locks.LockSupport.parkNanos(LockSupport.java:215)
        at java.util.concurrent.locks.AbstractQueuedSynchronizer$ConditionObject.awaitNanos(AbstractQueuedSynchronizer.java:2078)
        at org.eclipse.jetty.util.BlockingArrayQueue.poll(BlockingArrayQueue.java:382)
        at org.eclipse.jetty.util.thread.QueuedThreadPool$Runner.idleJobPoll(QueuedThreadPool.java:974)
        at org.eclipse.jetty.util.thread.QueuedThreadPool$Runner.run(QueuedThreadPool.java:1018)
        at java.lang.Thread.run(Thread.java:750)
"55507c8a-594d-4e25-909f-8d2832294c55-CommandProcessorThread" daemon prio=5 tid=1183 timed_waiting
java.lang.Thread.State: TIMED_WAITING
        at java.lang.Thread.sleep(Native Method)
        at org.apache.hadoop.ozone.container.common.statemachine.DatanodeStateMachine.lambda$initCommandHandlerThread$4(DatanodeStateMachine.java:684)
        at org.apache.hadoop.ozone.container.common.statemachine.DatanodeStateMachine$$Lambda$1025/1173858499.run(Unknown Source)
        at java.lang.Thread.run(Thread.java:750)
"94422c73-384a-4d9a-a15d-46d9f5b840aa@group-9F3BC7221B77-SegmentedRaftLogWorker"  prio=5 tid=643 timed_waiting
java.lang.Thread.State: TIMED_WAITING
        at sun.misc.Unsafe.park(Native Method)
        at java.util.concurrent.locks.LockSupport.parkNanos(LockSupport.java:215)
        at java.util.concurrent.locks.AbstractQueuedSynchronizer$ConditionObject.awaitNanos(AbstractQueuedSynchronizer.java:2078)
        at org.apache.ratis.util.DataBlockingQueue.poll(DataBlockingQueue.java:148)
        at org.apache.ratis.server.raftlog.segmented.SegmentedRaftLogWorker.run(SegmentedRaftLogWorker.java:307)
        at org.apache.ratis.server.raftlog.segmented.SegmentedRaftLogWorker$$Lambda$819/1928678273.run(Unknown Source)
        at java.util.concurrent.Executors$RunnableAdapter.call(Executors.java:511)
        at java.util.concurrent.FutureTask.run(FutureTask.java:266)
        at java.util.concurrent.ThreadPoolExecutor.runWorker(ThreadPoolExecutor.java:1149)
        at java.util.concurrent.ThreadPoolExecutor$Worker.run(ThreadPoolExecutor.java:624)
        at java.lang.Thread.run(Thread.java:750)
"IPC Server Responder" daemon prio=5 tid=38 runnable
java.lang.Thread.State: RUNNABLE
        at sun.nio.ch.EPollArrayWrapper.epollWait(Native Method)
        at sun.nio.ch.EPollArrayWrapper.poll(EPollArrayWrapper.java:269)
        at sun.nio.ch.EPollSelectorImpl.doSelect(EPollSelectorImpl.java:93)
        at sun.nio.ch.SelectorImpl.lockAndDoSelect(SelectorImpl.java:86)
        at sun.nio.ch.SelectorImpl.select(SelectorImpl.java:97)
        at org.apache.hadoop.ipc.Server$Responder.doRunLoop(Server.java:1582)
        at org.apache.hadoop.ipc.Server$Responder.run(Server.java:1565)
"EventQueue-HealthyReadonlyNodeForHealthyReadOnlyNodeHandler" daemon prio=5 tid=1214 in Object.wait()
java.lang.Thread.State: WAITING (on object monitor)
        at sun.misc.Unsafe.park(Native Method)
        at java.util.concurrent.locks.LockSupport.park(LockSupport.java:175)
        at java.util.concurrent.locks.AbstractQueuedSynchronizer$ConditionObject.await(AbstractQueuedSynchronizer.java:2039)
        at java.util.concurrent.LinkedBlockingQueue.take(LinkedBlockingQueue.java:442)
        at java.util.concurrent.ThreadPoolExecutor.getTask(ThreadPoolExecutor.java:1074)
        at java.util.concurrent.ThreadPoolExecutor.runWorker(ThreadPoolExecutor.java:1134)
        at java.util.concurrent.ThreadPoolExecutor$Worker.run(ThreadPoolExecutor.java:624)
        at java.lang.Thread.run(Thread.java:750)
"org.apache.hadoop.ozone.container.common.statemachine.commandhandler.DeleteBlocksCommandHandler$DeleteCmdWorker@11868664" daemon prio=5 tid=1160 timed_waiting
java.lang.Thread.State: TIMED_WAITING
        at java.lang.Thread.sleep(Native Method)
        at org.apache.hadoop.ozone.container.common.statemachine.commandhandler.DeleteBlocksCommandHandler$DeleteCmdWorker.run(DeleteBlocksCommandHandler.java:237)
        at java.lang.Thread.run(Thread.java:750)
"qtp433327046-198" daemon prio=5 tid=198 timed_waiting
java.lang.Thread.State: TIMED_WAITING
        at sun.misc.Unsafe.park(Native Method)
        at java.util.concurrent.locks.LockSupport.parkNanos(LockSupport.java:215)
        at java.util.concurrent.locks.AbstractQueuedSynchronizer$ConditionObject.awaitNanos(AbstractQueuedSynchronizer.java:2078)
        at org.eclipse.jetty.util.BlockingArrayQueue.poll(BlockingArrayQueue.java:382)
        at org.eclipse.jetty.util.thread.QueuedThreadPool$Runner.idleJobPoll(QueuedThreadPool.java:974)
        at org.eclipse.jetty.util.thread.QueuedThreadPool$Runner.run(QueuedThreadPool.java:1018)
        at java.lang.Thread.run(Thread.java:750)
"StaleRecoveringContainerScrubbingService#9" daemon prio=5 tid=1476 in Object.wait()
java.lang.Thread.State: WAITING (on object monitor)
        at sun.misc.Unsafe.park(Native Method)
        at java.util.concurrent.locks.LockSupport.park(LockSupport.java:175)
        at java.util.concurrent.locks.AbstractQueuedSynchronizer$ConditionObject.await(AbstractQueuedSynchronizer.java:2039)
        at java.util.concurrent.ScheduledThreadPoolExecutor$DelayedWorkQueue.take(ScheduledThreadPoolExecutor.java:1088)
        at java.util.concurrent.ScheduledThreadPoolExecutor$DelayedWorkQueue.take(ScheduledThreadPoolExecutor.java:809)
        at java.util.concurrent.ThreadPoolExecutor.getTask(ThreadPoolExecutor.java:1074)
        at java.util.concurrent.ThreadPoolExecutor.runWorker(ThreadPoolExecutor.java:1134)
        at java.util.concurrent.ThreadPoolExecutor$Worker.run(ThreadPoolExecutor.java:624)
        at java.lang.Thread.run(Thread.java:750)
"StaleRecoveringContainerScrubbingService#3" daemon prio=5 tid=1116 in Object.wait()
java.lang.Thread.State: WAITING (on object monitor)
        at sun.misc.Unsafe.park(Native Method)
        at java.util.concurrent.locks.LockSupport.park(LockSupport.java:175)
        at java.util.concurrent.locks.AbstractQueuedSynchronizer$ConditionObject.await(AbstractQueuedSynchronizer.java:2039)
        at java.util.concurrent.ScheduledThreadPoolExecutor$DelayedWorkQueue.take(ScheduledThreadPoolExecutor.java:1088)
        at java.util.concurrent.ScheduledThreadPoolExecutor$DelayedWorkQueue.take(ScheduledThreadPoolExecutor.java:809)
        at java.util.concurrent.ThreadPoolExecutor.getTask(ThreadPoolExecutor.java:1074)
        at java.util.concurrent.ThreadPoolExecutor.runWorker(ThreadPoolExecutor.java:1134)
        at java.util.concurrent.ThreadPoolExecutor$Worker.run(ThreadPoolExecutor.java:624)
        at java.lang.Thread.run(Thread.java:750)
"94422c73-384a-4d9a-a15d-46d9f5b840aa-DatanodeReportManager-1" daemon prio=5 tid=210 in Object.wait()
java.lang.Thread.State: WAITING (on object monitor)
        at sun.misc.Unsafe.park(Native Method)
        at java.util.concurrent.locks.LockSupport.park(LockSupport.java:175)
        at java.util.concurrent.locks.AbstractQueuedSynchronizer$ConditionObject.await(AbstractQueuedSynchronizer.java:2039)
        at java.util.concurrent.ScheduledThreadPoolExecutor$DelayedWorkQueue.take(ScheduledThreadPoolExecutor.java:1088)
        at java.util.concurrent.ScheduledThreadPoolExecutor$DelayedWorkQueue.take(ScheduledThreadPoolExecutor.java:809)
        at java.util.concurrent.ThreadPoolExecutor.getTask(ThreadPoolExecutor.java:1074)
        at java.util.concurrent.ThreadPoolExecutor.runWorker(ThreadPoolExecutor.java:1134)
        at java.util.concurrent.ThreadPoolExecutor$Worker.run(ThreadPoolExecutor.java:624)
        at java.lang.Thread.run(Thread.java:750)
"om1@group-C5BA1605619E-StateMachineUpdater" daemon prio=5 tid=145 timed_waiting
java.lang.Thread.State: TIMED_WAITING
        at sun.misc.Unsafe.park(Native Method)
        at java.util.concurrent.locks.LockSupport.parkNanos(LockSupport.java:215)
        at java.util.concurrent.locks.AbstractQueuedSynchronizer$ConditionObject.await(AbstractQueuedSynchronizer.java:2163)
        at org.apache.ratis.util.AwaitForSignal.await(AwaitForSignal.java:62)
        at org.apache.ratis.server.impl.StateMachineUpdater.waitForCommit(StateMachineUpdater.java:209)
        at org.apache.ratis.server.impl.StateMachineUpdater.run(StateMachineUpdater.java:178)
        at java.lang.Thread.run(Thread.java:750)
"66ee3698-ded8-430f-8ecd-27f356af6e45-DatanodeReportManager-1" daemon prio=5 tid=268 in Object.wait()
java.lang.Thread.State: WAITING (on object monitor)
        at sun.misc.Unsafe.park(Native Method)
        at java.util.concurrent.locks.LockSupport.park(LockSupport.java:175)
        at java.util.concurrent.locks.AbstractQueuedSynchronizer$ConditionObject.await(AbstractQueuedSynchronizer.java:2039)
        at java.util.concurrent.ScheduledThreadPoolExecutor$DelayedWorkQueue.take(ScheduledThreadPoolExecutor.java:1088)
        at java.util.concurrent.ScheduledThreadPoolExecutor$DelayedWorkQueue.take(ScheduledThreadPoolExecutor.java:809)
        at java.util.concurrent.ThreadPoolExecutor.getTask(ThreadPoolExecutor.java:1074)
        at java.util.concurrent.ThreadPoolExecutor.runWorker(ThreadPoolExecutor.java:1134)
        at java.util.concurrent.ThreadPoolExecutor$Worker.run(ThreadPoolExecutor.java:624)
        at java.lang.Thread.run(Thread.java:750)
"66ee3698-ded8-430f-8ecd-27f356af6e45-ChunkWriter-2-0" daemon prio=5 tid=516 in Object.wait()
java.lang.Thread.State: WAITING (on object monitor)
        at sun.misc.Unsafe.park(Native Method)
        at java.util.concurrent.locks.LockSupport.park(LockSupport.java:175)
        at java.util.concurrent.locks.AbstractQueuedSynchronizer$ConditionObject.await(AbstractQueuedSynchronizer.java:2039)
        at java.util.concurrent.LinkedBlockingDeque.takeFirst(LinkedBlockingDeque.java:492)
        at java.util.concurrent.LinkedBlockingDeque.take(LinkedBlockingDeque.java:680)
        at java.util.concurrent.ThreadPoolExecutor.getTask(ThreadPoolExecutor.java:1074)
        at java.util.concurrent.ThreadPoolExecutor.runWorker(ThreadPoolExecutor.java:1134)
        at java.util.concurrent.ThreadPoolExecutor$Worker.run(ThreadPoolExecutor.java:624)
        at java.lang.Thread.run(Thread.java:750)
"nullContainerReplicationThread-1" daemon prio=5 tid=1462 timed_waiting
java.lang.Thread.State: TIMED_WAITING
        at java.lang.Thread.sleep(Native Method)
        at org.apache.ozone.test.GenericTestUtils.waitFor(GenericTestUtils.java:224)
        at org.apache.hadoop.ozone.container.TestECContainerRecovery.lambda$testECContainerRecoveryWithTimedOutRecovery$1(TestECContainerRecovery.java:312)
        at org.apache.hadoop.ozone.container.TestECContainerRecovery$$Lambda$1690/1134979691.answer(Unknown Source)
        at org.mockito.internal.stubbing.StubbedInvocationMatcher.answer(StubbedInvocationMatcher.java:40)
        at org.mockito.internal.handler.MockHandlerImpl.handle(MockHandlerImpl.java:99)
        at org.mockito.internal.handler.NullResultGuardian.handle(NullResultGuardian.java:29)
        at org.mockito.internal.handler.InvocationNotifierHandler.handle(InvocationNotifierHandler.java:33)
        at org.mockito.internal.creation.bytebuddy.MockMethodInterceptor.doIntercept(MockMethodInterceptor.java:57)
        at org.mockito.internal.creation.bytebuddy.MockMethodAdvice.handle(MockMethodAdvice.java:147)
        at org.apache.hadoop.ozone.container.ec.reconstruction.ECReconstructionCoordinator.reconstructECBlockGroup(ECReconstructionCoordinator.java:240)
        at org.apache.hadoop.ozone.container.ec.reconstruction.ECReconstructionCoordinator.reconstructECContainerGroup(ECReconstructionCoordinator.java:178)
        at sun.reflect.NativeMethodAccessorImpl.invoke0(Native Method)
        at sun.reflect.NativeMethodAccessorImpl.invoke(NativeMethodAccessorImpl.java:62)
        at sun.reflect.DelegatingMethodAccessorImpl.invoke(DelegatingMethodAccessorImpl.java:43)
        at java.lang.reflect.Method.invoke(Method.java:498)
        at org.mockito.internal.util.reflection.ReflectionMemberAccessor.invoke(ReflectionMemberAccessor.java:45)
        at org.mockito.internal.creation.bytebuddy.MockMethodAdvice.tryInvoke(MockMethodAdvice.java:329)
        at org.mockito.internal.creation.bytebuddy.MockMethodAdvice.access$500(MockMethodAdvice.java:56)
        at org.mockito.internal.creation.bytebuddy.MockMethodAdvice$RealMethodCall.invoke(MockMethodAdvice.java:249)
        at org.mockito.internal.invocation.InterceptedInvocation.callRealMethod(InterceptedInvocation.java:141)
        at org.mockito.internal.stubbing.answers.CallsRealMethods.answer(CallsRealMethods.java:44)
        at org.mockito.Answers.answer(Answers.java:98)
        at org.mockito.internal.handler.MockHandlerImpl.handle(MockHandlerImpl.java:106)
        at org.mockito.internal.handler.NullResultGuardian.handle(NullResultGuardian.java:29)
        at org.mockito.internal.handler.InvocationNotifierHandler.handle(InvocationNotifierHandler.java:33)
        at org.mockito.internal.creation.bytebuddy.MockMethodInterceptor.doIntercept(MockMethodInterceptor.java:57)
        at org.mockito.internal.creation.bytebuddy.MockMethodAdvice.handle(MockMethodAdvice.java:147)
        at org.apache.hadoop.ozone.container.ec.reconstruction.ECReconstructionCoordinator.reconstructECContainerGroup(ECReconstructionCoordinator.java:148)
        at org.apache.hadoop.ozone.container.ec.reconstruction.ECReconstructionCoordinatorTask.runTask(ECReconstructionCoordinatorTask.java:68)
        at org.apache.hadoop.ozone.container.replication.ReplicationSupervisor$TaskRunner.run(ReplicationSupervisor.java:369)
        at java.util.concurrent.ThreadPoolExecutor.runWorker(ThreadPoolExecutor.java:1149)
        at java.util.concurrent.ThreadPoolExecutor$Worker.run(ThreadPoolExecutor.java:624)
        at java.lang.Thread.run(Thread.java:750)
"1407d0d1-39ba-4bc0-b697-1e16e43cd838-ChunkReader-3" daemon prio=5 tid=1364 in Object.wait()
java.lang.Thread.State: WAITING (on object monitor)
        at sun.misc.Unsafe.park(Native Method)
        at java.util.concurrent.locks.LockSupport.park(LockSupport.java:175)
        at java.util.concurrent.locks.AbstractQueuedSynchronizer$ConditionObject.await(AbstractQueuedSynchronizer.java:2039)
        at java.util.concurrent.LinkedBlockingQueue.take(LinkedBlockingQueue.java:442)
        at java.util.concurrent.ThreadPoolExecutor.getTask(ThreadPoolExecutor.java:1074)
        at java.util.concurrent.ThreadPoolExecutor.runWorker(ThreadPoolExecutor.java:1134)
        at java.util.concurrent.ThreadPoolExecutor$Worker.run(ThreadPoolExecutor.java:624)
        at java.lang.Thread.run(Thread.java:750)
"StaleRecoveringContainerScrubbingService#9" daemon prio=5 tid=1482 in Object.wait()
java.lang.Thread.State: WAITING (on object monitor)
        at sun.misc.Unsafe.park(Native Method)
        at java.util.concurrent.locks.LockSupport.park(LockSupport.java:175)
        at java.util.concurrent.locks.AbstractQueuedSynchronizer$ConditionObject.await(AbstractQueuedSynchronizer.java:2039)
        at java.util.concurrent.ScheduledThreadPoolExecutor$DelayedWorkQueue.take(ScheduledThreadPoolExecutor.java:1088)
        at java.util.concurrent.ScheduledThreadPoolExecutor$DelayedWorkQueue.take(ScheduledThreadPoolExecutor.java:809)
        at java.util.concurrent.ThreadPoolExecutor.getTask(ThreadPoolExecutor.java:1074)
        at java.util.concurrent.ThreadPoolExecutor.runWorker(ThreadPoolExecutor.java:1134)
        at java.util.concurrent.ThreadPoolExecutor$Worker.run(ThreadPoolExecutor.java:624)
        at java.lang.Thread.run(Thread.java:750)
"EventQueue-DatanodeCommandQueueUpdatedForDatanodeCommandCountUpdatedHandler" daemon prio=5 tid=639 in Object.wait()
java.lang.Thread.State: WAITING (on object monitor)
        at sun.misc.Unsafe.park(Native Method)
        at java.util.concurrent.locks.LockSupport.park(LockSupport.java:175)
        at java.util.concurrent.locks.AbstractQueuedSynchronizer$ConditionObject.await(AbstractQueuedSynchronizer.java:2039)
        at java.util.concurrent.LinkedBlockingQueue.take(LinkedBlockingQueue.java:442)
        at java.util.concurrent.ThreadPoolExecutor.getTask(ThreadPoolExecutor.java:1074)
        at java.util.concurrent.ThreadPoolExecutor.runWorker(ThreadPoolExecutor.java:1134)
        at java.util.concurrent.ThreadPoolExecutor$Worker.run(ThreadPoolExecutor.java:624)
        at java.lang.Thread.run(Thread.java:750)
"94422c73-384a-4d9a-a15d-46d9f5b840aa-DatanodeReportManager-4" daemon prio=5 tid=213 timed_waiting
java.lang.Thread.State: TIMED_WAITING
        at sun.misc.Unsafe.park(Native Method)
        at java.util.concurrent.locks.LockSupport.parkNanos(LockSupport.java:215)
        at java.util.concurrent.locks.AbstractQueuedSynchronizer$ConditionObject.awaitNanos(AbstractQueuedSynchronizer.java:2078)
        at java.util.concurrent.ScheduledThreadPoolExecutor$DelayedWorkQueue.take(ScheduledThreadPoolExecutor.java:1093)
        at java.util.concurrent.ScheduledThreadPoolExecutor$DelayedWorkQueue.take(ScheduledThreadPoolExecutor.java:809)
        at java.util.concurrent.ThreadPoolExecutor.getTask(ThreadPoolExecutor.java:1074)
        at java.util.concurrent.ThreadPoolExecutor.runWorker(ThreadPoolExecutor.java:1134)
        at java.util.concurrent.ThreadPoolExecutor$Worker.run(ThreadPoolExecutor.java:624)
        at java.lang.Thread.run(Thread.java:750)
"EventQueue-DeadNodeForDeadNodeHandler" daemon prio=5 tid=1097 in Object.wait()
java.lang.Thread.State: WAITING (on object monitor)
        at sun.misc.Unsafe.park(Native Method)
        at java.util.concurrent.locks.LockSupport.park(LockSupport.java:175)
        at java.util.concurrent.locks.AbstractQueuedSynchronizer$ConditionObject.await(AbstractQueuedSynchronizer.java:2039)
        at java.util.concurrent.LinkedBlockingQueue.take(LinkedBlockingQueue.java:442)
        at java.util.concurrent.ThreadPoolExecutor.getTask(ThreadPoolExecutor.java:1074)
        at java.util.concurrent.ThreadPoolExecutor.runWorker(ThreadPoolExecutor.java:1134)
        at java.util.concurrent.ThreadPoolExecutor$Worker.run(ThreadPoolExecutor.java:624)
        at java.lang.Thread.run(Thread.java:750)
"f612f2cf-90dc-41dc-bf39-cf028d38c484-ChunkWriter-2-0" daemon prio=5 tid=599 in Object.wait()
java.lang.Thread.State: WAITING (on object monitor)
        at sun.misc.Unsafe.park(Native Method)
        at java.util.concurrent.locks.LockSupport.park(LockSupport.java:175)
        at java.util.concurrent.locks.AbstractQueuedSynchronizer$ConditionObject.await(AbstractQueuedSynchronizer.java:2039)
        at java.util.concurrent.LinkedBlockingDeque.takeFirst(LinkedBlockingDeque.java:492)
        at java.util.concurrent.LinkedBlockingDeque.take(LinkedBlockingDeque.java:680)
        at java.util.concurrent.ThreadPoolExecutor.getTask(ThreadPoolExecutor.java:1074)
        at java.util.concurrent.ThreadPoolExecutor.runWorker(ThreadPoolExecutor.java:1134)
        at java.util.concurrent.ThreadPoolExecutor$Worker.run(ThreadPoolExecutor.java:624)
        at java.lang.Thread.run(Thread.java:750)
"f612f2cf-90dc-41dc-bf39-cf028d38c484-ChunkReader-1" daemon prio=5 tid=1035 in Object.wait()
java.lang.Thread.State: WAITING (on object monitor)
        at sun.misc.Unsafe.park(Native Method)
        at java.util.concurrent.locks.LockSupport.park(LockSupport.java:175)
        at java.util.concurrent.locks.AbstractQueuedSynchronizer$ConditionObject.await(AbstractQueuedSynchronizer.java:2039)
        at java.util.concurrent.LinkedBlockingQueue.take(LinkedBlockingQueue.java:442)
        at java.util.concurrent.ThreadPoolExecutor.getTask(ThreadPoolExecutor.java:1074)
        at java.util.concurrent.ThreadPoolExecutor.runWorker(ThreadPoolExecutor.java:1134)
        at java.util.concurrent.ThreadPoolExecutor$Worker.run(ThreadPoolExecutor.java:624)
        at java.lang.Thread.run(Thread.java:750)
"5b9beb6f-d596-489f-8a17-e362b772df82-DatanodeReportManager-1" daemon prio=5 tid=508 timed_waiting
java.lang.Thread.State: TIMED_WAITING
        at sun.misc.Unsafe.park(Native Method)
        at java.util.concurrent.locks.LockSupport.parkNanos(LockSupport.java:215)
        at java.util.concurrent.locks.AbstractQueuedSynchronizer$ConditionObject.awaitNanos(AbstractQueuedSynchronizer.java:2078)
        at java.util.concurrent.ScheduledThreadPoolExecutor$DelayedWorkQueue.take(ScheduledThreadPoolExecutor.java:1093)
        at java.util.concurrent.ScheduledThreadPoolExecutor$DelayedWorkQueue.take(ScheduledThreadPoolExecutor.java:809)
        at java.util.concurrent.ThreadPoolExecutor.getTask(ThreadPoolExecutor.java:1074)
        at java.util.concurrent.ThreadPoolExecutor.runWorker(ThreadPoolExecutor.java:1134)
        at java.util.concurrent.ThreadPoolExecutor$Worker.run(ThreadPoolExecutor.java:624)
        at java.lang.Thread.run(Thread.java:750)
"Hadoop-Metrics-Updater-0" daemon prio=5 tid=501 timed_waiting
java.lang.Thread.State: TIMED_WAITING
        at sun.misc.Unsafe.park(Native Method)
        at java.util.concurrent.locks.LockSupport.parkNanos(LockSupport.java:215)
        at java.util.concurrent.locks.AbstractQueuedSynchronizer$ConditionObject.awaitNanos(AbstractQueuedSynchronizer.java:2078)
        at java.util.concurrent.ScheduledThreadPoolExecutor$DelayedWorkQueue.take(ScheduledThreadPoolExecutor.java:1093)
        at java.util.concurrent.ScheduledThreadPoolExecutor$DelayedWorkQueue.take(ScheduledThreadPoolExecutor.java:809)
        at java.util.concurrent.ThreadPoolExecutor.getTask(ThreadPoolExecutor.java:1074)
        at java.util.concurrent.ThreadPoolExecutor.runWorker(ThreadPoolExecutor.java:1134)
        at java.util.concurrent.ThreadPoolExecutor$Worker.run(ThreadPoolExecutor.java:624)
        at java.lang.Thread.run(Thread.java:750)
"66ee3698-ded8-430f-8ecd-27f356af6e45@group-1D3807242C29-LeaderStateImpl" daemon prio=5 tid=892 timed_waiting
java.lang.Thread.State: TIMED_WAITING
        at sun.misc.Unsafe.park(Native Method)
        at java.util.concurrent.locks.LockSupport.parkNanos(LockSupport.java:215)
        at java.util.concurrent.locks.AbstractQueuedSynchronizer$ConditionObject.awaitNanos(AbstractQueuedSynchronizer.java:2078)
        at java.util.concurrent.ArrayBlockingQueue.poll(ArrayBlockingQueue.java:418)
        at org.apache.ratis.server.impl.LeaderStateImpl$EventQueue.poll(LeaderStateImpl.java:164)
        at org.apache.ratis.server.impl.LeaderStateImpl$EventProcessor.run(LeaderStateImpl.java:702)
"org.apache.hadoop.ozone.container.common.statemachine.commandhandler.DeleteBlocksCommandHandler$DeleteCmdWorker@3774ea9a" daemon prio=5 tid=307 timed_waiting
java.lang.Thread.State: TIMED_WAITING
        at java.lang.Thread.sleep(Native Method)
        at org.apache.hadoop.ozone.container.common.statemachine.commandhandler.DeleteBlocksCommandHandler$DeleteCmdWorker.run(DeleteBlocksCommandHandler.java:237)
        at java.lang.Thread.run(Thread.java:750)
"0ef615e1-91db-4ede-b924-53e2d320f02d-DatanodeReportManager-0" daemon prio=5 tid=238 in Object.wait()
java.lang.Thread.State: WAITING (on object monitor)
        at sun.misc.Unsafe.park(Native Method)
        at java.util.concurrent.locks.LockSupport.park(LockSupport.java:175)
        at java.util.concurrent.locks.AbstractQueuedSynchronizer$ConditionObject.await(AbstractQueuedSynchronizer.java:2039)
        at java.util.concurrent.ScheduledThreadPoolExecutor$DelayedWorkQueue.take(ScheduledThreadPoolExecutor.java:1088)
        at java.util.concurrent.ScheduledThreadPoolExecutor$DelayedWorkQueue.take(ScheduledThreadPoolExecutor.java:809)
        at java.util.concurrent.ThreadPoolExecutor.getTask(ThreadPoolExecutor.java:1074)
        at java.util.concurrent.ThreadPoolExecutor.runWorker(ThreadPoolExecutor.java:1134)
        at java.util.concurrent.ThreadPoolExecutor$Worker.run(ThreadPoolExecutor.java:624)
        at java.lang.Thread.run(Thread.java:750)
"55507c8a-594d-4e25-909f-8d2832294c55-BlockDeletingService#3" daemon prio=5 tid=1508 in Object.wait()
java.lang.Thread.State: WAITING (on object monitor)
        at sun.misc.Unsafe.park(Native Method)
        at java.util.concurrent.locks.LockSupport.park(LockSupport.java:175)
        at java.util.concurrent.locks.AbstractQueuedSynchronizer$ConditionObject.await(AbstractQueuedSynchronizer.java:2039)
        at java.util.concurrent.ScheduledThreadPoolExecutor$DelayedWorkQueue.take(ScheduledThreadPoolExecutor.java:1088)
        at java.util.concurrent.ScheduledThreadPoolExecutor$DelayedWorkQueue.take(ScheduledThreadPoolExecutor.java:809)
        at java.util.concurrent.ThreadPoolExecutor.getTask(ThreadPoolExecutor.java:1074)
        at java.util.concurrent.ThreadPoolExecutor.runWorker(ThreadPoolExecutor.java:1134)
        at java.util.concurrent.ThreadPoolExecutor$Worker.run(ThreadPoolExecutor.java:624)
        at java.lang.Thread.run(Thread.java:750)
"0ef615e1-91db-4ede-b924-53e2d320f02d-server-thread1" daemon prio=5 tid=903 timed_waiting
java.lang.Thread.State: TIMED_WAITING
        at sun.misc.Unsafe.park(Native Method)
        at java.util.concurrent.locks.LockSupport.parkNanos(LockSupport.java:215)
        at java.util.concurrent.SynchronousQueue$TransferStack.awaitFulfill(SynchronousQueue.java:460)
        at java.util.concurrent.SynchronousQueue$TransferStack.transfer(SynchronousQueue.java:362)
        at java.util.concurrent.SynchronousQueue.poll(SynchronousQueue.java:941)
        at java.util.concurrent.ThreadPoolExecutor.getTask(ThreadPoolExecutor.java:1073)
        at java.util.concurrent.ThreadPoolExecutor.runWorker(ThreadPoolExecutor.java:1134)
        at java.util.concurrent.ThreadPoolExecutor$Worker.run(ThreadPoolExecutor.java:624)
        at java.lang.Thread.run(Thread.java:750)
"timer7" daemon prio=5 tid=926 timed_waiting
java.lang.Thread.State: TIMED_WAITING
        at java.lang.Object.wait(Native Method)
        at java.util.TimerThread.mainLoop(Timer.java:552)
        at java.util.TimerThread.run(Timer.java:505)
"Socket Reader #1 for port 15000"  prio=5 tid=36 runnable
java.lang.Thread.State: RUNNABLE
        at sun.nio.ch.EPollArrayWrapper.epollWait(Native Method)
        at sun.nio.ch.EPollArrayWrapper.poll(EPollArrayWrapper.java:269)
        at sun.nio.ch.EPollSelectorImpl.doSelect(EPollSelectorImpl.java:93)
        at sun.nio.ch.SelectorImpl.lockAndDoSelect(SelectorImpl.java:86)
        at sun.nio.ch.SelectorImpl.select(SelectorImpl.java:97)
        at sun.nio.ch.SelectorImpl.select(SelectorImpl.java:101)
        at org.apache.hadoop.ipc.Server$Listener$Reader.doRunLoop(Server.java:1346)
        at org.apache.hadoop.ipc.Server$Listener$Reader.run(Server.java:1325)
"IPC Server handler 17 on default port 15000" daemon prio=5 tid=68 timed_waiting
java.lang.Thread.State: TIMED_WAITING
        at sun.misc.Unsafe.park(Native Method)
        at java.util.concurrent.locks.LockSupport.parkNanos(LockSupport.java:215)
        at java.util.concurrent.locks.AbstractQueuedSynchronizer$ConditionObject.awaitNanos(AbstractQueuedSynchronizer.java:2078)
        at java.util.concurrent.LinkedBlockingQueue.poll(LinkedBlockingQueue.java:467)
        at org.apache.hadoop.ipc.CallQueueManager.take(CallQueueManager.java:317)
        at org.apache.hadoop.ipc.Server$Handler.run(Server.java:3014)
"3fb99649-c87f-4cc9-b3d9-f5c572ff189c-ChunkReader-4" daemon prio=5 tid=1466 in Object.wait()
java.lang.Thread.State: WAITING (on object monitor)
        at sun.misc.Unsafe.park(Native Method)
        at java.util.concurrent.locks.LockSupport.park(LockSupport.java:175)
        at java.util.concurrent.locks.AbstractQueuedSynchronizer$ConditionObject.await(AbstractQueuedSynchronizer.java:2039)
        at java.util.concurrent.LinkedBlockingQueue.take(LinkedBlockingQueue.java:442)
        at java.util.concurrent.ThreadPoolExecutor.getTask(ThreadPoolExecutor.java:1074)
        at java.util.concurrent.ThreadPoolExecutor.runWorker(ThreadPoolExecutor.java:1134)
        at java.util.concurrent.ThreadPoolExecutor$Worker.run(ThreadPoolExecutor.java:624)
        at java.lang.Thread.run(Thread.java:750)
"FixedThreadPoolWithAffinityExecutor-4-0" daemon prio=5 tid=44 timed_waiting
java.lang.Thread.State: TIMED_WAITING
        at sun.misc.Unsafe.park(Native Method)
        at java.util.concurrent.locks.LockSupport.parkNanos(LockSupport.java:215)
        at java.util.concurrent.locks.AbstractQueuedSynchronizer$ConditionObject.awaitNanos(AbstractQueuedSynchronizer.java:2078)
        at java.util.concurrent.LinkedBlockingQueue.poll(LinkedBlockingQueue.java:467)
        at org.apache.hadoop.hdds.scm.server.ContainerReportQueue.poll(ContainerReportQueue.java:266)
        at org.apache.hadoop.hdds.scm.server.ContainerReportQueue.poll(ContainerReportQueue.java:42)
        at org.apache.hadoop.hdds.server.events.FixedThreadPoolWithAffinityExecutor$ContainerReportProcessTask.run(FixedThreadPoolWithAffinityExecutor.java:253)
        at java.util.concurrent.Executors$RunnableAdapter.call(Executors.java:511)
        at java.util.concurrent.FutureTask.run(FutureTask.java:266)
        at java.util.concurrent.ThreadPoolExecutor.runWorker(ThreadPoolExecutor.java:1149)
        at java.util.concurrent.ThreadPoolExecutor$Worker.run(ThreadPoolExecutor.java:624)
        at java.lang.Thread.run(Thread.java:750)
"5b9beb6f-d596-489f-8a17-e362b772df82@group-3CEA00BD3BAC->55507c8a-594d-4e25-909f-8d2832294c55-GrpcLogAppender-LogAppenderDaemon" daemon prio=5 tid=1323 timed_waiting
java.lang.Thread.State: TIMED_WAITING
        at sun.misc.Unsafe.park(Native Method)
        at java.util.concurrent.locks.LockSupport.parkNanos(LockSupport.java:215)
        at java.util.concurrent.locks.AbstractQueuedSynchronizer$ConditionObject.await(AbstractQueuedSynchronizer.java:2163)
        at org.apache.ratis.util.AwaitForSignal.await(AwaitForSignal.java:62)
        at org.apache.ratis.grpc.server.GrpcLogAppender.mayWait(GrpcLogAppender.java:197)
        at org.apache.ratis.grpc.server.GrpcLogAppender.run(GrpcLogAppender.java:148)
        at org.apache.ratis.server.leader.LogAppenderDaemon.run(LogAppenderDaemon.java:78)
        at org.apache.ratis.server.leader.LogAppenderDaemon$$Lambda$1248/550328285.run(Unknown Source)
        at java.lang.Thread.run(Thread.java:750)
"3fb99649-c87f-4cc9-b3d9-f5c572ff189c@group-5A0C10638F91->1407d0d1-39ba-4bc0-b697-1e16e43cd838-GrpcLogAppender-LogAppenderDaemon" daemon prio=5 tid=922 timed_waiting
java.lang.Thread.State: TIMED_WAITING
        at sun.misc.Unsafe.park(Native Method)
        at java.util.concurrent.locks.LockSupport.parkNanos(LockSupport.java:215)
        at java.util.concurrent.locks.AbstractQueuedSynchronizer$ConditionObject.await(AbstractQueuedSynchronizer.java:2163)
        at org.apache.ratis.util.AwaitForSignal.await(AwaitForSignal.java:62)
        at org.apache.ratis.grpc.server.GrpcLogAppender.mayWait(GrpcLogAppender.java:197)
        at org.apache.ratis.grpc.server.GrpcLogAppender.run(GrpcLogAppender.java:148)
        at org.apache.ratis.server.leader.LogAppenderDaemon.run(LogAppenderDaemon.java:78)
        at org.apache.ratis.server.leader.LogAppenderDaemon$$Lambda$1248/550328285.run(Unknown Source)
        at java.lang.Thread.run(Thread.java:750)
"IPC Server handler 2 on default port 15002" daemon prio=5 tid=93 timed_waiting
java.lang.Thread.State: TIMED_WAITING
        at sun.misc.Unsafe.park(Native Method)
        at java.util.concurrent.locks.LockSupport.parkNanos(LockSupport.java:215)
        at java.util.concurrent.locks.AbstractQueuedSynchronizer$ConditionObject.awaitNanos(AbstractQueuedSynchronizer.java:2078)
        at java.util.concurrent.LinkedBlockingQueue.poll(LinkedBlockingQueue.java:467)
        at org.apache.hadoop.ipc.CallQueueManager.take(CallQueueManager.java:317)
        at org.apache.hadoop.ipc.Server$Handler.run(Server.java:3014)
"StaleRecoveringContainerScrubbingService#1" daemon prio=5 tid=470 in Object.wait()
java.lang.Thread.State: WAITING (on object monitor)
        at sun.misc.Unsafe.park(Native Method)
        at java.util.concurrent.locks.LockSupport.park(LockSupport.java:175)
        at java.util.concurrent.locks.AbstractQueuedSynchronizer$ConditionObject.await(AbstractQueuedSynchronizer.java:2039)
        at java.util.concurrent.ScheduledThreadPoolExecutor$DelayedWorkQueue.take(ScheduledThreadPoolExecutor.java:1088)
        at java.util.concurrent.ScheduledThreadPoolExecutor$DelayedWorkQueue.take(ScheduledThreadPoolExecutor.java:809)
        at java.util.concurrent.ThreadPoolExecutor.getTask(ThreadPoolExecutor.java:1074)
        at java.util.concurrent.ThreadPoolExecutor.runWorker(ThreadPoolExecutor.java:1134)
        at java.util.concurrent.ThreadPoolExecutor$Worker.run(ThreadPoolExecutor.java:624)
        at java.lang.Thread.run(Thread.java:750)
"5b9beb6f-d596-489f-8a17-e362b772df82-EndpointStateMachineTaskThread-/0.0.0.0:15002-0 "  prio=5 tid=625 in Object.wait()
java.lang.Thread.State: WAITING (on object monitor)
        at sun.misc.Unsafe.park(Native Method)
        at java.util.concurrent.locks.LockSupport.park(LockSupport.java:175)
        at java.util.concurrent.locks.AbstractQueuedSynchronizer$ConditionObject.await(AbstractQueuedSynchronizer.java:2039)
        at java.util.concurrent.LinkedBlockingQueue.take(LinkedBlockingQueue.java:442)
        at java.util.concurrent.ThreadPoolExecutor.getTask(ThreadPoolExecutor.java:1074)
        at java.util.concurrent.ThreadPoolExecutor.runWorker(ThreadPoolExecutor.java:1134)
        at java.util.concurrent.ThreadPoolExecutor$Worker.run(ThreadPoolExecutor.java:624)
        at java.lang.Thread.run(Thread.java:750)
"5b9beb6f-d596-489f-8a17-e362b772df82-ChunkWriter-0-0" daemon prio=5 tid=629 in Object.wait()
java.lang.Thread.State: WAITING (on object monitor)
        at sun.misc.Unsafe.park(Native Method)
        at java.util.concurrent.locks.LockSupport.park(LockSupport.java:175)
        at java.util.concurrent.locks.AbstractQueuedSynchronizer$ConditionObject.await(AbstractQueuedSynchronizer.java:2039)
        at java.util.concurrent.LinkedBlockingDeque.takeFirst(LinkedBlockingDeque.java:492)
        at java.util.concurrent.LinkedBlockingDeque.take(LinkedBlockingDeque.java:680)
        at java.util.concurrent.ThreadPoolExecutor.getTask(ThreadPoolExecutor.java:1074)
        at java.util.concurrent.ThreadPoolExecutor.runWorker(ThreadPoolExecutor.java:1134)
        at java.util.concurrent.ThreadPoolExecutor$Worker.run(ThreadPoolExecutor.java:624)
        at java.lang.Thread.run(Thread.java:750)
"Hadoop-Metrics-Updater-0" daemon prio=5 tid=206 timed_waiting
java.lang.Thread.State: TIMED_WAITING
        at sun.misc.Unsafe.park(Native Method)
        at java.util.concurrent.locks.LockSupport.parkNanos(LockSupport.java:215)
        at java.util.concurrent.locks.AbstractQueuedSynchronizer$ConditionObject.awaitNanos(AbstractQueuedSynchronizer.java:2078)
        at java.util.concurrent.ScheduledThreadPoolExecutor$DelayedWorkQueue.take(ScheduledThreadPoolExecutor.java:1093)
        at java.util.concurrent.ScheduledThreadPoolExecutor$DelayedWorkQueue.take(ScheduledThreadPoolExecutor.java:809)
        at java.util.concurrent.ThreadPoolExecutor.getTask(ThreadPoolExecutor.java:1074)
        at java.util.concurrent.ThreadPoolExecutor.runWorker(ThreadPoolExecutor.java:1134)
        at java.util.concurrent.ThreadPoolExecutor$Worker.run(ThreadPoolExecutor.java:624)
        at java.lang.Thread.run(Thread.java:750)
"1407d0d1-39ba-4bc0-b697-1e16e43cd838-groupManagement"  prio=5 tid=677 in Object.wait()
java.lang.Thread.State: WAITING (on object monitor)
        at sun.misc.Unsafe.park(Native Method)
        at java.util.concurrent.locks.LockSupport.park(LockSupport.java:175)
        at java.util.concurrent.locks.AbstractQueuedSynchronizer$ConditionObject.await(AbstractQueuedSynchronizer.java:2039)
        at java.util.concurrent.LinkedBlockingQueue.take(LinkedBlockingQueue.java:442)
        at java.util.concurrent.ThreadPoolExecutor.getTask(ThreadPoolExecutor.java:1074)
        at java.util.concurrent.ThreadPoolExecutor.runWorker(ThreadPoolExecutor.java:1134)
        at java.util.concurrent.ThreadPoolExecutor$Worker.run(ThreadPoolExecutor.java:624)
        at java.lang.Thread.run(Thread.java:750)
"IPC Server handler 13 on default port 15000" daemon prio=5 tid=64 timed_waiting
java.lang.Thread.State: TIMED_WAITING
        at sun.misc.Unsafe.park(Native Method)
        at java.util.concurrent.locks.LockSupport.parkNanos(LockSupport.java:215)
        at java.util.concurrent.locks.AbstractQueuedSynchronizer$ConditionObject.awaitNanos(AbstractQueuedSynchronizer.java:2078)
        at java.util.concurrent.LinkedBlockingQueue.poll(LinkedBlockingQueue.java:467)
        at org.apache.hadoop.ipc.CallQueueManager.take(CallQueueManager.java:317)
        at org.apache.hadoop.ipc.Server$Handler.run(Server.java:3014)
"3fb99649-c87f-4cc9-b3d9-f5c572ff189c-ChunkReader-1" daemon prio=5 tid=1038 in Object.wait()
java.lang.Thread.State: WAITING (on object monitor)
        at sun.misc.Unsafe.park(Native Method)
        at java.util.concurrent.locks.LockSupport.park(LockSupport.java:175)
        at java.util.concurrent.locks.AbstractQueuedSynchronizer$ConditionObject.await(AbstractQueuedSynchronizer.java:2039)
        at java.util.concurrent.LinkedBlockingQueue.take(LinkedBlockingQueue.java:442)
        at java.util.concurrent.ThreadPoolExecutor.getTask(ThreadPoolExecutor.java:1074)
        at java.util.concurrent.ThreadPoolExecutor.runWorker(ThreadPoolExecutor.java:1134)
        at java.util.concurrent.ThreadPoolExecutor$Worker.run(ThreadPoolExecutor.java:624)
        at java.lang.Thread.run(Thread.java:750)
"1407d0d1-39ba-4bc0-b697-1e16e43cd838-BlockDeletingService#2" daemon prio=5 tid=1446 in Object.wait()
java.lang.Thread.State: WAITING (on object monitor)
        at sun.misc.Unsafe.park(Native Method)
        at java.util.concurrent.locks.LockSupport.park(LockSupport.java:175)
        at java.util.concurrent.locks.AbstractQueuedSynchronizer$ConditionObject.await(AbstractQueuedSynchronizer.java:2039)
        at java.util.concurrent.ScheduledThreadPoolExecutor$DelayedWorkQueue.take(ScheduledThreadPoolExecutor.java:1088)
        at java.util.concurrent.ScheduledThreadPoolExecutor$DelayedWorkQueue.take(ScheduledThreadPoolExecutor.java:809)
        at java.util.concurrent.ThreadPoolExecutor.getTask(ThreadPoolExecutor.java:1074)
        at java.util.concurrent.ThreadPoolExecutor.runWorker(ThreadPoolExecutor.java:1134)
        at java.util.concurrent.ThreadPoolExecutor$Worker.run(ThreadPoolExecutor.java:624)
        at java.lang.Thread.run(Thread.java:750)
"0ef615e1-91db-4ede-b924-53e2d320f02d@group-7E36DD6E81EC-FollowerState" daemon prio=5 tid=988 timed_waiting
java.lang.Thread.State: TIMED_WAITING
        at java.lang.Thread.sleep(Native Method)
        at java.lang.Thread.sleep(Thread.java:342)
        at java.util.concurrent.TimeUnit.sleep(TimeUnit.java:386)
        at org.apache.ratis.util.TimeDuration.sleep(TimeDuration.java:325)
        at org.apache.ratis.util.TimeDuration.sleep(TimeDuration.java:310)
        at org.apache.ratis.server.impl.FollowerState.run(FollowerState.java:128)
"55507c8a-594d-4e25-909f-8d2832294c55-ChunkWriter-1-0" daemon prio=5 tid=1191 in Object.wait()
java.lang.Thread.State: WAITING (on object monitor)
        at sun.misc.Unsafe.park(Native Method)
        at java.util.concurrent.locks.LockSupport.park(LockSupport.java:175)
        at java.util.concurrent.locks.AbstractQueuedSynchronizer$ConditionObject.await(AbstractQueuedSynchronizer.java:2039)
        at java.util.concurrent.LinkedBlockingDeque.takeFirst(LinkedBlockingDeque.java:492)
        at java.util.concurrent.LinkedBlockingDeque.take(LinkedBlockingDeque.java:680)
        at java.util.concurrent.ThreadPoolExecutor.getTask(ThreadPoolExecutor.java:1074)
        at java.util.concurrent.ThreadPoolExecutor.runWorker(ThreadPoolExecutor.java:1134)
        at java.util.concurrent.ThreadPoolExecutor$Worker.run(ThreadPoolExecutor.java:624)
        at java.lang.Thread.run(Thread.java:750)
"StaleRecoveringContainerScrubbingService#4" daemon prio=5 tid=1118 in Object.wait()
java.lang.Thread.State: WAITING (on object monitor)
        at sun.misc.Unsafe.park(Native Method)
        at java.util.concurrent.locks.LockSupport.park(LockSupport.java:175)
        at java.util.concurrent.locks.AbstractQueuedSynchronizer$ConditionObject.await(AbstractQueuedSynchronizer.java:2039)
        at java.util.concurrent.ScheduledThreadPoolExecutor$DelayedWorkQueue.take(ScheduledThreadPoolExecutor.java:1088)
        at java.util.concurrent.ScheduledThreadPoolExecutor$DelayedWorkQueue.take(ScheduledThreadPoolExecutor.java:809)
        at java.util.concurrent.ThreadPoolExecutor.getTask(ThreadPoolExecutor.java:1074)
        at java.util.concurrent.ThreadPoolExecutor.runWorker(ThreadPoolExecutor.java:1134)
        at java.util.concurrent.ThreadPoolExecutor$Worker.run(ThreadPoolExecutor.java:624)
        at java.lang.Thread.run(Thread.java:750)
"Session-HouseKeeper-598161b9-1"  prio=5 tid=1170 timed_waiting
java.lang.Thread.State: TIMED_WAITING
        at sun.misc.Unsafe.park(Native Method)
        at java.util.concurrent.locks.LockSupport.parkNanos(LockSupport.java:215)
        at java.util.concurrent.locks.AbstractQueuedSynchronizer$ConditionObject.awaitNanos(AbstractQueuedSynchronizer.java:2078)
        at java.util.concurrent.ScheduledThreadPoolExecutor$DelayedWorkQueue.take(ScheduledThreadPoolExecutor.java:1093)
        at java.util.concurrent.ScheduledThreadPoolExecutor$DelayedWorkQueue.take(ScheduledThreadPoolExecutor.java:809)
        at java.util.concurrent.ThreadPoolExecutor.getTask(ThreadPoolExecutor.java:1074)
        at java.util.concurrent.ThreadPoolExecutor.runWorker(ThreadPoolExecutor.java:1134)
        at java.util.concurrent.ThreadPoolExecutor$Worker.run(ThreadPoolExecutor.java:624)
        at java.lang.Thread.run(Thread.java:750)
"EventQueue-StaleNodeForStaleNodeHandler" daemon prio=5 tid=1094 in Object.wait()
java.lang.Thread.State: WAITING (on object monitor)
        at sun.misc.Unsafe.park(Native Method)
        at java.util.concurrent.locks.LockSupport.park(LockSupport.java:175)
        at java.util.concurrent.locks.AbstractQueuedSynchronizer$ConditionObject.await(AbstractQueuedSynchronizer.java:2039)
        at java.util.concurrent.LinkedBlockingQueue.take(LinkedBlockingQueue.java:442)
        at java.util.concurrent.ThreadPoolExecutor.getTask(ThreadPoolExecutor.java:1074)
        at java.util.concurrent.ThreadPoolExecutor.runWorker(ThreadPoolExecutor.java:1134)
        at java.util.concurrent.ThreadPoolExecutor$Worker.run(ThreadPoolExecutor.java:624)
        at java.lang.Thread.run(Thread.java:750)
"1407d0d1-39ba-4bc0-b697-1e16e43cd838-DatanodeReportManager-2" daemon prio=5 tid=327 timed_waiting
java.lang.Thread.State: TIMED_WAITING
        at sun.misc.Unsafe.park(Native Method)
        at java.util.concurrent.locks.LockSupport.parkNanos(LockSupport.java:215)
        at java.util.concurrent.locks.AbstractQueuedSynchronizer$ConditionObject.awaitNanos(AbstractQueuedSynchronizer.java:2078)
        at java.util.concurrent.ScheduledThreadPoolExecutor$DelayedWorkQueue.take(ScheduledThreadPoolExecutor.java:1093)
        at java.util.concurrent.ScheduledThreadPoolExecutor$DelayedWorkQueue.take(ScheduledThreadPoolExecutor.java:809)
        at java.util.concurrent.ThreadPoolExecutor.getTask(ThreadPoolExecutor.java:1074)
        at java.util.concurrent.ThreadPoolExecutor.runWorker(ThreadPoolExecutor.java:1134)
        at java.util.concurrent.ThreadPoolExecutor$Worker.run(ThreadPoolExecutor.java:624)
        at java.lang.Thread.run(Thread.java:750)
"IPC Server handler 7 on default port 15004" daemon prio=5 tid=172 timed_waiting
java.lang.Thread.State: TIMED_WAITING
        at sun.misc.Unsafe.park(Native Method)
        at java.util.concurrent.locks.LockSupport.parkNanos(LockSupport.java:215)
        at java.util.concurrent.locks.AbstractQueuedSynchronizer$ConditionObject.awaitNanos(AbstractQueuedSynchronizer.java:2078)
        at java.util.concurrent.LinkedBlockingQueue.poll(LinkedBlockingQueue.java:467)
        at org.apache.hadoop.ipc.CallQueueManager.take(CallQueueManager.java:317)
        at org.apache.hadoop.ipc.Server$Handler.run(Server.java:3014)
"JvmPauseMonitor1" daemon prio=5 tid=147 timed_waiting
java.lang.Thread.State: TIMED_WAITING
        at java.lang.Thread.sleep(Native Method)
        at java.lang.Thread.sleep(Thread.java:342)
        at java.util.concurrent.TimeUnit.sleep(TimeUnit.java:386)
        at org.apache.ratis.util.TimeDuration.sleep(TimeDuration.java:325)
        at org.apache.ratis.util.TimeDuration.sleep(TimeDuration.java:310)
        at org.apache.ratis.util.JvmPauseMonitor.detectPause(JvmPauseMonitor.java:117)
        at org.apache.ratis.util.JvmPauseMonitor.run(JvmPauseMonitor.java:106)
        at org.apache.ratis.util.JvmPauseMonitor$$Lambda$484/814583272.run(Unknown Source)
        at java.lang.Thread.run(Thread.java:750)
"StaleRecoveringContainerScrubbingService#0" daemon prio=5 tid=464 in Object.wait()
java.lang.Thread.State: WAITING (on object monitor)
        at sun.misc.Unsafe.park(Native Method)
        at java.util.concurrent.locks.LockSupport.park(LockSupport.java:175)
        at java.util.concurrent.locks.AbstractQueuedSynchronizer$ConditionObject.await(AbstractQueuedSynchronizer.java:2039)
        at java.util.concurrent.ScheduledThreadPoolExecutor$DelayedWorkQueue.take(ScheduledThreadPoolExecutor.java:1088)
        at java.util.concurrent.ScheduledThreadPoolExecutor$DelayedWorkQueue.take(ScheduledThreadPoolExecutor.java:809)
        at java.util.concurrent.ThreadPoolExecutor.getTask(ThreadPoolExecutor.java:1074)
        at java.util.concurrent.ThreadPoolExecutor.runWorker(ThreadPoolExecutor.java:1134)
        at java.util.concurrent.ThreadPoolExecutor$Worker.run(ThreadPoolExecutor.java:624)
        at java.lang.Thread.run(Thread.java:750)
"om1-OMStateMachineApplyTransactionThread - 0" daemon prio=5 tid=962 in Object.wait()
java.lang.Thread.State: WAITING (on object monitor)
        at sun.misc.Unsafe.park(Native Method)
        at java.util.concurrent.locks.LockSupport.park(LockSupport.java:175)
        at java.util.concurrent.locks.AbstractQueuedSynchronizer$ConditionObject.await(AbstractQueuedSynchronizer.java:2039)
        at java.util.concurrent.LinkedBlockingQueue.take(LinkedBlockingQueue.java:442)
        at java.util.concurrent.ThreadPoolExecutor.getTask(ThreadPoolExecutor.java:1074)
        at java.util.concurrent.ThreadPoolExecutor.runWorker(ThreadPoolExecutor.java:1134)
        at java.util.concurrent.ThreadPoolExecutor$Worker.run(ThreadPoolExecutor.java:624)
        at java.lang.Thread.run(Thread.java:750)
"55507c8a-594d-4e25-909f-8d2832294c55-ChunkReader-3" daemon prio=5 tid=1363 in Object.wait()
java.lang.Thread.State: WAITING (on object monitor)
        at sun.misc.Unsafe.park(Native Method)
        at java.util.concurrent.locks.LockSupport.park(LockSupport.java:175)
        at java.util.concurrent.locks.AbstractQueuedSynchronizer$ConditionObject.await(AbstractQueuedSynchronizer.java:2039)
        at java.util.concurrent.LinkedBlockingQueue.take(LinkedBlockingQueue.java:442)
        at java.util.concurrent.ThreadPoolExecutor.getTask(ThreadPoolExecutor.java:1074)
        at java.util.concurrent.ThreadPoolExecutor.runWorker(ThreadPoolExecutor.java:1134)
        at java.util.concurrent.ThreadPoolExecutor$Worker.run(ThreadPoolExecutor.java:624)
        at java.lang.Thread.run(Thread.java:750)
"23554148-3e4d-431f-a73e-f2401dbff1d4-BlockDeletingService#3" daemon prio=5 tid=1499 in Object.wait()
java.lang.Thread.State: WAITING (on object monitor)
        at sun.misc.Unsafe.park(Native Method)
        at java.util.concurrent.locks.LockSupport.park(LockSupport.java:175)
        at java.util.concurrent.locks.AbstractQueuedSynchronizer$ConditionObject.await(AbstractQueuedSynchronizer.java:2039)
        at java.util.concurrent.ScheduledThreadPoolExecutor$DelayedWorkQueue.take(ScheduledThreadPoolExecutor.java:1088)
        at java.util.concurrent.ScheduledThreadPoolExecutor$DelayedWorkQueue.take(ScheduledThreadPoolExecutor.java:809)
        at java.util.concurrent.ThreadPoolExecutor.getTask(ThreadPoolExecutor.java:1074)
        at java.util.concurrent.ThreadPoolExecutor.runWorker(ThreadPoolExecutor.java:1134)
        at java.util.concurrent.ThreadPoolExecutor$Worker.run(ThreadPoolExecutor.java:624)
        at java.lang.Thread.run(Thread.java:750)
"3fb99649-c87f-4cc9-b3d9-f5c572ff189c-DatanodeStateMachineDaemonThread" daemon prio=5 tid=295 timed_waiting
java.lang.Thread.State: TIMED_WAITING
        at java.lang.Thread.sleep(Native Method)
        at org.apache.hadoop.ozone.container.common.statemachine.DatanodeStateMachine.startStateMachineThread(DatanodeStateMachine.java:369)
        at org.apache.hadoop.ozone.container.common.statemachine.DatanodeStateMachine.lambda$startDaemon$1(DatanodeStateMachine.java:556)
        at org.apache.hadoop.ozone.container.common.statemachine.DatanodeStateMachine$$Lambda$1023/888481372.run(Unknown Source)
        at java.lang.Thread.run(Thread.java:750)
"Socket Reader #1 for port 15001"  prio=5 tid=31 runnable
java.lang.Thread.State: RUNNABLE
        at sun.nio.ch.EPollArrayWrapper.epollWait(Native Method)
        at sun.nio.ch.EPollArrayWrapper.poll(EPollArrayWrapper.java:269)
        at sun.nio.ch.EPollSelectorImpl.doSelect(EPollSelectorImpl.java:93)
        at sun.nio.ch.SelectorImpl.lockAndDoSelect(SelectorImpl.java:86)
        at sun.nio.ch.SelectorImpl.select(SelectorImpl.java:97)
        at sun.nio.ch.SelectorImpl.select(SelectorImpl.java:101)
        at org.apache.hadoop.ipc.Server$Listener$Reader.doRunLoop(Server.java:1346)
        at org.apache.hadoop.ipc.Server$Listener$Reader.run(Server.java:1325)
"55507c8a-594d-4e25-909f-8d2832294c55-DatanodeStateMachineTaskThread-0"  prio=5 tid=1184 in Object.wait()
java.lang.Thread.State: WAITING (on object monitor)
        at sun.misc.Unsafe.park(Native Method)
        at java.util.concurrent.locks.LockSupport.park(LockSupport.java:175)
        at java.util.concurrent.locks.AbstractQueuedSynchronizer$ConditionObject.await(AbstractQueuedSynchronizer.java:2039)
        at java.util.concurrent.LinkedBlockingQueue.take(LinkedBlockingQueue.java:442)
        at java.util.concurrent.ThreadPoolExecutor.getTask(ThreadPoolExecutor.java:1074)
        at java.util.concurrent.ThreadPoolExecutor.runWorker(ThreadPoolExecutor.java:1134)
        at java.util.concurrent.ThreadPoolExecutor$Worker.run(ThreadPoolExecutor.java:624)
        at java.lang.Thread.run(Thread.java:750)
"qtp1663850432-1163-acceptor-0@7ebddc1a-ServerConnector@4468880e{HTTP/1.1, (http/1.1)}{0.0.0.0:15081}" daemon prio=3 tid=1163 runnable
java.lang.Thread.State: RUNNABLE
        at sun.nio.ch.ServerSocketChannelImpl.accept0(Native Method)
        at sun.nio.ch.ServerSocketChannelImpl.accept(ServerSocketChannelImpl.java:421)
        at sun.nio.ch.ServerSocketChannelImpl.accept(ServerSocketChannelImpl.java:249)
        at org.eclipse.jetty.server.ServerConnector.accept(ServerConnector.java:388)
        at org.eclipse.jetty.server.AbstractConnector$Acceptor.run(AbstractConnector.java:704)
        at org.eclipse.jetty.util.thread.QueuedThreadPool.runJob(QueuedThreadPool.java:883)
        at org.eclipse.jetty.util.thread.QueuedThreadPool$Runner.run(QueuedThreadPool.java:1034)
        at java.lang.Thread.run(Thread.java:750)
"Socket Reader #1 for port 15037"  prio=5 tid=290 runnable
java.lang.Thread.State: RUNNABLE
        at sun.nio.ch.EPollArrayWrapper.epollWait(Native Method)
        at sun.nio.ch.EPollArrayWrapper.poll(EPollArrayWrapper.java:269)
        at sun.nio.ch.EPollSelectorImpl.doSelect(EPollSelectorImpl.java:93)
        at sun.nio.ch.SelectorImpl.lockAndDoSelect(SelectorImpl.java:86)
        at sun.nio.ch.SelectorImpl.select(SelectorImpl.java:97)
        at sun.nio.ch.SelectorImpl.select(SelectorImpl.java:101)
        at org.apache.hadoop.ipc.Server$Listener$Reader.doRunLoop(Server.java:1346)
        at org.apache.hadoop.ipc.Server$Listener$Reader.run(Server.java:1325)
"IPC Server handler 10 on default port 15004" daemon prio=5 tid=175 timed_waiting
java.lang.Thread.State: TIMED_WAITING
        at sun.misc.Unsafe.park(Native Method)
        at java.util.concurrent.locks.LockSupport.parkNanos(LockSupport.java:215)
        at java.util.concurrent.locks.AbstractQueuedSynchronizer$ConditionObject.awaitNanos(AbstractQueuedSynchronizer.java:2078)
        at java.util.concurrent.LinkedBlockingQueue.poll(LinkedBlockingQueue.java:467)
        at org.apache.hadoop.ipc.CallQueueManager.take(CallQueueManager.java:317)
        at org.apache.hadoop.ipc.Server$Handler.run(Server.java:3014)
"IPC Server handler 17 on default port 15002" daemon prio=5 tid=108 timed_waiting
java.lang.Thread.State: TIMED_WAITING
        at sun.misc.Unsafe.park(Native Method)
        at java.util.concurrent.locks.LockSupport.parkNanos(LockSupport.java:215)
        at java.util.concurrent.locks.AbstractQueuedSynchronizer$ConditionObject.awaitNanos(AbstractQueuedSynchronizer.java:2078)
        at java.util.concurrent.LinkedBlockingQueue.poll(LinkedBlockingQueue.java:467)
        at org.apache.hadoop.ipc.CallQueueManager.take(CallQueueManager.java:317)
        at org.apache.hadoop.ipc.Server$Handler.run(Server.java:3014)
"94422c73-384a-4d9a-a15d-46d9f5b840aa-NettyServerStreamRpc-bossGroup--thread1"  prio=5 tid=189 runnable
java.lang.Thread.State: RUNNABLE
        at sun.nio.ch.EPollArrayWrapper.epollWait(Native Method)
        at sun.nio.ch.EPollArrayWrapper.poll(EPollArrayWrapper.java:269)
        at sun.nio.ch.EPollSelectorImpl.doSelect(EPollSelectorImpl.java:93)
        at sun.nio.ch.SelectorImpl.lockAndDoSelect(SelectorImpl.java:86)
        at sun.nio.ch.SelectorImpl.select(SelectorImpl.java:97)
        at sun.nio.ch.SelectorImpl.select(SelectorImpl.java:101)
        at org.apache.ratis.thirdparty.io.netty.channel.nio.SelectedSelectionKeySetSelector.select(SelectedSelectionKeySetSelector.java:68)
        at org.apache.ratis.thirdparty.io.netty.channel.nio.NioEventLoop.select(NioEventLoop.java:879)
        at org.apache.ratis.thirdparty.io.netty.channel.nio.NioEventLoop.run(NioEventLoop.java:526)
        at org.apache.ratis.thirdparty.io.netty.util.concurrent.SingleThreadEventExecutor$4.run(SingleThreadEventExecutor.java:997)
        at org.apache.ratis.thirdparty.io.netty.util.internal.ThreadExecutorMap$2.run(ThreadExecutorMap.java:74)
        at java.lang.Thread.run(Thread.java:750)
"prometheus" daemon prio=5 tid=124 in Object.wait()
java.lang.Thread.State: WAITING (on object monitor)
        at java.lang.Object.wait(Native Method)
        at java.lang.Object.wait(Object.java:502)
        at org.apache.hadoop.metrics2.impl.SinkQueue.waitForData(SinkQueue.java:114)
        at org.apache.hadoop.metrics2.impl.SinkQueue.consumeAll(SinkQueue.java:83)
        at org.apache.hadoop.metrics2.impl.MetricsSinkAdapter.publishMetricsFromQueue(MetricsSinkAdapter.java:135)
        at org.apache.hadoop.metrics2.impl.MetricsSinkAdapter$1.run(MetricsSinkAdapter.java:89)
"qtp165147466-283" daemon prio=5 tid=283 timed_waiting
java.lang.Thread.State: TIMED_WAITING
        at sun.misc.Unsafe.park(Native Method)
        at java.util.concurrent.locks.LockSupport.parkNanos(LockSupport.java:215)
        at java.util.concurrent.locks.AbstractQueuedSynchronizer$ConditionObject.awaitNanos(AbstractQueuedSynchronizer.java:2078)
        at org.eclipse.jetty.util.BlockingArrayQueue.poll(BlockingArrayQueue.java:382)
        at org.eclipse.jetty.util.thread.QueuedThreadPool$Runner.idleJobPoll(QueuedThreadPool.java:974)
        at org.eclipse.jetty.util.thread.QueuedThreadPool$Runner.run(QueuedThreadPool.java:1018)
        at java.lang.Thread.run(Thread.java:750)
"66ee3698-ded8-430f-8ecd-27f356af6e45-NettyServerStreamRpc-bossGroup--thread1"  prio=5 tid=247 runnable
java.lang.Thread.State: RUNNABLE
        at sun.nio.ch.EPollArrayWrapper.epollWait(Native Method)
        at sun.nio.ch.EPollArrayWrapper.poll(EPollArrayWrapper.java:269)
        at sun.nio.ch.EPollSelectorImpl.doSelect(EPollSelectorImpl.java:93)
        at sun.nio.ch.SelectorImpl.lockAndDoSelect(SelectorImpl.java:86)
        at sun.nio.ch.SelectorImpl.select(SelectorImpl.java:97)
        at sun.nio.ch.SelectorImpl.select(SelectorImpl.java:101)
        at org.apache.ratis.thirdparty.io.netty.channel.nio.SelectedSelectionKeySetSelector.select(SelectedSelectionKeySetSelector.java:68)
        at org.apache.ratis.thirdparty.io.netty.channel.nio.NioEventLoop.select(NioEventLoop.java:879)
        at org.apache.ratis.thirdparty.io.netty.channel.nio.NioEventLoop.run(NioEventLoop.java:526)
        at org.apache.ratis.thirdparty.io.netty.util.concurrent.SingleThreadEventExecutor$4.run(SingleThreadEventExecutor.java:997)
        at org.apache.ratis.thirdparty.io.netty.util.internal.ThreadExecutorMap$2.run(ThreadExecutorMap.java:74)
        at java.lang.Thread.run(Thread.java:750)
"StaleRecoveringContainerScrubbingService#7" daemon prio=5 tid=1485 in Object.wait()
java.lang.Thread.State: WAITING (on object monitor)
        at sun.misc.Unsafe.park(Native Method)
        at java.util.concurrent.locks.LockSupport.park(LockSupport.java:175)
        at java.util.concurrent.locks.AbstractQueuedSynchronizer$ConditionObject.await(AbstractQueuedSynchronizer.java:2039)
        at java.util.concurrent.ScheduledThreadPoolExecutor$DelayedWorkQueue.take(ScheduledThreadPoolExecutor.java:1088)
        at java.util.concurrent.ScheduledThreadPoolExecutor$DelayedWorkQueue.take(ScheduledThreadPoolExecutor.java:809)
        at java.util.concurrent.ThreadPoolExecutor.getTask(ThreadPoolExecutor.java:1074)
        at java.util.concurrent.ThreadPoolExecutor.runWorker(ThreadPoolExecutor.java:1134)
        at java.util.concurrent.ThreadPoolExecutor$Worker.run(ThreadPoolExecutor.java:624)
        at java.lang.Thread.run(Thread.java:750)
"grpc-default-executor-5" daemon prio=5 tid=800 timed_waiting
java.lang.Thread.State: TIMED_WAITING
        at sun.misc.Unsafe.park(Native Method)
        at java.util.concurrent.locks.LockSupport.parkNanos(LockSupport.java:215)
        at java.util.concurrent.SynchronousQueue$TransferStack.awaitFulfill(SynchronousQueue.java:460)
        at java.util.concurrent.SynchronousQueue$TransferStack.transfer(SynchronousQueue.java:362)
        at java.util.concurrent.SynchronousQueue.poll(SynchronousQueue.java:941)
        at java.util.concurrent.ThreadPoolExecutor.getTask(ThreadPoolExecutor.java:1073)
        at java.util.concurrent.ThreadPoolExecutor.runWorker(ThreadPoolExecutor.java:1134)
        at java.util.concurrent.ThreadPoolExecutor$Worker.run(ThreadPoolExecutor.java:624)
        at java.lang.Thread.run(Thread.java:750)
"3fb99649-c87f-4cc9-b3d9-f5c572ff189c-NettyServerStreamRpc-bossGroup--thread1"  prio=5 tid=276 runnable
java.lang.Thread.State: RUNNABLE
        at sun.nio.ch.EPollArrayWrapper.epollWait(Native Method)
        at sun.nio.ch.EPollArrayWrapper.poll(EPollArrayWrapper.java:269)
        at sun.nio.ch.EPollSelectorImpl.doSelect(EPollSelectorImpl.java:93)
        at sun.nio.ch.SelectorImpl.lockAndDoSelect(SelectorImpl.java:86)
        at sun.nio.ch.SelectorImpl.select(SelectorImpl.java:97)
        at sun.nio.ch.SelectorImpl.select(SelectorImpl.java:101)
        at org.apache.ratis.thirdparty.io.netty.channel.nio.SelectedSelectionKeySetSelector.select(SelectedSelectionKeySetSelector.java:68)
        at org.apache.ratis.thirdparty.io.netty.channel.nio.NioEventLoop.select(NioEventLoop.java:879)
        at org.apache.ratis.thirdparty.io.netty.channel.nio.NioEventLoop.run(NioEventLoop.java:526)
        at org.apache.ratis.thirdparty.io.netty.util.concurrent.SingleThreadEventExecutor$4.run(SingleThreadEventExecutor.java:997)
        at org.apache.ratis.thirdparty.io.netty.util.internal.ThreadExecutorMap$2.run(ThreadExecutorMap.java:74)
        at java.lang.Thread.run(Thread.java:750)
"66ee3698-ded8-430f-8ecd-27f356af6e45-ChunkWriter-3-0" daemon prio=5 tid=517 in Object.wait()
java.lang.Thread.State: WAITING (on object monitor)
        at sun.misc.Unsafe.park(Native Method)
        at java.util.concurrent.locks.LockSupport.park(LockSupport.java:175)
        at java.util.concurrent.locks.AbstractQueuedSynchronizer$ConditionObject.await(AbstractQueuedSynchronizer.java:2039)
        at java.util.concurrent.LinkedBlockingDeque.takeFirst(LinkedBlockingDeque.java:492)
        at java.util.concurrent.LinkedBlockingDeque.take(LinkedBlockingDeque.java:680)
        at java.util.concurrent.ThreadPoolExecutor.getTask(ThreadPoolExecutor.java:1074)
        at java.util.concurrent.ThreadPoolExecutor.runWorker(ThreadPoolExecutor.java:1134)
        at java.util.concurrent.ThreadPoolExecutor$Worker.run(ThreadPoolExecutor.java:624)
        at java.lang.Thread.run(Thread.java:750)
"IPC Server handler 1 on default port 15001" daemon prio=5 tid=72 timed_waiting
java.lang.Thread.State: TIMED_WAITING
        at sun.misc.Unsafe.park(Native Method)
        at java.util.concurrent.locks.LockSupport.parkNanos(LockSupport.java:215)
        at java.util.concurrent.locks.AbstractQueuedSynchronizer$ConditionObject.awaitNanos(AbstractQueuedSynchronizer.java:2078)
        at java.util.concurrent.LinkedBlockingQueue.poll(LinkedBlockingQueue.java:467)
        at org.apache.hadoop.ipc.CallQueueManager.take(CallQueueManager.java:317)
        at org.apache.hadoop.ipc.Server$Handler.run(Server.java:3014)
"f612f2cf-90dc-41dc-bf39-cf028d38c484-ChunkReader-6" daemon prio=5 tid=1139 in Object.wait()
java.lang.Thread.State: WAITING (on object monitor)
        at sun.misc.Unsafe.park(Native Method)
        at java.util.concurrent.locks.LockSupport.park(LockSupport.java:175)
        at java.util.concurrent.locks.AbstractQueuedSynchronizer$ConditionObject.await(AbstractQueuedSynchronizer.java:2039)
        at java.util.concurrent.LinkedBlockingQueue.take(LinkedBlockingQueue.java:442)
        at java.util.concurrent.ThreadPoolExecutor.getTask(ThreadPoolExecutor.java:1074)
        at java.util.concurrent.ThreadPoolExecutor.runWorker(ThreadPoolExecutor.java:1134)
        at java.util.concurrent.ThreadPoolExecutor$Worker.run(ThreadPoolExecutor.java:624)
        at java.lang.Thread.run(Thread.java:750)
"Signal Dispatcher" daemon prio=9 tid=4 runnable
java.lang.Thread.State: RUNNABLE
"5b9beb6f-d596-489f-8a17-e362b772df82-ChunkReader-1" daemon prio=5 tid=1037 in Object.wait()
java.lang.Thread.State: WAITING (on object monitor)
        at sun.misc.Unsafe.park(Native Method)
        at java.util.concurrent.locks.LockSupport.park(LockSupport.java:175)
        at java.util.concurrent.locks.AbstractQueuedSynchronizer$ConditionObject.await(AbstractQueuedSynchronizer.java:2039)
        at java.util.concurrent.LinkedBlockingQueue.take(LinkedBlockingQueue.java:442)
        at java.util.concurrent.ThreadPoolExecutor.getTask(ThreadPoolExecutor.java:1074)
        at java.util.concurrent.ThreadPoolExecutor.runWorker(ThreadPoolExecutor.java:1134)
        at java.util.concurrent.ThreadPoolExecutor$Worker.run(ThreadPoolExecutor.java:624)
        at java.lang.Thread.run(Thread.java:750)
"StaleRecoveringContainerScrubbingService#0" daemon prio=5 tid=483 in Object.wait()
java.lang.Thread.State: WAITING (on object monitor)
        at sun.misc.Unsafe.park(Native Method)
        at java.util.concurrent.locks.LockSupport.park(LockSupport.java:175)
        at java.util.concurrent.locks.AbstractQueuedSynchronizer$ConditionObject.await(AbstractQueuedSynchronizer.java:2039)
        at java.util.concurrent.ScheduledThreadPoolExecutor$DelayedWorkQueue.take(ScheduledThreadPoolExecutor.java:1088)
        at java.util.concurrent.ScheduledThreadPoolExecutor$DelayedWorkQueue.take(ScheduledThreadPoolExecutor.java:809)
        at java.util.concurrent.ThreadPoolExecutor.getTask(ThreadPoolExecutor.java:1074)
        at java.util.concurrent.ThreadPoolExecutor.runWorker(ThreadPoolExecutor.java:1134)
        at java.util.concurrent.ThreadPoolExecutor$Worker.run(ThreadPoolExecutor.java:624)
        at java.lang.Thread.run(Thread.java:750)
"66ee3698-ded8-430f-8ecd-27f356af6e45-BlockDeletingService#3" daemon prio=5 tid=1496 in Object.wait()
java.lang.Thread.State: WAITING (on object monitor)
        at sun.misc.Unsafe.park(Native Method)
        at java.util.concurrent.locks.LockSupport.park(LockSupport.java:175)
        at java.util.concurrent.locks.AbstractQueuedSynchronizer$ConditionObject.await(AbstractQueuedSynchronizer.java:2039)
        at java.util.concurrent.ScheduledThreadPoolExecutor$DelayedWorkQueue.take(ScheduledThreadPoolExecutor.java:1088)
        at java.util.concurrent.ScheduledThreadPoolExecutor$DelayedWorkQueue.take(ScheduledThreadPoolExecutor.java:809)
        at java.util.concurrent.ThreadPoolExecutor.getTask(ThreadPoolExecutor.java:1074)
        at java.util.concurrent.ThreadPoolExecutor.runWorker(ThreadPoolExecutor.java:1134)
        at java.util.concurrent.ThreadPoolExecutor$Worker.run(ThreadPoolExecutor.java:624)
        at java.lang.Thread.run(Thread.java:750)
"StaleRecoveringContainerScrubbingService#0" daemon prio=5 tid=568 in Object.wait()
java.lang.Thread.State: WAITING (on object monitor)
        at sun.misc.Unsafe.park(Native Method)
        at java.util.concurrent.locks.LockSupport.park(LockSupport.java:175)
        at java.util.concurrent.locks.AbstractQueuedSynchronizer$ConditionObject.await(AbstractQueuedSynchronizer.java:2039)
        at java.util.concurrent.ScheduledThreadPoolExecutor$DelayedWorkQueue.take(ScheduledThreadPoolExecutor.java:1088)
        at java.util.concurrent.ScheduledThreadPoolExecutor$DelayedWorkQueue.take(ScheduledThreadPoolExecutor.java:809)
        at java.util.concurrent.ThreadPoolExecutor.getTask(ThreadPoolExecutor.java:1074)
        at java.util.concurrent.ThreadPoolExecutor.runWorker(ThreadPoolExecutor.java:1134)
        at java.util.concurrent.ThreadPoolExecutor$Worker.run(ThreadPoolExecutor.java:624)
        at java.lang.Thread.run(Thread.java:750)
"IPC Server handler 12 on default port 15000" daemon prio=5 tid=63 timed_waiting
java.lang.Thread.State: TIMED_WAITING
        at sun.misc.Unsafe.park(Native Method)
        at java.util.concurrent.locks.LockSupport.parkNanos(LockSupport.java:215)
        at java.util.concurrent.locks.AbstractQueuedSynchronizer$ConditionObject.awaitNanos(AbstractQueuedSynchronizer.java:2078)
        at java.util.concurrent.LinkedBlockingQueue.poll(LinkedBlockingQueue.java:467)
        at org.apache.hadoop.ipc.CallQueueManager.take(CallQueueManager.java:317)
        at org.apache.hadoop.ipc.Server$Handler.run(Server.java:3014)
"IPC Server handler 5 on default port 15004" daemon prio=5 tid=170 timed_waiting
java.lang.Thread.State: TIMED_WAITING
        at sun.misc.Unsafe.park(Native Method)
        at java.util.concurrent.locks.LockSupport.parkNanos(LockSupport.java:215)
        at java.util.concurrent.locks.AbstractQueuedSynchronizer$ConditionObject.awaitNanos(AbstractQueuedSynchronizer.java:2078)
        at java.util.concurrent.LinkedBlockingQueue.poll(LinkedBlockingQueue.java:467)
        at org.apache.hadoop.ipc.CallQueueManager.take(CallQueueManager.java:317)
        at org.apache.hadoop.ipc.Server$Handler.run(Server.java:3014)
"qtp1603462635-118" daemon prio=5 tid=118 timed_waiting
java.lang.Thread.State: TIMED_WAITING
        at sun.misc.Unsafe.park(Native Method)
        at java.util.concurrent.locks.LockSupport.parkNanos(LockSupport.java:215)
        at java.util.concurrent.locks.AbstractQueuedSynchronizer$ConditionObject.awaitNanos(AbstractQueuedSynchronizer.java:2078)
        at org.eclipse.jetty.util.BlockingArrayQueue.poll(BlockingArrayQueue.java:382)
        at org.eclipse.jetty.util.thread.QueuedThreadPool$Runner.idleJobPoll(QueuedThreadPool.java:974)
        at org.eclipse.jetty.util.thread.QueuedThreadPool$Runner.run(QueuedThreadPool.java:1018)
        at java.lang.Thread.run(Thread.java:750)
"IPC Server handler 1 on default port 15000" daemon prio=5 tid=52 timed_waiting
java.lang.Thread.State: TIMED_WAITING
        at sun.misc.Unsafe.park(Native Method)
        at java.util.concurrent.locks.LockSupport.parkNanos(LockSupport.java:215)
        at java.util.concurrent.locks.AbstractQueuedSynchronizer$ConditionObject.awaitNanos(AbstractQueuedSynchronizer.java:2078)
        at java.util.concurrent.LinkedBlockingQueue.poll(LinkedBlockingQueue.java:467)
        at org.apache.hadoop.ipc.CallQueueManager.take(CallQueueManager.java:317)
        at org.apache.hadoop.ipc.Server$Handler.run(Server.java:3014)
"IPC Server handler 18 on default port 15001" daemon prio=5 tid=89 timed_waiting
java.lang.Thread.State: TIMED_WAITING
        at sun.misc.Unsafe.park(Native Method)
        at java.util.concurrent.locks.LockSupport.parkNanos(LockSupport.java:215)
        at java.util.concurrent.locks.AbstractQueuedSynchronizer$ConditionObject.awaitNanos(AbstractQueuedSynchronizer.java:2078)
        at java.util.concurrent.LinkedBlockingQueue.poll(LinkedBlockingQueue.java:467)
        at org.apache.hadoop.ipc.CallQueueManager.take(CallQueueManager.java:317)
        at org.apache.hadoop.ipc.Server$Handler.run(Server.java:3014)
"f612f2cf-90dc-41dc-bf39-cf028d38c484-ChunkReader-3" daemon prio=5 tid=1128 in Object.wait()
java.lang.Thread.State: WAITING (on object monitor)
        at sun.misc.Unsafe.park(Native Method)
        at java.util.concurrent.locks.LockSupport.park(LockSupport.java:175)
        at java.util.concurrent.locks.AbstractQueuedSynchronizer$ConditionObject.await(AbstractQueuedSynchronizer.java:2039)
        at java.util.concurrent.LinkedBlockingQueue.take(LinkedBlockingQueue.java:442)
        at java.util.concurrent.ThreadPoolExecutor.getTask(ThreadPoolExecutor.java:1074)
        at java.util.concurrent.ThreadPoolExecutor.runWorker(ThreadPoolExecutor.java:1134)
        at java.util.concurrent.ThreadPoolExecutor$Worker.run(ThreadPoolExecutor.java:624)
        at java.lang.Thread.run(Thread.java:750)
"66ee3698-ded8-430f-8ecd-27f356af6e45@group-1D3807242C29-SegmentedRaftLogWorker"  prio=5 tid=667 timed_waiting
java.lang.Thread.State: TIMED_WAITING
        at sun.misc.Unsafe.park(Native Method)
        at java.util.concurrent.locks.LockSupport.parkNanos(LockSupport.java:215)
        at java.util.concurrent.locks.AbstractQueuedSynchronizer$ConditionObject.awaitNanos(AbstractQueuedSynchronizer.java:2078)
        at org.apache.ratis.util.DataBlockingQueue.poll(DataBlockingQueue.java:148)
        at org.apache.ratis.server.raftlog.segmented.SegmentedRaftLogWorker.run(SegmentedRaftLogWorker.java:307)
        at org.apache.ratis.server.raftlog.segmented.SegmentedRaftLogWorker$$Lambda$819/1928678273.run(Unknown Source)
        at java.util.concurrent.Executors$RunnableAdapter.call(Executors.java:511)
        at java.util.concurrent.FutureTask.run(FutureTask.java:266)
        at java.util.concurrent.ThreadPoolExecutor.runWorker(ThreadPoolExecutor.java:1149)
        at java.util.concurrent.ThreadPoolExecutor$Worker.run(ThreadPoolExecutor.java:624)
        at java.lang.Thread.run(Thread.java:750)
"pool-194-thread-1"  prio=5 tid=308 timed_waiting
java.lang.Thread.State: TIMED_WAITING
        at sun.misc.Unsafe.park(Native Method)
        at java.util.concurrent.locks.LockSupport.parkNanos(LockSupport.java:215)
        at java.util.concurrent.locks.AbstractQueuedSynchronizer$ConditionObject.awaitNanos(AbstractQueuedSynchronizer.java:2078)
        at java.util.concurrent.ScheduledThreadPoolExecutor$DelayedWorkQueue.take(ScheduledThreadPoolExecutor.java:1093)
        at java.util.concurrent.ScheduledThreadPoolExecutor$DelayedWorkQueue.take(ScheduledThreadPoolExecutor.java:809)
        at java.util.concurrent.ThreadPoolExecutor.getTask(ThreadPoolExecutor.java:1074)
        at java.util.concurrent.ThreadPoolExecutor.runWorker(ThreadPoolExecutor.java:1134)
        at java.util.concurrent.ThreadPoolExecutor$Worker.run(ThreadPoolExecutor.java:624)
        at java.lang.Thread.run(Thread.java:750)
"66ee3698-ded8-430f-8ecd-27f356af6e45@group-BA38D2037C1A-StateMachineUpdater" daemon prio=5 tid=665 timed_waiting
java.lang.Thread.State: TIMED_WAITING
        at sun.misc.Unsafe.park(Native Method)
        at java.util.concurrent.locks.LockSupport.parkNanos(LockSupport.java:215)
        at java.util.concurrent.locks.AbstractQueuedSynchronizer$ConditionObject.await(AbstractQueuedSynchronizer.java:2163)
        at org.apache.ratis.util.AwaitForSignal.await(AwaitForSignal.java:62)
        at org.apache.ratis.server.impl.StateMachineUpdater.waitForCommit(StateMachineUpdater.java:209)
        at org.apache.ratis.server.impl.StateMachineUpdater.run(StateMachineUpdater.java:178)
        at java.lang.Thread.run(Thread.java:750)
"5b9beb6f-d596-489f-8a17-e362b772df82@group-942E44EA8C16-SegmentedRaftLogWorker"  prio=5 tid=787 timed_waiting
java.lang.Thread.State: TIMED_WAITING
        at sun.misc.Unsafe.park(Native Method)
        at java.util.concurrent.locks.LockSupport.parkNanos(LockSupport.java:215)
        at java.util.concurrent.locks.AbstractQueuedSynchronizer$ConditionObject.awaitNanos(AbstractQueuedSynchronizer.java:2078)
        at org.apache.ratis.util.DataBlockingQueue.poll(DataBlockingQueue.java:148)
        at org.apache.ratis.server.raftlog.segmented.SegmentedRaftLogWorker.run(SegmentedRaftLogWorker.java:307)
        at org.apache.ratis.server.raftlog.segmented.SegmentedRaftLogWorker$$Lambda$819/1928678273.run(Unknown Source)
        at java.util.concurrent.Executors$RunnableAdapter.call(Executors.java:511)
        at java.util.concurrent.FutureTask.run(FutureTask.java:266)
        at java.util.concurrent.ThreadPoolExecutor.runWorker(ThreadPoolExecutor.java:1149)
        at java.util.concurrent.ThreadPoolExecutor$Worker.run(ThreadPoolExecutor.java:624)
        at java.lang.Thread.run(Thread.java:750)
"3fb99649-c87f-4cc9-b3d9-f5c572ff189c-server-thread3" daemon prio=5 tid=1016 timed_waiting
java.lang.Thread.State: TIMED_WAITING
        at sun.misc.Unsafe.park(Native Method)
        at java.util.concurrent.locks.LockSupport.parkNanos(LockSupport.java:215)
        at java.util.concurrent.SynchronousQueue$TransferStack.awaitFulfill(SynchronousQueue.java:460)
        at java.util.concurrent.SynchronousQueue$TransferStack.transfer(SynchronousQueue.java:362)
        at java.util.concurrent.SynchronousQueue.poll(SynchronousQueue.java:941)
        at java.util.concurrent.ThreadPoolExecutor.getTask(ThreadPoolExecutor.java:1073)
        at java.util.concurrent.ThreadPoolExecutor.runWorker(ThreadPoolExecutor.java:1134)
        at java.util.concurrent.ThreadPoolExecutor$Worker.run(ThreadPoolExecutor.java:624)
        at java.lang.Thread.run(Thread.java:750)
"StaleRecoveringContainerScrubbingService#1" daemon prio=5 tid=605 in Object.wait()
java.lang.Thread.State: WAITING (on object monitor)
        at sun.misc.Unsafe.park(Native Method)
        at java.util.concurrent.locks.LockSupport.park(LockSupport.java:175)
        at java.util.concurrent.locks.AbstractQueuedSynchronizer$ConditionObject.await(AbstractQueuedSynchronizer.java:2039)
        at java.util.concurrent.ScheduledThreadPoolExecutor$DelayedWorkQueue.take(ScheduledThreadPoolExecutor.java:1088)
        at java.util.concurrent.ScheduledThreadPoolExecutor$DelayedWorkQueue.take(ScheduledThreadPoolExecutor.java:809)
        at java.util.concurrent.ThreadPoolExecutor.getTask(ThreadPoolExecutor.java:1074)
        at java.util.concurrent.ThreadPoolExecutor.runWorker(ThreadPoolExecutor.java:1134)
        at java.util.concurrent.ThreadPoolExecutor$Worker.run(ThreadPoolExecutor.java:624)
        at java.lang.Thread.run(Thread.java:750)
"23554148-3e4d-431f-a73e-f2401dbff1d4-NettyServerStreamRpc-bossGroup--thread1"  prio=5 tid=334 runnable
java.lang.Thread.State: RUNNABLE
        at sun.nio.ch.EPollArrayWrapper.epollWait(Native Method)
        at sun.nio.ch.EPollArrayWrapper.poll(EPollArrayWrapper.java:269)
        at sun.nio.ch.EPollSelectorImpl.doSelect(EPollSelectorImpl.java:93)
        at sun.nio.ch.SelectorImpl.lockAndDoSelect(SelectorImpl.java:86)
        at sun.nio.ch.SelectorImpl.select(SelectorImpl.java:97)
        at sun.nio.ch.SelectorImpl.select(SelectorImpl.java:101)
        at org.apache.ratis.thirdparty.io.netty.channel.nio.SelectedSelectionKeySetSelector.select(SelectedSelectionKeySetSelector.java:68)
        at org.apache.ratis.thirdparty.io.netty.channel.nio.NioEventLoop.select(NioEventLoop.java:879)
        at org.apache.ratis.thirdparty.io.netty.channel.nio.NioEventLoop.run(NioEventLoop.java:526)
        at org.apache.ratis.thirdparty.io.netty.util.concurrent.SingleThreadEventExecutor$4.run(SingleThreadEventExecutor.java:997)
        at org.apache.ratis.thirdparty.io.netty.util.internal.ThreadExecutorMap$2.run(ThreadExecutorMap.java:74)
        at java.lang.Thread.run(Thread.java:750)
"0ef615e1-91db-4ede-b924-53e2d320f02d-DatanodeReportManager-4" daemon prio=5 tid=242 timed_waiting
java.lang.Thread.State: TIMED_WAITING
        at sun.misc.Unsafe.park(Native Method)
        at java.util.concurrent.locks.LockSupport.parkNanos(LockSupport.java:215)
        at java.util.concurrent.locks.AbstractQueuedSynchronizer$ConditionObject.awaitNanos(AbstractQueuedSynchronizer.java:2078)
        at java.util.concurrent.ScheduledThreadPoolExecutor$DelayedWorkQueue.take(ScheduledThreadPoolExecutor.java:1093)
        at java.util.concurrent.ScheduledThreadPoolExecutor$DelayedWorkQueue.take(ScheduledThreadPoolExecutor.java:809)
        at java.util.concurrent.ThreadPoolExecutor.getTask(ThreadPoolExecutor.java:1074)
        at java.util.concurrent.ThreadPoolExecutor.runWorker(ThreadPoolExecutor.java:1134)
        at java.util.concurrent.ThreadPoolExecutor$Worker.run(ThreadPoolExecutor.java:624)
        at java.lang.Thread.run(Thread.java:750)
"0ef615e1-91db-4ede-b924-53e2d320f02d@group-DB510C58C202-LeaderStateImpl" daemon prio=5 tid=879 timed_waiting
java.lang.Thread.State: TIMED_WAITING
        at sun.misc.Unsafe.park(Native Method)
        at java.util.concurrent.locks.LockSupport.parkNanos(LockSupport.java:215)
        at java.util.concurrent.locks.AbstractQueuedSynchronizer$ConditionObject.awaitNanos(AbstractQueuedSynchronizer.java:2078)
        at java.util.concurrent.ArrayBlockingQueue.poll(ArrayBlockingQueue.java:418)
        at org.apache.ratis.server.impl.LeaderStateImpl$EventQueue.poll(LeaderStateImpl.java:164)
        at org.apache.ratis.server.impl.LeaderStateImpl$EventProcessor.run(LeaderStateImpl.java:702)
"StaleRecoveringContainerScrubbingService#5" daemon prio=5 tid=1217 in Object.wait()
java.lang.Thread.State: WAITING (on object monitor)
        at sun.misc.Unsafe.park(Native Method)
        at java.util.concurrent.locks.LockSupport.park(LockSupport.java:175)
        at java.util.concurrent.locks.AbstractQueuedSynchronizer$ConditionObject.await(AbstractQueuedSynchronizer.java:2039)
        at java.util.concurrent.ScheduledThreadPoolExecutor$DelayedWorkQueue.take(ScheduledThreadPoolExecutor.java:1088)
        at java.util.concurrent.ScheduledThreadPoolExecutor$DelayedWorkQueue.take(ScheduledThreadPoolExecutor.java:809)
        at java.util.concurrent.ThreadPoolExecutor.getTask(ThreadPoolExecutor.java:1074)
        at java.util.concurrent.ThreadPoolExecutor.runWorker(ThreadPoolExecutor.java:1134)
        at java.util.concurrent.ThreadPoolExecutor$Worker.run(ThreadPoolExecutor.java:624)
        at java.lang.Thread.run(Thread.java:750)
"IPC Server handler 12 on default port 15002" daemon prio=5 tid=103 timed_waiting
java.lang.Thread.State: TIMED_WAITING
        at sun.misc.Unsafe.park(Native Method)
        at java.util.concurrent.locks.LockSupport.parkNanos(LockSupport.java:215)
        at java.util.concurrent.locks.AbstractQueuedSynchronizer$ConditionObject.awaitNanos(AbstractQueuedSynchronizer.java:2078)
        at java.util.concurrent.LinkedBlockingQueue.poll(LinkedBlockingQueue.java:467)
        at org.apache.hadoop.ipc.CallQueueManager.take(CallQueueManager.java:317)
        at org.apache.hadoop.ipc.Server$Handler.run(Server.java:3014)
"94422c73-384a-4d9a-a15d-46d9f5b840aa@group-1D3807242C29-StateMachineUpdater" daemon prio=5 tid=648 timed_waiting
java.lang.Thread.State: TIMED_WAITING
        at sun.misc.Unsafe.park(Native Method)
        at java.util.concurrent.locks.LockSupport.parkNanos(LockSupport.java:215)
        at java.util.concurrent.locks.AbstractQueuedSynchronizer$ConditionObject.await(AbstractQueuedSynchronizer.java:2163)
        at org.apache.ratis.util.AwaitForSignal.await(AwaitForSignal.java:62)
        at org.apache.ratis.server.impl.StateMachineUpdater.waitForCommit(StateMachineUpdater.java:209)
        at org.apache.ratis.server.impl.StateMachineUpdater.run(StateMachineUpdater.java:178)
        at java.lang.Thread.run(Thread.java:750)
"pool-168-thread-1"  prio=5 tid=279 timed_waiting
java.lang.Thread.State: TIMED_WAITING
        at sun.misc.Unsafe.park(Native Method)
        at java.util.concurrent.locks.LockSupport.parkNanos(LockSupport.java:215)
        at java.util.concurrent.locks.AbstractQueuedSynchronizer$ConditionObject.awaitNanos(AbstractQueuedSynchronizer.java:2078)
        at java.util.concurrent.ScheduledThreadPoolExecutor$DelayedWorkQueue.take(ScheduledThreadPoolExecutor.java:1093)
        at java.util.concurrent.ScheduledThreadPoolExecutor$DelayedWorkQueue.take(ScheduledThreadPoolExecutor.java:809)
        at java.util.concurrent.ThreadPoolExecutor.getTask(ThreadPoolExecutor.java:1074)
        at java.util.concurrent.ThreadPoolExecutor.runWorker(ThreadPoolExecutor.java:1134)
        at java.util.concurrent.ThreadPoolExecutor$Worker.run(ThreadPoolExecutor.java:624)
        at java.lang.Thread.run(Thread.java:750)
"0ef615e1-91db-4ede-b924-53e2d320f02d-ChunkWriter-2-0" daemon prio=5 tid=474 in Object.wait()
java.lang.Thread.State: WAITING (on object monitor)
        at sun.misc.Unsafe.park(Native Method)
        at java.util.concurrent.locks.LockSupport.park(LockSupport.java:175)
        at java.util.concurrent.locks.AbstractQueuedSynchronizer$ConditionObject.await(AbstractQueuedSynchronizer.java:2039)
        at java.util.concurrent.LinkedBlockingDeque.takeFirst(LinkedBlockingDeque.java:492)
        at java.util.concurrent.LinkedBlockingDeque.take(LinkedBlockingDeque.java:680)
        at java.util.concurrent.ThreadPoolExecutor.getTask(ThreadPoolExecutor.java:1074)
        at java.util.concurrent.ThreadPoolExecutor.runWorker(ThreadPoolExecutor.java:1134)
        at java.util.concurrent.ThreadPoolExecutor$Worker.run(ThreadPoolExecutor.java:624)
        at java.lang.Thread.run(Thread.java:750)
"5b9beb6f-d596-489f-8a17-e362b772df82-ChunkReader-2" daemon prio=5 tid=1044 in Object.wait()
java.lang.Thread.State: WAITING (on object monitor)
        at sun.misc.Unsafe.park(Native Method)
        at java.util.concurrent.locks.LockSupport.park(LockSupport.java:175)
        at java.util.concurrent.locks.AbstractQueuedSynchronizer$ConditionObject.await(AbstractQueuedSynchronizer.java:2039)
        at java.util.concurrent.LinkedBlockingQueue.take(LinkedBlockingQueue.java:442)
        at java.util.concurrent.ThreadPoolExecutor.getTask(ThreadPoolExecutor.java:1074)
        at java.util.concurrent.ThreadPoolExecutor.runWorker(ThreadPoolExecutor.java:1134)
        at java.util.concurrent.ThreadPoolExecutor$Worker.run(ThreadPoolExecutor.java:624)
        at java.lang.Thread.run(Thread.java:750)
"f612f2cf-90dc-41dc-bf39-cf028d38c484-ChunkReader-5" daemon prio=5 tid=1130 in Object.wait()
java.lang.Thread.State: WAITING (on object monitor)
        at sun.misc.Unsafe.park(Native Method)
        at java.util.concurrent.locks.LockSupport.park(LockSupport.java:175)
        at java.util.concurrent.locks.AbstractQueuedSynchronizer$ConditionObject.await(AbstractQueuedSynchronizer.java:2039)
        at java.util.concurrent.LinkedBlockingQueue.take(LinkedBlockingQueue.java:442)
        at java.util.concurrent.ThreadPoolExecutor.getTask(ThreadPoolExecutor.java:1074)
        at java.util.concurrent.ThreadPoolExecutor.runWorker(ThreadPoolExecutor.java:1134)
        at java.util.concurrent.ThreadPoolExecutor$Worker.run(ThreadPoolExecutor.java:624)
        at java.lang.Thread.run(Thread.java:750)
"66ee3698-ded8-430f-8ecd-27f356af6e45-ChunkReader-2" daemon prio=5 tid=1149 in Object.wait()
java.lang.Thread.State: WAITING (on object monitor)
        at sun.misc.Unsafe.park(Native Method)
        at java.util.concurrent.locks.LockSupport.park(LockSupport.java:175)
        at java.util.concurrent.locks.AbstractQueuedSynchronizer$ConditionObject.await(AbstractQueuedSynchronizer.java:2039)
        at java.util.concurrent.LinkedBlockingQueue.take(LinkedBlockingQueue.java:442)
        at java.util.concurrent.ThreadPoolExecutor.getTask(ThreadPoolExecutor.java:1074)
        at java.util.concurrent.ThreadPoolExecutor.runWorker(ThreadPoolExecutor.java:1134)
        at java.util.concurrent.ThreadPoolExecutor$Worker.run(ThreadPoolExecutor.java:624)
        at java.lang.Thread.run(Thread.java:750)
"StaleRecoveringContainerScrubbingService#3" daemon prio=5 tid=1100 in Object.wait()
java.lang.Thread.State: WAITING (on object monitor)
        at sun.misc.Unsafe.park(Native Method)
        at java.util.concurrent.locks.LockSupport.park(LockSupport.java:175)
        at java.util.concurrent.locks.AbstractQueuedSynchronizer$ConditionObject.await(AbstractQueuedSynchronizer.java:2039)
        at java.util.concurrent.ScheduledThreadPoolExecutor$DelayedWorkQueue.take(ScheduledThreadPoolExecutor.java:1088)
        at java.util.concurrent.ScheduledThreadPoolExecutor$DelayedWorkQueue.take(ScheduledThreadPoolExecutor.java:809)
        at java.util.concurrent.ThreadPoolExecutor.getTask(ThreadPoolExecutor.java:1074)
        at java.util.concurrent.ThreadPoolExecutor.runWorker(ThreadPoolExecutor.java:1134)
        at java.util.concurrent.ThreadPoolExecutor$Worker.run(ThreadPoolExecutor.java:624)
        at java.lang.Thread.run(Thread.java:750)
"1407d0d1-39ba-4bc0-b697-1e16e43cd838-ChunkReader-6" daemon prio=5 tid=1491 in Object.wait()
java.lang.Thread.State: WAITING (on object monitor)
        at sun.misc.Unsafe.park(Native Method)
        at java.util.concurrent.locks.LockSupport.park(LockSupport.java:175)
        at java.util.concurrent.locks.AbstractQueuedSynchronizer$ConditionObject.await(AbstractQueuedSynchronizer.java:2039)
        at java.util.concurrent.LinkedBlockingQueue.take(LinkedBlockingQueue.java:442)
        at java.util.concurrent.ThreadPoolExecutor.getTask(ThreadPoolExecutor.java:1074)
        at java.util.concurrent.ThreadPoolExecutor.runWorker(ThreadPoolExecutor.java:1134)
        at java.util.concurrent.ThreadPoolExecutor$Worker.run(ThreadPoolExecutor.java:624)
        at java.lang.Thread.run(Thread.java:750)
"5b9beb6f-d596-489f-8a17-e362b772df82-DatanodeReportManager-4" daemon prio=5 tid=511 in Object.wait()
java.lang.Thread.State: WAITING (on object monitor)
        at sun.misc.Unsafe.park(Native Method)
        at java.util.concurrent.locks.LockSupport.park(LockSupport.java:175)
        at java.util.concurrent.locks.AbstractQueuedSynchronizer$ConditionObject.await(AbstractQueuedSynchronizer.java:2039)
        at java.util.concurrent.ScheduledThreadPoolExecutor$DelayedWorkQueue.take(ScheduledThreadPoolExecutor.java:1088)
        at java.util.concurrent.ScheduledThreadPoolExecutor$DelayedWorkQueue.take(ScheduledThreadPoolExecutor.java:809)
        at java.util.concurrent.ThreadPoolExecutor.getTask(ThreadPoolExecutor.java:1074)
        at java.util.concurrent.ThreadPoolExecutor.runWorker(ThreadPoolExecutor.java:1134)
        at java.util.concurrent.ThreadPoolExecutor$Worker.run(ThreadPoolExecutor.java:624)
        at java.lang.Thread.run(Thread.java:750)
"Hadoop-Metrics-Updater-0" daemon prio=5 tid=1175 timed_waiting
java.lang.Thread.State: TIMED_WAITING
        at sun.misc.Unsafe.park(Native Method)
        at java.util.concurrent.locks.LockSupport.parkNanos(LockSupport.java:215)
        at java.util.concurrent.locks.AbstractQueuedSynchronizer$ConditionObject.awaitNanos(AbstractQueuedSynchronizer.java:2078)
        at java.util.concurrent.ScheduledThreadPoolExecutor$DelayedWorkQueue.take(ScheduledThreadPoolExecutor.java:1093)
        at java.util.concurrent.ScheduledThreadPoolExecutor$DelayedWorkQueue.take(ScheduledThreadPoolExecutor.java:809)
        at java.util.concurrent.ThreadPoolExecutor.getTask(ThreadPoolExecutor.java:1074)
        at java.util.concurrent.ThreadPoolExecutor.runWorker(ThreadPoolExecutor.java:1134)
        at java.util.concurrent.ThreadPoolExecutor$Worker.run(ThreadPoolExecutor.java:624)
        at java.lang.Thread.run(Thread.java:750)
"qtp773672120-253" daemon prio=5 tid=253 timed_waiting
java.lang.Thread.State: TIMED_WAITING
        at sun.misc.Unsafe.park(Native Method)
        at java.util.concurrent.locks.LockSupport.parkNanos(LockSupport.java:215)
        at java.util.concurrent.locks.AbstractQueuedSynchronizer$ConditionObject.awaitNanos(AbstractQueuedSynchronizer.java:2078)
        at org.eclipse.jetty.util.BlockingArrayQueue.poll(BlockingArrayQueue.java:382)
        at org.eclipse.jetty.util.thread.QueuedThreadPool$Runner.idleJobPoll(QueuedThreadPool.java:974)
        at org.eclipse.jetty.util.thread.QueuedThreadPool$Runner.run(QueuedThreadPool.java:1018)
        at java.lang.Thread.run(Thread.java:750)
"94422c73-384a-4d9a-a15d-46d9f5b840aa-DatanodeReportManager-2" daemon prio=5 tid=211 timed_waiting
java.lang.Thread.State: TIMED_WAITING
        at sun.misc.Unsafe.park(Native Method)
        at java.util.concurrent.locks.LockSupport.parkNanos(LockSupport.java:215)
        at java.util.concurrent.locks.AbstractQueuedSynchronizer$ConditionObject.awaitNanos(AbstractQueuedSynchronizer.java:2078)
        at java.util.concurrent.ScheduledThreadPoolExecutor$DelayedWorkQueue.take(ScheduledThreadPoolExecutor.java:1093)
        at java.util.concurrent.ScheduledThreadPoolExecutor$DelayedWorkQueue.take(ScheduledThreadPoolExecutor.java:809)
        at java.util.concurrent.ThreadPoolExecutor.getTask(ThreadPoolExecutor.java:1074)
        at java.util.concurrent.ThreadPoolExecutor.runWorker(ThreadPoolExecutor.java:1134)
        at java.util.concurrent.ThreadPoolExecutor$Worker.run(ThreadPoolExecutor.java:624)
        at java.lang.Thread.run(Thread.java:750)
"23554148-3e4d-431f-a73e-f2401dbff1d4@group-5A0C10638F91-StateMachineUpdater" daemon prio=5 tid=695 timed_waiting
java.lang.Thread.State: TIMED_WAITING
        at sun.misc.Unsafe.park(Native Method)
        at java.util.concurrent.locks.LockSupport.parkNanos(LockSupport.java:215)
        at java.util.concurrent.locks.AbstractQueuedSynchronizer$ConditionObject.await(AbstractQueuedSynchronizer.java:2163)
        at org.apache.ratis.util.AwaitForSignal.await(AwaitForSignal.java:62)
        at org.apache.ratis.server.impl.StateMachineUpdater.waitForCommit(StateMachineUpdater.java:209)
        at org.apache.ratis.server.impl.StateMachineUpdater.run(StateMachineUpdater.java:178)
        at java.lang.Thread.run(Thread.java:750)
"66ee3698-ded8-430f-8ecd-27f356af6e45-ChunkReader-0" daemon prio=5 tid=1134 in Object.wait()
java.lang.Thread.State: WAITING (on object monitor)
        at sun.misc.Unsafe.park(Native Method)
        at java.util.concurrent.locks.LockSupport.park(LockSupport.java:175)
        at java.util.concurrent.locks.AbstractQueuedSynchronizer$ConditionObject.await(AbstractQueuedSynchronizer.java:2039)
        at java.util.concurrent.LinkedBlockingQueue.take(LinkedBlockingQueue.java:442)
        at java.util.concurrent.ThreadPoolExecutor.getTask(ThreadPoolExecutor.java:1074)
        at java.util.concurrent.ThreadPoolExecutor.runWorker(ThreadPoolExecutor.java:1134)
        at java.util.concurrent.ThreadPoolExecutor$Worker.run(ThreadPoolExecutor.java:624)
        at java.lang.Thread.run(Thread.java:750)
"1407d0d1-39ba-4bc0-b697-1e16e43cd838-ChunkWriter-3-0" daemon prio=5 tid=548 in Object.wait()
java.lang.Thread.State: WAITING (on object monitor)
        at sun.misc.Unsafe.park(Native Method)
        at java.util.concurrent.locks.LockSupport.park(LockSupport.java:175)
        at java.util.concurrent.locks.AbstractQueuedSynchronizer$ConditionObject.await(AbstractQueuedSynchronizer.java:2039)
        at java.util.concurrent.LinkedBlockingDeque.takeFirst(LinkedBlockingDeque.java:492)
        at java.util.concurrent.LinkedBlockingDeque.take(LinkedBlockingDeque.java:680)
        at java.util.concurrent.ThreadPoolExecutor.getTask(ThreadPoolExecutor.java:1074)
        at java.util.concurrent.ThreadPoolExecutor.runWorker(ThreadPoolExecutor.java:1134)
        at java.util.concurrent.ThreadPoolExecutor$Worker.run(ThreadPoolExecutor.java:624)
        at java.lang.Thread.run(Thread.java:750)
"3fb99649-c87f-4cc9-b3d9-f5c572ff189c-BlockDeletingService#2" daemon prio=5 tid=1443 in Object.wait()
java.lang.Thread.State: WAITING (on object monitor)
        at sun.misc.Unsafe.park(Native Method)
        at java.util.concurrent.locks.LockSupport.park(LockSupport.java:175)
        at java.util.concurrent.locks.AbstractQueuedSynchronizer$ConditionObject.await(AbstractQueuedSynchronizer.java:2039)
        at java.util.concurrent.ScheduledThreadPoolExecutor$DelayedWorkQueue.take(ScheduledThreadPoolExecutor.java:1088)
        at java.util.concurrent.ScheduledThreadPoolExecutor$DelayedWorkQueue.take(ScheduledThreadPoolExecutor.java:809)
        at java.util.concurrent.ThreadPoolExecutor.getTask(ThreadPoolExecutor.java:1074)
        at java.util.concurrent.ThreadPoolExecutor.runWorker(ThreadPoolExecutor.java:1134)
        at java.util.concurrent.ThreadPoolExecutor$Worker.run(ThreadPoolExecutor.java:624)
        at java.lang.Thread.run(Thread.java:750)
"23554148-3e4d-431f-a73e-f2401dbff1d4@group-5A0C10638F91-FollowerState" daemon prio=5 tid=918 timed_waiting
java.lang.Thread.State: TIMED_WAITING
        at java.lang.Thread.sleep(Native Method)
        at java.lang.Thread.sleep(Thread.java:342)
        at java.util.concurrent.TimeUnit.sleep(TimeUnit.java:386)
        at org.apache.ratis.util.TimeDuration.sleep(TimeDuration.java:325)
        at org.apache.ratis.util.TimeDuration.sleep(TimeDuration.java:310)
        at org.apache.ratis.server.impl.FollowerState.run(FollowerState.java:128)
"1407d0d1-39ba-4bc0-b697-1e16e43cd838-CloseContainerThread-0"  prio=5 tid=1432 in Object.wait()
java.lang.Thread.State: WAITING (on object monitor)
        at sun.misc.Unsafe.park(Native Method)
        at java.util.concurrent.locks.LockSupport.park(LockSupport.java:175)
        at java.util.concurrent.locks.AbstractQueuedSynchronizer$ConditionObject.await(AbstractQueuedSynchronizer.java:2039)
        at java.util.concurrent.LinkedBlockingQueue.take(LinkedBlockingQueue.java:442)
        at java.util.concurrent.ThreadPoolExecutor.getTask(ThreadPoolExecutor.java:1074)
        at java.util.concurrent.ThreadPoolExecutor.runWorker(ThreadPoolExecutor.java:1134)
        at java.util.concurrent.ThreadPoolExecutor$Worker.run(ThreadPoolExecutor.java:624)
        at java.lang.Thread.run(Thread.java:750)
"StaleRecoveringContainerScrubbingService#6" daemon prio=5 tid=1333 in Object.wait()
java.lang.Thread.State: WAITING (on object monitor)
        at sun.misc.Unsafe.park(Native Method)
        at java.util.concurrent.locks.LockSupport.park(LockSupport.java:175)
        at java.util.concurrent.locks.AbstractQueuedSynchronizer$ConditionObject.await(AbstractQueuedSynchronizer.java:2039)
        at java.util.concurrent.ScheduledThreadPoolExecutor$DelayedWorkQueue.take(ScheduledThreadPoolExecutor.java:1088)
        at java.util.concurrent.ScheduledThreadPoolExecutor$DelayedWorkQueue.take(ScheduledThreadPoolExecutor.java:809)
        at java.util.concurrent.ThreadPoolExecutor.getTask(ThreadPoolExecutor.java:1074)
        at java.util.concurrent.ThreadPoolExecutor.runWorker(ThreadPoolExecutor.java:1134)
        at java.util.concurrent.ThreadPoolExecutor$Worker.run(ThreadPoolExecutor.java:624)
        at java.lang.Thread.run(Thread.java:750)
"55507c8a-594d-4e25-909f-8d2832294c55-ChunkReader-ELG-0" daemon prio=5 tid=1206 runnable
java.lang.Thread.State: RUNNABLE
        at org.apache.ratis.thirdparty.io.netty.channel.epoll.Native.epollWait0(Native Method)
        at org.apache.ratis.thirdparty.io.netty.channel.epoll.Native.epollWait(Native.java:182)
        at org.apache.ratis.thirdparty.io.netty.channel.epoll.EpollEventLoop.epollWait(EpollEventLoop.java:302)
        at org.apache.ratis.thirdparty.io.netty.channel.epoll.EpollEventLoop.run(EpollEventLoop.java:366)
        at org.apache.ratis.thirdparty.io.netty.util.concurrent.SingleThreadEventExecutor$4.run(SingleThreadEventExecutor.java:997)
        at org.apache.ratis.thirdparty.io.netty.util.internal.ThreadExecutorMap$2.run(ThreadExecutorMap.java:74)
        at java.lang.Thread.run(Thread.java:750)
"f612f2cf-90dc-41dc-bf39-cf028d38c484-ChunkReader-4" daemon prio=5 tid=1129 in Object.wait()
java.lang.Thread.State: WAITING (on object monitor)
        at sun.misc.Unsafe.park(Native Method)
        at java.util.concurrent.locks.LockSupport.park(LockSupport.java:175)
        at java.util.concurrent.locks.AbstractQueuedSynchronizer$ConditionObject.await(AbstractQueuedSynchronizer.java:2039)
        at java.util.concurrent.LinkedBlockingQueue.take(LinkedBlockingQueue.java:442)
        at java.util.concurrent.ThreadPoolExecutor.getTask(ThreadPoolExecutor.java:1074)
        at java.util.concurrent.ThreadPoolExecutor.runWorker(ThreadPoolExecutor.java:1134)
        at java.util.concurrent.ThreadPoolExecutor$Worker.run(ThreadPoolExecutor.java:624)
        at java.lang.Thread.run(Thread.java:750)
"StaleRecoveringContainerScrubbingService#4" daemon prio=5 tid=1122 in Object.wait()
java.lang.Thread.State: WAITING (on object monitor)
        at sun.misc.Unsafe.park(Native Method)
        at java.util.concurrent.locks.LockSupport.park(LockSupport.java:175)
        at java.util.concurrent.locks.AbstractQueuedSynchronizer$ConditionObject.await(AbstractQueuedSynchronizer.java:2039)
        at java.util.concurrent.ScheduledThreadPoolExecutor$DelayedWorkQueue.take(ScheduledThreadPoolExecutor.java:1088)
        at java.util.concurrent.ScheduledThreadPoolExecutor$DelayedWorkQueue.take(ScheduledThreadPoolExecutor.java:809)
        at java.util.concurrent.ThreadPoolExecutor.getTask(ThreadPoolExecutor.java:1074)
        at java.util.concurrent.ThreadPoolExecutor.runWorker(ThreadPoolExecutor.java:1134)
        at java.util.concurrent.ThreadPoolExecutor$Worker.run(ThreadPoolExecutor.java:624)
        at java.lang.Thread.run(Thread.java:750)
"5b9beb6f-d596-489f-8a17-e362b772df82-CloseContainerThread-0"  prio=5 tid=1108 in Object.wait()
java.lang.Thread.State: WAITING (on object monitor)
        at sun.misc.Unsafe.park(Native Method)
        at java.util.concurrent.locks.LockSupport.park(LockSupport.java:175)
        at java.util.concurrent.locks.AbstractQueuedSynchronizer$ConditionObject.await(AbstractQueuedSynchronizer.java:2039)
        at java.util.concurrent.LinkedBlockingQueue.take(LinkedBlockingQueue.java:442)
        at java.util.concurrent.ThreadPoolExecutor.getTask(ThreadPoolExecutor.java:1074)
        at java.util.concurrent.ThreadPoolExecutor.runWorker(ThreadPoolExecutor.java:1134)
        at java.util.concurrent.ThreadPoolExecutor$Worker.run(ThreadPoolExecutor.java:624)
        at java.lang.Thread.run(Thread.java:750)
"55507c8a-594d-4e25-909f-8d2832294c55@group-3CEA00BD3BAC-SegmentedRaftLogWorker"  prio=5 tid=1270 timed_waiting
java.lang.Thread.State: TIMED_WAITING
        at sun.misc.Unsafe.park(Native Method)
        at java.util.concurrent.locks.LockSupport.parkNanos(LockSupport.java:215)
        at java.util.concurrent.locks.AbstractQueuedSynchronizer$ConditionObject.awaitNanos(AbstractQueuedSynchronizer.java:2078)
        at org.apache.ratis.util.DataBlockingQueue.poll(DataBlockingQueue.java:148)
        at org.apache.ratis.server.raftlog.segmented.SegmentedRaftLogWorker.run(SegmentedRaftLogWorker.java:307)
        at org.apache.ratis.server.raftlog.segmented.SegmentedRaftLogWorker$$Lambda$819/1928678273.run(Unknown Source)
        at java.util.concurrent.Executors$RunnableAdapter.call(Executors.java:511)
        at java.util.concurrent.FutureTask.run(FutureTask.java:266)
        at java.util.concurrent.ThreadPoolExecutor.runWorker(ThreadPoolExecutor.java:1149)
        at java.util.concurrent.ThreadPoolExecutor$Worker.run(ThreadPoolExecutor.java:624)
        at java.lang.Thread.run(Thread.java:750)
"66ee3698-ded8-430f-8ecd-27f356af6e45@group-BA38D2037C1A-SegmentedRaftLogWorker"  prio=5 tid=663 timed_waiting
java.lang.Thread.State: TIMED_WAITING
        at sun.misc.Unsafe.park(Native Method)
        at java.util.concurrent.locks.LockSupport.parkNanos(LockSupport.java:215)
        at java.util.concurrent.locks.AbstractQueuedSynchronizer$ConditionObject.awaitNanos(AbstractQueuedSynchronizer.java:2078)
        at org.apache.ratis.util.DataBlockingQueue.poll(DataBlockingQueue.java:148)
        at org.apache.ratis.server.raftlog.segmented.SegmentedRaftLogWorker.run(SegmentedRaftLogWorker.java:307)
        at org.apache.ratis.server.raftlog.segmented.SegmentedRaftLogWorker$$Lambda$819/1928678273.run(Unknown Source)
        at java.util.concurrent.Executors$RunnableAdapter.call(Executors.java:511)
        at java.util.concurrent.FutureTask.run(FutureTask.java:266)
        at java.util.concurrent.ThreadPoolExecutor.runWorker(ThreadPoolExecutor.java:1149)
        at java.util.concurrent.ThreadPoolExecutor$Worker.run(ThreadPoolExecutor.java:624)
        at java.lang.Thread.run(Thread.java:750)
"IPC Server listener on 15055" daemon prio=5 tid=347 runnable
java.lang.Thread.State: RUNNABLE
        at sun.nio.ch.EPollArrayWrapper.epollWait(Native Method)
        at sun.nio.ch.EPollArrayWrapper.poll(EPollArrayWrapper.java:269)
        at sun.nio.ch.EPollSelectorImpl.doSelect(EPollSelectorImpl.java:93)
        at sun.nio.ch.SelectorImpl.lockAndDoSelect(SelectorImpl.java:86)
        at sun.nio.ch.SelectorImpl.select(SelectorImpl.java:97)
        at sun.nio.ch.SelectorImpl.select(SelectorImpl.java:101)
        at org.apache.hadoop.ipc.Server$Listener.run(Server.java:1408)
"66ee3698-ded8-430f-8ecd-27f356af6e45-DatanodeStateMachineDaemonThread" daemon prio=5 tid=266 timed_waiting
java.lang.Thread.State: TIMED_WAITING
        at java.lang.Thread.sleep(Native Method)
        at org.apache.hadoop.ozone.container.common.statemachine.DatanodeStateMachine.startStateMachineThread(DatanodeStateMachine.java:369)
        at org.apache.hadoop.ozone.container.common.statemachine.DatanodeStateMachine.lambda$startDaemon$1(DatanodeStateMachine.java:556)
        at org.apache.hadoop.ozone.container.common.statemachine.DatanodeStateMachine$$Lambda$1023/888481372.run(Unknown Source)
        at java.lang.Thread.run(Thread.java:750)
"StaleRecoveringContainerScrubbingService#8" daemon prio=5 tid=1459 in Object.wait()
java.lang.Thread.State: WAITING (on object monitor)
        at sun.misc.Unsafe.park(Native Method)
        at java.util.concurrent.locks.LockSupport.park(LockSupport.java:175)
        at java.util.concurrent.locks.AbstractQueuedSynchronizer$ConditionObject.await(AbstractQueuedSynchronizer.java:2039)
        at java.util.concurrent.ScheduledThreadPoolExecutor$DelayedWorkQueue.take(ScheduledThreadPoolExecutor.java:1088)
        at java.util.concurrent.ScheduledThreadPoolExecutor$DelayedWorkQueue.take(ScheduledThreadPoolExecutor.java:809)
        at java.util.concurrent.ThreadPoolExecutor.getTask(ThreadPoolExecutor.java:1074)
        at java.util.concurrent.ThreadPoolExecutor.runWorker(ThreadPoolExecutor.java:1134)
        at java.util.concurrent.ThreadPoolExecutor$Worker.run(ThreadPoolExecutor.java:624)
        at java.lang.Thread.run(Thread.java:750)
"3fb99649-c87f-4cc9-b3d9-f5c572ff189c-EndpointStateMachineTaskThread-/0.0.0.0:15002-0 "  prio=5 tid=525 in Object.wait()
java.lang.Thread.State: WAITING (on object monitor)
        at sun.misc.Unsafe.park(Native Method)
        at java.util.concurrent.locks.LockSupport.park(LockSupport.java:175)
        at java.util.concurrent.locks.AbstractQueuedSynchronizer$ConditionObject.await(AbstractQueuedSynchronizer.java:2039)
        at java.util.concurrent.LinkedBlockingQueue.take(LinkedBlockingQueue.java:442)
        at java.util.concurrent.ThreadPoolExecutor.getTask(ThreadPoolExecutor.java:1074)
        at java.util.concurrent.ThreadPoolExecutor.runWorker(ThreadPoolExecutor.java:1134)
        at java.util.concurrent.ThreadPoolExecutor$Worker.run(ThreadPoolExecutor.java:624)
        at java.lang.Thread.run(Thread.java:750)
"StaleRecoveringContainerScrubbingService#0" daemon prio=5 tid=1208 in Object.wait()
java.lang.Thread.State: WAITING (on object monitor)
        at sun.misc.Unsafe.park(Native Method)
        at java.util.concurrent.locks.LockSupport.park(LockSupport.java:175)
        at java.util.concurrent.locks.AbstractQueuedSynchronizer$ConditionObject.await(AbstractQueuedSynchronizer.java:2039)
        at java.util.concurrent.ScheduledThreadPoolExecutor$DelayedWorkQueue.take(ScheduledThreadPoolExecutor.java:1088)
        at java.util.concurrent.ScheduledThreadPoolExecutor$DelayedWorkQueue.take(ScheduledThreadPoolExecutor.java:809)
        at java.util.concurrent.ThreadPoolExecutor.getTask(ThreadPoolExecutor.java:1074)
        at java.util.concurrent.ThreadPoolExecutor.runWorker(ThreadPoolExecutor.java:1134)
        at java.util.concurrent.ThreadPoolExecutor$Worker.run(ThreadPoolExecutor.java:624)
        at java.lang.Thread.run(Thread.java:750)
"f612f2cf-90dc-41dc-bf39-cf028d38c484-CloseContainerThread-1"  prio=5 tid=1109 in Object.wait()
java.lang.Thread.State: WAITING (on object monitor)
        at sun.misc.Unsafe.park(Native Method)
        at java.util.concurrent.locks.LockSupport.park(LockSupport.java:175)
        at java.util.concurrent.locks.AbstractQueuedSynchronizer$ConditionObject.await(AbstractQueuedSynchronizer.java:2039)
        at java.util.concurrent.LinkedBlockingQueue.take(LinkedBlockingQueue.java:442)
        at java.util.concurrent.ThreadPoolExecutor.getTask(ThreadPoolExecutor.java:1074)
        at java.util.concurrent.ThreadPoolExecutor.runWorker(ThreadPoolExecutor.java:1134)
        at java.util.concurrent.ThreadPoolExecutor$Worker.run(ThreadPoolExecutor.java:624)
        at java.lang.Thread.run(Thread.java:750)
"Hadoop-Metrics-Updater-0" daemon prio=5 tid=351 timed_waiting
java.lang.Thread.State: TIMED_WAITING
        at sun.misc.Unsafe.park(Native Method)
        at java.util.concurrent.locks.LockSupport.parkNanos(LockSupport.java:215)
        at java.util.concurrent.locks.AbstractQueuedSynchronizer$ConditionObject.awaitNanos(AbstractQueuedSynchronizer.java:2078)
        at java.util.concurrent.ScheduledThreadPoolExecutor$DelayedWorkQueue.take(ScheduledThreadPoolExecutor.java:1093)
        at java.util.concurrent.ScheduledThreadPoolExecutor$DelayedWorkQueue.take(ScheduledThreadPoolExecutor.java:809)
        at java.util.concurrent.ThreadPoolExecutor.getTask(ThreadPoolExecutor.java:1074)
        at java.util.concurrent.ThreadPoolExecutor.runWorker(ThreadPoolExecutor.java:1134)
        at java.util.concurrent.ThreadPoolExecutor$Worker.run(ThreadPoolExecutor.java:624)
        at java.lang.Thread.run(Thread.java:750)
"55507c8a-594d-4e25-909f-8d2832294c55-ChunkReader-1" daemon prio=5 tid=1354 in Object.wait()
java.lang.Thread.State: WAITING (on object monitor)
        at sun.misc.Unsafe.park(Native Method)
        at java.util.concurrent.locks.LockSupport.park(LockSupport.java:175)
        at java.util.concurrent.locks.AbstractQueuedSynchronizer$ConditionObject.await(AbstractQueuedSynchronizer.java:2039)
        at java.util.concurrent.LinkedBlockingQueue.take(LinkedBlockingQueue.java:442)
        at java.util.concurrent.ThreadPoolExecutor.getTask(ThreadPoolExecutor.java:1074)
        at java.util.concurrent.ThreadPoolExecutor.runWorker(ThreadPoolExecutor.java:1134)
        at java.util.concurrent.ThreadPoolExecutor$Worker.run(ThreadPoolExecutor.java:624)
        at java.lang.Thread.run(Thread.java:750)
"IPC Server handler 9 on default port 15001" daemon prio=5 tid=80 timed_waiting
java.lang.Thread.State: TIMED_WAITING
        at sun.misc.Unsafe.park(Native Method)
        at java.util.concurrent.locks.LockSupport.parkNanos(LockSupport.java:215)
        at java.util.concurrent.locks.AbstractQueuedSynchronizer$ConditionObject.awaitNanos(AbstractQueuedSynchronizer.java:2078)
        at java.util.concurrent.LinkedBlockingQueue.poll(LinkedBlockingQueue.java:467)
        at org.apache.hadoop.ipc.CallQueueManager.take(CallQueueManager.java:317)
        at org.apache.hadoop.ipc.Server$Handler.run(Server.java:3014)
"66ee3698-ded8-430f-8ecd-27f356af6e45-ChunkReader-ELG-0" daemon prio=5 tid=519 runnable
java.lang.Thread.State: RUNNABLE
        at org.apache.ratis.thirdparty.io.netty.channel.epoll.Native.epollWait0(Native Method)
        at org.apache.ratis.thirdparty.io.netty.channel.epoll.Native.epollWait(Native.java:182)
        at org.apache.ratis.thirdparty.io.netty.channel.epoll.EpollEventLoop.epollWait(EpollEventLoop.java:302)
        at org.apache.ratis.thirdparty.io.netty.channel.epoll.EpollEventLoop.run(EpollEventLoop.java:366)
        at org.apache.ratis.thirdparty.io.netty.util.concurrent.SingleThreadEventExecutor$4.run(SingleThreadEventExecutor.java:997)
        at org.apache.ratis.thirdparty.io.netty.util.internal.ThreadExecutorMap$2.run(ThreadExecutorMap.java:74)
        at java.lang.Thread.run(Thread.java:750)
"StaleRecoveringContainerScrubbingService#5" daemon prio=5 tid=1219 in Object.wait()
java.lang.Thread.State: WAITING (on object monitor)
        at sun.misc.Unsafe.park(Native Method)
        at java.util.concurrent.locks.LockSupport.park(LockSupport.java:175)
        at java.util.concurrent.locks.AbstractQueuedSynchronizer$ConditionObject.await(AbstractQueuedSynchronizer.java:2039)
        at java.util.concurrent.ScheduledThreadPoolExecutor$DelayedWorkQueue.take(ScheduledThreadPoolExecutor.java:1088)
        at java.util.concurrent.ScheduledThreadPoolExecutor$DelayedWorkQueue.take(ScheduledThreadPoolExecutor.java:809)
        at java.util.concurrent.ThreadPoolExecutor.getTask(ThreadPoolExecutor.java:1074)
        at java.util.concurrent.ThreadPoolExecutor.runWorker(ThreadPoolExecutor.java:1134)
        at java.util.concurrent.ThreadPoolExecutor$Worker.run(ThreadPoolExecutor.java:624)
        at java.lang.Thread.run(Thread.java:750)
"IPC Server idle connection scanner for port 15055" daemon prio=5 tid=349 timed_waiting
java.lang.Thread.State: TIMED_WAITING
        at java.lang.Object.wait(Native Method)
        at java.util.TimerThread.mainLoop(Timer.java:552)
        at java.util.TimerThread.run(Timer.java:505)
"23554148-3e4d-431f-a73e-f2401dbff1d4-ChunkWriter-0-0" daemon prio=5 tid=560 in Object.wait()
java.lang.Thread.State: WAITING (on object monitor)
        at sun.misc.Unsafe.park(Native Method)
        at java.util.concurrent.locks.LockSupport.park(LockSupport.java:175)
        at java.util.concurrent.locks.AbstractQueuedSynchronizer$ConditionObject.await(AbstractQueuedSynchronizer.java:2039)
        at java.util.concurrent.LinkedBlockingDeque.takeFirst(LinkedBlockingDeque.java:492)
        at java.util.concurrent.LinkedBlockingDeque.take(LinkedBlockingDeque.java:680)
        at java.util.concurrent.ThreadPoolExecutor.getTask(ThreadPoolExecutor.java:1074)
        at java.util.concurrent.ThreadPoolExecutor.runWorker(ThreadPoolExecutor.java:1134)
        at java.util.concurrent.ThreadPoolExecutor$Worker.run(ThreadPoolExecutor.java:624)
        at java.lang.Thread.run(Thread.java:750)
"f612f2cf-90dc-41dc-bf39-cf028d38c484-ChunkReader-9" daemon prio=5 tid=1465 in Object.wait()
java.lang.Thread.State: WAITING (on object monitor)
        at sun.misc.Unsafe.park(Native Method)
        at java.util.concurrent.locks.LockSupport.park(LockSupport.java:175)
        at java.util.concurrent.locks.AbstractQueuedSynchronizer$ConditionObject.await(AbstractQueuedSynchronizer.java:2039)
        at java.util.concurrent.LinkedBlockingQueue.take(LinkedBlockingQueue.java:442)
        at java.util.concurrent.ThreadPoolExecutor.getTask(ThreadPoolExecutor.java:1074)
        at java.util.concurrent.ThreadPoolExecutor.runWorker(ThreadPoolExecutor.java:1134)
        at java.util.concurrent.ThreadPoolExecutor$Worker.run(ThreadPoolExecutor.java:624)
        at java.lang.Thread.run(Thread.java:750)
"nullContainerReplicationThread-0" daemon prio=5 tid=1127 in Object.wait()
java.lang.Thread.State: WAITING (on object monitor)
        at sun.misc.Unsafe.park(Native Method)
        at java.util.concurrent.locks.LockSupport.park(LockSupport.java:175)
        at java.util.concurrent.locks.AbstractQueuedSynchronizer$ConditionObject.await(AbstractQueuedSynchronizer.java:2039)
        at java.util.concurrent.PriorityBlockingQueue.take(PriorityBlockingQueue.java:549)
        at java.util.concurrent.ThreadPoolExecutor.getTask(ThreadPoolExecutor.java:1074)
        at java.util.concurrent.ThreadPoolExecutor.runWorker(ThreadPoolExecutor.java:1134)
        at java.util.concurrent.ThreadPoolExecutor$Worker.run(ThreadPoolExecutor.java:624)
        at java.lang.Thread.run(Thread.java:750)
"JvmPauseMonitor9" daemon prio=5 tid=601 timed_waiting
java.lang.Thread.State: TIMED_WAITING
        at java.lang.Thread.sleep(Native Method)
        at java.lang.Thread.sleep(Thread.java:342)
        at java.util.concurrent.TimeUnit.sleep(TimeUnit.java:386)
        at org.apache.ratis.util.TimeDuration.sleep(TimeDuration.java:325)
        at org.apache.ratis.util.TimeDuration.sleep(TimeDuration.java:310)
        at org.apache.ratis.util.JvmPauseMonitor.detectPause(JvmPauseMonitor.java:117)
        at org.apache.ratis.util.JvmPauseMonitor.run(JvmPauseMonitor.java:106)
        at org.apache.ratis.util.JvmPauseMonitor$$Lambda$484/814583272.run(Unknown Source)
        at java.lang.Thread.run(Thread.java:750)
"pool-272-thread-1"  prio=5 tid=395 timed_waiting
java.lang.Thread.State: TIMED_WAITING
        at sun.misc.Unsafe.park(Native Method)
        at java.util.concurrent.locks.LockSupport.parkNanos(LockSupport.java:215)
        at java.util.concurrent.locks.AbstractQueuedSynchronizer$ConditionObject.awaitNanos(AbstractQueuedSynchronizer.java:2078)
        at java.util.concurrent.ScheduledThreadPoolExecutor$DelayedWorkQueue.take(ScheduledThreadPoolExecutor.java:1093)
        at java.util.concurrent.ScheduledThreadPoolExecutor$DelayedWorkQueue.take(ScheduledThreadPoolExecutor.java:809)
        at java.util.concurrent.ThreadPoolExecutor.getTask(ThreadPoolExecutor.java:1074)
        at java.util.concurrent.ThreadPoolExecutor.runWorker(ThreadPoolExecutor.java:1134)
        at java.util.concurrent.ThreadPoolExecutor$Worker.run(ThreadPoolExecutor.java:624)
        at java.lang.Thread.run(Thread.java:750)
"IPC Server Responder" daemon prio=5 tid=205 runnable
java.lang.Thread.State: RUNNABLE
        at sun.nio.ch.EPollArrayWrapper.epollWait(Native Method)
        at sun.nio.ch.EPollArrayWrapper.poll(EPollArrayWrapper.java:269)
        at sun.nio.ch.EPollSelectorImpl.doSelect(EPollSelectorImpl.java:93)
        at sun.nio.ch.SelectorImpl.lockAndDoSelect(SelectorImpl.java:86)
        at sun.nio.ch.SelectorImpl.select(SelectorImpl.java:97)
        at org.apache.hadoop.ipc.Server$Responder.doRunLoop(Server.java:1582)
        at org.apache.hadoop.ipc.Server$Responder.run(Server.java:1565)
"IPC Server handler 19 on default port 15004" daemon prio=5 tid=184 timed_waiting
java.lang.Thread.State: TIMED_WAITING
        at sun.misc.Unsafe.park(Native Method)
        at java.util.concurrent.locks.LockSupport.parkNanos(LockSupport.java:215)
        at java.util.concurrent.locks.AbstractQueuedSynchronizer$ConditionObject.awaitNanos(AbstractQueuedSynchronizer.java:2078)
        at java.util.concurrent.LinkedBlockingQueue.poll(LinkedBlockingQueue.java:467)
        at org.apache.hadoop.ipc.CallQueueManager.take(CallQueueManager.java:317)
        at org.apache.hadoop.ipc.Server$Handler.run(Server.java:3014)
"1407d0d1-39ba-4bc0-b697-1e16e43cd838@group-5C95EDC39216->23554148-3e4d-431f-a73e-f2401dbff1d4-GrpcLogAppender-LogAppenderDaemon" daemon prio=5 tid=1009 timed_waiting
java.lang.Thread.State: TIMED_WAITING
        at sun.misc.Unsafe.park(Native Method)
        at java.util.concurrent.locks.LockSupport.parkNanos(LockSupport.java:215)
        at java.util.concurrent.locks.AbstractQueuedSynchronizer$ConditionObject.await(AbstractQueuedSynchronizer.java:2163)
        at org.apache.ratis.util.AwaitForSignal.await(AwaitForSignal.java:62)
        at org.apache.ratis.grpc.server.GrpcLogAppender.mayWait(GrpcLogAppender.java:197)
        at org.apache.ratis.grpc.server.GrpcLogAppender.run(GrpcLogAppender.java:148)
        at org.apache.ratis.server.leader.LogAppenderDaemon.run(LogAppenderDaemon.java:78)
        at org.apache.ratis.server.leader.LogAppenderDaemon$$Lambda$1248/550328285.run(Unknown Source)
        at java.lang.Thread.run(Thread.java:750)
"Hadoop-Metrics-Updater-0" daemon prio=5 tid=264 timed_waiting
java.lang.Thread.State: TIMED_WAITING
        at sun.misc.Unsafe.park(Native Method)
        at java.util.concurrent.locks.LockSupport.parkNanos(LockSupport.java:215)
        at java.util.concurrent.locks.AbstractQueuedSynchronizer$ConditionObject.awaitNanos(AbstractQueuedSynchronizer.java:2078)
        at java.util.concurrent.ScheduledThreadPoolExecutor$DelayedWorkQueue.take(ScheduledThreadPoolExecutor.java:1093)
        at java.util.concurrent.ScheduledThreadPoolExecutor$DelayedWorkQueue.take(ScheduledThreadPoolExecutor.java:809)
        at java.util.concurrent.ThreadPoolExecutor.getTask(ThreadPoolExecutor.java:1074)
        at java.util.concurrent.ThreadPoolExecutor.runWorker(ThreadPoolExecutor.java:1134)
        at java.util.concurrent.ThreadPoolExecutor$Worker.run(ThreadPoolExecutor.java:624)
        at java.lang.Thread.run(Thread.java:750)
"Session-HouseKeeper-31b2fc37-1"  prio=5 tid=404 timed_waiting
java.lang.Thread.State: TIMED_WAITING
        at sun.misc.Unsafe.park(Native Method)
        at java.util.concurrent.locks.LockSupport.parkNanos(LockSupport.java:215)
        at java.util.concurrent.locks.AbstractQueuedSynchronizer$ConditionObject.awaitNanos(AbstractQueuedSynchronizer.java:2078)
        at java.util.concurrent.ScheduledThreadPoolExecutor$DelayedWorkQueue.take(ScheduledThreadPoolExecutor.java:1093)
        at java.util.concurrent.ScheduledThreadPoolExecutor$DelayedWorkQueue.take(ScheduledThreadPoolExecutor.java:809)
        at java.util.concurrent.ThreadPoolExecutor.getTask(ThreadPoolExecutor.java:1074)
        at java.util.concurrent.ThreadPoolExecutor.runWorker(ThreadPoolExecutor.java:1134)
        at java.util.concurrent.ThreadPoolExecutor$Worker.run(ThreadPoolExecutor.java:624)
        at java.lang.Thread.run(Thread.java:750)
"IPC Server handler 0 on default port 15046" daemon prio=5 tid=323 timed_waiting
java.lang.Thread.State: TIMED_WAITING
        at sun.misc.Unsafe.park(Native Method)
        at java.util.concurrent.locks.LockSupport.parkNanos(LockSupport.java:215)
        at java.util.concurrent.locks.AbstractQueuedSynchronizer$ConditionObject.awaitNanos(AbstractQueuedSynchronizer.java:2078)
        at java.util.concurrent.LinkedBlockingQueue.poll(LinkedBlockingQueue.java:467)
        at org.apache.hadoop.ipc.CallQueueManager.take(CallQueueManager.java:317)
        at org.apache.hadoop.ipc.Server$Handler.run(Server.java:3014)
"StaleRecoveringContainerScrubbingService#2" daemon prio=5 tid=1293 timed_waiting
java.lang.Thread.State: TIMED_WAITING
        at sun.misc.Unsafe.park(Native Method)
        at java.util.concurrent.locks.LockSupport.parkNanos(LockSupport.java:215)
        at java.util.concurrent.locks.AbstractQueuedSynchronizer$ConditionObject.awaitNanos(AbstractQueuedSynchronizer.java:2078)
        at java.util.concurrent.ScheduledThreadPoolExecutor$DelayedWorkQueue.take(ScheduledThreadPoolExecutor.java:1093)
        at java.util.concurrent.ScheduledThreadPoolExecutor$DelayedWorkQueue.take(ScheduledThreadPoolExecutor.java:809)
        at java.util.concurrent.ThreadPoolExecutor.getTask(ThreadPoolExecutor.java:1074)
        at java.util.concurrent.ThreadPoolExecutor.runWorker(ThreadPoolExecutor.java:1134)
        at java.util.concurrent.ThreadPoolExecutor$Worker.run(ThreadPoolExecutor.java:624)
        at java.lang.Thread.run(Thread.java:750)
"94422c73-384a-4d9a-a15d-46d9f5b840aa-ChunkWriter-3-0" daemon prio=5 tid=444 in Object.wait()
java.lang.Thread.State: WAITING (on object monitor)
        at sun.misc.Unsafe.park(Native Method)
        at java.util.concurrent.locks.LockSupport.park(LockSupport.java:175)
        at java.util.concurrent.locks.AbstractQueuedSynchronizer$ConditionObject.await(AbstractQueuedSynchronizer.java:2039)
        at java.util.concurrent.LinkedBlockingDeque.takeFirst(LinkedBlockingDeque.java:492)
        at java.util.concurrent.LinkedBlockingDeque.take(LinkedBlockingDeque.java:680)
        at java.util.concurrent.ThreadPoolExecutor.getTask(ThreadPoolExecutor.java:1074)
        at java.util.concurrent.ThreadPoolExecutor.runWorker(ThreadPoolExecutor.java:1134)
        at java.util.concurrent.ThreadPoolExecutor$Worker.run(ThreadPoolExecutor.java:624)
        at java.lang.Thread.run(Thread.java:750)
"IPC Server handler 18 on default port 15002" daemon prio=5 tid=109 timed_waiting
java.lang.Thread.State: TIMED_WAITING
        at sun.misc.Unsafe.park(Native Method)
        at java.util.concurrent.locks.LockSupport.parkNanos(LockSupport.java:215)
        at java.util.concurrent.locks.AbstractQueuedSynchronizer$ConditionObject.awaitNanos(AbstractQueuedSynchronizer.java:2078)
        at java.util.concurrent.LinkedBlockingQueue.poll(LinkedBlockingQueue.java:467)
        at org.apache.hadoop.ipc.CallQueueManager.take(CallQueueManager.java:317)
        at org.apache.hadoop.ipc.Server$Handler.run(Server.java:3014)
"FixedThreadPoolWithAffinityExecutor-0-0" daemon prio=5 tid=40 timed_waiting
java.lang.Thread.State: TIMED_WAITING
        at sun.misc.Unsafe.park(Native Method)
        at java.util.concurrent.locks.LockSupport.parkNanos(LockSupport.java:215)
        at java.util.concurrent.locks.AbstractQueuedSynchronizer$ConditionObject.awaitNanos(AbstractQueuedSynchronizer.java:2078)
        at java.util.concurrent.LinkedBlockingQueue.poll(LinkedBlockingQueue.java:467)
        at org.apache.hadoop.hdds.scm.server.ContainerReportQueue.poll(ContainerReportQueue.java:266)
        at org.apache.hadoop.hdds.scm.server.ContainerReportQueue.poll(ContainerReportQueue.java:42)
        at org.apache.hadoop.hdds.server.events.FixedThreadPoolWithAffinityExecutor$ContainerReportProcessTask.run(FixedThreadPoolWithAffinityExecutor.java:253)
        at java.util.concurrent.Executors$RunnableAdapter.call(Executors.java:511)
        at java.util.concurrent.FutureTask.run(FutureTask.java:266)
        at java.util.concurrent.ThreadPoolExecutor.runWorker(ThreadPoolExecutor.java:1149)
        at java.util.concurrent.ThreadPoolExecutor$Worker.run(ThreadPoolExecutor.java:624)
        at java.lang.Thread.run(Thread.java:750)
"5b9beb6f-d596-489f-8a17-e362b772df82-DatanodeStateMachineTaskThread-0"  prio=5 tid=513 in Object.wait()
java.lang.Thread.State: WAITING (on object monitor)
        at sun.misc.Unsafe.park(Native Method)
        at java.util.concurrent.locks.LockSupport.park(LockSupport.java:175)
        at java.util.concurrent.locks.AbstractQueuedSynchronizer$ConditionObject.await(AbstractQueuedSynchronizer.java:2039)
        at java.util.concurrent.LinkedBlockingQueue.take(LinkedBlockingQueue.java:442)
        at java.util.concurrent.ThreadPoolExecutor.getTask(ThreadPoolExecutor.java:1074)
        at java.util.concurrent.ThreadPoolExecutor.runWorker(ThreadPoolExecutor.java:1134)
        at java.util.concurrent.ThreadPoolExecutor$Worker.run(ThreadPoolExecutor.java:624)
        at java.lang.Thread.run(Thread.java:750)
"IPC Server handler 15 on default port 15001" daemon prio=5 tid=86 timed_waiting
java.lang.Thread.State: TIMED_WAITING
        at sun.misc.Unsafe.park(Native Method)
        at java.util.concurrent.locks.LockSupport.parkNanos(LockSupport.java:215)
        at java.util.concurrent.locks.AbstractQueuedSynchronizer$ConditionObject.awaitNanos(AbstractQueuedSynchronizer.java:2078)
        at java.util.concurrent.LinkedBlockingQueue.poll(LinkedBlockingQueue.java:467)
        at org.apache.hadoop.ipc.CallQueueManager.take(CallQueueManager.java:317)
        at org.apache.hadoop.ipc.Server$Handler.run(Server.java:3014)
"94422c73-384a-4d9a-a15d-46d9f5b840aa-DatanodeStateMachineTaskThread-1"  prio=5 tid=412 in Object.wait()
java.lang.Thread.State: WAITING (on object monitor)
        at sun.misc.Unsafe.park(Native Method)
        at java.util.concurrent.locks.LockSupport.park(LockSupport.java:175)
        at java.util.concurrent.locks.AbstractQueuedSynchronizer$ConditionObject.await(AbstractQueuedSynchronizer.java:2039)
        at java.util.concurrent.LinkedBlockingQueue.take(LinkedBlockingQueue.java:442)
        at java.util.concurrent.ThreadPoolExecutor.getTask(ThreadPoolExecutor.java:1074)
        at java.util.concurrent.ThreadPoolExecutor.runWorker(ThreadPoolExecutor.java:1134)
        at java.util.concurrent.ThreadPoolExecutor$Worker.run(ThreadPoolExecutor.java:624)
        at java.lang.Thread.run(Thread.java:750)
"f612f2cf-90dc-41dc-bf39-cf028d38c484@group-3CEA00BD3BAC-StateMachineUpdater" daemon prio=5 tid=1269 timed_waiting
java.lang.Thread.State: TIMED_WAITING
        at sun.misc.Unsafe.park(Native Method)
        at java.util.concurrent.locks.LockSupport.parkNanos(LockSupport.java:215)
        at java.util.concurrent.locks.AbstractQueuedSynchronizer$ConditionObject.await(AbstractQueuedSynchronizer.java:2163)
        at org.apache.ratis.util.AwaitForSignal.await(AwaitForSignal.java:62)
        at org.apache.ratis.server.impl.StateMachineUpdater.waitForCommit(StateMachineUpdater.java:209)
        at org.apache.ratis.server.impl.StateMachineUpdater.run(StateMachineUpdater.java:178)
        at java.lang.Thread.run(Thread.java:750)
"BackgroundPipelineScrubber" daemon prio=5 tid=18 timed_waiting
java.lang.Thread.State: TIMED_WAITING
        at java.lang.Object.wait(Native Method)
        at org.apache.hadoop.hdds.scm.ha.BackgroundSCMService.run(BackgroundSCMService.java:110)
        at org.apache.hadoop.hdds.scm.ha.BackgroundSCMService$$Lambda$440/571532390.run(Unknown Source)
        at java.lang.Thread.run(Thread.java:750)
"StaleRecoveringContainerScrubbingService#7" daemon prio=5 tid=1445 in Object.wait()
java.lang.Thread.State: WAITING (on object monitor)
        at sun.misc.Unsafe.park(Native Method)
        at java.util.concurrent.locks.LockSupport.park(LockSupport.java:175)
        at java.util.concurrent.locks.AbstractQueuedSynchronizer$ConditionObject.await(AbstractQueuedSynchronizer.java:2039)
        at java.util.concurrent.ScheduledThreadPoolExecutor$DelayedWorkQueue.take(ScheduledThreadPoolExecutor.java:1088)
        at java.util.concurrent.ScheduledThreadPoolExecutor$DelayedWorkQueue.take(ScheduledThreadPoolExecutor.java:809)
        at java.util.concurrent.ThreadPoolExecutor.getTask(ThreadPoolExecutor.java:1074)
        at java.util.concurrent.ThreadPoolExecutor.runWorker(ThreadPoolExecutor.java:1134)
        at java.util.concurrent.ThreadPoolExecutor$Worker.run(ThreadPoolExecutor.java:624)
        at java.lang.Thread.run(Thread.java:750)
"qtp1495131145-226" daemon prio=5 tid=226 timed_waiting
java.lang.Thread.State: TIMED_WAITING
        at sun.misc.Unsafe.park(Native Method)
        at java.util.concurrent.locks.LockSupport.parkNanos(LockSupport.java:215)
        at java.util.concurrent.locks.AbstractQueuedSynchronizer$ConditionObject.awaitNanos(AbstractQueuedSynchronizer.java:2078)
        at org.eclipse.jetty.util.BlockingArrayQueue.poll(BlockingArrayQueue.java:382)
        at org.eclipse.jetty.util.thread.QueuedThreadPool$Runner.idleJobPoll(QueuedThreadPool.java:974)
        at org.eclipse.jetty.util.thread.QueuedThreadPool$Runner.run(QueuedThreadPool.java:1018)
        at java.lang.Thread.run(Thread.java:750)
"FixedThreadPoolWithAffinityExecutor-1-0" daemon prio=5 tid=41 timed_waiting
java.lang.Thread.State: TIMED_WAITING
        at sun.misc.Unsafe.park(Native Method)
        at java.util.concurrent.locks.LockSupport.parkNanos(LockSupport.java:215)
        at java.util.concurrent.locks.AbstractQueuedSynchronizer$ConditionObject.awaitNanos(AbstractQueuedSynchronizer.java:2078)
        at java.util.concurrent.LinkedBlockingQueue.poll(LinkedBlockingQueue.java:467)
        at org.apache.hadoop.hdds.scm.server.ContainerReportQueue.poll(ContainerReportQueue.java:266)
        at org.apache.hadoop.hdds.scm.server.ContainerReportQueue.poll(ContainerReportQueue.java:42)
        at org.apache.hadoop.hdds.server.events.FixedThreadPoolWithAffinityExecutor$ContainerReportProcessTask.run(FixedThreadPoolWithAffinityExecutor.java:253)
        at java.util.concurrent.Executors$RunnableAdapter.call(Executors.java:511)
        at java.util.concurrent.FutureTask.run(FutureTask.java:266)
        at java.util.concurrent.ThreadPoolExecutor.runWorker(ThreadPoolExecutor.java:1149)
        at java.util.concurrent.ThreadPoolExecutor$Worker.run(ThreadPoolExecutor.java:624)
        at java.lang.Thread.run(Thread.java:750)
"f612f2cf-90dc-41dc-bf39-cf028d38c484-ChunkReader-ELG-0" daemon prio=5 tid=602 runnable
java.lang.Thread.State: RUNNABLE
        at org.apache.ratis.thirdparty.io.netty.channel.epoll.Native.epollWait0(Native Method)
        at org.apache.ratis.thirdparty.io.netty.channel.epoll.Native.epollWait(Native.java:182)
        at org.apache.ratis.thirdparty.io.netty.channel.epoll.EpollEventLoop.epollWait(EpollEventLoop.java:302)
        at org.apache.ratis.thirdparty.io.netty.channel.epoll.EpollEventLoop.run(EpollEventLoop.java:366)
        at org.apache.ratis.thirdparty.io.netty.util.concurrent.SingleThreadEventExecutor$4.run(SingleThreadEventExecutor.java:997)
        at org.apache.ratis.thirdparty.io.netty.util.internal.ThreadExecutorMap$2.run(ThreadExecutorMap.java:74)
        at java.lang.Thread.run(Thread.java:750)
"94422c73-384a-4d9a-a15d-46d9f5b840aa-server-thread2" daemon prio=5 tid=904 timed_waiting
java.lang.Thread.State: TIMED_WAITING
        at sun.misc.Unsafe.park(Native Method)
        at java.util.concurrent.locks.LockSupport.parkNanos(LockSupport.java:215)
        at java.util.concurrent.SynchronousQueue$TransferStack.awaitFulfill(SynchronousQueue.java:460)
        at java.util.concurrent.SynchronousQueue$TransferStack.transfer(SynchronousQueue.java:362)
        at java.util.concurrent.SynchronousQueue.poll(SynchronousQueue.java:941)
        at java.util.concurrent.ThreadPoolExecutor.getTask(ThreadPoolExecutor.java:1073)
        at java.util.concurrent.ThreadPoolExecutor.runWorker(ThreadPoolExecutor.java:1134)
        at java.util.concurrent.ThreadPoolExecutor$Worker.run(ThreadPoolExecutor.java:624)
        at java.lang.Thread.run(Thread.java:750)
"IPC Server Responder" daemon prio=5 tid=1174 runnable
java.lang.Thread.State: RUNNABLE
        at sun.nio.ch.EPollArrayWrapper.epollWait(Native Method)
        at sun.nio.ch.EPollArrayWrapper.poll(EPollArrayWrapper.java:269)
        at sun.nio.ch.EPollSelectorImpl.doSelect(EPollSelectorImpl.java:93)
        at sun.nio.ch.SelectorImpl.lockAndDoSelect(SelectorImpl.java:86)
        at sun.nio.ch.SelectorImpl.select(SelectorImpl.java:97)
        at org.apache.hadoop.ipc.Server$Responder.doRunLoop(Server.java:1582)
        at org.apache.hadoop.ipc.Server$Responder.run(Server.java:1565)
"0ef615e1-91db-4ede-b924-53e2d320f02d-CommandProcessorThread" daemon prio=5 tid=243 timed_waiting
java.lang.Thread.State: TIMED_WAITING
        at java.lang.Thread.sleep(Native Method)
        at org.apache.hadoop.ozone.container.common.statemachine.DatanodeStateMachine.lambda$initCommandHandlerThread$4(DatanodeStateMachine.java:684)
        at org.apache.hadoop.ozone.container.common.statemachine.DatanodeStateMachine$$Lambda$1025/1173858499.run(Unknown Source)
        at java.lang.Thread.run(Thread.java:750)
"qtp532752228-400" daemon prio=5 tid=400 timed_waiting
java.lang.Thread.State: TIMED_WAITING
        at sun.misc.Unsafe.park(Native Method)
        at java.util.concurrent.locks.LockSupport.parkNanos(LockSupport.java:215)
        at java.util.concurrent.locks.AbstractQueuedSynchronizer$ConditionObject.awaitNanos(AbstractQueuedSynchronizer.java:2078)
        at org.eclipse.jetty.util.BlockingArrayQueue.poll(BlockingArrayQueue.java:382)
        at org.eclipse.jetty.util.thread.QueuedThreadPool$Runner.idleJobPoll(QueuedThreadPool.java:974)
        at org.eclipse.jetty.util.thread.QueuedThreadPool$Runner.run(QueuedThreadPool.java:1018)
        at java.lang.Thread.run(Thread.java:750)
"nullContainerReplicationThread-0" daemon prio=5 tid=1486 timed_waiting
java.lang.Thread.State: TIMED_WAITING
        at java.lang.Thread.sleep(Native Method)
        at org.apache.ozone.test.GenericTestUtils.waitFor(GenericTestUtils.java:224)
        at org.apache.hadoop.ozone.container.TestECContainerRecovery.lambda$testECContainerRecoveryWithTimedOutRecovery$1(TestECContainerRecovery.java:312)
        at org.apache.hadoop.ozone.container.TestECContainerRecovery$$Lambda$1690/1134979691.answer(Unknown Source)
        at org.mockito.internal.stubbing.StubbedInvocationMatcher.answer(StubbedInvocationMatcher.java:40)
        at org.mockito.internal.handler.MockHandlerImpl.handle(MockHandlerImpl.java:99)
        at org.mockito.internal.handler.NullResultGuardian.handle(NullResultGuardian.java:29)
        at org.mockito.internal.handler.InvocationNotifierHandler.handle(InvocationNotifierHandler.java:33)
        at org.mockito.internal.creation.bytebuddy.MockMethodInterceptor.doIntercept(MockMethodInterceptor.java:57)
        at org.mockito.internal.creation.bytebuddy.MockMethodAdvice.handle(MockMethodAdvice.java:147)
        at org.apache.hadoop.ozone.container.ec.reconstruction.ECReconstructionCoordinator.reconstructECBlockGroup(ECReconstructionCoordinator.java:240)
        at org.apache.hadoop.ozone.container.ec.reconstruction.ECReconstructionCoordinator.reconstructECContainerGroup(ECReconstructionCoordinator.java:178)
        at sun.reflect.NativeMethodAccessorImpl.invoke0(Native Method)
        at sun.reflect.NativeMethodAccessorImpl.invoke(NativeMethodAccessorImpl.java:62)
        at sun.reflect.DelegatingMethodAccessorImpl.invoke(DelegatingMethodAccessorImpl.java:43)
        at java.lang.reflect.Method.invoke(Method.java:498)
        at org.mockito.internal.util.reflection.ReflectionMemberAccessor.invoke(ReflectionMemberAccessor.java:45)
        at org.mockito.internal.creation.bytebuddy.MockMethodAdvice.tryInvoke(MockMethodAdvice.java:329)
        at org.mockito.internal.creation.bytebuddy.MockMethodAdvice.access$500(MockMethodAdvice.java:56)
        at org.mockito.internal.creation.bytebuddy.MockMethodAdvice$RealMethodCall.invoke(MockMethodAdvice.java:249)
        at org.mockito.internal.invocation.InterceptedInvocation.callRealMethod(InterceptedInvocation.java:141)
        at org.mockito.internal.stubbing.answers.CallsRealMethods.answer(CallsRealMethods.java:44)
        at org.mockito.Answers.answer(Answers.java:98)
        at org.mockito.internal.handler.MockHandlerImpl.handle(MockHandlerImpl.java:106)
        at org.mockito.internal.handler.NullResultGuardian.handle(NullResultGuardian.java:29)
        at org.mockito.internal.handler.InvocationNotifierHandler.handle(InvocationNotifierHandler.java:33)
        at org.mockito.internal.creation.bytebuddy.MockMethodInterceptor.doIntercept(MockMethodInterceptor.java:57)
        at org.mockito.internal.creation.bytebuddy.MockMethodAdvice.handle(MockMethodAdvice.java:147)
        at org.apache.hadoop.ozone.container.ec.reconstruction.ECReconstructionCoordinator.reconstructECContainerGroup(ECReconstructionCoordinator.java:148)
        at org.apache.hadoop.ozone.container.ec.reconstruction.ECReconstructionCoordinatorTask.runTask(ECReconstructionCoordinatorTask.java:68)
        at org.apache.hadoop.ozone.container.replication.ReplicationSupervisor$TaskRunner.run(ReplicationSupervisor.java:369)
        at java.util.concurrent.ThreadPoolExecutor.runWorker(ThreadPoolExecutor.java:1149)
        at java.util.concurrent.ThreadPoolExecutor$Worker.run(ThreadPoolExecutor.java:624)
        at java.lang.Thread.run(Thread.java:750)
"1407d0d1-39ba-4bc0-b697-1e16e43cd838-ChunkWriter-1-0" daemon prio=5 tid=546 in Object.wait()
java.lang.Thread.State: WAITING (on object monitor)
        at sun.misc.Unsafe.park(Native Method)
        at java.util.concurrent.locks.LockSupport.park(LockSupport.java:175)
        at java.util.concurrent.locks.AbstractQueuedSynchronizer$ConditionObject.await(AbstractQueuedSynchronizer.java:2039)
        at java.util.concurrent.LinkedBlockingDeque.takeFirst(LinkedBlockingDeque.java:492)
        at java.util.concurrent.LinkedBlockingDeque.take(LinkedBlockingDeque.java:680)
        at java.util.concurrent.ThreadPoolExecutor.getTask(ThreadPoolExecutor.java:1074)
        at java.util.concurrent.ThreadPoolExecutor.runWorker(ThreadPoolExecutor.java:1134)
        at java.util.concurrent.ThreadPoolExecutor$Worker.run(ThreadPoolExecutor.java:624)
        at java.lang.Thread.run(Thread.java:750)
"66ee3698-ded8-430f-8ecd-27f356af6e45-ec-reconstruct-reader-TID-1"  prio=5 tid=1136 in Object.wait()
java.lang.Thread.State: WAITING (on object monitor)
        at sun.misc.Unsafe.park(Native Method)
        at java.util.concurrent.locks.LockSupport.park(LockSupport.java:175)
        at java.util.concurrent.SynchronousQueue$TransferStack.awaitFulfill(SynchronousQueue.java:458)
        at java.util.concurrent.SynchronousQueue$TransferStack.transfer(SynchronousQueue.java:362)
        at java.util.concurrent.SynchronousQueue.take(SynchronousQueue.java:924)
        at java.util.concurrent.ThreadPoolExecutor.getTask(ThreadPoolExecutor.java:1074)
        at java.util.concurrent.ThreadPoolExecutor.runWorker(ThreadPoolExecutor.java:1134)
        at java.util.concurrent.ThreadPoolExecutor$Worker.run(ThreadPoolExecutor.java:624)
        at java.lang.Thread.run(Thread.java:750)
"qtp773672120-251" daemon prio=5 tid=251 runnable
java.lang.Thread.State: RUNNABLE
        at sun.nio.ch.EPollArrayWrapper.epollWait(Native Method)
        at sun.nio.ch.EPollArrayWrapper.poll(EPollArrayWrapper.java:269)
        at sun.nio.ch.EPollSelectorImpl.doSelect(EPollSelectorImpl.java:93)
        at sun.nio.ch.SelectorImpl.lockAndDoSelect(SelectorImpl.java:86)
        at sun.nio.ch.SelectorImpl.select(SelectorImpl.java:97)
        at sun.nio.ch.SelectorImpl.select(SelectorImpl.java:101)
        at org.eclipse.jetty.io.ManagedSelector.nioSelect(ManagedSelector.java:183)
        at org.eclipse.jetty.io.ManagedSelector.select(ManagedSelector.java:190)
        at org.eclipse.jetty.io.ManagedSelector$SelectorProducer.select(ManagedSelector.java:606)
        at org.eclipse.jetty.io.ManagedSelector$SelectorProducer.produce(ManagedSelector.java:543)
        at org.eclipse.jetty.util.thread.strategy.EatWhatYouKill.produceTask(EatWhatYouKill.java:362)
        at org.eclipse.jetty.util.thread.strategy.EatWhatYouKill.doProduce(EatWhatYouKill.java:186)
        at org.eclipse.jetty.util.thread.strategy.EatWhatYouKill.tryProduce(EatWhatYouKill.java:173)
        at org.eclipse.jetty.util.thread.strategy.EatWhatYouKill.produce(EatWhatYouKill.java:137)
        at org.eclipse.jetty.io.ManagedSelector$$Lambda$519/294435622.run(Unknown Source)
        at org.eclipse.jetty.util.thread.QueuedThreadPool.runJob(QueuedThreadPool.java:883)
        at org.eclipse.jetty.util.thread.QueuedThreadPool$Runner.run(QueuedThreadPool.java:1034)
        at java.lang.Thread.run(Thread.java:750)
"qtp1495131145-224" daemon prio=5 tid=224 timed_waiting
java.lang.Thread.State: TIMED_WAITING
        at sun.misc.Unsafe.park(Native Method)
        at java.util.concurrent.locks.LockSupport.parkNanos(LockSupport.java:215)
        at java.util.concurrent.locks.AbstractQueuedSynchronizer$ConditionObject.awaitNanos(AbstractQueuedSynchronizer.java:2078)
        at org.eclipse.jetty.util.BlockingArrayQueue.poll(BlockingArrayQueue.java:382)
        at org.eclipse.jetty.util.thread.QueuedThreadPool$Runner.idleJobPoll(QueuedThreadPool.java:974)
        at org.eclipse.jetty.util.thread.QueuedThreadPool$Runner.run(QueuedThreadPool.java:1018)
        at java.lang.Thread.run(Thread.java:750)
"3fb99649-c87f-4cc9-b3d9-f5c572ff189c-ChunkReader-ELG-0" daemon prio=5 tid=535 runnable
java.lang.Thread.State: RUNNABLE
        at org.apache.ratis.thirdparty.io.netty.channel.epoll.Native.epollWait0(Native Method)
        at org.apache.ratis.thirdparty.io.netty.channel.epoll.Native.epollWait(Native.java:182)
        at org.apache.ratis.thirdparty.io.netty.channel.epoll.EpollEventLoop.epollWait(EpollEventLoop.java:302)
        at org.apache.ratis.thirdparty.io.netty.channel.epoll.EpollEventLoop.run(EpollEventLoop.java:366)
        at org.apache.ratis.thirdparty.io.netty.util.concurrent.SingleThreadEventExecutor$4.run(SingleThreadEventExecutor.java:997)
        at org.apache.ratis.thirdparty.io.netty.util.internal.ThreadExecutorMap$2.run(ThreadExecutorMap.java:74)
        at java.lang.Thread.run(Thread.java:750)
"qtp1663850432-1169" daemon prio=5 tid=1169 timed_waiting
java.lang.Thread.State: TIMED_WAITING
        at sun.misc.Unsafe.park(Native Method)
        at java.util.concurrent.locks.LockSupport.parkNanos(LockSupport.java:215)
        at java.util.concurrent.locks.AbstractQueuedSynchronizer$ConditionObject.awaitNanos(AbstractQueuedSynchronizer.java:2078)
        at org.eclipse.jetty.util.BlockingArrayQueue.poll(BlockingArrayQueue.java:382)
        at org.eclipse.jetty.util.thread.QueuedThreadPool$Runner.idleJobPoll(QueuedThreadPool.java:974)
        at org.eclipse.jetty.util.thread.QueuedThreadPool$Runner.run(QueuedThreadPool.java:1018)
        at java.lang.Thread.run(Thread.java:750)
"55507c8a-594d-4e25-909f-8d2832294c55-PeriodicHDDSVolumeChecker" daemon prio=5 tid=1187 timed_waiting
java.lang.Thread.State: TIMED_WAITING
        at sun.misc.Unsafe.park(Native Method)
        at java.util.concurrent.locks.LockSupport.parkNanos(LockSupport.java:215)
        at java.util.concurrent.locks.AbstractQueuedSynchronizer$ConditionObject.awaitNanos(AbstractQueuedSynchronizer.java:2078)
        at java.util.concurrent.ScheduledThreadPoolExecutor$DelayedWorkQueue.take(ScheduledThreadPoolExecutor.java:1093)
        at java.util.concurrent.ScheduledThreadPoolExecutor$DelayedWorkQueue.take(ScheduledThreadPoolExecutor.java:809)
        at java.util.concurrent.ThreadPoolExecutor.getTask(ThreadPoolExecutor.java:1074)
        at java.util.concurrent.ThreadPoolExecutor.runWorker(ThreadPoolExecutor.java:1134)
        at java.util.concurrent.ThreadPoolExecutor$Worker.run(ThreadPoolExecutor.java:624)
        at java.lang.Thread.run(Thread.java:750)
"66ee3698-ded8-430f-8ecd-27f356af6e45-BlockDeletingService#1" daemon prio=5 tid=522 in Object.wait()
java.lang.Thread.State: WAITING (on object monitor)
        at sun.misc.Unsafe.park(Native Method)
        at java.util.concurrent.locks.LockSupport.park(LockSupport.java:175)
        at java.util.concurrent.locks.AbstractQueuedSynchronizer$ConditionObject.await(AbstractQueuedSynchronizer.java:2039)
        at java.util.concurrent.ScheduledThreadPoolExecutor$DelayedWorkQueue.take(ScheduledThreadPoolExecutor.java:1088)
        at java.util.concurrent.ScheduledThreadPoolExecutor$DelayedWorkQueue.take(ScheduledThreadPoolExecutor.java:809)
        at java.util.concurrent.ThreadPoolExecutor.getTask(ThreadPoolExecutor.java:1074)
        at java.util.concurrent.ThreadPoolExecutor.runWorker(ThreadPoolExecutor.java:1134)
        at java.util.concurrent.ThreadPoolExecutor$Worker.run(ThreadPoolExecutor.java:624)
        at java.lang.Thread.run(Thread.java:750)
"55507c8a-594d-4e25-909f-8d2832294c55-DatanodeReportManager-0" daemon prio=5 tid=1178 in Object.wait()
java.lang.Thread.State: WAITING (on object monitor)
        at sun.misc.Unsafe.park(Native Method)
        at java.util.concurrent.locks.LockSupport.park(LockSupport.java:175)
        at java.util.concurrent.locks.AbstractQueuedSynchronizer$ConditionObject.await(AbstractQueuedSynchronizer.java:2039)
        at java.util.concurrent.ScheduledThreadPoolExecutor$DelayedWorkQueue.take(ScheduledThreadPoolExecutor.java:1088)
        at java.util.concurrent.ScheduledThreadPoolExecutor$DelayedWorkQueue.take(ScheduledThreadPoolExecutor.java:809)
        at java.util.concurrent.ThreadPoolExecutor.getTask(ThreadPoolExecutor.java:1074)
        at java.util.concurrent.ThreadPoolExecutor.runWorker(ThreadPoolExecutor.java:1134)
        at java.util.concurrent.ThreadPoolExecutor$Worker.run(ThreadPoolExecutor.java:624)
        at java.lang.Thread.run(Thread.java:750)
"EventQueue-NodeRegistrationContainerReportForContainerSafeModeRule" daemon prio=5 tid=587 in Object.wait()
java.lang.Thread.State: WAITING (on object monitor)
        at sun.misc.Unsafe.park(Native Method)
        at java.util.concurrent.locks.LockSupport.park(LockSupport.java:175)
        at java.util.concurrent.locks.AbstractQueuedSynchronizer$ConditionObject.await(AbstractQueuedSynchronizer.java:2039)
        at java.util.concurrent.LinkedBlockingQueue.take(LinkedBlockingQueue.java:442)
        at java.util.concurrent.ThreadPoolExecutor.getTask(ThreadPoolExecutor.java:1074)
        at java.util.concurrent.ThreadPoolExecutor.runWorker(ThreadPoolExecutor.java:1134)
        at java.util.concurrent.ThreadPoolExecutor$Worker.run(ThreadPoolExecutor.java:624)
        at java.lang.Thread.run(Thread.java:750)
"94422c73-384a-4d9a-a15d-46d9f5b840aa@group-7E36DD6E81EC-LeaderStateImpl" daemon prio=5 tid=989 timed_waiting
java.lang.Thread.State: TIMED_WAITING
        at sun.misc.Unsafe.park(Native Method)
        at java.util.concurrent.locks.LockSupport.parkNanos(LockSupport.java:215)
        at java.util.concurrent.locks.AbstractQueuedSynchronizer$ConditionObject.awaitNanos(AbstractQueuedSynchronizer.java:2078)
        at java.util.concurrent.ArrayBlockingQueue.poll(ArrayBlockingQueue.java:418)
        at org.apache.ratis.server.impl.LeaderStateImpl$EventQueue.poll(LeaderStateImpl.java:164)
        at org.apache.ratis.server.impl.LeaderStateImpl$EventProcessor.run(LeaderStateImpl.java:702)
"Session-HouseKeeper-2b33e616-1"  prio=5 tid=123 timed_waiting
java.lang.Thread.State: TIMED_WAITING
        at sun.misc.Unsafe.park(Native Method)
        at java.util.concurrent.locks.LockSupport.parkNanos(LockSupport.java:215)
        at java.util.concurrent.locks.AbstractQueuedSynchronizer$ConditionObject.awaitNanos(AbstractQueuedSynchronizer.java:2078)
        at java.util.concurrent.ScheduledThreadPoolExecutor$DelayedWorkQueue.take(ScheduledThreadPoolExecutor.java:1093)
        at java.util.concurrent.ScheduledThreadPoolExecutor$DelayedWorkQueue.take(ScheduledThreadPoolExecutor.java:809)
        at java.util.concurrent.ThreadPoolExecutor.getTask(ThreadPoolExecutor.java:1074)
        at java.util.concurrent.ThreadPoolExecutor.runWorker(ThreadPoolExecutor.java:1134)
        at java.util.concurrent.ThreadPoolExecutor$Worker.run(ThreadPoolExecutor.java:624)
        at java.lang.Thread.run(Thread.java:750)
"qtp1495131145-222" daemon prio=5 tid=222 runnable
java.lang.Thread.State: RUNNABLE
        at sun.nio.ch.EPollArrayWrapper.epollWait(Native Method)
        at sun.nio.ch.EPollArrayWrapper.poll(EPollArrayWrapper.java:269)
        at sun.nio.ch.EPollSelectorImpl.doSelect(EPollSelectorImpl.java:93)
        at sun.nio.ch.SelectorImpl.lockAndDoSelect(SelectorImpl.java:86)
        at sun.nio.ch.SelectorImpl.select(SelectorImpl.java:97)
        at sun.nio.ch.SelectorImpl.select(SelectorImpl.java:101)
        at org.eclipse.jetty.io.ManagedSelector.nioSelect(ManagedSelector.java:183)
        at org.eclipse.jetty.io.ManagedSelector.select(ManagedSelector.java:190)
        at org.eclipse.jetty.io.ManagedSelector$SelectorProducer.select(ManagedSelector.java:606)
        at org.eclipse.jetty.io.ManagedSelector$SelectorProducer.produce(ManagedSelector.java:543)
        at org.eclipse.jetty.util.thread.strategy.EatWhatYouKill.produceTask(EatWhatYouKill.java:362)
        at org.eclipse.jetty.util.thread.strategy.EatWhatYouKill.doProduce(EatWhatYouKill.java:186)
        at org.eclipse.jetty.util.thread.strategy.EatWhatYouKill.tryProduce(EatWhatYouKill.java:173)
        at org.eclipse.jetty.util.thread.strategy.EatWhatYouKill.produce(EatWhatYouKill.java:137)
        at org.eclipse.jetty.io.ManagedSelector$$Lambda$519/294435622.run(Unknown Source)
        at org.eclipse.jetty.util.thread.QueuedThreadPool.runJob(QueuedThreadPool.java:883)
        at org.eclipse.jetty.util.thread.QueuedThreadPool$Runner.run(QueuedThreadPool.java:1034)
        at java.lang.Thread.run(Thread.java:750)
"qtp1663850432-1165" daemon prio=5 tid=1165 timed_waiting
java.lang.Thread.State: TIMED_WAITING
        at sun.misc.Unsafe.park(Native Method)
        at java.util.concurrent.locks.LockSupport.parkNanos(LockSupport.java:215)
        at java.util.concurrent.locks.AbstractQueuedSynchronizer$ConditionObject.awaitNanos(AbstractQueuedSynchronizer.java:2078)
        at org.eclipse.jetty.util.BlockingArrayQueue.poll(BlockingArrayQueue.java:382)
        at org.eclipse.jetty.util.thread.QueuedThreadPool$Runner.idleJobPoll(QueuedThreadPool.java:974)
        at org.eclipse.jetty.util.thread.QueuedThreadPool$Runner.run(QueuedThreadPool.java:1018)
        at java.lang.Thread.run(Thread.java:750)
"timer1" daemon prio=5 tid=897 timed_waiting
java.lang.Thread.State: TIMED_WAITING
        at java.lang.Object.wait(Native Method)
        at java.util.TimerThread.mainLoop(Timer.java:552)
        at java.util.TimerThread.run(Timer.java:505)
"qtp532752228-397-acceptor-0@6de0cd70-ServerConnector@3cb2b2de{HTTP/1.1, (http/1.1)}{0.0.0.0:15072}" daemon prio=3 tid=397 runnable
java.lang.Thread.State: RUNNABLE
        at sun.nio.ch.ServerSocketChannelImpl.accept0(Native Method)
        at sun.nio.ch.ServerSocketChannelImpl.accept(ServerSocketChannelImpl.java:421)
        at sun.nio.ch.ServerSocketChannelImpl.accept(ServerSocketChannelImpl.java:249)
        at org.eclipse.jetty.server.ServerConnector.accept(ServerConnector.java:388)
        at org.eclipse.jetty.server.AbstractConnector$Acceptor.run(AbstractConnector.java:704)
        at org.eclipse.jetty.util.thread.QueuedThreadPool.runJob(QueuedThreadPool.java:883)
        at org.eclipse.jetty.util.thread.QueuedThreadPool$Runner.run(QueuedThreadPool.java:1034)
        at java.lang.Thread.run(Thread.java:750)
"55507c8a-594d-4e25-909f-8d2832294c55@group-3CEA00BD3BAC-StateMachineUpdater" daemon prio=5 tid=1272 timed_waiting
java.lang.Thread.State: TIMED_WAITING
        at sun.misc.Unsafe.park(Native Method)
        at java.util.concurrent.locks.LockSupport.parkNanos(LockSupport.java:215)
        at java.util.concurrent.locks.AbstractQueuedSynchronizer$ConditionObject.await(AbstractQueuedSynchronizer.java:2163)
        at org.apache.ratis.util.AwaitForSignal.await(AwaitForSignal.java:62)
        at org.apache.ratis.server.impl.StateMachineUpdater.waitForCommit(StateMachineUpdater.java:209)
        at org.apache.ratis.server.impl.StateMachineUpdater.run(StateMachineUpdater.java:178)
        at java.lang.Thread.run(Thread.java:750)
"66ee3698-ded8-430f-8ecd-27f356af6e45@group-7E36DD6E81EC-SegmentedRaftLogWorker"  prio=5 tid=773 timed_waiting
java.lang.Thread.State: TIMED_WAITING
        at sun.misc.Unsafe.park(Native Method)
        at java.util.concurrent.locks.LockSupport.parkNanos(LockSupport.java:215)
        at java.util.concurrent.locks.AbstractQueuedSynchronizer$ConditionObject.awaitNanos(AbstractQueuedSynchronizer.java:2078)
        at org.apache.ratis.util.DataBlockingQueue.poll(DataBlockingQueue.java:148)
        at org.apache.ratis.server.raftlog.segmented.SegmentedRaftLogWorker.run(SegmentedRaftLogWorker.java:307)
        at org.apache.ratis.server.raftlog.segmented.SegmentedRaftLogWorker$$Lambda$819/1928678273.run(Unknown Source)
        at java.util.concurrent.Executors$RunnableAdapter.call(Executors.java:511)
        at java.util.concurrent.FutureTask.run(FutureTask.java:266)
        at java.util.concurrent.ThreadPoolExecutor.runWorker(ThreadPoolExecutor.java:1149)
        at java.util.concurrent.ThreadPoolExecutor$Worker.run(ThreadPoolExecutor.java:624)
        at java.lang.Thread.run(Thread.java:750)
"Timer-0"  prio=5 tid=148 timed_waiting
java.lang.Thread.State: TIMED_WAITING
        at java.lang.Object.wait(Native Method)
        at java.util.TimerThread.mainLoop(Timer.java:552)
        at java.util.TimerThread.run(Timer.java:505)
"CompactionDagPruningService" daemon prio=5 tid=129 timed_waiting
java.lang.Thread.State: TIMED_WAITING
        at sun.misc.Unsafe.park(Native Method)
        at java.util.concurrent.locks.LockSupport.parkNanos(LockSupport.java:215)
        at java.util.concurrent.locks.AbstractQueuedSynchronizer$ConditionObject.awaitNanos(AbstractQueuedSynchronizer.java:2078)
        at java.util.concurrent.ScheduledThreadPoolExecutor$DelayedWorkQueue.take(ScheduledThreadPoolExecutor.java:1093)
        at java.util.concurrent.ScheduledThreadPoolExecutor$DelayedWorkQueue.take(ScheduledThreadPoolExecutor.java:809)
        at java.util.concurrent.ThreadPoolExecutor.getTask(ThreadPoolExecutor.java:1074)
        at java.util.concurrent.ThreadPoolExecutor.runWorker(ThreadPoolExecutor.java:1134)
        at java.util.concurrent.ThreadPoolExecutor$Worker.run(ThreadPoolExecutor.java:624)
        at java.lang.Thread.run(Thread.java:750)
"IPC Server listener on 15002" daemon prio=5 tid=25 runnable
java.lang.Thread.State: RUNNABLE
        at sun.nio.ch.EPollArrayWrapper.epollWait(Native Method)
        at sun.nio.ch.EPollArrayWrapper.poll(EPollArrayWrapper.java:269)
        at sun.nio.ch.EPollSelectorImpl.doSelect(EPollSelectorImpl.java:93)
        at sun.nio.ch.SelectorImpl.lockAndDoSelect(SelectorImpl.java:86)
        at sun.nio.ch.SelectorImpl.select(SelectorImpl.java:97)
        at sun.nio.ch.SelectorImpl.select(SelectorImpl.java:101)
        at org.apache.hadoop.ipc.Server$Listener.run(Server.java:1408)
"IPC Server handler 6 on default port 15004" daemon prio=5 tid=171 timed_waiting
java.lang.Thread.State: TIMED_WAITING
        at sun.misc.Unsafe.park(Native Method)
        at java.util.concurrent.locks.LockSupport.parkNanos(LockSupport.java:215)
        at java.util.concurrent.locks.AbstractQueuedSynchronizer$ConditionObject.awaitNanos(AbstractQueuedSynchronizer.java:2078)
        at java.util.concurrent.LinkedBlockingQueue.poll(LinkedBlockingQueue.java:467)
        at org.apache.hadoop.ipc.CallQueueManager.take(CallQueueManager.java:317)
        at org.apache.hadoop.ipc.Server$Handler.run(Server.java:3014)
"StaleRecoveringContainerScrubbingService#7" daemon prio=5 tid=1444 in Object.wait()
java.lang.Thread.State: WAITING (on object monitor)
        at sun.misc.Unsafe.park(Native Method)
        at java.util.concurrent.locks.LockSupport.park(LockSupport.java:175)
        at java.util.concurrent.locks.AbstractQueuedSynchronizer$ConditionObject.await(AbstractQueuedSynchronizer.java:2039)
        at java.util.concurrent.ScheduledThreadPoolExecutor$DelayedWorkQueue.take(ScheduledThreadPoolExecutor.java:1088)
        at java.util.concurrent.ScheduledThreadPoolExecutor$DelayedWorkQueue.take(ScheduledThreadPoolExecutor.java:809)
        at java.util.concurrent.ThreadPoolExecutor.getTask(ThreadPoolExecutor.java:1074)
        at java.util.concurrent.ThreadPoolExecutor.runWorker(ThreadPoolExecutor.java:1134)
        at java.util.concurrent.ThreadPoolExecutor$Worker.run(ThreadPoolExecutor.java:624)
        at java.lang.Thread.run(Thread.java:750)
"StaleRecoveringContainerScrubbingService#0" daemon prio=5 tid=604 in Object.wait()
java.lang.Thread.State: WAITING (on object monitor)
        at sun.misc.Unsafe.park(Native Method)
        at java.util.concurrent.locks.LockSupport.park(LockSupport.java:175)
        at java.util.concurrent.locks.AbstractQueuedSynchronizer$ConditionObject.await(AbstractQueuedSynchronizer.java:2039)
        at java.util.concurrent.ScheduledThreadPoolExecutor$DelayedWorkQueue.take(ScheduledThreadPoolExecutor.java:1088)
        at java.util.concurrent.ScheduledThreadPoolExecutor$DelayedWorkQueue.take(ScheduledThreadPoolExecutor.java:809)
        at java.util.concurrent.ThreadPoolExecutor.getTask(ThreadPoolExecutor.java:1074)
        at java.util.concurrent.ThreadPoolExecutor.runWorker(ThreadPoolExecutor.java:1134)
        at java.util.concurrent.ThreadPoolExecutor$Worker.run(ThreadPoolExecutor.java:624)
        at java.lang.Thread.run(Thread.java:750)
"om1-SnapshotDiffCleanupService#0" daemon prio=5 tid=130 timed_waiting
java.lang.Thread.State: TIMED_WAITING
        at sun.misc.Unsafe.park(Native Method)
        at java.util.concurrent.locks.LockSupport.parkNanos(LockSupport.java:215)
        at java.util.concurrent.locks.AbstractQueuedSynchronizer$ConditionObject.awaitNanos(AbstractQueuedSynchronizer.java:2078)
        at java.util.concurrent.ScheduledThreadPoolExecutor$DelayedWorkQueue.take(ScheduledThreadPoolExecutor.java:1093)
        at java.util.concurrent.ScheduledThreadPoolExecutor$DelayedWorkQueue.take(ScheduledThreadPoolExecutor.java:809)
        at java.util.concurrent.ThreadPoolExecutor.getTask(ThreadPoolExecutor.java:1074)
        at java.util.concurrent.ThreadPoolExecutor.runWorker(ThreadPoolExecutor.java:1134)
        at java.util.concurrent.ThreadPoolExecutor$Worker.run(ThreadPoolExecutor.java:624)
        at java.lang.Thread.run(Thread.java:750)
"f612f2cf-90dc-41dc-bf39-cf028d38c484-ChunkWriter-1-0" daemon prio=5 tid=598 in Object.wait()
java.lang.Thread.State: WAITING (on object monitor)
        at sun.misc.Unsafe.park(Native Method)
        at java.util.concurrent.locks.LockSupport.park(LockSupport.java:175)
        at java.util.concurrent.locks.AbstractQueuedSynchronizer$ConditionObject.await(AbstractQueuedSynchronizer.java:2039)
        at java.util.concurrent.LinkedBlockingDeque.takeFirst(LinkedBlockingDeque.java:492)
        at java.util.concurrent.LinkedBlockingDeque.take(LinkedBlockingDeque.java:680)
        at java.util.concurrent.ThreadPoolExecutor.getTask(ThreadPoolExecutor.java:1074)
        at java.util.concurrent.ThreadPoolExecutor.runWorker(ThreadPoolExecutor.java:1134)
        at java.util.concurrent.ThreadPoolExecutor$Worker.run(ThreadPoolExecutor.java:624)
        at java.lang.Thread.run(Thread.java:750)
"IPC Server handler 2 on default port 15004" daemon prio=5 tid=167 timed_waiting
java.lang.Thread.State: TIMED_WAITING
        at sun.misc.Unsafe.park(Native Method)
        at java.util.concurrent.locks.LockSupport.parkNanos(LockSupport.java:215)
        at java.util.concurrent.locks.AbstractQueuedSynchronizer$ConditionObject.awaitNanos(AbstractQueuedSynchronizer.java:2078)
        at java.util.concurrent.LinkedBlockingQueue.poll(LinkedBlockingQueue.java:467)
        at org.apache.hadoop.ipc.CallQueueManager.take(CallQueueManager.java:317)
        at org.apache.hadoop.ipc.Server$Handler.run(Server.java:3014)
"f612f2cf-90dc-41dc-bf39-cf028d38c484@group-B006CA637614-SegmentedRaftLogWorker"  prio=5 tid=724 timed_waiting
java.lang.Thread.State: TIMED_WAITING
        at sun.misc.Unsafe.park(Native Method)
        at java.util.concurrent.locks.LockSupport.parkNanos(LockSupport.java:215)
        at java.util.concurrent.locks.AbstractQueuedSynchronizer$ConditionObject.awaitNanos(AbstractQueuedSynchronizer.java:2078)
        at org.apache.ratis.util.DataBlockingQueue.poll(DataBlockingQueue.java:148)
        at org.apache.ratis.server.raftlog.segmented.SegmentedRaftLogWorker.run(SegmentedRaftLogWorker.java:307)
        at org.apache.ratis.server.raftlog.segmented.SegmentedRaftLogWorker$$Lambda$819/1928678273.run(Unknown Source)
        at java.util.concurrent.Executors$RunnableAdapter.call(Executors.java:511)
        at java.util.concurrent.FutureTask.run(FutureTask.java:266)
        at java.util.concurrent.ThreadPoolExecutor.runWorker(ThreadPoolExecutor.java:1149)
        at java.util.concurrent.ThreadPoolExecutor$Worker.run(ThreadPoolExecutor.java:624)
        at java.lang.Thread.run(Thread.java:750)
"DatanodeAdminManager-0" daemon prio=5 tid=23 timed_waiting
java.lang.Thread.State: TIMED_WAITING
        at sun.misc.Unsafe.park(Native Method)
        at java.util.concurrent.locks.LockSupport.parkNanos(LockSupport.java:215)
        at java.util.concurrent.locks.AbstractQueuedSynchronizer$ConditionObject.awaitNanos(AbstractQueuedSynchronizer.java:2078)
        at java.util.concurrent.ScheduledThreadPoolExecutor$DelayedWorkQueue.take(ScheduledThreadPoolExecutor.java:1093)
        at java.util.concurrent.ScheduledThreadPoolExecutor$DelayedWorkQueue.take(ScheduledThreadPoolExecutor.java:809)
        at java.util.concurrent.ThreadPoolExecutor.getTask(ThreadPoolExecutor.java:1074)
        at java.util.concurrent.ThreadPoolExecutor.runWorker(ThreadPoolExecutor.java:1134)
        at java.util.concurrent.ThreadPoolExecutor$Worker.run(ThreadPoolExecutor.java:624)
        at java.lang.Thread.run(Thread.java:750)
"f612f2cf-90dc-41dc-bf39-cf028d38c484@group-3CEA00BD3BAC-SegmentedRaftLogWorker"  prio=5 tid=1267 timed_waiting
java.lang.Thread.State: TIMED_WAITING
        at sun.misc.Unsafe.park(Native Method)
        at java.util.concurrent.locks.LockSupport.parkNanos(LockSupport.java:215)
        at java.util.concurrent.locks.AbstractQueuedSynchronizer$ConditionObject.awaitNanos(AbstractQueuedSynchronizer.java:2078)
        at org.apache.ratis.util.DataBlockingQueue.poll(DataBlockingQueue.java:148)
        at org.apache.ratis.server.raftlog.segmented.SegmentedRaftLogWorker.run(SegmentedRaftLogWorker.java:307)
        at org.apache.ratis.server.raftlog.segmented.SegmentedRaftLogWorker$$Lambda$819/1928678273.run(Unknown Source)
        at java.util.concurrent.Executors$RunnableAdapter.call(Executors.java:511)
        at java.util.concurrent.FutureTask.run(FutureTask.java:266)
        at java.util.concurrent.ThreadPoolExecutor.runWorker(ThreadPoolExecutor.java:1149)
        at java.util.concurrent.ThreadPoolExecutor$Worker.run(ThreadPoolExecutor.java:624)
        at java.lang.Thread.run(Thread.java:750)
"5b9beb6f-d596-489f-8a17-e362b772df82-BlockDeletingService#2" daemon prio=5 tid=1451 in Object.wait()
java.lang.Thread.State: WAITING (on object monitor)
        at sun.misc.Unsafe.park(Native Method)
        at java.util.concurrent.locks.LockSupport.park(LockSupport.java:175)
        at java.util.concurrent.locks.AbstractQueuedSynchronizer$ConditionObject.await(AbstractQueuedSynchronizer.java:2039)
        at java.util.concurrent.ScheduledThreadPoolExecutor$DelayedWorkQueue.take(ScheduledThreadPoolExecutor.java:1088)
        at java.util.concurrent.ScheduledThreadPoolExecutor$DelayedWorkQueue.take(ScheduledThreadPoolExecutor.java:809)
        at java.util.concurrent.ThreadPoolExecutor.getTask(ThreadPoolExecutor.java:1074)
        at java.util.concurrent.ThreadPoolExecutor.runWorker(ThreadPoolExecutor.java:1134)
        at java.util.concurrent.ThreadPoolExecutor$Worker.run(ThreadPoolExecutor.java:624)
        at java.lang.Thread.run(Thread.java:750)
"5b9beb6f-d596-489f-8a17-e362b772df82-ChunkWriter-3-0" daemon prio=5 tid=632 in Object.wait()
java.lang.Thread.State: WAITING (on object monitor)
        at sun.misc.Unsafe.park(Native Method)
        at java.util.concurrent.locks.LockSupport.park(LockSupport.java:175)
        at java.util.concurrent.locks.AbstractQueuedSynchronizer$ConditionObject.await(AbstractQueuedSynchronizer.java:2039)
        at java.util.concurrent.LinkedBlockingDeque.takeFirst(LinkedBlockingDeque.java:492)
        at java.util.concurrent.LinkedBlockingDeque.take(LinkedBlockingDeque.java:680)
        at java.util.concurrent.ThreadPoolExecutor.getTask(ThreadPoolExecutor.java:1074)
        at java.util.concurrent.ThreadPoolExecutor.runWorker(ThreadPoolExecutor.java:1134)
        at java.util.concurrent.ThreadPoolExecutor$Worker.run(ThreadPoolExecutor.java:624)
        at java.lang.Thread.run(Thread.java:750)
"Session-HouseKeeper-67b2bcbd-1"  prio=5 tid=230 timed_waiting
java.lang.Thread.State: TIMED_WAITING
        at sun.misc.Unsafe.park(Native Method)
        at java.util.concurrent.locks.LockSupport.parkNanos(LockSupport.java:215)
        at java.util.concurrent.locks.AbstractQueuedSynchronizer$ConditionObject.awaitNanos(AbstractQueuedSynchronizer.java:2078)
        at java.util.concurrent.ScheduledThreadPoolExecutor$DelayedWorkQueue.take(ScheduledThreadPoolExecutor.java:1093)
        at java.util.concurrent.ScheduledThreadPoolExecutor$DelayedWorkQueue.take(ScheduledThreadPoolExecutor.java:809)
        at java.util.concurrent.ThreadPoolExecutor.getTask(ThreadPoolExecutor.java:1074)
        at java.util.concurrent.ThreadPoolExecutor.runWorker(ThreadPoolExecutor.java:1134)
        at java.util.concurrent.ThreadPoolExecutor$Worker.run(ThreadPoolExecutor.java:624)
        at java.lang.Thread.run(Thread.java:750)
"55507c8a-594d-4e25-909f-8d2832294c55@group-456B59E875E4-LeaderStateImpl" daemon prio=5 tid=1331 timed_waiting
java.lang.Thread.State: TIMED_WAITING
        at sun.misc.Unsafe.park(Native Method)
        at java.util.concurrent.locks.LockSupport.parkNanos(LockSupport.java:215)
        at java.util.concurrent.locks.AbstractQueuedSynchronizer$ConditionObject.awaitNanos(AbstractQueuedSynchronizer.java:2078)
        at java.util.concurrent.ArrayBlockingQueue.poll(ArrayBlockingQueue.java:418)
        at org.apache.ratis.server.impl.LeaderStateImpl$EventQueue.poll(LeaderStateImpl.java:164)
        at org.apache.ratis.server.impl.LeaderStateImpl$EventProcessor.run(LeaderStateImpl.java:702)
"qtp433327046-193" daemon prio=5 tid=193 runnable
java.lang.Thread.State: RUNNABLE
        at sun.nio.ch.EPollArrayWrapper.epollWait(Native Method)
        at sun.nio.ch.EPollArrayWrapper.poll(EPollArrayWrapper.java:269)
        at sun.nio.ch.EPollSelectorImpl.doSelect(EPollSelectorImpl.java:93)
        at sun.nio.ch.SelectorImpl.lockAndDoSelect(SelectorImpl.java:86)
        at sun.nio.ch.SelectorImpl.select(SelectorImpl.java:97)
        at sun.nio.ch.SelectorImpl.select(SelectorImpl.java:101)
        at org.eclipse.jetty.io.ManagedSelector.nioSelect(ManagedSelector.java:183)
        at org.eclipse.jetty.io.ManagedSelector.select(ManagedSelector.java:190)
        at org.eclipse.jetty.io.ManagedSelector$SelectorProducer.select(ManagedSelector.java:606)
        at org.eclipse.jetty.io.ManagedSelector$SelectorProducer.produce(ManagedSelector.java:543)
        at org.eclipse.jetty.util.thread.strategy.EatWhatYouKill.produceTask(EatWhatYouKill.java:362)
        at org.eclipse.jetty.util.thread.strategy.EatWhatYouKill.doProduce(EatWhatYouKill.java:186)
        at org.eclipse.jetty.util.thread.strategy.EatWhatYouKill.tryProduce(EatWhatYouKill.java:173)
        at org.eclipse.jetty.util.thread.strategy.EatWhatYouKill.produce(EatWhatYouKill.java:137)
        at org.eclipse.jetty.io.ManagedSelector$$Lambda$519/294435622.run(Unknown Source)
        at org.eclipse.jetty.util.thread.QueuedThreadPool.runJob(QueuedThreadPool.java:883)
        at org.eclipse.jetty.util.thread.QueuedThreadPool$Runner.run(QueuedThreadPool.java:1034)
        at java.lang.Thread.run(Thread.java:750)
"f612f2cf-90dc-41dc-bf39-cf028d38c484-PeriodicHDDSVolumeChecker" daemon prio=5 tid=593 timed_waiting
java.lang.Thread.State: TIMED_WAITING
        at sun.misc.Unsafe.park(Native Method)
        at java.util.concurrent.locks.LockSupport.parkNanos(LockSupport.java:215)
        at java.util.concurrent.locks.AbstractQueuedSynchronizer$ConditionObject.awaitNanos(AbstractQueuedSynchronizer.java:2078)
        at java.util.concurrent.ScheduledThreadPoolExecutor$DelayedWorkQueue.take(ScheduledThreadPoolExecutor.java:1093)
        at java.util.concurrent.ScheduledThreadPoolExecutor$DelayedWorkQueue.take(ScheduledThreadPoolExecutor.java:809)
        at java.util.concurrent.ThreadPoolExecutor.getTask(ThreadPoolExecutor.java:1074)
        at java.util.concurrent.ThreadPoolExecutor.runWorker(ThreadPoolExecutor.java:1134)
        at java.util.concurrent.ThreadPoolExecutor$Worker.run(ThreadPoolExecutor.java:624)
        at java.lang.Thread.run(Thread.java:750)
"qtp1663850432-1164" daemon prio=5 tid=1164 timed_waiting
java.lang.Thread.State: TIMED_WAITING
        at sun.misc.Unsafe.park(Native Method)
        at java.util.concurrent.locks.LockSupport.parkNanos(LockSupport.java:215)
        at java.util.concurrent.locks.AbstractQueuedSynchronizer$ConditionObject.awaitNanos(AbstractQueuedSynchronizer.java:2078)
        at org.eclipse.jetty.util.BlockingArrayQueue.poll(BlockingArrayQueue.java:382)
        at org.eclipse.jetty.util.thread.QueuedThreadPool$Runner.idleJobPoll(QueuedThreadPool.java:974)
        at org.eclipse.jetty.util.thread.QueuedThreadPool$Runner.run(QueuedThreadPool.java:1018)
        at java.lang.Thread.run(Thread.java:750)
"IPC Server handler 14 on default port 15000" daemon prio=5 tid=65 timed_waiting
java.lang.Thread.State: TIMED_WAITING
        at sun.misc.Unsafe.park(Native Method)
        at java.util.concurrent.locks.LockSupport.parkNanos(LockSupport.java:215)
        at java.util.concurrent.locks.AbstractQueuedSynchronizer$ConditionObject.awaitNanos(AbstractQueuedSynchronizer.java:2078)
        at java.util.concurrent.LinkedBlockingQueue.poll(LinkedBlockingQueue.java:467)
        at org.apache.hadoop.ipc.CallQueueManager.take(CallQueueManager.java:317)
        at org.apache.hadoop.ipc.Server$Handler.run(Server.java:3014)
"org.apache.hadoop.ozone.container.common.statemachine.commandhandler.DeleteBlocksCommandHandler$DeleteCmdWorker@17833f" daemon prio=5 tid=394 timed_waiting
java.lang.Thread.State: TIMED_WAITING
        at java.lang.Thread.sleep(Native Method)
        at org.apache.hadoop.ozone.container.common.statemachine.commandhandler.DeleteBlocksCommandHandler$DeleteCmdWorker.run(DeleteBlocksCommandHandler.java:237)
        at java.lang.Thread.run(Thread.java:750)
"qtp2046986915-341" daemon prio=5 tid=341 timed_waiting
java.lang.Thread.State: TIMED_WAITING
        at sun.misc.Unsafe.park(Native Method)
        at java.util.concurrent.locks.LockSupport.parkNanos(LockSupport.java:215)
        at java.util.concurrent.locks.AbstractQueuedSynchronizer$ConditionObject.awaitNanos(AbstractQueuedSynchronizer.java:2078)
        at org.eclipse.jetty.util.BlockingArrayQueue.poll(BlockingArrayQueue.java:382)
        at org.eclipse.jetty.util.thread.QueuedThreadPool$Runner.idleJobPoll(QueuedThreadPool.java:974)
        at org.eclipse.jetty.util.thread.QueuedThreadPool$Runner.run(QueuedThreadPool.java:1018)
        at java.lang.Thread.run(Thread.java:750)
"f612f2cf-90dc-41dc-bf39-cf028d38c484@group-3CEA00BD3BAC-FollowerState" daemon prio=5 tid=1319 timed_waiting
java.lang.Thread.State: TIMED_WAITING
        at java.lang.Thread.sleep(Native Method)
        at java.lang.Thread.sleep(Thread.java:342)
        at java.util.concurrent.TimeUnit.sleep(TimeUnit.java:386)
        at org.apache.ratis.util.TimeDuration.sleep(TimeDuration.java:325)
        at org.apache.ratis.util.TimeDuration.sleep(TimeDuration.java:310)
        at org.apache.ratis.server.impl.FollowerState.run(FollowerState.java:128)
"IPC Server handler 0 on default port 15001" daemon prio=5 tid=71 timed_waiting
java.lang.Thread.State: TIMED_WAITING
        at sun.misc.Unsafe.park(Native Method)
        at java.util.concurrent.locks.LockSupport.parkNanos(LockSupport.java:215)
        at java.util.concurrent.locks.AbstractQueuedSynchronizer$ConditionObject.awaitNanos(AbstractQueuedSynchronizer.java:2078)
        at java.util.concurrent.LinkedBlockingQueue.poll(LinkedBlockingQueue.java:467)
        at org.apache.hadoop.ipc.CallQueueManager.take(CallQueueManager.java:317)
        at org.apache.hadoop.ipc.Server$Handler.run(Server.java:3014)
"55507c8a-594d-4e25-909f-8d2832294c55-ChunkReader-4" daemon prio=5 tid=1469 in Object.wait()
java.lang.Thread.State: WAITING (on object monitor)
        at sun.misc.Unsafe.park(Native Method)
        at java.util.concurrent.locks.LockSupport.park(LockSupport.java:175)
        at java.util.concurrent.locks.AbstractQueuedSynchronizer$ConditionObject.await(AbstractQueuedSynchronizer.java:2039)
        at java.util.concurrent.LinkedBlockingQueue.take(LinkedBlockingQueue.java:442)
        at java.util.concurrent.ThreadPoolExecutor.getTask(ThreadPoolExecutor.java:1074)
        at java.util.concurrent.ThreadPoolExecutor.runWorker(ThreadPoolExecutor.java:1134)
        at java.util.concurrent.ThreadPoolExecutor$Worker.run(ThreadPoolExecutor.java:624)
        at java.lang.Thread.run(Thread.java:750)
"StaleRecoveringContainerScrubbingService#9" daemon prio=5 tid=1493 in Object.wait()
java.lang.Thread.State: WAITING (on object monitor)
        at sun.misc.Unsafe.park(Native Method)
        at java.util.concurrent.locks.LockSupport.park(LockSupport.java:175)
        at java.util.concurrent.locks.AbstractQueuedSynchronizer$ConditionObject.await(AbstractQueuedSynchronizer.java:2039)
        at java.util.concurrent.ScheduledThreadPoolExecutor$DelayedWorkQueue.take(ScheduledThreadPoolExecutor.java:1088)
        at java.util.concurrent.ScheduledThreadPoolExecutor$DelayedWorkQueue.take(ScheduledThreadPoolExecutor.java:809)
        at java.util.concurrent.ThreadPoolExecutor.getTask(ThreadPoolExecutor.java:1074)
        at java.util.concurrent.ThreadPoolExecutor.runWorker(ThreadPoolExecutor.java:1134)
        at java.util.concurrent.ThreadPoolExecutor$Worker.run(ThreadPoolExecutor.java:624)
        at java.lang.Thread.run(Thread.java:750)
"55507c8a-594d-4e25-909f-8d2832294c55-server-thread1" daemon prio=5 tid=1325 timed_waiting
java.lang.Thread.State: TIMED_WAITING
        at sun.misc.Unsafe.park(Native Method)
        at java.util.concurrent.locks.LockSupport.parkNanos(LockSupport.java:215)
        at java.util.concurrent.SynchronousQueue$TransferStack.awaitFulfill(SynchronousQueue.java:460)
        at java.util.concurrent.SynchronousQueue$TransferStack.transfer(SynchronousQueue.java:362)
        at java.util.concurrent.SynchronousQueue.poll(SynchronousQueue.java:941)
        at java.util.concurrent.ThreadPoolExecutor.getTask(ThreadPoolExecutor.java:1073)
        at java.util.concurrent.ThreadPoolExecutor.runWorker(ThreadPoolExecutor.java:1134)
        at java.util.concurrent.ThreadPoolExecutor$Worker.run(ThreadPoolExecutor.java:624)
        at java.lang.Thread.run(Thread.java:750)
"om1-groupManagement"  prio=5 tid=134 in Object.wait()
java.lang.Thread.State: WAITING (on object monitor)
        at sun.misc.Unsafe.park(Native Method)
        at java.util.concurrent.locks.LockSupport.park(LockSupport.java:175)
        at java.util.concurrent.locks.AbstractQueuedSynchronizer$ConditionObject.await(AbstractQueuedSynchronizer.java:2039)
        at java.util.concurrent.LinkedBlockingQueue.take(LinkedBlockingQueue.java:442)
        at java.util.concurrent.ThreadPoolExecutor.getTask(ThreadPoolExecutor.java:1074)
        at java.util.concurrent.ThreadPoolExecutor.runWorker(ThreadPoolExecutor.java:1134)
        at java.util.concurrent.ThreadPoolExecutor$Worker.run(ThreadPoolExecutor.java:624)
        at java.lang.Thread.run(Thread.java:750)
"1407d0d1-39ba-4bc0-b697-1e16e43cd838-PipelineCommandHandlerThread-0"  prio=5 tid=672 in Object.wait()
java.lang.Thread.State: WAITING (on object monitor)
        at sun.misc.Unsafe.park(Native Method)
        at java.util.concurrent.locks.LockSupport.park(LockSupport.java:175)
        at java.util.concurrent.locks.AbstractQueuedSynchronizer$ConditionObject.await(AbstractQueuedSynchronizer.java:2039)
        at java.util.concurrent.LinkedBlockingQueue.take(LinkedBlockingQueue.java:442)
        at java.util.concurrent.ThreadPoolExecutor.getTask(ThreadPoolExecutor.java:1074)
        at java.util.concurrent.ThreadPoolExecutor.runWorker(ThreadPoolExecutor.java:1134)
        at java.util.concurrent.ThreadPoolExecutor$Worker.run(ThreadPoolExecutor.java:624)
        at java.lang.Thread.run(Thread.java:750)
"3fb99649-c87f-4cc9-b3d9-f5c572ff189c-DatanodeStateMachineTaskThread-0"  prio=5 tid=302 in Object.wait()
java.lang.Thread.State: WAITING (on object monitor)
        at sun.misc.Unsafe.park(Native Method)
        at java.util.concurrent.locks.LockSupport.park(LockSupport.java:175)
        at java.util.concurrent.locks.AbstractQueuedSynchronizer$ConditionObject.await(AbstractQueuedSynchronizer.java:2039)
        at java.util.concurrent.LinkedBlockingQueue.take(LinkedBlockingQueue.java:442)
        at java.util.concurrent.ThreadPoolExecutor.getTask(ThreadPoolExecutor.java:1074)
        at java.util.concurrent.ThreadPoolExecutor.runWorker(ThreadPoolExecutor.java:1134)
        at java.util.concurrent.ThreadPoolExecutor$Worker.run(ThreadPoolExecutor.java:624)
        at java.lang.Thread.run(Thread.java:750)
"org.apache.hadoop.ozone.container.common.statemachine.commandhandler.DeleteBlocksCommandHandler$DeleteCmdWorker@411f5b08" daemon prio=5 tid=249 timed_waiting
java.lang.Thread.State: TIMED_WAITING
        at java.lang.Thread.sleep(Native Method)
        at org.apache.hadoop.ozone.container.common.statemachine.commandhandler.DeleteBlocksCommandHandler$DeleteCmdWorker.run(DeleteBlocksCommandHandler.java:237)
        at java.lang.Thread.run(Thread.java:750)
"IPC Server idle connection scanner for port 15028" daemon prio=5 tid=262 timed_waiting
java.lang.Thread.State: TIMED_WAITING
        at java.lang.Object.wait(Native Method)
        at java.util.TimerThread.mainLoop(Timer.java:552)
        at java.util.TimerThread.run(Timer.java:505)
"94422c73-384a-4d9a-a15d-46d9f5b840aa@group-7E36DD6E81EC-SegmentedRaftLogWorker"  prio=5 tid=784 timed_waiting
java.lang.Thread.State: TIMED_WAITING
        at sun.misc.Unsafe.park(Native Method)
        at java.util.concurrent.locks.LockSupport.parkNanos(LockSupport.java:215)
        at java.util.concurrent.locks.AbstractQueuedSynchronizer$ConditionObject.awaitNanos(AbstractQueuedSynchronizer.java:2078)
        at org.apache.ratis.util.DataBlockingQueue.poll(DataBlockingQueue.java:148)
        at org.apache.ratis.server.raftlog.segmented.SegmentedRaftLogWorker.run(SegmentedRaftLogWorker.java:307)
        at org.apache.ratis.server.raftlog.segmented.SegmentedRaftLogWorker$$Lambda$819/1928678273.run(Unknown Source)
        at java.util.concurrent.Executors$RunnableAdapter.call(Executors.java:511)
        at java.util.concurrent.FutureTask.run(FutureTask.java:266)
        at java.util.concurrent.ThreadPoolExecutor.runWorker(ThreadPoolExecutor.java:1149)
        at java.util.concurrent.ThreadPoolExecutor$Worker.run(ThreadPoolExecutor.java:624)
        at java.lang.Thread.run(Thread.java:750)
"94422c73-384a-4d9a-a15d-46d9f5b840aa-PipelineCommandHandlerThread-0"  prio=5 tid=640 in Object.wait()
java.lang.Thread.State: WAITING (on object monitor)
        at sun.misc.Unsafe.park(Native Method)
        at java.util.concurrent.locks.LockSupport.park(LockSupport.java:175)
        at java.util.concurrent.locks.AbstractQueuedSynchronizer$ConditionObject.await(AbstractQueuedSynchronizer.java:2039)
        at java.util.concurrent.LinkedBlockingQueue.take(LinkedBlockingQueue.java:442)
        at java.util.concurrent.ThreadPoolExecutor.getTask(ThreadPoolExecutor.java:1074)
        at java.util.concurrent.ThreadPoolExecutor.runWorker(ThreadPoolExecutor.java:1134)
        at java.util.concurrent.ThreadPoolExecutor$Worker.run(ThreadPoolExecutor.java:624)
        at java.lang.Thread.run(Thread.java:750)
"5b9beb6f-d596-489f-8a17-e362b772df82-CloseContainerThread-1"  prio=5 tid=1110 in Object.wait()
java.lang.Thread.State: WAITING (on object monitor)
        at sun.misc.Unsafe.park(Native Method)
        at java.util.concurrent.locks.LockSupport.park(LockSupport.java:175)
        at java.util.concurrent.locks.AbstractQueuedSynchronizer$ConditionObject.await(AbstractQueuedSynchronizer.java:2039)
        at java.util.concurrent.LinkedBlockingQueue.take(LinkedBlockingQueue.java:442)
        at java.util.concurrent.ThreadPoolExecutor.getTask(ThreadPoolExecutor.java:1074)
        at java.util.concurrent.ThreadPoolExecutor.runWorker(ThreadPoolExecutor.java:1134)
        at java.util.concurrent.ThreadPoolExecutor$Worker.run(ThreadPoolExecutor.java:624)
        at java.lang.Thread.run(Thread.java:750)
"0ef615e1-91db-4ede-b924-53e2d320f02d-ChunkWriter-3-0" daemon prio=5 tid=475 in Object.wait()
java.lang.Thread.State: WAITING (on object monitor)
        at sun.misc.Unsafe.park(Native Method)
        at java.util.concurrent.locks.LockSupport.park(LockSupport.java:175)
        at java.util.concurrent.locks.AbstractQueuedSynchronizer$ConditionObject.await(AbstractQueuedSynchronizer.java:2039)
        at java.util.concurrent.LinkedBlockingDeque.takeFirst(LinkedBlockingDeque.java:492)
        at java.util.concurrent.LinkedBlockingDeque.take(LinkedBlockingDeque.java:680)
        at java.util.concurrent.ThreadPoolExecutor.getTask(ThreadPoolExecutor.java:1074)
        at java.util.concurrent.ThreadPoolExecutor.runWorker(ThreadPoolExecutor.java:1134)
        at java.util.concurrent.ThreadPoolExecutor$Worker.run(ThreadPoolExecutor.java:624)
        at java.lang.Thread.run(Thread.java:750)
"Socket Reader #1 for port 15004"  prio=5 tid=138 runnable
java.lang.Thread.State: RUNNABLE
        at sun.nio.ch.EPollArrayWrapper.epollWait(Native Method)
        at sun.nio.ch.EPollArrayWrapper.poll(EPollArrayWrapper.java:269)
        at sun.nio.ch.EPollSelectorImpl.doSelect(EPollSelectorImpl.java:93)
        at sun.nio.ch.SelectorImpl.lockAndDoSelect(SelectorImpl.java:86)
        at sun.nio.ch.SelectorImpl.select(SelectorImpl.java:97)
        at sun.nio.ch.SelectorImpl.select(SelectorImpl.java:101)
        at org.apache.hadoop.ipc.Server$Listener$Reader.doRunLoop(Server.java:1346)
        at org.apache.hadoop.ipc.Server$Listener$Reader.run(Server.java:1325)
"StaleRecoveringContainerScrubbingService#5" daemon prio=5 tid=1474 in Object.wait()
java.lang.Thread.State: WAITING (on object monitor)
        at sun.misc.Unsafe.park(Native Method)
        at java.util.concurrent.locks.LockSupport.park(LockSupport.java:175)
        at java.util.concurrent.locks.AbstractQueuedSynchronizer$ConditionObject.await(AbstractQueuedSynchronizer.java:2039)
        at java.util.concurrent.ScheduledThreadPoolExecutor$DelayedWorkQueue.take(ScheduledThreadPoolExecutor.java:1088)
        at java.util.concurrent.ScheduledThreadPoolExecutor$DelayedWorkQueue.take(ScheduledThreadPoolExecutor.java:809)
        at java.util.concurrent.ThreadPoolExecutor.getTask(ThreadPoolExecutor.java:1074)
        at java.util.concurrent.ThreadPoolExecutor.runWorker(ThreadPoolExecutor.java:1134)
        at java.util.concurrent.ThreadPoolExecutor$Worker.run(ThreadPoolExecutor.java:624)
        at java.lang.Thread.run(Thread.java:750)
"23554148-3e4d-431f-a73e-f2401dbff1d4-ChunkReader-3" daemon prio=5 tid=1467 in Object.wait()
java.lang.Thread.State: WAITING (on object monitor)
        at sun.misc.Unsafe.park(Native Method)
        at java.util.concurrent.locks.LockSupport.park(LockSupport.java:175)
        at java.util.concurrent.locks.AbstractQueuedSynchronizer$ConditionObject.await(AbstractQueuedSynchronizer.java:2039)
        at java.util.concurrent.LinkedBlockingQueue.take(LinkedBlockingQueue.java:442)
        at java.util.concurrent.ThreadPoolExecutor.getTask(ThreadPoolExecutor.java:1074)
        at java.util.concurrent.ThreadPoolExecutor.runWorker(ThreadPoolExecutor.java:1134)
        at java.util.concurrent.ThreadPoolExecutor$Worker.run(ThreadPoolExecutor.java:624)
        at java.lang.Thread.run(Thread.java:750)
"5b9beb6f-d596-489f-8a17-e362b772df82-ChunkReader-ELG-0" daemon prio=5 tid=634 runnable
java.lang.Thread.State: RUNNABLE
        at org.apache.ratis.thirdparty.io.netty.channel.epoll.Native.epollWait0(Native Method)
        at org.apache.ratis.thirdparty.io.netty.channel.epoll.Native.epollWait(Native.java:182)
        at org.apache.ratis.thirdparty.io.netty.channel.epoll.EpollEventLoop.epollWait(EpollEventLoop.java:302)
        at org.apache.ratis.thirdparty.io.netty.channel.epoll.EpollEventLoop.run(EpollEventLoop.java:366)
        at org.apache.ratis.thirdparty.io.netty.util.concurrent.SingleThreadEventExecutor$4.run(SingleThreadEventExecutor.java:997)
        at org.apache.ratis.thirdparty.io.netty.util.internal.ThreadExecutorMap$2.run(ThreadExecutorMap.java:74)
        at java.lang.Thread.run(Thread.java:750)
"0ef615e1-91db-4ede-b924-53e2d320f02d@group-1D3807242C29-FollowerState" daemon prio=5 tid=893 timed_waiting
java.lang.Thread.State: TIMED_WAITING
        at java.lang.Thread.sleep(Native Method)
        at java.lang.Thread.sleep(Thread.java:342)
        at java.util.concurrent.TimeUnit.sleep(TimeUnit.java:386)
        at org.apache.ratis.util.TimeDuration.sleep(TimeDuration.java:325)
        at org.apache.ratis.util.TimeDuration.sleep(TimeDuration.java:310)
        at org.apache.ratis.server.impl.FollowerState.run(FollowerState.java:128)
"qtp1603462635-119" daemon prio=5 tid=119 timed_waiting
java.lang.Thread.State: TIMED_WAITING
        at sun.misc.Unsafe.park(Native Method)
        at java.util.concurrent.locks.LockSupport.parkNanos(LockSupport.java:215)
        at java.util.concurrent.locks.AbstractQueuedSynchronizer$ConditionObject.awaitNanos(AbstractQueuedSynchronizer.java:2078)
        at org.eclipse.jetty.util.BlockingArrayQueue.poll(BlockingArrayQueue.java:382)
        at org.eclipse.jetty.util.thread.QueuedThreadPool$Runner.idleJobPoll(QueuedThreadPool.java:974)
        at org.eclipse.jetty.util.thread.QueuedThreadPool$Runner.run(QueuedThreadPool.java:1018)
        at java.lang.Thread.run(Thread.java:750)
"StaleRecoveringContainerScrubbingService#4" daemon prio=5 tid=1125 in Object.wait()
java.lang.Thread.State: WAITING (on object monitor)
        at sun.misc.Unsafe.park(Native Method)
        at java.util.concurrent.locks.LockSupport.park(LockSupport.java:175)
        at java.util.concurrent.locks.AbstractQueuedSynchronizer$ConditionObject.await(AbstractQueuedSynchronizer.java:2039)
        at java.util.concurrent.ScheduledThreadPoolExecutor$DelayedWorkQueue.take(ScheduledThreadPoolExecutor.java:1088)
        at java.util.concurrent.ScheduledThreadPoolExecutor$DelayedWorkQueue.take(ScheduledThreadPoolExecutor.java:809)
        at java.util.concurrent.ThreadPoolExecutor.getTask(ThreadPoolExecutor.java:1074)
        at java.util.concurrent.ThreadPoolExecutor.runWorker(ThreadPoolExecutor.java:1134)
        at java.util.concurrent.ThreadPoolExecutor$Worker.run(ThreadPoolExecutor.java:624)
        at java.lang.Thread.run(Thread.java:750)
"SCMBlockDeletingService#0" daemon prio=5 tid=111 timed_waiting
java.lang.Thread.State: TIMED_WAITING
        at sun.misc.Unsafe.park(Native Method)
        at java.util.concurrent.locks.LockSupport.parkNanos(LockSupport.java:215)
        at java.util.concurrent.locks.AbstractQueuedSynchronizer$ConditionObject.awaitNanos(AbstractQueuedSynchronizer.java:2078)
        at java.util.concurrent.ScheduledThreadPoolExecutor$DelayedWorkQueue.take(ScheduledThreadPoolExecutor.java:1093)
        at java.util.concurrent.ScheduledThreadPoolExecutor$DelayedWorkQueue.take(ScheduledThreadPoolExecutor.java:809)
        at java.util.concurrent.ThreadPoolExecutor.getTask(ThreadPoolExecutor.java:1074)
        at java.util.concurrent.ThreadPoolExecutor.runWorker(ThreadPoolExecutor.java:1134)
        at java.util.concurrent.ThreadPoolExecutor$Worker.run(ThreadPoolExecutor.java:624)
        at java.lang.Thread.run(Thread.java:750)
"StaleRecoveringContainerScrubbingService#5" daemon prio=5 tid=1212 in Object.wait()
java.lang.Thread.State: WAITING (on object monitor)
        at sun.misc.Unsafe.park(Native Method)
        at java.util.concurrent.locks.LockSupport.park(LockSupport.java:175)
        at java.util.concurrent.locks.AbstractQueuedSynchronizer$ConditionObject.await(AbstractQueuedSynchronizer.java:2039)
        at java.util.concurrent.ScheduledThreadPoolExecutor$DelayedWorkQueue.take(ScheduledThreadPoolExecutor.java:1088)
        at java.util.concurrent.ScheduledThreadPoolExecutor$DelayedWorkQueue.take(ScheduledThreadPoolExecutor.java:809)
        at java.util.concurrent.ThreadPoolExecutor.getTask(ThreadPoolExecutor.java:1074)
        at java.util.concurrent.ThreadPoolExecutor.runWorker(ThreadPoolExecutor.java:1134)
        at java.util.concurrent.ThreadPoolExecutor$Worker.run(ThreadPoolExecutor.java:624)
        at java.lang.Thread.run(Thread.java:750)
"94422c73-384a-4d9a-a15d-46d9f5b840aa@group-9F3BC7221B77-StateMachineUpdater" daemon prio=5 tid=645 timed_waiting
java.lang.Thread.State: TIMED_WAITING
        at sun.misc.Unsafe.park(Native Method)
        at java.util.concurrent.locks.LockSupport.parkNanos(LockSupport.java:215)
        at java.util.concurrent.locks.AbstractQueuedSynchronizer$ConditionObject.await(AbstractQueuedSynchronizer.java:2163)
        at org.apache.ratis.util.AwaitForSignal.await(AwaitForSignal.java:62)
        at org.apache.ratis.server.impl.StateMachineUpdater.waitForCommit(StateMachineUpdater.java:209)
        at org.apache.ratis.server.impl.StateMachineUpdater.run(StateMachineUpdater.java:178)
        at java.lang.Thread.run(Thread.java:750)
"0ef615e1-91db-4ede-b924-53e2d320f02d@group-DB510C58C202-StateMachineUpdater" daemon prio=5 tid=656 timed_waiting
java.lang.Thread.State: TIMED_WAITING
        at sun.misc.Unsafe.park(Native Method)
        at java.util.concurrent.locks.LockSupport.parkNanos(LockSupport.java:215)
        at java.util.concurrent.locks.AbstractQueuedSynchronizer$ConditionObject.await(AbstractQueuedSynchronizer.java:2163)
        at org.apache.ratis.util.AwaitForSignal.await(AwaitForSignal.java:62)
        at org.apache.ratis.server.impl.StateMachineUpdater.waitForCommit(StateMachineUpdater.java:209)
        at org.apache.ratis.server.impl.StateMachineUpdater.run(StateMachineUpdater.java:178)
        at java.lang.Thread.run(Thread.java:750)
"IPC Server idle connection scanner for port 15002" daemon prio=5 tid=27 timed_waiting
java.lang.Thread.State: TIMED_WAITING
        at java.lang.Object.wait(Native Method)
        at java.util.TimerThread.mainLoop(Timer.java:552)
        at java.util.TimerThread.run(Timer.java:505)
"66ee3698-ded8-430f-8ecd-27f356af6e45-DatanodeStateMachineTaskThread-0"  prio=5 tid=273 in Object.wait()
java.lang.Thread.State: WAITING (on object monitor)
        at sun.misc.Unsafe.park(Native Method)
        at java.util.concurrent.locks.LockSupport.park(LockSupport.java:175)
        at java.util.concurrent.locks.AbstractQueuedSynchronizer$ConditionObject.await(AbstractQueuedSynchronizer.java:2039)
        at java.util.concurrent.LinkedBlockingQueue.take(LinkedBlockingQueue.java:442)
        at java.util.concurrent.ThreadPoolExecutor.getTask(ThreadPoolExecutor.java:1074)
        at java.util.concurrent.ThreadPoolExecutor.runWorker(ThreadPoolExecutor.java:1134)
        at java.util.concurrent.ThreadPoolExecutor$Worker.run(ThreadPoolExecutor.java:624)
        at java.lang.Thread.run(Thread.java:750)
"5b9beb6f-d596-489f-8a17-e362b772df82-DatanodeReportManager-2" daemon prio=5 tid=509 in Object.wait()
java.lang.Thread.State: WAITING (on object monitor)
        at sun.misc.Unsafe.park(Native Method)
        at java.util.concurrent.locks.LockSupport.park(LockSupport.java:175)
        at java.util.concurrent.locks.AbstractQueuedSynchronizer$ConditionObject.await(AbstractQueuedSynchronizer.java:2039)
        at java.util.concurrent.ScheduledThreadPoolExecutor$DelayedWorkQueue.take(ScheduledThreadPoolExecutor.java:1088)
        at java.util.concurrent.ScheduledThreadPoolExecutor$DelayedWorkQueue.take(ScheduledThreadPoolExecutor.java:809)
        at java.util.concurrent.ThreadPoolExecutor.getTask(ThreadPoolExecutor.java:1074)
        at java.util.concurrent.ThreadPoolExecutor.runWorker(ThreadPoolExecutor.java:1134)
        at java.util.concurrent.ThreadPoolExecutor$Worker.run(ThreadPoolExecutor.java:624)
        at java.lang.Thread.run(Thread.java:750)
"94422c73-384a-4d9a-a15d-46d9f5b840aa-DatanodeReportManager-0" daemon prio=5 tid=209 in Object.wait()
java.lang.Thread.State: WAITING (on object monitor)
        at sun.misc.Unsafe.park(Native Method)
        at java.util.concurrent.locks.LockSupport.park(LockSupport.java:175)
        at java.util.concurrent.locks.AbstractQueuedSynchronizer$ConditionObject.await(AbstractQueuedSynchronizer.java:2039)
        at java.util.concurrent.ScheduledThreadPoolExecutor$DelayedWorkQueue.take(ScheduledThreadPoolExecutor.java:1088)
        at java.util.concurrent.ScheduledThreadPoolExecutor$DelayedWorkQueue.take(ScheduledThreadPoolExecutor.java:809)
        at java.util.concurrent.ThreadPoolExecutor.getTask(ThreadPoolExecutor.java:1074)
        at java.util.concurrent.ThreadPoolExecutor.runWorker(ThreadPoolExecutor.java:1134)
        at java.util.concurrent.ThreadPoolExecutor$Worker.run(ThreadPoolExecutor.java:624)
        at java.lang.Thread.run(Thread.java:750)
"IPC Server Responder" daemon prio=5 tid=33 runnable
java.lang.Thread.State: RUNNABLE
        at sun.nio.ch.EPollArrayWrapper.epollWait(Native Method)
        at sun.nio.ch.EPollArrayWrapper.poll(EPollArrayWrapper.java:269)
        at sun.nio.ch.EPollSelectorImpl.doSelect(EPollSelectorImpl.java:93)
        at sun.nio.ch.SelectorImpl.lockAndDoSelect(SelectorImpl.java:86)
        at sun.nio.ch.SelectorImpl.select(SelectorImpl.java:97)
        at org.apache.hadoop.ipc.Server$Responder.doRunLoop(Server.java:1582)
        at org.apache.hadoop.ipc.Server$Responder.run(Server.java:1565)
"94422c73-384a-4d9a-a15d-46d9f5b840aa@group-7E36DD6E81EC->0ef615e1-91db-4ede-b924-53e2d320f02d-GrpcLogAppender-LogAppenderDaemon" daemon prio=5 tid=991 timed_waiting
java.lang.Thread.State: TIMED_WAITING
        at sun.misc.Unsafe.park(Native Method)
        at java.util.concurrent.locks.LockSupport.parkNanos(LockSupport.java:215)
        at java.util.concurrent.locks.AbstractQueuedSynchronizer$ConditionObject.await(AbstractQueuedSynchronizer.java:2163)
        at org.apache.ratis.util.AwaitForSignal.await(AwaitForSignal.java:62)
        at org.apache.ratis.grpc.server.GrpcLogAppender.mayWait(GrpcLogAppender.java:197)
        at org.apache.ratis.grpc.server.GrpcLogAppender.run(GrpcLogAppender.java:148)
        at org.apache.ratis.server.leader.LogAppenderDaemon.run(LogAppenderDaemon.java:78)
        at org.apache.ratis.server.leader.LogAppenderDaemon$$Lambda$1248/550328285.run(Unknown Source)
        at java.lang.Thread.run(Thread.java:750)
"5b9beb6f-d596-489f-8a17-e362b772df82-DatanodeStateMachineDaemonThread" daemon prio=5 tid=503 timed_waiting
java.lang.Thread.State: TIMED_WAITING
        at java.lang.Thread.sleep(Native Method)
        at org.apache.hadoop.ozone.container.common.statemachine.DatanodeStateMachine.startStateMachineThread(DatanodeStateMachine.java:369)
        at org.apache.hadoop.ozone.container.common.statemachine.DatanodeStateMachine.lambda$startDaemon$1(DatanodeStateMachine.java:556)
        at org.apache.hadoop.ozone.container.common.statemachine.DatanodeStateMachine$$Lambda$1023/888481372.run(Unknown Source)
        at java.lang.Thread.run(Thread.java:750)
"23554148-3e4d-431f-a73e-f2401dbff1d4-server-thread1" daemon prio=5 tid=1017 timed_waiting
java.lang.Thread.State: TIMED_WAITING
        at sun.misc.Unsafe.park(Native Method)
        at java.util.concurrent.locks.LockSupport.parkNanos(LockSupport.java:215)
        at java.util.concurrent.SynchronousQueue$TransferStack.awaitFulfill(SynchronousQueue.java:460)
        at java.util.concurrent.SynchronousQueue$TransferStack.transfer(SynchronousQueue.java:362)
        at java.util.concurrent.SynchronousQueue.poll(SynchronousQueue.java:941)
        at java.util.concurrent.ThreadPoolExecutor.getTask(ThreadPoolExecutor.java:1073)
        at java.util.concurrent.ThreadPoolExecutor.runWorker(ThreadPoolExecutor.java:1134)
        at java.util.concurrent.ThreadPoolExecutor$Worker.run(ThreadPoolExecutor.java:624)
        at java.lang.Thread.run(Thread.java:750)
"Finalizer" daemon prio=8 tid=3 in Object.wait()
java.lang.Thread.State: WAITING (on object monitor)
        at java.lang.Object.wait(Native Method)
        at java.lang.ref.ReferenceQueue.remove(ReferenceQueue.java:144)
        at java.lang.ref.ReferenceQueue.remove(ReferenceQueue.java:165)
        at java.lang.ref.Finalizer$FinalizerThread.run(Finalizer.java:188)
"StaleRecoveringContainerScrubbingService#3" daemon prio=5 tid=1117 in Object.wait()
java.lang.Thread.State: WAITING (on object monitor)
        at sun.misc.Unsafe.park(Native Method)
        at java.util.concurrent.locks.LockSupport.park(LockSupport.java:175)
        at java.util.concurrent.locks.AbstractQueuedSynchronizer$ConditionObject.await(AbstractQueuedSynchronizer.java:2039)
        at java.util.concurrent.ScheduledThreadPoolExecutor$DelayedWorkQueue.take(ScheduledThreadPoolExecutor.java:1088)
        at java.util.concurrent.ScheduledThreadPoolExecutor$DelayedWorkQueue.take(ScheduledThreadPoolExecutor.java:809)
        at java.util.concurrent.ThreadPoolExecutor.getTask(ThreadPoolExecutor.java:1074)
        at java.util.concurrent.ThreadPoolExecutor.runWorker(ThreadPoolExecutor.java:1134)
        at java.util.concurrent.ThreadPoolExecutor$Worker.run(ThreadPoolExecutor.java:624)
        at java.lang.Thread.run(Thread.java:750)
"qtp1603462635-116-acceptor-0@cecab52-ServerConnector@28592982{HTTP/1.1, (http/1.1)}{0.0.0.0:15003}" daemon prio=3 tid=116 runnable
java.lang.Thread.State: RUNNABLE
        at sun.nio.ch.ServerSocketChannelImpl.accept0(Native Method)
        at sun.nio.ch.ServerSocketChannelImpl.accept(ServerSocketChannelImpl.java:421)
        at sun.nio.ch.ServerSocketChannelImpl.accept(ServerSocketChannelImpl.java:249)
        at org.eclipse.jetty.server.ServerConnector.accept(ServerConnector.java:388)
        at org.eclipse.jetty.server.AbstractConnector$Acceptor.run(AbstractConnector.java:704)
        at org.eclipse.jetty.util.thread.QueuedThreadPool.runJob(QueuedThreadPool.java:883)
        at org.eclipse.jetty.util.thread.QueuedThreadPool$Runner.run(QueuedThreadPool.java:1034)
        at java.lang.Thread.run(Thread.java:750)
"StaleRecoveringContainerScrubbingService#2" daemon prio=5 tid=894 timed_waiting
java.lang.Thread.State: TIMED_WAITING
        at sun.misc.Unsafe.park(Native Method)
        at java.util.concurrent.locks.LockSupport.parkNanos(LockSupport.java:215)
        at java.util.concurrent.locks.AbstractQueuedSynchronizer$ConditionObject.awaitNanos(AbstractQueuedSynchronizer.java:2078)
        at java.util.concurrent.ScheduledThreadPoolExecutor$DelayedWorkQueue.take(ScheduledThreadPoolExecutor.java:1093)
        at java.util.concurrent.ScheduledThreadPoolExecutor$DelayedWorkQueue.take(ScheduledThreadPoolExecutor.java:809)
        at java.util.concurrent.ThreadPoolExecutor.getTask(ThreadPoolExecutor.java:1074)
        at java.util.concurrent.ThreadPoolExecutor.runWorker(ThreadPoolExecutor.java:1134)
        at java.util.concurrent.ThreadPoolExecutor$Worker.run(ThreadPoolExecutor.java:624)
        at java.lang.Thread.run(Thread.java:750)
"IPC Server handler 16 on default port 15001" daemon prio=5 tid=87 timed_waiting
java.lang.Thread.State: TIMED_WAITING
        at sun.misc.Unsafe.park(Native Method)
        at java.util.concurrent.locks.LockSupport.parkNanos(LockSupport.java:215)
        at java.util.concurrent.locks.AbstractQueuedSynchronizer$ConditionObject.awaitNanos(AbstractQueuedSynchronizer.java:2078)
        at java.util.concurrent.LinkedBlockingQueue.poll(LinkedBlockingQueue.java:467)
        at org.apache.hadoop.ipc.CallQueueManager.take(CallQueueManager.java:317)
        at org.apache.hadoop.ipc.Server$Handler.run(Server.java:3014)
"5b9beb6f-d596-489f-8a17-e362b772df82-DatanodeReportManager-3" daemon prio=5 tid=510 timed_waiting
java.lang.Thread.State: TIMED_WAITING
        at sun.misc.Unsafe.park(Native Method)
        at java.util.concurrent.locks.LockSupport.parkNanos(LockSupport.java:215)
        at java.util.concurrent.locks.AbstractQueuedSynchronizer$ConditionObject.awaitNanos(AbstractQueuedSynchronizer.java:2078)
        at java.util.concurrent.ScheduledThreadPoolExecutor$DelayedWorkQueue.take(ScheduledThreadPoolExecutor.java:1093)
        at java.util.concurrent.ScheduledThreadPoolExecutor$DelayedWorkQueue.take(ScheduledThreadPoolExecutor.java:809)
        at java.util.concurrent.ThreadPoolExecutor.getTask(ThreadPoolExecutor.java:1074)
        at java.util.concurrent.ThreadPoolExecutor.runWorker(ThreadPoolExecutor.java:1134)
        at java.util.concurrent.ThreadPoolExecutor$Worker.run(ThreadPoolExecutor.java:624)
        at java.lang.Thread.run(Thread.java:750)
"IPC Server handler 0 on default port 15004" daemon prio=5 tid=165 timed_waiting
java.lang.Thread.State: TIMED_WAITING
        at sun.misc.Unsafe.park(Native Method)
        at java.util.concurrent.locks.LockSupport.parkNanos(LockSupport.java:215)
        at java.util.concurrent.locks.AbstractQueuedSynchronizer$ConditionObject.awaitNanos(AbstractQueuedSynchronizer.java:2078)
        at java.util.concurrent.LinkedBlockingQueue.poll(LinkedBlockingQueue.java:467)
        at org.apache.hadoop.ipc.CallQueueManager.take(CallQueueManager.java:317)
        at org.apache.hadoop.ipc.Server$Handler.run(Server.java:3014)
"ExpiredContainerReplicaOpScrubber" daemon prio=5 tid=19 timed_waiting
java.lang.Thread.State: TIMED_WAITING
        at java.lang.Object.wait(Native Method)
        at org.apache.hadoop.hdds.scm.ha.BackgroundSCMService.run(BackgroundSCMService.java:110)
        at org.apache.hadoop.hdds.scm.ha.BackgroundSCMService$$Lambda$440/571532390.run(Unknown Source)
        at java.lang.Thread.run(Thread.java:750)
"94422c73-384a-4d9a-a15d-46d9f5b840aa-ChunkReader-1" daemon prio=5 tid=1471 in Object.wait()
java.lang.Thread.State: WAITING (on object monitor)
        at sun.misc.Unsafe.park(Native Method)
        at java.util.concurrent.locks.LockSupport.park(LockSupport.java:175)
        at java.util.concurrent.locks.AbstractQueuedSynchronizer$ConditionObject.await(AbstractQueuedSynchronizer.java:2039)
        at java.util.concurrent.LinkedBlockingQueue.take(LinkedBlockingQueue.java:442)
        at java.util.concurrent.ThreadPoolExecutor.getTask(ThreadPoolExecutor.java:1074)
        at java.util.concurrent.ThreadPoolExecutor.runWorker(ThreadPoolExecutor.java:1134)
        at java.util.concurrent.ThreadPoolExecutor$Worker.run(ThreadPoolExecutor.java:624)
        at java.lang.Thread.run(Thread.java:750)
"f612f2cf-90dc-41dc-bf39-cf028d38c484-CloseContainerThread-0"  prio=5 tid=1107 in Object.wait()
java.lang.Thread.State: WAITING (on object monitor)
        at sun.misc.Unsafe.park(Native Method)
        at java.util.concurrent.locks.LockSupport.park(LockSupport.java:175)
        at java.util.concurrent.locks.AbstractQueuedSynchronizer$ConditionObject.await(AbstractQueuedSynchronizer.java:2039)
        at java.util.concurrent.LinkedBlockingQueue.take(LinkedBlockingQueue.java:442)
        at java.util.concurrent.ThreadPoolExecutor.getTask(ThreadPoolExecutor.java:1074)
        at java.util.concurrent.ThreadPoolExecutor.runWorker(ThreadPoolExecutor.java:1134)
        at java.util.concurrent.ThreadPoolExecutor$Worker.run(ThreadPoolExecutor.java:624)
        at java.lang.Thread.run(Thread.java:750)
"23554148-3e4d-431f-a73e-f2401dbff1d4-DatanodeStateMachineTaskThread-0"  prio=5 tid=360 in Object.wait()
java.lang.Thread.State: WAITING (on object monitor)
        at sun.misc.Unsafe.park(Native Method)
        at java.util.concurrent.locks.LockSupport.park(LockSupport.java:175)
        at java.util.concurrent.locks.AbstractQueuedSynchronizer$ConditionObject.await(AbstractQueuedSynchronizer.java:2039)
        at java.util.concurrent.LinkedBlockingQueue.take(LinkedBlockingQueue.java:442)
        at java.util.concurrent.ThreadPoolExecutor.getTask(ThreadPoolExecutor.java:1074)
        at java.util.concurrent.ThreadPoolExecutor.runWorker(ThreadPoolExecutor.java:1134)
        at java.util.concurrent.ThreadPoolExecutor$Worker.run(ThreadPoolExecutor.java:624)
        at java.lang.Thread.run(Thread.java:750)
"1407d0d1-39ba-4bc0-b697-1e16e43cd838-DatanodeReportManager-4" daemon prio=5 tid=329 in Object.wait()
java.lang.Thread.State: WAITING (on object monitor)
        at sun.misc.Unsafe.park(Native Method)
        at java.util.concurrent.locks.LockSupport.park(LockSupport.java:175)
        at java.util.concurrent.locks.AbstractQueuedSynchronizer$ConditionObject.await(AbstractQueuedSynchronizer.java:2039)
        at java.util.concurrent.ScheduledThreadPoolExecutor$DelayedWorkQueue.take(ScheduledThreadPoolExecutor.java:1088)
        at java.util.concurrent.ScheduledThreadPoolExecutor$DelayedWorkQueue.take(ScheduledThreadPoolExecutor.java:809)
        at java.util.concurrent.ThreadPoolExecutor.getTask(ThreadPoolExecutor.java:1074)
        at java.util.concurrent.ThreadPoolExecutor.runWorker(ThreadPoolExecutor.java:1134)
        at java.util.concurrent.ThreadPoolExecutor$Worker.run(ThreadPoolExecutor.java:624)
        at java.lang.Thread.run(Thread.java:750)
"qtp2046986915-340" daemon prio=5 tid=340 timed_waiting
java.lang.Thread.State: TIMED_WAITING
        at sun.misc.Unsafe.park(Native Method)
        at java.util.concurrent.locks.LockSupport.parkNanos(LockSupport.java:215)
        at java.util.concurrent.locks.AbstractQueuedSynchronizer$ConditionObject.awaitNanos(AbstractQueuedSynchronizer.java:2078)
        at org.eclipse.jetty.util.BlockingArrayQueue.poll(BlockingArrayQueue.java:382)
        at org.eclipse.jetty.util.thread.QueuedThreadPool$Runner.idleJobPoll(QueuedThreadPool.java:974)
        at org.eclipse.jetty.util.thread.QueuedThreadPool$Runner.run(QueuedThreadPool.java:1018)
        at java.lang.Thread.run(Thread.java:750)
"66ee3698-ded8-430f-8ecd-27f356af6e45@group-1D3807242C29->94422c73-384a-4d9a-a15d-46d9f5b840aa-GrpcLogAppender-LogAppenderDaemon" daemon prio=5 tid=895 timed_waiting
java.lang.Thread.State: TIMED_WAITING
        at sun.misc.Unsafe.park(Native Method)
        at java.util.concurrent.locks.LockSupport.parkNanos(LockSupport.java:215)
        at java.util.concurrent.locks.AbstractQueuedSynchronizer$ConditionObject.await(AbstractQueuedSynchronizer.java:2163)
        at org.apache.ratis.util.AwaitForSignal.await(AwaitForSignal.java:62)
        at org.apache.ratis.grpc.server.GrpcLogAppender.mayWait(GrpcLogAppender.java:197)
        at org.apache.ratis.grpc.server.GrpcLogAppender.run(GrpcLogAppender.java:148)
        at org.apache.ratis.server.leader.LogAppenderDaemon.run(LogAppenderDaemon.java:78)
        at org.apache.ratis.server.leader.LogAppenderDaemon$$Lambda$1248/550328285.run(Unknown Source)
        at java.lang.Thread.run(Thread.java:750)
"1407d0d1-39ba-4bc0-b697-1e16e43cd838-BlockDeletingService#0" daemon prio=5 tid=551 timed_waiting
java.lang.Thread.State: TIMED_WAITING
        at sun.misc.Unsafe.park(Native Method)
        at java.util.concurrent.locks.LockSupport.parkNanos(LockSupport.java:215)
        at java.util.concurrent.locks.AbstractQueuedSynchronizer$ConditionObject.awaitNanos(AbstractQueuedSynchronizer.java:2078)
        at java.util.concurrent.ScheduledThreadPoolExecutor$DelayedWorkQueue.take(ScheduledThreadPoolExecutor.java:1093)
        at java.util.concurrent.ScheduledThreadPoolExecutor$DelayedWorkQueue.take(ScheduledThreadPoolExecutor.java:809)
        at java.util.concurrent.ThreadPoolExecutor.getTask(ThreadPoolExecutor.java:1074)
        at java.util.concurrent.ThreadPoolExecutor.runWorker(ThreadPoolExecutor.java:1134)
        at java.util.concurrent.ThreadPoolExecutor$Worker.run(ThreadPoolExecutor.java:624)
        at java.lang.Thread.run(Thread.java:750)
"IPC Server handler 0 on default port 15073" daemon prio=5 tid=410 timed_waiting
java.lang.Thread.State: TIMED_WAITING
        at sun.misc.Unsafe.park(Native Method)
        at java.util.concurrent.locks.LockSupport.parkNanos(LockSupport.java:215)
        at java.util.concurrent.locks.AbstractQueuedSynchronizer$ConditionObject.awaitNanos(AbstractQueuedSynchronizer.java:2078)
        at java.util.concurrent.LinkedBlockingQueue.poll(LinkedBlockingQueue.java:467)
        at org.apache.hadoop.ipc.CallQueueManager.take(CallQueueManager.java:317)
        at org.apache.hadoop.ipc.Server$Handler.run(Server.java:3014)
"3fb99649-c87f-4cc9-b3d9-f5c572ff189c-ChunkReader-2" daemon prio=5 tid=1047 in Object.wait()
java.lang.Thread.State: WAITING (on object monitor)
        at sun.misc.Unsafe.park(Native Method)
        at java.util.concurrent.locks.LockSupport.park(LockSupport.java:175)
        at java.util.concurrent.locks.AbstractQueuedSynchronizer$ConditionObject.await(AbstractQueuedSynchronizer.java:2039)
        at java.util.concurrent.LinkedBlockingQueue.take(LinkedBlockingQueue.java:442)
        at java.util.concurrent.ThreadPoolExecutor.getTask(ThreadPoolExecutor.java:1074)
        at java.util.concurrent.ThreadPoolExecutor.runWorker(ThreadPoolExecutor.java:1134)
        at java.util.concurrent.ThreadPoolExecutor$Worker.run(ThreadPoolExecutor.java:624)
        at java.lang.Thread.run(Thread.java:750)
"FixedThreadPoolWithAffinityExecutor-8-0" daemon prio=5 tid=48 timed_waiting
java.lang.Thread.State: TIMED_WAITING
        at sun.misc.Unsafe.park(Native Method)
        at java.util.concurrent.locks.LockSupport.parkNanos(LockSupport.java:215)
        at java.util.concurrent.locks.AbstractQueuedSynchronizer$ConditionObject.awaitNanos(AbstractQueuedSynchronizer.java:2078)
        at java.util.concurrent.LinkedBlockingQueue.poll(LinkedBlockingQueue.java:467)
        at org.apache.hadoop.hdds.scm.server.ContainerReportQueue.poll(ContainerReportQueue.java:266)
        at org.apache.hadoop.hdds.scm.server.ContainerReportQueue.poll(ContainerReportQueue.java:42)
        at org.apache.hadoop.hdds.server.events.FixedThreadPoolWithAffinityExecutor$ContainerReportProcessTask.run(FixedThreadPoolWithAffinityExecutor.java:253)
        at java.util.concurrent.Executors$RunnableAdapter.call(Executors.java:511)
        at java.util.concurrent.FutureTask.run(FutureTask.java:266)
        at java.util.concurrent.ThreadPoolExecutor.runWorker(ThreadPoolExecutor.java:1149)
        at java.util.concurrent.ThreadPoolExecutor$Worker.run(ThreadPoolExecutor.java:624)
        at java.lang.Thread.run(Thread.java:750)
"StaleRecoveringContainerScrubbingService#9" daemon prio=5 tid=1479 in Object.wait()
java.lang.Thread.State: WAITING (on object monitor)
        at sun.misc.Unsafe.park(Native Method)
        at java.util.concurrent.locks.LockSupport.park(LockSupport.java:175)
        at java.util.concurrent.locks.AbstractQueuedSynchronizer$ConditionObject.await(AbstractQueuedSynchronizer.java:2039)
        at java.util.concurrent.ScheduledThreadPoolExecutor$DelayedWorkQueue.take(ScheduledThreadPoolExecutor.java:1088)
        at java.util.concurrent.ScheduledThreadPoolExecutor$DelayedWorkQueue.take(ScheduledThreadPoolExecutor.java:809)
        at java.util.concurrent.ThreadPoolExecutor.getTask(ThreadPoolExecutor.java:1074)
        at java.util.concurrent.ThreadPoolExecutor.runWorker(ThreadPoolExecutor.java:1134)
        at java.util.concurrent.ThreadPoolExecutor$Worker.run(ThreadPoolExecutor.java:624)
        at java.lang.Thread.run(Thread.java:750)
"StaleRecoveringContainerScrubbingService#6" daemon prio=5 tid=1332 in Object.wait()
java.lang.Thread.State: WAITING (on object monitor)
        at sun.misc.Unsafe.park(Native Method)
        at java.util.concurrent.locks.LockSupport.park(LockSupport.java:175)
        at java.util.concurrent.locks.AbstractQueuedSynchronizer$ConditionObject.await(AbstractQueuedSynchronizer.java:2039)
        at java.util.concurrent.ScheduledThreadPoolExecutor$DelayedWorkQueue.take(ScheduledThreadPoolExecutor.java:1088)
        at java.util.concurrent.ScheduledThreadPoolExecutor$DelayedWorkQueue.take(ScheduledThreadPoolExecutor.java:809)
        at java.util.concurrent.ThreadPoolExecutor.getTask(ThreadPoolExecutor.java:1074)
        at java.util.concurrent.ThreadPoolExecutor.runWorker(ThreadPoolExecutor.java:1134)
        at java.util.concurrent.ThreadPoolExecutor$Worker.run(ThreadPoolExecutor.java:624)
        at java.lang.Thread.run(Thread.java:750)
"FixedThreadPoolWithAffinityExecutor-7-0" daemon prio=5 tid=47 timed_waiting
java.lang.Thread.State: TIMED_WAITING
        at sun.misc.Unsafe.park(Native Method)
        at java.util.concurrent.locks.LockSupport.parkNanos(LockSupport.java:215)
        at java.util.concurrent.locks.AbstractQueuedSynchronizer$ConditionObject.awaitNanos(AbstractQueuedSynchronizer.java:2078)
        at java.util.concurrent.LinkedBlockingQueue.poll(LinkedBlockingQueue.java:467)
        at org.apache.hadoop.hdds.scm.server.ContainerReportQueue.poll(ContainerReportQueue.java:266)
        at org.apache.hadoop.hdds.scm.server.ContainerReportQueue.poll(ContainerReportQueue.java:42)
        at org.apache.hadoop.hdds.server.events.FixedThreadPoolWithAffinityExecutor$ContainerReportProcessTask.run(FixedThreadPoolWithAffinityExecutor.java:253)
        at java.util.concurrent.Executors$RunnableAdapter.call(Executors.java:511)
        at java.util.concurrent.FutureTask.run(FutureTask.java:266)
        at java.util.concurrent.ThreadPoolExecutor.runWorker(ThreadPoolExecutor.java:1149)
        at java.util.concurrent.ThreadPoolExecutor$Worker.run(ThreadPoolExecutor.java:624)
        at java.lang.Thread.run(Thread.java:750)
"3fb99649-c87f-4cc9-b3d9-f5c572ff189c-ChunkWriter-3-0" daemon prio=5 tid=533 in Object.wait()
java.lang.Thread.State: WAITING (on object monitor)
        at sun.misc.Unsafe.park(Native Method)
        at java.util.concurrent.locks.LockSupport.park(LockSupport.java:175)
        at java.util.concurrent.locks.AbstractQueuedSynchronizer$ConditionObject.await(AbstractQueuedSynchronizer.java:2039)
        at java.util.concurrent.LinkedBlockingDeque.takeFirst(LinkedBlockingDeque.java:492)
        at java.util.concurrent.LinkedBlockingDeque.take(LinkedBlockingDeque.java:680)
        at java.util.concurrent.ThreadPoolExecutor.getTask(ThreadPoolExecutor.java:1074)
        at java.util.concurrent.ThreadPoolExecutor.runWorker(ThreadPoolExecutor.java:1134)
        at java.util.concurrent.ThreadPoolExecutor$Worker.run(ThreadPoolExecutor.java:624)
        at java.lang.Thread.run(Thread.java:750)
"0ef615e1-91db-4ede-b924-53e2d320f02d-DatanodeStateMachineDaemonThread" daemon prio=5 tid=237 timed_waiting
java.lang.Thread.State: TIMED_WAITING
        at java.lang.Thread.sleep(Native Method)
        at org.apache.hadoop.ozone.container.common.statemachine.DatanodeStateMachine.startStateMachineThread(DatanodeStateMachine.java:369)
        at org.apache.hadoop.ozone.container.common.statemachine.DatanodeStateMachine.lambda$startDaemon$1(DatanodeStateMachine.java:556)
        at org.apache.hadoop.ozone.container.common.statemachine.DatanodeStateMachine$$Lambda$1023/888481372.run(Unknown Source)
        at java.lang.Thread.run(Thread.java:750)
"StaleRecoveringContainerScrubbingService#2" daemon prio=5 tid=939 timed_waiting
java.lang.Thread.State: TIMED_WAITING
        at sun.misc.Unsafe.park(Native Method)
        at java.util.concurrent.locks.LockSupport.parkNanos(LockSupport.java:215)
        at java.util.concurrent.locks.AbstractQueuedSynchronizer$ConditionObject.awaitNanos(AbstractQueuedSynchronizer.java:2078)
        at java.util.concurrent.ScheduledThreadPoolExecutor$DelayedWorkQueue.take(ScheduledThreadPoolExecutor.java:1093)
        at java.util.concurrent.ScheduledThreadPoolExecutor$DelayedWorkQueue.take(ScheduledThreadPoolExecutor.java:809)
        at java.util.concurrent.ThreadPoolExecutor.getTask(ThreadPoolExecutor.java:1074)
        at java.util.concurrent.ThreadPoolExecutor.runWorker(ThreadPoolExecutor.java:1134)
        at java.util.concurrent.ThreadPoolExecutor$Worker.run(ThreadPoolExecutor.java:624)
        at java.lang.Thread.run(Thread.java:750)
"IPC Server listener on 15028" daemon prio=5 tid=260 runnable
java.lang.Thread.State: RUNNABLE
        at sun.nio.ch.EPollArrayWrapper.epollWait(Native Method)
        at sun.nio.ch.EPollArrayWrapper.poll(EPollArrayWrapper.java:269)
        at sun.nio.ch.EPollSelectorImpl.doSelect(EPollSelectorImpl.java:93)
        at sun.nio.ch.SelectorImpl.lockAndDoSelect(SelectorImpl.java:86)
        at sun.nio.ch.SelectorImpl.select(SelectorImpl.java:97)
        at sun.nio.ch.SelectorImpl.select(SelectorImpl.java:101)
        at org.apache.hadoop.ipc.Server$Listener.run(Server.java:1408)
"0ef615e1-91db-4ede-b924-53e2d320f02d-EndpointStateMachineTaskThread-/0.0.0.0:15002-0 "  prio=5 tid=449 in Object.wait()
java.lang.Thread.State: WAITING (on object monitor)
        at sun.misc.Unsafe.park(Native Method)
        at java.util.concurrent.locks.LockSupport.park(LockSupport.java:175)
        at java.util.concurrent.locks.AbstractQueuedSynchronizer$ConditionObject.await(AbstractQueuedSynchronizer.java:2039)
        at java.util.concurrent.LinkedBlockingQueue.take(LinkedBlockingQueue.java:442)
        at java.util.concurrent.ThreadPoolExecutor.getTask(ThreadPoolExecutor.java:1074)
        at java.util.concurrent.ThreadPoolExecutor.runWorker(ThreadPoolExecutor.java:1134)
        at java.util.concurrent.ThreadPoolExecutor$Worker.run(ThreadPoolExecutor.java:624)
        at java.lang.Thread.run(Thread.java:750)
"23554148-3e4d-431f-a73e-f2401dbff1d4@group-F7793AD6C8D1-StateMachineUpdater" daemon prio=5 tid=687 timed_waiting
java.lang.Thread.State: TIMED_WAITING
        at sun.misc.Unsafe.park(Native Method)
        at java.util.concurrent.locks.LockSupport.parkNanos(LockSupport.java:215)
        at java.util.concurrent.locks.AbstractQueuedSynchronizer$ConditionObject.await(AbstractQueuedSynchronizer.java:2163)
        at org.apache.ratis.util.AwaitForSignal.await(AwaitForSignal.java:62)
        at org.apache.ratis.server.impl.StateMachineUpdater.waitForCommit(StateMachineUpdater.java:209)
        at org.apache.ratis.server.impl.StateMachineUpdater.run(StateMachineUpdater.java:178)
        at java.lang.Thread.run(Thread.java:750)
"qtp2046986915-343" daemon prio=5 tid=343 timed_waiting
java.lang.Thread.State: TIMED_WAITING
        at sun.misc.Unsafe.park(Native Method)
        at java.util.concurrent.locks.LockSupport.parkNanos(LockSupport.java:215)
        at java.util.concurrent.locks.AbstractQueuedSynchronizer$ConditionObject.awaitNanos(AbstractQueuedSynchronizer.java:2078)
        at org.eclipse.jetty.util.BlockingArrayQueue.poll(BlockingArrayQueue.java:382)
        at org.eclipse.jetty.util.thread.QueuedThreadPool$Runner.idleJobPoll(QueuedThreadPool.java:974)
        at org.eclipse.jetty.util.thread.QueuedThreadPool$Runner.run(QueuedThreadPool.java:1018)
        at java.lang.Thread.run(Thread.java:750)
"qtp532752228-401" daemon prio=5 tid=401 timed_waiting
java.lang.Thread.State: TIMED_WAITING
        at sun.misc.Unsafe.park(Native Method)
        at java.util.concurrent.locks.LockSupport.parkNanos(LockSupport.java:215)
        at java.util.concurrent.locks.AbstractQueuedSynchronizer$ConditionObject.awaitNanos(AbstractQueuedSynchronizer.java:2078)
        at org.eclipse.jetty.util.BlockingArrayQueue.poll(BlockingArrayQueue.java:382)
        at org.eclipse.jetty.util.thread.QueuedThreadPool$Runner.idleJobPoll(QueuedThreadPool.java:974)
        at org.eclipse.jetty.util.thread.QueuedThreadPool$Runner.run(QueuedThreadPool.java:1018)
        at java.lang.Thread.run(Thread.java:750)
"IPC Server handler 10 on default port 15002" daemon prio=5 tid=101 timed_waiting
java.lang.Thread.State: TIMED_WAITING
        at sun.misc.Unsafe.park(Native Method)
        at java.util.concurrent.locks.LockSupport.parkNanos(LockSupport.java:215)
        at java.util.concurrent.locks.AbstractQueuedSynchronizer$ConditionObject.awaitNanos(AbstractQueuedSynchronizer.java:2078)
        at java.util.concurrent.LinkedBlockingQueue.poll(LinkedBlockingQueue.java:467)
        at org.apache.hadoop.ipc.CallQueueManager.take(CallQueueManager.java:317)
        at org.apache.hadoop.ipc.Server$Handler.run(Server.java:3014)
"pool-432-thread-1"  prio=5 tid=1161 timed_waiting
java.lang.Thread.State: TIMED_WAITING
        at sun.misc.Unsafe.park(Native Method)
        at java.util.concurrent.locks.LockSupport.parkNanos(LockSupport.java:215)
        at java.util.concurrent.locks.AbstractQueuedSynchronizer$ConditionObject.awaitNanos(AbstractQueuedSynchronizer.java:2078)
        at java.util.concurrent.ScheduledThreadPoolExecutor$DelayedWorkQueue.take(ScheduledThreadPoolExecutor.java:1093)
        at java.util.concurrent.ScheduledThreadPoolExecutor$DelayedWorkQueue.take(ScheduledThreadPoolExecutor.java:809)
        at java.util.concurrent.ThreadPoolExecutor.getTask(ThreadPoolExecutor.java:1074)
        at java.util.concurrent.ThreadPoolExecutor.runWorker(ThreadPoolExecutor.java:1134)
        at java.util.concurrent.ThreadPoolExecutor$Worker.run(ThreadPoolExecutor.java:624)
        at java.lang.Thread.run(Thread.java:750)
"qtp433327046-196" daemon prio=5 tid=196 timed_waiting
java.lang.Thread.State: TIMED_WAITING
        at sun.misc.Unsafe.park(Native Method)
        at java.util.concurrent.locks.LockSupport.parkNanos(LockSupport.java:215)
        at java.util.concurrent.locks.AbstractQueuedSynchronizer$ConditionObject.awaitNanos(AbstractQueuedSynchronizer.java:2078)
        at org.eclipse.jetty.util.BlockingArrayQueue.poll(BlockingArrayQueue.java:382)
        at org.eclipse.jetty.util.thread.QueuedThreadPool$Runner.idleJobPoll(QueuedThreadPool.java:974)
        at org.eclipse.jetty.util.thread.QueuedThreadPool$Runner.run(QueuedThreadPool.java:1018)
        at java.lang.Thread.run(Thread.java:750)
"0ef615e1-91db-4ede-b924-53e2d320f02d-DatanodeReportManager-3" daemon prio=5 tid=241 in Object.wait()
java.lang.Thread.State: WAITING (on object monitor)
        at sun.misc.Unsafe.park(Native Method)
        at java.util.concurrent.locks.LockSupport.park(LockSupport.java:175)
        at java.util.concurrent.locks.AbstractQueuedSynchronizer$ConditionObject.await(AbstractQueuedSynchronizer.java:2039)
        at java.util.concurrent.ScheduledThreadPoolExecutor$DelayedWorkQueue.take(ScheduledThreadPoolExecutor.java:1088)
        at java.util.concurrent.ScheduledThreadPoolExecutor$DelayedWorkQueue.take(ScheduledThreadPoolExecutor.java:809)
        at java.util.concurrent.ThreadPoolExecutor.getTask(ThreadPoolExecutor.java:1074)
        at java.util.concurrent.ThreadPoolExecutor.runWorker(ThreadPoolExecutor.java:1134)
        at java.util.concurrent.ThreadPoolExecutor$Worker.run(ThreadPoolExecutor.java:624)
        at java.lang.Thread.run(Thread.java:750)
"IPC Server handler 0 on default port 15000" daemon prio=5 tid=51 timed_waiting
java.lang.Thread.State: TIMED_WAITING
        at sun.misc.Unsafe.park(Native Method)
        at java.util.concurrent.locks.LockSupport.parkNanos(LockSupport.java:215)
        at java.util.concurrent.locks.AbstractQueuedSynchronizer$ConditionObject.awaitNanos(AbstractQueuedSynchronizer.java:2078)
        at java.util.concurrent.LinkedBlockingQueue.poll(LinkedBlockingQueue.java:467)
        at org.apache.hadoop.ipc.CallQueueManager.take(CallQueueManager.java:317)
        at org.apache.hadoop.ipc.Server$Handler.run(Server.java:3014)
"55507c8a-594d-4e25-909f-8d2832294c55-DatanodeStateMachineTaskThread-1"  prio=5 tid=1185 in Object.wait()
java.lang.Thread.State: WAITING (on object monitor)
        at sun.misc.Unsafe.park(Native Method)
        at java.util.concurrent.locks.LockSupport.park(LockSupport.java:175)
        at java.util.concurrent.locks.AbstractQueuedSynchronizer$ConditionObject.await(AbstractQueuedSynchronizer.java:2039)
        at java.util.concurrent.LinkedBlockingQueue.take(LinkedBlockingQueue.java:442)
        at java.util.concurrent.ThreadPoolExecutor.getTask(ThreadPoolExecutor.java:1074)
        at java.util.concurrent.ThreadPoolExecutor.runWorker(ThreadPoolExecutor.java:1134)
        at java.util.concurrent.ThreadPoolExecutor$Worker.run(ThreadPoolExecutor.java:624)
        at java.lang.Thread.run(Thread.java:750)
"qtp1885129157-486" daemon prio=5 tid=486 runnable
java.lang.Thread.State: RUNNABLE
        at sun.nio.ch.EPollArrayWrapper.epollWait(Native Method)
        at sun.nio.ch.EPollArrayWrapper.poll(EPollArrayWrapper.java:269)
        at sun.nio.ch.EPollSelectorImpl.doSelect(EPollSelectorImpl.java:93)
        at sun.nio.ch.SelectorImpl.lockAndDoSelect(SelectorImpl.java:86)
        at sun.nio.ch.SelectorImpl.select(SelectorImpl.java:97)
        at sun.nio.ch.SelectorImpl.select(SelectorImpl.java:101)
        at org.eclipse.jetty.io.ManagedSelector.nioSelect(ManagedSelector.java:183)
        at org.eclipse.jetty.io.ManagedSelector.select(ManagedSelector.java:190)
        at org.eclipse.jetty.io.ManagedSelector$SelectorProducer.select(ManagedSelector.java:606)
        at org.eclipse.jetty.io.ManagedSelector$SelectorProducer.produce(ManagedSelector.java:543)
        at org.eclipse.jetty.util.thread.strategy.EatWhatYouKill.produceTask(EatWhatYouKill.java:362)
        at org.eclipse.jetty.util.thread.strategy.EatWhatYouKill.doProduce(EatWhatYouKill.java:186)
        at org.eclipse.jetty.util.thread.strategy.EatWhatYouKill.tryProduce(EatWhatYouKill.java:173)
        at org.eclipse.jetty.util.thread.strategy.EatWhatYouKill.produce(EatWhatYouKill.java:137)
        at org.eclipse.jetty.io.ManagedSelector$$Lambda$519/294435622.run(Unknown Source)
        at org.eclipse.jetty.util.thread.QueuedThreadPool.runJob(QueuedThreadPool.java:883)
        at org.eclipse.jetty.util.thread.QueuedThreadPool$Runner.run(QueuedThreadPool.java:1034)
        at java.lang.Thread.run(Thread.java:750)
"JvmPauseMonitor4" daemon prio=5 tid=518 timed_waiting
java.lang.Thread.State: TIMED_WAITING
        at java.lang.Thread.sleep(Native Method)
        at java.lang.Thread.sleep(Thread.java:342)
        at java.util.concurrent.TimeUnit.sleep(TimeUnit.java:386)
        at org.apache.ratis.util.TimeDuration.sleep(TimeDuration.java:325)
        at org.apache.ratis.util.TimeDuration.sleep(TimeDuration.java:310)
        at org.apache.ratis.util.JvmPauseMonitor.detectPause(JvmPauseMonitor.java:117)
        at org.apache.ratis.util.JvmPauseMonitor.run(JvmPauseMonitor.java:106)
        at org.apache.ratis.util.JvmPauseMonitor$$Lambda$484/814583272.run(Unknown Source)
        at java.lang.Thread.run(Thread.java:750)
"Socket Reader #1 for port 15073"  prio=5 tid=406 runnable
java.lang.Thread.State: RUNNABLE
        at sun.nio.ch.EPollArrayWrapper.epollWait(Native Method)
        at sun.nio.ch.EPollArrayWrapper.poll(EPollArrayWrapper.java:269)
        at sun.nio.ch.EPollSelectorImpl.doSelect(EPollSelectorImpl.java:93)
        at sun.nio.ch.SelectorImpl.lockAndDoSelect(SelectorImpl.java:86)
        at sun.nio.ch.SelectorImpl.select(SelectorImpl.java:97)
        at sun.nio.ch.SelectorImpl.select(SelectorImpl.java:101)
        at org.apache.hadoop.ipc.Server$Listener$Reader.doRunLoop(Server.java:1346)
        at org.apache.hadoop.ipc.Server$Listener$Reader.run(Server.java:1325)
"66ee3698-ded8-430f-8ecd-27f356af6e45-EndpointStateMachineTaskThread-/0.0.0.0:15002-0 "  prio=5 tid=496 in Object.wait()
java.lang.Thread.State: WAITING (on object monitor)
        at sun.misc.Unsafe.park(Native Method)
        at java.util.concurrent.locks.LockSupport.park(LockSupport.java:175)
        at java.util.concurrent.locks.AbstractQueuedSynchronizer$ConditionObject.await(AbstractQueuedSynchronizer.java:2039)
        at java.util.concurrent.LinkedBlockingQueue.take(LinkedBlockingQueue.java:442)
        at java.util.concurrent.ThreadPoolExecutor.getTask(ThreadPoolExecutor.java:1074)
        at java.util.concurrent.ThreadPoolExecutor.runWorker(ThreadPoolExecutor.java:1134)
        at java.util.concurrent.ThreadPoolExecutor$Worker.run(ThreadPoolExecutor.java:624)
        at java.lang.Thread.run(Thread.java:750)
"qtp532752228-398" daemon prio=5 tid=398 timed_waiting
java.lang.Thread.State: TIMED_WAITING
        at sun.misc.Unsafe.park(Native Method)
        at java.util.concurrent.locks.LockSupport.parkNanos(LockSupport.java:215)
        at java.util.concurrent.locks.AbstractQueuedSynchronizer$ConditionObject.awaitNanos(AbstractQueuedSynchronizer.java:2078)
        at org.eclipse.jetty.util.BlockingArrayQueue.poll(BlockingArrayQueue.java:382)
        at org.eclipse.jetty.util.thread.QueuedThreadPool$Runner.idleJobPoll(QueuedThreadPool.java:974)
        at org.eclipse.jetty.util.thread.QueuedThreadPool$Runner.run(QueuedThreadPool.java:1018)
        at java.lang.Thread.run(Thread.java:750)
"grpc-default-executor-4" daemon prio=5 tid=799 timed_waiting
java.lang.Thread.State: TIMED_WAITING
        at sun.misc.Unsafe.park(Native Method)
        at java.util.concurrent.locks.LockSupport.parkNanos(LockSupport.java:215)
        at java.util.concurrent.SynchronousQueue$TransferStack.awaitFulfill(SynchronousQueue.java:460)
        at java.util.concurrent.SynchronousQueue$TransferStack.transfer(SynchronousQueue.java:362)
        at java.util.concurrent.SynchronousQueue.poll(SynchronousQueue.java:941)
        at java.util.concurrent.ThreadPoolExecutor.getTask(ThreadPoolExecutor.java:1073)
        at java.util.concurrent.ThreadPoolExecutor.runWorker(ThreadPoolExecutor.java:1134)
        at java.util.concurrent.ThreadPoolExecutor$Worker.run(ThreadPoolExecutor.java:624)
        at java.lang.Thread.run(Thread.java:750)
"EventQueue-NewNodeForNewNodeHandler" daemon prio=5 tid=585 in Object.wait()
java.lang.Thread.State: WAITING (on object monitor)
        at sun.misc.Unsafe.park(Native Method)
        at java.util.concurrent.locks.LockSupport.park(LockSupport.java:175)
        at java.util.concurrent.locks.AbstractQueuedSynchronizer$ConditionObject.await(AbstractQueuedSynchronizer.java:2039)
        at java.util.concurrent.LinkedBlockingQueue.take(LinkedBlockingQueue.java:442)
        at java.util.concurrent.ThreadPoolExecutor.getTask(ThreadPoolExecutor.java:1074)
        at java.util.concurrent.ThreadPoolExecutor.runWorker(ThreadPoolExecutor.java:1134)
        at java.util.concurrent.ThreadPoolExecutor$Worker.run(ThreadPoolExecutor.java:624)
        at java.lang.Thread.run(Thread.java:750)
"f612f2cf-90dc-41dc-bf39-cf028d38c484-ChunkReader-0" daemon prio=5 tid=1031 in Object.wait()
java.lang.Thread.State: WAITING (on object monitor)
        at sun.misc.Unsafe.park(Native Method)
        at java.util.concurrent.locks.LockSupport.park(LockSupport.java:175)
        at java.util.concurrent.locks.AbstractQueuedSynchronizer$ConditionObject.await(AbstractQueuedSynchronizer.java:2039)
        at java.util.concurrent.LinkedBlockingQueue.take(LinkedBlockingQueue.java:442)
        at java.util.concurrent.ThreadPoolExecutor.getTask(ThreadPoolExecutor.java:1074)
        at java.util.concurrent.ThreadPoolExecutor.runWorker(ThreadPoolExecutor.java:1134)
        at java.util.concurrent.ThreadPoolExecutor$Worker.run(ThreadPoolExecutor.java:624)
        at java.lang.Thread.run(Thread.java:750)
"StaleRecoveringContainerScrubbingService#7" daemon prio=5 tid=1448 in Object.wait()
java.lang.Thread.State: WAITING (on object monitor)
        at sun.misc.Unsafe.park(Native Method)
        at java.util.concurrent.locks.LockSupport.park(LockSupport.java:175)
        at java.util.concurrent.locks.AbstractQueuedSynchronizer$ConditionObject.await(AbstractQueuedSynchronizer.java:2039)
        at java.util.concurrent.ScheduledThreadPoolExecutor$DelayedWorkQueue.take(ScheduledThreadPoolExecutor.java:1088)
        at java.util.concurrent.ScheduledThreadPoolExecutor$DelayedWorkQueue.take(ScheduledThreadPoolExecutor.java:809)
        at java.util.concurrent.ThreadPoolExecutor.getTask(ThreadPoolExecutor.java:1074)
        at java.util.concurrent.ThreadPoolExecutor.runWorker(ThreadPoolExecutor.java:1134)
        at java.util.concurrent.ThreadPoolExecutor$Worker.run(ThreadPoolExecutor.java:624)
        at java.lang.Thread.run(Thread.java:750)
"55507c8a-594d-4e25-909f-8d2832294c55-ChunkReader-2" daemon prio=5 tid=1361 in Object.wait()
java.lang.Thread.State: WAITING (on object monitor)
        at sun.misc.Unsafe.park(Native Method)
        at java.util.concurrent.locks.LockSupport.park(LockSupport.java:175)
        at java.util.concurrent.locks.AbstractQueuedSynchronizer$ConditionObject.await(AbstractQueuedSynchronizer.java:2039)
        at java.util.concurrent.LinkedBlockingQueue.take(LinkedBlockingQueue.java:442)
        at java.util.concurrent.ThreadPoolExecutor.getTask(ThreadPoolExecutor.java:1074)
        at java.util.concurrent.ThreadPoolExecutor.runWorker(ThreadPoolExecutor.java:1134)
        at java.util.concurrent.ThreadPoolExecutor$Worker.run(ThreadPoolExecutor.java:624)
        at java.lang.Thread.run(Thread.java:750)
"qtp532752228-403" daemon prio=5 tid=403 timed_waiting
java.lang.Thread.State: TIMED_WAITING
        at sun.misc.Unsafe.park(Native Method)
        at java.util.concurrent.locks.LockSupport.parkNanos(LockSupport.java:215)
        at java.util.concurrent.locks.AbstractQueuedSynchronizer$ConditionObject.awaitNanos(AbstractQueuedSynchronizer.java:2078)
        at org.eclipse.jetty.util.BlockingArrayQueue.poll(BlockingArrayQueue.java:382)
        at org.eclipse.jetty.util.thread.QueuedThreadPool$Runner.idleJobPoll(QueuedThreadPool.java:974)
        at org.eclipse.jetty.util.thread.QueuedThreadPool$Runner.run(QueuedThreadPool.java:1018)
        at java.lang.Thread.run(Thread.java:750)
"Timer for 'StorageContainerManager' metrics system" daemon prio=5 tid=50 timed_waiting
java.lang.Thread.State: TIMED_WAITING
        at java.lang.Object.wait(Native Method)
        at java.util.TimerThread.mainLoop(Timer.java:552)
        at java.util.TimerThread.run(Timer.java:505)
"qtp1663850432-1168" daemon prio=5 tid=1168 timed_waiting
java.lang.Thread.State: TIMED_WAITING
        at sun.misc.Unsafe.park(Native Method)
        at java.util.concurrent.locks.LockSupport.parkNanos(LockSupport.java:215)
        at java.util.concurrent.locks.AbstractQueuedSynchronizer$ConditionObject.awaitNanos(AbstractQueuedSynchronizer.java:2078)
        at org.eclipse.jetty.util.BlockingArrayQueue.poll(BlockingArrayQueue.java:382)
        at org.eclipse.jetty.util.thread.QueuedThreadPool$Runner.idleJobPoll(QueuedThreadPool.java:974)
        at org.eclipse.jetty.util.thread.QueuedThreadPool$Runner.run(QueuedThreadPool.java:1018)
        at java.lang.Thread.run(Thread.java:750)
"66ee3698-ded8-430f-8ecd-27f356af6e45-ec-reconstruct-reader-TID-2"  prio=5 tid=1137 in Object.wait()
java.lang.Thread.State: WAITING (on object monitor)
        at sun.misc.Unsafe.park(Native Method)
        at java.util.concurrent.locks.LockSupport.park(LockSupport.java:175)
        at java.util.concurrent.SynchronousQueue$TransferStack.awaitFulfill(SynchronousQueue.java:458)
        at java.util.concurrent.SynchronousQueue$TransferStack.transfer(SynchronousQueue.java:362)
        at java.util.concurrent.SynchronousQueue.take(SynchronousQueue.java:924)
        at java.util.concurrent.ThreadPoolExecutor.getTask(ThreadPoolExecutor.java:1074)
        at java.util.concurrent.ThreadPoolExecutor.runWorker(ThreadPoolExecutor.java:1134)
        at java.util.concurrent.ThreadPoolExecutor$Worker.run(ThreadPoolExecutor.java:624)
        at java.lang.Thread.run(Thread.java:750)
"66ee3698-ded8-430f-8ecd-27f356af6e45@group-7E36DD6E81EC-StateMachineUpdater" daemon prio=5 tid=790 timed_waiting
java.lang.Thread.State: TIMED_WAITING
        at sun.misc.Unsafe.park(Native Method)
        at java.util.concurrent.locks.LockSupport.parkNanos(LockSupport.java:215)
        at java.util.concurrent.locks.AbstractQueuedSynchronizer$ConditionObject.await(AbstractQueuedSynchronizer.java:2163)
        at org.apache.ratis.util.AwaitForSignal.await(AwaitForSignal.java:62)
        at org.apache.ratis.server.impl.StateMachineUpdater.waitForCommit(StateMachineUpdater.java:209)
        at org.apache.ratis.server.impl.StateMachineUpdater.run(StateMachineUpdater.java:178)
        at java.lang.Thread.run(Thread.java:750)
"0ef615e1-91db-4ede-b924-53e2d320f02d-DatanodeReportManager-1" daemon prio=5 tid=239 in Object.wait()
java.lang.Thread.State: WAITING (on object monitor)
        at sun.misc.Unsafe.park(Native Method)
        at java.util.concurrent.locks.LockSupport.park(LockSupport.java:175)
        at java.util.concurrent.locks.AbstractQueuedSynchronizer$ConditionObject.await(AbstractQueuedSynchronizer.java:2039)
        at java.util.concurrent.ScheduledThreadPoolExecutor$DelayedWorkQueue.take(ScheduledThreadPoolExecutor.java:1088)
        at java.util.concurrent.ScheduledThreadPoolExecutor$DelayedWorkQueue.take(ScheduledThreadPoolExecutor.java:809)
        at java.util.concurrent.ThreadPoolExecutor.getTask(ThreadPoolExecutor.java:1074)
        at java.util.concurrent.ThreadPoolExecutor.runWorker(ThreadPoolExecutor.java:1134)
        at java.util.concurrent.ThreadPoolExecutor$Worker.run(ThreadPoolExecutor.java:624)
        at java.lang.Thread.run(Thread.java:750)
"IPC Server handler 9 on default port 15002" daemon prio=5 tid=100 timed_waiting
java.lang.Thread.State: TIMED_WAITING
        at sun.misc.Unsafe.park(Native Method)
        at java.util.concurrent.locks.LockSupport.parkNanos(LockSupport.java:215)
        at java.util.concurrent.locks.AbstractQueuedSynchronizer$ConditionObject.awaitNanos(AbstractQueuedSynchronizer.java:2078)
        at java.util.concurrent.LinkedBlockingQueue.poll(LinkedBlockingQueue.java:467)
        at org.apache.hadoop.ipc.CallQueueManager.take(CallQueueManager.java:317)
        at org.apache.hadoop.ipc.Server$Handler.run(Server.java:3014)
"66ee3698-ded8-430f-8ecd-27f356af6e45-ChunkReader-7" daemon prio=5 tid=1464 in Object.wait()
java.lang.Thread.State: WAITING (on object monitor)
        at sun.misc.Unsafe.park(Native Method)
        at java.util.concurrent.locks.LockSupport.park(LockSupport.java:175)
        at java.util.concurrent.locks.AbstractQueuedSynchronizer$ConditionObject.await(AbstractQueuedSynchronizer.java:2039)
        at java.util.concurrent.LinkedBlockingQueue.take(LinkedBlockingQueue.java:442)
        at java.util.concurrent.ThreadPoolExecutor.getTask(ThreadPoolExecutor.java:1074)
        at java.util.concurrent.ThreadPoolExecutor.runWorker(ThreadPoolExecutor.java:1134)
        at java.util.concurrent.ThreadPoolExecutor$Worker.run(ThreadPoolExecutor.java:624)
        at java.lang.Thread.run(Thread.java:750)
"StaleRecoveringContainerScrubbingService#9" daemon prio=5 tid=1478 in Object.wait()
java.lang.Thread.State: WAITING (on object monitor)
        at sun.misc.Unsafe.park(Native Method)
        at java.util.concurrent.locks.LockSupport.park(LockSupport.java:175)
        at java.util.concurrent.locks.AbstractQueuedSynchronizer$ConditionObject.await(AbstractQueuedSynchronizer.java:2039)
        at java.util.concurrent.ScheduledThreadPoolExecutor$DelayedWorkQueue.take(ScheduledThreadPoolExecutor.java:1088)
        at java.util.concurrent.ScheduledThreadPoolExecutor$DelayedWorkQueue.take(ScheduledThreadPoolExecutor.java:809)
        at java.util.concurrent.ThreadPoolExecutor.getTask(ThreadPoolExecutor.java:1074)
        at java.util.concurrent.ThreadPoolExecutor.runWorker(ThreadPoolExecutor.java:1134)
        at java.util.concurrent.ThreadPoolExecutor$Worker.run(ThreadPoolExecutor.java:624)
        at java.lang.Thread.run(Thread.java:750)
"StaleRecoveringContainerScrubbingService#4" daemon prio=5 tid=1119 timed_waiting
java.lang.Thread.State: TIMED_WAITING
        at sun.misc.Unsafe.park(Native Method)
        at java.util.concurrent.locks.LockSupport.parkNanos(LockSupport.java:215)
        at java.util.concurrent.locks.AbstractQueuedSynchronizer$ConditionObject.awaitNanos(AbstractQueuedSynchronizer.java:2078)
        at java.util.concurrent.ScheduledThreadPoolExecutor$DelayedWorkQueue.take(ScheduledThreadPoolExecutor.java:1093)
        at java.util.concurrent.ScheduledThreadPoolExecutor$DelayedWorkQueue.take(ScheduledThreadPoolExecutor.java:809)
        at java.util.concurrent.ThreadPoolExecutor.getTask(ThreadPoolExecutor.java:1074)
        at java.util.concurrent.ThreadPoolExecutor.runWorker(ThreadPoolExecutor.java:1134)
        at java.util.concurrent.ThreadPoolExecutor$Worker.run(ThreadPoolExecutor.java:624)
        at java.lang.Thread.run(Thread.java:750)
"StaleRecoveringContainerScrubbingService#0" daemon prio=5 tid=552 in Object.wait()
java.lang.Thread.State: WAITING (on object monitor)
        at sun.misc.Unsafe.park(Native Method)
        at java.util.concurrent.locks.LockSupport.park(LockSupport.java:175)
        at java.util.concurrent.locks.AbstractQueuedSynchronizer$ConditionObject.await(AbstractQueuedSynchronizer.java:2039)
        at java.util.concurrent.ScheduledThreadPoolExecutor$DelayedWorkQueue.take(ScheduledThreadPoolExecutor.java:1088)
        at java.util.concurrent.ScheduledThreadPoolExecutor$DelayedWorkQueue.take(ScheduledThreadPoolExecutor.java:809)
        at java.util.concurrent.ThreadPoolExecutor.getTask(ThreadPoolExecutor.java:1074)
        at java.util.concurrent.ThreadPoolExecutor.runWorker(ThreadPoolExecutor.java:1134)
        at java.util.concurrent.ThreadPoolExecutor$Worker.run(ThreadPoolExecutor.java:624)
        at java.lang.Thread.run(Thread.java:750)
"IPC Server handler 14 on default port 15001" daemon prio=5 tid=85 timed_waiting
java.lang.Thread.State: TIMED_WAITING
        at sun.misc.Unsafe.park(Native Method)
        at java.util.concurrent.locks.LockSupport.parkNanos(LockSupport.java:215)
        at java.util.concurrent.locks.AbstractQueuedSynchronizer$ConditionObject.awaitNanos(AbstractQueuedSynchronizer.java:2078)
        at java.util.concurrent.LinkedBlockingQueue.poll(LinkedBlockingQueue.java:467)
        at org.apache.hadoop.ipc.CallQueueManager.take(CallQueueManager.java:317)
        at org.apache.hadoop.ipc.Server$Handler.run(Server.java:3014)
"om1@group-C5BA1605619E-SegmentedRaftLogWorker"  prio=5 tid=143 timed_waiting
java.lang.Thread.State: TIMED_WAITING
        at sun.misc.Unsafe.park(Native Method)
        at java.util.concurrent.locks.LockSupport.parkNanos(LockSupport.java:215)
        at java.util.concurrent.locks.AbstractQueuedSynchronizer$ConditionObject.awaitNanos(AbstractQueuedSynchronizer.java:2078)
        at org.apache.ratis.util.DataBlockingQueue.poll(DataBlockingQueue.java:148)
        at org.apache.ratis.server.raftlog.segmented.SegmentedRaftLogWorker.run(SegmentedRaftLogWorker.java:307)
        at org.apache.ratis.server.raftlog.segmented.SegmentedRaftLogWorker$$Lambda$819/1928678273.run(Unknown Source)
        at java.util.concurrent.Executors$RunnableAdapter.call(Executors.java:511)
        at java.util.concurrent.FutureTask.run(FutureTask.java:266)
        at java.util.concurrent.ThreadPoolExecutor.runWorker(ThreadPoolExecutor.java:1149)
        at java.util.concurrent.ThreadPoolExecutor$Worker.run(ThreadPoolExecutor.java:624)
        at java.lang.Thread.run(Thread.java:750)
"66ee3698-ded8-430f-8ecd-27f356af6e45-DatanodeReportManager-3" daemon prio=5 tid=270 in Object.wait()
java.lang.Thread.State: WAITING (on object monitor)
        at sun.misc.Unsafe.park(Native Method)
        at java.util.concurrent.locks.LockSupport.park(LockSupport.java:175)
        at java.util.concurrent.locks.AbstractQueuedSynchronizer$ConditionObject.await(AbstractQueuedSynchronizer.java:2039)
        at java.util.concurrent.ScheduledThreadPoolExecutor$DelayedWorkQueue.take(ScheduledThreadPoolExecutor.java:1088)
        at java.util.concurrent.ScheduledThreadPoolExecutor$DelayedWorkQueue.take(ScheduledThreadPoolExecutor.java:809)
        at java.util.concurrent.ThreadPoolExecutor.getTask(ThreadPoolExecutor.java:1074)
        at java.util.concurrent.ThreadPoolExecutor.runWorker(ThreadPoolExecutor.java:1134)
        at java.util.concurrent.ThreadPoolExecutor$Worker.run(ThreadPoolExecutor.java:624)
        at java.lang.Thread.run(Thread.java:750)
"94422c73-384a-4d9a-a15d-46d9f5b840aa@group-7E36DD6E81EC-StateMachineUpdater" daemon prio=5 tid=786 timed_waiting
java.lang.Thread.State: TIMED_WAITING
        at sun.misc.Unsafe.park(Native Method)
        at java.util.concurrent.locks.LockSupport.parkNanos(LockSupport.java:215)
        at java.util.concurrent.locks.AbstractQueuedSynchronizer$ConditionObject.await(AbstractQueuedSynchronizer.java:2163)
        at org.apache.ratis.util.AwaitForSignal.await(AwaitForSignal.java:62)
        at org.apache.ratis.server.impl.StateMachineUpdater.waitForCommit(StateMachineUpdater.java:209)
        at org.apache.ratis.server.impl.StateMachineUpdater.run(StateMachineUpdater.java:178)
        at java.lang.Thread.run(Thread.java:750)
"23554148-3e4d-431f-a73e-f2401dbff1d4-DatanodeStateMachineDaemonThread" daemon prio=5 tid=353 timed_waiting
java.lang.Thread.State: TIMED_WAITING
        at java.lang.Thread.sleep(Native Method)
        at org.apache.hadoop.ozone.container.common.statemachine.DatanodeStateMachine.startStateMachineThread(DatanodeStateMachine.java:369)
        at org.apache.hadoop.ozone.container.common.statemachine.DatanodeStateMachine.lambda$startDaemon$1(DatanodeStateMachine.java:556)
        at org.apache.hadoop.ozone.container.common.statemachine.DatanodeStateMachine$$Lambda$1023/888481372.run(Unknown Source)
        at java.lang.Thread.run(Thread.java:750)
"pool-176-thread-1" daemon prio=5 tid=544 timed_waiting
java.lang.Thread.State: TIMED_WAITING
        at sun.misc.Unsafe.park(Native Method)
        at java.util.concurrent.locks.LockSupport.parkNanos(LockSupport.java:215)
        at java.util.concurrent.locks.AbstractQueuedSynchronizer$ConditionObject.awaitNanos(AbstractQueuedSynchronizer.java:2078)
        at java.util.concurrent.ScheduledThreadPoolExecutor$DelayedWorkQueue.take(ScheduledThreadPoolExecutor.java:1093)
        at java.util.concurrent.ScheduledThreadPoolExecutor$DelayedWorkQueue.take(ScheduledThreadPoolExecutor.java:809)
        at java.util.concurrent.ThreadPoolExecutor.getTask(ThreadPoolExecutor.java:1074)
        at java.util.concurrent.ThreadPoolExecutor.runWorker(ThreadPoolExecutor.java:1134)
        at java.util.concurrent.ThreadPoolExecutor$Worker.run(ThreadPoolExecutor.java:624)
        at java.lang.Thread.run(Thread.java:750)
"23554148-3e4d-431f-a73e-f2401dbff1d4-BlockDeletingService#0" daemon prio=5 tid=566 timed_waiting
java.lang.Thread.State: TIMED_WAITING
        at sun.misc.Unsafe.park(Native Method)
        at java.util.concurrent.locks.LockSupport.parkNanos(LockSupport.java:215)
        at java.util.concurrent.locks.AbstractQueuedSynchronizer$ConditionObject.awaitNanos(AbstractQueuedSynchronizer.java:2078)
        at java.util.concurrent.ScheduledThreadPoolExecutor$DelayedWorkQueue.take(ScheduledThreadPoolExecutor.java:1093)
        at java.util.concurrent.ScheduledThreadPoolExecutor$DelayedWorkQueue.take(ScheduledThreadPoolExecutor.java:809)
        at java.util.concurrent.ThreadPoolExecutor.getTask(ThreadPoolExecutor.java:1074)
        at java.util.concurrent.ThreadPoolExecutor.runWorker(ThreadPoolExecutor.java:1134)
        at java.util.concurrent.ThreadPoolExecutor$Worker.run(ThreadPoolExecutor.java:624)
        at java.lang.Thread.run(Thread.java:750)
"StaleRecoveringContainerScrubbingService#5" daemon prio=5 tid=1225 in Object.wait()
java.lang.Thread.State: WAITING (on object monitor)
        at sun.misc.Unsafe.park(Native Method)
        at java.util.concurrent.locks.LockSupport.park(LockSupport.java:175)
        at java.util.concurrent.locks.AbstractQueuedSynchronizer$ConditionObject.await(AbstractQueuedSynchronizer.java:2039)
        at java.util.concurrent.ScheduledThreadPoolExecutor$DelayedWorkQueue.take(ScheduledThreadPoolExecutor.java:1088)
        at java.util.concurrent.ScheduledThreadPoolExecutor$DelayedWorkQueue.take(ScheduledThreadPoolExecutor.java:809)
        at java.util.concurrent.ThreadPoolExecutor.getTask(ThreadPoolExecutor.java:1074)
        at java.util.concurrent.ThreadPoolExecutor.runWorker(ThreadPoolExecutor.java:1134)
        at java.util.concurrent.ThreadPoolExecutor$Worker.run(ThreadPoolExecutor.java:624)
        at java.lang.Thread.run(Thread.java:750)
"94422c73-384a-4d9a-a15d-46d9f5b840aa-server-thread3" daemon prio=5 tid=905 timed_waiting
java.lang.Thread.State: TIMED_WAITING
        at sun.misc.Unsafe.park(Native Method)
        at java.util.concurrent.locks.LockSupport.parkNanos(LockSupport.java:215)
        at java.util.concurrent.SynchronousQueue$TransferStack.awaitFulfill(SynchronousQueue.java:460)
        at java.util.concurrent.SynchronousQueue$TransferStack.transfer(SynchronousQueue.java:362)
        at java.util.concurrent.SynchronousQueue.poll(SynchronousQueue.java:941)
        at java.util.concurrent.ThreadPoolExecutor.getTask(ThreadPoolExecutor.java:1073)
        at java.util.concurrent.ThreadPoolExecutor.runWorker(ThreadPoolExecutor.java:1134)
        at java.util.concurrent.ThreadPoolExecutor$Worker.run(ThreadPoolExecutor.java:624)
        at java.lang.Thread.run(Thread.java:750)
"0ef615e1-91db-4ede-b924-53e2d320f02d-ChunkWriter-1-0" daemon prio=5 tid=473 in Object.wait()
java.lang.Thread.State: WAITING (on object monitor)
        at sun.misc.Unsafe.park(Native Method)
        at java.util.concurrent.locks.LockSupport.park(LockSupport.java:175)
        at java.util.concurrent.locks.AbstractQueuedSynchronizer$ConditionObject.await(AbstractQueuedSynchronizer.java:2039)
        at java.util.concurrent.LinkedBlockingDeque.takeFirst(LinkedBlockingDeque.java:492)
        at java.util.concurrent.LinkedBlockingDeque.take(LinkedBlockingDeque.java:680)
        at java.util.concurrent.ThreadPoolExecutor.getTask(ThreadPoolExecutor.java:1074)
        at java.util.concurrent.ThreadPoolExecutor.runWorker(ThreadPoolExecutor.java:1134)
        at java.util.concurrent.ThreadPoolExecutor$Worker.run(ThreadPoolExecutor.java:624)
        at java.lang.Thread.run(Thread.java:750)
"IPC Server handler 8 on default port 15000" daemon prio=5 tid=59 timed_waiting
java.lang.Thread.State: TIMED_WAITING
        at sun.misc.Unsafe.park(Native Method)
        at java.util.concurrent.locks.LockSupport.parkNanos(LockSupport.java:215)
        at java.util.concurrent.locks.AbstractQueuedSynchronizer$ConditionObject.awaitNanos(AbstractQueuedSynchronizer.java:2078)
        at java.util.concurrent.LinkedBlockingQueue.poll(LinkedBlockingQueue.java:467)
        at org.apache.hadoop.ipc.CallQueueManager.take(CallQueueManager.java:317)
        at org.apache.hadoop.ipc.Server$Handler.run(Server.java:3014)
"UnderReplicatedProcessor" daemon prio=5 tid=1439 timed_waiting
java.lang.Thread.State: TIMED_WAITING
        at java.lang.Object.wait(Native Method)
        at org.apache.hadoop.hdds.scm.container.replication.UnhealthyReplicationProcessor.run(UnhealthyReplicationProcessor.java:174)
        at java.lang.Thread.run(Thread.java:750)
"IPC Server handler 15 on default port 15004" daemon prio=5 tid=180 timed_waiting
java.lang.Thread.State: TIMED_WAITING
        at sun.misc.Unsafe.park(Native Method)
        at java.util.concurrent.locks.LockSupport.parkNanos(LockSupport.java:215)
        at java.util.concurrent.locks.AbstractQueuedSynchronizer$ConditionObject.awaitNanos(AbstractQueuedSynchronizer.java:2078)
        at java.util.concurrent.LinkedBlockingQueue.poll(LinkedBlockingQueue.java:467)
        at org.apache.hadoop.ipc.CallQueueManager.take(CallQueueManager.java:317)
        at org.apache.hadoop.ipc.Server$Handler.run(Server.java:3014)
"qtp773672120-256" daemon prio=5 tid=256 timed_waiting
java.lang.Thread.State: TIMED_WAITING
        at sun.misc.Unsafe.park(Native Method)
        at java.util.concurrent.locks.LockSupport.parkNanos(LockSupport.java:215)
        at java.util.concurrent.locks.AbstractQueuedSynchronizer$ConditionObject.awaitNanos(AbstractQueuedSynchronizer.java:2078)
        at org.eclipse.jetty.util.BlockingArrayQueue.poll(BlockingArrayQueue.java:382)
        at org.eclipse.jetty.util.thread.QueuedThreadPool$Runner.idleJobPoll(QueuedThreadPool.java:974)
        at org.eclipse.jetty.util.thread.QueuedThreadPool$Runner.run(QueuedThreadPool.java:1018)
        at java.lang.Thread.run(Thread.java:750)
"qtp1885129157-487-acceptor-0@34866f54-ServerConnector@47c2ba49{HTTP/1.1, (http/1.1)}{0.0.0.0:15090}" daemon prio=3 tid=487 runnable
java.lang.Thread.State: RUNNABLE
        at sun.nio.ch.ServerSocketChannelImpl.accept0(Native Method)
        at sun.nio.ch.ServerSocketChannelImpl.accept(ServerSocketChannelImpl.java:421)
        at sun.nio.ch.ServerSocketChannelImpl.accept(ServerSocketChannelImpl.java:249)
        at org.eclipse.jetty.server.ServerConnector.accept(ServerConnector.java:388)
        at org.eclipse.jetty.server.AbstractConnector$Acceptor.run(AbstractConnector.java:704)
        at org.eclipse.jetty.util.thread.QueuedThreadPool.runJob(QueuedThreadPool.java:883)
        at org.eclipse.jetty.util.thread.QueuedThreadPool$Runner.run(QueuedThreadPool.java:1034)
        at java.lang.Thread.run(Thread.java:750)
"IPC Server handler 11 on default port 15000" daemon prio=5 tid=62 timed_waiting
java.lang.Thread.State: TIMED_WAITING
        at sun.misc.Unsafe.park(Native Method)
        at java.util.concurrent.locks.LockSupport.parkNanos(LockSupport.java:215)
        at java.util.concurrent.locks.AbstractQueuedSynchronizer$ConditionObject.awaitNanos(AbstractQueuedSynchronizer.java:2078)
        at java.util.concurrent.LinkedBlockingQueue.poll(LinkedBlockingQueue.java:467)
        at org.apache.hadoop.ipc.CallQueueManager.take(CallQueueManager.java:317)
        at org.apache.hadoop.ipc.Server$Handler.run(Server.java:3014)
"JvmPauseMonitor5" daemon prio=5 tid=534 timed_waiting
java.lang.Thread.State: TIMED_WAITING
        at java.lang.Thread.sleep(Native Method)
        at java.lang.Thread.sleep(Thread.java:342)
        at java.util.concurrent.TimeUnit.sleep(TimeUnit.java:386)
        at org.apache.ratis.util.TimeDuration.sleep(TimeDuration.java:325)
        at org.apache.ratis.util.TimeDuration.sleep(TimeDuration.java:310)
        at org.apache.ratis.util.JvmPauseMonitor.detectPause(JvmPauseMonitor.java:117)
        at org.apache.ratis.util.JvmPauseMonitor.run(JvmPauseMonitor.java:106)
        at org.apache.ratis.util.JvmPauseMonitor$$Lambda$484/814583272.run(Unknown Source)
        at java.lang.Thread.run(Thread.java:750)
"Session-HouseKeeper-4f015995-1"  prio=5 tid=346 timed_waiting
java.lang.Thread.State: TIMED_WAITING
        at sun.misc.Unsafe.park(Native Method)
        at java.util.concurrent.locks.LockSupport.parkNanos(LockSupport.java:215)
        at java.util.concurrent.locks.AbstractQueuedSynchronizer$ConditionObject.awaitNanos(AbstractQueuedSynchronizer.java:2078)
        at java.util.concurrent.ScheduledThreadPoolExecutor$DelayedWorkQueue.take(ScheduledThreadPoolExecutor.java:1093)
        at java.util.concurrent.ScheduledThreadPoolExecutor$DelayedWorkQueue.take(ScheduledThreadPoolExecutor.java:809)
        at java.util.concurrent.ThreadPoolExecutor.getTask(ThreadPoolExecutor.java:1074)
        at java.util.concurrent.ThreadPoolExecutor.runWorker(ThreadPoolExecutor.java:1134)
        at java.util.concurrent.ThreadPoolExecutor$Worker.run(ThreadPoolExecutor.java:624)
        at java.lang.Thread.run(Thread.java:750)
"StaleRecoveringContainerScrubbingService#1" daemon prio=5 tid=541 in Object.wait()
java.lang.Thread.State: WAITING (on object monitor)
        at sun.misc.Unsafe.park(Native Method)
        at java.util.concurrent.locks.LockSupport.park(LockSupport.java:175)
        at java.util.concurrent.locks.AbstractQueuedSynchronizer$ConditionObject.await(AbstractQueuedSynchronizer.java:2039)
        at java.util.concurrent.ScheduledThreadPoolExecutor$DelayedWorkQueue.take(ScheduledThreadPoolExecutor.java:1088)
        at java.util.concurrent.ScheduledThreadPoolExecutor$DelayedWorkQueue.take(ScheduledThreadPoolExecutor.java:809)
        at java.util.concurrent.ThreadPoolExecutor.getTask(ThreadPoolExecutor.java:1074)
        at java.util.concurrent.ThreadPoolExecutor.runWorker(ThreadPoolExecutor.java:1134)
        at java.util.concurrent.ThreadPoolExecutor$Worker.run(ThreadPoolExecutor.java:624)
        at java.lang.Thread.run(Thread.java:750)
"Hadoop-Metrics-Updater-0" daemon prio=5 tid=293 timed_waiting
java.lang.Thread.State: TIMED_WAITING
        at sun.misc.Unsafe.park(Native Method)
        at java.util.concurrent.locks.LockSupport.parkNanos(LockSupport.java:215)
        at java.util.concurrent.locks.AbstractQueuedSynchronizer$ConditionObject.awaitNanos(AbstractQueuedSynchronizer.java:2078)
        at java.util.concurrent.ScheduledThreadPoolExecutor$DelayedWorkQueue.take(ScheduledThreadPoolExecutor.java:1093)
        at java.util.concurrent.ScheduledThreadPoolExecutor$DelayedWorkQueue.take(ScheduledThreadPoolExecutor.java:809)
        at java.util.concurrent.ThreadPoolExecutor.getTask(ThreadPoolExecutor.java:1074)
        at java.util.concurrent.ThreadPoolExecutor.runWorker(ThreadPoolExecutor.java:1134)
        at java.util.concurrent.ThreadPoolExecutor$Worker.run(ThreadPoolExecutor.java:624)
        at java.lang.Thread.run(Thread.java:750)
"55507c8a-594d-4e25-909f-8d2832294c55-ChunkWriter-2-0" daemon prio=5 tid=1192 in Object.wait()
java.lang.Thread.State: WAITING (on object monitor)
        at sun.misc.Unsafe.park(Native Method)
        at java.util.concurrent.locks.LockSupport.park(LockSupport.java:175)
        at java.util.concurrent.locks.AbstractQueuedSynchronizer$ConditionObject.await(AbstractQueuedSynchronizer.java:2039)
        at java.util.concurrent.LinkedBlockingDeque.takeFirst(LinkedBlockingDeque.java:492)
        at java.util.concurrent.LinkedBlockingDeque.take(LinkedBlockingDeque.java:680)
        at java.util.concurrent.ThreadPoolExecutor.getTask(ThreadPoolExecutor.java:1074)
        at java.util.concurrent.ThreadPoolExecutor.runWorker(ThreadPoolExecutor.java:1134)
        at java.util.concurrent.ThreadPoolExecutor$Worker.run(ThreadPoolExecutor.java:624)
        at java.lang.Thread.run(Thread.java:750)
"qtp1742206865-312" daemon prio=5 tid=312 timed_waiting
java.lang.Thread.State: TIMED_WAITING
        at sun.misc.Unsafe.park(Native Method)
        at java.util.concurrent.locks.LockSupport.parkNanos(LockSupport.java:215)
        at java.util.concurrent.locks.AbstractQueuedSynchronizer$ConditionObject.awaitNanos(AbstractQueuedSynchronizer.java:2078)
        at org.eclipse.jetty.util.BlockingArrayQueue.poll(BlockingArrayQueue.java:382)
        at org.eclipse.jetty.util.thread.QueuedThreadPool$Runner.idleJobPoll(QueuedThreadPool.java:974)
        at org.eclipse.jetty.util.thread.QueuedThreadPool$Runner.run(QueuedThreadPool.java:1018)
        at java.lang.Thread.run(Thread.java:750)
"3fb99649-c87f-4cc9-b3d9-f5c572ff189c@group-8AB99D5E21D8-SegmentedRaftLogWorker"  prio=5 tid=673 timed_waiting
java.lang.Thread.State: TIMED_WAITING
        at sun.misc.Unsafe.park(Native Method)
        at java.util.concurrent.locks.LockSupport.parkNanos(LockSupport.java:215)
        at java.util.concurrent.locks.AbstractQueuedSynchronizer$ConditionObject.awaitNanos(AbstractQueuedSynchronizer.java:2078)
        at org.apache.ratis.util.DataBlockingQueue.poll(DataBlockingQueue.java:148)
        at org.apache.ratis.server.raftlog.segmented.SegmentedRaftLogWorker.run(SegmentedRaftLogWorker.java:307)
        at org.apache.ratis.server.raftlog.segmented.SegmentedRaftLogWorker$$Lambda$819/1928678273.run(Unknown Source)
        at java.util.concurrent.Executors$RunnableAdapter.call(Executors.java:511)
        at java.util.concurrent.FutureTask.run(FutureTask.java:266)
        at java.util.concurrent.ThreadPoolExecutor.runWorker(ThreadPoolExecutor.java:1149)
        at java.util.concurrent.ThreadPoolExecutor$Worker.run(ThreadPoolExecutor.java:624)
        at java.lang.Thread.run(Thread.java:750)
"StaleRecoveringContainerScrubbingService#9" daemon prio=5 tid=1477 in Object.wait()
java.lang.Thread.State: WAITING (on object monitor)
        at sun.misc.Unsafe.park(Native Method)
        at java.util.concurrent.locks.LockSupport.park(LockSupport.java:175)
        at java.util.concurrent.locks.AbstractQueuedSynchronizer$ConditionObject.await(AbstractQueuedSynchronizer.java:2039)
        at java.util.concurrent.ScheduledThreadPoolExecutor$DelayedWorkQueue.take(ScheduledThreadPoolExecutor.java:1088)
        at java.util.concurrent.ScheduledThreadPoolExecutor$DelayedWorkQueue.take(ScheduledThreadPoolExecutor.java:809)
        at java.util.concurrent.ThreadPoolExecutor.getTask(ThreadPoolExecutor.java:1074)
        at java.util.concurrent.ThreadPoolExecutor.runWorker(ThreadPoolExecutor.java:1134)
        at java.util.concurrent.ThreadPoolExecutor$Worker.run(ThreadPoolExecutor.java:624)
        at java.lang.Thread.run(Thread.java:750)
"IPC Server listener on 15073" daemon prio=5 tid=405 runnable
java.lang.Thread.State: RUNNABLE
        at sun.nio.ch.EPollArrayWrapper.epollWait(Native Method)
        at sun.nio.ch.EPollArrayWrapper.poll(EPollArrayWrapper.java:269)
        at sun.nio.ch.EPollSelectorImpl.doSelect(EPollSelectorImpl.java:93)
        at sun.nio.ch.SelectorImpl.lockAndDoSelect(SelectorImpl.java:86)
        at sun.nio.ch.SelectorImpl.select(SelectorImpl.java:97)
        at sun.nio.ch.SelectorImpl.select(SelectorImpl.java:101)
        at org.apache.hadoop.ipc.Server$Listener.run(Server.java:1408)
"1407d0d1-39ba-4bc0-b697-1e16e43cd838-ChunkReader-5" daemon prio=5 tid=1490 in Object.wait()
java.lang.Thread.State: WAITING (on object monitor)
        at sun.misc.Unsafe.park(Native Method)
        at java.util.concurrent.locks.LockSupport.park(LockSupport.java:175)
        at java.util.concurrent.locks.AbstractQueuedSynchronizer$ConditionObject.await(AbstractQueuedSynchronizer.java:2039)
        at java.util.concurrent.LinkedBlockingQueue.take(LinkedBlockingQueue.java:442)
        at java.util.concurrent.ThreadPoolExecutor.getTask(ThreadPoolExecutor.java:1074)
        at java.util.concurrent.ThreadPoolExecutor.runWorker(ThreadPoolExecutor.java:1134)
        at java.util.concurrent.ThreadPoolExecutor$Worker.run(ThreadPoolExecutor.java:624)
        at java.lang.Thread.run(Thread.java:750)
"qtp1495131145-225" daemon prio=5 tid=225 timed_waiting
java.lang.Thread.State: TIMED_WAITING
        at sun.misc.Unsafe.park(Native Method)
        at java.util.concurrent.locks.LockSupport.parkNanos(LockSupport.java:215)
        at java.util.concurrent.locks.AbstractQueuedSynchronizer$ConditionObject.awaitNanos(AbstractQueuedSynchronizer.java:2078)
        at org.eclipse.jetty.util.BlockingArrayQueue.poll(BlockingArrayQueue.java:382)
        at org.eclipse.jetty.util.thread.QueuedThreadPool$Runner.idleJobPoll(QueuedThreadPool.java:974)
        at org.eclipse.jetty.util.thread.QueuedThreadPool$Runner.run(QueuedThreadPool.java:1018)
        at java.lang.Thread.run(Thread.java:750)
"94422c73-384a-4d9a-a15d-46d9f5b840aa-groupManagement"  prio=5 tid=641 in Object.wait()
java.lang.Thread.State: WAITING (on object monitor)
        at sun.misc.Unsafe.park(Native Method)
        at java.util.concurrent.locks.LockSupport.park(LockSupport.java:175)
        at java.util.concurrent.locks.AbstractQueuedSynchronizer$ConditionObject.await(AbstractQueuedSynchronizer.java:2039)
        at java.util.concurrent.LinkedBlockingQueue.take(LinkedBlockingQueue.java:442)
        at java.util.concurrent.ThreadPoolExecutor.getTask(ThreadPoolExecutor.java:1074)
        at java.util.concurrent.ThreadPoolExecutor.runWorker(ThreadPoolExecutor.java:1134)
        at java.util.concurrent.ThreadPoolExecutor$Worker.run(ThreadPoolExecutor.java:624)
        at java.lang.Thread.run(Thread.java:750)
"EventQueue-NodeReportForNodeReportHandler" daemon prio=5 tid=1419 in Object.wait()
java.lang.Thread.State: WAITING (on object monitor)
        at sun.misc.Unsafe.park(Native Method)
        at java.util.concurrent.locks.LockSupport.park(LockSupport.java:175)
        at java.util.concurrent.locks.AbstractQueuedSynchronizer$ConditionObject.await(AbstractQueuedSynchronizer.java:2039)
        at java.util.concurrent.LinkedBlockingQueue.take(LinkedBlockingQueue.java:442)
        at java.util.concurrent.ThreadPoolExecutor.getTask(ThreadPoolExecutor.java:1074)
        at java.util.concurrent.ThreadPoolExecutor.runWorker(ThreadPoolExecutor.java:1134)
        at java.util.concurrent.ThreadPoolExecutor$Worker.run(ThreadPoolExecutor.java:624)
        at java.lang.Thread.run(Thread.java:750)
"55507c8a-594d-4e25-909f-8d2832294c55-BlockDeletingService#2" daemon prio=5 tid=1484 in Object.wait()
java.lang.Thread.State: WAITING (on object monitor)
        at sun.misc.Unsafe.park(Native Method)
        at java.util.concurrent.locks.LockSupport.park(LockSupport.java:175)
        at java.util.concurrent.locks.AbstractQueuedSynchronizer$ConditionObject.await(AbstractQueuedSynchronizer.java:2039)
        at java.util.concurrent.ScheduledThreadPoolExecutor$DelayedWorkQueue.take(ScheduledThreadPoolExecutor.java:1088)
        at java.util.concurrent.ScheduledThreadPoolExecutor$DelayedWorkQueue.take(ScheduledThreadPoolExecutor.java:809)
        at java.util.concurrent.ThreadPoolExecutor.getTask(ThreadPoolExecutor.java:1074)
        at java.util.concurrent.ThreadPoolExecutor.runWorker(ThreadPoolExecutor.java:1134)
        at java.util.concurrent.ThreadPoolExecutor$Worker.run(ThreadPoolExecutor.java:624)
        at java.lang.Thread.run(Thread.java:750)
"IPC Server handler 6 on default port 15001" daemon prio=5 tid=77 timed_waiting
java.lang.Thread.State: TIMED_WAITING
        at sun.misc.Unsafe.park(Native Method)
        at java.util.concurrent.locks.LockSupport.parkNanos(LockSupport.java:215)
        at java.util.concurrent.locks.AbstractQueuedSynchronizer$ConditionObject.awaitNanos(AbstractQueuedSynchronizer.java:2078)
        at java.util.concurrent.LinkedBlockingQueue.poll(LinkedBlockingQueue.java:467)
        at org.apache.hadoop.ipc.CallQueueManager.take(CallQueueManager.java:317)
        at org.apache.hadoop.ipc.Server$Handler.run(Server.java:3014)
"StaleRecoveringContainerScrubbingService#8" daemon prio=5 tid=1492 in Object.wait()
java.lang.Thread.State: WAITING (on object monitor)
        at sun.misc.Unsafe.park(Native Method)
        at java.util.concurrent.locks.LockSupport.park(LockSupport.java:175)
        at java.util.concurrent.locks.AbstractQueuedSynchronizer$ConditionObject.await(AbstractQueuedSynchronizer.java:2039)
        at java.util.concurrent.ScheduledThreadPoolExecutor$DelayedWorkQueue.take(ScheduledThreadPoolExecutor.java:1088)
        at java.util.concurrent.ScheduledThreadPoolExecutor$DelayedWorkQueue.take(ScheduledThreadPoolExecutor.java:809)
        at java.util.concurrent.ThreadPoolExecutor.getTask(ThreadPoolExecutor.java:1074)
        at java.util.concurrent.ThreadPoolExecutor.runWorker(ThreadPoolExecutor.java:1134)
        at java.util.concurrent.ThreadPoolExecutor$Worker.run(ThreadPoolExecutor.java:624)
        at java.lang.Thread.run(Thread.java:750)
"3fb99649-c87f-4cc9-b3d9-f5c572ff189c-ChunkReader-7" daemon prio=5 tid=1504 in Object.wait()
java.lang.Thread.State: WAITING (on object monitor)
        at sun.misc.Unsafe.park(Native Method)
        at java.util.concurrent.locks.LockSupport.park(LockSupport.java:175)
        at java.util.concurrent.locks.AbstractQueuedSynchronizer$ConditionObject.await(AbstractQueuedSynchronizer.java:2039)
        at java.util.concurrent.LinkedBlockingQueue.take(LinkedBlockingQueue.java:442)
        at java.util.concurrent.ThreadPoolExecutor.getTask(ThreadPoolExecutor.java:1074)
        at java.util.concurrent.ThreadPoolExecutor.runWorker(ThreadPoolExecutor.java:1134)
        at java.util.concurrent.ThreadPoolExecutor$Worker.run(ThreadPoolExecutor.java:624)
        at java.lang.Thread.run(Thread.java:750)
"1407d0d1-39ba-4bc0-b697-1e16e43cd838@group-5C95EDC39216->3fb99649-c87f-4cc9-b3d9-f5c572ff189c-GrpcLogAppender-LogAppenderDaemon" daemon prio=5 tid=1006 timed_waiting
java.lang.Thread.State: TIMED_WAITING
        at sun.misc.Unsafe.park(Native Method)
        at java.util.concurrent.locks.LockSupport.parkNanos(LockSupport.java:215)
        at java.util.concurrent.locks.AbstractQueuedSynchronizer$ConditionObject.await(AbstractQueuedSynchronizer.java:2163)
        at org.apache.ratis.util.AwaitForSignal.await(AwaitForSignal.java:62)
        at org.apache.ratis.grpc.server.GrpcLogAppender.mayWait(GrpcLogAppender.java:197)
        at org.apache.ratis.grpc.server.GrpcLogAppender.run(GrpcLogAppender.java:148)
        at org.apache.ratis.server.leader.LogAppenderDaemon.run(LogAppenderDaemon.java:78)
        at org.apache.ratis.server.leader.LogAppenderDaemon$$Lambda$1248/550328285.run(Unknown Source)
        at java.lang.Thread.run(Thread.java:750)
"0ef615e1-91db-4ede-b924-53e2d320f02d-PeriodicHDDSVolumeChecker" daemon prio=5 tid=465 timed_waiting
java.lang.Thread.State: TIMED_WAITING
        at sun.misc.Unsafe.park(Native Method)
        at java.util.concurrent.locks.LockSupport.parkNanos(LockSupport.java:215)
        at java.util.concurrent.locks.AbstractQueuedSynchronizer$ConditionObject.awaitNanos(AbstractQueuedSynchronizer.java:2078)
        at java.util.concurrent.ScheduledThreadPoolExecutor$DelayedWorkQueue.take(ScheduledThreadPoolExecutor.java:1093)
        at java.util.concurrent.ScheduledThreadPoolExecutor$DelayedWorkQueue.take(ScheduledThreadPoolExecutor.java:809)
        at java.util.concurrent.ThreadPoolExecutor.getTask(ThreadPoolExecutor.java:1074)
        at java.util.concurrent.ThreadPoolExecutor.runWorker(ThreadPoolExecutor.java:1134)
        at java.util.concurrent.ThreadPoolExecutor$Worker.run(ThreadPoolExecutor.java:624)
        at java.lang.Thread.run(Thread.java:750)
"IPC Server handler 0 on default port 15019" daemon prio=5 tid=236 timed_waiting
java.lang.Thread.State: TIMED_WAITING
        at sun.misc.Unsafe.park(Native Method)
        at java.util.concurrent.locks.LockSupport.parkNanos(LockSupport.java:215)
        at java.util.concurrent.locks.AbstractQueuedSynchronizer$ConditionObject.awaitNanos(AbstractQueuedSynchronizer.java:2078)
        at java.util.concurrent.LinkedBlockingQueue.poll(LinkedBlockingQueue.java:467)
        at org.apache.hadoop.ipc.CallQueueManager.take(CallQueueManager.java:317)
        at org.apache.hadoop.ipc.Server$Handler.run(Server.java:3014)
"66ee3698-ded8-430f-8ecd-27f356af6e45-server-thread3" daemon prio=5 tid=999 timed_waiting
java.lang.Thread.State: TIMED_WAITING
        at sun.misc.Unsafe.park(Native Method)
        at java.util.concurrent.locks.LockSupport.parkNanos(LockSupport.java:215)
        at java.util.concurrent.SynchronousQueue$TransferStack.awaitFulfill(SynchronousQueue.java:460)
        at java.util.concurrent.SynchronousQueue$TransferStack.transfer(SynchronousQueue.java:362)
        at java.util.concurrent.SynchronousQueue.poll(SynchronousQueue.java:941)
        at java.util.concurrent.ThreadPoolExecutor.getTask(ThreadPoolExecutor.java:1073)
        at java.util.concurrent.ThreadPoolExecutor.runWorker(ThreadPoolExecutor.java:1134)
        at java.util.concurrent.ThreadPoolExecutor$Worker.run(ThreadPoolExecutor.java:624)
        at java.lang.Thread.run(Thread.java:750)
"IPC Parameter Sending Thread for 0.0.0.0/0.0.0.0:15002" daemon prio=5 tid=422 timed_waiting
java.lang.Thread.State: TIMED_WAITING
        at sun.misc.Unsafe.park(Native Method)
        at java.util.concurrent.locks.LockSupport.parkNanos(LockSupport.java:215)
        at java.util.concurrent.SynchronousQueue$TransferQueue.awaitFulfill(SynchronousQueue.java:764)
        at java.util.concurrent.SynchronousQueue$TransferQueue.transfer(SynchronousQueue.java:695)
        at java.util.concurrent.SynchronousQueue.poll(SynchronousQueue.java:941)
        at org.apache.hadoop.ipc.Client$Connection$RpcRequestSender.run(Client.java:1105)
        at java.lang.Thread.run(Thread.java:750)
"Session-HouseKeeper-3ac731b5-1"  prio=5 tid=288 timed_waiting
java.lang.Thread.State: TIMED_WAITING
        at sun.misc.Unsafe.park(Native Method)
        at java.util.concurrent.locks.LockSupport.parkNanos(LockSupport.java:215)
        at java.util.concurrent.locks.AbstractQueuedSynchronizer$ConditionObject.awaitNanos(AbstractQueuedSynchronizer.java:2078)
        at java.util.concurrent.ScheduledThreadPoolExecutor$DelayedWorkQueue.take(ScheduledThreadPoolExecutor.java:1093)
        at java.util.concurrent.ScheduledThreadPoolExecutor$DelayedWorkQueue.take(ScheduledThreadPoolExecutor.java:809)
        at java.util.concurrent.ThreadPoolExecutor.getTask(ThreadPoolExecutor.java:1074)
        at java.util.concurrent.ThreadPoolExecutor.runWorker(ThreadPoolExecutor.java:1134)
        at java.util.concurrent.ThreadPoolExecutor$Worker.run(ThreadPoolExecutor.java:624)
        at java.lang.Thread.run(Thread.java:750)
"IPC Server handler 9 on default port 15000" daemon prio=5 tid=60 timed_waiting
java.lang.Thread.State: TIMED_WAITING
        at sun.misc.Unsafe.park(Native Method)
        at java.util.concurrent.locks.LockSupport.parkNanos(LockSupport.java:215)
        at java.util.concurrent.locks.AbstractQueuedSynchronizer$ConditionObject.awaitNanos(AbstractQueuedSynchronizer.java:2078)
        at java.util.concurrent.LinkedBlockingQueue.poll(LinkedBlockingQueue.java:467)
        at org.apache.hadoop.ipc.CallQueueManager.take(CallQueueManager.java:317)
        at org.apache.hadoop.ipc.Server$Handler.run(Server.java:3014)
"StaleRecoveringContainerScrubbingService#7" daemon prio=5 tid=1452 in Object.wait()
java.lang.Thread.State: WAITING (on object monitor)
        at sun.misc.Unsafe.park(Native Method)
        at java.util.concurrent.locks.LockSupport.park(LockSupport.java:175)
        at java.util.concurrent.locks.AbstractQueuedSynchronizer$ConditionObject.await(AbstractQueuedSynchronizer.java:2039)
        at java.util.concurrent.ScheduledThreadPoolExecutor$DelayedWorkQueue.take(ScheduledThreadPoolExecutor.java:1088)
        at java.util.concurrent.ScheduledThreadPoolExecutor$DelayedWorkQueue.take(ScheduledThreadPoolExecutor.java:809)
        at java.util.concurrent.ThreadPoolExecutor.getTask(ThreadPoolExecutor.java:1074)
        at java.util.concurrent.ThreadPoolExecutor.runWorker(ThreadPoolExecutor.java:1134)
        at java.util.concurrent.ThreadPoolExecutor$Worker.run(ThreadPoolExecutor.java:624)
        at java.lang.Thread.run(Thread.java:750)
"qtp1885129157-492" daemon prio=5 tid=492 timed_waiting
java.lang.Thread.State: TIMED_WAITING
        at sun.misc.Unsafe.park(Native Method)
        at java.util.concurrent.locks.LockSupport.parkNanos(LockSupport.java:215)
        at java.util.concurrent.locks.AbstractQueuedSynchronizer$ConditionObject.awaitNanos(AbstractQueuedSynchronizer.java:2078)
        at org.eclipse.jetty.util.BlockingArrayQueue.poll(BlockingArrayQueue.java:382)
        at org.eclipse.jetty.util.thread.QueuedThreadPool$Runner.idleJobPoll(QueuedThreadPool.java:974)
        at org.eclipse.jetty.util.thread.QueuedThreadPool$Runner.run(QueuedThreadPool.java:1018)
        at java.lang.Thread.run(Thread.java:750)
"qtp1742206865-313" daemon prio=5 tid=313 timed_waiting
java.lang.Thread.State: TIMED_WAITING
        at sun.misc.Unsafe.park(Native Method)
        at java.util.concurrent.locks.LockSupport.parkNanos(LockSupport.java:215)
        at java.util.concurrent.locks.AbstractQueuedSynchronizer$ConditionObject.awaitNanos(AbstractQueuedSynchronizer.java:2078)
        at org.eclipse.jetty.util.BlockingArrayQueue.poll(BlockingArrayQueue.java:382)
        at org.eclipse.jetty.util.thread.QueuedThreadPool$Runner.idleJobPoll(QueuedThreadPool.java:974)
        at org.eclipse.jetty.util.thread.QueuedThreadPool$Runner.run(QueuedThreadPool.java:1018)
        at java.lang.Thread.run(Thread.java:750)
"IPC Server idle connection scanner for port 15004" daemon prio=5 tid=139 timed_waiting
java.lang.Thread.State: TIMED_WAITING
        at java.lang.Object.wait(Native Method)
        at java.util.TimerThread.mainLoop(Timer.java:552)
        at java.util.TimerThread.run(Timer.java:505)
"f612f2cf-90dc-41dc-bf39-cf028d38c484@group-B006CA637614-StateMachineUpdater" daemon prio=5 tid=726 timed_waiting
java.lang.Thread.State: TIMED_WAITING
        at sun.misc.Unsafe.park(Native Method)
        at java.util.concurrent.locks.LockSupport.parkNanos(LockSupport.java:215)
        at java.util.concurrent.locks.AbstractQueuedSynchronizer$ConditionObject.await(AbstractQueuedSynchronizer.java:2163)
        at org.apache.ratis.util.AwaitForSignal.await(AwaitForSignal.java:62)
        at org.apache.ratis.server.impl.StateMachineUpdater.waitForCommit(StateMachineUpdater.java:209)
        at org.apache.ratis.server.impl.StateMachineUpdater.run(StateMachineUpdater.java:178)
        at java.lang.Thread.run(Thread.java:750)
"1407d0d1-39ba-4bc0-b697-1e16e43cd838-PeriodicHDDSVolumeChecker" daemon prio=5 tid=542 timed_waiting
java.lang.Thread.State: TIMED_WAITING
        at sun.misc.Unsafe.park(Native Method)
        at java.util.concurrent.locks.LockSupport.parkNanos(LockSupport.java:215)
        at java.util.concurrent.locks.AbstractQueuedSynchronizer$ConditionObject.awaitNanos(AbstractQueuedSynchronizer.java:2078)
        at java.util.concurrent.ScheduledThreadPoolExecutor$DelayedWorkQueue.take(ScheduledThreadPoolExecutor.java:1093)
        at java.util.concurrent.ScheduledThreadPoolExecutor$DelayedWorkQueue.take(ScheduledThreadPoolExecutor.java:809)
        at java.util.concurrent.ThreadPoolExecutor.getTask(ThreadPoolExecutor.java:1074)
        at java.util.concurrent.ThreadPoolExecutor.runWorker(ThreadPoolExecutor.java:1134)
        at java.util.concurrent.ThreadPoolExecutor$Worker.run(ThreadPoolExecutor.java:624)
        at java.lang.Thread.run(Thread.java:750)
"IPC Server listener on 15004" daemon prio=5 tid=137 runnable
java.lang.Thread.State: RUNNABLE
        at sun.nio.ch.EPollArrayWrapper.epollWait(Native Method)
        at sun.nio.ch.EPollArrayWrapper.poll(EPollArrayWrapper.java:269)
        at sun.nio.ch.EPollSelectorImpl.doSelect(EPollSelectorImpl.java:93)
        at sun.nio.ch.SelectorImpl.lockAndDoSelect(SelectorImpl.java:86)
        at sun.nio.ch.SelectorImpl.select(SelectorImpl.java:97)
        at sun.nio.ch.SelectorImpl.select(SelectorImpl.java:101)
        at org.apache.hadoop.ipc.Server$Listener.run(Server.java:1408)
"23554148-3e4d-431f-a73e-f2401dbff1d4-PipelineCommandHandlerThread-0"  prio=5 tid=671 in Object.wait()
java.lang.Thread.State: WAITING (on object monitor)
        at sun.misc.Unsafe.park(Native Method)
        at java.util.concurrent.locks.LockSupport.park(LockSupport.java:175)
        at java.util.concurrent.locks.AbstractQueuedSynchronizer$ConditionObject.await(AbstractQueuedSynchronizer.java:2039)
        at java.util.concurrent.LinkedBlockingQueue.take(LinkedBlockingQueue.java:442)
        at java.util.concurrent.ThreadPoolExecutor.getTask(ThreadPoolExecutor.java:1074)
        at java.util.concurrent.ThreadPoolExecutor.runWorker(ThreadPoolExecutor.java:1134)
        at java.util.concurrent.ThreadPoolExecutor$Worker.run(ThreadPoolExecutor.java:624)
        at java.lang.Thread.run(Thread.java:750)
"0ef615e1-91db-4ede-b924-53e2d320f02d-DatanodeReportManager-2" daemon prio=5 tid=240 in Object.wait()
java.lang.Thread.State: WAITING (on object monitor)
        at sun.misc.Unsafe.park(Native Method)
        at java.util.concurrent.locks.LockSupport.park(LockSupport.java:175)
        at java.util.concurrent.locks.AbstractQueuedSynchronizer$ConditionObject.await(AbstractQueuedSynchronizer.java:2039)
        at java.util.concurrent.ScheduledThreadPoolExecutor$DelayedWorkQueue.take(ScheduledThreadPoolExecutor.java:1088)
        at java.util.concurrent.ScheduledThreadPoolExecutor$DelayedWorkQueue.take(ScheduledThreadPoolExecutor.java:809)
        at java.util.concurrent.ThreadPoolExecutor.getTask(ThreadPoolExecutor.java:1074)
        at java.util.concurrent.ThreadPoolExecutor.runWorker(ThreadPoolExecutor.java:1134)
        at java.util.concurrent.ThreadPoolExecutor$Worker.run(ThreadPoolExecutor.java:624)
        at java.lang.Thread.run(Thread.java:750)
"55507c8a-594d-4e25-909f-8d2832294c55@group-3CEA00BD3BAC-FollowerState" daemon prio=5 tid=1320 timed_waiting
java.lang.Thread.State: TIMED_WAITING
        at java.lang.Thread.sleep(Native Method)
        at java.lang.Thread.sleep(Thread.java:342)
        at java.util.concurrent.TimeUnit.sleep(TimeUnit.java:386)
        at org.apache.ratis.util.TimeDuration.sleep(TimeDuration.java:325)
        at org.apache.ratis.util.TimeDuration.sleep(TimeDuration.java:310)
        at org.apache.ratis.server.impl.FollowerState.run(FollowerState.java:128)
"pool-98-thread-1" daemon prio=5 tid=469 timed_waiting
java.lang.Thread.State: TIMED_WAITING
        at sun.misc.Unsafe.park(Native Method)
        at java.util.concurrent.locks.LockSupport.parkNanos(LockSupport.java:215)
        at java.util.concurrent.locks.AbstractQueuedSynchronizer$ConditionObject.awaitNanos(AbstractQueuedSynchronizer.java:2078)
        at java.util.concurrent.ScheduledThreadPoolExecutor$DelayedWorkQueue.take(ScheduledThreadPoolExecutor.java:1093)
        at java.util.concurrent.ScheduledThreadPoolExecutor$DelayedWorkQueue.take(ScheduledThreadPoolExecutor.java:809)
        at java.util.concurrent.ThreadPoolExecutor.getTask(ThreadPoolExecutor.java:1074)
        at java.util.concurrent.ThreadPoolExecutor.runWorker(ThreadPoolExecutor.java:1134)
        at java.util.concurrent.ThreadPoolExecutor$Worker.run(ThreadPoolExecutor.java:624)
        at java.lang.Thread.run(Thread.java:750)
"qtp623734438-161" daemon prio=5 tid=161 timed_waiting
java.lang.Thread.State: TIMED_WAITING
        at sun.misc.Unsafe.park(Native Method)
        at java.util.concurrent.locks.LockSupport.parkNanos(LockSupport.java:215)
        at java.util.concurrent.locks.AbstractQueuedSynchronizer$ConditionObject.awaitNanos(AbstractQueuedSynchronizer.java:2078)
        at org.eclipse.jetty.util.BlockingArrayQueue.poll(BlockingArrayQueue.java:382)
        at org.eclipse.jetty.util.thread.QueuedThreadPool$Runner.idleJobPoll(QueuedThreadPool.java:974)
        at org.eclipse.jetty.util.thread.QueuedThreadPool$Runner.run(QueuedThreadPool.java:1018)
        at java.lang.Thread.run(Thread.java:750)
"f612f2cf-90dc-41dc-bf39-cf028d38c484-BlockDeletingService#1" daemon prio=5 tid=606 timed_waiting
java.lang.Thread.State: TIMED_WAITING
        at sun.misc.Unsafe.park(Native Method)
        at java.util.concurrent.locks.LockSupport.parkNanos(LockSupport.java:215)
        at java.util.concurrent.locks.AbstractQueuedSynchronizer$ConditionObject.awaitNanos(AbstractQueuedSynchronizer.java:2078)
        at java.util.concurrent.ScheduledThreadPoolExecutor$DelayedWorkQueue.take(ScheduledThreadPoolExecutor.java:1093)
        at java.util.concurrent.ScheduledThreadPoolExecutor$DelayedWorkQueue.take(ScheduledThreadPoolExecutor.java:809)
        at java.util.concurrent.ThreadPoolExecutor.getTask(ThreadPoolExecutor.java:1074)
        at java.util.concurrent.ThreadPoolExecutor.runWorker(ThreadPoolExecutor.java:1134)
        at java.util.concurrent.ThreadPoolExecutor$Worker.run(ThreadPoolExecutor.java:624)
        at java.lang.Thread.run(Thread.java:750)
"Hadoop-Metrics-Updater-0" daemon prio=5 tid=29 timed_waiting
java.lang.Thread.State: TIMED_WAITING
        at sun.misc.Unsafe.park(Native Method)
        at java.util.concurrent.locks.LockSupport.parkNanos(LockSupport.java:215)
        at java.util.concurrent.locks.AbstractQueuedSynchronizer$ConditionObject.awaitNanos(AbstractQueuedSynchronizer.java:2078)
        at java.util.concurrent.ScheduledThreadPoolExecutor$DelayedWorkQueue.take(ScheduledThreadPoolExecutor.java:1093)
        at java.util.concurrent.ScheduledThreadPoolExecutor$DelayedWorkQueue.take(ScheduledThreadPoolExecutor.java:809)
        at java.util.concurrent.ThreadPoolExecutor.getTask(ThreadPoolExecutor.java:1074)
        at java.util.concurrent.ThreadPoolExecutor.runWorker(ThreadPoolExecutor.java:1134)
        at java.util.concurrent.ThreadPoolExecutor$Worker.run(ThreadPoolExecutor.java:624)
        at java.lang.Thread.run(Thread.java:750)
"3fb99649-c87f-4cc9-b3d9-f5c572ff189c-CloseContainerThread-0"  prio=5 tid=1105 in Object.wait()
java.lang.Thread.State: WAITING (on object monitor)
        at sun.misc.Unsafe.park(Native Method)
        at java.util.concurrent.locks.LockSupport.park(LockSupport.java:175)
        at java.util.concurrent.locks.AbstractQueuedSynchronizer$ConditionObject.await(AbstractQueuedSynchronizer.java:2039)
        at java.util.concurrent.LinkedBlockingQueue.take(LinkedBlockingQueue.java:442)
        at java.util.concurrent.ThreadPoolExecutor.getTask(ThreadPoolExecutor.java:1074)
        at java.util.concurrent.ThreadPoolExecutor.runWorker(ThreadPoolExecutor.java:1134)
        at java.util.concurrent.ThreadPoolExecutor$Worker.run(ThreadPoolExecutor.java:624)
        at java.lang.Thread.run(Thread.java:750)
"94422c73-384a-4d9a-a15d-46d9f5b840aa-ChunkReader-2" daemon prio=5 tid=1472 in Object.wait()
java.lang.Thread.State: WAITING (on object monitor)
        at sun.misc.Unsafe.park(Native Method)
        at java.util.concurrent.locks.LockSupport.park(LockSupport.java:175)
        at java.util.concurrent.locks.AbstractQueuedSynchronizer$ConditionObject.await(AbstractQueuedSynchronizer.java:2039)
        at java.util.concurrent.LinkedBlockingQueue.take(LinkedBlockingQueue.java:442)
        at java.util.concurrent.ThreadPoolExecutor.getTask(ThreadPoolExecutor.java:1074)
        at java.util.concurrent.ThreadPoolExecutor.runWorker(ThreadPoolExecutor.java:1134)
        at java.util.concurrent.ThreadPoolExecutor$Worker.run(ThreadPoolExecutor.java:624)
        at java.lang.Thread.run(Thread.java:750)
"JvmPauseMonitor6" daemon prio=5 tid=549 timed_waiting
java.lang.Thread.State: TIMED_WAITING
        at java.lang.Thread.sleep(Native Method)
        at java.lang.Thread.sleep(Thread.java:342)
        at java.util.concurrent.TimeUnit.sleep(TimeUnit.java:386)
        at org.apache.ratis.util.TimeDuration.sleep(TimeDuration.java:325)
        at org.apache.ratis.util.TimeDuration.sleep(TimeDuration.java:310)
        at org.apache.ratis.util.JvmPauseMonitor.detectPause(JvmPauseMonitor.java:117)
        at org.apache.ratis.util.JvmPauseMonitor.run(JvmPauseMonitor.java:106)
        at org.apache.ratis.util.JvmPauseMonitor$$Lambda$484/814583272.run(Unknown Source)
        at java.lang.Thread.run(Thread.java:750)
"StaleRecoveringContainerScrubbingService#1" daemon prio=5 tid=553 in Object.wait()
java.lang.Thread.State: WAITING (on object monitor)
        at sun.misc.Unsafe.park(Native Method)
        at java.util.concurrent.locks.LockSupport.park(LockSupport.java:175)
        at java.util.concurrent.locks.AbstractQueuedSynchronizer$ConditionObject.await(AbstractQueuedSynchronizer.java:2039)
        at java.util.concurrent.ScheduledThreadPoolExecutor$DelayedWorkQueue.take(ScheduledThreadPoolExecutor.java:1088)
        at java.util.concurrent.ScheduledThreadPoolExecutor$DelayedWorkQueue.take(ScheduledThreadPoolExecutor.java:809)
        at java.util.concurrent.ThreadPoolExecutor.getTask(ThreadPoolExecutor.java:1074)
        at java.util.concurrent.ThreadPoolExecutor.runWorker(ThreadPoolExecutor.java:1134)
        at java.util.concurrent.ThreadPoolExecutor$Worker.run(ThreadPoolExecutor.java:624)
        at java.lang.Thread.run(Thread.java:750)
"IPC Server handler 8 on default port 15004" daemon prio=5 tid=173 timed_waiting
java.lang.Thread.State: TIMED_WAITING
        at sun.misc.Unsafe.park(Native Method)
        at java.util.concurrent.locks.LockSupport.parkNanos(LockSupport.java:215)
        at java.util.concurrent.locks.AbstractQueuedSynchronizer$ConditionObject.awaitNanos(AbstractQueuedSynchronizer.java:2078)
        at java.util.concurrent.LinkedBlockingQueue.poll(LinkedBlockingQueue.java:467)
        at org.apache.hadoop.ipc.CallQueueManager.take(CallQueueManager.java:317)
        at org.apache.hadoop.ipc.Server$Handler.run(Server.java:3014)
"fe9b02b7-73ff-430f-9d75-1483ab7beb41-CloseContainerThread-0"  prio=5 tid=1103 in Object.wait()
java.lang.Thread.State: WAITING (on object monitor)
        at sun.misc.Unsafe.park(Native Method)
        at java.util.concurrent.locks.LockSupport.park(LockSupport.java:175)
        at java.util.concurrent.locks.AbstractQueuedSynchronizer$ConditionObject.await(AbstractQueuedSynchronizer.java:2039)
        at java.util.concurrent.LinkedBlockingQueue.take(LinkedBlockingQueue.java:442)
        at java.util.concurrent.ThreadPoolExecutor.getTask(ThreadPoolExecutor.java:1074)
        at java.util.concurrent.ThreadPoolExecutor.runWorker(ThreadPoolExecutor.java:1134)
        at java.util.concurrent.ThreadPoolExecutor$Worker.run(ThreadPoolExecutor.java:624)
        at java.lang.Thread.run(Thread.java:750)
"qtp433327046-200" daemon prio=5 tid=200 timed_waiting
java.lang.Thread.State: TIMED_WAITING
        at sun.misc.Unsafe.park(Native Method)
        at java.util.concurrent.locks.LockSupport.parkNanos(LockSupport.java:215)
        at java.util.concurrent.locks.AbstractQueuedSynchronizer$ConditionObject.awaitNanos(AbstractQueuedSynchronizer.java:2078)
        at org.eclipse.jetty.util.BlockingArrayQueue.poll(BlockingArrayQueue.java:382)
        at org.eclipse.jetty.util.thread.QueuedThreadPool$Runner.idleJobPoll(QueuedThreadPool.java:974)
        at org.eclipse.jetty.util.thread.QueuedThreadPool$Runner.run(QueuedThreadPool.java:1018)
        at java.lang.Thread.run(Thread.java:750)
"Attach Listener" daemon prio=9 tid=1365 runnable
java.lang.Thread.State: RUNNABLE
"f612f2cf-90dc-41dc-bf39-cf028d38c484-ChunkReader-7" daemon prio=5 tid=1142 in Object.wait()
java.lang.Thread.State: WAITING (on object monitor)
        at sun.misc.Unsafe.park(Native Method)
        at java.util.concurrent.locks.LockSupport.park(LockSupport.java:175)
        at java.util.concurrent.locks.AbstractQueuedSynchronizer$ConditionObject.await(AbstractQueuedSynchronizer.java:2039)
        at java.util.concurrent.LinkedBlockingQueue.take(LinkedBlockingQueue.java:442)
        at java.util.concurrent.ThreadPoolExecutor.getTask(ThreadPoolExecutor.java:1074)
        at java.util.concurrent.ThreadPoolExecutor.runWorker(ThreadPoolExecutor.java:1134)
        at java.util.concurrent.ThreadPoolExecutor$Worker.run(ThreadPoolExecutor.java:624)
        at java.lang.Thread.run(Thread.java:750)
"1407d0d1-39ba-4bc0-b697-1e16e43cd838@group-5A0C10638F91-StateMachineUpdater" daemon prio=5 tid=709 timed_waiting
java.lang.Thread.State: TIMED_WAITING
        at sun.misc.Unsafe.park(Native Method)
        at java.util.concurrent.locks.LockSupport.parkNanos(LockSupport.java:215)
        at java.util.concurrent.locks.AbstractQueuedSynchronizer$ConditionObject.await(AbstractQueuedSynchronizer.java:2163)
        at org.apache.ratis.util.AwaitForSignal.await(AwaitForSignal.java:62)
        at org.apache.ratis.server.impl.StateMachineUpdater.waitForCommit(StateMachineUpdater.java:209)
        at org.apache.ratis.server.impl.StateMachineUpdater.run(StateMachineUpdater.java:178)
        at java.lang.Thread.run(Thread.java:750)
"94422c73-384a-4d9a-a15d-46d9f5b840aa-DatanodeReportManager-3" daemon prio=5 tid=212 timed_waiting
java.lang.Thread.State: TIMED_WAITING
        at sun.misc.Unsafe.park(Native Method)
        at java.util.concurrent.locks.LockSupport.parkNanos(LockSupport.java:215)
        at java.util.concurrent.locks.AbstractQueuedSynchronizer$ConditionObject.awaitNanos(AbstractQueuedSynchronizer.java:2078)
        at java.util.concurrent.ScheduledThreadPoolExecutor$DelayedWorkQueue.take(ScheduledThreadPoolExecutor.java:1093)
        at java.util.concurrent.ScheduledThreadPoolExecutor$DelayedWorkQueue.take(ScheduledThreadPoolExecutor.java:809)
        at java.util.concurrent.ThreadPoolExecutor.getTask(ThreadPoolExecutor.java:1074)
        at java.util.concurrent.ThreadPoolExecutor.runWorker(ThreadPoolExecutor.java:1134)
        at java.util.concurrent.ThreadPoolExecutor$Worker.run(ThreadPoolExecutor.java:624)
        at java.lang.Thread.run(Thread.java:750)
"nullContainerReplicationThread-0" daemon prio=5 tid=1502 in Object.wait()
java.lang.Thread.State: WAITING (on object monitor)
        at sun.misc.Unsafe.park(Native Method)
        at java.util.concurrent.locks.LockSupport.park(LockSupport.java:175)
        at java.util.concurrent.locks.AbstractQueuedSynchronizer$ConditionObject.await(AbstractQueuedSynchronizer.java:2039)
        at java.util.concurrent.PriorityBlockingQueue.take(PriorityBlockingQueue.java:549)
        at java.util.concurrent.ThreadPoolExecutor.getTask(ThreadPoolExecutor.java:1074)
        at java.util.concurrent.ThreadPoolExecutor.runWorker(ThreadPoolExecutor.java:1134)
        at java.util.concurrent.ThreadPoolExecutor$Worker.run(ThreadPoolExecutor.java:624)
        at java.lang.Thread.run(Thread.java:750)
"StaleRecoveringContainerScrubbingService#2" daemon prio=5 tid=875 in Object.wait()
java.lang.Thread.State: WAITING (on object monitor)
        at sun.misc.Unsafe.park(Native Method)
        at java.util.concurrent.locks.LockSupport.park(LockSupport.java:175)
        at java.util.concurrent.locks.AbstractQueuedSynchronizer$ConditionObject.await(AbstractQueuedSynchronizer.java:2039)
        at java.util.concurrent.ScheduledThreadPoolExecutor$DelayedWorkQueue.take(ScheduledThreadPoolExecutor.java:1088)
        at java.util.concurrent.ScheduledThreadPoolExecutor$DelayedWorkQueue.take(ScheduledThreadPoolExecutor.java:809)
        at java.util.concurrent.ThreadPoolExecutor.getTask(ThreadPoolExecutor.java:1074)
        at java.util.concurrent.ThreadPoolExecutor.runWorker(ThreadPoolExecutor.java:1134)
        at java.util.concurrent.ThreadPoolExecutor$Worker.run(ThreadPoolExecutor.java:624)
        at java.lang.Thread.run(Thread.java:750)
"grpc-default-worker-ELG-3-2" daemon prio=5 tid=652 runnable
java.lang.Thread.State: RUNNABLE
        at org.apache.ratis.thirdparty.io.netty.channel.epoll.Native.epollWait0(Native Method)
        at org.apache.ratis.thirdparty.io.netty.channel.epoll.Native.epollWait(Native.java:182)
        at org.apache.ratis.thirdparty.io.netty.channel.epoll.EpollEventLoop.epollWait(EpollEventLoop.java:302)
        at org.apache.ratis.thirdparty.io.netty.channel.epoll.EpollEventLoop.run(EpollEventLoop.java:366)
        at org.apache.ratis.thirdparty.io.netty.util.concurrent.SingleThreadEventExecutor$4.run(SingleThreadEventExecutor.java:997)
        at org.apache.ratis.thirdparty.io.netty.util.internal.ThreadExecutorMap$2.run(ThreadExecutorMap.java:74)
        at org.apache.ratis.thirdparty.io.netty.util.concurrent.FastThreadLocalRunnable.run(FastThreadLocalRunnable.java:30)
        at java.lang.Thread.run(Thread.java:750)
"5b9beb6f-d596-489f-8a17-e362b772df82-groupManagement"  prio=5 tid=761 in Object.wait()
java.lang.Thread.State: WAITING (on object monitor)
        at sun.misc.Unsafe.park(Native Method)
        at java.util.concurrent.locks.LockSupport.park(LockSupport.java:175)
        at java.util.concurrent.locks.AbstractQueuedSynchronizer$ConditionObject.await(AbstractQueuedSynchronizer.java:2039)
        at java.util.concurrent.LinkedBlockingQueue.take(LinkedBlockingQueue.java:442)
        at java.util.concurrent.ThreadPoolExecutor.getTask(ThreadPoolExecutor.java:1074)
        at java.util.concurrent.ThreadPoolExecutor.runWorker(ThreadPoolExecutor.java:1134)
        at java.util.concurrent.ThreadPoolExecutor$Worker.run(ThreadPoolExecutor.java:624)
        at java.lang.Thread.run(Thread.java:750)
"IPC Server handler 4 on default port 15000" daemon prio=5 tid=55 timed_waiting
java.lang.Thread.State: TIMED_WAITING
        at sun.misc.Unsafe.park(Native Method)
        at java.util.concurrent.locks.LockSupport.parkNanos(LockSupport.java:215)
        at java.util.concurrent.locks.AbstractQueuedSynchronizer$ConditionObject.awaitNanos(AbstractQueuedSynchronizer.java:2078)
        at java.util.concurrent.LinkedBlockingQueue.poll(LinkedBlockingQueue.java:467)
        at org.apache.hadoop.ipc.CallQueueManager.take(CallQueueManager.java:317)
        at org.apache.hadoop.ipc.Server$Handler.run(Server.java:3014)
"23554148-3e4d-431f-a73e-f2401dbff1d4-ChunkReader-1" daemon prio=5 tid=1357 in Object.wait()
java.lang.Thread.State: WAITING (on object monitor)
        at sun.misc.Unsafe.park(Native Method)
        at java.util.concurrent.locks.LockSupport.park(LockSupport.java:175)
        at java.util.concurrent.locks.AbstractQueuedSynchronizer$ConditionObject.await(AbstractQueuedSynchronizer.java:2039)
        at java.util.concurrent.LinkedBlockingQueue.take(LinkedBlockingQueue.java:442)
        at java.util.concurrent.ThreadPoolExecutor.getTask(ThreadPoolExecutor.java:1074)
        at java.util.concurrent.ThreadPoolExecutor.runWorker(ThreadPoolExecutor.java:1134)
        at java.util.concurrent.ThreadPoolExecutor$Worker.run(ThreadPoolExecutor.java:624)
        at java.lang.Thread.run(Thread.java:750)
"qtp1742206865-311" daemon prio=5 tid=311 timed_waiting
java.lang.Thread.State: TIMED_WAITING
        at sun.misc.Unsafe.park(Native Method)
        at java.util.concurrent.locks.LockSupport.parkNanos(LockSupport.java:215)
        at java.util.concurrent.locks.AbstractQueuedSynchronizer$ConditionObject.awaitNanos(AbstractQueuedSynchronizer.java:2078)
        at org.eclipse.jetty.util.BlockingArrayQueue.poll(BlockingArrayQueue.java:382)
        at org.eclipse.jetty.util.thread.QueuedThreadPool$Runner.idleJobPoll(QueuedThreadPool.java:974)
        at org.eclipse.jetty.util.thread.QueuedThreadPool$Runner.run(QueuedThreadPool.java:1018)
        at java.lang.Thread.run(Thread.java:750)
"StaleRecoveringContainerScrubbingService#6" daemon prio=5 tid=1339 in Object.wait()
java.lang.Thread.State: WAITING (on object monitor)
        at sun.misc.Unsafe.park(Native Method)
        at java.util.concurrent.locks.LockSupport.park(LockSupport.java:175)
        at java.util.concurrent.locks.AbstractQueuedSynchronizer$ConditionObject.await(AbstractQueuedSynchronizer.java:2039)
        at java.util.concurrent.ScheduledThreadPoolExecutor$DelayedWorkQueue.take(ScheduledThreadPoolExecutor.java:1088)
        at java.util.concurrent.ScheduledThreadPoolExecutor$DelayedWorkQueue.take(ScheduledThreadPoolExecutor.java:809)
        at java.util.concurrent.ThreadPoolExecutor.getTask(ThreadPoolExecutor.java:1074)
        at java.util.concurrent.ThreadPoolExecutor.runWorker(ThreadPoolExecutor.java:1134)
        at java.util.concurrent.ThreadPoolExecutor$Worker.run(ThreadPoolExecutor.java:624)
        at java.lang.Thread.run(Thread.java:750)
"3fb99649-c87f-4cc9-b3d9-f5c572ff189c-DatanodeReportManager-4" daemon prio=5 tid=300 timed_waiting
java.lang.Thread.State: TIMED_WAITING
        at sun.misc.Unsafe.park(Native Method)
        at java.util.concurrent.locks.LockSupport.parkNanos(LockSupport.java:215)
        at java.util.concurrent.locks.AbstractQueuedSynchronizer$ConditionObject.awaitNanos(AbstractQueuedSynchronizer.java:2078)
        at java.util.concurrent.ScheduledThreadPoolExecutor$DelayedWorkQueue.take(ScheduledThreadPoolExecutor.java:1093)
        at java.util.concurrent.ScheduledThreadPoolExecutor$DelayedWorkQueue.take(ScheduledThreadPoolExecutor.java:809)
        at java.util.concurrent.ThreadPoolExecutor.getTask(ThreadPoolExecutor.java:1074)
        at java.util.concurrent.ThreadPoolExecutor.runWorker(ThreadPoolExecutor.java:1134)
        at java.util.concurrent.ThreadPoolExecutor$Worker.run(ThreadPoolExecutor.java:624)
        at java.lang.Thread.run(Thread.java:750)
"55507c8a-594d-4e25-909f-8d2832294c55-DatanodeReportManager-3" daemon prio=5 tid=1181 in Object.wait()
java.lang.Thread.State: WAITING (on object monitor)
        at sun.misc.Unsafe.park(Native Method)
        at java.util.concurrent.locks.LockSupport.park(LockSupport.java:175)
        at java.util.concurrent.locks.AbstractQueuedSynchronizer$ConditionObject.await(AbstractQueuedSynchronizer.java:2039)
        at java.util.concurrent.ScheduledThreadPoolExecutor$DelayedWorkQueue.take(ScheduledThreadPoolExecutor.java:1088)
        at java.util.concurrent.ScheduledThreadPoolExecutor$DelayedWorkQueue.take(ScheduledThreadPoolExecutor.java:809)
        at java.util.concurrent.ThreadPoolExecutor.getTask(ThreadPoolExecutor.java:1074)
        at java.util.concurrent.ThreadPoolExecutor.runWorker(ThreadPoolExecutor.java:1134)
        at java.util.concurrent.ThreadPoolExecutor$Worker.run(ThreadPoolExecutor.java:624)
        at java.lang.Thread.run(Thread.java:750)
"55507c8a-594d-4e25-909f-8d2832294c55@group-456B59E875E4-SegmentedRaftLogWorker"  prio=5 tid=1290 timed_waiting
java.lang.Thread.State: TIMED_WAITING
        at sun.misc.Unsafe.park(Native Method)
        at java.util.concurrent.locks.LockSupport.parkNanos(LockSupport.java:215)
        at java.util.concurrent.locks.AbstractQueuedSynchronizer$ConditionObject.awaitNanos(AbstractQueuedSynchronizer.java:2078)
        at org.apache.ratis.util.DataBlockingQueue.poll(DataBlockingQueue.java:148)
        at org.apache.ratis.server.raftlog.segmented.SegmentedRaftLogWorker.run(SegmentedRaftLogWorker.java:307)
        at org.apache.ratis.server.raftlog.segmented.SegmentedRaftLogWorker$$Lambda$819/1928678273.run(Unknown Source)
        at java.util.concurrent.Executors$RunnableAdapter.call(Executors.java:511)
        at java.util.concurrent.FutureTask.run(FutureTask.java:266)
        at java.util.concurrent.ThreadPoolExecutor.runWorker(ThreadPoolExecutor.java:1149)
        at java.util.concurrent.ThreadPoolExecutor$Worker.run(ThreadPoolExecutor.java:624)
        at java.lang.Thread.run(Thread.java:750)
"ReplicationMonitor" daemon prio=5 tid=1438 timed_waiting
java.lang.Thread.State: TIMED_WAITING
        at java.lang.Object.wait(Native Method)
        at org.apache.hadoop.hdds.scm.container.replication.ReplicationManager.run(ReplicationManager.java:918)
        at org.apache.hadoop.hdds.scm.container.replication.ReplicationManager$$Lambda$451/1300523151.run(Unknown Source)
        at java.lang.Thread.run(Thread.java:750)
"66ee3698-ded8-430f-8ecd-27f356af6e45-ChunkReader-5" daemon prio=5 tid=1153 in Object.wait()
java.lang.Thread.State: WAITING (on object monitor)
        at sun.misc.Unsafe.park(Native Method)
        at java.util.concurrent.locks.LockSupport.park(LockSupport.java:175)
        at java.util.concurrent.locks.AbstractQueuedSynchronizer$ConditionObject.await(AbstractQueuedSynchronizer.java:2039)
        at java.util.concurrent.LinkedBlockingQueue.take(LinkedBlockingQueue.java:442)
        at java.util.concurrent.ThreadPoolExecutor.getTask(ThreadPoolExecutor.java:1074)
        at java.util.concurrent.ThreadPoolExecutor.runWorker(ThreadPoolExecutor.java:1134)
        at java.util.concurrent.ThreadPoolExecutor$Worker.run(ThreadPoolExecutor.java:624)
        at java.lang.Thread.run(Thread.java:750)
"timer0" daemon prio=5 tid=925 timed_waiting
java.lang.Thread.State: TIMED_WAITING
        at java.lang.Object.wait(Native Method)
        at java.util.TimerThread.mainLoop(Timer.java:552)
        at java.util.TimerThread.run(Timer.java:505)
"qtp1885129157-489" daemon prio=5 tid=489 timed_waiting
java.lang.Thread.State: TIMED_WAITING
        at sun.misc.Unsafe.park(Native Method)
        at java.util.concurrent.locks.LockSupport.parkNanos(LockSupport.java:215)
        at java.util.concurrent.locks.AbstractQueuedSynchronizer$ConditionObject.awaitNanos(AbstractQueuedSynchronizer.java:2078)
        at org.eclipse.jetty.util.BlockingArrayQueue.poll(BlockingArrayQueue.java:382)
        at org.eclipse.jetty.util.thread.QueuedThreadPool$Runner.idleJobPoll(QueuedThreadPool.java:974)
        at org.eclipse.jetty.util.thread.QueuedThreadPool$Runner.run(QueuedThreadPool.java:1018)
        at java.lang.Thread.run(Thread.java:750)
"23554148-3e4d-431f-a73e-f2401dbff1d4@group-F7793AD6C8D1-LeaderStateImpl" daemon prio=5 tid=935 timed_waiting
java.lang.Thread.State: TIMED_WAITING
        at sun.misc.Unsafe.park(Native Method)
        at java.util.concurrent.locks.LockSupport.parkNanos(LockSupport.java:215)
        at java.util.concurrent.locks.AbstractQueuedSynchronizer$ConditionObject.awaitNanos(AbstractQueuedSynchronizer.java:2078)
        at java.util.concurrent.ArrayBlockingQueue.poll(ArrayBlockingQueue.java:418)
        at org.apache.ratis.server.impl.LeaderStateImpl$EventQueue.poll(LeaderStateImpl.java:164)
        at org.apache.ratis.server.impl.LeaderStateImpl$EventProcessor.run(LeaderStateImpl.java:702)
"qtp773672120-252-acceptor-0@24192aff-ServerConnector@1318db0e{HTTP/1.1, (http/1.1)}{0.0.0.0:15027}" daemon prio=3 tid=252 runnable
java.lang.Thread.State: RUNNABLE
        at sun.nio.ch.ServerSocketChannelImpl.accept0(Native Method)
        at sun.nio.ch.ServerSocketChannelImpl.accept(ServerSocketChannelImpl.java:421)
        at sun.nio.ch.ServerSocketChannelImpl.accept(ServerSocketChannelImpl.java:249)
        at org.eclipse.jetty.server.ServerConnector.accept(ServerConnector.java:388)
        at org.eclipse.jetty.server.AbstractConnector$Acceptor.run(AbstractConnector.java:704)
        at org.eclipse.jetty.util.thread.QueuedThreadPool.runJob(QueuedThreadPool.java:883)
        at org.eclipse.jetty.util.thread.QueuedThreadPool$Runner.run(QueuedThreadPool.java:1034)
        at java.lang.Thread.run(Thread.java:750)
"3fb99649-c87f-4cc9-b3d9-f5c572ff189c-groupManagement"  prio=5 tid=670 in Object.wait()
java.lang.Thread.State: WAITING (on object monitor)
        at sun.misc.Unsafe.park(Native Method)
        at java.util.concurrent.locks.LockSupport.park(LockSupport.java:175)
        at java.util.concurrent.locks.AbstractQueuedSynchronizer$ConditionObject.await(AbstractQueuedSynchronizer.java:2039)
        at java.util.concurrent.LinkedBlockingQueue.take(LinkedBlockingQueue.java:442)
        at java.util.concurrent.ThreadPoolExecutor.getTask(ThreadPoolExecutor.java:1074)
        at java.util.concurrent.ThreadPoolExecutor.runWorker(ThreadPoolExecutor.java:1134)
        at java.util.concurrent.ThreadPoolExecutor$Worker.run(ThreadPoolExecutor.java:624)
        at java.lang.Thread.run(Thread.java:750)
"3fb99649-c87f-4cc9-b3d9-f5c572ff189c@group-5A0C10638F91-LeaderStateImpl" daemon prio=5 tid=920 timed_waiting
java.lang.Thread.State: TIMED_WAITING
        at sun.misc.Unsafe.park(Native Method)
        at java.util.concurrent.locks.LockSupport.parkNanos(LockSupport.java:215)
        at java.util.concurrent.locks.AbstractQueuedSynchronizer$ConditionObject.awaitNanos(AbstractQueuedSynchronizer.java:2078)
        at java.util.concurrent.ArrayBlockingQueue.poll(ArrayBlockingQueue.java:418)
        at org.apache.ratis.server.impl.LeaderStateImpl$EventQueue.poll(LeaderStateImpl.java:164)
        at org.apache.ratis.server.impl.LeaderStateImpl$EventProcessor.run(LeaderStateImpl.java:702)
"3fb99649-c87f-4cc9-b3d9-f5c572ff189c-ChunkWriter-1-0" daemon prio=5 tid=531 in Object.wait()
java.lang.Thread.State: WAITING (on object monitor)
        at sun.misc.Unsafe.park(Native Method)
        at java.util.concurrent.locks.LockSupport.park(LockSupport.java:175)
        at java.util.concurrent.locks.AbstractQueuedSynchronizer$ConditionObject.await(AbstractQueuedSynchronizer.java:2039)
        at java.util.concurrent.LinkedBlockingDeque.takeFirst(LinkedBlockingDeque.java:492)
        at java.util.concurrent.LinkedBlockingDeque.take(LinkedBlockingDeque.java:680)
        at java.util.concurrent.ThreadPoolExecutor.getTask(ThreadPoolExecutor.java:1074)
        at java.util.concurrent.ThreadPoolExecutor.runWorker(ThreadPoolExecutor.java:1134)
        at java.util.concurrent.ThreadPoolExecutor$Worker.run(ThreadPoolExecutor.java:624)
        at java.lang.Thread.run(Thread.java:750)
"IPC Server handler 16 on default port 15004" daemon prio=5 tid=181 timed_waiting
java.lang.Thread.State: TIMED_WAITING
        at sun.misc.Unsafe.park(Native Method)
        at java.util.concurrent.locks.LockSupport.parkNanos(LockSupport.java:215)
        at java.util.concurrent.locks.AbstractQueuedSynchronizer$ConditionObject.awaitNanos(AbstractQueuedSynchronizer.java:2078)
        at java.util.concurrent.LinkedBlockingQueue.poll(LinkedBlockingQueue.java:467)
        at org.apache.hadoop.ipc.CallQueueManager.take(CallQueueManager.java:317)
        at org.apache.hadoop.ipc.Server$Handler.run(Server.java:3014)
"66ee3698-ded8-430f-8ecd-27f356af6e45-CommandProcessorThread" daemon prio=5 tid=272 timed_waiting
java.lang.Thread.State: TIMED_WAITING
        at java.lang.Thread.sleep(Native Method)
        at org.apache.hadoop.ozone.container.common.statemachine.DatanodeStateMachine.lambda$initCommandHandlerThread$4(DatanodeStateMachine.java:684)
        at org.apache.hadoop.ozone.container.common.statemachine.DatanodeStateMachine$$Lambda$1025/1173858499.run(Unknown Source)
        at java.lang.Thread.run(Thread.java:750)
"IPC Server handler 3 on default port 15002" daemon prio=5 tid=94 timed_waiting
java.lang.Thread.State: TIMED_WAITING
        at sun.misc.Unsafe.park(Native Method)
        at java.util.concurrent.locks.LockSupport.parkNanos(LockSupport.java:215)
        at java.util.concurrent.locks.AbstractQueuedSynchronizer$ConditionObject.awaitNanos(AbstractQueuedSynchronizer.java:2078)
        at java.util.concurrent.LinkedBlockingQueue.poll(LinkedBlockingQueue.java:467)
        at org.apache.hadoop.ipc.CallQueueManager.take(CallQueueManager.java:317)
        at org.apache.hadoop.ipc.Server$Handler.run(Server.java:3014)
"StaleRecoveringContainerScrubbingService#5" daemon prio=5 tid=1230 in Object.wait()
java.lang.Thread.State: WAITING (on object monitor)
        at sun.misc.Unsafe.park(Native Method)
        at java.util.concurrent.locks.LockSupport.park(LockSupport.java:175)
        at java.util.concurrent.locks.AbstractQueuedSynchronizer$ConditionObject.await(AbstractQueuedSynchronizer.java:2039)
        at java.util.concurrent.ScheduledThreadPoolExecutor$DelayedWorkQueue.take(ScheduledThreadPoolExecutor.java:1088)
        at java.util.concurrent.ScheduledThreadPoolExecutor$DelayedWorkQueue.take(ScheduledThreadPoolExecutor.java:809)
        at java.util.concurrent.ThreadPoolExecutor.getTask(ThreadPoolExecutor.java:1074)
        at java.util.concurrent.ThreadPoolExecutor.runWorker(ThreadPoolExecutor.java:1134)
        at java.util.concurrent.ThreadPoolExecutor$Worker.run(ThreadPoolExecutor.java:624)
        at java.lang.Thread.run(Thread.java:750)
"23554148-3e4d-431f-a73e-f2401dbff1d4-CommandProcessorThread" daemon prio=5 tid=359 timed_waiting
java.lang.Thread.State: TIMED_WAITING
        at java.lang.Thread.sleep(Native Method)
        at org.apache.hadoop.ozone.container.common.statemachine.DatanodeStateMachine.lambda$initCommandHandlerThread$4(DatanodeStateMachine.java:684)
        at org.apache.hadoop.ozone.container.common.statemachine.DatanodeStateMachine$$Lambda$1025/1173858499.run(Unknown Source)
        at java.lang.Thread.run(Thread.java:750)
"Hadoop-Metrics-Updater-0" daemon prio=5 tid=322 timed_waiting
java.lang.Thread.State: TIMED_WAITING
        at sun.misc.Unsafe.park(Native Method)
        at java.util.concurrent.locks.LockSupport.parkNanos(LockSupport.java:215)
        at java.util.concurrent.locks.AbstractQueuedSynchronizer$ConditionObject.awaitNanos(AbstractQueuedSynchronizer.java:2078)
        at java.util.concurrent.ScheduledThreadPoolExecutor$DelayedWorkQueue.take(ScheduledThreadPoolExecutor.java:1093)
        at java.util.concurrent.ScheduledThreadPoolExecutor$DelayedWorkQueue.take(ScheduledThreadPoolExecutor.java:809)
        at java.util.concurrent.ThreadPoolExecutor.getTask(ThreadPoolExecutor.java:1074)
        at java.util.concurrent.ThreadPoolExecutor.runWorker(ThreadPoolExecutor.java:1134)
        at java.util.concurrent.ThreadPoolExecutor$Worker.run(ThreadPoolExecutor.java:624)
        at java.lang.Thread.run(Thread.java:750)
"JvmPauseMonitor3" daemon prio=5 tid=478 timed_waiting
java.lang.Thread.State: TIMED_WAITING
        at java.lang.Thread.sleep(Native Method)
        at java.lang.Thread.sleep(Thread.java:342)
        at java.util.concurrent.TimeUnit.sleep(TimeUnit.java:386)
        at org.apache.ratis.util.TimeDuration.sleep(TimeDuration.java:325)
        at org.apache.ratis.util.TimeDuration.sleep(TimeDuration.java:310)
        at org.apache.ratis.util.JvmPauseMonitor.detectPause(JvmPauseMonitor.java:117)
        at org.apache.ratis.util.JvmPauseMonitor.run(JvmPauseMonitor.java:106)
        at org.apache.ratis.util.JvmPauseMonitor$$Lambda$484/814583272.run(Unknown Source)
        at java.lang.Thread.run(Thread.java:750)
"IPC Server listener on 15091" daemon prio=5 tid=497 runnable
java.lang.Thread.State: RUNNABLE
        at sun.nio.ch.EPollArrayWrapper.epollWait(Native Method)
        at sun.nio.ch.EPollArrayWrapper.poll(EPollArrayWrapper.java:269)
        at sun.nio.ch.EPollSelectorImpl.doSelect(EPollSelectorImpl.java:93)
        at sun.nio.ch.SelectorImpl.lockAndDoSelect(SelectorImpl.java:86)
        at sun.nio.ch.SelectorImpl.select(SelectorImpl.java:97)
        at sun.nio.ch.SelectorImpl.select(SelectorImpl.java:101)
        at org.apache.hadoop.ipc.Server$Listener.run(Server.java:1408)
"qtp1603462635-115" daemon prio=5 tid=115 runnable
java.lang.Thread.State: RUNNABLE
        at sun.nio.ch.EPollArrayWrapper.epollWait(Native Method)
        at sun.nio.ch.EPollArrayWrapper.poll(EPollArrayWrapper.java:269)
        at sun.nio.ch.EPollSelectorImpl.doSelect(EPollSelectorImpl.java:93)
        at sun.nio.ch.SelectorImpl.lockAndDoSelect(SelectorImpl.java:86)
        at sun.nio.ch.SelectorImpl.select(SelectorImpl.java:97)
        at sun.nio.ch.SelectorImpl.select(SelectorImpl.java:101)
        at org.eclipse.jetty.io.ManagedSelector.nioSelect(ManagedSelector.java:183)
        at org.eclipse.jetty.io.ManagedSelector.select(ManagedSelector.java:190)
        at org.eclipse.jetty.io.ManagedSelector$SelectorProducer.select(ManagedSelector.java:606)
        at org.eclipse.jetty.io.ManagedSelector$SelectorProducer.produce(ManagedSelector.java:543)
        at org.eclipse.jetty.util.thread.strategy.EatWhatYouKill.produceTask(EatWhatYouKill.java:362)
        at org.eclipse.jetty.util.thread.strategy.EatWhatYouKill.doProduce(EatWhatYouKill.java:186)
        at org.eclipse.jetty.util.thread.strategy.EatWhatYouKill.tryProduce(EatWhatYouKill.java:173)
        at org.eclipse.jetty.util.thread.strategy.EatWhatYouKill.produce(EatWhatYouKill.java:137)
        at org.eclipse.jetty.io.ManagedSelector$$Lambda$519/294435622.run(Unknown Source)
        at org.eclipse.jetty.util.thread.QueuedThreadPool.runJob(QueuedThreadPool.java:883)
        at org.eclipse.jetty.util.thread.QueuedThreadPool$Runner.run(QueuedThreadPool.java:1034)
        at java.lang.Thread.run(Thread.java:750)
"qtp165147466-281-acceptor-0@3105f7b4-ServerConnector@6695efc9{HTTP/1.1, (http/1.1)}{0.0.0.0:15036}" daemon prio=3 tid=281 runnable
java.lang.Thread.State: RUNNABLE
        at sun.nio.ch.ServerSocketChannelImpl.accept0(Native Method)
        at sun.nio.ch.ServerSocketChannelImpl.accept(ServerSocketChannelImpl.java:421)
        at sun.nio.ch.ServerSocketChannelImpl.accept(ServerSocketChannelImpl.java:249)
        at org.eclipse.jetty.server.ServerConnector.accept(ServerConnector.java:388)
        at org.eclipse.jetty.server.AbstractConnector$Acceptor.run(AbstractConnector.java:704)
        at org.eclipse.jetty.util.thread.QueuedThreadPool.runJob(QueuedThreadPool.java:883)
        at org.eclipse.jetty.util.thread.QueuedThreadPool$Runner.run(QueuedThreadPool.java:1034)
        at java.lang.Thread.run(Thread.java:750)
"66ee3698-ded8-430f-8ecd-27f356af6e45-ChunkReader-1" daemon prio=5 tid=1148 in Object.wait()
java.lang.Thread.State: WAITING (on object monitor)
        at sun.misc.Unsafe.park(Native Method)
        at java.util.concurrent.locks.LockSupport.park(LockSupport.java:175)
        at java.util.concurrent.locks.AbstractQueuedSynchronizer$ConditionObject.await(AbstractQueuedSynchronizer.java:2039)
        at java.util.concurrent.LinkedBlockingQueue.take(LinkedBlockingQueue.java:442)
        at java.util.concurrent.ThreadPoolExecutor.getTask(ThreadPoolExecutor.java:1074)
        at java.util.concurrent.ThreadPoolExecutor.runWorker(ThreadPoolExecutor.java:1134)
        at java.util.concurrent.ThreadPoolExecutor$Worker.run(ThreadPoolExecutor.java:624)
        at java.lang.Thread.run(Thread.java:750)
"IPC Server handler 13 on default port 15004" daemon prio=5 tid=178 timed_waiting
java.lang.Thread.State: TIMED_WAITING
        at sun.misc.Unsafe.park(Native Method)
        at java.util.concurrent.locks.LockSupport.parkNanos(LockSupport.java:215)
        at java.util.concurrent.locks.AbstractQueuedSynchronizer$ConditionObject.awaitNanos(AbstractQueuedSynchronizer.java:2078)
        at java.util.concurrent.LinkedBlockingQueue.poll(LinkedBlockingQueue.java:467)
        at org.apache.hadoop.ipc.CallQueueManager.take(CallQueueManager.java:317)
        at org.apache.hadoop.ipc.Server$Handler.run(Server.java:3014)
"gradle-enterprise-test-client-gradle-enterprise-test-listener"  prio=5 tid=12 in Object.wait()
java.lang.Thread.State: WAITING (on object monitor)
        at sun.misc.Unsafe.park(Native Method)
        at java.util.concurrent.locks.LockSupport.park(LockSupport.java:175)
        at java.util.concurrent.locks.AbstractQueuedSynchronizer$ConditionObject.await(AbstractQueuedSynchronizer.java:2039)
        at java.util.concurrent.ArrayBlockingQueue.take(ArrayBlockingQueue.java:403)
        at com.gradle.maven.scan.extension.test.listener.obfuscated.j.a.a(SourceFile:113)
        at com.gradle.maven.scan.extension.test.listener.obfuscated.j.a.b(SourceFile:73)
        at com.gradle.maven.scan.extension.test.listener.obfuscated.j.a$$Lambda$225/636782475.run(Unknown Source)
        at java.util.concurrent.Executors$RunnableAdapter.call(Executors.java:511)
        at java.util.concurrent.FutureTask.run(FutureTask.java:266)
        at java.util.concurrent.ThreadPoolExecutor.runWorker(ThreadPoolExecutor.java:1149)
        at java.util.concurrent.ThreadPoolExecutor$Worker.run(ThreadPoolExecutor.java:624)
        at java.lang.Thread.run(Thread.java:750)
"1407d0d1-39ba-4bc0-b697-1e16e43cd838-ChunkReader-ELG-0" daemon prio=5 tid=550 runnable
java.lang.Thread.State: RUNNABLE
        at org.apache.ratis.thirdparty.io.netty.channel.epoll.Native.epollWait0(Native Method)
        at org.apache.ratis.thirdparty.io.netty.channel.epoll.Native.epollWait(Native.java:182)
        at org.apache.ratis.thirdparty.io.netty.channel.epoll.EpollEventLoop.epollWait(EpollEventLoop.java:302)
        at org.apache.ratis.thirdparty.io.netty.channel.epoll.EpollEventLoop.run(EpollEventLoop.java:366)
        at org.apache.ratis.thirdparty.io.netty.util.concurrent.SingleThreadEventExecutor$4.run(SingleThreadEventExecutor.java:997)
        at org.apache.ratis.thirdparty.io.netty.util.internal.ThreadExecutorMap$2.run(ThreadExecutorMap.java:74)
        at java.lang.Thread.run(Thread.java:750)
"IPC Client (549221039) connection to 0.0.0.0/0.0.0.0:15002 from runner" daemon prio=5 tid=421 timed_waiting
java.lang.Thread.State: TIMED_WAITING
        at java.lang.Object.wait(Native Method)
        at org.apache.hadoop.ipc.Client$Connection.waitForWork(Client.java:1026)
        at org.apache.hadoop.ipc.Client$Connection.run(Client.java:1077)
"55507c8a-594d-4e25-909f-8d2832294c55-DatanodeStateMachineDaemonThread" daemon prio=5 tid=1177 timed_waiting
java.lang.Thread.State: TIMED_WAITING
        at java.lang.Thread.sleep(Native Method)
        at org.apache.hadoop.ozone.container.common.statemachine.DatanodeStateMachine.startStateMachineThread(DatanodeStateMachine.java:369)
        at org.apache.hadoop.ozone.container.common.statemachine.DatanodeStateMachine.lambda$startDaemon$1(DatanodeStateMachine.java:556)
        at org.apache.hadoop.ozone.container.common.statemachine.DatanodeStateMachine$$Lambda$1023/888481372.run(Unknown Source)
        at java.lang.Thread.run(Thread.java:750)
"55507c8a-594d-4e25-909f-8d2832294c55-ChunkWriter-3-0" daemon prio=5 tid=1193 in Object.wait()
java.lang.Thread.State: WAITING (on object monitor)
        at sun.misc.Unsafe.park(Native Method)
        at java.util.concurrent.locks.LockSupport.park(LockSupport.java:175)
        at java.util.concurrent.locks.AbstractQueuedSynchronizer$ConditionObject.await(AbstractQueuedSynchronizer.java:2039)
        at java.util.concurrent.LinkedBlockingDeque.takeFirst(LinkedBlockingDeque.java:492)
        at java.util.concurrent.LinkedBlockingDeque.take(LinkedBlockingDeque.java:680)
        at java.util.concurrent.ThreadPoolExecutor.getTask(ThreadPoolExecutor.java:1074)
        at java.util.concurrent.ThreadPoolExecutor.runWorker(ThreadPoolExecutor.java:1134)
        at java.util.concurrent.ThreadPoolExecutor$Worker.run(ThreadPoolExecutor.java:624)
        at java.lang.Thread.run(Thread.java:750)
"5b9beb6f-d596-489f-8a17-e362b772df82@group-942E44EA8C16-StateMachineUpdater" daemon prio=5 tid=789 timed_waiting
java.lang.Thread.State: TIMED_WAITING
        at sun.misc.Unsafe.park(Native Method)
        at java.util.concurrent.locks.LockSupport.parkNanos(LockSupport.java:215)
        at java.util.concurrent.locks.AbstractQueuedSynchronizer$ConditionObject.await(AbstractQueuedSynchronizer.java:2163)
        at org.apache.ratis.util.AwaitForSignal.await(AwaitForSignal.java:62)
        at org.apache.ratis.server.impl.StateMachineUpdater.waitForCommit(StateMachineUpdater.java:209)
        at org.apache.ratis.server.impl.StateMachineUpdater.run(StateMachineUpdater.java:178)
        at java.lang.Thread.run(Thread.java:750)
"IPC Server Responder" daemon prio=5 tid=28 runnable
java.lang.Thread.State: RUNNABLE
        at sun.nio.ch.EPollArrayWrapper.epollWait(Native Method)
        at sun.nio.ch.EPollArrayWrapper.poll(EPollArrayWrapper.java:269)
        at sun.nio.ch.EPollSelectorImpl.doSelect(EPollSelectorImpl.java:93)
        at sun.nio.ch.SelectorImpl.lockAndDoSelect(SelectorImpl.java:86)
        at sun.nio.ch.SelectorImpl.select(SelectorImpl.java:97)
        at org.apache.hadoop.ipc.Server$Responder.doRunLoop(Server.java:1582)
        at org.apache.hadoop.ipc.Server$Responder.run(Server.java:1565)
"5b9beb6f-d596-489f-8a17-e362b772df82-ChunkReader-4" daemon prio=5 tid=1133 in Object.wait()
java.lang.Thread.State: WAITING (on object monitor)
        at sun.misc.Unsafe.park(Native Method)
        at java.util.concurrent.locks.LockSupport.park(LockSupport.java:175)
        at java.util.concurrent.locks.AbstractQueuedSynchronizer$ConditionObject.await(AbstractQueuedSynchronizer.java:2039)
        at java.util.concurrent.LinkedBlockingQueue.take(LinkedBlockingQueue.java:442)
        at java.util.concurrent.ThreadPoolExecutor.getTask(ThreadPoolExecutor.java:1074)
        at java.util.concurrent.ThreadPoolExecutor.runWorker(ThreadPoolExecutor.java:1134)
        at java.util.concurrent.ThreadPoolExecutor$Worker.run(ThreadPoolExecutor.java:624)
        at java.lang.Thread.run(Thread.java:750)
"LeaseManager#LeaseMonitor" daemon prio=5 tid=112 timed_waiting
java.lang.Thread.State: TIMED_WAITING
        at sun.misc.Unsafe.park(Native Method)
        at java.util.concurrent.locks.LockSupport.parkNanos(LockSupport.java:215)
        at java.util.concurrent.locks.AbstractQueuedSynchronizer.doAcquireSharedNanos(AbstractQueuedSynchronizer.java:1037)
        at java.util.concurrent.locks.AbstractQueuedSynchronizer.tryAcquireSharedNanos(AbstractQueuedSynchronizer.java:1328)
        at java.util.concurrent.Semaphore.tryAcquire(Semaphore.java:409)
        at org.apache.hadoop.ozone.lease.LeaseManager$LeaseMonitor.run(LeaseManager.java:285)
        at java.lang.Thread.run(Thread.java:750)
"StaleRecoveringContainerScrubbingService#6" daemon prio=5 tid=1340 in Object.wait()
java.lang.Thread.State: WAITING (on object monitor)
        at sun.misc.Unsafe.park(Native Method)
        at java.util.concurrent.locks.LockSupport.park(LockSupport.java:175)
        at java.util.concurrent.locks.AbstractQueuedSynchronizer$ConditionObject.await(AbstractQueuedSynchronizer.java:2039)
        at java.util.concurrent.ScheduledThreadPoolExecutor$DelayedWorkQueue.take(ScheduledThreadPoolExecutor.java:1088)
        at java.util.concurrent.ScheduledThreadPoolExecutor$DelayedWorkQueue.take(ScheduledThreadPoolExecutor.java:809)
        at java.util.concurrent.ThreadPoolExecutor.getTask(ThreadPoolExecutor.java:1074)
        at java.util.concurrent.ThreadPoolExecutor.runWorker(ThreadPoolExecutor.java:1134)
        at java.util.concurrent.ThreadPoolExecutor$Worker.run(ThreadPoolExecutor.java:624)
        at java.lang.Thread.run(Thread.java:750)
"5b9beb6f-d596-489f-8a17-e362b772df82-NettyServerStreamRpc-bossGroup--thread1"  prio=5 tid=476 runnable
java.lang.Thread.State: RUNNABLE
        at sun.nio.ch.EPollArrayWrapper.epollWait(Native Method)
        at sun.nio.ch.EPollArrayWrapper.poll(EPollArrayWrapper.java:269)
        at sun.nio.ch.EPollSelectorImpl.doSelect(EPollSelectorImpl.java:93)
        at sun.nio.ch.SelectorImpl.lockAndDoSelect(SelectorImpl.java:86)
        at sun.nio.ch.SelectorImpl.select(SelectorImpl.java:97)
        at sun.nio.ch.SelectorImpl.select(SelectorImpl.java:101)
        at org.apache.ratis.thirdparty.io.netty.channel.nio.SelectedSelectionKeySetSelector.select(SelectedSelectionKeySetSelector.java:68)
        at org.apache.ratis.thirdparty.io.netty.channel.nio.NioEventLoop.select(NioEventLoop.java:879)
        at org.apache.ratis.thirdparty.io.netty.channel.nio.NioEventLoop.run(NioEventLoop.java:526)
        at org.apache.ratis.thirdparty.io.netty.util.concurrent.SingleThreadEventExecutor$4.run(SingleThreadEventExecutor.java:997)
        at org.apache.ratis.thirdparty.io.netty.util.internal.ThreadExecutorMap$2.run(ThreadExecutorMap.java:74)
        at java.lang.Thread.run(Thread.java:750)
"5b9beb6f-d596-489f-8a17-e362b772df82-BlockDeletingService#1" daemon prio=5 tid=637 in Object.wait()
java.lang.Thread.State: WAITING (on object monitor)
        at sun.misc.Unsafe.park(Native Method)
        at java.util.concurrent.locks.LockSupport.park(LockSupport.java:175)
        at java.util.concurrent.locks.AbstractQueuedSynchronizer$ConditionObject.await(AbstractQueuedSynchronizer.java:2039)
        at java.util.concurrent.ScheduledThreadPoolExecutor$DelayedWorkQueue.take(ScheduledThreadPoolExecutor.java:1088)
        at java.util.concurrent.ScheduledThreadPoolExecutor$DelayedWorkQueue.take(ScheduledThreadPoolExecutor.java:809)
        at java.util.concurrent.ThreadPoolExecutor.getTask(ThreadPoolExecutor.java:1074)
        at java.util.concurrent.ThreadPoolExecutor.runWorker(ThreadPoolExecutor.java:1134)
        at java.util.concurrent.ThreadPoolExecutor$Worker.run(ThreadPoolExecutor.java:624)
        at java.lang.Thread.run(Thread.java:750)
"3fb99649-c87f-4cc9-b3d9-f5c572ff189c-DatanodeReportManager-0" daemon prio=5 tid=296 in Object.wait()
java.lang.Thread.State: WAITING (on object monitor)
        at sun.misc.Unsafe.park(Native Method)
        at java.util.concurrent.locks.LockSupport.park(LockSupport.java:175)
        at java.util.concurrent.locks.AbstractQueuedSynchronizer$ConditionObject.await(AbstractQueuedSynchronizer.java:2039)
        at java.util.concurrent.ScheduledThreadPoolExecutor$DelayedWorkQueue.take(ScheduledThreadPoolExecutor.java:1088)
        at java.util.concurrent.ScheduledThreadPoolExecutor$DelayedWorkQueue.take(ScheduledThreadPoolExecutor.java:809)
        at java.util.concurrent.ThreadPoolExecutor.getTask(ThreadPoolExecutor.java:1074)
        at java.util.concurrent.ThreadPoolExecutor.runWorker(ThreadPoolExecutor.java:1134)
        at java.util.concurrent.ThreadPoolExecutor$Worker.run(ThreadPoolExecutor.java:624)
        at java.lang.Thread.run(Thread.java:750)
"StaleRecoveringContainerScrubbingService#2" daemon prio=5 tid=964 timed_waiting
java.lang.Thread.State: TIMED_WAITING
        at sun.misc.Unsafe.park(Native Method)
        at java.util.concurrent.locks.LockSupport.parkNanos(LockSupport.java:215)
        at java.util.concurrent.locks.AbstractQueuedSynchronizer$ConditionObject.awaitNanos(AbstractQueuedSynchronizer.java:2078)
        at java.util.concurrent.ScheduledThreadPoolExecutor$DelayedWorkQueue.take(ScheduledThreadPoolExecutor.java:1093)
        at java.util.concurrent.ScheduledThreadPoolExecutor$DelayedWorkQueue.take(ScheduledThreadPoolExecutor.java:809)
        at java.util.concurrent.ThreadPoolExecutor.getTask(ThreadPoolExecutor.java:1074)
        at java.util.concurrent.ThreadPoolExecutor.runWorker(ThreadPoolExecutor.java:1134)
        at java.util.concurrent.ThreadPoolExecutor$Worker.run(ThreadPoolExecutor.java:624)
        at java.lang.Thread.run(Thread.java:750)
"EventQueue-CloseContainerForCloseContainerEventHandler" daemon prio=5 tid=1095 in Object.wait()
java.lang.Thread.State: WAITING (on object monitor)
        at sun.misc.Unsafe.park(Native Method)
        at java.util.concurrent.locks.LockSupport.park(LockSupport.java:175)
        at java.util.concurrent.locks.AbstractQueuedSynchronizer$ConditionObject.await(AbstractQueuedSynchronizer.java:2039)
        at java.util.concurrent.LinkedBlockingQueue.take(LinkedBlockingQueue.java:442)
        at java.util.concurrent.ThreadPoolExecutor.getTask(ThreadPoolExecutor.java:1074)
        at java.util.concurrent.ThreadPoolExecutor.runWorker(ThreadPoolExecutor.java:1134)
        at java.util.concurrent.ThreadPoolExecutor$Worker.run(ThreadPoolExecutor.java:624)
        at java.lang.Thread.run(Thread.java:750)
"5b9beb6f-d596-489f-8a17-e362b772df82-DatanodeReportManager-0" daemon prio=5 tid=507 timed_waiting
java.lang.Thread.State: TIMED_WAITING
        at sun.misc.Unsafe.park(Native Method)
        at java.util.concurrent.locks.LockSupport.parkNanos(LockSupport.java:215)
        at java.util.concurrent.locks.AbstractQueuedSynchronizer$ConditionObject.awaitNanos(AbstractQueuedSynchronizer.java:2078)
        at java.util.concurrent.ScheduledThreadPoolExecutor$DelayedWorkQueue.take(ScheduledThreadPoolExecutor.java:1093)
        at java.util.concurrent.ScheduledThreadPoolExecutor$DelayedWorkQueue.take(ScheduledThreadPoolExecutor.java:809)
        at java.util.concurrent.ThreadPoolExecutor.getTask(ThreadPoolExecutor.java:1074)
        at java.util.concurrent.ThreadPoolExecutor.runWorker(ThreadPoolExecutor.java:1134)
        at java.util.concurrent.ThreadPoolExecutor$Worker.run(ThreadPoolExecutor.java:624)
        at java.lang.Thread.run(Thread.java:750)
"qtp1742206865-316" daemon prio=5 tid=316 timed_waiting
java.lang.Thread.State: TIMED_WAITING
        at sun.misc.Unsafe.park(Native Method)
        at java.util.concurrent.locks.LockSupport.parkNanos(LockSupport.java:215)
        at java.util.concurrent.locks.AbstractQueuedSynchronizer$ConditionObject.awaitNanos(AbstractQueuedSynchronizer.java:2078)
        at org.eclipse.jetty.util.BlockingArrayQueue.poll(BlockingArrayQueue.java:382)
        at org.eclipse.jetty.util.thread.QueuedThreadPool$Runner.idleJobPoll(QueuedThreadPool.java:974)
        at org.eclipse.jetty.util.thread.QueuedThreadPool$Runner.run(QueuedThreadPool.java:1018)
        at java.lang.Thread.run(Thread.java:750)
"IPC Server handler 11 on default port 15002" daemon prio=5 tid=102 timed_waiting
java.lang.Thread.State: TIMED_WAITING
        at sun.misc.Unsafe.park(Native Method)
        at java.util.concurrent.locks.LockSupport.parkNanos(LockSupport.java:215)
        at java.util.concurrent.locks.AbstractQueuedSynchronizer$ConditionObject.awaitNanos(AbstractQueuedSynchronizer.java:2078)
        at java.util.concurrent.LinkedBlockingQueue.poll(LinkedBlockingQueue.java:467)
        at org.apache.hadoop.ipc.CallQueueManager.take(CallQueueManager.java:317)
        at org.apache.hadoop.ipc.Server$Handler.run(Server.java:3014)
"66ee3698-ded8-430f-8ecd-27f356af6e45-ec-reconstruct-reader-TID-0"  prio=5 tid=1135 in Object.wait()
java.lang.Thread.State: WAITING (on object monitor)
        at sun.misc.Unsafe.park(Native Method)
        at java.util.concurrent.locks.LockSupport.park(LockSupport.java:175)
        at java.util.concurrent.SynchronousQueue$TransferStack.awaitFulfill(SynchronousQueue.java:458)
        at java.util.concurrent.SynchronousQueue$TransferStack.transfer(SynchronousQueue.java:362)
        at java.util.concurrent.SynchronousQueue.take(SynchronousQueue.java:924)
        at java.util.concurrent.ThreadPoolExecutor.getTask(ThreadPoolExecutor.java:1074)
        at java.util.concurrent.ThreadPoolExecutor.runWorker(ThreadPoolExecutor.java:1134)
        at java.util.concurrent.ThreadPoolExecutor$Worker.run(ThreadPoolExecutor.java:624)
        at java.lang.Thread.run(Thread.java:750)
"23554148-3e4d-431f-a73e-f2401dbff1d4@group-5A0C10638F91-SegmentedRaftLogWorker"  prio=5 tid=693 timed_waiting
java.lang.Thread.State: TIMED_WAITING
        at sun.misc.Unsafe.park(Native Method)
        at java.util.concurrent.locks.LockSupport.parkNanos(LockSupport.java:215)
        at java.util.concurrent.locks.AbstractQueuedSynchronizer$ConditionObject.awaitNanos(AbstractQueuedSynchronizer.java:2078)
        at org.apache.ratis.util.DataBlockingQueue.poll(DataBlockingQueue.java:148)
        at org.apache.ratis.server.raftlog.segmented.SegmentedRaftLogWorker.run(SegmentedRaftLogWorker.java:307)
        at org.apache.ratis.server.raftlog.segmented.SegmentedRaftLogWorker$$Lambda$819/1928678273.run(Unknown Source)
        at java.util.concurrent.Executors$RunnableAdapter.call(Executors.java:511)
        at java.util.concurrent.FutureTask.run(FutureTask.java:266)
        at java.util.concurrent.ThreadPoolExecutor.runWorker(ThreadPoolExecutor.java:1149)
        at java.util.concurrent.ThreadPoolExecutor$Worker.run(ThreadPoolExecutor.java:624)
        at java.lang.Thread.run(Thread.java:750)
"StaleRecoveringContainerScrubbingService#0" daemon prio=5 tid=636 in Object.wait()
java.lang.Thread.State: WAITING (on object monitor)
        at sun.misc.Unsafe.park(Native Method)
        at java.util.concurrent.locks.LockSupport.park(LockSupport.java:175)
        at java.util.concurrent.locks.AbstractQueuedSynchronizer$ConditionObject.await(AbstractQueuedSynchronizer.java:2039)
        at java.util.concurrent.ScheduledThreadPoolExecutor$DelayedWorkQueue.take(ScheduledThreadPoolExecutor.java:1088)
        at java.util.concurrent.ScheduledThreadPoolExecutor$DelayedWorkQueue.take(ScheduledThreadPoolExecutor.java:809)
        at java.util.concurrent.ThreadPoolExecutor.getTask(ThreadPoolExecutor.java:1074)
        at java.util.concurrent.ThreadPoolExecutor.runWorker(ThreadPoolExecutor.java:1134)
        at java.util.concurrent.ThreadPoolExecutor$Worker.run(ThreadPoolExecutor.java:624)
        at java.lang.Thread.run(Thread.java:750)
"3fb99649-c87f-4cc9-b3d9-f5c572ff189c-DatanodeReportManager-1" daemon prio=5 tid=297 in Object.wait()
java.lang.Thread.State: WAITING (on object monitor)
        at sun.misc.Unsafe.park(Native Method)
        at java.util.concurrent.locks.LockSupport.park(LockSupport.java:175)
        at java.util.concurrent.locks.AbstractQueuedSynchronizer$ConditionObject.await(AbstractQueuedSynchronizer.java:2039)
        at java.util.concurrent.ScheduledThreadPoolExecutor$DelayedWorkQueue.take(ScheduledThreadPoolExecutor.java:1088)
        at java.util.concurrent.ScheduledThreadPoolExecutor$DelayedWorkQueue.take(ScheduledThreadPoolExecutor.java:809)
        at java.util.concurrent.ThreadPoolExecutor.getTask(ThreadPoolExecutor.java:1074)
        at java.util.concurrent.ThreadPoolExecutor.runWorker(ThreadPoolExecutor.java:1134)
        at java.util.concurrent.ThreadPoolExecutor$Worker.run(ThreadPoolExecutor.java:624)
        at java.lang.Thread.run(Thread.java:750)
"f612f2cf-90dc-41dc-bf39-cf028d38c484-EndpointStateMachineTaskThread-/0.0.0.0:15002-0 "  prio=5 tid=589 in Object.wait()
java.lang.Thread.State: WAITING (on object monitor)
        at sun.misc.Unsafe.park(Native Method)
        at java.util.concurrent.locks.LockSupport.park(LockSupport.java:175)
        at java.util.concurrent.locks.AbstractQueuedSynchronizer$ConditionObject.await(AbstractQueuedSynchronizer.java:2039)
        at java.util.concurrent.LinkedBlockingQueue.take(LinkedBlockingQueue.java:442)
        at java.util.concurrent.ThreadPoolExecutor.getTask(ThreadPoolExecutor.java:1074)
        at java.util.concurrent.ThreadPoolExecutor.runWorker(ThreadPoolExecutor.java:1134)
        at java.util.concurrent.ThreadPoolExecutor$Worker.run(ThreadPoolExecutor.java:624)
        at java.lang.Thread.run(Thread.java:750)
"IPC Server handler 13 on default port 15002" daemon prio=5 tid=104 timed_waiting
java.lang.Thread.State: TIMED_WAITING
        at sun.misc.Unsafe.park(Native Method)
        at java.util.concurrent.locks.LockSupport.parkNanos(LockSupport.java:215)
        at java.util.concurrent.locks.AbstractQueuedSynchronizer$ConditionObject.awaitNanos(AbstractQueuedSynchronizer.java:2078)
        at java.util.concurrent.LinkedBlockingQueue.poll(LinkedBlockingQueue.java:467)
        at org.apache.hadoop.ipc.CallQueueManager.take(CallQueueManager.java:317)
        at org.apache.hadoop.ipc.Server$Handler.run(Server.java:3014)
"3fb99649-c87f-4cc9-b3d9-f5c572ff189c-ChunkWriter-0-0" daemon prio=5 tid=530 in Object.wait()
java.lang.Thread.State: WAITING (on object monitor)
        at sun.misc.Unsafe.park(Native Method)
        at java.util.concurrent.locks.LockSupport.park(LockSupport.java:175)
        at java.util.concurrent.locks.AbstractQueuedSynchronizer$ConditionObject.await(AbstractQueuedSynchronizer.java:2039)
        at java.util.concurrent.LinkedBlockingDeque.takeFirst(LinkedBlockingDeque.java:492)
        at java.util.concurrent.LinkedBlockingDeque.take(LinkedBlockingDeque.java:680)
        at java.util.concurrent.ThreadPoolExecutor.getTask(ThreadPoolExecutor.java:1074)
        at java.util.concurrent.ThreadPoolExecutor.runWorker(ThreadPoolExecutor.java:1134)
        at java.util.concurrent.ThreadPoolExecutor$Worker.run(ThreadPoolExecutor.java:624)
        at java.lang.Thread.run(Thread.java:750)
"f612f2cf-90dc-41dc-bf39-cf028d38c484-DatanodeReportManager-4" daemon prio=5 tid=417 timed_waiting
java.lang.Thread.State: TIMED_WAITING
        at sun.misc.Unsafe.park(Native Method)
        at java.util.concurrent.locks.LockSupport.parkNanos(LockSupport.java:215)
        at java.util.concurrent.locks.AbstractQueuedSynchronizer$ConditionObject.awaitNanos(AbstractQueuedSynchronizer.java:2078)
        at java.util.concurrent.ScheduledThreadPoolExecutor$DelayedWorkQueue.take(ScheduledThreadPoolExecutor.java:1093)
        at java.util.concurrent.ScheduledThreadPoolExecutor$DelayedWorkQueue.take(ScheduledThreadPoolExecutor.java:809)
        at java.util.concurrent.ThreadPoolExecutor.getTask(ThreadPoolExecutor.java:1074)
        at java.util.concurrent.ThreadPoolExecutor.runWorker(ThreadPoolExecutor.java:1134)
        at java.util.concurrent.ThreadPoolExecutor$Worker.run(ThreadPoolExecutor.java:624)
        at java.lang.Thread.run(Thread.java:750)
"IPC Server handler 19 on default port 15001" daemon prio=5 tid=90 timed_waiting
java.lang.Thread.State: TIMED_WAITING
        at sun.misc.Unsafe.park(Native Method)
        at java.util.concurrent.locks.LockSupport.parkNanos(LockSupport.java:215)
        at java.util.concurrent.locks.AbstractQueuedSynchronizer$ConditionObject.awaitNanos(AbstractQueuedSynchronizer.java:2078)
        at java.util.concurrent.LinkedBlockingQueue.poll(LinkedBlockingQueue.java:467)
        at org.apache.hadoop.ipc.CallQueueManager.take(CallQueueManager.java:317)
        at org.apache.hadoop.ipc.Server$Handler.run(Server.java:3014)
"qtp532752228-402" daemon prio=5 tid=402 timed_waiting
java.lang.Thread.State: TIMED_WAITING
        at sun.misc.Unsafe.park(Native Method)
        at java.util.concurrent.locks.LockSupport.parkNanos(LockSupport.java:215)
        at java.util.concurrent.locks.AbstractQueuedSynchronizer$ConditionObject.awaitNanos(AbstractQueuedSynchronizer.java:2078)
        at org.eclipse.jetty.util.BlockingArrayQueue.poll(BlockingArrayQueue.java:382)
        at org.eclipse.jetty.util.thread.QueuedThreadPool$Runner.idleJobPoll(QueuedThreadPool.java:974)
        at org.eclipse.jetty.util.thread.QueuedThreadPool$Runner.run(QueuedThreadPool.java:1018)
        at java.lang.Thread.run(Thread.java:750)
"qtp2046986915-344" daemon prio=5 tid=344 timed_waiting
java.lang.Thread.State: TIMED_WAITING
        at sun.misc.Unsafe.park(Native Method)
        at java.util.concurrent.locks.LockSupport.parkNanos(LockSupport.java:215)
        at java.util.concurrent.locks.AbstractQueuedSynchronizer$ConditionObject.awaitNanos(AbstractQueuedSynchronizer.java:2078)
        at org.eclipse.jetty.util.BlockingArrayQueue.poll(BlockingArrayQueue.java:382)
        at org.eclipse.jetty.util.thread.QueuedThreadPool$Runner.idleJobPoll(QueuedThreadPool.java:974)
        at org.eclipse.jetty.util.thread.QueuedThreadPool$Runner.run(QueuedThreadPool.java:1018)
        at java.lang.Thread.run(Thread.java:750)
"55507c8a-594d-4e25-909f-8d2832294c55-EndpointStateMachineTaskThread-/0.0.0.0:15002-0 "  prio=5 tid=1186 in Object.wait()
java.lang.Thread.State: WAITING (on object monitor)
        at sun.misc.Unsafe.park(Native Method)
        at java.util.concurrent.locks.LockSupport.park(LockSupport.java:175)
        at java.util.concurrent.locks.AbstractQueuedSynchronizer$ConditionObject.await(AbstractQueuedSynchronizer.java:2039)
        at java.util.concurrent.LinkedBlockingQueue.take(LinkedBlockingQueue.java:442)
        at java.util.concurrent.ThreadPoolExecutor.getTask(ThreadPoolExecutor.java:1074)
        at java.util.concurrent.ThreadPoolExecutor.runWorker(ThreadPoolExecutor.java:1134)
        at java.util.concurrent.ThreadPoolExecutor$Worker.run(ThreadPoolExecutor.java:624)
        at java.lang.Thread.run(Thread.java:750)
"PartialTableCache-Cleanup-0" daemon prio=5 tid=1052 in Object.wait()
java.lang.Thread.State: WAITING (on object monitor)
        at sun.misc.Unsafe.park(Native Method)
        at java.util.concurrent.locks.LockSupport.park(LockSupport.java:175)
        at java.util.concurrent.locks.AbstractQueuedSynchronizer$ConditionObject.await(AbstractQueuedSynchronizer.java:2039)
        at java.util.concurrent.LinkedBlockingQueue.take(LinkedBlockingQueue.java:442)
        at java.util.concurrent.ThreadPoolExecutor.getTask(ThreadPoolExecutor.java:1074)
        at java.util.concurrent.ThreadPoolExecutor.runWorker(ThreadPoolExecutor.java:1134)
        at java.util.concurrent.ThreadPoolExecutor$Worker.run(ThreadPoolExecutor.java:624)
        at java.lang.Thread.run(Thread.java:750)
"qtp165147466-287" daemon prio=5 tid=287 timed_waiting
java.lang.Thread.State: TIMED_WAITING
        at sun.misc.Unsafe.park(Native Method)
        at java.util.concurrent.locks.LockSupport.parkNanos(LockSupport.java:215)
        at java.util.concurrent.locks.AbstractQueuedSynchronizer$ConditionObject.awaitNanos(AbstractQueuedSynchronizer.java:2078)
        at org.eclipse.jetty.util.BlockingArrayQueue.poll(BlockingArrayQueue.java:382)
        at org.eclipse.jetty.util.thread.QueuedThreadPool$Runner.idleJobPoll(QueuedThreadPool.java:974)
        at org.eclipse.jetty.util.thread.QueuedThreadPool$Runner.run(QueuedThreadPool.java:1018)
        at java.lang.Thread.run(Thread.java:750)
"grpc-default-executor-1" daemon prio=5 tid=660 timed_waiting
java.lang.Thread.State: TIMED_WAITING
        at sun.misc.Unsafe.park(Native Method)
        at java.util.concurrent.locks.LockSupport.parkNanos(LockSupport.java:215)
        at java.util.concurrent.SynchronousQueue$TransferStack.awaitFulfill(SynchronousQueue.java:460)
        at java.util.concurrent.SynchronousQueue$TransferStack.transfer(SynchronousQueue.java:362)
        at java.util.concurrent.SynchronousQueue.poll(SynchronousQueue.java:941)
        at java.util.concurrent.ThreadPoolExecutor.getTask(ThreadPoolExecutor.java:1073)
        at java.util.concurrent.ThreadPoolExecutor.runWorker(ThreadPoolExecutor.java:1134)
        at java.util.concurrent.ThreadPoolExecutor$Worker.run(ThreadPoolExecutor.java:624)
        at java.lang.Thread.run(Thread.java:750)
"IPC Server handler 0 on default port 15010" daemon prio=5 tid=207 timed_waiting
java.lang.Thread.State: TIMED_WAITING
        at sun.misc.Unsafe.park(Native Method)
        at java.util.concurrent.locks.LockSupport.parkNanos(LockSupport.java:215)
        at java.util.concurrent.locks.AbstractQueuedSynchronizer$ConditionObject.awaitNanos(AbstractQueuedSynchronizer.java:2078)
        at java.util.concurrent.LinkedBlockingQueue.poll(LinkedBlockingQueue.java:467)
        at org.apache.hadoop.ipc.CallQueueManager.take(CallQueueManager.java:317)
        at org.apache.hadoop.ipc.Server$Handler.run(Server.java:3014)
"IPC Server handler 4 on default port 15002" daemon prio=5 tid=95 timed_waiting
java.lang.Thread.State: TIMED_WAITING
        at sun.misc.Unsafe.park(Native Method)
        at java.util.concurrent.locks.LockSupport.parkNanos(LockSupport.java:215)
        at java.util.concurrent.locks.AbstractQueuedSynchronizer$ConditionObject.awaitNanos(AbstractQueuedSynchronizer.java:2078)
        at java.util.concurrent.LinkedBlockingQueue.poll(LinkedBlockingQueue.java:467)
        at org.apache.hadoop.ipc.CallQueueManager.take(CallQueueManager.java:317)
        at org.apache.hadoop.ipc.Server$Handler.run(Server.java:3014)
"pool-220-thread-1"  prio=5 tid=337 timed_waiting
java.lang.Thread.State: TIMED_WAITING
        at sun.misc.Unsafe.park(Native Method)
        at java.util.concurrent.locks.LockSupport.parkNanos(LockSupport.java:215)
        at java.util.concurrent.locks.AbstractQueuedSynchronizer$ConditionObject.awaitNanos(AbstractQueuedSynchronizer.java:2078)
        at java.util.concurrent.ScheduledThreadPoolExecutor$DelayedWorkQueue.take(ScheduledThreadPoolExecutor.java:1093)
        at java.util.concurrent.ScheduledThreadPoolExecutor$DelayedWorkQueue.take(ScheduledThreadPoolExecutor.java:809)
        at java.util.concurrent.ThreadPoolExecutor.getTask(ThreadPoolExecutor.java:1074)
        at java.util.concurrent.ThreadPoolExecutor.runWorker(ThreadPoolExecutor.java:1134)
        at java.util.concurrent.ThreadPoolExecutor$Worker.run(ThreadPoolExecutor.java:624)
        at java.lang.Thread.run(Thread.java:750)
"StaleRecoveringContainerScrubbingService#4" daemon prio=5 tid=1121 in Object.wait()
java.lang.Thread.State: WAITING (on object monitor)
        at sun.misc.Unsafe.park(Native Method)
        at java.util.concurrent.locks.LockSupport.park(LockSupport.java:175)
        at java.util.concurrent.locks.AbstractQueuedSynchronizer$ConditionObject.await(AbstractQueuedSynchronizer.java:2039)
        at java.util.concurrent.ScheduledThreadPoolExecutor$DelayedWorkQueue.take(ScheduledThreadPoolExecutor.java:1088)
        at java.util.concurrent.ScheduledThreadPoolExecutor$DelayedWorkQueue.take(ScheduledThreadPoolExecutor.java:809)
        at java.util.concurrent.ThreadPoolExecutor.getTask(ThreadPoolExecutor.java:1074)
        at java.util.concurrent.ThreadPoolExecutor.runWorker(ThreadPoolExecutor.java:1134)
        at java.util.concurrent.ThreadPoolExecutor$Worker.run(ThreadPoolExecutor.java:624)
        at java.lang.Thread.run(Thread.java:750)
"66ee3698-ded8-430f-8ecd-27f356af6e45-ChunkReader-8" daemon prio=5 tid=1487 in Object.wait()
java.lang.Thread.State: WAITING (on object monitor)
        at sun.misc.Unsafe.park(Native Method)
        at java.util.concurrent.locks.LockSupport.park(LockSupport.java:175)
        at java.util.concurrent.locks.AbstractQueuedSynchronizer$ConditionObject.await(AbstractQueuedSynchronizer.java:2039)
        at java.util.concurrent.LinkedBlockingQueue.take(LinkedBlockingQueue.java:442)
        at java.util.concurrent.ThreadPoolExecutor.getTask(ThreadPoolExecutor.java:1074)
        at java.util.concurrent.ThreadPoolExecutor.runWorker(ThreadPoolExecutor.java:1134)
        at java.util.concurrent.ThreadPoolExecutor$Worker.run(ThreadPoolExecutor.java:624)
        at java.lang.Thread.run(Thread.java:750)
"Socket Reader #1 for port 15019"  prio=5 tid=232 runnable
java.lang.Thread.State: RUNNABLE
        at sun.nio.ch.EPollArrayWrapper.epollWait(Native Method)
        at sun.nio.ch.EPollArrayWrapper.poll(EPollArrayWrapper.java:269)
        at sun.nio.ch.EPollSelectorImpl.doSelect(EPollSelectorImpl.java:93)
        at sun.nio.ch.SelectorImpl.lockAndDoSelect(SelectorImpl.java:86)
        at sun.nio.ch.SelectorImpl.select(SelectorImpl.java:97)
        at sun.nio.ch.SelectorImpl.select(SelectorImpl.java:101)
        at org.apache.hadoop.ipc.Server$Listener$Reader.doRunLoop(Server.java:1346)
        at org.apache.hadoop.ipc.Server$Listener$Reader.run(Server.java:1325)
"55507c8a-594d-4e25-909f-8d2832294c55-groupManagement"  prio=5 tid=1159 in Object.wait()
java.lang.Thread.State: WAITING (on object monitor)
        at sun.misc.Unsafe.park(Native Method)
        at java.util.concurrent.locks.LockSupport.park(LockSupport.java:175)
        at java.util.concurrent.locks.AbstractQueuedSynchronizer$ConditionObject.await(AbstractQueuedSynchronizer.java:2039)
        at java.util.concurrent.LinkedBlockingQueue.take(LinkedBlockingQueue.java:442)
        at java.util.concurrent.ThreadPoolExecutor.getTask(ThreadPoolExecutor.java:1074)
        at java.util.concurrent.ThreadPoolExecutor.runWorker(ThreadPoolExecutor.java:1134)
        at java.util.concurrent.ThreadPoolExecutor$Worker.run(ThreadPoolExecutor.java:624)
        at java.lang.Thread.run(Thread.java:750)
"0ef615e1-91db-4ede-b924-53e2d320f02d-ChunkReader-0" daemon prio=5 tid=1505 in Object.wait()
java.lang.Thread.State: WAITING (on object monitor)
        at sun.misc.Unsafe.park(Native Method)
        at java.util.concurrent.locks.LockSupport.park(LockSupport.java:175)
        at java.util.concurrent.locks.AbstractQueuedSynchronizer$ConditionObject.await(AbstractQueuedSynchronizer.java:2039)
        at java.util.concurrent.LinkedBlockingQueue.take(LinkedBlockingQueue.java:442)
        at java.util.concurrent.ThreadPoolExecutor.getTask(ThreadPoolExecutor.java:1074)
        at java.util.concurrent.ThreadPoolExecutor.runWorker(ThreadPoolExecutor.java:1134)
        at java.util.concurrent.ThreadPoolExecutor$Worker.run(ThreadPoolExecutor.java:624)
        at java.lang.Thread.run(Thread.java:750)
"66ee3698-ded8-430f-8ecd-27f356af6e45-BlockDeletingService#2" daemon prio=5 tid=1441 in Object.wait()
java.lang.Thread.State: WAITING (on object monitor)
        at sun.misc.Unsafe.park(Native Method)
        at java.util.concurrent.locks.LockSupport.park(LockSupport.java:175)
        at java.util.concurrent.locks.AbstractQueuedSynchronizer$ConditionObject.await(AbstractQueuedSynchronizer.java:2039)
        at java.util.concurrent.ScheduledThreadPoolExecutor$DelayedWorkQueue.take(ScheduledThreadPoolExecutor.java:1088)
        at java.util.concurrent.ScheduledThreadPoolExecutor$DelayedWorkQueue.take(ScheduledThreadPoolExecutor.java:809)
        at java.util.concurrent.ThreadPoolExecutor.getTask(ThreadPoolExecutor.java:1074)
        at java.util.concurrent.ThreadPoolExecutor.runWorker(ThreadPoolExecutor.java:1134)
        at java.util.concurrent.ThreadPoolExecutor$Worker.run(ThreadPoolExecutor.java:624)
        at java.lang.Thread.run(Thread.java:750)
"EventQueue-DatanodeCommandForSCMNodeManager"  prio=5 tid=590 in Object.wait()
java.lang.Thread.State: WAITING (on object monitor)
        at sun.misc.Unsafe.park(Native Method)
        at java.util.concurrent.locks.LockSupport.park(LockSupport.java:175)
        at java.util.concurrent.locks.AbstractQueuedSynchronizer$ConditionObject.await(AbstractQueuedSynchronizer.java:2039)
        at java.util.concurrent.LinkedBlockingQueue.take(LinkedBlockingQueue.java:442)
        at java.util.concurrent.ThreadPoolExecutor.getTask(ThreadPoolExecutor.java:1074)
        at java.util.concurrent.ThreadPoolExecutor.runWorker(ThreadPoolExecutor.java:1134)
        at java.util.concurrent.ThreadPoolExecutor$Worker.run(ThreadPoolExecutor.java:624)
        at java.lang.Thread.run(Thread.java:750)
"94422c73-384a-4d9a-a15d-46d9f5b840aa-CommandProcessorThread" daemon prio=5 tid=214 timed_waiting
java.lang.Thread.State: TIMED_WAITING
        at java.lang.Thread.sleep(Native Method)
        at org.apache.hadoop.ozone.container.common.statemachine.DatanodeStateMachine.lambda$initCommandHandlerThread$4(DatanodeStateMachine.java:684)
        at org.apache.hadoop.ozone.container.common.statemachine.DatanodeStateMachine$$Lambda$1025/1173858499.run(Unknown Source)
        at java.lang.Thread.run(Thread.java:750)
"f612f2cf-90dc-41dc-bf39-cf028d38c484-BlockDeletingService#2" daemon prio=5 tid=1449 in Object.wait()
java.lang.Thread.State: WAITING (on object monitor)
        at sun.misc.Unsafe.park(Native Method)
        at java.util.concurrent.locks.LockSupport.park(LockSupport.java:175)
        at java.util.concurrent.locks.AbstractQueuedSynchronizer$ConditionObject.await(AbstractQueuedSynchronizer.java:2039)
        at java.util.concurrent.ScheduledThreadPoolExecutor$DelayedWorkQueue.take(ScheduledThreadPoolExecutor.java:1088)
        at java.util.concurrent.ScheduledThreadPoolExecutor$DelayedWorkQueue.take(ScheduledThreadPoolExecutor.java:809)
        at java.util.concurrent.ThreadPoolExecutor.getTask(ThreadPoolExecutor.java:1074)
        at java.util.concurrent.ThreadPoolExecutor.runWorker(ThreadPoolExecutor.java:1134)
        at java.util.concurrent.ThreadPoolExecutor$Worker.run(ThreadPoolExecutor.java:624)
        at java.lang.Thread.run(Thread.java:750)
"IPC Server handler 9 on default port 15004" daemon prio=5 tid=174 timed_waiting
java.lang.Thread.State: TIMED_WAITING
        at sun.misc.Unsafe.park(Native Method)
        at java.util.concurrent.locks.LockSupport.parkNanos(LockSupport.java:215)
        at java.util.concurrent.locks.AbstractQueuedSynchronizer$ConditionObject.awaitNanos(AbstractQueuedSynchronizer.java:2078)
        at java.util.concurrent.LinkedBlockingQueue.poll(LinkedBlockingQueue.java:467)
        at org.apache.hadoop.ipc.CallQueueManager.take(CallQueueManager.java:317)
        at org.apache.hadoop.ipc.Server$Handler.run(Server.java:3014)
"1407d0d1-39ba-4bc0-b697-1e16e43cd838-server-thread1" daemon prio=5 tid=927 timed_waiting
java.lang.Thread.State: TIMED_WAITING
        at sun.misc.Unsafe.park(Native Method)
        at java.util.concurrent.locks.LockSupport.parkNanos(LockSupport.java:215)
        at java.util.concurrent.SynchronousQueue$TransferStack.awaitFulfill(SynchronousQueue.java:460)
        at java.util.concurrent.SynchronousQueue$TransferStack.transfer(SynchronousQueue.java:362)
        at java.util.concurrent.SynchronousQueue.poll(SynchronousQueue.java:941)
        at java.util.concurrent.ThreadPoolExecutor.getTask(ThreadPoolExecutor.java:1073)
        at java.util.concurrent.ThreadPoolExecutor.runWorker(ThreadPoolExecutor.java:1134)
        at java.util.concurrent.ThreadPoolExecutor$Worker.run(ThreadPoolExecutor.java:624)
        at java.lang.Thread.run(Thread.java:750)
"1407d0d1-39ba-4bc0-b697-1e16e43cd838-ChunkReader-1" daemon prio=5 tid=1356 in Object.wait()
java.lang.Thread.State: WAITING (on object monitor)
        at sun.misc.Unsafe.park(Native Method)
        at java.util.concurrent.locks.LockSupport.park(LockSupport.java:175)
        at java.util.concurrent.locks.AbstractQueuedSynchronizer$ConditionObject.await(AbstractQueuedSynchronizer.java:2039)
        at java.util.concurrent.LinkedBlockingQueue.take(LinkedBlockingQueue.java:442)
        at java.util.concurrent.ThreadPoolExecutor.getTask(ThreadPoolExecutor.java:1074)
        at java.util.concurrent.ThreadPoolExecutor.runWorker(ThreadPoolExecutor.java:1134)
        at java.util.concurrent.ThreadPoolExecutor$Worker.run(ThreadPoolExecutor.java:624)
        at java.lang.Thread.run(Thread.java:750)
"3fb99649-c87f-4cc9-b3d9-f5c572ff189c@group-8AB99D5E21D8-StateMachineUpdater" daemon prio=5 tid=675 timed_waiting
java.lang.Thread.State: TIMED_WAITING
        at sun.misc.Unsafe.park(Native Method)
        at java.util.concurrent.locks.LockSupport.parkNanos(LockSupport.java:215)
        at java.util.concurrent.locks.AbstractQueuedSynchronizer$ConditionObject.await(AbstractQueuedSynchronizer.java:2163)
        at org.apache.ratis.util.AwaitForSignal.await(AwaitForSignal.java:62)
        at org.apache.ratis.server.impl.StateMachineUpdater.waitForCommit(StateMachineUpdater.java:209)
        at org.apache.ratis.server.impl.StateMachineUpdater.run(StateMachineUpdater.java:178)
        at java.lang.Thread.run(Thread.java:750)
"55507c8a-594d-4e25-909f-8d2832294c55-CloseContainerThread-1"  prio=5 tid=1433 in Object.wait()
java.lang.Thread.State: WAITING (on object monitor)
        at sun.misc.Unsafe.park(Native Method)
        at java.util.concurrent.locks.LockSupport.park(LockSupport.java:175)
        at java.util.concurrent.locks.AbstractQueuedSynchronizer$ConditionObject.await(AbstractQueuedSynchronizer.java:2039)
        at java.util.concurrent.LinkedBlockingQueue.take(LinkedBlockingQueue.java:442)
        at java.util.concurrent.ThreadPoolExecutor.getTask(ThreadPoolExecutor.java:1074)
        at java.util.concurrent.ThreadPoolExecutor.runWorker(ThreadPoolExecutor.java:1134)
        at java.util.concurrent.ThreadPoolExecutor$Worker.run(ThreadPoolExecutor.java:624)
        at java.lang.Thread.run(Thread.java:750)
"qtp532752228-399" daemon prio=5 tid=399 timed_waiting
java.lang.Thread.State: TIMED_WAITING
        at sun.misc.Unsafe.park(Native Method)
        at java.util.concurrent.locks.LockSupport.parkNanos(LockSupport.java:215)
        at java.util.concurrent.locks.AbstractQueuedSynchronizer$ConditionObject.awaitNanos(AbstractQueuedSynchronizer.java:2078)
        at org.eclipse.jetty.util.BlockingArrayQueue.poll(BlockingArrayQueue.java:382)
        at org.eclipse.jetty.util.thread.QueuedThreadPool$Runner.idleJobPoll(QueuedThreadPool.java:974)
        at org.eclipse.jetty.util.thread.QueuedThreadPool$Runner.run(QueuedThreadPool.java:1018)
        at java.lang.Thread.run(Thread.java:750)
"3fb99649-c87f-4cc9-b3d9-f5c572ff189c@group-5A0C10638F91->23554148-3e4d-431f-a73e-f2401dbff1d4-GrpcLogAppender-LogAppenderDaemon" daemon prio=5 tid=921 timed_waiting
java.lang.Thread.State: TIMED_WAITING
        at sun.misc.Unsafe.park(Native Method)
        at java.util.concurrent.locks.LockSupport.parkNanos(LockSupport.java:215)
        at java.util.concurrent.locks.AbstractQueuedSynchronizer$ConditionObject.await(AbstractQueuedSynchronizer.java:2163)
        at org.apache.ratis.util.AwaitForSignal.await(AwaitForSignal.java:62)
        at org.apache.ratis.grpc.server.GrpcLogAppender.mayWait(GrpcLogAppender.java:197)
        at org.apache.ratis.grpc.server.GrpcLogAppender.run(GrpcLogAppender.java:148)
        at org.apache.ratis.server.leader.LogAppenderDaemon.run(LogAppenderDaemon.java:78)
        at org.apache.ratis.server.leader.LogAppenderDaemon$$Lambda$1248/550328285.run(Unknown Source)
        at java.lang.Thread.run(Thread.java:750)
"5b9beb6f-d596-489f-8a17-e362b772df82-ChunkReader-8" daemon prio=5 tid=1348 in Object.wait()
java.lang.Thread.State: WAITING (on object monitor)
        at sun.misc.Unsafe.park(Native Method)
        at java.util.concurrent.locks.LockSupport.park(LockSupport.java:175)
        at java.util.concurrent.locks.AbstractQueuedSynchronizer$ConditionObject.await(AbstractQueuedSynchronizer.java:2039)
        at java.util.concurrent.LinkedBlockingQueue.take(LinkedBlockingQueue.java:442)
        at java.util.concurrent.ThreadPoolExecutor.getTask(ThreadPoolExecutor.java:1074)
        at java.util.concurrent.ThreadPoolExecutor.runWorker(ThreadPoolExecutor.java:1134)
        at java.util.concurrent.ThreadPoolExecutor$Worker.run(ThreadPoolExecutor.java:624)
        at java.lang.Thread.run(Thread.java:750)
"om1-DirectoryDeletingService#0" daemon prio=5 tid=150 timed_waiting
java.lang.Thread.State: TIMED_WAITING
        at sun.misc.Unsafe.park(Native Method)
        at java.util.concurrent.locks.LockSupport.parkNanos(LockSupport.java:215)
        at java.util.concurrent.locks.AbstractQueuedSynchronizer$ConditionObject.awaitNanos(AbstractQueuedSynchronizer.java:2078)
        at java.util.concurrent.ScheduledThreadPoolExecutor$DelayedWorkQueue.take(ScheduledThreadPoolExecutor.java:1093)
        at java.util.concurrent.ScheduledThreadPoolExecutor$DelayedWorkQueue.take(ScheduledThreadPoolExecutor.java:809)
        at java.util.concurrent.ThreadPoolExecutor.getTask(ThreadPoolExecutor.java:1074)
        at java.util.concurrent.ThreadPoolExecutor.runWorker(ThreadPoolExecutor.java:1134)
        at java.util.concurrent.ThreadPoolExecutor$Worker.run(ThreadPoolExecutor.java:624)
        at java.lang.Thread.run(Thread.java:750)
"23554148-3e4d-431f-a73e-f2401dbff1d4-BlockDeletingService#1" daemon prio=5 tid=567 in Object.wait()
java.lang.Thread.State: WAITING (on object monitor)
        at sun.misc.Unsafe.park(Native Method)
        at java.util.concurrent.locks.LockSupport.park(LockSupport.java:175)
        at java.util.concurrent.locks.AbstractQueuedSynchronizer$ConditionObject.await(AbstractQueuedSynchronizer.java:2039)
        at java.util.concurrent.ScheduledThreadPoolExecutor$DelayedWorkQueue.take(ScheduledThreadPoolExecutor.java:1088)
        at java.util.concurrent.ScheduledThreadPoolExecutor$DelayedWorkQueue.take(ScheduledThreadPoolExecutor.java:809)
        at java.util.concurrent.ThreadPoolExecutor.getTask(ThreadPoolExecutor.java:1074)
        at java.util.concurrent.ThreadPoolExecutor.runWorker(ThreadPoolExecutor.java:1134)
        at java.util.concurrent.ThreadPoolExecutor$Worker.run(ThreadPoolExecutor.java:624)
        at java.lang.Thread.run(Thread.java:750)
"55507c8a-594d-4e25-909f-8d2832294c55@group-456B59E875E4-StateMachineUpdater" daemon prio=5 tid=1292 timed_waiting
java.lang.Thread.State: TIMED_WAITING
        at sun.misc.Unsafe.park(Native Method)
        at java.util.concurrent.locks.LockSupport.parkNanos(LockSupport.java:215)
        at java.util.concurrent.locks.AbstractQueuedSynchronizer$ConditionObject.await(AbstractQueuedSynchronizer.java:2163)
        at org.apache.ratis.util.AwaitForSignal.await(AwaitForSignal.java:62)
        at org.apache.ratis.server.impl.StateMachineUpdater.waitForCommit(StateMachineUpdater.java:209)
        at org.apache.ratis.server.impl.StateMachineUpdater.run(StateMachineUpdater.java:178)
        at java.lang.Thread.run(Thread.java:750)
"Socket Reader #1 for port 15010"  prio=5 tid=203 runnable
java.lang.Thread.State: RUNNABLE
        at sun.nio.ch.EPollArrayWrapper.epollWait(Native Method)
        at sun.nio.ch.EPollArrayWrapper.poll(EPollArrayWrapper.java:269)
        at sun.nio.ch.EPollSelectorImpl.doSelect(EPollSelectorImpl.java:93)
        at sun.nio.ch.SelectorImpl.lockAndDoSelect(SelectorImpl.java:86)
        at sun.nio.ch.SelectorImpl.select(SelectorImpl.java:97)
        at sun.nio.ch.SelectorImpl.select(SelectorImpl.java:101)
        at org.apache.hadoop.ipc.Server$Listener$Reader.doRunLoop(Server.java:1346)
        at org.apache.hadoop.ipc.Server$Listener$Reader.run(Server.java:1325)
"5b9beb6f-d596-489f-8a17-e362b772df82-DatanodeStateMachineTaskThread-1"  prio=5 tid=624 in Object.wait()
java.lang.Thread.State: WAITING (on object monitor)
        at sun.misc.Unsafe.park(Native Method)
        at java.util.concurrent.locks.LockSupport.park(LockSupport.java:175)
        at java.util.concurrent.locks.AbstractQueuedSynchronizer$ConditionObject.await(AbstractQueuedSynchronizer.java:2039)
        at java.util.concurrent.LinkedBlockingQueue.take(LinkedBlockingQueue.java:442)
        at java.util.concurrent.ThreadPoolExecutor.getTask(ThreadPoolExecutor.java:1074)
        at java.util.concurrent.ThreadPoolExecutor.runWorker(ThreadPoolExecutor.java:1134)
        at java.util.concurrent.ThreadPoolExecutor$Worker.run(ThreadPoolExecutor.java:624)
        at java.lang.Thread.run(Thread.java:750)
"IPC Server handler 8 on default port 15001" daemon prio=5 tid=79 timed_waiting
java.lang.Thread.State: TIMED_WAITING
        at sun.misc.Unsafe.park(Native Method)
        at java.util.concurrent.locks.LockSupport.parkNanos(LockSupport.java:215)
        at java.util.concurrent.locks.AbstractQueuedSynchronizer$ConditionObject.awaitNanos(AbstractQueuedSynchronizer.java:2078)
        at java.util.concurrent.LinkedBlockingQueue.poll(LinkedBlockingQueue.java:467)
        at org.apache.hadoop.ipc.CallQueueManager.take(CallQueueManager.java:317)
        at org.apache.hadoop.ipc.Server$Handler.run(Server.java:3014)
"StaleRecoveringContainerScrubbingService#2" daemon prio=5 tid=915 timed_waiting
java.lang.Thread.State: TIMED_WAITING
        at sun.misc.Unsafe.park(Native Method)
        at java.util.concurrent.locks.LockSupport.parkNanos(LockSupport.java:215)
        at java.util.concurrent.locks.AbstractQueuedSynchronizer$ConditionObject.awaitNanos(AbstractQueuedSynchronizer.java:2078)
        at java.util.concurrent.ScheduledThreadPoolExecutor$DelayedWorkQueue.take(ScheduledThreadPoolExecutor.java:1093)
        at java.util.concurrent.ScheduledThreadPoolExecutor$DelayedWorkQueue.take(ScheduledThreadPoolExecutor.java:809)
        at java.util.concurrent.ThreadPoolExecutor.getTask(ThreadPoolExecutor.java:1074)
        at java.util.concurrent.ThreadPoolExecutor.runWorker(ThreadPoolExecutor.java:1134)
        at java.util.concurrent.ThreadPoolExecutor$Worker.run(ThreadPoolExecutor.java:624)
        at java.lang.Thread.run(Thread.java:750)
"Hadoop-Metrics-Updater-0" daemon prio=5 tid=235 timed_waiting
java.lang.Thread.State: TIMED_WAITING
        at sun.misc.Unsafe.park(Native Method)
        at java.util.concurrent.locks.LockSupport.parkNanos(LockSupport.java:215)
        at java.util.concurrent.locks.AbstractQueuedSynchronizer$ConditionObject.awaitNanos(AbstractQueuedSynchronizer.java:2078)
        at java.util.concurrent.ScheduledThreadPoolExecutor$DelayedWorkQueue.take(ScheduledThreadPoolExecutor.java:1093)
        at java.util.concurrent.ScheduledThreadPoolExecutor$DelayedWorkQueue.take(ScheduledThreadPoolExecutor.java:809)
        at java.util.concurrent.ThreadPoolExecutor.getTask(ThreadPoolExecutor.java:1074)
        at java.util.concurrent.ThreadPoolExecutor.runWorker(ThreadPoolExecutor.java:1134)
        at java.util.concurrent.ThreadPoolExecutor$Worker.run(ThreadPoolExecutor.java:624)
        at java.lang.Thread.run(Thread.java:750)
"Hadoop-Metrics-Updater-0" daemon prio=5 tid=34 timed_waiting
java.lang.Thread.State: TIMED_WAITING
        at sun.misc.Unsafe.park(Native Method)
        at java.util.concurrent.locks.LockSupport.parkNanos(LockSupport.java:215)
        at java.util.concurrent.locks.AbstractQueuedSynchronizer$ConditionObject.awaitNanos(AbstractQueuedSynchronizer.java:2078)
        at java.util.concurrent.ScheduledThreadPoolExecutor$DelayedWorkQueue.take(ScheduledThreadPoolExecutor.java:1093)
        at java.util.concurrent.ScheduledThreadPoolExecutor$DelayedWorkQueue.take(ScheduledThreadPoolExecutor.java:809)
        at java.util.concurrent.ThreadPoolExecutor.getTask(ThreadPoolExecutor.java:1074)
        at java.util.concurrent.ThreadPoolExecutor.runWorker(ThreadPoolExecutor.java:1134)
        at java.util.concurrent.ThreadPoolExecutor$Worker.run(ThreadPoolExecutor.java:624)
        at java.lang.Thread.run(Thread.java:750)
"FullTableCache-Cleanup-0" daemon prio=5 tid=965 in Object.wait()
java.lang.Thread.State: WAITING (on object monitor)
        at sun.misc.Unsafe.park(Native Method)
        at java.util.concurrent.locks.LockSupport.park(LockSupport.java:175)
        at java.util.concurrent.locks.AbstractQueuedSynchronizer$ConditionObject.await(AbstractQueuedSynchronizer.java:2039)
        at java.util.concurrent.LinkedBlockingQueue.take(LinkedBlockingQueue.java:442)
        at java.util.concurrent.ThreadPoolExecutor.getTask(ThreadPoolExecutor.java:1074)
        at java.util.concurrent.ThreadPoolExecutor.runWorker(ThreadPoolExecutor.java:1134)
        at java.util.concurrent.ThreadPoolExecutor$Worker.run(ThreadPoolExecutor.java:624)
        at java.lang.Thread.run(Thread.java:750)
"3fb99649-c87f-4cc9-b3d9-f5c572ff189c-BlockDeletingService#1" daemon prio=5 tid=540 timed_waiting
java.lang.Thread.State: TIMED_WAITING
        at sun.misc.Unsafe.park(Native Method)
        at java.util.concurrent.locks.LockSupport.parkNanos(LockSupport.java:215)
        at java.util.concurrent.locks.AbstractQueuedSynchronizer$ConditionObject.awaitNanos(AbstractQueuedSynchronizer.java:2078)
        at java.util.concurrent.ScheduledThreadPoolExecutor$DelayedWorkQueue.take(ScheduledThreadPoolExecutor.java:1093)
        at java.util.concurrent.ScheduledThreadPoolExecutor$DelayedWorkQueue.take(ScheduledThreadPoolExecutor.java:809)
        at java.util.concurrent.ThreadPoolExecutor.getTask(ThreadPoolExecutor.java:1074)
        at java.util.concurrent.ThreadPoolExecutor.runWorker(ThreadPoolExecutor.java:1134)
        at java.util.concurrent.ThreadPoolExecutor$Worker.run(ThreadPoolExecutor.java:624)
        at java.lang.Thread.run(Thread.java:750)
"StaleRecoveringContainerScrubbingService#1" daemon prio=5 tid=569 in Object.wait()
java.lang.Thread.State: WAITING (on object monitor)
        at sun.misc.Unsafe.park(Native Method)
        at java.util.concurrent.locks.LockSupport.park(LockSupport.java:175)
        at java.util.concurrent.locks.AbstractQueuedSynchronizer$ConditionObject.await(AbstractQueuedSynchronizer.java:2039)
        at java.util.concurrent.ScheduledThreadPoolExecutor$DelayedWorkQueue.take(ScheduledThreadPoolExecutor.java:1088)
        at java.util.concurrent.ScheduledThreadPoolExecutor$DelayedWorkQueue.take(ScheduledThreadPoolExecutor.java:809)
        at java.util.concurrent.ThreadPoolExecutor.getTask(ThreadPoolExecutor.java:1074)
        at java.util.concurrent.ThreadPoolExecutor.runWorker(ThreadPoolExecutor.java:1134)
        at java.util.concurrent.ThreadPoolExecutor$Worker.run(ThreadPoolExecutor.java:624)
        at java.lang.Thread.run(Thread.java:750)
"5b9beb6f-d596-489f-8a17-e362b772df82-BlockDeletingService#3" daemon prio=5 tid=1501 in Object.wait()
java.lang.Thread.State: WAITING (on object monitor)
        at sun.misc.Unsafe.park(Native Method)
        at java.util.concurrent.locks.LockSupport.park(LockSupport.java:175)
        at java.util.concurrent.locks.AbstractQueuedSynchronizer$ConditionObject.await(AbstractQueuedSynchronizer.java:2039)
        at java.util.concurrent.ScheduledThreadPoolExecutor$DelayedWorkQueue.take(ScheduledThreadPoolExecutor.java:1088)
        at java.util.concurrent.ScheduledThreadPoolExecutor$DelayedWorkQueue.take(ScheduledThreadPoolExecutor.java:809)
        at java.util.concurrent.ThreadPoolExecutor.getTask(ThreadPoolExecutor.java:1074)
        at java.util.concurrent.ThreadPoolExecutor.runWorker(ThreadPoolExecutor.java:1134)
        at java.util.concurrent.ThreadPoolExecutor$Worker.run(ThreadPoolExecutor.java:624)
        at java.lang.Thread.run(Thread.java:750)
"timer2" daemon prio=5 tid=898 timed_waiting
java.lang.Thread.State: TIMED_WAITING
        at java.lang.Object.wait(Native Method)
        at java.util.TimerThread.mainLoop(Timer.java:552)
        at java.util.TimerThread.run(Timer.java:505)
"f612f2cf-90dc-41dc-bf39-cf028d38c484-BlockDeletingService#3" daemon prio=5 tid=1500 in Object.wait()
java.lang.Thread.State: WAITING (on object monitor)
        at sun.misc.Unsafe.park(Native Method)
        at java.util.concurrent.locks.LockSupport.park(LockSupport.java:175)
        at java.util.concurrent.locks.AbstractQueuedSynchronizer$ConditionObject.await(AbstractQueuedSynchronizer.java:2039)
        at java.util.concurrent.ScheduledThreadPoolExecutor$DelayedWorkQueue.take(ScheduledThreadPoolExecutor.java:1088)
        at java.util.concurrent.ScheduledThreadPoolExecutor$DelayedWorkQueue.take(ScheduledThreadPoolExecutor.java:809)
        at java.util.concurrent.ThreadPoolExecutor.getTask(ThreadPoolExecutor.java:1074)
        at java.util.concurrent.ThreadPoolExecutor.runWorker(ThreadPoolExecutor.java:1134)
        at java.util.concurrent.ThreadPoolExecutor$Worker.run(ThreadPoolExecutor.java:624)
        at java.lang.Thread.run(Thread.java:750)
"IPC Server idle connection scanner for port 15019" daemon prio=5 tid=233 timed_waiting
java.lang.Thread.State: TIMED_WAITING
        at java.lang.Object.wait(Native Method)
        at java.util.TimerThread.mainLoop(Timer.java:552)
        at java.util.TimerThread.run(Timer.java:505)
"JvmPauseMonitor2" daemon prio=5 tid=461 timed_waiting
java.lang.Thread.State: TIMED_WAITING
        at java.lang.Thread.sleep(Native Method)
        at java.lang.Thread.sleep(Thread.java:342)
        at java.util.concurrent.TimeUnit.sleep(TimeUnit.java:386)
        at org.apache.ratis.util.TimeDuration.sleep(TimeDuration.java:325)
        at org.apache.ratis.util.TimeDuration.sleep(TimeDuration.java:310)
        at org.apache.ratis.util.JvmPauseMonitor.detectPause(JvmPauseMonitor.java:117)
        at org.apache.ratis.util.JvmPauseMonitor.run(JvmPauseMonitor.java:106)
        at org.apache.ratis.util.JvmPauseMonitor$$Lambda$484/814583272.run(Unknown Source)
        at java.lang.Thread.run(Thread.java:750)
"IPC Server listener on 15000" daemon prio=5 tid=35 runnable
java.lang.Thread.State: RUNNABLE
        at sun.nio.ch.EPollArrayWrapper.epollWait(Native Method)
        at sun.nio.ch.EPollArrayWrapper.poll(EPollArrayWrapper.java:269)
        at sun.nio.ch.EPollSelectorImpl.doSelect(EPollSelectorImpl.java:93)
        at sun.nio.ch.SelectorImpl.lockAndDoSelect(SelectorImpl.java:86)
        at sun.nio.ch.SelectorImpl.select(SelectorImpl.java:97)
        at sun.nio.ch.SelectorImpl.select(SelectorImpl.java:101)
        at org.apache.hadoop.ipc.Server$Listener.run(Server.java:1408)
"66ee3698-ded8-430f-8ecd-27f356af6e45@group-1D3807242C29->0ef615e1-91db-4ede-b924-53e2d320f02d-GrpcLogAppender-LogAppenderDaemon" daemon prio=5 tid=896 timed_waiting
java.lang.Thread.State: TIMED_WAITING
        at sun.misc.Unsafe.park(Native Method)
        at java.util.concurrent.locks.LockSupport.parkNanos(LockSupport.java:215)
        at java.util.concurrent.locks.AbstractQueuedSynchronizer$ConditionObject.await(AbstractQueuedSynchronizer.java:2163)
        at org.apache.ratis.util.AwaitForSignal.await(AwaitForSignal.java:62)
        at org.apache.ratis.grpc.server.GrpcLogAppender.mayWait(GrpcLogAppender.java:197)
        at org.apache.ratis.grpc.server.GrpcLogAppender.run(GrpcLogAppender.java:148)
        at org.apache.ratis.server.leader.LogAppenderDaemon.run(LogAppenderDaemon.java:78)
        at org.apache.ratis.server.leader.LogAppenderDaemon$$Lambda$1248/550328285.run(Unknown Source)
        at java.lang.Thread.run(Thread.java:750)
"StaleRecoveringContainerScrubbingService#8" daemon prio=5 tid=1456 in Object.wait()
java.lang.Thread.State: WAITING (on object monitor)
        at sun.misc.Unsafe.park(Native Method)
        at java.util.concurrent.locks.LockSupport.park(LockSupport.java:175)
        at java.util.concurrent.locks.AbstractQueuedSynchronizer$ConditionObject.await(AbstractQueuedSynchronizer.java:2039)
        at java.util.concurrent.ScheduledThreadPoolExecutor$DelayedWorkQueue.take(ScheduledThreadPoolExecutor.java:1088)
        at java.util.concurrent.ScheduledThreadPoolExecutor$DelayedWorkQueue.take(ScheduledThreadPoolExecutor.java:809)
        at java.util.concurrent.ThreadPoolExecutor.getTask(ThreadPoolExecutor.java:1074)
        at java.util.concurrent.ThreadPoolExecutor.runWorker(ThreadPoolExecutor.java:1134)
        at java.util.concurrent.ThreadPoolExecutor$Worker.run(ThreadPoolExecutor.java:624)
        at java.lang.Thread.run(Thread.java:750)
"IPC Server handler 6 on default port 15002" daemon prio=5 tid=97 timed_waiting
java.lang.Thread.State: TIMED_WAITING
        at sun.misc.Unsafe.park(Native Method)
        at java.util.concurrent.locks.LockSupport.parkNanos(LockSupport.java:215)
        at java.util.concurrent.locks.AbstractQueuedSynchronizer$ConditionObject.awaitNanos(AbstractQueuedSynchronizer.java:2078)
        at java.util.concurrent.LinkedBlockingQueue.poll(LinkedBlockingQueue.java:467)
        at org.apache.hadoop.ipc.CallQueueManager.take(CallQueueManager.java:317)
        at org.apache.hadoop.ipc.Server$Handler.run(Server.java:3014)
"om1-OpenKeyCleanupService#0" daemon prio=5 tid=151 timed_waiting
java.lang.Thread.State: TIMED_WAITING
        at sun.misc.Unsafe.park(Native Method)
        at java.util.concurrent.locks.LockSupport.parkNanos(LockSupport.java:215)
        at java.util.concurrent.locks.AbstractQueuedSynchronizer$ConditionObject.awaitNanos(AbstractQueuedSynchronizer.java:2078)
        at java.util.concurrent.ScheduledThreadPoolExecutor$DelayedWorkQueue.take(ScheduledThreadPoolExecutor.java:1093)
        at java.util.concurrent.ScheduledThreadPoolExecutor$DelayedWorkQueue.take(ScheduledThreadPoolExecutor.java:809)
        at java.util.concurrent.ThreadPoolExecutor.getTask(ThreadPoolExecutor.java:1074)
        at java.util.concurrent.ThreadPoolExecutor.runWorker(ThreadPoolExecutor.java:1134)
        at java.util.concurrent.ThreadPoolExecutor$Worker.run(ThreadPoolExecutor.java:624)
        at java.lang.Thread.run(Thread.java:750)
"qtp2046986915-339-acceptor-0@3ee5a2a6-ServerConnector@18b47bc6{HTTP/1.1, (http/1.1)}{0.0.0.0:15054}" daemon prio=3 tid=339 runnable
java.lang.Thread.State: RUNNABLE
        at sun.nio.ch.ServerSocketChannelImpl.accept0(Native Method)
        at sun.nio.ch.ServerSocketChannelImpl.accept(ServerSocketChannelImpl.java:421)
        at sun.nio.ch.ServerSocketChannelImpl.accept(ServerSocketChannelImpl.java:249)
        at org.eclipse.jetty.server.ServerConnector.accept(ServerConnector.java:388)
        at org.eclipse.jetty.server.AbstractConnector$Acceptor.run(AbstractConnector.java:704)
        at org.eclipse.jetty.util.thread.QueuedThreadPool.runJob(QueuedThreadPool.java:883)
        at org.eclipse.jetty.util.thread.QueuedThreadPool$Runner.run(QueuedThreadPool.java:1034)
        at java.lang.Thread.run(Thread.java:750)
"pool-72-thread-1" daemon prio=5 tid=440 timed_waiting
java.lang.Thread.State: TIMED_WAITING
        at sun.misc.Unsafe.park(Native Method)
        at java.util.concurrent.locks.LockSupport.parkNanos(LockSupport.java:215)
        at java.util.concurrent.locks.AbstractQueuedSynchronizer$ConditionObject.awaitNanos(AbstractQueuedSynchronizer.java:2078)
        at java.util.concurrent.ScheduledThreadPoolExecutor$DelayedWorkQueue.take(ScheduledThreadPoolExecutor.java:1093)
        at java.util.concurrent.ScheduledThreadPoolExecutor$DelayedWorkQueue.take(ScheduledThreadPoolExecutor.java:809)
        at java.util.concurrent.ThreadPoolExecutor.getTask(ThreadPoolExecutor.java:1074)
        at java.util.concurrent.ThreadPoolExecutor.runWorker(ThreadPoolExecutor.java:1134)
        at java.util.concurrent.ThreadPoolExecutor$Worker.run(ThreadPoolExecutor.java:624)
        at java.lang.Thread.run(Thread.java:750)
"pool-202-thread-1" daemon prio=5 tid=559 timed_waiting
java.lang.Thread.State: TIMED_WAITING
        at sun.misc.Unsafe.park(Native Method)
        at java.util.concurrent.locks.LockSupport.parkNanos(LockSupport.java:215)
        at java.util.concurrent.locks.AbstractQueuedSynchronizer$ConditionObject.awaitNanos(AbstractQueuedSynchronizer.java:2078)
        at java.util.concurrent.ScheduledThreadPoolExecutor$DelayedWorkQueue.take(ScheduledThreadPoolExecutor.java:1093)
        at java.util.concurrent.ScheduledThreadPoolExecutor$DelayedWorkQueue.take(ScheduledThreadPoolExecutor.java:809)
        at java.util.concurrent.ThreadPoolExecutor.getTask(ThreadPoolExecutor.java:1074)
        at java.util.concurrent.ThreadPoolExecutor.runWorker(ThreadPoolExecutor.java:1134)
        at java.util.concurrent.ThreadPoolExecutor$Worker.run(ThreadPoolExecutor.java:624)
        at java.lang.Thread.run(Thread.java:750)
"qtp773672120-258" daemon prio=5 tid=258 timed_waiting
java.lang.Thread.State: TIMED_WAITING
        at sun.misc.Unsafe.park(Native Method)
        at java.util.concurrent.locks.LockSupport.parkNanos(LockSupport.java:215)
        at java.util.concurrent.locks.AbstractQueuedSynchronizer$ConditionObject.awaitNanos(AbstractQueuedSynchronizer.java:2078)
        at org.eclipse.jetty.util.BlockingArrayQueue.poll(BlockingArrayQueue.java:382)
        at org.eclipse.jetty.util.thread.QueuedThreadPool$Runner.idleJobPoll(QueuedThreadPool.java:974)
        at org.eclipse.jetty.util.thread.QueuedThreadPool$Runner.run(QueuedThreadPool.java:1018)
        at java.lang.Thread.run(Thread.java:750)
"3fb99649-c87f-4cc9-b3d9-f5c572ff189c@group-5A0C10638F91-StateMachineUpdater" daemon prio=5 tid=680 timed_waiting
java.lang.Thread.State: TIMED_WAITING
        at sun.misc.Unsafe.park(Native Method)
        at java.util.concurrent.locks.LockSupport.parkNanos(LockSupport.java:215)
        at java.util.concurrent.locks.AbstractQueuedSynchronizer$ConditionObject.await(AbstractQueuedSynchronizer.java:2163)
        at org.apache.ratis.util.AwaitForSignal.await(AwaitForSignal.java:62)
        at org.apache.ratis.server.impl.StateMachineUpdater.waitForCommit(StateMachineUpdater.java:209)
        at org.apache.ratis.server.impl.StateMachineUpdater.run(StateMachineUpdater.java:178)
        at java.lang.Thread.run(Thread.java:750)
"0ef615e1-91db-4ede-b924-53e2d320f02d-BlockDeletingService#2" daemon prio=5 tid=1435 in Object.wait()
java.lang.Thread.State: WAITING (on object monitor)
        at sun.misc.Unsafe.park(Native Method)
        at java.util.concurrent.locks.LockSupport.park(LockSupport.java:175)
        at java.util.concurrent.locks.AbstractQueuedSynchronizer$ConditionObject.await(AbstractQueuedSynchronizer.java:2039)
        at java.util.concurrent.ScheduledThreadPoolExecutor$DelayedWorkQueue.take(ScheduledThreadPoolExecutor.java:1088)
        at java.util.concurrent.ScheduledThreadPoolExecutor$DelayedWorkQueue.take(ScheduledThreadPoolExecutor.java:809)
        at java.util.concurrent.ThreadPoolExecutor.getTask(ThreadPoolExecutor.java:1074)
        at java.util.concurrent.ThreadPoolExecutor.runWorker(ThreadPoolExecutor.java:1134)
        at java.util.concurrent.ThreadPoolExecutor$Worker.run(ThreadPoolExecutor.java:624)
        at java.lang.Thread.run(Thread.java:750)
"5b9beb6f-d596-489f-8a17-e362b772df82-ChunkReader-6" daemon prio=5 tid=1143 in Object.wait()
java.lang.Thread.State: WAITING (on object monitor)
        at sun.misc.Unsafe.park(Native Method)
        at java.util.concurrent.locks.LockSupport.park(LockSupport.java:175)
        at java.util.concurrent.locks.AbstractQueuedSynchronizer$ConditionObject.await(AbstractQueuedSynchronizer.java:2039)
        at java.util.concurrent.LinkedBlockingQueue.take(LinkedBlockingQueue.java:442)
        at java.util.concurrent.ThreadPoolExecutor.getTask(ThreadPoolExecutor.java:1074)
        at java.util.concurrent.ThreadPoolExecutor.runWorker(ThreadPoolExecutor.java:1134)
        at java.util.concurrent.ThreadPoolExecutor$Worker.run(ThreadPoolExecutor.java:624)
        at java.lang.Thread.run(Thread.java:750)
"5b9beb6f-d596-489f-8a17-e362b772df82-BlockDeletingService#0" daemon prio=5 tid=635 timed_waiting
java.lang.Thread.State: TIMED_WAITING
        at sun.misc.Unsafe.park(Native Method)
        at java.util.concurrent.locks.LockSupport.parkNanos(LockSupport.java:215)
        at java.util.concurrent.locks.AbstractQueuedSynchronizer$ConditionObject.awaitNanos(AbstractQueuedSynchronizer.java:2078)
        at java.util.concurrent.ScheduledThreadPoolExecutor$DelayedWorkQueue.take(ScheduledThreadPoolExecutor.java:1093)
        at java.util.concurrent.ScheduledThreadPoolExecutor$DelayedWorkQueue.take(ScheduledThreadPoolExecutor.java:809)
        at java.util.concurrent.ThreadPoolExecutor.getTask(ThreadPoolExecutor.java:1074)
        at java.util.concurrent.ThreadPoolExecutor.runWorker(ThreadPoolExecutor.java:1134)
        at java.util.concurrent.ThreadPoolExecutor$Worker.run(ThreadPoolExecutor.java:624)
        at java.lang.Thread.run(Thread.java:750)
"IPC Server handler 7 on default port 15000" daemon prio=5 tid=58 timed_waiting
java.lang.Thread.State: TIMED_WAITING
        at sun.misc.Unsafe.park(Native Method)
        at java.util.concurrent.locks.LockSupport.parkNanos(LockSupport.java:215)
        at java.util.concurrent.locks.AbstractQueuedSynchronizer$ConditionObject.awaitNanos(AbstractQueuedSynchronizer.java:2078)
        at java.util.concurrent.LinkedBlockingQueue.poll(LinkedBlockingQueue.java:467)
        at org.apache.hadoop.ipc.CallQueueManager.take(CallQueueManager.java:317)
        at org.apache.hadoop.ipc.Server$Handler.run(Server.java:3014)
"66ee3698-ded8-430f-8ecd-27f356af6e45-ChunkReader-4" daemon prio=5 tid=1152 in Object.wait()
java.lang.Thread.State: WAITING (on object monitor)
        at sun.misc.Unsafe.park(Native Method)
        at java.util.concurrent.locks.LockSupport.park(LockSupport.java:175)
        at java.util.concurrent.locks.AbstractQueuedSynchronizer$ConditionObject.await(AbstractQueuedSynchronizer.java:2039)
        at java.util.concurrent.LinkedBlockingQueue.take(LinkedBlockingQueue.java:442)
        at java.util.concurrent.ThreadPoolExecutor.getTask(ThreadPoolExecutor.java:1074)
        at java.util.concurrent.ThreadPoolExecutor.runWorker(ThreadPoolExecutor.java:1134)
        at java.util.concurrent.ThreadPoolExecutor$Worker.run(ThreadPoolExecutor.java:624)
        at java.lang.Thread.run(Thread.java:750)
"qtp1885129157-493" daemon prio=5 tid=493 timed_waiting
java.lang.Thread.State: TIMED_WAITING
        at sun.misc.Unsafe.park(Native Method)
        at java.util.concurrent.locks.LockSupport.parkNanos(LockSupport.java:215)
        at java.util.concurrent.locks.AbstractQueuedSynchronizer$ConditionObject.awaitNanos(AbstractQueuedSynchronizer.java:2078)
        at org.eclipse.jetty.util.BlockingArrayQueue.poll(BlockingArrayQueue.java:382)
        at org.eclipse.jetty.util.thread.QueuedThreadPool$Runner.idleJobPoll(QueuedThreadPool.java:974)
        at org.eclipse.jetty.util.thread.QueuedThreadPool$Runner.run(QueuedThreadPool.java:1018)
        at java.lang.Thread.run(Thread.java:750)
"3fb99649-c87f-4cc9-b3d9-f5c572ff189c@group-5C95EDC39216-StateMachineUpdater" daemon prio=5 tid=793 timed_waiting
java.lang.Thread.State: TIMED_WAITING
        at sun.misc.Unsafe.park(Native Method)
        at java.util.concurrent.locks.LockSupport.parkNanos(LockSupport.java:215)
        at java.util.concurrent.locks.AbstractQueuedSynchronizer$ConditionObject.await(AbstractQueuedSynchronizer.java:2163)
        at org.apache.ratis.util.AwaitForSignal.await(AwaitForSignal.java:62)
        at org.apache.ratis.server.impl.StateMachineUpdater.waitForCommit(StateMachineUpdater.java:209)
        at org.apache.ratis.server.impl.StateMachineUpdater.run(StateMachineUpdater.java:178)
        at java.lang.Thread.run(Thread.java:750)
"main"  prio=5 tid=1 runnable
java.lang.Thread.State: RUNNABLE
        at java.lang.Thread.dumpThreads(Native Method)
        at java.lang.Thread.getAllStackTraces(Thread.java:1615)
        at org.apache.ozone.test.TimedOutTestsListener.buildThreadDump(TimedOutTestsListener.java:93)
        at org.apache.ozone.test.TimedOutTestsListener.buildThreadDiagnosticString(TimedOutTestsListener.java:79)
        at org.apache.ozone.test.GenericTestUtils.waitFor(GenericTestUtils.java:231)
        at org.apache.hadoop.ozone.container.TestECContainerRecovery.testECContainerRecoveryWithTimedOutRecovery(TestECContainerRecovery.java:345)
        at sun.reflect.NativeMethodAccessorImpl.invoke0(Native Method)
        at sun.reflect.NativeMethodAccessorImpl.invoke(NativeMethodAccessorImpl.java:62)
        at sun.reflect.DelegatingMethodAccessorImpl.invoke(DelegatingMethodAccessorImpl.java:43)
        at java.lang.reflect.Method.invoke(Method.java:498)
        at org.junit.platform.commons.util.ReflectionUtils.invokeMethod(ReflectionUtils.java:725)
        at org.junit.jupiter.engine.execution.MethodInvocation.proceed(MethodInvocation.java:60)
        at org.junit.jupiter.engine.execution.InvocationInterceptorChain$ValidatingInvocation.proceed(InvocationInterceptorChain.java:131)
        at org.junit.jupiter.engine.extension.TimeoutExtension.intercept(TimeoutExtension.java:149)
        at org.junit.jupiter.engine.extension.TimeoutExtension.interceptTestableMethod(TimeoutExtension.java:140)
        at org.junit.jupiter.engine.extension.TimeoutExtension.interceptTestMethod(TimeoutExtension.java:84)
        at org.junit.jupiter.engine.descriptor.TestMethodTestDescriptor$$Lambda$158/2079565272.apply(Unknown Source)
        at org.junit.jupiter.engine.execution.ExecutableInvoker$ReflectiveInterceptorCall.lambda$ofVoidMethod$0(ExecutableInvoker.java:115)
        at org.junit.jupiter.engine.execution.ExecutableInvoker$ReflectiveInterceptorCall$$Lambda$159/1928301845.apply(Unknown Source)
        at org.junit.jupiter.engine.execution.ExecutableInvoker.lambda$invoke$0(ExecutableInvoker.java:105)
        at org.junit.jupiter.engine.execution.ExecutableInvoker$$Lambda$332/337799666.apply(Unknown Source)
        at org.junit.jupiter.engine.execution.InvocationInterceptorChain$InterceptedInvocation.proceed(InvocationInterceptorChain.java:106)
        at org.junit.jupiter.engine.execution.InvocationInterceptorChain.proceed(InvocationInterceptorChain.java:64)
        at org.junit.jupiter.engine.execution.InvocationInterceptorChain.chainAndInvoke(InvocationInterceptorChain.java:45)
        at org.junit.jupiter.engine.execution.InvocationInterceptorChain.invoke(InvocationInterceptorChain.java:37)
        at org.junit.jupiter.engine.execution.ExecutableInvoker.invoke(ExecutableInvoker.java:104)
        at org.junit.jupiter.engine.execution.ExecutableInvoker.invoke(ExecutableInvoker.java:98)
        at org.junit.jupiter.engine.descriptor.TestMethodTestDescriptor.lambda$invokeTestMethod$7(TestMethodTestDescriptor.java:214)
        at org.junit.jupiter.engine.descriptor.TestMethodTestDescriptor$$Lambda$1377/1802651387.execute(Unknown Source)
        at org.junit.platform.engine.support.hierarchical.ThrowableCollector.execute(ThrowableCollector.java:73)
        at org.junit.jupiter.engine.descriptor.TestMethodTestDescriptor.invokeTestMethod(TestMethodTestDescriptor.java:210)
        at org.junit.jupiter.engine.descriptor.TestMethodTestDescriptor.execute(TestMethodTestDescriptor.java:135)
        at org.junit.jupiter.engine.descriptor.TestMethodTestDescriptor.execute(TestMethodTestDescriptor.java:66)
        at org.junit.platform.engine.support.hierarchical.NodeTestTask.lambda$executeRecursively$6(NodeTestTask.java:151)
        at org.junit.platform.engine.support.hierarchical.NodeTestTask$$Lambda$274/1479696465.execute(Unknown Source)
        at org.junit.platform.engine.support.hierarchical.ThrowableCollector.execute(ThrowableCollector.java:73)
        at org.junit.platform.engine.support.hierarchical.NodeTestTask.lambda$executeRecursively$8(NodeTestTask.java:141)
        at org.junit.platform.engine.support.hierarchical.NodeTestTask$$Lambda$273/1997702454.invoke(Unknown Source)
        at org.junit.platform.engine.support.hierarchical.Node.around(Node.java:137)
        at org.junit.platform.engine.support.hierarchical.NodeTestTask.lambda$executeRecursively$9(NodeTestTask.java:139)
        at org.junit.platform.engine.support.hierarchical.NodeTestTask$$Lambda$272/1703009290.execute(Unknown Source)
        at org.junit.platform.engine.support.hierarchical.ThrowableCollector.execute(ThrowableCollector.java:73)
        at org.junit.platform.engine.support.hierarchical.NodeTestTask.executeRecursively(NodeTestTask.java:138)
        at org.junit.platform.engine.support.hierarchical.NodeTestTask.execute(NodeTestTask.java:95)
        at org.junit.platform.engine.support.hierarchical.SameThreadHierarchicalTestExecutorService$$Lambda$278/2061774051.accept(Unknown Source)
        at java.util.ArrayList.forEach(ArrayList.java:1259)
        at org.junit.platform.engine.support.hierarchical.SameThreadHierarchicalTestExecutorService.invokeAll(SameThreadHierarchicalTestExecutorService.java:41)
        at org.junit.platform.engine.support.hierarchical.NodeTestTask.lambda$executeRecursively$6(NodeTestTask.java:155)
        at org.junit.platform.engine.support.hierarchical.NodeTestTask$$Lambda$274/1479696465.execute(Unknown Source)
        at org.junit.platform.engine.support.hierarchical.ThrowableCollector.execute(ThrowableCollector.java:73)
        at org.junit.platform.engine.support.hierarchical.NodeTestTask.lambda$executeRecursively$8(NodeTestTask.java:141)
        at org.junit.platform.engine.support.hierarchical.NodeTestTask$$Lambda$273/1997702454.invoke(Unknown Source)
        at org.junit.platform.engine.support.hierarchical.Node.around(Node.java:137)
        at org.junit.platform.engine.support.hierarchical.NodeTestTask.lambda$executeRecursively$9(NodeTestTask.java:139)
        at org.junit.platform.engine.support.hierarchical.NodeTestTask$$Lambda$272/1703009290.execute(Unknown Source)
        at org.junit.platform.engine.support.hierarchical.ThrowableCollector.execute(ThrowableCollector.java:73)
        at org.junit.platform.engine.support.hierarchical.NodeTestTask.executeRecursively(NodeTestTask.java:138)
        at org.junit.platform.engine.support.hierarchical.NodeTestTask.execute(NodeTestTask.java:95)
        at org.junit.platform.engine.support.hierarchical.SameThreadHierarchicalTestExecutorService$$Lambda$278/2061774051.accept(Unknown Source)
        at java.util.ArrayList.forEach(ArrayList.java:1259)
        at org.junit.platform.engine.support.hierarchical.SameThreadHierarchicalTestExecutorService.invokeAll(SameThreadHierarchicalTestExecutorService.java:41)
        at org.junit.platform.engine.support.hierarchical.NodeTestTask.lambda$executeRecursively$6(NodeTestTask.java:155)
        at org.junit.platform.engine.support.hierarchical.NodeTestTask$$Lambda$274/1479696465.execute(Unknown Source)
        at org.junit.platform.engine.support.hierarchical.ThrowableCollector.execute(ThrowableCollector.java:73)
        at org.junit.platform.engine.support.hierarchical.NodeTestTask.lambda$executeRecursively$8(NodeTestTask.java:141)
        at org.junit.platform.engine.support.hierarchical.NodeTestTask$$Lambda$273/1997702454.invoke(Unknown Source)
        at org.junit.platform.engine.support.hierarchical.Node.around(Node.java:137)
        at org.junit.platform.engine.support.hierarchical.NodeTestTask.lambda$executeRecursively$9(NodeTestTask.java:139)
        at org.junit.platform.engine.support.hierarchical.NodeTestTask$$Lambda$272/1703009290.execute(Unknown Source)
        at org.junit.platform.engine.support.hierarchical.ThrowableCollector.execute(ThrowableCollector.java:73)
        at org.junit.platform.engine.support.hierarchical.NodeTestTask.executeRecursively(NodeTestTask.java:138)
        at org.junit.platform.engine.support.hierarchical.NodeTestTask.execute(NodeTestTask.java:95)
        at org.junit.platform.engine.support.hierarchical.SameThreadHierarchicalTestExecutorService.submit(SameThreadHierarchicalTestExecutorService.java:35)
        at org.junit.platform.engine.support.hierarchical.HierarchicalTestExecutor.execute(HierarchicalTestExecutor.java:57)
        at org.junit.platform.engine.support.hierarchical.HierarchicalTestEngine.execute(HierarchicalTestEngine.java:54)
        at org.junit.platform.launcher.core.EngineExecutionOrchestrator.execute(EngineExecutionOrchestrator.java:107)
        at org.junit.platform.launcher.core.EngineExecutionOrchestrator.execute(EngineExecutionOrchestrator.java:88)
        at org.junit.platform.launcher.core.EngineExecutionOrchestrator.lambda$execute$0(EngineExecutionOrchestrator.java:54)
        at org.junit.platform.launcher.core.EngineExecutionOrchestrator$$Lambda$214/1320105604.accept(Unknown Source)
        at org.junit.platform.launcher.core.EngineExecutionOrchestrator.withInterceptedStreams(EngineExecutionOrchestrator.java:67)
        at org.junit.platform.launcher.core.EngineExecutionOrchestrator.execute(EngineExecutionOrchestrator.java:52)
        at org.junit.platform.launcher.core.DefaultLauncher.execute(DefaultLauncher.java:114)
        at org.junit.platform.launcher.core.DefaultLauncher.execute(DefaultLauncher.java:86)
        at org.junit.platform.launcher.core.DefaultLauncherSession$DelegatingLauncher.execute(DefaultLauncherSession.java:86)
        at org.junit.platform.launcher.core.SessionPerRequestLauncher.execute(SessionPerRequestLauncher.java:53)
        at org.apache.maven.surefire.junitplatform.JUnitPlatformProvider.execute(JUnitPlatformProvider.java:188)
        at org.apache.maven.surefire.junitplatform.JUnitPlatformProvider.invokeAllTests(JUnitPlatformProvider.java:154)
        at org.apache.maven.surefire.junitplatform.JUnitPlatformProvider.invoke(JUnitPlatformProvider.java:124)
        at org.apache.maven.surefire.booter.ForkedBooter.runSuitesInProcess(ForkedBooter.java:428)
        at org.apache.maven.surefire.booter.ForkedBooter.execute(ForkedBooter.java:162)
        at org.apache.maven.surefire.booter.ForkedBooter.run(ForkedBooter.java:562)
        at org.apache.maven.surefire.booter.ForkedBooter.main(ForkedBooter.java:548)
"3fb99649-c87f-4cc9-b3d9-f5c572ff189c-PeriodicHDDSVolumeChecker" daemon prio=5 tid=526 timed_waiting
java.lang.Thread.State: TIMED_WAITING
        at sun.misc.Unsafe.park(Native Method)
        at java.util.concurrent.locks.LockSupport.parkNanos(LockSupport.java:215)
        at java.util.concurrent.locks.AbstractQueuedSynchronizer$ConditionObject.awaitNanos(AbstractQueuedSynchronizer.java:2078)
        at java.util.concurrent.ScheduledThreadPoolExecutor$DelayedWorkQueue.take(ScheduledThreadPoolExecutor.java:1093)
        at java.util.concurrent.ScheduledThreadPoolExecutor$DelayedWorkQueue.take(ScheduledThreadPoolExecutor.java:809)
        at java.util.concurrent.ThreadPoolExecutor.getTask(ThreadPoolExecutor.java:1074)
        at java.util.concurrent.ThreadPoolExecutor.runWorker(ThreadPoolExecutor.java:1134)
        at java.util.concurrent.ThreadPoolExecutor$Worker.run(ThreadPoolExecutor.java:624)
        at java.lang.Thread.run(Thread.java:750)
"0ef615e1-91db-4ede-b924-53e2d320f02d@group-1D3807242C29-SegmentedRaftLogWorker"  prio=5 tid=657 timed_waiting
java.lang.Thread.State: TIMED_WAITING
        at sun.misc.Unsafe.park(Native Method)
        at java.util.concurrent.locks.LockSupport.parkNanos(LockSupport.java:215)
        at java.util.concurrent.locks.AbstractQueuedSynchronizer$ConditionObject.awaitNanos(AbstractQueuedSynchronizer.java:2078)
        at org.apache.ratis.util.DataBlockingQueue.poll(DataBlockingQueue.java:148)
        at org.apache.ratis.server.raftlog.segmented.SegmentedRaftLogWorker.run(SegmentedRaftLogWorker.java:307)
        at org.apache.ratis.server.raftlog.segmented.SegmentedRaftLogWorker$$Lambda$819/1928678273.run(Unknown Source)
        at java.util.concurrent.Executors$RunnableAdapter.call(Executors.java:511)
        at java.util.concurrent.FutureTask.run(FutureTask.java:266)
        at java.util.concurrent.ThreadPoolExecutor.runWorker(ThreadPoolExecutor.java:1149)
        at java.util.concurrent.ThreadPoolExecutor$Worker.run(ThreadPoolExecutor.java:624)
        at java.lang.Thread.run(Thread.java:750)
"0ef615e1-91db-4ede-b924-53e2d320f02d-ChunkReader-2" daemon prio=5 tid=1507 in Object.wait()
java.lang.Thread.State: WAITING (on object monitor)
        at sun.misc.Unsafe.park(Native Method)
        at java.util.concurrent.locks.LockSupport.park(LockSupport.java:175)
        at java.util.concurrent.locks.AbstractQueuedSynchronizer$ConditionObject.await(AbstractQueuedSynchronizer.java:2039)
        at java.util.concurrent.LinkedBlockingQueue.take(LinkedBlockingQueue.java:442)
        at java.util.concurrent.ThreadPoolExecutor.getTask(ThreadPoolExecutor.java:1074)
        at java.util.concurrent.ThreadPoolExecutor.runWorker(ThreadPoolExecutor.java:1134)
        at java.util.concurrent.ThreadPoolExecutor$Worker.run(ThreadPoolExecutor.java:624)
        at java.lang.Thread.run(Thread.java:750)
"Socket Reader #1 for port 15082"  prio=5 tid=1172 runnable
java.lang.Thread.State: RUNNABLE
        at sun.nio.ch.EPollArrayWrapper.epollWait(Native Method)
        at sun.nio.ch.EPollArrayWrapper.poll(EPollArrayWrapper.java:269)
        at sun.nio.ch.EPollSelectorImpl.doSelect(EPollSelectorImpl.java:93)
        at sun.nio.ch.SelectorImpl.lockAndDoSelect(SelectorImpl.java:86)
        at sun.nio.ch.SelectorImpl.select(SelectorImpl.java:97)
        at sun.nio.ch.SelectorImpl.select(SelectorImpl.java:101)
        at org.apache.hadoop.ipc.Server$Listener$Reader.doRunLoop(Server.java:1346)
        at org.apache.hadoop.ipc.Server$Listener$Reader.run(Server.java:1325)
"0ef615e1-91db-4ede-b924-53e2d320f02d@group-7E36DD6E81EC-SegmentedRaftLogWorker"  prio=5 tid=779 timed_waiting
java.lang.Thread.State: TIMED_WAITING
        at sun.misc.Unsafe.park(Native Method)
        at java.util.concurrent.locks.LockSupport.parkNanos(LockSupport.java:215)
        at java.util.concurrent.locks.AbstractQueuedSynchronizer$ConditionObject.awaitNanos(AbstractQueuedSynchronizer.java:2078)
        at org.apache.ratis.util.DataBlockingQueue.poll(DataBlockingQueue.java:148)
        at org.apache.ratis.server.raftlog.segmented.SegmentedRaftLogWorker.run(SegmentedRaftLogWorker.java:307)
        at org.apache.ratis.server.raftlog.segmented.SegmentedRaftLogWorker$$Lambda$819/1928678273.run(Unknown Source)
        at java.util.concurrent.Executors$RunnableAdapter.call(Executors.java:511)
        at java.util.concurrent.FutureTask.run(FutureTask.java:266)
        at java.util.concurrent.ThreadPoolExecutor.runWorker(ThreadPoolExecutor.java:1149)
        at java.util.concurrent.ThreadPoolExecutor$Worker.run(ThreadPoolExecutor.java:624)
        at java.lang.Thread.run(Thread.java:750)
"5b9beb6f-d596-489f-8a17-e362b772df82-CloseContainerThread-2"  prio=5 tid=1434 in Object.wait()
java.lang.Thread.State: WAITING (on object monitor)
        at sun.misc.Unsafe.park(Native Method)
        at java.util.concurrent.locks.LockSupport.park(LockSupport.java:175)
        at java.util.concurrent.locks.AbstractQueuedSynchronizer$ConditionObject.await(AbstractQueuedSynchronizer.java:2039)
        at java.util.concurrent.LinkedBlockingQueue.take(LinkedBlockingQueue.java:442)
        at java.util.concurrent.ThreadPoolExecutor.getTask(ThreadPoolExecutor.java:1074)
        at java.util.concurrent.ThreadPoolExecutor.runWorker(ThreadPoolExecutor.java:1134)
        at java.util.concurrent.ThreadPoolExecutor$Worker.run(ThreadPoolExecutor.java:624)
        at java.lang.Thread.run(Thread.java:750)
"om1-MultipartUploadCleanupService#0" daemon prio=5 tid=154 timed_waiting
java.lang.Thread.State: TIMED_WAITING
        at sun.misc.Unsafe.park(Native Method)
        at java.util.concurrent.locks.LockSupport.parkNanos(LockSupport.java:215)
        at java.util.concurrent.locks.AbstractQueuedSynchronizer$ConditionObject.awaitNanos(AbstractQueuedSynchronizer.java:2078)
        at java.util.concurrent.ScheduledThreadPoolExecutor$DelayedWorkQueue.take(ScheduledThreadPoolExecutor.java:1093)
        at java.util.concurrent.ScheduledThreadPoolExecutor$DelayedWorkQueue.take(ScheduledThreadPoolExecutor.java:809)
        at java.util.concurrent.ThreadPoolExecutor.getTask(ThreadPoolExecutor.java:1074)
        at java.util.concurrent.ThreadPoolExecutor.runWorker(ThreadPoolExecutor.java:1134)
        at java.util.concurrent.ThreadPoolExecutor$Worker.run(ThreadPoolExecutor.java:624)
        at java.lang.Thread.run(Thread.java:750)
"om1-SstFilteringService#0" daemon prio=5 tid=152 timed_waiting
java.lang.Thread.State: TIMED_WAITING
        at sun.misc.Unsafe.park(Native Method)
        at java.util.concurrent.locks.LockSupport.parkNanos(LockSupport.java:215)
        at java.util.concurrent.locks.AbstractQueuedSynchronizer$ConditionObject.awaitNanos(AbstractQueuedSynchronizer.java:2078)
        at java.util.concurrent.ScheduledThreadPoolExecutor$DelayedWorkQueue.take(ScheduledThreadPoolExecutor.java:1093)
        at java.util.concurrent.ScheduledThreadPoolExecutor$DelayedWorkQueue.take(ScheduledThreadPoolExecutor.java:809)
        at java.util.concurrent.ThreadPoolExecutor.getTask(ThreadPoolExecutor.java:1074)
        at java.util.concurrent.ThreadPoolExecutor.runWorker(ThreadPoolExecutor.java:1134)
        at java.util.concurrent.ThreadPoolExecutor$Worker.run(ThreadPoolExecutor.java:624)
        at java.lang.Thread.run(Thread.java:750)
"qtp1495131145-223-acceptor-0@61f423b3-ServerConnector@29299f28{HTTP/1.1, (http/1.1)}{0.0.0.0:15018}" daemon prio=3 tid=223 runnable
java.lang.Thread.State: RUNNABLE
        at sun.nio.ch.ServerSocketChannelImpl.accept0(Native Method)
        at sun.nio.ch.ServerSocketChannelImpl.accept(ServerSocketChannelImpl.java:421)
        at sun.nio.ch.ServerSocketChannelImpl.accept(ServerSocketChannelImpl.java:249)
        at org.eclipse.jetty.server.ServerConnector.accept(ServerConnector.java:388)
        at org.eclipse.jetty.server.AbstractConnector$Acceptor.run(AbstractConnector.java:704)
        at org.eclipse.jetty.util.thread.QueuedThreadPool.runJob(QueuedThreadPool.java:883)
        at org.eclipse.jetty.util.thread.QueuedThreadPool$Runner.run(QueuedThreadPool.java:1034)
        at java.lang.Thread.run(Thread.java:750)
"Socket Reader #1 for port 15028"  prio=5 tid=261 runnable
java.lang.Thread.State: RUNNABLE
        at sun.nio.ch.EPollArrayWrapper.epollWait(Native Method)
        at sun.nio.ch.EPollArrayWrapper.poll(EPollArrayWrapper.java:269)
        at sun.nio.ch.EPollSelectorImpl.doSelect(EPollSelectorImpl.java:93)
        at sun.nio.ch.SelectorImpl.lockAndDoSelect(SelectorImpl.java:86)
        at sun.nio.ch.SelectorImpl.select(SelectorImpl.java:97)
        at sun.nio.ch.SelectorImpl.select(SelectorImpl.java:101)
        at org.apache.hadoop.ipc.Server$Listener$Reader.doRunLoop(Server.java:1346)
        at org.apache.hadoop.ipc.Server$Listener$Reader.run(Server.java:1325)
"f612f2cf-90dc-41dc-bf39-cf028d38c484-ChunkWriter-0-0" daemon prio=5 tid=597 in Object.wait()
java.lang.Thread.State: WAITING (on object monitor)
        at sun.misc.Unsafe.park(Native Method)
        at java.util.concurrent.locks.LockSupport.park(LockSupport.java:175)
        at java.util.concurrent.locks.AbstractQueuedSynchronizer$ConditionObject.await(AbstractQueuedSynchronizer.java:2039)
        at java.util.concurrent.LinkedBlockingDeque.takeFirst(LinkedBlockingDeque.java:492)
        at java.util.concurrent.LinkedBlockingDeque.take(LinkedBlockingDeque.java:680)
        at java.util.concurrent.ThreadPoolExecutor.getTask(ThreadPoolExecutor.java:1074)
        at java.util.concurrent.ThreadPoolExecutor.runWorker(ThreadPoolExecutor.java:1134)
        at java.util.concurrent.ThreadPoolExecutor$Worker.run(ThreadPoolExecutor.java:624)
        at java.lang.Thread.run(Thread.java:750)
"23554148-3e4d-431f-a73e-f2401dbff1d4-ChunkReader-4" daemon prio=5 tid=1468 in Object.wait()
java.lang.Thread.State: WAITING (on object monitor)
        at sun.misc.Unsafe.park(Native Method)
        at java.util.concurrent.locks.LockSupport.park(LockSupport.java:175)
        at java.util.concurrent.locks.AbstractQueuedSynchronizer$ConditionObject.await(AbstractQueuedSynchronizer.java:2039)
        at java.util.concurrent.LinkedBlockingQueue.take(LinkedBlockingQueue.java:442)
        at java.util.concurrent.ThreadPoolExecutor.getTask(ThreadPoolExecutor.java:1074)
        at java.util.concurrent.ThreadPoolExecutor.runWorker(ThreadPoolExecutor.java:1134)
        at java.util.concurrent.ThreadPoolExecutor$Worker.run(ThreadPoolExecutor.java:624)
        at java.lang.Thread.run(Thread.java:750)
"IPC Server handler 3 on default port 15004" daemon prio=5 tid=168 timed_waiting
java.lang.Thread.State: TIMED_WAITING
        at sun.misc.Unsafe.park(Native Method)
        at java.util.concurrent.locks.LockSupport.parkNanos(LockSupport.java:215)
        at java.util.concurrent.locks.AbstractQueuedSynchronizer$ConditionObject.awaitNanos(AbstractQueuedSynchronizer.java:2078)
        at java.util.concurrent.LinkedBlockingQueue.poll(LinkedBlockingQueue.java:467)
        at org.apache.hadoop.ipc.CallQueueManager.take(CallQueueManager.java:317)
        at org.apache.hadoop.ipc.Server$Handler.run(Server.java:3014)
"om1-SnapshotDeletingService#0" daemon prio=5 tid=153 timed_waiting
java.lang.Thread.State: TIMED_WAITING
        at sun.misc.Unsafe.park(Native Method)
        at java.util.concurrent.locks.LockSupport.parkNanos(LockSupport.java:215)
        at java.util.concurrent.locks.AbstractQueuedSynchronizer$ConditionObject.awaitNanos(AbstractQueuedSynchronizer.java:2078)
        at java.util.concurrent.ScheduledThreadPoolExecutor$DelayedWorkQueue.take(ScheduledThreadPoolExecutor.java:1093)
        at java.util.concurrent.ScheduledThreadPoolExecutor$DelayedWorkQueue.take(ScheduledThreadPoolExecutor.java:809)
        at java.util.concurrent.ThreadPoolExecutor.getTask(ThreadPoolExecutor.java:1074)
        at java.util.concurrent.ThreadPoolExecutor.runWorker(ThreadPoolExecutor.java:1134)
        at java.util.concurrent.ThreadPoolExecutor$Worker.run(ThreadPoolExecutor.java:624)
        at java.lang.Thread.run(Thread.java:750)
"94422c73-384a-4d9a-a15d-46d9f5b840aa-ChunkWriter-2-0" daemon prio=5 tid=443 in Object.wait()
java.lang.Thread.State: WAITING (on object monitor)
        at sun.misc.Unsafe.park(Native Method)
        at java.util.concurrent.locks.LockSupport.park(LockSupport.java:175)
        at java.util.concurrent.locks.AbstractQueuedSynchronizer$ConditionObject.await(AbstractQueuedSynchronizer.java:2039)
        at java.util.concurrent.LinkedBlockingDeque.takeFirst(LinkedBlockingDeque.java:492)
        at java.util.concurrent.LinkedBlockingDeque.take(LinkedBlockingDeque.java:680)
        at java.util.concurrent.ThreadPoolExecutor.getTask(ThreadPoolExecutor.java:1074)
        at java.util.concurrent.ThreadPoolExecutor.runWorker(ThreadPoolExecutor.java:1134)
        at java.util.concurrent.ThreadPoolExecutor$Worker.run(ThreadPoolExecutor.java:624)
        at java.lang.Thread.run(Thread.java:750)
"IPC Server idle connection scanner for port 15037" daemon prio=5 tid=291 timed_waiting
java.lang.Thread.State: TIMED_WAITING
        at java.lang.Object.wait(Native Method)
        at java.util.TimerThread.mainLoop(Timer.java:552)
        at java.util.TimerThread.run(Timer.java:505)
"StaleRecoveringContainerScrubbingService#6" daemon prio=5 tid=1334 in Object.wait()
java.lang.Thread.State: WAITING (on object monitor)
        at sun.misc.Unsafe.park(Native Method)
        at java.util.concurrent.locks.LockSupport.park(LockSupport.java:175)
        at java.util.concurrent.locks.AbstractQueuedSynchronizer$ConditionObject.await(AbstractQueuedSynchronizer.java:2039)
        at java.util.concurrent.ScheduledThreadPoolExecutor$DelayedWorkQueue.take(ScheduledThreadPoolExecutor.java:1088)
        at java.util.concurrent.ScheduledThreadPoolExecutor$DelayedWorkQueue.take(ScheduledThreadPoolExecutor.java:809)
        at java.util.concurrent.ThreadPoolExecutor.getTask(ThreadPoolExecutor.java:1074)
        at java.util.concurrent.ThreadPoolExecutor.runWorker(ThreadPoolExecutor.java:1134)
        at java.util.concurrent.ThreadPoolExecutor$Worker.run(ThreadPoolExecutor.java:624)
        at java.lang.Thread.run(Thread.java:750)
"f612f2cf-90dc-41dc-bf39-cf028d38c484-DatanodeReportManager-0" daemon prio=5 tid=413 timed_waiting
java.lang.Thread.State: TIMED_WAITING
        at sun.misc.Unsafe.park(Native Method)
        at java.util.concurrent.locks.LockSupport.parkNanos(LockSupport.java:215)
        at java.util.concurrent.locks.AbstractQueuedSynchronizer$ConditionObject.awaitNanos(AbstractQueuedSynchronizer.java:2078)
        at java.util.concurrent.ScheduledThreadPoolExecutor$DelayedWorkQueue.take(ScheduledThreadPoolExecutor.java:1093)
        at java.util.concurrent.ScheduledThreadPoolExecutor$DelayedWorkQueue.take(ScheduledThreadPoolExecutor.java:809)
        at java.util.concurrent.ThreadPoolExecutor.getTask(ThreadPoolExecutor.java:1074)
        at java.util.concurrent.ThreadPoolExecutor.runWorker(ThreadPoolExecutor.java:1134)
        at java.util.concurrent.ThreadPoolExecutor$Worker.run(ThreadPoolExecutor.java:624)
        at java.lang.Thread.run(Thread.java:750)
"qtp165147466-280" daemon prio=5 tid=280 runnable
java.lang.Thread.State: RUNNABLE
        at sun.nio.ch.EPollArrayWrapper.epollWait(Native Method)
        at sun.nio.ch.EPollArrayWrapper.poll(EPollArrayWrapper.java:269)
        at sun.nio.ch.EPollSelectorImpl.doSelect(EPollSelectorImpl.java:93)
        at sun.nio.ch.SelectorImpl.lockAndDoSelect(SelectorImpl.java:86)
        at sun.nio.ch.SelectorImpl.select(SelectorImpl.java:97)
        at sun.nio.ch.SelectorImpl.select(SelectorImpl.java:101)
        at org.eclipse.jetty.io.ManagedSelector.nioSelect(ManagedSelector.java:183)
        at org.eclipse.jetty.io.ManagedSelector.select(ManagedSelector.java:190)
        at org.eclipse.jetty.io.ManagedSelector$SelectorProducer.select(ManagedSelector.java:606)
        at org.eclipse.jetty.io.ManagedSelector$SelectorProducer.produce(ManagedSelector.java:543)
        at org.eclipse.jetty.util.thread.strategy.EatWhatYouKill.produceTask(EatWhatYouKill.java:362)
        at org.eclipse.jetty.util.thread.strategy.EatWhatYouKill.doProduce(EatWhatYouKill.java:186)
        at org.eclipse.jetty.util.thread.strategy.EatWhatYouKill.tryProduce(EatWhatYouKill.java:173)
        at org.eclipse.jetty.util.thread.strategy.EatWhatYouKill.produce(EatWhatYouKill.java:137)
        at org.eclipse.jetty.io.ManagedSelector$$Lambda$519/294435622.run(Unknown Source)
        at org.eclipse.jetty.util.thread.QueuedThreadPool.runJob(QueuedThreadPool.java:883)
        at org.eclipse.jetty.util.thread.QueuedThreadPool$Runner.run(QueuedThreadPool.java:1034)
        at java.lang.Thread.run(Thread.java:750)
"grpc-default-worker-ELG-3-1" daemon prio=5 tid=649 runnable
java.lang.Thread.State: RUNNABLE
        at org.apache.ratis.thirdparty.io.netty.channel.epoll.Native.epollWait0(Native Method)
        at org.apache.ratis.thirdparty.io.netty.channel.epoll.Native.epollWait(Native.java:182)
        at org.apache.ratis.thirdparty.io.netty.channel.epoll.EpollEventLoop.epollWait(EpollEventLoop.java:302)
        at org.apache.ratis.thirdparty.io.netty.channel.epoll.EpollEventLoop.run(EpollEventLoop.java:366)
        at org.apache.ratis.thirdparty.io.netty.util.concurrent.SingleThreadEventExecutor$4.run(SingleThreadEventExecutor.java:997)
        at org.apache.ratis.thirdparty.io.netty.util.internal.ThreadExecutorMap$2.run(ThreadExecutorMap.java:74)
        at org.apache.ratis.thirdparty.io.netty.util.concurrent.FastThreadLocalRunnable.run(FastThreadLocalRunnable.java:30)
        at java.lang.Thread.run(Thread.java:750)
"pool-67-thread-1"  prio=5 tid=155 timed_waiting
java.lang.Thread.State: TIMED_WAITING
        at sun.misc.Unsafe.park(Native Method)
        at java.util.concurrent.locks.LockSupport.parkNanos(LockSupport.java:215)
        at java.util.concurrent.locks.AbstractQueuedSynchronizer$ConditionObject.awaitNanos(AbstractQueuedSynchronizer.java:2078)
        at java.util.concurrent.ScheduledThreadPoolExecutor$DelayedWorkQueue.take(ScheduledThreadPoolExecutor.java:1093)
        at java.util.concurrent.ScheduledThreadPoolExecutor$DelayedWorkQueue.take(ScheduledThreadPoolExecutor.java:809)
        at java.util.concurrent.ThreadPoolExecutor.getTask(ThreadPoolExecutor.java:1074)
        at java.util.concurrent.ThreadPoolExecutor.runWorker(ThreadPoolExecutor.java:1134)
        at java.util.concurrent.ThreadPoolExecutor$Worker.run(ThreadPoolExecutor.java:624)
        at java.lang.Thread.run(Thread.java:750)
"IPC Server handler 6 on default port 15000" daemon prio=5 tid=57 timed_waiting
java.lang.Thread.State: TIMED_WAITING
        at sun.misc.Unsafe.park(Native Method)
        at java.util.concurrent.locks.LockSupport.parkNanos(LockSupport.java:215)
        at java.util.concurrent.locks.AbstractQueuedSynchronizer$ConditionObject.awaitNanos(AbstractQueuedSynchronizer.java:2078)
        at java.util.concurrent.LinkedBlockingQueue.poll(LinkedBlockingQueue.java:467)
        at org.apache.hadoop.ipc.CallQueueManager.take(CallQueueManager.java:317)
        at org.apache.hadoop.ipc.Server$Handler.run(Server.java:3014)
"23554148-3e4d-431f-a73e-f2401dbff1d4-DatanodeReportManager-2" daemon prio=5 tid=356 timed_waiting
java.lang.Thread.State: TIMED_WAITING
        at sun.misc.Unsafe.park(Native Method)
        at java.util.concurrent.locks.LockSupport.parkNanos(LockSupport.java:215)
        at java.util.concurrent.locks.AbstractQueuedSynchronizer$ConditionObject.awaitNanos(AbstractQueuedSynchronizer.java:2078)
        at java.util.concurrent.ScheduledThreadPoolExecutor$DelayedWorkQueue.take(ScheduledThreadPoolExecutor.java:1093)
        at java.util.concurrent.ScheduledThreadPoolExecutor$DelayedWorkQueue.take(ScheduledThreadPoolExecutor.java:809)
        at java.util.concurrent.ThreadPoolExecutor.getTask(ThreadPoolExecutor.java:1074)
        at java.util.concurrent.ThreadPoolExecutor.runWorker(ThreadPoolExecutor.java:1134)
        at java.util.concurrent.ThreadPoolExecutor$Worker.run(ThreadPoolExecutor.java:624)
        at java.lang.Thread.run(Thread.java:750)
"IPC Server handler 0 on default port 15002" daemon prio=5 tid=91 timed_waiting
java.lang.Thread.State: TIMED_WAITING
        at sun.misc.Unsafe.park(Native Method)
        at java.util.concurrent.locks.LockSupport.parkNanos(LockSupport.java:215)
        at java.util.concurrent.locks.AbstractQueuedSynchronizer$ConditionObject.awaitNanos(AbstractQueuedSynchronizer.java:2078)
        at java.util.concurrent.LinkedBlockingQueue.poll(LinkedBlockingQueue.java:467)
        at org.apache.hadoop.ipc.CallQueueManager.take(CallQueueManager.java:317)
        at org.apache.hadoop.ipc.Server$Handler.run(Server.java:3014)
"1407d0d1-39ba-4bc0-b697-1e16e43cd838-ChunkReader-2" daemon prio=5 tid=1360 in Object.wait()
java.lang.Thread.State: WAITING (on object monitor)
        at sun.misc.Unsafe.park(Native Method)
        at java.util.concurrent.locks.LockSupport.park(LockSupport.java:175)
        at java.util.concurrent.locks.AbstractQueuedSynchronizer$ConditionObject.await(AbstractQueuedSynchronizer.java:2039)
        at java.util.concurrent.LinkedBlockingQueue.take(LinkedBlockingQueue.java:442)
        at java.util.concurrent.ThreadPoolExecutor.getTask(ThreadPoolExecutor.java:1074)
        at java.util.concurrent.ThreadPoolExecutor.runWorker(ThreadPoolExecutor.java:1134)
        at java.util.concurrent.ThreadPoolExecutor$Worker.run(ThreadPoolExecutor.java:624)
        at java.lang.Thread.run(Thread.java:750)
"StaleRecoveringContainerScrubbingService#7" daemon prio=5 tid=1437 in Object.wait()
java.lang.Thread.State: WAITING (on object monitor)
        at sun.misc.Unsafe.park(Native Method)
        at java.util.concurrent.locks.LockSupport.park(LockSupport.java:175)
        at java.util.concurrent.locks.AbstractQueuedSynchronizer$ConditionObject.await(AbstractQueuedSynchronizer.java:2039)
        at java.util.concurrent.ScheduledThreadPoolExecutor$DelayedWorkQueue.take(ScheduledThreadPoolExecutor.java:1088)
        at java.util.concurrent.ScheduledThreadPoolExecutor$DelayedWorkQueue.take(ScheduledThreadPoolExecutor.java:809)
        at java.util.concurrent.ThreadPoolExecutor.getTask(ThreadPoolExecutor.java:1074)
        at java.util.concurrent.ThreadPoolExecutor.runWorker(ThreadPoolExecutor.java:1134)
        at java.util.concurrent.ThreadPoolExecutor$Worker.run(ThreadPoolExecutor.java:624)
        at java.lang.Thread.run(Thread.java:750)
"66ee3698-ded8-430f-8ecd-27f356af6e45-DatanodeReportManager-2" daemon prio=5 tid=269 timed_waiting
java.lang.Thread.State: TIMED_WAITING
        at sun.misc.Unsafe.park(Native Method)
        at java.util.concurrent.locks.LockSupport.parkNanos(LockSupport.java:215)
        at java.util.concurrent.locks.AbstractQueuedSynchronizer$ConditionObject.awaitNanos(AbstractQueuedSynchronizer.java:2078)
        at java.util.concurrent.ScheduledThreadPoolExecutor$DelayedWorkQueue.take(ScheduledThreadPoolExecutor.java:1093)
        at java.util.concurrent.ScheduledThreadPoolExecutor$DelayedWorkQueue.take(ScheduledThreadPoolExecutor.java:809)
        at java.util.concurrent.ThreadPoolExecutor.getTask(ThreadPoolExecutor.java:1074)
        at java.util.concurrent.ThreadPoolExecutor.runWorker(ThreadPoolExecutor.java:1134)
        at java.util.concurrent.ThreadPoolExecutor$Worker.run(ThreadPoolExecutor.java:624)
        at java.lang.Thread.run(Thread.java:750)
"IPC Server handler 0 on default port 15082" daemon prio=5 tid=1176 timed_waiting
java.lang.Thread.State: TIMED_WAITING
        at sun.misc.Unsafe.park(Native Method)
        at java.util.concurrent.locks.LockSupport.parkNanos(LockSupport.java:215)
        at java.util.concurrent.locks.AbstractQueuedSynchronizer$ConditionObject.awaitNanos(AbstractQueuedSynchronizer.java:2078)
        at java.util.concurrent.LinkedBlockingQueue.poll(LinkedBlockingQueue.java:467)
        at org.apache.hadoop.ipc.CallQueueManager.take(CallQueueManager.java:317)
        at org.apache.hadoop.ipc.Server$Handler.run(Server.java:3014)
"66ee3698-ded8-430f-8ecd-27f356af6e45@group-BA38D2037C1A-LeaderStateImpl" daemon prio=5 tid=885 timed_waiting
java.lang.Thread.State: TIMED_WAITING
        at sun.misc.Unsafe.park(Native Method)
        at java.util.concurrent.locks.LockSupport.parkNanos(LockSupport.java:215)
        at java.util.concurrent.locks.AbstractQueuedSynchronizer$ConditionObject.awaitNanos(AbstractQueuedSynchronizer.java:2078)
        at java.util.concurrent.ArrayBlockingQueue.poll(ArrayBlockingQueue.java:418)
        at org.apache.ratis.server.impl.LeaderStateImpl$EventQueue.poll(LeaderStateImpl.java:164)
        at org.apache.ratis.server.impl.LeaderStateImpl$EventProcessor.run(LeaderStateImpl.java:702)
"qtp1885129157-490" daemon prio=5 tid=490 timed_waiting
java.lang.Thread.State: TIMED_WAITING
        at sun.misc.Unsafe.park(Native Method)
        at java.util.concurrent.locks.LockSupport.parkNanos(LockSupport.java:215)
        at java.util.concurrent.locks.AbstractQueuedSynchronizer$ConditionObject.awaitNanos(AbstractQueuedSynchronizer.java:2078)
        at org.eclipse.jetty.util.BlockingArrayQueue.poll(BlockingArrayQueue.java:382)
        at org.eclipse.jetty.util.thread.QueuedThreadPool$Runner.idleJobPoll(QueuedThreadPool.java:974)
        at org.eclipse.jetty.util.thread.QueuedThreadPool$Runner.run(QueuedThreadPool.java:1018)
        at java.lang.Thread.run(Thread.java:750)
"f612f2cf-90dc-41dc-bf39-cf028d38c484-ChunkReader-2" daemon prio=5 tid=1049 in Object.wait()
java.lang.Thread.State: WAITING (on object monitor)
        at sun.misc.Unsafe.park(Native Method)
        at java.util.concurrent.locks.LockSupport.park(LockSupport.java:175)
        at java.util.concurrent.locks.AbstractQueuedSynchronizer$ConditionObject.await(AbstractQueuedSynchronizer.java:2039)
        at java.util.concurrent.LinkedBlockingQueue.take(LinkedBlockingQueue.java:442)
        at java.util.concurrent.ThreadPoolExecutor.getTask(ThreadPoolExecutor.java:1074)
        at java.util.concurrent.ThreadPoolExecutor.runWorker(ThreadPoolExecutor.java:1134)
        at java.util.concurrent.ThreadPoolExecutor$Worker.run(ThreadPoolExecutor.java:624)
        at java.lang.Thread.run(Thread.java:750)
"1407d0d1-39ba-4bc0-b697-1e16e43cd838-DatanodeStateMachineTaskThread-1"  prio=5 tid=536 in Object.wait()
java.lang.Thread.State: WAITING (on object monitor)
        at sun.misc.Unsafe.park(Native Method)
        at java.util.concurrent.locks.LockSupport.park(LockSupport.java:175)
        at java.util.concurrent.locks.AbstractQueuedSynchronizer$ConditionObject.await(AbstractQueuedSynchronizer.java:2039)
        at java.util.concurrent.LinkedBlockingQueue.take(LinkedBlockingQueue.java:442)
        at java.util.concurrent.ThreadPoolExecutor.getTask(ThreadPoolExecutor.java:1074)
        at java.util.concurrent.ThreadPoolExecutor.runWorker(ThreadPoolExecutor.java:1134)
        at java.util.concurrent.ThreadPoolExecutor$Worker.run(ThreadPoolExecutor.java:624)
        at java.lang.Thread.run(Thread.java:750)
"IPC Server handler 0 on default port 15037" daemon prio=5 tid=294 timed_waiting
java.lang.Thread.State: TIMED_WAITING
        at sun.misc.Unsafe.park(Native Method)
        at java.util.concurrent.locks.LockSupport.parkNanos(LockSupport.java:215)
        at java.util.concurrent.locks.AbstractQueuedSynchronizer$ConditionObject.awaitNanos(AbstractQueuedSynchronizer.java:2078)
        at java.util.concurrent.LinkedBlockingQueue.poll(LinkedBlockingQueue.java:467)
        at org.apache.hadoop.ipc.CallQueueManager.take(CallQueueManager.java:317)
        at org.apache.hadoop.ipc.Server$Handler.run(Server.java:3014)
"55507c8a-594d-4e25-909f-8d2832294c55-DeleteContainerThread-0"  prio=5 tid=1341 in Object.wait()
java.lang.Thread.State: WAITING (on object monitor)
        at sun.misc.Unsafe.park(Native Method)
        at java.util.concurrent.locks.LockSupport.park(LockSupport.java:175)
        at java.util.concurrent.locks.AbstractQueuedSynchronizer$ConditionObject.await(AbstractQueuedSynchronizer.java:2039)
        at java.util.concurrent.LinkedBlockingQueue.take(LinkedBlockingQueue.java:442)
        at java.util.concurrent.ThreadPoolExecutor.getTask(ThreadPoolExecutor.java:1074)
        at java.util.concurrent.ThreadPoolExecutor.runWorker(ThreadPoolExecutor.java:1134)
        at java.util.concurrent.ThreadPoolExecutor$Worker.run(ThreadPoolExecutor.java:624)
        at java.lang.Thread.run(Thread.java:750)
"Socket Reader #1 for port 15002"  prio=5 tid=26 runnable
java.lang.Thread.State: RUNNABLE
        at sun.nio.ch.EPollArrayWrapper.epollWait(Native Method)
        at sun.nio.ch.EPollArrayWrapper.poll(EPollArrayWrapper.java:269)
        at sun.nio.ch.EPollSelectorImpl.doSelect(EPollSelectorImpl.java:93)
        at sun.nio.ch.SelectorImpl.lockAndDoSelect(SelectorImpl.java:86)
        at sun.nio.ch.SelectorImpl.select(SelectorImpl.java:97)
        at sun.nio.ch.SelectorImpl.select(SelectorImpl.java:101)
        at org.apache.hadoop.ipc.Server$Listener$Reader.doRunLoop(Server.java:1346)
        at org.apache.hadoop.ipc.Server$Listener$Reader.run(Server.java:1325)
"qtp623734438-157-acceptor-0@6cdabf3d-ServerConnector@79df41a7{HTTP/1.1, (http/1.1)}{0.0.0.0:15005}" daemon prio=3 tid=157 runnable
java.lang.Thread.State: RUNNABLE
        at sun.nio.ch.ServerSocketChannelImpl.accept0(Native Method)
        at sun.nio.ch.ServerSocketChannelImpl.accept(ServerSocketChannelImpl.java:421)
        at sun.nio.ch.ServerSocketChannelImpl.accept(ServerSocketChannelImpl.java:249)
        at org.eclipse.jetty.server.ServerConnector.accept(ServerConnector.java:388)
        at org.eclipse.jetty.server.AbstractConnector$Acceptor.run(AbstractConnector.java:704)
        at org.eclipse.jetty.util.thread.QueuedThreadPool.runJob(QueuedThreadPool.java:883)
        at org.eclipse.jetty.util.thread.QueuedThreadPool$Runner.run(QueuedThreadPool.java:1034)
        at java.lang.Thread.run(Thread.java:750)
"23554148-3e4d-431f-a73e-f2401dbff1d4-server-thread2" daemon prio=5 tid=1019 timed_waiting
java.lang.Thread.State: TIMED_WAITING
        at sun.misc.Unsafe.park(Native Method)
        at java.util.concurrent.locks.LockSupport.parkNanos(LockSupport.java:215)
        at java.util.concurrent.SynchronousQueue$TransferStack.awaitFulfill(SynchronousQueue.java:460)
        at java.util.concurrent.SynchronousQueue$TransferStack.transfer(SynchronousQueue.java:362)
        at java.util.concurrent.SynchronousQueue.poll(SynchronousQueue.java:941)
        at java.util.concurrent.ThreadPoolExecutor.getTask(ThreadPoolExecutor.java:1073)
        at java.util.concurrent.ThreadPoolExecutor.runWorker(ThreadPoolExecutor.java:1134)
        at java.util.concurrent.ThreadPoolExecutor$Worker.run(ThreadPoolExecutor.java:624)
        at java.lang.Thread.run(Thread.java:750)
"5b9beb6f-d596-489f-8a17-e362b772df82-PipelineCommandHandlerThread-0"  prio=5 tid=756 in Object.wait()
java.lang.Thread.State: WAITING (on object monitor)
        at sun.misc.Unsafe.park(Native Method)
        at java.util.concurrent.locks.LockSupport.park(LockSupport.java:175)
        at java.util.concurrent.locks.AbstractQueuedSynchronizer$ConditionObject.await(AbstractQueuedSynchronizer.java:2039)
        at java.util.concurrent.LinkedBlockingQueue.take(LinkedBlockingQueue.java:442)
        at java.util.concurrent.ThreadPoolExecutor.getTask(ThreadPoolExecutor.java:1074)
        at java.util.concurrent.ThreadPoolExecutor.runWorker(ThreadPoolExecutor.java:1134)
        at java.util.concurrent.ThreadPoolExecutor$Worker.run(ThreadPoolExecutor.java:624)
        at java.lang.Thread.run(Thread.java:750)
"55507c8a-594d-4e25-909f-8d2832294c55-NettyServerStreamRpc-bossGroup--thread1"  prio=5 tid=1157 runnable
java.lang.Thread.State: RUNNABLE
        at sun.nio.ch.EPollArrayWrapper.epollWait(Native Method)
        at sun.nio.ch.EPollArrayWrapper.poll(EPollArrayWrapper.java:269)
        at sun.nio.ch.EPollSelectorImpl.doSelect(EPollSelectorImpl.java:93)
        at sun.nio.ch.SelectorImpl.lockAndDoSelect(SelectorImpl.java:86)
        at sun.nio.ch.SelectorImpl.select(SelectorImpl.java:97)
        at sun.nio.ch.SelectorImpl.select(SelectorImpl.java:101)
        at org.apache.ratis.thirdparty.io.netty.channel.nio.SelectedSelectionKeySetSelector.select(SelectedSelectionKeySetSelector.java:68)
        at org.apache.ratis.thirdparty.io.netty.channel.nio.NioEventLoop.select(NioEventLoop.java:879)
        at org.apache.ratis.thirdparty.io.netty.channel.nio.NioEventLoop.run(NioEventLoop.java:526)
        at org.apache.ratis.thirdparty.io.netty.util.concurrent.SingleThreadEventExecutor$4.run(SingleThreadEventExecutor.java:997)
        at org.apache.ratis.thirdparty.io.netty.util.internal.ThreadExecutorMap$2.run(ThreadExecutorMap.java:74)
        at java.lang.Thread.run(Thread.java:750)
"StaleRecoveringContainerScrubbingService#2" daemon prio=5 tid=874 timed_waiting
java.lang.Thread.State: TIMED_WAITING
        at sun.misc.Unsafe.park(Native Method)
        at java.util.concurrent.locks.LockSupport.parkNanos(LockSupport.java:215)
        at java.util.concurrent.locks.AbstractQueuedSynchronizer$ConditionObject.awaitNanos(AbstractQueuedSynchronizer.java:2078)
        at java.util.concurrent.ScheduledThreadPoolExecutor$DelayedWorkQueue.take(ScheduledThreadPoolExecutor.java:1093)
        at java.util.concurrent.ScheduledThreadPoolExecutor$DelayedWorkQueue.take(ScheduledThreadPoolExecutor.java:809)
        at java.util.concurrent.ThreadPoolExecutor.getTask(ThreadPoolExecutor.java:1074)
        at java.util.concurrent.ThreadPoolExecutor.runWorker(ThreadPoolExecutor.java:1134)
        at java.util.concurrent.ThreadPoolExecutor$Worker.run(ThreadPoolExecutor.java:624)
        at java.lang.Thread.run(Thread.java:750)
"94422c73-384a-4d9a-a15d-46d9f5b840aa-ChunkWriter-0-0" daemon prio=5 tid=441 in Object.wait()
java.lang.Thread.State: WAITING (on object monitor)
        at sun.misc.Unsafe.park(Native Method)
        at java.util.concurrent.locks.LockSupport.park(LockSupport.java:175)
        at java.util.concurrent.locks.AbstractQueuedSynchronizer$ConditionObject.await(AbstractQueuedSynchronizer.java:2039)
        at java.util.concurrent.LinkedBlockingDeque.takeFirst(LinkedBlockingDeque.java:492)
        at java.util.concurrent.LinkedBlockingDeque.take(LinkedBlockingDeque.java:680)
        at java.util.concurrent.ThreadPoolExecutor.getTask(ThreadPoolExecutor.java:1074)
        at java.util.concurrent.ThreadPoolExecutor.runWorker(ThreadPoolExecutor.java:1134)
        at java.util.concurrent.ThreadPoolExecutor$Worker.run(ThreadPoolExecutor.java:624)
        at java.lang.Thread.run(Thread.java:750)
"StaleRecoveringContainerScrubbingService#2" daemon prio=5 tid=909 in Object.wait()
java.lang.Thread.State: WAITING (on object monitor)
        at sun.misc.Unsafe.park(Native Method)
        at java.util.concurrent.locks.LockSupport.park(LockSupport.java:175)
        at java.util.concurrent.locks.AbstractQueuedSynchronizer$ConditionObject.await(AbstractQueuedSynchronizer.java:2039)
        at java.util.concurrent.ScheduledThreadPoolExecutor$DelayedWorkQueue.take(ScheduledThreadPoolExecutor.java:1088)
        at java.util.concurrent.ScheduledThreadPoolExecutor$DelayedWorkQueue.take(ScheduledThreadPoolExecutor.java:809)
        at java.util.concurrent.ThreadPoolExecutor.getTask(ThreadPoolExecutor.java:1074)
        at java.util.concurrent.ThreadPoolExecutor.runWorker(ThreadPoolExecutor.java:1134)
        at java.util.concurrent.ThreadPoolExecutor$Worker.run(ThreadPoolExecutor.java:624)
        at java.lang.Thread.run(Thread.java:750)
"IPC Server idle connection scanner for port 15001" daemon prio=5 tid=32 timed_waiting
java.lang.Thread.State: TIMED_WAITING
        at java.lang.Object.wait(Native Method)
        at java.util.TimerThread.mainLoop(Timer.java:552)
        at java.util.TimerThread.run(Timer.java:505)
"surefire-forkedjvm-command-thread" daemon prio=5 tid=10 runnable
java.lang.Thread.State: RUNNABLE
        at java.io.FileInputStream.readBytes(Native Method)
        at java.io.FileInputStream.read(FileInputStream.java:255)
        at java.io.BufferedInputStream.read1(BufferedInputStream.java:284)
        at java.io.BufferedInputStream.read(BufferedInputStream.java:345)
        at java.io.BufferedInputStream.fill(BufferedInputStream.java:246)
        at java.io.BufferedInputStream.read1(BufferedInputStream.java:286)
        at java.io.BufferedInputStream.read(BufferedInputStream.java:345)
        at org.apache.maven.surefire.api.util.internal.Channels$3.readImpl(Channels.java:214)
        at org.apache.maven.surefire.api.util.internal.AbstractNoninterruptibleReadableChannel.read(AbstractNoninterruptibleReadableChannel.java:54)
        at org.apache.maven.surefire.booter.spi.LegacyMasterProcessChannelDecoder.decode(LegacyMasterProcessChannelDecoder.java:80)
        at org.apache.maven.surefire.booter.CommandReader$CommandRunnable.run(CommandReader.java:343)
        at java.lang.Thread.run(Thread.java:750)
"IPC Server handler 13 on default port 15001" daemon prio=5 tid=84 timed_waiting
java.lang.Thread.State: TIMED_WAITING
        at sun.misc.Unsafe.park(Native Method)
        at java.util.concurrent.locks.LockSupport.parkNanos(LockSupport.java:215)
        at java.util.concurrent.locks.AbstractQueuedSynchronizer$ConditionObject.awaitNanos(AbstractQueuedSynchronizer.java:2078)
        at java.util.concurrent.LinkedBlockingQueue.poll(LinkedBlockingQueue.java:467)
        at org.apache.hadoop.ipc.CallQueueManager.take(CallQueueManager.java:317)
        at org.apache.hadoop.ipc.Server$Handler.run(Server.java:3014)
"1407d0d1-39ba-4bc0-b697-1e16e43cd838@group-5A0C10638F91-FollowerState" daemon prio=5 tid=919 timed_waiting
java.lang.Thread.State: TIMED_WAITING
        at java.lang.Thread.sleep(Native Method)
        at java.lang.Thread.sleep(Thread.java:342)
        at java.util.concurrent.TimeUnit.sleep(TimeUnit.java:386)
        at org.apache.ratis.util.TimeDuration.sleep(TimeDuration.java:325)
        at org.apache.ratis.util.TimeDuration.sleep(TimeDuration.java:310)
        at org.apache.ratis.server.impl.FollowerState.run(FollowerState.java:128)
"0ef615e1-91db-4ede-b924-53e2d320f02d-NettyServerStreamRpc-bossGroup--thread1"  prio=5 tid=218 runnable
java.lang.Thread.State: RUNNABLE
        at sun.nio.ch.EPollArrayWrapper.epollWait(Native Method)
        at sun.nio.ch.EPollArrayWrapper.poll(EPollArrayWrapper.java:269)
        at sun.nio.ch.EPollSelectorImpl.doSelect(EPollSelectorImpl.java:93)
        at sun.nio.ch.SelectorImpl.lockAndDoSelect(SelectorImpl.java:86)
        at sun.nio.ch.SelectorImpl.select(SelectorImpl.java:97)
        at sun.nio.ch.SelectorImpl.select(SelectorImpl.java:101)
        at org.apache.ratis.thirdparty.io.netty.channel.nio.SelectedSelectionKeySetSelector.select(SelectedSelectionKeySetSelector.java:68)
        at org.apache.ratis.thirdparty.io.netty.channel.nio.NioEventLoop.select(NioEventLoop.java:879)
        at org.apache.ratis.thirdparty.io.netty.channel.nio.NioEventLoop.run(NioEventLoop.java:526)
        at org.apache.ratis.thirdparty.io.netty.util.concurrent.SingleThreadEventExecutor$4.run(SingleThreadEventExecutor.java:997)
        at org.apache.ratis.thirdparty.io.netty.util.internal.ThreadExecutorMap$2.run(ThreadExecutorMap.java:74)
        at java.lang.Thread.run(Thread.java:750)
"3fb99649-c87f-4cc9-b3d9-f5c572ff189c-ChunkReader-3" daemon prio=5 tid=1132 in Object.wait()
java.lang.Thread.State: WAITING (on object monitor)
        at sun.misc.Unsafe.park(Native Method)
        at java.util.concurrent.locks.LockSupport.park(LockSupport.java:175)
        at java.util.concurrent.locks.AbstractQueuedSynchronizer$ConditionObject.await(AbstractQueuedSynchronizer.java:2039)
        at java.util.concurrent.LinkedBlockingQueue.take(LinkedBlockingQueue.java:442)
        at java.util.concurrent.ThreadPoolExecutor.getTask(ThreadPoolExecutor.java:1074)
        at java.util.concurrent.ThreadPoolExecutor.runWorker(ThreadPoolExecutor.java:1134)
        at java.util.concurrent.ThreadPoolExecutor$Worker.run(ThreadPoolExecutor.java:624)
        at java.lang.Thread.run(Thread.java:750)
"3fb99649-c87f-4cc9-b3d9-f5c572ff189c-DatanodeStateMachineTaskThread-1"  prio=5 tid=524 in Object.wait()
java.lang.Thread.State: WAITING (on object monitor)
        at sun.misc.Unsafe.park(Native Method)
        at java.util.concurrent.locks.LockSupport.park(LockSupport.java:175)
        at java.util.concurrent.locks.AbstractQueuedSynchronizer$ConditionObject.await(AbstractQueuedSynchronizer.java:2039)
        at java.util.concurrent.LinkedBlockingQueue.take(LinkedBlockingQueue.java:442)
        at java.util.concurrent.ThreadPoolExecutor.getTask(ThreadPoolExecutor.java:1074)
        at java.util.concurrent.ThreadPoolExecutor.runWorker(ThreadPoolExecutor.java:1134)
        at java.util.concurrent.ThreadPoolExecutor$Worker.run(ThreadPoolExecutor.java:624)
        at java.lang.Thread.run(Thread.java:750)
"IPC Server handler 5 on default port 15001" daemon prio=5 tid=76 timed_waiting
java.lang.Thread.State: TIMED_WAITING
        at sun.misc.Unsafe.park(Native Method)
        at java.util.concurrent.locks.LockSupport.parkNanos(LockSupport.java:215)
        at java.util.concurrent.locks.AbstractQueuedSynchronizer$ConditionObject.awaitNanos(AbstractQueuedSynchronizer.java:2078)
        at java.util.concurrent.LinkedBlockingQueue.poll(LinkedBlockingQueue.java:467)
        at org.apache.hadoop.ipc.CallQueueManager.take(CallQueueManager.java:317)
        at org.apache.hadoop.ipc.Server$Handler.run(Server.java:3014)
"pool-35-thread-1"  prio=5 tid=114 timed_waiting
java.lang.Thread.State: TIMED_WAITING
        at sun.misc.Unsafe.park(Native Method)
        at java.util.concurrent.locks.LockSupport.parkNanos(LockSupport.java:215)
        at java.util.concurrent.locks.AbstractQueuedSynchronizer$ConditionObject.awaitNanos(AbstractQueuedSynchronizer.java:2078)
        at java.util.concurrent.ScheduledThreadPoolExecutor$DelayedWorkQueue.take(ScheduledThreadPoolExecutor.java:1093)
        at java.util.concurrent.ScheduledThreadPoolExecutor$DelayedWorkQueue.take(ScheduledThreadPoolExecutor.java:809)
        at java.util.concurrent.ThreadPoolExecutor.getTask(ThreadPoolExecutor.java:1074)
        at java.util.concurrent.ThreadPoolExecutor.runWorker(ThreadPoolExecutor.java:1134)
        at java.util.concurrent.ThreadPoolExecutor$Worker.run(ThreadPoolExecutor.java:624)
        at java.lang.Thread.run(Thread.java:750)
"94422c73-384a-4d9a-a15d-46d9f5b840aa-EndpointStateMachineTaskThread-/0.0.0.0:15002-0 "  prio=5 tid=420 in Object.wait()
java.lang.Thread.State: WAITING (on object monitor)
        at sun.misc.Unsafe.park(Native Method)
        at java.util.concurrent.locks.LockSupport.park(LockSupport.java:175)
        at java.util.concurrent.locks.AbstractQueuedSynchronizer$ConditionObject.await(AbstractQueuedSynchronizer.java:2039)
        at java.util.concurrent.LinkedBlockingQueue.take(LinkedBlockingQueue.java:442)
        at java.util.concurrent.ThreadPoolExecutor.getTask(ThreadPoolExecutor.java:1074)
        at java.util.concurrent.ThreadPoolExecutor.runWorker(ThreadPoolExecutor.java:1134)
        at java.util.concurrent.ThreadPoolExecutor$Worker.run(ThreadPoolExecutor.java:624)
        at java.lang.Thread.run(Thread.java:750)
"Hadoop-Metrics-Updater-0" daemon prio=5 tid=141 timed_waiting
java.lang.Thread.State: TIMED_WAITING
        at sun.misc.Unsafe.park(Native Method)
        at java.util.concurrent.locks.LockSupport.parkNanos(LockSupport.java:215)
        at java.util.concurrent.locks.AbstractQueuedSynchronizer$ConditionObject.awaitNanos(AbstractQueuedSynchronizer.java:2078)
        at java.util.concurrent.ScheduledThreadPoolExecutor$DelayedWorkQueue.take(ScheduledThreadPoolExecutor.java:1093)
        at java.util.concurrent.ScheduledThreadPoolExecutor$DelayedWorkQueue.take(ScheduledThreadPoolExecutor.java:809)
        at java.util.concurrent.ThreadPoolExecutor.getTask(ThreadPoolExecutor.java:1074)
        at java.util.concurrent.ThreadPoolExecutor.runWorker(ThreadPoolExecutor.java:1134)
        at java.util.concurrent.ThreadPoolExecutor$Worker.run(ThreadPoolExecutor.java:624)
        at java.lang.Thread.run(Thread.java:750)
"org.apache.hadoop.ozone.container.common.statemachine.commandhandler.DeleteBlocksCommandHandler$DeleteCmdWorker@379def3d" daemon prio=5 tid=220 timed_waiting
java.lang.Thread.State: TIMED_WAITING
        at java.lang.Thread.sleep(Native Method)
        at org.apache.hadoop.ozone.container.common.statemachine.commandhandler.DeleteBlocksCommandHandler$DeleteCmdWorker.run(DeleteBlocksCommandHandler.java:237)
        at java.lang.Thread.run(Thread.java:750)
"3fb99649-c87f-4cc9-b3d9-f5c572ff189c-PipelineCommandHandlerThread-0"  prio=5 tid=666 in Object.wait()
java.lang.Thread.State: WAITING (on object monitor)
        at sun.misc.Unsafe.park(Native Method)
        at java.util.concurrent.locks.LockSupport.park(LockSupport.java:175)
        at java.util.concurrent.locks.AbstractQueuedSynchronizer$ConditionObject.await(AbstractQueuedSynchronizer.java:2039)
        at java.util.concurrent.LinkedBlockingQueue.take(LinkedBlockingQueue.java:442)
        at java.util.concurrent.ThreadPoolExecutor.getTask(ThreadPoolExecutor.java:1074)
        at java.util.concurrent.ThreadPoolExecutor.runWorker(ThreadPoolExecutor.java:1134)
        at java.util.concurrent.ThreadPoolExecutor$Worker.run(ThreadPoolExecutor.java:624)
        at java.lang.Thread.run(Thread.java:750)
"Reference Handler" daemon prio=10 tid=2 in Object.wait()
java.lang.Thread.State: WAITING (on object monitor)
        at java.lang.Object.wait(Native Method)
        at java.lang.Object.wait(Object.java:502)
        at java.lang.ref.Reference.tryHandlePending(Reference.java:191)
        at java.lang.ref.Reference$ReferenceHandler.run(Reference.java:153)
"StaleRecoveringContainerScrubbingService#0" daemon prio=5 tid=521 timed_waiting
java.lang.Thread.State: TIMED_WAITING
        at sun.misc.Unsafe.park(Native Method)
        at java.util.concurrent.locks.LockSupport.parkNanos(LockSupport.java:215)
        at java.util.concurrent.locks.AbstractQueuedSynchronizer$ConditionObject.awaitNanos(AbstractQueuedSynchronizer.java:2078)
        at java.util.concurrent.ScheduledThreadPoolExecutor$DelayedWorkQueue.take(ScheduledThreadPoolExecutor.java:1093)
        at java.util.concurrent.ScheduledThreadPoolExecutor$DelayedWorkQueue.take(ScheduledThreadPoolExecutor.java:809)
        at java.util.concurrent.ThreadPoolExecutor.getTask(ThreadPoolExecutor.java:1074)
        at java.util.concurrent.ThreadPoolExecutor.runWorker(ThreadPoolExecutor.java:1134)
        at java.util.concurrent.ThreadPoolExecutor$Worker.run(ThreadPoolExecutor.java:624)
        at java.lang.Thread.run(Thread.java:750)
"3fb99649-c87f-4cc9-b3d9-f5c572ff189c-ChunkReader-0" daemon prio=5 tid=1032 in Object.wait()
java.lang.Thread.State: WAITING (on object monitor)
        at sun.misc.Unsafe.park(Native Method)
        at java.util.concurrent.locks.LockSupport.park(LockSupport.java:175)
        at java.util.concurrent.locks.AbstractQueuedSynchronizer$ConditionObject.await(AbstractQueuedSynchronizer.java:2039)
        at java.util.concurrent.LinkedBlockingQueue.take(LinkedBlockingQueue.java:442)
        at java.util.concurrent.ThreadPoolExecutor.getTask(ThreadPoolExecutor.java:1074)
        at java.util.concurrent.ThreadPoolExecutor.runWorker(ThreadPoolExecutor.java:1134)
        at java.util.concurrent.ThreadPoolExecutor$Worker.run(ThreadPoolExecutor.java:624)
        at java.lang.Thread.run(Thread.java:750)
"Session-HouseKeeper-74c6cb66-1"  prio=5 tid=201 timed_waiting
java.lang.Thread.State: TIMED_WAITING
        at sun.misc.Unsafe.park(Native Method)
        at java.util.concurrent.locks.LockSupport.parkNanos(LockSupport.java:215)
        at java.util.concurrent.locks.AbstractQueuedSynchronizer$ConditionObject.awaitNanos(AbstractQueuedSynchronizer.java:2078)
        at java.util.concurrent.ScheduledThreadPoolExecutor$DelayedWorkQueue.take(ScheduledThreadPoolExecutor.java:1093)
        at java.util.concurrent.ScheduledThreadPoolExecutor$DelayedWorkQueue.take(ScheduledThreadPoolExecutor.java:809)
        at java.util.concurrent.ThreadPoolExecutor.getTask(ThreadPoolExecutor.java:1074)
        at java.util.concurrent.ThreadPoolExecutor.runWorker(ThreadPoolExecutor.java:1134)
        at java.util.concurrent.ThreadPoolExecutor$Worker.run(ThreadPoolExecutor.java:624)
        at java.lang.Thread.run(Thread.java:750)
"IPC Server handler 4 on default port 15001" daemon prio=5 tid=75 timed_waiting
java.lang.Thread.State: TIMED_WAITING
        at sun.misc.Unsafe.park(Native Method)
        at java.util.concurrent.locks.LockSupport.parkNanos(LockSupport.java:215)
        at java.util.concurrent.locks.AbstractQueuedSynchronizer$ConditionObject.awaitNanos(AbstractQueuedSynchronizer.java:2078)
        at java.util.concurrent.LinkedBlockingQueue.poll(LinkedBlockingQueue.java:467)
        at org.apache.hadoop.ipc.CallQueueManager.take(CallQueueManager.java:317)
        at org.apache.hadoop.ipc.Server$Handler.run(Server.java:3014)
"StaleRecoveringContainerScrubbingService#7" daemon prio=5 tid=1450 in Object.wait()
java.lang.Thread.State: WAITING (on object monitor)
        at sun.misc.Unsafe.park(Native Method)
        at java.util.concurrent.locks.LockSupport.park(LockSupport.java:175)
        at java.util.concurrent.locks.AbstractQueuedSynchronizer$ConditionObject.await(AbstractQueuedSynchronizer.java:2039)
        at java.util.concurrent.ScheduledThreadPoolExecutor$DelayedWorkQueue.take(ScheduledThreadPoolExecutor.java:1088)
        at java.util.concurrent.ScheduledThreadPoolExecutor$DelayedWorkQueue.take(ScheduledThreadPoolExecutor.java:809)
        at java.util.concurrent.ThreadPoolExecutor.getTask(ThreadPoolExecutor.java:1074)
        at java.util.concurrent.ThreadPoolExecutor.runWorker(ThreadPoolExecutor.java:1134)
        at java.util.concurrent.ThreadPoolExecutor$Worker.run(ThreadPoolExecutor.java:624)
        at java.lang.Thread.run(Thread.java:750)
"0ef615e1-91db-4ede-b924-53e2d320f02d@group-1D3807242C29-StateMachineUpdater" daemon prio=5 tid=659 timed_waiting
java.lang.Thread.State: TIMED_WAITING
        at sun.misc.Unsafe.park(Native Method)
        at java.util.concurrent.locks.LockSupport.parkNanos(LockSupport.java:215)
        at java.util.concurrent.locks.AbstractQueuedSynchronizer$ConditionObject.await(AbstractQueuedSynchronizer.java:2163)
        at org.apache.ratis.util.AwaitForSignal.await(AwaitForSignal.java:62)
        at org.apache.ratis.server.impl.StateMachineUpdater.waitForCommit(StateMachineUpdater.java:209)
        at org.apache.ratis.server.impl.StateMachineUpdater.run(StateMachineUpdater.java:178)
        at java.lang.Thread.run(Thread.java:750)
"55507c8a-594d-4e25-909f-8d2832294c55-BlockDeletingService#1" daemon prio=5 tid=1209 in Object.wait()
java.lang.Thread.State: WAITING (on object monitor)
        at sun.misc.Unsafe.park(Native Method)
        at java.util.concurrent.locks.LockSupport.park(LockSupport.java:175)
        at java.util.concurrent.locks.AbstractQueuedSynchronizer$ConditionObject.await(AbstractQueuedSynchronizer.java:2039)
        at java.util.concurrent.ScheduledThreadPoolExecutor$DelayedWorkQueue.take(ScheduledThreadPoolExecutor.java:1088)
        at java.util.concurrent.ScheduledThreadPoolExecutor$DelayedWorkQueue.take(ScheduledThreadPoolExecutor.java:809)
        at java.util.concurrent.ThreadPoolExecutor.getTask(ThreadPoolExecutor.java:1074)
        at java.util.concurrent.ThreadPoolExecutor.runWorker(ThreadPoolExecutor.java:1134)
        at java.util.concurrent.ThreadPoolExecutor$Worker.run(ThreadPoolExecutor.java:624)
        at java.lang.Thread.run(Thread.java:750)
"23554148-3e4d-431f-a73e-f2401dbff1d4@group-F7793AD6C8D1-SegmentedRaftLogWorker"  prio=5 tid=682 timed_waiting
java.lang.Thread.State: TIMED_WAITING
        at sun.misc.Unsafe.park(Native Method)
        at java.util.concurrent.locks.LockSupport.parkNanos(LockSupport.java:215)
        at java.util.concurrent.locks.AbstractQueuedSynchronizer$ConditionObject.awaitNanos(AbstractQueuedSynchronizer.java:2078)
        at org.apache.ratis.util.DataBlockingQueue.poll(DataBlockingQueue.java:148)
        at org.apache.ratis.server.raftlog.segmented.SegmentedRaftLogWorker.run(SegmentedRaftLogWorker.java:307)
        at org.apache.ratis.server.raftlog.segmented.SegmentedRaftLogWorker$$Lambda$819/1928678273.run(Unknown Source)
        at java.util.concurrent.Executors$RunnableAdapter.call(Executors.java:511)
        at java.util.concurrent.FutureTask.run(FutureTask.java:266)
        at java.util.concurrent.ThreadPoolExecutor.runWorker(ThreadPoolExecutor.java:1149)
        at java.util.concurrent.ThreadPoolExecutor$Worker.run(ThreadPoolExecutor.java:624)
        at java.lang.Thread.run(Thread.java:750)
"JvmPauseMonitor0" daemon prio=5 tid=113 timed_waiting
java.lang.Thread.State: TIMED_WAITING
        at java.lang.Thread.sleep(Native Method)
        at java.lang.Thread.sleep(Thread.java:342)
        at java.util.concurrent.TimeUnit.sleep(TimeUnit.java:386)
        at org.apache.ratis.util.TimeDuration.sleep(TimeDuration.java:325)
        at org.apache.ratis.util.TimeDuration.sleep(TimeDuration.java:310)
        at org.apache.ratis.util.JvmPauseMonitor.detectPause(JvmPauseMonitor.java:117)
        at org.apache.ratis.util.JvmPauseMonitor.run(JvmPauseMonitor.java:106)
        at org.apache.ratis.util.JvmPauseMonitor$$Lambda$484/814583272.run(Unknown Source)
        at java.lang.Thread.run(Thread.java:750)
"qtp1603462635-122" daemon prio=5 tid=122 timed_waiting
java.lang.Thread.State: TIMED_WAITING
        at sun.misc.Unsafe.park(Native Method)
        at java.util.concurrent.locks.LockSupport.parkNanos(LockSupport.java:215)
        at java.util.concurrent.locks.AbstractQueuedSynchronizer$ConditionObject.awaitNanos(AbstractQueuedSynchronizer.java:2078)
        at org.eclipse.jetty.util.BlockingArrayQueue.poll(BlockingArrayQueue.java:382)
        at org.eclipse.jetty.util.thread.QueuedThreadPool$Runner.idleJobPoll(QueuedThreadPool.java:974)
        at org.eclipse.jetty.util.thread.QueuedThreadPool$Runner.run(QueuedThreadPool.java:1018)
        at java.lang.Thread.run(Thread.java:750)
"23554148-3e4d-431f-a73e-f2401dbff1d4-ChunkReader-ELG-0" daemon prio=5 tid=565 runnable
java.lang.Thread.State: RUNNABLE
        at org.apache.ratis.thirdparty.io.netty.channel.epoll.Native.epollWait0(Native Method)
        at org.apache.ratis.thirdparty.io.netty.channel.epoll.Native.epollWait(Native.java:182)
        at org.apache.ratis.thirdparty.io.netty.channel.epoll.EpollEventLoop.epollWait(EpollEventLoop.java:302)
        at org.apache.ratis.thirdparty.io.netty.channel.epoll.EpollEventLoop.run(EpollEventLoop.java:366)
        at org.apache.ratis.thirdparty.io.netty.util.concurrent.SingleThreadEventExecutor$4.run(SingleThreadEventExecutor.java:997)
        at org.apache.ratis.thirdparty.io.netty.util.internal.ThreadExecutorMap$2.run(ThreadExecutorMap.java:74)
        at java.lang.Thread.run(Thread.java:750)


	at org.apache.ozone.test.GenericTestUtils.waitFor(GenericTestUtils.java:231)
	at org.apache.hadoop.ozone.container.TestECContainerRecovery.testECContainerRecoveryWithTimedOutRecovery(TestECContainerRecovery.java:345)
	at sun.reflect.NativeMethodAccessorImpl.invoke0(Native Method)
	at sun.reflect.NativeMethodAccessorImpl.invoke(NativeMethodAccessorImpl.java:62)
	at sun.reflect.DelegatingMethodAccessorImpl.invoke(DelegatingMethodAccessorImpl.java:43)
	at java.lang.reflect.Method.invoke(Method.java:498)
	at org.junit.platform.commons.util.ReflectionUtils.invokeMethod(ReflectionUtils.java:725)
	at org.junit.jupiter.engine.execution.MethodInvocation.proceed(MethodInvocation.java:60)
	at org.junit.jupiter.engine.execution.InvocationInterceptorChain$ValidatingInvocation.proceed(InvocationInterceptorChain.java:131)
	at org.junit.jupiter.engine.extension.TimeoutExtension.intercept(TimeoutExtension.java:149)
	at org.junit.jupiter.engine.extension.TimeoutExtension.interceptTestableMethod(TimeoutExtension.java:140)
	at org.junit.jupiter.engine.extension.TimeoutExtension.interceptTestMethod(TimeoutExtension.java:84)
	at org.junit.jupiter.engine.execution.ExecutableInvoker$ReflectiveInterceptorCall.lambda$ofVoidMethod$0(ExecutableInvoker.java:115)
	at org.junit.jupiter.engine.execution.ExecutableInvoker.lambda$invoke$0(ExecutableInvoker.java:105)
	at org.junit.jupiter.engine.execution.InvocationInterceptorChain$InterceptedInvocation.proceed(InvocationInterceptorChain.java:106)
	at org.junit.jupiter.engine.execution.InvocationInterceptorChain.proceed(InvocationInterceptorChain.java:64)
	at org.junit.jupiter.engine.execution.InvocationInterceptorChain.chainAndInvoke(InvocationInterceptorChain.java:45)
	at org.junit.jupiter.engine.execution.InvocationInterceptorChain.invoke(InvocationInterceptorChain.java:37)
	at org.junit.jupiter.engine.execution.ExecutableInvoker.invoke(ExecutableInvoker.java:104)
	at org.junit.jupiter.engine.execution.ExecutableInvoker.invoke(ExecutableInvoker.java:98)
	at org.junit.jupiter.engine.descriptor.TestMethodTestDescriptor.lambda$invokeTestMethod$7(TestMethodTestDescriptor.java:214)
	at org.junit.platform.engine.support.hierarchical.ThrowableCollector.execute(ThrowableCollector.java:73)
	at org.junit.jupiter.engine.descriptor.TestMethodTestDescriptor.invokeTestMethod(TestMethodTestDescriptor.java:210)
	at org.junit.jupiter.engine.descriptor.TestMethodTestDescriptor.execute(TestMethodTestDescriptor.java:135)
	at org.junit.jupiter.engine.descriptor.TestMethodTestDescriptor.execute(TestMethodTestDescriptor.java:66)
	at org.junit.platform.engine.support.hierarchical.NodeTestTask.lambda$executeRecursively$6(NodeTestTask.java:151)
	at org.junit.platform.engine.support.hierarchical.ThrowableCollector.execute(ThrowableCollector.java:73)
	at org.junit.platform.engine.support.hierarchical.NodeTestTask.lambda$executeRecursively$8(NodeTestTask.java:141)
	at org.junit.platform.engine.support.hierarchical.Node.around(Node.java:137)
	at org.junit.platform.engine.support.hierarchical.NodeTestTask.lambda$executeRecursively$9(NodeTestTask.java:139)
	at org.junit.platform.engine.support.hierarchical.ThrowableCollector.execute(ThrowableCollector.java:73)
	at org.junit.platform.engine.support.hierarchical.NodeTestTask.executeRecursively(NodeTestTask.java:138)
	at org.junit.platform.engine.support.hierarchical.NodeTestTask.execute(NodeTestTask.java:95)
	at java.util.ArrayList.forEach(ArrayList.java:1259)
	at org.junit.platform.engine.support.hierarchical.SameThreadHierarchicalTestExecutorService.invokeAll(SameThreadHierarchicalTestExecutorService.java:41)
	at org.junit.platform.engine.support.hierarchical.NodeTestTask.lambda$executeRecursively$6(NodeTestTask.java:155)
	at org.junit.platform.engine.support.hierarchical.ThrowableCollector.execute(ThrowableCollector.java:73)
	at org.junit.platform.engine.support.hierarchical.NodeTestTask.lambda$executeRecursively$8(NodeTestTask.java:141)
	at org.junit.platform.engine.support.hierarchical.Node.around(Node.java:137)
	at org.junit.platform.engine.support.hierarchical.NodeTestTask.lambda$executeRecursively$9(NodeTestTask.java:139)
	at org.junit.platform.engine.support.hierarchical.ThrowableCollector.execute(ThrowableCollector.java:73)
	at org.junit.platform.engine.support.hierarchical.NodeTestTask.executeRecursively(NodeTestTask.java:138)
	at org.junit.platform.engine.support.hierarchical.NodeTestTask.execute(NodeTestTask.java:95)
	at java.util.ArrayList.forEach(ArrayList.java:1259)
	at org.junit.platform.engine.support.hierarchical.SameThreadHierarchicalTestExecutorService.invokeAll(SameThreadHierarchicalTestExecutorService.java:41)
	at org.junit.platform.engine.support.hierarchical.NodeTestTask.lambda$executeRecursively$6(NodeTestTask.java:155)
	at org.junit.platform.engine.support.hierarchical.ThrowableCollector.execute(ThrowableCollector.java:73)
	at org.junit.platform.engine.support.hierarchical.NodeTestTask.lambda$executeRecursively$8(NodeTestTask.java:141)
	at org.junit.platform.engine.support.hierarchical.Node.around(Node.java:137)
	at org.junit.platform.engine.support.hierarchical.NodeTestTask.lambda$executeRecursively$9(NodeTestTask.java:139)
	at org.junit.platform.engine.support.hierarchical.ThrowableCollector.execute(ThrowableCollector.java:73)
	at org.junit.platform.engine.support.hierarchical.NodeTestTask.executeRecursively(NodeTestTask.java:138)
	at org.junit.platform.engine.support.hierarchical.NodeTestTask.execute(NodeTestTask.java:95)
	at org.junit.platform.engine.support.hierarchical.SameThreadHierarchicalTestExecutorService.submit(SameThreadHierarchicalTestExecutorService.java:35)
	at org.junit.platform.engine.support.hierarchical.HierarchicalTestExecutor.execute(HierarchicalTestExecutor.java:57)
	at org.junit.platform.engine.support.hierarchical.HierarchicalTestEngine.execute(HierarchicalTestEngine.java:54)
	at org.junit.platform.launcher.core.EngineExecutionOrchestrator.execute(EngineExecutionOrchestrator.java:107)
	at org.junit.platform.launcher.core.EngineExecutionOrchestrator.execute(EngineExecutionOrchestrator.java:88)
	at org.junit.platform.launcher.core.EngineExecutionOrchestrator.lambda$execute$0(EngineExecutionOrchestrator.java:54)
	at org.junit.platform.launcher.core.EngineExecutionOrchestrator.withInterceptedStreams(EngineExecutionOrchestrator.java:67)
	at org.junit.platform.launcher.core.EngineExecutionOrchestrator.execute(EngineExecutionOrchestrator.java:52)
	at org.junit.platform.launcher.core.DefaultLauncher.execute(DefaultLauncher.java:114)
	at org.junit.platform.launcher.core.DefaultLauncher.execute(DefaultLauncher.java:86)
	at org.junit.platform.launcher.core.DefaultLauncherSession$DelegatingLauncher.execute(DefaultLauncherSession.java:86)
	at org.junit.platform.launcher.core.SessionPerRequestLauncher.execute(SessionPerRequestLauncher.java:53)
	at org.apache.maven.surefire.junitplatform.JUnitPlatformProvider.execute(JUnitPlatformProvider.java:188)
	at org.apache.maven.surefire.junitplatform.JUnitPlatformProvider.invokeAllTests(JUnitPlatformProvider.java:154)
	at org.apache.maven.surefire.junitplatform.JUnitPlatformProvider.invoke(JUnitPlatformProvider.java:124)
	at org.apache.maven.surefire.booter.ForkedBooter.runSuitesInProcess(ForkedBooter.java:428)
	at org.apache.maven.surefire.booter.ForkedBooter.execute(ForkedBooter.java:162)
	at org.apache.maven.surefire.booter.ForkedBooter.run(ForkedBooter.java:562)
	at org.apache.maven.surefire.booter.ForkedBooter.main(ForkedBooter.java:548)
]]></error>
    <system-out><![CDATA[2023-10-27 20:14:51,749 [main] INFO  rpc.RpcClient (RpcClient.java:createBucket(690)) - Creating Bucket: 6a5aa262-1245-42a6-a9ae-a9dba2b1bd39/e04d0964-a6ef-42a7-81d8-c35a5a757fd8, with server-side default bucket layout, runner as owner, Versioning false, Storage Type set to DISK and Encryption set to false, Replication Type set to EC, Namespace Quota set to -1, Space Quota set to -1 
2023-10-27 20:14:51,758 [om1-OMStateMachineApplyTransactionThread - 0] INFO  bucket.OMBucketCreateRequest (OMBucketCreateRequest.java:validateAndUpdateCache(271)) - created bucket: e04d0964-a6ef-42a7-81d8-c35a5a757fd8 of layout FILE_SYSTEM_OPTIMIZED in volume: 6a5aa262-1245-42a6-a9ae-a9dba2b1bd39
2023-10-27 20:14:51,796 [IPC Server handler 12 on default port 15001] INFO  algorithms.SCMContainerPlacementRackScatter (SCMContainerPlacementRackScatter.java:chooseDatanodesInternal(370)) - Chosen nodes: [fe9b02b7-73ff-430f-9d75-1483ab7beb41(fv-az342-943/10.1.0.32), 1407d0d1-39ba-4bc0-b697-1e16e43cd838(fv-az342-943/10.1.0.32), 5b9beb6f-d596-489f-8a17-e362b772df82(fv-az342-943/10.1.0.32), 23554148-3e4d-431f-a73e-f2401dbff1d4(fv-az342-943/10.1.0.32), 55507c8a-594d-4e25-909f-8d2832294c55(fv-az342-943/10.1.0.32)]. isPolicySatisfied: true.
2023-10-27 20:14:51,800 [IPC Server handler 12 on default port 15001] INFO  pipeline.WritableECContainerProvider (WritableECContainerProvider.java:allocateContainer(211)) - Created and opened new pipeline Pipeline[ Id: b8e2a9ab-9134-4761-8320-1d3aa0ba8245, Nodes: fe9b02b7-73ff-430f-9d75-1483ab7beb41(fv-az342-943/10.1.0.32)1407d0d1-39ba-4bc0-b697-1e16e43cd838(fv-az342-943/10.1.0.32)5b9beb6f-d596-489f-8a17-e362b772df82(fv-az342-943/10.1.0.32)23554148-3e4d-431f-a73e-f2401dbff1d4(fv-az342-943/10.1.0.32)55507c8a-594d-4e25-909f-8d2832294c55(fv-az342-943/10.1.0.32), ReplicationConfig: EC{rs-3-2-1024k}, State:ALLOCATED, leaderId:, CreationTimestamp2023-10-27T20:14:51.797Z[Etc/UTC]]
2023-10-27 20:14:53,342 [JvmPauseMonitor7] WARN  util.JvmPauseMonitor (JvmPauseMonitor.java:detectPause(124)) - JvmPauseMonitor-23554148-3e4d-431f-a73e-f2401dbff1d4: Detected pause in JVM or host machine approximately 0.181s without any GCs.
2023-10-27 20:14:53,343 [JvmPauseMonitor0] WARN  util.JvmPauseMonitor (JvmPauseMonitor.java:detectPause(124)) - JvmPauseMonitor-642fd0d6-19ee-4f3d-b7a6-1e3f6d4c761a: Detected pause in JVM or host machine approximately 0.183s without any GCs.
2023-10-27 20:14:53,344 [JvmPauseMonitor2] WARN  util.JvmPauseMonitor (JvmPauseMonitor.java:detectPause(124)) - JvmPauseMonitor-94422c73-384a-4d9a-a15d-46d9f5b840aa: Detected pause in JVM or host machine approximately 0.183s without any GCs.
2023-10-27 20:14:53,345 [JvmPauseMonitor1] WARN  util.JvmPauseMonitor (JvmPauseMonitor.java:detectPause(124)) - JvmPauseMonitor-om1: Detected pause in JVM or host machine approximately 0.205s without any GCs.
2023-10-27 20:14:53,345 [JvmPauseMonitor3] WARN  util.JvmPauseMonitor (JvmPauseMonitor.java:detectPause(124)) - JvmPauseMonitor-0ef615e1-91db-4ede-b924-53e2d320f02d: Detected pause in JVM or host machine approximately 0.207s without any GCs.
2023-10-27 20:14:53,346 [JvmPauseMonitor6] WARN  util.JvmPauseMonitor (JvmPauseMonitor.java:detectPause(124)) - JvmPauseMonitor-1407d0d1-39ba-4bc0-b697-1e16e43cd838: Detected pause in JVM or host machine approximately 0.208s without any GCs.
2023-10-27 20:14:53,347 [JvmPauseMonitor11] WARN  util.JvmPauseMonitor (JvmPauseMonitor.java:detectPause(124)) - JvmPauseMonitor-5b9beb6f-d596-489f-8a17-e362b772df82: Detected pause in JVM or host machine approximately 0.210s without any GCs.
2023-10-27 20:14:53,348 [JvmPauseMonitor5] WARN  util.JvmPauseMonitor (JvmPauseMonitor.java:detectPause(124)) - JvmPauseMonitor-3fb99649-c87f-4cc9-b3d9-f5c572ff189c: Detected pause in JVM or host machine approximately 0.212s without any GCs.
2023-10-27 20:14:53,348 [JvmPauseMonitor9] WARN  util.JvmPauseMonitor (JvmPauseMonitor.java:detectPause(124)) - JvmPauseMonitor-f612f2cf-90dc-41dc-bf39-cf028d38c484: Detected pause in JVM or host machine approximately 0.211s without any GCs.
2023-10-27 20:14:53,349 [JvmPauseMonitor4] WARN  util.JvmPauseMonitor (JvmPauseMonitor.java:detectPause(124)) - JvmPauseMonitor-66ee3698-ded8-430f-8ecd-27f356af6e45: Detected pause in JVM or host machine approximately 0.213s without any GCs.
2023-10-27 20:14:53,346 [JvmPauseMonitor8] WARN  util.JvmPauseMonitor (JvmPauseMonitor.java:detectPause(124)) - JvmPauseMonitor-fe9b02b7-73ff-430f-9d75-1483ab7beb41: Detected pause in JVM or host machine approximately 0.181s without any GCs.
2023-10-27 20:14:53,629 [main] INFO  ozoneimpl.OzoneContainer (OzoneContainer.java:stop(463)) - Attempting to stop container services.
2023-10-27 20:14:53,632 [main] INFO  server.RaftServer (RaftServerProxy.java:lambda$close$6(416)) - fe9b02b7-73ff-430f-9d75-1483ab7beb41: close
2023-10-27 20:14:53,633 [fe9b02b7-73ff-430f-9d75-1483ab7beb41-impl-thread1] INFO  server.RaftServer$Division (RaftServerImpl.java:lambda$close$4(466)) - fe9b02b7-73ff-430f-9d75-1483ab7beb41@group-6679FA40306C: shutdown
2023-10-27 20:14:53,634 [fe9b02b7-73ff-430f-9d75-1483ab7beb41-impl-thread1] INFO  util.JmxRegister (JmxRegister.java:unregister(73)) - Successfully un-registered JMX Bean with object name Ratis:service=RaftServer,group=group-6679FA40306C,id=fe9b02b7-73ff-430f-9d75-1483ab7beb41
2023-10-27 20:14:53,634 [fe9b02b7-73ff-430f-9d75-1483ab7beb41-impl-thread1] INFO  impl.RoleInfo (RoleInfo.java:shutdownLeaderState(93)) - fe9b02b7-73ff-430f-9d75-1483ab7beb41: shutdown fe9b02b7-73ff-430f-9d75-1483ab7beb41@group-6679FA40306C-LeaderStateImpl
2023-10-27 20:14:53,634 [fe9b02b7-73ff-430f-9d75-1483ab7beb41-impl-thread1] INFO  impl.PendingRequests (PendingRequests.java:sendNotLeaderResponses(289)) - fe9b02b7-73ff-430f-9d75-1483ab7beb41@group-6679FA40306C-PendingRequests: sendNotLeaderResponses
2023-10-27 20:14:53,637 [fe9b02b7-73ff-430f-9d75-1483ab7beb41@group-6679FA40306C-StateMachineUpdater] INFO  ratis.ContainerStateMachine (ContainerStateMachine.java:takeSnapshot(337)) - group-6679FA40306C: Taking a snapshot at:(t:1, i:0) file /home/runner/work/ozone/ozone/hadoop-ozone/integration-test/target/test-dir/MiniOzoneClusterImpl-60426a9d-3de2-4373-b08b-24a22c9da129/datanode-6/data/ratis/c6409f40-347f-4249-a917-6679fa40306c/sm/snapshot.1_0
2023-10-27 20:14:53,638 [fe9b02b7-73ff-430f-9d75-1483ab7beb41-impl-thread1] INFO  impl.StateMachineUpdater (StateMachineUpdater.java:stopAndJoin(155)) - fe9b02b7-73ff-430f-9d75-1483ab7beb41@group-6679FA40306C-StateMachineUpdater: set stopIndex = 0
2023-10-27 20:14:53,640 [fe9b02b7-73ff-430f-9d75-1483ab7beb41@group-6679FA40306C-StateMachineUpdater] INFO  ratis.ContainerStateMachine (ContainerStateMachine.java:takeSnapshot(348)) - group-6679FA40306C: Finished taking a snapshot at:(t:1, i:0) file:/home/runner/work/ozone/ozone/hadoop-ozone/integration-test/target/test-dir/MiniOzoneClusterImpl-60426a9d-3de2-4373-b08b-24a22c9da129/datanode-6/data/ratis/c6409f40-347f-4249-a917-6679fa40306c/sm/snapshot.1_0 took: 3 ms
2023-10-27 20:14:53,641 [fe9b02b7-73ff-430f-9d75-1483ab7beb41@group-6679FA40306C-StateMachineUpdater] INFO  impl.StateMachineUpdater (StateMachineUpdater.java:takeSnapshot(291)) - fe9b02b7-73ff-430f-9d75-1483ab7beb41@group-6679FA40306C-StateMachineUpdater: Took a snapshot at index 0
2023-10-27 20:14:53,642 [fe9b02b7-73ff-430f-9d75-1483ab7beb41@group-6679FA40306C-StateMachineUpdater] INFO  impl.StateMachineUpdater (StateMachineUpdater.java:lambda$new$0(97)) - fe9b02b7-73ff-430f-9d75-1483ab7beb41@group-6679FA40306C-StateMachineUpdater: snapshotIndex: updateIncreasingly -1 -> 0
2023-10-27 20:14:53,642 [fe9b02b7-73ff-430f-9d75-1483ab7beb41-impl-thread1] INFO  server.RaftServer$Division (ServerState.java:close(472)) - fe9b02b7-73ff-430f-9d75-1483ab7beb41@group-6679FA40306C: closes. applyIndex: 0
2023-10-27 20:14:53,644 [main] INFO  server.GrpcService (GrpcService.java:closeImpl(311)) - fe9b02b7-73ff-430f-9d75-1483ab7beb41: shutdown server org.apache.ratis.grpc.server.GrpcClientProtocolService now
2023-10-27 20:14:53,644 [fe9b02b7-73ff-430f-9d75-1483ab7beb41-impl-thread2] INFO  server.RaftServer$Division (RaftServerImpl.java:lambda$close$4(466)) - fe9b02b7-73ff-430f-9d75-1483ab7beb41@group-2D5A7F82FA56: shutdown
2023-10-27 20:14:53,646 [fe9b02b7-73ff-430f-9d75-1483ab7beb41-impl-thread2] INFO  util.JmxRegister (JmxRegister.java:unregister(73)) - Successfully un-registered JMX Bean with object name Ratis:service=RaftServer,group=group-2D5A7F82FA56,id=fe9b02b7-73ff-430f-9d75-1483ab7beb41
2023-10-27 20:14:53,646 [fe9b02b7-73ff-430f-9d75-1483ab7beb41-impl-thread2] INFO  impl.RoleInfo (RoleInfo.java:shutdownLeaderState(93)) - fe9b02b7-73ff-430f-9d75-1483ab7beb41: shutdown fe9b02b7-73ff-430f-9d75-1483ab7beb41@group-2D5A7F82FA56-LeaderStateImpl
2023-10-27 20:14:53,650 [fe9b02b7-73ff-430f-9d75-1483ab7beb41@group-2D5A7F82FA56->f612f2cf-90dc-41dc-bf39-cf028d38c484-GrpcLogAppender-LogAppenderDaemon] WARN  server.GrpcLogAppender (GrpcLogAppender.java:mayWait(199)) - fe9b02b7-73ff-430f-9d75-1483ab7beb41@group-2D5A7F82FA56->f612f2cf-90dc-41dc-bf39-cf028d38c484-GrpcLogAppender: Wait interrupted by java.lang.InterruptedException
2023-10-27 20:14:53,653 [fe9b02b7-73ff-430f-9d75-1483ab7beb41@group-2D5A7F82FA56->5b9beb6f-d596-489f-8a17-e362b772df82-GrpcLogAppender-LogAppenderDaemon] WARN  server.GrpcLogAppender (GrpcLogAppender.java:mayWait(199)) - fe9b02b7-73ff-430f-9d75-1483ab7beb41@group-2D5A7F82FA56->5b9beb6f-d596-489f-8a17-e362b772df82-GrpcLogAppender: Wait interrupted by java.lang.InterruptedException
2023-10-27 20:14:53,653 [Thread-951] INFO  server.GrpcServerProtocolClient (GrpcServerProtocolClient.java:close(103)) - 5b9beb6f-d596-489f-8a17-e362b772df82 Close channels
2023-10-27 20:14:53,653 [Thread-949] INFO  server.GrpcServerProtocolClient (GrpcServerProtocolClient.java:close(103)) - f612f2cf-90dc-41dc-bf39-cf028d38c484 Close channels
2023-10-27 20:14:53,663 [fe9b02b7-73ff-430f-9d75-1483ab7beb41-impl-thread2] INFO  impl.PendingRequests (PendingRequests.java:sendNotLeaderResponses(289)) - fe9b02b7-73ff-430f-9d75-1483ab7beb41@group-2D5A7F82FA56-PendingRequests: sendNotLeaderResponses
2023-10-27 20:14:53,660 [Thread-950] INFO  server.GrpcServerProtocolClient (GrpcServerProtocolClient.java:close(103)) - 55507c8a-594d-4e25-909f-8d2832294c55 Close channels
2023-10-27 20:14:53,667 [grpc-default-executor-2] INFO  server.GrpcServerProtocolService (GrpcServerProtocolService.java:onCompleted(155)) - f612f2cf-90dc-41dc-bf39-cf028d38c484: Completed APPEND_ENTRIES, lastRequest: null
2023-10-27 20:14:53,669 [grpc-default-executor-2] INFO  server.GrpcServerProtocolService (GrpcServerProtocolService.java:lambda$onCompleted$5(157)) - f612f2cf-90dc-41dc-bf39-cf028d38c484: Completed APPEND_ENTRIES, lastReply: serverReply {
  requestorId: "fe9b02b7-73ff-430f-9d75-1483ab7beb41"
  replyId: "f612f2cf-90dc-41dc-bf39-cf028d38c484"
  raftGroupId {
    id: "\':\235G&=EY\205\031-Z\177\202\372V"
  }
  callId: 4
  success: true
}
term: 1
nextIndex: 1
matchIndex: 18446744073709551615
isHearbeat: true

2023-10-27 20:14:53,669 [fe9b02b7-73ff-430f-9d75-1483ab7beb41-impl-thread2] INFO  impl.StateMachineUpdater (StateMachineUpdater.java:stopAndJoin(155)) - fe9b02b7-73ff-430f-9d75-1483ab7beb41@group-2D5A7F82FA56-StateMachineUpdater: set stopIndex = 0
2023-10-27 20:14:53,672 [fe9b02b7-73ff-430f-9d75-1483ab7beb41@group-2D5A7F82FA56-StateMachineUpdater] INFO  ratis.ContainerStateMachine (ContainerStateMachine.java:takeSnapshot(337)) - group-2D5A7F82FA56: Taking a snapshot at:(t:1, i:0) file /home/runner/work/ozone/ozone/hadoop-ozone/integration-test/target/test-dir/MiniOzoneClusterImpl-60426a9d-3de2-4373-b08b-24a22c9da129/datanode-6/data/ratis/273a9d47-263d-4559-8519-2d5a7f82fa56/sm/snapshot.1_0
2023-10-27 20:14:53,676 [fe9b02b7-73ff-430f-9d75-1483ab7beb41@group-2D5A7F82FA56-StateMachineUpdater] INFO  ratis.ContainerStateMachine (ContainerStateMachine.java:takeSnapshot(348)) - group-2D5A7F82FA56: Finished taking a snapshot at:(t:1, i:0) file:/home/runner/work/ozone/ozone/hadoop-ozone/integration-test/target/test-dir/MiniOzoneClusterImpl-60426a9d-3de2-4373-b08b-24a22c9da129/datanode-6/data/ratis/273a9d47-263d-4559-8519-2d5a7f82fa56/sm/snapshot.1_0 took: 4 ms
2023-10-27 20:14:53,676 [fe9b02b7-73ff-430f-9d75-1483ab7beb41@group-2D5A7F82FA56-StateMachineUpdater] INFO  impl.StateMachineUpdater (StateMachineUpdater.java:takeSnapshot(291)) - fe9b02b7-73ff-430f-9d75-1483ab7beb41@group-2D5A7F82FA56-StateMachineUpdater: Took a snapshot at index 0
2023-10-27 20:14:53,677 [fe9b02b7-73ff-430f-9d75-1483ab7beb41@group-2D5A7F82FA56-StateMachineUpdater] INFO  impl.StateMachineUpdater (StateMachineUpdater.java:lambda$new$0(97)) - fe9b02b7-73ff-430f-9d75-1483ab7beb41@group-2D5A7F82FA56-StateMachineUpdater: snapshotIndex: updateIncreasingly -1 -> 0
2023-10-27 20:14:53,678 [fe9b02b7-73ff-430f-9d75-1483ab7beb41-impl-thread2] INFO  server.RaftServer$Division (ServerState.java:close(472)) - fe9b02b7-73ff-430f-9d75-1483ab7beb41@group-2D5A7F82FA56: closes. applyIndex: 0
2023-10-27 20:14:53,682 [grpc-default-executor-2] INFO  server.GrpcServerProtocolService (GrpcServerProtocolService.java:onCompleted(155)) - 5b9beb6f-d596-489f-8a17-e362b772df82: Completed APPEND_ENTRIES, lastRequest: null
2023-10-27 20:14:53,682 [grpc-default-executor-4] INFO  server.GrpcServerProtocolService (GrpcServerProtocolService.java:onCompleted(155)) - f612f2cf-90dc-41dc-bf39-cf028d38c484: Completed APPEND_ENTRIES, lastRequest: fe9b02b7-73ff-430f-9d75-1483ab7beb41->f612f2cf-90dc-41dc-bf39-cf028d38c484#1-t1,previous=(t:0, i:0),leaderCommit=-1,initializing? true,entries: size=1, first=(t:1, i:0), CONFIGURATIONENTRY(current:id: "f612f2cf-90dc-41dc-bf39-cf028d38c484"
address: "10.1.0.32:15077"
dataStreamAddress: "10.1.0.32:15078"
clientAddress: "10.1.0.32:15075"
adminAddress: "10.1.0.32:15076"
startupRole: FOLLOWER
,id: "5b9beb6f-d596-489f-8a17-e362b772df82"
address: "10.1.0.32:15095"
dataStreamAddress: "10.1.0.32:15096"
clientAddress: "10.1.0.32:15093"
adminAddress: "10.1.0.32:15094"
startupRole: FOLLOWER
,id: "fe9b02b7-73ff-430f-9d75-1483ab7beb41"
address: "10.1.0.32:15068"
priority: 1
dataStreamAddress: "10.1.0.32:15069"
clientAddress: "10.1.0.32:15066"
adminAddress: "10.1.0.32:15067"
startupRole: FOLLOWER
, old:)
2023-10-27 20:14:53,689 [grpc-default-executor-6] INFO  server.GrpcLogAppender (GrpcLogAppender.java:onCompleted(428)) - fe9b02b7-73ff-430f-9d75-1483ab7beb41@group-2D5A7F82FA56->f612f2cf-90dc-41dc-bf39-cf028d38c484-AppendLogResponseHandler: follower responses appendEntries COMPLETED
2023-10-27 20:14:53,692 [grpc-default-executor-6] WARN  server.GrpcLogAppender (GrpcLogAppender.java:resetClient(137)) - fe9b02b7-73ff-430f-9d75-1483ab7beb41@group-2D5A7F82FA56->f612f2cf-90dc-41dc-bf39-cf028d38c484-GrpcLogAppender: Failed to getClient for f612f2cf-90dc-41dc-bf39-cf028d38c484
org.apache.ratis.protocol.exceptions.AlreadyClosedException: fe9b02b7-73ff-430f-9d75-1483ab7beb41 is already CLOSED
	at org.apache.ratis.util.PeerProxyMap$PeerAndProxy.getProxy(PeerProxyMap.java:61)
	at org.apache.ratis.util.PeerProxyMap.getProxy(PeerProxyMap.java:115)
	at org.apache.ratis.grpc.server.GrpcLogAppender.getClient(GrpcLogAppender.java:112)
	at org.apache.ratis.grpc.server.GrpcLogAppender.resetClient(GrpcLogAppender.java:117)
	at org.apache.ratis.grpc.server.GrpcLogAppender.access$500(GrpcLogAppender.java:56)
	at org.apache.ratis.grpc.server.GrpcLogAppender$AppendLogResponseHandler.onCompleted(GrpcLogAppender.java:429)
	at org.apache.ratis.thirdparty.io.grpc.stub.ClientCalls$StreamObserverToCallListenerAdapter.onClose(ClientCalls.java:485)
	at org.apache.ratis.thirdparty.io.grpc.internal.ClientCallImpl.closeObserver(ClientCallImpl.java:563)
	at org.apache.ratis.thirdparty.io.grpc.internal.ClientCallImpl.access$300(ClientCallImpl.java:70)
	at org.apache.ratis.thirdparty.io.grpc.internal.ClientCallImpl$ClientStreamListenerImpl$1StreamClosed.runInternal(ClientCallImpl.java:744)
	at org.apache.ratis.thirdparty.io.grpc.internal.ClientCallImpl$ClientStreamListenerImpl$1StreamClosed.runInContext(ClientCallImpl.java:723)
	at org.apache.ratis.thirdparty.io.grpc.internal.ContextRunnable.run(ContextRunnable.java:37)
	at org.apache.ratis.thirdparty.io.grpc.internal.SerializingExecutor.run(SerializingExecutor.java:133)
	at java.util.concurrent.ThreadPoolExecutor.runWorker(ThreadPoolExecutor.java:1149)
	at java.util.concurrent.ThreadPoolExecutor$Worker.run(ThreadPoolExecutor.java:624)
	at java.lang.Thread.run(Thread.java:750)
2023-10-27 20:14:53,693 [grpc-default-executor-4] INFO  server.GrpcServerProtocolService (GrpcServerProtocolService.java:lambda$onCompleted$5(157)) - f612f2cf-90dc-41dc-bf39-cf028d38c484: Completed APPEND_ENTRIES, lastReply: null
2023-10-27 20:14:53,687 [grpc-default-executor-2] INFO  server.GrpcServerProtocolService (GrpcServerProtocolService.java:lambda$onCompleted$5(157)) - 5b9beb6f-d596-489f-8a17-e362b772df82: Completed APPEND_ENTRIES, lastReply: serverReply {
  requestorId: "fe9b02b7-73ff-430f-9d75-1483ab7beb41"
  replyId: "5b9beb6f-d596-489f-8a17-e362b772df82"
  raftGroupId {
    id: "\':\235G&=EY\205\031-Z\177\202\372V"
  }
  callId: 5
  success: true
}
term: 1
nextIndex: 1
matchIndex: 18446744073709551615
isHearbeat: true

2023-10-27 20:14:53,686 [grpc-default-executor-1] INFO  server.GrpcServerProtocolService (GrpcServerProtocolService.java:onCompleted(155)) - 5b9beb6f-d596-489f-8a17-e362b772df82: Completed APPEND_ENTRIES, lastRequest: fe9b02b7-73ff-430f-9d75-1483ab7beb41->5b9beb6f-d596-489f-8a17-e362b772df82#1-t1,previous=(t:0, i:0),leaderCommit=-1,initializing? true,entries: size=1, first=(t:1, i:0), CONFIGURATIONENTRY(current:id: "f612f2cf-90dc-41dc-bf39-cf028d38c484"
address: "10.1.0.32:15077"
dataStreamAddress: "10.1.0.32:15078"
clientAddress: "10.1.0.32:15075"
adminAddress: "10.1.0.32:15076"
startupRole: FOLLOWER
,id: "5b9beb6f-d596-489f-8a17-e362b772df82"
address: "10.1.0.32:15095"
dataStreamAddress: "10.1.0.32:15096"
clientAddress: "10.1.0.32:15093"
adminAddress: "10.1.0.32:15094"
startupRole: FOLLOWER
,id: "fe9b02b7-73ff-430f-9d75-1483ab7beb41"
address: "10.1.0.32:15068"
priority: 1
dataStreamAddress: "10.1.0.32:15069"
clientAddress: "10.1.0.32:15066"
adminAddress: "10.1.0.32:15067"
startupRole: FOLLOWER
, old:)
2023-10-27 20:14:53,696 [grpc-default-executor-1] INFO  server.GrpcServerProtocolService (GrpcServerProtocolService.java:lambda$onCompleted$5(157)) - 5b9beb6f-d596-489f-8a17-e362b772df82: Completed APPEND_ENTRIES, lastReply: null
2023-10-27 20:14:53,700 [grpc-default-executor-2] INFO  server.GrpcLogAppender (GrpcLogAppender.java:onCompleted(428)) - fe9b02b7-73ff-430f-9d75-1483ab7beb41@group-2D5A7F82FA56->f612f2cf-90dc-41dc-bf39-cf028d38c484-AppendLogResponseHandler: follower responses appendEntries COMPLETED
2023-10-27 20:14:53,700 [grpc-default-executor-2] WARN  server.GrpcLogAppender (GrpcLogAppender.java:resetClient(137)) - fe9b02b7-73ff-430f-9d75-1483ab7beb41@group-2D5A7F82FA56->f612f2cf-90dc-41dc-bf39-cf028d38c484-GrpcLogAppender: Failed to getClient for f612f2cf-90dc-41dc-bf39-cf028d38c484
org.apache.ratis.protocol.exceptions.AlreadyClosedException: fe9b02b7-73ff-430f-9d75-1483ab7beb41 is already CLOSED
	at org.apache.ratis.util.PeerProxyMap$PeerAndProxy.getProxy(PeerProxyMap.java:61)
	at org.apache.ratis.util.PeerProxyMap.getProxy(PeerProxyMap.java:115)
	at org.apache.ratis.grpc.server.GrpcLogAppender.getClient(GrpcLogAppender.java:112)
	at org.apache.ratis.grpc.server.GrpcLogAppender.resetClient(GrpcLogAppender.java:117)
	at org.apache.ratis.grpc.server.GrpcLogAppender.access$500(GrpcLogAppender.java:56)
	at org.apache.ratis.grpc.server.GrpcLogAppender$AppendLogResponseHandler.onCompleted(GrpcLogAppender.java:429)
	at org.apache.ratis.thirdparty.io.grpc.stub.ClientCalls$StreamObserverToCallListenerAdapter.onClose(ClientCalls.java:485)
	at org.apache.ratis.thirdparty.io.grpc.internal.ClientCallImpl.closeObserver(ClientCallImpl.java:563)
	at org.apache.ratis.thirdparty.io.grpc.internal.ClientCallImpl.access$300(ClientCallImpl.java:70)
	at org.apache.ratis.thirdparty.io.grpc.internal.ClientCallImpl$ClientStreamListenerImpl$1StreamClosed.runInternal(ClientCallImpl.java:744)
	at org.apache.ratis.thirdparty.io.grpc.internal.ClientCallImpl$ClientStreamListenerImpl$1StreamClosed.runInContext(ClientCallImpl.java:723)
	at org.apache.ratis.thirdparty.io.grpc.internal.ContextRunnable.run(ContextRunnable.java:37)
	at org.apache.ratis.thirdparty.io.grpc.internal.SerializingExecutor.run(SerializingExecutor.java:133)
	at java.util.concurrent.ThreadPoolExecutor.runWorker(ThreadPoolExecutor.java:1149)
	at java.util.concurrent.ThreadPoolExecutor$Worker.run(ThreadPoolExecutor.java:624)
	at java.lang.Thread.run(Thread.java:750)
2023-10-27 20:14:53,707 [grpc-default-executor-2] INFO  server.GrpcLogAppender (GrpcLogAppender.java:onCompleted(428)) - fe9b02b7-73ff-430f-9d75-1483ab7beb41@group-2D5A7F82FA56->5b9beb6f-d596-489f-8a17-e362b772df82-AppendLogResponseHandler: follower responses appendEntries COMPLETED
2023-10-27 20:14:53,709 [grpc-default-executor-2] WARN  server.GrpcLogAppender (GrpcLogAppender.java:resetClient(137)) - fe9b02b7-73ff-430f-9d75-1483ab7beb41@group-2D5A7F82FA56->5b9beb6f-d596-489f-8a17-e362b772df82-GrpcLogAppender: Failed to getClient for 5b9beb6f-d596-489f-8a17-e362b772df82
org.apache.ratis.protocol.exceptions.AlreadyClosedException: fe9b02b7-73ff-430f-9d75-1483ab7beb41 is already CLOSED
	at org.apache.ratis.util.PeerProxyMap$PeerAndProxy.getProxy(PeerProxyMap.java:61)
	at org.apache.ratis.util.PeerProxyMap.getProxy(PeerProxyMap.java:115)
	at org.apache.ratis.grpc.server.GrpcLogAppender.getClient(GrpcLogAppender.java:112)
	at org.apache.ratis.grpc.server.GrpcLogAppender.resetClient(GrpcLogAppender.java:117)
	at org.apache.ratis.grpc.server.GrpcLogAppender.access$500(GrpcLogAppender.java:56)
	at org.apache.ratis.grpc.server.GrpcLogAppender$AppendLogResponseHandler.onCompleted(GrpcLogAppender.java:429)
	at org.apache.ratis.thirdparty.io.grpc.stub.ClientCalls$StreamObserverToCallListenerAdapter.onClose(ClientCalls.java:485)
	at org.apache.ratis.thirdparty.io.grpc.internal.DelayedClientCall$DelayedListener$3.run(DelayedClientCall.java:471)
	at org.apache.ratis.thirdparty.io.grpc.internal.DelayedClientCall$DelayedListener.delayOrExecute(DelayedClientCall.java:435)
	at org.apache.ratis.thirdparty.io.grpc.internal.DelayedClientCall$DelayedListener.onClose(DelayedClientCall.java:468)
	at org.apache.ratis.thirdparty.io.grpc.internal.ClientCallImpl.closeObserver(ClientCallImpl.java:563)
	at org.apache.ratis.thirdparty.io.grpc.internal.ClientCallImpl.access$300(ClientCallImpl.java:70)
	at org.apache.ratis.thirdparty.io.grpc.internal.ClientCallImpl$ClientStreamListenerImpl$1StreamClosed.runInternal(ClientCallImpl.java:744)
	at org.apache.ratis.thirdparty.io.grpc.internal.ClientCallImpl$ClientStreamListenerImpl$1StreamClosed.runInContext(ClientCallImpl.java:723)
	at org.apache.ratis.thirdparty.io.grpc.internal.ContextRunnable.run(ContextRunnable.java:37)
	at org.apache.ratis.thirdparty.io.grpc.internal.SerializingExecutor.run(SerializingExecutor.java:133)
	at java.util.concurrent.ThreadPoolExecutor.runWorker(ThreadPoolExecutor.java:1149)
	at java.util.concurrent.ThreadPoolExecutor$Worker.run(ThreadPoolExecutor.java:624)
	at java.lang.Thread.run(Thread.java:750)
2023-10-27 20:14:53,709 [grpc-default-executor-1] INFO  server.GrpcLogAppender (GrpcLogAppender.java:onCompleted(428)) - fe9b02b7-73ff-430f-9d75-1483ab7beb41@group-2D5A7F82FA56->5b9beb6f-d596-489f-8a17-e362b772df82-AppendLogResponseHandler: follower responses appendEntries COMPLETED
2023-10-27 20:14:53,717 [grpc-default-executor-1] WARN  server.GrpcLogAppender (GrpcLogAppender.java:resetClient(137)) - fe9b02b7-73ff-430f-9d75-1483ab7beb41@group-2D5A7F82FA56->5b9beb6f-d596-489f-8a17-e362b772df82-GrpcLogAppender: Failed to getClient for 5b9beb6f-d596-489f-8a17-e362b772df82
org.apache.ratis.protocol.exceptions.AlreadyClosedException: fe9b02b7-73ff-430f-9d75-1483ab7beb41 is already CLOSED
	at org.apache.ratis.util.PeerProxyMap$PeerAndProxy.getProxy(PeerProxyMap.java:61)
	at org.apache.ratis.util.PeerProxyMap.getProxy(PeerProxyMap.java:115)
	at org.apache.ratis.grpc.server.GrpcLogAppender.getClient(GrpcLogAppender.java:112)
	at org.apache.ratis.grpc.server.GrpcLogAppender.resetClient(GrpcLogAppender.java:117)
	at org.apache.ratis.grpc.server.GrpcLogAppender.access$500(GrpcLogAppender.java:56)
	at org.apache.ratis.grpc.server.GrpcLogAppender$AppendLogResponseHandler.onCompleted(GrpcLogAppender.java:429)
	at org.apache.ratis.thirdparty.io.grpc.stub.ClientCalls$StreamObserverToCallListenerAdapter.onClose(ClientCalls.java:485)
	at org.apache.ratis.thirdparty.io.grpc.internal.ClientCallImpl.closeObserver(ClientCallImpl.java:563)
	at org.apache.ratis.thirdparty.io.grpc.internal.ClientCallImpl.access$300(ClientCallImpl.java:70)
	at org.apache.ratis.thirdparty.io.grpc.internal.ClientCallImpl$ClientStreamListenerImpl$1StreamClosed.runInternal(ClientCallImpl.java:744)
	at org.apache.ratis.thirdparty.io.grpc.internal.ClientCallImpl$ClientStreamListenerImpl$1StreamClosed.runInContext(ClientCallImpl.java:723)
	at org.apache.ratis.thirdparty.io.grpc.internal.ContextRunnable.run(ContextRunnable.java:37)
	at org.apache.ratis.thirdparty.io.grpc.internal.SerializingExecutor.run(SerializingExecutor.java:133)
	at java.util.concurrent.ThreadPoolExecutor.runWorker(ThreadPoolExecutor.java:1149)
	at java.util.concurrent.ThreadPoolExecutor$Worker.run(ThreadPoolExecutor.java:624)
	at java.lang.Thread.run(Thread.java:750)
2023-10-27 20:14:54,340 [fe9b02b7-73ff-430f-9d75-1483ab7beb41-impl-thread2] INFO  segmented.SegmentedRaftLogWorker (SegmentedRaftLogWorker.java:close(252)) - fe9b02b7-73ff-430f-9d75-1483ab7beb41@group-2D5A7F82FA56-SegmentedRaftLogWorker close()
2023-10-27 20:14:54,417 [fe9b02b7-73ff-430f-9d75-1483ab7beb41-impl-thread1] INFO  segmented.SegmentedRaftLogWorker (SegmentedRaftLogWorker.java:close(252)) - fe9b02b7-73ff-430f-9d75-1483ab7beb41@group-6679FA40306C-SegmentedRaftLogWorker close()
2023-10-27 20:14:55,947 [EventQueue-StaleNodeForStaleNodeHandler] INFO  node.StaleNodeHandler (StaleNodeHandler.java:onMessage(58)) - Datanode fe9b02b7-73ff-430f-9d75-1483ab7beb41(fv-az342-943/10.1.0.32) moved to stale state. Finalizing its pipelines [PipelineID=c6409f40-347f-4249-a917-6679fa40306c, PipelineID=b8e2a9ab-9134-4761-8320-1d3aa0ba8245, PipelineID=273a9d47-263d-4559-8519-2d5a7f82fa56]
2023-10-27 20:14:55,949 [EventQueue-StaleNodeForStaleNodeHandler] INFO  pipeline.PipelineManagerImpl (PipelineManagerImpl.java:closePipeline(510)) - Pipeline Pipeline[ Id: c6409f40-347f-4249-a917-6679fa40306c, Nodes: fe9b02b7-73ff-430f-9d75-1483ab7beb41(fv-az342-943/10.1.0.32), ReplicationConfig: RATIS/ONE, State:OPEN, leaderId:fe9b02b7-73ff-430f-9d75-1483ab7beb41, CreationTimestamp2023-10-27T20:14:02.121Z[Etc/UTC]] moved to CLOSED state
2023-10-27 20:14:55,950 [EventQueue-StaleNodeForStaleNodeHandler] INFO  pipeline.PipelineManagerImpl (PipelineManagerImpl.java:closeContainersForPipeline(484)) - Container #2 closed for pipeline=PipelineID=b8e2a9ab-9134-4761-8320-1d3aa0ba8245
2023-10-27 20:14:55,951 [EventQueue-CloseContainerForCloseContainerEventHandler] INFO  container.CloseContainerEventHandler (CloseContainerEventHandler.java:onMessage(88)) - Close container Event triggered for container : #2, current state: CLOSING
2023-10-27 20:14:55,952 [EventQueue-StaleNodeForStaleNodeHandler] INFO  pipeline.PipelineManagerImpl (PipelineManagerImpl.java:closePipeline(510)) - Pipeline Pipeline[ Id: b8e2a9ab-9134-4761-8320-1d3aa0ba8245, Nodes: fe9b02b7-73ff-430f-9d75-1483ab7beb41(fv-az342-943/10.1.0.32)1407d0d1-39ba-4bc0-b697-1e16e43cd838(fv-az342-943/10.1.0.32)5b9beb6f-d596-489f-8a17-e362b772df82(fv-az342-943/10.1.0.32)23554148-3e4d-431f-a73e-f2401dbff1d4(fv-az342-943/10.1.0.32)55507c8a-594d-4e25-909f-8d2832294c55(fv-az342-943/10.1.0.32), ReplicationConfig: EC{rs-3-2-1024k}, State:OPEN, leaderId:, CreationTimestamp2023-10-27T20:14:51.797Z[Etc/UTC]] moved to CLOSED state
2023-10-27 20:14:55,953 [EventQueue-StaleNodeForStaleNodeHandler] INFO  pipeline.PipelineManagerImpl (PipelineManagerImpl.java:closePipeline(510)) - Pipeline Pipeline[ Id: 273a9d47-263d-4559-8519-2d5a7f82fa56, Nodes: fe9b02b7-73ff-430f-9d75-1483ab7beb41(fv-az342-943/10.1.0.32)f612f2cf-90dc-41dc-bf39-cf028d38c484(fv-az342-943/10.1.0.32)5b9beb6f-d596-489f-8a17-e362b772df82(fv-az342-943/10.1.0.32), ReplicationConfig: RATIS/THREE, State:OPEN, leaderId:fe9b02b7-73ff-430f-9d75-1483ab7beb41, CreationTimestamp2023-10-27T20:14:39.572Z[Etc/UTC]] moved to CLOSED state
2023-10-27 20:14:56,667 [Thread-949] WARN  grpc.GrpcUtil (GrpcUtil.java:shutdownManagedChannel(223)) - Timed out gracefully shutting down connection: ManagedChannelOrphanWrapper{delegate=ManagedChannelImpl{logId=421, target=10.1.0.32:15077}}. 
2023-10-27 20:14:56,670 [grpc-default-executor-2] INFO  server.GrpcLogAppender (GrpcLogAppender.java:onError(417)) - fe9b02b7-73ff-430f-9d75-1483ab7beb41@group-C71ED06640E5->f612f2cf-90dc-41dc-bf39-cf028d38c484-GrpcLogAppender is already stopped
2023-10-27 20:14:56,680 [main] INFO  server.GrpcService (GrpcService.java:closeImpl(320)) - fe9b02b7-73ff-430f-9d75-1483ab7beb41: shutdown server org.apache.ratis.grpc.server.GrpcClientProtocolService successfully
2023-10-27 20:14:56,681 [main] INFO  server.GrpcService (GrpcService.java:closeImpl(311)) - fe9b02b7-73ff-430f-9d75-1483ab7beb41: shutdown server GrpcServerProtocolService now
2023-10-27 20:14:56,695 [main] INFO  server.GrpcService (GrpcService.java:closeImpl(320)) - fe9b02b7-73ff-430f-9d75-1483ab7beb41: shutdown server GrpcServerProtocolService successfully
2023-10-27 20:14:56,696 [main] INFO  server.GrpcService (GrpcService.java:closeImpl(311)) - fe9b02b7-73ff-430f-9d75-1483ab7beb41: shutdown server org.apache.ratis.grpc.server.GrpcAdminProtocolService now
2023-10-27 20:14:56,718 [main] INFO  server.GrpcService (GrpcService.java:closeImpl(320)) - fe9b02b7-73ff-430f-9d75-1483ab7beb41: shutdown server org.apache.ratis.grpc.server.GrpcAdminProtocolService successfully
2023-10-27 20:14:56,719 [fe9b02b7-73ff-430f-9d75-1483ab7beb41-NettyServerStreamRpc-bossGroup--thread1] INFO  logging.LoggingHandler (AbstractInternalLogger.java:log(148)) - [id: 0x9648784d, L:/0:0:0:0:0:0:0:0:15069] CLOSE
2023-10-27 20:14:56,720 [fe9b02b7-73ff-430f-9d75-1483ab7beb41-NettyServerStreamRpc-bossGroup--thread1] INFO  logging.LoggingHandler (AbstractInternalLogger.java:log(148)) - [id: 0x9648784d, L:/0:0:0:0:0:0:0:0:15069] INACTIVE
2023-10-27 20:14:56,720 [fe9b02b7-73ff-430f-9d75-1483ab7beb41-NettyServerStreamRpc-bossGroup--thread1] INFO  logging.LoggingHandler (AbstractInternalLogger.java:log(148)) - [id: 0x9648784d, L:/0:0:0:0:0:0:0:0:15069] UNREGISTERED
2023-10-27 20:14:56,790 [JvmPauseMonitor8] INFO  util.JvmPauseMonitor (JvmPauseMonitor.java:run(109)) - JvmPauseMonitor-fe9b02b7-73ff-430f-9d75-1483ab7beb41: Stopped
2023-10-27 20:14:57,490 [5b9beb6f-d596-489f-8a17-e362b772df82@group-2D5A7F82FA56-FollowerState] INFO  impl.FollowerState (FollowerState.java:run(143)) - 5b9beb6f-d596-489f-8a17-e362b772df82@group-2D5A7F82FA56-FollowerState: change to CANDIDATE, lastRpcElapsedTime:5167694857ns, electionTimeout:5066ms
2023-10-27 20:14:57,492 [5b9beb6f-d596-489f-8a17-e362b772df82@group-2D5A7F82FA56-FollowerState] INFO  impl.RoleInfo (RoleInfo.java:shutdownFollowerState(110)) - 5b9beb6f-d596-489f-8a17-e362b772df82: shutdown 5b9beb6f-d596-489f-8a17-e362b772df82@group-2D5A7F82FA56-FollowerState
2023-10-27 20:14:57,492 [5b9beb6f-d596-489f-8a17-e362b772df82@group-2D5A7F82FA56-FollowerState] INFO  server.RaftServer$Division (RaftServerImpl.java:setRole(329)) - 5b9beb6f-d596-489f-8a17-e362b772df82@group-2D5A7F82FA56: changes role from  FOLLOWER to CANDIDATE at term 1 for changeToCandidate
2023-10-27 20:14:57,492 [5b9beb6f-d596-489f-8a17-e362b772df82@group-2D5A7F82FA56-FollowerState] INFO  server.RaftServerConfigKeys (ConfUtils.java:logGet(46)) - raft.server.leaderelection.pre-vote = true (default)
2023-10-27 20:14:57,493 [5b9beb6f-d596-489f-8a17-e362b772df82@group-2D5A7F82FA56-FollowerState] INFO  impl.RoleInfo (RoleInfo.java:updateAndGet(139)) - 5b9beb6f-d596-489f-8a17-e362b772df82: start 5b9beb6f-d596-489f-8a17-e362b772df82@group-2D5A7F82FA56-LeaderElection26
2023-10-27 20:14:57,498 [5b9beb6f-d596-489f-8a17-e362b772df82@group-2D5A7F82FA56-LeaderElection26] INFO  server.RaftServer$Division (ServerState.java:setLeader(317)) - 5b9beb6f-d596-489f-8a17-e362b772df82@group-2D5A7F82FA56: change Leader from fe9b02b7-73ff-430f-9d75-1483ab7beb41 to null at term 1 for PRE_VOTE
2023-10-27 20:14:57,499 [5b9beb6f-d596-489f-8a17-e362b772df82@group-2D5A7F82FA56-LeaderElection26] INFO  impl.LeaderElection (LeaderElection.java:askForVotes(321)) - 5b9beb6f-d596-489f-8a17-e362b772df82@group-2D5A7F82FA56-LeaderElection26 PRE_VOTE round 0: submit vote requests at term 1 for 0: peers:[f612f2cf-90dc-41dc-bf39-cf028d38c484|rpc:10.1.0.32:15077|admin:10.1.0.32:15076|client:10.1.0.32:15075|dataStream:10.1.0.32:15078|priority:0|startupRole:FOLLOWER, 5b9beb6f-d596-489f-8a17-e362b772df82|rpc:10.1.0.32:15095|admin:10.1.0.32:15094|client:10.1.0.32:15093|dataStream:10.1.0.32:15096|priority:0|startupRole:FOLLOWER, fe9b02b7-73ff-430f-9d75-1483ab7beb41|rpc:10.1.0.32:15068|admin:10.1.0.32:15067|client:10.1.0.32:15066|dataStream:10.1.0.32:15069|priority:1|startupRole:FOLLOWER]|listeners:[], old=null
2023-10-27 20:14:57,507 [grpc-default-executor-2] INFO  server.RaftServer$Division (RaftServerImpl.java:requestVote(1302)) - f612f2cf-90dc-41dc-bf39-cf028d38c484@group-2D5A7F82FA56: receive requestVote(PRE_VOTE, 5b9beb6f-d596-489f-8a17-e362b772df82, group-2D5A7F82FA56, 1, (t:1, i:0))
2023-10-27 20:14:57,509 [grpc-default-executor-2] INFO  impl.VoteContext (VoteContext.java:log(49)) - f612f2cf-90dc-41dc-bf39-cf028d38c484@group-2D5A7F82FA56-FOLLOWER: accept PRE_VOTE from 5b9beb6f-d596-489f-8a17-e362b772df82: our priority 0 <= candidate's priority 0
2023-10-27 20:14:57,509 [grpc-default-executor-2] INFO  server.RaftServer$Division (RaftServerImpl.java:requestVote(1335)) - f612f2cf-90dc-41dc-bf39-cf028d38c484@group-2D5A7F82FA56 replies to PRE_VOTE vote request: 5b9beb6f-d596-489f-8a17-e362b772df82<-f612f2cf-90dc-41dc-bf39-cf028d38c484#0:OK-t1. Peer's state: f612f2cf-90dc-41dc-bf39-cf028d38c484@group-2D5A7F82FA56:t1, leader=fe9b02b7-73ff-430f-9d75-1483ab7beb41, voted=fe9b02b7-73ff-430f-9d75-1483ab7beb41, raftlog=Memoized:f612f2cf-90dc-41dc-bf39-cf028d38c484@group-2D5A7F82FA56-SegmentedRaftLog:OPENED:c0, conf=0: peers:[f612f2cf-90dc-41dc-bf39-cf028d38c484|rpc:10.1.0.32:15077|admin:10.1.0.32:15076|client:10.1.0.32:15075|dataStream:10.1.0.32:15078|priority:0|startupRole:FOLLOWER, 5b9beb6f-d596-489f-8a17-e362b772df82|rpc:10.1.0.32:15095|admin:10.1.0.32:15094|client:10.1.0.32:15093|dataStream:10.1.0.32:15096|priority:0|startupRole:FOLLOWER, fe9b02b7-73ff-430f-9d75-1483ab7beb41|rpc:10.1.0.32:15068|admin:10.1.0.32:15067|client:10.1.0.32:15066|dataStream:10.1.0.32:15069|priority:1|startupRole:FOLLOWER]|listeners:[], old=null
2023-10-27 20:14:57,511 [5b9beb6f-d596-489f-8a17-e362b772df82@group-2D5A7F82FA56-LeaderElection26-2] INFO  server.GrpcServerProtocolClient (GrpcServerProtocolClient.java:<init>(65)) - Build channel for fe9b02b7-73ff-430f-9d75-1483ab7beb41
2023-10-27 20:14:57,530 [5b9beb6f-d596-489f-8a17-e362b772df82@group-2D5A7F82FA56-LeaderElection26] INFO  impl.LeaderElection (LogUtils.java:infoOrTrace(137)) - 5b9beb6f-d596-489f-8a17-e362b772df82@group-2D5A7F82FA56-LeaderElection26 got exception when requesting votes: java.util.concurrent.ExecutionException: org.apache.ratis.thirdparty.io.grpc.StatusRuntimeException: UNAVAILABLE: io exception
2023-10-27 20:14:57,530 [5b9beb6f-d596-489f-8a17-e362b772df82@group-2D5A7F82FA56-LeaderElection26] INFO  impl.LeaderElection (LeaderElection.java:logAndReturn(90)) - 5b9beb6f-d596-489f-8a17-e362b772df82@group-2D5A7F82FA56-LeaderElection26: PRE_VOTE PASSED received 1 response(s) and 1 exception(s):
2023-10-27 20:14:57,530 [5b9beb6f-d596-489f-8a17-e362b772df82@group-2D5A7F82FA56-LeaderElection26] INFO  impl.LeaderElection (LeaderElection.java:logAndReturn(94)) -   Response 0: 5b9beb6f-d596-489f-8a17-e362b772df82<-f612f2cf-90dc-41dc-bf39-cf028d38c484#0:OK-t1
2023-10-27 20:14:57,531 [5b9beb6f-d596-489f-8a17-e362b772df82@group-2D5A7F82FA56-LeaderElection26] INFO  impl.LeaderElection (LogUtils.java:infoOrTrace(137)) -   Exception 1: java.util.concurrent.ExecutionException: org.apache.ratis.thirdparty.io.grpc.StatusRuntimeException: UNAVAILABLE: io exception
2023-10-27 20:14:57,531 [5b9beb6f-d596-489f-8a17-e362b772df82@group-2D5A7F82FA56-LeaderElection26] INFO  impl.LeaderElection (LeaderElection.java:askForVotes(323)) - 5b9beb6f-d596-489f-8a17-e362b772df82@group-2D5A7F82FA56-LeaderElection26 PRE_VOTE round 0: result PASSED
2023-10-27 20:14:57,534 [5b9beb6f-d596-489f-8a17-e362b772df82@group-2D5A7F82FA56-LeaderElection26] INFO  impl.LeaderElection (LeaderElection.java:askForVotes(321)) - 5b9beb6f-d596-489f-8a17-e362b772df82@group-2D5A7F82FA56-LeaderElection26 ELECTION round 0: submit vote requests at term 2 for 0: peers:[f612f2cf-90dc-41dc-bf39-cf028d38c484|rpc:10.1.0.32:15077|admin:10.1.0.32:15076|client:10.1.0.32:15075|dataStream:10.1.0.32:15078|priority:0|startupRole:FOLLOWER, 5b9beb6f-d596-489f-8a17-e362b772df82|rpc:10.1.0.32:15095|admin:10.1.0.32:15094|client:10.1.0.32:15093|dataStream:10.1.0.32:15096|priority:0|startupRole:FOLLOWER, fe9b02b7-73ff-430f-9d75-1483ab7beb41|rpc:10.1.0.32:15068|admin:10.1.0.32:15067|client:10.1.0.32:15066|dataStream:10.1.0.32:15069|priority:1|startupRole:FOLLOWER]|listeners:[], old=null
2023-10-27 20:14:57,542 [grpc-default-executor-2] INFO  server.RaftServer$Division (RaftServerImpl.java:requestVote(1302)) - f612f2cf-90dc-41dc-bf39-cf028d38c484@group-2D5A7F82FA56: receive requestVote(ELECTION, 5b9beb6f-d596-489f-8a17-e362b772df82, group-2D5A7F82FA56, 2, (t:1, i:0))
2023-10-27 20:14:57,542 [grpc-default-executor-2] INFO  impl.VoteContext (VoteContext.java:log(49)) - f612f2cf-90dc-41dc-bf39-cf028d38c484@group-2D5A7F82FA56-FOLLOWER: accept ELECTION from 5b9beb6f-d596-489f-8a17-e362b772df82: our priority 0 <= candidate's priority 0
2023-10-27 20:14:57,543 [grpc-default-executor-2] INFO  server.RaftServer$Division (ServerState.java:setLeader(317)) - f612f2cf-90dc-41dc-bf39-cf028d38c484@group-2D5A7F82FA56: change Leader from fe9b02b7-73ff-430f-9d75-1483ab7beb41 to null at term 2 for updateCurrentTerm
2023-10-27 20:14:57,543 [grpc-default-executor-2] INFO  server.RaftServer$Division (RaftServerImpl.java:setRole(329)) - f612f2cf-90dc-41dc-bf39-cf028d38c484@group-2D5A7F82FA56: changes role from  FOLLOWER to FOLLOWER at term 2 for candidate:5b9beb6f-d596-489f-8a17-e362b772df82
2023-10-27 20:14:57,543 [grpc-default-executor-2] INFO  impl.RoleInfo (RoleInfo.java:shutdownFollowerState(110)) - f612f2cf-90dc-41dc-bf39-cf028d38c484: shutdown f612f2cf-90dc-41dc-bf39-cf028d38c484@group-2D5A7F82FA56-FollowerState
2023-10-27 20:14:57,544 [grpc-default-executor-2] INFO  impl.RoleInfo (RoleInfo.java:updateAndGet(139)) - f612f2cf-90dc-41dc-bf39-cf028d38c484: start f612f2cf-90dc-41dc-bf39-cf028d38c484@group-2D5A7F82FA56-FollowerState
2023-10-27 20:14:57,545 [f612f2cf-90dc-41dc-bf39-cf028d38c484@group-2D5A7F82FA56-FollowerState] INFO  impl.FollowerState (FollowerState.java:run(152)) - f612f2cf-90dc-41dc-bf39-cf028d38c484@group-2D5A7F82FA56-FollowerState was interrupted
2023-10-27 20:14:57,546 [5b9beb6f-d596-489f-8a17-e362b772df82@group-2D5A7F82FA56-LeaderElection26] INFO  impl.LeaderElection (LogUtils.java:infoOrTrace(137)) - 5b9beb6f-d596-489f-8a17-e362b772df82@group-2D5A7F82FA56-LeaderElection26 got exception when requesting votes: java.util.concurrent.ExecutionException: org.apache.ratis.thirdparty.io.grpc.StatusRuntimeException: UNAVAILABLE: io exception
2023-10-27 20:14:57,551 [grpc-default-executor-2] INFO  server.RaftServer$Division (RaftServerImpl.java:requestVote(1335)) - f612f2cf-90dc-41dc-bf39-cf028d38c484@group-2D5A7F82FA56 replies to ELECTION vote request: 5b9beb6f-d596-489f-8a17-e362b772df82<-f612f2cf-90dc-41dc-bf39-cf028d38c484#0:OK-t2. Peer's state: f612f2cf-90dc-41dc-bf39-cf028d38c484@group-2D5A7F82FA56:t2, leader=null, voted=5b9beb6f-d596-489f-8a17-e362b772df82, raftlog=Memoized:f612f2cf-90dc-41dc-bf39-cf028d38c484@group-2D5A7F82FA56-SegmentedRaftLog:OPENED:c0, conf=0: peers:[f612f2cf-90dc-41dc-bf39-cf028d38c484|rpc:10.1.0.32:15077|admin:10.1.0.32:15076|client:10.1.0.32:15075|dataStream:10.1.0.32:15078|priority:0|startupRole:FOLLOWER, 5b9beb6f-d596-489f-8a17-e362b772df82|rpc:10.1.0.32:15095|admin:10.1.0.32:15094|client:10.1.0.32:15093|dataStream:10.1.0.32:15096|priority:0|startupRole:FOLLOWER, fe9b02b7-73ff-430f-9d75-1483ab7beb41|rpc:10.1.0.32:15068|admin:10.1.0.32:15067|client:10.1.0.32:15066|dataStream:10.1.0.32:15069|priority:1|startupRole:FOLLOWER]|listeners:[], old=null
2023-10-27 20:14:57,553 [5b9beb6f-d596-489f-8a17-e362b772df82@group-2D5A7F82FA56-LeaderElection26] INFO  impl.LeaderElection (LeaderElection.java:logAndReturn(90)) - 5b9beb6f-d596-489f-8a17-e362b772df82@group-2D5A7F82FA56-LeaderElection26: ELECTION PASSED received 1 response(s) and 1 exception(s):
2023-10-27 20:14:57,553 [5b9beb6f-d596-489f-8a17-e362b772df82@group-2D5A7F82FA56-LeaderElection26] INFO  impl.LeaderElection (LeaderElection.java:logAndReturn(94)) -   Response 0: 5b9beb6f-d596-489f-8a17-e362b772df82<-f612f2cf-90dc-41dc-bf39-cf028d38c484#0:OK-t2
2023-10-27 20:14:57,553 [5b9beb6f-d596-489f-8a17-e362b772df82@group-2D5A7F82FA56-LeaderElection26] INFO  impl.LeaderElection (LogUtils.java:infoOrTrace(137)) -   Exception 1: java.util.concurrent.ExecutionException: org.apache.ratis.thirdparty.io.grpc.StatusRuntimeException: UNAVAILABLE: io exception
2023-10-27 20:14:57,553 [5b9beb6f-d596-489f-8a17-e362b772df82@group-2D5A7F82FA56-LeaderElection26] INFO  impl.LeaderElection (LeaderElection.java:askForVotes(323)) - 5b9beb6f-d596-489f-8a17-e362b772df82@group-2D5A7F82FA56-LeaderElection26 ELECTION round 0: result PASSED
2023-10-27 20:14:57,554 [5b9beb6f-d596-489f-8a17-e362b772df82@group-2D5A7F82FA56-LeaderElection26] INFO  impl.RoleInfo (RoleInfo.java:shutdownLeaderElection(130)) - 5b9beb6f-d596-489f-8a17-e362b772df82: shutdown 5b9beb6f-d596-489f-8a17-e362b772df82@group-2D5A7F82FA56-LeaderElection26
2023-10-27 20:14:57,554 [5b9beb6f-d596-489f-8a17-e362b772df82@group-2D5A7F82FA56-LeaderElection26] INFO  server.RaftServer$Division (RaftServerImpl.java:setRole(329)) - 5b9beb6f-d596-489f-8a17-e362b772df82@group-2D5A7F82FA56: changes role from CANDIDATE to LEADER at term 2 for changeToLeader
2023-10-27 20:14:57,554 [5b9beb6f-d596-489f-8a17-e362b772df82@group-2D5A7F82FA56-LeaderElection26] INFO  ratis.XceiverServerRatis (XceiverServerRatis.java:handleLeaderChangedNotification(903)) - Leader change notification received for group: group-2D5A7F82FA56 with new leaderId: 5b9beb6f-d596-489f-8a17-e362b772df82
2023-10-27 20:14:57,555 [5b9beb6f-d596-489f-8a17-e362b772df82@group-2D5A7F82FA56-LeaderElection26] INFO  server.RaftServer$Division (ServerState.java:setLeader(317)) - 5b9beb6f-d596-489f-8a17-e362b772df82@group-2D5A7F82FA56: change Leader from null to 5b9beb6f-d596-489f-8a17-e362b772df82 at term 2 for becomeLeader, leader elected after 55ms
2023-10-27 20:14:57,555 [5b9beb6f-d596-489f-8a17-e362b772df82@group-2D5A7F82FA56-LeaderElection26] INFO  server.RaftServerConfigKeys (ConfUtils.java:logGet(46)) - raft.server.staging.catchup.gap = 1000 (default)
2023-10-27 20:14:57,556 [5b9beb6f-d596-489f-8a17-e362b772df82@group-2D5A7F82FA56-LeaderElection26] INFO  server.RaftServerConfigKeys (ConfUtils.java:logGet(46)) - raft.server.write.element-limit = 1024 (custom)
2023-10-27 20:14:57,557 [5b9beb6f-d596-489f-8a17-e362b772df82@group-2D5A7F82FA56-LeaderElection26] INFO  server.RaftServerConfigKeys (ConfUtils.java:logGet(46)) - raft.server.write.byte-limit = 1024 M (=1073741824) (custom)
2023-10-27 20:14:57,561 [5b9beb6f-d596-489f-8a17-e362b772df82@group-2D5A7F82FA56-LeaderElection26] INFO  server.RaftServerConfigKeys (ConfUtils.java:logGet(46)) - raft.server.watch.timeout = 180s (custom)
2023-10-27 20:14:57,562 [5b9beb6f-d596-489f-8a17-e362b772df82@group-2D5A7F82FA56-LeaderElection26] INFO  server.RaftServerConfigKeys (ConfUtils.java:logGet(46)) - raft.server.watch.timeout.denomination = 1s (default)
2023-10-27 20:14:57,567 [5b9beb6f-d596-489f-8a17-e362b772df82@group-2D5A7F82FA56-LeaderElection26] INFO  server.RaftServerConfigKeys (ConfUtils.java:logGet(46)) - raft.server.watch.element-limit = 65536 (default)
2023-10-27 20:14:57,568 [5b9beb6f-d596-489f-8a17-e362b772df82@group-2D5A7F82FA56-LeaderElection26] INFO  server.RaftServerConfigKeys (ConfUtils.java:logGet(46)) - raft.server.write.element-limit = 1024 (custom)
2023-10-27 20:14:57,568 [5b9beb6f-d596-489f-8a17-e362b772df82@group-2D5A7F82FA56-LeaderElection26] INFO  server.RaftServerConfigKeys (ConfUtils.java:logGet(46)) - raft.server.write.follower.gap.ratio.max = -1.0 (default)
2023-10-27 20:14:57,575 [5b9beb6f-d596-489f-8a17-e362b772df82@group-2D5A7F82FA56-LeaderElection26] INFO  server.RaftServerConfigKeys (ConfUtils.java:logGet(46)) - raft.server.log.appender.snapshot.chunk.size.max = 16MB (=16777216) (default)
2023-10-27 20:14:57,578 [5b9beb6f-d596-489f-8a17-e362b772df82@group-2D5A7F82FA56-LeaderElection26] INFO  server.RaftServerConfigKeys (ConfUtils.java:logGet(46)) - raft.server.log.appender.buffer.byte-limit = 33554432 (custom)
2023-10-27 20:14:57,578 [5b9beb6f-d596-489f-8a17-e362b772df82@group-2D5A7F82FA56-LeaderElection26] INFO  server.RaftServerConfigKeys (ConfUtils.java:logGet(46)) - raft.server.log.appender.buffer.element-limit = 1 (custom)
2023-10-27 20:14:57,580 [5b9beb6f-d596-489f-8a17-e362b772df82@group-2D5A7F82FA56-LeaderElection26] INFO  server.RaftServerConfigKeys (ConfUtils.java:logGet(46)) - raft.server.log.appender.wait-time.min = 1ms (custom)
2023-10-27 20:14:57,580 [5b9beb6f-d596-489f-8a17-e362b772df82@group-2D5A7F82FA56-LeaderElection26] INFO  grpc.GrpcConfigKeys (ConfUtils.java:logGet(46)) - raft.grpc.server.leader.outstanding.appends.max = 128 (default)
2023-10-27 20:14:57,581 [5b9beb6f-d596-489f-8a17-e362b772df82@group-2D5A7F82FA56-LeaderElection26] INFO  server.RaftServerConfigKeys (ConfUtils.java:logGet(46)) - raft.server.rpc.request.timeout = 60s (custom)
2023-10-27 20:14:57,582 [5b9beb6f-d596-489f-8a17-e362b772df82@group-2D5A7F82FA56-LeaderElection26] INFO  grpc.GrpcConfigKeys (ConfUtils.java:logGet(46)) - raft.grpc.server.install_snapshot.request.element-limit = 8 (default)
2023-10-27 20:14:57,583 [5b9beb6f-d596-489f-8a17-e362b772df82@group-2D5A7F82FA56-LeaderElection26] INFO  grpc.GrpcConfigKeys (ConfUtils.java:logGet(46)) - raft.grpc.server.install_snapshot.request.timeout = 3000ms (default)
2023-10-27 20:14:57,583 [5b9beb6f-d596-489f-8a17-e362b772df82@group-2D5A7F82FA56-LeaderElection26] INFO  server.RaftServerConfigKeys (ConfUtils.java:logGet(46)) - raft.server.log.appender.install.snapshot.enabled = false (custom)
2023-10-27 20:14:57,585 [5b9beb6f-d596-489f-8a17-e362b772df82@group-2D5A7F82FA56-LeaderElection26] INFO  grpc.GrpcConfigKeys (ConfUtils.java:logGet(46)) - raft.grpc.server.heartbeat.channel = true (default)
2023-10-27 20:14:57,595 [5b9beb6f-d596-489f-8a17-e362b772df82@group-2D5A7F82FA56-LeaderElection26] INFO  server.RaftServerConfigKeys (ConfUtils.java:logGet(46)) - raft.server.log.appender.snapshot.chunk.size.max = 16MB (=16777216) (default)
2023-10-27 20:14:57,596 [5b9beb6f-d596-489f-8a17-e362b772df82@group-2D5A7F82FA56-LeaderElection26] INFO  server.RaftServerConfigKeys (ConfUtils.java:logGet(46)) - raft.server.log.appender.buffer.byte-limit = 33554432 (custom)
2023-10-27 20:14:57,597 [5b9beb6f-d596-489f-8a17-e362b772df82@group-2D5A7F82FA56-LeaderElection26] INFO  server.RaftServerConfigKeys (ConfUtils.java:logGet(46)) - raft.server.log.appender.buffer.element-limit = 1 (custom)
2023-10-27 20:14:57,598 [5b9beb6f-d596-489f-8a17-e362b772df82@group-2D5A7F82FA56-LeaderElection26] INFO  server.RaftServerConfigKeys (ConfUtils.java:logGet(46)) - raft.server.log.appender.wait-time.min = 1ms (custom)
2023-10-27 20:14:57,598 [5b9beb6f-d596-489f-8a17-e362b772df82@group-2D5A7F82FA56-LeaderElection26] INFO  grpc.GrpcConfigKeys (ConfUtils.java:logGet(46)) - raft.grpc.server.leader.outstanding.appends.max = 128 (default)
2023-10-27 20:14:57,599 [5b9beb6f-d596-489f-8a17-e362b772df82@group-2D5A7F82FA56-LeaderElection26] INFO  server.RaftServerConfigKeys (ConfUtils.java:logGet(46)) - raft.server.rpc.request.timeout = 60s (custom)
2023-10-27 20:14:57,600 [5b9beb6f-d596-489f-8a17-e362b772df82@group-2D5A7F82FA56-LeaderElection26] INFO  grpc.GrpcConfigKeys (ConfUtils.java:logGet(46)) - raft.grpc.server.install_snapshot.request.element-limit = 8 (default)
2023-10-27 20:14:57,601 [5b9beb6f-d596-489f-8a17-e362b772df82@group-2D5A7F82FA56-LeaderElection26] INFO  grpc.GrpcConfigKeys (ConfUtils.java:logGet(46)) - raft.grpc.server.install_snapshot.request.timeout = 3000ms (default)
2023-10-27 20:14:57,602 [5b9beb6f-d596-489f-8a17-e362b772df82@group-2D5A7F82FA56-LeaderElection26] INFO  server.RaftServerConfigKeys (ConfUtils.java:logGet(46)) - raft.server.log.appender.install.snapshot.enabled = false (custom)
2023-10-27 20:14:57,605 [5b9beb6f-d596-489f-8a17-e362b772df82@group-2D5A7F82FA56-LeaderElection26] INFO  grpc.GrpcConfigKeys (ConfUtils.java:logGet(46)) - raft.grpc.server.heartbeat.channel = true (default)
2023-10-27 20:14:57,606 [5b9beb6f-d596-489f-8a17-e362b772df82@group-2D5A7F82FA56-LeaderElection26] INFO  impl.RoleInfo (RoleInfo.java:updateAndGet(139)) - 5b9beb6f-d596-489f-8a17-e362b772df82: start 5b9beb6f-d596-489f-8a17-e362b772df82@group-2D5A7F82FA56-LeaderStateImpl
2023-10-27 20:14:57,611 [5b9beb6f-d596-489f-8a17-e362b772df82@group-2D5A7F82FA56-LeaderElection26] INFO  segmented.SegmentedRaftLogWorker (SegmentedRaftLogWorker.java:rollLogSegment(452)) - 5b9beb6f-d596-489f-8a17-e362b772df82@group-2D5A7F82FA56-SegmentedRaftLogWorker: Rolling segment log-0_0 to index:0
2023-10-27 20:14:57,621 [5b9beb6f-d596-489f-8a17-e362b772df82@group-2D5A7F82FA56-SegmentedRaftLogWorker] INFO  segmented.SegmentedRaftLogWorker (SegmentedRaftLogWorker.java:execute(608)) - 5b9beb6f-d596-489f-8a17-e362b772df82@group-2D5A7F82FA56-SegmentedRaftLogWorker: Rolled log segment from /home/runner/work/ozone/ozone/hadoop-ozone/integration-test/target/test-dir/MiniOzoneClusterImpl-60426a9d-3de2-4373-b08b-24a22c9da129/datanode-9/data/ratis/273a9d47-263d-4559-8519-2d5a7f82fa56/current/log_inprogress_0 to /home/runner/work/ozone/ozone/hadoop-ozone/integration-test/target/test-dir/MiniOzoneClusterImpl-60426a9d-3de2-4373-b08b-24a22c9da129/datanode-9/data/ratis/273a9d47-263d-4559-8519-2d5a7f82fa56/current/log_0-0
2023-10-27 20:14:57,624 [5b9beb6f-d596-489f-8a17-e362b772df82@group-2D5A7F82FA56-SegmentedRaftLogWorker] INFO  segmented.SegmentedRaftLogWorker (SegmentedRaftLogWorker.java:execute(651)) - 5b9beb6f-d596-489f-8a17-e362b772df82@group-2D5A7F82FA56-SegmentedRaftLogWorker: created new log segment /home/runner/work/ozone/ozone/hadoop-ozone/integration-test/target/test-dir/MiniOzoneClusterImpl-60426a9d-3de2-4373-b08b-24a22c9da129/datanode-9/data/ratis/273a9d47-263d-4559-8519-2d5a7f82fa56/current/log_inprogress_1
2023-10-27 20:14:57,629 [5b9beb6f-d596-489f-8a17-e362b772df82@group-2D5A7F82FA56-LeaderElection26] INFO  server.RaftServer$Division (ServerState.java:setRaftConf(434)) - 5b9beb6f-d596-489f-8a17-e362b772df82@group-2D5A7F82FA56: set configuration 1: peers:[f612f2cf-90dc-41dc-bf39-cf028d38c484|rpc:10.1.0.32:15077|admin:10.1.0.32:15076|client:10.1.0.32:15075|dataStream:10.1.0.32:15078|priority:0|startupRole:FOLLOWER, 5b9beb6f-d596-489f-8a17-e362b772df82|rpc:10.1.0.32:15095|admin:10.1.0.32:15094|client:10.1.0.32:15093|dataStream:10.1.0.32:15096|priority:0|startupRole:FOLLOWER, fe9b02b7-73ff-430f-9d75-1483ab7beb41|rpc:10.1.0.32:15068|admin:10.1.0.32:15067|client:10.1.0.32:15066|dataStream:10.1.0.32:15069|priority:1|startupRole:FOLLOWER]|listeners:[], old=null
2023-10-27 20:14:57,629 [f612f2cf-90dc-41dc-bf39-cf028d38c484-server-thread3] INFO  ratis.XceiverServerRatis (XceiverServerRatis.java:handleLeaderChangedNotification(903)) - Leader change notification received for group: group-2D5A7F82FA56 with new leaderId: 5b9beb6f-d596-489f-8a17-e362b772df82
2023-10-27 20:14:57,630 [f612f2cf-90dc-41dc-bf39-cf028d38c484-server-thread3] INFO  server.RaftServer$Division (ServerState.java:setLeader(317)) - f612f2cf-90dc-41dc-bf39-cf028d38c484@group-2D5A7F82FA56: change Leader from null to 5b9beb6f-d596-489f-8a17-e362b772df82 at term 2 for appendEntries, leader elected after 86ms
2023-10-27 20:14:57,638 [f612f2cf-90dc-41dc-bf39-cf028d38c484-server-thread2] INFO  server.RaftServer$Division (ServerState.java:setRaftConf(434)) - f612f2cf-90dc-41dc-bf39-cf028d38c484@group-2D5A7F82FA56: set configuration 1: peers:[f612f2cf-90dc-41dc-bf39-cf028d38c484|rpc:10.1.0.32:15077|admin:10.1.0.32:15076|client:10.1.0.32:15075|dataStream:10.1.0.32:15078|priority:0|startupRole:FOLLOWER, 5b9beb6f-d596-489f-8a17-e362b772df82|rpc:10.1.0.32:15095|admin:10.1.0.32:15094|client:10.1.0.32:15093|dataStream:10.1.0.32:15096|priority:0|startupRole:FOLLOWER, fe9b02b7-73ff-430f-9d75-1483ab7beb41|rpc:10.1.0.32:15068|admin:10.1.0.32:15067|client:10.1.0.32:15066|dataStream:10.1.0.32:15069|priority:1|startupRole:FOLLOWER]|listeners:[], old=null
2023-10-27 20:14:57,638 [f612f2cf-90dc-41dc-bf39-cf028d38c484-server-thread2] INFO  segmented.SegmentedRaftLogWorker (SegmentedRaftLogWorker.java:rollLogSegment(452)) - f612f2cf-90dc-41dc-bf39-cf028d38c484@group-2D5A7F82FA56-SegmentedRaftLogWorker: Rolling segment log-0_0 to index:0
2023-10-27 20:14:57,639 [f612f2cf-90dc-41dc-bf39-cf028d38c484@group-2D5A7F82FA56-SegmentedRaftLogWorker] INFO  segmented.SegmentedRaftLogWorker (SegmentedRaftLogWorker.java:execute(608)) - f612f2cf-90dc-41dc-bf39-cf028d38c484@group-2D5A7F82FA56-SegmentedRaftLogWorker: Rolled log segment from /home/runner/work/ozone/ozone/hadoop-ozone/integration-test/target/test-dir/MiniOzoneClusterImpl-60426a9d-3de2-4373-b08b-24a22c9da129/datanode-7/data/ratis/273a9d47-263d-4559-8519-2d5a7f82fa56/current/log_inprogress_0 to /home/runner/work/ozone/ozone/hadoop-ozone/integration-test/target/test-dir/MiniOzoneClusterImpl-60426a9d-3de2-4373-b08b-24a22c9da129/datanode-7/data/ratis/273a9d47-263d-4559-8519-2d5a7f82fa56/current/log_0-0
2023-10-27 20:14:57,638 [grpc-default-executor-2] WARN  server.GrpcLogAppender (LogUtils.java:warn(122)) - 5b9beb6f-d596-489f-8a17-e362b772df82@group-2D5A7F82FA56->fe9b02b7-73ff-430f-9d75-1483ab7beb41-AppendLogResponseHandler: Failed appendEntries: org.apache.ratis.thirdparty.io.grpc.StatusRuntimeException: UNAVAILABLE: io exception
2023-10-27 20:14:57,643 [f612f2cf-90dc-41dc-bf39-cf028d38c484@group-2D5A7F82FA56-SegmentedRaftLogWorker] INFO  segmented.SegmentedRaftLogWorker (SegmentedRaftLogWorker.java:execute(651)) - f612f2cf-90dc-41dc-bf39-cf028d38c484@group-2D5A7F82FA56-SegmentedRaftLogWorker: created new log segment /home/runner/work/ozone/ozone/hadoop-ozone/integration-test/target/test-dir/MiniOzoneClusterImpl-60426a9d-3de2-4373-b08b-24a22c9da129/datanode-7/data/ratis/273a9d47-263d-4559-8519-2d5a7f82fa56/current/log_inprogress_1
2023-10-27 20:14:57,650 [grpc-default-executor-1] WARN  server.GrpcLogAppender (LogUtils.java:warn(122)) - 5b9beb6f-d596-489f-8a17-e362b772df82@group-2D5A7F82FA56->fe9b02b7-73ff-430f-9d75-1483ab7beb41-AppendLogResponseHandler: Failed appendEntries: org.apache.ratis.thirdparty.io.grpc.StatusRuntimeException: UNAVAILABLE: io exception
2023-10-27 20:14:57,652 [grpc-default-executor-2] INFO  leader.FollowerInfo (FollowerInfoImpl.java:lambda$new$0(52)) - 5b9beb6f-d596-489f-8a17-e362b772df82@group-2D5A7F82FA56->fe9b02b7-73ff-430f-9d75-1483ab7beb41: decreaseNextIndex nextIndex: updateUnconditionally 1 -> 0
2023-10-27 20:14:57,654 [grpc-default-executor-1] WARN  server.GrpcLogAppender (LogUtils.java:warn(122)) - 5b9beb6f-d596-489f-8a17-e362b772df82@group-2D5A7F82FA56->fe9b02b7-73ff-430f-9d75-1483ab7beb41-AppendLogResponseHandler: Failed appendEntries: org.apache.ratis.thirdparty.io.grpc.StatusRuntimeException: UNAVAILABLE: io exception
2023-10-27 20:14:57,656 [grpc-default-executor-2] WARN  server.GrpcLogAppender (LogUtils.java:warn(122)) - 5b9beb6f-d596-489f-8a17-e362b772df82@group-2D5A7F82FA56->fe9b02b7-73ff-430f-9d75-1483ab7beb41-AppendLogResponseHandler: Failed appendEntries: org.apache.ratis.thirdparty.io.grpc.StatusRuntimeException: UNAVAILABLE: io exception
2023-10-27 20:14:57,660 [grpc-default-executor-2] WARN  server.GrpcLogAppender (LogUtils.java:warn(122)) - 5b9beb6f-d596-489f-8a17-e362b772df82@group-2D5A7F82FA56->fe9b02b7-73ff-430f-9d75-1483ab7beb41-AppendLogResponseHandler: Failed appendEntries: org.apache.ratis.thirdparty.io.grpc.StatusRuntimeException: UNAVAILABLE: io exception
2023-10-27 20:14:57,661 [grpc-default-executor-4] WARN  server.GrpcLogAppender (LogUtils.java:warn(122)) - 5b9beb6f-d596-489f-8a17-e362b772df82@group-2D5A7F82FA56->fe9b02b7-73ff-430f-9d75-1483ab7beb41-AppendLogResponseHandler: Failed appendEntries: org.apache.ratis.thirdparty.io.grpc.StatusRuntimeException: UNAVAILABLE: io exception
2023-10-27 20:14:57,663 [grpc-default-executor-2] INFO  leader.FollowerInfo (FollowerInfoImpl.java:lambda$new$0(52)) - 5b9beb6f-d596-489f-8a17-e362b772df82@group-2D5A7F82FA56->fe9b02b7-73ff-430f-9d75-1483ab7beb41: decreaseNextIndex nextIndex: updateUnconditionally 1 -> 0
2023-10-27 20:14:57,669 [grpc-default-executor-4] WARN  server.GrpcLogAppender (LogUtils.java:warn(122)) - 5b9beb6f-d596-489f-8a17-e362b772df82@group-2D5A7F82FA56->fe9b02b7-73ff-430f-9d75-1483ab7beb41-AppendLogResponseHandler: Failed appendEntries: org.apache.ratis.thirdparty.io.grpc.StatusRuntimeException: UNAVAILABLE: io exception
2023-10-27 20:14:57,671 [grpc-default-executor-2] WARN  server.GrpcLogAppender (LogUtils.java:warn(122)) - 5b9beb6f-d596-489f-8a17-e362b772df82@group-2D5A7F82FA56->fe9b02b7-73ff-430f-9d75-1483ab7beb41-AppendLogResponseHandler: Failed appendEntries: org.apache.ratis.thirdparty.io.grpc.StatusRuntimeException: UNAVAILABLE: io exception
2023-10-27 20:14:57,673 [grpc-default-executor-4] INFO  leader.FollowerInfo (FollowerInfoImpl.java:lambda$new$0(52)) - 5b9beb6f-d596-489f-8a17-e362b772df82@group-2D5A7F82FA56->fe9b02b7-73ff-430f-9d75-1483ab7beb41: decreaseNextIndex nextIndex: updateUnconditionally 1 -> 0
2023-10-27 20:14:57,676 [grpc-default-executor-2] WARN  server.GrpcLogAppender (LogUtils.java:warn(122)) - 5b9beb6f-d596-489f-8a17-e362b772df82@group-2D5A7F82FA56->fe9b02b7-73ff-430f-9d75-1483ab7beb41-AppendLogResponseHandler: Failed appendEntries: org.apache.ratis.thirdparty.io.grpc.StatusRuntimeException: UNAVAILABLE: io exception
2023-10-27 20:14:57,677 [grpc-default-executor-4] WARN  server.GrpcLogAppender (LogUtils.java:warn(122)) - 5b9beb6f-d596-489f-8a17-e362b772df82@group-2D5A7F82FA56->fe9b02b7-73ff-430f-9d75-1483ab7beb41-AppendLogResponseHandler: Failed appendEntries: org.apache.ratis.thirdparty.io.grpc.StatusRuntimeException: UNAVAILABLE: io exception
2023-10-27 20:14:57,679 [grpc-default-executor-2] INFO  leader.FollowerInfo (FollowerInfoImpl.java:lambda$new$0(52)) - 5b9beb6f-d596-489f-8a17-e362b772df82@group-2D5A7F82FA56->fe9b02b7-73ff-430f-9d75-1483ab7beb41: decreaseNextIndex nextIndex: updateUnconditionally 1 -> 0
2023-10-27 20:14:57,682 [grpc-default-executor-4] WARN  server.GrpcLogAppender (LogUtils.java:warn(122)) - 5b9beb6f-d596-489f-8a17-e362b772df82@group-2D5A7F82FA56->fe9b02b7-73ff-430f-9d75-1483ab7beb41-AppendLogResponseHandler: Failed appendEntries: org.apache.ratis.thirdparty.io.grpc.StatusRuntimeException: UNAVAILABLE: io exception
2023-10-27 20:14:57,683 [grpc-default-executor-2] WARN  server.GrpcLogAppender (LogUtils.java:warn(122)) - 5b9beb6f-d596-489f-8a17-e362b772df82@group-2D5A7F82FA56->fe9b02b7-73ff-430f-9d75-1483ab7beb41-AppendLogResponseHandler: Failed appendEntries: org.apache.ratis.thirdparty.io.grpc.StatusRuntimeException: UNAVAILABLE: io exception
2023-10-27 20:14:57,684 [grpc-default-executor-4] INFO  leader.FollowerInfo (FollowerInfoImpl.java:lambda$new$0(52)) - 5b9beb6f-d596-489f-8a17-e362b772df82@group-2D5A7F82FA56->fe9b02b7-73ff-430f-9d75-1483ab7beb41: decreaseNextIndex nextIndex: updateUnconditionally 1 -> 0
2023-10-27 20:14:57,687 [grpc-default-executor-2] WARN  server.GrpcLogAppender (LogUtils.java:warn(122)) - 5b9beb6f-d596-489f-8a17-e362b772df82@group-2D5A7F82FA56->fe9b02b7-73ff-430f-9d75-1483ab7beb41-AppendLogResponseHandler: Failed appendEntries: org.apache.ratis.thirdparty.io.grpc.StatusRuntimeException: UNAVAILABLE: io exception
2023-10-27 20:14:57,688 [grpc-default-executor-4] WARN  server.GrpcLogAppender (LogUtils.java:warn(122)) - 5b9beb6f-d596-489f-8a17-e362b772df82@group-2D5A7F82FA56->fe9b02b7-73ff-430f-9d75-1483ab7beb41-AppendLogResponseHandler: Failed appendEntries: org.apache.ratis.thirdparty.io.grpc.StatusRuntimeException: UNAVAILABLE: io exception
2023-10-27 20:14:57,690 [grpc-default-executor-2] INFO  leader.FollowerInfo (FollowerInfoImpl.java:lambda$new$0(52)) - 5b9beb6f-d596-489f-8a17-e362b772df82@group-2D5A7F82FA56->fe9b02b7-73ff-430f-9d75-1483ab7beb41: decreaseNextIndex nextIndex: updateUnconditionally 1 -> 0
2023-10-27 20:14:57,693 [grpc-default-executor-2] WARN  server.GrpcLogAppender (LogUtils.java:warn(122)) - 5b9beb6f-d596-489f-8a17-e362b772df82@group-2D5A7F82FA56->fe9b02b7-73ff-430f-9d75-1483ab7beb41-AppendLogResponseHandler: Failed appendEntries: org.apache.ratis.thirdparty.io.grpc.StatusRuntimeException: UNAVAILABLE: io exception
2023-10-27 20:14:57,696 [grpc-default-executor-4] WARN  server.GrpcLogAppender (LogUtils.java:warn(122)) - 5b9beb6f-d596-489f-8a17-e362b772df82@group-2D5A7F82FA56->fe9b02b7-73ff-430f-9d75-1483ab7beb41-AppendLogResponseHandler: Failed appendEntries: org.apache.ratis.thirdparty.io.grpc.StatusRuntimeException: UNAVAILABLE: io exception
2023-10-27 20:14:57,697 [grpc-default-executor-2] INFO  leader.FollowerInfo (FollowerInfoImpl.java:lambda$new$0(52)) - 5b9beb6f-d596-489f-8a17-e362b772df82@group-2D5A7F82FA56->fe9b02b7-73ff-430f-9d75-1483ab7beb41: decreaseNextIndex nextIndex: updateUnconditionally 1 -> 0
2023-10-27 20:14:58,815 [main] INFO  utils.DatanodeStoreCache (DatanodeStoreCache.java:shutdownCache(110)) - Skip clearing cache in mini cluster mode. Entries left: [/home/runner/work/ozone/ozone/hadoop-ozone/integration-test/target/test-dir/MiniOzoneClusterImpl-60426a9d-3de2-4373-b08b-24a22c9da129/datanode-0/data-0/containers/hdds/60426a9d-3de2-4373-b08b-24a22c9da129/DS-1e54ca95-763e-4195-9d86-7d78ae89555c/container.db, /home/runner/work/ozone/ozone/hadoop-ozone/integration-test/target/test-dir/MiniOzoneClusterImpl-60426a9d-3de2-4373-b08b-24a22c9da129/datanode-1/data-0/containers/hdds/60426a9d-3de2-4373-b08b-24a22c9da129/DS-19ef2fe5-b87b-4790-9d20-bdb6974d6ea0/container.db, /home/runner/work/ozone/ozone/hadoop-ozone/integration-test/target/test-dir/MiniOzoneClusterImpl-60426a9d-3de2-4373-b08b-24a22c9da129/datanode-2/data-0/containers/hdds/60426a9d-3de2-4373-b08b-24a22c9da129/DS-37fa1772-ccda-4154-a0e6-a2735a84fb2b/container.db, /home/runner/work/ozone/ozone/hadoop-ozone/integration-test/target/test-dir/MiniOzoneClusterImpl-60426a9d-3de2-4373-b08b-24a22c9da129/datanode-3/data-0/containers/hdds/60426a9d-3de2-4373-b08b-24a22c9da129/DS-81f03ff3-e9cf-4506-8d54-b6204db8c262/container.db, /home/runner/work/ozone/ozone/hadoop-ozone/integration-test/target/test-dir/MiniOzoneClusterImpl-60426a9d-3de2-4373-b08b-24a22c9da129/datanode-4/data-0/containers/hdds/60426a9d-3de2-4373-b08b-24a22c9da129/DS-521be8bb-7465-4f70-8b24-901bb749fe45/container.db, /home/runner/work/ozone/ozone/hadoop-ozone/integration-test/target/test-dir/MiniOzoneClusterImpl-60426a9d-3de2-4373-b08b-24a22c9da129/datanode-5/data-0/containers/hdds/60426a9d-3de2-4373-b08b-24a22c9da129/DS-ee994c54-1506-4550-8ac0-c092e823467b/container.db, /home/runner/work/ozone/ozone/hadoop-ozone/integration-test/target/test-dir/MiniOzoneClusterImpl-60426a9d-3de2-4373-b08b-24a22c9da129/datanode-6/data-0/containers/hdds/60426a9d-3de2-4373-b08b-24a22c9da129/DS-420f9bf7-33ab-4d37-bbd2-317c210bc18d/container.db, /home/runner/work/ozone/ozone/hadoop-ozone/integration-test/target/test-dir/MiniOzoneClusterImpl-60426a9d-3de2-4373-b08b-24a22c9da129/datanode-7/data-0/containers/hdds/60426a9d-3de2-4373-b08b-24a22c9da129/DS-78e68d47-7cf6-44b5-a27e-c3d762a2a4de/container.db, /home/runner/work/ozone/ozone/hadoop-ozone/integration-test/target/test-dir/MiniOzoneClusterImpl-60426a9d-3de2-4373-b08b-24a22c9da129/datanode-8/data-0/containers/hdds/60426a9d-3de2-4373-b08b-24a22c9da129/DS-9dfc42b9-c6c6-4407-a289-72bc626c6284/container.db, /home/runner/work/ozone/ozone/hadoop-ozone/integration-test/target/test-dir/MiniOzoneClusterImpl-60426a9d-3de2-4373-b08b-24a22c9da129/datanode-9/data-0/containers/hdds/60426a9d-3de2-4373-b08b-24a22c9da129/DS-fb8c5c59-6de2-427a-b6a7-3b47ccf53053/container.db]
2023-10-27 20:14:58,826 [main] INFO  utils.DatanodeStoreCache (DatanodeStoreCache.java:removeDB(104)) - Removed db /home/runner/work/ozone/ozone/hadoop-ozone/integration-test/target/test-dir/MiniOzoneClusterImpl-60426a9d-3de2-4373-b08b-24a22c9da129/datanode-6/data-0/containers/hdds/60426a9d-3de2-4373-b08b-24a22c9da129/DS-420f9bf7-33ab-4d37-bbd2-317c210bc18d/container.db from cache
2023-10-27 20:14:58,827 [main] INFO  volume.HddsVolume (HddsVolume.java:closeDbStore(453)) - SchemaV3 db is stopped at /home/runner/work/ozone/ozone/hadoop-ozone/integration-test/target/test-dir/MiniOzoneClusterImpl-60426a9d-3de2-4373-b08b-24a22c9da129/datanode-6/data-0/containers/hdds/60426a9d-3de2-4373-b08b-24a22c9da129/DS-420f9bf7-33ab-4d37-bbd2-317c210bc18d/container.db for volume DS-420f9bf7-33ab-4d37-bbd2-317c210bc18d
2023-10-27 20:14:58,829 [main] INFO  utils.BackgroundService (BackgroundService.java:shutdown(160)) - Shutting down service BlockDeletingService
2023-10-27 20:14:58,830 [main] INFO  utils.BackgroundService (BackgroundService.java:shutdown(160)) - Shutting down service StaleRecoveringContainerScrubbingService
2023-10-27 20:14:58,835 [main] INFO  statemachine.DatanodeStateMachine (DatanodeStateMachine.java:stopDaemon(638)) - Ozone container server stopped.
2023-10-27 20:14:58,837 [main] INFO  handler.ContextHandler (ContextHandler.java:doStop(1159)) - Stopped o.e.j.w.WebAppContext@c0c430{hddsDatanode,/,null,STOPPED}{jar:file:/home/runner/.m2/repository/org/apache/ozone/hdds-container-service/1.4.0-SNAPSHOT/hdds-container-service-1.4.0-SNAPSHOT.jar!/webapps/hddsDatanode}
2023-10-27 20:14:58,843 [main] INFO  server.AbstractConnector (AbstractConnector.java:doStop(383)) - Stopped ServerConnector@34300e71{HTTP/1.1, (http/1.1)}{0.0.0.0:15063}
2023-10-27 20:14:58,844 [main] INFO  server.session (HouseKeeper.java:stopScavenging(149)) - node0 Stopped scavenging
2023-10-27 20:14:58,845 [main] INFO  handler.ContextHandler (ContextHandler.java:doStop(1159)) - Stopped o.e.j.s.ServletContextHandler@44d6039d{static,/static,jar:file:/home/runner/.m2/repository/org/apache/ozone/hdds-container-service/1.4.0-SNAPSHOT/hdds-container-service-1.4.0-SNAPSHOT.jar!/webapps/static,STOPPED}
2023-10-27 20:14:58,846 [main] INFO  handler.ContextHandler (ContextHandler.java:doStop(1159)) - Stopped o.e.j.s.ServletContextHandler@9a3b9ba{logs,/logs,file:///home/runner/work/ozone/ozone/hadoop-ozone/integration-test/target/log,STOPPED}
2023-10-27 20:14:58,849 [main] INFO  ozone.HddsDatanodeClientProtocolServer (HddsDatanodeClientProtocolServer.java:stop(78)) - Stopping the RPC server for Client Protocol
2023-10-27 20:14:58,850 [main] INFO  ipc.Server (Server.java:stop(3523)) - Stopping server on 15064
2023-10-27 20:14:58,853 [IPC Server listener on 15064] INFO  ipc.Server (Server.java:run(1434)) - Stopping IPC Server listener on 15064
2023-10-27 20:14:58,856 [IPC Server Responder] INFO  ipc.Server (Server.java:run(1567)) - Stopping IPC Server Responder
2023-10-27 20:14:58,884 [94422c73-384a-4d9a-a15d-46d9f5b840aa-BlockDeletingService#0] INFO  interfaces.ContainerDeletionChoosingPolicyTemplate (ContainerDeletionChoosingPolicyTemplate.java:chooseContainerForBlockDeletion(85)) - Chosen 0/5000 blocks from 0 candidate containers.
2023-10-27 20:14:58,908 [grpc-default-executor-4] WARN  server.GrpcLogAppender (LogUtils.java:warn(122)) - 5b9beb6f-d596-489f-8a17-e362b772df82@group-2D5A7F82FA56->fe9b02b7-73ff-430f-9d75-1483ab7beb41-AppendLogResponseHandler: Failed appendEntries: org.apache.ratis.thirdparty.io.grpc.StatusRuntimeException: UNAVAILABLE: io exception
2023-10-27 20:14:58,909 [grpc-default-executor-2] WARN  server.GrpcLogAppender (LogUtils.java:warn(122)) - 5b9beb6f-d596-489f-8a17-e362b772df82@group-2D5A7F82FA56->fe9b02b7-73ff-430f-9d75-1483ab7beb41-AppendLogResponseHandler: Failed appendEntries: org.apache.ratis.thirdparty.io.grpc.StatusRuntimeException: UNAVAILABLE: io exception
2023-10-27 20:14:58,913 [grpc-default-executor-2] WARN  server.GrpcLogAppender (LogUtils.java:warn(122)) - 5b9beb6f-d596-489f-8a17-e362b772df82@group-2D5A7F82FA56->fe9b02b7-73ff-430f-9d75-1483ab7beb41-AppendLogResponseHandler: Failed appendEntries: org.apache.ratis.thirdparty.io.grpc.StatusRuntimeException: UNAVAILABLE: io exception
2023-10-27 20:14:58,914 [grpc-default-executor-4] WARN  server.GrpcLogAppender (LogUtils.java:warn(122)) - 5b9beb6f-d596-489f-8a17-e362b772df82@group-2D5A7F82FA56->fe9b02b7-73ff-430f-9d75-1483ab7beb41-AppendLogResponseHandler: Failed appendEntries: org.apache.ratis.thirdparty.io.grpc.StatusRuntimeException: UNAVAILABLE: io exception
2023-10-27 20:14:58,915 [grpc-default-executor-2] INFO  leader.FollowerInfo (FollowerInfoImpl.java:lambda$new$0(52)) - 5b9beb6f-d596-489f-8a17-e362b772df82@group-2D5A7F82FA56->fe9b02b7-73ff-430f-9d75-1483ab7beb41: decreaseNextIndex nextIndex: updateUnconditionally 1 -> 0
2023-10-27 20:14:58,956 [EventQueue-DeadNodeForDeadNodeHandler] INFO  node.DeadNodeHandler (DeadNodeHandler.java:onMessage(82)) - A dead datanode is detected. fe9b02b7-73ff-430f-9d75-1483ab7beb41(fv-az342-943/10.1.0.32)
2023-10-27 20:14:58,957 [EventQueue-DeadNodeForDeadNodeHandler] INFO  pipeline.RatisPipelineProvider (RatisPipelineProvider.java:lambda$close$4(272)) - Send pipeline:PipelineID=c6409f40-347f-4249-a917-6679fa40306c close command to datanode fe9b02b7-73ff-430f-9d75-1483ab7beb41
2023-10-27 20:14:58,958 [EventQueue-DeadNodeForDeadNodeHandler] INFO  pipeline.PipelineManagerImpl (PipelineManagerImpl.java:removePipeline(459)) - Pipeline Pipeline[ Id: c6409f40-347f-4249-a917-6679fa40306c, Nodes: fe9b02b7-73ff-430f-9d75-1483ab7beb41(fv-az342-943/10.1.0.32), ReplicationConfig: RATIS/ONE, State:CLOSED, leaderId:fe9b02b7-73ff-430f-9d75-1483ab7beb41, CreationTimestamp2023-10-27T20:14:02.121Z[Etc/UTC]] removed.
2023-10-27 20:14:58,959 [EventQueue-DeadNodeForDeadNodeHandler] INFO  pipeline.PipelineManagerImpl (PipelineManagerImpl.java:removePipeline(459)) - Pipeline Pipeline[ Id: b8e2a9ab-9134-4761-8320-1d3aa0ba8245, Nodes: fe9b02b7-73ff-430f-9d75-1483ab7beb41(fv-az342-943/10.1.0.32)1407d0d1-39ba-4bc0-b697-1e16e43cd838(fv-az342-943/10.1.0.32)5b9beb6f-d596-489f-8a17-e362b772df82(fv-az342-943/10.1.0.32)23554148-3e4d-431f-a73e-f2401dbff1d4(fv-az342-943/10.1.0.32)55507c8a-594d-4e25-909f-8d2832294c55(fv-az342-943/10.1.0.32), ReplicationConfig: EC{rs-3-2-1024k}, State:CLOSED, leaderId:, CreationTimestamp2023-10-27T20:14:51.797Z[Etc/UTC]] removed.
2023-10-27 20:14:58,960 [EventQueue-DeadNodeForDeadNodeHandler] INFO  pipeline.RatisPipelineProvider (RatisPipelineProvider.java:lambda$close$4(272)) - Send pipeline:PipelineID=273a9d47-263d-4559-8519-2d5a7f82fa56 close command to datanode fe9b02b7-73ff-430f-9d75-1483ab7beb41
2023-10-27 20:14:58,960 [EventQueue-DeadNodeForDeadNodeHandler] INFO  pipeline.RatisPipelineProvider (RatisPipelineProvider.java:lambda$close$4(272)) - Send pipeline:PipelineID=273a9d47-263d-4559-8519-2d5a7f82fa56 close command to datanode f612f2cf-90dc-41dc-bf39-cf028d38c484
2023-10-27 20:14:58,961 [EventQueue-DeadNodeForDeadNodeHandler] INFO  pipeline.RatisPipelineProvider (RatisPipelineProvider.java:lambda$close$4(272)) - Send pipeline:PipelineID=273a9d47-263d-4559-8519-2d5a7f82fa56 close command to datanode 5b9beb6f-d596-489f-8a17-e362b772df82
2023-10-27 20:14:58,962 [EventQueue-DeadNodeForDeadNodeHandler] INFO  pipeline.PipelineManagerImpl (PipelineManagerImpl.java:removePipeline(459)) - Pipeline Pipeline[ Id: 273a9d47-263d-4559-8519-2d5a7f82fa56, Nodes: fe9b02b7-73ff-430f-9d75-1483ab7beb41(fv-az342-943/10.1.0.32)f612f2cf-90dc-41dc-bf39-cf028d38c484(fv-az342-943/10.1.0.32)5b9beb6f-d596-489f-8a17-e362b772df82(fv-az342-943/10.1.0.32), ReplicationConfig: RATIS/THREE, State:CLOSED, leaderId:5b9beb6f-d596-489f-8a17-e362b772df82, CreationTimestamp2023-10-27T20:14:39.572Z[Etc/UTC]] removed.
2023-10-27 20:14:58,962 [EventQueue-DeadNodeForDeadNodeHandler] INFO  node.DeadNodeHandler (DeadNodeHandler.java:onMessage(95)) - Clearing command queue of size 3 for DN fe9b02b7-73ff-430f-9d75-1483ab7beb41(fv-az342-943/10.1.0.32)
2023-10-27 20:14:58,963 [EventQueue-DeadNodeForDeadNodeHandler] INFO  net.NetworkTopologyImpl (NetworkTopologyImpl.java:remove(190)) - Removed a node: /default-rack/fe9b02b7-73ff-430f-9d75-1483ab7beb41
2023-10-27 20:14:59,015 [0ef615e1-91db-4ede-b924-53e2d320f02d-BlockDeletingService#0] INFO  interfaces.ContainerDeletionChoosingPolicyTemplate (ContainerDeletionChoosingPolicyTemplate.java:chooseContainerForBlockDeletion(85)) - Chosen 0/5000 blocks from 0 candidate containers.
2023-10-27 20:14:59,016 [1407d0d1-39ba-4bc0-b697-1e16e43cd838-CloseContainerThread-0] INFO  keyvalue.KeyValueContainer (KeyValueContainer.java:flushAndSyncDB(522)) - Container 2 is synced with bcsId 0.
2023-10-27 20:14:59,017 [1407d0d1-39ba-4bc0-b697-1e16e43cd838-CloseContainerThread-0] INFO  keyvalue.KeyValueContainer (KeyValueContainer.java:flushAndSyncDB(522)) - Container 2 is synced with bcsId 0.
2023-10-27 20:14:59,028 [23554148-3e4d-431f-a73e-f2401dbff1d4-CloseContainerThread-0] INFO  keyvalue.KeyValueContainer (KeyValueContainer.java:flushAndSyncDB(522)) - Container 2 is synced with bcsId 0.
2023-10-27 20:14:59,029 [23554148-3e4d-431f-a73e-f2401dbff1d4-CloseContainerThread-0] INFO  keyvalue.KeyValueContainer (KeyValueContainer.java:flushAndSyncDB(522)) - Container 2 is synced with bcsId 0.
2023-10-27 20:14:59,031 [55507c8a-594d-4e25-909f-8d2832294c55-CloseContainerThread-1] INFO  keyvalue.KeyValueContainer (KeyValueContainer.java:flushAndSyncDB(522)) - Container 2 is synced with bcsId 0.
2023-10-27 20:14:59,031 [55507c8a-594d-4e25-909f-8d2832294c55-CloseContainerThread-1] INFO  keyvalue.KeyValueContainer (KeyValueContainer.java:flushAndSyncDB(522)) - Container 2 is synced with bcsId 0.
2023-10-27 20:14:59,036 [5b9beb6f-d596-489f-8a17-e362b772df82-CloseContainerThread-2] INFO  keyvalue.KeyValueContainer (KeyValueContainer.java:flushAndSyncDB(522)) - Container 2 is synced with bcsId 0.
2023-10-27 20:14:59,036 [5b9beb6f-d596-489f-8a17-e362b772df82-CloseContainerThread-2] INFO  keyvalue.KeyValueContainer (KeyValueContainer.java:flushAndSyncDB(522)) - Container 2 is synced with bcsId 0.
2023-10-27 20:14:59,043 [1407d0d1-39ba-4bc0-b697-1e16e43cd838-CloseContainerThread-0] INFO  keyvalue.KeyValueContainer (KeyValueContainer.java:close(437)) - Container 2 is closed with bcsId 0.
2023-10-27 20:14:59,050 [23554148-3e4d-431f-a73e-f2401dbff1d4-CloseContainerThread-0] INFO  keyvalue.KeyValueContainer (KeyValueContainer.java:close(437)) - Container 2 is closed with bcsId 0.
2023-10-27 20:14:59,050 [55507c8a-594d-4e25-909f-8d2832294c55-CloseContainerThread-1] INFO  keyvalue.KeyValueContainer (KeyValueContainer.java:close(437)) - Container 2 is closed with bcsId 0.
2023-10-27 20:14:59,053 [FixedThreadPoolWithAffinityExecutor-1-0] INFO  container.IncrementalContainerReportHandler (AbstractContainerReportHandler.java:updateContainerState(312)) - Moving container #2 to CLOSED state, datanode 23554148-3e4d-431f-a73e-f2401dbff1d4(fv-az342-943/10.1.0.32) reported CLOSED replica with index 4.
2023-10-27 20:14:59,059 [main] INFO  replication.ReplicationManager (ReplicationManager.java:stop(323)) - Stopping Replication Monitor Thread.
2023-10-27 20:14:59,059 [UnderReplicatedProcessor] WARN  replication.UnhealthyReplicationProcessor (UnhealthyReplicationProcessor.java:run(180)) - UnderReplicatedProcessor interrupted. Exiting...
2023-10-27 20:14:59,060 [OverReplicatedProcessor] WARN  replication.UnhealthyReplicationProcessor (UnhealthyReplicationProcessor.java:run(180)) - OverReplicatedProcessor interrupted. Exiting...
2023-10-27 20:14:59,060 [ReplicationMonitor] INFO  replication.ReplicationManager (ReplicationManager.java:run(922)) - Replication Monitor Thread is stopped
2023-10-27 20:14:59,061 [5b9beb6f-d596-489f-8a17-e362b772df82-CloseContainerThread-2] INFO  keyvalue.KeyValueContainer (KeyValueContainer.java:close(437)) - Container 2 is closed with bcsId 0.
2023-10-27 20:14:59,159 [main] INFO  replication.ReplicationManager (ReplicationManager.java:start(291)) - Starting Replication Monitor Thread.
2023-10-27 20:14:59,162 [ReplicationMonitor] INFO  replication.ReplicationManager (ReplicationManager.java:processAll(394)) - Replication Monitor Thread took 1 milliseconds for processing 2 containers.
2023-10-27 20:14:59,193 [66ee3698-ded8-430f-8ecd-27f356af6e45-BlockDeletingService#0] INFO  interfaces.ContainerDeletionChoosingPolicyTemplate (ContainerDeletionChoosingPolicyTemplate.java:chooseContainerForBlockDeletion(85)) - Chosen 0/5000 blocks from 0 candidate containers.
2023-10-27 20:14:59,564 [3fb99649-c87f-4cc9-b3d9-f5c572ff189c-BlockDeletingService#0] INFO  interfaces.ContainerDeletionChoosingPolicyTemplate (ContainerDeletionChoosingPolicyTemplate.java:chooseContainerForBlockDeletion(85)) - Chosen 0/5000 blocks from 0 candidate containers.
2023-10-27 20:14:59,785 [1407d0d1-39ba-4bc0-b697-1e16e43cd838-BlockDeletingService#0] INFO  interfaces.ContainerDeletionChoosingPolicyTemplate (ContainerDeletionChoosingPolicyTemplate.java:chooseContainerForBlockDeletion(85)) - Chosen 0/5000 blocks from 0 candidate containers.
2023-10-27 20:14:59,955 [23554148-3e4d-431f-a73e-f2401dbff1d4-BlockDeletingService#0] INFO  interfaces.ContainerDeletionChoosingPolicyTemplate (ContainerDeletionChoosingPolicyTemplate.java:chooseContainerForBlockDeletion(85)) - Chosen 0/5000 blocks from 0 candidate containers.
2023-10-27 20:15:00,159 [grpc-default-executor-2] WARN  server.GrpcLogAppender (LogUtils.java:warn(122)) - 5b9beb6f-d596-489f-8a17-e362b772df82@group-2D5A7F82FA56->fe9b02b7-73ff-430f-9d75-1483ab7beb41-AppendLogResponseHandler: Failed appendEntries: org.apache.ratis.thirdparty.io.grpc.StatusRuntimeException: UNAVAILABLE: io exception
2023-10-27 20:15:00,161 [grpc-default-executor-4] WARN  server.GrpcLogAppender (LogUtils.java:warn(122)) - 5b9beb6f-d596-489f-8a17-e362b772df82@group-2D5A7F82FA56->fe9b02b7-73ff-430f-9d75-1483ab7beb41-AppendLogResponseHandler: Failed appendEntries: org.apache.ratis.thirdparty.io.grpc.StatusRuntimeException: UNAVAILABLE: io exception
2023-10-27 20:15:00,163 [grpc-default-executor-4] WARN  server.GrpcLogAppender (LogUtils.java:warn(122)) - 5b9beb6f-d596-489f-8a17-e362b772df82@group-2D5A7F82FA56->fe9b02b7-73ff-430f-9d75-1483ab7beb41-AppendLogResponseHandler: Failed appendEntries: org.apache.ratis.thirdparty.io.grpc.StatusRuntimeException: UNAVAILABLE: io exception
2023-10-27 20:15:00,164 [grpc-default-executor-4] INFO  leader.FollowerInfo (FollowerInfoImpl.java:lambda$new$0(52)) - 5b9beb6f-d596-489f-8a17-e362b772df82@group-2D5A7F82FA56->fe9b02b7-73ff-430f-9d75-1483ab7beb41: decreaseNextIndex nextIndex: updateUnconditionally 1 -> 0
2023-10-27 20:15:00,168 [grpc-default-executor-2] WARN  server.GrpcLogAppender (LogUtils.java:warn(122)) - 5b9beb6f-d596-489f-8a17-e362b772df82@group-2D5A7F82FA56->fe9b02b7-73ff-430f-9d75-1483ab7beb41-AppendLogResponseHandler: Failed appendEntries: org.apache.ratis.thirdparty.io.grpc.StatusRuntimeException: UNAVAILABLE: io exception
2023-10-27 20:15:00,176 [grpc-default-executor-4] WARN  server.GrpcLogAppender (LogUtils.java:warn(122)) - 5b9beb6f-d596-489f-8a17-e362b772df82@group-2D5A7F82FA56->fe9b02b7-73ff-430f-9d75-1483ab7beb41-AppendLogResponseHandler: Failed appendEntries: org.apache.ratis.thirdparty.io.grpc.StatusRuntimeException: UNAVAILABLE: io exception
2023-10-27 20:15:00,178 [grpc-default-executor-4] INFO  leader.FollowerInfo (FollowerInfoImpl.java:lambda$new$0(52)) - 5b9beb6f-d596-489f-8a17-e362b772df82@group-2D5A7F82FA56->fe9b02b7-73ff-430f-9d75-1483ab7beb41: decreaseNextIndex nextIndex: updateUnconditionally 1 -> 0
2023-10-27 20:15:00,176 [grpc-default-executor-2] WARN  server.GrpcLogAppender (LogUtils.java:warn(122)) - 5b9beb6f-d596-489f-8a17-e362b772df82@group-2D5A7F82FA56->fe9b02b7-73ff-430f-9d75-1483ab7beb41-AppendLogResponseHandler: Failed appendEntries: org.apache.ratis.thirdparty.io.grpc.StatusRuntimeException: UNAVAILABLE: io exception
2023-10-27 20:15:00,556 [5b9beb6f-d596-489f-8a17-e362b772df82-PipelineCommandHandlerThread-0] INFO  server.RaftServer (RaftServerProxy.java:remove(109)) - 5b9beb6f-d596-489f-8a17-e362b772df82: remove    LEADER 5b9beb6f-d596-489f-8a17-e362b772df82@group-2D5A7F82FA56:t2, leader=5b9beb6f-d596-489f-8a17-e362b772df82, voted=5b9beb6f-d596-489f-8a17-e362b772df82, raftlog=Memoized:5b9beb6f-d596-489f-8a17-e362b772df82@group-2D5A7F82FA56-SegmentedRaftLog:OPENED:c2, conf=1: peers:[f612f2cf-90dc-41dc-bf39-cf028d38c484|rpc:10.1.0.32:15077|admin:10.1.0.32:15076|client:10.1.0.32:15075|dataStream:10.1.0.32:15078|priority:0|startupRole:FOLLOWER, 5b9beb6f-d596-489f-8a17-e362b772df82|rpc:10.1.0.32:15095|admin:10.1.0.32:15094|client:10.1.0.32:15093|dataStream:10.1.0.32:15096|priority:0|startupRole:FOLLOWER, fe9b02b7-73ff-430f-9d75-1483ab7beb41|rpc:10.1.0.32:15068|admin:10.1.0.32:15067|client:10.1.0.32:15066|dataStream:10.1.0.32:15069|priority:1|startupRole:FOLLOWER]|listeners:[], old=null RUNNING
2023-10-27 20:15:00,557 [5b9beb6f-d596-489f-8a17-e362b772df82-PipelineCommandHandlerThread-0] INFO  server.RaftServer$Division (RaftServerImpl.java:lambda$close$4(466)) - 5b9beb6f-d596-489f-8a17-e362b772df82@group-2D5A7F82FA56: shutdown
2023-10-27 20:15:00,557 [5b9beb6f-d596-489f-8a17-e362b772df82-PipelineCommandHandlerThread-0] INFO  util.JmxRegister (JmxRegister.java:unregister(73)) - Successfully un-registered JMX Bean with object name Ratis:service=RaftServer,group=group-2D5A7F82FA56,id=5b9beb6f-d596-489f-8a17-e362b772df82
2023-10-27 20:15:00,557 [5b9beb6f-d596-489f-8a17-e362b772df82-PipelineCommandHandlerThread-0] INFO  impl.RoleInfo (RoleInfo.java:shutdownLeaderState(93)) - 5b9beb6f-d596-489f-8a17-e362b772df82: shutdown 5b9beb6f-d596-489f-8a17-e362b772df82@group-2D5A7F82FA56-LeaderStateImpl
2023-10-27 20:15:00,557 [5b9beb6f-d596-489f-8a17-e362b772df82-PipelineCommandHandlerThread-0] INFO  impl.PendingRequests (PendingRequests.java:sendNotLeaderResponses(289)) - 5b9beb6f-d596-489f-8a17-e362b772df82@group-2D5A7F82FA56-PendingRequests: sendNotLeaderResponses
2023-10-27 20:15:00,561 [5b9beb6f-d596-489f-8a17-e362b772df82@group-2D5A7F82FA56->fe9b02b7-73ff-430f-9d75-1483ab7beb41-GrpcLogAppender-LogAppenderDaemon] WARN  server.GrpcLogAppender (GrpcLogAppender.java:mayWait(199)) - 5b9beb6f-d596-489f-8a17-e362b772df82@group-2D5A7F82FA56->fe9b02b7-73ff-430f-9d75-1483ab7beb41-GrpcLogAppender: Wait interrupted by java.lang.InterruptedException
2023-10-27 20:15:00,561 [5b9beb6f-d596-489f-8a17-e362b772df82@group-2D5A7F82FA56->f612f2cf-90dc-41dc-bf39-cf028d38c484-GrpcLogAppender-LogAppenderDaemon] WARN  server.GrpcLogAppender (GrpcLogAppender.java:mayWait(199)) - 5b9beb6f-d596-489f-8a17-e362b772df82@group-2D5A7F82FA56->f612f2cf-90dc-41dc-bf39-cf028d38c484-GrpcLogAppender: Wait interrupted by java.lang.InterruptedException
2023-10-27 20:15:00,562 [grpc-default-executor-2] INFO  server.GrpcServerProtocolService (GrpcServerProtocolService.java:onCompleted(155)) - f612f2cf-90dc-41dc-bf39-cf028d38c484: Completed APPEND_ENTRIES, lastRequest: 5b9beb6f-d596-489f-8a17-e362b772df82->f612f2cf-90dc-41dc-bf39-cf028d38c484#2-t2,previous=(t:2, i:1),leaderCommit=1,initializing? true,entries: size=1, first=(t:2, i:2), METADATAENTRY(c:1)
2023-10-27 20:15:00,562 [grpc-default-executor-2] INFO  server.GrpcServerProtocolService (GrpcServerProtocolService.java:lambda$onCompleted$5(157)) - f612f2cf-90dc-41dc-bf39-cf028d38c484: Completed APPEND_ENTRIES, lastReply: null
2023-10-27 20:15:00,563 [5b9beb6f-d596-489f-8a17-e362b772df82-PipelineCommandHandlerThread-0] INFO  impl.StateMachineUpdater (StateMachineUpdater.java:stopAndJoin(155)) - 5b9beb6f-d596-489f-8a17-e362b772df82@group-2D5A7F82FA56-StateMachineUpdater: set stopIndex = 2
2023-10-27 20:15:00,564 [5b9beb6f-d596-489f-8a17-e362b772df82@group-2D5A7F82FA56-StateMachineUpdater] INFO  ratis.ContainerStateMachine (ContainerStateMachine.java:takeSnapshot(337)) - group-2D5A7F82FA56: Taking a snapshot at:(t:2, i:2) file /home/runner/work/ozone/ozone/hadoop-ozone/integration-test/target/test-dir/MiniOzoneClusterImpl-60426a9d-3de2-4373-b08b-24a22c9da129/datanode-9/data/ratis/273a9d47-263d-4559-8519-2d5a7f82fa56/sm/snapshot.2_2
2023-10-27 20:15:00,565 [f612f2cf-90dc-41dc-bf39-cf028d38c484-BlockDeletingService#0] INFO  interfaces.ContainerDeletionChoosingPolicyTemplate (ContainerDeletionChoosingPolicyTemplate.java:chooseContainerForBlockDeletion(85)) - Chosen 0/5000 blocks from 0 candidate containers.
2023-10-27 20:15:00,567 [grpc-default-executor-4] INFO  server.GrpcLogAppender (GrpcLogAppender.java:onCompleted(428)) - 5b9beb6f-d596-489f-8a17-e362b772df82@group-2D5A7F82FA56->f612f2cf-90dc-41dc-bf39-cf028d38c484-AppendLogResponseHandler: follower responses appendEntries COMPLETED
2023-10-27 20:15:00,567 [grpc-default-executor-4] INFO  leader.FollowerInfo (FollowerInfoImpl.java:lambda$new$0(52)) - 5b9beb6f-d596-489f-8a17-e362b772df82@group-2D5A7F82FA56->f612f2cf-90dc-41dc-bf39-cf028d38c484: decreaseNextIndex nextIndex: updateUnconditionally 3 -> 2
2023-10-27 20:15:00,567 [grpc-default-executor-2] INFO  server.GrpcServerProtocolService (GrpcServerProtocolService.java:onCompleted(155)) - f612f2cf-90dc-41dc-bf39-cf028d38c484: Completed APPEND_ENTRIES, lastRequest: null
2023-10-27 20:15:00,568 [grpc-default-executor-2] INFO  server.GrpcServerProtocolService (GrpcServerProtocolService.java:lambda$onCompleted$5(157)) - f612f2cf-90dc-41dc-bf39-cf028d38c484: Completed APPEND_ENTRIES, lastReply: serverReply {
  requestorId: "5b9beb6f-d596-489f-8a17-e362b772df82"
  replyId: "f612f2cf-90dc-41dc-bf39-cf028d38c484"
  raftGroupId {
    id: "\':\235G&=EY\205\031-Z\177\202\372V"
  }
  callId: 4
  success: true
}
term: 2
nextIndex: 3
followerCommit: 2
matchIndex: 18446744073709551615
isHearbeat: true

2023-10-27 20:15:00,569 [grpc-default-executor-4] INFO  server.GrpcLogAppender (GrpcLogAppender.java:onCompleted(428)) - 5b9beb6f-d596-489f-8a17-e362b772df82@group-2D5A7F82FA56->f612f2cf-90dc-41dc-bf39-cf028d38c484-AppendLogResponseHandler: follower responses appendEntries COMPLETED
2023-10-27 20:15:00,569 [grpc-default-executor-4] INFO  leader.FollowerInfo (FollowerInfoImpl.java:lambda$new$0(52)) - 5b9beb6f-d596-489f-8a17-e362b772df82@group-2D5A7F82FA56->f612f2cf-90dc-41dc-bf39-cf028d38c484: decreaseNextIndex nextIndex: updateUnconditionally 2 -> 1
2023-10-27 20:15:00,570 [5b9beb6f-d596-489f-8a17-e362b772df82@group-2D5A7F82FA56-StateMachineUpdater] INFO  ratis.ContainerStateMachine (ContainerStateMachine.java:takeSnapshot(348)) - group-2D5A7F82FA56: Finished taking a snapshot at:(t:2, i:2) file:/home/runner/work/ozone/ozone/hadoop-ozone/integration-test/target/test-dir/MiniOzoneClusterImpl-60426a9d-3de2-4373-b08b-24a22c9da129/datanode-9/data/ratis/273a9d47-263d-4559-8519-2d5a7f82fa56/sm/snapshot.2_2 took: 6 ms
2023-10-27 20:15:00,570 [5b9beb6f-d596-489f-8a17-e362b772df82@group-2D5A7F82FA56-StateMachineUpdater] INFO  impl.StateMachineUpdater (StateMachineUpdater.java:takeSnapshot(291)) - 5b9beb6f-d596-489f-8a17-e362b772df82@group-2D5A7F82FA56-StateMachineUpdater: Took a snapshot at index 2
2023-10-27 20:15:00,576 [5b9beb6f-d596-489f-8a17-e362b772df82@group-2D5A7F82FA56-StateMachineUpdater] INFO  impl.StateMachineUpdater (StateMachineUpdater.java:lambda$new$0(97)) - 5b9beb6f-d596-489f-8a17-e362b772df82@group-2D5A7F82FA56-StateMachineUpdater: snapshotIndex: updateIncreasingly -1 -> 2
2023-10-27 20:15:00,577 [5b9beb6f-d596-489f-8a17-e362b772df82-PipelineCommandHandlerThread-0] INFO  server.RaftServer$Division (ServerState.java:close(472)) - 5b9beb6f-d596-489f-8a17-e362b772df82@group-2D5A7F82FA56: closes. applyIndex: 2
2023-10-27 20:15:00,650 [5b9beb6f-d596-489f-8a17-e362b772df82-PipelineCommandHandlerThread-0] INFO  segmented.SegmentedRaftLogWorker (SegmentedRaftLogWorker.java:close(252)) - 5b9beb6f-d596-489f-8a17-e362b772df82@group-2D5A7F82FA56-SegmentedRaftLogWorker close()
2023-10-27 20:15:00,654 [5b9beb6f-d596-489f-8a17-e362b772df82-PipelineCommandHandlerThread-0] INFO  server.RaftServer$Division (RaftServerImpl.java:groupRemove(436)) - 5b9beb6f-d596-489f-8a17-e362b772df82@group-2D5A7F82FA56: Succeed to remove RaftStorageDirectory Storage Directory /home/runner/work/ozone/ozone/hadoop-ozone/integration-test/target/test-dir/MiniOzoneClusterImpl-60426a9d-3de2-4373-b08b-24a22c9da129/datanode-9/data/ratis/273a9d47-263d-4559-8519-2d5a7f82fa56
2023-10-27 20:15:00,654 [5b9beb6f-d596-489f-8a17-e362b772df82-PipelineCommandHandlerThread-0] INFO  commandhandler.ClosePipelineCommandHandler (ClosePipelineCommandHandler.java:lambda$handle$0(87)) - Close Pipeline PipelineID=273a9d47-263d-4559-8519-2d5a7f82fa56 command on datanode 5b9beb6f-d596-489f-8a17-e362b772df82.
2023-10-27 20:15:01,253 [5b9beb6f-d596-489f-8a17-e362b772df82-BlockDeletingService#0] INFO  interfaces.ContainerDeletionChoosingPolicyTemplate (ContainerDeletionChoosingPolicyTemplate.java:chooseContainerForBlockDeletion(85)) - Chosen 0/5000 blocks from 0 candidate containers.
2023-10-27 20:15:01,335 [f612f2cf-90dc-41dc-bf39-cf028d38c484-PipelineCommandHandlerThread-0] INFO  server.RaftServer (RaftServerProxy.java:remove(109)) - f612f2cf-90dc-41dc-bf39-cf028d38c484: remove  FOLLOWER f612f2cf-90dc-41dc-bf39-cf028d38c484@group-2D5A7F82FA56:t2, leader=5b9beb6f-d596-489f-8a17-e362b772df82, voted=5b9beb6f-d596-489f-8a17-e362b772df82, raftlog=Memoized:f612f2cf-90dc-41dc-bf39-cf028d38c484@group-2D5A7F82FA56-SegmentedRaftLog:OPENED:c2, conf=1: peers:[f612f2cf-90dc-41dc-bf39-cf028d38c484|rpc:10.1.0.32:15077|admin:10.1.0.32:15076|client:10.1.0.32:15075|dataStream:10.1.0.32:15078|priority:0|startupRole:FOLLOWER, 5b9beb6f-d596-489f-8a17-e362b772df82|rpc:10.1.0.32:15095|admin:10.1.0.32:15094|client:10.1.0.32:15093|dataStream:10.1.0.32:15096|priority:0|startupRole:FOLLOWER, fe9b02b7-73ff-430f-9d75-1483ab7beb41|rpc:10.1.0.32:15068|admin:10.1.0.32:15067|client:10.1.0.32:15066|dataStream:10.1.0.32:15069|priority:1|startupRole:FOLLOWER]|listeners:[], old=null RUNNING
2023-10-27 20:15:01,335 [f612f2cf-90dc-41dc-bf39-cf028d38c484-PipelineCommandHandlerThread-0] INFO  server.RaftServer$Division (RaftServerImpl.java:lambda$close$4(466)) - f612f2cf-90dc-41dc-bf39-cf028d38c484@group-2D5A7F82FA56: shutdown
2023-10-27 20:15:01,336 [f612f2cf-90dc-41dc-bf39-cf028d38c484-PipelineCommandHandlerThread-0] INFO  util.JmxRegister (JmxRegister.java:unregister(73)) - Successfully un-registered JMX Bean with object name Ratis:service=RaftServer,group=group-2D5A7F82FA56,id=f612f2cf-90dc-41dc-bf39-cf028d38c484
2023-10-27 20:15:01,336 [f612f2cf-90dc-41dc-bf39-cf028d38c484-PipelineCommandHandlerThread-0] INFO  impl.RoleInfo (RoleInfo.java:shutdownFollowerState(110)) - f612f2cf-90dc-41dc-bf39-cf028d38c484: shutdown f612f2cf-90dc-41dc-bf39-cf028d38c484@group-2D5A7F82FA56-FollowerState
2023-10-27 20:15:01,336 [f612f2cf-90dc-41dc-bf39-cf028d38c484-PipelineCommandHandlerThread-0] INFO  impl.StateMachineUpdater (StateMachineUpdater.java:stopAndJoin(155)) - f612f2cf-90dc-41dc-bf39-cf028d38c484@group-2D5A7F82FA56-StateMachineUpdater: set stopIndex = 2
2023-10-27 20:15:01,337 [f612f2cf-90dc-41dc-bf39-cf028d38c484@group-2D5A7F82FA56-FollowerState] INFO  impl.FollowerState (FollowerState.java:run(152)) - f612f2cf-90dc-41dc-bf39-cf028d38c484@group-2D5A7F82FA56-FollowerState was interrupted
2023-10-27 20:15:01,340 [f612f2cf-90dc-41dc-bf39-cf028d38c484@group-2D5A7F82FA56-StateMachineUpdater] INFO  ratis.ContainerStateMachine (ContainerStateMachine.java:takeSnapshot(337)) - group-2D5A7F82FA56: Taking a snapshot at:(t:2, i:2) file /home/runner/work/ozone/ozone/hadoop-ozone/integration-test/target/test-dir/MiniOzoneClusterImpl-60426a9d-3de2-4373-b08b-24a22c9da129/datanode-7/data/ratis/273a9d47-263d-4559-8519-2d5a7f82fa56/sm/snapshot.2_2
2023-10-27 20:15:01,345 [f612f2cf-90dc-41dc-bf39-cf028d38c484@group-2D5A7F82FA56-StateMachineUpdater] INFO  ratis.ContainerStateMachine (ContainerStateMachine.java:takeSnapshot(348)) - group-2D5A7F82FA56: Finished taking a snapshot at:(t:2, i:2) file:/home/runner/work/ozone/ozone/hadoop-ozone/integration-test/target/test-dir/MiniOzoneClusterImpl-60426a9d-3de2-4373-b08b-24a22c9da129/datanode-7/data/ratis/273a9d47-263d-4559-8519-2d5a7f82fa56/sm/snapshot.2_2 took: 5 ms
2023-10-27 20:15:01,346 [f612f2cf-90dc-41dc-bf39-cf028d38c484@group-2D5A7F82FA56-StateMachineUpdater] INFO  impl.StateMachineUpdater (StateMachineUpdater.java:takeSnapshot(291)) - f612f2cf-90dc-41dc-bf39-cf028d38c484@group-2D5A7F82FA56-StateMachineUpdater: Took a snapshot at index 2
2023-10-27 20:15:01,346 [f612f2cf-90dc-41dc-bf39-cf028d38c484@group-2D5A7F82FA56-StateMachineUpdater] INFO  impl.StateMachineUpdater (StateMachineUpdater.java:lambda$new$0(97)) - f612f2cf-90dc-41dc-bf39-cf028d38c484@group-2D5A7F82FA56-StateMachineUpdater: snapshotIndex: updateIncreasingly -1 -> 2
2023-10-27 20:15:01,348 [f612f2cf-90dc-41dc-bf39-cf028d38c484-PipelineCommandHandlerThread-0] INFO  server.RaftServer$Division (ServerState.java:close(472)) - f612f2cf-90dc-41dc-bf39-cf028d38c484@group-2D5A7F82FA56: closes. applyIndex: 2
2023-10-27 20:15:01,666 [f612f2cf-90dc-41dc-bf39-cf028d38c484-PipelineCommandHandlerThread-0] INFO  segmented.SegmentedRaftLogWorker (SegmentedRaftLogWorker.java:close(252)) - f612f2cf-90dc-41dc-bf39-cf028d38c484@group-2D5A7F82FA56-SegmentedRaftLogWorker close()
2023-10-27 20:15:01,669 [f612f2cf-90dc-41dc-bf39-cf028d38c484-PipelineCommandHandlerThread-0] INFO  server.RaftServer$Division (RaftServerImpl.java:groupRemove(436)) - f612f2cf-90dc-41dc-bf39-cf028d38c484@group-2D5A7F82FA56: Succeed to remove RaftStorageDirectory Storage Directory /home/runner/work/ozone/ozone/hadoop-ozone/integration-test/target/test-dir/MiniOzoneClusterImpl-60426a9d-3de2-4373-b08b-24a22c9da129/datanode-7/data/ratis/273a9d47-263d-4559-8519-2d5a7f82fa56
2023-10-27 20:15:01,669 [f612f2cf-90dc-41dc-bf39-cf028d38c484-PipelineCommandHandlerThread-0] INFO  commandhandler.ClosePipelineCommandHandler (ClosePipelineCommandHandler.java:lambda$handle$0(87)) - Close Pipeline PipelineID=273a9d47-263d-4559-8519-2d5a7f82fa56 command on datanode f612f2cf-90dc-41dc-bf39-cf028d38c484.
2023-10-27 20:15:09,164 [UnderReplicatedProcessor] INFO  algorithms.SCMContainerPlacementRackScatter (SCMContainerPlacementRackScatter.java:chooseDatanodesInternal(370)) - Chosen nodes: [94422c73-384a-4d9a-a15d-46d9f5b840aa(fv-az342-943/10.1.0.32)]. isPolicySatisfied: true.
2023-10-27 20:15:09,165 [UnderReplicatedProcessor] INFO  replication.ReplicationManager (ReplicationManager.java:sendDatanodeCommand(674)) - Sending command [reconstructECContainersCommand: containerID: 1, replicationConfig: EC{rs-3-2-1024k}, sources: [66ee3698-ded8-430f-8ecd-27f356af6e45(fv-az342-943/10.1.0.32) replicaIndex: 1, f612f2cf-90dc-41dc-bf39-cf028d38c484(fv-az342-943/10.1.0.32) replicaIndex: 2, 3fb99649-c87f-4cc9-b3d9-f5c572ff189c(fv-az342-943/10.1.0.32) replicaIndex: 4, 5b9beb6f-d596-489f-8a17-e362b772df82(fv-az342-943/10.1.0.32) replicaIndex: 5], targets: [94422c73-384a-4d9a-a15d-46d9f5b840aa(fv-az342-943/10.1.0.32)], missingIndexes: [3]] for container ContainerInfo{id=#1, state=CLOSED, stateEnterTime=2023-10-27T20:14:19.975Z, pipelineID=PipelineID=08044757-d872-40bb-bc32-209684792ee2, owner=omServiceIdDefault} to 94422c73-384a-4d9a-a15d-46d9f5b840aa(fv-az342-943/10.1.0.32) with datanode deadline 1698438279165 and scm deadline 1698438309165
2023-10-27 20:15:09,166 [UnderReplicatedProcessor] INFO  algorithms.SCMContainerPlacementRackScatter (SCMContainerPlacementRackScatter.java:chooseDatanodesInternal(370)) - Chosen nodes: [94422c73-384a-4d9a-a15d-46d9f5b840aa(fv-az342-943/10.1.0.32)]. isPolicySatisfied: true.
2023-10-27 20:15:09,166 [UnderReplicatedProcessor] INFO  replication.ReplicationManager (ReplicationManager.java:sendDatanodeCommand(674)) - Sending command [reconstructECContainersCommand: containerID: 2, replicationConfig: EC{rs-3-2-1024k}, sources: [1407d0d1-39ba-4bc0-b697-1e16e43cd838(fv-az342-943/10.1.0.32) replicaIndex: 2, 5b9beb6f-d596-489f-8a17-e362b772df82(fv-az342-943/10.1.0.32) replicaIndex: 3, 23554148-3e4d-431f-a73e-f2401dbff1d4(fv-az342-943/10.1.0.32) replicaIndex: 4, 55507c8a-594d-4e25-909f-8d2832294c55(fv-az342-943/10.1.0.32) replicaIndex: 5], targets: [94422c73-384a-4d9a-a15d-46d9f5b840aa(fv-az342-943/10.1.0.32)], missingIndexes: [1]] for container ContainerInfo{id=#2, state=CLOSED, stateEnterTime=2023-10-27T20:14:59.053Z, pipelineID=PipelineID=b8e2a9ab-9134-4761-8320-1d3aa0ba8245, owner=omServiceIdDefault} to 94422c73-384a-4d9a-a15d-46d9f5b840aa(fv-az342-943/10.1.0.32) with datanode deadline 1698438279166 and scm deadline 1698438309166
2023-10-27 20:15:09,166 [UnderReplicatedProcessor] INFO  replication.UnhealthyReplicationProcessor (UnhealthyReplicationProcessor.java:processAll(138)) - Processed 2 containers with health state counts {UNDER_REPLICATED=2}, failed processing 0, deferred due to load 0
2023-10-27 20:15:09,166 [ReplicationMonitor] INFO  replication.ReplicationManager (ReplicationManager.java:processAll(394)) - Replication Monitor Thread took 0 milliseconds for processing 2 containers.
2023-10-27 20:15:10,932 [nullContainerReplicationThread-0] INFO  reconstruction.ECReconstructionCoordinatorTask (ECReconstructionCoordinatorTask.java:runTask(65)) - IN_PROGRESS reconstructECContainersCommand: containerID=1, replication=rs-3-2-1024k, missingIndexes=[3], sources={1=66ee3698-ded8-430f-8ecd-27f356af6e45(fv-az342-943/10.1.0.32), 2=f612f2cf-90dc-41dc-bf39-cf028d38c484(fv-az342-943/10.1.0.32), 4=3fb99649-c87f-4cc9-b3d9-f5c572ff189c(fv-az342-943/10.1.0.32), 5=5b9beb6f-d596-489f-8a17-e362b772df82(fv-az342-943/10.1.0.32)}, targets={3=94422c73-384a-4d9a-a15d-46d9f5b840aa(fv-az342-943/10.1.0.32)}
2023-10-27 20:15:10,940 [nullContainerReplicationThread-1] INFO  reconstruction.ECReconstructionCoordinatorTask (ECReconstructionCoordinatorTask.java:runTask(65)) - IN_PROGRESS reconstructECContainersCommand: containerID=2, replication=rs-3-2-1024k, missingIndexes=[1], sources={2=1407d0d1-39ba-4bc0-b697-1e16e43cd838(fv-az342-943/10.1.0.32), 3=5b9beb6f-d596-489f-8a17-e362b772df82(fv-az342-943/10.1.0.32), 4=23554148-3e4d-431f-a73e-f2401dbff1d4(fv-az342-943/10.1.0.32), 5=55507c8a-594d-4e25-909f-8d2832294c55(fv-az342-943/10.1.0.32)}, targets={1=94422c73-384a-4d9a-a15d-46d9f5b840aa(fv-az342-943/10.1.0.32)}
2023-10-27 20:15:19,136 [StaleRecoveringContainerScrubbingService#2] WARN  keyvalue.KeyValueContainer (KeyValueContainer.java:markContainerUnhealthy(404)) - Moving container /home/runner/work/ozone/ozone/hadoop-ozone/integration-test/target/test-dir/MiniOzoneClusterImpl-60426a9d-3de2-4373-b08b-24a22c9da129/datanode-0/data-0/containers/hdds/60426a9d-3de2-4373-b08b-24a22c9da129/current/containerDir0/1 to state UNHEALTHY from state:RECOVERING
2023-10-27 20:15:19,136 [StaleRecoveringContainerScrubbingService#2] INFO  background.StaleRecoveringContainerScrubbingService (StaleRecoveringContainerScrubbingService.java:call(91)) - Stale recovering container 1 marked UNHEALTHY
2023-10-27 20:15:19,169 [ReplicationMonitor] INFO  replication.ReplicationManager (ReplicationManager.java:processAll(394)) - Replication Monitor Thread took 1 milliseconds for processing 2 containers.
2023-10-27 20:15:29,173 [ReplicationMonitor] INFO  replication.ReplicationManager (ReplicationManager.java:processAll(394)) - Replication Monitor Thread took 0 milliseconds for processing 2 containers.
2023-10-27 20:15:35,514 [55507c8a-594d-4e25-909f-8d2832294c55-BlockDeletingService#0] INFO  interfaces.ContainerDeletionChoosingPolicyTemplate (ContainerDeletionChoosingPolicyTemplate.java:chooseContainerForBlockDeletion(85)) - Chosen 0/5000 blocks from 0 candidate containers.
2023-10-27 20:15:39,170 [UnderReplicatedProcessor] INFO  algorithms.SCMContainerPlacementRackScatter (SCMContainerPlacementRackScatter.java:chooseDatanodesInternal(370)) - Chosen nodes: [1407d0d1-39ba-4bc0-b697-1e16e43cd838(fv-az342-943/10.1.0.32)]. isPolicySatisfied: true.
2023-10-27 20:15:39,170 [UnderReplicatedProcessor] INFO  replication.ReplicationManager (ReplicationManager.java:sendDatanodeCommand(674)) - Sending command [reconstructECContainersCommand: containerID: 1, replicationConfig: EC{rs-3-2-1024k}, sources: [66ee3698-ded8-430f-8ecd-27f356af6e45(fv-az342-943/10.1.0.32) replicaIndex: 1, f612f2cf-90dc-41dc-bf39-cf028d38c484(fv-az342-943/10.1.0.32) replicaIndex: 2, 3fb99649-c87f-4cc9-b3d9-f5c572ff189c(fv-az342-943/10.1.0.32) replicaIndex: 4, 5b9beb6f-d596-489f-8a17-e362b772df82(fv-az342-943/10.1.0.32) replicaIndex: 5], targets: [1407d0d1-39ba-4bc0-b697-1e16e43cd838(fv-az342-943/10.1.0.32)], missingIndexes: [3]] for container ContainerInfo{id=#1, state=CLOSED, stateEnterTime=2023-10-27T20:14:19.975Z, pipelineID=PipelineID=08044757-d872-40bb-bc32-209684792ee2, owner=omServiceIdDefault} to 1407d0d1-39ba-4bc0-b697-1e16e43cd838(fv-az342-943/10.1.0.32) with datanode deadline 1698438309170 and scm deadline 1698438339170
2023-10-27 20:15:39,170 [UnderReplicatedProcessor] INFO  replication.UnhealthyReplicationProcessor (UnhealthyReplicationProcessor.java:processAll(138)) - Processed 1 containers with health state counts {UNDER_REPLICATED=1}, failed processing 0, deferred due to load 0
2023-10-27 20:15:39,174 [ReplicationMonitor] INFO  replication.ReplicationManager (ReplicationManager.java:processAll(394)) - Replication Monitor Thread took 0 milliseconds for processing 2 containers.
2023-10-27 20:15:41,052 [nullContainerReplicationThread-0] INFO  reconstruction.ECReconstructionCoordinatorTask (ECReconstructionCoordinatorTask.java:runTask(65)) - IN_PROGRESS reconstructECContainersCommand: containerID=1, replication=rs-3-2-1024k, missingIndexes=[3], sources={1=66ee3698-ded8-430f-8ecd-27f356af6e45(fv-az342-943/10.1.0.32), 2=f612f2cf-90dc-41dc-bf39-cf028d38c484(fv-az342-943/10.1.0.32), 4=3fb99649-c87f-4cc9-b3d9-f5c572ff189c(fv-az342-943/10.1.0.32), 5=5b9beb6f-d596-489f-8a17-e362b772df82(fv-az342-943/10.1.0.32)}, targets={3=1407d0d1-39ba-4bc0-b697-1e16e43cd838(fv-az342-943/10.1.0.32)}
2023-10-27 20:15:49,175 [ReplicationMonitor] INFO  replication.ReplicationManager (ReplicationManager.java:processAll(394)) - Replication Monitor Thread took 1 milliseconds for processing 2 containers.
2023-10-27 20:15:49,785 [StaleRecoveringContainerScrubbingService#2] WARN  keyvalue.KeyValueContainer (KeyValueContainer.java:markContainerUnhealthy(404)) - Moving container /home/runner/work/ozone/ozone/hadoop-ozone/integration-test/target/test-dir/MiniOzoneClusterImpl-60426a9d-3de2-4373-b08b-24a22c9da129/datanode-4/data-0/containers/hdds/60426a9d-3de2-4373-b08b-24a22c9da129/current/containerDir0/1 to state UNHEALTHY from state:RECOVERING
2023-10-27 20:15:49,785 [StaleRecoveringContainerScrubbingService#2] INFO  background.StaleRecoveringContainerScrubbingService (StaleRecoveringContainerScrubbingService.java:call(91)) - Stale recovering container 1 marked UNHEALTHY
2023-10-27 20:15:58,888 [94422c73-384a-4d9a-a15d-46d9f5b840aa-BlockDeletingService#1] INFO  interfaces.ContainerDeletionChoosingPolicyTemplate (ContainerDeletionChoosingPolicyTemplate.java:chooseContainerForBlockDeletion(85)) - Chosen 0/5000 blocks from 0 candidate containers.
2023-10-27 20:15:59,018 [0ef615e1-91db-4ede-b924-53e2d320f02d-BlockDeletingService#1] INFO  interfaces.ContainerDeletionChoosingPolicyTemplate (ContainerDeletionChoosingPolicyTemplate.java:chooseContainerForBlockDeletion(85)) - Chosen 0/5000 blocks from 0 candidate containers.
2023-10-27 20:15:59,176 [ReplicationMonitor] INFO  replication.ReplicationManager (ReplicationManager.java:processAll(394)) - Replication Monitor Thread took 0 milliseconds for processing 2 containers.
2023-10-27 20:15:59,196 [66ee3698-ded8-430f-8ecd-27f356af6e45-BlockDeletingService#1] INFO  interfaces.ContainerDeletionChoosingPolicyTemplate (ContainerDeletionChoosingPolicyTemplate.java:chooseContainerForBlockDeletion(85)) - Chosen 0/5000 blocks from 0 candidate containers.
2023-10-27 20:15:59,567 [3fb99649-c87f-4cc9-b3d9-f5c572ff189c-BlockDeletingService#1] INFO  interfaces.ContainerDeletionChoosingPolicyTemplate (ContainerDeletionChoosingPolicyTemplate.java:chooseContainerForBlockDeletion(85)) - Chosen 0/5000 blocks from 0 candidate containers.
2023-10-27 20:15:59,788 [1407d0d1-39ba-4bc0-b697-1e16e43cd838-BlockDeletingService#1] INFO  interfaces.ContainerDeletionChoosingPolicyTemplate (ContainerDeletionChoosingPolicyTemplate.java:chooseContainerForBlockDeletion(85)) - Chosen 0/5000 blocks from 0 candidate containers.
2023-10-27 20:15:59,958 [23554148-3e4d-431f-a73e-f2401dbff1d4-BlockDeletingService#1] INFO  interfaces.ContainerDeletionChoosingPolicyTemplate (ContainerDeletionChoosingPolicyTemplate.java:chooseContainerForBlockDeletion(85)) - Chosen 0/5000 blocks from 0 candidate containers.
2023-10-27 20:16:00,568 [f612f2cf-90dc-41dc-bf39-cf028d38c484-BlockDeletingService#1] INFO  interfaces.ContainerDeletionChoosingPolicyTemplate (ContainerDeletionChoosingPolicyTemplate.java:chooseContainerForBlockDeletion(85)) - Chosen 0/5000 blocks from 0 candidate containers.
2023-10-27 20:16:01,256 [5b9beb6f-d596-489f-8a17-e362b772df82-BlockDeletingService#1] INFO  interfaces.ContainerDeletionChoosingPolicyTemplate (ContainerDeletionChoosingPolicyTemplate.java:chooseContainerForBlockDeletion(85)) - Chosen 0/5000 blocks from 0 candidate containers.
2023-10-27 20:16:09,174 [UnderReplicatedProcessor] INFO  algorithms.SCMContainerPlacementRackScatter (SCMContainerPlacementRackScatter.java:chooseDatanodesInternal(370)) - Chosen nodes: [0ef615e1-91db-4ede-b924-53e2d320f02d(fv-az342-943/10.1.0.32)]. isPolicySatisfied: true.
2023-10-27 20:16:09,175 [UnderReplicatedProcessor] INFO  replication.ReplicationManager (ReplicationManager.java:sendDatanodeCommand(674)) - Sending command [reconstructECContainersCommand: containerID: 1, replicationConfig: EC{rs-3-2-1024k}, sources: [66ee3698-ded8-430f-8ecd-27f356af6e45(fv-az342-943/10.1.0.32) replicaIndex: 1, f612f2cf-90dc-41dc-bf39-cf028d38c484(fv-az342-943/10.1.0.32) replicaIndex: 2, 3fb99649-c87f-4cc9-b3d9-f5c572ff189c(fv-az342-943/10.1.0.32) replicaIndex: 4, 5b9beb6f-d596-489f-8a17-e362b772df82(fv-az342-943/10.1.0.32) replicaIndex: 5], targets: [0ef615e1-91db-4ede-b924-53e2d320f02d(fv-az342-943/10.1.0.32)], missingIndexes: [3]] for container ContainerInfo{id=#1, state=CLOSED, stateEnterTime=2023-10-27T20:14:19.975Z, pipelineID=PipelineID=08044757-d872-40bb-bc32-209684792ee2, owner=omServiceIdDefault} to 0ef615e1-91db-4ede-b924-53e2d320f02d(fv-az342-943/10.1.0.32) with datanode deadline 1698438339175 and scm deadline 1698438369175
2023-10-27 20:16:09,175 [UnderReplicatedProcessor] INFO  replication.UnhealthyReplicationProcessor (UnhealthyReplicationProcessor.java:processAll(138)) - Processed 1 containers with health state counts {UNDER_REPLICATED=1}, failed processing 0, deferred due to load 0
2023-10-27 20:16:09,178 [ReplicationMonitor] INFO  replication.ReplicationManager (ReplicationManager.java:processAll(394)) - Replication Monitor Thread took 0 milliseconds for processing 2 containers.
2023-10-27 20:16:11,355 [nullContainerReplicationThread-0] INFO  reconstruction.ECReconstructionCoordinatorTask (ECReconstructionCoordinatorTask.java:runTask(65)) - IN_PROGRESS reconstructECContainersCommand: containerID=1, replication=rs-3-2-1024k, missingIndexes=[3], sources={1=66ee3698-ded8-430f-8ecd-27f356af6e45(fv-az342-943/10.1.0.32), 2=f612f2cf-90dc-41dc-bf39-cf028d38c484(fv-az342-943/10.1.0.32), 4=3fb99649-c87f-4cc9-b3d9-f5c572ff189c(fv-az342-943/10.1.0.32), 5=5b9beb6f-d596-489f-8a17-e362b772df82(fv-az342-943/10.1.0.32)}, targets={3=0ef615e1-91db-4ede-b924-53e2d320f02d(fv-az342-943/10.1.0.32)}
2023-10-27 20:16:11,461 [nullContainerReplicationThread-0] WARN  reconstruction.ECReconstructionCoordinator (ECReconstructionCoordinator.java:reconstructECContainerGroup(195)) - Exception while reconstructing the container 1. Cleaning up all the recovering containers in the reconstruction process.
java.lang.NullPointerException
	at org.apache.hadoop.ozone.container.TestECContainerRecovery.lambda$null$0(TestECContainerRecovery.java:317)
	at org.apache.ozone.test.GenericTestUtils.waitFor(GenericTestUtils.java:221)
	at org.apache.hadoop.ozone.container.TestECContainerRecovery.lambda$testECContainerRecoveryWithTimedOutRecovery$1(TestECContainerRecovery.java:312)
	at org.mockito.internal.stubbing.StubbedInvocationMatcher.answer(StubbedInvocationMatcher.java:40)
	at org.mockito.internal.handler.MockHandlerImpl.handle(MockHandlerImpl.java:99)
	at org.mockito.internal.handler.NullResultGuardian.handle(NullResultGuardian.java:29)
	at org.mockito.internal.handler.InvocationNotifierHandler.handle(InvocationNotifierHandler.java:33)
	at org.mockito.internal.creation.bytebuddy.MockMethodInterceptor.doIntercept(MockMethodInterceptor.java:57)
	at org.mockito.internal.creation.bytebuddy.MockMethodAdvice.handle(MockMethodAdvice.java:147)
	at org.apache.hadoop.ozone.container.ec.reconstruction.ECReconstructionCoordinator.reconstructECBlockGroup(ECReconstructionCoordinator.java:240)
	at org.apache.hadoop.ozone.container.ec.reconstruction.ECReconstructionCoordinator.reconstructECContainerGroup(ECReconstructionCoordinator.java:178)
	at sun.reflect.NativeMethodAccessorImpl.invoke0(Native Method)
	at sun.reflect.NativeMethodAccessorImpl.invoke(NativeMethodAccessorImpl.java:62)
	at sun.reflect.DelegatingMethodAccessorImpl.invoke(DelegatingMethodAccessorImpl.java:43)
	at java.lang.reflect.Method.invoke(Method.java:498)
	at org.mockito.internal.util.reflection.ReflectionMemberAccessor.invoke(ReflectionMemberAccessor.java:45)
	at org.mockito.internal.creation.bytebuddy.MockMethodAdvice.tryInvoke(MockMethodAdvice.java:329)
	at org.mockito.internal.creation.bytebuddy.MockMethodAdvice.access$500(MockMethodAdvice.java:56)
	at org.mockito.internal.creation.bytebuddy.MockMethodAdvice$RealMethodCall.invoke(MockMethodAdvice.java:249)
	at org.mockito.internal.invocation.InterceptedInvocation.callRealMethod(InterceptedInvocation.java:141)
	at org.mockito.internal.stubbing.answers.CallsRealMethods.answer(CallsRealMethods.java:44)
	at org.mockito.Answers.answer(Answers.java:98)
	at org.mockito.internal.handler.MockHandlerImpl.handle(MockHandlerImpl.java:106)
	at org.mockito.internal.handler.NullResultGuardian.handle(NullResultGuardian.java:29)
	at org.mockito.internal.handler.InvocationNotifierHandler.handle(InvocationNotifierHandler.java:33)
	at org.mockito.internal.creation.bytebuddy.MockMethodInterceptor.doIntercept(MockMethodInterceptor.java:57)
	at org.mockito.internal.creation.bytebuddy.MockMethodAdvice.handle(MockMethodAdvice.java:147)
	at org.apache.hadoop.ozone.container.ec.reconstruction.ECReconstructionCoordinator.reconstructECContainerGroup(ECReconstructionCoordinator.java:148)
	at org.apache.hadoop.ozone.container.ec.reconstruction.ECReconstructionCoordinatorTask.runTask(ECReconstructionCoordinatorTask.java:68)
	at org.apache.hadoop.ozone.container.replication.ReplicationSupervisor$TaskRunner.run(ReplicationSupervisor.java:369)
	at java.util.concurrent.ThreadPoolExecutor.runWorker(ThreadPoolExecutor.java:1149)
	at java.util.concurrent.ThreadPoolExecutor$Worker.run(ThreadPoolExecutor.java:624)
	at java.lang.Thread.run(Thread.java:750)
2023-10-27 20:16:11,549 [0ef615e1-91db-4ede-b924-53e2d320f02d-ChunkReader-2] INFO  keyvalue.KeyValueContainer (KeyValueContainer.java:markContainerForDelete(424)) - Moving container /home/runner/work/ozone/ozone/hadoop-ozone/integration-test/target/test-dir/MiniOzoneClusterImpl-60426a9d-3de2-4373-b08b-24a22c9da129/datanode-1/data-0/containers/hdds/60426a9d-3de2-4373-b08b-24a22c9da129/current/containerDir0/1 to state DELETED from state:RECOVERING
2023-10-27 20:16:11,566 [nullContainerReplicationThread-0] WARN  reconstruction.ECReconstructionCoordinatorTask (ECReconstructionCoordinatorTask.java:runTask(79)) - FAILED reconstructECContainersCommand: containerID=1, replication=rs-3-2-1024k, missingIndexes=[3], sources={1=66ee3698-ded8-430f-8ecd-27f356af6e45(fv-az342-943/10.1.0.32), 2=f612f2cf-90dc-41dc-bf39-cf028d38c484(fv-az342-943/10.1.0.32), 4=3fb99649-c87f-4cc9-b3d9-f5c572ff189c(fv-az342-943/10.1.0.32), 5=5b9beb6f-d596-489f-8a17-e362b772df82(fv-az342-943/10.1.0.32)}, targets={3=0ef615e1-91db-4ede-b924-53e2d320f02d(fv-az342-943/10.1.0.32)} after 210 ms
java.lang.NullPointerException
	at org.apache.hadoop.ozone.container.TestECContainerRecovery.lambda$null$0(TestECContainerRecovery.java:317)
	at org.apache.ozone.test.GenericTestUtils.waitFor(GenericTestUtils.java:221)
	at org.apache.hadoop.ozone.container.TestECContainerRecovery.lambda$testECContainerRecoveryWithTimedOutRecovery$1(TestECContainerRecovery.java:312)
	at org.apache.hadoop.ozone.container.ec.reconstruction.ECReconstructionCoordinator.reconstructECBlockGroup(ECReconstructionCoordinator.java:240)
	at org.apache.hadoop.ozone.container.ec.reconstruction.ECReconstructionCoordinator.reconstructECContainerGroup(ECReconstructionCoordinator.java:148)
	at org.apache.hadoop.ozone.container.ec.reconstruction.ECReconstructionCoordinatorTask.runTask(ECReconstructionCoordinatorTask.java:68)
	at org.apache.hadoop.ozone.container.replication.ReplicationSupervisor$TaskRunner.run(ReplicationSupervisor.java:369)
	at java.util.concurrent.ThreadPoolExecutor.runWorker(ThreadPoolExecutor.java:1149)
	at java.util.concurrent.ThreadPoolExecutor$Worker.run(ThreadPoolExecutor.java:624)
	at java.lang.Thread.run(Thread.java:750)
2023-10-27 20:16:11,566 [nullContainerReplicationThread-0] WARN  replication.ReplicationSupervisor (ReplicationSupervisor.java:run(371)) - Failed FAILED reconstructECContainersCommand: containerID=1, replication=rs-3-2-1024k, missingIndexes=[3], sources={1=66ee3698-ded8-430f-8ecd-27f356af6e45(fv-az342-943/10.1.0.32), 2=f612f2cf-90dc-41dc-bf39-cf028d38c484(fv-az342-943/10.1.0.32), 4=3fb99649-c87f-4cc9-b3d9-f5c572ff189c(fv-az342-943/10.1.0.32), 5=5b9beb6f-d596-489f-8a17-e362b772df82(fv-az342-943/10.1.0.32)}, targets={3=0ef615e1-91db-4ede-b924-53e2d320f02d(fv-az342-943/10.1.0.32)}
2023-10-27 20:16:19,178 [ReplicationMonitor] INFO  replication.ReplicationManager (ReplicationManager.java:processAll(394)) - Replication Monitor Thread took 0 milliseconds for processing 2 containers.
2023-10-27 20:16:29,179 [ReplicationMonitor] INFO  replication.ReplicationManager (ReplicationManager.java:processAll(394)) - Replication Monitor Thread took 0 milliseconds for processing 2 containers.
2023-10-27 20:16:35,517 [55507c8a-594d-4e25-909f-8d2832294c55-BlockDeletingService#1] INFO  interfaces.ContainerDeletionChoosingPolicyTemplate (ContainerDeletionChoosingPolicyTemplate.java:chooseContainerForBlockDeletion(85)) - Chosen 0/5000 blocks from 0 candidate containers.
2023-10-27 20:16:39,188 [ReplicationMonitor] INFO  replication.ReplicationManager (ReplicationManager.java:processAll(394)) - Replication Monitor Thread took 0 milliseconds for processing 2 containers.
]]></system-out>
  </testcase>
</testsuite>