<?xml version="1.0" encoding="UTF-8"?>
<testsuite xmlns:xsi="http://www.w3.org/2001/XMLSchema-instance" xsi:noNamespaceSchemaLocation="https://maven.apache.org/surefire/maven-surefire-plugin/xsd/surefire-test-report.xsd" version="3.0.2" name="org.apache.hadoop.hdds.scm.node.TestQueryNode" time="29.551" tests="1" errors="1" skipped="0" failures="0">
  <properties>
    <property name="java.specification.version" value="21"/>
    <property name="sun.jnu.encoding" value="UTF-8"/>
    <property name="java.class.path" value="/home/runner/work/ozone/ozone/hadoop-ozone/integration-test/target/test-classes:/home/runner/work/ozone/ozone/hadoop-ozone/integration-test/target/classes:/home/runner/work/ozone/ozone/hadoop-hdds/server-scm/target/hdds-server-scm-2.1.0-SNAPSHOT.jar:/home/runner/.m2/repository/com/fasterxml/jackson/core/jackson-annotations/2.16.2/jackson-annotations-2.16.2.jar:/home/runner/.m2/repository/com/fasterxml/jackson/core/jackson-core/2.16.2/jackson-core-2.16.2.jar:/home/runner/.m2/repository/com/fasterxml/jackson/core/jackson-databind/2.16.2/jackson-databind-2.16.2.jar:/home/runner/.m2/repository/com/google/guava/guava/32.1.3-jre/guava-32.1.3-jre.jar:/home/runner/.m2/repository/com/google/guava/failureaccess/1.0.1/failureaccess-1.0.1.jar:/home/runner/.m2/repository/com/google/guava/listenablefuture/9999.0-empty-to-avoid-conflict-with-guava/listenablefuture-9999.0-empty-to-avoid-conflict-with-guava.jar:/home/runner/.m2/repository/org/checkerframework/checker-qual/3.37.0/checker-qual-3.37.0.jar:/home/runner/.m2/repository/com/google/errorprone/error_prone_annotations/2.29.2/error_prone_annotations-2.29.2.jar:/home/runner/.m2/repository/com/google/j2objc/j2objc-annotations/2.8/j2objc-annotations-2.8.jar:/home/runner/.m2/repository/com/google/protobuf/protobuf-java/2.5.0/protobuf-java-2.5.0.jar:/home/runner/.m2/repository/commons-collections/commons-collections/3.2.2/commons-collections-3.2.2.jar:/home/runner/.m2/repository/commons-io/commons-io/2.18.0/commons-io-2.18.0.jar:/home/runner/.m2/repository/info/picocli/picocli/4.7.5/picocli-4.7.5.jar:/home/runner/.m2/repository/io/dropwizard/metrics/metrics-core/3.2.6/metrics-core-3.2.6.jar:/home/runner/.m2/repository/jakarta/annotation/jakarta.annotation-api/2.1.1/jakarta.annotation-api-2.1.1.jar:/home/runner/.m2/repository/javax/servlet/javax.servlet-api/3.1.0/javax.servlet-api-3.1.0.jar:/home/runner/.m2/repository/org/apache/commons/commons-compress/1.27.1/commons-compress-1.27.1.jar:/home/runner/.m2/repository/org/apache/commons/commons-text/1.12.0/commons-text-1.12.0.jar:/home/runner/work/ozone/ozone/hadoop-hdds/client/target/hdds-client-2.1.0-SNAPSHOT.jar:/home/runner/work/ozone/ozone/hadoop-hdds/common/target/hdds-common-2.1.0-SNAPSHOT.jar:/home/runner/work/ozone/ozone/hadoop-hdds/config/target/hdds-config-2.1.0-SNAPSHOT.jar:/home/runner/work/ozone/ozone/hadoop-hdds/container-service/target/hdds-container-service-2.1.0-SNAPSHOT.jar:/home/runner/work/ozone/ozone/hadoop-hdds/hadoop-dependency-client/target/hdds-hadoop-dependency-client-2.1.0-SNAPSHOT.jar:/home/runner/.m2/repository/com/nimbusds/nimbus-jose-jwt/9.40/nimbus-jose-jwt-9.40.jar:/home/runner/work/ozone/ozone/hadoop-hdds/hadoop-dependency-server/target/hdds-hadoop-dependency-server-2.1.0-SNAPSHOT.jar:/home/runner/.m2/repository/org/apache/hadoop/hadoop-hdfs/3.4.1/hadoop-hdfs-3.4.1.jar:/home/runner/.m2/repository/org/apache/kerby/kerb-util/1.0.1/kerb-util-1.0.1.jar:/home/runner/.m2/repository/org/apache/kerby/kerby-config/1.0.1/kerby-config-1.0.1.jar:/home/runner/.m2/repository/org/apache/kerby/kerb-crypto/1.0.1/kerb-crypto-1.0.1.jar:/home/runner/work/ozone/ozone/hadoop-hdds/interface-admin/target/hdds-interface-admin-2.1.0-SNAPSHOT.jar:/home/runner/work/ozone/ozone/hadoop-hdds/interface-client/target/hdds-interface-client-2.1.0-SNAPSHOT.jar:/home/runner/work/ozone/ozone/hadoop-hdds/interface-server/target/hdds-interface-server-2.1.0-SNAPSHOT.jar:/home/runner/work/ozone/ozone/hadoop-hdds/framework/target/hdds-server-framework-2.1.0-SNAPSHOT.jar:/home/runner/.m2/repository/org/apache/ratis/ratis-client/3.1.2/ratis-client-3.1.2.jar:/home/runner/.m2/repository/org/apache/ratis/ratis-common/3.1.2/ratis-common-3.1.2.jar:/home/runner/.m2/repository/org/apache/ratis/ratis-grpc/3.1.2/ratis-grpc-3.1.2.jar:/home/runner/.m2/repository/org/apache/ratis/ratis-netty/3.1.2/ratis-netty-3.1.2.jar:/home/runner/.m2/repository/org/apache/ratis/ratis-proto/3.1.2/ratis-proto-3.1.2.jar:/home/runner/.m2/repository/org/apache/ratis/ratis-server-api/3.1.2/ratis-server-api-3.1.2.jar:/home/runner/.m2/repository/org/apache/ratis/ratis-thirdparty-misc/1.0.6/ratis-thirdparty-misc-1.0.6.jar:/home/runner/.m2/repository/org/bouncycastle/bcpkix-jdk18on/1.80/bcpkix-jdk18on-1.80.jar:/home/runner/.m2/repository/org/bouncycastle/bcprov-jdk18on/1.80/bcprov-jdk18on-1.80.jar:/home/runner/.m2/repository/org/eclipse/jetty/jetty-webapp/9.4.57.v20241219/jetty-webapp-9.4.57.v20241219.jar:/home/runner/.m2/repository/org/eclipse/jetty/jetty-xml/9.4.57.v20241219/jetty-xml-9.4.57.v20241219.jar:/home/runner/.m2/repository/org/slf4j/slf4j-api/2.0.17/slf4j-api-2.0.17.jar:/home/runner/work/ozone/ozone/hadoop-hdds/tools/target/hdds-tools-2.1.0-SNAPSHOT.jar:/home/runner/.m2/repository/ch/qos/reload4j/reload4j/1.2.26/reload4j-1.2.26.jar:/home/runner/.m2/repository/com/fasterxml/jackson/datatype/jackson-datatype-jsr310/2.16.2/jackson-datatype-jsr310-2.16.2.jar:/home/runner/.m2/repository/commons-cli/commons-cli/1.8.0/commons-cli-1.8.0.jar:/home/runner/.m2/repository/org/apache/ratis/ratis-tools/3.1.2/ratis-tools-3.1.2.jar:/home/runner/.m2/repository/org/kohsuke/metainf-services/metainf-services/1.11/metainf-services-1.11.jar:/home/runner/.m2/repository/org/slf4j/slf4j-reload4j/2.0.17/slf4j-reload4j-2.0.17.jar:/home/runner/.m2/repository/org/xerial/sqlite-jdbc/3.49.1.0/sqlite-jdbc-3.49.1.0.jar:/home/runner/work/ozone/ozone/hadoop-ozone/cli-shell/target/ozone-cli-shell-2.1.0-SNAPSHOT.jar:/home/runner/.m2/repository/commons-codec/commons-codec/1.17.1/commons-codec-1.17.1.jar:/home/runner/.m2/repository/info/picocli/picocli-shell-jline3/4.7.5/picocli-shell-jline3-4.7.5.jar:/home/runner/.m2/repository/jakarta/xml/bind/jakarta.xml.bind-api/2.3.3/jakarta.xml.bind-api-2.3.3.jar:/home/runner/.m2/repository/org/apache/httpcomponents/httpclient/4.5.14/httpclient-4.5.14.jar:/home/runner/work/ozone/ozone/hadoop-ozone/ozonefs-common/target/ozone-filesystem-common-2.1.0-SNAPSHOT.jar:/home/runner/work/ozone/ozone/hadoop-ozone/interface-client/target/ozone-interface-client-2.1.0-SNAPSHOT.jar:/home/runner/.m2/repository/org/jline/jline/3.29.0/jline-3.29.0.jar:/home/runner/work/ozone/ozone/hadoop-ozone/client/target/ozone-client-2.1.0-SNAPSHOT.jar:/home/runner/.m2/repository/com/github/stephenc/jcip/jcip-annotations/1.0-1/jcip-annotations-1.0-1.jar:/home/runner/work/ozone/ozone/hadoop-hdds/erasurecode/target/hdds-erasurecode-2.1.0-SNAPSHOT.jar:/home/runner/work/ozone/ozone/hadoop-ozone/common/target/ozone-common-2.1.0-SNAPSHOT.jar:/home/runner/.m2/repository/io/grpc/grpc-api/1.58.0/grpc-api-1.58.0.jar:/home/runner/.m2/repository/io/grpc/grpc-netty/1.58.0/grpc-netty-1.58.0.jar:/home/runner/.m2/repository/io/grpc/grpc-core/1.58.0/grpc-core-1.58.0.jar:/home/runner/.m2/repository/com/google/android/annotations/4.1.1.4/annotations-4.1.1.4.jar:/home/runner/.m2/repository/org/codehaus/mojo/animal-sniffer-annotations/1.23/animal-sniffer-annotations-1.23.jar:/home/runner/.m2/repository/io/grpc/grpc-context/1.58.0/grpc-context-1.58.0.jar:/home/runner/.m2/repository/io/grpc/grpc-util/1.58.0/grpc-util-1.58.0.jar:/home/runner/.m2/repository/io/perfmark/perfmark-api/0.26.0/perfmark-api-0.26.0.jar:/home/runner/.m2/repository/io/grpc/grpc-stub/1.58.0/grpc-stub-1.58.0.jar:/home/runner/.m2/repository/io/netty/netty-codec-http2/4.1.109.Final/netty-codec-http2-4.1.109.Final.jar:/home/runner/.m2/repository/io/netty/netty-codec-http/4.1.109.Final/netty-codec-http-4.1.109.Final.jar:/home/runner/.m2/repository/io/netty/netty-common/4.1.109.Final/netty-common-4.1.109.Final.jar:/home/runner/.m2/repository/io/netty/netty-handler/4.1.109.Final/netty-handler-4.1.109.Final.jar:/home/runner/.m2/repository/io/netty/netty-resolver/4.1.109.Final/netty-resolver-4.1.109.Final.jar:/home/runner/.m2/repository/io/netty/netty-handler-proxy/4.1.109.Final/netty-handler-proxy-4.1.109.Final.jar:/home/runner/.m2/repository/io/netty/netty-codec-socks/4.1.109.Final/netty-codec-socks-4.1.109.Final.jar:/home/runner/.m2/repository/org/apache/httpcomponents/httpcore/4.4.16/httpcore-4.4.16.jar:/home/runner/.m2/repository/io/netty/netty-tcnative-boringssl-static/2.0.65.Final/netty-tcnative-boringssl-static-2.0.65.Final.jar:/home/runner/.m2/repository/io/netty/netty-tcnative-classes/2.0.65.Final/netty-tcnative-classes-2.0.65.Final.jar:/home/runner/.m2/repository/io/netty/netty-tcnative-boringssl-static/2.0.65.Final/netty-tcnative-boringssl-static-2.0.65.Final-linux-x86_64.jar:/home/runner/.m2/repository/io/netty/netty-tcnative-boringssl-static/2.0.65.Final/netty-tcnative-boringssl-static-2.0.65.Final-linux-aarch_64.jar:/home/runner/.m2/repository/io/netty/netty-tcnative-boringssl-static/2.0.65.Final/netty-tcnative-boringssl-static-2.0.65.Final-osx-x86_64.jar:/home/runner/.m2/repository/io/netty/netty-tcnative-boringssl-static/2.0.65.Final/netty-tcnative-boringssl-static-2.0.65.Final-osx-aarch_64.jar:/home/runner/.m2/repository/io/netty/netty-tcnative-boringssl-static/2.0.65.Final/netty-tcnative-boringssl-static-2.0.65.Final-windows-x86_64.jar:/home/runner/work/ozone/ozone/hadoop-ozone/csi/target/ozone-csi-2.1.0-SNAPSHOT.jar:/home/runner/.m2/repository/com/google/protobuf/protobuf-java-util/3.19.6/protobuf-java-util-3.19.6.jar:/home/runner/.m2/repository/io/grpc/grpc-protobuf/1.58.0/grpc-protobuf-1.58.0.jar:/home/runner/.m2/repository/com/google/api/grpc/proto-google-common-protos/2.22.0/proto-google-common-protos-2.22.0.jar:/home/runner/.m2/repository/io/grpc/grpc-protobuf-lite/1.58.0/grpc-protobuf-lite-1.58.0.jar:/home/runner/.m2/repository/io/netty/netty-transport/4.1.109.Final/netty-transport-4.1.109.Final.jar:/home/runner/.m2/repository/io/netty/netty-transport-classes-epoll/4.1.109.Final/netty-transport-classes-epoll-4.1.109.Final.jar:/home/runner/.m2/repository/io/netty/netty-transport-native-epoll/4.1.109.Final/netty-transport-native-epoll-4.1.109.Final-linux-x86_64.jar:/home/runner/.m2/repository/io/netty/netty-transport-native-unix-common/4.1.109.Final/netty-transport-native-unix-common-4.1.109.Final.jar:/home/runner/work/ozone/ozone/hadoop-ozone/ozonefs/target/ozone-filesystem-2.1.0-SNAPSHOT.jar:/home/runner/.m2/repository/io/opentracing/opentracing-api/0.33.0/opentracing-api-0.33.0.jar:/home/runner/.m2/repository/io/opentracing/opentracing-util/0.33.0/opentracing-util-0.33.0.jar:/home/runner/.m2/repository/io/opentracing/opentracing-noop/0.33.0/opentracing-noop-0.33.0.jar:/home/runner/work/ozone/ozone/hadoop-ozone/ozone-manager/target/ozone-manager-2.1.0-SNAPSHOT.jar:/home/runner/.m2/repository/com/sun/jersey/jersey-client/1.19.4/jersey-client-1.19.4.jar:/home/runner/.m2/repository/org/apache/kerby/kerby-util/1.0.1/kerby-util-1.0.1.jar:/home/runner/.m2/repository/org/apache/logging/log4j/log4j-api/2.24.2/log4j-api-2.24.2.jar:/home/runner/work/ozone/ozone/hadoop-hdds/managed-rocksdb/target/hdds-managed-rocksdb-2.1.0-SNAPSHOT.jar:/home/runner/work/ozone/ozone/hadoop-hdds/rocks-native/target/hdds-rocks-native-2.1.0-SNAPSHOT.jar:/home/runner/.m2/repository/org/eclipse/jetty/jetty-io/9.4.57.v20241219/jetty-io-9.4.57.v20241219.jar:/home/runner/work/ozone/ozone/hadoop-ozone/interface-storage/target/ozone-interface-storage-2.1.0-SNAPSHOT.jar:/home/runner/work/ozone/ozone/hadoop-hdds/rocksdb-checkpoint-differ/target/rocksdb-checkpoint-differ-2.1.0-SNAPSHOT.jar:/home/runner/.m2/repository/com/github/vlsi/mxgraph/jgraphx/3.9.12/jgraphx-3.9.12.jar:/home/runner/.m2/repository/org/jgrapht/jgrapht-core/1.4.0/jgrapht-core-1.4.0.jar:/home/runner/.m2/repository/org/jheaps/jheaps/0.11/jheaps-0.11.jar:/home/runner/.m2/repository/org/jgrapht/jgrapht-ext/1.4.0/jgrapht-ext-1.4.0.jar:/home/runner/.m2/repository/org/apache/ranger/ranger-intg/2.6.0/ranger-intg-2.6.0.jar:/home/runner/.m2/repository/org/apache/ranger/ranger-plugins-common/2.6.0/ranger-plugins-common-2.6.0.jar:/home/runner/.m2/repository/com/fasterxml/jackson/jaxrs/jackson-jaxrs-base/2.16.2/jackson-jaxrs-base-2.16.2.jar:/home/runner/.m2/repository/com/fasterxml/jackson/jaxrs/jackson-jaxrs-json-provider/2.16.2/jackson-jaxrs-json-provider-2.16.2.jar:/home/runner/.m2/repository/com/kstruct/gethostname4j/1.0.0/gethostname4j-1.0.0.jar:/home/runner/.m2/repository/commons-lang/commons-lang/2.6/commons-lang-2.6.jar:/home/runner/.m2/repository/net/java/dev/jna/jna/5.2.0/jna-5.2.0.jar:/home/runner/.m2/repository/net/java/dev/jna/jna-platform/5.2.0/jna-platform-5.2.0.jar:/home/runner/.m2/repository/org/apache/ranger/ranger-plugin-classloader/2.6.0/ranger-plugin-classloader-2.6.0.jar:/home/runner/.m2/repository/org/apache/ranger/ranger-plugins-audit/2.6.0/ranger-plugins-audit-2.6.0.jar:/home/runner/.m2/repository/com/amazonaws/aws-java-sdk-logs/1.12.765/aws-java-sdk-logs-1.12.765.jar:/home/runner/.m2/repository/com/carrotsearch/hppc/0.8.0/hppc-0.8.0.jar:/home/runner/.m2/repository/io/airlift/aircompressor/0.27/aircompressor-0.27.jar:/home/runner/.m2/repository/org/apache/httpcomponents/httpasyncclient/4.1.4/httpasyncclient-4.1.4.jar:/home/runner/.m2/repository/org/apache/httpcomponents/httpcore-nio/4.4.16/httpcore-nio-4.4.16.jar:/home/runner/.m2/repository/org/apache/httpcomponents/httpmime/4.5.13/httpmime-4.5.13.jar:/home/runner/.m2/repository/org/apache/orc/orc-core/1.5.8/orc-core-1.5.8.jar:/home/runner/.m2/repository/org/apache/orc/orc-shims/1.5.8/orc-shims-1.5.8.jar:/home/runner/.m2/repository/org/eclipse/jetty/jetty-client/9.4.57.v20241219/jetty-client-9.4.57.v20241219.jar:/home/runner/.m2/repository/org/apache/ranger/ranger-plugins-cred/2.6.0/ranger-plugins-cred-2.6.0.jar:/home/runner/.m2/repository/org/aspectj/aspectjrt/1.9.7/aspectjrt-1.9.7.jar:/home/runner/.m2/repository/org/aspectj/aspectjweaver/1.9.7/aspectjweaver-1.9.7.jar:/home/runner/.m2/repository/org/eclipse/jetty/jetty-util/9.4.57.v20241219/jetty-util-9.4.57.v20241219.jar:/home/runner/.m2/repository/org/reflections/reflections/0.10.2/reflections-0.10.2.jar:/home/runner/.m2/repository/org/rocksdb/rocksdbjni/7.7.3/rocksdbjni-7.7.3.jar:/home/runner/work/ozone/ozone/hadoop-ozone/recon/target/ozone-recon-2.1.0-SNAPSHOT.jar:/home/runner/.m2/repository/aopalliance/aopalliance/1.0/aopalliance-1.0.jar:/home/runner/.m2/repository/com/google/inject/guice/6.0.0/guice-6.0.0.jar:/home/runner/.m2/repository/jakarta/inject/jakarta.inject-api/2.0.1/jakarta.inject-api-2.0.1.jar:/home/runner/.m2/repository/com/google/inject/extensions/guice-assistedinject/6.0.0/guice-assistedinject-6.0.0.jar:/home/runner/.m2/repository/com/google/inject/extensions/guice-servlet/6.0.0/guice-servlet-6.0.0.jar:/home/runner/.m2/repository/com/jolbox/bonecp/0.8.0.RELEASE/bonecp-0.8.0.RELEASE.jar:/home/runner/.m2/repository/jakarta/activation/jakarta.activation-api/1.2.2/jakarta.activation-api-1.2.2.jar:/home/runner/.m2/repository/jakarta/validation/jakarta.validation-api/2.0.2/jakarta.validation-api-2.0.2.jar:/home/runner/.m2/repository/jakarta/ws/rs/jakarta.ws.rs-api/2.1.6/jakarta.ws.rs-api-2.1.6.jar:/home/runner/.m2/repository/javax/inject/javax.inject/1/javax.inject-1.jar:/home/runner/.m2/repository/org/apache/derby/derby/10.14.2.0/derby-10.14.2.0.jar:/home/runner/work/ozone/ozone/hadoop-ozone/recon-codegen/target/ozone-reconcodegen-2.1.0-SNAPSHOT.jar:/home/runner/.m2/repository/org/eclipse/jetty/jetty-servlet/9.4.57.v20241219/jetty-servlet-9.4.57.v20241219.jar:/home/runner/.m2/repository/org/eclipse/jetty/jetty-security/9.4.57.v20241219/jetty-security-9.4.57.v20241219.jar:/home/runner/.m2/repository/org/glassfish/hk2/guice-bridge/2.6.1/guice-bridge-2.6.1.jar:/home/runner/.m2/repository/org/glassfish/hk2/hk2-api/2.6.1/hk2-api-2.6.1.jar:/home/runner/.m2/repository/org/glassfish/hk2/hk2-utils/2.6.1/hk2-utils-2.6.1.jar:/home/runner/.m2/repository/org/glassfish/hk2/external/aopalliance-repackaged/2.6.1/aopalliance-repackaged-2.6.1.jar:/home/runner/.m2/repository/org/glassfish/hk2/external/jakarta.inject/2.6.1/jakarta.inject-2.6.1.jar:/home/runner/.m2/repository/org/glassfish/jersey/containers/jersey-container-servlet/2.46/jersey-container-servlet-2.46.jar:/home/runner/.m2/repository/org/glassfish/jersey/containers/jersey-container-servlet-core/2.46/jersey-container-servlet-core-2.46.jar:/home/runner/.m2/repository/org/glassfish/jersey/core/jersey-common/2.46/jersey-common-2.46.jar:/home/runner/.m2/repository/org/glassfish/hk2/osgi-resource-locator/1.0.3/osgi-resource-locator-1.0.3.jar:/home/runner/.m2/repository/org/glassfish/jersey/core/jersey-server/2.46/jersey-server-2.46.jar:/home/runner/.m2/repository/org/glassfish/jersey/core/jersey-client/2.46/jersey-client-2.46.jar:/home/runner/.m2/repository/org/glassfish/jersey/inject/jersey-hk2/2.46/jersey-hk2-2.46.jar:/home/runner/.m2/repository/org/glassfish/hk2/hk2-locator/2.6.1/hk2-locator-2.6.1.jar:/home/runner/.m2/repository/org/glassfish/jersey/media/jersey-media-jaxb/2.46/jersey-media-jaxb-2.46.jar:/home/runner/.m2/repository/org/glassfish/jersey/media/jersey-media-json-jackson/2.46/jersey-media-json-jackson-2.46.jar:/home/runner/.m2/repository/org/glassfish/jersey/ext/jersey-entity-filtering/2.46/jersey-entity-filtering-2.46.jar:/home/runner/.m2/repository/com/fasterxml/jackson/module/jackson-module-jaxb-annotations/2.16.2/jackson-module-jaxb-annotations-2.16.2.jar:/home/runner/.m2/repository/org/javassist/javassist/3.30.2-GA/javassist-3.30.2-GA.jar:/home/runner/.m2/repository/org/jooq/jooq/3.11.10/jooq-3.11.10.jar:/home/runner/.m2/repository/org/jooq/jooq-codegen/3.11.10/jooq-codegen-3.11.10.jar:/home/runner/.m2/repository/org/jooq/jooq-meta/3.11.10/jooq-meta-3.11.10.jar:/home/runner/.m2/repository/org/springframework/spring-core/5.3.39/spring-core-5.3.39.jar:/home/runner/.m2/repository/org/springframework/spring-jdbc/5.3.39/spring-jdbc-5.3.39.jar:/home/runner/.m2/repository/org/springframework/spring-beans/5.3.39/spring-beans-5.3.39.jar:/home/runner/.m2/repository/org/springframework/spring-tx/5.3.39/spring-tx-5.3.39.jar:/home/runner/work/ozone/ozone/hadoop-ozone/s3gateway/target/ozone-s3gateway-2.1.0-SNAPSHOT.jar:/home/runner/work/ozone/ozone/hadoop-ozone/tools/target/ozone-tools-2.1.0-SNAPSHOT.jar:/home/runner/.m2/repository/com/amazonaws/aws-java-sdk-core/1.12.661/aws-java-sdk-core-1.12.661.jar:/home/runner/.m2/repository/com/fasterxml/jackson/dataformat/jackson-dataformat-cbor/2.16.2/jackson-dataformat-cbor-2.16.2.jar:/home/runner/.m2/repository/joda-time/joda-time/2.12.7/joda-time-2.12.7.jar:/home/runner/.m2/repository/com/amazonaws/aws-java-sdk-s3/1.12.661/aws-java-sdk-s3-1.12.661.jar:/home/runner/.m2/repository/com/amazonaws/aws-java-sdk-kms/1.12.661/aws-java-sdk-kms-1.12.661.jar:/home/runner/.m2/repository/com/amazonaws/jmespath-java/1.12.661/jmespath-java-1.12.661.jar:/home/runner/.m2/repository/org/apache/ratis/ratis-shell/3.1.2/ratis-shell-3.1.2.jar:/home/runner/.m2/repository/org/glassfish/jaxb/jaxb-runtime/2.3.9/jaxb-runtime-2.3.9.jar:/home/runner/.m2/repository/org/glassfish/jaxb/txw2/2.3.9/txw2-2.3.9.jar:/home/runner/.m2/repository/com/sun/istack/istack-commons-runtime/3.0.12/istack-commons-runtime-3.0.12.jar:/home/runner/.m2/repository/com/sun/activation/jakarta.activation/1.2.2/jakarta.activation-1.2.2.jar:/home/runner/.m2/repository/org/apache/ratis/ratis-server/3.1.2/ratis-server-3.1.2.jar:/home/runner/.m2/repository/org/apache/ratis/ratis-metrics-api/3.1.2/ratis-metrics-api-3.1.2.jar:/home/runner/.m2/repository/org/hamcrest/hamcrest/2.2/hamcrest-2.2.jar:/home/runner/.m2/repository/org/slf4j/jul-to-slf4j/2.0.17/jul-to-slf4j-2.0.17.jar:/home/runner/.m2/repository/org/apache/commons/commons-lang3/3.17.0/commons-lang3-3.17.0.jar:/home/runner/.m2/repository/org/apache/hadoop/hadoop-common/3.4.1/hadoop-common-3.4.1-tests.jar:/home/runner/.m2/repository/org/apache/hadoop/thirdparty/hadoop-shaded-protobuf_3_25/1.4.0/hadoop-shaded-protobuf_3_25-1.4.0.jar:/home/runner/.m2/repository/org/apache/hadoop/hadoop-annotations/3.4.1/hadoop-annotations-3.4.1.jar:/home/runner/.m2/repository/org/apache/hadoop/thirdparty/hadoop-shaded-guava/1.3.0/hadoop-shaded-guava-1.3.0.jar:/home/runner/.m2/repository/org/apache/commons/commons-math3/3.6.1/commons-math3-3.6.1.jar:/home/runner/.m2/repository/commons-net/commons-net/3.11.1/commons-net-3.11.1.jar:/home/runner/.m2/repository/org/eclipse/jetty/jetty-server/9.4.57.v20241219/jetty-server-9.4.57.v20241219.jar:/home/runner/.m2/repository/javax/servlet/jsp/jsp-api/2.1/jsp-api-2.1.jar:/home/runner/.m2/repository/com/sun/jersey/jersey-core/1.19.4/jersey-core-1.19.4.jar:/home/runner/.m2/repository/javax/ws/rs/jsr311-api/1.1.1/jsr311-api-1.1.1.jar:/home/runner/.m2/repository/com/sun/jersey/jersey-servlet/1.19.4/jersey-servlet-1.19.4.jar:/home/runner/.m2/repository/com/github/pjfanning/jersey-json/1.22.0/jersey-json-1.22.0.jar:/home/runner/.m2/repository/com/sun/xml/bind/jaxb-impl/2.2.3-1/jaxb-impl-2.2.3-1.jar:/home/runner/.m2/repository/org/codehaus/jettison/jettison/1.5.4/jettison-1.5.4.jar:/home/runner/.m2/repository/com/sun/jersey/jersey-server/1.19.4/jersey-server-1.19.4.jar:/home/runner/.m2/repository/commons-beanutils/commons-beanutils/1.9.4/commons-beanutils-1.9.4.jar:/home/runner/.m2/repository/org/apache/commons/commons-configuration2/2.11.0/commons-configuration2-2.11.0.jar:/home/runner/.m2/repository/org/apache/avro/avro/1.9.2/avro-1.9.2.jar:/home/runner/.m2/repository/com/google/re2j/re2j/1.7/re2j-1.7.jar:/home/runner/.m2/repository/com/google/code/gson/gson/2.10.1/gson-2.10.1.jar:/home/runner/.m2/repository/org/apache/hadoop/hadoop-auth/3.4.1/hadoop-auth-3.4.1.jar:/home/runner/.m2/repository/org/apache/curator/curator-framework/4.2.0/curator-framework-4.2.0.jar:/home/runner/.m2/repository/com/jcraft/jsch/0.1.55/jsch-0.1.55.jar:/home/runner/.m2/repository/org/apache/curator/curator-client/4.2.0/curator-client-4.2.0.jar:/home/runner/.m2/repository/org/apache/curator/curator-recipes/5.2.0/curator-recipes-5.2.0.jar:/home/runner/.m2/repository/com/google/code/findbugs/jsr305/3.0.2/jsr305-3.0.2.jar:/home/runner/.m2/repository/org/apache/zookeeper/zookeeper/3.8.4/zookeeper-3.8.4.jar:/home/runner/.m2/repository/org/apache/zookeeper/zookeeper-jute/3.8.4/zookeeper-jute-3.8.4.jar:/home/runner/.m2/repository/org/apache/yetus/audience-annotations/0.12.0/audience-annotations-0.12.0.jar:/home/runner/.m2/repository/io/netty/netty-transport-native-epoll/4.1.109.Final/netty-transport-native-epoll-4.1.109.Final.jar:/home/runner/.m2/repository/org/apache/kerby/kerb-core/1.0.1/kerb-core-1.0.1.jar:/home/runner/.m2/repository/org/apache/kerby/kerby-pkix/1.0.1/kerby-pkix-1.0.1.jar:/home/runner/.m2/repository/org/apache/kerby/kerby-asn1/1.0.1/kerby-asn1-1.0.1.jar:/home/runner/.m2/repository/org/codehaus/woodstox/stax2-api/4.2.1/stax2-api-4.2.1.jar:/home/runner/.m2/repository/com/fasterxml/woodstox/woodstox-core/5.4.0/woodstox-core-5.4.0.jar:/home/runner/.m2/repository/dnsjava/dnsjava/3.6.1/dnsjava-3.6.1.jar:/home/runner/.m2/repository/org/xerial/snappy/snappy-java/1.1.10.7/snappy-java-1.1.10.7.jar:/home/runner/.m2/repository/org/apache/hadoop/hadoop-distcp/3.4.1/hadoop-distcp-3.4.1.jar:/home/runner/.m2/repository/org/apache/hadoop/hadoop-distcp/3.4.1/hadoop-distcp-3.4.1-tests.jar:/home/runner/.m2/repository/org/apache/hadoop/hadoop-hdfs/3.4.1/hadoop-hdfs-3.4.1-tests.jar:/home/runner/.m2/repository/org/eclipse/jetty/jetty-util-ajax/9.4.57.v20241219/jetty-util-ajax-9.4.57.v20241219.jar:/home/runner/.m2/repository/commons-daemon/commons-daemon/1.4.0/commons-daemon-1.4.0.jar:/home/runner/.m2/repository/io/netty/netty-all/4.1.109.Final/netty-all-4.1.109.Final.jar:/home/runner/.m2/repository/io/netty/netty-codec-dns/4.1.109.Final/netty-codec-dns-4.1.109.Final.jar:/home/runner/.m2/repository/io/netty/netty-codec-haproxy/4.1.109.Final/netty-codec-haproxy-4.1.109.Final.jar:/home/runner/.m2/repository/io/netty/netty-codec-memcache/4.1.109.Final/netty-codec-memcache-4.1.109.Final.jar:/home/runner/.m2/repository/io/netty/netty-codec-mqtt/4.1.109.Final/netty-codec-mqtt-4.1.109.Final.jar:/home/runner/.m2/repository/io/netty/netty-codec-redis/4.1.109.Final/netty-codec-redis-4.1.109.Final.jar:/home/runner/.m2/repository/io/netty/netty-codec-smtp/4.1.109.Final/netty-codec-smtp-4.1.109.Final.jar:/home/runner/.m2/repository/io/netty/netty-codec-stomp/4.1.109.Final/netty-codec-stomp-4.1.109.Final.jar:/home/runner/.m2/repository/io/netty/netty-codec-xml/4.1.109.Final/netty-codec-xml-4.1.109.Final.jar:/home/runner/.m2/repository/io/netty/netty-handler-ssl-ocsp/4.1.109.Final/netty-handler-ssl-ocsp-4.1.109.Final.jar:/home/runner/.m2/repository/io/netty/netty-resolver-dns/4.1.109.Final/netty-resolver-dns-4.1.109.Final.jar:/home/runner/.m2/repository/io/netty/netty-transport-rxtx/4.1.109.Final/netty-transport-rxtx-4.1.109.Final.jar:/home/runner/.m2/repository/io/netty/netty-transport-sctp/4.1.109.Final/netty-transport-sctp-4.1.109.Final.jar:/home/runner/.m2/repository/io/netty/netty-transport-udt/4.1.109.Final/netty-transport-udt-4.1.109.Final.jar:/home/runner/.m2/repository/io/netty/netty-transport-classes-kqueue/4.1.109.Final/netty-transport-classes-kqueue-4.1.109.Final.jar:/home/runner/.m2/repository/io/netty/netty-resolver-dns-classes-macos/4.1.109.Final/netty-resolver-dns-classes-macos-4.1.109.Final.jar:/home/runner/.m2/repository/io/netty/netty-transport-native-epoll/4.1.109.Final/netty-transport-native-epoll-4.1.109.Final-linux-aarch_64.jar:/home/runner/.m2/repository/io/netty/netty-transport-native-epoll/4.1.109.Final/netty-transport-native-epoll-4.1.109.Final-linux-riscv64.jar:/home/runner/.m2/repository/io/netty/netty-transport-native-kqueue/4.1.109.Final/netty-transport-native-kqueue-4.1.109.Final-osx-x86_64.jar:/home/runner/.m2/repository/io/netty/netty-transport-native-kqueue/4.1.109.Final/netty-transport-native-kqueue-4.1.109.Final-osx-aarch_64.jar:/home/runner/.m2/repository/io/netty/netty-resolver-dns-native-macos/4.1.109.Final/netty-resolver-dns-native-macos-4.1.109.Final-osx-x86_64.jar:/home/runner/.m2/repository/io/netty/netty-resolver-dns-native-macos/4.1.109.Final/netty-resolver-dns-native-macos-4.1.109.Final-osx-aarch_64.jar:/home/runner/.m2/repository/org/fusesource/leveldbjni/leveldbjni-all/1.8/leveldbjni-all-1.8.jar:/home/runner/.m2/repository/org/apache/hadoop/hadoop-kms/3.4.1/hadoop-kms-3.4.1.jar:/home/runner/.m2/repository/org/apache/hadoop/hadoop-common/3.4.1/hadoop-common-3.4.1.jar:/home/runner/.m2/repository/org/apache/hadoop/hadoop-kms/3.4.1/hadoop-kms-3.4.1-tests.jar:/home/runner/.m2/repository/org/apache/hadoop/hadoop-mapreduce-client-core/3.4.1/hadoop-mapreduce-client-core-3.4.1.jar:/home/runner/.m2/repository/org/apache/hadoop/hadoop-yarn-client/3.4.1/hadoop-yarn-client-3.4.1.jar:/home/runner/.m2/repository/org/eclipse/jetty/websocket/websocket-client/9.4.53.v20231009/websocket-client-9.4.53.v20231009.jar:/home/runner/.m2/repository/org/eclipse/jetty/websocket/websocket-common/9.4.53.v20231009/websocket-common-9.4.53.v20231009.jar:/home/runner/.m2/repository/org/eclipse/jetty/websocket/websocket-api/9.4.53.v20231009/websocket-api-9.4.53.v20231009.jar:/home/runner/.m2/repository/org/apache/hadoop/hadoop-yarn-api/3.4.1/hadoop-yarn-api-3.4.1.jar:/home/runner/.m2/repository/org/apache/hadoop/hadoop-yarn-common/3.4.1/hadoop-yarn-common-3.4.1.jar:/home/runner/.m2/repository/javax/xml/bind/jaxb-api/2.2.11/jaxb-api-2.2.11.jar:/home/runner/.m2/repository/com/sun/jersey/contribs/jersey-guice/1.19.4/jersey-guice-1.19.4.jar:/home/runner/.m2/repository/org/apache/hadoop/hadoop-hdfs-client/3.4.1/hadoop-hdfs-client-3.4.1.jar:/home/runner/.m2/repository/org/apache/hadoop/hadoop-mapreduce-client-jobclient/3.4.1/hadoop-mapreduce-client-jobclient-3.4.1.jar:/home/runner/.m2/repository/org/apache/hadoop/hadoop-mapreduce-client-common/3.4.1/hadoop-mapreduce-client-common-3.4.1.jar:/home/runner/.m2/repository/org/apache/hadoop/hadoop-minikdc/3.4.1/hadoop-minikdc-3.4.1.jar:/home/runner/.m2/repository/org/apache/kerby/kerb-simplekdc/2.0.3/kerb-simplekdc-2.0.3.jar:/home/runner/.m2/repository/org/apache/kerby/kerb-client/2.0.3/kerb-client-2.0.3.jar:/home/runner/.m2/repository/org/apache/kerby/kerb-common/2.0.3/kerb-common-2.0.3.jar:/home/runner/.m2/repository/org/apache/kerby/token-provider/2.0.3/token-provider-2.0.3.jar:/home/runner/.m2/repository/org/apache/kerby/kerb-admin/2.0.3/kerb-admin-2.0.3.jar:/home/runner/.m2/repository/org/apache/kerby/kerb-server/2.0.3/kerb-server-2.0.3.jar:/home/runner/.m2/repository/org/apache/kerby/kerb-identity/2.0.3/kerb-identity-2.0.3.jar:/home/runner/.m2/repository/org/apache/kerby/kerby-xdr/2.0.3/kerby-xdr-2.0.3.jar:/home/runner/.m2/repository/junit/junit/4.13.2/junit-4.13.2.jar:/home/runner/.m2/repository/org/hamcrest/hamcrest-core/1.3/hamcrest-core-1.3.jar:/home/runner/work/ozone/ozone/hadoop-hdds/common/target/hdds-common-2.1.0-SNAPSHOT-tests.jar:/home/runner/.m2/repository/commons-validator/commons-validator/1.6/commons-validator-1.6.jar:/home/runner/.m2/repository/commons-digester/commons-digester/1.8.1/commons-digester-1.8.1.jar:/home/runner/.m2/repository/io/jaegertracing/jaeger-client/1.8.1/jaeger-client-1.8.1.jar:/home/runner/.m2/repository/io/jaegertracing/jaeger-thrift/1.8.1/jaeger-thrift-1.8.1.jar:/home/runner/.m2/repository/org/apache/thrift/libthrift/0.15.0/libthrift-0.15.0.jar:/home/runner/.m2/repository/com/squareup/okhttp3/okhttp/4.12.0/okhttp-4.12.0.jar:/home/runner/.m2/repository/com/squareup/okio/okio/3.6.0/okio-3.6.0.jar:/home/runner/.m2/repository/com/squareup/okio/okio-jvm/3.6.0/okio-jvm-3.6.0.jar:/home/runner/.m2/repository/org/jetbrains/kotlin/kotlin-stdlib-common/1.9.25/kotlin-stdlib-common-1.9.25.jar:/home/runner/.m2/repository/org/jetbrains/kotlin/kotlin-stdlib-jdk8/1.9.25/kotlin-stdlib-jdk8-1.9.25.jar:/home/runner/.m2/repository/org/jetbrains/kotlin/kotlin-stdlib-jdk7/1.9.25/kotlin-stdlib-jdk7-1.9.25.jar:/home/runner/.m2/repository/io/jaegertracing/jaeger-tracerresolver/1.8.1/jaeger-tracerresolver-1.8.1.jar:/home/runner/.m2/repository/io/opentracing/contrib/opentracing-tracerresolver/0.1.8/opentracing-tracerresolver-0.1.8.jar:/home/runner/.m2/repository/io/jaegertracing/jaeger-core/1.8.1/jaeger-core-1.8.1.jar:/home/runner/.m2/repository/javax/annotation/javax.annotation-api/1.3.2/javax.annotation-api-1.3.2.jar:/home/runner/work/ozone/ozone/hadoop-hdds/annotations/target/hdds-annotation-processing-2.1.0-SNAPSHOT.jar:/home/runner/.m2/repository/org/apache/ratis/ratis-metrics-dropwizard3/3.1.2/ratis-metrics-dropwizard3-3.1.2.jar:/home/runner/.m2/repository/org/bouncycastle/bcutil-jdk18on/1.80/bcutil-jdk18on-1.80.jar:/home/runner/.m2/repository/org/jetbrains/kotlin/kotlin-stdlib/1.9.25/kotlin-stdlib-1.9.25.jar:/home/runner/.m2/repository/org/jetbrains/annotations/13.0/annotations-13.0.jar:/home/runner/.m2/repository/org/slf4j/jcl-over-slf4j/2.0.17/jcl-over-slf4j-2.0.17.jar:/home/runner/.m2/repository/org/yaml/snakeyaml/2.0/snakeyaml-2.0.jar:/home/runner/work/ozone/ozone/hadoop-hdds/container-service/target/hdds-container-service-2.1.0-SNAPSHOT-tests.jar:/home/runner/.m2/repository/com/github/luben/zstd-jni/1.5.7-2/zstd-jni-1.5.7-2.jar:/home/runner/.m2/repository/io/netty/netty-buffer/4.1.109.Final/netty-buffer-4.1.109.Final.jar:/home/runner/.m2/repository/io/netty/netty-codec/4.1.109.Final/netty-codec-4.1.109.Final.jar:/home/runner/work/ozone/ozone/hadoop-hdds/framework/target/hdds-server-framework-2.1.0-SNAPSHOT-tests.jar:/home/runner/.m2/repository/com/github/jnr/jnr-constants/0.10.4/jnr-constants-0.10.4.jar:/home/runner/.m2/repository/com/github/jnr/jnr-posix/3.1.20/jnr-posix-3.1.20.jar:/home/runner/.m2/repository/com/github/jnr/jnr-ffi/2.2.17/jnr-ffi-2.2.17.jar:/home/runner/.m2/repository/com/github/jnr/jffi/1.3.13/jffi-1.3.13.jar:/home/runner/.m2/repository/com/github/jnr/jffi/1.3.13/jffi-1.3.13-native.jar:/home/runner/.m2/repository/org/ow2/asm/asm/9.7.1/asm-9.7.1.jar:/home/runner/.m2/repository/org/ow2/asm/asm-commons/9.7.1/asm-commons-9.7.1.jar:/home/runner/.m2/repository/org/ow2/asm/asm-analysis/9.7.1/asm-analysis-9.7.1.jar:/home/runner/.m2/repository/org/ow2/asm/asm-tree/9.7.1/asm-tree-9.7.1.jar:/home/runner/.m2/repository/org/ow2/asm/asm-util/9.7.1/asm-util-9.7.1.jar:/home/runner/.m2/repository/com/github/jnr/jnr-a64asm/1.0.0/jnr-a64asm-1.0.0.jar:/home/runner/.m2/repository/com/github/jnr/jnr-x86asm/1.0.2/jnr-x86asm-1.0.2.jar:/home/runner/.m2/repository/commons-fileupload/commons-fileupload/1.5/commons-fileupload-1.5.jar:/home/runner/.m2/repository/io/prometheus/simpleclient/0.16.0/simpleclient-0.16.0.jar:/home/runner/.m2/repository/io/prometheus/simpleclient_common/0.16.0/simpleclient_common-0.16.0.jar:/home/runner/.m2/repository/io/prometheus/simpleclient_dropwizard/0.16.0/simpleclient_dropwizard-0.16.0.jar:/home/runner/.m2/repository/org/apache/logging/log4j/log4j-core/2.24.2/log4j-core-2.24.2.jar:/home/runner/.m2/repository/org/eclipse/jetty/jetty-http/9.4.57.v20241219/jetty-http-9.4.57.v20241219.jar:/home/runner/.m2/repository/com/lmax/disruptor/3.4.4/disruptor-3.4.4.jar:/home/runner/work/ozone/ozone/hadoop-hdds/server-scm/target/hdds-server-scm-2.1.0-SNAPSHOT-tests.jar:/home/runner/work/ozone/ozone/hadoop-hdds/test-utils/target/hdds-test-utils-2.1.0-SNAPSHOT-tests.jar:/home/runner/work/ozone/ozone/hadoop-ozone/ozone-manager/target/ozone-manager-2.1.0-SNAPSHOT-tests.jar:/home/runner/work/ozone/ozone/hadoop-ozone/mini-cluster/target/ozone-mini-cluster-2.1.0-SNAPSHOT.jar:/home/runner/.m2/repository/org/assertj/assertj-core/3.27.3/assertj-core-3.27.3.jar:/home/runner/.m2/repository/net/bytebuddy/byte-buddy/1.15.11/byte-buddy-1.15.11.jar:/home/runner/.m2/repository/org/junit/jupiter/junit-jupiter-api/5.12.2/junit-jupiter-api-5.12.2.jar:/home/runner/.m2/repository/org/opentest4j/opentest4j/1.3.0/opentest4j-1.3.0.jar:/home/runner/.m2/repository/org/junit/platform/junit-platform-commons/1.12.2/junit-platform-commons-1.12.2.jar:/home/runner/.m2/repository/org/apiguardian/apiguardian-api/1.1.2/apiguardian-api-1.1.2.jar:/home/runner/.m2/repository/org/junit/jupiter/junit-jupiter-params/5.12.2/junit-jupiter-params-5.12.2.jar:/home/runner/.m2/repository/org/mockito/mockito-core/4.11.0/mockito-core-4.11.0.jar:/home/runner/.m2/repository/net/bytebuddy/byte-buddy-agent/1.12.19/byte-buddy-agent-1.12.19.jar:/home/runner/.m2/repository/org/objenesis/objenesis/3.3/objenesis-3.3.jar:/home/runner/.m2/repository/org/mockito/mockito-inline/4.11.0/mockito-inline-4.11.0.jar:/home/runner/.m2/repository/org/mockito/mockito-junit-jupiter/4.11.0/mockito-junit-jupiter-4.11.0.jar:/home/runner/work/ozone/ozone/hadoop-ozone/integration-test/target/gradle-enterprise/test-listeners.jar:"/>
    <property name="java.vm.vendor" value="Eclipse Adoptium"/>
    <property name="sun.arch.data.model" value="64"/>
    <property name="test.build.dir" value="/home/runner/work/ozone/ozone/hadoop-ozone/integration-test/target/test-dir"/>
    <property name="test.cache.data" value=""/>
    <property name="java.vendor.url" value="https://adoptium.net/"/>
    <property name="user.timezone" value="Etc/UTC"/>
    <property name="maven-surefire-plugin.argLineAccessArgs" value=" --add-opens java.management/com.sun.jmx.mbeanserver=ALL-UNNAMED --add-exports java.management/com.sun.jmx.mbeanserver=ALL-UNNAMED --add-opens java.base/java.nio=ALL-UNNAMED --add-opens java.base/java.lang=ALL-UNNAMED --add-opens java.base/java.lang.reflect=ALL-UNNAMED"/>
    <property name="os.name" value="Linux"/>
    <property name="java.vm.specification.version" value="21"/>
    <property name="test.build.data" value="/home/runner/work/ozone/ozone/hadoop-ozone/integration-test/target/test-dir"/>
    <property name="sun.java.launcher" value="SUN_STANDARD"/>
    <property name="sun.boot.library.path" value="/usr/lib/jvm/temurin-21-jdk-amd64/lib"/>
    <property name="sun.java.command" value="/home/runner/work/ozone/ozone/hadoop-ozone/integration-test/target/surefire/surefirebooter-20250417162606809_1490.jar /home/runner/work/ozone/ozone/hadoop-ozone/integration-test/target/surefire 2025-04-17T16-09-42_241-jvmRun1 surefire-20250417162606809_1488tmp surefire_210-20250417162606809_1489tmp"/>
    <property name="jdk.debug" value="release"/>
    <property name="native.lib.tmp.dir" value="/tmp"/>
    <property name="surefire.test.class.path" value="/home/runner/work/ozone/ozone/hadoop-ozone/integration-test/target/test-classes:/home/runner/work/ozone/ozone/hadoop-ozone/integration-test/target/classes:/home/runner/work/ozone/ozone/hadoop-hdds/server-scm/target/hdds-server-scm-2.1.0-SNAPSHOT.jar:/home/runner/.m2/repository/com/fasterxml/jackson/core/jackson-annotations/2.16.2/jackson-annotations-2.16.2.jar:/home/runner/.m2/repository/com/fasterxml/jackson/core/jackson-core/2.16.2/jackson-core-2.16.2.jar:/home/runner/.m2/repository/com/fasterxml/jackson/core/jackson-databind/2.16.2/jackson-databind-2.16.2.jar:/home/runner/.m2/repository/com/google/guava/guava/32.1.3-jre/guava-32.1.3-jre.jar:/home/runner/.m2/repository/com/google/guava/failureaccess/1.0.1/failureaccess-1.0.1.jar:/home/runner/.m2/repository/com/google/guava/listenablefuture/9999.0-empty-to-avoid-conflict-with-guava/listenablefuture-9999.0-empty-to-avoid-conflict-with-guava.jar:/home/runner/.m2/repository/org/checkerframework/checker-qual/3.37.0/checker-qual-3.37.0.jar:/home/runner/.m2/repository/com/google/errorprone/error_prone_annotations/2.29.2/error_prone_annotations-2.29.2.jar:/home/runner/.m2/repository/com/google/j2objc/j2objc-annotations/2.8/j2objc-annotations-2.8.jar:/home/runner/.m2/repository/com/google/protobuf/protobuf-java/2.5.0/protobuf-java-2.5.0.jar:/home/runner/.m2/repository/commons-collections/commons-collections/3.2.2/commons-collections-3.2.2.jar:/home/runner/.m2/repository/commons-io/commons-io/2.18.0/commons-io-2.18.0.jar:/home/runner/.m2/repository/info/picocli/picocli/4.7.5/picocli-4.7.5.jar:/home/runner/.m2/repository/io/dropwizard/metrics/metrics-core/3.2.6/metrics-core-3.2.6.jar:/home/runner/.m2/repository/jakarta/annotation/jakarta.annotation-api/2.1.1/jakarta.annotation-api-2.1.1.jar:/home/runner/.m2/repository/javax/servlet/javax.servlet-api/3.1.0/javax.servlet-api-3.1.0.jar:/home/runner/.m2/repository/org/apache/commons/commons-compress/1.27.1/commons-compress-1.27.1.jar:/home/runner/.m2/repository/org/apache/commons/commons-text/1.12.0/commons-text-1.12.0.jar:/home/runner/work/ozone/ozone/hadoop-hdds/client/target/hdds-client-2.1.0-SNAPSHOT.jar:/home/runner/work/ozone/ozone/hadoop-hdds/common/target/hdds-common-2.1.0-SNAPSHOT.jar:/home/runner/work/ozone/ozone/hadoop-hdds/config/target/hdds-config-2.1.0-SNAPSHOT.jar:/home/runner/work/ozone/ozone/hadoop-hdds/container-service/target/hdds-container-service-2.1.0-SNAPSHOT.jar:/home/runner/work/ozone/ozone/hadoop-hdds/hadoop-dependency-client/target/hdds-hadoop-dependency-client-2.1.0-SNAPSHOT.jar:/home/runner/.m2/repository/com/nimbusds/nimbus-jose-jwt/9.40/nimbus-jose-jwt-9.40.jar:/home/runner/work/ozone/ozone/hadoop-hdds/hadoop-dependency-server/target/hdds-hadoop-dependency-server-2.1.0-SNAPSHOT.jar:/home/runner/.m2/repository/org/apache/hadoop/hadoop-hdfs/3.4.1/hadoop-hdfs-3.4.1.jar:/home/runner/.m2/repository/org/apache/kerby/kerb-util/1.0.1/kerb-util-1.0.1.jar:/home/runner/.m2/repository/org/apache/kerby/kerby-config/1.0.1/kerby-config-1.0.1.jar:/home/runner/.m2/repository/org/apache/kerby/kerb-crypto/1.0.1/kerb-crypto-1.0.1.jar:/home/runner/work/ozone/ozone/hadoop-hdds/interface-admin/target/hdds-interface-admin-2.1.0-SNAPSHOT.jar:/home/runner/work/ozone/ozone/hadoop-hdds/interface-client/target/hdds-interface-client-2.1.0-SNAPSHOT.jar:/home/runner/work/ozone/ozone/hadoop-hdds/interface-server/target/hdds-interface-server-2.1.0-SNAPSHOT.jar:/home/runner/work/ozone/ozone/hadoop-hdds/framework/target/hdds-server-framework-2.1.0-SNAPSHOT.jar:/home/runner/.m2/repository/org/apache/ratis/ratis-client/3.1.2/ratis-client-3.1.2.jar:/home/runner/.m2/repository/org/apache/ratis/ratis-common/3.1.2/ratis-common-3.1.2.jar:/home/runner/.m2/repository/org/apache/ratis/ratis-grpc/3.1.2/ratis-grpc-3.1.2.jar:/home/runner/.m2/repository/org/apache/ratis/ratis-netty/3.1.2/ratis-netty-3.1.2.jar:/home/runner/.m2/repository/org/apache/ratis/ratis-proto/3.1.2/ratis-proto-3.1.2.jar:/home/runner/.m2/repository/org/apache/ratis/ratis-server-api/3.1.2/ratis-server-api-3.1.2.jar:/home/runner/.m2/repository/org/apache/ratis/ratis-thirdparty-misc/1.0.6/ratis-thirdparty-misc-1.0.6.jar:/home/runner/.m2/repository/org/bouncycastle/bcpkix-jdk18on/1.80/bcpkix-jdk18on-1.80.jar:/home/runner/.m2/repository/org/bouncycastle/bcprov-jdk18on/1.80/bcprov-jdk18on-1.80.jar:/home/runner/.m2/repository/org/eclipse/jetty/jetty-webapp/9.4.57.v20241219/jetty-webapp-9.4.57.v20241219.jar:/home/runner/.m2/repository/org/eclipse/jetty/jetty-xml/9.4.57.v20241219/jetty-xml-9.4.57.v20241219.jar:/home/runner/.m2/repository/org/slf4j/slf4j-api/2.0.17/slf4j-api-2.0.17.jar:/home/runner/work/ozone/ozone/hadoop-hdds/tools/target/hdds-tools-2.1.0-SNAPSHOT.jar:/home/runner/.m2/repository/ch/qos/reload4j/reload4j/1.2.26/reload4j-1.2.26.jar:/home/runner/.m2/repository/com/fasterxml/jackson/datatype/jackson-datatype-jsr310/2.16.2/jackson-datatype-jsr310-2.16.2.jar:/home/runner/.m2/repository/commons-cli/commons-cli/1.8.0/commons-cli-1.8.0.jar:/home/runner/.m2/repository/org/apache/ratis/ratis-tools/3.1.2/ratis-tools-3.1.2.jar:/home/runner/.m2/repository/org/kohsuke/metainf-services/metainf-services/1.11/metainf-services-1.11.jar:/home/runner/.m2/repository/org/slf4j/slf4j-reload4j/2.0.17/slf4j-reload4j-2.0.17.jar:/home/runner/.m2/repository/org/xerial/sqlite-jdbc/3.49.1.0/sqlite-jdbc-3.49.1.0.jar:/home/runner/work/ozone/ozone/hadoop-ozone/cli-shell/target/ozone-cli-shell-2.1.0-SNAPSHOT.jar:/home/runner/.m2/repository/commons-codec/commons-codec/1.17.1/commons-codec-1.17.1.jar:/home/runner/.m2/repository/info/picocli/picocli-shell-jline3/4.7.5/picocli-shell-jline3-4.7.5.jar:/home/runner/.m2/repository/jakarta/xml/bind/jakarta.xml.bind-api/2.3.3/jakarta.xml.bind-api-2.3.3.jar:/home/runner/.m2/repository/org/apache/httpcomponents/httpclient/4.5.14/httpclient-4.5.14.jar:/home/runner/work/ozone/ozone/hadoop-ozone/ozonefs-common/target/ozone-filesystem-common-2.1.0-SNAPSHOT.jar:/home/runner/work/ozone/ozone/hadoop-ozone/interface-client/target/ozone-interface-client-2.1.0-SNAPSHOT.jar:/home/runner/.m2/repository/org/jline/jline/3.29.0/jline-3.29.0.jar:/home/runner/work/ozone/ozone/hadoop-ozone/client/target/ozone-client-2.1.0-SNAPSHOT.jar:/home/runner/.m2/repository/com/github/stephenc/jcip/jcip-annotations/1.0-1/jcip-annotations-1.0-1.jar:/home/runner/work/ozone/ozone/hadoop-hdds/erasurecode/target/hdds-erasurecode-2.1.0-SNAPSHOT.jar:/home/runner/work/ozone/ozone/hadoop-ozone/common/target/ozone-common-2.1.0-SNAPSHOT.jar:/home/runner/.m2/repository/io/grpc/grpc-api/1.58.0/grpc-api-1.58.0.jar:/home/runner/.m2/repository/io/grpc/grpc-netty/1.58.0/grpc-netty-1.58.0.jar:/home/runner/.m2/repository/io/grpc/grpc-core/1.58.0/grpc-core-1.58.0.jar:/home/runner/.m2/repository/com/google/android/annotations/4.1.1.4/annotations-4.1.1.4.jar:/home/runner/.m2/repository/org/codehaus/mojo/animal-sniffer-annotations/1.23/animal-sniffer-annotations-1.23.jar:/home/runner/.m2/repository/io/grpc/grpc-context/1.58.0/grpc-context-1.58.0.jar:/home/runner/.m2/repository/io/grpc/grpc-util/1.58.0/grpc-util-1.58.0.jar:/home/runner/.m2/repository/io/perfmark/perfmark-api/0.26.0/perfmark-api-0.26.0.jar:/home/runner/.m2/repository/io/grpc/grpc-stub/1.58.0/grpc-stub-1.58.0.jar:/home/runner/.m2/repository/io/netty/netty-codec-http2/4.1.109.Final/netty-codec-http2-4.1.109.Final.jar:/home/runner/.m2/repository/io/netty/netty-codec-http/4.1.109.Final/netty-codec-http-4.1.109.Final.jar:/home/runner/.m2/repository/io/netty/netty-common/4.1.109.Final/netty-common-4.1.109.Final.jar:/home/runner/.m2/repository/io/netty/netty-handler/4.1.109.Final/netty-handler-4.1.109.Final.jar:/home/runner/.m2/repository/io/netty/netty-resolver/4.1.109.Final/netty-resolver-4.1.109.Final.jar:/home/runner/.m2/repository/io/netty/netty-handler-proxy/4.1.109.Final/netty-handler-proxy-4.1.109.Final.jar:/home/runner/.m2/repository/io/netty/netty-codec-socks/4.1.109.Final/netty-codec-socks-4.1.109.Final.jar:/home/runner/.m2/repository/org/apache/httpcomponents/httpcore/4.4.16/httpcore-4.4.16.jar:/home/runner/.m2/repository/io/netty/netty-tcnative-boringssl-static/2.0.65.Final/netty-tcnative-boringssl-static-2.0.65.Final.jar:/home/runner/.m2/repository/io/netty/netty-tcnative-classes/2.0.65.Final/netty-tcnative-classes-2.0.65.Final.jar:/home/runner/.m2/repository/io/netty/netty-tcnative-boringssl-static/2.0.65.Final/netty-tcnative-boringssl-static-2.0.65.Final-linux-x86_64.jar:/home/runner/.m2/repository/io/netty/netty-tcnative-boringssl-static/2.0.65.Final/netty-tcnative-boringssl-static-2.0.65.Final-linux-aarch_64.jar:/home/runner/.m2/repository/io/netty/netty-tcnative-boringssl-static/2.0.65.Final/netty-tcnative-boringssl-static-2.0.65.Final-osx-x86_64.jar:/home/runner/.m2/repository/io/netty/netty-tcnative-boringssl-static/2.0.65.Final/netty-tcnative-boringssl-static-2.0.65.Final-osx-aarch_64.jar:/home/runner/.m2/repository/io/netty/netty-tcnative-boringssl-static/2.0.65.Final/netty-tcnative-boringssl-static-2.0.65.Final-windows-x86_64.jar:/home/runner/work/ozone/ozone/hadoop-ozone/csi/target/ozone-csi-2.1.0-SNAPSHOT.jar:/home/runner/.m2/repository/com/google/protobuf/protobuf-java-util/3.19.6/protobuf-java-util-3.19.6.jar:/home/runner/.m2/repository/io/grpc/grpc-protobuf/1.58.0/grpc-protobuf-1.58.0.jar:/home/runner/.m2/repository/com/google/api/grpc/proto-google-common-protos/2.22.0/proto-google-common-protos-2.22.0.jar:/home/runner/.m2/repository/io/grpc/grpc-protobuf-lite/1.58.0/grpc-protobuf-lite-1.58.0.jar:/home/runner/.m2/repository/io/netty/netty-transport/4.1.109.Final/netty-transport-4.1.109.Final.jar:/home/runner/.m2/repository/io/netty/netty-transport-classes-epoll/4.1.109.Final/netty-transport-classes-epoll-4.1.109.Final.jar:/home/runner/.m2/repository/io/netty/netty-transport-native-epoll/4.1.109.Final/netty-transport-native-epoll-4.1.109.Final-linux-x86_64.jar:/home/runner/.m2/repository/io/netty/netty-transport-native-unix-common/4.1.109.Final/netty-transport-native-unix-common-4.1.109.Final.jar:/home/runner/work/ozone/ozone/hadoop-ozone/ozonefs/target/ozone-filesystem-2.1.0-SNAPSHOT.jar:/home/runner/.m2/repository/io/opentracing/opentracing-api/0.33.0/opentracing-api-0.33.0.jar:/home/runner/.m2/repository/io/opentracing/opentracing-util/0.33.0/opentracing-util-0.33.0.jar:/home/runner/.m2/repository/io/opentracing/opentracing-noop/0.33.0/opentracing-noop-0.33.0.jar:/home/runner/work/ozone/ozone/hadoop-ozone/ozone-manager/target/ozone-manager-2.1.0-SNAPSHOT.jar:/home/runner/.m2/repository/com/sun/jersey/jersey-client/1.19.4/jersey-client-1.19.4.jar:/home/runner/.m2/repository/org/apache/kerby/kerby-util/1.0.1/kerby-util-1.0.1.jar:/home/runner/.m2/repository/org/apache/logging/log4j/log4j-api/2.24.2/log4j-api-2.24.2.jar:/home/runner/work/ozone/ozone/hadoop-hdds/managed-rocksdb/target/hdds-managed-rocksdb-2.1.0-SNAPSHOT.jar:/home/runner/work/ozone/ozone/hadoop-hdds/rocks-native/target/hdds-rocks-native-2.1.0-SNAPSHOT.jar:/home/runner/.m2/repository/org/eclipse/jetty/jetty-io/9.4.57.v20241219/jetty-io-9.4.57.v20241219.jar:/home/runner/work/ozone/ozone/hadoop-ozone/interface-storage/target/ozone-interface-storage-2.1.0-SNAPSHOT.jar:/home/runner/work/ozone/ozone/hadoop-hdds/rocksdb-checkpoint-differ/target/rocksdb-checkpoint-differ-2.1.0-SNAPSHOT.jar:/home/runner/.m2/repository/com/github/vlsi/mxgraph/jgraphx/3.9.12/jgraphx-3.9.12.jar:/home/runner/.m2/repository/org/jgrapht/jgrapht-core/1.4.0/jgrapht-core-1.4.0.jar:/home/runner/.m2/repository/org/jheaps/jheaps/0.11/jheaps-0.11.jar:/home/runner/.m2/repository/org/jgrapht/jgrapht-ext/1.4.0/jgrapht-ext-1.4.0.jar:/home/runner/.m2/repository/org/apache/ranger/ranger-intg/2.6.0/ranger-intg-2.6.0.jar:/home/runner/.m2/repository/org/apache/ranger/ranger-plugins-common/2.6.0/ranger-plugins-common-2.6.0.jar:/home/runner/.m2/repository/com/fasterxml/jackson/jaxrs/jackson-jaxrs-base/2.16.2/jackson-jaxrs-base-2.16.2.jar:/home/runner/.m2/repository/com/fasterxml/jackson/jaxrs/jackson-jaxrs-json-provider/2.16.2/jackson-jaxrs-json-provider-2.16.2.jar:/home/runner/.m2/repository/com/kstruct/gethostname4j/1.0.0/gethostname4j-1.0.0.jar:/home/runner/.m2/repository/commons-lang/commons-lang/2.6/commons-lang-2.6.jar:/home/runner/.m2/repository/net/java/dev/jna/jna/5.2.0/jna-5.2.0.jar:/home/runner/.m2/repository/net/java/dev/jna/jna-platform/5.2.0/jna-platform-5.2.0.jar:/home/runner/.m2/repository/org/apache/ranger/ranger-plugin-classloader/2.6.0/ranger-plugin-classloader-2.6.0.jar:/home/runner/.m2/repository/org/apache/ranger/ranger-plugins-audit/2.6.0/ranger-plugins-audit-2.6.0.jar:/home/runner/.m2/repository/com/amazonaws/aws-java-sdk-logs/1.12.765/aws-java-sdk-logs-1.12.765.jar:/home/runner/.m2/repository/com/carrotsearch/hppc/0.8.0/hppc-0.8.0.jar:/home/runner/.m2/repository/io/airlift/aircompressor/0.27/aircompressor-0.27.jar:/home/runner/.m2/repository/org/apache/httpcomponents/httpasyncclient/4.1.4/httpasyncclient-4.1.4.jar:/home/runner/.m2/repository/org/apache/httpcomponents/httpcore-nio/4.4.16/httpcore-nio-4.4.16.jar:/home/runner/.m2/repository/org/apache/httpcomponents/httpmime/4.5.13/httpmime-4.5.13.jar:/home/runner/.m2/repository/org/apache/orc/orc-core/1.5.8/orc-core-1.5.8.jar:/home/runner/.m2/repository/org/apache/orc/orc-shims/1.5.8/orc-shims-1.5.8.jar:/home/runner/.m2/repository/org/eclipse/jetty/jetty-client/9.4.57.v20241219/jetty-client-9.4.57.v20241219.jar:/home/runner/.m2/repository/org/apache/ranger/ranger-plugins-cred/2.6.0/ranger-plugins-cred-2.6.0.jar:/home/runner/.m2/repository/org/aspectj/aspectjrt/1.9.7/aspectjrt-1.9.7.jar:/home/runner/.m2/repository/org/aspectj/aspectjweaver/1.9.7/aspectjweaver-1.9.7.jar:/home/runner/.m2/repository/org/eclipse/jetty/jetty-util/9.4.57.v20241219/jetty-util-9.4.57.v20241219.jar:/home/runner/.m2/repository/org/reflections/reflections/0.10.2/reflections-0.10.2.jar:/home/runner/.m2/repository/org/rocksdb/rocksdbjni/7.7.3/rocksdbjni-7.7.3.jar:/home/runner/work/ozone/ozone/hadoop-ozone/recon/target/ozone-recon-2.1.0-SNAPSHOT.jar:/home/runner/.m2/repository/aopalliance/aopalliance/1.0/aopalliance-1.0.jar:/home/runner/.m2/repository/com/google/inject/guice/6.0.0/guice-6.0.0.jar:/home/runner/.m2/repository/jakarta/inject/jakarta.inject-api/2.0.1/jakarta.inject-api-2.0.1.jar:/home/runner/.m2/repository/com/google/inject/extensions/guice-assistedinject/6.0.0/guice-assistedinject-6.0.0.jar:/home/runner/.m2/repository/com/google/inject/extensions/guice-servlet/6.0.0/guice-servlet-6.0.0.jar:/home/runner/.m2/repository/com/jolbox/bonecp/0.8.0.RELEASE/bonecp-0.8.0.RELEASE.jar:/home/runner/.m2/repository/jakarta/activation/jakarta.activation-api/1.2.2/jakarta.activation-api-1.2.2.jar:/home/runner/.m2/repository/jakarta/validation/jakarta.validation-api/2.0.2/jakarta.validation-api-2.0.2.jar:/home/runner/.m2/repository/jakarta/ws/rs/jakarta.ws.rs-api/2.1.6/jakarta.ws.rs-api-2.1.6.jar:/home/runner/.m2/repository/javax/inject/javax.inject/1/javax.inject-1.jar:/home/runner/.m2/repository/org/apache/derby/derby/10.14.2.0/derby-10.14.2.0.jar:/home/runner/work/ozone/ozone/hadoop-ozone/recon-codegen/target/ozone-reconcodegen-2.1.0-SNAPSHOT.jar:/home/runner/.m2/repository/org/eclipse/jetty/jetty-servlet/9.4.57.v20241219/jetty-servlet-9.4.57.v20241219.jar:/home/runner/.m2/repository/org/eclipse/jetty/jetty-security/9.4.57.v20241219/jetty-security-9.4.57.v20241219.jar:/home/runner/.m2/repository/org/glassfish/hk2/guice-bridge/2.6.1/guice-bridge-2.6.1.jar:/home/runner/.m2/repository/org/glassfish/hk2/hk2-api/2.6.1/hk2-api-2.6.1.jar:/home/runner/.m2/repository/org/glassfish/hk2/hk2-utils/2.6.1/hk2-utils-2.6.1.jar:/home/runner/.m2/repository/org/glassfish/hk2/external/aopalliance-repackaged/2.6.1/aopalliance-repackaged-2.6.1.jar:/home/runner/.m2/repository/org/glassfish/hk2/external/jakarta.inject/2.6.1/jakarta.inject-2.6.1.jar:/home/runner/.m2/repository/org/glassfish/jersey/containers/jersey-container-servlet/2.46/jersey-container-servlet-2.46.jar:/home/runner/.m2/repository/org/glassfish/jersey/containers/jersey-container-servlet-core/2.46/jersey-container-servlet-core-2.46.jar:/home/runner/.m2/repository/org/glassfish/jersey/core/jersey-common/2.46/jersey-common-2.46.jar:/home/runner/.m2/repository/org/glassfish/hk2/osgi-resource-locator/1.0.3/osgi-resource-locator-1.0.3.jar:/home/runner/.m2/repository/org/glassfish/jersey/core/jersey-server/2.46/jersey-server-2.46.jar:/home/runner/.m2/repository/org/glassfish/jersey/core/jersey-client/2.46/jersey-client-2.46.jar:/home/runner/.m2/repository/org/glassfish/jersey/inject/jersey-hk2/2.46/jersey-hk2-2.46.jar:/home/runner/.m2/repository/org/glassfish/hk2/hk2-locator/2.6.1/hk2-locator-2.6.1.jar:/home/runner/.m2/repository/org/glassfish/jersey/media/jersey-media-jaxb/2.46/jersey-media-jaxb-2.46.jar:/home/runner/.m2/repository/org/glassfish/jersey/media/jersey-media-json-jackson/2.46/jersey-media-json-jackson-2.46.jar:/home/runner/.m2/repository/org/glassfish/jersey/ext/jersey-entity-filtering/2.46/jersey-entity-filtering-2.46.jar:/home/runner/.m2/repository/com/fasterxml/jackson/module/jackson-module-jaxb-annotations/2.16.2/jackson-module-jaxb-annotations-2.16.2.jar:/home/runner/.m2/repository/org/javassist/javassist/3.30.2-GA/javassist-3.30.2-GA.jar:/home/runner/.m2/repository/org/jooq/jooq/3.11.10/jooq-3.11.10.jar:/home/runner/.m2/repository/org/jooq/jooq-codegen/3.11.10/jooq-codegen-3.11.10.jar:/home/runner/.m2/repository/org/jooq/jooq-meta/3.11.10/jooq-meta-3.11.10.jar:/home/runner/.m2/repository/org/springframework/spring-core/5.3.39/spring-core-5.3.39.jar:/home/runner/.m2/repository/org/springframework/spring-jdbc/5.3.39/spring-jdbc-5.3.39.jar:/home/runner/.m2/repository/org/springframework/spring-beans/5.3.39/spring-beans-5.3.39.jar:/home/runner/.m2/repository/org/springframework/spring-tx/5.3.39/spring-tx-5.3.39.jar:/home/runner/work/ozone/ozone/hadoop-ozone/s3gateway/target/ozone-s3gateway-2.1.0-SNAPSHOT.jar:/home/runner/work/ozone/ozone/hadoop-ozone/tools/target/ozone-tools-2.1.0-SNAPSHOT.jar:/home/runner/.m2/repository/com/amazonaws/aws-java-sdk-core/1.12.661/aws-java-sdk-core-1.12.661.jar:/home/runner/.m2/repository/com/fasterxml/jackson/dataformat/jackson-dataformat-cbor/2.16.2/jackson-dataformat-cbor-2.16.2.jar:/home/runner/.m2/repository/joda-time/joda-time/2.12.7/joda-time-2.12.7.jar:/home/runner/.m2/repository/com/amazonaws/aws-java-sdk-s3/1.12.661/aws-java-sdk-s3-1.12.661.jar:/home/runner/.m2/repository/com/amazonaws/aws-java-sdk-kms/1.12.661/aws-java-sdk-kms-1.12.661.jar:/home/runner/.m2/repository/com/amazonaws/jmespath-java/1.12.661/jmespath-java-1.12.661.jar:/home/runner/.m2/repository/org/apache/ratis/ratis-shell/3.1.2/ratis-shell-3.1.2.jar:/home/runner/.m2/repository/org/glassfish/jaxb/jaxb-runtime/2.3.9/jaxb-runtime-2.3.9.jar:/home/runner/.m2/repository/org/glassfish/jaxb/txw2/2.3.9/txw2-2.3.9.jar:/home/runner/.m2/repository/com/sun/istack/istack-commons-runtime/3.0.12/istack-commons-runtime-3.0.12.jar:/home/runner/.m2/repository/com/sun/activation/jakarta.activation/1.2.2/jakarta.activation-1.2.2.jar:/home/runner/.m2/repository/org/apache/ratis/ratis-server/3.1.2/ratis-server-3.1.2.jar:/home/runner/.m2/repository/org/apache/ratis/ratis-metrics-api/3.1.2/ratis-metrics-api-3.1.2.jar:/home/runner/.m2/repository/org/hamcrest/hamcrest/2.2/hamcrest-2.2.jar:/home/runner/.m2/repository/org/slf4j/jul-to-slf4j/2.0.17/jul-to-slf4j-2.0.17.jar:/home/runner/.m2/repository/org/apache/commons/commons-lang3/3.17.0/commons-lang3-3.17.0.jar:/home/runner/.m2/repository/org/apache/hadoop/hadoop-common/3.4.1/hadoop-common-3.4.1-tests.jar:/home/runner/.m2/repository/org/apache/hadoop/thirdparty/hadoop-shaded-protobuf_3_25/1.4.0/hadoop-shaded-protobuf_3_25-1.4.0.jar:/home/runner/.m2/repository/org/apache/hadoop/hadoop-annotations/3.4.1/hadoop-annotations-3.4.1.jar:/home/runner/.m2/repository/org/apache/hadoop/thirdparty/hadoop-shaded-guava/1.3.0/hadoop-shaded-guava-1.3.0.jar:/home/runner/.m2/repository/org/apache/commons/commons-math3/3.6.1/commons-math3-3.6.1.jar:/home/runner/.m2/repository/commons-net/commons-net/3.11.1/commons-net-3.11.1.jar:/home/runner/.m2/repository/org/eclipse/jetty/jetty-server/9.4.57.v20241219/jetty-server-9.4.57.v20241219.jar:/home/runner/.m2/repository/javax/servlet/jsp/jsp-api/2.1/jsp-api-2.1.jar:/home/runner/.m2/repository/com/sun/jersey/jersey-core/1.19.4/jersey-core-1.19.4.jar:/home/runner/.m2/repository/javax/ws/rs/jsr311-api/1.1.1/jsr311-api-1.1.1.jar:/home/runner/.m2/repository/com/sun/jersey/jersey-servlet/1.19.4/jersey-servlet-1.19.4.jar:/home/runner/.m2/repository/com/github/pjfanning/jersey-json/1.22.0/jersey-json-1.22.0.jar:/home/runner/.m2/repository/com/sun/xml/bind/jaxb-impl/2.2.3-1/jaxb-impl-2.2.3-1.jar:/home/runner/.m2/repository/org/codehaus/jettison/jettison/1.5.4/jettison-1.5.4.jar:/home/runner/.m2/repository/com/sun/jersey/jersey-server/1.19.4/jersey-server-1.19.4.jar:/home/runner/.m2/repository/commons-beanutils/commons-beanutils/1.9.4/commons-beanutils-1.9.4.jar:/home/runner/.m2/repository/org/apache/commons/commons-configuration2/2.11.0/commons-configuration2-2.11.0.jar:/home/runner/.m2/repository/org/apache/avro/avro/1.9.2/avro-1.9.2.jar:/home/runner/.m2/repository/com/google/re2j/re2j/1.7/re2j-1.7.jar:/home/runner/.m2/repository/com/google/code/gson/gson/2.10.1/gson-2.10.1.jar:/home/runner/.m2/repository/org/apache/hadoop/hadoop-auth/3.4.1/hadoop-auth-3.4.1.jar:/home/runner/.m2/repository/org/apache/curator/curator-framework/4.2.0/curator-framework-4.2.0.jar:/home/runner/.m2/repository/com/jcraft/jsch/0.1.55/jsch-0.1.55.jar:/home/runner/.m2/repository/org/apache/curator/curator-client/4.2.0/curator-client-4.2.0.jar:/home/runner/.m2/repository/org/apache/curator/curator-recipes/5.2.0/curator-recipes-5.2.0.jar:/home/runner/.m2/repository/com/google/code/findbugs/jsr305/3.0.2/jsr305-3.0.2.jar:/home/runner/.m2/repository/org/apache/zookeeper/zookeeper/3.8.4/zookeeper-3.8.4.jar:/home/runner/.m2/repository/org/apache/zookeeper/zookeeper-jute/3.8.4/zookeeper-jute-3.8.4.jar:/home/runner/.m2/repository/org/apache/yetus/audience-annotations/0.12.0/audience-annotations-0.12.0.jar:/home/runner/.m2/repository/io/netty/netty-transport-native-epoll/4.1.109.Final/netty-transport-native-epoll-4.1.109.Final.jar:/home/runner/.m2/repository/org/apache/kerby/kerb-core/1.0.1/kerb-core-1.0.1.jar:/home/runner/.m2/repository/org/apache/kerby/kerby-pkix/1.0.1/kerby-pkix-1.0.1.jar:/home/runner/.m2/repository/org/apache/kerby/kerby-asn1/1.0.1/kerby-asn1-1.0.1.jar:/home/runner/.m2/repository/org/codehaus/woodstox/stax2-api/4.2.1/stax2-api-4.2.1.jar:/home/runner/.m2/repository/com/fasterxml/woodstox/woodstox-core/5.4.0/woodstox-core-5.4.0.jar:/home/runner/.m2/repository/dnsjava/dnsjava/3.6.1/dnsjava-3.6.1.jar:/home/runner/.m2/repository/org/xerial/snappy/snappy-java/1.1.10.7/snappy-java-1.1.10.7.jar:/home/runner/.m2/repository/org/apache/hadoop/hadoop-distcp/3.4.1/hadoop-distcp-3.4.1.jar:/home/runner/.m2/repository/org/apache/hadoop/hadoop-distcp/3.4.1/hadoop-distcp-3.4.1-tests.jar:/home/runner/.m2/repository/org/apache/hadoop/hadoop-hdfs/3.4.1/hadoop-hdfs-3.4.1-tests.jar:/home/runner/.m2/repository/org/eclipse/jetty/jetty-util-ajax/9.4.57.v20241219/jetty-util-ajax-9.4.57.v20241219.jar:/home/runner/.m2/repository/commons-daemon/commons-daemon/1.4.0/commons-daemon-1.4.0.jar:/home/runner/.m2/repository/io/netty/netty-all/4.1.109.Final/netty-all-4.1.109.Final.jar:/home/runner/.m2/repository/io/netty/netty-codec-dns/4.1.109.Final/netty-codec-dns-4.1.109.Final.jar:/home/runner/.m2/repository/io/netty/netty-codec-haproxy/4.1.109.Final/netty-codec-haproxy-4.1.109.Final.jar:/home/runner/.m2/repository/io/netty/netty-codec-memcache/4.1.109.Final/netty-codec-memcache-4.1.109.Final.jar:/home/runner/.m2/repository/io/netty/netty-codec-mqtt/4.1.109.Final/netty-codec-mqtt-4.1.109.Final.jar:/home/runner/.m2/repository/io/netty/netty-codec-redis/4.1.109.Final/netty-codec-redis-4.1.109.Final.jar:/home/runner/.m2/repository/io/netty/netty-codec-smtp/4.1.109.Final/netty-codec-smtp-4.1.109.Final.jar:/home/runner/.m2/repository/io/netty/netty-codec-stomp/4.1.109.Final/netty-codec-stomp-4.1.109.Final.jar:/home/runner/.m2/repository/io/netty/netty-codec-xml/4.1.109.Final/netty-codec-xml-4.1.109.Final.jar:/home/runner/.m2/repository/io/netty/netty-handler-ssl-ocsp/4.1.109.Final/netty-handler-ssl-ocsp-4.1.109.Final.jar:/home/runner/.m2/repository/io/netty/netty-resolver-dns/4.1.109.Final/netty-resolver-dns-4.1.109.Final.jar:/home/runner/.m2/repository/io/netty/netty-transport-rxtx/4.1.109.Final/netty-transport-rxtx-4.1.109.Final.jar:/home/runner/.m2/repository/io/netty/netty-transport-sctp/4.1.109.Final/netty-transport-sctp-4.1.109.Final.jar:/home/runner/.m2/repository/io/netty/netty-transport-udt/4.1.109.Final/netty-transport-udt-4.1.109.Final.jar:/home/runner/.m2/repository/io/netty/netty-transport-classes-kqueue/4.1.109.Final/netty-transport-classes-kqueue-4.1.109.Final.jar:/home/runner/.m2/repository/io/netty/netty-resolver-dns-classes-macos/4.1.109.Final/netty-resolver-dns-classes-macos-4.1.109.Final.jar:/home/runner/.m2/repository/io/netty/netty-transport-native-epoll/4.1.109.Final/netty-transport-native-epoll-4.1.109.Final-linux-aarch_64.jar:/home/runner/.m2/repository/io/netty/netty-transport-native-epoll/4.1.109.Final/netty-transport-native-epoll-4.1.109.Final-linux-riscv64.jar:/home/runner/.m2/repository/io/netty/netty-transport-native-kqueue/4.1.109.Final/netty-transport-native-kqueue-4.1.109.Final-osx-x86_64.jar:/home/runner/.m2/repository/io/netty/netty-transport-native-kqueue/4.1.109.Final/netty-transport-native-kqueue-4.1.109.Final-osx-aarch_64.jar:/home/runner/.m2/repository/io/netty/netty-resolver-dns-native-macos/4.1.109.Final/netty-resolver-dns-native-macos-4.1.109.Final-osx-x86_64.jar:/home/runner/.m2/repository/io/netty/netty-resolver-dns-native-macos/4.1.109.Final/netty-resolver-dns-native-macos-4.1.109.Final-osx-aarch_64.jar:/home/runner/.m2/repository/org/fusesource/leveldbjni/leveldbjni-all/1.8/leveldbjni-all-1.8.jar:/home/runner/.m2/repository/org/apache/hadoop/hadoop-kms/3.4.1/hadoop-kms-3.4.1.jar:/home/runner/.m2/repository/org/apache/hadoop/hadoop-common/3.4.1/hadoop-common-3.4.1.jar:/home/runner/.m2/repository/org/apache/hadoop/hadoop-kms/3.4.1/hadoop-kms-3.4.1-tests.jar:/home/runner/.m2/repository/org/apache/hadoop/hadoop-mapreduce-client-core/3.4.1/hadoop-mapreduce-client-core-3.4.1.jar:/home/runner/.m2/repository/org/apache/hadoop/hadoop-yarn-client/3.4.1/hadoop-yarn-client-3.4.1.jar:/home/runner/.m2/repository/org/eclipse/jetty/websocket/websocket-client/9.4.53.v20231009/websocket-client-9.4.53.v20231009.jar:/home/runner/.m2/repository/org/eclipse/jetty/websocket/websocket-common/9.4.53.v20231009/websocket-common-9.4.53.v20231009.jar:/home/runner/.m2/repository/org/eclipse/jetty/websocket/websocket-api/9.4.53.v20231009/websocket-api-9.4.53.v20231009.jar:/home/runner/.m2/repository/org/apache/hadoop/hadoop-yarn-api/3.4.1/hadoop-yarn-api-3.4.1.jar:/home/runner/.m2/repository/org/apache/hadoop/hadoop-yarn-common/3.4.1/hadoop-yarn-common-3.4.1.jar:/home/runner/.m2/repository/javax/xml/bind/jaxb-api/2.2.11/jaxb-api-2.2.11.jar:/home/runner/.m2/repository/com/sun/jersey/contribs/jersey-guice/1.19.4/jersey-guice-1.19.4.jar:/home/runner/.m2/repository/org/apache/hadoop/hadoop-hdfs-client/3.4.1/hadoop-hdfs-client-3.4.1.jar:/home/runner/.m2/repository/org/apache/hadoop/hadoop-mapreduce-client-jobclient/3.4.1/hadoop-mapreduce-client-jobclient-3.4.1.jar:/home/runner/.m2/repository/org/apache/hadoop/hadoop-mapreduce-client-common/3.4.1/hadoop-mapreduce-client-common-3.4.1.jar:/home/runner/.m2/repository/org/apache/hadoop/hadoop-minikdc/3.4.1/hadoop-minikdc-3.4.1.jar:/home/runner/.m2/repository/org/apache/kerby/kerb-simplekdc/2.0.3/kerb-simplekdc-2.0.3.jar:/home/runner/.m2/repository/org/apache/kerby/kerb-client/2.0.3/kerb-client-2.0.3.jar:/home/runner/.m2/repository/org/apache/kerby/kerb-common/2.0.3/kerb-common-2.0.3.jar:/home/runner/.m2/repository/org/apache/kerby/token-provider/2.0.3/token-provider-2.0.3.jar:/home/runner/.m2/repository/org/apache/kerby/kerb-admin/2.0.3/kerb-admin-2.0.3.jar:/home/runner/.m2/repository/org/apache/kerby/kerb-server/2.0.3/kerb-server-2.0.3.jar:/home/runner/.m2/repository/org/apache/kerby/kerb-identity/2.0.3/kerb-identity-2.0.3.jar:/home/runner/.m2/repository/org/apache/kerby/kerby-xdr/2.0.3/kerby-xdr-2.0.3.jar:/home/runner/.m2/repository/junit/junit/4.13.2/junit-4.13.2.jar:/home/runner/.m2/repository/org/hamcrest/hamcrest-core/1.3/hamcrest-core-1.3.jar:/home/runner/work/ozone/ozone/hadoop-hdds/common/target/hdds-common-2.1.0-SNAPSHOT-tests.jar:/home/runner/.m2/repository/commons-validator/commons-validator/1.6/commons-validator-1.6.jar:/home/runner/.m2/repository/commons-digester/commons-digester/1.8.1/commons-digester-1.8.1.jar:/home/runner/.m2/repository/io/jaegertracing/jaeger-client/1.8.1/jaeger-client-1.8.1.jar:/home/runner/.m2/repository/io/jaegertracing/jaeger-thrift/1.8.1/jaeger-thrift-1.8.1.jar:/home/runner/.m2/repository/org/apache/thrift/libthrift/0.15.0/libthrift-0.15.0.jar:/home/runner/.m2/repository/com/squareup/okhttp3/okhttp/4.12.0/okhttp-4.12.0.jar:/home/runner/.m2/repository/com/squareup/okio/okio/3.6.0/okio-3.6.0.jar:/home/runner/.m2/repository/com/squareup/okio/okio-jvm/3.6.0/okio-jvm-3.6.0.jar:/home/runner/.m2/repository/org/jetbrains/kotlin/kotlin-stdlib-common/1.9.25/kotlin-stdlib-common-1.9.25.jar:/home/runner/.m2/repository/org/jetbrains/kotlin/kotlin-stdlib-jdk8/1.9.25/kotlin-stdlib-jdk8-1.9.25.jar:/home/runner/.m2/repository/org/jetbrains/kotlin/kotlin-stdlib-jdk7/1.9.25/kotlin-stdlib-jdk7-1.9.25.jar:/home/runner/.m2/repository/io/jaegertracing/jaeger-tracerresolver/1.8.1/jaeger-tracerresolver-1.8.1.jar:/home/runner/.m2/repository/io/opentracing/contrib/opentracing-tracerresolver/0.1.8/opentracing-tracerresolver-0.1.8.jar:/home/runner/.m2/repository/io/jaegertracing/jaeger-core/1.8.1/jaeger-core-1.8.1.jar:/home/runner/.m2/repository/javax/annotation/javax.annotation-api/1.3.2/javax.annotation-api-1.3.2.jar:/home/runner/work/ozone/ozone/hadoop-hdds/annotations/target/hdds-annotation-processing-2.1.0-SNAPSHOT.jar:/home/runner/.m2/repository/org/apache/ratis/ratis-metrics-dropwizard3/3.1.2/ratis-metrics-dropwizard3-3.1.2.jar:/home/runner/.m2/repository/org/bouncycastle/bcutil-jdk18on/1.80/bcutil-jdk18on-1.80.jar:/home/runner/.m2/repository/org/jetbrains/kotlin/kotlin-stdlib/1.9.25/kotlin-stdlib-1.9.25.jar:/home/runner/.m2/repository/org/jetbrains/annotations/13.0/annotations-13.0.jar:/home/runner/.m2/repository/org/slf4j/jcl-over-slf4j/2.0.17/jcl-over-slf4j-2.0.17.jar:/home/runner/.m2/repository/org/yaml/snakeyaml/2.0/snakeyaml-2.0.jar:/home/runner/work/ozone/ozone/hadoop-hdds/container-service/target/hdds-container-service-2.1.0-SNAPSHOT-tests.jar:/home/runner/.m2/repository/com/github/luben/zstd-jni/1.5.7-2/zstd-jni-1.5.7-2.jar:/home/runner/.m2/repository/io/netty/netty-buffer/4.1.109.Final/netty-buffer-4.1.109.Final.jar:/home/runner/.m2/repository/io/netty/netty-codec/4.1.109.Final/netty-codec-4.1.109.Final.jar:/home/runner/work/ozone/ozone/hadoop-hdds/framework/target/hdds-server-framework-2.1.0-SNAPSHOT-tests.jar:/home/runner/.m2/repository/com/github/jnr/jnr-constants/0.10.4/jnr-constants-0.10.4.jar:/home/runner/.m2/repository/com/github/jnr/jnr-posix/3.1.20/jnr-posix-3.1.20.jar:/home/runner/.m2/repository/com/github/jnr/jnr-ffi/2.2.17/jnr-ffi-2.2.17.jar:/home/runner/.m2/repository/com/github/jnr/jffi/1.3.13/jffi-1.3.13.jar:/home/runner/.m2/repository/com/github/jnr/jffi/1.3.13/jffi-1.3.13-native.jar:/home/runner/.m2/repository/org/ow2/asm/asm/9.7.1/asm-9.7.1.jar:/home/runner/.m2/repository/org/ow2/asm/asm-commons/9.7.1/asm-commons-9.7.1.jar:/home/runner/.m2/repository/org/ow2/asm/asm-analysis/9.7.1/asm-analysis-9.7.1.jar:/home/runner/.m2/repository/org/ow2/asm/asm-tree/9.7.1/asm-tree-9.7.1.jar:/home/runner/.m2/repository/org/ow2/asm/asm-util/9.7.1/asm-util-9.7.1.jar:/home/runner/.m2/repository/com/github/jnr/jnr-a64asm/1.0.0/jnr-a64asm-1.0.0.jar:/home/runner/.m2/repository/com/github/jnr/jnr-x86asm/1.0.2/jnr-x86asm-1.0.2.jar:/home/runner/.m2/repository/commons-fileupload/commons-fileupload/1.5/commons-fileupload-1.5.jar:/home/runner/.m2/repository/io/prometheus/simpleclient/0.16.0/simpleclient-0.16.0.jar:/home/runner/.m2/repository/io/prometheus/simpleclient_common/0.16.0/simpleclient_common-0.16.0.jar:/home/runner/.m2/repository/io/prometheus/simpleclient_dropwizard/0.16.0/simpleclient_dropwizard-0.16.0.jar:/home/runner/.m2/repository/org/apache/logging/log4j/log4j-core/2.24.2/log4j-core-2.24.2.jar:/home/runner/.m2/repository/org/eclipse/jetty/jetty-http/9.4.57.v20241219/jetty-http-9.4.57.v20241219.jar:/home/runner/.m2/repository/com/lmax/disruptor/3.4.4/disruptor-3.4.4.jar:/home/runner/work/ozone/ozone/hadoop-hdds/server-scm/target/hdds-server-scm-2.1.0-SNAPSHOT-tests.jar:/home/runner/work/ozone/ozone/hadoop-hdds/test-utils/target/hdds-test-utils-2.1.0-SNAPSHOT-tests.jar:/home/runner/work/ozone/ozone/hadoop-ozone/ozone-manager/target/ozone-manager-2.1.0-SNAPSHOT-tests.jar:/home/runner/work/ozone/ozone/hadoop-ozone/mini-cluster/target/ozone-mini-cluster-2.1.0-SNAPSHOT.jar:/home/runner/.m2/repository/org/assertj/assertj-core/3.27.3/assertj-core-3.27.3.jar:/home/runner/.m2/repository/net/bytebuddy/byte-buddy/1.15.11/byte-buddy-1.15.11.jar:/home/runner/.m2/repository/org/junit/jupiter/junit-jupiter-api/5.12.2/junit-jupiter-api-5.12.2.jar:/home/runner/.m2/repository/org/opentest4j/opentest4j/1.3.0/opentest4j-1.3.0.jar:/home/runner/.m2/repository/org/junit/platform/junit-platform-commons/1.12.2/junit-platform-commons-1.12.2.jar:/home/runner/.m2/repository/org/apiguardian/apiguardian-api/1.1.2/apiguardian-api-1.1.2.jar:/home/runner/.m2/repository/org/junit/jupiter/junit-jupiter-params/5.12.2/junit-jupiter-params-5.12.2.jar:/home/runner/.m2/repository/org/mockito/mockito-core/4.11.0/mockito-core-4.11.0.jar:/home/runner/.m2/repository/net/bytebuddy/byte-buddy-agent/1.12.19/byte-buddy-agent-1.12.19.jar:/home/runner/.m2/repository/org/objenesis/objenesis/3.3/objenesis-3.3.jar:/home/runner/.m2/repository/org/mockito/mockito-inline/4.11.0/mockito-inline-4.11.0.jar:/home/runner/.m2/repository/org/mockito/mockito-junit-jupiter/4.11.0/mockito-junit-jupiter-4.11.0.jar:/home/runner/work/ozone/ozone/hadoop-ozone/integration-test/target/gradle-enterprise/test-listeners.jar:"/>
    <property name="sun.cpu.endian" value="little"/>
    <property name="user.home" value="/home/runner"/>
    <property name="user.language" value="en"/>
    <property name="java.specification.vendor" value="Oracle Corporation"/>
    <property name="skipRecon" value="true"/>
    <property name="java.version.date" value="2025-01-21"/>
    <property name="java.home" value="/usr/lib/jvm/temurin-21-jdk-amd64"/>
    <property name="java.security.krb5.conf" value="/home/runner/work/ozone/ozone/hadoop-ozone/integration-test/target/test-classes/krb5.conf"/>
    <property name="file.separator" value="/"/>
    <property name="basedir" value="/home/runner/work/ozone/ozone/hadoop-ozone/integration-test"/>
    <property name="java.vm.compressedOopsMode" value="Zero based"/>
    <property name="line.separator" value="&#10;"/>
    <property name="java.vm.specification.vendor" value="Oracle Corporation"/>
    <property name="java.specification.name" value="Java Platform API Specification"/>
    <property name="surefire.real.class.path" value="/home/runner/work/ozone/ozone/hadoop-ozone/integration-test/target/surefire/surefirebooter-20250417162606809_1490.jar"/>
    <property name="hadoop.log.dir" value="/home/runner/work/ozone/ozone/hadoop-ozone/integration-test/target/log"/>
    <property name="sun.management.compiler" value="HotSpot 64-Bit Tiered Compilers"/>
    <property name="skipShade" value="true"/>
    <property name="java.runtime.version" value="21.0.6+7-LTS"/>
    <property name="user.name" value="runner"/>
    <property name="java.net.preferIPv4Stack" value="true"/>
    <property name="stdout.encoding" value="UTF-8"/>
    <property name="path.separator" value=":"/>
    <property name="java.security.egd" value="file:///dev/urandom"/>
    <property name="os.version" value="6.8.0-1021-azure"/>
    <property name="java.runtime.name" value="OpenJDK Runtime Environment"/>
    <property name="com.gradle.maven.scan.extension.test.listener.junitplatform.NestedExecutionSafeDelegatingTestExecutionListener" value="644baf4a"/>
    <property name="file.encoding" value="UTF-8"/>
    <property name="java.vm.name" value="OpenJDK 64-Bit Server VM"/>
    <property name="rocks_tools_native" value="true"/>
    <property name="java.vendor.version" value="Temurin-21.0.6+7"/>
    <property name="test.build.webapps" value=""/>
    <property name="develocity.listener.surefire.forkId" value="1"/>
    <property name="localRepository" value="/home/runner/.m2/repository"/>
    <property name="java.vendor.url.bug" value="https://github.com/adoptium/adoptium-support/issues"/>
    <property name="jetty.git.hash" value="df524e6b29271c2e09ba9aea83c18dc9db464a31"/>
    <property name="java.io.tmpdir" value="/tmp"/>
    <property name="require.test.libhadoop" value=""/>
    <property name="java.version" value="21.0.6"/>
    <property name="user.dir" value="/home/runner/work/ozone/ozone/hadoop-ozone/integration-test"/>
    <property name="os.arch" value="amd64"/>
    <property name="java.vm.specification.name" value="Java Virtual Machine Specification"/>
    <property name="test.build.classes" value="/home/runner/work/ozone/ozone/hadoop-ozone/integration-test/target/test-classes"/>
    <property name="org.apache.ratis.thirdparty.io.netty.allocator.useCacheForAllThreads" value="false"/>
    <property name="native.encoding" value="UTF-8"/>
    <property name="hadoop.tmp.dir" value="/home/runner/work/ozone/ozone/hadoop-ozone/integration-test/target/tmp"/>
    <property name="java.library.path" value="/usr/java/packages/lib:/usr/lib64:/lib64:/lib:/usr/lib"/>
    <property name="java.vm.info" value="mixed mode, sharing"/>
    <property name="stderr.encoding" value="UTF-8"/>
    <property name="java.vendor" value="Eclipse Adoptium"/>
    <property name="java.vm.version" value="21.0.6+7-LTS"/>
    <property name="sun.io.unicode.encoding" value="UnicodeLittle"/>
    <property name="develocity.listener.port" value="46747"/>
    <property name="java.class.version" value="65.0"/>
  </properties>
  <testcase name="testStaleNodesCount" classname="org.apache.hadoop.hdds.scm.node.TestQueryNode" time="29.505">
    <error message="Timed out waiting for condition. Thread diagnostics:&#10;Timestamp: 2025-04-17 04:40:39,971&#10;&#10;&quot;IPC Server handler 12 on default port 15000&quot; daemon prio=5 tid=130 timed_waiting&#10;java.lang.Thread.State: TIMED_WAITING&#10;        at java.base@21.0.6/jdk.internal.misc.Unsafe.park(Native Method)&#10;        at java.base@21.0.6/java.util.concurrent.locks.LockSupport.parkNanos(LockSupport.java:269)&#10;        at java.base@21.0.6/java.util.concurrent.locks.AbstractQueuedSynchronizer$ConditionObject.awaitNanos(AbstractQueuedSynchronizer.java:1763)&#10;        at java.base@21.0.6/java.util.concurrent.LinkedBlockingQueue.poll(LinkedBlockingQueue.java:460)&#10;        at app//org.apache.hadoop.ipc.CallQueueManager.take(CallQueueManager.java:370)&#10;        at app//org.apache.hadoop.ipc.Server$Handler.run(Server.java:3165)&#10;&quot;ContainerMetadataScanner&quot; daemon prio=5 tid=819 timed_waiting&#10;java.lang.Thread.State: TIMED_WAITING&#10;        at java.base@21.0.6/java.lang.Thread.sleep0(Native Method)&#10;        at java.base@21.0.6/java.lang.Thread.sleep(Thread.java:509)&#10;        at app//org.apache.hadoop.ozone.container.ozoneimpl.AbstractBackgroundContainerScanner.handleRemainingSleep(AbstractBackgroundContainerScanner.java:133)&#10;        at app//org.apache.hadoop.ozone.container.ozoneimpl.AbstractBackgroundContainerScanner.runIteration(AbstractBackgroundContainerScanner.java:100)&#10;        at app//org.apache.hadoop.ozone.container.ozoneimpl.AbstractBackgroundContainerScanner.run(AbstractBackgroundContainerScanner.java:59)&#10;        at java.base@21.0.6/java.lang.Thread.runWith(Thread.java:1596)&#10;        at java.base@21.0.6/java.lang.Thread.run(Thread.java:1583)&#10;&quot;FixedThreadPoolWithAffinityExecutor-9-0&quot; daemon prio=5 tid=110 timed_waiting&#10;java.lang.Thread.State: TIMED_WAITING&#10;        at java.base@21.0.6/jdk.internal.misc.Unsafe.park(Native Method)&#10;        at java.base@21.0.6/java.util.concurrent.locks.LockSupport.parkNanos(LockSupport.java:269)&#10;        at java.base@21.0.6/java.util.concurrent.locks.AbstractQueuedSynchronizer$ConditionObject.awaitNanos(AbstractQueuedSynchronizer.java:1763)&#10;        at java.base@21.0.6/java.util.concurrent.LinkedBlockingQueue.poll(LinkedBlockingQueue.java:460)&#10;        at app//org.apache.hadoop.hdds.scm.server.ContainerReportQueue.poll(ContainerReportQueue.java:269)&#10;        at app//org.apache.hadoop.hdds.scm.server.ContainerReportQueue.poll(ContainerReportQueue.java:42)&#10;        at app//org.apache.hadoop.hdds.server.events.FixedThreadPoolWithAffinityExecutor$ContainerReportProcessTask.run(FixedThreadPoolWithAffinityExecutor.java:254)&#10;        at java.base@21.0.6/java.util.concurrent.Executors$RunnableAdapter.call(Executors.java:572)&#10;        at java.base@21.0.6/java.util.concurrent.FutureTask.run(FutureTask.java:317)&#10;        at java.base@21.0.6/java.util.concurrent.ThreadPoolExecutor.runWorker(ThreadPoolExecutor.java:1144)&#10;        at java.base@21.0.6/java.util.concurrent.ThreadPoolExecutor$Worker.run(ThreadPoolExecutor.java:642)&#10;        at java.base@21.0.6/java.lang.Thread.runWith(Thread.java:1596)&#10;        at java.base@21.0.6/java.lang.Thread.run(Thread.java:1583)&#10;&quot;IPC Server handler 96 on default port 15001&quot; daemon prio=5 tid=314 timed_waiting&#10;java.lang.Thread.State: TIMED_WAITING&#10;        at java.base@21.0.6/jdk.internal.misc.Unsafe.park(Native Method)&#10;        at java.base@21.0.6/java.util.concurrent.locks.LockSupport.parkNanos(LockSupport.java:269)&#10;        at java.base@21.0.6/java.util.concurrent.locks.AbstractQueuedSynchronizer$ConditionObject.awaitNanos(AbstractQueuedSynchronizer.java:1763)&#10;        at java.base@21.0.6/java.util.concurrent.LinkedBlockingQueue.poll(LinkedBlockingQueue.java:460)&#10;        at app//org.apache.hadoop.ipc.CallQueueManager.take(CallQueueManager.java:370)&#10;        at app//org.apache.hadoop.ipc.Server$Handler.run(Server.java:3165)&#10;&quot;IPC Server handler 64 on default port 15002&quot; daemon prio=5 tid=400 timed_waiting&#10;java.lang.Thread.State: TIMED_WAITING&#10;        at java.base@21.0.6/jdk.internal.misc.Unsafe.park(Native Method)&#10;        at java.base@21.0.6/java.util.concurrent.locks.LockSupport.parkNanos(LockSupport.java:269)&#10;        at java.base@21.0.6/java.util.concurrent.locks.AbstractQueuedSynchronizer$ConditionObject.awaitNanos(AbstractQueuedSynchronizer.java:1763)&#10;        at java.base@21.0.6/java.util.concurrent.LinkedBlockingQueue.poll(LinkedBlockingQueue.java:460)&#10;        at app//org.apache.hadoop.ipc.CallQueueManager.take(CallQueueManager.java:370)&#10;        at app//org.apache.hadoop.ipc.Server$Handler.run(Server.java:3165)&#10;&quot;grpc-default-worker-ELG-3-1&quot; daemon prio=5 tid=862 runnable&#10;java.lang.Thread.State: RUNNABLE&#10;        at app//org.apache.ratis.thirdparty.io.netty.channel.epoll.Native.epollWait0(Native Method)&#10;        at app//org.apache.ratis.thirdparty.io.netty.channel.epoll.Native.epollWait(Native.java:193)&#10;        at app//org.apache.ratis.thirdparty.io.netty.channel.epoll.EpollEventLoop.epollWait(EpollEventLoop.java:304)&#10;        at app//org.apache.ratis.thirdparty.io.netty.channel.epoll.EpollEventLoop.run(EpollEventLoop.java:368)&#10;        at app//org.apache.ratis.thirdparty.io.netty.util.concurrent.SingleThreadEventExecutor$4.run(SingleThreadEventExecutor.java:997)&#10;        at app//org.apache.ratis.thirdparty.io.netty.util.internal.ThreadExecutorMap$2.run(ThreadExecutorMap.java:74)&#10;        at app//org.apache.ratis.thirdparty.io.netty.util.concurrent.FastThreadLocalRunnable.run(FastThreadLocalRunnable.java:30)&#10;        at java.base@21.0.6/java.lang.Thread.runWith(Thread.java:1596)&#10;        at java.base@21.0.6/java.lang.Thread.run(Thread.java:1583)&#10;&quot;IPC Server handler 6 on default port 15019&quot; daemon prio=5 tid=597 timed_waiting&#10;java.lang.Thread.State: TIMED_WAITING&#10;        at java.base@21.0.6/jdk.internal.misc.Unsafe.park(Native Method)&#10;        at java.base@21.0.6/java.util.concurrent.locks.LockSupport.parkNanos(LockSupport.java:269)&#10;        at java.base@21.0.6/java.util.concurrent.locks.AbstractQueuedSynchronizer$ConditionObject.awaitNanos(AbstractQueuedSynchronizer.java:1763)&#10;        at java.base@21.0.6/java.util.concurrent.LinkedBlockingQueue.poll(LinkedBlockingQueue.java:460)&#10;        at app//org.apache.hadoop.ipc.CallQueueManager.take(CallQueueManager.java:370)&#10;        at app//org.apache.hadoop.ipc.Server$Handler.run(Server.java:3165)&#10;&quot;JvmPauseMonitor6&quot; daemon prio=5 tid=825 timed_waiting&#10;java.lang.Thread.State: TIMED_WAITING&#10;        at java.base@21.0.6/java.lang.Thread.sleep0(Native Method)&#10;        at java.base@21.0.6/java.lang.Thread.sleep(Thread.java:558)&#10;        at java.base@21.0.6/java.util.concurrent.TimeUnit.sleep(TimeUnit.java:446)&#10;        at app//org.apache.ratis.util.TimeDuration.sleep(TimeDuration.java:353)&#10;        at app//org.apache.ratis.util.TimeDuration.sleep(TimeDuration.java:338)&#10;        at app//org.apache.ratis.util.JvmPauseMonitor.detectPause(JvmPauseMonitor.java:160)&#10;        at app//org.apache.ratis.util.JvmPauseMonitor.run(JvmPauseMonitor.java:149)&#10;        at app//org.apache.ratis.util.JvmPauseMonitor$$Lambda/0x00007fd0ac3a9508.run(Unknown Source)&#10;        at java.base@21.0.6/java.lang.Thread.runWith(Thread.java:1596)&#10;        at java.base@21.0.6/java.lang.Thread.run(Thread.java:1583)&#10;&quot;IPC Server handler 48 on default port 15000&quot; daemon prio=5 tid=166 timed_waiting&#10;java.lang.Thread.State: TIMED_WAITING&#10;        at java.base@21.0.6/jdk.internal.misc.Unsafe.park(Native Method)&#10;        at java.base@21.0.6/java.util.concurrent.locks.LockSupport.parkNanos(LockSupport.java:269)&#10;        at java.base@21.0.6/java.util.concurrent.locks.AbstractQueuedSynchronizer$ConditionObject.awaitNanos(AbstractQueuedSynchronizer.java:1763)&#10;        at java.base@21.0.6/java.util.concurrent.LinkedBlockingQueue.poll(LinkedBlockingQueue.java:460)&#10;        at app//org.apache.hadoop.ipc.CallQueueManager.take(CallQueueManager.java:370)&#10;        at app//org.apache.hadoop.ipc.Server$Handler.run(Server.java:3165)&#10;&quot;IPC Server handler 54 on default port 15000&quot; daemon prio=5 tid=172 timed_waiting&#10;java.lang.Thread.State: TIMED_WAITING&#10;        at java.base@21.0.6/jdk.internal.misc.Unsafe.park(Native Method)&#10;        at java.base@21.0.6/java.util.concurrent.locks.LockSupport.parkNanos(LockSupport.java:269)&#10;        at java.base@21.0.6/java.util.concurrent.locks.AbstractQueuedSynchronizer$ConditionObject.awaitNanos(AbstractQueuedSynchronizer.java:1763)&#10;        at java.base@21.0.6/java.util.concurrent.LinkedBlockingQueue.poll(LinkedBlockingQueue.java:460)&#10;        at app//org.apache.hadoop.ipc.CallQueueManager.take(CallQueueManager.java:370)&#10;        at app//org.apache.hadoop.ipc.Server$Handler.run(Server.java:3165)&#10;&quot;IPC Server handler 98 on default port 15001&quot; daemon prio=5 tid=316 timed_waiting&#10;java.lang.Thread.State: TIMED_WAITING&#10;        at java.base@21.0.6/jdk.internal.misc.Unsafe.park(Native Method)&#10;        at java.base@21.0.6/java.util.concurrent.locks.LockSupport.parkNanos(LockSupport.java:269)&#10;        at java.base@21.0.6/java.util.concurrent.locks.AbstractQueuedSynchronizer$ConditionObject.awaitNanos(AbstractQueuedSynchronizer.java:1763)&#10;        at java.base@21.0.6/java.util.concurrent.LinkedBlockingQueue.poll(LinkedBlockingQueue.java:460)&#10;        at app//org.apache.hadoop.ipc.CallQueueManager.take(CallQueueManager.java:370)&#10;        at app//org.apache.hadoop.ipc.Server$Handler.run(Server.java:3165)&#10;&quot;IPC Server handler 2 on default port 15019&quot; daemon prio=5 tid=593 timed_waiting&#10;java.lang.Thread.State: TIMED_WAITING&#10;        at java.base@21.0.6/jdk.internal.misc.Unsafe.park(Native Method)&#10;        at java.base@21.0.6/java.util.concurrent.locks.LockSupport.parkNanos(LockSupport.java:269)&#10;        at java.base@21.0.6/java.util.concurrent.locks.AbstractQueuedSynchronizer$ConditionObject.awaitNanos(AbstractQueuedSynchronizer.java:1763)&#10;        at java.base@21.0.6/java.util.concurrent.LinkedBlockingQueue.poll(LinkedBlockingQueue.java:460)&#10;        at app//org.apache.hadoop.ipc.CallQueueManager.take(CallQueueManager.java:370)&#10;        at app//org.apache.hadoop.ipc.Server$Handler.run(Server.java:3165)&#10;&quot;IPC Server handler 86 on default port 15002&quot; daemon prio=5 tid=422 timed_waiting&#10;java.lang.Thread.State: TIMED_WAITING&#10;        at java.base@21.0.6/jdk.internal.misc.Unsafe.park(Native Method)&#10;        at java.base@21.0.6/java.util.concurrent.locks.LockSupport.parkNanos(LockSupport.java:269)&#10;        at java.base@21.0.6/java.util.concurrent.locks.AbstractQueuedSynchronizer$ConditionObject.awaitNanos(AbstractQueuedSynchronizer.java:1763)&#10;        at java.base@21.0.6/java.util.concurrent.LinkedBlockingQueue.poll(LinkedBlockingQueue.java:460)&#10;        at app//org.apache.hadoop.ipc.CallQueueManager.take(CallQueueManager.java:370)&#10;        at app//org.apache.hadoop.ipc.Server$Handler.run(Server.java:3165)&#10;&quot;IPC Server handler 52 on default port 15001&quot; daemon prio=5 tid=270 timed_waiting&#10;java.lang.Thread.State: TIMED_WAITING&#10;        at java.base@21.0.6/jdk.internal.misc.Unsafe.park(Native Method)&#10;        at java.base@21.0.6/java.util.concurrent.locks.LockSupport.parkNanos(LockSupport.java:269)&#10;        at java.base@21.0.6/java.util.concurrent.locks.AbstractQueuedSynchronizer$ConditionObject.awaitNanos(AbstractQueuedSynchronizer.java:1763)&#10;        at java.base@21.0.6/java.util.concurrent.LinkedBlockingQueue.poll(LinkedBlockingQueue.java:460)&#10;        at app//org.apache.hadoop.ipc.CallQueueManager.take(CallQueueManager.java:370)&#10;        at app//org.apache.hadoop.ipc.Server$Handler.run(Server.java:3165)&#10;&quot;d6a19b8b-82a2-4947-8b44-7228be6ad053-ChunkWriter-2-0&quot; daemon prio=5 tid=823 in Object.wait()&#10;java.lang.Thread.State: WAITING (on object monitor)&#10;        at java.base@21.0.6/jdk.internal.misc.Unsafe.park(Native Method)&#10;        at java.base@21.0.6/java.util.concurrent.locks.LockSupport.park(LockSupport.java:371)&#10;        at java.base@21.0.6/java.util.concurrent.locks.AbstractQueuedSynchronizer$ConditionNode.block(AbstractQueuedSynchronizer.java:519)&#10;        at java.base@21.0.6/java.util.concurrent.ForkJoinPool.unmanagedBlock(ForkJoinPool.java:3780)&#10;        at java.base@21.0.6/java.util.concurrent.ForkJoinPool.managedBlock(ForkJoinPool.java:3725)&#10;        at java.base@21.0.6/java.util.concurrent.locks.AbstractQueuedSynchronizer$ConditionObject.await(AbstractQueuedSynchronizer.java:1712)&#10;        at java.base@21.0.6/java.util.concurrent.LinkedBlockingDeque.takeFirst(LinkedBlockingDeque.java:485)&#10;        at java.base@21.0.6/java.util.concurrent.LinkedBlockingDeque.take(LinkedBlockingDeque.java:673)&#10;        at java.base@21.0.6/java.util.concurrent.ThreadPoolExecutor.getTask(ThreadPoolExecutor.java:1070)&#10;        at java.base@21.0.6/java.util.concurrent.ThreadPoolExecutor.runWorker(ThreadPoolExecutor.java:1130)&#10;        at java.base@21.0.6/java.util.concurrent.ThreadPoolExecutor$Worker.run(ThreadPoolExecutor.java:642)&#10;        at java.base@21.0.6/java.lang.Thread.runWith(Thread.java:1596)&#10;        at java.base@21.0.6/java.lang.Thread.run(Thread.java:1583)&#10;&quot;Socket Reader #5 for port 15006&quot;  prio=5 tid=452 runnable&#10;java.lang.Thread.State: RUNNABLE&#10;        at java.base@21.0.6/sun.nio.ch.EPoll.wait(Native Method)&#10;        at java.base@21.0.6/sun.nio.ch.EPollSelectorImpl.doSelect(EPollSelectorImpl.java:121)&#10;        at java.base@21.0.6/sun.nio.ch.SelectorImpl.lockAndDoSelect(SelectorImpl.java:130)&#10;        at java.base@21.0.6/sun.nio.ch.SelectorImpl.select(SelectorImpl.java:147)&#10;        at app//org.apache.hadoop.ipc.Server$Listener$Reader.doRunLoop(Server.java:1497)&#10;        at app//org.apache.hadoop.ipc.Server$Listener$Reader.run(Server.java:1476)&#10;&quot;Socket Reader #9 for port 15000&quot;  prio=5 tid=96 runnable&#10;java.lang.Thread.State: RUNNABLE&#10;        at java.base@21.0.6/sun.nio.ch.EPoll.wait(Native Method)&#10;        at java.base@21.0.6/sun.nio.ch.EPollSelectorImpl.doSelect(EPollSelectorImpl.java:121)&#10;        at java.base@21.0.6/sun.nio.ch.SelectorImpl.lockAndDoSelect(SelectorImpl.java:130)&#10;        at java.base@21.0.6/sun.nio.ch.SelectorImpl.select(SelectorImpl.java:147)&#10;        at app//org.apache.hadoop.ipc.Server$Listener$Reader.doRunLoop(Server.java:1497)&#10;        at app//org.apache.hadoop.ipc.Server$Listener$Reader.run(Server.java:1476)&#10;&quot;IPC Server handler 91 on default port 15001&quot; daemon prio=5 tid=309 timed_waiting&#10;java.lang.Thread.State: TIMED_WAITING&#10;        at java.base@21.0.6/jdk.internal.misc.Unsafe.park(Native Method)&#10;        at java.base@21.0.6/java.util.concurrent.locks.LockSupport.parkNanos(LockSupport.java:269)&#10;        at java.base@21.0.6/java.util.concurrent.locks.AbstractQueuedSynchronizer$ConditionObject.awaitNanos(AbstractQueuedSynchronizer.java:1763)&#10;        at java.base@21.0.6/java.util.concurrent.LinkedBlockingQueue.poll(LinkedBlockingQueue.java:460)&#10;        at app//org.apache.hadoop.ipc.CallQueueManager.take(CallQueueManager.java:370)&#10;        at app//org.apache.hadoop.ipc.Server$Handler.run(Server.java:3165)&#10;&quot;IPC Server handler 67 on default port 15002&quot; daemon prio=5 tid=403 timed_waiting&#10;java.lang.Thread.State: TIMED_WAITING&#10;        at java.base@21.0.6/jdk.internal.misc.Unsafe.park(Native Method)&#10;        at java.base@21.0.6/java.util.concurrent.locks.LockSupport.parkNanos(LockSupport.java:269)&#10;        at java.base@21.0.6/java.util.concurrent.locks.AbstractQueuedSynchronizer$ConditionObject.awaitNanos(AbstractQueuedSynchronizer.java:1763)&#10;        at java.base@21.0.6/java.util.concurrent.LinkedBlockingQueue.poll(LinkedBlockingQueue.java:460)&#10;        at app//org.apache.hadoop.ipc.CallQueueManager.take(CallQueueManager.java:370)&#10;        at app//org.apache.hadoop.ipc.Server$Handler.run(Server.java:3165)&#10;&quot;Socket Reader #6 for port 15035&quot;  prio=5 tid=699 runnable&#10;java.lang.Thread.State: RUNNABLE&#10;        at java.base@21.0.6/sun.nio.ch.EPoll.wait(Native Method)&#10;        at java.base@21.0.6/sun.nio.ch.EPollSelectorImpl.doSelect(EPollSelectorImpl.java:121)&#10;        at java.base@21.0.6/sun.nio.ch.SelectorImpl.lockAndDoSelect(SelectorImpl.java:130)&#10;        at java.base@21.0.6/sun.nio.ch.SelectorImpl.select(SelectorImpl.java:147)&#10;        at app//org.apache.hadoop.ipc.Server$Listener$Reader.doRunLoop(Server.java:1497)&#10;        at app//org.apache.hadoop.ipc.Server$Listener$Reader.run(Server.java:1476)&#10;&quot;qtp2049070779-747&quot; daemon prio=5 tid=747 runnable&#10;java.lang.Thread.State: RUNNABLE&#10;        at java.base@21.0.6/sun.nio.ch.EPoll.wait(Native Method)&#10;        at java.base@21.0.6/sun.nio.ch.EPollSelectorImpl.doSelect(EPollSelectorImpl.java:121)&#10;        at java.base@21.0.6/sun.nio.ch.SelectorImpl.lockAndDoSelect(SelectorImpl.java:130)&#10;        at java.base@21.0.6/sun.nio.ch.SelectorImpl.select(SelectorImpl.java:147)&#10;        at app//org.eclipse.jetty.io.ManagedSelector.nioSelect(ManagedSelector.java:183)&#10;        at app//org.eclipse.jetty.io.ManagedSelector.select(ManagedSelector.java:190)&#10;        at app//org.eclipse.jetty.io.ManagedSelector$SelectorProducer.select(ManagedSelector.java:606)&#10;        at app//org.eclipse.jetty.io.ManagedSelector$SelectorProducer.produce(ManagedSelector.java:543)&#10;        at app//org.eclipse.jetty.util.thread.strategy.EatWhatYouKill.produceTask(EatWhatYouKill.java:362)&#10;        at app//org.eclipse.jetty.util.thread.strategy.EatWhatYouKill.doProduce(EatWhatYouKill.java:186)&#10;        at app//org.eclipse.jetty.util.thread.strategy.EatWhatYouKill.tryProduce(EatWhatYouKill.java:173)&#10;        at app//org.eclipse.jetty.util.thread.strategy.EatWhatYouKill.produce(EatWhatYouKill.java:137)&#10;        at app//org.eclipse.jetty.io.ManagedSelector$$Lambda/0x00007fd0ac690720.run(Unknown Source)&#10;        at app//org.eclipse.jetty.util.thread.QueuedThreadPool.runJob(QueuedThreadPool.java:883)&#10;        at app//org.eclipse.jetty.util.thread.QueuedThreadPool$Runner.run(QueuedThreadPool.java:1034)&#10;        at java.base@21.0.6/java.lang.Thread.runWith(Thread.java:1596)&#10;        at java.base@21.0.6/java.lang.Thread.run(Thread.java:1583)&#10;&quot;IPC Server handler 90 on default port 15000&quot; daemon prio=5 tid=208 timed_waiting&#10;java.lang.Thread.State: TIMED_WAITING&#10;        at java.base@21.0.6/jdk.internal.misc.Unsafe.park(Native Method)&#10;        at java.base@21.0.6/java.util.concurrent.locks.LockSupport.parkNanos(LockSupport.java:269)&#10;        at java.base@21.0.6/java.util.concurrent.locks.AbstractQueuedSynchronizer$ConditionObject.awaitNanos(AbstractQueuedSynchronizer.java:1763)&#10;        at java.base@21.0.6/java.util.concurrent.LinkedBlockingQueue.poll(LinkedBlockingQueue.java:460)&#10;        at app//org.apache.hadoop.ipc.CallQueueManager.take(CallQueueManager.java:370)&#10;        at app//org.apache.hadoop.ipc.Server$Handler.run(Server.java:3165)&#10;&quot;IPC Server handler 54 on default port 15002&quot; daemon prio=5 tid=390 timed_waiting&#10;java.lang.Thread.State: TIMED_WAITING&#10;        at java.base@21.0.6/jdk.internal.misc.Unsafe.park(Native Method)&#10;        at java.base@21.0.6/java.util.concurrent.locks.LockSupport.parkNanos(LockSupport.java:269)&#10;        at java.base@21.0.6/java.util.concurrent.locks.AbstractQueuedSynchronizer$ConditionObject.awaitNanos(AbstractQueuedSynchronizer.java:1763)&#10;        at java.base@21.0.6/java.util.concurrent.LinkedBlockingQueue.poll(LinkedBlockingQueue.java:460)&#10;        at app//org.apache.hadoop.ipc.CallQueueManager.take(CallQueueManager.java:370)&#10;        at app//org.apache.hadoop.ipc.Server$Handler.run(Server.java:3165)&#10;&quot;IPC Server handler 21 on default port 15002&quot; daemon prio=5 tid=357 timed_waiting&#10;java.lang.Thread.State: TIMED_WAITING&#10;        at java.base@21.0.6/jdk.internal.misc.Unsafe.park(Native Method)&#10;        at java.base@21.0.6/java.util.concurrent.locks.LockSupport.parkNanos(LockSupport.java:269)&#10;        at java.base@21.0.6/java.util.concurrent.locks.AbstractQueuedSynchronizer$ConditionObject.awaitNanos(AbstractQueuedSynchronizer.java:1763)&#10;        at java.base@21.0.6/java.util.concurrent.LinkedBlockingQueue.poll(LinkedBlockingQueue.java:460)&#10;        at app//org.apache.hadoop.ipc.CallQueueManager.take(CallQueueManager.java:370)&#10;        at app//org.apache.hadoop.ipc.Server$Handler.run(Server.java:3165)&#10;&quot;Socket Reader #5 for port 15000&quot;  prio=5 tid=92 runnable&#10;java.lang.Thread.State: RUNNABLE&#10;        at java.base@21.0.6/sun.nio.ch.EPoll.wait(Native Method)&#10;        at java.base@21.0.6/sun.nio.ch.EPollSelectorImpl.doSelect(EPollSelectorImpl.java:121)&#10;        at java.base@21.0.6/sun.nio.ch.SelectorImpl.lockAndDoSelect(SelectorImpl.java:130)&#10;        at java.base@21.0.6/sun.nio.ch.SelectorImpl.select(SelectorImpl.java:147)&#10;        at app//org.apache.hadoop.ipc.Server$Listener$Reader.doRunLoop(Server.java:1497)&#10;        at app//org.apache.hadoop.ipc.Server$Listener$Reader.run(Server.java:1476)&#10;&quot;IPC Server handler 3 on default port 15006&quot; daemon prio=5 tid=498 timed_waiting&#10;java.lang.Thread.State: TIMED_WAITING&#10;        at java.base@21.0.6/jdk.internal.misc.Unsafe.park(Native Method)&#10;        at java.base@21.0.6/java.util.concurrent.locks.LockSupport.parkNanos(LockSupport.java:269)&#10;        at java.base@21.0.6/java.util.concurrent.locks.AbstractQueuedSynchronizer$ConditionObject.awaitNanos(AbstractQueuedSynchronizer.java:1763)&#10;        at java.base@21.0.6/java.util.concurrent.LinkedBlockingQueue.poll(LinkedBlockingQueue.java:460)&#10;        at app//org.apache.hadoop.ipc.CallQueueManager.take(CallQueueManager.java:370)&#10;        at app//org.apache.hadoop.ipc.Server$Handler.run(Server.java:3165)&#10;&quot;Socket Reader #10 for port 15043&quot;  prio=5 tid=775 runnable&#10;java.lang.Thread.State: RUNNABLE&#10;        at java.base@21.0.6/sun.nio.ch.EPoll.wait(Native Method)&#10;        at java.base@21.0.6/sun.nio.ch.EPollSelectorImpl.doSelect(EPollSelectorImpl.java:121)&#10;        at java.base@21.0.6/sun.nio.ch.SelectorImpl.lockAndDoSelect(SelectorImpl.java:130)&#10;        at java.base@21.0.6/sun.nio.ch.SelectorImpl.select(SelectorImpl.java:147)&#10;        at app//org.apache.hadoop.ipc.Server$Listener$Reader.doRunLoop(Server.java:1497)&#10;        at app//org.apache.hadoop.ipc.Server$Listener$Reader.run(Server.java:1476)&#10;&quot;IPC Server handler 71 on default port 15001&quot; daemon prio=5 tid=289 timed_waiting&#10;java.lang.Thread.State: TIMED_WAITING&#10;        at java.base@21.0.6/jdk.internal.misc.Unsafe.park(Native Method)&#10;        at java.base@21.0.6/java.util.concurrent.locks.LockSupport.parkNanos(LockSupport.java:269)&#10;        at java.base@21.0.6/java.util.concurrent.locks.AbstractQueuedSynchronizer$ConditionObject.awaitNanos(AbstractQueuedSynchronizer.java:1763)&#10;        at java.base@21.0.6/java.util.concurrent.LinkedBlockingQueue.poll(LinkedBlockingQueue.java:460)&#10;        at app//org.apache.hadoop.ipc.CallQueueManager.take(CallQueueManager.java:370)&#10;        at app//org.apache.hadoop.ipc.Server$Handler.run(Server.java:3165)&#10;&quot;Socket Reader #5 for port 15027&quot;  prio=5 tid=628 runnable&#10;java.lang.Thread.State: RUNNABLE&#10;        at java.base@21.0.6/sun.nio.ch.EPoll.wait(Native Method)&#10;        at java.base@21.0.6/sun.nio.ch.EPollSelectorImpl.doSelect(EPollSelectorImpl.java:121)&#10;        at java.base@21.0.6/sun.nio.ch.SelectorImpl.lockAndDoSelect(SelectorImpl.java:130)&#10;        at java.base@21.0.6/sun.nio.ch.SelectorImpl.select(SelectorImpl.java:147)&#10;        at app//org.apache.hadoop.ipc.Server$Listener$Reader.doRunLoop(Server.java:1497)&#10;        at app//org.apache.hadoop.ipc.Server$Listener$Reader.run(Server.java:1476)&#10;&quot;Socket Reader #10 for port 15001&quot;  prio=5 tid=83 runnable&#10;java.lang.Thread.State: RUNNABLE&#10;        at java.base@21.0.6/sun.nio.ch.EPoll.wait(Native Method)&#10;        at java.base@21.0.6/sun.nio.ch.EPollSelectorImpl.doSelect(EPollSelectorImpl.java:121)&#10;        at java.base@21.0.6/sun.nio.ch.SelectorImpl.lockAndDoSelect(SelectorImpl.java:130)&#10;        at java.base@21.0.6/sun.nio.ch.SelectorImpl.select(SelectorImpl.java:147)&#10;        at app//org.apache.hadoop.ipc.Server$Listener$Reader.doRunLoop(Server.java:1497)&#10;        at app//org.apache.hadoop.ipc.Server$Listener$Reader.run(Server.java:1476)&#10;&quot;IPC Server handler 19 on default port 15006&quot; daemon prio=5 tid=514 timed_waiting&#10;java.lang.Thread.State: TIMED_WAITING&#10;        at java.base@21.0.6/jdk.internal.misc.Unsafe.park(Native Method)&#10;        at java.base@21.0.6/java.util.concurrent.locks.LockSupport.parkNanos(LockSupport.java:269)&#10;        at java.base@21.0.6/java.util.concurrent.locks.AbstractQueuedSynchronizer$ConditionObject.awaitNanos(AbstractQueuedSynchronizer.java:1763)&#10;        at java.base@21.0.6/java.util.concurrent.LinkedBlockingQueue.poll(LinkedBlockingQueue.java:460)&#10;        at app//org.apache.hadoop.ipc.CallQueueManager.take(CallQueueManager.java:370)&#10;        at app//org.apache.hadoop.ipc.Server$Handler.run(Server.java:3165)&#10;&quot;Socket Reader #5 for port 15001&quot;  prio=5 tid=78 runnable&#10;java.lang.Thread.State: RUNNABLE&#10;        at java.base@21.0.6/sun.nio.ch.EPoll.wait(Native Method)&#10;        at java.base@21.0.6/sun.nio.ch.EPollSelectorImpl.doSelect(EPollSelectorImpl.java:121)&#10;        at java.base@21.0.6/sun.nio.ch.SelectorImpl.lockAndDoSelect(SelectorImpl.java:130)&#10;        at java.base@21.0.6/sun.nio.ch.SelectorImpl.select(SelectorImpl.java:147)&#10;        at app//org.apache.hadoop.ipc.Server$Listener$Reader.doRunLoop(Server.java:1497)&#10;        at app//org.apache.hadoop.ipc.Server$Listener$Reader.run(Server.java:1476)&#10;&quot;IPC Server handler 50 on default port 15002&quot; daemon prio=5 tid=386 timed_waiting&#10;java.lang.Thread.State: TIMED_WAITING&#10;        at java.base@21.0.6/jdk.internal.misc.Unsafe.park(Native Method)&#10;        at java.base@21.0.6/java.util.concurrent.locks.LockSupport.parkNanos(LockSupport.java:269)&#10;        at java.base@21.0.6/java.util.concurrent.locks.AbstractQueuedSynchronizer$ConditionObject.awaitNanos(AbstractQueuedSynchronizer.java:1763)&#10;        at java.base@21.0.6/java.util.concurrent.LinkedBlockingQueue.poll(LinkedBlockingQueue.java:460)&#10;        at app//org.apache.hadoop.ipc.CallQueueManager.take(CallQueueManager.java:370)&#10;        at app//org.apache.hadoop.ipc.Server$Handler.run(Server.java:3165)&#10;&quot;qtp897209100-573&quot; daemon prio=5 tid=573 timed_waiting&#10;java.lang.Thread.State: TIMED_WAITING&#10;        at java.base@21.0.6/jdk.internal.misc.Unsafe.park(Native Method)&#10;        at java.base@21.0.6/java.util.concurrent.locks.LockSupport.parkNanos(LockSupport.java:269)&#10;        at java.base@21.0.6/java.util.concurrent.locks.AbstractQueuedSynchronizer$ConditionObject.awaitNanos(AbstractQueuedSynchronizer.java:1763)&#10;        at app//org.eclipse.jetty.util.BlockingArrayQueue.poll(BlockingArrayQueue.java:382)&#10;        at app//org.eclipse.jetty.util.thread.QueuedThreadPool$Runner.idleJobPoll(QueuedThreadPool.java:974)&#10;        at app//org.eclipse.jetty.util.thread.QueuedThreadPool$Runner.run(QueuedThreadPool.java:1018)&#10;        at java.base@21.0.6/java.lang.Thread.runWith(Thread.java:1596)&#10;        at java.base@21.0.6/java.lang.Thread.run(Thread.java:1583)&#10;&quot;Socket Reader #7 for port 15000&quot;  prio=5 tid=94 runnable&#10;java.lang.Thread.State: RUNNABLE&#10;        at java.base@21.0.6/sun.nio.ch.EPoll.wait(Native Method)&#10;        at java.base@21.0.6/sun.nio.ch.EPollSelectorImpl.doSelect(EPollSelectorImpl.java:121)&#10;        at java.base@21.0.6/sun.nio.ch.SelectorImpl.lockAndDoSelect(SelectorImpl.java:130)&#10;        at java.base@21.0.6/sun.nio.ch.SelectorImpl.select(SelectorImpl.java:147)&#10;        at app//org.apache.hadoop.ipc.Server$Listener$Reader.doRunLoop(Server.java:1497)&#10;        at app//org.apache.hadoop.ipc.Server$Listener$Reader.run(Server.java:1476)&#10;&quot;IPC Server Responder&quot; daemon prio=5 tid=71 runnable&#10;java.lang.Thread.State: RUNNABLE&#10;        at java.base@21.0.6/sun.nio.ch.EPoll.wait(Native Method)&#10;        at java.base@21.0.6/sun.nio.ch.EPollSelectorImpl.doSelect(EPollSelectorImpl.java:121)&#10;        at java.base@21.0.6/sun.nio.ch.SelectorImpl.lockAndDoSelect(SelectorImpl.java:130)&#10;        at java.base@21.0.6/sun.nio.ch.SelectorImpl.select(SelectorImpl.java:142)&#10;        at app//org.apache.hadoop.ipc.Server$Responder.doRunLoop(Server.java:1733)&#10;        at app//org.apache.hadoop.ipc.Server$Responder.run(Server.java:1716)&#10;&quot;IPC Server handler 5 on default port 15035&quot; daemon prio=5 tid=712 timed_waiting&#10;java.lang.Thread.State: TIMED_WAITING&#10;        at java.base@21.0.6/jdk.internal.misc.Unsafe.park(Native Method)&#10;        at java.base@21.0.6/java.util.concurrent.locks.LockSupport.parkNanos(LockSupport.java:269)&#10;        at java.base@21.0.6/java.util.concurrent.locks.AbstractQueuedSynchronizer$ConditionObject.awaitNanos(AbstractQueuedSynchronizer.java:1763)&#10;        at java.base@21.0.6/java.util.concurrent.LinkedBlockingQueue.poll(LinkedBlockingQueue.java:460)&#10;        at app//org.apache.hadoop.ipc.CallQueueManager.take(CallQueueManager.java:370)&#10;        at app//org.apache.hadoop.ipc.Server$Handler.run(Server.java:3165)&#10;&quot;StaleRecoveringContainerScrubbingService#1&quot; daemon prio=5 tid=742 in Object.wait()&#10;java.lang.Thread.State: WAITING (on object monitor)&#10;        at java.base@21.0.6/jdk.internal.misc.Unsafe.park(Native Method)&#10;        at java.base@21.0.6/java.util.concurrent.locks.LockSupport.park(LockSupport.java:371)&#10;        at java.base@21.0.6/java.util.concurrent.locks.AbstractQueuedSynchronizer$ConditionNode.block(AbstractQueuedSynchronizer.java:519)&#10;        at java.base@21.0.6/java.util.concurrent.ForkJoinPool.unmanagedBlock(ForkJoinPool.java:3780)&#10;        at java.base@21.0.6/java.util.concurrent.ForkJoinPool.managedBlock(ForkJoinPool.java:3725)&#10;        at java.base@21.0.6/java.util.concurrent.locks.AbstractQueuedSynchronizer$ConditionObject.await(AbstractQueuedSynchronizer.java:1712)&#10;        at java.base@21.0.6/java.util.concurrent.ScheduledThreadPoolExecutor$DelayedWorkQueue.take(ScheduledThreadPoolExecutor.java:1177)&#10;        at java.base@21.0.6/java.util.concurrent.ScheduledThreadPoolExecutor$DelayedWorkQueue.take(ScheduledThreadPoolExecutor.java:899)&#10;        at java.base@21.0.6/java.util.concurrent.ThreadPoolExecutor.getTask(ThreadPoolExecutor.java:1070)&#10;        at java.base@21.0.6/java.util.concurrent.ThreadPoolExecutor.runWorker(ThreadPoolExecutor.java:1130)&#10;        at java.base@21.0.6/java.util.concurrent.ThreadPoolExecutor$Worker.run(ThreadPoolExecutor.java:642)&#10;        at java.base@21.0.6/java.lang.Thread.runWith(Thread.java:1596)&#10;        at java.base@21.0.6/java.lang.Thread.run(Thread.java:1583)&#10;&quot;Socket Reader #6 for port 15002&quot;  prio=5 tid=65 runnable&#10;java.lang.Thread.State: RUNNABLE&#10;        at java.base@21.0.6/sun.nio.ch.EPoll.wait(Native Method)&#10;        at java.base@21.0.6/sun.nio.ch.EPollSelectorImpl.doSelect(EPollSelectorImpl.java:121)&#10;        at java.base@21.0.6/sun.nio.ch.SelectorImpl.lockAndDoSelect(SelectorImpl.java:130)&#10;        at java.base@21.0.6/sun.nio.ch.SelectorImpl.select(SelectorImpl.java:147)&#10;        at app//org.apache.hadoop.ipc.Server$Listener$Reader.doRunLoop(Server.java:1497)&#10;        at app//org.apache.hadoop.ipc.Server$Listener$Reader.run(Server.java:1476)&#10;&quot;IPC Server handler 98 on default port 15000&quot; daemon prio=5 tid=216 timed_waiting&#10;java.lang.Thread.State: TIMED_WAITING&#10;        at java.base@21.0.6/jdk.internal.misc.Unsafe.park(Native Method)&#10;        at java.base@21.0.6/java.util.concurrent.locks.LockSupport.parkNanos(LockSupport.java:269)&#10;        at java.base@21.0.6/java.util.concurrent.locks.AbstractQueuedSynchronizer$ConditionObject.awaitNanos(AbstractQueuedSynchronizer.java:1763)&#10;        at java.base@21.0.6/java.util.concurrent.LinkedBlockingQueue.poll(LinkedBlockingQueue.java:460)&#10;        at app//org.apache.hadoop.ipc.CallQueueManager.take(CallQueueManager.java:370)&#10;        at app//org.apache.hadoop.ipc.Server$Handler.run(Server.java:3165)&#10;&quot;IPC Server handler 88 on default port 15000&quot; daemon prio=5 tid=206 timed_waiting&#10;java.lang.Thread.State: TIMED_WAITING&#10;        at java.base@21.0.6/jdk.internal.misc.Unsafe.park(Native Method)&#10;        at java.base@21.0.6/java.util.concurrent.locks.LockSupport.parkNanos(LockSupport.java:269)&#10;        at java.base@21.0.6/java.util.concurrent.locks.AbstractQueuedSynchronizer$ConditionObject.awaitNanos(AbstractQueuedSynchronizer.java:1763)&#10;        at java.base@21.0.6/java.util.concurrent.LinkedBlockingQueue.poll(LinkedBlockingQueue.java:460)&#10;        at app//org.apache.hadoop.ipc.CallQueueManager.take(CallQueueManager.java:370)&#10;        at app//org.apache.hadoop.ipc.Server$Handler.run(Server.java:3165)&#10;&quot;IPC Server idle connection scanner for port 15035&quot; daemon prio=5 tid=704 timed_waiting&#10;java.lang.Thread.State: TIMED_WAITING&#10;        at java.base@21.0.6/java.lang.Object.wait0(Native Method)&#10;        at java.base@21.0.6/java.lang.Object.wait(Object.java:366)&#10;        at java.base@21.0.6/java.util.TimerThread.mainLoop(Timer.java:563)&#10;        at java.base@21.0.6/java.util.TimerThread.run(Timer.java:516)&#10;&quot;IPC Server handler 97 on default port 15002&quot; daemon prio=5 tid=433 timed_waiting&#10;java.lang.Thread.State: TIMED_WAITING&#10;        at java.base@21.0.6/jdk.internal.misc.Unsafe.park(Native Method)&#10;        at java.base@21.0.6/java.util.concurrent.locks.LockSupport.parkNanos(LockSupport.java:269)&#10;        at java.base@21.0.6/java.util.concurrent.locks.AbstractQueuedSynchronizer$ConditionObject.awaitNanos(AbstractQueuedSynchronizer.java:1763)&#10;        at java.base@21.0.6/java.util.concurrent.LinkedBlockingQueue.poll(LinkedBlockingQueue.java:460)&#10;        at app//org.apache.hadoop.ipc.CallQueueManager.take(CallQueueManager.java:370)&#10;        at app//org.apache.hadoop.ipc.Server$Handler.run(Server.java:3165)&#10;&quot;IPC Server handler 10 on default port 15002&quot; daemon prio=5 tid=346 timed_waiting&#10;java.lang.Thread.State: TIMED_WAITING&#10;        at java.base@21.0.6/jdk.internal.misc.Unsafe.park(Native Method)&#10;        at java.base@21.0.6/java.util.concurrent.locks.LockSupport.parkNanos(LockSupport.java:269)&#10;        at java.base@21.0.6/java.util.concurrent.locks.AbstractQueuedSynchronizer$ConditionObject.awaitNanos(AbstractQueuedSynchronizer.java:1763)&#10;        at java.base@21.0.6/java.util.concurrent.LinkedBlockingQueue.poll(LinkedBlockingQueue.java:460)&#10;        at app//org.apache.hadoop.ipc.CallQueueManager.take(CallQueueManager.java:370)&#10;        at app//org.apache.hadoop.ipc.Server$Handler.run(Server.java:3165)&#10;&quot;om1-DirectoryDeletingService#5&quot; daemon prio=5 tid=478 in Object.wait()&#10;java.lang.Thread.State: WAITING (on object monitor)&#10;        at java.base@21.0.6/jdk.internal.misc.Unsafe.park(Native Method)&#10;        at java.base@21.0.6/java.util.concurrent.locks.LockSupport.park(LockSupport.java:371)&#10;        at java.base@21.0.6/java.util.concurrent.locks.AbstractQueuedSynchronizer$ConditionNode.block(AbstractQueuedSynchronizer.java:519)&#10;        at java.base@21.0.6/java.util.concurrent.ForkJoinPool.unmanagedBlock(ForkJoinPool.java:3780)&#10;        at java.base@21.0.6/java.util.concurrent.ForkJoinPool.managedBlock(ForkJoinPool.java:3725)&#10;        at java.base@21.0.6/java.util.concurrent.locks.AbstractQueuedSynchronizer$ConditionObject.await(AbstractQueuedSynchronizer.java:1712)&#10;        at java.base@21.0.6/java.util.concurrent.ScheduledThreadPoolExecutor$DelayedWorkQueue.take(ScheduledThreadPoolExecutor.java:1177)&#10;        at java.base@21.0.6/java.util.concurrent.ScheduledThreadPoolExecutor$DelayedWorkQueue.take(ScheduledThreadPoolExecutor.java:899)&#10;        at java.base@21.0.6/java.util.concurrent.ThreadPoolExecutor.getTask(ThreadPoolExecutor.java:1070)&#10;        at java.base@21.0.6/java.util.concurrent.ThreadPoolExecutor.runWorker(ThreadPoolExecutor.java:1130)&#10;        at java.base@21.0.6/java.util.concurrent.ThreadPoolExecutor$Worker.run(ThreadPoolExecutor.java:642)&#10;        at java.base@21.0.6/java.lang.Thread.runWith(Thread.java:1596)&#10;        at java.base@21.0.6/java.lang.Thread.run(Thread.java:1583)&#10;&quot;StaleRecoveringContainerScrubbingService#0&quot; daemon prio=5 tid=809 timed_waiting&#10;java.lang.Thread.State: TIMED_WAITING&#10;        at java.base@21.0.6/jdk.internal.misc.Unsafe.park(Native Method)&#10;        at java.base@21.0.6/java.util.concurrent.locks.LockSupport.parkNanos(LockSupport.java:269)&#10;        at java.base@21.0.6/java.util.concurrent.locks.AbstractQueuedSynchronizer$ConditionObject.awaitNanos(AbstractQueuedSynchronizer.java:1763)&#10;        at java.base@21.0.6/java.util.concurrent.ScheduledThreadPoolExecutor$DelayedWorkQueue.take(ScheduledThreadPoolExecutor.java:1182)&#10;        at java.base@21.0.6/java.util.concurrent.ScheduledThreadPoolExecutor$DelayedWorkQueue.take(ScheduledThreadPoolExecutor.java:899)&#10;        at java.base@21.0.6/java.util.concurrent.ThreadPoolExecutor.getTask(ThreadPoolExecutor.java:1070)&#10;        at java.base@21.0.6/java.util.concurrent.ThreadPoolExecutor.runWorker(ThreadPoolExecutor.java:1130)&#10;        at java.base@21.0.6/java.util.concurrent.ThreadPoolExecutor$Worker.run(ThreadPoolExecutor.java:642)&#10;        at java.base@21.0.6/java.lang.Thread.runWith(Thread.java:1596)&#10;        at java.base@21.0.6/java.lang.Thread.run(Thread.java:1583)&#10;&quot;qtp1419970068-671&quot; daemon prio=5 tid=671 timed_waiting&#10;java.lang.Thread.State: TIMED_WAITING&#10;        at java.base@21.0.6/jdk.internal.misc.Unsafe.park(Native Method)&#10;        at java.base@21.0.6/java.util.concurrent.locks.LockSupport.parkNanos(LockSupport.java:269)&#10;        at java.base@21.0.6/java.util.concurrent.locks.AbstractQueuedSynchronizer$ConditionObject.awaitNanos(AbstractQueuedSynchronizer.java:1763)&#10;        at app//org.eclipse.jetty.util.BlockingArrayQueue.poll(BlockingArrayQueue.java:382)&#10;        at app//org.eclipse.jetty.util.thread.QueuedThreadPool$Runner.idleJobPoll(QueuedThreadPool.java:974)&#10;        at app//org.eclipse.jetty.util.thread.QueuedThreadPool$Runner.run(QueuedThreadPool.java:1018)&#10;        at java.base@21.0.6/java.lang.Thread.runWith(Thread.java:1596)&#10;        at java.base@21.0.6/java.lang.Thread.run(Thread.java:1583)&#10;&quot;IPC Server handler 75 on default port 15001&quot; daemon prio=5 tid=293 timed_waiting&#10;java.lang.Thread.State: TIMED_WAITING&#10;        at java.base@21.0.6/jdk.internal.misc.Unsafe.park(Native Method)&#10;        at java.base@21.0.6/java.util.concurrent.locks.LockSupport.parkNanos(LockSupport.java:269)&#10;        at java.base@21.0.6/java.util.concurrent.locks.AbstractQueuedSynchronizer$ConditionObject.awaitNanos(AbstractQueuedSynchronizer.java:1763)&#10;        at java.base@21.0.6/java.util.concurrent.LinkedBlockingQueue.poll(LinkedBlockingQueue.java:460)&#10;        at app//org.apache.hadoop.ipc.CallQueueManager.take(CallQueueManager.java:370)&#10;        at app//org.apache.hadoop.ipc.Server$Handler.run(Server.java:3165)&#10;&quot;Socket Reader #1 for port 15035&quot;  prio=5 tid=694 runnable&#10;java.lang.Thread.State: RUNNABLE&#10;        at java.base@21.0.6/sun.nio.ch.EPoll.wait(Native Method)&#10;        at java.base@21.0.6/sun.nio.ch.EPollSelectorImpl.doSelect(EPollSelectorImpl.java:121)&#10;        at java.base@21.0.6/sun.nio.ch.SelectorImpl.lockAndDoSelect(SelectorImpl.java:130)&#10;        at java.base@21.0.6/sun.nio.ch.SelectorImpl.select(SelectorImpl.java:147)&#10;        at app//org.apache.hadoop.ipc.Server$Listener$Reader.doRunLoop(Server.java:1497)&#10;        at app//org.apache.hadoop.ipc.Server$Listener$Reader.run(Server.java:1476)&#10;&quot;IPC Server listener on 15001&quot; daemon prio=5 tid=73 runnable&#10;java.lang.Thread.State: RUNNABLE&#10;        at java.base@21.0.6/sun.nio.ch.EPoll.wait(Native Method)&#10;        at java.base@21.0.6/sun.nio.ch.EPollSelectorImpl.doSelect(EPollSelectorImpl.java:121)&#10;        at java.base@21.0.6/sun.nio.ch.SelectorImpl.lockAndDoSelect(SelectorImpl.java:130)&#10;        at java.base@21.0.6/sun.nio.ch.SelectorImpl.select(SelectorImpl.java:147)&#10;        at app//org.apache.hadoop.ipc.Server$Listener.run(Server.java:1559)&#10;&quot;IPC Server handler 5 on default port 15002&quot; daemon prio=5 tid=341 timed_waiting&#10;java.lang.Thread.State: TIMED_WAITING&#10;        at java.base@21.0.6/jdk.internal.misc.Unsafe.park(Native Method)&#10;        at java.base@21.0.6/java.util.concurrent.locks.LockSupport.parkNanos(LockSupport.java:269)&#10;        at java.base@21.0.6/java.util.concurrent.locks.AbstractQueuedSynchronizer$ConditionObject.awaitNanos(AbstractQueuedSynchronizer.java:1763)&#10;        at java.base@21.0.6/java.util.concurrent.LinkedBlockingQueue.poll(LinkedBlockingQueue.java:460)&#10;        at app//org.apache.hadoop.ipc.CallQueueManager.take(CallQueueManager.java:370)&#10;        at app//org.apache.hadoop.ipc.Server$Handler.run(Server.java:3165)&#10;&quot;IPC Server handler 11 on default port 15001&quot; daemon prio=5 tid=229 timed_waiting&#10;java.lang.Thread.State: TIMED_WAITING&#10;        at java.base@21.0.6/jdk.internal.misc.Unsafe.park(Native Method)&#10;        at java.base@21.0.6/java.util.concurrent.locks.LockSupport.parkNanos(LockSupport.java:269)&#10;        at java.base@21.0.6/java.util.concurrent.locks.AbstractQueuedSynchronizer$ConditionObject.awaitNanos(AbstractQueuedSynchronizer.java:1763)&#10;        at java.base@21.0.6/java.util.concurrent.LinkedBlockingQueue.poll(LinkedBlockingQueue.java:460)&#10;        at app//org.apache.hadoop.ipc.CallQueueManager.take(CallQueueManager.java:370)&#10;        at app//org.apache.hadoop.ipc.Server$Handler.run(Server.java:3165)&#10;&quot;qtp2005400801-621&quot; daemon prio=5 tid=621 timed_waiting&#10;java.lang.Thread.State: TIMED_WAITING&#10;        at java.base@21.0.6/jdk.internal.misc.Unsafe.park(Native Method)&#10;        at java.base@21.0.6/java.util.concurrent.locks.LockSupport.parkNanos(LockSupport.java:269)&#10;        at java.base@21.0.6/java.util.concurrent.locks.AbstractQueuedSynchronizer$ConditionObject.awaitNanos(AbstractQueuedSynchronizer.java:1763)&#10;        at app//org.eclipse.jetty.util.BlockingArrayQueue.poll(BlockingArrayQueue.java:382)&#10;        at app//org.eclipse.jetty.util.thread.QueuedThreadPool$Runner.idleJobPoll(QueuedThreadPool.java:974)&#10;        at app//org.eclipse.jetty.util.thread.QueuedThreadPool$Runner.run(QueuedThreadPool.java:1018)&#10;        at java.base@21.0.6/java.lang.Thread.runWith(Thread.java:1596)&#10;        at java.base@21.0.6/java.lang.Thread.run(Thread.java:1583)&#10;&quot;IPC Server handler 36 on default port 15000&quot; daemon prio=5 tid=154 timed_waiting&#10;java.lang.Thread.State: TIMED_WAITING&#10;        at java.base@21.0.6/jdk.internal.misc.Unsafe.park(Native Method)&#10;        at java.base@21.0.6/java.util.concurrent.locks.LockSupport.parkNanos(LockSupport.java:269)&#10;        at java.base@21.0.6/java.util.concurrent.locks.AbstractQueuedSynchronizer$ConditionObject.awaitNanos(AbstractQueuedSynchronizer.java:1763)&#10;        at java.base@21.0.6/java.util.concurrent.LinkedBlockingQueue.poll(LinkedBlockingQueue.java:460)&#10;        at app//org.apache.hadoop.ipc.CallQueueManager.take(CallQueueManager.java:370)&#10;        at app//org.apache.hadoop.ipc.Server$Handler.run(Server.java:3165)&#10;&quot;d6a19b8b-82a2-4947-8b44-7228be6ad053-CommandProcessorThread&quot; daemon prio=5 tid=722 timed_waiting&#10;java.lang.Thread.State: TIMED_WAITING&#10;        at java.base@21.0.6/java.lang.Thread.sleep0(Native Method)&#10;        at java.base@21.0.6/java.lang.Thread.sleep(Thread.java:509)&#10;        at app//org.apache.hadoop.ozone.container.common.statemachine.DatanodeStateMachine.lambda$initCommandHandlerThread$4(DatanodeStateMachine.java:673)&#10;        at app//org.apache.hadoop.ozone.container.common.statemachine.DatanodeStateMachine$$Lambda/0x00007fd0ac80cc70.run(Unknown Source)&#10;        at java.base@21.0.6/java.lang.Thread.runWith(Thread.java:1596)&#10;        at java.base@21.0.6/java.lang.Thread.run(Thread.java:1583)&#10;&quot;IPC Server handler 4 on default port 15043&quot; daemon prio=5 tid=787 timed_waiting&#10;java.lang.Thread.State: TIMED_WAITING&#10;        at java.base@21.0.6/jdk.internal.misc.Unsafe.park(Native Method)&#10;        at java.base@21.0.6/java.util.concurrent.locks.LockSupport.parkNanos(LockSupport.java:269)&#10;        at java.base@21.0.6/java.util.concurrent.locks.AbstractQueuedSynchronizer$ConditionObject.awaitNanos(AbstractQueuedSynchronizer.java:1763)&#10;        at java.base@21.0.6/java.util.concurrent.LinkedBlockingQueue.poll(LinkedBlockingQueue.java:460)&#10;        at app//org.apache.hadoop.ipc.CallQueueManager.take(CallQueueManager.java:370)&#10;        at app//org.apache.hadoop.ipc.Server$Handler.run(Server.java:3165)&#10;&quot;IPC Server handler 16 on default port 15006&quot; daemon prio=5 tid=511 timed_waiting&#10;java.lang.Thread.State: TIMED_WAITING&#10;        at java.base@21.0.6/jdk.internal.misc.Unsafe.park(Native Method)&#10;        at java.base@21.0.6/java.util.concurrent.locks.LockSupport.parkNanos(LockSupport.java:269)&#10;        at java.base@21.0.6/java.util.concurrent.locks.AbstractQueuedSynchronizer$ConditionObject.awaitNanos(AbstractQueuedSynchronizer.java:1763)&#10;        at java.base@21.0.6/java.util.concurrent.LinkedBlockingQueue.poll(LinkedBlockingQueue.java:460)&#10;        at app//org.apache.hadoop.ipc.CallQueueManager.take(CallQueueManager.java:370)&#10;        at app//org.apache.hadoop.ipc.Server$Handler.run(Server.java:3165)&#10;&quot;Socket Reader #8 for port 15027&quot;  prio=5 tid=631 runnable&#10;java.lang.Thread.State: RUNNABLE&#10;        at java.base@21.0.6/sun.nio.ch.EPoll.wait(Native Method)&#10;        at java.base@21.0.6/sun.nio.ch.EPollSelectorImpl.doSelect(EPollSelectorImpl.java:121)&#10;        at java.base@21.0.6/sun.nio.ch.SelectorImpl.lockAndDoSelect(SelectorImpl.java:130)&#10;        at java.base@21.0.6/sun.nio.ch.SelectorImpl.select(SelectorImpl.java:147)&#10;        at app//org.apache.hadoop.ipc.Server$Listener$Reader.doRunLoop(Server.java:1497)&#10;        at app//org.apache.hadoop.ipc.Server$Listener$Reader.run(Server.java:1476)&#10;&quot;IPC Server handler 13 on default port 15000&quot; daemon prio=5 tid=131 timed_waiting&#10;java.lang.Thread.State: TIMED_WAITING&#10;        at java.base@21.0.6/jdk.internal.misc.Unsafe.park(Native Method)&#10;        at java.base@21.0.6/java.util.concurrent.locks.LockSupport.parkNanos(LockSupport.java:269)&#10;        at java.base@21.0.6/java.util.concurrent.locks.AbstractQueuedSynchronizer$ConditionObject.awaitNanos(AbstractQueuedSynchronizer.java:1763)&#10;        at java.base@21.0.6/java.util.concurrent.LinkedBlockingQueue.poll(LinkedBlockingQueue.java:460)&#10;        at app//org.apache.hadoop.ipc.CallQueueManager.take(CallQueueManager.java:370)&#10;        at app//org.apache.hadoop.ipc.Server$Handler.run(Server.java:3165)&#10;&quot;Hadoop-Metrics-Updater-0&quot; daemon prio=5 tid=706 timed_waiting&#10;java.lang.Thread.State: TIMED_WAITING&#10;        at java.base@21.0.6/jdk.internal.misc.Unsafe.park(Native Method)&#10;        at java.base@21.0.6/java.util.concurrent.locks.LockSupport.parkNanos(LockSupport.java:269)&#10;        at java.base@21.0.6/java.util.concurrent.locks.AbstractQueuedSynchronizer$ConditionObject.awaitNanos(AbstractQueuedSynchronizer.java:1763)&#10;        at java.base@21.0.6/java.util.concurrent.ScheduledThreadPoolExecutor$DelayedWorkQueue.take(ScheduledThreadPoolExecutor.java:1182)&#10;        at java.base@21.0.6/java.util.concurrent.ScheduledThreadPoolExecutor$DelayedWorkQueue.take(ScheduledThreadPoolExecutor.java:899)&#10;        at java.base@21.0.6/java.util.concurrent.ThreadPoolExecutor.getTask(ThreadPoolExecutor.java:1070)&#10;        at java.base@21.0.6/java.util.concurrent.ThreadPoolExecutor.runWorker(ThreadPoolExecutor.java:1130)&#10;        at java.base@21.0.6/java.util.concurrent.ThreadPoolExecutor$Worker.run(ThreadPoolExecutor.java:642)&#10;        at java.base@21.0.6/java.lang.Thread.runWith(Thread.java:1596)&#10;        at java.base@21.0.6/java.lang.Thread.run(Thread.java:1583)&#10;&quot;Hadoop-Metrics-Updater-0&quot; daemon prio=5 tid=86 timed_waiting&#10;java.lang.Thread.State: TIMED_WAITING&#10;        at java.base@21.0.6/jdk.internal.misc.Unsafe.park(Native Method)&#10;        at java.base@21.0.6/java.util.concurrent.locks.LockSupport.parkNanos(LockSupport.java:269)&#10;        at java.base@21.0.6/java.util.concurrent.locks.AbstractQueuedSynchronizer$ConditionObject.awaitNanos(AbstractQueuedSynchronizer.java:1763)&#10;        at java.base@21.0.6/java.util.concurrent.ScheduledThreadPoolExecutor$DelayedWorkQueue.take(ScheduledThreadPoolExecutor.java:1182)&#10;        at java.base@21.0.6/java.util.concurrent.ScheduledThreadPoolExecutor$DelayedWorkQueue.take(ScheduledThreadPoolExecutor.java:899)&#10;        at java.base@21.0.6/java.util.concurrent.ThreadPoolExecutor.getTask(ThreadPoolExecutor.java:1070)&#10;        at java.base@21.0.6/java.util.concurrent.ThreadPoolExecutor.runWorker(ThreadPoolExecutor.java:1130)&#10;        at java.base@21.0.6/java.util.concurrent.ThreadPoolExecutor$Worker.run(ThreadPoolExecutor.java:642)&#10;        at java.base@21.0.6/java.lang.Thread.runWith(Thread.java:1596)&#10;        at java.base@21.0.6/java.lang.Thread.run(Thread.java:1583)&#10;&quot;IPC Server handler 51 on default port 15001&quot; daemon prio=5 tid=269 timed_waiting&#10;java.lang.Thread.State: TIMED_WAITING&#10;        at java.base@21.0.6/jdk.internal.misc.Unsafe.park(Native Method)&#10;        at java.base@21.0.6/java.util.concurrent.locks.LockSupport.parkNanos(LockSupport.java:269)&#10;        at java.base@21.0.6/java.util.concurrent.locks.AbstractQueuedSynchronizer$ConditionObject.awaitNanos(AbstractQueuedSynchronizer.java:1763)&#10;        at java.base@21.0.6/java.util.concurrent.LinkedBlockingQueue.poll(LinkedBlockingQueue.java:460)&#10;        at app//org.apache.hadoop.ipc.CallQueueManager.take(CallQueueManager.java:370)&#10;        at app//org.apache.hadoop.ipc.Server$Handler.run(Server.java:3165)&#10;&quot;IPC Server handler 63 on default port 15001&quot; daemon prio=5 tid=281 timed_waiting&#10;java.lang.Thread.State: TIMED_WAITING&#10;        at java.base@21.0.6/jdk.internal.misc.Unsafe.park(Native Method)&#10;        at java.base@21.0.6/java.util.concurrent.locks.LockSupport.parkNanos(LockSupport.java:269)&#10;        at java.base@21.0.6/java.util.concurrent.locks.AbstractQueuedSynchronizer$ConditionObject.awaitNanos(AbstractQueuedSynchronizer.java:1763)&#10;        at java.base@21.0.6/java.util.concurrent.LinkedBlockingQueue.poll(LinkedBlockingQueue.java:460)&#10;        at app//org.apache.hadoop.ipc.CallQueueManager.take(CallQueueManager.java:370)&#10;        at app//org.apache.hadoop.ipc.Server$Handler.run(Server.java:3165)&#10;&quot;4a3059aa-ae89-4e47-8f1e-08d61ab31d43-EndpointStateMachineTaskThread-/0.0.0.0:15002-0 &quot;  prio=5 tid=834 in Object.wait()&#10;java.lang.Thread.State: WAITING (on object monitor)&#10;        at java.base@21.0.6/jdk.internal.misc.Unsafe.park(Native Method)&#10;        at java.base@21.0.6/java.util.concurrent.locks.LockSupport.park(LockSupport.java:371)&#10;        at java.base@21.0.6/java.util.concurrent.locks.AbstractQueuedSynchronizer$ConditionNode.block(AbstractQueuedSynchronizer.java:519)&#10;        at java.base@21.0.6/java.util.concurrent.ForkJoinPool.unmanagedBlock(ForkJoinPool.java:3780)&#10;        at java.base@21.0.6/java.util.concurrent.ForkJoinPool.managedBlock(ForkJoinPool.java:3725)&#10;        at java.base@21.0.6/java.util.concurrent.locks.AbstractQueuedSynchronizer$ConditionObject.await(AbstractQueuedSynchronizer.java:1712)&#10;        at java.base@21.0.6/java.util.concurrent.LinkedBlockingQueue.take(LinkedBlockingQueue.java:435)&#10;        at java.base@21.0.6/java.util.concurrent.ThreadPoolExecutor.getTask(ThreadPoolExecutor.java:1070)&#10;        at java.base@21.0.6/java.util.concurrent.ThreadPoolExecutor.runWorker(ThreadPoolExecutor.java:1130)&#10;        at java.base@21.0.6/java.util.concurrent.ThreadPoolExecutor$Worker.run(ThreadPoolExecutor.java:642)&#10;        at java.base@21.0.6/java.lang.Thread.runWith(Thread.java:1596)&#10;        at java.base@21.0.6/java.lang.Thread.run(Thread.java:1583)&#10;&quot;d6a19b8b-82a2-4947-8b44-7228be6ad053-ChunkReader-ELG-0&quot; daemon prio=5 tid=826 runnable&#10;java.lang.Thread.State: RUNNABLE&#10;        at app//org.apache.ratis.thirdparty.io.netty.channel.epoll.Native.epollWait(Native Method)&#10;        at app//org.apache.ratis.thirdparty.io.netty.channel.epoll.Native.epollWait(Native.java:220)&#10;        at app//org.apache.ratis.thirdparty.io.netty.channel.epoll.Native.epollWait(Native.java:213)&#10;        at app//org.apache.ratis.thirdparty.io.netty.channel.epoll.EpollEventLoop.epollWaitNoTimerChange(EpollEventLoop.java:308)&#10;        at app//org.apache.ratis.thirdparty.io.netty.channel.epoll.EpollEventLoop.run(EpollEventLoop.java:365)&#10;        at app//org.apache.ratis.thirdparty.io.netty.util.concurrent.SingleThreadEventExecutor$4.run(SingleThreadEventExecutor.java:997)&#10;        at app//org.apache.ratis.thirdparty.io.netty.util.internal.ThreadExecutorMap$2.run(ThreadExecutorMap.java:74)&#10;        at java.base@21.0.6/java.lang.Thread.runWith(Thread.java:1596)&#10;        at java.base@21.0.6/java.lang.Thread.run(Thread.java:1583)&#10;&quot;pool-176-thread-1&quot; daemon prio=5 tid=838 timed_waiting&#10;java.lang.Thread.State: TIMED_WAITING&#10;        at java.base@21.0.6/jdk.internal.misc.Unsafe.park(Native Method)&#10;        at java.base@21.0.6/java.util.concurrent.locks.LockSupport.parkNanos(LockSupport.java:269)&#10;        at java.base@21.0.6/java.util.concurrent.locks.AbstractQueuedSynchronizer$ConditionObject.awaitNanos(AbstractQueuedSynchronizer.java:1763)&#10;        at java.base@21.0.6/java.util.concurrent.ScheduledThreadPoolExecutor$DelayedWorkQueue.take(ScheduledThreadPoolExecutor.java:1182)&#10;        at java.base@21.0.6/java.util.concurrent.ScheduledThreadPoolExecutor$DelayedWorkQueue.take(ScheduledThreadPoolExecutor.java:899)&#10;        at java.base@21.0.6/java.util.concurrent.ThreadPoolExecutor.getTask(ThreadPoolExecutor.java:1070)&#10;        at java.base@21.0.6/java.util.concurrent.ThreadPoolExecutor.runWorker(ThreadPoolExecutor.java:1130)&#10;        at java.base@21.0.6/java.util.concurrent.ThreadPoolExecutor$Worker.run(ThreadPoolExecutor.java:642)&#10;        at java.base@21.0.6/java.lang.Thread.runWith(Thread.java:1596)&#10;        at java.base@21.0.6/java.lang.Thread.run(Thread.java:1583)&#10;&quot;IPC Server handler 72 on default port 15000&quot; daemon prio=5 tid=190 timed_waiting&#10;java.lang.Thread.State: TIMED_WAITING&#10;        at java.base@21.0.6/jdk.internal.misc.Unsafe.park(Native Method)&#10;        at java.base@21.0.6/java.util.concurrent.locks.LockSupport.parkNanos(LockSupport.java:269)&#10;        at java.base@21.0.6/java.util.concurrent.locks.AbstractQueuedSynchronizer$ConditionObject.awaitNanos(AbstractQueuedSynchronizer.java:1763)&#10;        at java.base@21.0.6/java.util.concurrent.LinkedBlockingQueue.poll(LinkedBlockingQueue.java:460)&#10;        at app//org.apache.hadoop.ipc.CallQueueManager.take(CallQueueManager.java:370)&#10;        at app//org.apache.hadoop.ipc.Server$Handler.run(Server.java:3165)&#10;&quot;IPC Server handler 70 on default port 15002&quot; daemon prio=5 tid=406 timed_waiting&#10;java.lang.Thread.State: TIMED_WAITING&#10;        at java.base@21.0.6/jdk.internal.misc.Unsafe.park(Native Method)&#10;        at java.base@21.0.6/java.util.concurrent.locks.LockSupport.parkNanos(LockSupport.java:269)&#10;        at java.base@21.0.6/java.util.concurrent.locks.AbstractQueuedSynchronizer$ConditionObject.awaitNanos(AbstractQueuedSynchronizer.java:1763)&#10;        at java.base@21.0.6/java.util.concurrent.LinkedBlockingQueue.poll(LinkedBlockingQueue.java:460)&#10;        at app//org.apache.hadoop.ipc.CallQueueManager.take(CallQueueManager.java:370)&#10;        at app//org.apache.hadoop.ipc.Server$Handler.run(Server.java:3165)&#10;&quot;IPC Server handler 56 on default port 15002&quot; daemon prio=5 tid=392 timed_waiting&#10;java.lang.Thread.State: TIMED_WAITING&#10;        at java.base@21.0.6/jdk.internal.misc.Unsafe.park(Native Method)&#10;        at java.base@21.0.6/java.util.concurrent.locks.LockSupport.parkNanos(LockSupport.java:269)&#10;        at java.base@21.0.6/java.util.concurrent.locks.AbstractQueuedSynchronizer$ConditionObject.awaitNanos(AbstractQueuedSynchronizer.java:1763)&#10;        at java.base@21.0.6/java.util.concurrent.LinkedBlockingQueue.poll(LinkedBlockingQueue.java:460)&#10;        at app//org.apache.hadoop.ipc.CallQueueManager.take(CallQueueManager.java:370)&#10;        at app//org.apache.hadoop.ipc.Server$Handler.run(Server.java:3165)&#10;&quot;IPC Server handler 51 on default port 15002&quot; daemon prio=5 tid=387 timed_waiting&#10;java.lang.Thread.State: TIMED_WAITING&#10;        at java.base@21.0.6/jdk.internal.misc.Unsafe.park(Native Method)&#10;        at java.base@21.0.6/java.util.concurrent.locks.LockSupport.parkNanos(LockSupport.java:269)&#10;        at java.base@21.0.6/java.util.concurrent.locks.AbstractQueuedSynchronizer$ConditionObject.awaitNanos(AbstractQueuedSynchronizer.java:1763)&#10;        at java.base@21.0.6/java.util.concurrent.LinkedBlockingQueue.poll(LinkedBlockingQueue.java:460)&#10;        at app//org.apache.hadoop.ipc.CallQueueManager.take(CallQueueManager.java:370)&#10;        at app//org.apache.hadoop.ipc.Server$Handler.run(Server.java:3165)&#10;&quot;Reference Handler&quot; daemon prio=10 tid=9 runnable&#10;java.lang.Thread.State: RUNNABLE&#10;        at java.base@21.0.6/java.lang.ref.Reference.waitForReferencePendingList(Native Method)&#10;        at java.base@21.0.6/java.lang.ref.Reference.processPendingReferences(Reference.java:246)&#10;        at java.base@21.0.6/java.lang.ref.Reference$ReferenceHandler.run(Reference.java:208)&#10;&quot;93cc9901-be1a-45f5-9681-0d93e627c426-RocksDBCompactionThread-0&quot;  prio=5 tid=563 timed_waiting&#10;java.lang.Thread.State: TIMED_WAITING&#10;        at java.base@21.0.6/jdk.internal.misc.Unsafe.park(Native Method)&#10;        at java.base@21.0.6/java.util.concurrent.locks.LockSupport.parkNanos(LockSupport.java:269)&#10;        at java.base@21.0.6/java.util.concurrent.locks.AbstractQueuedSynchronizer$ConditionObject.awaitNanos(AbstractQueuedSynchronizer.java:1763)&#10;        at java.base@21.0.6/java.util.concurrent.ScheduledThreadPoolExecutor$DelayedWorkQueue.take(ScheduledThreadPoolExecutor.java:1182)&#10;        at java.base@21.0.6/java.util.concurrent.ScheduledThreadPoolExecutor$DelayedWorkQueue.take(ScheduledThreadPoolExecutor.java:899)&#10;        at java.base@21.0.6/java.util.concurrent.ThreadPoolExecutor.getTask(ThreadPoolExecutor.java:1070)&#10;        at java.base@21.0.6/java.util.concurrent.ThreadPoolExecutor.runWorker(ThreadPoolExecutor.java:1130)&#10;        at java.base@21.0.6/java.util.concurrent.ThreadPoolExecutor$Worker.run(ThreadPoolExecutor.java:642)&#10;        at java.base@21.0.6/java.lang.Thread.runWith(Thread.java:1596)&#10;        at java.base@21.0.6/java.lang.Thread.run(Thread.java:1583)&#10;&quot;Socket Reader #5 for port 15043&quot;  prio=5 tid=770 runnable&#10;java.lang.Thread.State: RUNNABLE&#10;        at java.base@21.0.6/sun.nio.ch.EPoll.wait(Native Method)&#10;        at java.base@21.0.6/sun.nio.ch.EPollSelectorImpl.doSelect(EPollSelectorImpl.java:121)&#10;        at java.base@21.0.6/sun.nio.ch.SelectorImpl.lockAndDoSelect(SelectorImpl.java:130)&#10;        at java.base@21.0.6/sun.nio.ch.SelectorImpl.select(SelectorImpl.java:147)&#10;        at app//org.apache.hadoop.ipc.Server$Listener$Reader.doRunLoop(Server.java:1497)&#10;        at app//org.apache.hadoop.ipc.Server$Listener$Reader.run(Server.java:1476)&#10;&quot;IPC Server handler 14 on default port 15002&quot; daemon prio=5 tid=350 timed_waiting&#10;java.lang.Thread.State: TIMED_WAITING&#10;        at java.base@21.0.6/jdk.internal.misc.Unsafe.park(Native Method)&#10;        at java.base@21.0.6/java.util.concurrent.locks.LockSupport.parkNanos(LockSupport.java:269)&#10;        at java.base@21.0.6/java.util.concurrent.locks.AbstractQueuedSynchronizer$ConditionObject.awaitNanos(AbstractQueuedSynchronizer.java:1763)&#10;        at java.base@21.0.6/java.util.concurrent.LinkedBlockingQueue.poll(LinkedBlockingQueue.java:460)&#10;        at app//org.apache.hadoop.ipc.CallQueueManager.take(CallQueueManager.java:370)&#10;        at app//org.apache.hadoop.ipc.Server$Handler.run(Server.java:3165)&#10;&quot;DatanodeAdminManager-0&quot; daemon prio=5 tid=58 timed_waiting&#10;java.lang.Thread.State: TIMED_WAITING&#10;        at java.base@21.0.6/jdk.internal.misc.Unsafe.park(Native Method)&#10;        at java.base@21.0.6/java.util.concurrent.locks.LockSupport.parkNanos(LockSupport.java:269)&#10;        at java.base@21.0.6/java.util.concurrent.locks.AbstractQueuedSynchronizer$ConditionObject.awaitNanos(AbstractQueuedSynchronizer.java:1763)&#10;        at java.base@21.0.6/java.util.concurrent.ScheduledThreadPoolExecutor$DelayedWorkQueue.take(ScheduledThreadPoolExecutor.java:1182)&#10;        at java.base@21.0.6/java.util.concurrent.ScheduledThreadPoolExecutor$DelayedWorkQueue.take(ScheduledThreadPoolExecutor.java:899)&#10;        at java.base@21.0.6/java.util.concurrent.ThreadPoolExecutor.getTask(ThreadPoolExecutor.java:1070)&#10;        at java.base@21.0.6/java.util.concurrent.ThreadPoolExecutor.runWorker(ThreadPoolExecutor.java:1130)&#10;        at java.base@21.0.6/java.util.concurrent.ThreadPoolExecutor$Worker.run(ThreadPoolExecutor.java:642)&#10;        at java.base@21.0.6/java.lang.Thread.runWith(Thread.java:1596)&#10;        at java.base@21.0.6/java.lang.Thread.run(Thread.java:1583)&#10;&quot;Socket Reader #6 for port 15019&quot;  prio=5 tid=583 runnable&#10;java.lang.Thread.State: RUNNABLE&#10;        at java.base@21.0.6/sun.nio.ch.EPoll.wait(Native Method)&#10;        at java.base@21.0.6/sun.nio.ch.EPollSelectorImpl.doSelect(EPollSelectorImpl.java:121)&#10;        at java.base@21.0.6/sun.nio.ch.SelectorImpl.lockAndDoSelect(SelectorImpl.java:130)&#10;        at java.base@21.0.6/sun.nio.ch.SelectorImpl.select(SelectorImpl.java:147)&#10;        at app//org.apache.hadoop.ipc.Server$Listener$Reader.doRunLoop(Server.java:1497)&#10;        at app//org.apache.hadoop.ipc.Server$Listener$Reader.run(Server.java:1476)&#10;&quot;d6a19b8b-82a2-4947-8b44-7228be6ad053-DatanodeReportManager-2&quot; daemon prio=5 tid=720 in Object.wait()&#10;java.lang.Thread.State: WAITING (on object monitor)&#10;        at java.base@21.0.6/jdk.internal.misc.Unsafe.park(Native Method)&#10;        at java.base@21.0.6/java.util.concurrent.locks.LockSupport.park(LockSupport.java:371)&#10;        at java.base@21.0.6/java.util.concurrent.locks.AbstractQueuedSynchronizer$ConditionNode.block(AbstractQueuedSynchronizer.java:519)&#10;        at java.base@21.0.6/java.util.concurrent.ForkJoinPool.unmanagedBlock(ForkJoinPool.java:3780)&#10;        at java.base@21.0.6/java.util.concurrent.ForkJoinPool.managedBlock(ForkJoinPool.java:3725)&#10;        at java.base@21.0.6/java.util.concurrent.locks.AbstractQueuedSynchronizer$ConditionObject.await(AbstractQueuedSynchronizer.java:1712)&#10;        at java.base@21.0.6/java.util.concurrent.ScheduledThreadPoolExecutor$DelayedWorkQueue.take(ScheduledThreadPoolExecutor.java:1177)&#10;        at java.base@21.0.6/java.util.concurrent.ScheduledThreadPoolExecutor$DelayedWorkQueue.take(ScheduledThreadPoolExecutor.java:899)&#10;        at java.base@21.0.6/java.util.concurrent.ThreadPoolExecutor.getTask(ThreadPoolExecutor.java:1070)&#10;        at java.base@21.0.6/java.util.concurrent.ThreadPoolExecutor.runWorker(ThreadPoolExecutor.java:1130)&#10;        at java.base@21.0.6/java.util.concurrent.ThreadPoolExecutor$Worker.run(ThreadPoolExecutor.java:642)&#10;        at java.base@21.0.6/java.lang.Thread.runWith(Thread.java:1596)&#10;        at java.base@21.0.6/java.lang.Thread.run(Thread.java:1583)&#10;&quot;IPC Server handler 60 on default port 15001&quot; daemon prio=5 tid=278 timed_waiting&#10;java.lang.Thread.State: TIMED_WAITING&#10;        at java.base@21.0.6/jdk.internal.misc.Unsafe.park(Native Method)&#10;        at java.base@21.0.6/java.util.concurrent.locks.LockSupport.parkNanos(LockSupport.java:269)&#10;        at java.base@21.0.6/java.util.concurrent.locks.AbstractQueuedSynchronizer$ConditionObject.awaitNanos(AbstractQueuedSynchronizer.java:1763)&#10;        at java.base@21.0.6/java.util.concurrent.LinkedBlockingQueue.poll(LinkedBlockingQueue.java:460)&#10;        at app//org.apache.hadoop.ipc.CallQueueManager.take(CallQueueManager.java:370)&#10;        at app//org.apache.hadoop.ipc.Server$Handler.run(Server.java:3165)&#10;&quot;IPC Server handler 7 on default port 15006&quot; daemon prio=5 tid=502 timed_waiting&#10;java.lang.Thread.State: TIMED_WAITING&#10;        at java.base@21.0.6/jdk.internal.misc.Unsafe.park(Native Method)&#10;        at java.base@21.0.6/java.util.concurrent.locks.LockSupport.parkNanos(LockSupport.java:269)&#10;        at java.base@21.0.6/java.util.concurrent.locks.AbstractQueuedSynchronizer$ConditionObject.awaitNanos(AbstractQueuedSynchronizer.java:1763)&#10;        at java.base@21.0.6/java.util.concurrent.LinkedBlockingQueue.poll(LinkedBlockingQueue.java:460)&#10;        at app//org.apache.hadoop.ipc.CallQueueManager.take(CallQueueManager.java:370)&#10;        at app//org.apache.hadoop.ipc.Server$Handler.run(Server.java:3165)&#10;&quot;EventQueue-NewNodeForNewNodeHandler&quot; daemon prio=5 tid=758 in Object.wait()&#10;java.lang.Thread.State: WAITING (on object monitor)&#10;        at java.base@21.0.6/jdk.internal.misc.Unsafe.park(Native Method)&#10;        at java.base@21.0.6/java.util.concurrent.locks.LockSupport.park(LockSupport.java:371)&#10;        at java.base@21.0.6/java.util.concurrent.locks.AbstractQueuedSynchronizer$ConditionNode.block(AbstractQueuedSynchronizer.java:519)&#10;        at java.base@21.0.6/java.util.concurrent.ForkJoinPool.unmanagedBlock(ForkJoinPool.java:3780)&#10;        at java.base@21.0.6/java.util.concurrent.ForkJoinPool.managedBlock(ForkJoinPool.java:3725)&#10;        at java.base@21.0.6/java.util.concurrent.locks.AbstractQueuedSynchronizer$ConditionObject.await(AbstractQueuedSynchronizer.java:1712)&#10;        at java.base@21.0.6/java.util.concurrent.LinkedBlockingQueue.take(LinkedBlockingQueue.java:435)&#10;        at java.base@21.0.6/java.util.concurrent.ThreadPoolExecutor.getTask(ThreadPoolExecutor.java:1070)&#10;        at java.base@21.0.6/java.util.concurrent.ThreadPoolExecutor.runWorker(ThreadPoolExecutor.java:1130)&#10;        at java.base@21.0.6/java.util.concurrent.ThreadPoolExecutor$Worker.run(ThreadPoolExecutor.java:642)&#10;        at java.base@21.0.6/java.lang.Thread.runWith(Thread.java:1596)&#10;        at java.base@21.0.6/java.lang.Thread.run(Thread.java:1583)&#10;&quot;IPC Server handler 61 on default port 15001&quot; daemon prio=5 tid=279 timed_waiting&#10;java.lang.Thread.State: TIMED_WAITING&#10;        at java.base@21.0.6/jdk.internal.misc.Unsafe.park(Native Method)&#10;        at java.base@21.0.6/java.util.concurrent.locks.LockSupport.parkNanos(LockSupport.java:269)&#10;        at java.base@21.0.6/java.util.concurrent.locks.AbstractQueuedSynchronizer$ConditionObject.awaitNanos(AbstractQueuedSynchronizer.java:1763)&#10;        at java.base@21.0.6/java.util.concurrent.LinkedBlockingQueue.poll(LinkedBlockingQueue.java:460)&#10;        at app//org.apache.hadoop.ipc.CallQueueManager.take(CallQueueManager.java:370)&#10;        at app//org.apache.hadoop.ipc.Server$Handler.run(Server.java:3165)&#10;&quot;IPC Server handler 95 on default port 15001&quot; daemon prio=5 tid=313 timed_waiting&#10;java.lang.Thread.State: TIMED_WAITING&#10;        at java.base@21.0.6/jdk.internal.misc.Unsafe.park(Native Method)&#10;        at java.base@21.0.6/java.util.concurrent.locks.LockSupport.parkNanos(LockSupport.java:269)&#10;        at java.base@21.0.6/java.util.concurrent.locks.AbstractQueuedSynchronizer$ConditionObject.awaitNanos(AbstractQueuedSynchronizer.java:1763)&#10;        at java.base@21.0.6/java.util.concurrent.LinkedBlockingQueue.poll(LinkedBlockingQueue.java:460)&#10;        at app//org.apache.hadoop.ipc.CallQueueManager.take(CallQueueManager.java:370)&#10;        at app//org.apache.hadoop.ipc.Server$Handler.run(Server.java:3165)&#10;&quot;qtp2049070779-751&quot; daemon prio=5 tid=751 timed_waiting&#10;java.lang.Thread.State: TIMED_WAITING&#10;        at java.base@21.0.6/jdk.internal.misc.Unsafe.park(Native Method)&#10;        at java.base@21.0.6/java.util.concurrent.locks.LockSupport.parkNanos(LockSupport.java:269)&#10;        at java.base@21.0.6/java.util.concurrent.locks.AbstractQueuedSynchronizer$ConditionObject.awaitNanos(AbstractQueuedSynchronizer.java:1763)&#10;        at app//org.eclipse.jetty.util.BlockingArrayQueue.poll(BlockingArrayQueue.java:382)&#10;        at app//org.eclipse.jetty.util.thread.QueuedThreadPool$Runner.idleJobPoll(QueuedThreadPool.java:974)&#10;        at app//org.eclipse.jetty.util.thread.QueuedThreadPool$Runner.run(QueuedThreadPool.java:1018)&#10;        at java.base@21.0.6/java.lang.Thread.runWith(Thread.java:1596)&#10;        at java.base@21.0.6/java.lang.Thread.run(Thread.java:1583)&#10;&quot;IPC Server handler 76 on default port 15001&quot; daemon prio=5 tid=294 timed_waiting&#10;java.lang.Thread.State: TIMED_WAITING&#10;        at java.base@21.0.6/jdk.internal.misc.Unsafe.park(Native Method)&#10;        at java.base@21.0.6/java.util.concurrent.locks.LockSupport.parkNanos(LockSupport.java:269)&#10;        at java.base@21.0.6/java.util.concurrent.locks.AbstractQueuedSynchronizer$ConditionObject.awaitNanos(AbstractQueuedSynchronizer.java:1763)&#10;        at java.base@21.0.6/java.util.concurrent.LinkedBlockingQueue.poll(LinkedBlockingQueue.java:460)&#10;        at app//org.apache.hadoop.ipc.CallQueueManager.take(CallQueueManager.java:370)&#10;        at app//org.apache.hadoop.ipc.Server$Handler.run(Server.java:3165)&#10;&quot;qtp596278845-324&quot; daemon prio=5 tid=324 timed_waiting&#10;java.lang.Thread.State: TIMED_WAITING&#10;        at java.base@21.0.6/jdk.internal.misc.Unsafe.park(Native Method)&#10;        at java.base@21.0.6/java.util.concurrent.locks.LockSupport.parkNanos(LockSupport.java:269)&#10;        at java.base@21.0.6/java.util.concurrent.locks.AbstractQueuedSynchronizer$ConditionObject.awaitNanos(AbstractQueuedSynchronizer.java:1763)&#10;        at app//org.eclipse.jetty.util.BlockingArrayQueue.poll(BlockingArrayQueue.java:382)&#10;        at app//org.eclipse.jetty.util.thread.QueuedThreadPool$Runner.idleJobPoll(QueuedThreadPool.java:974)&#10;        at app//org.eclipse.jetty.util.thread.QueuedThreadPool$Runner.run(QueuedThreadPool.java:1018)&#10;        at java.base@21.0.6/java.lang.Thread.runWith(Thread.java:1596)&#10;        at java.base@21.0.6/java.lang.Thread.run(Thread.java:1583)&#10;&quot;IPC Server handler 4 on default port 15002&quot; daemon prio=5 tid=340 timed_waiting&#10;java.lang.Thread.State: TIMED_WAITING&#10;        at java.base@21.0.6/jdk.internal.misc.Unsafe.park(Native Method)&#10;        at java.base@21.0.6/java.util.concurrent.locks.LockSupport.parkNanos(LockSupport.java:269)&#10;        at java.base@21.0.6/java.util.concurrent.locks.AbstractQueuedSynchronizer$ConditionObject.awaitNanos(AbstractQueuedSynchronizer.java:1763)&#10;        at java.base@21.0.6/java.util.concurrent.LinkedBlockingQueue.poll(LinkedBlockingQueue.java:460)&#10;        at app//org.apache.hadoop.ipc.CallQueueManager.take(CallQueueManager.java:370)&#10;        at app//org.apache.hadoop.ipc.Server$Handler.run(Server.java:3165)&#10;&quot;IPC Server handler 73 on default port 15001&quot; daemon prio=5 tid=291 timed_waiting&#10;java.lang.Thread.State: TIMED_WAITING&#10;        at java.base@21.0.6/jdk.internal.misc.Unsafe.park(Native Method)&#10;        at java.base@21.0.6/java.util.concurrent.locks.LockSupport.parkNanos(LockSupport.java:269)&#10;        at java.base@21.0.6/java.util.concurrent.locks.AbstractQueuedSynchronizer$ConditionObject.awaitNanos(AbstractQueuedSynchronizer.java:1763)&#10;        at java.base@21.0.6/java.util.concurrent.LinkedBlockingQueue.poll(LinkedBlockingQueue.java:460)&#10;        at app//org.apache.hadoop.ipc.CallQueueManager.take(CallQueueManager.java:370)&#10;        at app//org.apache.hadoop.ipc.Server$Handler.run(Server.java:3165)&#10;&quot;Socket Reader #7 for port 15001&quot;  prio=5 tid=80 runnable&#10;java.lang.Thread.State: RUNNABLE&#10;        at java.base@21.0.6/sun.nio.ch.EPoll.wait(Native Method)&#10;        at java.base@21.0.6/sun.nio.ch.EPollSelectorImpl.doSelect(EPollSelectorImpl.java:121)&#10;        at java.base@21.0.6/sun.nio.ch.SelectorImpl.lockAndDoSelect(SelectorImpl.java:130)&#10;        at java.base@21.0.6/sun.nio.ch.SelectorImpl.select(SelectorImpl.java:147)&#10;        at app//org.apache.hadoop.ipc.Server$Listener$Reader.doRunLoop(Server.java:1497)&#10;        at app//org.apache.hadoop.ipc.Server$Listener$Reader.run(Server.java:1476)&#10;&quot;IPC Server handler 50 on default port 15001&quot; daemon prio=5 tid=268 timed_waiting&#10;java.lang.Thread.State: TIMED_WAITING&#10;        at java.base@21.0.6/jdk.internal.misc.Unsafe.park(Native Method)&#10;        at java.base@21.0.6/java.util.concurrent.locks.LockSupport.parkNanos(LockSupport.java:269)&#10;        at java.base@21.0.6/java.util.concurrent.locks.AbstractQueuedSynchronizer$ConditionObject.awaitNanos(AbstractQueuedSynchronizer.java:1763)&#10;        at java.base@21.0.6/java.util.concurrent.LinkedBlockingQueue.poll(LinkedBlockingQueue.java:460)&#10;        at app//org.apache.hadoop.ipc.CallQueueManager.take(CallQueueManager.java:370)&#10;        at app//org.apache.hadoop.ipc.Server$Handler.run(Server.java:3165)&#10;&quot;d6a19b8b-82a2-4947-8b44-7228be6ad053-DatanodeReportManager-0&quot; daemon prio=5 tid=718 in Object.wait()&#10;java.lang.Thread.State: WAITING (on object monitor)&#10;        at java.base@21.0.6/jdk.internal.misc.Unsafe.park(Native Method)&#10;        at java.base@21.0.6/java.util.concurrent.locks.LockSupport.park(LockSupport.java:371)&#10;        at java.base@21.0.6/java.util.concurrent.locks.AbstractQueuedSynchronizer$ConditionNode.block(AbstractQueuedSynchronizer.java:519)&#10;        at java.base@21.0.6/java.util.concurrent.ForkJoinPool.unmanagedBlock(ForkJoinPool.java:3780)&#10;        at java.base@21.0.6/java.util.concurrent.ForkJoinPool.managedBlock(ForkJoinPool.java:3725)&#10;        at java.base@21.0.6/java.util.concurrent.locks.AbstractQueuedSynchronizer$ConditionObject.await(AbstractQueuedSynchronizer.java:1712)&#10;        at java.base@21.0.6/java.util.concurrent.ScheduledThreadPoolExecutor$DelayedWorkQueue.take(ScheduledThreadPoolExecutor.java:1177)&#10;        at java.base@21.0.6/java.util.concurrent.ScheduledThreadPoolExecutor$DelayedWorkQueue.take(ScheduledThreadPoolExecutor.java:899)&#10;        at java.base@21.0.6/java.util.concurrent.ThreadPoolExecutor.getTask(ThreadPoolExecutor.java:1070)&#10;        at java.base@21.0.6/java.util.concurrent.ThreadPoolExecutor.runWorker(ThreadPoolExecutor.java:1130)&#10;        at java.base@21.0.6/java.util.concurrent.ThreadPoolExecutor$Worker.run(ThreadPoolExecutor.java:642)&#10;        at java.base@21.0.6/java.lang.Thread.runWith(Thread.java:1596)&#10;        at java.base@21.0.6/java.lang.Thread.run(Thread.java:1583)&#10;&quot;surefire-process-checker&quot; daemon prio=5 tid=26 timed_waiting&#10;java.lang.Thread.State: TIMED_WAITING&#10;        at java.base@21.0.6/jdk.internal.misc.Unsafe.park(Native Method)&#10;        at java.base@21.0.6/java.util.concurrent.locks.LockSupport.parkNanos(LockSupport.java:269)&#10;        at java.base@21.0.6/java.util.concurrent.locks.AbstractQueuedSynchronizer$ConditionObject.awaitNanos(AbstractQueuedSynchronizer.java:1763)&#10;        at java.base@21.0.6/java.util.concurrent.ScheduledThreadPoolExecutor$DelayedWorkQueue.take(ScheduledThreadPoolExecutor.java:1182)&#10;        at java.base@21.0.6/java.util.concurrent.ScheduledThreadPoolExecutor$DelayedWorkQueue.take(ScheduledThreadPoolExecutor.java:899)&#10;        at java.base@21.0.6/java.util.concurrent.ThreadPoolExecutor.getTask(ThreadPoolExecutor.java:1070)&#10;        at java.base@21.0.6/java.util.concurrent.ThreadPoolExecutor.runWorker(ThreadPoolExecutor.java:1130)&#10;        at java.base@21.0.6/java.util.concurrent.ThreadPoolExecutor$Worker.run(ThreadPoolExecutor.java:642)&#10;        at java.base@21.0.6/java.lang.Thread.runWith(Thread.java:1596)&#10;        at java.base@21.0.6/java.lang.Thread.run(Thread.java:1583)&#10;&quot;Socket Reader #2 for port 15001&quot;  prio=5 tid=75 runnable&#10;java.lang.Thread.State: RUNNABLE&#10;        at java.base@21.0.6/sun.nio.ch.EPoll.wait(Native Method)&#10;        at java.base@21.0.6/sun.nio.ch.EPollSelectorImpl.doSelect(EPollSelectorImpl.java:121)&#10;        at java.base@21.0.6/sun.nio.ch.SelectorImpl.lockAndDoSelect(SelectorImpl.java:130)&#10;        at java.base@21.0.6/sun.nio.ch.SelectorImpl.select(SelectorImpl.java:147)&#10;        at app//org.apache.hadoop.ipc.Server$Listener$Reader.doRunLoop(Server.java:1497)&#10;        at app//org.apache.hadoop.ipc.Server$Listener$Reader.run(Server.java:1476)&#10;&quot;IPC Server handler 97 on default port 15000&quot; daemon prio=5 tid=215 timed_waiting&#10;java.lang.Thread.State: TIMED_WAITING&#10;        at java.base@21.0.6/jdk.internal.misc.Unsafe.park(Native Method)&#10;        at java.base@21.0.6/java.util.concurrent.locks.LockSupport.parkNanos(LockSupport.java:269)&#10;        at java.base@21.0.6/java.util.concurrent.locks.AbstractQueuedSynchronizer$ConditionObject.awaitNanos(AbstractQueuedSynchronizer.java:1763)&#10;        at java.base@21.0.6/java.util.concurrent.LinkedBlockingQueue.poll(LinkedBlockingQueue.java:460)&#10;        at app//org.apache.hadoop.ipc.CallQueueManager.take(CallQueueManager.java:370)&#10;        at app//org.apache.hadoop.ipc.Server$Handler.run(Server.java:3165)&#10;&quot;IPC Server Responder&quot; daemon prio=5 tid=589 runnable&#10;java.lang.Thread.State: RUNNABLE&#10;        at java.base@21.0.6/sun.nio.ch.EPoll.wait(Native Method)&#10;        at java.base@21.0.6/sun.nio.ch.EPollSelectorImpl.doSelect(EPollSelectorImpl.java:121)&#10;        at java.base@21.0.6/sun.nio.ch.SelectorImpl.lockAndDoSelect(SelectorImpl.java:130)&#10;        at java.base@21.0.6/sun.nio.ch.SelectorImpl.select(SelectorImpl.java:142)&#10;        at app//org.apache.hadoop.ipc.Server$Responder.doRunLoop(Server.java:1733)&#10;        at app//org.apache.hadoop.ipc.Server$Responder.run(Server.java:1716)&#10;&quot;IPC Server handler 74 on default port 15001&quot; daemon prio=5 tid=292 timed_waiting&#10;java.lang.Thread.State: TIMED_WAITING&#10;        at java.base@21.0.6/jdk.internal.misc.Unsafe.park(Native Method)&#10;        at java.base@21.0.6/java.util.concurrent.locks.LockSupport.parkNanos(LockSupport.java:269)&#10;        at java.base@21.0.6/java.util.concurrent.locks.AbstractQueuedSynchronizer$ConditionObject.awaitNanos(AbstractQueuedSynchronizer.java:1763)&#10;        at java.base@21.0.6/java.util.concurrent.LinkedBlockingQueue.poll(LinkedBlockingQueue.java:460)&#10;        at app//org.apache.hadoop.ipc.CallQueueManager.take(CallQueueManager.java:370)&#10;        at app//org.apache.hadoop.ipc.Server$Handler.run(Server.java:3165)&#10;&quot;a6bf55e3-38e4-411e-ac0b-5acdb6a35656@group-C713F1B5C815-LeaderStateImpl&quot; daemon prio=5 tid=1027 timed_waiting&#10;java.lang.Thread.State: TIMED_WAITING&#10;        at java.base@21.0.6/jdk.internal.misc.Unsafe.park(Native Method)&#10;        at java.base@21.0.6/java.util.concurrent.locks.LockSupport.parkNanos(LockSupport.java:269)&#10;        at java.base@21.0.6/java.util.concurrent.locks.AbstractQueuedSynchronizer$ConditionObject.awaitNanos(AbstractQueuedSynchronizer.java:1763)&#10;        at java.base@21.0.6/java.util.concurrent.ArrayBlockingQueue.poll(ArrayBlockingQueue.java:435)&#10;        at app//org.apache.ratis.server.impl.LeaderStateImpl$EventQueue.poll(LeaderStateImpl.java:164)&#10;        at app//org.apache.ratis.server.impl.LeaderStateImpl$EventProcessor.run(LeaderStateImpl.java:763)&#10;&quot;IPC Server handler 57 on default port 15000&quot; daemon prio=5 tid=175 timed_waiting&#10;java.lang.Thread.State: TIMED_WAITING&#10;        at java.base@21.0.6/jdk.internal.misc.Unsafe.park(Native Method)&#10;        at java.base@21.0.6/java.util.concurrent.locks.LockSupport.parkNanos(LockSupport.java:269)&#10;        at java.base@21.0.6/java.util.concurrent.locks.AbstractQueuedSynchronizer$ConditionObject.awaitNanos(AbstractQueuedSynchronizer.java:1763)&#10;        at java.base@21.0.6/java.util.concurrent.LinkedBlockingQueue.poll(LinkedBlockingQueue.java:460)&#10;        at app//org.apache.hadoop.ipc.CallQueueManager.take(CallQueueManager.java:370)&#10;        at app//org.apache.hadoop.ipc.Server$Handler.run(Server.java:3165)&#10;&quot;qtp1419970068-673&quot; daemon prio=5 tid=673 timed_waiting&#10;java.lang.Thread.State: TIMED_WAITING&#10;        at java.base@21.0.6/jdk.internal.misc.Unsafe.park(Native Method)&#10;        at java.base@21.0.6/java.util.concurrent.locks.LockSupport.parkNanos(LockSupport.java:269)&#10;        at java.base@21.0.6/java.util.concurrent.locks.AbstractQueuedSynchronizer$ConditionObject.awaitNanos(AbstractQueuedSynchronizer.java:1763)&#10;        at app//org.eclipse.jetty.util.BlockingArrayQueue.poll(BlockingArrayQueue.java:382)&#10;        at app//org.eclipse.jetty.util.thread.QueuedThreadPool$Runner.idleJobPoll(QueuedThreadPool.java:974)&#10;        at app//org.eclipse.jetty.util.thread.QueuedThreadPool$Runner.run(QueuedThreadPool.java:1018)&#10;        at java.base@21.0.6/java.lang.Thread.runWith(Thread.java:1596)&#10;        at java.base@21.0.6/java.lang.Thread.run(Thread.java:1583)&#10;&quot;IPC Server handler 5 on default port 15006&quot; daemon prio=5 tid=500 timed_waiting&#10;java.lang.Thread.State: TIMED_WAITING&#10;        at java.base@21.0.6/jdk.internal.misc.Unsafe.park(Native Method)&#10;        at java.base@21.0.6/java.util.concurrent.locks.LockSupport.parkNanos(LockSupport.java:269)&#10;        at java.base@21.0.6/java.util.concurrent.locks.AbstractQueuedSynchronizer$ConditionObject.awaitNanos(AbstractQueuedSynchronizer.java:1763)&#10;        at java.base@21.0.6/java.util.concurrent.LinkedBlockingQueue.poll(LinkedBlockingQueue.java:460)&#10;        at app//org.apache.hadoop.ipc.CallQueueManager.take(CallQueueManager.java:370)&#10;        at app//org.apache.hadoop.ipc.Server$Handler.run(Server.java:3165)&#10;&quot;qtp596278845-323-acceptor-0@66ba526c-ServerConnector@4be5b9b1{HTTP/1.1, (http/1.1)}{0.0.0.0:15003}&quot; daemon prio=3 tid=323 runnable&#10;java.lang.Thread.State: RUNNABLE&#10;        at java.base@21.0.6/sun.nio.ch.Net.accept(Native Method)&#10;        at java.base@21.0.6/sun.nio.ch.ServerSocketChannelImpl.implAccept(ServerSocketChannelImpl.java:433)&#10;        at java.base@21.0.6/sun.nio.ch.ServerSocketChannelImpl.accept(ServerSocketChannelImpl.java:399)&#10;        at app//org.eclipse.jetty.server.ServerConnector.accept(ServerConnector.java:388)&#10;        at app//org.eclipse.jetty.server.AbstractConnector$Acceptor.run(AbstractConnector.java:704)&#10;        at app//org.eclipse.jetty.util.thread.QueuedThreadPool.runJob(QueuedThreadPool.java:883)&#10;        at app//org.eclipse.jetty.util.thread.QueuedThreadPool$Runner.run(QueuedThreadPool.java:1034)&#10;        at java.base@21.0.6/java.lang.Thread.runWith(Thread.java:1596)&#10;        at java.base@21.0.6/java.lang.Thread.run(Thread.java:1583)&#10;&quot;IPC Server handler 68 on default port 15000&quot; daemon prio=5 tid=186 timed_waiting&#10;java.lang.Thread.State: TIMED_WAITING&#10;        at java.base@21.0.6/jdk.internal.misc.Unsafe.park(Native Method)&#10;        at java.base@21.0.6/java.util.concurrent.locks.LockSupport.parkNanos(LockSupport.java:269)&#10;        at java.base@21.0.6/java.util.concurrent.locks.AbstractQueuedSynchronizer$ConditionObject.awaitNanos(AbstractQueuedSynchronizer.java:1763)&#10;        at java.base@21.0.6/java.util.concurrent.LinkedBlockingQueue.poll(LinkedBlockingQueue.java:460)&#10;        at app//org.apache.hadoop.ipc.CallQueueManager.take(CallQueueManager.java:370)&#10;        at app//org.apache.hadoop.ipc.Server$Handler.run(Server.java:3165)&#10;&quot;IPC Server handler 41 on default port 15000&quot; daemon prio=5 tid=159 timed_waiting&#10;java.lang.Thread.State: TIMED_WAITING&#10;        at java.base@21.0.6/jdk.internal.misc.Unsafe.park(Native Method)&#10;        at java.base@21.0.6/java.util.concurrent.locks.LockSupport.parkNanos(LockSupport.java:269)&#10;        at java.base@21.0.6/java.util.concurrent.locks.AbstractQueuedSynchronizer$ConditionObject.awaitNanos(AbstractQueuedSynchronizer.java:1763)&#10;        at java.base@21.0.6/java.util.concurrent.LinkedBlockingQueue.poll(LinkedBlockingQueue.java:460)&#10;        at app//org.apache.hadoop.ipc.CallQueueManager.take(CallQueueManager.java:370)&#10;        at app//org.apache.hadoop.ipc.Server$Handler.run(Server.java:3165)&#10;&quot;volumeTable_FullTableCache-Cleanup-0&quot; daemon prio=5 tid=437 timed_waiting&#10;java.lang.Thread.State: TIMED_WAITING&#10;        at java.base@21.0.6/jdk.internal.misc.Unsafe.park(Native Method)&#10;        at java.base@21.0.6/java.util.concurrent.locks.LockSupport.parkNanos(LockSupport.java:269)&#10;        at java.base@21.0.6/java.util.concurrent.locks.AbstractQueuedSynchronizer$ConditionObject.awaitNanos(AbstractQueuedSynchronizer.java:1763)&#10;        at java.base@21.0.6/java.util.concurrent.ScheduledThreadPoolExecutor$DelayedWorkQueue.take(ScheduledThreadPoolExecutor.java:1182)&#10;        at java.base@21.0.6/java.util.concurrent.ScheduledThreadPoolExecutor$DelayedWorkQueue.take(ScheduledThreadPoolExecutor.java:899)&#10;        at java.base@21.0.6/java.util.concurrent.ThreadPoolExecutor.getTask(ThreadPoolExecutor.java:1070)&#10;        at java.base@21.0.6/java.util.concurrent.ThreadPoolExecutor.runWorker(ThreadPoolExecutor.java:1130)&#10;        at java.base@21.0.6/java.util.concurrent.ThreadPoolExecutor$Worker.run(ThreadPoolExecutor.java:642)&#10;        at java.base@21.0.6/java.lang.Thread.runWith(Thread.java:1596)&#10;        at java.base@21.0.6/java.lang.Thread.run(Thread.java:1583)&#10;&quot;a6bf55e3-38e4-411e-ac0b-5acdb6a35656-DataNodeDiskCheckerThread-0&quot; daemon prio=5 tid=783 timed_waiting&#10;java.lang.Thread.State: TIMED_WAITING&#10;        at java.base@21.0.6/jdk.internal.misc.Unsafe.park(Native Method)&#10;        at java.base@21.0.6/java.util.concurrent.locks.LockSupport.parkNanos(LockSupport.java:410)&#10;        at java.base@21.0.6/java.util.concurrent.LinkedTransferQueue$DualNode.await(LinkedTransferQueue.java:452)&#10;        at java.base@21.0.6/java.util.concurrent.SynchronousQueue$Transferer.xferLifo(SynchronousQueue.java:194)&#10;        at java.base@21.0.6/java.util.concurrent.SynchronousQueue.xfer(SynchronousQueue.java:235)&#10;        at java.base@21.0.6/java.util.concurrent.SynchronousQueue.poll(SynchronousQueue.java:338)&#10;        at java.base@21.0.6/java.util.concurrent.ThreadPoolExecutor.getTask(ThreadPoolExecutor.java:1069)&#10;        at java.base@21.0.6/java.util.concurrent.ThreadPoolExecutor.runWorker(ThreadPoolExecutor.java:1130)&#10;        at java.base@21.0.6/java.util.concurrent.ThreadPoolExecutor$Worker.run(ThreadPoolExecutor.java:642)&#10;        at java.base@21.0.6/java.lang.Thread.runWith(Thread.java:1596)&#10;        at java.base@21.0.6/java.lang.Thread.run(Thread.java:1583)&#10;&quot;IPC Server handler 2 on default port 15035&quot; daemon prio=5 tid=709 timed_waiting&#10;java.lang.Thread.State: TIMED_WAITING&#10;        at java.base@21.0.6/jdk.internal.misc.Unsafe.park(Native Method)&#10;        at java.base@21.0.6/java.util.concurrent.locks.LockSupport.parkNanos(LockSupport.java:269)&#10;        at java.base@21.0.6/java.util.concurrent.locks.AbstractQueuedSynchronizer$ConditionObject.awaitNanos(AbstractQueuedSynchronizer.java:1763)&#10;        at java.base@21.0.6/java.util.concurrent.LinkedBlockingQueue.poll(LinkedBlockingQueue.java:460)&#10;        at app//org.apache.hadoop.ipc.CallQueueManager.take(CallQueueManager.java:370)&#10;        at app//org.apache.hadoop.ipc.Server$Handler.run(Server.java:3165)&#10;&quot;qtp897209100-572&quot; daemon prio=5 tid=572 timed_waiting&#10;java.lang.Thread.State: TIMED_WAITING&#10;        at java.base@21.0.6/jdk.internal.misc.Unsafe.park(Native Method)&#10;        at java.base@21.0.6/java.util.concurrent.locks.LockSupport.parkNanos(LockSupport.java:269)&#10;        at java.base@21.0.6/java.util.concurrent.locks.AbstractQueuedSynchronizer$ConditionObject.awaitNanos(AbstractQueuedSynchronizer.java:1763)&#10;        at app//org.eclipse.jetty.util.BlockingArrayQueue.poll(BlockingArrayQueue.java:382)&#10;        at app//org.eclipse.jetty.util.thread.QueuedThreadPool$Runner.idleJobPoll(QueuedThreadPool.java:974)&#10;        at app//org.eclipse.jetty.util.thread.QueuedThreadPool$Runner.run(QueuedThreadPool.java:1018)&#10;        at java.base@21.0.6/java.lang.Thread.runWith(Thread.java:1596)&#10;        at java.base@21.0.6/java.lang.Thread.run(Thread.java:1583)&#10;&quot;timer1&quot; daemon prio=5 tid=978 timed_waiting&#10;java.lang.Thread.State: TIMED_WAITING&#10;        at java.base@21.0.6/java.lang.Object.wait0(Native Method)&#10;        at java.base@21.0.6/java.lang.Object.wait(Object.java:366)&#10;        at java.base@21.0.6/java.util.TimerThread.mainLoop(Timer.java:563)&#10;        at java.base@21.0.6/java.util.TimerThread.run(Timer.java:516)&#10;&quot;IPC Server handler 32 on default port 15000&quot; daemon prio=5 tid=150 timed_waiting&#10;java.lang.Thread.State: TIMED_WAITING&#10;        at java.base@21.0.6/jdk.internal.misc.Unsafe.park(Native Method)&#10;        at java.base@21.0.6/java.util.concurrent.locks.LockSupport.parkNanos(LockSupport.java:269)&#10;        at java.base@21.0.6/java.util.concurrent.locks.AbstractQueuedSynchronizer$ConditionObject.awaitNanos(AbstractQueuedSynchronizer.java:1763)&#10;        at java.base@21.0.6/java.util.concurrent.LinkedBlockingQueue.poll(LinkedBlockingQueue.java:460)&#10;        at app//org.apache.hadoop.ipc.CallQueueManager.take(CallQueueManager.java:370)&#10;        at app//org.apache.hadoop.ipc.Server$Handler.run(Server.java:3165)&#10;&quot;IPC Server handler 48 on default port 15002&quot; daemon prio=5 tid=384 timed_waiting&#10;java.lang.Thread.State: TIMED_WAITING&#10;        at java.base@21.0.6/jdk.internal.misc.Unsafe.park(Native Method)&#10;        at java.base@21.0.6/java.util.concurrent.locks.LockSupport.parkNanos(LockSupport.java:269)&#10;        at java.base@21.0.6/java.util.concurrent.locks.AbstractQueuedSynchronizer$ConditionObject.awaitNanos(AbstractQueuedSynchronizer.java:1763)&#10;        at java.base@21.0.6/java.util.concurrent.LinkedBlockingQueue.poll(LinkedBlockingQueue.java:460)&#10;        at app//org.apache.hadoop.ipc.CallQueueManager.take(CallQueueManager.java:370)&#10;        at app//org.apache.hadoop.ipc.Server$Handler.run(Server.java:3165)&#10;&quot;IPC Server handler 8 on default port 15000&quot; daemon prio=5 tid=126 timed_waiting&#10;java.lang.Thread.State: TIMED_WAITING&#10;        at java.base@21.0.6/jdk.internal.misc.Unsafe.park(Native Method)&#10;        at java.base@21.0.6/java.util.concurrent.locks.LockSupport.parkNanos(LockSupport.java:269)&#10;        at java.base@21.0.6/java.util.concurrent.locks.AbstractQueuedSynchronizer$ConditionObject.awaitNanos(AbstractQueuedSynchronizer.java:1763)&#10;        at java.base@21.0.6/java.util.concurrent.LinkedBlockingQueue.poll(LinkedBlockingQueue.java:460)&#10;        at app//org.apache.hadoop.ipc.CallQueueManager.take(CallQueueManager.java:370)&#10;        at app//org.apache.hadoop.ipc.Server$Handler.run(Server.java:3165)&#10;&quot;IPC Server handler 41 on default port 15002&quot; daemon prio=5 tid=377 timed_waiting&#10;java.lang.Thread.State: TIMED_WAITING&#10;        at java.base@21.0.6/jdk.internal.misc.Unsafe.park(Native Method)&#10;        at java.base@21.0.6/java.util.concurrent.locks.LockSupport.parkNanos(LockSupport.java:269)&#10;        at java.base@21.0.6/java.util.concurrent.locks.AbstractQueuedSynchronizer$ConditionObject.awaitNanos(AbstractQueuedSynchronizer.java:1763)&#10;        at java.base@21.0.6/java.util.concurrent.LinkedBlockingQueue.poll(LinkedBlockingQueue.java:460)&#10;        at app//org.apache.hadoop.ipc.CallQueueManager.take(CallQueueManager.java:370)&#10;        at app//org.apache.hadoop.ipc.Server$Handler.run(Server.java:3165)&#10;&quot;surefire-forkedjvm-ping-30s&quot; daemon prio=5 tid=27 timed_waiting&#10;java.lang.Thread.State: TIMED_WAITING&#10;        at java.base@21.0.6/jdk.internal.misc.Unsafe.park(Native Method)&#10;        at java.base@21.0.6/java.util.concurrent.locks.LockSupport.parkNanos(LockSupport.java:269)&#10;        at java.base@21.0.6/java.util.concurrent.locks.AbstractQueuedSynchronizer$ConditionObject.awaitNanos(AbstractQueuedSynchronizer.java:1763)&#10;        at java.base@21.0.6/java.util.concurrent.ScheduledThreadPoolExecutor$DelayedWorkQueue.take(ScheduledThreadPoolExecutor.java:1182)&#10;        at java.base@21.0.6/java.util.concurrent.ScheduledThreadPoolExecutor$DelayedWorkQueue.take(ScheduledThreadPoolExecutor.java:899)&#10;        at java.base@21.0.6/java.util.concurrent.ThreadPoolExecutor.getTask(ThreadPoolExecutor.java:1070)&#10;        at java.base@21.0.6/java.util.concurrent.ThreadPoolExecutor.runWorker(ThreadPoolExecutor.java:1130)&#10;        at java.base@21.0.6/java.util.concurrent.ThreadPoolExecutor$Worker.run(ThreadPoolExecutor.java:642)&#10;        at java.base@21.0.6/java.lang.Thread.runWith(Thread.java:1596)&#10;        at java.base@21.0.6/java.lang.Thread.run(Thread.java:1583)&#10;&quot;Socket Reader #8 for port 15006&quot;  prio=5 tid=455 runnable&#10;java.lang.Thread.State: RUNNABLE&#10;        at java.base@21.0.6/sun.nio.ch.EPoll.wait(Native Method)&#10;        at java.base@21.0.6/sun.nio.ch.EPollSelectorImpl.doSelect(EPollSelectorImpl.java:121)&#10;        at java.base@21.0.6/sun.nio.ch.SelectorImpl.lockAndDoSelect(SelectorImpl.java:130)&#10;        at java.base@21.0.6/sun.nio.ch.SelectorImpl.select(SelectorImpl.java:147)&#10;        at app//org.apache.hadoop.ipc.Server$Listener$Reader.doRunLoop(Server.java:1497)&#10;        at app//org.apache.hadoop.ipc.Server$Listener$Reader.run(Server.java:1476)&#10;&quot;Socket Reader #5 for port 15002&quot;  prio=5 tid=64 runnable&#10;java.lang.Thread.State: RUNNABLE&#10;        at java.base@21.0.6/sun.nio.ch.EPoll.wait(Native Method)&#10;        at java.base@21.0.6/sun.nio.ch.EPollSelectorImpl.doSelect(EPollSelectorImpl.java:121)&#10;        at java.base@21.0.6/sun.nio.ch.SelectorImpl.lockAndDoSelect(SelectorImpl.java:130)&#10;        at java.base@21.0.6/sun.nio.ch.SelectorImpl.select(SelectorImpl.java:147)&#10;        at app//org.apache.hadoop.ipc.Server$Listener$Reader.doRunLoop(Server.java:1497)&#10;        at app//org.apache.hadoop.ipc.Server$Listener$Reader.run(Server.java:1476)&#10;&quot;d6a19b8b-82a2-4947-8b44-7228be6ad053-DatanodeStateMachineDaemonThread&quot; daemon prio=5 tid=717 timed_waiting&#10;java.lang.Thread.State: TIMED_WAITING&#10;        at java.base@21.0.6/java.lang.Thread.sleep0(Native Method)&#10;        at java.base@21.0.6/java.lang.Thread.sleep(Thread.java:509)&#10;        at app//org.apache.hadoop.ozone.container.common.statemachine.DatanodeStateMachine.startStateMachineThread(DatanodeStateMachine.java:361)&#10;        at app//org.apache.hadoop.ozone.container.common.statemachine.DatanodeStateMachine.lambda$startDaemon$1(DatanodeStateMachine.java:547)&#10;        at app//org.apache.hadoop.ozone.container.common.statemachine.DatanodeStateMachine$$Lambda/0x00007fd0ac80bb60.run(Unknown Source)&#10;        at java.base@21.0.6/java.lang.Thread.runWith(Thread.java:1596)&#10;        at java.base@21.0.6/java.lang.Thread.run(Thread.java:1583)&#10;&quot;93cc9901-be1a-45f5-9681-0d93e627c426@group-9CF72A0E49C3-LeaderStateImpl&quot; daemon prio=5 tid=965 timed_waiting&#10;java.lang.Thread.State: TIMED_WAITING&#10;        at java.base@21.0.6/jdk.internal.misc.Unsafe.park(Native Method)&#10;        at java.base@21.0.6/java.util.concurrent.locks.LockSupport.parkNanos(LockSupport.java:269)&#10;        at java.base@21.0.6/java.util.concurrent.locks.AbstractQueuedSynchronizer$ConditionObject.awaitNanos(AbstractQueuedSynchronizer.java:1763)&#10;        at java.base@21.0.6/java.util.concurrent.ArrayBlockingQueue.poll(ArrayBlockingQueue.java:435)&#10;        at app//org.apache.ratis.server.impl.LeaderStateImpl$EventQueue.poll(LeaderStateImpl.java:164)&#10;        at app//org.apache.ratis.server.impl.LeaderStateImpl$EventProcessor.run(LeaderStateImpl.java:763)&#10;&quot;a6bf55e3-38e4-411e-ac0b-5acdb6a35656-RocksDBCompactionThread-0&quot;  prio=5 tid=609 timed_waiting&#10;java.lang.Thread.State: TIMED_WAITING&#10;        at java.base@21.0.6/jdk.internal.misc.Unsafe.park(Native Method)&#10;        at java.base@21.0.6/java.util.concurrent.locks.LockSupport.parkNanos(LockSupport.java:269)&#10;        at java.base@21.0.6/java.util.concurrent.locks.AbstractQueuedSynchronizer$ConditionObject.awaitNanos(AbstractQueuedSynchronizer.java:1763)&#10;        at java.base@21.0.6/java.util.concurrent.ScheduledThreadPoolExecutor$DelayedWorkQueue.take(ScheduledThreadPoolExecutor.java:1182)&#10;        at java.base@21.0.6/java.util.concurrent.ScheduledThreadPoolExecutor$DelayedWorkQueue.take(ScheduledThreadPoolExecutor.java:899)&#10;        at java.base@21.0.6/java.util.concurrent.ThreadPoolExecutor.getTask(ThreadPoolExecutor.java:1070)&#10;        at java.base@21.0.6/java.util.concurrent.ThreadPoolExecutor.runWorker(ThreadPoolExecutor.java:1130)&#10;        at java.base@21.0.6/java.util.concurrent.ThreadPoolExecutor$Worker.run(ThreadPoolExecutor.java:642)&#10;        at java.base@21.0.6/java.lang.Thread.runWith(Thread.java:1596)&#10;        at java.base@21.0.6/java.lang.Thread.run(Thread.java:1583)&#10;&quot;IPC Server handler 37 on default port 15001&quot; daemon prio=5 tid=255 timed_waiting&#10;java.lang.Thread.State: TIMED_WAITING&#10;        at java.base@21.0.6/jdk.internal.misc.Unsafe.park(Native Method)&#10;        at java.base@21.0.6/java.util.concurrent.locks.LockSupport.parkNanos(LockSupport.java:269)&#10;        at java.base@21.0.6/java.util.concurrent.locks.AbstractQueuedSynchronizer$ConditionObject.awaitNanos(AbstractQueuedSynchronizer.java:1763)&#10;        at java.base@21.0.6/java.util.concurrent.LinkedBlockingQueue.poll(LinkedBlockingQueue.java:460)&#10;        at app//org.apache.hadoop.ipc.CallQueueManager.take(CallQueueManager.java:370)&#10;        at app//org.apache.hadoop.ipc.Server$Handler.run(Server.java:3165)&#10;&quot;IPC Server handler 2 on default port 15006&quot; daemon prio=5 tid=497 timed_waiting&#10;java.lang.Thread.State: TIMED_WAITING&#10;        at java.base@21.0.6/jdk.internal.misc.Unsafe.park(Native Method)&#10;        at java.base@21.0.6/java.util.concurrent.locks.LockSupport.parkNanos(LockSupport.java:269)&#10;        at java.base@21.0.6/java.util.concurrent.locks.AbstractQueuedSynchronizer$ConditionObject.awaitNanos(AbstractQueuedSynchronizer.java:1763)&#10;        at java.base@21.0.6/java.util.concurrent.LinkedBlockingQueue.poll(LinkedBlockingQueue.java:460)&#10;        at app//org.apache.hadoop.ipc.CallQueueManager.take(CallQueueManager.java:370)&#10;        at app//org.apache.hadoop.ipc.Server$Handler.run(Server.java:3165)&#10;&quot;IPC Server handler 3 on default port 15035&quot; daemon prio=5 tid=710 timed_waiting&#10;java.lang.Thread.State: TIMED_WAITING&#10;        at java.base@21.0.6/jdk.internal.misc.Unsafe.park(Native Method)&#10;        at java.base@21.0.6/java.util.concurrent.locks.LockSupport.parkNanos(LockSupport.java:269)&#10;        at java.base@21.0.6/java.util.concurrent.locks.AbstractQueuedSynchronizer$ConditionObject.awaitNanos(AbstractQueuedSynchronizer.java:1763)&#10;        at java.base@21.0.6/java.util.concurrent.LinkedBlockingQueue.poll(LinkedBlockingQueue.java:460)&#10;        at app//org.apache.hadoop.ipc.CallQueueManager.take(CallQueueManager.java:370)&#10;        at app//org.apache.hadoop.ipc.Server$Handler.run(Server.java:3165)&#10;&quot;IPC Server handler 52 on default port 15002&quot; daemon prio=5 tid=388 timed_waiting&#10;java.lang.Thread.State: TIMED_WAITING&#10;        at java.base@21.0.6/jdk.internal.misc.Unsafe.park(Native Method)&#10;        at java.base@21.0.6/java.util.concurrent.locks.LockSupport.parkNanos(LockSupport.java:269)&#10;        at java.base@21.0.6/java.util.concurrent.locks.AbstractQueuedSynchronizer$ConditionObject.awaitNanos(AbstractQueuedSynchronizer.java:1763)&#10;        at java.base@21.0.6/java.util.concurrent.LinkedBlockingQueue.poll(LinkedBlockingQueue.java:460)&#10;        at app//org.apache.hadoop.ipc.CallQueueManager.take(CallQueueManager.java:370)&#10;        at app//org.apache.hadoop.ipc.Server$Handler.run(Server.java:3165)&#10;&quot;a6bf55e3-38e4-411e-ac0b-5acdb6a35656-impl-thread1&quot;  prio=5 tid=611 timed_waiting&#10;java.lang.Thread.State: TIMED_WAITING&#10;        at java.base@21.0.6/jdk.internal.misc.Unsafe.park(Native Method)&#10;        at java.base@21.0.6/java.util.concurrent.locks.LockSupport.parkNanos(LockSupport.java:410)&#10;        at java.base@21.0.6/java.util.concurrent.LinkedTransferQueue$DualNode.await(LinkedTransferQueue.java:452)&#10;        at java.base@21.0.6/java.util.concurrent.SynchronousQueue$Transferer.xferLifo(SynchronousQueue.java:194)&#10;        at java.base@21.0.6/java.util.concurrent.SynchronousQueue.xfer(SynchronousQueue.java:235)&#10;        at java.base@21.0.6/java.util.concurrent.SynchronousQueue.poll(SynchronousQueue.java:338)&#10;        at java.base@21.0.6/java.util.concurrent.ThreadPoolExecutor.getTask(ThreadPoolExecutor.java:1069)&#10;        at java.base@21.0.6/java.util.concurrent.ThreadPoolExecutor.runWorker(ThreadPoolExecutor.java:1130)&#10;        at java.base@21.0.6/java.util.concurrent.ThreadPoolExecutor$Worker.run(ThreadPoolExecutor.java:642)&#10;        at java.base@21.0.6/java.lang.Thread.runWith(Thread.java:1596)&#10;        at java.base@21.0.6/java.lang.Thread.run(Thread.java:1583)&#10;&quot;IPC Server handler 59 on default port 15001&quot; daemon prio=5 tid=277 timed_waiting&#10;java.lang.Thread.State: TIMED_WAITING&#10;        at java.base@21.0.6/jdk.internal.misc.Unsafe.park(Native Method)&#10;        at java.base@21.0.6/java.util.concurrent.locks.LockSupport.parkNanos(LockSupport.java:269)&#10;        at java.base@21.0.6/java.util.concurrent.locks.AbstractQueuedSynchronizer$ConditionObject.awaitNanos(AbstractQueuedSynchronizer.java:1763)&#10;        at java.base@21.0.6/java.util.concurrent.LinkedBlockingQueue.poll(LinkedBlockingQueue.java:460)&#10;        at app//org.apache.hadoop.ipc.CallQueueManager.take(CallQueueManager.java:370)&#10;        at app//org.apache.hadoop.ipc.Server$Handler.run(Server.java:3165)&#10;&quot;IPC Server handler 90 on default port 15002&quot; daemon prio=5 tid=426 timed_waiting&#10;java.lang.Thread.State: TIMED_WAITING&#10;        at java.base@21.0.6/jdk.internal.misc.Unsafe.park(Native Method)&#10;        at java.base@21.0.6/java.util.concurrent.locks.LockSupport.parkNanos(LockSupport.java:269)&#10;        at java.base@21.0.6/java.util.concurrent.locks.AbstractQueuedSynchronizer$ConditionObject.awaitNanos(AbstractQueuedSynchronizer.java:1763)&#10;        at java.base@21.0.6/java.util.concurrent.LinkedBlockingQueue.poll(LinkedBlockingQueue.java:460)&#10;        at app//org.apache.hadoop.ipc.CallQueueManager.take(CallQueueManager.java:370)&#10;        at app//org.apache.hadoop.ipc.Server$Handler.run(Server.java:3165)&#10;&quot;Session-HouseKeeper-21775abc-1&quot;  prio=5 tid=494 timed_waiting&#10;java.lang.Thread.State: TIMED_WAITING&#10;        at java.base@21.0.6/jdk.internal.misc.Unsafe.park(Native Method)&#10;        at java.base@21.0.6/java.util.concurrent.locks.LockSupport.parkNanos(LockSupport.java:269)&#10;        at java.base@21.0.6/java.util.concurrent.locks.AbstractQueuedSynchronizer$ConditionObject.awaitNanos(AbstractQueuedSynchronizer.java:1763)&#10;        at java.base@21.0.6/java.util.concurrent.ScheduledThreadPoolExecutor$DelayedWorkQueue.take(ScheduledThreadPoolExecutor.java:1182)&#10;        at java.base@21.0.6/java.util.concurrent.ScheduledThreadPoolExecutor$DelayedWorkQueue.take(ScheduledThreadPoolExecutor.java:899)&#10;        at java.base@21.0.6/java.util.concurrent.ThreadPoolExecutor.getTask(ThreadPoolExecutor.java:1070)&#10;        at java.base@21.0.6/java.util.concurrent.ThreadPoolExecutor.runWorker(ThreadPoolExecutor.java:1130)&#10;        at java.base@21.0.6/java.util.concurrent.ThreadPoolExecutor$Worker.run(ThreadPoolExecutor.java:642)&#10;        at java.base@21.0.6/java.lang.Thread.runWith(Thread.java:1596)&#10;        at java.base@21.0.6/java.lang.Thread.run(Thread.java:1583)&#10;&quot;pool-144-thread-1&quot; daemon prio=5 tid=818 timed_waiting&#10;java.lang.Thread.State: TIMED_WAITING&#10;        at java.base@21.0.6/jdk.internal.misc.Unsafe.park(Native Method)&#10;        at java.base@21.0.6/java.util.concurrent.locks.LockSupport.parkNanos(LockSupport.java:269)&#10;        at java.base@21.0.6/java.util.concurrent.locks.AbstractQueuedSynchronizer$ConditionObject.awaitNanos(AbstractQueuedSynchronizer.java:1763)&#10;        at java.base@21.0.6/java.util.concurrent.ScheduledThreadPoolExecutor$DelayedWorkQueue.take(ScheduledThreadPoolExecutor.java:1182)&#10;        at java.base@21.0.6/java.util.concurrent.ScheduledThreadPoolExecutor$DelayedWorkQueue.take(ScheduledThreadPoolExecutor.java:899)&#10;        at java.base@21.0.6/java.util.concurrent.ThreadPoolExecutor.getTask(ThreadPoolExecutor.java:1070)&#10;        at java.base@21.0.6/java.util.concurrent.ThreadPoolExecutor.runWorker(ThreadPoolExecutor.java:1130)&#10;        at java.base@21.0.6/java.util.concurrent.ThreadPoolExecutor$Worker.run(ThreadPoolExecutor.java:642)&#10;        at java.base@21.0.6/java.lang.Thread.runWith(Thread.java:1596)&#10;        at java.base@21.0.6/java.lang.Thread.run(Thread.java:1583)&#10;&quot;qtp2117639382-493&quot; daemon prio=5 tid=493 timed_waiting&#10;java.lang.Thread.State: TIMED_WAITING&#10;        at java.base@21.0.6/jdk.internal.misc.Unsafe.park(Native Method)&#10;        at java.base@21.0.6/java.util.concurrent.locks.LockSupport.parkNanos(LockSupport.java:269)&#10;        at java.base@21.0.6/java.util.concurrent.locks.AbstractQueuedSynchronizer$ConditionObject.awaitNanos(AbstractQueuedSynchronizer.java:1763)&#10;        at app//org.eclipse.jetty.util.BlockingArrayQueue.poll(BlockingArrayQueue.java:382)&#10;        at app//org.eclipse.jetty.util.thread.QueuedThreadPool$Runner.idleJobPoll(QueuedThreadPool.java:974)&#10;        at app//org.eclipse.jetty.util.thread.QueuedThreadPool$Runner.run(QueuedThreadPool.java:1018)&#10;        at java.base@21.0.6/java.lang.Thread.runWith(Thread.java:1596)&#10;        at java.base@21.0.6/java.lang.Thread.run(Thread.java:1583)&#10;&quot;IPC Server handler 29 on default port 15001&quot; daemon prio=5 tid=247 timed_waiting&#10;java.lang.Thread.State: TIMED_WAITING&#10;        at java.base@21.0.6/jdk.internal.misc.Unsafe.park(Native Method)&#10;        at java.base@21.0.6/java.util.concurrent.locks.LockSupport.parkNanos(LockSupport.java:269)&#10;        at java.base@21.0.6/java.util.concurrent.locks.AbstractQueuedSynchronizer$ConditionObject.awaitNanos(AbstractQueuedSynchronizer.java:1763)&#10;        at java.base@21.0.6/java.util.concurrent.LinkedBlockingQueue.poll(LinkedBlockingQueue.java:460)&#10;        at app//org.apache.hadoop.ipc.CallQueueManager.take(CallQueueManager.java:370)&#10;        at app//org.apache.hadoop.ipc.Server$Handler.run(Server.java:3165)&#10;&quot;IPC Server handler 2 on default port 15027&quot; daemon prio=5 tid=639 timed_waiting&#10;java.lang.Thread.State: TIMED_WAITING&#10;        at java.base@21.0.6/jdk.internal.misc.Unsafe.park(Native Method)&#10;        at java.base@21.0.6/java.util.concurrent.locks.LockSupport.parkNanos(LockSupport.java:269)&#10;        at java.base@21.0.6/java.util.concurrent.locks.AbstractQueuedSynchronizer$ConditionObject.awaitNanos(AbstractQueuedSynchronizer.java:1763)&#10;        at java.base@21.0.6/java.util.concurrent.LinkedBlockingQueue.poll(LinkedBlockingQueue.java:460)&#10;        at app//org.apache.hadoop.ipc.CallQueueManager.take(CallQueueManager.java:370)&#10;        at app//org.apache.hadoop.ipc.Server$Handler.run(Server.java:3165)&#10;&quot;a6bf55e3-38e4-411e-ac0b-5acdb6a35656@group-47C15F12B665-LeaderStateImpl&quot; daemon prio=5 tid=1005 timed_waiting&#10;java.lang.Thread.State: TIMED_WAITING&#10;        at java.base@21.0.6/jdk.internal.misc.Unsafe.park(Native Method)&#10;        at java.base@21.0.6/java.util.concurrent.locks.LockSupport.parkNanos(LockSupport.java:269)&#10;        at java.base@21.0.6/java.util.concurrent.locks.AbstractQueuedSynchronizer$ConditionObject.awaitNanos(AbstractQueuedSynchronizer.java:1763)&#10;        at java.base@21.0.6/java.util.concurrent.ArrayBlockingQueue.poll(ArrayBlockingQueue.java:435)&#10;        at app//org.apache.ratis.server.impl.LeaderStateImpl$EventQueue.poll(LeaderStateImpl.java:164)&#10;        at app//org.apache.ratis.server.impl.LeaderStateImpl$EventProcessor.run(LeaderStateImpl.java:763)&#10;&quot;IPC Server handler 13 on default port 15006&quot; daemon prio=5 tid=508 timed_waiting&#10;java.lang.Thread.State: TIMED_WAITING&#10;        at java.base@21.0.6/jdk.internal.misc.Unsafe.park(Native Method)&#10;        at java.base@21.0.6/java.util.concurrent.locks.LockSupport.parkNanos(LockSupport.java:269)&#10;        at java.base@21.0.6/java.util.concurrent.locks.AbstractQueuedSynchronizer$ConditionObject.awaitNanos(AbstractQueuedSynchronizer.java:1763)&#10;        at java.base@21.0.6/java.util.concurrent.LinkedBlockingQueue.poll(LinkedBlockingQueue.java:460)&#10;        at app//org.apache.hadoop.ipc.CallQueueManager.take(CallQueueManager.java:370)&#10;        at app//org.apache.hadoop.ipc.Server$Handler.run(Server.java:3165)&#10;&quot;IPC Server handler 94 on default port 15002&quot; daemon prio=5 tid=430 timed_waiting&#10;java.lang.Thread.State: TIMED_WAITING&#10;        at java.base@21.0.6/jdk.internal.misc.Unsafe.park(Native Method)&#10;        at java.base@21.0.6/java.util.concurrent.locks.LockSupport.parkNanos(LockSupport.java:269)&#10;        at java.base@21.0.6/java.util.concurrent.locks.AbstractQueuedSynchronizer$ConditionObject.awaitNanos(AbstractQueuedSynchronizer.java:1763)&#10;        at java.base@21.0.6/java.util.concurrent.LinkedBlockingQueue.poll(LinkedBlockingQueue.java:460)&#10;        at app//org.apache.hadoop.ipc.CallQueueManager.take(CallQueueManager.java:370)&#10;        at app//org.apache.hadoop.ipc.Server$Handler.run(Server.java:3165)&#10;&quot;RatisPipelineUtilsThread-0&quot;  prio=5 tid=52 timed_waiting&#10;java.lang.Thread.State: TIMED_WAITING&#10;        at java.base@21.0.6/java.lang.Object.wait0(Native Method)&#10;        at java.base@21.0.6/java.lang.Object.wait(Object.java:366)&#10;        at app//org.apache.hadoop.hdds.scm.pipeline.BackgroundPipelineCreator.run(BackgroundPipelineCreator.java:182)&#10;        at app//org.apache.hadoop.hdds.scm.pipeline.BackgroundPipelineCreator$$Lambda/0x00007fd0ac4bfcc8.run(Unknown Source)&#10;        at java.base@21.0.6/java.lang.Thread.runWith(Thread.java:1596)&#10;        at java.base@21.0.6/java.lang.Thread.run(Thread.java:1583)&#10;&quot;IPC Server handler 5 on default port 15019&quot; daemon prio=5 tid=596 timed_waiting&#10;java.lang.Thread.State: TIMED_WAITING&#10;        at java.base@21.0.6/jdk.internal.misc.Unsafe.park(Native Method)&#10;        at java.base@21.0.6/java.util.concurrent.locks.LockSupport.parkNanos(LockSupport.java:269)&#10;        at java.base@21.0.6/java.util.concurrent.locks.AbstractQueuedSynchronizer$ConditionObject.awaitNanos(AbstractQueuedSynchronizer.java:1763)&#10;        at java.base@21.0.6/java.util.concurrent.LinkedBlockingQueue.poll(LinkedBlockingQueue.java:460)&#10;        at app//org.apache.hadoop.ipc.CallQueueManager.take(CallQueueManager.java:370)&#10;        at app//org.apache.hadoop.ipc.Server$Handler.run(Server.java:3165)&#10;&quot;IPC Server handler 29 on default port 15002&quot; daemon prio=5 tid=365 timed_waiting&#10;java.lang.Thread.State: TIMED_WAITING&#10;        at java.base@21.0.6/jdk.internal.misc.Unsafe.park(Native Method)&#10;        at java.base@21.0.6/java.util.concurrent.locks.LockSupport.parkNanos(LockSupport.java:269)&#10;        at java.base@21.0.6/java.util.concurrent.locks.AbstractQueuedSynchronizer$ConditionObject.awaitNanos(AbstractQueuedSynchronizer.java:1763)&#10;        at java.base@21.0.6/java.util.concurrent.LinkedBlockingQueue.poll(LinkedBlockingQueue.java:460)&#10;        at app//org.apache.hadoop.ipc.CallQueueManager.take(CallQueueManager.java:370)&#10;        at app//org.apache.hadoop.ipc.Server$Handler.run(Server.java:3165)&#10;&quot;IPC Server handler 6 on default port 15043&quot; daemon prio=5 tid=789 timed_waiting&#10;java.lang.Thread.State: TIMED_WAITING&#10;        at java.base@21.0.6/jdk.internal.misc.Unsafe.park(Native Method)&#10;        at java.base@21.0.6/java.util.concurrent.locks.LockSupport.parkNanos(LockSupport.java:269)&#10;        at java.base@21.0.6/java.util.concurrent.locks.AbstractQueuedSynchronizer$ConditionObject.awaitNanos(AbstractQueuedSynchronizer.java:1763)&#10;        at java.base@21.0.6/java.util.concurrent.LinkedBlockingQueue.poll(LinkedBlockingQueue.java:460)&#10;        at app//org.apache.hadoop.ipc.CallQueueManager.take(CallQueueManager.java:370)&#10;        at app//org.apache.hadoop.ipc.Server$Handler.run(Server.java:3165)&#10;&quot;IPC Server handler 32 on default port 15002&quot; daemon prio=5 tid=368 timed_waiting&#10;java.lang.Thread.State: TIMED_WAITING&#10;        at java.base@21.0.6/jdk.internal.misc.Unsafe.park(Native Method)&#10;        at java.base@21.0.6/java.util.concurrent.locks.LockSupport.parkNanos(LockSupport.java:269)&#10;        at java.base@21.0.6/java.util.concurrent.locks.AbstractQueuedSynchronizer$ConditionObject.awaitNanos(AbstractQueuedSynchronizer.java:1763)&#10;        at java.base@21.0.6/java.util.concurrent.LinkedBlockingQueue.poll(LinkedBlockingQueue.java:460)&#10;        at app//org.apache.hadoop.ipc.CallQueueManager.take(CallQueueManager.java:370)&#10;        at app//org.apache.hadoop.ipc.Server$Handler.run(Server.java:3165)&#10;&quot;FixedThreadPoolWithAffinityExecutor-7-0&quot; daemon prio=5 tid=108 timed_waiting&#10;java.lang.Thread.State: TIMED_WAITING&#10;        at java.base@21.0.6/jdk.internal.misc.Unsafe.park(Native Method)&#10;        at java.base@21.0.6/java.util.concurrent.locks.LockSupport.parkNanos(LockSupport.java:269)&#10;        at java.base@21.0.6/java.util.concurrent.locks.AbstractQueuedSynchronizer$ConditionObject.awaitNanos(AbstractQueuedSynchronizer.java:1763)&#10;        at java.base@21.0.6/java.util.concurrent.LinkedBlockingQueue.poll(LinkedBlockingQueue.java:460)&#10;        at app//org.apache.hadoop.hdds.scm.server.ContainerReportQueue.poll(ContainerReportQueue.java:269)&#10;        at app//org.apache.hadoop.hdds.scm.server.ContainerReportQueue.poll(ContainerReportQueue.java:42)&#10;        at app//org.apache.hadoop.hdds.server.events.FixedThreadPoolWithAffinityExecutor$ContainerReportProcessTask.run(FixedThreadPoolWithAffinityExecutor.java:254)&#10;        at java.base@21.0.6/java.util.concurrent.Executors$RunnableAdapter.call(Executors.java:572)&#10;        at java.base@21.0.6/java.util.concurrent.FutureTask.run(FutureTask.java:317)&#10;        at java.base@21.0.6/java.util.concurrent.ThreadPoolExecutor.runWorker(ThreadPoolExecutor.java:1144)&#10;        at java.base@21.0.6/java.util.concurrent.ThreadPoolExecutor$Worker.run(ThreadPoolExecutor.java:642)&#10;        at java.base@21.0.6/java.lang.Thread.runWith(Thread.java:1596)&#10;        at java.base@21.0.6/java.lang.Thread.run(Thread.java:1583)&#10;&quot;IPC Server handler 78 on default port 15000&quot; daemon prio=5 tid=196 timed_waiting&#10;java.lang.Thread.State: TIMED_WAITING&#10;        at java.base@21.0.6/jdk.internal.misc.Unsafe.park(Native Method)&#10;        at java.base@21.0.6/java.util.concurrent.locks.LockSupport.parkNanos(LockSupport.java:269)&#10;        at java.base@21.0.6/java.util.concurrent.locks.AbstractQueuedSynchronizer$ConditionObject.awaitNanos(AbstractQueuedSynchronizer.java:1763)&#10;        at java.base@21.0.6/java.util.concurrent.LinkedBlockingQueue.poll(LinkedBlockingQueue.java:460)&#10;        at app//org.apache.hadoop.ipc.CallQueueManager.take(CallQueueManager.java:370)&#10;        at app//org.apache.hadoop.ipc.Server$Handler.run(Server.java:3165)&#10;&quot;IPC Server handler 30 on default port 15000&quot; daemon prio=5 tid=148 timed_waiting&#10;java.lang.Thread.State: TIMED_WAITING&#10;        at java.base@21.0.6/jdk.internal.misc.Unsafe.park(Native Method)&#10;        at java.base@21.0.6/java.util.concurrent.locks.LockSupport.parkNanos(LockSupport.java:269)&#10;        at java.base@21.0.6/java.util.concurrent.locks.AbstractQueuedSynchronizer$ConditionObject.awaitNanos(AbstractQueuedSynchronizer.java:1763)&#10;        at java.base@21.0.6/java.util.concurrent.LinkedBlockingQueue.poll(LinkedBlockingQueue.java:460)&#10;        at app//org.apache.hadoop.ipc.CallQueueManager.take(CallQueueManager.java:370)&#10;        at app//org.apache.hadoop.ipc.Server$Handler.run(Server.java:3165)&#10;&quot;IPC Server handler 53 on default port 15001&quot; daemon prio=5 tid=271 timed_waiting&#10;java.lang.Thread.State: TIMED_WAITING&#10;        at java.base@21.0.6/jdk.internal.misc.Unsafe.park(Native Method)&#10;        at java.base@21.0.6/java.util.concurrent.locks.LockSupport.parkNanos(LockSupport.java:269)&#10;        at java.base@21.0.6/java.util.concurrent.locks.AbstractQueuedSynchronizer$ConditionObject.awaitNanos(AbstractQueuedSynchronizer.java:1763)&#10;        at java.base@21.0.6/java.util.concurrent.LinkedBlockingQueue.poll(LinkedBlockingQueue.java:460)&#10;        at app//org.apache.hadoop.ipc.CallQueueManager.take(CallQueueManager.java:370)&#10;        at app//org.apache.hadoop.ipc.Server$Handler.run(Server.java:3165)&#10;&quot;IPC Server handler 1 on default port 15000&quot; daemon prio=5 tid=119 timed_waiting&#10;java.lang.Thread.State: TIMED_WAITING&#10;        at java.base@21.0.6/jdk.internal.misc.Unsafe.park(Native Method)&#10;        at java.base@21.0.6/java.util.concurrent.locks.LockSupport.parkNanos(LockSupport.java:269)&#10;        at java.base@21.0.6/java.util.concurrent.locks.AbstractQueuedSynchronizer$ConditionObject.awaitNanos(AbstractQueuedSynchronizer.java:1763)&#10;        at java.base@21.0.6/java.util.concurrent.LinkedBlockingQueue.poll(LinkedBlockingQueue.java:460)&#10;        at app//org.apache.hadoop.ipc.CallQueueManager.take(CallQueueManager.java:370)&#10;        at app//org.apache.hadoop.ipc.Server$Handler.run(Server.java:3165)&#10;&quot;IPC Server handler 57 on default port 15002&quot; daemon prio=5 tid=393 timed_waiting&#10;java.lang.Thread.State: TIMED_WAITING&#10;        at java.base@21.0.6/jdk.internal.misc.Unsafe.park(Native Method)&#10;        at java.base@21.0.6/java.util.concurrent.locks.LockSupport.parkNanos(LockSupport.java:269)&#10;        at java.base@21.0.6/java.util.concurrent.locks.AbstractQueuedSynchronizer$ConditionObject.awaitNanos(AbstractQueuedSynchronizer.java:1763)&#10;        at java.base@21.0.6/java.util.concurrent.LinkedBlockingQueue.poll(LinkedBlockingQueue.java:460)&#10;        at app//org.apache.hadoop.ipc.CallQueueManager.take(CallQueueManager.java:370)&#10;        at app//org.apache.hadoop.ipc.Server$Handler.run(Server.java:3165)&#10;&quot;IPC Server handler 18 on default port 15006&quot; daemon prio=5 tid=513 timed_waiting&#10;java.lang.Thread.State: TIMED_WAITING&#10;        at java.base@21.0.6/jdk.internal.misc.Unsafe.park(Native Method)&#10;        at java.base@21.0.6/java.util.concurrent.locks.LockSupport.parkNanos(LockSupport.java:269)&#10;        at java.base@21.0.6/java.util.concurrent.locks.AbstractQueuedSynchronizer$ConditionObject.awaitNanos(AbstractQueuedSynchronizer.java:1763)&#10;        at java.base@21.0.6/java.util.concurrent.LinkedBlockingQueue.poll(LinkedBlockingQueue.java:460)&#10;        at app//org.apache.hadoop.ipc.CallQueueManager.take(CallQueueManager.java:370)&#10;        at app//org.apache.hadoop.ipc.Server$Handler.run(Server.java:3165)&#10;&quot;IPC Server idle connection scanner for port 15001&quot; daemon prio=5 tid=84 timed_waiting&#10;java.lang.Thread.State: TIMED_WAITING&#10;        at java.base@21.0.6/java.lang.Object.wait0(Native Method)&#10;        at java.base@21.0.6/java.lang.Object.wait(Object.java:366)&#10;        at java.base@21.0.6/java.util.TimerThread.mainLoop(Timer.java:563)&#10;        at java.base@21.0.6/java.util.TimerThread.run(Timer.java:516)&#10;&quot;IPC Server handler 22 on default port 15001&quot; daemon prio=5 tid=240 timed_waiting&#10;java.lang.Thread.State: TIMED_WAITING&#10;        at java.base@21.0.6/jdk.internal.misc.Unsafe.park(Native Method)&#10;        at java.base@21.0.6/java.util.concurrent.locks.LockSupport.parkNanos(LockSupport.java:269)&#10;        at java.base@21.0.6/java.util.concurrent.locks.AbstractQueuedSynchronizer$ConditionObject.awaitNanos(AbstractQueuedSynchronizer.java:1763)&#10;        at java.base@21.0.6/java.util.concurrent.LinkedBlockingQueue.poll(LinkedBlockingQueue.java:460)&#10;        at app//org.apache.hadoop.ipc.CallQueueManager.take(CallQueueManager.java:370)&#10;        at app//org.apache.hadoop.ipc.Server$Handler.run(Server.java:3165)&#10;&quot;om1-KeyDeletingService#0&quot; daemon prio=5 tid=470 timed_waiting&#10;java.lang.Thread.State: TIMED_WAITING&#10;        at java.base@21.0.6/jdk.internal.misc.Unsafe.park(Native Method)&#10;        at java.base@21.0.6/java.util.concurrent.locks.LockSupport.parkNanos(LockSupport.java:269)&#10;        at java.base@21.0.6/java.util.concurrent.locks.AbstractQueuedSynchronizer$ConditionObject.awaitNanos(AbstractQueuedSynchronizer.java:1763)&#10;        at java.base@21.0.6/java.util.concurrent.ScheduledThreadPoolExecutor$DelayedWorkQueue.take(ScheduledThreadPoolExecutor.java:1182)&#10;        at java.base@21.0.6/java.util.concurrent.ScheduledThreadPoolExecutor$DelayedWorkQueue.take(ScheduledThreadPoolExecutor.java:899)&#10;        at java.base@21.0.6/java.util.concurrent.ThreadPoolExecutor.getTask(ThreadPoolExecutor.java:1070)&#10;        at java.base@21.0.6/java.util.concurrent.ThreadPoolExecutor.runWorker(ThreadPoolExecutor.java:1130)&#10;        at java.base@21.0.6/java.util.concurrent.ThreadPoolExecutor$Worker.run(ThreadPoolExecutor.java:642)&#10;        at java.base@21.0.6/java.lang.Thread.runWith(Thread.java:1596)&#10;        at java.base@21.0.6/java.lang.Thread.run(Thread.java:1583)&#10;&quot;IPC Server handler 4 on default port 15000&quot; daemon prio=5 tid=122 timed_waiting&#10;java.lang.Thread.State: TIMED_WAITING&#10;        at java.base@21.0.6/jdk.internal.misc.Unsafe.park(Native Method)&#10;        at java.base@21.0.6/java.util.concurrent.locks.LockSupport.parkNanos(LockSupport.java:269)&#10;        at java.base@21.0.6/java.util.concurrent.locks.AbstractQueuedSynchronizer$ConditionObject.awaitNanos(AbstractQueuedSynchronizer.java:1763)&#10;        at java.base@21.0.6/java.util.concurrent.LinkedBlockingQueue.poll(LinkedBlockingQueue.java:460)&#10;        at app//org.apache.hadoop.ipc.CallQueueManager.take(CallQueueManager.java:370)&#10;        at app//org.apache.hadoop.ipc.Server$Handler.run(Server.java:3165)&#10;&quot;qtp897209100-571&quot; daemon prio=5 tid=571 timed_waiting&#10;java.lang.Thread.State: TIMED_WAITING&#10;        at java.base@21.0.6/jdk.internal.misc.Unsafe.park(Native Method)&#10;        at java.base@21.0.6/java.util.concurrent.locks.LockSupport.parkNanos(LockSupport.java:269)&#10;        at java.base@21.0.6/java.util.concurrent.locks.AbstractQueuedSynchronizer$ConditionObject.awaitNanos(AbstractQueuedSynchronizer.java:1763)&#10;        at app//org.eclipse.jetty.util.BlockingArrayQueue.poll(BlockingArrayQueue.java:382)&#10;        at app//org.eclipse.jetty.util.thread.QueuedThreadPool$Runner.idleJobPoll(QueuedThreadPool.java:974)&#10;        at app//org.eclipse.jetty.util.thread.QueuedThreadPool$Runner.run(QueuedThreadPool.java:1018)&#10;        at java.base@21.0.6/java.lang.Thread.runWith(Thread.java:1596)&#10;        at java.base@21.0.6/java.lang.Thread.run(Thread.java:1583)&#10;&quot;Socket Reader #4 for port 15001&quot;  prio=5 tid=77 runnable&#10;java.lang.Thread.State: RUNNABLE&#10;        at java.base@21.0.6/sun.nio.ch.EPoll.wait(Native Method)&#10;        at java.base@21.0.6/sun.nio.ch.EPollSelectorImpl.doSelect(EPollSelectorImpl.java:121)&#10;        at java.base@21.0.6/sun.nio.ch.SelectorImpl.lockAndDoSelect(SelectorImpl.java:130)&#10;        at java.base@21.0.6/sun.nio.ch.SelectorImpl.select(SelectorImpl.java:147)&#10;        at app//org.apache.hadoop.ipc.Server$Listener$Reader.doRunLoop(Server.java:1497)&#10;        at app//org.apache.hadoop.ipc.Server$Listener$Reader.run(Server.java:1476)&#10;&quot;IPC Server handler 42 on default port 15001&quot; daemon prio=5 tid=260 timed_waiting&#10;java.lang.Thread.State: TIMED_WAITING&#10;        at java.base@21.0.6/jdk.internal.misc.Unsafe.park(Native Method)&#10;        at java.base@21.0.6/java.util.concurrent.locks.LockSupport.parkNanos(LockSupport.java:269)&#10;        at java.base@21.0.6/java.util.concurrent.locks.AbstractQueuedSynchronizer$ConditionObject.awaitNanos(AbstractQueuedSynchronizer.java:1763)&#10;        at java.base@21.0.6/java.util.concurrent.LinkedBlockingQueue.poll(LinkedBlockingQueue.java:460)&#10;        at app//org.apache.hadoop.ipc.CallQueueManager.take(CallQueueManager.java:370)&#10;        at app//org.apache.hadoop.ipc.Server$Handler.run(Server.java:3165)&#10;&quot;Socket Reader #6 for port 15001&quot;  prio=5 tid=79 runnable&#10;java.lang.Thread.State: RUNNABLE&#10;        at java.base@21.0.6/sun.nio.ch.EPoll.wait(Native Method)&#10;        at java.base@21.0.6/sun.nio.ch.EPollSelectorImpl.doSelect(EPollSelectorImpl.java:121)&#10;        at java.base@21.0.6/sun.nio.ch.SelectorImpl.lockAndDoSelect(SelectorImpl.java:130)&#10;        at java.base@21.0.6/sun.nio.ch.SelectorImpl.select(SelectorImpl.java:147)&#10;        at app//org.apache.hadoop.ipc.Server$Listener$Reader.doRunLoop(Server.java:1497)&#10;        at app//org.apache.hadoop.ipc.Server$Listener$Reader.run(Server.java:1476)&#10;&quot;a6bf55e3-38e4-411e-ac0b-5acdb6a35656-DatanodeReportManager-3&quot; daemon prio=5 tid=652 timed_waiting&#10;java.lang.Thread.State: TIMED_WAITING&#10;        at java.base@21.0.6/jdk.internal.misc.Unsafe.park(Native Method)&#10;        at java.base@21.0.6/java.util.concurrent.locks.LockSupport.parkNanos(LockSupport.java:269)&#10;        at java.base@21.0.6/java.util.concurrent.locks.AbstractQueuedSynchronizer$ConditionObject.awaitNanos(AbstractQueuedSynchronizer.java:1763)&#10;        at java.base@21.0.6/java.util.concurrent.ScheduledThreadPoolExecutor$DelayedWorkQueue.take(ScheduledThreadPoolExecutor.java:1182)&#10;        at java.base@21.0.6/java.util.concurrent.ScheduledThreadPoolExecutor$DelayedWorkQueue.take(ScheduledThreadPoolExecutor.java:899)&#10;        at java.base@21.0.6/java.util.concurrent.ThreadPoolExecutor.getTask(ThreadPoolExecutor.java:1070)&#10;        at java.base@21.0.6/java.util.concurrent.ThreadPoolExecutor.runWorker(ThreadPoolExecutor.java:1130)&#10;        at java.base@21.0.6/java.util.concurrent.ThreadPoolExecutor$Worker.run(ThreadPoolExecutor.java:642)&#10;        at java.base@21.0.6/java.lang.Thread.runWith(Thread.java:1596)&#10;        at java.base@21.0.6/java.lang.Thread.run(Thread.java:1583)&#10;&quot;4a3059aa-ae89-4e47-8f1e-08d61ab31d43@group-93F6C2665618-cacheEviction-AwaitToRun&quot; daemon prio=5 tid=950 in Object.wait()&#10;java.lang.Thread.State: WAITING (on object monitor)&#10;        at java.base@21.0.6/jdk.internal.misc.Unsafe.park(Native Method)&#10;        at java.base@21.0.6/java.util.concurrent.locks.LockSupport.park(LockSupport.java:371)&#10;        at java.base@21.0.6/java.util.concurrent.locks.AbstractQueuedSynchronizer$ConditionNode.block(AbstractQueuedSynchronizer.java:519)&#10;        at java.base@21.0.6/java.util.concurrent.ForkJoinPool.unmanagedBlock(ForkJoinPool.java:3780)&#10;        at java.base@21.0.6/java.util.concurrent.ForkJoinPool.managedBlock(ForkJoinPool.java:3725)&#10;        at java.base@21.0.6/java.util.concurrent.locks.AbstractQueuedSynchronizer$ConditionObject.await(AbstractQueuedSynchronizer.java:1712)&#10;        at app//org.apache.ratis.util.AwaitForSignal.await(AwaitForSignal.java:48)&#10;        at app//org.apache.ratis.util.AwaitToRun$RunnableImpl.run(AwaitToRun.java:47)&#10;        at java.base@21.0.6/java.lang.Thread.runWith(Thread.java:1596)&#10;        at java.base@21.0.6/java.lang.Thread.run(Thread.java:1583)&#10;&quot;pool-237-thread-1&quot;  prio=5 tid=1003 in Object.wait()&#10;java.lang.Thread.State: WAITING (on object monitor)&#10;        at java.base@21.0.6/java.lang.Object.wait0(Native Method)&#10;        at java.base@21.0.6/java.lang.Object.wait(Object.java:366)&#10;        at java.base@21.0.6/java.lang.Object.wait(Object.java:339)&#10;        at app//org.apache.ratis.thirdparty.io.netty.util.concurrent.DefaultPromise.await(DefaultPromise.java:254)&#10;        at app//org.apache.ratis.thirdparty.io.netty.util.concurrent.DefaultPromise.sync(DefaultPromise.java:405)&#10;        at app//org.apache.ratis.thirdparty.io.netty.util.concurrent.DefaultPromise.sync(DefaultPromise.java:35)&#10;        at app//org.apache.hadoop.ozone.container.common.transport.server.XceiverServerGrpc.stop(XceiverServerGrpc.java:210)&#10;        at app//org.apache.hadoop.ozone.container.ozoneimpl.OzoneContainer.stop(OzoneContainer.java:540)&#10;        at app//org.apache.hadoop.ozone.container.common.statemachine.DatanodeStateMachine.close(DatanodeStateMachine.java:439)&#10;        at app//org.apache.hadoop.ozone.container.common.statemachine.DatanodeStateMachine.stopDaemon(DatanodeStateMachine.java:628)&#10;        at app//org.apache.hadoop.ozone.HddsDatanodeService.stop(HddsDatanodeService.java:545)&#10;        at app//org.apache.hadoop.ozone.MiniOzoneClusterImpl.stopDatanode(MiniOzoneClusterImpl.java:483)&#10;        at app//org.apache.hadoop.ozone.MiniOzoneClusterImpl.shutdownHddsDatanode(MiniOzoneClusterImpl.java:377)&#10;        at app//org.apache.hadoop.hdds.scm.node.TestQueryNode.lambda$testStaleNodesCount$0(TestQueryNode.java:84)&#10;        at app//org.apache.hadoop.hdds.scm.node.TestQueryNode$$Lambda/0x00007fd0ac9538b8.run(Unknown Source)&#10;        at java.base@21.0.6/java.util.concurrent.ThreadPoolExecutor.runWorker(ThreadPoolExecutor.java:1144)&#10;        at java.base@21.0.6/java.util.concurrent.ThreadPoolExecutor$Worker.run(ThreadPoolExecutor.java:642)&#10;        at java.base@21.0.6/java.lang.Thread.runWith(Thread.java:1596)&#10;        at java.base@21.0.6/java.lang.Thread.run(Thread.java:1583)&#10;&quot;IPC Server handler 1 on default port 15019&quot; daemon prio=5 tid=592 timed_waiting&#10;java.lang.Thread.State: TIMED_WAITING&#10;        at java.base@21.0.6/jdk.internal.misc.Unsafe.park(Native Method)&#10;        at java.base@21.0.6/java.util.concurrent.locks.LockSupport.parkNanos(LockSupport.java:269)&#10;        at java.base@21.0.6/java.util.concurrent.locks.AbstractQueuedSynchronizer$ConditionObject.awaitNanos(AbstractQueuedSynchronizer.java:1763)&#10;        at java.base@21.0.6/java.util.concurrent.LinkedBlockingQueue.poll(LinkedBlockingQueue.java:460)&#10;        at app//org.apache.hadoop.ipc.CallQueueManager.take(CallQueueManager.java:370)&#10;        at app//org.apache.hadoop.ipc.Server$Handler.run(Server.java:3165)&#10;&quot;IPC Server handler 23 on default port 15002&quot; daemon prio=5 tid=359 timed_waiting&#10;java.lang.Thread.State: TIMED_WAITING&#10;        at java.base@21.0.6/jdk.internal.misc.Unsafe.park(Native Method)&#10;        at java.base@21.0.6/java.util.concurrent.locks.LockSupport.parkNanos(LockSupport.java:269)&#10;        at java.base@21.0.6/java.util.concurrent.locks.AbstractQueuedSynchronizer$ConditionObject.awaitNanos(AbstractQueuedSynchronizer.java:1763)&#10;        at java.base@21.0.6/java.util.concurrent.LinkedBlockingQueue.poll(LinkedBlockingQueue.java:460)&#10;        at app//org.apache.hadoop.ipc.CallQueueManager.take(CallQueueManager.java:370)&#10;        at app//org.apache.hadoop.ipc.Server$Handler.run(Server.java:3165)&#10;&quot;IPC Server handler 6 on default port 15002&quot; daemon prio=5 tid=342 timed_waiting&#10;java.lang.Thread.State: TIMED_WAITING&#10;        at java.base@21.0.6/jdk.internal.misc.Unsafe.park(Native Method)&#10;        at java.base@21.0.6/java.util.concurrent.locks.LockSupport.parkNanos(LockSupport.java:269)&#10;        at java.base@21.0.6/java.util.concurrent.locks.AbstractQueuedSynchronizer$ConditionObject.awaitNanos(AbstractQueuedSynchronizer.java:1763)&#10;        at java.base@21.0.6/java.util.concurrent.LinkedBlockingQueue.poll(LinkedBlockingQueue.java:460)&#10;        at app//org.apache.hadoop.ipc.CallQueueManager.take(CallQueueManager.java:370)&#10;        at app//org.apache.hadoop.ipc.Server$Handler.run(Server.java:3165)&#10;&quot;IPC Server handler 72 on default port 15002&quot; daemon prio=5 tid=408 timed_waiting&#10;java.lang.Thread.State: TIMED_WAITING&#10;        at java.base@21.0.6/jdk.internal.misc.Unsafe.park(Native Method)&#10;        at java.base@21.0.6/java.util.concurrent.locks.LockSupport.parkNanos(LockSupport.java:269)&#10;        at java.base@21.0.6/java.util.concurrent.locks.AbstractQueuedSynchronizer$ConditionObject.awaitNanos(AbstractQueuedSynchronizer.java:1763)&#10;        at java.base@21.0.6/java.util.concurrent.LinkedBlockingQueue.poll(LinkedBlockingQueue.java:460)&#10;        at app//org.apache.hadoop.ipc.CallQueueManager.take(CallQueueManager.java:370)&#10;        at app//org.apache.hadoop.ipc.Server$Handler.run(Server.java:3165)&#10;&quot;SnapshotCacheCleanupService&quot; daemon prio=5 tid=439 timed_waiting&#10;java.lang.Thread.State: TIMED_WAITING&#10;        at java.base@21.0.6/jdk.internal.misc.Unsafe.park(Native Method)&#10;        at java.base@21.0.6/java.util.concurrent.locks.LockSupport.parkNanos(LockSupport.java:269)&#10;        at java.base@21.0.6/java.util.concurrent.locks.AbstractQueuedSynchronizer$ConditionObject.awaitNanos(AbstractQueuedSynchronizer.java:1763)&#10;        at java.base@21.0.6/java.util.concurrent.ScheduledThreadPoolExecutor$DelayedWorkQueue.take(ScheduledThreadPoolExecutor.java:1182)&#10;        at java.base@21.0.6/java.util.concurrent.ScheduledThreadPoolExecutor$DelayedWorkQueue.take(ScheduledThreadPoolExecutor.java:899)&#10;        at java.base@21.0.6/java.util.concurrent.ThreadPoolExecutor.getTask(ThreadPoolExecutor.java:1070)&#10;        at java.base@21.0.6/java.util.concurrent.ThreadPoolExecutor.runWorker(ThreadPoolExecutor.java:1130)&#10;        at java.base@21.0.6/java.util.concurrent.ThreadPoolExecutor$Worker.run(ThreadPoolExecutor.java:642)&#10;        at java.base@21.0.6/java.lang.Thread.runWith(Thread.java:1596)&#10;        at java.base@21.0.6/java.lang.Thread.run(Thread.java:1583)&#10;&quot;IPC Server handler 69 on default port 15000&quot; daemon prio=5 tid=187 timed_waiting&#10;java.lang.Thread.State: TIMED_WAITING&#10;        at java.base@21.0.6/jdk.internal.misc.Unsafe.park(Native Method)&#10;        at java.base@21.0.6/java.util.concurrent.locks.LockSupport.parkNanos(LockSupport.java:269)&#10;        at java.base@21.0.6/java.util.concurrent.locks.AbstractQueuedSynchronizer$ConditionObject.awaitNanos(AbstractQueuedSynchronizer.java:1763)&#10;        at java.base@21.0.6/java.util.concurrent.LinkedBlockingQueue.poll(LinkedBlockingQueue.java:460)&#10;        at app//org.apache.hadoop.ipc.CallQueueManager.take(CallQueueManager.java:370)&#10;        at app//org.apache.hadoop.ipc.Server$Handler.run(Server.java:3165)&#10;&quot;d6a19b8b-82a2-4947-8b44-7228be6ad053-DatanodeStateMachineTaskThread-0&quot;  prio=5 tid=723 in Object.wait()&#10;java.lang.Thread.State: WAITING (on object monitor)&#10;        at java.base@21.0.6/jdk.internal.misc.Unsafe.park(Native Method)&#10;        at java.base@21.0.6/java.util.concurrent.locks.LockSupport.park(LockSupport.java:371)&#10;        at java.base@21.0.6/java.util.concurrent.locks.AbstractQueuedSynchronizer$ConditionNode.block(AbstractQueuedSynchronizer.java:519)&#10;        at java.base@21.0.6/java.util.concurrent.ForkJoinPool.unmanagedBlock(ForkJoinPool.java:3780)&#10;        at java.base@21.0.6/java.util.concurrent.ForkJoinPool.managedBlock(ForkJoinPool.java:3725)&#10;        at java.base@21.0.6/java.util.concurrent.locks.AbstractQueuedSynchronizer$ConditionObject.await(AbstractQueuedSynchronizer.java:1712)&#10;        at java.base@21.0.6/java.util.concurrent.LinkedBlockingQueue.take(LinkedBlockingQueue.java:435)&#10;        at java.base@21.0.6/java.util.concurrent.ThreadPoolExecutor.getTask(ThreadPoolExecutor.java:1070)&#10;        at java.base@21.0.6/java.util.concurrent.ThreadPoolExecutor.runWorker(ThreadPoolExecutor.java:1130)&#10;        at java.base@21.0.6/java.util.concurrent.ThreadPoolExecutor$Worker.run(ThreadPoolExecutor.java:642)&#10;        at java.base@21.0.6/java.lang.Thread.runWith(Thread.java:1596)&#10;        at java.base@21.0.6/java.lang.Thread.run(Thread.java:1583)&#10;&quot;4a3059aa-ae89-4e47-8f1e-08d61ab31d43-ChunkWriter-2-0&quot; daemon prio=5 tid=843 in Object.wait()&#10;java.lang.Thread.State: WAITING (on object monitor)&#10;        at java.base@21.0.6/jdk.internal.misc.Unsafe.park(Native Method)&#10;        at java.base@21.0.6/java.util.concurrent.locks.LockSupport.park(LockSupport.java:371)&#10;        at java.base@21.0.6/java.util.concurrent.locks.AbstractQueuedSynchronizer$ConditionNode.block(AbstractQueuedSynchronizer.java:519)&#10;        at java.base@21.0.6/java.util.concurrent.ForkJoinPool.unmanagedBlock(ForkJoinPool.java:3780)&#10;        at java.base@21.0.6/java.util.concurrent.ForkJoinPool.managedBlock(ForkJoinPool.java:3725)&#10;        at java.base@21.0.6/java.util.concurrent.locks.AbstractQueuedSynchronizer$ConditionObject.await(AbstractQueuedSynchronizer.java:1712)&#10;        at java.base@21.0.6/java.util.concurrent.LinkedBlockingDeque.takeFirst(LinkedBlockingDeque.java:485)&#10;        at java.base@21.0.6/java.util.concurrent.LinkedBlockingDeque.take(LinkedBlockingDeque.java:673)&#10;        at java.base@21.0.6/java.util.concurrent.ThreadPoolExecutor.getTask(ThreadPoolExecutor.java:1070)&#10;        at java.base@21.0.6/java.util.concurrent.ThreadPoolExecutor.runWorker(ThreadPoolExecutor.java:1130)&#10;        at java.base@21.0.6/java.util.concurrent.ThreadPoolExecutor$Worker.run(ThreadPoolExecutor.java:642)&#10;        at java.base@21.0.6/java.lang.Thread.runWith(Thread.java:1596)&#10;        at java.base@21.0.6/java.lang.Thread.run(Thread.java:1583)&#10;&quot;IPC Server handler 23 on default port 15001&quot; daemon prio=5 tid=241 timed_waiting&#10;java.lang.Thread.State: TIMED_WAITING&#10;        at java.base@21.0.6/jdk.internal.misc.Unsafe.park(Native Method)&#10;        at java.base@21.0.6/java.util.concurrent.locks.LockSupport.parkNanos(LockSupport.java:269)&#10;        at java.base@21.0.6/java.util.concurrent.locks.AbstractQueuedSynchronizer$ConditionObject.awaitNanos(AbstractQueuedSynchronizer.java:1763)&#10;        at java.base@21.0.6/java.util.concurrent.LinkedBlockingQueue.poll(LinkedBlockingQueue.java:460)&#10;        at app//org.apache.hadoop.ipc.CallQueueManager.take(CallQueueManager.java:370)&#10;        at app//org.apache.hadoop.ipc.Server$Handler.run(Server.java:3165)&#10;&quot;IPC Server handler 30 on default port 15002&quot; daemon prio=5 tid=366 timed_waiting&#10;java.lang.Thread.State: TIMED_WAITING&#10;        at java.base@21.0.6/jdk.internal.misc.Unsafe.park(Native Method)&#10;        at java.base@21.0.6/java.util.concurrent.locks.LockSupport.parkNanos(LockSupport.java:269)&#10;        at java.base@21.0.6/java.util.concurrent.locks.AbstractQueuedSynchronizer$ConditionObject.awaitNanos(AbstractQueuedSynchronizer.java:1763)&#10;        at java.base@21.0.6/java.util.concurrent.LinkedBlockingQueue.poll(LinkedBlockingQueue.java:460)&#10;        at app//org.apache.hadoop.ipc.CallQueueManager.take(CallQueueManager.java:370)&#10;        at app//org.apache.hadoop.ipc.Server$Handler.run(Server.java:3165)&#10;&quot;Hadoop-Metrics-Updater-0&quot; daemon prio=5 tid=460 timed_waiting&#10;java.lang.Thread.State: TIMED_WAITING&#10;        at java.base@21.0.6/jdk.internal.misc.Unsafe.park(Native Method)&#10;        at java.base@21.0.6/java.util.concurrent.locks.LockSupport.parkNanos(LockSupport.java:269)&#10;        at java.base@21.0.6/java.util.concurrent.locks.AbstractQueuedSynchronizer$ConditionObject.awaitNanos(AbstractQueuedSynchronizer.java:1763)&#10;        at java.base@21.0.6/java.util.concurrent.ScheduledThreadPoolExecutor$DelayedWorkQueue.take(ScheduledThreadPoolExecutor.java:1182)&#10;        at java.base@21.0.6/java.util.concurrent.ScheduledThreadPoolExecutor$DelayedWorkQueue.take(ScheduledThreadPoolExecutor.java:899)&#10;        at java.base@21.0.6/java.util.concurrent.ThreadPoolExecutor.getTask(ThreadPoolExecutor.java:1070)&#10;        at java.base@21.0.6/java.util.concurrent.ThreadPoolExecutor.runWorker(ThreadPoolExecutor.java:1130)&#10;        at java.base@21.0.6/java.util.concurrent.ThreadPoolExecutor$Worker.run(ThreadPoolExecutor.java:642)&#10;        at java.base@21.0.6/java.lang.Thread.runWith(Thread.java:1596)&#10;        at java.base@21.0.6/java.lang.Thread.run(Thread.java:1583)&#10;&quot;Socket Reader #4 for port 15000&quot;  prio=5 tid=91 runnable&#10;java.lang.Thread.State: RUNNABLE&#10;        at java.base@21.0.6/sun.nio.ch.EPoll.wait(Native Method)&#10;        at java.base@21.0.6/sun.nio.ch.EPollSelectorImpl.doSelect(EPollSelectorImpl.java:121)&#10;        at java.base@21.0.6/sun.nio.ch.SelectorImpl.lockAndDoSelect(SelectorImpl.java:130)&#10;        at java.base@21.0.6/sun.nio.ch.SelectorImpl.select(SelectorImpl.java:147)&#10;        at app//org.apache.hadoop.ipc.Server$Listener$Reader.doRunLoop(Server.java:1497)&#10;        at app//org.apache.hadoop.ipc.Server$Listener$Reader.run(Server.java:1476)&#10;&quot;4a3059aa-ae89-4e47-8f1e-08d61ab31d43-ChunkWriter-3-0&quot; daemon prio=5 tid=844 in Object.wait()&#10;java.lang.Thread.State: WAITING (on object monitor)&#10;        at java.base@21.0.6/jdk.internal.misc.Unsafe.park(Native Method)&#10;        at java.base@21.0.6/java.util.concurrent.locks.LockSupport.park(LockSupport.java:371)&#10;        at java.base@21.0.6/java.util.concurrent.locks.AbstractQueuedSynchronizer$ConditionNode.block(AbstractQueuedSynchronizer.java:519)&#10;        at java.base@21.0.6/java.util.concurrent.ForkJoinPool.unmanagedBlock(ForkJoinPool.java:3780)&#10;        at java.base@21.0.6/java.util.concurrent.ForkJoinPool.managedBlock(ForkJoinPool.java:3725)&#10;        at java.base@21.0.6/java.util.concurrent.locks.AbstractQueuedSynchronizer$ConditionObject.await(AbstractQueuedSynchronizer.java:1712)&#10;        at java.base@21.0.6/java.util.concurrent.LinkedBlockingDeque.takeFirst(LinkedBlockingDeque.java:485)&#10;        at java.base@21.0.6/java.util.concurrent.LinkedBlockingDeque.take(LinkedBlockingDeque.java:673)&#10;        at java.base@21.0.6/java.util.concurrent.ThreadPoolExecutor.getTask(ThreadPoolExecutor.java:1070)&#10;        at java.base@21.0.6/java.util.concurrent.ThreadPoolExecutor.runWorker(ThreadPoolExecutor.java:1130)&#10;        at java.base@21.0.6/java.util.concurrent.ThreadPoolExecutor$Worker.run(ThreadPoolExecutor.java:642)&#10;        at java.base@21.0.6/java.lang.Thread.runWith(Thread.java:1596)&#10;        at java.base@21.0.6/java.lang.Thread.run(Thread.java:1583)&#10;&quot;IPC Server handler 85 on default port 15001&quot; daemon prio=5 tid=303 timed_waiting&#10;java.lang.Thread.State: TIMED_WAITING&#10;        at java.base@21.0.6/jdk.internal.misc.Unsafe.park(Native Method)&#10;        at java.base@21.0.6/java.util.concurrent.locks.LockSupport.parkNanos(LockSupport.java:269)&#10;        at java.base@21.0.6/java.util.concurrent.locks.AbstractQueuedSynchronizer$ConditionObject.awaitNanos(AbstractQueuedSynchronizer.java:1763)&#10;        at java.base@21.0.6/java.util.concurrent.LinkedBlockingQueue.poll(LinkedBlockingQueue.java:460)&#10;        at app//org.apache.hadoop.ipc.CallQueueManager.take(CallQueueManager.java:370)&#10;        at app//org.apache.hadoop.ipc.Server$Handler.run(Server.java:3165)&#10;&quot;IPC Server handler 66 on default port 15002&quot; daemon prio=5 tid=402 timed_waiting&#10;java.lang.Thread.State: TIMED_WAITING&#10;        at java.base@21.0.6/jdk.internal.misc.Unsafe.park(Native Method)&#10;        at java.base@21.0.6/java.util.concurrent.locks.LockSupport.parkNanos(LockSupport.java:269)&#10;        at java.base@21.0.6/java.util.concurrent.locks.AbstractQueuedSynchronizer$ConditionObject.awaitNanos(AbstractQueuedSynchronizer.java:1763)&#10;        at java.base@21.0.6/java.util.concurrent.LinkedBlockingQueue.poll(LinkedBlockingQueue.java:460)&#10;        at app//org.apache.hadoop.ipc.CallQueueManager.take(CallQueueManager.java:370)&#10;        at app//org.apache.hadoop.ipc.Server$Handler.run(Server.java:3165)&#10;&quot;a6bf55e3-38e4-411e-ac0b-5acdb6a35656@group-C713F1B5C815-SegmentedRaftLogWorker&quot; daemon prio=5 tid=923 timed_waiting&#10;java.lang.Thread.State: TIMED_WAITING&#10;        at java.base@21.0.6/jdk.internal.misc.Unsafe.park(Native Method)&#10;        at java.base@21.0.6/java.util.concurrent.locks.LockSupport.parkNanos(LockSupport.java:269)&#10;        at java.base@21.0.6/java.util.concurrent.locks.AbstractQueuedSynchronizer$ConditionObject.awaitNanos(AbstractQueuedSynchronizer.java:1763)&#10;        at app//org.apache.ratis.util.DataBlockingQueue.poll(DataBlockingQueue.java:148)&#10;        at app//org.apache.ratis.server.raftlog.segmented.SegmentedRaftLogWorker.run(SegmentedRaftLogWorker.java:307)&#10;        at app//org.apache.ratis.server.raftlog.segmented.SegmentedRaftLogWorker$$Lambda/0x00007fd0ac390888.run(Unknown Source)&#10;        at java.base@21.0.6/java.util.concurrent.Executors$RunnableAdapter.call(Executors.java:572)&#10;        at java.base@21.0.6/java.util.concurrent.FutureTask.run(FutureTask.java:317)&#10;        at java.base@21.0.6/java.util.concurrent.ThreadPoolExecutor.runWorker(ThreadPoolExecutor.java:1144)&#10;        at java.base@21.0.6/java.util.concurrent.ThreadPoolExecutor$Worker.run(ThreadPoolExecutor.java:642)&#10;        at java.base@21.0.6/java.lang.Thread.runWith(Thread.java:1596)&#10;        at java.base@21.0.6/java.lang.Thread.run(Thread.java:1583)&#10;&quot;om1@group-C5BA1605619E-SegmentedRaftLogWorker&quot;  prio=5 tid=462 timed_waiting&#10;java.lang.Thread.State: TIMED_WAITING&#10;        at java.base@21.0.6/jdk.internal.misc.Unsafe.park(Native Method)&#10;        at java.base@21.0.6/java.util.concurrent.locks.LockSupport.parkNanos(LockSupport.java:269)&#10;        at java.base@21.0.6/java.util.concurrent.locks.AbstractQueuedSynchronizer$ConditionObject.awaitNanos(AbstractQueuedSynchronizer.java:1763)&#10;        at app//org.apache.ratis.util.DataBlockingQueue.poll(DataBlockingQueue.java:148)&#10;        at app//org.apache.ratis.server.raftlog.segmented.SegmentedRaftLogWorker.run(SegmentedRaftLogWorker.java:307)&#10;        at app//org.apache.ratis.server.raftlog.segmented.SegmentedRaftLogWorker$$Lambda/0x00007fd0ac390888.run(Unknown Source)&#10;        at java.base@21.0.6/java.util.concurrent.Executors$RunnableAdapter.call(Executors.java:572)&#10;        at java.base@21.0.6/java.util.concurrent.FutureTask.run(FutureTask.java:317)&#10;        at java.base@21.0.6/java.util.concurrent.ThreadPoolExecutor.runWorker(ThreadPoolExecutor.java:1144)&#10;        at java.base@21.0.6/java.util.concurrent.ThreadPoolExecutor$Worker.run(ThreadPoolExecutor.java:642)&#10;        at java.base@21.0.6/java.lang.Thread.runWith(Thread.java:1596)&#10;        at java.base@21.0.6/java.lang.Thread.run(Thread.java:1583)&#10;&quot;grpc-default-worker-ELG-3-4&quot; daemon prio=5 tid=866 runnable&#10;java.lang.Thread.State: RUNNABLE&#10;        at app//org.apache.ratis.thirdparty.io.netty.channel.epoll.Native.epollWait0(Native Method)&#10;        at app//org.apache.ratis.thirdparty.io.netty.channel.epoll.Native.epollWait(Native.java:193)&#10;        at app//org.apache.ratis.thirdparty.io.netty.channel.epoll.EpollEventLoop.epollWait(EpollEventLoop.java:304)&#10;        at app//org.apache.ratis.thirdparty.io.netty.channel.epoll.EpollEventLoop.run(EpollEventLoop.java:368)&#10;        at app//org.apache.ratis.thirdparty.io.netty.util.concurrent.SingleThreadEventExecutor$4.run(SingleThreadEventExecutor.java:997)&#10;        at app//org.apache.ratis.thirdparty.io.netty.util.internal.ThreadExecutorMap$2.run(ThreadExecutorMap.java:74)&#10;        at app//org.apache.ratis.thirdparty.io.netty.util.concurrent.FastThreadLocalRunnable.run(FastThreadLocalRunnable.java:30)&#10;        at java.base@21.0.6/java.lang.Thread.runWith(Thread.java:1596)&#10;        at java.base@21.0.6/java.lang.Thread.run(Thread.java:1583)&#10;&quot;a6bf55e3-38e4-411e-ac0b-5acdb6a35656-DatanodeReportManager-2&quot; daemon prio=5 tid=651 in Object.wait()&#10;java.lang.Thread.State: WAITING (on object monitor)&#10;        at java.base@21.0.6/jdk.internal.misc.Unsafe.park(Native Method)&#10;        at java.base@21.0.6/java.util.concurrent.locks.LockSupport.park(LockSupport.java:371)&#10;        at java.base@21.0.6/java.util.concurrent.locks.AbstractQueuedSynchronizer$ConditionNode.block(AbstractQueuedSynchronizer.java:519)&#10;        at java.base@21.0.6/java.util.concurrent.ForkJoinPool.unmanagedBlock(ForkJoinPool.java:3780)&#10;        at java.base@21.0.6/java.util.concurrent.ForkJoinPool.managedBlock(ForkJoinPool.java:3725)&#10;        at java.base@21.0.6/java.util.concurrent.locks.AbstractQueuedSynchronizer$ConditionObject.await(AbstractQueuedSynchronizer.java:1712)&#10;        at java.base@21.0.6/java.util.concurrent.ScheduledThreadPoolExecutor$DelayedWorkQueue.take(ScheduledThreadPoolExecutor.java:1177)&#10;        at java.base@21.0.6/java.util.concurrent.ScheduledThreadPoolExecutor$DelayedWorkQueue.take(ScheduledThreadPoolExecutor.java:899)&#10;        at java.base@21.0.6/java.util.concurrent.ThreadPoolExecutor.getTask(ThreadPoolExecutor.java:1070)&#10;        at java.base@21.0.6/java.util.concurrent.ThreadPoolExecutor.runWorker(ThreadPoolExecutor.java:1130)&#10;        at java.base@21.0.6/java.util.concurrent.ThreadPoolExecutor$Worker.run(ThreadPoolExecutor.java:642)&#10;        at java.base@21.0.6/java.lang.Thread.runWith(Thread.java:1596)&#10;        at java.base@21.0.6/java.lang.Thread.run(Thread.java:1583)&#10;&quot;FixedThreadPoolWithAffinityExecutor-5-0&quot; daemon prio=5 tid=106 timed_waiting&#10;java.lang.Thread.State: TIMED_WAITING&#10;        at java.base@21.0.6/jdk.internal.misc.Unsafe.park(Native Method)&#10;        at java.base@21.0.6/java.util.concurrent.locks.LockSupport.parkNanos(LockSupport.java:269)&#10;        at java.base@21.0.6/java.util.concurrent.locks.AbstractQueuedSynchronizer$ConditionObject.awaitNanos(AbstractQueuedSynchronizer.java:1763)&#10;        at java.base@21.0.6/java.util.concurrent.LinkedBlockingQueue.poll(LinkedBlockingQueue.java:460)&#10;        at app//org.apache.hadoop.hdds.scm.server.ContainerReportQueue.poll(ContainerReportQueue.java:269)&#10;        at app//org.apache.hadoop.hdds.scm.server.ContainerReportQueue.poll(ContainerReportQueue.java:42)&#10;        at app//org.apache.hadoop.hdds.server.events.FixedThreadPoolWithAffinityExecutor$ContainerReportProcessTask.run(FixedThreadPoolWithAffinityExecutor.java:254)&#10;        at java.base@21.0.6/java.util.concurrent.Executors$RunnableAdapter.call(Executors.java:572)&#10;        at java.base@21.0.6/java.util.concurrent.FutureTask.run(FutureTask.java:317)&#10;        at java.base@21.0.6/java.util.concurrent.ThreadPoolExecutor.runWorker(ThreadPoolExecutor.java:1144)&#10;        at java.base@21.0.6/java.util.concurrent.ThreadPoolExecutor$Worker.run(ThreadPoolExecutor.java:642)&#10;        at java.base@21.0.6/java.lang.Thread.runWith(Thread.java:1596)&#10;        at java.base@21.0.6/java.lang.Thread.run(Thread.java:1583)&#10;&quot;EventQueue-StaleNodeForStaleNodeHandler&quot; daemon prio=5 tid=1034 in Object.wait()&#10;java.lang.Thread.State: WAITING (on object monitor)&#10;        at java.base@21.0.6/jdk.internal.misc.Unsafe.park(Native Method)&#10;        at java.base@21.0.6/java.util.concurrent.locks.LockSupport.park(LockSupport.java:371)&#10;        at java.base@21.0.6/java.util.concurrent.locks.AbstractQueuedSynchronizer$ConditionNode.block(AbstractQueuedSynchronizer.java:519)&#10;        at java.base@21.0.6/java.util.concurrent.ForkJoinPool.unmanagedBlock(ForkJoinPool.java:3780)&#10;        at java.base@21.0.6/java.util.concurrent.ForkJoinPool.managedBlock(ForkJoinPool.java:3725)&#10;        at java.base@21.0.6/java.util.concurrent.locks.AbstractQueuedSynchronizer$ConditionObject.await(AbstractQueuedSynchronizer.java:1712)&#10;        at java.base@21.0.6/java.util.concurrent.LinkedBlockingQueue.take(LinkedBlockingQueue.java:435)&#10;        at java.base@21.0.6/java.util.concurrent.ThreadPoolExecutor.getTask(ThreadPoolExecutor.java:1070)&#10;        at java.base@21.0.6/java.util.concurrent.ThreadPoolExecutor.runWorker(ThreadPoolExecutor.java:1130)&#10;        at java.base@21.0.6/java.util.concurrent.ThreadPoolExecutor$Worker.run(ThreadPoolExecutor.java:642)&#10;        at java.base@21.0.6/java.lang.Thread.runWith(Thread.java:1596)&#10;        at java.base@21.0.6/java.lang.Thread.run(Thread.java:1583)&#10;&quot;IPC Server handler 44 on default port 15000&quot; daemon prio=5 tid=162 timed_waiting&#10;java.lang.Thread.State: TIMED_WAITING&#10;        at java.base@21.0.6/jdk.internal.misc.Unsafe.park(Native Method)&#10;        at java.base@21.0.6/java.util.concurrent.locks.LockSupport.parkNanos(LockSupport.java:269)&#10;        at java.base@21.0.6/java.util.concurrent.locks.AbstractQueuedSynchronizer$ConditionObject.awaitNanos(AbstractQueuedSynchronizer.java:1763)&#10;        at java.base@21.0.6/java.util.concurrent.LinkedBlockingQueue.poll(LinkedBlockingQueue.java:460)&#10;        at app//org.apache.hadoop.ipc.CallQueueManager.take(CallQueueManager.java:370)&#10;        at app//org.apache.hadoop.ipc.Server$Handler.run(Server.java:3165)&#10;&quot;d6a19b8b-82a2-4947-8b44-7228be6ad053-groupManagement&quot;  prio=5 tid=943 in Object.wait()&#10;java.lang.Thread.State: WAITING (on object monitor)&#10;        at java.base@21.0.6/jdk.internal.misc.Unsafe.park(Native Method)&#10;        at java.base@21.0.6/java.util.concurrent.locks.LockSupport.park(LockSupport.java:371)&#10;        at java.base@21.0.6/java.util.concurrent.locks.AbstractQueuedSynchronizer$ConditionNode.block(AbstractQueuedSynchronizer.java:519)&#10;        at java.base@21.0.6/java.util.concurrent.ForkJoinPool.unmanagedBlock(ForkJoinPool.java:3780)&#10;        at java.base@21.0.6/java.util.concurrent.ForkJoinPool.managedBlock(ForkJoinPool.java:3725)&#10;        at java.base@21.0.6/java.util.concurrent.locks.AbstractQueuedSynchronizer$ConditionObject.await(AbstractQueuedSynchronizer.java:1712)&#10;        at java.base@21.0.6/java.util.concurrent.LinkedBlockingQueue.take(LinkedBlockingQueue.java:435)&#10;        at java.base@21.0.6/java.util.concurrent.ThreadPoolExecutor.getTask(ThreadPoolExecutor.java:1070)&#10;        at java.base@21.0.6/java.util.concurrent.ThreadPoolExecutor.runWorker(ThreadPoolExecutor.java:1130)&#10;        at java.base@21.0.6/java.util.concurrent.ThreadPoolExecutor$Worker.run(ThreadPoolExecutor.java:642)&#10;        at java.base@21.0.6/java.lang.Thread.runWith(Thread.java:1596)&#10;        at java.base@21.0.6/java.lang.Thread.run(Thread.java:1583)&#10;&quot;IPC Server handler 62 on default port 15000&quot; daemon prio=5 tid=180 timed_waiting&#10;java.lang.Thread.State: TIMED_WAITING&#10;        at java.base@21.0.6/jdk.internal.misc.Unsafe.park(Native Method)&#10;        at java.base@21.0.6/java.util.concurrent.locks.LockSupport.parkNanos(LockSupport.java:269)&#10;        at java.base@21.0.6/java.util.concurrent.locks.AbstractQueuedSynchronizer$ConditionObject.awaitNanos(AbstractQueuedSynchronizer.java:1763)&#10;        at java.base@21.0.6/java.util.concurrent.LinkedBlockingQueue.poll(LinkedBlockingQueue.java:460)&#10;        at app//org.apache.hadoop.ipc.CallQueueManager.take(CallQueueManager.java:370)&#10;        at app//org.apache.hadoop.ipc.Server$Handler.run(Server.java:3165)&#10;&quot;FixedThreadPoolWithAffinityExecutor-6-0&quot; daemon prio=5 tid=107 timed_waiting&#10;java.lang.Thread.State: TIMED_WAITING&#10;        at java.base@21.0.6/jdk.internal.misc.Unsafe.park(Native Method)&#10;        at java.base@21.0.6/java.util.concurrent.locks.LockSupport.parkNanos(LockSupport.java:269)&#10;        at java.base@21.0.6/java.util.concurrent.locks.AbstractQueuedSynchronizer$ConditionObject.awaitNanos(AbstractQueuedSynchronizer.java:1763)&#10;        at java.base@21.0.6/java.util.concurrent.LinkedBlockingQueue.poll(LinkedBlockingQueue.java:460)&#10;        at app//org.apache.hadoop.hdds.scm.server.ContainerReportQueue.poll(ContainerReportQueue.java:269)&#10;        at app//org.apache.hadoop.hdds.scm.server.ContainerReportQueue.poll(ContainerReportQueue.java:42)&#10;        at app//org.apache.hadoop.hdds.server.events.FixedThreadPoolWithAffinityExecutor$ContainerReportProcessTask.run(FixedThreadPoolWithAffinityExecutor.java:254)&#10;        at java.base@21.0.6/java.util.concurrent.Executors$RunnableAdapter.call(Executors.java:572)&#10;        at java.base@21.0.6/java.util.concurrent.FutureTask.run(FutureTask.java:317)&#10;        at java.base@21.0.6/java.util.concurrent.ThreadPoolExecutor.runWorker(ThreadPoolExecutor.java:1144)&#10;        at java.base@21.0.6/java.util.concurrent.ThreadPoolExecutor$Worker.run(ThreadPoolExecutor.java:642)&#10;        at java.base@21.0.6/java.lang.Thread.runWith(Thread.java:1596)&#10;        at java.base@21.0.6/java.lang.Thread.run(Thread.java:1583)&#10;&quot;93cc9901-be1a-45f5-9681-0d93e627c426-DataNodeDiskCheckerThread-1&quot; daemon prio=5 tid=730 timed_waiting&#10;java.lang.Thread.State: TIMED_WAITING&#10;        at java.base@21.0.6/jdk.internal.misc.Unsafe.park(Native Method)&#10;        at java.base@21.0.6/java.util.concurrent.locks.LockSupport.parkNanos(LockSupport.java:410)&#10;        at java.base@21.0.6/java.util.concurrent.LinkedTransferQueue$DualNode.await(LinkedTransferQueue.java:452)&#10;        at java.base@21.0.6/java.util.concurrent.SynchronousQueue$Transferer.xferLifo(SynchronousQueue.java:194)&#10;        at java.base@21.0.6/java.util.concurrent.SynchronousQueue.xfer(SynchronousQueue.java:235)&#10;        at java.base@21.0.6/java.util.concurrent.SynchronousQueue.poll(SynchronousQueue.java:338)&#10;        at java.base@21.0.6/java.util.concurrent.ThreadPoolExecutor.getTask(ThreadPoolExecutor.java:1069)&#10;        at java.base@21.0.6/java.util.concurrent.ThreadPoolExecutor.runWorker(ThreadPoolExecutor.java:1130)&#10;        at java.base@21.0.6/java.util.concurrent.ThreadPoolExecutor$Worker.run(ThreadPoolExecutor.java:642)&#10;        at java.base@21.0.6/java.lang.Thread.runWith(Thread.java:1596)&#10;        at java.base@21.0.6/java.lang.Thread.run(Thread.java:1583)&#10;&quot;4a3059aa-ae89-4e47-8f1e-08d61ab31d43-DatanodeStateMachineTaskThread-1&quot;  prio=5 tid=833 in Object.wait()&#10;java.lang.Thread.State: WAITING (on object monitor)&#10;        at java.base@21.0.6/jdk.internal.misc.Unsafe.park(Native Method)&#10;        at java.base@21.0.6/java.util.concurrent.locks.LockSupport.park(LockSupport.java:371)&#10;        at java.base@21.0.6/java.util.concurrent.locks.AbstractQueuedSynchronizer$ConditionNode.block(AbstractQueuedSynchronizer.java:519)&#10;        at java.base@21.0.6/java.util.concurrent.ForkJoinPool.unmanagedBlock(ForkJoinPool.java:3780)&#10;        at java.base@21.0.6/java.util.concurrent.ForkJoinPool.managedBlock(ForkJoinPool.java:3725)&#10;        at java.base@21.0.6/java.util.concurrent.locks.AbstractQueuedSynchronizer$ConditionObject.await(AbstractQueuedSynchronizer.java:1712)&#10;        at java.base@21.0.6/java.util.concurrent.LinkedBlockingQueue.take(LinkedBlockingQueue.java:435)&#10;        at java.base@21.0.6/java.util.concurrent.ThreadPoolExecutor.getTask(ThreadPoolExecutor.java:1070)&#10;        at java.base@21.0.6/java.util.concurrent.ThreadPoolExecutor.runWorker(ThreadPoolExecutor.java:1130)&#10;        at java.base@21.0.6/java.util.concurrent.ThreadPoolExecutor$Worker.run(ThreadPoolExecutor.java:642)&#10;        at java.base@21.0.6/java.lang.Thread.runWith(Thread.java:1596)&#10;        at java.base@21.0.6/java.lang.Thread.run(Thread.java:1583)&#10;&quot;StaleRecoveringContainerScrubbingService#1&quot; daemon prio=5 tid=830 in Object.wait()&#10;java.lang.Thread.State: WAITING (on object monitor)&#10;        at java.base@21.0.6/jdk.internal.misc.Unsafe.park(Native Method)&#10;        at java.base@21.0.6/java.util.concurrent.locks.LockSupport.park(LockSupport.java:371)&#10;        at java.base@21.0.6/java.util.concurrent.locks.AbstractQueuedSynchronizer$ConditionNode.block(AbstractQueuedSynchronizer.java:519)&#10;        at java.base@21.0.6/java.util.concurrent.ForkJoinPool.unmanagedBlock(ForkJoinPool.java:3780)&#10;        at java.base@21.0.6/java.util.concurrent.ForkJoinPool.managedBlock(ForkJoinPool.java:3725)&#10;        at java.base@21.0.6/java.util.concurrent.locks.AbstractQueuedSynchronizer$ConditionObject.await(AbstractQueuedSynchronizer.java:1712)&#10;        at java.base@21.0.6/java.util.concurrent.ScheduledThreadPoolExecutor$DelayedWorkQueue.take(ScheduledThreadPoolExecutor.java:1177)&#10;        at java.base@21.0.6/java.util.concurrent.ScheduledThreadPoolExecutor$DelayedWorkQueue.take(ScheduledThreadPoolExecutor.java:899)&#10;        at java.base@21.0.6/java.util.concurrent.ThreadPoolExecutor.getTask(ThreadPoolExecutor.java:1070)&#10;        at java.base@21.0.6/java.util.concurrent.ThreadPoolExecutor.runWorker(ThreadPoolExecutor.java:1130)&#10;        at java.base@21.0.6/java.util.concurrent.ThreadPoolExecutor$Worker.run(ThreadPoolExecutor.java:642)&#10;        at java.base@21.0.6/java.lang.Thread.runWith(Thread.java:1596)&#10;        at java.base@21.0.6/java.lang.Thread.run(Thread.java:1583)&#10;&quot;IPC Server handler 55 on default port 15001&quot; daemon prio=5 tid=273 timed_waiting&#10;java.lang.Thread.State: TIMED_WAITING&#10;        at java.base@21.0.6/jdk.internal.misc.Unsafe.park(Native Method)&#10;        at java.base@21.0.6/java.util.concurrent.locks.LockSupport.parkNanos(LockSupport.java:269)&#10;        at java.base@21.0.6/java.util.concurrent.locks.AbstractQueuedSynchronizer$ConditionObject.awaitNanos(AbstractQueuedSynchronizer.java:1763)&#10;        at java.base@21.0.6/java.util.concurrent.LinkedBlockingQueue.poll(LinkedBlockingQueue.java:460)&#10;        at app//org.apache.hadoop.ipc.CallQueueManager.take(CallQueueManager.java:370)&#10;        at app//org.apache.hadoop.ipc.Server$Handler.run(Server.java:3165)&#10;&quot;IPC Server handler 78 on default port 15002&quot; daemon prio=5 tid=414 timed_waiting&#10;java.lang.Thread.State: TIMED_WAITING&#10;        at java.base@21.0.6/jdk.internal.misc.Unsafe.park(Native Method)&#10;        at java.base@21.0.6/java.util.concurrent.locks.LockSupport.parkNanos(LockSupport.java:269)&#10;        at java.base@21.0.6/java.util.concurrent.locks.AbstractQueuedSynchronizer$ConditionObject.awaitNanos(AbstractQueuedSynchronizer.java:1763)&#10;        at java.base@21.0.6/java.util.concurrent.LinkedBlockingQueue.poll(LinkedBlockingQueue.java:460)&#10;        at app//org.apache.hadoop.ipc.CallQueueManager.take(CallQueueManager.java:370)&#10;        at app//org.apache.hadoop.ipc.Server$Handler.run(Server.java:3165)&#10;&quot;grpc-default-executor-6&quot; daemon prio=5 tid=1039 timed_waiting&#10;java.lang.Thread.State: TIMED_WAITING&#10;        at java.base@21.0.6/jdk.internal.misc.Unsafe.park(Native Method)&#10;        at java.base@21.0.6/java.util.concurrent.locks.LockSupport.parkNanos(LockSupport.java:410)&#10;        at java.base@21.0.6/java.util.concurrent.LinkedTransferQueue$DualNode.await(LinkedTransferQueue.java:452)&#10;        at java.base@21.0.6/java.util.concurrent.SynchronousQueue$Transferer.xferLifo(SynchronousQueue.java:194)&#10;        at java.base@21.0.6/java.util.concurrent.SynchronousQueue.xfer(SynchronousQueue.java:235)&#10;        at java.base@21.0.6/java.util.concurrent.SynchronousQueue.poll(SynchronousQueue.java:338)&#10;        at java.base@21.0.6/java.util.concurrent.ThreadPoolExecutor.getTask(ThreadPoolExecutor.java:1069)&#10;        at java.base@21.0.6/java.util.concurrent.ThreadPoolExecutor.runWorker(ThreadPoolExecutor.java:1130)&#10;        at java.base@21.0.6/java.util.concurrent.ThreadPoolExecutor$Worker.run(ThreadPoolExecutor.java:642)&#10;        at java.base@21.0.6/java.lang.Thread.runWith(Thread.java:1596)&#10;        at java.base@21.0.6/java.lang.Thread.run(Thread.java:1583)&#10;&quot;IPC Server handler 93 on default port 15002&quot; daemon prio=5 tid=429 timed_waiting&#10;java.lang.Thread.State: TIMED_WAITING&#10;        at java.base@21.0.6/jdk.internal.misc.Unsafe.park(Native Method)&#10;        at java.base@21.0.6/java.util.concurrent.locks.LockSupport.parkNanos(LockSupport.java:269)&#10;        at java.base@21.0.6/java.util.concurrent.locks.AbstractQueuedSynchronizer$ConditionObject.awaitNanos(AbstractQueuedSynchronizer.java:1763)&#10;        at java.base@21.0.6/java.util.concurrent.LinkedBlockingQueue.poll(LinkedBlockingQueue.java:460)&#10;        at app//org.apache.hadoop.ipc.CallQueueManager.take(CallQueueManager.java:370)&#10;        at app//org.apache.hadoop.ipc.Server$Handler.run(Server.java:3165)&#10;&quot;IPC Server handler 4 on default port 15035&quot; daemon prio=5 tid=711 timed_waiting&#10;java.lang.Thread.State: TIMED_WAITING&#10;        at java.base@21.0.6/jdk.internal.misc.Unsafe.park(Native Method)&#10;        at java.base@21.0.6/java.util.concurrent.locks.LockSupport.parkNanos(LockSupport.java:269)&#10;        at java.base@21.0.6/java.util.concurrent.locks.AbstractQueuedSynchronizer$ConditionObject.awaitNanos(AbstractQueuedSynchronizer.java:1763)&#10;        at java.base@21.0.6/java.util.concurrent.LinkedBlockingQueue.poll(LinkedBlockingQueue.java:460)&#10;        at app//org.apache.hadoop.ipc.CallQueueManager.take(CallQueueManager.java:370)&#10;        at app//org.apache.hadoop.ipc.Server$Handler.run(Server.java:3165)&#10;&quot;Socket Reader #3 for port 15019&quot;  prio=5 tid=580 runnable&#10;java.lang.Thread.State: RUNNABLE&#10;        at java.base@21.0.6/sun.nio.ch.EPoll.wait(Native Method)&#10;        at java.base@21.0.6/sun.nio.ch.EPollSelectorImpl.doSelect(EPollSelectorImpl.java:121)&#10;        at java.base@21.0.6/sun.nio.ch.SelectorImpl.lockAndDoSelect(SelectorImpl.java:130)&#10;        at java.base@21.0.6/sun.nio.ch.SelectorImpl.select(SelectorImpl.java:147)&#10;        at app//org.apache.hadoop.ipc.Server$Listener$Reader.doRunLoop(Server.java:1497)&#10;        at app//org.apache.hadoop.ipc.Server$Listener$Reader.run(Server.java:1476)&#10;&quot;IPC Server handler 40 on default port 15002&quot; daemon prio=5 tid=376 timed_waiting&#10;java.lang.Thread.State: TIMED_WAITING&#10;        at java.base@21.0.6/jdk.internal.misc.Unsafe.park(Native Method)&#10;        at java.base@21.0.6/java.util.concurrent.locks.LockSupport.parkNanos(LockSupport.java:269)&#10;        at java.base@21.0.6/java.util.concurrent.locks.AbstractQueuedSynchronizer$ConditionObject.awaitNanos(AbstractQueuedSynchronizer.java:1763)&#10;        at java.base@21.0.6/java.util.concurrent.LinkedBlockingQueue.poll(LinkedBlockingQueue.java:460)&#10;        at app//org.apache.hadoop.ipc.CallQueueManager.take(CallQueueManager.java:370)&#10;        at app//org.apache.hadoop.ipc.Server$Handler.run(Server.java:3165)&#10;&quot;d6a19b8b-82a2-4947-8b44-7228be6ad053-NettyServerStreamRpc-bossGroup--thread1&quot;  prio=5 tid=662 runnable&#10;java.lang.Thread.State: RUNNABLE&#10;        at app//org.apache.ratis.thirdparty.io.netty.channel.epoll.Native.epollWait(Native Method)&#10;        at app//org.apache.ratis.thirdparty.io.netty.channel.epoll.Native.epollWait(Native.java:220)&#10;        at app//org.apache.ratis.thirdparty.io.netty.channel.epoll.Native.epollWait(Native.java:213)&#10;        at app//org.apache.ratis.thirdparty.io.netty.channel.epoll.EpollEventLoop.epollWaitNoTimerChange(EpollEventLoop.java:308)&#10;        at app//org.apache.ratis.thirdparty.io.netty.channel.epoll.EpollEventLoop.run(EpollEventLoop.java:365)&#10;        at app//org.apache.ratis.thirdparty.io.netty.util.concurrent.SingleThreadEventExecutor$4.run(SingleThreadEventExecutor.java:997)&#10;        at app//org.apache.ratis.thirdparty.io.netty.util.internal.ThreadExecutorMap$2.run(ThreadExecutorMap.java:74)&#10;        at java.base@21.0.6/java.lang.Thread.runWith(Thread.java:1596)&#10;        at java.base@21.0.6/java.lang.Thread.run(Thread.java:1583)&#10;&quot;Socket Reader #9 for port 15002&quot;  prio=5 tid=68 runnable&#10;java.lang.Thread.State: RUNNABLE&#10;        at java.base@21.0.6/sun.nio.ch.EPoll.wait(Native Method)&#10;        at java.base@21.0.6/sun.nio.ch.EPollSelectorImpl.doSelect(EPollSelectorImpl.java:121)&#10;        at java.base@21.0.6/sun.nio.ch.SelectorImpl.lockAndDoSelect(SelectorImpl.java:130)&#10;        at java.base@21.0.6/sun.nio.ch.SelectorImpl.select(SelectorImpl.java:147)&#10;        at app//org.apache.hadoop.ipc.Server$Listener$Reader.doRunLoop(Server.java:1497)&#10;        at app//org.apache.hadoop.ipc.Server$Listener$Reader.run(Server.java:1476)&#10;&quot;IPC Server handler 16 on default port 15002&quot; daemon prio=5 tid=352 timed_waiting&#10;java.lang.Thread.State: TIMED_WAITING&#10;        at java.base@21.0.6/jdk.internal.misc.Unsafe.park(Native Method)&#10;        at java.base@21.0.6/java.util.concurrent.locks.LockSupport.parkNanos(LockSupport.java:269)&#10;        at java.base@21.0.6/java.util.concurrent.locks.AbstractQueuedSynchronizer$ConditionObject.awaitNanos(AbstractQueuedSynchronizer.java:1763)&#10;        at java.base@21.0.6/java.util.concurrent.LinkedBlockingQueue.poll(LinkedBlockingQueue.java:460)&#10;        at app//org.apache.hadoop.ipc.CallQueueManager.take(CallQueueManager.java:370)&#10;        at app//org.apache.hadoop.ipc.Server$Handler.run(Server.java:3165)&#10;&quot;Socket Reader #7 for port 15043&quot;  prio=5 tid=772 runnable&#10;java.lang.Thread.State: RUNNABLE&#10;        at java.base@21.0.6/sun.nio.ch.EPoll.wait(Native Method)&#10;        at java.base@21.0.6/sun.nio.ch.EPollSelectorImpl.doSelect(EPollSelectorImpl.java:121)&#10;        at java.base@21.0.6/sun.nio.ch.SelectorImpl.lockAndDoSelect(SelectorImpl.java:130)&#10;        at java.base@21.0.6/sun.nio.ch.SelectorImpl.select(SelectorImpl.java:147)&#10;        at app//org.apache.hadoop.ipc.Server$Listener$Reader.doRunLoop(Server.java:1497)&#10;        at app//org.apache.hadoop.ipc.Server$Listener$Reader.run(Server.java:1476)&#10;&quot;Socket Reader #9 for port 15006&quot;  prio=5 tid=456 runnable&#10;java.lang.Thread.State: RUNNABLE&#10;        at java.base@21.0.6/sun.nio.ch.EPoll.wait(Native Method)&#10;        at java.base@21.0.6/sun.nio.ch.EPollSelectorImpl.doSelect(EPollSelectorImpl.java:121)&#10;        at java.base@21.0.6/sun.nio.ch.SelectorImpl.lockAndDoSelect(SelectorImpl.java:130)&#10;        at java.base@21.0.6/sun.nio.ch.SelectorImpl.select(SelectorImpl.java:147)&#10;        at app//org.apache.hadoop.ipc.Server$Listener$Reader.doRunLoop(Server.java:1497)&#10;        at app//org.apache.hadoop.ipc.Server$Listener$Reader.run(Server.java:1476)&#10;&quot;IPC Server handler 68 on default port 15002&quot; daemon prio=5 tid=404 timed_waiting&#10;java.lang.Thread.State: TIMED_WAITING&#10;        at java.base@21.0.6/jdk.internal.misc.Unsafe.park(Native Method)&#10;        at java.base@21.0.6/java.util.concurrent.locks.LockSupport.parkNanos(LockSupport.java:269)&#10;        at java.base@21.0.6/java.util.concurrent.locks.AbstractQueuedSynchronizer$ConditionObject.awaitNanos(AbstractQueuedSynchronizer.java:1763)&#10;        at java.base@21.0.6/java.util.concurrent.LinkedBlockingQueue.poll(LinkedBlockingQueue.java:460)&#10;        at app//org.apache.hadoop.ipc.CallQueueManager.take(CallQueueManager.java:370)&#10;        at app//org.apache.hadoop.ipc.Server$Handler.run(Server.java:3165)&#10;&quot;93cc9901-be1a-45f5-9681-0d93e627c426@group-47CB1C91F82B-LeaderStateImpl&quot; daemon prio=5 tid=973 timed_waiting&#10;java.lang.Thread.State: TIMED_WAITING&#10;        at java.base@21.0.6/jdk.internal.misc.Unsafe.park(Native Method)&#10;        at java.base@21.0.6/java.util.concurrent.locks.LockSupport.parkNanos(LockSupport.java:269)&#10;        at java.base@21.0.6/java.util.concurrent.locks.AbstractQueuedSynchronizer$ConditionObject.awaitNanos(AbstractQueuedSynchronizer.java:1763)&#10;        at java.base@21.0.6/java.util.concurrent.ArrayBlockingQueue.poll(ArrayBlockingQueue.java:435)&#10;        at app//org.apache.ratis.server.impl.LeaderStateImpl$EventQueue.poll(LeaderStateImpl.java:164)&#10;        at app//org.apache.ratis.server.impl.LeaderStateImpl$EventProcessor.run(LeaderStateImpl.java:763)&#10;&quot;qtp2049070779-754&quot; daemon prio=5 tid=754 timed_waiting&#10;java.lang.Thread.State: TIMED_WAITING&#10;        at java.base@21.0.6/jdk.internal.misc.Unsafe.park(Native Method)&#10;        at java.base@21.0.6/java.util.concurrent.locks.LockSupport.parkNanos(LockSupport.java:269)&#10;        at java.base@21.0.6/java.util.concurrent.locks.AbstractQueuedSynchronizer$ConditionObject.awaitNanos(AbstractQueuedSynchronizer.java:1763)&#10;        at app//org.eclipse.jetty.util.BlockingArrayQueue.poll(BlockingArrayQueue.java:382)&#10;        at app//org.eclipse.jetty.util.thread.QueuedThreadPool$Runner.idleJobPoll(QueuedThreadPool.java:974)&#10;        at app//org.eclipse.jetty.util.thread.QueuedThreadPool$Runner.run(QueuedThreadPool.java:1018)&#10;        at java.base@21.0.6/java.lang.Thread.runWith(Thread.java:1596)&#10;        at java.base@21.0.6/java.lang.Thread.run(Thread.java:1583)&#10;&quot;Socket Reader #4 for port 15019&quot;  prio=5 tid=581 runnable&#10;java.lang.Thread.State: RUNNABLE&#10;        at java.base@21.0.6/sun.nio.ch.EPoll.wait(Native Method)&#10;        at java.base@21.0.6/sun.nio.ch.EPollSelectorImpl.doSelect(EPollSelectorImpl.java:121)&#10;        at java.base@21.0.6/sun.nio.ch.SelectorImpl.lockAndDoSelect(SelectorImpl.java:130)&#10;        at java.base@21.0.6/sun.nio.ch.SelectorImpl.select(SelectorImpl.java:147)&#10;        at app//org.apache.hadoop.ipc.Server$Listener$Reader.doRunLoop(Server.java:1497)&#10;        at app//org.apache.hadoop.ipc.Server$Listener$Reader.run(Server.java:1476)&#10;&quot;IPC Server handler 8 on default port 15043&quot; daemon prio=5 tid=791 timed_waiting&#10;java.lang.Thread.State: TIMED_WAITING&#10;        at java.base@21.0.6/jdk.internal.misc.Unsafe.park(Native Method)&#10;        at java.base@21.0.6/java.util.concurrent.locks.LockSupport.parkNanos(LockSupport.java:269)&#10;        at java.base@21.0.6/java.util.concurrent.locks.AbstractQueuedSynchronizer$ConditionObject.awaitNanos(AbstractQueuedSynchronizer.java:1763)&#10;        at java.base@21.0.6/java.util.concurrent.LinkedBlockingQueue.poll(LinkedBlockingQueue.java:460)&#10;        at app//org.apache.hadoop.ipc.CallQueueManager.take(CallQueueManager.java:370)&#10;        at app//org.apache.hadoop.ipc.Server$Handler.run(Server.java:3165)&#10;&quot;Hadoop-Metrics-Updater-0&quot; daemon prio=5 tid=636 timed_waiting&#10;java.lang.Thread.State: TIMED_WAITING&#10;        at java.base@21.0.6/jdk.internal.misc.Unsafe.park(Native Method)&#10;        at java.base@21.0.6/java.util.concurrent.locks.LockSupport.parkNanos(LockSupport.java:269)&#10;        at java.base@21.0.6/java.util.concurrent.locks.AbstractQueuedSynchronizer$ConditionObject.awaitNanos(AbstractQueuedSynchronizer.java:1763)&#10;        at java.base@21.0.6/java.util.concurrent.ScheduledThreadPoolExecutor$DelayedWorkQueue.take(ScheduledThreadPoolExecutor.java:1182)&#10;        at java.base@21.0.6/java.util.concurrent.ScheduledThreadPoolExecutor$DelayedWorkQueue.take(ScheduledThreadPoolExecutor.java:899)&#10;        at java.base@21.0.6/java.util.concurrent.ThreadPoolExecutor.getTask(ThreadPoolExecutor.java:1070)&#10;        at java.base@21.0.6/java.util.concurrent.ThreadPoolExecutor.runWorker(ThreadPoolExecutor.java:1130)&#10;        at java.base@21.0.6/java.util.concurrent.ThreadPoolExecutor$Worker.run(ThreadPoolExecutor.java:642)&#10;        at java.base@21.0.6/java.lang.Thread.runWith(Thread.java:1596)&#10;        at java.base@21.0.6/java.lang.Thread.run(Thread.java:1583)&#10;&quot;Socket Reader #3 for port 15035&quot;  prio=5 tid=696 runnable&#10;java.lang.Thread.State: RUNNABLE&#10;        at java.base@21.0.6/sun.nio.ch.EPoll.wait(Native Method)&#10;        at java.base@21.0.6/sun.nio.ch.EPollSelectorImpl.doSelect(EPollSelectorImpl.java:121)&#10;        at java.base@21.0.6/sun.nio.ch.SelectorImpl.lockAndDoSelect(SelectorImpl.java:130)&#10;        at java.base@21.0.6/sun.nio.ch.SelectorImpl.select(SelectorImpl.java:147)&#10;        at app//org.apache.hadoop.ipc.Server$Listener$Reader.doRunLoop(Server.java:1497)&#10;        at app//org.apache.hadoop.ipc.Server$Listener$Reader.run(Server.java:1476)&#10;&quot;IPC Server handler 5 on default port 15043&quot; daemon prio=5 tid=788 timed_waiting&#10;java.lang.Thread.State: TIMED_WAITING&#10;        at java.base@21.0.6/jdk.internal.misc.Unsafe.park(Native Method)&#10;        at java.base@21.0.6/java.util.concurrent.locks.LockSupport.parkNanos(LockSupport.java:269)&#10;        at java.base@21.0.6/java.util.concurrent.locks.AbstractQueuedSynchronizer$ConditionObject.awaitNanos(AbstractQueuedSynchronizer.java:1763)&#10;        at java.base@21.0.6/java.util.concurrent.LinkedBlockingQueue.poll(LinkedBlockingQueue.java:460)&#10;        at app//org.apache.hadoop.ipc.CallQueueManager.take(CallQueueManager.java:370)&#10;        at app//org.apache.hadoop.ipc.Server$Handler.run(Server.java:3165)&#10;&quot;IPC Server handler 7 on default port 15035&quot; daemon prio=5 tid=714 timed_waiting&#10;java.lang.Thread.State: TIMED_WAITING&#10;        at java.base@21.0.6/jdk.internal.misc.Unsafe.park(Native Method)&#10;        at java.base@21.0.6/java.util.concurrent.locks.LockSupport.parkNanos(LockSupport.java:269)&#10;        at java.base@21.0.6/java.util.concurrent.locks.AbstractQueuedSynchronizer$ConditionObject.awaitNanos(AbstractQueuedSynchronizer.java:1763)&#10;        at java.base@21.0.6/java.util.concurrent.LinkedBlockingQueue.poll(LinkedBlockingQueue.java:460)&#10;        at app//org.apache.hadoop.ipc.CallQueueManager.take(CallQueueManager.java:370)&#10;        at app//org.apache.hadoop.ipc.Server$Handler.run(Server.java:3165)&#10;&quot;IPC Server handler 31 on default port 15001&quot; daemon prio=5 tid=249 timed_waiting&#10;java.lang.Thread.State: TIMED_WAITING&#10;        at java.base@21.0.6/jdk.internal.misc.Unsafe.park(Native Method)&#10;        at java.base@21.0.6/java.util.concurrent.locks.LockSupport.parkNanos(LockSupport.java:269)&#10;        at java.base@21.0.6/java.util.concurrent.locks.AbstractQueuedSynchronizer$ConditionObject.awaitNanos(AbstractQueuedSynchronizer.java:1763)&#10;        at java.base@21.0.6/java.util.concurrent.LinkedBlockingQueue.poll(LinkedBlockingQueue.java:460)&#10;        at app//org.apache.hadoop.ipc.CallQueueManager.take(CallQueueManager.java:370)&#10;        at app//org.apache.hadoop.ipc.Server$Handler.run(Server.java:3165)&#10;&quot;FixedThreadPoolWithAffinityExecutor-0-0&quot; daemon prio=5 tid=101 timed_waiting&#10;java.lang.Thread.State: TIMED_WAITING&#10;        at java.base@21.0.6/jdk.internal.misc.Unsafe.park(Native Method)&#10;        at java.base@21.0.6/java.util.concurrent.locks.LockSupport.parkNanos(LockSupport.java:269)&#10;        at java.base@21.0.6/java.util.concurrent.locks.AbstractQueuedSynchronizer$ConditionObject.awaitNanos(AbstractQueuedSynchronizer.java:1763)&#10;        at java.base@21.0.6/java.util.concurrent.LinkedBlockingQueue.poll(LinkedBlockingQueue.java:460)&#10;        at app//org.apache.hadoop.hdds.scm.server.ContainerReportQueue.poll(ContainerReportQueue.java:269)&#10;        at app//org.apache.hadoop.hdds.scm.server.ContainerReportQueue.poll(ContainerReportQueue.java:42)&#10;        at app//org.apache.hadoop.hdds.server.events.FixedThreadPoolWithAffinityExecutor$ContainerReportProcessTask.run(FixedThreadPoolWithAffinityExecutor.java:254)&#10;        at java.base@21.0.6/java.util.concurrent.Executors$RunnableAdapter.call(Executors.java:572)&#10;        at java.base@21.0.6/java.util.concurrent.FutureTask.run(FutureTask.java:317)&#10;        at java.base@21.0.6/java.util.concurrent.ThreadPoolExecutor.runWorker(ThreadPoolExecutor.java:1144)&#10;        at java.base@21.0.6/java.util.concurrent.ThreadPoolExecutor$Worker.run(ThreadPoolExecutor.java:642)&#10;        at java.base@21.0.6/java.lang.Thread.runWith(Thread.java:1596)&#10;        at java.base@21.0.6/java.lang.Thread.run(Thread.java:1583)&#10;&quot;IPC Server handler 56 on default port 15001&quot; daemon prio=5 tid=274 timed_waiting&#10;java.lang.Thread.State: TIMED_WAITING&#10;        at java.base@21.0.6/jdk.internal.misc.Unsafe.park(Native Method)&#10;        at java.base@21.0.6/java.util.concurrent.locks.LockSupport.parkNanos(LockSupport.java:269)&#10;        at java.base@21.0.6/java.util.concurrent.locks.AbstractQueuedSynchronizer$ConditionObject.awaitNanos(AbstractQueuedSynchronizer.java:1763)&#10;        at java.base@21.0.6/java.util.concurrent.LinkedBlockingQueue.poll(LinkedBlockingQueue.java:460)&#10;        at app//org.apache.hadoop.ipc.CallQueueManager.take(CallQueueManager.java:370)&#10;        at app//org.apache.hadoop.ipc.Server$Handler.run(Server.java:3165)&#10;&quot;IPC Server handler 3 on default port 15027&quot; daemon prio=5 tid=640 timed_waiting&#10;java.lang.Thread.State: TIMED_WAITING&#10;        at java.base@21.0.6/jdk.internal.misc.Unsafe.park(Native Method)&#10;        at java.base@21.0.6/java.util.concurrent.locks.LockSupport.parkNanos(LockSupport.java:269)&#10;        at java.base@21.0.6/java.util.concurrent.locks.AbstractQueuedSynchronizer$ConditionObject.awaitNanos(AbstractQueuedSynchronizer.java:1763)&#10;        at java.base@21.0.6/java.util.concurrent.LinkedBlockingQueue.poll(LinkedBlockingQueue.java:460)&#10;        at app//org.apache.hadoop.ipc.CallQueueManager.take(CallQueueManager.java:370)&#10;        at app//org.apache.hadoop.ipc.Server$Handler.run(Server.java:3165)&#10;&quot;IPC Server handler 47 on default port 15000&quot; daemon prio=5 tid=165 timed_waiting&#10;java.lang.Thread.State: TIMED_WAITING&#10;        at java.base@21.0.6/jdk.internal.misc.Unsafe.park(Native Method)&#10;        at java.base@21.0.6/java.util.concurrent.locks.LockSupport.parkNanos(LockSupport.java:269)&#10;        at java.base@21.0.6/java.util.concurrent.locks.AbstractQueuedSynchronizer$ConditionObject.awaitNanos(AbstractQueuedSynchronizer.java:1763)&#10;        at java.base@21.0.6/java.util.concurrent.LinkedBlockingQueue.poll(LinkedBlockingQueue.java:460)&#10;        at app//org.apache.hadoop.ipc.CallQueueManager.take(CallQueueManager.java:370)&#10;        at app//org.apache.hadoop.ipc.Server$Handler.run(Server.java:3165)&#10;&quot;grpc-default-boss-ELG-1-1&quot; daemon prio=5 tid=42 runnable&#10;java.lang.Thread.State: RUNNABLE&#10;        at app//org.apache.ratis.thirdparty.io.netty.channel.epoll.Native.epollWait(Native Method)&#10;        at app//org.apache.ratis.thirdparty.io.netty.channel.epoll.Native.epollWait(Native.java:220)&#10;        at app//org.apache.ratis.thirdparty.io.netty.channel.epoll.Native.epollWait(Native.java:213)&#10;        at app//org.apache.ratis.thirdparty.io.netty.channel.epoll.EpollEventLoop.epollWaitNoTimerChange(EpollEventLoop.java:308)&#10;        at app//org.apache.ratis.thirdparty.io.netty.channel.epoll.EpollEventLoop.run(EpollEventLoop.java:365)&#10;        at app//org.apache.ratis.thirdparty.io.netty.util.concurrent.SingleThreadEventExecutor$4.run(SingleThreadEventExecutor.java:997)&#10;        at app//org.apache.ratis.thirdparty.io.netty.util.internal.ThreadExecutorMap$2.run(ThreadExecutorMap.java:74)&#10;        at app//org.apache.ratis.thirdparty.io.netty.util.concurrent.FastThreadLocalRunnable.run(FastThreadLocalRunnable.java:30)&#10;        at java.base@21.0.6/java.lang.Thread.runWith(Thread.java:1596)&#10;        at java.base@21.0.6/java.lang.Thread.run(Thread.java:1583)&#10;&quot;IPC Server handler 87 on default port 15001&quot; daemon prio=5 tid=305 timed_waiting&#10;java.lang.Thread.State: TIMED_WAITING&#10;        at java.base@21.0.6/jdk.internal.misc.Unsafe.park(Native Method)&#10;        at java.base@21.0.6/java.util.concurrent.locks.LockSupport.parkNanos(LockSupport.java:269)&#10;        at java.base@21.0.6/java.util.concurrent.locks.AbstractQueuedSynchronizer$ConditionObject.awaitNanos(AbstractQueuedSynchronizer.java:1763)&#10;        at java.base@21.0.6/java.util.concurrent.LinkedBlockingQueue.poll(LinkedBlockingQueue.java:460)&#10;        at app//org.apache.hadoop.ipc.CallQueueManager.take(CallQueueManager.java:370)&#10;        at app//org.apache.hadoop.ipc.Server$Handler.run(Server.java:3165)&#10;&quot;surefire-forkedjvm-command-thread&quot; daemon prio=5 tid=25 runnable&#10;java.lang.Thread.State: RUNNABLE&#10;        at java.base@21.0.6/java.io.FileInputStream.readBytes(Native Method)&#10;        at java.base@21.0.6/java.io.FileInputStream.read(FileInputStream.java:287)&#10;        at java.base@21.0.6/java.io.BufferedInputStream.read1(BufferedInputStream.java:345)&#10;        at java.base@21.0.6/java.io.BufferedInputStream.implRead(BufferedInputStream.java:420)&#10;        at java.base@21.0.6/java.io.BufferedInputStream.read(BufferedInputStream.java:399)&#10;        at java.base@21.0.6/java.io.BufferedInputStream.fill(BufferedInputStream.java:291)&#10;        at java.base@21.0.6/java.io.BufferedInputStream.read1(BufferedInputStream.java:347)&#10;        at java.base@21.0.6/java.io.BufferedInputStream.implRead(BufferedInputStream.java:420)&#10;        at java.base@21.0.6/java.io.BufferedInputStream.read(BufferedInputStream.java:399)&#10;        at app//org.apache.maven.surefire.api.util.internal.Channels$3.readImpl(Channels.java:169)&#10;        at app//org.apache.maven.surefire.api.util.internal.AbstractNoninterruptibleReadableChannel.read(AbstractNoninterruptibleReadableChannel.java:50)&#10;        at app//org.apache.maven.surefire.api.stream.AbstractStreamDecoder.read(AbstractStreamDecoder.java:430)&#10;        at app//org.apache.maven.surefire.api.stream.AbstractStreamDecoder.read(AbstractStreamDecoder.java:419)&#10;        at app//org.apache.maven.surefire.api.stream.AbstractStreamDecoder.readMessageType(AbstractStreamDecoder.java:116)&#10;        at app//org.apache.maven.surefire.booter.stream.CommandDecoder.decode(CommandDecoder.java:77)&#10;        at app//org.apache.maven.surefire.booter.spi.CommandChannelDecoder.decode(CommandChannelDecoder.java:60)&#10;        at app//org.apache.maven.surefire.booter.CommandReader$CommandRunnable.run(CommandReader.java:290)&#10;        at java.base@21.0.6/java.lang.Thread.runWith(Thread.java:1596)&#10;        at java.base@21.0.6/java.lang.Thread.run(Thread.java:1583)&#10;&quot;IPC Server Responder&quot; daemon prio=5 tid=635 runnable&#10;java.lang.Thread.State: RUNNABLE&#10;        at java.base@21.0.6/sun.nio.ch.EPoll.wait(Native Method)&#10;        at java.base@21.0.6/sun.nio.ch.EPollSelectorImpl.doSelect(EPollSelectorImpl.java:121)&#10;        at java.base@21.0.6/sun.nio.ch.SelectorImpl.lockAndDoSelect(SelectorImpl.java:130)&#10;        at java.base@21.0.6/sun.nio.ch.SelectorImpl.select(SelectorImpl.java:142)&#10;        at app//org.apache.hadoop.ipc.Server$Responder.doRunLoop(Server.java:1733)&#10;        at app//org.apache.hadoop.ipc.Server$Responder.run(Server.java:1716)&#10;&quot;IPC Server handler 3 on default port 15043&quot; daemon prio=5 tid=786 timed_waiting&#10;java.lang.Thread.State: TIMED_WAITING&#10;        at java.base@21.0.6/jdk.internal.misc.Unsafe.park(Native Method)&#10;        at java.base@21.0.6/java.util.concurrent.locks.LockSupport.parkNanos(LockSupport.java:269)&#10;        at java.base@21.0.6/java.util.concurrent.locks.AbstractQueuedSynchronizer$ConditionObject.awaitNanos(AbstractQueuedSynchronizer.java:1763)&#10;        at java.base@21.0.6/java.util.concurrent.LinkedBlockingQueue.poll(LinkedBlockingQueue.java:460)&#10;        at app//org.apache.hadoop.ipc.CallQueueManager.take(CallQueueManager.java:370)&#10;        at app//org.apache.hadoop.ipc.Server$Handler.run(Server.java:3165)&#10;&quot;d6a19b8b-82a2-4947-8b44-7228be6ad053-BlockDeletingService#0&quot; daemon prio=5 tid=827 timed_waiting&#10;java.lang.Thread.State: TIMED_WAITING&#10;        at java.base@21.0.6/jdk.internal.misc.Unsafe.park(Native Method)&#10;        at java.base@21.0.6/java.util.concurrent.locks.LockSupport.parkNanos(LockSupport.java:269)&#10;        at java.base@21.0.6/java.util.concurrent.locks.AbstractQueuedSynchronizer$ConditionObject.awaitNanos(AbstractQueuedSynchronizer.java:1763)&#10;        at java.base@21.0.6/java.util.concurrent.ScheduledThreadPoolExecutor$DelayedWorkQueue.take(ScheduledThreadPoolExecutor.java:1182)&#10;        at java.base@21.0.6/java.util.concurrent.ScheduledThreadPoolExecutor$DelayedWorkQueue.take(ScheduledThreadPoolExecutor.java:899)&#10;        at java.base@21.0.6/java.util.concurrent.ThreadPoolExecutor.getTask(ThreadPoolExecutor.java:1070)&#10;        at java.base@21.0.6/java.util.concurrent.ThreadPoolExecutor.runWorker(ThreadPoolExecutor.java:1130)&#10;        at java.base@21.0.6/java.util.concurrent.ThreadPoolExecutor$Worker.run(ThreadPoolExecutor.java:642)&#10;        at java.base@21.0.6/java.lang.Thread.runWith(Thread.java:1596)&#10;        at java.base@21.0.6/java.lang.Thread.run(Thread.java:1583)&#10;&quot;IPC Server handler 60 on default port 15002&quot; daemon prio=5 tid=396 timed_waiting&#10;java.lang.Thread.State: TIMED_WAITING&#10;        at java.base@21.0.6/jdk.internal.misc.Unsafe.park(Native Method)&#10;        at java.base@21.0.6/java.util.concurrent.locks.LockSupport.parkNanos(LockSupport.java:269)&#10;        at java.base@21.0.6/java.util.concurrent.locks.AbstractQueuedSynchronizer$ConditionObject.awaitNanos(AbstractQueuedSynchronizer.java:1763)&#10;        at java.base@21.0.6/java.util.concurrent.LinkedBlockingQueue.poll(LinkedBlockingQueue.java:460)&#10;        at app//org.apache.hadoop.ipc.CallQueueManager.take(CallQueueManager.java:370)&#10;        at app//org.apache.hadoop.ipc.Server$Handler.run(Server.java:3165)&#10;&quot;EventQueue-DatanodeCommandForSCMNodeManager&quot;  prio=5 tid=764 in Object.wait()&#10;java.lang.Thread.State: WAITING (on object monitor)&#10;        at java.base@21.0.6/jdk.internal.misc.Unsafe.park(Native Method)&#10;        at java.base@21.0.6/java.util.concurrent.locks.LockSupport.park(LockSupport.java:371)&#10;        at java.base@21.0.6/java.util.concurrent.locks.AbstractQueuedSynchronizer$ConditionNode.block(AbstractQueuedSynchronizer.java:519)&#10;        at java.base@21.0.6/java.util.concurrent.ForkJoinPool.unmanagedBlock(ForkJoinPool.java:3780)&#10;        at java.base@21.0.6/java.util.concurrent.ForkJoinPool.managedBlock(ForkJoinPool.java:3725)&#10;        at java.base@21.0.6/java.util.concurrent.locks.AbstractQueuedSynchronizer$ConditionObject.await(AbstractQueuedSynchronizer.java:1712)&#10;        at java.base@21.0.6/java.util.concurrent.LinkedBlockingQueue.take(LinkedBlockingQueue.java:435)&#10;        at java.base@21.0.6/java.util.concurrent.ThreadPoolExecutor.getTask(ThreadPoolExecutor.java:1070)&#10;        at java.base@21.0.6/java.util.concurrent.ThreadPoolExecutor.runWorker(ThreadPoolExecutor.java:1130)&#10;        at java.base@21.0.6/java.util.concurrent.ThreadPoolExecutor$Worker.run(ThreadPoolExecutor.java:642)&#10;        at java.base@21.0.6/java.lang.Thread.runWith(Thread.java:1596)&#10;        at java.base@21.0.6/java.lang.Thread.run(Thread.java:1583)&#10;&quot;a6bf55e3-38e4-411e-ac0b-5acdb6a35656-ChunkReader-ELG-0&quot; daemon prio=5 tid=807 runnable&#10;java.lang.Thread.State: RUNNABLE&#10;        at app//org.apache.ratis.thirdparty.io.netty.channel.epoll.Native.epollWait(Native Method)&#10;        at app//org.apache.ratis.thirdparty.io.netty.channel.epoll.Native.epollWait(Native.java:220)&#10;        at app//org.apache.ratis.thirdparty.io.netty.channel.epoll.Native.epollWait(Native.java:213)&#10;        at app//org.apache.ratis.thirdparty.io.netty.channel.epoll.EpollEventLoop.epollWaitNoTimerChange(EpollEventLoop.java:308)&#10;        at app//org.apache.ratis.thirdparty.io.netty.channel.epoll.EpollEventLoop.run(EpollEventLoop.java:365)&#10;        at app//org.apache.ratis.thirdparty.io.netty.util.concurrent.SingleThreadEventExecutor$4.run(SingleThreadEventExecutor.java:997)&#10;        at app//org.apache.ratis.thirdparty.io.netty.util.internal.ThreadExecutorMap$2.run(ThreadExecutorMap.java:74)&#10;        at java.base@21.0.6/java.lang.Thread.runWith(Thread.java:1596)&#10;        at java.base@21.0.6/java.lang.Thread.run(Thread.java:1583)&#10;&quot;Socket Reader #2 for port 15006&quot;  prio=5 tid=449 runnable&#10;java.lang.Thread.State: RUNNABLE&#10;        at java.base@21.0.6/sun.nio.ch.EPoll.wait(Native Method)&#10;        at java.base@21.0.6/sun.nio.ch.EPollSelectorImpl.doSelect(EPollSelectorImpl.java:121)&#10;        at java.base@21.0.6/sun.nio.ch.SelectorImpl.lockAndDoSelect(SelectorImpl.java:130)&#10;        at java.base@21.0.6/sun.nio.ch.SelectorImpl.select(SelectorImpl.java:147)&#10;        at app//org.apache.hadoop.ipc.Server$Listener$Reader.doRunLoop(Server.java:1497)&#10;        at app//org.apache.hadoop.ipc.Server$Listener$Reader.run(Server.java:1476)&#10;&quot;IPC Server handler 77 on default port 15001&quot; daemon prio=5 tid=295 timed_waiting&#10;java.lang.Thread.State: TIMED_WAITING&#10;        at java.base@21.0.6/jdk.internal.misc.Unsafe.park(Native Method)&#10;        at java.base@21.0.6/java.util.concurrent.locks.LockSupport.parkNanos(LockSupport.java:269)&#10;        at java.base@21.0.6/java.util.concurrent.locks.AbstractQueuedSynchronizer$ConditionObject.awaitNanos(AbstractQueuedSynchronizer.java:1763)&#10;        at java.base@21.0.6/java.util.concurrent.LinkedBlockingQueue.poll(LinkedBlockingQueue.java:460)&#10;        at app//org.apache.hadoop.ipc.CallQueueManager.take(CallQueueManager.java:370)&#10;        at app//org.apache.hadoop.ipc.Server$Handler.run(Server.java:3165)&#10;&quot;ContainerDataScanner(/home/runner/work/ozone/ozone/hadoop-ozone/integration-test/target/test-dir/MiniOzoneClusterImpl-26e726f8-5cec-4c14-bf14-45d4895febc0/ozone-meta/datanode-3/data-0/hdds)&quot; daemon prio=5 tid=799 timed_waiting&#10;java.lang.Thread.State: TIMED_WAITING&#10;        at java.base@21.0.6/java.lang.Thread.sleep0(Native Method)&#10;        at java.base@21.0.6/java.lang.Thread.sleep(Thread.java:509)&#10;        at app//org.apache.hadoop.ozone.container.ozoneimpl.AbstractBackgroundContainerScanner.handleRemainingSleep(AbstractBackgroundContainerScanner.java:133)&#10;        at app//org.apache.hadoop.ozone.container.ozoneimpl.AbstractBackgroundContainerScanner.runIteration(AbstractBackgroundContainerScanner.java:100)&#10;        at app//org.apache.hadoop.ozone.container.ozoneimpl.AbstractBackgroundContainerScanner.run(AbstractBackgroundContainerScanner.java:59)&#10;        at java.base@21.0.6/java.lang.Thread.runWith(Thread.java:1596)&#10;        at java.base@21.0.6/java.lang.Thread.run(Thread.java:1583)&#10;&quot;4a3059aa-ae89-4e47-8f1e-08d61ab31d43-DatanodeStateMachineDaemonThread&quot; daemon prio=5 tid=794 timed_waiting&#10;java.lang.Thread.State: TIMED_WAITING&#10;        at java.base@21.0.6/java.lang.Thread.sleep0(Native Method)&#10;        at java.base@21.0.6/java.lang.Thread.sleep(Thread.java:509)&#10;        at app//org.apache.hadoop.ozone.container.common.statemachine.DatanodeStateMachine.startStateMachineThread(DatanodeStateMachine.java:361)&#10;        at app//org.apache.hadoop.ozone.container.common.statemachine.DatanodeStateMachine.lambda$startDaemon$1(DatanodeStateMachine.java:547)&#10;        at app//org.apache.hadoop.ozone.container.common.statemachine.DatanodeStateMachine$$Lambda/0x00007fd0ac80bb60.run(Unknown Source)&#10;        at java.base@21.0.6/java.lang.Thread.runWith(Thread.java:1596)&#10;        at java.base@21.0.6/java.lang.Thread.run(Thread.java:1583)&#10;&quot;Socket Reader #4 for port 15027&quot;  prio=5 tid=627 runnable&#10;java.lang.Thread.State: RUNNABLE&#10;        at java.base@21.0.6/sun.nio.ch.EPoll.wait(Native Method)&#10;        at java.base@21.0.6/sun.nio.ch.EPollSelectorImpl.doSelect(EPollSelectorImpl.java:121)&#10;        at java.base@21.0.6/sun.nio.ch.SelectorImpl.lockAndDoSelect(SelectorImpl.java:130)&#10;        at java.base@21.0.6/sun.nio.ch.SelectorImpl.select(SelectorImpl.java:147)&#10;        at app//org.apache.hadoop.ipc.Server$Listener$Reader.doRunLoop(Server.java:1497)&#10;        at app//org.apache.hadoop.ipc.Server$Listener$Reader.run(Server.java:1476)&#10;&quot;50f19a77-e23b-421f-a833-5664bb01cf1c@group-45D4895FEBC0-StateMachineUpdater&quot; daemon prio=5 tid=114 timed_waiting&#10;java.lang.Thread.State: TIMED_WAITING&#10;        at java.base@21.0.6/jdk.internal.misc.Unsafe.park(Native Method)&#10;        at java.base@21.0.6/java.util.concurrent.locks.LockSupport.parkNanos(LockSupport.java:269)&#10;        at java.base@21.0.6/java.util.concurrent.locks.AbstractQueuedSynchronizer$ConditionObject.await(AbstractQueuedSynchronizer.java:1852)&#10;        at app//org.apache.ratis.util.AwaitForSignal.await(AwaitForSignal.java:65)&#10;        at app//org.apache.ratis.server.impl.StateMachineUpdater.waitForCommit(StateMachineUpdater.java:219)&#10;        at app//org.apache.ratis.server.impl.StateMachineUpdater.run(StateMachineUpdater.java:187)&#10;        at java.base@21.0.6/java.lang.Thread.runWith(Thread.java:1596)&#10;        at java.base@21.0.6/java.lang.Thread.run(Thread.java:1583)&#10;&quot;IPC Server handler 97 on default port 15001&quot; daemon prio=5 tid=315 timed_waiting&#10;java.lang.Thread.State: TIMED_WAITING&#10;        at java.base@21.0.6/jdk.internal.misc.Unsafe.park(Native Method)&#10;        at java.base@21.0.6/java.util.concurrent.locks.LockSupport.parkNanos(LockSupport.java:269)&#10;        at java.base@21.0.6/java.util.concurrent.locks.AbstractQueuedSynchronizer$ConditionObject.awaitNanos(AbstractQueuedSynchronizer.java:1763)&#10;        at java.base@21.0.6/java.util.concurrent.LinkedBlockingQueue.poll(LinkedBlockingQueue.java:460)&#10;        at app//org.apache.hadoop.ipc.CallQueueManager.take(CallQueueManager.java:370)&#10;        at app//org.apache.hadoop.ipc.Server$Handler.run(Server.java:3165)&#10;&quot;d6a19b8b-82a2-4947-8b44-7228be6ad053-RocksDBCompactionThread-0&quot;  prio=5 tid=659 timed_waiting&#10;java.lang.Thread.State: TIMED_WAITING&#10;        at java.base@21.0.6/jdk.internal.misc.Unsafe.park(Native Method)&#10;        at java.base@21.0.6/java.util.concurrent.locks.LockSupport.parkNanos(LockSupport.java:269)&#10;        at java.base@21.0.6/java.util.concurrent.locks.AbstractQueuedSynchronizer$ConditionObject.awaitNanos(AbstractQueuedSynchronizer.java:1763)&#10;        at java.base@21.0.6/java.util.concurrent.ScheduledThreadPoolExecutor$DelayedWorkQueue.take(ScheduledThreadPoolExecutor.java:1182)&#10;        at java.base@21.0.6/java.util.concurrent.ScheduledThreadPoolExecutor$DelayedWorkQueue.take(ScheduledThreadPoolExecutor.java:899)&#10;        at java.base@21.0.6/java.util.concurrent.ThreadPoolExecutor.getTask(ThreadPoolExecutor.java:1070)&#10;        at java.base@21.0.6/java.util.concurrent.ThreadPoolExecutor.runWorker(ThreadPoolExecutor.java:1130)&#10;        at java.base@21.0.6/java.util.concurrent.ThreadPoolExecutor$Worker.run(ThreadPoolExecutor.java:642)&#10;        at java.base@21.0.6/java.lang.Thread.runWith(Thread.java:1596)&#10;        at java.base@21.0.6/java.lang.Thread.run(Thread.java:1583)&#10;&quot;IPC Server handler 3 on default port 15000&quot; daemon prio=5 tid=121 timed_waiting&#10;java.lang.Thread.State: TIMED_WAITING&#10;        at java.base@21.0.6/jdk.internal.misc.Unsafe.park(Native Method)&#10;        at java.base@21.0.6/java.util.concurrent.locks.LockSupport.parkNanos(LockSupport.java:269)&#10;        at java.base@21.0.6/java.util.concurrent.locks.AbstractQueuedSynchronizer$ConditionObject.awaitNanos(AbstractQueuedSynchronizer.java:1763)&#10;        at java.base@21.0.6/java.util.concurrent.LinkedBlockingQueue.poll(LinkedBlockingQueue.java:460)&#10;        at app//org.apache.hadoop.ipc.CallQueueManager.take(CallQueueManager.java:370)&#10;        at app//org.apache.hadoop.ipc.Server$Handler.run(Server.java:3165)&#10;&quot;IPC Server handler 43 on default port 15000&quot; daemon prio=5 tid=161 timed_waiting&#10;java.lang.Thread.State: TIMED_WAITING&#10;        at java.base@21.0.6/jdk.internal.misc.Unsafe.park(Native Method)&#10;        at java.base@21.0.6/java.util.concurrent.locks.LockSupport.parkNanos(LockSupport.java:269)&#10;        at java.base@21.0.6/java.util.concurrent.locks.AbstractQueuedSynchronizer$ConditionObject.awaitNanos(AbstractQueuedSynchronizer.java:1763)&#10;        at java.base@21.0.6/java.util.concurrent.LinkedBlockingQueue.poll(LinkedBlockingQueue.java:460)&#10;        at app//org.apache.hadoop.ipc.CallQueueManager.take(CallQueueManager.java:370)&#10;        at app//org.apache.hadoop.ipc.Server$Handler.run(Server.java:3165)&#10;&quot;IPC Server handler 0 on default port 15002&quot; daemon prio=5 tid=336 timed_waiting&#10;java.lang.Thread.State: TIMED_WAITING&#10;        at java.base@21.0.6/jdk.internal.misc.Unsafe.park(Native Method)&#10;        at java.base@21.0.6/java.util.concurrent.locks.LockSupport.parkNanos(LockSupport.java:269)&#10;        at java.base@21.0.6/java.util.concurrent.locks.AbstractQueuedSynchronizer$ConditionObject.awaitNanos(AbstractQueuedSynchronizer.java:1763)&#10;        at java.base@21.0.6/java.util.concurrent.LinkedBlockingQueue.poll(LinkedBlockingQueue.java:460)&#10;        at app//org.apache.hadoop.ipc.CallQueueManager.take(CallQueueManager.java:370)&#10;        at app//org.apache.hadoop.ipc.Server$Handler.run(Server.java:3165)&#10;&quot;IPC Server handler 39 on default port 15000&quot; daemon prio=5 tid=157 timed_waiting&#10;java.lang.Thread.State: TIMED_WAITING&#10;        at java.base@21.0.6/jdk.internal.misc.Unsafe.park(Native Method)&#10;        at java.base@21.0.6/java.util.concurrent.locks.LockSupport.parkNanos(LockSupport.java:269)&#10;        at java.base@21.0.6/java.util.concurrent.locks.AbstractQueuedSynchronizer$ConditionObject.awaitNanos(AbstractQueuedSynchronizer.java:1763)&#10;        at java.base@21.0.6/java.util.concurrent.LinkedBlockingQueue.poll(LinkedBlockingQueue.java:460)&#10;        at app//org.apache.hadoop.ipc.CallQueueManager.take(CallQueueManager.java:370)&#10;        at app//org.apache.hadoop.ipc.Server$Handler.run(Server.java:3165)&#10;&quot;IPC Server handler 74 on default port 15002&quot; daemon prio=5 tid=410 timed_waiting&#10;java.lang.Thread.State: TIMED_WAITING&#10;        at java.base@21.0.6/jdk.internal.misc.Unsafe.park(Native Method)&#10;        at java.base@21.0.6/java.util.concurrent.locks.LockSupport.parkNanos(LockSupport.java:269)&#10;        at java.base@21.0.6/java.util.concurrent.locks.AbstractQueuedSynchronizer$ConditionObject.awaitNanos(AbstractQueuedSynchronizer.java:1763)&#10;        at java.base@21.0.6/java.util.concurrent.LinkedBlockingQueue.poll(LinkedBlockingQueue.java:460)&#10;        at app//org.apache.hadoop.ipc.CallQueueManager.take(CallQueueManager.java:370)&#10;        at app//org.apache.hadoop.ipc.Server$Handler.run(Server.java:3165)&#10;&quot;IPC Server handler 35 on default port 15000&quot; daemon prio=5 tid=153 timed_waiting&#10;java.lang.Thread.State: TIMED_WAITING&#10;        at java.base@21.0.6/jdk.internal.misc.Unsafe.park(Native Method)&#10;        at java.base@21.0.6/java.util.concurrent.locks.LockSupport.parkNanos(LockSupport.java:269)&#10;        at java.base@21.0.6/java.util.concurrent.locks.AbstractQueuedSynchronizer$ConditionObject.awaitNanos(AbstractQueuedSynchronizer.java:1763)&#10;        at java.base@21.0.6/java.util.concurrent.LinkedBlockingQueue.poll(LinkedBlockingQueue.java:460)&#10;        at app//org.apache.hadoop.ipc.CallQueueManager.take(CallQueueManager.java:370)&#10;        at app//org.apache.hadoop.ipc.Server$Handler.run(Server.java:3165)&#10;&quot;IPC Server handler 64 on default port 15000&quot; daemon prio=5 tid=182 timed_waiting&#10;java.lang.Thread.State: TIMED_WAITING&#10;        at java.base@21.0.6/jdk.internal.misc.Unsafe.park(Native Method)&#10;        at java.base@21.0.6/java.util.concurrent.locks.LockSupport.parkNanos(LockSupport.java:269)&#10;        at java.base@21.0.6/java.util.concurrent.locks.AbstractQueuedSynchronizer$ConditionObject.awaitNanos(AbstractQueuedSynchronizer.java:1763)&#10;        at java.base@21.0.6/java.util.concurrent.LinkedBlockingQueue.poll(LinkedBlockingQueue.java:460)&#10;        at app//org.apache.hadoop.ipc.CallQueueManager.take(CallQueueManager.java:370)&#10;        at app//org.apache.hadoop.ipc.Server$Handler.run(Server.java:3165)&#10;&quot;om1-DirectoryDeletingService#0&quot; daemon prio=5 tid=471 timed_waiting&#10;java.lang.Thread.State: TIMED_WAITING&#10;        at java.base@21.0.6/jdk.internal.misc.Unsafe.park(Native Method)&#10;        at java.base@21.0.6/java.util.concurrent.locks.LockSupport.parkNanos(LockSupport.java:269)&#10;        at java.base@21.0.6/java.util.concurrent.locks.AbstractQueuedSynchronizer$ConditionObject.awaitNanos(AbstractQueuedSynchronizer.java:1763)&#10;        at java.base@21.0.6/java.util.concurrent.ScheduledThreadPoolExecutor$DelayedWorkQueue.take(ScheduledThreadPoolExecutor.java:1182)&#10;        at java.base@21.0.6/java.util.concurrent.ScheduledThreadPoolExecutor$DelayedWorkQueue.take(ScheduledThreadPoolExecutor.java:899)&#10;        at java.base@21.0.6/java.util.concurrent.ThreadPoolExecutor.getTask(ThreadPoolExecutor.java:1070)&#10;        at java.base@21.0.6/java.util.concurrent.ThreadPoolExecutor.runWorker(ThreadPoolExecutor.java:1130)&#10;        at java.base@21.0.6/java.util.concurrent.ThreadPoolExecutor$Worker.run(ThreadPoolExecutor.java:642)&#10;        at java.base@21.0.6/java.lang.Thread.runWith(Thread.java:1596)&#10;        at java.base@21.0.6/java.lang.Thread.run(Thread.java:1583)&#10;&quot;IPC Server handler 89 on default port 15001&quot; daemon prio=5 tid=307 timed_waiting&#10;java.lang.Thread.State: TIMED_WAITING&#10;        at java.base@21.0.6/jdk.internal.misc.Unsafe.park(Native Method)&#10;        at java.base@21.0.6/java.util.concurrent.locks.LockSupport.parkNanos(LockSupport.java:269)&#10;        at java.base@21.0.6/java.util.concurrent.locks.AbstractQueuedSynchronizer$ConditionObject.awaitNanos(AbstractQueuedSynchronizer.java:1763)&#10;        at java.base@21.0.6/java.util.concurrent.LinkedBlockingQueue.poll(LinkedBlockingQueue.java:460)&#10;        at app//org.apache.hadoop.ipc.CallQueueManager.take(CallQueueManager.java:370)&#10;        at app//org.apache.hadoop.ipc.Server$Handler.run(Server.java:3165)&#10;&quot;Socket Reader #2 for port 15035&quot;  prio=5 tid=695 runnable&#10;java.lang.Thread.State: RUNNABLE&#10;        at java.base@21.0.6/sun.nio.ch.EPoll.wait(Native Method)&#10;        at java.base@21.0.6/sun.nio.ch.EPollSelectorImpl.doSelect(EPollSelectorImpl.java:121)&#10;        at java.base@21.0.6/sun.nio.ch.SelectorImpl.lockAndDoSelect(SelectorImpl.java:130)&#10;        at java.base@21.0.6/sun.nio.ch.SelectorImpl.select(SelectorImpl.java:147)&#10;        at app//org.apache.hadoop.ipc.Server$Listener$Reader.doRunLoop(Server.java:1497)&#10;        at app//org.apache.hadoop.ipc.Server$Listener$Reader.run(Server.java:1476)&#10;&quot;IPC Server handler 10 on default port 15001&quot; daemon prio=5 tid=228 timed_waiting&#10;java.lang.Thread.State: TIMED_WAITING&#10;        at java.base@21.0.6/jdk.internal.misc.Unsafe.park(Native Method)&#10;        at java.base@21.0.6/java.util.concurrent.locks.LockSupport.parkNanos(LockSupport.java:269)&#10;        at java.base@21.0.6/java.util.concurrent.locks.AbstractQueuedSynchronizer$ConditionObject.awaitNanos(AbstractQueuedSynchronizer.java:1763)&#10;        at java.base@21.0.6/java.util.concurrent.LinkedBlockingQueue.poll(LinkedBlockingQueue.java:460)&#10;        at app//org.apache.hadoop.ipc.CallQueueManager.take(CallQueueManager.java:370)&#10;        at app//org.apache.hadoop.ipc.Server$Handler.run(Server.java:3165)&#10;&quot;NetworkTopologyPoller&quot; daemon prio=5 tid=469 timed_waiting&#10;java.lang.Thread.State: TIMED_WAITING&#10;        at java.base@21.0.6/jdk.internal.misc.Unsafe.park(Native Method)&#10;        at java.base@21.0.6/java.util.concurrent.locks.LockSupport.parkNanos(LockSupport.java:269)&#10;        at java.base@21.0.6/java.util.concurrent.locks.AbstractQueuedSynchronizer$ConditionObject.awaitNanos(AbstractQueuedSynchronizer.java:1763)&#10;        at java.base@21.0.6/java.util.concurrent.ScheduledThreadPoolExecutor$DelayedWorkQueue.take(ScheduledThreadPoolExecutor.java:1182)&#10;        at java.base@21.0.6/java.util.concurrent.ScheduledThreadPoolExecutor$DelayedWorkQueue.take(ScheduledThreadPoolExecutor.java:899)&#10;        at java.base@21.0.6/java.util.concurrent.ThreadPoolExecutor.getTask(ThreadPoolExecutor.java:1070)&#10;        at java.base@21.0.6/java.util.concurrent.ThreadPoolExecutor.runWorker(ThreadPoolExecutor.java:1130)&#10;        at java.base@21.0.6/java.util.concurrent.ThreadPoolExecutor$Worker.run(ThreadPoolExecutor.java:642)&#10;        at java.base@21.0.6/java.lang.Thread.runWith(Thread.java:1596)&#10;        at java.base@21.0.6/java.lang.Thread.run(Thread.java:1583)&#10;&quot;Socket Reader #7 for port 15006&quot;  prio=5 tid=454 runnable&#10;java.lang.Thread.State: RUNNABLE&#10;        at java.base@21.0.6/sun.nio.ch.EPoll.wait(Native Method)&#10;        at java.base@21.0.6/sun.nio.ch.EPollSelectorImpl.doSelect(EPollSelectorImpl.java:121)&#10;        at java.base@21.0.6/sun.nio.ch.SelectorImpl.lockAndDoSelect(SelectorImpl.java:130)&#10;        at java.base@21.0.6/sun.nio.ch.SelectorImpl.select(SelectorImpl.java:147)&#10;        at app//org.apache.hadoop.ipc.Server$Listener$Reader.doRunLoop(Server.java:1497)&#10;        at app//org.apache.hadoop.ipc.Server$Listener$Reader.run(Server.java:1476)&#10;&quot;qtp1419970068-670&quot; daemon prio=5 tid=670 timed_waiting&#10;java.lang.Thread.State: TIMED_WAITING&#10;        at java.base@21.0.6/jdk.internal.misc.Unsafe.park(Native Method)&#10;        at java.base@21.0.6/java.util.concurrent.locks.LockSupport.parkNanos(LockSupport.java:269)&#10;        at java.base@21.0.6/java.util.concurrent.locks.AbstractQueuedSynchronizer$ConditionObject.awaitNanos(AbstractQueuedSynchronizer.java:1763)&#10;        at app//org.eclipse.jetty.util.BlockingArrayQueue.poll(BlockingArrayQueue.java:382)&#10;        at app//org.eclipse.jetty.util.thread.QueuedThreadPool$Runner.idleJobPoll(QueuedThreadPool.java:974)&#10;        at app//org.eclipse.jetty.util.thread.QueuedThreadPool$Runner.run(QueuedThreadPool.java:1018)&#10;        at java.base@21.0.6/java.lang.Thread.runWith(Thread.java:1596)&#10;        at java.base@21.0.6/java.lang.Thread.run(Thread.java:1583)&#10;&quot;qtp1419970068-672&quot; daemon prio=5 tid=672 timed_waiting&#10;java.lang.Thread.State: TIMED_WAITING&#10;        at java.base@21.0.6/jdk.internal.misc.Unsafe.park(Native Method)&#10;        at java.base@21.0.6/java.util.concurrent.locks.LockSupport.parkNanos(LockSupport.java:269)&#10;        at java.base@21.0.6/java.util.concurrent.locks.AbstractQueuedSynchronizer$ConditionObject.awaitNanos(AbstractQueuedSynchronizer.java:1763)&#10;        at app//org.eclipse.jetty.util.BlockingArrayQueue.poll(BlockingArrayQueue.java:382)&#10;        at app//org.eclipse.jetty.util.thread.QueuedThreadPool$Runner.idleJobPoll(QueuedThreadPool.java:974)&#10;        at app//org.eclipse.jetty.util.thread.QueuedThreadPool$Runner.run(QueuedThreadPool.java:1018)&#10;        at java.base@21.0.6/java.lang.Thread.runWith(Thread.java:1596)&#10;        at java.base@21.0.6/java.lang.Thread.run(Thread.java:1583)&#10;&quot;d6a19b8b-82a2-4947-8b44-7228be6ad053@group-6CDEAD350F28-cacheEviction-AwaitToRun&quot; daemon prio=5 tid=944 in Object.wait()&#10;java.lang.Thread.State: WAITING (on object monitor)&#10;        at java.base@21.0.6/jdk.internal.misc.Unsafe.park(Native Method)&#10;        at java.base@21.0.6/java.util.concurrent.locks.LockSupport.park(LockSupport.java:371)&#10;        at java.base@21.0.6/java.util.concurrent.locks.AbstractQueuedSynchronizer$ConditionNode.block(AbstractQueuedSynchronizer.java:519)&#10;        at java.base@21.0.6/java.util.concurrent.ForkJoinPool.unmanagedBlock(ForkJoinPool.java:3780)&#10;        at java.base@21.0.6/java.util.concurrent.ForkJoinPool.managedBlock(ForkJoinPool.java:3725)&#10;        at java.base@21.0.6/java.util.concurrent.locks.AbstractQueuedSynchronizer$ConditionObject.await(AbstractQueuedSynchronizer.java:1712)&#10;        at app//org.apache.ratis.util.AwaitForSignal.await(AwaitForSignal.java:48)&#10;        at app//org.apache.ratis.util.AwaitToRun$RunnableImpl.run(AwaitToRun.java:47)&#10;        at java.base@21.0.6/java.lang.Thread.runWith(Thread.java:1596)&#10;        at java.base@21.0.6/java.lang.Thread.run(Thread.java:1583)&#10;&quot;IPC Server handler 36 on default port 15001&quot; daemon prio=5 tid=254 timed_waiting&#10;java.lang.Thread.State: TIMED_WAITING&#10;        at java.base@21.0.6/jdk.internal.misc.Unsafe.park(Native Method)&#10;        at java.base@21.0.6/java.util.concurrent.locks.LockSupport.parkNanos(LockSupport.java:269)&#10;        at java.base@21.0.6/java.util.concurrent.locks.AbstractQueuedSynchronizer$ConditionObject.awaitNanos(AbstractQueuedSynchronizer.java:1763)&#10;        at java.base@21.0.6/java.util.concurrent.LinkedBlockingQueue.poll(LinkedBlockingQueue.java:460)&#10;        at app//org.apache.hadoop.ipc.CallQueueManager.take(CallQueueManager.java:370)&#10;        at app//org.apache.hadoop.ipc.Server$Handler.run(Server.java:3165)&#10;&quot;IPC Server handler 69 on default port 15001&quot; daemon prio=5 tid=287 timed_waiting&#10;java.lang.Thread.State: TIMED_WAITING&#10;        at java.base@21.0.6/jdk.internal.misc.Unsafe.park(Native Method)&#10;        at java.base@21.0.6/java.util.concurrent.locks.LockSupport.parkNanos(LockSupport.java:269)&#10;        at java.base@21.0.6/java.util.concurrent.locks.AbstractQueuedSynchronizer$ConditionObject.awaitNanos(AbstractQueuedSynchronizer.java:1763)&#10;        at java.base@21.0.6/java.util.concurrent.LinkedBlockingQueue.poll(LinkedBlockingQueue.java:460)&#10;        at app//org.apache.hadoop.ipc.CallQueueManager.take(CallQueueManager.java:370)&#10;        at app//org.apache.hadoop.ipc.Server$Handler.run(Server.java:3165)&#10;&quot;IPC Server handler 93 on default port 15001&quot; daemon prio=5 tid=311 timed_waiting&#10;java.lang.Thread.State: TIMED_WAITING&#10;        at java.base@21.0.6/jdk.internal.misc.Unsafe.park(Native Method)&#10;        at java.base@21.0.6/java.util.concurrent.locks.LockSupport.parkNanos(LockSupport.java:269)&#10;        at java.base@21.0.6/java.util.concurrent.locks.AbstractQueuedSynchronizer$ConditionObject.awaitNanos(AbstractQueuedSynchronizer.java:1763)&#10;        at java.base@21.0.6/java.util.concurrent.LinkedBlockingQueue.poll(LinkedBlockingQueue.java:460)&#10;        at app//org.apache.hadoop.ipc.CallQueueManager.take(CallQueueManager.java:370)&#10;        at app//org.apache.hadoop.ipc.Server$Handler.run(Server.java:3165)&#10;&quot;IPC Server handler 15 on default port 15006&quot; daemon prio=5 tid=510 timed_waiting&#10;java.lang.Thread.State: TIMED_WAITING&#10;        at java.base@21.0.6/jdk.internal.misc.Unsafe.park(Native Method)&#10;        at java.base@21.0.6/java.util.concurrent.locks.LockSupport.parkNanos(LockSupport.java:269)&#10;        at java.base@21.0.6/java.util.concurrent.locks.AbstractQueuedSynchronizer$ConditionObject.awaitNanos(AbstractQueuedSynchronizer.java:1763)&#10;        at java.base@21.0.6/java.util.concurrent.LinkedBlockingQueue.poll(LinkedBlockingQueue.java:460)&#10;        at app//org.apache.hadoop.ipc.CallQueueManager.take(CallQueueManager.java:370)&#10;        at app//org.apache.hadoop.ipc.Server$Handler.run(Server.java:3165)&#10;&quot;timer2&quot; daemon prio=5 tid=980 timed_waiting&#10;java.lang.Thread.State: TIMED_WAITING&#10;        at java.base@21.0.6/java.lang.Object.wait0(Native Method)&#10;        at java.base@21.0.6/java.lang.Object.wait(Object.java:366)&#10;        at java.base@21.0.6/java.util.TimerThread.mainLoop(Timer.java:563)&#10;        at java.base@21.0.6/java.util.TimerThread.run(Timer.java:516)&#10;&quot;d6a19b8b-82a2-4947-8b44-7228be6ad053-impl-thread1&quot;  prio=5 tid=663 timed_waiting&#10;java.lang.Thread.State: TIMED_WAITING&#10;        at java.base@21.0.6/jdk.internal.misc.Unsafe.park(Native Method)&#10;        at java.base@21.0.6/java.util.concurrent.locks.LockSupport.parkNanos(LockSupport.java:410)&#10;        at java.base@21.0.6/java.util.concurrent.LinkedTransferQueue$DualNode.await(LinkedTransferQueue.java:452)&#10;        at java.base@21.0.6/java.util.concurrent.SynchronousQueue$Transferer.xferLifo(SynchronousQueue.java:194)&#10;        at java.base@21.0.6/java.util.concurrent.SynchronousQueue.xfer(SynchronousQueue.java:235)&#10;        at java.base@21.0.6/java.util.concurrent.SynchronousQueue.poll(SynchronousQueue.java:338)&#10;        at java.base@21.0.6/java.util.concurrent.ThreadPoolExecutor.getTask(ThreadPoolExecutor.java:1069)&#10;        at java.base@21.0.6/java.util.concurrent.ThreadPoolExecutor.runWorker(ThreadPoolExecutor.java:1130)&#10;        at java.base@21.0.6/java.util.concurrent.ThreadPoolExecutor$Worker.run(ThreadPoolExecutor.java:642)&#10;        at java.base@21.0.6/java.lang.Thread.runWith(Thread.java:1596)&#10;        at java.base@21.0.6/java.lang.Thread.run(Thread.java:1583)&#10;&quot;4a3059aa-ae89-4e47-8f1e-08d61ab31d43-PeriodicHDDSVolumeChecker&quot; daemon prio=5 tid=836 timed_waiting&#10;java.lang.Thread.State: TIMED_WAITING&#10;        at java.base@21.0.6/jdk.internal.misc.Unsafe.park(Native Method)&#10;        at java.base@21.0.6/java.util.concurrent.locks.LockSupport.parkNanos(LockSupport.java:269)&#10;        at java.base@21.0.6/java.util.concurrent.locks.AbstractQueuedSynchronizer$ConditionObject.awaitNanos(AbstractQueuedSynchronizer.java:1763)&#10;        at java.base@21.0.6/java.util.concurrent.ScheduledThreadPoolExecutor$DelayedWorkQueue.take(ScheduledThreadPoolExecutor.java:1182)&#10;        at java.base@21.0.6/java.util.concurrent.ScheduledThreadPoolExecutor$DelayedWorkQueue.take(ScheduledThreadPoolExecutor.java:899)&#10;        at java.base@21.0.6/java.util.concurrent.ThreadPoolExecutor.getTask(ThreadPoolExecutor.java:1070)&#10;        at java.base@21.0.6/java.util.concurrent.ThreadPoolExecutor.runWorker(ThreadPoolExecutor.java:1130)&#10;        at java.base@21.0.6/java.util.concurrent.ThreadPoolExecutor$Worker.run(ThreadPoolExecutor.java:642)&#10;        at java.base@21.0.6/java.lang.Thread.runWith(Thread.java:1596)&#10;        at java.base@21.0.6/java.lang.Thread.run(Thread.java:1583)&#10;&quot;IPC Server handler 14 on default port 15001&quot; daemon prio=5 tid=232 timed_waiting&#10;java.lang.Thread.State: TIMED_WAITING&#10;        at java.base@21.0.6/jdk.internal.misc.Unsafe.park(Native Method)&#10;        at java.base@21.0.6/java.util.concurrent.locks.LockSupport.parkNanos(LockSupport.java:269)&#10;        at java.base@21.0.6/java.util.concurrent.locks.AbstractQueuedSynchronizer$ConditionObject.awaitNanos(AbstractQueuedSynchronizer.java:1763)&#10;        at java.base@21.0.6/java.util.concurrent.LinkedBlockingQueue.poll(LinkedBlockingQueue.java:460)&#10;        at app//org.apache.hadoop.ipc.CallQueueManager.take(CallQueueManager.java:370)&#10;        at app//org.apache.hadoop.ipc.Server$Handler.run(Server.java:3165)&#10;&quot;qtp2117639382-488-acceptor-0@6fdcc890-ServerConnector@3bd623b2{HTTP/1.1, (http/1.1)}{0.0.0.0:15007}&quot; daemon prio=3 tid=488 runnable&#10;java.lang.Thread.State: RUNNABLE&#10;        at java.base@21.0.6/sun.nio.ch.Net.accept(Native Method)&#10;        at java.base@21.0.6/sun.nio.ch.ServerSocketChannelImpl.implAccept(ServerSocketChannelImpl.java:433)&#10;        at java.base@21.0.6/sun.nio.ch.ServerSocketChannelImpl.accept(ServerSocketChannelImpl.java:399)&#10;        at app//org.eclipse.jetty.server.ServerConnector.accept(ServerConnector.java:388)&#10;        at app//org.eclipse.jetty.server.AbstractConnector$Acceptor.run(AbstractConnector.java:704)&#10;        at app//org.eclipse.jetty.util.thread.QueuedThreadPool.runJob(QueuedThreadPool.java:883)&#10;        at app//org.eclipse.jetty.util.thread.QueuedThreadPool$Runner.run(QueuedThreadPool.java:1034)&#10;        at java.base@21.0.6/java.lang.Thread.runWith(Thread.java:1596)&#10;        at java.base@21.0.6/java.lang.Thread.run(Thread.java:1583)&#10;&quot;a6bf55e3-38e4-411e-ac0b-5acdb6a35656-PeriodicHDDSVolumeChecker&quot; daemon prio=5 tid=781 timed_waiting&#10;java.lang.Thread.State: TIMED_WAITING&#10;        at java.base@21.0.6/jdk.internal.misc.Unsafe.park(Native Method)&#10;        at java.base@21.0.6/java.util.concurrent.locks.LockSupport.parkNanos(LockSupport.java:269)&#10;        at java.base@21.0.6/java.util.concurrent.locks.AbstractQueuedSynchronizer$ConditionObject.awaitNanos(AbstractQueuedSynchronizer.java:1763)&#10;        at java.base@21.0.6/java.util.concurrent.ScheduledThreadPoolExecutor$DelayedWorkQueue.take(ScheduledThreadPoolExecutor.java:1182)&#10;        at java.base@21.0.6/java.util.concurrent.ScheduledThreadPoolExecutor$DelayedWorkQueue.take(ScheduledThreadPoolExecutor.java:899)&#10;        at java.base@21.0.6/java.util.concurrent.ThreadPoolExecutor.getTask(ThreadPoolExecutor.java:1070)&#10;        at java.base@21.0.6/java.util.concurrent.ThreadPoolExecutor.runWorker(ThreadPoolExecutor.java:1130)&#10;        at java.base@21.0.6/java.util.concurrent.ThreadPoolExecutor$Worker.run(ThreadPoolExecutor.java:642)&#10;        at java.base@21.0.6/java.lang.Thread.runWith(Thread.java:1596)&#10;        at java.base@21.0.6/java.lang.Thread.run(Thread.java:1583)&#10;&quot;d6a19b8b-82a2-4947-8b44-7228be6ad053-ChunkWriter-3-0&quot; daemon prio=5 tid=824 in Object.wait()&#10;java.lang.Thread.State: WAITING (on object monitor)&#10;        at java.base@21.0.6/jdk.internal.misc.Unsafe.park(Native Method)&#10;        at java.base@21.0.6/java.util.concurrent.locks.LockSupport.park(LockSupport.java:371)&#10;        at java.base@21.0.6/java.util.concurrent.locks.AbstractQueuedSynchronizer$ConditionNode.block(AbstractQueuedSynchronizer.java:519)&#10;        at java.base@21.0.6/java.util.concurrent.ForkJoinPool.unmanagedBlock(ForkJoinPool.java:3780)&#10;        at java.base@21.0.6/java.util.concurrent.ForkJoinPool.managedBlock(ForkJoinPool.java:3725)&#10;        at java.base@21.0.6/java.util.concurrent.locks.AbstractQueuedSynchronizer$ConditionObject.await(AbstractQueuedSynchronizer.java:1712)&#10;        at java.base@21.0.6/java.util.concurrent.LinkedBlockingDeque.takeFirst(LinkedBlockingDeque.java:485)&#10;        at java.base@21.0.6/java.util.concurrent.LinkedBlockingDeque.take(LinkedBlockingDeque.java:673)&#10;        at java.base@21.0.6/java.util.concurrent.ThreadPoolExecutor.getTask(ThreadPoolExecutor.java:1070)&#10;        at java.base@21.0.6/java.util.concurrent.ThreadPoolExecutor.runWorker(ThreadPoolExecutor.java:1130)&#10;        at java.base@21.0.6/java.util.concurrent.ThreadPoolExecutor$Worker.run(ThreadPoolExecutor.java:642)&#10;        at java.base@21.0.6/java.lang.Thread.runWith(Thread.java:1596)&#10;        at java.base@21.0.6/java.lang.Thread.run(Thread.java:1583)&#10;&quot;EventQueue-OpenPipelineForHealthyPipelineSafeModeRule&quot; daemon prio=5 tid=857 in Object.wait()&#10;java.lang.Thread.State: WAITING (on object monitor)&#10;        at java.base@21.0.6/jdk.internal.misc.Unsafe.park(Native Method)&#10;        at java.base@21.0.6/java.util.concurrent.locks.LockSupport.park(LockSupport.java:371)&#10;        at java.base@21.0.6/java.util.concurrent.locks.AbstractQueuedSynchronizer$ConditionNode.block(AbstractQueuedSynchronizer.java:519)&#10;        at java.base@21.0.6/java.util.concurrent.ForkJoinPool.unmanagedBlock(ForkJoinPool.java:3780)&#10;        at java.base@21.0.6/java.util.concurrent.ForkJoinPool.managedBlock(ForkJoinPool.java:3725)&#10;        at java.base@21.0.6/java.util.concurrent.locks.AbstractQueuedSynchronizer$ConditionObject.await(AbstractQueuedSynchronizer.java:1712)&#10;        at java.base@21.0.6/java.util.concurrent.LinkedBlockingQueue.take(LinkedBlockingQueue.java:435)&#10;        at java.base@21.0.6/java.util.concurrent.ThreadPoolExecutor.getTask(ThreadPoolExecutor.java:1070)&#10;        at java.base@21.0.6/java.util.concurrent.ThreadPoolExecutor.runWorker(ThreadPoolExecutor.java:1130)&#10;        at java.base@21.0.6/java.util.concurrent.ThreadPoolExecutor$Worker.run(ThreadPoolExecutor.java:642)&#10;        at java.base@21.0.6/java.lang.Thread.runWith(Thread.java:1596)&#10;        at java.base@21.0.6/java.lang.Thread.run(Thread.java:1583)&#10;&quot;IPC Server handler 18 on default port 15001&quot; daemon prio=5 tid=236 timed_waiting&#10;java.lang.Thread.State: TIMED_WAITING&#10;        at java.base@21.0.6/jdk.internal.misc.Unsafe.park(Native Method)&#10;        at java.base@21.0.6/java.util.concurrent.locks.LockSupport.parkNanos(LockSupport.java:269)&#10;        at java.base@21.0.6/java.util.concurrent.locks.AbstractQueuedSynchronizer$ConditionObject.awaitNanos(AbstractQueuedSynchronizer.java:1763)&#10;        at java.base@21.0.6/java.util.concurrent.LinkedBlockingQueue.poll(LinkedBlockingQueue.java:460)&#10;        at app//org.apache.hadoop.ipc.CallQueueManager.take(CallQueueManager.java:370)&#10;        at app//org.apache.hadoop.ipc.Server$Handler.run(Server.java:3165)&#10;&quot;IPC Server handler 90 on default port 15001&quot; daemon prio=5 tid=308 timed_waiting&#10;java.lang.Thread.State: TIMED_WAITING&#10;        at java.base@21.0.6/jdk.internal.misc.Unsafe.park(Native Method)&#10;        at java.base@21.0.6/java.util.concurrent.locks.LockSupport.parkNanos(LockSupport.java:269)&#10;        at java.base@21.0.6/java.util.concurrent.locks.AbstractQueuedSynchronizer$ConditionObject.awaitNanos(AbstractQueuedSynchronizer.java:1763)&#10;        at java.base@21.0.6/java.util.concurrent.LinkedBlockingQueue.poll(LinkedBlockingQueue.java:460)&#10;        at app//org.apache.hadoop.ipc.CallQueueManager.take(CallQueueManager.java:370)&#10;        at app//org.apache.hadoop.ipc.Server$Handler.run(Server.java:3165)&#10;&quot;StaleRecoveringContainerScrubbingService#1&quot; daemon prio=5 tid=850 timed_waiting&#10;java.lang.Thread.State: TIMED_WAITING&#10;        at java.base@21.0.6/jdk.internal.misc.Unsafe.park(Native Method)&#10;        at java.base@21.0.6/java.util.concurrent.locks.LockSupport.parkNanos(LockSupport.java:269)&#10;        at java.base@21.0.6/java.util.concurrent.locks.AbstractQueuedSynchronizer$ConditionObject.awaitNanos(AbstractQueuedSynchronizer.java:1763)&#10;        at java.base@21.0.6/java.util.concurrent.ScheduledThreadPoolExecutor$DelayedWorkQueue.take(ScheduledThreadPoolExecutor.java:1182)&#10;        at java.base@21.0.6/java.util.concurrent.ScheduledThreadPoolExecutor$DelayedWorkQueue.take(ScheduledThreadPoolExecutor.java:899)&#10;        at java.base@21.0.6/java.util.concurrent.ThreadPoolExecutor.getTask(ThreadPoolExecutor.java:1070)&#10;        at java.base@21.0.6/java.util.concurrent.ThreadPoolExecutor.runWorker(ThreadPoolExecutor.java:1130)&#10;        at java.base@21.0.6/java.util.concurrent.ThreadPoolExecutor$Worker.run(ThreadPoolExecutor.java:642)&#10;        at java.base@21.0.6/java.lang.Thread.runWith(Thread.java:1596)&#10;        at java.base@21.0.6/java.lang.Thread.run(Thread.java:1583)&#10;&quot;ReplicationMonitor&quot; daemon prio=5 tid=55 timed_waiting&#10;java.lang.Thread.State: TIMED_WAITING&#10;        at java.base@21.0.6/java.lang.Object.wait0(Native Method)&#10;        at java.base@21.0.6/java.lang.Object.wait(Object.java:366)&#10;        at app//org.apache.hadoop.hdds.scm.container.replication.ReplicationManager.run(ReplicationManager.java:933)&#10;        at app//org.apache.hadoop.hdds.scm.container.replication.ReplicationManager$$Lambda/0x00007fd0ac4ddd78.run(Unknown Source)&#10;        at java.base@21.0.6/java.lang.Thread.runWith(Thread.java:1596)&#10;        at java.base@21.0.6/java.lang.Thread.run(Thread.java:1583)&#10;&quot;qtp596278845-322&quot; daemon prio=5 tid=322 runnable&#10;java.lang.Thread.State: RUNNABLE&#10;        at java.base@21.0.6/sun.nio.ch.EPoll.wait(Native Method)&#10;        at java.base@21.0.6/sun.nio.ch.EPollSelectorImpl.doSelect(EPollSelectorImpl.java:121)&#10;        at java.base@21.0.6/sun.nio.ch.SelectorImpl.lockAndDoSelect(SelectorImpl.java:130)&#10;        at java.base@21.0.6/sun.nio.ch.SelectorImpl.select(SelectorImpl.java:147)&#10;        at app//org.eclipse.jetty.io.ManagedSelector.nioSelect(ManagedSelector.java:183)&#10;        at app//org.eclipse.jetty.io.ManagedSelector.select(ManagedSelector.java:190)&#10;        at app//org.eclipse.jetty.io.ManagedSelector$SelectorProducer.select(ManagedSelector.java:606)&#10;        at app//org.eclipse.jetty.io.ManagedSelector$SelectorProducer.produce(ManagedSelector.java:543)&#10;        at app//org.eclipse.jetty.util.thread.strategy.EatWhatYouKill.produceTask(EatWhatYouKill.java:362)&#10;        at app//org.eclipse.jetty.util.thread.strategy.EatWhatYouKill.doProduce(EatWhatYouKill.java:186)&#10;        at app//org.eclipse.jetty.util.thread.strategy.EatWhatYouKill.tryProduce(EatWhatYouKill.java:173)&#10;        at app//org.eclipse.jetty.util.thread.strategy.EatWhatYouKill.produce(EatWhatYouKill.java:137)&#10;        at app//org.eclipse.jetty.io.ManagedSelector$$Lambda/0x00007fd0ac690720.run(Unknown Source)&#10;        at app//org.eclipse.jetty.util.thread.QueuedThreadPool.runJob(QueuedThreadPool.java:883)&#10;        at app//org.eclipse.jetty.util.thread.QueuedThreadPool$Runner.run(QueuedThreadPool.java:1034)&#10;        at java.base@21.0.6/java.lang.Thread.runWith(Thread.java:1596)&#10;        at java.base@21.0.6/java.lang.Thread.run(Thread.java:1583)&#10;&quot;a6bf55e3-38e4-411e-ac0b-5acdb6a35656-BlockDeletingService#1&quot; daemon prio=5 tid=810 in Object.wait()&#10;java.lang.Thread.State: WAITING (on object monitor)&#10;        at java.base@21.0.6/jdk.internal.misc.Unsafe.park(Native Method)&#10;        at java.base@21.0.6/java.util.concurrent.locks.LockSupport.park(LockSupport.java:371)&#10;        at java.base@21.0.6/java.util.concurrent.locks.AbstractQueuedSynchronizer$ConditionNode.block(AbstractQueuedSynchronizer.java:519)&#10;        at java.base@21.0.6/java.util.concurrent.ForkJoinPool.unmanagedBlock(ForkJoinPool.java:3780)&#10;        at java.base@21.0.6/java.util.concurrent.ForkJoinPool.managedBlock(ForkJoinPool.java:3725)&#10;        at java.base@21.0.6/java.util.concurrent.locks.AbstractQueuedSynchronizer$ConditionObject.await(AbstractQueuedSynchronizer.java:1712)&#10;        at java.base@21.0.6/java.util.concurrent.ScheduledThreadPoolExecutor$DelayedWorkQueue.take(ScheduledThreadPoolExecutor.java:1177)&#10;        at java.base@21.0.6/java.util.concurrent.ScheduledThreadPoolExecutor$DelayedWorkQueue.take(ScheduledThreadPoolExecutor.java:899)&#10;        at java.base@21.0.6/java.util.concurrent.ThreadPoolExecutor.getTask(ThreadPoolExecutor.java:1070)&#10;        at java.base@21.0.6/java.util.concurrent.ThreadPoolExecutor.runWorker(ThreadPoolExecutor.java:1130)&#10;        at java.base@21.0.6/java.util.concurrent.ThreadPoolExecutor$Worker.run(ThreadPoolExecutor.java:642)&#10;        at java.base@21.0.6/java.lang.Thread.runWith(Thread.java:1596)&#10;        at java.base@21.0.6/java.lang.Thread.run(Thread.java:1583)&#10;&quot;4a3059aa-ae89-4e47-8f1e-08d61ab31d43-ChunkWriter-0-0&quot; daemon prio=5 tid=841 in Object.wait()&#10;java.lang.Thread.State: WAITING (on object monitor)&#10;        at java.base@21.0.6/jdk.internal.misc.Unsafe.park(Native Method)&#10;        at java.base@21.0.6/java.util.concurrent.locks.LockSupport.park(LockSupport.java:371)&#10;        at java.base@21.0.6/java.util.concurrent.locks.AbstractQueuedSynchronizer$ConditionNode.block(AbstractQueuedSynchronizer.java:519)&#10;        at java.base@21.0.6/java.util.concurrent.ForkJoinPool.unmanagedBlock(ForkJoinPool.java:3780)&#10;        at java.base@21.0.6/java.util.concurrent.ForkJoinPool.managedBlock(ForkJoinPool.java:3725)&#10;        at java.base@21.0.6/java.util.concurrent.locks.AbstractQueuedSynchronizer$ConditionObject.await(AbstractQueuedSynchronizer.java:1712)&#10;        at java.base@21.0.6/java.util.concurrent.LinkedBlockingDeque.takeFirst(LinkedBlockingDeque.java:485)&#10;        at java.base@21.0.6/java.util.concurrent.LinkedBlockingDeque.take(LinkedBlockingDeque.java:673)&#10;        at java.base@21.0.6/java.util.concurrent.ThreadPoolExecutor.getTask(ThreadPoolExecutor.java:1070)&#10;        at java.base@21.0.6/java.util.concurrent.ThreadPoolExecutor.runWorker(ThreadPoolExecutor.java:1130)&#10;        at java.base@21.0.6/java.util.concurrent.ThreadPoolExecutor$Worker.run(ThreadPoolExecutor.java:642)&#10;        at java.base@21.0.6/java.lang.Thread.runWith(Thread.java:1596)&#10;        at java.base@21.0.6/java.lang.Thread.run(Thread.java:1583)&#10;&quot;a6bf55e3-38e4-411e-ac0b-5acdb6a35656-EndpointStateMachineTaskThread-/0.0.0.0:15002-0 &quot;  prio=5 tid=757 in Object.wait()&#10;java.lang.Thread.State: WAITING (on object monitor)&#10;        at java.base@21.0.6/jdk.internal.misc.Unsafe.park(Native Method)&#10;        at java.base@21.0.6/java.util.concurrent.locks.LockSupport.park(LockSupport.java:371)&#10;        at java.base@21.0.6/java.util.concurrent.locks.AbstractQueuedSynchronizer$ConditionNode.block(AbstractQueuedSynchronizer.java:519)&#10;        at java.base@21.0.6/java.util.concurrent.ForkJoinPool.unmanagedBlock(ForkJoinPool.java:3780)&#10;        at java.base@21.0.6/java.util.concurrent.ForkJoinPool.managedBlock(ForkJoinPool.java:3725)&#10;        at java.base@21.0.6/java.util.concurrent.locks.AbstractQueuedSynchronizer$ConditionObject.await(AbstractQueuedSynchronizer.java:1712)&#10;        at java.base@21.0.6/java.util.concurrent.LinkedBlockingQueue.take(LinkedBlockingQueue.java:435)&#10;        at java.base@21.0.6/java.util.concurrent.ThreadPoolExecutor.getTask(ThreadPoolExecutor.java:1070)&#10;        at java.base@21.0.6/java.util.concurrent.ThreadPoolExecutor.runWorker(ThreadPoolExecutor.java:1130)&#10;        at java.base@21.0.6/java.util.concurrent.ThreadPoolExecutor$Worker.run(ThreadPoolExecutor.java:642)&#10;        at java.base@21.0.6/java.lang.Thread.runWith(Thread.java:1596)&#10;        at java.base@21.0.6/java.lang.Thread.run(Thread.java:1583)&#10;&quot;EventQueue-NodeRegistrationContainerReportForDataNodeSafeModeRule&quot; daemon prio=5 tid=759 in Object.wait()&#10;java.lang.Thread.State: WAITING (on object monitor)&#10;        at java.base@21.0.6/jdk.internal.misc.Unsafe.park(Native Method)&#10;        at java.base@21.0.6/java.util.concurrent.locks.LockSupport.park(LockSupport.java:371)&#10;        at java.base@21.0.6/java.util.concurrent.locks.AbstractQueuedSynchronizer$ConditionNode.block(AbstractQueuedSynchronizer.java:519)&#10;        at java.base@21.0.6/java.util.concurrent.ForkJoinPool.unmanagedBlock(ForkJoinPool.java:3780)&#10;        at java.base@21.0.6/java.util.concurrent.ForkJoinPool.managedBlock(ForkJoinPool.java:3725)&#10;        at java.base@21.0.6/java.util.concurrent.locks.AbstractQueuedSynchronizer$ConditionObject.await(AbstractQueuedSynchronizer.java:1712)&#10;        at java.base@21.0.6/java.util.concurrent.LinkedBlockingQueue.take(LinkedBlockingQueue.java:435)&#10;        at java.base@21.0.6/java.util.concurrent.ThreadPoolExecutor.getTask(ThreadPoolExecutor.java:1070)&#10;        at java.base@21.0.6/java.util.concurrent.ThreadPoolExecutor.runWorker(ThreadPoolExecutor.java:1130)&#10;        at java.base@21.0.6/java.util.concurrent.ThreadPoolExecutor$Worker.run(ThreadPoolExecutor.java:642)&#10;        at java.base@21.0.6/java.lang.Thread.runWith(Thread.java:1596)&#10;        at java.base@21.0.6/java.lang.Thread.run(Thread.java:1583)&#10;&quot;pool-138-thread-1&quot;  prio=5 tid=613 timed_waiting&#10;java.lang.Thread.State: TIMED_WAITING&#10;        at java.base@21.0.6/jdk.internal.misc.Unsafe.park(Native Method)&#10;        at java.base@21.0.6/java.util.concurrent.locks.LockSupport.parkNanos(LockSupport.java:269)&#10;        at java.base@21.0.6/java.util.concurrent.locks.AbstractQueuedSynchronizer$ConditionObject.awaitNanos(AbstractQueuedSynchronizer.java:1763)&#10;        at java.base@21.0.6/java.util.concurrent.ScheduledThreadPoolExecutor$DelayedWorkQueue.take(ScheduledThreadPoolExecutor.java:1182)&#10;        at java.base@21.0.6/java.util.concurrent.ScheduledThreadPoolExecutor$DelayedWorkQueue.take(ScheduledThreadPoolExecutor.java:899)&#10;        at java.base@21.0.6/java.util.concurrent.ThreadPoolExecutor.getTask(ThreadPoolExecutor.java:1070)&#10;        at java.base@21.0.6/java.util.concurrent.ThreadPoolExecutor.runWorker(ThreadPoolExecutor.java:1130)&#10;        at java.base@21.0.6/java.util.concurrent.ThreadPoolExecutor$Worker.run(ThreadPoolExecutor.java:642)&#10;        at java.base@21.0.6/java.lang.Thread.runWith(Thread.java:1596)&#10;        at java.base@21.0.6/java.lang.Thread.run(Thread.java:1583)&#10;&quot;4a3059aa-ae89-4e47-8f1e-08d61ab31d43-groupManagement&quot;  prio=5 tid=949 in Object.wait()&#10;java.lang.Thread.State: WAITING (on object monitor)&#10;        at java.base@21.0.6/jdk.internal.misc.Unsafe.park(Native Method)&#10;        at java.base@21.0.6/java.util.concurrent.locks.LockSupport.park(LockSupport.java:371)&#10;        at java.base@21.0.6/java.util.concurrent.locks.AbstractQueuedSynchronizer$ConditionNode.block(AbstractQueuedSynchronizer.java:519)&#10;        at java.base@21.0.6/java.util.concurrent.ForkJoinPool.unmanagedBlock(ForkJoinPool.java:3780)&#10;        at java.base@21.0.6/java.util.concurrent.ForkJoinPool.managedBlock(ForkJoinPool.java:3725)&#10;        at java.base@21.0.6/java.util.concurrent.locks.AbstractQueuedSynchronizer$ConditionObject.await(AbstractQueuedSynchronizer.java:1712)&#10;        at java.base@21.0.6/java.util.concurrent.LinkedBlockingQueue.take(LinkedBlockingQueue.java:435)&#10;        at java.base@21.0.6/java.util.concurrent.ThreadPoolExecutor.getTask(ThreadPoolExecutor.java:1070)&#10;        at java.base@21.0.6/java.util.concurrent.ThreadPoolExecutor.runWorker(ThreadPoolExecutor.java:1130)&#10;        at java.base@21.0.6/java.util.concurrent.ThreadPoolExecutor$Worker.run(ThreadPoolExecutor.java:642)&#10;        at java.base@21.0.6/java.lang.Thread.runWith(Thread.java:1596)&#10;        at java.base@21.0.6/java.lang.Thread.run(Thread.java:1583)&#10;&quot;IPC Server handler 7 on default port 15043&quot; daemon prio=5 tid=790 timed_waiting&#10;java.lang.Thread.State: TIMED_WAITING&#10;        at java.base@21.0.6/jdk.internal.misc.Unsafe.park(Native Method)&#10;        at java.base@21.0.6/java.util.concurrent.locks.LockSupport.parkNanos(LockSupport.java:269)&#10;        at java.base@21.0.6/java.util.concurrent.locks.AbstractQueuedSynchronizer$ConditionObject.awaitNanos(AbstractQueuedSynchronizer.java:1763)&#10;        at java.base@21.0.6/java.util.concurrent.LinkedBlockingQueue.poll(LinkedBlockingQueue.java:460)&#10;        at app//org.apache.hadoop.ipc.CallQueueManager.take(CallQueueManager.java:370)&#10;        at app//org.apache.hadoop.ipc.Server$Handler.run(Server.java:3165)&#10;&quot;IPC Server handler 65 on default port 15002&quot; daemon prio=5 tid=401 timed_waiting&#10;java.lang.Thread.State: TIMED_WAITING&#10;        at java.base@21.0.6/jdk.internal.misc.Unsafe.park(Native Method)&#10;        at java.base@21.0.6/java.util.concurrent.locks.LockSupport.parkNanos(LockSupport.java:269)&#10;        at java.base@21.0.6/java.util.concurrent.locks.AbstractQueuedSynchronizer$ConditionObject.awaitNanos(AbstractQueuedSynchronizer.java:1763)&#10;        at java.base@21.0.6/java.util.concurrent.LinkedBlockingQueue.poll(LinkedBlockingQueue.java:460)&#10;        at app//org.apache.hadoop.ipc.CallQueueManager.take(CallQueueManager.java:370)&#10;        at app//org.apache.hadoop.ipc.Server$Handler.run(Server.java:3165)&#10;&quot;d6a19b8b-82a2-4947-8b44-7228be6ad053-DataNodeDiskCheckerThread-0&quot; daemon prio=5 tid=817 timed_waiting&#10;java.lang.Thread.State: TIMED_WAITING&#10;        at java.base@21.0.6/jdk.internal.misc.Unsafe.park(Native Method)&#10;        at java.base@21.0.6/java.util.concurrent.locks.LockSupport.parkNanos(LockSupport.java:410)&#10;        at java.base@21.0.6/java.util.concurrent.LinkedTransferQueue$DualNode.await(LinkedTransferQueue.java:452)&#10;        at java.base@21.0.6/java.util.concurrent.SynchronousQueue$Transferer.xferLifo(SynchronousQueue.java:194)&#10;        at java.base@21.0.6/java.util.concurrent.SynchronousQueue.xfer(SynchronousQueue.java:235)&#10;        at java.base@21.0.6/java.util.concurrent.SynchronousQueue.poll(SynchronousQueue.java:338)&#10;        at java.base@21.0.6/java.util.concurrent.ThreadPoolExecutor.getTask(ThreadPoolExecutor.java:1069)&#10;        at java.base@21.0.6/java.util.concurrent.ThreadPoolExecutor.runWorker(ThreadPoolExecutor.java:1130)&#10;        at java.base@21.0.6/java.util.concurrent.ThreadPoolExecutor$Worker.run(ThreadPoolExecutor.java:642)&#10;        at java.base@21.0.6/java.lang.Thread.runWith(Thread.java:1596)&#10;        at java.base@21.0.6/java.lang.Thread.run(Thread.java:1583)&#10;&quot;grpc-default-executor-2&quot; daemon prio=5 tid=976 timed_waiting&#10;java.lang.Thread.State: TIMED_WAITING&#10;        at java.base@21.0.6/jdk.internal.misc.Unsafe.park(Native Method)&#10;        at java.base@21.0.6/java.util.concurrent.locks.LockSupport.parkNanos(LockSupport.java:410)&#10;        at java.base@21.0.6/java.util.concurrent.LinkedTransferQueue$DualNode.await(LinkedTransferQueue.java:452)&#10;        at java.base@21.0.6/java.util.concurrent.SynchronousQueue$Transferer.xferLifo(SynchronousQueue.java:194)&#10;        at java.base@21.0.6/java.util.concurrent.SynchronousQueue.xfer(SynchronousQueue.java:235)&#10;        at java.base@21.0.6/java.util.concurrent.SynchronousQueue.poll(SynchronousQueue.java:338)&#10;        at java.base@21.0.6/java.util.concurrent.ThreadPoolExecutor.getTask(ThreadPoolExecutor.java:1069)&#10;        at java.base@21.0.6/java.util.concurrent.ThreadPoolExecutor.runWorker(ThreadPoolExecutor.java:1130)&#10;        at java.base@21.0.6/java.util.concurrent.ThreadPoolExecutor$Worker.run(ThreadPoolExecutor.java:642)&#10;        at java.base@21.0.6/java.lang.Thread.runWith(Thread.java:1596)&#10;        at java.base@21.0.6/java.lang.Thread.run(Thread.java:1583)&#10;&quot;IPC Server handler 6 on default port 15001&quot; daemon prio=5 tid=224 timed_waiting&#10;java.lang.Thread.State: TIMED_WAITING&#10;        at java.base@21.0.6/jdk.internal.misc.Unsafe.park(Native Method)&#10;        at java.base@21.0.6/java.util.concurrent.locks.LockSupport.parkNanos(LockSupport.java:269)&#10;        at java.base@21.0.6/java.util.concurrent.locks.AbstractQueuedSynchronizer$ConditionObject.awaitNanos(AbstractQueuedSynchronizer.java:1763)&#10;        at java.base@21.0.6/java.util.concurrent.LinkedBlockingQueue.poll(LinkedBlockingQueue.java:460)&#10;        at app//org.apache.hadoop.ipc.CallQueueManager.take(CallQueueManager.java:370)&#10;        at app//org.apache.hadoop.ipc.Server$Handler.run(Server.java:3165)&#10;&quot;IPC Server handler 4 on default port 15019&quot; daemon prio=5 tid=595 timed_waiting&#10;java.lang.Thread.State: TIMED_WAITING&#10;        at java.base@21.0.6/jdk.internal.misc.Unsafe.park(Native Method)&#10;        at java.base@21.0.6/java.util.concurrent.locks.LockSupport.parkNanos(LockSupport.java:269)&#10;        at java.base@21.0.6/java.util.concurrent.locks.AbstractQueuedSynchronizer$ConditionObject.awaitNanos(AbstractQueuedSynchronizer.java:1763)&#10;        at java.base@21.0.6/java.util.concurrent.LinkedBlockingQueue.poll(LinkedBlockingQueue.java:460)&#10;        at app//org.apache.hadoop.ipc.CallQueueManager.take(CallQueueManager.java:370)&#10;        at app//org.apache.hadoop.ipc.Server$Handler.run(Server.java:3165)&#10;&quot;EventQueue-ContainerRegistrationReportForECContainerSafeModeRule&quot; daemon prio=5 tid=760 in Object.wait()&#10;java.lang.Thread.State: WAITING (on object monitor)&#10;        at java.base@21.0.6/jdk.internal.misc.Unsafe.park(Native Method)&#10;        at java.base@21.0.6/java.util.concurrent.locks.LockSupport.park(LockSupport.java:371)&#10;        at java.base@21.0.6/java.util.concurrent.locks.AbstractQueuedSynchronizer$ConditionNode.block(AbstractQueuedSynchronizer.java:519)&#10;        at java.base@21.0.6/java.util.concurrent.ForkJoinPool.unmanagedBlock(ForkJoinPool.java:3780)&#10;        at java.base@21.0.6/java.util.concurrent.ForkJoinPool.managedBlock(ForkJoinPool.java:3725)&#10;        at java.base@21.0.6/java.util.concurrent.locks.AbstractQueuedSynchronizer$ConditionObject.await(AbstractQueuedSynchronizer.java:1712)&#10;        at java.base@21.0.6/java.util.concurrent.LinkedBlockingQueue.take(LinkedBlockingQueue.java:435)&#10;        at java.base@21.0.6/java.util.concurrent.ThreadPoolExecutor.getTask(ThreadPoolExecutor.java:1070)&#10;        at java.base@21.0.6/java.util.concurrent.ThreadPoolExecutor.runWorker(ThreadPoolExecutor.java:1130)&#10;        at java.base@21.0.6/java.util.concurrent.ThreadPoolExecutor$Worker.run(ThreadPoolExecutor.java:642)&#10;        at java.base@21.0.6/java.lang.Thread.runWith(Thread.java:1596)&#10;        at java.base@21.0.6/java.lang.Thread.run(Thread.java:1583)&#10;&quot;IPC Server handler 7 on default port 15027&quot; daemon prio=5 tid=644 timed_waiting&#10;java.lang.Thread.State: TIMED_WAITING&#10;        at java.base@21.0.6/jdk.internal.misc.Unsafe.park(Native Method)&#10;        at java.base@21.0.6/java.util.concurrent.locks.LockSupport.parkNanos(LockSupport.java:269)&#10;        at java.base@21.0.6/java.util.concurrent.locks.AbstractQueuedSynchronizer$ConditionObject.awaitNanos(AbstractQueuedSynchronizer.java:1763)&#10;        at java.base@21.0.6/java.util.concurrent.LinkedBlockingQueue.poll(LinkedBlockingQueue.java:460)&#10;        at app//org.apache.hadoop.ipc.CallQueueManager.take(CallQueueManager.java:370)&#10;        at app//org.apache.hadoop.ipc.Server$Handler.run(Server.java:3165)&#10;&quot;IPC Server handler 83 on default port 15002&quot; daemon prio=5 tid=419 timed_waiting&#10;java.lang.Thread.State: TIMED_WAITING&#10;        at java.base@21.0.6/jdk.internal.misc.Unsafe.park(Native Method)&#10;        at java.base@21.0.6/java.util.concurrent.locks.LockSupport.parkNanos(LockSupport.java:269)&#10;        at java.base@21.0.6/java.util.concurrent.locks.AbstractQueuedSynchronizer$ConditionObject.awaitNanos(AbstractQueuedSynchronizer.java:1763)&#10;        at java.base@21.0.6/java.util.concurrent.LinkedBlockingQueue.poll(LinkedBlockingQueue.java:460)&#10;        at app//org.apache.hadoop.ipc.CallQueueManager.take(CallQueueManager.java:370)&#10;        at app//org.apache.hadoop.ipc.Server$Handler.run(Server.java:3165)&#10;&quot;IPC Server handler 71 on default port 15002&quot; daemon prio=5 tid=407 timed_waiting&#10;java.lang.Thread.State: TIMED_WAITING&#10;        at java.base@21.0.6/jdk.internal.misc.Unsafe.park(Native Method)&#10;        at java.base@21.0.6/java.util.concurrent.locks.LockSupport.parkNanos(LockSupport.java:269)&#10;        at java.base@21.0.6/java.util.concurrent.locks.AbstractQueuedSynchronizer$ConditionObject.awaitNanos(AbstractQueuedSynchronizer.java:1763)&#10;        at java.base@21.0.6/java.util.concurrent.LinkedBlockingQueue.poll(LinkedBlockingQueue.java:460)&#10;        at app//org.apache.hadoop.ipc.CallQueueManager.take(CallQueueManager.java:370)&#10;        at app//org.apache.hadoop.ipc.Server$Handler.run(Server.java:3165)&#10;&quot;Socket Reader #2 for port 15019&quot;  prio=5 tid=579 runnable&#10;java.lang.Thread.State: RUNNABLE&#10;        at java.base@21.0.6/sun.nio.ch.EPoll.wait(Native Method)&#10;        at java.base@21.0.6/sun.nio.ch.EPollSelectorImpl.doSelect(EPollSelectorImpl.java:121)&#10;        at java.base@21.0.6/sun.nio.ch.SelectorImpl.lockAndDoSelect(SelectorImpl.java:130)&#10;        at java.base@21.0.6/sun.nio.ch.SelectorImpl.select(SelectorImpl.java:147)&#10;        at app//org.apache.hadoop.ipc.Server$Listener$Reader.doRunLoop(Server.java:1497)&#10;        at app//org.apache.hadoop.ipc.Server$Listener$Reader.run(Server.java:1476)&#10;&quot;qtp2049070779-752&quot; daemon prio=5 tid=752 timed_waiting&#10;java.lang.Thread.State: TIMED_WAITING&#10;        at java.base@21.0.6/jdk.internal.misc.Unsafe.park(Native Method)&#10;        at java.base@21.0.6/java.util.concurrent.locks.LockSupport.parkNanos(LockSupport.java:269)&#10;        at java.base@21.0.6/java.util.concurrent.locks.AbstractQueuedSynchronizer$ConditionObject.awaitNanos(AbstractQueuedSynchronizer.java:1763)&#10;        at app//org.eclipse.jetty.util.BlockingArrayQueue.poll(BlockingArrayQueue.java:382)&#10;        at app//org.eclipse.jetty.util.thread.QueuedThreadPool$Runner.idleJobPoll(QueuedThreadPool.java:974)&#10;        at app//org.eclipse.jetty.util.thread.QueuedThreadPool$Runner.run(QueuedThreadPool.java:1018)&#10;        at java.base@21.0.6/java.lang.Thread.runWith(Thread.java:1596)&#10;        at java.base@21.0.6/java.lang.Thread.run(Thread.java:1583)&#10;&quot;IPC Server handler 44 on default port 15001&quot; daemon prio=5 tid=262 timed_waiting&#10;java.lang.Thread.State: TIMED_WAITING&#10;        at java.base@21.0.6/jdk.internal.misc.Unsafe.park(Native Method)&#10;        at java.base@21.0.6/java.util.concurrent.locks.LockSupport.parkNanos(LockSupport.java:269)&#10;        at java.base@21.0.6/java.util.concurrent.locks.AbstractQueuedSynchronizer$ConditionObject.awaitNanos(AbstractQueuedSynchronizer.java:1763)&#10;        at java.base@21.0.6/java.util.concurrent.LinkedBlockingQueue.poll(LinkedBlockingQueue.java:460)&#10;        at app//org.apache.hadoop.ipc.CallQueueManager.take(CallQueueManager.java:370)&#10;        at app//org.apache.hadoop.ipc.Server$Handler.run(Server.java:3165)&#10;&quot;IPC Server handler 33 on default port 15001&quot; daemon prio=5 tid=251 timed_waiting&#10;java.lang.Thread.State: TIMED_WAITING&#10;        at java.base@21.0.6/jdk.internal.misc.Unsafe.park(Native Method)&#10;        at java.base@21.0.6/java.util.concurrent.locks.LockSupport.parkNanos(LockSupport.java:269)&#10;        at java.base@21.0.6/java.util.concurrent.locks.AbstractQueuedSynchronizer$ConditionObject.awaitNanos(AbstractQueuedSynchronizer.java:1763)&#10;        at java.base@21.0.6/java.util.concurrent.LinkedBlockingQueue.poll(LinkedBlockingQueue.java:460)&#10;        at app//org.apache.hadoop.ipc.CallQueueManager.take(CallQueueManager.java:370)&#10;        at app//org.apache.hadoop.ipc.Server$Handler.run(Server.java:3165)&#10;&quot;StaleRecoveringContainerScrubbingService#0&quot; daemon prio=5 tid=740 timed_waiting&#10;java.lang.Thread.State: TIMED_WAITING&#10;        at java.base@21.0.6/jdk.internal.misc.Unsafe.park(Native Method)&#10;        at java.base@21.0.6/java.util.concurrent.locks.LockSupport.parkNanos(LockSupport.java:269)&#10;        at java.base@21.0.6/java.util.concurrent.locks.AbstractQueuedSynchronizer$ConditionObject.awaitNanos(AbstractQueuedSynchronizer.java:1763)&#10;        at java.base@21.0.6/java.util.concurrent.ScheduledThreadPoolExecutor$DelayedWorkQueue.take(ScheduledThreadPoolExecutor.java:1182)&#10;        at java.base@21.0.6/java.util.concurrent.ScheduledThreadPoolExecutor$DelayedWorkQueue.take(ScheduledThreadPoolExecutor.java:899)&#10;        at java.base@21.0.6/java.util.concurrent.ThreadPoolExecutor.getTask(ThreadPoolExecutor.java:1070)&#10;        at java.base@21.0.6/java.util.concurrent.ThreadPoolExecutor.runWorker(ThreadPoolExecutor.java:1130)&#10;        at java.base@21.0.6/java.util.concurrent.ThreadPoolExecutor$Worker.run(ThreadPoolExecutor.java:642)&#10;        at java.base@21.0.6/java.lang.Thread.runWith(Thread.java:1596)&#10;        at java.base@21.0.6/java.lang.Thread.run(Thread.java:1583)&#10;&quot;gradle-enterprise-test-client-gradle-enterprise-test-listener&quot;  prio=5 tid=31 in Object.wait()&#10;java.lang.Thread.State: WAITING (on object monitor)&#10;        at java.base@21.0.6/jdk.internal.misc.Unsafe.park(Native Method)&#10;        at java.base@21.0.6/java.util.concurrent.locks.LockSupport.park(LockSupport.java:371)&#10;        at java.base@21.0.6/java.util.concurrent.locks.AbstractQueuedSynchronizer$ConditionNode.block(AbstractQueuedSynchronizer.java:519)&#10;        at java.base@21.0.6/java.util.concurrent.ForkJoinPool.unmanagedBlock(ForkJoinPool.java:3780)&#10;        at java.base@21.0.6/java.util.concurrent.ForkJoinPool.managedBlock(ForkJoinPool.java:3725)&#10;        at java.base@21.0.6/java.util.concurrent.locks.AbstractQueuedSynchronizer$ConditionObject.await(AbstractQueuedSynchronizer.java:1712)&#10;        at java.base@21.0.6/java.util.concurrent.ArrayBlockingQueue.take(ArrayBlockingQueue.java:420)&#10;        at app//com.gradle.maven.scan.extension.test.listener.obfuscated.k.a.a(SourceFile:130)&#10;        at app//com.gradle.maven.scan.extension.test.listener.obfuscated.k.a.b(SourceFile:93)&#10;        at app//com.gradle.maven.scan.extension.test.listener.obfuscated.k.a$$Lambda/0x00007fd0ac124240.run(Unknown Source)&#10;        at java.base@21.0.6/java.util.concurrent.Executors$RunnableAdapter.call(Executors.java:572)&#10;        at java.base@21.0.6/java.util.concurrent.FutureTask.run(FutureTask.java:317)&#10;        at java.base@21.0.6/java.util.concurrent.ThreadPoolExecutor.runWorker(ThreadPoolExecutor.java:1144)&#10;        at java.base@21.0.6/java.util.concurrent.ThreadPoolExecutor$Worker.run(ThreadPoolExecutor.java:642)&#10;        at java.base@21.0.6/java.lang.Thread.runWith(Thread.java:1596)&#10;        at java.base@21.0.6/java.lang.Thread.run(Thread.java:1583)&#10;&quot;IPC Server handler 9 on default port 15027&quot; daemon prio=5 tid=646 timed_waiting&#10;java.lang.Thread.State: TIMED_WAITING&#10;        at java.base@21.0.6/jdk.internal.misc.Unsafe.park(Native Method)&#10;        at java.base@21.0.6/java.util.concurrent.locks.LockSupport.parkNanos(LockSupport.java:269)&#10;        at java.base@21.0.6/java.util.concurrent.locks.AbstractQueuedSynchronizer$ConditionObject.awaitNanos(AbstractQueuedSynchronizer.java:1763)&#10;        at java.base@21.0.6/java.util.concurrent.LinkedBlockingQueue.poll(LinkedBlockingQueue.java:460)&#10;        at app//org.apache.hadoop.ipc.CallQueueManager.take(CallQueueManager.java:370)&#10;        at app//org.apache.hadoop.ipc.Server$Handler.run(Server.java:3165)&#10;&quot;StaleRecoveringContainerScrubbingService#0&quot; daemon prio=5 tid=848 in Object.wait()&#10;java.lang.Thread.State: WAITING (on object monitor)&#10;        at java.base@21.0.6/jdk.internal.misc.Unsafe.park(Native Method)&#10;        at java.base@21.0.6/java.util.concurrent.locks.LockSupport.park(LockSupport.java:371)&#10;        at java.base@21.0.6/java.util.concurrent.locks.AbstractQueuedSynchronizer$ConditionNode.block(AbstractQueuedSynchronizer.java:519)&#10;        at java.base@21.0.6/java.util.concurrent.ForkJoinPool.unmanagedBlock(ForkJoinPool.java:3780)&#10;        at java.base@21.0.6/java.util.concurrent.ForkJoinPool.managedBlock(ForkJoinPool.java:3725)&#10;        at java.base@21.0.6/java.util.concurrent.locks.AbstractQueuedSynchronizer$ConditionObject.await(AbstractQueuedSynchronizer.java:1712)&#10;        at java.base@21.0.6/java.util.concurrent.ScheduledThreadPoolExecutor$DelayedWorkQueue.take(ScheduledThreadPoolExecutor.java:1177)&#10;        at java.base@21.0.6/java.util.concurrent.ScheduledThreadPoolExecutor$DelayedWorkQueue.take(ScheduledThreadPoolExecutor.java:899)&#10;        at java.base@21.0.6/java.util.concurrent.ThreadPoolExecutor.getTask(ThreadPoolExecutor.java:1070)&#10;        at java.base@21.0.6/java.util.concurrent.ThreadPoolExecutor.runWorker(ThreadPoolExecutor.java:1130)&#10;        at java.base@21.0.6/java.util.concurrent.ThreadPoolExecutor$Worker.run(ThreadPoolExecutor.java:642)&#10;        at java.base@21.0.6/java.lang.Thread.runWith(Thread.java:1596)&#10;        at java.base@21.0.6/java.lang.Thread.run(Thread.java:1583)&#10;&quot;Socket Reader #7 for port 15002&quot;  prio=5 tid=66 runnable&#10;java.lang.Thread.State: RUNNABLE&#10;        at java.base@21.0.6/sun.nio.ch.EPoll.wait(Native Method)&#10;        at java.base@21.0.6/sun.nio.ch.EPollSelectorImpl.doSelect(EPollSelectorImpl.java:121)&#10;        at java.base@21.0.6/sun.nio.ch.SelectorImpl.lockAndDoSelect(SelectorImpl.java:130)&#10;        at java.base@21.0.6/sun.nio.ch.SelectorImpl.select(SelectorImpl.java:147)&#10;        at app//org.apache.hadoop.ipc.Server$Listener$Reader.doRunLoop(Server.java:1497)&#10;        at app//org.apache.hadoop.ipc.Server$Listener$Reader.run(Server.java:1476)&#10;&quot;IPC Server Responder&quot; daemon prio=5 tid=705 runnable&#10;java.lang.Thread.State: RUNNABLE&#10;        at java.base@21.0.6/sun.nio.ch.EPoll.wait(Native Method)&#10;        at java.base@21.0.6/sun.nio.ch.EPollSelectorImpl.doSelect(EPollSelectorImpl.java:121)&#10;        at java.base@21.0.6/sun.nio.ch.SelectorImpl.lockAndDoSelect(SelectorImpl.java:130)&#10;        at java.base@21.0.6/sun.nio.ch.SelectorImpl.select(SelectorImpl.java:142)&#10;        at app//org.apache.hadoop.ipc.Server$Responder.doRunLoop(Server.java:1733)&#10;        at app//org.apache.hadoop.ipc.Server$Responder.run(Server.java:1716)&#10;&quot;IPC Server handler 92 on default port 15000&quot; daemon prio=5 tid=210 timed_waiting&#10;java.lang.Thread.State: TIMED_WAITING&#10;        at java.base@21.0.6/jdk.internal.misc.Unsafe.park(Native Method)&#10;        at java.base@21.0.6/java.util.concurrent.locks.LockSupport.parkNanos(LockSupport.java:269)&#10;        at java.base@21.0.6/java.util.concurrent.locks.AbstractQueuedSynchronizer$ConditionObject.awaitNanos(AbstractQueuedSynchronizer.java:1763)&#10;        at java.base@21.0.6/java.util.concurrent.LinkedBlockingQueue.poll(LinkedBlockingQueue.java:460)&#10;        at app//org.apache.hadoop.ipc.CallQueueManager.take(CallQueueManager.java:370)&#10;        at app//org.apache.hadoop.ipc.Server$Handler.run(Server.java:3165)&#10;&quot;Socket Reader #5 for port 15019&quot;  prio=5 tid=582 runnable&#10;java.lang.Thread.State: RUNNABLE&#10;        at java.base@21.0.6/sun.nio.ch.EPoll.wait(Native Method)&#10;        at java.base@21.0.6/sun.nio.ch.EPollSelectorImpl.doSelect(EPollSelectorImpl.java:121)&#10;        at java.base@21.0.6/sun.nio.ch.SelectorImpl.lockAndDoSelect(SelectorImpl.java:130)&#10;        at java.base@21.0.6/sun.nio.ch.SelectorImpl.select(SelectorImpl.java:147)&#10;        at app//org.apache.hadoop.ipc.Server$Listener$Reader.doRunLoop(Server.java:1497)&#10;        at app//org.apache.hadoop.ipc.Server$Listener$Reader.run(Server.java:1476)&#10;&quot;Hadoop-Metrics-Updater-0&quot; daemon prio=5 tid=72 timed_waiting&#10;java.lang.Thread.State: TIMED_WAITING&#10;        at java.base@21.0.6/jdk.internal.misc.Unsafe.park(Native Method)&#10;        at java.base@21.0.6/java.util.concurrent.locks.LockSupport.parkNanos(LockSupport.java:269)&#10;        at java.base@21.0.6/java.util.concurrent.locks.AbstractQueuedSynchronizer$ConditionObject.awaitNanos(AbstractQueuedSynchronizer.java:1763)&#10;        at java.base@21.0.6/java.util.concurrent.ScheduledThreadPoolExecutor$DelayedWorkQueue.take(ScheduledThreadPoolExecutor.java:1182)&#10;        at java.base@21.0.6/java.util.concurrent.ScheduledThreadPoolExecutor$DelayedWorkQueue.take(ScheduledThreadPoolExecutor.java:899)&#10;        at java.base@21.0.6/java.util.concurrent.ThreadPoolExecutor.getTask(ThreadPoolExecutor.java:1070)&#10;        at java.base@21.0.6/java.util.concurrent.ThreadPoolExecutor.runWorker(ThreadPoolExecutor.java:1130)&#10;        at java.base@21.0.6/java.util.concurrent.ThreadPoolExecutor$Worker.run(ThreadPoolExecutor.java:642)&#10;        at java.base@21.0.6/java.lang.Thread.runWith(Thread.java:1596)&#10;        at java.base@21.0.6/java.lang.Thread.run(Thread.java:1583)&#10;&quot;Socket Reader #9 for port 15001&quot;  prio=5 tid=82 runnable&#10;java.lang.Thread.State: RUNNABLE&#10;        at java.base@21.0.6/sun.nio.ch.EPoll.wait(Native Method)&#10;        at java.base@21.0.6/sun.nio.ch.EPollSelectorImpl.doSelect(EPollSelectorImpl.java:121)&#10;        at java.base@21.0.6/sun.nio.ch.SelectorImpl.lockAndDoSelect(SelectorImpl.java:130)&#10;        at java.base@21.0.6/sun.nio.ch.SelectorImpl.select(SelectorImpl.java:147)&#10;        at app//org.apache.hadoop.ipc.Server$Listener$Reader.doRunLoop(Server.java:1497)&#10;        at app//org.apache.hadoop.ipc.Server$Listener$Reader.run(Server.java:1476)&#10;&quot;timer4&quot; daemon prio=5 tid=984 timed_waiting&#10;java.lang.Thread.State: TIMED_WAITING&#10;        at java.base@21.0.6/java.lang.Object.wait0(Native Method)&#10;        at java.base@21.0.6/java.lang.Object.wait(Object.java:366)&#10;        at java.base@21.0.6/java.util.TimerThread.mainLoop(Timer.java:563)&#10;        at java.base@21.0.6/java.util.TimerThread.run(Timer.java:516)&#10;&quot;StaleRecoveringContainerScrubbingService#1&quot; daemon prio=5 tid=811 in Object.wait()&#10;java.lang.Thread.State: WAITING (on object monitor)&#10;        at java.base@21.0.6/jdk.internal.misc.Unsafe.park(Native Method)&#10;        at java.base@21.0.6/java.util.concurrent.locks.LockSupport.park(LockSupport.java:371)&#10;        at java.base@21.0.6/java.util.concurrent.locks.AbstractQueuedSynchronizer$ConditionNode.block(AbstractQueuedSynchronizer.java:519)&#10;        at java.base@21.0.6/java.util.concurrent.ForkJoinPool.unmanagedBlock(ForkJoinPool.java:3780)&#10;        at java.base@21.0.6/java.util.concurrent.ForkJoinPool.managedBlock(ForkJoinPool.java:3725)&#10;        at java.base@21.0.6/java.util.concurrent.locks.AbstractQueuedSynchronizer$ConditionObject.await(AbstractQueuedSynchronizer.java:1712)&#10;        at java.base@21.0.6/java.util.concurrent.ScheduledThreadPoolExecutor$DelayedWorkQueue.take(ScheduledThreadPoolExecutor.java:1177)&#10;        at java.base@21.0.6/java.util.concurrent.ScheduledThreadPoolExecutor$DelayedWorkQueue.take(ScheduledThreadPoolExecutor.java:899)&#10;        at java.base@21.0.6/java.util.concurrent.ThreadPoolExecutor.getTask(ThreadPoolExecutor.java:1070)&#10;        at java.base@21.0.6/java.util.concurrent.ThreadPoolExecutor.runWorker(ThreadPoolExecutor.java:1130)&#10;        at java.base@21.0.6/java.util.concurrent.ThreadPoolExecutor$Worker.run(ThreadPoolExecutor.java:642)&#10;        at java.base@21.0.6/java.lang.Thread.runWith(Thread.java:1596)&#10;        at java.base@21.0.6/java.lang.Thread.run(Thread.java:1583)&#10;&quot;IPC Server handler 2 on default port 15002&quot; daemon prio=5 tid=338 timed_waiting&#10;java.lang.Thread.State: TIMED_WAITING&#10;        at java.base@21.0.6/jdk.internal.misc.Unsafe.park(Native Method)&#10;        at java.base@21.0.6/java.util.concurrent.locks.LockSupport.parkNanos(LockSupport.java:269)&#10;        at java.base@21.0.6/java.util.concurrent.locks.AbstractQueuedSynchronizer$ConditionObject.awaitNanos(AbstractQueuedSynchronizer.java:1763)&#10;        at java.base@21.0.6/java.util.concurrent.LinkedBlockingQueue.poll(LinkedBlockingQueue.java:460)&#10;        at app//org.apache.hadoop.ipc.CallQueueManager.take(CallQueueManager.java:370)&#10;        at app//org.apache.hadoop.ipc.Server$Handler.run(Server.java:3165)&#10;&quot;93cc9901-be1a-45f5-9681-0d93e627c426-BlockDeletingService#0&quot; daemon prio=5 tid=739 timed_waiting&#10;java.lang.Thread.State: TIMED_WAITING&#10;        at java.base@21.0.6/jdk.internal.misc.Unsafe.park(Native Method)&#10;        at java.base@21.0.6/java.util.concurrent.locks.LockSupport.parkNanos(LockSupport.java:269)&#10;        at java.base@21.0.6/java.util.concurrent.locks.AbstractQueuedSynchronizer$ConditionObject.awaitNanos(AbstractQueuedSynchronizer.java:1763)&#10;        at java.base@21.0.6/java.util.concurrent.ScheduledThreadPoolExecutor$DelayedWorkQueue.take(ScheduledThreadPoolExecutor.java:1182)&#10;        at java.base@21.0.6/java.util.concurrent.ScheduledThreadPoolExecutor$DelayedWorkQueue.take(ScheduledThreadPoolExecutor.java:899)&#10;        at java.base@21.0.6/java.util.concurrent.ThreadPoolExecutor.getTask(ThreadPoolExecutor.java:1070)&#10;        at java.base@21.0.6/java.util.concurrent.ThreadPoolExecutor.runWorker(ThreadPoolExecutor.java:1130)&#10;        at java.base@21.0.6/java.util.concurrent.ThreadPoolExecutor$Worker.run(ThreadPoolExecutor.java:642)&#10;        at java.base@21.0.6/java.lang.Thread.runWith(Thread.java:1596)&#10;        at java.base@21.0.6/java.lang.Thread.run(Thread.java:1583)&#10;&quot;qtp1419970068-669&quot; daemon prio=5 tid=669 timed_waiting&#10;java.lang.Thread.State: TIMED_WAITING&#10;        at java.base@21.0.6/jdk.internal.misc.Unsafe.park(Native Method)&#10;        at java.base@21.0.6/java.util.concurrent.locks.LockSupport.parkNanos(LockSupport.java:269)&#10;        at java.base@21.0.6/java.util.concurrent.locks.AbstractQueuedSynchronizer$ConditionObject.awaitNanos(AbstractQueuedSynchronizer.java:1763)&#10;        at app//org.eclipse.jetty.util.BlockingArrayQueue.poll(BlockingArrayQueue.java:382)&#10;        at app//org.eclipse.jetty.util.thread.QueuedThreadPool$Runner.idleJobPoll(QueuedThreadPool.java:974)&#10;        at app//org.eclipse.jetty.util.thread.QueuedThreadPool$Runner.run(QueuedThreadPool.java:1018)&#10;        at java.base@21.0.6/java.lang.Thread.runWith(Thread.java:1596)&#10;        at java.base@21.0.6/java.lang.Thread.run(Thread.java:1583)&#10;&quot;IPC Server handler 9 on default port 15000&quot; daemon prio=5 tid=127 timed_waiting&#10;java.lang.Thread.State: TIMED_WAITING&#10;        at java.base@21.0.6/jdk.internal.misc.Unsafe.park(Native Method)&#10;        at java.base@21.0.6/java.util.concurrent.locks.LockSupport.parkNanos(LockSupport.java:269)&#10;        at java.base@21.0.6/java.util.concurrent.locks.AbstractQueuedSynchronizer$ConditionObject.awaitNanos(AbstractQueuedSynchronizer.java:1763)&#10;        at java.base@21.0.6/java.util.concurrent.LinkedBlockingQueue.poll(LinkedBlockingQueue.java:460)&#10;        at app//org.apache.hadoop.ipc.CallQueueManager.take(CallQueueManager.java:370)&#10;        at app//org.apache.hadoop.ipc.Server$Handler.run(Server.java:3165)&#10;&quot;IPC Server handler 89 on default port 15000&quot; daemon prio=5 tid=207 timed_waiting&#10;java.lang.Thread.State: TIMED_WAITING&#10;        at java.base@21.0.6/jdk.internal.misc.Unsafe.park(Native Method)&#10;        at java.base@21.0.6/java.util.concurrent.locks.LockSupport.parkNanos(LockSupport.java:269)&#10;        at java.base@21.0.6/java.util.concurrent.locks.AbstractQueuedSynchronizer$ConditionObject.awaitNanos(AbstractQueuedSynchronizer.java:1763)&#10;        at java.base@21.0.6/java.util.concurrent.LinkedBlockingQueue.poll(LinkedBlockingQueue.java:460)&#10;        at app//org.apache.hadoop.ipc.CallQueueManager.take(CallQueueManager.java:370)&#10;        at app//org.apache.hadoop.ipc.Server$Handler.run(Server.java:3165)&#10;&quot;IPC Server handler 72 on default port 15001&quot; daemon prio=5 tid=290 timed_waiting&#10;java.lang.Thread.State: TIMED_WAITING&#10;        at java.base@21.0.6/jdk.internal.misc.Unsafe.park(Native Method)&#10;        at java.base@21.0.6/java.util.concurrent.locks.LockSupport.parkNanos(LockSupport.java:269)&#10;        at java.base@21.0.6/java.util.concurrent.locks.AbstractQueuedSynchronizer$ConditionObject.awaitNanos(AbstractQueuedSynchronizer.java:1763)&#10;        at java.base@21.0.6/java.util.concurrent.LinkedBlockingQueue.poll(LinkedBlockingQueue.java:460)&#10;        at app//org.apache.hadoop.ipc.CallQueueManager.take(CallQueueManager.java:370)&#10;        at app//org.apache.hadoop.ipc.Server$Handler.run(Server.java:3165)&#10;&quot;IPC Server listener on 15027&quot; daemon prio=5 tid=623 runnable&#10;java.lang.Thread.State: RUNNABLE&#10;        at java.base@21.0.6/sun.nio.ch.EPoll.wait(Native Method)&#10;        at java.base@21.0.6/sun.nio.ch.EPollSelectorImpl.doSelect(EPollSelectorImpl.java:121)&#10;        at java.base@21.0.6/sun.nio.ch.SelectorImpl.lockAndDoSelect(SelectorImpl.java:130)&#10;        at java.base@21.0.6/sun.nio.ch.SelectorImpl.select(SelectorImpl.java:147)&#10;        at app//org.apache.hadoop.ipc.Server$Listener.run(Server.java:1559)&#10;&quot;IPC Server handler 20 on default port 15000&quot; daemon prio=5 tid=138 timed_waiting&#10;java.lang.Thread.State: TIMED_WAITING&#10;        at java.base@21.0.6/jdk.internal.misc.Unsafe.park(Native Method)&#10;        at java.base@21.0.6/java.util.concurrent.locks.LockSupport.parkNanos(LockSupport.java:269)&#10;        at java.base@21.0.6/java.util.concurrent.locks.AbstractQueuedSynchronizer$ConditionObject.awaitNanos(AbstractQueuedSynchronizer.java:1763)&#10;        at java.base@21.0.6/java.util.concurrent.LinkedBlockingQueue.poll(LinkedBlockingQueue.java:460)&#10;        at app//org.apache.hadoop.ipc.CallQueueManager.take(CallQueueManager.java:370)&#10;        at app//org.apache.hadoop.ipc.Server$Handler.run(Server.java:3165)&#10;&quot;grpc-shared-destroyer-0&quot; daemon prio=5 tid=46 in Object.wait()&#10;java.lang.Thread.State: WAITING (on object monitor)&#10;        at java.base@21.0.6/jdk.internal.misc.Unsafe.park(Native Method)&#10;        at java.base@21.0.6/java.util.concurrent.locks.LockSupport.park(LockSupport.java:371)&#10;        at java.base@21.0.6/java.util.concurrent.locks.AbstractQueuedSynchronizer$ConditionNode.block(AbstractQueuedSynchronizer.java:519)&#10;        at java.base@21.0.6/java.util.concurrent.ForkJoinPool.unmanagedBlock(ForkJoinPool.java:3780)&#10;        at java.base@21.0.6/java.util.concurrent.ForkJoinPool.managedBlock(ForkJoinPool.java:3725)&#10;        at java.base@21.0.6/java.util.concurrent.locks.AbstractQueuedSynchronizer$ConditionObject.await(AbstractQueuedSynchronizer.java:1712)&#10;        at java.base@21.0.6/java.util.concurrent.ScheduledThreadPoolExecutor$DelayedWorkQueue.take(ScheduledThreadPoolExecutor.java:1170)&#10;        at java.base@21.0.6/java.util.concurrent.ScheduledThreadPoolExecutor$DelayedWorkQueue.take(ScheduledThreadPoolExecutor.java:899)&#10;        at java.base@21.0.6/java.util.concurrent.ThreadPoolExecutor.getTask(ThreadPoolExecutor.java:1070)&#10;        at java.base@21.0.6/java.util.concurrent.ThreadPoolExecutor.runWorker(ThreadPoolExecutor.java:1130)&#10;        at java.base@21.0.6/java.util.concurrent.ThreadPoolExecutor$Worker.run(ThreadPoolExecutor.java:642)&#10;        at java.base@21.0.6/java.lang.Thread.runWith(Thread.java:1596)&#10;        at java.base@21.0.6/java.lang.Thread.run(Thread.java:1583)&#10;&quot;IPC Server handler 3 on default port 15001&quot; daemon prio=5 tid=221 timed_waiting&#10;java.lang.Thread.State: TIMED_WAITING&#10;        at java.base@21.0.6/jdk.internal.misc.Unsafe.park(Native Method)&#10;        at java.base@21.0.6/java.util.concurrent.locks.LockSupport.parkNanos(LockSupport.java:269)&#10;        at java.base@21.0.6/java.util.concurrent.locks.AbstractQueuedSynchronizer$ConditionObject.awaitNanos(AbstractQueuedSynchronizer.java:1763)&#10;        at java.base@21.0.6/java.util.concurrent.LinkedBlockingQueue.poll(LinkedBlockingQueue.java:460)&#10;        at app//org.apache.hadoop.ipc.CallQueueManager.take(CallQueueManager.java:370)&#10;        at app//org.apache.hadoop.ipc.Server$Handler.run(Server.java:3165)&#10;&quot;d6a19b8b-82a2-4947-8b44-7228be6ad053-DatanodeReportManager-1&quot; daemon prio=5 tid=719 in Object.wait()&#10;java.lang.Thread.State: WAITING (on object monitor)&#10;        at java.base@21.0.6/jdk.internal.misc.Unsafe.park(Native Method)&#10;        at java.base@21.0.6/java.util.concurrent.locks.LockSupport.park(LockSupport.java:371)&#10;        at java.base@21.0.6/java.util.concurrent.locks.AbstractQueuedSynchronizer$ConditionNode.block(AbstractQueuedSynchronizer.java:519)&#10;        at java.base@21.0.6/java.util.concurrent.ForkJoinPool.unmanagedBlock(ForkJoinPool.java:3780)&#10;        at java.base@21.0.6/java.util.concurrent.ForkJoinPool.managedBlock(ForkJoinPool.java:3725)&#10;        at java.base@21.0.6/java.util.concurrent.locks.AbstractQueuedSynchronizer$ConditionObject.await(AbstractQueuedSynchronizer.java:1712)&#10;        at java.base@21.0.6/java.util.concurrent.ScheduledThreadPoolExecutor$DelayedWorkQueue.take(ScheduledThreadPoolExecutor.java:1177)&#10;        at java.base@21.0.6/java.util.concurrent.ScheduledThreadPoolExecutor$DelayedWorkQueue.take(ScheduledThreadPoolExecutor.java:899)&#10;        at java.base@21.0.6/java.util.concurrent.ThreadPoolExecutor.getTask(ThreadPoolExecutor.java:1070)&#10;        at java.base@21.0.6/java.util.concurrent.ThreadPoolExecutor.runWorker(ThreadPoolExecutor.java:1130)&#10;        at java.base@21.0.6/java.util.concurrent.ThreadPoolExecutor$Worker.run(ThreadPoolExecutor.java:642)&#10;        at java.base@21.0.6/java.lang.Thread.runWith(Thread.java:1596)&#10;        at java.base@21.0.6/java.lang.Thread.run(Thread.java:1583)&#10;&quot;IPC Server handler 10 on default port 15006&quot; daemon prio=5 tid=505 timed_waiting&#10;java.lang.Thread.State: TIMED_WAITING&#10;        at java.base@21.0.6/jdk.internal.misc.Unsafe.park(Native Method)&#10;        at java.base@21.0.6/java.util.concurrent.locks.LockSupport.parkNanos(LockSupport.java:269)&#10;        at java.base@21.0.6/java.util.concurrent.locks.AbstractQueuedSynchronizer$ConditionObject.awaitNanos(AbstractQueuedSynchronizer.java:1763)&#10;        at java.base@21.0.6/java.util.concurrent.LinkedBlockingQueue.poll(LinkedBlockingQueue.java:460)&#10;        at app//org.apache.hadoop.ipc.CallQueueManager.take(CallQueueManager.java:370)&#10;        at app//org.apache.hadoop.ipc.Server$Handler.run(Server.java:3165)&#10;&quot;IPC Server Responder&quot; daemon prio=5 tid=85 runnable&#10;java.lang.Thread.State: RUNNABLE&#10;        at java.base@21.0.6/sun.nio.ch.EPoll.wait(Native Method)&#10;        at java.base@21.0.6/sun.nio.ch.EPollSelectorImpl.doSelect(EPollSelectorImpl.java:121)&#10;        at java.base@21.0.6/sun.nio.ch.SelectorImpl.lockAndDoSelect(SelectorImpl.java:130)&#10;        at java.base@21.0.6/sun.nio.ch.SelectorImpl.select(SelectorImpl.java:142)&#10;        at app//org.apache.hadoop.ipc.Server$Responder.doRunLoop(Server.java:1733)&#10;        at app//org.apache.hadoop.ipc.Server$Responder.run(Server.java:1716)&#10;&quot;IPC Server handler 92 on default port 15001&quot; daemon prio=5 tid=310 timed_waiting&#10;java.lang.Thread.State: TIMED_WAITING&#10;        at java.base@21.0.6/jdk.internal.misc.Unsafe.park(Native Method)&#10;        at java.base@21.0.6/java.util.concurrent.locks.LockSupport.parkNanos(LockSupport.java:269)&#10;        at java.base@21.0.6/java.util.concurrent.locks.AbstractQueuedSynchronizer$ConditionObject.awaitNanos(AbstractQueuedSynchronizer.java:1763)&#10;        at java.base@21.0.6/java.util.concurrent.LinkedBlockingQueue.poll(LinkedBlockingQueue.java:460)&#10;        at app//org.apache.hadoop.ipc.CallQueueManager.take(CallQueueManager.java:370)&#10;        at app//org.apache.hadoop.ipc.Server$Handler.run(Server.java:3165)&#10;&quot;IPC Server handler 13 on default port 15002&quot; daemon prio=5 tid=349 timed_waiting&#10;java.lang.Thread.State: TIMED_WAITING&#10;        at java.base@21.0.6/jdk.internal.misc.Unsafe.park(Native Method)&#10;        at java.base@21.0.6/java.util.concurrent.locks.LockSupport.parkNanos(LockSupport.java:269)&#10;        at java.base@21.0.6/java.util.concurrent.locks.AbstractQueuedSynchronizer$ConditionObject.awaitNanos(AbstractQueuedSynchronizer.java:1763)&#10;        at java.base@21.0.6/java.util.concurrent.LinkedBlockingQueue.poll(LinkedBlockingQueue.java:460)&#10;        at app//org.apache.hadoop.ipc.CallQueueManager.take(CallQueueManager.java:370)&#10;        at app//org.apache.hadoop.ipc.Server$Handler.run(Server.java:3165)&#10;&quot;IPC Server handler 49 on default port 15001&quot; daemon prio=5 tid=267 timed_waiting&#10;java.lang.Thread.State: TIMED_WAITING&#10;        at java.base@21.0.6/jdk.internal.misc.Unsafe.park(Native Method)&#10;        at java.base@21.0.6/java.util.concurrent.locks.LockSupport.parkNanos(LockSupport.java:269)&#10;        at java.base@21.0.6/java.util.concurrent.locks.AbstractQueuedSynchronizer$ConditionObject.awaitNanos(AbstractQueuedSynchronizer.java:1763)&#10;        at java.base@21.0.6/java.util.concurrent.LinkedBlockingQueue.poll(LinkedBlockingQueue.java:460)&#10;        at app//org.apache.hadoop.ipc.CallQueueManager.take(CallQueueManager.java:370)&#10;        at app//org.apache.hadoop.ipc.Server$Handler.run(Server.java:3165)&#10;&quot;ExpiredContainerReplicaOpScrubber&quot; daemon prio=5 tid=54 timed_waiting&#10;java.lang.Thread.State: TIMED_WAITING&#10;        at java.base@21.0.6/java.lang.Object.wait0(Native Method)&#10;        at java.base@21.0.6/java.lang.Object.wait(Object.java:366)&#10;        at app//org.apache.hadoop.hdds.scm.ha.BackgroundSCMService.run(BackgroundSCMService.java:106)&#10;        at app//org.apache.hadoop.hdds.scm.ha.BackgroundSCMService$$Lambda/0x00007fd0ac4c0000.run(Unknown Source)&#10;        at java.base@21.0.6/java.lang.Thread.runWith(Thread.java:1596)&#10;        at java.base@21.0.6/java.lang.Thread.run(Thread.java:1583)&#10;&quot;IPC Server handler 70 on default port 15001&quot; daemon prio=5 tid=288 timed_waiting&#10;java.lang.Thread.State: TIMED_WAITING&#10;        at java.base@21.0.6/jdk.internal.misc.Unsafe.park(Native Method)&#10;        at java.base@21.0.6/java.util.concurrent.locks.LockSupport.parkNanos(LockSupport.java:269)&#10;        at java.base@21.0.6/java.util.concurrent.locks.AbstractQueuedSynchronizer$ConditionObject.awaitNanos(AbstractQueuedSynchronizer.java:1763)&#10;        at java.base@21.0.6/java.util.concurrent.LinkedBlockingQueue.poll(LinkedBlockingQueue.java:460)&#10;        at app//org.apache.hadoop.ipc.CallQueueManager.take(CallQueueManager.java:370)&#10;        at app//org.apache.hadoop.ipc.Server$Handler.run(Server.java:3165)&#10;&quot;ContainerDataScanner(/home/runner/work/ozone/ozone/hadoop-ozone/integration-test/target/test-dir/MiniOzoneClusterImpl-26e726f8-5cec-4c14-bf14-45d4895febc0/ozone-meta/datanode-4/data-0/hdds)&quot; daemon prio=5 tid=820 timed_waiting&#10;java.lang.Thread.State: TIMED_WAITING&#10;        at java.base@21.0.6/java.lang.Thread.sleep0(Native Method)&#10;        at java.base@21.0.6/java.lang.Thread.sleep(Thread.java:509)&#10;        at app//org.apache.hadoop.ozone.container.ozoneimpl.AbstractBackgroundContainerScanner.handleRemainingSleep(AbstractBackgroundContainerScanner.java:133)&#10;        at app//org.apache.hadoop.ozone.container.ozoneimpl.AbstractBackgroundContainerScanner.runIteration(AbstractBackgroundContainerScanner.java:100)&#10;        at app//org.apache.hadoop.ozone.container.ozoneimpl.AbstractBackgroundContainerScanner.run(AbstractBackgroundContainerScanner.java:59)&#10;        at java.base@21.0.6/java.lang.Thread.runWith(Thread.java:1596)&#10;        at java.base@21.0.6/java.lang.Thread.run(Thread.java:1583)&#10;&quot;UnderReplicatedProcessor&quot; daemon prio=5 tid=56 timed_waiting&#10;java.lang.Thread.State: TIMED_WAITING&#10;        at java.base@21.0.6/java.lang.Object.wait0(Native Method)&#10;        at java.base@21.0.6/java.lang.Object.wait(Object.java:366)&#10;        at app//org.apache.hadoop.hdds.scm.container.replication.UnhealthyReplicationProcessor.run(UnhealthyReplicationProcessor.java:172)&#10;        at java.base@21.0.6/java.lang.Thread.runWith(Thread.java:1596)&#10;        at java.base@21.0.6/java.lang.Thread.run(Thread.java:1583)&#10;&quot;IPC Server handler 26 on default port 15000&quot; daemon prio=5 tid=144 timed_waiting&#10;java.lang.Thread.State: TIMED_WAITING&#10;        at java.base@21.0.6/jdk.internal.misc.Unsafe.park(Native Method)&#10;        at java.base@21.0.6/java.util.concurrent.locks.LockSupport.parkNanos(LockSupport.java:269)&#10;        at java.base@21.0.6/java.util.concurrent.locks.AbstractQueuedSynchronizer$ConditionObject.awaitNanos(AbstractQueuedSynchronizer.java:1763)&#10;        at java.base@21.0.6/java.util.concurrent.LinkedBlockingQueue.poll(LinkedBlockingQueue.java:460)&#10;        at app//org.apache.hadoop.ipc.CallQueueManager.take(CallQueueManager.java:370)&#10;        at app//org.apache.hadoop.ipc.Server$Handler.run(Server.java:3165)&#10;&quot;IPC Server handler 20 on default port 15002&quot; daemon prio=5 tid=356 timed_waiting&#10;java.lang.Thread.State: TIMED_WAITING&#10;        at java.base@21.0.6/jdk.internal.misc.Unsafe.park(Native Method)&#10;        at java.base@21.0.6/java.util.concurrent.locks.LockSupport.parkNanos(LockSupport.java:269)&#10;        at java.base@21.0.6/java.util.concurrent.locks.AbstractQueuedSynchronizer$ConditionObject.awaitNanos(AbstractQueuedSynchronizer.java:1763)&#10;        at java.base@21.0.6/java.util.concurrent.LinkedBlockingQueue.poll(LinkedBlockingQueue.java:460)&#10;        at app//org.apache.hadoop.ipc.CallQueueManager.take(CallQueueManager.java:370)&#10;        at app//org.apache.hadoop.ipc.Server$Handler.run(Server.java:3165)&#10;&quot;IPC Server handler 76 on default port 15000&quot; daemon prio=5 tid=194 timed_waiting&#10;java.lang.Thread.State: TIMED_WAITING&#10;        at java.base@21.0.6/jdk.internal.misc.Unsafe.park(Native Method)&#10;        at java.base@21.0.6/java.util.concurrent.locks.LockSupport.parkNanos(LockSupport.java:269)&#10;        at java.base@21.0.6/java.util.concurrent.locks.AbstractQueuedSynchronizer$ConditionObject.awaitNanos(AbstractQueuedSynchronizer.java:1763)&#10;        at java.base@21.0.6/java.util.concurrent.LinkedBlockingQueue.poll(LinkedBlockingQueue.java:460)&#10;        at app//org.apache.hadoop.ipc.CallQueueManager.take(CallQueueManager.java:370)&#10;        at app//org.apache.hadoop.ipc.Server$Handler.run(Server.java:3165)&#10;&quot;4a3059aa-ae89-4e47-8f1e-08d61ab31d43-RocksDBCompactionThread-0&quot;  prio=5 tid=726 timed_waiting&#10;java.lang.Thread.State: TIMED_WAITING&#10;        at java.base@21.0.6/jdk.internal.misc.Unsafe.park(Native Method)&#10;        at java.base@21.0.6/java.util.concurrent.locks.LockSupport.parkNanos(LockSupport.java:269)&#10;        at java.base@21.0.6/java.util.concurrent.locks.AbstractQueuedSynchronizer$ConditionObject.awaitNanos(AbstractQueuedSynchronizer.java:1763)&#10;        at java.base@21.0.6/java.util.concurrent.ScheduledThreadPoolExecutor$DelayedWorkQueue.take(ScheduledThreadPoolExecutor.java:1182)&#10;        at java.base@21.0.6/java.util.concurrent.ScheduledThreadPoolExecutor$DelayedWorkQueue.take(ScheduledThreadPoolExecutor.java:899)&#10;        at java.base@21.0.6/java.util.concurrent.ThreadPoolExecutor.getTask(ThreadPoolExecutor.java:1070)&#10;        at java.base@21.0.6/java.util.concurrent.ThreadPoolExecutor.runWorker(ThreadPoolExecutor.java:1130)&#10;        at java.base@21.0.6/java.util.concurrent.ThreadPoolExecutor$Worker.run(ThreadPoolExecutor.java:642)&#10;        at java.base@21.0.6/java.lang.Thread.runWith(Thread.java:1596)&#10;        at java.base@21.0.6/java.lang.Thread.run(Thread.java:1583)&#10;&quot;IPC Server handler 38 on default port 15000&quot; daemon prio=5 tid=156 timed_waiting&#10;java.lang.Thread.State: TIMED_WAITING&#10;        at java.base@21.0.6/jdk.internal.misc.Unsafe.park(Native Method)&#10;        at java.base@21.0.6/java.util.concurrent.locks.LockSupport.parkNanos(LockSupport.java:269)&#10;        at java.base@21.0.6/java.util.concurrent.locks.AbstractQueuedSynchronizer$ConditionObject.awaitNanos(AbstractQueuedSynchronizer.java:1763)&#10;        at java.base@21.0.6/java.util.concurrent.LinkedBlockingQueue.poll(LinkedBlockingQueue.java:460)&#10;        at app//org.apache.hadoop.ipc.CallQueueManager.take(CallQueueManager.java:370)&#10;        at app//org.apache.hadoop.ipc.Server$Handler.run(Server.java:3165)&#10;&quot;4a3059aa-ae89-4e47-8f1e-08d61ab31d43-PipelineCommandHandlerThread-0&quot;  prio=5 tid=948 in Object.wait()&#10;java.lang.Thread.State: WAITING (on object monitor)&#10;        at java.base@21.0.6/jdk.internal.misc.Unsafe.park(Native Method)&#10;        at java.base@21.0.6/java.util.concurrent.locks.LockSupport.park(LockSupport.java:371)&#10;        at java.base@21.0.6/java.util.concurrent.locks.AbstractQueuedSynchronizer$ConditionNode.block(AbstractQueuedSynchronizer.java:519)&#10;        at java.base@21.0.6/java.util.concurrent.ForkJoinPool.unmanagedBlock(ForkJoinPool.java:3780)&#10;        at java.base@21.0.6/java.util.concurrent.ForkJoinPool.managedBlock(ForkJoinPool.java:3725)&#10;        at java.base@21.0.6/java.util.concurrent.locks.AbstractQueuedSynchronizer$ConditionObject.await(AbstractQueuedSynchronizer.java:1712)&#10;        at java.base@21.0.6/java.util.concurrent.LinkedBlockingQueue.take(LinkedBlockingQueue.java:435)&#10;        at java.base@21.0.6/java.util.concurrent.ThreadPoolExecutor.getTask(ThreadPoolExecutor.java:1070)&#10;        at java.base@21.0.6/java.util.concurrent.ThreadPoolExecutor.runWorker(ThreadPoolExecutor.java:1130)&#10;        at java.base@21.0.6/java.util.concurrent.ThreadPoolExecutor$Worker.run(ThreadPoolExecutor.java:642)&#10;        at java.base@21.0.6/java.lang.Thread.runWith(Thread.java:1596)&#10;        at java.base@21.0.6/java.lang.Thread.run(Thread.java:1583)&#10;&quot;SCMHATransactionMonitor&quot; daemon prio=5 tid=116 timed_waiting&#10;java.lang.Thread.State: TIMED_WAITING&#10;        at java.base@21.0.6/java.lang.Object.wait0(Native Method)&#10;        at java.base@21.0.6/java.lang.Object.wait(Object.java:366)&#10;        at app//org.apache.hadoop.hdds.scm.ha.BackgroundSCMService.run(BackgroundSCMService.java:106)&#10;        at app//org.apache.hadoop.hdds.scm.ha.BackgroundSCMService$$Lambda/0x00007fd0ac4c0000.run(Unknown Source)&#10;        at java.base@21.0.6/java.lang.Thread.runWith(Thread.java:1596)&#10;        at java.base@21.0.6/java.lang.Thread.run(Thread.java:1583)&#10;&quot;IPC Server handler 77 on default port 15000&quot; daemon prio=5 tid=195 timed_waiting&#10;java.lang.Thread.State: TIMED_WAITING&#10;        at java.base@21.0.6/jdk.internal.misc.Unsafe.park(Native Method)&#10;        at java.base@21.0.6/java.util.concurrent.locks.LockSupport.parkNanos(LockSupport.java:269)&#10;        at java.base@21.0.6/java.util.concurrent.locks.AbstractQueuedSynchronizer$ConditionObject.awaitNanos(AbstractQueuedSynchronizer.java:1763)&#10;        at java.base@21.0.6/java.util.concurrent.LinkedBlockingQueue.poll(LinkedBlockingQueue.java:460)&#10;        at app//org.apache.hadoop.ipc.CallQueueManager.take(CallQueueManager.java:370)&#10;        at app//org.apache.hadoop.ipc.Server$Handler.run(Server.java:3165)&#10;&quot;IPC Server handler 40 on default port 15001&quot; daemon prio=5 tid=258 timed_waiting&#10;java.lang.Thread.State: TIMED_WAITING&#10;        at java.base@21.0.6/jdk.internal.misc.Unsafe.park(Native Method)&#10;        at java.base@21.0.6/java.util.concurrent.locks.LockSupport.parkNanos(LockSupport.java:269)&#10;        at java.base@21.0.6/java.util.concurrent.locks.AbstractQueuedSynchronizer$ConditionObject.awaitNanos(AbstractQueuedSynchronizer.java:1763)&#10;        at java.base@21.0.6/java.util.concurrent.LinkedBlockingQueue.poll(LinkedBlockingQueue.java:460)&#10;        at app//org.apache.hadoop.ipc.CallQueueManager.take(CallQueueManager.java:370)&#10;        at app//org.apache.hadoop.ipc.Server$Handler.run(Server.java:3165)&#10;&quot;a6bf55e3-38e4-411e-ac0b-5acdb6a35656-DatanodeReportManager-1&quot; daemon prio=5 tid=649 in Object.wait()&#10;java.lang.Thread.State: WAITING (on object monitor)&#10;        at java.base@21.0.6/jdk.internal.misc.Unsafe.park(Native Method)&#10;        at java.base@21.0.6/java.util.concurrent.locks.LockSupport.park(LockSupport.java:371)&#10;        at java.base@21.0.6/java.util.concurrent.locks.AbstractQueuedSynchronizer$ConditionNode.block(AbstractQueuedSynchronizer.java:519)&#10;        at java.base@21.0.6/java.util.concurrent.ForkJoinPool.unmanagedBlock(ForkJoinPool.java:3780)&#10;        at java.base@21.0.6/java.util.concurrent.ForkJoinPool.managedBlock(ForkJoinPool.java:3725)&#10;        at java.base@21.0.6/java.util.concurrent.locks.AbstractQueuedSynchronizer$ConditionObject.await(AbstractQueuedSynchronizer.java:1712)&#10;        at java.base@21.0.6/java.util.concurrent.ScheduledThreadPoolExecutor$DelayedWorkQueue.take(ScheduledThreadPoolExecutor.java:1177)&#10;        at java.base@21.0.6/java.util.concurrent.ScheduledThreadPoolExecutor$DelayedWorkQueue.take(ScheduledThreadPoolExecutor.java:899)&#10;        at java.base@21.0.6/java.util.concurrent.ThreadPoolExecutor.getTask(ThreadPoolExecutor.java:1070)&#10;        at java.base@21.0.6/java.util.concurrent.ThreadPoolExecutor.runWorker(ThreadPoolExecutor.java:1130)&#10;        at java.base@21.0.6/java.util.concurrent.ThreadPoolExecutor$Worker.run(ThreadPoolExecutor.java:642)&#10;        at java.base@21.0.6/java.lang.Thread.runWith(Thread.java:1596)&#10;        at java.base@21.0.6/java.lang.Thread.run(Thread.java:1583)&#10;&quot;IPC Server handler 2 on default port 15043&quot; daemon prio=5 tid=785 timed_waiting&#10;java.lang.Thread.State: TIMED_WAITING&#10;        at java.base@21.0.6/jdk.internal.misc.Unsafe.park(Native Method)&#10;        at java.base@21.0.6/java.util.concurrent.locks.LockSupport.parkNanos(LockSupport.java:269)&#10;        at java.base@21.0.6/java.util.concurrent.locks.AbstractQueuedSynchronizer$ConditionObject.awaitNanos(AbstractQueuedSynchronizer.java:1763)&#10;        at java.base@21.0.6/java.util.concurrent.LinkedBlockingQueue.poll(LinkedBlockingQueue.java:460)&#10;        at app//org.apache.hadoop.ipc.CallQueueManager.take(CallQueueManager.java:370)&#10;        at app//org.apache.hadoop.ipc.Server$Handler.run(Server.java:3165)&#10;&quot;qtp1419970068-667&quot; daemon prio=5 tid=667 runnable&#10;java.lang.Thread.State: RUNNABLE&#10;        at java.base@21.0.6/sun.nio.ch.EPoll.wait(Native Method)&#10;        at java.base@21.0.6/sun.nio.ch.EPollSelectorImpl.doSelect(EPollSelectorImpl.java:121)&#10;        at java.base@21.0.6/sun.nio.ch.SelectorImpl.lockAndDoSelect(SelectorImpl.java:130)&#10;        at java.base@21.0.6/sun.nio.ch.SelectorImpl.select(SelectorImpl.java:147)&#10;        at app//org.eclipse.jetty.io.ManagedSelector.nioSelect(ManagedSelector.java:183)&#10;        at app//org.eclipse.jetty.io.ManagedSelector.select(ManagedSelector.java:190)&#10;        at app//org.eclipse.jetty.io.ManagedSelector$SelectorProducer.select(ManagedSelector.java:606)&#10;        at app//org.eclipse.jetty.io.ManagedSelector$SelectorProducer.produce(ManagedSelector.java:543)&#10;        at app//org.eclipse.jetty.util.thread.strategy.EatWhatYouKill.produceTask(EatWhatYouKill.java:362)&#10;        at app//org.eclipse.jetty.util.thread.strategy.EatWhatYouKill.doProduce(EatWhatYouKill.java:186)&#10;        at app//org.eclipse.jetty.util.thread.strategy.EatWhatYouKill.tryProduce(EatWhatYouKill.java:173)&#10;        at app//org.eclipse.jetty.util.thread.strategy.EatWhatYouKill.produce(EatWhatYouKill.java:137)&#10;        at app//org.eclipse.jetty.io.ManagedSelector$$Lambda/0x00007fd0ac690720.run(Unknown Source)&#10;        at app//org.eclipse.jetty.util.thread.QueuedThreadPool.runJob(QueuedThreadPool.java:883)&#10;        at app//org.eclipse.jetty.util.thread.QueuedThreadPool$Runner.run(QueuedThreadPool.java:1034)&#10;        at java.base@21.0.6/java.lang.Thread.runWith(Thread.java:1596)&#10;        at java.base@21.0.6/java.lang.Thread.run(Thread.java:1583)&#10;&quot;IPC Server handler 49 on default port 15000&quot; daemon prio=5 tid=167 timed_waiting&#10;java.lang.Thread.State: TIMED_WAITING&#10;        at java.base@21.0.6/jdk.internal.misc.Unsafe.park(Native Method)&#10;        at java.base@21.0.6/java.util.concurrent.locks.LockSupport.parkNanos(LockSupport.java:269)&#10;        at java.base@21.0.6/java.util.concurrent.locks.AbstractQueuedSynchronizer$ConditionObject.awaitNanos(AbstractQueuedSynchronizer.java:1763)&#10;        at java.base@21.0.6/java.util.concurrent.LinkedBlockingQueue.poll(LinkedBlockingQueue.java:460)&#10;        at app//org.apache.hadoop.ipc.CallQueueManager.take(CallQueueManager.java:370)&#10;        at app//org.apache.hadoop.ipc.Server$Handler.run(Server.java:3165)&#10;&quot;IPC Server handler 85 on default port 15000&quot; daemon prio=5 tid=203 timed_waiting&#10;java.lang.Thread.State: TIMED_WAITING&#10;        at java.base@21.0.6/jdk.internal.misc.Unsafe.park(Native Method)&#10;        at java.base@21.0.6/java.util.concurrent.locks.LockSupport.parkNanos(LockSupport.java:269)&#10;        at java.base@21.0.6/java.util.concurrent.locks.AbstractQueuedSynchronizer$ConditionObject.awaitNanos(AbstractQueuedSynchronizer.java:1763)&#10;        at java.base@21.0.6/java.util.concurrent.LinkedBlockingQueue.poll(LinkedBlockingQueue.java:460)&#10;        at app//org.apache.hadoop.ipc.CallQueueManager.take(CallQueueManager.java:370)&#10;        at app//org.apache.hadoop.ipc.Server$Handler.run(Server.java:3165)&#10;&quot;IPC Server handler 18 on default port 15000&quot; daemon prio=5 tid=136 timed_waiting&#10;java.lang.Thread.State: TIMED_WAITING&#10;        at java.base@21.0.6/jdk.internal.misc.Unsafe.park(Native Method)&#10;        at java.base@21.0.6/java.util.concurrent.locks.LockSupport.parkNanos(LockSupport.java:269)&#10;        at java.base@21.0.6/java.util.concurrent.locks.AbstractQueuedSynchronizer$ConditionObject.awaitNanos(AbstractQueuedSynchronizer.java:1763)&#10;        at java.base@21.0.6/java.util.concurrent.LinkedBlockingQueue.poll(LinkedBlockingQueue.java:460)&#10;        at app//org.apache.hadoop.ipc.CallQueueManager.take(CallQueueManager.java:370)&#10;        at app//org.apache.hadoop.ipc.Server$Handler.run(Server.java:3165)&#10;&quot;93cc9901-be1a-45f5-9681-0d93e627c426-PeriodicHDDSVolumeChecker&quot; daemon prio=5 tid=727 timed_waiting&#10;java.lang.Thread.State: TIMED_WAITING&#10;        at java.base@21.0.6/jdk.internal.misc.Unsafe.park(Native Method)&#10;        at java.base@21.0.6/java.util.concurrent.locks.LockSupport.parkNanos(LockSupport.java:269)&#10;        at java.base@21.0.6/java.util.concurrent.locks.AbstractQueuedSynchronizer$ConditionObject.awaitNanos(AbstractQueuedSynchronizer.java:1763)&#10;        at java.base@21.0.6/java.util.concurrent.ScheduledThreadPoolExecutor$DelayedWorkQueue.take(ScheduledThreadPoolExecutor.java:1182)&#10;        at java.base@21.0.6/java.util.concurrent.ScheduledThreadPoolExecutor$DelayedWorkQueue.take(ScheduledThreadPoolExecutor.java:899)&#10;        at java.base@21.0.6/java.util.concurrent.ThreadPoolExecutor.getTask(ThreadPoolExecutor.java:1070)&#10;        at java.base@21.0.6/java.util.concurrent.ThreadPoolExecutor.runWorker(ThreadPoolExecutor.java:1130)&#10;        at java.base@21.0.6/java.util.concurrent.ThreadPoolExecutor$Worker.run(ThreadPoolExecutor.java:642)&#10;        at java.base@21.0.6/java.lang.Thread.runWith(Thread.java:1596)&#10;        at java.base@21.0.6/java.lang.Thread.run(Thread.java:1583)&#10;&quot;93cc9901-be1a-45f5-9681-0d93e627c426-BlockDeletingService#1&quot; daemon prio=5 tid=741 in Object.wait()&#10;java.lang.Thread.State: WAITING (on object monitor)&#10;        at java.base@21.0.6/jdk.internal.misc.Unsafe.park(Native Method)&#10;        at java.base@21.0.6/java.util.concurrent.locks.LockSupport.park(LockSupport.java:371)&#10;        at java.base@21.0.6/java.util.concurrent.locks.AbstractQueuedSynchronizer$ConditionNode.block(AbstractQueuedSynchronizer.java:519)&#10;        at java.base@21.0.6/java.util.concurrent.ForkJoinPool.unmanagedBlock(ForkJoinPool.java:3780)&#10;        at java.base@21.0.6/java.util.concurrent.ForkJoinPool.managedBlock(ForkJoinPool.java:3725)&#10;        at java.base@21.0.6/java.util.concurrent.locks.AbstractQueuedSynchronizer$ConditionObject.await(AbstractQueuedSynchronizer.java:1712)&#10;        at java.base@21.0.6/java.util.concurrent.ScheduledThreadPoolExecutor$DelayedWorkQueue.take(ScheduledThreadPoolExecutor.java:1177)&#10;        at java.base@21.0.6/java.util.concurrent.ScheduledThreadPoolExecutor$DelayedWorkQueue.take(ScheduledThreadPoolExecutor.java:899)&#10;        at java.base@21.0.6/java.util.concurrent.ThreadPoolExecutor.getTask(ThreadPoolExecutor.java:1070)&#10;        at java.base@21.0.6/java.util.concurrent.ThreadPoolExecutor.runWorker(ThreadPoolExecutor.java:1130)&#10;        at java.base@21.0.6/java.util.concurrent.ThreadPoolExecutor$Worker.run(ThreadPoolExecutor.java:642)&#10;        at java.base@21.0.6/java.lang.Thread.runWith(Thread.java:1596)&#10;        at java.base@21.0.6/java.lang.Thread.run(Thread.java:1583)&#10;&quot;4a3059aa-ae89-4e47-8f1e-08d61ab31d43-DatanodeStateMachineTaskThread-0&quot;  prio=5 tid=801 in Object.wait()&#10;java.lang.Thread.State: WAITING (on object monitor)&#10;        at java.base@21.0.6/jdk.internal.misc.Unsafe.park(Native Method)&#10;        at java.base@21.0.6/java.util.concurrent.locks.LockSupport.park(LockSupport.java:371)&#10;        at java.base@21.0.6/java.util.concurrent.locks.AbstractQueuedSynchronizer$ConditionNode.block(AbstractQueuedSynchronizer.java:519)&#10;        at java.base@21.0.6/java.util.concurrent.ForkJoinPool.unmanagedBlock(ForkJoinPool.java:3780)&#10;        at java.base@21.0.6/java.util.concurrent.ForkJoinPool.managedBlock(ForkJoinPool.java:3725)&#10;        at java.base@21.0.6/java.util.concurrent.locks.AbstractQueuedSynchronizer$ConditionObject.await(AbstractQueuedSynchronizer.java:1712)&#10;        at java.base@21.0.6/java.util.concurrent.LinkedBlockingQueue.take(LinkedBlockingQueue.java:435)&#10;        at java.base@21.0.6/java.util.concurrent.ThreadPoolExecutor.getTask(ThreadPoolExecutor.java:1070)&#10;        at java.base@21.0.6/java.util.concurrent.ThreadPoolExecutor.runWorker(ThreadPoolExecutor.java:1130)&#10;        at java.base@21.0.6/java.util.concurrent.ThreadPoolExecutor$Worker.run(ThreadPoolExecutor.java:642)&#10;        at java.base@21.0.6/java.lang.Thread.runWith(Thread.java:1596)&#10;        at java.base@21.0.6/java.lang.Thread.run(Thread.java:1583)&#10;&quot;IPC Server handler 7 on default port 15019&quot; daemon prio=5 tid=598 timed_waiting&#10;java.lang.Thread.State: TIMED_WAITING&#10;        at java.base@21.0.6/jdk.internal.misc.Unsafe.park(Native Method)&#10;        at java.base@21.0.6/java.util.concurrent.locks.LockSupport.parkNanos(LockSupport.java:269)&#10;        at java.base@21.0.6/java.util.concurrent.locks.AbstractQueuedSynchronizer$ConditionObject.awaitNanos(AbstractQueuedSynchronizer.java:1763)&#10;        at java.base@21.0.6/java.util.concurrent.LinkedBlockingQueue.poll(LinkedBlockingQueue.java:460)&#10;        at app//org.apache.hadoop.ipc.CallQueueManager.take(CallQueueManager.java:370)&#10;        at app//org.apache.hadoop.ipc.Server$Handler.run(Server.java:3165)&#10;&quot;IPC Server handler 86 on default port 15001&quot; daemon prio=5 tid=304 timed_waiting&#10;java.lang.Thread.State: TIMED_WAITING&#10;        at java.base@21.0.6/jdk.internal.misc.Unsafe.park(Native Method)&#10;        at java.base@21.0.6/java.util.concurrent.locks.LockSupport.parkNanos(LockSupport.java:269)&#10;        at java.base@21.0.6/java.util.concurrent.locks.AbstractQueuedSynchronizer$ConditionObject.awaitNanos(AbstractQueuedSynchronizer.java:1763)&#10;        at java.base@21.0.6/java.util.concurrent.LinkedBlockingQueue.poll(LinkedBlockingQueue.java:460)&#10;        at app//org.apache.hadoop.ipc.CallQueueManager.take(CallQueueManager.java:370)&#10;        at app//org.apache.hadoop.ipc.Server$Handler.run(Server.java:3165)&#10;&quot;IPC Server handler 26 on default port 15001&quot; daemon prio=5 tid=244 timed_waiting&#10;java.lang.Thread.State: TIMED_WAITING&#10;        at java.base@21.0.6/jdk.internal.misc.Unsafe.park(Native Method)&#10;        at java.base@21.0.6/java.util.concurrent.locks.LockSupport.parkNanos(LockSupport.java:269)&#10;        at java.base@21.0.6/java.util.concurrent.locks.AbstractQueuedSynchronizer$ConditionObject.awaitNanos(AbstractQueuedSynchronizer.java:1763)&#10;        at java.base@21.0.6/java.util.concurrent.LinkedBlockingQueue.poll(LinkedBlockingQueue.java:460)&#10;        at app//org.apache.hadoop.ipc.CallQueueManager.take(CallQueueManager.java:370)&#10;        at app//org.apache.hadoop.ipc.Server$Handler.run(Server.java:3165)&#10;&quot;qtp2005400801-618&quot; daemon prio=5 tid=618 timed_waiting&#10;java.lang.Thread.State: TIMED_WAITING&#10;        at java.base@21.0.6/jdk.internal.misc.Unsafe.park(Native Method)&#10;        at java.base@21.0.6/java.util.concurrent.locks.LockSupport.parkNanos(LockSupport.java:269)&#10;        at java.base@21.0.6/java.util.concurrent.locks.AbstractQueuedSynchronizer$ConditionObject.awaitNanos(AbstractQueuedSynchronizer.java:1763)&#10;        at app//org.eclipse.jetty.util.BlockingArrayQueue.poll(BlockingArrayQueue.java:382)&#10;        at app//org.eclipse.jetty.util.thread.QueuedThreadPool$Runner.idleJobPoll(QueuedThreadPool.java:974)&#10;        at app//org.eclipse.jetty.util.thread.QueuedThreadPool$Runner.run(QueuedThreadPool.java:1018)&#10;        at java.base@21.0.6/java.lang.Thread.runWith(Thread.java:1596)&#10;        at java.base@21.0.6/java.lang.Thread.run(Thread.java:1583)&#10;&quot;Signal Dispatcher&quot; daemon prio=9 tid=11 runnable&#10;java.lang.Thread.State: RUNNABLE&#10;&quot;qtp2005400801-617&quot; daemon prio=5 tid=617 timed_waiting&#10;java.lang.Thread.State: TIMED_WAITING&#10;        at java.base@21.0.6/jdk.internal.misc.Unsafe.park(Native Method)&#10;        at java.base@21.0.6/java.util.concurrent.locks.LockSupport.parkNanos(LockSupport.java:269)&#10;        at java.base@21.0.6/java.util.concurrent.locks.AbstractQueuedSynchronizer$ConditionObject.awaitNanos(AbstractQueuedSynchronizer.java:1763)&#10;        at app//org.eclipse.jetty.util.BlockingArrayQueue.poll(BlockingArrayQueue.java:382)&#10;        at app//org.eclipse.jetty.util.thread.QueuedThreadPool$Runner.idleJobPoll(QueuedThreadPool.java:974)&#10;        at app//org.eclipse.jetty.util.thread.QueuedThreadPool$Runner.run(QueuedThreadPool.java:1018)&#10;        at java.base@21.0.6/java.lang.Thread.runWith(Thread.java:1596)&#10;        at java.base@21.0.6/java.lang.Thread.run(Thread.java:1583)&#10;&quot;IPC Server handler 42 on default port 15002&quot; daemon prio=5 tid=378 timed_waiting&#10;java.lang.Thread.State: TIMED_WAITING&#10;        at java.base@21.0.6/jdk.internal.misc.Unsafe.park(Native Method)&#10;        at java.base@21.0.6/java.util.concurrent.locks.LockSupport.parkNanos(LockSupport.java:269)&#10;        at java.base@21.0.6/java.util.concurrent.locks.AbstractQueuedSynchronizer$ConditionObject.awaitNanos(AbstractQueuedSynchronizer.java:1763)&#10;        at java.base@21.0.6/java.util.concurrent.LinkedBlockingQueue.poll(LinkedBlockingQueue.java:460)&#10;        at app//org.apache.hadoop.ipc.CallQueueManager.take(CallQueueManager.java:370)&#10;        at app//org.apache.hadoop.ipc.Server$Handler.run(Server.java:3165)&#10;&quot;grpc-default-executor-1&quot; daemon prio=5 tid=884 timed_waiting&#10;java.lang.Thread.State: TIMED_WAITING&#10;        at java.base@21.0.6/jdk.internal.misc.Unsafe.park(Native Method)&#10;        at java.base@21.0.6/java.util.concurrent.locks.LockSupport.parkNanos(LockSupport.java:410)&#10;        at java.base@21.0.6/java.util.concurrent.LinkedTransferQueue$DualNode.await(LinkedTransferQueue.java:452)&#10;        at java.base@21.0.6/java.util.concurrent.SynchronousQueue$Transferer.xferLifo(SynchronousQueue.java:194)&#10;        at java.base@21.0.6/java.util.concurrent.SynchronousQueue.xfer(SynchronousQueue.java:235)&#10;        at java.base@21.0.6/java.util.concurrent.SynchronousQueue.poll(SynchronousQueue.java:338)&#10;        at java.base@21.0.6/java.util.concurrent.ThreadPoolExecutor.getTask(ThreadPoolExecutor.java:1069)&#10;        at java.base@21.0.6/java.util.concurrent.ThreadPoolExecutor.runWorker(ThreadPoolExecutor.java:1130)&#10;        at java.base@21.0.6/java.util.concurrent.ThreadPoolExecutor$Worker.run(ThreadPoolExecutor.java:642)&#10;        at java.base@21.0.6/java.lang.Thread.runWith(Thread.java:1596)&#10;        at java.base@21.0.6/java.lang.Thread.run(Thread.java:1583)&#10;&quot;a6bf55e3-38e4-411e-ac0b-5acdb6a35656-groupManagement&quot; daemon prio=5 tid=885 in Object.wait()&#10;java.lang.Thread.State: WAITING (on object monitor)&#10;        at java.base@21.0.6/jdk.internal.misc.Unsafe.park(Native Method)&#10;        at java.base@21.0.6/java.util.concurrent.locks.LockSupport.park(LockSupport.java:371)&#10;        at java.base@21.0.6/java.util.concurrent.locks.AbstractQueuedSynchronizer$ConditionNode.block(AbstractQueuedSynchronizer.java:519)&#10;        at java.base@21.0.6/java.util.concurrent.ForkJoinPool.unmanagedBlock(ForkJoinPool.java:3780)&#10;        at java.base@21.0.6/java.util.concurrent.ForkJoinPool.managedBlock(ForkJoinPool.java:3725)&#10;        at java.base@21.0.6/java.util.concurrent.locks.AbstractQueuedSynchronizer$ConditionObject.await(AbstractQueuedSynchronizer.java:1712)&#10;        at java.base@21.0.6/java.util.concurrent.LinkedBlockingQueue.take(LinkedBlockingQueue.java:435)&#10;        at java.base@21.0.6/java.util.concurrent.ThreadPoolExecutor.getTask(ThreadPoolExecutor.java:1070)&#10;        at java.base@21.0.6/java.util.concurrent.ThreadPoolExecutor.runWorker(ThreadPoolExecutor.java:1130)&#10;        at java.base@21.0.6/java.util.concurrent.ThreadPoolExecutor$Worker.run(ThreadPoolExecutor.java:642)&#10;        at java.base@21.0.6/java.lang.Thread.runWith(Thread.java:1596)&#10;        at java.base@21.0.6/java.lang.Thread.run(Thread.java:1583)&#10;&quot;SCMHeartbeatProcessor-0&quot; daemon prio=5 tid=51 timed_waiting&#10;java.lang.Thread.State: TIMED_WAITING&#10;        at java.base@21.0.6/jdk.internal.misc.Unsafe.park(Native Method)&#10;        at java.base@21.0.6/java.util.concurrent.locks.LockSupport.parkNanos(LockSupport.java:269)&#10;        at java.base@21.0.6/java.util.concurrent.locks.AbstractQueuedSynchronizer$ConditionObject.awaitNanos(AbstractQueuedSynchronizer.java:1763)&#10;        at java.base@21.0.6/java.util.concurrent.ScheduledThreadPoolExecutor$DelayedWorkQueue.take(ScheduledThreadPoolExecutor.java:1182)&#10;        at java.base@21.0.6/java.util.concurrent.ScheduledThreadPoolExecutor$DelayedWorkQueue.take(ScheduledThreadPoolExecutor.java:899)&#10;        at java.base@21.0.6/java.util.concurrent.ThreadPoolExecutor.getTask(ThreadPoolExecutor.java:1070)&#10;        at java.base@21.0.6/java.util.concurrent.ThreadPoolExecutor.runWorker(ThreadPoolExecutor.java:1130)&#10;        at java.base@21.0.6/java.util.concurrent.ThreadPoolExecutor$Worker.run(ThreadPoolExecutor.java:642)&#10;        at java.base@21.0.6/java.lang.Thread.runWith(Thread.java:1596)&#10;        at java.base@21.0.6/java.lang.Thread.run(Thread.java:1583)&#10;&quot;IPC Server handler 0 on default port 15006&quot; daemon prio=5 tid=495 timed_waiting&#10;java.lang.Thread.State: TIMED_WAITING&#10;        at java.base@21.0.6/jdk.internal.misc.Unsafe.park(Native Method)&#10;        at java.base@21.0.6/java.util.concurrent.locks.LockSupport.parkNanos(LockSupport.java:269)&#10;        at java.base@21.0.6/java.util.concurrent.locks.AbstractQueuedSynchronizer$ConditionObject.awaitNanos(AbstractQueuedSynchronizer.java:1763)&#10;        at java.base@21.0.6/java.util.concurrent.LinkedBlockingQueue.poll(LinkedBlockingQueue.java:460)&#10;        at app//org.apache.hadoop.ipc.CallQueueManager.take(CallQueueManager.java:370)&#10;        at app//org.apache.hadoop.ipc.Server$Handler.run(Server.java:3165)&#10;&quot;IPC Server handler 37 on default port 15002&quot; daemon prio=5 tid=373 timed_waiting&#10;java.lang.Thread.State: TIMED_WAITING&#10;        at java.base@21.0.6/jdk.internal.misc.Unsafe.park(Native Method)&#10;        at java.base@21.0.6/java.util.concurrent.locks.LockSupport.parkNanos(LockSupport.java:269)&#10;        at java.base@21.0.6/java.util.concurrent.locks.AbstractQueuedSynchronizer$ConditionObject.awaitNanos(AbstractQueuedSynchronizer.java:1763)&#10;        at java.base@21.0.6/java.util.concurrent.LinkedBlockingQueue.poll(LinkedBlockingQueue.java:460)&#10;        at app//org.apache.hadoop.ipc.CallQueueManager.take(CallQueueManager.java:370)&#10;        at app//org.apache.hadoop.ipc.Server$Handler.run(Server.java:3165)&#10;&quot;IPC Server handler 31 on default port 15002&quot; daemon prio=5 tid=367 timed_waiting&#10;java.lang.Thread.State: TIMED_WAITING&#10;        at java.base@21.0.6/jdk.internal.misc.Unsafe.park(Native Method)&#10;        at java.base@21.0.6/java.util.concurrent.locks.LockSupport.parkNanos(LockSupport.java:269)&#10;        at java.base@21.0.6/java.util.concurrent.locks.AbstractQueuedSynchronizer$ConditionObject.awaitNanos(AbstractQueuedSynchronizer.java:1763)&#10;        at java.base@21.0.6/java.util.concurrent.LinkedBlockingQueue.poll(LinkedBlockingQueue.java:460)&#10;        at app//org.apache.hadoop.ipc.CallQueueManager.take(CallQueueManager.java:370)&#10;        at app//org.apache.hadoop.ipc.Server$Handler.run(Server.java:3165)&#10;&quot;IPC Client (2079571758) connection to 0.0.0.0/0.0.0.0:15000 from runner&quot; daemon prio=5 tid=1028 timed_waiting&#10;java.lang.Thread.State: TIMED_WAITING&#10;        at java.base@21.0.6/java.lang.Object.wait0(Native Method)&#10;        at java.base@21.0.6/java.lang.Object.wait(Object.java:366)&#10;        at app//org.apache.hadoop.ipc.Client$Connection.waitForWork(Client.java:1042)&#10;        at app//org.apache.hadoop.ipc.Client$Connection.run(Client.java:1093)&#10;&quot;50f19a77-e23b-421f-a833-5664bb01cf1c-client-thread1&quot;  prio=5 tid=812 timed_waiting&#10;java.lang.Thread.State: TIMED_WAITING&#10;        at java.base@21.0.6/jdk.internal.misc.Unsafe.park(Native Method)&#10;        at java.base@21.0.6/java.util.concurrent.locks.LockSupport.parkNanos(LockSupport.java:410)&#10;        at java.base@21.0.6/java.util.concurrent.LinkedTransferQueue$DualNode.await(LinkedTransferQueue.java:452)&#10;        at java.base@21.0.6/java.util.concurrent.SynchronousQueue$Transferer.xferLifo(SynchronousQueue.java:194)&#10;        at java.base@21.0.6/java.util.concurrent.SynchronousQueue.xfer(SynchronousQueue.java:235)&#10;        at java.base@21.0.6/java.util.concurrent.SynchronousQueue.poll(SynchronousQueue.java:338)&#10;        at java.base@21.0.6/java.util.concurrent.ThreadPoolExecutor.getTask(ThreadPoolExecutor.java:1069)&#10;        at java.base@21.0.6/java.util.concurrent.ThreadPoolExecutor.runWorker(ThreadPoolExecutor.java:1130)&#10;        at java.base@21.0.6/java.util.concurrent.ThreadPoolExecutor$Worker.run(ThreadPoolExecutor.java:642)&#10;        at java.base@21.0.6/java.lang.Thread.runWith(Thread.java:1596)&#10;        at java.base@21.0.6/java.lang.Thread.run(Thread.java:1583)&#10;&quot;IPC Server handler 11 on default port 15002&quot; daemon prio=5 tid=347 timed_waiting&#10;java.lang.Thread.State: TIMED_WAITING&#10;        at java.base@21.0.6/jdk.internal.misc.Unsafe.park(Native Method)&#10;        at java.base@21.0.6/java.util.concurrent.locks.LockSupport.parkNanos(LockSupport.java:269)&#10;        at java.base@21.0.6/java.util.concurrent.locks.AbstractQueuedSynchronizer$ConditionObject.awaitNanos(AbstractQueuedSynchronizer.java:1763)&#10;        at java.base@21.0.6/java.util.concurrent.LinkedBlockingQueue.poll(LinkedBlockingQueue.java:460)&#10;        at app//org.apache.hadoop.ipc.CallQueueManager.take(CallQueueManager.java:370)&#10;        at app//org.apache.hadoop.ipc.Server$Handler.run(Server.java:3165)&#10;&quot;4a3059aa-ae89-4e47-8f1e-08d61ab31d43-BlockDeletingService#0&quot; daemon prio=5 tid=847 timed_waiting&#10;java.lang.Thread.State: TIMED_WAITING&#10;        at java.base@21.0.6/jdk.internal.misc.Unsafe.park(Native Method)&#10;        at java.base@21.0.6/java.util.concurrent.locks.LockSupport.parkNanos(LockSupport.java:269)&#10;        at java.base@21.0.6/java.util.concurrent.locks.AbstractQueuedSynchronizer$ConditionObject.awaitNanos(AbstractQueuedSynchronizer.java:1763)&#10;        at java.base@21.0.6/java.util.concurrent.ScheduledThreadPoolExecutor$DelayedWorkQueue.take(ScheduledThreadPoolExecutor.java:1182)&#10;        at java.base@21.0.6/java.util.concurrent.ScheduledThreadPoolExecutor$DelayedWorkQueue.take(ScheduledThreadPoolExecutor.java:899)&#10;        at java.base@21.0.6/java.util.concurrent.ThreadPoolExecutor.getTask(ThreadPoolExecutor.java:1070)&#10;        at java.base@21.0.6/java.util.concurrent.ThreadPoolExecutor.runWorker(ThreadPoolExecutor.java:1130)&#10;        at java.base@21.0.6/java.util.concurrent.ThreadPoolExecutor$Worker.run(ThreadPoolExecutor.java:642)&#10;        at java.base@21.0.6/java.lang.Thread.runWith(Thread.java:1596)&#10;        at java.base@21.0.6/java.lang.Thread.run(Thread.java:1583)&#10;&quot;IPC Server handler 88 on default port 15002&quot; daemon prio=5 tid=424 timed_waiting&#10;java.lang.Thread.State: TIMED_WAITING&#10;        at java.base@21.0.6/jdk.internal.misc.Unsafe.park(Native Method)&#10;        at java.base@21.0.6/java.util.concurrent.locks.LockSupport.parkNanos(LockSupport.java:269)&#10;        at java.base@21.0.6/java.util.concurrent.locks.AbstractQueuedSynchronizer$ConditionObject.awaitNanos(AbstractQueuedSynchronizer.java:1763)&#10;        at java.base@21.0.6/java.util.concurrent.LinkedBlockingQueue.poll(LinkedBlockingQueue.java:460)&#10;        at app//org.apache.hadoop.ipc.CallQueueManager.take(CallQueueManager.java:370)&#10;        at app//org.apache.hadoop.ipc.Server$Handler.run(Server.java:3165)&#10;&quot;IPC Server handler 6 on default port 15006&quot; daemon prio=5 tid=501 timed_waiting&#10;java.lang.Thread.State: TIMED_WAITING&#10;        at java.base@21.0.6/jdk.internal.misc.Unsafe.park(Native Method)&#10;        at java.base@21.0.6/java.util.concurrent.locks.LockSupport.parkNanos(LockSupport.java:269)&#10;        at java.base@21.0.6/java.util.concurrent.locks.AbstractQueuedSynchronizer$ConditionObject.awaitNanos(AbstractQueuedSynchronizer.java:1763)&#10;        at java.base@21.0.6/java.util.concurrent.LinkedBlockingQueue.poll(LinkedBlockingQueue.java:460)&#10;        at app//org.apache.hadoop.ipc.CallQueueManager.take(CallQueueManager.java:370)&#10;        at app//org.apache.hadoop.ipc.Server$Handler.run(Server.java:3165)&#10;&quot;LeakDetector-ManagedRocksObject0&quot; daemon prio=5 tid=48 in Object.wait()&#10;java.lang.Thread.State: WAITING (on object monitor)&#10;        at java.base@21.0.6/jdk.internal.misc.Unsafe.park(Native Method)&#10;        at java.base@21.0.6/java.util.concurrent.locks.LockSupport.park(LockSupport.java:371)&#10;        at java.base@21.0.6/java.util.concurrent.locks.AbstractQueuedSynchronizer$ConditionNode.block(AbstractQueuedSynchronizer.java:519)&#10;        at java.base@21.0.6/java.util.concurrent.ForkJoinPool.unmanagedBlock(ForkJoinPool.java:3780)&#10;        at java.base@21.0.6/java.util.concurrent.ForkJoinPool.managedBlock(ForkJoinPool.java:3725)&#10;        at java.base@21.0.6/java.util.concurrent.locks.AbstractQueuedSynchronizer$ConditionObject.await(AbstractQueuedSynchronizer.java:1712)&#10;        at java.base@21.0.6/java.lang.ref.ReferenceQueue.await(ReferenceQueue.java:67)&#10;        at java.base@21.0.6/java.lang.ref.ReferenceQueue.remove0(ReferenceQueue.java:158)&#10;        at java.base@21.0.6/java.lang.ref.ReferenceQueue.remove(ReferenceQueue.java:234)&#10;        at app//org.apache.hadoop.hdds.utils.LeakDetector.run(LeakDetector.java:79)&#10;        at app//org.apache.hadoop.hdds.utils.LeakDetector$$Lambda/0x00007fd0ac43c858.run(Unknown Source)&#10;        at java.base@21.0.6/java.lang.Thread.runWith(Thread.java:1596)&#10;        at java.base@21.0.6/java.lang.Thread.run(Thread.java:1583)&#10;&quot;Socket Reader #1 for port 15019&quot;  prio=5 tid=578 runnable&#10;java.lang.Thread.State: RUNNABLE&#10;        at java.base@21.0.6/sun.nio.ch.EPoll.wait(Native Method)&#10;        at java.base@21.0.6/sun.nio.ch.EPollSelectorImpl.doSelect(EPollSelectorImpl.java:121)&#10;        at java.base@21.0.6/sun.nio.ch.SelectorImpl.lockAndDoSelect(SelectorImpl.java:130)&#10;        at java.base@21.0.6/sun.nio.ch.SelectorImpl.select(SelectorImpl.java:147)&#10;        at app//org.apache.hadoop.ipc.Server$Listener$Reader.doRunLoop(Server.java:1497)&#10;        at app//org.apache.hadoop.ipc.Server$Listener$Reader.run(Server.java:1476)&#10;&quot;FixedThreadPoolWithAffinityExecutor-1-0&quot; daemon prio=5 tid=102 timed_waiting&#10;java.lang.Thread.State: TIMED_WAITING&#10;        at java.base@21.0.6/jdk.internal.misc.Unsafe.park(Native Method)&#10;        at java.base@21.0.6/java.util.concurrent.locks.LockSupport.parkNanos(LockSupport.java:269)&#10;        at java.base@21.0.6/java.util.concurrent.locks.AbstractQueuedSynchronizer$ConditionObject.awaitNanos(AbstractQueuedSynchronizer.java:1763)&#10;        at java.base@21.0.6/java.util.concurrent.LinkedBlockingQueue.poll(LinkedBlockingQueue.java:460)&#10;        at app//org.apache.hadoop.hdds.scm.server.ContainerReportQueue.poll(ContainerReportQueue.java:269)&#10;        at app//org.apache.hadoop.hdds.scm.server.ContainerReportQueue.poll(ContainerReportQueue.java:42)&#10;        at app//org.apache.hadoop.hdds.server.events.FixedThreadPoolWithAffinityExecutor$ContainerReportProcessTask.run(FixedThreadPoolWithAffinityExecutor.java:254)&#10;        at java.base@21.0.6/java.util.concurrent.Executors$RunnableAdapter.call(Executors.java:572)&#10;        at java.base@21.0.6/java.util.concurrent.FutureTask.run(FutureTask.java:317)&#10;        at java.base@21.0.6/java.util.concurrent.ThreadPoolExecutor.runWorker(ThreadPoolExecutor.java:1144)&#10;        at java.base@21.0.6/java.util.concurrent.ThreadPoolExecutor$Worker.run(ThreadPoolExecutor.java:642)&#10;        at java.base@21.0.6/java.lang.Thread.runWith(Thread.java:1596)&#10;        at java.base@21.0.6/java.lang.Thread.run(Thread.java:1583)&#10;&quot;IPC Server handler 46 on default port 15002&quot; daemon prio=5 tid=382 timed_waiting&#10;java.lang.Thread.State: TIMED_WAITING&#10;        at java.base@21.0.6/jdk.internal.misc.Unsafe.park(Native Method)&#10;        at java.base@21.0.6/java.util.concurrent.locks.LockSupport.parkNanos(LockSupport.java:269)&#10;        at java.base@21.0.6/java.util.concurrent.locks.AbstractQueuedSynchronizer$ConditionObject.awaitNanos(AbstractQueuedSynchronizer.java:1763)&#10;        at java.base@21.0.6/java.util.concurrent.LinkedBlockingQueue.poll(LinkedBlockingQueue.java:460)&#10;        at app//org.apache.hadoop.ipc.CallQueueManager.take(CallQueueManager.java:370)&#10;        at app//org.apache.hadoop.ipc.Server$Handler.run(Server.java:3165)&#10;&quot;IPC Server listener on 15006&quot; daemon prio=5 tid=447 runnable&#10;java.lang.Thread.State: RUNNABLE&#10;        at java.base@21.0.6/sun.nio.ch.EPoll.wait(Native Method)&#10;        at java.base@21.0.6/sun.nio.ch.EPollSelectorImpl.doSelect(EPollSelectorImpl.java:121)&#10;        at java.base@21.0.6/sun.nio.ch.SelectorImpl.lockAndDoSelect(SelectorImpl.java:130)&#10;        at java.base@21.0.6/sun.nio.ch.SelectorImpl.select(SelectorImpl.java:147)&#10;        at app//org.apache.hadoop.ipc.Server$Listener.run(Server.java:1559)&#10;&quot;d6a19b8b-82a2-4947-8b44-7228be6ad053-EndpointStateMachineTaskThread-/0.0.0.0:15002-0 &quot;  prio=5 tid=814 in Object.wait()&#10;java.lang.Thread.State: WAITING (on object monitor)&#10;        at java.base@21.0.6/jdk.internal.misc.Unsafe.park(Native Method)&#10;        at java.base@21.0.6/java.util.concurrent.locks.LockSupport.park(LockSupport.java:371)&#10;        at java.base@21.0.6/java.util.concurrent.locks.AbstractQueuedSynchronizer$ConditionNode.block(AbstractQueuedSynchronizer.java:519)&#10;        at java.base@21.0.6/java.util.concurrent.ForkJoinPool.unmanagedBlock(ForkJoinPool.java:3780)&#10;        at java.base@21.0.6/java.util.concurrent.ForkJoinPool.managedBlock(ForkJoinPool.java:3725)&#10;        at java.base@21.0.6/java.util.concurrent.locks.AbstractQueuedSynchronizer$ConditionObject.await(AbstractQueuedSynchronizer.java:1712)&#10;        at java.base@21.0.6/java.util.concurrent.LinkedBlockingQueue.take(LinkedBlockingQueue.java:435)&#10;        at java.base@21.0.6/java.util.concurrent.ThreadPoolExecutor.getTask(ThreadPoolExecutor.java:1070)&#10;        at java.base@21.0.6/java.util.concurrent.ThreadPoolExecutor.runWorker(ThreadPoolExecutor.java:1130)&#10;        at java.base@21.0.6/java.util.concurrent.ThreadPoolExecutor$Worker.run(ThreadPoolExecutor.java:642)&#10;        at java.base@21.0.6/java.lang.Thread.runWith(Thread.java:1596)&#10;        at java.base@21.0.6/java.lang.Thread.run(Thread.java:1583)&#10;&quot;IPC Server handler 62 on default port 15002&quot; daemon prio=5 tid=398 timed_waiting&#10;java.lang.Thread.State: TIMED_WAITING&#10;        at java.base@21.0.6/jdk.internal.misc.Unsafe.park(Native Method)&#10;        at java.base@21.0.6/java.util.concurrent.locks.LockSupport.parkNanos(LockSupport.java:269)&#10;        at java.base@21.0.6/java.util.concurrent.locks.AbstractQueuedSynchronizer$ConditionObject.awaitNanos(AbstractQueuedSynchronizer.java:1763)&#10;        at java.base@21.0.6/java.util.concurrent.LinkedBlockingQueue.poll(LinkedBlockingQueue.java:460)&#10;        at app//org.apache.hadoop.ipc.CallQueueManager.take(CallQueueManager.java:370)&#10;        at app//org.apache.hadoop.ipc.Server$Handler.run(Server.java:3165)&#10;&quot;4a3059aa-ae89-4e47-8f1e-08d61ab31d43-DatanodeReportManager-0&quot; daemon prio=5 tid=795 timed_waiting&#10;java.lang.Thread.State: TIMED_WAITING&#10;        at java.base@21.0.6/jdk.internal.misc.Unsafe.park(Native Method)&#10;        at java.base@21.0.6/java.util.concurrent.locks.LockSupport.parkNanos(LockSupport.java:269)&#10;        at java.base@21.0.6/java.util.concurrent.locks.AbstractQueuedSynchronizer$ConditionObject.awaitNanos(AbstractQueuedSynchronizer.java:1763)&#10;        at java.base@21.0.6/java.util.concurrent.ScheduledThreadPoolExecutor$DelayedWorkQueue.take(ScheduledThreadPoolExecutor.java:1182)&#10;        at java.base@21.0.6/java.util.concurrent.ScheduledThreadPoolExecutor$DelayedWorkQueue.take(ScheduledThreadPoolExecutor.java:899)&#10;        at java.base@21.0.6/java.util.concurrent.ThreadPoolExecutor.getTask(ThreadPoolExecutor.java:1070)&#10;        at java.base@21.0.6/java.util.concurrent.ThreadPoolExecutor.runWorker(ThreadPoolExecutor.java:1130)&#10;        at java.base@21.0.6/java.util.concurrent.ThreadPoolExecutor$Worker.run(ThreadPoolExecutor.java:642)&#10;        at java.base@21.0.6/java.lang.Thread.runWith(Thread.java:1596)&#10;        at java.base@21.0.6/java.lang.Thread.run(Thread.java:1583)&#10;&quot;IPC Server handler 40 on default port 15000&quot; daemon prio=5 tid=158 timed_waiting&#10;java.lang.Thread.State: TIMED_WAITING&#10;        at java.base@21.0.6/jdk.internal.misc.Unsafe.park(Native Method)&#10;        at java.base@21.0.6/java.util.concurrent.locks.LockSupport.parkNanos(LockSupport.java:269)&#10;        at java.base@21.0.6/java.util.concurrent.locks.AbstractQueuedSynchronizer$ConditionObject.awaitNanos(AbstractQueuedSynchronizer.java:1763)&#10;        at java.base@21.0.6/java.util.concurrent.LinkedBlockingQueue.poll(LinkedBlockingQueue.java:460)&#10;        at app//org.apache.hadoop.ipc.CallQueueManager.take(CallQueueManager.java:370)&#10;        at app//org.apache.hadoop.ipc.Server$Handler.run(Server.java:3165)&#10;&quot;IPC Server handler 39 on default port 15001&quot; daemon prio=5 tid=257 timed_waiting&#10;java.lang.Thread.State: TIMED_WAITING&#10;        at java.base@21.0.6/jdk.internal.misc.Unsafe.park(Native Method)&#10;        at java.base@21.0.6/java.util.concurrent.locks.LockSupport.parkNanos(LockSupport.java:269)&#10;        at java.base@21.0.6/java.util.concurrent.locks.AbstractQueuedSynchronizer$ConditionObject.awaitNanos(AbstractQueuedSynchronizer.java:1763)&#10;        at java.base@21.0.6/java.util.concurrent.LinkedBlockingQueue.poll(LinkedBlockingQueue.java:460)&#10;        at app//org.apache.hadoop.ipc.CallQueueManager.take(CallQueueManager.java:370)&#10;        at app//org.apache.hadoop.ipc.Server$Handler.run(Server.java:3165)&#10;&quot;CompactionDagPruningService&quot; daemon prio=5 tid=436 timed_waiting&#10;java.lang.Thread.State: TIMED_WAITING&#10;        at java.base@21.0.6/jdk.internal.misc.Unsafe.park(Native Method)&#10;        at java.base@21.0.6/java.util.concurrent.locks.LockSupport.parkNanos(LockSupport.java:269)&#10;        at java.base@21.0.6/java.util.concurrent.locks.AbstractQueuedSynchronizer$ConditionObject.awaitNanos(AbstractQueuedSynchronizer.java:1763)&#10;        at java.base@21.0.6/java.util.concurrent.ScheduledThreadPoolExecutor$DelayedWorkQueue.take(ScheduledThreadPoolExecutor.java:1182)&#10;        at java.base@21.0.6/java.util.concurrent.ScheduledThreadPoolExecutor$DelayedWorkQueue.take(ScheduledThreadPoolExecutor.java:899)&#10;        at java.base@21.0.6/java.util.concurrent.ThreadPoolExecutor.getTask(ThreadPoolExecutor.java:1070)&#10;        at java.base@21.0.6/java.util.concurrent.ThreadPoolExecutor.runWorker(ThreadPoolExecutor.java:1130)&#10;        at java.base@21.0.6/java.util.concurrent.ThreadPoolExecutor$Worker.run(ThreadPoolExecutor.java:642)&#10;        at java.base@21.0.6/java.lang.Thread.runWith(Thread.java:1596)&#10;        at java.base@21.0.6/java.lang.Thread.run(Thread.java:1583)&#10;&quot;IPC Server handler 1 on default port 15001&quot; daemon prio=5 tid=219 timed_waiting&#10;java.lang.Thread.State: TIMED_WAITING&#10;        at java.base@21.0.6/jdk.internal.misc.Unsafe.park(Native Method)&#10;        at java.base@21.0.6/java.util.concurrent.locks.LockSupport.parkNanos(LockSupport.java:269)&#10;        at java.base@21.0.6/java.util.concurrent.locks.AbstractQueuedSynchronizer$ConditionObject.awaitNanos(AbstractQueuedSynchronizer.java:1763)&#10;        at java.base@21.0.6/java.util.concurrent.LinkedBlockingQueue.poll(LinkedBlockingQueue.java:460)&#10;        at app//org.apache.hadoop.ipc.CallQueueManager.take(CallQueueManager.java:370)&#10;        at app//org.apache.hadoop.ipc.Server$Handler.run(Server.java:3165)&#10;&quot;IPC Server handler 34 on default port 15002&quot; daemon prio=5 tid=370 timed_waiting&#10;java.lang.Thread.State: TIMED_WAITING&#10;        at java.base@21.0.6/jdk.internal.misc.Unsafe.park(Native Method)&#10;        at java.base@21.0.6/java.util.concurrent.locks.LockSupport.parkNanos(LockSupport.java:269)&#10;        at java.base@21.0.6/java.util.concurrent.locks.AbstractQueuedSynchronizer$ConditionObject.awaitNanos(AbstractQueuedSynchronizer.java:1763)&#10;        at java.base@21.0.6/java.util.concurrent.LinkedBlockingQueue.poll(LinkedBlockingQueue.java:460)&#10;        at app//org.apache.hadoop.ipc.CallQueueManager.take(CallQueueManager.java:370)&#10;        at app//org.apache.hadoop.ipc.Server$Handler.run(Server.java:3165)&#10;&quot;ForkJoinPool.commonPool-worker-3&quot; daemon prio=5 tid=446 in Object.wait()&#10;java.lang.Thread.State: WAITING (on object monitor)&#10;        at java.base@21.0.6/jdk.internal.misc.Unsafe.park(Native Method)&#10;        at java.base@21.0.6/java.util.concurrent.locks.LockSupport.park(LockSupport.java:371)&#10;        at java.base@21.0.6/java.util.concurrent.ForkJoinPool.awaitWork(ForkJoinPool.java:1893)&#10;        at java.base@21.0.6/java.util.concurrent.ForkJoinPool.runWorker(ForkJoinPool.java:1809)&#10;        at java.base@21.0.6/java.util.concurrent.ForkJoinWorkerThread.run(ForkJoinWorkerThread.java:188)&#10;&quot;d6a19b8b-82a2-4947-8b44-7228be6ad053-PeriodicHDDSVolumeChecker&quot; daemon prio=5 tid=816 timed_waiting&#10;java.lang.Thread.State: TIMED_WAITING&#10;        at java.base@21.0.6/jdk.internal.misc.Unsafe.park(Native Method)&#10;        at java.base@21.0.6/java.util.concurrent.locks.LockSupport.parkNanos(LockSupport.java:269)&#10;        at java.base@21.0.6/java.util.concurrent.locks.AbstractQueuedSynchronizer$ConditionObject.awaitNanos(AbstractQueuedSynchronizer.java:1763)&#10;        at java.base@21.0.6/java.util.concurrent.ScheduledThreadPoolExecutor$DelayedWorkQueue.take(ScheduledThreadPoolExecutor.java:1182)&#10;        at java.base@21.0.6/java.util.concurrent.ScheduledThreadPoolExecutor$DelayedWorkQueue.take(ScheduledThreadPoolExecutor.java:899)&#10;        at java.base@21.0.6/java.util.concurrent.ThreadPoolExecutor.getTask(ThreadPoolExecutor.java:1070)&#10;        at java.base@21.0.6/java.util.concurrent.ThreadPoolExecutor.runWorker(ThreadPoolExecutor.java:1130)&#10;        at java.base@21.0.6/java.util.concurrent.ThreadPoolExecutor$Worker.run(ThreadPoolExecutor.java:642)&#10;        at java.base@21.0.6/java.lang.Thread.runWith(Thread.java:1596)&#10;        at java.base@21.0.6/java.lang.Thread.run(Thread.java:1583)&#10;&quot;IPC Server handler 4 on default port 15001&quot; daemon prio=5 tid=222 timed_waiting&#10;java.lang.Thread.State: TIMED_WAITING&#10;        at java.base@21.0.6/jdk.internal.misc.Unsafe.park(Native Method)&#10;        at java.base@21.0.6/java.util.concurrent.locks.LockSupport.parkNanos(LockSupport.java:269)&#10;        at java.base@21.0.6/java.util.concurrent.locks.AbstractQueuedSynchronizer$ConditionObject.awaitNanos(AbstractQueuedSynchronizer.java:1763)&#10;        at java.base@21.0.6/java.util.concurrent.LinkedBlockingQueue.poll(LinkedBlockingQueue.java:460)&#10;        at app//org.apache.hadoop.ipc.CallQueueManager.take(CallQueueManager.java:370)&#10;        at app//org.apache.hadoop.ipc.Server$Handler.run(Server.java:3165)&#10;&quot;om1@group-C5BA1605619E-LeaderStateImpl&quot; daemon prio=5 tid=655 timed_waiting&#10;java.lang.Thread.State: TIMED_WAITING&#10;        at java.base@21.0.6/jdk.internal.misc.Unsafe.park(Native Method)&#10;        at java.base@21.0.6/java.util.concurrent.locks.LockSupport.parkNanos(LockSupport.java:269)&#10;        at java.base@21.0.6/java.util.concurrent.locks.AbstractQueuedSynchronizer$ConditionObject.awaitNanos(AbstractQueuedSynchronizer.java:1763)&#10;        at java.base@21.0.6/java.util.concurrent.ArrayBlockingQueue.poll(ArrayBlockingQueue.java:435)&#10;        at app//org.apache.ratis.server.impl.LeaderStateImpl$EventQueue.poll(LeaderStateImpl.java:164)&#10;        at app//org.apache.ratis.server.impl.LeaderStateImpl$EventProcessor.run(LeaderStateImpl.java:763)&#10;&quot;qtp897209100-574&quot; daemon prio=5 tid=574 timed_waiting&#10;java.lang.Thread.State: TIMED_WAITING&#10;        at java.base@21.0.6/jdk.internal.misc.Unsafe.park(Native Method)&#10;        at java.base@21.0.6/java.util.concurrent.locks.LockSupport.parkNanos(LockSupport.java:269)&#10;        at java.base@21.0.6/java.util.concurrent.locks.AbstractQueuedSynchronizer$ConditionObject.awaitNanos(AbstractQueuedSynchronizer.java:1763)&#10;        at app//org.eclipse.jetty.util.BlockingArrayQueue.poll(BlockingArrayQueue.java:382)&#10;        at app//org.eclipse.jetty.util.thread.QueuedThreadPool$Runner.idleJobPoll(QueuedThreadPool.java:974)&#10;        at app//org.eclipse.jetty.util.thread.QueuedThreadPool$Runner.run(QueuedThreadPool.java:1018)&#10;        at java.base@21.0.6/java.lang.Thread.runWith(Thread.java:1596)&#10;        at java.base@21.0.6/java.lang.Thread.run(Thread.java:1583)&#10;&quot;IPC Server handler 74 on default port 15000&quot; daemon prio=5 tid=192 timed_waiting&#10;java.lang.Thread.State: TIMED_WAITING&#10;        at java.base@21.0.6/jdk.internal.misc.Unsafe.park(Native Method)&#10;        at java.base@21.0.6/java.util.concurrent.locks.LockSupport.parkNanos(LockSupport.java:269)&#10;        at java.base@21.0.6/java.util.concurrent.locks.AbstractQueuedSynchronizer$ConditionObject.awaitNanos(AbstractQueuedSynchronizer.java:1763)&#10;        at java.base@21.0.6/java.util.concurrent.LinkedBlockingQueue.poll(LinkedBlockingQueue.java:460)&#10;        at app//org.apache.hadoop.ipc.CallQueueManager.take(CallQueueManager.java:370)&#10;        at app//org.apache.hadoop.ipc.Server$Handler.run(Server.java:3165)&#10;&quot;IPC Server handler 62 on default port 15001&quot; daemon prio=5 tid=280 timed_waiting&#10;java.lang.Thread.State: TIMED_WAITING&#10;        at java.base@21.0.6/jdk.internal.misc.Unsafe.park(Native Method)&#10;        at java.base@21.0.6/java.util.concurrent.locks.LockSupport.parkNanos(LockSupport.java:269)&#10;        at java.base@21.0.6/java.util.concurrent.locks.AbstractQueuedSynchronizer$ConditionObject.awaitNanos(AbstractQueuedSynchronizer.java:1763)&#10;        at java.base@21.0.6/java.util.concurrent.LinkedBlockingQueue.poll(LinkedBlockingQueue.java:460)&#10;        at app//org.apache.hadoop.ipc.CallQueueManager.take(CallQueueManager.java:370)&#10;        at app//org.apache.hadoop.ipc.Server$Handler.run(Server.java:3165)&#10;&quot;IPC Server handler 84 on default port 15001&quot; daemon prio=5 tid=302 timed_waiting&#10;java.lang.Thread.State: TIMED_WAITING&#10;        at java.base@21.0.6/jdk.internal.misc.Unsafe.park(Native Method)&#10;        at java.base@21.0.6/java.util.concurrent.locks.LockSupport.parkNanos(LockSupport.java:269)&#10;        at java.base@21.0.6/java.util.concurrent.locks.AbstractQueuedSynchronizer$ConditionObject.awaitNanos(AbstractQueuedSynchronizer.java:1763)&#10;        at java.base@21.0.6/java.util.concurrent.LinkedBlockingQueue.poll(LinkedBlockingQueue.java:460)&#10;        at app//org.apache.hadoop.ipc.CallQueueManager.take(CallQueueManager.java:370)&#10;        at app//org.apache.hadoop.ipc.Server$Handler.run(Server.java:3165)&#10;&quot;main&quot;  prio=5 tid=1 runnable&#10;java.lang.Thread.State: RUNNABLE&#10;        at java.base@21.0.6/java.lang.Thread.dumpThreads(Native Method)&#10;        at java.base@21.0.6/java.lang.Thread.getAllStackTraces(Thread.java:2522)&#10;        at app//org.apache.ozone.test.TimedOutTestsListener.buildThreadDump(TimedOutTestsListener.java:81)&#10;        at app//org.apache.ozone.test.TimedOutTestsListener.buildThreadDiagnosticString(TimedOutTestsListener.java:67)&#10;        at app//org.apache.ozone.test.GenericTestUtils.waitFor(GenericTestUtils.java:152)&#10;        at app//org.apache.hadoop.hdds.scm.node.TestQueryNode.testStaleNodesCount(TestQueryNode.java:86)&#10;        at java.base@21.0.6/java.lang.invoke.LambdaForm$DMH/0x00007fd0ac13c000.invokeVirtual(LambdaForm$DMH)&#10;        at java.base@21.0.6/java.lang.invoke.LambdaForm$MH/0x00007fd0ac15c400.invoke(LambdaForm$MH)&#10;        at java.base@21.0.6/java.lang.invoke.Invokers$Holder.invokeExact_MT(Invokers$Holder)&#10;        at java.base@21.0.6/jdk.internal.reflect.DirectMethodHandleAccessor.invokeImpl(DirectMethodHandleAccessor.java:153)&#10;        at java.base@21.0.6/jdk.internal.reflect.DirectMethodHandleAccessor.invoke(DirectMethodHandleAccessor.java:103)&#10;        at java.base@21.0.6/java.lang.reflect.Method.invoke(Method.java:580)&#10;        at app//org.junit.platform.commons.util.ReflectionUtils.invokeMethod(ReflectionUtils.java:775)&#10;        at app//org.junit.platform.commons.support.ReflectionSupport.invokeMethod(ReflectionSupport.java:479)&#10;        at app//org.junit.jupiter.engine.execution.MethodInvocation.proceed(MethodInvocation.java:60)&#10;        at app//org.junit.jupiter.engine.execution.InvocationInterceptorChain$ValidatingInvocation.proceed(InvocationInterceptorChain.java:131)&#10;        at app//org.junit.jupiter.engine.extension.TimeoutExtension.intercept(TimeoutExtension.java:161)&#10;        at app//org.junit.jupiter.engine.extension.TimeoutExtension.interceptTestableMethod(TimeoutExtension.java:152)&#10;        at app//org.junit.jupiter.engine.extension.TimeoutExtension.interceptTestMethod(TimeoutExtension.java:91)&#10;        at app//org.junit.jupiter.engine.descriptor.TestMethodTestDescriptor$$Lambda/0x00007fd0ac100908.apply(Unknown Source)&#10;        at app//org.junit.jupiter.engine.execution.InterceptingExecutableInvoker$ReflectiveInterceptorCall.lambda$ofVoidMethod$0(InterceptingExecutableInvoker.java:112)&#10;        at app//org.junit.jupiter.engine.execution.InterceptingExecutableInvoker$ReflectiveInterceptorCall$$Lambda/0x00007fd0ac100d08.apply(Unknown Source)&#10;        at app//org.junit.jupiter.engine.execution.InterceptingExecutableInvoker.lambda$invoke$0(InterceptingExecutableInvoker.java:94)&#10;        at app//org.junit.jupiter.engine.execution.InterceptingExecutableInvoker$$Lambda/0x00007fd0ac1554a0.apply(Unknown Source)&#10;        at app//org.junit.jupiter.engine.execution.InvocationInterceptorChain$InterceptedInvocation.proceed(InvocationInterceptorChain.java:106)&#10;        at app//org.junit.jupiter.engine.execution.InvocationInterceptorChain.proceed(InvocationInterceptorChain.java:64)&#10;        at app//org.junit.jupiter.engine.execution.InvocationInterceptorChain.chainAndInvoke(InvocationInterceptorChain.java:45)&#10;        at app//org.junit.jupiter.engine.execution.InvocationInterceptorChain.invoke(InvocationInterceptorChain.java:37)&#10;        at app//org.junit.jupiter.engine.execution.InterceptingExecutableInvoker.invoke(InterceptingExecutableInvoker.java:93)&#10;        at app//org.junit.jupiter.engine.execution.InterceptingExecutableInvoker.invoke(InterceptingExecutableInvoker.java:87)&#10;        at app//org.junit.jupiter.engine.descriptor.TestMethodTestDescriptor.lambda$invokeTestMethod$7(TestMethodTestDescriptor.java:216)&#10;        at app//org.junit.jupiter.engine.descriptor.TestMethodTestDescriptor$$Lambda/0x00007fd0ac952be0.execute(Unknown Source)&#10;        at app//org.junit.platform.engine.support.hierarchical.ThrowableCollector.execute(ThrowableCollector.java:73)&#10;        at app//org.junit.jupiter.engine.descriptor.TestMethodTestDescriptor.invokeTestMethod(TestMethodTestDescriptor.java:212)&#10;        at app//org.junit.jupiter.engine.descriptor.TestMethodTestDescriptor.execute(TestMethodTestDescriptor.java:137)&#10;        at app//org.junit.jupiter.engine.descriptor.TestMethodTestDescriptor.execute(TestMethodTestDescriptor.java:69)&#10;        at app//org.junit.platform.engine.support.hierarchical.NodeTestTask.lambda$executeRecursively$6(NodeTestTask.java:156)&#10;        at app//org.junit.platform.engine.support.hierarchical.NodeTestTask$$Lambda/0x00007fd0ac13b7b0.execute(Unknown Source)&#10;        at app//org.junit.platform.engine.support.hierarchical.ThrowableCollector.execute(ThrowableCollector.java:73)&#10;        at app//org.junit.platform.engine.support.hierarchical.NodeTestTask.lambda$executeRecursively$8(NodeTestTask.java:146)&#10;        at app//org.junit.platform.engine.support.hierarchical.NodeTestTask$$Lambda/0x00007fd0ac13b598.invoke(Unknown Source)&#10;        at app//org.junit.platform.engine.support.hierarchical.Node.around(Node.java:137)&#10;        at app//org.junit.platform.engine.support.hierarchical.NodeTestTask.lambda$executeRecursively$9(NodeTestTask.java:144)&#10;        at app//org.junit.platform.engine.support.hierarchical.NodeTestTask$$Lambda/0x00007fd0ac13b190.execute(Unknown Source)&#10;        at app//org.junit.platform.engine.support.hierarchical.ThrowableCollector.execute(ThrowableCollector.java:73)&#10;        at app//org.junit.platform.engine.support.hierarchical.NodeTestTask.executeRecursively(NodeTestTask.java:143)&#10;        at app//org.junit.platform.engine.support.hierarchical.NodeTestTask.execute(NodeTestTask.java:100)&#10;        at app//org.junit.platform.engine.support.hierarchical.SameThreadHierarchicalTestExecutorService$$Lambda/0x00007fd0ac13e8b0.accept(Unknown Source)&#10;        at java.base@21.0.6/java.util.ArrayList.forEach(ArrayList.java:1596)&#10;        at app//org.junit.platform.engine.support.hierarchical.SameThreadHierarchicalTestExecutorService.invokeAll(SameThreadHierarchicalTestExecutorService.java:41)&#10;        at app//org.junit.platform.engine.support.hierarchical.NodeTestTask.lambda$executeRecursively$6(NodeTestTask.java:160)&#10;        at app//org.junit.platform.engine.support.hierarchical.NodeTestTask$$Lambda/0x00007fd0ac13b7b0.execute(Unknown Source)&#10;        at app//org.junit.platform.engine.support.hierarchical.ThrowableCollector.execute(ThrowableCollector.java:73)&#10;        at app//org.junit.platform.engine.support.hierarchical.NodeTestTask.lambda$executeRecursively$8(NodeTestTask.java:146)&#10;        at app//org.junit.platform.engine.support.hierarchical.NodeTestTask$$Lambda/0x00007fd0ac13b598.invoke(Unknown Source)&#10;        at app//org.junit.platform.engine.support.hierarchical.Node.around(Node.java:137)&#10;        at app//org.junit.platform.engine.support.hierarchical.NodeTestTask.lambda$executeRecursively$9(NodeTestTask.java:144)&#10;        at app//org.junit.platform.engine.support.hierarchical.NodeTestTask$$Lambda/0x00007fd0ac13b190.execute(Unknown Source)&#10;        at app//org.junit.platform.engine.support.hierarchical.ThrowableCollector.execute(ThrowableCollector.java:73)&#10;        at app//org.junit.platform.engine.support.hierarchical.NodeTestTask.executeRecursively(NodeTestTask.java:143)&#10;        at app//org.junit.platform.engine.support.hierarchical.NodeTestTask.execute(NodeTestTask.java:100)&#10;        at app//org.junit.platform.engine.support.hierarchical.SameThreadHierarchicalTestExecutorService$$Lambda/0x00007fd0ac13e8b0.accept(Unknown Source)&#10;        at java.base@21.0.6/java.util.ArrayList.forEach(ArrayList.java:1596)&#10;        at app//org.junit.platform.engine.support.hierarchical.SameThreadHierarchicalTestExecutorService.invokeAll(SameThreadHierarchicalTestExecutorService.java:41)&#10;        at app//org.junit.platform.engine.support.hierarchical.NodeTestTask.lambda$executeRecursively$6(NodeTestTask.java:160)&#10;        at app//org.junit.platform.engine.support.hierarchical.NodeTestTask$$Lambda/0x00007fd0ac13b7b0.execute(Unknown Source)&#10;        at app//org.junit.platform.engine.support.hierarchical.ThrowableCollector.execute(ThrowableCollector.java:73)&#10;        at app//org.junit.platform.engine.support.hierarchical.NodeTestTask.lambda$executeRecursively$8(NodeTestTask.java:146)&#10;        at app//org.junit.platform.engine.support.hierarchical.NodeTestTask$$Lambda/0x00007fd0ac13b598.invoke(Unknown Source)&#10;        at app//org.junit.platform.engine.support.hierarchical.Node.around(Node.java:137)&#10;        at app//org.junit.platform.engine.support.hierarchical.NodeTestTask.lambda$executeRecursively$9(NodeTestTask.java:144)&#10;        at app//org.junit.platform.engine.support.hierarchical.NodeTestTask$$Lambda/0x00007fd0ac13b190.execute(Unknown Source)&#10;        at app//org.junit.platform.engine.support.hierarchical.ThrowableCollector.execute(ThrowableCollector.java:73)&#10;        at app//org.junit.platform.engine.support.hierarchical.NodeTestTask.executeRecursively(NodeTestTask.java:143)&#10;        at app//org.junit.platform.engine.support.hierarchical.NodeTestTask.execute(NodeTestTask.java:100)&#10;        at app//org.junit.platform.engine.support.hierarchical.SameThreadHierarchicalTestExecutorService.submit(SameThreadHierarchicalTestExecutorService.java:35)&#10;        at app//org.junit.platform.engine.support.hierarchical.HierarchicalTestExecutor.execute(HierarchicalTestExecutor.java:57)&#10;        at app//org.junit.platform.engine.support.hierarchical.HierarchicalTestEngine.execute(HierarchicalTestEngine.java:54)&#10;        at app//org.junit.platform.launcher.core.EngineExecutionOrchestrator.execute(EngineExecutionOrchestrator.java:201)&#10;        at app//org.junit.platform.launcher.core.EngineExecutionOrchestrator.execute(EngineExecutionOrchestrator.java:170)&#10;        at app//org.junit.platform.launcher.core.EngineExecutionOrchestrator.execute(EngineExecutionOrchestrator.java:94)&#10;        at app//org.junit.platform.launcher.core.EngineExecutionOrchestrator.lambda$execute$0(EngineExecutionOrchestrator.java:59)&#10;        at app//org.junit.platform.launcher.core.EngineExecutionOrchestrator$$Lambda/0x00007fd0ac113180.accept(Unknown Source)&#10;        at app//org.junit.platform.launcher.core.EngineExecutionOrchestrator.withInterceptedStreams(EngineExecutionOrchestrator.java:142)&#10;        at app//org.junit.platform.launcher.core.EngineExecutionOrchestrator.execute(EngineExecutionOrchestrator.java:58)&#10;        at app//org.junit.platform.launcher.core.DefaultLauncher.execute(DefaultLauncher.java:103)&#10;        at app//org.junit.platform.launcher.core.DefaultLauncher.execute(DefaultLauncher.java:85)&#10;        at app//org.junit.platform.launcher.core.DelegatingLauncher.execute(DelegatingLauncher.java:47)&#10;        at app//org.junit.platform.launcher.core.InterceptingLauncher.lambda$execute$1(InterceptingLauncher.java:39)&#10;        at app//org.junit.platform.launcher.core.InterceptingLauncher$$Lambda/0x00007fd0ac09e6e0.proceed(Unknown Source)&#10;        at app//org.junit.platform.launcher.core.ClasspathAlignmentCheckingLauncherInterceptor.intercept(ClasspathAlignmentCheckingLauncherInterceptor.java:25)&#10;        at app//org.junit.platform.launcher.core.InterceptingLauncher.execute(InterceptingLauncher.java:38)&#10;        at app//org.junit.platform.launcher.core.DelegatingLauncher.execute(DelegatingLauncher.java:47)&#10;        at app//org.apache.maven.surefire.junitplatform.LazyLauncher.execute(LazyLauncher.java:56)&#10;        at app//org.apache.maven.surefire.junitplatform.JUnitPlatformProvider.execute(JUnitPlatformProvider.java:184)&#10;        at app//org.apache.maven.surefire.junitplatform.JUnitPlatformProvider.invokeAllTests(JUnitPlatformProvider.java:148)&#10;        at app//org.apache.maven.surefire.junitplatform.JUnitPlatformProvider.invoke(JUnitPlatformProvider.java:120)&#10;        at app//org.apache.maven.surefire.booter.ForkedBooter.runSuitesInProcess(ForkedBooter.java:385)&#10;        at app//org.apache.maven.surefire.booter.ForkedBooter.execute(ForkedBooter.java:162)&#10;        at app//org.apache.maven.surefire.booter.ForkedBooter.run(ForkedBooter.java:507)&#10;        at app//org.apache.maven.surefire.booter.ForkedBooter.main(ForkedBooter.java:495)&#10;&quot;IPC Server handler 1 on default port 15043&quot; daemon prio=5 tid=782 timed_waiting&#10;java.lang.Thread.State: TIMED_WAITING&#10;        at java.base@21.0.6/jdk.internal.misc.Unsafe.park(Native Method)&#10;        at java.base@21.0.6/java.util.concurrent.locks.LockSupport.parkNanos(LockSupport.java:269)&#10;        at java.base@21.0.6/java.util.concurrent.locks.AbstractQueuedSynchronizer$ConditionObject.awaitNanos(AbstractQueuedSynchronizer.java:1763)&#10;        at java.base@21.0.6/java.util.concurrent.LinkedBlockingQueue.poll(LinkedBlockingQueue.java:460)&#10;        at app//org.apache.hadoop.ipc.CallQueueManager.take(CallQueueManager.java:370)&#10;        at app//org.apache.hadoop.ipc.Server$Handler.run(Server.java:3165)&#10;&quot;qtp897209100-568&quot; daemon prio=5 tid=568 runnable&#10;java.lang.Thread.State: RUNNABLE&#10;        at java.base@21.0.6/sun.nio.ch.EPoll.wait(Native Method)&#10;        at java.base@21.0.6/sun.nio.ch.EPollSelectorImpl.doSelect(EPollSelectorImpl.java:121)&#10;        at java.base@21.0.6/sun.nio.ch.SelectorImpl.lockAndDoSelect(SelectorImpl.java:130)&#10;        at java.base@21.0.6/sun.nio.ch.SelectorImpl.select(SelectorImpl.java:147)&#10;        at app//org.eclipse.jetty.io.ManagedSelector.nioSelect(ManagedSelector.java:183)&#10;        at app//org.eclipse.jetty.io.ManagedSelector.select(ManagedSelector.java:190)&#10;        at app//org.eclipse.jetty.io.ManagedSelector$SelectorProducer.select(ManagedSelector.java:606)&#10;        at app//org.eclipse.jetty.io.ManagedSelector$SelectorProducer.produce(ManagedSelector.java:543)&#10;        at app//org.eclipse.jetty.util.thread.strategy.EatWhatYouKill.produceTask(EatWhatYouKill.java:362)&#10;        at app//org.eclipse.jetty.util.thread.strategy.EatWhatYouKill.doProduce(EatWhatYouKill.java:186)&#10;        at app//org.eclipse.jetty.util.thread.strategy.EatWhatYouKill.tryProduce(EatWhatYouKill.java:173)&#10;        at app//org.eclipse.jetty.util.thread.strategy.EatWhatYouKill.produce(EatWhatYouKill.java:137)&#10;        at app//org.eclipse.jetty.io.ManagedSelector$$Lambda/0x00007fd0ac690720.run(Unknown Source)&#10;        at app//org.eclipse.jetty.util.thread.QueuedThreadPool.runJob(QueuedThreadPool.java:883)&#10;        at app//org.eclipse.jetty.util.thread.QueuedThreadPool$Runner.run(QueuedThreadPool.java:1034)&#10;        at java.base@21.0.6/java.lang.Thread.runWith(Thread.java:1596)&#10;        at java.base@21.0.6/java.lang.Thread.run(Thread.java:1583)&#10;&quot;IPC Server handler 79 on default port 15001&quot; daemon prio=5 tid=297 timed_waiting&#10;java.lang.Thread.State: TIMED_WAITING&#10;        at java.base@21.0.6/jdk.internal.misc.Unsafe.park(Native Method)&#10;        at java.base@21.0.6/java.util.concurrent.locks.LockSupport.parkNanos(LockSupport.java:269)&#10;        at java.base@21.0.6/java.util.concurrent.locks.AbstractQueuedSynchronizer$ConditionObject.awaitNanos(AbstractQueuedSynchronizer.java:1763)&#10;        at java.base@21.0.6/java.util.concurrent.LinkedBlockingQueue.poll(LinkedBlockingQueue.java:460)&#10;        at app//org.apache.hadoop.ipc.CallQueueManager.take(CallQueueManager.java:370)&#10;        at app//org.apache.hadoop.ipc.Server$Handler.run(Server.java:3165)&#10;&quot;IPC Server handler 12 on default port 15002&quot; daemon prio=5 tid=348 timed_waiting&#10;java.lang.Thread.State: TIMED_WAITING&#10;        at java.base@21.0.6/jdk.internal.misc.Unsafe.park(Native Method)&#10;        at java.base@21.0.6/java.util.concurrent.locks.LockSupport.parkNanos(LockSupport.java:269)&#10;        at java.base@21.0.6/java.util.concurrent.locks.AbstractQueuedSynchronizer$ConditionObject.awaitNanos(AbstractQueuedSynchronizer.java:1763)&#10;        at java.base@21.0.6/java.util.concurrent.LinkedBlockingQueue.poll(LinkedBlockingQueue.java:460)&#10;        at app//org.apache.hadoop.ipc.CallQueueManager.take(CallQueueManager.java:370)&#10;        at app//org.apache.hadoop.ipc.Server$Handler.run(Server.java:3165)&#10;&quot;50f19a77-e23b-421f-a833-5664bb01cf1c-groupManagement&quot;  prio=5 tid=50 in Object.wait()&#10;java.lang.Thread.State: WAITING (on object monitor)&#10;        at java.base@21.0.6/jdk.internal.misc.Unsafe.park(Native Method)&#10;        at java.base@21.0.6/java.util.concurrent.locks.LockSupport.park(LockSupport.java:371)&#10;        at java.base@21.0.6/java.util.concurrent.locks.AbstractQueuedSynchronizer$ConditionNode.block(AbstractQueuedSynchronizer.java:519)&#10;        at java.base@21.0.6/java.util.concurrent.ForkJoinPool.unmanagedBlock(ForkJoinPool.java:3780)&#10;        at java.base@21.0.6/java.util.concurrent.ForkJoinPool.managedBlock(ForkJoinPool.java:3725)&#10;        at java.base@21.0.6/java.util.concurrent.locks.AbstractQueuedSynchronizer$ConditionObject.await(AbstractQueuedSynchronizer.java:1712)&#10;        at java.base@21.0.6/java.util.concurrent.LinkedBlockingQueue.take(LinkedBlockingQueue.java:435)&#10;        at java.base@21.0.6/java.util.concurrent.ThreadPoolExecutor.getTask(ThreadPoolExecutor.java:1070)&#10;        at java.base@21.0.6/java.util.concurrent.ThreadPoolExecutor.runWorker(ThreadPoolExecutor.java:1130)&#10;        at java.base@21.0.6/java.util.concurrent.ThreadPoolExecutor$Worker.run(ThreadPoolExecutor.java:642)&#10;        at java.base@21.0.6/java.lang.Thread.runWith(Thread.java:1596)&#10;        at java.base@21.0.6/java.lang.Thread.run(Thread.java:1583)&#10;&quot;4a3059aa-ae89-4e47-8f1e-08d61ab31d43-CommandProcessorThread&quot; daemon prio=5 tid=800 timed_waiting&#10;java.lang.Thread.State: TIMED_WAITING&#10;        at java.base@21.0.6/java.lang.Thread.sleep0(Native Method)&#10;        at java.base@21.0.6/java.lang.Thread.sleep(Thread.java:509)&#10;        at app//org.apache.hadoop.ozone.container.common.statemachine.DatanodeStateMachine.lambda$initCommandHandlerThread$4(DatanodeStateMachine.java:673)&#10;        at app//org.apache.hadoop.ozone.container.common.statemachine.DatanodeStateMachine$$Lambda/0x00007fd0ac80cc70.run(Unknown Source)&#10;        at java.base@21.0.6/java.lang.Thread.runWith(Thread.java:1596)&#10;        at java.base@21.0.6/java.lang.Thread.run(Thread.java:1583)&#10;&quot;om1-OpenKeyCleanupService#0&quot; daemon prio=5 tid=472 timed_waiting&#10;java.lang.Thread.State: TIMED_WAITING&#10;        at java.base@21.0.6/jdk.internal.misc.Unsafe.park(Native Method)&#10;        at java.base@21.0.6/java.util.concurrent.locks.LockSupport.parkNanos(LockSupport.java:269)&#10;        at java.base@21.0.6/java.util.concurrent.locks.AbstractQueuedSynchronizer$ConditionObject.awaitNanos(AbstractQueuedSynchronizer.java:1763)&#10;        at java.base@21.0.6/java.util.concurrent.ScheduledThreadPoolExecutor$DelayedWorkQueue.take(ScheduledThreadPoolExecutor.java:1182)&#10;        at java.base@21.0.6/java.util.concurrent.ScheduledThreadPoolExecutor$DelayedWorkQueue.take(ScheduledThreadPoolExecutor.java:899)&#10;        at java.base@21.0.6/java.util.concurrent.ThreadPoolExecutor.getTask(ThreadPoolExecutor.java:1070)&#10;        at java.base@21.0.6/java.util.concurrent.ThreadPoolExecutor.runWorker(ThreadPoolExecutor.java:1130)&#10;        at java.base@21.0.6/java.util.concurrent.ThreadPoolExecutor$Worker.run(ThreadPoolExecutor.java:642)&#10;        at java.base@21.0.6/java.lang.Thread.runWith(Thread.java:1596)&#10;        at java.base@21.0.6/java.lang.Thread.run(Thread.java:1583)&#10;&quot;IPC Server handler 99 on default port 15001&quot; daemon prio=5 tid=317 timed_waiting&#10;java.lang.Thread.State: TIMED_WAITING&#10;        at java.base@21.0.6/jdk.internal.misc.Unsafe.park(Native Method)&#10;        at java.base@21.0.6/java.util.concurrent.locks.LockSupport.parkNanos(LockSupport.java:269)&#10;        at java.base@21.0.6/java.util.concurrent.locks.AbstractQueuedSynchronizer$ConditionObject.awaitNanos(AbstractQueuedSynchronizer.java:1763)&#10;        at java.base@21.0.6/java.util.concurrent.LinkedBlockingQueue.poll(LinkedBlockingQueue.java:460)&#10;        at app//org.apache.hadoop.ipc.CallQueueManager.take(CallQueueManager.java:370)&#10;        at app//org.apache.hadoop.ipc.Server$Handler.run(Server.java:3165)&#10;&quot;IPC Server handler 32 on default port 15001&quot; daemon prio=5 tid=250 timed_waiting&#10;java.lang.Thread.State: TIMED_WAITING&#10;        at java.base@21.0.6/jdk.internal.misc.Unsafe.park(Native Method)&#10;        at java.base@21.0.6/java.util.concurrent.locks.LockSupport.parkNanos(LockSupport.java:269)&#10;        at java.base@21.0.6/java.util.concurrent.locks.AbstractQueuedSynchronizer$ConditionObject.awaitNanos(AbstractQueuedSynchronizer.java:1763)&#10;        at java.base@21.0.6/java.util.concurrent.LinkedBlockingQueue.poll(LinkedBlockingQueue.java:460)&#10;        at app//org.apache.hadoop.ipc.CallQueueManager.take(CallQueueManager.java:370)&#10;        at app//org.apache.hadoop.ipc.Server$Handler.run(Server.java:3165)&#10;&quot;IPC Server handler 0 on default port 15035&quot; daemon prio=5 tid=707 timed_waiting&#10;java.lang.Thread.State: TIMED_WAITING&#10;        at java.base@21.0.6/jdk.internal.misc.Unsafe.park(Native Method)&#10;        at java.base@21.0.6/java.util.concurrent.locks.LockSupport.parkNanos(LockSupport.java:269)&#10;        at java.base@21.0.6/java.util.concurrent.locks.AbstractQueuedSynchronizer$ConditionObject.awaitNanos(AbstractQueuedSynchronizer.java:1763)&#10;        at java.base@21.0.6/java.util.concurrent.LinkedBlockingQueue.poll(LinkedBlockingQueue.java:460)&#10;        at app//org.apache.hadoop.ipc.CallQueueManager.take(CallQueueManager.java:370)&#10;        at app//org.apache.hadoop.ipc.Server$Handler.run(Server.java:3165)&#10;&quot;IPC Server handler 18 on default port 15002&quot; daemon prio=5 tid=354 timed_waiting&#10;java.lang.Thread.State: TIMED_WAITING&#10;        at java.base@21.0.6/jdk.internal.misc.Unsafe.park(Native Method)&#10;        at java.base@21.0.6/java.util.concurrent.locks.LockSupport.parkNanos(LockSupport.java:269)&#10;        at java.base@21.0.6/java.util.concurrent.locks.AbstractQueuedSynchronizer$ConditionObject.awaitNanos(AbstractQueuedSynchronizer.java:1763)&#10;        at java.base@21.0.6/java.util.concurrent.LinkedBlockingQueue.poll(LinkedBlockingQueue.java:460)&#10;        at app//org.apache.hadoop.ipc.CallQueueManager.take(CallQueueManager.java:370)&#10;        at app//org.apache.hadoop.ipc.Server$Handler.run(Server.java:3165)&#10;&quot;IPC Server handler 61 on default port 15002&quot; daemon prio=5 tid=397 timed_waiting&#10;java.lang.Thread.State: TIMED_WAITING&#10;        at java.base@21.0.6/jdk.internal.misc.Unsafe.park(Native Method)&#10;        at java.base@21.0.6/java.util.concurrent.locks.LockSupport.parkNanos(LockSupport.java:269)&#10;        at java.base@21.0.6/java.util.concurrent.locks.AbstractQueuedSynchronizer$ConditionObject.awaitNanos(AbstractQueuedSynchronizer.java:1763)&#10;        at java.base@21.0.6/java.util.concurrent.LinkedBlockingQueue.poll(LinkedBlockingQueue.java:460)&#10;        at app//org.apache.hadoop.ipc.CallQueueManager.take(CallQueueManager.java:370)&#10;        at app//org.apache.hadoop.ipc.Server$Handler.run(Server.java:3165)&#10;&quot;93cc9901-be1a-45f5-9681-0d93e627c426-DataNodeDiskCheckerThread-0&quot; daemon prio=5 tid=728 timed_waiting&#10;java.lang.Thread.State: TIMED_WAITING&#10;        at java.base@21.0.6/jdk.internal.misc.Unsafe.park(Native Method)&#10;        at java.base@21.0.6/java.util.concurrent.locks.LockSupport.parkNanos(LockSupport.java:410)&#10;        at java.base@21.0.6/java.util.concurrent.LinkedTransferQueue$DualNode.await(LinkedTransferQueue.java:452)&#10;        at java.base@21.0.6/java.util.concurrent.SynchronousQueue$Transferer.xferLifo(SynchronousQueue.java:194)&#10;        at java.base@21.0.6/java.util.concurrent.SynchronousQueue.xfer(SynchronousQueue.java:235)&#10;        at java.base@21.0.6/java.util.concurrent.SynchronousQueue.poll(SynchronousQueue.java:338)&#10;        at java.base@21.0.6/java.util.concurrent.ThreadPoolExecutor.getTask(ThreadPoolExecutor.java:1069)&#10;        at java.base@21.0.6/java.util.concurrent.ThreadPoolExecutor.runWorker(ThreadPoolExecutor.java:1130)&#10;        at java.base@21.0.6/java.util.concurrent.ThreadPoolExecutor$Worker.run(ThreadPoolExecutor.java:642)&#10;        at java.base@21.0.6/java.lang.Thread.runWith(Thread.java:1596)&#10;        at java.base@21.0.6/java.lang.Thread.run(Thread.java:1583)&#10;&quot;IPC Server listener on 15035&quot; daemon prio=5 tid=693 runnable&#10;java.lang.Thread.State: RUNNABLE&#10;        at java.base@21.0.6/sun.nio.ch.EPoll.wait(Native Method)&#10;        at java.base@21.0.6/sun.nio.ch.EPollSelectorImpl.doSelect(EPollSelectorImpl.java:121)&#10;        at java.base@21.0.6/sun.nio.ch.SelectorImpl.lockAndDoSelect(SelectorImpl.java:130)&#10;        at java.base@21.0.6/sun.nio.ch.SelectorImpl.select(SelectorImpl.java:147)&#10;        at app//org.apache.hadoop.ipc.Server$Listener.run(Server.java:1559)&#10;&quot;IPC Server handler 0 on default port 15001&quot; daemon prio=5 tid=218 timed_waiting&#10;java.lang.Thread.State: TIMED_WAITING&#10;        at java.base@21.0.6/jdk.internal.misc.Unsafe.park(Native Method)&#10;        at java.base@21.0.6/java.util.concurrent.locks.LockSupport.parkNanos(LockSupport.java:269)&#10;        at java.base@21.0.6/java.util.concurrent.locks.AbstractQueuedSynchronizer$ConditionObject.awaitNanos(AbstractQueuedSynchronizer.java:1763)&#10;        at java.base@21.0.6/java.util.concurrent.LinkedBlockingQueue.poll(LinkedBlockingQueue.java:460)&#10;        at app//org.apache.hadoop.ipc.CallQueueManager.take(CallQueueManager.java:370)&#10;        at app//org.apache.hadoop.ipc.Server$Handler.run(Server.java:3165)&#10;&quot;Socket Reader #1 for port 15000&quot;  prio=5 tid=88 runnable&#10;java.lang.Thread.State: RUNNABLE&#10;        at java.base@21.0.6/sun.nio.ch.EPoll.wait(Native Method)&#10;        at java.base@21.0.6/sun.nio.ch.EPollSelectorImpl.doSelect(EPollSelectorImpl.java:121)&#10;        at java.base@21.0.6/sun.nio.ch.SelectorImpl.lockAndDoSelect(SelectorImpl.java:130)&#10;        at java.base@21.0.6/sun.nio.ch.SelectorImpl.select(SelectorImpl.java:147)&#10;        at app//org.apache.hadoop.ipc.Server$Listener$Reader.doRunLoop(Server.java:1497)&#10;        at app//org.apache.hadoop.ipc.Server$Listener$Reader.run(Server.java:1476)&#10;&quot;IPC Server handler 47 on default port 15001&quot; daemon prio=5 tid=265 timed_waiting&#10;java.lang.Thread.State: TIMED_WAITING&#10;        at java.base@21.0.6/jdk.internal.misc.Unsafe.park(Native Method)&#10;        at java.base@21.0.6/java.util.concurrent.locks.LockSupport.parkNanos(LockSupport.java:269)&#10;        at java.base@21.0.6/java.util.concurrent.locks.AbstractQueuedSynchronizer$ConditionObject.awaitNanos(AbstractQueuedSynchronizer.java:1763)&#10;        at java.base@21.0.6/java.util.concurrent.LinkedBlockingQueue.poll(LinkedBlockingQueue.java:460)&#10;        at app//org.apache.hadoop.ipc.CallQueueManager.take(CallQueueManager.java:370)&#10;        at app//org.apache.hadoop.ipc.Server$Handler.run(Server.java:3165)&#10;&quot;IPC Server handler 85 on default port 15002&quot; daemon prio=5 tid=421 timed_waiting&#10;java.lang.Thread.State: TIMED_WAITING&#10;        at java.base@21.0.6/jdk.internal.misc.Unsafe.park(Native Method)&#10;        at java.base@21.0.6/java.util.concurrent.locks.LockSupport.parkNanos(LockSupport.java:269)&#10;        at java.base@21.0.6/java.util.concurrent.locks.AbstractQueuedSynchronizer$ConditionObject.awaitNanos(AbstractQueuedSynchronizer.java:1763)&#10;        at java.base@21.0.6/java.util.concurrent.LinkedBlockingQueue.poll(LinkedBlockingQueue.java:460)&#10;        at app//org.apache.hadoop.ipc.CallQueueManager.take(CallQueueManager.java:370)&#10;        at app//org.apache.hadoop.ipc.Server$Handler.run(Server.java:3165)&#10;&quot;Session-HouseKeeper-1e695be6-1&quot;  prio=5 tid=576 timed_waiting&#10;java.lang.Thread.State: TIMED_WAITING&#10;        at java.base@21.0.6/jdk.internal.misc.Unsafe.park(Native Method)&#10;        at java.base@21.0.6/java.util.concurrent.locks.LockSupport.parkNanos(LockSupport.java:269)&#10;        at java.base@21.0.6/java.util.concurrent.locks.AbstractQueuedSynchronizer$ConditionObject.awaitNanos(AbstractQueuedSynchronizer.java:1763)&#10;        at java.base@21.0.6/java.util.concurrent.ScheduledThreadPoolExecutor$DelayedWorkQueue.take(ScheduledThreadPoolExecutor.java:1182)&#10;        at java.base@21.0.6/java.util.concurrent.ScheduledThreadPoolExecutor$DelayedWorkQueue.take(ScheduledThreadPoolExecutor.java:899)&#10;        at java.base@21.0.6/java.util.concurrent.ThreadPoolExecutor.getTask(ThreadPoolExecutor.java:1070)&#10;        at java.base@21.0.6/java.util.concurrent.ThreadPoolExecutor.runWorker(ThreadPoolExecutor.java:1130)&#10;        at java.base@21.0.6/java.util.concurrent.ThreadPoolExecutor$Worker.run(ThreadPoolExecutor.java:642)&#10;        at java.base@21.0.6/java.lang.Thread.runWith(Thread.java:1596)&#10;        at java.base@21.0.6/java.lang.Thread.run(Thread.java:1583)&#10;&quot;a6bf55e3-38e4-411e-ac0b-5acdb6a35656-PipelineCommandHandlerThread-0&quot;  prio=5 tid=914 in Object.wait()&#10;java.lang.Thread.State: WAITING (on object monitor)&#10;        at java.base@21.0.6/jdk.internal.misc.Unsafe.park(Native Method)&#10;        at java.base@21.0.6/java.util.concurrent.locks.LockSupport.park(LockSupport.java:371)&#10;        at java.base@21.0.6/java.util.concurrent.locks.AbstractQueuedSynchronizer$ConditionNode.block(AbstractQueuedSynchronizer.java:519)&#10;        at java.base@21.0.6/java.util.concurrent.ForkJoinPool.unmanagedBlock(ForkJoinPool.java:3780)&#10;        at java.base@21.0.6/java.util.concurrent.ForkJoinPool.managedBlock(ForkJoinPool.java:3725)&#10;        at java.base@21.0.6/java.util.concurrent.locks.AbstractQueuedSynchronizer$ConditionObject.await(AbstractQueuedSynchronizer.java:1712)&#10;        at java.base@21.0.6/java.util.concurrent.LinkedBlockingQueue.take(LinkedBlockingQueue.java:435)&#10;        at java.base@21.0.6/java.util.concurrent.ThreadPoolExecutor.getTask(ThreadPoolExecutor.java:1070)&#10;        at java.base@21.0.6/java.util.concurrent.ThreadPoolExecutor.runWorker(ThreadPoolExecutor.java:1130)&#10;        at java.base@21.0.6/java.util.concurrent.ThreadPoolExecutor$Worker.run(ThreadPoolExecutor.java:642)&#10;        at java.base@21.0.6/java.lang.Thread.runWith(Thread.java:1596)&#10;        at java.base@21.0.6/java.lang.Thread.run(Thread.java:1583)&#10;&quot;50f19a77-e23b-421f-a833-5664bb01cf1c@group-45D4895FEBC0-cacheEviction-AwaitToRun&quot; daemon prio=5 tid=111 in Object.wait()&#10;java.lang.Thread.State: WAITING (on object monitor)&#10;        at java.base@21.0.6/jdk.internal.misc.Unsafe.park(Native Method)&#10;        at java.base@21.0.6/java.util.concurrent.locks.LockSupport.park(LockSupport.java:371)&#10;        at java.base@21.0.6/java.util.concurrent.locks.AbstractQueuedSynchronizer$ConditionNode.block(AbstractQueuedSynchronizer.java:519)&#10;        at java.base@21.0.6/java.util.concurrent.ForkJoinPool.unmanagedBlock(ForkJoinPool.java:3780)&#10;        at java.base@21.0.6/java.util.concurrent.ForkJoinPool.managedBlock(ForkJoinPool.java:3725)&#10;        at java.base@21.0.6/java.util.concurrent.locks.AbstractQueuedSynchronizer$ConditionObject.await(AbstractQueuedSynchronizer.java:1712)&#10;        at app//org.apache.ratis.util.AwaitForSignal.await(AwaitForSignal.java:48)&#10;        at app//org.apache.ratis.util.AwaitToRun$RunnableImpl.run(AwaitToRun.java:47)&#10;        at java.base@21.0.6/java.lang.Thread.runWith(Thread.java:1596)&#10;        at java.base@21.0.6/java.lang.Thread.run(Thread.java:1583)&#10;&quot;JvmPauseMonitor5&quot; daemon prio=5 tid=806 timed_waiting&#10;java.lang.Thread.State: TIMED_WAITING&#10;        at java.base@21.0.6/java.lang.Thread.sleep0(Native Method)&#10;        at java.base@21.0.6/java.lang.Thread.sleep(Thread.java:558)&#10;        at java.base@21.0.6/java.util.concurrent.TimeUnit.sleep(TimeUnit.java:446)&#10;        at app//org.apache.ratis.util.TimeDuration.sleep(TimeDuration.java:353)&#10;        at app//org.apache.ratis.util.TimeDuration.sleep(TimeDuration.java:338)&#10;        at app//org.apache.ratis.util.JvmPauseMonitor.detectPause(JvmPauseMonitor.java:160)&#10;        at app//org.apache.ratis.util.JvmPauseMonitor.run(JvmPauseMonitor.java:149)&#10;        at app//org.apache.ratis.util.JvmPauseMonitor$$Lambda/0x00007fd0ac3a9508.run(Unknown Source)&#10;        at java.base@21.0.6/java.lang.Thread.runWith(Thread.java:1596)&#10;        at java.base@21.0.6/java.lang.Thread.run(Thread.java:1583)&#10;&quot;qtp2049070779-750&quot; daemon prio=5 tid=750 timed_waiting&#10;java.lang.Thread.State: TIMED_WAITING&#10;        at java.base@21.0.6/jdk.internal.misc.Unsafe.park(Native Method)&#10;        at java.base@21.0.6/java.util.concurrent.locks.LockSupport.parkNanos(LockSupport.java:269)&#10;        at java.base@21.0.6/java.util.concurrent.locks.AbstractQueuedSynchronizer$ConditionObject.awaitNanos(AbstractQueuedSynchronizer.java:1763)&#10;        at app//org.eclipse.jetty.util.BlockingArrayQueue.poll(BlockingArrayQueue.java:382)&#10;        at app//org.eclipse.jetty.util.thread.QueuedThreadPool$Runner.idleJobPoll(QueuedThreadPool.java:974)&#10;        at app//org.eclipse.jetty.util.thread.QueuedThreadPool$Runner.run(QueuedThreadPool.java:1018)&#10;        at java.base@21.0.6/java.lang.Thread.runWith(Thread.java:1596)&#10;        at java.base@21.0.6/java.lang.Thread.run(Thread.java:1583)&#10;&quot;IPC Server handler 84 on default port 15002&quot; daemon prio=5 tid=420 timed_waiting&#10;java.lang.Thread.State: TIMED_WAITING&#10;        at java.base@21.0.6/jdk.internal.misc.Unsafe.park(Native Method)&#10;        at java.base@21.0.6/java.util.concurrent.locks.LockSupport.parkNanos(LockSupport.java:269)&#10;        at java.base@21.0.6/java.util.concurrent.locks.AbstractQueuedSynchronizer$ConditionObject.awaitNanos(AbstractQueuedSynchronizer.java:1763)&#10;        at java.base@21.0.6/java.util.concurrent.LinkedBlockingQueue.poll(LinkedBlockingQueue.java:460)&#10;        at app//org.apache.hadoop.ipc.CallQueueManager.take(CallQueueManager.java:370)&#10;        at app//org.apache.hadoop.ipc.Server$Handler.run(Server.java:3165)&#10;&quot;EventQueue-ContainerRegistrationReportForRatisContainerSafeModeRule&quot; daemon prio=5 tid=763 in Object.wait()&#10;java.lang.Thread.State: WAITING (on object monitor)&#10;        at java.base@21.0.6/jdk.internal.misc.Unsafe.park(Native Method)&#10;        at java.base@21.0.6/java.util.concurrent.locks.LockSupport.park(LockSupport.java:371)&#10;        at java.base@21.0.6/java.util.concurrent.locks.AbstractQueuedSynchronizer$ConditionNode.block(AbstractQueuedSynchronizer.java:519)&#10;        at java.base@21.0.6/java.util.concurrent.ForkJoinPool.unmanagedBlock(ForkJoinPool.java:3780)&#10;        at java.base@21.0.6/java.util.concurrent.ForkJoinPool.managedBlock(ForkJoinPool.java:3725)&#10;        at java.base@21.0.6/java.util.concurrent.locks.AbstractQueuedSynchronizer$ConditionObject.await(AbstractQueuedSynchronizer.java:1712)&#10;        at java.base@21.0.6/java.util.concurrent.LinkedBlockingQueue.take(LinkedBlockingQueue.java:435)&#10;        at java.base@21.0.6/java.util.concurrent.ThreadPoolExecutor.getTask(ThreadPoolExecutor.java:1070)&#10;        at java.base@21.0.6/java.util.concurrent.ThreadPoolExecutor.runWorker(ThreadPoolExecutor.java:1130)&#10;        at java.base@21.0.6/java.util.concurrent.ThreadPoolExecutor$Worker.run(ThreadPoolExecutor.java:642)&#10;        at java.base@21.0.6/java.lang.Thread.runWith(Thread.java:1596)&#10;        at java.base@21.0.6/java.lang.Thread.run(Thread.java:1583)&#10;&quot;IPC Server listener on 15000&quot; daemon prio=5 tid=87 runnable&#10;java.lang.Thread.State: RUNNABLE&#10;        at java.base@21.0.6/sun.nio.ch.EPoll.wait(Native Method)&#10;        at java.base@21.0.6/sun.nio.ch.EPollSelectorImpl.doSelect(EPollSelectorImpl.java:121)&#10;        at java.base@21.0.6/sun.nio.ch.SelectorImpl.lockAndDoSelect(SelectorImpl.java:130)&#10;        at java.base@21.0.6/sun.nio.ch.SelectorImpl.select(SelectorImpl.java:147)&#10;        at app//org.apache.hadoop.ipc.Server$Listener.run(Server.java:1559)&#10;&quot;IPC Server handler 28 on default port 15000&quot; daemon prio=5 tid=146 timed_waiting&#10;java.lang.Thread.State: TIMED_WAITING&#10;        at java.base@21.0.6/jdk.internal.misc.Unsafe.park(Native Method)&#10;        at java.base@21.0.6/java.util.concurrent.locks.LockSupport.parkNanos(LockSupport.java:269)&#10;        at java.base@21.0.6/java.util.concurrent.locks.AbstractQueuedSynchronizer$ConditionObject.awaitNanos(AbstractQueuedSynchronizer.java:1763)&#10;        at java.base@21.0.6/java.util.concurrent.LinkedBlockingQueue.poll(LinkedBlockingQueue.java:460)&#10;        at app//org.apache.hadoop.ipc.CallQueueManager.take(CallQueueManager.java:370)&#10;        at app//org.apache.hadoop.ipc.Server$Handler.run(Server.java:3165)&#10;&quot;IPC Server handler 70 on default port 15000&quot; daemon prio=5 tid=188 timed_waiting&#10;java.lang.Thread.State: TIMED_WAITING&#10;        at java.base@21.0.6/jdk.internal.misc.Unsafe.park(Native Method)&#10;        at java.base@21.0.6/java.util.concurrent.locks.LockSupport.parkNanos(LockSupport.java:269)&#10;        at java.base@21.0.6/java.util.concurrent.locks.AbstractQueuedSynchronizer$ConditionObject.awaitNanos(AbstractQueuedSynchronizer.java:1763)&#10;        at java.base@21.0.6/java.util.concurrent.LinkedBlockingQueue.poll(LinkedBlockingQueue.java:460)&#10;        at app//org.apache.hadoop.ipc.CallQueueManager.take(CallQueueManager.java:370)&#10;        at app//org.apache.hadoop.ipc.Server$Handler.run(Server.java:3165)&#10;&quot;Hadoop-Metrics-Updater-0&quot; daemon prio=5 tid=778 timed_waiting&#10;java.lang.Thread.State: TIMED_WAITING&#10;        at java.base@21.0.6/jdk.internal.misc.Unsafe.park(Native Method)&#10;        at java.base@21.0.6/java.util.concurrent.locks.LockSupport.parkNanos(LockSupport.java:269)&#10;        at java.base@21.0.6/java.util.concurrent.locks.AbstractQueuedSynchronizer$ConditionObject.awaitNanos(AbstractQueuedSynchronizer.java:1763)&#10;        at java.base@21.0.6/java.util.concurrent.ScheduledThreadPoolExecutor$DelayedWorkQueue.take(ScheduledThreadPoolExecutor.java:1182)&#10;        at java.base@21.0.6/java.util.concurrent.ScheduledThreadPoolExecutor$DelayedWorkQueue.take(ScheduledThreadPoolExecutor.java:899)&#10;        at java.base@21.0.6/java.util.concurrent.ThreadPoolExecutor.getTask(ThreadPoolExecutor.java:1070)&#10;        at java.base@21.0.6/java.util.concurrent.ThreadPoolExecutor.runWorker(ThreadPoolExecutor.java:1130)&#10;        at java.base@21.0.6/java.util.concurrent.ThreadPoolExecutor$Worker.run(ThreadPoolExecutor.java:642)&#10;        at java.base@21.0.6/java.lang.Thread.runWith(Thread.java:1596)&#10;        at java.base@21.0.6/java.lang.Thread.run(Thread.java:1583)&#10;&quot;IPC Server handler 12 on default port 15006&quot; daemon prio=5 tid=507 timed_waiting&#10;java.lang.Thread.State: TIMED_WAITING&#10;        at java.base@21.0.6/jdk.internal.misc.Unsafe.park(Native Method)&#10;        at java.base@21.0.6/java.util.concurrent.locks.LockSupport.parkNanos(LockSupport.java:269)&#10;        at java.base@21.0.6/java.util.concurrent.locks.AbstractQueuedSynchronizer$ConditionObject.awaitNanos(AbstractQueuedSynchronizer.java:1763)&#10;        at java.base@21.0.6/java.util.concurrent.LinkedBlockingQueue.poll(LinkedBlockingQueue.java:460)&#10;        at app//org.apache.hadoop.ipc.CallQueueManager.take(CallQueueManager.java:370)&#10;        at app//org.apache.hadoop.ipc.Server$Handler.run(Server.java:3165)&#10;&quot;Socket Reader #2 for port 15027&quot;  prio=5 tid=625 runnable&#10;java.lang.Thread.State: RUNNABLE&#10;        at java.base@21.0.6/sun.nio.ch.EPoll.wait(Native Method)&#10;        at java.base@21.0.6/sun.nio.ch.EPollSelectorImpl.doSelect(EPollSelectorImpl.java:121)&#10;        at java.base@21.0.6/sun.nio.ch.SelectorImpl.lockAndDoSelect(SelectorImpl.java:130)&#10;        at java.base@21.0.6/sun.nio.ch.SelectorImpl.select(SelectorImpl.java:147)&#10;        at app//org.apache.hadoop.ipc.Server$Listener$Reader.doRunLoop(Server.java:1497)&#10;        at app//org.apache.hadoop.ipc.Server$Listener$Reader.run(Server.java:1476)&#10;&quot;IPC Server handler 93 on default port 15000&quot; daemon prio=5 tid=211 timed_waiting&#10;java.lang.Thread.State: TIMED_WAITING&#10;        at java.base@21.0.6/jdk.internal.misc.Unsafe.park(Native Method)&#10;        at java.base@21.0.6/java.util.concurrent.locks.LockSupport.parkNanos(LockSupport.java:269)&#10;        at java.base@21.0.6/java.util.concurrent.locks.AbstractQueuedSynchronizer$ConditionObject.awaitNanos(AbstractQueuedSynchronizer.java:1763)&#10;        at java.base@21.0.6/java.util.concurrent.LinkedBlockingQueue.poll(LinkedBlockingQueue.java:460)&#10;        at app//org.apache.hadoop.ipc.CallQueueManager.take(CallQueueManager.java:370)&#10;        at app//org.apache.hadoop.ipc.Server$Handler.run(Server.java:3165)&#10;&quot;IPC Server handler 45 on default port 15001&quot; daemon prio=5 tid=263 timed_waiting&#10;java.lang.Thread.State: TIMED_WAITING&#10;        at java.base@21.0.6/jdk.internal.misc.Unsafe.park(Native Method)&#10;        at java.base@21.0.6/java.util.concurrent.locks.LockSupport.parkNanos(LockSupport.java:269)&#10;        at java.base@21.0.6/java.util.concurrent.locks.AbstractQueuedSynchronizer$ConditionObject.awaitNanos(AbstractQueuedSynchronizer.java:1763)&#10;        at java.base@21.0.6/java.util.concurrent.LinkedBlockingQueue.poll(LinkedBlockingQueue.java:460)&#10;        at app//org.apache.hadoop.ipc.CallQueueManager.take(CallQueueManager.java:370)&#10;        at app//org.apache.hadoop.ipc.Server$Handler.run(Server.java:3165)&#10;&quot;Socket Reader #4 for port 15043&quot;  prio=5 tid=769 runnable&#10;java.lang.Thread.State: RUNNABLE&#10;        at java.base@21.0.6/sun.nio.ch.EPoll.wait(Native Method)&#10;        at java.base@21.0.6/sun.nio.ch.EPollSelectorImpl.doSelect(EPollSelectorImpl.java:121)&#10;        at java.base@21.0.6/sun.nio.ch.SelectorImpl.lockAndDoSelect(SelectorImpl.java:130)&#10;        at java.base@21.0.6/sun.nio.ch.SelectorImpl.select(SelectorImpl.java:147)&#10;        at app//org.apache.hadoop.ipc.Server$Listener$Reader.doRunLoop(Server.java:1497)&#10;        at app//org.apache.hadoop.ipc.Server$Listener$Reader.run(Server.java:1476)&#10;&quot;ContainerMetadataScanner&quot; daemon prio=5 tid=792 timed_waiting&#10;java.lang.Thread.State: TIMED_WAITING&#10;        at java.base@21.0.6/java.lang.Thread.sleep0(Native Method)&#10;        at java.base@21.0.6/java.lang.Thread.sleep(Thread.java:509)&#10;        at app//org.apache.hadoop.ozone.container.ozoneimpl.AbstractBackgroundContainerScanner.handleRemainingSleep(AbstractBackgroundContainerScanner.java:133)&#10;        at app//org.apache.hadoop.ozone.container.ozoneimpl.AbstractBackgroundContainerScanner.runIteration(AbstractBackgroundContainerScanner.java:100)&#10;        at app//org.apache.hadoop.ozone.container.ozoneimpl.AbstractBackgroundContainerScanner.run(AbstractBackgroundContainerScanner.java:59)&#10;        at java.base@21.0.6/java.lang.Thread.runWith(Thread.java:1596)&#10;        at java.base@21.0.6/java.lang.Thread.run(Thread.java:1583)&#10;&quot;IPC Server handler 68 on default port 15001&quot; daemon prio=5 tid=286 timed_waiting&#10;java.lang.Thread.State: TIMED_WAITING&#10;        at java.base@21.0.6/jdk.internal.misc.Unsafe.park(Native Method)&#10;        at java.base@21.0.6/java.util.concurrent.locks.LockSupport.parkNanos(LockSupport.java:269)&#10;        at java.base@21.0.6/java.util.concurrent.locks.AbstractQueuedSynchronizer$ConditionObject.awaitNanos(AbstractQueuedSynchronizer.java:1763)&#10;        at java.base@21.0.6/java.util.concurrent.LinkedBlockingQueue.poll(LinkedBlockingQueue.java:460)&#10;        at app//org.apache.hadoop.ipc.CallQueueManager.take(CallQueueManager.java:370)&#10;        at app//org.apache.hadoop.ipc.Server$Handler.run(Server.java:3165)&#10;&quot;StaleRecoveringContainerScrubbingService#0&quot; daemon prio=5 tid=828 timed_waiting&#10;java.lang.Thread.State: TIMED_WAITING&#10;        at java.base@21.0.6/jdk.internal.misc.Unsafe.park(Native Method)&#10;        at java.base@21.0.6/java.util.concurrent.locks.LockSupport.parkNanos(LockSupport.java:269)&#10;        at java.base@21.0.6/java.util.concurrent.locks.AbstractQueuedSynchronizer$ConditionObject.awaitNanos(AbstractQueuedSynchronizer.java:1763)&#10;        at java.base@21.0.6/java.util.concurrent.ScheduledThreadPoolExecutor$DelayedWorkQueue.take(ScheduledThreadPoolExecutor.java:1182)&#10;        at java.base@21.0.6/java.util.concurrent.ScheduledThreadPoolExecutor$DelayedWorkQueue.take(ScheduledThreadPoolExecutor.java:899)&#10;        at java.base@21.0.6/java.util.concurrent.ThreadPoolExecutor.getTask(ThreadPoolExecutor.java:1070)&#10;        at java.base@21.0.6/java.util.concurrent.ThreadPoolExecutor.runWorker(ThreadPoolExecutor.java:1130)&#10;        at java.base@21.0.6/java.util.concurrent.ThreadPoolExecutor$Worker.run(ThreadPoolExecutor.java:642)&#10;        at java.base@21.0.6/java.lang.Thread.runWith(Thread.java:1596)&#10;        at java.base@21.0.6/java.lang.Thread.run(Thread.java:1583)&#10;&quot;IPC Server handler 52 on default port 15000&quot; daemon prio=5 tid=170 timed_waiting&#10;java.lang.Thread.State: TIMED_WAITING&#10;        at java.base@21.0.6/jdk.internal.misc.Unsafe.park(Native Method)&#10;        at java.base@21.0.6/java.util.concurrent.locks.LockSupport.parkNanos(LockSupport.java:269)&#10;        at java.base@21.0.6/java.util.concurrent.locks.AbstractQueuedSynchronizer$ConditionObject.awaitNanos(AbstractQueuedSynchronizer.java:1763)&#10;        at java.base@21.0.6/java.util.concurrent.LinkedBlockingQueue.poll(LinkedBlockingQueue.java:460)&#10;        at app//org.apache.hadoop.ipc.CallQueueManager.take(CallQueueManager.java:370)&#10;        at app//org.apache.hadoop.ipc.Server$Handler.run(Server.java:3165)&#10;&quot;IPC Server handler 84 on default port 15000&quot; daemon prio=5 tid=202 timed_waiting&#10;java.lang.Thread.State: TIMED_WAITING&#10;        at java.base@21.0.6/jdk.internal.misc.Unsafe.park(Native Method)&#10;        at java.base@21.0.6/java.util.concurrent.locks.LockSupport.parkNanos(LockSupport.java:269)&#10;        at java.base@21.0.6/java.util.concurrent.locks.AbstractQueuedSynchronizer$ConditionObject.awaitNanos(AbstractQueuedSynchronizer.java:1763)&#10;        at java.base@21.0.6/java.util.concurrent.LinkedBlockingQueue.poll(LinkedBlockingQueue.java:460)&#10;        at app//org.apache.hadoop.ipc.CallQueueManager.take(CallQueueManager.java:370)&#10;        at app//org.apache.hadoop.ipc.Server$Handler.run(Server.java:3165)&#10;&quot;om1-DirectoryDeletingService#7&quot; daemon prio=5 tid=480 in Object.wait()&#10;java.lang.Thread.State: WAITING (on object monitor)&#10;        at java.base@21.0.6/jdk.internal.misc.Unsafe.park(Native Method)&#10;        at java.base@21.0.6/java.util.concurrent.locks.LockSupport.park(LockSupport.java:371)&#10;        at java.base@21.0.6/java.util.concurrent.locks.AbstractQueuedSynchronizer$ConditionNode.block(AbstractQueuedSynchronizer.java:519)&#10;        at java.base@21.0.6/java.util.concurrent.ForkJoinPool.unmanagedBlock(ForkJoinPool.java:3780)&#10;        at java.base@21.0.6/java.util.concurrent.ForkJoinPool.managedBlock(ForkJoinPool.java:3725)&#10;        at java.base@21.0.6/java.util.concurrent.locks.AbstractQueuedSynchronizer$ConditionObject.await(AbstractQueuedSynchronizer.java:1712)&#10;        at java.base@21.0.6/java.util.concurrent.ScheduledThreadPoolExecutor$DelayedWorkQueue.take(ScheduledThreadPoolExecutor.java:1170)&#10;        at java.base@21.0.6/java.util.concurrent.ScheduledThreadPoolExecutor$DelayedWorkQueue.take(ScheduledThreadPoolExecutor.java:899)&#10;        at java.base@21.0.6/java.util.concurrent.ThreadPoolExecutor.getTask(ThreadPoolExecutor.java:1070)&#10;        at java.base@21.0.6/java.util.concurrent.ThreadPoolExecutor.runWorker(ThreadPoolExecutor.java:1130)&#10;        at java.base@21.0.6/java.util.concurrent.ThreadPoolExecutor$Worker.run(ThreadPoolExecutor.java:642)&#10;        at java.base@21.0.6/java.lang.Thread.runWith(Thread.java:1596)&#10;        at java.base@21.0.6/java.lang.Thread.run(Thread.java:1583)&#10;&quot;process reaper&quot; daemon prio=10 tid=29 timed_waiting&#10;java.lang.Thread.State: TIMED_WAITING&#10;        at java.base@21.0.6/jdk.internal.misc.Unsafe.park(Native Method)&#10;        at java.base@21.0.6/java.util.concurrent.locks.LockSupport.parkNanos(LockSupport.java:410)&#10;        at java.base@21.0.6/java.util.concurrent.LinkedTransferQueue$DualNode.await(LinkedTransferQueue.java:452)&#10;        at java.base@21.0.6/java.util.concurrent.SynchronousQueue$Transferer.xferLifo(SynchronousQueue.java:194)&#10;        at java.base@21.0.6/java.util.concurrent.SynchronousQueue.xfer(SynchronousQueue.java:235)&#10;        at java.base@21.0.6/java.util.concurrent.SynchronousQueue.poll(SynchronousQueue.java:338)&#10;        at java.base@21.0.6/java.util.concurrent.ThreadPoolExecutor.getTask(ThreadPoolExecutor.java:1069)&#10;        at java.base@21.0.6/java.util.concurrent.ThreadPoolExecutor.runWorker(ThreadPoolExecutor.java:1130)&#10;        at java.base@21.0.6/java.util.concurrent.ThreadPoolExecutor$Worker.run(ThreadPoolExecutor.java:642)&#10;        at java.base@21.0.6/java.lang.Thread.runWith(Thread.java:1596)&#10;        at java.base@21.0.6/java.lang.Thread.run(Thread.java:1583)&#10;        at java.base@21.0.6/jdk.internal.misc.InnocuousThread.run(InnocuousThread.java:186)&#10;&quot;qtp596278845-325&quot; daemon prio=5 tid=325 timed_waiting&#10;java.lang.Thread.State: TIMED_WAITING&#10;        at java.base@21.0.6/jdk.internal.misc.Unsafe.park(Native Method)&#10;        at java.base@21.0.6/java.util.concurrent.locks.LockSupport.parkNanos(LockSupport.java:269)&#10;        at java.base@21.0.6/java.util.concurrent.locks.AbstractQueuedSynchronizer$ConditionObject.awaitNanos(AbstractQueuedSynchronizer.java:1763)&#10;        at app//org.eclipse.jetty.util.BlockingArrayQueue.poll(BlockingArrayQueue.java:382)&#10;        at app//org.eclipse.jetty.util.thread.QueuedThreadPool$Runner.idleJobPoll(QueuedThreadPool.java:974)&#10;        at app//org.eclipse.jetty.util.thread.QueuedThreadPool$Runner.run(QueuedThreadPool.java:1018)&#10;        at java.base@21.0.6/java.lang.Thread.runWith(Thread.java:1596)&#10;        at java.base@21.0.6/java.lang.Thread.run(Thread.java:1583)&#10;&quot;IPC Server handler 24 on default port 15001&quot; daemon prio=5 tid=242 timed_waiting&#10;java.lang.Thread.State: TIMED_WAITING&#10;        at java.base@21.0.6/jdk.internal.misc.Unsafe.park(Native Method)&#10;        at java.base@21.0.6/java.util.concurrent.locks.LockSupport.parkNanos(LockSupport.java:269)&#10;        at java.base@21.0.6/java.util.concurrent.locks.AbstractQueuedSynchronizer$ConditionObject.awaitNanos(AbstractQueuedSynchronizer.java:1763)&#10;        at java.base@21.0.6/java.util.concurrent.LinkedBlockingQueue.poll(LinkedBlockingQueue.java:460)&#10;        at app//org.apache.hadoop.ipc.CallQueueManager.take(CallQueueManager.java:370)&#10;        at app//org.apache.hadoop.ipc.Server$Handler.run(Server.java:3165)&#10;&quot;qtp2117639382-487&quot; daemon prio=5 tid=487 runnable&#10;java.lang.Thread.State: RUNNABLE&#10;        at java.base@21.0.6/sun.nio.ch.EPoll.wait(Native Method)&#10;        at java.base@21.0.6/sun.nio.ch.EPollSelectorImpl.doSelect(EPollSelectorImpl.java:121)&#10;        at java.base@21.0.6/sun.nio.ch.SelectorImpl.lockAndDoSelect(SelectorImpl.java:130)&#10;        at java.base@21.0.6/sun.nio.ch.SelectorImpl.select(SelectorImpl.java:147)&#10;        at app//org.eclipse.jetty.io.ManagedSelector.nioSelect(ManagedSelector.java:183)&#10;        at app//org.eclipse.jetty.io.ManagedSelector.select(ManagedSelector.java:190)&#10;        at app//org.eclipse.jetty.io.ManagedSelector$SelectorProducer.select(ManagedSelector.java:606)&#10;        at app//org.eclipse.jetty.io.ManagedSelector$SelectorProducer.produce(ManagedSelector.java:543)&#10;        at app//org.eclipse.jetty.util.thread.strategy.EatWhatYouKill.produceTask(EatWhatYouKill.java:362)&#10;        at app//org.eclipse.jetty.util.thread.strategy.EatWhatYouKill.doProduce(EatWhatYouKill.java:186)&#10;        at app//org.eclipse.jetty.util.thread.strategy.EatWhatYouKill.tryProduce(EatWhatYouKill.java:173)&#10;        at app//org.eclipse.jetty.util.thread.strategy.EatWhatYouKill.produce(EatWhatYouKill.java:137)&#10;        at app//org.eclipse.jetty.io.ManagedSelector$$Lambda/0x00007fd0ac690720.run(Unknown Source)&#10;        at app//org.eclipse.jetty.util.thread.QueuedThreadPool.runJob(QueuedThreadPool.java:883)&#10;        at app//org.eclipse.jetty.util.thread.QueuedThreadPool$Runner.run(QueuedThreadPool.java:1034)&#10;        at java.base@21.0.6/java.lang.Thread.runWith(Thread.java:1596)&#10;        at java.base@21.0.6/java.lang.Thread.run(Thread.java:1583)&#10;&quot;EventQueue-ReplicationManagerNotifyForReplicationManagerEventHandler&quot; daemon prio=5 tid=1036 in Object.wait()&#10;java.lang.Thread.State: WAITING (on object monitor)&#10;        at java.base@21.0.6/jdk.internal.misc.Unsafe.park(Native Method)&#10;        at java.base@21.0.6/java.util.concurrent.locks.LockSupport.park(LockSupport.java:371)&#10;        at java.base@21.0.6/java.util.concurrent.locks.AbstractQueuedSynchronizer$ConditionNode.block(AbstractQueuedSynchronizer.java:519)&#10;        at java.base@21.0.6/java.util.concurrent.ForkJoinPool.unmanagedBlock(ForkJoinPool.java:3780)&#10;        at java.base@21.0.6/java.util.concurrent.ForkJoinPool.managedBlock(ForkJoinPool.java:3725)&#10;        at java.base@21.0.6/java.util.concurrent.locks.AbstractQueuedSynchronizer$ConditionObject.await(AbstractQueuedSynchronizer.java:1712)&#10;        at java.base@21.0.6/java.util.concurrent.LinkedBlockingQueue.take(LinkedBlockingQueue.java:435)&#10;        at java.base@21.0.6/java.util.concurrent.ThreadPoolExecutor.getTask(ThreadPoolExecutor.java:1070)&#10;        at java.base@21.0.6/java.util.concurrent.ThreadPoolExecutor.runWorker(ThreadPoolExecutor.java:1130)&#10;        at java.base@21.0.6/java.util.concurrent.ThreadPoolExecutor$Worker.run(ThreadPoolExecutor.java:642)&#10;        at java.base@21.0.6/java.lang.Thread.runWith(Thread.java:1596)&#10;        at java.base@21.0.6/java.lang.Thread.run(Thread.java:1583)&#10;&quot;IPC Server handler 25 on default port 15000&quot; daemon prio=5 tid=143 timed_waiting&#10;java.lang.Thread.State: TIMED_WAITING&#10;        at java.base@21.0.6/jdk.internal.misc.Unsafe.park(Native Method)&#10;        at java.base@21.0.6/java.util.concurrent.locks.LockSupport.parkNanos(LockSupport.java:269)&#10;        at java.base@21.0.6/java.util.concurrent.locks.AbstractQueuedSynchronizer$ConditionObject.awaitNanos(AbstractQueuedSynchronizer.java:1763)&#10;        at java.base@21.0.6/java.util.concurrent.LinkedBlockingQueue.poll(LinkedBlockingQueue.java:460)&#10;        at app//org.apache.hadoop.ipc.CallQueueManager.take(CallQueueManager.java:370)&#10;        at app//org.apache.hadoop.ipc.Server$Handler.run(Server.java:3165)&#10;&quot;Socket Reader #1 for port 15006&quot;  prio=5 tid=448 runnable&#10;java.lang.Thread.State: RUNNABLE&#10;        at java.base@21.0.6/sun.nio.ch.EPoll.wait(Native Method)&#10;        at java.base@21.0.6/sun.nio.ch.EPollSelectorImpl.doSelect(EPollSelectorImpl.java:121)&#10;        at java.base@21.0.6/sun.nio.ch.SelectorImpl.lockAndDoSelect(SelectorImpl.java:130)&#10;        at java.base@21.0.6/sun.nio.ch.SelectorImpl.select(SelectorImpl.java:147)&#10;        at app//org.apache.hadoop.ipc.Server$Listener$Reader.doRunLoop(Server.java:1497)&#10;        at app//org.apache.hadoop.ipc.Server$Listener$Reader.run(Server.java:1476)&#10;&quot;IPC Server idle connection scanner for port 15027&quot; daemon prio=5 tid=634 timed_waiting&#10;java.lang.Thread.State: TIMED_WAITING&#10;        at java.base@21.0.6/java.lang.Object.wait0(Native Method)&#10;        at java.base@21.0.6/java.lang.Object.wait(Object.java:366)&#10;        at java.base@21.0.6/java.util.TimerThread.mainLoop(Timer.java:563)&#10;        at java.base@21.0.6/java.util.TimerThread.run(Timer.java:516)&#10;&quot;4a3059aa-ae89-4e47-8f1e-08d61ab31d43-DatanodeReportManager-2&quot; daemon prio=5 tid=797 in Object.wait()&#10;java.lang.Thread.State: WAITING (on object monitor)&#10;        at java.base@21.0.6/jdk.internal.misc.Unsafe.park(Native Method)&#10;        at java.base@21.0.6/java.util.concurrent.locks.LockSupport.park(LockSupport.java:371)&#10;        at java.base@21.0.6/java.util.concurrent.locks.AbstractQueuedSynchronizer$ConditionNode.block(AbstractQueuedSynchronizer.java:519)&#10;        at java.base@21.0.6/java.util.concurrent.ForkJoinPool.unmanagedBlock(ForkJoinPool.java:3780)&#10;        at java.base@21.0.6/java.util.concurrent.ForkJoinPool.managedBlock(ForkJoinPool.java:3725)&#10;        at java.base@21.0.6/java.util.concurrent.locks.AbstractQueuedSynchronizer$ConditionObject.await(AbstractQueuedSynchronizer.java:1712)&#10;        at java.base@21.0.6/java.util.concurrent.ScheduledThreadPoolExecutor$DelayedWorkQueue.take(ScheduledThreadPoolExecutor.java:1177)&#10;        at java.base@21.0.6/java.util.concurrent.ScheduledThreadPoolExecutor$DelayedWorkQueue.take(ScheduledThreadPoolExecutor.java:899)&#10;        at java.base@21.0.6/java.util.concurrent.ThreadPoolExecutor.getTask(ThreadPoolExecutor.java:1070)&#10;        at java.base@21.0.6/java.util.concurrent.ThreadPoolExecutor.runWorker(ThreadPoolExecutor.java:1130)&#10;        at java.base@21.0.6/java.util.concurrent.ThreadPoolExecutor$Worker.run(ThreadPoolExecutor.java:642)&#10;        at java.base@21.0.6/java.lang.Thread.runWith(Thread.java:1596)&#10;        at java.base@21.0.6/java.lang.Thread.run(Thread.java:1583)&#10;&quot;a6bf55e3-38e4-411e-ac0b-5acdb6a35656@group-C713F1B5C815-cacheEviction-AwaitToRun&quot; daemon prio=5 tid=922 in Object.wait()&#10;java.lang.Thread.State: WAITING (on object monitor)&#10;        at java.base@21.0.6/jdk.internal.misc.Unsafe.park(Native Method)&#10;        at java.base@21.0.6/java.util.concurrent.locks.LockSupport.park(LockSupport.java:371)&#10;        at java.base@21.0.6/java.util.concurrent.locks.AbstractQueuedSynchronizer$ConditionNode.block(AbstractQueuedSynchronizer.java:519)&#10;        at java.base@21.0.6/java.util.concurrent.ForkJoinPool.unmanagedBlock(ForkJoinPool.java:3780)&#10;        at java.base@21.0.6/java.util.concurrent.ForkJoinPool.managedBlock(ForkJoinPool.java:3725)&#10;        at java.base@21.0.6/java.util.concurrent.locks.AbstractQueuedSynchronizer$ConditionObject.await(AbstractQueuedSynchronizer.java:1712)&#10;        at app//org.apache.ratis.util.AwaitForSignal.await(AwaitForSignal.java:48)&#10;        at app//org.apache.ratis.util.AwaitToRun$RunnableImpl.run(AwaitToRun.java:47)&#10;        at java.base@21.0.6/java.lang.Thread.runWith(Thread.java:1596)&#10;        at java.base@21.0.6/java.lang.Thread.run(Thread.java:1583)&#10;&quot;Socket Reader #3 for port 15027&quot;  prio=5 tid=626 runnable&#10;java.lang.Thread.State: RUNNABLE&#10;        at java.base@21.0.6/sun.nio.ch.EPoll.wait(Native Method)&#10;        at java.base@21.0.6/sun.nio.ch.EPollSelectorImpl.doSelect(EPollSelectorImpl.java:121)&#10;        at java.base@21.0.6/sun.nio.ch.SelectorImpl.lockAndDoSelect(SelectorImpl.java:130)&#10;        at java.base@21.0.6/sun.nio.ch.SelectorImpl.select(SelectorImpl.java:147)&#10;        at app//org.apache.hadoop.ipc.Server$Listener$Reader.doRunLoop(Server.java:1497)&#10;        at app//org.apache.hadoop.ipc.Server$Listener$Reader.run(Server.java:1476)&#10;&quot;a6bf55e3-38e4-411e-ac0b-5acdb6a35656-ChunkWriter-2-0&quot; daemon prio=5 tid=804 in Object.wait()&#10;java.lang.Thread.State: WAITING (on object monitor)&#10;        at java.base@21.0.6/jdk.internal.misc.Unsafe.park(Native Method)&#10;        at java.base@21.0.6/java.util.concurrent.locks.LockSupport.park(LockSupport.java:371)&#10;        at java.base@21.0.6/java.util.concurrent.locks.AbstractQueuedSynchronizer$ConditionNode.block(AbstractQueuedSynchronizer.java:519)&#10;        at java.base@21.0.6/java.util.concurrent.ForkJoinPool.unmanagedBlock(ForkJoinPool.java:3780)&#10;        at java.base@21.0.6/java.util.concurrent.ForkJoinPool.managedBlock(ForkJoinPool.java:3725)&#10;        at java.base@21.0.6/java.util.concurrent.locks.AbstractQueuedSynchronizer$ConditionObject.await(AbstractQueuedSynchronizer.java:1712)&#10;        at java.base@21.0.6/java.util.concurrent.LinkedBlockingDeque.takeFirst(LinkedBlockingDeque.java:485)&#10;        at java.base@21.0.6/java.util.concurrent.LinkedBlockingDeque.take(LinkedBlockingDeque.java:673)&#10;        at java.base@21.0.6/java.util.concurrent.ThreadPoolExecutor.getTask(ThreadPoolExecutor.java:1070)&#10;        at java.base@21.0.6/java.util.concurrent.ThreadPoolExecutor.runWorker(ThreadPoolExecutor.java:1130)&#10;        at java.base@21.0.6/java.util.concurrent.ThreadPoolExecutor$Worker.run(ThreadPoolExecutor.java:642)&#10;        at java.base@21.0.6/java.lang.Thread.runWith(Thread.java:1596)&#10;        at java.base@21.0.6/java.lang.Thread.run(Thread.java:1583)&#10;&quot;IPC Server handler 0 on default port 15043&quot; daemon prio=5 tid=780 timed_waiting&#10;java.lang.Thread.State: TIMED_WAITING&#10;        at java.base@21.0.6/jdk.internal.misc.Unsafe.park(Native Method)&#10;        at java.base@21.0.6/java.util.concurrent.locks.LockSupport.parkNanos(LockSupport.java:269)&#10;        at java.base@21.0.6/java.util.concurrent.locks.AbstractQueuedSynchronizer$ConditionObject.awaitNanos(AbstractQueuedSynchronizer.java:1763)&#10;        at java.base@21.0.6/java.util.concurrent.LinkedBlockingQueue.poll(LinkedBlockingQueue.java:460)&#10;        at app//org.apache.hadoop.ipc.CallQueueManager.take(CallQueueManager.java:370)&#10;        at app//org.apache.hadoop.ipc.Server$Handler.run(Server.java:3165)&#10;&quot;IPC Server handler 28 on default port 15001&quot; daemon prio=5 tid=246 timed_waiting&#10;java.lang.Thread.State: TIMED_WAITING&#10;        at java.base@21.0.6/jdk.internal.misc.Unsafe.park(Native Method)&#10;        at java.base@21.0.6/java.util.concurrent.locks.LockSupport.parkNanos(LockSupport.java:269)&#10;        at java.base@21.0.6/java.util.concurrent.locks.AbstractQueuedSynchronizer$ConditionObject.awaitNanos(AbstractQueuedSynchronizer.java:1763)&#10;        at java.base@21.0.6/java.util.concurrent.LinkedBlockingQueue.poll(LinkedBlockingQueue.java:460)&#10;        at app//org.apache.hadoop.ipc.CallQueueManager.take(CallQueueManager.java:370)&#10;        at app//org.apache.hadoop.ipc.Server$Handler.run(Server.java:3165)&#10;&quot;IPC Server handler 42 on default port 15000&quot; daemon prio=5 tid=160 timed_waiting&#10;java.lang.Thread.State: TIMED_WAITING&#10;        at java.base@21.0.6/jdk.internal.misc.Unsafe.park(Native Method)&#10;        at java.base@21.0.6/java.util.concurrent.locks.LockSupport.parkNanos(LockSupport.java:269)&#10;        at java.base@21.0.6/java.util.concurrent.locks.AbstractQueuedSynchronizer$ConditionObject.awaitNanos(AbstractQueuedSynchronizer.java:1763)&#10;        at java.base@21.0.6/java.util.concurrent.LinkedBlockingQueue.poll(LinkedBlockingQueue.java:460)&#10;        at app//org.apache.hadoop.ipc.CallQueueManager.take(CallQueueManager.java:370)&#10;        at app//org.apache.hadoop.ipc.Server$Handler.run(Server.java:3165)&#10;&quot;IPC Server handler 8 on default port 15035&quot; daemon prio=5 tid=715 timed_waiting&#10;java.lang.Thread.State: TIMED_WAITING&#10;        at java.base@21.0.6/jdk.internal.misc.Unsafe.park(Native Method)&#10;        at java.base@21.0.6/java.util.concurrent.locks.LockSupport.parkNanos(LockSupport.java:269)&#10;        at java.base@21.0.6/java.util.concurrent.locks.AbstractQueuedSynchronizer$ConditionObject.awaitNanos(AbstractQueuedSynchronizer.java:1763)&#10;        at java.base@21.0.6/java.util.concurrent.LinkedBlockingQueue.poll(LinkedBlockingQueue.java:460)&#10;        at app//org.apache.hadoop.ipc.CallQueueManager.take(CallQueueManager.java:370)&#10;        at app//org.apache.hadoop.ipc.Server$Handler.run(Server.java:3165)&#10;&quot;IPC Server handler 80 on default port 15002&quot; daemon prio=5 tid=416 timed_waiting&#10;java.lang.Thread.State: TIMED_WAITING&#10;        at java.base@21.0.6/jdk.internal.misc.Unsafe.park(Native Method)&#10;        at java.base@21.0.6/java.util.concurrent.locks.LockSupport.parkNanos(LockSupport.java:269)&#10;        at java.base@21.0.6/java.util.concurrent.locks.AbstractQueuedSynchronizer$ConditionObject.awaitNanos(AbstractQueuedSynchronizer.java:1763)&#10;        at java.base@21.0.6/java.util.concurrent.LinkedBlockingQueue.poll(LinkedBlockingQueue.java:460)&#10;        at app//org.apache.hadoop.ipc.CallQueueManager.take(CallQueueManager.java:370)&#10;        at app//org.apache.hadoop.ipc.Server$Handler.run(Server.java:3165)&#10;&quot;Session-HouseKeeper-6884cfca-1&quot;  prio=5 tid=755 timed_waiting&#10;java.lang.Thread.State: TIMED_WAITING&#10;        at java.base@21.0.6/jdk.internal.misc.Unsafe.park(Native Method)&#10;        at java.base@21.0.6/java.util.concurrent.locks.LockSupport.parkNanos(LockSupport.java:269)&#10;        at java.base@21.0.6/java.util.concurrent.locks.AbstractQueuedSynchronizer$ConditionObject.awaitNanos(AbstractQueuedSynchronizer.java:1763)&#10;        at java.base@21.0.6/java.util.concurrent.ScheduledThreadPoolExecutor$DelayedWorkQueue.take(ScheduledThreadPoolExecutor.java:1182)&#10;        at java.base@21.0.6/java.util.concurrent.ScheduledThreadPoolExecutor$DelayedWorkQueue.take(ScheduledThreadPoolExecutor.java:899)&#10;        at java.base@21.0.6/java.util.concurrent.ThreadPoolExecutor.getTask(ThreadPoolExecutor.java:1070)&#10;        at java.base@21.0.6/java.util.concurrent.ThreadPoolExecutor.runWorker(ThreadPoolExecutor.java:1130)&#10;        at java.base@21.0.6/java.util.concurrent.ThreadPoolExecutor$Worker.run(ThreadPoolExecutor.java:642)&#10;        at java.base@21.0.6/java.lang.Thread.runWith(Thread.java:1596)&#10;        at java.base@21.0.6/java.lang.Thread.run(Thread.java:1583)&#10;&quot;IPC Server handler 33 on default port 15002&quot; daemon prio=5 tid=369 timed_waiting&#10;java.lang.Thread.State: TIMED_WAITING&#10;        at java.base@21.0.6/jdk.internal.misc.Unsafe.park(Native Method)&#10;        at java.base@21.0.6/java.util.concurrent.locks.LockSupport.parkNanos(LockSupport.java:269)&#10;        at java.base@21.0.6/java.util.concurrent.locks.AbstractQueuedSynchronizer$ConditionObject.awaitNanos(AbstractQueuedSynchronizer.java:1763)&#10;        at java.base@21.0.6/java.util.concurrent.LinkedBlockingQueue.poll(LinkedBlockingQueue.java:460)&#10;        at app//org.apache.hadoop.ipc.CallQueueManager.take(CallQueueManager.java:370)&#10;        at app//org.apache.hadoop.ipc.Server$Handler.run(Server.java:3165)&#10;&quot;IPC Server handler 22 on default port 15000&quot; daemon prio=5 tid=140 timed_waiting&#10;java.lang.Thread.State: TIMED_WAITING&#10;        at java.base@21.0.6/jdk.internal.misc.Unsafe.park(Native Method)&#10;        at java.base@21.0.6/java.util.concurrent.locks.LockSupport.parkNanos(LockSupport.java:269)&#10;        at java.base@21.0.6/java.util.concurrent.locks.AbstractQueuedSynchronizer$ConditionObject.awaitNanos(AbstractQueuedSynchronizer.java:1763)&#10;        at java.base@21.0.6/java.util.concurrent.LinkedBlockingQueue.poll(LinkedBlockingQueue.java:460)&#10;        at app//org.apache.hadoop.ipc.CallQueueManager.take(CallQueueManager.java:370)&#10;        at app//org.apache.hadoop.ipc.Server$Handler.run(Server.java:3165)&#10;&quot;Socket Reader #10 for port 15002&quot;  prio=5 tid=69 runnable&#10;java.lang.Thread.State: RUNNABLE&#10;        at java.base@21.0.6/sun.nio.ch.EPoll.wait(Native Method)&#10;        at java.base@21.0.6/sun.nio.ch.EPollSelectorImpl.doSelect(EPollSelectorImpl.java:121)&#10;        at java.base@21.0.6/sun.nio.ch.SelectorImpl.lockAndDoSelect(SelectorImpl.java:130)&#10;        at java.base@21.0.6/sun.nio.ch.SelectorImpl.select(SelectorImpl.java:147)&#10;        at app//org.apache.hadoop.ipc.Server$Listener$Reader.doRunLoop(Server.java:1497)&#10;        at app//org.apache.hadoop.ipc.Server$Listener$Reader.run(Server.java:1476)&#10;&quot;pool-201-thread-1&quot;  prio=5 tid=746 timed_waiting&#10;java.lang.Thread.State: TIMED_WAITING&#10;        at java.base@21.0.6/jdk.internal.misc.Unsafe.park(Native Method)&#10;        at java.base@21.0.6/java.util.concurrent.locks.LockSupport.parkNanos(LockSupport.java:269)&#10;        at java.base@21.0.6/java.util.concurrent.locks.AbstractQueuedSynchronizer$ConditionObject.awaitNanos(AbstractQueuedSynchronizer.java:1763)&#10;        at java.base@21.0.6/java.util.concurrent.ScheduledThreadPoolExecutor$DelayedWorkQueue.take(ScheduledThreadPoolExecutor.java:1182)&#10;        at java.base@21.0.6/java.util.concurrent.ScheduledThreadPoolExecutor$DelayedWorkQueue.take(ScheduledThreadPoolExecutor.java:899)&#10;        at java.base@21.0.6/java.util.concurrent.ThreadPoolExecutor.getTask(ThreadPoolExecutor.java:1070)&#10;        at java.base@21.0.6/java.util.concurrent.ThreadPoolExecutor.runWorker(ThreadPoolExecutor.java:1130)&#10;        at java.base@21.0.6/java.util.concurrent.ThreadPoolExecutor$Worker.run(ThreadPoolExecutor.java:642)&#10;        at java.base@21.0.6/java.lang.Thread.runWith(Thread.java:1596)&#10;        at java.base@21.0.6/java.lang.Thread.run(Thread.java:1583)&#10;&quot;IPC Server handler 21 on default port 15001&quot; daemon prio=5 tid=239 timed_waiting&#10;java.lang.Thread.State: TIMED_WAITING&#10;        at java.base@21.0.6/jdk.internal.misc.Unsafe.park(Native Method)&#10;        at java.base@21.0.6/java.util.concurrent.locks.LockSupport.parkNanos(LockSupport.java:269)&#10;        at java.base@21.0.6/java.util.concurrent.locks.AbstractQueuedSynchronizer$ConditionObject.awaitNanos(AbstractQueuedSynchronizer.java:1763)&#10;        at java.base@21.0.6/java.util.concurrent.LinkedBlockingQueue.poll(LinkedBlockingQueue.java:460)&#10;        at app//org.apache.hadoop.ipc.CallQueueManager.take(CallQueueManager.java:370)&#10;        at app//org.apache.hadoop.ipc.Server$Handler.run(Server.java:3165)&#10;&quot;4a3059aa-ae89-4e47-8f1e-08d61ab31d43-impl-thread1&quot;  prio=5 tid=744 timed_waiting&#10;java.lang.Thread.State: TIMED_WAITING&#10;        at java.base@21.0.6/jdk.internal.misc.Unsafe.park(Native Method)&#10;        at java.base@21.0.6/java.util.concurrent.locks.LockSupport.parkNanos(LockSupport.java:410)&#10;        at java.base@21.0.6/java.util.concurrent.LinkedTransferQueue$DualNode.await(LinkedTransferQueue.java:452)&#10;        at java.base@21.0.6/java.util.concurrent.SynchronousQueue$Transferer.xferLifo(SynchronousQueue.java:194)&#10;        at java.base@21.0.6/java.util.concurrent.SynchronousQueue.xfer(SynchronousQueue.java:235)&#10;        at java.base@21.0.6/java.util.concurrent.SynchronousQueue.poll(SynchronousQueue.java:338)&#10;        at java.base@21.0.6/java.util.concurrent.ThreadPoolExecutor.getTask(ThreadPoolExecutor.java:1069)&#10;        at java.base@21.0.6/java.util.concurrent.ThreadPoolExecutor.runWorker(ThreadPoolExecutor.java:1130)&#10;        at java.base@21.0.6/java.util.concurrent.ThreadPoolExecutor$Worker.run(ThreadPoolExecutor.java:642)&#10;        at java.base@21.0.6/java.lang.Thread.runWith(Thread.java:1596)&#10;        at java.base@21.0.6/java.lang.Thread.run(Thread.java:1583)&#10;&quot;IPC Server handler 66 on default port 15001&quot; daemon prio=5 tid=284 timed_waiting&#10;java.lang.Thread.State: TIMED_WAITING&#10;        at java.base@21.0.6/jdk.internal.misc.Unsafe.park(Native Method)&#10;        at java.base@21.0.6/java.util.concurrent.locks.LockSupport.parkNanos(LockSupport.java:269)&#10;        at java.base@21.0.6/java.util.concurrent.locks.AbstractQueuedSynchronizer$ConditionObject.awaitNanos(AbstractQueuedSynchronizer.java:1763)&#10;        at java.base@21.0.6/java.util.concurrent.LinkedBlockingQueue.poll(LinkedBlockingQueue.java:460)&#10;        at app//org.apache.hadoop.ipc.CallQueueManager.take(CallQueueManager.java:370)&#10;        at app//org.apache.hadoop.ipc.Server$Handler.run(Server.java:3165)&#10;&quot;IPC Server handler 67 on default port 15001&quot; daemon prio=5 tid=285 timed_waiting&#10;java.lang.Thread.State: TIMED_WAITING&#10;        at java.base@21.0.6/jdk.internal.misc.Unsafe.park(Native Method)&#10;        at java.base@21.0.6/java.util.concurrent.locks.LockSupport.parkNanos(LockSupport.java:269)&#10;        at java.base@21.0.6/java.util.concurrent.locks.AbstractQueuedSynchronizer$ConditionObject.awaitNanos(AbstractQueuedSynchronizer.java:1763)&#10;        at java.base@21.0.6/java.util.concurrent.LinkedBlockingQueue.poll(LinkedBlockingQueue.java:460)&#10;        at app//org.apache.hadoop.ipc.CallQueueManager.take(CallQueueManager.java:370)&#10;        at app//org.apache.hadoop.ipc.Server$Handler.run(Server.java:3165)&#10;&quot;IPC Server handler 59 on default port 15002&quot; daemon prio=5 tid=395 timed_waiting&#10;java.lang.Thread.State: TIMED_WAITING&#10;        at java.base@21.0.6/jdk.internal.misc.Unsafe.park(Native Method)&#10;        at java.base@21.0.6/java.util.concurrent.locks.LockSupport.parkNanos(LockSupport.java:269)&#10;        at java.base@21.0.6/java.util.concurrent.locks.AbstractQueuedSynchronizer$ConditionObject.awaitNanos(AbstractQueuedSynchronizer.java:1763)&#10;        at java.base@21.0.6/java.util.concurrent.LinkedBlockingQueue.poll(LinkedBlockingQueue.java:460)&#10;        at app//org.apache.hadoop.ipc.CallQueueManager.take(CallQueueManager.java:370)&#10;        at app//org.apache.hadoop.ipc.Server$Handler.run(Server.java:3165)&#10;&quot;om1-DirectoryDeletingService#9&quot; daemon prio=5 tid=483 in Object.wait()&#10;java.lang.Thread.State: WAITING (on object monitor)&#10;        at java.base@21.0.6/jdk.internal.misc.Unsafe.park(Native Method)&#10;        at java.base@21.0.6/java.util.concurrent.locks.LockSupport.park(LockSupport.java:371)&#10;        at java.base@21.0.6/java.util.concurrent.locks.AbstractQueuedSynchronizer$ConditionNode.block(AbstractQueuedSynchronizer.java:519)&#10;        at java.base@21.0.6/java.util.concurrent.ForkJoinPool.unmanagedBlock(ForkJoinPool.java:3780)&#10;        at java.base@21.0.6/java.util.concurrent.ForkJoinPool.managedBlock(ForkJoinPool.java:3725)&#10;        at java.base@21.0.6/java.util.concurrent.locks.AbstractQueuedSynchronizer$ConditionObject.await(AbstractQueuedSynchronizer.java:1712)&#10;        at java.base@21.0.6/java.util.concurrent.ScheduledThreadPoolExecutor$DelayedWorkQueue.take(ScheduledThreadPoolExecutor.java:1177)&#10;        at java.base@21.0.6/java.util.concurrent.ScheduledThreadPoolExecutor$DelayedWorkQueue.take(ScheduledThreadPoolExecutor.java:899)&#10;        at java.base@21.0.6/java.util.concurrent.ThreadPoolExecutor.getTask(ThreadPoolExecutor.java:1070)&#10;        at java.base@21.0.6/java.util.concurrent.ThreadPoolExecutor.runWorker(ThreadPoolExecutor.java:1130)&#10;        at java.base@21.0.6/java.util.concurrent.ThreadPoolExecutor$Worker.run(ThreadPoolExecutor.java:642)&#10;        at java.base@21.0.6/java.lang.Thread.runWith(Thread.java:1596)&#10;        at java.base@21.0.6/java.lang.Thread.run(Thread.java:1583)&#10;&quot;Socket Reader #8 for port 15043&quot;  prio=5 tid=773 runnable&#10;java.lang.Thread.State: RUNNABLE&#10;        at java.base@21.0.6/sun.nio.ch.EPoll.wait(Native Method)&#10;        at java.base@21.0.6/sun.nio.ch.EPollSelectorImpl.doSelect(EPollSelectorImpl.java:121)&#10;        at java.base@21.0.6/sun.nio.ch.SelectorImpl.lockAndDoSelect(SelectorImpl.java:130)&#10;        at java.base@21.0.6/sun.nio.ch.SelectorImpl.select(SelectorImpl.java:147)&#10;        at app//org.apache.hadoop.ipc.Server$Listener$Reader.doRunLoop(Server.java:1497)&#10;        at app//org.apache.hadoop.ipc.Server$Listener$Reader.run(Server.java:1476)&#10;&quot;Socket Reader #6 for port 15000&quot;  prio=5 tid=93 runnable&#10;java.lang.Thread.State: RUNNABLE&#10;        at java.base@21.0.6/sun.nio.ch.EPoll.wait(Native Method)&#10;        at java.base@21.0.6/sun.nio.ch.EPollSelectorImpl.doSelect(EPollSelectorImpl.java:121)&#10;        at java.base@21.0.6/sun.nio.ch.SelectorImpl.lockAndDoSelect(SelectorImpl.java:130)&#10;        at java.base@21.0.6/sun.nio.ch.SelectorImpl.select(SelectorImpl.java:147)&#10;        at app//org.apache.hadoop.ipc.Server$Listener$Reader.doRunLoop(Server.java:1497)&#10;        at app//org.apache.hadoop.ipc.Server$Listener$Reader.run(Server.java:1476)&#10;&quot;IPC Server handler 48 on default port 15001&quot; daemon prio=5 tid=266 timed_waiting&#10;java.lang.Thread.State: TIMED_WAITING&#10;        at java.base@21.0.6/jdk.internal.misc.Unsafe.park(Native Method)&#10;        at java.base@21.0.6/java.util.concurrent.locks.LockSupport.parkNanos(LockSupport.java:269)&#10;        at java.base@21.0.6/java.util.concurrent.locks.AbstractQueuedSynchronizer$ConditionObject.awaitNanos(AbstractQueuedSynchronizer.java:1763)&#10;        at java.base@21.0.6/java.util.concurrent.LinkedBlockingQueue.poll(LinkedBlockingQueue.java:460)&#10;        at app//org.apache.hadoop.ipc.CallQueueManager.take(CallQueueManager.java:370)&#10;        at app//org.apache.hadoop.ipc.Server$Handler.run(Server.java:3165)&#10;&quot;IPC Server handler 11 on default port 15000&quot; daemon prio=5 tid=129 timed_waiting&#10;java.lang.Thread.State: TIMED_WAITING&#10;        at java.base@21.0.6/jdk.internal.misc.Unsafe.park(Native Method)&#10;        at java.base@21.0.6/java.util.concurrent.locks.LockSupport.parkNanos(LockSupport.java:269)&#10;        at java.base@21.0.6/java.util.concurrent.locks.AbstractQueuedSynchronizer$ConditionObject.awaitNanos(AbstractQueuedSynchronizer.java:1763)&#10;        at java.base@21.0.6/java.util.concurrent.LinkedBlockingQueue.poll(LinkedBlockingQueue.java:460)&#10;        at app//org.apache.hadoop.ipc.CallQueueManager.take(CallQueueManager.java:370)&#10;        at app//org.apache.hadoop.ipc.Server$Handler.run(Server.java:3165)&#10;&quot;Socket Reader #2 for port 15000&quot;  prio=5 tid=89 runnable&#10;java.lang.Thread.State: RUNNABLE&#10;        at java.base@21.0.6/sun.nio.ch.EPoll.wait(Native Method)&#10;        at java.base@21.0.6/sun.nio.ch.EPollSelectorImpl.doSelect(EPollSelectorImpl.java:121)&#10;        at java.base@21.0.6/sun.nio.ch.SelectorImpl.lockAndDoSelect(SelectorImpl.java:130)&#10;        at java.base@21.0.6/sun.nio.ch.SelectorImpl.select(SelectorImpl.java:147)&#10;        at app//org.apache.hadoop.ipc.Server$Listener$Reader.doRunLoop(Server.java:1497)&#10;        at app//org.apache.hadoop.ipc.Server$Listener$Reader.run(Server.java:1476)&#10;&quot;IPC Server handler 9 on default port 15019&quot; daemon prio=5 tid=600 timed_waiting&#10;java.lang.Thread.State: TIMED_WAITING&#10;        at java.base@21.0.6/jdk.internal.misc.Unsafe.park(Native Method)&#10;        at java.base@21.0.6/java.util.concurrent.locks.LockSupport.parkNanos(LockSupport.java:269)&#10;        at java.base@21.0.6/java.util.concurrent.locks.AbstractQueuedSynchronizer$ConditionObject.awaitNanos(AbstractQueuedSynchronizer.java:1763)&#10;        at java.base@21.0.6/java.util.concurrent.LinkedBlockingQueue.poll(LinkedBlockingQueue.java:460)&#10;        at app//org.apache.hadoop.ipc.CallQueueManager.take(CallQueueManager.java:370)&#10;        at app//org.apache.hadoop.ipc.Server$Handler.run(Server.java:3165)&#10;&quot;IPC Server handler 6 on default port 15035&quot; daemon prio=5 tid=713 timed_waiting&#10;java.lang.Thread.State: TIMED_WAITING&#10;        at java.base@21.0.6/jdk.internal.misc.Unsafe.park(Native Method)&#10;        at java.base@21.0.6/java.util.concurrent.locks.LockSupport.parkNanos(LockSupport.java:269)&#10;        at java.base@21.0.6/java.util.concurrent.locks.AbstractQueuedSynchronizer$ConditionObject.awaitNanos(AbstractQueuedSynchronizer.java:1763)&#10;        at java.base@21.0.6/java.util.concurrent.LinkedBlockingQueue.poll(LinkedBlockingQueue.java:460)&#10;        at app//org.apache.hadoop.ipc.CallQueueManager.take(CallQueueManager.java:370)&#10;        at app//org.apache.hadoop.ipc.Server$Handler.run(Server.java:3165)&#10;&quot;IPC Server handler 39 on default port 15002&quot; daemon prio=5 tid=375 timed_waiting&#10;java.lang.Thread.State: TIMED_WAITING&#10;        at java.base@21.0.6/jdk.internal.misc.Unsafe.park(Native Method)&#10;        at java.base@21.0.6/java.util.concurrent.locks.LockSupport.parkNanos(LockSupport.java:269)&#10;        at java.base@21.0.6/java.util.concurrent.locks.AbstractQueuedSynchronizer$ConditionObject.awaitNanos(AbstractQueuedSynchronizer.java:1763)&#10;        at java.base@21.0.6/java.util.concurrent.LinkedBlockingQueue.poll(LinkedBlockingQueue.java:460)&#10;        at app//org.apache.hadoop.ipc.CallQueueManager.take(CallQueueManager.java:370)&#10;        at app//org.apache.hadoop.ipc.Server$Handler.run(Server.java:3165)&#10;&quot;grpc-default-worker-ELG-3-2&quot; daemon prio=5 tid=864 runnable&#10;java.lang.Thread.State: RUNNABLE&#10;        at app//org.apache.ratis.thirdparty.io.netty.channel.epoll.Native.epollWait0(Native Method)&#10;        at app//org.apache.ratis.thirdparty.io.netty.channel.epoll.Native.epollWait(Native.java:193)&#10;        at app//org.apache.ratis.thirdparty.io.netty.channel.epoll.EpollEventLoop.epollWait(EpollEventLoop.java:304)&#10;        at app//org.apache.ratis.thirdparty.io.netty.channel.epoll.EpollEventLoop.run(EpollEventLoop.java:368)&#10;        at app//org.apache.ratis.thirdparty.io.netty.util.concurrent.SingleThreadEventExecutor$4.run(SingleThreadEventExecutor.java:997)&#10;        at app//org.apache.ratis.thirdparty.io.netty.util.internal.ThreadExecutorMap$2.run(ThreadExecutorMap.java:74)&#10;        at app//org.apache.ratis.thirdparty.io.netty.util.concurrent.FastThreadLocalRunnable.run(FastThreadLocalRunnable.java:30)&#10;        at java.base@21.0.6/java.lang.Thread.runWith(Thread.java:1596)&#10;        at java.base@21.0.6/java.lang.Thread.run(Thread.java:1583)&#10;&quot;Socket Reader #6 for port 15027&quot;  prio=5 tid=629 runnable&#10;java.lang.Thread.State: RUNNABLE&#10;        at java.base@21.0.6/sun.nio.ch.EPoll.wait(Native Method)&#10;        at java.base@21.0.6/sun.nio.ch.EPollSelectorImpl.doSelect(EPollSelectorImpl.java:121)&#10;        at java.base@21.0.6/sun.nio.ch.SelectorImpl.lockAndDoSelect(SelectorImpl.java:130)&#10;        at java.base@21.0.6/sun.nio.ch.SelectorImpl.select(SelectorImpl.java:147)&#10;        at app//org.apache.hadoop.ipc.Server$Listener$Reader.doRunLoop(Server.java:1497)&#10;        at app//org.apache.hadoop.ipc.Server$Listener$Reader.run(Server.java:1476)&#10;&quot;IPC Server handler 9 on default port 15001&quot; daemon prio=5 tid=227 timed_waiting&#10;java.lang.Thread.State: TIMED_WAITING&#10;        at java.base@21.0.6/jdk.internal.misc.Unsafe.park(Native Method)&#10;        at java.base@21.0.6/java.util.concurrent.locks.LockSupport.parkNanos(LockSupport.java:269)&#10;        at java.base@21.0.6/java.util.concurrent.locks.AbstractQueuedSynchronizer$ConditionObject.awaitNanos(AbstractQueuedSynchronizer.java:1763)&#10;        at java.base@21.0.6/java.util.concurrent.LinkedBlockingQueue.poll(LinkedBlockingQueue.java:460)&#10;        at app//org.apache.hadoop.ipc.CallQueueManager.take(CallQueueManager.java:370)&#10;        at app//org.apache.hadoop.ipc.Server$Handler.run(Server.java:3165)&#10;&quot;IPC Server handler 28 on default port 15002&quot; daemon prio=5 tid=364 timed_waiting&#10;java.lang.Thread.State: TIMED_WAITING&#10;        at java.base@21.0.6/jdk.internal.misc.Unsafe.park(Native Method)&#10;        at java.base@21.0.6/java.util.concurrent.locks.LockSupport.parkNanos(LockSupport.java:269)&#10;        at java.base@21.0.6/java.util.concurrent.locks.AbstractQueuedSynchronizer$ConditionObject.awaitNanos(AbstractQueuedSynchronizer.java:1763)&#10;        at java.base@21.0.6/java.util.concurrent.LinkedBlockingQueue.poll(LinkedBlockingQueue.java:460)&#10;        at app//org.apache.hadoop.ipc.CallQueueManager.take(CallQueueManager.java:370)&#10;        at app//org.apache.hadoop.ipc.Server$Handler.run(Server.java:3165)&#10;&quot;IPC Server handler 53 on default port 15002&quot; daemon prio=5 tid=389 timed_waiting&#10;java.lang.Thread.State: TIMED_WAITING&#10;        at java.base@21.0.6/jdk.internal.misc.Unsafe.park(Native Method)&#10;        at java.base@21.0.6/java.util.concurrent.locks.LockSupport.parkNanos(LockSupport.java:269)&#10;        at java.base@21.0.6/java.util.concurrent.locks.AbstractQueuedSynchronizer$ConditionObject.awaitNanos(AbstractQueuedSynchronizer.java:1763)&#10;        at java.base@21.0.6/java.util.concurrent.LinkedBlockingQueue.poll(LinkedBlockingQueue.java:460)&#10;        at app//org.apache.hadoop.ipc.CallQueueManager.take(CallQueueManager.java:370)&#10;        at app//org.apache.hadoop.ipc.Server$Handler.run(Server.java:3165)&#10;&quot;IPC Server handler 92 on default port 15002&quot; daemon prio=5 tid=428 timed_waiting&#10;java.lang.Thread.State: TIMED_WAITING&#10;        at java.base@21.0.6/jdk.internal.misc.Unsafe.park(Native Method)&#10;        at java.base@21.0.6/java.util.concurrent.locks.LockSupport.parkNanos(LockSupport.java:269)&#10;        at java.base@21.0.6/java.util.concurrent.locks.AbstractQueuedSynchronizer$ConditionObject.awaitNanos(AbstractQueuedSynchronizer.java:1763)&#10;        at java.base@21.0.6/java.util.concurrent.LinkedBlockingQueue.poll(LinkedBlockingQueue.java:460)&#10;        at app//org.apache.hadoop.ipc.CallQueueManager.take(CallQueueManager.java:370)&#10;        at app//org.apache.hadoop.ipc.Server$Handler.run(Server.java:3165)&#10;&quot;Socket Reader #10 for port 15000&quot;  prio=5 tid=97 runnable&#10;java.lang.Thread.State: RUNNABLE&#10;        at java.base@21.0.6/sun.nio.ch.EPoll.wait(Native Method)&#10;        at java.base@21.0.6/sun.nio.ch.EPollSelectorImpl.doSelect(EPollSelectorImpl.java:121)&#10;        at java.base@21.0.6/sun.nio.ch.SelectorImpl.lockAndDoSelect(SelectorImpl.java:130)&#10;        at java.base@21.0.6/sun.nio.ch.SelectorImpl.select(SelectorImpl.java:147)&#10;        at app//org.apache.hadoop.ipc.Server$Listener$Reader.doRunLoop(Server.java:1497)&#10;        at app//org.apache.hadoop.ipc.Server$Listener$Reader.run(Server.java:1476)&#10;&quot;IPC Server idle connection scanner for port 15043&quot; daemon prio=5 tid=776 timed_waiting&#10;java.lang.Thread.State: TIMED_WAITING&#10;        at java.base@21.0.6/java.lang.Object.wait0(Native Method)&#10;        at java.base@21.0.6/java.lang.Object.wait(Object.java:366)&#10;        at java.base@21.0.6/java.util.TimerThread.mainLoop(Timer.java:563)&#10;        at java.base@21.0.6/java.util.TimerThread.run(Timer.java:516)&#10;&quot;a6bf55e3-38e4-411e-ac0b-5acdb6a35656-ChunkWriter-0-0&quot; daemon prio=5 tid=802 in Object.wait()&#10;java.lang.Thread.State: WAITING (on object monitor)&#10;        at java.base@21.0.6/jdk.internal.misc.Unsafe.park(Native Method)&#10;        at java.base@21.0.6/java.util.concurrent.locks.LockSupport.park(LockSupport.java:371)&#10;        at java.base@21.0.6/java.util.concurrent.locks.AbstractQueuedSynchronizer$ConditionNode.block(AbstractQueuedSynchronizer.java:519)&#10;        at java.base@21.0.6/java.util.concurrent.ForkJoinPool.unmanagedBlock(ForkJoinPool.java:3780)&#10;        at java.base@21.0.6/java.util.concurrent.ForkJoinPool.managedBlock(ForkJoinPool.java:3725)&#10;        at java.base@21.0.6/java.util.concurrent.locks.AbstractQueuedSynchronizer$ConditionObject.await(AbstractQueuedSynchronizer.java:1712)&#10;        at java.base@21.0.6/java.util.concurrent.LinkedBlockingDeque.takeFirst(LinkedBlockingDeque.java:485)&#10;        at java.base@21.0.6/java.util.concurrent.LinkedBlockingDeque.take(LinkedBlockingDeque.java:673)&#10;        at java.base@21.0.6/java.util.concurrent.ThreadPoolExecutor.getTask(ThreadPoolExecutor.java:1070)&#10;        at java.base@21.0.6/java.util.concurrent.ThreadPoolExecutor.runWorker(ThreadPoolExecutor.java:1130)&#10;        at java.base@21.0.6/java.util.concurrent.ThreadPoolExecutor$Worker.run(ThreadPoolExecutor.java:642)&#10;        at java.base@21.0.6/java.lang.Thread.runWith(Thread.java:1596)&#10;        at java.base@21.0.6/java.lang.Thread.run(Thread.java:1583)&#10;&quot;IPC Server handler 58 on default port 15000&quot; daemon prio=5 tid=176 timed_waiting&#10;java.lang.Thread.State: TIMED_WAITING&#10;        at java.base@21.0.6/jdk.internal.misc.Unsafe.park(Native Method)&#10;        at java.base@21.0.6/java.util.concurrent.locks.LockSupport.parkNanos(LockSupport.java:269)&#10;        at java.base@21.0.6/java.util.concurrent.locks.AbstractQueuedSynchronizer$ConditionObject.awaitNanos(AbstractQueuedSynchronizer.java:1763)&#10;        at java.base@21.0.6/java.util.concurrent.LinkedBlockingQueue.poll(LinkedBlockingQueue.java:460)&#10;        at app//org.apache.hadoop.ipc.CallQueueManager.take(CallQueueManager.java:370)&#10;        at app//org.apache.hadoop.ipc.Server$Handler.run(Server.java:3165)&#10;&quot;IPC Server handler 35 on default port 15001&quot; daemon prio=5 tid=253 timed_waiting&#10;java.lang.Thread.State: TIMED_WAITING&#10;        at java.base@21.0.6/jdk.internal.misc.Unsafe.park(Native Method)&#10;        at java.base@21.0.6/java.util.concurrent.locks.LockSupport.parkNanos(LockSupport.java:269)&#10;        at java.base@21.0.6/java.util.concurrent.locks.AbstractQueuedSynchronizer$ConditionObject.awaitNanos(AbstractQueuedSynchronizer.java:1763)&#10;        at java.base@21.0.6/java.util.concurrent.LinkedBlockingQueue.poll(LinkedBlockingQueue.java:460)&#10;        at app//org.apache.hadoop.ipc.CallQueueManager.take(CallQueueManager.java:370)&#10;        at app//org.apache.hadoop.ipc.Server$Handler.run(Server.java:3165)&#10;&quot;IPC Server handler 25 on default port 15002&quot; daemon prio=5 tid=361 timed_waiting&#10;java.lang.Thread.State: TIMED_WAITING&#10;        at java.base@21.0.6/jdk.internal.misc.Unsafe.park(Native Method)&#10;        at java.base@21.0.6/java.util.concurrent.locks.LockSupport.parkNanos(LockSupport.java:269)&#10;        at java.base@21.0.6/java.util.concurrent.locks.AbstractQueuedSynchronizer$ConditionObject.awaitNanos(AbstractQueuedSynchronizer.java:1763)&#10;        at java.base@21.0.6/java.util.concurrent.LinkedBlockingQueue.poll(LinkedBlockingQueue.java:460)&#10;        at app//org.apache.hadoop.ipc.CallQueueManager.take(CallQueueManager.java:370)&#10;        at app//org.apache.hadoop.ipc.Server$Handler.run(Server.java:3165)&#10;&quot;IPC Server handler 22 on default port 15002&quot; daemon prio=5 tid=358 timed_waiting&#10;java.lang.Thread.State: TIMED_WAITING&#10;        at java.base@21.0.6/jdk.internal.misc.Unsafe.park(Native Method)&#10;        at java.base@21.0.6/java.util.concurrent.locks.LockSupport.parkNanos(LockSupport.java:269)&#10;        at java.base@21.0.6/java.util.concurrent.locks.AbstractQueuedSynchronizer$ConditionObject.awaitNanos(AbstractQueuedSynchronizer.java:1763)&#10;        at java.base@21.0.6/java.util.concurrent.LinkedBlockingQueue.poll(LinkedBlockingQueue.java:460)&#10;        at app//org.apache.hadoop.ipc.CallQueueManager.take(CallQueueManager.java:370)&#10;        at app//org.apache.hadoop.ipc.Server$Handler.run(Server.java:3165)&#10;&quot;IPC Server handler 25 on default port 15001&quot; daemon prio=5 tid=243 timed_waiting&#10;java.lang.Thread.State: TIMED_WAITING&#10;        at java.base@21.0.6/jdk.internal.misc.Unsafe.park(Native Method)&#10;        at java.base@21.0.6/java.util.concurrent.locks.LockSupport.parkNanos(LockSupport.java:269)&#10;        at java.base@21.0.6/java.util.concurrent.locks.AbstractQueuedSynchronizer$ConditionObject.awaitNanos(AbstractQueuedSynchronizer.java:1763)&#10;        at java.base@21.0.6/java.util.concurrent.LinkedBlockingQueue.poll(LinkedBlockingQueue.java:460)&#10;        at app//org.apache.hadoop.ipc.CallQueueManager.take(CallQueueManager.java:370)&#10;        at app//org.apache.hadoop.ipc.Server$Handler.run(Server.java:3165)&#10;&quot;IPC Server handler 95 on default port 15000&quot; daemon prio=5 tid=213 timed_waiting&#10;java.lang.Thread.State: TIMED_WAITING&#10;        at java.base@21.0.6/jdk.internal.misc.Unsafe.park(Native Method)&#10;        at java.base@21.0.6/java.util.concurrent.locks.LockSupport.parkNanos(LockSupport.java:269)&#10;        at java.base@21.0.6/java.util.concurrent.locks.AbstractQueuedSynchronizer$ConditionObject.awaitNanos(AbstractQueuedSynchronizer.java:1763)&#10;        at java.base@21.0.6/java.util.concurrent.LinkedBlockingQueue.poll(LinkedBlockingQueue.java:460)&#10;        at app//org.apache.hadoop.ipc.CallQueueManager.take(CallQueueManager.java:370)&#10;        at app//org.apache.hadoop.ipc.Server$Handler.run(Server.java:3165)&#10;&quot;Socket Reader #10 for port 15006&quot;  prio=5 tid=457 runnable&#10;java.lang.Thread.State: RUNNABLE&#10;        at java.base@21.0.6/sun.nio.ch.EPoll.wait(Native Method)&#10;        at java.base@21.0.6/sun.nio.ch.EPollSelectorImpl.doSelect(EPollSelectorImpl.java:121)&#10;        at java.base@21.0.6/sun.nio.ch.SelectorImpl.lockAndDoSelect(SelectorImpl.java:130)&#10;        at java.base@21.0.6/sun.nio.ch.SelectorImpl.select(SelectorImpl.java:147)&#10;        at app//org.apache.hadoop.ipc.Server$Listener$Reader.doRunLoop(Server.java:1497)&#10;        at app//org.apache.hadoop.ipc.Server$Listener$Reader.run(Server.java:1476)&#10;&quot;ForkJoinPool.commonPool-worker-2&quot; daemon prio=5 tid=35 timed_waiting&#10;java.lang.Thread.State: TIMED_WAITING&#10;        at java.base@21.0.6/jdk.internal.misc.Unsafe.park(Native Method)&#10;        at java.base@21.0.6/java.util.concurrent.locks.LockSupport.parkUntil(LockSupport.java:449)&#10;        at java.base@21.0.6/java.util.concurrent.ForkJoinPool.awaitWork(ForkJoinPool.java:1891)&#10;        at java.base@21.0.6/java.util.concurrent.ForkJoinPool.runWorker(ForkJoinPool.java:1809)&#10;        at java.base@21.0.6/java.util.concurrent.ForkJoinWorkerThread.run(ForkJoinWorkerThread.java:188)&#10;&quot;IPC Server handler 41 on default port 15001&quot; daemon prio=5 tid=259 timed_waiting&#10;java.lang.Thread.State: TIMED_WAITING&#10;        at java.base@21.0.6/jdk.internal.misc.Unsafe.park(Native Method)&#10;        at java.base@21.0.6/java.util.concurrent.locks.LockSupport.parkNanos(LockSupport.java:269)&#10;        at java.base@21.0.6/java.util.concurrent.locks.AbstractQueuedSynchronizer$ConditionObject.awaitNanos(AbstractQueuedSynchronizer.java:1763)&#10;        at java.base@21.0.6/java.util.concurrent.LinkedBlockingQueue.poll(LinkedBlockingQueue.java:460)&#10;        at app//org.apache.hadoop.ipc.CallQueueManager.take(CallQueueManager.java:370)&#10;        at app//org.apache.hadoop.ipc.Server$Handler.run(Server.java:3165)&#10;&quot;grpc-default-executor-3&quot; daemon prio=5 tid=994 timed_waiting&#10;java.lang.Thread.State: TIMED_WAITING&#10;        at java.base@21.0.6/jdk.internal.misc.Unsafe.park(Native Method)&#10;        at java.base@21.0.6/java.util.concurrent.locks.LockSupport.parkNanos(LockSupport.java:410)&#10;        at java.base@21.0.6/java.util.concurrent.LinkedTransferQueue$DualNode.await(LinkedTransferQueue.java:452)&#10;        at java.base@21.0.6/java.util.concurrent.SynchronousQueue$Transferer.xferLifo(SynchronousQueue.java:194)&#10;        at java.base@21.0.6/java.util.concurrent.SynchronousQueue.xfer(SynchronousQueue.java:235)&#10;        at java.base@21.0.6/java.util.concurrent.SynchronousQueue.poll(SynchronousQueue.java:338)&#10;        at java.base@21.0.6/java.util.concurrent.ThreadPoolExecutor.getTask(ThreadPoolExecutor.java:1069)&#10;        at java.base@21.0.6/java.util.concurrent.ThreadPoolExecutor.runWorker(ThreadPoolExecutor.java:1130)&#10;        at java.base@21.0.6/java.util.concurrent.ThreadPoolExecutor$Worker.run(ThreadPoolExecutor.java:642)&#10;        at java.base@21.0.6/java.lang.Thread.runWith(Thread.java:1596)&#10;        at java.base@21.0.6/java.lang.Thread.run(Thread.java:1583)&#10;&quot;EventQueue-PipelineReportForOneReplicaPipelineSafeModeRule&quot; daemon prio=5 tid=762 in Object.wait()&#10;java.lang.Thread.State: WAITING (on object monitor)&#10;        at java.base@21.0.6/jdk.internal.misc.Unsafe.park(Native Method)&#10;        at java.base@21.0.6/java.util.concurrent.locks.LockSupport.park(LockSupport.java:371)&#10;        at java.base@21.0.6/java.util.concurrent.locks.AbstractQueuedSynchronizer$ConditionNode.block(AbstractQueuedSynchronizer.java:519)&#10;        at java.base@21.0.6/java.util.concurrent.ForkJoinPool.unmanagedBlock(ForkJoinPool.java:3780)&#10;        at java.base@21.0.6/java.util.concurrent.ForkJoinPool.managedBlock(ForkJoinPool.java:3725)&#10;        at java.base@21.0.6/java.util.concurrent.locks.AbstractQueuedSynchronizer$ConditionObject.await(AbstractQueuedSynchronizer.java:1712)&#10;        at java.base@21.0.6/java.util.concurrent.LinkedBlockingQueue.take(LinkedBlockingQueue.java:435)&#10;        at java.base@21.0.6/java.util.concurrent.ThreadPoolExecutor.getTask(ThreadPoolExecutor.java:1070)&#10;        at java.base@21.0.6/java.util.concurrent.ThreadPoolExecutor.runWorker(ThreadPoolExecutor.java:1130)&#10;        at java.base@21.0.6/java.util.concurrent.ThreadPoolExecutor$Worker.run(ThreadPoolExecutor.java:642)&#10;        at java.base@21.0.6/java.lang.Thread.runWith(Thread.java:1596)&#10;        at java.base@21.0.6/java.lang.Thread.run(Thread.java:1583)&#10;&quot;IPC Server handler 60 on default port 15000&quot; daemon prio=5 tid=178 timed_waiting&#10;java.lang.Thread.State: TIMED_WAITING&#10;        at java.base@21.0.6/jdk.internal.misc.Unsafe.park(Native Method)&#10;        at java.base@21.0.6/java.util.concurrent.locks.LockSupport.parkNanos(LockSupport.java:269)&#10;        at java.base@21.0.6/java.util.concurrent.locks.AbstractQueuedSynchronizer$ConditionObject.awaitNanos(AbstractQueuedSynchronizer.java:1763)&#10;        at java.base@21.0.6/java.util.concurrent.LinkedBlockingQueue.poll(LinkedBlockingQueue.java:460)&#10;        at app//org.apache.hadoop.ipc.CallQueueManager.take(CallQueueManager.java:370)&#10;        at app//org.apache.hadoop.ipc.Server$Handler.run(Server.java:3165)&#10;&quot;IPC Server idle connection scanner for port 15002&quot; daemon prio=5 tid=70 timed_waiting&#10;java.lang.Thread.State: TIMED_WAITING&#10;        at java.base@21.0.6/java.lang.Object.wait0(Native Method)&#10;        at java.base@21.0.6/java.lang.Object.wait(Object.java:366)&#10;        at java.base@21.0.6/java.util.TimerThread.mainLoop(Timer.java:563)&#10;        at java.base@21.0.6/java.util.TimerThread.run(Timer.java:516)&#10;&quot;IPC Server handler 24 on default port 15000&quot; daemon prio=5 tid=142 timed_waiting&#10;java.lang.Thread.State: TIMED_WAITING&#10;        at java.base@21.0.6/jdk.internal.misc.Unsafe.park(Native Method)&#10;        at java.base@21.0.6/java.util.concurrent.locks.LockSupport.parkNanos(LockSupport.java:269)&#10;        at java.base@21.0.6/java.util.concurrent.locks.AbstractQueuedSynchronizer$ConditionObject.awaitNanos(AbstractQueuedSynchronizer.java:1763)&#10;        at java.base@21.0.6/java.util.concurrent.LinkedBlockingQueue.poll(LinkedBlockingQueue.java:460)&#10;        at app//org.apache.hadoop.ipc.CallQueueManager.take(CallQueueManager.java:370)&#10;        at app//org.apache.hadoop.ipc.Server$Handler.run(Server.java:3165)&#10;&quot;IPC Server handler 98 on default port 15002&quot; daemon prio=5 tid=434 timed_waiting&#10;java.lang.Thread.State: TIMED_WAITING&#10;        at java.base@21.0.6/jdk.internal.misc.Unsafe.park(Native Method)&#10;        at java.base@21.0.6/java.util.concurrent.locks.LockSupport.parkNanos(LockSupport.java:269)&#10;        at java.base@21.0.6/java.util.concurrent.locks.AbstractQueuedSynchronizer$ConditionObject.awaitNanos(AbstractQueuedSynchronizer.java:1763)&#10;        at java.base@21.0.6/java.util.concurrent.LinkedBlockingQueue.poll(LinkedBlockingQueue.java:460)&#10;        at app//org.apache.hadoop.ipc.CallQueueManager.take(CallQueueManager.java:370)&#10;        at app//org.apache.hadoop.ipc.Server$Handler.run(Server.java:3165)&#10;&quot;org.apache.hadoop.ozone.container.common.statemachine.commandhandler.DeleteBlocksCommandHandler$DeleteCmdWorker@660b292c&quot; daemon prio=5 tid=664 timed_waiting&#10;java.lang.Thread.State: TIMED_WAITING&#10;        at java.base@21.0.6/java.lang.Thread.sleep0(Native Method)&#10;        at java.base@21.0.6/java.lang.Thread.sleep(Thread.java:509)&#10;        at app//org.apache.hadoop.ozone.container.common.statemachine.commandhandler.DeleteBlocksCommandHandler$DeleteCmdWorker.run(DeleteBlocksCommandHandler.java:255)&#10;        at java.base@21.0.6/java.lang.Thread.runWith(Thread.java:1596)&#10;        at java.base@21.0.6/java.lang.Thread.run(Thread.java:1583)&#10;&quot;IPC Server handler 66 on default port 15000&quot; daemon prio=5 tid=184 timed_waiting&#10;java.lang.Thread.State: TIMED_WAITING&#10;        at java.base@21.0.6/jdk.internal.misc.Unsafe.park(Native Method)&#10;        at java.base@21.0.6/java.util.concurrent.locks.LockSupport.parkNanos(LockSupport.java:269)&#10;        at java.base@21.0.6/java.util.concurrent.locks.AbstractQueuedSynchronizer$ConditionObject.awaitNanos(AbstractQueuedSynchronizer.java:1763)&#10;        at java.base@21.0.6/java.util.concurrent.LinkedBlockingQueue.poll(LinkedBlockingQueue.java:460)&#10;        at app//org.apache.hadoop.ipc.CallQueueManager.take(CallQueueManager.java:370)&#10;        at app//org.apache.hadoop.ipc.Server$Handler.run(Server.java:3165)&#10;&quot;IPC Server handler 89 on default port 15002&quot; daemon prio=5 tid=425 timed_waiting&#10;java.lang.Thread.State: TIMED_WAITING&#10;        at java.base@21.0.6/jdk.internal.misc.Unsafe.park(Native Method)&#10;        at java.base@21.0.6/java.util.concurrent.locks.LockSupport.parkNanos(LockSupport.java:269)&#10;        at java.base@21.0.6/java.util.concurrent.locks.AbstractQueuedSynchronizer$ConditionObject.awaitNanos(AbstractQueuedSynchronizer.java:1763)&#10;        at java.base@21.0.6/java.util.concurrent.LinkedBlockingQueue.poll(LinkedBlockingQueue.java:460)&#10;        at app//org.apache.hadoop.ipc.CallQueueManager.take(CallQueueManager.java:370)&#10;        at app//org.apache.hadoop.ipc.Server$Handler.run(Server.java:3165)&#10;&quot;IPC Server handler 81 on default port 15000&quot; daemon prio=5 tid=199 timed_waiting&#10;java.lang.Thread.State: TIMED_WAITING&#10;        at java.base@21.0.6/jdk.internal.misc.Unsafe.park(Native Method)&#10;        at java.base@21.0.6/java.util.concurrent.locks.LockSupport.parkNanos(LockSupport.java:269)&#10;        at java.base@21.0.6/java.util.concurrent.locks.AbstractQueuedSynchronizer$ConditionObject.awaitNanos(AbstractQueuedSynchronizer.java:1763)&#10;        at java.base@21.0.6/java.util.concurrent.LinkedBlockingQueue.poll(LinkedBlockingQueue.java:460)&#10;        at app//org.apache.hadoop.ipc.CallQueueManager.take(CallQueueManager.java:370)&#10;        at app//org.apache.hadoop.ipc.Server$Handler.run(Server.java:3165)&#10;&quot;IPC Server handler 6 on default port 15027&quot; daemon prio=5 tid=643 timed_waiting&#10;java.lang.Thread.State: TIMED_WAITING&#10;        at java.base@21.0.6/jdk.internal.misc.Unsafe.park(Native Method)&#10;        at java.base@21.0.6/java.util.concurrent.locks.LockSupport.parkNanos(LockSupport.java:269)&#10;        at java.base@21.0.6/java.util.concurrent.locks.AbstractQueuedSynchronizer$ConditionObject.awaitNanos(AbstractQueuedSynchronizer.java:1763)&#10;        at java.base@21.0.6/java.util.concurrent.LinkedBlockingQueue.poll(LinkedBlockingQueue.java:460)&#10;        at app//org.apache.hadoop.ipc.CallQueueManager.take(CallQueueManager.java:370)&#10;        at app//org.apache.hadoop.ipc.Server$Handler.run(Server.java:3165)&#10;&quot;LeaseManager#LeaseMonitor&quot; daemon prio=5 tid=319 timed_waiting&#10;java.lang.Thread.State: TIMED_WAITING&#10;        at java.base@21.0.6/jdk.internal.misc.Unsafe.park(Native Method)&#10;        at java.base@21.0.6/java.util.concurrent.locks.LockSupport.parkNanos(LockSupport.java:269)&#10;        at java.base@21.0.6/java.util.concurrent.locks.AbstractQueuedSynchronizer.acquire(AbstractQueuedSynchronizer.java:756)&#10;        at java.base@21.0.6/java.util.concurrent.locks.AbstractQueuedSynchronizer.tryAcquireSharedNanos(AbstractQueuedSynchronizer.java:1126)&#10;        at java.base@21.0.6/java.util.concurrent.Semaphore.tryAcquire(Semaphore.java:415)&#10;        at app//org.apache.hadoop.ozone.lease.LeaseManager$LeaseMonitor.run(LeaseManager.java:283)&#10;        at java.base@21.0.6/java.lang.Thread.runWith(Thread.java:1596)&#10;        at java.base@21.0.6/java.lang.Thread.run(Thread.java:1583)&#10;&quot;IPC Server handler 10 on default port 15000&quot; daemon prio=5 tid=128 timed_waiting&#10;java.lang.Thread.State: TIMED_WAITING&#10;        at java.base@21.0.6/jdk.internal.misc.Unsafe.park(Native Method)&#10;        at java.base@21.0.6/java.util.concurrent.locks.LockSupport.parkNanos(LockSupport.java:269)&#10;        at java.base@21.0.6/java.util.concurrent.locks.AbstractQueuedSynchronizer$ConditionObject.awaitNanos(AbstractQueuedSynchronizer.java:1763)&#10;        at java.base@21.0.6/java.util.concurrent.LinkedBlockingQueue.poll(LinkedBlockingQueue.java:460)&#10;        at app//org.apache.hadoop.ipc.CallQueueManager.take(CallQueueManager.java:370)&#10;        at app//org.apache.hadoop.ipc.Server$Handler.run(Server.java:3165)&#10;&quot;IPC Server handler 19 on default port 15001&quot; daemon prio=5 tid=237 timed_waiting&#10;java.lang.Thread.State: TIMED_WAITING&#10;        at java.base@21.0.6/jdk.internal.misc.Unsafe.park(Native Method)&#10;        at java.base@21.0.6/java.util.concurrent.locks.LockSupport.parkNanos(LockSupport.java:269)&#10;        at java.base@21.0.6/java.util.concurrent.locks.AbstractQueuedSynchronizer$ConditionObject.awaitNanos(AbstractQueuedSynchronizer.java:1763)&#10;        at java.base@21.0.6/java.util.concurrent.LinkedBlockingQueue.poll(LinkedBlockingQueue.java:460)&#10;        at app//org.apache.hadoop.ipc.CallQueueManager.take(CallQueueManager.java:370)&#10;        at app//org.apache.hadoop.ipc.Server$Handler.run(Server.java:3165)&#10;&quot;pool-36-thread-1&quot;  prio=5 tid=320 timed_waiting&#10;java.lang.Thread.State: TIMED_WAITING&#10;        at java.base@21.0.6/jdk.internal.misc.Unsafe.park(Native Method)&#10;        at java.base@21.0.6/java.util.concurrent.locks.LockSupport.parkNanos(LockSupport.java:269)&#10;        at java.base@21.0.6/java.util.concurrent.locks.AbstractQueuedSynchronizer$ConditionObject.awaitNanos(AbstractQueuedSynchronizer.java:1763)&#10;        at java.base@21.0.6/java.util.concurrent.ScheduledThreadPoolExecutor$DelayedWorkQueue.take(ScheduledThreadPoolExecutor.java:1182)&#10;        at java.base@21.0.6/java.util.concurrent.ScheduledThreadPoolExecutor$DelayedWorkQueue.take(ScheduledThreadPoolExecutor.java:899)&#10;        at java.base@21.0.6/java.util.concurrent.ThreadPoolExecutor.getTask(ThreadPoolExecutor.java:1070)&#10;        at java.base@21.0.6/java.util.concurrent.ThreadPoolExecutor.runWorker(ThreadPoolExecutor.java:1130)&#10;        at java.base@21.0.6/java.util.concurrent.ThreadPoolExecutor$Worker.run(ThreadPoolExecutor.java:642)&#10;        at java.base@21.0.6/java.lang.Thread.runWith(Thread.java:1596)&#10;        at java.base@21.0.6/java.lang.Thread.run(Thread.java:1583)&#10;&quot;IPC Server handler 27 on default port 15002&quot; daemon prio=5 tid=363 timed_waiting&#10;java.lang.Thread.State: TIMED_WAITING&#10;        at java.base@21.0.6/jdk.internal.misc.Unsafe.park(Native Method)&#10;        at java.base@21.0.6/java.util.concurrent.locks.LockSupport.parkNanos(LockSupport.java:269)&#10;        at java.base@21.0.6/java.util.concurrent.locks.AbstractQueuedSynchronizer$ConditionObject.awaitNanos(AbstractQueuedSynchronizer.java:1763)&#10;        at java.base@21.0.6/java.util.concurrent.LinkedBlockingQueue.poll(LinkedBlockingQueue.java:460)&#10;        at app//org.apache.hadoop.ipc.CallQueueManager.take(CallQueueManager.java:370)&#10;        at app//org.apache.hadoop.ipc.Server$Handler.run(Server.java:3165)&#10;&quot;IPC Server handler 26 on default port 15002&quot; daemon prio=5 tid=362 timed_waiting&#10;java.lang.Thread.State: TIMED_WAITING&#10;        at java.base@21.0.6/jdk.internal.misc.Unsafe.park(Native Method)&#10;        at java.base@21.0.6/java.util.concurrent.locks.LockSupport.parkNanos(LockSupport.java:269)&#10;        at java.base@21.0.6/java.util.concurrent.locks.AbstractQueuedSynchronizer$ConditionObject.awaitNanos(AbstractQueuedSynchronizer.java:1763)&#10;        at java.base@21.0.6/java.util.concurrent.LinkedBlockingQueue.poll(LinkedBlockingQueue.java:460)&#10;        at app//org.apache.hadoop.ipc.CallQueueManager.take(CallQueueManager.java:370)&#10;        at app//org.apache.hadoop.ipc.Server$Handler.run(Server.java:3165)&#10;&quot;Socket Reader #2 for port 15002&quot;  prio=5 tid=61 runnable&#10;java.lang.Thread.State: RUNNABLE&#10;        at java.base@21.0.6/sun.nio.ch.EPoll.wait(Native Method)&#10;        at java.base@21.0.6/sun.nio.ch.EPollSelectorImpl.doSelect(EPollSelectorImpl.java:121)&#10;        at java.base@21.0.6/sun.nio.ch.SelectorImpl.lockAndDoSelect(SelectorImpl.java:130)&#10;        at java.base@21.0.6/sun.nio.ch.SelectorImpl.select(SelectorImpl.java:147)&#10;        at app//org.apache.hadoop.ipc.Server$Listener$Reader.doRunLoop(Server.java:1497)&#10;        at app//org.apache.hadoop.ipc.Server$Listener$Reader.run(Server.java:1476)&#10;&quot;IPC Server handler 16 on default port 15001&quot; daemon prio=5 tid=234 timed_waiting&#10;java.lang.Thread.State: TIMED_WAITING&#10;        at java.base@21.0.6/jdk.internal.misc.Unsafe.park(Native Method)&#10;        at java.base@21.0.6/java.util.concurrent.locks.LockSupport.parkNanos(LockSupport.java:269)&#10;        at java.base@21.0.6/java.util.concurrent.locks.AbstractQueuedSynchronizer$ConditionObject.awaitNanos(AbstractQueuedSynchronizer.java:1763)&#10;        at java.base@21.0.6/java.util.concurrent.LinkedBlockingQueue.poll(LinkedBlockingQueue.java:460)&#10;        at app//org.apache.hadoop.ipc.CallQueueManager.take(CallQueueManager.java:370)&#10;        at app//org.apache.hadoop.ipc.Server$Handler.run(Server.java:3165)&#10;&quot;a6bf55e3-38e4-411e-ac0b-5acdb6a35656-DatanodeStateMachineTaskThread-0&quot;  prio=5 tid=654 in Object.wait()&#10;java.lang.Thread.State: WAITING (on object monitor)&#10;        at java.base@21.0.6/jdk.internal.misc.Unsafe.park(Native Method)&#10;        at java.base@21.0.6/java.util.concurrent.locks.LockSupport.park(LockSupport.java:371)&#10;        at java.base@21.0.6/java.util.concurrent.locks.AbstractQueuedSynchronizer$ConditionNode.block(AbstractQueuedSynchronizer.java:519)&#10;        at java.base@21.0.6/java.util.concurrent.ForkJoinPool.unmanagedBlock(ForkJoinPool.java:3780)&#10;        at java.base@21.0.6/java.util.concurrent.ForkJoinPool.managedBlock(ForkJoinPool.java:3725)&#10;        at java.base@21.0.6/java.util.concurrent.locks.AbstractQueuedSynchronizer$ConditionObject.await(AbstractQueuedSynchronizer.java:1712)&#10;        at java.base@21.0.6/java.util.concurrent.LinkedBlockingQueue.take(LinkedBlockingQueue.java:435)&#10;        at java.base@21.0.6/java.util.concurrent.ThreadPoolExecutor.getTask(ThreadPoolExecutor.java:1070)&#10;        at java.base@21.0.6/java.util.concurrent.ThreadPoolExecutor.runWorker(ThreadPoolExecutor.java:1130)&#10;        at java.base@21.0.6/java.util.concurrent.ThreadPoolExecutor$Worker.run(ThreadPoolExecutor.java:642)&#10;        at java.base@21.0.6/java.lang.Thread.runWith(Thread.java:1596)&#10;        at java.base@21.0.6/java.lang.Thread.run(Thread.java:1583)&#10;&quot;om1-DirectoryDeletingService#1&quot; daemon prio=5 tid=474 in Object.wait()&#10;java.lang.Thread.State: WAITING (on object monitor)&#10;        at java.base@21.0.6/jdk.internal.misc.Unsafe.park(Native Method)&#10;        at java.base@21.0.6/java.util.concurrent.locks.LockSupport.park(LockSupport.java:371)&#10;        at java.base@21.0.6/java.util.concurrent.locks.AbstractQueuedSynchronizer$ConditionNode.block(AbstractQueuedSynchronizer.java:519)&#10;        at java.base@21.0.6/java.util.concurrent.ForkJoinPool.unmanagedBlock(ForkJoinPool.java:3780)&#10;        at java.base@21.0.6/java.util.concurrent.ForkJoinPool.managedBlock(ForkJoinPool.java:3725)&#10;        at java.base@21.0.6/java.util.concurrent.locks.AbstractQueuedSynchronizer$ConditionObject.await(AbstractQueuedSynchronizer.java:1712)&#10;        at java.base@21.0.6/java.util.concurrent.ScheduledThreadPoolExecutor$DelayedWorkQueue.take(ScheduledThreadPoolExecutor.java:1170)&#10;        at java.base@21.0.6/java.util.concurrent.ScheduledThreadPoolExecutor$DelayedWorkQueue.take(ScheduledThreadPoolExecutor.java:899)&#10;        at java.base@21.0.6/java.util.concurrent.ThreadPoolExecutor.getTask(ThreadPoolExecutor.java:1070)&#10;        at java.base@21.0.6/java.util.concurrent.ThreadPoolExecutor.runWorker(ThreadPoolExecutor.java:1130)&#10;        at java.base@21.0.6/java.util.concurrent.ThreadPoolExecutor$Worker.run(ThreadPoolExecutor.java:642)&#10;        at java.base@21.0.6/java.lang.Thread.runWith(Thread.java:1596)&#10;        at java.base@21.0.6/java.lang.Thread.run(Thread.java:1583)&#10;&quot;IPC Server handler 14 on default port 15000&quot; daemon prio=5 tid=132 timed_waiting&#10;java.lang.Thread.State: TIMED_WAITING&#10;        at java.base@21.0.6/jdk.internal.misc.Unsafe.park(Native Method)&#10;        at java.base@21.0.6/java.util.concurrent.locks.LockSupport.parkNanos(LockSupport.java:269)&#10;        at java.base@21.0.6/java.util.concurrent.locks.AbstractQueuedSynchronizer$ConditionObject.awaitNanos(AbstractQueuedSynchronizer.java:1763)&#10;        at java.base@21.0.6/java.util.concurrent.LinkedBlockingQueue.poll(LinkedBlockingQueue.java:460)&#10;        at app//org.apache.hadoop.ipc.CallQueueManager.take(CallQueueManager.java:370)&#10;        at app//org.apache.hadoop.ipc.Server$Handler.run(Server.java:3165)&#10;&quot;IPC Server handler 83 on default port 15001&quot; daemon prio=5 tid=301 timed_waiting&#10;java.lang.Thread.State: TIMED_WAITING&#10;        at java.base@21.0.6/jdk.internal.misc.Unsafe.park(Native Method)&#10;        at java.base@21.0.6/java.util.concurrent.locks.LockSupport.parkNanos(LockSupport.java:269)&#10;        at java.base@21.0.6/java.util.concurrent.locks.AbstractQueuedSynchronizer$ConditionObject.awaitNanos(AbstractQueuedSynchronizer.java:1763)&#10;        at java.base@21.0.6/java.util.concurrent.LinkedBlockingQueue.poll(LinkedBlockingQueue.java:460)&#10;        at app//org.apache.hadoop.ipc.CallQueueManager.take(CallQueueManager.java:370)&#10;        at app//org.apache.hadoop.ipc.Server$Handler.run(Server.java:3165)&#10;&quot;IPC Server handler 79 on default port 15002&quot; daemon prio=5 tid=415 timed_waiting&#10;java.lang.Thread.State: TIMED_WAITING&#10;        at java.base@21.0.6/jdk.internal.misc.Unsafe.park(Native Method)&#10;        at java.base@21.0.6/java.util.concurrent.locks.LockSupport.parkNanos(LockSupport.java:269)&#10;        at java.base@21.0.6/java.util.concurrent.locks.AbstractQueuedSynchronizer$ConditionObject.awaitNanos(AbstractQueuedSynchronizer.java:1763)&#10;        at java.base@21.0.6/java.util.concurrent.LinkedBlockingQueue.poll(LinkedBlockingQueue.java:460)&#10;        at app//org.apache.hadoop.ipc.CallQueueManager.take(CallQueueManager.java:370)&#10;        at app//org.apache.hadoop.ipc.Server$Handler.run(Server.java:3165)&#10;&quot;EventQueue-DeadNodeForDeadNodeHandler&quot; daemon prio=5 tid=1035 in Object.wait()&#10;java.lang.Thread.State: WAITING (on object monitor)&#10;        at java.base@21.0.6/jdk.internal.misc.Unsafe.park(Native Method)&#10;        at java.base@21.0.6/java.util.concurrent.locks.LockSupport.park(LockSupport.java:371)&#10;        at java.base@21.0.6/java.util.concurrent.locks.AbstractQueuedSynchronizer$ConditionNode.block(AbstractQueuedSynchronizer.java:519)&#10;        at java.base@21.0.6/java.util.concurrent.ForkJoinPool.unmanagedBlock(ForkJoinPool.java:3780)&#10;        at java.base@21.0.6/java.util.concurrent.ForkJoinPool.managedBlock(ForkJoinPool.java:3725)&#10;        at java.base@21.0.6/java.util.concurrent.locks.AbstractQueuedSynchronizer$ConditionObject.await(AbstractQueuedSynchronizer.java:1712)&#10;        at java.base@21.0.6/java.util.concurrent.LinkedBlockingQueue.take(LinkedBlockingQueue.java:435)&#10;        at java.base@21.0.6/java.util.concurrent.ThreadPoolExecutor.getTask(ThreadPoolExecutor.java:1070)&#10;        at java.base@21.0.6/java.util.concurrent.ThreadPoolExecutor.runWorker(ThreadPoolExecutor.java:1130)&#10;        at java.base@21.0.6/java.util.concurrent.ThreadPoolExecutor$Worker.run(ThreadPoolExecutor.java:642)&#10;        at java.base@21.0.6/java.lang.Thread.runWith(Thread.java:1596)&#10;        at java.base@21.0.6/java.lang.Thread.run(Thread.java:1583)&#10;&quot;IPC Server handler 61 on default port 15000&quot; daemon prio=5 tid=179 timed_waiting&#10;java.lang.Thread.State: TIMED_WAITING&#10;        at java.base@21.0.6/jdk.internal.misc.Unsafe.park(Native Method)&#10;        at java.base@21.0.6/java.util.concurrent.locks.LockSupport.parkNanos(LockSupport.java:269)&#10;        at java.base@21.0.6/java.util.concurrent.locks.AbstractQueuedSynchronizer$ConditionObject.awaitNanos(AbstractQueuedSynchronizer.java:1763)&#10;        at java.base@21.0.6/java.util.concurrent.LinkedBlockingQueue.poll(LinkedBlockingQueue.java:460)&#10;        at app//org.apache.hadoop.ipc.CallQueueManager.take(CallQueueManager.java:370)&#10;        at app//org.apache.hadoop.ipc.Server$Handler.run(Server.java:3165)&#10;&quot;Socket Reader #6 for port 15006&quot;  prio=5 tid=453 runnable&#10;java.lang.Thread.State: RUNNABLE&#10;        at java.base@21.0.6/sun.nio.ch.EPoll.wait(Native Method)&#10;        at java.base@21.0.6/sun.nio.ch.EPollSelectorImpl.doSelect(EPollSelectorImpl.java:121)&#10;        at java.base@21.0.6/sun.nio.ch.SelectorImpl.lockAndDoSelect(SelectorImpl.java:130)&#10;        at java.base@21.0.6/sun.nio.ch.SelectorImpl.select(SelectorImpl.java:147)&#10;        at app//org.apache.hadoop.ipc.Server$Listener$Reader.doRunLoop(Server.java:1497)&#10;        at app//org.apache.hadoop.ipc.Server$Listener$Reader.run(Server.java:1476)&#10;&quot;a6bf55e3-38e4-411e-ac0b-5acdb6a35656-CommandProcessorThread&quot; daemon prio=5 tid=653 timed_waiting&#10;java.lang.Thread.State: TIMED_WAITING&#10;        at java.base@21.0.6/java.lang.Thread.sleep0(Native Method)&#10;        at java.base@21.0.6/java.lang.Thread.sleep(Thread.java:509)&#10;        at app//org.apache.hadoop.ozone.container.common.statemachine.DatanodeStateMachine.lambda$initCommandHandlerThread$4(DatanodeStateMachine.java:673)&#10;        at app//org.apache.hadoop.ozone.container.common.statemachine.DatanodeStateMachine$$Lambda/0x00007fd0ac80cc70.run(Unknown Source)&#10;        at java.base@21.0.6/java.lang.Thread.runWith(Thread.java:1596)&#10;        at java.base@21.0.6/java.lang.Thread.run(Thread.java:1583)&#10;&quot;qtp2117639382-490&quot; daemon prio=5 tid=490 timed_waiting&#10;java.lang.Thread.State: TIMED_WAITING&#10;        at java.base@21.0.6/jdk.internal.misc.Unsafe.park(Native Method)&#10;        at java.base@21.0.6/java.util.concurrent.locks.LockSupport.parkNanos(LockSupport.java:269)&#10;        at java.base@21.0.6/java.util.concurrent.locks.AbstractQueuedSynchronizer$ConditionObject.awaitNanos(AbstractQueuedSynchronizer.java:1763)&#10;        at app//org.eclipse.jetty.util.BlockingArrayQueue.poll(BlockingArrayQueue.java:382)&#10;        at app//org.eclipse.jetty.util.thread.QueuedThreadPool$Runner.idleJobPoll(QueuedThreadPool.java:974)&#10;        at app//org.eclipse.jetty.util.thread.QueuedThreadPool$Runner.run(QueuedThreadPool.java:1018)&#10;        at java.base@21.0.6/java.lang.Thread.runWith(Thread.java:1596)&#10;        at java.base@21.0.6/java.lang.Thread.run(Thread.java:1583)&#10;&quot;Socket Reader #1 for port 15043&quot;  prio=5 tid=766 runnable&#10;java.lang.Thread.State: RUNNABLE&#10;        at java.base@21.0.6/sun.nio.ch.EPoll.wait(Native Method)&#10;        at java.base@21.0.6/sun.nio.ch.EPollSelectorImpl.doSelect(EPollSelectorImpl.java:121)&#10;        at java.base@21.0.6/sun.nio.ch.SelectorImpl.lockAndDoSelect(SelectorImpl.java:130)&#10;        at java.base@21.0.6/sun.nio.ch.SelectorImpl.select(SelectorImpl.java:147)&#10;        at app//org.apache.hadoop.ipc.Server$Listener$Reader.doRunLoop(Server.java:1497)&#10;        at app//org.apache.hadoop.ipc.Server$Listener$Reader.run(Server.java:1476)&#10;&quot;Session-HouseKeeper-2793f84c-1&quot;  prio=5 tid=674 timed_waiting&#10;java.lang.Thread.State: TIMED_WAITING&#10;        at java.base@21.0.6/jdk.internal.misc.Unsafe.park(Native Method)&#10;        at java.base@21.0.6/java.util.concurrent.locks.LockSupport.parkNanos(LockSupport.java:269)&#10;        at java.base@21.0.6/java.util.concurrent.locks.AbstractQueuedSynchronizer$ConditionObject.awaitNanos(AbstractQueuedSynchronizer.java:1763)&#10;        at java.base@21.0.6/java.util.concurrent.ScheduledThreadPoolExecutor$DelayedWorkQueue.take(ScheduledThreadPoolExecutor.java:1182)&#10;        at java.base@21.0.6/java.util.concurrent.ScheduledThreadPoolExecutor$DelayedWorkQueue.take(ScheduledThreadPoolExecutor.java:899)&#10;        at java.base@21.0.6/java.util.concurrent.ThreadPoolExecutor.getTask(ThreadPoolExecutor.java:1070)&#10;        at java.base@21.0.6/java.util.concurrent.ThreadPoolExecutor.runWorker(ThreadPoolExecutor.java:1130)&#10;        at java.base@21.0.6/java.util.concurrent.ThreadPoolExecutor$Worker.run(ThreadPoolExecutor.java:642)&#10;        at java.base@21.0.6/java.lang.Thread.runWith(Thread.java:1596)&#10;        at java.base@21.0.6/java.lang.Thread.run(Thread.java:1583)&#10;&quot;IPC Server handler 59 on default port 15000&quot; daemon prio=5 tid=177 timed_waiting&#10;java.lang.Thread.State: TIMED_WAITING&#10;        at java.base@21.0.6/jdk.internal.misc.Unsafe.park(Native Method)&#10;        at java.base@21.0.6/java.util.concurrent.locks.LockSupport.parkNanos(LockSupport.java:269)&#10;        at java.base@21.0.6/java.util.concurrent.locks.AbstractQueuedSynchronizer$ConditionObject.awaitNanos(AbstractQueuedSynchronizer.java:1763)&#10;        at java.base@21.0.6/java.util.concurrent.LinkedBlockingQueue.poll(LinkedBlockingQueue.java:460)&#10;        at app//org.apache.hadoop.ipc.CallQueueManager.take(CallQueueManager.java:370)&#10;        at app//org.apache.hadoop.ipc.Server$Handler.run(Server.java:3165)&#10;&quot;IPC Server handler 5 on default port 15001&quot; daemon prio=5 tid=223 timed_waiting&#10;java.lang.Thread.State: TIMED_WAITING&#10;        at java.base@21.0.6/jdk.internal.misc.Unsafe.park(Native Method)&#10;        at java.base@21.0.6/java.util.concurrent.locks.LockSupport.parkNanos(LockSupport.java:269)&#10;        at java.base@21.0.6/java.util.concurrent.locks.AbstractQueuedSynchronizer$ConditionObject.awaitNanos(AbstractQueuedSynchronizer.java:1763)&#10;        at java.base@21.0.6/java.util.concurrent.LinkedBlockingQueue.poll(LinkedBlockingQueue.java:460)&#10;        at app//org.apache.hadoop.ipc.CallQueueManager.take(CallQueueManager.java:370)&#10;        at app//org.apache.hadoop.ipc.Server$Handler.run(Server.java:3165)&#10;&quot;Socket Reader #4 for port 15002&quot;  prio=5 tid=63 runnable&#10;java.lang.Thread.State: RUNNABLE&#10;        at java.base@21.0.6/sun.nio.ch.EPoll.wait(Native Method)&#10;        at java.base@21.0.6/sun.nio.ch.EPollSelectorImpl.doSelect(EPollSelectorImpl.java:121)&#10;        at java.base@21.0.6/sun.nio.ch.SelectorImpl.lockAndDoSelect(SelectorImpl.java:130)&#10;        at java.base@21.0.6/sun.nio.ch.SelectorImpl.select(SelectorImpl.java:147)&#10;        at app//org.apache.hadoop.ipc.Server$Listener$Reader.doRunLoop(Server.java:1497)&#10;        at app//org.apache.hadoop.ipc.Server$Listener$Reader.run(Server.java:1476)&#10;&quot;IPC Server idle connection scanner for port 15006&quot; daemon prio=5 tid=458 timed_waiting&#10;java.lang.Thread.State: TIMED_WAITING&#10;        at java.base@21.0.6/java.lang.Object.wait0(Native Method)&#10;        at java.base@21.0.6/java.lang.Object.wait(Object.java:366)&#10;        at java.base@21.0.6/java.util.TimerThread.mainLoop(Timer.java:563)&#10;        at java.base@21.0.6/java.util.TimerThread.run(Timer.java:516)&#10;&quot;IPC Server handler 27 on default port 15000&quot; daemon prio=5 tid=145 timed_waiting&#10;java.lang.Thread.State: TIMED_WAITING&#10;        at java.base@21.0.6/jdk.internal.misc.Unsafe.park(Native Method)&#10;        at java.base@21.0.6/java.util.concurrent.locks.LockSupport.parkNanos(LockSupport.java:269)&#10;        at java.base@21.0.6/java.util.concurrent.locks.AbstractQueuedSynchronizer$ConditionObject.awaitNanos(AbstractQueuedSynchronizer.java:1763)&#10;        at java.base@21.0.6/java.util.concurrent.LinkedBlockingQueue.poll(LinkedBlockingQueue.java:460)&#10;        at app//org.apache.hadoop.ipc.CallQueueManager.take(CallQueueManager.java:370)&#10;        at app//org.apache.hadoop.ipc.Server$Handler.run(Server.java:3165)&#10;&quot;4a3059aa-ae89-4e47-8f1e-08d61ab31d43-ChunkReader-ELG-0&quot; daemon prio=5 tid=846 runnable&#10;java.lang.Thread.State: RUNNABLE&#10;        at app//org.apache.ratis.thirdparty.io.netty.channel.epoll.Native.epollWait(Native Method)&#10;        at app//org.apache.ratis.thirdparty.io.netty.channel.epoll.Native.epollWait(Native.java:220)&#10;        at app//org.apache.ratis.thirdparty.io.netty.channel.epoll.Native.epollWait(Native.java:213)&#10;        at app//org.apache.ratis.thirdparty.io.netty.channel.epoll.EpollEventLoop.epollWaitNoTimerChange(EpollEventLoop.java:308)&#10;        at app//org.apache.ratis.thirdparty.io.netty.channel.epoll.EpollEventLoop.run(EpollEventLoop.java:365)&#10;        at app//org.apache.ratis.thirdparty.io.netty.util.concurrent.SingleThreadEventExecutor$4.run(SingleThreadEventExecutor.java:997)&#10;        at app//org.apache.ratis.thirdparty.io.netty.util.internal.ThreadExecutorMap$2.run(ThreadExecutorMap.java:74)&#10;        at java.base@21.0.6/java.lang.Thread.runWith(Thread.java:1596)&#10;        at java.base@21.0.6/java.lang.Thread.run(Thread.java:1583)&#10;&quot;IPC Server idle connection scanner for port 15000&quot; daemon prio=5 tid=98 timed_waiting&#10;java.lang.Thread.State: TIMED_WAITING&#10;        at java.base@21.0.6/java.lang.Object.wait0(Native Method)&#10;        at java.base@21.0.6/java.lang.Object.wait(Object.java:366)&#10;        at java.base@21.0.6/java.util.TimerThread.mainLoop(Timer.java:563)&#10;        at java.base@21.0.6/java.util.TimerThread.run(Timer.java:516)&#10;&quot;IPC Server handler 91 on default port 15000&quot; daemon prio=5 tid=209 timed_waiting&#10;java.lang.Thread.State: TIMED_WAITING&#10;        at java.base@21.0.6/jdk.internal.misc.Unsafe.park(Native Method)&#10;        at java.base@21.0.6/java.util.concurrent.locks.LockSupport.parkNanos(LockSupport.java:269)&#10;        at java.base@21.0.6/java.util.concurrent.locks.AbstractQueuedSynchronizer$ConditionObject.awaitNanos(AbstractQueuedSynchronizer.java:1763)&#10;        at java.base@21.0.6/java.util.concurrent.LinkedBlockingQueue.poll(LinkedBlockingQueue.java:460)&#10;        at app//org.apache.hadoop.ipc.CallQueueManager.take(CallQueueManager.java:370)&#10;        at app//org.apache.hadoop.ipc.Server$Handler.run(Server.java:3165)&#10;&quot;qtp596278845-326&quot; daemon prio=5 tid=326 timed_waiting&#10;java.lang.Thread.State: TIMED_WAITING&#10;        at java.base@21.0.6/jdk.internal.misc.Unsafe.park(Native Method)&#10;        at java.base@21.0.6/java.util.concurrent.locks.LockSupport.parkNanos(LockSupport.java:269)&#10;        at java.base@21.0.6/java.util.concurrent.locks.AbstractQueuedSynchronizer$ConditionObject.awaitNanos(AbstractQueuedSynchronizer.java:1763)&#10;        at app//org.eclipse.jetty.util.BlockingArrayQueue.poll(BlockingArrayQueue.java:382)&#10;        at app//org.eclipse.jetty.util.thread.QueuedThreadPool$Runner.idleJobPoll(QueuedThreadPool.java:974)&#10;        at app//org.eclipse.jetty.util.thread.QueuedThreadPool$Runner.run(QueuedThreadPool.java:1018)&#10;        at java.base@21.0.6/java.lang.Thread.runWith(Thread.java:1596)&#10;        at java.base@21.0.6/java.lang.Thread.run(Thread.java:1583)&#10;&quot;IPC Server handler 8 on default port 15006&quot; daemon prio=5 tid=503 timed_waiting&#10;java.lang.Thread.State: TIMED_WAITING&#10;        at java.base@21.0.6/jdk.internal.misc.Unsafe.park(Native Method)&#10;        at java.base@21.0.6/java.util.concurrent.locks.LockSupport.parkNanos(LockSupport.java:269)&#10;        at java.base@21.0.6/java.util.concurrent.locks.AbstractQueuedSynchronizer$ConditionObject.awaitNanos(AbstractQueuedSynchronizer.java:1763)&#10;        at java.base@21.0.6/java.util.concurrent.LinkedBlockingQueue.poll(LinkedBlockingQueue.java:460)&#10;        at app//org.apache.hadoop.ipc.CallQueueManager.take(CallQueueManager.java:370)&#10;        at app//org.apache.hadoop.ipc.Server$Handler.run(Server.java:3165)&#10;&quot;IPC Server listener on 15019&quot; daemon prio=5 tid=577 runnable&#10;java.lang.Thread.State: RUNNABLE&#10;        at java.base@21.0.6/sun.nio.ch.EPoll.wait(Native Method)&#10;        at java.base@21.0.6/sun.nio.ch.EPollSelectorImpl.doSelect(EPollSelectorImpl.java:121)&#10;        at java.base@21.0.6/sun.nio.ch.SelectorImpl.lockAndDoSelect(SelectorImpl.java:130)&#10;        at java.base@21.0.6/sun.nio.ch.SelectorImpl.select(SelectorImpl.java:147)&#10;        at app//org.apache.hadoop.ipc.Server$Listener.run(Server.java:1559)&#10;&quot;pool-113-thread-1&quot;  prio=5 tid=567 timed_waiting&#10;java.lang.Thread.State: TIMED_WAITING&#10;        at java.base@21.0.6/jdk.internal.misc.Unsafe.park(Native Method)&#10;        at java.base@21.0.6/java.util.concurrent.locks.LockSupport.parkNanos(LockSupport.java:269)&#10;        at java.base@21.0.6/java.util.concurrent.locks.AbstractQueuedSynchronizer$ConditionObject.awaitNanos(AbstractQueuedSynchronizer.java:1763)&#10;        at java.base@21.0.6/java.util.concurrent.ScheduledThreadPoolExecutor$DelayedWorkQueue.take(ScheduledThreadPoolExecutor.java:1182)&#10;        at java.base@21.0.6/java.util.concurrent.ScheduledThreadPoolExecutor$DelayedWorkQueue.take(ScheduledThreadPoolExecutor.java:899)&#10;        at java.base@21.0.6/java.util.concurrent.ThreadPoolExecutor.getTask(ThreadPoolExecutor.java:1070)&#10;        at java.base@21.0.6/java.util.concurrent.ThreadPoolExecutor.runWorker(ThreadPoolExecutor.java:1130)&#10;        at java.base@21.0.6/java.util.concurrent.ThreadPoolExecutor$Worker.run(ThreadPoolExecutor.java:642)&#10;        at java.base@21.0.6/java.lang.Thread.runWith(Thread.java:1596)&#10;        at java.base@21.0.6/java.lang.Thread.run(Thread.java:1583)&#10;&quot;IPC Server handler 46 on default port 15000&quot; daemon prio=5 tid=164 timed_waiting&#10;java.lang.Thread.State: TIMED_WAITING&#10;        at java.base@21.0.6/jdk.internal.misc.Unsafe.park(Native Method)&#10;        at java.base@21.0.6/java.util.concurrent.locks.LockSupport.parkNanos(LockSupport.java:269)&#10;        at java.base@21.0.6/java.util.concurrent.locks.AbstractQueuedSynchronizer$ConditionObject.awaitNanos(AbstractQueuedSynchronizer.java:1763)&#10;        at java.base@21.0.6/java.util.concurrent.LinkedBlockingQueue.poll(LinkedBlockingQueue.java:460)&#10;        at app//org.apache.hadoop.ipc.CallQueueManager.take(CallQueueManager.java:370)&#10;        at app//org.apache.hadoop.ipc.Server$Handler.run(Server.java:3165)&#10;&quot;qtp2005400801-614&quot; daemon prio=5 tid=614 runnable&#10;java.lang.Thread.State: RUNNABLE&#10;        at java.base@21.0.6/sun.nio.ch.EPoll.wait(Native Method)&#10;        at java.base@21.0.6/sun.nio.ch.EPollSelectorImpl.doSelect(EPollSelectorImpl.java:121)&#10;        at java.base@21.0.6/sun.nio.ch.SelectorImpl.lockAndDoSelect(SelectorImpl.java:130)&#10;        at java.base@21.0.6/sun.nio.ch.SelectorImpl.select(SelectorImpl.java:147)&#10;        at app//org.eclipse.jetty.io.ManagedSelector.nioSelect(ManagedSelector.java:183)&#10;        at app//org.eclipse.jetty.io.ManagedSelector.select(ManagedSelector.java:190)&#10;        at app//org.eclipse.jetty.io.ManagedSelector$SelectorProducer.select(ManagedSelector.java:606)&#10;        at app//org.eclipse.jetty.io.ManagedSelector$SelectorProducer.produce(ManagedSelector.java:543)&#10;        at app//org.eclipse.jetty.util.thread.strategy.EatWhatYouKill.produceTask(EatWhatYouKill.java:362)&#10;        at app//org.eclipse.jetty.util.thread.strategy.EatWhatYouKill.doProduce(EatWhatYouKill.java:186)&#10;        at app//org.eclipse.jetty.util.thread.strategy.EatWhatYouKill.tryProduce(EatWhatYouKill.java:173)&#10;        at app//org.eclipse.jetty.util.thread.strategy.EatWhatYouKill.produce(EatWhatYouKill.java:137)&#10;        at app//org.eclipse.jetty.io.ManagedSelector$$Lambda/0x00007fd0ac690720.run(Unknown Source)&#10;        at app//org.eclipse.jetty.util.thread.QueuedThreadPool.runJob(QueuedThreadPool.java:883)&#10;        at app//org.eclipse.jetty.util.thread.QueuedThreadPool$Runner.run(QueuedThreadPool.java:1034)&#10;        at java.base@21.0.6/java.lang.Thread.runWith(Thread.java:1596)&#10;        at java.base@21.0.6/java.lang.Thread.run(Thread.java:1583)&#10;&quot;IPC Server handler 56 on default port 15000&quot; daemon prio=5 tid=174 timed_waiting&#10;java.lang.Thread.State: TIMED_WAITING&#10;        at java.base@21.0.6/jdk.internal.misc.Unsafe.park(Native Method)&#10;        at java.base@21.0.6/java.util.concurrent.locks.LockSupport.parkNanos(LockSupport.java:269)&#10;        at java.base@21.0.6/java.util.concurrent.locks.AbstractQueuedSynchronizer$ConditionObject.awaitNanos(AbstractQueuedSynchronizer.java:1763)&#10;        at java.base@21.0.6/java.util.concurrent.LinkedBlockingQueue.poll(LinkedBlockingQueue.java:460)&#10;        at app//org.apache.hadoop.ipc.CallQueueManager.take(CallQueueManager.java:370)&#10;        at app//org.apache.hadoop.ipc.Server$Handler.run(Server.java:3165)&#10;&quot;IPC Server handler 33 on default port 15000&quot; daemon prio=5 tid=151 timed_waiting&#10;java.lang.Thread.State: TIMED_WAITING&#10;        at java.base@21.0.6/jdk.internal.misc.Unsafe.park(Native Method)&#10;        at java.base@21.0.6/java.util.concurrent.locks.LockSupport.parkNanos(LockSupport.java:269)&#10;        at java.base@21.0.6/java.util.concurrent.locks.AbstractQueuedSynchronizer$ConditionObject.awaitNanos(AbstractQueuedSynchronizer.java:1763)&#10;        at java.base@21.0.6/java.util.concurrent.LinkedBlockingQueue.poll(LinkedBlockingQueue.java:460)&#10;        at app//org.apache.hadoop.ipc.CallQueueManager.take(CallQueueManager.java:370)&#10;        at app//org.apache.hadoop.ipc.Server$Handler.run(Server.java:3165)&#10;&quot;qtp596278845-328&quot; daemon prio=5 tid=328 timed_waiting&#10;java.lang.Thread.State: TIMED_WAITING&#10;        at java.base@21.0.6/jdk.internal.misc.Unsafe.park(Native Method)&#10;        at java.base@21.0.6/java.util.concurrent.locks.LockSupport.parkNanos(LockSupport.java:269)&#10;        at java.base@21.0.6/java.util.concurrent.locks.AbstractQueuedSynchronizer$ConditionObject.awaitNanos(AbstractQueuedSynchronizer.java:1763)&#10;        at app//org.eclipse.jetty.util.BlockingArrayQueue.poll(BlockingArrayQueue.java:382)&#10;        at app//org.eclipse.jetty.util.thread.QueuedThreadPool$Runner.idleJobPoll(QueuedThreadPool.java:974)&#10;        at app//org.eclipse.jetty.util.thread.QueuedThreadPool$Runner.run(QueuedThreadPool.java:1018)&#10;        at java.base@21.0.6/java.lang.Thread.runWith(Thread.java:1596)&#10;        at java.base@21.0.6/java.lang.Thread.run(Thread.java:1583)&#10;&quot;grpc-default-executor-4&quot; daemon prio=5 tid=1037 timed_waiting&#10;java.lang.Thread.State: TIMED_WAITING&#10;        at java.base@21.0.6/jdk.internal.misc.Unsafe.park(Native Method)&#10;        at java.base@21.0.6/java.util.concurrent.locks.LockSupport.parkNanos(LockSupport.java:410)&#10;        at java.base@21.0.6/java.util.concurrent.LinkedTransferQueue$DualNode.await(LinkedTransferQueue.java:452)&#10;        at java.base@21.0.6/java.util.concurrent.SynchronousQueue$Transferer.xferLifo(SynchronousQueue.java:194)&#10;        at java.base@21.0.6/java.util.concurrent.SynchronousQueue.xfer(SynchronousQueue.java:235)&#10;        at java.base@21.0.6/java.util.concurrent.SynchronousQueue.poll(SynchronousQueue.java:338)&#10;        at java.base@21.0.6/java.util.concurrent.ThreadPoolExecutor.getTask(ThreadPoolExecutor.java:1069)&#10;        at java.base@21.0.6/java.util.concurrent.ThreadPoolExecutor.runWorker(ThreadPoolExecutor.java:1130)&#10;        at java.base@21.0.6/java.util.concurrent.ThreadPoolExecutor$Worker.run(ThreadPoolExecutor.java:642)&#10;        at java.base@21.0.6/java.lang.Thread.runWith(Thread.java:1596)&#10;        at java.base@21.0.6/java.lang.Thread.run(Thread.java:1583)&#10;&quot;IPC Server handler 19 on default port 15000&quot; daemon prio=5 tid=137 timed_waiting&#10;java.lang.Thread.State: TIMED_WAITING&#10;        at java.base@21.0.6/jdk.internal.misc.Unsafe.park(Native Method)&#10;        at java.base@21.0.6/java.util.concurrent.locks.LockSupport.parkNanos(LockSupport.java:269)&#10;        at java.base@21.0.6/java.util.concurrent.locks.AbstractQueuedSynchronizer$ConditionObject.awaitNanos(AbstractQueuedSynchronizer.java:1763)&#10;        at java.base@21.0.6/java.util.concurrent.LinkedBlockingQueue.poll(LinkedBlockingQueue.java:460)&#10;        at app//org.apache.hadoop.ipc.CallQueueManager.take(CallQueueManager.java:370)&#10;        at app//org.apache.hadoop.ipc.Server$Handler.run(Server.java:3165)&#10;&quot;surefire-forkedjvm-stream-flusher&quot; daemon prio=5 tid=23 timed_waiting&#10;java.lang.Thread.State: TIMED_WAITING&#10;        at java.base@21.0.6/jdk.internal.misc.Unsafe.park(Native Method)&#10;        at java.base@21.0.6/java.util.concurrent.locks.LockSupport.parkNanos(LockSupport.java:269)&#10;        at java.base@21.0.6/java.util.concurrent.locks.AbstractQueuedSynchronizer$ConditionObject.awaitNanos(AbstractQueuedSynchronizer.java:1763)&#10;        at java.base@21.0.6/java.util.concurrent.ScheduledThreadPoolExecutor$DelayedWorkQueue.take(ScheduledThreadPoolExecutor.java:1182)&#10;        at java.base@21.0.6/java.util.concurrent.ScheduledThreadPoolExecutor$DelayedWorkQueue.take(ScheduledThreadPoolExecutor.java:899)&#10;        at java.base@21.0.6/java.util.concurrent.ThreadPoolExecutor.getTask(ThreadPoolExecutor.java:1070)&#10;        at java.base@21.0.6/java.util.concurrent.ThreadPoolExecutor.runWorker(ThreadPoolExecutor.java:1130)&#10;        at java.base@21.0.6/java.util.concurrent.ThreadPoolExecutor$Worker.run(ThreadPoolExecutor.java:642)&#10;        at java.base@21.0.6/java.lang.Thread.runWith(Thread.java:1596)&#10;        at java.base@21.0.6/java.lang.Thread.run(Thread.java:1583)&#10;&quot;JvmPauseMonitor1&quot; daemon prio=5 tid=115 timed_waiting&#10;java.lang.Thread.State: TIMED_WAITING&#10;        at java.base@21.0.6/java.lang.Thread.sleep0(Native Method)&#10;        at java.base@21.0.6/java.lang.Thread.sleep(Thread.java:558)&#10;        at java.base@21.0.6/java.util.concurrent.TimeUnit.sleep(TimeUnit.java:446)&#10;        at app//org.apache.ratis.util.TimeDuration.sleep(TimeDuration.java:353)&#10;        at app//org.apache.ratis.util.TimeDuration.sleep(TimeDuration.java:338)&#10;        at app//org.apache.ratis.util.JvmPauseMonitor.detectPause(JvmPauseMonitor.java:160)&#10;        at app//org.apache.ratis.util.JvmPauseMonitor.run(JvmPauseMonitor.java:149)&#10;        at app//org.apache.ratis.util.JvmPauseMonitor$$Lambda/0x00007fd0ac3a9508.run(Unknown Source)&#10;        at java.base@21.0.6/java.lang.Thread.runWith(Thread.java:1596)&#10;        at java.base@21.0.6/java.lang.Thread.run(Thread.java:1583)&#10;&quot;IPC Server handler 71 on default port 15000&quot; daemon prio=5 tid=189 timed_waiting&#10;java.lang.Thread.State: TIMED_WAITING&#10;        at java.base@21.0.6/jdk.internal.misc.Unsafe.park(Native Method)&#10;        at java.base@21.0.6/java.util.concurrent.locks.LockSupport.parkNanos(LockSupport.java:269)&#10;        at java.base@21.0.6/java.util.concurrent.locks.AbstractQueuedSynchronizer$ConditionObject.awaitNanos(AbstractQueuedSynchronizer.java:1763)&#10;        at java.base@21.0.6/java.util.concurrent.LinkedBlockingQueue.poll(LinkedBlockingQueue.java:460)&#10;        at app//org.apache.hadoop.ipc.CallQueueManager.take(CallQueueManager.java:370)&#10;        at app//org.apache.hadoop.ipc.Server$Handler.run(Server.java:3165)&#10;&quot;IPC Server handler 0 on default port 15019&quot; daemon prio=5 tid=591 timed_waiting&#10;java.lang.Thread.State: TIMED_WAITING&#10;        at java.base@21.0.6/jdk.internal.misc.Unsafe.park(Native Method)&#10;        at java.base@21.0.6/java.util.concurrent.locks.LockSupport.parkNanos(LockSupport.java:269)&#10;        at java.base@21.0.6/java.util.concurrent.locks.AbstractQueuedSynchronizer$ConditionObject.awaitNanos(AbstractQueuedSynchronizer.java:1763)&#10;        at java.base@21.0.6/java.util.concurrent.LinkedBlockingQueue.poll(LinkedBlockingQueue.java:460)&#10;        at app//org.apache.hadoop.ipc.CallQueueManager.take(CallQueueManager.java:370)&#10;        at app//org.apache.hadoop.ipc.Server$Handler.run(Server.java:3165)&#10;&quot;BackgroundPipelineScrubber&quot; daemon prio=5 tid=53 timed_waiting&#10;java.lang.Thread.State: TIMED_WAITING&#10;        at java.base@21.0.6/java.lang.Object.wait0(Native Method)&#10;        at java.base@21.0.6/java.lang.Object.wait(Object.java:366)&#10;        at app//org.apache.hadoop.hdds.scm.ha.BackgroundSCMService.run(BackgroundSCMService.java:106)&#10;        at app//org.apache.hadoop.hdds.scm.ha.BackgroundSCMService$$Lambda/0x00007fd0ac4c0000.run(Unknown Source)&#10;        at java.base@21.0.6/java.lang.Thread.runWith(Thread.java:1596)&#10;        at java.base@21.0.6/java.lang.Thread.run(Thread.java:1583)&#10;&quot;Common-Cleaner&quot; daemon prio=8 tid=17 timed_waiting&#10;java.lang.Thread.State: TIMED_WAITING&#10;        at java.base@21.0.6/jdk.internal.misc.Unsafe.park(Native Method)&#10;        at java.base@21.0.6/java.util.concurrent.locks.LockSupport.parkNanos(LockSupport.java:269)&#10;        at java.base@21.0.6/java.util.concurrent.locks.AbstractQueuedSynchronizer$ConditionObject.await(AbstractQueuedSynchronizer.java:1852)&#10;        at java.base@21.0.6/java.lang.ref.ReferenceQueue.await(ReferenceQueue.java:71)&#10;        at java.base@21.0.6/java.lang.ref.ReferenceQueue.remove0(ReferenceQueue.java:143)&#10;        at java.base@21.0.6/java.lang.ref.ReferenceQueue.remove(ReferenceQueue.java:218)&#10;        at java.base@21.0.6/jdk.internal.ref.CleanerImpl.run(CleanerImpl.java:140)&#10;        at java.base@21.0.6/java.lang.Thread.runWith(Thread.java:1596)&#10;        at java.base@21.0.6/java.lang.Thread.run(Thread.java:1583)&#10;        at java.base@21.0.6/jdk.internal.misc.InnocuousThread.run(InnocuousThread.java:186)&#10;&quot;FixedThreadPoolWithAffinityExecutor-4-0&quot; daemon prio=5 tid=105 timed_waiting&#10;java.lang.Thread.State: TIMED_WAITING&#10;        at java.base@21.0.6/jdk.internal.misc.Unsafe.park(Native Method)&#10;        at java.base@21.0.6/java.util.concurrent.locks.LockSupport.parkNanos(LockSupport.java:269)&#10;        at java.base@21.0.6/java.util.concurrent.locks.AbstractQueuedSynchronizer$ConditionObject.awaitNanos(AbstractQueuedSynchronizer.java:1763)&#10;        at java.base@21.0.6/java.util.concurrent.LinkedBlockingQueue.poll(LinkedBlockingQueue.java:460)&#10;        at app//org.apache.hadoop.hdds.scm.server.ContainerReportQueue.poll(ContainerReportQueue.java:269)&#10;        at app//org.apache.hadoop.hdds.scm.server.ContainerReportQueue.poll(ContainerReportQueue.java:42)&#10;        at app//org.apache.hadoop.hdds.server.events.FixedThreadPoolWithAffinityExecutor$ContainerReportProcessTask.run(FixedThreadPoolWithAffinityExecutor.java:254)&#10;        at java.base@21.0.6/java.util.concurrent.Executors$RunnableAdapter.call(Executors.java:572)&#10;        at java.base@21.0.6/java.util.concurrent.FutureTask.run(FutureTask.java:317)&#10;        at java.base@21.0.6/java.util.concurrent.ThreadPoolExecutor.runWorker(ThreadPoolExecutor.java:1144)&#10;        at java.base@21.0.6/java.util.concurrent.ThreadPoolExecutor$Worker.run(ThreadPoolExecutor.java:642)&#10;        at java.base@21.0.6/java.lang.Thread.runWith(Thread.java:1596)&#10;        at java.base@21.0.6/java.lang.Thread.run(Thread.java:1583)&#10;&quot;IPC Server handler 11 on default port 15006&quot; daemon prio=5 tid=506 timed_waiting&#10;java.lang.Thread.State: TIMED_WAITING&#10;        at java.base@21.0.6/jdk.internal.misc.Unsafe.park(Native Method)&#10;        at java.base@21.0.6/java.util.concurrent.locks.LockSupport.parkNanos(LockSupport.java:269)&#10;        at java.base@21.0.6/java.util.concurrent.locks.AbstractQueuedSynchronizer$ConditionObject.awaitNanos(AbstractQueuedSynchronizer.java:1763)&#10;        at java.base@21.0.6/java.util.concurrent.LinkedBlockingQueue.poll(LinkedBlockingQueue.java:460)&#10;        at app//org.apache.hadoop.ipc.CallQueueManager.take(CallQueueManager.java:370)&#10;        at app//org.apache.hadoop.ipc.Server$Handler.run(Server.java:3165)&#10;&quot;grpc-default-executor-0&quot; daemon prio=5 tid=863 timed_waiting&#10;java.lang.Thread.State: TIMED_WAITING&#10;        at java.base@21.0.6/jdk.internal.misc.Unsafe.park(Native Method)&#10;        at java.base@21.0.6/java.util.concurrent.locks.LockSupport.parkNanos(LockSupport.java:410)&#10;        at java.base@21.0.6/java.util.concurrent.LinkedTransferQueue$DualNode.await(LinkedTransferQueue.java:452)&#10;        at java.base@21.0.6/java.util.concurrent.SynchronousQueue$Transferer.xferLifo(SynchronousQueue.java:194)&#10;        at java.base@21.0.6/java.util.concurrent.SynchronousQueue.xfer(SynchronousQueue.java:235)&#10;        at java.base@21.0.6/java.util.concurrent.SynchronousQueue.poll(SynchronousQueue.java:338)&#10;        at java.base@21.0.6/java.util.concurrent.ThreadPoolExecutor.getTask(ThreadPoolExecutor.java:1069)&#10;        at java.base@21.0.6/java.util.concurrent.ThreadPoolExecutor.runWorker(ThreadPoolExecutor.java:1130)&#10;        at java.base@21.0.6/java.util.concurrent.ThreadPoolExecutor$Worker.run(ThreadPoolExecutor.java:642)&#10;        at java.base@21.0.6/java.lang.Thread.runWith(Thread.java:1596)&#10;        at java.base@21.0.6/java.lang.Thread.run(Thread.java:1583)&#10;&quot;IPC Server handler 63 on default port 15000&quot; daemon prio=5 tid=181 timed_waiting&#10;java.lang.Thread.State: TIMED_WAITING&#10;        at java.base@21.0.6/jdk.internal.misc.Unsafe.park(Native Method)&#10;        at java.base@21.0.6/java.util.concurrent.locks.LockSupport.parkNanos(LockSupport.java:269)&#10;        at java.base@21.0.6/java.util.concurrent.locks.AbstractQueuedSynchronizer$ConditionObject.awaitNanos(AbstractQueuedSynchronizer.java:1763)&#10;        at java.base@21.0.6/java.util.concurrent.LinkedBlockingQueue.poll(LinkedBlockingQueue.java:460)&#10;        at app//org.apache.hadoop.ipc.CallQueueManager.take(CallQueueManager.java:370)&#10;        at app//org.apache.hadoop.ipc.Server$Handler.run(Server.java:3165)&#10;&quot;IPC Server handler 34 on default port 15001&quot; daemon prio=5 tid=252 timed_waiting&#10;java.lang.Thread.State: TIMED_WAITING&#10;        at java.base@21.0.6/jdk.internal.misc.Unsafe.park(Native Method)&#10;        at java.base@21.0.6/java.util.concurrent.locks.LockSupport.parkNanos(LockSupport.java:269)&#10;        at java.base@21.0.6/java.util.concurrent.locks.AbstractQueuedSynchronizer$ConditionObject.awaitNanos(AbstractQueuedSynchronizer.java:1763)&#10;        at java.base@21.0.6/java.util.concurrent.LinkedBlockingQueue.poll(LinkedBlockingQueue.java:460)&#10;        at app//org.apache.hadoop.ipc.CallQueueManager.take(CallQueueManager.java:370)&#10;        at app//org.apache.hadoop.ipc.Server$Handler.run(Server.java:3165)&#10;&quot;om1-OMDoubleBufferFlushThread&quot; daemon prio=5 tid=443 timed_waiting&#10;java.lang.Thread.State: TIMED_WAITING&#10;        at java.base@21.0.6/java.lang.Object.wait0(Native Method)&#10;        at java.base@21.0.6/java.lang.Object.wait(Object.java:366)&#10;        at app//org.apache.hadoop.ozone.om.ratis.OzoneManagerDoubleBuffer.canFlush(OzoneManagerDoubleBuffer.java:548)&#10;        at app//org.apache.hadoop.ozone.om.ratis.OzoneManagerDoubleBuffer.flushTransactions(OzoneManagerDoubleBuffer.java:280)&#10;        at app//org.apache.hadoop.ozone.om.ratis.OzoneManagerDoubleBuffer$$Lambda/0x00007fd0ac75acf0.run(Unknown Source)&#10;        at java.base@21.0.6/java.lang.Thread.runWith(Thread.java:1596)&#10;        at java.base@21.0.6/java.lang.Thread.run(Thread.java:1583)&#10;&quot;a6bf55e3-38e4-411e-ac0b-5acdb6a35656-ChunkWriter-1-0&quot; daemon prio=5 tid=803 in Object.wait()&#10;java.lang.Thread.State: WAITING (on object monitor)&#10;        at java.base@21.0.6/jdk.internal.misc.Unsafe.park(Native Method)&#10;        at java.base@21.0.6/java.util.concurrent.locks.LockSupport.park(LockSupport.java:371)&#10;        at java.base@21.0.6/java.util.concurrent.locks.AbstractQueuedSynchronizer$ConditionNode.block(AbstractQueuedSynchronizer.java:519)&#10;        at java.base@21.0.6/java.util.concurrent.ForkJoinPool.unmanagedBlock(ForkJoinPool.java:3780)&#10;        at java.base@21.0.6/java.util.concurrent.ForkJoinPool.managedBlock(ForkJoinPool.java:3725)&#10;        at java.base@21.0.6/java.util.concurrent.locks.AbstractQueuedSynchronizer$ConditionObject.await(AbstractQueuedSynchronizer.java:1712)&#10;        at java.base@21.0.6/java.util.concurrent.LinkedBlockingDeque.takeFirst(LinkedBlockingDeque.java:485)&#10;        at java.base@21.0.6/java.util.concurrent.LinkedBlockingDeque.take(LinkedBlockingDeque.java:673)&#10;        at java.base@21.0.6/java.util.concurrent.ThreadPoolExecutor.getTask(ThreadPoolExecutor.java:1070)&#10;        at java.base@21.0.6/java.util.concurrent.ThreadPoolExecutor.runWorker(ThreadPoolExecutor.java:1130)&#10;        at java.base@21.0.6/java.util.concurrent.ThreadPoolExecutor$Worker.run(ThreadPoolExecutor.java:642)&#10;        at java.base@21.0.6/java.lang.Thread.runWith(Thread.java:1596)&#10;        at java.base@21.0.6/java.lang.Thread.run(Thread.java:1583)&#10;&quot;bucketTable_FullTableCache-Cleanup-0&quot; daemon prio=5 tid=438 timed_waiting&#10;java.lang.Thread.State: TIMED_WAITING&#10;        at java.base@21.0.6/jdk.internal.misc.Unsafe.park(Native Method)&#10;        at java.base@21.0.6/java.util.concurrent.locks.LockSupport.parkNanos(LockSupport.java:269)&#10;        at java.base@21.0.6/java.util.concurrent.locks.AbstractQueuedSynchronizer$ConditionObject.awaitNanos(AbstractQueuedSynchronizer.java:1763)&#10;        at java.base@21.0.6/java.util.concurrent.ScheduledThreadPoolExecutor$DelayedWorkQueue.take(ScheduledThreadPoolExecutor.java:1182)&#10;        at java.base@21.0.6/java.util.concurrent.ScheduledThreadPoolExecutor$DelayedWorkQueue.take(ScheduledThreadPoolExecutor.java:899)&#10;        at java.base@21.0.6/java.util.concurrent.ThreadPoolExecutor.getTask(ThreadPoolExecutor.java:1070)&#10;        at java.base@21.0.6/java.util.concurrent.ThreadPoolExecutor.runWorker(ThreadPoolExecutor.java:1130)&#10;        at java.base@21.0.6/java.util.concurrent.ThreadPoolExecutor$Worker.run(ThreadPoolExecutor.java:642)&#10;        at java.base@21.0.6/java.lang.Thread.runWith(Thread.java:1596)&#10;        at java.base@21.0.6/java.lang.Thread.run(Thread.java:1583)&#10;&quot;IPC Server handler 34 on default port 15000&quot; daemon prio=5 tid=152 timed_waiting&#10;java.lang.Thread.State: TIMED_WAITING&#10;        at java.base@21.0.6/jdk.internal.misc.Unsafe.park(Native Method)&#10;        at java.base@21.0.6/java.util.concurrent.locks.LockSupport.parkNanos(LockSupport.java:269)&#10;        at java.base@21.0.6/java.util.concurrent.locks.AbstractQueuedSynchronizer$ConditionObject.awaitNanos(AbstractQueuedSynchronizer.java:1763)&#10;        at java.base@21.0.6/java.util.concurrent.LinkedBlockingQueue.poll(LinkedBlockingQueue.java:460)&#10;        at app//org.apache.hadoop.ipc.CallQueueManager.take(CallQueueManager.java:370)&#10;        at app//org.apache.hadoop.ipc.Server$Handler.run(Server.java:3165)&#10;&quot;IPC Server handler 8 on default port 15027&quot; daemon prio=5 tid=645 timed_waiting&#10;java.lang.Thread.State: TIMED_WAITING&#10;        at java.base@21.0.6/jdk.internal.misc.Unsafe.park(Native Method)&#10;        at java.base@21.0.6/java.util.concurrent.locks.LockSupport.parkNanos(LockSupport.java:269)&#10;        at java.base@21.0.6/java.util.concurrent.locks.AbstractQueuedSynchronizer$ConditionObject.awaitNanos(AbstractQueuedSynchronizer.java:1763)&#10;        at java.base@21.0.6/java.util.concurrent.LinkedBlockingQueue.poll(LinkedBlockingQueue.java:460)&#10;        at app//org.apache.hadoop.ipc.CallQueueManager.take(CallQueueManager.java:370)&#10;        at app//org.apache.hadoop.ipc.Server$Handler.run(Server.java:3165)&#10;&quot;IPC Server handler 96 on default port 15000&quot; daemon prio=5 tid=214 timed_waiting&#10;java.lang.Thread.State: TIMED_WAITING&#10;        at java.base@21.0.6/jdk.internal.misc.Unsafe.park(Native Method)&#10;        at java.base@21.0.6/java.util.concurrent.locks.LockSupport.parkNanos(LockSupport.java:269)&#10;        at java.base@21.0.6/java.util.concurrent.locks.AbstractQueuedSynchronizer$ConditionObject.awaitNanos(AbstractQueuedSynchronizer.java:1763)&#10;        at java.base@21.0.6/java.util.concurrent.LinkedBlockingQueue.poll(LinkedBlockingQueue.java:460)&#10;        at app//org.apache.hadoop.ipc.CallQueueManager.take(CallQueueManager.java:370)&#10;        at app//org.apache.hadoop.ipc.Server$Handler.run(Server.java:3165)&#10;&quot;IPC Server handler 12 on default port 15001&quot; daemon prio=5 tid=230 timed_waiting&#10;java.lang.Thread.State: TIMED_WAITING&#10;        at java.base@21.0.6/jdk.internal.misc.Unsafe.park(Native Method)&#10;        at java.base@21.0.6/java.util.concurrent.locks.LockSupport.parkNanos(LockSupport.java:269)&#10;        at java.base@21.0.6/java.util.concurrent.locks.AbstractQueuedSynchronizer$ConditionObject.awaitNanos(AbstractQueuedSynchronizer.java:1763)&#10;        at java.base@21.0.6/java.util.concurrent.LinkedBlockingQueue.poll(LinkedBlockingQueue.java:460)&#10;        at app//org.apache.hadoop.ipc.CallQueueManager.take(CallQueueManager.java:370)&#10;        at app//org.apache.hadoop.ipc.Server$Handler.run(Server.java:3165)&#10;&quot;qtp2005400801-615&quot; daemon prio=5 tid=615 runnable&#10;java.lang.Thread.State: RUNNABLE&#10;        at java.base@21.0.6/sun.nio.ch.EPoll.wait(Native Method)&#10;        at java.base@21.0.6/sun.nio.ch.EPollSelectorImpl.doSelect(EPollSelectorImpl.java:121)&#10;        at java.base@21.0.6/sun.nio.ch.SelectorImpl.lockAndDoSelect(SelectorImpl.java:130)&#10;        at java.base@21.0.6/sun.nio.ch.SelectorImpl.select(SelectorImpl.java:147)&#10;        at app//org.eclipse.jetty.io.ManagedSelector.nioSelect(ManagedSelector.java:183)&#10;        at app//org.eclipse.jetty.io.ManagedSelector.select(ManagedSelector.java:190)&#10;        at app//org.eclipse.jetty.io.ManagedSelector$SelectorProducer.select(ManagedSelector.java:606)&#10;        at app//org.eclipse.jetty.io.ManagedSelector$SelectorProducer.produce(ManagedSelector.java:543)&#10;        at app//org.eclipse.jetty.util.thread.strategy.EatWhatYouKill.produceTask(EatWhatYouKill.java:362)&#10;        at app//org.eclipse.jetty.util.thread.strategy.EatWhatYouKill.doProduce(EatWhatYouKill.java:186)&#10;        at app//org.eclipse.jetty.util.thread.strategy.EatWhatYouKill.tryProduce(EatWhatYouKill.java:173)&#10;        at app//org.eclipse.jetty.util.thread.strategy.EatWhatYouKill.produce(EatWhatYouKill.java:137)&#10;        at app//org.eclipse.jetty.io.ManagedSelector$$Lambda/0x00007fd0ac690720.run(Unknown Source)&#10;        at app//org.eclipse.jetty.util.thread.QueuedThreadPool.runJob(QueuedThreadPool.java:883)&#10;        at app//org.eclipse.jetty.util.thread.QueuedThreadPool$Runner.run(QueuedThreadPool.java:1034)&#10;        at java.base@21.0.6/java.lang.Thread.runWith(Thread.java:1596)&#10;        at java.base@21.0.6/java.lang.Thread.run(Thread.java:1583)&#10;&quot;Socket Reader #4 for port 15035&quot;  prio=5 tid=697 runnable&#10;java.lang.Thread.State: RUNNABLE&#10;        at java.base@21.0.6/sun.nio.ch.EPoll.wait(Native Method)&#10;        at java.base@21.0.6/sun.nio.ch.EPollSelectorImpl.doSelect(EPollSelectorImpl.java:121)&#10;        at java.base@21.0.6/sun.nio.ch.SelectorImpl.lockAndDoSelect(SelectorImpl.java:130)&#10;        at java.base@21.0.6/sun.nio.ch.SelectorImpl.select(SelectorImpl.java:147)&#10;        at app//org.apache.hadoop.ipc.Server$Listener$Reader.doRunLoop(Server.java:1497)&#10;        at app//org.apache.hadoop.ipc.Server$Listener$Reader.run(Server.java:1476)&#10;&quot;IPC Server handler 9 on default port 15006&quot; daemon prio=5 tid=504 timed_waiting&#10;java.lang.Thread.State: TIMED_WAITING&#10;        at java.base@21.0.6/jdk.internal.misc.Unsafe.park(Native Method)&#10;        at java.base@21.0.6/java.util.concurrent.locks.LockSupport.parkNanos(LockSupport.java:269)&#10;        at java.base@21.0.6/java.util.concurrent.locks.AbstractQueuedSynchronizer$ConditionObject.awaitNanos(AbstractQueuedSynchronizer.java:1763)&#10;        at java.base@21.0.6/java.util.concurrent.LinkedBlockingQueue.poll(LinkedBlockingQueue.java:460)&#10;        at app//org.apache.hadoop.ipc.CallQueueManager.take(CallQueueManager.java:370)&#10;        at app//org.apache.hadoop.ipc.Server$Handler.run(Server.java:3165)&#10;&quot;qtp2049070779-748&quot; daemon prio=5 tid=748 runnable&#10;java.lang.Thread.State: RUNNABLE&#10;        at java.base@21.0.6/sun.nio.ch.EPoll.wait(Native Method)&#10;        at java.base@21.0.6/sun.nio.ch.EPollSelectorImpl.doSelect(EPollSelectorImpl.java:121)&#10;        at java.base@21.0.6/sun.nio.ch.SelectorImpl.lockAndDoSelect(SelectorImpl.java:130)&#10;        at java.base@21.0.6/sun.nio.ch.SelectorImpl.select(SelectorImpl.java:147)&#10;        at app//org.eclipse.jetty.io.ManagedSelector.nioSelect(ManagedSelector.java:183)&#10;        at app//org.eclipse.jetty.io.ManagedSelector.select(ManagedSelector.java:190)&#10;        at app//org.eclipse.jetty.io.ManagedSelector$SelectorProducer.select(ManagedSelector.java:606)&#10;        at app//org.eclipse.jetty.io.ManagedSelector$SelectorProducer.produce(ManagedSelector.java:543)&#10;        at app//org.eclipse.jetty.util.thread.strategy.EatWhatYouKill.produceTask(EatWhatYouKill.java:362)&#10;        at app//org.eclipse.jetty.util.thread.strategy.EatWhatYouKill.doProduce(EatWhatYouKill.java:186)&#10;        at app//org.eclipse.jetty.util.thread.strategy.EatWhatYouKill.tryProduce(EatWhatYouKill.java:173)&#10;        at app//org.eclipse.jetty.util.thread.strategy.EatWhatYouKill.produce(EatWhatYouKill.java:137)&#10;        at app//org.eclipse.jetty.io.ManagedSelector$$Lambda/0x00007fd0ac690720.run(Unknown Source)&#10;        at app//org.eclipse.jetty.util.thread.QueuedThreadPool.runJob(QueuedThreadPool.java:883)&#10;        at app//org.eclipse.jetty.util.thread.QueuedThreadPool$Runner.run(QueuedThreadPool.java:1034)&#10;        at java.base@21.0.6/java.lang.Thread.runWith(Thread.java:1596)&#10;        at java.base@21.0.6/java.lang.Thread.run(Thread.java:1583)&#10;&quot;prometheus&quot; daemon prio=5 tid=330 in Object.wait()&#10;java.lang.Thread.State: WAITING (on object monitor)&#10;        at java.base@21.0.6/java.lang.Object.wait0(Native Method)&#10;        at java.base@21.0.6/java.lang.Object.wait(Object.java:366)&#10;        at java.base@21.0.6/java.lang.Object.wait(Object.java:339)&#10;        at app//org.apache.hadoop.metrics2.impl.SinkQueue.waitForData(SinkQueue.java:114)&#10;        at app//org.apache.hadoop.metrics2.impl.SinkQueue.consumeAll(SinkQueue.java:83)&#10;        at app//org.apache.hadoop.metrics2.impl.MetricsSinkAdapter.publishMetricsFromQueue(MetricsSinkAdapter.java:135)&#10;        at app//org.apache.hadoop.metrics2.impl.MetricsSinkAdapter$1.run(MetricsSinkAdapter.java:89)&#10;&quot;om1-MultipartUploadCleanupService#0&quot; daemon prio=5 tid=484 timed_waiting&#10;java.lang.Thread.State: TIMED_WAITING&#10;        at java.base@21.0.6/jdk.internal.misc.Unsafe.park(Native Method)&#10;        at java.base@21.0.6/java.util.concurrent.locks.LockSupport.parkNanos(LockSupport.java:269)&#10;        at java.base@21.0.6/java.util.concurrent.locks.AbstractQueuedSynchronizer$ConditionObject.awaitNanos(AbstractQueuedSynchronizer.java:1763)&#10;        at java.base@21.0.6/java.util.concurrent.ScheduledThreadPoolExecutor$DelayedWorkQueue.take(ScheduledThreadPoolExecutor.java:1182)&#10;        at java.base@21.0.6/java.util.concurrent.ScheduledThreadPoolExecutor$DelayedWorkQueue.take(ScheduledThreadPoolExecutor.java:899)&#10;        at java.base@21.0.6/java.util.concurrent.ThreadPoolExecutor.getTask(ThreadPoolExecutor.java:1070)&#10;        at java.base@21.0.6/java.util.concurrent.ThreadPoolExecutor.runWorker(ThreadPoolExecutor.java:1130)&#10;        at java.base@21.0.6/java.util.concurrent.ThreadPoolExecutor$Worker.run(ThreadPoolExecutor.java:642)&#10;        at java.base@21.0.6/java.lang.Thread.runWith(Thread.java:1596)&#10;        at java.base@21.0.6/java.lang.Thread.run(Thread.java:1583)&#10;&quot;a6bf55e3-38e4-411e-ac0b-5acdb6a35656-NettyServerStreamRpc-bossGroup--thread1&quot;  prio=5 tid=610 runnable&#10;java.lang.Thread.State: RUNNABLE&#10;        at app//org.apache.ratis.thirdparty.io.netty.channel.epoll.Native.epollWait(Native Method)&#10;        at app//org.apache.ratis.thirdparty.io.netty.channel.epoll.Native.epollWait(Native.java:220)&#10;        at app//org.apache.ratis.thirdparty.io.netty.channel.epoll.Native.epollWait(Native.java:213)&#10;        at app//org.apache.ratis.thirdparty.io.netty.channel.epoll.EpollEventLoop.epollWaitNoTimerChange(EpollEventLoop.java:308)&#10;        at app//org.apache.ratis.thirdparty.io.netty.channel.epoll.EpollEventLoop.run(EpollEventLoop.java:365)&#10;        at app//org.apache.ratis.thirdparty.io.netty.util.concurrent.SingleThreadEventExecutor$4.run(SingleThreadEventExecutor.java:997)&#10;        at app//org.apache.ratis.thirdparty.io.netty.util.internal.ThreadExecutorMap$2.run(ThreadExecutorMap.java:74)&#10;        at java.base@21.0.6/java.lang.Thread.runWith(Thread.java:1596)&#10;        at java.base@21.0.6/java.lang.Thread.run(Thread.java:1583)&#10;&quot;Socket Reader #9 for port 15019&quot;  prio=5 tid=586 runnable&#10;java.lang.Thread.State: RUNNABLE&#10;        at java.base@21.0.6/sun.nio.ch.EPoll.wait(Native Method)&#10;        at java.base@21.0.6/sun.nio.ch.EPollSelectorImpl.doSelect(EPollSelectorImpl.java:121)&#10;        at java.base@21.0.6/sun.nio.ch.SelectorImpl.lockAndDoSelect(SelectorImpl.java:130)&#10;        at java.base@21.0.6/sun.nio.ch.SelectorImpl.select(SelectorImpl.java:147)&#10;        at app//org.apache.hadoop.ipc.Server$Listener$Reader.doRunLoop(Server.java:1497)&#10;        at app//org.apache.hadoop.ipc.Server$Listener$Reader.run(Server.java:1476)&#10;&quot;om1-SnapshotDeletingService#0&quot; daemon prio=5 tid=481 timed_waiting&#10;java.lang.Thread.State: TIMED_WAITING&#10;        at java.base@21.0.6/jdk.internal.misc.Unsafe.park(Native Method)&#10;        at java.base@21.0.6/java.util.concurrent.locks.LockSupport.parkNanos(LockSupport.java:269)&#10;        at java.base@21.0.6/java.util.concurrent.locks.AbstractQueuedSynchronizer$ConditionObject.awaitNanos(AbstractQueuedSynchronizer.java:1763)&#10;        at java.base@21.0.6/java.util.concurrent.ScheduledThreadPoolExecutor$DelayedWorkQueue.take(ScheduledThreadPoolExecutor.java:1182)&#10;        at java.base@21.0.6/java.util.concurrent.ScheduledThreadPoolExecutor$DelayedWorkQueue.take(ScheduledThreadPoolExecutor.java:899)&#10;        at java.base@21.0.6/java.util.concurrent.ThreadPoolExecutor.getTask(ThreadPoolExecutor.java:1070)&#10;        at java.base@21.0.6/java.util.concurrent.ThreadPoolExecutor.runWorker(ThreadPoolExecutor.java:1130)&#10;        at java.base@21.0.6/java.util.concurrent.ThreadPoolExecutor$Worker.run(ThreadPoolExecutor.java:642)&#10;        at java.base@21.0.6/java.lang.Thread.runWith(Thread.java:1596)&#10;        at java.base@21.0.6/java.lang.Thread.run(Thread.java:1583)&#10;&quot;IPC Server handler 5 on default port 15027&quot; daemon prio=5 tid=642 timed_waiting&#10;java.lang.Thread.State: TIMED_WAITING&#10;        at java.base@21.0.6/jdk.internal.misc.Unsafe.park(Native Method)&#10;        at java.base@21.0.6/java.util.concurrent.locks.LockSupport.parkNanos(LockSupport.java:269)&#10;        at java.base@21.0.6/java.util.concurrent.locks.AbstractQueuedSynchronizer$ConditionObject.awaitNanos(AbstractQueuedSynchronizer.java:1763)&#10;        at java.base@21.0.6/java.util.concurrent.LinkedBlockingQueue.poll(LinkedBlockingQueue.java:460)&#10;        at app//org.apache.hadoop.ipc.CallQueueManager.take(CallQueueManager.java:370)&#10;        at app//org.apache.hadoop.ipc.Server$Handler.run(Server.java:3165)&#10;&quot;IPC Server handler 5 on default port 15000&quot; daemon prio=5 tid=123 timed_waiting&#10;java.lang.Thread.State: TIMED_WAITING&#10;        at java.base@21.0.6/jdk.internal.misc.Unsafe.park(Native Method)&#10;        at java.base@21.0.6/java.util.concurrent.locks.LockSupport.parkNanos(LockSupport.java:269)&#10;        at java.base@21.0.6/java.util.concurrent.locks.AbstractQueuedSynchronizer$ConditionObject.awaitNanos(AbstractQueuedSynchronizer.java:1763)&#10;        at java.base@21.0.6/java.util.concurrent.LinkedBlockingQueue.poll(LinkedBlockingQueue.java:460)&#10;        at app//org.apache.hadoop.ipc.CallQueueManager.take(CallQueueManager.java:370)&#10;        at app//org.apache.hadoop.ipc.Server$Handler.run(Server.java:3165)&#10;&quot;Timer-0&quot;  prio=5 tid=466 timed_waiting&#10;java.lang.Thread.State: TIMED_WAITING&#10;        at java.base@21.0.6/java.lang.Object.wait0(Native Method)&#10;        at java.base@21.0.6/java.lang.Object.wait(Object.java:366)&#10;        at java.base@21.0.6/java.util.TimerThread.mainLoop(Timer.java:563)&#10;        at java.base@21.0.6/java.util.TimerThread.run(Timer.java:516)&#10;&quot;a6bf55e3-38e4-411e-ac0b-5acdb6a35656-DatanodeStateMachineDaemonThread&quot; daemon prio=5 tid=647 timed_waiting&#10;java.lang.Thread.State: TIMED_WAITING&#10;        at java.base@21.0.6/java.lang.Thread.sleep0(Native Method)&#10;        at java.base@21.0.6/java.lang.Thread.sleep(Thread.java:509)&#10;        at app//org.apache.hadoop.ozone.container.common.statemachine.DatanodeStateMachine.startStateMachineThread(DatanodeStateMachine.java:361)&#10;        at app//org.apache.hadoop.ozone.container.common.statemachine.DatanodeStateMachine.lambda$startDaemon$1(DatanodeStateMachine.java:547)&#10;        at app//org.apache.hadoop.ozone.container.common.statemachine.DatanodeStateMachine$$Lambda/0x00007fd0ac80bb60.run(Unknown Source)&#10;        at java.base@21.0.6/java.lang.Thread.runWith(Thread.java:1596)&#10;        at java.base@21.0.6/java.lang.Thread.run(Thread.java:1583)&#10;&quot;grpc-default-worker-ELG-3-3&quot; daemon prio=5 tid=865 runnable&#10;java.lang.Thread.State: RUNNABLE&#10;        at app//org.apache.ratis.thirdparty.io.netty.channel.epoll.Native.epollWait0(Native Method)&#10;        at app//org.apache.ratis.thirdparty.io.netty.channel.epoll.Native.epollWait(Native.java:193)&#10;        at app//org.apache.ratis.thirdparty.io.netty.channel.epoll.EpollEventLoop.epollWait(EpollEventLoop.java:304)&#10;        at app//org.apache.ratis.thirdparty.io.netty.channel.epoll.EpollEventLoop.run(EpollEventLoop.java:368)&#10;        at app//org.apache.ratis.thirdparty.io.netty.util.concurrent.SingleThreadEventExecutor$4.run(SingleThreadEventExecutor.java:997)&#10;        at app//org.apache.ratis.thirdparty.io.netty.util.internal.ThreadExecutorMap$2.run(ThreadExecutorMap.java:74)&#10;        at app//org.apache.ratis.thirdparty.io.netty.util.concurrent.FastThreadLocalRunnable.run(FastThreadLocalRunnable.java:30)&#10;        at java.base@21.0.6/java.lang.Thread.runWith(Thread.java:1596)&#10;        at java.base@21.0.6/java.lang.Thread.run(Thread.java:1583)&#10;&quot;93cc9901-be1a-45f5-9681-0d93e627c426-ChunkReader-ELG-0&quot; daemon prio=5 tid=738 timed_waiting&#10;java.lang.Thread.State: TIMED_WAITING&#10;        at java.base@21.0.6/java.lang.Thread.sleep0(Native Method)&#10;        at java.base@21.0.6/java.lang.Thread.sleep(Thread.java:509)&#10;        at app//org.apache.ratis.thirdparty.io.netty.util.concurrent.SingleThreadEventExecutor.confirmShutdown(SingleThreadEventExecutor.java:790)&#10;        at app//org.apache.ratis.thirdparty.io.netty.channel.epoll.EpollEventLoop.run(EpollEventLoop.java:423)&#10;        at app//org.apache.ratis.thirdparty.io.netty.util.concurrent.SingleThreadEventExecutor$4.run(SingleThreadEventExecutor.java:997)&#10;        at app//org.apache.ratis.thirdparty.io.netty.util.internal.ThreadExecutorMap$2.run(ThreadExecutorMap.java:74)&#10;        at java.base@21.0.6/java.lang.Thread.runWith(Thread.java:1596)&#10;        at java.base@21.0.6/java.lang.Thread.run(Thread.java:1583)&#10;&quot;d6a19b8b-82a2-4947-8b44-7228be6ad053-ChunkWriter-0-0&quot; daemon prio=5 tid=821 in Object.wait()&#10;java.lang.Thread.State: WAITING (on object monitor)&#10;        at java.base@21.0.6/jdk.internal.misc.Unsafe.park(Native Method)&#10;        at java.base@21.0.6/java.util.concurrent.locks.LockSupport.park(LockSupport.java:371)&#10;        at java.base@21.0.6/java.util.concurrent.locks.AbstractQueuedSynchronizer$ConditionNode.block(AbstractQueuedSynchronizer.java:519)&#10;        at java.base@21.0.6/java.util.concurrent.ForkJoinPool.unmanagedBlock(ForkJoinPool.java:3780)&#10;        at java.base@21.0.6/java.util.concurrent.ForkJoinPool.managedBlock(ForkJoinPool.java:3725)&#10;        at java.base@21.0.6/java.util.concurrent.locks.AbstractQueuedSynchronizer$ConditionObject.await(AbstractQueuedSynchronizer.java:1712)&#10;        at java.base@21.0.6/java.util.concurrent.LinkedBlockingDeque.takeFirst(LinkedBlockingDeque.java:485)&#10;        at java.base@21.0.6/java.util.concurrent.LinkedBlockingDeque.take(LinkedBlockingDeque.java:673)&#10;        at java.base@21.0.6/java.util.concurrent.ThreadPoolExecutor.getTask(ThreadPoolExecutor.java:1070)&#10;        at java.base@21.0.6/java.util.concurrent.ThreadPoolExecutor.runWorker(ThreadPoolExecutor.java:1130)&#10;        at java.base@21.0.6/java.util.concurrent.ThreadPoolExecutor$Worker.run(ThreadPoolExecutor.java:642)&#10;        at java.base@21.0.6/java.lang.Thread.runWith(Thread.java:1596)&#10;        at java.base@21.0.6/java.lang.Thread.run(Thread.java:1583)&#10;&quot;a6bf55e3-38e4-411e-ac0b-5acdb6a35656-DatanodeStateMachineTaskThread-1&quot;  prio=5 tid=756 in Object.wait()&#10;java.lang.Thread.State: WAITING (on object monitor)&#10;        at java.base@21.0.6/jdk.internal.misc.Unsafe.park(Native Method)&#10;        at java.base@21.0.6/java.util.concurrent.locks.LockSupport.park(LockSupport.java:371)&#10;        at java.base@21.0.6/java.util.concurrent.locks.AbstractQueuedSynchronizer$ConditionNode.block(AbstractQueuedSynchronizer.java:519)&#10;        at java.base@21.0.6/java.util.concurrent.ForkJoinPool.unmanagedBlock(ForkJoinPool.java:3780)&#10;        at java.base@21.0.6/java.util.concurrent.ForkJoinPool.managedBlock(ForkJoinPool.java:3725)&#10;        at java.base@21.0.6/java.util.concurrent.locks.AbstractQueuedSynchronizer$ConditionObject.await(AbstractQueuedSynchronizer.java:1712)&#10;        at java.base@21.0.6/java.util.concurrent.LinkedBlockingQueue.take(LinkedBlockingQueue.java:435)&#10;        at java.base@21.0.6/java.util.concurrent.ThreadPoolExecutor.getTask(ThreadPoolExecutor.java:1070)&#10;        at java.base@21.0.6/java.util.concurrent.ThreadPoolExecutor.runWorker(ThreadPoolExecutor.java:1130)&#10;        at java.base@21.0.6/java.util.concurrent.ThreadPoolExecutor$Worker.run(ThreadPoolExecutor.java:642)&#10;        at java.base@21.0.6/java.lang.Thread.runWith(Thread.java:1596)&#10;        at java.base@21.0.6/java.lang.Thread.run(Thread.java:1583)&#10;&quot;IPC Server handler 8 on default port 15019&quot; daemon prio=5 tid=599 timed_waiting&#10;java.lang.Thread.State: TIMED_WAITING&#10;        at java.base@21.0.6/jdk.internal.misc.Unsafe.park(Native Method)&#10;        at java.base@21.0.6/java.util.concurrent.locks.LockSupport.parkNanos(LockSupport.java:269)&#10;        at java.base@21.0.6/java.util.concurrent.locks.AbstractQueuedSynchronizer$ConditionObject.awaitNanos(AbstractQueuedSynchronizer.java:1763)&#10;        at java.base@21.0.6/java.util.concurrent.LinkedBlockingQueue.poll(LinkedBlockingQueue.java:460)&#10;        at app//org.apache.hadoop.ipc.CallQueueManager.take(CallQueueManager.java:370)&#10;        at app//org.apache.hadoop.ipc.Server$Handler.run(Server.java:3165)&#10;&quot;4a3059aa-ae89-4e47-8f1e-08d61ab31d43-ChunkWriter-1-0&quot; daemon prio=5 tid=842 in Object.wait()&#10;java.lang.Thread.State: WAITING (on object monitor)&#10;        at java.base@21.0.6/jdk.internal.misc.Unsafe.park(Native Method)&#10;        at java.base@21.0.6/java.util.concurrent.locks.LockSupport.park(LockSupport.java:371)&#10;        at java.base@21.0.6/java.util.concurrent.locks.AbstractQueuedSynchronizer$ConditionNode.block(AbstractQueuedSynchronizer.java:519)&#10;        at java.base@21.0.6/java.util.concurrent.ForkJoinPool.unmanagedBlock(ForkJoinPool.java:3780)&#10;        at java.base@21.0.6/java.util.concurrent.ForkJoinPool.managedBlock(ForkJoinPool.java:3725)&#10;        at java.base@21.0.6/java.util.concurrent.locks.AbstractQueuedSynchronizer$ConditionObject.await(AbstractQueuedSynchronizer.java:1712)&#10;        at java.base@21.0.6/java.util.concurrent.LinkedBlockingDeque.takeFirst(LinkedBlockingDeque.java:485)&#10;        at java.base@21.0.6/java.util.concurrent.LinkedBlockingDeque.take(LinkedBlockingDeque.java:673)&#10;        at java.base@21.0.6/java.util.concurrent.ThreadPoolExecutor.getTask(ThreadPoolExecutor.java:1070)&#10;        at java.base@21.0.6/java.util.concurrent.ThreadPoolExecutor.runWorker(ThreadPoolExecutor.java:1130)&#10;        at java.base@21.0.6/java.util.concurrent.ThreadPoolExecutor$Worker.run(ThreadPoolExecutor.java:642)&#10;        at java.base@21.0.6/java.lang.Thread.runWith(Thread.java:1596)&#10;        at java.base@21.0.6/java.lang.Thread.run(Thread.java:1583)&#10;&quot;pool-65-thread-1&quot;  prio=5 tid=485 timed_waiting&#10;java.lang.Thread.State: TIMED_WAITING&#10;        at java.base@21.0.6/jdk.internal.misc.Unsafe.park(Native Method)&#10;        at java.base@21.0.6/java.util.concurrent.locks.LockSupport.parkNanos(LockSupport.java:269)&#10;        at java.base@21.0.6/java.util.concurrent.locks.AbstractQueuedSynchronizer$ConditionObject.awaitNanos(AbstractQueuedSynchronizer.java:1763)&#10;        at java.base@21.0.6/java.util.concurrent.ScheduledThreadPoolExecutor$DelayedWorkQueue.take(ScheduledThreadPoolExecutor.java:1182)&#10;        at java.base@21.0.6/java.util.concurrent.ScheduledThreadPoolExecutor$DelayedWorkQueue.take(ScheduledThreadPoolExecutor.java:899)&#10;        at java.base@21.0.6/java.util.concurrent.ThreadPoolExecutor.getTask(ThreadPoolExecutor.java:1070)&#10;        at java.base@21.0.6/java.util.concurrent.ThreadPoolExecutor.runWorker(ThreadPoolExecutor.java:1130)&#10;        at java.base@21.0.6/java.util.concurrent.ThreadPoolExecutor$Worker.run(ThreadPoolExecutor.java:642)&#10;        at java.base@21.0.6/java.lang.Thread.runWith(Thread.java:1596)&#10;        at java.base@21.0.6/java.lang.Thread.run(Thread.java:1583)&#10;&quot;d6a19b8b-82a2-4947-8b44-7228be6ad053@group-6CDEAD350F28-SegmentedRaftLogWorker&quot;  prio=5 tid=945 timed_waiting&#10;java.lang.Thread.State: TIMED_WAITING&#10;        at java.base@21.0.6/jdk.internal.misc.Unsafe.park(Native Method)&#10;        at java.base@21.0.6/java.util.concurrent.locks.LockSupport.parkNanos(LockSupport.java:269)&#10;        at java.base@21.0.6/java.util.concurrent.locks.AbstractQueuedSynchronizer$ConditionObject.awaitNanos(AbstractQueuedSynchronizer.java:1763)&#10;        at app//org.apache.ratis.util.DataBlockingQueue.poll(DataBlockingQueue.java:148)&#10;        at app//org.apache.ratis.server.raftlog.segmented.SegmentedRaftLogWorker.run(SegmentedRaftLogWorker.java:307)&#10;        at app//org.apache.ratis.server.raftlog.segmented.SegmentedRaftLogWorker$$Lambda/0x00007fd0ac390888.run(Unknown Source)&#10;        at java.base@21.0.6/java.util.concurrent.Executors$RunnableAdapter.call(Executors.java:572)&#10;        at java.base@21.0.6/java.util.concurrent.FutureTask.run(FutureTask.java:317)&#10;        at java.base@21.0.6/java.util.concurrent.ThreadPoolExecutor.runWorker(ThreadPoolExecutor.java:1144)&#10;        at java.base@21.0.6/java.util.concurrent.ThreadPoolExecutor$Worker.run(ThreadPoolExecutor.java:642)&#10;        at java.base@21.0.6/java.lang.Thread.runWith(Thread.java:1596)&#10;        at java.base@21.0.6/java.lang.Thread.run(Thread.java:1583)&#10;&quot;om1@group-C5BA1605619E-cacheEviction-AwaitToRun&quot; daemon prio=5 tid=461 in Object.wait()&#10;java.lang.Thread.State: WAITING (on object monitor)&#10;        at java.base@21.0.6/jdk.internal.misc.Unsafe.park(Native Method)&#10;        at java.base@21.0.6/java.util.concurrent.locks.LockSupport.park(LockSupport.java:371)&#10;        at java.base@21.0.6/java.util.concurrent.locks.AbstractQueuedSynchronizer$ConditionNode.block(AbstractQueuedSynchronizer.java:519)&#10;        at java.base@21.0.6/java.util.concurrent.ForkJoinPool.unmanagedBlock(ForkJoinPool.java:3780)&#10;        at java.base@21.0.6/java.util.concurrent.ForkJoinPool.managedBlock(ForkJoinPool.java:3725)&#10;        at java.base@21.0.6/java.util.concurrent.locks.AbstractQueuedSynchronizer$ConditionObject.await(AbstractQueuedSynchronizer.java:1712)&#10;        at app//org.apache.ratis.util.AwaitForSignal.await(AwaitForSignal.java:48)&#10;        at app//org.apache.ratis.util.AwaitToRun$RunnableImpl.run(AwaitToRun.java:47)&#10;        at java.base@21.0.6/java.lang.Thread.runWith(Thread.java:1596)&#10;        at java.base@21.0.6/java.lang.Thread.run(Thread.java:1583)&#10;&quot;4a3059aa-ae89-4e47-8f1e-08d61ab31d43@group-93F6C2665618-StateMachineUpdater&quot; daemon prio=5 tid=953 timed_waiting&#10;java.lang.Thread.State: TIMED_WAITING&#10;        at java.base@21.0.6/jdk.internal.misc.Unsafe.park(Native Method)&#10;        at java.base@21.0.6/java.util.concurrent.locks.LockSupport.parkNanos(LockSupport.java:269)&#10;        at java.base@21.0.6/java.util.concurrent.locks.AbstractQueuedSynchronizer$ConditionObject.await(AbstractQueuedSynchronizer.java:1852)&#10;        at app//org.apache.ratis.util.AwaitForSignal.await(AwaitForSignal.java:65)&#10;        at app//org.apache.ratis.server.impl.StateMachineUpdater.waitForCommit(StateMachineUpdater.java:219)&#10;        at app//org.apache.ratis.server.impl.StateMachineUpdater.run(StateMachineUpdater.java:187)&#10;        at java.base@21.0.6/java.lang.Thread.runWith(Thread.java:1596)&#10;        at java.base@21.0.6/java.lang.Thread.run(Thread.java:1583)&#10;&quot;Hadoop-Metrics-Updater-0&quot; daemon prio=5 tid=100 timed_waiting&#10;java.lang.Thread.State: TIMED_WAITING&#10;        at java.base@21.0.6/jdk.internal.misc.Unsafe.park(Native Method)&#10;        at java.base@21.0.6/java.util.concurrent.locks.LockSupport.parkNanos(LockSupport.java:269)&#10;        at java.base@21.0.6/java.util.concurrent.locks.AbstractQueuedSynchronizer$ConditionObject.awaitNanos(AbstractQueuedSynchronizer.java:1763)&#10;        at java.base@21.0.6/java.util.concurrent.ScheduledThreadPoolExecutor$DelayedWorkQueue.take(ScheduledThreadPoolExecutor.java:1182)&#10;        at java.base@21.0.6/java.util.concurrent.ScheduledThreadPoolExecutor$DelayedWorkQueue.take(ScheduledThreadPoolExecutor.java:899)&#10;        at java.base@21.0.6/java.util.concurrent.ThreadPoolExecutor.getTask(ThreadPoolExecutor.java:1070)&#10;        at java.base@21.0.6/java.util.concurrent.ThreadPoolExecutor.runWorker(ThreadPoolExecutor.java:1130)&#10;        at java.base@21.0.6/java.util.concurrent.ThreadPoolExecutor$Worker.run(ThreadPoolExecutor.java:642)&#10;        at java.base@21.0.6/java.lang.Thread.runWith(Thread.java:1596)&#10;        at java.base@21.0.6/java.lang.Thread.run(Thread.java:1583)&#10;&quot;Timer for &apos;StorageContainerManager&apos; metrics system&quot; daemon prio=5 tid=117 timed_waiting&#10;java.lang.Thread.State: TIMED_WAITING&#10;        at java.base@21.0.6/java.lang.Object.wait0(Native Method)&#10;        at java.base@21.0.6/java.lang.Object.wait(Object.java:366)&#10;        at java.base@21.0.6/java.util.TimerThread.mainLoop(Timer.java:563)&#10;        at java.base@21.0.6/java.util.TimerThread.run(Timer.java:516)&#10;&quot;IPC Server handler 7 on default port 15002&quot; daemon prio=5 tid=343 timed_waiting&#10;java.lang.Thread.State: TIMED_WAITING&#10;        at java.base@21.0.6/jdk.internal.misc.Unsafe.park(Native Method)&#10;        at java.base@21.0.6/java.util.concurrent.locks.LockSupport.parkNanos(LockSupport.java:269)&#10;        at java.base@21.0.6/java.util.concurrent.locks.AbstractQueuedSynchronizer$ConditionObject.awaitNanos(AbstractQueuedSynchronizer.java:1763)&#10;        at java.base@21.0.6/java.util.concurrent.LinkedBlockingQueue.poll(LinkedBlockingQueue.java:460)&#10;        at app//org.apache.hadoop.ipc.CallQueueManager.take(CallQueueManager.java:370)&#10;        at app//org.apache.hadoop.ipc.Server$Handler.run(Server.java:3165)&#10;&quot;IPC Server handler 19 on default port 15002&quot; daemon prio=5 tid=355 timed_waiting&#10;java.lang.Thread.State: TIMED_WAITING&#10;        at java.base@21.0.6/jdk.internal.misc.Unsafe.park(Native Method)&#10;        at java.base@21.0.6/java.util.concurrent.locks.LockSupport.parkNanos(LockSupport.java:269)&#10;        at java.base@21.0.6/java.util.concurrent.locks.AbstractQueuedSynchronizer$ConditionObject.awaitNanos(AbstractQueuedSynchronizer.java:1763)&#10;        at java.base@21.0.6/java.util.concurrent.LinkedBlockingQueue.poll(LinkedBlockingQueue.java:460)&#10;        at app//org.apache.hadoop.ipc.CallQueueManager.take(CallQueueManager.java:370)&#10;        at app//org.apache.hadoop.ipc.Server$Handler.run(Server.java:3165)&#10;&quot;IPC Server idle connection scanner for port 15019&quot; daemon prio=5 tid=588 timed_waiting&#10;java.lang.Thread.State: TIMED_WAITING&#10;        at java.base@21.0.6/java.lang.Object.wait0(Native Method)&#10;        at java.base@21.0.6/java.lang.Object.wait(Object.java:366)&#10;        at java.base@21.0.6/java.util.TimerThread.mainLoop(Timer.java:563)&#10;        at java.base@21.0.6/java.util.TimerThread.run(Timer.java:516)&#10;&quot;JvmPauseMonitor7&quot; daemon prio=5 tid=845 timed_waiting&#10;java.lang.Thread.State: TIMED_WAITING&#10;        at java.base@21.0.6/java.lang.Thread.sleep0(Native Method)&#10;        at java.base@21.0.6/java.lang.Thread.sleep(Thread.java:558)&#10;        at java.base@21.0.6/java.util.concurrent.TimeUnit.sleep(TimeUnit.java:446)&#10;        at app//org.apache.ratis.util.TimeDuration.sleep(TimeDuration.java:353)&#10;        at app//org.apache.ratis.util.TimeDuration.sleep(TimeDuration.java:338)&#10;        at app//org.apache.ratis.util.JvmPauseMonitor.detectPause(JvmPauseMonitor.java:160)&#10;        at app//org.apache.ratis.util.JvmPauseMonitor.run(JvmPauseMonitor.java:149)&#10;        at app//org.apache.ratis.util.JvmPauseMonitor$$Lambda/0x00007fd0ac3a9508.run(Unknown Source)&#10;        at java.base@21.0.6/java.lang.Thread.runWith(Thread.java:1596)&#10;        at java.base@21.0.6/java.lang.Thread.run(Thread.java:1583)&#10;&quot;IPC Server Responder&quot; daemon prio=5 tid=99 runnable&#10;java.lang.Thread.State: RUNNABLE&#10;        at java.base@21.0.6/sun.nio.ch.EPoll.wait(Native Method)&#10;        at java.base@21.0.6/sun.nio.ch.EPollSelectorImpl.doSelect(EPollSelectorImpl.java:121)&#10;        at java.base@21.0.6/sun.nio.ch.SelectorImpl.lockAndDoSelect(SelectorImpl.java:130)&#10;        at java.base@21.0.6/sun.nio.ch.SelectorImpl.select(SelectorImpl.java:142)&#10;        at app//org.apache.hadoop.ipc.Server$Responder.doRunLoop(Server.java:1733)&#10;        at app//org.apache.hadoop.ipc.Server$Responder.run(Server.java:1716)&#10;&quot;IPC Server handler 83 on default port 15000&quot; daemon prio=5 tid=201 timed_waiting&#10;java.lang.Thread.State: TIMED_WAITING&#10;        at java.base@21.0.6/jdk.internal.misc.Unsafe.park(Native Method)&#10;        at java.base@21.0.6/java.util.concurrent.locks.LockSupport.parkNanos(LockSupport.java:269)&#10;        at java.base@21.0.6/java.util.concurrent.locks.AbstractQueuedSynchronizer$ConditionObject.awaitNanos(AbstractQueuedSynchronizer.java:1763)&#10;        at java.base@21.0.6/java.util.concurrent.LinkedBlockingQueue.poll(LinkedBlockingQueue.java:460)&#10;        at app//org.apache.hadoop.ipc.CallQueueManager.take(CallQueueManager.java:370)&#10;        at app//org.apache.hadoop.ipc.Server$Handler.run(Server.java:3165)&#10;&quot;Socket Reader #7 for port 15019&quot;  prio=5 tid=584 runnable&#10;java.lang.Thread.State: RUNNABLE&#10;        at java.base@21.0.6/sun.nio.ch.EPoll.wait(Native Method)&#10;        at java.base@21.0.6/sun.nio.ch.EPollSelectorImpl.doSelect(EPollSelectorImpl.java:121)&#10;        at java.base@21.0.6/sun.nio.ch.SelectorImpl.lockAndDoSelect(SelectorImpl.java:130)&#10;        at java.base@21.0.6/sun.nio.ch.SelectorImpl.select(SelectorImpl.java:147)&#10;        at app//org.apache.hadoop.ipc.Server$Listener$Reader.doRunLoop(Server.java:1497)&#10;        at app//org.apache.hadoop.ipc.Server$Listener$Reader.run(Server.java:1476)&#10;&quot;qtp2005400801-619&quot; daemon prio=5 tid=619 timed_waiting&#10;java.lang.Thread.State: TIMED_WAITING&#10;        at java.base@21.0.6/jdk.internal.misc.Unsafe.park(Native Method)&#10;        at java.base@21.0.6/java.util.concurrent.locks.LockSupport.parkNanos(LockSupport.java:269)&#10;        at java.base@21.0.6/java.util.concurrent.locks.AbstractQueuedSynchronizer$ConditionObject.awaitNanos(AbstractQueuedSynchronizer.java:1763)&#10;        at app//org.eclipse.jetty.util.BlockingArrayQueue.poll(BlockingArrayQueue.java:382)&#10;        at app//org.eclipse.jetty.util.thread.QueuedThreadPool$Runner.idleJobPoll(QueuedThreadPool.java:974)&#10;        at app//org.eclipse.jetty.util.thread.QueuedThreadPool$Runner.run(QueuedThreadPool.java:1018)&#10;        at java.base@21.0.6/java.lang.Thread.runWith(Thread.java:1596)&#10;        at java.base@21.0.6/java.lang.Thread.run(Thread.java:1583)&#10;&quot;IPC Server handler 21 on default port 15000&quot; daemon prio=5 tid=139 timed_waiting&#10;java.lang.Thread.State: TIMED_WAITING&#10;        at java.base@21.0.6/jdk.internal.misc.Unsafe.park(Native Method)&#10;        at java.base@21.0.6/java.util.concurrent.locks.LockSupport.parkNanos(LockSupport.java:269)&#10;        at java.base@21.0.6/java.util.concurrent.locks.AbstractQueuedSynchronizer$ConditionObject.awaitNanos(AbstractQueuedSynchronizer.java:1763)&#10;        at java.base@21.0.6/java.util.concurrent.LinkedBlockingQueue.poll(LinkedBlockingQueue.java:460)&#10;        at app//org.apache.hadoop.ipc.CallQueueManager.take(CallQueueManager.java:370)&#10;        at app//org.apache.hadoop.ipc.Server$Handler.run(Server.java:3165)&#10;&quot;qtp1419970068-668-acceptor-0@74b1022e-ServerConnector@5279a1ca{HTTP/1.1, (http/1.1)}{0.0.0.0:15034}&quot; daemon prio=3 tid=668 runnable&#10;java.lang.Thread.State: RUNNABLE&#10;        at java.base@21.0.6/sun.nio.ch.Net.accept(Native Method)&#10;        at java.base@21.0.6/sun.nio.ch.ServerSocketChannelImpl.implAccept(ServerSocketChannelImpl.java:433)&#10;        at java.base@21.0.6/sun.nio.ch.ServerSocketChannelImpl.accept(ServerSocketChannelImpl.java:399)&#10;        at app//org.eclipse.jetty.server.ServerConnector.accept(ServerConnector.java:388)&#10;        at app//org.eclipse.jetty.server.AbstractConnector$Acceptor.run(AbstractConnector.java:704)&#10;        at app//org.eclipse.jetty.util.thread.QueuedThreadPool.runJob(QueuedThreadPool.java:883)&#10;        at app//org.eclipse.jetty.util.thread.QueuedThreadPool$Runner.run(QueuedThreadPool.java:1034)&#10;        at java.base@21.0.6/java.lang.Thread.runWith(Thread.java:1596)&#10;        at java.base@21.0.6/java.lang.Thread.run(Thread.java:1583)&#10;&quot;qtp2005400801-620&quot; daemon prio=5 tid=620 timed_waiting&#10;java.lang.Thread.State: TIMED_WAITING&#10;        at java.base@21.0.6/jdk.internal.misc.Unsafe.park(Native Method)&#10;        at java.base@21.0.6/java.util.concurrent.locks.LockSupport.parkNanos(LockSupport.java:269)&#10;        at java.base@21.0.6/java.util.concurrent.locks.AbstractQueuedSynchronizer$ConditionObject.awaitNanos(AbstractQueuedSynchronizer.java:1763)&#10;        at app//org.eclipse.jetty.util.BlockingArrayQueue.poll(BlockingArrayQueue.java:382)&#10;        at app//org.eclipse.jetty.util.thread.QueuedThreadPool$Runner.idleJobPoll(QueuedThreadPool.java:974)&#10;        at app//org.eclipse.jetty.util.thread.QueuedThreadPool$Runner.run(QueuedThreadPool.java:1018)&#10;        at java.base@21.0.6/java.lang.Thread.runWith(Thread.java:1596)&#10;        at java.base@21.0.6/java.lang.Thread.run(Thread.java:1583)&#10;&quot;IPC Server handler 9 on default port 15002&quot; daemon prio=5 tid=345 timed_waiting&#10;java.lang.Thread.State: TIMED_WAITING&#10;        at java.base@21.0.6/jdk.internal.misc.Unsafe.park(Native Method)&#10;        at java.base@21.0.6/java.util.concurrent.locks.LockSupport.parkNanos(LockSupport.java:269)&#10;        at java.base@21.0.6/java.util.concurrent.locks.AbstractQueuedSynchronizer$ConditionObject.awaitNanos(AbstractQueuedSynchronizer.java:1763)&#10;        at java.base@21.0.6/java.util.concurrent.LinkedBlockingQueue.poll(LinkedBlockingQueue.java:460)&#10;        at app//org.apache.hadoop.ipc.CallQueueManager.take(CallQueueManager.java:370)&#10;        at app//org.apache.hadoop.ipc.Server$Handler.run(Server.java:3165)&#10;&quot;Hadoop-Metrics-Updater-0&quot; daemon prio=5 tid=590 timed_waiting&#10;java.lang.Thread.State: TIMED_WAITING&#10;        at java.base@21.0.6/jdk.internal.misc.Unsafe.park(Native Method)&#10;        at java.base@21.0.6/java.util.concurrent.locks.LockSupport.parkNanos(LockSupport.java:269)&#10;        at java.base@21.0.6/java.util.concurrent.locks.AbstractQueuedSynchronizer$ConditionObject.awaitNanos(AbstractQueuedSynchronizer.java:1763)&#10;        at java.base@21.0.6/java.util.concurrent.ScheduledThreadPoolExecutor$DelayedWorkQueue.take(ScheduledThreadPoolExecutor.java:1182)&#10;        at java.base@21.0.6/java.util.concurrent.ScheduledThreadPoolExecutor$DelayedWorkQueue.take(ScheduledThreadPoolExecutor.java:899)&#10;        at java.base@21.0.6/java.util.concurrent.ThreadPoolExecutor.getTask(ThreadPoolExecutor.java:1070)&#10;        at java.base@21.0.6/java.util.concurrent.ThreadPoolExecutor.runWorker(ThreadPoolExecutor.java:1130)&#10;        at java.base@21.0.6/java.util.concurrent.ThreadPoolExecutor$Worker.run(ThreadPoolExecutor.java:642)&#10;        at java.base@21.0.6/java.lang.Thread.runWith(Thread.java:1596)&#10;        at java.base@21.0.6/java.lang.Thread.run(Thread.java:1583)&#10;&quot;IPC Server handler 35 on default port 15002&quot; daemon prio=5 tid=371 timed_waiting&#10;java.lang.Thread.State: TIMED_WAITING&#10;        at java.base@21.0.6/jdk.internal.misc.Unsafe.park(Native Method)&#10;        at java.base@21.0.6/java.util.concurrent.locks.LockSupport.parkNanos(LockSupport.java:269)&#10;        at java.base@21.0.6/java.util.concurrent.locks.AbstractQueuedSynchronizer$ConditionObject.awaitNanos(AbstractQueuedSynchronizer.java:1763)&#10;        at java.base@21.0.6/java.util.concurrent.LinkedBlockingQueue.poll(LinkedBlockingQueue.java:460)&#10;        at app//org.apache.hadoop.ipc.CallQueueManager.take(CallQueueManager.java:370)&#10;        at app//org.apache.hadoop.ipc.Server$Handler.run(Server.java:3165)&#10;&quot;timer5&quot; daemon prio=5 tid=1017 timed_waiting&#10;java.lang.Thread.State: TIMED_WAITING&#10;        at java.base@21.0.6/java.lang.Object.wait0(Native Method)&#10;        at java.base@21.0.6/java.lang.Object.wait(Object.java:366)&#10;        at java.base@21.0.6/java.util.TimerThread.mainLoop(Timer.java:563)&#10;        at java.base@21.0.6/java.util.TimerThread.run(Timer.java:516)&#10;&quot;om1-DirectoryDeletingService#8&quot; daemon prio=5 tid=482 in Object.wait()&#10;java.lang.Thread.State: WAITING (on object monitor)&#10;        at java.base@21.0.6/jdk.internal.misc.Unsafe.park(Native Method)&#10;        at java.base@21.0.6/java.util.concurrent.locks.LockSupport.park(LockSupport.java:371)&#10;        at java.base@21.0.6/java.util.concurrent.locks.AbstractQueuedSynchronizer$ConditionNode.block(AbstractQueuedSynchronizer.java:519)&#10;        at java.base@21.0.6/java.util.concurrent.ForkJoinPool.unmanagedBlock(ForkJoinPool.java:3780)&#10;        at java.base@21.0.6/java.util.concurrent.ForkJoinPool.managedBlock(ForkJoinPool.java:3725)&#10;        at java.base@21.0.6/java.util.concurrent.locks.AbstractQueuedSynchronizer$ConditionObject.await(AbstractQueuedSynchronizer.java:1712)&#10;        at java.base@21.0.6/java.util.concurrent.ScheduledThreadPoolExecutor$DelayedWorkQueue.take(ScheduledThreadPoolExecutor.java:1170)&#10;        at java.base@21.0.6/java.util.concurrent.ScheduledThreadPoolExecutor$DelayedWorkQueue.take(ScheduledThreadPoolExecutor.java:899)&#10;        at java.base@21.0.6/java.util.concurrent.ThreadPoolExecutor.getTask(ThreadPoolExecutor.java:1070)&#10;        at java.base@21.0.6/java.util.concurrent.ThreadPoolExecutor.runWorker(ThreadPoolExecutor.java:1130)&#10;        at java.base@21.0.6/java.util.concurrent.ThreadPoolExecutor$Worker.run(ThreadPoolExecutor.java:642)&#10;        at java.base@21.0.6/java.lang.Thread.runWith(Thread.java:1596)&#10;        at java.base@21.0.6/java.lang.Thread.run(Thread.java:1583)&#10;&quot;IPC Server handler 81 on default port 15001&quot; daemon prio=5 tid=299 timed_waiting&#10;java.lang.Thread.State: TIMED_WAITING&#10;        at java.base@21.0.6/jdk.internal.misc.Unsafe.park(Native Method)&#10;        at java.base@21.0.6/java.util.concurrent.locks.LockSupport.parkNanos(LockSupport.java:269)&#10;        at java.base@21.0.6/java.util.concurrent.locks.AbstractQueuedSynchronizer$ConditionObject.awaitNanos(AbstractQueuedSynchronizer.java:1763)&#10;        at java.base@21.0.6/java.util.concurrent.LinkedBlockingQueue.poll(LinkedBlockingQueue.java:460)&#10;        at app//org.apache.hadoop.ipc.CallQueueManager.take(CallQueueManager.java:370)&#10;        at app//org.apache.hadoop.ipc.Server$Handler.run(Server.java:3165)&#10;&quot;grpc-default-executor-5&quot; daemon prio=5 tid=1038 timed_waiting&#10;java.lang.Thread.State: TIMED_WAITING&#10;        at java.base@21.0.6/jdk.internal.misc.Unsafe.park(Native Method)&#10;        at java.base@21.0.6/java.util.concurrent.locks.LockSupport.parkNanos(LockSupport.java:410)&#10;        at java.base@21.0.6/java.util.concurrent.LinkedTransferQueue$DualNode.await(LinkedTransferQueue.java:452)&#10;        at java.base@21.0.6/java.util.concurrent.SynchronousQueue$Transferer.xferLifo(SynchronousQueue.java:194)&#10;        at java.base@21.0.6/java.util.concurrent.SynchronousQueue.xfer(SynchronousQueue.java:235)&#10;        at java.base@21.0.6/java.util.concurrent.SynchronousQueue.poll(SynchronousQueue.java:338)&#10;        at java.base@21.0.6/java.util.concurrent.ThreadPoolExecutor.getTask(ThreadPoolExecutor.java:1069)&#10;        at java.base@21.0.6/java.util.concurrent.ThreadPoolExecutor.runWorker(ThreadPoolExecutor.java:1130)&#10;        at java.base@21.0.6/java.util.concurrent.ThreadPoolExecutor$Worker.run(ThreadPoolExecutor.java:642)&#10;        at java.base@21.0.6/java.lang.Thread.runWith(Thread.java:1596)&#10;        at java.base@21.0.6/java.lang.Thread.run(Thread.java:1583)&#10;&quot;Socket Reader #3 for port 15002&quot;  prio=5 tid=62 runnable&#10;java.lang.Thread.State: RUNNABLE&#10;        at java.base@21.0.6/sun.nio.ch.EPoll.wait(Native Method)&#10;        at java.base@21.0.6/sun.nio.ch.EPollSelectorImpl.doSelect(EPollSelectorImpl.java:121)&#10;        at java.base@21.0.6/sun.nio.ch.SelectorImpl.lockAndDoSelect(SelectorImpl.java:130)&#10;        at java.base@21.0.6/sun.nio.ch.SelectorImpl.select(SelectorImpl.java:147)&#10;        at app//org.apache.hadoop.ipc.Server$Listener$Reader.doRunLoop(Server.java:1497)&#10;        at app//org.apache.hadoop.ipc.Server$Listener$Reader.run(Server.java:1476)&#10;&quot;IPC Server handler 15 on default port 15002&quot; daemon prio=5 tid=351 timed_waiting&#10;java.lang.Thread.State: TIMED_WAITING&#10;        at java.base@21.0.6/jdk.internal.misc.Unsafe.park(Native Method)&#10;        at java.base@21.0.6/java.util.concurrent.locks.LockSupport.parkNanos(LockSupport.java:269)&#10;        at java.base@21.0.6/java.util.concurrent.locks.AbstractQueuedSynchronizer$ConditionObject.awaitNanos(AbstractQueuedSynchronizer.java:1763)&#10;        at java.base@21.0.6/java.util.concurrent.LinkedBlockingQueue.poll(LinkedBlockingQueue.java:460)&#10;        at app//org.apache.hadoop.ipc.CallQueueManager.take(CallQueueManager.java:370)&#10;        at app//org.apache.hadoop.ipc.Server$Handler.run(Server.java:3165)&#10;&quot;pool-163-thread-1&quot;  prio=5 tid=665 timed_waiting&#10;java.lang.Thread.State: TIMED_WAITING&#10;        at java.base@21.0.6/jdk.internal.misc.Unsafe.park(Native Method)&#10;        at java.base@21.0.6/java.util.concurrent.locks.LockSupport.parkNanos(LockSupport.java:269)&#10;        at java.base@21.0.6/java.util.concurrent.locks.AbstractQueuedSynchronizer$ConditionObject.awaitNanos(AbstractQueuedSynchronizer.java:1763)&#10;        at java.base@21.0.6/java.util.concurrent.ScheduledThreadPoolExecutor$DelayedWorkQueue.take(ScheduledThreadPoolExecutor.java:1182)&#10;        at java.base@21.0.6/java.util.concurrent.ScheduledThreadPoolExecutor$DelayedWorkQueue.take(ScheduledThreadPoolExecutor.java:899)&#10;        at java.base@21.0.6/java.util.concurrent.ThreadPoolExecutor.getTask(ThreadPoolExecutor.java:1070)&#10;        at java.base@21.0.6/java.util.concurrent.ThreadPoolExecutor.runWorker(ThreadPoolExecutor.java:1130)&#10;        at java.base@21.0.6/java.util.concurrent.ThreadPoolExecutor$Worker.run(ThreadPoolExecutor.java:642)&#10;        at java.base@21.0.6/java.lang.Thread.runWith(Thread.java:1596)&#10;        at java.base@21.0.6/java.lang.Thread.run(Thread.java:1583)&#10;&quot;IPC Server handler 99 on default port 15000&quot; daemon prio=5 tid=217 timed_waiting&#10;java.lang.Thread.State: TIMED_WAITING&#10;        at java.base@21.0.6/jdk.internal.misc.Unsafe.park(Native Method)&#10;        at java.base@21.0.6/java.util.concurrent.locks.LockSupport.parkNanos(LockSupport.java:269)&#10;        at java.base@21.0.6/java.util.concurrent.locks.AbstractQueuedSynchronizer$ConditionObject.awaitNanos(AbstractQueuedSynchronizer.java:1763)&#10;        at java.base@21.0.6/java.util.concurrent.LinkedBlockingQueue.poll(LinkedBlockingQueue.java:460)&#10;        at app//org.apache.hadoop.ipc.CallQueueManager.take(CallQueueManager.java:370)&#10;        at app//org.apache.hadoop.ipc.Server$Handler.run(Server.java:3165)&#10;&quot;IPC Server handler 1 on default port 15006&quot; daemon prio=5 tid=496 timed_waiting&#10;java.lang.Thread.State: TIMED_WAITING&#10;        at java.base@21.0.6/jdk.internal.misc.Unsafe.park(Native Method)&#10;        at java.base@21.0.6/java.util.concurrent.locks.LockSupport.parkNanos(LockSupport.java:269)&#10;        at java.base@21.0.6/java.util.concurrent.locks.AbstractQueuedSynchronizer$ConditionObject.awaitNanos(AbstractQueuedSynchronizer.java:1763)&#10;        at java.base@21.0.6/java.util.concurrent.LinkedBlockingQueue.poll(LinkedBlockingQueue.java:460)&#10;        at app//org.apache.hadoop.ipc.CallQueueManager.take(CallQueueManager.java:370)&#10;        at app//org.apache.hadoop.ipc.Server$Handler.run(Server.java:3165)&#10;&quot;IPC Server handler 80 on default port 15000&quot; daemon prio=5 tid=198 timed_waiting&#10;java.lang.Thread.State: TIMED_WAITING&#10;        at java.base@21.0.6/jdk.internal.misc.Unsafe.park(Native Method)&#10;        at java.base@21.0.6/java.util.concurrent.locks.LockSupport.parkNanos(LockSupport.java:269)&#10;        at java.base@21.0.6/java.util.concurrent.locks.AbstractQueuedSynchronizer$ConditionObject.awaitNanos(AbstractQueuedSynchronizer.java:1763)&#10;        at java.base@21.0.6/java.util.concurrent.LinkedBlockingQueue.poll(LinkedBlockingQueue.java:460)&#10;        at app//org.apache.hadoop.ipc.CallQueueManager.take(CallQueueManager.java:370)&#10;        at app//org.apache.hadoop.ipc.Server$Handler.run(Server.java:3165)&#10;&quot;a6bf55e3-38e4-411e-ac0b-5acdb6a35656-ChunkWriter-3-0&quot; daemon prio=5 tid=805 in Object.wait()&#10;java.lang.Thread.State: WAITING (on object monitor)&#10;        at java.base@21.0.6/jdk.internal.misc.Unsafe.park(Native Method)&#10;        at java.base@21.0.6/java.util.concurrent.locks.LockSupport.park(LockSupport.java:371)&#10;        at java.base@21.0.6/java.util.concurrent.locks.AbstractQueuedSynchronizer$ConditionNode.block(AbstractQueuedSynchronizer.java:519)&#10;        at java.base@21.0.6/java.util.concurrent.ForkJoinPool.unmanagedBlock(ForkJoinPool.java:3780)&#10;        at java.base@21.0.6/java.util.concurrent.ForkJoinPool.managedBlock(ForkJoinPool.java:3725)&#10;        at java.base@21.0.6/java.util.concurrent.locks.AbstractQueuedSynchronizer$ConditionObject.await(AbstractQueuedSynchronizer.java:1712)&#10;        at java.base@21.0.6/java.util.concurrent.LinkedBlockingDeque.takeFirst(LinkedBlockingDeque.java:485)&#10;        at java.base@21.0.6/java.util.concurrent.LinkedBlockingDeque.take(LinkedBlockingDeque.java:673)&#10;        at java.base@21.0.6/java.util.concurrent.ThreadPoolExecutor.getTask(ThreadPoolExecutor.java:1070)&#10;        at java.base@21.0.6/java.util.concurrent.ThreadPoolExecutor.runWorker(ThreadPoolExecutor.java:1130)&#10;        at java.base@21.0.6/java.util.concurrent.ThreadPoolExecutor$Worker.run(ThreadPoolExecutor.java:642)&#10;        at java.base@21.0.6/java.lang.Thread.runWith(Thread.java:1596)&#10;        at java.base@21.0.6/java.lang.Thread.run(Thread.java:1583)&#10;&quot;IPC Server handler 67 on default port 15000&quot; daemon prio=5 tid=185 timed_waiting&#10;java.lang.Thread.State: TIMED_WAITING&#10;        at java.base@21.0.6/jdk.internal.misc.Unsafe.park(Native Method)&#10;        at java.base@21.0.6/java.util.concurrent.locks.LockSupport.parkNanos(LockSupport.java:269)&#10;        at java.base@21.0.6/java.util.concurrent.locks.AbstractQueuedSynchronizer$ConditionObject.awaitNanos(AbstractQueuedSynchronizer.java:1763)&#10;        at java.base@21.0.6/java.util.concurrent.LinkedBlockingQueue.poll(LinkedBlockingQueue.java:460)&#10;        at app//org.apache.hadoop.ipc.CallQueueManager.take(CallQueueManager.java:370)&#10;        at app//org.apache.hadoop.ipc.Server$Handler.run(Server.java:3165)&#10;&quot;EventQueue-PipelineReportForPipelineReportHandler&quot; daemon prio=5 tid=761 in Object.wait()&#10;java.lang.Thread.State: WAITING (on object monitor)&#10;        at java.base@21.0.6/jdk.internal.misc.Unsafe.park(Native Method)&#10;        at java.base@21.0.6/java.util.concurrent.locks.LockSupport.park(LockSupport.java:371)&#10;        at java.base@21.0.6/java.util.concurrent.locks.AbstractQueuedSynchronizer$ConditionNode.block(AbstractQueuedSynchronizer.java:519)&#10;        at java.base@21.0.6/java.util.concurrent.ForkJoinPool.unmanagedBlock(ForkJoinPool.java:3780)&#10;        at java.base@21.0.6/java.util.concurrent.ForkJoinPool.managedBlock(ForkJoinPool.java:3725)&#10;        at java.base@21.0.6/java.util.concurrent.locks.AbstractQueuedSynchronizer$ConditionObject.await(AbstractQueuedSynchronizer.java:1712)&#10;        at java.base@21.0.6/java.util.concurrent.LinkedBlockingQueue.take(LinkedBlockingQueue.java:435)&#10;        at java.base@21.0.6/java.util.concurrent.ThreadPoolExecutor.getTask(ThreadPoolExecutor.java:1070)&#10;        at java.base@21.0.6/java.util.concurrent.ThreadPoolExecutor.runWorker(ThreadPoolExecutor.java:1130)&#10;        at java.base@21.0.6/java.util.concurrent.ThreadPoolExecutor$Worker.run(ThreadPoolExecutor.java:642)&#10;        at java.base@21.0.6/java.lang.Thread.runWith(Thread.java:1596)&#10;        at java.base@21.0.6/java.lang.Thread.run(Thread.java:1583)&#10;&quot;Socket Reader #3 for port 15000&quot;  prio=5 tid=90 runnable&#10;java.lang.Thread.State: RUNNABLE&#10;        at java.base@21.0.6/sun.nio.ch.EPoll.wait(Native Method)&#10;        at java.base@21.0.6/sun.nio.ch.EPollSelectorImpl.doSelect(EPollSelectorImpl.java:121)&#10;        at java.base@21.0.6/sun.nio.ch.SelectorImpl.lockAndDoSelect(SelectorImpl.java:130)&#10;        at java.base@21.0.6/sun.nio.ch.SelectorImpl.select(SelectorImpl.java:147)&#10;        at app//org.apache.hadoop.ipc.Server$Listener$Reader.doRunLoop(Server.java:1497)&#10;        at app//org.apache.hadoop.ipc.Server$Listener$Reader.run(Server.java:1476)&#10;&quot;FixedThreadPoolWithAffinityExecutor-8-0&quot; daemon prio=5 tid=109 timed_waiting&#10;java.lang.Thread.State: TIMED_WAITING&#10;        at java.base@21.0.6/jdk.internal.misc.Unsafe.park(Native Method)&#10;        at java.base@21.0.6/java.util.concurrent.locks.LockSupport.parkNanos(LockSupport.java:269)&#10;        at java.base@21.0.6/java.util.concurrent.locks.AbstractQueuedSynchronizer$ConditionObject.awaitNanos(AbstractQueuedSynchronizer.java:1763)&#10;        at java.base@21.0.6/java.util.concurrent.LinkedBlockingQueue.poll(LinkedBlockingQueue.java:460)&#10;        at app//org.apache.hadoop.hdds.scm.server.ContainerReportQueue.poll(ContainerReportQueue.java:269)&#10;        at app//org.apache.hadoop.hdds.scm.server.ContainerReportQueue.poll(ContainerReportQueue.java:42)&#10;        at app//org.apache.hadoop.hdds.server.events.FixedThreadPoolWithAffinityExecutor$ContainerReportProcessTask.run(FixedThreadPoolWithAffinityExecutor.java:254)&#10;        at java.base@21.0.6/java.util.concurrent.Executors$RunnableAdapter.call(Executors.java:572)&#10;        at java.base@21.0.6/java.util.concurrent.FutureTask.run(FutureTask.java:317)&#10;        at java.base@21.0.6/java.util.concurrent.ThreadPoolExecutor.runWorker(ThreadPoolExecutor.java:1144)&#10;        at java.base@21.0.6/java.util.concurrent.ThreadPoolExecutor$Worker.run(ThreadPoolExecutor.java:642)&#10;        at java.base@21.0.6/java.lang.Thread.runWith(Thread.java:1596)&#10;        at java.base@21.0.6/java.lang.Thread.run(Thread.java:1583)&#10;&quot;IPC Server Responder&quot; daemon prio=5 tid=459 runnable&#10;java.lang.Thread.State: RUNNABLE&#10;        at java.base@21.0.6/sun.nio.ch.EPoll.wait(Native Method)&#10;        at java.base@21.0.6/sun.nio.ch.EPollSelectorImpl.doSelect(EPollSelectorImpl.java:121)&#10;        at java.base@21.0.6/sun.nio.ch.SelectorImpl.lockAndDoSelect(SelectorImpl.java:130)&#10;        at java.base@21.0.6/sun.nio.ch.SelectorImpl.select(SelectorImpl.java:142)&#10;        at app//org.apache.hadoop.ipc.Server$Responder.doRunLoop(Server.java:1733)&#10;        at app//org.apache.hadoop.ipc.Server$Responder.run(Server.java:1716)&#10;&quot;IPC Server listener on 15002&quot; daemon prio=5 tid=59 runnable&#10;java.lang.Thread.State: RUNNABLE&#10;        at java.base@21.0.6/sun.nio.ch.EPoll.wait(Native Method)&#10;        at java.base@21.0.6/sun.nio.ch.EPollSelectorImpl.doSelect(EPollSelectorImpl.java:121)&#10;        at java.base@21.0.6/sun.nio.ch.SelectorImpl.lockAndDoSelect(SelectorImpl.java:130)&#10;        at java.base@21.0.6/sun.nio.ch.SelectorImpl.select(SelectorImpl.java:147)&#10;        at app//org.apache.hadoop.ipc.Server$Listener.run(Server.java:1559)&#10;&quot;IPC Server handler 4 on default port 15006&quot; daemon prio=5 tid=499 timed_waiting&#10;java.lang.Thread.State: TIMED_WAITING&#10;        at java.base@21.0.6/jdk.internal.misc.Unsafe.park(Native Method)&#10;        at java.base@21.0.6/java.util.concurrent.locks.LockSupport.parkNanos(LockSupport.java:269)&#10;        at java.base@21.0.6/java.util.concurrent.locks.AbstractQueuedSynchronizer$ConditionObject.awaitNanos(AbstractQueuedSynchronizer.java:1763)&#10;        at java.base@21.0.6/java.util.concurrent.LinkedBlockingQueue.poll(LinkedBlockingQueue.java:460)&#10;        at app//org.apache.hadoop.ipc.CallQueueManager.take(CallQueueManager.java:370)&#10;        at app//org.apache.hadoop.ipc.Server$Handler.run(Server.java:3165)&#10;&quot;IPC Server handler 7 on default port 15001&quot; daemon prio=5 tid=225 timed_waiting&#10;java.lang.Thread.State: TIMED_WAITING&#10;        at java.base@21.0.6/jdk.internal.misc.Unsafe.park(Native Method)&#10;        at java.base@21.0.6/java.util.concurrent.locks.LockSupport.parkNanos(LockSupport.java:269)&#10;        at java.base@21.0.6/java.util.concurrent.locks.AbstractQueuedSynchronizer$ConditionObject.awaitNanos(AbstractQueuedSynchronizer.java:1763)&#10;        at java.base@21.0.6/java.util.concurrent.LinkedBlockingQueue.poll(LinkedBlockingQueue.java:460)&#10;        at app//org.apache.hadoop.ipc.CallQueueManager.take(CallQueueManager.java:370)&#10;        at app//org.apache.hadoop.ipc.Server$Handler.run(Server.java:3165)&#10;&quot;om1-DirectoryDeletingService#2&quot; daemon prio=5 tid=475 in Object.wait()&#10;java.lang.Thread.State: WAITING (on object monitor)&#10;        at java.base@21.0.6/jdk.internal.misc.Unsafe.park(Native Method)&#10;        at java.base@21.0.6/java.util.concurrent.locks.LockSupport.park(LockSupport.java:371)&#10;        at java.base@21.0.6/java.util.concurrent.locks.AbstractQueuedSynchronizer$ConditionNode.block(AbstractQueuedSynchronizer.java:519)&#10;        at java.base@21.0.6/java.util.concurrent.ForkJoinPool.unmanagedBlock(ForkJoinPool.java:3780)&#10;        at java.base@21.0.6/java.util.concurrent.ForkJoinPool.managedBlock(ForkJoinPool.java:3725)&#10;        at java.base@21.0.6/java.util.concurrent.locks.AbstractQueuedSynchronizer$ConditionObject.await(AbstractQueuedSynchronizer.java:1712)&#10;        at java.base@21.0.6/java.util.concurrent.ScheduledThreadPoolExecutor$DelayedWorkQueue.take(ScheduledThreadPoolExecutor.java:1170)&#10;        at java.base@21.0.6/java.util.concurrent.ScheduledThreadPoolExecutor$DelayedWorkQueue.take(ScheduledThreadPoolExecutor.java:899)&#10;        at java.base@21.0.6/java.util.concurrent.ThreadPoolExecutor.getTask(ThreadPoolExecutor.java:1070)&#10;        at java.base@21.0.6/java.util.concurrent.ThreadPoolExecutor.runWorker(ThreadPoolExecutor.java:1130)&#10;        at java.base@21.0.6/java.util.concurrent.ThreadPoolExecutor$Worker.run(ThreadPoolExecutor.java:642)&#10;        at java.base@21.0.6/java.lang.Thread.runWith(Thread.java:1596)&#10;        at java.base@21.0.6/java.lang.Thread.run(Thread.java:1583)&#10;&quot;qtp2117639382-492&quot; daemon prio=5 tid=492 timed_waiting&#10;java.lang.Thread.State: TIMED_WAITING&#10;        at java.base@21.0.6/jdk.internal.misc.Unsafe.park(Native Method)&#10;        at java.base@21.0.6/java.util.concurrent.locks.LockSupport.parkNanos(LockSupport.java:269)&#10;        at java.base@21.0.6/java.util.concurrent.locks.AbstractQueuedSynchronizer$ConditionObject.awaitNanos(AbstractQueuedSynchronizer.java:1763)&#10;        at app//org.eclipse.jetty.util.BlockingArrayQueue.poll(BlockingArrayQueue.java:382)&#10;        at app//org.eclipse.jetty.util.thread.QueuedThreadPool$Runner.idleJobPoll(QueuedThreadPool.java:974)&#10;        at app//org.eclipse.jetty.util.thread.QueuedThreadPool$Runner.run(QueuedThreadPool.java:1018)&#10;        at java.base@21.0.6/java.lang.Thread.runWith(Thread.java:1596)&#10;        at java.base@21.0.6/java.lang.Thread.run(Thread.java:1583)&#10;&quot;IPC Server handler 6 on default port 15000&quot; daemon prio=5 tid=124 timed_waiting&#10;java.lang.Thread.State: TIMED_WAITING&#10;        at java.base@21.0.6/jdk.internal.misc.Unsafe.park(Native Method)&#10;        at java.base@21.0.6/java.util.concurrent.locks.LockSupport.parkNanos(LockSupport.java:269)&#10;        at java.base@21.0.6/java.util.concurrent.locks.AbstractQueuedSynchronizer$ConditionObject.awaitNanos(AbstractQueuedSynchronizer.java:1763)&#10;        at java.base@21.0.6/java.util.concurrent.LinkedBlockingQueue.poll(LinkedBlockingQueue.java:460)&#10;        at app//org.apache.hadoop.ipc.CallQueueManager.take(CallQueueManager.java:370)&#10;        at app//org.apache.hadoop.ipc.Server$Handler.run(Server.java:3165)&#10;&quot;IPC Server handler 81 on default port 15002&quot; daemon prio=5 tid=417 timed_waiting&#10;java.lang.Thread.State: TIMED_WAITING&#10;        at java.base@21.0.6/jdk.internal.misc.Unsafe.park(Native Method)&#10;        at java.base@21.0.6/java.util.concurrent.locks.LockSupport.parkNanos(LockSupport.java:269)&#10;        at java.base@21.0.6/java.util.concurrent.locks.AbstractQueuedSynchronizer$ConditionObject.awaitNanos(AbstractQueuedSynchronizer.java:1763)&#10;        at java.base@21.0.6/java.util.concurrent.LinkedBlockingQueue.poll(LinkedBlockingQueue.java:460)&#10;        at app//org.apache.hadoop.ipc.CallQueueManager.take(CallQueueManager.java:370)&#10;        at app//org.apache.hadoop.ipc.Server$Handler.run(Server.java:3165)&#10;&quot;pool-119-thread-1&quot; daemon prio=5 tid=784 timed_waiting&#10;java.lang.Thread.State: TIMED_WAITING&#10;        at java.base@21.0.6/jdk.internal.misc.Unsafe.park(Native Method)&#10;        at java.base@21.0.6/java.util.concurrent.locks.LockSupport.parkNanos(LockSupport.java:269)&#10;        at java.base@21.0.6/java.util.concurrent.locks.AbstractQueuedSynchronizer$ConditionObject.awaitNanos(AbstractQueuedSynchronizer.java:1763)&#10;        at java.base@21.0.6/java.util.concurrent.ScheduledThreadPoolExecutor$DelayedWorkQueue.take(ScheduledThreadPoolExecutor.java:1182)&#10;        at java.base@21.0.6/java.util.concurrent.ScheduledThreadPoolExecutor$DelayedWorkQueue.take(ScheduledThreadPoolExecutor.java:899)&#10;        at java.base@21.0.6/java.util.concurrent.ThreadPoolExecutor.getTask(ThreadPoolExecutor.java:1070)&#10;        at java.base@21.0.6/java.util.concurrent.ThreadPoolExecutor.runWorker(ThreadPoolExecutor.java:1130)&#10;        at java.base@21.0.6/java.util.concurrent.ThreadPoolExecutor$Worker.run(ThreadPoolExecutor.java:642)&#10;        at java.base@21.0.6/java.lang.Thread.runWith(Thread.java:1596)&#10;        at java.base@21.0.6/java.lang.Thread.run(Thread.java:1583)&#10;&quot;IPC Server handler 94 on default port 15000&quot; daemon prio=5 tid=212 timed_waiting&#10;java.lang.Thread.State: TIMED_WAITING&#10;        at java.base@21.0.6/jdk.internal.misc.Unsafe.park(Native Method)&#10;        at java.base@21.0.6/java.util.concurrent.locks.LockSupport.parkNanos(LockSupport.java:269)&#10;        at java.base@21.0.6/java.util.concurrent.locks.AbstractQueuedSynchronizer$ConditionObject.awaitNanos(AbstractQueuedSynchronizer.java:1763)&#10;        at java.base@21.0.6/java.util.concurrent.LinkedBlockingQueue.poll(LinkedBlockingQueue.java:460)&#10;        at app//org.apache.hadoop.ipc.CallQueueManager.take(CallQueueManager.java:370)&#10;        at app//org.apache.hadoop.ipc.Server$Handler.run(Server.java:3165)&#10;&quot;IPC Server handler 64 on default port 15001&quot; daemon prio=5 tid=282 timed_waiting&#10;java.lang.Thread.State: TIMED_WAITING&#10;        at java.base@21.0.6/jdk.internal.misc.Unsafe.park(Native Method)&#10;        at java.base@21.0.6/java.util.concurrent.locks.LockSupport.parkNanos(LockSupport.java:269)&#10;        at java.base@21.0.6/java.util.concurrent.locks.AbstractQueuedSynchronizer$ConditionObject.awaitNanos(AbstractQueuedSynchronizer.java:1763)&#10;        at java.base@21.0.6/java.util.concurrent.LinkedBlockingQueue.poll(LinkedBlockingQueue.java:460)&#10;        at app//org.apache.hadoop.ipc.CallQueueManager.take(CallQueueManager.java:370)&#10;        at app//org.apache.hadoop.ipc.Server$Handler.run(Server.java:3165)&#10;&quot;Socket Reader #2 for port 15043&quot;  prio=5 tid=767 runnable&#10;java.lang.Thread.State: RUNNABLE&#10;        at java.base@21.0.6/sun.nio.ch.EPoll.wait(Native Method)&#10;        at java.base@21.0.6/sun.nio.ch.EPollSelectorImpl.doSelect(EPollSelectorImpl.java:121)&#10;        at java.base@21.0.6/sun.nio.ch.SelectorImpl.lockAndDoSelect(SelectorImpl.java:130)&#10;        at java.base@21.0.6/sun.nio.ch.SelectorImpl.select(SelectorImpl.java:147)&#10;        at app//org.apache.hadoop.ipc.Server$Listener$Reader.doRunLoop(Server.java:1497)&#10;        at app//org.apache.hadoop.ipc.Server$Listener$Reader.run(Server.java:1476)&#10;&quot;50f19a77-e23b-421f-a833-5664bb01cf1c-impl-thread1&quot;  prio=5 tid=49 timed_waiting&#10;java.lang.Thread.State: TIMED_WAITING&#10;        at java.base@21.0.6/jdk.internal.misc.Unsafe.park(Native Method)&#10;        at java.base@21.0.6/java.util.concurrent.locks.LockSupport.parkNanos(LockSupport.java:410)&#10;        at java.base@21.0.6/java.util.concurrent.LinkedTransferQueue$DualNode.await(LinkedTransferQueue.java:452)&#10;        at java.base@21.0.6/java.util.concurrent.SynchronousQueue$Transferer.xferLifo(SynchronousQueue.java:194)&#10;        at java.base@21.0.6/java.util.concurrent.SynchronousQueue.xfer(SynchronousQueue.java:235)&#10;        at java.base@21.0.6/java.util.concurrent.SynchronousQueue.poll(SynchronousQueue.java:338)&#10;        at java.base@21.0.6/java.util.concurrent.ThreadPoolExecutor.getTask(ThreadPoolExecutor.java:1069)&#10;        at java.base@21.0.6/java.util.concurrent.ThreadPoolExecutor.runWorker(ThreadPoolExecutor.java:1130)&#10;        at java.base@21.0.6/java.util.concurrent.ThreadPoolExecutor$Worker.run(ThreadPoolExecutor.java:642)&#10;        at java.base@21.0.6/java.lang.Thread.runWith(Thread.java:1596)&#10;        at java.base@21.0.6/java.lang.Thread.run(Thread.java:1583)&#10;&quot;IPC Server handler 99 on default port 15002&quot; daemon prio=5 tid=435 timed_waiting&#10;java.lang.Thread.State: TIMED_WAITING&#10;        at java.base@21.0.6/jdk.internal.misc.Unsafe.park(Native Method)&#10;        at java.base@21.0.6/java.util.concurrent.locks.LockSupport.parkNanos(LockSupport.java:269)&#10;        at java.base@21.0.6/java.util.concurrent.locks.AbstractQueuedSynchronizer$ConditionObject.awaitNanos(AbstractQueuedSynchronizer.java:1763)&#10;        at java.base@21.0.6/java.util.concurrent.LinkedBlockingQueue.poll(LinkedBlockingQueue.java:460)&#10;        at app//org.apache.hadoop.ipc.CallQueueManager.take(CallQueueManager.java:370)&#10;        at app//org.apache.hadoop.ipc.Server$Handler.run(Server.java:3165)&#10;&quot;IPC Server handler 76 on default port 15002&quot; daemon prio=5 tid=412 timed_waiting&#10;java.lang.Thread.State: TIMED_WAITING&#10;        at java.base@21.0.6/jdk.internal.misc.Unsafe.park(Native Method)&#10;        at java.base@21.0.6/java.util.concurrent.locks.LockSupport.parkNanos(LockSupport.java:269)&#10;        at java.base@21.0.6/java.util.concurrent.locks.AbstractQueuedSynchronizer$ConditionObject.awaitNanos(AbstractQueuedSynchronizer.java:1763)&#10;        at java.base@21.0.6/java.util.concurrent.LinkedBlockingQueue.poll(LinkedBlockingQueue.java:460)&#10;        at app//org.apache.hadoop.ipc.CallQueueManager.take(CallQueueManager.java:370)&#10;        at app//org.apache.hadoop.ipc.Server$Handler.run(Server.java:3165)&#10;&quot;FixedThreadPoolWithAffinityExecutor-3-0&quot; daemon prio=5 tid=104 timed_waiting&#10;java.lang.Thread.State: TIMED_WAITING&#10;        at java.base@21.0.6/jdk.internal.misc.Unsafe.park(Native Method)&#10;        at java.base@21.0.6/java.util.concurrent.locks.LockSupport.parkNanos(LockSupport.java:269)&#10;        at java.base@21.0.6/java.util.concurrent.locks.AbstractQueuedSynchronizer$ConditionObject.awaitNanos(AbstractQueuedSynchronizer.java:1763)&#10;        at java.base@21.0.6/java.util.concurrent.LinkedBlockingQueue.poll(LinkedBlockingQueue.java:460)&#10;        at app//org.apache.hadoop.hdds.scm.server.ContainerReportQueue.poll(ContainerReportQueue.java:269)&#10;        at app//org.apache.hadoop.hdds.scm.server.ContainerReportQueue.poll(ContainerReportQueue.java:42)&#10;        at app//org.apache.hadoop.hdds.server.events.FixedThreadPoolWithAffinityExecutor$ContainerReportProcessTask.run(FixedThreadPoolWithAffinityExecutor.java:254)&#10;        at java.base@21.0.6/java.util.concurrent.Executors$RunnableAdapter.call(Executors.java:572)&#10;        at java.base@21.0.6/java.util.concurrent.FutureTask.run(FutureTask.java:317)&#10;        at java.base@21.0.6/java.util.concurrent.ThreadPoolExecutor.runWorker(ThreadPoolExecutor.java:1144)&#10;        at java.base@21.0.6/java.util.concurrent.ThreadPoolExecutor$Worker.run(ThreadPoolExecutor.java:642)&#10;        at java.base@21.0.6/java.lang.Thread.runWith(Thread.java:1596)&#10;        at java.base@21.0.6/java.lang.Thread.run(Thread.java:1583)&#10;&quot;om1@group-C5BA1605619E-StateMachineUpdater&quot; daemon prio=5 tid=464 timed_waiting&#10;java.lang.Thread.State: TIMED_WAITING&#10;        at java.base@21.0.6/jdk.internal.misc.Unsafe.park(Native Method)&#10;        at java.base@21.0.6/java.util.concurrent.locks.LockSupport.parkNanos(LockSupport.java:269)&#10;        at java.base@21.0.6/java.util.concurrent.locks.AbstractQueuedSynchronizer$ConditionObject.await(AbstractQueuedSynchronizer.java:1852)&#10;        at app//org.apache.ratis.util.AwaitForSignal.await(AwaitForSignal.java:65)&#10;        at app//org.apache.ratis.server.impl.StateMachineUpdater.waitForCommit(StateMachineUpdater.java:219)&#10;        at app//org.apache.ratis.server.impl.StateMachineUpdater.run(StateMachineUpdater.java:187)&#10;        at java.base@21.0.6/java.lang.Thread.runWith(Thread.java:1596)&#10;        at java.base@21.0.6/java.lang.Thread.run(Thread.java:1583)&#10;&quot;om1-DirectoryDeletingService#3&quot; daemon prio=5 tid=476 in Object.wait()&#10;java.lang.Thread.State: WAITING (on object monitor)&#10;        at java.base@21.0.6/jdk.internal.misc.Unsafe.park(Native Method)&#10;        at java.base@21.0.6/java.util.concurrent.locks.LockSupport.park(LockSupport.java:371)&#10;        at java.base@21.0.6/java.util.concurrent.locks.AbstractQueuedSynchronizer$ConditionNode.block(AbstractQueuedSynchronizer.java:519)&#10;        at java.base@21.0.6/java.util.concurrent.ForkJoinPool.unmanagedBlock(ForkJoinPool.java:3780)&#10;        at java.base@21.0.6/java.util.concurrent.ForkJoinPool.managedBlock(ForkJoinPool.java:3725)&#10;        at java.base@21.0.6/java.util.concurrent.locks.AbstractQueuedSynchronizer$ConditionObject.await(AbstractQueuedSynchronizer.java:1712)&#10;        at java.base@21.0.6/java.util.concurrent.ScheduledThreadPoolExecutor$DelayedWorkQueue.take(ScheduledThreadPoolExecutor.java:1177)&#10;        at java.base@21.0.6/java.util.concurrent.ScheduledThreadPoolExecutor$DelayedWorkQueue.take(ScheduledThreadPoolExecutor.java:899)&#10;        at java.base@21.0.6/java.util.concurrent.ThreadPoolExecutor.getTask(ThreadPoolExecutor.java:1070)&#10;        at java.base@21.0.6/java.util.concurrent.ThreadPoolExecutor.runWorker(ThreadPoolExecutor.java:1130)&#10;        at java.base@21.0.6/java.util.concurrent.ThreadPoolExecutor$Worker.run(ThreadPoolExecutor.java:642)&#10;        at java.base@21.0.6/java.lang.Thread.runWith(Thread.java:1596)&#10;        at java.base@21.0.6/java.lang.Thread.run(Thread.java:1583)&#10;&quot;Socket Reader #7 for port 15035&quot;  prio=5 tid=700 runnable&#10;java.lang.Thread.State: RUNNABLE&#10;        at java.base@21.0.6/sun.nio.ch.EPoll.wait(Native Method)&#10;        at java.base@21.0.6/sun.nio.ch.EPollSelectorImpl.doSelect(EPollSelectorImpl.java:121)&#10;        at java.base@21.0.6/sun.nio.ch.SelectorImpl.lockAndDoSelect(SelectorImpl.java:130)&#10;        at java.base@21.0.6/sun.nio.ch.SelectorImpl.select(SelectorImpl.java:147)&#10;        at app//org.apache.hadoop.ipc.Server$Listener$Reader.doRunLoop(Server.java:1497)&#10;        at app//org.apache.hadoop.ipc.Server$Listener$Reader.run(Server.java:1476)&#10;&quot;ForkJoinPool.commonPool-worker-1&quot; daemon prio=5 tid=34 in Object.wait()&#10;java.lang.Thread.State: WAITING (on object monitor)&#10;        at java.base@21.0.6/jdk.internal.misc.Unsafe.park(Native Method)&#10;        at java.base@21.0.6/java.util.concurrent.locks.LockSupport.park(LockSupport.java:371)&#10;        at java.base@21.0.6/java.util.concurrent.ForkJoinPool.awaitWork(ForkJoinPool.java:1893)&#10;        at java.base@21.0.6/java.util.concurrent.ForkJoinPool.runWorker(ForkJoinPool.java:1809)&#10;        at java.base@21.0.6/java.util.concurrent.ForkJoinWorkerThread.run(ForkJoinWorkerThread.java:188)&#10;&quot;d6a19b8b-82a2-4947-8b44-7228be6ad053@group-6CDEAD350F28-LeaderStateImpl&quot; daemon prio=5 tid=1031 timed_waiting&#10;java.lang.Thread.State: TIMED_WAITING&#10;        at java.base@21.0.6/jdk.internal.misc.Unsafe.park(Native Method)&#10;        at java.base@21.0.6/java.util.concurrent.locks.LockSupport.parkNanos(LockSupport.java:269)&#10;        at java.base@21.0.6/java.util.concurrent.locks.AbstractQueuedSynchronizer$ConditionObject.awaitNanos(AbstractQueuedSynchronizer.java:1763)&#10;        at java.base@21.0.6/java.util.concurrent.ArrayBlockingQueue.poll(ArrayBlockingQueue.java:435)&#10;        at app//org.apache.ratis.server.impl.LeaderStateImpl$EventQueue.poll(LeaderStateImpl.java:164)&#10;        at app//org.apache.ratis.server.impl.LeaderStateImpl$EventProcessor.run(LeaderStateImpl.java:763)&#10;&quot;Socket Reader #3 for port 15043&quot;  prio=5 tid=768 runnable&#10;java.lang.Thread.State: RUNNABLE&#10;        at java.base@21.0.6/sun.nio.ch.EPoll.wait(Native Method)&#10;        at java.base@21.0.6/sun.nio.ch.EPollSelectorImpl.doSelect(EPollSelectorImpl.java:121)&#10;        at java.base@21.0.6/sun.nio.ch.SelectorImpl.lockAndDoSelect(SelectorImpl.java:130)&#10;        at java.base@21.0.6/sun.nio.ch.SelectorImpl.select(SelectorImpl.java:147)&#10;        at app//org.apache.hadoop.ipc.Server$Listener$Reader.doRunLoop(Server.java:1497)&#10;        at app//org.apache.hadoop.ipc.Server$Listener$Reader.run(Server.java:1476)&#10;&quot;d6a19b8b-82a2-4947-8b44-7228be6ad053-DatanodeReportManager-3&quot; daemon prio=5 tid=721 timed_waiting&#10;java.lang.Thread.State: TIMED_WAITING&#10;        at java.base@21.0.6/jdk.internal.misc.Unsafe.park(Native Method)&#10;        at java.base@21.0.6/java.util.concurrent.locks.LockSupport.parkNanos(LockSupport.java:269)&#10;        at java.base@21.0.6/java.util.concurrent.locks.AbstractQueuedSynchronizer$ConditionObject.awaitNanos(AbstractQueuedSynchronizer.java:1763)&#10;        at java.base@21.0.6/java.util.concurrent.ScheduledThreadPoolExecutor$DelayedWorkQueue.take(ScheduledThreadPoolExecutor.java:1182)&#10;        at java.base@21.0.6/java.util.concurrent.ScheduledThreadPoolExecutor$DelayedWorkQueue.take(ScheduledThreadPoolExecutor.java:899)&#10;        at java.base@21.0.6/java.util.concurrent.ThreadPoolExecutor.getTask(ThreadPoolExecutor.java:1070)&#10;        at java.base@21.0.6/java.util.concurrent.ThreadPoolExecutor.runWorker(ThreadPoolExecutor.java:1130)&#10;        at java.base@21.0.6/java.util.concurrent.ThreadPoolExecutor$Worker.run(ThreadPoolExecutor.java:642)&#10;        at java.base@21.0.6/java.lang.Thread.runWith(Thread.java:1596)&#10;        at java.base@21.0.6/java.lang.Thread.run(Thread.java:1583)&#10;&quot;IPC Server handler 31 on default port 15000&quot; daemon prio=5 tid=149 timed_waiting&#10;java.lang.Thread.State: TIMED_WAITING&#10;        at java.base@21.0.6/jdk.internal.misc.Unsafe.park(Native Method)&#10;        at java.base@21.0.6/java.util.concurrent.locks.LockSupport.parkNanos(LockSupport.java:269)&#10;        at java.base@21.0.6/java.util.concurrent.locks.AbstractQueuedSynchronizer$ConditionObject.awaitNanos(AbstractQueuedSynchronizer.java:1763)&#10;        at java.base@21.0.6/java.util.concurrent.LinkedBlockingQueue.poll(LinkedBlockingQueue.java:460)&#10;        at app//org.apache.hadoop.ipc.CallQueueManager.take(CallQueueManager.java:370)&#10;        at app//org.apache.hadoop.ipc.Server$Handler.run(Server.java:3165)&#10;&quot;IPC Server handler 16 on default port 15000&quot; daemon prio=5 tid=134 timed_waiting&#10;java.lang.Thread.State: TIMED_WAITING&#10;        at java.base@21.0.6/jdk.internal.misc.Unsafe.park(Native Method)&#10;        at java.base@21.0.6/java.util.concurrent.locks.LockSupport.parkNanos(LockSupport.java:269)&#10;        at java.base@21.0.6/java.util.concurrent.locks.AbstractQueuedSynchronizer$ConditionObject.awaitNanos(AbstractQueuedSynchronizer.java:1763)&#10;        at java.base@21.0.6/java.util.concurrent.LinkedBlockingQueue.poll(LinkedBlockingQueue.java:460)&#10;        at app//org.apache.hadoop.ipc.CallQueueManager.take(CallQueueManager.java:370)&#10;        at app//org.apache.hadoop.ipc.Server$Handler.run(Server.java:3165)&#10;&quot;IPC Server handler 23 on default port 15000&quot; daemon prio=5 tid=141 timed_waiting&#10;java.lang.Thread.State: TIMED_WAITING&#10;        at java.base@21.0.6/jdk.internal.misc.Unsafe.park(Native Method)&#10;        at java.base@21.0.6/java.util.concurrent.locks.LockSupport.parkNanos(LockSupport.java:269)&#10;        at java.base@21.0.6/java.util.concurrent.locks.AbstractQueuedSynchronizer$ConditionObject.awaitNanos(AbstractQueuedSynchronizer.java:1763)&#10;        at java.base@21.0.6/java.util.concurrent.LinkedBlockingQueue.poll(LinkedBlockingQueue.java:460)&#10;        at app//org.apache.hadoop.ipc.CallQueueManager.take(CallQueueManager.java:370)&#10;        at app//org.apache.hadoop.ipc.Server$Handler.run(Server.java:3165)&#10;&quot;IPC Server handler 77 on default port 15002&quot; daemon prio=5 tid=413 timed_waiting&#10;java.lang.Thread.State: TIMED_WAITING&#10;        at java.base@21.0.6/jdk.internal.misc.Unsafe.park(Native Method)&#10;        at java.base@21.0.6/java.util.concurrent.locks.LockSupport.parkNanos(LockSupport.java:269)&#10;        at java.base@21.0.6/java.util.concurrent.locks.AbstractQueuedSynchronizer$ConditionObject.awaitNanos(AbstractQueuedSynchronizer.java:1763)&#10;        at java.base@21.0.6/java.util.concurrent.LinkedBlockingQueue.poll(LinkedBlockingQueue.java:460)&#10;        at app//org.apache.hadoop.ipc.CallQueueManager.take(CallQueueManager.java:370)&#10;        at app//org.apache.hadoop.ipc.Server$Handler.run(Server.java:3165)&#10;&quot;qtp897209100-575&quot; daemon prio=5 tid=575 timed_waiting&#10;java.lang.Thread.State: TIMED_WAITING&#10;        at java.base@21.0.6/jdk.internal.misc.Unsafe.park(Native Method)&#10;        at java.base@21.0.6/java.util.concurrent.locks.LockSupport.parkNanos(LockSupport.java:269)&#10;        at java.base@21.0.6/java.util.concurrent.locks.AbstractQueuedSynchronizer$ConditionObject.awaitNanos(AbstractQueuedSynchronizer.java:1763)&#10;        at app//org.eclipse.jetty.util.BlockingArrayQueue.poll(BlockingArrayQueue.java:382)&#10;        at app//org.eclipse.jetty.util.thread.QueuedThreadPool$Runner.idleJobPoll(QueuedThreadPool.java:974)&#10;        at app//org.eclipse.jetty.util.thread.QueuedThreadPool$Runner.run(QueuedThreadPool.java:1018)&#10;        at java.base@21.0.6/java.lang.Thread.runWith(Thread.java:1596)&#10;        at java.base@21.0.6/java.lang.Thread.run(Thread.java:1583)&#10;&quot;IPC Server handler 8 on default port 15001&quot; daemon prio=5 tid=226 timed_waiting&#10;java.lang.Thread.State: TIMED_WAITING&#10;        at java.base@21.0.6/jdk.internal.misc.Unsafe.park(Native Method)&#10;        at java.base@21.0.6/java.util.concurrent.locks.LockSupport.parkNanos(LockSupport.java:269)&#10;        at java.base@21.0.6/java.util.concurrent.locks.AbstractQueuedSynchronizer$ConditionObject.awaitNanos(AbstractQueuedSynchronizer.java:1763)&#10;        at java.base@21.0.6/java.util.concurrent.LinkedBlockingQueue.poll(LinkedBlockingQueue.java:460)&#10;        at app//org.apache.hadoop.ipc.CallQueueManager.take(CallQueueManager.java:370)&#10;        at app//org.apache.hadoop.ipc.Server$Handler.run(Server.java:3165)&#10;&quot;IPC Server handler 3 on default port 15019&quot; daemon prio=5 tid=594 timed_waiting&#10;java.lang.Thread.State: TIMED_WAITING&#10;        at java.base@21.0.6/jdk.internal.misc.Unsafe.park(Native Method)&#10;        at java.base@21.0.6/java.util.concurrent.locks.LockSupport.parkNanos(LockSupport.java:269)&#10;        at java.base@21.0.6/java.util.concurrent.locks.AbstractQueuedSynchronizer$ConditionObject.awaitNanos(AbstractQueuedSynchronizer.java:1763)&#10;        at java.base@21.0.6/java.util.concurrent.LinkedBlockingQueue.poll(LinkedBlockingQueue.java:460)&#10;        at app//org.apache.hadoop.ipc.CallQueueManager.take(CallQueueManager.java:370)&#10;        at app//org.apache.hadoop.ipc.Server$Handler.run(Server.java:3165)&#10;&quot;IPC Server handler 75 on default port 15002&quot; daemon prio=5 tid=411 timed_waiting&#10;java.lang.Thread.State: TIMED_WAITING&#10;        at java.base@21.0.6/jdk.internal.misc.Unsafe.park(Native Method)&#10;        at java.base@21.0.6/java.util.concurrent.locks.LockSupport.parkNanos(LockSupport.java:269)&#10;        at java.base@21.0.6/java.util.concurrent.locks.AbstractQueuedSynchronizer$ConditionObject.awaitNanos(AbstractQueuedSynchronizer.java:1763)&#10;        at java.base@21.0.6/java.util.concurrent.LinkedBlockingQueue.poll(LinkedBlockingQueue.java:460)&#10;        at app//org.apache.hadoop.ipc.CallQueueManager.take(CallQueueManager.java:370)&#10;        at app//org.apache.hadoop.ipc.Server$Handler.run(Server.java:3165)&#10;&quot;IPC Server handler 96 on default port 15002&quot; daemon prio=5 tid=432 timed_waiting&#10;java.lang.Thread.State: TIMED_WAITING&#10;        at java.base@21.0.6/jdk.internal.misc.Unsafe.park(Native Method)&#10;        at java.base@21.0.6/java.util.concurrent.locks.LockSupport.parkNanos(LockSupport.java:269)&#10;        at java.base@21.0.6/java.util.concurrent.locks.AbstractQueuedSynchronizer$ConditionObject.awaitNanos(AbstractQueuedSynchronizer.java:1763)&#10;        at java.base@21.0.6/java.util.concurrent.LinkedBlockingQueue.poll(LinkedBlockingQueue.java:460)&#10;        at app//org.apache.hadoop.ipc.CallQueueManager.take(CallQueueManager.java:370)&#10;        at app//org.apache.hadoop.ipc.Server$Handler.run(Server.java:3165)&#10;&quot;qtp2117639382-486&quot; daemon prio=5 tid=486 runnable&#10;java.lang.Thread.State: RUNNABLE&#10;        at java.base@21.0.6/sun.nio.ch.EPoll.wait(Native Method)&#10;        at java.base@21.0.6/sun.nio.ch.EPollSelectorImpl.doSelect(EPollSelectorImpl.java:121)&#10;        at java.base@21.0.6/sun.nio.ch.SelectorImpl.lockAndDoSelect(SelectorImpl.java:130)&#10;        at java.base@21.0.6/sun.nio.ch.SelectorImpl.select(SelectorImpl.java:147)&#10;        at app//org.eclipse.jetty.io.ManagedSelector.nioSelect(ManagedSelector.java:183)&#10;        at app//org.eclipse.jetty.io.ManagedSelector.select(ManagedSelector.java:190)&#10;        at app//org.eclipse.jetty.io.ManagedSelector$SelectorProducer.select(ManagedSelector.java:606)&#10;        at app//org.eclipse.jetty.io.ManagedSelector$SelectorProducer.produce(ManagedSelector.java:543)&#10;        at app//org.eclipse.jetty.util.thread.strategy.EatWhatYouKill.produceTask(EatWhatYouKill.java:362)&#10;        at app//org.eclipse.jetty.util.thread.strategy.EatWhatYouKill.doProduce(EatWhatYouKill.java:186)&#10;        at app//org.eclipse.jetty.util.thread.strategy.EatWhatYouKill.tryProduce(EatWhatYouKill.java:173)&#10;        at app//org.eclipse.jetty.util.thread.strategy.EatWhatYouKill.produce(EatWhatYouKill.java:137)&#10;        at app//org.eclipse.jetty.io.ManagedSelector$$Lambda/0x00007fd0ac690720.run(Unknown Source)&#10;        at app//org.eclipse.jetty.util.thread.QueuedThreadPool.runJob(QueuedThreadPool.java:883)&#10;        at app//org.eclipse.jetty.util.thread.QueuedThreadPool$Runner.run(QueuedThreadPool.java:1034)&#10;        at java.base@21.0.6/java.lang.Thread.runWith(Thread.java:1596)&#10;        at java.base@21.0.6/java.lang.Thread.run(Thread.java:1583)&#10;&quot;Finalizer&quot; daemon prio=8 tid=10 in Object.wait()&#10;java.lang.Thread.State: WAITING (on object monitor)&#10;        at java.base@21.0.6/java.lang.Object.wait0(Native Method)&#10;        at java.base@21.0.6/java.lang.Object.wait(Object.java:366)&#10;        at java.base@21.0.6/java.lang.Object.wait(Object.java:339)&#10;        at java.base@21.0.6/java.lang.ref.NativeReferenceQueue.await(NativeReferenceQueue.java:48)&#10;        at java.base@21.0.6/java.lang.ref.ReferenceQueue.remove0(ReferenceQueue.java:158)&#10;        at java.base@21.0.6/java.lang.ref.NativeReferenceQueue.remove(NativeReferenceQueue.java:89)&#10;        at java.base@21.0.6/java.lang.ref.Finalizer$FinalizerThread.run(Finalizer.java:173)&#10;&quot;IPC Parameter Sending Thread for 0.0.0.0/0.0.0.0:15000&quot; daemon prio=5 tid=1029 timed_waiting&#10;java.lang.Thread.State: TIMED_WAITING&#10;        at java.base@21.0.6/jdk.internal.misc.Unsafe.park(Native Method)&#10;        at java.base@21.0.6/java.util.concurrent.locks.LockSupport.parkNanos(LockSupport.java:410)&#10;        at java.base@21.0.6/java.util.concurrent.LinkedTransferQueue$DualNode.await(LinkedTransferQueue.java:452)&#10;        at java.base@21.0.6/java.util.concurrent.LinkedTransferQueue.xfer(LinkedTransferQueue.java:613)&#10;        at java.base@21.0.6/java.util.concurrent.SynchronousQueue.xfer(SynchronousQueue.java:235)&#10;        at java.base@21.0.6/java.util.concurrent.SynchronousQueue.poll(SynchronousQueue.java:338)&#10;        at app//org.apache.hadoop.ipc.Client$Connection$RpcRequestSender.run(Client.java:1121)&#10;        at java.base@21.0.6/java.lang.Thread.runWith(Thread.java:1596)&#10;        at java.base@21.0.6/java.lang.Thread.run(Thread.java:1583)&#10;&quot;IPC Server handler 91 on default port 15002&quot; daemon prio=5 tid=427 timed_waiting&#10;java.lang.Thread.State: TIMED_WAITING&#10;        at java.base@21.0.6/jdk.internal.misc.Unsafe.park(Native Method)&#10;        at java.base@21.0.6/java.util.concurrent.locks.LockSupport.parkNanos(LockSupport.java:269)&#10;        at java.base@21.0.6/java.util.concurrent.locks.AbstractQueuedSynchronizer$ConditionObject.awaitNanos(AbstractQueuedSynchronizer.java:1763)&#10;        at java.base@21.0.6/java.util.concurrent.LinkedBlockingQueue.poll(LinkedBlockingQueue.java:460)&#10;        at app//org.apache.hadoop.ipc.CallQueueManager.take(CallQueueManager.java:370)&#10;        at app//org.apache.hadoop.ipc.Server$Handler.run(Server.java:3165)&#10;&quot;Socket Reader #9 for port 15035&quot;  prio=5 tid=702 runnable&#10;java.lang.Thread.State: RUNNABLE&#10;        at java.base@21.0.6/sun.nio.ch.EPoll.wait(Native Method)&#10;        at java.base@21.0.6/sun.nio.ch.EPollSelectorImpl.doSelect(EPollSelectorImpl.java:121)&#10;        at java.base@21.0.6/sun.nio.ch.SelectorImpl.lockAndDoSelect(SelectorImpl.java:130)&#10;        at java.base@21.0.6/sun.nio.ch.SelectorImpl.select(SelectorImpl.java:147)&#10;        at app//org.apache.hadoop.ipc.Server$Listener$Reader.doRunLoop(Server.java:1497)&#10;        at app//org.apache.hadoop.ipc.Server$Listener$Reader.run(Server.java:1476)&#10;&quot;IPC Server listener on 15043&quot; daemon prio=5 tid=765 runnable&#10;java.lang.Thread.State: RUNNABLE&#10;        at java.base@21.0.6/sun.nio.ch.EPoll.wait(Native Method)&#10;        at java.base@21.0.6/sun.nio.ch.EPollSelectorImpl.doSelect(EPollSelectorImpl.java:121)&#10;        at java.base@21.0.6/sun.nio.ch.SelectorImpl.lockAndDoSelect(SelectorImpl.java:130)&#10;        at java.base@21.0.6/sun.nio.ch.SelectorImpl.select(SelectorImpl.java:147)&#10;        at app//org.apache.hadoop.ipc.Server$Listener.run(Server.java:1559)&#10;&quot;Socket Reader #1 for port 15027&quot;  prio=5 tid=624 runnable&#10;java.lang.Thread.State: RUNNABLE&#10;        at java.base@21.0.6/sun.nio.ch.EPoll.wait(Native Method)&#10;        at java.base@21.0.6/sun.nio.ch.EPollSelectorImpl.doSelect(EPollSelectorImpl.java:121)&#10;        at java.base@21.0.6/sun.nio.ch.SelectorImpl.lockAndDoSelect(SelectorImpl.java:130)&#10;        at java.base@21.0.6/sun.nio.ch.SelectorImpl.select(SelectorImpl.java:147)&#10;        at app//org.apache.hadoop.ipc.Server$Listener$Reader.doRunLoop(Server.java:1497)&#10;        at app//org.apache.hadoop.ipc.Server$Listener$Reader.run(Server.java:1476)&#10;&quot;a6bf55e3-38e4-411e-ac0b-5acdb6a35656@group-C713F1B5C815-StateMachineUpdater&quot; daemon prio=5 tid=925 timed_waiting&#10;java.lang.Thread.State: TIMED_WAITING&#10;        at java.base@21.0.6/jdk.internal.misc.Unsafe.park(Native Method)&#10;        at java.base@21.0.6/java.util.concurrent.locks.LockSupport.parkNanos(LockSupport.java:269)&#10;        at java.base@21.0.6/java.util.concurrent.locks.AbstractQueuedSynchronizer$ConditionObject.await(AbstractQueuedSynchronizer.java:1852)&#10;        at app//org.apache.ratis.util.AwaitForSignal.await(AwaitForSignal.java:65)&#10;        at app//org.apache.ratis.server.impl.StateMachineUpdater.waitForCommit(StateMachineUpdater.java:219)&#10;        at app//org.apache.ratis.server.impl.StateMachineUpdater.run(StateMachineUpdater.java:187)&#10;        at java.base@21.0.6/java.lang.Thread.runWith(Thread.java:1596)&#10;        at java.base@21.0.6/java.lang.Thread.run(Thread.java:1583)&#10;&quot;Socket Reader #10 for port 15019&quot;  prio=5 tid=587 runnable&#10;java.lang.Thread.State: RUNNABLE&#10;        at java.base@21.0.6/sun.nio.ch.EPoll.wait(Native Method)&#10;        at java.base@21.0.6/sun.nio.ch.EPollSelectorImpl.doSelect(EPollSelectorImpl.java:121)&#10;        at java.base@21.0.6/sun.nio.ch.SelectorImpl.lockAndDoSelect(SelectorImpl.java:130)&#10;        at java.base@21.0.6/sun.nio.ch.SelectorImpl.select(SelectorImpl.java:147)&#10;        at app//org.apache.hadoop.ipc.Server$Listener$Reader.doRunLoop(Server.java:1497)&#10;        at app//org.apache.hadoop.ipc.Server$Listener$Reader.run(Server.java:1476)&#10;&quot;IPC Server handler 8 on default port 15002&quot; daemon prio=5 tid=344 timed_waiting&#10;java.lang.Thread.State: TIMED_WAITING&#10;        at java.base@21.0.6/jdk.internal.misc.Unsafe.park(Native Method)&#10;        at java.base@21.0.6/java.util.concurrent.locks.LockSupport.parkNanos(LockSupport.java:269)&#10;        at java.base@21.0.6/java.util.concurrent.locks.AbstractQueuedSynchronizer$ConditionObject.awaitNanos(AbstractQueuedSynchronizer.java:1763)&#10;        at java.base@21.0.6/java.util.concurrent.LinkedBlockingQueue.poll(LinkedBlockingQueue.java:460)&#10;        at app//org.apache.hadoop.ipc.CallQueueManager.take(CallQueueManager.java:370)&#10;        at app//org.apache.hadoop.ipc.Server$Handler.run(Server.java:3165)&#10;&quot;IPC Server handler 78 on default port 15001&quot; daemon prio=5 tid=296 timed_waiting&#10;java.lang.Thread.State: TIMED_WAITING&#10;        at java.base@21.0.6/jdk.internal.misc.Unsafe.park(Native Method)&#10;        at java.base@21.0.6/java.util.concurrent.locks.LockSupport.parkNanos(LockSupport.java:269)&#10;        at java.base@21.0.6/java.util.concurrent.locks.AbstractQueuedSynchronizer$ConditionObject.awaitNanos(AbstractQueuedSynchronizer.java:1763)&#10;        at java.base@21.0.6/java.util.concurrent.LinkedBlockingQueue.poll(LinkedBlockingQueue.java:460)&#10;        at app//org.apache.hadoop.ipc.CallQueueManager.take(CallQueueManager.java:370)&#10;        at app//org.apache.hadoop.ipc.Server$Handler.run(Server.java:3165)&#10;&quot;Socket Reader #3 for port 15006&quot;  prio=5 tid=450 runnable&#10;java.lang.Thread.State: RUNNABLE&#10;        at java.base@21.0.6/sun.nio.ch.EPoll.wait(Native Method)&#10;        at java.base@21.0.6/sun.nio.ch.EPollSelectorImpl.doSelect(EPollSelectorImpl.java:121)&#10;        at java.base@21.0.6/sun.nio.ch.SelectorImpl.lockAndDoSelect(SelectorImpl.java:130)&#10;        at java.base@21.0.6/sun.nio.ch.SelectorImpl.select(SelectorImpl.java:147)&#10;        at app//org.apache.hadoop.ipc.Server$Listener$Reader.doRunLoop(Server.java:1497)&#10;        at app//org.apache.hadoop.ipc.Server$Listener$Reader.run(Server.java:1476)&#10;&quot;qtp2117639382-491&quot; daemon prio=5 tid=491 timed_waiting&#10;java.lang.Thread.State: TIMED_WAITING&#10;        at java.base@21.0.6/jdk.internal.misc.Unsafe.park(Native Method)&#10;        at java.base@21.0.6/java.util.concurrent.locks.LockSupport.parkNanos(LockSupport.java:269)&#10;        at java.base@21.0.6/java.util.concurrent.locks.AbstractQueuedSynchronizer$ConditionObject.awaitNanos(AbstractQueuedSynchronizer.java:1763)&#10;        at app//org.eclipse.jetty.util.BlockingArrayQueue.poll(BlockingArrayQueue.java:382)&#10;        at app//org.eclipse.jetty.util.thread.QueuedThreadPool$Runner.idleJobPoll(QueuedThreadPool.java:974)&#10;        at app//org.eclipse.jetty.util.thread.QueuedThreadPool$Runner.run(QueuedThreadPool.java:1018)&#10;        at java.base@21.0.6/java.lang.Thread.runWith(Thread.java:1596)&#10;        at java.base@21.0.6/java.lang.Thread.run(Thread.java:1583)&#10;&quot;IPC Server handler 29 on default port 15000&quot; daemon prio=5 tid=147 timed_waiting&#10;java.lang.Thread.State: TIMED_WAITING&#10;        at java.base@21.0.6/jdk.internal.misc.Unsafe.park(Native Method)&#10;        at java.base@21.0.6/java.util.concurrent.locks.LockSupport.parkNanos(LockSupport.java:269)&#10;        at java.base@21.0.6/java.util.concurrent.locks.AbstractQueuedSynchronizer$ConditionObject.awaitNanos(AbstractQueuedSynchronizer.java:1763)&#10;        at java.base@21.0.6/java.util.concurrent.LinkedBlockingQueue.poll(LinkedBlockingQueue.java:460)&#10;        at app//org.apache.hadoop.ipc.CallQueueManager.take(CallQueueManager.java:370)&#10;        at app//org.apache.hadoop.ipc.Server$Handler.run(Server.java:3165)&#10;&quot;OverReplicatedProcessor&quot; daemon prio=5 tid=57 timed_waiting&#10;java.lang.Thread.State: TIMED_WAITING&#10;        at java.base@21.0.6/java.lang.Object.wait0(Native Method)&#10;        at java.base@21.0.6/java.lang.Object.wait(Object.java:366)&#10;        at app//org.apache.hadoop.hdds.scm.container.replication.UnhealthyReplicationProcessor.run(UnhealthyReplicationProcessor.java:172)&#10;        at java.base@21.0.6/java.lang.Thread.runWith(Thread.java:1596)&#10;        at java.base@21.0.6/java.lang.Thread.run(Thread.java:1583)&#10;&quot;IPC Server handler 0 on default port 15000&quot; daemon prio=5 tid=118 timed_waiting&#10;java.lang.Thread.State: TIMED_WAITING&#10;        at java.base@21.0.6/jdk.internal.misc.Unsafe.park(Native Method)&#10;        at java.base@21.0.6/java.util.concurrent.locks.LockSupport.parkNanos(LockSupport.java:269)&#10;        at java.base@21.0.6/java.util.concurrent.locks.AbstractQueuedSynchronizer$ConditionObject.awaitNanos(AbstractQueuedSynchronizer.java:1763)&#10;        at java.base@21.0.6/java.util.concurrent.LinkedBlockingQueue.poll(LinkedBlockingQueue.java:460)&#10;        at app//org.apache.hadoop.ipc.CallQueueManager.take(CallQueueManager.java:370)&#10;        at app//org.apache.hadoop.ipc.Server$Handler.run(Server.java:3165)&#10;&quot;IPC Server handler 46 on default port 15001&quot; daemon prio=5 tid=264 timed_waiting&#10;java.lang.Thread.State: TIMED_WAITING&#10;        at java.base@21.0.6/jdk.internal.misc.Unsafe.park(Native Method)&#10;        at java.base@21.0.6/java.util.concurrent.locks.LockSupport.parkNanos(LockSupport.java:269)&#10;        at java.base@21.0.6/java.util.concurrent.locks.AbstractQueuedSynchronizer$ConditionObject.awaitNanos(AbstractQueuedSynchronizer.java:1763)&#10;        at java.base@21.0.6/java.util.concurrent.LinkedBlockingQueue.poll(LinkedBlockingQueue.java:460)&#10;        at app//org.apache.hadoop.ipc.CallQueueManager.take(CallQueueManager.java:370)&#10;        at app//org.apache.hadoop.ipc.Server$Handler.run(Server.java:3165)&#10;&quot;IPC Server handler 95 on default port 15002&quot; daemon prio=5 tid=431 timed_waiting&#10;java.lang.Thread.State: TIMED_WAITING&#10;        at java.base@21.0.6/jdk.internal.misc.Unsafe.park(Native Method)&#10;        at java.base@21.0.6/java.util.concurrent.locks.LockSupport.parkNanos(LockSupport.java:269)&#10;        at java.base@21.0.6/java.util.concurrent.locks.AbstractQueuedSynchronizer$ConditionObject.awaitNanos(AbstractQueuedSynchronizer.java:1763)&#10;        at java.base@21.0.6/java.util.concurrent.LinkedBlockingQueue.poll(LinkedBlockingQueue.java:460)&#10;        at app//org.apache.hadoop.ipc.CallQueueManager.take(CallQueueManager.java:370)&#10;        at app//org.apache.hadoop.ipc.Server$Handler.run(Server.java:3165)&#10;&quot;EventQueue-DatanodeCommandQueueUpdatedForDatanodeCommandCountUpdatedHandler&quot; daemon prio=5 tid=831 in Object.wait()&#10;java.lang.Thread.State: WAITING (on object monitor)&#10;        at java.base@21.0.6/jdk.internal.misc.Unsafe.park(Native Method)&#10;        at java.base@21.0.6/java.util.concurrent.locks.LockSupport.park(LockSupport.java:371)&#10;        at java.base@21.0.6/java.util.concurrent.locks.AbstractQueuedSynchronizer$ConditionNode.block(AbstractQueuedSynchronizer.java:519)&#10;        at java.base@21.0.6/java.util.concurrent.ForkJoinPool.unmanagedBlock(ForkJoinPool.java:3780)&#10;        at java.base@21.0.6/java.util.concurrent.ForkJoinPool.managedBlock(ForkJoinPool.java:3725)&#10;        at java.base@21.0.6/java.util.concurrent.locks.AbstractQueuedSynchronizer$ConditionObject.await(AbstractQueuedSynchronizer.java:1712)&#10;        at java.base@21.0.6/java.util.concurrent.LinkedBlockingQueue.take(LinkedBlockingQueue.java:435)&#10;        at java.base@21.0.6/java.util.concurrent.ThreadPoolExecutor.getTask(ThreadPoolExecutor.java:1070)&#10;        at java.base@21.0.6/java.util.concurrent.ThreadPoolExecutor.runWorker(ThreadPoolExecutor.java:1130)&#10;        at java.base@21.0.6/java.util.concurrent.ThreadPoolExecutor$Worker.run(ThreadPoolExecutor.java:642)&#10;        at java.base@21.0.6/java.lang.Thread.runWith(Thread.java:1596)&#10;        at java.base@21.0.6/java.lang.Thread.run(Thread.java:1583)&#10;&quot;qtp897209100-569&quot; daemon prio=5 tid=569 runnable&#10;java.lang.Thread.State: RUNNABLE&#10;        at java.base@21.0.6/sun.nio.ch.EPoll.wait(Native Method)&#10;        at java.base@21.0.6/sun.nio.ch.EPollSelectorImpl.doSelect(EPollSelectorImpl.java:121)&#10;        at java.base@21.0.6/sun.nio.ch.SelectorImpl.lockAndDoSelect(SelectorImpl.java:130)&#10;        at java.base@21.0.6/sun.nio.ch.SelectorImpl.select(SelectorImpl.java:147)&#10;        at app//org.eclipse.jetty.io.ManagedSelector.nioSelect(ManagedSelector.java:183)&#10;        at app//org.eclipse.jetty.io.ManagedSelector.select(ManagedSelector.java:190)&#10;        at app//org.eclipse.jetty.io.ManagedSelector$SelectorProducer.select(ManagedSelector.java:606)&#10;        at app//org.eclipse.jetty.io.ManagedSelector$SelectorProducer.produce(ManagedSelector.java:543)&#10;        at app//org.eclipse.jetty.util.thread.strategy.EatWhatYouKill.produceTask(EatWhatYouKill.java:362)&#10;        at app//org.eclipse.jetty.util.thread.strategy.EatWhatYouKill.doProduce(EatWhatYouKill.java:186)&#10;        at app//org.eclipse.jetty.util.thread.strategy.EatWhatYouKill.tryProduce(EatWhatYouKill.java:173)&#10;        at app//org.eclipse.jetty.util.thread.strategy.EatWhatYouKill.produce(EatWhatYouKill.java:137)&#10;        at app//org.eclipse.jetty.io.ManagedSelector$$Lambda/0x00007fd0ac690720.run(Unknown Source)&#10;        at app//org.eclipse.jetty.util.thread.QueuedThreadPool.runJob(QueuedThreadPool.java:883)&#10;        at app//org.eclipse.jetty.util.thread.QueuedThreadPool$Runner.run(QueuedThreadPool.java:1034)&#10;        at java.base@21.0.6/java.lang.Thread.runWith(Thread.java:1596)&#10;        at java.base@21.0.6/java.lang.Thread.run(Thread.java:1583)&#10;&quot;IPC Client (2079571758) connection to 0.0.0.0/0.0.0.0:15002 from runner&quot; daemon prio=5 tid=660 timed_waiting&#10;java.lang.Thread.State: TIMED_WAITING&#10;        at java.base@21.0.6/java.lang.Object.wait0(Native Method)&#10;        at java.base@21.0.6/java.lang.Object.wait(Object.java:366)&#10;        at app//org.apache.hadoop.ipc.Client$Connection.waitForWork(Client.java:1042)&#10;        at app//org.apache.hadoop.ipc.Client$Connection.run(Client.java:1093)&#10;&quot;Socket Reader #5 for port 15035&quot;  prio=5 tid=698 runnable&#10;java.lang.Thread.State: RUNNABLE&#10;        at java.base@21.0.6/sun.nio.ch.EPoll.wait(Native Method)&#10;        at java.base@21.0.6/sun.nio.ch.EPollSelectorImpl.doSelect(EPollSelectorImpl.java:121)&#10;        at java.base@21.0.6/sun.nio.ch.SelectorImpl.lockAndDoSelect(SelectorImpl.java:130)&#10;        at java.base@21.0.6/sun.nio.ch.SelectorImpl.select(SelectorImpl.java:147)&#10;        at app//org.apache.hadoop.ipc.Server$Listener$Reader.doRunLoop(Server.java:1497)&#10;        at app//org.apache.hadoop.ipc.Server$Listener$Reader.run(Server.java:1476)&#10;&quot;Socket Reader #6 for port 15043&quot;  prio=5 tid=771 runnable&#10;java.lang.Thread.State: RUNNABLE&#10;        at java.base@21.0.6/sun.nio.ch.EPoll.wait(Native Method)&#10;        at java.base@21.0.6/sun.nio.ch.EPollSelectorImpl.doSelect(EPollSelectorImpl.java:121)&#10;        at java.base@21.0.6/sun.nio.ch.SelectorImpl.lockAndDoSelect(SelectorImpl.java:130)&#10;        at java.base@21.0.6/sun.nio.ch.SelectorImpl.select(SelectorImpl.java:147)&#10;        at app//org.apache.hadoop.ipc.Server$Listener$Reader.doRunLoop(Server.java:1497)&#10;        at app//org.apache.hadoop.ipc.Server$Listener$Reader.run(Server.java:1476)&#10;&quot;IPC Server handler 69 on default port 15002&quot; daemon prio=5 tid=405 timed_waiting&#10;java.lang.Thread.State: TIMED_WAITING&#10;        at java.base@21.0.6/jdk.internal.misc.Unsafe.park(Native Method)&#10;        at java.base@21.0.6/java.util.concurrent.locks.LockSupport.parkNanos(LockSupport.java:269)&#10;        at java.base@21.0.6/java.util.concurrent.locks.AbstractQueuedSynchronizer$ConditionObject.awaitNanos(AbstractQueuedSynchronizer.java:1763)&#10;        at java.base@21.0.6/java.util.concurrent.LinkedBlockingQueue.poll(LinkedBlockingQueue.java:460)&#10;        at app//org.apache.hadoop.ipc.CallQueueManager.take(CallQueueManager.java:370)&#10;        at app//org.apache.hadoop.ipc.Server$Handler.run(Server.java:3165)&#10;&quot;timer7&quot; daemon prio=5 tid=1021 timed_waiting&#10;java.lang.Thread.State: TIMED_WAITING&#10;        at java.base@21.0.6/java.lang.Object.wait0(Native Method)&#10;        at java.base@21.0.6/java.lang.Object.wait(Object.java:366)&#10;        at java.base@21.0.6/java.util.TimerThread.mainLoop(Timer.java:563)&#10;        at java.base@21.0.6/java.util.TimerThread.run(Timer.java:516)&#10;&quot;IPC Server handler 82 on default port 15000&quot; daemon prio=5 tid=200 timed_waiting&#10;java.lang.Thread.State: TIMED_WAITING&#10;        at java.base@21.0.6/jdk.internal.misc.Unsafe.park(Native Method)&#10;        at java.base@21.0.6/java.util.concurrent.locks.LockSupport.parkNanos(LockSupport.java:269)&#10;        at java.base@21.0.6/java.util.concurrent.locks.AbstractQueuedSynchronizer$ConditionObject.awaitNanos(AbstractQueuedSynchronizer.java:1763)&#10;        at java.base@21.0.6/java.util.concurrent.LinkedBlockingQueue.poll(LinkedBlockingQueue.java:460)&#10;        at app//org.apache.hadoop.ipc.CallQueueManager.take(CallQueueManager.java:370)&#10;        at app//org.apache.hadoop.ipc.Server$Handler.run(Server.java:3165)&#10;&quot;Socket Reader #1 for port 15001&quot;  prio=5 tid=74 runnable&#10;java.lang.Thread.State: RUNNABLE&#10;        at java.base@21.0.6/sun.nio.ch.EPoll.wait(Native Method)&#10;        at java.base@21.0.6/sun.nio.ch.EPollSelectorImpl.doSelect(EPollSelectorImpl.java:121)&#10;        at java.base@21.0.6/sun.nio.ch.SelectorImpl.lockAndDoSelect(SelectorImpl.java:130)&#10;        at java.base@21.0.6/sun.nio.ch.SelectorImpl.select(SelectorImpl.java:147)&#10;        at app//org.apache.hadoop.ipc.Server$Listener$Reader.doRunLoop(Server.java:1497)&#10;        at app//org.apache.hadoop.ipc.Server$Listener$Reader.run(Server.java:1476)&#10;&quot;IPC Server handler 55 on default port 15000&quot; daemon prio=5 tid=173 timed_waiting&#10;java.lang.Thread.State: TIMED_WAITING&#10;        at java.base@21.0.6/jdk.internal.misc.Unsafe.park(Native Method)&#10;        at java.base@21.0.6/java.util.concurrent.locks.LockSupport.parkNanos(LockSupport.java:269)&#10;        at java.base@21.0.6/java.util.concurrent.locks.AbstractQueuedSynchronizer$ConditionObject.awaitNanos(AbstractQueuedSynchronizer.java:1763)&#10;        at java.base@21.0.6/java.util.concurrent.LinkedBlockingQueue.poll(LinkedBlockingQueue.java:460)&#10;        at app//org.apache.hadoop.ipc.CallQueueManager.take(CallQueueManager.java:370)&#10;        at app//org.apache.hadoop.ipc.Server$Handler.run(Server.java:3165)&#10;&quot;om1-DirectoryDeletingService#4&quot; daemon prio=5 tid=477 in Object.wait()&#10;java.lang.Thread.State: WAITING (on object monitor)&#10;        at java.base@21.0.6/jdk.internal.misc.Unsafe.park(Native Method)&#10;        at java.base@21.0.6/java.util.concurrent.locks.LockSupport.park(LockSupport.java:371)&#10;        at java.base@21.0.6/java.util.concurrent.locks.AbstractQueuedSynchronizer$ConditionNode.block(AbstractQueuedSynchronizer.java:519)&#10;        at java.base@21.0.6/java.util.concurrent.ForkJoinPool.unmanagedBlock(ForkJoinPool.java:3780)&#10;        at java.base@21.0.6/java.util.concurrent.ForkJoinPool.managedBlock(ForkJoinPool.java:3725)&#10;        at java.base@21.0.6/java.util.concurrent.locks.AbstractQueuedSynchronizer$ConditionObject.await(AbstractQueuedSynchronizer.java:1712)&#10;        at java.base@21.0.6/java.util.concurrent.ScheduledThreadPoolExecutor$DelayedWorkQueue.take(ScheduledThreadPoolExecutor.java:1170)&#10;        at java.base@21.0.6/java.util.concurrent.ScheduledThreadPoolExecutor$DelayedWorkQueue.take(ScheduledThreadPoolExecutor.java:899)&#10;        at java.base@21.0.6/java.util.concurrent.ThreadPoolExecutor.getTask(ThreadPoolExecutor.java:1070)&#10;        at java.base@21.0.6/java.util.concurrent.ThreadPoolExecutor.runWorker(ThreadPoolExecutor.java:1130)&#10;        at java.base@21.0.6/java.util.concurrent.ThreadPoolExecutor$Worker.run(ThreadPoolExecutor.java:642)&#10;        at java.base@21.0.6/java.lang.Thread.runWith(Thread.java:1596)&#10;        at java.base@21.0.6/java.lang.Thread.run(Thread.java:1583)&#10;&quot;grpc-default-executor-7&quot; daemon prio=5 tid=1040 timed_waiting&#10;java.lang.Thread.State: TIMED_WAITING&#10;        at java.base@21.0.6/jdk.internal.misc.Unsafe.park(Native Method)&#10;        at java.base@21.0.6/java.util.concurrent.locks.LockSupport.parkNanos(LockSupport.java:410)&#10;        at java.base@21.0.6/java.util.concurrent.LinkedTransferQueue$DualNode.await(LinkedTransferQueue.java:452)&#10;        at java.base@21.0.6/java.util.concurrent.SynchronousQueue$Transferer.xferLifo(SynchronousQueue.java:194)&#10;        at java.base@21.0.6/java.util.concurrent.SynchronousQueue.xfer(SynchronousQueue.java:235)&#10;        at java.base@21.0.6/java.util.concurrent.SynchronousQueue.poll(SynchronousQueue.java:338)&#10;        at java.base@21.0.6/java.util.concurrent.ThreadPoolExecutor.getTask(ThreadPoolExecutor.java:1069)&#10;        at java.base@21.0.6/java.util.concurrent.ThreadPoolExecutor.runWorker(ThreadPoolExecutor.java:1130)&#10;        at java.base@21.0.6/java.util.concurrent.ThreadPoolExecutor$Worker.run(ThreadPoolExecutor.java:642)&#10;        at java.base@21.0.6/java.lang.Thread.runWith(Thread.java:1596)&#10;        at java.base@21.0.6/java.lang.Thread.run(Thread.java:1583)&#10;&quot;IPC Server handler 17 on default port 15000&quot; daemon prio=5 tid=135 timed_waiting&#10;java.lang.Thread.State: TIMED_WAITING&#10;        at java.base@21.0.6/jdk.internal.misc.Unsafe.park(Native Method)&#10;        at java.base@21.0.6/java.util.concurrent.locks.LockSupport.parkNanos(LockSupport.java:269)&#10;        at java.base@21.0.6/java.util.concurrent.locks.AbstractQueuedSynchronizer$ConditionObject.awaitNanos(AbstractQueuedSynchronizer.java:1763)&#10;        at java.base@21.0.6/java.util.concurrent.LinkedBlockingQueue.poll(LinkedBlockingQueue.java:460)&#10;        at app//org.apache.hadoop.ipc.CallQueueManager.take(CallQueueManager.java:370)&#10;        at app//org.apache.hadoop.ipc.Server$Handler.run(Server.java:3165)&#10;&quot;org.apache.hadoop.ozone.container.common.statemachine.commandhandler.DeleteBlocksCommandHandler$DeleteCmdWorker@71a65c31&quot; daemon prio=5 tid=612 timed_waiting&#10;java.lang.Thread.State: TIMED_WAITING&#10;        at java.base@21.0.6/java.lang.Thread.sleep0(Native Method)&#10;        at java.base@21.0.6/java.lang.Thread.sleep(Thread.java:509)&#10;        at app//org.apache.hadoop.ozone.container.common.statemachine.commandhandler.DeleteBlocksCommandHandler$DeleteCmdWorker.run(DeleteBlocksCommandHandler.java:255)&#10;        at java.base@21.0.6/java.lang.Thread.runWith(Thread.java:1596)&#10;        at java.base@21.0.6/java.lang.Thread.run(Thread.java:1583)&#10;&quot;4a3059aa-ae89-4e47-8f1e-08d61ab31d43@group-93F6C2665618-SegmentedRaftLogWorker&quot;  prio=5 tid=951 timed_waiting&#10;java.lang.Thread.State: TIMED_WAITING&#10;        at java.base@21.0.6/jdk.internal.misc.Unsafe.park(Native Method)&#10;        at java.base@21.0.6/java.util.concurrent.locks.LockSupport.parkNanos(LockSupport.java:269)&#10;        at java.base@21.0.6/java.util.concurrent.locks.AbstractQueuedSynchronizer$ConditionObject.awaitNanos(AbstractQueuedSynchronizer.java:1763)&#10;        at app//org.apache.ratis.util.DataBlockingQueue.poll(DataBlockingQueue.java:148)&#10;        at app//org.apache.ratis.server.raftlog.segmented.SegmentedRaftLogWorker.run(SegmentedRaftLogWorker.java:307)&#10;        at app//org.apache.ratis.server.raftlog.segmented.SegmentedRaftLogWorker$$Lambda/0x00007fd0ac390888.run(Unknown Source)&#10;        at java.base@21.0.6/java.util.concurrent.Executors$RunnableAdapter.call(Executors.java:572)&#10;        at java.base@21.0.6/java.util.concurrent.FutureTask.run(FutureTask.java:317)&#10;        at java.base@21.0.6/java.util.concurrent.ThreadPoolExecutor.runWorker(ThreadPoolExecutor.java:1144)&#10;        at java.base@21.0.6/java.util.concurrent.ThreadPoolExecutor$Worker.run(ThreadPoolExecutor.java:642)&#10;        at java.base@21.0.6/java.lang.Thread.runWith(Thread.java:1596)&#10;        at java.base@21.0.6/java.lang.Thread.run(Thread.java:1583)&#10;&quot;IPC Server handler 17 on default port 15006&quot; daemon prio=5 tid=512 timed_waiting&#10;java.lang.Thread.State: TIMED_WAITING&#10;        at java.base@21.0.6/jdk.internal.misc.Unsafe.park(Native Method)&#10;        at java.base@21.0.6/java.util.concurrent.locks.LockSupport.parkNanos(LockSupport.java:269)&#10;        at java.base@21.0.6/java.util.concurrent.locks.AbstractQueuedSynchronizer$ConditionObject.awaitNanos(AbstractQueuedSynchronizer.java:1763)&#10;        at java.base@21.0.6/java.util.concurrent.LinkedBlockingQueue.poll(LinkedBlockingQueue.java:460)&#10;        at app//org.apache.hadoop.ipc.CallQueueManager.take(CallQueueManager.java:370)&#10;        at app//org.apache.hadoop.ipc.Server$Handler.run(Server.java:3165)&#10;&quot;IPC Server handler 15 on default port 15001&quot; daemon prio=5 tid=233 timed_waiting&#10;java.lang.Thread.State: TIMED_WAITING&#10;        at java.base@21.0.6/jdk.internal.misc.Unsafe.park(Native Method)&#10;        at java.base@21.0.6/java.util.concurrent.locks.LockSupport.parkNanos(LockSupport.java:269)&#10;        at java.base@21.0.6/java.util.concurrent.locks.AbstractQueuedSynchronizer$ConditionObject.awaitNanos(AbstractQueuedSynchronizer.java:1763)&#10;        at java.base@21.0.6/java.util.concurrent.LinkedBlockingQueue.poll(LinkedBlockingQueue.java:460)&#10;        at app//org.apache.hadoop.ipc.CallQueueManager.take(CallQueueManager.java:370)&#10;        at app//org.apache.hadoop.ipc.Server$Handler.run(Server.java:3165)&#10;&quot;IPC Server handler 4 on default port 15027&quot; daemon prio=5 tid=641 timed_waiting&#10;java.lang.Thread.State: TIMED_WAITING&#10;        at java.base@21.0.6/jdk.internal.misc.Unsafe.park(Native Method)&#10;        at java.base@21.0.6/java.util.concurrent.locks.LockSupport.parkNanos(LockSupport.java:269)&#10;        at java.base@21.0.6/java.util.concurrent.locks.AbstractQueuedSynchronizer$ConditionObject.awaitNanos(AbstractQueuedSynchronizer.java:1763)&#10;        at java.base@21.0.6/java.util.concurrent.LinkedBlockingQueue.poll(LinkedBlockingQueue.java:460)&#10;        at app//org.apache.hadoop.ipc.CallQueueManager.take(CallQueueManager.java:370)&#10;        at app//org.apache.hadoop.ipc.Server$Handler.run(Server.java:3165)&#10;&quot;IPC Server handler 9 on default port 15035&quot; daemon prio=5 tid=716 timed_waiting&#10;java.lang.Thread.State: TIMED_WAITING&#10;        at java.base@21.0.6/jdk.internal.misc.Unsafe.park(Native Method)&#10;        at java.base@21.0.6/java.util.concurrent.locks.LockSupport.parkNanos(LockSupport.java:269)&#10;        at java.base@21.0.6/java.util.concurrent.locks.AbstractQueuedSynchronizer$ConditionObject.awaitNanos(AbstractQueuedSynchronizer.java:1763)&#10;        at java.base@21.0.6/java.util.concurrent.LinkedBlockingQueue.poll(LinkedBlockingQueue.java:460)&#10;        at app//org.apache.hadoop.ipc.CallQueueManager.take(CallQueueManager.java:370)&#10;        at app//org.apache.hadoop.ipc.Server$Handler.run(Server.java:3165)&#10;&quot;IPC Parameter Sending Thread for 0.0.0.0/0.0.0.0:15002&quot; daemon prio=5 tid=661 timed_waiting&#10;java.lang.Thread.State: TIMED_WAITING&#10;        at java.base@21.0.6/jdk.internal.misc.Unsafe.park(Native Method)&#10;        at java.base@21.0.6/java.util.concurrent.locks.LockSupport.parkNanos(LockSupport.java:410)&#10;        at java.base@21.0.6/java.util.concurrent.LinkedTransferQueue$DualNode.await(LinkedTransferQueue.java:452)&#10;        at java.base@21.0.6/java.util.concurrent.LinkedTransferQueue.xfer(LinkedTransferQueue.java:613)&#10;        at java.base@21.0.6/java.util.concurrent.SynchronousQueue.xfer(SynchronousQueue.java:235)&#10;        at java.base@21.0.6/java.util.concurrent.SynchronousQueue.poll(SynchronousQueue.java:338)&#10;        at app//org.apache.hadoop.ipc.Client$Connection$RpcRequestSender.run(Client.java:1121)&#10;        at java.base@21.0.6/java.lang.Thread.runWith(Thread.java:1596)&#10;        at java.base@21.0.6/java.lang.Thread.run(Thread.java:1583)&#10;&quot;Notification Thread&quot; daemon prio=9 tid=22 runnable&#10;java.lang.Thread.State: RUNNABLE&#10;&quot;qtp1419970068-666&quot; daemon prio=5 tid=666 runnable&#10;java.lang.Thread.State: RUNNABLE&#10;        at java.base@21.0.6/sun.nio.ch.EPoll.wait(Native Method)&#10;        at java.base@21.0.6/sun.nio.ch.EPollSelectorImpl.doSelect(EPollSelectorImpl.java:121)&#10;        at java.base@21.0.6/sun.nio.ch.SelectorImpl.lockAndDoSelect(SelectorImpl.java:130)&#10;        at java.base@21.0.6/sun.nio.ch.SelectorImpl.select(SelectorImpl.java:147)&#10;        at app//org.eclipse.jetty.io.ManagedSelector.nioSelect(ManagedSelector.java:183)&#10;        at app//org.eclipse.jetty.io.ManagedSelector.select(ManagedSelector.java:190)&#10;        at app//org.eclipse.jetty.io.ManagedSelector$SelectorProducer.select(ManagedSelector.java:606)&#10;        at app//org.eclipse.jetty.io.ManagedSelector$SelectorProducer.produce(ManagedSelector.java:543)&#10;        at app//org.eclipse.jetty.util.thread.strategy.EatWhatYouKill.produceTask(EatWhatYouKill.java:362)&#10;        at app//org.eclipse.jetty.util.thread.strategy.EatWhatYouKill.doProduce(EatWhatYouKill.java:186)&#10;        at app//org.eclipse.jetty.util.thread.strategy.EatWhatYouKill.tryProduce(EatWhatYouKill.java:173)&#10;        at app//org.eclipse.jetty.util.thread.strategy.EatWhatYouKill.produce(EatWhatYouKill.java:137)&#10;        at app//org.eclipse.jetty.io.ManagedSelector$$Lambda/0x00007fd0ac690720.run(Unknown Source)&#10;        at app//org.eclipse.jetty.util.thread.QueuedThreadPool.runJob(QueuedThreadPool.java:883)&#10;        at app//org.eclipse.jetty.util.thread.QueuedThreadPool$Runner.run(QueuedThreadPool.java:1034)&#10;        at java.base@21.0.6/java.lang.Thread.runWith(Thread.java:1596)&#10;        at java.base@21.0.6/java.lang.Thread.run(Thread.java:1583)&#10;&quot;IPC Server handler 65 on default port 15000&quot; daemon prio=5 tid=183 timed_waiting&#10;java.lang.Thread.State: TIMED_WAITING&#10;        at java.base@21.0.6/jdk.internal.misc.Unsafe.park(Native Method)&#10;        at java.base@21.0.6/java.util.concurrent.locks.LockSupport.parkNanos(LockSupport.java:269)&#10;        at java.base@21.0.6/java.util.concurrent.locks.AbstractQueuedSynchronizer$ConditionObject.awaitNanos(AbstractQueuedSynchronizer.java:1763)&#10;        at java.base@21.0.6/java.util.concurrent.LinkedBlockingQueue.poll(LinkedBlockingQueue.java:460)&#10;        at app//org.apache.hadoop.ipc.CallQueueManager.take(CallQueueManager.java:370)&#10;        at app//org.apache.hadoop.ipc.Server$Handler.run(Server.java:3165)&#10;&quot;IPC Server handler 14 on default port 15006&quot; daemon prio=5 tid=509 timed_waiting&#10;java.lang.Thread.State: TIMED_WAITING&#10;        at java.base@21.0.6/jdk.internal.misc.Unsafe.park(Native Method)&#10;        at java.base@21.0.6/java.util.concurrent.locks.LockSupport.parkNanos(LockSupport.java:269)&#10;        at java.base@21.0.6/java.util.concurrent.locks.AbstractQueuedSynchronizer$ConditionObject.awaitNanos(AbstractQueuedSynchronizer.java:1763)&#10;        at java.base@21.0.6/java.util.concurrent.LinkedBlockingQueue.poll(LinkedBlockingQueue.java:460)&#10;        at app//org.apache.hadoop.ipc.CallQueueManager.take(CallQueueManager.java:370)&#10;        at app//org.apache.hadoop.ipc.Server$Handler.run(Server.java:3165)&#10;&quot;4a3059aa-ae89-4e47-8f1e-08d61ab31d43-NettyServerStreamRpc-bossGroup--thread1&quot;  prio=5 tid=743 runnable&#10;java.lang.Thread.State: RUNNABLE&#10;        at app//org.apache.ratis.thirdparty.io.netty.channel.epoll.Native.epollWait(Native Method)&#10;        at app//org.apache.ratis.thirdparty.io.netty.channel.epoll.Native.epollWait(Native.java:220)&#10;        at app//org.apache.ratis.thirdparty.io.netty.channel.epoll.Native.epollWait(Native.java:213)&#10;        at app//org.apache.ratis.thirdparty.io.netty.channel.epoll.EpollEventLoop.epollWaitNoTimerChange(EpollEventLoop.java:308)&#10;        at app//org.apache.ratis.thirdparty.io.netty.channel.epoll.EpollEventLoop.run(EpollEventLoop.java:365)&#10;        at app//org.apache.ratis.thirdparty.io.netty.util.concurrent.SingleThreadEventExecutor$4.run(SingleThreadEventExecutor.java:997)&#10;        at app//org.apache.ratis.thirdparty.io.netty.util.internal.ThreadExecutorMap$2.run(ThreadExecutorMap.java:74)&#10;        at java.base@21.0.6/java.lang.Thread.runWith(Thread.java:1596)&#10;        at java.base@21.0.6/java.lang.Thread.run(Thread.java:1583)&#10;&quot;Socket Reader #8 for port 15019&quot;  prio=5 tid=585 runnable&#10;java.lang.Thread.State: RUNNABLE&#10;        at java.base@21.0.6/sun.nio.ch.EPoll.wait(Native Method)&#10;        at java.base@21.0.6/sun.nio.ch.EPollSelectorImpl.doSelect(EPollSelectorImpl.java:121)&#10;        at java.base@21.0.6/sun.nio.ch.SelectorImpl.lockAndDoSelect(SelectorImpl.java:130)&#10;        at java.base@21.0.6/sun.nio.ch.SelectorImpl.select(SelectorImpl.java:147)&#10;        at app//org.apache.hadoop.ipc.Server$Listener$Reader.doRunLoop(Server.java:1497)&#10;        at app//org.apache.hadoop.ipc.Server$Listener$Reader.run(Server.java:1476)&#10;&quot;IPC Server handler 36 on default port 15002&quot; daemon prio=5 tid=372 timed_waiting&#10;java.lang.Thread.State: TIMED_WAITING&#10;        at java.base@21.0.6/jdk.internal.misc.Unsafe.park(Native Method)&#10;        at java.base@21.0.6/java.util.concurrent.locks.LockSupport.parkNanos(LockSupport.java:269)&#10;        at java.base@21.0.6/java.util.concurrent.locks.AbstractQueuedSynchronizer$ConditionObject.awaitNanos(AbstractQueuedSynchronizer.java:1763)&#10;        at java.base@21.0.6/java.util.concurrent.LinkedBlockingQueue.poll(LinkedBlockingQueue.java:460)&#10;        at app//org.apache.hadoop.ipc.CallQueueManager.take(CallQueueManager.java:370)&#10;        at app//org.apache.hadoop.ipc.Server$Handler.run(Server.java:3165)&#10;&quot;IPC Server handler 94 on default port 15001&quot; daemon prio=5 tid=312 timed_waiting&#10;java.lang.Thread.State: TIMED_WAITING&#10;        at java.base@21.0.6/jdk.internal.misc.Unsafe.park(Native Method)&#10;        at java.base@21.0.6/java.util.concurrent.locks.LockSupport.parkNanos(LockSupport.java:269)&#10;        at java.base@21.0.6/java.util.concurrent.locks.AbstractQueuedSynchronizer$ConditionObject.awaitNanos(AbstractQueuedSynchronizer.java:1763)&#10;        at java.base@21.0.6/java.util.concurrent.LinkedBlockingQueue.poll(LinkedBlockingQueue.java:460)&#10;        at app//org.apache.hadoop.ipc.CallQueueManager.take(CallQueueManager.java:370)&#10;        at app//org.apache.hadoop.ipc.Server$Handler.run(Server.java:3165)&#10;&quot;IPC Server handler 65 on default port 15001&quot; daemon prio=5 tid=283 timed_waiting&#10;java.lang.Thread.State: TIMED_WAITING&#10;        at java.base@21.0.6/jdk.internal.misc.Unsafe.park(Native Method)&#10;        at java.base@21.0.6/java.util.concurrent.locks.LockSupport.parkNanos(LockSupport.java:269)&#10;        at java.base@21.0.6/java.util.concurrent.locks.AbstractQueuedSynchronizer$ConditionObject.awaitNanos(AbstractQueuedSynchronizer.java:1763)&#10;        at java.base@21.0.6/java.util.concurrent.LinkedBlockingQueue.poll(LinkedBlockingQueue.java:460)&#10;        at app//org.apache.hadoop.ipc.CallQueueManager.take(CallQueueManager.java:370)&#10;        at app//org.apache.hadoop.ipc.Server$Handler.run(Server.java:3165)&#10;&quot;Socket Reader #3 for port 15001&quot;  prio=5 tid=76 runnable&#10;java.lang.Thread.State: RUNNABLE&#10;        at java.base@21.0.6/sun.nio.ch.EPoll.wait(Native Method)&#10;        at java.base@21.0.6/sun.nio.ch.EPollSelectorImpl.doSelect(EPollSelectorImpl.java:121)&#10;        at java.base@21.0.6/sun.nio.ch.SelectorImpl.lockAndDoSelect(SelectorImpl.java:130)&#10;        at java.base@21.0.6/sun.nio.ch.SelectorImpl.select(SelectorImpl.java:147)&#10;        at app//org.apache.hadoop.ipc.Server$Listener$Reader.doRunLoop(Server.java:1497)&#10;        at app//org.apache.hadoop.ipc.Server$Listener$Reader.run(Server.java:1476)&#10;&quot;IPC Server handler 79 on default port 15000&quot; daemon prio=5 tid=197 timed_waiting&#10;java.lang.Thread.State: TIMED_WAITING&#10;        at java.base@21.0.6/jdk.internal.misc.Unsafe.park(Native Method)&#10;        at java.base@21.0.6/java.util.concurrent.locks.LockSupport.parkNanos(LockSupport.java:269)&#10;        at java.base@21.0.6/java.util.concurrent.locks.AbstractQueuedSynchronizer$ConditionObject.awaitNanos(AbstractQueuedSynchronizer.java:1763)&#10;        at java.base@21.0.6/java.util.concurrent.LinkedBlockingQueue.poll(LinkedBlockingQueue.java:460)&#10;        at app//org.apache.hadoop.ipc.CallQueueManager.take(CallQueueManager.java:370)&#10;        at app//org.apache.hadoop.ipc.Server$Handler.run(Server.java:3165)&#10;&quot;timer0&quot; daemon prio=5 tid=1022 timed_waiting&#10;java.lang.Thread.State: TIMED_WAITING&#10;        at java.base@21.0.6/java.lang.Object.wait0(Native Method)&#10;        at java.base@21.0.6/java.lang.Object.wait(Object.java:366)&#10;        at java.base@21.0.6/java.util.TimerThread.mainLoop(Timer.java:563)&#10;        at java.base@21.0.6/java.util.TimerThread.run(Timer.java:516)&#10;&quot;om1-DirectoryDeletingService#6&quot; daemon prio=5 tid=479 in Object.wait()&#10;java.lang.Thread.State: WAITING (on object monitor)&#10;        at java.base@21.0.6/jdk.internal.misc.Unsafe.park(Native Method)&#10;        at java.base@21.0.6/java.util.concurrent.locks.LockSupport.park(LockSupport.java:371)&#10;        at java.base@21.0.6/java.util.concurrent.locks.AbstractQueuedSynchronizer$ConditionNode.block(AbstractQueuedSynchronizer.java:519)&#10;        at java.base@21.0.6/java.util.concurrent.ForkJoinPool.unmanagedBlock(ForkJoinPool.java:3780)&#10;        at java.base@21.0.6/java.util.concurrent.ForkJoinPool.managedBlock(ForkJoinPool.java:3725)&#10;        at java.base@21.0.6/java.util.concurrent.locks.AbstractQueuedSynchronizer$ConditionObject.await(AbstractQueuedSynchronizer.java:1712)&#10;        at java.base@21.0.6/java.util.concurrent.ScheduledThreadPoolExecutor$DelayedWorkQueue.take(ScheduledThreadPoolExecutor.java:1170)&#10;        at java.base@21.0.6/java.util.concurrent.ScheduledThreadPoolExecutor$DelayedWorkQueue.take(ScheduledThreadPoolExecutor.java:899)&#10;        at java.base@21.0.6/java.util.concurrent.ThreadPoolExecutor.getTask(ThreadPoolExecutor.java:1070)&#10;        at java.base@21.0.6/java.util.concurrent.ThreadPoolExecutor.runWorker(ThreadPoolExecutor.java:1130)&#10;        at java.base@21.0.6/java.util.concurrent.ThreadPoolExecutor$Worker.run(ThreadPoolExecutor.java:642)&#10;        at java.base@21.0.6/java.lang.Thread.runWith(Thread.java:1596)&#10;        at java.base@21.0.6/java.lang.Thread.run(Thread.java:1583)&#10;&quot;IPC Server handler 73 on default port 15000&quot; daemon prio=5 tid=191 timed_waiting&#10;java.lang.Thread.State: TIMED_WAITING&#10;        at java.base@21.0.6/jdk.internal.misc.Unsafe.park(Native Method)&#10;        at java.base@21.0.6/java.util.concurrent.locks.LockSupport.parkNanos(LockSupport.java:269)&#10;        at java.base@21.0.6/java.util.concurrent.locks.AbstractQueuedSynchronizer$ConditionObject.awaitNanos(AbstractQueuedSynchronizer.java:1763)&#10;        at java.base@21.0.6/java.util.concurrent.LinkedBlockingQueue.poll(LinkedBlockingQueue.java:460)&#10;        at app//org.apache.hadoop.ipc.CallQueueManager.take(CallQueueManager.java:370)&#10;        at app//org.apache.hadoop.ipc.Server$Handler.run(Server.java:3165)&#10;&quot;4a3059aa-ae89-4e47-8f1e-08d61ab31d43@group-93F6C2665618-LeaderStateImpl&quot; daemon prio=5 tid=1033 timed_waiting&#10;java.lang.Thread.State: TIMED_WAITING&#10;        at java.base@21.0.6/jdk.internal.misc.Unsafe.park(Native Method)&#10;        at java.base@21.0.6/java.util.concurrent.locks.LockSupport.parkNanos(LockSupport.java:269)&#10;        at java.base@21.0.6/java.util.concurrent.locks.AbstractQueuedSynchronizer$ConditionObject.awaitNanos(AbstractQueuedSynchronizer.java:1763)&#10;        at java.base@21.0.6/java.util.concurrent.ArrayBlockingQueue.poll(ArrayBlockingQueue.java:435)&#10;        at app//org.apache.ratis.server.impl.LeaderStateImpl$EventQueue.poll(LeaderStateImpl.java:164)&#10;        at app//org.apache.ratis.server.impl.LeaderStateImpl$EventProcessor.run(LeaderStateImpl.java:763)&#10;&quot;ContainerMetadataScanner&quot; daemon prio=5 tid=839 timed_waiting&#10;java.lang.Thread.State: TIMED_WAITING&#10;        at java.base@21.0.6/java.lang.Thread.sleep0(Native Method)&#10;        at java.base@21.0.6/java.lang.Thread.sleep(Thread.java:509)&#10;        at app//org.apache.hadoop.ozone.container.ozoneimpl.AbstractBackgroundContainerScanner.handleRemainingSleep(AbstractBackgroundContainerScanner.java:133)&#10;        at app//org.apache.hadoop.ozone.container.ozoneimpl.AbstractBackgroundContainerScanner.runIteration(AbstractBackgroundContainerScanner.java:100)&#10;        at app//org.apache.hadoop.ozone.container.ozoneimpl.AbstractBackgroundContainerScanner.run(AbstractBackgroundContainerScanner.java:59)&#10;        at java.base@21.0.6/java.lang.Thread.runWith(Thread.java:1596)&#10;        at java.base@21.0.6/java.lang.Thread.run(Thread.java:1583)&#10;&quot;IPC Server handler 3 on default port 15002&quot; daemon prio=5 tid=339 timed_waiting&#10;java.lang.Thread.State: TIMED_WAITING&#10;        at java.base@21.0.6/jdk.internal.misc.Unsafe.park(Native Method)&#10;        at java.base@21.0.6/java.util.concurrent.locks.LockSupport.parkNanos(LockSupport.java:269)&#10;        at java.base@21.0.6/java.util.concurrent.locks.AbstractQueuedSynchronizer$ConditionObject.awaitNanos(AbstractQueuedSynchronizer.java:1763)&#10;        at java.base@21.0.6/java.util.concurrent.LinkedBlockingQueue.poll(LinkedBlockingQueue.java:460)&#10;        at app//org.apache.hadoop.ipc.CallQueueManager.take(CallQueueManager.java:370)&#10;        at app//org.apache.hadoop.ipc.Server$Handler.run(Server.java:3165)&#10;&quot;IPC Server handler 17 on default port 15002&quot; daemon prio=5 tid=353 timed_waiting&#10;java.lang.Thread.State: TIMED_WAITING&#10;        at java.base@21.0.6/jdk.internal.misc.Unsafe.park(Native Method)&#10;        at java.base@21.0.6/java.util.concurrent.locks.LockSupport.parkNanos(LockSupport.java:269)&#10;        at java.base@21.0.6/java.util.concurrent.locks.AbstractQueuedSynchronizer$ConditionObject.awaitNanos(AbstractQueuedSynchronizer.java:1763)&#10;        at java.base@21.0.6/java.util.concurrent.LinkedBlockingQueue.poll(LinkedBlockingQueue.java:460)&#10;        at app//org.apache.hadoop.ipc.CallQueueManager.take(CallQueueManager.java:370)&#10;        at app//org.apache.hadoop.ipc.Server$Handler.run(Server.java:3165)&#10;&quot;EventQueue-NodeReportForNodeReportHandler&quot; daemon prio=5 tid=832 in Object.wait()&#10;java.lang.Thread.State: WAITING (on object monitor)&#10;        at java.base@21.0.6/jdk.internal.misc.Unsafe.park(Native Method)&#10;        at java.base@21.0.6/java.util.concurrent.locks.LockSupport.park(LockSupport.java:371)&#10;        at java.base@21.0.6/java.util.concurrent.locks.AbstractQueuedSynchronizer$ConditionNode.block(AbstractQueuedSynchronizer.java:519)&#10;        at java.base@21.0.6/java.util.concurrent.ForkJoinPool.unmanagedBlock(ForkJoinPool.java:3780)&#10;        at java.base@21.0.6/java.util.concurrent.ForkJoinPool.managedBlock(ForkJoinPool.java:3725)&#10;        at java.base@21.0.6/java.util.concurrent.locks.AbstractQueuedSynchronizer$ConditionObject.await(AbstractQueuedSynchronizer.java:1712)&#10;        at java.base@21.0.6/java.util.concurrent.LinkedBlockingQueue.take(LinkedBlockingQueue.java:435)&#10;        at java.base@21.0.6/java.util.concurrent.ThreadPoolExecutor.getTask(ThreadPoolExecutor.java:1070)&#10;        at java.base@21.0.6/java.util.concurrent.ThreadPoolExecutor.runWorker(ThreadPoolExecutor.java:1130)&#10;        at java.base@21.0.6/java.util.concurrent.ThreadPoolExecutor$Worker.run(ThreadPoolExecutor.java:642)&#10;        at java.base@21.0.6/java.lang.Thread.runWith(Thread.java:1596)&#10;        at java.base@21.0.6/java.lang.Thread.run(Thread.java:1583)&#10;&quot;org.apache.hadoop.ozone.container.common.statemachine.commandhandler.DeleteBlocksCommandHandler$DeleteCmdWorker@35b331de&quot; daemon prio=5 tid=566 timed_waiting&#10;java.lang.Thread.State: TIMED_WAITING&#10;        at java.base@21.0.6/java.lang.Thread.sleep0(Native Method)&#10;        at java.base@21.0.6/java.lang.Thread.sleep(Thread.java:509)&#10;        at app//org.apache.hadoop.ozone.container.common.statemachine.commandhandler.DeleteBlocksCommandHandler$DeleteCmdWorker.run(DeleteBlocksCommandHandler.java:255)&#10;        at java.base@21.0.6/java.lang.Thread.runWith(Thread.java:1596)&#10;        at java.base@21.0.6/java.lang.Thread.run(Thread.java:1583)&#10;&quot;IPC Server handler 38 on default port 15002&quot; daemon prio=5 tid=374 timed_waiting&#10;java.lang.Thread.State: TIMED_WAITING&#10;        at java.base@21.0.6/jdk.internal.misc.Unsafe.park(Native Method)&#10;        at java.base@21.0.6/java.util.concurrent.locks.LockSupport.parkNanos(LockSupport.java:269)&#10;        at java.base@21.0.6/java.util.concurrent.locks.AbstractQueuedSynchronizer$ConditionObject.awaitNanos(AbstractQueuedSynchronizer.java:1763)&#10;        at java.base@21.0.6/java.util.concurrent.LinkedBlockingQueue.poll(LinkedBlockingQueue.java:460)&#10;        at app//org.apache.hadoop.ipc.CallQueueManager.take(CallQueueManager.java:370)&#10;        at app//org.apache.hadoop.ipc.Server$Handler.run(Server.java:3165)&#10;&quot;Socket Reader #9 for port 15027&quot;  prio=5 tid=632 runnable&#10;java.lang.Thread.State: RUNNABLE&#10;        at java.base@21.0.6/sun.nio.ch.EPoll.wait(Native Method)&#10;        at java.base@21.0.6/sun.nio.ch.EPollSelectorImpl.doSelect(EPollSelectorImpl.java:121)&#10;        at java.base@21.0.6/sun.nio.ch.SelectorImpl.lockAndDoSelect(SelectorImpl.java:130)&#10;        at java.base@21.0.6/sun.nio.ch.SelectorImpl.select(SelectorImpl.java:147)&#10;        at app//org.apache.hadoop.ipc.Server$Listener$Reader.doRunLoop(Server.java:1497)&#10;        at app//org.apache.hadoop.ipc.Server$Listener$Reader.run(Server.java:1476)&#10;&quot;Socket Reader #8 for port 15002&quot;  prio=5 tid=67 runnable&#10;java.lang.Thread.State: RUNNABLE&#10;        at java.base@21.0.6/sun.nio.ch.EPoll.wait(Native Method)&#10;        at java.base@21.0.6/sun.nio.ch.EPollSelectorImpl.doSelect(EPollSelectorImpl.java:121)&#10;        at java.base@21.0.6/sun.nio.ch.SelectorImpl.lockAndDoSelect(SelectorImpl.java:130)&#10;        at java.base@21.0.6/sun.nio.ch.SelectorImpl.select(SelectorImpl.java:147)&#10;        at app//org.apache.hadoop.ipc.Server$Listener$Reader.doRunLoop(Server.java:1497)&#10;        at app//org.apache.hadoop.ipc.Server$Listener$Reader.run(Server.java:1476)&#10;&quot;om1-groupManagement&quot;  prio=5 tid=445 in Object.wait()&#10;java.lang.Thread.State: WAITING (on object monitor)&#10;        at java.base@21.0.6/jdk.internal.misc.Unsafe.park(Native Method)&#10;        at java.base@21.0.6/java.util.concurrent.locks.LockSupport.park(LockSupport.java:371)&#10;        at java.base@21.0.6/java.util.concurrent.locks.AbstractQueuedSynchronizer$ConditionNode.block(AbstractQueuedSynchronizer.java:519)&#10;        at java.base@21.0.6/java.util.concurrent.ForkJoinPool.unmanagedBlock(ForkJoinPool.java:3780)&#10;        at java.base@21.0.6/java.util.concurrent.ForkJoinPool.managedBlock(ForkJoinPool.java:3725)&#10;        at java.base@21.0.6/java.util.concurrent.locks.AbstractQueuedSynchronizer$ConditionObject.await(AbstractQueuedSynchronizer.java:1712)&#10;        at java.base@21.0.6/java.util.concurrent.LinkedBlockingQueue.take(LinkedBlockingQueue.java:435)&#10;        at java.base@21.0.6/java.util.concurrent.ThreadPoolExecutor.getTask(ThreadPoolExecutor.java:1070)&#10;        at java.base@21.0.6/java.util.concurrent.ThreadPoolExecutor.runWorker(ThreadPoolExecutor.java:1130)&#10;        at java.base@21.0.6/java.util.concurrent.ThreadPoolExecutor$Worker.run(ThreadPoolExecutor.java:642)&#10;        at java.base@21.0.6/java.lang.Thread.runWith(Thread.java:1596)&#10;        at java.base@21.0.6/java.lang.Thread.run(Thread.java:1583)&#10;&quot;Socket Reader #4 for port 15006&quot;  prio=5 tid=451 runnable&#10;java.lang.Thread.State: RUNNABLE&#10;        at java.base@21.0.6/sun.nio.ch.EPoll.wait(Native Method)&#10;        at java.base@21.0.6/sun.nio.ch.EPollSelectorImpl.doSelect(EPollSelectorImpl.java:121)&#10;        at java.base@21.0.6/sun.nio.ch.SelectorImpl.lockAndDoSelect(SelectorImpl.java:130)&#10;        at java.base@21.0.6/sun.nio.ch.SelectorImpl.select(SelectorImpl.java:147)&#10;        at app//org.apache.hadoop.ipc.Server$Listener$Reader.doRunLoop(Server.java:1497)&#10;        at app//org.apache.hadoop.ipc.Server$Listener$Reader.run(Server.java:1476)&#10;&quot;FixedThreadPoolWithAffinityExecutor-2-0&quot; daemon prio=5 tid=103 timed_waiting&#10;java.lang.Thread.State: TIMED_WAITING&#10;        at java.base@21.0.6/jdk.internal.misc.Unsafe.park(Native Method)&#10;        at java.base@21.0.6/java.util.concurrent.locks.LockSupport.parkNanos(LockSupport.java:269)&#10;        at java.base@21.0.6/java.util.concurrent.locks.AbstractQueuedSynchronizer$ConditionObject.awaitNanos(AbstractQueuedSynchronizer.java:1763)&#10;        at java.base@21.0.6/java.util.concurrent.LinkedBlockingQueue.poll(LinkedBlockingQueue.java:460)&#10;        at app//org.apache.hadoop.hdds.scm.server.ContainerReportQueue.poll(ContainerReportQueue.java:269)&#10;        at app//org.apache.hadoop.hdds.scm.server.ContainerReportQueue.poll(ContainerReportQueue.java:42)&#10;        at app//org.apache.hadoop.hdds.server.events.FixedThreadPoolWithAffinityExecutor$ContainerReportProcessTask.run(FixedThreadPoolWithAffinityExecutor.java:254)&#10;        at java.base@21.0.6/java.util.concurrent.Executors$RunnableAdapter.call(Executors.java:572)&#10;        at java.base@21.0.6/java.util.concurrent.FutureTask.run(FutureTask.java:317)&#10;        at java.base@21.0.6/java.util.concurrent.ThreadPoolExecutor.runWorker(ThreadPoolExecutor.java:1144)&#10;        at java.base@21.0.6/java.util.concurrent.ThreadPoolExecutor$Worker.run(ThreadPoolExecutor.java:642)&#10;        at java.base@21.0.6/java.lang.Thread.runWith(Thread.java:1596)&#10;        at java.base@21.0.6/java.lang.Thread.run(Thread.java:1583)&#10;&quot;Socket Reader #10 for port 15027&quot;  prio=5 tid=633 runnable&#10;java.lang.Thread.State: RUNNABLE&#10;        at java.base@21.0.6/sun.nio.ch.EPoll.wait(Native Method)&#10;        at java.base@21.0.6/sun.nio.ch.EPollSelectorImpl.doSelect(EPollSelectorImpl.java:121)&#10;        at java.base@21.0.6/sun.nio.ch.SelectorImpl.lockAndDoSelect(SelectorImpl.java:130)&#10;        at java.base@21.0.6/sun.nio.ch.SelectorImpl.select(SelectorImpl.java:147)&#10;        at app//org.apache.hadoop.ipc.Server$Listener$Reader.doRunLoop(Server.java:1497)&#10;        at app//org.apache.hadoop.ipc.Server$Listener$Reader.run(Server.java:1476)&#10;&quot;IPC Server handler 50 on default port 15000&quot; daemon prio=5 tid=168 timed_waiting&#10;java.lang.Thread.State: TIMED_WAITING&#10;        at java.base@21.0.6/jdk.internal.misc.Unsafe.park(Native Method)&#10;        at java.base@21.0.6/java.util.concurrent.locks.LockSupport.parkNanos(LockSupport.java:269)&#10;        at java.base@21.0.6/java.util.concurrent.locks.AbstractQueuedSynchronizer$ConditionObject.awaitNanos(AbstractQueuedSynchronizer.java:1763)&#10;        at java.base@21.0.6/java.util.concurrent.LinkedBlockingQueue.poll(LinkedBlockingQueue.java:460)&#10;        at app//org.apache.hadoop.ipc.CallQueueManager.take(CallQueueManager.java:370)&#10;        at app//org.apache.hadoop.ipc.Server$Handler.run(Server.java:3165)&#10;&quot;IPC Server handler 54 on default port 15001&quot; daemon prio=5 tid=272 timed_waiting&#10;java.lang.Thread.State: TIMED_WAITING&#10;        at java.base@21.0.6/jdk.internal.misc.Unsafe.park(Native Method)&#10;        at java.base@21.0.6/java.util.concurrent.locks.LockSupport.parkNanos(LockSupport.java:269)&#10;        at java.base@21.0.6/java.util.concurrent.locks.AbstractQueuedSynchronizer$ConditionObject.awaitNanos(AbstractQueuedSynchronizer.java:1763)&#10;        at java.base@21.0.6/java.util.concurrent.LinkedBlockingQueue.poll(LinkedBlockingQueue.java:460)&#10;        at app//org.apache.hadoop.ipc.CallQueueManager.take(CallQueueManager.java:370)&#10;        at app//org.apache.hadoop.ipc.Server$Handler.run(Server.java:3165)&#10;&quot;IPC Server handler 13 on default port 15001&quot; daemon prio=5 tid=231 timed_waiting&#10;java.lang.Thread.State: TIMED_WAITING&#10;        at java.base@21.0.6/jdk.internal.misc.Unsafe.park(Native Method)&#10;        at java.base@21.0.6/java.util.concurrent.locks.LockSupport.parkNanos(LockSupport.java:269)&#10;        at java.base@21.0.6/java.util.concurrent.locks.AbstractQueuedSynchronizer$ConditionObject.awaitNanos(AbstractQueuedSynchronizer.java:1763)&#10;        at java.base@21.0.6/java.util.concurrent.LinkedBlockingQueue.poll(LinkedBlockingQueue.java:460)&#10;        at app//org.apache.hadoop.ipc.CallQueueManager.take(CallQueueManager.java:370)&#10;        at app//org.apache.hadoop.ipc.Server$Handler.run(Server.java:3165)&#10;&quot;MutableQuantiles-0&quot; daemon prio=5 tid=516 timed_waiting&#10;java.lang.Thread.State: TIMED_WAITING&#10;        at java.base@21.0.6/jdk.internal.misc.Unsafe.park(Native Method)&#10;        at java.base@21.0.6/java.util.concurrent.locks.LockSupport.parkNanos(LockSupport.java:269)&#10;        at java.base@21.0.6/java.util.concurrent.locks.AbstractQueuedSynchronizer$ConditionObject.awaitNanos(AbstractQueuedSynchronizer.java:1763)&#10;        at java.base@21.0.6/java.util.concurrent.ScheduledThreadPoolExecutor$DelayedWorkQueue.take(ScheduledThreadPoolExecutor.java:1182)&#10;        at java.base@21.0.6/java.util.concurrent.ScheduledThreadPoolExecutor$DelayedWorkQueue.take(ScheduledThreadPoolExecutor.java:899)&#10;        at java.base@21.0.6/java.util.concurrent.ThreadPoolExecutor.getTask(ThreadPoolExecutor.java:1070)&#10;        at java.base@21.0.6/java.util.concurrent.ThreadPoolExecutor.runWorker(ThreadPoolExecutor.java:1130)&#10;        at java.base@21.0.6/java.util.concurrent.ThreadPoolExecutor$Worker.run(ThreadPoolExecutor.java:642)&#10;        at java.base@21.0.6/java.lang.Thread.runWith(Thread.java:1596)&#10;        at java.base@21.0.6/java.lang.Thread.run(Thread.java:1583)&#10;&quot;d6a19b8b-82a2-4947-8b44-7228be6ad053@group-6CDEAD350F28-StateMachineUpdater&quot; daemon prio=5 tid=947 timed_waiting&#10;java.lang.Thread.State: TIMED_WAITING&#10;        at java.base@21.0.6/jdk.internal.misc.Unsafe.park(Native Method)&#10;        at java.base@21.0.6/java.util.concurrent.locks.LockSupport.parkNanos(LockSupport.java:269)&#10;        at java.base@21.0.6/java.util.concurrent.locks.AbstractQueuedSynchronizer$ConditionObject.await(AbstractQueuedSynchronizer.java:1852)&#10;        at app//org.apache.ratis.util.AwaitForSignal.await(AwaitForSignal.java:65)&#10;        at app//org.apache.ratis.server.impl.StateMachineUpdater.waitForCommit(StateMachineUpdater.java:219)&#10;        at app//org.apache.ratis.server.impl.StateMachineUpdater.run(StateMachineUpdater.java:187)&#10;        at java.base@21.0.6/java.lang.Thread.runWith(Thread.java:1596)&#10;        at java.base@21.0.6/java.lang.Thread.run(Thread.java:1583)&#10;&quot;SCMBlockDeletingService#0&quot; daemon prio=5 tid=318 timed_waiting&#10;java.lang.Thread.State: TIMED_WAITING&#10;        at java.base@21.0.6/jdk.internal.misc.Unsafe.park(Native Method)&#10;        at java.base@21.0.6/java.util.concurrent.locks.LockSupport.parkNanos(LockSupport.java:269)&#10;        at java.base@21.0.6/java.util.concurrent.locks.AbstractQueuedSynchronizer$ConditionObject.awaitNanos(AbstractQueuedSynchronizer.java:1763)&#10;        at java.base@21.0.6/java.util.concurrent.ScheduledThreadPoolExecutor$DelayedWorkQueue.take(ScheduledThreadPoolExecutor.java:1182)&#10;        at java.base@21.0.6/java.util.concurrent.ScheduledThreadPoolExecutor$DelayedWorkQueue.take(ScheduledThreadPoolExecutor.java:899)&#10;        at java.base@21.0.6/java.util.concurrent.ThreadPoolExecutor.getTask(ThreadPoolExecutor.java:1070)&#10;        at java.base@21.0.6/java.util.concurrent.ThreadPoolExecutor.runWorker(ThreadPoolExecutor.java:1130)&#10;        at java.base@21.0.6/java.util.concurrent.ThreadPoolExecutor$Worker.run(ThreadPoolExecutor.java:642)&#10;        at java.base@21.0.6/java.lang.Thread.runWith(Thread.java:1596)&#10;        at java.base@21.0.6/java.lang.Thread.run(Thread.java:1583)&#10;&quot;qtp2049070779-749-acceptor-0@3467c1f7-ServerConnector@13312ba2{HTTP/1.1, (http/1.1)}{0.0.0.0:15042}&quot; daemon prio=3 tid=749 runnable&#10;java.lang.Thread.State: RUNNABLE&#10;        at java.base@21.0.6/sun.nio.ch.Net.accept(Native Method)&#10;        at java.base@21.0.6/sun.nio.ch.ServerSocketChannelImpl.implAccept(ServerSocketChannelImpl.java:433)&#10;        at java.base@21.0.6/sun.nio.ch.ServerSocketChannelImpl.accept(ServerSocketChannelImpl.java:399)&#10;        at app//org.eclipse.jetty.server.ServerConnector.accept(ServerConnector.java:388)&#10;        at app//org.eclipse.jetty.server.AbstractConnector$Acceptor.run(AbstractConnector.java:704)&#10;        at app//org.eclipse.jetty.util.thread.QueuedThreadPool.runJob(QueuedThreadPool.java:883)&#10;        at app//org.eclipse.jetty.util.thread.QueuedThreadPool$Runner.run(QueuedThreadPool.java:1034)&#10;        at java.base@21.0.6/java.lang.Thread.runWith(Thread.java:1596)&#10;        at java.base@21.0.6/java.lang.Thread.run(Thread.java:1583)&#10;&quot;IPC Server handler 37 on default port 15000&quot; daemon prio=5 tid=155 timed_waiting&#10;java.lang.Thread.State: TIMED_WAITING&#10;        at java.base@21.0.6/jdk.internal.misc.Unsafe.park(Native Method)&#10;        at java.base@21.0.6/java.util.concurrent.locks.LockSupport.parkNanos(LockSupport.java:269)&#10;        at java.base@21.0.6/java.util.concurrent.locks.AbstractQueuedSynchronizer$ConditionObject.awaitNanos(AbstractQueuedSynchronizer.java:1763)&#10;        at java.base@21.0.6/java.util.concurrent.LinkedBlockingQueue.poll(LinkedBlockingQueue.java:460)&#10;        at app//org.apache.hadoop.ipc.CallQueueManager.take(CallQueueManager.java:370)&#10;        at app//org.apache.hadoop.ipc.Server$Handler.run(Server.java:3165)&#10;&quot;Socket Reader #8 for port 15001&quot;  prio=5 tid=81 runnable&#10;java.lang.Thread.State: RUNNABLE&#10;        at java.base@21.0.6/sun.nio.ch.EPoll.wait(Native Method)&#10;        at java.base@21.0.6/sun.nio.ch.EPollSelectorImpl.doSelect(EPollSelectorImpl.java:121)&#10;        at java.base@21.0.6/sun.nio.ch.SelectorImpl.lockAndDoSelect(SelectorImpl.java:130)&#10;        at java.base@21.0.6/sun.nio.ch.SelectorImpl.select(SelectorImpl.java:147)&#10;        at app//org.apache.hadoop.ipc.Server$Listener$Reader.doRunLoop(Server.java:1497)&#10;        at app//org.apache.hadoop.ipc.Server$Listener$Reader.run(Server.java:1476)&#10;&quot;d6a19b8b-82a2-4947-8b44-7228be6ad053-BlockDeletingService#1&quot; daemon prio=5 tid=829 in Object.wait()&#10;java.lang.Thread.State: WAITING (on object monitor)&#10;        at java.base@21.0.6/jdk.internal.misc.Unsafe.park(Native Method)&#10;        at java.base@21.0.6/java.util.concurrent.locks.LockSupport.park(LockSupport.java:371)&#10;        at java.base@21.0.6/java.util.concurrent.locks.AbstractQueuedSynchronizer$ConditionNode.block(AbstractQueuedSynchronizer.java:519)&#10;        at java.base@21.0.6/java.util.concurrent.ForkJoinPool.unmanagedBlock(ForkJoinPool.java:3780)&#10;        at java.base@21.0.6/java.util.concurrent.ForkJoinPool.managedBlock(ForkJoinPool.java:3725)&#10;        at java.base@21.0.6/java.util.concurrent.locks.AbstractQueuedSynchronizer$ConditionObject.await(AbstractQueuedSynchronizer.java:1712)&#10;        at java.base@21.0.6/java.util.concurrent.ScheduledThreadPoolExecutor$DelayedWorkQueue.take(ScheduledThreadPoolExecutor.java:1177)&#10;        at java.base@21.0.6/java.util.concurrent.ScheduledThreadPoolExecutor$DelayedWorkQueue.take(ScheduledThreadPoolExecutor.java:899)&#10;        at java.base@21.0.6/java.util.concurrent.ThreadPoolExecutor.getTask(ThreadPoolExecutor.java:1070)&#10;        at java.base@21.0.6/java.util.concurrent.ThreadPoolExecutor.runWorker(ThreadPoolExecutor.java:1130)&#10;        at java.base@21.0.6/java.util.concurrent.ThreadPoolExecutor$Worker.run(ThreadPoolExecutor.java:642)&#10;        at java.base@21.0.6/java.lang.Thread.runWith(Thread.java:1596)&#10;        at java.base@21.0.6/java.lang.Thread.run(Thread.java:1583)&#10;&quot;IPC Server handler 43 on default port 15002&quot; daemon prio=5 tid=379 timed_waiting&#10;java.lang.Thread.State: TIMED_WAITING&#10;        at java.base@21.0.6/jdk.internal.misc.Unsafe.park(Native Method)&#10;        at java.base@21.0.6/java.util.concurrent.locks.LockSupport.parkNanos(LockSupport.java:269)&#10;        at java.base@21.0.6/java.util.concurrent.locks.AbstractQueuedSynchronizer$ConditionObject.awaitNanos(AbstractQueuedSynchronizer.java:1763)&#10;        at java.base@21.0.6/java.util.concurrent.LinkedBlockingQueue.poll(LinkedBlockingQueue.java:460)&#10;        at app//org.apache.hadoop.ipc.CallQueueManager.take(CallQueueManager.java:370)&#10;        at app//org.apache.hadoop.ipc.Server$Handler.run(Server.java:3165)&#10;&quot;IPC Server handler 73 on default port 15002&quot; daemon prio=5 tid=409 timed_waiting&#10;java.lang.Thread.State: TIMED_WAITING&#10;        at java.base@21.0.6/jdk.internal.misc.Unsafe.park(Native Method)&#10;        at java.base@21.0.6/java.util.concurrent.locks.LockSupport.parkNanos(LockSupport.java:269)&#10;        at java.base@21.0.6/java.util.concurrent.locks.AbstractQueuedSynchronizer$ConditionObject.awaitNanos(AbstractQueuedSynchronizer.java:1763)&#10;        at java.base@21.0.6/java.util.concurrent.LinkedBlockingQueue.poll(LinkedBlockingQueue.java:460)&#10;        at app//org.apache.hadoop.ipc.CallQueueManager.take(CallQueueManager.java:370)&#10;        at app//org.apache.hadoop.ipc.Server$Handler.run(Server.java:3165)&#10;&quot;ContainerDataScanner(/home/runner/work/ozone/ozone/hadoop-ozone/integration-test/target/test-dir/MiniOzoneClusterImpl-26e726f8-5cec-4c14-bf14-45d4895febc0/ozone-meta/datanode-5/data-0/hdds)&quot; daemon prio=5 tid=840 timed_waiting&#10;java.lang.Thread.State: TIMED_WAITING&#10;        at java.base@21.0.6/java.lang.Thread.sleep0(Native Method)&#10;        at java.base@21.0.6/java.lang.Thread.sleep(Thread.java:509)&#10;        at app//org.apache.hadoop.ozone.container.ozoneimpl.AbstractBackgroundContainerScanner.handleRemainingSleep(AbstractBackgroundContainerScanner.java:133)&#10;        at app//org.apache.hadoop.ozone.container.ozoneimpl.AbstractBackgroundContainerScanner.runIteration(AbstractBackgroundContainerScanner.java:100)&#10;        at app//org.apache.hadoop.ozone.container.ozoneimpl.AbstractBackgroundContainerScanner.run(AbstractBackgroundContainerScanner.java:59)&#10;        at java.base@21.0.6/java.lang.Thread.runWith(Thread.java:1596)&#10;        at java.base@21.0.6/java.lang.Thread.run(Thread.java:1583)&#10;&quot;Socket Reader #8 for port 15000&quot;  prio=5 tid=95 runnable&#10;java.lang.Thread.State: RUNNABLE&#10;        at java.base@21.0.6/sun.nio.ch.EPoll.wait(Native Method)&#10;        at java.base@21.0.6/sun.nio.ch.EPollSelectorImpl.doSelect(EPollSelectorImpl.java:121)&#10;        at java.base@21.0.6/sun.nio.ch.SelectorImpl.lockAndDoSelect(SelectorImpl.java:130)&#10;        at java.base@21.0.6/sun.nio.ch.SelectorImpl.select(SelectorImpl.java:147)&#10;        at app//org.apache.hadoop.ipc.Server$Listener$Reader.doRunLoop(Server.java:1497)&#10;        at app//org.apache.hadoop.ipc.Server$Listener$Reader.run(Server.java:1476)&#10;&quot;qtp897209100-570-acceptor-0@6330d25-ServerConnector@7b61b614{HTTP/1.1, (http/1.1)}{0.0.0.0:15018}&quot; daemon prio=3 tid=570 runnable&#10;java.lang.Thread.State: RUNNABLE&#10;        at java.base@21.0.6/sun.nio.ch.Net.accept(Native Method)&#10;        at java.base@21.0.6/sun.nio.ch.ServerSocketChannelImpl.implAccept(ServerSocketChannelImpl.java:433)&#10;        at java.base@21.0.6/sun.nio.ch.ServerSocketChannelImpl.accept(ServerSocketChannelImpl.java:399)&#10;        at app//org.eclipse.jetty.server.ServerConnector.accept(ServerConnector.java:388)&#10;        at app//org.eclipse.jetty.server.AbstractConnector$Acceptor.run(AbstractConnector.java:704)&#10;        at app//org.eclipse.jetty.util.thread.QueuedThreadPool.runJob(QueuedThreadPool.java:883)&#10;        at app//org.eclipse.jetty.util.thread.QueuedThreadPool$Runner.run(QueuedThreadPool.java:1034)&#10;        at java.base@21.0.6/java.lang.Thread.runWith(Thread.java:1596)&#10;        at java.base@21.0.6/java.lang.Thread.run(Thread.java:1583)&#10;&quot;IPC Server handler 45 on default port 15002&quot; daemon prio=5 tid=381 timed_waiting&#10;java.lang.Thread.State: TIMED_WAITING&#10;        at java.base@21.0.6/jdk.internal.misc.Unsafe.park(Native Method)&#10;        at java.base@21.0.6/java.util.concurrent.locks.LockSupport.parkNanos(LockSupport.java:269)&#10;        at java.base@21.0.6/java.util.concurrent.locks.AbstractQueuedSynchronizer$ConditionObject.awaitNanos(AbstractQueuedSynchronizer.java:1763)&#10;        at java.base@21.0.6/java.util.concurrent.LinkedBlockingQueue.poll(LinkedBlockingQueue.java:460)&#10;        at app//org.apache.hadoop.ipc.CallQueueManager.take(CallQueueManager.java:370)&#10;        at app//org.apache.hadoop.ipc.Server$Handler.run(Server.java:3165)&#10;&quot;IPC Server handler 0 on default port 15027&quot; daemon prio=5 tid=637 timed_waiting&#10;java.lang.Thread.State: TIMED_WAITING&#10;        at java.base@21.0.6/jdk.internal.misc.Unsafe.park(Native Method)&#10;        at java.base@21.0.6/java.util.concurrent.locks.LockSupport.parkNanos(LockSupport.java:269)&#10;        at java.base@21.0.6/java.util.concurrent.locks.AbstractQueuedSynchronizer$ConditionObject.awaitNanos(AbstractQueuedSynchronizer.java:1763)&#10;        at java.base@21.0.6/java.util.concurrent.LinkedBlockingQueue.poll(LinkedBlockingQueue.java:460)&#10;        at app//org.apache.hadoop.ipc.CallQueueManager.take(CallQueueManager.java:370)&#10;        at app//org.apache.hadoop.ipc.Server$Handler.run(Server.java:3165)&#10;&quot;IPC Server handler 1 on default port 15035&quot; daemon prio=5 tid=708 timed_waiting&#10;java.lang.Thread.State: TIMED_WAITING&#10;        at java.base@21.0.6/jdk.internal.misc.Unsafe.park(Native Method)&#10;        at java.base@21.0.6/java.util.concurrent.locks.LockSupport.parkNanos(LockSupport.java:269)&#10;        at java.base@21.0.6/java.util.concurrent.locks.AbstractQueuedSynchronizer$ConditionObject.awaitNanos(AbstractQueuedSynchronizer.java:1763)&#10;        at java.base@21.0.6/java.util.concurrent.LinkedBlockingQueue.poll(LinkedBlockingQueue.java:460)&#10;        at app//org.apache.hadoop.ipc.CallQueueManager.take(CallQueueManager.java:370)&#10;        at app//org.apache.hadoop.ipc.Server$Handler.run(Server.java:3165)&#10;&quot;IPC Server handler 44 on default port 15002&quot; daemon prio=5 tid=380 timed_waiting&#10;java.lang.Thread.State: TIMED_WAITING&#10;        at java.base@21.0.6/jdk.internal.misc.Unsafe.park(Native Method)&#10;        at java.base@21.0.6/java.util.concurrent.locks.LockSupport.parkNanos(LockSupport.java:269)&#10;        at java.base@21.0.6/java.util.concurrent.locks.AbstractQueuedSynchronizer$ConditionObject.awaitNanos(AbstractQueuedSynchronizer.java:1763)&#10;        at java.base@21.0.6/java.util.concurrent.LinkedBlockingQueue.poll(LinkedBlockingQueue.java:460)&#10;        at app//org.apache.hadoop.ipc.CallQueueManager.take(CallQueueManager.java:370)&#10;        at app//org.apache.hadoop.ipc.Server$Handler.run(Server.java:3165)&#10;&quot;a6bf55e3-38e4-411e-ac0b-5acdb6a35656-DatanodeReportManager-0&quot; daemon prio=5 tid=648 in Object.wait()&#10;java.lang.Thread.State: WAITING (on object monitor)&#10;        at java.base@21.0.6/jdk.internal.misc.Unsafe.park(Native Method)&#10;        at java.base@21.0.6/java.util.concurrent.locks.LockSupport.park(LockSupport.java:371)&#10;        at java.base@21.0.6/java.util.concurrent.locks.AbstractQueuedSynchronizer$ConditionNode.block(AbstractQueuedSynchronizer.java:519)&#10;        at java.base@21.0.6/java.util.concurrent.ForkJoinPool.unmanagedBlock(ForkJoinPool.java:3780)&#10;        at java.base@21.0.6/java.util.concurrent.ForkJoinPool.managedBlock(ForkJoinPool.java:3725)&#10;        at java.base@21.0.6/java.util.concurrent.locks.AbstractQueuedSynchronizer$ConditionObject.await(AbstractQueuedSynchronizer.java:1712)&#10;        at java.base@21.0.6/java.util.concurrent.ScheduledThreadPoolExecutor$DelayedWorkQueue.take(ScheduledThreadPoolExecutor.java:1177)&#10;        at java.base@21.0.6/java.util.concurrent.ScheduledThreadPoolExecutor$DelayedWorkQueue.take(ScheduledThreadPoolExecutor.java:899)&#10;        at java.base@21.0.6/java.util.concurrent.ThreadPoolExecutor.getTask(ThreadPoolExecutor.java:1070)&#10;        at java.base@21.0.6/java.util.concurrent.ThreadPoolExecutor.runWorker(ThreadPoolExecutor.java:1130)&#10;        at java.base@21.0.6/java.util.concurrent.ThreadPoolExecutor$Worker.run(ThreadPoolExecutor.java:642)&#10;        at java.base@21.0.6/java.lang.Thread.runWith(Thread.java:1596)&#10;        at java.base@21.0.6/java.lang.Thread.run(Thread.java:1583)&#10;&quot;d6a19b8b-82a2-4947-8b44-7228be6ad053-DatanodeStateMachineTaskThread-1&quot;  prio=5 tid=813 in Object.wait()&#10;java.lang.Thread.State: WAITING (on object monitor)&#10;        at java.base@21.0.6/jdk.internal.misc.Unsafe.park(Native Method)&#10;        at java.base@21.0.6/java.util.concurrent.locks.LockSupport.park(LockSupport.java:371)&#10;        at java.base@21.0.6/java.util.concurrent.locks.AbstractQueuedSynchronizer$ConditionNode.block(AbstractQueuedSynchronizer.java:519)&#10;        at java.base@21.0.6/java.util.concurrent.ForkJoinPool.unmanagedBlock(ForkJoinPool.java:3780)&#10;        at java.base@21.0.6/java.util.concurrent.ForkJoinPool.managedBlock(ForkJoinPool.java:3725)&#10;        at java.base@21.0.6/java.util.concurrent.locks.AbstractQueuedSynchronizer$ConditionObject.await(AbstractQueuedSynchronizer.java:1712)&#10;        at java.base@21.0.6/java.util.concurrent.LinkedBlockingQueue.take(LinkedBlockingQueue.java:435)&#10;        at java.base@21.0.6/java.util.concurrent.ThreadPoolExecutor.getTask(ThreadPoolExecutor.java:1070)&#10;        at java.base@21.0.6/java.util.concurrent.ThreadPoolExecutor.runWorker(ThreadPoolExecutor.java:1130)&#10;        at java.base@21.0.6/java.util.concurrent.ThreadPoolExecutor$Worker.run(ThreadPoolExecutor.java:642)&#10;        at java.base@21.0.6/java.lang.Thread.runWith(Thread.java:1596)&#10;        at java.base@21.0.6/java.lang.Thread.run(Thread.java:1583)&#10;&quot;d6a19b8b-82a2-4947-8b44-7228be6ad053-ChunkWriter-1-0&quot; daemon prio=5 tid=822 in Object.wait()&#10;java.lang.Thread.State: WAITING (on object monitor)&#10;        at java.base@21.0.6/jdk.internal.misc.Unsafe.park(Native Method)&#10;        at java.base@21.0.6/java.util.concurrent.locks.LockSupport.park(LockSupport.java:371)&#10;        at java.base@21.0.6/java.util.concurrent.locks.AbstractQueuedSynchronizer$ConditionNode.block(AbstractQueuedSynchronizer.java:519)&#10;        at java.base@21.0.6/java.util.concurrent.ForkJoinPool.unmanagedBlock(ForkJoinPool.java:3780)&#10;        at java.base@21.0.6/java.util.concurrent.ForkJoinPool.managedBlock(ForkJoinPool.java:3725)&#10;        at java.base@21.0.6/java.util.concurrent.locks.AbstractQueuedSynchronizer$ConditionObject.await(AbstractQueuedSynchronizer.java:1712)&#10;        at java.base@21.0.6/java.util.concurrent.LinkedBlockingDeque.takeFirst(LinkedBlockingDeque.java:485)&#10;        at java.base@21.0.6/java.util.concurrent.LinkedBlockingDeque.take(LinkedBlockingDeque.java:673)&#10;        at java.base@21.0.6/java.util.concurrent.ThreadPoolExecutor.getTask(ThreadPoolExecutor.java:1070)&#10;        at java.base@21.0.6/java.util.concurrent.ThreadPoolExecutor.runWorker(ThreadPoolExecutor.java:1130)&#10;        at java.base@21.0.6/java.util.concurrent.ThreadPoolExecutor$Worker.run(ThreadPoolExecutor.java:642)&#10;        at java.base@21.0.6/java.lang.Thread.runWith(Thread.java:1596)&#10;        at java.base@21.0.6/java.lang.Thread.run(Thread.java:1583)&#10;&quot;50f19a77-e23b-421f-a833-5664bb01cf1c@group-45D4895FEBC0-LeaderStateImpl&quot; daemon prio=5 tid=334 timed_waiting&#10;java.lang.Thread.State: TIMED_WAITING&#10;        at java.base@21.0.6/jdk.internal.misc.Unsafe.park(Native Method)&#10;        at java.base@21.0.6/java.util.concurrent.locks.LockSupport.parkNanos(LockSupport.java:269)&#10;        at java.base@21.0.6/java.util.concurrent.locks.AbstractQueuedSynchronizer$ConditionObject.awaitNanos(AbstractQueuedSynchronizer.java:1763)&#10;        at java.base@21.0.6/java.util.concurrent.ArrayBlockingQueue.poll(ArrayBlockingQueue.java:435)&#10;        at app//org.apache.ratis.server.impl.LeaderStateImpl$EventQueue.poll(LeaderStateImpl.java:164)&#10;        at app//org.apache.ratis.server.impl.LeaderStateImpl$EventProcessor.run(LeaderStateImpl.java:763)&#10;&quot;qtp2005400801-616-acceptor-0@6f00d365-ServerConnector@266a77ac{HTTP/1.1, (http/1.1)}{0.0.0.0:15026}&quot; daemon prio=3 tid=616 runnable&#10;java.lang.Thread.State: RUNNABLE&#10;        at java.base@21.0.6/sun.nio.ch.Net.accept(Native Method)&#10;        at java.base@21.0.6/sun.nio.ch.ServerSocketChannelImpl.implAccept(ServerSocketChannelImpl.java:433)&#10;        at java.base@21.0.6/sun.nio.ch.ServerSocketChannelImpl.accept(ServerSocketChannelImpl.java:399)&#10;        at app//org.eclipse.jetty.server.ServerConnector.accept(ServerConnector.java:388)&#10;        at app//org.eclipse.jetty.server.AbstractConnector$Acceptor.run(AbstractConnector.java:704)&#10;        at app//org.eclipse.jetty.util.thread.QueuedThreadPool.runJob(QueuedThreadPool.java:883)&#10;        at app//org.eclipse.jetty.util.thread.QueuedThreadPool$Runner.run(QueuedThreadPool.java:1034)&#10;        at java.base@21.0.6/java.lang.Thread.runWith(Thread.java:1596)&#10;        at java.base@21.0.6/java.lang.Thread.run(Thread.java:1583)&#10;&quot;Socket Reader #7 for port 15027&quot;  prio=5 tid=630 runnable&#10;java.lang.Thread.State: RUNNABLE&#10;        at java.base@21.0.6/sun.nio.ch.EPoll.wait(Native Method)&#10;        at java.base@21.0.6/sun.nio.ch.EPollSelectorImpl.doSelect(EPollSelectorImpl.java:121)&#10;        at java.base@21.0.6/sun.nio.ch.SelectorImpl.lockAndDoSelect(SelectorImpl.java:130)&#10;        at java.base@21.0.6/sun.nio.ch.SelectorImpl.select(SelectorImpl.java:147)&#10;        at app//org.apache.hadoop.ipc.Server$Listener$Reader.doRunLoop(Server.java:1497)&#10;        at app//org.apache.hadoop.ipc.Server$Listener$Reader.run(Server.java:1476)&#10;&quot;IPC Server handler 63 on default port 15002&quot; daemon prio=5 tid=399 timed_waiting&#10;java.lang.Thread.State: TIMED_WAITING&#10;        at java.base@21.0.6/jdk.internal.misc.Unsafe.park(Native Method)&#10;        at java.base@21.0.6/java.util.concurrent.locks.LockSupport.parkNanos(LockSupport.java:269)&#10;        at java.base@21.0.6/java.util.concurrent.locks.AbstractQueuedSynchronizer$ConditionObject.awaitNanos(AbstractQueuedSynchronizer.java:1763)&#10;        at java.base@21.0.6/java.util.concurrent.LinkedBlockingQueue.poll(LinkedBlockingQueue.java:460)&#10;        at app//org.apache.hadoop.ipc.CallQueueManager.take(CallQueueManager.java:370)&#10;        at app//org.apache.hadoop.ipc.Server$Handler.run(Server.java:3165)&#10;&quot;IPC Server handler 1 on default port 15027&quot; daemon prio=5 tid=638 timed_waiting&#10;java.lang.Thread.State: TIMED_WAITING&#10;        at java.base@21.0.6/jdk.internal.misc.Unsafe.park(Native Method)&#10;        at java.base@21.0.6/java.util.concurrent.locks.LockSupport.parkNanos(LockSupport.java:269)&#10;        at java.base@21.0.6/java.util.concurrent.locks.AbstractQueuedSynchronizer$ConditionObject.awaitNanos(AbstractQueuedSynchronizer.java:1763)&#10;        at java.base@21.0.6/java.util.concurrent.LinkedBlockingQueue.poll(LinkedBlockingQueue.java:460)&#10;        at app//org.apache.hadoop.ipc.CallQueueManager.take(CallQueueManager.java:370)&#10;        at app//org.apache.hadoop.ipc.Server$Handler.run(Server.java:3165)&#10;&quot;Socket Reader #10 for port 15035&quot;  prio=5 tid=703 runnable&#10;java.lang.Thread.State: RUNNABLE&#10;        at java.base@21.0.6/sun.nio.ch.EPoll.wait(Native Method)&#10;        at java.base@21.0.6/sun.nio.ch.EPollSelectorImpl.doSelect(EPollSelectorImpl.java:121)&#10;        at java.base@21.0.6/sun.nio.ch.SelectorImpl.lockAndDoSelect(SelectorImpl.java:130)&#10;        at java.base@21.0.6/sun.nio.ch.SelectorImpl.select(SelectorImpl.java:147)&#10;        at app//org.apache.hadoop.ipc.Server$Listener$Reader.doRunLoop(Server.java:1497)&#10;        at app//org.apache.hadoop.ipc.Server$Listener$Reader.run(Server.java:1476)&#10;&quot;IPC Server handler 27 on default port 15001&quot; daemon prio=5 tid=245 timed_waiting&#10;java.lang.Thread.State: TIMED_WAITING&#10;        at java.base@21.0.6/jdk.internal.misc.Unsafe.park(Native Method)&#10;        at java.base@21.0.6/java.util.concurrent.locks.LockSupport.parkNanos(LockSupport.java:269)&#10;        at java.base@21.0.6/java.util.concurrent.locks.AbstractQueuedSynchronizer$ConditionObject.awaitNanos(AbstractQueuedSynchronizer.java:1763)&#10;        at java.base@21.0.6/java.util.concurrent.LinkedBlockingQueue.poll(LinkedBlockingQueue.java:460)&#10;        at app//org.apache.hadoop.ipc.CallQueueManager.take(CallQueueManager.java:370)&#10;        at app//org.apache.hadoop.ipc.Server$Handler.run(Server.java:3165)&#10;&quot;IPC Server handler 88 on default port 15001&quot; daemon prio=5 tid=306 timed_waiting&#10;java.lang.Thread.State: TIMED_WAITING&#10;        at java.base@21.0.6/jdk.internal.misc.Unsafe.park(Native Method)&#10;        at java.base@21.0.6/java.util.concurrent.locks.LockSupport.parkNanos(LockSupport.java:269)&#10;        at java.base@21.0.6/java.util.concurrent.locks.AbstractQueuedSynchronizer$ConditionObject.awaitNanos(AbstractQueuedSynchronizer.java:1763)&#10;        at java.base@21.0.6/java.util.concurrent.LinkedBlockingQueue.poll(LinkedBlockingQueue.java:460)&#10;        at app//org.apache.hadoop.ipc.CallQueueManager.take(CallQueueManager.java:370)&#10;        at app//org.apache.hadoop.ipc.Server$Handler.run(Server.java:3165)&#10;&quot;IPC Server handler 38 on default port 15001&quot; daemon prio=5 tid=256 timed_waiting&#10;java.lang.Thread.State: TIMED_WAITING&#10;        at java.base@21.0.6/jdk.internal.misc.Unsafe.park(Native Method)&#10;        at java.base@21.0.6/java.util.concurrent.locks.LockSupport.parkNanos(LockSupport.java:269)&#10;        at java.base@21.0.6/java.util.concurrent.locks.AbstractQueuedSynchronizer$ConditionObject.awaitNanos(AbstractQueuedSynchronizer.java:1763)&#10;        at java.base@21.0.6/java.util.concurrent.LinkedBlockingQueue.poll(LinkedBlockingQueue.java:460)&#10;        at app//org.apache.hadoop.ipc.CallQueueManager.take(CallQueueManager.java:370)&#10;        at app//org.apache.hadoop.ipc.Server$Handler.run(Server.java:3165)&#10;&quot;om1-SstFilteringService#0&quot; daemon prio=5 tid=473 timed_waiting&#10;java.lang.Thread.State: TIMED_WAITING&#10;        at java.base@21.0.6/jdk.internal.misc.Unsafe.park(Native Method)&#10;        at java.base@21.0.6/java.util.concurrent.locks.LockSupport.parkNanos(LockSupport.java:269)&#10;        at java.base@21.0.6/java.util.concurrent.locks.AbstractQueuedSynchronizer$ConditionObject.awaitNanos(AbstractQueuedSynchronizer.java:1763)&#10;        at java.base@21.0.6/java.util.concurrent.ScheduledThreadPoolExecutor$DelayedWorkQueue.take(ScheduledThreadPoolExecutor.java:1182)&#10;        at java.base@21.0.6/java.util.concurrent.ScheduledThreadPoolExecutor$DelayedWorkQueue.take(ScheduledThreadPoolExecutor.java:899)&#10;        at java.base@21.0.6/java.util.concurrent.ThreadPoolExecutor.getTask(ThreadPoolExecutor.java:1070)&#10;        at java.base@21.0.6/java.util.concurrent.ThreadPoolExecutor.runWorker(ThreadPoolExecutor.java:1130)&#10;        at java.base@21.0.6/java.util.concurrent.ThreadPoolExecutor$Worker.run(ThreadPoolExecutor.java:642)&#10;        at java.base@21.0.6/java.lang.Thread.runWith(Thread.java:1596)&#10;        at java.base@21.0.6/java.lang.Thread.run(Thread.java:1583)&#10;&quot;pool-94-thread-1&quot; daemon prio=5 tid=729 timed_waiting&#10;java.lang.Thread.State: TIMED_WAITING&#10;        at java.base@21.0.6/jdk.internal.misc.Unsafe.park(Native Method)&#10;        at java.base@21.0.6/java.util.concurrent.locks.LockSupport.parkNanos(LockSupport.java:269)&#10;        at java.base@21.0.6/java.util.concurrent.locks.AbstractQueuedSynchronizer$ConditionObject.awaitNanos(AbstractQueuedSynchronizer.java:1763)&#10;        at java.base@21.0.6/java.util.concurrent.ScheduledThreadPoolExecutor$DelayedWorkQueue.take(ScheduledThreadPoolExecutor.java:1182)&#10;        at java.base@21.0.6/java.util.concurrent.ScheduledThreadPoolExecutor$DelayedWorkQueue.take(ScheduledThreadPoolExecutor.java:899)&#10;        at java.base@21.0.6/java.util.concurrent.ThreadPoolExecutor.getTask(ThreadPoolExecutor.java:1070)&#10;        at java.base@21.0.6/java.util.concurrent.ThreadPoolExecutor.runWorker(ThreadPoolExecutor.java:1130)&#10;        at java.base@21.0.6/java.util.concurrent.ThreadPoolExecutor$Worker.run(ThreadPoolExecutor.java:642)&#10;        at java.base@21.0.6/java.lang.Thread.runWith(Thread.java:1596)&#10;        at java.base@21.0.6/java.lang.Thread.run(Thread.java:1583)&#10;&quot;IPC Server handler 9 on default port 15043&quot; daemon prio=5 tid=793 timed_waiting&#10;java.lang.Thread.State: TIMED_WAITING&#10;        at java.base@21.0.6/jdk.internal.misc.Unsafe.park(Native Method)&#10;        at java.base@21.0.6/java.util.concurrent.locks.LockSupport.parkNanos(LockSupport.java:269)&#10;        at java.base@21.0.6/java.util.concurrent.locks.AbstractQueuedSynchronizer$ConditionObject.awaitNanos(AbstractQueuedSynchronizer.java:1763)&#10;        at java.base@21.0.6/java.util.concurrent.LinkedBlockingQueue.poll(LinkedBlockingQueue.java:460)&#10;        at app//org.apache.hadoop.ipc.CallQueueManager.take(CallQueueManager.java:370)&#10;        at app//org.apache.hadoop.ipc.Server$Handler.run(Server.java:3165)&#10;&quot;IPC Server handler 20 on default port 15001&quot; daemon prio=5 tid=238 timed_waiting&#10;java.lang.Thread.State: TIMED_WAITING&#10;        at java.base@21.0.6/jdk.internal.misc.Unsafe.park(Native Method)&#10;        at java.base@21.0.6/java.util.concurrent.locks.LockSupport.parkNanos(LockSupport.java:269)&#10;        at java.base@21.0.6/java.util.concurrent.locks.AbstractQueuedSynchronizer$ConditionObject.awaitNanos(AbstractQueuedSynchronizer.java:1763)&#10;        at java.base@21.0.6/java.util.concurrent.LinkedBlockingQueue.poll(LinkedBlockingQueue.java:460)&#10;        at app//org.apache.hadoop.ipc.CallQueueManager.take(CallQueueManager.java:370)&#10;        at app//org.apache.hadoop.ipc.Server$Handler.run(Server.java:3165)&#10;&quot;Session-HouseKeeper-2a7d12c8-1&quot;  prio=5 tid=622 timed_waiting&#10;java.lang.Thread.State: TIMED_WAITING&#10;        at java.base@21.0.6/jdk.internal.misc.Unsafe.park(Native Method)&#10;        at java.base@21.0.6/java.util.concurrent.locks.LockSupport.parkNanos(LockSupport.java:269)&#10;        at java.base@21.0.6/java.util.concurrent.locks.AbstractQueuedSynchronizer$ConditionObject.awaitNanos(AbstractQueuedSynchronizer.java:1763)&#10;        at java.base@21.0.6/java.util.concurrent.ScheduledThreadPoolExecutor$DelayedWorkQueue.take(ScheduledThreadPoolExecutor.java:1182)&#10;        at java.base@21.0.6/java.util.concurrent.ScheduledThreadPoolExecutor$DelayedWorkQueue.take(ScheduledThreadPoolExecutor.java:899)&#10;        at java.base@21.0.6/java.util.concurrent.ThreadPoolExecutor.getTask(ThreadPoolExecutor.java:1070)&#10;        at java.base@21.0.6/java.util.concurrent.ThreadPoolExecutor.runWorker(ThreadPoolExecutor.java:1130)&#10;        at java.base@21.0.6/java.util.concurrent.ThreadPoolExecutor$Worker.run(ThreadPoolExecutor.java:642)&#10;        at java.base@21.0.6/java.lang.Thread.runWith(Thread.java:1596)&#10;        at java.base@21.0.6/java.lang.Thread.run(Thread.java:1583)&#10;&quot;4a3059aa-ae89-4e47-8f1e-08d61ab31d43-BlockDeletingService#1&quot; daemon prio=5 tid=849 in Object.wait()&#10;java.lang.Thread.State: WAITING (on object monitor)&#10;        at java.base@21.0.6/jdk.internal.misc.Unsafe.park(Native Method)&#10;        at java.base@21.0.6/java.util.concurrent.locks.LockSupport.park(LockSupport.java:371)&#10;        at java.base@21.0.6/java.util.concurrent.locks.AbstractQueuedSynchronizer$ConditionNode.block(AbstractQueuedSynchronizer.java:519)&#10;        at java.base@21.0.6/java.util.concurrent.ForkJoinPool.unmanagedBlock(ForkJoinPool.java:3780)&#10;        at java.base@21.0.6/java.util.concurrent.ForkJoinPool.managedBlock(ForkJoinPool.java:3725)&#10;        at java.base@21.0.6/java.util.concurrent.locks.AbstractQueuedSynchronizer$ConditionObject.await(AbstractQueuedSynchronizer.java:1712)&#10;        at java.base@21.0.6/java.util.concurrent.ScheduledThreadPoolExecutor$DelayedWorkQueue.take(ScheduledThreadPoolExecutor.java:1177)&#10;        at java.base@21.0.6/java.util.concurrent.ScheduledThreadPoolExecutor$DelayedWorkQueue.take(ScheduledThreadPoolExecutor.java:899)&#10;        at java.base@21.0.6/java.util.concurrent.ThreadPoolExecutor.getTask(ThreadPoolExecutor.java:1070)&#10;        at java.base@21.0.6/java.util.concurrent.ThreadPoolExecutor.runWorker(ThreadPoolExecutor.java:1130)&#10;        at java.base@21.0.6/java.util.concurrent.ThreadPoolExecutor$Worker.run(ThreadPoolExecutor.java:642)&#10;        at java.base@21.0.6/java.lang.Thread.runWith(Thread.java:1596)&#10;        at java.base@21.0.6/java.lang.Thread.run(Thread.java:1583)&#10;&quot;IPC Server handler 57 on default port 15001&quot; daemon prio=5 tid=275 timed_waiting&#10;java.lang.Thread.State: TIMED_WAITING&#10;        at java.base@21.0.6/jdk.internal.misc.Unsafe.park(Native Method)&#10;        at java.base@21.0.6/java.util.concurrent.locks.LockSupport.parkNanos(LockSupport.java:269)&#10;        at java.base@21.0.6/java.util.concurrent.locks.AbstractQueuedSynchronizer$ConditionObject.awaitNanos(AbstractQueuedSynchronizer.java:1763)&#10;        at java.base@21.0.6/java.util.concurrent.LinkedBlockingQueue.poll(LinkedBlockingQueue.java:460)&#10;        at app//org.apache.hadoop.ipc.CallQueueManager.take(CallQueueManager.java:370)&#10;        at app//org.apache.hadoop.ipc.Server$Handler.run(Server.java:3165)&#10;&quot;IPC Server handler 24 on default port 15002&quot; daemon prio=5 tid=360 timed_waiting&#10;java.lang.Thread.State: TIMED_WAITING&#10;        at java.base@21.0.6/jdk.internal.misc.Unsafe.park(Native Method)&#10;        at java.base@21.0.6/java.util.concurrent.locks.LockSupport.parkNanos(LockSupport.java:269)&#10;        at java.base@21.0.6/java.util.concurrent.locks.AbstractQueuedSynchronizer$ConditionObject.awaitNanos(AbstractQueuedSynchronizer.java:1763)&#10;        at java.base@21.0.6/java.util.concurrent.LinkedBlockingQueue.poll(LinkedBlockingQueue.java:460)&#10;        at app//org.apache.hadoop.ipc.CallQueueManager.take(CallQueueManager.java:370)&#10;        at app//org.apache.hadoop.ipc.Server$Handler.run(Server.java:3165)&#10;&quot;qtp596278845-327&quot; daemon prio=5 tid=327 timed_waiting&#10;java.lang.Thread.State: TIMED_WAITING&#10;        at java.base@21.0.6/jdk.internal.misc.Unsafe.park(Native Method)&#10;        at java.base@21.0.6/java.util.concurrent.locks.LockSupport.parkNanos(LockSupport.java:269)&#10;        at java.base@21.0.6/java.util.concurrent.locks.AbstractQueuedSynchronizer$ConditionObject.awaitNanos(AbstractQueuedSynchronizer.java:1763)&#10;        at app//org.eclipse.jetty.util.BlockingArrayQueue.poll(BlockingArrayQueue.java:382)&#10;        at app//org.eclipse.jetty.util.thread.QueuedThreadPool$Runner.idleJobPoll(QueuedThreadPool.java:974)&#10;        at app//org.eclipse.jetty.util.thread.QueuedThreadPool$Runner.run(QueuedThreadPool.java:1018)&#10;        at java.base@21.0.6/java.lang.Thread.runWith(Thread.java:1596)&#10;        at java.base@21.0.6/java.lang.Thread.run(Thread.java:1583)&#10;&quot;Socket Reader #9 for port 15043&quot;  prio=5 tid=774 runnable&#10;java.lang.Thread.State: RUNNABLE&#10;        at java.base@21.0.6/sun.nio.ch.EPoll.wait(Native Method)&#10;        at java.base@21.0.6/sun.nio.ch.EPollSelectorImpl.doSelect(EPollSelectorImpl.java:121)&#10;        at java.base@21.0.6/sun.nio.ch.SelectorImpl.lockAndDoSelect(SelectorImpl.java:130)&#10;        at java.base@21.0.6/sun.nio.ch.SelectorImpl.select(SelectorImpl.java:147)&#10;        at app//org.apache.hadoop.ipc.Server$Listener$Reader.doRunLoop(Server.java:1497)&#10;        at app//org.apache.hadoop.ipc.Server$Listener$Reader.run(Server.java:1476)&#10;&quot;IPC Server handler 58 on default port 15002&quot; daemon prio=5 tid=394 timed_waiting&#10;java.lang.Thread.State: TIMED_WAITING&#10;        at java.base@21.0.6/jdk.internal.misc.Unsafe.park(Native Method)&#10;        at java.base@21.0.6/java.util.concurrent.locks.LockSupport.parkNanos(LockSupport.java:269)&#10;        at java.base@21.0.6/java.util.concurrent.locks.AbstractQueuedSynchronizer$ConditionObject.awaitNanos(AbstractQueuedSynchronizer.java:1763)&#10;        at java.base@21.0.6/java.util.concurrent.LinkedBlockingQueue.poll(LinkedBlockingQueue.java:460)&#10;        at app//org.apache.hadoop.ipc.CallQueueManager.take(CallQueueManager.java:370)&#10;        at app//org.apache.hadoop.ipc.Server$Handler.run(Server.java:3165)&#10;&quot;4a3059aa-ae89-4e47-8f1e-08d61ab31d43-DatanodeReportManager-1&quot; daemon prio=5 tid=796 in Object.wait()&#10;java.lang.Thread.State: WAITING (on object monitor)&#10;        at java.base@21.0.6/jdk.internal.misc.Unsafe.park(Native Method)&#10;        at java.base@21.0.6/java.util.concurrent.locks.LockSupport.park(LockSupport.java:371)&#10;        at java.base@21.0.6/java.util.concurrent.locks.AbstractQueuedSynchronizer$ConditionNode.block(AbstractQueuedSynchronizer.java:519)&#10;        at java.base@21.0.6/java.util.concurrent.ForkJoinPool.unmanagedBlock(ForkJoinPool.java:3780)&#10;        at java.base@21.0.6/java.util.concurrent.ForkJoinPool.managedBlock(ForkJoinPool.java:3725)&#10;        at java.base@21.0.6/java.util.concurrent.locks.AbstractQueuedSynchronizer$ConditionObject.await(AbstractQueuedSynchronizer.java:1712)&#10;        at java.base@21.0.6/java.util.concurrent.ScheduledThreadPoolExecutor$DelayedWorkQueue.take(ScheduledThreadPoolExecutor.java:1177)&#10;        at java.base@21.0.6/java.util.concurrent.ScheduledThreadPoolExecutor$DelayedWorkQueue.take(ScheduledThreadPoolExecutor.java:899)&#10;        at java.base@21.0.6/java.util.concurrent.ThreadPoolExecutor.getTask(ThreadPoolExecutor.java:1070)&#10;        at java.base@21.0.6/java.util.concurrent.ThreadPoolExecutor.runWorker(ThreadPoolExecutor.java:1130)&#10;        at java.base@21.0.6/java.util.concurrent.ThreadPoolExecutor$Worker.run(ThreadPoolExecutor.java:642)&#10;        at java.base@21.0.6/java.lang.Thread.runWith(Thread.java:1596)&#10;        at java.base@21.0.6/java.lang.Thread.run(Thread.java:1583)&#10;&quot;IPC Server handler 58 on default port 15001&quot; daemon prio=5 tid=276 timed_waiting&#10;java.lang.Thread.State: TIMED_WAITING&#10;        at java.base@21.0.6/jdk.internal.misc.Unsafe.park(Native Method)&#10;        at java.base@21.0.6/java.util.concurrent.locks.LockSupport.parkNanos(LockSupport.java:269)&#10;        at java.base@21.0.6/java.util.concurrent.locks.AbstractQueuedSynchronizer$ConditionObject.awaitNanos(AbstractQueuedSynchronizer.java:1763)&#10;        at java.base@21.0.6/java.util.concurrent.LinkedBlockingQueue.poll(LinkedBlockingQueue.java:460)&#10;        at app//org.apache.hadoop.ipc.CallQueueManager.take(CallQueueManager.java:370)&#10;        at app//org.apache.hadoop.ipc.Server$Handler.run(Server.java:3165)&#10;&quot;IPC Server handler 49 on default port 15002&quot; daemon prio=5 tid=385 timed_waiting&#10;java.lang.Thread.State: TIMED_WAITING&#10;        at java.base@21.0.6/jdk.internal.misc.Unsafe.park(Native Method)&#10;        at java.base@21.0.6/java.util.concurrent.locks.LockSupport.parkNanos(LockSupport.java:269)&#10;        at java.base@21.0.6/java.util.concurrent.locks.AbstractQueuedSynchronizer$ConditionObject.awaitNanos(AbstractQueuedSynchronizer.java:1763)&#10;        at java.base@21.0.6/java.util.concurrent.LinkedBlockingQueue.poll(LinkedBlockingQueue.java:460)&#10;        at app//org.apache.hadoop.ipc.CallQueueManager.take(CallQueueManager.java:370)&#10;        at app//org.apache.hadoop.ipc.Server$Handler.run(Server.java:3165)&#10;&quot;IPC Server handler 53 on default port 15000&quot; daemon prio=5 tid=171 timed_waiting&#10;java.lang.Thread.State: TIMED_WAITING&#10;        at java.base@21.0.6/jdk.internal.misc.Unsafe.park(Native Method)&#10;        at java.base@21.0.6/java.util.concurrent.locks.LockSupport.parkNanos(LockSupport.java:269)&#10;        at java.base@21.0.6/java.util.concurrent.locks.AbstractQueuedSynchronizer$ConditionObject.awaitNanos(AbstractQueuedSynchronizer.java:1763)&#10;        at java.base@21.0.6/java.util.concurrent.LinkedBlockingQueue.poll(LinkedBlockingQueue.java:460)&#10;        at app//org.apache.hadoop.ipc.CallQueueManager.take(CallQueueManager.java:370)&#10;        at app//org.apache.hadoop.ipc.Server$Handler.run(Server.java:3165)&#10;&quot;timer3&quot; daemon prio=5 tid=983 timed_waiting&#10;java.lang.Thread.State: TIMED_WAITING&#10;        at java.base@21.0.6/java.lang.Object.wait0(Native Method)&#10;        at java.base@21.0.6/java.lang.Object.wait(Object.java:366)&#10;        at java.base@21.0.6/java.util.TimerThread.mainLoop(Timer.java:563)&#10;        at java.base@21.0.6/java.util.TimerThread.run(Timer.java:516)&#10;&quot;IPC Server handler 2 on default port 15001&quot; daemon prio=5 tid=220 timed_waiting&#10;java.lang.Thread.State: TIMED_WAITING&#10;        at java.base@21.0.6/jdk.internal.misc.Unsafe.park(Native Method)&#10;        at java.base@21.0.6/java.util.concurrent.locks.LockSupport.parkNanos(LockSupport.java:269)&#10;        at java.base@21.0.6/java.util.concurrent.locks.AbstractQueuedSynchronizer$ConditionObject.awaitNanos(AbstractQueuedSynchronizer.java:1763)&#10;        at java.base@21.0.6/java.util.concurrent.LinkedBlockingQueue.poll(LinkedBlockingQueue.java:460)&#10;        at app//org.apache.hadoop.ipc.CallQueueManager.take(CallQueueManager.java:370)&#10;        at app//org.apache.hadoop.ipc.Server$Handler.run(Server.java:3165)&#10;&quot;IPC Server handler 2 on default port 15000&quot; daemon prio=5 tid=120 timed_waiting&#10;java.lang.Thread.State: TIMED_WAITING&#10;        at java.base@21.0.6/jdk.internal.misc.Unsafe.park(Native Method)&#10;        at java.base@21.0.6/java.util.concurrent.locks.LockSupport.parkNanos(LockSupport.java:269)&#10;        at java.base@21.0.6/java.util.concurrent.locks.AbstractQueuedSynchronizer$ConditionObject.awaitNanos(AbstractQueuedSynchronizer.java:1763)&#10;        at java.base@21.0.6/java.util.concurrent.LinkedBlockingQueue.poll(LinkedBlockingQueue.java:460)&#10;        at app//org.apache.hadoop.ipc.CallQueueManager.take(CallQueueManager.java:370)&#10;        at app//org.apache.hadoop.ipc.Server$Handler.run(Server.java:3165)&#10;&quot;Socket Reader #8 for port 15035&quot;  prio=5 tid=701 runnable&#10;java.lang.Thread.State: RUNNABLE&#10;        at java.base@21.0.6/sun.nio.ch.EPoll.wait(Native Method)&#10;        at java.base@21.0.6/sun.nio.ch.EPollSelectorImpl.doSelect(EPollSelectorImpl.java:121)&#10;        at java.base@21.0.6/sun.nio.ch.SelectorImpl.lockAndDoSelect(SelectorImpl.java:130)&#10;        at java.base@21.0.6/sun.nio.ch.SelectorImpl.select(SelectorImpl.java:147)&#10;        at app//org.apache.hadoop.ipc.Server$Listener$Reader.doRunLoop(Server.java:1497)&#10;        at app//org.apache.hadoop.ipc.Server$Listener$Reader.run(Server.java:1476)&#10;&quot;4a3059aa-ae89-4e47-8f1e-08d61ab31d43-DatanodeReportManager-3&quot; daemon prio=5 tid=798 in Object.wait()&#10;java.lang.Thread.State: WAITING (on object monitor)&#10;        at java.base@21.0.6/jdk.internal.misc.Unsafe.park(Native Method)&#10;        at java.base@21.0.6/java.util.concurrent.locks.LockSupport.park(LockSupport.java:371)&#10;        at java.base@21.0.6/java.util.concurrent.locks.AbstractQueuedSynchronizer$ConditionNode.block(AbstractQueuedSynchronizer.java:519)&#10;        at java.base@21.0.6/java.util.concurrent.ForkJoinPool.unmanagedBlock(ForkJoinPool.java:3780)&#10;        at java.base@21.0.6/java.util.concurrent.ForkJoinPool.managedBlock(ForkJoinPool.java:3725)&#10;        at java.base@21.0.6/java.util.concurrent.locks.AbstractQueuedSynchronizer$ConditionObject.await(AbstractQueuedSynchronizer.java:1712)&#10;        at java.base@21.0.6/java.util.concurrent.ScheduledThreadPoolExecutor$DelayedWorkQueue.take(ScheduledThreadPoolExecutor.java:1177)&#10;        at java.base@21.0.6/java.util.concurrent.ScheduledThreadPoolExecutor$DelayedWorkQueue.take(ScheduledThreadPoolExecutor.java:899)&#10;        at java.base@21.0.6/java.util.concurrent.ThreadPoolExecutor.getTask(ThreadPoolExecutor.java:1070)&#10;        at java.base@21.0.6/java.util.concurrent.ThreadPoolExecutor.runWorker(ThreadPoolExecutor.java:1130)&#10;        at java.base@21.0.6/java.util.concurrent.ThreadPoolExecutor$Worker.run(ThreadPoolExecutor.java:642)&#10;        at java.base@21.0.6/java.lang.Thread.runWith(Thread.java:1596)&#10;        at java.base@21.0.6/java.lang.Thread.run(Thread.java:1583)&#10;&quot;IPC Server handler 82 on default port 15002&quot; daemon prio=5 tid=418 timed_waiting&#10;java.lang.Thread.State: TIMED_WAITING&#10;        at java.base@21.0.6/jdk.internal.misc.Unsafe.park(Native Method)&#10;        at java.base@21.0.6/java.util.concurrent.locks.LockSupport.parkNanos(LockSupport.java:269)&#10;        at java.base@21.0.6/java.util.concurrent.locks.AbstractQueuedSynchronizer$ConditionObject.awaitNanos(AbstractQueuedSynchronizer.java:1763)&#10;        at java.base@21.0.6/java.util.concurrent.LinkedBlockingQueue.poll(LinkedBlockingQueue.java:460)&#10;        at app//org.apache.hadoop.ipc.CallQueueManager.take(CallQueueManager.java:370)&#10;        at app//org.apache.hadoop.ipc.Server$Handler.run(Server.java:3165)&#10;&quot;org.apache.hadoop.ozone.container.common.statemachine.commandhandler.DeleteBlocksCommandHandler$DeleteCmdWorker@366c2d9c&quot; daemon prio=5 tid=745 timed_waiting&#10;java.lang.Thread.State: TIMED_WAITING&#10;        at java.base@21.0.6/java.lang.Thread.sleep0(Native Method)&#10;        at java.base@21.0.6/java.lang.Thread.sleep(Thread.java:509)&#10;        at app//org.apache.hadoop.ozone.container.common.statemachine.commandhandler.DeleteBlocksCommandHandler$DeleteCmdWorker.run(DeleteBlocksCommandHandler.java:255)&#10;        at java.base@21.0.6/java.lang.Thread.runWith(Thread.java:1596)&#10;        at java.base@21.0.6/java.lang.Thread.run(Thread.java:1583)&#10;&quot;a6bf55e3-38e4-411e-ac0b-5acdb6a35656-BlockDeletingService#0&quot; daemon prio=5 tid=808 timed_waiting&#10;java.lang.Thread.State: TIMED_WAITING&#10;        at java.base@21.0.6/jdk.internal.misc.Unsafe.park(Native Method)&#10;        at java.base@21.0.6/java.util.concurrent.locks.LockSupport.parkNanos(LockSupport.java:269)&#10;        at java.base@21.0.6/java.util.concurrent.locks.AbstractQueuedSynchronizer$ConditionObject.awaitNanos(AbstractQueuedSynchronizer.java:1763)&#10;        at java.base@21.0.6/java.util.concurrent.ScheduledThreadPoolExecutor$DelayedWorkQueue.take(ScheduledThreadPoolExecutor.java:1182)&#10;        at java.base@21.0.6/java.util.concurrent.ScheduledThreadPoolExecutor$DelayedWorkQueue.take(ScheduledThreadPoolExecutor.java:899)&#10;        at java.base@21.0.6/java.util.concurrent.ThreadPoolExecutor.getTask(ThreadPoolExecutor.java:1070)&#10;        at java.base@21.0.6/java.util.concurrent.ThreadPoolExecutor.runWorker(ThreadPoolExecutor.java:1130)&#10;        at java.base@21.0.6/java.util.concurrent.ThreadPoolExecutor$Worker.run(ThreadPoolExecutor.java:642)&#10;        at java.base@21.0.6/java.lang.Thread.runWith(Thread.java:1596)&#10;        at java.base@21.0.6/java.lang.Thread.run(Thread.java:1583)&#10;&quot;50f19a77-e23b-421f-a833-5664bb01cf1c@group-45D4895FEBC0-SegmentedRaftLogWorker&quot;  prio=5 tid=112 timed_waiting&#10;java.lang.Thread.State: TIMED_WAITING&#10;        at java.base@21.0.6/jdk.internal.misc.Unsafe.park(Native Method)&#10;        at java.base@21.0.6/java.util.concurrent.locks.LockSupport.parkNanos(LockSupport.java:269)&#10;        at java.base@21.0.6/java.util.concurrent.locks.AbstractQueuedSynchronizer$ConditionObject.awaitNanos(AbstractQueuedSynchronizer.java:1763)&#10;        at app//org.apache.ratis.util.DataBlockingQueue.poll(DataBlockingQueue.java:148)&#10;        at app//org.apache.ratis.server.raftlog.segmented.SegmentedRaftLogWorker.run(SegmentedRaftLogWorker.java:307)&#10;        at app//org.apache.ratis.server.raftlog.segmented.SegmentedRaftLogWorker$$Lambda/0x00007fd0ac390888.run(Unknown Source)&#10;        at java.base@21.0.6/java.util.concurrent.Executors$RunnableAdapter.call(Executors.java:572)&#10;        at java.base@21.0.6/java.util.concurrent.FutureTask.run(FutureTask.java:317)&#10;        at java.base@21.0.6/java.util.concurrent.ThreadPoolExecutor.runWorker(ThreadPoolExecutor.java:1144)&#10;        at java.base@21.0.6/java.util.concurrent.ThreadPoolExecutor$Worker.run(ThreadPoolExecutor.java:642)&#10;        at java.base@21.0.6/java.lang.Thread.runWith(Thread.java:1596)&#10;        at java.base@21.0.6/java.lang.Thread.run(Thread.java:1583)&#10;&quot;IPC Server handler 43 on default port 15001&quot; daemon prio=5 tid=261 timed_waiting&#10;java.lang.Thread.State: TIMED_WAITING&#10;        at java.base@21.0.6/jdk.internal.misc.Unsafe.park(Native Method)&#10;        at java.base@21.0.6/java.util.concurrent.locks.LockSupport.parkNanos(LockSupport.java:269)&#10;        at java.base@21.0.6/java.util.concurrent.locks.AbstractQueuedSynchronizer$ConditionObject.awaitNanos(AbstractQueuedSynchronizer.java:1763)&#10;        at java.base@21.0.6/java.util.concurrent.LinkedBlockingQueue.poll(LinkedBlockingQueue.java:460)&#10;        at app//org.apache.hadoop.ipc.CallQueueManager.take(CallQueueManager.java:370)&#10;        at app//org.apache.hadoop.ipc.Server$Handler.run(Server.java:3165)&#10;&quot;IPC Server handler 7 on default port 15000&quot; daemon prio=5 tid=125 timed_waiting&#10;java.lang.Thread.State: TIMED_WAITING&#10;        at java.base@21.0.6/jdk.internal.misc.Unsafe.park(Native Method)&#10;        at java.base@21.0.6/java.util.concurrent.locks.LockSupport.parkNanos(LockSupport.java:269)&#10;        at java.base@21.0.6/java.util.concurrent.locks.AbstractQueuedSynchronizer$ConditionObject.awaitNanos(AbstractQueuedSynchronizer.java:1763)&#10;        at java.base@21.0.6/java.util.concurrent.LinkedBlockingQueue.poll(LinkedBlockingQueue.java:460)&#10;        at app//org.apache.hadoop.ipc.CallQueueManager.take(CallQueueManager.java:370)&#10;        at app//org.apache.hadoop.ipc.Server$Handler.run(Server.java:3165)&#10;&quot;IPC Server handler 87 on default port 15000&quot; daemon prio=5 tid=205 timed_waiting&#10;java.lang.Thread.State: TIMED_WAITING&#10;        at java.base@21.0.6/jdk.internal.misc.Unsafe.park(Native Method)&#10;        at java.base@21.0.6/java.util.concurrent.locks.LockSupport.parkNanos(LockSupport.java:269)&#10;        at java.base@21.0.6/java.util.concurrent.locks.AbstractQueuedSynchronizer$ConditionObject.awaitNanos(AbstractQueuedSynchronizer.java:1763)&#10;        at java.base@21.0.6/java.util.concurrent.LinkedBlockingQueue.poll(LinkedBlockingQueue.java:460)&#10;        at app//org.apache.hadoop.ipc.CallQueueManager.take(CallQueueManager.java:370)&#10;        at app//org.apache.hadoop.ipc.Server$Handler.run(Server.java:3165)&#10;&quot;qtp2117639382-489&quot; daemon prio=5 tid=489 timed_waiting&#10;java.lang.Thread.State: TIMED_WAITING&#10;        at java.base@21.0.6/jdk.internal.misc.Unsafe.park(Native Method)&#10;        at java.base@21.0.6/java.util.concurrent.locks.LockSupport.parkNanos(LockSupport.java:269)&#10;        at java.base@21.0.6/java.util.concurrent.locks.AbstractQueuedSynchronizer$ConditionObject.awaitNanos(AbstractQueuedSynchronizer.java:1763)&#10;        at app//org.eclipse.jetty.util.BlockingArrayQueue.poll(BlockingArrayQueue.java:382)&#10;        at app//org.eclipse.jetty.util.thread.QueuedThreadPool$Runner.idleJobPoll(QueuedThreadPool.java:974)&#10;        at app//org.eclipse.jetty.util.thread.QueuedThreadPool$Runner.run(QueuedThreadPool.java:1018)&#10;        at java.base@21.0.6/java.lang.Thread.runWith(Thread.java:1596)&#10;        at java.base@21.0.6/java.lang.Thread.run(Thread.java:1583)&#10;&quot;IPC Server handler 15 on default port 15000&quot; daemon prio=5 tid=133 timed_waiting&#10;java.lang.Thread.State: TIMED_WAITING&#10;        at java.base@21.0.6/jdk.internal.misc.Unsafe.park(Native Method)&#10;        at java.base@21.0.6/java.util.concurrent.locks.LockSupport.parkNanos(LockSupport.java:269)&#10;        at java.base@21.0.6/java.util.concurrent.locks.AbstractQueuedSynchronizer$ConditionObject.awaitNanos(AbstractQueuedSynchronizer.java:1763)&#10;        at java.base@21.0.6/java.util.concurrent.LinkedBlockingQueue.poll(LinkedBlockingQueue.java:460)&#10;        at app//org.apache.hadoop.ipc.CallQueueManager.take(CallQueueManager.java:370)&#10;        at app//org.apache.hadoop.ipc.Server$Handler.run(Server.java:3165)&#10;&quot;IPC Server handler 87 on default port 15002&quot; daemon prio=5 tid=423 timed_waiting&#10;java.lang.Thread.State: TIMED_WAITING&#10;        at java.base@21.0.6/jdk.internal.misc.Unsafe.park(Native Method)&#10;        at java.base@21.0.6/java.util.concurrent.locks.LockSupport.parkNanos(LockSupport.java:269)&#10;        at java.base@21.0.6/java.util.concurrent.locks.AbstractQueuedSynchronizer$ConditionObject.awaitNanos(AbstractQueuedSynchronizer.java:1763)&#10;        at java.base@21.0.6/java.util.concurrent.LinkedBlockingQueue.poll(LinkedBlockingQueue.java:460)&#10;        at app//org.apache.hadoop.ipc.CallQueueManager.take(CallQueueManager.java:370)&#10;        at app//org.apache.hadoop.ipc.Server$Handler.run(Server.java:3165)&#10;&quot;om1-impl-thread1&quot;  prio=5 tid=444 timed_waiting&#10;java.lang.Thread.State: TIMED_WAITING&#10;        at java.base@21.0.6/jdk.internal.misc.Unsafe.park(Native Method)&#10;        at java.base@21.0.6/java.util.concurrent.locks.LockSupport.parkNanos(LockSupport.java:410)&#10;        at java.base@21.0.6/java.util.concurrent.LinkedTransferQueue$DualNode.await(LinkedTransferQueue.java:452)&#10;        at java.base@21.0.6/java.util.concurrent.SynchronousQueue$Transferer.xferLifo(SynchronousQueue.java:194)&#10;        at java.base@21.0.6/java.util.concurrent.SynchronousQueue.xfer(SynchronousQueue.java:235)&#10;        at java.base@21.0.6/java.util.concurrent.SynchronousQueue.poll(SynchronousQueue.java:338)&#10;        at java.base@21.0.6/java.util.concurrent.ThreadPoolExecutor.getTask(ThreadPoolExecutor.java:1069)&#10;        at java.base@21.0.6/java.util.concurrent.ThreadPoolExecutor.runWorker(ThreadPoolExecutor.java:1130)&#10;        at java.base@21.0.6/java.util.concurrent.ThreadPoolExecutor$Worker.run(ThreadPoolExecutor.java:642)&#10;        at java.base@21.0.6/java.lang.Thread.runWith(Thread.java:1596)&#10;        at java.base@21.0.6/java.lang.Thread.run(Thread.java:1583)&#10;&quot;JvmPauseMonitor2&quot; daemon prio=5 tid=465 timed_waiting&#10;java.lang.Thread.State: TIMED_WAITING&#10;        at java.base@21.0.6/java.lang.Thread.sleep0(Native Method)&#10;        at java.base@21.0.6/java.lang.Thread.sleep(Thread.java:558)&#10;        at java.base@21.0.6/java.util.concurrent.TimeUnit.sleep(TimeUnit.java:446)&#10;        at app//org.apache.ratis.util.TimeDuration.sleep(TimeDuration.java:353)&#10;        at app//org.apache.ratis.util.TimeDuration.sleep(TimeDuration.java:338)&#10;        at app//org.apache.ratis.util.JvmPauseMonitor.detectPause(JvmPauseMonitor.java:160)&#10;        at app//org.apache.ratis.util.JvmPauseMonitor.run(JvmPauseMonitor.java:149)&#10;        at app//org.apache.ratis.util.JvmPauseMonitor$$Lambda/0x00007fd0ac3a9508.run(Unknown Source)&#10;        at java.base@21.0.6/java.lang.Thread.runWith(Thread.java:1596)&#10;        at java.base@21.0.6/java.lang.Thread.run(Thread.java:1583)&#10;&quot;IPC Server Responder&quot; daemon prio=5 tid=777 runnable&#10;java.lang.Thread.State: RUNNABLE&#10;        at java.base@21.0.6/sun.nio.ch.EPoll.wait(Native Method)&#10;        at java.base@21.0.6/sun.nio.ch.EPollSelectorImpl.doSelect(EPollSelectorImpl.java:121)&#10;        at java.base@21.0.6/sun.nio.ch.SelectorImpl.lockAndDoSelect(SelectorImpl.java:130)&#10;        at java.base@21.0.6/sun.nio.ch.SelectorImpl.select(SelectorImpl.java:142)&#10;        at app//org.apache.hadoop.ipc.Server$Responder.doRunLoop(Server.java:1733)&#10;        at app//org.apache.hadoop.ipc.Server$Responder.run(Server.java:1716)&#10;&quot;Socket Reader #1 for port 15002&quot;  prio=5 tid=60 runnable&#10;java.lang.Thread.State: RUNNABLE&#10;        at java.base@21.0.6/sun.nio.ch.EPoll.wait(Native Method)&#10;        at java.base@21.0.6/sun.nio.ch.EPollSelectorImpl.doSelect(EPollSelectorImpl.java:121)&#10;        at java.base@21.0.6/sun.nio.ch.SelectorImpl.lockAndDoSelect(SelectorImpl.java:130)&#10;        at java.base@21.0.6/sun.nio.ch.SelectorImpl.select(SelectorImpl.java:147)&#10;        at app//org.apache.hadoop.ipc.Server$Listener$Reader.doRunLoop(Server.java:1497)&#10;        at app//org.apache.hadoop.ipc.Server$Listener$Reader.run(Server.java:1476)&#10;&quot;IPC Server handler 55 on default port 15002&quot; daemon prio=5 tid=391 timed_waiting&#10;java.lang.Thread.State: TIMED_WAITING&#10;        at java.base@21.0.6/jdk.internal.misc.Unsafe.park(Native Method)&#10;        at java.base@21.0.6/java.util.concurrent.locks.LockSupport.parkNanos(LockSupport.java:269)&#10;        at java.base@21.0.6/java.util.concurrent.locks.AbstractQueuedSynchronizer$ConditionObject.awaitNanos(AbstractQueuedSynchronizer.java:1763)&#10;        at java.base@21.0.6/java.util.concurrent.LinkedBlockingQueue.poll(LinkedBlockingQueue.java:460)&#10;        at app//org.apache.hadoop.ipc.CallQueueManager.take(CallQueueManager.java:370)&#10;        at app//org.apache.hadoop.ipc.Server$Handler.run(Server.java:3165)&#10;&quot;IPC Server handler 17 on default port 15001&quot; daemon prio=5 tid=235 timed_waiting&#10;java.lang.Thread.State: TIMED_WAITING&#10;        at java.base@21.0.6/jdk.internal.misc.Unsafe.park(Native Method)&#10;        at java.base@21.0.6/java.util.concurrent.locks.LockSupport.parkNanos(LockSupport.java:269)&#10;        at java.base@21.0.6/java.util.concurrent.locks.AbstractQueuedSynchronizer$ConditionObject.awaitNanos(AbstractQueuedSynchronizer.java:1763)&#10;        at java.base@21.0.6/java.util.concurrent.LinkedBlockingQueue.poll(LinkedBlockingQueue.java:460)&#10;        at app//org.apache.hadoop.ipc.CallQueueManager.take(CallQueueManager.java:370)&#10;        at app//org.apache.hadoop.ipc.Server$Handler.run(Server.java:3165)&#10;&quot;4a3059aa-ae89-4e47-8f1e-08d61ab31d43-DataNodeDiskCheckerThread-0&quot; daemon prio=5 tid=837 timed_waiting&#10;java.lang.Thread.State: TIMED_WAITING&#10;        at java.base@21.0.6/jdk.internal.misc.Unsafe.park(Native Method)&#10;        at java.base@21.0.6/java.util.concurrent.locks.LockSupport.parkNanos(LockSupport.java:410)&#10;        at java.base@21.0.6/java.util.concurrent.LinkedTransferQueue$DualNode.await(LinkedTransferQueue.java:452)&#10;        at java.base@21.0.6/java.util.concurrent.SynchronousQueue$Transferer.xferLifo(SynchronousQueue.java:194)&#10;        at java.base@21.0.6/java.util.concurrent.SynchronousQueue.xfer(SynchronousQueue.java:235)&#10;        at java.base@21.0.6/java.util.concurrent.SynchronousQueue.poll(SynchronousQueue.java:338)&#10;        at java.base@21.0.6/java.util.concurrent.ThreadPoolExecutor.getTask(ThreadPoolExecutor.java:1069)&#10;        at java.base@21.0.6/java.util.concurrent.ThreadPoolExecutor.runWorker(ThreadPoolExecutor.java:1130)&#10;        at java.base@21.0.6/java.util.concurrent.ThreadPoolExecutor$Worker.run(ThreadPoolExecutor.java:642)&#10;        at java.base@21.0.6/java.lang.Thread.runWith(Thread.java:1596)&#10;        at java.base@21.0.6/java.lang.Thread.run(Thread.java:1583)&#10;&quot;timer6&quot; daemon prio=5 tid=1018 timed_waiting&#10;java.lang.Thread.State: TIMED_WAITING&#10;        at java.base@21.0.6/java.lang.Object.wait0(Native Method)&#10;        at java.base@21.0.6/java.lang.Object.wait(Object.java:366)&#10;        at java.base@21.0.6/java.util.TimerThread.mainLoop(Timer.java:563)&#10;        at java.base@21.0.6/java.util.TimerThread.run(Timer.java:516)&#10;&quot;IPC Server handler 47 on default port 15002&quot; daemon prio=5 tid=383 timed_waiting&#10;java.lang.Thread.State: TIMED_WAITING&#10;        at java.base@21.0.6/jdk.internal.misc.Unsafe.park(Native Method)&#10;        at java.base@21.0.6/java.util.concurrent.locks.LockSupport.parkNanos(LockSupport.java:269)&#10;        at java.base@21.0.6/java.util.concurrent.locks.AbstractQueuedSynchronizer$ConditionObject.awaitNanos(AbstractQueuedSynchronizer.java:1763)&#10;        at java.base@21.0.6/java.util.concurrent.LinkedBlockingQueue.poll(LinkedBlockingQueue.java:460)&#10;        at app//org.apache.hadoop.ipc.CallQueueManager.take(CallQueueManager.java:370)&#10;        at app//org.apache.hadoop.ipc.Server$Handler.run(Server.java:3165)&#10;&quot;IPC Server handler 1 on default port 15002&quot; daemon prio=5 tid=337 timed_waiting&#10;java.lang.Thread.State: TIMED_WAITING&#10;        at java.base@21.0.6/jdk.internal.misc.Unsafe.park(Native Method)&#10;        at java.base@21.0.6/java.util.concurrent.locks.LockSupport.parkNanos(LockSupport.java:269)&#10;        at java.base@21.0.6/java.util.concurrent.locks.AbstractQueuedSynchronizer$ConditionObject.awaitNanos(AbstractQueuedSynchronizer.java:1763)&#10;        at java.base@21.0.6/java.util.concurrent.LinkedBlockingQueue.poll(LinkedBlockingQueue.java:460)&#10;        at app//org.apache.hadoop.ipc.CallQueueManager.take(CallQueueManager.java:370)&#10;        at app//org.apache.hadoop.ipc.Server$Handler.run(Server.java:3165)&#10;&quot;om1-SnapshotDiffCleanupService#0&quot; daemon prio=5 tid=441 timed_waiting&#10;java.lang.Thread.State: TIMED_WAITING&#10;        at java.base@21.0.6/jdk.internal.misc.Unsafe.park(Native Method)&#10;        at java.base@21.0.6/java.util.concurrent.locks.LockSupport.parkNanos(LockSupport.java:269)&#10;        at java.base@21.0.6/java.util.concurrent.locks.AbstractQueuedSynchronizer$ConditionObject.awaitNanos(AbstractQueuedSynchronizer.java:1763)&#10;        at java.base@21.0.6/java.util.concurrent.ScheduledThreadPoolExecutor$DelayedWorkQueue.take(ScheduledThreadPoolExecutor.java:1182)&#10;        at java.base@21.0.6/java.util.concurrent.ScheduledThreadPoolExecutor$DelayedWorkQueue.take(ScheduledThreadPoolExecutor.java:899)&#10;        at java.base@21.0.6/java.util.concurrent.ThreadPoolExecutor.getTask(ThreadPoolExecutor.java:1070)&#10;        at java.base@21.0.6/java.util.concurrent.ThreadPoolExecutor.runWorker(ThreadPoolExecutor.java:1130)&#10;        at java.base@21.0.6/java.util.concurrent.ThreadPoolExecutor$Worker.run(ThreadPoolExecutor.java:642)&#10;        at java.base@21.0.6/java.lang.Thread.runWith(Thread.java:1596)&#10;        at java.base@21.0.6/java.lang.Thread.run(Thread.java:1583)&#10;&quot;qtp2049070779-753&quot; daemon prio=5 tid=753 timed_waiting&#10;java.lang.Thread.State: TIMED_WAITING&#10;        at java.base@21.0.6/jdk.internal.misc.Unsafe.park(Native Method)&#10;        at java.base@21.0.6/java.util.concurrent.locks.LockSupport.parkNanos(LockSupport.java:269)&#10;        at java.base@21.0.6/java.util.concurrent.locks.AbstractQueuedSynchronizer$ConditionObject.awaitNanos(AbstractQueuedSynchronizer.java:1763)&#10;        at app//org.eclipse.jetty.util.BlockingArrayQueue.poll(BlockingArrayQueue.java:382)&#10;        at app//org.eclipse.jetty.util.thread.QueuedThreadPool$Runner.idleJobPoll(QueuedThreadPool.java:974)&#10;        at app//org.eclipse.jetty.util.thread.QueuedThreadPool$Runner.run(QueuedThreadPool.java:1018)&#10;        at java.base@21.0.6/java.lang.Thread.runWith(Thread.java:1596)&#10;        at java.base@21.0.6/java.lang.Thread.run(Thread.java:1583)&#10;&quot;d6a19b8b-82a2-4947-8b44-7228be6ad053-PipelineCommandHandlerThread-0&quot;  prio=5 tid=942 in Object.wait()&#10;java.lang.Thread.State: WAITING (on object monitor)&#10;        at java.base@21.0.6/jdk.internal.misc.Unsafe.park(Native Method)&#10;        at java.base@21.0.6/java.util.concurrent.locks.LockSupport.park(LockSupport.java:371)&#10;        at java.base@21.0.6/java.util.concurrent.locks.AbstractQueuedSynchronizer$ConditionNode.block(AbstractQueuedSynchronizer.java:519)&#10;        at java.base@21.0.6/java.util.concurrent.ForkJoinPool.unmanagedBlock(ForkJoinPool.java:3780)&#10;        at java.base@21.0.6/java.util.concurrent.ForkJoinPool.managedBlock(ForkJoinPool.java:3725)&#10;        at java.base@21.0.6/java.util.concurrent.locks.AbstractQueuedSynchronizer$ConditionObject.await(AbstractQueuedSynchronizer.java:1712)&#10;        at java.base@21.0.6/java.util.concurrent.LinkedBlockingQueue.take(LinkedBlockingQueue.java:435)&#10;        at java.base@21.0.6/java.util.concurrent.ThreadPoolExecutor.getTask(ThreadPoolExecutor.java:1070)&#10;        at java.base@21.0.6/java.util.concurrent.ThreadPoolExecutor.runWorker(ThreadPoolExecutor.java:1130)&#10;        at java.base@21.0.6/java.util.concurrent.ThreadPoolExecutor$Worker.run(ThreadPoolExecutor.java:642)&#10;        at java.base@21.0.6/java.lang.Thread.runWith(Thread.java:1596)&#10;        at java.base@21.0.6/java.lang.Thread.run(Thread.java:1583)&#10;&quot;IPC Server handler 82 on default port 15001&quot; daemon prio=5 tid=300 timed_waiting&#10;java.lang.Thread.State: TIMED_WAITING&#10;        at java.base@21.0.6/jdk.internal.misc.Unsafe.park(Native Method)&#10;        at java.base@21.0.6/java.util.concurrent.locks.LockSupport.parkNanos(LockSupport.java:269)&#10;        at java.base@21.0.6/java.util.concurrent.locks.AbstractQueuedSynchronizer$ConditionObject.awaitNanos(AbstractQueuedSynchronizer.java:1763)&#10;        at java.base@21.0.6/java.util.concurrent.LinkedBlockingQueue.poll(LinkedBlockingQueue.java:460)&#10;        at app//org.apache.hadoop.ipc.CallQueueManager.take(CallQueueManager.java:370)&#10;        at app//org.apache.hadoop.ipc.Server$Handler.run(Server.java:3165)&#10;&quot;IPC Server handler 86 on default port 15000&quot; daemon prio=5 tid=204 timed_waiting&#10;java.lang.Thread.State: TIMED_WAITING&#10;        at java.base@21.0.6/jdk.internal.misc.Unsafe.park(Native Method)&#10;        at java.base@21.0.6/java.util.concurrent.locks.LockSupport.parkNanos(LockSupport.java:269)&#10;        at java.base@21.0.6/java.util.concurrent.locks.AbstractQueuedSynchronizer$ConditionObject.awaitNanos(AbstractQueuedSynchronizer.java:1763)&#10;        at java.base@21.0.6/java.util.concurrent.LinkedBlockingQueue.poll(LinkedBlockingQueue.java:460)&#10;        at app//org.apache.hadoop.ipc.CallQueueManager.take(CallQueueManager.java:370)&#10;        at app//org.apache.hadoop.ipc.Server$Handler.run(Server.java:3165)&#10;&quot;IPC Server handler 45 on default port 15000&quot; daemon prio=5 tid=163 timed_waiting&#10;java.lang.Thread.State: TIMED_WAITING&#10;        at java.base@21.0.6/jdk.internal.misc.Unsafe.park(Native Method)&#10;        at java.base@21.0.6/java.util.concurrent.locks.LockSupport.parkNanos(LockSupport.java:269)&#10;        at java.base@21.0.6/java.util.concurrent.locks.AbstractQueuedSynchronizer$ConditionObject.awaitNanos(AbstractQueuedSynchronizer.java:1763)&#10;        at java.base@21.0.6/java.util.concurrent.LinkedBlockingQueue.poll(LinkedBlockingQueue.java:460)&#10;        at app//org.apache.hadoop.ipc.CallQueueManager.take(CallQueueManager.java:370)&#10;        at app//org.apache.hadoop.ipc.Server$Handler.run(Server.java:3165)&#10;&quot;IPC Server handler 75 on default port 15000&quot; daemon prio=5 tid=193 timed_waiting&#10;java.lang.Thread.State: TIMED_WAITING&#10;        at java.base@21.0.6/jdk.internal.misc.Unsafe.park(Native Method)&#10;        at java.base@21.0.6/java.util.concurrent.locks.LockSupport.parkNanos(LockSupport.java:269)&#10;        at java.base@21.0.6/java.util.concurrent.locks.AbstractQueuedSynchronizer$ConditionObject.awaitNanos(AbstractQueuedSynchronizer.java:1763)&#10;        at java.base@21.0.6/java.util.concurrent.LinkedBlockingQueue.poll(LinkedBlockingQueue.java:460)&#10;        at app//org.apache.hadoop.ipc.CallQueueManager.take(CallQueueManager.java:370)&#10;        at app//org.apache.hadoop.ipc.Server$Handler.run(Server.java:3165)&#10;&quot;Session-HouseKeeper-16c1345b-1&quot;  prio=5 tid=329 timed_waiting&#10;java.lang.Thread.State: TIMED_WAITING&#10;        at java.base@21.0.6/jdk.internal.misc.Unsafe.park(Native Method)&#10;        at java.base@21.0.6/java.util.concurrent.locks.LockSupport.parkNanos(LockSupport.java:269)&#10;        at java.base@21.0.6/java.util.concurrent.locks.AbstractQueuedSynchronizer$ConditionObject.awaitNanos(AbstractQueuedSynchronizer.java:1763)&#10;        at java.base@21.0.6/java.util.concurrent.ScheduledThreadPoolExecutor$DelayedWorkQueue.take(ScheduledThreadPoolExecutor.java:1182)&#10;        at java.base@21.0.6/java.util.concurrent.ScheduledThreadPoolExecutor$DelayedWorkQueue.take(ScheduledThreadPoolExecutor.java:899)&#10;        at java.base@21.0.6/java.util.concurrent.ThreadPoolExecutor.getTask(ThreadPoolExecutor.java:1070)&#10;        at java.base@21.0.6/java.util.concurrent.ThreadPoolExecutor.runWorker(ThreadPoolExecutor.java:1130)&#10;        at java.base@21.0.6/java.util.concurrent.ThreadPoolExecutor$Worker.run(ThreadPoolExecutor.java:642)&#10;        at java.base@21.0.6/java.lang.Thread.runWith(Thread.java:1596)&#10;        at java.base@21.0.6/java.lang.Thread.run(Thread.java:1583)&#10;&quot;IPC Server handler 80 on default port 15001&quot; daemon prio=5 tid=298 timed_waiting&#10;java.lang.Thread.State: TIMED_WAITING&#10;        at java.base@21.0.6/jdk.internal.misc.Unsafe.park(Native Method)&#10;        at java.base@21.0.6/java.util.concurrent.locks.LockSupport.parkNanos(LockSupport.java:269)&#10;        at java.base@21.0.6/java.util.concurrent.locks.AbstractQueuedSynchronizer$ConditionObject.awaitNanos(AbstractQueuedSynchronizer.java:1763)&#10;        at java.base@21.0.6/java.util.concurrent.LinkedBlockingQueue.poll(LinkedBlockingQueue.java:460)&#10;        at app//org.apache.hadoop.ipc.CallQueueManager.take(CallQueueManager.java:370)&#10;        at app//org.apache.hadoop.ipc.Server$Handler.run(Server.java:3165)&#10;&quot;qtp596278845-321&quot; daemon prio=5 tid=321 runnable&#10;java.lang.Thread.State: RUNNABLE&#10;        at java.base@21.0.6/sun.nio.ch.EPoll.wait(Native Method)&#10;        at java.base@21.0.6/sun.nio.ch.EPollSelectorImpl.doSelect(EPollSelectorImpl.java:121)&#10;        at java.base@21.0.6/sun.nio.ch.SelectorImpl.lockAndDoSelect(SelectorImpl.java:130)&#10;        at java.base@21.0.6/sun.nio.ch.SelectorImpl.select(SelectorImpl.java:147)&#10;        at app//org.eclipse.jetty.io.ManagedSelector.nioSelect(ManagedSelector.java:183)&#10;        at app//org.eclipse.jetty.io.ManagedSelector.select(ManagedSelector.java:190)&#10;        at app//org.eclipse.jetty.io.ManagedSelector$SelectorProducer.select(ManagedSelector.java:606)&#10;        at app//org.eclipse.jetty.io.ManagedSelector$SelectorProducer.produce(ManagedSelector.java:543)&#10;        at app//org.eclipse.jetty.util.thread.strategy.EatWhatYouKill.produceTask(EatWhatYouKill.java:362)&#10;        at app//org.eclipse.jetty.util.thread.strategy.EatWhatYouKill.doProduce(EatWhatYouKill.java:186)&#10;        at app//org.eclipse.jetty.util.thread.strategy.EatWhatYouKill.tryProduce(EatWhatYouKill.java:173)&#10;        at app//org.eclipse.jetty.util.thread.strategy.EatWhatYouKill.produce(EatWhatYouKill.java:137)&#10;        at app//org.eclipse.jetty.io.ManagedSelector$$Lambda/0x00007fd0ac690720.run(Unknown Source)&#10;        at app//org.eclipse.jetty.util.thread.QueuedThreadPool.runJob(QueuedThreadPool.java:883)&#10;        at app//org.eclipse.jetty.util.thread.QueuedThreadPool$Runner.run(QueuedThreadPool.java:1034)&#10;        at java.base@21.0.6/java.lang.Thread.runWith(Thread.java:1596)&#10;        at java.base@21.0.6/java.lang.Thread.run(Thread.java:1583)&#10;&quot;IPC Server handler 30 on default port 15001&quot; daemon prio=5 tid=248 timed_waiting&#10;java.lang.Thread.State: TIMED_WAITING&#10;        at java.base@21.0.6/jdk.internal.misc.Unsafe.park(Native Method)&#10;        at java.base@21.0.6/java.util.concurrent.locks.LockSupport.parkNanos(LockSupport.java:269)&#10;        at java.base@21.0.6/java.util.concurrent.locks.AbstractQueuedSynchronizer$ConditionObject.awaitNanos(AbstractQueuedSynchronizer.java:1763)&#10;        at java.base@21.0.6/java.util.concurrent.LinkedBlockingQueue.poll(LinkedBlockingQueue.java:460)&#10;        at app//org.apache.hadoop.ipc.CallQueueManager.take(CallQueueManager.java:370)&#10;        at app//org.apache.hadoop.ipc.Server$Handler.run(Server.java:3165)&#10;&quot;IPC Server handler 51 on default port 15000&quot; daemon prio=5 tid=169 timed_waiting&#10;java.lang.Thread.State: TIMED_WAITING&#10;        at java.base@21.0.6/jdk.internal.misc.Unsafe.park(Native Method)&#10;        at java.base@21.0.6/java.util.concurrent.locks.LockSupport.parkNanos(LockSupport.java:269)&#10;        at java.base@21.0.6/java.util.concurrent.locks.AbstractQueuedSynchronizer$ConditionObject.awaitNanos(AbstractQueuedSynchronizer.java:1763)&#10;        at java.base@21.0.6/java.util.concurrent.LinkedBlockingQueue.poll(LinkedBlockingQueue.java:460)&#10;        at app//org.apache.hadoop.ipc.CallQueueManager.take(CallQueueManager.java:370)&#10;        at app//org.apache.hadoop.ipc.Server$Handler.run(Server.java:3165)&#10;&#10;" type="java.util.concurrent.TimeoutException"><![CDATA[java.util.concurrent.TimeoutException: 
Timed out waiting for condition. Thread diagnostics:
Timestamp: 2025-04-17 04:40:39,971

"IPC Server handler 12 on default port 15000" daemon prio=5 tid=130 timed_waiting
java.lang.Thread.State: TIMED_WAITING
        at java.base@21.0.6/jdk.internal.misc.Unsafe.park(Native Method)
        at java.base@21.0.6/java.util.concurrent.locks.LockSupport.parkNanos(LockSupport.java:269)
        at java.base@21.0.6/java.util.concurrent.locks.AbstractQueuedSynchronizer$ConditionObject.awaitNanos(AbstractQueuedSynchronizer.java:1763)
        at java.base@21.0.6/java.util.concurrent.LinkedBlockingQueue.poll(LinkedBlockingQueue.java:460)
        at app//org.apache.hadoop.ipc.CallQueueManager.take(CallQueueManager.java:370)
        at app//org.apache.hadoop.ipc.Server$Handler.run(Server.java:3165)
"ContainerMetadataScanner" daemon prio=5 tid=819 timed_waiting
java.lang.Thread.State: TIMED_WAITING
        at java.base@21.0.6/java.lang.Thread.sleep0(Native Method)
        at java.base@21.0.6/java.lang.Thread.sleep(Thread.java:509)
        at app//org.apache.hadoop.ozone.container.ozoneimpl.AbstractBackgroundContainerScanner.handleRemainingSleep(AbstractBackgroundContainerScanner.java:133)
        at app//org.apache.hadoop.ozone.container.ozoneimpl.AbstractBackgroundContainerScanner.runIteration(AbstractBackgroundContainerScanner.java:100)
        at app//org.apache.hadoop.ozone.container.ozoneimpl.AbstractBackgroundContainerScanner.run(AbstractBackgroundContainerScanner.java:59)
        at java.base@21.0.6/java.lang.Thread.runWith(Thread.java:1596)
        at java.base@21.0.6/java.lang.Thread.run(Thread.java:1583)
"FixedThreadPoolWithAffinityExecutor-9-0" daemon prio=5 tid=110 timed_waiting
java.lang.Thread.State: TIMED_WAITING
        at java.base@21.0.6/jdk.internal.misc.Unsafe.park(Native Method)
        at java.base@21.0.6/java.util.concurrent.locks.LockSupport.parkNanos(LockSupport.java:269)
        at java.base@21.0.6/java.util.concurrent.locks.AbstractQueuedSynchronizer$ConditionObject.awaitNanos(AbstractQueuedSynchronizer.java:1763)
        at java.base@21.0.6/java.util.concurrent.LinkedBlockingQueue.poll(LinkedBlockingQueue.java:460)
        at app//org.apache.hadoop.hdds.scm.server.ContainerReportQueue.poll(ContainerReportQueue.java:269)
        at app//org.apache.hadoop.hdds.scm.server.ContainerReportQueue.poll(ContainerReportQueue.java:42)
        at app//org.apache.hadoop.hdds.server.events.FixedThreadPoolWithAffinityExecutor$ContainerReportProcessTask.run(FixedThreadPoolWithAffinityExecutor.java:254)
        at java.base@21.0.6/java.util.concurrent.Executors$RunnableAdapter.call(Executors.java:572)
        at java.base@21.0.6/java.util.concurrent.FutureTask.run(FutureTask.java:317)
        at java.base@21.0.6/java.util.concurrent.ThreadPoolExecutor.runWorker(ThreadPoolExecutor.java:1144)
        at java.base@21.0.6/java.util.concurrent.ThreadPoolExecutor$Worker.run(ThreadPoolExecutor.java:642)
        at java.base@21.0.6/java.lang.Thread.runWith(Thread.java:1596)
        at java.base@21.0.6/java.lang.Thread.run(Thread.java:1583)
"IPC Server handler 96 on default port 15001" daemon prio=5 tid=314 timed_waiting
java.lang.Thread.State: TIMED_WAITING
        at java.base@21.0.6/jdk.internal.misc.Unsafe.park(Native Method)
        at java.base@21.0.6/java.util.concurrent.locks.LockSupport.parkNanos(LockSupport.java:269)
        at java.base@21.0.6/java.util.concurrent.locks.AbstractQueuedSynchronizer$ConditionObject.awaitNanos(AbstractQueuedSynchronizer.java:1763)
        at java.base@21.0.6/java.util.concurrent.LinkedBlockingQueue.poll(LinkedBlockingQueue.java:460)
        at app//org.apache.hadoop.ipc.CallQueueManager.take(CallQueueManager.java:370)
        at app//org.apache.hadoop.ipc.Server$Handler.run(Server.java:3165)
"IPC Server handler 64 on default port 15002" daemon prio=5 tid=400 timed_waiting
java.lang.Thread.State: TIMED_WAITING
        at java.base@21.0.6/jdk.internal.misc.Unsafe.park(Native Method)
        at java.base@21.0.6/java.util.concurrent.locks.LockSupport.parkNanos(LockSupport.java:269)
        at java.base@21.0.6/java.util.concurrent.locks.AbstractQueuedSynchronizer$ConditionObject.awaitNanos(AbstractQueuedSynchronizer.java:1763)
        at java.base@21.0.6/java.util.concurrent.LinkedBlockingQueue.poll(LinkedBlockingQueue.java:460)
        at app//org.apache.hadoop.ipc.CallQueueManager.take(CallQueueManager.java:370)
        at app//org.apache.hadoop.ipc.Server$Handler.run(Server.java:3165)
"grpc-default-worker-ELG-3-1" daemon prio=5 tid=862 runnable
java.lang.Thread.State: RUNNABLE
        at app//org.apache.ratis.thirdparty.io.netty.channel.epoll.Native.epollWait0(Native Method)
        at app//org.apache.ratis.thirdparty.io.netty.channel.epoll.Native.epollWait(Native.java:193)
        at app//org.apache.ratis.thirdparty.io.netty.channel.epoll.EpollEventLoop.epollWait(EpollEventLoop.java:304)
        at app//org.apache.ratis.thirdparty.io.netty.channel.epoll.EpollEventLoop.run(EpollEventLoop.java:368)
        at app//org.apache.ratis.thirdparty.io.netty.util.concurrent.SingleThreadEventExecutor$4.run(SingleThreadEventExecutor.java:997)
        at app//org.apache.ratis.thirdparty.io.netty.util.internal.ThreadExecutorMap$2.run(ThreadExecutorMap.java:74)
        at app//org.apache.ratis.thirdparty.io.netty.util.concurrent.FastThreadLocalRunnable.run(FastThreadLocalRunnable.java:30)
        at java.base@21.0.6/java.lang.Thread.runWith(Thread.java:1596)
        at java.base@21.0.6/java.lang.Thread.run(Thread.java:1583)
"IPC Server handler 6 on default port 15019" daemon prio=5 tid=597 timed_waiting
java.lang.Thread.State: TIMED_WAITING
        at java.base@21.0.6/jdk.internal.misc.Unsafe.park(Native Method)
        at java.base@21.0.6/java.util.concurrent.locks.LockSupport.parkNanos(LockSupport.java:269)
        at java.base@21.0.6/java.util.concurrent.locks.AbstractQueuedSynchronizer$ConditionObject.awaitNanos(AbstractQueuedSynchronizer.java:1763)
        at java.base@21.0.6/java.util.concurrent.LinkedBlockingQueue.poll(LinkedBlockingQueue.java:460)
        at app//org.apache.hadoop.ipc.CallQueueManager.take(CallQueueManager.java:370)
        at app//org.apache.hadoop.ipc.Server$Handler.run(Server.java:3165)
"JvmPauseMonitor6" daemon prio=5 tid=825 timed_waiting
java.lang.Thread.State: TIMED_WAITING
        at java.base@21.0.6/java.lang.Thread.sleep0(Native Method)
        at java.base@21.0.6/java.lang.Thread.sleep(Thread.java:558)
        at java.base@21.0.6/java.util.concurrent.TimeUnit.sleep(TimeUnit.java:446)
        at app//org.apache.ratis.util.TimeDuration.sleep(TimeDuration.java:353)
        at app//org.apache.ratis.util.TimeDuration.sleep(TimeDuration.java:338)
        at app//org.apache.ratis.util.JvmPauseMonitor.detectPause(JvmPauseMonitor.java:160)
        at app//org.apache.ratis.util.JvmPauseMonitor.run(JvmPauseMonitor.java:149)
        at app//org.apache.ratis.util.JvmPauseMonitor$$Lambda/0x00007fd0ac3a9508.run(Unknown Source)
        at java.base@21.0.6/java.lang.Thread.runWith(Thread.java:1596)
        at java.base@21.0.6/java.lang.Thread.run(Thread.java:1583)
"IPC Server handler 48 on default port 15000" daemon prio=5 tid=166 timed_waiting
java.lang.Thread.State: TIMED_WAITING
        at java.base@21.0.6/jdk.internal.misc.Unsafe.park(Native Method)
        at java.base@21.0.6/java.util.concurrent.locks.LockSupport.parkNanos(LockSupport.java:269)
        at java.base@21.0.6/java.util.concurrent.locks.AbstractQueuedSynchronizer$ConditionObject.awaitNanos(AbstractQueuedSynchronizer.java:1763)
        at java.base@21.0.6/java.util.concurrent.LinkedBlockingQueue.poll(LinkedBlockingQueue.java:460)
        at app//org.apache.hadoop.ipc.CallQueueManager.take(CallQueueManager.java:370)
        at app//org.apache.hadoop.ipc.Server$Handler.run(Server.java:3165)
"IPC Server handler 54 on default port 15000" daemon prio=5 tid=172 timed_waiting
java.lang.Thread.State: TIMED_WAITING
        at java.base@21.0.6/jdk.internal.misc.Unsafe.park(Native Method)
        at java.base@21.0.6/java.util.concurrent.locks.LockSupport.parkNanos(LockSupport.java:269)
        at java.base@21.0.6/java.util.concurrent.locks.AbstractQueuedSynchronizer$ConditionObject.awaitNanos(AbstractQueuedSynchronizer.java:1763)
        at java.base@21.0.6/java.util.concurrent.LinkedBlockingQueue.poll(LinkedBlockingQueue.java:460)
        at app//org.apache.hadoop.ipc.CallQueueManager.take(CallQueueManager.java:370)
        at app//org.apache.hadoop.ipc.Server$Handler.run(Server.java:3165)
"IPC Server handler 98 on default port 15001" daemon prio=5 tid=316 timed_waiting
java.lang.Thread.State: TIMED_WAITING
        at java.base@21.0.6/jdk.internal.misc.Unsafe.park(Native Method)
        at java.base@21.0.6/java.util.concurrent.locks.LockSupport.parkNanos(LockSupport.java:269)
        at java.base@21.0.6/java.util.concurrent.locks.AbstractQueuedSynchronizer$ConditionObject.awaitNanos(AbstractQueuedSynchronizer.java:1763)
        at java.base@21.0.6/java.util.concurrent.LinkedBlockingQueue.poll(LinkedBlockingQueue.java:460)
        at app//org.apache.hadoop.ipc.CallQueueManager.take(CallQueueManager.java:370)
        at app//org.apache.hadoop.ipc.Server$Handler.run(Server.java:3165)
"IPC Server handler 2 on default port 15019" daemon prio=5 tid=593 timed_waiting
java.lang.Thread.State: TIMED_WAITING
        at java.base@21.0.6/jdk.internal.misc.Unsafe.park(Native Method)
        at java.base@21.0.6/java.util.concurrent.locks.LockSupport.parkNanos(LockSupport.java:269)
        at java.base@21.0.6/java.util.concurrent.locks.AbstractQueuedSynchronizer$ConditionObject.awaitNanos(AbstractQueuedSynchronizer.java:1763)
        at java.base@21.0.6/java.util.concurrent.LinkedBlockingQueue.poll(LinkedBlockingQueue.java:460)
        at app//org.apache.hadoop.ipc.CallQueueManager.take(CallQueueManager.java:370)
        at app//org.apache.hadoop.ipc.Server$Handler.run(Server.java:3165)
"IPC Server handler 86 on default port 15002" daemon prio=5 tid=422 timed_waiting
java.lang.Thread.State: TIMED_WAITING
        at java.base@21.0.6/jdk.internal.misc.Unsafe.park(Native Method)
        at java.base@21.0.6/java.util.concurrent.locks.LockSupport.parkNanos(LockSupport.java:269)
        at java.base@21.0.6/java.util.concurrent.locks.AbstractQueuedSynchronizer$ConditionObject.awaitNanos(AbstractQueuedSynchronizer.java:1763)
        at java.base@21.0.6/java.util.concurrent.LinkedBlockingQueue.poll(LinkedBlockingQueue.java:460)
        at app//org.apache.hadoop.ipc.CallQueueManager.take(CallQueueManager.java:370)
        at app//org.apache.hadoop.ipc.Server$Handler.run(Server.java:3165)
"IPC Server handler 52 on default port 15001" daemon prio=5 tid=270 timed_waiting
java.lang.Thread.State: TIMED_WAITING
        at java.base@21.0.6/jdk.internal.misc.Unsafe.park(Native Method)
        at java.base@21.0.6/java.util.concurrent.locks.LockSupport.parkNanos(LockSupport.java:269)
        at java.base@21.0.6/java.util.concurrent.locks.AbstractQueuedSynchronizer$ConditionObject.awaitNanos(AbstractQueuedSynchronizer.java:1763)
        at java.base@21.0.6/java.util.concurrent.LinkedBlockingQueue.poll(LinkedBlockingQueue.java:460)
        at app//org.apache.hadoop.ipc.CallQueueManager.take(CallQueueManager.java:370)
        at app//org.apache.hadoop.ipc.Server$Handler.run(Server.java:3165)
"d6a19b8b-82a2-4947-8b44-7228be6ad053-ChunkWriter-2-0" daemon prio=5 tid=823 in Object.wait()
java.lang.Thread.State: WAITING (on object monitor)
        at java.base@21.0.6/jdk.internal.misc.Unsafe.park(Native Method)
        at java.base@21.0.6/java.util.concurrent.locks.LockSupport.park(LockSupport.java:371)
        at java.base@21.0.6/java.util.concurrent.locks.AbstractQueuedSynchronizer$ConditionNode.block(AbstractQueuedSynchronizer.java:519)
        at java.base@21.0.6/java.util.concurrent.ForkJoinPool.unmanagedBlock(ForkJoinPool.java:3780)
        at java.base@21.0.6/java.util.concurrent.ForkJoinPool.managedBlock(ForkJoinPool.java:3725)
        at java.base@21.0.6/java.util.concurrent.locks.AbstractQueuedSynchronizer$ConditionObject.await(AbstractQueuedSynchronizer.java:1712)
        at java.base@21.0.6/java.util.concurrent.LinkedBlockingDeque.takeFirst(LinkedBlockingDeque.java:485)
        at java.base@21.0.6/java.util.concurrent.LinkedBlockingDeque.take(LinkedBlockingDeque.java:673)
        at java.base@21.0.6/java.util.concurrent.ThreadPoolExecutor.getTask(ThreadPoolExecutor.java:1070)
        at java.base@21.0.6/java.util.concurrent.ThreadPoolExecutor.runWorker(ThreadPoolExecutor.java:1130)
        at java.base@21.0.6/java.util.concurrent.ThreadPoolExecutor$Worker.run(ThreadPoolExecutor.java:642)
        at java.base@21.0.6/java.lang.Thread.runWith(Thread.java:1596)
        at java.base@21.0.6/java.lang.Thread.run(Thread.java:1583)
"Socket Reader #5 for port 15006"  prio=5 tid=452 runnable
java.lang.Thread.State: RUNNABLE
        at java.base@21.0.6/sun.nio.ch.EPoll.wait(Native Method)
        at java.base@21.0.6/sun.nio.ch.EPollSelectorImpl.doSelect(EPollSelectorImpl.java:121)
        at java.base@21.0.6/sun.nio.ch.SelectorImpl.lockAndDoSelect(SelectorImpl.java:130)
        at java.base@21.0.6/sun.nio.ch.SelectorImpl.select(SelectorImpl.java:147)
        at app//org.apache.hadoop.ipc.Server$Listener$Reader.doRunLoop(Server.java:1497)
        at app//org.apache.hadoop.ipc.Server$Listener$Reader.run(Server.java:1476)
"Socket Reader #9 for port 15000"  prio=5 tid=96 runnable
java.lang.Thread.State: RUNNABLE
        at java.base@21.0.6/sun.nio.ch.EPoll.wait(Native Method)
        at java.base@21.0.6/sun.nio.ch.EPollSelectorImpl.doSelect(EPollSelectorImpl.java:121)
        at java.base@21.0.6/sun.nio.ch.SelectorImpl.lockAndDoSelect(SelectorImpl.java:130)
        at java.base@21.0.6/sun.nio.ch.SelectorImpl.select(SelectorImpl.java:147)
        at app//org.apache.hadoop.ipc.Server$Listener$Reader.doRunLoop(Server.java:1497)
        at app//org.apache.hadoop.ipc.Server$Listener$Reader.run(Server.java:1476)
"IPC Server handler 91 on default port 15001" daemon prio=5 tid=309 timed_waiting
java.lang.Thread.State: TIMED_WAITING
        at java.base@21.0.6/jdk.internal.misc.Unsafe.park(Native Method)
        at java.base@21.0.6/java.util.concurrent.locks.LockSupport.parkNanos(LockSupport.java:269)
        at java.base@21.0.6/java.util.concurrent.locks.AbstractQueuedSynchronizer$ConditionObject.awaitNanos(AbstractQueuedSynchronizer.java:1763)
        at java.base@21.0.6/java.util.concurrent.LinkedBlockingQueue.poll(LinkedBlockingQueue.java:460)
        at app//org.apache.hadoop.ipc.CallQueueManager.take(CallQueueManager.java:370)
        at app//org.apache.hadoop.ipc.Server$Handler.run(Server.java:3165)
"IPC Server handler 67 on default port 15002" daemon prio=5 tid=403 timed_waiting
java.lang.Thread.State: TIMED_WAITING
        at java.base@21.0.6/jdk.internal.misc.Unsafe.park(Native Method)
        at java.base@21.0.6/java.util.concurrent.locks.LockSupport.parkNanos(LockSupport.java:269)
        at java.base@21.0.6/java.util.concurrent.locks.AbstractQueuedSynchronizer$ConditionObject.awaitNanos(AbstractQueuedSynchronizer.java:1763)
        at java.base@21.0.6/java.util.concurrent.LinkedBlockingQueue.poll(LinkedBlockingQueue.java:460)
        at app//org.apache.hadoop.ipc.CallQueueManager.take(CallQueueManager.java:370)
        at app//org.apache.hadoop.ipc.Server$Handler.run(Server.java:3165)
"Socket Reader #6 for port 15035"  prio=5 tid=699 runnable
java.lang.Thread.State: RUNNABLE
        at java.base@21.0.6/sun.nio.ch.EPoll.wait(Native Method)
        at java.base@21.0.6/sun.nio.ch.EPollSelectorImpl.doSelect(EPollSelectorImpl.java:121)
        at java.base@21.0.6/sun.nio.ch.SelectorImpl.lockAndDoSelect(SelectorImpl.java:130)
        at java.base@21.0.6/sun.nio.ch.SelectorImpl.select(SelectorImpl.java:147)
        at app//org.apache.hadoop.ipc.Server$Listener$Reader.doRunLoop(Server.java:1497)
        at app//org.apache.hadoop.ipc.Server$Listener$Reader.run(Server.java:1476)
"qtp2049070779-747" daemon prio=5 tid=747 runnable
java.lang.Thread.State: RUNNABLE
        at java.base@21.0.6/sun.nio.ch.EPoll.wait(Native Method)
        at java.base@21.0.6/sun.nio.ch.EPollSelectorImpl.doSelect(EPollSelectorImpl.java:121)
        at java.base@21.0.6/sun.nio.ch.SelectorImpl.lockAndDoSelect(SelectorImpl.java:130)
        at java.base@21.0.6/sun.nio.ch.SelectorImpl.select(SelectorImpl.java:147)
        at app//org.eclipse.jetty.io.ManagedSelector.nioSelect(ManagedSelector.java:183)
        at app//org.eclipse.jetty.io.ManagedSelector.select(ManagedSelector.java:190)
        at app//org.eclipse.jetty.io.ManagedSelector$SelectorProducer.select(ManagedSelector.java:606)
        at app//org.eclipse.jetty.io.ManagedSelector$SelectorProducer.produce(ManagedSelector.java:543)
        at app//org.eclipse.jetty.util.thread.strategy.EatWhatYouKill.produceTask(EatWhatYouKill.java:362)
        at app//org.eclipse.jetty.util.thread.strategy.EatWhatYouKill.doProduce(EatWhatYouKill.java:186)
        at app//org.eclipse.jetty.util.thread.strategy.EatWhatYouKill.tryProduce(EatWhatYouKill.java:173)
        at app//org.eclipse.jetty.util.thread.strategy.EatWhatYouKill.produce(EatWhatYouKill.java:137)
        at app//org.eclipse.jetty.io.ManagedSelector$$Lambda/0x00007fd0ac690720.run(Unknown Source)
        at app//org.eclipse.jetty.util.thread.QueuedThreadPool.runJob(QueuedThreadPool.java:883)
        at app//org.eclipse.jetty.util.thread.QueuedThreadPool$Runner.run(QueuedThreadPool.java:1034)
        at java.base@21.0.6/java.lang.Thread.runWith(Thread.java:1596)
        at java.base@21.0.6/java.lang.Thread.run(Thread.java:1583)
"IPC Server handler 90 on default port 15000" daemon prio=5 tid=208 timed_waiting
java.lang.Thread.State: TIMED_WAITING
        at java.base@21.0.6/jdk.internal.misc.Unsafe.park(Native Method)
        at java.base@21.0.6/java.util.concurrent.locks.LockSupport.parkNanos(LockSupport.java:269)
        at java.base@21.0.6/java.util.concurrent.locks.AbstractQueuedSynchronizer$ConditionObject.awaitNanos(AbstractQueuedSynchronizer.java:1763)
        at java.base@21.0.6/java.util.concurrent.LinkedBlockingQueue.poll(LinkedBlockingQueue.java:460)
        at app//org.apache.hadoop.ipc.CallQueueManager.take(CallQueueManager.java:370)
        at app//org.apache.hadoop.ipc.Server$Handler.run(Server.java:3165)
"IPC Server handler 54 on default port 15002" daemon prio=5 tid=390 timed_waiting
java.lang.Thread.State: TIMED_WAITING
        at java.base@21.0.6/jdk.internal.misc.Unsafe.park(Native Method)
        at java.base@21.0.6/java.util.concurrent.locks.LockSupport.parkNanos(LockSupport.java:269)
        at java.base@21.0.6/java.util.concurrent.locks.AbstractQueuedSynchronizer$ConditionObject.awaitNanos(AbstractQueuedSynchronizer.java:1763)
        at java.base@21.0.6/java.util.concurrent.LinkedBlockingQueue.poll(LinkedBlockingQueue.java:460)
        at app//org.apache.hadoop.ipc.CallQueueManager.take(CallQueueManager.java:370)
        at app//org.apache.hadoop.ipc.Server$Handler.run(Server.java:3165)
"IPC Server handler 21 on default port 15002" daemon prio=5 tid=357 timed_waiting
java.lang.Thread.State: TIMED_WAITING
        at java.base@21.0.6/jdk.internal.misc.Unsafe.park(Native Method)
        at java.base@21.0.6/java.util.concurrent.locks.LockSupport.parkNanos(LockSupport.java:269)
        at java.base@21.0.6/java.util.concurrent.locks.AbstractQueuedSynchronizer$ConditionObject.awaitNanos(AbstractQueuedSynchronizer.java:1763)
        at java.base@21.0.6/java.util.concurrent.LinkedBlockingQueue.poll(LinkedBlockingQueue.java:460)
        at app//org.apache.hadoop.ipc.CallQueueManager.take(CallQueueManager.java:370)
        at app//org.apache.hadoop.ipc.Server$Handler.run(Server.java:3165)
"Socket Reader #5 for port 15000"  prio=5 tid=92 runnable
java.lang.Thread.State: RUNNABLE
        at java.base@21.0.6/sun.nio.ch.EPoll.wait(Native Method)
        at java.base@21.0.6/sun.nio.ch.EPollSelectorImpl.doSelect(EPollSelectorImpl.java:121)
        at java.base@21.0.6/sun.nio.ch.SelectorImpl.lockAndDoSelect(SelectorImpl.java:130)
        at java.base@21.0.6/sun.nio.ch.SelectorImpl.select(SelectorImpl.java:147)
        at app//org.apache.hadoop.ipc.Server$Listener$Reader.doRunLoop(Server.java:1497)
        at app//org.apache.hadoop.ipc.Server$Listener$Reader.run(Server.java:1476)
"IPC Server handler 3 on default port 15006" daemon prio=5 tid=498 timed_waiting
java.lang.Thread.State: TIMED_WAITING
        at java.base@21.0.6/jdk.internal.misc.Unsafe.park(Native Method)
        at java.base@21.0.6/java.util.concurrent.locks.LockSupport.parkNanos(LockSupport.java:269)
        at java.base@21.0.6/java.util.concurrent.locks.AbstractQueuedSynchronizer$ConditionObject.awaitNanos(AbstractQueuedSynchronizer.java:1763)
        at java.base@21.0.6/java.util.concurrent.LinkedBlockingQueue.poll(LinkedBlockingQueue.java:460)
        at app//org.apache.hadoop.ipc.CallQueueManager.take(CallQueueManager.java:370)
        at app//org.apache.hadoop.ipc.Server$Handler.run(Server.java:3165)
"Socket Reader #10 for port 15043"  prio=5 tid=775 runnable
java.lang.Thread.State: RUNNABLE
        at java.base@21.0.6/sun.nio.ch.EPoll.wait(Native Method)
        at java.base@21.0.6/sun.nio.ch.EPollSelectorImpl.doSelect(EPollSelectorImpl.java:121)
        at java.base@21.0.6/sun.nio.ch.SelectorImpl.lockAndDoSelect(SelectorImpl.java:130)
        at java.base@21.0.6/sun.nio.ch.SelectorImpl.select(SelectorImpl.java:147)
        at app//org.apache.hadoop.ipc.Server$Listener$Reader.doRunLoop(Server.java:1497)
        at app//org.apache.hadoop.ipc.Server$Listener$Reader.run(Server.java:1476)
"IPC Server handler 71 on default port 15001" daemon prio=5 tid=289 timed_waiting
java.lang.Thread.State: TIMED_WAITING
        at java.base@21.0.6/jdk.internal.misc.Unsafe.park(Native Method)
        at java.base@21.0.6/java.util.concurrent.locks.LockSupport.parkNanos(LockSupport.java:269)
        at java.base@21.0.6/java.util.concurrent.locks.AbstractQueuedSynchronizer$ConditionObject.awaitNanos(AbstractQueuedSynchronizer.java:1763)
        at java.base@21.0.6/java.util.concurrent.LinkedBlockingQueue.poll(LinkedBlockingQueue.java:460)
        at app//org.apache.hadoop.ipc.CallQueueManager.take(CallQueueManager.java:370)
        at app//org.apache.hadoop.ipc.Server$Handler.run(Server.java:3165)
"Socket Reader #5 for port 15027"  prio=5 tid=628 runnable
java.lang.Thread.State: RUNNABLE
        at java.base@21.0.6/sun.nio.ch.EPoll.wait(Native Method)
        at java.base@21.0.6/sun.nio.ch.EPollSelectorImpl.doSelect(EPollSelectorImpl.java:121)
        at java.base@21.0.6/sun.nio.ch.SelectorImpl.lockAndDoSelect(SelectorImpl.java:130)
        at java.base@21.0.6/sun.nio.ch.SelectorImpl.select(SelectorImpl.java:147)
        at app//org.apache.hadoop.ipc.Server$Listener$Reader.doRunLoop(Server.java:1497)
        at app//org.apache.hadoop.ipc.Server$Listener$Reader.run(Server.java:1476)
"Socket Reader #10 for port 15001"  prio=5 tid=83 runnable
java.lang.Thread.State: RUNNABLE
        at java.base@21.0.6/sun.nio.ch.EPoll.wait(Native Method)
        at java.base@21.0.6/sun.nio.ch.EPollSelectorImpl.doSelect(EPollSelectorImpl.java:121)
        at java.base@21.0.6/sun.nio.ch.SelectorImpl.lockAndDoSelect(SelectorImpl.java:130)
        at java.base@21.0.6/sun.nio.ch.SelectorImpl.select(SelectorImpl.java:147)
        at app//org.apache.hadoop.ipc.Server$Listener$Reader.doRunLoop(Server.java:1497)
        at app//org.apache.hadoop.ipc.Server$Listener$Reader.run(Server.java:1476)
"IPC Server handler 19 on default port 15006" daemon prio=5 tid=514 timed_waiting
java.lang.Thread.State: TIMED_WAITING
        at java.base@21.0.6/jdk.internal.misc.Unsafe.park(Native Method)
        at java.base@21.0.6/java.util.concurrent.locks.LockSupport.parkNanos(LockSupport.java:269)
        at java.base@21.0.6/java.util.concurrent.locks.AbstractQueuedSynchronizer$ConditionObject.awaitNanos(AbstractQueuedSynchronizer.java:1763)
        at java.base@21.0.6/java.util.concurrent.LinkedBlockingQueue.poll(LinkedBlockingQueue.java:460)
        at app//org.apache.hadoop.ipc.CallQueueManager.take(CallQueueManager.java:370)
        at app//org.apache.hadoop.ipc.Server$Handler.run(Server.java:3165)
"Socket Reader #5 for port 15001"  prio=5 tid=78 runnable
java.lang.Thread.State: RUNNABLE
        at java.base@21.0.6/sun.nio.ch.EPoll.wait(Native Method)
        at java.base@21.0.6/sun.nio.ch.EPollSelectorImpl.doSelect(EPollSelectorImpl.java:121)
        at java.base@21.0.6/sun.nio.ch.SelectorImpl.lockAndDoSelect(SelectorImpl.java:130)
        at java.base@21.0.6/sun.nio.ch.SelectorImpl.select(SelectorImpl.java:147)
        at app//org.apache.hadoop.ipc.Server$Listener$Reader.doRunLoop(Server.java:1497)
        at app//org.apache.hadoop.ipc.Server$Listener$Reader.run(Server.java:1476)
"IPC Server handler 50 on default port 15002" daemon prio=5 tid=386 timed_waiting
java.lang.Thread.State: TIMED_WAITING
        at java.base@21.0.6/jdk.internal.misc.Unsafe.park(Native Method)
        at java.base@21.0.6/java.util.concurrent.locks.LockSupport.parkNanos(LockSupport.java:269)
        at java.base@21.0.6/java.util.concurrent.locks.AbstractQueuedSynchronizer$ConditionObject.awaitNanos(AbstractQueuedSynchronizer.java:1763)
        at java.base@21.0.6/java.util.concurrent.LinkedBlockingQueue.poll(LinkedBlockingQueue.java:460)
        at app//org.apache.hadoop.ipc.CallQueueManager.take(CallQueueManager.java:370)
        at app//org.apache.hadoop.ipc.Server$Handler.run(Server.java:3165)
"qtp897209100-573" daemon prio=5 tid=573 timed_waiting
java.lang.Thread.State: TIMED_WAITING
        at java.base@21.0.6/jdk.internal.misc.Unsafe.park(Native Method)
        at java.base@21.0.6/java.util.concurrent.locks.LockSupport.parkNanos(LockSupport.java:269)
        at java.base@21.0.6/java.util.concurrent.locks.AbstractQueuedSynchronizer$ConditionObject.awaitNanos(AbstractQueuedSynchronizer.java:1763)
        at app//org.eclipse.jetty.util.BlockingArrayQueue.poll(BlockingArrayQueue.java:382)
        at app//org.eclipse.jetty.util.thread.QueuedThreadPool$Runner.idleJobPoll(QueuedThreadPool.java:974)
        at app//org.eclipse.jetty.util.thread.QueuedThreadPool$Runner.run(QueuedThreadPool.java:1018)
        at java.base@21.0.6/java.lang.Thread.runWith(Thread.java:1596)
        at java.base@21.0.6/java.lang.Thread.run(Thread.java:1583)
"Socket Reader #7 for port 15000"  prio=5 tid=94 runnable
java.lang.Thread.State: RUNNABLE
        at java.base@21.0.6/sun.nio.ch.EPoll.wait(Native Method)
        at java.base@21.0.6/sun.nio.ch.EPollSelectorImpl.doSelect(EPollSelectorImpl.java:121)
        at java.base@21.0.6/sun.nio.ch.SelectorImpl.lockAndDoSelect(SelectorImpl.java:130)
        at java.base@21.0.6/sun.nio.ch.SelectorImpl.select(SelectorImpl.java:147)
        at app//org.apache.hadoop.ipc.Server$Listener$Reader.doRunLoop(Server.java:1497)
        at app//org.apache.hadoop.ipc.Server$Listener$Reader.run(Server.java:1476)
"IPC Server Responder" daemon prio=5 tid=71 runnable
java.lang.Thread.State: RUNNABLE
        at java.base@21.0.6/sun.nio.ch.EPoll.wait(Native Method)
        at java.base@21.0.6/sun.nio.ch.EPollSelectorImpl.doSelect(EPollSelectorImpl.java:121)
        at java.base@21.0.6/sun.nio.ch.SelectorImpl.lockAndDoSelect(SelectorImpl.java:130)
        at java.base@21.0.6/sun.nio.ch.SelectorImpl.select(SelectorImpl.java:142)
        at app//org.apache.hadoop.ipc.Server$Responder.doRunLoop(Server.java:1733)
        at app//org.apache.hadoop.ipc.Server$Responder.run(Server.java:1716)
"IPC Server handler 5 on default port 15035" daemon prio=5 tid=712 timed_waiting
java.lang.Thread.State: TIMED_WAITING
        at java.base@21.0.6/jdk.internal.misc.Unsafe.park(Native Method)
        at java.base@21.0.6/java.util.concurrent.locks.LockSupport.parkNanos(LockSupport.java:269)
        at java.base@21.0.6/java.util.concurrent.locks.AbstractQueuedSynchronizer$ConditionObject.awaitNanos(AbstractQueuedSynchronizer.java:1763)
        at java.base@21.0.6/java.util.concurrent.LinkedBlockingQueue.poll(LinkedBlockingQueue.java:460)
        at app//org.apache.hadoop.ipc.CallQueueManager.take(CallQueueManager.java:370)
        at app//org.apache.hadoop.ipc.Server$Handler.run(Server.java:3165)
"StaleRecoveringContainerScrubbingService#1" daemon prio=5 tid=742 in Object.wait()
java.lang.Thread.State: WAITING (on object monitor)
        at java.base@21.0.6/jdk.internal.misc.Unsafe.park(Native Method)
        at java.base@21.0.6/java.util.concurrent.locks.LockSupport.park(LockSupport.java:371)
        at java.base@21.0.6/java.util.concurrent.locks.AbstractQueuedSynchronizer$ConditionNode.block(AbstractQueuedSynchronizer.java:519)
        at java.base@21.0.6/java.util.concurrent.ForkJoinPool.unmanagedBlock(ForkJoinPool.java:3780)
        at java.base@21.0.6/java.util.concurrent.ForkJoinPool.managedBlock(ForkJoinPool.java:3725)
        at java.base@21.0.6/java.util.concurrent.locks.AbstractQueuedSynchronizer$ConditionObject.await(AbstractQueuedSynchronizer.java:1712)
        at java.base@21.0.6/java.util.concurrent.ScheduledThreadPoolExecutor$DelayedWorkQueue.take(ScheduledThreadPoolExecutor.java:1177)
        at java.base@21.0.6/java.util.concurrent.ScheduledThreadPoolExecutor$DelayedWorkQueue.take(ScheduledThreadPoolExecutor.java:899)
        at java.base@21.0.6/java.util.concurrent.ThreadPoolExecutor.getTask(ThreadPoolExecutor.java:1070)
        at java.base@21.0.6/java.util.concurrent.ThreadPoolExecutor.runWorker(ThreadPoolExecutor.java:1130)
        at java.base@21.0.6/java.util.concurrent.ThreadPoolExecutor$Worker.run(ThreadPoolExecutor.java:642)
        at java.base@21.0.6/java.lang.Thread.runWith(Thread.java:1596)
        at java.base@21.0.6/java.lang.Thread.run(Thread.java:1583)
"Socket Reader #6 for port 15002"  prio=5 tid=65 runnable
java.lang.Thread.State: RUNNABLE
        at java.base@21.0.6/sun.nio.ch.EPoll.wait(Native Method)
        at java.base@21.0.6/sun.nio.ch.EPollSelectorImpl.doSelect(EPollSelectorImpl.java:121)
        at java.base@21.0.6/sun.nio.ch.SelectorImpl.lockAndDoSelect(SelectorImpl.java:130)
        at java.base@21.0.6/sun.nio.ch.SelectorImpl.select(SelectorImpl.java:147)
        at app//org.apache.hadoop.ipc.Server$Listener$Reader.doRunLoop(Server.java:1497)
        at app//org.apache.hadoop.ipc.Server$Listener$Reader.run(Server.java:1476)
"IPC Server handler 98 on default port 15000" daemon prio=5 tid=216 timed_waiting
java.lang.Thread.State: TIMED_WAITING
        at java.base@21.0.6/jdk.internal.misc.Unsafe.park(Native Method)
        at java.base@21.0.6/java.util.concurrent.locks.LockSupport.parkNanos(LockSupport.java:269)
        at java.base@21.0.6/java.util.concurrent.locks.AbstractQueuedSynchronizer$ConditionObject.awaitNanos(AbstractQueuedSynchronizer.java:1763)
        at java.base@21.0.6/java.util.concurrent.LinkedBlockingQueue.poll(LinkedBlockingQueue.java:460)
        at app//org.apache.hadoop.ipc.CallQueueManager.take(CallQueueManager.java:370)
        at app//org.apache.hadoop.ipc.Server$Handler.run(Server.java:3165)
"IPC Server handler 88 on default port 15000" daemon prio=5 tid=206 timed_waiting
java.lang.Thread.State: TIMED_WAITING
        at java.base@21.0.6/jdk.internal.misc.Unsafe.park(Native Method)
        at java.base@21.0.6/java.util.concurrent.locks.LockSupport.parkNanos(LockSupport.java:269)
        at java.base@21.0.6/java.util.concurrent.locks.AbstractQueuedSynchronizer$ConditionObject.awaitNanos(AbstractQueuedSynchronizer.java:1763)
        at java.base@21.0.6/java.util.concurrent.LinkedBlockingQueue.poll(LinkedBlockingQueue.java:460)
        at app//org.apache.hadoop.ipc.CallQueueManager.take(CallQueueManager.java:370)
        at app//org.apache.hadoop.ipc.Server$Handler.run(Server.java:3165)
"IPC Server idle connection scanner for port 15035" daemon prio=5 tid=704 timed_waiting
java.lang.Thread.State: TIMED_WAITING
        at java.base@21.0.6/java.lang.Object.wait0(Native Method)
        at java.base@21.0.6/java.lang.Object.wait(Object.java:366)
        at java.base@21.0.6/java.util.TimerThread.mainLoop(Timer.java:563)
        at java.base@21.0.6/java.util.TimerThread.run(Timer.java:516)
"IPC Server handler 97 on default port 15002" daemon prio=5 tid=433 timed_waiting
java.lang.Thread.State: TIMED_WAITING
        at java.base@21.0.6/jdk.internal.misc.Unsafe.park(Native Method)
        at java.base@21.0.6/java.util.concurrent.locks.LockSupport.parkNanos(LockSupport.java:269)
        at java.base@21.0.6/java.util.concurrent.locks.AbstractQueuedSynchronizer$ConditionObject.awaitNanos(AbstractQueuedSynchronizer.java:1763)
        at java.base@21.0.6/java.util.concurrent.LinkedBlockingQueue.poll(LinkedBlockingQueue.java:460)
        at app//org.apache.hadoop.ipc.CallQueueManager.take(CallQueueManager.java:370)
        at app//org.apache.hadoop.ipc.Server$Handler.run(Server.java:3165)
"IPC Server handler 10 on default port 15002" daemon prio=5 tid=346 timed_waiting
java.lang.Thread.State: TIMED_WAITING
        at java.base@21.0.6/jdk.internal.misc.Unsafe.park(Native Method)
        at java.base@21.0.6/java.util.concurrent.locks.LockSupport.parkNanos(LockSupport.java:269)
        at java.base@21.0.6/java.util.concurrent.locks.AbstractQueuedSynchronizer$ConditionObject.awaitNanos(AbstractQueuedSynchronizer.java:1763)
        at java.base@21.0.6/java.util.concurrent.LinkedBlockingQueue.poll(LinkedBlockingQueue.java:460)
        at app//org.apache.hadoop.ipc.CallQueueManager.take(CallQueueManager.java:370)
        at app//org.apache.hadoop.ipc.Server$Handler.run(Server.java:3165)
"om1-DirectoryDeletingService#5" daemon prio=5 tid=478 in Object.wait()
java.lang.Thread.State: WAITING (on object monitor)
        at java.base@21.0.6/jdk.internal.misc.Unsafe.park(Native Method)
        at java.base@21.0.6/java.util.concurrent.locks.LockSupport.park(LockSupport.java:371)
        at java.base@21.0.6/java.util.concurrent.locks.AbstractQueuedSynchronizer$ConditionNode.block(AbstractQueuedSynchronizer.java:519)
        at java.base@21.0.6/java.util.concurrent.ForkJoinPool.unmanagedBlock(ForkJoinPool.java:3780)
        at java.base@21.0.6/java.util.concurrent.ForkJoinPool.managedBlock(ForkJoinPool.java:3725)
        at java.base@21.0.6/java.util.concurrent.locks.AbstractQueuedSynchronizer$ConditionObject.await(AbstractQueuedSynchronizer.java:1712)
        at java.base@21.0.6/java.util.concurrent.ScheduledThreadPoolExecutor$DelayedWorkQueue.take(ScheduledThreadPoolExecutor.java:1177)
        at java.base@21.0.6/java.util.concurrent.ScheduledThreadPoolExecutor$DelayedWorkQueue.take(ScheduledThreadPoolExecutor.java:899)
        at java.base@21.0.6/java.util.concurrent.ThreadPoolExecutor.getTask(ThreadPoolExecutor.java:1070)
        at java.base@21.0.6/java.util.concurrent.ThreadPoolExecutor.runWorker(ThreadPoolExecutor.java:1130)
        at java.base@21.0.6/java.util.concurrent.ThreadPoolExecutor$Worker.run(ThreadPoolExecutor.java:642)
        at java.base@21.0.6/java.lang.Thread.runWith(Thread.java:1596)
        at java.base@21.0.6/java.lang.Thread.run(Thread.java:1583)
"StaleRecoveringContainerScrubbingService#0" daemon prio=5 tid=809 timed_waiting
java.lang.Thread.State: TIMED_WAITING
        at java.base@21.0.6/jdk.internal.misc.Unsafe.park(Native Method)
        at java.base@21.0.6/java.util.concurrent.locks.LockSupport.parkNanos(LockSupport.java:269)
        at java.base@21.0.6/java.util.concurrent.locks.AbstractQueuedSynchronizer$ConditionObject.awaitNanos(AbstractQueuedSynchronizer.java:1763)
        at java.base@21.0.6/java.util.concurrent.ScheduledThreadPoolExecutor$DelayedWorkQueue.take(ScheduledThreadPoolExecutor.java:1182)
        at java.base@21.0.6/java.util.concurrent.ScheduledThreadPoolExecutor$DelayedWorkQueue.take(ScheduledThreadPoolExecutor.java:899)
        at java.base@21.0.6/java.util.concurrent.ThreadPoolExecutor.getTask(ThreadPoolExecutor.java:1070)
        at java.base@21.0.6/java.util.concurrent.ThreadPoolExecutor.runWorker(ThreadPoolExecutor.java:1130)
        at java.base@21.0.6/java.util.concurrent.ThreadPoolExecutor$Worker.run(ThreadPoolExecutor.java:642)
        at java.base@21.0.6/java.lang.Thread.runWith(Thread.java:1596)
        at java.base@21.0.6/java.lang.Thread.run(Thread.java:1583)
"qtp1419970068-671" daemon prio=5 tid=671 timed_waiting
java.lang.Thread.State: TIMED_WAITING
        at java.base@21.0.6/jdk.internal.misc.Unsafe.park(Native Method)
        at java.base@21.0.6/java.util.concurrent.locks.LockSupport.parkNanos(LockSupport.java:269)
        at java.base@21.0.6/java.util.concurrent.locks.AbstractQueuedSynchronizer$ConditionObject.awaitNanos(AbstractQueuedSynchronizer.java:1763)
        at app//org.eclipse.jetty.util.BlockingArrayQueue.poll(BlockingArrayQueue.java:382)
        at app//org.eclipse.jetty.util.thread.QueuedThreadPool$Runner.idleJobPoll(QueuedThreadPool.java:974)
        at app//org.eclipse.jetty.util.thread.QueuedThreadPool$Runner.run(QueuedThreadPool.java:1018)
        at java.base@21.0.6/java.lang.Thread.runWith(Thread.java:1596)
        at java.base@21.0.6/java.lang.Thread.run(Thread.java:1583)
"IPC Server handler 75 on default port 15001" daemon prio=5 tid=293 timed_waiting
java.lang.Thread.State: TIMED_WAITING
        at java.base@21.0.6/jdk.internal.misc.Unsafe.park(Native Method)
        at java.base@21.0.6/java.util.concurrent.locks.LockSupport.parkNanos(LockSupport.java:269)
        at java.base@21.0.6/java.util.concurrent.locks.AbstractQueuedSynchronizer$ConditionObject.awaitNanos(AbstractQueuedSynchronizer.java:1763)
        at java.base@21.0.6/java.util.concurrent.LinkedBlockingQueue.poll(LinkedBlockingQueue.java:460)
        at app//org.apache.hadoop.ipc.CallQueueManager.take(CallQueueManager.java:370)
        at app//org.apache.hadoop.ipc.Server$Handler.run(Server.java:3165)
"Socket Reader #1 for port 15035"  prio=5 tid=694 runnable
java.lang.Thread.State: RUNNABLE
        at java.base@21.0.6/sun.nio.ch.EPoll.wait(Native Method)
        at java.base@21.0.6/sun.nio.ch.EPollSelectorImpl.doSelect(EPollSelectorImpl.java:121)
        at java.base@21.0.6/sun.nio.ch.SelectorImpl.lockAndDoSelect(SelectorImpl.java:130)
        at java.base@21.0.6/sun.nio.ch.SelectorImpl.select(SelectorImpl.java:147)
        at app//org.apache.hadoop.ipc.Server$Listener$Reader.doRunLoop(Server.java:1497)
        at app//org.apache.hadoop.ipc.Server$Listener$Reader.run(Server.java:1476)
"IPC Server listener on 15001" daemon prio=5 tid=73 runnable
java.lang.Thread.State: RUNNABLE
        at java.base@21.0.6/sun.nio.ch.EPoll.wait(Native Method)
        at java.base@21.0.6/sun.nio.ch.EPollSelectorImpl.doSelect(EPollSelectorImpl.java:121)
        at java.base@21.0.6/sun.nio.ch.SelectorImpl.lockAndDoSelect(SelectorImpl.java:130)
        at java.base@21.0.6/sun.nio.ch.SelectorImpl.select(SelectorImpl.java:147)
        at app//org.apache.hadoop.ipc.Server$Listener.run(Server.java:1559)
"IPC Server handler 5 on default port 15002" daemon prio=5 tid=341 timed_waiting
java.lang.Thread.State: TIMED_WAITING
        at java.base@21.0.6/jdk.internal.misc.Unsafe.park(Native Method)
        at java.base@21.0.6/java.util.concurrent.locks.LockSupport.parkNanos(LockSupport.java:269)
        at java.base@21.0.6/java.util.concurrent.locks.AbstractQueuedSynchronizer$ConditionObject.awaitNanos(AbstractQueuedSynchronizer.java:1763)
        at java.base@21.0.6/java.util.concurrent.LinkedBlockingQueue.poll(LinkedBlockingQueue.java:460)
        at app//org.apache.hadoop.ipc.CallQueueManager.take(CallQueueManager.java:370)
        at app//org.apache.hadoop.ipc.Server$Handler.run(Server.java:3165)
"IPC Server handler 11 on default port 15001" daemon prio=5 tid=229 timed_waiting
java.lang.Thread.State: TIMED_WAITING
        at java.base@21.0.6/jdk.internal.misc.Unsafe.park(Native Method)
        at java.base@21.0.6/java.util.concurrent.locks.LockSupport.parkNanos(LockSupport.java:269)
        at java.base@21.0.6/java.util.concurrent.locks.AbstractQueuedSynchronizer$ConditionObject.awaitNanos(AbstractQueuedSynchronizer.java:1763)
        at java.base@21.0.6/java.util.concurrent.LinkedBlockingQueue.poll(LinkedBlockingQueue.java:460)
        at app//org.apache.hadoop.ipc.CallQueueManager.take(CallQueueManager.java:370)
        at app//org.apache.hadoop.ipc.Server$Handler.run(Server.java:3165)
"qtp2005400801-621" daemon prio=5 tid=621 timed_waiting
java.lang.Thread.State: TIMED_WAITING
        at java.base@21.0.6/jdk.internal.misc.Unsafe.park(Native Method)
        at java.base@21.0.6/java.util.concurrent.locks.LockSupport.parkNanos(LockSupport.java:269)
        at java.base@21.0.6/java.util.concurrent.locks.AbstractQueuedSynchronizer$ConditionObject.awaitNanos(AbstractQueuedSynchronizer.java:1763)
        at app//org.eclipse.jetty.util.BlockingArrayQueue.poll(BlockingArrayQueue.java:382)
        at app//org.eclipse.jetty.util.thread.QueuedThreadPool$Runner.idleJobPoll(QueuedThreadPool.java:974)
        at app//org.eclipse.jetty.util.thread.QueuedThreadPool$Runner.run(QueuedThreadPool.java:1018)
        at java.base@21.0.6/java.lang.Thread.runWith(Thread.java:1596)
        at java.base@21.0.6/java.lang.Thread.run(Thread.java:1583)
"IPC Server handler 36 on default port 15000" daemon prio=5 tid=154 timed_waiting
java.lang.Thread.State: TIMED_WAITING
        at java.base@21.0.6/jdk.internal.misc.Unsafe.park(Native Method)
        at java.base@21.0.6/java.util.concurrent.locks.LockSupport.parkNanos(LockSupport.java:269)
        at java.base@21.0.6/java.util.concurrent.locks.AbstractQueuedSynchronizer$ConditionObject.awaitNanos(AbstractQueuedSynchronizer.java:1763)
        at java.base@21.0.6/java.util.concurrent.LinkedBlockingQueue.poll(LinkedBlockingQueue.java:460)
        at app//org.apache.hadoop.ipc.CallQueueManager.take(CallQueueManager.java:370)
        at app//org.apache.hadoop.ipc.Server$Handler.run(Server.java:3165)
"d6a19b8b-82a2-4947-8b44-7228be6ad053-CommandProcessorThread" daemon prio=5 tid=722 timed_waiting
java.lang.Thread.State: TIMED_WAITING
        at java.base@21.0.6/java.lang.Thread.sleep0(Native Method)
        at java.base@21.0.6/java.lang.Thread.sleep(Thread.java:509)
        at app//org.apache.hadoop.ozone.container.common.statemachine.DatanodeStateMachine.lambda$initCommandHandlerThread$4(DatanodeStateMachine.java:673)
        at app//org.apache.hadoop.ozone.container.common.statemachine.DatanodeStateMachine$$Lambda/0x00007fd0ac80cc70.run(Unknown Source)
        at java.base@21.0.6/java.lang.Thread.runWith(Thread.java:1596)
        at java.base@21.0.6/java.lang.Thread.run(Thread.java:1583)
"IPC Server handler 4 on default port 15043" daemon prio=5 tid=787 timed_waiting
java.lang.Thread.State: TIMED_WAITING
        at java.base@21.0.6/jdk.internal.misc.Unsafe.park(Native Method)
        at java.base@21.0.6/java.util.concurrent.locks.LockSupport.parkNanos(LockSupport.java:269)
        at java.base@21.0.6/java.util.concurrent.locks.AbstractQueuedSynchronizer$ConditionObject.awaitNanos(AbstractQueuedSynchronizer.java:1763)
        at java.base@21.0.6/java.util.concurrent.LinkedBlockingQueue.poll(LinkedBlockingQueue.java:460)
        at app//org.apache.hadoop.ipc.CallQueueManager.take(CallQueueManager.java:370)
        at app//org.apache.hadoop.ipc.Server$Handler.run(Server.java:3165)
"IPC Server handler 16 on default port 15006" daemon prio=5 tid=511 timed_waiting
java.lang.Thread.State: TIMED_WAITING
        at java.base@21.0.6/jdk.internal.misc.Unsafe.park(Native Method)
        at java.base@21.0.6/java.util.concurrent.locks.LockSupport.parkNanos(LockSupport.java:269)
        at java.base@21.0.6/java.util.concurrent.locks.AbstractQueuedSynchronizer$ConditionObject.awaitNanos(AbstractQueuedSynchronizer.java:1763)
        at java.base@21.0.6/java.util.concurrent.LinkedBlockingQueue.poll(LinkedBlockingQueue.java:460)
        at app//org.apache.hadoop.ipc.CallQueueManager.take(CallQueueManager.java:370)
        at app//org.apache.hadoop.ipc.Server$Handler.run(Server.java:3165)
"Socket Reader #8 for port 15027"  prio=5 tid=631 runnable
java.lang.Thread.State: RUNNABLE
        at java.base@21.0.6/sun.nio.ch.EPoll.wait(Native Method)
        at java.base@21.0.6/sun.nio.ch.EPollSelectorImpl.doSelect(EPollSelectorImpl.java:121)
        at java.base@21.0.6/sun.nio.ch.SelectorImpl.lockAndDoSelect(SelectorImpl.java:130)
        at java.base@21.0.6/sun.nio.ch.SelectorImpl.select(SelectorImpl.java:147)
        at app//org.apache.hadoop.ipc.Server$Listener$Reader.doRunLoop(Server.java:1497)
        at app//org.apache.hadoop.ipc.Server$Listener$Reader.run(Server.java:1476)
"IPC Server handler 13 on default port 15000" daemon prio=5 tid=131 timed_waiting
java.lang.Thread.State: TIMED_WAITING
        at java.base@21.0.6/jdk.internal.misc.Unsafe.park(Native Method)
        at java.base@21.0.6/java.util.concurrent.locks.LockSupport.parkNanos(LockSupport.java:269)
        at java.base@21.0.6/java.util.concurrent.locks.AbstractQueuedSynchronizer$ConditionObject.awaitNanos(AbstractQueuedSynchronizer.java:1763)
        at java.base@21.0.6/java.util.concurrent.LinkedBlockingQueue.poll(LinkedBlockingQueue.java:460)
        at app//org.apache.hadoop.ipc.CallQueueManager.take(CallQueueManager.java:370)
        at app//org.apache.hadoop.ipc.Server$Handler.run(Server.java:3165)
"Hadoop-Metrics-Updater-0" daemon prio=5 tid=706 timed_waiting
java.lang.Thread.State: TIMED_WAITING
        at java.base@21.0.6/jdk.internal.misc.Unsafe.park(Native Method)
        at java.base@21.0.6/java.util.concurrent.locks.LockSupport.parkNanos(LockSupport.java:269)
        at java.base@21.0.6/java.util.concurrent.locks.AbstractQueuedSynchronizer$ConditionObject.awaitNanos(AbstractQueuedSynchronizer.java:1763)
        at java.base@21.0.6/java.util.concurrent.ScheduledThreadPoolExecutor$DelayedWorkQueue.take(ScheduledThreadPoolExecutor.java:1182)
        at java.base@21.0.6/java.util.concurrent.ScheduledThreadPoolExecutor$DelayedWorkQueue.take(ScheduledThreadPoolExecutor.java:899)
        at java.base@21.0.6/java.util.concurrent.ThreadPoolExecutor.getTask(ThreadPoolExecutor.java:1070)
        at java.base@21.0.6/java.util.concurrent.ThreadPoolExecutor.runWorker(ThreadPoolExecutor.java:1130)
        at java.base@21.0.6/java.util.concurrent.ThreadPoolExecutor$Worker.run(ThreadPoolExecutor.java:642)
        at java.base@21.0.6/java.lang.Thread.runWith(Thread.java:1596)
        at java.base@21.0.6/java.lang.Thread.run(Thread.java:1583)
"Hadoop-Metrics-Updater-0" daemon prio=5 tid=86 timed_waiting
java.lang.Thread.State: TIMED_WAITING
        at java.base@21.0.6/jdk.internal.misc.Unsafe.park(Native Method)
        at java.base@21.0.6/java.util.concurrent.locks.LockSupport.parkNanos(LockSupport.java:269)
        at java.base@21.0.6/java.util.concurrent.locks.AbstractQueuedSynchronizer$ConditionObject.awaitNanos(AbstractQueuedSynchronizer.java:1763)
        at java.base@21.0.6/java.util.concurrent.ScheduledThreadPoolExecutor$DelayedWorkQueue.take(ScheduledThreadPoolExecutor.java:1182)
        at java.base@21.0.6/java.util.concurrent.ScheduledThreadPoolExecutor$DelayedWorkQueue.take(ScheduledThreadPoolExecutor.java:899)
        at java.base@21.0.6/java.util.concurrent.ThreadPoolExecutor.getTask(ThreadPoolExecutor.java:1070)
        at java.base@21.0.6/java.util.concurrent.ThreadPoolExecutor.runWorker(ThreadPoolExecutor.java:1130)
        at java.base@21.0.6/java.util.concurrent.ThreadPoolExecutor$Worker.run(ThreadPoolExecutor.java:642)
        at java.base@21.0.6/java.lang.Thread.runWith(Thread.java:1596)
        at java.base@21.0.6/java.lang.Thread.run(Thread.java:1583)
"IPC Server handler 51 on default port 15001" daemon prio=5 tid=269 timed_waiting
java.lang.Thread.State: TIMED_WAITING
        at java.base@21.0.6/jdk.internal.misc.Unsafe.park(Native Method)
        at java.base@21.0.6/java.util.concurrent.locks.LockSupport.parkNanos(LockSupport.java:269)
        at java.base@21.0.6/java.util.concurrent.locks.AbstractQueuedSynchronizer$ConditionObject.awaitNanos(AbstractQueuedSynchronizer.java:1763)
        at java.base@21.0.6/java.util.concurrent.LinkedBlockingQueue.poll(LinkedBlockingQueue.java:460)
        at app//org.apache.hadoop.ipc.CallQueueManager.take(CallQueueManager.java:370)
        at app//org.apache.hadoop.ipc.Server$Handler.run(Server.java:3165)
"IPC Server handler 63 on default port 15001" daemon prio=5 tid=281 timed_waiting
java.lang.Thread.State: TIMED_WAITING
        at java.base@21.0.6/jdk.internal.misc.Unsafe.park(Native Method)
        at java.base@21.0.6/java.util.concurrent.locks.LockSupport.parkNanos(LockSupport.java:269)
        at java.base@21.0.6/java.util.concurrent.locks.AbstractQueuedSynchronizer$ConditionObject.awaitNanos(AbstractQueuedSynchronizer.java:1763)
        at java.base@21.0.6/java.util.concurrent.LinkedBlockingQueue.poll(LinkedBlockingQueue.java:460)
        at app//org.apache.hadoop.ipc.CallQueueManager.take(CallQueueManager.java:370)
        at app//org.apache.hadoop.ipc.Server$Handler.run(Server.java:3165)
"4a3059aa-ae89-4e47-8f1e-08d61ab31d43-EndpointStateMachineTaskThread-/0.0.0.0:15002-0 "  prio=5 tid=834 in Object.wait()
java.lang.Thread.State: WAITING (on object monitor)
        at java.base@21.0.6/jdk.internal.misc.Unsafe.park(Native Method)
        at java.base@21.0.6/java.util.concurrent.locks.LockSupport.park(LockSupport.java:371)
        at java.base@21.0.6/java.util.concurrent.locks.AbstractQueuedSynchronizer$ConditionNode.block(AbstractQueuedSynchronizer.java:519)
        at java.base@21.0.6/java.util.concurrent.ForkJoinPool.unmanagedBlock(ForkJoinPool.java:3780)
        at java.base@21.0.6/java.util.concurrent.ForkJoinPool.managedBlock(ForkJoinPool.java:3725)
        at java.base@21.0.6/java.util.concurrent.locks.AbstractQueuedSynchronizer$ConditionObject.await(AbstractQueuedSynchronizer.java:1712)
        at java.base@21.0.6/java.util.concurrent.LinkedBlockingQueue.take(LinkedBlockingQueue.java:435)
        at java.base@21.0.6/java.util.concurrent.ThreadPoolExecutor.getTask(ThreadPoolExecutor.java:1070)
        at java.base@21.0.6/java.util.concurrent.ThreadPoolExecutor.runWorker(ThreadPoolExecutor.java:1130)
        at java.base@21.0.6/java.util.concurrent.ThreadPoolExecutor$Worker.run(ThreadPoolExecutor.java:642)
        at java.base@21.0.6/java.lang.Thread.runWith(Thread.java:1596)
        at java.base@21.0.6/java.lang.Thread.run(Thread.java:1583)
"d6a19b8b-82a2-4947-8b44-7228be6ad053-ChunkReader-ELG-0" daemon prio=5 tid=826 runnable
java.lang.Thread.State: RUNNABLE
        at app//org.apache.ratis.thirdparty.io.netty.channel.epoll.Native.epollWait(Native Method)
        at app//org.apache.ratis.thirdparty.io.netty.channel.epoll.Native.epollWait(Native.java:220)
        at app//org.apache.ratis.thirdparty.io.netty.channel.epoll.Native.epollWait(Native.java:213)
        at app//org.apache.ratis.thirdparty.io.netty.channel.epoll.EpollEventLoop.epollWaitNoTimerChange(EpollEventLoop.java:308)
        at app//org.apache.ratis.thirdparty.io.netty.channel.epoll.EpollEventLoop.run(EpollEventLoop.java:365)
        at app//org.apache.ratis.thirdparty.io.netty.util.concurrent.SingleThreadEventExecutor$4.run(SingleThreadEventExecutor.java:997)
        at app//org.apache.ratis.thirdparty.io.netty.util.internal.ThreadExecutorMap$2.run(ThreadExecutorMap.java:74)
        at java.base@21.0.6/java.lang.Thread.runWith(Thread.java:1596)
        at java.base@21.0.6/java.lang.Thread.run(Thread.java:1583)
"pool-176-thread-1" daemon prio=5 tid=838 timed_waiting
java.lang.Thread.State: TIMED_WAITING
        at java.base@21.0.6/jdk.internal.misc.Unsafe.park(Native Method)
        at java.base@21.0.6/java.util.concurrent.locks.LockSupport.parkNanos(LockSupport.java:269)
        at java.base@21.0.6/java.util.concurrent.locks.AbstractQueuedSynchronizer$ConditionObject.awaitNanos(AbstractQueuedSynchronizer.java:1763)
        at java.base@21.0.6/java.util.concurrent.ScheduledThreadPoolExecutor$DelayedWorkQueue.take(ScheduledThreadPoolExecutor.java:1182)
        at java.base@21.0.6/java.util.concurrent.ScheduledThreadPoolExecutor$DelayedWorkQueue.take(ScheduledThreadPoolExecutor.java:899)
        at java.base@21.0.6/java.util.concurrent.ThreadPoolExecutor.getTask(ThreadPoolExecutor.java:1070)
        at java.base@21.0.6/java.util.concurrent.ThreadPoolExecutor.runWorker(ThreadPoolExecutor.java:1130)
        at java.base@21.0.6/java.util.concurrent.ThreadPoolExecutor$Worker.run(ThreadPoolExecutor.java:642)
        at java.base@21.0.6/java.lang.Thread.runWith(Thread.java:1596)
        at java.base@21.0.6/java.lang.Thread.run(Thread.java:1583)
"IPC Server handler 72 on default port 15000" daemon prio=5 tid=190 timed_waiting
java.lang.Thread.State: TIMED_WAITING
        at java.base@21.0.6/jdk.internal.misc.Unsafe.park(Native Method)
        at java.base@21.0.6/java.util.concurrent.locks.LockSupport.parkNanos(LockSupport.java:269)
        at java.base@21.0.6/java.util.concurrent.locks.AbstractQueuedSynchronizer$ConditionObject.awaitNanos(AbstractQueuedSynchronizer.java:1763)
        at java.base@21.0.6/java.util.concurrent.LinkedBlockingQueue.poll(LinkedBlockingQueue.java:460)
        at app//org.apache.hadoop.ipc.CallQueueManager.take(CallQueueManager.java:370)
        at app//org.apache.hadoop.ipc.Server$Handler.run(Server.java:3165)
"IPC Server handler 70 on default port 15002" daemon prio=5 tid=406 timed_waiting
java.lang.Thread.State: TIMED_WAITING
        at java.base@21.0.6/jdk.internal.misc.Unsafe.park(Native Method)
        at java.base@21.0.6/java.util.concurrent.locks.LockSupport.parkNanos(LockSupport.java:269)
        at java.base@21.0.6/java.util.concurrent.locks.AbstractQueuedSynchronizer$ConditionObject.awaitNanos(AbstractQueuedSynchronizer.java:1763)
        at java.base@21.0.6/java.util.concurrent.LinkedBlockingQueue.poll(LinkedBlockingQueue.java:460)
        at app//org.apache.hadoop.ipc.CallQueueManager.take(CallQueueManager.java:370)
        at app//org.apache.hadoop.ipc.Server$Handler.run(Server.java:3165)
"IPC Server handler 56 on default port 15002" daemon prio=5 tid=392 timed_waiting
java.lang.Thread.State: TIMED_WAITING
        at java.base@21.0.6/jdk.internal.misc.Unsafe.park(Native Method)
        at java.base@21.0.6/java.util.concurrent.locks.LockSupport.parkNanos(LockSupport.java:269)
        at java.base@21.0.6/java.util.concurrent.locks.AbstractQueuedSynchronizer$ConditionObject.awaitNanos(AbstractQueuedSynchronizer.java:1763)
        at java.base@21.0.6/java.util.concurrent.LinkedBlockingQueue.poll(LinkedBlockingQueue.java:460)
        at app//org.apache.hadoop.ipc.CallQueueManager.take(CallQueueManager.java:370)
        at app//org.apache.hadoop.ipc.Server$Handler.run(Server.java:3165)
"IPC Server handler 51 on default port 15002" daemon prio=5 tid=387 timed_waiting
java.lang.Thread.State: TIMED_WAITING
        at java.base@21.0.6/jdk.internal.misc.Unsafe.park(Native Method)
        at java.base@21.0.6/java.util.concurrent.locks.LockSupport.parkNanos(LockSupport.java:269)
        at java.base@21.0.6/java.util.concurrent.locks.AbstractQueuedSynchronizer$ConditionObject.awaitNanos(AbstractQueuedSynchronizer.java:1763)
        at java.base@21.0.6/java.util.concurrent.LinkedBlockingQueue.poll(LinkedBlockingQueue.java:460)
        at app//org.apache.hadoop.ipc.CallQueueManager.take(CallQueueManager.java:370)
        at app//org.apache.hadoop.ipc.Server$Handler.run(Server.java:3165)
"Reference Handler" daemon prio=10 tid=9 runnable
java.lang.Thread.State: RUNNABLE
        at java.base@21.0.6/java.lang.ref.Reference.waitForReferencePendingList(Native Method)
        at java.base@21.0.6/java.lang.ref.Reference.processPendingReferences(Reference.java:246)
        at java.base@21.0.6/java.lang.ref.Reference$ReferenceHandler.run(Reference.java:208)
"93cc9901-be1a-45f5-9681-0d93e627c426-RocksDBCompactionThread-0"  prio=5 tid=563 timed_waiting
java.lang.Thread.State: TIMED_WAITING
        at java.base@21.0.6/jdk.internal.misc.Unsafe.park(Native Method)
        at java.base@21.0.6/java.util.concurrent.locks.LockSupport.parkNanos(LockSupport.java:269)
        at java.base@21.0.6/java.util.concurrent.locks.AbstractQueuedSynchronizer$ConditionObject.awaitNanos(AbstractQueuedSynchronizer.java:1763)
        at java.base@21.0.6/java.util.concurrent.ScheduledThreadPoolExecutor$DelayedWorkQueue.take(ScheduledThreadPoolExecutor.java:1182)
        at java.base@21.0.6/java.util.concurrent.ScheduledThreadPoolExecutor$DelayedWorkQueue.take(ScheduledThreadPoolExecutor.java:899)
        at java.base@21.0.6/java.util.concurrent.ThreadPoolExecutor.getTask(ThreadPoolExecutor.java:1070)
        at java.base@21.0.6/java.util.concurrent.ThreadPoolExecutor.runWorker(ThreadPoolExecutor.java:1130)
        at java.base@21.0.6/java.util.concurrent.ThreadPoolExecutor$Worker.run(ThreadPoolExecutor.java:642)
        at java.base@21.0.6/java.lang.Thread.runWith(Thread.java:1596)
        at java.base@21.0.6/java.lang.Thread.run(Thread.java:1583)
"Socket Reader #5 for port 15043"  prio=5 tid=770 runnable
java.lang.Thread.State: RUNNABLE
        at java.base@21.0.6/sun.nio.ch.EPoll.wait(Native Method)
        at java.base@21.0.6/sun.nio.ch.EPollSelectorImpl.doSelect(EPollSelectorImpl.java:121)
        at java.base@21.0.6/sun.nio.ch.SelectorImpl.lockAndDoSelect(SelectorImpl.java:130)
        at java.base@21.0.6/sun.nio.ch.SelectorImpl.select(SelectorImpl.java:147)
        at app//org.apache.hadoop.ipc.Server$Listener$Reader.doRunLoop(Server.java:1497)
        at app//org.apache.hadoop.ipc.Server$Listener$Reader.run(Server.java:1476)
"IPC Server handler 14 on default port 15002" daemon prio=5 tid=350 timed_waiting
java.lang.Thread.State: TIMED_WAITING
        at java.base@21.0.6/jdk.internal.misc.Unsafe.park(Native Method)
        at java.base@21.0.6/java.util.concurrent.locks.LockSupport.parkNanos(LockSupport.java:269)
        at java.base@21.0.6/java.util.concurrent.locks.AbstractQueuedSynchronizer$ConditionObject.awaitNanos(AbstractQueuedSynchronizer.java:1763)
        at java.base@21.0.6/java.util.concurrent.LinkedBlockingQueue.poll(LinkedBlockingQueue.java:460)
        at app//org.apache.hadoop.ipc.CallQueueManager.take(CallQueueManager.java:370)
        at app//org.apache.hadoop.ipc.Server$Handler.run(Server.java:3165)
"DatanodeAdminManager-0" daemon prio=5 tid=58 timed_waiting
java.lang.Thread.State: TIMED_WAITING
        at java.base@21.0.6/jdk.internal.misc.Unsafe.park(Native Method)
        at java.base@21.0.6/java.util.concurrent.locks.LockSupport.parkNanos(LockSupport.java:269)
        at java.base@21.0.6/java.util.concurrent.locks.AbstractQueuedSynchronizer$ConditionObject.awaitNanos(AbstractQueuedSynchronizer.java:1763)
        at java.base@21.0.6/java.util.concurrent.ScheduledThreadPoolExecutor$DelayedWorkQueue.take(ScheduledThreadPoolExecutor.java:1182)
        at java.base@21.0.6/java.util.concurrent.ScheduledThreadPoolExecutor$DelayedWorkQueue.take(ScheduledThreadPoolExecutor.java:899)
        at java.base@21.0.6/java.util.concurrent.ThreadPoolExecutor.getTask(ThreadPoolExecutor.java:1070)
        at java.base@21.0.6/java.util.concurrent.ThreadPoolExecutor.runWorker(ThreadPoolExecutor.java:1130)
        at java.base@21.0.6/java.util.concurrent.ThreadPoolExecutor$Worker.run(ThreadPoolExecutor.java:642)
        at java.base@21.0.6/java.lang.Thread.runWith(Thread.java:1596)
        at java.base@21.0.6/java.lang.Thread.run(Thread.java:1583)
"Socket Reader #6 for port 15019"  prio=5 tid=583 runnable
java.lang.Thread.State: RUNNABLE
        at java.base@21.0.6/sun.nio.ch.EPoll.wait(Native Method)
        at java.base@21.0.6/sun.nio.ch.EPollSelectorImpl.doSelect(EPollSelectorImpl.java:121)
        at java.base@21.0.6/sun.nio.ch.SelectorImpl.lockAndDoSelect(SelectorImpl.java:130)
        at java.base@21.0.6/sun.nio.ch.SelectorImpl.select(SelectorImpl.java:147)
        at app//org.apache.hadoop.ipc.Server$Listener$Reader.doRunLoop(Server.java:1497)
        at app//org.apache.hadoop.ipc.Server$Listener$Reader.run(Server.java:1476)
"d6a19b8b-82a2-4947-8b44-7228be6ad053-DatanodeReportManager-2" daemon prio=5 tid=720 in Object.wait()
java.lang.Thread.State: WAITING (on object monitor)
        at java.base@21.0.6/jdk.internal.misc.Unsafe.park(Native Method)
        at java.base@21.0.6/java.util.concurrent.locks.LockSupport.park(LockSupport.java:371)
        at java.base@21.0.6/java.util.concurrent.locks.AbstractQueuedSynchronizer$ConditionNode.block(AbstractQueuedSynchronizer.java:519)
        at java.base@21.0.6/java.util.concurrent.ForkJoinPool.unmanagedBlock(ForkJoinPool.java:3780)
        at java.base@21.0.6/java.util.concurrent.ForkJoinPool.managedBlock(ForkJoinPool.java:3725)
        at java.base@21.0.6/java.util.concurrent.locks.AbstractQueuedSynchronizer$ConditionObject.await(AbstractQueuedSynchronizer.java:1712)
        at java.base@21.0.6/java.util.concurrent.ScheduledThreadPoolExecutor$DelayedWorkQueue.take(ScheduledThreadPoolExecutor.java:1177)
        at java.base@21.0.6/java.util.concurrent.ScheduledThreadPoolExecutor$DelayedWorkQueue.take(ScheduledThreadPoolExecutor.java:899)
        at java.base@21.0.6/java.util.concurrent.ThreadPoolExecutor.getTask(ThreadPoolExecutor.java:1070)
        at java.base@21.0.6/java.util.concurrent.ThreadPoolExecutor.runWorker(ThreadPoolExecutor.java:1130)
        at java.base@21.0.6/java.util.concurrent.ThreadPoolExecutor$Worker.run(ThreadPoolExecutor.java:642)
        at java.base@21.0.6/java.lang.Thread.runWith(Thread.java:1596)
        at java.base@21.0.6/java.lang.Thread.run(Thread.java:1583)
"IPC Server handler 60 on default port 15001" daemon prio=5 tid=278 timed_waiting
java.lang.Thread.State: TIMED_WAITING
        at java.base@21.0.6/jdk.internal.misc.Unsafe.park(Native Method)
        at java.base@21.0.6/java.util.concurrent.locks.LockSupport.parkNanos(LockSupport.java:269)
        at java.base@21.0.6/java.util.concurrent.locks.AbstractQueuedSynchronizer$ConditionObject.awaitNanos(AbstractQueuedSynchronizer.java:1763)
        at java.base@21.0.6/java.util.concurrent.LinkedBlockingQueue.poll(LinkedBlockingQueue.java:460)
        at app//org.apache.hadoop.ipc.CallQueueManager.take(CallQueueManager.java:370)
        at app//org.apache.hadoop.ipc.Server$Handler.run(Server.java:3165)
"IPC Server handler 7 on default port 15006" daemon prio=5 tid=502 timed_waiting
java.lang.Thread.State: TIMED_WAITING
        at java.base@21.0.6/jdk.internal.misc.Unsafe.park(Native Method)
        at java.base@21.0.6/java.util.concurrent.locks.LockSupport.parkNanos(LockSupport.java:269)
        at java.base@21.0.6/java.util.concurrent.locks.AbstractQueuedSynchronizer$ConditionObject.awaitNanos(AbstractQueuedSynchronizer.java:1763)
        at java.base@21.0.6/java.util.concurrent.LinkedBlockingQueue.poll(LinkedBlockingQueue.java:460)
        at app//org.apache.hadoop.ipc.CallQueueManager.take(CallQueueManager.java:370)
        at app//org.apache.hadoop.ipc.Server$Handler.run(Server.java:3165)
"EventQueue-NewNodeForNewNodeHandler" daemon prio=5 tid=758 in Object.wait()
java.lang.Thread.State: WAITING (on object monitor)
        at java.base@21.0.6/jdk.internal.misc.Unsafe.park(Native Method)
        at java.base@21.0.6/java.util.concurrent.locks.LockSupport.park(LockSupport.java:371)
        at java.base@21.0.6/java.util.concurrent.locks.AbstractQueuedSynchronizer$ConditionNode.block(AbstractQueuedSynchronizer.java:519)
        at java.base@21.0.6/java.util.concurrent.ForkJoinPool.unmanagedBlock(ForkJoinPool.java:3780)
        at java.base@21.0.6/java.util.concurrent.ForkJoinPool.managedBlock(ForkJoinPool.java:3725)
        at java.base@21.0.6/java.util.concurrent.locks.AbstractQueuedSynchronizer$ConditionObject.await(AbstractQueuedSynchronizer.java:1712)
        at java.base@21.0.6/java.util.concurrent.LinkedBlockingQueue.take(LinkedBlockingQueue.java:435)
        at java.base@21.0.6/java.util.concurrent.ThreadPoolExecutor.getTask(ThreadPoolExecutor.java:1070)
        at java.base@21.0.6/java.util.concurrent.ThreadPoolExecutor.runWorker(ThreadPoolExecutor.java:1130)
        at java.base@21.0.6/java.util.concurrent.ThreadPoolExecutor$Worker.run(ThreadPoolExecutor.java:642)
        at java.base@21.0.6/java.lang.Thread.runWith(Thread.java:1596)
        at java.base@21.0.6/java.lang.Thread.run(Thread.java:1583)
"IPC Server handler 61 on default port 15001" daemon prio=5 tid=279 timed_waiting
java.lang.Thread.State: TIMED_WAITING
        at java.base@21.0.6/jdk.internal.misc.Unsafe.park(Native Method)
        at java.base@21.0.6/java.util.concurrent.locks.LockSupport.parkNanos(LockSupport.java:269)
        at java.base@21.0.6/java.util.concurrent.locks.AbstractQueuedSynchronizer$ConditionObject.awaitNanos(AbstractQueuedSynchronizer.java:1763)
        at java.base@21.0.6/java.util.concurrent.LinkedBlockingQueue.poll(LinkedBlockingQueue.java:460)
        at app//org.apache.hadoop.ipc.CallQueueManager.take(CallQueueManager.java:370)
        at app//org.apache.hadoop.ipc.Server$Handler.run(Server.java:3165)
"IPC Server handler 95 on default port 15001" daemon prio=5 tid=313 timed_waiting
java.lang.Thread.State: TIMED_WAITING
        at java.base@21.0.6/jdk.internal.misc.Unsafe.park(Native Method)
        at java.base@21.0.6/java.util.concurrent.locks.LockSupport.parkNanos(LockSupport.java:269)
        at java.base@21.0.6/java.util.concurrent.locks.AbstractQueuedSynchronizer$ConditionObject.awaitNanos(AbstractQueuedSynchronizer.java:1763)
        at java.base@21.0.6/java.util.concurrent.LinkedBlockingQueue.poll(LinkedBlockingQueue.java:460)
        at app//org.apache.hadoop.ipc.CallQueueManager.take(CallQueueManager.java:370)
        at app//org.apache.hadoop.ipc.Server$Handler.run(Server.java:3165)
"qtp2049070779-751" daemon prio=5 tid=751 timed_waiting
java.lang.Thread.State: TIMED_WAITING
        at java.base@21.0.6/jdk.internal.misc.Unsafe.park(Native Method)
        at java.base@21.0.6/java.util.concurrent.locks.LockSupport.parkNanos(LockSupport.java:269)
        at java.base@21.0.6/java.util.concurrent.locks.AbstractQueuedSynchronizer$ConditionObject.awaitNanos(AbstractQueuedSynchronizer.java:1763)
        at app//org.eclipse.jetty.util.BlockingArrayQueue.poll(BlockingArrayQueue.java:382)
        at app//org.eclipse.jetty.util.thread.QueuedThreadPool$Runner.idleJobPoll(QueuedThreadPool.java:974)
        at app//org.eclipse.jetty.util.thread.QueuedThreadPool$Runner.run(QueuedThreadPool.java:1018)
        at java.base@21.0.6/java.lang.Thread.runWith(Thread.java:1596)
        at java.base@21.0.6/java.lang.Thread.run(Thread.java:1583)
"IPC Server handler 76 on default port 15001" daemon prio=5 tid=294 timed_waiting
java.lang.Thread.State: TIMED_WAITING
        at java.base@21.0.6/jdk.internal.misc.Unsafe.park(Native Method)
        at java.base@21.0.6/java.util.concurrent.locks.LockSupport.parkNanos(LockSupport.java:269)
        at java.base@21.0.6/java.util.concurrent.locks.AbstractQueuedSynchronizer$ConditionObject.awaitNanos(AbstractQueuedSynchronizer.java:1763)
        at java.base@21.0.6/java.util.concurrent.LinkedBlockingQueue.poll(LinkedBlockingQueue.java:460)
        at app//org.apache.hadoop.ipc.CallQueueManager.take(CallQueueManager.java:370)
        at app//org.apache.hadoop.ipc.Server$Handler.run(Server.java:3165)
"qtp596278845-324" daemon prio=5 tid=324 timed_waiting
java.lang.Thread.State: TIMED_WAITING
        at java.base@21.0.6/jdk.internal.misc.Unsafe.park(Native Method)
        at java.base@21.0.6/java.util.concurrent.locks.LockSupport.parkNanos(LockSupport.java:269)
        at java.base@21.0.6/java.util.concurrent.locks.AbstractQueuedSynchronizer$ConditionObject.awaitNanos(AbstractQueuedSynchronizer.java:1763)
        at app//org.eclipse.jetty.util.BlockingArrayQueue.poll(BlockingArrayQueue.java:382)
        at app//org.eclipse.jetty.util.thread.QueuedThreadPool$Runner.idleJobPoll(QueuedThreadPool.java:974)
        at app//org.eclipse.jetty.util.thread.QueuedThreadPool$Runner.run(QueuedThreadPool.java:1018)
        at java.base@21.0.6/java.lang.Thread.runWith(Thread.java:1596)
        at java.base@21.0.6/java.lang.Thread.run(Thread.java:1583)
"IPC Server handler 4 on default port 15002" daemon prio=5 tid=340 timed_waiting
java.lang.Thread.State: TIMED_WAITING
        at java.base@21.0.6/jdk.internal.misc.Unsafe.park(Native Method)
        at java.base@21.0.6/java.util.concurrent.locks.LockSupport.parkNanos(LockSupport.java:269)
        at java.base@21.0.6/java.util.concurrent.locks.AbstractQueuedSynchronizer$ConditionObject.awaitNanos(AbstractQueuedSynchronizer.java:1763)
        at java.base@21.0.6/java.util.concurrent.LinkedBlockingQueue.poll(LinkedBlockingQueue.java:460)
        at app//org.apache.hadoop.ipc.CallQueueManager.take(CallQueueManager.java:370)
        at app//org.apache.hadoop.ipc.Server$Handler.run(Server.java:3165)
"IPC Server handler 73 on default port 15001" daemon prio=5 tid=291 timed_waiting
java.lang.Thread.State: TIMED_WAITING
        at java.base@21.0.6/jdk.internal.misc.Unsafe.park(Native Method)
        at java.base@21.0.6/java.util.concurrent.locks.LockSupport.parkNanos(LockSupport.java:269)
        at java.base@21.0.6/java.util.concurrent.locks.AbstractQueuedSynchronizer$ConditionObject.awaitNanos(AbstractQueuedSynchronizer.java:1763)
        at java.base@21.0.6/java.util.concurrent.LinkedBlockingQueue.poll(LinkedBlockingQueue.java:460)
        at app//org.apache.hadoop.ipc.CallQueueManager.take(CallQueueManager.java:370)
        at app//org.apache.hadoop.ipc.Server$Handler.run(Server.java:3165)
"Socket Reader #7 for port 15001"  prio=5 tid=80 runnable
java.lang.Thread.State: RUNNABLE
        at java.base@21.0.6/sun.nio.ch.EPoll.wait(Native Method)
        at java.base@21.0.6/sun.nio.ch.EPollSelectorImpl.doSelect(EPollSelectorImpl.java:121)
        at java.base@21.0.6/sun.nio.ch.SelectorImpl.lockAndDoSelect(SelectorImpl.java:130)
        at java.base@21.0.6/sun.nio.ch.SelectorImpl.select(SelectorImpl.java:147)
        at app//org.apache.hadoop.ipc.Server$Listener$Reader.doRunLoop(Server.java:1497)
        at app//org.apache.hadoop.ipc.Server$Listener$Reader.run(Server.java:1476)
"IPC Server handler 50 on default port 15001" daemon prio=5 tid=268 timed_waiting
java.lang.Thread.State: TIMED_WAITING
        at java.base@21.0.6/jdk.internal.misc.Unsafe.park(Native Method)
        at java.base@21.0.6/java.util.concurrent.locks.LockSupport.parkNanos(LockSupport.java:269)
        at java.base@21.0.6/java.util.concurrent.locks.AbstractQueuedSynchronizer$ConditionObject.awaitNanos(AbstractQueuedSynchronizer.java:1763)
        at java.base@21.0.6/java.util.concurrent.LinkedBlockingQueue.poll(LinkedBlockingQueue.java:460)
        at app//org.apache.hadoop.ipc.CallQueueManager.take(CallQueueManager.java:370)
        at app//org.apache.hadoop.ipc.Server$Handler.run(Server.java:3165)
"d6a19b8b-82a2-4947-8b44-7228be6ad053-DatanodeReportManager-0" daemon prio=5 tid=718 in Object.wait()
java.lang.Thread.State: WAITING (on object monitor)
        at java.base@21.0.6/jdk.internal.misc.Unsafe.park(Native Method)
        at java.base@21.0.6/java.util.concurrent.locks.LockSupport.park(LockSupport.java:371)
        at java.base@21.0.6/java.util.concurrent.locks.AbstractQueuedSynchronizer$ConditionNode.block(AbstractQueuedSynchronizer.java:519)
        at java.base@21.0.6/java.util.concurrent.ForkJoinPool.unmanagedBlock(ForkJoinPool.java:3780)
        at java.base@21.0.6/java.util.concurrent.ForkJoinPool.managedBlock(ForkJoinPool.java:3725)
        at java.base@21.0.6/java.util.concurrent.locks.AbstractQueuedSynchronizer$ConditionObject.await(AbstractQueuedSynchronizer.java:1712)
        at java.base@21.0.6/java.util.concurrent.ScheduledThreadPoolExecutor$DelayedWorkQueue.take(ScheduledThreadPoolExecutor.java:1177)
        at java.base@21.0.6/java.util.concurrent.ScheduledThreadPoolExecutor$DelayedWorkQueue.take(ScheduledThreadPoolExecutor.java:899)
        at java.base@21.0.6/java.util.concurrent.ThreadPoolExecutor.getTask(ThreadPoolExecutor.java:1070)
        at java.base@21.0.6/java.util.concurrent.ThreadPoolExecutor.runWorker(ThreadPoolExecutor.java:1130)
        at java.base@21.0.6/java.util.concurrent.ThreadPoolExecutor$Worker.run(ThreadPoolExecutor.java:642)
        at java.base@21.0.6/java.lang.Thread.runWith(Thread.java:1596)
        at java.base@21.0.6/java.lang.Thread.run(Thread.java:1583)
"surefire-process-checker" daemon prio=5 tid=26 timed_waiting
java.lang.Thread.State: TIMED_WAITING
        at java.base@21.0.6/jdk.internal.misc.Unsafe.park(Native Method)
        at java.base@21.0.6/java.util.concurrent.locks.LockSupport.parkNanos(LockSupport.java:269)
        at java.base@21.0.6/java.util.concurrent.locks.AbstractQueuedSynchronizer$ConditionObject.awaitNanos(AbstractQueuedSynchronizer.java:1763)
        at java.base@21.0.6/java.util.concurrent.ScheduledThreadPoolExecutor$DelayedWorkQueue.take(ScheduledThreadPoolExecutor.java:1182)
        at java.base@21.0.6/java.util.concurrent.ScheduledThreadPoolExecutor$DelayedWorkQueue.take(ScheduledThreadPoolExecutor.java:899)
        at java.base@21.0.6/java.util.concurrent.ThreadPoolExecutor.getTask(ThreadPoolExecutor.java:1070)
        at java.base@21.0.6/java.util.concurrent.ThreadPoolExecutor.runWorker(ThreadPoolExecutor.java:1130)
        at java.base@21.0.6/java.util.concurrent.ThreadPoolExecutor$Worker.run(ThreadPoolExecutor.java:642)
        at java.base@21.0.6/java.lang.Thread.runWith(Thread.java:1596)
        at java.base@21.0.6/java.lang.Thread.run(Thread.java:1583)
"Socket Reader #2 for port 15001"  prio=5 tid=75 runnable
java.lang.Thread.State: RUNNABLE
        at java.base@21.0.6/sun.nio.ch.EPoll.wait(Native Method)
        at java.base@21.0.6/sun.nio.ch.EPollSelectorImpl.doSelect(EPollSelectorImpl.java:121)
        at java.base@21.0.6/sun.nio.ch.SelectorImpl.lockAndDoSelect(SelectorImpl.java:130)
        at java.base@21.0.6/sun.nio.ch.SelectorImpl.select(SelectorImpl.java:147)
        at app//org.apache.hadoop.ipc.Server$Listener$Reader.doRunLoop(Server.java:1497)
        at app//org.apache.hadoop.ipc.Server$Listener$Reader.run(Server.java:1476)
"IPC Server handler 97 on default port 15000" daemon prio=5 tid=215 timed_waiting
java.lang.Thread.State: TIMED_WAITING
        at java.base@21.0.6/jdk.internal.misc.Unsafe.park(Native Method)
        at java.base@21.0.6/java.util.concurrent.locks.LockSupport.parkNanos(LockSupport.java:269)
        at java.base@21.0.6/java.util.concurrent.locks.AbstractQueuedSynchronizer$ConditionObject.awaitNanos(AbstractQueuedSynchronizer.java:1763)
        at java.base@21.0.6/java.util.concurrent.LinkedBlockingQueue.poll(LinkedBlockingQueue.java:460)
        at app//org.apache.hadoop.ipc.CallQueueManager.take(CallQueueManager.java:370)
        at app//org.apache.hadoop.ipc.Server$Handler.run(Server.java:3165)
"IPC Server Responder" daemon prio=5 tid=589 runnable
java.lang.Thread.State: RUNNABLE
        at java.base@21.0.6/sun.nio.ch.EPoll.wait(Native Method)
        at java.base@21.0.6/sun.nio.ch.EPollSelectorImpl.doSelect(EPollSelectorImpl.java:121)
        at java.base@21.0.6/sun.nio.ch.SelectorImpl.lockAndDoSelect(SelectorImpl.java:130)
        at java.base@21.0.6/sun.nio.ch.SelectorImpl.select(SelectorImpl.java:142)
        at app//org.apache.hadoop.ipc.Server$Responder.doRunLoop(Server.java:1733)
        at app//org.apache.hadoop.ipc.Server$Responder.run(Server.java:1716)
"IPC Server handler 74 on default port 15001" daemon prio=5 tid=292 timed_waiting
java.lang.Thread.State: TIMED_WAITING
        at java.base@21.0.6/jdk.internal.misc.Unsafe.park(Native Method)
        at java.base@21.0.6/java.util.concurrent.locks.LockSupport.parkNanos(LockSupport.java:269)
        at java.base@21.0.6/java.util.concurrent.locks.AbstractQueuedSynchronizer$ConditionObject.awaitNanos(AbstractQueuedSynchronizer.java:1763)
        at java.base@21.0.6/java.util.concurrent.LinkedBlockingQueue.poll(LinkedBlockingQueue.java:460)
        at app//org.apache.hadoop.ipc.CallQueueManager.take(CallQueueManager.java:370)
        at app//org.apache.hadoop.ipc.Server$Handler.run(Server.java:3165)
"a6bf55e3-38e4-411e-ac0b-5acdb6a35656@group-C713F1B5C815-LeaderStateImpl" daemon prio=5 tid=1027 timed_waiting
java.lang.Thread.State: TIMED_WAITING
        at java.base@21.0.6/jdk.internal.misc.Unsafe.park(Native Method)
        at java.base@21.0.6/java.util.concurrent.locks.LockSupport.parkNanos(LockSupport.java:269)
        at java.base@21.0.6/java.util.concurrent.locks.AbstractQueuedSynchronizer$ConditionObject.awaitNanos(AbstractQueuedSynchronizer.java:1763)
        at java.base@21.0.6/java.util.concurrent.ArrayBlockingQueue.poll(ArrayBlockingQueue.java:435)
        at app//org.apache.ratis.server.impl.LeaderStateImpl$EventQueue.poll(LeaderStateImpl.java:164)
        at app//org.apache.ratis.server.impl.LeaderStateImpl$EventProcessor.run(LeaderStateImpl.java:763)
"IPC Server handler 57 on default port 15000" daemon prio=5 tid=175 timed_waiting
java.lang.Thread.State: TIMED_WAITING
        at java.base@21.0.6/jdk.internal.misc.Unsafe.park(Native Method)
        at java.base@21.0.6/java.util.concurrent.locks.LockSupport.parkNanos(LockSupport.java:269)
        at java.base@21.0.6/java.util.concurrent.locks.AbstractQueuedSynchronizer$ConditionObject.awaitNanos(AbstractQueuedSynchronizer.java:1763)
        at java.base@21.0.6/java.util.concurrent.LinkedBlockingQueue.poll(LinkedBlockingQueue.java:460)
        at app//org.apache.hadoop.ipc.CallQueueManager.take(CallQueueManager.java:370)
        at app//org.apache.hadoop.ipc.Server$Handler.run(Server.java:3165)
"qtp1419970068-673" daemon prio=5 tid=673 timed_waiting
java.lang.Thread.State: TIMED_WAITING
        at java.base@21.0.6/jdk.internal.misc.Unsafe.park(Native Method)
        at java.base@21.0.6/java.util.concurrent.locks.LockSupport.parkNanos(LockSupport.java:269)
        at java.base@21.0.6/java.util.concurrent.locks.AbstractQueuedSynchronizer$ConditionObject.awaitNanos(AbstractQueuedSynchronizer.java:1763)
        at app//org.eclipse.jetty.util.BlockingArrayQueue.poll(BlockingArrayQueue.java:382)
        at app//org.eclipse.jetty.util.thread.QueuedThreadPool$Runner.idleJobPoll(QueuedThreadPool.java:974)
        at app//org.eclipse.jetty.util.thread.QueuedThreadPool$Runner.run(QueuedThreadPool.java:1018)
        at java.base@21.0.6/java.lang.Thread.runWith(Thread.java:1596)
        at java.base@21.0.6/java.lang.Thread.run(Thread.java:1583)
"IPC Server handler 5 on default port 15006" daemon prio=5 tid=500 timed_waiting
java.lang.Thread.State: TIMED_WAITING
        at java.base@21.0.6/jdk.internal.misc.Unsafe.park(Native Method)
        at java.base@21.0.6/java.util.concurrent.locks.LockSupport.parkNanos(LockSupport.java:269)
        at java.base@21.0.6/java.util.concurrent.locks.AbstractQueuedSynchronizer$ConditionObject.awaitNanos(AbstractQueuedSynchronizer.java:1763)
        at java.base@21.0.6/java.util.concurrent.LinkedBlockingQueue.poll(LinkedBlockingQueue.java:460)
        at app//org.apache.hadoop.ipc.CallQueueManager.take(CallQueueManager.java:370)
        at app//org.apache.hadoop.ipc.Server$Handler.run(Server.java:3165)
"qtp596278845-323-acceptor-0@66ba526c-ServerConnector@4be5b9b1{HTTP/1.1, (http/1.1)}{0.0.0.0:15003}" daemon prio=3 tid=323 runnable
java.lang.Thread.State: RUNNABLE
        at java.base@21.0.6/sun.nio.ch.Net.accept(Native Method)
        at java.base@21.0.6/sun.nio.ch.ServerSocketChannelImpl.implAccept(ServerSocketChannelImpl.java:433)
        at java.base@21.0.6/sun.nio.ch.ServerSocketChannelImpl.accept(ServerSocketChannelImpl.java:399)
        at app//org.eclipse.jetty.server.ServerConnector.accept(ServerConnector.java:388)
        at app//org.eclipse.jetty.server.AbstractConnector$Acceptor.run(AbstractConnector.java:704)
        at app//org.eclipse.jetty.util.thread.QueuedThreadPool.runJob(QueuedThreadPool.java:883)
        at app//org.eclipse.jetty.util.thread.QueuedThreadPool$Runner.run(QueuedThreadPool.java:1034)
        at java.base@21.0.6/java.lang.Thread.runWith(Thread.java:1596)
        at java.base@21.0.6/java.lang.Thread.run(Thread.java:1583)
"IPC Server handler 68 on default port 15000" daemon prio=5 tid=186 timed_waiting
java.lang.Thread.State: TIMED_WAITING
        at java.base@21.0.6/jdk.internal.misc.Unsafe.park(Native Method)
        at java.base@21.0.6/java.util.concurrent.locks.LockSupport.parkNanos(LockSupport.java:269)
        at java.base@21.0.6/java.util.concurrent.locks.AbstractQueuedSynchronizer$ConditionObject.awaitNanos(AbstractQueuedSynchronizer.java:1763)
        at java.base@21.0.6/java.util.concurrent.LinkedBlockingQueue.poll(LinkedBlockingQueue.java:460)
        at app//org.apache.hadoop.ipc.CallQueueManager.take(CallQueueManager.java:370)
        at app//org.apache.hadoop.ipc.Server$Handler.run(Server.java:3165)
"IPC Server handler 41 on default port 15000" daemon prio=5 tid=159 timed_waiting
java.lang.Thread.State: TIMED_WAITING
        at java.base@21.0.6/jdk.internal.misc.Unsafe.park(Native Method)
        at java.base@21.0.6/java.util.concurrent.locks.LockSupport.parkNanos(LockSupport.java:269)
        at java.base@21.0.6/java.util.concurrent.locks.AbstractQueuedSynchronizer$ConditionObject.awaitNanos(AbstractQueuedSynchronizer.java:1763)
        at java.base@21.0.6/java.util.concurrent.LinkedBlockingQueue.poll(LinkedBlockingQueue.java:460)
        at app//org.apache.hadoop.ipc.CallQueueManager.take(CallQueueManager.java:370)
        at app//org.apache.hadoop.ipc.Server$Handler.run(Server.java:3165)
"volumeTable_FullTableCache-Cleanup-0" daemon prio=5 tid=437 timed_waiting
java.lang.Thread.State: TIMED_WAITING
        at java.base@21.0.6/jdk.internal.misc.Unsafe.park(Native Method)
        at java.base@21.0.6/java.util.concurrent.locks.LockSupport.parkNanos(LockSupport.java:269)
        at java.base@21.0.6/java.util.concurrent.locks.AbstractQueuedSynchronizer$ConditionObject.awaitNanos(AbstractQueuedSynchronizer.java:1763)
        at java.base@21.0.6/java.util.concurrent.ScheduledThreadPoolExecutor$DelayedWorkQueue.take(ScheduledThreadPoolExecutor.java:1182)
        at java.base@21.0.6/java.util.concurrent.ScheduledThreadPoolExecutor$DelayedWorkQueue.take(ScheduledThreadPoolExecutor.java:899)
        at java.base@21.0.6/java.util.concurrent.ThreadPoolExecutor.getTask(ThreadPoolExecutor.java:1070)
        at java.base@21.0.6/java.util.concurrent.ThreadPoolExecutor.runWorker(ThreadPoolExecutor.java:1130)
        at java.base@21.0.6/java.util.concurrent.ThreadPoolExecutor$Worker.run(ThreadPoolExecutor.java:642)
        at java.base@21.0.6/java.lang.Thread.runWith(Thread.java:1596)
        at java.base@21.0.6/java.lang.Thread.run(Thread.java:1583)
"a6bf55e3-38e4-411e-ac0b-5acdb6a35656-DataNodeDiskCheckerThread-0" daemon prio=5 tid=783 timed_waiting
java.lang.Thread.State: TIMED_WAITING
        at java.base@21.0.6/jdk.internal.misc.Unsafe.park(Native Method)
        at java.base@21.0.6/java.util.concurrent.locks.LockSupport.parkNanos(LockSupport.java:410)
        at java.base@21.0.6/java.util.concurrent.LinkedTransferQueue$DualNode.await(LinkedTransferQueue.java:452)
        at java.base@21.0.6/java.util.concurrent.SynchronousQueue$Transferer.xferLifo(SynchronousQueue.java:194)
        at java.base@21.0.6/java.util.concurrent.SynchronousQueue.xfer(SynchronousQueue.java:235)
        at java.base@21.0.6/java.util.concurrent.SynchronousQueue.poll(SynchronousQueue.java:338)
        at java.base@21.0.6/java.util.concurrent.ThreadPoolExecutor.getTask(ThreadPoolExecutor.java:1069)
        at java.base@21.0.6/java.util.concurrent.ThreadPoolExecutor.runWorker(ThreadPoolExecutor.java:1130)
        at java.base@21.0.6/java.util.concurrent.ThreadPoolExecutor$Worker.run(ThreadPoolExecutor.java:642)
        at java.base@21.0.6/java.lang.Thread.runWith(Thread.java:1596)
        at java.base@21.0.6/java.lang.Thread.run(Thread.java:1583)
"IPC Server handler 2 on default port 15035" daemon prio=5 tid=709 timed_waiting
java.lang.Thread.State: TIMED_WAITING
        at java.base@21.0.6/jdk.internal.misc.Unsafe.park(Native Method)
        at java.base@21.0.6/java.util.concurrent.locks.LockSupport.parkNanos(LockSupport.java:269)
        at java.base@21.0.6/java.util.concurrent.locks.AbstractQueuedSynchronizer$ConditionObject.awaitNanos(AbstractQueuedSynchronizer.java:1763)
        at java.base@21.0.6/java.util.concurrent.LinkedBlockingQueue.poll(LinkedBlockingQueue.java:460)
        at app//org.apache.hadoop.ipc.CallQueueManager.take(CallQueueManager.java:370)
        at app//org.apache.hadoop.ipc.Server$Handler.run(Server.java:3165)
"qtp897209100-572" daemon prio=5 tid=572 timed_waiting
java.lang.Thread.State: TIMED_WAITING
        at java.base@21.0.6/jdk.internal.misc.Unsafe.park(Native Method)
        at java.base@21.0.6/java.util.concurrent.locks.LockSupport.parkNanos(LockSupport.java:269)
        at java.base@21.0.6/java.util.concurrent.locks.AbstractQueuedSynchronizer$ConditionObject.awaitNanos(AbstractQueuedSynchronizer.java:1763)
        at app//org.eclipse.jetty.util.BlockingArrayQueue.poll(BlockingArrayQueue.java:382)
        at app//org.eclipse.jetty.util.thread.QueuedThreadPool$Runner.idleJobPoll(QueuedThreadPool.java:974)
        at app//org.eclipse.jetty.util.thread.QueuedThreadPool$Runner.run(QueuedThreadPool.java:1018)
        at java.base@21.0.6/java.lang.Thread.runWith(Thread.java:1596)
        at java.base@21.0.6/java.lang.Thread.run(Thread.java:1583)
"timer1" daemon prio=5 tid=978 timed_waiting
java.lang.Thread.State: TIMED_WAITING
        at java.base@21.0.6/java.lang.Object.wait0(Native Method)
        at java.base@21.0.6/java.lang.Object.wait(Object.java:366)
        at java.base@21.0.6/java.util.TimerThread.mainLoop(Timer.java:563)
        at java.base@21.0.6/java.util.TimerThread.run(Timer.java:516)
"IPC Server handler 32 on default port 15000" daemon prio=5 tid=150 timed_waiting
java.lang.Thread.State: TIMED_WAITING
        at java.base@21.0.6/jdk.internal.misc.Unsafe.park(Native Method)
        at java.base@21.0.6/java.util.concurrent.locks.LockSupport.parkNanos(LockSupport.java:269)
        at java.base@21.0.6/java.util.concurrent.locks.AbstractQueuedSynchronizer$ConditionObject.awaitNanos(AbstractQueuedSynchronizer.java:1763)
        at java.base@21.0.6/java.util.concurrent.LinkedBlockingQueue.poll(LinkedBlockingQueue.java:460)
        at app//org.apache.hadoop.ipc.CallQueueManager.take(CallQueueManager.java:370)
        at app//org.apache.hadoop.ipc.Server$Handler.run(Server.java:3165)
"IPC Server handler 48 on default port 15002" daemon prio=5 tid=384 timed_waiting
java.lang.Thread.State: TIMED_WAITING
        at java.base@21.0.6/jdk.internal.misc.Unsafe.park(Native Method)
        at java.base@21.0.6/java.util.concurrent.locks.LockSupport.parkNanos(LockSupport.java:269)
        at java.base@21.0.6/java.util.concurrent.locks.AbstractQueuedSynchronizer$ConditionObject.awaitNanos(AbstractQueuedSynchronizer.java:1763)
        at java.base@21.0.6/java.util.concurrent.LinkedBlockingQueue.poll(LinkedBlockingQueue.java:460)
        at app//org.apache.hadoop.ipc.CallQueueManager.take(CallQueueManager.java:370)
        at app//org.apache.hadoop.ipc.Server$Handler.run(Server.java:3165)
"IPC Server handler 8 on default port 15000" daemon prio=5 tid=126 timed_waiting
java.lang.Thread.State: TIMED_WAITING
        at java.base@21.0.6/jdk.internal.misc.Unsafe.park(Native Method)
        at java.base@21.0.6/java.util.concurrent.locks.LockSupport.parkNanos(LockSupport.java:269)
        at java.base@21.0.6/java.util.concurrent.locks.AbstractQueuedSynchronizer$ConditionObject.awaitNanos(AbstractQueuedSynchronizer.java:1763)
        at java.base@21.0.6/java.util.concurrent.LinkedBlockingQueue.poll(LinkedBlockingQueue.java:460)
        at app//org.apache.hadoop.ipc.CallQueueManager.take(CallQueueManager.java:370)
        at app//org.apache.hadoop.ipc.Server$Handler.run(Server.java:3165)
"IPC Server handler 41 on default port 15002" daemon prio=5 tid=377 timed_waiting
java.lang.Thread.State: TIMED_WAITING
        at java.base@21.0.6/jdk.internal.misc.Unsafe.park(Native Method)
        at java.base@21.0.6/java.util.concurrent.locks.LockSupport.parkNanos(LockSupport.java:269)
        at java.base@21.0.6/java.util.concurrent.locks.AbstractQueuedSynchronizer$ConditionObject.awaitNanos(AbstractQueuedSynchronizer.java:1763)
        at java.base@21.0.6/java.util.concurrent.LinkedBlockingQueue.poll(LinkedBlockingQueue.java:460)
        at app//org.apache.hadoop.ipc.CallQueueManager.take(CallQueueManager.java:370)
        at app//org.apache.hadoop.ipc.Server$Handler.run(Server.java:3165)
"surefire-forkedjvm-ping-30s" daemon prio=5 tid=27 timed_waiting
java.lang.Thread.State: TIMED_WAITING
        at java.base@21.0.6/jdk.internal.misc.Unsafe.park(Native Method)
        at java.base@21.0.6/java.util.concurrent.locks.LockSupport.parkNanos(LockSupport.java:269)
        at java.base@21.0.6/java.util.concurrent.locks.AbstractQueuedSynchronizer$ConditionObject.awaitNanos(AbstractQueuedSynchronizer.java:1763)
        at java.base@21.0.6/java.util.concurrent.ScheduledThreadPoolExecutor$DelayedWorkQueue.take(ScheduledThreadPoolExecutor.java:1182)
        at java.base@21.0.6/java.util.concurrent.ScheduledThreadPoolExecutor$DelayedWorkQueue.take(ScheduledThreadPoolExecutor.java:899)
        at java.base@21.0.6/java.util.concurrent.ThreadPoolExecutor.getTask(ThreadPoolExecutor.java:1070)
        at java.base@21.0.6/java.util.concurrent.ThreadPoolExecutor.runWorker(ThreadPoolExecutor.java:1130)
        at java.base@21.0.6/java.util.concurrent.ThreadPoolExecutor$Worker.run(ThreadPoolExecutor.java:642)
        at java.base@21.0.6/java.lang.Thread.runWith(Thread.java:1596)
        at java.base@21.0.6/java.lang.Thread.run(Thread.java:1583)
"Socket Reader #8 for port 15006"  prio=5 tid=455 runnable
java.lang.Thread.State: RUNNABLE
        at java.base@21.0.6/sun.nio.ch.EPoll.wait(Native Method)
        at java.base@21.0.6/sun.nio.ch.EPollSelectorImpl.doSelect(EPollSelectorImpl.java:121)
        at java.base@21.0.6/sun.nio.ch.SelectorImpl.lockAndDoSelect(SelectorImpl.java:130)
        at java.base@21.0.6/sun.nio.ch.SelectorImpl.select(SelectorImpl.java:147)
        at app//org.apache.hadoop.ipc.Server$Listener$Reader.doRunLoop(Server.java:1497)
        at app//org.apache.hadoop.ipc.Server$Listener$Reader.run(Server.java:1476)
"Socket Reader #5 for port 15002"  prio=5 tid=64 runnable
java.lang.Thread.State: RUNNABLE
        at java.base@21.0.6/sun.nio.ch.EPoll.wait(Native Method)
        at java.base@21.0.6/sun.nio.ch.EPollSelectorImpl.doSelect(EPollSelectorImpl.java:121)
        at java.base@21.0.6/sun.nio.ch.SelectorImpl.lockAndDoSelect(SelectorImpl.java:130)
        at java.base@21.0.6/sun.nio.ch.SelectorImpl.select(SelectorImpl.java:147)
        at app//org.apache.hadoop.ipc.Server$Listener$Reader.doRunLoop(Server.java:1497)
        at app//org.apache.hadoop.ipc.Server$Listener$Reader.run(Server.java:1476)
"d6a19b8b-82a2-4947-8b44-7228be6ad053-DatanodeStateMachineDaemonThread" daemon prio=5 tid=717 timed_waiting
java.lang.Thread.State: TIMED_WAITING
        at java.base@21.0.6/java.lang.Thread.sleep0(Native Method)
        at java.base@21.0.6/java.lang.Thread.sleep(Thread.java:509)
        at app//org.apache.hadoop.ozone.container.common.statemachine.DatanodeStateMachine.startStateMachineThread(DatanodeStateMachine.java:361)
        at app//org.apache.hadoop.ozone.container.common.statemachine.DatanodeStateMachine.lambda$startDaemon$1(DatanodeStateMachine.java:547)
        at app//org.apache.hadoop.ozone.container.common.statemachine.DatanodeStateMachine$$Lambda/0x00007fd0ac80bb60.run(Unknown Source)
        at java.base@21.0.6/java.lang.Thread.runWith(Thread.java:1596)
        at java.base@21.0.6/java.lang.Thread.run(Thread.java:1583)
"93cc9901-be1a-45f5-9681-0d93e627c426@group-9CF72A0E49C3-LeaderStateImpl" daemon prio=5 tid=965 timed_waiting
java.lang.Thread.State: TIMED_WAITING
        at java.base@21.0.6/jdk.internal.misc.Unsafe.park(Native Method)
        at java.base@21.0.6/java.util.concurrent.locks.LockSupport.parkNanos(LockSupport.java:269)
        at java.base@21.0.6/java.util.concurrent.locks.AbstractQueuedSynchronizer$ConditionObject.awaitNanos(AbstractQueuedSynchronizer.java:1763)
        at java.base@21.0.6/java.util.concurrent.ArrayBlockingQueue.poll(ArrayBlockingQueue.java:435)
        at app//org.apache.ratis.server.impl.LeaderStateImpl$EventQueue.poll(LeaderStateImpl.java:164)
        at app//org.apache.ratis.server.impl.LeaderStateImpl$EventProcessor.run(LeaderStateImpl.java:763)
"a6bf55e3-38e4-411e-ac0b-5acdb6a35656-RocksDBCompactionThread-0"  prio=5 tid=609 timed_waiting
java.lang.Thread.State: TIMED_WAITING
        at java.base@21.0.6/jdk.internal.misc.Unsafe.park(Native Method)
        at java.base@21.0.6/java.util.concurrent.locks.LockSupport.parkNanos(LockSupport.java:269)
        at java.base@21.0.6/java.util.concurrent.locks.AbstractQueuedSynchronizer$ConditionObject.awaitNanos(AbstractQueuedSynchronizer.java:1763)
        at java.base@21.0.6/java.util.concurrent.ScheduledThreadPoolExecutor$DelayedWorkQueue.take(ScheduledThreadPoolExecutor.java:1182)
        at java.base@21.0.6/java.util.concurrent.ScheduledThreadPoolExecutor$DelayedWorkQueue.take(ScheduledThreadPoolExecutor.java:899)
        at java.base@21.0.6/java.util.concurrent.ThreadPoolExecutor.getTask(ThreadPoolExecutor.java:1070)
        at java.base@21.0.6/java.util.concurrent.ThreadPoolExecutor.runWorker(ThreadPoolExecutor.java:1130)
        at java.base@21.0.6/java.util.concurrent.ThreadPoolExecutor$Worker.run(ThreadPoolExecutor.java:642)
        at java.base@21.0.6/java.lang.Thread.runWith(Thread.java:1596)
        at java.base@21.0.6/java.lang.Thread.run(Thread.java:1583)
"IPC Server handler 37 on default port 15001" daemon prio=5 tid=255 timed_waiting
java.lang.Thread.State: TIMED_WAITING
        at java.base@21.0.6/jdk.internal.misc.Unsafe.park(Native Method)
        at java.base@21.0.6/java.util.concurrent.locks.LockSupport.parkNanos(LockSupport.java:269)
        at java.base@21.0.6/java.util.concurrent.locks.AbstractQueuedSynchronizer$ConditionObject.awaitNanos(AbstractQueuedSynchronizer.java:1763)
        at java.base@21.0.6/java.util.concurrent.LinkedBlockingQueue.poll(LinkedBlockingQueue.java:460)
        at app//org.apache.hadoop.ipc.CallQueueManager.take(CallQueueManager.java:370)
        at app//org.apache.hadoop.ipc.Server$Handler.run(Server.java:3165)
"IPC Server handler 2 on default port 15006" daemon prio=5 tid=497 timed_waiting
java.lang.Thread.State: TIMED_WAITING
        at java.base@21.0.6/jdk.internal.misc.Unsafe.park(Native Method)
        at java.base@21.0.6/java.util.concurrent.locks.LockSupport.parkNanos(LockSupport.java:269)
        at java.base@21.0.6/java.util.concurrent.locks.AbstractQueuedSynchronizer$ConditionObject.awaitNanos(AbstractQueuedSynchronizer.java:1763)
        at java.base@21.0.6/java.util.concurrent.LinkedBlockingQueue.poll(LinkedBlockingQueue.java:460)
        at app//org.apache.hadoop.ipc.CallQueueManager.take(CallQueueManager.java:370)
        at app//org.apache.hadoop.ipc.Server$Handler.run(Server.java:3165)
"IPC Server handler 3 on default port 15035" daemon prio=5 tid=710 timed_waiting
java.lang.Thread.State: TIMED_WAITING
        at java.base@21.0.6/jdk.internal.misc.Unsafe.park(Native Method)
        at java.base@21.0.6/java.util.concurrent.locks.LockSupport.parkNanos(LockSupport.java:269)
        at java.base@21.0.6/java.util.concurrent.locks.AbstractQueuedSynchronizer$ConditionObject.awaitNanos(AbstractQueuedSynchronizer.java:1763)
        at java.base@21.0.6/java.util.concurrent.LinkedBlockingQueue.poll(LinkedBlockingQueue.java:460)
        at app//org.apache.hadoop.ipc.CallQueueManager.take(CallQueueManager.java:370)
        at app//org.apache.hadoop.ipc.Server$Handler.run(Server.java:3165)
"IPC Server handler 52 on default port 15002" daemon prio=5 tid=388 timed_waiting
java.lang.Thread.State: TIMED_WAITING
        at java.base@21.0.6/jdk.internal.misc.Unsafe.park(Native Method)
        at java.base@21.0.6/java.util.concurrent.locks.LockSupport.parkNanos(LockSupport.java:269)
        at java.base@21.0.6/java.util.concurrent.locks.AbstractQueuedSynchronizer$ConditionObject.awaitNanos(AbstractQueuedSynchronizer.java:1763)
        at java.base@21.0.6/java.util.concurrent.LinkedBlockingQueue.poll(LinkedBlockingQueue.java:460)
        at app//org.apache.hadoop.ipc.CallQueueManager.take(CallQueueManager.java:370)
        at app//org.apache.hadoop.ipc.Server$Handler.run(Server.java:3165)
"a6bf55e3-38e4-411e-ac0b-5acdb6a35656-impl-thread1"  prio=5 tid=611 timed_waiting
java.lang.Thread.State: TIMED_WAITING
        at java.base@21.0.6/jdk.internal.misc.Unsafe.park(Native Method)
        at java.base@21.0.6/java.util.concurrent.locks.LockSupport.parkNanos(LockSupport.java:410)
        at java.base@21.0.6/java.util.concurrent.LinkedTransferQueue$DualNode.await(LinkedTransferQueue.java:452)
        at java.base@21.0.6/java.util.concurrent.SynchronousQueue$Transferer.xferLifo(SynchronousQueue.java:194)
        at java.base@21.0.6/java.util.concurrent.SynchronousQueue.xfer(SynchronousQueue.java:235)
        at java.base@21.0.6/java.util.concurrent.SynchronousQueue.poll(SynchronousQueue.java:338)
        at java.base@21.0.6/java.util.concurrent.ThreadPoolExecutor.getTask(ThreadPoolExecutor.java:1069)
        at java.base@21.0.6/java.util.concurrent.ThreadPoolExecutor.runWorker(ThreadPoolExecutor.java:1130)
        at java.base@21.0.6/java.util.concurrent.ThreadPoolExecutor$Worker.run(ThreadPoolExecutor.java:642)
        at java.base@21.0.6/java.lang.Thread.runWith(Thread.java:1596)
        at java.base@21.0.6/java.lang.Thread.run(Thread.java:1583)
"IPC Server handler 59 on default port 15001" daemon prio=5 tid=277 timed_waiting
java.lang.Thread.State: TIMED_WAITING
        at java.base@21.0.6/jdk.internal.misc.Unsafe.park(Native Method)
        at java.base@21.0.6/java.util.concurrent.locks.LockSupport.parkNanos(LockSupport.java:269)
        at java.base@21.0.6/java.util.concurrent.locks.AbstractQueuedSynchronizer$ConditionObject.awaitNanos(AbstractQueuedSynchronizer.java:1763)
        at java.base@21.0.6/java.util.concurrent.LinkedBlockingQueue.poll(LinkedBlockingQueue.java:460)
        at app//org.apache.hadoop.ipc.CallQueueManager.take(CallQueueManager.java:370)
        at app//org.apache.hadoop.ipc.Server$Handler.run(Server.java:3165)
"IPC Server handler 90 on default port 15002" daemon prio=5 tid=426 timed_waiting
java.lang.Thread.State: TIMED_WAITING
        at java.base@21.0.6/jdk.internal.misc.Unsafe.park(Native Method)
        at java.base@21.0.6/java.util.concurrent.locks.LockSupport.parkNanos(LockSupport.java:269)
        at java.base@21.0.6/java.util.concurrent.locks.AbstractQueuedSynchronizer$ConditionObject.awaitNanos(AbstractQueuedSynchronizer.java:1763)
        at java.base@21.0.6/java.util.concurrent.LinkedBlockingQueue.poll(LinkedBlockingQueue.java:460)
        at app//org.apache.hadoop.ipc.CallQueueManager.take(CallQueueManager.java:370)
        at app//org.apache.hadoop.ipc.Server$Handler.run(Server.java:3165)
"Session-HouseKeeper-21775abc-1"  prio=5 tid=494 timed_waiting
java.lang.Thread.State: TIMED_WAITING
        at java.base@21.0.6/jdk.internal.misc.Unsafe.park(Native Method)
        at java.base@21.0.6/java.util.concurrent.locks.LockSupport.parkNanos(LockSupport.java:269)
        at java.base@21.0.6/java.util.concurrent.locks.AbstractQueuedSynchronizer$ConditionObject.awaitNanos(AbstractQueuedSynchronizer.java:1763)
        at java.base@21.0.6/java.util.concurrent.ScheduledThreadPoolExecutor$DelayedWorkQueue.take(ScheduledThreadPoolExecutor.java:1182)
        at java.base@21.0.6/java.util.concurrent.ScheduledThreadPoolExecutor$DelayedWorkQueue.take(ScheduledThreadPoolExecutor.java:899)
        at java.base@21.0.6/java.util.concurrent.ThreadPoolExecutor.getTask(ThreadPoolExecutor.java:1070)
        at java.base@21.0.6/java.util.concurrent.ThreadPoolExecutor.runWorker(ThreadPoolExecutor.java:1130)
        at java.base@21.0.6/java.util.concurrent.ThreadPoolExecutor$Worker.run(ThreadPoolExecutor.java:642)
        at java.base@21.0.6/java.lang.Thread.runWith(Thread.java:1596)
        at java.base@21.0.6/java.lang.Thread.run(Thread.java:1583)
"pool-144-thread-1" daemon prio=5 tid=818 timed_waiting
java.lang.Thread.State: TIMED_WAITING
        at java.base@21.0.6/jdk.internal.misc.Unsafe.park(Native Method)
        at java.base@21.0.6/java.util.concurrent.locks.LockSupport.parkNanos(LockSupport.java:269)
        at java.base@21.0.6/java.util.concurrent.locks.AbstractQueuedSynchronizer$ConditionObject.awaitNanos(AbstractQueuedSynchronizer.java:1763)
        at java.base@21.0.6/java.util.concurrent.ScheduledThreadPoolExecutor$DelayedWorkQueue.take(ScheduledThreadPoolExecutor.java:1182)
        at java.base@21.0.6/java.util.concurrent.ScheduledThreadPoolExecutor$DelayedWorkQueue.take(ScheduledThreadPoolExecutor.java:899)
        at java.base@21.0.6/java.util.concurrent.ThreadPoolExecutor.getTask(ThreadPoolExecutor.java:1070)
        at java.base@21.0.6/java.util.concurrent.ThreadPoolExecutor.runWorker(ThreadPoolExecutor.java:1130)
        at java.base@21.0.6/java.util.concurrent.ThreadPoolExecutor$Worker.run(ThreadPoolExecutor.java:642)
        at java.base@21.0.6/java.lang.Thread.runWith(Thread.java:1596)
        at java.base@21.0.6/java.lang.Thread.run(Thread.java:1583)
"qtp2117639382-493" daemon prio=5 tid=493 timed_waiting
java.lang.Thread.State: TIMED_WAITING
        at java.base@21.0.6/jdk.internal.misc.Unsafe.park(Native Method)
        at java.base@21.0.6/java.util.concurrent.locks.LockSupport.parkNanos(LockSupport.java:269)
        at java.base@21.0.6/java.util.concurrent.locks.AbstractQueuedSynchronizer$ConditionObject.awaitNanos(AbstractQueuedSynchronizer.java:1763)
        at app//org.eclipse.jetty.util.BlockingArrayQueue.poll(BlockingArrayQueue.java:382)
        at app//org.eclipse.jetty.util.thread.QueuedThreadPool$Runner.idleJobPoll(QueuedThreadPool.java:974)
        at app//org.eclipse.jetty.util.thread.QueuedThreadPool$Runner.run(QueuedThreadPool.java:1018)
        at java.base@21.0.6/java.lang.Thread.runWith(Thread.java:1596)
        at java.base@21.0.6/java.lang.Thread.run(Thread.java:1583)
"IPC Server handler 29 on default port 15001" daemon prio=5 tid=247 timed_waiting
java.lang.Thread.State: TIMED_WAITING
        at java.base@21.0.6/jdk.internal.misc.Unsafe.park(Native Method)
        at java.base@21.0.6/java.util.concurrent.locks.LockSupport.parkNanos(LockSupport.java:269)
        at java.base@21.0.6/java.util.concurrent.locks.AbstractQueuedSynchronizer$ConditionObject.awaitNanos(AbstractQueuedSynchronizer.java:1763)
        at java.base@21.0.6/java.util.concurrent.LinkedBlockingQueue.poll(LinkedBlockingQueue.java:460)
        at app//org.apache.hadoop.ipc.CallQueueManager.take(CallQueueManager.java:370)
        at app//org.apache.hadoop.ipc.Server$Handler.run(Server.java:3165)
"IPC Server handler 2 on default port 15027" daemon prio=5 tid=639 timed_waiting
java.lang.Thread.State: TIMED_WAITING
        at java.base@21.0.6/jdk.internal.misc.Unsafe.park(Native Method)
        at java.base@21.0.6/java.util.concurrent.locks.LockSupport.parkNanos(LockSupport.java:269)
        at java.base@21.0.6/java.util.concurrent.locks.AbstractQueuedSynchronizer$ConditionObject.awaitNanos(AbstractQueuedSynchronizer.java:1763)
        at java.base@21.0.6/java.util.concurrent.LinkedBlockingQueue.poll(LinkedBlockingQueue.java:460)
        at app//org.apache.hadoop.ipc.CallQueueManager.take(CallQueueManager.java:370)
        at app//org.apache.hadoop.ipc.Server$Handler.run(Server.java:3165)
"a6bf55e3-38e4-411e-ac0b-5acdb6a35656@group-47C15F12B665-LeaderStateImpl" daemon prio=5 tid=1005 timed_waiting
java.lang.Thread.State: TIMED_WAITING
        at java.base@21.0.6/jdk.internal.misc.Unsafe.park(Native Method)
        at java.base@21.0.6/java.util.concurrent.locks.LockSupport.parkNanos(LockSupport.java:269)
        at java.base@21.0.6/java.util.concurrent.locks.AbstractQueuedSynchronizer$ConditionObject.awaitNanos(AbstractQueuedSynchronizer.java:1763)
        at java.base@21.0.6/java.util.concurrent.ArrayBlockingQueue.poll(ArrayBlockingQueue.java:435)
        at app//org.apache.ratis.server.impl.LeaderStateImpl$EventQueue.poll(LeaderStateImpl.java:164)
        at app//org.apache.ratis.server.impl.LeaderStateImpl$EventProcessor.run(LeaderStateImpl.java:763)
"IPC Server handler 13 on default port 15006" daemon prio=5 tid=508 timed_waiting
java.lang.Thread.State: TIMED_WAITING
        at java.base@21.0.6/jdk.internal.misc.Unsafe.park(Native Method)
        at java.base@21.0.6/java.util.concurrent.locks.LockSupport.parkNanos(LockSupport.java:269)
        at java.base@21.0.6/java.util.concurrent.locks.AbstractQueuedSynchronizer$ConditionObject.awaitNanos(AbstractQueuedSynchronizer.java:1763)
        at java.base@21.0.6/java.util.concurrent.LinkedBlockingQueue.poll(LinkedBlockingQueue.java:460)
        at app//org.apache.hadoop.ipc.CallQueueManager.take(CallQueueManager.java:370)
        at app//org.apache.hadoop.ipc.Server$Handler.run(Server.java:3165)
"IPC Server handler 94 on default port 15002" daemon prio=5 tid=430 timed_waiting
java.lang.Thread.State: TIMED_WAITING
        at java.base@21.0.6/jdk.internal.misc.Unsafe.park(Native Method)
        at java.base@21.0.6/java.util.concurrent.locks.LockSupport.parkNanos(LockSupport.java:269)
        at java.base@21.0.6/java.util.concurrent.locks.AbstractQueuedSynchronizer$ConditionObject.awaitNanos(AbstractQueuedSynchronizer.java:1763)
        at java.base@21.0.6/java.util.concurrent.LinkedBlockingQueue.poll(LinkedBlockingQueue.java:460)
        at app//org.apache.hadoop.ipc.CallQueueManager.take(CallQueueManager.java:370)
        at app//org.apache.hadoop.ipc.Server$Handler.run(Server.java:3165)
"RatisPipelineUtilsThread-0"  prio=5 tid=52 timed_waiting
java.lang.Thread.State: TIMED_WAITING
        at java.base@21.0.6/java.lang.Object.wait0(Native Method)
        at java.base@21.0.6/java.lang.Object.wait(Object.java:366)
        at app//org.apache.hadoop.hdds.scm.pipeline.BackgroundPipelineCreator.run(BackgroundPipelineCreator.java:182)
        at app//org.apache.hadoop.hdds.scm.pipeline.BackgroundPipelineCreator$$Lambda/0x00007fd0ac4bfcc8.run(Unknown Source)
        at java.base@21.0.6/java.lang.Thread.runWith(Thread.java:1596)
        at java.base@21.0.6/java.lang.Thread.run(Thread.java:1583)
"IPC Server handler 5 on default port 15019" daemon prio=5 tid=596 timed_waiting
java.lang.Thread.State: TIMED_WAITING
        at java.base@21.0.6/jdk.internal.misc.Unsafe.park(Native Method)
        at java.base@21.0.6/java.util.concurrent.locks.LockSupport.parkNanos(LockSupport.java:269)
        at java.base@21.0.6/java.util.concurrent.locks.AbstractQueuedSynchronizer$ConditionObject.awaitNanos(AbstractQueuedSynchronizer.java:1763)
        at java.base@21.0.6/java.util.concurrent.LinkedBlockingQueue.poll(LinkedBlockingQueue.java:460)
        at app//org.apache.hadoop.ipc.CallQueueManager.take(CallQueueManager.java:370)
        at app//org.apache.hadoop.ipc.Server$Handler.run(Server.java:3165)
"IPC Server handler 29 on default port 15002" daemon prio=5 tid=365 timed_waiting
java.lang.Thread.State: TIMED_WAITING
        at java.base@21.0.6/jdk.internal.misc.Unsafe.park(Native Method)
        at java.base@21.0.6/java.util.concurrent.locks.LockSupport.parkNanos(LockSupport.java:269)
        at java.base@21.0.6/java.util.concurrent.locks.AbstractQueuedSynchronizer$ConditionObject.awaitNanos(AbstractQueuedSynchronizer.java:1763)
        at java.base@21.0.6/java.util.concurrent.LinkedBlockingQueue.poll(LinkedBlockingQueue.java:460)
        at app//org.apache.hadoop.ipc.CallQueueManager.take(CallQueueManager.java:370)
        at app//org.apache.hadoop.ipc.Server$Handler.run(Server.java:3165)
"IPC Server handler 6 on default port 15043" daemon prio=5 tid=789 timed_waiting
java.lang.Thread.State: TIMED_WAITING
        at java.base@21.0.6/jdk.internal.misc.Unsafe.park(Native Method)
        at java.base@21.0.6/java.util.concurrent.locks.LockSupport.parkNanos(LockSupport.java:269)
        at java.base@21.0.6/java.util.concurrent.locks.AbstractQueuedSynchronizer$ConditionObject.awaitNanos(AbstractQueuedSynchronizer.java:1763)
        at java.base@21.0.6/java.util.concurrent.LinkedBlockingQueue.poll(LinkedBlockingQueue.java:460)
        at app//org.apache.hadoop.ipc.CallQueueManager.take(CallQueueManager.java:370)
        at app//org.apache.hadoop.ipc.Server$Handler.run(Server.java:3165)
"IPC Server handler 32 on default port 15002" daemon prio=5 tid=368 timed_waiting
java.lang.Thread.State: TIMED_WAITING
        at java.base@21.0.6/jdk.internal.misc.Unsafe.park(Native Method)
        at java.base@21.0.6/java.util.concurrent.locks.LockSupport.parkNanos(LockSupport.java:269)
        at java.base@21.0.6/java.util.concurrent.locks.AbstractQueuedSynchronizer$ConditionObject.awaitNanos(AbstractQueuedSynchronizer.java:1763)
        at java.base@21.0.6/java.util.concurrent.LinkedBlockingQueue.poll(LinkedBlockingQueue.java:460)
        at app//org.apache.hadoop.ipc.CallQueueManager.take(CallQueueManager.java:370)
        at app//org.apache.hadoop.ipc.Server$Handler.run(Server.java:3165)
"FixedThreadPoolWithAffinityExecutor-7-0" daemon prio=5 tid=108 timed_waiting
java.lang.Thread.State: TIMED_WAITING
        at java.base@21.0.6/jdk.internal.misc.Unsafe.park(Native Method)
        at java.base@21.0.6/java.util.concurrent.locks.LockSupport.parkNanos(LockSupport.java:269)
        at java.base@21.0.6/java.util.concurrent.locks.AbstractQueuedSynchronizer$ConditionObject.awaitNanos(AbstractQueuedSynchronizer.java:1763)
        at java.base@21.0.6/java.util.concurrent.LinkedBlockingQueue.poll(LinkedBlockingQueue.java:460)
        at app//org.apache.hadoop.hdds.scm.server.ContainerReportQueue.poll(ContainerReportQueue.java:269)
        at app//org.apache.hadoop.hdds.scm.server.ContainerReportQueue.poll(ContainerReportQueue.java:42)
        at app//org.apache.hadoop.hdds.server.events.FixedThreadPoolWithAffinityExecutor$ContainerReportProcessTask.run(FixedThreadPoolWithAffinityExecutor.java:254)
        at java.base@21.0.6/java.util.concurrent.Executors$RunnableAdapter.call(Executors.java:572)
        at java.base@21.0.6/java.util.concurrent.FutureTask.run(FutureTask.java:317)
        at java.base@21.0.6/java.util.concurrent.ThreadPoolExecutor.runWorker(ThreadPoolExecutor.java:1144)
        at java.base@21.0.6/java.util.concurrent.ThreadPoolExecutor$Worker.run(ThreadPoolExecutor.java:642)
        at java.base@21.0.6/java.lang.Thread.runWith(Thread.java:1596)
        at java.base@21.0.6/java.lang.Thread.run(Thread.java:1583)
"IPC Server handler 78 on default port 15000" daemon prio=5 tid=196 timed_waiting
java.lang.Thread.State: TIMED_WAITING
        at java.base@21.0.6/jdk.internal.misc.Unsafe.park(Native Method)
        at java.base@21.0.6/java.util.concurrent.locks.LockSupport.parkNanos(LockSupport.java:269)
        at java.base@21.0.6/java.util.concurrent.locks.AbstractQueuedSynchronizer$ConditionObject.awaitNanos(AbstractQueuedSynchronizer.java:1763)
        at java.base@21.0.6/java.util.concurrent.LinkedBlockingQueue.poll(LinkedBlockingQueue.java:460)
        at app//org.apache.hadoop.ipc.CallQueueManager.take(CallQueueManager.java:370)
        at app//org.apache.hadoop.ipc.Server$Handler.run(Server.java:3165)
"IPC Server handler 30 on default port 15000" daemon prio=5 tid=148 timed_waiting
java.lang.Thread.State: TIMED_WAITING
        at java.base@21.0.6/jdk.internal.misc.Unsafe.park(Native Method)
        at java.base@21.0.6/java.util.concurrent.locks.LockSupport.parkNanos(LockSupport.java:269)
        at java.base@21.0.6/java.util.concurrent.locks.AbstractQueuedSynchronizer$ConditionObject.awaitNanos(AbstractQueuedSynchronizer.java:1763)
        at java.base@21.0.6/java.util.concurrent.LinkedBlockingQueue.poll(LinkedBlockingQueue.java:460)
        at app//org.apache.hadoop.ipc.CallQueueManager.take(CallQueueManager.java:370)
        at app//org.apache.hadoop.ipc.Server$Handler.run(Server.java:3165)
"IPC Server handler 53 on default port 15001" daemon prio=5 tid=271 timed_waiting
java.lang.Thread.State: TIMED_WAITING
        at java.base@21.0.6/jdk.internal.misc.Unsafe.park(Native Method)
        at java.base@21.0.6/java.util.concurrent.locks.LockSupport.parkNanos(LockSupport.java:269)
        at java.base@21.0.6/java.util.concurrent.locks.AbstractQueuedSynchronizer$ConditionObject.awaitNanos(AbstractQueuedSynchronizer.java:1763)
        at java.base@21.0.6/java.util.concurrent.LinkedBlockingQueue.poll(LinkedBlockingQueue.java:460)
        at app//org.apache.hadoop.ipc.CallQueueManager.take(CallQueueManager.java:370)
        at app//org.apache.hadoop.ipc.Server$Handler.run(Server.java:3165)
"IPC Server handler 1 on default port 15000" daemon prio=5 tid=119 timed_waiting
java.lang.Thread.State: TIMED_WAITING
        at java.base@21.0.6/jdk.internal.misc.Unsafe.park(Native Method)
        at java.base@21.0.6/java.util.concurrent.locks.LockSupport.parkNanos(LockSupport.java:269)
        at java.base@21.0.6/java.util.concurrent.locks.AbstractQueuedSynchronizer$ConditionObject.awaitNanos(AbstractQueuedSynchronizer.java:1763)
        at java.base@21.0.6/java.util.concurrent.LinkedBlockingQueue.poll(LinkedBlockingQueue.java:460)
        at app//org.apache.hadoop.ipc.CallQueueManager.take(CallQueueManager.java:370)
        at app//org.apache.hadoop.ipc.Server$Handler.run(Server.java:3165)
"IPC Server handler 57 on default port 15002" daemon prio=5 tid=393 timed_waiting
java.lang.Thread.State: TIMED_WAITING
        at java.base@21.0.6/jdk.internal.misc.Unsafe.park(Native Method)
        at java.base@21.0.6/java.util.concurrent.locks.LockSupport.parkNanos(LockSupport.java:269)
        at java.base@21.0.6/java.util.concurrent.locks.AbstractQueuedSynchronizer$ConditionObject.awaitNanos(AbstractQueuedSynchronizer.java:1763)
        at java.base@21.0.6/java.util.concurrent.LinkedBlockingQueue.poll(LinkedBlockingQueue.java:460)
        at app//org.apache.hadoop.ipc.CallQueueManager.take(CallQueueManager.java:370)
        at app//org.apache.hadoop.ipc.Server$Handler.run(Server.java:3165)
"IPC Server handler 18 on default port 15006" daemon prio=5 tid=513 timed_waiting
java.lang.Thread.State: TIMED_WAITING
        at java.base@21.0.6/jdk.internal.misc.Unsafe.park(Native Method)
        at java.base@21.0.6/java.util.concurrent.locks.LockSupport.parkNanos(LockSupport.java:269)
        at java.base@21.0.6/java.util.concurrent.locks.AbstractQueuedSynchronizer$ConditionObject.awaitNanos(AbstractQueuedSynchronizer.java:1763)
        at java.base@21.0.6/java.util.concurrent.LinkedBlockingQueue.poll(LinkedBlockingQueue.java:460)
        at app//org.apache.hadoop.ipc.CallQueueManager.take(CallQueueManager.java:370)
        at app//org.apache.hadoop.ipc.Server$Handler.run(Server.java:3165)
"IPC Server idle connection scanner for port 15001" daemon prio=5 tid=84 timed_waiting
java.lang.Thread.State: TIMED_WAITING
        at java.base@21.0.6/java.lang.Object.wait0(Native Method)
        at java.base@21.0.6/java.lang.Object.wait(Object.java:366)
        at java.base@21.0.6/java.util.TimerThread.mainLoop(Timer.java:563)
        at java.base@21.0.6/java.util.TimerThread.run(Timer.java:516)
"IPC Server handler 22 on default port 15001" daemon prio=5 tid=240 timed_waiting
java.lang.Thread.State: TIMED_WAITING
        at java.base@21.0.6/jdk.internal.misc.Unsafe.park(Native Method)
        at java.base@21.0.6/java.util.concurrent.locks.LockSupport.parkNanos(LockSupport.java:269)
        at java.base@21.0.6/java.util.concurrent.locks.AbstractQueuedSynchronizer$ConditionObject.awaitNanos(AbstractQueuedSynchronizer.java:1763)
        at java.base@21.0.6/java.util.concurrent.LinkedBlockingQueue.poll(LinkedBlockingQueue.java:460)
        at app//org.apache.hadoop.ipc.CallQueueManager.take(CallQueueManager.java:370)
        at app//org.apache.hadoop.ipc.Server$Handler.run(Server.java:3165)
"om1-KeyDeletingService#0" daemon prio=5 tid=470 timed_waiting
java.lang.Thread.State: TIMED_WAITING
        at java.base@21.0.6/jdk.internal.misc.Unsafe.park(Native Method)
        at java.base@21.0.6/java.util.concurrent.locks.LockSupport.parkNanos(LockSupport.java:269)
        at java.base@21.0.6/java.util.concurrent.locks.AbstractQueuedSynchronizer$ConditionObject.awaitNanos(AbstractQueuedSynchronizer.java:1763)
        at java.base@21.0.6/java.util.concurrent.ScheduledThreadPoolExecutor$DelayedWorkQueue.take(ScheduledThreadPoolExecutor.java:1182)
        at java.base@21.0.6/java.util.concurrent.ScheduledThreadPoolExecutor$DelayedWorkQueue.take(ScheduledThreadPoolExecutor.java:899)
        at java.base@21.0.6/java.util.concurrent.ThreadPoolExecutor.getTask(ThreadPoolExecutor.java:1070)
        at java.base@21.0.6/java.util.concurrent.ThreadPoolExecutor.runWorker(ThreadPoolExecutor.java:1130)
        at java.base@21.0.6/java.util.concurrent.ThreadPoolExecutor$Worker.run(ThreadPoolExecutor.java:642)
        at java.base@21.0.6/java.lang.Thread.runWith(Thread.java:1596)
        at java.base@21.0.6/java.lang.Thread.run(Thread.java:1583)
"IPC Server handler 4 on default port 15000" daemon prio=5 tid=122 timed_waiting
java.lang.Thread.State: TIMED_WAITING
        at java.base@21.0.6/jdk.internal.misc.Unsafe.park(Native Method)
        at java.base@21.0.6/java.util.concurrent.locks.LockSupport.parkNanos(LockSupport.java:269)
        at java.base@21.0.6/java.util.concurrent.locks.AbstractQueuedSynchronizer$ConditionObject.awaitNanos(AbstractQueuedSynchronizer.java:1763)
        at java.base@21.0.6/java.util.concurrent.LinkedBlockingQueue.poll(LinkedBlockingQueue.java:460)
        at app//org.apache.hadoop.ipc.CallQueueManager.take(CallQueueManager.java:370)
        at app//org.apache.hadoop.ipc.Server$Handler.run(Server.java:3165)
"qtp897209100-571" daemon prio=5 tid=571 timed_waiting
java.lang.Thread.State: TIMED_WAITING
        at java.base@21.0.6/jdk.internal.misc.Unsafe.park(Native Method)
        at java.base@21.0.6/java.util.concurrent.locks.LockSupport.parkNanos(LockSupport.java:269)
        at java.base@21.0.6/java.util.concurrent.locks.AbstractQueuedSynchronizer$ConditionObject.awaitNanos(AbstractQueuedSynchronizer.java:1763)
        at app//org.eclipse.jetty.util.BlockingArrayQueue.poll(BlockingArrayQueue.java:382)
        at app//org.eclipse.jetty.util.thread.QueuedThreadPool$Runner.idleJobPoll(QueuedThreadPool.java:974)
        at app//org.eclipse.jetty.util.thread.QueuedThreadPool$Runner.run(QueuedThreadPool.java:1018)
        at java.base@21.0.6/java.lang.Thread.runWith(Thread.java:1596)
        at java.base@21.0.6/java.lang.Thread.run(Thread.java:1583)
"Socket Reader #4 for port 15001"  prio=5 tid=77 runnable
java.lang.Thread.State: RUNNABLE
        at java.base@21.0.6/sun.nio.ch.EPoll.wait(Native Method)
        at java.base@21.0.6/sun.nio.ch.EPollSelectorImpl.doSelect(EPollSelectorImpl.java:121)
        at java.base@21.0.6/sun.nio.ch.SelectorImpl.lockAndDoSelect(SelectorImpl.java:130)
        at java.base@21.0.6/sun.nio.ch.SelectorImpl.select(SelectorImpl.java:147)
        at app//org.apache.hadoop.ipc.Server$Listener$Reader.doRunLoop(Server.java:1497)
        at app//org.apache.hadoop.ipc.Server$Listener$Reader.run(Server.java:1476)
"IPC Server handler 42 on default port 15001" daemon prio=5 tid=260 timed_waiting
java.lang.Thread.State: TIMED_WAITING
        at java.base@21.0.6/jdk.internal.misc.Unsafe.park(Native Method)
        at java.base@21.0.6/java.util.concurrent.locks.LockSupport.parkNanos(LockSupport.java:269)
        at java.base@21.0.6/java.util.concurrent.locks.AbstractQueuedSynchronizer$ConditionObject.awaitNanos(AbstractQueuedSynchronizer.java:1763)
        at java.base@21.0.6/java.util.concurrent.LinkedBlockingQueue.poll(LinkedBlockingQueue.java:460)
        at app//org.apache.hadoop.ipc.CallQueueManager.take(CallQueueManager.java:370)
        at app//org.apache.hadoop.ipc.Server$Handler.run(Server.java:3165)
"Socket Reader #6 for port 15001"  prio=5 tid=79 runnable
java.lang.Thread.State: RUNNABLE
        at java.base@21.0.6/sun.nio.ch.EPoll.wait(Native Method)
        at java.base@21.0.6/sun.nio.ch.EPollSelectorImpl.doSelect(EPollSelectorImpl.java:121)
        at java.base@21.0.6/sun.nio.ch.SelectorImpl.lockAndDoSelect(SelectorImpl.java:130)
        at java.base@21.0.6/sun.nio.ch.SelectorImpl.select(SelectorImpl.java:147)
        at app//org.apache.hadoop.ipc.Server$Listener$Reader.doRunLoop(Server.java:1497)
        at app//org.apache.hadoop.ipc.Server$Listener$Reader.run(Server.java:1476)
"a6bf55e3-38e4-411e-ac0b-5acdb6a35656-DatanodeReportManager-3" daemon prio=5 tid=652 timed_waiting
java.lang.Thread.State: TIMED_WAITING
        at java.base@21.0.6/jdk.internal.misc.Unsafe.park(Native Method)
        at java.base@21.0.6/java.util.concurrent.locks.LockSupport.parkNanos(LockSupport.java:269)
        at java.base@21.0.6/java.util.concurrent.locks.AbstractQueuedSynchronizer$ConditionObject.awaitNanos(AbstractQueuedSynchronizer.java:1763)
        at java.base@21.0.6/java.util.concurrent.ScheduledThreadPoolExecutor$DelayedWorkQueue.take(ScheduledThreadPoolExecutor.java:1182)
        at java.base@21.0.6/java.util.concurrent.ScheduledThreadPoolExecutor$DelayedWorkQueue.take(ScheduledThreadPoolExecutor.java:899)
        at java.base@21.0.6/java.util.concurrent.ThreadPoolExecutor.getTask(ThreadPoolExecutor.java:1070)
        at java.base@21.0.6/java.util.concurrent.ThreadPoolExecutor.runWorker(ThreadPoolExecutor.java:1130)
        at java.base@21.0.6/java.util.concurrent.ThreadPoolExecutor$Worker.run(ThreadPoolExecutor.java:642)
        at java.base@21.0.6/java.lang.Thread.runWith(Thread.java:1596)
        at java.base@21.0.6/java.lang.Thread.run(Thread.java:1583)
"4a3059aa-ae89-4e47-8f1e-08d61ab31d43@group-93F6C2665618-cacheEviction-AwaitToRun" daemon prio=5 tid=950 in Object.wait()
java.lang.Thread.State: WAITING (on object monitor)
        at java.base@21.0.6/jdk.internal.misc.Unsafe.park(Native Method)
        at java.base@21.0.6/java.util.concurrent.locks.LockSupport.park(LockSupport.java:371)
        at java.base@21.0.6/java.util.concurrent.locks.AbstractQueuedSynchronizer$ConditionNode.block(AbstractQueuedSynchronizer.java:519)
        at java.base@21.0.6/java.util.concurrent.ForkJoinPool.unmanagedBlock(ForkJoinPool.java:3780)
        at java.base@21.0.6/java.util.concurrent.ForkJoinPool.managedBlock(ForkJoinPool.java:3725)
        at java.base@21.0.6/java.util.concurrent.locks.AbstractQueuedSynchronizer$ConditionObject.await(AbstractQueuedSynchronizer.java:1712)
        at app//org.apache.ratis.util.AwaitForSignal.await(AwaitForSignal.java:48)
        at app//org.apache.ratis.util.AwaitToRun$RunnableImpl.run(AwaitToRun.java:47)
        at java.base@21.0.6/java.lang.Thread.runWith(Thread.java:1596)
        at java.base@21.0.6/java.lang.Thread.run(Thread.java:1583)
"pool-237-thread-1"  prio=5 tid=1003 in Object.wait()
java.lang.Thread.State: WAITING (on object monitor)
        at java.base@21.0.6/java.lang.Object.wait0(Native Method)
        at java.base@21.0.6/java.lang.Object.wait(Object.java:366)
        at java.base@21.0.6/java.lang.Object.wait(Object.java:339)
        at app//org.apache.ratis.thirdparty.io.netty.util.concurrent.DefaultPromise.await(DefaultPromise.java:254)
        at app//org.apache.ratis.thirdparty.io.netty.util.concurrent.DefaultPromise.sync(DefaultPromise.java:405)
        at app//org.apache.ratis.thirdparty.io.netty.util.concurrent.DefaultPromise.sync(DefaultPromise.java:35)
        at app//org.apache.hadoop.ozone.container.common.transport.server.XceiverServerGrpc.stop(XceiverServerGrpc.java:210)
        at app//org.apache.hadoop.ozone.container.ozoneimpl.OzoneContainer.stop(OzoneContainer.java:540)
        at app//org.apache.hadoop.ozone.container.common.statemachine.DatanodeStateMachine.close(DatanodeStateMachine.java:439)
        at app//org.apache.hadoop.ozone.container.common.statemachine.DatanodeStateMachine.stopDaemon(DatanodeStateMachine.java:628)
        at app//org.apache.hadoop.ozone.HddsDatanodeService.stop(HddsDatanodeService.java:545)
        at app//org.apache.hadoop.ozone.MiniOzoneClusterImpl.stopDatanode(MiniOzoneClusterImpl.java:483)
        at app//org.apache.hadoop.ozone.MiniOzoneClusterImpl.shutdownHddsDatanode(MiniOzoneClusterImpl.java:377)
        at app//org.apache.hadoop.hdds.scm.node.TestQueryNode.lambda$testStaleNodesCount$0(TestQueryNode.java:84)
        at app//org.apache.hadoop.hdds.scm.node.TestQueryNode$$Lambda/0x00007fd0ac9538b8.run(Unknown Source)
        at java.base@21.0.6/java.util.concurrent.ThreadPoolExecutor.runWorker(ThreadPoolExecutor.java:1144)
        at java.base@21.0.6/java.util.concurrent.ThreadPoolExecutor$Worker.run(ThreadPoolExecutor.java:642)
        at java.base@21.0.6/java.lang.Thread.runWith(Thread.java:1596)
        at java.base@21.0.6/java.lang.Thread.run(Thread.java:1583)
"IPC Server handler 1 on default port 15019" daemon prio=5 tid=592 timed_waiting
java.lang.Thread.State: TIMED_WAITING
        at java.base@21.0.6/jdk.internal.misc.Unsafe.park(Native Method)
        at java.base@21.0.6/java.util.concurrent.locks.LockSupport.parkNanos(LockSupport.java:269)
        at java.base@21.0.6/java.util.concurrent.locks.AbstractQueuedSynchronizer$ConditionObject.awaitNanos(AbstractQueuedSynchronizer.java:1763)
        at java.base@21.0.6/java.util.concurrent.LinkedBlockingQueue.poll(LinkedBlockingQueue.java:460)
        at app//org.apache.hadoop.ipc.CallQueueManager.take(CallQueueManager.java:370)
        at app//org.apache.hadoop.ipc.Server$Handler.run(Server.java:3165)
"IPC Server handler 23 on default port 15002" daemon prio=5 tid=359 timed_waiting
java.lang.Thread.State: TIMED_WAITING
        at java.base@21.0.6/jdk.internal.misc.Unsafe.park(Native Method)
        at java.base@21.0.6/java.util.concurrent.locks.LockSupport.parkNanos(LockSupport.java:269)
        at java.base@21.0.6/java.util.concurrent.locks.AbstractQueuedSynchronizer$ConditionObject.awaitNanos(AbstractQueuedSynchronizer.java:1763)
        at java.base@21.0.6/java.util.concurrent.LinkedBlockingQueue.poll(LinkedBlockingQueue.java:460)
        at app//org.apache.hadoop.ipc.CallQueueManager.take(CallQueueManager.java:370)
        at app//org.apache.hadoop.ipc.Server$Handler.run(Server.java:3165)
"IPC Server handler 6 on default port 15002" daemon prio=5 tid=342 timed_waiting
java.lang.Thread.State: TIMED_WAITING
        at java.base@21.0.6/jdk.internal.misc.Unsafe.park(Native Method)
        at java.base@21.0.6/java.util.concurrent.locks.LockSupport.parkNanos(LockSupport.java:269)
        at java.base@21.0.6/java.util.concurrent.locks.AbstractQueuedSynchronizer$ConditionObject.awaitNanos(AbstractQueuedSynchronizer.java:1763)
        at java.base@21.0.6/java.util.concurrent.LinkedBlockingQueue.poll(LinkedBlockingQueue.java:460)
        at app//org.apache.hadoop.ipc.CallQueueManager.take(CallQueueManager.java:370)
        at app//org.apache.hadoop.ipc.Server$Handler.run(Server.java:3165)
"IPC Server handler 72 on default port 15002" daemon prio=5 tid=408 timed_waiting
java.lang.Thread.State: TIMED_WAITING
        at java.base@21.0.6/jdk.internal.misc.Unsafe.park(Native Method)
        at java.base@21.0.6/java.util.concurrent.locks.LockSupport.parkNanos(LockSupport.java:269)
        at java.base@21.0.6/java.util.concurrent.locks.AbstractQueuedSynchronizer$ConditionObject.awaitNanos(AbstractQueuedSynchronizer.java:1763)
        at java.base@21.0.6/java.util.concurrent.LinkedBlockingQueue.poll(LinkedBlockingQueue.java:460)
        at app//org.apache.hadoop.ipc.CallQueueManager.take(CallQueueManager.java:370)
        at app//org.apache.hadoop.ipc.Server$Handler.run(Server.java:3165)
"SnapshotCacheCleanupService" daemon prio=5 tid=439 timed_waiting
java.lang.Thread.State: TIMED_WAITING
        at java.base@21.0.6/jdk.internal.misc.Unsafe.park(Native Method)
        at java.base@21.0.6/java.util.concurrent.locks.LockSupport.parkNanos(LockSupport.java:269)
        at java.base@21.0.6/java.util.concurrent.locks.AbstractQueuedSynchronizer$ConditionObject.awaitNanos(AbstractQueuedSynchronizer.java:1763)
        at java.base@21.0.6/java.util.concurrent.ScheduledThreadPoolExecutor$DelayedWorkQueue.take(ScheduledThreadPoolExecutor.java:1182)
        at java.base@21.0.6/java.util.concurrent.ScheduledThreadPoolExecutor$DelayedWorkQueue.take(ScheduledThreadPoolExecutor.java:899)
        at java.base@21.0.6/java.util.concurrent.ThreadPoolExecutor.getTask(ThreadPoolExecutor.java:1070)
        at java.base@21.0.6/java.util.concurrent.ThreadPoolExecutor.runWorker(ThreadPoolExecutor.java:1130)
        at java.base@21.0.6/java.util.concurrent.ThreadPoolExecutor$Worker.run(ThreadPoolExecutor.java:642)
        at java.base@21.0.6/java.lang.Thread.runWith(Thread.java:1596)
        at java.base@21.0.6/java.lang.Thread.run(Thread.java:1583)
"IPC Server handler 69 on default port 15000" daemon prio=5 tid=187 timed_waiting
java.lang.Thread.State: TIMED_WAITING
        at java.base@21.0.6/jdk.internal.misc.Unsafe.park(Native Method)
        at java.base@21.0.6/java.util.concurrent.locks.LockSupport.parkNanos(LockSupport.java:269)
        at java.base@21.0.6/java.util.concurrent.locks.AbstractQueuedSynchronizer$ConditionObject.awaitNanos(AbstractQueuedSynchronizer.java:1763)
        at java.base@21.0.6/java.util.concurrent.LinkedBlockingQueue.poll(LinkedBlockingQueue.java:460)
        at app//org.apache.hadoop.ipc.CallQueueManager.take(CallQueueManager.java:370)
        at app//org.apache.hadoop.ipc.Server$Handler.run(Server.java:3165)
"d6a19b8b-82a2-4947-8b44-7228be6ad053-DatanodeStateMachineTaskThread-0"  prio=5 tid=723 in Object.wait()
java.lang.Thread.State: WAITING (on object monitor)
        at java.base@21.0.6/jdk.internal.misc.Unsafe.park(Native Method)
        at java.base@21.0.6/java.util.concurrent.locks.LockSupport.park(LockSupport.java:371)
        at java.base@21.0.6/java.util.concurrent.locks.AbstractQueuedSynchronizer$ConditionNode.block(AbstractQueuedSynchronizer.java:519)
        at java.base@21.0.6/java.util.concurrent.ForkJoinPool.unmanagedBlock(ForkJoinPool.java:3780)
        at java.base@21.0.6/java.util.concurrent.ForkJoinPool.managedBlock(ForkJoinPool.java:3725)
        at java.base@21.0.6/java.util.concurrent.locks.AbstractQueuedSynchronizer$ConditionObject.await(AbstractQueuedSynchronizer.java:1712)
        at java.base@21.0.6/java.util.concurrent.LinkedBlockingQueue.take(LinkedBlockingQueue.java:435)
        at java.base@21.0.6/java.util.concurrent.ThreadPoolExecutor.getTask(ThreadPoolExecutor.java:1070)
        at java.base@21.0.6/java.util.concurrent.ThreadPoolExecutor.runWorker(ThreadPoolExecutor.java:1130)
        at java.base@21.0.6/java.util.concurrent.ThreadPoolExecutor$Worker.run(ThreadPoolExecutor.java:642)
        at java.base@21.0.6/java.lang.Thread.runWith(Thread.java:1596)
        at java.base@21.0.6/java.lang.Thread.run(Thread.java:1583)
"4a3059aa-ae89-4e47-8f1e-08d61ab31d43-ChunkWriter-2-0" daemon prio=5 tid=843 in Object.wait()
java.lang.Thread.State: WAITING (on object monitor)
        at java.base@21.0.6/jdk.internal.misc.Unsafe.park(Native Method)
        at java.base@21.0.6/java.util.concurrent.locks.LockSupport.park(LockSupport.java:371)
        at java.base@21.0.6/java.util.concurrent.locks.AbstractQueuedSynchronizer$ConditionNode.block(AbstractQueuedSynchronizer.java:519)
        at java.base@21.0.6/java.util.concurrent.ForkJoinPool.unmanagedBlock(ForkJoinPool.java:3780)
        at java.base@21.0.6/java.util.concurrent.ForkJoinPool.managedBlock(ForkJoinPool.java:3725)
        at java.base@21.0.6/java.util.concurrent.locks.AbstractQueuedSynchronizer$ConditionObject.await(AbstractQueuedSynchronizer.java:1712)
        at java.base@21.0.6/java.util.concurrent.LinkedBlockingDeque.takeFirst(LinkedBlockingDeque.java:485)
        at java.base@21.0.6/java.util.concurrent.LinkedBlockingDeque.take(LinkedBlockingDeque.java:673)
        at java.base@21.0.6/java.util.concurrent.ThreadPoolExecutor.getTask(ThreadPoolExecutor.java:1070)
        at java.base@21.0.6/java.util.concurrent.ThreadPoolExecutor.runWorker(ThreadPoolExecutor.java:1130)
        at java.base@21.0.6/java.util.concurrent.ThreadPoolExecutor$Worker.run(ThreadPoolExecutor.java:642)
        at java.base@21.0.6/java.lang.Thread.runWith(Thread.java:1596)
        at java.base@21.0.6/java.lang.Thread.run(Thread.java:1583)
"IPC Server handler 23 on default port 15001" daemon prio=5 tid=241 timed_waiting
java.lang.Thread.State: TIMED_WAITING
        at java.base@21.0.6/jdk.internal.misc.Unsafe.park(Native Method)
        at java.base@21.0.6/java.util.concurrent.locks.LockSupport.parkNanos(LockSupport.java:269)
        at java.base@21.0.6/java.util.concurrent.locks.AbstractQueuedSynchronizer$ConditionObject.awaitNanos(AbstractQueuedSynchronizer.java:1763)
        at java.base@21.0.6/java.util.concurrent.LinkedBlockingQueue.poll(LinkedBlockingQueue.java:460)
        at app//org.apache.hadoop.ipc.CallQueueManager.take(CallQueueManager.java:370)
        at app//org.apache.hadoop.ipc.Server$Handler.run(Server.java:3165)
"IPC Server handler 30 on default port 15002" daemon prio=5 tid=366 timed_waiting
java.lang.Thread.State: TIMED_WAITING
        at java.base@21.0.6/jdk.internal.misc.Unsafe.park(Native Method)
        at java.base@21.0.6/java.util.concurrent.locks.LockSupport.parkNanos(LockSupport.java:269)
        at java.base@21.0.6/java.util.concurrent.locks.AbstractQueuedSynchronizer$ConditionObject.awaitNanos(AbstractQueuedSynchronizer.java:1763)
        at java.base@21.0.6/java.util.concurrent.LinkedBlockingQueue.poll(LinkedBlockingQueue.java:460)
        at app//org.apache.hadoop.ipc.CallQueueManager.take(CallQueueManager.java:370)
        at app//org.apache.hadoop.ipc.Server$Handler.run(Server.java:3165)
"Hadoop-Metrics-Updater-0" daemon prio=5 tid=460 timed_waiting
java.lang.Thread.State: TIMED_WAITING
        at java.base@21.0.6/jdk.internal.misc.Unsafe.park(Native Method)
        at java.base@21.0.6/java.util.concurrent.locks.LockSupport.parkNanos(LockSupport.java:269)
        at java.base@21.0.6/java.util.concurrent.locks.AbstractQueuedSynchronizer$ConditionObject.awaitNanos(AbstractQueuedSynchronizer.java:1763)
        at java.base@21.0.6/java.util.concurrent.ScheduledThreadPoolExecutor$DelayedWorkQueue.take(ScheduledThreadPoolExecutor.java:1182)
        at java.base@21.0.6/java.util.concurrent.ScheduledThreadPoolExecutor$DelayedWorkQueue.take(ScheduledThreadPoolExecutor.java:899)
        at java.base@21.0.6/java.util.concurrent.ThreadPoolExecutor.getTask(ThreadPoolExecutor.java:1070)
        at java.base@21.0.6/java.util.concurrent.ThreadPoolExecutor.runWorker(ThreadPoolExecutor.java:1130)
        at java.base@21.0.6/java.util.concurrent.ThreadPoolExecutor$Worker.run(ThreadPoolExecutor.java:642)
        at java.base@21.0.6/java.lang.Thread.runWith(Thread.java:1596)
        at java.base@21.0.6/java.lang.Thread.run(Thread.java:1583)
"Socket Reader #4 for port 15000"  prio=5 tid=91 runnable
java.lang.Thread.State: RUNNABLE
        at java.base@21.0.6/sun.nio.ch.EPoll.wait(Native Method)
        at java.base@21.0.6/sun.nio.ch.EPollSelectorImpl.doSelect(EPollSelectorImpl.java:121)
        at java.base@21.0.6/sun.nio.ch.SelectorImpl.lockAndDoSelect(SelectorImpl.java:130)
        at java.base@21.0.6/sun.nio.ch.SelectorImpl.select(SelectorImpl.java:147)
        at app//org.apache.hadoop.ipc.Server$Listener$Reader.doRunLoop(Server.java:1497)
        at app//org.apache.hadoop.ipc.Server$Listener$Reader.run(Server.java:1476)
"4a3059aa-ae89-4e47-8f1e-08d61ab31d43-ChunkWriter-3-0" daemon prio=5 tid=844 in Object.wait()
java.lang.Thread.State: WAITING (on object monitor)
        at java.base@21.0.6/jdk.internal.misc.Unsafe.park(Native Method)
        at java.base@21.0.6/java.util.concurrent.locks.LockSupport.park(LockSupport.java:371)
        at java.base@21.0.6/java.util.concurrent.locks.AbstractQueuedSynchronizer$ConditionNode.block(AbstractQueuedSynchronizer.java:519)
        at java.base@21.0.6/java.util.concurrent.ForkJoinPool.unmanagedBlock(ForkJoinPool.java:3780)
        at java.base@21.0.6/java.util.concurrent.ForkJoinPool.managedBlock(ForkJoinPool.java:3725)
        at java.base@21.0.6/java.util.concurrent.locks.AbstractQueuedSynchronizer$ConditionObject.await(AbstractQueuedSynchronizer.java:1712)
        at java.base@21.0.6/java.util.concurrent.LinkedBlockingDeque.takeFirst(LinkedBlockingDeque.java:485)
        at java.base@21.0.6/java.util.concurrent.LinkedBlockingDeque.take(LinkedBlockingDeque.java:673)
        at java.base@21.0.6/java.util.concurrent.ThreadPoolExecutor.getTask(ThreadPoolExecutor.java:1070)
        at java.base@21.0.6/java.util.concurrent.ThreadPoolExecutor.runWorker(ThreadPoolExecutor.java:1130)
        at java.base@21.0.6/java.util.concurrent.ThreadPoolExecutor$Worker.run(ThreadPoolExecutor.java:642)
        at java.base@21.0.6/java.lang.Thread.runWith(Thread.java:1596)
        at java.base@21.0.6/java.lang.Thread.run(Thread.java:1583)
"IPC Server handler 85 on default port 15001" daemon prio=5 tid=303 timed_waiting
java.lang.Thread.State: TIMED_WAITING
        at java.base@21.0.6/jdk.internal.misc.Unsafe.park(Native Method)
        at java.base@21.0.6/java.util.concurrent.locks.LockSupport.parkNanos(LockSupport.java:269)
        at java.base@21.0.6/java.util.concurrent.locks.AbstractQueuedSynchronizer$ConditionObject.awaitNanos(AbstractQueuedSynchronizer.java:1763)
        at java.base@21.0.6/java.util.concurrent.LinkedBlockingQueue.poll(LinkedBlockingQueue.java:460)
        at app//org.apache.hadoop.ipc.CallQueueManager.take(CallQueueManager.java:370)
        at app//org.apache.hadoop.ipc.Server$Handler.run(Server.java:3165)
"IPC Server handler 66 on default port 15002" daemon prio=5 tid=402 timed_waiting
java.lang.Thread.State: TIMED_WAITING
        at java.base@21.0.6/jdk.internal.misc.Unsafe.park(Native Method)
        at java.base@21.0.6/java.util.concurrent.locks.LockSupport.parkNanos(LockSupport.java:269)
        at java.base@21.0.6/java.util.concurrent.locks.AbstractQueuedSynchronizer$ConditionObject.awaitNanos(AbstractQueuedSynchronizer.java:1763)
        at java.base@21.0.6/java.util.concurrent.LinkedBlockingQueue.poll(LinkedBlockingQueue.java:460)
        at app//org.apache.hadoop.ipc.CallQueueManager.take(CallQueueManager.java:370)
        at app//org.apache.hadoop.ipc.Server$Handler.run(Server.java:3165)
"a6bf55e3-38e4-411e-ac0b-5acdb6a35656@group-C713F1B5C815-SegmentedRaftLogWorker" daemon prio=5 tid=923 timed_waiting
java.lang.Thread.State: TIMED_WAITING
        at java.base@21.0.6/jdk.internal.misc.Unsafe.park(Native Method)
        at java.base@21.0.6/java.util.concurrent.locks.LockSupport.parkNanos(LockSupport.java:269)
        at java.base@21.0.6/java.util.concurrent.locks.AbstractQueuedSynchronizer$ConditionObject.awaitNanos(AbstractQueuedSynchronizer.java:1763)
        at app//org.apache.ratis.util.DataBlockingQueue.poll(DataBlockingQueue.java:148)
        at app//org.apache.ratis.server.raftlog.segmented.SegmentedRaftLogWorker.run(SegmentedRaftLogWorker.java:307)
        at app//org.apache.ratis.server.raftlog.segmented.SegmentedRaftLogWorker$$Lambda/0x00007fd0ac390888.run(Unknown Source)
        at java.base@21.0.6/java.util.concurrent.Executors$RunnableAdapter.call(Executors.java:572)
        at java.base@21.0.6/java.util.concurrent.FutureTask.run(FutureTask.java:317)
        at java.base@21.0.6/java.util.concurrent.ThreadPoolExecutor.runWorker(ThreadPoolExecutor.java:1144)
        at java.base@21.0.6/java.util.concurrent.ThreadPoolExecutor$Worker.run(ThreadPoolExecutor.java:642)
        at java.base@21.0.6/java.lang.Thread.runWith(Thread.java:1596)
        at java.base@21.0.6/java.lang.Thread.run(Thread.java:1583)
"om1@group-C5BA1605619E-SegmentedRaftLogWorker"  prio=5 tid=462 timed_waiting
java.lang.Thread.State: TIMED_WAITING
        at java.base@21.0.6/jdk.internal.misc.Unsafe.park(Native Method)
        at java.base@21.0.6/java.util.concurrent.locks.LockSupport.parkNanos(LockSupport.java:269)
        at java.base@21.0.6/java.util.concurrent.locks.AbstractQueuedSynchronizer$ConditionObject.awaitNanos(AbstractQueuedSynchronizer.java:1763)
        at app//org.apache.ratis.util.DataBlockingQueue.poll(DataBlockingQueue.java:148)
        at app//org.apache.ratis.server.raftlog.segmented.SegmentedRaftLogWorker.run(SegmentedRaftLogWorker.java:307)
        at app//org.apache.ratis.server.raftlog.segmented.SegmentedRaftLogWorker$$Lambda/0x00007fd0ac390888.run(Unknown Source)
        at java.base@21.0.6/java.util.concurrent.Executors$RunnableAdapter.call(Executors.java:572)
        at java.base@21.0.6/java.util.concurrent.FutureTask.run(FutureTask.java:317)
        at java.base@21.0.6/java.util.concurrent.ThreadPoolExecutor.runWorker(ThreadPoolExecutor.java:1144)
        at java.base@21.0.6/java.util.concurrent.ThreadPoolExecutor$Worker.run(ThreadPoolExecutor.java:642)
        at java.base@21.0.6/java.lang.Thread.runWith(Thread.java:1596)
        at java.base@21.0.6/java.lang.Thread.run(Thread.java:1583)
"grpc-default-worker-ELG-3-4" daemon prio=5 tid=866 runnable
java.lang.Thread.State: RUNNABLE
        at app//org.apache.ratis.thirdparty.io.netty.channel.epoll.Native.epollWait0(Native Method)
        at app//org.apache.ratis.thirdparty.io.netty.channel.epoll.Native.epollWait(Native.java:193)
        at app//org.apache.ratis.thirdparty.io.netty.channel.epoll.EpollEventLoop.epollWait(EpollEventLoop.java:304)
        at app//org.apache.ratis.thirdparty.io.netty.channel.epoll.EpollEventLoop.run(EpollEventLoop.java:368)
        at app//org.apache.ratis.thirdparty.io.netty.util.concurrent.SingleThreadEventExecutor$4.run(SingleThreadEventExecutor.java:997)
        at app//org.apache.ratis.thirdparty.io.netty.util.internal.ThreadExecutorMap$2.run(ThreadExecutorMap.java:74)
        at app//org.apache.ratis.thirdparty.io.netty.util.concurrent.FastThreadLocalRunnable.run(FastThreadLocalRunnable.java:30)
        at java.base@21.0.6/java.lang.Thread.runWith(Thread.java:1596)
        at java.base@21.0.6/java.lang.Thread.run(Thread.java:1583)
"a6bf55e3-38e4-411e-ac0b-5acdb6a35656-DatanodeReportManager-2" daemon prio=5 tid=651 in Object.wait()
java.lang.Thread.State: WAITING (on object monitor)
        at java.base@21.0.6/jdk.internal.misc.Unsafe.park(Native Method)
        at java.base@21.0.6/java.util.concurrent.locks.LockSupport.park(LockSupport.java:371)
        at java.base@21.0.6/java.util.concurrent.locks.AbstractQueuedSynchronizer$ConditionNode.block(AbstractQueuedSynchronizer.java:519)
        at java.base@21.0.6/java.util.concurrent.ForkJoinPool.unmanagedBlock(ForkJoinPool.java:3780)
        at java.base@21.0.6/java.util.concurrent.ForkJoinPool.managedBlock(ForkJoinPool.java:3725)
        at java.base@21.0.6/java.util.concurrent.locks.AbstractQueuedSynchronizer$ConditionObject.await(AbstractQueuedSynchronizer.java:1712)
        at java.base@21.0.6/java.util.concurrent.ScheduledThreadPoolExecutor$DelayedWorkQueue.take(ScheduledThreadPoolExecutor.java:1177)
        at java.base@21.0.6/java.util.concurrent.ScheduledThreadPoolExecutor$DelayedWorkQueue.take(ScheduledThreadPoolExecutor.java:899)
        at java.base@21.0.6/java.util.concurrent.ThreadPoolExecutor.getTask(ThreadPoolExecutor.java:1070)
        at java.base@21.0.6/java.util.concurrent.ThreadPoolExecutor.runWorker(ThreadPoolExecutor.java:1130)
        at java.base@21.0.6/java.util.concurrent.ThreadPoolExecutor$Worker.run(ThreadPoolExecutor.java:642)
        at java.base@21.0.6/java.lang.Thread.runWith(Thread.java:1596)
        at java.base@21.0.6/java.lang.Thread.run(Thread.java:1583)
"FixedThreadPoolWithAffinityExecutor-5-0" daemon prio=5 tid=106 timed_waiting
java.lang.Thread.State: TIMED_WAITING
        at java.base@21.0.6/jdk.internal.misc.Unsafe.park(Native Method)
        at java.base@21.0.6/java.util.concurrent.locks.LockSupport.parkNanos(LockSupport.java:269)
        at java.base@21.0.6/java.util.concurrent.locks.AbstractQueuedSynchronizer$ConditionObject.awaitNanos(AbstractQueuedSynchronizer.java:1763)
        at java.base@21.0.6/java.util.concurrent.LinkedBlockingQueue.poll(LinkedBlockingQueue.java:460)
        at app//org.apache.hadoop.hdds.scm.server.ContainerReportQueue.poll(ContainerReportQueue.java:269)
        at app//org.apache.hadoop.hdds.scm.server.ContainerReportQueue.poll(ContainerReportQueue.java:42)
        at app//org.apache.hadoop.hdds.server.events.FixedThreadPoolWithAffinityExecutor$ContainerReportProcessTask.run(FixedThreadPoolWithAffinityExecutor.java:254)
        at java.base@21.0.6/java.util.concurrent.Executors$RunnableAdapter.call(Executors.java:572)
        at java.base@21.0.6/java.util.concurrent.FutureTask.run(FutureTask.java:317)
        at java.base@21.0.6/java.util.concurrent.ThreadPoolExecutor.runWorker(ThreadPoolExecutor.java:1144)
        at java.base@21.0.6/java.util.concurrent.ThreadPoolExecutor$Worker.run(ThreadPoolExecutor.java:642)
        at java.base@21.0.6/java.lang.Thread.runWith(Thread.java:1596)
        at java.base@21.0.6/java.lang.Thread.run(Thread.java:1583)
"EventQueue-StaleNodeForStaleNodeHandler" daemon prio=5 tid=1034 in Object.wait()
java.lang.Thread.State: WAITING (on object monitor)
        at java.base@21.0.6/jdk.internal.misc.Unsafe.park(Native Method)
        at java.base@21.0.6/java.util.concurrent.locks.LockSupport.park(LockSupport.java:371)
        at java.base@21.0.6/java.util.concurrent.locks.AbstractQueuedSynchronizer$ConditionNode.block(AbstractQueuedSynchronizer.java:519)
        at java.base@21.0.6/java.util.concurrent.ForkJoinPool.unmanagedBlock(ForkJoinPool.java:3780)
        at java.base@21.0.6/java.util.concurrent.ForkJoinPool.managedBlock(ForkJoinPool.java:3725)
        at java.base@21.0.6/java.util.concurrent.locks.AbstractQueuedSynchronizer$ConditionObject.await(AbstractQueuedSynchronizer.java:1712)
        at java.base@21.0.6/java.util.concurrent.LinkedBlockingQueue.take(LinkedBlockingQueue.java:435)
        at java.base@21.0.6/java.util.concurrent.ThreadPoolExecutor.getTask(ThreadPoolExecutor.java:1070)
        at java.base@21.0.6/java.util.concurrent.ThreadPoolExecutor.runWorker(ThreadPoolExecutor.java:1130)
        at java.base@21.0.6/java.util.concurrent.ThreadPoolExecutor$Worker.run(ThreadPoolExecutor.java:642)
        at java.base@21.0.6/java.lang.Thread.runWith(Thread.java:1596)
        at java.base@21.0.6/java.lang.Thread.run(Thread.java:1583)
"IPC Server handler 44 on default port 15000" daemon prio=5 tid=162 timed_waiting
java.lang.Thread.State: TIMED_WAITING
        at java.base@21.0.6/jdk.internal.misc.Unsafe.park(Native Method)
        at java.base@21.0.6/java.util.concurrent.locks.LockSupport.parkNanos(LockSupport.java:269)
        at java.base@21.0.6/java.util.concurrent.locks.AbstractQueuedSynchronizer$ConditionObject.awaitNanos(AbstractQueuedSynchronizer.java:1763)
        at java.base@21.0.6/java.util.concurrent.LinkedBlockingQueue.poll(LinkedBlockingQueue.java:460)
        at app//org.apache.hadoop.ipc.CallQueueManager.take(CallQueueManager.java:370)
        at app//org.apache.hadoop.ipc.Server$Handler.run(Server.java:3165)
"d6a19b8b-82a2-4947-8b44-7228be6ad053-groupManagement"  prio=5 tid=943 in Object.wait()
java.lang.Thread.State: WAITING (on object monitor)
        at java.base@21.0.6/jdk.internal.misc.Unsafe.park(Native Method)
        at java.base@21.0.6/java.util.concurrent.locks.LockSupport.park(LockSupport.java:371)
        at java.base@21.0.6/java.util.concurrent.locks.AbstractQueuedSynchronizer$ConditionNode.block(AbstractQueuedSynchronizer.java:519)
        at java.base@21.0.6/java.util.concurrent.ForkJoinPool.unmanagedBlock(ForkJoinPool.java:3780)
        at java.base@21.0.6/java.util.concurrent.ForkJoinPool.managedBlock(ForkJoinPool.java:3725)
        at java.base@21.0.6/java.util.concurrent.locks.AbstractQueuedSynchronizer$ConditionObject.await(AbstractQueuedSynchronizer.java:1712)
        at java.base@21.0.6/java.util.concurrent.LinkedBlockingQueue.take(LinkedBlockingQueue.java:435)
        at java.base@21.0.6/java.util.concurrent.ThreadPoolExecutor.getTask(ThreadPoolExecutor.java:1070)
        at java.base@21.0.6/java.util.concurrent.ThreadPoolExecutor.runWorker(ThreadPoolExecutor.java:1130)
        at java.base@21.0.6/java.util.concurrent.ThreadPoolExecutor$Worker.run(ThreadPoolExecutor.java:642)
        at java.base@21.0.6/java.lang.Thread.runWith(Thread.java:1596)
        at java.base@21.0.6/java.lang.Thread.run(Thread.java:1583)
"IPC Server handler 62 on default port 15000" daemon prio=5 tid=180 timed_waiting
java.lang.Thread.State: TIMED_WAITING
        at java.base@21.0.6/jdk.internal.misc.Unsafe.park(Native Method)
        at java.base@21.0.6/java.util.concurrent.locks.LockSupport.parkNanos(LockSupport.java:269)
        at java.base@21.0.6/java.util.concurrent.locks.AbstractQueuedSynchronizer$ConditionObject.awaitNanos(AbstractQueuedSynchronizer.java:1763)
        at java.base@21.0.6/java.util.concurrent.LinkedBlockingQueue.poll(LinkedBlockingQueue.java:460)
        at app//org.apache.hadoop.ipc.CallQueueManager.take(CallQueueManager.java:370)
        at app//org.apache.hadoop.ipc.Server$Handler.run(Server.java:3165)
"FixedThreadPoolWithAffinityExecutor-6-0" daemon prio=5 tid=107 timed_waiting
java.lang.Thread.State: TIMED_WAITING
        at java.base@21.0.6/jdk.internal.misc.Unsafe.park(Native Method)
        at java.base@21.0.6/java.util.concurrent.locks.LockSupport.parkNanos(LockSupport.java:269)
        at java.base@21.0.6/java.util.concurrent.locks.AbstractQueuedSynchronizer$ConditionObject.awaitNanos(AbstractQueuedSynchronizer.java:1763)
        at java.base@21.0.6/java.util.concurrent.LinkedBlockingQueue.poll(LinkedBlockingQueue.java:460)
        at app//org.apache.hadoop.hdds.scm.server.ContainerReportQueue.poll(ContainerReportQueue.java:269)
        at app//org.apache.hadoop.hdds.scm.server.ContainerReportQueue.poll(ContainerReportQueue.java:42)
        at app//org.apache.hadoop.hdds.server.events.FixedThreadPoolWithAffinityExecutor$ContainerReportProcessTask.run(FixedThreadPoolWithAffinityExecutor.java:254)
        at java.base@21.0.6/java.util.concurrent.Executors$RunnableAdapter.call(Executors.java:572)
        at java.base@21.0.6/java.util.concurrent.FutureTask.run(FutureTask.java:317)
        at java.base@21.0.6/java.util.concurrent.ThreadPoolExecutor.runWorker(ThreadPoolExecutor.java:1144)
        at java.base@21.0.6/java.util.concurrent.ThreadPoolExecutor$Worker.run(ThreadPoolExecutor.java:642)
        at java.base@21.0.6/java.lang.Thread.runWith(Thread.java:1596)
        at java.base@21.0.6/java.lang.Thread.run(Thread.java:1583)
"93cc9901-be1a-45f5-9681-0d93e627c426-DataNodeDiskCheckerThread-1" daemon prio=5 tid=730 timed_waiting
java.lang.Thread.State: TIMED_WAITING
        at java.base@21.0.6/jdk.internal.misc.Unsafe.park(Native Method)
        at java.base@21.0.6/java.util.concurrent.locks.LockSupport.parkNanos(LockSupport.java:410)
        at java.base@21.0.6/java.util.concurrent.LinkedTransferQueue$DualNode.await(LinkedTransferQueue.java:452)
        at java.base@21.0.6/java.util.concurrent.SynchronousQueue$Transferer.xferLifo(SynchronousQueue.java:194)
        at java.base@21.0.6/java.util.concurrent.SynchronousQueue.xfer(SynchronousQueue.java:235)
        at java.base@21.0.6/java.util.concurrent.SynchronousQueue.poll(SynchronousQueue.java:338)
        at java.base@21.0.6/java.util.concurrent.ThreadPoolExecutor.getTask(ThreadPoolExecutor.java:1069)
        at java.base@21.0.6/java.util.concurrent.ThreadPoolExecutor.runWorker(ThreadPoolExecutor.java:1130)
        at java.base@21.0.6/java.util.concurrent.ThreadPoolExecutor$Worker.run(ThreadPoolExecutor.java:642)
        at java.base@21.0.6/java.lang.Thread.runWith(Thread.java:1596)
        at java.base@21.0.6/java.lang.Thread.run(Thread.java:1583)
"4a3059aa-ae89-4e47-8f1e-08d61ab31d43-DatanodeStateMachineTaskThread-1"  prio=5 tid=833 in Object.wait()
java.lang.Thread.State: WAITING (on object monitor)
        at java.base@21.0.6/jdk.internal.misc.Unsafe.park(Native Method)
        at java.base@21.0.6/java.util.concurrent.locks.LockSupport.park(LockSupport.java:371)
        at java.base@21.0.6/java.util.concurrent.locks.AbstractQueuedSynchronizer$ConditionNode.block(AbstractQueuedSynchronizer.java:519)
        at java.base@21.0.6/java.util.concurrent.ForkJoinPool.unmanagedBlock(ForkJoinPool.java:3780)
        at java.base@21.0.6/java.util.concurrent.ForkJoinPool.managedBlock(ForkJoinPool.java:3725)
        at java.base@21.0.6/java.util.concurrent.locks.AbstractQueuedSynchronizer$ConditionObject.await(AbstractQueuedSynchronizer.java:1712)
        at java.base@21.0.6/java.util.concurrent.LinkedBlockingQueue.take(LinkedBlockingQueue.java:435)
        at java.base@21.0.6/java.util.concurrent.ThreadPoolExecutor.getTask(ThreadPoolExecutor.java:1070)
        at java.base@21.0.6/java.util.concurrent.ThreadPoolExecutor.runWorker(ThreadPoolExecutor.java:1130)
        at java.base@21.0.6/java.util.concurrent.ThreadPoolExecutor$Worker.run(ThreadPoolExecutor.java:642)
        at java.base@21.0.6/java.lang.Thread.runWith(Thread.java:1596)
        at java.base@21.0.6/java.lang.Thread.run(Thread.java:1583)
"StaleRecoveringContainerScrubbingService#1" daemon prio=5 tid=830 in Object.wait()
java.lang.Thread.State: WAITING (on object monitor)
        at java.base@21.0.6/jdk.internal.misc.Unsafe.park(Native Method)
        at java.base@21.0.6/java.util.concurrent.locks.LockSupport.park(LockSupport.java:371)
        at java.base@21.0.6/java.util.concurrent.locks.AbstractQueuedSynchronizer$ConditionNode.block(AbstractQueuedSynchronizer.java:519)
        at java.base@21.0.6/java.util.concurrent.ForkJoinPool.unmanagedBlock(ForkJoinPool.java:3780)
        at java.base@21.0.6/java.util.concurrent.ForkJoinPool.managedBlock(ForkJoinPool.java:3725)
        at java.base@21.0.6/java.util.concurrent.locks.AbstractQueuedSynchronizer$ConditionObject.await(AbstractQueuedSynchronizer.java:1712)
        at java.base@21.0.6/java.util.concurrent.ScheduledThreadPoolExecutor$DelayedWorkQueue.take(ScheduledThreadPoolExecutor.java:1177)
        at java.base@21.0.6/java.util.concurrent.ScheduledThreadPoolExecutor$DelayedWorkQueue.take(ScheduledThreadPoolExecutor.java:899)
        at java.base@21.0.6/java.util.concurrent.ThreadPoolExecutor.getTask(ThreadPoolExecutor.java:1070)
        at java.base@21.0.6/java.util.concurrent.ThreadPoolExecutor.runWorker(ThreadPoolExecutor.java:1130)
        at java.base@21.0.6/java.util.concurrent.ThreadPoolExecutor$Worker.run(ThreadPoolExecutor.java:642)
        at java.base@21.0.6/java.lang.Thread.runWith(Thread.java:1596)
        at java.base@21.0.6/java.lang.Thread.run(Thread.java:1583)
"IPC Server handler 55 on default port 15001" daemon prio=5 tid=273 timed_waiting
java.lang.Thread.State: TIMED_WAITING
        at java.base@21.0.6/jdk.internal.misc.Unsafe.park(Native Method)
        at java.base@21.0.6/java.util.concurrent.locks.LockSupport.parkNanos(LockSupport.java:269)
        at java.base@21.0.6/java.util.concurrent.locks.AbstractQueuedSynchronizer$ConditionObject.awaitNanos(AbstractQueuedSynchronizer.java:1763)
        at java.base@21.0.6/java.util.concurrent.LinkedBlockingQueue.poll(LinkedBlockingQueue.java:460)
        at app//org.apache.hadoop.ipc.CallQueueManager.take(CallQueueManager.java:370)
        at app//org.apache.hadoop.ipc.Server$Handler.run(Server.java:3165)
"IPC Server handler 78 on default port 15002" daemon prio=5 tid=414 timed_waiting
java.lang.Thread.State: TIMED_WAITING
        at java.base@21.0.6/jdk.internal.misc.Unsafe.park(Native Method)
        at java.base@21.0.6/java.util.concurrent.locks.LockSupport.parkNanos(LockSupport.java:269)
        at java.base@21.0.6/java.util.concurrent.locks.AbstractQueuedSynchronizer$ConditionObject.awaitNanos(AbstractQueuedSynchronizer.java:1763)
        at java.base@21.0.6/java.util.concurrent.LinkedBlockingQueue.poll(LinkedBlockingQueue.java:460)
        at app//org.apache.hadoop.ipc.CallQueueManager.take(CallQueueManager.java:370)
        at app//org.apache.hadoop.ipc.Server$Handler.run(Server.java:3165)
"grpc-default-executor-6" daemon prio=5 tid=1039 timed_waiting
java.lang.Thread.State: TIMED_WAITING
        at java.base@21.0.6/jdk.internal.misc.Unsafe.park(Native Method)
        at java.base@21.0.6/java.util.concurrent.locks.LockSupport.parkNanos(LockSupport.java:410)
        at java.base@21.0.6/java.util.concurrent.LinkedTransferQueue$DualNode.await(LinkedTransferQueue.java:452)
        at java.base@21.0.6/java.util.concurrent.SynchronousQueue$Transferer.xferLifo(SynchronousQueue.java:194)
        at java.base@21.0.6/java.util.concurrent.SynchronousQueue.xfer(SynchronousQueue.java:235)
        at java.base@21.0.6/java.util.concurrent.SynchronousQueue.poll(SynchronousQueue.java:338)
        at java.base@21.0.6/java.util.concurrent.ThreadPoolExecutor.getTask(ThreadPoolExecutor.java:1069)
        at java.base@21.0.6/java.util.concurrent.ThreadPoolExecutor.runWorker(ThreadPoolExecutor.java:1130)
        at java.base@21.0.6/java.util.concurrent.ThreadPoolExecutor$Worker.run(ThreadPoolExecutor.java:642)
        at java.base@21.0.6/java.lang.Thread.runWith(Thread.java:1596)
        at java.base@21.0.6/java.lang.Thread.run(Thread.java:1583)
"IPC Server handler 93 on default port 15002" daemon prio=5 tid=429 timed_waiting
java.lang.Thread.State: TIMED_WAITING
        at java.base@21.0.6/jdk.internal.misc.Unsafe.park(Native Method)
        at java.base@21.0.6/java.util.concurrent.locks.LockSupport.parkNanos(LockSupport.java:269)
        at java.base@21.0.6/java.util.concurrent.locks.AbstractQueuedSynchronizer$ConditionObject.awaitNanos(AbstractQueuedSynchronizer.java:1763)
        at java.base@21.0.6/java.util.concurrent.LinkedBlockingQueue.poll(LinkedBlockingQueue.java:460)
        at app//org.apache.hadoop.ipc.CallQueueManager.take(CallQueueManager.java:370)
        at app//org.apache.hadoop.ipc.Server$Handler.run(Server.java:3165)
"IPC Server handler 4 on default port 15035" daemon prio=5 tid=711 timed_waiting
java.lang.Thread.State: TIMED_WAITING
        at java.base@21.0.6/jdk.internal.misc.Unsafe.park(Native Method)
        at java.base@21.0.6/java.util.concurrent.locks.LockSupport.parkNanos(LockSupport.java:269)
        at java.base@21.0.6/java.util.concurrent.locks.AbstractQueuedSynchronizer$ConditionObject.awaitNanos(AbstractQueuedSynchronizer.java:1763)
        at java.base@21.0.6/java.util.concurrent.LinkedBlockingQueue.poll(LinkedBlockingQueue.java:460)
        at app//org.apache.hadoop.ipc.CallQueueManager.take(CallQueueManager.java:370)
        at app//org.apache.hadoop.ipc.Server$Handler.run(Server.java:3165)
"Socket Reader #3 for port 15019"  prio=5 tid=580 runnable
java.lang.Thread.State: RUNNABLE
        at java.base@21.0.6/sun.nio.ch.EPoll.wait(Native Method)
        at java.base@21.0.6/sun.nio.ch.EPollSelectorImpl.doSelect(EPollSelectorImpl.java:121)
        at java.base@21.0.6/sun.nio.ch.SelectorImpl.lockAndDoSelect(SelectorImpl.java:130)
        at java.base@21.0.6/sun.nio.ch.SelectorImpl.select(SelectorImpl.java:147)
        at app//org.apache.hadoop.ipc.Server$Listener$Reader.doRunLoop(Server.java:1497)
        at app//org.apache.hadoop.ipc.Server$Listener$Reader.run(Server.java:1476)
"IPC Server handler 40 on default port 15002" daemon prio=5 tid=376 timed_waiting
java.lang.Thread.State: TIMED_WAITING
        at java.base@21.0.6/jdk.internal.misc.Unsafe.park(Native Method)
        at java.base@21.0.6/java.util.concurrent.locks.LockSupport.parkNanos(LockSupport.java:269)
        at java.base@21.0.6/java.util.concurrent.locks.AbstractQueuedSynchronizer$ConditionObject.awaitNanos(AbstractQueuedSynchronizer.java:1763)
        at java.base@21.0.6/java.util.concurrent.LinkedBlockingQueue.poll(LinkedBlockingQueue.java:460)
        at app//org.apache.hadoop.ipc.CallQueueManager.take(CallQueueManager.java:370)
        at app//org.apache.hadoop.ipc.Server$Handler.run(Server.java:3165)
"d6a19b8b-82a2-4947-8b44-7228be6ad053-NettyServerStreamRpc-bossGroup--thread1"  prio=5 tid=662 runnable
java.lang.Thread.State: RUNNABLE
        at app//org.apache.ratis.thirdparty.io.netty.channel.epoll.Native.epollWait(Native Method)
        at app//org.apache.ratis.thirdparty.io.netty.channel.epoll.Native.epollWait(Native.java:220)
        at app//org.apache.ratis.thirdparty.io.netty.channel.epoll.Native.epollWait(Native.java:213)
        at app//org.apache.ratis.thirdparty.io.netty.channel.epoll.EpollEventLoop.epollWaitNoTimerChange(EpollEventLoop.java:308)
        at app//org.apache.ratis.thirdparty.io.netty.channel.epoll.EpollEventLoop.run(EpollEventLoop.java:365)
        at app//org.apache.ratis.thirdparty.io.netty.util.concurrent.SingleThreadEventExecutor$4.run(SingleThreadEventExecutor.java:997)
        at app//org.apache.ratis.thirdparty.io.netty.util.internal.ThreadExecutorMap$2.run(ThreadExecutorMap.java:74)
        at java.base@21.0.6/java.lang.Thread.runWith(Thread.java:1596)
        at java.base@21.0.6/java.lang.Thread.run(Thread.java:1583)
"Socket Reader #9 for port 15002"  prio=5 tid=68 runnable
java.lang.Thread.State: RUNNABLE
        at java.base@21.0.6/sun.nio.ch.EPoll.wait(Native Method)
        at java.base@21.0.6/sun.nio.ch.EPollSelectorImpl.doSelect(EPollSelectorImpl.java:121)
        at java.base@21.0.6/sun.nio.ch.SelectorImpl.lockAndDoSelect(SelectorImpl.java:130)
        at java.base@21.0.6/sun.nio.ch.SelectorImpl.select(SelectorImpl.java:147)
        at app//org.apache.hadoop.ipc.Server$Listener$Reader.doRunLoop(Server.java:1497)
        at app//org.apache.hadoop.ipc.Server$Listener$Reader.run(Server.java:1476)
"IPC Server handler 16 on default port 15002" daemon prio=5 tid=352 timed_waiting
java.lang.Thread.State: TIMED_WAITING
        at java.base@21.0.6/jdk.internal.misc.Unsafe.park(Native Method)
        at java.base@21.0.6/java.util.concurrent.locks.LockSupport.parkNanos(LockSupport.java:269)
        at java.base@21.0.6/java.util.concurrent.locks.AbstractQueuedSynchronizer$ConditionObject.awaitNanos(AbstractQueuedSynchronizer.java:1763)
        at java.base@21.0.6/java.util.concurrent.LinkedBlockingQueue.poll(LinkedBlockingQueue.java:460)
        at app//org.apache.hadoop.ipc.CallQueueManager.take(CallQueueManager.java:370)
        at app//org.apache.hadoop.ipc.Server$Handler.run(Server.java:3165)
"Socket Reader #7 for port 15043"  prio=5 tid=772 runnable
java.lang.Thread.State: RUNNABLE
        at java.base@21.0.6/sun.nio.ch.EPoll.wait(Native Method)
        at java.base@21.0.6/sun.nio.ch.EPollSelectorImpl.doSelect(EPollSelectorImpl.java:121)
        at java.base@21.0.6/sun.nio.ch.SelectorImpl.lockAndDoSelect(SelectorImpl.java:130)
        at java.base@21.0.6/sun.nio.ch.SelectorImpl.select(SelectorImpl.java:147)
        at app//org.apache.hadoop.ipc.Server$Listener$Reader.doRunLoop(Server.java:1497)
        at app//org.apache.hadoop.ipc.Server$Listener$Reader.run(Server.java:1476)
"Socket Reader #9 for port 15006"  prio=5 tid=456 runnable
java.lang.Thread.State: RUNNABLE
        at java.base@21.0.6/sun.nio.ch.EPoll.wait(Native Method)
        at java.base@21.0.6/sun.nio.ch.EPollSelectorImpl.doSelect(EPollSelectorImpl.java:121)
        at java.base@21.0.6/sun.nio.ch.SelectorImpl.lockAndDoSelect(SelectorImpl.java:130)
        at java.base@21.0.6/sun.nio.ch.SelectorImpl.select(SelectorImpl.java:147)
        at app//org.apache.hadoop.ipc.Server$Listener$Reader.doRunLoop(Server.java:1497)
        at app//org.apache.hadoop.ipc.Server$Listener$Reader.run(Server.java:1476)
"IPC Server handler 68 on default port 15002" daemon prio=5 tid=404 timed_waiting
java.lang.Thread.State: TIMED_WAITING
        at java.base@21.0.6/jdk.internal.misc.Unsafe.park(Native Method)
        at java.base@21.0.6/java.util.concurrent.locks.LockSupport.parkNanos(LockSupport.java:269)
        at java.base@21.0.6/java.util.concurrent.locks.AbstractQueuedSynchronizer$ConditionObject.awaitNanos(AbstractQueuedSynchronizer.java:1763)
        at java.base@21.0.6/java.util.concurrent.LinkedBlockingQueue.poll(LinkedBlockingQueue.java:460)
        at app//org.apache.hadoop.ipc.CallQueueManager.take(CallQueueManager.java:370)
        at app//org.apache.hadoop.ipc.Server$Handler.run(Server.java:3165)
"93cc9901-be1a-45f5-9681-0d93e627c426@group-47CB1C91F82B-LeaderStateImpl" daemon prio=5 tid=973 timed_waiting
java.lang.Thread.State: TIMED_WAITING
        at java.base@21.0.6/jdk.internal.misc.Unsafe.park(Native Method)
        at java.base@21.0.6/java.util.concurrent.locks.LockSupport.parkNanos(LockSupport.java:269)
        at java.base@21.0.6/java.util.concurrent.locks.AbstractQueuedSynchronizer$ConditionObject.awaitNanos(AbstractQueuedSynchronizer.java:1763)
        at java.base@21.0.6/java.util.concurrent.ArrayBlockingQueue.poll(ArrayBlockingQueue.java:435)
        at app//org.apache.ratis.server.impl.LeaderStateImpl$EventQueue.poll(LeaderStateImpl.java:164)
        at app//org.apache.ratis.server.impl.LeaderStateImpl$EventProcessor.run(LeaderStateImpl.java:763)
"qtp2049070779-754" daemon prio=5 tid=754 timed_waiting
java.lang.Thread.State: TIMED_WAITING
        at java.base@21.0.6/jdk.internal.misc.Unsafe.park(Native Method)
        at java.base@21.0.6/java.util.concurrent.locks.LockSupport.parkNanos(LockSupport.java:269)
        at java.base@21.0.6/java.util.concurrent.locks.AbstractQueuedSynchronizer$ConditionObject.awaitNanos(AbstractQueuedSynchronizer.java:1763)
        at app//org.eclipse.jetty.util.BlockingArrayQueue.poll(BlockingArrayQueue.java:382)
        at app//org.eclipse.jetty.util.thread.QueuedThreadPool$Runner.idleJobPoll(QueuedThreadPool.java:974)
        at app//org.eclipse.jetty.util.thread.QueuedThreadPool$Runner.run(QueuedThreadPool.java:1018)
        at java.base@21.0.6/java.lang.Thread.runWith(Thread.java:1596)
        at java.base@21.0.6/java.lang.Thread.run(Thread.java:1583)
"Socket Reader #4 for port 15019"  prio=5 tid=581 runnable
java.lang.Thread.State: RUNNABLE
        at java.base@21.0.6/sun.nio.ch.EPoll.wait(Native Method)
        at java.base@21.0.6/sun.nio.ch.EPollSelectorImpl.doSelect(EPollSelectorImpl.java:121)
        at java.base@21.0.6/sun.nio.ch.SelectorImpl.lockAndDoSelect(SelectorImpl.java:130)
        at java.base@21.0.6/sun.nio.ch.SelectorImpl.select(SelectorImpl.java:147)
        at app//org.apache.hadoop.ipc.Server$Listener$Reader.doRunLoop(Server.java:1497)
        at app//org.apache.hadoop.ipc.Server$Listener$Reader.run(Server.java:1476)
"IPC Server handler 8 on default port 15043" daemon prio=5 tid=791 timed_waiting
java.lang.Thread.State: TIMED_WAITING
        at java.base@21.0.6/jdk.internal.misc.Unsafe.park(Native Method)
        at java.base@21.0.6/java.util.concurrent.locks.LockSupport.parkNanos(LockSupport.java:269)
        at java.base@21.0.6/java.util.concurrent.locks.AbstractQueuedSynchronizer$ConditionObject.awaitNanos(AbstractQueuedSynchronizer.java:1763)
        at java.base@21.0.6/java.util.concurrent.LinkedBlockingQueue.poll(LinkedBlockingQueue.java:460)
        at app//org.apache.hadoop.ipc.CallQueueManager.take(CallQueueManager.java:370)
        at app//org.apache.hadoop.ipc.Server$Handler.run(Server.java:3165)
"Hadoop-Metrics-Updater-0" daemon prio=5 tid=636 timed_waiting
java.lang.Thread.State: TIMED_WAITING
        at java.base@21.0.6/jdk.internal.misc.Unsafe.park(Native Method)
        at java.base@21.0.6/java.util.concurrent.locks.LockSupport.parkNanos(LockSupport.java:269)
        at java.base@21.0.6/java.util.concurrent.locks.AbstractQueuedSynchronizer$ConditionObject.awaitNanos(AbstractQueuedSynchronizer.java:1763)
        at java.base@21.0.6/java.util.concurrent.ScheduledThreadPoolExecutor$DelayedWorkQueue.take(ScheduledThreadPoolExecutor.java:1182)
        at java.base@21.0.6/java.util.concurrent.ScheduledThreadPoolExecutor$DelayedWorkQueue.take(ScheduledThreadPoolExecutor.java:899)
        at java.base@21.0.6/java.util.concurrent.ThreadPoolExecutor.getTask(ThreadPoolExecutor.java:1070)
        at java.base@21.0.6/java.util.concurrent.ThreadPoolExecutor.runWorker(ThreadPoolExecutor.java:1130)
        at java.base@21.0.6/java.util.concurrent.ThreadPoolExecutor$Worker.run(ThreadPoolExecutor.java:642)
        at java.base@21.0.6/java.lang.Thread.runWith(Thread.java:1596)
        at java.base@21.0.6/java.lang.Thread.run(Thread.java:1583)
"Socket Reader #3 for port 15035"  prio=5 tid=696 runnable
java.lang.Thread.State: RUNNABLE
        at java.base@21.0.6/sun.nio.ch.EPoll.wait(Native Method)
        at java.base@21.0.6/sun.nio.ch.EPollSelectorImpl.doSelect(EPollSelectorImpl.java:121)
        at java.base@21.0.6/sun.nio.ch.SelectorImpl.lockAndDoSelect(SelectorImpl.java:130)
        at java.base@21.0.6/sun.nio.ch.SelectorImpl.select(SelectorImpl.java:147)
        at app//org.apache.hadoop.ipc.Server$Listener$Reader.doRunLoop(Server.java:1497)
        at app//org.apache.hadoop.ipc.Server$Listener$Reader.run(Server.java:1476)
"IPC Server handler 5 on default port 15043" daemon prio=5 tid=788 timed_waiting
java.lang.Thread.State: TIMED_WAITING
        at java.base@21.0.6/jdk.internal.misc.Unsafe.park(Native Method)
        at java.base@21.0.6/java.util.concurrent.locks.LockSupport.parkNanos(LockSupport.java:269)
        at java.base@21.0.6/java.util.concurrent.locks.AbstractQueuedSynchronizer$ConditionObject.awaitNanos(AbstractQueuedSynchronizer.java:1763)
        at java.base@21.0.6/java.util.concurrent.LinkedBlockingQueue.poll(LinkedBlockingQueue.java:460)
        at app//org.apache.hadoop.ipc.CallQueueManager.take(CallQueueManager.java:370)
        at app//org.apache.hadoop.ipc.Server$Handler.run(Server.java:3165)
"IPC Server handler 7 on default port 15035" daemon prio=5 tid=714 timed_waiting
java.lang.Thread.State: TIMED_WAITING
        at java.base@21.0.6/jdk.internal.misc.Unsafe.park(Native Method)
        at java.base@21.0.6/java.util.concurrent.locks.LockSupport.parkNanos(LockSupport.java:269)
        at java.base@21.0.6/java.util.concurrent.locks.AbstractQueuedSynchronizer$ConditionObject.awaitNanos(AbstractQueuedSynchronizer.java:1763)
        at java.base@21.0.6/java.util.concurrent.LinkedBlockingQueue.poll(LinkedBlockingQueue.java:460)
        at app//org.apache.hadoop.ipc.CallQueueManager.take(CallQueueManager.java:370)
        at app//org.apache.hadoop.ipc.Server$Handler.run(Server.java:3165)
"IPC Server handler 31 on default port 15001" daemon prio=5 tid=249 timed_waiting
java.lang.Thread.State: TIMED_WAITING
        at java.base@21.0.6/jdk.internal.misc.Unsafe.park(Native Method)
        at java.base@21.0.6/java.util.concurrent.locks.LockSupport.parkNanos(LockSupport.java:269)
        at java.base@21.0.6/java.util.concurrent.locks.AbstractQueuedSynchronizer$ConditionObject.awaitNanos(AbstractQueuedSynchronizer.java:1763)
        at java.base@21.0.6/java.util.concurrent.LinkedBlockingQueue.poll(LinkedBlockingQueue.java:460)
        at app//org.apache.hadoop.ipc.CallQueueManager.take(CallQueueManager.java:370)
        at app//org.apache.hadoop.ipc.Server$Handler.run(Server.java:3165)
"FixedThreadPoolWithAffinityExecutor-0-0" daemon prio=5 tid=101 timed_waiting
java.lang.Thread.State: TIMED_WAITING
        at java.base@21.0.6/jdk.internal.misc.Unsafe.park(Native Method)
        at java.base@21.0.6/java.util.concurrent.locks.LockSupport.parkNanos(LockSupport.java:269)
        at java.base@21.0.6/java.util.concurrent.locks.AbstractQueuedSynchronizer$ConditionObject.awaitNanos(AbstractQueuedSynchronizer.java:1763)
        at java.base@21.0.6/java.util.concurrent.LinkedBlockingQueue.poll(LinkedBlockingQueue.java:460)
        at app//org.apache.hadoop.hdds.scm.server.ContainerReportQueue.poll(ContainerReportQueue.java:269)
        at app//org.apache.hadoop.hdds.scm.server.ContainerReportQueue.poll(ContainerReportQueue.java:42)
        at app//org.apache.hadoop.hdds.server.events.FixedThreadPoolWithAffinityExecutor$ContainerReportProcessTask.run(FixedThreadPoolWithAffinityExecutor.java:254)
        at java.base@21.0.6/java.util.concurrent.Executors$RunnableAdapter.call(Executors.java:572)
        at java.base@21.0.6/java.util.concurrent.FutureTask.run(FutureTask.java:317)
        at java.base@21.0.6/java.util.concurrent.ThreadPoolExecutor.runWorker(ThreadPoolExecutor.java:1144)
        at java.base@21.0.6/java.util.concurrent.ThreadPoolExecutor$Worker.run(ThreadPoolExecutor.java:642)
        at java.base@21.0.6/java.lang.Thread.runWith(Thread.java:1596)
        at java.base@21.0.6/java.lang.Thread.run(Thread.java:1583)
"IPC Server handler 56 on default port 15001" daemon prio=5 tid=274 timed_waiting
java.lang.Thread.State: TIMED_WAITING
        at java.base@21.0.6/jdk.internal.misc.Unsafe.park(Native Method)
        at java.base@21.0.6/java.util.concurrent.locks.LockSupport.parkNanos(LockSupport.java:269)
        at java.base@21.0.6/java.util.concurrent.locks.AbstractQueuedSynchronizer$ConditionObject.awaitNanos(AbstractQueuedSynchronizer.java:1763)
        at java.base@21.0.6/java.util.concurrent.LinkedBlockingQueue.poll(LinkedBlockingQueue.java:460)
        at app//org.apache.hadoop.ipc.CallQueueManager.take(CallQueueManager.java:370)
        at app//org.apache.hadoop.ipc.Server$Handler.run(Server.java:3165)
"IPC Server handler 3 on default port 15027" daemon prio=5 tid=640 timed_waiting
java.lang.Thread.State: TIMED_WAITING
        at java.base@21.0.6/jdk.internal.misc.Unsafe.park(Native Method)
        at java.base@21.0.6/java.util.concurrent.locks.LockSupport.parkNanos(LockSupport.java:269)
        at java.base@21.0.6/java.util.concurrent.locks.AbstractQueuedSynchronizer$ConditionObject.awaitNanos(AbstractQueuedSynchronizer.java:1763)
        at java.base@21.0.6/java.util.concurrent.LinkedBlockingQueue.poll(LinkedBlockingQueue.java:460)
        at app//org.apache.hadoop.ipc.CallQueueManager.take(CallQueueManager.java:370)
        at app//org.apache.hadoop.ipc.Server$Handler.run(Server.java:3165)
"IPC Server handler 47 on default port 15000" daemon prio=5 tid=165 timed_waiting
java.lang.Thread.State: TIMED_WAITING
        at java.base@21.0.6/jdk.internal.misc.Unsafe.park(Native Method)
        at java.base@21.0.6/java.util.concurrent.locks.LockSupport.parkNanos(LockSupport.java:269)
        at java.base@21.0.6/java.util.concurrent.locks.AbstractQueuedSynchronizer$ConditionObject.awaitNanos(AbstractQueuedSynchronizer.java:1763)
        at java.base@21.0.6/java.util.concurrent.LinkedBlockingQueue.poll(LinkedBlockingQueue.java:460)
        at app//org.apache.hadoop.ipc.CallQueueManager.take(CallQueueManager.java:370)
        at app//org.apache.hadoop.ipc.Server$Handler.run(Server.java:3165)
"grpc-default-boss-ELG-1-1" daemon prio=5 tid=42 runnable
java.lang.Thread.State: RUNNABLE
        at app//org.apache.ratis.thirdparty.io.netty.channel.epoll.Native.epollWait(Native Method)
        at app//org.apache.ratis.thirdparty.io.netty.channel.epoll.Native.epollWait(Native.java:220)
        at app//org.apache.ratis.thirdparty.io.netty.channel.epoll.Native.epollWait(Native.java:213)
        at app//org.apache.ratis.thirdparty.io.netty.channel.epoll.EpollEventLoop.epollWaitNoTimerChange(EpollEventLoop.java:308)
        at app//org.apache.ratis.thirdparty.io.netty.channel.epoll.EpollEventLoop.run(EpollEventLoop.java:365)
        at app//org.apache.ratis.thirdparty.io.netty.util.concurrent.SingleThreadEventExecutor$4.run(SingleThreadEventExecutor.java:997)
        at app//org.apache.ratis.thirdparty.io.netty.util.internal.ThreadExecutorMap$2.run(ThreadExecutorMap.java:74)
        at app//org.apache.ratis.thirdparty.io.netty.util.concurrent.FastThreadLocalRunnable.run(FastThreadLocalRunnable.java:30)
        at java.base@21.0.6/java.lang.Thread.runWith(Thread.java:1596)
        at java.base@21.0.6/java.lang.Thread.run(Thread.java:1583)
"IPC Server handler 87 on default port 15001" daemon prio=5 tid=305 timed_waiting
java.lang.Thread.State: TIMED_WAITING
        at java.base@21.0.6/jdk.internal.misc.Unsafe.park(Native Method)
        at java.base@21.0.6/java.util.concurrent.locks.LockSupport.parkNanos(LockSupport.java:269)
        at java.base@21.0.6/java.util.concurrent.locks.AbstractQueuedSynchronizer$ConditionObject.awaitNanos(AbstractQueuedSynchronizer.java:1763)
        at java.base@21.0.6/java.util.concurrent.LinkedBlockingQueue.poll(LinkedBlockingQueue.java:460)
        at app//org.apache.hadoop.ipc.CallQueueManager.take(CallQueueManager.java:370)
        at app//org.apache.hadoop.ipc.Server$Handler.run(Server.java:3165)
"surefire-forkedjvm-command-thread" daemon prio=5 tid=25 runnable
java.lang.Thread.State: RUNNABLE
        at java.base@21.0.6/java.io.FileInputStream.readBytes(Native Method)
        at java.base@21.0.6/java.io.FileInputStream.read(FileInputStream.java:287)
        at java.base@21.0.6/java.io.BufferedInputStream.read1(BufferedInputStream.java:345)
        at java.base@21.0.6/java.io.BufferedInputStream.implRead(BufferedInputStream.java:420)
        at java.base@21.0.6/java.io.BufferedInputStream.read(BufferedInputStream.java:399)
        at java.base@21.0.6/java.io.BufferedInputStream.fill(BufferedInputStream.java:291)
        at java.base@21.0.6/java.io.BufferedInputStream.read1(BufferedInputStream.java:347)
        at java.base@21.0.6/java.io.BufferedInputStream.implRead(BufferedInputStream.java:420)
        at java.base@21.0.6/java.io.BufferedInputStream.read(BufferedInputStream.java:399)
        at app//org.apache.maven.surefire.api.util.internal.Channels$3.readImpl(Channels.java:169)
        at app//org.apache.maven.surefire.api.util.internal.AbstractNoninterruptibleReadableChannel.read(AbstractNoninterruptibleReadableChannel.java:50)
        at app//org.apache.maven.surefire.api.stream.AbstractStreamDecoder.read(AbstractStreamDecoder.java:430)
        at app//org.apache.maven.surefire.api.stream.AbstractStreamDecoder.read(AbstractStreamDecoder.java:419)
        at app//org.apache.maven.surefire.api.stream.AbstractStreamDecoder.readMessageType(AbstractStreamDecoder.java:116)
        at app//org.apache.maven.surefire.booter.stream.CommandDecoder.decode(CommandDecoder.java:77)
        at app//org.apache.maven.surefire.booter.spi.CommandChannelDecoder.decode(CommandChannelDecoder.java:60)
        at app//org.apache.maven.surefire.booter.CommandReader$CommandRunnable.run(CommandReader.java:290)
        at java.base@21.0.6/java.lang.Thread.runWith(Thread.java:1596)
        at java.base@21.0.6/java.lang.Thread.run(Thread.java:1583)
"IPC Server Responder" daemon prio=5 tid=635 runnable
java.lang.Thread.State: RUNNABLE
        at java.base@21.0.6/sun.nio.ch.EPoll.wait(Native Method)
        at java.base@21.0.6/sun.nio.ch.EPollSelectorImpl.doSelect(EPollSelectorImpl.java:121)
        at java.base@21.0.6/sun.nio.ch.SelectorImpl.lockAndDoSelect(SelectorImpl.java:130)
        at java.base@21.0.6/sun.nio.ch.SelectorImpl.select(SelectorImpl.java:142)
        at app//org.apache.hadoop.ipc.Server$Responder.doRunLoop(Server.java:1733)
        at app//org.apache.hadoop.ipc.Server$Responder.run(Server.java:1716)
"IPC Server handler 3 on default port 15043" daemon prio=5 tid=786 timed_waiting
java.lang.Thread.State: TIMED_WAITING
        at java.base@21.0.6/jdk.internal.misc.Unsafe.park(Native Method)
        at java.base@21.0.6/java.util.concurrent.locks.LockSupport.parkNanos(LockSupport.java:269)
        at java.base@21.0.6/java.util.concurrent.locks.AbstractQueuedSynchronizer$ConditionObject.awaitNanos(AbstractQueuedSynchronizer.java:1763)
        at java.base@21.0.6/java.util.concurrent.LinkedBlockingQueue.poll(LinkedBlockingQueue.java:460)
        at app//org.apache.hadoop.ipc.CallQueueManager.take(CallQueueManager.java:370)
        at app//org.apache.hadoop.ipc.Server$Handler.run(Server.java:3165)
"d6a19b8b-82a2-4947-8b44-7228be6ad053-BlockDeletingService#0" daemon prio=5 tid=827 timed_waiting
java.lang.Thread.State: TIMED_WAITING
        at java.base@21.0.6/jdk.internal.misc.Unsafe.park(Native Method)
        at java.base@21.0.6/java.util.concurrent.locks.LockSupport.parkNanos(LockSupport.java:269)
        at java.base@21.0.6/java.util.concurrent.locks.AbstractQueuedSynchronizer$ConditionObject.awaitNanos(AbstractQueuedSynchronizer.java:1763)
        at java.base@21.0.6/java.util.concurrent.ScheduledThreadPoolExecutor$DelayedWorkQueue.take(ScheduledThreadPoolExecutor.java:1182)
        at java.base@21.0.6/java.util.concurrent.ScheduledThreadPoolExecutor$DelayedWorkQueue.take(ScheduledThreadPoolExecutor.java:899)
        at java.base@21.0.6/java.util.concurrent.ThreadPoolExecutor.getTask(ThreadPoolExecutor.java:1070)
        at java.base@21.0.6/java.util.concurrent.ThreadPoolExecutor.runWorker(ThreadPoolExecutor.java:1130)
        at java.base@21.0.6/java.util.concurrent.ThreadPoolExecutor$Worker.run(ThreadPoolExecutor.java:642)
        at java.base@21.0.6/java.lang.Thread.runWith(Thread.java:1596)
        at java.base@21.0.6/java.lang.Thread.run(Thread.java:1583)
"IPC Server handler 60 on default port 15002" daemon prio=5 tid=396 timed_waiting
java.lang.Thread.State: TIMED_WAITING
        at java.base@21.0.6/jdk.internal.misc.Unsafe.park(Native Method)
        at java.base@21.0.6/java.util.concurrent.locks.LockSupport.parkNanos(LockSupport.java:269)
        at java.base@21.0.6/java.util.concurrent.locks.AbstractQueuedSynchronizer$ConditionObject.awaitNanos(AbstractQueuedSynchronizer.java:1763)
        at java.base@21.0.6/java.util.concurrent.LinkedBlockingQueue.poll(LinkedBlockingQueue.java:460)
        at app//org.apache.hadoop.ipc.CallQueueManager.take(CallQueueManager.java:370)
        at app//org.apache.hadoop.ipc.Server$Handler.run(Server.java:3165)
"EventQueue-DatanodeCommandForSCMNodeManager"  prio=5 tid=764 in Object.wait()
java.lang.Thread.State: WAITING (on object monitor)
        at java.base@21.0.6/jdk.internal.misc.Unsafe.park(Native Method)
        at java.base@21.0.6/java.util.concurrent.locks.LockSupport.park(LockSupport.java:371)
        at java.base@21.0.6/java.util.concurrent.locks.AbstractQueuedSynchronizer$ConditionNode.block(AbstractQueuedSynchronizer.java:519)
        at java.base@21.0.6/java.util.concurrent.ForkJoinPool.unmanagedBlock(ForkJoinPool.java:3780)
        at java.base@21.0.6/java.util.concurrent.ForkJoinPool.managedBlock(ForkJoinPool.java:3725)
        at java.base@21.0.6/java.util.concurrent.locks.AbstractQueuedSynchronizer$ConditionObject.await(AbstractQueuedSynchronizer.java:1712)
        at java.base@21.0.6/java.util.concurrent.LinkedBlockingQueue.take(LinkedBlockingQueue.java:435)
        at java.base@21.0.6/java.util.concurrent.ThreadPoolExecutor.getTask(ThreadPoolExecutor.java:1070)
        at java.base@21.0.6/java.util.concurrent.ThreadPoolExecutor.runWorker(ThreadPoolExecutor.java:1130)
        at java.base@21.0.6/java.util.concurrent.ThreadPoolExecutor$Worker.run(ThreadPoolExecutor.java:642)
        at java.base@21.0.6/java.lang.Thread.runWith(Thread.java:1596)
        at java.base@21.0.6/java.lang.Thread.run(Thread.java:1583)
"a6bf55e3-38e4-411e-ac0b-5acdb6a35656-ChunkReader-ELG-0" daemon prio=5 tid=807 runnable
java.lang.Thread.State: RUNNABLE
        at app//org.apache.ratis.thirdparty.io.netty.channel.epoll.Native.epollWait(Native Method)
        at app//org.apache.ratis.thirdparty.io.netty.channel.epoll.Native.epollWait(Native.java:220)
        at app//org.apache.ratis.thirdparty.io.netty.channel.epoll.Native.epollWait(Native.java:213)
        at app//org.apache.ratis.thirdparty.io.netty.channel.epoll.EpollEventLoop.epollWaitNoTimerChange(EpollEventLoop.java:308)
        at app//org.apache.ratis.thirdparty.io.netty.channel.epoll.EpollEventLoop.run(EpollEventLoop.java:365)
        at app//org.apache.ratis.thirdparty.io.netty.util.concurrent.SingleThreadEventExecutor$4.run(SingleThreadEventExecutor.java:997)
        at app//org.apache.ratis.thirdparty.io.netty.util.internal.ThreadExecutorMap$2.run(ThreadExecutorMap.java:74)
        at java.base@21.0.6/java.lang.Thread.runWith(Thread.java:1596)
        at java.base@21.0.6/java.lang.Thread.run(Thread.java:1583)
"Socket Reader #2 for port 15006"  prio=5 tid=449 runnable
java.lang.Thread.State: RUNNABLE
        at java.base@21.0.6/sun.nio.ch.EPoll.wait(Native Method)
        at java.base@21.0.6/sun.nio.ch.EPollSelectorImpl.doSelect(EPollSelectorImpl.java:121)
        at java.base@21.0.6/sun.nio.ch.SelectorImpl.lockAndDoSelect(SelectorImpl.java:130)
        at java.base@21.0.6/sun.nio.ch.SelectorImpl.select(SelectorImpl.java:147)
        at app//org.apache.hadoop.ipc.Server$Listener$Reader.doRunLoop(Server.java:1497)
        at app//org.apache.hadoop.ipc.Server$Listener$Reader.run(Server.java:1476)
"IPC Server handler 77 on default port 15001" daemon prio=5 tid=295 timed_waiting
java.lang.Thread.State: TIMED_WAITING
        at java.base@21.0.6/jdk.internal.misc.Unsafe.park(Native Method)
        at java.base@21.0.6/java.util.concurrent.locks.LockSupport.parkNanos(LockSupport.java:269)
        at java.base@21.0.6/java.util.concurrent.locks.AbstractQueuedSynchronizer$ConditionObject.awaitNanos(AbstractQueuedSynchronizer.java:1763)
        at java.base@21.0.6/java.util.concurrent.LinkedBlockingQueue.poll(LinkedBlockingQueue.java:460)
        at app//org.apache.hadoop.ipc.CallQueueManager.take(CallQueueManager.java:370)
        at app//org.apache.hadoop.ipc.Server$Handler.run(Server.java:3165)
"ContainerDataScanner(/home/runner/work/ozone/ozone/hadoop-ozone/integration-test/target/test-dir/MiniOzoneClusterImpl-26e726f8-5cec-4c14-bf14-45d4895febc0/ozone-meta/datanode-3/data-0/hdds)" daemon prio=5 tid=799 timed_waiting
java.lang.Thread.State: TIMED_WAITING
        at java.base@21.0.6/java.lang.Thread.sleep0(Native Method)
        at java.base@21.0.6/java.lang.Thread.sleep(Thread.java:509)
        at app//org.apache.hadoop.ozone.container.ozoneimpl.AbstractBackgroundContainerScanner.handleRemainingSleep(AbstractBackgroundContainerScanner.java:133)
        at app//org.apache.hadoop.ozone.container.ozoneimpl.AbstractBackgroundContainerScanner.runIteration(AbstractBackgroundContainerScanner.java:100)
        at app//org.apache.hadoop.ozone.container.ozoneimpl.AbstractBackgroundContainerScanner.run(AbstractBackgroundContainerScanner.java:59)
        at java.base@21.0.6/java.lang.Thread.runWith(Thread.java:1596)
        at java.base@21.0.6/java.lang.Thread.run(Thread.java:1583)
"4a3059aa-ae89-4e47-8f1e-08d61ab31d43-DatanodeStateMachineDaemonThread" daemon prio=5 tid=794 timed_waiting
java.lang.Thread.State: TIMED_WAITING
        at java.base@21.0.6/java.lang.Thread.sleep0(Native Method)
        at java.base@21.0.6/java.lang.Thread.sleep(Thread.java:509)
        at app//org.apache.hadoop.ozone.container.common.statemachine.DatanodeStateMachine.startStateMachineThread(DatanodeStateMachine.java:361)
        at app//org.apache.hadoop.ozone.container.common.statemachine.DatanodeStateMachine.lambda$startDaemon$1(DatanodeStateMachine.java:547)
        at app//org.apache.hadoop.ozone.container.common.statemachine.DatanodeStateMachine$$Lambda/0x00007fd0ac80bb60.run(Unknown Source)
        at java.base@21.0.6/java.lang.Thread.runWith(Thread.java:1596)
        at java.base@21.0.6/java.lang.Thread.run(Thread.java:1583)
"Socket Reader #4 for port 15027"  prio=5 tid=627 runnable
java.lang.Thread.State: RUNNABLE
        at java.base@21.0.6/sun.nio.ch.EPoll.wait(Native Method)
        at java.base@21.0.6/sun.nio.ch.EPollSelectorImpl.doSelect(EPollSelectorImpl.java:121)
        at java.base@21.0.6/sun.nio.ch.SelectorImpl.lockAndDoSelect(SelectorImpl.java:130)
        at java.base@21.0.6/sun.nio.ch.SelectorImpl.select(SelectorImpl.java:147)
        at app//org.apache.hadoop.ipc.Server$Listener$Reader.doRunLoop(Server.java:1497)
        at app//org.apache.hadoop.ipc.Server$Listener$Reader.run(Server.java:1476)
"50f19a77-e23b-421f-a833-5664bb01cf1c@group-45D4895FEBC0-StateMachineUpdater" daemon prio=5 tid=114 timed_waiting
java.lang.Thread.State: TIMED_WAITING
        at java.base@21.0.6/jdk.internal.misc.Unsafe.park(Native Method)
        at java.base@21.0.6/java.util.concurrent.locks.LockSupport.parkNanos(LockSupport.java:269)
        at java.base@21.0.6/java.util.concurrent.locks.AbstractQueuedSynchronizer$ConditionObject.await(AbstractQueuedSynchronizer.java:1852)
        at app//org.apache.ratis.util.AwaitForSignal.await(AwaitForSignal.java:65)
        at app//org.apache.ratis.server.impl.StateMachineUpdater.waitForCommit(StateMachineUpdater.java:219)
        at app//org.apache.ratis.server.impl.StateMachineUpdater.run(StateMachineUpdater.java:187)
        at java.base@21.0.6/java.lang.Thread.runWith(Thread.java:1596)
        at java.base@21.0.6/java.lang.Thread.run(Thread.java:1583)
"IPC Server handler 97 on default port 15001" daemon prio=5 tid=315 timed_waiting
java.lang.Thread.State: TIMED_WAITING
        at java.base@21.0.6/jdk.internal.misc.Unsafe.park(Native Method)
        at java.base@21.0.6/java.util.concurrent.locks.LockSupport.parkNanos(LockSupport.java:269)
        at java.base@21.0.6/java.util.concurrent.locks.AbstractQueuedSynchronizer$ConditionObject.awaitNanos(AbstractQueuedSynchronizer.java:1763)
        at java.base@21.0.6/java.util.concurrent.LinkedBlockingQueue.poll(LinkedBlockingQueue.java:460)
        at app//org.apache.hadoop.ipc.CallQueueManager.take(CallQueueManager.java:370)
        at app//org.apache.hadoop.ipc.Server$Handler.run(Server.java:3165)
"d6a19b8b-82a2-4947-8b44-7228be6ad053-RocksDBCompactionThread-0"  prio=5 tid=659 timed_waiting
java.lang.Thread.State: TIMED_WAITING
        at java.base@21.0.6/jdk.internal.misc.Unsafe.park(Native Method)
        at java.base@21.0.6/java.util.concurrent.locks.LockSupport.parkNanos(LockSupport.java:269)
        at java.base@21.0.6/java.util.concurrent.locks.AbstractQueuedSynchronizer$ConditionObject.awaitNanos(AbstractQueuedSynchronizer.java:1763)
        at java.base@21.0.6/java.util.concurrent.ScheduledThreadPoolExecutor$DelayedWorkQueue.take(ScheduledThreadPoolExecutor.java:1182)
        at java.base@21.0.6/java.util.concurrent.ScheduledThreadPoolExecutor$DelayedWorkQueue.take(ScheduledThreadPoolExecutor.java:899)
        at java.base@21.0.6/java.util.concurrent.ThreadPoolExecutor.getTask(ThreadPoolExecutor.java:1070)
        at java.base@21.0.6/java.util.concurrent.ThreadPoolExecutor.runWorker(ThreadPoolExecutor.java:1130)
        at java.base@21.0.6/java.util.concurrent.ThreadPoolExecutor$Worker.run(ThreadPoolExecutor.java:642)
        at java.base@21.0.6/java.lang.Thread.runWith(Thread.java:1596)
        at java.base@21.0.6/java.lang.Thread.run(Thread.java:1583)
"IPC Server handler 3 on default port 15000" daemon prio=5 tid=121 timed_waiting
java.lang.Thread.State: TIMED_WAITING
        at java.base@21.0.6/jdk.internal.misc.Unsafe.park(Native Method)
        at java.base@21.0.6/java.util.concurrent.locks.LockSupport.parkNanos(LockSupport.java:269)
        at java.base@21.0.6/java.util.concurrent.locks.AbstractQueuedSynchronizer$ConditionObject.awaitNanos(AbstractQueuedSynchronizer.java:1763)
        at java.base@21.0.6/java.util.concurrent.LinkedBlockingQueue.poll(LinkedBlockingQueue.java:460)
        at app//org.apache.hadoop.ipc.CallQueueManager.take(CallQueueManager.java:370)
        at app//org.apache.hadoop.ipc.Server$Handler.run(Server.java:3165)
"IPC Server handler 43 on default port 15000" daemon prio=5 tid=161 timed_waiting
java.lang.Thread.State: TIMED_WAITING
        at java.base@21.0.6/jdk.internal.misc.Unsafe.park(Native Method)
        at java.base@21.0.6/java.util.concurrent.locks.LockSupport.parkNanos(LockSupport.java:269)
        at java.base@21.0.6/java.util.concurrent.locks.AbstractQueuedSynchronizer$ConditionObject.awaitNanos(AbstractQueuedSynchronizer.java:1763)
        at java.base@21.0.6/java.util.concurrent.LinkedBlockingQueue.poll(LinkedBlockingQueue.java:460)
        at app//org.apache.hadoop.ipc.CallQueueManager.take(CallQueueManager.java:370)
        at app//org.apache.hadoop.ipc.Server$Handler.run(Server.java:3165)
"IPC Server handler 0 on default port 15002" daemon prio=5 tid=336 timed_waiting
java.lang.Thread.State: TIMED_WAITING
        at java.base@21.0.6/jdk.internal.misc.Unsafe.park(Native Method)
        at java.base@21.0.6/java.util.concurrent.locks.LockSupport.parkNanos(LockSupport.java:269)
        at java.base@21.0.6/java.util.concurrent.locks.AbstractQueuedSynchronizer$ConditionObject.awaitNanos(AbstractQueuedSynchronizer.java:1763)
        at java.base@21.0.6/java.util.concurrent.LinkedBlockingQueue.poll(LinkedBlockingQueue.java:460)
        at app//org.apache.hadoop.ipc.CallQueueManager.take(CallQueueManager.java:370)
        at app//org.apache.hadoop.ipc.Server$Handler.run(Server.java:3165)
"IPC Server handler 39 on default port 15000" daemon prio=5 tid=157 timed_waiting
java.lang.Thread.State: TIMED_WAITING
        at java.base@21.0.6/jdk.internal.misc.Unsafe.park(Native Method)
        at java.base@21.0.6/java.util.concurrent.locks.LockSupport.parkNanos(LockSupport.java:269)
        at java.base@21.0.6/java.util.concurrent.locks.AbstractQueuedSynchronizer$ConditionObject.awaitNanos(AbstractQueuedSynchronizer.java:1763)
        at java.base@21.0.6/java.util.concurrent.LinkedBlockingQueue.poll(LinkedBlockingQueue.java:460)
        at app//org.apache.hadoop.ipc.CallQueueManager.take(CallQueueManager.java:370)
        at app//org.apache.hadoop.ipc.Server$Handler.run(Server.java:3165)
"IPC Server handler 74 on default port 15002" daemon prio=5 tid=410 timed_waiting
java.lang.Thread.State: TIMED_WAITING
        at java.base@21.0.6/jdk.internal.misc.Unsafe.park(Native Method)
        at java.base@21.0.6/java.util.concurrent.locks.LockSupport.parkNanos(LockSupport.java:269)
        at java.base@21.0.6/java.util.concurrent.locks.AbstractQueuedSynchronizer$ConditionObject.awaitNanos(AbstractQueuedSynchronizer.java:1763)
        at java.base@21.0.6/java.util.concurrent.LinkedBlockingQueue.poll(LinkedBlockingQueue.java:460)
        at app//org.apache.hadoop.ipc.CallQueueManager.take(CallQueueManager.java:370)
        at app//org.apache.hadoop.ipc.Server$Handler.run(Server.java:3165)
"IPC Server handler 35 on default port 15000" daemon prio=5 tid=153 timed_waiting
java.lang.Thread.State: TIMED_WAITING
        at java.base@21.0.6/jdk.internal.misc.Unsafe.park(Native Method)
        at java.base@21.0.6/java.util.concurrent.locks.LockSupport.parkNanos(LockSupport.java:269)
        at java.base@21.0.6/java.util.concurrent.locks.AbstractQueuedSynchronizer$ConditionObject.awaitNanos(AbstractQueuedSynchronizer.java:1763)
        at java.base@21.0.6/java.util.concurrent.LinkedBlockingQueue.poll(LinkedBlockingQueue.java:460)
        at app//org.apache.hadoop.ipc.CallQueueManager.take(CallQueueManager.java:370)
        at app//org.apache.hadoop.ipc.Server$Handler.run(Server.java:3165)
"IPC Server handler 64 on default port 15000" daemon prio=5 tid=182 timed_waiting
java.lang.Thread.State: TIMED_WAITING
        at java.base@21.0.6/jdk.internal.misc.Unsafe.park(Native Method)
        at java.base@21.0.6/java.util.concurrent.locks.LockSupport.parkNanos(LockSupport.java:269)
        at java.base@21.0.6/java.util.concurrent.locks.AbstractQueuedSynchronizer$ConditionObject.awaitNanos(AbstractQueuedSynchronizer.java:1763)
        at java.base@21.0.6/java.util.concurrent.LinkedBlockingQueue.poll(LinkedBlockingQueue.java:460)
        at app//org.apache.hadoop.ipc.CallQueueManager.take(CallQueueManager.java:370)
        at app//org.apache.hadoop.ipc.Server$Handler.run(Server.java:3165)
"om1-DirectoryDeletingService#0" daemon prio=5 tid=471 timed_waiting
java.lang.Thread.State: TIMED_WAITING
        at java.base@21.0.6/jdk.internal.misc.Unsafe.park(Native Method)
        at java.base@21.0.6/java.util.concurrent.locks.LockSupport.parkNanos(LockSupport.java:269)
        at java.base@21.0.6/java.util.concurrent.locks.AbstractQueuedSynchronizer$ConditionObject.awaitNanos(AbstractQueuedSynchronizer.java:1763)
        at java.base@21.0.6/java.util.concurrent.ScheduledThreadPoolExecutor$DelayedWorkQueue.take(ScheduledThreadPoolExecutor.java:1182)
        at java.base@21.0.6/java.util.concurrent.ScheduledThreadPoolExecutor$DelayedWorkQueue.take(ScheduledThreadPoolExecutor.java:899)
        at java.base@21.0.6/java.util.concurrent.ThreadPoolExecutor.getTask(ThreadPoolExecutor.java:1070)
        at java.base@21.0.6/java.util.concurrent.ThreadPoolExecutor.runWorker(ThreadPoolExecutor.java:1130)
        at java.base@21.0.6/java.util.concurrent.ThreadPoolExecutor$Worker.run(ThreadPoolExecutor.java:642)
        at java.base@21.0.6/java.lang.Thread.runWith(Thread.java:1596)
        at java.base@21.0.6/java.lang.Thread.run(Thread.java:1583)
"IPC Server handler 89 on default port 15001" daemon prio=5 tid=307 timed_waiting
java.lang.Thread.State: TIMED_WAITING
        at java.base@21.0.6/jdk.internal.misc.Unsafe.park(Native Method)
        at java.base@21.0.6/java.util.concurrent.locks.LockSupport.parkNanos(LockSupport.java:269)
        at java.base@21.0.6/java.util.concurrent.locks.AbstractQueuedSynchronizer$ConditionObject.awaitNanos(AbstractQueuedSynchronizer.java:1763)
        at java.base@21.0.6/java.util.concurrent.LinkedBlockingQueue.poll(LinkedBlockingQueue.java:460)
        at app//org.apache.hadoop.ipc.CallQueueManager.take(CallQueueManager.java:370)
        at app//org.apache.hadoop.ipc.Server$Handler.run(Server.java:3165)
"Socket Reader #2 for port 15035"  prio=5 tid=695 runnable
java.lang.Thread.State: RUNNABLE
        at java.base@21.0.6/sun.nio.ch.EPoll.wait(Native Method)
        at java.base@21.0.6/sun.nio.ch.EPollSelectorImpl.doSelect(EPollSelectorImpl.java:121)
        at java.base@21.0.6/sun.nio.ch.SelectorImpl.lockAndDoSelect(SelectorImpl.java:130)
        at java.base@21.0.6/sun.nio.ch.SelectorImpl.select(SelectorImpl.java:147)
        at app//org.apache.hadoop.ipc.Server$Listener$Reader.doRunLoop(Server.java:1497)
        at app//org.apache.hadoop.ipc.Server$Listener$Reader.run(Server.java:1476)
"IPC Server handler 10 on default port 15001" daemon prio=5 tid=228 timed_waiting
java.lang.Thread.State: TIMED_WAITING
        at java.base@21.0.6/jdk.internal.misc.Unsafe.park(Native Method)
        at java.base@21.0.6/java.util.concurrent.locks.LockSupport.parkNanos(LockSupport.java:269)
        at java.base@21.0.6/java.util.concurrent.locks.AbstractQueuedSynchronizer$ConditionObject.awaitNanos(AbstractQueuedSynchronizer.java:1763)
        at java.base@21.0.6/java.util.concurrent.LinkedBlockingQueue.poll(LinkedBlockingQueue.java:460)
        at app//org.apache.hadoop.ipc.CallQueueManager.take(CallQueueManager.java:370)
        at app//org.apache.hadoop.ipc.Server$Handler.run(Server.java:3165)
"NetworkTopologyPoller" daemon prio=5 tid=469 timed_waiting
java.lang.Thread.State: TIMED_WAITING
        at java.base@21.0.6/jdk.internal.misc.Unsafe.park(Native Method)
        at java.base@21.0.6/java.util.concurrent.locks.LockSupport.parkNanos(LockSupport.java:269)
        at java.base@21.0.6/java.util.concurrent.locks.AbstractQueuedSynchronizer$ConditionObject.awaitNanos(AbstractQueuedSynchronizer.java:1763)
        at java.base@21.0.6/java.util.concurrent.ScheduledThreadPoolExecutor$DelayedWorkQueue.take(ScheduledThreadPoolExecutor.java:1182)
        at java.base@21.0.6/java.util.concurrent.ScheduledThreadPoolExecutor$DelayedWorkQueue.take(ScheduledThreadPoolExecutor.java:899)
        at java.base@21.0.6/java.util.concurrent.ThreadPoolExecutor.getTask(ThreadPoolExecutor.java:1070)
        at java.base@21.0.6/java.util.concurrent.ThreadPoolExecutor.runWorker(ThreadPoolExecutor.java:1130)
        at java.base@21.0.6/java.util.concurrent.ThreadPoolExecutor$Worker.run(ThreadPoolExecutor.java:642)
        at java.base@21.0.6/java.lang.Thread.runWith(Thread.java:1596)
        at java.base@21.0.6/java.lang.Thread.run(Thread.java:1583)
"Socket Reader #7 for port 15006"  prio=5 tid=454 runnable
java.lang.Thread.State: RUNNABLE
        at java.base@21.0.6/sun.nio.ch.EPoll.wait(Native Method)
        at java.base@21.0.6/sun.nio.ch.EPollSelectorImpl.doSelect(EPollSelectorImpl.java:121)
        at java.base@21.0.6/sun.nio.ch.SelectorImpl.lockAndDoSelect(SelectorImpl.java:130)
        at java.base@21.0.6/sun.nio.ch.SelectorImpl.select(SelectorImpl.java:147)
        at app//org.apache.hadoop.ipc.Server$Listener$Reader.doRunLoop(Server.java:1497)
        at app//org.apache.hadoop.ipc.Server$Listener$Reader.run(Server.java:1476)
"qtp1419970068-670" daemon prio=5 tid=670 timed_waiting
java.lang.Thread.State: TIMED_WAITING
        at java.base@21.0.6/jdk.internal.misc.Unsafe.park(Native Method)
        at java.base@21.0.6/java.util.concurrent.locks.LockSupport.parkNanos(LockSupport.java:269)
        at java.base@21.0.6/java.util.concurrent.locks.AbstractQueuedSynchronizer$ConditionObject.awaitNanos(AbstractQueuedSynchronizer.java:1763)
        at app//org.eclipse.jetty.util.BlockingArrayQueue.poll(BlockingArrayQueue.java:382)
        at app//org.eclipse.jetty.util.thread.QueuedThreadPool$Runner.idleJobPoll(QueuedThreadPool.java:974)
        at app//org.eclipse.jetty.util.thread.QueuedThreadPool$Runner.run(QueuedThreadPool.java:1018)
        at java.base@21.0.6/java.lang.Thread.runWith(Thread.java:1596)
        at java.base@21.0.6/java.lang.Thread.run(Thread.java:1583)
"qtp1419970068-672" daemon prio=5 tid=672 timed_waiting
java.lang.Thread.State: TIMED_WAITING
        at java.base@21.0.6/jdk.internal.misc.Unsafe.park(Native Method)
        at java.base@21.0.6/java.util.concurrent.locks.LockSupport.parkNanos(LockSupport.java:269)
        at java.base@21.0.6/java.util.concurrent.locks.AbstractQueuedSynchronizer$ConditionObject.awaitNanos(AbstractQueuedSynchronizer.java:1763)
        at app//org.eclipse.jetty.util.BlockingArrayQueue.poll(BlockingArrayQueue.java:382)
        at app//org.eclipse.jetty.util.thread.QueuedThreadPool$Runner.idleJobPoll(QueuedThreadPool.java:974)
        at app//org.eclipse.jetty.util.thread.QueuedThreadPool$Runner.run(QueuedThreadPool.java:1018)
        at java.base@21.0.6/java.lang.Thread.runWith(Thread.java:1596)
        at java.base@21.0.6/java.lang.Thread.run(Thread.java:1583)
"d6a19b8b-82a2-4947-8b44-7228be6ad053@group-6CDEAD350F28-cacheEviction-AwaitToRun" daemon prio=5 tid=944 in Object.wait()
java.lang.Thread.State: WAITING (on object monitor)
        at java.base@21.0.6/jdk.internal.misc.Unsafe.park(Native Method)
        at java.base@21.0.6/java.util.concurrent.locks.LockSupport.park(LockSupport.java:371)
        at java.base@21.0.6/java.util.concurrent.locks.AbstractQueuedSynchronizer$ConditionNode.block(AbstractQueuedSynchronizer.java:519)
        at java.base@21.0.6/java.util.concurrent.ForkJoinPool.unmanagedBlock(ForkJoinPool.java:3780)
        at java.base@21.0.6/java.util.concurrent.ForkJoinPool.managedBlock(ForkJoinPool.java:3725)
        at java.base@21.0.6/java.util.concurrent.locks.AbstractQueuedSynchronizer$ConditionObject.await(AbstractQueuedSynchronizer.java:1712)
        at app//org.apache.ratis.util.AwaitForSignal.await(AwaitForSignal.java:48)
        at app//org.apache.ratis.util.AwaitToRun$RunnableImpl.run(AwaitToRun.java:47)
        at java.base@21.0.6/java.lang.Thread.runWith(Thread.java:1596)
        at java.base@21.0.6/java.lang.Thread.run(Thread.java:1583)
"IPC Server handler 36 on default port 15001" daemon prio=5 tid=254 timed_waiting
java.lang.Thread.State: TIMED_WAITING
        at java.base@21.0.6/jdk.internal.misc.Unsafe.park(Native Method)
        at java.base@21.0.6/java.util.concurrent.locks.LockSupport.parkNanos(LockSupport.java:269)
        at java.base@21.0.6/java.util.concurrent.locks.AbstractQueuedSynchronizer$ConditionObject.awaitNanos(AbstractQueuedSynchronizer.java:1763)
        at java.base@21.0.6/java.util.concurrent.LinkedBlockingQueue.poll(LinkedBlockingQueue.java:460)
        at app//org.apache.hadoop.ipc.CallQueueManager.take(CallQueueManager.java:370)
        at app//org.apache.hadoop.ipc.Server$Handler.run(Server.java:3165)
"IPC Server handler 69 on default port 15001" daemon prio=5 tid=287 timed_waiting
java.lang.Thread.State: TIMED_WAITING
        at java.base@21.0.6/jdk.internal.misc.Unsafe.park(Native Method)
        at java.base@21.0.6/java.util.concurrent.locks.LockSupport.parkNanos(LockSupport.java:269)
        at java.base@21.0.6/java.util.concurrent.locks.AbstractQueuedSynchronizer$ConditionObject.awaitNanos(AbstractQueuedSynchronizer.java:1763)
        at java.base@21.0.6/java.util.concurrent.LinkedBlockingQueue.poll(LinkedBlockingQueue.java:460)
        at app//org.apache.hadoop.ipc.CallQueueManager.take(CallQueueManager.java:370)
        at app//org.apache.hadoop.ipc.Server$Handler.run(Server.java:3165)
"IPC Server handler 93 on default port 15001" daemon prio=5 tid=311 timed_waiting
java.lang.Thread.State: TIMED_WAITING
        at java.base@21.0.6/jdk.internal.misc.Unsafe.park(Native Method)
        at java.base@21.0.6/java.util.concurrent.locks.LockSupport.parkNanos(LockSupport.java:269)
        at java.base@21.0.6/java.util.concurrent.locks.AbstractQueuedSynchronizer$ConditionObject.awaitNanos(AbstractQueuedSynchronizer.java:1763)
        at java.base@21.0.6/java.util.concurrent.LinkedBlockingQueue.poll(LinkedBlockingQueue.java:460)
        at app//org.apache.hadoop.ipc.CallQueueManager.take(CallQueueManager.java:370)
        at app//org.apache.hadoop.ipc.Server$Handler.run(Server.java:3165)
"IPC Server handler 15 on default port 15006" daemon prio=5 tid=510 timed_waiting
java.lang.Thread.State: TIMED_WAITING
        at java.base@21.0.6/jdk.internal.misc.Unsafe.park(Native Method)
        at java.base@21.0.6/java.util.concurrent.locks.LockSupport.parkNanos(LockSupport.java:269)
        at java.base@21.0.6/java.util.concurrent.locks.AbstractQueuedSynchronizer$ConditionObject.awaitNanos(AbstractQueuedSynchronizer.java:1763)
        at java.base@21.0.6/java.util.concurrent.LinkedBlockingQueue.poll(LinkedBlockingQueue.java:460)
        at app//org.apache.hadoop.ipc.CallQueueManager.take(CallQueueManager.java:370)
        at app//org.apache.hadoop.ipc.Server$Handler.run(Server.java:3165)
"timer2" daemon prio=5 tid=980 timed_waiting
java.lang.Thread.State: TIMED_WAITING
        at java.base@21.0.6/java.lang.Object.wait0(Native Method)
        at java.base@21.0.6/java.lang.Object.wait(Object.java:366)
        at java.base@21.0.6/java.util.TimerThread.mainLoop(Timer.java:563)
        at java.base@21.0.6/java.util.TimerThread.run(Timer.java:516)
"d6a19b8b-82a2-4947-8b44-7228be6ad053-impl-thread1"  prio=5 tid=663 timed_waiting
java.lang.Thread.State: TIMED_WAITING
        at java.base@21.0.6/jdk.internal.misc.Unsafe.park(Native Method)
        at java.base@21.0.6/java.util.concurrent.locks.LockSupport.parkNanos(LockSupport.java:410)
        at java.base@21.0.6/java.util.concurrent.LinkedTransferQueue$DualNode.await(LinkedTransferQueue.java:452)
        at java.base@21.0.6/java.util.concurrent.SynchronousQueue$Transferer.xferLifo(SynchronousQueue.java:194)
        at java.base@21.0.6/java.util.concurrent.SynchronousQueue.xfer(SynchronousQueue.java:235)
        at java.base@21.0.6/java.util.concurrent.SynchronousQueue.poll(SynchronousQueue.java:338)
        at java.base@21.0.6/java.util.concurrent.ThreadPoolExecutor.getTask(ThreadPoolExecutor.java:1069)
        at java.base@21.0.6/java.util.concurrent.ThreadPoolExecutor.runWorker(ThreadPoolExecutor.java:1130)
        at java.base@21.0.6/java.util.concurrent.ThreadPoolExecutor$Worker.run(ThreadPoolExecutor.java:642)
        at java.base@21.0.6/java.lang.Thread.runWith(Thread.java:1596)
        at java.base@21.0.6/java.lang.Thread.run(Thread.java:1583)
"4a3059aa-ae89-4e47-8f1e-08d61ab31d43-PeriodicHDDSVolumeChecker" daemon prio=5 tid=836 timed_waiting
java.lang.Thread.State: TIMED_WAITING
        at java.base@21.0.6/jdk.internal.misc.Unsafe.park(Native Method)
        at java.base@21.0.6/java.util.concurrent.locks.LockSupport.parkNanos(LockSupport.java:269)
        at java.base@21.0.6/java.util.concurrent.locks.AbstractQueuedSynchronizer$ConditionObject.awaitNanos(AbstractQueuedSynchronizer.java:1763)
        at java.base@21.0.6/java.util.concurrent.ScheduledThreadPoolExecutor$DelayedWorkQueue.take(ScheduledThreadPoolExecutor.java:1182)
        at java.base@21.0.6/java.util.concurrent.ScheduledThreadPoolExecutor$DelayedWorkQueue.take(ScheduledThreadPoolExecutor.java:899)
        at java.base@21.0.6/java.util.concurrent.ThreadPoolExecutor.getTask(ThreadPoolExecutor.java:1070)
        at java.base@21.0.6/java.util.concurrent.ThreadPoolExecutor.runWorker(ThreadPoolExecutor.java:1130)
        at java.base@21.0.6/java.util.concurrent.ThreadPoolExecutor$Worker.run(ThreadPoolExecutor.java:642)
        at java.base@21.0.6/java.lang.Thread.runWith(Thread.java:1596)
        at java.base@21.0.6/java.lang.Thread.run(Thread.java:1583)
"IPC Server handler 14 on default port 15001" daemon prio=5 tid=232 timed_waiting
java.lang.Thread.State: TIMED_WAITING
        at java.base@21.0.6/jdk.internal.misc.Unsafe.park(Native Method)
        at java.base@21.0.6/java.util.concurrent.locks.LockSupport.parkNanos(LockSupport.java:269)
        at java.base@21.0.6/java.util.concurrent.locks.AbstractQueuedSynchronizer$ConditionObject.awaitNanos(AbstractQueuedSynchronizer.java:1763)
        at java.base@21.0.6/java.util.concurrent.LinkedBlockingQueue.poll(LinkedBlockingQueue.java:460)
        at app//org.apache.hadoop.ipc.CallQueueManager.take(CallQueueManager.java:370)
        at app//org.apache.hadoop.ipc.Server$Handler.run(Server.java:3165)
"qtp2117639382-488-acceptor-0@6fdcc890-ServerConnector@3bd623b2{HTTP/1.1, (http/1.1)}{0.0.0.0:15007}" daemon prio=3 tid=488 runnable
java.lang.Thread.State: RUNNABLE
        at java.base@21.0.6/sun.nio.ch.Net.accept(Native Method)
        at java.base@21.0.6/sun.nio.ch.ServerSocketChannelImpl.implAccept(ServerSocketChannelImpl.java:433)
        at java.base@21.0.6/sun.nio.ch.ServerSocketChannelImpl.accept(ServerSocketChannelImpl.java:399)
        at app//org.eclipse.jetty.server.ServerConnector.accept(ServerConnector.java:388)
        at app//org.eclipse.jetty.server.AbstractConnector$Acceptor.run(AbstractConnector.java:704)
        at app//org.eclipse.jetty.util.thread.QueuedThreadPool.runJob(QueuedThreadPool.java:883)
        at app//org.eclipse.jetty.util.thread.QueuedThreadPool$Runner.run(QueuedThreadPool.java:1034)
        at java.base@21.0.6/java.lang.Thread.runWith(Thread.java:1596)
        at java.base@21.0.6/java.lang.Thread.run(Thread.java:1583)
"a6bf55e3-38e4-411e-ac0b-5acdb6a35656-PeriodicHDDSVolumeChecker" daemon prio=5 tid=781 timed_waiting
java.lang.Thread.State: TIMED_WAITING
        at java.base@21.0.6/jdk.internal.misc.Unsafe.park(Native Method)
        at java.base@21.0.6/java.util.concurrent.locks.LockSupport.parkNanos(LockSupport.java:269)
        at java.base@21.0.6/java.util.concurrent.locks.AbstractQueuedSynchronizer$ConditionObject.awaitNanos(AbstractQueuedSynchronizer.java:1763)
        at java.base@21.0.6/java.util.concurrent.ScheduledThreadPoolExecutor$DelayedWorkQueue.take(ScheduledThreadPoolExecutor.java:1182)
        at java.base@21.0.6/java.util.concurrent.ScheduledThreadPoolExecutor$DelayedWorkQueue.take(ScheduledThreadPoolExecutor.java:899)
        at java.base@21.0.6/java.util.concurrent.ThreadPoolExecutor.getTask(ThreadPoolExecutor.java:1070)
        at java.base@21.0.6/java.util.concurrent.ThreadPoolExecutor.runWorker(ThreadPoolExecutor.java:1130)
        at java.base@21.0.6/java.util.concurrent.ThreadPoolExecutor$Worker.run(ThreadPoolExecutor.java:642)
        at java.base@21.0.6/java.lang.Thread.runWith(Thread.java:1596)
        at java.base@21.0.6/java.lang.Thread.run(Thread.java:1583)
"d6a19b8b-82a2-4947-8b44-7228be6ad053-ChunkWriter-3-0" daemon prio=5 tid=824 in Object.wait()
java.lang.Thread.State: WAITING (on object monitor)
        at java.base@21.0.6/jdk.internal.misc.Unsafe.park(Native Method)
        at java.base@21.0.6/java.util.concurrent.locks.LockSupport.park(LockSupport.java:371)
        at java.base@21.0.6/java.util.concurrent.locks.AbstractQueuedSynchronizer$ConditionNode.block(AbstractQueuedSynchronizer.java:519)
        at java.base@21.0.6/java.util.concurrent.ForkJoinPool.unmanagedBlock(ForkJoinPool.java:3780)
        at java.base@21.0.6/java.util.concurrent.ForkJoinPool.managedBlock(ForkJoinPool.java:3725)
        at java.base@21.0.6/java.util.concurrent.locks.AbstractQueuedSynchronizer$ConditionObject.await(AbstractQueuedSynchronizer.java:1712)
        at java.base@21.0.6/java.util.concurrent.LinkedBlockingDeque.takeFirst(LinkedBlockingDeque.java:485)
        at java.base@21.0.6/java.util.concurrent.LinkedBlockingDeque.take(LinkedBlockingDeque.java:673)
        at java.base@21.0.6/java.util.concurrent.ThreadPoolExecutor.getTask(ThreadPoolExecutor.java:1070)
        at java.base@21.0.6/java.util.concurrent.ThreadPoolExecutor.runWorker(ThreadPoolExecutor.java:1130)
        at java.base@21.0.6/java.util.concurrent.ThreadPoolExecutor$Worker.run(ThreadPoolExecutor.java:642)
        at java.base@21.0.6/java.lang.Thread.runWith(Thread.java:1596)
        at java.base@21.0.6/java.lang.Thread.run(Thread.java:1583)
"EventQueue-OpenPipelineForHealthyPipelineSafeModeRule" daemon prio=5 tid=857 in Object.wait()
java.lang.Thread.State: WAITING (on object monitor)
        at java.base@21.0.6/jdk.internal.misc.Unsafe.park(Native Method)
        at java.base@21.0.6/java.util.concurrent.locks.LockSupport.park(LockSupport.java:371)
        at java.base@21.0.6/java.util.concurrent.locks.AbstractQueuedSynchronizer$ConditionNode.block(AbstractQueuedSynchronizer.java:519)
        at java.base@21.0.6/java.util.concurrent.ForkJoinPool.unmanagedBlock(ForkJoinPool.java:3780)
        at java.base@21.0.6/java.util.concurrent.ForkJoinPool.managedBlock(ForkJoinPool.java:3725)
        at java.base@21.0.6/java.util.concurrent.locks.AbstractQueuedSynchronizer$ConditionObject.await(AbstractQueuedSynchronizer.java:1712)
        at java.base@21.0.6/java.util.concurrent.LinkedBlockingQueue.take(LinkedBlockingQueue.java:435)
        at java.base@21.0.6/java.util.concurrent.ThreadPoolExecutor.getTask(ThreadPoolExecutor.java:1070)
        at java.base@21.0.6/java.util.concurrent.ThreadPoolExecutor.runWorker(ThreadPoolExecutor.java:1130)
        at java.base@21.0.6/java.util.concurrent.ThreadPoolExecutor$Worker.run(ThreadPoolExecutor.java:642)
        at java.base@21.0.6/java.lang.Thread.runWith(Thread.java:1596)
        at java.base@21.0.6/java.lang.Thread.run(Thread.java:1583)
"IPC Server handler 18 on default port 15001" daemon prio=5 tid=236 timed_waiting
java.lang.Thread.State: TIMED_WAITING
        at java.base@21.0.6/jdk.internal.misc.Unsafe.park(Native Method)
        at java.base@21.0.6/java.util.concurrent.locks.LockSupport.parkNanos(LockSupport.java:269)
        at java.base@21.0.6/java.util.concurrent.locks.AbstractQueuedSynchronizer$ConditionObject.awaitNanos(AbstractQueuedSynchronizer.java:1763)
        at java.base@21.0.6/java.util.concurrent.LinkedBlockingQueue.poll(LinkedBlockingQueue.java:460)
        at app//org.apache.hadoop.ipc.CallQueueManager.take(CallQueueManager.java:370)
        at app//org.apache.hadoop.ipc.Server$Handler.run(Server.java:3165)
"IPC Server handler 90 on default port 15001" daemon prio=5 tid=308 timed_waiting
java.lang.Thread.State: TIMED_WAITING
        at java.base@21.0.6/jdk.internal.misc.Unsafe.park(Native Method)
        at java.base@21.0.6/java.util.concurrent.locks.LockSupport.parkNanos(LockSupport.java:269)
        at java.base@21.0.6/java.util.concurrent.locks.AbstractQueuedSynchronizer$ConditionObject.awaitNanos(AbstractQueuedSynchronizer.java:1763)
        at java.base@21.0.6/java.util.concurrent.LinkedBlockingQueue.poll(LinkedBlockingQueue.java:460)
        at app//org.apache.hadoop.ipc.CallQueueManager.take(CallQueueManager.java:370)
        at app//org.apache.hadoop.ipc.Server$Handler.run(Server.java:3165)
"StaleRecoveringContainerScrubbingService#1" daemon prio=5 tid=850 timed_waiting
java.lang.Thread.State: TIMED_WAITING
        at java.base@21.0.6/jdk.internal.misc.Unsafe.park(Native Method)
        at java.base@21.0.6/java.util.concurrent.locks.LockSupport.parkNanos(LockSupport.java:269)
        at java.base@21.0.6/java.util.concurrent.locks.AbstractQueuedSynchronizer$ConditionObject.awaitNanos(AbstractQueuedSynchronizer.java:1763)
        at java.base@21.0.6/java.util.concurrent.ScheduledThreadPoolExecutor$DelayedWorkQueue.take(ScheduledThreadPoolExecutor.java:1182)
        at java.base@21.0.6/java.util.concurrent.ScheduledThreadPoolExecutor$DelayedWorkQueue.take(ScheduledThreadPoolExecutor.java:899)
        at java.base@21.0.6/java.util.concurrent.ThreadPoolExecutor.getTask(ThreadPoolExecutor.java:1070)
        at java.base@21.0.6/java.util.concurrent.ThreadPoolExecutor.runWorker(ThreadPoolExecutor.java:1130)
        at java.base@21.0.6/java.util.concurrent.ThreadPoolExecutor$Worker.run(ThreadPoolExecutor.java:642)
        at java.base@21.0.6/java.lang.Thread.runWith(Thread.java:1596)
        at java.base@21.0.6/java.lang.Thread.run(Thread.java:1583)
"ReplicationMonitor" daemon prio=5 tid=55 timed_waiting
java.lang.Thread.State: TIMED_WAITING
        at java.base@21.0.6/java.lang.Object.wait0(Native Method)
        at java.base@21.0.6/java.lang.Object.wait(Object.java:366)
        at app//org.apache.hadoop.hdds.scm.container.replication.ReplicationManager.run(ReplicationManager.java:933)
        at app//org.apache.hadoop.hdds.scm.container.replication.ReplicationManager$$Lambda/0x00007fd0ac4ddd78.run(Unknown Source)
        at java.base@21.0.6/java.lang.Thread.runWith(Thread.java:1596)
        at java.base@21.0.6/java.lang.Thread.run(Thread.java:1583)
"qtp596278845-322" daemon prio=5 tid=322 runnable
java.lang.Thread.State: RUNNABLE
        at java.base@21.0.6/sun.nio.ch.EPoll.wait(Native Method)
        at java.base@21.0.6/sun.nio.ch.EPollSelectorImpl.doSelect(EPollSelectorImpl.java:121)
        at java.base@21.0.6/sun.nio.ch.SelectorImpl.lockAndDoSelect(SelectorImpl.java:130)
        at java.base@21.0.6/sun.nio.ch.SelectorImpl.select(SelectorImpl.java:147)
        at app//org.eclipse.jetty.io.ManagedSelector.nioSelect(ManagedSelector.java:183)
        at app//org.eclipse.jetty.io.ManagedSelector.select(ManagedSelector.java:190)
        at app//org.eclipse.jetty.io.ManagedSelector$SelectorProducer.select(ManagedSelector.java:606)
        at app//org.eclipse.jetty.io.ManagedSelector$SelectorProducer.produce(ManagedSelector.java:543)
        at app//org.eclipse.jetty.util.thread.strategy.EatWhatYouKill.produceTask(EatWhatYouKill.java:362)
        at app//org.eclipse.jetty.util.thread.strategy.EatWhatYouKill.doProduce(EatWhatYouKill.java:186)
        at app//org.eclipse.jetty.util.thread.strategy.EatWhatYouKill.tryProduce(EatWhatYouKill.java:173)
        at app//org.eclipse.jetty.util.thread.strategy.EatWhatYouKill.produce(EatWhatYouKill.java:137)
        at app//org.eclipse.jetty.io.ManagedSelector$$Lambda/0x00007fd0ac690720.run(Unknown Source)
        at app//org.eclipse.jetty.util.thread.QueuedThreadPool.runJob(QueuedThreadPool.java:883)
        at app//org.eclipse.jetty.util.thread.QueuedThreadPool$Runner.run(QueuedThreadPool.java:1034)
        at java.base@21.0.6/java.lang.Thread.runWith(Thread.java:1596)
        at java.base@21.0.6/java.lang.Thread.run(Thread.java:1583)
"a6bf55e3-38e4-411e-ac0b-5acdb6a35656-BlockDeletingService#1" daemon prio=5 tid=810 in Object.wait()
java.lang.Thread.State: WAITING (on object monitor)
        at java.base@21.0.6/jdk.internal.misc.Unsafe.park(Native Method)
        at java.base@21.0.6/java.util.concurrent.locks.LockSupport.park(LockSupport.java:371)
        at java.base@21.0.6/java.util.concurrent.locks.AbstractQueuedSynchronizer$ConditionNode.block(AbstractQueuedSynchronizer.java:519)
        at java.base@21.0.6/java.util.concurrent.ForkJoinPool.unmanagedBlock(ForkJoinPool.java:3780)
        at java.base@21.0.6/java.util.concurrent.ForkJoinPool.managedBlock(ForkJoinPool.java:3725)
        at java.base@21.0.6/java.util.concurrent.locks.AbstractQueuedSynchronizer$ConditionObject.await(AbstractQueuedSynchronizer.java:1712)
        at java.base@21.0.6/java.util.concurrent.ScheduledThreadPoolExecutor$DelayedWorkQueue.take(ScheduledThreadPoolExecutor.java:1177)
        at java.base@21.0.6/java.util.concurrent.ScheduledThreadPoolExecutor$DelayedWorkQueue.take(ScheduledThreadPoolExecutor.java:899)
        at java.base@21.0.6/java.util.concurrent.ThreadPoolExecutor.getTask(ThreadPoolExecutor.java:1070)
        at java.base@21.0.6/java.util.concurrent.ThreadPoolExecutor.runWorker(ThreadPoolExecutor.java:1130)
        at java.base@21.0.6/java.util.concurrent.ThreadPoolExecutor$Worker.run(ThreadPoolExecutor.java:642)
        at java.base@21.0.6/java.lang.Thread.runWith(Thread.java:1596)
        at java.base@21.0.6/java.lang.Thread.run(Thread.java:1583)
"4a3059aa-ae89-4e47-8f1e-08d61ab31d43-ChunkWriter-0-0" daemon prio=5 tid=841 in Object.wait()
java.lang.Thread.State: WAITING (on object monitor)
        at java.base@21.0.6/jdk.internal.misc.Unsafe.park(Native Method)
        at java.base@21.0.6/java.util.concurrent.locks.LockSupport.park(LockSupport.java:371)
        at java.base@21.0.6/java.util.concurrent.locks.AbstractQueuedSynchronizer$ConditionNode.block(AbstractQueuedSynchronizer.java:519)
        at java.base@21.0.6/java.util.concurrent.ForkJoinPool.unmanagedBlock(ForkJoinPool.java:3780)
        at java.base@21.0.6/java.util.concurrent.ForkJoinPool.managedBlock(ForkJoinPool.java:3725)
        at java.base@21.0.6/java.util.concurrent.locks.AbstractQueuedSynchronizer$ConditionObject.await(AbstractQueuedSynchronizer.java:1712)
        at java.base@21.0.6/java.util.concurrent.LinkedBlockingDeque.takeFirst(LinkedBlockingDeque.java:485)
        at java.base@21.0.6/java.util.concurrent.LinkedBlockingDeque.take(LinkedBlockingDeque.java:673)
        at java.base@21.0.6/java.util.concurrent.ThreadPoolExecutor.getTask(ThreadPoolExecutor.java:1070)
        at java.base@21.0.6/java.util.concurrent.ThreadPoolExecutor.runWorker(ThreadPoolExecutor.java:1130)
        at java.base@21.0.6/java.util.concurrent.ThreadPoolExecutor$Worker.run(ThreadPoolExecutor.java:642)
        at java.base@21.0.6/java.lang.Thread.runWith(Thread.java:1596)
        at java.base@21.0.6/java.lang.Thread.run(Thread.java:1583)
"a6bf55e3-38e4-411e-ac0b-5acdb6a35656-EndpointStateMachineTaskThread-/0.0.0.0:15002-0 "  prio=5 tid=757 in Object.wait()
java.lang.Thread.State: WAITING (on object monitor)
        at java.base@21.0.6/jdk.internal.misc.Unsafe.park(Native Method)
        at java.base@21.0.6/java.util.concurrent.locks.LockSupport.park(LockSupport.java:371)
        at java.base@21.0.6/java.util.concurrent.locks.AbstractQueuedSynchronizer$ConditionNode.block(AbstractQueuedSynchronizer.java:519)
        at java.base@21.0.6/java.util.concurrent.ForkJoinPool.unmanagedBlock(ForkJoinPool.java:3780)
        at java.base@21.0.6/java.util.concurrent.ForkJoinPool.managedBlock(ForkJoinPool.java:3725)
        at java.base@21.0.6/java.util.concurrent.locks.AbstractQueuedSynchronizer$ConditionObject.await(AbstractQueuedSynchronizer.java:1712)
        at java.base@21.0.6/java.util.concurrent.LinkedBlockingQueue.take(LinkedBlockingQueue.java:435)
        at java.base@21.0.6/java.util.concurrent.ThreadPoolExecutor.getTask(ThreadPoolExecutor.java:1070)
        at java.base@21.0.6/java.util.concurrent.ThreadPoolExecutor.runWorker(ThreadPoolExecutor.java:1130)
        at java.base@21.0.6/java.util.concurrent.ThreadPoolExecutor$Worker.run(ThreadPoolExecutor.java:642)
        at java.base@21.0.6/java.lang.Thread.runWith(Thread.java:1596)
        at java.base@21.0.6/java.lang.Thread.run(Thread.java:1583)
"EventQueue-NodeRegistrationContainerReportForDataNodeSafeModeRule" daemon prio=5 tid=759 in Object.wait()
java.lang.Thread.State: WAITING (on object monitor)
        at java.base@21.0.6/jdk.internal.misc.Unsafe.park(Native Method)
        at java.base@21.0.6/java.util.concurrent.locks.LockSupport.park(LockSupport.java:371)
        at java.base@21.0.6/java.util.concurrent.locks.AbstractQueuedSynchronizer$ConditionNode.block(AbstractQueuedSynchronizer.java:519)
        at java.base@21.0.6/java.util.concurrent.ForkJoinPool.unmanagedBlock(ForkJoinPool.java:3780)
        at java.base@21.0.6/java.util.concurrent.ForkJoinPool.managedBlock(ForkJoinPool.java:3725)
        at java.base@21.0.6/java.util.concurrent.locks.AbstractQueuedSynchronizer$ConditionObject.await(AbstractQueuedSynchronizer.java:1712)
        at java.base@21.0.6/java.util.concurrent.LinkedBlockingQueue.take(LinkedBlockingQueue.java:435)
        at java.base@21.0.6/java.util.concurrent.ThreadPoolExecutor.getTask(ThreadPoolExecutor.java:1070)
        at java.base@21.0.6/java.util.concurrent.ThreadPoolExecutor.runWorker(ThreadPoolExecutor.java:1130)
        at java.base@21.0.6/java.util.concurrent.ThreadPoolExecutor$Worker.run(ThreadPoolExecutor.java:642)
        at java.base@21.0.6/java.lang.Thread.runWith(Thread.java:1596)
        at java.base@21.0.6/java.lang.Thread.run(Thread.java:1583)
"pool-138-thread-1"  prio=5 tid=613 timed_waiting
java.lang.Thread.State: TIMED_WAITING
        at java.base@21.0.6/jdk.internal.misc.Unsafe.park(Native Method)
        at java.base@21.0.6/java.util.concurrent.locks.LockSupport.parkNanos(LockSupport.java:269)
        at java.base@21.0.6/java.util.concurrent.locks.AbstractQueuedSynchronizer$ConditionObject.awaitNanos(AbstractQueuedSynchronizer.java:1763)
        at java.base@21.0.6/java.util.concurrent.ScheduledThreadPoolExecutor$DelayedWorkQueue.take(ScheduledThreadPoolExecutor.java:1182)
        at java.base@21.0.6/java.util.concurrent.ScheduledThreadPoolExecutor$DelayedWorkQueue.take(ScheduledThreadPoolExecutor.java:899)
        at java.base@21.0.6/java.util.concurrent.ThreadPoolExecutor.getTask(ThreadPoolExecutor.java:1070)
        at java.base@21.0.6/java.util.concurrent.ThreadPoolExecutor.runWorker(ThreadPoolExecutor.java:1130)
        at java.base@21.0.6/java.util.concurrent.ThreadPoolExecutor$Worker.run(ThreadPoolExecutor.java:642)
        at java.base@21.0.6/java.lang.Thread.runWith(Thread.java:1596)
        at java.base@21.0.6/java.lang.Thread.run(Thread.java:1583)
"4a3059aa-ae89-4e47-8f1e-08d61ab31d43-groupManagement"  prio=5 tid=949 in Object.wait()
java.lang.Thread.State: WAITING (on object monitor)
        at java.base@21.0.6/jdk.internal.misc.Unsafe.park(Native Method)
        at java.base@21.0.6/java.util.concurrent.locks.LockSupport.park(LockSupport.java:371)
        at java.base@21.0.6/java.util.concurrent.locks.AbstractQueuedSynchronizer$ConditionNode.block(AbstractQueuedSynchronizer.java:519)
        at java.base@21.0.6/java.util.concurrent.ForkJoinPool.unmanagedBlock(ForkJoinPool.java:3780)
        at java.base@21.0.6/java.util.concurrent.ForkJoinPool.managedBlock(ForkJoinPool.java:3725)
        at java.base@21.0.6/java.util.concurrent.locks.AbstractQueuedSynchronizer$ConditionObject.await(AbstractQueuedSynchronizer.java:1712)
        at java.base@21.0.6/java.util.concurrent.LinkedBlockingQueue.take(LinkedBlockingQueue.java:435)
        at java.base@21.0.6/java.util.concurrent.ThreadPoolExecutor.getTask(ThreadPoolExecutor.java:1070)
        at java.base@21.0.6/java.util.concurrent.ThreadPoolExecutor.runWorker(ThreadPoolExecutor.java:1130)
        at java.base@21.0.6/java.util.concurrent.ThreadPoolExecutor$Worker.run(ThreadPoolExecutor.java:642)
        at java.base@21.0.6/java.lang.Thread.runWith(Thread.java:1596)
        at java.base@21.0.6/java.lang.Thread.run(Thread.java:1583)
"IPC Server handler 7 on default port 15043" daemon prio=5 tid=790 timed_waiting
java.lang.Thread.State: TIMED_WAITING
        at java.base@21.0.6/jdk.internal.misc.Unsafe.park(Native Method)
        at java.base@21.0.6/java.util.concurrent.locks.LockSupport.parkNanos(LockSupport.java:269)
        at java.base@21.0.6/java.util.concurrent.locks.AbstractQueuedSynchronizer$ConditionObject.awaitNanos(AbstractQueuedSynchronizer.java:1763)
        at java.base@21.0.6/java.util.concurrent.LinkedBlockingQueue.poll(LinkedBlockingQueue.java:460)
        at app//org.apache.hadoop.ipc.CallQueueManager.take(CallQueueManager.java:370)
        at app//org.apache.hadoop.ipc.Server$Handler.run(Server.java:3165)
"IPC Server handler 65 on default port 15002" daemon prio=5 tid=401 timed_waiting
java.lang.Thread.State: TIMED_WAITING
        at java.base@21.0.6/jdk.internal.misc.Unsafe.park(Native Method)
        at java.base@21.0.6/java.util.concurrent.locks.LockSupport.parkNanos(LockSupport.java:269)
        at java.base@21.0.6/java.util.concurrent.locks.AbstractQueuedSynchronizer$ConditionObject.awaitNanos(AbstractQueuedSynchronizer.java:1763)
        at java.base@21.0.6/java.util.concurrent.LinkedBlockingQueue.poll(LinkedBlockingQueue.java:460)
        at app//org.apache.hadoop.ipc.CallQueueManager.take(CallQueueManager.java:370)
        at app//org.apache.hadoop.ipc.Server$Handler.run(Server.java:3165)
"d6a19b8b-82a2-4947-8b44-7228be6ad053-DataNodeDiskCheckerThread-0" daemon prio=5 tid=817 timed_waiting
java.lang.Thread.State: TIMED_WAITING
        at java.base@21.0.6/jdk.internal.misc.Unsafe.park(Native Method)
        at java.base@21.0.6/java.util.concurrent.locks.LockSupport.parkNanos(LockSupport.java:410)
        at java.base@21.0.6/java.util.concurrent.LinkedTransferQueue$DualNode.await(LinkedTransferQueue.java:452)
        at java.base@21.0.6/java.util.concurrent.SynchronousQueue$Transferer.xferLifo(SynchronousQueue.java:194)
        at java.base@21.0.6/java.util.concurrent.SynchronousQueue.xfer(SynchronousQueue.java:235)
        at java.base@21.0.6/java.util.concurrent.SynchronousQueue.poll(SynchronousQueue.java:338)
        at java.base@21.0.6/java.util.concurrent.ThreadPoolExecutor.getTask(ThreadPoolExecutor.java:1069)
        at java.base@21.0.6/java.util.concurrent.ThreadPoolExecutor.runWorker(ThreadPoolExecutor.java:1130)
        at java.base@21.0.6/java.util.concurrent.ThreadPoolExecutor$Worker.run(ThreadPoolExecutor.java:642)
        at java.base@21.0.6/java.lang.Thread.runWith(Thread.java:1596)
        at java.base@21.0.6/java.lang.Thread.run(Thread.java:1583)
"grpc-default-executor-2" daemon prio=5 tid=976 timed_waiting
java.lang.Thread.State: TIMED_WAITING
        at java.base@21.0.6/jdk.internal.misc.Unsafe.park(Native Method)
        at java.base@21.0.6/java.util.concurrent.locks.LockSupport.parkNanos(LockSupport.java:410)
        at java.base@21.0.6/java.util.concurrent.LinkedTransferQueue$DualNode.await(LinkedTransferQueue.java:452)
        at java.base@21.0.6/java.util.concurrent.SynchronousQueue$Transferer.xferLifo(SynchronousQueue.java:194)
        at java.base@21.0.6/java.util.concurrent.SynchronousQueue.xfer(SynchronousQueue.java:235)
        at java.base@21.0.6/java.util.concurrent.SynchronousQueue.poll(SynchronousQueue.java:338)
        at java.base@21.0.6/java.util.concurrent.ThreadPoolExecutor.getTask(ThreadPoolExecutor.java:1069)
        at java.base@21.0.6/java.util.concurrent.ThreadPoolExecutor.runWorker(ThreadPoolExecutor.java:1130)
        at java.base@21.0.6/java.util.concurrent.ThreadPoolExecutor$Worker.run(ThreadPoolExecutor.java:642)
        at java.base@21.0.6/java.lang.Thread.runWith(Thread.java:1596)
        at java.base@21.0.6/java.lang.Thread.run(Thread.java:1583)
"IPC Server handler 6 on default port 15001" daemon prio=5 tid=224 timed_waiting
java.lang.Thread.State: TIMED_WAITING
        at java.base@21.0.6/jdk.internal.misc.Unsafe.park(Native Method)
        at java.base@21.0.6/java.util.concurrent.locks.LockSupport.parkNanos(LockSupport.java:269)
        at java.base@21.0.6/java.util.concurrent.locks.AbstractQueuedSynchronizer$ConditionObject.awaitNanos(AbstractQueuedSynchronizer.java:1763)
        at java.base@21.0.6/java.util.concurrent.LinkedBlockingQueue.poll(LinkedBlockingQueue.java:460)
        at app//org.apache.hadoop.ipc.CallQueueManager.take(CallQueueManager.java:370)
        at app//org.apache.hadoop.ipc.Server$Handler.run(Server.java:3165)
"IPC Server handler 4 on default port 15019" daemon prio=5 tid=595 timed_waiting
java.lang.Thread.State: TIMED_WAITING
        at java.base@21.0.6/jdk.internal.misc.Unsafe.park(Native Method)
        at java.base@21.0.6/java.util.concurrent.locks.LockSupport.parkNanos(LockSupport.java:269)
        at java.base@21.0.6/java.util.concurrent.locks.AbstractQueuedSynchronizer$ConditionObject.awaitNanos(AbstractQueuedSynchronizer.java:1763)
        at java.base@21.0.6/java.util.concurrent.LinkedBlockingQueue.poll(LinkedBlockingQueue.java:460)
        at app//org.apache.hadoop.ipc.CallQueueManager.take(CallQueueManager.java:370)
        at app//org.apache.hadoop.ipc.Server$Handler.run(Server.java:3165)
"EventQueue-ContainerRegistrationReportForECContainerSafeModeRule" daemon prio=5 tid=760 in Object.wait()
java.lang.Thread.State: WAITING (on object monitor)
        at java.base@21.0.6/jdk.internal.misc.Unsafe.park(Native Method)
        at java.base@21.0.6/java.util.concurrent.locks.LockSupport.park(LockSupport.java:371)
        at java.base@21.0.6/java.util.concurrent.locks.AbstractQueuedSynchronizer$ConditionNode.block(AbstractQueuedSynchronizer.java:519)
        at java.base@21.0.6/java.util.concurrent.ForkJoinPool.unmanagedBlock(ForkJoinPool.java:3780)
        at java.base@21.0.6/java.util.concurrent.ForkJoinPool.managedBlock(ForkJoinPool.java:3725)
        at java.base@21.0.6/java.util.concurrent.locks.AbstractQueuedSynchronizer$ConditionObject.await(AbstractQueuedSynchronizer.java:1712)
        at java.base@21.0.6/java.util.concurrent.LinkedBlockingQueue.take(LinkedBlockingQueue.java:435)
        at java.base@21.0.6/java.util.concurrent.ThreadPoolExecutor.getTask(ThreadPoolExecutor.java:1070)
        at java.base@21.0.6/java.util.concurrent.ThreadPoolExecutor.runWorker(ThreadPoolExecutor.java:1130)
        at java.base@21.0.6/java.util.concurrent.ThreadPoolExecutor$Worker.run(ThreadPoolExecutor.java:642)
        at java.base@21.0.6/java.lang.Thread.runWith(Thread.java:1596)
        at java.base@21.0.6/java.lang.Thread.run(Thread.java:1583)
"IPC Server handler 7 on default port 15027" daemon prio=5 tid=644 timed_waiting
java.lang.Thread.State: TIMED_WAITING
        at java.base@21.0.6/jdk.internal.misc.Unsafe.park(Native Method)
        at java.base@21.0.6/java.util.concurrent.locks.LockSupport.parkNanos(LockSupport.java:269)
        at java.base@21.0.6/java.util.concurrent.locks.AbstractQueuedSynchronizer$ConditionObject.awaitNanos(AbstractQueuedSynchronizer.java:1763)
        at java.base@21.0.6/java.util.concurrent.LinkedBlockingQueue.poll(LinkedBlockingQueue.java:460)
        at app//org.apache.hadoop.ipc.CallQueueManager.take(CallQueueManager.java:370)
        at app//org.apache.hadoop.ipc.Server$Handler.run(Server.java:3165)
"IPC Server handler 83 on default port 15002" daemon prio=5 tid=419 timed_waiting
java.lang.Thread.State: TIMED_WAITING
        at java.base@21.0.6/jdk.internal.misc.Unsafe.park(Native Method)
        at java.base@21.0.6/java.util.concurrent.locks.LockSupport.parkNanos(LockSupport.java:269)
        at java.base@21.0.6/java.util.concurrent.locks.AbstractQueuedSynchronizer$ConditionObject.awaitNanos(AbstractQueuedSynchronizer.java:1763)
        at java.base@21.0.6/java.util.concurrent.LinkedBlockingQueue.poll(LinkedBlockingQueue.java:460)
        at app//org.apache.hadoop.ipc.CallQueueManager.take(CallQueueManager.java:370)
        at app//org.apache.hadoop.ipc.Server$Handler.run(Server.java:3165)
"IPC Server handler 71 on default port 15002" daemon prio=5 tid=407 timed_waiting
java.lang.Thread.State: TIMED_WAITING
        at java.base@21.0.6/jdk.internal.misc.Unsafe.park(Native Method)
        at java.base@21.0.6/java.util.concurrent.locks.LockSupport.parkNanos(LockSupport.java:269)
        at java.base@21.0.6/java.util.concurrent.locks.AbstractQueuedSynchronizer$ConditionObject.awaitNanos(AbstractQueuedSynchronizer.java:1763)
        at java.base@21.0.6/java.util.concurrent.LinkedBlockingQueue.poll(LinkedBlockingQueue.java:460)
        at app//org.apache.hadoop.ipc.CallQueueManager.take(CallQueueManager.java:370)
        at app//org.apache.hadoop.ipc.Server$Handler.run(Server.java:3165)
"Socket Reader #2 for port 15019"  prio=5 tid=579 runnable
java.lang.Thread.State: RUNNABLE
        at java.base@21.0.6/sun.nio.ch.EPoll.wait(Native Method)
        at java.base@21.0.6/sun.nio.ch.EPollSelectorImpl.doSelect(EPollSelectorImpl.java:121)
        at java.base@21.0.6/sun.nio.ch.SelectorImpl.lockAndDoSelect(SelectorImpl.java:130)
        at java.base@21.0.6/sun.nio.ch.SelectorImpl.select(SelectorImpl.java:147)
        at app//org.apache.hadoop.ipc.Server$Listener$Reader.doRunLoop(Server.java:1497)
        at app//org.apache.hadoop.ipc.Server$Listener$Reader.run(Server.java:1476)
"qtp2049070779-752" daemon prio=5 tid=752 timed_waiting
java.lang.Thread.State: TIMED_WAITING
        at java.base@21.0.6/jdk.internal.misc.Unsafe.park(Native Method)
        at java.base@21.0.6/java.util.concurrent.locks.LockSupport.parkNanos(LockSupport.java:269)
        at java.base@21.0.6/java.util.concurrent.locks.AbstractQueuedSynchronizer$ConditionObject.awaitNanos(AbstractQueuedSynchronizer.java:1763)
        at app//org.eclipse.jetty.util.BlockingArrayQueue.poll(BlockingArrayQueue.java:382)
        at app//org.eclipse.jetty.util.thread.QueuedThreadPool$Runner.idleJobPoll(QueuedThreadPool.java:974)
        at app//org.eclipse.jetty.util.thread.QueuedThreadPool$Runner.run(QueuedThreadPool.java:1018)
        at java.base@21.0.6/java.lang.Thread.runWith(Thread.java:1596)
        at java.base@21.0.6/java.lang.Thread.run(Thread.java:1583)
"IPC Server handler 44 on default port 15001" daemon prio=5 tid=262 timed_waiting
java.lang.Thread.State: TIMED_WAITING
        at java.base@21.0.6/jdk.internal.misc.Unsafe.park(Native Method)
        at java.base@21.0.6/java.util.concurrent.locks.LockSupport.parkNanos(LockSupport.java:269)
        at java.base@21.0.6/java.util.concurrent.locks.AbstractQueuedSynchronizer$ConditionObject.awaitNanos(AbstractQueuedSynchronizer.java:1763)
        at java.base@21.0.6/java.util.concurrent.LinkedBlockingQueue.poll(LinkedBlockingQueue.java:460)
        at app//org.apache.hadoop.ipc.CallQueueManager.take(CallQueueManager.java:370)
        at app//org.apache.hadoop.ipc.Server$Handler.run(Server.java:3165)
"IPC Server handler 33 on default port 15001" daemon prio=5 tid=251 timed_waiting
java.lang.Thread.State: TIMED_WAITING
        at java.base@21.0.6/jdk.internal.misc.Unsafe.park(Native Method)
        at java.base@21.0.6/java.util.concurrent.locks.LockSupport.parkNanos(LockSupport.java:269)
        at java.base@21.0.6/java.util.concurrent.locks.AbstractQueuedSynchronizer$ConditionObject.awaitNanos(AbstractQueuedSynchronizer.java:1763)
        at java.base@21.0.6/java.util.concurrent.LinkedBlockingQueue.poll(LinkedBlockingQueue.java:460)
        at app//org.apache.hadoop.ipc.CallQueueManager.take(CallQueueManager.java:370)
        at app//org.apache.hadoop.ipc.Server$Handler.run(Server.java:3165)
"StaleRecoveringContainerScrubbingService#0" daemon prio=5 tid=740 timed_waiting
java.lang.Thread.State: TIMED_WAITING
        at java.base@21.0.6/jdk.internal.misc.Unsafe.park(Native Method)
        at java.base@21.0.6/java.util.concurrent.locks.LockSupport.parkNanos(LockSupport.java:269)
        at java.base@21.0.6/java.util.concurrent.locks.AbstractQueuedSynchronizer$ConditionObject.awaitNanos(AbstractQueuedSynchronizer.java:1763)
        at java.base@21.0.6/java.util.concurrent.ScheduledThreadPoolExecutor$DelayedWorkQueue.take(ScheduledThreadPoolExecutor.java:1182)
        at java.base@21.0.6/java.util.concurrent.ScheduledThreadPoolExecutor$DelayedWorkQueue.take(ScheduledThreadPoolExecutor.java:899)
        at java.base@21.0.6/java.util.concurrent.ThreadPoolExecutor.getTask(ThreadPoolExecutor.java:1070)
        at java.base@21.0.6/java.util.concurrent.ThreadPoolExecutor.runWorker(ThreadPoolExecutor.java:1130)
        at java.base@21.0.6/java.util.concurrent.ThreadPoolExecutor$Worker.run(ThreadPoolExecutor.java:642)
        at java.base@21.0.6/java.lang.Thread.runWith(Thread.java:1596)
        at java.base@21.0.6/java.lang.Thread.run(Thread.java:1583)
"gradle-enterprise-test-client-gradle-enterprise-test-listener"  prio=5 tid=31 in Object.wait()
java.lang.Thread.State: WAITING (on object monitor)
        at java.base@21.0.6/jdk.internal.misc.Unsafe.park(Native Method)
        at java.base@21.0.6/java.util.concurrent.locks.LockSupport.park(LockSupport.java:371)
        at java.base@21.0.6/java.util.concurrent.locks.AbstractQueuedSynchronizer$ConditionNode.block(AbstractQueuedSynchronizer.java:519)
        at java.base@21.0.6/java.util.concurrent.ForkJoinPool.unmanagedBlock(ForkJoinPool.java:3780)
        at java.base@21.0.6/java.util.concurrent.ForkJoinPool.managedBlock(ForkJoinPool.java:3725)
        at java.base@21.0.6/java.util.concurrent.locks.AbstractQueuedSynchronizer$ConditionObject.await(AbstractQueuedSynchronizer.java:1712)
        at java.base@21.0.6/java.util.concurrent.ArrayBlockingQueue.take(ArrayBlockingQueue.java:420)
        at app//com.gradle.maven.scan.extension.test.listener.obfuscated.k.a.a(SourceFile:130)
        at app//com.gradle.maven.scan.extension.test.listener.obfuscated.k.a.b(SourceFile:93)
        at app//com.gradle.maven.scan.extension.test.listener.obfuscated.k.a$$Lambda/0x00007fd0ac124240.run(Unknown Source)
        at java.base@21.0.6/java.util.concurrent.Executors$RunnableAdapter.call(Executors.java:572)
        at java.base@21.0.6/java.util.concurrent.FutureTask.run(FutureTask.java:317)
        at java.base@21.0.6/java.util.concurrent.ThreadPoolExecutor.runWorker(ThreadPoolExecutor.java:1144)
        at java.base@21.0.6/java.util.concurrent.ThreadPoolExecutor$Worker.run(ThreadPoolExecutor.java:642)
        at java.base@21.0.6/java.lang.Thread.runWith(Thread.java:1596)
        at java.base@21.0.6/java.lang.Thread.run(Thread.java:1583)
"IPC Server handler 9 on default port 15027" daemon prio=5 tid=646 timed_waiting
java.lang.Thread.State: TIMED_WAITING
        at java.base@21.0.6/jdk.internal.misc.Unsafe.park(Native Method)
        at java.base@21.0.6/java.util.concurrent.locks.LockSupport.parkNanos(LockSupport.java:269)
        at java.base@21.0.6/java.util.concurrent.locks.AbstractQueuedSynchronizer$ConditionObject.awaitNanos(AbstractQueuedSynchronizer.java:1763)
        at java.base@21.0.6/java.util.concurrent.LinkedBlockingQueue.poll(LinkedBlockingQueue.java:460)
        at app//org.apache.hadoop.ipc.CallQueueManager.take(CallQueueManager.java:370)
        at app//org.apache.hadoop.ipc.Server$Handler.run(Server.java:3165)
"StaleRecoveringContainerScrubbingService#0" daemon prio=5 tid=848 in Object.wait()
java.lang.Thread.State: WAITING (on object monitor)
        at java.base@21.0.6/jdk.internal.misc.Unsafe.park(Native Method)
        at java.base@21.0.6/java.util.concurrent.locks.LockSupport.park(LockSupport.java:371)
        at java.base@21.0.6/java.util.concurrent.locks.AbstractQueuedSynchronizer$ConditionNode.block(AbstractQueuedSynchronizer.java:519)
        at java.base@21.0.6/java.util.concurrent.ForkJoinPool.unmanagedBlock(ForkJoinPool.java:3780)
        at java.base@21.0.6/java.util.concurrent.ForkJoinPool.managedBlock(ForkJoinPool.java:3725)
        at java.base@21.0.6/java.util.concurrent.locks.AbstractQueuedSynchronizer$ConditionObject.await(AbstractQueuedSynchronizer.java:1712)
        at java.base@21.0.6/java.util.concurrent.ScheduledThreadPoolExecutor$DelayedWorkQueue.take(ScheduledThreadPoolExecutor.java:1177)
        at java.base@21.0.6/java.util.concurrent.ScheduledThreadPoolExecutor$DelayedWorkQueue.take(ScheduledThreadPoolExecutor.java:899)
        at java.base@21.0.6/java.util.concurrent.ThreadPoolExecutor.getTask(ThreadPoolExecutor.java:1070)
        at java.base@21.0.6/java.util.concurrent.ThreadPoolExecutor.runWorker(ThreadPoolExecutor.java:1130)
        at java.base@21.0.6/java.util.concurrent.ThreadPoolExecutor$Worker.run(ThreadPoolExecutor.java:642)
        at java.base@21.0.6/java.lang.Thread.runWith(Thread.java:1596)
        at java.base@21.0.6/java.lang.Thread.run(Thread.java:1583)
"Socket Reader #7 for port 15002"  prio=5 tid=66 runnable
java.lang.Thread.State: RUNNABLE
        at java.base@21.0.6/sun.nio.ch.EPoll.wait(Native Method)
        at java.base@21.0.6/sun.nio.ch.EPollSelectorImpl.doSelect(EPollSelectorImpl.java:121)
        at java.base@21.0.6/sun.nio.ch.SelectorImpl.lockAndDoSelect(SelectorImpl.java:130)
        at java.base@21.0.6/sun.nio.ch.SelectorImpl.select(SelectorImpl.java:147)
        at app//org.apache.hadoop.ipc.Server$Listener$Reader.doRunLoop(Server.java:1497)
        at app//org.apache.hadoop.ipc.Server$Listener$Reader.run(Server.java:1476)
"IPC Server Responder" daemon prio=5 tid=705 runnable
java.lang.Thread.State: RUNNABLE
        at java.base@21.0.6/sun.nio.ch.EPoll.wait(Native Method)
        at java.base@21.0.6/sun.nio.ch.EPollSelectorImpl.doSelect(EPollSelectorImpl.java:121)
        at java.base@21.0.6/sun.nio.ch.SelectorImpl.lockAndDoSelect(SelectorImpl.java:130)
        at java.base@21.0.6/sun.nio.ch.SelectorImpl.select(SelectorImpl.java:142)
        at app//org.apache.hadoop.ipc.Server$Responder.doRunLoop(Server.java:1733)
        at app//org.apache.hadoop.ipc.Server$Responder.run(Server.java:1716)
"IPC Server handler 92 on default port 15000" daemon prio=5 tid=210 timed_waiting
java.lang.Thread.State: TIMED_WAITING
        at java.base@21.0.6/jdk.internal.misc.Unsafe.park(Native Method)
        at java.base@21.0.6/java.util.concurrent.locks.LockSupport.parkNanos(LockSupport.java:269)
        at java.base@21.0.6/java.util.concurrent.locks.AbstractQueuedSynchronizer$ConditionObject.awaitNanos(AbstractQueuedSynchronizer.java:1763)
        at java.base@21.0.6/java.util.concurrent.LinkedBlockingQueue.poll(LinkedBlockingQueue.java:460)
        at app//org.apache.hadoop.ipc.CallQueueManager.take(CallQueueManager.java:370)
        at app//org.apache.hadoop.ipc.Server$Handler.run(Server.java:3165)
"Socket Reader #5 for port 15019"  prio=5 tid=582 runnable
java.lang.Thread.State: RUNNABLE
        at java.base@21.0.6/sun.nio.ch.EPoll.wait(Native Method)
        at java.base@21.0.6/sun.nio.ch.EPollSelectorImpl.doSelect(EPollSelectorImpl.java:121)
        at java.base@21.0.6/sun.nio.ch.SelectorImpl.lockAndDoSelect(SelectorImpl.java:130)
        at java.base@21.0.6/sun.nio.ch.SelectorImpl.select(SelectorImpl.java:147)
        at app//org.apache.hadoop.ipc.Server$Listener$Reader.doRunLoop(Server.java:1497)
        at app//org.apache.hadoop.ipc.Server$Listener$Reader.run(Server.java:1476)
"Hadoop-Metrics-Updater-0" daemon prio=5 tid=72 timed_waiting
java.lang.Thread.State: TIMED_WAITING
        at java.base@21.0.6/jdk.internal.misc.Unsafe.park(Native Method)
        at java.base@21.0.6/java.util.concurrent.locks.LockSupport.parkNanos(LockSupport.java:269)
        at java.base@21.0.6/java.util.concurrent.locks.AbstractQueuedSynchronizer$ConditionObject.awaitNanos(AbstractQueuedSynchronizer.java:1763)
        at java.base@21.0.6/java.util.concurrent.ScheduledThreadPoolExecutor$DelayedWorkQueue.take(ScheduledThreadPoolExecutor.java:1182)
        at java.base@21.0.6/java.util.concurrent.ScheduledThreadPoolExecutor$DelayedWorkQueue.take(ScheduledThreadPoolExecutor.java:899)
        at java.base@21.0.6/java.util.concurrent.ThreadPoolExecutor.getTask(ThreadPoolExecutor.java:1070)
        at java.base@21.0.6/java.util.concurrent.ThreadPoolExecutor.runWorker(ThreadPoolExecutor.java:1130)
        at java.base@21.0.6/java.util.concurrent.ThreadPoolExecutor$Worker.run(ThreadPoolExecutor.java:642)
        at java.base@21.0.6/java.lang.Thread.runWith(Thread.java:1596)
        at java.base@21.0.6/java.lang.Thread.run(Thread.java:1583)
"Socket Reader #9 for port 15001"  prio=5 tid=82 runnable
java.lang.Thread.State: RUNNABLE
        at java.base@21.0.6/sun.nio.ch.EPoll.wait(Native Method)
        at java.base@21.0.6/sun.nio.ch.EPollSelectorImpl.doSelect(EPollSelectorImpl.java:121)
        at java.base@21.0.6/sun.nio.ch.SelectorImpl.lockAndDoSelect(SelectorImpl.java:130)
        at java.base@21.0.6/sun.nio.ch.SelectorImpl.select(SelectorImpl.java:147)
        at app//org.apache.hadoop.ipc.Server$Listener$Reader.doRunLoop(Server.java:1497)
        at app//org.apache.hadoop.ipc.Server$Listener$Reader.run(Server.java:1476)
"timer4" daemon prio=5 tid=984 timed_waiting
java.lang.Thread.State: TIMED_WAITING
        at java.base@21.0.6/java.lang.Object.wait0(Native Method)
        at java.base@21.0.6/java.lang.Object.wait(Object.java:366)
        at java.base@21.0.6/java.util.TimerThread.mainLoop(Timer.java:563)
        at java.base@21.0.6/java.util.TimerThread.run(Timer.java:516)
"StaleRecoveringContainerScrubbingService#1" daemon prio=5 tid=811 in Object.wait()
java.lang.Thread.State: WAITING (on object monitor)
        at java.base@21.0.6/jdk.internal.misc.Unsafe.park(Native Method)
        at java.base@21.0.6/java.util.concurrent.locks.LockSupport.park(LockSupport.java:371)
        at java.base@21.0.6/java.util.concurrent.locks.AbstractQueuedSynchronizer$ConditionNode.block(AbstractQueuedSynchronizer.java:519)
        at java.base@21.0.6/java.util.concurrent.ForkJoinPool.unmanagedBlock(ForkJoinPool.java:3780)
        at java.base@21.0.6/java.util.concurrent.ForkJoinPool.managedBlock(ForkJoinPool.java:3725)
        at java.base@21.0.6/java.util.concurrent.locks.AbstractQueuedSynchronizer$ConditionObject.await(AbstractQueuedSynchronizer.java:1712)
        at java.base@21.0.6/java.util.concurrent.ScheduledThreadPoolExecutor$DelayedWorkQueue.take(ScheduledThreadPoolExecutor.java:1177)
        at java.base@21.0.6/java.util.concurrent.ScheduledThreadPoolExecutor$DelayedWorkQueue.take(ScheduledThreadPoolExecutor.java:899)
        at java.base@21.0.6/java.util.concurrent.ThreadPoolExecutor.getTask(ThreadPoolExecutor.java:1070)
        at java.base@21.0.6/java.util.concurrent.ThreadPoolExecutor.runWorker(ThreadPoolExecutor.java:1130)
        at java.base@21.0.6/java.util.concurrent.ThreadPoolExecutor$Worker.run(ThreadPoolExecutor.java:642)
        at java.base@21.0.6/java.lang.Thread.runWith(Thread.java:1596)
        at java.base@21.0.6/java.lang.Thread.run(Thread.java:1583)
"IPC Server handler 2 on default port 15002" daemon prio=5 tid=338 timed_waiting
java.lang.Thread.State: TIMED_WAITING
        at java.base@21.0.6/jdk.internal.misc.Unsafe.park(Native Method)
        at java.base@21.0.6/java.util.concurrent.locks.LockSupport.parkNanos(LockSupport.java:269)
        at java.base@21.0.6/java.util.concurrent.locks.AbstractQueuedSynchronizer$ConditionObject.awaitNanos(AbstractQueuedSynchronizer.java:1763)
        at java.base@21.0.6/java.util.concurrent.LinkedBlockingQueue.poll(LinkedBlockingQueue.java:460)
        at app//org.apache.hadoop.ipc.CallQueueManager.take(CallQueueManager.java:370)
        at app//org.apache.hadoop.ipc.Server$Handler.run(Server.java:3165)
"93cc9901-be1a-45f5-9681-0d93e627c426-BlockDeletingService#0" daemon prio=5 tid=739 timed_waiting
java.lang.Thread.State: TIMED_WAITING
        at java.base@21.0.6/jdk.internal.misc.Unsafe.park(Native Method)
        at java.base@21.0.6/java.util.concurrent.locks.LockSupport.parkNanos(LockSupport.java:269)
        at java.base@21.0.6/java.util.concurrent.locks.AbstractQueuedSynchronizer$ConditionObject.awaitNanos(AbstractQueuedSynchronizer.java:1763)
        at java.base@21.0.6/java.util.concurrent.ScheduledThreadPoolExecutor$DelayedWorkQueue.take(ScheduledThreadPoolExecutor.java:1182)
        at java.base@21.0.6/java.util.concurrent.ScheduledThreadPoolExecutor$DelayedWorkQueue.take(ScheduledThreadPoolExecutor.java:899)
        at java.base@21.0.6/java.util.concurrent.ThreadPoolExecutor.getTask(ThreadPoolExecutor.java:1070)
        at java.base@21.0.6/java.util.concurrent.ThreadPoolExecutor.runWorker(ThreadPoolExecutor.java:1130)
        at java.base@21.0.6/java.util.concurrent.ThreadPoolExecutor$Worker.run(ThreadPoolExecutor.java:642)
        at java.base@21.0.6/java.lang.Thread.runWith(Thread.java:1596)
        at java.base@21.0.6/java.lang.Thread.run(Thread.java:1583)
"qtp1419970068-669" daemon prio=5 tid=669 timed_waiting
java.lang.Thread.State: TIMED_WAITING
        at java.base@21.0.6/jdk.internal.misc.Unsafe.park(Native Method)
        at java.base@21.0.6/java.util.concurrent.locks.LockSupport.parkNanos(LockSupport.java:269)
        at java.base@21.0.6/java.util.concurrent.locks.AbstractQueuedSynchronizer$ConditionObject.awaitNanos(AbstractQueuedSynchronizer.java:1763)
        at app//org.eclipse.jetty.util.BlockingArrayQueue.poll(BlockingArrayQueue.java:382)
        at app//org.eclipse.jetty.util.thread.QueuedThreadPool$Runner.idleJobPoll(QueuedThreadPool.java:974)
        at app//org.eclipse.jetty.util.thread.QueuedThreadPool$Runner.run(QueuedThreadPool.java:1018)
        at java.base@21.0.6/java.lang.Thread.runWith(Thread.java:1596)
        at java.base@21.0.6/java.lang.Thread.run(Thread.java:1583)
"IPC Server handler 9 on default port 15000" daemon prio=5 tid=127 timed_waiting
java.lang.Thread.State: TIMED_WAITING
        at java.base@21.0.6/jdk.internal.misc.Unsafe.park(Native Method)
        at java.base@21.0.6/java.util.concurrent.locks.LockSupport.parkNanos(LockSupport.java:269)
        at java.base@21.0.6/java.util.concurrent.locks.AbstractQueuedSynchronizer$ConditionObject.awaitNanos(AbstractQueuedSynchronizer.java:1763)
        at java.base@21.0.6/java.util.concurrent.LinkedBlockingQueue.poll(LinkedBlockingQueue.java:460)
        at app//org.apache.hadoop.ipc.CallQueueManager.take(CallQueueManager.java:370)
        at app//org.apache.hadoop.ipc.Server$Handler.run(Server.java:3165)
"IPC Server handler 89 on default port 15000" daemon prio=5 tid=207 timed_waiting
java.lang.Thread.State: TIMED_WAITING
        at java.base@21.0.6/jdk.internal.misc.Unsafe.park(Native Method)
        at java.base@21.0.6/java.util.concurrent.locks.LockSupport.parkNanos(LockSupport.java:269)
        at java.base@21.0.6/java.util.concurrent.locks.AbstractQueuedSynchronizer$ConditionObject.awaitNanos(AbstractQueuedSynchronizer.java:1763)
        at java.base@21.0.6/java.util.concurrent.LinkedBlockingQueue.poll(LinkedBlockingQueue.java:460)
        at app//org.apache.hadoop.ipc.CallQueueManager.take(CallQueueManager.java:370)
        at app//org.apache.hadoop.ipc.Server$Handler.run(Server.java:3165)
"IPC Server handler 72 on default port 15001" daemon prio=5 tid=290 timed_waiting
java.lang.Thread.State: TIMED_WAITING
        at java.base@21.0.6/jdk.internal.misc.Unsafe.park(Native Method)
        at java.base@21.0.6/java.util.concurrent.locks.LockSupport.parkNanos(LockSupport.java:269)
        at java.base@21.0.6/java.util.concurrent.locks.AbstractQueuedSynchronizer$ConditionObject.awaitNanos(AbstractQueuedSynchronizer.java:1763)
        at java.base@21.0.6/java.util.concurrent.LinkedBlockingQueue.poll(LinkedBlockingQueue.java:460)
        at app//org.apache.hadoop.ipc.CallQueueManager.take(CallQueueManager.java:370)
        at app//org.apache.hadoop.ipc.Server$Handler.run(Server.java:3165)
"IPC Server listener on 15027" daemon prio=5 tid=623 runnable
java.lang.Thread.State: RUNNABLE
        at java.base@21.0.6/sun.nio.ch.EPoll.wait(Native Method)
        at java.base@21.0.6/sun.nio.ch.EPollSelectorImpl.doSelect(EPollSelectorImpl.java:121)
        at java.base@21.0.6/sun.nio.ch.SelectorImpl.lockAndDoSelect(SelectorImpl.java:130)
        at java.base@21.0.6/sun.nio.ch.SelectorImpl.select(SelectorImpl.java:147)
        at app//org.apache.hadoop.ipc.Server$Listener.run(Server.java:1559)
"IPC Server handler 20 on default port 15000" daemon prio=5 tid=138 timed_waiting
java.lang.Thread.State: TIMED_WAITING
        at java.base@21.0.6/jdk.internal.misc.Unsafe.park(Native Method)
        at java.base@21.0.6/java.util.concurrent.locks.LockSupport.parkNanos(LockSupport.java:269)
        at java.base@21.0.6/java.util.concurrent.locks.AbstractQueuedSynchronizer$ConditionObject.awaitNanos(AbstractQueuedSynchronizer.java:1763)
        at java.base@21.0.6/java.util.concurrent.LinkedBlockingQueue.poll(LinkedBlockingQueue.java:460)
        at app//org.apache.hadoop.ipc.CallQueueManager.take(CallQueueManager.java:370)
        at app//org.apache.hadoop.ipc.Server$Handler.run(Server.java:3165)
"grpc-shared-destroyer-0" daemon prio=5 tid=46 in Object.wait()
java.lang.Thread.State: WAITING (on object monitor)
        at java.base@21.0.6/jdk.internal.misc.Unsafe.park(Native Method)
        at java.base@21.0.6/java.util.concurrent.locks.LockSupport.park(LockSupport.java:371)
        at java.base@21.0.6/java.util.concurrent.locks.AbstractQueuedSynchronizer$ConditionNode.block(AbstractQueuedSynchronizer.java:519)
        at java.base@21.0.6/java.util.concurrent.ForkJoinPool.unmanagedBlock(ForkJoinPool.java:3780)
        at java.base@21.0.6/java.util.concurrent.ForkJoinPool.managedBlock(ForkJoinPool.java:3725)
        at java.base@21.0.6/java.util.concurrent.locks.AbstractQueuedSynchronizer$ConditionObject.await(AbstractQueuedSynchronizer.java:1712)
        at java.base@21.0.6/java.util.concurrent.ScheduledThreadPoolExecutor$DelayedWorkQueue.take(ScheduledThreadPoolExecutor.java:1170)
        at java.base@21.0.6/java.util.concurrent.ScheduledThreadPoolExecutor$DelayedWorkQueue.take(ScheduledThreadPoolExecutor.java:899)
        at java.base@21.0.6/java.util.concurrent.ThreadPoolExecutor.getTask(ThreadPoolExecutor.java:1070)
        at java.base@21.0.6/java.util.concurrent.ThreadPoolExecutor.runWorker(ThreadPoolExecutor.java:1130)
        at java.base@21.0.6/java.util.concurrent.ThreadPoolExecutor$Worker.run(ThreadPoolExecutor.java:642)
        at java.base@21.0.6/java.lang.Thread.runWith(Thread.java:1596)
        at java.base@21.0.6/java.lang.Thread.run(Thread.java:1583)
"IPC Server handler 3 on default port 15001" daemon prio=5 tid=221 timed_waiting
java.lang.Thread.State: TIMED_WAITING
        at java.base@21.0.6/jdk.internal.misc.Unsafe.park(Native Method)
        at java.base@21.0.6/java.util.concurrent.locks.LockSupport.parkNanos(LockSupport.java:269)
        at java.base@21.0.6/java.util.concurrent.locks.AbstractQueuedSynchronizer$ConditionObject.awaitNanos(AbstractQueuedSynchronizer.java:1763)
        at java.base@21.0.6/java.util.concurrent.LinkedBlockingQueue.poll(LinkedBlockingQueue.java:460)
        at app//org.apache.hadoop.ipc.CallQueueManager.take(CallQueueManager.java:370)
        at app//org.apache.hadoop.ipc.Server$Handler.run(Server.java:3165)
"d6a19b8b-82a2-4947-8b44-7228be6ad053-DatanodeReportManager-1" daemon prio=5 tid=719 in Object.wait()
java.lang.Thread.State: WAITING (on object monitor)
        at java.base@21.0.6/jdk.internal.misc.Unsafe.park(Native Method)
        at java.base@21.0.6/java.util.concurrent.locks.LockSupport.park(LockSupport.java:371)
        at java.base@21.0.6/java.util.concurrent.locks.AbstractQueuedSynchronizer$ConditionNode.block(AbstractQueuedSynchronizer.java:519)
        at java.base@21.0.6/java.util.concurrent.ForkJoinPool.unmanagedBlock(ForkJoinPool.java:3780)
        at java.base@21.0.6/java.util.concurrent.ForkJoinPool.managedBlock(ForkJoinPool.java:3725)
        at java.base@21.0.6/java.util.concurrent.locks.AbstractQueuedSynchronizer$ConditionObject.await(AbstractQueuedSynchronizer.java:1712)
        at java.base@21.0.6/java.util.concurrent.ScheduledThreadPoolExecutor$DelayedWorkQueue.take(ScheduledThreadPoolExecutor.java:1177)
        at java.base@21.0.6/java.util.concurrent.ScheduledThreadPoolExecutor$DelayedWorkQueue.take(ScheduledThreadPoolExecutor.java:899)
        at java.base@21.0.6/java.util.concurrent.ThreadPoolExecutor.getTask(ThreadPoolExecutor.java:1070)
        at java.base@21.0.6/java.util.concurrent.ThreadPoolExecutor.runWorker(ThreadPoolExecutor.java:1130)
        at java.base@21.0.6/java.util.concurrent.ThreadPoolExecutor$Worker.run(ThreadPoolExecutor.java:642)
        at java.base@21.0.6/java.lang.Thread.runWith(Thread.java:1596)
        at java.base@21.0.6/java.lang.Thread.run(Thread.java:1583)
"IPC Server handler 10 on default port 15006" daemon prio=5 tid=505 timed_waiting
java.lang.Thread.State: TIMED_WAITING
        at java.base@21.0.6/jdk.internal.misc.Unsafe.park(Native Method)
        at java.base@21.0.6/java.util.concurrent.locks.LockSupport.parkNanos(LockSupport.java:269)
        at java.base@21.0.6/java.util.concurrent.locks.AbstractQueuedSynchronizer$ConditionObject.awaitNanos(AbstractQueuedSynchronizer.java:1763)
        at java.base@21.0.6/java.util.concurrent.LinkedBlockingQueue.poll(LinkedBlockingQueue.java:460)
        at app//org.apache.hadoop.ipc.CallQueueManager.take(CallQueueManager.java:370)
        at app//org.apache.hadoop.ipc.Server$Handler.run(Server.java:3165)
"IPC Server Responder" daemon prio=5 tid=85 runnable
java.lang.Thread.State: RUNNABLE
        at java.base@21.0.6/sun.nio.ch.EPoll.wait(Native Method)
        at java.base@21.0.6/sun.nio.ch.EPollSelectorImpl.doSelect(EPollSelectorImpl.java:121)
        at java.base@21.0.6/sun.nio.ch.SelectorImpl.lockAndDoSelect(SelectorImpl.java:130)
        at java.base@21.0.6/sun.nio.ch.SelectorImpl.select(SelectorImpl.java:142)
        at app//org.apache.hadoop.ipc.Server$Responder.doRunLoop(Server.java:1733)
        at app//org.apache.hadoop.ipc.Server$Responder.run(Server.java:1716)
"IPC Server handler 92 on default port 15001" daemon prio=5 tid=310 timed_waiting
java.lang.Thread.State: TIMED_WAITING
        at java.base@21.0.6/jdk.internal.misc.Unsafe.park(Native Method)
        at java.base@21.0.6/java.util.concurrent.locks.LockSupport.parkNanos(LockSupport.java:269)
        at java.base@21.0.6/java.util.concurrent.locks.AbstractQueuedSynchronizer$ConditionObject.awaitNanos(AbstractQueuedSynchronizer.java:1763)
        at java.base@21.0.6/java.util.concurrent.LinkedBlockingQueue.poll(LinkedBlockingQueue.java:460)
        at app//org.apache.hadoop.ipc.CallQueueManager.take(CallQueueManager.java:370)
        at app//org.apache.hadoop.ipc.Server$Handler.run(Server.java:3165)
"IPC Server handler 13 on default port 15002" daemon prio=5 tid=349 timed_waiting
java.lang.Thread.State: TIMED_WAITING
        at java.base@21.0.6/jdk.internal.misc.Unsafe.park(Native Method)
        at java.base@21.0.6/java.util.concurrent.locks.LockSupport.parkNanos(LockSupport.java:269)
        at java.base@21.0.6/java.util.concurrent.locks.AbstractQueuedSynchronizer$ConditionObject.awaitNanos(AbstractQueuedSynchronizer.java:1763)
        at java.base@21.0.6/java.util.concurrent.LinkedBlockingQueue.poll(LinkedBlockingQueue.java:460)
        at app//org.apache.hadoop.ipc.CallQueueManager.take(CallQueueManager.java:370)
        at app//org.apache.hadoop.ipc.Server$Handler.run(Server.java:3165)
"IPC Server handler 49 on default port 15001" daemon prio=5 tid=267 timed_waiting
java.lang.Thread.State: TIMED_WAITING
        at java.base@21.0.6/jdk.internal.misc.Unsafe.park(Native Method)
        at java.base@21.0.6/java.util.concurrent.locks.LockSupport.parkNanos(LockSupport.java:269)
        at java.base@21.0.6/java.util.concurrent.locks.AbstractQueuedSynchronizer$ConditionObject.awaitNanos(AbstractQueuedSynchronizer.java:1763)
        at java.base@21.0.6/java.util.concurrent.LinkedBlockingQueue.poll(LinkedBlockingQueue.java:460)
        at app//org.apache.hadoop.ipc.CallQueueManager.take(CallQueueManager.java:370)
        at app//org.apache.hadoop.ipc.Server$Handler.run(Server.java:3165)
"ExpiredContainerReplicaOpScrubber" daemon prio=5 tid=54 timed_waiting
java.lang.Thread.State: TIMED_WAITING
        at java.base@21.0.6/java.lang.Object.wait0(Native Method)
        at java.base@21.0.6/java.lang.Object.wait(Object.java:366)
        at app//org.apache.hadoop.hdds.scm.ha.BackgroundSCMService.run(BackgroundSCMService.java:106)
        at app//org.apache.hadoop.hdds.scm.ha.BackgroundSCMService$$Lambda/0x00007fd0ac4c0000.run(Unknown Source)
        at java.base@21.0.6/java.lang.Thread.runWith(Thread.java:1596)
        at java.base@21.0.6/java.lang.Thread.run(Thread.java:1583)
"IPC Server handler 70 on default port 15001" daemon prio=5 tid=288 timed_waiting
java.lang.Thread.State: TIMED_WAITING
        at java.base@21.0.6/jdk.internal.misc.Unsafe.park(Native Method)
        at java.base@21.0.6/java.util.concurrent.locks.LockSupport.parkNanos(LockSupport.java:269)
        at java.base@21.0.6/java.util.concurrent.locks.AbstractQueuedSynchronizer$ConditionObject.awaitNanos(AbstractQueuedSynchronizer.java:1763)
        at java.base@21.0.6/java.util.concurrent.LinkedBlockingQueue.poll(LinkedBlockingQueue.java:460)
        at app//org.apache.hadoop.ipc.CallQueueManager.take(CallQueueManager.java:370)
        at app//org.apache.hadoop.ipc.Server$Handler.run(Server.java:3165)
"ContainerDataScanner(/home/runner/work/ozone/ozone/hadoop-ozone/integration-test/target/test-dir/MiniOzoneClusterImpl-26e726f8-5cec-4c14-bf14-45d4895febc0/ozone-meta/datanode-4/data-0/hdds)" daemon prio=5 tid=820 timed_waiting
java.lang.Thread.State: TIMED_WAITING
        at java.base@21.0.6/java.lang.Thread.sleep0(Native Method)
        at java.base@21.0.6/java.lang.Thread.sleep(Thread.java:509)
        at app//org.apache.hadoop.ozone.container.ozoneimpl.AbstractBackgroundContainerScanner.handleRemainingSleep(AbstractBackgroundContainerScanner.java:133)
        at app//org.apache.hadoop.ozone.container.ozoneimpl.AbstractBackgroundContainerScanner.runIteration(AbstractBackgroundContainerScanner.java:100)
        at app//org.apache.hadoop.ozone.container.ozoneimpl.AbstractBackgroundContainerScanner.run(AbstractBackgroundContainerScanner.java:59)
        at java.base@21.0.6/java.lang.Thread.runWith(Thread.java:1596)
        at java.base@21.0.6/java.lang.Thread.run(Thread.java:1583)
"UnderReplicatedProcessor" daemon prio=5 tid=56 timed_waiting
java.lang.Thread.State: TIMED_WAITING
        at java.base@21.0.6/java.lang.Object.wait0(Native Method)
        at java.base@21.0.6/java.lang.Object.wait(Object.java:366)
        at app//org.apache.hadoop.hdds.scm.container.replication.UnhealthyReplicationProcessor.run(UnhealthyReplicationProcessor.java:172)
        at java.base@21.0.6/java.lang.Thread.runWith(Thread.java:1596)
        at java.base@21.0.6/java.lang.Thread.run(Thread.java:1583)
"IPC Server handler 26 on default port 15000" daemon prio=5 tid=144 timed_waiting
java.lang.Thread.State: TIMED_WAITING
        at java.base@21.0.6/jdk.internal.misc.Unsafe.park(Native Method)
        at java.base@21.0.6/java.util.concurrent.locks.LockSupport.parkNanos(LockSupport.java:269)
        at java.base@21.0.6/java.util.concurrent.locks.AbstractQueuedSynchronizer$ConditionObject.awaitNanos(AbstractQueuedSynchronizer.java:1763)
        at java.base@21.0.6/java.util.concurrent.LinkedBlockingQueue.poll(LinkedBlockingQueue.java:460)
        at app//org.apache.hadoop.ipc.CallQueueManager.take(CallQueueManager.java:370)
        at app//org.apache.hadoop.ipc.Server$Handler.run(Server.java:3165)
"IPC Server handler 20 on default port 15002" daemon prio=5 tid=356 timed_waiting
java.lang.Thread.State: TIMED_WAITING
        at java.base@21.0.6/jdk.internal.misc.Unsafe.park(Native Method)
        at java.base@21.0.6/java.util.concurrent.locks.LockSupport.parkNanos(LockSupport.java:269)
        at java.base@21.0.6/java.util.concurrent.locks.AbstractQueuedSynchronizer$ConditionObject.awaitNanos(AbstractQueuedSynchronizer.java:1763)
        at java.base@21.0.6/java.util.concurrent.LinkedBlockingQueue.poll(LinkedBlockingQueue.java:460)
        at app//org.apache.hadoop.ipc.CallQueueManager.take(CallQueueManager.java:370)
        at app//org.apache.hadoop.ipc.Server$Handler.run(Server.java:3165)
"IPC Server handler 76 on default port 15000" daemon prio=5 tid=194 timed_waiting
java.lang.Thread.State: TIMED_WAITING
        at java.base@21.0.6/jdk.internal.misc.Unsafe.park(Native Method)
        at java.base@21.0.6/java.util.concurrent.locks.LockSupport.parkNanos(LockSupport.java:269)
        at java.base@21.0.6/java.util.concurrent.locks.AbstractQueuedSynchronizer$ConditionObject.awaitNanos(AbstractQueuedSynchronizer.java:1763)
        at java.base@21.0.6/java.util.concurrent.LinkedBlockingQueue.poll(LinkedBlockingQueue.java:460)
        at app//org.apache.hadoop.ipc.CallQueueManager.take(CallQueueManager.java:370)
        at app//org.apache.hadoop.ipc.Server$Handler.run(Server.java:3165)
"4a3059aa-ae89-4e47-8f1e-08d61ab31d43-RocksDBCompactionThread-0"  prio=5 tid=726 timed_waiting
java.lang.Thread.State: TIMED_WAITING
        at java.base@21.0.6/jdk.internal.misc.Unsafe.park(Native Method)
        at java.base@21.0.6/java.util.concurrent.locks.LockSupport.parkNanos(LockSupport.java:269)
        at java.base@21.0.6/java.util.concurrent.locks.AbstractQueuedSynchronizer$ConditionObject.awaitNanos(AbstractQueuedSynchronizer.java:1763)
        at java.base@21.0.6/java.util.concurrent.ScheduledThreadPoolExecutor$DelayedWorkQueue.take(ScheduledThreadPoolExecutor.java:1182)
        at java.base@21.0.6/java.util.concurrent.ScheduledThreadPoolExecutor$DelayedWorkQueue.take(ScheduledThreadPoolExecutor.java:899)
        at java.base@21.0.6/java.util.concurrent.ThreadPoolExecutor.getTask(ThreadPoolExecutor.java:1070)
        at java.base@21.0.6/java.util.concurrent.ThreadPoolExecutor.runWorker(ThreadPoolExecutor.java:1130)
        at java.base@21.0.6/java.util.concurrent.ThreadPoolExecutor$Worker.run(ThreadPoolExecutor.java:642)
        at java.base@21.0.6/java.lang.Thread.runWith(Thread.java:1596)
        at java.base@21.0.6/java.lang.Thread.run(Thread.java:1583)
"IPC Server handler 38 on default port 15000" daemon prio=5 tid=156 timed_waiting
java.lang.Thread.State: TIMED_WAITING
        at java.base@21.0.6/jdk.internal.misc.Unsafe.park(Native Method)
        at java.base@21.0.6/java.util.concurrent.locks.LockSupport.parkNanos(LockSupport.java:269)
        at java.base@21.0.6/java.util.concurrent.locks.AbstractQueuedSynchronizer$ConditionObject.awaitNanos(AbstractQueuedSynchronizer.java:1763)
        at java.base@21.0.6/java.util.concurrent.LinkedBlockingQueue.poll(LinkedBlockingQueue.java:460)
        at app//org.apache.hadoop.ipc.CallQueueManager.take(CallQueueManager.java:370)
        at app//org.apache.hadoop.ipc.Server$Handler.run(Server.java:3165)
"4a3059aa-ae89-4e47-8f1e-08d61ab31d43-PipelineCommandHandlerThread-0"  prio=5 tid=948 in Object.wait()
java.lang.Thread.State: WAITING (on object monitor)
        at java.base@21.0.6/jdk.internal.misc.Unsafe.park(Native Method)
        at java.base@21.0.6/java.util.concurrent.locks.LockSupport.park(LockSupport.java:371)
        at java.base@21.0.6/java.util.concurrent.locks.AbstractQueuedSynchronizer$ConditionNode.block(AbstractQueuedSynchronizer.java:519)
        at java.base@21.0.6/java.util.concurrent.ForkJoinPool.unmanagedBlock(ForkJoinPool.java:3780)
        at java.base@21.0.6/java.util.concurrent.ForkJoinPool.managedBlock(ForkJoinPool.java:3725)
        at java.base@21.0.6/java.util.concurrent.locks.AbstractQueuedSynchronizer$ConditionObject.await(AbstractQueuedSynchronizer.java:1712)
        at java.base@21.0.6/java.util.concurrent.LinkedBlockingQueue.take(LinkedBlockingQueue.java:435)
        at java.base@21.0.6/java.util.concurrent.ThreadPoolExecutor.getTask(ThreadPoolExecutor.java:1070)
        at java.base@21.0.6/java.util.concurrent.ThreadPoolExecutor.runWorker(ThreadPoolExecutor.java:1130)
        at java.base@21.0.6/java.util.concurrent.ThreadPoolExecutor$Worker.run(ThreadPoolExecutor.java:642)
        at java.base@21.0.6/java.lang.Thread.runWith(Thread.java:1596)
        at java.base@21.0.6/java.lang.Thread.run(Thread.java:1583)
"SCMHATransactionMonitor" daemon prio=5 tid=116 timed_waiting
java.lang.Thread.State: TIMED_WAITING
        at java.base@21.0.6/java.lang.Object.wait0(Native Method)
        at java.base@21.0.6/java.lang.Object.wait(Object.java:366)
        at app//org.apache.hadoop.hdds.scm.ha.BackgroundSCMService.run(BackgroundSCMService.java:106)
        at app//org.apache.hadoop.hdds.scm.ha.BackgroundSCMService$$Lambda/0x00007fd0ac4c0000.run(Unknown Source)
        at java.base@21.0.6/java.lang.Thread.runWith(Thread.java:1596)
        at java.base@21.0.6/java.lang.Thread.run(Thread.java:1583)
"IPC Server handler 77 on default port 15000" daemon prio=5 tid=195 timed_waiting
java.lang.Thread.State: TIMED_WAITING
        at java.base@21.0.6/jdk.internal.misc.Unsafe.park(Native Method)
        at java.base@21.0.6/java.util.concurrent.locks.LockSupport.parkNanos(LockSupport.java:269)
        at java.base@21.0.6/java.util.concurrent.locks.AbstractQueuedSynchronizer$ConditionObject.awaitNanos(AbstractQueuedSynchronizer.java:1763)
        at java.base@21.0.6/java.util.concurrent.LinkedBlockingQueue.poll(LinkedBlockingQueue.java:460)
        at app//org.apache.hadoop.ipc.CallQueueManager.take(CallQueueManager.java:370)
        at app//org.apache.hadoop.ipc.Server$Handler.run(Server.java:3165)
"IPC Server handler 40 on default port 15001" daemon prio=5 tid=258 timed_waiting
java.lang.Thread.State: TIMED_WAITING
        at java.base@21.0.6/jdk.internal.misc.Unsafe.park(Native Method)
        at java.base@21.0.6/java.util.concurrent.locks.LockSupport.parkNanos(LockSupport.java:269)
        at java.base@21.0.6/java.util.concurrent.locks.AbstractQueuedSynchronizer$ConditionObject.awaitNanos(AbstractQueuedSynchronizer.java:1763)
        at java.base@21.0.6/java.util.concurrent.LinkedBlockingQueue.poll(LinkedBlockingQueue.java:460)
        at app//org.apache.hadoop.ipc.CallQueueManager.take(CallQueueManager.java:370)
        at app//org.apache.hadoop.ipc.Server$Handler.run(Server.java:3165)
"a6bf55e3-38e4-411e-ac0b-5acdb6a35656-DatanodeReportManager-1" daemon prio=5 tid=649 in Object.wait()
java.lang.Thread.State: WAITING (on object monitor)
        at java.base@21.0.6/jdk.internal.misc.Unsafe.park(Native Method)
        at java.base@21.0.6/java.util.concurrent.locks.LockSupport.park(LockSupport.java:371)
        at java.base@21.0.6/java.util.concurrent.locks.AbstractQueuedSynchronizer$ConditionNode.block(AbstractQueuedSynchronizer.java:519)
        at java.base@21.0.6/java.util.concurrent.ForkJoinPool.unmanagedBlock(ForkJoinPool.java:3780)
        at java.base@21.0.6/java.util.concurrent.ForkJoinPool.managedBlock(ForkJoinPool.java:3725)
        at java.base@21.0.6/java.util.concurrent.locks.AbstractQueuedSynchronizer$ConditionObject.await(AbstractQueuedSynchronizer.java:1712)
        at java.base@21.0.6/java.util.concurrent.ScheduledThreadPoolExecutor$DelayedWorkQueue.take(ScheduledThreadPoolExecutor.java:1177)
        at java.base@21.0.6/java.util.concurrent.ScheduledThreadPoolExecutor$DelayedWorkQueue.take(ScheduledThreadPoolExecutor.java:899)
        at java.base@21.0.6/java.util.concurrent.ThreadPoolExecutor.getTask(ThreadPoolExecutor.java:1070)
        at java.base@21.0.6/java.util.concurrent.ThreadPoolExecutor.runWorker(ThreadPoolExecutor.java:1130)
        at java.base@21.0.6/java.util.concurrent.ThreadPoolExecutor$Worker.run(ThreadPoolExecutor.java:642)
        at java.base@21.0.6/java.lang.Thread.runWith(Thread.java:1596)
        at java.base@21.0.6/java.lang.Thread.run(Thread.java:1583)
"IPC Server handler 2 on default port 15043" daemon prio=5 tid=785 timed_waiting
java.lang.Thread.State: TIMED_WAITING
        at java.base@21.0.6/jdk.internal.misc.Unsafe.park(Native Method)
        at java.base@21.0.6/java.util.concurrent.locks.LockSupport.parkNanos(LockSupport.java:269)
        at java.base@21.0.6/java.util.concurrent.locks.AbstractQueuedSynchronizer$ConditionObject.awaitNanos(AbstractQueuedSynchronizer.java:1763)
        at java.base@21.0.6/java.util.concurrent.LinkedBlockingQueue.poll(LinkedBlockingQueue.java:460)
        at app//org.apache.hadoop.ipc.CallQueueManager.take(CallQueueManager.java:370)
        at app//org.apache.hadoop.ipc.Server$Handler.run(Server.java:3165)
"qtp1419970068-667" daemon prio=5 tid=667 runnable
java.lang.Thread.State: RUNNABLE
        at java.base@21.0.6/sun.nio.ch.EPoll.wait(Native Method)
        at java.base@21.0.6/sun.nio.ch.EPollSelectorImpl.doSelect(EPollSelectorImpl.java:121)
        at java.base@21.0.6/sun.nio.ch.SelectorImpl.lockAndDoSelect(SelectorImpl.java:130)
        at java.base@21.0.6/sun.nio.ch.SelectorImpl.select(SelectorImpl.java:147)
        at app//org.eclipse.jetty.io.ManagedSelector.nioSelect(ManagedSelector.java:183)
        at app//org.eclipse.jetty.io.ManagedSelector.select(ManagedSelector.java:190)
        at app//org.eclipse.jetty.io.ManagedSelector$SelectorProducer.select(ManagedSelector.java:606)
        at app//org.eclipse.jetty.io.ManagedSelector$SelectorProducer.produce(ManagedSelector.java:543)
        at app//org.eclipse.jetty.util.thread.strategy.EatWhatYouKill.produceTask(EatWhatYouKill.java:362)
        at app//org.eclipse.jetty.util.thread.strategy.EatWhatYouKill.doProduce(EatWhatYouKill.java:186)
        at app//org.eclipse.jetty.util.thread.strategy.EatWhatYouKill.tryProduce(EatWhatYouKill.java:173)
        at app//org.eclipse.jetty.util.thread.strategy.EatWhatYouKill.produce(EatWhatYouKill.java:137)
        at app//org.eclipse.jetty.io.ManagedSelector$$Lambda/0x00007fd0ac690720.run(Unknown Source)
        at app//org.eclipse.jetty.util.thread.QueuedThreadPool.runJob(QueuedThreadPool.java:883)
        at app//org.eclipse.jetty.util.thread.QueuedThreadPool$Runner.run(QueuedThreadPool.java:1034)
        at java.base@21.0.6/java.lang.Thread.runWith(Thread.java:1596)
        at java.base@21.0.6/java.lang.Thread.run(Thread.java:1583)
"IPC Server handler 49 on default port 15000" daemon prio=5 tid=167 timed_waiting
java.lang.Thread.State: TIMED_WAITING
        at java.base@21.0.6/jdk.internal.misc.Unsafe.park(Native Method)
        at java.base@21.0.6/java.util.concurrent.locks.LockSupport.parkNanos(LockSupport.java:269)
        at java.base@21.0.6/java.util.concurrent.locks.AbstractQueuedSynchronizer$ConditionObject.awaitNanos(AbstractQueuedSynchronizer.java:1763)
        at java.base@21.0.6/java.util.concurrent.LinkedBlockingQueue.poll(LinkedBlockingQueue.java:460)
        at app//org.apache.hadoop.ipc.CallQueueManager.take(CallQueueManager.java:370)
        at app//org.apache.hadoop.ipc.Server$Handler.run(Server.java:3165)
"IPC Server handler 85 on default port 15000" daemon prio=5 tid=203 timed_waiting
java.lang.Thread.State: TIMED_WAITING
        at java.base@21.0.6/jdk.internal.misc.Unsafe.park(Native Method)
        at java.base@21.0.6/java.util.concurrent.locks.LockSupport.parkNanos(LockSupport.java:269)
        at java.base@21.0.6/java.util.concurrent.locks.AbstractQueuedSynchronizer$ConditionObject.awaitNanos(AbstractQueuedSynchronizer.java:1763)
        at java.base@21.0.6/java.util.concurrent.LinkedBlockingQueue.poll(LinkedBlockingQueue.java:460)
        at app//org.apache.hadoop.ipc.CallQueueManager.take(CallQueueManager.java:370)
        at app//org.apache.hadoop.ipc.Server$Handler.run(Server.java:3165)
"IPC Server handler 18 on default port 15000" daemon prio=5 tid=136 timed_waiting
java.lang.Thread.State: TIMED_WAITING
        at java.base@21.0.6/jdk.internal.misc.Unsafe.park(Native Method)
        at java.base@21.0.6/java.util.concurrent.locks.LockSupport.parkNanos(LockSupport.java:269)
        at java.base@21.0.6/java.util.concurrent.locks.AbstractQueuedSynchronizer$ConditionObject.awaitNanos(AbstractQueuedSynchronizer.java:1763)
        at java.base@21.0.6/java.util.concurrent.LinkedBlockingQueue.poll(LinkedBlockingQueue.java:460)
        at app//org.apache.hadoop.ipc.CallQueueManager.take(CallQueueManager.java:370)
        at app//org.apache.hadoop.ipc.Server$Handler.run(Server.java:3165)
"93cc9901-be1a-45f5-9681-0d93e627c426-PeriodicHDDSVolumeChecker" daemon prio=5 tid=727 timed_waiting
java.lang.Thread.State: TIMED_WAITING
        at java.base@21.0.6/jdk.internal.misc.Unsafe.park(Native Method)
        at java.base@21.0.6/java.util.concurrent.locks.LockSupport.parkNanos(LockSupport.java:269)
        at java.base@21.0.6/java.util.concurrent.locks.AbstractQueuedSynchronizer$ConditionObject.awaitNanos(AbstractQueuedSynchronizer.java:1763)
        at java.base@21.0.6/java.util.concurrent.ScheduledThreadPoolExecutor$DelayedWorkQueue.take(ScheduledThreadPoolExecutor.java:1182)
        at java.base@21.0.6/java.util.concurrent.ScheduledThreadPoolExecutor$DelayedWorkQueue.take(ScheduledThreadPoolExecutor.java:899)
        at java.base@21.0.6/java.util.concurrent.ThreadPoolExecutor.getTask(ThreadPoolExecutor.java:1070)
        at java.base@21.0.6/java.util.concurrent.ThreadPoolExecutor.runWorker(ThreadPoolExecutor.java:1130)
        at java.base@21.0.6/java.util.concurrent.ThreadPoolExecutor$Worker.run(ThreadPoolExecutor.java:642)
        at java.base@21.0.6/java.lang.Thread.runWith(Thread.java:1596)
        at java.base@21.0.6/java.lang.Thread.run(Thread.java:1583)
"93cc9901-be1a-45f5-9681-0d93e627c426-BlockDeletingService#1" daemon prio=5 tid=741 in Object.wait()
java.lang.Thread.State: WAITING (on object monitor)
        at java.base@21.0.6/jdk.internal.misc.Unsafe.park(Native Method)
        at java.base@21.0.6/java.util.concurrent.locks.LockSupport.park(LockSupport.java:371)
        at java.base@21.0.6/java.util.concurrent.locks.AbstractQueuedSynchronizer$ConditionNode.block(AbstractQueuedSynchronizer.java:519)
        at java.base@21.0.6/java.util.concurrent.ForkJoinPool.unmanagedBlock(ForkJoinPool.java:3780)
        at java.base@21.0.6/java.util.concurrent.ForkJoinPool.managedBlock(ForkJoinPool.java:3725)
        at java.base@21.0.6/java.util.concurrent.locks.AbstractQueuedSynchronizer$ConditionObject.await(AbstractQueuedSynchronizer.java:1712)
        at java.base@21.0.6/java.util.concurrent.ScheduledThreadPoolExecutor$DelayedWorkQueue.take(ScheduledThreadPoolExecutor.java:1177)
        at java.base@21.0.6/java.util.concurrent.ScheduledThreadPoolExecutor$DelayedWorkQueue.take(ScheduledThreadPoolExecutor.java:899)
        at java.base@21.0.6/java.util.concurrent.ThreadPoolExecutor.getTask(ThreadPoolExecutor.java:1070)
        at java.base@21.0.6/java.util.concurrent.ThreadPoolExecutor.runWorker(ThreadPoolExecutor.java:1130)
        at java.base@21.0.6/java.util.concurrent.ThreadPoolExecutor$Worker.run(ThreadPoolExecutor.java:642)
        at java.base@21.0.6/java.lang.Thread.runWith(Thread.java:1596)
        at java.base@21.0.6/java.lang.Thread.run(Thread.java:1583)
"4a3059aa-ae89-4e47-8f1e-08d61ab31d43-DatanodeStateMachineTaskThread-0"  prio=5 tid=801 in Object.wait()
java.lang.Thread.State: WAITING (on object monitor)
        at java.base@21.0.6/jdk.internal.misc.Unsafe.park(Native Method)
        at java.base@21.0.6/java.util.concurrent.locks.LockSupport.park(LockSupport.java:371)
        at java.base@21.0.6/java.util.concurrent.locks.AbstractQueuedSynchronizer$ConditionNode.block(AbstractQueuedSynchronizer.java:519)
        at java.base@21.0.6/java.util.concurrent.ForkJoinPool.unmanagedBlock(ForkJoinPool.java:3780)
        at java.base@21.0.6/java.util.concurrent.ForkJoinPool.managedBlock(ForkJoinPool.java:3725)
        at java.base@21.0.6/java.util.concurrent.locks.AbstractQueuedSynchronizer$ConditionObject.await(AbstractQueuedSynchronizer.java:1712)
        at java.base@21.0.6/java.util.concurrent.LinkedBlockingQueue.take(LinkedBlockingQueue.java:435)
        at java.base@21.0.6/java.util.concurrent.ThreadPoolExecutor.getTask(ThreadPoolExecutor.java:1070)
        at java.base@21.0.6/java.util.concurrent.ThreadPoolExecutor.runWorker(ThreadPoolExecutor.java:1130)
        at java.base@21.0.6/java.util.concurrent.ThreadPoolExecutor$Worker.run(ThreadPoolExecutor.java:642)
        at java.base@21.0.6/java.lang.Thread.runWith(Thread.java:1596)
        at java.base@21.0.6/java.lang.Thread.run(Thread.java:1583)
"IPC Server handler 7 on default port 15019" daemon prio=5 tid=598 timed_waiting
java.lang.Thread.State: TIMED_WAITING
        at java.base@21.0.6/jdk.internal.misc.Unsafe.park(Native Method)
        at java.base@21.0.6/java.util.concurrent.locks.LockSupport.parkNanos(LockSupport.java:269)
        at java.base@21.0.6/java.util.concurrent.locks.AbstractQueuedSynchronizer$ConditionObject.awaitNanos(AbstractQueuedSynchronizer.java:1763)
        at java.base@21.0.6/java.util.concurrent.LinkedBlockingQueue.poll(LinkedBlockingQueue.java:460)
        at app//org.apache.hadoop.ipc.CallQueueManager.take(CallQueueManager.java:370)
        at app//org.apache.hadoop.ipc.Server$Handler.run(Server.java:3165)
"IPC Server handler 86 on default port 15001" daemon prio=5 tid=304 timed_waiting
java.lang.Thread.State: TIMED_WAITING
        at java.base@21.0.6/jdk.internal.misc.Unsafe.park(Native Method)
        at java.base@21.0.6/java.util.concurrent.locks.LockSupport.parkNanos(LockSupport.java:269)
        at java.base@21.0.6/java.util.concurrent.locks.AbstractQueuedSynchronizer$ConditionObject.awaitNanos(AbstractQueuedSynchronizer.java:1763)
        at java.base@21.0.6/java.util.concurrent.LinkedBlockingQueue.poll(LinkedBlockingQueue.java:460)
        at app//org.apache.hadoop.ipc.CallQueueManager.take(CallQueueManager.java:370)
        at app//org.apache.hadoop.ipc.Server$Handler.run(Server.java:3165)
"IPC Server handler 26 on default port 15001" daemon prio=5 tid=244 timed_waiting
java.lang.Thread.State: TIMED_WAITING
        at java.base@21.0.6/jdk.internal.misc.Unsafe.park(Native Method)
        at java.base@21.0.6/java.util.concurrent.locks.LockSupport.parkNanos(LockSupport.java:269)
        at java.base@21.0.6/java.util.concurrent.locks.AbstractQueuedSynchronizer$ConditionObject.awaitNanos(AbstractQueuedSynchronizer.java:1763)
        at java.base@21.0.6/java.util.concurrent.LinkedBlockingQueue.poll(LinkedBlockingQueue.java:460)
        at app//org.apache.hadoop.ipc.CallQueueManager.take(CallQueueManager.java:370)
        at app//org.apache.hadoop.ipc.Server$Handler.run(Server.java:3165)
"qtp2005400801-618" daemon prio=5 tid=618 timed_waiting
java.lang.Thread.State: TIMED_WAITING
        at java.base@21.0.6/jdk.internal.misc.Unsafe.park(Native Method)
        at java.base@21.0.6/java.util.concurrent.locks.LockSupport.parkNanos(LockSupport.java:269)
        at java.base@21.0.6/java.util.concurrent.locks.AbstractQueuedSynchronizer$ConditionObject.awaitNanos(AbstractQueuedSynchronizer.java:1763)
        at app//org.eclipse.jetty.util.BlockingArrayQueue.poll(BlockingArrayQueue.java:382)
        at app//org.eclipse.jetty.util.thread.QueuedThreadPool$Runner.idleJobPoll(QueuedThreadPool.java:974)
        at app//org.eclipse.jetty.util.thread.QueuedThreadPool$Runner.run(QueuedThreadPool.java:1018)
        at java.base@21.0.6/java.lang.Thread.runWith(Thread.java:1596)
        at java.base@21.0.6/java.lang.Thread.run(Thread.java:1583)
"Signal Dispatcher" daemon prio=9 tid=11 runnable
java.lang.Thread.State: RUNNABLE
"qtp2005400801-617" daemon prio=5 tid=617 timed_waiting
java.lang.Thread.State: TIMED_WAITING
        at java.base@21.0.6/jdk.internal.misc.Unsafe.park(Native Method)
        at java.base@21.0.6/java.util.concurrent.locks.LockSupport.parkNanos(LockSupport.java:269)
        at java.base@21.0.6/java.util.concurrent.locks.AbstractQueuedSynchronizer$ConditionObject.awaitNanos(AbstractQueuedSynchronizer.java:1763)
        at app//org.eclipse.jetty.util.BlockingArrayQueue.poll(BlockingArrayQueue.java:382)
        at app//org.eclipse.jetty.util.thread.QueuedThreadPool$Runner.idleJobPoll(QueuedThreadPool.java:974)
        at app//org.eclipse.jetty.util.thread.QueuedThreadPool$Runner.run(QueuedThreadPool.java:1018)
        at java.base@21.0.6/java.lang.Thread.runWith(Thread.java:1596)
        at java.base@21.0.6/java.lang.Thread.run(Thread.java:1583)
"IPC Server handler 42 on default port 15002" daemon prio=5 tid=378 timed_waiting
java.lang.Thread.State: TIMED_WAITING
        at java.base@21.0.6/jdk.internal.misc.Unsafe.park(Native Method)
        at java.base@21.0.6/java.util.concurrent.locks.LockSupport.parkNanos(LockSupport.java:269)
        at java.base@21.0.6/java.util.concurrent.locks.AbstractQueuedSynchronizer$ConditionObject.awaitNanos(AbstractQueuedSynchronizer.java:1763)
        at java.base@21.0.6/java.util.concurrent.LinkedBlockingQueue.poll(LinkedBlockingQueue.java:460)
        at app//org.apache.hadoop.ipc.CallQueueManager.take(CallQueueManager.java:370)
        at app//org.apache.hadoop.ipc.Server$Handler.run(Server.java:3165)
"grpc-default-executor-1" daemon prio=5 tid=884 timed_waiting
java.lang.Thread.State: TIMED_WAITING
        at java.base@21.0.6/jdk.internal.misc.Unsafe.park(Native Method)
        at java.base@21.0.6/java.util.concurrent.locks.LockSupport.parkNanos(LockSupport.java:410)
        at java.base@21.0.6/java.util.concurrent.LinkedTransferQueue$DualNode.await(LinkedTransferQueue.java:452)
        at java.base@21.0.6/java.util.concurrent.SynchronousQueue$Transferer.xferLifo(SynchronousQueue.java:194)
        at java.base@21.0.6/java.util.concurrent.SynchronousQueue.xfer(SynchronousQueue.java:235)
        at java.base@21.0.6/java.util.concurrent.SynchronousQueue.poll(SynchronousQueue.java:338)
        at java.base@21.0.6/java.util.concurrent.ThreadPoolExecutor.getTask(ThreadPoolExecutor.java:1069)
        at java.base@21.0.6/java.util.concurrent.ThreadPoolExecutor.runWorker(ThreadPoolExecutor.java:1130)
        at java.base@21.0.6/java.util.concurrent.ThreadPoolExecutor$Worker.run(ThreadPoolExecutor.java:642)
        at java.base@21.0.6/java.lang.Thread.runWith(Thread.java:1596)
        at java.base@21.0.6/java.lang.Thread.run(Thread.java:1583)
"a6bf55e3-38e4-411e-ac0b-5acdb6a35656-groupManagement" daemon prio=5 tid=885 in Object.wait()
java.lang.Thread.State: WAITING (on object monitor)
        at java.base@21.0.6/jdk.internal.misc.Unsafe.park(Native Method)
        at java.base@21.0.6/java.util.concurrent.locks.LockSupport.park(LockSupport.java:371)
        at java.base@21.0.6/java.util.concurrent.locks.AbstractQueuedSynchronizer$ConditionNode.block(AbstractQueuedSynchronizer.java:519)
        at java.base@21.0.6/java.util.concurrent.ForkJoinPool.unmanagedBlock(ForkJoinPool.java:3780)
        at java.base@21.0.6/java.util.concurrent.ForkJoinPool.managedBlock(ForkJoinPool.java:3725)
        at java.base@21.0.6/java.util.concurrent.locks.AbstractQueuedSynchronizer$ConditionObject.await(AbstractQueuedSynchronizer.java:1712)
        at java.base@21.0.6/java.util.concurrent.LinkedBlockingQueue.take(LinkedBlockingQueue.java:435)
        at java.base@21.0.6/java.util.concurrent.ThreadPoolExecutor.getTask(ThreadPoolExecutor.java:1070)
        at java.base@21.0.6/java.util.concurrent.ThreadPoolExecutor.runWorker(ThreadPoolExecutor.java:1130)
        at java.base@21.0.6/java.util.concurrent.ThreadPoolExecutor$Worker.run(ThreadPoolExecutor.java:642)
        at java.base@21.0.6/java.lang.Thread.runWith(Thread.java:1596)
        at java.base@21.0.6/java.lang.Thread.run(Thread.java:1583)
"SCMHeartbeatProcessor-0" daemon prio=5 tid=51 timed_waiting
java.lang.Thread.State: TIMED_WAITING
        at java.base@21.0.6/jdk.internal.misc.Unsafe.park(Native Method)
        at java.base@21.0.6/java.util.concurrent.locks.LockSupport.parkNanos(LockSupport.java:269)
        at java.base@21.0.6/java.util.concurrent.locks.AbstractQueuedSynchronizer$ConditionObject.awaitNanos(AbstractQueuedSynchronizer.java:1763)
        at java.base@21.0.6/java.util.concurrent.ScheduledThreadPoolExecutor$DelayedWorkQueue.take(ScheduledThreadPoolExecutor.java:1182)
        at java.base@21.0.6/java.util.concurrent.ScheduledThreadPoolExecutor$DelayedWorkQueue.take(ScheduledThreadPoolExecutor.java:899)
        at java.base@21.0.6/java.util.concurrent.ThreadPoolExecutor.getTask(ThreadPoolExecutor.java:1070)
        at java.base@21.0.6/java.util.concurrent.ThreadPoolExecutor.runWorker(ThreadPoolExecutor.java:1130)
        at java.base@21.0.6/java.util.concurrent.ThreadPoolExecutor$Worker.run(ThreadPoolExecutor.java:642)
        at java.base@21.0.6/java.lang.Thread.runWith(Thread.java:1596)
        at java.base@21.0.6/java.lang.Thread.run(Thread.java:1583)
"IPC Server handler 0 on default port 15006" daemon prio=5 tid=495 timed_waiting
java.lang.Thread.State: TIMED_WAITING
        at java.base@21.0.6/jdk.internal.misc.Unsafe.park(Native Method)
        at java.base@21.0.6/java.util.concurrent.locks.LockSupport.parkNanos(LockSupport.java:269)
        at java.base@21.0.6/java.util.concurrent.locks.AbstractQueuedSynchronizer$ConditionObject.awaitNanos(AbstractQueuedSynchronizer.java:1763)
        at java.base@21.0.6/java.util.concurrent.LinkedBlockingQueue.poll(LinkedBlockingQueue.java:460)
        at app//org.apache.hadoop.ipc.CallQueueManager.take(CallQueueManager.java:370)
        at app//org.apache.hadoop.ipc.Server$Handler.run(Server.java:3165)
"IPC Server handler 37 on default port 15002" daemon prio=5 tid=373 timed_waiting
java.lang.Thread.State: TIMED_WAITING
        at java.base@21.0.6/jdk.internal.misc.Unsafe.park(Native Method)
        at java.base@21.0.6/java.util.concurrent.locks.LockSupport.parkNanos(LockSupport.java:269)
        at java.base@21.0.6/java.util.concurrent.locks.AbstractQueuedSynchronizer$ConditionObject.awaitNanos(AbstractQueuedSynchronizer.java:1763)
        at java.base@21.0.6/java.util.concurrent.LinkedBlockingQueue.poll(LinkedBlockingQueue.java:460)
        at app//org.apache.hadoop.ipc.CallQueueManager.take(CallQueueManager.java:370)
        at app//org.apache.hadoop.ipc.Server$Handler.run(Server.java:3165)
"IPC Server handler 31 on default port 15002" daemon prio=5 tid=367 timed_waiting
java.lang.Thread.State: TIMED_WAITING
        at java.base@21.0.6/jdk.internal.misc.Unsafe.park(Native Method)
        at java.base@21.0.6/java.util.concurrent.locks.LockSupport.parkNanos(LockSupport.java:269)
        at java.base@21.0.6/java.util.concurrent.locks.AbstractQueuedSynchronizer$ConditionObject.awaitNanos(AbstractQueuedSynchronizer.java:1763)
        at java.base@21.0.6/java.util.concurrent.LinkedBlockingQueue.poll(LinkedBlockingQueue.java:460)
        at app//org.apache.hadoop.ipc.CallQueueManager.take(CallQueueManager.java:370)
        at app//org.apache.hadoop.ipc.Server$Handler.run(Server.java:3165)
"IPC Client (2079571758) connection to 0.0.0.0/0.0.0.0:15000 from runner" daemon prio=5 tid=1028 timed_waiting
java.lang.Thread.State: TIMED_WAITING
        at java.base@21.0.6/java.lang.Object.wait0(Native Method)
        at java.base@21.0.6/java.lang.Object.wait(Object.java:366)
        at app//org.apache.hadoop.ipc.Client$Connection.waitForWork(Client.java:1042)
        at app//org.apache.hadoop.ipc.Client$Connection.run(Client.java:1093)
"50f19a77-e23b-421f-a833-5664bb01cf1c-client-thread1"  prio=5 tid=812 timed_waiting
java.lang.Thread.State: TIMED_WAITING
        at java.base@21.0.6/jdk.internal.misc.Unsafe.park(Native Method)
        at java.base@21.0.6/java.util.concurrent.locks.LockSupport.parkNanos(LockSupport.java:410)
        at java.base@21.0.6/java.util.concurrent.LinkedTransferQueue$DualNode.await(LinkedTransferQueue.java:452)
        at java.base@21.0.6/java.util.concurrent.SynchronousQueue$Transferer.xferLifo(SynchronousQueue.java:194)
        at java.base@21.0.6/java.util.concurrent.SynchronousQueue.xfer(SynchronousQueue.java:235)
        at java.base@21.0.6/java.util.concurrent.SynchronousQueue.poll(SynchronousQueue.java:338)
        at java.base@21.0.6/java.util.concurrent.ThreadPoolExecutor.getTask(ThreadPoolExecutor.java:1069)
        at java.base@21.0.6/java.util.concurrent.ThreadPoolExecutor.runWorker(ThreadPoolExecutor.java:1130)
        at java.base@21.0.6/java.util.concurrent.ThreadPoolExecutor$Worker.run(ThreadPoolExecutor.java:642)
        at java.base@21.0.6/java.lang.Thread.runWith(Thread.java:1596)
        at java.base@21.0.6/java.lang.Thread.run(Thread.java:1583)
"IPC Server handler 11 on default port 15002" daemon prio=5 tid=347 timed_waiting
java.lang.Thread.State: TIMED_WAITING
        at java.base@21.0.6/jdk.internal.misc.Unsafe.park(Native Method)
        at java.base@21.0.6/java.util.concurrent.locks.LockSupport.parkNanos(LockSupport.java:269)
        at java.base@21.0.6/java.util.concurrent.locks.AbstractQueuedSynchronizer$ConditionObject.awaitNanos(AbstractQueuedSynchronizer.java:1763)
        at java.base@21.0.6/java.util.concurrent.LinkedBlockingQueue.poll(LinkedBlockingQueue.java:460)
        at app//org.apache.hadoop.ipc.CallQueueManager.take(CallQueueManager.java:370)
        at app//org.apache.hadoop.ipc.Server$Handler.run(Server.java:3165)
"4a3059aa-ae89-4e47-8f1e-08d61ab31d43-BlockDeletingService#0" daemon prio=5 tid=847 timed_waiting
java.lang.Thread.State: TIMED_WAITING
        at java.base@21.0.6/jdk.internal.misc.Unsafe.park(Native Method)
        at java.base@21.0.6/java.util.concurrent.locks.LockSupport.parkNanos(LockSupport.java:269)
        at java.base@21.0.6/java.util.concurrent.locks.AbstractQueuedSynchronizer$ConditionObject.awaitNanos(AbstractQueuedSynchronizer.java:1763)
        at java.base@21.0.6/java.util.concurrent.ScheduledThreadPoolExecutor$DelayedWorkQueue.take(ScheduledThreadPoolExecutor.java:1182)
        at java.base@21.0.6/java.util.concurrent.ScheduledThreadPoolExecutor$DelayedWorkQueue.take(ScheduledThreadPoolExecutor.java:899)
        at java.base@21.0.6/java.util.concurrent.ThreadPoolExecutor.getTask(ThreadPoolExecutor.java:1070)
        at java.base@21.0.6/java.util.concurrent.ThreadPoolExecutor.runWorker(ThreadPoolExecutor.java:1130)
        at java.base@21.0.6/java.util.concurrent.ThreadPoolExecutor$Worker.run(ThreadPoolExecutor.java:642)
        at java.base@21.0.6/java.lang.Thread.runWith(Thread.java:1596)
        at java.base@21.0.6/java.lang.Thread.run(Thread.java:1583)
"IPC Server handler 88 on default port 15002" daemon prio=5 tid=424 timed_waiting
java.lang.Thread.State: TIMED_WAITING
        at java.base@21.0.6/jdk.internal.misc.Unsafe.park(Native Method)
        at java.base@21.0.6/java.util.concurrent.locks.LockSupport.parkNanos(LockSupport.java:269)
        at java.base@21.0.6/java.util.concurrent.locks.AbstractQueuedSynchronizer$ConditionObject.awaitNanos(AbstractQueuedSynchronizer.java:1763)
        at java.base@21.0.6/java.util.concurrent.LinkedBlockingQueue.poll(LinkedBlockingQueue.java:460)
        at app//org.apache.hadoop.ipc.CallQueueManager.take(CallQueueManager.java:370)
        at app//org.apache.hadoop.ipc.Server$Handler.run(Server.java:3165)
"IPC Server handler 6 on default port 15006" daemon prio=5 tid=501 timed_waiting
java.lang.Thread.State: TIMED_WAITING
        at java.base@21.0.6/jdk.internal.misc.Unsafe.park(Native Method)
        at java.base@21.0.6/java.util.concurrent.locks.LockSupport.parkNanos(LockSupport.java:269)
        at java.base@21.0.6/java.util.concurrent.locks.AbstractQueuedSynchronizer$ConditionObject.awaitNanos(AbstractQueuedSynchronizer.java:1763)
        at java.base@21.0.6/java.util.concurrent.LinkedBlockingQueue.poll(LinkedBlockingQueue.java:460)
        at app//org.apache.hadoop.ipc.CallQueueManager.take(CallQueueManager.java:370)
        at app//org.apache.hadoop.ipc.Server$Handler.run(Server.java:3165)
"LeakDetector-ManagedRocksObject0" daemon prio=5 tid=48 in Object.wait()
java.lang.Thread.State: WAITING (on object monitor)
        at java.base@21.0.6/jdk.internal.misc.Unsafe.park(Native Method)
        at java.base@21.0.6/java.util.concurrent.locks.LockSupport.park(LockSupport.java:371)
        at java.base@21.0.6/java.util.concurrent.locks.AbstractQueuedSynchronizer$ConditionNode.block(AbstractQueuedSynchronizer.java:519)
        at java.base@21.0.6/java.util.concurrent.ForkJoinPool.unmanagedBlock(ForkJoinPool.java:3780)
        at java.base@21.0.6/java.util.concurrent.ForkJoinPool.managedBlock(ForkJoinPool.java:3725)
        at java.base@21.0.6/java.util.concurrent.locks.AbstractQueuedSynchronizer$ConditionObject.await(AbstractQueuedSynchronizer.java:1712)
        at java.base@21.0.6/java.lang.ref.ReferenceQueue.await(ReferenceQueue.java:67)
        at java.base@21.0.6/java.lang.ref.ReferenceQueue.remove0(ReferenceQueue.java:158)
        at java.base@21.0.6/java.lang.ref.ReferenceQueue.remove(ReferenceQueue.java:234)
        at app//org.apache.hadoop.hdds.utils.LeakDetector.run(LeakDetector.java:79)
        at app//org.apache.hadoop.hdds.utils.LeakDetector$$Lambda/0x00007fd0ac43c858.run(Unknown Source)
        at java.base@21.0.6/java.lang.Thread.runWith(Thread.java:1596)
        at java.base@21.0.6/java.lang.Thread.run(Thread.java:1583)
"Socket Reader #1 for port 15019"  prio=5 tid=578 runnable
java.lang.Thread.State: RUNNABLE
        at java.base@21.0.6/sun.nio.ch.EPoll.wait(Native Method)
        at java.base@21.0.6/sun.nio.ch.EPollSelectorImpl.doSelect(EPollSelectorImpl.java:121)
        at java.base@21.0.6/sun.nio.ch.SelectorImpl.lockAndDoSelect(SelectorImpl.java:130)
        at java.base@21.0.6/sun.nio.ch.SelectorImpl.select(SelectorImpl.java:147)
        at app//org.apache.hadoop.ipc.Server$Listener$Reader.doRunLoop(Server.java:1497)
        at app//org.apache.hadoop.ipc.Server$Listener$Reader.run(Server.java:1476)
"FixedThreadPoolWithAffinityExecutor-1-0" daemon prio=5 tid=102 timed_waiting
java.lang.Thread.State: TIMED_WAITING
        at java.base@21.0.6/jdk.internal.misc.Unsafe.park(Native Method)
        at java.base@21.0.6/java.util.concurrent.locks.LockSupport.parkNanos(LockSupport.java:269)
        at java.base@21.0.6/java.util.concurrent.locks.AbstractQueuedSynchronizer$ConditionObject.awaitNanos(AbstractQueuedSynchronizer.java:1763)
        at java.base@21.0.6/java.util.concurrent.LinkedBlockingQueue.poll(LinkedBlockingQueue.java:460)
        at app//org.apache.hadoop.hdds.scm.server.ContainerReportQueue.poll(ContainerReportQueue.java:269)
        at app//org.apache.hadoop.hdds.scm.server.ContainerReportQueue.poll(ContainerReportQueue.java:42)
        at app//org.apache.hadoop.hdds.server.events.FixedThreadPoolWithAffinityExecutor$ContainerReportProcessTask.run(FixedThreadPoolWithAffinityExecutor.java:254)
        at java.base@21.0.6/java.util.concurrent.Executors$RunnableAdapter.call(Executors.java:572)
        at java.base@21.0.6/java.util.concurrent.FutureTask.run(FutureTask.java:317)
        at java.base@21.0.6/java.util.concurrent.ThreadPoolExecutor.runWorker(ThreadPoolExecutor.java:1144)
        at java.base@21.0.6/java.util.concurrent.ThreadPoolExecutor$Worker.run(ThreadPoolExecutor.java:642)
        at java.base@21.0.6/java.lang.Thread.runWith(Thread.java:1596)
        at java.base@21.0.6/java.lang.Thread.run(Thread.java:1583)
"IPC Server handler 46 on default port 15002" daemon prio=5 tid=382 timed_waiting
java.lang.Thread.State: TIMED_WAITING
        at java.base@21.0.6/jdk.internal.misc.Unsafe.park(Native Method)
        at java.base@21.0.6/java.util.concurrent.locks.LockSupport.parkNanos(LockSupport.java:269)
        at java.base@21.0.6/java.util.concurrent.locks.AbstractQueuedSynchronizer$ConditionObject.awaitNanos(AbstractQueuedSynchronizer.java:1763)
        at java.base@21.0.6/java.util.concurrent.LinkedBlockingQueue.poll(LinkedBlockingQueue.java:460)
        at app//org.apache.hadoop.ipc.CallQueueManager.take(CallQueueManager.java:370)
        at app//org.apache.hadoop.ipc.Server$Handler.run(Server.java:3165)
"IPC Server listener on 15006" daemon prio=5 tid=447 runnable
java.lang.Thread.State: RUNNABLE
        at java.base@21.0.6/sun.nio.ch.EPoll.wait(Native Method)
        at java.base@21.0.6/sun.nio.ch.EPollSelectorImpl.doSelect(EPollSelectorImpl.java:121)
        at java.base@21.0.6/sun.nio.ch.SelectorImpl.lockAndDoSelect(SelectorImpl.java:130)
        at java.base@21.0.6/sun.nio.ch.SelectorImpl.select(SelectorImpl.java:147)
        at app//org.apache.hadoop.ipc.Server$Listener.run(Server.java:1559)
"d6a19b8b-82a2-4947-8b44-7228be6ad053-EndpointStateMachineTaskThread-/0.0.0.0:15002-0 "  prio=5 tid=814 in Object.wait()
java.lang.Thread.State: WAITING (on object monitor)
        at java.base@21.0.6/jdk.internal.misc.Unsafe.park(Native Method)
        at java.base@21.0.6/java.util.concurrent.locks.LockSupport.park(LockSupport.java:371)
        at java.base@21.0.6/java.util.concurrent.locks.AbstractQueuedSynchronizer$ConditionNode.block(AbstractQueuedSynchronizer.java:519)
        at java.base@21.0.6/java.util.concurrent.ForkJoinPool.unmanagedBlock(ForkJoinPool.java:3780)
        at java.base@21.0.6/java.util.concurrent.ForkJoinPool.managedBlock(ForkJoinPool.java:3725)
        at java.base@21.0.6/java.util.concurrent.locks.AbstractQueuedSynchronizer$ConditionObject.await(AbstractQueuedSynchronizer.java:1712)
        at java.base@21.0.6/java.util.concurrent.LinkedBlockingQueue.take(LinkedBlockingQueue.java:435)
        at java.base@21.0.6/java.util.concurrent.ThreadPoolExecutor.getTask(ThreadPoolExecutor.java:1070)
        at java.base@21.0.6/java.util.concurrent.ThreadPoolExecutor.runWorker(ThreadPoolExecutor.java:1130)
        at java.base@21.0.6/java.util.concurrent.ThreadPoolExecutor$Worker.run(ThreadPoolExecutor.java:642)
        at java.base@21.0.6/java.lang.Thread.runWith(Thread.java:1596)
        at java.base@21.0.6/java.lang.Thread.run(Thread.java:1583)
"IPC Server handler 62 on default port 15002" daemon prio=5 tid=398 timed_waiting
java.lang.Thread.State: TIMED_WAITING
        at java.base@21.0.6/jdk.internal.misc.Unsafe.park(Native Method)
        at java.base@21.0.6/java.util.concurrent.locks.LockSupport.parkNanos(LockSupport.java:269)
        at java.base@21.0.6/java.util.concurrent.locks.AbstractQueuedSynchronizer$ConditionObject.awaitNanos(AbstractQueuedSynchronizer.java:1763)
        at java.base@21.0.6/java.util.concurrent.LinkedBlockingQueue.poll(LinkedBlockingQueue.java:460)
        at app//org.apache.hadoop.ipc.CallQueueManager.take(CallQueueManager.java:370)
        at app//org.apache.hadoop.ipc.Server$Handler.run(Server.java:3165)
"4a3059aa-ae89-4e47-8f1e-08d61ab31d43-DatanodeReportManager-0" daemon prio=5 tid=795 timed_waiting
java.lang.Thread.State: TIMED_WAITING
        at java.base@21.0.6/jdk.internal.misc.Unsafe.park(Native Method)
        at java.base@21.0.6/java.util.concurrent.locks.LockSupport.parkNanos(LockSupport.java:269)
        at java.base@21.0.6/java.util.concurrent.locks.AbstractQueuedSynchronizer$ConditionObject.awaitNanos(AbstractQueuedSynchronizer.java:1763)
        at java.base@21.0.6/java.util.concurrent.ScheduledThreadPoolExecutor$DelayedWorkQueue.take(ScheduledThreadPoolExecutor.java:1182)
        at java.base@21.0.6/java.util.concurrent.ScheduledThreadPoolExecutor$DelayedWorkQueue.take(ScheduledThreadPoolExecutor.java:899)
        at java.base@21.0.6/java.util.concurrent.ThreadPoolExecutor.getTask(ThreadPoolExecutor.java:1070)
        at java.base@21.0.6/java.util.concurrent.ThreadPoolExecutor.runWorker(ThreadPoolExecutor.java:1130)
        at java.base@21.0.6/java.util.concurrent.ThreadPoolExecutor$Worker.run(ThreadPoolExecutor.java:642)
        at java.base@21.0.6/java.lang.Thread.runWith(Thread.java:1596)
        at java.base@21.0.6/java.lang.Thread.run(Thread.java:1583)
"IPC Server handler 40 on default port 15000" daemon prio=5 tid=158 timed_waiting
java.lang.Thread.State: TIMED_WAITING
        at java.base@21.0.6/jdk.internal.misc.Unsafe.park(Native Method)
        at java.base@21.0.6/java.util.concurrent.locks.LockSupport.parkNanos(LockSupport.java:269)
        at java.base@21.0.6/java.util.concurrent.locks.AbstractQueuedSynchronizer$ConditionObject.awaitNanos(AbstractQueuedSynchronizer.java:1763)
        at java.base@21.0.6/java.util.concurrent.LinkedBlockingQueue.poll(LinkedBlockingQueue.java:460)
        at app//org.apache.hadoop.ipc.CallQueueManager.take(CallQueueManager.java:370)
        at app//org.apache.hadoop.ipc.Server$Handler.run(Server.java:3165)
"IPC Server handler 39 on default port 15001" daemon prio=5 tid=257 timed_waiting
java.lang.Thread.State: TIMED_WAITING
        at java.base@21.0.6/jdk.internal.misc.Unsafe.park(Native Method)
        at java.base@21.0.6/java.util.concurrent.locks.LockSupport.parkNanos(LockSupport.java:269)
        at java.base@21.0.6/java.util.concurrent.locks.AbstractQueuedSynchronizer$ConditionObject.awaitNanos(AbstractQueuedSynchronizer.java:1763)
        at java.base@21.0.6/java.util.concurrent.LinkedBlockingQueue.poll(LinkedBlockingQueue.java:460)
        at app//org.apache.hadoop.ipc.CallQueueManager.take(CallQueueManager.java:370)
        at app//org.apache.hadoop.ipc.Server$Handler.run(Server.java:3165)
"CompactionDagPruningService" daemon prio=5 tid=436 timed_waiting
java.lang.Thread.State: TIMED_WAITING
        at java.base@21.0.6/jdk.internal.misc.Unsafe.park(Native Method)
        at java.base@21.0.6/java.util.concurrent.locks.LockSupport.parkNanos(LockSupport.java:269)
        at java.base@21.0.6/java.util.concurrent.locks.AbstractQueuedSynchronizer$ConditionObject.awaitNanos(AbstractQueuedSynchronizer.java:1763)
        at java.base@21.0.6/java.util.concurrent.ScheduledThreadPoolExecutor$DelayedWorkQueue.take(ScheduledThreadPoolExecutor.java:1182)
        at java.base@21.0.6/java.util.concurrent.ScheduledThreadPoolExecutor$DelayedWorkQueue.take(ScheduledThreadPoolExecutor.java:899)
        at java.base@21.0.6/java.util.concurrent.ThreadPoolExecutor.getTask(ThreadPoolExecutor.java:1070)
        at java.base@21.0.6/java.util.concurrent.ThreadPoolExecutor.runWorker(ThreadPoolExecutor.java:1130)
        at java.base@21.0.6/java.util.concurrent.ThreadPoolExecutor$Worker.run(ThreadPoolExecutor.java:642)
        at java.base@21.0.6/java.lang.Thread.runWith(Thread.java:1596)
        at java.base@21.0.6/java.lang.Thread.run(Thread.java:1583)
"IPC Server handler 1 on default port 15001" daemon prio=5 tid=219 timed_waiting
java.lang.Thread.State: TIMED_WAITING
        at java.base@21.0.6/jdk.internal.misc.Unsafe.park(Native Method)
        at java.base@21.0.6/java.util.concurrent.locks.LockSupport.parkNanos(LockSupport.java:269)
        at java.base@21.0.6/java.util.concurrent.locks.AbstractQueuedSynchronizer$ConditionObject.awaitNanos(AbstractQueuedSynchronizer.java:1763)
        at java.base@21.0.6/java.util.concurrent.LinkedBlockingQueue.poll(LinkedBlockingQueue.java:460)
        at app//org.apache.hadoop.ipc.CallQueueManager.take(CallQueueManager.java:370)
        at app//org.apache.hadoop.ipc.Server$Handler.run(Server.java:3165)
"IPC Server handler 34 on default port 15002" daemon prio=5 tid=370 timed_waiting
java.lang.Thread.State: TIMED_WAITING
        at java.base@21.0.6/jdk.internal.misc.Unsafe.park(Native Method)
        at java.base@21.0.6/java.util.concurrent.locks.LockSupport.parkNanos(LockSupport.java:269)
        at java.base@21.0.6/java.util.concurrent.locks.AbstractQueuedSynchronizer$ConditionObject.awaitNanos(AbstractQueuedSynchronizer.java:1763)
        at java.base@21.0.6/java.util.concurrent.LinkedBlockingQueue.poll(LinkedBlockingQueue.java:460)
        at app//org.apache.hadoop.ipc.CallQueueManager.take(CallQueueManager.java:370)
        at app//org.apache.hadoop.ipc.Server$Handler.run(Server.java:3165)
"ForkJoinPool.commonPool-worker-3" daemon prio=5 tid=446 in Object.wait()
java.lang.Thread.State: WAITING (on object monitor)
        at java.base@21.0.6/jdk.internal.misc.Unsafe.park(Native Method)
        at java.base@21.0.6/java.util.concurrent.locks.LockSupport.park(LockSupport.java:371)
        at java.base@21.0.6/java.util.concurrent.ForkJoinPool.awaitWork(ForkJoinPool.java:1893)
        at java.base@21.0.6/java.util.concurrent.ForkJoinPool.runWorker(ForkJoinPool.java:1809)
        at java.base@21.0.6/java.util.concurrent.ForkJoinWorkerThread.run(ForkJoinWorkerThread.java:188)
"d6a19b8b-82a2-4947-8b44-7228be6ad053-PeriodicHDDSVolumeChecker" daemon prio=5 tid=816 timed_waiting
java.lang.Thread.State: TIMED_WAITING
        at java.base@21.0.6/jdk.internal.misc.Unsafe.park(Native Method)
        at java.base@21.0.6/java.util.concurrent.locks.LockSupport.parkNanos(LockSupport.java:269)
        at java.base@21.0.6/java.util.concurrent.locks.AbstractQueuedSynchronizer$ConditionObject.awaitNanos(AbstractQueuedSynchronizer.java:1763)
        at java.base@21.0.6/java.util.concurrent.ScheduledThreadPoolExecutor$DelayedWorkQueue.take(ScheduledThreadPoolExecutor.java:1182)
        at java.base@21.0.6/java.util.concurrent.ScheduledThreadPoolExecutor$DelayedWorkQueue.take(ScheduledThreadPoolExecutor.java:899)
        at java.base@21.0.6/java.util.concurrent.ThreadPoolExecutor.getTask(ThreadPoolExecutor.java:1070)
        at java.base@21.0.6/java.util.concurrent.ThreadPoolExecutor.runWorker(ThreadPoolExecutor.java:1130)
        at java.base@21.0.6/java.util.concurrent.ThreadPoolExecutor$Worker.run(ThreadPoolExecutor.java:642)
        at java.base@21.0.6/java.lang.Thread.runWith(Thread.java:1596)
        at java.base@21.0.6/java.lang.Thread.run(Thread.java:1583)
"IPC Server handler 4 on default port 15001" daemon prio=5 tid=222 timed_waiting
java.lang.Thread.State: TIMED_WAITING
        at java.base@21.0.6/jdk.internal.misc.Unsafe.park(Native Method)
        at java.base@21.0.6/java.util.concurrent.locks.LockSupport.parkNanos(LockSupport.java:269)
        at java.base@21.0.6/java.util.concurrent.locks.AbstractQueuedSynchronizer$ConditionObject.awaitNanos(AbstractQueuedSynchronizer.java:1763)
        at java.base@21.0.6/java.util.concurrent.LinkedBlockingQueue.poll(LinkedBlockingQueue.java:460)
        at app//org.apache.hadoop.ipc.CallQueueManager.take(CallQueueManager.java:370)
        at app//org.apache.hadoop.ipc.Server$Handler.run(Server.java:3165)
"om1@group-C5BA1605619E-LeaderStateImpl" daemon prio=5 tid=655 timed_waiting
java.lang.Thread.State: TIMED_WAITING
        at java.base@21.0.6/jdk.internal.misc.Unsafe.park(Native Method)
        at java.base@21.0.6/java.util.concurrent.locks.LockSupport.parkNanos(LockSupport.java:269)
        at java.base@21.0.6/java.util.concurrent.locks.AbstractQueuedSynchronizer$ConditionObject.awaitNanos(AbstractQueuedSynchronizer.java:1763)
        at java.base@21.0.6/java.util.concurrent.ArrayBlockingQueue.poll(ArrayBlockingQueue.java:435)
        at app//org.apache.ratis.server.impl.LeaderStateImpl$EventQueue.poll(LeaderStateImpl.java:164)
        at app//org.apache.ratis.server.impl.LeaderStateImpl$EventProcessor.run(LeaderStateImpl.java:763)
"qtp897209100-574" daemon prio=5 tid=574 timed_waiting
java.lang.Thread.State: TIMED_WAITING
        at java.base@21.0.6/jdk.internal.misc.Unsafe.park(Native Method)
        at java.base@21.0.6/java.util.concurrent.locks.LockSupport.parkNanos(LockSupport.java:269)
        at java.base@21.0.6/java.util.concurrent.locks.AbstractQueuedSynchronizer$ConditionObject.awaitNanos(AbstractQueuedSynchronizer.java:1763)
        at app//org.eclipse.jetty.util.BlockingArrayQueue.poll(BlockingArrayQueue.java:382)
        at app//org.eclipse.jetty.util.thread.QueuedThreadPool$Runner.idleJobPoll(QueuedThreadPool.java:974)
        at app//org.eclipse.jetty.util.thread.QueuedThreadPool$Runner.run(QueuedThreadPool.java:1018)
        at java.base@21.0.6/java.lang.Thread.runWith(Thread.java:1596)
        at java.base@21.0.6/java.lang.Thread.run(Thread.java:1583)
"IPC Server handler 74 on default port 15000" daemon prio=5 tid=192 timed_waiting
java.lang.Thread.State: TIMED_WAITING
        at java.base@21.0.6/jdk.internal.misc.Unsafe.park(Native Method)
        at java.base@21.0.6/java.util.concurrent.locks.LockSupport.parkNanos(LockSupport.java:269)
        at java.base@21.0.6/java.util.concurrent.locks.AbstractQueuedSynchronizer$ConditionObject.awaitNanos(AbstractQueuedSynchronizer.java:1763)
        at java.base@21.0.6/java.util.concurrent.LinkedBlockingQueue.poll(LinkedBlockingQueue.java:460)
        at app//org.apache.hadoop.ipc.CallQueueManager.take(CallQueueManager.java:370)
        at app//org.apache.hadoop.ipc.Server$Handler.run(Server.java:3165)
"IPC Server handler 62 on default port 15001" daemon prio=5 tid=280 timed_waiting
java.lang.Thread.State: TIMED_WAITING
        at java.base@21.0.6/jdk.internal.misc.Unsafe.park(Native Method)
        at java.base@21.0.6/java.util.concurrent.locks.LockSupport.parkNanos(LockSupport.java:269)
        at java.base@21.0.6/java.util.concurrent.locks.AbstractQueuedSynchronizer$ConditionObject.awaitNanos(AbstractQueuedSynchronizer.java:1763)
        at java.base@21.0.6/java.util.concurrent.LinkedBlockingQueue.poll(LinkedBlockingQueue.java:460)
        at app//org.apache.hadoop.ipc.CallQueueManager.take(CallQueueManager.java:370)
        at app//org.apache.hadoop.ipc.Server$Handler.run(Server.java:3165)
"IPC Server handler 84 on default port 15001" daemon prio=5 tid=302 timed_waiting
java.lang.Thread.State: TIMED_WAITING
        at java.base@21.0.6/jdk.internal.misc.Unsafe.park(Native Method)
        at java.base@21.0.6/java.util.concurrent.locks.LockSupport.parkNanos(LockSupport.java:269)
        at java.base@21.0.6/java.util.concurrent.locks.AbstractQueuedSynchronizer$ConditionObject.awaitNanos(AbstractQueuedSynchronizer.java:1763)
        at java.base@21.0.6/java.util.concurrent.LinkedBlockingQueue.poll(LinkedBlockingQueue.java:460)
        at app//org.apache.hadoop.ipc.CallQueueManager.take(CallQueueManager.java:370)
        at app//org.apache.hadoop.ipc.Server$Handler.run(Server.java:3165)
"main"  prio=5 tid=1 runnable
java.lang.Thread.State: RUNNABLE
        at java.base@21.0.6/java.lang.Thread.dumpThreads(Native Method)
        at java.base@21.0.6/java.lang.Thread.getAllStackTraces(Thread.java:2522)
        at app//org.apache.ozone.test.TimedOutTestsListener.buildThreadDump(TimedOutTestsListener.java:81)
        at app//org.apache.ozone.test.TimedOutTestsListener.buildThreadDiagnosticString(TimedOutTestsListener.java:67)
        at app//org.apache.ozone.test.GenericTestUtils.waitFor(GenericTestUtils.java:152)
        at app//org.apache.hadoop.hdds.scm.node.TestQueryNode.testStaleNodesCount(TestQueryNode.java:86)
        at java.base@21.0.6/java.lang.invoke.LambdaForm$DMH/0x00007fd0ac13c000.invokeVirtual(LambdaForm$DMH)
        at java.base@21.0.6/java.lang.invoke.LambdaForm$MH/0x00007fd0ac15c400.invoke(LambdaForm$MH)
        at java.base@21.0.6/java.lang.invoke.Invokers$Holder.invokeExact_MT(Invokers$Holder)
        at java.base@21.0.6/jdk.internal.reflect.DirectMethodHandleAccessor.invokeImpl(DirectMethodHandleAccessor.java:153)
        at java.base@21.0.6/jdk.internal.reflect.DirectMethodHandleAccessor.invoke(DirectMethodHandleAccessor.java:103)
        at java.base@21.0.6/java.lang.reflect.Method.invoke(Method.java:580)
        at app//org.junit.platform.commons.util.ReflectionUtils.invokeMethod(ReflectionUtils.java:775)
        at app//org.junit.platform.commons.support.ReflectionSupport.invokeMethod(ReflectionSupport.java:479)
        at app//org.junit.jupiter.engine.execution.MethodInvocation.proceed(MethodInvocation.java:60)
        at app//org.junit.jupiter.engine.execution.InvocationInterceptorChain$ValidatingInvocation.proceed(InvocationInterceptorChain.java:131)
        at app//org.junit.jupiter.engine.extension.TimeoutExtension.intercept(TimeoutExtension.java:161)
        at app//org.junit.jupiter.engine.extension.TimeoutExtension.interceptTestableMethod(TimeoutExtension.java:152)
        at app//org.junit.jupiter.engine.extension.TimeoutExtension.interceptTestMethod(TimeoutExtension.java:91)
        at app//org.junit.jupiter.engine.descriptor.TestMethodTestDescriptor$$Lambda/0x00007fd0ac100908.apply(Unknown Source)
        at app//org.junit.jupiter.engine.execution.InterceptingExecutableInvoker$ReflectiveInterceptorCall.lambda$ofVoidMethod$0(InterceptingExecutableInvoker.java:112)
        at app//org.junit.jupiter.engine.execution.InterceptingExecutableInvoker$ReflectiveInterceptorCall$$Lambda/0x00007fd0ac100d08.apply(Unknown Source)
        at app//org.junit.jupiter.engine.execution.InterceptingExecutableInvoker.lambda$invoke$0(InterceptingExecutableInvoker.java:94)
        at app//org.junit.jupiter.engine.execution.InterceptingExecutableInvoker$$Lambda/0x00007fd0ac1554a0.apply(Unknown Source)
        at app//org.junit.jupiter.engine.execution.InvocationInterceptorChain$InterceptedInvocation.proceed(InvocationInterceptorChain.java:106)
        at app//org.junit.jupiter.engine.execution.InvocationInterceptorChain.proceed(InvocationInterceptorChain.java:64)
        at app//org.junit.jupiter.engine.execution.InvocationInterceptorChain.chainAndInvoke(InvocationInterceptorChain.java:45)
        at app//org.junit.jupiter.engine.execution.InvocationInterceptorChain.invoke(InvocationInterceptorChain.java:37)
        at app//org.junit.jupiter.engine.execution.InterceptingExecutableInvoker.invoke(InterceptingExecutableInvoker.java:93)
        at app//org.junit.jupiter.engine.execution.InterceptingExecutableInvoker.invoke(InterceptingExecutableInvoker.java:87)
        at app//org.junit.jupiter.engine.descriptor.TestMethodTestDescriptor.lambda$invokeTestMethod$7(TestMethodTestDescriptor.java:216)
        at app//org.junit.jupiter.engine.descriptor.TestMethodTestDescriptor$$Lambda/0x00007fd0ac952be0.execute(Unknown Source)
        at app//org.junit.platform.engine.support.hierarchical.ThrowableCollector.execute(ThrowableCollector.java:73)
        at app//org.junit.jupiter.engine.descriptor.TestMethodTestDescriptor.invokeTestMethod(TestMethodTestDescriptor.java:212)
        at app//org.junit.jupiter.engine.descriptor.TestMethodTestDescriptor.execute(TestMethodTestDescriptor.java:137)
        at app//org.junit.jupiter.engine.descriptor.TestMethodTestDescriptor.execute(TestMethodTestDescriptor.java:69)
        at app//org.junit.platform.engine.support.hierarchical.NodeTestTask.lambda$executeRecursively$6(NodeTestTask.java:156)
        at app//org.junit.platform.engine.support.hierarchical.NodeTestTask$$Lambda/0x00007fd0ac13b7b0.execute(Unknown Source)
        at app//org.junit.platform.engine.support.hierarchical.ThrowableCollector.execute(ThrowableCollector.java:73)
        at app//org.junit.platform.engine.support.hierarchical.NodeTestTask.lambda$executeRecursively$8(NodeTestTask.java:146)
        at app//org.junit.platform.engine.support.hierarchical.NodeTestTask$$Lambda/0x00007fd0ac13b598.invoke(Unknown Source)
        at app//org.junit.platform.engine.support.hierarchical.Node.around(Node.java:137)
        at app//org.junit.platform.engine.support.hierarchical.NodeTestTask.lambda$executeRecursively$9(NodeTestTask.java:144)
        at app//org.junit.platform.engine.support.hierarchical.NodeTestTask$$Lambda/0x00007fd0ac13b190.execute(Unknown Source)
        at app//org.junit.platform.engine.support.hierarchical.ThrowableCollector.execute(ThrowableCollector.java:73)
        at app//org.junit.platform.engine.support.hierarchical.NodeTestTask.executeRecursively(NodeTestTask.java:143)
        at app//org.junit.platform.engine.support.hierarchical.NodeTestTask.execute(NodeTestTask.java:100)
        at app//org.junit.platform.engine.support.hierarchical.SameThreadHierarchicalTestExecutorService$$Lambda/0x00007fd0ac13e8b0.accept(Unknown Source)
        at java.base@21.0.6/java.util.ArrayList.forEach(ArrayList.java:1596)
        at app//org.junit.platform.engine.support.hierarchical.SameThreadHierarchicalTestExecutorService.invokeAll(SameThreadHierarchicalTestExecutorService.java:41)
        at app//org.junit.platform.engine.support.hierarchical.NodeTestTask.lambda$executeRecursively$6(NodeTestTask.java:160)
        at app//org.junit.platform.engine.support.hierarchical.NodeTestTask$$Lambda/0x00007fd0ac13b7b0.execute(Unknown Source)
        at app//org.junit.platform.engine.support.hierarchical.ThrowableCollector.execute(ThrowableCollector.java:73)
        at app//org.junit.platform.engine.support.hierarchical.NodeTestTask.lambda$executeRecursively$8(NodeTestTask.java:146)
        at app//org.junit.platform.engine.support.hierarchical.NodeTestTask$$Lambda/0x00007fd0ac13b598.invoke(Unknown Source)
        at app//org.junit.platform.engine.support.hierarchical.Node.around(Node.java:137)
        at app//org.junit.platform.engine.support.hierarchical.NodeTestTask.lambda$executeRecursively$9(NodeTestTask.java:144)
        at app//org.junit.platform.engine.support.hierarchical.NodeTestTask$$Lambda/0x00007fd0ac13b190.execute(Unknown Source)
        at app//org.junit.platform.engine.support.hierarchical.ThrowableCollector.execute(ThrowableCollector.java:73)
        at app//org.junit.platform.engine.support.hierarchical.NodeTestTask.executeRecursively(NodeTestTask.java:143)
        at app//org.junit.platform.engine.support.hierarchical.NodeTestTask.execute(NodeTestTask.java:100)
        at app//org.junit.platform.engine.support.hierarchical.SameThreadHierarchicalTestExecutorService$$Lambda/0x00007fd0ac13e8b0.accept(Unknown Source)
        at java.base@21.0.6/java.util.ArrayList.forEach(ArrayList.java:1596)
        at app//org.junit.platform.engine.support.hierarchical.SameThreadHierarchicalTestExecutorService.invokeAll(SameThreadHierarchicalTestExecutorService.java:41)
        at app//org.junit.platform.engine.support.hierarchical.NodeTestTask.lambda$executeRecursively$6(NodeTestTask.java:160)
        at app//org.junit.platform.engine.support.hierarchical.NodeTestTask$$Lambda/0x00007fd0ac13b7b0.execute(Unknown Source)
        at app//org.junit.platform.engine.support.hierarchical.ThrowableCollector.execute(ThrowableCollector.java:73)
        at app//org.junit.platform.engine.support.hierarchical.NodeTestTask.lambda$executeRecursively$8(NodeTestTask.java:146)
        at app//org.junit.platform.engine.support.hierarchical.NodeTestTask$$Lambda/0x00007fd0ac13b598.invoke(Unknown Source)
        at app//org.junit.platform.engine.support.hierarchical.Node.around(Node.java:137)
        at app//org.junit.platform.engine.support.hierarchical.NodeTestTask.lambda$executeRecursively$9(NodeTestTask.java:144)
        at app//org.junit.platform.engine.support.hierarchical.NodeTestTask$$Lambda/0x00007fd0ac13b190.execute(Unknown Source)
        at app//org.junit.platform.engine.support.hierarchical.ThrowableCollector.execute(ThrowableCollector.java:73)
        at app//org.junit.platform.engine.support.hierarchical.NodeTestTask.executeRecursively(NodeTestTask.java:143)
        at app//org.junit.platform.engine.support.hierarchical.NodeTestTask.execute(NodeTestTask.java:100)
        at app//org.junit.platform.engine.support.hierarchical.SameThreadHierarchicalTestExecutorService.submit(SameThreadHierarchicalTestExecutorService.java:35)
        at app//org.junit.platform.engine.support.hierarchical.HierarchicalTestExecutor.execute(HierarchicalTestExecutor.java:57)
        at app//org.junit.platform.engine.support.hierarchical.HierarchicalTestEngine.execute(HierarchicalTestEngine.java:54)
        at app//org.junit.platform.launcher.core.EngineExecutionOrchestrator.execute(EngineExecutionOrchestrator.java:201)
        at app//org.junit.platform.launcher.core.EngineExecutionOrchestrator.execute(EngineExecutionOrchestrator.java:170)
        at app//org.junit.platform.launcher.core.EngineExecutionOrchestrator.execute(EngineExecutionOrchestrator.java:94)
        at app//org.junit.platform.launcher.core.EngineExecutionOrchestrator.lambda$execute$0(EngineExecutionOrchestrator.java:59)
        at app//org.junit.platform.launcher.core.EngineExecutionOrchestrator$$Lambda/0x00007fd0ac113180.accept(Unknown Source)
        at app//org.junit.platform.launcher.core.EngineExecutionOrchestrator.withInterceptedStreams(EngineExecutionOrchestrator.java:142)
        at app//org.junit.platform.launcher.core.EngineExecutionOrchestrator.execute(EngineExecutionOrchestrator.java:58)
        at app//org.junit.platform.launcher.core.DefaultLauncher.execute(DefaultLauncher.java:103)
        at app//org.junit.platform.launcher.core.DefaultLauncher.execute(DefaultLauncher.java:85)
        at app//org.junit.platform.launcher.core.DelegatingLauncher.execute(DelegatingLauncher.java:47)
        at app//org.junit.platform.launcher.core.InterceptingLauncher.lambda$execute$1(InterceptingLauncher.java:39)
        at app//org.junit.platform.launcher.core.InterceptingLauncher$$Lambda/0x00007fd0ac09e6e0.proceed(Unknown Source)
        at app//org.junit.platform.launcher.core.ClasspathAlignmentCheckingLauncherInterceptor.intercept(ClasspathAlignmentCheckingLauncherInterceptor.java:25)
        at app//org.junit.platform.launcher.core.InterceptingLauncher.execute(InterceptingLauncher.java:38)
        at app//org.junit.platform.launcher.core.DelegatingLauncher.execute(DelegatingLauncher.java:47)
        at app//org.apache.maven.surefire.junitplatform.LazyLauncher.execute(LazyLauncher.java:56)
        at app//org.apache.maven.surefire.junitplatform.JUnitPlatformProvider.execute(JUnitPlatformProvider.java:184)
        at app//org.apache.maven.surefire.junitplatform.JUnitPlatformProvider.invokeAllTests(JUnitPlatformProvider.java:148)
        at app//org.apache.maven.surefire.junitplatform.JUnitPlatformProvider.invoke(JUnitPlatformProvider.java:120)
        at app//org.apache.maven.surefire.booter.ForkedBooter.runSuitesInProcess(ForkedBooter.java:385)
        at app//org.apache.maven.surefire.booter.ForkedBooter.execute(ForkedBooter.java:162)
        at app//org.apache.maven.surefire.booter.ForkedBooter.run(ForkedBooter.java:507)
        at app//org.apache.maven.surefire.booter.ForkedBooter.main(ForkedBooter.java:495)
"IPC Server handler 1 on default port 15043" daemon prio=5 tid=782 timed_waiting
java.lang.Thread.State: TIMED_WAITING
        at java.base@21.0.6/jdk.internal.misc.Unsafe.park(Native Method)
        at java.base@21.0.6/java.util.concurrent.locks.LockSupport.parkNanos(LockSupport.java:269)
        at java.base@21.0.6/java.util.concurrent.locks.AbstractQueuedSynchronizer$ConditionObject.awaitNanos(AbstractQueuedSynchronizer.java:1763)
        at java.base@21.0.6/java.util.concurrent.LinkedBlockingQueue.poll(LinkedBlockingQueue.java:460)
        at app//org.apache.hadoop.ipc.CallQueueManager.take(CallQueueManager.java:370)
        at app//org.apache.hadoop.ipc.Server$Handler.run(Server.java:3165)
"qtp897209100-568" daemon prio=5 tid=568 runnable
java.lang.Thread.State: RUNNABLE
        at java.base@21.0.6/sun.nio.ch.EPoll.wait(Native Method)
        at java.base@21.0.6/sun.nio.ch.EPollSelectorImpl.doSelect(EPollSelectorImpl.java:121)
        at java.base@21.0.6/sun.nio.ch.SelectorImpl.lockAndDoSelect(SelectorImpl.java:130)
        at java.base@21.0.6/sun.nio.ch.SelectorImpl.select(SelectorImpl.java:147)
        at app//org.eclipse.jetty.io.ManagedSelector.nioSelect(ManagedSelector.java:183)
        at app//org.eclipse.jetty.io.ManagedSelector.select(ManagedSelector.java:190)
        at app//org.eclipse.jetty.io.ManagedSelector$SelectorProducer.select(ManagedSelector.java:606)
        at app//org.eclipse.jetty.io.ManagedSelector$SelectorProducer.produce(ManagedSelector.java:543)
        at app//org.eclipse.jetty.util.thread.strategy.EatWhatYouKill.produceTask(EatWhatYouKill.java:362)
        at app//org.eclipse.jetty.util.thread.strategy.EatWhatYouKill.doProduce(EatWhatYouKill.java:186)
        at app//org.eclipse.jetty.util.thread.strategy.EatWhatYouKill.tryProduce(EatWhatYouKill.java:173)
        at app//org.eclipse.jetty.util.thread.strategy.EatWhatYouKill.produce(EatWhatYouKill.java:137)
        at app//org.eclipse.jetty.io.ManagedSelector$$Lambda/0x00007fd0ac690720.run(Unknown Source)
        at app//org.eclipse.jetty.util.thread.QueuedThreadPool.runJob(QueuedThreadPool.java:883)
        at app//org.eclipse.jetty.util.thread.QueuedThreadPool$Runner.run(QueuedThreadPool.java:1034)
        at java.base@21.0.6/java.lang.Thread.runWith(Thread.java:1596)
        at java.base@21.0.6/java.lang.Thread.run(Thread.java:1583)
"IPC Server handler 79 on default port 15001" daemon prio=5 tid=297 timed_waiting
java.lang.Thread.State: TIMED_WAITING
        at java.base@21.0.6/jdk.internal.misc.Unsafe.park(Native Method)
        at java.base@21.0.6/java.util.concurrent.locks.LockSupport.parkNanos(LockSupport.java:269)
        at java.base@21.0.6/java.util.concurrent.locks.AbstractQueuedSynchronizer$ConditionObject.awaitNanos(AbstractQueuedSynchronizer.java:1763)
        at java.base@21.0.6/java.util.concurrent.LinkedBlockingQueue.poll(LinkedBlockingQueue.java:460)
        at app//org.apache.hadoop.ipc.CallQueueManager.take(CallQueueManager.java:370)
        at app//org.apache.hadoop.ipc.Server$Handler.run(Server.java:3165)
"IPC Server handler 12 on default port 15002" daemon prio=5 tid=348 timed_waiting
java.lang.Thread.State: TIMED_WAITING
        at java.base@21.0.6/jdk.internal.misc.Unsafe.park(Native Method)
        at java.base@21.0.6/java.util.concurrent.locks.LockSupport.parkNanos(LockSupport.java:269)
        at java.base@21.0.6/java.util.concurrent.locks.AbstractQueuedSynchronizer$ConditionObject.awaitNanos(AbstractQueuedSynchronizer.java:1763)
        at java.base@21.0.6/java.util.concurrent.LinkedBlockingQueue.poll(LinkedBlockingQueue.java:460)
        at app//org.apache.hadoop.ipc.CallQueueManager.take(CallQueueManager.java:370)
        at app//org.apache.hadoop.ipc.Server$Handler.run(Server.java:3165)
"50f19a77-e23b-421f-a833-5664bb01cf1c-groupManagement"  prio=5 tid=50 in Object.wait()
java.lang.Thread.State: WAITING (on object monitor)
        at java.base@21.0.6/jdk.internal.misc.Unsafe.park(Native Method)
        at java.base@21.0.6/java.util.concurrent.locks.LockSupport.park(LockSupport.java:371)
        at java.base@21.0.6/java.util.concurrent.locks.AbstractQueuedSynchronizer$ConditionNode.block(AbstractQueuedSynchronizer.java:519)
        at java.base@21.0.6/java.util.concurrent.ForkJoinPool.unmanagedBlock(ForkJoinPool.java:3780)
        at java.base@21.0.6/java.util.concurrent.ForkJoinPool.managedBlock(ForkJoinPool.java:3725)
        at java.base@21.0.6/java.util.concurrent.locks.AbstractQueuedSynchronizer$ConditionObject.await(AbstractQueuedSynchronizer.java:1712)
        at java.base@21.0.6/java.util.concurrent.LinkedBlockingQueue.take(LinkedBlockingQueue.java:435)
        at java.base@21.0.6/java.util.concurrent.ThreadPoolExecutor.getTask(ThreadPoolExecutor.java:1070)
        at java.base@21.0.6/java.util.concurrent.ThreadPoolExecutor.runWorker(ThreadPoolExecutor.java:1130)
        at java.base@21.0.6/java.util.concurrent.ThreadPoolExecutor$Worker.run(ThreadPoolExecutor.java:642)
        at java.base@21.0.6/java.lang.Thread.runWith(Thread.java:1596)
        at java.base@21.0.6/java.lang.Thread.run(Thread.java:1583)
"4a3059aa-ae89-4e47-8f1e-08d61ab31d43-CommandProcessorThread" daemon prio=5 tid=800 timed_waiting
java.lang.Thread.State: TIMED_WAITING
        at java.base@21.0.6/java.lang.Thread.sleep0(Native Method)
        at java.base@21.0.6/java.lang.Thread.sleep(Thread.java:509)
        at app//org.apache.hadoop.ozone.container.common.statemachine.DatanodeStateMachine.lambda$initCommandHandlerThread$4(DatanodeStateMachine.java:673)
        at app//org.apache.hadoop.ozone.container.common.statemachine.DatanodeStateMachine$$Lambda/0x00007fd0ac80cc70.run(Unknown Source)
        at java.base@21.0.6/java.lang.Thread.runWith(Thread.java:1596)
        at java.base@21.0.6/java.lang.Thread.run(Thread.java:1583)
"om1-OpenKeyCleanupService#0" daemon prio=5 tid=472 timed_waiting
java.lang.Thread.State: TIMED_WAITING
        at java.base@21.0.6/jdk.internal.misc.Unsafe.park(Native Method)
        at java.base@21.0.6/java.util.concurrent.locks.LockSupport.parkNanos(LockSupport.java:269)
        at java.base@21.0.6/java.util.concurrent.locks.AbstractQueuedSynchronizer$ConditionObject.awaitNanos(AbstractQueuedSynchronizer.java:1763)
        at java.base@21.0.6/java.util.concurrent.ScheduledThreadPoolExecutor$DelayedWorkQueue.take(ScheduledThreadPoolExecutor.java:1182)
        at java.base@21.0.6/java.util.concurrent.ScheduledThreadPoolExecutor$DelayedWorkQueue.take(ScheduledThreadPoolExecutor.java:899)
        at java.base@21.0.6/java.util.concurrent.ThreadPoolExecutor.getTask(ThreadPoolExecutor.java:1070)
        at java.base@21.0.6/java.util.concurrent.ThreadPoolExecutor.runWorker(ThreadPoolExecutor.java:1130)
        at java.base@21.0.6/java.util.concurrent.ThreadPoolExecutor$Worker.run(ThreadPoolExecutor.java:642)
        at java.base@21.0.6/java.lang.Thread.runWith(Thread.java:1596)
        at java.base@21.0.6/java.lang.Thread.run(Thread.java:1583)
"IPC Server handler 99 on default port 15001" daemon prio=5 tid=317 timed_waiting
java.lang.Thread.State: TIMED_WAITING
        at java.base@21.0.6/jdk.internal.misc.Unsafe.park(Native Method)
        at java.base@21.0.6/java.util.concurrent.locks.LockSupport.parkNanos(LockSupport.java:269)
        at java.base@21.0.6/java.util.concurrent.locks.AbstractQueuedSynchronizer$ConditionObject.awaitNanos(AbstractQueuedSynchronizer.java:1763)
        at java.base@21.0.6/java.util.concurrent.LinkedBlockingQueue.poll(LinkedBlockingQueue.java:460)
        at app//org.apache.hadoop.ipc.CallQueueManager.take(CallQueueManager.java:370)
        at app//org.apache.hadoop.ipc.Server$Handler.run(Server.java:3165)
"IPC Server handler 32 on default port 15001" daemon prio=5 tid=250 timed_waiting
java.lang.Thread.State: TIMED_WAITING
        at java.base@21.0.6/jdk.internal.misc.Unsafe.park(Native Method)
        at java.base@21.0.6/java.util.concurrent.locks.LockSupport.parkNanos(LockSupport.java:269)
        at java.base@21.0.6/java.util.concurrent.locks.AbstractQueuedSynchronizer$ConditionObject.awaitNanos(AbstractQueuedSynchronizer.java:1763)
        at java.base@21.0.6/java.util.concurrent.LinkedBlockingQueue.poll(LinkedBlockingQueue.java:460)
        at app//org.apache.hadoop.ipc.CallQueueManager.take(CallQueueManager.java:370)
        at app//org.apache.hadoop.ipc.Server$Handler.run(Server.java:3165)
"IPC Server handler 0 on default port 15035" daemon prio=5 tid=707 timed_waiting
java.lang.Thread.State: TIMED_WAITING
        at java.base@21.0.6/jdk.internal.misc.Unsafe.park(Native Method)
        at java.base@21.0.6/java.util.concurrent.locks.LockSupport.parkNanos(LockSupport.java:269)
        at java.base@21.0.6/java.util.concurrent.locks.AbstractQueuedSynchronizer$ConditionObject.awaitNanos(AbstractQueuedSynchronizer.java:1763)
        at java.base@21.0.6/java.util.concurrent.LinkedBlockingQueue.poll(LinkedBlockingQueue.java:460)
        at app//org.apache.hadoop.ipc.CallQueueManager.take(CallQueueManager.java:370)
        at app//org.apache.hadoop.ipc.Server$Handler.run(Server.java:3165)
"IPC Server handler 18 on default port 15002" daemon prio=5 tid=354 timed_waiting
java.lang.Thread.State: TIMED_WAITING
        at java.base@21.0.6/jdk.internal.misc.Unsafe.park(Native Method)
        at java.base@21.0.6/java.util.concurrent.locks.LockSupport.parkNanos(LockSupport.java:269)
        at java.base@21.0.6/java.util.concurrent.locks.AbstractQueuedSynchronizer$ConditionObject.awaitNanos(AbstractQueuedSynchronizer.java:1763)
        at java.base@21.0.6/java.util.concurrent.LinkedBlockingQueue.poll(LinkedBlockingQueue.java:460)
        at app//org.apache.hadoop.ipc.CallQueueManager.take(CallQueueManager.java:370)
        at app//org.apache.hadoop.ipc.Server$Handler.run(Server.java:3165)
"IPC Server handler 61 on default port 15002" daemon prio=5 tid=397 timed_waiting
java.lang.Thread.State: TIMED_WAITING
        at java.base@21.0.6/jdk.internal.misc.Unsafe.park(Native Method)
        at java.base@21.0.6/java.util.concurrent.locks.LockSupport.parkNanos(LockSupport.java:269)
        at java.base@21.0.6/java.util.concurrent.locks.AbstractQueuedSynchronizer$ConditionObject.awaitNanos(AbstractQueuedSynchronizer.java:1763)
        at java.base@21.0.6/java.util.concurrent.LinkedBlockingQueue.poll(LinkedBlockingQueue.java:460)
        at app//org.apache.hadoop.ipc.CallQueueManager.take(CallQueueManager.java:370)
        at app//org.apache.hadoop.ipc.Server$Handler.run(Server.java:3165)
"93cc9901-be1a-45f5-9681-0d93e627c426-DataNodeDiskCheckerThread-0" daemon prio=5 tid=728 timed_waiting
java.lang.Thread.State: TIMED_WAITING
        at java.base@21.0.6/jdk.internal.misc.Unsafe.park(Native Method)
        at java.base@21.0.6/java.util.concurrent.locks.LockSupport.parkNanos(LockSupport.java:410)
        at java.base@21.0.6/java.util.concurrent.LinkedTransferQueue$DualNode.await(LinkedTransferQueue.java:452)
        at java.base@21.0.6/java.util.concurrent.SynchronousQueue$Transferer.xferLifo(SynchronousQueue.java:194)
        at java.base@21.0.6/java.util.concurrent.SynchronousQueue.xfer(SynchronousQueue.java:235)
        at java.base@21.0.6/java.util.concurrent.SynchronousQueue.poll(SynchronousQueue.java:338)
        at java.base@21.0.6/java.util.concurrent.ThreadPoolExecutor.getTask(ThreadPoolExecutor.java:1069)
        at java.base@21.0.6/java.util.concurrent.ThreadPoolExecutor.runWorker(ThreadPoolExecutor.java:1130)
        at java.base@21.0.6/java.util.concurrent.ThreadPoolExecutor$Worker.run(ThreadPoolExecutor.java:642)
        at java.base@21.0.6/java.lang.Thread.runWith(Thread.java:1596)
        at java.base@21.0.6/java.lang.Thread.run(Thread.java:1583)
"IPC Server listener on 15035" daemon prio=5 tid=693 runnable
java.lang.Thread.State: RUNNABLE
        at java.base@21.0.6/sun.nio.ch.EPoll.wait(Native Method)
        at java.base@21.0.6/sun.nio.ch.EPollSelectorImpl.doSelect(EPollSelectorImpl.java:121)
        at java.base@21.0.6/sun.nio.ch.SelectorImpl.lockAndDoSelect(SelectorImpl.java:130)
        at java.base@21.0.6/sun.nio.ch.SelectorImpl.select(SelectorImpl.java:147)
        at app//org.apache.hadoop.ipc.Server$Listener.run(Server.java:1559)
"IPC Server handler 0 on default port 15001" daemon prio=5 tid=218 timed_waiting
java.lang.Thread.State: TIMED_WAITING
        at java.base@21.0.6/jdk.internal.misc.Unsafe.park(Native Method)
        at java.base@21.0.6/java.util.concurrent.locks.LockSupport.parkNanos(LockSupport.java:269)
        at java.base@21.0.6/java.util.concurrent.locks.AbstractQueuedSynchronizer$ConditionObject.awaitNanos(AbstractQueuedSynchronizer.java:1763)
        at java.base@21.0.6/java.util.concurrent.LinkedBlockingQueue.poll(LinkedBlockingQueue.java:460)
        at app//org.apache.hadoop.ipc.CallQueueManager.take(CallQueueManager.java:370)
        at app//org.apache.hadoop.ipc.Server$Handler.run(Server.java:3165)
"Socket Reader #1 for port 15000"  prio=5 tid=88 runnable
java.lang.Thread.State: RUNNABLE
        at java.base@21.0.6/sun.nio.ch.EPoll.wait(Native Method)
        at java.base@21.0.6/sun.nio.ch.EPollSelectorImpl.doSelect(EPollSelectorImpl.java:121)
        at java.base@21.0.6/sun.nio.ch.SelectorImpl.lockAndDoSelect(SelectorImpl.java:130)
        at java.base@21.0.6/sun.nio.ch.SelectorImpl.select(SelectorImpl.java:147)
        at app//org.apache.hadoop.ipc.Server$Listener$Reader.doRunLoop(Server.java:1497)
        at app//org.apache.hadoop.ipc.Server$Listener$Reader.run(Server.java:1476)
"IPC Server handler 47 on default port 15001" daemon prio=5 tid=265 timed_waiting
java.lang.Thread.State: TIMED_WAITING
        at java.base@21.0.6/jdk.internal.misc.Unsafe.park(Native Method)
        at java.base@21.0.6/java.util.concurrent.locks.LockSupport.parkNanos(LockSupport.java:269)
        at java.base@21.0.6/java.util.concurrent.locks.AbstractQueuedSynchronizer$ConditionObject.awaitNanos(AbstractQueuedSynchronizer.java:1763)
        at java.base@21.0.6/java.util.concurrent.LinkedBlockingQueue.poll(LinkedBlockingQueue.java:460)
        at app//org.apache.hadoop.ipc.CallQueueManager.take(CallQueueManager.java:370)
        at app//org.apache.hadoop.ipc.Server$Handler.run(Server.java:3165)
"IPC Server handler 85 on default port 15002" daemon prio=5 tid=421 timed_waiting
java.lang.Thread.State: TIMED_WAITING
        at java.base@21.0.6/jdk.internal.misc.Unsafe.park(Native Method)
        at java.base@21.0.6/java.util.concurrent.locks.LockSupport.parkNanos(LockSupport.java:269)
        at java.base@21.0.6/java.util.concurrent.locks.AbstractQueuedSynchronizer$ConditionObject.awaitNanos(AbstractQueuedSynchronizer.java:1763)
        at java.base@21.0.6/java.util.concurrent.LinkedBlockingQueue.poll(LinkedBlockingQueue.java:460)
        at app//org.apache.hadoop.ipc.CallQueueManager.take(CallQueueManager.java:370)
        at app//org.apache.hadoop.ipc.Server$Handler.run(Server.java:3165)
"Session-HouseKeeper-1e695be6-1"  prio=5 tid=576 timed_waiting
java.lang.Thread.State: TIMED_WAITING
        at java.base@21.0.6/jdk.internal.misc.Unsafe.park(Native Method)
        at java.base@21.0.6/java.util.concurrent.locks.LockSupport.parkNanos(LockSupport.java:269)
        at java.base@21.0.6/java.util.concurrent.locks.AbstractQueuedSynchronizer$ConditionObject.awaitNanos(AbstractQueuedSynchronizer.java:1763)
        at java.base@21.0.6/java.util.concurrent.ScheduledThreadPoolExecutor$DelayedWorkQueue.take(ScheduledThreadPoolExecutor.java:1182)
        at java.base@21.0.6/java.util.concurrent.ScheduledThreadPoolExecutor$DelayedWorkQueue.take(ScheduledThreadPoolExecutor.java:899)
        at java.base@21.0.6/java.util.concurrent.ThreadPoolExecutor.getTask(ThreadPoolExecutor.java:1070)
        at java.base@21.0.6/java.util.concurrent.ThreadPoolExecutor.runWorker(ThreadPoolExecutor.java:1130)
        at java.base@21.0.6/java.util.concurrent.ThreadPoolExecutor$Worker.run(ThreadPoolExecutor.java:642)
        at java.base@21.0.6/java.lang.Thread.runWith(Thread.java:1596)
        at java.base@21.0.6/java.lang.Thread.run(Thread.java:1583)
"a6bf55e3-38e4-411e-ac0b-5acdb6a35656-PipelineCommandHandlerThread-0"  prio=5 tid=914 in Object.wait()
java.lang.Thread.State: WAITING (on object monitor)
        at java.base@21.0.6/jdk.internal.misc.Unsafe.park(Native Method)
        at java.base@21.0.6/java.util.concurrent.locks.LockSupport.park(LockSupport.java:371)
        at java.base@21.0.6/java.util.concurrent.locks.AbstractQueuedSynchronizer$ConditionNode.block(AbstractQueuedSynchronizer.java:519)
        at java.base@21.0.6/java.util.concurrent.ForkJoinPool.unmanagedBlock(ForkJoinPool.java:3780)
        at java.base@21.0.6/java.util.concurrent.ForkJoinPool.managedBlock(ForkJoinPool.java:3725)
        at java.base@21.0.6/java.util.concurrent.locks.AbstractQueuedSynchronizer$ConditionObject.await(AbstractQueuedSynchronizer.java:1712)
        at java.base@21.0.6/java.util.concurrent.LinkedBlockingQueue.take(LinkedBlockingQueue.java:435)
        at java.base@21.0.6/java.util.concurrent.ThreadPoolExecutor.getTask(ThreadPoolExecutor.java:1070)
        at java.base@21.0.6/java.util.concurrent.ThreadPoolExecutor.runWorker(ThreadPoolExecutor.java:1130)
        at java.base@21.0.6/java.util.concurrent.ThreadPoolExecutor$Worker.run(ThreadPoolExecutor.java:642)
        at java.base@21.0.6/java.lang.Thread.runWith(Thread.java:1596)
        at java.base@21.0.6/java.lang.Thread.run(Thread.java:1583)
"50f19a77-e23b-421f-a833-5664bb01cf1c@group-45D4895FEBC0-cacheEviction-AwaitToRun" daemon prio=5 tid=111 in Object.wait()
java.lang.Thread.State: WAITING (on object monitor)
        at java.base@21.0.6/jdk.internal.misc.Unsafe.park(Native Method)
        at java.base@21.0.6/java.util.concurrent.locks.LockSupport.park(LockSupport.java:371)
        at java.base@21.0.6/java.util.concurrent.locks.AbstractQueuedSynchronizer$ConditionNode.block(AbstractQueuedSynchronizer.java:519)
        at java.base@21.0.6/java.util.concurrent.ForkJoinPool.unmanagedBlock(ForkJoinPool.java:3780)
        at java.base@21.0.6/java.util.concurrent.ForkJoinPool.managedBlock(ForkJoinPool.java:3725)
        at java.base@21.0.6/java.util.concurrent.locks.AbstractQueuedSynchronizer$ConditionObject.await(AbstractQueuedSynchronizer.java:1712)
        at app//org.apache.ratis.util.AwaitForSignal.await(AwaitForSignal.java:48)
        at app//org.apache.ratis.util.AwaitToRun$RunnableImpl.run(AwaitToRun.java:47)
        at java.base@21.0.6/java.lang.Thread.runWith(Thread.java:1596)
        at java.base@21.0.6/java.lang.Thread.run(Thread.java:1583)
"JvmPauseMonitor5" daemon prio=5 tid=806 timed_waiting
java.lang.Thread.State: TIMED_WAITING
        at java.base@21.0.6/java.lang.Thread.sleep0(Native Method)
        at java.base@21.0.6/java.lang.Thread.sleep(Thread.java:558)
        at java.base@21.0.6/java.util.concurrent.TimeUnit.sleep(TimeUnit.java:446)
        at app//org.apache.ratis.util.TimeDuration.sleep(TimeDuration.java:353)
        at app//org.apache.ratis.util.TimeDuration.sleep(TimeDuration.java:338)
        at app//org.apache.ratis.util.JvmPauseMonitor.detectPause(JvmPauseMonitor.java:160)
        at app//org.apache.ratis.util.JvmPauseMonitor.run(JvmPauseMonitor.java:149)
        at app//org.apache.ratis.util.JvmPauseMonitor$$Lambda/0x00007fd0ac3a9508.run(Unknown Source)
        at java.base@21.0.6/java.lang.Thread.runWith(Thread.java:1596)
        at java.base@21.0.6/java.lang.Thread.run(Thread.java:1583)
"qtp2049070779-750" daemon prio=5 tid=750 timed_waiting
java.lang.Thread.State: TIMED_WAITING
        at java.base@21.0.6/jdk.internal.misc.Unsafe.park(Native Method)
        at java.base@21.0.6/java.util.concurrent.locks.LockSupport.parkNanos(LockSupport.java:269)
        at java.base@21.0.6/java.util.concurrent.locks.AbstractQueuedSynchronizer$ConditionObject.awaitNanos(AbstractQueuedSynchronizer.java:1763)
        at app//org.eclipse.jetty.util.BlockingArrayQueue.poll(BlockingArrayQueue.java:382)
        at app//org.eclipse.jetty.util.thread.QueuedThreadPool$Runner.idleJobPoll(QueuedThreadPool.java:974)
        at app//org.eclipse.jetty.util.thread.QueuedThreadPool$Runner.run(QueuedThreadPool.java:1018)
        at java.base@21.0.6/java.lang.Thread.runWith(Thread.java:1596)
        at java.base@21.0.6/java.lang.Thread.run(Thread.java:1583)
"IPC Server handler 84 on default port 15002" daemon prio=5 tid=420 timed_waiting
java.lang.Thread.State: TIMED_WAITING
        at java.base@21.0.6/jdk.internal.misc.Unsafe.park(Native Method)
        at java.base@21.0.6/java.util.concurrent.locks.LockSupport.parkNanos(LockSupport.java:269)
        at java.base@21.0.6/java.util.concurrent.locks.AbstractQueuedSynchronizer$ConditionObject.awaitNanos(AbstractQueuedSynchronizer.java:1763)
        at java.base@21.0.6/java.util.concurrent.LinkedBlockingQueue.poll(LinkedBlockingQueue.java:460)
        at app//org.apache.hadoop.ipc.CallQueueManager.take(CallQueueManager.java:370)
        at app//org.apache.hadoop.ipc.Server$Handler.run(Server.java:3165)
"EventQueue-ContainerRegistrationReportForRatisContainerSafeModeRule" daemon prio=5 tid=763 in Object.wait()
java.lang.Thread.State: WAITING (on object monitor)
        at java.base@21.0.6/jdk.internal.misc.Unsafe.park(Native Method)
        at java.base@21.0.6/java.util.concurrent.locks.LockSupport.park(LockSupport.java:371)
        at java.base@21.0.6/java.util.concurrent.locks.AbstractQueuedSynchronizer$ConditionNode.block(AbstractQueuedSynchronizer.java:519)
        at java.base@21.0.6/java.util.concurrent.ForkJoinPool.unmanagedBlock(ForkJoinPool.java:3780)
        at java.base@21.0.6/java.util.concurrent.ForkJoinPool.managedBlock(ForkJoinPool.java:3725)
        at java.base@21.0.6/java.util.concurrent.locks.AbstractQueuedSynchronizer$ConditionObject.await(AbstractQueuedSynchronizer.java:1712)
        at java.base@21.0.6/java.util.concurrent.LinkedBlockingQueue.take(LinkedBlockingQueue.java:435)
        at java.base@21.0.6/java.util.concurrent.ThreadPoolExecutor.getTask(ThreadPoolExecutor.java:1070)
        at java.base@21.0.6/java.util.concurrent.ThreadPoolExecutor.runWorker(ThreadPoolExecutor.java:1130)
        at java.base@21.0.6/java.util.concurrent.ThreadPoolExecutor$Worker.run(ThreadPoolExecutor.java:642)
        at java.base@21.0.6/java.lang.Thread.runWith(Thread.java:1596)
        at java.base@21.0.6/java.lang.Thread.run(Thread.java:1583)
"IPC Server listener on 15000" daemon prio=5 tid=87 runnable
java.lang.Thread.State: RUNNABLE
        at java.base@21.0.6/sun.nio.ch.EPoll.wait(Native Method)
        at java.base@21.0.6/sun.nio.ch.EPollSelectorImpl.doSelect(EPollSelectorImpl.java:121)
        at java.base@21.0.6/sun.nio.ch.SelectorImpl.lockAndDoSelect(SelectorImpl.java:130)
        at java.base@21.0.6/sun.nio.ch.SelectorImpl.select(SelectorImpl.java:147)
        at app//org.apache.hadoop.ipc.Server$Listener.run(Server.java:1559)
"IPC Server handler 28 on default port 15000" daemon prio=5 tid=146 timed_waiting
java.lang.Thread.State: TIMED_WAITING
        at java.base@21.0.6/jdk.internal.misc.Unsafe.park(Native Method)
        at java.base@21.0.6/java.util.concurrent.locks.LockSupport.parkNanos(LockSupport.java:269)
        at java.base@21.0.6/java.util.concurrent.locks.AbstractQueuedSynchronizer$ConditionObject.awaitNanos(AbstractQueuedSynchronizer.java:1763)
        at java.base@21.0.6/java.util.concurrent.LinkedBlockingQueue.poll(LinkedBlockingQueue.java:460)
        at app//org.apache.hadoop.ipc.CallQueueManager.take(CallQueueManager.java:370)
        at app//org.apache.hadoop.ipc.Server$Handler.run(Server.java:3165)
"IPC Server handler 70 on default port 15000" daemon prio=5 tid=188 timed_waiting
java.lang.Thread.State: TIMED_WAITING
        at java.base@21.0.6/jdk.internal.misc.Unsafe.park(Native Method)
        at java.base@21.0.6/java.util.concurrent.locks.LockSupport.parkNanos(LockSupport.java:269)
        at java.base@21.0.6/java.util.concurrent.locks.AbstractQueuedSynchronizer$ConditionObject.awaitNanos(AbstractQueuedSynchronizer.java:1763)
        at java.base@21.0.6/java.util.concurrent.LinkedBlockingQueue.poll(LinkedBlockingQueue.java:460)
        at app//org.apache.hadoop.ipc.CallQueueManager.take(CallQueueManager.java:370)
        at app//org.apache.hadoop.ipc.Server$Handler.run(Server.java:3165)
"Hadoop-Metrics-Updater-0" daemon prio=5 tid=778 timed_waiting
java.lang.Thread.State: TIMED_WAITING
        at java.base@21.0.6/jdk.internal.misc.Unsafe.park(Native Method)
        at java.base@21.0.6/java.util.concurrent.locks.LockSupport.parkNanos(LockSupport.java:269)
        at java.base@21.0.6/java.util.concurrent.locks.AbstractQueuedSynchronizer$ConditionObject.awaitNanos(AbstractQueuedSynchronizer.java:1763)
        at java.base@21.0.6/java.util.concurrent.ScheduledThreadPoolExecutor$DelayedWorkQueue.take(ScheduledThreadPoolExecutor.java:1182)
        at java.base@21.0.6/java.util.concurrent.ScheduledThreadPoolExecutor$DelayedWorkQueue.take(ScheduledThreadPoolExecutor.java:899)
        at java.base@21.0.6/java.util.concurrent.ThreadPoolExecutor.getTask(ThreadPoolExecutor.java:1070)
        at java.base@21.0.6/java.util.concurrent.ThreadPoolExecutor.runWorker(ThreadPoolExecutor.java:1130)
        at java.base@21.0.6/java.util.concurrent.ThreadPoolExecutor$Worker.run(ThreadPoolExecutor.java:642)
        at java.base@21.0.6/java.lang.Thread.runWith(Thread.java:1596)
        at java.base@21.0.6/java.lang.Thread.run(Thread.java:1583)
"IPC Server handler 12 on default port 15006" daemon prio=5 tid=507 timed_waiting
java.lang.Thread.State: TIMED_WAITING
        at java.base@21.0.6/jdk.internal.misc.Unsafe.park(Native Method)
        at java.base@21.0.6/java.util.concurrent.locks.LockSupport.parkNanos(LockSupport.java:269)
        at java.base@21.0.6/java.util.concurrent.locks.AbstractQueuedSynchronizer$ConditionObject.awaitNanos(AbstractQueuedSynchronizer.java:1763)
        at java.base@21.0.6/java.util.concurrent.LinkedBlockingQueue.poll(LinkedBlockingQueue.java:460)
        at app//org.apache.hadoop.ipc.CallQueueManager.take(CallQueueManager.java:370)
        at app//org.apache.hadoop.ipc.Server$Handler.run(Server.java:3165)
"Socket Reader #2 for port 15027"  prio=5 tid=625 runnable
java.lang.Thread.State: RUNNABLE
        at java.base@21.0.6/sun.nio.ch.EPoll.wait(Native Method)
        at java.base@21.0.6/sun.nio.ch.EPollSelectorImpl.doSelect(EPollSelectorImpl.java:121)
        at java.base@21.0.6/sun.nio.ch.SelectorImpl.lockAndDoSelect(SelectorImpl.java:130)
        at java.base@21.0.6/sun.nio.ch.SelectorImpl.select(SelectorImpl.java:147)
        at app//org.apache.hadoop.ipc.Server$Listener$Reader.doRunLoop(Server.java:1497)
        at app//org.apache.hadoop.ipc.Server$Listener$Reader.run(Server.java:1476)
"IPC Server handler 93 on default port 15000" daemon prio=5 tid=211 timed_waiting
java.lang.Thread.State: TIMED_WAITING
        at java.base@21.0.6/jdk.internal.misc.Unsafe.park(Native Method)
        at java.base@21.0.6/java.util.concurrent.locks.LockSupport.parkNanos(LockSupport.java:269)
        at java.base@21.0.6/java.util.concurrent.locks.AbstractQueuedSynchronizer$ConditionObject.awaitNanos(AbstractQueuedSynchronizer.java:1763)
        at java.base@21.0.6/java.util.concurrent.LinkedBlockingQueue.poll(LinkedBlockingQueue.java:460)
        at app//org.apache.hadoop.ipc.CallQueueManager.take(CallQueueManager.java:370)
        at app//org.apache.hadoop.ipc.Server$Handler.run(Server.java:3165)
"IPC Server handler 45 on default port 15001" daemon prio=5 tid=263 timed_waiting
java.lang.Thread.State: TIMED_WAITING
        at java.base@21.0.6/jdk.internal.misc.Unsafe.park(Native Method)
        at java.base@21.0.6/java.util.concurrent.locks.LockSupport.parkNanos(LockSupport.java:269)
        at java.base@21.0.6/java.util.concurrent.locks.AbstractQueuedSynchronizer$ConditionObject.awaitNanos(AbstractQueuedSynchronizer.java:1763)
        at java.base@21.0.6/java.util.concurrent.LinkedBlockingQueue.poll(LinkedBlockingQueue.java:460)
        at app//org.apache.hadoop.ipc.CallQueueManager.take(CallQueueManager.java:370)
        at app//org.apache.hadoop.ipc.Server$Handler.run(Server.java:3165)
"Socket Reader #4 for port 15043"  prio=5 tid=769 runnable
java.lang.Thread.State: RUNNABLE
        at java.base@21.0.6/sun.nio.ch.EPoll.wait(Native Method)
        at java.base@21.0.6/sun.nio.ch.EPollSelectorImpl.doSelect(EPollSelectorImpl.java:121)
        at java.base@21.0.6/sun.nio.ch.SelectorImpl.lockAndDoSelect(SelectorImpl.java:130)
        at java.base@21.0.6/sun.nio.ch.SelectorImpl.select(SelectorImpl.java:147)
        at app//org.apache.hadoop.ipc.Server$Listener$Reader.doRunLoop(Server.java:1497)
        at app//org.apache.hadoop.ipc.Server$Listener$Reader.run(Server.java:1476)
"ContainerMetadataScanner" daemon prio=5 tid=792 timed_waiting
java.lang.Thread.State: TIMED_WAITING
        at java.base@21.0.6/java.lang.Thread.sleep0(Native Method)
        at java.base@21.0.6/java.lang.Thread.sleep(Thread.java:509)
        at app//org.apache.hadoop.ozone.container.ozoneimpl.AbstractBackgroundContainerScanner.handleRemainingSleep(AbstractBackgroundContainerScanner.java:133)
        at app//org.apache.hadoop.ozone.container.ozoneimpl.AbstractBackgroundContainerScanner.runIteration(AbstractBackgroundContainerScanner.java:100)
        at app//org.apache.hadoop.ozone.container.ozoneimpl.AbstractBackgroundContainerScanner.run(AbstractBackgroundContainerScanner.java:59)
        at java.base@21.0.6/java.lang.Thread.runWith(Thread.java:1596)
        at java.base@21.0.6/java.lang.Thread.run(Thread.java:1583)
"IPC Server handler 68 on default port 15001" daemon prio=5 tid=286 timed_waiting
java.lang.Thread.State: TIMED_WAITING
        at java.base@21.0.6/jdk.internal.misc.Unsafe.park(Native Method)
        at java.base@21.0.6/java.util.concurrent.locks.LockSupport.parkNanos(LockSupport.java:269)
        at java.base@21.0.6/java.util.concurrent.locks.AbstractQueuedSynchronizer$ConditionObject.awaitNanos(AbstractQueuedSynchronizer.java:1763)
        at java.base@21.0.6/java.util.concurrent.LinkedBlockingQueue.poll(LinkedBlockingQueue.java:460)
        at app//org.apache.hadoop.ipc.CallQueueManager.take(CallQueueManager.java:370)
        at app//org.apache.hadoop.ipc.Server$Handler.run(Server.java:3165)
"StaleRecoveringContainerScrubbingService#0" daemon prio=5 tid=828 timed_waiting
java.lang.Thread.State: TIMED_WAITING
        at java.base@21.0.6/jdk.internal.misc.Unsafe.park(Native Method)
        at java.base@21.0.6/java.util.concurrent.locks.LockSupport.parkNanos(LockSupport.java:269)
        at java.base@21.0.6/java.util.concurrent.locks.AbstractQueuedSynchronizer$ConditionObject.awaitNanos(AbstractQueuedSynchronizer.java:1763)
        at java.base@21.0.6/java.util.concurrent.ScheduledThreadPoolExecutor$DelayedWorkQueue.take(ScheduledThreadPoolExecutor.java:1182)
        at java.base@21.0.6/java.util.concurrent.ScheduledThreadPoolExecutor$DelayedWorkQueue.take(ScheduledThreadPoolExecutor.java:899)
        at java.base@21.0.6/java.util.concurrent.ThreadPoolExecutor.getTask(ThreadPoolExecutor.java:1070)
        at java.base@21.0.6/java.util.concurrent.ThreadPoolExecutor.runWorker(ThreadPoolExecutor.java:1130)
        at java.base@21.0.6/java.util.concurrent.ThreadPoolExecutor$Worker.run(ThreadPoolExecutor.java:642)
        at java.base@21.0.6/java.lang.Thread.runWith(Thread.java:1596)
        at java.base@21.0.6/java.lang.Thread.run(Thread.java:1583)
"IPC Server handler 52 on default port 15000" daemon prio=5 tid=170 timed_waiting
java.lang.Thread.State: TIMED_WAITING
        at java.base@21.0.6/jdk.internal.misc.Unsafe.park(Native Method)
        at java.base@21.0.6/java.util.concurrent.locks.LockSupport.parkNanos(LockSupport.java:269)
        at java.base@21.0.6/java.util.concurrent.locks.AbstractQueuedSynchronizer$ConditionObject.awaitNanos(AbstractQueuedSynchronizer.java:1763)
        at java.base@21.0.6/java.util.concurrent.LinkedBlockingQueue.poll(LinkedBlockingQueue.java:460)
        at app//org.apache.hadoop.ipc.CallQueueManager.take(CallQueueManager.java:370)
        at app//org.apache.hadoop.ipc.Server$Handler.run(Server.java:3165)
"IPC Server handler 84 on default port 15000" daemon prio=5 tid=202 timed_waiting
java.lang.Thread.State: TIMED_WAITING
        at java.base@21.0.6/jdk.internal.misc.Unsafe.park(Native Method)
        at java.base@21.0.6/java.util.concurrent.locks.LockSupport.parkNanos(LockSupport.java:269)
        at java.base@21.0.6/java.util.concurrent.locks.AbstractQueuedSynchronizer$ConditionObject.awaitNanos(AbstractQueuedSynchronizer.java:1763)
        at java.base@21.0.6/java.util.concurrent.LinkedBlockingQueue.poll(LinkedBlockingQueue.java:460)
        at app//org.apache.hadoop.ipc.CallQueueManager.take(CallQueueManager.java:370)
        at app//org.apache.hadoop.ipc.Server$Handler.run(Server.java:3165)
"om1-DirectoryDeletingService#7" daemon prio=5 tid=480 in Object.wait()
java.lang.Thread.State: WAITING (on object monitor)
        at java.base@21.0.6/jdk.internal.misc.Unsafe.park(Native Method)
        at java.base@21.0.6/java.util.concurrent.locks.LockSupport.park(LockSupport.java:371)
        at java.base@21.0.6/java.util.concurrent.locks.AbstractQueuedSynchronizer$ConditionNode.block(AbstractQueuedSynchronizer.java:519)
        at java.base@21.0.6/java.util.concurrent.ForkJoinPool.unmanagedBlock(ForkJoinPool.java:3780)
        at java.base@21.0.6/java.util.concurrent.ForkJoinPool.managedBlock(ForkJoinPool.java:3725)
        at java.base@21.0.6/java.util.concurrent.locks.AbstractQueuedSynchronizer$ConditionObject.await(AbstractQueuedSynchronizer.java:1712)
        at java.base@21.0.6/java.util.concurrent.ScheduledThreadPoolExecutor$DelayedWorkQueue.take(ScheduledThreadPoolExecutor.java:1170)
        at java.base@21.0.6/java.util.concurrent.ScheduledThreadPoolExecutor$DelayedWorkQueue.take(ScheduledThreadPoolExecutor.java:899)
        at java.base@21.0.6/java.util.concurrent.ThreadPoolExecutor.getTask(ThreadPoolExecutor.java:1070)
        at java.base@21.0.6/java.util.concurrent.ThreadPoolExecutor.runWorker(ThreadPoolExecutor.java:1130)
        at java.base@21.0.6/java.util.concurrent.ThreadPoolExecutor$Worker.run(ThreadPoolExecutor.java:642)
        at java.base@21.0.6/java.lang.Thread.runWith(Thread.java:1596)
        at java.base@21.0.6/java.lang.Thread.run(Thread.java:1583)
"process reaper" daemon prio=10 tid=29 timed_waiting
java.lang.Thread.State: TIMED_WAITING
        at java.base@21.0.6/jdk.internal.misc.Unsafe.park(Native Method)
        at java.base@21.0.6/java.util.concurrent.locks.LockSupport.parkNanos(LockSupport.java:410)
        at java.base@21.0.6/java.util.concurrent.LinkedTransferQueue$DualNode.await(LinkedTransferQueue.java:452)
        at java.base@21.0.6/java.util.concurrent.SynchronousQueue$Transferer.xferLifo(SynchronousQueue.java:194)
        at java.base@21.0.6/java.util.concurrent.SynchronousQueue.xfer(SynchronousQueue.java:235)
        at java.base@21.0.6/java.util.concurrent.SynchronousQueue.poll(SynchronousQueue.java:338)
        at java.base@21.0.6/java.util.concurrent.ThreadPoolExecutor.getTask(ThreadPoolExecutor.java:1069)
        at java.base@21.0.6/java.util.concurrent.ThreadPoolExecutor.runWorker(ThreadPoolExecutor.java:1130)
        at java.base@21.0.6/java.util.concurrent.ThreadPoolExecutor$Worker.run(ThreadPoolExecutor.java:642)
        at java.base@21.0.6/java.lang.Thread.runWith(Thread.java:1596)
        at java.base@21.0.6/java.lang.Thread.run(Thread.java:1583)
        at java.base@21.0.6/jdk.internal.misc.InnocuousThread.run(InnocuousThread.java:186)
"qtp596278845-325" daemon prio=5 tid=325 timed_waiting
java.lang.Thread.State: TIMED_WAITING
        at java.base@21.0.6/jdk.internal.misc.Unsafe.park(Native Method)
        at java.base@21.0.6/java.util.concurrent.locks.LockSupport.parkNanos(LockSupport.java:269)
        at java.base@21.0.6/java.util.concurrent.locks.AbstractQueuedSynchronizer$ConditionObject.awaitNanos(AbstractQueuedSynchronizer.java:1763)
        at app//org.eclipse.jetty.util.BlockingArrayQueue.poll(BlockingArrayQueue.java:382)
        at app//org.eclipse.jetty.util.thread.QueuedThreadPool$Runner.idleJobPoll(QueuedThreadPool.java:974)
        at app//org.eclipse.jetty.util.thread.QueuedThreadPool$Runner.run(QueuedThreadPool.java:1018)
        at java.base@21.0.6/java.lang.Thread.runWith(Thread.java:1596)
        at java.base@21.0.6/java.lang.Thread.run(Thread.java:1583)
"IPC Server handler 24 on default port 15001" daemon prio=5 tid=242 timed_waiting
java.lang.Thread.State: TIMED_WAITING
        at java.base@21.0.6/jdk.internal.misc.Unsafe.park(Native Method)
        at java.base@21.0.6/java.util.concurrent.locks.LockSupport.parkNanos(LockSupport.java:269)
        at java.base@21.0.6/java.util.concurrent.locks.AbstractQueuedSynchronizer$ConditionObject.awaitNanos(AbstractQueuedSynchronizer.java:1763)
        at java.base@21.0.6/java.util.concurrent.LinkedBlockingQueue.poll(LinkedBlockingQueue.java:460)
        at app//org.apache.hadoop.ipc.CallQueueManager.take(CallQueueManager.java:370)
        at app//org.apache.hadoop.ipc.Server$Handler.run(Server.java:3165)
"qtp2117639382-487" daemon prio=5 tid=487 runnable
java.lang.Thread.State: RUNNABLE
        at java.base@21.0.6/sun.nio.ch.EPoll.wait(Native Method)
        at java.base@21.0.6/sun.nio.ch.EPollSelectorImpl.doSelect(EPollSelectorImpl.java:121)
        at java.base@21.0.6/sun.nio.ch.SelectorImpl.lockAndDoSelect(SelectorImpl.java:130)
        at java.base@21.0.6/sun.nio.ch.SelectorImpl.select(SelectorImpl.java:147)
        at app//org.eclipse.jetty.io.ManagedSelector.nioSelect(ManagedSelector.java:183)
        at app//org.eclipse.jetty.io.ManagedSelector.select(ManagedSelector.java:190)
        at app//org.eclipse.jetty.io.ManagedSelector$SelectorProducer.select(ManagedSelector.java:606)
        at app//org.eclipse.jetty.io.ManagedSelector$SelectorProducer.produce(ManagedSelector.java:543)
        at app//org.eclipse.jetty.util.thread.strategy.EatWhatYouKill.produceTask(EatWhatYouKill.java:362)
        at app//org.eclipse.jetty.util.thread.strategy.EatWhatYouKill.doProduce(EatWhatYouKill.java:186)
        at app//org.eclipse.jetty.util.thread.strategy.EatWhatYouKill.tryProduce(EatWhatYouKill.java:173)
        at app//org.eclipse.jetty.util.thread.strategy.EatWhatYouKill.produce(EatWhatYouKill.java:137)
        at app//org.eclipse.jetty.io.ManagedSelector$$Lambda/0x00007fd0ac690720.run(Unknown Source)
        at app//org.eclipse.jetty.util.thread.QueuedThreadPool.runJob(QueuedThreadPool.java:883)
        at app//org.eclipse.jetty.util.thread.QueuedThreadPool$Runner.run(QueuedThreadPool.java:1034)
        at java.base@21.0.6/java.lang.Thread.runWith(Thread.java:1596)
        at java.base@21.0.6/java.lang.Thread.run(Thread.java:1583)
"EventQueue-ReplicationManagerNotifyForReplicationManagerEventHandler" daemon prio=5 tid=1036 in Object.wait()
java.lang.Thread.State: WAITING (on object monitor)
        at java.base@21.0.6/jdk.internal.misc.Unsafe.park(Native Method)
        at java.base@21.0.6/java.util.concurrent.locks.LockSupport.park(LockSupport.java:371)
        at java.base@21.0.6/java.util.concurrent.locks.AbstractQueuedSynchronizer$ConditionNode.block(AbstractQueuedSynchronizer.java:519)
        at java.base@21.0.6/java.util.concurrent.ForkJoinPool.unmanagedBlock(ForkJoinPool.java:3780)
        at java.base@21.0.6/java.util.concurrent.ForkJoinPool.managedBlock(ForkJoinPool.java:3725)
        at java.base@21.0.6/java.util.concurrent.locks.AbstractQueuedSynchronizer$ConditionObject.await(AbstractQueuedSynchronizer.java:1712)
        at java.base@21.0.6/java.util.concurrent.LinkedBlockingQueue.take(LinkedBlockingQueue.java:435)
        at java.base@21.0.6/java.util.concurrent.ThreadPoolExecutor.getTask(ThreadPoolExecutor.java:1070)
        at java.base@21.0.6/java.util.concurrent.ThreadPoolExecutor.runWorker(ThreadPoolExecutor.java:1130)
        at java.base@21.0.6/java.util.concurrent.ThreadPoolExecutor$Worker.run(ThreadPoolExecutor.java:642)
        at java.base@21.0.6/java.lang.Thread.runWith(Thread.java:1596)
        at java.base@21.0.6/java.lang.Thread.run(Thread.java:1583)
"IPC Server handler 25 on default port 15000" daemon prio=5 tid=143 timed_waiting
java.lang.Thread.State: TIMED_WAITING
        at java.base@21.0.6/jdk.internal.misc.Unsafe.park(Native Method)
        at java.base@21.0.6/java.util.concurrent.locks.LockSupport.parkNanos(LockSupport.java:269)
        at java.base@21.0.6/java.util.concurrent.locks.AbstractQueuedSynchronizer$ConditionObject.awaitNanos(AbstractQueuedSynchronizer.java:1763)
        at java.base@21.0.6/java.util.concurrent.LinkedBlockingQueue.poll(LinkedBlockingQueue.java:460)
        at app//org.apache.hadoop.ipc.CallQueueManager.take(CallQueueManager.java:370)
        at app//org.apache.hadoop.ipc.Server$Handler.run(Server.java:3165)
"Socket Reader #1 for port 15006"  prio=5 tid=448 runnable
java.lang.Thread.State: RUNNABLE
        at java.base@21.0.6/sun.nio.ch.EPoll.wait(Native Method)
        at java.base@21.0.6/sun.nio.ch.EPollSelectorImpl.doSelect(EPollSelectorImpl.java:121)
        at java.base@21.0.6/sun.nio.ch.SelectorImpl.lockAndDoSelect(SelectorImpl.java:130)
        at java.base@21.0.6/sun.nio.ch.SelectorImpl.select(SelectorImpl.java:147)
        at app//org.apache.hadoop.ipc.Server$Listener$Reader.doRunLoop(Server.java:1497)
        at app//org.apache.hadoop.ipc.Server$Listener$Reader.run(Server.java:1476)
"IPC Server idle connection scanner for port 15027" daemon prio=5 tid=634 timed_waiting
java.lang.Thread.State: TIMED_WAITING
        at java.base@21.0.6/java.lang.Object.wait0(Native Method)
        at java.base@21.0.6/java.lang.Object.wait(Object.java:366)
        at java.base@21.0.6/java.util.TimerThread.mainLoop(Timer.java:563)
        at java.base@21.0.6/java.util.TimerThread.run(Timer.java:516)
"4a3059aa-ae89-4e47-8f1e-08d61ab31d43-DatanodeReportManager-2" daemon prio=5 tid=797 in Object.wait()
java.lang.Thread.State: WAITING (on object monitor)
        at java.base@21.0.6/jdk.internal.misc.Unsafe.park(Native Method)
        at java.base@21.0.6/java.util.concurrent.locks.LockSupport.park(LockSupport.java:371)
        at java.base@21.0.6/java.util.concurrent.locks.AbstractQueuedSynchronizer$ConditionNode.block(AbstractQueuedSynchronizer.java:519)
        at java.base@21.0.6/java.util.concurrent.ForkJoinPool.unmanagedBlock(ForkJoinPool.java:3780)
        at java.base@21.0.6/java.util.concurrent.ForkJoinPool.managedBlock(ForkJoinPool.java:3725)
        at java.base@21.0.6/java.util.concurrent.locks.AbstractQueuedSynchronizer$ConditionObject.await(AbstractQueuedSynchronizer.java:1712)
        at java.base@21.0.6/java.util.concurrent.ScheduledThreadPoolExecutor$DelayedWorkQueue.take(ScheduledThreadPoolExecutor.java:1177)
        at java.base@21.0.6/java.util.concurrent.ScheduledThreadPoolExecutor$DelayedWorkQueue.take(ScheduledThreadPoolExecutor.java:899)
        at java.base@21.0.6/java.util.concurrent.ThreadPoolExecutor.getTask(ThreadPoolExecutor.java:1070)
        at java.base@21.0.6/java.util.concurrent.ThreadPoolExecutor.runWorker(ThreadPoolExecutor.java:1130)
        at java.base@21.0.6/java.util.concurrent.ThreadPoolExecutor$Worker.run(ThreadPoolExecutor.java:642)
        at java.base@21.0.6/java.lang.Thread.runWith(Thread.java:1596)
        at java.base@21.0.6/java.lang.Thread.run(Thread.java:1583)
"a6bf55e3-38e4-411e-ac0b-5acdb6a35656@group-C713F1B5C815-cacheEviction-AwaitToRun" daemon prio=5 tid=922 in Object.wait()
java.lang.Thread.State: WAITING (on object monitor)
        at java.base@21.0.6/jdk.internal.misc.Unsafe.park(Native Method)
        at java.base@21.0.6/java.util.concurrent.locks.LockSupport.park(LockSupport.java:371)
        at java.base@21.0.6/java.util.concurrent.locks.AbstractQueuedSynchronizer$ConditionNode.block(AbstractQueuedSynchronizer.java:519)
        at java.base@21.0.6/java.util.concurrent.ForkJoinPool.unmanagedBlock(ForkJoinPool.java:3780)
        at java.base@21.0.6/java.util.concurrent.ForkJoinPool.managedBlock(ForkJoinPool.java:3725)
        at java.base@21.0.6/java.util.concurrent.locks.AbstractQueuedSynchronizer$ConditionObject.await(AbstractQueuedSynchronizer.java:1712)
        at app//org.apache.ratis.util.AwaitForSignal.await(AwaitForSignal.java:48)
        at app//org.apache.ratis.util.AwaitToRun$RunnableImpl.run(AwaitToRun.java:47)
        at java.base@21.0.6/java.lang.Thread.runWith(Thread.java:1596)
        at java.base@21.0.6/java.lang.Thread.run(Thread.java:1583)
"Socket Reader #3 for port 15027"  prio=5 tid=626 runnable
java.lang.Thread.State: RUNNABLE
        at java.base@21.0.6/sun.nio.ch.EPoll.wait(Native Method)
        at java.base@21.0.6/sun.nio.ch.EPollSelectorImpl.doSelect(EPollSelectorImpl.java:121)
        at java.base@21.0.6/sun.nio.ch.SelectorImpl.lockAndDoSelect(SelectorImpl.java:130)
        at java.base@21.0.6/sun.nio.ch.SelectorImpl.select(SelectorImpl.java:147)
        at app//org.apache.hadoop.ipc.Server$Listener$Reader.doRunLoop(Server.java:1497)
        at app//org.apache.hadoop.ipc.Server$Listener$Reader.run(Server.java:1476)
"a6bf55e3-38e4-411e-ac0b-5acdb6a35656-ChunkWriter-2-0" daemon prio=5 tid=804 in Object.wait()
java.lang.Thread.State: WAITING (on object monitor)
        at java.base@21.0.6/jdk.internal.misc.Unsafe.park(Native Method)
        at java.base@21.0.6/java.util.concurrent.locks.LockSupport.park(LockSupport.java:371)
        at java.base@21.0.6/java.util.concurrent.locks.AbstractQueuedSynchronizer$ConditionNode.block(AbstractQueuedSynchronizer.java:519)
        at java.base@21.0.6/java.util.concurrent.ForkJoinPool.unmanagedBlock(ForkJoinPool.java:3780)
        at java.base@21.0.6/java.util.concurrent.ForkJoinPool.managedBlock(ForkJoinPool.java:3725)
        at java.base@21.0.6/java.util.concurrent.locks.AbstractQueuedSynchronizer$ConditionObject.await(AbstractQueuedSynchronizer.java:1712)
        at java.base@21.0.6/java.util.concurrent.LinkedBlockingDeque.takeFirst(LinkedBlockingDeque.java:485)
        at java.base@21.0.6/java.util.concurrent.LinkedBlockingDeque.take(LinkedBlockingDeque.java:673)
        at java.base@21.0.6/java.util.concurrent.ThreadPoolExecutor.getTask(ThreadPoolExecutor.java:1070)
        at java.base@21.0.6/java.util.concurrent.ThreadPoolExecutor.runWorker(ThreadPoolExecutor.java:1130)
        at java.base@21.0.6/java.util.concurrent.ThreadPoolExecutor$Worker.run(ThreadPoolExecutor.java:642)
        at java.base@21.0.6/java.lang.Thread.runWith(Thread.java:1596)
        at java.base@21.0.6/java.lang.Thread.run(Thread.java:1583)
"IPC Server handler 0 on default port 15043" daemon prio=5 tid=780 timed_waiting
java.lang.Thread.State: TIMED_WAITING
        at java.base@21.0.6/jdk.internal.misc.Unsafe.park(Native Method)
        at java.base@21.0.6/java.util.concurrent.locks.LockSupport.parkNanos(LockSupport.java:269)
        at java.base@21.0.6/java.util.concurrent.locks.AbstractQueuedSynchronizer$ConditionObject.awaitNanos(AbstractQueuedSynchronizer.java:1763)
        at java.base@21.0.6/java.util.concurrent.LinkedBlockingQueue.poll(LinkedBlockingQueue.java:460)
        at app//org.apache.hadoop.ipc.CallQueueManager.take(CallQueueManager.java:370)
        at app//org.apache.hadoop.ipc.Server$Handler.run(Server.java:3165)
"IPC Server handler 28 on default port 15001" daemon prio=5 tid=246 timed_waiting
java.lang.Thread.State: TIMED_WAITING
        at java.base@21.0.6/jdk.internal.misc.Unsafe.park(Native Method)
        at java.base@21.0.6/java.util.concurrent.locks.LockSupport.parkNanos(LockSupport.java:269)
        at java.base@21.0.6/java.util.concurrent.locks.AbstractQueuedSynchronizer$ConditionObject.awaitNanos(AbstractQueuedSynchronizer.java:1763)
        at java.base@21.0.6/java.util.concurrent.LinkedBlockingQueue.poll(LinkedBlockingQueue.java:460)
        at app//org.apache.hadoop.ipc.CallQueueManager.take(CallQueueManager.java:370)
        at app//org.apache.hadoop.ipc.Server$Handler.run(Server.java:3165)
"IPC Server handler 42 on default port 15000" daemon prio=5 tid=160 timed_waiting
java.lang.Thread.State: TIMED_WAITING
        at java.base@21.0.6/jdk.internal.misc.Unsafe.park(Native Method)
        at java.base@21.0.6/java.util.concurrent.locks.LockSupport.parkNanos(LockSupport.java:269)
        at java.base@21.0.6/java.util.concurrent.locks.AbstractQueuedSynchronizer$ConditionObject.awaitNanos(AbstractQueuedSynchronizer.java:1763)
        at java.base@21.0.6/java.util.concurrent.LinkedBlockingQueue.poll(LinkedBlockingQueue.java:460)
        at app//org.apache.hadoop.ipc.CallQueueManager.take(CallQueueManager.java:370)
        at app//org.apache.hadoop.ipc.Server$Handler.run(Server.java:3165)
"IPC Server handler 8 on default port 15035" daemon prio=5 tid=715 timed_waiting
java.lang.Thread.State: TIMED_WAITING
        at java.base@21.0.6/jdk.internal.misc.Unsafe.park(Native Method)
        at java.base@21.0.6/java.util.concurrent.locks.LockSupport.parkNanos(LockSupport.java:269)
        at java.base@21.0.6/java.util.concurrent.locks.AbstractQueuedSynchronizer$ConditionObject.awaitNanos(AbstractQueuedSynchronizer.java:1763)
        at java.base@21.0.6/java.util.concurrent.LinkedBlockingQueue.poll(LinkedBlockingQueue.java:460)
        at app//org.apache.hadoop.ipc.CallQueueManager.take(CallQueueManager.java:370)
        at app//org.apache.hadoop.ipc.Server$Handler.run(Server.java:3165)
"IPC Server handler 80 on default port 15002" daemon prio=5 tid=416 timed_waiting
java.lang.Thread.State: TIMED_WAITING
        at java.base@21.0.6/jdk.internal.misc.Unsafe.park(Native Method)
        at java.base@21.0.6/java.util.concurrent.locks.LockSupport.parkNanos(LockSupport.java:269)
        at java.base@21.0.6/java.util.concurrent.locks.AbstractQueuedSynchronizer$ConditionObject.awaitNanos(AbstractQueuedSynchronizer.java:1763)
        at java.base@21.0.6/java.util.concurrent.LinkedBlockingQueue.poll(LinkedBlockingQueue.java:460)
        at app//org.apache.hadoop.ipc.CallQueueManager.take(CallQueueManager.java:370)
        at app//org.apache.hadoop.ipc.Server$Handler.run(Server.java:3165)
"Session-HouseKeeper-6884cfca-1"  prio=5 tid=755 timed_waiting
java.lang.Thread.State: TIMED_WAITING
        at java.base@21.0.6/jdk.internal.misc.Unsafe.park(Native Method)
        at java.base@21.0.6/java.util.concurrent.locks.LockSupport.parkNanos(LockSupport.java:269)
        at java.base@21.0.6/java.util.concurrent.locks.AbstractQueuedSynchronizer$ConditionObject.awaitNanos(AbstractQueuedSynchronizer.java:1763)
        at java.base@21.0.6/java.util.concurrent.ScheduledThreadPoolExecutor$DelayedWorkQueue.take(ScheduledThreadPoolExecutor.java:1182)
        at java.base@21.0.6/java.util.concurrent.ScheduledThreadPoolExecutor$DelayedWorkQueue.take(ScheduledThreadPoolExecutor.java:899)
        at java.base@21.0.6/java.util.concurrent.ThreadPoolExecutor.getTask(ThreadPoolExecutor.java:1070)
        at java.base@21.0.6/java.util.concurrent.ThreadPoolExecutor.runWorker(ThreadPoolExecutor.java:1130)
        at java.base@21.0.6/java.util.concurrent.ThreadPoolExecutor$Worker.run(ThreadPoolExecutor.java:642)
        at java.base@21.0.6/java.lang.Thread.runWith(Thread.java:1596)
        at java.base@21.0.6/java.lang.Thread.run(Thread.java:1583)
"IPC Server handler 33 on default port 15002" daemon prio=5 tid=369 timed_waiting
java.lang.Thread.State: TIMED_WAITING
        at java.base@21.0.6/jdk.internal.misc.Unsafe.park(Native Method)
        at java.base@21.0.6/java.util.concurrent.locks.LockSupport.parkNanos(LockSupport.java:269)
        at java.base@21.0.6/java.util.concurrent.locks.AbstractQueuedSynchronizer$ConditionObject.awaitNanos(AbstractQueuedSynchronizer.java:1763)
        at java.base@21.0.6/java.util.concurrent.LinkedBlockingQueue.poll(LinkedBlockingQueue.java:460)
        at app//org.apache.hadoop.ipc.CallQueueManager.take(CallQueueManager.java:370)
        at app//org.apache.hadoop.ipc.Server$Handler.run(Server.java:3165)
"IPC Server handler 22 on default port 15000" daemon prio=5 tid=140 timed_waiting
java.lang.Thread.State: TIMED_WAITING
        at java.base@21.0.6/jdk.internal.misc.Unsafe.park(Native Method)
        at java.base@21.0.6/java.util.concurrent.locks.LockSupport.parkNanos(LockSupport.java:269)
        at java.base@21.0.6/java.util.concurrent.locks.AbstractQueuedSynchronizer$ConditionObject.awaitNanos(AbstractQueuedSynchronizer.java:1763)
        at java.base@21.0.6/java.util.concurrent.LinkedBlockingQueue.poll(LinkedBlockingQueue.java:460)
        at app//org.apache.hadoop.ipc.CallQueueManager.take(CallQueueManager.java:370)
        at app//org.apache.hadoop.ipc.Server$Handler.run(Server.java:3165)
"Socket Reader #10 for port 15002"  prio=5 tid=69 runnable
java.lang.Thread.State: RUNNABLE
        at java.base@21.0.6/sun.nio.ch.EPoll.wait(Native Method)
        at java.base@21.0.6/sun.nio.ch.EPollSelectorImpl.doSelect(EPollSelectorImpl.java:121)
        at java.base@21.0.6/sun.nio.ch.SelectorImpl.lockAndDoSelect(SelectorImpl.java:130)
        at java.base@21.0.6/sun.nio.ch.SelectorImpl.select(SelectorImpl.java:147)
        at app//org.apache.hadoop.ipc.Server$Listener$Reader.doRunLoop(Server.java:1497)
        at app//org.apache.hadoop.ipc.Server$Listener$Reader.run(Server.java:1476)
"pool-201-thread-1"  prio=5 tid=746 timed_waiting
java.lang.Thread.State: TIMED_WAITING
        at java.base@21.0.6/jdk.internal.misc.Unsafe.park(Native Method)
        at java.base@21.0.6/java.util.concurrent.locks.LockSupport.parkNanos(LockSupport.java:269)
        at java.base@21.0.6/java.util.concurrent.locks.AbstractQueuedSynchronizer$ConditionObject.awaitNanos(AbstractQueuedSynchronizer.java:1763)
        at java.base@21.0.6/java.util.concurrent.ScheduledThreadPoolExecutor$DelayedWorkQueue.take(ScheduledThreadPoolExecutor.java:1182)
        at java.base@21.0.6/java.util.concurrent.ScheduledThreadPoolExecutor$DelayedWorkQueue.take(ScheduledThreadPoolExecutor.java:899)
        at java.base@21.0.6/java.util.concurrent.ThreadPoolExecutor.getTask(ThreadPoolExecutor.java:1070)
        at java.base@21.0.6/java.util.concurrent.ThreadPoolExecutor.runWorker(ThreadPoolExecutor.java:1130)
        at java.base@21.0.6/java.util.concurrent.ThreadPoolExecutor$Worker.run(ThreadPoolExecutor.java:642)
        at java.base@21.0.6/java.lang.Thread.runWith(Thread.java:1596)
        at java.base@21.0.6/java.lang.Thread.run(Thread.java:1583)
"IPC Server handler 21 on default port 15001" daemon prio=5 tid=239 timed_waiting
java.lang.Thread.State: TIMED_WAITING
        at java.base@21.0.6/jdk.internal.misc.Unsafe.park(Native Method)
        at java.base@21.0.6/java.util.concurrent.locks.LockSupport.parkNanos(LockSupport.java:269)
        at java.base@21.0.6/java.util.concurrent.locks.AbstractQueuedSynchronizer$ConditionObject.awaitNanos(AbstractQueuedSynchronizer.java:1763)
        at java.base@21.0.6/java.util.concurrent.LinkedBlockingQueue.poll(LinkedBlockingQueue.java:460)
        at app//org.apache.hadoop.ipc.CallQueueManager.take(CallQueueManager.java:370)
        at app//org.apache.hadoop.ipc.Server$Handler.run(Server.java:3165)
"4a3059aa-ae89-4e47-8f1e-08d61ab31d43-impl-thread1"  prio=5 tid=744 timed_waiting
java.lang.Thread.State: TIMED_WAITING
        at java.base@21.0.6/jdk.internal.misc.Unsafe.park(Native Method)
        at java.base@21.0.6/java.util.concurrent.locks.LockSupport.parkNanos(LockSupport.java:410)
        at java.base@21.0.6/java.util.concurrent.LinkedTransferQueue$DualNode.await(LinkedTransferQueue.java:452)
        at java.base@21.0.6/java.util.concurrent.SynchronousQueue$Transferer.xferLifo(SynchronousQueue.java:194)
        at java.base@21.0.6/java.util.concurrent.SynchronousQueue.xfer(SynchronousQueue.java:235)
        at java.base@21.0.6/java.util.concurrent.SynchronousQueue.poll(SynchronousQueue.java:338)
        at java.base@21.0.6/java.util.concurrent.ThreadPoolExecutor.getTask(ThreadPoolExecutor.java:1069)
        at java.base@21.0.6/java.util.concurrent.ThreadPoolExecutor.runWorker(ThreadPoolExecutor.java:1130)
        at java.base@21.0.6/java.util.concurrent.ThreadPoolExecutor$Worker.run(ThreadPoolExecutor.java:642)
        at java.base@21.0.6/java.lang.Thread.runWith(Thread.java:1596)
        at java.base@21.0.6/java.lang.Thread.run(Thread.java:1583)
"IPC Server handler 66 on default port 15001" daemon prio=5 tid=284 timed_waiting
java.lang.Thread.State: TIMED_WAITING
        at java.base@21.0.6/jdk.internal.misc.Unsafe.park(Native Method)
        at java.base@21.0.6/java.util.concurrent.locks.LockSupport.parkNanos(LockSupport.java:269)
        at java.base@21.0.6/java.util.concurrent.locks.AbstractQueuedSynchronizer$ConditionObject.awaitNanos(AbstractQueuedSynchronizer.java:1763)
        at java.base@21.0.6/java.util.concurrent.LinkedBlockingQueue.poll(LinkedBlockingQueue.java:460)
        at app//org.apache.hadoop.ipc.CallQueueManager.take(CallQueueManager.java:370)
        at app//org.apache.hadoop.ipc.Server$Handler.run(Server.java:3165)
"IPC Server handler 67 on default port 15001" daemon prio=5 tid=285 timed_waiting
java.lang.Thread.State: TIMED_WAITING
        at java.base@21.0.6/jdk.internal.misc.Unsafe.park(Native Method)
        at java.base@21.0.6/java.util.concurrent.locks.LockSupport.parkNanos(LockSupport.java:269)
        at java.base@21.0.6/java.util.concurrent.locks.AbstractQueuedSynchronizer$ConditionObject.awaitNanos(AbstractQueuedSynchronizer.java:1763)
        at java.base@21.0.6/java.util.concurrent.LinkedBlockingQueue.poll(LinkedBlockingQueue.java:460)
        at app//org.apache.hadoop.ipc.CallQueueManager.take(CallQueueManager.java:370)
        at app//org.apache.hadoop.ipc.Server$Handler.run(Server.java:3165)
"IPC Server handler 59 on default port 15002" daemon prio=5 tid=395 timed_waiting
java.lang.Thread.State: TIMED_WAITING
        at java.base@21.0.6/jdk.internal.misc.Unsafe.park(Native Method)
        at java.base@21.0.6/java.util.concurrent.locks.LockSupport.parkNanos(LockSupport.java:269)
        at java.base@21.0.6/java.util.concurrent.locks.AbstractQueuedSynchronizer$ConditionObject.awaitNanos(AbstractQueuedSynchronizer.java:1763)
        at java.base@21.0.6/java.util.concurrent.LinkedBlockingQueue.poll(LinkedBlockingQueue.java:460)
        at app//org.apache.hadoop.ipc.CallQueueManager.take(CallQueueManager.java:370)
        at app//org.apache.hadoop.ipc.Server$Handler.run(Server.java:3165)
"om1-DirectoryDeletingService#9" daemon prio=5 tid=483 in Object.wait()
java.lang.Thread.State: WAITING (on object monitor)
        at java.base@21.0.6/jdk.internal.misc.Unsafe.park(Native Method)
        at java.base@21.0.6/java.util.concurrent.locks.LockSupport.park(LockSupport.java:371)
        at java.base@21.0.6/java.util.concurrent.locks.AbstractQueuedSynchronizer$ConditionNode.block(AbstractQueuedSynchronizer.java:519)
        at java.base@21.0.6/java.util.concurrent.ForkJoinPool.unmanagedBlock(ForkJoinPool.java:3780)
        at java.base@21.0.6/java.util.concurrent.ForkJoinPool.managedBlock(ForkJoinPool.java:3725)
        at java.base@21.0.6/java.util.concurrent.locks.AbstractQueuedSynchronizer$ConditionObject.await(AbstractQueuedSynchronizer.java:1712)
        at java.base@21.0.6/java.util.concurrent.ScheduledThreadPoolExecutor$DelayedWorkQueue.take(ScheduledThreadPoolExecutor.java:1177)
        at java.base@21.0.6/java.util.concurrent.ScheduledThreadPoolExecutor$DelayedWorkQueue.take(ScheduledThreadPoolExecutor.java:899)
        at java.base@21.0.6/java.util.concurrent.ThreadPoolExecutor.getTask(ThreadPoolExecutor.java:1070)
        at java.base@21.0.6/java.util.concurrent.ThreadPoolExecutor.runWorker(ThreadPoolExecutor.java:1130)
        at java.base@21.0.6/java.util.concurrent.ThreadPoolExecutor$Worker.run(ThreadPoolExecutor.java:642)
        at java.base@21.0.6/java.lang.Thread.runWith(Thread.java:1596)
        at java.base@21.0.6/java.lang.Thread.run(Thread.java:1583)
"Socket Reader #8 for port 15043"  prio=5 tid=773 runnable
java.lang.Thread.State: RUNNABLE
        at java.base@21.0.6/sun.nio.ch.EPoll.wait(Native Method)
        at java.base@21.0.6/sun.nio.ch.EPollSelectorImpl.doSelect(EPollSelectorImpl.java:121)
        at java.base@21.0.6/sun.nio.ch.SelectorImpl.lockAndDoSelect(SelectorImpl.java:130)
        at java.base@21.0.6/sun.nio.ch.SelectorImpl.select(SelectorImpl.java:147)
        at app//org.apache.hadoop.ipc.Server$Listener$Reader.doRunLoop(Server.java:1497)
        at app//org.apache.hadoop.ipc.Server$Listener$Reader.run(Server.java:1476)
"Socket Reader #6 for port 15000"  prio=5 tid=93 runnable
java.lang.Thread.State: RUNNABLE
        at java.base@21.0.6/sun.nio.ch.EPoll.wait(Native Method)
        at java.base@21.0.6/sun.nio.ch.EPollSelectorImpl.doSelect(EPollSelectorImpl.java:121)
        at java.base@21.0.6/sun.nio.ch.SelectorImpl.lockAndDoSelect(SelectorImpl.java:130)
        at java.base@21.0.6/sun.nio.ch.SelectorImpl.select(SelectorImpl.java:147)
        at app//org.apache.hadoop.ipc.Server$Listener$Reader.doRunLoop(Server.java:1497)
        at app//org.apache.hadoop.ipc.Server$Listener$Reader.run(Server.java:1476)
"IPC Server handler 48 on default port 15001" daemon prio=5 tid=266 timed_waiting
java.lang.Thread.State: TIMED_WAITING
        at java.base@21.0.6/jdk.internal.misc.Unsafe.park(Native Method)
        at java.base@21.0.6/java.util.concurrent.locks.LockSupport.parkNanos(LockSupport.java:269)
        at java.base@21.0.6/java.util.concurrent.locks.AbstractQueuedSynchronizer$ConditionObject.awaitNanos(AbstractQueuedSynchronizer.java:1763)
        at java.base@21.0.6/java.util.concurrent.LinkedBlockingQueue.poll(LinkedBlockingQueue.java:460)
        at app//org.apache.hadoop.ipc.CallQueueManager.take(CallQueueManager.java:370)
        at app//org.apache.hadoop.ipc.Server$Handler.run(Server.java:3165)
"IPC Server handler 11 on default port 15000" daemon prio=5 tid=129 timed_waiting
java.lang.Thread.State: TIMED_WAITING
        at java.base@21.0.6/jdk.internal.misc.Unsafe.park(Native Method)
        at java.base@21.0.6/java.util.concurrent.locks.LockSupport.parkNanos(LockSupport.java:269)
        at java.base@21.0.6/java.util.concurrent.locks.AbstractQueuedSynchronizer$ConditionObject.awaitNanos(AbstractQueuedSynchronizer.java:1763)
        at java.base@21.0.6/java.util.concurrent.LinkedBlockingQueue.poll(LinkedBlockingQueue.java:460)
        at app//org.apache.hadoop.ipc.CallQueueManager.take(CallQueueManager.java:370)
        at app//org.apache.hadoop.ipc.Server$Handler.run(Server.java:3165)
"Socket Reader #2 for port 15000"  prio=5 tid=89 runnable
java.lang.Thread.State: RUNNABLE
        at java.base@21.0.6/sun.nio.ch.EPoll.wait(Native Method)
        at java.base@21.0.6/sun.nio.ch.EPollSelectorImpl.doSelect(EPollSelectorImpl.java:121)
        at java.base@21.0.6/sun.nio.ch.SelectorImpl.lockAndDoSelect(SelectorImpl.java:130)
        at java.base@21.0.6/sun.nio.ch.SelectorImpl.select(SelectorImpl.java:147)
        at app//org.apache.hadoop.ipc.Server$Listener$Reader.doRunLoop(Server.java:1497)
        at app//org.apache.hadoop.ipc.Server$Listener$Reader.run(Server.java:1476)
"IPC Server handler 9 on default port 15019" daemon prio=5 tid=600 timed_waiting
java.lang.Thread.State: TIMED_WAITING
        at java.base@21.0.6/jdk.internal.misc.Unsafe.park(Native Method)
        at java.base@21.0.6/java.util.concurrent.locks.LockSupport.parkNanos(LockSupport.java:269)
        at java.base@21.0.6/java.util.concurrent.locks.AbstractQueuedSynchronizer$ConditionObject.awaitNanos(AbstractQueuedSynchronizer.java:1763)
        at java.base@21.0.6/java.util.concurrent.LinkedBlockingQueue.poll(LinkedBlockingQueue.java:460)
        at app//org.apache.hadoop.ipc.CallQueueManager.take(CallQueueManager.java:370)
        at app//org.apache.hadoop.ipc.Server$Handler.run(Server.java:3165)
"IPC Server handler 6 on default port 15035" daemon prio=5 tid=713 timed_waiting
java.lang.Thread.State: TIMED_WAITING
        at java.base@21.0.6/jdk.internal.misc.Unsafe.park(Native Method)
        at java.base@21.0.6/java.util.concurrent.locks.LockSupport.parkNanos(LockSupport.java:269)
        at java.base@21.0.6/java.util.concurrent.locks.AbstractQueuedSynchronizer$ConditionObject.awaitNanos(AbstractQueuedSynchronizer.java:1763)
        at java.base@21.0.6/java.util.concurrent.LinkedBlockingQueue.poll(LinkedBlockingQueue.java:460)
        at app//org.apache.hadoop.ipc.CallQueueManager.take(CallQueueManager.java:370)
        at app//org.apache.hadoop.ipc.Server$Handler.run(Server.java:3165)
"IPC Server handler 39 on default port 15002" daemon prio=5 tid=375 timed_waiting
java.lang.Thread.State: TIMED_WAITING
        at java.base@21.0.6/jdk.internal.misc.Unsafe.park(Native Method)
        at java.base@21.0.6/java.util.concurrent.locks.LockSupport.parkNanos(LockSupport.java:269)
        at java.base@21.0.6/java.util.concurrent.locks.AbstractQueuedSynchronizer$ConditionObject.awaitNanos(AbstractQueuedSynchronizer.java:1763)
        at java.base@21.0.6/java.util.concurrent.LinkedBlockingQueue.poll(LinkedBlockingQueue.java:460)
        at app//org.apache.hadoop.ipc.CallQueueManager.take(CallQueueManager.java:370)
        at app//org.apache.hadoop.ipc.Server$Handler.run(Server.java:3165)
"grpc-default-worker-ELG-3-2" daemon prio=5 tid=864 runnable
java.lang.Thread.State: RUNNABLE
        at app//org.apache.ratis.thirdparty.io.netty.channel.epoll.Native.epollWait0(Native Method)
        at app//org.apache.ratis.thirdparty.io.netty.channel.epoll.Native.epollWait(Native.java:193)
        at app//org.apache.ratis.thirdparty.io.netty.channel.epoll.EpollEventLoop.epollWait(EpollEventLoop.java:304)
        at app//org.apache.ratis.thirdparty.io.netty.channel.epoll.EpollEventLoop.run(EpollEventLoop.java:368)
        at app//org.apache.ratis.thirdparty.io.netty.util.concurrent.SingleThreadEventExecutor$4.run(SingleThreadEventExecutor.java:997)
        at app//org.apache.ratis.thirdparty.io.netty.util.internal.ThreadExecutorMap$2.run(ThreadExecutorMap.java:74)
        at app//org.apache.ratis.thirdparty.io.netty.util.concurrent.FastThreadLocalRunnable.run(FastThreadLocalRunnable.java:30)
        at java.base@21.0.6/java.lang.Thread.runWith(Thread.java:1596)
        at java.base@21.0.6/java.lang.Thread.run(Thread.java:1583)
"Socket Reader #6 for port 15027"  prio=5 tid=629 runnable
java.lang.Thread.State: RUNNABLE
        at java.base@21.0.6/sun.nio.ch.EPoll.wait(Native Method)
        at java.base@21.0.6/sun.nio.ch.EPollSelectorImpl.doSelect(EPollSelectorImpl.java:121)
        at java.base@21.0.6/sun.nio.ch.SelectorImpl.lockAndDoSelect(SelectorImpl.java:130)
        at java.base@21.0.6/sun.nio.ch.SelectorImpl.select(SelectorImpl.java:147)
        at app//org.apache.hadoop.ipc.Server$Listener$Reader.doRunLoop(Server.java:1497)
        at app//org.apache.hadoop.ipc.Server$Listener$Reader.run(Server.java:1476)
"IPC Server handler 9 on default port 15001" daemon prio=5 tid=227 timed_waiting
java.lang.Thread.State: TIMED_WAITING
        at java.base@21.0.6/jdk.internal.misc.Unsafe.park(Native Method)
        at java.base@21.0.6/java.util.concurrent.locks.LockSupport.parkNanos(LockSupport.java:269)
        at java.base@21.0.6/java.util.concurrent.locks.AbstractQueuedSynchronizer$ConditionObject.awaitNanos(AbstractQueuedSynchronizer.java:1763)
        at java.base@21.0.6/java.util.concurrent.LinkedBlockingQueue.poll(LinkedBlockingQueue.java:460)
        at app//org.apache.hadoop.ipc.CallQueueManager.take(CallQueueManager.java:370)
        at app//org.apache.hadoop.ipc.Server$Handler.run(Server.java:3165)
"IPC Server handler 28 on default port 15002" daemon prio=5 tid=364 timed_waiting
java.lang.Thread.State: TIMED_WAITING
        at java.base@21.0.6/jdk.internal.misc.Unsafe.park(Native Method)
        at java.base@21.0.6/java.util.concurrent.locks.LockSupport.parkNanos(LockSupport.java:269)
        at java.base@21.0.6/java.util.concurrent.locks.AbstractQueuedSynchronizer$ConditionObject.awaitNanos(AbstractQueuedSynchronizer.java:1763)
        at java.base@21.0.6/java.util.concurrent.LinkedBlockingQueue.poll(LinkedBlockingQueue.java:460)
        at app//org.apache.hadoop.ipc.CallQueueManager.take(CallQueueManager.java:370)
        at app//org.apache.hadoop.ipc.Server$Handler.run(Server.java:3165)
"IPC Server handler 53 on default port 15002" daemon prio=5 tid=389 timed_waiting
java.lang.Thread.State: TIMED_WAITING
        at java.base@21.0.6/jdk.internal.misc.Unsafe.park(Native Method)
        at java.base@21.0.6/java.util.concurrent.locks.LockSupport.parkNanos(LockSupport.java:269)
        at java.base@21.0.6/java.util.concurrent.locks.AbstractQueuedSynchronizer$ConditionObject.awaitNanos(AbstractQueuedSynchronizer.java:1763)
        at java.base@21.0.6/java.util.concurrent.LinkedBlockingQueue.poll(LinkedBlockingQueue.java:460)
        at app//org.apache.hadoop.ipc.CallQueueManager.take(CallQueueManager.java:370)
        at app//org.apache.hadoop.ipc.Server$Handler.run(Server.java:3165)
"IPC Server handler 92 on default port 15002" daemon prio=5 tid=428 timed_waiting
java.lang.Thread.State: TIMED_WAITING
        at java.base@21.0.6/jdk.internal.misc.Unsafe.park(Native Method)
        at java.base@21.0.6/java.util.concurrent.locks.LockSupport.parkNanos(LockSupport.java:269)
        at java.base@21.0.6/java.util.concurrent.locks.AbstractQueuedSynchronizer$ConditionObject.awaitNanos(AbstractQueuedSynchronizer.java:1763)
        at java.base@21.0.6/java.util.concurrent.LinkedBlockingQueue.poll(LinkedBlockingQueue.java:460)
        at app//org.apache.hadoop.ipc.CallQueueManager.take(CallQueueManager.java:370)
        at app//org.apache.hadoop.ipc.Server$Handler.run(Server.java:3165)
"Socket Reader #10 for port 15000"  prio=5 tid=97 runnable
java.lang.Thread.State: RUNNABLE
        at java.base@21.0.6/sun.nio.ch.EPoll.wait(Native Method)
        at java.base@21.0.6/sun.nio.ch.EPollSelectorImpl.doSelect(EPollSelectorImpl.java:121)
        at java.base@21.0.6/sun.nio.ch.SelectorImpl.lockAndDoSelect(SelectorImpl.java:130)
        at java.base@21.0.6/sun.nio.ch.SelectorImpl.select(SelectorImpl.java:147)
        at app//org.apache.hadoop.ipc.Server$Listener$Reader.doRunLoop(Server.java:1497)
        at app//org.apache.hadoop.ipc.Server$Listener$Reader.run(Server.java:1476)
"IPC Server idle connection scanner for port 15043" daemon prio=5 tid=776 timed_waiting
java.lang.Thread.State: TIMED_WAITING
        at java.base@21.0.6/java.lang.Object.wait0(Native Method)
        at java.base@21.0.6/java.lang.Object.wait(Object.java:366)
        at java.base@21.0.6/java.util.TimerThread.mainLoop(Timer.java:563)
        at java.base@21.0.6/java.util.TimerThread.run(Timer.java:516)
"a6bf55e3-38e4-411e-ac0b-5acdb6a35656-ChunkWriter-0-0" daemon prio=5 tid=802 in Object.wait()
java.lang.Thread.State: WAITING (on object monitor)
        at java.base@21.0.6/jdk.internal.misc.Unsafe.park(Native Method)
        at java.base@21.0.6/java.util.concurrent.locks.LockSupport.park(LockSupport.java:371)
        at java.base@21.0.6/java.util.concurrent.locks.AbstractQueuedSynchronizer$ConditionNode.block(AbstractQueuedSynchronizer.java:519)
        at java.base@21.0.6/java.util.concurrent.ForkJoinPool.unmanagedBlock(ForkJoinPool.java:3780)
        at java.base@21.0.6/java.util.concurrent.ForkJoinPool.managedBlock(ForkJoinPool.java:3725)
        at java.base@21.0.6/java.util.concurrent.locks.AbstractQueuedSynchronizer$ConditionObject.await(AbstractQueuedSynchronizer.java:1712)
        at java.base@21.0.6/java.util.concurrent.LinkedBlockingDeque.takeFirst(LinkedBlockingDeque.java:485)
        at java.base@21.0.6/java.util.concurrent.LinkedBlockingDeque.take(LinkedBlockingDeque.java:673)
        at java.base@21.0.6/java.util.concurrent.ThreadPoolExecutor.getTask(ThreadPoolExecutor.java:1070)
        at java.base@21.0.6/java.util.concurrent.ThreadPoolExecutor.runWorker(ThreadPoolExecutor.java:1130)
        at java.base@21.0.6/java.util.concurrent.ThreadPoolExecutor$Worker.run(ThreadPoolExecutor.java:642)
        at java.base@21.0.6/java.lang.Thread.runWith(Thread.java:1596)
        at java.base@21.0.6/java.lang.Thread.run(Thread.java:1583)
"IPC Server handler 58 on default port 15000" daemon prio=5 tid=176 timed_waiting
java.lang.Thread.State: TIMED_WAITING
        at java.base@21.0.6/jdk.internal.misc.Unsafe.park(Native Method)
        at java.base@21.0.6/java.util.concurrent.locks.LockSupport.parkNanos(LockSupport.java:269)
        at java.base@21.0.6/java.util.concurrent.locks.AbstractQueuedSynchronizer$ConditionObject.awaitNanos(AbstractQueuedSynchronizer.java:1763)
        at java.base@21.0.6/java.util.concurrent.LinkedBlockingQueue.poll(LinkedBlockingQueue.java:460)
        at app//org.apache.hadoop.ipc.CallQueueManager.take(CallQueueManager.java:370)
        at app//org.apache.hadoop.ipc.Server$Handler.run(Server.java:3165)
"IPC Server handler 35 on default port 15001" daemon prio=5 tid=253 timed_waiting
java.lang.Thread.State: TIMED_WAITING
        at java.base@21.0.6/jdk.internal.misc.Unsafe.park(Native Method)
        at java.base@21.0.6/java.util.concurrent.locks.LockSupport.parkNanos(LockSupport.java:269)
        at java.base@21.0.6/java.util.concurrent.locks.AbstractQueuedSynchronizer$ConditionObject.awaitNanos(AbstractQueuedSynchronizer.java:1763)
        at java.base@21.0.6/java.util.concurrent.LinkedBlockingQueue.poll(LinkedBlockingQueue.java:460)
        at app//org.apache.hadoop.ipc.CallQueueManager.take(CallQueueManager.java:370)
        at app//org.apache.hadoop.ipc.Server$Handler.run(Server.java:3165)
"IPC Server handler 25 on default port 15002" daemon prio=5 tid=361 timed_waiting
java.lang.Thread.State: TIMED_WAITING
        at java.base@21.0.6/jdk.internal.misc.Unsafe.park(Native Method)
        at java.base@21.0.6/java.util.concurrent.locks.LockSupport.parkNanos(LockSupport.java:269)
        at java.base@21.0.6/java.util.concurrent.locks.AbstractQueuedSynchronizer$ConditionObject.awaitNanos(AbstractQueuedSynchronizer.java:1763)
        at java.base@21.0.6/java.util.concurrent.LinkedBlockingQueue.poll(LinkedBlockingQueue.java:460)
        at app//org.apache.hadoop.ipc.CallQueueManager.take(CallQueueManager.java:370)
        at app//org.apache.hadoop.ipc.Server$Handler.run(Server.java:3165)
"IPC Server handler 22 on default port 15002" daemon prio=5 tid=358 timed_waiting
java.lang.Thread.State: TIMED_WAITING
        at java.base@21.0.6/jdk.internal.misc.Unsafe.park(Native Method)
        at java.base@21.0.6/java.util.concurrent.locks.LockSupport.parkNanos(LockSupport.java:269)
        at java.base@21.0.6/java.util.concurrent.locks.AbstractQueuedSynchronizer$ConditionObject.awaitNanos(AbstractQueuedSynchronizer.java:1763)
        at java.base@21.0.6/java.util.concurrent.LinkedBlockingQueue.poll(LinkedBlockingQueue.java:460)
        at app//org.apache.hadoop.ipc.CallQueueManager.take(CallQueueManager.java:370)
        at app//org.apache.hadoop.ipc.Server$Handler.run(Server.java:3165)
"IPC Server handler 25 on default port 15001" daemon prio=5 tid=243 timed_waiting
java.lang.Thread.State: TIMED_WAITING
        at java.base@21.0.6/jdk.internal.misc.Unsafe.park(Native Method)
        at java.base@21.0.6/java.util.concurrent.locks.LockSupport.parkNanos(LockSupport.java:269)
        at java.base@21.0.6/java.util.concurrent.locks.AbstractQueuedSynchronizer$ConditionObject.awaitNanos(AbstractQueuedSynchronizer.java:1763)
        at java.base@21.0.6/java.util.concurrent.LinkedBlockingQueue.poll(LinkedBlockingQueue.java:460)
        at app//org.apache.hadoop.ipc.CallQueueManager.take(CallQueueManager.java:370)
        at app//org.apache.hadoop.ipc.Server$Handler.run(Server.java:3165)
"IPC Server handler 95 on default port 15000" daemon prio=5 tid=213 timed_waiting
java.lang.Thread.State: TIMED_WAITING
        at java.base@21.0.6/jdk.internal.misc.Unsafe.park(Native Method)
        at java.base@21.0.6/java.util.concurrent.locks.LockSupport.parkNanos(LockSupport.java:269)
        at java.base@21.0.6/java.util.concurrent.locks.AbstractQueuedSynchronizer$ConditionObject.awaitNanos(AbstractQueuedSynchronizer.java:1763)
        at java.base@21.0.6/java.util.concurrent.LinkedBlockingQueue.poll(LinkedBlockingQueue.java:460)
        at app//org.apache.hadoop.ipc.CallQueueManager.take(CallQueueManager.java:370)
        at app//org.apache.hadoop.ipc.Server$Handler.run(Server.java:3165)
"Socket Reader #10 for port 15006"  prio=5 tid=457 runnable
java.lang.Thread.State: RUNNABLE
        at java.base@21.0.6/sun.nio.ch.EPoll.wait(Native Method)
        at java.base@21.0.6/sun.nio.ch.EPollSelectorImpl.doSelect(EPollSelectorImpl.java:121)
        at java.base@21.0.6/sun.nio.ch.SelectorImpl.lockAndDoSelect(SelectorImpl.java:130)
        at java.base@21.0.6/sun.nio.ch.SelectorImpl.select(SelectorImpl.java:147)
        at app//org.apache.hadoop.ipc.Server$Listener$Reader.doRunLoop(Server.java:1497)
        at app//org.apache.hadoop.ipc.Server$Listener$Reader.run(Server.java:1476)
"ForkJoinPool.commonPool-worker-2" daemon prio=5 tid=35 timed_waiting
java.lang.Thread.State: TIMED_WAITING
        at java.base@21.0.6/jdk.internal.misc.Unsafe.park(Native Method)
        at java.base@21.0.6/java.util.concurrent.locks.LockSupport.parkUntil(LockSupport.java:449)
        at java.base@21.0.6/java.util.concurrent.ForkJoinPool.awaitWork(ForkJoinPool.java:1891)
        at java.base@21.0.6/java.util.concurrent.ForkJoinPool.runWorker(ForkJoinPool.java:1809)
        at java.base@21.0.6/java.util.concurrent.ForkJoinWorkerThread.run(ForkJoinWorkerThread.java:188)
"IPC Server handler 41 on default port 15001" daemon prio=5 tid=259 timed_waiting
java.lang.Thread.State: TIMED_WAITING
        at java.base@21.0.6/jdk.internal.misc.Unsafe.park(Native Method)
        at java.base@21.0.6/java.util.concurrent.locks.LockSupport.parkNanos(LockSupport.java:269)
        at java.base@21.0.6/java.util.concurrent.locks.AbstractQueuedSynchronizer$ConditionObject.awaitNanos(AbstractQueuedSynchronizer.java:1763)
        at java.base@21.0.6/java.util.concurrent.LinkedBlockingQueue.poll(LinkedBlockingQueue.java:460)
        at app//org.apache.hadoop.ipc.CallQueueManager.take(CallQueueManager.java:370)
        at app//org.apache.hadoop.ipc.Server$Handler.run(Server.java:3165)
"grpc-default-executor-3" daemon prio=5 tid=994 timed_waiting
java.lang.Thread.State: TIMED_WAITING
        at java.base@21.0.6/jdk.internal.misc.Unsafe.park(Native Method)
        at java.base@21.0.6/java.util.concurrent.locks.LockSupport.parkNanos(LockSupport.java:410)
        at java.base@21.0.6/java.util.concurrent.LinkedTransferQueue$DualNode.await(LinkedTransferQueue.java:452)
        at java.base@21.0.6/java.util.concurrent.SynchronousQueue$Transferer.xferLifo(SynchronousQueue.java:194)
        at java.base@21.0.6/java.util.concurrent.SynchronousQueue.xfer(SynchronousQueue.java:235)
        at java.base@21.0.6/java.util.concurrent.SynchronousQueue.poll(SynchronousQueue.java:338)
        at java.base@21.0.6/java.util.concurrent.ThreadPoolExecutor.getTask(ThreadPoolExecutor.java:1069)
        at java.base@21.0.6/java.util.concurrent.ThreadPoolExecutor.runWorker(ThreadPoolExecutor.java:1130)
        at java.base@21.0.6/java.util.concurrent.ThreadPoolExecutor$Worker.run(ThreadPoolExecutor.java:642)
        at java.base@21.0.6/java.lang.Thread.runWith(Thread.java:1596)
        at java.base@21.0.6/java.lang.Thread.run(Thread.java:1583)
"EventQueue-PipelineReportForOneReplicaPipelineSafeModeRule" daemon prio=5 tid=762 in Object.wait()
java.lang.Thread.State: WAITING (on object monitor)
        at java.base@21.0.6/jdk.internal.misc.Unsafe.park(Native Method)
        at java.base@21.0.6/java.util.concurrent.locks.LockSupport.park(LockSupport.java:371)
        at java.base@21.0.6/java.util.concurrent.locks.AbstractQueuedSynchronizer$ConditionNode.block(AbstractQueuedSynchronizer.java:519)
        at java.base@21.0.6/java.util.concurrent.ForkJoinPool.unmanagedBlock(ForkJoinPool.java:3780)
        at java.base@21.0.6/java.util.concurrent.ForkJoinPool.managedBlock(ForkJoinPool.java:3725)
        at java.base@21.0.6/java.util.concurrent.locks.AbstractQueuedSynchronizer$ConditionObject.await(AbstractQueuedSynchronizer.java:1712)
        at java.base@21.0.6/java.util.concurrent.LinkedBlockingQueue.take(LinkedBlockingQueue.java:435)
        at java.base@21.0.6/java.util.concurrent.ThreadPoolExecutor.getTask(ThreadPoolExecutor.java:1070)
        at java.base@21.0.6/java.util.concurrent.ThreadPoolExecutor.runWorker(ThreadPoolExecutor.java:1130)
        at java.base@21.0.6/java.util.concurrent.ThreadPoolExecutor$Worker.run(ThreadPoolExecutor.java:642)
        at java.base@21.0.6/java.lang.Thread.runWith(Thread.java:1596)
        at java.base@21.0.6/java.lang.Thread.run(Thread.java:1583)
"IPC Server handler 60 on default port 15000" daemon prio=5 tid=178 timed_waiting
java.lang.Thread.State: TIMED_WAITING
        at java.base@21.0.6/jdk.internal.misc.Unsafe.park(Native Method)
        at java.base@21.0.6/java.util.concurrent.locks.LockSupport.parkNanos(LockSupport.java:269)
        at java.base@21.0.6/java.util.concurrent.locks.AbstractQueuedSynchronizer$ConditionObject.awaitNanos(AbstractQueuedSynchronizer.java:1763)
        at java.base@21.0.6/java.util.concurrent.LinkedBlockingQueue.poll(LinkedBlockingQueue.java:460)
        at app//org.apache.hadoop.ipc.CallQueueManager.take(CallQueueManager.java:370)
        at app//org.apache.hadoop.ipc.Server$Handler.run(Server.java:3165)
"IPC Server idle connection scanner for port 15002" daemon prio=5 tid=70 timed_waiting
java.lang.Thread.State: TIMED_WAITING
        at java.base@21.0.6/java.lang.Object.wait0(Native Method)
        at java.base@21.0.6/java.lang.Object.wait(Object.java:366)
        at java.base@21.0.6/java.util.TimerThread.mainLoop(Timer.java:563)
        at java.base@21.0.6/java.util.TimerThread.run(Timer.java:516)
"IPC Server handler 24 on default port 15000" daemon prio=5 tid=142 timed_waiting
java.lang.Thread.State: TIMED_WAITING
        at java.base@21.0.6/jdk.internal.misc.Unsafe.park(Native Method)
        at java.base@21.0.6/java.util.concurrent.locks.LockSupport.parkNanos(LockSupport.java:269)
        at java.base@21.0.6/java.util.concurrent.locks.AbstractQueuedSynchronizer$ConditionObject.awaitNanos(AbstractQueuedSynchronizer.java:1763)
        at java.base@21.0.6/java.util.concurrent.LinkedBlockingQueue.poll(LinkedBlockingQueue.java:460)
        at app//org.apache.hadoop.ipc.CallQueueManager.take(CallQueueManager.java:370)
        at app//org.apache.hadoop.ipc.Server$Handler.run(Server.java:3165)
"IPC Server handler 98 on default port 15002" daemon prio=5 tid=434 timed_waiting
java.lang.Thread.State: TIMED_WAITING
        at java.base@21.0.6/jdk.internal.misc.Unsafe.park(Native Method)
        at java.base@21.0.6/java.util.concurrent.locks.LockSupport.parkNanos(LockSupport.java:269)
        at java.base@21.0.6/java.util.concurrent.locks.AbstractQueuedSynchronizer$ConditionObject.awaitNanos(AbstractQueuedSynchronizer.java:1763)
        at java.base@21.0.6/java.util.concurrent.LinkedBlockingQueue.poll(LinkedBlockingQueue.java:460)
        at app//org.apache.hadoop.ipc.CallQueueManager.take(CallQueueManager.java:370)
        at app//org.apache.hadoop.ipc.Server$Handler.run(Server.java:3165)
"org.apache.hadoop.ozone.container.common.statemachine.commandhandler.DeleteBlocksCommandHandler$DeleteCmdWorker@660b292c" daemon prio=5 tid=664 timed_waiting
java.lang.Thread.State: TIMED_WAITING
        at java.base@21.0.6/java.lang.Thread.sleep0(Native Method)
        at java.base@21.0.6/java.lang.Thread.sleep(Thread.java:509)
        at app//org.apache.hadoop.ozone.container.common.statemachine.commandhandler.DeleteBlocksCommandHandler$DeleteCmdWorker.run(DeleteBlocksCommandHandler.java:255)
        at java.base@21.0.6/java.lang.Thread.runWith(Thread.java:1596)
        at java.base@21.0.6/java.lang.Thread.run(Thread.java:1583)
"IPC Server handler 66 on default port 15000" daemon prio=5 tid=184 timed_waiting
java.lang.Thread.State: TIMED_WAITING
        at java.base@21.0.6/jdk.internal.misc.Unsafe.park(Native Method)
        at java.base@21.0.6/java.util.concurrent.locks.LockSupport.parkNanos(LockSupport.java:269)
        at java.base@21.0.6/java.util.concurrent.locks.AbstractQueuedSynchronizer$ConditionObject.awaitNanos(AbstractQueuedSynchronizer.java:1763)
        at java.base@21.0.6/java.util.concurrent.LinkedBlockingQueue.poll(LinkedBlockingQueue.java:460)
        at app//org.apache.hadoop.ipc.CallQueueManager.take(CallQueueManager.java:370)
        at app//org.apache.hadoop.ipc.Server$Handler.run(Server.java:3165)
"IPC Server handler 89 on default port 15002" daemon prio=5 tid=425 timed_waiting
java.lang.Thread.State: TIMED_WAITING
        at java.base@21.0.6/jdk.internal.misc.Unsafe.park(Native Method)
        at java.base@21.0.6/java.util.concurrent.locks.LockSupport.parkNanos(LockSupport.java:269)
        at java.base@21.0.6/java.util.concurrent.locks.AbstractQueuedSynchronizer$ConditionObject.awaitNanos(AbstractQueuedSynchronizer.java:1763)
        at java.base@21.0.6/java.util.concurrent.LinkedBlockingQueue.poll(LinkedBlockingQueue.java:460)
        at app//org.apache.hadoop.ipc.CallQueueManager.take(CallQueueManager.java:370)
        at app//org.apache.hadoop.ipc.Server$Handler.run(Server.java:3165)
"IPC Server handler 81 on default port 15000" daemon prio=5 tid=199 timed_waiting
java.lang.Thread.State: TIMED_WAITING
        at java.base@21.0.6/jdk.internal.misc.Unsafe.park(Native Method)
        at java.base@21.0.6/java.util.concurrent.locks.LockSupport.parkNanos(LockSupport.java:269)
        at java.base@21.0.6/java.util.concurrent.locks.AbstractQueuedSynchronizer$ConditionObject.awaitNanos(AbstractQueuedSynchronizer.java:1763)
        at java.base@21.0.6/java.util.concurrent.LinkedBlockingQueue.poll(LinkedBlockingQueue.java:460)
        at app//org.apache.hadoop.ipc.CallQueueManager.take(CallQueueManager.java:370)
        at app//org.apache.hadoop.ipc.Server$Handler.run(Server.java:3165)
"IPC Server handler 6 on default port 15027" daemon prio=5 tid=643 timed_waiting
java.lang.Thread.State: TIMED_WAITING
        at java.base@21.0.6/jdk.internal.misc.Unsafe.park(Native Method)
        at java.base@21.0.6/java.util.concurrent.locks.LockSupport.parkNanos(LockSupport.java:269)
        at java.base@21.0.6/java.util.concurrent.locks.AbstractQueuedSynchronizer$ConditionObject.awaitNanos(AbstractQueuedSynchronizer.java:1763)
        at java.base@21.0.6/java.util.concurrent.LinkedBlockingQueue.poll(LinkedBlockingQueue.java:460)
        at app//org.apache.hadoop.ipc.CallQueueManager.take(CallQueueManager.java:370)
        at app//org.apache.hadoop.ipc.Server$Handler.run(Server.java:3165)
"LeaseManager#LeaseMonitor" daemon prio=5 tid=319 timed_waiting
java.lang.Thread.State: TIMED_WAITING
        at java.base@21.0.6/jdk.internal.misc.Unsafe.park(Native Method)
        at java.base@21.0.6/java.util.concurrent.locks.LockSupport.parkNanos(LockSupport.java:269)
        at java.base@21.0.6/java.util.concurrent.locks.AbstractQueuedSynchronizer.acquire(AbstractQueuedSynchronizer.java:756)
        at java.base@21.0.6/java.util.concurrent.locks.AbstractQueuedSynchronizer.tryAcquireSharedNanos(AbstractQueuedSynchronizer.java:1126)
        at java.base@21.0.6/java.util.concurrent.Semaphore.tryAcquire(Semaphore.java:415)
        at app//org.apache.hadoop.ozone.lease.LeaseManager$LeaseMonitor.run(LeaseManager.java:283)
        at java.base@21.0.6/java.lang.Thread.runWith(Thread.java:1596)
        at java.base@21.0.6/java.lang.Thread.run(Thread.java:1583)
"IPC Server handler 10 on default port 15000" daemon prio=5 tid=128 timed_waiting
java.lang.Thread.State: TIMED_WAITING
        at java.base@21.0.6/jdk.internal.misc.Unsafe.park(Native Method)
        at java.base@21.0.6/java.util.concurrent.locks.LockSupport.parkNanos(LockSupport.java:269)
        at java.base@21.0.6/java.util.concurrent.locks.AbstractQueuedSynchronizer$ConditionObject.awaitNanos(AbstractQueuedSynchronizer.java:1763)
        at java.base@21.0.6/java.util.concurrent.LinkedBlockingQueue.poll(LinkedBlockingQueue.java:460)
        at app//org.apache.hadoop.ipc.CallQueueManager.take(CallQueueManager.java:370)
        at app//org.apache.hadoop.ipc.Server$Handler.run(Server.java:3165)
"IPC Server handler 19 on default port 15001" daemon prio=5 tid=237 timed_waiting
java.lang.Thread.State: TIMED_WAITING
        at java.base@21.0.6/jdk.internal.misc.Unsafe.park(Native Method)
        at java.base@21.0.6/java.util.concurrent.locks.LockSupport.parkNanos(LockSupport.java:269)
        at java.base@21.0.6/java.util.concurrent.locks.AbstractQueuedSynchronizer$ConditionObject.awaitNanos(AbstractQueuedSynchronizer.java:1763)
        at java.base@21.0.6/java.util.concurrent.LinkedBlockingQueue.poll(LinkedBlockingQueue.java:460)
        at app//org.apache.hadoop.ipc.CallQueueManager.take(CallQueueManager.java:370)
        at app//org.apache.hadoop.ipc.Server$Handler.run(Server.java:3165)
"pool-36-thread-1"  prio=5 tid=320 timed_waiting
java.lang.Thread.State: TIMED_WAITING
        at java.base@21.0.6/jdk.internal.misc.Unsafe.park(Native Method)
        at java.base@21.0.6/java.util.concurrent.locks.LockSupport.parkNanos(LockSupport.java:269)
        at java.base@21.0.6/java.util.concurrent.locks.AbstractQueuedSynchronizer$ConditionObject.awaitNanos(AbstractQueuedSynchronizer.java:1763)
        at java.base@21.0.6/java.util.concurrent.ScheduledThreadPoolExecutor$DelayedWorkQueue.take(ScheduledThreadPoolExecutor.java:1182)
        at java.base@21.0.6/java.util.concurrent.ScheduledThreadPoolExecutor$DelayedWorkQueue.take(ScheduledThreadPoolExecutor.java:899)
        at java.base@21.0.6/java.util.concurrent.ThreadPoolExecutor.getTask(ThreadPoolExecutor.java:1070)
        at java.base@21.0.6/java.util.concurrent.ThreadPoolExecutor.runWorker(ThreadPoolExecutor.java:1130)
        at java.base@21.0.6/java.util.concurrent.ThreadPoolExecutor$Worker.run(ThreadPoolExecutor.java:642)
        at java.base@21.0.6/java.lang.Thread.runWith(Thread.java:1596)
        at java.base@21.0.6/java.lang.Thread.run(Thread.java:1583)
"IPC Server handler 27 on default port 15002" daemon prio=5 tid=363 timed_waiting
java.lang.Thread.State: TIMED_WAITING
        at java.base@21.0.6/jdk.internal.misc.Unsafe.park(Native Method)
        at java.base@21.0.6/java.util.concurrent.locks.LockSupport.parkNanos(LockSupport.java:269)
        at java.base@21.0.6/java.util.concurrent.locks.AbstractQueuedSynchronizer$ConditionObject.awaitNanos(AbstractQueuedSynchronizer.java:1763)
        at java.base@21.0.6/java.util.concurrent.LinkedBlockingQueue.poll(LinkedBlockingQueue.java:460)
        at app//org.apache.hadoop.ipc.CallQueueManager.take(CallQueueManager.java:370)
        at app//org.apache.hadoop.ipc.Server$Handler.run(Server.java:3165)
"IPC Server handler 26 on default port 15002" daemon prio=5 tid=362 timed_waiting
java.lang.Thread.State: TIMED_WAITING
        at java.base@21.0.6/jdk.internal.misc.Unsafe.park(Native Method)
        at java.base@21.0.6/java.util.concurrent.locks.LockSupport.parkNanos(LockSupport.java:269)
        at java.base@21.0.6/java.util.concurrent.locks.AbstractQueuedSynchronizer$ConditionObject.awaitNanos(AbstractQueuedSynchronizer.java:1763)
        at java.base@21.0.6/java.util.concurrent.LinkedBlockingQueue.poll(LinkedBlockingQueue.java:460)
        at app//org.apache.hadoop.ipc.CallQueueManager.take(CallQueueManager.java:370)
        at app//org.apache.hadoop.ipc.Server$Handler.run(Server.java:3165)
"Socket Reader #2 for port 15002"  prio=5 tid=61 runnable
java.lang.Thread.State: RUNNABLE
        at java.base@21.0.6/sun.nio.ch.EPoll.wait(Native Method)
        at java.base@21.0.6/sun.nio.ch.EPollSelectorImpl.doSelect(EPollSelectorImpl.java:121)
        at java.base@21.0.6/sun.nio.ch.SelectorImpl.lockAndDoSelect(SelectorImpl.java:130)
        at java.base@21.0.6/sun.nio.ch.SelectorImpl.select(SelectorImpl.java:147)
        at app//org.apache.hadoop.ipc.Server$Listener$Reader.doRunLoop(Server.java:1497)
        at app//org.apache.hadoop.ipc.Server$Listener$Reader.run(Server.java:1476)
"IPC Server handler 16 on default port 15001" daemon prio=5 tid=234 timed_waiting
java.lang.Thread.State: TIMED_WAITING
        at java.base@21.0.6/jdk.internal.misc.Unsafe.park(Native Method)
        at java.base@21.0.6/java.util.concurrent.locks.LockSupport.parkNanos(LockSupport.java:269)
        at java.base@21.0.6/java.util.concurrent.locks.AbstractQueuedSynchronizer$ConditionObject.awaitNanos(AbstractQueuedSynchronizer.java:1763)
        at java.base@21.0.6/java.util.concurrent.LinkedBlockingQueue.poll(LinkedBlockingQueue.java:460)
        at app//org.apache.hadoop.ipc.CallQueueManager.take(CallQueueManager.java:370)
        at app//org.apache.hadoop.ipc.Server$Handler.run(Server.java:3165)
"a6bf55e3-38e4-411e-ac0b-5acdb6a35656-DatanodeStateMachineTaskThread-0"  prio=5 tid=654 in Object.wait()
java.lang.Thread.State: WAITING (on object monitor)
        at java.base@21.0.6/jdk.internal.misc.Unsafe.park(Native Method)
        at java.base@21.0.6/java.util.concurrent.locks.LockSupport.park(LockSupport.java:371)
        at java.base@21.0.6/java.util.concurrent.locks.AbstractQueuedSynchronizer$ConditionNode.block(AbstractQueuedSynchronizer.java:519)
        at java.base@21.0.6/java.util.concurrent.ForkJoinPool.unmanagedBlock(ForkJoinPool.java:3780)
        at java.base@21.0.6/java.util.concurrent.ForkJoinPool.managedBlock(ForkJoinPool.java:3725)
        at java.base@21.0.6/java.util.concurrent.locks.AbstractQueuedSynchronizer$ConditionObject.await(AbstractQueuedSynchronizer.java:1712)
        at java.base@21.0.6/java.util.concurrent.LinkedBlockingQueue.take(LinkedBlockingQueue.java:435)
        at java.base@21.0.6/java.util.concurrent.ThreadPoolExecutor.getTask(ThreadPoolExecutor.java:1070)
        at java.base@21.0.6/java.util.concurrent.ThreadPoolExecutor.runWorker(ThreadPoolExecutor.java:1130)
        at java.base@21.0.6/java.util.concurrent.ThreadPoolExecutor$Worker.run(ThreadPoolExecutor.java:642)
        at java.base@21.0.6/java.lang.Thread.runWith(Thread.java:1596)
        at java.base@21.0.6/java.lang.Thread.run(Thread.java:1583)
"om1-DirectoryDeletingService#1" daemon prio=5 tid=474 in Object.wait()
java.lang.Thread.State: WAITING (on object monitor)
        at java.base@21.0.6/jdk.internal.misc.Unsafe.park(Native Method)
        at java.base@21.0.6/java.util.concurrent.locks.LockSupport.park(LockSupport.java:371)
        at java.base@21.0.6/java.util.concurrent.locks.AbstractQueuedSynchronizer$ConditionNode.block(AbstractQueuedSynchronizer.java:519)
        at java.base@21.0.6/java.util.concurrent.ForkJoinPool.unmanagedBlock(ForkJoinPool.java:3780)
        at java.base@21.0.6/java.util.concurrent.ForkJoinPool.managedBlock(ForkJoinPool.java:3725)
        at java.base@21.0.6/java.util.concurrent.locks.AbstractQueuedSynchronizer$ConditionObject.await(AbstractQueuedSynchronizer.java:1712)
        at java.base@21.0.6/java.util.concurrent.ScheduledThreadPoolExecutor$DelayedWorkQueue.take(ScheduledThreadPoolExecutor.java:1170)
        at java.base@21.0.6/java.util.concurrent.ScheduledThreadPoolExecutor$DelayedWorkQueue.take(ScheduledThreadPoolExecutor.java:899)
        at java.base@21.0.6/java.util.concurrent.ThreadPoolExecutor.getTask(ThreadPoolExecutor.java:1070)
        at java.base@21.0.6/java.util.concurrent.ThreadPoolExecutor.runWorker(ThreadPoolExecutor.java:1130)
        at java.base@21.0.6/java.util.concurrent.ThreadPoolExecutor$Worker.run(ThreadPoolExecutor.java:642)
        at java.base@21.0.6/java.lang.Thread.runWith(Thread.java:1596)
        at java.base@21.0.6/java.lang.Thread.run(Thread.java:1583)
"IPC Server handler 14 on default port 15000" daemon prio=5 tid=132 timed_waiting
java.lang.Thread.State: TIMED_WAITING
        at java.base@21.0.6/jdk.internal.misc.Unsafe.park(Native Method)
        at java.base@21.0.6/java.util.concurrent.locks.LockSupport.parkNanos(LockSupport.java:269)
        at java.base@21.0.6/java.util.concurrent.locks.AbstractQueuedSynchronizer$ConditionObject.awaitNanos(AbstractQueuedSynchronizer.java:1763)
        at java.base@21.0.6/java.util.concurrent.LinkedBlockingQueue.poll(LinkedBlockingQueue.java:460)
        at app//org.apache.hadoop.ipc.CallQueueManager.take(CallQueueManager.java:370)
        at app//org.apache.hadoop.ipc.Server$Handler.run(Server.java:3165)
"IPC Server handler 83 on default port 15001" daemon prio=5 tid=301 timed_waiting
java.lang.Thread.State: TIMED_WAITING
        at java.base@21.0.6/jdk.internal.misc.Unsafe.park(Native Method)
        at java.base@21.0.6/java.util.concurrent.locks.LockSupport.parkNanos(LockSupport.java:269)
        at java.base@21.0.6/java.util.concurrent.locks.AbstractQueuedSynchronizer$ConditionObject.awaitNanos(AbstractQueuedSynchronizer.java:1763)
        at java.base@21.0.6/java.util.concurrent.LinkedBlockingQueue.poll(LinkedBlockingQueue.java:460)
        at app//org.apache.hadoop.ipc.CallQueueManager.take(CallQueueManager.java:370)
        at app//org.apache.hadoop.ipc.Server$Handler.run(Server.java:3165)
"IPC Server handler 79 on default port 15002" daemon prio=5 tid=415 timed_waiting
java.lang.Thread.State: TIMED_WAITING
        at java.base@21.0.6/jdk.internal.misc.Unsafe.park(Native Method)
        at java.base@21.0.6/java.util.concurrent.locks.LockSupport.parkNanos(LockSupport.java:269)
        at java.base@21.0.6/java.util.concurrent.locks.AbstractQueuedSynchronizer$ConditionObject.awaitNanos(AbstractQueuedSynchronizer.java:1763)
        at java.base@21.0.6/java.util.concurrent.LinkedBlockingQueue.poll(LinkedBlockingQueue.java:460)
        at app//org.apache.hadoop.ipc.CallQueueManager.take(CallQueueManager.java:370)
        at app//org.apache.hadoop.ipc.Server$Handler.run(Server.java:3165)
"EventQueue-DeadNodeForDeadNodeHandler" daemon prio=5 tid=1035 in Object.wait()
java.lang.Thread.State: WAITING (on object monitor)
        at java.base@21.0.6/jdk.internal.misc.Unsafe.park(Native Method)
        at java.base@21.0.6/java.util.concurrent.locks.LockSupport.park(LockSupport.java:371)
        at java.base@21.0.6/java.util.concurrent.locks.AbstractQueuedSynchronizer$ConditionNode.block(AbstractQueuedSynchronizer.java:519)
        at java.base@21.0.6/java.util.concurrent.ForkJoinPool.unmanagedBlock(ForkJoinPool.java:3780)
        at java.base@21.0.6/java.util.concurrent.ForkJoinPool.managedBlock(ForkJoinPool.java:3725)
        at java.base@21.0.6/java.util.concurrent.locks.AbstractQueuedSynchronizer$ConditionObject.await(AbstractQueuedSynchronizer.java:1712)
        at java.base@21.0.6/java.util.concurrent.LinkedBlockingQueue.take(LinkedBlockingQueue.java:435)
        at java.base@21.0.6/java.util.concurrent.ThreadPoolExecutor.getTask(ThreadPoolExecutor.java:1070)
        at java.base@21.0.6/java.util.concurrent.ThreadPoolExecutor.runWorker(ThreadPoolExecutor.java:1130)
        at java.base@21.0.6/java.util.concurrent.ThreadPoolExecutor$Worker.run(ThreadPoolExecutor.java:642)
        at java.base@21.0.6/java.lang.Thread.runWith(Thread.java:1596)
        at java.base@21.0.6/java.lang.Thread.run(Thread.java:1583)
"IPC Server handler 61 on default port 15000" daemon prio=5 tid=179 timed_waiting
java.lang.Thread.State: TIMED_WAITING
        at java.base@21.0.6/jdk.internal.misc.Unsafe.park(Native Method)
        at java.base@21.0.6/java.util.concurrent.locks.LockSupport.parkNanos(LockSupport.java:269)
        at java.base@21.0.6/java.util.concurrent.locks.AbstractQueuedSynchronizer$ConditionObject.awaitNanos(AbstractQueuedSynchronizer.java:1763)
        at java.base@21.0.6/java.util.concurrent.LinkedBlockingQueue.poll(LinkedBlockingQueue.java:460)
        at app//org.apache.hadoop.ipc.CallQueueManager.take(CallQueueManager.java:370)
        at app//org.apache.hadoop.ipc.Server$Handler.run(Server.java:3165)
"Socket Reader #6 for port 15006"  prio=5 tid=453 runnable
java.lang.Thread.State: RUNNABLE
        at java.base@21.0.6/sun.nio.ch.EPoll.wait(Native Method)
        at java.base@21.0.6/sun.nio.ch.EPollSelectorImpl.doSelect(EPollSelectorImpl.java:121)
        at java.base@21.0.6/sun.nio.ch.SelectorImpl.lockAndDoSelect(SelectorImpl.java:130)
        at java.base@21.0.6/sun.nio.ch.SelectorImpl.select(SelectorImpl.java:147)
        at app//org.apache.hadoop.ipc.Server$Listener$Reader.doRunLoop(Server.java:1497)
        at app//org.apache.hadoop.ipc.Server$Listener$Reader.run(Server.java:1476)
"a6bf55e3-38e4-411e-ac0b-5acdb6a35656-CommandProcessorThread" daemon prio=5 tid=653 timed_waiting
java.lang.Thread.State: TIMED_WAITING
        at java.base@21.0.6/java.lang.Thread.sleep0(Native Method)
        at java.base@21.0.6/java.lang.Thread.sleep(Thread.java:509)
        at app//org.apache.hadoop.ozone.container.common.statemachine.DatanodeStateMachine.lambda$initCommandHandlerThread$4(DatanodeStateMachine.java:673)
        at app//org.apache.hadoop.ozone.container.common.statemachine.DatanodeStateMachine$$Lambda/0x00007fd0ac80cc70.run(Unknown Source)
        at java.base@21.0.6/java.lang.Thread.runWith(Thread.java:1596)
        at java.base@21.0.6/java.lang.Thread.run(Thread.java:1583)
"qtp2117639382-490" daemon prio=5 tid=490 timed_waiting
java.lang.Thread.State: TIMED_WAITING
        at java.base@21.0.6/jdk.internal.misc.Unsafe.park(Native Method)
        at java.base@21.0.6/java.util.concurrent.locks.LockSupport.parkNanos(LockSupport.java:269)
        at java.base@21.0.6/java.util.concurrent.locks.AbstractQueuedSynchronizer$ConditionObject.awaitNanos(AbstractQueuedSynchronizer.java:1763)
        at app//org.eclipse.jetty.util.BlockingArrayQueue.poll(BlockingArrayQueue.java:382)
        at app//org.eclipse.jetty.util.thread.QueuedThreadPool$Runner.idleJobPoll(QueuedThreadPool.java:974)
        at app//org.eclipse.jetty.util.thread.QueuedThreadPool$Runner.run(QueuedThreadPool.java:1018)
        at java.base@21.0.6/java.lang.Thread.runWith(Thread.java:1596)
        at java.base@21.0.6/java.lang.Thread.run(Thread.java:1583)
"Socket Reader #1 for port 15043"  prio=5 tid=766 runnable
java.lang.Thread.State: RUNNABLE
        at java.base@21.0.6/sun.nio.ch.EPoll.wait(Native Method)
        at java.base@21.0.6/sun.nio.ch.EPollSelectorImpl.doSelect(EPollSelectorImpl.java:121)
        at java.base@21.0.6/sun.nio.ch.SelectorImpl.lockAndDoSelect(SelectorImpl.java:130)
        at java.base@21.0.6/sun.nio.ch.SelectorImpl.select(SelectorImpl.java:147)
        at app//org.apache.hadoop.ipc.Server$Listener$Reader.doRunLoop(Server.java:1497)
        at app//org.apache.hadoop.ipc.Server$Listener$Reader.run(Server.java:1476)
"Session-HouseKeeper-2793f84c-1"  prio=5 tid=674 timed_waiting
java.lang.Thread.State: TIMED_WAITING
        at java.base@21.0.6/jdk.internal.misc.Unsafe.park(Native Method)
        at java.base@21.0.6/java.util.concurrent.locks.LockSupport.parkNanos(LockSupport.java:269)
        at java.base@21.0.6/java.util.concurrent.locks.AbstractQueuedSynchronizer$ConditionObject.awaitNanos(AbstractQueuedSynchronizer.java:1763)
        at java.base@21.0.6/java.util.concurrent.ScheduledThreadPoolExecutor$DelayedWorkQueue.take(ScheduledThreadPoolExecutor.java:1182)
        at java.base@21.0.6/java.util.concurrent.ScheduledThreadPoolExecutor$DelayedWorkQueue.take(ScheduledThreadPoolExecutor.java:899)
        at java.base@21.0.6/java.util.concurrent.ThreadPoolExecutor.getTask(ThreadPoolExecutor.java:1070)
        at java.base@21.0.6/java.util.concurrent.ThreadPoolExecutor.runWorker(ThreadPoolExecutor.java:1130)
        at java.base@21.0.6/java.util.concurrent.ThreadPoolExecutor$Worker.run(ThreadPoolExecutor.java:642)
        at java.base@21.0.6/java.lang.Thread.runWith(Thread.java:1596)
        at java.base@21.0.6/java.lang.Thread.run(Thread.java:1583)
"IPC Server handler 59 on default port 15000" daemon prio=5 tid=177 timed_waiting
java.lang.Thread.State: TIMED_WAITING
        at java.base@21.0.6/jdk.internal.misc.Unsafe.park(Native Method)
        at java.base@21.0.6/java.util.concurrent.locks.LockSupport.parkNanos(LockSupport.java:269)
        at java.base@21.0.6/java.util.concurrent.locks.AbstractQueuedSynchronizer$ConditionObject.awaitNanos(AbstractQueuedSynchronizer.java:1763)
        at java.base@21.0.6/java.util.concurrent.LinkedBlockingQueue.poll(LinkedBlockingQueue.java:460)
        at app//org.apache.hadoop.ipc.CallQueueManager.take(CallQueueManager.java:370)
        at app//org.apache.hadoop.ipc.Server$Handler.run(Server.java:3165)
"IPC Server handler 5 on default port 15001" daemon prio=5 tid=223 timed_waiting
java.lang.Thread.State: TIMED_WAITING
        at java.base@21.0.6/jdk.internal.misc.Unsafe.park(Native Method)
        at java.base@21.0.6/java.util.concurrent.locks.LockSupport.parkNanos(LockSupport.java:269)
        at java.base@21.0.6/java.util.concurrent.locks.AbstractQueuedSynchronizer$ConditionObject.awaitNanos(AbstractQueuedSynchronizer.java:1763)
        at java.base@21.0.6/java.util.concurrent.LinkedBlockingQueue.poll(LinkedBlockingQueue.java:460)
        at app//org.apache.hadoop.ipc.CallQueueManager.take(CallQueueManager.java:370)
        at app//org.apache.hadoop.ipc.Server$Handler.run(Server.java:3165)
"Socket Reader #4 for port 15002"  prio=5 tid=63 runnable
java.lang.Thread.State: RUNNABLE
        at java.base@21.0.6/sun.nio.ch.EPoll.wait(Native Method)
        at java.base@21.0.6/sun.nio.ch.EPollSelectorImpl.doSelect(EPollSelectorImpl.java:121)
        at java.base@21.0.6/sun.nio.ch.SelectorImpl.lockAndDoSelect(SelectorImpl.java:130)
        at java.base@21.0.6/sun.nio.ch.SelectorImpl.select(SelectorImpl.java:147)
        at app//org.apache.hadoop.ipc.Server$Listener$Reader.doRunLoop(Server.java:1497)
        at app//org.apache.hadoop.ipc.Server$Listener$Reader.run(Server.java:1476)
"IPC Server idle connection scanner for port 15006" daemon prio=5 tid=458 timed_waiting
java.lang.Thread.State: TIMED_WAITING
        at java.base@21.0.6/java.lang.Object.wait0(Native Method)
        at java.base@21.0.6/java.lang.Object.wait(Object.java:366)
        at java.base@21.0.6/java.util.TimerThread.mainLoop(Timer.java:563)
        at java.base@21.0.6/java.util.TimerThread.run(Timer.java:516)
"IPC Server handler 27 on default port 15000" daemon prio=5 tid=145 timed_waiting
java.lang.Thread.State: TIMED_WAITING
        at java.base@21.0.6/jdk.internal.misc.Unsafe.park(Native Method)
        at java.base@21.0.6/java.util.concurrent.locks.LockSupport.parkNanos(LockSupport.java:269)
        at java.base@21.0.6/java.util.concurrent.locks.AbstractQueuedSynchronizer$ConditionObject.awaitNanos(AbstractQueuedSynchronizer.java:1763)
        at java.base@21.0.6/java.util.concurrent.LinkedBlockingQueue.poll(LinkedBlockingQueue.java:460)
        at app//org.apache.hadoop.ipc.CallQueueManager.take(CallQueueManager.java:370)
        at app//org.apache.hadoop.ipc.Server$Handler.run(Server.java:3165)
"4a3059aa-ae89-4e47-8f1e-08d61ab31d43-ChunkReader-ELG-0" daemon prio=5 tid=846 runnable
java.lang.Thread.State: RUNNABLE
        at app//org.apache.ratis.thirdparty.io.netty.channel.epoll.Native.epollWait(Native Method)
        at app//org.apache.ratis.thirdparty.io.netty.channel.epoll.Native.epollWait(Native.java:220)
        at app//org.apache.ratis.thirdparty.io.netty.channel.epoll.Native.epollWait(Native.java:213)
        at app//org.apache.ratis.thirdparty.io.netty.channel.epoll.EpollEventLoop.epollWaitNoTimerChange(EpollEventLoop.java:308)
        at app//org.apache.ratis.thirdparty.io.netty.channel.epoll.EpollEventLoop.run(EpollEventLoop.java:365)
        at app//org.apache.ratis.thirdparty.io.netty.util.concurrent.SingleThreadEventExecutor$4.run(SingleThreadEventExecutor.java:997)
        at app//org.apache.ratis.thirdparty.io.netty.util.internal.ThreadExecutorMap$2.run(ThreadExecutorMap.java:74)
        at java.base@21.0.6/java.lang.Thread.runWith(Thread.java:1596)
        at java.base@21.0.6/java.lang.Thread.run(Thread.java:1583)
"IPC Server idle connection scanner for port 15000" daemon prio=5 tid=98 timed_waiting
java.lang.Thread.State: TIMED_WAITING
        at java.base@21.0.6/java.lang.Object.wait0(Native Method)
        at java.base@21.0.6/java.lang.Object.wait(Object.java:366)
        at java.base@21.0.6/java.util.TimerThread.mainLoop(Timer.java:563)
        at java.base@21.0.6/java.util.TimerThread.run(Timer.java:516)
"IPC Server handler 91 on default port 15000" daemon prio=5 tid=209 timed_waiting
java.lang.Thread.State: TIMED_WAITING
        at java.base@21.0.6/jdk.internal.misc.Unsafe.park(Native Method)
        at java.base@21.0.6/java.util.concurrent.locks.LockSupport.parkNanos(LockSupport.java:269)
        at java.base@21.0.6/java.util.concurrent.locks.AbstractQueuedSynchronizer$ConditionObject.awaitNanos(AbstractQueuedSynchronizer.java:1763)
        at java.base@21.0.6/java.util.concurrent.LinkedBlockingQueue.poll(LinkedBlockingQueue.java:460)
        at app//org.apache.hadoop.ipc.CallQueueManager.take(CallQueueManager.java:370)
        at app//org.apache.hadoop.ipc.Server$Handler.run(Server.java:3165)
"qtp596278845-326" daemon prio=5 tid=326 timed_waiting
java.lang.Thread.State: TIMED_WAITING
        at java.base@21.0.6/jdk.internal.misc.Unsafe.park(Native Method)
        at java.base@21.0.6/java.util.concurrent.locks.LockSupport.parkNanos(LockSupport.java:269)
        at java.base@21.0.6/java.util.concurrent.locks.AbstractQueuedSynchronizer$ConditionObject.awaitNanos(AbstractQueuedSynchronizer.java:1763)
        at app//org.eclipse.jetty.util.BlockingArrayQueue.poll(BlockingArrayQueue.java:382)
        at app//org.eclipse.jetty.util.thread.QueuedThreadPool$Runner.idleJobPoll(QueuedThreadPool.java:974)
        at app//org.eclipse.jetty.util.thread.QueuedThreadPool$Runner.run(QueuedThreadPool.java:1018)
        at java.base@21.0.6/java.lang.Thread.runWith(Thread.java:1596)
        at java.base@21.0.6/java.lang.Thread.run(Thread.java:1583)
"IPC Server handler 8 on default port 15006" daemon prio=5 tid=503 timed_waiting
java.lang.Thread.State: TIMED_WAITING
        at java.base@21.0.6/jdk.internal.misc.Unsafe.park(Native Method)
        at java.base@21.0.6/java.util.concurrent.locks.LockSupport.parkNanos(LockSupport.java:269)
        at java.base@21.0.6/java.util.concurrent.locks.AbstractQueuedSynchronizer$ConditionObject.awaitNanos(AbstractQueuedSynchronizer.java:1763)
        at java.base@21.0.6/java.util.concurrent.LinkedBlockingQueue.poll(LinkedBlockingQueue.java:460)
        at app//org.apache.hadoop.ipc.CallQueueManager.take(CallQueueManager.java:370)
        at app//org.apache.hadoop.ipc.Server$Handler.run(Server.java:3165)
"IPC Server listener on 15019" daemon prio=5 tid=577 runnable
java.lang.Thread.State: RUNNABLE
        at java.base@21.0.6/sun.nio.ch.EPoll.wait(Native Method)
        at java.base@21.0.6/sun.nio.ch.EPollSelectorImpl.doSelect(EPollSelectorImpl.java:121)
        at java.base@21.0.6/sun.nio.ch.SelectorImpl.lockAndDoSelect(SelectorImpl.java:130)
        at java.base@21.0.6/sun.nio.ch.SelectorImpl.select(SelectorImpl.java:147)
        at app//org.apache.hadoop.ipc.Server$Listener.run(Server.java:1559)
"pool-113-thread-1"  prio=5 tid=567 timed_waiting
java.lang.Thread.State: TIMED_WAITING
        at java.base@21.0.6/jdk.internal.misc.Unsafe.park(Native Method)
        at java.base@21.0.6/java.util.concurrent.locks.LockSupport.parkNanos(LockSupport.java:269)
        at java.base@21.0.6/java.util.concurrent.locks.AbstractQueuedSynchronizer$ConditionObject.awaitNanos(AbstractQueuedSynchronizer.java:1763)
        at java.base@21.0.6/java.util.concurrent.ScheduledThreadPoolExecutor$DelayedWorkQueue.take(ScheduledThreadPoolExecutor.java:1182)
        at java.base@21.0.6/java.util.concurrent.ScheduledThreadPoolExecutor$DelayedWorkQueue.take(ScheduledThreadPoolExecutor.java:899)
        at java.base@21.0.6/java.util.concurrent.ThreadPoolExecutor.getTask(ThreadPoolExecutor.java:1070)
        at java.base@21.0.6/java.util.concurrent.ThreadPoolExecutor.runWorker(ThreadPoolExecutor.java:1130)
        at java.base@21.0.6/java.util.concurrent.ThreadPoolExecutor$Worker.run(ThreadPoolExecutor.java:642)
        at java.base@21.0.6/java.lang.Thread.runWith(Thread.java:1596)
        at java.base@21.0.6/java.lang.Thread.run(Thread.java:1583)
"IPC Server handler 46 on default port 15000" daemon prio=5 tid=164 timed_waiting
java.lang.Thread.State: TIMED_WAITING
        at java.base@21.0.6/jdk.internal.misc.Unsafe.park(Native Method)
        at java.base@21.0.6/java.util.concurrent.locks.LockSupport.parkNanos(LockSupport.java:269)
        at java.base@21.0.6/java.util.concurrent.locks.AbstractQueuedSynchronizer$ConditionObject.awaitNanos(AbstractQueuedSynchronizer.java:1763)
        at java.base@21.0.6/java.util.concurrent.LinkedBlockingQueue.poll(LinkedBlockingQueue.java:460)
        at app//org.apache.hadoop.ipc.CallQueueManager.take(CallQueueManager.java:370)
        at app//org.apache.hadoop.ipc.Server$Handler.run(Server.java:3165)
"qtp2005400801-614" daemon prio=5 tid=614 runnable
java.lang.Thread.State: RUNNABLE
        at java.base@21.0.6/sun.nio.ch.EPoll.wait(Native Method)
        at java.base@21.0.6/sun.nio.ch.EPollSelectorImpl.doSelect(EPollSelectorImpl.java:121)
        at java.base@21.0.6/sun.nio.ch.SelectorImpl.lockAndDoSelect(SelectorImpl.java:130)
        at java.base@21.0.6/sun.nio.ch.SelectorImpl.select(SelectorImpl.java:147)
        at app//org.eclipse.jetty.io.ManagedSelector.nioSelect(ManagedSelector.java:183)
        at app//org.eclipse.jetty.io.ManagedSelector.select(ManagedSelector.java:190)
        at app//org.eclipse.jetty.io.ManagedSelector$SelectorProducer.select(ManagedSelector.java:606)
        at app//org.eclipse.jetty.io.ManagedSelector$SelectorProducer.produce(ManagedSelector.java:543)
        at app//org.eclipse.jetty.util.thread.strategy.EatWhatYouKill.produceTask(EatWhatYouKill.java:362)
        at app//org.eclipse.jetty.util.thread.strategy.EatWhatYouKill.doProduce(EatWhatYouKill.java:186)
        at app//org.eclipse.jetty.util.thread.strategy.EatWhatYouKill.tryProduce(EatWhatYouKill.java:173)
        at app//org.eclipse.jetty.util.thread.strategy.EatWhatYouKill.produce(EatWhatYouKill.java:137)
        at app//org.eclipse.jetty.io.ManagedSelector$$Lambda/0x00007fd0ac690720.run(Unknown Source)
        at app//org.eclipse.jetty.util.thread.QueuedThreadPool.runJob(QueuedThreadPool.java:883)
        at app//org.eclipse.jetty.util.thread.QueuedThreadPool$Runner.run(QueuedThreadPool.java:1034)
        at java.base@21.0.6/java.lang.Thread.runWith(Thread.java:1596)
        at java.base@21.0.6/java.lang.Thread.run(Thread.java:1583)
"IPC Server handler 56 on default port 15000" daemon prio=5 tid=174 timed_waiting
java.lang.Thread.State: TIMED_WAITING
        at java.base@21.0.6/jdk.internal.misc.Unsafe.park(Native Method)
        at java.base@21.0.6/java.util.concurrent.locks.LockSupport.parkNanos(LockSupport.java:269)
        at java.base@21.0.6/java.util.concurrent.locks.AbstractQueuedSynchronizer$ConditionObject.awaitNanos(AbstractQueuedSynchronizer.java:1763)
        at java.base@21.0.6/java.util.concurrent.LinkedBlockingQueue.poll(LinkedBlockingQueue.java:460)
        at app//org.apache.hadoop.ipc.CallQueueManager.take(CallQueueManager.java:370)
        at app//org.apache.hadoop.ipc.Server$Handler.run(Server.java:3165)
"IPC Server handler 33 on default port 15000" daemon prio=5 tid=151 timed_waiting
java.lang.Thread.State: TIMED_WAITING
        at java.base@21.0.6/jdk.internal.misc.Unsafe.park(Native Method)
        at java.base@21.0.6/java.util.concurrent.locks.LockSupport.parkNanos(LockSupport.java:269)
        at java.base@21.0.6/java.util.concurrent.locks.AbstractQueuedSynchronizer$ConditionObject.awaitNanos(AbstractQueuedSynchronizer.java:1763)
        at java.base@21.0.6/java.util.concurrent.LinkedBlockingQueue.poll(LinkedBlockingQueue.java:460)
        at app//org.apache.hadoop.ipc.CallQueueManager.take(CallQueueManager.java:370)
        at app//org.apache.hadoop.ipc.Server$Handler.run(Server.java:3165)
"qtp596278845-328" daemon prio=5 tid=328 timed_waiting
java.lang.Thread.State: TIMED_WAITING
        at java.base@21.0.6/jdk.internal.misc.Unsafe.park(Native Method)
        at java.base@21.0.6/java.util.concurrent.locks.LockSupport.parkNanos(LockSupport.java:269)
        at java.base@21.0.6/java.util.concurrent.locks.AbstractQueuedSynchronizer$ConditionObject.awaitNanos(AbstractQueuedSynchronizer.java:1763)
        at app//org.eclipse.jetty.util.BlockingArrayQueue.poll(BlockingArrayQueue.java:382)
        at app//org.eclipse.jetty.util.thread.QueuedThreadPool$Runner.idleJobPoll(QueuedThreadPool.java:974)
        at app//org.eclipse.jetty.util.thread.QueuedThreadPool$Runner.run(QueuedThreadPool.java:1018)
        at java.base@21.0.6/java.lang.Thread.runWith(Thread.java:1596)
        at java.base@21.0.6/java.lang.Thread.run(Thread.java:1583)
"grpc-default-executor-4" daemon prio=5 tid=1037 timed_waiting
java.lang.Thread.State: TIMED_WAITING
        at java.base@21.0.6/jdk.internal.misc.Unsafe.park(Native Method)
        at java.base@21.0.6/java.util.concurrent.locks.LockSupport.parkNanos(LockSupport.java:410)
        at java.base@21.0.6/java.util.concurrent.LinkedTransferQueue$DualNode.await(LinkedTransferQueue.java:452)
        at java.base@21.0.6/java.util.concurrent.SynchronousQueue$Transferer.xferLifo(SynchronousQueue.java:194)
        at java.base@21.0.6/java.util.concurrent.SynchronousQueue.xfer(SynchronousQueue.java:235)
        at java.base@21.0.6/java.util.concurrent.SynchronousQueue.poll(SynchronousQueue.java:338)
        at java.base@21.0.6/java.util.concurrent.ThreadPoolExecutor.getTask(ThreadPoolExecutor.java:1069)
        at java.base@21.0.6/java.util.concurrent.ThreadPoolExecutor.runWorker(ThreadPoolExecutor.java:1130)
        at java.base@21.0.6/java.util.concurrent.ThreadPoolExecutor$Worker.run(ThreadPoolExecutor.java:642)
        at java.base@21.0.6/java.lang.Thread.runWith(Thread.java:1596)
        at java.base@21.0.6/java.lang.Thread.run(Thread.java:1583)
"IPC Server handler 19 on default port 15000" daemon prio=5 tid=137 timed_waiting
java.lang.Thread.State: TIMED_WAITING
        at java.base@21.0.6/jdk.internal.misc.Unsafe.park(Native Method)
        at java.base@21.0.6/java.util.concurrent.locks.LockSupport.parkNanos(LockSupport.java:269)
        at java.base@21.0.6/java.util.concurrent.locks.AbstractQueuedSynchronizer$ConditionObject.awaitNanos(AbstractQueuedSynchronizer.java:1763)
        at java.base@21.0.6/java.util.concurrent.LinkedBlockingQueue.poll(LinkedBlockingQueue.java:460)
        at app//org.apache.hadoop.ipc.CallQueueManager.take(CallQueueManager.java:370)
        at app//org.apache.hadoop.ipc.Server$Handler.run(Server.java:3165)
"surefire-forkedjvm-stream-flusher" daemon prio=5 tid=23 timed_waiting
java.lang.Thread.State: TIMED_WAITING
        at java.base@21.0.6/jdk.internal.misc.Unsafe.park(Native Method)
        at java.base@21.0.6/java.util.concurrent.locks.LockSupport.parkNanos(LockSupport.java:269)
        at java.base@21.0.6/java.util.concurrent.locks.AbstractQueuedSynchronizer$ConditionObject.awaitNanos(AbstractQueuedSynchronizer.java:1763)
        at java.base@21.0.6/java.util.concurrent.ScheduledThreadPoolExecutor$DelayedWorkQueue.take(ScheduledThreadPoolExecutor.java:1182)
        at java.base@21.0.6/java.util.concurrent.ScheduledThreadPoolExecutor$DelayedWorkQueue.take(ScheduledThreadPoolExecutor.java:899)
        at java.base@21.0.6/java.util.concurrent.ThreadPoolExecutor.getTask(ThreadPoolExecutor.java:1070)
        at java.base@21.0.6/java.util.concurrent.ThreadPoolExecutor.runWorker(ThreadPoolExecutor.java:1130)
        at java.base@21.0.6/java.util.concurrent.ThreadPoolExecutor$Worker.run(ThreadPoolExecutor.java:642)
        at java.base@21.0.6/java.lang.Thread.runWith(Thread.java:1596)
        at java.base@21.0.6/java.lang.Thread.run(Thread.java:1583)
"JvmPauseMonitor1" daemon prio=5 tid=115 timed_waiting
java.lang.Thread.State: TIMED_WAITING
        at java.base@21.0.6/java.lang.Thread.sleep0(Native Method)
        at java.base@21.0.6/java.lang.Thread.sleep(Thread.java:558)
        at java.base@21.0.6/java.util.concurrent.TimeUnit.sleep(TimeUnit.java:446)
        at app//org.apache.ratis.util.TimeDuration.sleep(TimeDuration.java:353)
        at app//org.apache.ratis.util.TimeDuration.sleep(TimeDuration.java:338)
        at app//org.apache.ratis.util.JvmPauseMonitor.detectPause(JvmPauseMonitor.java:160)
        at app//org.apache.ratis.util.JvmPauseMonitor.run(JvmPauseMonitor.java:149)
        at app//org.apache.ratis.util.JvmPauseMonitor$$Lambda/0x00007fd0ac3a9508.run(Unknown Source)
        at java.base@21.0.6/java.lang.Thread.runWith(Thread.java:1596)
        at java.base@21.0.6/java.lang.Thread.run(Thread.java:1583)
"IPC Server handler 71 on default port 15000" daemon prio=5 tid=189 timed_waiting
java.lang.Thread.State: TIMED_WAITING
        at java.base@21.0.6/jdk.internal.misc.Unsafe.park(Native Method)
        at java.base@21.0.6/java.util.concurrent.locks.LockSupport.parkNanos(LockSupport.java:269)
        at java.base@21.0.6/java.util.concurrent.locks.AbstractQueuedSynchronizer$ConditionObject.awaitNanos(AbstractQueuedSynchronizer.java:1763)
        at java.base@21.0.6/java.util.concurrent.LinkedBlockingQueue.poll(LinkedBlockingQueue.java:460)
        at app//org.apache.hadoop.ipc.CallQueueManager.take(CallQueueManager.java:370)
        at app//org.apache.hadoop.ipc.Server$Handler.run(Server.java:3165)
"IPC Server handler 0 on default port 15019" daemon prio=5 tid=591 timed_waiting
java.lang.Thread.State: TIMED_WAITING
        at java.base@21.0.6/jdk.internal.misc.Unsafe.park(Native Method)
        at java.base@21.0.6/java.util.concurrent.locks.LockSupport.parkNanos(LockSupport.java:269)
        at java.base@21.0.6/java.util.concurrent.locks.AbstractQueuedSynchronizer$ConditionObject.awaitNanos(AbstractQueuedSynchronizer.java:1763)
        at java.base@21.0.6/java.util.concurrent.LinkedBlockingQueue.poll(LinkedBlockingQueue.java:460)
        at app//org.apache.hadoop.ipc.CallQueueManager.take(CallQueueManager.java:370)
        at app//org.apache.hadoop.ipc.Server$Handler.run(Server.java:3165)
"BackgroundPipelineScrubber" daemon prio=5 tid=53 timed_waiting
java.lang.Thread.State: TIMED_WAITING
        at java.base@21.0.6/java.lang.Object.wait0(Native Method)
        at java.base@21.0.6/java.lang.Object.wait(Object.java:366)
        at app//org.apache.hadoop.hdds.scm.ha.BackgroundSCMService.run(BackgroundSCMService.java:106)
        at app//org.apache.hadoop.hdds.scm.ha.BackgroundSCMService$$Lambda/0x00007fd0ac4c0000.run(Unknown Source)
        at java.base@21.0.6/java.lang.Thread.runWith(Thread.java:1596)
        at java.base@21.0.6/java.lang.Thread.run(Thread.java:1583)
"Common-Cleaner" daemon prio=8 tid=17 timed_waiting
java.lang.Thread.State: TIMED_WAITING
        at java.base@21.0.6/jdk.internal.misc.Unsafe.park(Native Method)
        at java.base@21.0.6/java.util.concurrent.locks.LockSupport.parkNanos(LockSupport.java:269)
        at java.base@21.0.6/java.util.concurrent.locks.AbstractQueuedSynchronizer$ConditionObject.await(AbstractQueuedSynchronizer.java:1852)
        at java.base@21.0.6/java.lang.ref.ReferenceQueue.await(ReferenceQueue.java:71)
        at java.base@21.0.6/java.lang.ref.ReferenceQueue.remove0(ReferenceQueue.java:143)
        at java.base@21.0.6/java.lang.ref.ReferenceQueue.remove(ReferenceQueue.java:218)
        at java.base@21.0.6/jdk.internal.ref.CleanerImpl.run(CleanerImpl.java:140)
        at java.base@21.0.6/java.lang.Thread.runWith(Thread.java:1596)
        at java.base@21.0.6/java.lang.Thread.run(Thread.java:1583)
        at java.base@21.0.6/jdk.internal.misc.InnocuousThread.run(InnocuousThread.java:186)
"FixedThreadPoolWithAffinityExecutor-4-0" daemon prio=5 tid=105 timed_waiting
java.lang.Thread.State: TIMED_WAITING
        at java.base@21.0.6/jdk.internal.misc.Unsafe.park(Native Method)
        at java.base@21.0.6/java.util.concurrent.locks.LockSupport.parkNanos(LockSupport.java:269)
        at java.base@21.0.6/java.util.concurrent.locks.AbstractQueuedSynchronizer$ConditionObject.awaitNanos(AbstractQueuedSynchronizer.java:1763)
        at java.base@21.0.6/java.util.concurrent.LinkedBlockingQueue.poll(LinkedBlockingQueue.java:460)
        at app//org.apache.hadoop.hdds.scm.server.ContainerReportQueue.poll(ContainerReportQueue.java:269)
        at app//org.apache.hadoop.hdds.scm.server.ContainerReportQueue.poll(ContainerReportQueue.java:42)
        at app//org.apache.hadoop.hdds.server.events.FixedThreadPoolWithAffinityExecutor$ContainerReportProcessTask.run(FixedThreadPoolWithAffinityExecutor.java:254)
        at java.base@21.0.6/java.util.concurrent.Executors$RunnableAdapter.call(Executors.java:572)
        at java.base@21.0.6/java.util.concurrent.FutureTask.run(FutureTask.java:317)
        at java.base@21.0.6/java.util.concurrent.ThreadPoolExecutor.runWorker(ThreadPoolExecutor.java:1144)
        at java.base@21.0.6/java.util.concurrent.ThreadPoolExecutor$Worker.run(ThreadPoolExecutor.java:642)
        at java.base@21.0.6/java.lang.Thread.runWith(Thread.java:1596)
        at java.base@21.0.6/java.lang.Thread.run(Thread.java:1583)
"IPC Server handler 11 on default port 15006" daemon prio=5 tid=506 timed_waiting
java.lang.Thread.State: TIMED_WAITING
        at java.base@21.0.6/jdk.internal.misc.Unsafe.park(Native Method)
        at java.base@21.0.6/java.util.concurrent.locks.LockSupport.parkNanos(LockSupport.java:269)
        at java.base@21.0.6/java.util.concurrent.locks.AbstractQueuedSynchronizer$ConditionObject.awaitNanos(AbstractQueuedSynchronizer.java:1763)
        at java.base@21.0.6/java.util.concurrent.LinkedBlockingQueue.poll(LinkedBlockingQueue.java:460)
        at app//org.apache.hadoop.ipc.CallQueueManager.take(CallQueueManager.java:370)
        at app//org.apache.hadoop.ipc.Server$Handler.run(Server.java:3165)
"grpc-default-executor-0" daemon prio=5 tid=863 timed_waiting
java.lang.Thread.State: TIMED_WAITING
        at java.base@21.0.6/jdk.internal.misc.Unsafe.park(Native Method)
        at java.base@21.0.6/java.util.concurrent.locks.LockSupport.parkNanos(LockSupport.java:410)
        at java.base@21.0.6/java.util.concurrent.LinkedTransferQueue$DualNode.await(LinkedTransferQueue.java:452)
        at java.base@21.0.6/java.util.concurrent.SynchronousQueue$Transferer.xferLifo(SynchronousQueue.java:194)
        at java.base@21.0.6/java.util.concurrent.SynchronousQueue.xfer(SynchronousQueue.java:235)
        at java.base@21.0.6/java.util.concurrent.SynchronousQueue.poll(SynchronousQueue.java:338)
        at java.base@21.0.6/java.util.concurrent.ThreadPoolExecutor.getTask(ThreadPoolExecutor.java:1069)
        at java.base@21.0.6/java.util.concurrent.ThreadPoolExecutor.runWorker(ThreadPoolExecutor.java:1130)
        at java.base@21.0.6/java.util.concurrent.ThreadPoolExecutor$Worker.run(ThreadPoolExecutor.java:642)
        at java.base@21.0.6/java.lang.Thread.runWith(Thread.java:1596)
        at java.base@21.0.6/java.lang.Thread.run(Thread.java:1583)
"IPC Server handler 63 on default port 15000" daemon prio=5 tid=181 timed_waiting
java.lang.Thread.State: TIMED_WAITING
        at java.base@21.0.6/jdk.internal.misc.Unsafe.park(Native Method)
        at java.base@21.0.6/java.util.concurrent.locks.LockSupport.parkNanos(LockSupport.java:269)
        at java.base@21.0.6/java.util.concurrent.locks.AbstractQueuedSynchronizer$ConditionObject.awaitNanos(AbstractQueuedSynchronizer.java:1763)
        at java.base@21.0.6/java.util.concurrent.LinkedBlockingQueue.poll(LinkedBlockingQueue.java:460)
        at app//org.apache.hadoop.ipc.CallQueueManager.take(CallQueueManager.java:370)
        at app//org.apache.hadoop.ipc.Server$Handler.run(Server.java:3165)
"IPC Server handler 34 on default port 15001" daemon prio=5 tid=252 timed_waiting
java.lang.Thread.State: TIMED_WAITING
        at java.base@21.0.6/jdk.internal.misc.Unsafe.park(Native Method)
        at java.base@21.0.6/java.util.concurrent.locks.LockSupport.parkNanos(LockSupport.java:269)
        at java.base@21.0.6/java.util.concurrent.locks.AbstractQueuedSynchronizer$ConditionObject.awaitNanos(AbstractQueuedSynchronizer.java:1763)
        at java.base@21.0.6/java.util.concurrent.LinkedBlockingQueue.poll(LinkedBlockingQueue.java:460)
        at app//org.apache.hadoop.ipc.CallQueueManager.take(CallQueueManager.java:370)
        at app//org.apache.hadoop.ipc.Server$Handler.run(Server.java:3165)
"om1-OMDoubleBufferFlushThread" daemon prio=5 tid=443 timed_waiting
java.lang.Thread.State: TIMED_WAITING
        at java.base@21.0.6/java.lang.Object.wait0(Native Method)
        at java.base@21.0.6/java.lang.Object.wait(Object.java:366)
        at app//org.apache.hadoop.ozone.om.ratis.OzoneManagerDoubleBuffer.canFlush(OzoneManagerDoubleBuffer.java:548)
        at app//org.apache.hadoop.ozone.om.ratis.OzoneManagerDoubleBuffer.flushTransactions(OzoneManagerDoubleBuffer.java:280)
        at app//org.apache.hadoop.ozone.om.ratis.OzoneManagerDoubleBuffer$$Lambda/0x00007fd0ac75acf0.run(Unknown Source)
        at java.base@21.0.6/java.lang.Thread.runWith(Thread.java:1596)
        at java.base@21.0.6/java.lang.Thread.run(Thread.java:1583)
"a6bf55e3-38e4-411e-ac0b-5acdb6a35656-ChunkWriter-1-0" daemon prio=5 tid=803 in Object.wait()
java.lang.Thread.State: WAITING (on object monitor)
        at java.base@21.0.6/jdk.internal.misc.Unsafe.park(Native Method)
        at java.base@21.0.6/java.util.concurrent.locks.LockSupport.park(LockSupport.java:371)
        at java.base@21.0.6/java.util.concurrent.locks.AbstractQueuedSynchronizer$ConditionNode.block(AbstractQueuedSynchronizer.java:519)
        at java.base@21.0.6/java.util.concurrent.ForkJoinPool.unmanagedBlock(ForkJoinPool.java:3780)
        at java.base@21.0.6/java.util.concurrent.ForkJoinPool.managedBlock(ForkJoinPool.java:3725)
        at java.base@21.0.6/java.util.concurrent.locks.AbstractQueuedSynchronizer$ConditionObject.await(AbstractQueuedSynchronizer.java:1712)
        at java.base@21.0.6/java.util.concurrent.LinkedBlockingDeque.takeFirst(LinkedBlockingDeque.java:485)
        at java.base@21.0.6/java.util.concurrent.LinkedBlockingDeque.take(LinkedBlockingDeque.java:673)
        at java.base@21.0.6/java.util.concurrent.ThreadPoolExecutor.getTask(ThreadPoolExecutor.java:1070)
        at java.base@21.0.6/java.util.concurrent.ThreadPoolExecutor.runWorker(ThreadPoolExecutor.java:1130)
        at java.base@21.0.6/java.util.concurrent.ThreadPoolExecutor$Worker.run(ThreadPoolExecutor.java:642)
        at java.base@21.0.6/java.lang.Thread.runWith(Thread.java:1596)
        at java.base@21.0.6/java.lang.Thread.run(Thread.java:1583)
"bucketTable_FullTableCache-Cleanup-0" daemon prio=5 tid=438 timed_waiting
java.lang.Thread.State: TIMED_WAITING
        at java.base@21.0.6/jdk.internal.misc.Unsafe.park(Native Method)
        at java.base@21.0.6/java.util.concurrent.locks.LockSupport.parkNanos(LockSupport.java:269)
        at java.base@21.0.6/java.util.concurrent.locks.AbstractQueuedSynchronizer$ConditionObject.awaitNanos(AbstractQueuedSynchronizer.java:1763)
        at java.base@21.0.6/java.util.concurrent.ScheduledThreadPoolExecutor$DelayedWorkQueue.take(ScheduledThreadPoolExecutor.java:1182)
        at java.base@21.0.6/java.util.concurrent.ScheduledThreadPoolExecutor$DelayedWorkQueue.take(ScheduledThreadPoolExecutor.java:899)
        at java.base@21.0.6/java.util.concurrent.ThreadPoolExecutor.getTask(ThreadPoolExecutor.java:1070)
        at java.base@21.0.6/java.util.concurrent.ThreadPoolExecutor.runWorker(ThreadPoolExecutor.java:1130)
        at java.base@21.0.6/java.util.concurrent.ThreadPoolExecutor$Worker.run(ThreadPoolExecutor.java:642)
        at java.base@21.0.6/java.lang.Thread.runWith(Thread.java:1596)
        at java.base@21.0.6/java.lang.Thread.run(Thread.java:1583)
"IPC Server handler 34 on default port 15000" daemon prio=5 tid=152 timed_waiting
java.lang.Thread.State: TIMED_WAITING
        at java.base@21.0.6/jdk.internal.misc.Unsafe.park(Native Method)
        at java.base@21.0.6/java.util.concurrent.locks.LockSupport.parkNanos(LockSupport.java:269)
        at java.base@21.0.6/java.util.concurrent.locks.AbstractQueuedSynchronizer$ConditionObject.awaitNanos(AbstractQueuedSynchronizer.java:1763)
        at java.base@21.0.6/java.util.concurrent.LinkedBlockingQueue.poll(LinkedBlockingQueue.java:460)
        at app//org.apache.hadoop.ipc.CallQueueManager.take(CallQueueManager.java:370)
        at app//org.apache.hadoop.ipc.Server$Handler.run(Server.java:3165)
"IPC Server handler 8 on default port 15027" daemon prio=5 tid=645 timed_waiting
java.lang.Thread.State: TIMED_WAITING
        at java.base@21.0.6/jdk.internal.misc.Unsafe.park(Native Method)
        at java.base@21.0.6/java.util.concurrent.locks.LockSupport.parkNanos(LockSupport.java:269)
        at java.base@21.0.6/java.util.concurrent.locks.AbstractQueuedSynchronizer$ConditionObject.awaitNanos(AbstractQueuedSynchronizer.java:1763)
        at java.base@21.0.6/java.util.concurrent.LinkedBlockingQueue.poll(LinkedBlockingQueue.java:460)
        at app//org.apache.hadoop.ipc.CallQueueManager.take(CallQueueManager.java:370)
        at app//org.apache.hadoop.ipc.Server$Handler.run(Server.java:3165)
"IPC Server handler 96 on default port 15000" daemon prio=5 tid=214 timed_waiting
java.lang.Thread.State: TIMED_WAITING
        at java.base@21.0.6/jdk.internal.misc.Unsafe.park(Native Method)
        at java.base@21.0.6/java.util.concurrent.locks.LockSupport.parkNanos(LockSupport.java:269)
        at java.base@21.0.6/java.util.concurrent.locks.AbstractQueuedSynchronizer$ConditionObject.awaitNanos(AbstractQueuedSynchronizer.java:1763)
        at java.base@21.0.6/java.util.concurrent.LinkedBlockingQueue.poll(LinkedBlockingQueue.java:460)
        at app//org.apache.hadoop.ipc.CallQueueManager.take(CallQueueManager.java:370)
        at app//org.apache.hadoop.ipc.Server$Handler.run(Server.java:3165)
"IPC Server handler 12 on default port 15001" daemon prio=5 tid=230 timed_waiting
java.lang.Thread.State: TIMED_WAITING
        at java.base@21.0.6/jdk.internal.misc.Unsafe.park(Native Method)
        at java.base@21.0.6/java.util.concurrent.locks.LockSupport.parkNanos(LockSupport.java:269)
        at java.base@21.0.6/java.util.concurrent.locks.AbstractQueuedSynchronizer$ConditionObject.awaitNanos(AbstractQueuedSynchronizer.java:1763)
        at java.base@21.0.6/java.util.concurrent.LinkedBlockingQueue.poll(LinkedBlockingQueue.java:460)
        at app//org.apache.hadoop.ipc.CallQueueManager.take(CallQueueManager.java:370)
        at app//org.apache.hadoop.ipc.Server$Handler.run(Server.java:3165)
"qtp2005400801-615" daemon prio=5 tid=615 runnable
java.lang.Thread.State: RUNNABLE
        at java.base@21.0.6/sun.nio.ch.EPoll.wait(Native Method)
        at java.base@21.0.6/sun.nio.ch.EPollSelectorImpl.doSelect(EPollSelectorImpl.java:121)
        at java.base@21.0.6/sun.nio.ch.SelectorImpl.lockAndDoSelect(SelectorImpl.java:130)
        at java.base@21.0.6/sun.nio.ch.SelectorImpl.select(SelectorImpl.java:147)
        at app//org.eclipse.jetty.io.ManagedSelector.nioSelect(ManagedSelector.java:183)
        at app//org.eclipse.jetty.io.ManagedSelector.select(ManagedSelector.java:190)
        at app//org.eclipse.jetty.io.ManagedSelector$SelectorProducer.select(ManagedSelector.java:606)
        at app//org.eclipse.jetty.io.ManagedSelector$SelectorProducer.produce(ManagedSelector.java:543)
        at app//org.eclipse.jetty.util.thread.strategy.EatWhatYouKill.produceTask(EatWhatYouKill.java:362)
        at app//org.eclipse.jetty.util.thread.strategy.EatWhatYouKill.doProduce(EatWhatYouKill.java:186)
        at app//org.eclipse.jetty.util.thread.strategy.EatWhatYouKill.tryProduce(EatWhatYouKill.java:173)
        at app//org.eclipse.jetty.util.thread.strategy.EatWhatYouKill.produce(EatWhatYouKill.java:137)
        at app//org.eclipse.jetty.io.ManagedSelector$$Lambda/0x00007fd0ac690720.run(Unknown Source)
        at app//org.eclipse.jetty.util.thread.QueuedThreadPool.runJob(QueuedThreadPool.java:883)
        at app//org.eclipse.jetty.util.thread.QueuedThreadPool$Runner.run(QueuedThreadPool.java:1034)
        at java.base@21.0.6/java.lang.Thread.runWith(Thread.java:1596)
        at java.base@21.0.6/java.lang.Thread.run(Thread.java:1583)
"Socket Reader #4 for port 15035"  prio=5 tid=697 runnable
java.lang.Thread.State: RUNNABLE
        at java.base@21.0.6/sun.nio.ch.EPoll.wait(Native Method)
        at java.base@21.0.6/sun.nio.ch.EPollSelectorImpl.doSelect(EPollSelectorImpl.java:121)
        at java.base@21.0.6/sun.nio.ch.SelectorImpl.lockAndDoSelect(SelectorImpl.java:130)
        at java.base@21.0.6/sun.nio.ch.SelectorImpl.select(SelectorImpl.java:147)
        at app//org.apache.hadoop.ipc.Server$Listener$Reader.doRunLoop(Server.java:1497)
        at app//org.apache.hadoop.ipc.Server$Listener$Reader.run(Server.java:1476)
"IPC Server handler 9 on default port 15006" daemon prio=5 tid=504 timed_waiting
java.lang.Thread.State: TIMED_WAITING
        at java.base@21.0.6/jdk.internal.misc.Unsafe.park(Native Method)
        at java.base@21.0.6/java.util.concurrent.locks.LockSupport.parkNanos(LockSupport.java:269)
        at java.base@21.0.6/java.util.concurrent.locks.AbstractQueuedSynchronizer$ConditionObject.awaitNanos(AbstractQueuedSynchronizer.java:1763)
        at java.base@21.0.6/java.util.concurrent.LinkedBlockingQueue.poll(LinkedBlockingQueue.java:460)
        at app//org.apache.hadoop.ipc.CallQueueManager.take(CallQueueManager.java:370)
        at app//org.apache.hadoop.ipc.Server$Handler.run(Server.java:3165)
"qtp2049070779-748" daemon prio=5 tid=748 runnable
java.lang.Thread.State: RUNNABLE
        at java.base@21.0.6/sun.nio.ch.EPoll.wait(Native Method)
        at java.base@21.0.6/sun.nio.ch.EPollSelectorImpl.doSelect(EPollSelectorImpl.java:121)
        at java.base@21.0.6/sun.nio.ch.SelectorImpl.lockAndDoSelect(SelectorImpl.java:130)
        at java.base@21.0.6/sun.nio.ch.SelectorImpl.select(SelectorImpl.java:147)
        at app//org.eclipse.jetty.io.ManagedSelector.nioSelect(ManagedSelector.java:183)
        at app//org.eclipse.jetty.io.ManagedSelector.select(ManagedSelector.java:190)
        at app//org.eclipse.jetty.io.ManagedSelector$SelectorProducer.select(ManagedSelector.java:606)
        at app//org.eclipse.jetty.io.ManagedSelector$SelectorProducer.produce(ManagedSelector.java:543)
        at app//org.eclipse.jetty.util.thread.strategy.EatWhatYouKill.produceTask(EatWhatYouKill.java:362)
        at app//org.eclipse.jetty.util.thread.strategy.EatWhatYouKill.doProduce(EatWhatYouKill.java:186)
        at app//org.eclipse.jetty.util.thread.strategy.EatWhatYouKill.tryProduce(EatWhatYouKill.java:173)
        at app//org.eclipse.jetty.util.thread.strategy.EatWhatYouKill.produce(EatWhatYouKill.java:137)
        at app//org.eclipse.jetty.io.ManagedSelector$$Lambda/0x00007fd0ac690720.run(Unknown Source)
        at app//org.eclipse.jetty.util.thread.QueuedThreadPool.runJob(QueuedThreadPool.java:883)
        at app//org.eclipse.jetty.util.thread.QueuedThreadPool$Runner.run(QueuedThreadPool.java:1034)
        at java.base@21.0.6/java.lang.Thread.runWith(Thread.java:1596)
        at java.base@21.0.6/java.lang.Thread.run(Thread.java:1583)
"prometheus" daemon prio=5 tid=330 in Object.wait()
java.lang.Thread.State: WAITING (on object monitor)
        at java.base@21.0.6/java.lang.Object.wait0(Native Method)
        at java.base@21.0.6/java.lang.Object.wait(Object.java:366)
        at java.base@21.0.6/java.lang.Object.wait(Object.java:339)
        at app//org.apache.hadoop.metrics2.impl.SinkQueue.waitForData(SinkQueue.java:114)
        at app//org.apache.hadoop.metrics2.impl.SinkQueue.consumeAll(SinkQueue.java:83)
        at app//org.apache.hadoop.metrics2.impl.MetricsSinkAdapter.publishMetricsFromQueue(MetricsSinkAdapter.java:135)
        at app//org.apache.hadoop.metrics2.impl.MetricsSinkAdapter$1.run(MetricsSinkAdapter.java:89)
"om1-MultipartUploadCleanupService#0" daemon prio=5 tid=484 timed_waiting
java.lang.Thread.State: TIMED_WAITING
        at java.base@21.0.6/jdk.internal.misc.Unsafe.park(Native Method)
        at java.base@21.0.6/java.util.concurrent.locks.LockSupport.parkNanos(LockSupport.java:269)
        at java.base@21.0.6/java.util.concurrent.locks.AbstractQueuedSynchronizer$ConditionObject.awaitNanos(AbstractQueuedSynchronizer.java:1763)
        at java.base@21.0.6/java.util.concurrent.ScheduledThreadPoolExecutor$DelayedWorkQueue.take(ScheduledThreadPoolExecutor.java:1182)
        at java.base@21.0.6/java.util.concurrent.ScheduledThreadPoolExecutor$DelayedWorkQueue.take(ScheduledThreadPoolExecutor.java:899)
        at java.base@21.0.6/java.util.concurrent.ThreadPoolExecutor.getTask(ThreadPoolExecutor.java:1070)
        at java.base@21.0.6/java.util.concurrent.ThreadPoolExecutor.runWorker(ThreadPoolExecutor.java:1130)
        at java.base@21.0.6/java.util.concurrent.ThreadPoolExecutor$Worker.run(ThreadPoolExecutor.java:642)
        at java.base@21.0.6/java.lang.Thread.runWith(Thread.java:1596)
        at java.base@21.0.6/java.lang.Thread.run(Thread.java:1583)
"a6bf55e3-38e4-411e-ac0b-5acdb6a35656-NettyServerStreamRpc-bossGroup--thread1"  prio=5 tid=610 runnable
java.lang.Thread.State: RUNNABLE
        at app//org.apache.ratis.thirdparty.io.netty.channel.epoll.Native.epollWait(Native Method)
        at app//org.apache.ratis.thirdparty.io.netty.channel.epoll.Native.epollWait(Native.java:220)
        at app//org.apache.ratis.thirdparty.io.netty.channel.epoll.Native.epollWait(Native.java:213)
        at app//org.apache.ratis.thirdparty.io.netty.channel.epoll.EpollEventLoop.epollWaitNoTimerChange(EpollEventLoop.java:308)
        at app//org.apache.ratis.thirdparty.io.netty.channel.epoll.EpollEventLoop.run(EpollEventLoop.java:365)
        at app//org.apache.ratis.thirdparty.io.netty.util.concurrent.SingleThreadEventExecutor$4.run(SingleThreadEventExecutor.java:997)
        at app//org.apache.ratis.thirdparty.io.netty.util.internal.ThreadExecutorMap$2.run(ThreadExecutorMap.java:74)
        at java.base@21.0.6/java.lang.Thread.runWith(Thread.java:1596)
        at java.base@21.0.6/java.lang.Thread.run(Thread.java:1583)
"Socket Reader #9 for port 15019"  prio=5 tid=586 runnable
java.lang.Thread.State: RUNNABLE
        at java.base@21.0.6/sun.nio.ch.EPoll.wait(Native Method)
        at java.base@21.0.6/sun.nio.ch.EPollSelectorImpl.doSelect(EPollSelectorImpl.java:121)
        at java.base@21.0.6/sun.nio.ch.SelectorImpl.lockAndDoSelect(SelectorImpl.java:130)
        at java.base@21.0.6/sun.nio.ch.SelectorImpl.select(SelectorImpl.java:147)
        at app//org.apache.hadoop.ipc.Server$Listener$Reader.doRunLoop(Server.java:1497)
        at app//org.apache.hadoop.ipc.Server$Listener$Reader.run(Server.java:1476)
"om1-SnapshotDeletingService#0" daemon prio=5 tid=481 timed_waiting
java.lang.Thread.State: TIMED_WAITING
        at java.base@21.0.6/jdk.internal.misc.Unsafe.park(Native Method)
        at java.base@21.0.6/java.util.concurrent.locks.LockSupport.parkNanos(LockSupport.java:269)
        at java.base@21.0.6/java.util.concurrent.locks.AbstractQueuedSynchronizer$ConditionObject.awaitNanos(AbstractQueuedSynchronizer.java:1763)
        at java.base@21.0.6/java.util.concurrent.ScheduledThreadPoolExecutor$DelayedWorkQueue.take(ScheduledThreadPoolExecutor.java:1182)
        at java.base@21.0.6/java.util.concurrent.ScheduledThreadPoolExecutor$DelayedWorkQueue.take(ScheduledThreadPoolExecutor.java:899)
        at java.base@21.0.6/java.util.concurrent.ThreadPoolExecutor.getTask(ThreadPoolExecutor.java:1070)
        at java.base@21.0.6/java.util.concurrent.ThreadPoolExecutor.runWorker(ThreadPoolExecutor.java:1130)
        at java.base@21.0.6/java.util.concurrent.ThreadPoolExecutor$Worker.run(ThreadPoolExecutor.java:642)
        at java.base@21.0.6/java.lang.Thread.runWith(Thread.java:1596)
        at java.base@21.0.6/java.lang.Thread.run(Thread.java:1583)
"IPC Server handler 5 on default port 15027" daemon prio=5 tid=642 timed_waiting
java.lang.Thread.State: TIMED_WAITING
        at java.base@21.0.6/jdk.internal.misc.Unsafe.park(Native Method)
        at java.base@21.0.6/java.util.concurrent.locks.LockSupport.parkNanos(LockSupport.java:269)
        at java.base@21.0.6/java.util.concurrent.locks.AbstractQueuedSynchronizer$ConditionObject.awaitNanos(AbstractQueuedSynchronizer.java:1763)
        at java.base@21.0.6/java.util.concurrent.LinkedBlockingQueue.poll(LinkedBlockingQueue.java:460)
        at app//org.apache.hadoop.ipc.CallQueueManager.take(CallQueueManager.java:370)
        at app//org.apache.hadoop.ipc.Server$Handler.run(Server.java:3165)
"IPC Server handler 5 on default port 15000" daemon prio=5 tid=123 timed_waiting
java.lang.Thread.State: TIMED_WAITING
        at java.base@21.0.6/jdk.internal.misc.Unsafe.park(Native Method)
        at java.base@21.0.6/java.util.concurrent.locks.LockSupport.parkNanos(LockSupport.java:269)
        at java.base@21.0.6/java.util.concurrent.locks.AbstractQueuedSynchronizer$ConditionObject.awaitNanos(AbstractQueuedSynchronizer.java:1763)
        at java.base@21.0.6/java.util.concurrent.LinkedBlockingQueue.poll(LinkedBlockingQueue.java:460)
        at app//org.apache.hadoop.ipc.CallQueueManager.take(CallQueueManager.java:370)
        at app//org.apache.hadoop.ipc.Server$Handler.run(Server.java:3165)
"Timer-0"  prio=5 tid=466 timed_waiting
java.lang.Thread.State: TIMED_WAITING
        at java.base@21.0.6/java.lang.Object.wait0(Native Method)
        at java.base@21.0.6/java.lang.Object.wait(Object.java:366)
        at java.base@21.0.6/java.util.TimerThread.mainLoop(Timer.java:563)
        at java.base@21.0.6/java.util.TimerThread.run(Timer.java:516)
"a6bf55e3-38e4-411e-ac0b-5acdb6a35656-DatanodeStateMachineDaemonThread" daemon prio=5 tid=647 timed_waiting
java.lang.Thread.State: TIMED_WAITING
        at java.base@21.0.6/java.lang.Thread.sleep0(Native Method)
        at java.base@21.0.6/java.lang.Thread.sleep(Thread.java:509)
        at app//org.apache.hadoop.ozone.container.common.statemachine.DatanodeStateMachine.startStateMachineThread(DatanodeStateMachine.java:361)
        at app//org.apache.hadoop.ozone.container.common.statemachine.DatanodeStateMachine.lambda$startDaemon$1(DatanodeStateMachine.java:547)
        at app//org.apache.hadoop.ozone.container.common.statemachine.DatanodeStateMachine$$Lambda/0x00007fd0ac80bb60.run(Unknown Source)
        at java.base@21.0.6/java.lang.Thread.runWith(Thread.java:1596)
        at java.base@21.0.6/java.lang.Thread.run(Thread.java:1583)
"grpc-default-worker-ELG-3-3" daemon prio=5 tid=865 runnable
java.lang.Thread.State: RUNNABLE
        at app//org.apache.ratis.thirdparty.io.netty.channel.epoll.Native.epollWait0(Native Method)
        at app//org.apache.ratis.thirdparty.io.netty.channel.epoll.Native.epollWait(Native.java:193)
        at app//org.apache.ratis.thirdparty.io.netty.channel.epoll.EpollEventLoop.epollWait(EpollEventLoop.java:304)
        at app//org.apache.ratis.thirdparty.io.netty.channel.epoll.EpollEventLoop.run(EpollEventLoop.java:368)
        at app//org.apache.ratis.thirdparty.io.netty.util.concurrent.SingleThreadEventExecutor$4.run(SingleThreadEventExecutor.java:997)
        at app//org.apache.ratis.thirdparty.io.netty.util.internal.ThreadExecutorMap$2.run(ThreadExecutorMap.java:74)
        at app//org.apache.ratis.thirdparty.io.netty.util.concurrent.FastThreadLocalRunnable.run(FastThreadLocalRunnable.java:30)
        at java.base@21.0.6/java.lang.Thread.runWith(Thread.java:1596)
        at java.base@21.0.6/java.lang.Thread.run(Thread.java:1583)
"93cc9901-be1a-45f5-9681-0d93e627c426-ChunkReader-ELG-0" daemon prio=5 tid=738 timed_waiting
java.lang.Thread.State: TIMED_WAITING
        at java.base@21.0.6/java.lang.Thread.sleep0(Native Method)
        at java.base@21.0.6/java.lang.Thread.sleep(Thread.java:509)
        at app//org.apache.ratis.thirdparty.io.netty.util.concurrent.SingleThreadEventExecutor.confirmShutdown(SingleThreadEventExecutor.java:790)
        at app//org.apache.ratis.thirdparty.io.netty.channel.epoll.EpollEventLoop.run(EpollEventLoop.java:423)
        at app//org.apache.ratis.thirdparty.io.netty.util.concurrent.SingleThreadEventExecutor$4.run(SingleThreadEventExecutor.java:997)
        at app//org.apache.ratis.thirdparty.io.netty.util.internal.ThreadExecutorMap$2.run(ThreadExecutorMap.java:74)
        at java.base@21.0.6/java.lang.Thread.runWith(Thread.java:1596)
        at java.base@21.0.6/java.lang.Thread.run(Thread.java:1583)
"d6a19b8b-82a2-4947-8b44-7228be6ad053-ChunkWriter-0-0" daemon prio=5 tid=821 in Object.wait()
java.lang.Thread.State: WAITING (on object monitor)
        at java.base@21.0.6/jdk.internal.misc.Unsafe.park(Native Method)
        at java.base@21.0.6/java.util.concurrent.locks.LockSupport.park(LockSupport.java:371)
        at java.base@21.0.6/java.util.concurrent.locks.AbstractQueuedSynchronizer$ConditionNode.block(AbstractQueuedSynchronizer.java:519)
        at java.base@21.0.6/java.util.concurrent.ForkJoinPool.unmanagedBlock(ForkJoinPool.java:3780)
        at java.base@21.0.6/java.util.concurrent.ForkJoinPool.managedBlock(ForkJoinPool.java:3725)
        at java.base@21.0.6/java.util.concurrent.locks.AbstractQueuedSynchronizer$ConditionObject.await(AbstractQueuedSynchronizer.java:1712)
        at java.base@21.0.6/java.util.concurrent.LinkedBlockingDeque.takeFirst(LinkedBlockingDeque.java:485)
        at java.base@21.0.6/java.util.concurrent.LinkedBlockingDeque.take(LinkedBlockingDeque.java:673)
        at java.base@21.0.6/java.util.concurrent.ThreadPoolExecutor.getTask(ThreadPoolExecutor.java:1070)
        at java.base@21.0.6/java.util.concurrent.ThreadPoolExecutor.runWorker(ThreadPoolExecutor.java:1130)
        at java.base@21.0.6/java.util.concurrent.ThreadPoolExecutor$Worker.run(ThreadPoolExecutor.java:642)
        at java.base@21.0.6/java.lang.Thread.runWith(Thread.java:1596)
        at java.base@21.0.6/java.lang.Thread.run(Thread.java:1583)
"a6bf55e3-38e4-411e-ac0b-5acdb6a35656-DatanodeStateMachineTaskThread-1"  prio=5 tid=756 in Object.wait()
java.lang.Thread.State: WAITING (on object monitor)
        at java.base@21.0.6/jdk.internal.misc.Unsafe.park(Native Method)
        at java.base@21.0.6/java.util.concurrent.locks.LockSupport.park(LockSupport.java:371)
        at java.base@21.0.6/java.util.concurrent.locks.AbstractQueuedSynchronizer$ConditionNode.block(AbstractQueuedSynchronizer.java:519)
        at java.base@21.0.6/java.util.concurrent.ForkJoinPool.unmanagedBlock(ForkJoinPool.java:3780)
        at java.base@21.0.6/java.util.concurrent.ForkJoinPool.managedBlock(ForkJoinPool.java:3725)
        at java.base@21.0.6/java.util.concurrent.locks.AbstractQueuedSynchronizer$ConditionObject.await(AbstractQueuedSynchronizer.java:1712)
        at java.base@21.0.6/java.util.concurrent.LinkedBlockingQueue.take(LinkedBlockingQueue.java:435)
        at java.base@21.0.6/java.util.concurrent.ThreadPoolExecutor.getTask(ThreadPoolExecutor.java:1070)
        at java.base@21.0.6/java.util.concurrent.ThreadPoolExecutor.runWorker(ThreadPoolExecutor.java:1130)
        at java.base@21.0.6/java.util.concurrent.ThreadPoolExecutor$Worker.run(ThreadPoolExecutor.java:642)
        at java.base@21.0.6/java.lang.Thread.runWith(Thread.java:1596)
        at java.base@21.0.6/java.lang.Thread.run(Thread.java:1583)
"IPC Server handler 8 on default port 15019" daemon prio=5 tid=599 timed_waiting
java.lang.Thread.State: TIMED_WAITING
        at java.base@21.0.6/jdk.internal.misc.Unsafe.park(Native Method)
        at java.base@21.0.6/java.util.concurrent.locks.LockSupport.parkNanos(LockSupport.java:269)
        at java.base@21.0.6/java.util.concurrent.locks.AbstractQueuedSynchronizer$ConditionObject.awaitNanos(AbstractQueuedSynchronizer.java:1763)
        at java.base@21.0.6/java.util.concurrent.LinkedBlockingQueue.poll(LinkedBlockingQueue.java:460)
        at app//org.apache.hadoop.ipc.CallQueueManager.take(CallQueueManager.java:370)
        at app//org.apache.hadoop.ipc.Server$Handler.run(Server.java:3165)
"4a3059aa-ae89-4e47-8f1e-08d61ab31d43-ChunkWriter-1-0" daemon prio=5 tid=842 in Object.wait()
java.lang.Thread.State: WAITING (on object monitor)
        at java.base@21.0.6/jdk.internal.misc.Unsafe.park(Native Method)
        at java.base@21.0.6/java.util.concurrent.locks.LockSupport.park(LockSupport.java:371)
        at java.base@21.0.6/java.util.concurrent.locks.AbstractQueuedSynchronizer$ConditionNode.block(AbstractQueuedSynchronizer.java:519)
        at java.base@21.0.6/java.util.concurrent.ForkJoinPool.unmanagedBlock(ForkJoinPool.java:3780)
        at java.base@21.0.6/java.util.concurrent.ForkJoinPool.managedBlock(ForkJoinPool.java:3725)
        at java.base@21.0.6/java.util.concurrent.locks.AbstractQueuedSynchronizer$ConditionObject.await(AbstractQueuedSynchronizer.java:1712)
        at java.base@21.0.6/java.util.concurrent.LinkedBlockingDeque.takeFirst(LinkedBlockingDeque.java:485)
        at java.base@21.0.6/java.util.concurrent.LinkedBlockingDeque.take(LinkedBlockingDeque.java:673)
        at java.base@21.0.6/java.util.concurrent.ThreadPoolExecutor.getTask(ThreadPoolExecutor.java:1070)
        at java.base@21.0.6/java.util.concurrent.ThreadPoolExecutor.runWorker(ThreadPoolExecutor.java:1130)
        at java.base@21.0.6/java.util.concurrent.ThreadPoolExecutor$Worker.run(ThreadPoolExecutor.java:642)
        at java.base@21.0.6/java.lang.Thread.runWith(Thread.java:1596)
        at java.base@21.0.6/java.lang.Thread.run(Thread.java:1583)
"pool-65-thread-1"  prio=5 tid=485 timed_waiting
java.lang.Thread.State: TIMED_WAITING
        at java.base@21.0.6/jdk.internal.misc.Unsafe.park(Native Method)
        at java.base@21.0.6/java.util.concurrent.locks.LockSupport.parkNanos(LockSupport.java:269)
        at java.base@21.0.6/java.util.concurrent.locks.AbstractQueuedSynchronizer$ConditionObject.awaitNanos(AbstractQueuedSynchronizer.java:1763)
        at java.base@21.0.6/java.util.concurrent.ScheduledThreadPoolExecutor$DelayedWorkQueue.take(ScheduledThreadPoolExecutor.java:1182)
        at java.base@21.0.6/java.util.concurrent.ScheduledThreadPoolExecutor$DelayedWorkQueue.take(ScheduledThreadPoolExecutor.java:899)
        at java.base@21.0.6/java.util.concurrent.ThreadPoolExecutor.getTask(ThreadPoolExecutor.java:1070)
        at java.base@21.0.6/java.util.concurrent.ThreadPoolExecutor.runWorker(ThreadPoolExecutor.java:1130)
        at java.base@21.0.6/java.util.concurrent.ThreadPoolExecutor$Worker.run(ThreadPoolExecutor.java:642)
        at java.base@21.0.6/java.lang.Thread.runWith(Thread.java:1596)
        at java.base@21.0.6/java.lang.Thread.run(Thread.java:1583)
"d6a19b8b-82a2-4947-8b44-7228be6ad053@group-6CDEAD350F28-SegmentedRaftLogWorker"  prio=5 tid=945 timed_waiting
java.lang.Thread.State: TIMED_WAITING
        at java.base@21.0.6/jdk.internal.misc.Unsafe.park(Native Method)
        at java.base@21.0.6/java.util.concurrent.locks.LockSupport.parkNanos(LockSupport.java:269)
        at java.base@21.0.6/java.util.concurrent.locks.AbstractQueuedSynchronizer$ConditionObject.awaitNanos(AbstractQueuedSynchronizer.java:1763)
        at app//org.apache.ratis.util.DataBlockingQueue.poll(DataBlockingQueue.java:148)
        at app//org.apache.ratis.server.raftlog.segmented.SegmentedRaftLogWorker.run(SegmentedRaftLogWorker.java:307)
        at app//org.apache.ratis.server.raftlog.segmented.SegmentedRaftLogWorker$$Lambda/0x00007fd0ac390888.run(Unknown Source)
        at java.base@21.0.6/java.util.concurrent.Executors$RunnableAdapter.call(Executors.java:572)
        at java.base@21.0.6/java.util.concurrent.FutureTask.run(FutureTask.java:317)
        at java.base@21.0.6/java.util.concurrent.ThreadPoolExecutor.runWorker(ThreadPoolExecutor.java:1144)
        at java.base@21.0.6/java.util.concurrent.ThreadPoolExecutor$Worker.run(ThreadPoolExecutor.java:642)
        at java.base@21.0.6/java.lang.Thread.runWith(Thread.java:1596)
        at java.base@21.0.6/java.lang.Thread.run(Thread.java:1583)
"om1@group-C5BA1605619E-cacheEviction-AwaitToRun" daemon prio=5 tid=461 in Object.wait()
java.lang.Thread.State: WAITING (on object monitor)
        at java.base@21.0.6/jdk.internal.misc.Unsafe.park(Native Method)
        at java.base@21.0.6/java.util.concurrent.locks.LockSupport.park(LockSupport.java:371)
        at java.base@21.0.6/java.util.concurrent.locks.AbstractQueuedSynchronizer$ConditionNode.block(AbstractQueuedSynchronizer.java:519)
        at java.base@21.0.6/java.util.concurrent.ForkJoinPool.unmanagedBlock(ForkJoinPool.java:3780)
        at java.base@21.0.6/java.util.concurrent.ForkJoinPool.managedBlock(ForkJoinPool.java:3725)
        at java.base@21.0.6/java.util.concurrent.locks.AbstractQueuedSynchronizer$ConditionObject.await(AbstractQueuedSynchronizer.java:1712)
        at app//org.apache.ratis.util.AwaitForSignal.await(AwaitForSignal.java:48)
        at app//org.apache.ratis.util.AwaitToRun$RunnableImpl.run(AwaitToRun.java:47)
        at java.base@21.0.6/java.lang.Thread.runWith(Thread.java:1596)
        at java.base@21.0.6/java.lang.Thread.run(Thread.java:1583)
"4a3059aa-ae89-4e47-8f1e-08d61ab31d43@group-93F6C2665618-StateMachineUpdater" daemon prio=5 tid=953 timed_waiting
java.lang.Thread.State: TIMED_WAITING
        at java.base@21.0.6/jdk.internal.misc.Unsafe.park(Native Method)
        at java.base@21.0.6/java.util.concurrent.locks.LockSupport.parkNanos(LockSupport.java:269)
        at java.base@21.0.6/java.util.concurrent.locks.AbstractQueuedSynchronizer$ConditionObject.await(AbstractQueuedSynchronizer.java:1852)
        at app//org.apache.ratis.util.AwaitForSignal.await(AwaitForSignal.java:65)
        at app//org.apache.ratis.server.impl.StateMachineUpdater.waitForCommit(StateMachineUpdater.java:219)
        at app//org.apache.ratis.server.impl.StateMachineUpdater.run(StateMachineUpdater.java:187)
        at java.base@21.0.6/java.lang.Thread.runWith(Thread.java:1596)
        at java.base@21.0.6/java.lang.Thread.run(Thread.java:1583)
"Hadoop-Metrics-Updater-0" daemon prio=5 tid=100 timed_waiting
java.lang.Thread.State: TIMED_WAITING
        at java.base@21.0.6/jdk.internal.misc.Unsafe.park(Native Method)
        at java.base@21.0.6/java.util.concurrent.locks.LockSupport.parkNanos(LockSupport.java:269)
        at java.base@21.0.6/java.util.concurrent.locks.AbstractQueuedSynchronizer$ConditionObject.awaitNanos(AbstractQueuedSynchronizer.java:1763)
        at java.base@21.0.6/java.util.concurrent.ScheduledThreadPoolExecutor$DelayedWorkQueue.take(ScheduledThreadPoolExecutor.java:1182)
        at java.base@21.0.6/java.util.concurrent.ScheduledThreadPoolExecutor$DelayedWorkQueue.take(ScheduledThreadPoolExecutor.java:899)
        at java.base@21.0.6/java.util.concurrent.ThreadPoolExecutor.getTask(ThreadPoolExecutor.java:1070)
        at java.base@21.0.6/java.util.concurrent.ThreadPoolExecutor.runWorker(ThreadPoolExecutor.java:1130)
        at java.base@21.0.6/java.util.concurrent.ThreadPoolExecutor$Worker.run(ThreadPoolExecutor.java:642)
        at java.base@21.0.6/java.lang.Thread.runWith(Thread.java:1596)
        at java.base@21.0.6/java.lang.Thread.run(Thread.java:1583)
"Timer for 'StorageContainerManager' metrics system" daemon prio=5 tid=117 timed_waiting
java.lang.Thread.State: TIMED_WAITING
        at java.base@21.0.6/java.lang.Object.wait0(Native Method)
        at java.base@21.0.6/java.lang.Object.wait(Object.java:366)
        at java.base@21.0.6/java.util.TimerThread.mainLoop(Timer.java:563)
        at java.base@21.0.6/java.util.TimerThread.run(Timer.java:516)
"IPC Server handler 7 on default port 15002" daemon prio=5 tid=343 timed_waiting
java.lang.Thread.State: TIMED_WAITING
        at java.base@21.0.6/jdk.internal.misc.Unsafe.park(Native Method)
        at java.base@21.0.6/java.util.concurrent.locks.LockSupport.parkNanos(LockSupport.java:269)
        at java.base@21.0.6/java.util.concurrent.locks.AbstractQueuedSynchronizer$ConditionObject.awaitNanos(AbstractQueuedSynchronizer.java:1763)
        at java.base@21.0.6/java.util.concurrent.LinkedBlockingQueue.poll(LinkedBlockingQueue.java:460)
        at app//org.apache.hadoop.ipc.CallQueueManager.take(CallQueueManager.java:370)
        at app//org.apache.hadoop.ipc.Server$Handler.run(Server.java:3165)
"IPC Server handler 19 on default port 15002" daemon prio=5 tid=355 timed_waiting
java.lang.Thread.State: TIMED_WAITING
        at java.base@21.0.6/jdk.internal.misc.Unsafe.park(Native Method)
        at java.base@21.0.6/java.util.concurrent.locks.LockSupport.parkNanos(LockSupport.java:269)
        at java.base@21.0.6/java.util.concurrent.locks.AbstractQueuedSynchronizer$ConditionObject.awaitNanos(AbstractQueuedSynchronizer.java:1763)
        at java.base@21.0.6/java.util.concurrent.LinkedBlockingQueue.poll(LinkedBlockingQueue.java:460)
        at app//org.apache.hadoop.ipc.CallQueueManager.take(CallQueueManager.java:370)
        at app//org.apache.hadoop.ipc.Server$Handler.run(Server.java:3165)
"IPC Server idle connection scanner for port 15019" daemon prio=5 tid=588 timed_waiting
java.lang.Thread.State: TIMED_WAITING
        at java.base@21.0.6/java.lang.Object.wait0(Native Method)
        at java.base@21.0.6/java.lang.Object.wait(Object.java:366)
        at java.base@21.0.6/java.util.TimerThread.mainLoop(Timer.java:563)
        at java.base@21.0.6/java.util.TimerThread.run(Timer.java:516)
"JvmPauseMonitor7" daemon prio=5 tid=845 timed_waiting
java.lang.Thread.State: TIMED_WAITING
        at java.base@21.0.6/java.lang.Thread.sleep0(Native Method)
        at java.base@21.0.6/java.lang.Thread.sleep(Thread.java:558)
        at java.base@21.0.6/java.util.concurrent.TimeUnit.sleep(TimeUnit.java:446)
        at app//org.apache.ratis.util.TimeDuration.sleep(TimeDuration.java:353)
        at app//org.apache.ratis.util.TimeDuration.sleep(TimeDuration.java:338)
        at app//org.apache.ratis.util.JvmPauseMonitor.detectPause(JvmPauseMonitor.java:160)
        at app//org.apache.ratis.util.JvmPauseMonitor.run(JvmPauseMonitor.java:149)
        at app//org.apache.ratis.util.JvmPauseMonitor$$Lambda/0x00007fd0ac3a9508.run(Unknown Source)
        at java.base@21.0.6/java.lang.Thread.runWith(Thread.java:1596)
        at java.base@21.0.6/java.lang.Thread.run(Thread.java:1583)
"IPC Server Responder" daemon prio=5 tid=99 runnable
java.lang.Thread.State: RUNNABLE
        at java.base@21.0.6/sun.nio.ch.EPoll.wait(Native Method)
        at java.base@21.0.6/sun.nio.ch.EPollSelectorImpl.doSelect(EPollSelectorImpl.java:121)
        at java.base@21.0.6/sun.nio.ch.SelectorImpl.lockAndDoSelect(SelectorImpl.java:130)
        at java.base@21.0.6/sun.nio.ch.SelectorImpl.select(SelectorImpl.java:142)
        at app//org.apache.hadoop.ipc.Server$Responder.doRunLoop(Server.java:1733)
        at app//org.apache.hadoop.ipc.Server$Responder.run(Server.java:1716)
"IPC Server handler 83 on default port 15000" daemon prio=5 tid=201 timed_waiting
java.lang.Thread.State: TIMED_WAITING
        at java.base@21.0.6/jdk.internal.misc.Unsafe.park(Native Method)
        at java.base@21.0.6/java.util.concurrent.locks.LockSupport.parkNanos(LockSupport.java:269)
        at java.base@21.0.6/java.util.concurrent.locks.AbstractQueuedSynchronizer$ConditionObject.awaitNanos(AbstractQueuedSynchronizer.java:1763)
        at java.base@21.0.6/java.util.concurrent.LinkedBlockingQueue.poll(LinkedBlockingQueue.java:460)
        at app//org.apache.hadoop.ipc.CallQueueManager.take(CallQueueManager.java:370)
        at app//org.apache.hadoop.ipc.Server$Handler.run(Server.java:3165)
"Socket Reader #7 for port 15019"  prio=5 tid=584 runnable
java.lang.Thread.State: RUNNABLE
        at java.base@21.0.6/sun.nio.ch.EPoll.wait(Native Method)
        at java.base@21.0.6/sun.nio.ch.EPollSelectorImpl.doSelect(EPollSelectorImpl.java:121)
        at java.base@21.0.6/sun.nio.ch.SelectorImpl.lockAndDoSelect(SelectorImpl.java:130)
        at java.base@21.0.6/sun.nio.ch.SelectorImpl.select(SelectorImpl.java:147)
        at app//org.apache.hadoop.ipc.Server$Listener$Reader.doRunLoop(Server.java:1497)
        at app//org.apache.hadoop.ipc.Server$Listener$Reader.run(Server.java:1476)
"qtp2005400801-619" daemon prio=5 tid=619 timed_waiting
java.lang.Thread.State: TIMED_WAITING
        at java.base@21.0.6/jdk.internal.misc.Unsafe.park(Native Method)
        at java.base@21.0.6/java.util.concurrent.locks.LockSupport.parkNanos(LockSupport.java:269)
        at java.base@21.0.6/java.util.concurrent.locks.AbstractQueuedSynchronizer$ConditionObject.awaitNanos(AbstractQueuedSynchronizer.java:1763)
        at app//org.eclipse.jetty.util.BlockingArrayQueue.poll(BlockingArrayQueue.java:382)
        at app//org.eclipse.jetty.util.thread.QueuedThreadPool$Runner.idleJobPoll(QueuedThreadPool.java:974)
        at app//org.eclipse.jetty.util.thread.QueuedThreadPool$Runner.run(QueuedThreadPool.java:1018)
        at java.base@21.0.6/java.lang.Thread.runWith(Thread.java:1596)
        at java.base@21.0.6/java.lang.Thread.run(Thread.java:1583)
"IPC Server handler 21 on default port 15000" daemon prio=5 tid=139 timed_waiting
java.lang.Thread.State: TIMED_WAITING
        at java.base@21.0.6/jdk.internal.misc.Unsafe.park(Native Method)
        at java.base@21.0.6/java.util.concurrent.locks.LockSupport.parkNanos(LockSupport.java:269)
        at java.base@21.0.6/java.util.concurrent.locks.AbstractQueuedSynchronizer$ConditionObject.awaitNanos(AbstractQueuedSynchronizer.java:1763)
        at java.base@21.0.6/java.util.concurrent.LinkedBlockingQueue.poll(LinkedBlockingQueue.java:460)
        at app//org.apache.hadoop.ipc.CallQueueManager.take(CallQueueManager.java:370)
        at app//org.apache.hadoop.ipc.Server$Handler.run(Server.java:3165)
"qtp1419970068-668-acceptor-0@74b1022e-ServerConnector@5279a1ca{HTTP/1.1, (http/1.1)}{0.0.0.0:15034}" daemon prio=3 tid=668 runnable
java.lang.Thread.State: RUNNABLE
        at java.base@21.0.6/sun.nio.ch.Net.accept(Native Method)
        at java.base@21.0.6/sun.nio.ch.ServerSocketChannelImpl.implAccept(ServerSocketChannelImpl.java:433)
        at java.base@21.0.6/sun.nio.ch.ServerSocketChannelImpl.accept(ServerSocketChannelImpl.java:399)
        at app//org.eclipse.jetty.server.ServerConnector.accept(ServerConnector.java:388)
        at app//org.eclipse.jetty.server.AbstractConnector$Acceptor.run(AbstractConnector.java:704)
        at app//org.eclipse.jetty.util.thread.QueuedThreadPool.runJob(QueuedThreadPool.java:883)
        at app//org.eclipse.jetty.util.thread.QueuedThreadPool$Runner.run(QueuedThreadPool.java:1034)
        at java.base@21.0.6/java.lang.Thread.runWith(Thread.java:1596)
        at java.base@21.0.6/java.lang.Thread.run(Thread.java:1583)
"qtp2005400801-620" daemon prio=5 tid=620 timed_waiting
java.lang.Thread.State: TIMED_WAITING
        at java.base@21.0.6/jdk.internal.misc.Unsafe.park(Native Method)
        at java.base@21.0.6/java.util.concurrent.locks.LockSupport.parkNanos(LockSupport.java:269)
        at java.base@21.0.6/java.util.concurrent.locks.AbstractQueuedSynchronizer$ConditionObject.awaitNanos(AbstractQueuedSynchronizer.java:1763)
        at app//org.eclipse.jetty.util.BlockingArrayQueue.poll(BlockingArrayQueue.java:382)
        at app//org.eclipse.jetty.util.thread.QueuedThreadPool$Runner.idleJobPoll(QueuedThreadPool.java:974)
        at app//org.eclipse.jetty.util.thread.QueuedThreadPool$Runner.run(QueuedThreadPool.java:1018)
        at java.base@21.0.6/java.lang.Thread.runWith(Thread.java:1596)
        at java.base@21.0.6/java.lang.Thread.run(Thread.java:1583)
"IPC Server handler 9 on default port 15002" daemon prio=5 tid=345 timed_waiting
java.lang.Thread.State: TIMED_WAITING
        at java.base@21.0.6/jdk.internal.misc.Unsafe.park(Native Method)
        at java.base@21.0.6/java.util.concurrent.locks.LockSupport.parkNanos(LockSupport.java:269)
        at java.base@21.0.6/java.util.concurrent.locks.AbstractQueuedSynchronizer$ConditionObject.awaitNanos(AbstractQueuedSynchronizer.java:1763)
        at java.base@21.0.6/java.util.concurrent.LinkedBlockingQueue.poll(LinkedBlockingQueue.java:460)
        at app//org.apache.hadoop.ipc.CallQueueManager.take(CallQueueManager.java:370)
        at app//org.apache.hadoop.ipc.Server$Handler.run(Server.java:3165)
"Hadoop-Metrics-Updater-0" daemon prio=5 tid=590 timed_waiting
java.lang.Thread.State: TIMED_WAITING
        at java.base@21.0.6/jdk.internal.misc.Unsafe.park(Native Method)
        at java.base@21.0.6/java.util.concurrent.locks.LockSupport.parkNanos(LockSupport.java:269)
        at java.base@21.0.6/java.util.concurrent.locks.AbstractQueuedSynchronizer$ConditionObject.awaitNanos(AbstractQueuedSynchronizer.java:1763)
        at java.base@21.0.6/java.util.concurrent.ScheduledThreadPoolExecutor$DelayedWorkQueue.take(ScheduledThreadPoolExecutor.java:1182)
        at java.base@21.0.6/java.util.concurrent.ScheduledThreadPoolExecutor$DelayedWorkQueue.take(ScheduledThreadPoolExecutor.java:899)
        at java.base@21.0.6/java.util.concurrent.ThreadPoolExecutor.getTask(ThreadPoolExecutor.java:1070)
        at java.base@21.0.6/java.util.concurrent.ThreadPoolExecutor.runWorker(ThreadPoolExecutor.java:1130)
        at java.base@21.0.6/java.util.concurrent.ThreadPoolExecutor$Worker.run(ThreadPoolExecutor.java:642)
        at java.base@21.0.6/java.lang.Thread.runWith(Thread.java:1596)
        at java.base@21.0.6/java.lang.Thread.run(Thread.java:1583)
"IPC Server handler 35 on default port 15002" daemon prio=5 tid=371 timed_waiting
java.lang.Thread.State: TIMED_WAITING
        at java.base@21.0.6/jdk.internal.misc.Unsafe.park(Native Method)
        at java.base@21.0.6/java.util.concurrent.locks.LockSupport.parkNanos(LockSupport.java:269)
        at java.base@21.0.6/java.util.concurrent.locks.AbstractQueuedSynchronizer$ConditionObject.awaitNanos(AbstractQueuedSynchronizer.java:1763)
        at java.base@21.0.6/java.util.concurrent.LinkedBlockingQueue.poll(LinkedBlockingQueue.java:460)
        at app//org.apache.hadoop.ipc.CallQueueManager.take(CallQueueManager.java:370)
        at app//org.apache.hadoop.ipc.Server$Handler.run(Server.java:3165)
"timer5" daemon prio=5 tid=1017 timed_waiting
java.lang.Thread.State: TIMED_WAITING
        at java.base@21.0.6/java.lang.Object.wait0(Native Method)
        at java.base@21.0.6/java.lang.Object.wait(Object.java:366)
        at java.base@21.0.6/java.util.TimerThread.mainLoop(Timer.java:563)
        at java.base@21.0.6/java.util.TimerThread.run(Timer.java:516)
"om1-DirectoryDeletingService#8" daemon prio=5 tid=482 in Object.wait()
java.lang.Thread.State: WAITING (on object monitor)
        at java.base@21.0.6/jdk.internal.misc.Unsafe.park(Native Method)
        at java.base@21.0.6/java.util.concurrent.locks.LockSupport.park(LockSupport.java:371)
        at java.base@21.0.6/java.util.concurrent.locks.AbstractQueuedSynchronizer$ConditionNode.block(AbstractQueuedSynchronizer.java:519)
        at java.base@21.0.6/java.util.concurrent.ForkJoinPool.unmanagedBlock(ForkJoinPool.java:3780)
        at java.base@21.0.6/java.util.concurrent.ForkJoinPool.managedBlock(ForkJoinPool.java:3725)
        at java.base@21.0.6/java.util.concurrent.locks.AbstractQueuedSynchronizer$ConditionObject.await(AbstractQueuedSynchronizer.java:1712)
        at java.base@21.0.6/java.util.concurrent.ScheduledThreadPoolExecutor$DelayedWorkQueue.take(ScheduledThreadPoolExecutor.java:1170)
        at java.base@21.0.6/java.util.concurrent.ScheduledThreadPoolExecutor$DelayedWorkQueue.take(ScheduledThreadPoolExecutor.java:899)
        at java.base@21.0.6/java.util.concurrent.ThreadPoolExecutor.getTask(ThreadPoolExecutor.java:1070)
        at java.base@21.0.6/java.util.concurrent.ThreadPoolExecutor.runWorker(ThreadPoolExecutor.java:1130)
        at java.base@21.0.6/java.util.concurrent.ThreadPoolExecutor$Worker.run(ThreadPoolExecutor.java:642)
        at java.base@21.0.6/java.lang.Thread.runWith(Thread.java:1596)
        at java.base@21.0.6/java.lang.Thread.run(Thread.java:1583)
"IPC Server handler 81 on default port 15001" daemon prio=5 tid=299 timed_waiting
java.lang.Thread.State: TIMED_WAITING
        at java.base@21.0.6/jdk.internal.misc.Unsafe.park(Native Method)
        at java.base@21.0.6/java.util.concurrent.locks.LockSupport.parkNanos(LockSupport.java:269)
        at java.base@21.0.6/java.util.concurrent.locks.AbstractQueuedSynchronizer$ConditionObject.awaitNanos(AbstractQueuedSynchronizer.java:1763)
        at java.base@21.0.6/java.util.concurrent.LinkedBlockingQueue.poll(LinkedBlockingQueue.java:460)
        at app//org.apache.hadoop.ipc.CallQueueManager.take(CallQueueManager.java:370)
        at app//org.apache.hadoop.ipc.Server$Handler.run(Server.java:3165)
"grpc-default-executor-5" daemon prio=5 tid=1038 timed_waiting
java.lang.Thread.State: TIMED_WAITING
        at java.base@21.0.6/jdk.internal.misc.Unsafe.park(Native Method)
        at java.base@21.0.6/java.util.concurrent.locks.LockSupport.parkNanos(LockSupport.java:410)
        at java.base@21.0.6/java.util.concurrent.LinkedTransferQueue$DualNode.await(LinkedTransferQueue.java:452)
        at java.base@21.0.6/java.util.concurrent.SynchronousQueue$Transferer.xferLifo(SynchronousQueue.java:194)
        at java.base@21.0.6/java.util.concurrent.SynchronousQueue.xfer(SynchronousQueue.java:235)
        at java.base@21.0.6/java.util.concurrent.SynchronousQueue.poll(SynchronousQueue.java:338)
        at java.base@21.0.6/java.util.concurrent.ThreadPoolExecutor.getTask(ThreadPoolExecutor.java:1069)
        at java.base@21.0.6/java.util.concurrent.ThreadPoolExecutor.runWorker(ThreadPoolExecutor.java:1130)
        at java.base@21.0.6/java.util.concurrent.ThreadPoolExecutor$Worker.run(ThreadPoolExecutor.java:642)
        at java.base@21.0.6/java.lang.Thread.runWith(Thread.java:1596)
        at java.base@21.0.6/java.lang.Thread.run(Thread.java:1583)
"Socket Reader #3 for port 15002"  prio=5 tid=62 runnable
java.lang.Thread.State: RUNNABLE
        at java.base@21.0.6/sun.nio.ch.EPoll.wait(Native Method)
        at java.base@21.0.6/sun.nio.ch.EPollSelectorImpl.doSelect(EPollSelectorImpl.java:121)
        at java.base@21.0.6/sun.nio.ch.SelectorImpl.lockAndDoSelect(SelectorImpl.java:130)
        at java.base@21.0.6/sun.nio.ch.SelectorImpl.select(SelectorImpl.java:147)
        at app//org.apache.hadoop.ipc.Server$Listener$Reader.doRunLoop(Server.java:1497)
        at app//org.apache.hadoop.ipc.Server$Listener$Reader.run(Server.java:1476)
"IPC Server handler 15 on default port 15002" daemon prio=5 tid=351 timed_waiting
java.lang.Thread.State: TIMED_WAITING
        at java.base@21.0.6/jdk.internal.misc.Unsafe.park(Native Method)
        at java.base@21.0.6/java.util.concurrent.locks.LockSupport.parkNanos(LockSupport.java:269)
        at java.base@21.0.6/java.util.concurrent.locks.AbstractQueuedSynchronizer$ConditionObject.awaitNanos(AbstractQueuedSynchronizer.java:1763)
        at java.base@21.0.6/java.util.concurrent.LinkedBlockingQueue.poll(LinkedBlockingQueue.java:460)
        at app//org.apache.hadoop.ipc.CallQueueManager.take(CallQueueManager.java:370)
        at app//org.apache.hadoop.ipc.Server$Handler.run(Server.java:3165)
"pool-163-thread-1"  prio=5 tid=665 timed_waiting
java.lang.Thread.State: TIMED_WAITING
        at java.base@21.0.6/jdk.internal.misc.Unsafe.park(Native Method)
        at java.base@21.0.6/java.util.concurrent.locks.LockSupport.parkNanos(LockSupport.java:269)
        at java.base@21.0.6/java.util.concurrent.locks.AbstractQueuedSynchronizer$ConditionObject.awaitNanos(AbstractQueuedSynchronizer.java:1763)
        at java.base@21.0.6/java.util.concurrent.ScheduledThreadPoolExecutor$DelayedWorkQueue.take(ScheduledThreadPoolExecutor.java:1182)
        at java.base@21.0.6/java.util.concurrent.ScheduledThreadPoolExecutor$DelayedWorkQueue.take(ScheduledThreadPoolExecutor.java:899)
        at java.base@21.0.6/java.util.concurrent.ThreadPoolExecutor.getTask(ThreadPoolExecutor.java:1070)
        at java.base@21.0.6/java.util.concurrent.ThreadPoolExecutor.runWorker(ThreadPoolExecutor.java:1130)
        at java.base@21.0.6/java.util.concurrent.ThreadPoolExecutor$Worker.run(ThreadPoolExecutor.java:642)
        at java.base@21.0.6/java.lang.Thread.runWith(Thread.java:1596)
        at java.base@21.0.6/java.lang.Thread.run(Thread.java:1583)
"IPC Server handler 99 on default port 15000" daemon prio=5 tid=217 timed_waiting
java.lang.Thread.State: TIMED_WAITING
        at java.base@21.0.6/jdk.internal.misc.Unsafe.park(Native Method)
        at java.base@21.0.6/java.util.concurrent.locks.LockSupport.parkNanos(LockSupport.java:269)
        at java.base@21.0.6/java.util.concurrent.locks.AbstractQueuedSynchronizer$ConditionObject.awaitNanos(AbstractQueuedSynchronizer.java:1763)
        at java.base@21.0.6/java.util.concurrent.LinkedBlockingQueue.poll(LinkedBlockingQueue.java:460)
        at app//org.apache.hadoop.ipc.CallQueueManager.take(CallQueueManager.java:370)
        at app//org.apache.hadoop.ipc.Server$Handler.run(Server.java:3165)
"IPC Server handler 1 on default port 15006" daemon prio=5 tid=496 timed_waiting
java.lang.Thread.State: TIMED_WAITING
        at java.base@21.0.6/jdk.internal.misc.Unsafe.park(Native Method)
        at java.base@21.0.6/java.util.concurrent.locks.LockSupport.parkNanos(LockSupport.java:269)
        at java.base@21.0.6/java.util.concurrent.locks.AbstractQueuedSynchronizer$ConditionObject.awaitNanos(AbstractQueuedSynchronizer.java:1763)
        at java.base@21.0.6/java.util.concurrent.LinkedBlockingQueue.poll(LinkedBlockingQueue.java:460)
        at app//org.apache.hadoop.ipc.CallQueueManager.take(CallQueueManager.java:370)
        at app//org.apache.hadoop.ipc.Server$Handler.run(Server.java:3165)
"IPC Server handler 80 on default port 15000" daemon prio=5 tid=198 timed_waiting
java.lang.Thread.State: TIMED_WAITING
        at java.base@21.0.6/jdk.internal.misc.Unsafe.park(Native Method)
        at java.base@21.0.6/java.util.concurrent.locks.LockSupport.parkNanos(LockSupport.java:269)
        at java.base@21.0.6/java.util.concurrent.locks.AbstractQueuedSynchronizer$ConditionObject.awaitNanos(AbstractQueuedSynchronizer.java:1763)
        at java.base@21.0.6/java.util.concurrent.LinkedBlockingQueue.poll(LinkedBlockingQueue.java:460)
        at app//org.apache.hadoop.ipc.CallQueueManager.take(CallQueueManager.java:370)
        at app//org.apache.hadoop.ipc.Server$Handler.run(Server.java:3165)
"a6bf55e3-38e4-411e-ac0b-5acdb6a35656-ChunkWriter-3-0" daemon prio=5 tid=805 in Object.wait()
java.lang.Thread.State: WAITING (on object monitor)
        at java.base@21.0.6/jdk.internal.misc.Unsafe.park(Native Method)
        at java.base@21.0.6/java.util.concurrent.locks.LockSupport.park(LockSupport.java:371)
        at java.base@21.0.6/java.util.concurrent.locks.AbstractQueuedSynchronizer$ConditionNode.block(AbstractQueuedSynchronizer.java:519)
        at java.base@21.0.6/java.util.concurrent.ForkJoinPool.unmanagedBlock(ForkJoinPool.java:3780)
        at java.base@21.0.6/java.util.concurrent.ForkJoinPool.managedBlock(ForkJoinPool.java:3725)
        at java.base@21.0.6/java.util.concurrent.locks.AbstractQueuedSynchronizer$ConditionObject.await(AbstractQueuedSynchronizer.java:1712)
        at java.base@21.0.6/java.util.concurrent.LinkedBlockingDeque.takeFirst(LinkedBlockingDeque.java:485)
        at java.base@21.0.6/java.util.concurrent.LinkedBlockingDeque.take(LinkedBlockingDeque.java:673)
        at java.base@21.0.6/java.util.concurrent.ThreadPoolExecutor.getTask(ThreadPoolExecutor.java:1070)
        at java.base@21.0.6/java.util.concurrent.ThreadPoolExecutor.runWorker(ThreadPoolExecutor.java:1130)
        at java.base@21.0.6/java.util.concurrent.ThreadPoolExecutor$Worker.run(ThreadPoolExecutor.java:642)
        at java.base@21.0.6/java.lang.Thread.runWith(Thread.java:1596)
        at java.base@21.0.6/java.lang.Thread.run(Thread.java:1583)
"IPC Server handler 67 on default port 15000" daemon prio=5 tid=185 timed_waiting
java.lang.Thread.State: TIMED_WAITING
        at java.base@21.0.6/jdk.internal.misc.Unsafe.park(Native Method)
        at java.base@21.0.6/java.util.concurrent.locks.LockSupport.parkNanos(LockSupport.java:269)
        at java.base@21.0.6/java.util.concurrent.locks.AbstractQueuedSynchronizer$ConditionObject.awaitNanos(AbstractQueuedSynchronizer.java:1763)
        at java.base@21.0.6/java.util.concurrent.LinkedBlockingQueue.poll(LinkedBlockingQueue.java:460)
        at app//org.apache.hadoop.ipc.CallQueueManager.take(CallQueueManager.java:370)
        at app//org.apache.hadoop.ipc.Server$Handler.run(Server.java:3165)
"EventQueue-PipelineReportForPipelineReportHandler" daemon prio=5 tid=761 in Object.wait()
java.lang.Thread.State: WAITING (on object monitor)
        at java.base@21.0.6/jdk.internal.misc.Unsafe.park(Native Method)
        at java.base@21.0.6/java.util.concurrent.locks.LockSupport.park(LockSupport.java:371)
        at java.base@21.0.6/java.util.concurrent.locks.AbstractQueuedSynchronizer$ConditionNode.block(AbstractQueuedSynchronizer.java:519)
        at java.base@21.0.6/java.util.concurrent.ForkJoinPool.unmanagedBlock(ForkJoinPool.java:3780)
        at java.base@21.0.6/java.util.concurrent.ForkJoinPool.managedBlock(ForkJoinPool.java:3725)
        at java.base@21.0.6/java.util.concurrent.locks.AbstractQueuedSynchronizer$ConditionObject.await(AbstractQueuedSynchronizer.java:1712)
        at java.base@21.0.6/java.util.concurrent.LinkedBlockingQueue.take(LinkedBlockingQueue.java:435)
        at java.base@21.0.6/java.util.concurrent.ThreadPoolExecutor.getTask(ThreadPoolExecutor.java:1070)
        at java.base@21.0.6/java.util.concurrent.ThreadPoolExecutor.runWorker(ThreadPoolExecutor.java:1130)
        at java.base@21.0.6/java.util.concurrent.ThreadPoolExecutor$Worker.run(ThreadPoolExecutor.java:642)
        at java.base@21.0.6/java.lang.Thread.runWith(Thread.java:1596)
        at java.base@21.0.6/java.lang.Thread.run(Thread.java:1583)
"Socket Reader #3 for port 15000"  prio=5 tid=90 runnable
java.lang.Thread.State: RUNNABLE
        at java.base@21.0.6/sun.nio.ch.EPoll.wait(Native Method)
        at java.base@21.0.6/sun.nio.ch.EPollSelectorImpl.doSelect(EPollSelectorImpl.java:121)
        at java.base@21.0.6/sun.nio.ch.SelectorImpl.lockAndDoSelect(SelectorImpl.java:130)
        at java.base@21.0.6/sun.nio.ch.SelectorImpl.select(SelectorImpl.java:147)
        at app//org.apache.hadoop.ipc.Server$Listener$Reader.doRunLoop(Server.java:1497)
        at app//org.apache.hadoop.ipc.Server$Listener$Reader.run(Server.java:1476)
"FixedThreadPoolWithAffinityExecutor-8-0" daemon prio=5 tid=109 timed_waiting
java.lang.Thread.State: TIMED_WAITING
        at java.base@21.0.6/jdk.internal.misc.Unsafe.park(Native Method)
        at java.base@21.0.6/java.util.concurrent.locks.LockSupport.parkNanos(LockSupport.java:269)
        at java.base@21.0.6/java.util.concurrent.locks.AbstractQueuedSynchronizer$ConditionObject.awaitNanos(AbstractQueuedSynchronizer.java:1763)
        at java.base@21.0.6/java.util.concurrent.LinkedBlockingQueue.poll(LinkedBlockingQueue.java:460)
        at app//org.apache.hadoop.hdds.scm.server.ContainerReportQueue.poll(ContainerReportQueue.java:269)
        at app//org.apache.hadoop.hdds.scm.server.ContainerReportQueue.poll(ContainerReportQueue.java:42)
        at app//org.apache.hadoop.hdds.server.events.FixedThreadPoolWithAffinityExecutor$ContainerReportProcessTask.run(FixedThreadPoolWithAffinityExecutor.java:254)
        at java.base@21.0.6/java.util.concurrent.Executors$RunnableAdapter.call(Executors.java:572)
        at java.base@21.0.6/java.util.concurrent.FutureTask.run(FutureTask.java:317)
        at java.base@21.0.6/java.util.concurrent.ThreadPoolExecutor.runWorker(ThreadPoolExecutor.java:1144)
        at java.base@21.0.6/java.util.concurrent.ThreadPoolExecutor$Worker.run(ThreadPoolExecutor.java:642)
        at java.base@21.0.6/java.lang.Thread.runWith(Thread.java:1596)
        at java.base@21.0.6/java.lang.Thread.run(Thread.java:1583)
"IPC Server Responder" daemon prio=5 tid=459 runnable
java.lang.Thread.State: RUNNABLE
        at java.base@21.0.6/sun.nio.ch.EPoll.wait(Native Method)
        at java.base@21.0.6/sun.nio.ch.EPollSelectorImpl.doSelect(EPollSelectorImpl.java:121)
        at java.base@21.0.6/sun.nio.ch.SelectorImpl.lockAndDoSelect(SelectorImpl.java:130)
        at java.base@21.0.6/sun.nio.ch.SelectorImpl.select(SelectorImpl.java:142)
        at app//org.apache.hadoop.ipc.Server$Responder.doRunLoop(Server.java:1733)
        at app//org.apache.hadoop.ipc.Server$Responder.run(Server.java:1716)
"IPC Server listener on 15002" daemon prio=5 tid=59 runnable
java.lang.Thread.State: RUNNABLE
        at java.base@21.0.6/sun.nio.ch.EPoll.wait(Native Method)
        at java.base@21.0.6/sun.nio.ch.EPollSelectorImpl.doSelect(EPollSelectorImpl.java:121)
        at java.base@21.0.6/sun.nio.ch.SelectorImpl.lockAndDoSelect(SelectorImpl.java:130)
        at java.base@21.0.6/sun.nio.ch.SelectorImpl.select(SelectorImpl.java:147)
        at app//org.apache.hadoop.ipc.Server$Listener.run(Server.java:1559)
"IPC Server handler 4 on default port 15006" daemon prio=5 tid=499 timed_waiting
java.lang.Thread.State: TIMED_WAITING
        at java.base@21.0.6/jdk.internal.misc.Unsafe.park(Native Method)
        at java.base@21.0.6/java.util.concurrent.locks.LockSupport.parkNanos(LockSupport.java:269)
        at java.base@21.0.6/java.util.concurrent.locks.AbstractQueuedSynchronizer$ConditionObject.awaitNanos(AbstractQueuedSynchronizer.java:1763)
        at java.base@21.0.6/java.util.concurrent.LinkedBlockingQueue.poll(LinkedBlockingQueue.java:460)
        at app//org.apache.hadoop.ipc.CallQueueManager.take(CallQueueManager.java:370)
        at app//org.apache.hadoop.ipc.Server$Handler.run(Server.java:3165)
"IPC Server handler 7 on default port 15001" daemon prio=5 tid=225 timed_waiting
java.lang.Thread.State: TIMED_WAITING
        at java.base@21.0.6/jdk.internal.misc.Unsafe.park(Native Method)
        at java.base@21.0.6/java.util.concurrent.locks.LockSupport.parkNanos(LockSupport.java:269)
        at java.base@21.0.6/java.util.concurrent.locks.AbstractQueuedSynchronizer$ConditionObject.awaitNanos(AbstractQueuedSynchronizer.java:1763)
        at java.base@21.0.6/java.util.concurrent.LinkedBlockingQueue.poll(LinkedBlockingQueue.java:460)
        at app//org.apache.hadoop.ipc.CallQueueManager.take(CallQueueManager.java:370)
        at app//org.apache.hadoop.ipc.Server$Handler.run(Server.java:3165)
"om1-DirectoryDeletingService#2" daemon prio=5 tid=475 in Object.wait()
java.lang.Thread.State: WAITING (on object monitor)
        at java.base@21.0.6/jdk.internal.misc.Unsafe.park(Native Method)
        at java.base@21.0.6/java.util.concurrent.locks.LockSupport.park(LockSupport.java:371)
        at java.base@21.0.6/java.util.concurrent.locks.AbstractQueuedSynchronizer$ConditionNode.block(AbstractQueuedSynchronizer.java:519)
        at java.base@21.0.6/java.util.concurrent.ForkJoinPool.unmanagedBlock(ForkJoinPool.java:3780)
        at java.base@21.0.6/java.util.concurrent.ForkJoinPool.managedBlock(ForkJoinPool.java:3725)
        at java.base@21.0.6/java.util.concurrent.locks.AbstractQueuedSynchronizer$ConditionObject.await(AbstractQueuedSynchronizer.java:1712)
        at java.base@21.0.6/java.util.concurrent.ScheduledThreadPoolExecutor$DelayedWorkQueue.take(ScheduledThreadPoolExecutor.java:1170)
        at java.base@21.0.6/java.util.concurrent.ScheduledThreadPoolExecutor$DelayedWorkQueue.take(ScheduledThreadPoolExecutor.java:899)
        at java.base@21.0.6/java.util.concurrent.ThreadPoolExecutor.getTask(ThreadPoolExecutor.java:1070)
        at java.base@21.0.6/java.util.concurrent.ThreadPoolExecutor.runWorker(ThreadPoolExecutor.java:1130)
        at java.base@21.0.6/java.util.concurrent.ThreadPoolExecutor$Worker.run(ThreadPoolExecutor.java:642)
        at java.base@21.0.6/java.lang.Thread.runWith(Thread.java:1596)
        at java.base@21.0.6/java.lang.Thread.run(Thread.java:1583)
"qtp2117639382-492" daemon prio=5 tid=492 timed_waiting
java.lang.Thread.State: TIMED_WAITING
        at java.base@21.0.6/jdk.internal.misc.Unsafe.park(Native Method)
        at java.base@21.0.6/java.util.concurrent.locks.LockSupport.parkNanos(LockSupport.java:269)
        at java.base@21.0.6/java.util.concurrent.locks.AbstractQueuedSynchronizer$ConditionObject.awaitNanos(AbstractQueuedSynchronizer.java:1763)
        at app//org.eclipse.jetty.util.BlockingArrayQueue.poll(BlockingArrayQueue.java:382)
        at app//org.eclipse.jetty.util.thread.QueuedThreadPool$Runner.idleJobPoll(QueuedThreadPool.java:974)
        at app//org.eclipse.jetty.util.thread.QueuedThreadPool$Runner.run(QueuedThreadPool.java:1018)
        at java.base@21.0.6/java.lang.Thread.runWith(Thread.java:1596)
        at java.base@21.0.6/java.lang.Thread.run(Thread.java:1583)
"IPC Server handler 6 on default port 15000" daemon prio=5 tid=124 timed_waiting
java.lang.Thread.State: TIMED_WAITING
        at java.base@21.0.6/jdk.internal.misc.Unsafe.park(Native Method)
        at java.base@21.0.6/java.util.concurrent.locks.LockSupport.parkNanos(LockSupport.java:269)
        at java.base@21.0.6/java.util.concurrent.locks.AbstractQueuedSynchronizer$ConditionObject.awaitNanos(AbstractQueuedSynchronizer.java:1763)
        at java.base@21.0.6/java.util.concurrent.LinkedBlockingQueue.poll(LinkedBlockingQueue.java:460)
        at app//org.apache.hadoop.ipc.CallQueueManager.take(CallQueueManager.java:370)
        at app//org.apache.hadoop.ipc.Server$Handler.run(Server.java:3165)
"IPC Server handler 81 on default port 15002" daemon prio=5 tid=417 timed_waiting
java.lang.Thread.State: TIMED_WAITING
        at java.base@21.0.6/jdk.internal.misc.Unsafe.park(Native Method)
        at java.base@21.0.6/java.util.concurrent.locks.LockSupport.parkNanos(LockSupport.java:269)
        at java.base@21.0.6/java.util.concurrent.locks.AbstractQueuedSynchronizer$ConditionObject.awaitNanos(AbstractQueuedSynchronizer.java:1763)
        at java.base@21.0.6/java.util.concurrent.LinkedBlockingQueue.poll(LinkedBlockingQueue.java:460)
        at app//org.apache.hadoop.ipc.CallQueueManager.take(CallQueueManager.java:370)
        at app//org.apache.hadoop.ipc.Server$Handler.run(Server.java:3165)
"pool-119-thread-1" daemon prio=5 tid=784 timed_waiting
java.lang.Thread.State: TIMED_WAITING
        at java.base@21.0.6/jdk.internal.misc.Unsafe.park(Native Method)
        at java.base@21.0.6/java.util.concurrent.locks.LockSupport.parkNanos(LockSupport.java:269)
        at java.base@21.0.6/java.util.concurrent.locks.AbstractQueuedSynchronizer$ConditionObject.awaitNanos(AbstractQueuedSynchronizer.java:1763)
        at java.base@21.0.6/java.util.concurrent.ScheduledThreadPoolExecutor$DelayedWorkQueue.take(ScheduledThreadPoolExecutor.java:1182)
        at java.base@21.0.6/java.util.concurrent.ScheduledThreadPoolExecutor$DelayedWorkQueue.take(ScheduledThreadPoolExecutor.java:899)
        at java.base@21.0.6/java.util.concurrent.ThreadPoolExecutor.getTask(ThreadPoolExecutor.java:1070)
        at java.base@21.0.6/java.util.concurrent.ThreadPoolExecutor.runWorker(ThreadPoolExecutor.java:1130)
        at java.base@21.0.6/java.util.concurrent.ThreadPoolExecutor$Worker.run(ThreadPoolExecutor.java:642)
        at java.base@21.0.6/java.lang.Thread.runWith(Thread.java:1596)
        at java.base@21.0.6/java.lang.Thread.run(Thread.java:1583)
"IPC Server handler 94 on default port 15000" daemon prio=5 tid=212 timed_waiting
java.lang.Thread.State: TIMED_WAITING
        at java.base@21.0.6/jdk.internal.misc.Unsafe.park(Native Method)
        at java.base@21.0.6/java.util.concurrent.locks.LockSupport.parkNanos(LockSupport.java:269)
        at java.base@21.0.6/java.util.concurrent.locks.AbstractQueuedSynchronizer$ConditionObject.awaitNanos(AbstractQueuedSynchronizer.java:1763)
        at java.base@21.0.6/java.util.concurrent.LinkedBlockingQueue.poll(LinkedBlockingQueue.java:460)
        at app//org.apache.hadoop.ipc.CallQueueManager.take(CallQueueManager.java:370)
        at app//org.apache.hadoop.ipc.Server$Handler.run(Server.java:3165)
"IPC Server handler 64 on default port 15001" daemon prio=5 tid=282 timed_waiting
java.lang.Thread.State: TIMED_WAITING
        at java.base@21.0.6/jdk.internal.misc.Unsafe.park(Native Method)
        at java.base@21.0.6/java.util.concurrent.locks.LockSupport.parkNanos(LockSupport.java:269)
        at java.base@21.0.6/java.util.concurrent.locks.AbstractQueuedSynchronizer$ConditionObject.awaitNanos(AbstractQueuedSynchronizer.java:1763)
        at java.base@21.0.6/java.util.concurrent.LinkedBlockingQueue.poll(LinkedBlockingQueue.java:460)
        at app//org.apache.hadoop.ipc.CallQueueManager.take(CallQueueManager.java:370)
        at app//org.apache.hadoop.ipc.Server$Handler.run(Server.java:3165)
"Socket Reader #2 for port 15043"  prio=5 tid=767 runnable
java.lang.Thread.State: RUNNABLE
        at java.base@21.0.6/sun.nio.ch.EPoll.wait(Native Method)
        at java.base@21.0.6/sun.nio.ch.EPollSelectorImpl.doSelect(EPollSelectorImpl.java:121)
        at java.base@21.0.6/sun.nio.ch.SelectorImpl.lockAndDoSelect(SelectorImpl.java:130)
        at java.base@21.0.6/sun.nio.ch.SelectorImpl.select(SelectorImpl.java:147)
        at app//org.apache.hadoop.ipc.Server$Listener$Reader.doRunLoop(Server.java:1497)
        at app//org.apache.hadoop.ipc.Server$Listener$Reader.run(Server.java:1476)
"50f19a77-e23b-421f-a833-5664bb01cf1c-impl-thread1"  prio=5 tid=49 timed_waiting
java.lang.Thread.State: TIMED_WAITING
        at java.base@21.0.6/jdk.internal.misc.Unsafe.park(Native Method)
        at java.base@21.0.6/java.util.concurrent.locks.LockSupport.parkNanos(LockSupport.java:410)
        at java.base@21.0.6/java.util.concurrent.LinkedTransferQueue$DualNode.await(LinkedTransferQueue.java:452)
        at java.base@21.0.6/java.util.concurrent.SynchronousQueue$Transferer.xferLifo(SynchronousQueue.java:194)
        at java.base@21.0.6/java.util.concurrent.SynchronousQueue.xfer(SynchronousQueue.java:235)
        at java.base@21.0.6/java.util.concurrent.SynchronousQueue.poll(SynchronousQueue.java:338)
        at java.base@21.0.6/java.util.concurrent.ThreadPoolExecutor.getTask(ThreadPoolExecutor.java:1069)
        at java.base@21.0.6/java.util.concurrent.ThreadPoolExecutor.runWorker(ThreadPoolExecutor.java:1130)
        at java.base@21.0.6/java.util.concurrent.ThreadPoolExecutor$Worker.run(ThreadPoolExecutor.java:642)
        at java.base@21.0.6/java.lang.Thread.runWith(Thread.java:1596)
        at java.base@21.0.6/java.lang.Thread.run(Thread.java:1583)
"IPC Server handler 99 on default port 15002" daemon prio=5 tid=435 timed_waiting
java.lang.Thread.State: TIMED_WAITING
        at java.base@21.0.6/jdk.internal.misc.Unsafe.park(Native Method)
        at java.base@21.0.6/java.util.concurrent.locks.LockSupport.parkNanos(LockSupport.java:269)
        at java.base@21.0.6/java.util.concurrent.locks.AbstractQueuedSynchronizer$ConditionObject.awaitNanos(AbstractQueuedSynchronizer.java:1763)
        at java.base@21.0.6/java.util.concurrent.LinkedBlockingQueue.poll(LinkedBlockingQueue.java:460)
        at app//org.apache.hadoop.ipc.CallQueueManager.take(CallQueueManager.java:370)
        at app//org.apache.hadoop.ipc.Server$Handler.run(Server.java:3165)
"IPC Server handler 76 on default port 15002" daemon prio=5 tid=412 timed_waiting
java.lang.Thread.State: TIMED_WAITING
        at java.base@21.0.6/jdk.internal.misc.Unsafe.park(Native Method)
        at java.base@21.0.6/java.util.concurrent.locks.LockSupport.parkNanos(LockSupport.java:269)
        at java.base@21.0.6/java.util.concurrent.locks.AbstractQueuedSynchronizer$ConditionObject.awaitNanos(AbstractQueuedSynchronizer.java:1763)
        at java.base@21.0.6/java.util.concurrent.LinkedBlockingQueue.poll(LinkedBlockingQueue.java:460)
        at app//org.apache.hadoop.ipc.CallQueueManager.take(CallQueueManager.java:370)
        at app//org.apache.hadoop.ipc.Server$Handler.run(Server.java:3165)
"FixedThreadPoolWithAffinityExecutor-3-0" daemon prio=5 tid=104 timed_waiting
java.lang.Thread.State: TIMED_WAITING
        at java.base@21.0.6/jdk.internal.misc.Unsafe.park(Native Method)
        at java.base@21.0.6/java.util.concurrent.locks.LockSupport.parkNanos(LockSupport.java:269)
        at java.base@21.0.6/java.util.concurrent.locks.AbstractQueuedSynchronizer$ConditionObject.awaitNanos(AbstractQueuedSynchronizer.java:1763)
        at java.base@21.0.6/java.util.concurrent.LinkedBlockingQueue.poll(LinkedBlockingQueue.java:460)
        at app//org.apache.hadoop.hdds.scm.server.ContainerReportQueue.poll(ContainerReportQueue.java:269)
        at app//org.apache.hadoop.hdds.scm.server.ContainerReportQueue.poll(ContainerReportQueue.java:42)
        at app//org.apache.hadoop.hdds.server.events.FixedThreadPoolWithAffinityExecutor$ContainerReportProcessTask.run(FixedThreadPoolWithAffinityExecutor.java:254)
        at java.base@21.0.6/java.util.concurrent.Executors$RunnableAdapter.call(Executors.java:572)
        at java.base@21.0.6/java.util.concurrent.FutureTask.run(FutureTask.java:317)
        at java.base@21.0.6/java.util.concurrent.ThreadPoolExecutor.runWorker(ThreadPoolExecutor.java:1144)
        at java.base@21.0.6/java.util.concurrent.ThreadPoolExecutor$Worker.run(ThreadPoolExecutor.java:642)
        at java.base@21.0.6/java.lang.Thread.runWith(Thread.java:1596)
        at java.base@21.0.6/java.lang.Thread.run(Thread.java:1583)
"om1@group-C5BA1605619E-StateMachineUpdater" daemon prio=5 tid=464 timed_waiting
java.lang.Thread.State: TIMED_WAITING
        at java.base@21.0.6/jdk.internal.misc.Unsafe.park(Native Method)
        at java.base@21.0.6/java.util.concurrent.locks.LockSupport.parkNanos(LockSupport.java:269)
        at java.base@21.0.6/java.util.concurrent.locks.AbstractQueuedSynchronizer$ConditionObject.await(AbstractQueuedSynchronizer.java:1852)
        at app//org.apache.ratis.util.AwaitForSignal.await(AwaitForSignal.java:65)
        at app//org.apache.ratis.server.impl.StateMachineUpdater.waitForCommit(StateMachineUpdater.java:219)
        at app//org.apache.ratis.server.impl.StateMachineUpdater.run(StateMachineUpdater.java:187)
        at java.base@21.0.6/java.lang.Thread.runWith(Thread.java:1596)
        at java.base@21.0.6/java.lang.Thread.run(Thread.java:1583)
"om1-DirectoryDeletingService#3" daemon prio=5 tid=476 in Object.wait()
java.lang.Thread.State: WAITING (on object monitor)
        at java.base@21.0.6/jdk.internal.misc.Unsafe.park(Native Method)
        at java.base@21.0.6/java.util.concurrent.locks.LockSupport.park(LockSupport.java:371)
        at java.base@21.0.6/java.util.concurrent.locks.AbstractQueuedSynchronizer$ConditionNode.block(AbstractQueuedSynchronizer.java:519)
        at java.base@21.0.6/java.util.concurrent.ForkJoinPool.unmanagedBlock(ForkJoinPool.java:3780)
        at java.base@21.0.6/java.util.concurrent.ForkJoinPool.managedBlock(ForkJoinPool.java:3725)
        at java.base@21.0.6/java.util.concurrent.locks.AbstractQueuedSynchronizer$ConditionObject.await(AbstractQueuedSynchronizer.java:1712)
        at java.base@21.0.6/java.util.concurrent.ScheduledThreadPoolExecutor$DelayedWorkQueue.take(ScheduledThreadPoolExecutor.java:1177)
        at java.base@21.0.6/java.util.concurrent.ScheduledThreadPoolExecutor$DelayedWorkQueue.take(ScheduledThreadPoolExecutor.java:899)
        at java.base@21.0.6/java.util.concurrent.ThreadPoolExecutor.getTask(ThreadPoolExecutor.java:1070)
        at java.base@21.0.6/java.util.concurrent.ThreadPoolExecutor.runWorker(ThreadPoolExecutor.java:1130)
        at java.base@21.0.6/java.util.concurrent.ThreadPoolExecutor$Worker.run(ThreadPoolExecutor.java:642)
        at java.base@21.0.6/java.lang.Thread.runWith(Thread.java:1596)
        at java.base@21.0.6/java.lang.Thread.run(Thread.java:1583)
"Socket Reader #7 for port 15035"  prio=5 tid=700 runnable
java.lang.Thread.State: RUNNABLE
        at java.base@21.0.6/sun.nio.ch.EPoll.wait(Native Method)
        at java.base@21.0.6/sun.nio.ch.EPollSelectorImpl.doSelect(EPollSelectorImpl.java:121)
        at java.base@21.0.6/sun.nio.ch.SelectorImpl.lockAndDoSelect(SelectorImpl.java:130)
        at java.base@21.0.6/sun.nio.ch.SelectorImpl.select(SelectorImpl.java:147)
        at app//org.apache.hadoop.ipc.Server$Listener$Reader.doRunLoop(Server.java:1497)
        at app//org.apache.hadoop.ipc.Server$Listener$Reader.run(Server.java:1476)
"ForkJoinPool.commonPool-worker-1" daemon prio=5 tid=34 in Object.wait()
java.lang.Thread.State: WAITING (on object monitor)
        at java.base@21.0.6/jdk.internal.misc.Unsafe.park(Native Method)
        at java.base@21.0.6/java.util.concurrent.locks.LockSupport.park(LockSupport.java:371)
        at java.base@21.0.6/java.util.concurrent.ForkJoinPool.awaitWork(ForkJoinPool.java:1893)
        at java.base@21.0.6/java.util.concurrent.ForkJoinPool.runWorker(ForkJoinPool.java:1809)
        at java.base@21.0.6/java.util.concurrent.ForkJoinWorkerThread.run(ForkJoinWorkerThread.java:188)
"d6a19b8b-82a2-4947-8b44-7228be6ad053@group-6CDEAD350F28-LeaderStateImpl" daemon prio=5 tid=1031 timed_waiting
java.lang.Thread.State: TIMED_WAITING
        at java.base@21.0.6/jdk.internal.misc.Unsafe.park(Native Method)
        at java.base@21.0.6/java.util.concurrent.locks.LockSupport.parkNanos(LockSupport.java:269)
        at java.base@21.0.6/java.util.concurrent.locks.AbstractQueuedSynchronizer$ConditionObject.awaitNanos(AbstractQueuedSynchronizer.java:1763)
        at java.base@21.0.6/java.util.concurrent.ArrayBlockingQueue.poll(ArrayBlockingQueue.java:435)
        at app//org.apache.ratis.server.impl.LeaderStateImpl$EventQueue.poll(LeaderStateImpl.java:164)
        at app//org.apache.ratis.server.impl.LeaderStateImpl$EventProcessor.run(LeaderStateImpl.java:763)
"Socket Reader #3 for port 15043"  prio=5 tid=768 runnable
java.lang.Thread.State: RUNNABLE
        at java.base@21.0.6/sun.nio.ch.EPoll.wait(Native Method)
        at java.base@21.0.6/sun.nio.ch.EPollSelectorImpl.doSelect(EPollSelectorImpl.java:121)
        at java.base@21.0.6/sun.nio.ch.SelectorImpl.lockAndDoSelect(SelectorImpl.java:130)
        at java.base@21.0.6/sun.nio.ch.SelectorImpl.select(SelectorImpl.java:147)
        at app//org.apache.hadoop.ipc.Server$Listener$Reader.doRunLoop(Server.java:1497)
        at app//org.apache.hadoop.ipc.Server$Listener$Reader.run(Server.java:1476)
"d6a19b8b-82a2-4947-8b44-7228be6ad053-DatanodeReportManager-3" daemon prio=5 tid=721 timed_waiting
java.lang.Thread.State: TIMED_WAITING
        at java.base@21.0.6/jdk.internal.misc.Unsafe.park(Native Method)
        at java.base@21.0.6/java.util.concurrent.locks.LockSupport.parkNanos(LockSupport.java:269)
        at java.base@21.0.6/java.util.concurrent.locks.AbstractQueuedSynchronizer$ConditionObject.awaitNanos(AbstractQueuedSynchronizer.java:1763)
        at java.base@21.0.6/java.util.concurrent.ScheduledThreadPoolExecutor$DelayedWorkQueue.take(ScheduledThreadPoolExecutor.java:1182)
        at java.base@21.0.6/java.util.concurrent.ScheduledThreadPoolExecutor$DelayedWorkQueue.take(ScheduledThreadPoolExecutor.java:899)
        at java.base@21.0.6/java.util.concurrent.ThreadPoolExecutor.getTask(ThreadPoolExecutor.java:1070)
        at java.base@21.0.6/java.util.concurrent.ThreadPoolExecutor.runWorker(ThreadPoolExecutor.java:1130)
        at java.base@21.0.6/java.util.concurrent.ThreadPoolExecutor$Worker.run(ThreadPoolExecutor.java:642)
        at java.base@21.0.6/java.lang.Thread.runWith(Thread.java:1596)
        at java.base@21.0.6/java.lang.Thread.run(Thread.java:1583)
"IPC Server handler 31 on default port 15000" daemon prio=5 tid=149 timed_waiting
java.lang.Thread.State: TIMED_WAITING
        at java.base@21.0.6/jdk.internal.misc.Unsafe.park(Native Method)
        at java.base@21.0.6/java.util.concurrent.locks.LockSupport.parkNanos(LockSupport.java:269)
        at java.base@21.0.6/java.util.concurrent.locks.AbstractQueuedSynchronizer$ConditionObject.awaitNanos(AbstractQueuedSynchronizer.java:1763)
        at java.base@21.0.6/java.util.concurrent.LinkedBlockingQueue.poll(LinkedBlockingQueue.java:460)
        at app//org.apache.hadoop.ipc.CallQueueManager.take(CallQueueManager.java:370)
        at app//org.apache.hadoop.ipc.Server$Handler.run(Server.java:3165)
"IPC Server handler 16 on default port 15000" daemon prio=5 tid=134 timed_waiting
java.lang.Thread.State: TIMED_WAITING
        at java.base@21.0.6/jdk.internal.misc.Unsafe.park(Native Method)
        at java.base@21.0.6/java.util.concurrent.locks.LockSupport.parkNanos(LockSupport.java:269)
        at java.base@21.0.6/java.util.concurrent.locks.AbstractQueuedSynchronizer$ConditionObject.awaitNanos(AbstractQueuedSynchronizer.java:1763)
        at java.base@21.0.6/java.util.concurrent.LinkedBlockingQueue.poll(LinkedBlockingQueue.java:460)
        at app//org.apache.hadoop.ipc.CallQueueManager.take(CallQueueManager.java:370)
        at app//org.apache.hadoop.ipc.Server$Handler.run(Server.java:3165)
"IPC Server handler 23 on default port 15000" daemon prio=5 tid=141 timed_waiting
java.lang.Thread.State: TIMED_WAITING
        at java.base@21.0.6/jdk.internal.misc.Unsafe.park(Native Method)
        at java.base@21.0.6/java.util.concurrent.locks.LockSupport.parkNanos(LockSupport.java:269)
        at java.base@21.0.6/java.util.concurrent.locks.AbstractQueuedSynchronizer$ConditionObject.awaitNanos(AbstractQueuedSynchronizer.java:1763)
        at java.base@21.0.6/java.util.concurrent.LinkedBlockingQueue.poll(LinkedBlockingQueue.java:460)
        at app//org.apache.hadoop.ipc.CallQueueManager.take(CallQueueManager.java:370)
        at app//org.apache.hadoop.ipc.Server$Handler.run(Server.java:3165)
"IPC Server handler 77 on default port 15002" daemon prio=5 tid=413 timed_waiting
java.lang.Thread.State: TIMED_WAITING
        at java.base@21.0.6/jdk.internal.misc.Unsafe.park(Native Method)
        at java.base@21.0.6/java.util.concurrent.locks.LockSupport.parkNanos(LockSupport.java:269)
        at java.base@21.0.6/java.util.concurrent.locks.AbstractQueuedSynchronizer$ConditionObject.awaitNanos(AbstractQueuedSynchronizer.java:1763)
        at java.base@21.0.6/java.util.concurrent.LinkedBlockingQueue.poll(LinkedBlockingQueue.java:460)
        at app//org.apache.hadoop.ipc.CallQueueManager.take(CallQueueManager.java:370)
        at app//org.apache.hadoop.ipc.Server$Handler.run(Server.java:3165)
"qtp897209100-575" daemon prio=5 tid=575 timed_waiting
java.lang.Thread.State: TIMED_WAITING
        at java.base@21.0.6/jdk.internal.misc.Unsafe.park(Native Method)
        at java.base@21.0.6/java.util.concurrent.locks.LockSupport.parkNanos(LockSupport.java:269)
        at java.base@21.0.6/java.util.concurrent.locks.AbstractQueuedSynchronizer$ConditionObject.awaitNanos(AbstractQueuedSynchronizer.java:1763)
        at app//org.eclipse.jetty.util.BlockingArrayQueue.poll(BlockingArrayQueue.java:382)
        at app//org.eclipse.jetty.util.thread.QueuedThreadPool$Runner.idleJobPoll(QueuedThreadPool.java:974)
        at app//org.eclipse.jetty.util.thread.QueuedThreadPool$Runner.run(QueuedThreadPool.java:1018)
        at java.base@21.0.6/java.lang.Thread.runWith(Thread.java:1596)
        at java.base@21.0.6/java.lang.Thread.run(Thread.java:1583)
"IPC Server handler 8 on default port 15001" daemon prio=5 tid=226 timed_waiting
java.lang.Thread.State: TIMED_WAITING
        at java.base@21.0.6/jdk.internal.misc.Unsafe.park(Native Method)
        at java.base@21.0.6/java.util.concurrent.locks.LockSupport.parkNanos(LockSupport.java:269)
        at java.base@21.0.6/java.util.concurrent.locks.AbstractQueuedSynchronizer$ConditionObject.awaitNanos(AbstractQueuedSynchronizer.java:1763)
        at java.base@21.0.6/java.util.concurrent.LinkedBlockingQueue.poll(LinkedBlockingQueue.java:460)
        at app//org.apache.hadoop.ipc.CallQueueManager.take(CallQueueManager.java:370)
        at app//org.apache.hadoop.ipc.Server$Handler.run(Server.java:3165)
"IPC Server handler 3 on default port 15019" daemon prio=5 tid=594 timed_waiting
java.lang.Thread.State: TIMED_WAITING
        at java.base@21.0.6/jdk.internal.misc.Unsafe.park(Native Method)
        at java.base@21.0.6/java.util.concurrent.locks.LockSupport.parkNanos(LockSupport.java:269)
        at java.base@21.0.6/java.util.concurrent.locks.AbstractQueuedSynchronizer$ConditionObject.awaitNanos(AbstractQueuedSynchronizer.java:1763)
        at java.base@21.0.6/java.util.concurrent.LinkedBlockingQueue.poll(LinkedBlockingQueue.java:460)
        at app//org.apache.hadoop.ipc.CallQueueManager.take(CallQueueManager.java:370)
        at app//org.apache.hadoop.ipc.Server$Handler.run(Server.java:3165)
"IPC Server handler 75 on default port 15002" daemon prio=5 tid=411 timed_waiting
java.lang.Thread.State: TIMED_WAITING
        at java.base@21.0.6/jdk.internal.misc.Unsafe.park(Native Method)
        at java.base@21.0.6/java.util.concurrent.locks.LockSupport.parkNanos(LockSupport.java:269)
        at java.base@21.0.6/java.util.concurrent.locks.AbstractQueuedSynchronizer$ConditionObject.awaitNanos(AbstractQueuedSynchronizer.java:1763)
        at java.base@21.0.6/java.util.concurrent.LinkedBlockingQueue.poll(LinkedBlockingQueue.java:460)
        at app//org.apache.hadoop.ipc.CallQueueManager.take(CallQueueManager.java:370)
        at app//org.apache.hadoop.ipc.Server$Handler.run(Server.java:3165)
"IPC Server handler 96 on default port 15002" daemon prio=5 tid=432 timed_waiting
java.lang.Thread.State: TIMED_WAITING
        at java.base@21.0.6/jdk.internal.misc.Unsafe.park(Native Method)
        at java.base@21.0.6/java.util.concurrent.locks.LockSupport.parkNanos(LockSupport.java:269)
        at java.base@21.0.6/java.util.concurrent.locks.AbstractQueuedSynchronizer$ConditionObject.awaitNanos(AbstractQueuedSynchronizer.java:1763)
        at java.base@21.0.6/java.util.concurrent.LinkedBlockingQueue.poll(LinkedBlockingQueue.java:460)
        at app//org.apache.hadoop.ipc.CallQueueManager.take(CallQueueManager.java:370)
        at app//org.apache.hadoop.ipc.Server$Handler.run(Server.java:3165)
"qtp2117639382-486" daemon prio=5 tid=486 runnable
java.lang.Thread.State: RUNNABLE
        at java.base@21.0.6/sun.nio.ch.EPoll.wait(Native Method)
        at java.base@21.0.6/sun.nio.ch.EPollSelectorImpl.doSelect(EPollSelectorImpl.java:121)
        at java.base@21.0.6/sun.nio.ch.SelectorImpl.lockAndDoSelect(SelectorImpl.java:130)
        at java.base@21.0.6/sun.nio.ch.SelectorImpl.select(SelectorImpl.java:147)
        at app//org.eclipse.jetty.io.ManagedSelector.nioSelect(ManagedSelector.java:183)
        at app//org.eclipse.jetty.io.ManagedSelector.select(ManagedSelector.java:190)
        at app//org.eclipse.jetty.io.ManagedSelector$SelectorProducer.select(ManagedSelector.java:606)
        at app//org.eclipse.jetty.io.ManagedSelector$SelectorProducer.produce(ManagedSelector.java:543)
        at app//org.eclipse.jetty.util.thread.strategy.EatWhatYouKill.produceTask(EatWhatYouKill.java:362)
        at app//org.eclipse.jetty.util.thread.strategy.EatWhatYouKill.doProduce(EatWhatYouKill.java:186)
        at app//org.eclipse.jetty.util.thread.strategy.EatWhatYouKill.tryProduce(EatWhatYouKill.java:173)
        at app//org.eclipse.jetty.util.thread.strategy.EatWhatYouKill.produce(EatWhatYouKill.java:137)
        at app//org.eclipse.jetty.io.ManagedSelector$$Lambda/0x00007fd0ac690720.run(Unknown Source)
        at app//org.eclipse.jetty.util.thread.QueuedThreadPool.runJob(QueuedThreadPool.java:883)
        at app//org.eclipse.jetty.util.thread.QueuedThreadPool$Runner.run(QueuedThreadPool.java:1034)
        at java.base@21.0.6/java.lang.Thread.runWith(Thread.java:1596)
        at java.base@21.0.6/java.lang.Thread.run(Thread.java:1583)
"Finalizer" daemon prio=8 tid=10 in Object.wait()
java.lang.Thread.State: WAITING (on object monitor)
        at java.base@21.0.6/java.lang.Object.wait0(Native Method)
        at java.base@21.0.6/java.lang.Object.wait(Object.java:366)
        at java.base@21.0.6/java.lang.Object.wait(Object.java:339)
        at java.base@21.0.6/java.lang.ref.NativeReferenceQueue.await(NativeReferenceQueue.java:48)
        at java.base@21.0.6/java.lang.ref.ReferenceQueue.remove0(ReferenceQueue.java:158)
        at java.base@21.0.6/java.lang.ref.NativeReferenceQueue.remove(NativeReferenceQueue.java:89)
        at java.base@21.0.6/java.lang.ref.Finalizer$FinalizerThread.run(Finalizer.java:173)
"IPC Parameter Sending Thread for 0.0.0.0/0.0.0.0:15000" daemon prio=5 tid=1029 timed_waiting
java.lang.Thread.State: TIMED_WAITING
        at java.base@21.0.6/jdk.internal.misc.Unsafe.park(Native Method)
        at java.base@21.0.6/java.util.concurrent.locks.LockSupport.parkNanos(LockSupport.java:410)
        at java.base@21.0.6/java.util.concurrent.LinkedTransferQueue$DualNode.await(LinkedTransferQueue.java:452)
        at java.base@21.0.6/java.util.concurrent.LinkedTransferQueue.xfer(LinkedTransferQueue.java:613)
        at java.base@21.0.6/java.util.concurrent.SynchronousQueue.xfer(SynchronousQueue.java:235)
        at java.base@21.0.6/java.util.concurrent.SynchronousQueue.poll(SynchronousQueue.java:338)
        at app//org.apache.hadoop.ipc.Client$Connection$RpcRequestSender.run(Client.java:1121)
        at java.base@21.0.6/java.lang.Thread.runWith(Thread.java:1596)
        at java.base@21.0.6/java.lang.Thread.run(Thread.java:1583)
"IPC Server handler 91 on default port 15002" daemon prio=5 tid=427 timed_waiting
java.lang.Thread.State: TIMED_WAITING
        at java.base@21.0.6/jdk.internal.misc.Unsafe.park(Native Method)
        at java.base@21.0.6/java.util.concurrent.locks.LockSupport.parkNanos(LockSupport.java:269)
        at java.base@21.0.6/java.util.concurrent.locks.AbstractQueuedSynchronizer$ConditionObject.awaitNanos(AbstractQueuedSynchronizer.java:1763)
        at java.base@21.0.6/java.util.concurrent.LinkedBlockingQueue.poll(LinkedBlockingQueue.java:460)
        at app//org.apache.hadoop.ipc.CallQueueManager.take(CallQueueManager.java:370)
        at app//org.apache.hadoop.ipc.Server$Handler.run(Server.java:3165)
"Socket Reader #9 for port 15035"  prio=5 tid=702 runnable
java.lang.Thread.State: RUNNABLE
        at java.base@21.0.6/sun.nio.ch.EPoll.wait(Native Method)
        at java.base@21.0.6/sun.nio.ch.EPollSelectorImpl.doSelect(EPollSelectorImpl.java:121)
        at java.base@21.0.6/sun.nio.ch.SelectorImpl.lockAndDoSelect(SelectorImpl.java:130)
        at java.base@21.0.6/sun.nio.ch.SelectorImpl.select(SelectorImpl.java:147)
        at app//org.apache.hadoop.ipc.Server$Listener$Reader.doRunLoop(Server.java:1497)
        at app//org.apache.hadoop.ipc.Server$Listener$Reader.run(Server.java:1476)
"IPC Server listener on 15043" daemon prio=5 tid=765 runnable
java.lang.Thread.State: RUNNABLE
        at java.base@21.0.6/sun.nio.ch.EPoll.wait(Native Method)
        at java.base@21.0.6/sun.nio.ch.EPollSelectorImpl.doSelect(EPollSelectorImpl.java:121)
        at java.base@21.0.6/sun.nio.ch.SelectorImpl.lockAndDoSelect(SelectorImpl.java:130)
        at java.base@21.0.6/sun.nio.ch.SelectorImpl.select(SelectorImpl.java:147)
        at app//org.apache.hadoop.ipc.Server$Listener.run(Server.java:1559)
"Socket Reader #1 for port 15027"  prio=5 tid=624 runnable
java.lang.Thread.State: RUNNABLE
        at java.base@21.0.6/sun.nio.ch.EPoll.wait(Native Method)
        at java.base@21.0.6/sun.nio.ch.EPollSelectorImpl.doSelect(EPollSelectorImpl.java:121)
        at java.base@21.0.6/sun.nio.ch.SelectorImpl.lockAndDoSelect(SelectorImpl.java:130)
        at java.base@21.0.6/sun.nio.ch.SelectorImpl.select(SelectorImpl.java:147)
        at app//org.apache.hadoop.ipc.Server$Listener$Reader.doRunLoop(Server.java:1497)
        at app//org.apache.hadoop.ipc.Server$Listener$Reader.run(Server.java:1476)
"a6bf55e3-38e4-411e-ac0b-5acdb6a35656@group-C713F1B5C815-StateMachineUpdater" daemon prio=5 tid=925 timed_waiting
java.lang.Thread.State: TIMED_WAITING
        at java.base@21.0.6/jdk.internal.misc.Unsafe.park(Native Method)
        at java.base@21.0.6/java.util.concurrent.locks.LockSupport.parkNanos(LockSupport.java:269)
        at java.base@21.0.6/java.util.concurrent.locks.AbstractQueuedSynchronizer$ConditionObject.await(AbstractQueuedSynchronizer.java:1852)
        at app//org.apache.ratis.util.AwaitForSignal.await(AwaitForSignal.java:65)
        at app//org.apache.ratis.server.impl.StateMachineUpdater.waitForCommit(StateMachineUpdater.java:219)
        at app//org.apache.ratis.server.impl.StateMachineUpdater.run(StateMachineUpdater.java:187)
        at java.base@21.0.6/java.lang.Thread.runWith(Thread.java:1596)
        at java.base@21.0.6/java.lang.Thread.run(Thread.java:1583)
"Socket Reader #10 for port 15019"  prio=5 tid=587 runnable
java.lang.Thread.State: RUNNABLE
        at java.base@21.0.6/sun.nio.ch.EPoll.wait(Native Method)
        at java.base@21.0.6/sun.nio.ch.EPollSelectorImpl.doSelect(EPollSelectorImpl.java:121)
        at java.base@21.0.6/sun.nio.ch.SelectorImpl.lockAndDoSelect(SelectorImpl.java:130)
        at java.base@21.0.6/sun.nio.ch.SelectorImpl.select(SelectorImpl.java:147)
        at app//org.apache.hadoop.ipc.Server$Listener$Reader.doRunLoop(Server.java:1497)
        at app//org.apache.hadoop.ipc.Server$Listener$Reader.run(Server.java:1476)
"IPC Server handler 8 on default port 15002" daemon prio=5 tid=344 timed_waiting
java.lang.Thread.State: TIMED_WAITING
        at java.base@21.0.6/jdk.internal.misc.Unsafe.park(Native Method)
        at java.base@21.0.6/java.util.concurrent.locks.LockSupport.parkNanos(LockSupport.java:269)
        at java.base@21.0.6/java.util.concurrent.locks.AbstractQueuedSynchronizer$ConditionObject.awaitNanos(AbstractQueuedSynchronizer.java:1763)
        at java.base@21.0.6/java.util.concurrent.LinkedBlockingQueue.poll(LinkedBlockingQueue.java:460)
        at app//org.apache.hadoop.ipc.CallQueueManager.take(CallQueueManager.java:370)
        at app//org.apache.hadoop.ipc.Server$Handler.run(Server.java:3165)
"IPC Server handler 78 on default port 15001" daemon prio=5 tid=296 timed_waiting
java.lang.Thread.State: TIMED_WAITING
        at java.base@21.0.6/jdk.internal.misc.Unsafe.park(Native Method)
        at java.base@21.0.6/java.util.concurrent.locks.LockSupport.parkNanos(LockSupport.java:269)
        at java.base@21.0.6/java.util.concurrent.locks.AbstractQueuedSynchronizer$ConditionObject.awaitNanos(AbstractQueuedSynchronizer.java:1763)
        at java.base@21.0.6/java.util.concurrent.LinkedBlockingQueue.poll(LinkedBlockingQueue.java:460)
        at app//org.apache.hadoop.ipc.CallQueueManager.take(CallQueueManager.java:370)
        at app//org.apache.hadoop.ipc.Server$Handler.run(Server.java:3165)
"Socket Reader #3 for port 15006"  prio=5 tid=450 runnable
java.lang.Thread.State: RUNNABLE
        at java.base@21.0.6/sun.nio.ch.EPoll.wait(Native Method)
        at java.base@21.0.6/sun.nio.ch.EPollSelectorImpl.doSelect(EPollSelectorImpl.java:121)
        at java.base@21.0.6/sun.nio.ch.SelectorImpl.lockAndDoSelect(SelectorImpl.java:130)
        at java.base@21.0.6/sun.nio.ch.SelectorImpl.select(SelectorImpl.java:147)
        at app//org.apache.hadoop.ipc.Server$Listener$Reader.doRunLoop(Server.java:1497)
        at app//org.apache.hadoop.ipc.Server$Listener$Reader.run(Server.java:1476)
"qtp2117639382-491" daemon prio=5 tid=491 timed_waiting
java.lang.Thread.State: TIMED_WAITING
        at java.base@21.0.6/jdk.internal.misc.Unsafe.park(Native Method)
        at java.base@21.0.6/java.util.concurrent.locks.LockSupport.parkNanos(LockSupport.java:269)
        at java.base@21.0.6/java.util.concurrent.locks.AbstractQueuedSynchronizer$ConditionObject.awaitNanos(AbstractQueuedSynchronizer.java:1763)
        at app//org.eclipse.jetty.util.BlockingArrayQueue.poll(BlockingArrayQueue.java:382)
        at app//org.eclipse.jetty.util.thread.QueuedThreadPool$Runner.idleJobPoll(QueuedThreadPool.java:974)
        at app//org.eclipse.jetty.util.thread.QueuedThreadPool$Runner.run(QueuedThreadPool.java:1018)
        at java.base@21.0.6/java.lang.Thread.runWith(Thread.java:1596)
        at java.base@21.0.6/java.lang.Thread.run(Thread.java:1583)
"IPC Server handler 29 on default port 15000" daemon prio=5 tid=147 timed_waiting
java.lang.Thread.State: TIMED_WAITING
        at java.base@21.0.6/jdk.internal.misc.Unsafe.park(Native Method)
        at java.base@21.0.6/java.util.concurrent.locks.LockSupport.parkNanos(LockSupport.java:269)
        at java.base@21.0.6/java.util.concurrent.locks.AbstractQueuedSynchronizer$ConditionObject.awaitNanos(AbstractQueuedSynchronizer.java:1763)
        at java.base@21.0.6/java.util.concurrent.LinkedBlockingQueue.poll(LinkedBlockingQueue.java:460)
        at app//org.apache.hadoop.ipc.CallQueueManager.take(CallQueueManager.java:370)
        at app//org.apache.hadoop.ipc.Server$Handler.run(Server.java:3165)
"OverReplicatedProcessor" daemon prio=5 tid=57 timed_waiting
java.lang.Thread.State: TIMED_WAITING
        at java.base@21.0.6/java.lang.Object.wait0(Native Method)
        at java.base@21.0.6/java.lang.Object.wait(Object.java:366)
        at app//org.apache.hadoop.hdds.scm.container.replication.UnhealthyReplicationProcessor.run(UnhealthyReplicationProcessor.java:172)
        at java.base@21.0.6/java.lang.Thread.runWith(Thread.java:1596)
        at java.base@21.0.6/java.lang.Thread.run(Thread.java:1583)
"IPC Server handler 0 on default port 15000" daemon prio=5 tid=118 timed_waiting
java.lang.Thread.State: TIMED_WAITING
        at java.base@21.0.6/jdk.internal.misc.Unsafe.park(Native Method)
        at java.base@21.0.6/java.util.concurrent.locks.LockSupport.parkNanos(LockSupport.java:269)
        at java.base@21.0.6/java.util.concurrent.locks.AbstractQueuedSynchronizer$ConditionObject.awaitNanos(AbstractQueuedSynchronizer.java:1763)
        at java.base@21.0.6/java.util.concurrent.LinkedBlockingQueue.poll(LinkedBlockingQueue.java:460)
        at app//org.apache.hadoop.ipc.CallQueueManager.take(CallQueueManager.java:370)
        at app//org.apache.hadoop.ipc.Server$Handler.run(Server.java:3165)
"IPC Server handler 46 on default port 15001" daemon prio=5 tid=264 timed_waiting
java.lang.Thread.State: TIMED_WAITING
        at java.base@21.0.6/jdk.internal.misc.Unsafe.park(Native Method)
        at java.base@21.0.6/java.util.concurrent.locks.LockSupport.parkNanos(LockSupport.java:269)
        at java.base@21.0.6/java.util.concurrent.locks.AbstractQueuedSynchronizer$ConditionObject.awaitNanos(AbstractQueuedSynchronizer.java:1763)
        at java.base@21.0.6/java.util.concurrent.LinkedBlockingQueue.poll(LinkedBlockingQueue.java:460)
        at app//org.apache.hadoop.ipc.CallQueueManager.take(CallQueueManager.java:370)
        at app//org.apache.hadoop.ipc.Server$Handler.run(Server.java:3165)
"IPC Server handler 95 on default port 15002" daemon prio=5 tid=431 timed_waiting
java.lang.Thread.State: TIMED_WAITING
        at java.base@21.0.6/jdk.internal.misc.Unsafe.park(Native Method)
        at java.base@21.0.6/java.util.concurrent.locks.LockSupport.parkNanos(LockSupport.java:269)
        at java.base@21.0.6/java.util.concurrent.locks.AbstractQueuedSynchronizer$ConditionObject.awaitNanos(AbstractQueuedSynchronizer.java:1763)
        at java.base@21.0.6/java.util.concurrent.LinkedBlockingQueue.poll(LinkedBlockingQueue.java:460)
        at app//org.apache.hadoop.ipc.CallQueueManager.take(CallQueueManager.java:370)
        at app//org.apache.hadoop.ipc.Server$Handler.run(Server.java:3165)
"EventQueue-DatanodeCommandQueueUpdatedForDatanodeCommandCountUpdatedHandler" daemon prio=5 tid=831 in Object.wait()
java.lang.Thread.State: WAITING (on object monitor)
        at java.base@21.0.6/jdk.internal.misc.Unsafe.park(Native Method)
        at java.base@21.0.6/java.util.concurrent.locks.LockSupport.park(LockSupport.java:371)
        at java.base@21.0.6/java.util.concurrent.locks.AbstractQueuedSynchronizer$ConditionNode.block(AbstractQueuedSynchronizer.java:519)
        at java.base@21.0.6/java.util.concurrent.ForkJoinPool.unmanagedBlock(ForkJoinPool.java:3780)
        at java.base@21.0.6/java.util.concurrent.ForkJoinPool.managedBlock(ForkJoinPool.java:3725)
        at java.base@21.0.6/java.util.concurrent.locks.AbstractQueuedSynchronizer$ConditionObject.await(AbstractQueuedSynchronizer.java:1712)
        at java.base@21.0.6/java.util.concurrent.LinkedBlockingQueue.take(LinkedBlockingQueue.java:435)
        at java.base@21.0.6/java.util.concurrent.ThreadPoolExecutor.getTask(ThreadPoolExecutor.java:1070)
        at java.base@21.0.6/java.util.concurrent.ThreadPoolExecutor.runWorker(ThreadPoolExecutor.java:1130)
        at java.base@21.0.6/java.util.concurrent.ThreadPoolExecutor$Worker.run(ThreadPoolExecutor.java:642)
        at java.base@21.0.6/java.lang.Thread.runWith(Thread.java:1596)
        at java.base@21.0.6/java.lang.Thread.run(Thread.java:1583)
"qtp897209100-569" daemon prio=5 tid=569 runnable
java.lang.Thread.State: RUNNABLE
        at java.base@21.0.6/sun.nio.ch.EPoll.wait(Native Method)
        at java.base@21.0.6/sun.nio.ch.EPollSelectorImpl.doSelect(EPollSelectorImpl.java:121)
        at java.base@21.0.6/sun.nio.ch.SelectorImpl.lockAndDoSelect(SelectorImpl.java:130)
        at java.base@21.0.6/sun.nio.ch.SelectorImpl.select(SelectorImpl.java:147)
        at app//org.eclipse.jetty.io.ManagedSelector.nioSelect(ManagedSelector.java:183)
        at app//org.eclipse.jetty.io.ManagedSelector.select(ManagedSelector.java:190)
        at app//org.eclipse.jetty.io.ManagedSelector$SelectorProducer.select(ManagedSelector.java:606)
        at app//org.eclipse.jetty.io.ManagedSelector$SelectorProducer.produce(ManagedSelector.java:543)
        at app//org.eclipse.jetty.util.thread.strategy.EatWhatYouKill.produceTask(EatWhatYouKill.java:362)
        at app//org.eclipse.jetty.util.thread.strategy.EatWhatYouKill.doProduce(EatWhatYouKill.java:186)
        at app//org.eclipse.jetty.util.thread.strategy.EatWhatYouKill.tryProduce(EatWhatYouKill.java:173)
        at app//org.eclipse.jetty.util.thread.strategy.EatWhatYouKill.produce(EatWhatYouKill.java:137)
        at app//org.eclipse.jetty.io.ManagedSelector$$Lambda/0x00007fd0ac690720.run(Unknown Source)
        at app//org.eclipse.jetty.util.thread.QueuedThreadPool.runJob(QueuedThreadPool.java:883)
        at app//org.eclipse.jetty.util.thread.QueuedThreadPool$Runner.run(QueuedThreadPool.java:1034)
        at java.base@21.0.6/java.lang.Thread.runWith(Thread.java:1596)
        at java.base@21.0.6/java.lang.Thread.run(Thread.java:1583)
"IPC Client (2079571758) connection to 0.0.0.0/0.0.0.0:15002 from runner" daemon prio=5 tid=660 timed_waiting
java.lang.Thread.State: TIMED_WAITING
        at java.base@21.0.6/java.lang.Object.wait0(Native Method)
        at java.base@21.0.6/java.lang.Object.wait(Object.java:366)
        at app//org.apache.hadoop.ipc.Client$Connection.waitForWork(Client.java:1042)
        at app//org.apache.hadoop.ipc.Client$Connection.run(Client.java:1093)
"Socket Reader #5 for port 15035"  prio=5 tid=698 runnable
java.lang.Thread.State: RUNNABLE
        at java.base@21.0.6/sun.nio.ch.EPoll.wait(Native Method)
        at java.base@21.0.6/sun.nio.ch.EPollSelectorImpl.doSelect(EPollSelectorImpl.java:121)
        at java.base@21.0.6/sun.nio.ch.SelectorImpl.lockAndDoSelect(SelectorImpl.java:130)
        at java.base@21.0.6/sun.nio.ch.SelectorImpl.select(SelectorImpl.java:147)
        at app//org.apache.hadoop.ipc.Server$Listener$Reader.doRunLoop(Server.java:1497)
        at app//org.apache.hadoop.ipc.Server$Listener$Reader.run(Server.java:1476)
"Socket Reader #6 for port 15043"  prio=5 tid=771 runnable
java.lang.Thread.State: RUNNABLE
        at java.base@21.0.6/sun.nio.ch.EPoll.wait(Native Method)
        at java.base@21.0.6/sun.nio.ch.EPollSelectorImpl.doSelect(EPollSelectorImpl.java:121)
        at java.base@21.0.6/sun.nio.ch.SelectorImpl.lockAndDoSelect(SelectorImpl.java:130)
        at java.base@21.0.6/sun.nio.ch.SelectorImpl.select(SelectorImpl.java:147)
        at app//org.apache.hadoop.ipc.Server$Listener$Reader.doRunLoop(Server.java:1497)
        at app//org.apache.hadoop.ipc.Server$Listener$Reader.run(Server.java:1476)
"IPC Server handler 69 on default port 15002" daemon prio=5 tid=405 timed_waiting
java.lang.Thread.State: TIMED_WAITING
        at java.base@21.0.6/jdk.internal.misc.Unsafe.park(Native Method)
        at java.base@21.0.6/java.util.concurrent.locks.LockSupport.parkNanos(LockSupport.java:269)
        at java.base@21.0.6/java.util.concurrent.locks.AbstractQueuedSynchronizer$ConditionObject.awaitNanos(AbstractQueuedSynchronizer.java:1763)
        at java.base@21.0.6/java.util.concurrent.LinkedBlockingQueue.poll(LinkedBlockingQueue.java:460)
        at app//org.apache.hadoop.ipc.CallQueueManager.take(CallQueueManager.java:370)
        at app//org.apache.hadoop.ipc.Server$Handler.run(Server.java:3165)
"timer7" daemon prio=5 tid=1021 timed_waiting
java.lang.Thread.State: TIMED_WAITING
        at java.base@21.0.6/java.lang.Object.wait0(Native Method)
        at java.base@21.0.6/java.lang.Object.wait(Object.java:366)
        at java.base@21.0.6/java.util.TimerThread.mainLoop(Timer.java:563)
        at java.base@21.0.6/java.util.TimerThread.run(Timer.java:516)
"IPC Server handler 82 on default port 15000" daemon prio=5 tid=200 timed_waiting
java.lang.Thread.State: TIMED_WAITING
        at java.base@21.0.6/jdk.internal.misc.Unsafe.park(Native Method)
        at java.base@21.0.6/java.util.concurrent.locks.LockSupport.parkNanos(LockSupport.java:269)
        at java.base@21.0.6/java.util.concurrent.locks.AbstractQueuedSynchronizer$ConditionObject.awaitNanos(AbstractQueuedSynchronizer.java:1763)
        at java.base@21.0.6/java.util.concurrent.LinkedBlockingQueue.poll(LinkedBlockingQueue.java:460)
        at app//org.apache.hadoop.ipc.CallQueueManager.take(CallQueueManager.java:370)
        at app//org.apache.hadoop.ipc.Server$Handler.run(Server.java:3165)
"Socket Reader #1 for port 15001"  prio=5 tid=74 runnable
java.lang.Thread.State: RUNNABLE
        at java.base@21.0.6/sun.nio.ch.EPoll.wait(Native Method)
        at java.base@21.0.6/sun.nio.ch.EPollSelectorImpl.doSelect(EPollSelectorImpl.java:121)
        at java.base@21.0.6/sun.nio.ch.SelectorImpl.lockAndDoSelect(SelectorImpl.java:130)
        at java.base@21.0.6/sun.nio.ch.SelectorImpl.select(SelectorImpl.java:147)
        at app//org.apache.hadoop.ipc.Server$Listener$Reader.doRunLoop(Server.java:1497)
        at app//org.apache.hadoop.ipc.Server$Listener$Reader.run(Server.java:1476)
"IPC Server handler 55 on default port 15000" daemon prio=5 tid=173 timed_waiting
java.lang.Thread.State: TIMED_WAITING
        at java.base@21.0.6/jdk.internal.misc.Unsafe.park(Native Method)
        at java.base@21.0.6/java.util.concurrent.locks.LockSupport.parkNanos(LockSupport.java:269)
        at java.base@21.0.6/java.util.concurrent.locks.AbstractQueuedSynchronizer$ConditionObject.awaitNanos(AbstractQueuedSynchronizer.java:1763)
        at java.base@21.0.6/java.util.concurrent.LinkedBlockingQueue.poll(LinkedBlockingQueue.java:460)
        at app//org.apache.hadoop.ipc.CallQueueManager.take(CallQueueManager.java:370)
        at app//org.apache.hadoop.ipc.Server$Handler.run(Server.java:3165)
"om1-DirectoryDeletingService#4" daemon prio=5 tid=477 in Object.wait()
java.lang.Thread.State: WAITING (on object monitor)
        at java.base@21.0.6/jdk.internal.misc.Unsafe.park(Native Method)
        at java.base@21.0.6/java.util.concurrent.locks.LockSupport.park(LockSupport.java:371)
        at java.base@21.0.6/java.util.concurrent.locks.AbstractQueuedSynchronizer$ConditionNode.block(AbstractQueuedSynchronizer.java:519)
        at java.base@21.0.6/java.util.concurrent.ForkJoinPool.unmanagedBlock(ForkJoinPool.java:3780)
        at java.base@21.0.6/java.util.concurrent.ForkJoinPool.managedBlock(ForkJoinPool.java:3725)
        at java.base@21.0.6/java.util.concurrent.locks.AbstractQueuedSynchronizer$ConditionObject.await(AbstractQueuedSynchronizer.java:1712)
        at java.base@21.0.6/java.util.concurrent.ScheduledThreadPoolExecutor$DelayedWorkQueue.take(ScheduledThreadPoolExecutor.java:1170)
        at java.base@21.0.6/java.util.concurrent.ScheduledThreadPoolExecutor$DelayedWorkQueue.take(ScheduledThreadPoolExecutor.java:899)
        at java.base@21.0.6/java.util.concurrent.ThreadPoolExecutor.getTask(ThreadPoolExecutor.java:1070)
        at java.base@21.0.6/java.util.concurrent.ThreadPoolExecutor.runWorker(ThreadPoolExecutor.java:1130)
        at java.base@21.0.6/java.util.concurrent.ThreadPoolExecutor$Worker.run(ThreadPoolExecutor.java:642)
        at java.base@21.0.6/java.lang.Thread.runWith(Thread.java:1596)
        at java.base@21.0.6/java.lang.Thread.run(Thread.java:1583)
"grpc-default-executor-7" daemon prio=5 tid=1040 timed_waiting
java.lang.Thread.State: TIMED_WAITING
        at java.base@21.0.6/jdk.internal.misc.Unsafe.park(Native Method)
        at java.base@21.0.6/java.util.concurrent.locks.LockSupport.parkNanos(LockSupport.java:410)
        at java.base@21.0.6/java.util.concurrent.LinkedTransferQueue$DualNode.await(LinkedTransferQueue.java:452)
        at java.base@21.0.6/java.util.concurrent.SynchronousQueue$Transferer.xferLifo(SynchronousQueue.java:194)
        at java.base@21.0.6/java.util.concurrent.SynchronousQueue.xfer(SynchronousQueue.java:235)
        at java.base@21.0.6/java.util.concurrent.SynchronousQueue.poll(SynchronousQueue.java:338)
        at java.base@21.0.6/java.util.concurrent.ThreadPoolExecutor.getTask(ThreadPoolExecutor.java:1069)
        at java.base@21.0.6/java.util.concurrent.ThreadPoolExecutor.runWorker(ThreadPoolExecutor.java:1130)
        at java.base@21.0.6/java.util.concurrent.ThreadPoolExecutor$Worker.run(ThreadPoolExecutor.java:642)
        at java.base@21.0.6/java.lang.Thread.runWith(Thread.java:1596)
        at java.base@21.0.6/java.lang.Thread.run(Thread.java:1583)
"IPC Server handler 17 on default port 15000" daemon prio=5 tid=135 timed_waiting
java.lang.Thread.State: TIMED_WAITING
        at java.base@21.0.6/jdk.internal.misc.Unsafe.park(Native Method)
        at java.base@21.0.6/java.util.concurrent.locks.LockSupport.parkNanos(LockSupport.java:269)
        at java.base@21.0.6/java.util.concurrent.locks.AbstractQueuedSynchronizer$ConditionObject.awaitNanos(AbstractQueuedSynchronizer.java:1763)
        at java.base@21.0.6/java.util.concurrent.LinkedBlockingQueue.poll(LinkedBlockingQueue.java:460)
        at app//org.apache.hadoop.ipc.CallQueueManager.take(CallQueueManager.java:370)
        at app//org.apache.hadoop.ipc.Server$Handler.run(Server.java:3165)
"org.apache.hadoop.ozone.container.common.statemachine.commandhandler.DeleteBlocksCommandHandler$DeleteCmdWorker@71a65c31" daemon prio=5 tid=612 timed_waiting
java.lang.Thread.State: TIMED_WAITING
        at java.base@21.0.6/java.lang.Thread.sleep0(Native Method)
        at java.base@21.0.6/java.lang.Thread.sleep(Thread.java:509)
        at app//org.apache.hadoop.ozone.container.common.statemachine.commandhandler.DeleteBlocksCommandHandler$DeleteCmdWorker.run(DeleteBlocksCommandHandler.java:255)
        at java.base@21.0.6/java.lang.Thread.runWith(Thread.java:1596)
        at java.base@21.0.6/java.lang.Thread.run(Thread.java:1583)
"4a3059aa-ae89-4e47-8f1e-08d61ab31d43@group-93F6C2665618-SegmentedRaftLogWorker"  prio=5 tid=951 timed_waiting
java.lang.Thread.State: TIMED_WAITING
        at java.base@21.0.6/jdk.internal.misc.Unsafe.park(Native Method)
        at java.base@21.0.6/java.util.concurrent.locks.LockSupport.parkNanos(LockSupport.java:269)
        at java.base@21.0.6/java.util.concurrent.locks.AbstractQueuedSynchronizer$ConditionObject.awaitNanos(AbstractQueuedSynchronizer.java:1763)
        at app//org.apache.ratis.util.DataBlockingQueue.poll(DataBlockingQueue.java:148)
        at app//org.apache.ratis.server.raftlog.segmented.SegmentedRaftLogWorker.run(SegmentedRaftLogWorker.java:307)
        at app//org.apache.ratis.server.raftlog.segmented.SegmentedRaftLogWorker$$Lambda/0x00007fd0ac390888.run(Unknown Source)
        at java.base@21.0.6/java.util.concurrent.Executors$RunnableAdapter.call(Executors.java:572)
        at java.base@21.0.6/java.util.concurrent.FutureTask.run(FutureTask.java:317)
        at java.base@21.0.6/java.util.concurrent.ThreadPoolExecutor.runWorker(ThreadPoolExecutor.java:1144)
        at java.base@21.0.6/java.util.concurrent.ThreadPoolExecutor$Worker.run(ThreadPoolExecutor.java:642)
        at java.base@21.0.6/java.lang.Thread.runWith(Thread.java:1596)
        at java.base@21.0.6/java.lang.Thread.run(Thread.java:1583)
"IPC Server handler 17 on default port 15006" daemon prio=5 tid=512 timed_waiting
java.lang.Thread.State: TIMED_WAITING
        at java.base@21.0.6/jdk.internal.misc.Unsafe.park(Native Method)
        at java.base@21.0.6/java.util.concurrent.locks.LockSupport.parkNanos(LockSupport.java:269)
        at java.base@21.0.6/java.util.concurrent.locks.AbstractQueuedSynchronizer$ConditionObject.awaitNanos(AbstractQueuedSynchronizer.java:1763)
        at java.base@21.0.6/java.util.concurrent.LinkedBlockingQueue.poll(LinkedBlockingQueue.java:460)
        at app//org.apache.hadoop.ipc.CallQueueManager.take(CallQueueManager.java:370)
        at app//org.apache.hadoop.ipc.Server$Handler.run(Server.java:3165)
"IPC Server handler 15 on default port 15001" daemon prio=5 tid=233 timed_waiting
java.lang.Thread.State: TIMED_WAITING
        at java.base@21.0.6/jdk.internal.misc.Unsafe.park(Native Method)
        at java.base@21.0.6/java.util.concurrent.locks.LockSupport.parkNanos(LockSupport.java:269)
        at java.base@21.0.6/java.util.concurrent.locks.AbstractQueuedSynchronizer$ConditionObject.awaitNanos(AbstractQueuedSynchronizer.java:1763)
        at java.base@21.0.6/java.util.concurrent.LinkedBlockingQueue.poll(LinkedBlockingQueue.java:460)
        at app//org.apache.hadoop.ipc.CallQueueManager.take(CallQueueManager.java:370)
        at app//org.apache.hadoop.ipc.Server$Handler.run(Server.java:3165)
"IPC Server handler 4 on default port 15027" daemon prio=5 tid=641 timed_waiting
java.lang.Thread.State: TIMED_WAITING
        at java.base@21.0.6/jdk.internal.misc.Unsafe.park(Native Method)
        at java.base@21.0.6/java.util.concurrent.locks.LockSupport.parkNanos(LockSupport.java:269)
        at java.base@21.0.6/java.util.concurrent.locks.AbstractQueuedSynchronizer$ConditionObject.awaitNanos(AbstractQueuedSynchronizer.java:1763)
        at java.base@21.0.6/java.util.concurrent.LinkedBlockingQueue.poll(LinkedBlockingQueue.java:460)
        at app//org.apache.hadoop.ipc.CallQueueManager.take(CallQueueManager.java:370)
        at app//org.apache.hadoop.ipc.Server$Handler.run(Server.java:3165)
"IPC Server handler 9 on default port 15035" daemon prio=5 tid=716 timed_waiting
java.lang.Thread.State: TIMED_WAITING
        at java.base@21.0.6/jdk.internal.misc.Unsafe.park(Native Method)
        at java.base@21.0.6/java.util.concurrent.locks.LockSupport.parkNanos(LockSupport.java:269)
        at java.base@21.0.6/java.util.concurrent.locks.AbstractQueuedSynchronizer$ConditionObject.awaitNanos(AbstractQueuedSynchronizer.java:1763)
        at java.base@21.0.6/java.util.concurrent.LinkedBlockingQueue.poll(LinkedBlockingQueue.java:460)
        at app//org.apache.hadoop.ipc.CallQueueManager.take(CallQueueManager.java:370)
        at app//org.apache.hadoop.ipc.Server$Handler.run(Server.java:3165)
"IPC Parameter Sending Thread for 0.0.0.0/0.0.0.0:15002" daemon prio=5 tid=661 timed_waiting
java.lang.Thread.State: TIMED_WAITING
        at java.base@21.0.6/jdk.internal.misc.Unsafe.park(Native Method)
        at java.base@21.0.6/java.util.concurrent.locks.LockSupport.parkNanos(LockSupport.java:410)
        at java.base@21.0.6/java.util.concurrent.LinkedTransferQueue$DualNode.await(LinkedTransferQueue.java:452)
        at java.base@21.0.6/java.util.concurrent.LinkedTransferQueue.xfer(LinkedTransferQueue.java:613)
        at java.base@21.0.6/java.util.concurrent.SynchronousQueue.xfer(SynchronousQueue.java:235)
        at java.base@21.0.6/java.util.concurrent.SynchronousQueue.poll(SynchronousQueue.java:338)
        at app//org.apache.hadoop.ipc.Client$Connection$RpcRequestSender.run(Client.java:1121)
        at java.base@21.0.6/java.lang.Thread.runWith(Thread.java:1596)
        at java.base@21.0.6/java.lang.Thread.run(Thread.java:1583)
"Notification Thread" daemon prio=9 tid=22 runnable
java.lang.Thread.State: RUNNABLE
"qtp1419970068-666" daemon prio=5 tid=666 runnable
java.lang.Thread.State: RUNNABLE
        at java.base@21.0.6/sun.nio.ch.EPoll.wait(Native Method)
        at java.base@21.0.6/sun.nio.ch.EPollSelectorImpl.doSelect(EPollSelectorImpl.java:121)
        at java.base@21.0.6/sun.nio.ch.SelectorImpl.lockAndDoSelect(SelectorImpl.java:130)
        at java.base@21.0.6/sun.nio.ch.SelectorImpl.select(SelectorImpl.java:147)
        at app//org.eclipse.jetty.io.ManagedSelector.nioSelect(ManagedSelector.java:183)
        at app//org.eclipse.jetty.io.ManagedSelector.select(ManagedSelector.java:190)
        at app//org.eclipse.jetty.io.ManagedSelector$SelectorProducer.select(ManagedSelector.java:606)
        at app//org.eclipse.jetty.io.ManagedSelector$SelectorProducer.produce(ManagedSelector.java:543)
        at app//org.eclipse.jetty.util.thread.strategy.EatWhatYouKill.produceTask(EatWhatYouKill.java:362)
        at app//org.eclipse.jetty.util.thread.strategy.EatWhatYouKill.doProduce(EatWhatYouKill.java:186)
        at app//org.eclipse.jetty.util.thread.strategy.EatWhatYouKill.tryProduce(EatWhatYouKill.java:173)
        at app//org.eclipse.jetty.util.thread.strategy.EatWhatYouKill.produce(EatWhatYouKill.java:137)
        at app//org.eclipse.jetty.io.ManagedSelector$$Lambda/0x00007fd0ac690720.run(Unknown Source)
        at app//org.eclipse.jetty.util.thread.QueuedThreadPool.runJob(QueuedThreadPool.java:883)
        at app//org.eclipse.jetty.util.thread.QueuedThreadPool$Runner.run(QueuedThreadPool.java:1034)
        at java.base@21.0.6/java.lang.Thread.runWith(Thread.java:1596)
        at java.base@21.0.6/java.lang.Thread.run(Thread.java:1583)
"IPC Server handler 65 on default port 15000" daemon prio=5 tid=183 timed_waiting
java.lang.Thread.State: TIMED_WAITING
        at java.base@21.0.6/jdk.internal.misc.Unsafe.park(Native Method)
        at java.base@21.0.6/java.util.concurrent.locks.LockSupport.parkNanos(LockSupport.java:269)
        at java.base@21.0.6/java.util.concurrent.locks.AbstractQueuedSynchronizer$ConditionObject.awaitNanos(AbstractQueuedSynchronizer.java:1763)
        at java.base@21.0.6/java.util.concurrent.LinkedBlockingQueue.poll(LinkedBlockingQueue.java:460)
        at app//org.apache.hadoop.ipc.CallQueueManager.take(CallQueueManager.java:370)
        at app//org.apache.hadoop.ipc.Server$Handler.run(Server.java:3165)
"IPC Server handler 14 on default port 15006" daemon prio=5 tid=509 timed_waiting
java.lang.Thread.State: TIMED_WAITING
        at java.base@21.0.6/jdk.internal.misc.Unsafe.park(Native Method)
        at java.base@21.0.6/java.util.concurrent.locks.LockSupport.parkNanos(LockSupport.java:269)
        at java.base@21.0.6/java.util.concurrent.locks.AbstractQueuedSynchronizer$ConditionObject.awaitNanos(AbstractQueuedSynchronizer.java:1763)
        at java.base@21.0.6/java.util.concurrent.LinkedBlockingQueue.poll(LinkedBlockingQueue.java:460)
        at app//org.apache.hadoop.ipc.CallQueueManager.take(CallQueueManager.java:370)
        at app//org.apache.hadoop.ipc.Server$Handler.run(Server.java:3165)
"4a3059aa-ae89-4e47-8f1e-08d61ab31d43-NettyServerStreamRpc-bossGroup--thread1"  prio=5 tid=743 runnable
java.lang.Thread.State: RUNNABLE
        at app//org.apache.ratis.thirdparty.io.netty.channel.epoll.Native.epollWait(Native Method)
        at app//org.apache.ratis.thirdparty.io.netty.channel.epoll.Native.epollWait(Native.java:220)
        at app//org.apache.ratis.thirdparty.io.netty.channel.epoll.Native.epollWait(Native.java:213)
        at app//org.apache.ratis.thirdparty.io.netty.channel.epoll.EpollEventLoop.epollWaitNoTimerChange(EpollEventLoop.java:308)
        at app//org.apache.ratis.thirdparty.io.netty.channel.epoll.EpollEventLoop.run(EpollEventLoop.java:365)
        at app//org.apache.ratis.thirdparty.io.netty.util.concurrent.SingleThreadEventExecutor$4.run(SingleThreadEventExecutor.java:997)
        at app//org.apache.ratis.thirdparty.io.netty.util.internal.ThreadExecutorMap$2.run(ThreadExecutorMap.java:74)
        at java.base@21.0.6/java.lang.Thread.runWith(Thread.java:1596)
        at java.base@21.0.6/java.lang.Thread.run(Thread.java:1583)
"Socket Reader #8 for port 15019"  prio=5 tid=585 runnable
java.lang.Thread.State: RUNNABLE
        at java.base@21.0.6/sun.nio.ch.EPoll.wait(Native Method)
        at java.base@21.0.6/sun.nio.ch.EPollSelectorImpl.doSelect(EPollSelectorImpl.java:121)
        at java.base@21.0.6/sun.nio.ch.SelectorImpl.lockAndDoSelect(SelectorImpl.java:130)
        at java.base@21.0.6/sun.nio.ch.SelectorImpl.select(SelectorImpl.java:147)
        at app//org.apache.hadoop.ipc.Server$Listener$Reader.doRunLoop(Server.java:1497)
        at app//org.apache.hadoop.ipc.Server$Listener$Reader.run(Server.java:1476)
"IPC Server handler 36 on default port 15002" daemon prio=5 tid=372 timed_waiting
java.lang.Thread.State: TIMED_WAITING
        at java.base@21.0.6/jdk.internal.misc.Unsafe.park(Native Method)
        at java.base@21.0.6/java.util.concurrent.locks.LockSupport.parkNanos(LockSupport.java:269)
        at java.base@21.0.6/java.util.concurrent.locks.AbstractQueuedSynchronizer$ConditionObject.awaitNanos(AbstractQueuedSynchronizer.java:1763)
        at java.base@21.0.6/java.util.concurrent.LinkedBlockingQueue.poll(LinkedBlockingQueue.java:460)
        at app//org.apache.hadoop.ipc.CallQueueManager.take(CallQueueManager.java:370)
        at app//org.apache.hadoop.ipc.Server$Handler.run(Server.java:3165)
"IPC Server handler 94 on default port 15001" daemon prio=5 tid=312 timed_waiting
java.lang.Thread.State: TIMED_WAITING
        at java.base@21.0.6/jdk.internal.misc.Unsafe.park(Native Method)
        at java.base@21.0.6/java.util.concurrent.locks.LockSupport.parkNanos(LockSupport.java:269)
        at java.base@21.0.6/java.util.concurrent.locks.AbstractQueuedSynchronizer$ConditionObject.awaitNanos(AbstractQueuedSynchronizer.java:1763)
        at java.base@21.0.6/java.util.concurrent.LinkedBlockingQueue.poll(LinkedBlockingQueue.java:460)
        at app//org.apache.hadoop.ipc.CallQueueManager.take(CallQueueManager.java:370)
        at app//org.apache.hadoop.ipc.Server$Handler.run(Server.java:3165)
"IPC Server handler 65 on default port 15001" daemon prio=5 tid=283 timed_waiting
java.lang.Thread.State: TIMED_WAITING
        at java.base@21.0.6/jdk.internal.misc.Unsafe.park(Native Method)
        at java.base@21.0.6/java.util.concurrent.locks.LockSupport.parkNanos(LockSupport.java:269)
        at java.base@21.0.6/java.util.concurrent.locks.AbstractQueuedSynchronizer$ConditionObject.awaitNanos(AbstractQueuedSynchronizer.java:1763)
        at java.base@21.0.6/java.util.concurrent.LinkedBlockingQueue.poll(LinkedBlockingQueue.java:460)
        at app//org.apache.hadoop.ipc.CallQueueManager.take(CallQueueManager.java:370)
        at app//org.apache.hadoop.ipc.Server$Handler.run(Server.java:3165)
"Socket Reader #3 for port 15001"  prio=5 tid=76 runnable
java.lang.Thread.State: RUNNABLE
        at java.base@21.0.6/sun.nio.ch.EPoll.wait(Native Method)
        at java.base@21.0.6/sun.nio.ch.EPollSelectorImpl.doSelect(EPollSelectorImpl.java:121)
        at java.base@21.0.6/sun.nio.ch.SelectorImpl.lockAndDoSelect(SelectorImpl.java:130)
        at java.base@21.0.6/sun.nio.ch.SelectorImpl.select(SelectorImpl.java:147)
        at app//org.apache.hadoop.ipc.Server$Listener$Reader.doRunLoop(Server.java:1497)
        at app//org.apache.hadoop.ipc.Server$Listener$Reader.run(Server.java:1476)
"IPC Server handler 79 on default port 15000" daemon prio=5 tid=197 timed_waiting
java.lang.Thread.State: TIMED_WAITING
        at java.base@21.0.6/jdk.internal.misc.Unsafe.park(Native Method)
        at java.base@21.0.6/java.util.concurrent.locks.LockSupport.parkNanos(LockSupport.java:269)
        at java.base@21.0.6/java.util.concurrent.locks.AbstractQueuedSynchronizer$ConditionObject.awaitNanos(AbstractQueuedSynchronizer.java:1763)
        at java.base@21.0.6/java.util.concurrent.LinkedBlockingQueue.poll(LinkedBlockingQueue.java:460)
        at app//org.apache.hadoop.ipc.CallQueueManager.take(CallQueueManager.java:370)
        at app//org.apache.hadoop.ipc.Server$Handler.run(Server.java:3165)
"timer0" daemon prio=5 tid=1022 timed_waiting
java.lang.Thread.State: TIMED_WAITING
        at java.base@21.0.6/java.lang.Object.wait0(Native Method)
        at java.base@21.0.6/java.lang.Object.wait(Object.java:366)
        at java.base@21.0.6/java.util.TimerThread.mainLoop(Timer.java:563)
        at java.base@21.0.6/java.util.TimerThread.run(Timer.java:516)
"om1-DirectoryDeletingService#6" daemon prio=5 tid=479 in Object.wait()
java.lang.Thread.State: WAITING (on object monitor)
        at java.base@21.0.6/jdk.internal.misc.Unsafe.park(Native Method)
        at java.base@21.0.6/java.util.concurrent.locks.LockSupport.park(LockSupport.java:371)
        at java.base@21.0.6/java.util.concurrent.locks.AbstractQueuedSynchronizer$ConditionNode.block(AbstractQueuedSynchronizer.java:519)
        at java.base@21.0.6/java.util.concurrent.ForkJoinPool.unmanagedBlock(ForkJoinPool.java:3780)
        at java.base@21.0.6/java.util.concurrent.ForkJoinPool.managedBlock(ForkJoinPool.java:3725)
        at java.base@21.0.6/java.util.concurrent.locks.AbstractQueuedSynchronizer$ConditionObject.await(AbstractQueuedSynchronizer.java:1712)
        at java.base@21.0.6/java.util.concurrent.ScheduledThreadPoolExecutor$DelayedWorkQueue.take(ScheduledThreadPoolExecutor.java:1170)
        at java.base@21.0.6/java.util.concurrent.ScheduledThreadPoolExecutor$DelayedWorkQueue.take(ScheduledThreadPoolExecutor.java:899)
        at java.base@21.0.6/java.util.concurrent.ThreadPoolExecutor.getTask(ThreadPoolExecutor.java:1070)
        at java.base@21.0.6/java.util.concurrent.ThreadPoolExecutor.runWorker(ThreadPoolExecutor.java:1130)
        at java.base@21.0.6/java.util.concurrent.ThreadPoolExecutor$Worker.run(ThreadPoolExecutor.java:642)
        at java.base@21.0.6/java.lang.Thread.runWith(Thread.java:1596)
        at java.base@21.0.6/java.lang.Thread.run(Thread.java:1583)
"IPC Server handler 73 on default port 15000" daemon prio=5 tid=191 timed_waiting
java.lang.Thread.State: TIMED_WAITING
        at java.base@21.0.6/jdk.internal.misc.Unsafe.park(Native Method)
        at java.base@21.0.6/java.util.concurrent.locks.LockSupport.parkNanos(LockSupport.java:269)
        at java.base@21.0.6/java.util.concurrent.locks.AbstractQueuedSynchronizer$ConditionObject.awaitNanos(AbstractQueuedSynchronizer.java:1763)
        at java.base@21.0.6/java.util.concurrent.LinkedBlockingQueue.poll(LinkedBlockingQueue.java:460)
        at app//org.apache.hadoop.ipc.CallQueueManager.take(CallQueueManager.java:370)
        at app//org.apache.hadoop.ipc.Server$Handler.run(Server.java:3165)
"4a3059aa-ae89-4e47-8f1e-08d61ab31d43@group-93F6C2665618-LeaderStateImpl" daemon prio=5 tid=1033 timed_waiting
java.lang.Thread.State: TIMED_WAITING
        at java.base@21.0.6/jdk.internal.misc.Unsafe.park(Native Method)
        at java.base@21.0.6/java.util.concurrent.locks.LockSupport.parkNanos(LockSupport.java:269)
        at java.base@21.0.6/java.util.concurrent.locks.AbstractQueuedSynchronizer$ConditionObject.awaitNanos(AbstractQueuedSynchronizer.java:1763)
        at java.base@21.0.6/java.util.concurrent.ArrayBlockingQueue.poll(ArrayBlockingQueue.java:435)
        at app//org.apache.ratis.server.impl.LeaderStateImpl$EventQueue.poll(LeaderStateImpl.java:164)
        at app//org.apache.ratis.server.impl.LeaderStateImpl$EventProcessor.run(LeaderStateImpl.java:763)
"ContainerMetadataScanner" daemon prio=5 tid=839 timed_waiting
java.lang.Thread.State: TIMED_WAITING
        at java.base@21.0.6/java.lang.Thread.sleep0(Native Method)
        at java.base@21.0.6/java.lang.Thread.sleep(Thread.java:509)
        at app//org.apache.hadoop.ozone.container.ozoneimpl.AbstractBackgroundContainerScanner.handleRemainingSleep(AbstractBackgroundContainerScanner.java:133)
        at app//org.apache.hadoop.ozone.container.ozoneimpl.AbstractBackgroundContainerScanner.runIteration(AbstractBackgroundContainerScanner.java:100)
        at app//org.apache.hadoop.ozone.container.ozoneimpl.AbstractBackgroundContainerScanner.run(AbstractBackgroundContainerScanner.java:59)
        at java.base@21.0.6/java.lang.Thread.runWith(Thread.java:1596)
        at java.base@21.0.6/java.lang.Thread.run(Thread.java:1583)
"IPC Server handler 3 on default port 15002" daemon prio=5 tid=339 timed_waiting
java.lang.Thread.State: TIMED_WAITING
        at java.base@21.0.6/jdk.internal.misc.Unsafe.park(Native Method)
        at java.base@21.0.6/java.util.concurrent.locks.LockSupport.parkNanos(LockSupport.java:269)
        at java.base@21.0.6/java.util.concurrent.locks.AbstractQueuedSynchronizer$ConditionObject.awaitNanos(AbstractQueuedSynchronizer.java:1763)
        at java.base@21.0.6/java.util.concurrent.LinkedBlockingQueue.poll(LinkedBlockingQueue.java:460)
        at app//org.apache.hadoop.ipc.CallQueueManager.take(CallQueueManager.java:370)
        at app//org.apache.hadoop.ipc.Server$Handler.run(Server.java:3165)
"IPC Server handler 17 on default port 15002" daemon prio=5 tid=353 timed_waiting
java.lang.Thread.State: TIMED_WAITING
        at java.base@21.0.6/jdk.internal.misc.Unsafe.park(Native Method)
        at java.base@21.0.6/java.util.concurrent.locks.LockSupport.parkNanos(LockSupport.java:269)
        at java.base@21.0.6/java.util.concurrent.locks.AbstractQueuedSynchronizer$ConditionObject.awaitNanos(AbstractQueuedSynchronizer.java:1763)
        at java.base@21.0.6/java.util.concurrent.LinkedBlockingQueue.poll(LinkedBlockingQueue.java:460)
        at app//org.apache.hadoop.ipc.CallQueueManager.take(CallQueueManager.java:370)
        at app//org.apache.hadoop.ipc.Server$Handler.run(Server.java:3165)
"EventQueue-NodeReportForNodeReportHandler" daemon prio=5 tid=832 in Object.wait()
java.lang.Thread.State: WAITING (on object monitor)
        at java.base@21.0.6/jdk.internal.misc.Unsafe.park(Native Method)
        at java.base@21.0.6/java.util.concurrent.locks.LockSupport.park(LockSupport.java:371)
        at java.base@21.0.6/java.util.concurrent.locks.AbstractQueuedSynchronizer$ConditionNode.block(AbstractQueuedSynchronizer.java:519)
        at java.base@21.0.6/java.util.concurrent.ForkJoinPool.unmanagedBlock(ForkJoinPool.java:3780)
        at java.base@21.0.6/java.util.concurrent.ForkJoinPool.managedBlock(ForkJoinPool.java:3725)
        at java.base@21.0.6/java.util.concurrent.locks.AbstractQueuedSynchronizer$ConditionObject.await(AbstractQueuedSynchronizer.java:1712)
        at java.base@21.0.6/java.util.concurrent.LinkedBlockingQueue.take(LinkedBlockingQueue.java:435)
        at java.base@21.0.6/java.util.concurrent.ThreadPoolExecutor.getTask(ThreadPoolExecutor.java:1070)
        at java.base@21.0.6/java.util.concurrent.ThreadPoolExecutor.runWorker(ThreadPoolExecutor.java:1130)
        at java.base@21.0.6/java.util.concurrent.ThreadPoolExecutor$Worker.run(ThreadPoolExecutor.java:642)
        at java.base@21.0.6/java.lang.Thread.runWith(Thread.java:1596)
        at java.base@21.0.6/java.lang.Thread.run(Thread.java:1583)
"org.apache.hadoop.ozone.container.common.statemachine.commandhandler.DeleteBlocksCommandHandler$DeleteCmdWorker@35b331de" daemon prio=5 tid=566 timed_waiting
java.lang.Thread.State: TIMED_WAITING
        at java.base@21.0.6/java.lang.Thread.sleep0(Native Method)
        at java.base@21.0.6/java.lang.Thread.sleep(Thread.java:509)
        at app//org.apache.hadoop.ozone.container.common.statemachine.commandhandler.DeleteBlocksCommandHandler$DeleteCmdWorker.run(DeleteBlocksCommandHandler.java:255)
        at java.base@21.0.6/java.lang.Thread.runWith(Thread.java:1596)
        at java.base@21.0.6/java.lang.Thread.run(Thread.java:1583)
"IPC Server handler 38 on default port 15002" daemon prio=5 tid=374 timed_waiting
java.lang.Thread.State: TIMED_WAITING
        at java.base@21.0.6/jdk.internal.misc.Unsafe.park(Native Method)
        at java.base@21.0.6/java.util.concurrent.locks.LockSupport.parkNanos(LockSupport.java:269)
        at java.base@21.0.6/java.util.concurrent.locks.AbstractQueuedSynchronizer$ConditionObject.awaitNanos(AbstractQueuedSynchronizer.java:1763)
        at java.base@21.0.6/java.util.concurrent.LinkedBlockingQueue.poll(LinkedBlockingQueue.java:460)
        at app//org.apache.hadoop.ipc.CallQueueManager.take(CallQueueManager.java:370)
        at app//org.apache.hadoop.ipc.Server$Handler.run(Server.java:3165)
"Socket Reader #9 for port 15027"  prio=5 tid=632 runnable
java.lang.Thread.State: RUNNABLE
        at java.base@21.0.6/sun.nio.ch.EPoll.wait(Native Method)
        at java.base@21.0.6/sun.nio.ch.EPollSelectorImpl.doSelect(EPollSelectorImpl.java:121)
        at java.base@21.0.6/sun.nio.ch.SelectorImpl.lockAndDoSelect(SelectorImpl.java:130)
        at java.base@21.0.6/sun.nio.ch.SelectorImpl.select(SelectorImpl.java:147)
        at app//org.apache.hadoop.ipc.Server$Listener$Reader.doRunLoop(Server.java:1497)
        at app//org.apache.hadoop.ipc.Server$Listener$Reader.run(Server.java:1476)
"Socket Reader #8 for port 15002"  prio=5 tid=67 runnable
java.lang.Thread.State: RUNNABLE
        at java.base@21.0.6/sun.nio.ch.EPoll.wait(Native Method)
        at java.base@21.0.6/sun.nio.ch.EPollSelectorImpl.doSelect(EPollSelectorImpl.java:121)
        at java.base@21.0.6/sun.nio.ch.SelectorImpl.lockAndDoSelect(SelectorImpl.java:130)
        at java.base@21.0.6/sun.nio.ch.SelectorImpl.select(SelectorImpl.java:147)
        at app//org.apache.hadoop.ipc.Server$Listener$Reader.doRunLoop(Server.java:1497)
        at app//org.apache.hadoop.ipc.Server$Listener$Reader.run(Server.java:1476)
"om1-groupManagement"  prio=5 tid=445 in Object.wait()
java.lang.Thread.State: WAITING (on object monitor)
        at java.base@21.0.6/jdk.internal.misc.Unsafe.park(Native Method)
        at java.base@21.0.6/java.util.concurrent.locks.LockSupport.park(LockSupport.java:371)
        at java.base@21.0.6/java.util.concurrent.locks.AbstractQueuedSynchronizer$ConditionNode.block(AbstractQueuedSynchronizer.java:519)
        at java.base@21.0.6/java.util.concurrent.ForkJoinPool.unmanagedBlock(ForkJoinPool.java:3780)
        at java.base@21.0.6/java.util.concurrent.ForkJoinPool.managedBlock(ForkJoinPool.java:3725)
        at java.base@21.0.6/java.util.concurrent.locks.AbstractQueuedSynchronizer$ConditionObject.await(AbstractQueuedSynchronizer.java:1712)
        at java.base@21.0.6/java.util.concurrent.LinkedBlockingQueue.take(LinkedBlockingQueue.java:435)
        at java.base@21.0.6/java.util.concurrent.ThreadPoolExecutor.getTask(ThreadPoolExecutor.java:1070)
        at java.base@21.0.6/java.util.concurrent.ThreadPoolExecutor.runWorker(ThreadPoolExecutor.java:1130)
        at java.base@21.0.6/java.util.concurrent.ThreadPoolExecutor$Worker.run(ThreadPoolExecutor.java:642)
        at java.base@21.0.6/java.lang.Thread.runWith(Thread.java:1596)
        at java.base@21.0.6/java.lang.Thread.run(Thread.java:1583)
"Socket Reader #4 for port 15006"  prio=5 tid=451 runnable
java.lang.Thread.State: RUNNABLE
        at java.base@21.0.6/sun.nio.ch.EPoll.wait(Native Method)
        at java.base@21.0.6/sun.nio.ch.EPollSelectorImpl.doSelect(EPollSelectorImpl.java:121)
        at java.base@21.0.6/sun.nio.ch.SelectorImpl.lockAndDoSelect(SelectorImpl.java:130)
        at java.base@21.0.6/sun.nio.ch.SelectorImpl.select(SelectorImpl.java:147)
        at app//org.apache.hadoop.ipc.Server$Listener$Reader.doRunLoop(Server.java:1497)
        at app//org.apache.hadoop.ipc.Server$Listener$Reader.run(Server.java:1476)
"FixedThreadPoolWithAffinityExecutor-2-0" daemon prio=5 tid=103 timed_waiting
java.lang.Thread.State: TIMED_WAITING
        at java.base@21.0.6/jdk.internal.misc.Unsafe.park(Native Method)
        at java.base@21.0.6/java.util.concurrent.locks.LockSupport.parkNanos(LockSupport.java:269)
        at java.base@21.0.6/java.util.concurrent.locks.AbstractQueuedSynchronizer$ConditionObject.awaitNanos(AbstractQueuedSynchronizer.java:1763)
        at java.base@21.0.6/java.util.concurrent.LinkedBlockingQueue.poll(LinkedBlockingQueue.java:460)
        at app//org.apache.hadoop.hdds.scm.server.ContainerReportQueue.poll(ContainerReportQueue.java:269)
        at app//org.apache.hadoop.hdds.scm.server.ContainerReportQueue.poll(ContainerReportQueue.java:42)
        at app//org.apache.hadoop.hdds.server.events.FixedThreadPoolWithAffinityExecutor$ContainerReportProcessTask.run(FixedThreadPoolWithAffinityExecutor.java:254)
        at java.base@21.0.6/java.util.concurrent.Executors$RunnableAdapter.call(Executors.java:572)
        at java.base@21.0.6/java.util.concurrent.FutureTask.run(FutureTask.java:317)
        at java.base@21.0.6/java.util.concurrent.ThreadPoolExecutor.runWorker(ThreadPoolExecutor.java:1144)
        at java.base@21.0.6/java.util.concurrent.ThreadPoolExecutor$Worker.run(ThreadPoolExecutor.java:642)
        at java.base@21.0.6/java.lang.Thread.runWith(Thread.java:1596)
        at java.base@21.0.6/java.lang.Thread.run(Thread.java:1583)
"Socket Reader #10 for port 15027"  prio=5 tid=633 runnable
java.lang.Thread.State: RUNNABLE
        at java.base@21.0.6/sun.nio.ch.EPoll.wait(Native Method)
        at java.base@21.0.6/sun.nio.ch.EPollSelectorImpl.doSelect(EPollSelectorImpl.java:121)
        at java.base@21.0.6/sun.nio.ch.SelectorImpl.lockAndDoSelect(SelectorImpl.java:130)
        at java.base@21.0.6/sun.nio.ch.SelectorImpl.select(SelectorImpl.java:147)
        at app//org.apache.hadoop.ipc.Server$Listener$Reader.doRunLoop(Server.java:1497)
        at app//org.apache.hadoop.ipc.Server$Listener$Reader.run(Server.java:1476)
"IPC Server handler 50 on default port 15000" daemon prio=5 tid=168 timed_waiting
java.lang.Thread.State: TIMED_WAITING
        at java.base@21.0.6/jdk.internal.misc.Unsafe.park(Native Method)
        at java.base@21.0.6/java.util.concurrent.locks.LockSupport.parkNanos(LockSupport.java:269)
        at java.base@21.0.6/java.util.concurrent.locks.AbstractQueuedSynchronizer$ConditionObject.awaitNanos(AbstractQueuedSynchronizer.java:1763)
        at java.base@21.0.6/java.util.concurrent.LinkedBlockingQueue.poll(LinkedBlockingQueue.java:460)
        at app//org.apache.hadoop.ipc.CallQueueManager.take(CallQueueManager.java:370)
        at app//org.apache.hadoop.ipc.Server$Handler.run(Server.java:3165)
"IPC Server handler 54 on default port 15001" daemon prio=5 tid=272 timed_waiting
java.lang.Thread.State: TIMED_WAITING
        at java.base@21.0.6/jdk.internal.misc.Unsafe.park(Native Method)
        at java.base@21.0.6/java.util.concurrent.locks.LockSupport.parkNanos(LockSupport.java:269)
        at java.base@21.0.6/java.util.concurrent.locks.AbstractQueuedSynchronizer$ConditionObject.awaitNanos(AbstractQueuedSynchronizer.java:1763)
        at java.base@21.0.6/java.util.concurrent.LinkedBlockingQueue.poll(LinkedBlockingQueue.java:460)
        at app//org.apache.hadoop.ipc.CallQueueManager.take(CallQueueManager.java:370)
        at app//org.apache.hadoop.ipc.Server$Handler.run(Server.java:3165)
"IPC Server handler 13 on default port 15001" daemon prio=5 tid=231 timed_waiting
java.lang.Thread.State: TIMED_WAITING
        at java.base@21.0.6/jdk.internal.misc.Unsafe.park(Native Method)
        at java.base@21.0.6/java.util.concurrent.locks.LockSupport.parkNanos(LockSupport.java:269)
        at java.base@21.0.6/java.util.concurrent.locks.AbstractQueuedSynchronizer$ConditionObject.awaitNanos(AbstractQueuedSynchronizer.java:1763)
        at java.base@21.0.6/java.util.concurrent.LinkedBlockingQueue.poll(LinkedBlockingQueue.java:460)
        at app//org.apache.hadoop.ipc.CallQueueManager.take(CallQueueManager.java:370)
        at app//org.apache.hadoop.ipc.Server$Handler.run(Server.java:3165)
"MutableQuantiles-0" daemon prio=5 tid=516 timed_waiting
java.lang.Thread.State: TIMED_WAITING
        at java.base@21.0.6/jdk.internal.misc.Unsafe.park(Native Method)
        at java.base@21.0.6/java.util.concurrent.locks.LockSupport.parkNanos(LockSupport.java:269)
        at java.base@21.0.6/java.util.concurrent.locks.AbstractQueuedSynchronizer$ConditionObject.awaitNanos(AbstractQueuedSynchronizer.java:1763)
        at java.base@21.0.6/java.util.concurrent.ScheduledThreadPoolExecutor$DelayedWorkQueue.take(ScheduledThreadPoolExecutor.java:1182)
        at java.base@21.0.6/java.util.concurrent.ScheduledThreadPoolExecutor$DelayedWorkQueue.take(ScheduledThreadPoolExecutor.java:899)
        at java.base@21.0.6/java.util.concurrent.ThreadPoolExecutor.getTask(ThreadPoolExecutor.java:1070)
        at java.base@21.0.6/java.util.concurrent.ThreadPoolExecutor.runWorker(ThreadPoolExecutor.java:1130)
        at java.base@21.0.6/java.util.concurrent.ThreadPoolExecutor$Worker.run(ThreadPoolExecutor.java:642)
        at java.base@21.0.6/java.lang.Thread.runWith(Thread.java:1596)
        at java.base@21.0.6/java.lang.Thread.run(Thread.java:1583)
"d6a19b8b-82a2-4947-8b44-7228be6ad053@group-6CDEAD350F28-StateMachineUpdater" daemon prio=5 tid=947 timed_waiting
java.lang.Thread.State: TIMED_WAITING
        at java.base@21.0.6/jdk.internal.misc.Unsafe.park(Native Method)
        at java.base@21.0.6/java.util.concurrent.locks.LockSupport.parkNanos(LockSupport.java:269)
        at java.base@21.0.6/java.util.concurrent.locks.AbstractQueuedSynchronizer$ConditionObject.await(AbstractQueuedSynchronizer.java:1852)
        at app//org.apache.ratis.util.AwaitForSignal.await(AwaitForSignal.java:65)
        at app//org.apache.ratis.server.impl.StateMachineUpdater.waitForCommit(StateMachineUpdater.java:219)
        at app//org.apache.ratis.server.impl.StateMachineUpdater.run(StateMachineUpdater.java:187)
        at java.base@21.0.6/java.lang.Thread.runWith(Thread.java:1596)
        at java.base@21.0.6/java.lang.Thread.run(Thread.java:1583)
"SCMBlockDeletingService#0" daemon prio=5 tid=318 timed_waiting
java.lang.Thread.State: TIMED_WAITING
        at java.base@21.0.6/jdk.internal.misc.Unsafe.park(Native Method)
        at java.base@21.0.6/java.util.concurrent.locks.LockSupport.parkNanos(LockSupport.java:269)
        at java.base@21.0.6/java.util.concurrent.locks.AbstractQueuedSynchronizer$ConditionObject.awaitNanos(AbstractQueuedSynchronizer.java:1763)
        at java.base@21.0.6/java.util.concurrent.ScheduledThreadPoolExecutor$DelayedWorkQueue.take(ScheduledThreadPoolExecutor.java:1182)
        at java.base@21.0.6/java.util.concurrent.ScheduledThreadPoolExecutor$DelayedWorkQueue.take(ScheduledThreadPoolExecutor.java:899)
        at java.base@21.0.6/java.util.concurrent.ThreadPoolExecutor.getTask(ThreadPoolExecutor.java:1070)
        at java.base@21.0.6/java.util.concurrent.ThreadPoolExecutor.runWorker(ThreadPoolExecutor.java:1130)
        at java.base@21.0.6/java.util.concurrent.ThreadPoolExecutor$Worker.run(ThreadPoolExecutor.java:642)
        at java.base@21.0.6/java.lang.Thread.runWith(Thread.java:1596)
        at java.base@21.0.6/java.lang.Thread.run(Thread.java:1583)
"qtp2049070779-749-acceptor-0@3467c1f7-ServerConnector@13312ba2{HTTP/1.1, (http/1.1)}{0.0.0.0:15042}" daemon prio=3 tid=749 runnable
java.lang.Thread.State: RUNNABLE
        at java.base@21.0.6/sun.nio.ch.Net.accept(Native Method)
        at java.base@21.0.6/sun.nio.ch.ServerSocketChannelImpl.implAccept(ServerSocketChannelImpl.java:433)
        at java.base@21.0.6/sun.nio.ch.ServerSocketChannelImpl.accept(ServerSocketChannelImpl.java:399)
        at app//org.eclipse.jetty.server.ServerConnector.accept(ServerConnector.java:388)
        at app//org.eclipse.jetty.server.AbstractConnector$Acceptor.run(AbstractConnector.java:704)
        at app//org.eclipse.jetty.util.thread.QueuedThreadPool.runJob(QueuedThreadPool.java:883)
        at app//org.eclipse.jetty.util.thread.QueuedThreadPool$Runner.run(QueuedThreadPool.java:1034)
        at java.base@21.0.6/java.lang.Thread.runWith(Thread.java:1596)
        at java.base@21.0.6/java.lang.Thread.run(Thread.java:1583)
"IPC Server handler 37 on default port 15000" daemon prio=5 tid=155 timed_waiting
java.lang.Thread.State: TIMED_WAITING
        at java.base@21.0.6/jdk.internal.misc.Unsafe.park(Native Method)
        at java.base@21.0.6/java.util.concurrent.locks.LockSupport.parkNanos(LockSupport.java:269)
        at java.base@21.0.6/java.util.concurrent.locks.AbstractQueuedSynchronizer$ConditionObject.awaitNanos(AbstractQueuedSynchronizer.java:1763)
        at java.base@21.0.6/java.util.concurrent.LinkedBlockingQueue.poll(LinkedBlockingQueue.java:460)
        at app//org.apache.hadoop.ipc.CallQueueManager.take(CallQueueManager.java:370)
        at app//org.apache.hadoop.ipc.Server$Handler.run(Server.java:3165)
"Socket Reader #8 for port 15001"  prio=5 tid=81 runnable
java.lang.Thread.State: RUNNABLE
        at java.base@21.0.6/sun.nio.ch.EPoll.wait(Native Method)
        at java.base@21.0.6/sun.nio.ch.EPollSelectorImpl.doSelect(EPollSelectorImpl.java:121)
        at java.base@21.0.6/sun.nio.ch.SelectorImpl.lockAndDoSelect(SelectorImpl.java:130)
        at java.base@21.0.6/sun.nio.ch.SelectorImpl.select(SelectorImpl.java:147)
        at app//org.apache.hadoop.ipc.Server$Listener$Reader.doRunLoop(Server.java:1497)
        at app//org.apache.hadoop.ipc.Server$Listener$Reader.run(Server.java:1476)
"d6a19b8b-82a2-4947-8b44-7228be6ad053-BlockDeletingService#1" daemon prio=5 tid=829 in Object.wait()
java.lang.Thread.State: WAITING (on object monitor)
        at java.base@21.0.6/jdk.internal.misc.Unsafe.park(Native Method)
        at java.base@21.0.6/java.util.concurrent.locks.LockSupport.park(LockSupport.java:371)
        at java.base@21.0.6/java.util.concurrent.locks.AbstractQueuedSynchronizer$ConditionNode.block(AbstractQueuedSynchronizer.java:519)
        at java.base@21.0.6/java.util.concurrent.ForkJoinPool.unmanagedBlock(ForkJoinPool.java:3780)
        at java.base@21.0.6/java.util.concurrent.ForkJoinPool.managedBlock(ForkJoinPool.java:3725)
        at java.base@21.0.6/java.util.concurrent.locks.AbstractQueuedSynchronizer$ConditionObject.await(AbstractQueuedSynchronizer.java:1712)
        at java.base@21.0.6/java.util.concurrent.ScheduledThreadPoolExecutor$DelayedWorkQueue.take(ScheduledThreadPoolExecutor.java:1177)
        at java.base@21.0.6/java.util.concurrent.ScheduledThreadPoolExecutor$DelayedWorkQueue.take(ScheduledThreadPoolExecutor.java:899)
        at java.base@21.0.6/java.util.concurrent.ThreadPoolExecutor.getTask(ThreadPoolExecutor.java:1070)
        at java.base@21.0.6/java.util.concurrent.ThreadPoolExecutor.runWorker(ThreadPoolExecutor.java:1130)
        at java.base@21.0.6/java.util.concurrent.ThreadPoolExecutor$Worker.run(ThreadPoolExecutor.java:642)
        at java.base@21.0.6/java.lang.Thread.runWith(Thread.java:1596)
        at java.base@21.0.6/java.lang.Thread.run(Thread.java:1583)
"IPC Server handler 43 on default port 15002" daemon prio=5 tid=379 timed_waiting
java.lang.Thread.State: TIMED_WAITING
        at java.base@21.0.6/jdk.internal.misc.Unsafe.park(Native Method)
        at java.base@21.0.6/java.util.concurrent.locks.LockSupport.parkNanos(LockSupport.java:269)
        at java.base@21.0.6/java.util.concurrent.locks.AbstractQueuedSynchronizer$ConditionObject.awaitNanos(AbstractQueuedSynchronizer.java:1763)
        at java.base@21.0.6/java.util.concurrent.LinkedBlockingQueue.poll(LinkedBlockingQueue.java:460)
        at app//org.apache.hadoop.ipc.CallQueueManager.take(CallQueueManager.java:370)
        at app//org.apache.hadoop.ipc.Server$Handler.run(Server.java:3165)
"IPC Server handler 73 on default port 15002" daemon prio=5 tid=409 timed_waiting
java.lang.Thread.State: TIMED_WAITING
        at java.base@21.0.6/jdk.internal.misc.Unsafe.park(Native Method)
        at java.base@21.0.6/java.util.concurrent.locks.LockSupport.parkNanos(LockSupport.java:269)
        at java.base@21.0.6/java.util.concurrent.locks.AbstractQueuedSynchronizer$ConditionObject.awaitNanos(AbstractQueuedSynchronizer.java:1763)
        at java.base@21.0.6/java.util.concurrent.LinkedBlockingQueue.poll(LinkedBlockingQueue.java:460)
        at app//org.apache.hadoop.ipc.CallQueueManager.take(CallQueueManager.java:370)
        at app//org.apache.hadoop.ipc.Server$Handler.run(Server.java:3165)
"ContainerDataScanner(/home/runner/work/ozone/ozone/hadoop-ozone/integration-test/target/test-dir/MiniOzoneClusterImpl-26e726f8-5cec-4c14-bf14-45d4895febc0/ozone-meta/datanode-5/data-0/hdds)" daemon prio=5 tid=840 timed_waiting
java.lang.Thread.State: TIMED_WAITING
        at java.base@21.0.6/java.lang.Thread.sleep0(Native Method)
        at java.base@21.0.6/java.lang.Thread.sleep(Thread.java:509)
        at app//org.apache.hadoop.ozone.container.ozoneimpl.AbstractBackgroundContainerScanner.handleRemainingSleep(AbstractBackgroundContainerScanner.java:133)
        at app//org.apache.hadoop.ozone.container.ozoneimpl.AbstractBackgroundContainerScanner.runIteration(AbstractBackgroundContainerScanner.java:100)
        at app//org.apache.hadoop.ozone.container.ozoneimpl.AbstractBackgroundContainerScanner.run(AbstractBackgroundContainerScanner.java:59)
        at java.base@21.0.6/java.lang.Thread.runWith(Thread.java:1596)
        at java.base@21.0.6/java.lang.Thread.run(Thread.java:1583)
"Socket Reader #8 for port 15000"  prio=5 tid=95 runnable
java.lang.Thread.State: RUNNABLE
        at java.base@21.0.6/sun.nio.ch.EPoll.wait(Native Method)
        at java.base@21.0.6/sun.nio.ch.EPollSelectorImpl.doSelect(EPollSelectorImpl.java:121)
        at java.base@21.0.6/sun.nio.ch.SelectorImpl.lockAndDoSelect(SelectorImpl.java:130)
        at java.base@21.0.6/sun.nio.ch.SelectorImpl.select(SelectorImpl.java:147)
        at app//org.apache.hadoop.ipc.Server$Listener$Reader.doRunLoop(Server.java:1497)
        at app//org.apache.hadoop.ipc.Server$Listener$Reader.run(Server.java:1476)
"qtp897209100-570-acceptor-0@6330d25-ServerConnector@7b61b614{HTTP/1.1, (http/1.1)}{0.0.0.0:15018}" daemon prio=3 tid=570 runnable
java.lang.Thread.State: RUNNABLE
        at java.base@21.0.6/sun.nio.ch.Net.accept(Native Method)
        at java.base@21.0.6/sun.nio.ch.ServerSocketChannelImpl.implAccept(ServerSocketChannelImpl.java:433)
        at java.base@21.0.6/sun.nio.ch.ServerSocketChannelImpl.accept(ServerSocketChannelImpl.java:399)
        at app//org.eclipse.jetty.server.ServerConnector.accept(ServerConnector.java:388)
        at app//org.eclipse.jetty.server.AbstractConnector$Acceptor.run(AbstractConnector.java:704)
        at app//org.eclipse.jetty.util.thread.QueuedThreadPool.runJob(QueuedThreadPool.java:883)
        at app//org.eclipse.jetty.util.thread.QueuedThreadPool$Runner.run(QueuedThreadPool.java:1034)
        at java.base@21.0.6/java.lang.Thread.runWith(Thread.java:1596)
        at java.base@21.0.6/java.lang.Thread.run(Thread.java:1583)
"IPC Server handler 45 on default port 15002" daemon prio=5 tid=381 timed_waiting
java.lang.Thread.State: TIMED_WAITING
        at java.base@21.0.6/jdk.internal.misc.Unsafe.park(Native Method)
        at java.base@21.0.6/java.util.concurrent.locks.LockSupport.parkNanos(LockSupport.java:269)
        at java.base@21.0.6/java.util.concurrent.locks.AbstractQueuedSynchronizer$ConditionObject.awaitNanos(AbstractQueuedSynchronizer.java:1763)
        at java.base@21.0.6/java.util.concurrent.LinkedBlockingQueue.poll(LinkedBlockingQueue.java:460)
        at app//org.apache.hadoop.ipc.CallQueueManager.take(CallQueueManager.java:370)
        at app//org.apache.hadoop.ipc.Server$Handler.run(Server.java:3165)
"IPC Server handler 0 on default port 15027" daemon prio=5 tid=637 timed_waiting
java.lang.Thread.State: TIMED_WAITING
        at java.base@21.0.6/jdk.internal.misc.Unsafe.park(Native Method)
        at java.base@21.0.6/java.util.concurrent.locks.LockSupport.parkNanos(LockSupport.java:269)
        at java.base@21.0.6/java.util.concurrent.locks.AbstractQueuedSynchronizer$ConditionObject.awaitNanos(AbstractQueuedSynchronizer.java:1763)
        at java.base@21.0.6/java.util.concurrent.LinkedBlockingQueue.poll(LinkedBlockingQueue.java:460)
        at app//org.apache.hadoop.ipc.CallQueueManager.take(CallQueueManager.java:370)
        at app//org.apache.hadoop.ipc.Server$Handler.run(Server.java:3165)
"IPC Server handler 1 on default port 15035" daemon prio=5 tid=708 timed_waiting
java.lang.Thread.State: TIMED_WAITING
        at java.base@21.0.6/jdk.internal.misc.Unsafe.park(Native Method)
        at java.base@21.0.6/java.util.concurrent.locks.LockSupport.parkNanos(LockSupport.java:269)
        at java.base@21.0.6/java.util.concurrent.locks.AbstractQueuedSynchronizer$ConditionObject.awaitNanos(AbstractQueuedSynchronizer.java:1763)
        at java.base@21.0.6/java.util.concurrent.LinkedBlockingQueue.poll(LinkedBlockingQueue.java:460)
        at app//org.apache.hadoop.ipc.CallQueueManager.take(CallQueueManager.java:370)
        at app//org.apache.hadoop.ipc.Server$Handler.run(Server.java:3165)
"IPC Server handler 44 on default port 15002" daemon prio=5 tid=380 timed_waiting
java.lang.Thread.State: TIMED_WAITING
        at java.base@21.0.6/jdk.internal.misc.Unsafe.park(Native Method)
        at java.base@21.0.6/java.util.concurrent.locks.LockSupport.parkNanos(LockSupport.java:269)
        at java.base@21.0.6/java.util.concurrent.locks.AbstractQueuedSynchronizer$ConditionObject.awaitNanos(AbstractQueuedSynchronizer.java:1763)
        at java.base@21.0.6/java.util.concurrent.LinkedBlockingQueue.poll(LinkedBlockingQueue.java:460)
        at app//org.apache.hadoop.ipc.CallQueueManager.take(CallQueueManager.java:370)
        at app//org.apache.hadoop.ipc.Server$Handler.run(Server.java:3165)
"a6bf55e3-38e4-411e-ac0b-5acdb6a35656-DatanodeReportManager-0" daemon prio=5 tid=648 in Object.wait()
java.lang.Thread.State: WAITING (on object monitor)
        at java.base@21.0.6/jdk.internal.misc.Unsafe.park(Native Method)
        at java.base@21.0.6/java.util.concurrent.locks.LockSupport.park(LockSupport.java:371)
        at java.base@21.0.6/java.util.concurrent.locks.AbstractQueuedSynchronizer$ConditionNode.block(AbstractQueuedSynchronizer.java:519)
        at java.base@21.0.6/java.util.concurrent.ForkJoinPool.unmanagedBlock(ForkJoinPool.java:3780)
        at java.base@21.0.6/java.util.concurrent.ForkJoinPool.managedBlock(ForkJoinPool.java:3725)
        at java.base@21.0.6/java.util.concurrent.locks.AbstractQueuedSynchronizer$ConditionObject.await(AbstractQueuedSynchronizer.java:1712)
        at java.base@21.0.6/java.util.concurrent.ScheduledThreadPoolExecutor$DelayedWorkQueue.take(ScheduledThreadPoolExecutor.java:1177)
        at java.base@21.0.6/java.util.concurrent.ScheduledThreadPoolExecutor$DelayedWorkQueue.take(ScheduledThreadPoolExecutor.java:899)
        at java.base@21.0.6/java.util.concurrent.ThreadPoolExecutor.getTask(ThreadPoolExecutor.java:1070)
        at java.base@21.0.6/java.util.concurrent.ThreadPoolExecutor.runWorker(ThreadPoolExecutor.java:1130)
        at java.base@21.0.6/java.util.concurrent.ThreadPoolExecutor$Worker.run(ThreadPoolExecutor.java:642)
        at java.base@21.0.6/java.lang.Thread.runWith(Thread.java:1596)
        at java.base@21.0.6/java.lang.Thread.run(Thread.java:1583)
"d6a19b8b-82a2-4947-8b44-7228be6ad053-DatanodeStateMachineTaskThread-1"  prio=5 tid=813 in Object.wait()
java.lang.Thread.State: WAITING (on object monitor)
        at java.base@21.0.6/jdk.internal.misc.Unsafe.park(Native Method)
        at java.base@21.0.6/java.util.concurrent.locks.LockSupport.park(LockSupport.java:371)
        at java.base@21.0.6/java.util.concurrent.locks.AbstractQueuedSynchronizer$ConditionNode.block(AbstractQueuedSynchronizer.java:519)
        at java.base@21.0.6/java.util.concurrent.ForkJoinPool.unmanagedBlock(ForkJoinPool.java:3780)
        at java.base@21.0.6/java.util.concurrent.ForkJoinPool.managedBlock(ForkJoinPool.java:3725)
        at java.base@21.0.6/java.util.concurrent.locks.AbstractQueuedSynchronizer$ConditionObject.await(AbstractQueuedSynchronizer.java:1712)
        at java.base@21.0.6/java.util.concurrent.LinkedBlockingQueue.take(LinkedBlockingQueue.java:435)
        at java.base@21.0.6/java.util.concurrent.ThreadPoolExecutor.getTask(ThreadPoolExecutor.java:1070)
        at java.base@21.0.6/java.util.concurrent.ThreadPoolExecutor.runWorker(ThreadPoolExecutor.java:1130)
        at java.base@21.0.6/java.util.concurrent.ThreadPoolExecutor$Worker.run(ThreadPoolExecutor.java:642)
        at java.base@21.0.6/java.lang.Thread.runWith(Thread.java:1596)
        at java.base@21.0.6/java.lang.Thread.run(Thread.java:1583)
"d6a19b8b-82a2-4947-8b44-7228be6ad053-ChunkWriter-1-0" daemon prio=5 tid=822 in Object.wait()
java.lang.Thread.State: WAITING (on object monitor)
        at java.base@21.0.6/jdk.internal.misc.Unsafe.park(Native Method)
        at java.base@21.0.6/java.util.concurrent.locks.LockSupport.park(LockSupport.java:371)
        at java.base@21.0.6/java.util.concurrent.locks.AbstractQueuedSynchronizer$ConditionNode.block(AbstractQueuedSynchronizer.java:519)
        at java.base@21.0.6/java.util.concurrent.ForkJoinPool.unmanagedBlock(ForkJoinPool.java:3780)
        at java.base@21.0.6/java.util.concurrent.ForkJoinPool.managedBlock(ForkJoinPool.java:3725)
        at java.base@21.0.6/java.util.concurrent.locks.AbstractQueuedSynchronizer$ConditionObject.await(AbstractQueuedSynchronizer.java:1712)
        at java.base@21.0.6/java.util.concurrent.LinkedBlockingDeque.takeFirst(LinkedBlockingDeque.java:485)
        at java.base@21.0.6/java.util.concurrent.LinkedBlockingDeque.take(LinkedBlockingDeque.java:673)
        at java.base@21.0.6/java.util.concurrent.ThreadPoolExecutor.getTask(ThreadPoolExecutor.java:1070)
        at java.base@21.0.6/java.util.concurrent.ThreadPoolExecutor.runWorker(ThreadPoolExecutor.java:1130)
        at java.base@21.0.6/java.util.concurrent.ThreadPoolExecutor$Worker.run(ThreadPoolExecutor.java:642)
        at java.base@21.0.6/java.lang.Thread.runWith(Thread.java:1596)
        at java.base@21.0.6/java.lang.Thread.run(Thread.java:1583)
"50f19a77-e23b-421f-a833-5664bb01cf1c@group-45D4895FEBC0-LeaderStateImpl" daemon prio=5 tid=334 timed_waiting
java.lang.Thread.State: TIMED_WAITING
        at java.base@21.0.6/jdk.internal.misc.Unsafe.park(Native Method)
        at java.base@21.0.6/java.util.concurrent.locks.LockSupport.parkNanos(LockSupport.java:269)
        at java.base@21.0.6/java.util.concurrent.locks.AbstractQueuedSynchronizer$ConditionObject.awaitNanos(AbstractQueuedSynchronizer.java:1763)
        at java.base@21.0.6/java.util.concurrent.ArrayBlockingQueue.poll(ArrayBlockingQueue.java:435)
        at app//org.apache.ratis.server.impl.LeaderStateImpl$EventQueue.poll(LeaderStateImpl.java:164)
        at app//org.apache.ratis.server.impl.LeaderStateImpl$EventProcessor.run(LeaderStateImpl.java:763)
"qtp2005400801-616-acceptor-0@6f00d365-ServerConnector@266a77ac{HTTP/1.1, (http/1.1)}{0.0.0.0:15026}" daemon prio=3 tid=616 runnable
java.lang.Thread.State: RUNNABLE
        at java.base@21.0.6/sun.nio.ch.Net.accept(Native Method)
        at java.base@21.0.6/sun.nio.ch.ServerSocketChannelImpl.implAccept(ServerSocketChannelImpl.java:433)
        at java.base@21.0.6/sun.nio.ch.ServerSocketChannelImpl.accept(ServerSocketChannelImpl.java:399)
        at app//org.eclipse.jetty.server.ServerConnector.accept(ServerConnector.java:388)
        at app//org.eclipse.jetty.server.AbstractConnector$Acceptor.run(AbstractConnector.java:704)
        at app//org.eclipse.jetty.util.thread.QueuedThreadPool.runJob(QueuedThreadPool.java:883)
        at app//org.eclipse.jetty.util.thread.QueuedThreadPool$Runner.run(QueuedThreadPool.java:1034)
        at java.base@21.0.6/java.lang.Thread.runWith(Thread.java:1596)
        at java.base@21.0.6/java.lang.Thread.run(Thread.java:1583)
"Socket Reader #7 for port 15027"  prio=5 tid=630 runnable
java.lang.Thread.State: RUNNABLE
        at java.base@21.0.6/sun.nio.ch.EPoll.wait(Native Method)
        at java.base@21.0.6/sun.nio.ch.EPollSelectorImpl.doSelect(EPollSelectorImpl.java:121)
        at java.base@21.0.6/sun.nio.ch.SelectorImpl.lockAndDoSelect(SelectorImpl.java:130)
        at java.base@21.0.6/sun.nio.ch.SelectorImpl.select(SelectorImpl.java:147)
        at app//org.apache.hadoop.ipc.Server$Listener$Reader.doRunLoop(Server.java:1497)
        at app//org.apache.hadoop.ipc.Server$Listener$Reader.run(Server.java:1476)
"IPC Server handler 63 on default port 15002" daemon prio=5 tid=399 timed_waiting
java.lang.Thread.State: TIMED_WAITING
        at java.base@21.0.6/jdk.internal.misc.Unsafe.park(Native Method)
        at java.base@21.0.6/java.util.concurrent.locks.LockSupport.parkNanos(LockSupport.java:269)
        at java.base@21.0.6/java.util.concurrent.locks.AbstractQueuedSynchronizer$ConditionObject.awaitNanos(AbstractQueuedSynchronizer.java:1763)
        at java.base@21.0.6/java.util.concurrent.LinkedBlockingQueue.poll(LinkedBlockingQueue.java:460)
        at app//org.apache.hadoop.ipc.CallQueueManager.take(CallQueueManager.java:370)
        at app//org.apache.hadoop.ipc.Server$Handler.run(Server.java:3165)
"IPC Server handler 1 on default port 15027" daemon prio=5 tid=638 timed_waiting
java.lang.Thread.State: TIMED_WAITING
        at java.base@21.0.6/jdk.internal.misc.Unsafe.park(Native Method)
        at java.base@21.0.6/java.util.concurrent.locks.LockSupport.parkNanos(LockSupport.java:269)
        at java.base@21.0.6/java.util.concurrent.locks.AbstractQueuedSynchronizer$ConditionObject.awaitNanos(AbstractQueuedSynchronizer.java:1763)
        at java.base@21.0.6/java.util.concurrent.LinkedBlockingQueue.poll(LinkedBlockingQueue.java:460)
        at app//org.apache.hadoop.ipc.CallQueueManager.take(CallQueueManager.java:370)
        at app//org.apache.hadoop.ipc.Server$Handler.run(Server.java:3165)
"Socket Reader #10 for port 15035"  prio=5 tid=703 runnable
java.lang.Thread.State: RUNNABLE
        at java.base@21.0.6/sun.nio.ch.EPoll.wait(Native Method)
        at java.base@21.0.6/sun.nio.ch.EPollSelectorImpl.doSelect(EPollSelectorImpl.java:121)
        at java.base@21.0.6/sun.nio.ch.SelectorImpl.lockAndDoSelect(SelectorImpl.java:130)
        at java.base@21.0.6/sun.nio.ch.SelectorImpl.select(SelectorImpl.java:147)
        at app//org.apache.hadoop.ipc.Server$Listener$Reader.doRunLoop(Server.java:1497)
        at app//org.apache.hadoop.ipc.Server$Listener$Reader.run(Server.java:1476)
"IPC Server handler 27 on default port 15001" daemon prio=5 tid=245 timed_waiting
java.lang.Thread.State: TIMED_WAITING
        at java.base@21.0.6/jdk.internal.misc.Unsafe.park(Native Method)
        at java.base@21.0.6/java.util.concurrent.locks.LockSupport.parkNanos(LockSupport.java:269)
        at java.base@21.0.6/java.util.concurrent.locks.AbstractQueuedSynchronizer$ConditionObject.awaitNanos(AbstractQueuedSynchronizer.java:1763)
        at java.base@21.0.6/java.util.concurrent.LinkedBlockingQueue.poll(LinkedBlockingQueue.java:460)
        at app//org.apache.hadoop.ipc.CallQueueManager.take(CallQueueManager.java:370)
        at app//org.apache.hadoop.ipc.Server$Handler.run(Server.java:3165)
"IPC Server handler 88 on default port 15001" daemon prio=5 tid=306 timed_waiting
java.lang.Thread.State: TIMED_WAITING
        at java.base@21.0.6/jdk.internal.misc.Unsafe.park(Native Method)
        at java.base@21.0.6/java.util.concurrent.locks.LockSupport.parkNanos(LockSupport.java:269)
        at java.base@21.0.6/java.util.concurrent.locks.AbstractQueuedSynchronizer$ConditionObject.awaitNanos(AbstractQueuedSynchronizer.java:1763)
        at java.base@21.0.6/java.util.concurrent.LinkedBlockingQueue.poll(LinkedBlockingQueue.java:460)
        at app//org.apache.hadoop.ipc.CallQueueManager.take(CallQueueManager.java:370)
        at app//org.apache.hadoop.ipc.Server$Handler.run(Server.java:3165)
"IPC Server handler 38 on default port 15001" daemon prio=5 tid=256 timed_waiting
java.lang.Thread.State: TIMED_WAITING
        at java.base@21.0.6/jdk.internal.misc.Unsafe.park(Native Method)
        at java.base@21.0.6/java.util.concurrent.locks.LockSupport.parkNanos(LockSupport.java:269)
        at java.base@21.0.6/java.util.concurrent.locks.AbstractQueuedSynchronizer$ConditionObject.awaitNanos(AbstractQueuedSynchronizer.java:1763)
        at java.base@21.0.6/java.util.concurrent.LinkedBlockingQueue.poll(LinkedBlockingQueue.java:460)
        at app//org.apache.hadoop.ipc.CallQueueManager.take(CallQueueManager.java:370)
        at app//org.apache.hadoop.ipc.Server$Handler.run(Server.java:3165)
"om1-SstFilteringService#0" daemon prio=5 tid=473 timed_waiting
java.lang.Thread.State: TIMED_WAITING
        at java.base@21.0.6/jdk.internal.misc.Unsafe.park(Native Method)
        at java.base@21.0.6/java.util.concurrent.locks.LockSupport.parkNanos(LockSupport.java:269)
        at java.base@21.0.6/java.util.concurrent.locks.AbstractQueuedSynchronizer$ConditionObject.awaitNanos(AbstractQueuedSynchronizer.java:1763)
        at java.base@21.0.6/java.util.concurrent.ScheduledThreadPoolExecutor$DelayedWorkQueue.take(ScheduledThreadPoolExecutor.java:1182)
        at java.base@21.0.6/java.util.concurrent.ScheduledThreadPoolExecutor$DelayedWorkQueue.take(ScheduledThreadPoolExecutor.java:899)
        at java.base@21.0.6/java.util.concurrent.ThreadPoolExecutor.getTask(ThreadPoolExecutor.java:1070)
        at java.base@21.0.6/java.util.concurrent.ThreadPoolExecutor.runWorker(ThreadPoolExecutor.java:1130)
        at java.base@21.0.6/java.util.concurrent.ThreadPoolExecutor$Worker.run(ThreadPoolExecutor.java:642)
        at java.base@21.0.6/java.lang.Thread.runWith(Thread.java:1596)
        at java.base@21.0.6/java.lang.Thread.run(Thread.java:1583)
"pool-94-thread-1" daemon prio=5 tid=729 timed_waiting
java.lang.Thread.State: TIMED_WAITING
        at java.base@21.0.6/jdk.internal.misc.Unsafe.park(Native Method)
        at java.base@21.0.6/java.util.concurrent.locks.LockSupport.parkNanos(LockSupport.java:269)
        at java.base@21.0.6/java.util.concurrent.locks.AbstractQueuedSynchronizer$ConditionObject.awaitNanos(AbstractQueuedSynchronizer.java:1763)
        at java.base@21.0.6/java.util.concurrent.ScheduledThreadPoolExecutor$DelayedWorkQueue.take(ScheduledThreadPoolExecutor.java:1182)
        at java.base@21.0.6/java.util.concurrent.ScheduledThreadPoolExecutor$DelayedWorkQueue.take(ScheduledThreadPoolExecutor.java:899)
        at java.base@21.0.6/java.util.concurrent.ThreadPoolExecutor.getTask(ThreadPoolExecutor.java:1070)
        at java.base@21.0.6/java.util.concurrent.ThreadPoolExecutor.runWorker(ThreadPoolExecutor.java:1130)
        at java.base@21.0.6/java.util.concurrent.ThreadPoolExecutor$Worker.run(ThreadPoolExecutor.java:642)
        at java.base@21.0.6/java.lang.Thread.runWith(Thread.java:1596)
        at java.base@21.0.6/java.lang.Thread.run(Thread.java:1583)
"IPC Server handler 9 on default port 15043" daemon prio=5 tid=793 timed_waiting
java.lang.Thread.State: TIMED_WAITING
        at java.base@21.0.6/jdk.internal.misc.Unsafe.park(Native Method)
        at java.base@21.0.6/java.util.concurrent.locks.LockSupport.parkNanos(LockSupport.java:269)
        at java.base@21.0.6/java.util.concurrent.locks.AbstractQueuedSynchronizer$ConditionObject.awaitNanos(AbstractQueuedSynchronizer.java:1763)
        at java.base@21.0.6/java.util.concurrent.LinkedBlockingQueue.poll(LinkedBlockingQueue.java:460)
        at app//org.apache.hadoop.ipc.CallQueueManager.take(CallQueueManager.java:370)
        at app//org.apache.hadoop.ipc.Server$Handler.run(Server.java:3165)
"IPC Server handler 20 on default port 15001" daemon prio=5 tid=238 timed_waiting
java.lang.Thread.State: TIMED_WAITING
        at java.base@21.0.6/jdk.internal.misc.Unsafe.park(Native Method)
        at java.base@21.0.6/java.util.concurrent.locks.LockSupport.parkNanos(LockSupport.java:269)
        at java.base@21.0.6/java.util.concurrent.locks.AbstractQueuedSynchronizer$ConditionObject.awaitNanos(AbstractQueuedSynchronizer.java:1763)
        at java.base@21.0.6/java.util.concurrent.LinkedBlockingQueue.poll(LinkedBlockingQueue.java:460)
        at app//org.apache.hadoop.ipc.CallQueueManager.take(CallQueueManager.java:370)
        at app//org.apache.hadoop.ipc.Server$Handler.run(Server.java:3165)
"Session-HouseKeeper-2a7d12c8-1"  prio=5 tid=622 timed_waiting
java.lang.Thread.State: TIMED_WAITING
        at java.base@21.0.6/jdk.internal.misc.Unsafe.park(Native Method)
        at java.base@21.0.6/java.util.concurrent.locks.LockSupport.parkNanos(LockSupport.java:269)
        at java.base@21.0.6/java.util.concurrent.locks.AbstractQueuedSynchronizer$ConditionObject.awaitNanos(AbstractQueuedSynchronizer.java:1763)
        at java.base@21.0.6/java.util.concurrent.ScheduledThreadPoolExecutor$DelayedWorkQueue.take(ScheduledThreadPoolExecutor.java:1182)
        at java.base@21.0.6/java.util.concurrent.ScheduledThreadPoolExecutor$DelayedWorkQueue.take(ScheduledThreadPoolExecutor.java:899)
        at java.base@21.0.6/java.util.concurrent.ThreadPoolExecutor.getTask(ThreadPoolExecutor.java:1070)
        at java.base@21.0.6/java.util.concurrent.ThreadPoolExecutor.runWorker(ThreadPoolExecutor.java:1130)
        at java.base@21.0.6/java.util.concurrent.ThreadPoolExecutor$Worker.run(ThreadPoolExecutor.java:642)
        at java.base@21.0.6/java.lang.Thread.runWith(Thread.java:1596)
        at java.base@21.0.6/java.lang.Thread.run(Thread.java:1583)
"4a3059aa-ae89-4e47-8f1e-08d61ab31d43-BlockDeletingService#1" daemon prio=5 tid=849 in Object.wait()
java.lang.Thread.State: WAITING (on object monitor)
        at java.base@21.0.6/jdk.internal.misc.Unsafe.park(Native Method)
        at java.base@21.0.6/java.util.concurrent.locks.LockSupport.park(LockSupport.java:371)
        at java.base@21.0.6/java.util.concurrent.locks.AbstractQueuedSynchronizer$ConditionNode.block(AbstractQueuedSynchronizer.java:519)
        at java.base@21.0.6/java.util.concurrent.ForkJoinPool.unmanagedBlock(ForkJoinPool.java:3780)
        at java.base@21.0.6/java.util.concurrent.ForkJoinPool.managedBlock(ForkJoinPool.java:3725)
        at java.base@21.0.6/java.util.concurrent.locks.AbstractQueuedSynchronizer$ConditionObject.await(AbstractQueuedSynchronizer.java:1712)
        at java.base@21.0.6/java.util.concurrent.ScheduledThreadPoolExecutor$DelayedWorkQueue.take(ScheduledThreadPoolExecutor.java:1177)
        at java.base@21.0.6/java.util.concurrent.ScheduledThreadPoolExecutor$DelayedWorkQueue.take(ScheduledThreadPoolExecutor.java:899)
        at java.base@21.0.6/java.util.concurrent.ThreadPoolExecutor.getTask(ThreadPoolExecutor.java:1070)
        at java.base@21.0.6/java.util.concurrent.ThreadPoolExecutor.runWorker(ThreadPoolExecutor.java:1130)
        at java.base@21.0.6/java.util.concurrent.ThreadPoolExecutor$Worker.run(ThreadPoolExecutor.java:642)
        at java.base@21.0.6/java.lang.Thread.runWith(Thread.java:1596)
        at java.base@21.0.6/java.lang.Thread.run(Thread.java:1583)
"IPC Server handler 57 on default port 15001" daemon prio=5 tid=275 timed_waiting
java.lang.Thread.State: TIMED_WAITING
        at java.base@21.0.6/jdk.internal.misc.Unsafe.park(Native Method)
        at java.base@21.0.6/java.util.concurrent.locks.LockSupport.parkNanos(LockSupport.java:269)
        at java.base@21.0.6/java.util.concurrent.locks.AbstractQueuedSynchronizer$ConditionObject.awaitNanos(AbstractQueuedSynchronizer.java:1763)
        at java.base@21.0.6/java.util.concurrent.LinkedBlockingQueue.poll(LinkedBlockingQueue.java:460)
        at app//org.apache.hadoop.ipc.CallQueueManager.take(CallQueueManager.java:370)
        at app//org.apache.hadoop.ipc.Server$Handler.run(Server.java:3165)
"IPC Server handler 24 on default port 15002" daemon prio=5 tid=360 timed_waiting
java.lang.Thread.State: TIMED_WAITING
        at java.base@21.0.6/jdk.internal.misc.Unsafe.park(Native Method)
        at java.base@21.0.6/java.util.concurrent.locks.LockSupport.parkNanos(LockSupport.java:269)
        at java.base@21.0.6/java.util.concurrent.locks.AbstractQueuedSynchronizer$ConditionObject.awaitNanos(AbstractQueuedSynchronizer.java:1763)
        at java.base@21.0.6/java.util.concurrent.LinkedBlockingQueue.poll(LinkedBlockingQueue.java:460)
        at app//org.apache.hadoop.ipc.CallQueueManager.take(CallQueueManager.java:370)
        at app//org.apache.hadoop.ipc.Server$Handler.run(Server.java:3165)
"qtp596278845-327" daemon prio=5 tid=327 timed_waiting
java.lang.Thread.State: TIMED_WAITING
        at java.base@21.0.6/jdk.internal.misc.Unsafe.park(Native Method)
        at java.base@21.0.6/java.util.concurrent.locks.LockSupport.parkNanos(LockSupport.java:269)
        at java.base@21.0.6/java.util.concurrent.locks.AbstractQueuedSynchronizer$ConditionObject.awaitNanos(AbstractQueuedSynchronizer.java:1763)
        at app//org.eclipse.jetty.util.BlockingArrayQueue.poll(BlockingArrayQueue.java:382)
        at app//org.eclipse.jetty.util.thread.QueuedThreadPool$Runner.idleJobPoll(QueuedThreadPool.java:974)
        at app//org.eclipse.jetty.util.thread.QueuedThreadPool$Runner.run(QueuedThreadPool.java:1018)
        at java.base@21.0.6/java.lang.Thread.runWith(Thread.java:1596)
        at java.base@21.0.6/java.lang.Thread.run(Thread.java:1583)
"Socket Reader #9 for port 15043"  prio=5 tid=774 runnable
java.lang.Thread.State: RUNNABLE
        at java.base@21.0.6/sun.nio.ch.EPoll.wait(Native Method)
        at java.base@21.0.6/sun.nio.ch.EPollSelectorImpl.doSelect(EPollSelectorImpl.java:121)
        at java.base@21.0.6/sun.nio.ch.SelectorImpl.lockAndDoSelect(SelectorImpl.java:130)
        at java.base@21.0.6/sun.nio.ch.SelectorImpl.select(SelectorImpl.java:147)
        at app//org.apache.hadoop.ipc.Server$Listener$Reader.doRunLoop(Server.java:1497)
        at app//org.apache.hadoop.ipc.Server$Listener$Reader.run(Server.java:1476)
"IPC Server handler 58 on default port 15002" daemon prio=5 tid=394 timed_waiting
java.lang.Thread.State: TIMED_WAITING
        at java.base@21.0.6/jdk.internal.misc.Unsafe.park(Native Method)
        at java.base@21.0.6/java.util.concurrent.locks.LockSupport.parkNanos(LockSupport.java:269)
        at java.base@21.0.6/java.util.concurrent.locks.AbstractQueuedSynchronizer$ConditionObject.awaitNanos(AbstractQueuedSynchronizer.java:1763)
        at java.base@21.0.6/java.util.concurrent.LinkedBlockingQueue.poll(LinkedBlockingQueue.java:460)
        at app//org.apache.hadoop.ipc.CallQueueManager.take(CallQueueManager.java:370)
        at app//org.apache.hadoop.ipc.Server$Handler.run(Server.java:3165)
"4a3059aa-ae89-4e47-8f1e-08d61ab31d43-DatanodeReportManager-1" daemon prio=5 tid=796 in Object.wait()
java.lang.Thread.State: WAITING (on object monitor)
        at java.base@21.0.6/jdk.internal.misc.Unsafe.park(Native Method)
        at java.base@21.0.6/java.util.concurrent.locks.LockSupport.park(LockSupport.java:371)
        at java.base@21.0.6/java.util.concurrent.locks.AbstractQueuedSynchronizer$ConditionNode.block(AbstractQueuedSynchronizer.java:519)
        at java.base@21.0.6/java.util.concurrent.ForkJoinPool.unmanagedBlock(ForkJoinPool.java:3780)
        at java.base@21.0.6/java.util.concurrent.ForkJoinPool.managedBlock(ForkJoinPool.java:3725)
        at java.base@21.0.6/java.util.concurrent.locks.AbstractQueuedSynchronizer$ConditionObject.await(AbstractQueuedSynchronizer.java:1712)
        at java.base@21.0.6/java.util.concurrent.ScheduledThreadPoolExecutor$DelayedWorkQueue.take(ScheduledThreadPoolExecutor.java:1177)
        at java.base@21.0.6/java.util.concurrent.ScheduledThreadPoolExecutor$DelayedWorkQueue.take(ScheduledThreadPoolExecutor.java:899)
        at java.base@21.0.6/java.util.concurrent.ThreadPoolExecutor.getTask(ThreadPoolExecutor.java:1070)
        at java.base@21.0.6/java.util.concurrent.ThreadPoolExecutor.runWorker(ThreadPoolExecutor.java:1130)
        at java.base@21.0.6/java.util.concurrent.ThreadPoolExecutor$Worker.run(ThreadPoolExecutor.java:642)
        at java.base@21.0.6/java.lang.Thread.runWith(Thread.java:1596)
        at java.base@21.0.6/java.lang.Thread.run(Thread.java:1583)
"IPC Server handler 58 on default port 15001" daemon prio=5 tid=276 timed_waiting
java.lang.Thread.State: TIMED_WAITING
        at java.base@21.0.6/jdk.internal.misc.Unsafe.park(Native Method)
        at java.base@21.0.6/java.util.concurrent.locks.LockSupport.parkNanos(LockSupport.java:269)
        at java.base@21.0.6/java.util.concurrent.locks.AbstractQueuedSynchronizer$ConditionObject.awaitNanos(AbstractQueuedSynchronizer.java:1763)
        at java.base@21.0.6/java.util.concurrent.LinkedBlockingQueue.poll(LinkedBlockingQueue.java:460)
        at app//org.apache.hadoop.ipc.CallQueueManager.take(CallQueueManager.java:370)
        at app//org.apache.hadoop.ipc.Server$Handler.run(Server.java:3165)
"IPC Server handler 49 on default port 15002" daemon prio=5 tid=385 timed_waiting
java.lang.Thread.State: TIMED_WAITING
        at java.base@21.0.6/jdk.internal.misc.Unsafe.park(Native Method)
        at java.base@21.0.6/java.util.concurrent.locks.LockSupport.parkNanos(LockSupport.java:269)
        at java.base@21.0.6/java.util.concurrent.locks.AbstractQueuedSynchronizer$ConditionObject.awaitNanos(AbstractQueuedSynchronizer.java:1763)
        at java.base@21.0.6/java.util.concurrent.LinkedBlockingQueue.poll(LinkedBlockingQueue.java:460)
        at app//org.apache.hadoop.ipc.CallQueueManager.take(CallQueueManager.java:370)
        at app//org.apache.hadoop.ipc.Server$Handler.run(Server.java:3165)
"IPC Server handler 53 on default port 15000" daemon prio=5 tid=171 timed_waiting
java.lang.Thread.State: TIMED_WAITING
        at java.base@21.0.6/jdk.internal.misc.Unsafe.park(Native Method)
        at java.base@21.0.6/java.util.concurrent.locks.LockSupport.parkNanos(LockSupport.java:269)
        at java.base@21.0.6/java.util.concurrent.locks.AbstractQueuedSynchronizer$ConditionObject.awaitNanos(AbstractQueuedSynchronizer.java:1763)
        at java.base@21.0.6/java.util.concurrent.LinkedBlockingQueue.poll(LinkedBlockingQueue.java:460)
        at app//org.apache.hadoop.ipc.CallQueueManager.take(CallQueueManager.java:370)
        at app//org.apache.hadoop.ipc.Server$Handler.run(Server.java:3165)
"timer3" daemon prio=5 tid=983 timed_waiting
java.lang.Thread.State: TIMED_WAITING
        at java.base@21.0.6/java.lang.Object.wait0(Native Method)
        at java.base@21.0.6/java.lang.Object.wait(Object.java:366)
        at java.base@21.0.6/java.util.TimerThread.mainLoop(Timer.java:563)
        at java.base@21.0.6/java.util.TimerThread.run(Timer.java:516)
"IPC Server handler 2 on default port 15001" daemon prio=5 tid=220 timed_waiting
java.lang.Thread.State: TIMED_WAITING
        at java.base@21.0.6/jdk.internal.misc.Unsafe.park(Native Method)
        at java.base@21.0.6/java.util.concurrent.locks.LockSupport.parkNanos(LockSupport.java:269)
        at java.base@21.0.6/java.util.concurrent.locks.AbstractQueuedSynchronizer$ConditionObject.awaitNanos(AbstractQueuedSynchronizer.java:1763)
        at java.base@21.0.6/java.util.concurrent.LinkedBlockingQueue.poll(LinkedBlockingQueue.java:460)
        at app//org.apache.hadoop.ipc.CallQueueManager.take(CallQueueManager.java:370)
        at app//org.apache.hadoop.ipc.Server$Handler.run(Server.java:3165)
"IPC Server handler 2 on default port 15000" daemon prio=5 tid=120 timed_waiting
java.lang.Thread.State: TIMED_WAITING
        at java.base@21.0.6/jdk.internal.misc.Unsafe.park(Native Method)
        at java.base@21.0.6/java.util.concurrent.locks.LockSupport.parkNanos(LockSupport.java:269)
        at java.base@21.0.6/java.util.concurrent.locks.AbstractQueuedSynchronizer$ConditionObject.awaitNanos(AbstractQueuedSynchronizer.java:1763)
        at java.base@21.0.6/java.util.concurrent.LinkedBlockingQueue.poll(LinkedBlockingQueue.java:460)
        at app//org.apache.hadoop.ipc.CallQueueManager.take(CallQueueManager.java:370)
        at app//org.apache.hadoop.ipc.Server$Handler.run(Server.java:3165)
"Socket Reader #8 for port 15035"  prio=5 tid=701 runnable
java.lang.Thread.State: RUNNABLE
        at java.base@21.0.6/sun.nio.ch.EPoll.wait(Native Method)
        at java.base@21.0.6/sun.nio.ch.EPollSelectorImpl.doSelect(EPollSelectorImpl.java:121)
        at java.base@21.0.6/sun.nio.ch.SelectorImpl.lockAndDoSelect(SelectorImpl.java:130)
        at java.base@21.0.6/sun.nio.ch.SelectorImpl.select(SelectorImpl.java:147)
        at app//org.apache.hadoop.ipc.Server$Listener$Reader.doRunLoop(Server.java:1497)
        at app//org.apache.hadoop.ipc.Server$Listener$Reader.run(Server.java:1476)
"4a3059aa-ae89-4e47-8f1e-08d61ab31d43-DatanodeReportManager-3" daemon prio=5 tid=798 in Object.wait()
java.lang.Thread.State: WAITING (on object monitor)
        at java.base@21.0.6/jdk.internal.misc.Unsafe.park(Native Method)
        at java.base@21.0.6/java.util.concurrent.locks.LockSupport.park(LockSupport.java:371)
        at java.base@21.0.6/java.util.concurrent.locks.AbstractQueuedSynchronizer$ConditionNode.block(AbstractQueuedSynchronizer.java:519)
        at java.base@21.0.6/java.util.concurrent.ForkJoinPool.unmanagedBlock(ForkJoinPool.java:3780)
        at java.base@21.0.6/java.util.concurrent.ForkJoinPool.managedBlock(ForkJoinPool.java:3725)
        at java.base@21.0.6/java.util.concurrent.locks.AbstractQueuedSynchronizer$ConditionObject.await(AbstractQueuedSynchronizer.java:1712)
        at java.base@21.0.6/java.util.concurrent.ScheduledThreadPoolExecutor$DelayedWorkQueue.take(ScheduledThreadPoolExecutor.java:1177)
        at java.base@21.0.6/java.util.concurrent.ScheduledThreadPoolExecutor$DelayedWorkQueue.take(ScheduledThreadPoolExecutor.java:899)
        at java.base@21.0.6/java.util.concurrent.ThreadPoolExecutor.getTask(ThreadPoolExecutor.java:1070)
        at java.base@21.0.6/java.util.concurrent.ThreadPoolExecutor.runWorker(ThreadPoolExecutor.java:1130)
        at java.base@21.0.6/java.util.concurrent.ThreadPoolExecutor$Worker.run(ThreadPoolExecutor.java:642)
        at java.base@21.0.6/java.lang.Thread.runWith(Thread.java:1596)
        at java.base@21.0.6/java.lang.Thread.run(Thread.java:1583)
"IPC Server handler 82 on default port 15002" daemon prio=5 tid=418 timed_waiting
java.lang.Thread.State: TIMED_WAITING
        at java.base@21.0.6/jdk.internal.misc.Unsafe.park(Native Method)
        at java.base@21.0.6/java.util.concurrent.locks.LockSupport.parkNanos(LockSupport.java:269)
        at java.base@21.0.6/java.util.concurrent.locks.AbstractQueuedSynchronizer$ConditionObject.awaitNanos(AbstractQueuedSynchronizer.java:1763)
        at java.base@21.0.6/java.util.concurrent.LinkedBlockingQueue.poll(LinkedBlockingQueue.java:460)
        at app//org.apache.hadoop.ipc.CallQueueManager.take(CallQueueManager.java:370)
        at app//org.apache.hadoop.ipc.Server$Handler.run(Server.java:3165)
"org.apache.hadoop.ozone.container.common.statemachine.commandhandler.DeleteBlocksCommandHandler$DeleteCmdWorker@366c2d9c" daemon prio=5 tid=745 timed_waiting
java.lang.Thread.State: TIMED_WAITING
        at java.base@21.0.6/java.lang.Thread.sleep0(Native Method)
        at java.base@21.0.6/java.lang.Thread.sleep(Thread.java:509)
        at app//org.apache.hadoop.ozone.container.common.statemachine.commandhandler.DeleteBlocksCommandHandler$DeleteCmdWorker.run(DeleteBlocksCommandHandler.java:255)
        at java.base@21.0.6/java.lang.Thread.runWith(Thread.java:1596)
        at java.base@21.0.6/java.lang.Thread.run(Thread.java:1583)
"a6bf55e3-38e4-411e-ac0b-5acdb6a35656-BlockDeletingService#0" daemon prio=5 tid=808 timed_waiting
java.lang.Thread.State: TIMED_WAITING
        at java.base@21.0.6/jdk.internal.misc.Unsafe.park(Native Method)
        at java.base@21.0.6/java.util.concurrent.locks.LockSupport.parkNanos(LockSupport.java:269)
        at java.base@21.0.6/java.util.concurrent.locks.AbstractQueuedSynchronizer$ConditionObject.awaitNanos(AbstractQueuedSynchronizer.java:1763)
        at java.base@21.0.6/java.util.concurrent.ScheduledThreadPoolExecutor$DelayedWorkQueue.take(ScheduledThreadPoolExecutor.java:1182)
        at java.base@21.0.6/java.util.concurrent.ScheduledThreadPoolExecutor$DelayedWorkQueue.take(ScheduledThreadPoolExecutor.java:899)
        at java.base@21.0.6/java.util.concurrent.ThreadPoolExecutor.getTask(ThreadPoolExecutor.java:1070)
        at java.base@21.0.6/java.util.concurrent.ThreadPoolExecutor.runWorker(ThreadPoolExecutor.java:1130)
        at java.base@21.0.6/java.util.concurrent.ThreadPoolExecutor$Worker.run(ThreadPoolExecutor.java:642)
        at java.base@21.0.6/java.lang.Thread.runWith(Thread.java:1596)
        at java.base@21.0.6/java.lang.Thread.run(Thread.java:1583)
"50f19a77-e23b-421f-a833-5664bb01cf1c@group-45D4895FEBC0-SegmentedRaftLogWorker"  prio=5 tid=112 timed_waiting
java.lang.Thread.State: TIMED_WAITING
        at java.base@21.0.6/jdk.internal.misc.Unsafe.park(Native Method)
        at java.base@21.0.6/java.util.concurrent.locks.LockSupport.parkNanos(LockSupport.java:269)
        at java.base@21.0.6/java.util.concurrent.locks.AbstractQueuedSynchronizer$ConditionObject.awaitNanos(AbstractQueuedSynchronizer.java:1763)
        at app//org.apache.ratis.util.DataBlockingQueue.poll(DataBlockingQueue.java:148)
        at app//org.apache.ratis.server.raftlog.segmented.SegmentedRaftLogWorker.run(SegmentedRaftLogWorker.java:307)
        at app//org.apache.ratis.server.raftlog.segmented.SegmentedRaftLogWorker$$Lambda/0x00007fd0ac390888.run(Unknown Source)
        at java.base@21.0.6/java.util.concurrent.Executors$RunnableAdapter.call(Executors.java:572)
        at java.base@21.0.6/java.util.concurrent.FutureTask.run(FutureTask.java:317)
        at java.base@21.0.6/java.util.concurrent.ThreadPoolExecutor.runWorker(ThreadPoolExecutor.java:1144)
        at java.base@21.0.6/java.util.concurrent.ThreadPoolExecutor$Worker.run(ThreadPoolExecutor.java:642)
        at java.base@21.0.6/java.lang.Thread.runWith(Thread.java:1596)
        at java.base@21.0.6/java.lang.Thread.run(Thread.java:1583)
"IPC Server handler 43 on default port 15001" daemon prio=5 tid=261 timed_waiting
java.lang.Thread.State: TIMED_WAITING
        at java.base@21.0.6/jdk.internal.misc.Unsafe.park(Native Method)
        at java.base@21.0.6/java.util.concurrent.locks.LockSupport.parkNanos(LockSupport.java:269)
        at java.base@21.0.6/java.util.concurrent.locks.AbstractQueuedSynchronizer$ConditionObject.awaitNanos(AbstractQueuedSynchronizer.java:1763)
        at java.base@21.0.6/java.util.concurrent.LinkedBlockingQueue.poll(LinkedBlockingQueue.java:460)
        at app//org.apache.hadoop.ipc.CallQueueManager.take(CallQueueManager.java:370)
        at app//org.apache.hadoop.ipc.Server$Handler.run(Server.java:3165)
"IPC Server handler 7 on default port 15000" daemon prio=5 tid=125 timed_waiting
java.lang.Thread.State: TIMED_WAITING
        at java.base@21.0.6/jdk.internal.misc.Unsafe.park(Native Method)
        at java.base@21.0.6/java.util.concurrent.locks.LockSupport.parkNanos(LockSupport.java:269)
        at java.base@21.0.6/java.util.concurrent.locks.AbstractQueuedSynchronizer$ConditionObject.awaitNanos(AbstractQueuedSynchronizer.java:1763)
        at java.base@21.0.6/java.util.concurrent.LinkedBlockingQueue.poll(LinkedBlockingQueue.java:460)
        at app//org.apache.hadoop.ipc.CallQueueManager.take(CallQueueManager.java:370)
        at app//org.apache.hadoop.ipc.Server$Handler.run(Server.java:3165)
"IPC Server handler 87 on default port 15000" daemon prio=5 tid=205 timed_waiting
java.lang.Thread.State: TIMED_WAITING
        at java.base@21.0.6/jdk.internal.misc.Unsafe.park(Native Method)
        at java.base@21.0.6/java.util.concurrent.locks.LockSupport.parkNanos(LockSupport.java:269)
        at java.base@21.0.6/java.util.concurrent.locks.AbstractQueuedSynchronizer$ConditionObject.awaitNanos(AbstractQueuedSynchronizer.java:1763)
        at java.base@21.0.6/java.util.concurrent.LinkedBlockingQueue.poll(LinkedBlockingQueue.java:460)
        at app//org.apache.hadoop.ipc.CallQueueManager.take(CallQueueManager.java:370)
        at app//org.apache.hadoop.ipc.Server$Handler.run(Server.java:3165)
"qtp2117639382-489" daemon prio=5 tid=489 timed_waiting
java.lang.Thread.State: TIMED_WAITING
        at java.base@21.0.6/jdk.internal.misc.Unsafe.park(Native Method)
        at java.base@21.0.6/java.util.concurrent.locks.LockSupport.parkNanos(LockSupport.java:269)
        at java.base@21.0.6/java.util.concurrent.locks.AbstractQueuedSynchronizer$ConditionObject.awaitNanos(AbstractQueuedSynchronizer.java:1763)
        at app//org.eclipse.jetty.util.BlockingArrayQueue.poll(BlockingArrayQueue.java:382)
        at app//org.eclipse.jetty.util.thread.QueuedThreadPool$Runner.idleJobPoll(QueuedThreadPool.java:974)
        at app//org.eclipse.jetty.util.thread.QueuedThreadPool$Runner.run(QueuedThreadPool.java:1018)
        at java.base@21.0.6/java.lang.Thread.runWith(Thread.java:1596)
        at java.base@21.0.6/java.lang.Thread.run(Thread.java:1583)
"IPC Server handler 15 on default port 15000" daemon prio=5 tid=133 timed_waiting
java.lang.Thread.State: TIMED_WAITING
        at java.base@21.0.6/jdk.internal.misc.Unsafe.park(Native Method)
        at java.base@21.0.6/java.util.concurrent.locks.LockSupport.parkNanos(LockSupport.java:269)
        at java.base@21.0.6/java.util.concurrent.locks.AbstractQueuedSynchronizer$ConditionObject.awaitNanos(AbstractQueuedSynchronizer.java:1763)
        at java.base@21.0.6/java.util.concurrent.LinkedBlockingQueue.poll(LinkedBlockingQueue.java:460)
        at app//org.apache.hadoop.ipc.CallQueueManager.take(CallQueueManager.java:370)
        at app//org.apache.hadoop.ipc.Server$Handler.run(Server.java:3165)
"IPC Server handler 87 on default port 15002" daemon prio=5 tid=423 timed_waiting
java.lang.Thread.State: TIMED_WAITING
        at java.base@21.0.6/jdk.internal.misc.Unsafe.park(Native Method)
        at java.base@21.0.6/java.util.concurrent.locks.LockSupport.parkNanos(LockSupport.java:269)
        at java.base@21.0.6/java.util.concurrent.locks.AbstractQueuedSynchronizer$ConditionObject.awaitNanos(AbstractQueuedSynchronizer.java:1763)
        at java.base@21.0.6/java.util.concurrent.LinkedBlockingQueue.poll(LinkedBlockingQueue.java:460)
        at app//org.apache.hadoop.ipc.CallQueueManager.take(CallQueueManager.java:370)
        at app//org.apache.hadoop.ipc.Server$Handler.run(Server.java:3165)
"om1-impl-thread1"  prio=5 tid=444 timed_waiting
java.lang.Thread.State: TIMED_WAITING
        at java.base@21.0.6/jdk.internal.misc.Unsafe.park(Native Method)
        at java.base@21.0.6/java.util.concurrent.locks.LockSupport.parkNanos(LockSupport.java:410)
        at java.base@21.0.6/java.util.concurrent.LinkedTransferQueue$DualNode.await(LinkedTransferQueue.java:452)
        at java.base@21.0.6/java.util.concurrent.SynchronousQueue$Transferer.xferLifo(SynchronousQueue.java:194)
        at java.base@21.0.6/java.util.concurrent.SynchronousQueue.xfer(SynchronousQueue.java:235)
        at java.base@21.0.6/java.util.concurrent.SynchronousQueue.poll(SynchronousQueue.java:338)
        at java.base@21.0.6/java.util.concurrent.ThreadPoolExecutor.getTask(ThreadPoolExecutor.java:1069)
        at java.base@21.0.6/java.util.concurrent.ThreadPoolExecutor.runWorker(ThreadPoolExecutor.java:1130)
        at java.base@21.0.6/java.util.concurrent.ThreadPoolExecutor$Worker.run(ThreadPoolExecutor.java:642)
        at java.base@21.0.6/java.lang.Thread.runWith(Thread.java:1596)
        at java.base@21.0.6/java.lang.Thread.run(Thread.java:1583)
"JvmPauseMonitor2" daemon prio=5 tid=465 timed_waiting
java.lang.Thread.State: TIMED_WAITING
        at java.base@21.0.6/java.lang.Thread.sleep0(Native Method)
        at java.base@21.0.6/java.lang.Thread.sleep(Thread.java:558)
        at java.base@21.0.6/java.util.concurrent.TimeUnit.sleep(TimeUnit.java:446)
        at app//org.apache.ratis.util.TimeDuration.sleep(TimeDuration.java:353)
        at app//org.apache.ratis.util.TimeDuration.sleep(TimeDuration.java:338)
        at app//org.apache.ratis.util.JvmPauseMonitor.detectPause(JvmPauseMonitor.java:160)
        at app//org.apache.ratis.util.JvmPauseMonitor.run(JvmPauseMonitor.java:149)
        at app//org.apache.ratis.util.JvmPauseMonitor$$Lambda/0x00007fd0ac3a9508.run(Unknown Source)
        at java.base@21.0.6/java.lang.Thread.runWith(Thread.java:1596)
        at java.base@21.0.6/java.lang.Thread.run(Thread.java:1583)
"IPC Server Responder" daemon prio=5 tid=777 runnable
java.lang.Thread.State: RUNNABLE
        at java.base@21.0.6/sun.nio.ch.EPoll.wait(Native Method)
        at java.base@21.0.6/sun.nio.ch.EPollSelectorImpl.doSelect(EPollSelectorImpl.java:121)
        at java.base@21.0.6/sun.nio.ch.SelectorImpl.lockAndDoSelect(SelectorImpl.java:130)
        at java.base@21.0.6/sun.nio.ch.SelectorImpl.select(SelectorImpl.java:142)
        at app//org.apache.hadoop.ipc.Server$Responder.doRunLoop(Server.java:1733)
        at app//org.apache.hadoop.ipc.Server$Responder.run(Server.java:1716)
"Socket Reader #1 for port 15002"  prio=5 tid=60 runnable
java.lang.Thread.State: RUNNABLE
        at java.base@21.0.6/sun.nio.ch.EPoll.wait(Native Method)
        at java.base@21.0.6/sun.nio.ch.EPollSelectorImpl.doSelect(EPollSelectorImpl.java:121)
        at java.base@21.0.6/sun.nio.ch.SelectorImpl.lockAndDoSelect(SelectorImpl.java:130)
        at java.base@21.0.6/sun.nio.ch.SelectorImpl.select(SelectorImpl.java:147)
        at app//org.apache.hadoop.ipc.Server$Listener$Reader.doRunLoop(Server.java:1497)
        at app//org.apache.hadoop.ipc.Server$Listener$Reader.run(Server.java:1476)
"IPC Server handler 55 on default port 15002" daemon prio=5 tid=391 timed_waiting
java.lang.Thread.State: TIMED_WAITING
        at java.base@21.0.6/jdk.internal.misc.Unsafe.park(Native Method)
        at java.base@21.0.6/java.util.concurrent.locks.LockSupport.parkNanos(LockSupport.java:269)
        at java.base@21.0.6/java.util.concurrent.locks.AbstractQueuedSynchronizer$ConditionObject.awaitNanos(AbstractQueuedSynchronizer.java:1763)
        at java.base@21.0.6/java.util.concurrent.LinkedBlockingQueue.poll(LinkedBlockingQueue.java:460)
        at app//org.apache.hadoop.ipc.CallQueueManager.take(CallQueueManager.java:370)
        at app//org.apache.hadoop.ipc.Server$Handler.run(Server.java:3165)
"IPC Server handler 17 on default port 15001" daemon prio=5 tid=235 timed_waiting
java.lang.Thread.State: TIMED_WAITING
        at java.base@21.0.6/jdk.internal.misc.Unsafe.park(Native Method)
        at java.base@21.0.6/java.util.concurrent.locks.LockSupport.parkNanos(LockSupport.java:269)
        at java.base@21.0.6/java.util.concurrent.locks.AbstractQueuedSynchronizer$ConditionObject.awaitNanos(AbstractQueuedSynchronizer.java:1763)
        at java.base@21.0.6/java.util.concurrent.LinkedBlockingQueue.poll(LinkedBlockingQueue.java:460)
        at app//org.apache.hadoop.ipc.CallQueueManager.take(CallQueueManager.java:370)
        at app//org.apache.hadoop.ipc.Server$Handler.run(Server.java:3165)
"4a3059aa-ae89-4e47-8f1e-08d61ab31d43-DataNodeDiskCheckerThread-0" daemon prio=5 tid=837 timed_waiting
java.lang.Thread.State: TIMED_WAITING
        at java.base@21.0.6/jdk.internal.misc.Unsafe.park(Native Method)
        at java.base@21.0.6/java.util.concurrent.locks.LockSupport.parkNanos(LockSupport.java:410)
        at java.base@21.0.6/java.util.concurrent.LinkedTransferQueue$DualNode.await(LinkedTransferQueue.java:452)
        at java.base@21.0.6/java.util.concurrent.SynchronousQueue$Transferer.xferLifo(SynchronousQueue.java:194)
        at java.base@21.0.6/java.util.concurrent.SynchronousQueue.xfer(SynchronousQueue.java:235)
        at java.base@21.0.6/java.util.concurrent.SynchronousQueue.poll(SynchronousQueue.java:338)
        at java.base@21.0.6/java.util.concurrent.ThreadPoolExecutor.getTask(ThreadPoolExecutor.java:1069)
        at java.base@21.0.6/java.util.concurrent.ThreadPoolExecutor.runWorker(ThreadPoolExecutor.java:1130)
        at java.base@21.0.6/java.util.concurrent.ThreadPoolExecutor$Worker.run(ThreadPoolExecutor.java:642)
        at java.base@21.0.6/java.lang.Thread.runWith(Thread.java:1596)
        at java.base@21.0.6/java.lang.Thread.run(Thread.java:1583)
"timer6" daemon prio=5 tid=1018 timed_waiting
java.lang.Thread.State: TIMED_WAITING
        at java.base@21.0.6/java.lang.Object.wait0(Native Method)
        at java.base@21.0.6/java.lang.Object.wait(Object.java:366)
        at java.base@21.0.6/java.util.TimerThread.mainLoop(Timer.java:563)
        at java.base@21.0.6/java.util.TimerThread.run(Timer.java:516)
"IPC Server handler 47 on default port 15002" daemon prio=5 tid=383 timed_waiting
java.lang.Thread.State: TIMED_WAITING
        at java.base@21.0.6/jdk.internal.misc.Unsafe.park(Native Method)
        at java.base@21.0.6/java.util.concurrent.locks.LockSupport.parkNanos(LockSupport.java:269)
        at java.base@21.0.6/java.util.concurrent.locks.AbstractQueuedSynchronizer$ConditionObject.awaitNanos(AbstractQueuedSynchronizer.java:1763)
        at java.base@21.0.6/java.util.concurrent.LinkedBlockingQueue.poll(LinkedBlockingQueue.java:460)
        at app//org.apache.hadoop.ipc.CallQueueManager.take(CallQueueManager.java:370)
        at app//org.apache.hadoop.ipc.Server$Handler.run(Server.java:3165)
"IPC Server handler 1 on default port 15002" daemon prio=5 tid=337 timed_waiting
java.lang.Thread.State: TIMED_WAITING
        at java.base@21.0.6/jdk.internal.misc.Unsafe.park(Native Method)
        at java.base@21.0.6/java.util.concurrent.locks.LockSupport.parkNanos(LockSupport.java:269)
        at java.base@21.0.6/java.util.concurrent.locks.AbstractQueuedSynchronizer$ConditionObject.awaitNanos(AbstractQueuedSynchronizer.java:1763)
        at java.base@21.0.6/java.util.concurrent.LinkedBlockingQueue.poll(LinkedBlockingQueue.java:460)
        at app//org.apache.hadoop.ipc.CallQueueManager.take(CallQueueManager.java:370)
        at app//org.apache.hadoop.ipc.Server$Handler.run(Server.java:3165)
"om1-SnapshotDiffCleanupService#0" daemon prio=5 tid=441 timed_waiting
java.lang.Thread.State: TIMED_WAITING
        at java.base@21.0.6/jdk.internal.misc.Unsafe.park(Native Method)
        at java.base@21.0.6/java.util.concurrent.locks.LockSupport.parkNanos(LockSupport.java:269)
        at java.base@21.0.6/java.util.concurrent.locks.AbstractQueuedSynchronizer$ConditionObject.awaitNanos(AbstractQueuedSynchronizer.java:1763)
        at java.base@21.0.6/java.util.concurrent.ScheduledThreadPoolExecutor$DelayedWorkQueue.take(ScheduledThreadPoolExecutor.java:1182)
        at java.base@21.0.6/java.util.concurrent.ScheduledThreadPoolExecutor$DelayedWorkQueue.take(ScheduledThreadPoolExecutor.java:899)
        at java.base@21.0.6/java.util.concurrent.ThreadPoolExecutor.getTask(ThreadPoolExecutor.java:1070)
        at java.base@21.0.6/java.util.concurrent.ThreadPoolExecutor.runWorker(ThreadPoolExecutor.java:1130)
        at java.base@21.0.6/java.util.concurrent.ThreadPoolExecutor$Worker.run(ThreadPoolExecutor.java:642)
        at java.base@21.0.6/java.lang.Thread.runWith(Thread.java:1596)
        at java.base@21.0.6/java.lang.Thread.run(Thread.java:1583)
"qtp2049070779-753" daemon prio=5 tid=753 timed_waiting
java.lang.Thread.State: TIMED_WAITING
        at java.base@21.0.6/jdk.internal.misc.Unsafe.park(Native Method)
        at java.base@21.0.6/java.util.concurrent.locks.LockSupport.parkNanos(LockSupport.java:269)
        at java.base@21.0.6/java.util.concurrent.locks.AbstractQueuedSynchronizer$ConditionObject.awaitNanos(AbstractQueuedSynchronizer.java:1763)
        at app//org.eclipse.jetty.util.BlockingArrayQueue.poll(BlockingArrayQueue.java:382)
        at app//org.eclipse.jetty.util.thread.QueuedThreadPool$Runner.idleJobPoll(QueuedThreadPool.java:974)
        at app//org.eclipse.jetty.util.thread.QueuedThreadPool$Runner.run(QueuedThreadPool.java:1018)
        at java.base@21.0.6/java.lang.Thread.runWith(Thread.java:1596)
        at java.base@21.0.6/java.lang.Thread.run(Thread.java:1583)
"d6a19b8b-82a2-4947-8b44-7228be6ad053-PipelineCommandHandlerThread-0"  prio=5 tid=942 in Object.wait()
java.lang.Thread.State: WAITING (on object monitor)
        at java.base@21.0.6/jdk.internal.misc.Unsafe.park(Native Method)
        at java.base@21.0.6/java.util.concurrent.locks.LockSupport.park(LockSupport.java:371)
        at java.base@21.0.6/java.util.concurrent.locks.AbstractQueuedSynchronizer$ConditionNode.block(AbstractQueuedSynchronizer.java:519)
        at java.base@21.0.6/java.util.concurrent.ForkJoinPool.unmanagedBlock(ForkJoinPool.java:3780)
        at java.base@21.0.6/java.util.concurrent.ForkJoinPool.managedBlock(ForkJoinPool.java:3725)
        at java.base@21.0.6/java.util.concurrent.locks.AbstractQueuedSynchronizer$ConditionObject.await(AbstractQueuedSynchronizer.java:1712)
        at java.base@21.0.6/java.util.concurrent.LinkedBlockingQueue.take(LinkedBlockingQueue.java:435)
        at java.base@21.0.6/java.util.concurrent.ThreadPoolExecutor.getTask(ThreadPoolExecutor.java:1070)
        at java.base@21.0.6/java.util.concurrent.ThreadPoolExecutor.runWorker(ThreadPoolExecutor.java:1130)
        at java.base@21.0.6/java.util.concurrent.ThreadPoolExecutor$Worker.run(ThreadPoolExecutor.java:642)
        at java.base@21.0.6/java.lang.Thread.runWith(Thread.java:1596)
        at java.base@21.0.6/java.lang.Thread.run(Thread.java:1583)
"IPC Server handler 82 on default port 15001" daemon prio=5 tid=300 timed_waiting
java.lang.Thread.State: TIMED_WAITING
        at java.base@21.0.6/jdk.internal.misc.Unsafe.park(Native Method)
        at java.base@21.0.6/java.util.concurrent.locks.LockSupport.parkNanos(LockSupport.java:269)
        at java.base@21.0.6/java.util.concurrent.locks.AbstractQueuedSynchronizer$ConditionObject.awaitNanos(AbstractQueuedSynchronizer.java:1763)
        at java.base@21.0.6/java.util.concurrent.LinkedBlockingQueue.poll(LinkedBlockingQueue.java:460)
        at app//org.apache.hadoop.ipc.CallQueueManager.take(CallQueueManager.java:370)
        at app//org.apache.hadoop.ipc.Server$Handler.run(Server.java:3165)
"IPC Server handler 86 on default port 15000" daemon prio=5 tid=204 timed_waiting
java.lang.Thread.State: TIMED_WAITING
        at java.base@21.0.6/jdk.internal.misc.Unsafe.park(Native Method)
        at java.base@21.0.6/java.util.concurrent.locks.LockSupport.parkNanos(LockSupport.java:269)
        at java.base@21.0.6/java.util.concurrent.locks.AbstractQueuedSynchronizer$ConditionObject.awaitNanos(AbstractQueuedSynchronizer.java:1763)
        at java.base@21.0.6/java.util.concurrent.LinkedBlockingQueue.poll(LinkedBlockingQueue.java:460)
        at app//org.apache.hadoop.ipc.CallQueueManager.take(CallQueueManager.java:370)
        at app//org.apache.hadoop.ipc.Server$Handler.run(Server.java:3165)
"IPC Server handler 45 on default port 15000" daemon prio=5 tid=163 timed_waiting
java.lang.Thread.State: TIMED_WAITING
        at java.base@21.0.6/jdk.internal.misc.Unsafe.park(Native Method)
        at java.base@21.0.6/java.util.concurrent.locks.LockSupport.parkNanos(LockSupport.java:269)
        at java.base@21.0.6/java.util.concurrent.locks.AbstractQueuedSynchronizer$ConditionObject.awaitNanos(AbstractQueuedSynchronizer.java:1763)
        at java.base@21.0.6/java.util.concurrent.LinkedBlockingQueue.poll(LinkedBlockingQueue.java:460)
        at app//org.apache.hadoop.ipc.CallQueueManager.take(CallQueueManager.java:370)
        at app//org.apache.hadoop.ipc.Server$Handler.run(Server.java:3165)
"IPC Server handler 75 on default port 15000" daemon prio=5 tid=193 timed_waiting
java.lang.Thread.State: TIMED_WAITING
        at java.base@21.0.6/jdk.internal.misc.Unsafe.park(Native Method)
        at java.base@21.0.6/java.util.concurrent.locks.LockSupport.parkNanos(LockSupport.java:269)
        at java.base@21.0.6/java.util.concurrent.locks.AbstractQueuedSynchronizer$ConditionObject.awaitNanos(AbstractQueuedSynchronizer.java:1763)
        at java.base@21.0.6/java.util.concurrent.LinkedBlockingQueue.poll(LinkedBlockingQueue.java:460)
        at app//org.apache.hadoop.ipc.CallQueueManager.take(CallQueueManager.java:370)
        at app//org.apache.hadoop.ipc.Server$Handler.run(Server.java:3165)
"Session-HouseKeeper-16c1345b-1"  prio=5 tid=329 timed_waiting
java.lang.Thread.State: TIMED_WAITING
        at java.base@21.0.6/jdk.internal.misc.Unsafe.park(Native Method)
        at java.base@21.0.6/java.util.concurrent.locks.LockSupport.parkNanos(LockSupport.java:269)
        at java.base@21.0.6/java.util.concurrent.locks.AbstractQueuedSynchronizer$ConditionObject.awaitNanos(AbstractQueuedSynchronizer.java:1763)
        at java.base@21.0.6/java.util.concurrent.ScheduledThreadPoolExecutor$DelayedWorkQueue.take(ScheduledThreadPoolExecutor.java:1182)
        at java.base@21.0.6/java.util.concurrent.ScheduledThreadPoolExecutor$DelayedWorkQueue.take(ScheduledThreadPoolExecutor.java:899)
        at java.base@21.0.6/java.util.concurrent.ThreadPoolExecutor.getTask(ThreadPoolExecutor.java:1070)
        at java.base@21.0.6/java.util.concurrent.ThreadPoolExecutor.runWorker(ThreadPoolExecutor.java:1130)
        at java.base@21.0.6/java.util.concurrent.ThreadPoolExecutor$Worker.run(ThreadPoolExecutor.java:642)
        at java.base@21.0.6/java.lang.Thread.runWith(Thread.java:1596)
        at java.base@21.0.6/java.lang.Thread.run(Thread.java:1583)
"IPC Server handler 80 on default port 15001" daemon prio=5 tid=298 timed_waiting
java.lang.Thread.State: TIMED_WAITING
        at java.base@21.0.6/jdk.internal.misc.Unsafe.park(Native Method)
        at java.base@21.0.6/java.util.concurrent.locks.LockSupport.parkNanos(LockSupport.java:269)
        at java.base@21.0.6/java.util.concurrent.locks.AbstractQueuedSynchronizer$ConditionObject.awaitNanos(AbstractQueuedSynchronizer.java:1763)
        at java.base@21.0.6/java.util.concurrent.LinkedBlockingQueue.poll(LinkedBlockingQueue.java:460)
        at app//org.apache.hadoop.ipc.CallQueueManager.take(CallQueueManager.java:370)
        at app//org.apache.hadoop.ipc.Server$Handler.run(Server.java:3165)
"qtp596278845-321" daemon prio=5 tid=321 runnable
java.lang.Thread.State: RUNNABLE
        at java.base@21.0.6/sun.nio.ch.EPoll.wait(Native Method)
        at java.base@21.0.6/sun.nio.ch.EPollSelectorImpl.doSelect(EPollSelectorImpl.java:121)
        at java.base@21.0.6/sun.nio.ch.SelectorImpl.lockAndDoSelect(SelectorImpl.java:130)
        at java.base@21.0.6/sun.nio.ch.SelectorImpl.select(SelectorImpl.java:147)
        at app//org.eclipse.jetty.io.ManagedSelector.nioSelect(ManagedSelector.java:183)
        at app//org.eclipse.jetty.io.ManagedSelector.select(ManagedSelector.java:190)
        at app//org.eclipse.jetty.io.ManagedSelector$SelectorProducer.select(ManagedSelector.java:606)
        at app//org.eclipse.jetty.io.ManagedSelector$SelectorProducer.produce(ManagedSelector.java:543)
        at app//org.eclipse.jetty.util.thread.strategy.EatWhatYouKill.produceTask(EatWhatYouKill.java:362)
        at app//org.eclipse.jetty.util.thread.strategy.EatWhatYouKill.doProduce(EatWhatYouKill.java:186)
        at app//org.eclipse.jetty.util.thread.strategy.EatWhatYouKill.tryProduce(EatWhatYouKill.java:173)
        at app//org.eclipse.jetty.util.thread.strategy.EatWhatYouKill.produce(EatWhatYouKill.java:137)
        at app//org.eclipse.jetty.io.ManagedSelector$$Lambda/0x00007fd0ac690720.run(Unknown Source)
        at app//org.eclipse.jetty.util.thread.QueuedThreadPool.runJob(QueuedThreadPool.java:883)
        at app//org.eclipse.jetty.util.thread.QueuedThreadPool$Runner.run(QueuedThreadPool.java:1034)
        at java.base@21.0.6/java.lang.Thread.runWith(Thread.java:1596)
        at java.base@21.0.6/java.lang.Thread.run(Thread.java:1583)
"IPC Server handler 30 on default port 15001" daemon prio=5 tid=248 timed_waiting
java.lang.Thread.State: TIMED_WAITING
        at java.base@21.0.6/jdk.internal.misc.Unsafe.park(Native Method)
        at java.base@21.0.6/java.util.concurrent.locks.LockSupport.parkNanos(LockSupport.java:269)
        at java.base@21.0.6/java.util.concurrent.locks.AbstractQueuedSynchronizer$ConditionObject.awaitNanos(AbstractQueuedSynchronizer.java:1763)
        at java.base@21.0.6/java.util.concurrent.LinkedBlockingQueue.poll(LinkedBlockingQueue.java:460)
        at app//org.apache.hadoop.ipc.CallQueueManager.take(CallQueueManager.java:370)
        at app//org.apache.hadoop.ipc.Server$Handler.run(Server.java:3165)
"IPC Server handler 51 on default port 15000" daemon prio=5 tid=169 timed_waiting
java.lang.Thread.State: TIMED_WAITING
        at java.base@21.0.6/jdk.internal.misc.Unsafe.park(Native Method)
        at java.base@21.0.6/java.util.concurrent.locks.LockSupport.parkNanos(LockSupport.java:269)
        at java.base@21.0.6/java.util.concurrent.locks.AbstractQueuedSynchronizer$ConditionObject.awaitNanos(AbstractQueuedSynchronizer.java:1763)
        at java.base@21.0.6/java.util.concurrent.LinkedBlockingQueue.poll(LinkedBlockingQueue.java:460)
        at app//org.apache.hadoop.ipc.CallQueueManager.take(CallQueueManager.java:370)
        at app//org.apache.hadoop.ipc.Server$Handler.run(Server.java:3165)


	at org.apache.ozone.test.GenericTestUtils.waitFor(GenericTestUtils.java:152)
	at org.apache.hadoop.hdds.scm.node.TestQueryNode.testStaleNodesCount(TestQueryNode.java:86)
	at java.base/java.lang.reflect.Method.invoke(Method.java:580)
	at java.base/java.util.ArrayList.forEach(ArrayList.java:1596)
	at java.base/java.util.ArrayList.forEach(ArrayList.java:1596)
]]></error>
    <system-out><![CDATA[2025-04-17 16:40:15,050 [main] WARN  server.ServerUtils (ServerUtils.java:getScmDbDir(141)) - ozone.scm.db.dirs is not configured. We recommend adding this setting. Falling back to ozone.metadata.dirs instead.
2025-04-17 16:40:15,246 [main] INFO  reflections.Reflections (Reflections.java:scan(219)) - Reflections took 161 ms to scan 7 urls, producing 166 keys and 390 values
2025-04-17 16:40:15,370 [main] INFO  ha.SCMHANodeDetails (SCMHANodeDetails.java:loadSCMHAConfig(162)) - ServiceID for StorageContainerManager is null
2025-04-17 16:40:15,371 [main] INFO  ha.SCMHANodeDetails (SCMHANodeDetails.java:loadSCMHAConfig(166)) - ozone.scm.default.service.id is not defined, falling back to ozone.scm.service.ids to find serviceID for StorageContainerManager if it is HA enabled cluster
2025-04-17 16:40:15,544 [main] INFO  server.RaftServerConfigKeys (ConfUtils.java:logGet(46)) - raft.server.log.appender.buffer.byte-limit = 4194304 (custom)
2025-04-17 16:40:15,564 [main] INFO  server.RaftServer (ConfUtils.java:logGet(46)) - raft.rpc.type = GRPC (default)
2025-04-17 16:40:15,602 [main] INFO  grpc.GrpcConfigKeys (ConfUtils.java:logFallback(53)) - raft.grpc.admin.host = null (fallback to raft.grpc.server.host)
2025-04-17 16:40:15,603 [main] INFO  grpc.GrpcConfigKeys (ConfUtils.java:logFallback(53)) - raft.grpc.admin.port = 15004 (fallback to raft.grpc.server.port)
2025-04-17 16:40:15,604 [main] INFO  grpc.GrpcConfigKeys (ConfUtils.java:logFallback(53)) - raft.grpc.client.host = null (fallback to raft.grpc.server.host)
2025-04-17 16:40:15,604 [main] INFO  grpc.GrpcConfigKeys (ConfUtils.java:logFallback(53)) - raft.grpc.client.port = 15004 (fallback to raft.grpc.server.port)
2025-04-17 16:40:15,605 [main] INFO  grpc.GrpcConfigKeys (ConfUtils.java:logGet(46)) - raft.grpc.server.host = null (default)
2025-04-17 16:40:15,605 [main] INFO  grpc.GrpcConfigKeys (ConfUtils.java:logGet(46)) - raft.grpc.server.port = 15004 (custom)
2025-04-17 16:40:15,605 [main] INFO  server.GrpcService (ConfUtils.java:logGet(46)) - raft.grpc.message.size.max = 5242880 (custom)
2025-04-17 16:40:15,606 [main] INFO  server.GrpcService (ConfUtils.java:logGet(46)) - raft.grpc.flow.control.window = 1MB (=1048576) (default)
2025-04-17 16:40:15,607 [main] INFO  server.RaftServerConfigKeys (ConfUtils.java:logGet(46)) - raft.server.rpc.request.timeout = 30000ms (custom)
2025-04-17 16:40:15,612 [main] INFO  grpc.GrpcConfigKeys (ConfUtils.java:logGet(46)) - raft.grpc.server.heartbeat.channel = true (default)
2025-04-17 16:40:15,613 [main] INFO  server.RaftServerConfigKeys (ConfUtils.java:logGet(46)) - raft.server.log.appender.buffer.byte-limit = 4194304 (custom)
2025-04-17 16:40:15,615 [main] INFO  grpc.GrpcConfigKeys (ConfUtils.java:logGet(46)) - raft.grpc.server.async.request.thread.pool.cached = true (default)
2025-04-17 16:40:15,615 [main] INFO  grpc.GrpcConfigKeys (ConfUtils.java:logGet(46)) - raft.grpc.server.async.request.thread.pool.size = 32 (default)
2025-04-17 16:40:15,754 [main] INFO  impl.DataStreamServerImpl (ConfUtils.java:logGet(46)) - raft.datastream.type = DISABLED (default)
2025-04-17 16:40:15,756 [main] INFO  server.RaftServerConfigKeys (ConfUtils.java:logGet(46)) - raft.server.sleep.deviation.threshold = 300ms (default)
2025-04-17 16:40:15,756 [main] INFO  server.RaftServerConfigKeys (ConfUtils.java:logGet(46)) - raft.server.close.threshold = 60s (default)
2025-04-17 16:40:15,756 [main] INFO  server.RaftServerConfigKeys (ConfUtils.java:logGet(46)) - raft.server.leaderelection.leader.step-down.wait-time = 10s (default)
2025-04-17 16:40:15,760 [main] INFO  server.RaftServerConfigKeys (ConfUtils.java:logGet(46)) - raft.server.storage.dir = [/home/runner/work/ozone/ozone/hadoop-ozone/integration-test/target/test-dir/MiniOzoneClusterImpl-26e726f8-5cec-4c14-bf14-45d4895febc0/ozone-meta/scm-ha] (custom)
2025-04-17 16:40:15,761 [main] INFO  server.RaftServerConfigKeys (ConfUtils.java:logGet(46)) - raft.server.threadpool.proxy.cached = true (default)
2025-04-17 16:40:15,761 [main] INFO  server.RaftServerConfigKeys (ConfUtils.java:logGet(46)) - raft.server.threadpool.proxy.size = 0 (default)
2025-04-17 16:40:15,767 [main] INFO  server.RaftServer (RaftServerProxy.java:addNew(100)) - 50f19a77-e23b-421f-a833-5664bb01cf1c: addNew group-45D4895FEBC0:[50f19a77-e23b-421f-a833-5664bb01cf1c|fv-az1665-423:15004] returns group-45D4895FEBC0:java.util.concurrent.CompletableFuture@6fa0450e[Not completed]
2025-04-17 16:40:15,777 [50f19a77-e23b-421f-a833-5664bb01cf1c-groupManagement] INFO  server.RaftServer$Division (RaftServerImpl.java:<init>(255)) - 50f19a77-e23b-421f-a833-5664bb01cf1c: new RaftServerImpl for group-45D4895FEBC0:[50f19a77-e23b-421f-a833-5664bb01cf1c|fv-az1665-423:15004] with SCMStateMachine:uninitialized
2025-04-17 16:40:15,779 [50f19a77-e23b-421f-a833-5664bb01cf1c-groupManagement] INFO  server.RaftServerConfigKeys (ConfUtils.java:logGet(46)) - raft.server.rpc.timeout.min = 5000ms (custom)
2025-04-17 16:40:15,779 [50f19a77-e23b-421f-a833-5664bb01cf1c-groupManagement] INFO  server.RaftServerConfigKeys (ConfUtils.java:logGet(46)) - raft.server.rpc.timeout.max = 5200ms (custom)
2025-04-17 16:40:15,780 [50f19a77-e23b-421f-a833-5664bb01cf1c-groupManagement] INFO  server.RaftServerConfigKeys (ConfUtils.java:logGet(46)) - raft.server.rpc.sleep.time = 25ms (default)
2025-04-17 16:40:15,780 [50f19a77-e23b-421f-a833-5664bb01cf1c-groupManagement] INFO  server.RaftServerConfigKeys (ConfUtils.java:logGet(46)) - raft.server.rpc.slowness.timeout = 120000ms (custom)
2025-04-17 16:40:15,780 [50f19a77-e23b-421f-a833-5664bb01cf1c-groupManagement] INFO  server.RaftServerConfigKeys (ConfUtils.java:logGet(46)) - raft.server.leaderelection.leader.step-down.wait-time = 10s (default)
2025-04-17 16:40:15,781 [50f19a77-e23b-421f-a833-5664bb01cf1c-groupManagement] INFO  server.RaftServerConfigKeys (ConfUtils.java:logGet(46)) - raft.server.leaderelection.member.majority-add = false (default)
2025-04-17 16:40:15,781 [50f19a77-e23b-421f-a833-5664bb01cf1c-groupManagement] INFO  server.RaftServerConfigKeys (ConfUtils.java:logGet(46)) - raft.server.sleep.deviation.threshold = 300ms (default)
2025-04-17 16:40:15,786 [50f19a77-e23b-421f-a833-5664bb01cf1c-groupManagement] INFO  server.RaftServer$Division (ServerState.java:<init>(114)) - 50f19a77-e23b-421f-a833-5664bb01cf1c@group-45D4895FEBC0: ConfigurationManager, init=conf: {index: -1, cur=peers:[50f19a77-e23b-421f-a833-5664bb01cf1c|fv-az1665-423:15004]|listeners:[], old=null}, confs=<EMPTY_MAP>
2025-04-17 16:40:15,790 [50f19a77-e23b-421f-a833-5664bb01cf1c-groupManagement] INFO  server.RaftServerConfigKeys (ConfUtils.java:logGet(46)) - raft.server.notification.no-leader.timeout = 60s (default)
2025-04-17 16:40:15,792 [50f19a77-e23b-421f-a833-5664bb01cf1c-groupManagement] INFO  server.RaftServerConfigKeys (ConfUtils.java:logGet(46)) - raft.server.read.timeout = 10s (default)
2025-04-17 16:40:15,795 [50f19a77-e23b-421f-a833-5664bb01cf1c-groupManagement] INFO  server.RaftServerConfigKeys (ConfUtils.java:logGet(46)) - raft.server.retrycache.expirytime = 60000ms (default)
2025-04-17 16:40:15,795 [50f19a77-e23b-421f-a833-5664bb01cf1c-groupManagement] INFO  server.RaftServerConfigKeys (ConfUtils.java:logGet(46)) - raft.server.retrycache.statistics.expirytime = 100ms (default)
2025-04-17 16:40:15,798 [50f19a77-e23b-421f-a833-5664bb01cf1c-groupManagement] INFO  server.RaftServerConfigKeys (ConfUtils.java:logGet(46)) - raft.server.read.option = DEFAULT (default)
2025-04-17 16:40:15,799 [50f19a77-e23b-421f-a833-5664bb01cf1c-groupManagement] INFO  server.RaftServerConfigKeys (ConfUtils.java:logGet(46)) - raft.server.read.read-after-write-consistent.write-index-cache.expiry-time = 60s (default)
2025-04-17 16:40:15,921 [50f19a77-e23b-421f-a833-5664bb01cf1c-groupManagement] INFO  server.RaftServerConfigKeys (ConfUtils.java:logGet(46)) - raft.server.rpc.request.timeout = 30000ms (custom)
2025-04-17 16:40:15,923 [50f19a77-e23b-421f-a833-5664bb01cf1c-groupManagement] INFO  server.RaftServerConfigKeys (ConfUtils.java:logGet(46)) - raft.server.log.appender.install.snapshot.enabled = false (custom)
2025-04-17 16:40:15,923 [50f19a77-e23b-421f-a833-5664bb01cf1c-groupManagement] INFO  server.RaftServerConfigKeys (ConfUtils.java:logGet(46)) - raft.server.threadpool.server.cached = true (default)
2025-04-17 16:40:15,924 [50f19a77-e23b-421f-a833-5664bb01cf1c-groupManagement] INFO  server.RaftServerConfigKeys (ConfUtils.java:logGet(46)) - raft.server.threadpool.server.size = 0 (default)
2025-04-17 16:40:15,924 [50f19a77-e23b-421f-a833-5664bb01cf1c-groupManagement] INFO  server.RaftServerConfigKeys (ConfUtils.java:logGet(46)) - raft.server.threadpool.client.cached = true (default)
2025-04-17 16:40:15,925 [50f19a77-e23b-421f-a833-5664bb01cf1c-groupManagement] INFO  server.RaftServerConfigKeys (ConfUtils.java:logGet(46)) - raft.server.threadpool.client.size = 0 (default)
2025-04-17 16:40:15,926 [50f19a77-e23b-421f-a833-5664bb01cf1c-impl-thread1] INFO  server.RaftServerConfigKeys (ConfUtils.java:logGet(46)) - raft.server.storage.free-space.min = 0MB (=0) (default)
2025-04-17 16:40:15,927 [50f19a77-e23b-421f-a833-5664bb01cf1c-impl-thread1] INFO  server.RaftServerConfigKeys (ConfUtils.java:logGet(46)) - raft.server.log.corruption.policy = EXCEPTION (default)
2025-04-17 16:40:15,927 [50f19a77-e23b-421f-a833-5664bb01cf1c-impl-thread1] INFO  server.RaftServerConfigKeys (ConfUtils.java:logGet(46)) - raft.server.storage.dir = [/home/runner/work/ozone/ozone/hadoop-ozone/integration-test/target/test-dir/MiniOzoneClusterImpl-26e726f8-5cec-4c14-bf14-45d4895febc0/ozone-meta/scm-ha] (custom)
2025-04-17 16:40:15,933 [50f19a77-e23b-421f-a833-5664bb01cf1c-impl-thread1] INFO  storage.RaftStorageDirectory (RaftStorageDirectoryImpl.java:analyzeStorage(138)) - The storage directory /home/runner/work/ozone/ozone/hadoop-ozone/integration-test/target/test-dir/MiniOzoneClusterImpl-26e726f8-5cec-4c14-bf14-45d4895febc0/ozone-meta/scm-ha/26e726f8-5cec-4c14-bf14-45d4895febc0 does not exist. Creating ...
2025-04-17 16:40:15,936 [50f19a77-e23b-421f-a833-5664bb01cf1c-impl-thread1] INFO  storage.RaftStorageDirectory (RaftStorageDirectoryImpl.java:tryLock(229)) - Lock on /home/runner/work/ozone/ozone/hadoop-ozone/integration-test/target/test-dir/MiniOzoneClusterImpl-26e726f8-5cec-4c14-bf14-45d4895febc0/ozone-meta/scm-ha/26e726f8-5cec-4c14-bf14-45d4895febc0/in_use.lock acquired by nodename 85305@fv-az1665-423
2025-04-17 16:40:15,939 [50f19a77-e23b-421f-a833-5664bb01cf1c-impl-thread1] INFO  storage.RaftStorage (RaftStorageImpl.java:format(98)) - Storage directory /home/runner/work/ozone/ozone/hadoop-ozone/integration-test/target/test-dir/MiniOzoneClusterImpl-26e726f8-5cec-4c14-bf14-45d4895febc0/ozone-meta/scm-ha/26e726f8-5cec-4c14-bf14-45d4895febc0 has been successfully formatted.
2025-04-17 16:40:15,940 [50f19a77-e23b-421f-a833-5664bb01cf1c-impl-thread1] INFO  ha.SCMStateMachine (SCMStateMachine.java:lambda$initialize$0(135)) - 50f19a77-e23b-421f-a833-5664bb01cf1c: initialize group-45D4895FEBC0
2025-04-17 16:40:15,942 [50f19a77-e23b-421f-a833-5664bb01cf1c-impl-thread1] INFO  server.RaftServerConfigKeys (ConfUtils.java:logGet(46)) - raft.server.log.use.memory = false (default)
2025-04-17 16:40:15,946 [50f19a77-e23b-421f-a833-5664bb01cf1c-impl-thread1] INFO  server.RaftServerConfigKeys (ConfUtils.java:logGet(46)) - raft.server.log.purge.gap = 1000000 (custom)
2025-04-17 16:40:15,946 [50f19a77-e23b-421f-a833-5664bb01cf1c-impl-thread1] INFO  server.RaftServerConfigKeys (ConfUtils.java:logGet(46)) - raft.server.log.appender.buffer.byte-limit = 4194304 (custom)
2025-04-17 16:40:15,948 [50f19a77-e23b-421f-a833-5664bb01cf1c-impl-thread1] INFO  server.RaftServerConfigKeys (ConfUtils.java:logGet(46)) - raft.server.log.statemachine.data.read.timeout = 1000ms (default)
2025-04-17 16:40:15,948 [50f19a77-e23b-421f-a833-5664bb01cf1c-impl-thread1] INFO  server.RaftServerConfigKeys (ConfUtils.java:logGet(46)) - raft.server.log.purge.preservation.log.num = 0 (default)
2025-04-17 16:40:15,951 [50f19a77-e23b-421f-a833-5664bb01cf1c-impl-thread1] INFO  server.RaftServerConfigKeys (ConfUtils.java:logGet(46)) - raft.server.log.segment.size.max = 4194304 (custom)
2025-04-17 16:40:15,954 [50f19a77-e23b-421f-a833-5664bb01cf1c-impl-thread1] INFO  server.RaftServerConfigKeys (ConfUtils.java:logGet(46)) - raft.server.log.segment.cache.num.max = 2 (custom)
2025-04-17 16:40:15,955 [50f19a77-e23b-421f-a833-5664bb01cf1c-impl-thread1] INFO  server.RaftServerConfigKeys (ConfUtils.java:logGet(46)) - raft.server.log.segment.cache.size.max = 200MB (=209715200) (default)
2025-04-17 16:40:15,955 [50f19a77-e23b-421f-a833-5664bb01cf1c-impl-thread1] INFO  server.RaftServerConfigKeys (ConfUtils.java:logGet(46)) - raft.server.log.appender.buffer.byte-limit = 4194304 (custom)
2025-04-17 16:40:15,956 [50f19a77-e23b-421f-a833-5664bb01cf1c-impl-thread1] INFO  util.AwaitToRun (AwaitToRun.java:start(81)) - Thread[#38,50f19a77-e23b-421f-a833-5664bb01cf1c@group-45D4895FEBC0-cacheEviction-AwaitToRun,5,main] started
2025-04-17 16:40:15,959 [50f19a77-e23b-421f-a833-5664bb01cf1c-impl-thread1] INFO  segmented.SegmentedRaftLogWorker (SegmentedRaftLogWorker.java:<init>(188)) - new 50f19a77-e23b-421f-a833-5664bb01cf1c@group-45D4895FEBC0-SegmentedRaftLogWorker for RaftStorageImpl:Storage Directory /home/runner/work/ozone/ozone/hadoop-ozone/integration-test/target/test-dir/MiniOzoneClusterImpl-26e726f8-5cec-4c14-bf14-45d4895febc0/ozone-meta/scm-ha/26e726f8-5cec-4c14-bf14-45d4895febc0
2025-04-17 16:40:15,960 [50f19a77-e23b-421f-a833-5664bb01cf1c-impl-thread1] INFO  server.RaftServerConfigKeys (ConfUtils.java:logGet(46)) - raft.server.log.queue.byte-limit = 64MB (=67108864) (default)
2025-04-17 16:40:15,960 [50f19a77-e23b-421f-a833-5664bb01cf1c-impl-thread1] INFO  server.RaftServerConfigKeys (ConfUtils.java:logGet(46)) - raft.server.log.queue.element-limit = 4096 (default)
2025-04-17 16:40:15,962 [50f19a77-e23b-421f-a833-5664bb01cf1c-impl-thread1] INFO  server.RaftServerConfigKeys (ConfUtils.java:logGet(46)) - raft.server.log.segment.size.max = 4194304 (custom)
2025-04-17 16:40:15,962 [50f19a77-e23b-421f-a833-5664bb01cf1c-impl-thread1] INFO  server.RaftServerConfigKeys (ConfUtils.java:logGet(46)) - raft.server.log.preallocated.size = 4194304 (custom)
2025-04-17 16:40:15,962 [50f19a77-e23b-421f-a833-5664bb01cf1c-impl-thread1] INFO  server.RaftServerConfigKeys (ConfUtils.java:logGet(46)) - raft.server.log.force.sync.num = 128 (default)
2025-04-17 16:40:15,963 [50f19a77-e23b-421f-a833-5664bb01cf1c-impl-thread1] INFO  server.RaftServerConfigKeys (ConfUtils.java:logGet(46)) - raft.server.log.statemachine.data.sync = true (default)
2025-04-17 16:40:15,963 [50f19a77-e23b-421f-a833-5664bb01cf1c-impl-thread1] INFO  server.RaftServerConfigKeys (ConfUtils.java:logGet(46)) - raft.server.log.statemachine.data.sync.timeout = 10s (default)
2025-04-17 16:40:15,964 [50f19a77-e23b-421f-a833-5664bb01cf1c-impl-thread1] INFO  server.RaftServerConfigKeys (ConfUtils.java:logGet(46)) - raft.server.log.statemachine.data.sync.timeout.retry = -1 (default)
2025-04-17 16:40:15,965 [50f19a77-e23b-421f-a833-5664bb01cf1c-impl-thread1] INFO  server.RaftServerConfigKeys (ConfUtils.java:logGet(46)) - raft.server.log.write.buffer.size = 4194312 (custom)
2025-04-17 16:40:15,966 [50f19a77-e23b-421f-a833-5664bb01cf1c-impl-thread1] INFO  server.RaftServerConfigKeys (ConfUtils.java:logGet(46)) - raft.server.log.appender.buffer.byte-limit = 4194304 (custom)
2025-04-17 16:40:15,967 [50f19a77-e23b-421f-a833-5664bb01cf1c-impl-thread1] INFO  server.RaftServerConfigKeys (ConfUtils.java:logGet(46)) - raft.server.log.unsafe-flush.enabled = false (default)
2025-04-17 16:40:15,968 [50f19a77-e23b-421f-a833-5664bb01cf1c-impl-thread1] INFO  server.RaftServerConfigKeys (ConfUtils.java:logGet(46)) - raft.server.log.async-flush.enabled = false (default)
2025-04-17 16:40:15,968 [50f19a77-e23b-421f-a833-5664bb01cf1c-impl-thread1] INFO  server.RaftServerConfigKeys (ConfUtils.java:logGet(46)) - raft.server.log.statemachine.data.caching.enabled = false (default)
2025-04-17 16:40:15,972 [50f19a77-e23b-421f-a833-5664bb01cf1c-impl-thread1] INFO  segmented.SegmentedRaftLogWorker (SegmentedRaftLogWorker.java:lambda$new$0(139)) - 50f19a77-e23b-421f-a833-5664bb01cf1c@group-45D4895FEBC0-SegmentedRaftLogWorker: flushIndex: setUnconditionally 0 -> -1
2025-04-17 16:40:15,973 [50f19a77-e23b-421f-a833-5664bb01cf1c-impl-thread1] INFO  segmented.SegmentedRaftLogWorker (SegmentedRaftLogWorker.java:lambda$new$0(139)) - 50f19a77-e23b-421f-a833-5664bb01cf1c@group-45D4895FEBC0-SegmentedRaftLogWorker: safeCacheEvictIndex: setUnconditionally 0 -> -1
2025-04-17 16:40:15,975 [50f19a77-e23b-421f-a833-5664bb01cf1c-impl-thread1] INFO  server.RaftServer$Division (RaftServerImpl.java:start(391)) - 50f19a77-e23b-421f-a833-5664bb01cf1c@group-45D4895FEBC0: start as a follower, conf=conf: {index: -1, cur=peers:[50f19a77-e23b-421f-a833-5664bb01cf1c|fv-az1665-423:15004]|listeners:[], old=null}
2025-04-17 16:40:15,975 [50f19a77-e23b-421f-a833-5664bb01cf1c-impl-thread1] INFO  server.RaftServer$Division (RaftServerImpl.java:setRole(378)) - 50f19a77-e23b-421f-a833-5664bb01cf1c@group-45D4895FEBC0: changes role from      null to FOLLOWER at term 0 for startAsFollower
2025-04-17 16:40:15,976 [50f19a77-e23b-421f-a833-5664bb01cf1c-impl-thread1] INFO  impl.RoleInfo (RoleInfo.java:updateAndGet(148)) - 50f19a77-e23b-421f-a833-5664bb01cf1c: start 50f19a77-e23b-421f-a833-5664bb01cf1c@group-45D4895FEBC0-FollowerState
2025-04-17 16:40:15,977 [50f19a77-e23b-421f-a833-5664bb01cf1c@group-45D4895FEBC0-FollowerState] INFO  server.RaftServerConfigKeys (ConfUtils.java:logGet(46)) - raft.server.rpc.first-election.timeout.min = 1000ms (custom)
2025-04-17 16:40:15,977 [50f19a77-e23b-421f-a833-5664bb01cf1c@group-45D4895FEBC0-FollowerState] INFO  server.RaftServerConfigKeys (ConfUtils.java:logGet(46)) - raft.server.rpc.first-election.timeout.max = 1200ms (custom)
2025-04-17 16:40:15,978 [50f19a77-e23b-421f-a833-5664bb01cf1c-impl-thread1] INFO  util.JmxRegister (JmxRegister.java:tryRegister(44)) - Successfully registered JMX Bean with object name Ratis:service=RaftServer,group=group-45D4895FEBC0,id=50f19a77-e23b-421f-a833-5664bb01cf1c
2025-04-17 16:40:15,978 [50f19a77-e23b-421f-a833-5664bb01cf1c-impl-thread1] INFO  util.JmxRegister (JmxRegister.java:register(58)) - register mxBean class org.apache.ratis.server.impl.RaftServerJmxAdapter as Ratis:service=RaftServer,group=group-45D4895FEBC0,id=50f19a77-e23b-421f-a833-5664bb01cf1c
2025-04-17 16:40:15,980 [50f19a77-e23b-421f-a833-5664bb01cf1c-impl-thread1] INFO  server.RaftServerConfigKeys (ConfUtils.java:logGet(46)) - raft.server.snapshot.trigger-when-stop.enabled = true (default)
2025-04-17 16:40:15,980 [50f19a77-e23b-421f-a833-5664bb01cf1c-impl-thread1] INFO  server.RaftServerConfigKeys (ConfUtils.java:logGet(46)) - raft.server.snapshot.trigger-when-remove.enabled = true (default)
2025-04-17 16:40:15,980 [50f19a77-e23b-421f-a833-5664bb01cf1c-impl-thread1] INFO  server.RaftServerConfigKeys (ConfUtils.java:logGet(46)) - raft.server.snapshot.auto.trigger.enabled = true (custom)
2025-04-17 16:40:15,981 [50f19a77-e23b-421f-a833-5664bb01cf1c-impl-thread1] INFO  server.RaftServerConfigKeys (ConfUtils.java:logGet(46)) - raft.server.snapshot.auto.trigger.threshold = 1000 (custom)
2025-04-17 16:40:15,981 [50f19a77-e23b-421f-a833-5664bb01cf1c-impl-thread1] INFO  server.RaftServerConfigKeys (ConfUtils.java:logGet(46)) - raft.server.snapshot.retention.file.num = -1 (default)
2025-04-17 16:40:15,981 [50f19a77-e23b-421f-a833-5664bb01cf1c-impl-thread1] INFO  server.RaftServerConfigKeys (ConfUtils.java:logGet(46)) - raft.server.log.purge.upto.snapshot.index = false (default)
2025-04-17 16:40:15,984 [50f19a77-e23b-421f-a833-5664bb01cf1c-impl-thread1] INFO  server.RaftServer$Division (RaftServerImpl.java:start(405)) - 50f19a77-e23b-421f-a833-5664bb01cf1c@group-45D4895FEBC0: Successfully started.
2025-04-17 16:40:15,985 [main] INFO  server.RaftServer (RaftServerProxy.java:startImpl(407)) - 50f19a77-e23b-421f-a833-5664bb01cf1c: start RPC server
2025-04-17 16:40:16,011 [main] INFO  server.GrpcService (GrpcService.java:startImpl(334)) - 50f19a77-e23b-421f-a833-5664bb01cf1c: GrpcService started, listening on 15004
2025-04-17 16:40:16,013 [JvmPauseMonitor0] INFO  util.JvmPauseMonitor (JvmPauseMonitor.java:run(146)) - JvmPauseMonitor-50f19a77-e23b-421f-a833-5664bb01cf1c: Started
2025-04-17 16:40:16,987 [50f19a77-e23b-421f-a833-5664bb01cf1c@group-45D4895FEBC0-FollowerState] INFO  impl.FollowerState (FollowerState.java:runImpl(161)) - 50f19a77-e23b-421f-a833-5664bb01cf1c@group-45D4895FEBC0-FollowerState: change to CANDIDATE, lastRpcElapsedTime:1011503596ns, electionTimeout:1009ms
2025-04-17 16:40:16,988 [50f19a77-e23b-421f-a833-5664bb01cf1c@group-45D4895FEBC0-FollowerState] INFO  impl.RoleInfo (RoleInfo.java:shutdownFollowerState(121)) - 50f19a77-e23b-421f-a833-5664bb01cf1c: shutdown 50f19a77-e23b-421f-a833-5664bb01cf1c@group-45D4895FEBC0-FollowerState
2025-04-17 16:40:16,988 [50f19a77-e23b-421f-a833-5664bb01cf1c@group-45D4895FEBC0-FollowerState] INFO  server.RaftServer$Division (RaftServerImpl.java:setRole(378)) - 50f19a77-e23b-421f-a833-5664bb01cf1c@group-45D4895FEBC0: changes role from  FOLLOWER to CANDIDATE at term 0 for changeToCandidate
2025-04-17 16:40:16,990 [50f19a77-e23b-421f-a833-5664bb01cf1c@group-45D4895FEBC0-FollowerState] INFO  server.RaftServerConfigKeys (ConfUtils.java:logGet(46)) - raft.server.leaderelection.pre-vote = true (default)
2025-04-17 16:40:16,990 [50f19a77-e23b-421f-a833-5664bb01cf1c@group-45D4895FEBC0-FollowerState] INFO  impl.RoleInfo (RoleInfo.java:updateAndGet(148)) - 50f19a77-e23b-421f-a833-5664bb01cf1c: start 50f19a77-e23b-421f-a833-5664bb01cf1c@group-45D4895FEBC0-LeaderElection1
2025-04-17 16:40:16,992 [50f19a77-e23b-421f-a833-5664bb01cf1c@group-45D4895FEBC0-LeaderElection1] INFO  impl.LeaderElection (LeaderElection.java:askForVotes(332)) - 50f19a77-e23b-421f-a833-5664bb01cf1c@group-45D4895FEBC0-LeaderElection1 PRE_VOTE round 0: submit vote requests at term 0 for conf: {index: -1, cur=peers:[50f19a77-e23b-421f-a833-5664bb01cf1c|fv-az1665-423:15004]|listeners:[], old=null}
2025-04-17 16:40:16,993 [50f19a77-e23b-421f-a833-5664bb01cf1c@group-45D4895FEBC0-LeaderElection1] INFO  impl.LeaderElection (LeaderElection.java:askForVotes(334)) - 50f19a77-e23b-421f-a833-5664bb01cf1c@group-45D4895FEBC0-LeaderElection1 PRE_VOTE round 0: result PASSED (term=0)
2025-04-17 16:40:16,995 [50f19a77-e23b-421f-a833-5664bb01cf1c@group-45D4895FEBC0-LeaderElection1] INFO  impl.LeaderElection (LeaderElection.java:askForVotes(332)) - 50f19a77-e23b-421f-a833-5664bb01cf1c@group-45D4895FEBC0-LeaderElection1 ELECTION round 0: submit vote requests at term 1 for conf: {index: -1, cur=peers:[50f19a77-e23b-421f-a833-5664bb01cf1c|fv-az1665-423:15004]|listeners:[], old=null}
2025-04-17 16:40:16,995 [50f19a77-e23b-421f-a833-5664bb01cf1c@group-45D4895FEBC0-LeaderElection1] INFO  impl.LeaderElection (LeaderElection.java:askForVotes(334)) - 50f19a77-e23b-421f-a833-5664bb01cf1c@group-45D4895FEBC0-LeaderElection1 ELECTION round 0: result PASSED (term=1)
2025-04-17 16:40:16,995 [50f19a77-e23b-421f-a833-5664bb01cf1c@group-45D4895FEBC0-LeaderElection1] INFO  impl.RoleInfo (RoleInfo.java:shutdownLeaderElection(141)) - 50f19a77-e23b-421f-a833-5664bb01cf1c: shutdown 50f19a77-e23b-421f-a833-5664bb01cf1c@group-45D4895FEBC0-LeaderElection1
2025-04-17 16:40:16,995 [50f19a77-e23b-421f-a833-5664bb01cf1c@group-45D4895FEBC0-LeaderElection1] INFO  server.RaftServer$Division (RaftServerImpl.java:setRole(378)) - 50f19a77-e23b-421f-a833-5664bb01cf1c@group-45D4895FEBC0: changes role from CANDIDATE to LEADER at term 1 for changeToLeader
2025-04-17 16:40:16,999 [50f19a77-e23b-421f-a833-5664bb01cf1c@group-45D4895FEBC0-LeaderElection1] INFO  server.RaftServerConfigKeys (ConfUtils.java:logGet(46)) - raft.server.staging.catchup.gap = 1000 (default)
2025-04-17 16:40:17,001 [50f19a77-e23b-421f-a833-5664bb01cf1c@group-45D4895FEBC0-LeaderElection1] INFO  server.RaftServerConfigKeys (ConfUtils.java:logGet(46)) - raft.server.write.element-limit = 4096 (default)
2025-04-17 16:40:17,001 [50f19a77-e23b-421f-a833-5664bb01cf1c@group-45D4895FEBC0-LeaderElection1] INFO  server.RaftServerConfigKeys (ConfUtils.java:logGet(46)) - raft.server.write.byte-limit = 64MB (=67108864) (default)
2025-04-17 16:40:17,003 [50f19a77-e23b-421f-a833-5664bb01cf1c@group-45D4895FEBC0-LeaderElection1] INFO  server.RaftServerConfigKeys (ConfUtils.java:logGet(46)) - raft.server.watch.timeout = 10s (default)
2025-04-17 16:40:17,004 [50f19a77-e23b-421f-a833-5664bb01cf1c@group-45D4895FEBC0-LeaderElection1] INFO  server.RaftServerConfigKeys (ConfUtils.java:logGet(46)) - raft.server.watch.timeout.denomination = 1s (default)
2025-04-17 16:40:17,004 [50f19a77-e23b-421f-a833-5664bb01cf1c@group-45D4895FEBC0-LeaderElection1] INFO  server.RaftServerConfigKeys (ConfUtils.java:logGet(46)) - raft.server.watch.element-limit = 65536 (default)
2025-04-17 16:40:17,010 [50f19a77-e23b-421f-a833-5664bb01cf1c@group-45D4895FEBC0-LeaderElection1] INFO  server.RaftServerConfigKeys (ConfUtils.java:logGet(46)) - raft.server.read.leader.lease.enabled = false (default)
2025-04-17 16:40:17,012 [50f19a77-e23b-421f-a833-5664bb01cf1c@group-45D4895FEBC0-LeaderElection1] INFO  server.RaftServerConfigKeys (ConfUtils.java:logGet(46)) - raft.server.read.leader.lease.timeout.ratio = 0.9 (default)
2025-04-17 16:40:17,012 [50f19a77-e23b-421f-a833-5664bb01cf1c@group-45D4895FEBC0-LeaderElection1] INFO  server.RaftServerConfigKeys (ConfUtils.java:logGet(46)) - raft.server.rpc.timeout.min = 5000ms (custom)
2025-04-17 16:40:17,012 [50f19a77-e23b-421f-a833-5664bb01cf1c@group-45D4895FEBC0-LeaderElection1] INFO  server.RaftServerConfigKeys (ConfUtils.java:logGet(46)) - raft.server.log.log-metadata.enabled = true (default)
2025-04-17 16:40:17,013 [50f19a77-e23b-421f-a833-5664bb01cf1c@group-45D4895FEBC0-LeaderElection1] INFO  server.RaftServerConfigKeys (ConfUtils.java:logGet(46)) - raft.server.write.element-limit = 4096 (default)
2025-04-17 16:40:17,013 [50f19a77-e23b-421f-a833-5664bb01cf1c@group-45D4895FEBC0-LeaderElection1] INFO  server.RaftServerConfigKeys (ConfUtils.java:logGet(46)) - raft.server.write.follower.gap.ratio.max = -1.0 (default)
2025-04-17 16:40:17,015 [50f19a77-e23b-421f-a833-5664bb01cf1c@group-45D4895FEBC0-LeaderElection1] INFO  impl.RoleInfo (RoleInfo.java:updateAndGet(148)) - 50f19a77-e23b-421f-a833-5664bb01cf1c: start 50f19a77-e23b-421f-a833-5664bb01cf1c@group-45D4895FEBC0-LeaderStateImpl
2025-04-17 16:40:17,015 [50f19a77-e23b-421f-a833-5664bb01cf1c@group-45D4895FEBC0-LeaderElection1] INFO  server.RaftServer$Division (RaftServerImpl.java:setFirstElection(562)) - 50f19a77-e23b-421f-a833-5664bb01cf1c@group-45D4895FEBC0: set firstElectionSinceStartup to false for becomeLeader
2025-04-17 16:40:17,015 [50f19a77-e23b-421f-a833-5664bb01cf1c@group-45D4895FEBC0-LeaderElection1] INFO  server.RaftServer$Division (ServerState.java:setLeader(272)) - 50f19a77-e23b-421f-a833-5664bb01cf1c@group-45D4895FEBC0: change Leader from null to 50f19a77-e23b-421f-a833-5664bb01cf1c at term 1 for becomeLeader, leader elected after 1225ms
2025-04-17 16:40:17,027 [50f19a77-e23b-421f-a833-5664bb01cf1c@group-45D4895FEBC0-LeaderElection1] INFO  segmented.SegmentedRaftLogWorker (SegmentedRaftLogWorker.java:startLogSegment(438)) - 50f19a77-e23b-421f-a833-5664bb01cf1c@group-45D4895FEBC0-SegmentedRaftLogWorker: Starting segment from index:0
2025-04-17 16:40:17,039 [50f19a77-e23b-421f-a833-5664bb01cf1c@group-45D4895FEBC0-LeaderElection1] INFO  server.RaftServer$Division (ServerState.java:setRaftConf(386)) - 50f19a77-e23b-421f-a833-5664bb01cf1c@group-45D4895FEBC0: set configuration conf: {index: 0, cur=peers:[50f19a77-e23b-421f-a833-5664bb01cf1c|fv-az1665-423:15004]|listeners:[], old=null}
2025-04-17 16:40:17,042 [50f19a77-e23b-421f-a833-5664bb01cf1c@group-45D4895FEBC0-SegmentedRaftLogWorker] INFO  segmented.BufferedWriteChannel (BufferedWriteChannel.java:open(61)) - open log_inprogress_0 at position 0
2025-04-17 16:40:17,052 [50f19a77-e23b-421f-a833-5664bb01cf1c@group-45D4895FEBC0-SegmentedRaftLogWorker] INFO  segmented.SegmentedRaftLogWorker (SegmentedRaftLogWorker.java:execute(644)) - 50f19a77-e23b-421f-a833-5664bb01cf1c@group-45D4895FEBC0-SegmentedRaftLogWorker: created new log segment /home/runner/work/ozone/ozone/hadoop-ozone/integration-test/target/test-dir/MiniOzoneClusterImpl-26e726f8-5cec-4c14-bf14-45d4895febc0/ozone-meta/scm-ha/26e726f8-5cec-4c14-bf14-45d4895febc0/current/log_inprogress_0
2025-04-17 16:40:17,059 [50f19a77-e23b-421f-a833-5664bb01cf1c@group-45D4895FEBC0-StateMachineUpdater] INFO  server.RaftServer$Division (LeaderStateImpl.java:checkStartIndex(313)) - Leader 50f19a77-e23b-421f-a833-5664bb01cf1c@group-45D4895FEBC0-LeaderStateImpl is ready since appliedIndex == startIndex == 0
2025-04-17 16:40:18,014 [main] INFO  server.RaftServer (RaftServerProxy.java:lambda$close$9(417)) - 50f19a77-e23b-421f-a833-5664bb01cf1c: close
2025-04-17 16:40:18,014 [50f19a77-e23b-421f-a833-5664bb01cf1c-impl-thread1] INFO  server.RaftServer$Division (RaftServerImpl.java:lambda$close$1(513)) - 50f19a77-e23b-421f-a833-5664bb01cf1c@group-45D4895FEBC0: shutdown
2025-04-17 16:40:18,015 [main] INFO  server.GrpcService (GrpcService.java:closeImpl(343)) - 50f19a77-e23b-421f-a833-5664bb01cf1c: shutdown server GrpcServerProtocolService now
2025-04-17 16:40:18,015 [50f19a77-e23b-421f-a833-5664bb01cf1c-impl-thread1] INFO  util.JmxRegister (JmxRegister.java:unregister(74)) - Successfully un-registered JMX Bean with object name Ratis:service=RaftServer,group=group-45D4895FEBC0,id=50f19a77-e23b-421f-a833-5664bb01cf1c
2025-04-17 16:40:18,015 [50f19a77-e23b-421f-a833-5664bb01cf1c-impl-thread1] INFO  impl.RoleInfo (RoleInfo.java:shutdownLeaderState(103)) - 50f19a77-e23b-421f-a833-5664bb01cf1c: shutdown 50f19a77-e23b-421f-a833-5664bb01cf1c@group-45D4895FEBC0-LeaderStateImpl
2025-04-17 16:40:18,019 [50f19a77-e23b-421f-a833-5664bb01cf1c-impl-thread1] INFO  impl.PendingRequests (PendingRequests.java:sendNotLeaderResponses(287)) - 50f19a77-e23b-421f-a833-5664bb01cf1c@group-45D4895FEBC0-PendingRequests: sendNotLeaderResponses
2025-04-17 16:40:18,020 [main] INFO  server.GrpcService (GrpcService.java:closeImpl(352)) - 50f19a77-e23b-421f-a833-5664bb01cf1c: shutdown server GrpcServerProtocolService successfully
2025-04-17 16:40:18,022 [50f19a77-e23b-421f-a833-5664bb01cf1c-impl-thread1] INFO  impl.StateMachineUpdater (StateMachineUpdater.java:stopAndJoin(164)) - 50f19a77-e23b-421f-a833-5664bb01cf1c@group-45D4895FEBC0-StateMachineUpdater: set stopIndex = 0
2025-04-17 16:40:18,022 [50f19a77-e23b-421f-a833-5664bb01cf1c@group-45D4895FEBC0-StateMachineUpdater] INFO  impl.StateMachineUpdater (StateMachineUpdater.java:takeSnapshot(303)) - 50f19a77-e23b-421f-a833-5664bb01cf1c@group-45D4895FEBC0-StateMachineUpdater: Took a snapshot at index 0
2025-04-17 16:40:18,022 [50f19a77-e23b-421f-a833-5664bb01cf1c@group-45D4895FEBC0-StateMachineUpdater] INFO  impl.StateMachineUpdater (StateMachineUpdater.java:lambda$new$0(102)) - 50f19a77-e23b-421f-a833-5664bb01cf1c@group-45D4895FEBC0-StateMachineUpdater: snapshotIndex: updateIncreasingly -1 -> 0
2025-04-17 16:40:18,024 [50f19a77-e23b-421f-a833-5664bb01cf1c@group-45D4895FEBC0-StateMachineUpdater] INFO  impl.StateMachineUpdater (StateMachineUpdater.java:stop(141)) - 50f19a77-e23b-421f-a833-5664bb01cf1c@group-45D4895FEBC0-StateMachineUpdater: closing SCMStateMachine, lastApplied=(t:1, i:0)
2025-04-17 16:40:18,025 [50f19a77-e23b-421f-a833-5664bb01cf1c@group-45D4895FEBC0-cacheEviction-AwaitToRun] INFO  util.AwaitToRun (AwaitToRun.java:run(49)) - 50f19a77-e23b-421f-a833-5664bb01cf1c@group-45D4895FEBC0-cacheEviction-AwaitToRun-AwaitForSignal is interrupted
2025-04-17 16:40:18,057 [50f19a77-e23b-421f-a833-5664bb01cf1c-impl-thread1] INFO  segmented.SegmentedRaftLogWorker (SegmentedRaftLogWorker.java:close(252)) - 50f19a77-e23b-421f-a833-5664bb01cf1c@group-45D4895FEBC0-SegmentedRaftLogWorker close()
2025-04-17 16:40:18,061 [JvmPauseMonitor0] INFO  util.JvmPauseMonitor (JvmPauseMonitor.java:run(152)) - JvmPauseMonitor-50f19a77-e23b-421f-a833-5664bb01cf1c: Stopped
2025-04-17 16:40:18,091 [main] WARN  server.ServerUtils (ServerUtils.java:getScmDbDir(141)) - ozone.scm.db.dirs is not configured. We recommend adding this setting. Falling back to ozone.metadata.dirs instead.
2025-04-17 16:40:18,093 [main] INFO  ha.SCMHANodeDetails (SCMHANodeDetails.java:loadSCMHAConfig(162)) - ServiceID for StorageContainerManager is null
2025-04-17 16:40:18,093 [main] INFO  ha.SCMHANodeDetails (SCMHANodeDetails.java:loadSCMHAConfig(166)) - ozone.scm.default.service.id is not defined, falling back to ozone.scm.service.ids to find serviceID for StorageContainerManager if it is HA enabled cluster
2025-04-17 16:40:18,474 [main] WARN  utils.HAUtils (HAUtils.java:getMetaDir(337)) - ozone.scm.db.dirs is not configured. We recommend adding this setting. Falling back to ozone.metadata.dirs instead.
2025-04-17 16:40:18,570 [main] WARN  db.DBStoreBuilder (DBStoreBuilder.java:getDBDirPath(167)) - ozone.scm.db.dirs is not configured. We recommend adding this setting. Falling back to ozone.metadata.dirs instead.
2025-04-17 16:40:18,718 [main] INFO  net.NodeSchemaLoader (NodeSchemaLoader.java:loadSchemaFromFile(127)) - Loading schema from [jar:file:/home/runner/work/ozone/ozone/hadoop-hdds/common/target/hdds-common-2.1.0-SNAPSHOT.jar!/network-topology-default.xml]
2025-04-17 16:40:18,719 [main] INFO  net.NodeSchemaLoader (NodeSchemaLoader.java:loadSchema(174)) - Loading network topology layer schema file
2025-04-17 16:40:18,807 [main] INFO  ha.SCMRatisServerImpl (SCMRatisServerImpl.java:<init>(100)) - starting Raft server for scm:50f19a77-e23b-421f-a833-5664bb01cf1c
2025-04-17 16:40:18,811 [main] INFO  server.RaftServerConfigKeys (ConfUtils.java:logGet(46)) - raft.server.log.appender.buffer.byte-limit = 4194304 (custom)
2025-04-17 16:40:18,812 [main] INFO  server.RaftServer (ConfUtils.java:logGet(46)) - raft.rpc.type = GRPC (default)
2025-04-17 16:40:18,813 [main] INFO  grpc.GrpcConfigKeys (ConfUtils.java:logFallback(53)) - raft.grpc.admin.host = null (fallback to raft.grpc.server.host)
2025-04-17 16:40:18,813 [main] INFO  grpc.GrpcConfigKeys (ConfUtils.java:logFallback(53)) - raft.grpc.admin.port = 15004 (fallback to raft.grpc.server.port)
2025-04-17 16:40:18,813 [main] INFO  grpc.GrpcConfigKeys (ConfUtils.java:logFallback(53)) - raft.grpc.client.host = null (fallback to raft.grpc.server.host)
2025-04-17 16:40:18,813 [main] INFO  grpc.GrpcConfigKeys (ConfUtils.java:logFallback(53)) - raft.grpc.client.port = 15004 (fallback to raft.grpc.server.port)
2025-04-17 16:40:18,813 [main] INFO  grpc.GrpcConfigKeys (ConfUtils.java:logGet(46)) - raft.grpc.server.host = null (default)
2025-04-17 16:40:18,814 [main] INFO  grpc.GrpcConfigKeys (ConfUtils.java:logGet(46)) - raft.grpc.server.port = 15004 (custom)
2025-04-17 16:40:18,814 [main] INFO  server.GrpcService (ConfUtils.java:logGet(46)) - raft.grpc.message.size.max = 5242880 (custom)
2025-04-17 16:40:18,814 [main] INFO  server.GrpcService (ConfUtils.java:logGet(46)) - raft.grpc.flow.control.window = 1MB (=1048576) (default)
2025-04-17 16:40:18,814 [main] INFO  server.RaftServerConfigKeys (ConfUtils.java:logGet(46)) - raft.server.rpc.request.timeout = 30000ms (custom)
2025-04-17 16:40:18,815 [main] INFO  grpc.GrpcConfigKeys (ConfUtils.java:logGet(46)) - raft.grpc.server.heartbeat.channel = true (default)
2025-04-17 16:40:18,815 [main] INFO  server.RaftServerConfigKeys (ConfUtils.java:logGet(46)) - raft.server.log.appender.buffer.byte-limit = 4194304 (custom)
2025-04-17 16:40:18,815 [main] INFO  grpc.GrpcConfigKeys (ConfUtils.java:logGet(46)) - raft.grpc.server.async.request.thread.pool.cached = true (default)
2025-04-17 16:40:18,815 [main] INFO  grpc.GrpcConfigKeys (ConfUtils.java:logGet(46)) - raft.grpc.server.async.request.thread.pool.size = 32 (default)
2025-04-17 16:40:18,816 [main] INFO  impl.DataStreamServerImpl (ConfUtils.java:logGet(46)) - raft.datastream.type = DISABLED (default)
2025-04-17 16:40:18,817 [main] INFO  server.RaftServerConfigKeys (ConfUtils.java:logGet(46)) - raft.server.sleep.deviation.threshold = 300ms (default)
2025-04-17 16:40:18,817 [main] INFO  server.RaftServerConfigKeys (ConfUtils.java:logGet(46)) - raft.server.close.threshold = 60s (default)
2025-04-17 16:40:18,817 [main] INFO  server.RaftServerConfigKeys (ConfUtils.java:logGet(46)) - raft.server.leaderelection.leader.step-down.wait-time = 10s (default)
2025-04-17 16:40:18,818 [main] INFO  server.RaftServerConfigKeys (ConfUtils.java:logGet(46)) - raft.server.storage.dir = [/home/runner/work/ozone/ozone/hadoop-ozone/integration-test/target/test-dir/MiniOzoneClusterImpl-26e726f8-5cec-4c14-bf14-45d4895febc0/ozone-meta/scm-ha] (custom)
2025-04-17 16:40:18,818 [main] INFO  server.RaftServerConfigKeys (ConfUtils.java:logGet(46)) - raft.server.threadpool.proxy.cached = true (default)
2025-04-17 16:40:18,818 [main] INFO  server.RaftServerConfigKeys (ConfUtils.java:logGet(46)) - raft.server.threadpool.proxy.size = 0 (default)
2025-04-17 16:40:18,819 [50f19a77-e23b-421f-a833-5664bb01cf1c-impl-thread1] INFO  server.RaftServer (RaftServerProxy.java:initGroupDir(265)) - 50f19a77-e23b-421f-a833-5664bb01cf1c: found a subdirectory /home/runner/work/ozone/ozone/hadoop-ozone/integration-test/target/test-dir/MiniOzoneClusterImpl-26e726f8-5cec-4c14-bf14-45d4895febc0/ozone-meta/scm-ha/26e726f8-5cec-4c14-bf14-45d4895febc0
2025-04-17 16:40:18,820 [main] INFO  server.RaftServer (RaftServerProxy.java:addNew(100)) - 50f19a77-e23b-421f-a833-5664bb01cf1c: addNew group-45D4895FEBC0:[] returns group-45D4895FEBC0:java.util.concurrent.CompletableFuture@554566a8[Not completed]
2025-04-17 16:40:18,822 [50f19a77-e23b-421f-a833-5664bb01cf1c-groupManagement] INFO  server.RaftServer$Division (RaftServerImpl.java:<init>(255)) - 50f19a77-e23b-421f-a833-5664bb01cf1c: new RaftServerImpl for group-45D4895FEBC0:[] with SCMStateMachine:uninitialized
2025-04-17 16:40:18,822 [50f19a77-e23b-421f-a833-5664bb01cf1c-groupManagement] INFO  server.RaftServerConfigKeys (ConfUtils.java:logGet(46)) - raft.server.rpc.timeout.min = 5000ms (custom)
2025-04-17 16:40:18,822 [50f19a77-e23b-421f-a833-5664bb01cf1c-groupManagement] INFO  server.RaftServerConfigKeys (ConfUtils.java:logGet(46)) - raft.server.rpc.timeout.max = 5200ms (custom)
2025-04-17 16:40:18,822 [50f19a77-e23b-421f-a833-5664bb01cf1c-groupManagement] INFO  server.RaftServerConfigKeys (ConfUtils.java:logGet(46)) - raft.server.rpc.sleep.time = 25ms (default)
2025-04-17 16:40:18,822 [50f19a77-e23b-421f-a833-5664bb01cf1c-groupManagement] INFO  server.RaftServerConfigKeys (ConfUtils.java:logGet(46)) - raft.server.rpc.slowness.timeout = 120000ms (custom)
2025-04-17 16:40:18,822 [50f19a77-e23b-421f-a833-5664bb01cf1c-groupManagement] INFO  server.RaftServerConfigKeys (ConfUtils.java:logGet(46)) - raft.server.leaderelection.leader.step-down.wait-time = 10s (default)
2025-04-17 16:40:18,823 [50f19a77-e23b-421f-a833-5664bb01cf1c-groupManagement] INFO  server.RaftServerConfigKeys (ConfUtils.java:logGet(46)) - raft.server.leaderelection.member.majority-add = false (default)
2025-04-17 16:40:18,823 [50f19a77-e23b-421f-a833-5664bb01cf1c-groupManagement] INFO  server.RaftServerConfigKeys (ConfUtils.java:logGet(46)) - raft.server.sleep.deviation.threshold = 300ms (default)
2025-04-17 16:40:18,823 [50f19a77-e23b-421f-a833-5664bb01cf1c-groupManagement] INFO  server.RaftServer$Division (ServerState.java:<init>(114)) - 50f19a77-e23b-421f-a833-5664bb01cf1c@group-45D4895FEBC0: ConfigurationManager, init=conf: {index: -1, cur=peers:[]|listeners:[], old=null}, confs=<EMPTY_MAP>
2025-04-17 16:40:18,823 [50f19a77-e23b-421f-a833-5664bb01cf1c-groupManagement] INFO  server.RaftServerConfigKeys (ConfUtils.java:logGet(46)) - raft.server.notification.no-leader.timeout = 60s (default)
2025-04-17 16:40:18,824 [50f19a77-e23b-421f-a833-5664bb01cf1c-groupManagement] INFO  server.RaftServerConfigKeys (ConfUtils.java:logGet(46)) - raft.server.read.timeout = 10s (default)
2025-04-17 16:40:18,824 [50f19a77-e23b-421f-a833-5664bb01cf1c-groupManagement] INFO  server.RaftServerConfigKeys (ConfUtils.java:logGet(46)) - raft.server.retrycache.expirytime = 60000ms (default)
2025-04-17 16:40:18,825 [50f19a77-e23b-421f-a833-5664bb01cf1c-groupManagement] INFO  server.RaftServerConfigKeys (ConfUtils.java:logGet(46)) - raft.server.retrycache.statistics.expirytime = 100ms (default)
2025-04-17 16:40:18,825 [50f19a77-e23b-421f-a833-5664bb01cf1c-groupManagement] INFO  server.RaftServerConfigKeys (ConfUtils.java:logGet(46)) - raft.server.read.option = DEFAULT (default)
2025-04-17 16:40:18,825 [50f19a77-e23b-421f-a833-5664bb01cf1c-groupManagement] INFO  server.RaftServerConfigKeys (ConfUtils.java:logGet(46)) - raft.server.read.read-after-write-consistent.write-index-cache.expiry-time = 60s (default)
2025-04-17 16:40:18,832 [50f19a77-e23b-421f-a833-5664bb01cf1c-groupManagement] INFO  server.RaftServerConfigKeys (ConfUtils.java:logGet(46)) - raft.server.rpc.request.timeout = 30000ms (custom)
2025-04-17 16:40:18,832 [50f19a77-e23b-421f-a833-5664bb01cf1c-groupManagement] INFO  server.RaftServerConfigKeys (ConfUtils.java:logGet(46)) - raft.server.log.appender.install.snapshot.enabled = false (custom)
2025-04-17 16:40:18,832 [50f19a77-e23b-421f-a833-5664bb01cf1c-groupManagement] INFO  server.RaftServerConfigKeys (ConfUtils.java:logGet(46)) - raft.server.threadpool.server.cached = true (default)
2025-04-17 16:40:18,832 [50f19a77-e23b-421f-a833-5664bb01cf1c-groupManagement] INFO  server.RaftServerConfigKeys (ConfUtils.java:logGet(46)) - raft.server.threadpool.server.size = 0 (default)
2025-04-17 16:40:18,833 [50f19a77-e23b-421f-a833-5664bb01cf1c-groupManagement] INFO  server.RaftServerConfigKeys (ConfUtils.java:logGet(46)) - raft.server.threadpool.client.cached = true (default)
2025-04-17 16:40:18,833 [50f19a77-e23b-421f-a833-5664bb01cf1c-groupManagement] INFO  server.RaftServerConfigKeys (ConfUtils.java:logGet(46)) - raft.server.threadpool.client.size = 0 (default)
2025-04-17 16:40:18,834 [main] INFO  ha.SCMSnapshotProvider (SCMSnapshotProvider.java:<init>(62)) - Initializing SCM Snapshot Provider
2025-04-17 16:40:18,834 [main] WARN  server.ServerUtils (ServerUtils.java:getDefaultRatisDirectory(309)) - Storage directory for Ratis is not configured. It is a good idea to map this to an SSD disk. Falling back to ozone.metadata.dirs
2025-04-17 16:40:18,835 [main] WARN  ha.SCMHAUtils (SCMHAUtils.java:getSCMRatisSnapshotDirectory(120)) - SCM snapshot dir is not configured. Falling back to ozone.metadata.dirs config
2025-04-17 16:40:18,855 [main] INFO  upgrade.AbstractLayoutVersionManager (AbstractLayoutVersionManager.java:init(80)) - Initializing Layout version manager with metadata layout = HBASE_SUPPORT (version = 8), software layout = HBASE_SUPPORT (version = 8)
2025-04-17 16:40:18,884 [main] INFO  ha.SequenceIdGenerator (SequenceIdGenerator.java:upgradeToSequenceId(362)) - upgrade localId to 115816896921600000
2025-04-17 16:40:18,885 [main] INFO  ha.SequenceIdGenerator (SequenceIdGenerator.java:upgradeToSequenceId(372)) - upgrade delTxnId to 0
2025-04-17 16:40:18,891 [main] INFO  ha.SequenceIdGenerator (SequenceIdGenerator.java:upgradeToSequenceId(389)) - upgrade containerId to 0
2025-04-17 16:40:18,893 [main] INFO  ha.SequenceIdGenerator (SequenceIdGenerator.java:upgradeToCertificateSequenceId(426)) - upgrade CertificateId to 2
2025-04-17 16:40:18,895 [main] INFO  ha.SequenceIdGenerator (SequenceIdGenerator.java:<init>(239)) - Init the HA SequenceIdGenerator.
2025-04-17 16:40:18,945 [main] INFO  node.SCMNodeManager (SCMNodeManager.java:<init>(181)) - Entering startup safe mode.
2025-04-17 16:40:18,957 [main] INFO  algorithms.ContainerPlacementPolicyFactory (ContainerPlacementPolicyFactory.java:getPolicyInternal(85)) - Create container placement policy of type org.apache.hadoop.hdds.scm.container.placement.algorithms.SCMContainerPlacementRackAware
2025-04-17 16:40:18,962 [main] INFO  algorithms.ContainerPlacementPolicyFactory (ContainerPlacementPolicyFactory.java:getPolicyInternal(85)) - Create container placement policy of type org.apache.hadoop.hdds.scm.container.placement.algorithms.SCMContainerPlacementRackScatter
2025-04-17 16:40:18,969 [main] INFO  pipeline.PipelineStateManagerImpl (PipelineStateManagerImpl.java:initialize(75)) - No pipeline exists in current db
2025-04-17 16:40:18,981 [main] INFO  algorithms.LeaderChoosePolicyFactory (LeaderChoosePolicyFactory.java:getPolicy(56)) - Create leader choose policy of type org.apache.hadoop.hdds.scm.pipeline.leader.choose.algorithms.MinLeaderCountChoosePolicy
2025-04-17 16:40:18,982 [main] INFO  algorithms.ContainerPlacementPolicyFactory (ContainerPlacementPolicyFactory.java:getPolicyInternal(85)) - Create container placement policy of type org.apache.hadoop.hdds.scm.container.placement.algorithms.SCMContainerPlacementRackScatter
2025-04-17 16:40:18,989 [main] INFO  ha.SCMServiceManager (SCMServiceManager.java:register(42)) - Registering service BackgroundPipelineCreator.
2025-04-17 16:40:18,989 [main] INFO  pipeline.BackgroundPipelineCreator (BackgroundPipelineCreator.java:start(127)) - Starting RatisPipelineUtilsThread.
2025-04-17 16:40:18,992 [main] INFO  BackgroundPipelineScrubber (BackgroundSCMService.java:start(64)) - Starting BackgroundPipelineScrubber Service.
2025-04-17 16:40:18,993 [main] INFO  ha.SCMServiceManager (SCMServiceManager.java:register(42)) - Registering service BackgroundPipelineScrubber.
2025-04-17 16:40:18,999 [main] INFO  ExpiredContainerReplicaOpScrubber (BackgroundSCMService.java:start(64)) - Starting ExpiredContainerReplicaOpScrubber Service.
2025-04-17 16:40:19,000 [main] INFO  ha.SCMServiceManager (SCMServiceManager.java:register(42)) - Registering service ExpiredContainerReplicaOpScrubber.
2025-04-17 16:40:19,025 [main] INFO  algorithms.PipelineChoosePolicyFactory (PipelineChoosePolicyFactory.java:createPipelineChoosePolicyFromClass(78)) - Create pipeline choose policy of type org.apache.hadoop.hdds.scm.pipeline.choose.algorithms.RandomPipelineChoosePolicy
2025-04-17 16:40:19,025 [main] INFO  algorithms.PipelineChoosePolicyFactory (PipelineChoosePolicyFactory.java:createPipelineChoosePolicyFromClass(78)) - Create pipeline choose policy of type org.apache.hadoop.hdds.scm.pipeline.choose.algorithms.RandomPipelineChoosePolicy
2025-04-17 16:40:19,055 [main] INFO  ha.SCMServiceManager (SCMServiceManager.java:register(42)) - Registering service SCMBlockDeletingService.
2025-04-17 16:40:19,103 [main] INFO  replication.ReplicationManager (ReplicationManager.java:start(287)) - Starting Replication Monitor Thread.
2025-04-17 16:40:19,104 [main] INFO  ha.SCMServiceManager (SCMServiceManager.java:register(42)) - Registering service ReplicationManager.
2025-04-17 16:40:19,115 [main] INFO  safemode.RatisContainerSafeModeRule (RatisContainerSafeModeRule.java:initializeRule(161)) - Refreshed Containers with one replica threshold count 0.
2025-04-17 16:40:19,117 [main] INFO  safemode.ECContainerSafeModeRule (ECContainerSafeModeRule.java:initializeRule(205)) - Refreshed Containers with ec n replica threshold count 0.
2025-04-17 16:40:19,120 [main] INFO  safemode.HealthyPipelineSafeModeRule (HealthyPipelineSafeModeRule.java:initializeRule(178)) - Total pipeline count is 0, healthy pipeline threshold count is 1
2025-04-17 16:40:19,122 [main] INFO  safemode.OneReplicaPipelineSafeModeRule (OneReplicaPipelineSafeModeRule.java:initializeRule(191)) - Total pipeline count is 0, pipeline's with at least one datanode reported threshold count is 0
2025-04-17 16:40:19,168 [main] INFO  server.StorageContainerManager (StorageContainerManager.java:<init>(430)) - SCM start with adminUsers: [runner]
2025-04-17 16:40:19,401 [main] INFO  audit.AuditLogger (AuditLogger.java:refreshDebugCmdSet(133)) - Refresh DebugCmdSet for SCMAudit to [].
2025-04-17 16:40:19,423 [main] INFO  ipc.CallQueueManager (CallQueueManager.java:<init>(93)) - Using callQueue: class java.util.concurrent.LinkedBlockingQueue, queueCapacity: 10000, scheduler: class org.apache.hadoop.ipc.DefaultRpcScheduler, ipcBackoff: false, ipcFailOver: false.
2025-04-17 16:40:19,449 [main] INFO  ipc.Server (Server.java:<init>(1438)) - Listener at 0.0.0.0:15002
2025-04-17 16:40:19,454 [Socket Reader #1 for port 15002] INFO  ipc.Server (Server.java:run(1474)) - Starting Socket Reader #1 for port 15002
2025-04-17 16:40:19,455 [Socket Reader #2 for port 15002] INFO  ipc.Server (Server.java:run(1474)) - Starting Socket Reader #2 for port 15002
2025-04-17 16:40:19,458 [Socket Reader #3 for port 15002] INFO  ipc.Server (Server.java:run(1474)) - Starting Socket Reader #3 for port 15002
2025-04-17 16:40:19,458 [Socket Reader #4 for port 15002] INFO  ipc.Server (Server.java:run(1474)) - Starting Socket Reader #4 for port 15002
2025-04-17 16:40:19,459 [Socket Reader #5 for port 15002] INFO  ipc.Server (Server.java:run(1474)) - Starting Socket Reader #5 for port 15002
2025-04-17 16:40:19,461 [Socket Reader #6 for port 15002] INFO  ipc.Server (Server.java:run(1474)) - Starting Socket Reader #6 for port 15002
2025-04-17 16:40:19,461 [Socket Reader #7 for port 15002] INFO  ipc.Server (Server.java:run(1474)) - Starting Socket Reader #7 for port 15002
2025-04-17 16:40:19,462 [Socket Reader #8 for port 15002] INFO  ipc.Server (Server.java:run(1474)) - Starting Socket Reader #8 for port 15002
2025-04-17 16:40:19,464 [Socket Reader #9 for port 15002] INFO  ipc.Server (Server.java:run(1474)) - Starting Socket Reader #9 for port 15002
2025-04-17 16:40:19,466 [Socket Reader #10 for port 15002] INFO  ipc.Server (Server.java:run(1474)) - Starting Socket Reader #10 for port 15002
2025-04-17 16:40:19,506 [main] INFO  audit.AuditLogger (AuditLogger.java:refreshDebugCmdSet(133)) - Refresh DebugCmdSet for SCMAudit to [].
2025-04-17 16:40:19,511 [main] INFO  ipc.CallQueueManager (CallQueueManager.java:<init>(93)) - Using callQueue: class java.util.concurrent.LinkedBlockingQueue, queueCapacity: 10000, scheduler: class org.apache.hadoop.ipc.DefaultRpcScheduler, ipcBackoff: false, ipcFailOver: false.
2025-04-17 16:40:19,511 [main] INFO  ipc.Server (Server.java:<init>(1438)) - Listener at 0.0.0.0:15001
2025-04-17 16:40:19,511 [Socket Reader #1 for port 15001] INFO  ipc.Server (Server.java:run(1474)) - Starting Socket Reader #1 for port 15001
2025-04-17 16:40:19,512 [Socket Reader #2 for port 15001] INFO  ipc.Server (Server.java:run(1474)) - Starting Socket Reader #2 for port 15001
2025-04-17 16:40:19,512 [Socket Reader #3 for port 15001] INFO  ipc.Server (Server.java:run(1474)) - Starting Socket Reader #3 for port 15001
2025-04-17 16:40:19,512 [Socket Reader #4 for port 15001] INFO  ipc.Server (Server.java:run(1474)) - Starting Socket Reader #4 for port 15001
2025-04-17 16:40:19,513 [Socket Reader #5 for port 15001] INFO  ipc.Server (Server.java:run(1474)) - Starting Socket Reader #5 for port 15001
2025-04-17 16:40:19,513 [Socket Reader #6 for port 15001] INFO  ipc.Server (Server.java:run(1474)) - Starting Socket Reader #6 for port 15001
2025-04-17 16:40:19,513 [Socket Reader #7 for port 15001] INFO  ipc.Server (Server.java:run(1474)) - Starting Socket Reader #7 for port 15001
2025-04-17 16:40:19,513 [Socket Reader #8 for port 15001] INFO  ipc.Server (Server.java:run(1474)) - Starting Socket Reader #8 for port 15001
2025-04-17 16:40:19,514 [Socket Reader #10 for port 15001] INFO  ipc.Server (Server.java:run(1474)) - Starting Socket Reader #10 for port 15001
2025-04-17 16:40:19,515 [Socket Reader #9 for port 15001] INFO  ipc.Server (Server.java:run(1474)) - Starting Socket Reader #9 for port 15001
2025-04-17 16:40:19,545 [main] INFO  audit.AuditLogger (AuditLogger.java:refreshDebugCmdSet(133)) - Refresh DebugCmdSet for SCMAudit to [].
2025-04-17 16:40:19,554 [main] INFO  ipc.CallQueueManager (CallQueueManager.java:<init>(93)) - Using callQueue: class java.util.concurrent.LinkedBlockingQueue, queueCapacity: 10000, scheduler: class org.apache.hadoop.ipc.DefaultRpcScheduler, ipcBackoff: false, ipcFailOver: false.
2025-04-17 16:40:19,554 [main] INFO  ipc.Server (Server.java:<init>(1438)) - Listener at 0.0.0.0:15000
2025-04-17 16:40:19,555 [Socket Reader #2 for port 15000] INFO  ipc.Server (Server.java:run(1474)) - Starting Socket Reader #2 for port 15000
2025-04-17 16:40:19,555 [Socket Reader #3 for port 15000] INFO  ipc.Server (Server.java:run(1474)) - Starting Socket Reader #3 for port 15000
2025-04-17 16:40:19,556 [Socket Reader #1 for port 15000] INFO  ipc.Server (Server.java:run(1474)) - Starting Socket Reader #1 for port 15000
2025-04-17 16:40:19,556 [Socket Reader #4 for port 15000] INFO  ipc.Server (Server.java:run(1474)) - Starting Socket Reader #4 for port 15000
2025-04-17 16:40:19,556 [Socket Reader #5 for port 15000] INFO  ipc.Server (Server.java:run(1474)) - Starting Socket Reader #5 for port 15000
2025-04-17 16:40:19,557 [Socket Reader #6 for port 15000] INFO  ipc.Server (Server.java:run(1474)) - Starting Socket Reader #6 for port 15000
2025-04-17 16:40:19,557 [Socket Reader #7 for port 15000] INFO  ipc.Server (Server.java:run(1474)) - Starting Socket Reader #7 for port 15000
2025-04-17 16:40:19,558 [Socket Reader #9 for port 15000] INFO  ipc.Server (Server.java:run(1474)) - Starting Socket Reader #9 for port 15000
2025-04-17 16:40:19,558 [Socket Reader #8 for port 15000] INFO  ipc.Server (Server.java:run(1474)) - Starting Socket Reader #8 for port 15000
2025-04-17 16:40:19,558 [Socket Reader #10 for port 15000] INFO  ipc.Server (Server.java:run(1474)) - Starting Socket Reader #10 for port 15000
2025-04-17 16:40:19,602 [main] INFO  ha.SCMServiceManager (SCMServiceManager.java:register(42)) - Registering service ContainerBalancer.
2025-04-17 16:40:19,602 [main] INFO  ha.SCMContext (SCMContext.java:updateSafeModeStatus(224)) - Update SafeModeStatus from SafeModeStatus{safeModeStatus=true, preCheckPassed=false} to SafeModeStatus{safeModeStatus=true, preCheckPassed=false}.
2025-04-17 16:40:19,607 [main] INFO  server.StorageContainerManager (StorageContainerManager.java:start(1506)) - StorageContainerLocationProtocol RPC server is listening at /0.0.0.0:15000
2025-04-17 16:40:19,608 [main] INFO  ha.SCMRatisServerImpl (SCMRatisServerImpl.java:start(203)) - starting ratis server 0.0.0.0:15004
2025-04-17 16:40:19,608 [50f19a77-e23b-421f-a833-5664bb01cf1c-impl-thread1] INFO  server.RaftServerConfigKeys (ConfUtils.java:logGet(46)) - raft.server.storage.free-space.min = 0MB (=0) (default)
2025-04-17 16:40:19,608 [50f19a77-e23b-421f-a833-5664bb01cf1c-impl-thread1] INFO  server.RaftServerConfigKeys (ConfUtils.java:logGet(46)) - raft.server.log.corruption.policy = EXCEPTION (default)
2025-04-17 16:40:19,608 [50f19a77-e23b-421f-a833-5664bb01cf1c-impl-thread1] INFO  server.RaftServerConfigKeys (ConfUtils.java:logGet(46)) - raft.server.storage.dir = [/home/runner/work/ozone/ozone/hadoop-ozone/integration-test/target/test-dir/MiniOzoneClusterImpl-26e726f8-5cec-4c14-bf14-45d4895febc0/ozone-meta/scm-ha] (custom)
2025-04-17 16:40:19,610 [50f19a77-e23b-421f-a833-5664bb01cf1c-impl-thread1] INFO  storage.RaftStorageDirectory (RaftStorageDirectoryImpl.java:tryLock(229)) - Lock on /home/runner/work/ozone/ozone/hadoop-ozone/integration-test/target/test-dir/MiniOzoneClusterImpl-26e726f8-5cec-4c14-bf14-45d4895febc0/ozone-meta/scm-ha/26e726f8-5cec-4c14-bf14-45d4895febc0/in_use.lock acquired by nodename 85305@fv-az1665-423
2025-04-17 16:40:19,611 [50f19a77-e23b-421f-a833-5664bb01cf1c-impl-thread1] INFO  storage.RaftStorage (RaftStorageImpl.java:analyzeAndRecoverStorage(118)) - Read RaftStorageMetadata{term=1, votedFor=50f19a77-e23b-421f-a833-5664bb01cf1c} from /home/runner/work/ozone/ozone/hadoop-ozone/integration-test/target/test-dir/MiniOzoneClusterImpl-26e726f8-5cec-4c14-bf14-45d4895febc0/ozone-meta/scm-ha/26e726f8-5cec-4c14-bf14-45d4895febc0/current/raft-meta
2025-04-17 16:40:19,614 [50f19a77-e23b-421f-a833-5664bb01cf1c-impl-thread1] INFO  server.RaftServer$Division (ServerState.java:setRaftConf(386)) - 50f19a77-e23b-421f-a833-5664bb01cf1c@group-45D4895FEBC0: set configuration conf: {index: 0, cur=peers:[50f19a77-e23b-421f-a833-5664bb01cf1c|fv-az1665-423:15004]|listeners:[], old=null}
2025-04-17 16:40:19,614 [50f19a77-e23b-421f-a833-5664bb01cf1c-impl-thread1] INFO  ha.SCMStateMachine (SCMStateMachine.java:lambda$initialize$0(135)) - 50f19a77-e23b-421f-a833-5664bb01cf1c: initialize group-45D4895FEBC0
2025-04-17 16:40:19,614 [50f19a77-e23b-421f-a833-5664bb01cf1c-impl-thread1] INFO  server.RaftServerConfigKeys (ConfUtils.java:logGet(46)) - raft.server.log.use.memory = false (default)
2025-04-17 16:40:19,614 [50f19a77-e23b-421f-a833-5664bb01cf1c-impl-thread1] INFO  server.RaftServerConfigKeys (ConfUtils.java:logGet(46)) - raft.server.log.purge.gap = 1000000 (custom)
2025-04-17 16:40:19,614 [50f19a77-e23b-421f-a833-5664bb01cf1c-impl-thread1] INFO  server.RaftServerConfigKeys (ConfUtils.java:logGet(46)) - raft.server.log.appender.buffer.byte-limit = 4194304 (custom)
2025-04-17 16:40:19,614 [50f19a77-e23b-421f-a833-5664bb01cf1c-impl-thread1] INFO  server.RaftServerConfigKeys (ConfUtils.java:logGet(46)) - raft.server.log.statemachine.data.read.timeout = 1000ms (default)
2025-04-17 16:40:19,616 [50f19a77-e23b-421f-a833-5664bb01cf1c-impl-thread1] INFO  server.RaftServerConfigKeys (ConfUtils.java:logGet(46)) - raft.server.log.purge.preservation.log.num = 0 (default)
2025-04-17 16:40:19,618 [50f19a77-e23b-421f-a833-5664bb01cf1c-impl-thread1] INFO  server.RaftServerConfigKeys (ConfUtils.java:logGet(46)) - raft.server.log.segment.size.max = 4194304 (custom)
2025-04-17 16:40:19,618 [50f19a77-e23b-421f-a833-5664bb01cf1c-impl-thread1] INFO  server.RaftServerConfigKeys (ConfUtils.java:logGet(46)) - raft.server.log.segment.cache.num.max = 2 (custom)
2025-04-17 16:40:19,619 [50f19a77-e23b-421f-a833-5664bb01cf1c-impl-thread1] INFO  server.RaftServerConfigKeys (ConfUtils.java:logGet(46)) - raft.server.log.segment.cache.size.max = 200MB (=209715200) (default)
2025-04-17 16:40:19,619 [50f19a77-e23b-421f-a833-5664bb01cf1c-impl-thread1] INFO  server.RaftServerConfigKeys (ConfUtils.java:logGet(46)) - raft.server.log.appender.buffer.byte-limit = 4194304 (custom)
2025-04-17 16:40:19,619 [50f19a77-e23b-421f-a833-5664bb01cf1c-impl-thread1] INFO  util.AwaitToRun (AwaitToRun.java:start(81)) - Thread[#111,50f19a77-e23b-421f-a833-5664bb01cf1c@group-45D4895FEBC0-cacheEviction-AwaitToRun,5,main] started
2025-04-17 16:40:19,619 [50f19a77-e23b-421f-a833-5664bb01cf1c-impl-thread1] INFO  segmented.SegmentedRaftLogWorker (SegmentedRaftLogWorker.java:<init>(188)) - new 50f19a77-e23b-421f-a833-5664bb01cf1c@group-45D4895FEBC0-SegmentedRaftLogWorker for RaftStorageImpl:Storage Directory /home/runner/work/ozone/ozone/hadoop-ozone/integration-test/target/test-dir/MiniOzoneClusterImpl-26e726f8-5cec-4c14-bf14-45d4895febc0/ozone-meta/scm-ha/26e726f8-5cec-4c14-bf14-45d4895febc0
2025-04-17 16:40:19,620 [50f19a77-e23b-421f-a833-5664bb01cf1c-impl-thread1] INFO  server.RaftServerConfigKeys (ConfUtils.java:logGet(46)) - raft.server.log.queue.byte-limit = 64MB (=67108864) (default)
2025-04-17 16:40:19,620 [50f19a77-e23b-421f-a833-5664bb01cf1c-impl-thread1] INFO  server.RaftServerConfigKeys (ConfUtils.java:logGet(46)) - raft.server.log.queue.element-limit = 4096 (default)
2025-04-17 16:40:19,620 [50f19a77-e23b-421f-a833-5664bb01cf1c-impl-thread1] INFO  server.RaftServerConfigKeys (ConfUtils.java:logGet(46)) - raft.server.log.segment.size.max = 4194304 (custom)
2025-04-17 16:40:19,620 [50f19a77-e23b-421f-a833-5664bb01cf1c-impl-thread1] INFO  server.RaftServerConfigKeys (ConfUtils.java:logGet(46)) - raft.server.log.preallocated.size = 4194304 (custom)
2025-04-17 16:40:19,620 [50f19a77-e23b-421f-a833-5664bb01cf1c-impl-thread1] INFO  server.RaftServerConfigKeys (ConfUtils.java:logGet(46)) - raft.server.log.force.sync.num = 128 (default)
2025-04-17 16:40:19,620 [50f19a77-e23b-421f-a833-5664bb01cf1c-impl-thread1] INFO  server.RaftServerConfigKeys (ConfUtils.java:logGet(46)) - raft.server.log.statemachine.data.sync = true (default)
2025-04-17 16:40:19,621 [50f19a77-e23b-421f-a833-5664bb01cf1c-impl-thread1] INFO  server.RaftServerConfigKeys (ConfUtils.java:logGet(46)) - raft.server.log.statemachine.data.sync.timeout = 10s (default)
2025-04-17 16:40:19,621 [50f19a77-e23b-421f-a833-5664bb01cf1c-impl-thread1] INFO  server.RaftServerConfigKeys (ConfUtils.java:logGet(46)) - raft.server.log.statemachine.data.sync.timeout.retry = -1 (default)
2025-04-17 16:40:19,622 [50f19a77-e23b-421f-a833-5664bb01cf1c-impl-thread1] INFO  server.RaftServerConfigKeys (ConfUtils.java:logGet(46)) - raft.server.log.write.buffer.size = 4194312 (custom)
2025-04-17 16:40:19,624 [50f19a77-e23b-421f-a833-5664bb01cf1c-impl-thread1] INFO  server.RaftServerConfigKeys (ConfUtils.java:logGet(46)) - raft.server.log.appender.buffer.byte-limit = 4194304 (custom)
2025-04-17 16:40:19,624 [50f19a77-e23b-421f-a833-5664bb01cf1c-impl-thread1] INFO  server.RaftServerConfigKeys (ConfUtils.java:logGet(46)) - raft.server.log.unsafe-flush.enabled = false (default)
2025-04-17 16:40:19,624 [50f19a77-e23b-421f-a833-5664bb01cf1c-impl-thread1] INFO  server.RaftServerConfigKeys (ConfUtils.java:logGet(46)) - raft.server.log.async-flush.enabled = false (default)
2025-04-17 16:40:19,624 [50f19a77-e23b-421f-a833-5664bb01cf1c-impl-thread1] INFO  server.RaftServerConfigKeys (ConfUtils.java:logGet(46)) - raft.server.log.statemachine.data.caching.enabled = false (default)
2025-04-17 16:40:19,630 [50f19a77-e23b-421f-a833-5664bb01cf1c-impl-thread1] INFO  server.RaftServer$Division (ServerState.java:setRaftConf(386)) - 50f19a77-e23b-421f-a833-5664bb01cf1c@group-45D4895FEBC0: set configuration conf: {index: 0, cur=peers:[50f19a77-e23b-421f-a833-5664bb01cf1c|fv-az1665-423:15004]|listeners:[], old=null}
2025-04-17 16:40:19,631 [50f19a77-e23b-421f-a833-5664bb01cf1c-impl-thread1] INFO  segmented.LogSegment (LogSegment.java:loadSegment(171)) - Successfully read 1 entries from segment file /home/runner/work/ozone/ozone/hadoop-ozone/integration-test/target/test-dir/MiniOzoneClusterImpl-26e726f8-5cec-4c14-bf14-45d4895febc0/ozone-meta/scm-ha/26e726f8-5cec-4c14-bf14-45d4895febc0/current/log_inprogress_0
2025-04-17 16:40:19,631 [50f19a77-e23b-421f-a833-5664bb01cf1c-impl-thread1] INFO  segmented.SegmentedRaftLogWorker (SegmentedRaftLogWorker.java:lambda$new$0(139)) - 50f19a77-e23b-421f-a833-5664bb01cf1c@group-45D4895FEBC0-SegmentedRaftLogWorker: safeCacheEvictIndex: setUnconditionally 0 -> -1
2025-04-17 16:40:19,631 [50f19a77-e23b-421f-a833-5664bb01cf1c-impl-thread1] INFO  segmented.BufferedWriteChannel (BufferedWriteChannel.java:open(61)) - open log_inprogress_0 (append) at position 80
2025-04-17 16:40:19,632 [50f19a77-e23b-421f-a833-5664bb01cf1c-impl-thread1] INFO  server.RaftServer$Division (RaftServerImpl.java:start(391)) - 50f19a77-e23b-421f-a833-5664bb01cf1c@group-45D4895FEBC0: start as a follower, conf=conf: {index: 0, cur=peers:[50f19a77-e23b-421f-a833-5664bb01cf1c|fv-az1665-423:15004]|listeners:[], old=null}
2025-04-17 16:40:19,632 [50f19a77-e23b-421f-a833-5664bb01cf1c-impl-thread1] INFO  server.RaftServer$Division (RaftServerImpl.java:setRole(378)) - 50f19a77-e23b-421f-a833-5664bb01cf1c@group-45D4895FEBC0: changes role from      null to FOLLOWER at term 1 for startAsFollower
2025-04-17 16:40:19,632 [50f19a77-e23b-421f-a833-5664bb01cf1c-impl-thread1] INFO  impl.RoleInfo (RoleInfo.java:updateAndGet(148)) - 50f19a77-e23b-421f-a833-5664bb01cf1c: start 50f19a77-e23b-421f-a833-5664bb01cf1c@group-45D4895FEBC0-FollowerState
2025-04-17 16:40:19,633 [50f19a77-e23b-421f-a833-5664bb01cf1c-impl-thread1] INFO  util.JmxRegister (JmxRegister.java:tryRegister(44)) - Successfully registered JMX Bean with object name Ratis:service=RaftServer,group=group-45D4895FEBC0,id=50f19a77-e23b-421f-a833-5664bb01cf1c
2025-04-17 16:40:19,634 [50f19a77-e23b-421f-a833-5664bb01cf1c-impl-thread1] INFO  util.JmxRegister (JmxRegister.java:register(58)) - register mxBean class org.apache.ratis.server.impl.RaftServerJmxAdapter as Ratis:service=RaftServer,group=group-45D4895FEBC0,id=50f19a77-e23b-421f-a833-5664bb01cf1c
2025-04-17 16:40:19,634 [50f19a77-e23b-421f-a833-5664bb01cf1c-impl-thread1] INFO  server.RaftServerConfigKeys (ConfUtils.java:logGet(46)) - raft.server.snapshot.trigger-when-stop.enabled = true (default)
2025-04-17 16:40:19,634 [50f19a77-e23b-421f-a833-5664bb01cf1c@group-45D4895FEBC0-FollowerState] INFO  server.RaftServerConfigKeys (ConfUtils.java:logGet(46)) - raft.server.rpc.first-election.timeout.min = 1000ms (custom)
2025-04-17 16:40:19,635 [50f19a77-e23b-421f-a833-5664bb01cf1c@group-45D4895FEBC0-FollowerState] INFO  server.RaftServerConfigKeys (ConfUtils.java:logGet(46)) - raft.server.rpc.first-election.timeout.max = 1200ms (custom)
2025-04-17 16:40:19,634 [50f19a77-e23b-421f-a833-5664bb01cf1c-impl-thread1] INFO  server.RaftServerConfigKeys (ConfUtils.java:logGet(46)) - raft.server.snapshot.trigger-when-remove.enabled = true (default)
2025-04-17 16:40:19,635 [50f19a77-e23b-421f-a833-5664bb01cf1c-impl-thread1] INFO  server.RaftServerConfigKeys (ConfUtils.java:logGet(46)) - raft.server.snapshot.auto.trigger.enabled = true (custom)
2025-04-17 16:40:19,635 [50f19a77-e23b-421f-a833-5664bb01cf1c-impl-thread1] INFO  server.RaftServerConfigKeys (ConfUtils.java:logGet(46)) - raft.server.snapshot.auto.trigger.threshold = 1000 (custom)
2025-04-17 16:40:19,635 [50f19a77-e23b-421f-a833-5664bb01cf1c-impl-thread1] INFO  server.RaftServerConfigKeys (ConfUtils.java:logGet(46)) - raft.server.snapshot.retention.file.num = -1 (default)
2025-04-17 16:40:19,636 [50f19a77-e23b-421f-a833-5664bb01cf1c-impl-thread1] INFO  server.RaftServerConfigKeys (ConfUtils.java:logGet(46)) - raft.server.log.purge.upto.snapshot.index = false (default)
2025-04-17 16:40:19,637 [50f19a77-e23b-421f-a833-5664bb01cf1c-impl-thread1] INFO  server.RaftServer$Division (RaftServerImpl.java:start(405)) - 50f19a77-e23b-421f-a833-5664bb01cf1c@group-45D4895FEBC0: Successfully started.
2025-04-17 16:40:19,637 [main] INFO  server.RaftServer (RaftServerProxy.java:startImpl(407)) - 50f19a77-e23b-421f-a833-5664bb01cf1c: start RPC server
2025-04-17 16:40:19,638 [main] INFO  server.GrpcService (GrpcService.java:startImpl(334)) - 50f19a77-e23b-421f-a833-5664bb01cf1c: GrpcService started, listening on 15004
2025-04-17 16:40:19,639 [JvmPauseMonitor1] INFO  util.JvmPauseMonitor (JvmPauseMonitor.java:run(146)) - JvmPauseMonitor-50f19a77-e23b-421f-a833-5664bb01cf1c: Started
2025-04-17 16:40:19,645 [main] INFO  ha.SCMHAManagerImpl (SCMHAManagerImpl.java:start(131)) -  scm role is FOLLOWER peers [50f19a77-e23b-421f-a833-5664bb01cf1c|fv-az1665-423:15004]
2025-04-17 16:40:19,645 [main] INFO  ha.InterSCMGrpcService (InterSCMGrpcProtocolService.java:start(98)) - Starting SCM Grpc Service at port 15005
2025-04-17 16:40:19,646 [main] INFO  SCMHATransactionMonitor (BackgroundSCMService.java:start(64)) - Starting SCMHATransactionMonitor Service.
2025-04-17 16:40:19,647 [main] INFO  ha.SCMServiceManager (SCMServiceManager.java:register(42)) - Registering service SCMHATransactionMonitor.
2025-04-17 16:40:19,647 [main] INFO  SCMHATransactionMonitor (BackgroundSCMService.java:start(61)) - SCMHATransactionMonitor Service is already running, skip start.
2025-04-17 16:40:19,691 [main] WARN  impl.MetricsConfig (MetricsConfig.java:loadFirst(138)) - Cannot locate configuration: tried hadoop-metrics2-storagecontainermanager.properties,hadoop-metrics2.properties
2025-04-17 16:40:19,699 [main] INFO  impl.MetricsSystemImpl (MetricsSystemImpl.java:startTimer(378)) - Scheduled Metric snapshot period at 10 second(s).
2025-04-17 16:40:19,700 [main] INFO  impl.MetricsSystemImpl (MetricsSystemImpl.java:start(191)) - StorageContainerManager metrics system started
2025-04-17 16:40:19,823 [main] INFO  server.SCMClientProtocolServer (SCMClientProtocolServer.java:start(207)) - RPC server for Client  is listening at /0.0.0.0:15000
2025-04-17 16:40:19,823 [IPC Server Responder] INFO  ipc.Server (Server.java:run(1713)) - IPC Server Responder: starting
2025-04-17 16:40:19,824 [IPC Server listener on 15000] INFO  ipc.Server (Server.java:run(1553)) - IPC Server listener on 15000: starting
2025-04-17 16:40:19,837 [main] INFO  server.StorageContainerManager (StorageContainerManager.java:start(1519)) - ScmBlockLocationProtocol RPC server is listening at /0.0.0.0:15001
2025-04-17 16:40:19,838 [main] INFO  server.SCMBlockProtocolServer (SCMBlockProtocolServer.java:start(166)) - RPC server for Block Protocol is listening at /0.0.0.0:15001
2025-04-17 16:40:19,838 [IPC Server Responder] INFO  ipc.Server (Server.java:run(1713)) - IPC Server Responder: starting
2025-04-17 16:40:19,839 [IPC Server listener on 15001] INFO  ipc.Server (Server.java:run(1553)) - IPC Server listener on 15001: starting
2025-04-17 16:40:19,867 [main] INFO  http.BaseHttpServer (BaseHttpServer.java:newHttpServer2BuilderForOzone(229)) - Starting Web-server for scm at: http://0.0.0.0:15003
2025-04-17 16:40:19,868 [main] INFO  http.BaseHttpServer (BaseHttpServer.java:<init>(107)) - Hadoop Security Enabled: false Ozone Security Enabled: false Ozone HTTP Security Enabled: false 
2025-04-17 16:40:19,885 [main] INFO  util.log (Log.java:initialized(170)) - Logging initialized @5939ms to org.eclipse.jetty.util.log.Slf4jLog
2025-04-17 16:40:19,943 [main] WARN  server.AuthenticationFilter (AuthenticationFilter.java:constructSecretProvider(240)) - Unable to initialize FileSignerSecretProvider, falling back to use random secrets. Reason: Could not read signature secret file: /home/runner/hadoop-http-auth-signature-secret
2025-04-17 16:40:19,964 [main] INFO  http.HttpServer2 (HttpServer2.java:addGlobalFilter(1041)) - Added global filter 'safety' (class=org.apache.hadoop.hdds.server.http.HttpServer2$QuotingInputFilter)
2025-04-17 16:40:19,966 [main] INFO  http.HttpServer2 (HttpServer2.java:addFilter(1017)) - Added filter static_user_filter (class=org.apache.hadoop.http.lib.StaticUserWebFilter$StaticUserFilter) to context scm
2025-04-17 16:40:19,966 [main] INFO  http.HttpServer2 (HttpServer2.java:addFilter(1025)) - Added filter static_user_filter (class=org.apache.hadoop.http.lib.StaticUserWebFilter$StaticUserFilter) to context static
2025-04-17 16:40:19,966 [main] INFO  http.HttpServer2 (HttpServer2.java:addFilter(1025)) - Added filter static_user_filter (class=org.apache.hadoop.http.lib.StaticUserWebFilter$StaticUserFilter) to context logs
2025-04-17 16:40:19,987 [main] INFO  http.BaseHttpServer (BaseHttpServer.java:<init>(195)) - HTTP server of scm uses base directory /home/runner/work/ozone/ozone/hadoop-ozone/integration-test/target/test-dir/MiniOzoneClusterImpl-26e726f8-5cec-4c14-bf14-45d4895febc0/ozone-meta/webserver
2025-04-17 16:40:19,988 [main] INFO  http.HttpServer2 (HttpServer2.java:bindListener(1241)) - Jetty bound to port 15003
2025-04-17 16:40:19,989 [main] INFO  server.Server (Server.java:doStart(375)) - jetty-9.4.57.v20241219; built: 2025-01-08T21:24:30.412Z; git: df524e6b29271c2e09ba9aea83c18dc9db464a31; jvm 21.0.6+7-LTS
2025-04-17 16:40:20,007 [main] INFO  server.session (DefaultSessionIdManager.java:doStart(334)) - DefaultSessionIdManager workerName=node0
2025-04-17 16:40:20,007 [main] INFO  server.session (DefaultSessionIdManager.java:doStart(339)) - No SessionScavenger set, using defaults
2025-04-17 16:40:20,009 [main] INFO  server.session (HouseKeeper.java:startScavenging(132)) - node0 Scavenging every 660000ms
2025-04-17 16:40:20,016 [main] INFO  handler.ContextHandler (ContextHandler.java:doStart(921)) - Started o.e.j.s.ServletContextHandler@156f0281{logs,/logs,file:///home/runner/work/ozone/ozone/hadoop-ozone/integration-test/target/log,AVAILABLE}
2025-04-17 16:40:20,017 [main] INFO  handler.ContextHandler (ContextHandler.java:doStart(921)) - Started o.e.j.s.ServletContextHandler@1f251bf1{static,/static,file:///home/runner/work/ozone/ozone/hadoop-ozone/integration-test/target/test-classes/webapps/static,AVAILABLE}
2025-04-17 16:40:20,047 [main] INFO  handler.ContextHandler (ContextHandler.java:doStart(921)) - Started o.e.j.w.WebAppContext@20276412{scm,/,file:///home/runner/work/ozone/ozone/hadoop-ozone/integration-test/target/test-classes/webapps/scm/,AVAILABLE}{file:/home/runner/work/ozone/ozone/hadoop-ozone/integration-test/target/test-classes/webapps/scm}
2025-04-17 16:40:20,051 [main] INFO  server.AbstractConnector (AbstractConnector.java:doStart(333)) - Started ServerConnector@4be5b9b1{HTTP/1.1, (http/1.1)}{0.0.0.0:15003}
2025-04-17 16:40:20,051 [main] INFO  server.Server (Server.java:doStart(415)) - Started @6105ms
2025-04-17 16:40:20,053 [main] INFO  impl.MetricsSinkAdapter (MetricsSinkAdapter.java:start(204)) - Sink prometheus started
2025-04-17 16:40:20,053 [main] INFO  impl.MetricsSystemImpl (MetricsSystemImpl.java:registerSink(305)) - Registered sink prometheus
2025-04-17 16:40:20,054 [main] INFO  http.BaseHttpServer (BaseHttpServer.java:updateConnectorAddress(360)) - HTTP server of scm listening at http://0.0.0.0:15003
2025-04-17 16:40:20,059 [main] WARN  server.ServerUtils (ServerUtils.java:getDBPath(297)) - ozone.om.db.dirs is not configured. We recommend adding this setting. Falling back to ozone.metadata.dirs instead.
2025-04-17 16:40:20,111 [main] INFO  audit.AuditLogger (AuditLogger.java:refreshDebugCmdSet(133)) - Refresh DebugCmdSet for OMAudit to [].
2025-04-17 16:40:20,128 [main] INFO  audit.AuditLogger (AuditLogger.java:refreshDebugCmdSet(133)) - Refresh DebugCmdSet for OMSystemAudit to [].
2025-04-17 16:40:20,162 [main] INFO  ha.OMHANodeDetails (OMHANodeDetails.java:loadOMHAConfig(114)) - ozone.om.internal.service.id is not defined, falling back to ozone.om.service.ids to find serviceID for OzoneManager if it is HA enabled cluster
2025-04-17 16:40:20,165 [main] INFO  ha.OMHANodeDetails (OMHANodeDetails.java:loadOMHAConfig(225)) - Configuration does not have ozone.om.address set. Falling back to the default OM address /127.0.0.1:15006
2025-04-17 16:40:20,165 [main] INFO  ha.OMHANodeDetails (OMHANodeDetails.java:getOMNodeDetailsForNonHA(253)) - OM Service ID is not set. Setting it to the default ID: omServiceIdDefault
2025-04-17 16:40:20,165 [main] INFO  ha.OMHANodeDetails (OMHANodeDetails.java:getOMNodeDetailsForNonHA(260)) - OM Node ID is not set. Setting it to the default ID: om1
2025-04-17 16:40:20,168 [main] WARN  server.ServerUtils (ServerUtils.java:getDBPath(297)) - ozone.om.db.dirs is not configured. We recommend adding this setting. Falling back to ozone.metadata.dirs instead.
2025-04-17 16:40:20,172 [main] INFO  upgrade.AbstractLayoutVersionManager (AbstractLayoutVersionManager.java:init(80)) - Initializing Layout version manager with metadata layout = DELEGATION_TOKEN_SYMMETRIC_SIGN (version = 8), software layout = DELEGATION_TOKEN_SYMMETRIC_SIGN (version = 8)
2025-04-17 16:40:20,268 [main] INFO  reflections.Reflections (Reflections.java:scan(219)) - Reflections took 94 ms to scan 2 urls, producing 203 keys and 603 values
2025-04-17 16:40:20,272 [main] INFO  upgrade.OMLayoutVersionManager (OMLayoutVersionManager.java:lambda$0(110)) - Skipping Upgrade Action QuotaRepairUpgradeAction since it has been finalized.
2025-04-17 16:40:20,273 [main] INFO  upgrade.OMLayoutVersionManager (OMLayoutVersionManager.java:lambda$0(110)) - Skipping Upgrade Action MockOmUpgradeAction since it has been finalized.
2025-04-17 16:40:20,274 [main] WARN  server.ServerUtils (ServerUtils.java:getDBPath(297)) - ozone.om.db.dirs is not configured. We recommend adding this setting. Falling back to ozone.metadata.dirs instead.
2025-04-17 16:40:20,279 [main] INFO  om.OzoneManager (OzoneManager.java:setReplicationFromConfig(4612)) - Set default replication in OM: RATIS/3 -> RATIS/THREE
2025-04-17 16:40:20,285 [main] INFO  proxy.SCMContainerLocationFailoverProxyProvider (SCMFailoverProxyProviderBase.java:<init>(120)) - Created fail-over proxy for protocol StorageContainerLocationProtocolPB with 1 nodes: [nodeId=scmNodeId,nodeAddress=/0.0.0.0:15000]
2025-04-17 16:40:20,313 [main] INFO  proxy.SCMBlockLocationFailoverProxyProvider (SCMFailoverProxyProviderBase.java:<init>(120)) - Created fail-over proxy for protocol ScmBlockLocationProtocolPB with 1 nodes: [nodeId=scmNodeId,nodeAddress=/0.0.0.0:15001]
2025-04-17 16:40:20,326 [main] INFO  proxy.SCMBlockLocationFailoverProxyProvider (SCMFailoverProxyProviderBase.java:<init>(120)) - Created fail-over proxy for protocol ScmBlockLocationProtocolPB with 1 nodes: [nodeId=scmNodeId,nodeAddress=/0.0.0.0:15001]
2025-04-17 16:40:20,778 [50f19a77-e23b-421f-a833-5664bb01cf1c@group-45D4895FEBC0-FollowerState] INFO  impl.FollowerState (FollowerState.java:runImpl(161)) - 50f19a77-e23b-421f-a833-5664bb01cf1c@group-45D4895FEBC0-FollowerState: change to CANDIDATE, lastRpcElapsedTime:1145747436ns, electionTimeout:1143ms
2025-04-17 16:40:20,779 [50f19a77-e23b-421f-a833-5664bb01cf1c@group-45D4895FEBC0-FollowerState] INFO  impl.RoleInfo (RoleInfo.java:shutdownFollowerState(121)) - 50f19a77-e23b-421f-a833-5664bb01cf1c: shutdown 50f19a77-e23b-421f-a833-5664bb01cf1c@group-45D4895FEBC0-FollowerState
2025-04-17 16:40:20,779 [50f19a77-e23b-421f-a833-5664bb01cf1c@group-45D4895FEBC0-FollowerState] INFO  server.RaftServer$Division (RaftServerImpl.java:setRole(378)) - 50f19a77-e23b-421f-a833-5664bb01cf1c@group-45D4895FEBC0: changes role from  FOLLOWER to CANDIDATE at term 1 for changeToCandidate
2025-04-17 16:40:20,779 [50f19a77-e23b-421f-a833-5664bb01cf1c@group-45D4895FEBC0-FollowerState] INFO  server.RaftServerConfigKeys (ConfUtils.java:logGet(46)) - raft.server.leaderelection.pre-vote = true (default)
2025-04-17 16:40:20,779 [50f19a77-e23b-421f-a833-5664bb01cf1c@group-45D4895FEBC0-FollowerState] INFO  impl.RoleInfo (RoleInfo.java:updateAndGet(148)) - 50f19a77-e23b-421f-a833-5664bb01cf1c: start 50f19a77-e23b-421f-a833-5664bb01cf1c@group-45D4895FEBC0-LeaderElection2
2025-04-17 16:40:20,780 [50f19a77-e23b-421f-a833-5664bb01cf1c@group-45D4895FEBC0-LeaderElection2] INFO  impl.LeaderElection (LeaderElection.java:askForVotes(332)) - 50f19a77-e23b-421f-a833-5664bb01cf1c@group-45D4895FEBC0-LeaderElection2 PRE_VOTE round 0: submit vote requests at term 1 for conf: {index: 0, cur=peers:[50f19a77-e23b-421f-a833-5664bb01cf1c|fv-az1665-423:15004]|listeners:[], old=null}
2025-04-17 16:40:20,780 [50f19a77-e23b-421f-a833-5664bb01cf1c@group-45D4895FEBC0-LeaderElection2] INFO  impl.LeaderElection (LeaderElection.java:askForVotes(334)) - 50f19a77-e23b-421f-a833-5664bb01cf1c@group-45D4895FEBC0-LeaderElection2 PRE_VOTE round 0: result PASSED (term=1)
2025-04-17 16:40:20,782 [50f19a77-e23b-421f-a833-5664bb01cf1c@group-45D4895FEBC0-LeaderElection2] INFO  impl.LeaderElection (LeaderElection.java:askForVotes(332)) - 50f19a77-e23b-421f-a833-5664bb01cf1c@group-45D4895FEBC0-LeaderElection2 ELECTION round 0: submit vote requests at term 2 for conf: {index: 0, cur=peers:[50f19a77-e23b-421f-a833-5664bb01cf1c|fv-az1665-423:15004]|listeners:[], old=null}
2025-04-17 16:40:20,782 [50f19a77-e23b-421f-a833-5664bb01cf1c@group-45D4895FEBC0-LeaderElection2] INFO  impl.LeaderElection (LeaderElection.java:askForVotes(334)) - 50f19a77-e23b-421f-a833-5664bb01cf1c@group-45D4895FEBC0-LeaderElection2 ELECTION round 0: result PASSED (term=2)
2025-04-17 16:40:20,782 [50f19a77-e23b-421f-a833-5664bb01cf1c@group-45D4895FEBC0-LeaderElection2] INFO  impl.RoleInfo (RoleInfo.java:shutdownLeaderElection(141)) - 50f19a77-e23b-421f-a833-5664bb01cf1c: shutdown 50f19a77-e23b-421f-a833-5664bb01cf1c@group-45D4895FEBC0-LeaderElection2
2025-04-17 16:40:20,782 [50f19a77-e23b-421f-a833-5664bb01cf1c@group-45D4895FEBC0-LeaderElection2] INFO  server.RaftServer$Division (RaftServerImpl.java:setRole(378)) - 50f19a77-e23b-421f-a833-5664bb01cf1c@group-45D4895FEBC0: changes role from CANDIDATE to LEADER at term 2 for changeToLeader
2025-04-17 16:40:20,782 [50f19a77-e23b-421f-a833-5664bb01cf1c@group-45D4895FEBC0-LeaderElection2] INFO  server.RaftServerConfigKeys (ConfUtils.java:logGet(46)) - raft.server.staging.catchup.gap = 1000 (default)
2025-04-17 16:40:20,783 [50f19a77-e23b-421f-a833-5664bb01cf1c@group-45D4895FEBC0-LeaderElection2] INFO  server.RaftServerConfigKeys (ConfUtils.java:logGet(46)) - raft.server.write.element-limit = 4096 (default)
2025-04-17 16:40:20,783 [50f19a77-e23b-421f-a833-5664bb01cf1c@group-45D4895FEBC0-LeaderElection2] INFO  server.RaftServerConfigKeys (ConfUtils.java:logGet(46)) - raft.server.write.byte-limit = 64MB (=67108864) (default)
2025-04-17 16:40:20,783 [50f19a77-e23b-421f-a833-5664bb01cf1c@group-45D4895FEBC0-LeaderElection2] INFO  server.RaftServerConfigKeys (ConfUtils.java:logGet(46)) - raft.server.watch.timeout = 10s (default)
2025-04-17 16:40:20,783 [50f19a77-e23b-421f-a833-5664bb01cf1c@group-45D4895FEBC0-LeaderElection2] INFO  server.RaftServerConfigKeys (ConfUtils.java:logGet(46)) - raft.server.watch.timeout.denomination = 1s (default)
2025-04-17 16:40:20,784 [50f19a77-e23b-421f-a833-5664bb01cf1c@group-45D4895FEBC0-LeaderElection2] INFO  server.RaftServerConfigKeys (ConfUtils.java:logGet(46)) - raft.server.watch.element-limit = 65536 (default)
2025-04-17 16:40:20,784 [50f19a77-e23b-421f-a833-5664bb01cf1c@group-45D4895FEBC0-LeaderElection2] INFO  server.RaftServerConfigKeys (ConfUtils.java:logGet(46)) - raft.server.read.leader.lease.enabled = false (default)
2025-04-17 16:40:20,785 [50f19a77-e23b-421f-a833-5664bb01cf1c@group-45D4895FEBC0-LeaderElection2] INFO  server.RaftServerConfigKeys (ConfUtils.java:logGet(46)) - raft.server.read.leader.lease.timeout.ratio = 0.9 (default)
2025-04-17 16:40:20,785 [50f19a77-e23b-421f-a833-5664bb01cf1c@group-45D4895FEBC0-LeaderElection2] INFO  server.RaftServerConfigKeys (ConfUtils.java:logGet(46)) - raft.server.rpc.timeout.min = 5000ms (custom)
2025-04-17 16:40:20,785 [50f19a77-e23b-421f-a833-5664bb01cf1c@group-45D4895FEBC0-LeaderElection2] INFO  server.RaftServerConfigKeys (ConfUtils.java:logGet(46)) - raft.server.log.log-metadata.enabled = true (default)
2025-04-17 16:40:20,785 [50f19a77-e23b-421f-a833-5664bb01cf1c@group-45D4895FEBC0-LeaderElection2] INFO  server.RaftServerConfigKeys (ConfUtils.java:logGet(46)) - raft.server.write.element-limit = 4096 (default)
2025-04-17 16:40:20,785 [50f19a77-e23b-421f-a833-5664bb01cf1c@group-45D4895FEBC0-LeaderElection2] INFO  server.RaftServerConfigKeys (ConfUtils.java:logGet(46)) - raft.server.write.follower.gap.ratio.max = -1.0 (default)
2025-04-17 16:40:20,785 [50f19a77-e23b-421f-a833-5664bb01cf1c@group-45D4895FEBC0-LeaderElection2] INFO  impl.RoleInfo (RoleInfo.java:updateAndGet(148)) - 50f19a77-e23b-421f-a833-5664bb01cf1c: start 50f19a77-e23b-421f-a833-5664bb01cf1c@group-45D4895FEBC0-LeaderStateImpl
2025-04-17 16:40:20,785 [50f19a77-e23b-421f-a833-5664bb01cf1c@group-45D4895FEBC0-LeaderElection2] INFO  server.RaftServer$Division (RaftServerImpl.java:setFirstElection(562)) - 50f19a77-e23b-421f-a833-5664bb01cf1c@group-45D4895FEBC0: set firstElectionSinceStartup to false for becomeLeader
2025-04-17 16:40:20,786 [50f19a77-e23b-421f-a833-5664bb01cf1c@group-45D4895FEBC0-LeaderElection2] INFO  ha.SCMStateMachine (SCMStateMachine.java:notifyLeaderChanged(291)) - current SCM becomes leader of term 2.
2025-04-17 16:40:20,786 [50f19a77-e23b-421f-a833-5664bb01cf1c@group-45D4895FEBC0-LeaderElection2] INFO  ha.SCMContext (SCMContext.java:updateLeaderAndTerm(95)) - update <isLeader,term> from <false,0> to <true,2>
2025-04-17 16:40:20,787 [50f19a77-e23b-421f-a833-5664bb01cf1c@group-45D4895FEBC0-LeaderElection2] INFO  server.RaftServer$Division (ServerState.java:setLeader(272)) - 50f19a77-e23b-421f-a833-5664bb01cf1c@group-45D4895FEBC0: change Leader from null to 50f19a77-e23b-421f-a833-5664bb01cf1c at term 2 for becomeLeader, leader elected after 1962ms
2025-04-17 16:40:20,788 [50f19a77-e23b-421f-a833-5664bb01cf1c@group-45D4895FEBC0-LeaderElection2] INFO  segmented.SegmentedRaftLogWorker (SegmentedRaftLogWorker.java:rollLogSegment(443)) - 50f19a77-e23b-421f-a833-5664bb01cf1c@group-45D4895FEBC0-SegmentedRaftLogWorker: Rolling segment log-0_0 to index:0
2025-04-17 16:40:20,789 [50f19a77-e23b-421f-a833-5664bb01cf1c@group-45D4895FEBC0-LeaderElection2] INFO  server.RaftServer$Division (ServerState.java:setRaftConf(386)) - 50f19a77-e23b-421f-a833-5664bb01cf1c@group-45D4895FEBC0: set configuration conf: {index: 1, cur=peers:[50f19a77-e23b-421f-a833-5664bb01cf1c|fv-az1665-423:15004]|listeners:[], old=null}
2025-04-17 16:40:20,789 [50f19a77-e23b-421f-a833-5664bb01cf1c@group-45D4895FEBC0-SegmentedRaftLogWorker] INFO  segmented.SegmentedRaftLogWorker (SegmentedRaftLogWorker.java:execute(601)) - 50f19a77-e23b-421f-a833-5664bb01cf1c@group-45D4895FEBC0-SegmentedRaftLogWorker: Rolled log segment from /home/runner/work/ozone/ozone/hadoop-ozone/integration-test/target/test-dir/MiniOzoneClusterImpl-26e726f8-5cec-4c14-bf14-45d4895febc0/ozone-meta/scm-ha/26e726f8-5cec-4c14-bf14-45d4895febc0/current/log_inprogress_0 to /home/runner/work/ozone/ozone/hadoop-ozone/integration-test/target/test-dir/MiniOzoneClusterImpl-26e726f8-5cec-4c14-bf14-45d4895febc0/ozone-meta/scm-ha/26e726f8-5cec-4c14-bf14-45d4895febc0/current/log_0-0
2025-04-17 16:40:20,791 [50f19a77-e23b-421f-a833-5664bb01cf1c@group-45D4895FEBC0-SegmentedRaftLogWorker] INFO  segmented.BufferedWriteChannel (BufferedWriteChannel.java:open(61)) - open log_inprogress_1 at position 0
2025-04-17 16:40:20,799 [50f19a77-e23b-421f-a833-5664bb01cf1c@group-45D4895FEBC0-SegmentedRaftLogWorker] INFO  segmented.SegmentedRaftLogWorker (SegmentedRaftLogWorker.java:execute(644)) - 50f19a77-e23b-421f-a833-5664bb01cf1c@group-45D4895FEBC0-SegmentedRaftLogWorker: created new log segment /home/runner/work/ozone/ozone/hadoop-ozone/integration-test/target/test-dir/MiniOzoneClusterImpl-26e726f8-5cec-4c14-bf14-45d4895febc0/ozone-meta/scm-ha/26e726f8-5cec-4c14-bf14-45d4895febc0/current/log_inprogress_1
2025-04-17 16:40:20,803 [50f19a77-e23b-421f-a833-5664bb01cf1c@group-45D4895FEBC0-StateMachineUpdater] INFO  server.RaftServer$Division (LeaderStateImpl.java:checkStartIndex(313)) - Leader 50f19a77-e23b-421f-a833-5664bb01cf1c@group-45D4895FEBC0-LeaderStateImpl is ready since appliedIndex == startIndex == 1
2025-04-17 16:40:20,803 [50f19a77-e23b-421f-a833-5664bb01cf1c@group-45D4895FEBC0-StateMachineUpdater] INFO  ha.SCMContext (SCMContext.java:setLeaderReady(122)) - update <isLeaderReady> from <false> to <true>
2025-04-17 16:40:20,803 [50f19a77-e23b-421f-a833-5664bb01cf1c@group-45D4895FEBC0-StateMachineUpdater] INFO  pipeline.BackgroundPipelineCreator (BackgroundPipelineCreator.java:notifyStatusChanged(269)) - Service BackgroundPipelineCreator transitions to RUNNING.
2025-04-17 16:40:20,804 [50f19a77-e23b-421f-a833-5664bb01cf1c@group-45D4895FEBC0-StateMachineUpdater] INFO  safemode.RatisContainerSafeModeRule (RatisContainerSafeModeRule.java:initializeRule(161)) - Refreshed Containers with one replica threshold count 0.
2025-04-17 16:40:20,804 [50f19a77-e23b-421f-a833-5664bb01cf1c@group-45D4895FEBC0-StateMachineUpdater] INFO  safemode.HealthyPipelineSafeModeRule (HealthyPipelineSafeModeRule.java:initializeRule(174)) - Refreshed total pipeline count is 0, healthy pipeline threshold count is 1
2025-04-17 16:40:20,804 [50f19a77-e23b-421f-a833-5664bb01cf1c@group-45D4895FEBC0-StateMachineUpdater] INFO  safemode.ECContainerSafeModeRule (ECContainerSafeModeRule.java:initializeRule(205)) - Refreshed Containers with ec n replica threshold count 0.
2025-04-17 16:40:20,804 [50f19a77-e23b-421f-a833-5664bb01cf1c@group-45D4895FEBC0-StateMachineUpdater] INFO  safemode.OneReplicaPipelineSafeModeRule (OneReplicaPipelineSafeModeRule.java:initializeRule(187)) - Refreshed Total pipeline count is 0, pipeline's with at least one datanode reported threshold count is 0
2025-04-17 16:40:20,804 [50f19a77-e23b-421f-a833-5664bb01cf1c@group-45D4895FEBC0-StateMachineUpdater] INFO  server.SCMDatanodeProtocolServer (SCMDatanodeProtocolServer.java:start(193)) - ScmDatanodeProtocol RPC server for DataNodes is listening at /0.0.0.0:15002
2025-04-17 16:40:20,805 [IPC Server Responder] INFO  ipc.Server (Server.java:run(1713)) - IPC Server Responder: starting
2025-04-17 16:40:20,805 [IPC Server listener on 15002] INFO  ipc.Server (Server.java:run(1553)) - IPC Server listener on 15002: starting
2025-04-17 16:40:22,500 [main] INFO  om.OzoneManager (OzoneManager.java:<init>(689)) - OM start with adminUsers: [runner]
2025-04-17 16:40:22,516 [main] WARN  server.ServerUtils (ServerUtils.java:getDBPath(297)) - ozone.om.db.dirs is not configured. We recommend adding this setting. Falling back to ozone.metadata.dirs instead.
2025-04-17 16:40:22,762 [main] INFO  om.OzoneManager (OzoneManager.java:instantiateServices(933)) - S3 Multi-Tenancy is disabled
2025-04-17 16:40:22,788 [main] INFO  om.OmSnapshotManager (OmSnapshotManager.java:<init>(179)) - Ozone filesystem snapshot feature is enabled.
2025-04-17 16:40:22,795 [main] WARN  server.ServerUtils (ServerUtils.java:getDBPath(297)) - ozone.om.snapshot.diff.db.dir is not configured. We recommend adding this setting. Falling back to ozone.metadata.dirs instead.
2025-04-17 16:40:22,827 [main] INFO  utils.NativeLibraryLoader (NativeLibraryLoader.java:loadLibrary(120)) - Loading Library: ozone_rocksdb_tools
2025-04-17 16:40:22,976 [main] INFO  om.OzoneManager (OzoneManager.java:addS3GVolumeToDB(4670)) - Created Volume s3v With Owner runner required for S3Gateway operations.
2025-04-17 16:40:23,033 [main] WARN  server.ServerUtils (ServerUtils.java:getDefaultRatisDirectory(309)) - Storage directory for Ratis is not configured. It is a good idea to map this to an SSD disk. Falling back to ozone.metadata.dirs
2025-04-17 16:40:23,034 [main] WARN  utils.OzoneManagerRatisUtils (OzoneManagerRatisUtils.java:getOMRatisSnapshotDirectory(488)) - ozone.om.ratis.snapshot.dir is not configured. Falling back to ozone.metadata.dirs config
2025-04-17 16:40:23,038 [main] WARN  dropwizard3.Dm3MetricRegistriesImpl (Dm3MetricRegistriesImpl.java:addReporterRegistration(114)) - New reporters are added after registries were created. Some metrics will be missing from the reporter. Please add reporter before adding any new registry.
2025-04-17 16:40:23,038 [main] WARN  dropwizard3.Dm3MetricRegistriesImpl (Dm3MetricRegistriesImpl.java:addReporterRegistration(114)) - New reporters are added after registries were created. Some metrics will be missing from the reporter. Please add reporter before adding any new registry.
2025-04-17 16:40:23,039 [main] WARN  server.ServerUtils (ServerUtils.java:getDefaultRatisDirectory(309)) - Storage directory for Ratis is not configured. It is a good idea to map this to an SSD disk. Falling back to ozone.metadata.dirs
2025-04-17 16:40:23,039 [main] INFO  server.RaftServerConfigKeys (ConfUtils.java:logGet(46)) - raft.server.log.appender.buffer.byte-limit = 4194304 (custom)
2025-04-17 16:40:23,042 [main] INFO  ratis.OzoneManagerRatisServer (OzoneManagerRatisServer.java:<init>(167)) - Instantiating OM Ratis server with groupID: omServiceIdDefault and peers: localhost:15009
2025-04-17 16:40:23,046 [main] INFO  ratis.OzoneManagerStateMachine (OzoneManagerStateMachine.java:loadSnapshotInfoFromDB(613)) - TransactionInfo not found in OM DB.
2025-04-17 16:40:23,084 [main] INFO  server.RaftServer (ConfUtils.java:logGet(46)) - raft.rpc.type = GRPC (default)
2025-04-17 16:40:23,084 [main] INFO  grpc.GrpcConfigKeys (ConfUtils.java:logFallback(53)) - raft.grpc.admin.host = null (fallback to raft.grpc.server.host)
2025-04-17 16:40:23,085 [main] INFO  grpc.GrpcConfigKeys (ConfUtils.java:logFallback(53)) - raft.grpc.admin.port = 15009 (fallback to raft.grpc.server.port)
2025-04-17 16:40:23,085 [main] INFO  grpc.GrpcConfigKeys (ConfUtils.java:logFallback(53)) - raft.grpc.client.host = null (fallback to raft.grpc.server.host)
2025-04-17 16:40:23,085 [main] INFO  grpc.GrpcConfigKeys (ConfUtils.java:logFallback(53)) - raft.grpc.client.port = 15009 (fallback to raft.grpc.server.port)
2025-04-17 16:40:23,085 [main] INFO  grpc.GrpcConfigKeys (ConfUtils.java:logGet(46)) - raft.grpc.server.host = null (default)
2025-04-17 16:40:23,085 [main] INFO  grpc.GrpcConfigKeys (ConfUtils.java:logGet(46)) - raft.grpc.server.port = 15009 (custom)
2025-04-17 16:40:23,085 [main] INFO  server.GrpcService (ConfUtils.java:logGet(46)) - raft.grpc.message.size.max = 5242880 (custom)
2025-04-17 16:40:23,085 [main] INFO  server.GrpcService (ConfUtils.java:logGet(46)) - raft.grpc.flow.control.window = 1MB (=1048576) (default)
2025-04-17 16:40:23,085 [main] INFO  server.RaftServerConfigKeys (ConfUtils.java:logGet(46)) - raft.server.rpc.request.timeout = 3000ms (default)
2025-04-17 16:40:23,086 [main] INFO  grpc.GrpcConfigKeys (ConfUtils.java:logGet(46)) - raft.grpc.server.heartbeat.channel = true (default)
2025-04-17 16:40:23,086 [main] INFO  server.RaftServerConfigKeys (ConfUtils.java:logGet(46)) - raft.server.log.appender.buffer.byte-limit = 4194304 (custom)
2025-04-17 16:40:23,086 [main] INFO  grpc.GrpcConfigKeys (ConfUtils.java:logGet(46)) - raft.grpc.server.async.request.thread.pool.cached = true (default)
2025-04-17 16:40:23,086 [main] INFO  grpc.GrpcConfigKeys (ConfUtils.java:logGet(46)) - raft.grpc.server.async.request.thread.pool.size = 32 (default)
2025-04-17 16:40:23,087 [main] INFO  impl.DataStreamServerImpl (ConfUtils.java:logGet(46)) - raft.datastream.type = DISABLED (default)
2025-04-17 16:40:23,088 [main] INFO  server.RaftServerConfigKeys (ConfUtils.java:logGet(46)) - raft.server.sleep.deviation.threshold = 300ms (default)
2025-04-17 16:40:23,088 [main] INFO  server.RaftServerConfigKeys (ConfUtils.java:logGet(46)) - raft.server.close.threshold = 60s (default)
2025-04-17 16:40:23,089 [main] INFO  server.RaftServerConfigKeys (ConfUtils.java:logGet(46)) - raft.server.leaderelection.leader.step-down.wait-time = 10s (default)
2025-04-17 16:40:23,089 [main] INFO  server.RaftServerConfigKeys (ConfUtils.java:logGet(46)) - raft.server.storage.dir = [/home/runner/work/ozone/ozone/hadoop-ozone/integration-test/target/test-dir/MiniOzoneClusterImpl-26e726f8-5cec-4c14-bf14-45d4895febc0/ozone-meta/ratis] (custom)
2025-04-17 16:40:23,089 [main] INFO  server.RaftServerConfigKeys (ConfUtils.java:logGet(46)) - raft.server.threadpool.proxy.cached = true (default)
2025-04-17 16:40:23,089 [main] INFO  server.RaftServerConfigKeys (ConfUtils.java:logGet(46)) - raft.server.threadpool.proxy.size = 0 (default)
2025-04-17 16:40:23,091 [main] INFO  server.RaftServer (RaftServerProxy.java:addNew(100)) - om1: addNew group-C5BA1605619E:[om1|localhost:15009] returns group-C5BA1605619E:java.util.concurrent.CompletableFuture@1f410c8[Not completed]
2025-04-17 16:40:23,092 [om1-groupManagement] INFO  server.RaftServer$Division (RaftServerImpl.java:<init>(255)) - om1: new RaftServerImpl for group-C5BA1605619E:[om1|localhost:15009] with OzoneManagerStateMachine:uninitialized
2025-04-17 16:40:23,092 [om1-groupManagement] INFO  server.RaftServerConfigKeys (ConfUtils.java:logGet(46)) - raft.server.rpc.timeout.min = 1s (custom)
2025-04-17 16:40:23,092 [main] INFO  om.OzoneManager (OzoneManager.java:initializeRatisServer(2303)) - OzoneManager Ratis server initialized at port 15009
2025-04-17 16:40:23,092 [om1-groupManagement] INFO  server.RaftServerConfigKeys (ConfUtils.java:logGet(46)) - raft.server.rpc.timeout.max = 1200ms (custom)
2025-04-17 16:40:23,093 [om1-groupManagement] INFO  server.RaftServerConfigKeys (ConfUtils.java:logGet(46)) - raft.server.rpc.sleep.time = 25ms (default)
2025-04-17 16:40:23,093 [om1-groupManagement] INFO  server.RaftServerConfigKeys (ConfUtils.java:logGet(46)) - raft.server.rpc.slowness.timeout = 120s (custom)
2025-04-17 16:40:23,093 [om1-groupManagement] INFO  server.RaftServerConfigKeys (ConfUtils.java:logGet(46)) - raft.server.leaderelection.leader.step-down.wait-time = 10s (default)
2025-04-17 16:40:23,093 [om1-groupManagement] INFO  server.RaftServerConfigKeys (ConfUtils.java:logGet(46)) - raft.server.leaderelection.member.majority-add = false (default)
2025-04-17 16:40:23,094 [om1-groupManagement] INFO  server.RaftServerConfigKeys (ConfUtils.java:logGet(46)) - raft.server.sleep.deviation.threshold = 300ms (default)
2025-04-17 16:40:23,094 [om1-groupManagement] INFO  server.RaftServer$Division (ServerState.java:<init>(114)) - om1@group-C5BA1605619E: ConfigurationManager, init=conf: {index: -1, cur=peers:[om1|localhost:15009]|listeners:[], old=null}, confs=<EMPTY_MAP>
2025-04-17 16:40:23,094 [om1-groupManagement] INFO  server.RaftServerConfigKeys (ConfUtils.java:logGet(46)) - raft.server.notification.no-leader.timeout = 120s (custom)
2025-04-17 16:40:23,094 [om1-groupManagement] INFO  server.RaftServerConfigKeys (ConfUtils.java:logGet(46)) - raft.server.read.timeout = 10s (default)
2025-04-17 16:40:23,095 [om1-groupManagement] INFO  server.RaftServerConfigKeys (ConfUtils.java:logGet(46)) - raft.server.retrycache.expirytime = 300s (custom)
2025-04-17 16:40:23,095 [om1-groupManagement] INFO  server.RaftServerConfigKeys (ConfUtils.java:logGet(46)) - raft.server.retrycache.statistics.expirytime = 100ms (default)
2025-04-17 16:40:23,095 [om1-groupManagement] INFO  server.RaftServerConfigKeys (ConfUtils.java:logGet(46)) - raft.server.read.option = DEFAULT (default)
2025-04-17 16:40:23,095 [om1-groupManagement] INFO  server.RaftServerConfigKeys (ConfUtils.java:logGet(46)) - raft.server.read.read-after-write-consistent.write-index-cache.expiry-time = 60s (default)
2025-04-17 16:40:23,102 [om1-groupManagement] INFO  server.RaftServerConfigKeys (ConfUtils.java:logGet(46)) - raft.server.rpc.request.timeout = 3000ms (default)
2025-04-17 16:40:23,103 [om1-groupManagement] INFO  server.RaftServerConfigKeys (ConfUtils.java:logGet(46)) - raft.server.log.appender.install.snapshot.enabled = false (custom)
2025-04-17 16:40:23,103 [om1-groupManagement] INFO  server.RaftServerConfigKeys (ConfUtils.java:logGet(46)) - raft.server.threadpool.server.cached = true (default)
2025-04-17 16:40:23,103 [om1-groupManagement] INFO  server.RaftServerConfigKeys (ConfUtils.java:logGet(46)) - raft.server.threadpool.server.size = 0 (default)
2025-04-17 16:40:23,103 [om1-groupManagement] INFO  server.RaftServerConfigKeys (ConfUtils.java:logGet(46)) - raft.server.threadpool.client.cached = true (default)
2025-04-17 16:40:23,104 [om1-groupManagement] INFO  server.RaftServerConfigKeys (ConfUtils.java:logGet(46)) - raft.server.threadpool.client.size = 0 (default)
2025-04-17 16:40:23,104 [main] INFO  om.OzoneManager (OzoneManager.java:getRpcServer(1360)) - Creating RPC Server
2025-04-17 16:40:23,946 [main] INFO  reflections.Reflections (Reflections.java:scan(219)) - Reflections took 798 ms to scan 22 urls, producing 61 keys and 7417 values
2025-04-17 16:40:24,106 [main] INFO  ipc.CallQueueManager (CallQueueManager.java:<init>(93)) - Using callQueue: class java.util.concurrent.LinkedBlockingQueue, queueCapacity: 2000, scheduler: class org.apache.hadoop.ipc.DefaultRpcScheduler, ipcBackoff: false, ipcFailOver: false.
2025-04-17 16:40:24,106 [main] INFO  ipc.Server (Server.java:<init>(1438)) - Listener at 127.0.0.1:15006
2025-04-17 16:40:24,107 [Socket Reader #1 for port 15006] INFO  ipc.Server (Server.java:run(1474)) - Starting Socket Reader #1 for port 15006
2025-04-17 16:40:24,107 [Socket Reader #2 for port 15006] INFO  ipc.Server (Server.java:run(1474)) - Starting Socket Reader #2 for port 15006
2025-04-17 16:40:24,107 [Socket Reader #3 for port 15006] INFO  ipc.Server (Server.java:run(1474)) - Starting Socket Reader #3 for port 15006
2025-04-17 16:40:24,107 [Socket Reader #4 for port 15006] INFO  ipc.Server (Server.java:run(1474)) - Starting Socket Reader #4 for port 15006
2025-04-17 16:40:24,108 [Socket Reader #6 for port 15006] INFO  ipc.Server (Server.java:run(1474)) - Starting Socket Reader #6 for port 15006
2025-04-17 16:40:24,108 [Socket Reader #7 for port 15006] INFO  ipc.Server (Server.java:run(1474)) - Starting Socket Reader #7 for port 15006
2025-04-17 16:40:24,108 [Socket Reader #5 for port 15006] INFO  ipc.Server (Server.java:run(1474)) - Starting Socket Reader #5 for port 15006
2025-04-17 16:40:24,108 [Socket Reader #8 for port 15006] INFO  ipc.Server (Server.java:run(1474)) - Starting Socket Reader #8 for port 15006
2025-04-17 16:40:24,109 [Socket Reader #9 for port 15006] INFO  ipc.Server (Server.java:run(1474)) - Starting Socket Reader #9 for port 15006
2025-04-17 16:40:24,109 [Socket Reader #10 for port 15006] INFO  ipc.Server (Server.java:run(1474)) - Starting Socket Reader #10 for port 15006
2025-04-17 16:40:24,134 [main] INFO  impl.MetricsSystemImpl (MetricsSystemImpl.java:init(158)) - OzoneManager metrics system started (again)
2025-04-17 16:40:24,144 [main] INFO  om.OzoneManager (OzoneManager.java:start(1787)) - OzoneManager RPC server is listening at localhost/127.0.0.1:15006
2025-04-17 16:40:24,144 [main] INFO  ratis.OzoneManagerRatisServer (OzoneManagerRatisServer.java:start(628)) - Starting OzoneManagerRatisServer om1 at port 15009
2025-04-17 16:40:24,144 [om1-impl-thread1] INFO  server.RaftServerConfigKeys (ConfUtils.java:logGet(46)) - raft.server.storage.free-space.min = 0MB (=0) (default)
2025-04-17 16:40:24,145 [om1-impl-thread1] INFO  server.RaftServerConfigKeys (ConfUtils.java:logGet(46)) - raft.server.log.corruption.policy = EXCEPTION (default)
2025-04-17 16:40:24,145 [om1-impl-thread1] INFO  server.RaftServerConfigKeys (ConfUtils.java:logGet(46)) - raft.server.storage.dir = [/home/runner/work/ozone/ozone/hadoop-ozone/integration-test/target/test-dir/MiniOzoneClusterImpl-26e726f8-5cec-4c14-bf14-45d4895febc0/ozone-meta/ratis] (custom)
2025-04-17 16:40:24,145 [om1-impl-thread1] INFO  storage.RaftStorageDirectory (RaftStorageDirectoryImpl.java:analyzeStorage(138)) - The storage directory /home/runner/work/ozone/ozone/hadoop-ozone/integration-test/target/test-dir/MiniOzoneClusterImpl-26e726f8-5cec-4c14-bf14-45d4895febc0/ozone-meta/ratis/bf265839-605b-3f16-9796-c5ba1605619e does not exist. Creating ...
2025-04-17 16:40:24,147 [om1-impl-thread1] INFO  storage.RaftStorageDirectory (RaftStorageDirectoryImpl.java:tryLock(229)) - Lock on /home/runner/work/ozone/ozone/hadoop-ozone/integration-test/target/test-dir/MiniOzoneClusterImpl-26e726f8-5cec-4c14-bf14-45d4895febc0/ozone-meta/ratis/bf265839-605b-3f16-9796-c5ba1605619e/in_use.lock acquired by nodename 85305@fv-az1665-423
2025-04-17 16:40:24,148 [om1-impl-thread1] INFO  storage.RaftStorage (RaftStorageImpl.java:format(98)) - Storage directory /home/runner/work/ozone/ozone/hadoop-ozone/integration-test/target/test-dir/MiniOzoneClusterImpl-26e726f8-5cec-4c14-bf14-45d4895febc0/ozone-meta/ratis/bf265839-605b-3f16-9796-c5ba1605619e has been successfully formatted.
2025-04-17 16:40:24,149 [om1-impl-thread1] INFO  ratis.OzoneManagerStateMachine (OzoneManagerStateMachine.java:lambda$0(138)) - om1: initialize group-C5BA1605619E with (t:0, i:~)
2025-04-17 16:40:24,149 [om1-impl-thread1] INFO  server.RaftServerConfigKeys (ConfUtils.java:logGet(46)) - raft.server.log.use.memory = false (default)
2025-04-17 16:40:24,149 [om1-impl-thread1] INFO  server.RaftServerConfigKeys (ConfUtils.java:logGet(46)) - raft.server.log.purge.gap = 1000000 (custom)
2025-04-17 16:40:24,149 [om1-impl-thread1] INFO  server.RaftServerConfigKeys (ConfUtils.java:logGet(46)) - raft.server.log.appender.buffer.byte-limit = 4194304 (custom)
2025-04-17 16:40:24,149 [om1-impl-thread1] INFO  server.RaftServerConfigKeys (ConfUtils.java:logGet(46)) - raft.server.log.statemachine.data.read.timeout = 1000ms (default)
2025-04-17 16:40:24,149 [om1-impl-thread1] INFO  server.RaftServerConfigKeys (ConfUtils.java:logGet(46)) - raft.server.log.purge.preservation.log.num = 0 (default)
2025-04-17 16:40:24,151 [om1-impl-thread1] INFO  server.RaftServerConfigKeys (ConfUtils.java:logGet(46)) - raft.server.log.segment.size.max = 4194304 (custom)
2025-04-17 16:40:24,152 [om1-impl-thread1] INFO  server.RaftServerConfigKeys (ConfUtils.java:logGet(46)) - raft.server.log.segment.cache.num.max = 2 (custom)
2025-04-17 16:40:24,152 [om1-impl-thread1] INFO  server.RaftServerConfigKeys (ConfUtils.java:logGet(46)) - raft.server.log.segment.cache.size.max = 200MB (=209715200) (default)
2025-04-17 16:40:24,152 [om1-impl-thread1] INFO  server.RaftServerConfigKeys (ConfUtils.java:logGet(46)) - raft.server.log.appender.buffer.byte-limit = 4194304 (custom)
2025-04-17 16:40:24,152 [om1-impl-thread1] INFO  util.AwaitToRun (AwaitToRun.java:start(81)) - Thread[#461,om1@group-C5BA1605619E-cacheEviction-AwaitToRun,5,main] started
2025-04-17 16:40:24,152 [om1-impl-thread1] INFO  segmented.SegmentedRaftLogWorker (SegmentedRaftLogWorker.java:<init>(188)) - new om1@group-C5BA1605619E-SegmentedRaftLogWorker for RaftStorageImpl:Storage Directory /home/runner/work/ozone/ozone/hadoop-ozone/integration-test/target/test-dir/MiniOzoneClusterImpl-26e726f8-5cec-4c14-bf14-45d4895febc0/ozone-meta/ratis/bf265839-605b-3f16-9796-c5ba1605619e
2025-04-17 16:40:24,153 [om1-impl-thread1] INFO  server.RaftServerConfigKeys (ConfUtils.java:logGet(46)) - raft.server.log.queue.byte-limit = 64MB (=67108864) (default)
2025-04-17 16:40:24,153 [om1-impl-thread1] INFO  server.RaftServerConfigKeys (ConfUtils.java:logGet(46)) - raft.server.log.queue.element-limit = 4096 (default)
2025-04-17 16:40:24,153 [om1-impl-thread1] INFO  server.RaftServerConfigKeys (ConfUtils.java:logGet(46)) - raft.server.log.segment.size.max = 4194304 (custom)
2025-04-17 16:40:24,153 [om1-impl-thread1] INFO  server.RaftServerConfigKeys (ConfUtils.java:logGet(46)) - raft.server.log.preallocated.size = 4194304 (custom)
2025-04-17 16:40:24,153 [om1-impl-thread1] INFO  server.RaftServerConfigKeys (ConfUtils.java:logGet(46)) - raft.server.log.force.sync.num = 128 (default)
2025-04-17 16:40:24,153 [om1-impl-thread1] INFO  server.RaftServerConfigKeys (ConfUtils.java:logGet(46)) - raft.server.log.statemachine.data.sync = true (default)
2025-04-17 16:40:24,153 [om1-impl-thread1] INFO  server.RaftServerConfigKeys (ConfUtils.java:logGet(46)) - raft.server.log.statemachine.data.sync.timeout = 10s (default)
2025-04-17 16:40:24,154 [om1-impl-thread1] INFO  server.RaftServerConfigKeys (ConfUtils.java:logGet(46)) - raft.server.log.statemachine.data.sync.timeout.retry = -1 (default)
2025-04-17 16:40:24,154 [om1-impl-thread1] INFO  server.RaftServerConfigKeys (ConfUtils.java:logGet(46)) - raft.server.log.write.buffer.size = 4194312 (custom)
2025-04-17 16:40:24,156 [om1-impl-thread1] INFO  server.RaftServerConfigKeys (ConfUtils.java:logGet(46)) - raft.server.log.appender.buffer.byte-limit = 4194304 (custom)
2025-04-17 16:40:24,156 [om1-impl-thread1] INFO  server.RaftServerConfigKeys (ConfUtils.java:logGet(46)) - raft.server.log.unsafe-flush.enabled = false (default)
2025-04-17 16:40:24,157 [om1-impl-thread1] INFO  server.RaftServerConfigKeys (ConfUtils.java:logGet(46)) - raft.server.log.async-flush.enabled = false (default)
2025-04-17 16:40:24,157 [om1-impl-thread1] INFO  server.RaftServerConfigKeys (ConfUtils.java:logGet(46)) - raft.server.log.statemachine.data.caching.enabled = false (default)
2025-04-17 16:40:24,157 [om1-impl-thread1] INFO  segmented.SegmentedRaftLogWorker (SegmentedRaftLogWorker.java:lambda$new$0(139)) - om1@group-C5BA1605619E-SegmentedRaftLogWorker: flushIndex: setUnconditionally 0 -> -1
2025-04-17 16:40:24,157 [om1-impl-thread1] INFO  segmented.SegmentedRaftLogWorker (SegmentedRaftLogWorker.java:lambda$new$0(139)) - om1@group-C5BA1605619E-SegmentedRaftLogWorker: safeCacheEvictIndex: setUnconditionally 0 -> -1
2025-04-17 16:40:24,157 [om1-impl-thread1] INFO  server.RaftServer$Division (RaftServerImpl.java:start(391)) - om1@group-C5BA1605619E: start as a follower, conf=conf: {index: -1, cur=peers:[om1|localhost:15009]|listeners:[], old=null}
2025-04-17 16:40:24,158 [om1-impl-thread1] INFO  server.RaftServer$Division (RaftServerImpl.java:setRole(378)) - om1@group-C5BA1605619E: changes role from      null to FOLLOWER at term 0 for startAsFollower
2025-04-17 16:40:24,158 [om1-impl-thread1] INFO  impl.RoleInfo (RoleInfo.java:updateAndGet(148)) - om1: start om1@group-C5BA1605619E-FollowerState
2025-04-17 16:40:24,158 [om1@group-C5BA1605619E-FollowerState] INFO  server.RaftServerConfigKeys (ConfUtils.java:logFallback(53)) - raft.server.rpc.first-election.timeout.min = 1s (fallback to raft.server.rpc.timeout.min)
2025-04-17 16:40:24,159 [om1@group-C5BA1605619E-FollowerState] INFO  server.RaftServerConfigKeys (ConfUtils.java:logFallback(53)) - raft.server.rpc.first-election.timeout.max = 1200ms (fallback to raft.server.rpc.timeout.max)
2025-04-17 16:40:24,159 [om1-impl-thread1] INFO  util.JmxRegister (JmxRegister.java:tryRegister(44)) - Successfully registered JMX Bean with object name Ratis:service=RaftServer,group=group-C5BA1605619E,id=om1
2025-04-17 16:40:24,159 [om1-impl-thread1] INFO  util.JmxRegister (JmxRegister.java:register(58)) - register mxBean class org.apache.ratis.server.impl.RaftServerJmxAdapter as Ratis:service=RaftServer,group=group-C5BA1605619E,id=om1
2025-04-17 16:40:24,159 [om1-impl-thread1] INFO  server.RaftServerConfigKeys (ConfUtils.java:logGet(46)) - raft.server.snapshot.trigger-when-stop.enabled = true (default)
2025-04-17 16:40:24,159 [om1-impl-thread1] INFO  server.RaftServerConfigKeys (ConfUtils.java:logGet(46)) - raft.server.snapshot.trigger-when-remove.enabled = true (default)
2025-04-17 16:40:24,159 [om1-impl-thread1] INFO  server.RaftServerConfigKeys (ConfUtils.java:logGet(46)) - raft.server.snapshot.auto.trigger.enabled = true (custom)
2025-04-17 16:40:24,160 [om1-impl-thread1] INFO  server.RaftServerConfigKeys (ConfUtils.java:logGet(46)) - raft.server.snapshot.auto.trigger.threshold = 400000 (default)
2025-04-17 16:40:24,160 [om1-impl-thread1] INFO  server.RaftServerConfigKeys (ConfUtils.java:logGet(46)) - raft.server.snapshot.retention.file.num = -1 (default)
2025-04-17 16:40:24,160 [om1-impl-thread1] INFO  server.RaftServerConfigKeys (ConfUtils.java:logGet(46)) - raft.server.log.purge.upto.snapshot.index = true (custom)
2025-04-17 16:40:24,161 [om1-impl-thread1] INFO  server.RaftServer$Division (RaftServerImpl.java:start(405)) - om1@group-C5BA1605619E: Successfully started.
2025-04-17 16:40:24,161 [main] INFO  server.RaftServer (RaftServerProxy.java:startImpl(407)) - om1: start RPC server
2025-04-17 16:40:24,163 [main] INFO  server.GrpcService (GrpcService.java:startImpl(334)) - om1: GrpcService started, listening on 15009
2025-04-17 16:40:24,163 [JvmPauseMonitor2] INFO  util.JvmPauseMonitor (JvmPauseMonitor.java:run(146)) - JvmPauseMonitor-om1: Started
2025-04-17 16:40:24,164 [main] INFO  om.OzoneManager (OzoneManager.java:start(1802)) - Version File has different layout version (8) than OM DB (null). That is expected if this OM has never been finalized to a newer layout version.
2025-04-17 16:40:24,176 [main] INFO  client.ScmTopologyClient (ScmTopologyClient.java:start(70)) - Initial network topology fetched from SCM: /.
2025-04-17 16:40:24,176 [main] INFO  net.NodeSchemaLoader (NodeSchemaLoader.java:loadSchemaFromFile(127)) - Loading schema from [jar:file:/home/runner/work/ozone/ozone/hadoop-hdds/common/target/hdds-common-2.1.0-SNAPSHOT.jar!/network-topology-default.xml]
2025-04-17 16:40:24,176 [main] INFO  net.NodeSchemaLoader (NodeSchemaLoader.java:loadSchema(174)) - Loading network topology layer schema file
2025-04-17 16:40:24,189 [main] INFO  http.BaseHttpServer (BaseHttpServer.java:newHttpServer2BuilderForOzone(229)) - Starting Web-server for ozoneManager at: http://0.0.0.0:15007
2025-04-17 16:40:24,189 [main] INFO  http.BaseHttpServer (BaseHttpServer.java:<init>(107)) - Hadoop Security Enabled: false Ozone Security Enabled: false Ozone HTTP Security Enabled: false 
2025-04-17 16:40:24,191 [main] WARN  server.AuthenticationFilter (AuthenticationFilter.java:constructSecretProvider(240)) - Unable to initialize FileSignerSecretProvider, falling back to use random secrets. Reason: Could not read signature secret file: /home/runner/hadoop-http-auth-signature-secret
2025-04-17 16:40:24,193 [main] INFO  http.HttpServer2 (HttpServer2.java:addGlobalFilter(1041)) - Added global filter 'safety' (class=org.apache.hadoop.hdds.server.http.HttpServer2$QuotingInputFilter)
2025-04-17 16:40:24,194 [main] INFO  http.HttpServer2 (HttpServer2.java:addFilter(1017)) - Added filter static_user_filter (class=org.apache.hadoop.http.lib.StaticUserWebFilter$StaticUserFilter) to context ozoneManager
2025-04-17 16:40:24,194 [main] INFO  http.HttpServer2 (HttpServer2.java:addFilter(1025)) - Added filter static_user_filter (class=org.apache.hadoop.http.lib.StaticUserWebFilter$StaticUserFilter) to context logs
2025-04-17 16:40:24,194 [main] INFO  http.HttpServer2 (HttpServer2.java:addFilter(1025)) - Added filter static_user_filter (class=org.apache.hadoop.http.lib.StaticUserWebFilter$StaticUserFilter) to context static
2025-04-17 16:40:24,196 [main] INFO  http.BaseHttpServer (BaseHttpServer.java:<init>(195)) - HTTP server of ozoneManager uses base directory /home/runner/work/ozone/ozone/hadoop-ozone/integration-test/target/test-dir/MiniOzoneClusterImpl-26e726f8-5cec-4c14-bf14-45d4895febc0/ozone-meta/webserver
2025-04-17 16:40:24,198 [main] INFO  http.HttpServer2 (HttpServer2.java:bindListener(1241)) - Jetty bound to port 15007
2025-04-17 16:40:24,199 [main] INFO  server.Server (Server.java:doStart(375)) - jetty-9.4.57.v20241219; built: 2025-01-08T21:24:30.412Z; git: df524e6b29271c2e09ba9aea83c18dc9db464a31; jvm 21.0.6+7-LTS
2025-04-17 16:40:24,200 [main] INFO  server.session (DefaultSessionIdManager.java:doStart(334)) - DefaultSessionIdManager workerName=node0
2025-04-17 16:40:24,200 [main] INFO  server.session (DefaultSessionIdManager.java:doStart(339)) - No SessionScavenger set, using defaults
2025-04-17 16:40:24,201 [main] INFO  server.session (HouseKeeper.java:startScavenging(132)) - node0 Scavenging every 660000ms
2025-04-17 16:40:24,201 [main] INFO  handler.ContextHandler (ContextHandler.java:doStart(921)) - Started o.e.j.s.ServletContextHandler@456c528c{logs,/logs,file:///home/runner/work/ozone/ozone/hadoop-ozone/integration-test/target/log,AVAILABLE}
2025-04-17 16:40:24,202 [main] INFO  handler.ContextHandler (ContextHandler.java:doStart(921)) - Started o.e.j.s.ServletContextHandler@112aa99c{static,/static,file:///home/runner/work/ozone/ozone/hadoop-ozone/integration-test/target/test-classes/webapps/static,AVAILABLE}
2025-04-17 16:40:24,211 [main] INFO  handler.ContextHandler (ContextHandler.java:doStart(921)) - Started o.e.j.w.WebAppContext@3596a9d5{ozoneManager,/,file:///home/runner/work/ozone/ozone/hadoop-ozone/integration-test/target/test-classes/webapps/ozoneManager/,AVAILABLE}{file:/home/runner/work/ozone/ozone/hadoop-ozone/integration-test/target/test-classes/webapps/ozoneManager}
2025-04-17 16:40:24,212 [main] INFO  server.AbstractConnector (AbstractConnector.java:doStart(333)) - Started ServerConnector@3bd623b2{HTTP/1.1, (http/1.1)}{0.0.0.0:15007}
2025-04-17 16:40:24,212 [main] INFO  server.Server (Server.java:doStart(415)) - Started @10265ms
2025-04-17 16:40:24,212 [main] WARN  impl.MetricsSystemImpl (MetricsSystemImpl.java:register(279)) - Sink prometheus already exists!
2025-04-17 16:40:24,212 [main] INFO  http.BaseHttpServer (BaseHttpServer.java:updateConnectorAddress(360)) - HTTP server of ozoneManager listening at http://0.0.0.0:15007
2025-04-17 16:40:24,213 [IPC Server Responder] INFO  ipc.Server (Server.java:run(1713)) - IPC Server Responder: starting
2025-04-17 16:40:24,213 [IPC Server listener on 15006] INFO  ipc.Server (Server.java:run(1553)) - IPC Server listener on 15006: starting
2025-04-17 16:40:24,216 [main] INFO  om.OzoneManager (OzoneManager.java:startTrashEmptier(2257)) - Trash Interval set to 0. Files deleted won't move to trash
2025-04-17 16:40:24,230 [main] INFO  db.CodecBuffer (CodecBuffer.java:set(84)) - Successfully set constructor to LeakDetector::newCodecBuffer: org.apache.hadoop.hdds.utils.db.CodecBuffer$$Lambda/0x00007fd0ac7a7d30@15f28ef5
2025-04-17 16:40:24,296 [main] WARN  dropwizard3.Dm3MetricRegistriesImpl (Dm3MetricRegistriesImpl.java:addReporterRegistration(114)) - New reporters are added after registries were created. Some metrics will be missing from the reporter. Please add reporter before adding any new registry.
2025-04-17 16:40:24,296 [main] WARN  dropwizard3.Dm3MetricRegistriesImpl (Dm3MetricRegistriesImpl.java:addReporterRegistration(114)) - New reporters are added after registries were created. Some metrics will be missing from the reporter. Please add reporter before adding any new registry.
2025-04-17 16:40:24,296 [main] INFO  impl.MetricsSystemImpl (MetricsSystemImpl.java:init(158)) - HddsDatanode metrics system started (again)
2025-04-17 16:40:24,315 [main] INFO  protocol.DatanodeDetails (DatanodeDetails.java:validateDatanodeIpAddress(199)) - Updating IP address of datanode c825922c-8499-4d06-bbc0-08abc9a8124c(fv-az1665-423.ifczmx5oewpevfcqsfqd21qzsa.ex.internal.cloudapp.net/null) to 10.1.0.98
2025-04-17 16:40:24,316 [main] INFO  ozone.HddsDatanodeService (HddsDatanodeService.java:start(235)) - HddsDatanodeService c825922c-8499-4d06-bbc0-08abc9a8124c(fv-az1665-423.ifczmx5oewpevfcqsfqd21qzsa.ex.internal.cloudapp.net/10.1.0.98)
2025-04-17 16:40:24,320 [main] INFO  upgrade.AbstractLayoutVersionManager (AbstractLayoutVersionManager.java:init(80)) - Initializing Layout version manager with metadata layout = HBASE_SUPPORT (version = 8), software layout = HBASE_SUPPORT (version = 8)
2025-04-17 16:40:24,321 [main] INFO  statemachine.DatanodeStateMachine (DatanodeStateMachine.java:getEndPointTaskThreadPoolSize(297)) - Datanode State Machine Task Thread Pool size 2
2025-04-17 16:40:24,360 [main] INFO  volume.HddsVolume (HddsVolume.java:<init>(141)) - HddsVolume: { id=DS-9a74e1be-69d5-4785-9319-0344703fcd1d dir=/home/runner/work/ozone/ozone/hadoop-ozone/integration-test/target/test-dir/MiniOzoneClusterImpl-26e726f8-5cec-4c14-bf14-45d4895febc0/ozone-meta/datanode-1/data-0/hdds type=DISK capacity=9222449699674390527 used=0 available=9222449699674390527 minFree=5368709120 committed=0 }
2025-04-17 16:40:24,361 [main] INFO  volume.MutableVolumeSet (MutableVolumeSet.java:initializeVolumeSet(166)) - Added Volume : /home/runner/work/ozone/ozone/hadoop-ozone/integration-test/target/test-dir/MiniOzoneClusterImpl-26e726f8-5cec-4c14-bf14-45d4895febc0/ozone-meta/datanode-1/data-0/hdds to VolumeSet
2025-04-17 16:40:24,363 [main] INFO  volume.MutableVolumeSet (MutableVolumeSet.java:initializeVolumeSet(166)) - Added Volume : /home/runner/work/ozone/ozone/hadoop-ozone/integration-test/target/test-dir/MiniOzoneClusterImpl-26e726f8-5cec-4c14-bf14-45d4895febc0/ozone-meta/datanode-1/ratis to VolumeSet
2025-04-17 16:40:24,366 [main] INFO  ozoneimpl.OzoneContainer (HddsVolumeUtil.java:loadAllHddsVolumeDbStore(102)) - Load 1 volumes DbStore cost: 0ms
2025-04-17 16:40:24,368 [main] WARN  db.DBStoreBuilder (DBStoreBuilder.java:getDBDirPath(167)) - ozone.scm.datanode.id.dir is not configured. We recommend adding this setting. Falling back to ozone.metadata.dirs instead.
2025-04-17 16:40:24,372 [main] WARN  db.DBStoreBuilder (DBStoreBuilder.java:getDBDirPath(167)) - ozone.scm.datanode.id.dir is not configured. We recommend adding this setting. Falling back to ozone.metadata.dirs instead.
2025-04-17 16:40:24,399 [main] INFO  impl.FilePerChunkStrategy (FilePerChunkStrategy.java:<init>(79)) - ozone.chunk.read.mapped.buffer.max.count is load with 0
2025-04-17 16:40:24,401 [main] INFO  impl.FilePerBlockStrategy (FilePerBlockStrategy.java:<init>(87)) - ozone.chunk.read.mapped.buffer.max.count is load with 0
2025-04-17 16:40:24,423 [main] INFO  audit.AuditLogger (AuditLogger.java:refreshDebugCmdSet(133)) - Refresh DebugCmdSet for DNAudit to [].
2025-04-17 16:40:24,439 [main] INFO  server.RaftServerConfigKeys (ConfUtils.java:logGet(46)) - raft.server.log.appender.buffer.byte-limit = 33554432 (custom)
2025-04-17 16:40:24,452 [main] INFO  server.RaftServer (ConfUtils.java:logGet(46)) - raft.rpc.type = GRPC (default)
2025-04-17 16:40:24,453 [main] INFO  grpc.GrpcConfigKeys (ConfUtils.java:logFallback(53)) - raft.grpc.admin.host = null (fallback to raft.grpc.server.host)
2025-04-17 16:40:24,454 [main] INFO  grpc.GrpcConfigKeys (ConfUtils.java:logGet(46)) - raft.grpc.admin.port = 15014 (custom)
2025-04-17 16:40:24,454 [main] INFO  grpc.GrpcConfigKeys (ConfUtils.java:logFallback(53)) - raft.grpc.client.host = null (fallback to raft.grpc.server.host)
2025-04-17 16:40:24,455 [main] INFO  grpc.GrpcConfigKeys (ConfUtils.java:logGet(46)) - raft.grpc.client.port = 15013 (custom)
2025-04-17 16:40:24,455 [main] INFO  grpc.GrpcConfigKeys (ConfUtils.java:logGet(46)) - raft.grpc.server.host = null (default)
2025-04-17 16:40:24,456 [main] INFO  grpc.GrpcConfigKeys (ConfUtils.java:logGet(46)) - raft.grpc.server.port = 15015 (custom)
2025-04-17 16:40:24,456 [main] INFO  server.GrpcService (ConfUtils.java:logGet(46)) - raft.grpc.message.size.max = 34603008 (custom)
2025-04-17 16:40:24,457 [main] INFO  server.GrpcService (ConfUtils.java:logGet(46)) - raft.grpc.flow.control.window = 5MB (=5242880) (custom)
2025-04-17 16:40:24,457 [main] INFO  server.RaftServerConfigKeys (ConfUtils.java:logGet(46)) - raft.server.rpc.request.timeout = 60s (custom)
2025-04-17 16:40:24,457 [main] INFO  grpc.GrpcConfigKeys (ConfUtils.java:logGet(46)) - raft.grpc.server.heartbeat.channel = true (default)
2025-04-17 16:40:24,457 [main] INFO  server.RaftServerConfigKeys (ConfUtils.java:logGet(46)) - raft.server.log.appender.buffer.byte-limit = 33554432 (custom)
2025-04-17 16:40:24,458 [main] INFO  grpc.GrpcConfigKeys (ConfUtils.java:logGet(46)) - raft.grpc.server.async.request.thread.pool.cached = true (default)
2025-04-17 16:40:24,458 [main] INFO  grpc.GrpcConfigKeys (ConfUtils.java:logGet(46)) - raft.grpc.server.async.request.thread.pool.size = 32 (default)
2025-04-17 16:40:24,460 [main] INFO  impl.DataStreamServerImpl (ConfUtils.java:logGet(46)) - raft.datastream.type = NETTY (custom)
2025-04-17 16:40:24,468 [main] INFO  server.RaftServerConfigKeys (ConfUtils.java:logGet(46)) - raft.server.data-stream.async.request.thread.pool.cached = false (default)
2025-04-17 16:40:24,469 [main] INFO  server.RaftServerConfigKeys (ConfUtils.java:logGet(46)) - raft.server.data-stream.async.request.thread.pool.size = 20 (custom)
2025-04-17 16:40:24,469 [main] INFO  server.RaftServerConfigKeys (ConfUtils.java:logGet(46)) - raft.server.data-stream.async.write.thread.pool.size = 16 (default)
2025-04-17 16:40:24,471 [main] INFO  netty.NettyConfigKeys$DataStream (ConfUtils.java:logGet(46)) - raft.netty.dataStream.server.channel.inactive.grace-period = 10min (default)
2025-04-17 16:40:24,472 [main] INFO  server.RaftServerConfigKeys (ConfUtils.java:logGet(46)) - raft.server.data-stream.client.pool.size = 10 (default)
2025-04-17 16:40:24,473 [main] INFO  netty.NettyConfigKeys$DataStream (ConfUtils.java:logGet(46)) - raft.netty.dataStream.server.use-epoll = true (default)
2025-04-17 16:40:24,473 [main] INFO  netty.NettyConfigKeys$DataStream (ConfUtils.java:logGet(46)) - raft.netty.dataStream.server.boss-group.size = 0 (default)
2025-04-17 16:40:24,474 [main] INFO  netty.NettyUtils (NettyUtils.java:newEventLoopGroup(74)) - Create EpollEventLoopGroup for c825922c-8499-4d06-bbc0-08abc9a8124c-NettyServerStreamRpc-bossGroup; Thread size is 0.
2025-04-17 16:40:24,475 [main] INFO  netty.NettyConfigKeys$DataStream (ConfUtils.java:logGet(46)) - raft.netty.dataStream.server.worker-group.size = 0 (default)
2025-04-17 16:40:24,475 [main] INFO  netty.NettyUtils (NettyUtils.java:newEventLoopGroup(74)) - Create EpollEventLoopGroup for c825922c-8499-4d06-bbc0-08abc9a8124c-NettyServerStreamRpc-workerGroup; Thread size is 0.
2025-04-17 16:40:24,476 [main] INFO  netty.NettyConfigKeys$DataStream (ConfUtils.java:logGet(46)) - raft.netty.dataStream.server.tls.conf = null (default)
2025-04-17 16:40:24,477 [main] INFO  netty.NettyConfigKeys$DataStream (ConfUtils.java:logGet(46)) - raft.netty.dataStream.host = null (default)
2025-04-17 16:40:24,477 [main] INFO  netty.NettyConfigKeys$DataStream (ConfUtils.java:logGet(46)) - raft.netty.dataStream.port = 15016 (custom)
2025-04-17 16:40:24,480 [main] INFO  server.RaftServerConfigKeys (ConfUtils.java:logGet(46)) - raft.server.sleep.deviation.threshold = 300ms (default)
2025-04-17 16:40:24,480 [main] INFO  server.RaftServerConfigKeys (ConfUtils.java:logGet(46)) - raft.server.close.threshold = 60s (default)
2025-04-17 16:40:24,480 [main] INFO  server.RaftServerConfigKeys (ConfUtils.java:logGet(46)) - raft.server.leaderelection.leader.step-down.wait-time = 10s (default)
2025-04-17 16:40:24,480 [main] INFO  server.RaftServerConfigKeys (ConfUtils.java:logGet(46)) - raft.server.storage.dir = [/home/runner/work/ozone/ozone/hadoop-ozone/integration-test/target/test-dir/MiniOzoneClusterImpl-26e726f8-5cec-4c14-bf14-45d4895febc0/ozone-meta/datanode-1/ratis] (custom)
2025-04-17 16:40:24,481 [main] INFO  server.RaftServerConfigKeys (ConfUtils.java:logGet(46)) - raft.server.threadpool.proxy.cached = true (default)
2025-04-17 16:40:24,481 [main] INFO  server.RaftServerConfigKeys (ConfUtils.java:logGet(46)) - raft.server.threadpool.proxy.size = 0 (default)
2025-04-17 16:40:24,483 [c825922c-8499-4d06-bbc0-08abc9a8124c-impl-thread1] INFO  server.RaftServer (RaftServerProxy.java:initGroupDir(265)) - c825922c-8499-4d06-bbc0-08abc9a8124c: found a subdirectory /home/runner/work/ozone/ozone/hadoop-ozone/integration-test/target/test-dir/MiniOzoneClusterImpl-26e726f8-5cec-4c14-bf14-45d4895febc0/ozone-meta/datanode-1/ratis/tmp
2025-04-17 16:40:24,483 [c825922c-8499-4d06-bbc0-08abc9a8124c-impl-thread1] INFO  server.RaftServer (RaftServerProxy.java:initGroupDir(270)) - c825922c-8499-4d06-bbc0-08abc9a8124c: The directory /home/runner/work/ozone/ozone/hadoop-ozone/integration-test/target/test-dir/MiniOzoneClusterImpl-26e726f8-5cec-4c14-bf14-45d4895febc0/ozone-meta/datanode-1/ratis/tmp is not a group directory; ignoring it. 
2025-04-17 16:40:24,485 [main] INFO  replication.ReplicationServer (ReplicationServer.java:<init>(84)) - Initializing replication server with thread count = 10 queue length = 4096
2025-04-17 16:40:24,488 [c825922c-8499-4d06-bbc0-08abc9a8124c-NettyServerStreamRpc-bossGroup--thread1] INFO  logging.LoggingHandler (AbstractInternalLogger.java:log(148)) - [id: 0x37add2da] REGISTERED
2025-04-17 16:40:24,488 [c825922c-8499-4d06-bbc0-08abc9a8124c-NettyServerStreamRpc-bossGroup--thread1] INFO  logging.LoggingHandler (AbstractInternalLogger.java:log(148)) - [id: 0x37add2da] BIND: 0.0.0.0/0.0.0.0:15016
2025-04-17 16:40:24,489 [c825922c-8499-4d06-bbc0-08abc9a8124c-NettyServerStreamRpc-bossGroup--thread1] INFO  logging.LoggingHandler (AbstractInternalLogger.java:log(148)) - [id: 0x37add2da, L:/0.0.0.0:15016] ACTIVE
2025-04-17 16:40:24,505 [main] INFO  server.XceiverServerGrpc (XceiverServerGrpc.java:<init>(131)) - GrpcServer channel type EpollServerSocketChannel
2025-04-17 16:40:24,525 [main] INFO  replication.ReplicationSupervisor (ReplicationSupervisor.java:build(169)) - Initializing replication supervisor with thread count = 10
2025-04-17 16:40:24,526 [main] INFO  replication.ReplicationSupervisor (ReplicationSupervisor.java:nodeStateUpdated(358)) - Node state updated to IN_SERVICE, scaling executor pool size to 10
2025-04-17 16:40:24,564 [main] INFO  lib.Interns (Interns.java:removeEldestEntry(50)) - Metrics intern cache overflow at 2011 for MetricsSystem={MetricsSystem=MetricsInfoImpl{name=MetricsSystem, description=MetricsSystem}, MetricsSystem record=MetricsInfoImpl{name=MetricsSystem, description=MetricsSystem record}}
2025-04-17 16:40:24,583 [main] INFO  http.BaseHttpServer (BaseHttpServer.java:newHttpServer2BuilderForOzone(229)) - Starting Web-server for hddsDatanode at: http://0.0.0.0:15010
2025-04-17 16:40:24,583 [main] INFO  http.BaseHttpServer (BaseHttpServer.java:<init>(107)) - Hadoop Security Enabled: false Ozone Security Enabled: false Ozone HTTP Security Enabled: false 
2025-04-17 16:40:24,586 [main] WARN  server.AuthenticationFilter (AuthenticationFilter.java:constructSecretProvider(240)) - Unable to initialize FileSignerSecretProvider, falling back to use random secrets. Reason: Could not read signature secret file: /home/runner/hadoop-http-auth-signature-secret
2025-04-17 16:40:24,588 [main] INFO  http.HttpServer2 (HttpServer2.java:addGlobalFilter(1041)) - Added global filter 'safety' (class=org.apache.hadoop.hdds.server.http.HttpServer2$QuotingInputFilter)
2025-04-17 16:40:24,589 [main] INFO  http.HttpServer2 (HttpServer2.java:addFilter(1017)) - Added filter static_user_filter (class=org.apache.hadoop.http.lib.StaticUserWebFilter$StaticUserFilter) to context hddsDatanode
2025-04-17 16:40:24,590 [main] INFO  http.HttpServer2 (HttpServer2.java:addFilter(1025)) - Added filter static_user_filter (class=org.apache.hadoop.http.lib.StaticUserWebFilter$StaticUserFilter) to context static
2025-04-17 16:40:24,590 [main] INFO  http.HttpServer2 (HttpServer2.java:addFilter(1025)) - Added filter static_user_filter (class=org.apache.hadoop.http.lib.StaticUserWebFilter$StaticUserFilter) to context logs
2025-04-17 16:40:24,591 [main] INFO  http.BaseHttpServer (BaseHttpServer.java:<init>(195)) - HTTP server of hddsDatanode uses base directory /home/runner/work/ozone/ozone/hadoop-ozone/integration-test/target/test-dir/MiniOzoneClusterImpl-26e726f8-5cec-4c14-bf14-45d4895febc0/ozone-meta/datanode-1/meta/webserver
2025-04-17 16:40:24,592 [main] INFO  http.HttpServer2 (HttpServer2.java:bindListener(1241)) - Jetty bound to port 15010
2025-04-17 16:40:24,592 [main] INFO  server.Server (Server.java:doStart(375)) - jetty-9.4.57.v20241219; built: 2025-01-08T21:24:30.412Z; git: df524e6b29271c2e09ba9aea83c18dc9db464a31; jvm 21.0.6+7-LTS
2025-04-17 16:40:24,593 [main] INFO  server.session (DefaultSessionIdManager.java:doStart(334)) - DefaultSessionIdManager workerName=node0
2025-04-17 16:40:24,594 [main] INFO  server.session (DefaultSessionIdManager.java:doStart(339)) - No SessionScavenger set, using defaults
2025-04-17 16:40:24,594 [main] INFO  server.session (HouseKeeper.java:startScavenging(132)) - node0 Scavenging every 660000ms
2025-04-17 16:40:24,595 [main] INFO  handler.ContextHandler (ContextHandler.java:doStart(921)) - Started o.e.j.s.ServletContextHandler@2dd1de65{logs,/logs,file:///home/runner/work/ozone/ozone/hadoop-ozone/integration-test/target/log,AVAILABLE}
2025-04-17 16:40:24,595 [main] INFO  handler.ContextHandler (ContextHandler.java:doStart(921)) - Started o.e.j.s.ServletContextHandler@f7269a2{static,/static,jar:file:/home/runner/work/ozone/ozone/hadoop-hdds/container-service/target/hdds-container-service-2.1.0-SNAPSHOT.jar!/webapps/static,AVAILABLE}
2025-04-17 16:40:24,746 [main] INFO  handler.ContextHandler (ContextHandler.java:doStart(921)) - Started o.e.j.w.WebAppContext@46b6e644{hddsDatanode,/,file:///home/runner/work/ozone/ozone/hadoop-ozone/integration-test/target/test-dir/MiniOzoneClusterImpl-26e726f8-5cec-4c14-bf14-45d4895febc0/ozone-meta/datanode-1/meta/webserver/jetty-0_0_0_0-15010-hdds-container-service-2_1_0-SNAPSHOT_jar-_-any-9002951962357609785/webapp/,AVAILABLE}{jar:file:/home/runner/work/ozone/ozone/hadoop-hdds/container-service/target/hdds-container-service-2.1.0-SNAPSHOT.jar!/webapps/hddsDatanode}
2025-04-17 16:40:24,747 [main] INFO  server.AbstractConnector (AbstractConnector.java:doStart(333)) - Started ServerConnector@6643c174{HTTP/1.1, (http/1.1)}{0.0.0.0:15010}
2025-04-17 16:40:24,747 [main] INFO  server.Server (Server.java:doStart(415)) - Started @10801ms
2025-04-17 16:40:24,747 [main] WARN  impl.MetricsSystemImpl (MetricsSystemImpl.java:register(279)) - Sink prometheus already exists!
2025-04-17 16:40:24,748 [main] INFO  http.BaseHttpServer (BaseHttpServer.java:updateConnectorAddress(360)) - HTTP server of hddsDatanode listening at http://0.0.0.0:15010
2025-04-17 16:40:24,750 [main] INFO  ipc.CallQueueManager (CallQueueManager.java:<init>(93)) - Using callQueue: class java.util.concurrent.LinkedBlockingQueue, queueCapacity: 1000, scheduler: class org.apache.hadoop.ipc.DefaultRpcScheduler, ipcBackoff: false, ipcFailOver: false.
2025-04-17 16:40:24,750 [main] INFO  ipc.Server (Server.java:<init>(1438)) - Listener at 0.0.0.0:15011
2025-04-17 16:40:24,751 [Socket Reader #1 for port 15011] INFO  ipc.Server (Server.java:run(1474)) - Starting Socket Reader #1 for port 15011
2025-04-17 16:40:24,751 [Socket Reader #2 for port 15011] INFO  ipc.Server (Server.java:run(1474)) - Starting Socket Reader #2 for port 15011
2025-04-17 16:40:24,751 [Socket Reader #3 for port 15011] INFO  ipc.Server (Server.java:run(1474)) - Starting Socket Reader #3 for port 15011
2025-04-17 16:40:24,752 [Socket Reader #4 for port 15011] INFO  ipc.Server (Server.java:run(1474)) - Starting Socket Reader #4 for port 15011
2025-04-17 16:40:24,752 [Socket Reader #5 for port 15011] INFO  ipc.Server (Server.java:run(1474)) - Starting Socket Reader #5 for port 15011
2025-04-17 16:40:24,752 [Socket Reader #6 for port 15011] INFO  ipc.Server (Server.java:run(1474)) - Starting Socket Reader #6 for port 15011
2025-04-17 16:40:24,752 [Socket Reader #7 for port 15011] INFO  ipc.Server (Server.java:run(1474)) - Starting Socket Reader #7 for port 15011
2025-04-17 16:40:24,753 [Socket Reader #8 for port 15011] INFO  ipc.Server (Server.java:run(1474)) - Starting Socket Reader #8 for port 15011
2025-04-17 16:40:24,753 [Socket Reader #9 for port 15011] INFO  ipc.Server (Server.java:run(1474)) - Starting Socket Reader #9 for port 15011
2025-04-17 16:40:24,753 [Socket Reader #10 for port 15011] INFO  ipc.Server (Server.java:run(1474)) - Starting Socket Reader #10 for port 15011
2025-04-17 16:40:24,756 [main] INFO  ozone.HddsDatanodeService (HddsDatanodeService.java:start(326)) - Datanode start with admins: [runner]
2025-04-17 16:40:24,756 [main] INFO  ozone.HddsDatanodeClientProtocolServer (HddsDatanodeClientProtocolServer.java:start(76)) - RPC server for Client /0.0.0.0:15011
2025-04-17 16:40:24,756 [IPC Server Responder] INFO  ipc.Server (Server.java:run(1713)) - IPC Server Responder: starting
2025-04-17 16:40:24,757 [IPC Server listener on 15011] INFO  ipc.Server (Server.java:run(1553)) - IPC Server listener on 15011: starting
2025-04-17 16:40:24,759 [main] WARN  dropwizard3.Dm3MetricRegistriesImpl (Dm3MetricRegistriesImpl.java:addReporterRegistration(114)) - New reporters are added after registries were created. Some metrics will be missing from the reporter. Please add reporter before adding any new registry.
2025-04-17 16:40:24,759 [main] WARN  dropwizard3.Dm3MetricRegistriesImpl (Dm3MetricRegistriesImpl.java:addReporterRegistration(114)) - New reporters are added after registries were created. Some metrics will be missing from the reporter. Please add reporter before adding any new registry.
2025-04-17 16:40:24,760 [main] INFO  impl.MetricsSystemImpl (MetricsSystemImpl.java:init(158)) - HddsDatanode metrics system started (again)
2025-04-17 16:40:24,763 [c825922c-8499-4d06-bbc0-08abc9a8124c-DatanodeStateMachineDaemonThread] INFO  statemachine.DatanodeStateMachine (DatanodeStateMachine.java:startStateMachineThread(340)) - Ozone container server started.
2025-04-17 16:40:24,777 [main] INFO  protocol.DatanodeDetails (DatanodeDetails.java:validateDatanodeIpAddress(199)) - Updating IP address of datanode 93cc9901-be1a-45f5-9681-0d93e627c426(fv-az1665-423.ifczmx5oewpevfcqsfqd21qzsa.ex.internal.cloudapp.net/null) to 10.1.0.98
2025-04-17 16:40:24,777 [main] INFO  ozone.HddsDatanodeService (HddsDatanodeService.java:start(235)) - HddsDatanodeService 93cc9901-be1a-45f5-9681-0d93e627c426(fv-az1665-423.ifczmx5oewpevfcqsfqd21qzsa.ex.internal.cloudapp.net/10.1.0.98)
2025-04-17 16:40:24,782 [main] INFO  upgrade.AbstractLayoutVersionManager (AbstractLayoutVersionManager.java:init(80)) - Initializing Layout version manager with metadata layout = HBASE_SUPPORT (version = 8), software layout = HBASE_SUPPORT (version = 8)
2025-04-17 16:40:24,783 [main] INFO  statemachine.DatanodeStateMachine (DatanodeStateMachine.java:getEndPointTaskThreadPoolSize(297)) - Datanode State Machine Task Thread Pool size 2
2025-04-17 16:40:24,789 [main] INFO  volume.HddsVolume (HddsVolume.java:<init>(141)) - HddsVolume: { id=DS-07bc965e-ada2-406e-998c-b4c6d921c5eb dir=/home/runner/work/ozone/ozone/hadoop-ozone/integration-test/target/test-dir/MiniOzoneClusterImpl-26e726f8-5cec-4c14-bf14-45d4895febc0/ozone-meta/datanode-2/data-0/hdds type=DISK capacity=9222449699674390527 used=0 available=9222449699674390527 minFree=5368709120 committed=0 }
2025-04-17 16:40:24,789 [main] INFO  volume.MutableVolumeSet (MutableVolumeSet.java:initializeVolumeSet(166)) - Added Volume : /home/runner/work/ozone/ozone/hadoop-ozone/integration-test/target/test-dir/MiniOzoneClusterImpl-26e726f8-5cec-4c14-bf14-45d4895febc0/ozone-meta/datanode-2/data-0/hdds to VolumeSet
2025-04-17 16:40:24,792 [main] INFO  volume.MutableVolumeSet (MutableVolumeSet.java:initializeVolumeSet(166)) - Added Volume : /home/runner/work/ozone/ozone/hadoop-ozone/integration-test/target/test-dir/MiniOzoneClusterImpl-26e726f8-5cec-4c14-bf14-45d4895febc0/ozone-meta/datanode-2/ratis to VolumeSet
2025-04-17 16:40:24,794 [main] INFO  ozoneimpl.OzoneContainer (HddsVolumeUtil.java:loadAllHddsVolumeDbStore(102)) - Load 1 volumes DbStore cost: 1ms
2025-04-17 16:40:24,794 [main] WARN  db.DBStoreBuilder (DBStoreBuilder.java:getDBDirPath(167)) - ozone.scm.datanode.id.dir is not configured. We recommend adding this setting. Falling back to ozone.metadata.dirs instead.
2025-04-17 16:40:24,798 [main] WARN  db.DBStoreBuilder (DBStoreBuilder.java:getDBDirPath(167)) - ozone.scm.datanode.id.dir is not configured. We recommend adding this setting. Falling back to ozone.metadata.dirs instead.
2025-04-17 16:40:24,816 [main] INFO  impl.FilePerChunkStrategy (FilePerChunkStrategy.java:<init>(79)) - ozone.chunk.read.mapped.buffer.max.count is load with 0
2025-04-17 16:40:24,816 [main] INFO  impl.FilePerBlockStrategy (FilePerBlockStrategy.java:<init>(87)) - ozone.chunk.read.mapped.buffer.max.count is load with 0
2025-04-17 16:40:24,817 [main] INFO  server.RaftServerConfigKeys (ConfUtils.java:logGet(46)) - raft.server.log.appender.buffer.byte-limit = 33554432 (custom)
2025-04-17 16:40:24,819 [main] INFO  server.RaftServer (ConfUtils.java:logGet(46)) - raft.rpc.type = GRPC (default)
2025-04-17 16:40:24,820 [main] INFO  grpc.GrpcConfigKeys (ConfUtils.java:logFallback(53)) - raft.grpc.admin.host = null (fallback to raft.grpc.server.host)
2025-04-17 16:40:24,820 [main] INFO  grpc.GrpcConfigKeys (ConfUtils.java:logGet(46)) - raft.grpc.admin.port = 15022 (custom)
2025-04-17 16:40:24,820 [main] INFO  grpc.GrpcConfigKeys (ConfUtils.java:logFallback(53)) - raft.grpc.client.host = null (fallback to raft.grpc.server.host)
2025-04-17 16:40:24,820 [main] INFO  grpc.GrpcConfigKeys (ConfUtils.java:logGet(46)) - raft.grpc.client.port = 15021 (custom)
2025-04-17 16:40:24,820 [main] INFO  grpc.GrpcConfigKeys (ConfUtils.java:logGet(46)) - raft.grpc.server.host = null (default)
2025-04-17 16:40:24,820 [main] INFO  grpc.GrpcConfigKeys (ConfUtils.java:logGet(46)) - raft.grpc.server.port = 15023 (custom)
2025-04-17 16:40:24,820 [main] INFO  server.GrpcService (ConfUtils.java:logGet(46)) - raft.grpc.message.size.max = 34603008 (custom)
2025-04-17 16:40:24,821 [main] INFO  server.GrpcService (ConfUtils.java:logGet(46)) - raft.grpc.flow.control.window = 5MB (=5242880) (custom)
2025-04-17 16:40:24,821 [main] INFO  server.RaftServerConfigKeys (ConfUtils.java:logGet(46)) - raft.server.rpc.request.timeout = 60s (custom)
2025-04-17 16:40:24,821 [main] INFO  grpc.GrpcConfigKeys (ConfUtils.java:logGet(46)) - raft.grpc.server.heartbeat.channel = true (default)
2025-04-17 16:40:24,821 [main] INFO  server.RaftServerConfigKeys (ConfUtils.java:logGet(46)) - raft.server.log.appender.buffer.byte-limit = 33554432 (custom)
2025-04-17 16:40:24,821 [main] INFO  grpc.GrpcConfigKeys (ConfUtils.java:logGet(46)) - raft.grpc.server.async.request.thread.pool.cached = true (default)
2025-04-17 16:40:24,821 [main] INFO  grpc.GrpcConfigKeys (ConfUtils.java:logGet(46)) - raft.grpc.server.async.request.thread.pool.size = 32 (default)
2025-04-17 16:40:24,823 [main] INFO  impl.DataStreamServerImpl (ConfUtils.java:logGet(46)) - raft.datastream.type = NETTY (custom)
2025-04-17 16:40:24,823 [main] INFO  server.RaftServerConfigKeys (ConfUtils.java:logGet(46)) - raft.server.data-stream.async.request.thread.pool.cached = false (default)
2025-04-17 16:40:24,823 [main] INFO  server.RaftServerConfigKeys (ConfUtils.java:logGet(46)) - raft.server.data-stream.async.request.thread.pool.size = 20 (custom)
2025-04-17 16:40:24,823 [main] INFO  server.RaftServerConfigKeys (ConfUtils.java:logGet(46)) - raft.server.data-stream.async.write.thread.pool.size = 16 (default)
2025-04-17 16:40:24,824 [main] INFO  netty.NettyConfigKeys$DataStream (ConfUtils.java:logGet(46)) - raft.netty.dataStream.server.channel.inactive.grace-period = 10min (default)
2025-04-17 16:40:24,824 [main] INFO  server.RaftServerConfigKeys (ConfUtils.java:logGet(46)) - raft.server.data-stream.client.pool.size = 10 (default)
2025-04-17 16:40:24,824 [main] INFO  netty.NettyConfigKeys$DataStream (ConfUtils.java:logGet(46)) - raft.netty.dataStream.server.use-epoll = true (default)
2025-04-17 16:40:24,824 [main] INFO  netty.NettyConfigKeys$DataStream (ConfUtils.java:logGet(46)) - raft.netty.dataStream.server.boss-group.size = 0 (default)
2025-04-17 16:40:24,824 [main] INFO  netty.NettyUtils (NettyUtils.java:newEventLoopGroup(74)) - Create EpollEventLoopGroup for 93cc9901-be1a-45f5-9681-0d93e627c426-NettyServerStreamRpc-bossGroup; Thread size is 0.
2025-04-17 16:40:24,825 [main] INFO  netty.NettyConfigKeys$DataStream (ConfUtils.java:logGet(46)) - raft.netty.dataStream.server.worker-group.size = 0 (default)
2025-04-17 16:40:24,825 [main] INFO  netty.NettyUtils (NettyUtils.java:newEventLoopGroup(74)) - Create EpollEventLoopGroup for 93cc9901-be1a-45f5-9681-0d93e627c426-NettyServerStreamRpc-workerGroup; Thread size is 0.
2025-04-17 16:40:24,826 [main] INFO  netty.NettyConfigKeys$DataStream (ConfUtils.java:logGet(46)) - raft.netty.dataStream.server.tls.conf = null (default)
2025-04-17 16:40:24,826 [main] INFO  netty.NettyConfigKeys$DataStream (ConfUtils.java:logGet(46)) - raft.netty.dataStream.host = null (default)
2025-04-17 16:40:24,826 [main] INFO  netty.NettyConfigKeys$DataStream (ConfUtils.java:logGet(46)) - raft.netty.dataStream.port = 15024 (custom)
2025-04-17 16:40:24,827 [main] INFO  server.RaftServerConfigKeys (ConfUtils.java:logGet(46)) - raft.server.sleep.deviation.threshold = 300ms (default)
2025-04-17 16:40:24,827 [main] INFO  server.RaftServerConfigKeys (ConfUtils.java:logGet(46)) - raft.server.close.threshold = 60s (default)
2025-04-17 16:40:24,827 [main] INFO  server.RaftServerConfigKeys (ConfUtils.java:logGet(46)) - raft.server.leaderelection.leader.step-down.wait-time = 10s (default)
2025-04-17 16:40:24,827 [main] INFO  server.RaftServerConfigKeys (ConfUtils.java:logGet(46)) - raft.server.storage.dir = [/home/runner/work/ozone/ozone/hadoop-ozone/integration-test/target/test-dir/MiniOzoneClusterImpl-26e726f8-5cec-4c14-bf14-45d4895febc0/ozone-meta/datanode-2/ratis] (custom)
2025-04-17 16:40:24,828 [main] INFO  server.RaftServerConfigKeys (ConfUtils.java:logGet(46)) - raft.server.threadpool.proxy.cached = true (default)
2025-04-17 16:40:24,828 [main] INFO  server.RaftServerConfigKeys (ConfUtils.java:logGet(46)) - raft.server.threadpool.proxy.size = 0 (default)
2025-04-17 16:40:24,828 [93cc9901-be1a-45f5-9681-0d93e627c426-NettyServerStreamRpc-bossGroup--thread1] INFO  logging.LoggingHandler (AbstractInternalLogger.java:log(148)) - [id: 0xbcace9bb] REGISTERED
2025-04-17 16:40:24,828 [93cc9901-be1a-45f5-9681-0d93e627c426-NettyServerStreamRpc-bossGroup--thread1] INFO  logging.LoggingHandler (AbstractInternalLogger.java:log(148)) - [id: 0xbcace9bb] BIND: 0.0.0.0/0.0.0.0:15024
2025-04-17 16:40:24,829 [93cc9901-be1a-45f5-9681-0d93e627c426-NettyServerStreamRpc-bossGroup--thread1] INFO  logging.LoggingHandler (AbstractInternalLogger.java:log(148)) - [id: 0xbcace9bb, L:/0.0.0.0:15024] ACTIVE
2025-04-17 16:40:24,829 [93cc9901-be1a-45f5-9681-0d93e627c426-impl-thread1] INFO  server.RaftServer (RaftServerProxy.java:initGroupDir(265)) - 93cc9901-be1a-45f5-9681-0d93e627c426: found a subdirectory /home/runner/work/ozone/ozone/hadoop-ozone/integration-test/target/test-dir/MiniOzoneClusterImpl-26e726f8-5cec-4c14-bf14-45d4895febc0/ozone-meta/datanode-2/ratis/tmp
2025-04-17 16:40:24,829 [c825922c-8499-4d06-bbc0-08abc9a8124c-DatanodeStateMachineTaskThread-0] INFO  datanode.InitDatanodeState (InitDatanodeState.java:persistContainerDatanodeDetails(139)) - DatanodeDetails is persisted to /home/runner/work/ozone/ozone/hadoop-ozone/integration-test/target/test-dir/MiniOzoneClusterImpl-26e726f8-5cec-4c14-bf14-45d4895febc0/ozone-meta/datanode-1/meta/datanode.id
2025-04-17 16:40:24,829 [93cc9901-be1a-45f5-9681-0d93e627c426-impl-thread1] INFO  server.RaftServer (RaftServerProxy.java:initGroupDir(270)) - 93cc9901-be1a-45f5-9681-0d93e627c426: The directory /home/runner/work/ozone/ozone/hadoop-ozone/integration-test/target/test-dir/MiniOzoneClusterImpl-26e726f8-5cec-4c14-bf14-45d4895febc0/ozone-meta/datanode-2/ratis/tmp is not a group directory; ignoring it. 
2025-04-17 16:40:24,830 [main] INFO  replication.ReplicationServer (ReplicationServer.java:<init>(84)) - Initializing replication server with thread count = 10 queue length = 4096
2025-04-17 16:40:24,831 [main] INFO  server.XceiverServerGrpc (XceiverServerGrpc.java:<init>(131)) - GrpcServer channel type EpollServerSocketChannel
2025-04-17 16:40:24,833 [main] INFO  replication.ReplicationSupervisor (ReplicationSupervisor.java:build(169)) - Initializing replication supervisor with thread count = 10
2025-04-17 16:40:24,833 [main] INFO  replication.ReplicationSupervisor (ReplicationSupervisor.java:nodeStateUpdated(358)) - Node state updated to IN_SERVICE, scaling executor pool size to 10
2025-04-17 16:40:24,837 [main] INFO  http.BaseHttpServer (BaseHttpServer.java:newHttpServer2BuilderForOzone(229)) - Starting Web-server for hddsDatanode at: http://0.0.0.0:15018
2025-04-17 16:40:24,837 [main] INFO  http.BaseHttpServer (BaseHttpServer.java:<init>(107)) - Hadoop Security Enabled: false Ozone Security Enabled: false Ozone HTTP Security Enabled: false 
2025-04-17 16:40:24,839 [main] WARN  server.AuthenticationFilter (AuthenticationFilter.java:constructSecretProvider(240)) - Unable to initialize FileSignerSecretProvider, falling back to use random secrets. Reason: Could not read signature secret file: /home/runner/hadoop-http-auth-signature-secret
2025-04-17 16:40:24,842 [main] INFO  http.HttpServer2 (HttpServer2.java:addGlobalFilter(1041)) - Added global filter 'safety' (class=org.apache.hadoop.hdds.server.http.HttpServer2$QuotingInputFilter)
2025-04-17 16:40:24,843 [main] INFO  http.HttpServer2 (HttpServer2.java:addFilter(1017)) - Added filter static_user_filter (class=org.apache.hadoop.http.lib.StaticUserWebFilter$StaticUserFilter) to context hddsDatanode
2025-04-17 16:40:24,844 [main] INFO  http.HttpServer2 (HttpServer2.java:addFilter(1025)) - Added filter static_user_filter (class=org.apache.hadoop.http.lib.StaticUserWebFilter$StaticUserFilter) to context logs
2025-04-17 16:40:24,844 [main] INFO  http.HttpServer2 (HttpServer2.java:addFilter(1025)) - Added filter static_user_filter (class=org.apache.hadoop.http.lib.StaticUserWebFilter$StaticUserFilter) to context static
2025-04-17 16:40:24,845 [main] INFO  http.BaseHttpServer (BaseHttpServer.java:<init>(195)) - HTTP server of hddsDatanode uses base directory /home/runner/work/ozone/ozone/hadoop-ozone/integration-test/target/test-dir/MiniOzoneClusterImpl-26e726f8-5cec-4c14-bf14-45d4895febc0/ozone-meta/datanode-2/meta/webserver
2025-04-17 16:40:24,845 [main] INFO  http.HttpServer2 (HttpServer2.java:bindListener(1241)) - Jetty bound to port 15018
2025-04-17 16:40:24,845 [main] INFO  server.Server (Server.java:doStart(375)) - jetty-9.4.57.v20241219; built: 2025-01-08T21:24:30.412Z; git: df524e6b29271c2e09ba9aea83c18dc9db464a31; jvm 21.0.6+7-LTS
2025-04-17 16:40:24,846 [main] INFO  server.session (DefaultSessionIdManager.java:doStart(334)) - DefaultSessionIdManager workerName=node0
2025-04-17 16:40:24,847 [main] INFO  server.session (DefaultSessionIdManager.java:doStart(339)) - No SessionScavenger set, using defaults
2025-04-17 16:40:24,847 [main] INFO  server.session (HouseKeeper.java:startScavenging(132)) - node0 Scavenging every 600000ms
2025-04-17 16:40:24,847 [main] INFO  handler.ContextHandler (ContextHandler.java:doStart(921)) - Started o.e.j.s.ServletContextHandler@6d2d7a55{logs,/logs,file:///home/runner/work/ozone/ozone/hadoop-ozone/integration-test/target/log,AVAILABLE}
2025-04-17 16:40:24,848 [main] INFO  handler.ContextHandler (ContextHandler.java:doStart(921)) - Started o.e.j.s.ServletContextHandler@22a52fa8{static,/static,jar:file:/home/runner/work/ozone/ozone/hadoop-hdds/container-service/target/hdds-container-service-2.1.0-SNAPSHOT.jar!/webapps/static,AVAILABLE}
2025-04-17 16:40:24,992 [main] INFO  handler.ContextHandler (ContextHandler.java:doStart(921)) - Started o.e.j.w.WebAppContext@7ec6cb51{hddsDatanode,/,file:///home/runner/work/ozone/ozone/hadoop-ozone/integration-test/target/test-dir/MiniOzoneClusterImpl-26e726f8-5cec-4c14-bf14-45d4895febc0/ozone-meta/datanode-2/meta/webserver/jetty-0_0_0_0-15018-hdds-container-service-2_1_0-SNAPSHOT_jar-_-any-7040099075842191847/webapp/,AVAILABLE}{jar:file:/home/runner/work/ozone/ozone/hadoop-hdds/container-service/target/hdds-container-service-2.1.0-SNAPSHOT.jar!/webapps/hddsDatanode}
2025-04-17 16:40:24,992 [main] INFO  server.AbstractConnector (AbstractConnector.java:doStart(333)) - Started ServerConnector@7b61b614{HTTP/1.1, (http/1.1)}{0.0.0.0:15018}
2025-04-17 16:40:24,993 [main] INFO  server.Server (Server.java:doStart(415)) - Started @11046ms
2025-04-17 16:40:24,993 [main] WARN  impl.MetricsSystemImpl (MetricsSystemImpl.java:register(279)) - Sink prometheus already exists!
2025-04-17 16:40:24,993 [main] INFO  http.BaseHttpServer (BaseHttpServer.java:updateConnectorAddress(360)) - HTTP server of hddsDatanode listening at http://0.0.0.0:15018
2025-04-17 16:40:24,994 [main] INFO  ipc.CallQueueManager (CallQueueManager.java:<init>(93)) - Using callQueue: class java.util.concurrent.LinkedBlockingQueue, queueCapacity: 1000, scheduler: class org.apache.hadoop.ipc.DefaultRpcScheduler, ipcBackoff: false, ipcFailOver: false.
2025-04-17 16:40:24,994 [main] INFO  ipc.Server (Server.java:<init>(1438)) - Listener at 0.0.0.0:15019
2025-04-17 16:40:24,994 [Socket Reader #1 for port 15019] INFO  ipc.Server (Server.java:run(1474)) - Starting Socket Reader #1 for port 15019
2025-04-17 16:40:24,995 [Socket Reader #2 for port 15019] INFO  ipc.Server (Server.java:run(1474)) - Starting Socket Reader #2 for port 15019
2025-04-17 16:40:24,995 [Socket Reader #3 for port 15019] INFO  ipc.Server (Server.java:run(1474)) - Starting Socket Reader #3 for port 15019
2025-04-17 16:40:24,995 [Socket Reader #4 for port 15019] INFO  ipc.Server (Server.java:run(1474)) - Starting Socket Reader #4 for port 15019
2025-04-17 16:40:24,995 [Socket Reader #5 for port 15019] INFO  ipc.Server (Server.java:run(1474)) - Starting Socket Reader #5 for port 15019
2025-04-17 16:40:24,996 [Socket Reader #6 for port 15019] INFO  ipc.Server (Server.java:run(1474)) - Starting Socket Reader #6 for port 15019
2025-04-17 16:40:24,996 [Socket Reader #7 for port 15019] INFO  ipc.Server (Server.java:run(1474)) - Starting Socket Reader #7 for port 15019
2025-04-17 16:40:24,996 [Socket Reader #8 for port 15019] INFO  ipc.Server (Server.java:run(1474)) - Starting Socket Reader #8 for port 15019
2025-04-17 16:40:24,996 [Socket Reader #9 for port 15019] INFO  ipc.Server (Server.java:run(1474)) - Starting Socket Reader #9 for port 15019
2025-04-17 16:40:24,996 [Socket Reader #10 for port 15019] INFO  ipc.Server (Server.java:run(1474)) - Starting Socket Reader #10 for port 15019
2025-04-17 16:40:24,999 [main] INFO  ozone.HddsDatanodeService (HddsDatanodeService.java:start(326)) - Datanode start with admins: [runner]
2025-04-17 16:40:24,999 [main] INFO  ozone.HddsDatanodeClientProtocolServer (HddsDatanodeClientProtocolServer.java:start(76)) - RPC server for Client /0.0.0.0:15019
2025-04-17 16:40:24,999 [IPC Server Responder] INFO  ipc.Server (Server.java:run(1713)) - IPC Server Responder: starting
2025-04-17 16:40:24,999 [IPC Server listener on 15019] INFO  ipc.Server (Server.java:run(1553)) - IPC Server listener on 15019: starting
2025-04-17 16:40:25,001 [main] WARN  dropwizard3.Dm3MetricRegistriesImpl (Dm3MetricRegistriesImpl.java:addReporterRegistration(114)) - New reporters are added after registries were created. Some metrics will be missing from the reporter. Please add reporter before adding any new registry.
2025-04-17 16:40:25,001 [main] WARN  dropwizard3.Dm3MetricRegistriesImpl (Dm3MetricRegistriesImpl.java:addReporterRegistration(114)) - New reporters are added after registries were created. Some metrics will be missing from the reporter. Please add reporter before adding any new registry.
2025-04-17 16:40:25,001 [main] INFO  impl.MetricsSystemImpl (MetricsSystemImpl.java:init(158)) - HddsDatanode metrics system started (again)
2025-04-17 16:40:25,008 [93cc9901-be1a-45f5-9681-0d93e627c426-DatanodeStateMachineDaemonThread] INFO  statemachine.DatanodeStateMachine (DatanodeStateMachine.java:startStateMachineThread(340)) - Ozone container server started.
2025-04-17 16:40:25,014 [93cc9901-be1a-45f5-9681-0d93e627c426-DatanodeStateMachineTaskThread-0] INFO  datanode.InitDatanodeState (InitDatanodeState.java:persistContainerDatanodeDetails(139)) - DatanodeDetails is persisted to /home/runner/work/ozone/ozone/hadoop-ozone/integration-test/target/test-dir/MiniOzoneClusterImpl-26e726f8-5cec-4c14-bf14-45d4895febc0/ozone-meta/datanode-2/meta/datanode.id
2025-04-17 16:40:25,017 [main] INFO  protocol.DatanodeDetails (DatanodeDetails.java:validateDatanodeIpAddress(199)) - Updating IP address of datanode a6bf55e3-38e4-411e-ac0b-5acdb6a35656(fv-az1665-423.ifczmx5oewpevfcqsfqd21qzsa.ex.internal.cloudapp.net/null) to 10.1.0.98
2025-04-17 16:40:25,017 [main] INFO  ozone.HddsDatanodeService (HddsDatanodeService.java:start(235)) - HddsDatanodeService a6bf55e3-38e4-411e-ac0b-5acdb6a35656(fv-az1665-423.ifczmx5oewpevfcqsfqd21qzsa.ex.internal.cloudapp.net/10.1.0.98)
2025-04-17 16:40:25,020 [main] INFO  upgrade.AbstractLayoutVersionManager (AbstractLayoutVersionManager.java:init(80)) - Initializing Layout version manager with metadata layout = HBASE_SUPPORT (version = 8), software layout = HBASE_SUPPORT (version = 8)
2025-04-17 16:40:25,021 [main] INFO  statemachine.DatanodeStateMachine (DatanodeStateMachine.java:getEndPointTaskThreadPoolSize(297)) - Datanode State Machine Task Thread Pool size 2
2025-04-17 16:40:25,024 [main] INFO  volume.HddsVolume (HddsVolume.java:<init>(141)) - HddsVolume: { id=DS-9c642224-cf52-4bed-b791-868eca6e6121 dir=/home/runner/work/ozone/ozone/hadoop-ozone/integration-test/target/test-dir/MiniOzoneClusterImpl-26e726f8-5cec-4c14-bf14-45d4895febc0/ozone-meta/datanode-3/data-0/hdds type=DISK capacity=9222449699674390527 used=0 available=9222449699674390527 minFree=5368709120 committed=0 }
2025-04-17 16:40:25,024 [main] INFO  volume.MutableVolumeSet (MutableVolumeSet.java:initializeVolumeSet(166)) - Added Volume : /home/runner/work/ozone/ozone/hadoop-ozone/integration-test/target/test-dir/MiniOzoneClusterImpl-26e726f8-5cec-4c14-bf14-45d4895febc0/ozone-meta/datanode-3/data-0/hdds to VolumeSet
2025-04-17 16:40:25,025 [main] INFO  volume.MutableVolumeSet (MutableVolumeSet.java:initializeVolumeSet(166)) - Added Volume : /home/runner/work/ozone/ozone/hadoop-ozone/integration-test/target/test-dir/MiniOzoneClusterImpl-26e726f8-5cec-4c14-bf14-45d4895febc0/ozone-meta/datanode-3/ratis to VolumeSet
2025-04-17 16:40:25,026 [main] INFO  ozoneimpl.OzoneContainer (HddsVolumeUtil.java:loadAllHddsVolumeDbStore(102)) - Load 1 volumes DbStore cost: 0ms
2025-04-17 16:40:25,026 [main] WARN  db.DBStoreBuilder (DBStoreBuilder.java:getDBDirPath(167)) - ozone.scm.datanode.id.dir is not configured. We recommend adding this setting. Falling back to ozone.metadata.dirs instead.
2025-04-17 16:40:25,027 [main] WARN  db.DBStoreBuilder (DBStoreBuilder.java:getDBDirPath(167)) - ozone.scm.datanode.id.dir is not configured. We recommend adding this setting. Falling back to ozone.metadata.dirs instead.
2025-04-17 16:40:25,043 [main] INFO  impl.FilePerChunkStrategy (FilePerChunkStrategy.java:<init>(79)) - ozone.chunk.read.mapped.buffer.max.count is load with 0
2025-04-17 16:40:25,043 [main] INFO  impl.FilePerBlockStrategy (FilePerBlockStrategy.java:<init>(87)) - ozone.chunk.read.mapped.buffer.max.count is load with 0
2025-04-17 16:40:25,044 [main] INFO  server.RaftServerConfigKeys (ConfUtils.java:logGet(46)) - raft.server.log.appender.buffer.byte-limit = 33554432 (custom)
2025-04-17 16:40:25,046 [main] INFO  server.RaftServer (ConfUtils.java:logGet(46)) - raft.rpc.type = GRPC (default)
2025-04-17 16:40:25,046 [main] INFO  grpc.GrpcConfigKeys (ConfUtils.java:logFallback(53)) - raft.grpc.admin.host = null (fallback to raft.grpc.server.host)
2025-04-17 16:40:25,046 [main] INFO  grpc.GrpcConfigKeys (ConfUtils.java:logGet(46)) - raft.grpc.admin.port = 15030 (custom)
2025-04-17 16:40:25,046 [main] INFO  grpc.GrpcConfigKeys (ConfUtils.java:logFallback(53)) - raft.grpc.client.host = null (fallback to raft.grpc.server.host)
2025-04-17 16:40:25,046 [main] INFO  grpc.GrpcConfigKeys (ConfUtils.java:logGet(46)) - raft.grpc.client.port = 15029 (custom)
2025-04-17 16:40:25,047 [main] INFO  grpc.GrpcConfigKeys (ConfUtils.java:logGet(46)) - raft.grpc.server.host = null (default)
2025-04-17 16:40:25,047 [main] INFO  grpc.GrpcConfigKeys (ConfUtils.java:logGet(46)) - raft.grpc.server.port = 15031 (custom)
2025-04-17 16:40:25,047 [main] INFO  server.GrpcService (ConfUtils.java:logGet(46)) - raft.grpc.message.size.max = 34603008 (custom)
2025-04-17 16:40:25,047 [main] INFO  server.GrpcService (ConfUtils.java:logGet(46)) - raft.grpc.flow.control.window = 5MB (=5242880) (custom)
2025-04-17 16:40:25,047 [main] INFO  server.RaftServerConfigKeys (ConfUtils.java:logGet(46)) - raft.server.rpc.request.timeout = 60s (custom)
2025-04-17 16:40:25,047 [main] INFO  grpc.GrpcConfigKeys (ConfUtils.java:logGet(46)) - raft.grpc.server.heartbeat.channel = true (default)
2025-04-17 16:40:25,047 [main] INFO  server.RaftServerConfigKeys (ConfUtils.java:logGet(46)) - raft.server.log.appender.buffer.byte-limit = 33554432 (custom)
2025-04-17 16:40:25,047 [main] INFO  grpc.GrpcConfigKeys (ConfUtils.java:logGet(46)) - raft.grpc.server.async.request.thread.pool.cached = true (default)
2025-04-17 16:40:25,048 [main] INFO  grpc.GrpcConfigKeys (ConfUtils.java:logGet(46)) - raft.grpc.server.async.request.thread.pool.size = 32 (default)
2025-04-17 16:40:25,049 [main] INFO  impl.DataStreamServerImpl (ConfUtils.java:logGet(46)) - raft.datastream.type = NETTY (custom)
2025-04-17 16:40:25,050 [main] INFO  server.RaftServerConfigKeys (ConfUtils.java:logGet(46)) - raft.server.data-stream.async.request.thread.pool.cached = false (default)
2025-04-17 16:40:25,050 [main] INFO  server.RaftServerConfigKeys (ConfUtils.java:logGet(46)) - raft.server.data-stream.async.request.thread.pool.size = 20 (custom)
2025-04-17 16:40:25,050 [main] INFO  server.RaftServerConfigKeys (ConfUtils.java:logGet(46)) - raft.server.data-stream.async.write.thread.pool.size = 16 (default)
2025-04-17 16:40:25,050 [main] INFO  netty.NettyConfigKeys$DataStream (ConfUtils.java:logGet(46)) - raft.netty.dataStream.server.channel.inactive.grace-period = 10min (default)
2025-04-17 16:40:25,050 [main] INFO  server.RaftServerConfigKeys (ConfUtils.java:logGet(46)) - raft.server.data-stream.client.pool.size = 10 (default)
2025-04-17 16:40:25,050 [main] INFO  netty.NettyConfigKeys$DataStream (ConfUtils.java:logGet(46)) - raft.netty.dataStream.server.use-epoll = true (default)
2025-04-17 16:40:25,050 [main] INFO  netty.NettyConfigKeys$DataStream (ConfUtils.java:logGet(46)) - raft.netty.dataStream.server.boss-group.size = 0 (default)
2025-04-17 16:40:25,051 [main] INFO  netty.NettyUtils (NettyUtils.java:newEventLoopGroup(74)) - Create EpollEventLoopGroup for a6bf55e3-38e4-411e-ac0b-5acdb6a35656-NettyServerStreamRpc-bossGroup; Thread size is 0.
2025-04-17 16:40:25,051 [main] INFO  netty.NettyConfigKeys$DataStream (ConfUtils.java:logGet(46)) - raft.netty.dataStream.server.worker-group.size = 0 (default)
2025-04-17 16:40:25,051 [main] INFO  netty.NettyUtils (NettyUtils.java:newEventLoopGroup(74)) - Create EpollEventLoopGroup for a6bf55e3-38e4-411e-ac0b-5acdb6a35656-NettyServerStreamRpc-workerGroup; Thread size is 0.
2025-04-17 16:40:25,052 [main] INFO  netty.NettyConfigKeys$DataStream (ConfUtils.java:logGet(46)) - raft.netty.dataStream.server.tls.conf = null (default)
2025-04-17 16:40:25,052 [main] INFO  netty.NettyConfigKeys$DataStream (ConfUtils.java:logGet(46)) - raft.netty.dataStream.host = null (default)
2025-04-17 16:40:25,052 [main] INFO  netty.NettyConfigKeys$DataStream (ConfUtils.java:logGet(46)) - raft.netty.dataStream.port = 15032 (custom)
2025-04-17 16:40:25,053 [main] INFO  server.RaftServerConfigKeys (ConfUtils.java:logGet(46)) - raft.server.sleep.deviation.threshold = 300ms (default)
2025-04-17 16:40:25,053 [main] INFO  server.RaftServerConfigKeys (ConfUtils.java:logGet(46)) - raft.server.close.threshold = 60s (default)
2025-04-17 16:40:25,053 [main] INFO  server.RaftServerConfigKeys (ConfUtils.java:logGet(46)) - raft.server.leaderelection.leader.step-down.wait-time = 10s (default)
2025-04-17 16:40:25,053 [main] INFO  server.RaftServerConfigKeys (ConfUtils.java:logGet(46)) - raft.server.storage.dir = [/home/runner/work/ozone/ozone/hadoop-ozone/integration-test/target/test-dir/MiniOzoneClusterImpl-26e726f8-5cec-4c14-bf14-45d4895febc0/ozone-meta/datanode-3/ratis] (custom)
2025-04-17 16:40:25,053 [main] INFO  server.RaftServerConfigKeys (ConfUtils.java:logGet(46)) - raft.server.threadpool.proxy.cached = true (default)
2025-04-17 16:40:25,054 [main] INFO  server.RaftServerConfigKeys (ConfUtils.java:logGet(46)) - raft.server.threadpool.proxy.size = 0 (default)
2025-04-17 16:40:25,054 [a6bf55e3-38e4-411e-ac0b-5acdb6a35656-NettyServerStreamRpc-bossGroup--thread1] INFO  logging.LoggingHandler (AbstractInternalLogger.java:log(148)) - [id: 0x9002918b] REGISTERED
2025-04-17 16:40:25,054 [a6bf55e3-38e4-411e-ac0b-5acdb6a35656-NettyServerStreamRpc-bossGroup--thread1] INFO  logging.LoggingHandler (AbstractInternalLogger.java:log(148)) - [id: 0x9002918b] BIND: 0.0.0.0/0.0.0.0:15032
2025-04-17 16:40:25,054 [a6bf55e3-38e4-411e-ac0b-5acdb6a35656-NettyServerStreamRpc-bossGroup--thread1] INFO  logging.LoggingHandler (AbstractInternalLogger.java:log(148)) - [id: 0x9002918b, L:/0.0.0.0:15032] ACTIVE
2025-04-17 16:40:25,055 [a6bf55e3-38e4-411e-ac0b-5acdb6a35656-impl-thread1] INFO  server.RaftServer (RaftServerProxy.java:initGroupDir(265)) - a6bf55e3-38e4-411e-ac0b-5acdb6a35656: found a subdirectory /home/runner/work/ozone/ozone/hadoop-ozone/integration-test/target/test-dir/MiniOzoneClusterImpl-26e726f8-5cec-4c14-bf14-45d4895febc0/ozone-meta/datanode-3/ratis/tmp
2025-04-17 16:40:25,056 [a6bf55e3-38e4-411e-ac0b-5acdb6a35656-impl-thread1] INFO  server.RaftServer (RaftServerProxy.java:initGroupDir(270)) - a6bf55e3-38e4-411e-ac0b-5acdb6a35656: The directory /home/runner/work/ozone/ozone/hadoop-ozone/integration-test/target/test-dir/MiniOzoneClusterImpl-26e726f8-5cec-4c14-bf14-45d4895febc0/ozone-meta/datanode-3/ratis/tmp is not a group directory; ignoring it. 
2025-04-17 16:40:25,056 [main] INFO  replication.ReplicationServer (ReplicationServer.java:<init>(84)) - Initializing replication server with thread count = 10 queue length = 4096
2025-04-17 16:40:25,057 [main] INFO  server.XceiverServerGrpc (XceiverServerGrpc.java:<init>(131)) - GrpcServer channel type EpollServerSocketChannel
2025-04-17 16:40:25,059 [main] INFO  replication.ReplicationSupervisor (ReplicationSupervisor.java:build(169)) - Initializing replication supervisor with thread count = 10
2025-04-17 16:40:25,059 [main] INFO  replication.ReplicationSupervisor (ReplicationSupervisor.java:nodeStateUpdated(358)) - Node state updated to IN_SERVICE, scaling executor pool size to 10
2025-04-17 16:40:25,062 [main] INFO  http.BaseHttpServer (BaseHttpServer.java:newHttpServer2BuilderForOzone(229)) - Starting Web-server for hddsDatanode at: http://0.0.0.0:15026
2025-04-17 16:40:25,062 [main] INFO  http.BaseHttpServer (BaseHttpServer.java:<init>(107)) - Hadoop Security Enabled: false Ozone Security Enabled: false Ozone HTTP Security Enabled: false 
2025-04-17 16:40:25,064 [main] WARN  server.AuthenticationFilter (AuthenticationFilter.java:constructSecretProvider(240)) - Unable to initialize FileSignerSecretProvider, falling back to use random secrets. Reason: Could not read signature secret file: /home/runner/hadoop-http-auth-signature-secret
2025-04-17 16:40:25,066 [main] INFO  http.HttpServer2 (HttpServer2.java:addGlobalFilter(1041)) - Added global filter 'safety' (class=org.apache.hadoop.hdds.server.http.HttpServer2$QuotingInputFilter)
2025-04-17 16:40:25,067 [main] INFO  http.HttpServer2 (HttpServer2.java:addFilter(1017)) - Added filter static_user_filter (class=org.apache.hadoop.http.lib.StaticUserWebFilter$StaticUserFilter) to context hddsDatanode
2025-04-17 16:40:25,067 [main] INFO  http.HttpServer2 (HttpServer2.java:addFilter(1025)) - Added filter static_user_filter (class=org.apache.hadoop.http.lib.StaticUserWebFilter$StaticUserFilter) to context static
2025-04-17 16:40:25,067 [main] INFO  http.HttpServer2 (HttpServer2.java:addFilter(1025)) - Added filter static_user_filter (class=org.apache.hadoop.http.lib.StaticUserWebFilter$StaticUserFilter) to context logs
2025-04-17 16:40:25,068 [main] INFO  http.BaseHttpServer (BaseHttpServer.java:<init>(195)) - HTTP server of hddsDatanode uses base directory /home/runner/work/ozone/ozone/hadoop-ozone/integration-test/target/test-dir/MiniOzoneClusterImpl-26e726f8-5cec-4c14-bf14-45d4895febc0/ozone-meta/datanode-3/meta/webserver
2025-04-17 16:40:25,068 [main] INFO  http.HttpServer2 (HttpServer2.java:bindListener(1241)) - Jetty bound to port 15026
2025-04-17 16:40:25,068 [main] INFO  server.Server (Server.java:doStart(375)) - jetty-9.4.57.v20241219; built: 2025-01-08T21:24:30.412Z; git: df524e6b29271c2e09ba9aea83c18dc9db464a31; jvm 21.0.6+7-LTS
2025-04-17 16:40:25,071 [main] INFO  server.session (DefaultSessionIdManager.java:doStart(334)) - DefaultSessionIdManager workerName=node0
2025-04-17 16:40:25,071 [main] INFO  server.session (DefaultSessionIdManager.java:doStart(339)) - No SessionScavenger set, using defaults
2025-04-17 16:40:25,071 [main] INFO  server.session (HouseKeeper.java:startScavenging(132)) - node0 Scavenging every 600000ms
2025-04-17 16:40:25,072 [main] INFO  handler.ContextHandler (ContextHandler.java:doStart(921)) - Started o.e.j.s.ServletContextHandler@7f26f394{logs,/logs,file:///home/runner/work/ozone/ozone/hadoop-ozone/integration-test/target/log,AVAILABLE}
2025-04-17 16:40:25,073 [main] INFO  handler.ContextHandler (ContextHandler.java:doStart(921)) - Started o.e.j.s.ServletContextHandler@5dd12d01{static,/static,jar:file:/home/runner/work/ozone/ozone/hadoop-hdds/container-service/target/hdds-container-service-2.1.0-SNAPSHOT.jar!/webapps/static,AVAILABLE}
2025-04-17 16:40:25,220 [main] INFO  handler.ContextHandler (ContextHandler.java:doStart(921)) - Started o.e.j.w.WebAppContext@62dd8ce7{hddsDatanode,/,file:///home/runner/work/ozone/ozone/hadoop-ozone/integration-test/target/test-dir/MiniOzoneClusterImpl-26e726f8-5cec-4c14-bf14-45d4895febc0/ozone-meta/datanode-3/meta/webserver/jetty-0_0_0_0-15026-hdds-container-service-2_1_0-SNAPSHOT_jar-_-any-14887308872888888649/webapp/,AVAILABLE}{jar:file:/home/runner/work/ozone/ozone/hadoop-hdds/container-service/target/hdds-container-service-2.1.0-SNAPSHOT.jar!/webapps/hddsDatanode}
2025-04-17 16:40:25,222 [main] INFO  server.AbstractConnector (AbstractConnector.java:doStart(333)) - Started ServerConnector@266a77ac{HTTP/1.1, (http/1.1)}{0.0.0.0:15026}
2025-04-17 16:40:25,222 [main] INFO  server.Server (Server.java:doStart(415)) - Started @11276ms
2025-04-17 16:40:25,223 [main] WARN  impl.MetricsSystemImpl (MetricsSystemImpl.java:register(279)) - Sink prometheus already exists!
2025-04-17 16:40:25,224 [main] INFO  http.BaseHttpServer (BaseHttpServer.java:updateConnectorAddress(360)) - HTTP server of hddsDatanode listening at http://0.0.0.0:15026
2025-04-17 16:40:25,225 [main] INFO  ipc.CallQueueManager (CallQueueManager.java:<init>(93)) - Using callQueue: class java.util.concurrent.LinkedBlockingQueue, queueCapacity: 1000, scheduler: class org.apache.hadoop.ipc.DefaultRpcScheduler, ipcBackoff: false, ipcFailOver: false.
2025-04-17 16:40:25,226 [main] INFO  ipc.Server (Server.java:<init>(1438)) - Listener at 0.0.0.0:15027
2025-04-17 16:40:25,227 [Socket Reader #1 for port 15027] INFO  ipc.Server (Server.java:run(1474)) - Starting Socket Reader #1 for port 15027
2025-04-17 16:40:25,228 [Socket Reader #3 for port 15027] INFO  ipc.Server (Server.java:run(1474)) - Starting Socket Reader #3 for port 15027
2025-04-17 16:40:25,229 [Socket Reader #4 for port 15027] INFO  ipc.Server (Server.java:run(1474)) - Starting Socket Reader #4 for port 15027
2025-04-17 16:40:25,227 [Socket Reader #2 for port 15027] INFO  ipc.Server (Server.java:run(1474)) - Starting Socket Reader #2 for port 15027
2025-04-17 16:40:25,230 [Socket Reader #5 for port 15027] INFO  ipc.Server (Server.java:run(1474)) - Starting Socket Reader #5 for port 15027
2025-04-17 16:40:25,231 [Socket Reader #7 for port 15027] INFO  ipc.Server (Server.java:run(1474)) - Starting Socket Reader #7 for port 15027
2025-04-17 16:40:25,231 [Socket Reader #8 for port 15027] INFO  ipc.Server (Server.java:run(1474)) - Starting Socket Reader #8 for port 15027
2025-04-17 16:40:25,231 [Socket Reader #6 for port 15027] INFO  ipc.Server (Server.java:run(1474)) - Starting Socket Reader #6 for port 15027
2025-04-17 16:40:25,232 [Socket Reader #9 for port 15027] INFO  ipc.Server (Server.java:run(1474)) - Starting Socket Reader #9 for port 15027
2025-04-17 16:40:25,232 [Socket Reader #10 for port 15027] INFO  ipc.Server (Server.java:run(1474)) - Starting Socket Reader #10 for port 15027
2025-04-17 16:40:25,236 [main] INFO  ozone.HddsDatanodeService (HddsDatanodeService.java:start(326)) - Datanode start with admins: [runner]
2025-04-17 16:40:25,241 [main] INFO  ozone.HddsDatanodeClientProtocolServer (HddsDatanodeClientProtocolServer.java:start(76)) - RPC server for Client /0.0.0.0:15027
2025-04-17 16:40:25,243 [IPC Server Responder] INFO  ipc.Server (Server.java:run(1713)) - IPC Server Responder: starting
2025-04-17 16:40:25,243 [IPC Server listener on 15027] INFO  ipc.Server (Server.java:run(1553)) - IPC Server listener on 15027: starting
2025-04-17 16:40:25,247 [main] WARN  dropwizard3.Dm3MetricRegistriesImpl (Dm3MetricRegistriesImpl.java:addReporterRegistration(114)) - New reporters are added after registries were created. Some metrics will be missing from the reporter. Please add reporter before adding any new registry.
2025-04-17 16:40:25,247 [main] WARN  dropwizard3.Dm3MetricRegistriesImpl (Dm3MetricRegistriesImpl.java:addReporterRegistration(114)) - New reporters are added after registries were created. Some metrics will be missing from the reporter. Please add reporter before adding any new registry.
2025-04-17 16:40:25,247 [main] INFO  impl.MetricsSystemImpl (MetricsSystemImpl.java:init(158)) - HddsDatanode metrics system started (again)
2025-04-17 16:40:25,249 [om1@group-C5BA1605619E-FollowerState] INFO  impl.FollowerState (FollowerState.java:runImpl(161)) - om1@group-C5BA1605619E-FollowerState: change to CANDIDATE, lastRpcElapsedTime:1090688325ns, electionTimeout:1089ms
2025-04-17 16:40:25,249 [om1@group-C5BA1605619E-FollowerState] INFO  impl.RoleInfo (RoleInfo.java:shutdownFollowerState(121)) - om1: shutdown om1@group-C5BA1605619E-FollowerState
2025-04-17 16:40:25,249 [om1@group-C5BA1605619E-FollowerState] INFO  server.RaftServer$Division (RaftServerImpl.java:setRole(378)) - om1@group-C5BA1605619E: changes role from  FOLLOWER to CANDIDATE at term 0 for changeToCandidate
2025-04-17 16:40:25,249 [om1@group-C5BA1605619E-FollowerState] INFO  server.RaftServerConfigKeys (ConfUtils.java:logGet(46)) - raft.server.leaderelection.pre-vote = true (default)
2025-04-17 16:40:25,249 [om1@group-C5BA1605619E-FollowerState] INFO  impl.RoleInfo (RoleInfo.java:updateAndGet(148)) - om1: start om1@group-C5BA1605619E-LeaderElection3
2025-04-17 16:40:25,254 [om1@group-C5BA1605619E-LeaderElection3] INFO  impl.LeaderElection (LeaderElection.java:askForVotes(332)) - om1@group-C5BA1605619E-LeaderElection3 PRE_VOTE round 0: submit vote requests at term 0 for conf: {index: -1, cur=peers:[om1|localhost:15009]|listeners:[], old=null}
2025-04-17 16:40:25,254 [om1@group-C5BA1605619E-LeaderElection3] INFO  impl.LeaderElection (LeaderElection.java:askForVotes(334)) - om1@group-C5BA1605619E-LeaderElection3 PRE_VOTE round 0: result PASSED (term=0)
2025-04-17 16:40:25,255 [a6bf55e3-38e4-411e-ac0b-5acdb6a35656-DatanodeStateMachineDaemonThread] INFO  statemachine.DatanodeStateMachine (DatanodeStateMachine.java:startStateMachineThread(340)) - Ozone container server started.
2025-04-17 16:40:25,256 [om1@group-C5BA1605619E-LeaderElection3] INFO  impl.LeaderElection (LeaderElection.java:askForVotes(332)) - om1@group-C5BA1605619E-LeaderElection3 ELECTION round 0: submit vote requests at term 1 for conf: {index: -1, cur=peers:[om1|localhost:15009]|listeners:[], old=null}
2025-04-17 16:40:25,257 [om1@group-C5BA1605619E-LeaderElection3] INFO  impl.LeaderElection (LeaderElection.java:askForVotes(334)) - om1@group-C5BA1605619E-LeaderElection3 ELECTION round 0: result PASSED (term=1)
2025-04-17 16:40:25,257 [om1@group-C5BA1605619E-LeaderElection3] INFO  impl.RoleInfo (RoleInfo.java:shutdownLeaderElection(141)) - om1: shutdown om1@group-C5BA1605619E-LeaderElection3
2025-04-17 16:40:25,257 [om1@group-C5BA1605619E-LeaderElection3] INFO  server.RaftServer$Division (RaftServerImpl.java:setRole(378)) - om1@group-C5BA1605619E: changes role from CANDIDATE to LEADER at term 1 for changeToLeader
2025-04-17 16:40:25,257 [om1@group-C5BA1605619E-LeaderElection3] INFO  server.RaftServerConfigKeys (ConfUtils.java:logGet(46)) - raft.server.staging.catchup.gap = 1000 (default)
2025-04-17 16:40:25,260 [om1@group-C5BA1605619E-LeaderElection3] INFO  server.RaftServerConfigKeys (ConfUtils.java:logGet(46)) - raft.server.write.element-limit = 4096 (default)
2025-04-17 16:40:25,260 [om1@group-C5BA1605619E-LeaderElection3] INFO  server.RaftServerConfigKeys (ConfUtils.java:logGet(46)) - raft.server.write.byte-limit = 64MB (=67108864) (default)
2025-04-17 16:40:25,261 [om1@group-C5BA1605619E-LeaderElection3] INFO  server.RaftServerConfigKeys (ConfUtils.java:logGet(46)) - raft.server.watch.timeout = 10s (default)
2025-04-17 16:40:25,261 [om1@group-C5BA1605619E-LeaderElection3] INFO  server.RaftServerConfigKeys (ConfUtils.java:logGet(46)) - raft.server.watch.timeout.denomination = 1s (default)
2025-04-17 16:40:25,261 [om1@group-C5BA1605619E-LeaderElection3] INFO  server.RaftServerConfigKeys (ConfUtils.java:logGet(46)) - raft.server.watch.element-limit = 65536 (default)
2025-04-17 16:40:25,264 [om1@group-C5BA1605619E-LeaderElection3] INFO  server.RaftServerConfigKeys (ConfUtils.java:logGet(46)) - raft.server.read.leader.lease.enabled = false (default)
2025-04-17 16:40:25,264 [om1@group-C5BA1605619E-LeaderElection3] INFO  server.RaftServerConfigKeys (ConfUtils.java:logGet(46)) - raft.server.read.leader.lease.timeout.ratio = 0.9 (default)
2025-04-17 16:40:25,264 [om1@group-C5BA1605619E-LeaderElection3] INFO  server.RaftServerConfigKeys (ConfUtils.java:logGet(46)) - raft.server.rpc.timeout.min = 1s (custom)
2025-04-17 16:40:25,264 [om1@group-C5BA1605619E-LeaderElection3] INFO  server.RaftServerConfigKeys (ConfUtils.java:logGet(46)) - raft.server.log.log-metadata.enabled = true (default)
2025-04-17 16:40:25,265 [om1@group-C5BA1605619E-LeaderElection3] INFO  server.RaftServerConfigKeys (ConfUtils.java:logGet(46)) - raft.server.write.element-limit = 4096 (default)
2025-04-17 16:40:25,265 [om1@group-C5BA1605619E-LeaderElection3] INFO  server.RaftServerConfigKeys (ConfUtils.java:logGet(46)) - raft.server.write.follower.gap.ratio.max = -1.0 (default)
2025-04-17 16:40:25,265 [om1@group-C5BA1605619E-LeaderElection3] INFO  impl.RoleInfo (RoleInfo.java:updateAndGet(148)) - om1: start om1@group-C5BA1605619E-LeaderStateImpl
2025-04-17 16:40:25,265 [om1@group-C5BA1605619E-LeaderElection3] INFO  server.RaftServer$Division (RaftServerImpl.java:setFirstElection(562)) - om1@group-C5BA1605619E: set firstElectionSinceStartup to false for becomeLeader
2025-04-17 16:40:25,265 [main] INFO  protocol.DatanodeDetails (DatanodeDetails.java:validateDatanodeIpAddress(199)) - Updating IP address of datanode d6a19b8b-82a2-4947-8b44-7228be6ad053(fv-az1665-423.ifczmx5oewpevfcqsfqd21qzsa.ex.internal.cloudapp.net/null) to 10.1.0.98
2025-04-17 16:40:25,266 [main] INFO  ozone.HddsDatanodeService (HddsDatanodeService.java:start(235)) - HddsDatanodeService d6a19b8b-82a2-4947-8b44-7228be6ad053(fv-az1665-423.ifczmx5oewpevfcqsfqd21qzsa.ex.internal.cloudapp.net/10.1.0.98)
2025-04-17 16:40:25,269 [main] INFO  upgrade.AbstractLayoutVersionManager (AbstractLayoutVersionManager.java:init(80)) - Initializing Layout version manager with metadata layout = HBASE_SUPPORT (version = 8), software layout = HBASE_SUPPORT (version = 8)
2025-04-17 16:40:25,270 [a6bf55e3-38e4-411e-ac0b-5acdb6a35656-DatanodeStateMachineTaskThread-0] INFO  datanode.InitDatanodeState (InitDatanodeState.java:persistContainerDatanodeDetails(139)) - DatanodeDetails is persisted to /home/runner/work/ozone/ozone/hadoop-ozone/integration-test/target/test-dir/MiniOzoneClusterImpl-26e726f8-5cec-4c14-bf14-45d4895febc0/ozone-meta/datanode-3/meta/datanode.id
2025-04-17 16:40:25,271 [main] INFO  statemachine.DatanodeStateMachine (DatanodeStateMachine.java:getEndPointTaskThreadPoolSize(297)) - Datanode State Machine Task Thread Pool size 2
2025-04-17 16:40:25,271 [om1@group-C5BA1605619E-LeaderElection3] INFO  ratis.OzoneManagerStateMachine (OzoneManagerStateMachine.java:notifyLeaderChanged(169)) - om1@group-C5BA1605619E: leader changed to om1
2025-04-17 16:40:25,271 [om1@group-C5BA1605619E-LeaderElection3] INFO  server.RaftServer$Division (ServerState.java:setLeader(272)) - om1@group-C5BA1605619E: change Leader from null to om1 at term 1 for becomeLeader, leader elected after 2170ms
2025-04-17 16:40:25,271 [om1@group-C5BA1605619E-LeaderElection3] INFO  segmented.SegmentedRaftLogWorker (SegmentedRaftLogWorker.java:startLogSegment(438)) - om1@group-C5BA1605619E-SegmentedRaftLogWorker: Starting segment from index:0
2025-04-17 16:40:25,272 [om1@group-C5BA1605619E-LeaderElection3] INFO  server.RaftServer$Division (ServerState.java:setRaftConf(386)) - om1@group-C5BA1605619E: set configuration conf: {index: 0, cur=peers:[om1|localhost:15009]|listeners:[], old=null}
2025-04-17 16:40:25,272 [om1@group-C5BA1605619E-SegmentedRaftLogWorker] INFO  segmented.BufferedWriteChannel (BufferedWriteChannel.java:open(61)) - open log_inprogress_0 at position 0
2025-04-17 16:40:25,276 [main] INFO  volume.HddsVolume (HddsVolume.java:<init>(141)) - HddsVolume: { id=DS-75111186-e1e4-4724-a5a1-f8afa75a5636 dir=/home/runner/work/ozone/ozone/hadoop-ozone/integration-test/target/test-dir/MiniOzoneClusterImpl-26e726f8-5cec-4c14-bf14-45d4895febc0/ozone-meta/datanode-4/data-0/hdds type=DISK capacity=9222449699674390527 used=0 available=9222449699674390527 minFree=5368709120 committed=0 }
2025-04-17 16:40:25,276 [main] INFO  volume.MutableVolumeSet (MutableVolumeSet.java:initializeVolumeSet(166)) - Added Volume : /home/runner/work/ozone/ozone/hadoop-ozone/integration-test/target/test-dir/MiniOzoneClusterImpl-26e726f8-5cec-4c14-bf14-45d4895febc0/ozone-meta/datanode-4/data-0/hdds to VolumeSet
2025-04-17 16:40:25,278 [main] INFO  volume.MutableVolumeSet (MutableVolumeSet.java:initializeVolumeSet(166)) - Added Volume : /home/runner/work/ozone/ozone/hadoop-ozone/integration-test/target/test-dir/MiniOzoneClusterImpl-26e726f8-5cec-4c14-bf14-45d4895febc0/ozone-meta/datanode-4/ratis to VolumeSet
2025-04-17 16:40:25,280 [main] INFO  ozoneimpl.OzoneContainer (HddsVolumeUtil.java:loadAllHddsVolumeDbStore(102)) - Load 1 volumes DbStore cost: 1ms
2025-04-17 16:40:25,281 [main] WARN  db.DBStoreBuilder (DBStoreBuilder.java:getDBDirPath(167)) - ozone.scm.datanode.id.dir is not configured. We recommend adding this setting. Falling back to ozone.metadata.dirs instead.
2025-04-17 16:40:25,282 [main] WARN  db.DBStoreBuilder (DBStoreBuilder.java:getDBDirPath(167)) - ozone.scm.datanode.id.dir is not configured. We recommend adding this setting. Falling back to ozone.metadata.dirs instead.
2025-04-17 16:40:25,285 [om1@group-C5BA1605619E-SegmentedRaftLogWorker] INFO  segmented.SegmentedRaftLogWorker (SegmentedRaftLogWorker.java:execute(644)) - om1@group-C5BA1605619E-SegmentedRaftLogWorker: created new log segment /home/runner/work/ozone/ozone/hadoop-ozone/integration-test/target/test-dir/MiniOzoneClusterImpl-26e726f8-5cec-4c14-bf14-45d4895febc0/ozone-meta/ratis/bf265839-605b-3f16-9796-c5ba1605619e/current/log_inprogress_0
2025-04-17 16:40:25,289 [om1@group-C5BA1605619E-StateMachineUpdater] INFO  ratis.OzoneManagerStateMachine (OzoneManagerStateMachine.java:notifyConfigurationChanged(231)) - notifyConfigurationChanged from Ratis: term=1, index=0, New Peer list: om1(localhost:15009)
2025-04-17 16:40:25,289 [om1@group-C5BA1605619E-StateMachineUpdater] INFO  server.RaftServer$Division (LeaderStateImpl.java:checkStartIndex(313)) - Leader om1@group-C5BA1605619E-LeaderStateImpl is ready since appliedIndex == startIndex == 0
2025-04-17 16:40:25,303 [main] INFO  impl.FilePerChunkStrategy (FilePerChunkStrategy.java:<init>(79)) - ozone.chunk.read.mapped.buffer.max.count is load with 0
2025-04-17 16:40:25,304 [main] INFO  impl.FilePerBlockStrategy (FilePerBlockStrategy.java:<init>(87)) - ozone.chunk.read.mapped.buffer.max.count is load with 0
2025-04-17 16:40:25,305 [main] INFO  server.RaftServerConfigKeys (ConfUtils.java:logGet(46)) - raft.server.log.appender.buffer.byte-limit = 33554432 (custom)
2025-04-17 16:40:25,308 [main] INFO  server.RaftServer (ConfUtils.java:logGet(46)) - raft.rpc.type = GRPC (default)
2025-04-17 16:40:25,308 [main] INFO  grpc.GrpcConfigKeys (ConfUtils.java:logFallback(53)) - raft.grpc.admin.host = null (fallback to raft.grpc.server.host)
2025-04-17 16:40:25,308 [main] INFO  grpc.GrpcConfigKeys (ConfUtils.java:logGet(46)) - raft.grpc.admin.port = 15038 (custom)
2025-04-17 16:40:25,308 [main] INFO  grpc.GrpcConfigKeys (ConfUtils.java:logFallback(53)) - raft.grpc.client.host = null (fallback to raft.grpc.server.host)
2025-04-17 16:40:25,309 [main] INFO  grpc.GrpcConfigKeys (ConfUtils.java:logGet(46)) - raft.grpc.client.port = 15037 (custom)
2025-04-17 16:40:25,309 [main] INFO  grpc.GrpcConfigKeys (ConfUtils.java:logGet(46)) - raft.grpc.server.host = null (default)
2025-04-17 16:40:25,309 [main] INFO  grpc.GrpcConfigKeys (ConfUtils.java:logGet(46)) - raft.grpc.server.port = 15039 (custom)
2025-04-17 16:40:25,309 [main] INFO  server.GrpcService (ConfUtils.java:logGet(46)) - raft.grpc.message.size.max = 34603008 (custom)
2025-04-17 16:40:25,309 [main] INFO  server.GrpcService (ConfUtils.java:logGet(46)) - raft.grpc.flow.control.window = 5MB (=5242880) (custom)
2025-04-17 16:40:25,309 [main] INFO  server.RaftServerConfigKeys (ConfUtils.java:logGet(46)) - raft.server.rpc.request.timeout = 60s (custom)
2025-04-17 16:40:25,310 [main] INFO  grpc.GrpcConfigKeys (ConfUtils.java:logGet(46)) - raft.grpc.server.heartbeat.channel = true (default)
2025-04-17 16:40:25,311 [main] INFO  server.RaftServerConfigKeys (ConfUtils.java:logGet(46)) - raft.server.log.appender.buffer.byte-limit = 33554432 (custom)
2025-04-17 16:40:25,311 [main] INFO  grpc.GrpcConfigKeys (ConfUtils.java:logGet(46)) - raft.grpc.server.async.request.thread.pool.cached = true (default)
2025-04-17 16:40:25,312 [main] INFO  grpc.GrpcConfigKeys (ConfUtils.java:logGet(46)) - raft.grpc.server.async.request.thread.pool.size = 32 (default)
2025-04-17 16:40:25,314 [main] INFO  impl.DataStreamServerImpl (ConfUtils.java:logGet(46)) - raft.datastream.type = NETTY (custom)
2025-04-17 16:40:25,316 [main] INFO  server.RaftServerConfigKeys (ConfUtils.java:logGet(46)) - raft.server.data-stream.async.request.thread.pool.cached = false (default)
2025-04-17 16:40:25,316 [main] INFO  server.RaftServerConfigKeys (ConfUtils.java:logGet(46)) - raft.server.data-stream.async.request.thread.pool.size = 20 (custom)
2025-04-17 16:40:25,316 [main] INFO  server.RaftServerConfigKeys (ConfUtils.java:logGet(46)) - raft.server.data-stream.async.write.thread.pool.size = 16 (default)
2025-04-17 16:40:25,316 [main] INFO  netty.NettyConfigKeys$DataStream (ConfUtils.java:logGet(46)) - raft.netty.dataStream.server.channel.inactive.grace-period = 10min (default)
2025-04-17 16:40:25,317 [main] INFO  server.RaftServerConfigKeys (ConfUtils.java:logGet(46)) - raft.server.data-stream.client.pool.size = 10 (default)
2025-04-17 16:40:25,317 [main] INFO  netty.NettyConfigKeys$DataStream (ConfUtils.java:logGet(46)) - raft.netty.dataStream.server.use-epoll = true (default)
2025-04-17 16:40:25,317 [main] INFO  netty.NettyConfigKeys$DataStream (ConfUtils.java:logGet(46)) - raft.netty.dataStream.server.boss-group.size = 0 (default)
2025-04-17 16:40:25,317 [main] INFO  netty.NettyUtils (NettyUtils.java:newEventLoopGroup(74)) - Create EpollEventLoopGroup for d6a19b8b-82a2-4947-8b44-7228be6ad053-NettyServerStreamRpc-bossGroup; Thread size is 0.
2025-04-17 16:40:25,319 [main] INFO  netty.NettyConfigKeys$DataStream (ConfUtils.java:logGet(46)) - raft.netty.dataStream.server.worker-group.size = 0 (default)
2025-04-17 16:40:25,320 [main] INFO  netty.NettyUtils (NettyUtils.java:newEventLoopGroup(74)) - Create EpollEventLoopGroup for d6a19b8b-82a2-4947-8b44-7228be6ad053-NettyServerStreamRpc-workerGroup; Thread size is 0.
2025-04-17 16:40:25,322 [main] INFO  netty.NettyConfigKeys$DataStream (ConfUtils.java:logGet(46)) - raft.netty.dataStream.server.tls.conf = null (default)
2025-04-17 16:40:25,322 [main] INFO  netty.NettyConfigKeys$DataStream (ConfUtils.java:logGet(46)) - raft.netty.dataStream.host = null (default)
2025-04-17 16:40:25,322 [main] INFO  netty.NettyConfigKeys$DataStream (ConfUtils.java:logGet(46)) - raft.netty.dataStream.port = 15040 (custom)
2025-04-17 16:40:25,323 [main] INFO  server.RaftServerConfigKeys (ConfUtils.java:logGet(46)) - raft.server.sleep.deviation.threshold = 300ms (default)
2025-04-17 16:40:25,323 [main] INFO  server.RaftServerConfigKeys (ConfUtils.java:logGet(46)) - raft.server.close.threshold = 60s (default)
2025-04-17 16:40:25,323 [main] INFO  server.RaftServerConfigKeys (ConfUtils.java:logGet(46)) - raft.server.leaderelection.leader.step-down.wait-time = 10s (default)
2025-04-17 16:40:25,324 [main] INFO  server.RaftServerConfigKeys (ConfUtils.java:logGet(46)) - raft.server.storage.dir = [/home/runner/work/ozone/ozone/hadoop-ozone/integration-test/target/test-dir/MiniOzoneClusterImpl-26e726f8-5cec-4c14-bf14-45d4895febc0/ozone-meta/datanode-4/ratis] (custom)
2025-04-17 16:40:25,324 [main] INFO  server.RaftServerConfigKeys (ConfUtils.java:logGet(46)) - raft.server.threadpool.proxy.cached = true (default)
2025-04-17 16:40:25,324 [main] INFO  server.RaftServerConfigKeys (ConfUtils.java:logGet(46)) - raft.server.threadpool.proxy.size = 0 (default)
2025-04-17 16:40:25,324 [d6a19b8b-82a2-4947-8b44-7228be6ad053-NettyServerStreamRpc-bossGroup--thread1] INFO  logging.LoggingHandler (AbstractInternalLogger.java:log(148)) - [id: 0x699a67e6] REGISTERED
2025-04-17 16:40:25,325 [d6a19b8b-82a2-4947-8b44-7228be6ad053-NettyServerStreamRpc-bossGroup--thread1] INFO  logging.LoggingHandler (AbstractInternalLogger.java:log(148)) - [id: 0x699a67e6] BIND: 0.0.0.0/0.0.0.0:15040
2025-04-17 16:40:25,325 [d6a19b8b-82a2-4947-8b44-7228be6ad053-NettyServerStreamRpc-bossGroup--thread1] INFO  logging.LoggingHandler (AbstractInternalLogger.java:log(148)) - [id: 0x699a67e6, L:/0.0.0.0:15040] ACTIVE
2025-04-17 16:40:25,326 [d6a19b8b-82a2-4947-8b44-7228be6ad053-impl-thread1] INFO  server.RaftServer (RaftServerProxy.java:initGroupDir(265)) - d6a19b8b-82a2-4947-8b44-7228be6ad053: found a subdirectory /home/runner/work/ozone/ozone/hadoop-ozone/integration-test/target/test-dir/MiniOzoneClusterImpl-26e726f8-5cec-4c14-bf14-45d4895febc0/ozone-meta/datanode-4/ratis/tmp
2025-04-17 16:40:25,326 [d6a19b8b-82a2-4947-8b44-7228be6ad053-impl-thread1] INFO  server.RaftServer (RaftServerProxy.java:initGroupDir(270)) - d6a19b8b-82a2-4947-8b44-7228be6ad053: The directory /home/runner/work/ozone/ozone/hadoop-ozone/integration-test/target/test-dir/MiniOzoneClusterImpl-26e726f8-5cec-4c14-bf14-45d4895febc0/ozone-meta/datanode-4/ratis/tmp is not a group directory; ignoring it. 
2025-04-17 16:40:25,326 [main] INFO  replication.ReplicationServer (ReplicationServer.java:<init>(84)) - Initializing replication server with thread count = 10 queue length = 4096
2025-04-17 16:40:25,328 [main] INFO  server.XceiverServerGrpc (XceiverServerGrpc.java:<init>(131)) - GrpcServer channel type EpollServerSocketChannel
2025-04-17 16:40:25,330 [main] INFO  replication.ReplicationSupervisor (ReplicationSupervisor.java:build(169)) - Initializing replication supervisor with thread count = 10
2025-04-17 16:40:25,330 [main] INFO  replication.ReplicationSupervisor (ReplicationSupervisor.java:nodeStateUpdated(358)) - Node state updated to IN_SERVICE, scaling executor pool size to 10
2025-04-17 16:40:25,335 [main] INFO  http.BaseHttpServer (BaseHttpServer.java:newHttpServer2BuilderForOzone(229)) - Starting Web-server for hddsDatanode at: http://0.0.0.0:15034
2025-04-17 16:40:25,335 [main] INFO  http.BaseHttpServer (BaseHttpServer.java:<init>(107)) - Hadoop Security Enabled: false Ozone Security Enabled: false Ozone HTTP Security Enabled: false 
2025-04-17 16:40:25,337 [main] WARN  server.AuthenticationFilter (AuthenticationFilter.java:constructSecretProvider(240)) - Unable to initialize FileSignerSecretProvider, falling back to use random secrets. Reason: Could not read signature secret file: /home/runner/hadoop-http-auth-signature-secret
2025-04-17 16:40:25,343 [main] INFO  http.HttpServer2 (HttpServer2.java:addGlobalFilter(1041)) - Added global filter 'safety' (class=org.apache.hadoop.hdds.server.http.HttpServer2$QuotingInputFilter)
2025-04-17 16:40:25,344 [main] INFO  http.HttpServer2 (HttpServer2.java:addFilter(1017)) - Added filter static_user_filter (class=org.apache.hadoop.http.lib.StaticUserWebFilter$StaticUserFilter) to context hddsDatanode
2025-04-17 16:40:25,344 [main] INFO  http.HttpServer2 (HttpServer2.java:addFilter(1025)) - Added filter static_user_filter (class=org.apache.hadoop.http.lib.StaticUserWebFilter$StaticUserFilter) to context logs
2025-04-17 16:40:25,344 [main] INFO  http.HttpServer2 (HttpServer2.java:addFilter(1025)) - Added filter static_user_filter (class=org.apache.hadoop.http.lib.StaticUserWebFilter$StaticUserFilter) to context static
2025-04-17 16:40:25,345 [main] INFO  http.BaseHttpServer (BaseHttpServer.java:<init>(195)) - HTTP server of hddsDatanode uses base directory /home/runner/work/ozone/ozone/hadoop-ozone/integration-test/target/test-dir/MiniOzoneClusterImpl-26e726f8-5cec-4c14-bf14-45d4895febc0/ozone-meta/datanode-4/meta/webserver
2025-04-17 16:40:25,345 [main] INFO  http.HttpServer2 (HttpServer2.java:bindListener(1241)) - Jetty bound to port 15034
2025-04-17 16:40:25,346 [main] INFO  server.Server (Server.java:doStart(375)) - jetty-9.4.57.v20241219; built: 2025-01-08T21:24:30.412Z; git: df524e6b29271c2e09ba9aea83c18dc9db464a31; jvm 21.0.6+7-LTS
2025-04-17 16:40:25,348 [main] INFO  server.session (DefaultSessionIdManager.java:doStart(334)) - DefaultSessionIdManager workerName=node0
2025-04-17 16:40:25,348 [main] INFO  server.session (DefaultSessionIdManager.java:doStart(339)) - No SessionScavenger set, using defaults
2025-04-17 16:40:25,349 [main] INFO  server.session (HouseKeeper.java:startScavenging(132)) - node0 Scavenging every 660000ms
2025-04-17 16:40:25,350 [main] INFO  handler.ContextHandler (ContextHandler.java:doStart(921)) - Started o.e.j.s.ServletContextHandler@bc86ac{logs,/logs,file:///home/runner/work/ozone/ozone/hadoop-ozone/integration-test/target/log,AVAILABLE}
2025-04-17 16:40:25,350 [main] INFO  handler.ContextHandler (ContextHandler.java:doStart(921)) - Started o.e.j.s.ServletContextHandler@4e5b0a90{static,/static,jar:file:/home/runner/work/ozone/ozone/hadoop-hdds/container-service/target/hdds-container-service-2.1.0-SNAPSHOT.jar!/webapps/static,AVAILABLE}
2025-04-17 16:40:25,387 [c825922c-8499-4d06-bbc0-08abc9a8124c-EndpointStateMachineTaskThread-/0.0.0.0:15002-0 ] INFO  utils.DatanodeStoreCache (DatanodeStoreCache.java:addDB(71)) - Added db /home/runner/work/ozone/ozone/hadoop-ozone/integration-test/target/test-dir/MiniOzoneClusterImpl-26e726f8-5cec-4c14-bf14-45d4895febc0/ozone-meta/datanode-1/data-0/hdds/26e726f8-5cec-4c14-bf14-45d4895febc0/DS-70ae1f27-3f22-4008-8a1c-26275b96b5fe/container.db to cache
2025-04-17 16:40:25,389 [c825922c-8499-4d06-bbc0-08abc9a8124c-EndpointStateMachineTaskThread-/0.0.0.0:15002-0 ] INFO  volume.HddsVolume (HddsVolume.java:createDbStore(455)) - SchemaV3 db is created and loaded at /home/runner/work/ozone/ozone/hadoop-ozone/integration-test/target/test-dir/MiniOzoneClusterImpl-26e726f8-5cec-4c14-bf14-45d4895febc0/ozone-meta/datanode-1/data-0/hdds/26e726f8-5cec-4c14-bf14-45d4895febc0/DS-70ae1f27-3f22-4008-8a1c-26275b96b5fe/container.db for volume DS-70ae1f27-3f22-4008-8a1c-26275b96b5fe
2025-04-17 16:40:25,398 [c825922c-8499-4d06-bbc0-08abc9a8124c-ContainerReader-0] INFO  ozoneimpl.ContainerReader (ContainerReader.java:readVolume(144)) - Start to verify containers on volume /home/runner/work/ozone/ozone/hadoop-ozone/integration-test/target/test-dir/MiniOzoneClusterImpl-26e726f8-5cec-4c14-bf14-45d4895febc0/ozone-meta/datanode-1/data-0/hdds
2025-04-17 16:40:25,398 [c825922c-8499-4d06-bbc0-08abc9a8124c-ContainerReader-0] INFO  ozoneimpl.ContainerReader (ContainerReader.java:readVolume(174)) - Finish verifying containers on volume /home/runner/work/ozone/ozone/hadoop-ozone/integration-test/target/test-dir/MiniOzoneClusterImpl-26e726f8-5cec-4c14-bf14-45d4895febc0/ozone-meta/datanode-1/data-0/hdds
2025-04-17 16:40:25,399 [c825922c-8499-4d06-bbc0-08abc9a8124c-EndpointStateMachineTaskThread-/0.0.0.0:15002-0 ] INFO  ozoneimpl.OzoneContainer (OzoneContainer.java:buildContainerSet(364)) - Build ContainerSet costs 0s
2025-04-17 16:40:25,400 [c825922c-8499-4d06-bbc0-08abc9a8124c-EndpointStateMachineTaskThread-/0.0.0.0:15002-0 ] INFO  volume.ThrottledAsyncChecker (ThrottledAsyncChecker.java:schedule(138)) - Scheduling a check for /home/runner/work/ozone/ozone/hadoop-ozone/integration-test/target/test-dir/MiniOzoneClusterImpl-26e726f8-5cec-4c14-bf14-45d4895febc0/ozone-meta/datanode-1/data-0/hdds
2025-04-17 16:40:25,405 [c825922c-8499-4d06-bbc0-08abc9a8124c-EndpointStateMachineTaskThread-/0.0.0.0:15002-0 ] INFO  volume.StorageVolumeChecker (StorageVolumeChecker.java:checkAllVolumes(215)) - Scheduled health check for volume /home/runner/work/ozone/ozone/hadoop-ozone/integration-test/target/test-dir/MiniOzoneClusterImpl-26e726f8-5cec-4c14-bf14-45d4895febc0/ozone-meta/datanode-1/data-0/hdds
2025-04-17 16:40:25,408 [c825922c-8499-4d06-bbc0-08abc9a8124c-EndpointStateMachineTaskThread-/0.0.0.0:15002-0 ] INFO  volume.ThrottledAsyncChecker (ThrottledAsyncChecker.java:schedule(138)) - Scheduling a check for /home/runner/work/ozone/ozone/hadoop-ozone/integration-test/target/test-dir/MiniOzoneClusterImpl-26e726f8-5cec-4c14-bf14-45d4895febc0/ozone-meta/datanode-1/ratis
2025-04-17 16:40:25,408 [c825922c-8499-4d06-bbc0-08abc9a8124c-EndpointStateMachineTaskThread-/0.0.0.0:15002-0 ] INFO  volume.StorageVolumeChecker (StorageVolumeChecker.java:checkAllVolumes(215)) - Scheduled health check for volume /home/runner/work/ozone/ozone/hadoop-ozone/integration-test/target/test-dir/MiniOzoneClusterImpl-26e726f8-5cec-4c14-bf14-45d4895febc0/ozone-meta/datanode-1/ratis
2025-04-17 16:40:25,409 [c825922c-8499-4d06-bbc0-08abc9a8124c-EndpointStateMachineTaskThread-/0.0.0.0:15002-0 ] INFO  ozoneimpl.OzoneContainer (OzoneContainer.java:start(512)) - Attempting to start container services.
2025-04-17 16:40:25,417 [ContainerMetadataScanner] INFO  ozoneimpl.AbstractBackgroundContainerScanner (AbstractBackgroundContainerScanner.java:runIteration(89)) - Completed an iteration in 0 minutes. Number of iterations (since the data-node restart) : 1, Number of containers scanned in this iteration : 0, Number of unhealthy containers found in this iteration : 0
2025-04-17 16:40:25,421 [c825922c-8499-4d06-bbc0-08abc9a8124c-EndpointStateMachineTaskThread-/0.0.0.0:15002-0 ] INFO  replication.ReplicationServer (ReplicationServer.java:start(137)) - ReplicationServer is started using port 15017
2025-04-17 16:40:25,421 [c825922c-8499-4d06-bbc0-08abc9a8124c-EndpointStateMachineTaskThread-/0.0.0.0:15002-0 ] INFO  ratis.XceiverServerRatis (XceiverServerRatis.java:start(561)) - Starting XceiverServerRatis(c825922c-8499-4d06-bbc0-08abc9a8124c)
2025-04-17 16:40:25,422 [ContainerDataScanner(/home/runner/work/ozone/ozone/hadoop-ozone/integration-test/target/test-dir/MiniOzoneClusterImpl-26e726f8-5cec-4c14-bf14-45d4895febc0/ozone-meta/datanode-1/data-0/hdds)] INFO  ozoneimpl.AbstractBackgroundContainerScanner (AbstractBackgroundContainerScanner.java:runIteration(89)) - Completed an iteration in 0 minutes. Number of iterations (since the data-node restart) : 1, Number of containers scanned in this iteration : 0, Number of unhealthy containers found in this iteration : 0
2025-04-17 16:40:25,423 [c825922c-8499-4d06-bbc0-08abc9a8124c-EndpointStateMachineTaskThread-/0.0.0.0:15002-0 ] INFO  server.RaftServer (RaftServerProxy.java:startImpl(407)) - c825922c-8499-4d06-bbc0-08abc9a8124c: start RPC server
2025-04-17 16:40:25,423 [c825922c-8499-4d06-bbc0-08abc9a8124c-EndpointStateMachineTaskThread-/0.0.0.0:15002-0 ] INFO  server.GrpcService (GrpcService.java:startImpl(334)) - c825922c-8499-4d06-bbc0-08abc9a8124c: GrpcService started, listening on 15013
2025-04-17 16:40:25,424 [c825922c-8499-4d06-bbc0-08abc9a8124c-EndpointStateMachineTaskThread-/0.0.0.0:15002-0 ] INFO  server.GrpcService (GrpcService.java:startImpl(334)) - c825922c-8499-4d06-bbc0-08abc9a8124c: GrpcService started, listening on 15015
2025-04-17 16:40:25,424 [c825922c-8499-4d06-bbc0-08abc9a8124c-EndpointStateMachineTaskThread-/0.0.0.0:15002-0 ] INFO  server.GrpcService (GrpcService.java:startImpl(334)) - c825922c-8499-4d06-bbc0-08abc9a8124c: GrpcService started, listening on 15014
2025-04-17 16:40:25,425 [c825922c-8499-4d06-bbc0-08abc9a8124c-EndpointStateMachineTaskThread-/0.0.0.0:15002-0 ] INFO  ratis.XceiverServerRatis (XceiverServerRatis.java:getRealPort(588)) - XceiverServerRatis(c825922c-8499-4d06-bbc0-08abc9a8124c) is started using port RATIS=15013
2025-04-17 16:40:25,425 [c825922c-8499-4d06-bbc0-08abc9a8124c-EndpointStateMachineTaskThread-/0.0.0.0:15002-0 ] INFO  ratis.XceiverServerRatis (XceiverServerRatis.java:getRealPort(588)) - XceiverServerRatis(c825922c-8499-4d06-bbc0-08abc9a8124c) is started using port RATIS_ADMIN=15014
2025-04-17 16:40:25,425 [c825922c-8499-4d06-bbc0-08abc9a8124c-EndpointStateMachineTaskThread-/0.0.0.0:15002-0 ] INFO  ratis.XceiverServerRatis (XceiverServerRatis.java:getRealPort(588)) - XceiverServerRatis(c825922c-8499-4d06-bbc0-08abc9a8124c) is started using port RATIS_SERVER=15015
2025-04-17 16:40:25,425 [JvmPauseMonitor3] INFO  util.JvmPauseMonitor (JvmPauseMonitor.java:run(146)) - JvmPauseMonitor-c825922c-8499-4d06-bbc0-08abc9a8124c: Started
2025-04-17 16:40:25,425 [c825922c-8499-4d06-bbc0-08abc9a8124c-EndpointStateMachineTaskThread-/0.0.0.0:15002-0 ] INFO  ratis.XceiverServerRatis (XceiverServerRatis.java:getRealPort(588)) - XceiverServerRatis(c825922c-8499-4d06-bbc0-08abc9a8124c) is started using port RATIS_DATASTREAM=15016
2025-04-17 16:40:25,428 [c825922c-8499-4d06-bbc0-08abc9a8124c-BlockDeletingService#0] INFO  interfaces.ContainerDeletionChoosingPolicyTemplate (ContainerDeletionChoosingPolicyTemplate.java:chooseContainerForBlockDeletion(83)) - Chosen 0/5000 blocks from 0 candidate containers.
2025-04-17 16:40:25,525 [main] INFO  handler.ContextHandler (ContextHandler.java:doStart(921)) - Started o.e.j.w.WebAppContext@7f0bd5ed{hddsDatanode,/,file:///home/runner/work/ozone/ozone/hadoop-ozone/integration-test/target/test-dir/MiniOzoneClusterImpl-26e726f8-5cec-4c14-bf14-45d4895febc0/ozone-meta/datanode-4/meta/webserver/jetty-0_0_0_0-15034-hdds-container-service-2_1_0-SNAPSHOT_jar-_-any-4804220044885107942/webapp/,AVAILABLE}{jar:file:/home/runner/work/ozone/ozone/hadoop-hdds/container-service/target/hdds-container-service-2.1.0-SNAPSHOT.jar!/webapps/hddsDatanode}
2025-04-17 16:40:25,526 [main] INFO  server.AbstractConnector (AbstractConnector.java:doStart(333)) - Started ServerConnector@5279a1ca{HTTP/1.1, (http/1.1)}{0.0.0.0:15034}
2025-04-17 16:40:25,526 [main] INFO  server.Server (Server.java:doStart(415)) - Started @11580ms
2025-04-17 16:40:25,526 [main] WARN  impl.MetricsSystemImpl (MetricsSystemImpl.java:register(279)) - Sink prometheus already exists!
2025-04-17 16:40:25,527 [main] INFO  http.BaseHttpServer (BaseHttpServer.java:updateConnectorAddress(360)) - HTTP server of hddsDatanode listening at http://0.0.0.0:15034
2025-04-17 16:40:25,528 [main] INFO  ipc.CallQueueManager (CallQueueManager.java:<init>(93)) - Using callQueue: class java.util.concurrent.LinkedBlockingQueue, queueCapacity: 1000, scheduler: class org.apache.hadoop.ipc.DefaultRpcScheduler, ipcBackoff: false, ipcFailOver: false.
2025-04-17 16:40:25,528 [main] INFO  ipc.Server (Server.java:<init>(1438)) - Listener at 0.0.0.0:15035
2025-04-17 16:40:25,529 [Socket Reader #1 for port 15035] INFO  ipc.Server (Server.java:run(1474)) - Starting Socket Reader #1 for port 15035
2025-04-17 16:40:25,529 [Socket Reader #2 for port 15035] INFO  ipc.Server (Server.java:run(1474)) - Starting Socket Reader #2 for port 15035
2025-04-17 16:40:25,530 [Socket Reader #3 for port 15035] INFO  ipc.Server (Server.java:run(1474)) - Starting Socket Reader #3 for port 15035
2025-04-17 16:40:25,530 [Socket Reader #4 for port 15035] INFO  ipc.Server (Server.java:run(1474)) - Starting Socket Reader #4 for port 15035
2025-04-17 16:40:25,530 [Socket Reader #5 for port 15035] INFO  ipc.Server (Server.java:run(1474)) - Starting Socket Reader #5 for port 15035
2025-04-17 16:40:25,531 [Socket Reader #6 for port 15035] INFO  ipc.Server (Server.java:run(1474)) - Starting Socket Reader #6 for port 15035
2025-04-17 16:40:25,532 [Socket Reader #7 for port 15035] INFO  ipc.Server (Server.java:run(1474)) - Starting Socket Reader #7 for port 15035
2025-04-17 16:40:25,532 [Socket Reader #8 for port 15035] INFO  ipc.Server (Server.java:run(1474)) - Starting Socket Reader #8 for port 15035
2025-04-17 16:40:25,532 [Socket Reader #9 for port 15035] INFO  ipc.Server (Server.java:run(1474)) - Starting Socket Reader #9 for port 15035
2025-04-17 16:40:25,533 [Socket Reader #10 for port 15035] INFO  ipc.Server (Server.java:run(1474)) - Starting Socket Reader #10 for port 15035
2025-04-17 16:40:25,535 [main] INFO  ozone.HddsDatanodeService (HddsDatanodeService.java:start(326)) - Datanode start with admins: [runner]
2025-04-17 16:40:25,536 [main] INFO  ozone.HddsDatanodeClientProtocolServer (HddsDatanodeClientProtocolServer.java:start(76)) - RPC server for Client /0.0.0.0:15035
2025-04-17 16:40:25,536 [IPC Server Responder] INFO  ipc.Server (Server.java:run(1713)) - IPC Server Responder: starting
2025-04-17 16:40:25,537 [IPC Server listener on 15035] INFO  ipc.Server (Server.java:run(1553)) - IPC Server listener on 15035: starting
2025-04-17 16:40:25,538 [main] WARN  dropwizard3.Dm3MetricRegistriesImpl (Dm3MetricRegistriesImpl.java:addReporterRegistration(114)) - New reporters are added after registries were created. Some metrics will be missing from the reporter. Please add reporter before adding any new registry.
2025-04-17 16:40:25,539 [main] WARN  dropwizard3.Dm3MetricRegistriesImpl (Dm3MetricRegistriesImpl.java:addReporterRegistration(114)) - New reporters are added after registries were created. Some metrics will be missing from the reporter. Please add reporter before adding any new registry.
2025-04-17 16:40:25,539 [main] INFO  impl.MetricsSystemImpl (MetricsSystemImpl.java:init(158)) - HddsDatanode metrics system started (again)
2025-04-17 16:40:25,543 [d6a19b8b-82a2-4947-8b44-7228be6ad053-DatanodeStateMachineDaemonThread] INFO  statemachine.DatanodeStateMachine (DatanodeStateMachine.java:startStateMachineThread(340)) - Ozone container server started.
2025-04-17 16:40:25,550 [d6a19b8b-82a2-4947-8b44-7228be6ad053-DatanodeStateMachineTaskThread-0] INFO  datanode.InitDatanodeState (InitDatanodeState.java:persistContainerDatanodeDetails(139)) - DatanodeDetails is persisted to /home/runner/work/ozone/ozone/hadoop-ozone/integration-test/target/test-dir/MiniOzoneClusterImpl-26e726f8-5cec-4c14-bf14-45d4895febc0/ozone-meta/datanode-4/meta/datanode.id
2025-04-17 16:40:25,556 [main] INFO  protocol.DatanodeDetails (DatanodeDetails.java:validateDatanodeIpAddress(199)) - Updating IP address of datanode 4a3059aa-ae89-4e47-8f1e-08d61ab31d43(fv-az1665-423.ifczmx5oewpevfcqsfqd21qzsa.ex.internal.cloudapp.net/null) to 10.1.0.98
2025-04-17 16:40:25,556 [main] INFO  ozone.HddsDatanodeService (HddsDatanodeService.java:start(235)) - HddsDatanodeService 4a3059aa-ae89-4e47-8f1e-08d61ab31d43(fv-az1665-423.ifczmx5oewpevfcqsfqd21qzsa.ex.internal.cloudapp.net/10.1.0.98)
2025-04-17 16:40:25,563 [main] INFO  upgrade.AbstractLayoutVersionManager (AbstractLayoutVersionManager.java:init(80)) - Initializing Layout version manager with metadata layout = HBASE_SUPPORT (version = 8), software layout = HBASE_SUPPORT (version = 8)
2025-04-17 16:40:25,567 [main] INFO  statemachine.DatanodeStateMachine (DatanodeStateMachine.java:getEndPointTaskThreadPoolSize(297)) - Datanode State Machine Task Thread Pool size 2
2025-04-17 16:40:25,573 [93cc9901-be1a-45f5-9681-0d93e627c426-EndpointStateMachineTaskThread-/0.0.0.0:15002-0 ] INFO  utils.DatanodeStoreCache (DatanodeStoreCache.java:addDB(71)) - Added db /home/runner/work/ozone/ozone/hadoop-ozone/integration-test/target/test-dir/MiniOzoneClusterImpl-26e726f8-5cec-4c14-bf14-45d4895febc0/ozone-meta/datanode-2/data-0/hdds/26e726f8-5cec-4c14-bf14-45d4895febc0/DS-b6a5c964-fc84-4adf-8175-52cc11ff33ea/container.db to cache
2025-04-17 16:40:25,573 [93cc9901-be1a-45f5-9681-0d93e627c426-EndpointStateMachineTaskThread-/0.0.0.0:15002-0 ] INFO  volume.HddsVolume (HddsVolume.java:createDbStore(455)) - SchemaV3 db is created and loaded at /home/runner/work/ozone/ozone/hadoop-ozone/integration-test/target/test-dir/MiniOzoneClusterImpl-26e726f8-5cec-4c14-bf14-45d4895febc0/ozone-meta/datanode-2/data-0/hdds/26e726f8-5cec-4c14-bf14-45d4895febc0/DS-b6a5c964-fc84-4adf-8175-52cc11ff33ea/container.db for volume DS-b6a5c964-fc84-4adf-8175-52cc11ff33ea
2025-04-17 16:40:25,575 [main] INFO  volume.HddsVolume (HddsVolume.java:<init>(141)) - HddsVolume: { id=DS-05199ff4-f465-44e3-9e9c-a0e3fb79641a dir=/home/runner/work/ozone/ozone/hadoop-ozone/integration-test/target/test-dir/MiniOzoneClusterImpl-26e726f8-5cec-4c14-bf14-45d4895febc0/ozone-meta/datanode-5/data-0/hdds type=DISK capacity=9222449699674390527 used=0 available=9222449699674390527 minFree=5368709120 committed=0 }
2025-04-17 16:40:25,575 [main] INFO  volume.MutableVolumeSet (MutableVolumeSet.java:initializeVolumeSet(166)) - Added Volume : /home/runner/work/ozone/ozone/hadoop-ozone/integration-test/target/test-dir/MiniOzoneClusterImpl-26e726f8-5cec-4c14-bf14-45d4895febc0/ozone-meta/datanode-5/data-0/hdds to VolumeSet
2025-04-17 16:40:25,578 [main] INFO  volume.MutableVolumeSet (MutableVolumeSet.java:initializeVolumeSet(166)) - Added Volume : /home/runner/work/ozone/ozone/hadoop-ozone/integration-test/target/test-dir/MiniOzoneClusterImpl-26e726f8-5cec-4c14-bf14-45d4895febc0/ozone-meta/datanode-5/ratis to VolumeSet
2025-04-17 16:40:25,581 [main] INFO  ozoneimpl.OzoneContainer (HddsVolumeUtil.java:loadAllHddsVolumeDbStore(102)) - Load 1 volumes DbStore cost: 0ms
2025-04-17 16:40:25,581 [main] WARN  db.DBStoreBuilder (DBStoreBuilder.java:getDBDirPath(167)) - ozone.scm.datanode.id.dir is not configured. We recommend adding this setting. Falling back to ozone.metadata.dirs instead.
2025-04-17 16:40:25,582 [main] WARN  db.DBStoreBuilder (DBStoreBuilder.java:getDBDirPath(167)) - ozone.scm.datanode.id.dir is not configured. We recommend adding this setting. Falling back to ozone.metadata.dirs instead.
2025-04-17 16:40:25,583 [93cc9901-be1a-45f5-9681-0d93e627c426-ContainerReader-0] INFO  ozoneimpl.ContainerReader (ContainerReader.java:readVolume(144)) - Start to verify containers on volume /home/runner/work/ozone/ozone/hadoop-ozone/integration-test/target/test-dir/MiniOzoneClusterImpl-26e726f8-5cec-4c14-bf14-45d4895febc0/ozone-meta/datanode-2/data-0/hdds
2025-04-17 16:40:25,583 [93cc9901-be1a-45f5-9681-0d93e627c426-ContainerReader-0] INFO  ozoneimpl.ContainerReader (ContainerReader.java:readVolume(174)) - Finish verifying containers on volume /home/runner/work/ozone/ozone/hadoop-ozone/integration-test/target/test-dir/MiniOzoneClusterImpl-26e726f8-5cec-4c14-bf14-45d4895febc0/ozone-meta/datanode-2/data-0/hdds
2025-04-17 16:40:25,585 [93cc9901-be1a-45f5-9681-0d93e627c426-EndpointStateMachineTaskThread-/0.0.0.0:15002-0 ] INFO  ozoneimpl.OzoneContainer (OzoneContainer.java:buildContainerSet(364)) - Build ContainerSet costs 0s
2025-04-17 16:40:25,585 [93cc9901-be1a-45f5-9681-0d93e627c426-EndpointStateMachineTaskThread-/0.0.0.0:15002-0 ] INFO  volume.ThrottledAsyncChecker (ThrottledAsyncChecker.java:schedule(138)) - Scheduling a check for /home/runner/work/ozone/ozone/hadoop-ozone/integration-test/target/test-dir/MiniOzoneClusterImpl-26e726f8-5cec-4c14-bf14-45d4895febc0/ozone-meta/datanode-2/data-0/hdds
2025-04-17 16:40:25,586 [93cc9901-be1a-45f5-9681-0d93e627c426-EndpointStateMachineTaskThread-/0.0.0.0:15002-0 ] INFO  volume.StorageVolumeChecker (StorageVolumeChecker.java:checkAllVolumes(215)) - Scheduled health check for volume /home/runner/work/ozone/ozone/hadoop-ozone/integration-test/target/test-dir/MiniOzoneClusterImpl-26e726f8-5cec-4c14-bf14-45d4895febc0/ozone-meta/datanode-2/data-0/hdds
2025-04-17 16:40:25,586 [93cc9901-be1a-45f5-9681-0d93e627c426-EndpointStateMachineTaskThread-/0.0.0.0:15002-0 ] INFO  volume.ThrottledAsyncChecker (ThrottledAsyncChecker.java:schedule(138)) - Scheduling a check for /home/runner/work/ozone/ozone/hadoop-ozone/integration-test/target/test-dir/MiniOzoneClusterImpl-26e726f8-5cec-4c14-bf14-45d4895febc0/ozone-meta/datanode-2/ratis
2025-04-17 16:40:25,587 [93cc9901-be1a-45f5-9681-0d93e627c426-EndpointStateMachineTaskThread-/0.0.0.0:15002-0 ] INFO  volume.StorageVolumeChecker (StorageVolumeChecker.java:checkAllVolumes(215)) - Scheduled health check for volume /home/runner/work/ozone/ozone/hadoop-ozone/integration-test/target/test-dir/MiniOzoneClusterImpl-26e726f8-5cec-4c14-bf14-45d4895febc0/ozone-meta/datanode-2/ratis
2025-04-17 16:40:25,591 [93cc9901-be1a-45f5-9681-0d93e627c426-EndpointStateMachineTaskThread-/0.0.0.0:15002-0 ] INFO  ozoneimpl.OzoneContainer (OzoneContainer.java:start(512)) - Attempting to start container services.
2025-04-17 16:40:25,591 [93cc9901-be1a-45f5-9681-0d93e627c426-EndpointStateMachineTaskThread-/0.0.0.0:15002-0 ] WARN  ozoneimpl.OnDemandContainerDataScanner (OnDemandContainerDataScanner.java:init(74)) - Trying to initialize on demand scanner a second time on a datanode.
2025-04-17 16:40:25,593 [ContainerMetadataScanner] INFO  ozoneimpl.AbstractBackgroundContainerScanner (AbstractBackgroundContainerScanner.java:runIteration(89)) - Completed an iteration in 0 minutes. Number of iterations (since the data-node restart) : 1, Number of containers scanned in this iteration : 0, Number of unhealthy containers found in this iteration : 0
2025-04-17 16:40:25,594 [ContainerDataScanner(/home/runner/work/ozone/ozone/hadoop-ozone/integration-test/target/test-dir/MiniOzoneClusterImpl-26e726f8-5cec-4c14-bf14-45d4895febc0/ozone-meta/datanode-2/data-0/hdds)] INFO  ozoneimpl.AbstractBackgroundContainerScanner (AbstractBackgroundContainerScanner.java:runIteration(89)) - Completed an iteration in 0 minutes. Number of iterations (since the data-node restart) : 1, Number of containers scanned in this iteration : 0, Number of unhealthy containers found in this iteration : 0
2025-04-17 16:40:25,594 [93cc9901-be1a-45f5-9681-0d93e627c426-EndpointStateMachineTaskThread-/0.0.0.0:15002-0 ] INFO  replication.ReplicationServer (ReplicationServer.java:start(137)) - ReplicationServer is started using port 15025
2025-04-17 16:40:25,595 [93cc9901-be1a-45f5-9681-0d93e627c426-EndpointStateMachineTaskThread-/0.0.0.0:15002-0 ] INFO  ratis.XceiverServerRatis (XceiverServerRatis.java:start(561)) - Starting XceiverServerRatis(93cc9901-be1a-45f5-9681-0d93e627c426)
2025-04-17 16:40:25,596 [93cc9901-be1a-45f5-9681-0d93e627c426-EndpointStateMachineTaskThread-/0.0.0.0:15002-0 ] INFO  server.RaftServer (RaftServerProxy.java:startImpl(407)) - 93cc9901-be1a-45f5-9681-0d93e627c426: start RPC server
2025-04-17 16:40:25,597 [93cc9901-be1a-45f5-9681-0d93e627c426-EndpointStateMachineTaskThread-/0.0.0.0:15002-0 ] INFO  server.GrpcService (GrpcService.java:startImpl(334)) - 93cc9901-be1a-45f5-9681-0d93e627c426: GrpcService started, listening on 15021
2025-04-17 16:40:25,598 [93cc9901-be1a-45f5-9681-0d93e627c426-EndpointStateMachineTaskThread-/0.0.0.0:15002-0 ] INFO  server.GrpcService (GrpcService.java:startImpl(334)) - 93cc9901-be1a-45f5-9681-0d93e627c426: GrpcService started, listening on 15023
2025-04-17 16:40:25,599 [93cc9901-be1a-45f5-9681-0d93e627c426-EndpointStateMachineTaskThread-/0.0.0.0:15002-0 ] INFO  server.GrpcService (GrpcService.java:startImpl(334)) - 93cc9901-be1a-45f5-9681-0d93e627c426: GrpcService started, listening on 15022
2025-04-17 16:40:25,600 [93cc9901-be1a-45f5-9681-0d93e627c426-EndpointStateMachineTaskThread-/0.0.0.0:15002-0 ] INFO  ratis.XceiverServerRatis (XceiverServerRatis.java:getRealPort(588)) - XceiverServerRatis(93cc9901-be1a-45f5-9681-0d93e627c426) is started using port RATIS=15021
2025-04-17 16:40:25,600 [93cc9901-be1a-45f5-9681-0d93e627c426-EndpointStateMachineTaskThread-/0.0.0.0:15002-0 ] INFO  ratis.XceiverServerRatis (XceiverServerRatis.java:getRealPort(588)) - XceiverServerRatis(93cc9901-be1a-45f5-9681-0d93e627c426) is started using port RATIS_ADMIN=15022
2025-04-17 16:40:25,600 [93cc9901-be1a-45f5-9681-0d93e627c426-EndpointStateMachineTaskThread-/0.0.0.0:15002-0 ] INFO  ratis.XceiverServerRatis (XceiverServerRatis.java:getRealPort(588)) - XceiverServerRatis(93cc9901-be1a-45f5-9681-0d93e627c426) is started using port RATIS_SERVER=15023
2025-04-17 16:40:25,600 [93cc9901-be1a-45f5-9681-0d93e627c426-EndpointStateMachineTaskThread-/0.0.0.0:15002-0 ] INFO  ratis.XceiverServerRatis (XceiverServerRatis.java:getRealPort(588)) - XceiverServerRatis(93cc9901-be1a-45f5-9681-0d93e627c426) is started using port RATIS_DATASTREAM=15024
2025-04-17 16:40:25,600 [JvmPauseMonitor4] INFO  util.JvmPauseMonitor (JvmPauseMonitor.java:run(146)) - JvmPauseMonitor-93cc9901-be1a-45f5-9681-0d93e627c426: Started
2025-04-17 16:40:25,602 [93cc9901-be1a-45f5-9681-0d93e627c426-BlockDeletingService#0] INFO  interfaces.ContainerDeletionChoosingPolicyTemplate (ContainerDeletionChoosingPolicyTemplate.java:chooseContainerForBlockDeletion(83)) - Chosen 0/5000 blocks from 0 candidate containers.
2025-04-17 16:40:25,608 [main] INFO  impl.FilePerChunkStrategy (FilePerChunkStrategy.java:<init>(79)) - ozone.chunk.read.mapped.buffer.max.count is load with 0
2025-04-17 16:40:25,608 [main] INFO  impl.FilePerBlockStrategy (FilePerBlockStrategy.java:<init>(87)) - ozone.chunk.read.mapped.buffer.max.count is load with 0
2025-04-17 16:40:25,610 [main] INFO  server.RaftServerConfigKeys (ConfUtils.java:logGet(46)) - raft.server.log.appender.buffer.byte-limit = 33554432 (custom)
2025-04-17 16:40:25,612 [main] INFO  server.RaftServer (ConfUtils.java:logGet(46)) - raft.rpc.type = GRPC (default)
2025-04-17 16:40:25,613 [main] INFO  grpc.GrpcConfigKeys (ConfUtils.java:logFallback(53)) - raft.grpc.admin.host = null (fallback to raft.grpc.server.host)
2025-04-17 16:40:25,613 [main] INFO  grpc.GrpcConfigKeys (ConfUtils.java:logGet(46)) - raft.grpc.admin.port = 15046 (custom)
2025-04-17 16:40:25,614 [main] INFO  grpc.GrpcConfigKeys (ConfUtils.java:logFallback(53)) - raft.grpc.client.host = null (fallback to raft.grpc.server.host)
2025-04-17 16:40:25,614 [main] INFO  grpc.GrpcConfigKeys (ConfUtils.java:logGet(46)) - raft.grpc.client.port = 15045 (custom)
2025-04-17 16:40:25,615 [main] INFO  grpc.GrpcConfigKeys (ConfUtils.java:logGet(46)) - raft.grpc.server.host = null (default)
2025-04-17 16:40:25,615 [main] INFO  grpc.GrpcConfigKeys (ConfUtils.java:logGet(46)) - raft.grpc.server.port = 15047 (custom)
2025-04-17 16:40:25,615 [main] INFO  server.GrpcService (ConfUtils.java:logGet(46)) - raft.grpc.message.size.max = 34603008 (custom)
2025-04-17 16:40:25,615 [main] INFO  server.GrpcService (ConfUtils.java:logGet(46)) - raft.grpc.flow.control.window = 5MB (=5242880) (custom)
2025-04-17 16:40:25,616 [main] INFO  server.RaftServerConfigKeys (ConfUtils.java:logGet(46)) - raft.server.rpc.request.timeout = 60s (custom)
2025-04-17 16:40:25,616 [main] INFO  grpc.GrpcConfigKeys (ConfUtils.java:logGet(46)) - raft.grpc.server.heartbeat.channel = true (default)
2025-04-17 16:40:25,616 [main] INFO  server.RaftServerConfigKeys (ConfUtils.java:logGet(46)) - raft.server.log.appender.buffer.byte-limit = 33554432 (custom)
2025-04-17 16:40:25,616 [main] INFO  grpc.GrpcConfigKeys (ConfUtils.java:logGet(46)) - raft.grpc.server.async.request.thread.pool.cached = true (default)
2025-04-17 16:40:25,616 [main] INFO  grpc.GrpcConfigKeys (ConfUtils.java:logGet(46)) - raft.grpc.server.async.request.thread.pool.size = 32 (default)
2025-04-17 16:40:25,618 [main] INFO  impl.DataStreamServerImpl (ConfUtils.java:logGet(46)) - raft.datastream.type = NETTY (custom)
2025-04-17 16:40:25,618 [main] INFO  server.RaftServerConfigKeys (ConfUtils.java:logGet(46)) - raft.server.data-stream.async.request.thread.pool.cached = false (default)
2025-04-17 16:40:25,619 [main] INFO  server.RaftServerConfigKeys (ConfUtils.java:logGet(46)) - raft.server.data-stream.async.request.thread.pool.size = 20 (custom)
2025-04-17 16:40:25,619 [main] INFO  server.RaftServerConfigKeys (ConfUtils.java:logGet(46)) - raft.server.data-stream.async.write.thread.pool.size = 16 (default)
2025-04-17 16:40:25,619 [main] INFO  netty.NettyConfigKeys$DataStream (ConfUtils.java:logGet(46)) - raft.netty.dataStream.server.channel.inactive.grace-period = 10min (default)
2025-04-17 16:40:25,619 [main] INFO  server.RaftServerConfigKeys (ConfUtils.java:logGet(46)) - raft.server.data-stream.client.pool.size = 10 (default)
2025-04-17 16:40:25,619 [main] INFO  netty.NettyConfigKeys$DataStream (ConfUtils.java:logGet(46)) - raft.netty.dataStream.server.use-epoll = true (default)
2025-04-17 16:40:25,619 [main] INFO  netty.NettyConfigKeys$DataStream (ConfUtils.java:logGet(46)) - raft.netty.dataStream.server.boss-group.size = 0 (default)
2025-04-17 16:40:25,619 [main] INFO  netty.NettyUtils (NettyUtils.java:newEventLoopGroup(74)) - Create EpollEventLoopGroup for 4a3059aa-ae89-4e47-8f1e-08d61ab31d43-NettyServerStreamRpc-bossGroup; Thread size is 0.
2025-04-17 16:40:25,620 [main] INFO  netty.NettyConfigKeys$DataStream (ConfUtils.java:logGet(46)) - raft.netty.dataStream.server.worker-group.size = 0 (default)
2025-04-17 16:40:25,620 [main] INFO  netty.NettyUtils (NettyUtils.java:newEventLoopGroup(74)) - Create EpollEventLoopGroup for 4a3059aa-ae89-4e47-8f1e-08d61ab31d43-NettyServerStreamRpc-workerGroup; Thread size is 0.
2025-04-17 16:40:25,621 [main] INFO  netty.NettyConfigKeys$DataStream (ConfUtils.java:logGet(46)) - raft.netty.dataStream.server.tls.conf = null (default)
2025-04-17 16:40:25,621 [main] INFO  netty.NettyConfigKeys$DataStream (ConfUtils.java:logGet(46)) - raft.netty.dataStream.host = null (default)
2025-04-17 16:40:25,622 [main] INFO  netty.NettyConfigKeys$DataStream (ConfUtils.java:logGet(46)) - raft.netty.dataStream.port = 15048 (custom)
2025-04-17 16:40:25,622 [main] INFO  server.RaftServerConfigKeys (ConfUtils.java:logGet(46)) - raft.server.sleep.deviation.threshold = 300ms (default)
2025-04-17 16:40:25,623 [main] INFO  server.RaftServerConfigKeys (ConfUtils.java:logGet(46)) - raft.server.close.threshold = 60s (default)
2025-04-17 16:40:25,623 [main] INFO  server.RaftServerConfigKeys (ConfUtils.java:logGet(46)) - raft.server.leaderelection.leader.step-down.wait-time = 10s (default)
2025-04-17 16:40:25,623 [main] INFO  server.RaftServerConfigKeys (ConfUtils.java:logGet(46)) - raft.server.storage.dir = [/home/runner/work/ozone/ozone/hadoop-ozone/integration-test/target/test-dir/MiniOzoneClusterImpl-26e726f8-5cec-4c14-bf14-45d4895febc0/ozone-meta/datanode-5/ratis] (custom)
2025-04-17 16:40:25,623 [main] INFO  server.RaftServerConfigKeys (ConfUtils.java:logGet(46)) - raft.server.threadpool.proxy.cached = true (default)
2025-04-17 16:40:25,623 [main] INFO  server.RaftServerConfigKeys (ConfUtils.java:logGet(46)) - raft.server.threadpool.proxy.size = 0 (default)
2025-04-17 16:40:25,623 [4a3059aa-ae89-4e47-8f1e-08d61ab31d43-NettyServerStreamRpc-bossGroup--thread1] INFO  logging.LoggingHandler (AbstractInternalLogger.java:log(148)) - [id: 0x16c4d622] REGISTERED
2025-04-17 16:40:25,624 [4a3059aa-ae89-4e47-8f1e-08d61ab31d43-NettyServerStreamRpc-bossGroup--thread1] INFO  logging.LoggingHandler (AbstractInternalLogger.java:log(148)) - [id: 0x16c4d622] BIND: 0.0.0.0/0.0.0.0:15048
2025-04-17 16:40:25,624 [4a3059aa-ae89-4e47-8f1e-08d61ab31d43-NettyServerStreamRpc-bossGroup--thread1] INFO  logging.LoggingHandler (AbstractInternalLogger.java:log(148)) - [id: 0x16c4d622, L:/0.0.0.0:15048] ACTIVE
2025-04-17 16:40:25,625 [4a3059aa-ae89-4e47-8f1e-08d61ab31d43-impl-thread1] INFO  server.RaftServer (RaftServerProxy.java:initGroupDir(265)) - 4a3059aa-ae89-4e47-8f1e-08d61ab31d43: found a subdirectory /home/runner/work/ozone/ozone/hadoop-ozone/integration-test/target/test-dir/MiniOzoneClusterImpl-26e726f8-5cec-4c14-bf14-45d4895febc0/ozone-meta/datanode-5/ratis/tmp
2025-04-17 16:40:25,625 [4a3059aa-ae89-4e47-8f1e-08d61ab31d43-impl-thread1] INFO  server.RaftServer (RaftServerProxy.java:initGroupDir(270)) - 4a3059aa-ae89-4e47-8f1e-08d61ab31d43: The directory /home/runner/work/ozone/ozone/hadoop-ozone/integration-test/target/test-dir/MiniOzoneClusterImpl-26e726f8-5cec-4c14-bf14-45d4895febc0/ozone-meta/datanode-5/ratis/tmp is not a group directory; ignoring it. 
2025-04-17 16:40:25,625 [main] INFO  replication.ReplicationServer (ReplicationServer.java:<init>(84)) - Initializing replication server with thread count = 10 queue length = 4096
2025-04-17 16:40:25,626 [main] INFO  server.XceiverServerGrpc (XceiverServerGrpc.java:<init>(131)) - GrpcServer channel type EpollServerSocketChannel
2025-04-17 16:40:25,628 [main] INFO  replication.ReplicationSupervisor (ReplicationSupervisor.java:build(169)) - Initializing replication supervisor with thread count = 10
2025-04-17 16:40:25,628 [main] INFO  replication.ReplicationSupervisor (ReplicationSupervisor.java:nodeStateUpdated(358)) - Node state updated to IN_SERVICE, scaling executor pool size to 10
2025-04-17 16:40:25,631 [main] INFO  http.BaseHttpServer (BaseHttpServer.java:newHttpServer2BuilderForOzone(229)) - Starting Web-server for hddsDatanode at: http://0.0.0.0:15042
2025-04-17 16:40:25,631 [main] INFO  http.BaseHttpServer (BaseHttpServer.java:<init>(107)) - Hadoop Security Enabled: false Ozone Security Enabled: false Ozone HTTP Security Enabled: false 
2025-04-17 16:40:25,633 [main] WARN  server.AuthenticationFilter (AuthenticationFilter.java:constructSecretProvider(240)) - Unable to initialize FileSignerSecretProvider, falling back to use random secrets. Reason: Could not read signature secret file: /home/runner/hadoop-http-auth-signature-secret
2025-04-17 16:40:25,635 [main] INFO  http.HttpServer2 (HttpServer2.java:addGlobalFilter(1041)) - Added global filter 'safety' (class=org.apache.hadoop.hdds.server.http.HttpServer2$QuotingInputFilter)
2025-04-17 16:40:25,636 [main] INFO  http.HttpServer2 (HttpServer2.java:addFilter(1017)) - Added filter static_user_filter (class=org.apache.hadoop.http.lib.StaticUserWebFilter$StaticUserFilter) to context hddsDatanode
2025-04-17 16:40:25,636 [main] INFO  http.HttpServer2 (HttpServer2.java:addFilter(1025)) - Added filter static_user_filter (class=org.apache.hadoop.http.lib.StaticUserWebFilter$StaticUserFilter) to context static
2025-04-17 16:40:25,636 [main] INFO  http.HttpServer2 (HttpServer2.java:addFilter(1025)) - Added filter static_user_filter (class=org.apache.hadoop.http.lib.StaticUserWebFilter$StaticUserFilter) to context logs
2025-04-17 16:40:25,637 [main] INFO  http.BaseHttpServer (BaseHttpServer.java:<init>(195)) - HTTP server of hddsDatanode uses base directory /home/runner/work/ozone/ozone/hadoop-ozone/integration-test/target/test-dir/MiniOzoneClusterImpl-26e726f8-5cec-4c14-bf14-45d4895febc0/ozone-meta/datanode-5/meta/webserver
2025-04-17 16:40:25,637 [main] INFO  http.HttpServer2 (HttpServer2.java:bindListener(1241)) - Jetty bound to port 15042
2025-04-17 16:40:25,637 [main] INFO  server.Server (Server.java:doStart(375)) - jetty-9.4.57.v20241219; built: 2025-01-08T21:24:30.412Z; git: df524e6b29271c2e09ba9aea83c18dc9db464a31; jvm 21.0.6+7-LTS
2025-04-17 16:40:25,639 [main] INFO  server.session (DefaultSessionIdManager.java:doStart(334)) - DefaultSessionIdManager workerName=node0
2025-04-17 16:40:25,639 [main] INFO  server.session (DefaultSessionIdManager.java:doStart(339)) - No SessionScavenger set, using defaults
2025-04-17 16:40:25,639 [main] INFO  server.session (HouseKeeper.java:startScavenging(132)) - node0 Scavenging every 600000ms
2025-04-17 16:40:25,640 [main] INFO  handler.ContextHandler (ContextHandler.java:doStart(921)) - Started o.e.j.s.ServletContextHandler@3a6b8805{logs,/logs,file:///home/runner/work/ozone/ozone/hadoop-ozone/integration-test/target/log,AVAILABLE}
2025-04-17 16:40:25,641 [main] INFO  handler.ContextHandler (ContextHandler.java:doStart(921)) - Started o.e.j.s.ServletContextHandler@536efbfe{static,/static,jar:file:/home/runner/work/ozone/ozone/hadoop-hdds/container-service/target/hdds-container-service-2.1.0-SNAPSHOT.jar!/webapps/static,AVAILABLE}
2025-04-17 16:40:25,789 [IPC Server handler 2 on default port 15002] INFO  net.NetworkTopologyImpl (NetworkTopologyImpl.java:add(133)) - Added a new node: /default-rack/c825922c-8499-4d06-bbc0-08abc9a8124c
2025-04-17 16:40:25,791 [IPC Server handler 2 on default port 15002] INFO  node.SCMNodeManager (SCMNodeManager.java:register(425)) - Registered datanode: c825922c-8499-4d06-bbc0-08abc9a8124c{ip: 127.0.0.1, host: localhost, ports: [HTTP=15010, CLIENT_RPC=15011, REPLICATION=15017, RATIS=15013, RATIS_ADMIN=15014, RATIS_SERVER=15015, RATIS_DATASTREAM=15016, STANDALONE=15012], networkLocation: /default-rack, certSerialId: null, persistedOpState: null, persistedOpStateExpiryEpochSec: 0}
2025-04-17 16:40:25,792 [EventQueue-NewNodeForNewNodeHandler] INFO  pipeline.BackgroundPipelineCreator (BackgroundPipelineCreator.java:notifyEventTriggered(291)) - trigger a one-shot run on RatisPipelineUtilsThread.
2025-04-17 16:40:25,795 [EventQueue-NodeRegistrationContainerReportForDataNodeSafeModeRule] INFO  safemode.SCMSafeModeManager (DataNodeSafeModeRule.java:process(79)) - SCM in safe mode. 1 DataNodes registered, 3 required.
2025-04-17 16:40:25,796 [EventQueue-ContainerRegistrationReportForECContainerSafeModeRule] INFO  safemode.SCMSafeModeManager (SCMSafeModeManager.java:validateSafeModeExitRules(186)) - ECContainerSafeModeRule rule is successfully validated
2025-04-17 16:40:25,800 [EventQueue-ContainerRegistrationReportForRatisContainerSafeModeRule] INFO  safemode.SCMSafeModeManager (SCMSafeModeManager.java:validateSafeModeExitRules(186)) - RatisContainerSafeModeRule rule is successfully validated
2025-04-17 16:40:25,801 [main] INFO  handler.ContextHandler (ContextHandler.java:doStart(921)) - Started o.e.j.w.WebAppContext@156187bf{hddsDatanode,/,file:///home/runner/work/ozone/ozone/hadoop-ozone/integration-test/target/test-dir/MiniOzoneClusterImpl-26e726f8-5cec-4c14-bf14-45d4895febc0/ozone-meta/datanode-5/meta/webserver/jetty-0_0_0_0-15042-hdds-container-service-2_1_0-SNAPSHOT_jar-_-any-12236312520362364901/webapp/,AVAILABLE}{jar:file:/home/runner/work/ozone/ozone/hadoop-hdds/container-service/target/hdds-container-service-2.1.0-SNAPSHOT.jar!/webapps/hddsDatanode}
2025-04-17 16:40:25,801 [EventQueue-PipelineReportForOneReplicaPipelineSafeModeRule] INFO  safemode.SCMSafeModeManager (SCMSafeModeManager.java:validateSafeModeExitRules(186)) - AtleastOneDatanodeReportedRule rule is successfully validated
2025-04-17 16:40:25,801 [main] INFO  server.AbstractConnector (AbstractConnector.java:doStart(333)) - Started ServerConnector@13312ba2{HTTP/1.1, (http/1.1)}{0.0.0.0:15042}
2025-04-17 16:40:25,801 [main] INFO  server.Server (Server.java:doStart(415)) - Started @11855ms
2025-04-17 16:40:25,801 [main] WARN  impl.MetricsSystemImpl (MetricsSystemImpl.java:register(279)) - Sink prometheus already exists!
2025-04-17 16:40:25,803 [RatisPipelineUtilsThread-0] INFO  pipeline.RatisPipelineProvider (RatisPipelineProvider.java:lambda$create$0(203)) - Sending CreatePipelineCommand for pipeline:PipelineID=ba926e06-1642-4427-9b6a-8d29fba23a78 to datanode:c825922c-8499-4d06-bbc0-08abc9a8124c
2025-04-17 16:40:25,804 [main] INFO  http.BaseHttpServer (BaseHttpServer.java:updateConnectorAddress(360)) - HTTP server of hddsDatanode listening at http://0.0.0.0:15042
2025-04-17 16:40:25,804 [main] INFO  ipc.CallQueueManager (CallQueueManager.java:<init>(93)) - Using callQueue: class java.util.concurrent.LinkedBlockingQueue, queueCapacity: 1000, scheduler: class org.apache.hadoop.ipc.DefaultRpcScheduler, ipcBackoff: false, ipcFailOver: false.
2025-04-17 16:40:25,805 [main] INFO  ipc.Server (Server.java:<init>(1438)) - Listener at 0.0.0.0:15043
2025-04-17 16:40:25,807 [Socket Reader #1 for port 15043] INFO  ipc.Server (Server.java:run(1474)) - Starting Socket Reader #1 for port 15043
2025-04-17 16:40:25,807 [Socket Reader #2 for port 15043] INFO  ipc.Server (Server.java:run(1474)) - Starting Socket Reader #2 for port 15043
2025-04-17 16:40:25,808 [Socket Reader #3 for port 15043] INFO  ipc.Server (Server.java:run(1474)) - Starting Socket Reader #3 for port 15043
2025-04-17 16:40:25,809 [Socket Reader #4 for port 15043] INFO  ipc.Server (Server.java:run(1474)) - Starting Socket Reader #4 for port 15043
2025-04-17 16:40:25,809 [Socket Reader #5 for port 15043] INFO  ipc.Server (Server.java:run(1474)) - Starting Socket Reader #5 for port 15043
2025-04-17 16:40:25,809 [Socket Reader #6 for port 15043] INFO  ipc.Server (Server.java:run(1474)) - Starting Socket Reader #6 for port 15043
2025-04-17 16:40:25,810 [a6bf55e3-38e4-411e-ac0b-5acdb6a35656-EndpointStateMachineTaskThread-/0.0.0.0:15002-0 ] INFO  utils.DatanodeStoreCache (DatanodeStoreCache.java:addDB(71)) - Added db /home/runner/work/ozone/ozone/hadoop-ozone/integration-test/target/test-dir/MiniOzoneClusterImpl-26e726f8-5cec-4c14-bf14-45d4895febc0/ozone-meta/datanode-3/data-0/hdds/26e726f8-5cec-4c14-bf14-45d4895febc0/DS-c2ed9a67-6500-4afd-8cdd-e4ab20ff1369/container.db to cache
2025-04-17 16:40:25,810 [a6bf55e3-38e4-411e-ac0b-5acdb6a35656-EndpointStateMachineTaskThread-/0.0.0.0:15002-0 ] INFO  volume.HddsVolume (HddsVolume.java:createDbStore(455)) - SchemaV3 db is created and loaded at /home/runner/work/ozone/ozone/hadoop-ozone/integration-test/target/test-dir/MiniOzoneClusterImpl-26e726f8-5cec-4c14-bf14-45d4895febc0/ozone-meta/datanode-3/data-0/hdds/26e726f8-5cec-4c14-bf14-45d4895febc0/DS-c2ed9a67-6500-4afd-8cdd-e4ab20ff1369/container.db for volume DS-c2ed9a67-6500-4afd-8cdd-e4ab20ff1369
2025-04-17 16:40:25,810 [Socket Reader #8 for port 15043] INFO  ipc.Server (Server.java:run(1474)) - Starting Socket Reader #8 for port 15043
2025-04-17 16:40:25,810 [Socket Reader #7 for port 15043] INFO  ipc.Server (Server.java:run(1474)) - Starting Socket Reader #7 for port 15043
2025-04-17 16:40:25,811 [Socket Reader #9 for port 15043] INFO  ipc.Server (Server.java:run(1474)) - Starting Socket Reader #9 for port 15043
2025-04-17 16:40:25,811 [Socket Reader #10 for port 15043] INFO  ipc.Server (Server.java:run(1474)) - Starting Socket Reader #10 for port 15043
2025-04-17 16:40:25,815 [main] INFO  ozone.HddsDatanodeService (HddsDatanodeService.java:start(326)) - Datanode start with admins: [runner]
2025-04-17 16:40:25,815 [main] INFO  ozone.HddsDatanodeClientProtocolServer (HddsDatanodeClientProtocolServer.java:start(76)) - RPC server for Client /0.0.0.0:15043
2025-04-17 16:40:25,816 [a6bf55e3-38e4-411e-ac0b-5acdb6a35656-ContainerReader-0] INFO  ozoneimpl.ContainerReader (ContainerReader.java:readVolume(144)) - Start to verify containers on volume /home/runner/work/ozone/ozone/hadoop-ozone/integration-test/target/test-dir/MiniOzoneClusterImpl-26e726f8-5cec-4c14-bf14-45d4895febc0/ozone-meta/datanode-3/data-0/hdds
2025-04-17 16:40:25,816 [a6bf55e3-38e4-411e-ac0b-5acdb6a35656-ContainerReader-0] INFO  ozoneimpl.ContainerReader (ContainerReader.java:readVolume(174)) - Finish verifying containers on volume /home/runner/work/ozone/ozone/hadoop-ozone/integration-test/target/test-dir/MiniOzoneClusterImpl-26e726f8-5cec-4c14-bf14-45d4895febc0/ozone-meta/datanode-3/data-0/hdds
2025-04-17 16:40:25,816 [IPC Server listener on 15043] INFO  ipc.Server (Server.java:run(1553)) - IPC Server listener on 15043: starting
2025-04-17 16:40:25,816 [IPC Server Responder] INFO  ipc.Server (Server.java:run(1713)) - IPC Server Responder: starting
2025-04-17 16:40:25,816 [a6bf55e3-38e4-411e-ac0b-5acdb6a35656-EndpointStateMachineTaskThread-/0.0.0.0:15002-0 ] INFO  ozoneimpl.OzoneContainer (OzoneContainer.java:buildContainerSet(364)) - Build ContainerSet costs 0s
2025-04-17 16:40:25,817 [a6bf55e3-38e4-411e-ac0b-5acdb6a35656-EndpointStateMachineTaskThread-/0.0.0.0:15002-0 ] INFO  volume.ThrottledAsyncChecker (ThrottledAsyncChecker.java:schedule(138)) - Scheduling a check for /home/runner/work/ozone/ozone/hadoop-ozone/integration-test/target/test-dir/MiniOzoneClusterImpl-26e726f8-5cec-4c14-bf14-45d4895febc0/ozone-meta/datanode-3/data-0/hdds
2025-04-17 16:40:25,818 [a6bf55e3-38e4-411e-ac0b-5acdb6a35656-EndpointStateMachineTaskThread-/0.0.0.0:15002-0 ] INFO  volume.StorageVolumeChecker (StorageVolumeChecker.java:checkAllVolumes(215)) - Scheduled health check for volume /home/runner/work/ozone/ozone/hadoop-ozone/integration-test/target/test-dir/MiniOzoneClusterImpl-26e726f8-5cec-4c14-bf14-45d4895febc0/ozone-meta/datanode-3/data-0/hdds
2025-04-17 16:40:25,819 [a6bf55e3-38e4-411e-ac0b-5acdb6a35656-EndpointStateMachineTaskThread-/0.0.0.0:15002-0 ] INFO  volume.ThrottledAsyncChecker (ThrottledAsyncChecker.java:schedule(138)) - Scheduling a check for /home/runner/work/ozone/ozone/hadoop-ozone/integration-test/target/test-dir/MiniOzoneClusterImpl-26e726f8-5cec-4c14-bf14-45d4895febc0/ozone-meta/datanode-3/ratis
2025-04-17 16:40:25,819 [a6bf55e3-38e4-411e-ac0b-5acdb6a35656-EndpointStateMachineTaskThread-/0.0.0.0:15002-0 ] INFO  volume.StorageVolumeChecker (StorageVolumeChecker.java:checkAllVolumes(215)) - Scheduled health check for volume /home/runner/work/ozone/ozone/hadoop-ozone/integration-test/target/test-dir/MiniOzoneClusterImpl-26e726f8-5cec-4c14-bf14-45d4895febc0/ozone-meta/datanode-3/ratis
2025-04-17 16:40:25,821 [a6bf55e3-38e4-411e-ac0b-5acdb6a35656-EndpointStateMachineTaskThread-/0.0.0.0:15002-0 ] INFO  ozoneimpl.OzoneContainer (OzoneContainer.java:start(512)) - Attempting to start container services.
2025-04-17 16:40:25,821 [a6bf55e3-38e4-411e-ac0b-5acdb6a35656-EndpointStateMachineTaskThread-/0.0.0.0:15002-0 ] WARN  ozoneimpl.OnDemandContainerDataScanner (OnDemandContainerDataScanner.java:init(74)) - Trying to initialize on demand scanner a second time on a datanode.
2025-04-17 16:40:25,825 [main] INFO  ozone.MiniOzoneClusterImpl (MiniOzoneClusterImpl.java:lambda$waitForClusterToBeReady$0(190)) - Waiting for nodes to be ready. Got 1 of 5 DN Heartbeats.
2025-04-17 16:40:25,825 [main] INFO  ozone.MiniOzoneClusterImpl (MiniOzoneClusterImpl.java:lambda$waitForClusterToBeReady$0(193)) - Waiting for cluster to exit safe mode
2025-04-17 16:40:25,825 [main] INFO  ozone.MiniOzoneClusterImpl (MiniOzoneClusterImpl.java:lambda$waitForClusterToBeReady$0(195)) - SCM became leader
2025-04-17 16:40:25,827 [ContainerMetadataScanner] INFO  ozoneimpl.AbstractBackgroundContainerScanner (AbstractBackgroundContainerScanner.java:runIteration(89)) - Completed an iteration in 0 minutes. Number of iterations (since the data-node restart) : 1, Number of containers scanned in this iteration : 0, Number of unhealthy containers found in this iteration : 0
2025-04-17 16:40:25,827 [ContainerDataScanner(/home/runner/work/ozone/ozone/hadoop-ozone/integration-test/target/test-dir/MiniOzoneClusterImpl-26e726f8-5cec-4c14-bf14-45d4895febc0/ozone-meta/datanode-3/data-0/hdds)] INFO  ozoneimpl.AbstractBackgroundContainerScanner (AbstractBackgroundContainerScanner.java:runIteration(89)) - Completed an iteration in 0 minutes. Number of iterations (since the data-node restart) : 1, Number of containers scanned in this iteration : 0, Number of unhealthy containers found in this iteration : 0
2025-04-17 16:40:25,828 [4a3059aa-ae89-4e47-8f1e-08d61ab31d43-DatanodeStateMachineDaemonThread] INFO  statemachine.DatanodeStateMachine (DatanodeStateMachine.java:startStateMachineThread(340)) - Ozone container server started.
2025-04-17 16:40:25,831 [a6bf55e3-38e4-411e-ac0b-5acdb6a35656-EndpointStateMachineTaskThread-/0.0.0.0:15002-0 ] INFO  replication.ReplicationServer (ReplicationServer.java:start(137)) - ReplicationServer is started using port 15033
2025-04-17 16:40:25,831 [a6bf55e3-38e4-411e-ac0b-5acdb6a35656-EndpointStateMachineTaskThread-/0.0.0.0:15002-0 ] INFO  ratis.XceiverServerRatis (XceiverServerRatis.java:start(561)) - Starting XceiverServerRatis(a6bf55e3-38e4-411e-ac0b-5acdb6a35656)
2025-04-17 16:40:25,834 [a6bf55e3-38e4-411e-ac0b-5acdb6a35656-EndpointStateMachineTaskThread-/0.0.0.0:15002-0 ] INFO  server.RaftServer (RaftServerProxy.java:startImpl(407)) - a6bf55e3-38e4-411e-ac0b-5acdb6a35656: start RPC server
2025-04-17 16:40:25,835 [a6bf55e3-38e4-411e-ac0b-5acdb6a35656-EndpointStateMachineTaskThread-/0.0.0.0:15002-0 ] INFO  server.GrpcService (GrpcService.java:startImpl(334)) - a6bf55e3-38e4-411e-ac0b-5acdb6a35656: GrpcService started, listening on 15029
2025-04-17 16:40:25,836 [a6bf55e3-38e4-411e-ac0b-5acdb6a35656-EndpointStateMachineTaskThread-/0.0.0.0:15002-0 ] INFO  server.GrpcService (GrpcService.java:startImpl(334)) - a6bf55e3-38e4-411e-ac0b-5acdb6a35656: GrpcService started, listening on 15031
2025-04-17 16:40:25,836 [4a3059aa-ae89-4e47-8f1e-08d61ab31d43-DatanodeStateMachineTaskThread-0] INFO  datanode.InitDatanodeState (InitDatanodeState.java:persistContainerDatanodeDetails(139)) - DatanodeDetails is persisted to /home/runner/work/ozone/ozone/hadoop-ozone/integration-test/target/test-dir/MiniOzoneClusterImpl-26e726f8-5cec-4c14-bf14-45d4895febc0/ozone-meta/datanode-5/meta/datanode.id
2025-04-17 16:40:25,837 [a6bf55e3-38e4-411e-ac0b-5acdb6a35656-EndpointStateMachineTaskThread-/0.0.0.0:15002-0 ] INFO  server.GrpcService (GrpcService.java:startImpl(334)) - a6bf55e3-38e4-411e-ac0b-5acdb6a35656: GrpcService started, listening on 15030
2025-04-17 16:40:25,838 [a6bf55e3-38e4-411e-ac0b-5acdb6a35656-EndpointStateMachineTaskThread-/0.0.0.0:15002-0 ] INFO  ratis.XceiverServerRatis (XceiverServerRatis.java:getRealPort(588)) - XceiverServerRatis(a6bf55e3-38e4-411e-ac0b-5acdb6a35656) is started using port RATIS=15029
2025-04-17 16:40:25,838 [a6bf55e3-38e4-411e-ac0b-5acdb6a35656-EndpointStateMachineTaskThread-/0.0.0.0:15002-0 ] INFO  ratis.XceiverServerRatis (XceiverServerRatis.java:getRealPort(588)) - XceiverServerRatis(a6bf55e3-38e4-411e-ac0b-5acdb6a35656) is started using port RATIS_ADMIN=15030
2025-04-17 16:40:25,838 [a6bf55e3-38e4-411e-ac0b-5acdb6a35656-EndpointStateMachineTaskThread-/0.0.0.0:15002-0 ] INFO  ratis.XceiverServerRatis (XceiverServerRatis.java:getRealPort(588)) - XceiverServerRatis(a6bf55e3-38e4-411e-ac0b-5acdb6a35656) is started using port RATIS_SERVER=15031
2025-04-17 16:40:25,838 [a6bf55e3-38e4-411e-ac0b-5acdb6a35656-EndpointStateMachineTaskThread-/0.0.0.0:15002-0 ] INFO  ratis.XceiverServerRatis (XceiverServerRatis.java:getRealPort(588)) - XceiverServerRatis(a6bf55e3-38e4-411e-ac0b-5acdb6a35656) is started using port RATIS_DATASTREAM=15032
2025-04-17 16:40:25,838 [JvmPauseMonitor5] INFO  util.JvmPauseMonitor (JvmPauseMonitor.java:run(146)) - JvmPauseMonitor-a6bf55e3-38e4-411e-ac0b-5acdb6a35656: Started
2025-04-17 16:40:25,840 [a6bf55e3-38e4-411e-ac0b-5acdb6a35656-BlockDeletingService#0] INFO  interfaces.ContainerDeletionChoosingPolicyTemplate (ContainerDeletionChoosingPolicyTemplate.java:chooseContainerForBlockDeletion(83)) - Chosen 0/5000 blocks from 0 candidate containers.
2025-04-17 16:40:25,873 [50f19a77-e23b-421f-a833-5664bb01cf1c@group-45D4895FEBC0-StateMachineUpdater] INFO  safemode.HealthyPipelineSafeModeRule (HealthyPipelineSafeModeRule.java:initializeRule(174)) - Refreshed total pipeline count is 0, healthy pipeline threshold count is 1
2025-04-17 16:40:25,876 [RatisPipelineUtilsThread-0] INFO  pipeline.BackgroundPipelineCreator (BackgroundPipelineCreator.java:createPipelines(247)) - Created new pipeline Pipeline{ Id: ba926e06-1642-4427-9b6a-8d29fba23a78, Nodes: [ {c825922c-8499-4d06-bbc0-08abc9a8124c(localhost/127.0.0.1), ReplicaIndex: 0},], ReplicationConfig: RATIS/ONE, State:ALLOCATED, leaderId:, CreationTimestamp2025-04-17T16:40:25.802617121Z[Etc/UTC]}
2025-04-17 16:40:26,010 [IPC Server handler 1 on default port 15002] INFO  net.NetworkTopologyImpl (NetworkTopologyImpl.java:add(133)) - Added a new node: /default-rack/93cc9901-be1a-45f5-9681-0d93e627c426
2025-04-17 16:40:26,010 [IPC Server handler 1 on default port 15002] INFO  node.SCMNodeManager (SCMNodeManager.java:register(425)) - Registered datanode: 93cc9901-be1a-45f5-9681-0d93e627c426{ip: 127.0.0.1, host: localhost, ports: [HTTP=15018, CLIENT_RPC=15019, REPLICATION=15025, RATIS=15021, RATIS_ADMIN=15022, RATIS_SERVER=15023, RATIS_DATASTREAM=15024, STANDALONE=15020], networkLocation: /default-rack, certSerialId: null, persistedOpState: null, persistedOpStateExpiryEpochSec: 0}
2025-04-17 16:40:26,010 [EventQueue-NodeRegistrationContainerReportForDataNodeSafeModeRule] INFO  safemode.SCMSafeModeManager (DataNodeSafeModeRule.java:process(79)) - SCM in safe mode. 2 DataNodes registered, 3 required.
2025-04-17 16:40:26,011 [EventQueue-NewNodeForNewNodeHandler] INFO  pipeline.BackgroundPipelineCreator (BackgroundPipelineCreator.java:notifyEventTriggered(291)) - trigger a one-shot run on RatisPipelineUtilsThread.
2025-04-17 16:40:26,011 [RatisPipelineUtilsThread-0] INFO  pipeline.RatisPipelineProvider (RatisPipelineProvider.java:lambda$create$0(203)) - Sending CreatePipelineCommand for pipeline:PipelineID=e123c95b-dd8f-419e-a7e8-9cf72a0e49c3 to datanode:93cc9901-be1a-45f5-9681-0d93e627c426
2025-04-17 16:40:26,014 [50f19a77-e23b-421f-a833-5664bb01cf1c@group-45D4895FEBC0-StateMachineUpdater] INFO  safemode.HealthyPipelineSafeModeRule (HealthyPipelineSafeModeRule.java:initializeRule(174)) - Refreshed total pipeline count is 0, healthy pipeline threshold count is 1
2025-04-17 16:40:26,014 [RatisPipelineUtilsThread-0] INFO  pipeline.BackgroundPipelineCreator (BackgroundPipelineCreator.java:createPipelines(247)) - Created new pipeline Pipeline{ Id: e123c95b-dd8f-419e-a7e8-9cf72a0e49c3, Nodes: [ {93cc9901-be1a-45f5-9681-0d93e627c426(localhost/127.0.0.1), ReplicaIndex: 0},], ReplicationConfig: RATIS/ONE, State:ALLOCATED, leaderId:, CreationTimestamp2025-04-17T16:40:26.011631106Z[Etc/UTC]}
2025-04-17 16:40:26,076 [d6a19b8b-82a2-4947-8b44-7228be6ad053-EndpointStateMachineTaskThread-/0.0.0.0:15002-0 ] INFO  utils.DatanodeStoreCache (DatanodeStoreCache.java:addDB(71)) - Added db /home/runner/work/ozone/ozone/hadoop-ozone/integration-test/target/test-dir/MiniOzoneClusterImpl-26e726f8-5cec-4c14-bf14-45d4895febc0/ozone-meta/datanode-4/data-0/hdds/26e726f8-5cec-4c14-bf14-45d4895febc0/DS-cdd32eac-becf-4f13-a705-705c79b51355/container.db to cache
2025-04-17 16:40:26,076 [d6a19b8b-82a2-4947-8b44-7228be6ad053-EndpointStateMachineTaskThread-/0.0.0.0:15002-0 ] INFO  volume.HddsVolume (HddsVolume.java:createDbStore(455)) - SchemaV3 db is created and loaded at /home/runner/work/ozone/ozone/hadoop-ozone/integration-test/target/test-dir/MiniOzoneClusterImpl-26e726f8-5cec-4c14-bf14-45d4895febc0/ozone-meta/datanode-4/data-0/hdds/26e726f8-5cec-4c14-bf14-45d4895febc0/DS-cdd32eac-becf-4f13-a705-705c79b51355/container.db for volume DS-cdd32eac-becf-4f13-a705-705c79b51355
2025-04-17 16:40:26,078 [d6a19b8b-82a2-4947-8b44-7228be6ad053-ContainerReader-0] INFO  ozoneimpl.ContainerReader (ContainerReader.java:readVolume(144)) - Start to verify containers on volume /home/runner/work/ozone/ozone/hadoop-ozone/integration-test/target/test-dir/MiniOzoneClusterImpl-26e726f8-5cec-4c14-bf14-45d4895febc0/ozone-meta/datanode-4/data-0/hdds
2025-04-17 16:40:26,078 [d6a19b8b-82a2-4947-8b44-7228be6ad053-ContainerReader-0] INFO  ozoneimpl.ContainerReader (ContainerReader.java:readVolume(174)) - Finish verifying containers on volume /home/runner/work/ozone/ozone/hadoop-ozone/integration-test/target/test-dir/MiniOzoneClusterImpl-26e726f8-5cec-4c14-bf14-45d4895febc0/ozone-meta/datanode-4/data-0/hdds
2025-04-17 16:40:26,079 [d6a19b8b-82a2-4947-8b44-7228be6ad053-EndpointStateMachineTaskThread-/0.0.0.0:15002-0 ] INFO  ozoneimpl.OzoneContainer (OzoneContainer.java:buildContainerSet(364)) - Build ContainerSet costs 0s
2025-04-17 16:40:26,079 [d6a19b8b-82a2-4947-8b44-7228be6ad053-EndpointStateMachineTaskThread-/0.0.0.0:15002-0 ] INFO  volume.ThrottledAsyncChecker (ThrottledAsyncChecker.java:schedule(138)) - Scheduling a check for /home/runner/work/ozone/ozone/hadoop-ozone/integration-test/target/test-dir/MiniOzoneClusterImpl-26e726f8-5cec-4c14-bf14-45d4895febc0/ozone-meta/datanode-4/data-0/hdds
2025-04-17 16:40:26,079 [d6a19b8b-82a2-4947-8b44-7228be6ad053-EndpointStateMachineTaskThread-/0.0.0.0:15002-0 ] INFO  volume.StorageVolumeChecker (StorageVolumeChecker.java:checkAllVolumes(215)) - Scheduled health check for volume /home/runner/work/ozone/ozone/hadoop-ozone/integration-test/target/test-dir/MiniOzoneClusterImpl-26e726f8-5cec-4c14-bf14-45d4895febc0/ozone-meta/datanode-4/data-0/hdds
2025-04-17 16:40:26,080 [d6a19b8b-82a2-4947-8b44-7228be6ad053-EndpointStateMachineTaskThread-/0.0.0.0:15002-0 ] INFO  volume.ThrottledAsyncChecker (ThrottledAsyncChecker.java:schedule(138)) - Scheduling a check for /home/runner/work/ozone/ozone/hadoop-ozone/integration-test/target/test-dir/MiniOzoneClusterImpl-26e726f8-5cec-4c14-bf14-45d4895febc0/ozone-meta/datanode-4/ratis
2025-04-17 16:40:26,080 [d6a19b8b-82a2-4947-8b44-7228be6ad053-EndpointStateMachineTaskThread-/0.0.0.0:15002-0 ] INFO  volume.StorageVolumeChecker (StorageVolumeChecker.java:checkAllVolumes(215)) - Scheduled health check for volume /home/runner/work/ozone/ozone/hadoop-ozone/integration-test/target/test-dir/MiniOzoneClusterImpl-26e726f8-5cec-4c14-bf14-45d4895febc0/ozone-meta/datanode-4/ratis
2025-04-17 16:40:26,081 [d6a19b8b-82a2-4947-8b44-7228be6ad053-EndpointStateMachineTaskThread-/0.0.0.0:15002-0 ] INFO  ozoneimpl.OzoneContainer (OzoneContainer.java:start(512)) - Attempting to start container services.
2025-04-17 16:40:26,081 [d6a19b8b-82a2-4947-8b44-7228be6ad053-EndpointStateMachineTaskThread-/0.0.0.0:15002-0 ] WARN  ozoneimpl.OnDemandContainerDataScanner (OnDemandContainerDataScanner.java:init(74)) - Trying to initialize on demand scanner a second time on a datanode.
2025-04-17 16:40:26,082 [ContainerMetadataScanner] INFO  ozoneimpl.AbstractBackgroundContainerScanner (AbstractBackgroundContainerScanner.java:runIteration(89)) - Completed an iteration in 0 minutes. Number of iterations (since the data-node restart) : 1, Number of containers scanned in this iteration : 0, Number of unhealthy containers found in this iteration : 0
2025-04-17 16:40:26,082 [ContainerDataScanner(/home/runner/work/ozone/ozone/hadoop-ozone/integration-test/target/test-dir/MiniOzoneClusterImpl-26e726f8-5cec-4c14-bf14-45d4895febc0/ozone-meta/datanode-4/data-0/hdds)] INFO  ozoneimpl.AbstractBackgroundContainerScanner (AbstractBackgroundContainerScanner.java:runIteration(89)) - Completed an iteration in 0 minutes. Number of iterations (since the data-node restart) : 1, Number of containers scanned in this iteration : 0, Number of unhealthy containers found in this iteration : 0
2025-04-17 16:40:26,082 [d6a19b8b-82a2-4947-8b44-7228be6ad053-EndpointStateMachineTaskThread-/0.0.0.0:15002-0 ] INFO  replication.ReplicationServer (ReplicationServer.java:start(137)) - ReplicationServer is started using port 15041
2025-04-17 16:40:26,083 [d6a19b8b-82a2-4947-8b44-7228be6ad053-EndpointStateMachineTaskThread-/0.0.0.0:15002-0 ] INFO  ratis.XceiverServerRatis (XceiverServerRatis.java:start(561)) - Starting XceiverServerRatis(d6a19b8b-82a2-4947-8b44-7228be6ad053)
2025-04-17 16:40:26,083 [d6a19b8b-82a2-4947-8b44-7228be6ad053-EndpointStateMachineTaskThread-/0.0.0.0:15002-0 ] INFO  server.RaftServer (RaftServerProxy.java:startImpl(407)) - d6a19b8b-82a2-4947-8b44-7228be6ad053: start RPC server
2025-04-17 16:40:26,084 [d6a19b8b-82a2-4947-8b44-7228be6ad053-EndpointStateMachineTaskThread-/0.0.0.0:15002-0 ] INFO  server.GrpcService (GrpcService.java:startImpl(334)) - d6a19b8b-82a2-4947-8b44-7228be6ad053: GrpcService started, listening on 15037
2025-04-17 16:40:26,084 [d6a19b8b-82a2-4947-8b44-7228be6ad053-EndpointStateMachineTaskThread-/0.0.0.0:15002-0 ] INFO  server.GrpcService (GrpcService.java:startImpl(334)) - d6a19b8b-82a2-4947-8b44-7228be6ad053: GrpcService started, listening on 15039
2025-04-17 16:40:26,085 [d6a19b8b-82a2-4947-8b44-7228be6ad053-EndpointStateMachineTaskThread-/0.0.0.0:15002-0 ] INFO  server.GrpcService (GrpcService.java:startImpl(334)) - d6a19b8b-82a2-4947-8b44-7228be6ad053: GrpcService started, listening on 15038
2025-04-17 16:40:26,085 [d6a19b8b-82a2-4947-8b44-7228be6ad053-EndpointStateMachineTaskThread-/0.0.0.0:15002-0 ] INFO  ratis.XceiverServerRatis (XceiverServerRatis.java:getRealPort(588)) - XceiverServerRatis(d6a19b8b-82a2-4947-8b44-7228be6ad053) is started using port RATIS=15037
2025-04-17 16:40:26,085 [d6a19b8b-82a2-4947-8b44-7228be6ad053-EndpointStateMachineTaskThread-/0.0.0.0:15002-0 ] INFO  ratis.XceiverServerRatis (XceiverServerRatis.java:getRealPort(588)) - XceiverServerRatis(d6a19b8b-82a2-4947-8b44-7228be6ad053) is started using port RATIS_ADMIN=15038
2025-04-17 16:40:26,085 [d6a19b8b-82a2-4947-8b44-7228be6ad053-EndpointStateMachineTaskThread-/0.0.0.0:15002-0 ] INFO  ratis.XceiverServerRatis (XceiverServerRatis.java:getRealPort(588)) - XceiverServerRatis(d6a19b8b-82a2-4947-8b44-7228be6ad053) is started using port RATIS_SERVER=15039
2025-04-17 16:40:26,085 [d6a19b8b-82a2-4947-8b44-7228be6ad053-EndpointStateMachineTaskThread-/0.0.0.0:15002-0 ] INFO  ratis.XceiverServerRatis (XceiverServerRatis.java:getRealPort(588)) - XceiverServerRatis(d6a19b8b-82a2-4947-8b44-7228be6ad053) is started using port RATIS_DATASTREAM=15040
2025-04-17 16:40:26,085 [JvmPauseMonitor6] INFO  util.JvmPauseMonitor (JvmPauseMonitor.java:run(146)) - JvmPauseMonitor-d6a19b8b-82a2-4947-8b44-7228be6ad053: Started
2025-04-17 16:40:26,086 [d6a19b8b-82a2-4947-8b44-7228be6ad053-BlockDeletingService#0] INFO  interfaces.ContainerDeletionChoosingPolicyTemplate (ContainerDeletionChoosingPolicyTemplate.java:chooseContainerForBlockDeletion(83)) - Chosen 0/5000 blocks from 0 candidate containers.
2025-04-17 16:40:26,257 [IPC Server handler 4 on default port 15002] INFO  net.NetworkTopologyImpl (NetworkTopologyImpl.java:add(133)) - Added a new node: /default-rack/a6bf55e3-38e4-411e-ac0b-5acdb6a35656
2025-04-17 16:40:26,257 [IPC Server handler 4 on default port 15002] INFO  node.SCMNodeManager (SCMNodeManager.java:register(425)) - Registered datanode: a6bf55e3-38e4-411e-ac0b-5acdb6a35656{ip: 127.0.0.1, host: localhost, ports: [HTTP=15026, CLIENT_RPC=15027, REPLICATION=15033, RATIS=15029, RATIS_ADMIN=15030, RATIS_SERVER=15031, RATIS_DATASTREAM=15032, STANDALONE=15028], networkLocation: /default-rack, certSerialId: null, persistedOpState: null, persistedOpStateExpiryEpochSec: 0}
2025-04-17 16:40:26,258 [EventQueue-NewNodeForNewNodeHandler] INFO  pipeline.BackgroundPipelineCreator (BackgroundPipelineCreator.java:notifyEventTriggered(291)) - trigger a one-shot run on RatisPipelineUtilsThread.
2025-04-17 16:40:26,258 [EventQueue-NodeRegistrationContainerReportForDataNodeSafeModeRule] INFO  safemode.SCMSafeModeManager (DataNodeSafeModeRule.java:process(79)) - SCM in safe mode. 3 DataNodes registered, 3 required.
2025-04-17 16:40:26,258 [EventQueue-NodeRegistrationContainerReportForDataNodeSafeModeRule] INFO  safemode.SCMSafeModeManager (SCMSafeModeManager.java:validateSafeModeExitRules(186)) - DataNodeSafeModeRule rule is successfully validated
2025-04-17 16:40:26,258 [EventQueue-NodeRegistrationContainerReportForDataNodeSafeModeRule] INFO  safemode.SCMSafeModeManager (SCMSafeModeManager.java:completePreCheck(215)) - All SCM safe mode pre check rules have passed
2025-04-17 16:40:26,258 [EventQueue-NodeRegistrationContainerReportForDataNodeSafeModeRule] INFO  ha.SCMContext (SCMContext.java:updateSafeModeStatus(224)) - Update SafeModeStatus from SafeModeStatus{safeModeStatus=true, preCheckPassed=false} to SafeModeStatus{safeModeStatus=true, preCheckPassed=true}.
2025-04-17 16:40:26,258 [EventQueue-NodeRegistrationContainerReportForDataNodeSafeModeRule] INFO  pipeline.BackgroundPipelineCreator (BackgroundPipelineCreator.java:notifyEventTriggered(291)) - trigger a one-shot run on RatisPipelineUtilsThread.
2025-04-17 16:40:26,258 [RatisPipelineUtilsThread-0] INFO  pipeline.RatisPipelineProvider (RatisPipelineProvider.java:lambda$create$0(203)) - Sending CreatePipelineCommand for pipeline:PipelineID=9d238378-5046-4bed-a6e5-c713f1b5c815 to datanode:a6bf55e3-38e4-411e-ac0b-5acdb6a35656
2025-04-17 16:40:26,265 [50f19a77-e23b-421f-a833-5664bb01cf1c@group-45D4895FEBC0-StateMachineUpdater] INFO  safemode.HealthyPipelineSafeModeRule (HealthyPipelineSafeModeRule.java:initializeRule(174)) - Refreshed total pipeline count is 0, healthy pipeline threshold count is 1
2025-04-17 16:40:26,266 [RatisPipelineUtilsThread-0] INFO  pipeline.BackgroundPipelineCreator (BackgroundPipelineCreator.java:createPipelines(247)) - Created new pipeline Pipeline{ Id: 9d238378-5046-4bed-a6e5-c713f1b5c815, Nodes: [ {a6bf55e3-38e4-411e-ac0b-5acdb6a35656(localhost/127.0.0.1), ReplicaIndex: 0},], ReplicationConfig: RATIS/ONE, State:ALLOCATED, leaderId:, CreationTimestamp2025-04-17T16:40:26.258640214Z[Etc/UTC]}
2025-04-17 16:40:26,269 [RatisPipelineUtilsThread-0] INFO  pipeline.RatisPipelineProvider (RatisPipelineProvider.java:lambda$create$0(203)) - Sending CreatePipelineCommand for pipeline:PipelineID=5bdf7528-583f-4406-99f6-47cb1c91f82b to datanode:93cc9901-be1a-45f5-9681-0d93e627c426
2025-04-17 16:40:26,269 [RatisPipelineUtilsThread-0] INFO  pipeline.RatisPipelineProvider (RatisPipelineProvider.java:lambda$create$0(203)) - Sending CreatePipelineCommand for pipeline:PipelineID=5bdf7528-583f-4406-99f6-47cb1c91f82b to datanode:a6bf55e3-38e4-411e-ac0b-5acdb6a35656
2025-04-17 16:40:26,269 [RatisPipelineUtilsThread-0] INFO  pipeline.RatisPipelineProvider (RatisPipelineProvider.java:lambda$create$0(203)) - Sending CreatePipelineCommand for pipeline:PipelineID=5bdf7528-583f-4406-99f6-47cb1c91f82b to datanode:c825922c-8499-4d06-bbc0-08abc9a8124c
2025-04-17 16:40:26,272 [50f19a77-e23b-421f-a833-5664bb01cf1c@group-45D4895FEBC0-StateMachineUpdater] INFO  safemode.HealthyPipelineSafeModeRule (HealthyPipelineSafeModeRule.java:initializeRule(174)) - Refreshed total pipeline count is 0, healthy pipeline threshold count is 1
2025-04-17 16:40:26,273 [RatisPipelineUtilsThread-0] INFO  pipeline.BackgroundPipelineCreator (BackgroundPipelineCreator.java:createPipelines(247)) - Created new pipeline Pipeline{ Id: 5bdf7528-583f-4406-99f6-47cb1c91f82b, Nodes: [ {93cc9901-be1a-45f5-9681-0d93e627c426(localhost/127.0.0.1), ReplicaIndex: 0}, {a6bf55e3-38e4-411e-ac0b-5acdb6a35656(localhost/127.0.0.1), ReplicaIndex: 0}, {c825922c-8499-4d06-bbc0-08abc9a8124c(localhost/127.0.0.1), ReplicaIndex: 0},], ReplicationConfig: RATIS/THREE, State:ALLOCATED, leaderId:, CreationTimestamp2025-04-17T16:40:26.269175823Z[Etc/UTC]}
2025-04-17 16:40:26,274 [RatisPipelineUtilsThread-0] INFO  pipeline.RatisPipelineProvider (RatisPipelineProvider.java:lambda$create$0(203)) - Sending CreatePipelineCommand for pipeline:PipelineID=690337f3-2d94-4a7e-a7b3-47c15f12b665 to datanode:a6bf55e3-38e4-411e-ac0b-5acdb6a35656
2025-04-17 16:40:26,274 [RatisPipelineUtilsThread-0] INFO  pipeline.RatisPipelineProvider (RatisPipelineProvider.java:lambda$create$0(203)) - Sending CreatePipelineCommand for pipeline:PipelineID=690337f3-2d94-4a7e-a7b3-47c15f12b665 to datanode:93cc9901-be1a-45f5-9681-0d93e627c426
2025-04-17 16:40:26,274 [RatisPipelineUtilsThread-0] INFO  pipeline.RatisPipelineProvider (RatisPipelineProvider.java:lambda$create$0(203)) - Sending CreatePipelineCommand for pipeline:PipelineID=690337f3-2d94-4a7e-a7b3-47c15f12b665 to datanode:c825922c-8499-4d06-bbc0-08abc9a8124c
2025-04-17 16:40:26,279 [50f19a77-e23b-421f-a833-5664bb01cf1c@group-45D4895FEBC0-StateMachineUpdater] INFO  safemode.HealthyPipelineSafeModeRule (HealthyPipelineSafeModeRule.java:initializeRule(174)) - Refreshed total pipeline count is 0, healthy pipeline threshold count is 1
2025-04-17 16:40:26,279 [RatisPipelineUtilsThread-0] INFO  pipeline.PipelineManagerImpl (PipelineManagerImpl.java:recordMetricsForPipeline(922)) - Pipeline: PipelineID=690337f3-2d94-4a7e-a7b3-47c15f12b665 contains same datanodes as previous pipelines: PipelineID=5bdf7528-583f-4406-99f6-47cb1c91f82b nodeIds: a6bf55e3-38e4-411e-ac0b-5acdb6a35656, 93cc9901-be1a-45f5-9681-0d93e627c426, c825922c-8499-4d06-bbc0-08abc9a8124c
2025-04-17 16:40:26,279 [RatisPipelineUtilsThread-0] INFO  pipeline.BackgroundPipelineCreator (BackgroundPipelineCreator.java:createPipelines(247)) - Created new pipeline Pipeline{ Id: 690337f3-2d94-4a7e-a7b3-47c15f12b665, Nodes: [ {a6bf55e3-38e4-411e-ac0b-5acdb6a35656(localhost/127.0.0.1), ReplicaIndex: 0}, {93cc9901-be1a-45f5-9681-0d93e627c426(localhost/127.0.0.1), ReplicaIndex: 0}, {c825922c-8499-4d06-bbc0-08abc9a8124c(localhost/127.0.0.1), ReplicaIndex: 0},], ReplicationConfig: RATIS/THREE, State:ALLOCATED, leaderId:, CreationTimestamp2025-04-17T16:40:26.274707981Z[Etc/UTC]}
2025-04-17 16:40:26,280 [RatisPipelineUtilsThread-0] INFO  pipeline.RatisPipelineProvider (RatisPipelineProvider.java:lambda$create$0(203)) - Sending CreatePipelineCommand for pipeline:PipelineID=e78d0e28-68e8-4b64-8716-3a10b81f0950 to datanode:a6bf55e3-38e4-411e-ac0b-5acdb6a35656
2025-04-17 16:40:26,280 [RatisPipelineUtilsThread-0] INFO  pipeline.RatisPipelineProvider (RatisPipelineProvider.java:lambda$create$0(203)) - Sending CreatePipelineCommand for pipeline:PipelineID=e78d0e28-68e8-4b64-8716-3a10b81f0950 to datanode:c825922c-8499-4d06-bbc0-08abc9a8124c
2025-04-17 16:40:26,280 [RatisPipelineUtilsThread-0] INFO  pipeline.RatisPipelineProvider (RatisPipelineProvider.java:lambda$create$0(203)) - Sending CreatePipelineCommand for pipeline:PipelineID=e78d0e28-68e8-4b64-8716-3a10b81f0950 to datanode:93cc9901-be1a-45f5-9681-0d93e627c426
2025-04-17 16:40:26,283 [50f19a77-e23b-421f-a833-5664bb01cf1c@group-45D4895FEBC0-StateMachineUpdater] INFO  safemode.HealthyPipelineSafeModeRule (HealthyPipelineSafeModeRule.java:initializeRule(174)) - Refreshed total pipeline count is 0, healthy pipeline threshold count is 1
2025-04-17 16:40:26,284 [RatisPipelineUtilsThread-0] INFO  pipeline.PipelineManagerImpl (PipelineManagerImpl.java:recordMetricsForPipeline(922)) - Pipeline: PipelineID=e78d0e28-68e8-4b64-8716-3a10b81f0950 contains same datanodes as previous pipelines: PipelineID=5bdf7528-583f-4406-99f6-47cb1c91f82b nodeIds: a6bf55e3-38e4-411e-ac0b-5acdb6a35656, c825922c-8499-4d06-bbc0-08abc9a8124c, 93cc9901-be1a-45f5-9681-0d93e627c426
2025-04-17 16:40:26,284 [RatisPipelineUtilsThread-0] INFO  pipeline.PipelineManagerImpl (PipelineManagerImpl.java:recordMetricsForPipeline(922)) - Pipeline: PipelineID=e78d0e28-68e8-4b64-8716-3a10b81f0950 contains same datanodes as previous pipelines: PipelineID=690337f3-2d94-4a7e-a7b3-47c15f12b665 nodeIds: a6bf55e3-38e4-411e-ac0b-5acdb6a35656, c825922c-8499-4d06-bbc0-08abc9a8124c, 93cc9901-be1a-45f5-9681-0d93e627c426
2025-04-17 16:40:26,284 [RatisPipelineUtilsThread-0] INFO  pipeline.BackgroundPipelineCreator (BackgroundPipelineCreator.java:createPipelines(247)) - Created new pipeline Pipeline{ Id: e78d0e28-68e8-4b64-8716-3a10b81f0950, Nodes: [ {a6bf55e3-38e4-411e-ac0b-5acdb6a35656(localhost/127.0.0.1), ReplicaIndex: 0}, {c825922c-8499-4d06-bbc0-08abc9a8124c(localhost/127.0.0.1), ReplicaIndex: 0}, {93cc9901-be1a-45f5-9681-0d93e627c426(localhost/127.0.0.1), ReplicaIndex: 0},], ReplicationConfig: RATIS/THREE, State:ALLOCATED, leaderId:, CreationTimestamp2025-04-17T16:40:26.280532718Z[Etc/UTC]}
2025-04-17 16:40:26,359 [4a3059aa-ae89-4e47-8f1e-08d61ab31d43-EndpointStateMachineTaskThread-/0.0.0.0:15002-0 ] INFO  utils.DatanodeStoreCache (DatanodeStoreCache.java:addDB(71)) - Added db /home/runner/work/ozone/ozone/hadoop-ozone/integration-test/target/test-dir/MiniOzoneClusterImpl-26e726f8-5cec-4c14-bf14-45d4895febc0/ozone-meta/datanode-5/data-0/hdds/26e726f8-5cec-4c14-bf14-45d4895febc0/DS-13081b71-3b71-4b05-93b3-6cd3d1c073e8/container.db to cache
2025-04-17 16:40:26,359 [4a3059aa-ae89-4e47-8f1e-08d61ab31d43-EndpointStateMachineTaskThread-/0.0.0.0:15002-0 ] INFO  volume.HddsVolume (HddsVolume.java:createDbStore(455)) - SchemaV3 db is created and loaded at /home/runner/work/ozone/ozone/hadoop-ozone/integration-test/target/test-dir/MiniOzoneClusterImpl-26e726f8-5cec-4c14-bf14-45d4895febc0/ozone-meta/datanode-5/data-0/hdds/26e726f8-5cec-4c14-bf14-45d4895febc0/DS-13081b71-3b71-4b05-93b3-6cd3d1c073e8/container.db for volume DS-13081b71-3b71-4b05-93b3-6cd3d1c073e8
2025-04-17 16:40:26,361 [4a3059aa-ae89-4e47-8f1e-08d61ab31d43-ContainerReader-0] INFO  ozoneimpl.ContainerReader (ContainerReader.java:readVolume(144)) - Start to verify containers on volume /home/runner/work/ozone/ozone/hadoop-ozone/integration-test/target/test-dir/MiniOzoneClusterImpl-26e726f8-5cec-4c14-bf14-45d4895febc0/ozone-meta/datanode-5/data-0/hdds
2025-04-17 16:40:26,361 [4a3059aa-ae89-4e47-8f1e-08d61ab31d43-ContainerReader-0] INFO  ozoneimpl.ContainerReader (ContainerReader.java:readVolume(174)) - Finish verifying containers on volume /home/runner/work/ozone/ozone/hadoop-ozone/integration-test/target/test-dir/MiniOzoneClusterImpl-26e726f8-5cec-4c14-bf14-45d4895febc0/ozone-meta/datanode-5/data-0/hdds
2025-04-17 16:40:26,361 [4a3059aa-ae89-4e47-8f1e-08d61ab31d43-EndpointStateMachineTaskThread-/0.0.0.0:15002-0 ] INFO  ozoneimpl.OzoneContainer (OzoneContainer.java:buildContainerSet(364)) - Build ContainerSet costs 0s
2025-04-17 16:40:26,362 [4a3059aa-ae89-4e47-8f1e-08d61ab31d43-EndpointStateMachineTaskThread-/0.0.0.0:15002-0 ] INFO  volume.ThrottledAsyncChecker (ThrottledAsyncChecker.java:schedule(138)) - Scheduling a check for /home/runner/work/ozone/ozone/hadoop-ozone/integration-test/target/test-dir/MiniOzoneClusterImpl-26e726f8-5cec-4c14-bf14-45d4895febc0/ozone-meta/datanode-5/data-0/hdds
2025-04-17 16:40:26,362 [4a3059aa-ae89-4e47-8f1e-08d61ab31d43-EndpointStateMachineTaskThread-/0.0.0.0:15002-0 ] INFO  volume.StorageVolumeChecker (StorageVolumeChecker.java:checkAllVolumes(215)) - Scheduled health check for volume /home/runner/work/ozone/ozone/hadoop-ozone/integration-test/target/test-dir/MiniOzoneClusterImpl-26e726f8-5cec-4c14-bf14-45d4895febc0/ozone-meta/datanode-5/data-0/hdds
2025-04-17 16:40:26,363 [4a3059aa-ae89-4e47-8f1e-08d61ab31d43-EndpointStateMachineTaskThread-/0.0.0.0:15002-0 ] INFO  volume.ThrottledAsyncChecker (ThrottledAsyncChecker.java:schedule(138)) - Scheduling a check for /home/runner/work/ozone/ozone/hadoop-ozone/integration-test/target/test-dir/MiniOzoneClusterImpl-26e726f8-5cec-4c14-bf14-45d4895febc0/ozone-meta/datanode-5/ratis
2025-04-17 16:40:26,363 [4a3059aa-ae89-4e47-8f1e-08d61ab31d43-EndpointStateMachineTaskThread-/0.0.0.0:15002-0 ] INFO  volume.StorageVolumeChecker (StorageVolumeChecker.java:checkAllVolumes(215)) - Scheduled health check for volume /home/runner/work/ozone/ozone/hadoop-ozone/integration-test/target/test-dir/MiniOzoneClusterImpl-26e726f8-5cec-4c14-bf14-45d4895febc0/ozone-meta/datanode-5/ratis
2025-04-17 16:40:26,364 [4a3059aa-ae89-4e47-8f1e-08d61ab31d43-EndpointStateMachineTaskThread-/0.0.0.0:15002-0 ] INFO  ozoneimpl.OzoneContainer (OzoneContainer.java:start(512)) - Attempting to start container services.
2025-04-17 16:40:26,364 [4a3059aa-ae89-4e47-8f1e-08d61ab31d43-EndpointStateMachineTaskThread-/0.0.0.0:15002-0 ] WARN  ozoneimpl.OnDemandContainerDataScanner (OnDemandContainerDataScanner.java:init(74)) - Trying to initialize on demand scanner a second time on a datanode.
2025-04-17 16:40:26,365 [ContainerMetadataScanner] INFO  ozoneimpl.AbstractBackgroundContainerScanner (AbstractBackgroundContainerScanner.java:runIteration(89)) - Completed an iteration in 0 minutes. Number of iterations (since the data-node restart) : 1, Number of containers scanned in this iteration : 0, Number of unhealthy containers found in this iteration : 0
2025-04-17 16:40:26,365 [ContainerDataScanner(/home/runner/work/ozone/ozone/hadoop-ozone/integration-test/target/test-dir/MiniOzoneClusterImpl-26e726f8-5cec-4c14-bf14-45d4895febc0/ozone-meta/datanode-5/data-0/hdds)] INFO  ozoneimpl.AbstractBackgroundContainerScanner (AbstractBackgroundContainerScanner.java:runIteration(89)) - Completed an iteration in 0 minutes. Number of iterations (since the data-node restart) : 1, Number of containers scanned in this iteration : 0, Number of unhealthy containers found in this iteration : 0
2025-04-17 16:40:26,366 [4a3059aa-ae89-4e47-8f1e-08d61ab31d43-EndpointStateMachineTaskThread-/0.0.0.0:15002-0 ] INFO  replication.ReplicationServer (ReplicationServer.java:start(137)) - ReplicationServer is started using port 15049
2025-04-17 16:40:26,367 [4a3059aa-ae89-4e47-8f1e-08d61ab31d43-EndpointStateMachineTaskThread-/0.0.0.0:15002-0 ] INFO  ratis.XceiverServerRatis (XceiverServerRatis.java:start(561)) - Starting XceiverServerRatis(4a3059aa-ae89-4e47-8f1e-08d61ab31d43)
2025-04-17 16:40:26,367 [4a3059aa-ae89-4e47-8f1e-08d61ab31d43-EndpointStateMachineTaskThread-/0.0.0.0:15002-0 ] INFO  server.RaftServer (RaftServerProxy.java:startImpl(407)) - 4a3059aa-ae89-4e47-8f1e-08d61ab31d43: start RPC server
2025-04-17 16:40:26,368 [4a3059aa-ae89-4e47-8f1e-08d61ab31d43-EndpointStateMachineTaskThread-/0.0.0.0:15002-0 ] INFO  server.GrpcService (GrpcService.java:startImpl(334)) - 4a3059aa-ae89-4e47-8f1e-08d61ab31d43: GrpcService started, listening on 15045
2025-04-17 16:40:26,368 [4a3059aa-ae89-4e47-8f1e-08d61ab31d43-EndpointStateMachineTaskThread-/0.0.0.0:15002-0 ] INFO  server.GrpcService (GrpcService.java:startImpl(334)) - 4a3059aa-ae89-4e47-8f1e-08d61ab31d43: GrpcService started, listening on 15047
2025-04-17 16:40:26,369 [4a3059aa-ae89-4e47-8f1e-08d61ab31d43-EndpointStateMachineTaskThread-/0.0.0.0:15002-0 ] INFO  server.GrpcService (GrpcService.java:startImpl(334)) - 4a3059aa-ae89-4e47-8f1e-08d61ab31d43: GrpcService started, listening on 15046
2025-04-17 16:40:26,369 [4a3059aa-ae89-4e47-8f1e-08d61ab31d43-EndpointStateMachineTaskThread-/0.0.0.0:15002-0 ] INFO  ratis.XceiverServerRatis (XceiverServerRatis.java:getRealPort(588)) - XceiverServerRatis(4a3059aa-ae89-4e47-8f1e-08d61ab31d43) is started using port RATIS=15045
2025-04-17 16:40:26,369 [4a3059aa-ae89-4e47-8f1e-08d61ab31d43-EndpointStateMachineTaskThread-/0.0.0.0:15002-0 ] INFO  ratis.XceiverServerRatis (XceiverServerRatis.java:getRealPort(588)) - XceiverServerRatis(4a3059aa-ae89-4e47-8f1e-08d61ab31d43) is started using port RATIS_ADMIN=15046
2025-04-17 16:40:26,369 [4a3059aa-ae89-4e47-8f1e-08d61ab31d43-EndpointStateMachineTaskThread-/0.0.0.0:15002-0 ] INFO  ratis.XceiverServerRatis (XceiverServerRatis.java:getRealPort(588)) - XceiverServerRatis(4a3059aa-ae89-4e47-8f1e-08d61ab31d43) is started using port RATIS_SERVER=15047
2025-04-17 16:40:26,369 [4a3059aa-ae89-4e47-8f1e-08d61ab31d43-EndpointStateMachineTaskThread-/0.0.0.0:15002-0 ] INFO  ratis.XceiverServerRatis (XceiverServerRatis.java:getRealPort(588)) - XceiverServerRatis(4a3059aa-ae89-4e47-8f1e-08d61ab31d43) is started using port RATIS_DATASTREAM=15048
2025-04-17 16:40:26,369 [JvmPauseMonitor7] INFO  util.JvmPauseMonitor (JvmPauseMonitor.java:run(146)) - JvmPauseMonitor-4a3059aa-ae89-4e47-8f1e-08d61ab31d43: Started
2025-04-17 16:40:26,370 [4a3059aa-ae89-4e47-8f1e-08d61ab31d43-BlockDeletingService#0] INFO  interfaces.ContainerDeletionChoosingPolicyTemplate (ContainerDeletionChoosingPolicyTemplate.java:chooseContainerForBlockDeletion(83)) - Chosen 0/5000 blocks from 0 candidate containers.
2025-04-17 16:40:26,545 [IPC Server handler 9 on default port 15002] INFO  net.NetworkTopologyImpl (NetworkTopologyImpl.java:add(133)) - Added a new node: /default-rack/d6a19b8b-82a2-4947-8b44-7228be6ad053
2025-04-17 16:40:26,545 [IPC Server handler 9 on default port 15002] INFO  node.SCMNodeManager (SCMNodeManager.java:register(425)) - Registered datanode: d6a19b8b-82a2-4947-8b44-7228be6ad053{ip: 127.0.0.1, host: localhost, ports: [HTTP=15034, CLIENT_RPC=15035, REPLICATION=15041, RATIS=15037, RATIS_ADMIN=15038, RATIS_SERVER=15039, RATIS_DATASTREAM=15040, STANDALONE=15036], networkLocation: /default-rack, certSerialId: null, persistedOpState: null, persistedOpStateExpiryEpochSec: 0}
2025-04-17 16:40:26,545 [EventQueue-NewNodeForNewNodeHandler] INFO  pipeline.BackgroundPipelineCreator (BackgroundPipelineCreator.java:notifyEventTriggered(291)) - trigger a one-shot run on RatisPipelineUtilsThread.
2025-04-17 16:40:26,546 [RatisPipelineUtilsThread-0] INFO  pipeline.RatisPipelineProvider (RatisPipelineProvider.java:lambda$create$0(203)) - Sending CreatePipelineCommand for pipeline:PipelineID=fee43c58-ff5a-4ec2-8da7-6cdead350f28 to datanode:d6a19b8b-82a2-4947-8b44-7228be6ad053
2025-04-17 16:40:26,548 [50f19a77-e23b-421f-a833-5664bb01cf1c@group-45D4895FEBC0-StateMachineUpdater] INFO  safemode.HealthyPipelineSafeModeRule (HealthyPipelineSafeModeRule.java:initializeRule(174)) - Refreshed total pipeline count is 0, healthy pipeline threshold count is 1
2025-04-17 16:40:26,549 [RatisPipelineUtilsThread-0] INFO  pipeline.BackgroundPipelineCreator (BackgroundPipelineCreator.java:createPipelines(247)) - Created new pipeline Pipeline{ Id: fee43c58-ff5a-4ec2-8da7-6cdead350f28, Nodes: [ {d6a19b8b-82a2-4947-8b44-7228be6ad053(localhost/127.0.0.1), ReplicaIndex: 0},], ReplicationConfig: RATIS/ONE, State:ALLOCATED, leaderId:, CreationTimestamp2025-04-17T16:40:26.546046709Z[Etc/UTC]}
2025-04-17 16:40:26,825 [main] INFO  ozone.MiniOzoneClusterImpl (MiniOzoneClusterImpl.java:lambda$waitForClusterToBeReady$0(190)) - Waiting for nodes to be ready. Got 4 of 5 DN Heartbeats.
2025-04-17 16:40:26,826 [main] INFO  ozone.MiniOzoneClusterImpl (MiniOzoneClusterImpl.java:lambda$waitForClusterToBeReady$0(193)) - Waiting for cluster to exit safe mode
2025-04-17 16:40:26,826 [main] INFO  ozone.MiniOzoneClusterImpl (MiniOzoneClusterImpl.java:lambda$waitForClusterToBeReady$0(195)) - SCM became leader
2025-04-17 16:40:26,830 [IPC Server handler 1 on default port 15002] INFO  net.NetworkTopologyImpl (NetworkTopologyImpl.java:add(133)) - Added a new node: /default-rack/4a3059aa-ae89-4e47-8f1e-08d61ab31d43
2025-04-17 16:40:26,830 [IPC Server handler 1 on default port 15002] INFO  node.SCMNodeManager (SCMNodeManager.java:register(425)) - Registered datanode: 4a3059aa-ae89-4e47-8f1e-08d61ab31d43{ip: 127.0.0.1, host: localhost, ports: [HTTP=15042, CLIENT_RPC=15043, REPLICATION=15049, RATIS=15045, RATIS_ADMIN=15046, RATIS_SERVER=15047, RATIS_DATASTREAM=15048, STANDALONE=15044], networkLocation: /default-rack, certSerialId: null, persistedOpState: null, persistedOpStateExpiryEpochSec: 0}
2025-04-17 16:40:26,830 [EventQueue-NewNodeForNewNodeHandler] INFO  pipeline.BackgroundPipelineCreator (BackgroundPipelineCreator.java:notifyEventTriggered(291)) - trigger a one-shot run on RatisPipelineUtilsThread.
2025-04-17 16:40:26,831 [RatisPipelineUtilsThread-0] INFO  pipeline.RatisPipelineProvider (RatisPipelineProvider.java:lambda$create$0(203)) - Sending CreatePipelineCommand for pipeline:PipelineID=28f6bf2a-ab60-428a-8f95-93f6c2665618 to datanode:4a3059aa-ae89-4e47-8f1e-08d61ab31d43
2025-04-17 16:40:26,834 [50f19a77-e23b-421f-a833-5664bb01cf1c@group-45D4895FEBC0-StateMachineUpdater] INFO  safemode.HealthyPipelineSafeModeRule (HealthyPipelineSafeModeRule.java:initializeRule(174)) - Refreshed total pipeline count is 0, healthy pipeline threshold count is 1
2025-04-17 16:40:26,834 [RatisPipelineUtilsThread-0] INFO  pipeline.BackgroundPipelineCreator (BackgroundPipelineCreator.java:createPipelines(247)) - Created new pipeline Pipeline{ Id: 28f6bf2a-ab60-428a-8f95-93f6c2665618, Nodes: [ {4a3059aa-ae89-4e47-8f1e-08d61ab31d43(localhost/127.0.0.1), ReplicaIndex: 0},], ReplicationConfig: RATIS/ONE, State:ALLOCATED, leaderId:, CreationTimestamp2025-04-17T16:40:26.831330050Z[Etc/UTC]}
2025-04-17 16:40:27,826 [main] INFO  ozone.MiniOzoneClusterImpl (MiniOzoneClusterImpl.java:lambda$waitForClusterToBeReady$0(190)) - Nodes are ready. Got 5 of 5 DN Heartbeats.
2025-04-17 16:40:27,826 [main] INFO  ozone.MiniOzoneClusterImpl (MiniOzoneClusterImpl.java:lambda$waitForClusterToBeReady$0(193)) - Waiting for cluster to exit safe mode
2025-04-17 16:40:27,826 [main] INFO  ozone.MiniOzoneClusterImpl (MiniOzoneClusterImpl.java:lambda$waitForClusterToBeReady$0(195)) - SCM became leader
2025-04-17 16:40:28,281 [c825922c-8499-4d06-bbc0-08abc9a8124c-PipelineCommandHandlerThread-0] INFO  server.RaftServer (RaftServerProxy.java:addNew(100)) - c825922c-8499-4d06-bbc0-08abc9a8124c: addNew group-8D29FBA23A78:[c825922c-8499-4d06-bbc0-08abc9a8124c|127.0.0.1:15015] returns group-8D29FBA23A78:java.util.concurrent.CompletableFuture@2c4a5a15[Not completed]
2025-04-17 16:40:28,287 [c825922c-8499-4d06-bbc0-08abc9a8124c-groupManagement] INFO  server.RaftServer$Division (RaftServerImpl.java:<init>(255)) - c825922c-8499-4d06-bbc0-08abc9a8124c: new RaftServerImpl for group-8D29FBA23A78:[c825922c-8499-4d06-bbc0-08abc9a8124c|127.0.0.1:15015] with ContainerStateMachine:uninitialized
2025-04-17 16:40:28,287 [c825922c-8499-4d06-bbc0-08abc9a8124c-groupManagement] INFO  server.RaftServerConfigKeys (ConfUtils.java:logGet(46)) - raft.server.rpc.timeout.min = 5s (custom)
2025-04-17 16:40:28,287 [c825922c-8499-4d06-bbc0-08abc9a8124c-groupManagement] INFO  server.RaftServerConfigKeys (ConfUtils.java:logGet(46)) - raft.server.rpc.timeout.max = 5200ms (custom)
2025-04-17 16:40:28,287 [c825922c-8499-4d06-bbc0-08abc9a8124c-groupManagement] INFO  server.RaftServerConfigKeys (ConfUtils.java:logGet(46)) - raft.server.rpc.sleep.time = 25ms (default)
2025-04-17 16:40:28,287 [c825922c-8499-4d06-bbc0-08abc9a8124c-groupManagement] INFO  server.RaftServerConfigKeys (ConfUtils.java:logGet(46)) - raft.server.rpc.slowness.timeout = 300s (custom)
2025-04-17 16:40:28,287 [c825922c-8499-4d06-bbc0-08abc9a8124c-groupManagement] INFO  server.RaftServerConfigKeys (ConfUtils.java:logGet(46)) - raft.server.leaderelection.leader.step-down.wait-time = 10s (default)
2025-04-17 16:40:28,287 [c825922c-8499-4d06-bbc0-08abc9a8124c-groupManagement] INFO  server.RaftServerConfigKeys (ConfUtils.java:logGet(46)) - raft.server.leaderelection.member.majority-add = false (default)
2025-04-17 16:40:28,287 [c825922c-8499-4d06-bbc0-08abc9a8124c-groupManagement] INFO  server.RaftServerConfigKeys (ConfUtils.java:logGet(46)) - raft.server.sleep.deviation.threshold = 300ms (default)
2025-04-17 16:40:28,287 [c825922c-8499-4d06-bbc0-08abc9a8124c-groupManagement] INFO  server.RaftServer$Division (ServerState.java:<init>(114)) - c825922c-8499-4d06-bbc0-08abc9a8124c@group-8D29FBA23A78: ConfigurationManager, init=conf: {index: -1, cur=peers:[c825922c-8499-4d06-bbc0-08abc9a8124c|127.0.0.1:15015]|listeners:[], old=null}, confs=<EMPTY_MAP>
2025-04-17 16:40:28,287 [c825922c-8499-4d06-bbc0-08abc9a8124c-groupManagement] INFO  server.RaftServerConfigKeys (ConfUtils.java:logGet(46)) - raft.server.notification.no-leader.timeout = 300s (custom)
2025-04-17 16:40:28,287 [c825922c-8499-4d06-bbc0-08abc9a8124c-groupManagement] INFO  server.RaftServerConfigKeys (ConfUtils.java:logGet(46)) - raft.server.read.timeout = 10s (default)
2025-04-17 16:40:28,288 [c825922c-8499-4d06-bbc0-08abc9a8124c-groupManagement] INFO  server.RaftServerConfigKeys (ConfUtils.java:logGet(46)) - raft.server.retrycache.expirytime = 600000ms (custom)
2025-04-17 16:40:28,288 [c825922c-8499-4d06-bbc0-08abc9a8124c-groupManagement] INFO  server.RaftServerConfigKeys (ConfUtils.java:logGet(46)) - raft.server.retrycache.statistics.expirytime = 100ms (default)
2025-04-17 16:40:28,288 [c825922c-8499-4d06-bbc0-08abc9a8124c-groupManagement] INFO  server.RaftServerConfigKeys (ConfUtils.java:logGet(46)) - raft.server.read.option = DEFAULT (default)
2025-04-17 16:40:28,288 [c825922c-8499-4d06-bbc0-08abc9a8124c-groupManagement] INFO  server.RaftServerConfigKeys (ConfUtils.java:logGet(46)) - raft.server.read.read-after-write-consistent.write-index-cache.expiry-time = 60s (default)
2025-04-17 16:40:28,294 [c825922c-8499-4d06-bbc0-08abc9a8124c-groupManagement] INFO  server.RaftServerConfigKeys (ConfUtils.java:logGet(46)) - raft.server.rpc.request.timeout = 60s (custom)
2025-04-17 16:40:28,294 [c825922c-8499-4d06-bbc0-08abc9a8124c-groupManagement] INFO  server.RaftServerConfigKeys (ConfUtils.java:logGet(46)) - raft.server.log.appender.install.snapshot.enabled = false (custom)
2025-04-17 16:40:28,294 [c825922c-8499-4d06-bbc0-08abc9a8124c-groupManagement] INFO  server.RaftServerConfigKeys (ConfUtils.java:logGet(46)) - raft.server.threadpool.server.cached = true (default)
2025-04-17 16:40:28,294 [c825922c-8499-4d06-bbc0-08abc9a8124c-groupManagement] INFO  server.RaftServerConfigKeys (ConfUtils.java:logGet(46)) - raft.server.threadpool.server.size = 0 (default)
2025-04-17 16:40:28,294 [c825922c-8499-4d06-bbc0-08abc9a8124c-groupManagement] INFO  server.RaftServerConfigKeys (ConfUtils.java:logGet(46)) - raft.server.threadpool.client.cached = true (default)
2025-04-17 16:40:28,295 [c825922c-8499-4d06-bbc0-08abc9a8124c-groupManagement] INFO  server.RaftServerConfigKeys (ConfUtils.java:logGet(46)) - raft.server.threadpool.client.size = 0 (default)
2025-04-17 16:40:28,295 [c825922c-8499-4d06-bbc0-08abc9a8124c-groupManagement] INFO  server.RaftServerConfigKeys (ConfUtils.java:logGet(46)) - raft.server.storage.free-space.min = 0MB (=0) (default)
2025-04-17 16:40:28,295 [c825922c-8499-4d06-bbc0-08abc9a8124c-groupManagement] INFO  server.RaftServerConfigKeys (ConfUtils.java:logGet(46)) - raft.server.log.corruption.policy = EXCEPTION (default)
2025-04-17 16:40:28,295 [c825922c-8499-4d06-bbc0-08abc9a8124c-groupManagement] INFO  server.RaftServerConfigKeys (ConfUtils.java:logGet(46)) - raft.server.storage.dir = [/home/runner/work/ozone/ozone/hadoop-ozone/integration-test/target/test-dir/MiniOzoneClusterImpl-26e726f8-5cec-4c14-bf14-45d4895febc0/ozone-meta/datanode-1/ratis] (custom)
2025-04-17 16:40:28,295 [c825922c-8499-4d06-bbc0-08abc9a8124c-groupManagement] INFO  storage.RaftStorageDirectory (RaftStorageDirectoryImpl.java:analyzeStorage(138)) - The storage directory /home/runner/work/ozone/ozone/hadoop-ozone/integration-test/target/test-dir/MiniOzoneClusterImpl-26e726f8-5cec-4c14-bf14-45d4895febc0/ozone-meta/datanode-1/ratis/ba926e06-1642-4427-9b6a-8d29fba23a78 does not exist. Creating ...
2025-04-17 16:40:28,296 [c825922c-8499-4d06-bbc0-08abc9a8124c-groupManagement] INFO  storage.RaftStorageDirectory (RaftStorageDirectoryImpl.java:tryLock(229)) - Lock on /home/runner/work/ozone/ozone/hadoop-ozone/integration-test/target/test-dir/MiniOzoneClusterImpl-26e726f8-5cec-4c14-bf14-45d4895febc0/ozone-meta/datanode-1/ratis/ba926e06-1642-4427-9b6a-8d29fba23a78/in_use.lock acquired by nodename 85305@fv-az1665-423
2025-04-17 16:40:28,298 [c825922c-8499-4d06-bbc0-08abc9a8124c-groupManagement] INFO  storage.RaftStorage (RaftStorageImpl.java:format(98)) - Storage directory /home/runner/work/ozone/ozone/hadoop-ozone/integration-test/target/test-dir/MiniOzoneClusterImpl-26e726f8-5cec-4c14-bf14-45d4895febc0/ozone-meta/datanode-1/ratis/ba926e06-1642-4427-9b6a-8d29fba23a78 has been successfully formatted.
2025-04-17 16:40:28,298 [c825922c-8499-4d06-bbc0-08abc9a8124c-groupManagement] INFO  ratis.ContainerStateMachine (ContainerStateMachine.java:initialize(340)) - c825922c-8499-4d06-bbc0-08abc9a8124c: initialize group-8D29FBA23A78
2025-04-17 16:40:28,298 [c825922c-8499-4d06-bbc0-08abc9a8124c-groupManagement] INFO  ratis.ContainerStateMachine (ContainerStateMachine.java:loadSnapshot(348)) - group-8D29FBA23A78: The snapshot info is null. Setting the last applied index to:(t:0, i:~)
2025-04-17 16:40:28,298 [c825922c-8499-4d06-bbc0-08abc9a8124c-groupManagement] INFO  server.RaftServerConfigKeys (ConfUtils.java:logGet(46)) - raft.server.log.use.memory = false (default)
2025-04-17 16:40:28,298 [c825922c-8499-4d06-bbc0-08abc9a8124c-groupManagement] INFO  server.RaftServerConfigKeys (ConfUtils.java:logGet(46)) - raft.server.log.purge.gap = 1000000 (custom)
2025-04-17 16:40:28,298 [c825922c-8499-4d06-bbc0-08abc9a8124c-groupManagement] INFO  server.RaftServerConfigKeys (ConfUtils.java:logGet(46)) - raft.server.log.appender.buffer.byte-limit = 33554432 (custom)
2025-04-17 16:40:28,298 [c825922c-8499-4d06-bbc0-08abc9a8124c-groupManagement] INFO  server.RaftServerConfigKeys (ConfUtils.java:logGet(46)) - raft.server.log.statemachine.data.read.timeout = 1000ms (default)
2025-04-17 16:40:28,299 [c825922c-8499-4d06-bbc0-08abc9a8124c-groupManagement] INFO  server.RaftServerConfigKeys (ConfUtils.java:logGet(46)) - raft.server.log.purge.preservation.log.num = 0 (default)
2025-04-17 16:40:28,302 [c825922c-8499-4d06-bbc0-08abc9a8124c-groupManagement] INFO  server.RaftServerConfigKeys (ConfUtils.java:logGet(46)) - raft.server.log.segment.size.max = 67108864 (custom)
2025-04-17 16:40:28,303 [c825922c-8499-4d06-bbc0-08abc9a8124c-groupManagement] INFO  server.RaftServerConfigKeys (ConfUtils.java:logGet(46)) - raft.server.log.segment.cache.num.max = 2 (custom)
2025-04-17 16:40:28,303 [c825922c-8499-4d06-bbc0-08abc9a8124c-groupManagement] INFO  server.RaftServerConfigKeys (ConfUtils.java:logGet(46)) - raft.server.log.segment.cache.size.max = 200MB (=209715200) (default)
2025-04-17 16:40:28,303 [c825922c-8499-4d06-bbc0-08abc9a8124c-groupManagement] INFO  server.RaftServerConfigKeys (ConfUtils.java:logGet(46)) - raft.server.log.appender.buffer.byte-limit = 33554432 (custom)
2025-04-17 16:40:28,303 [c825922c-8499-4d06-bbc0-08abc9a8124c-groupManagement] INFO  util.AwaitToRun (AwaitToRun.java:start(81)) - Thread[#853,c825922c-8499-4d06-bbc0-08abc9a8124c@group-8D29FBA23A78-cacheEviction-AwaitToRun,5,main] started
2025-04-17 16:40:28,303 [c825922c-8499-4d06-bbc0-08abc9a8124c-groupManagement] INFO  segmented.SegmentedRaftLogWorker (SegmentedRaftLogWorker.java:<init>(188)) - new c825922c-8499-4d06-bbc0-08abc9a8124c@group-8D29FBA23A78-SegmentedRaftLogWorker for RaftStorageImpl:Storage Directory /home/runner/work/ozone/ozone/hadoop-ozone/integration-test/target/test-dir/MiniOzoneClusterImpl-26e726f8-5cec-4c14-bf14-45d4895febc0/ozone-meta/datanode-1/ratis/ba926e06-1642-4427-9b6a-8d29fba23a78
2025-04-17 16:40:28,303 [c825922c-8499-4d06-bbc0-08abc9a8124c-groupManagement] INFO  server.RaftServerConfigKeys (ConfUtils.java:logGet(46)) - raft.server.log.queue.byte-limit = 4294967296 (custom)
2025-04-17 16:40:28,303 [c825922c-8499-4d06-bbc0-08abc9a8124c-groupManagement] INFO  server.RaftServerConfigKeys (ConfUtils.java:logGet(46)) - raft.server.log.queue.element-limit = 1024 (custom)
2025-04-17 16:40:28,303 [c825922c-8499-4d06-bbc0-08abc9a8124c-groupManagement] INFO  server.RaftServerConfigKeys (ConfUtils.java:logGet(46)) - raft.server.log.segment.size.max = 67108864 (custom)
2025-04-17 16:40:28,303 [c825922c-8499-4d06-bbc0-08abc9a8124c-groupManagement] INFO  server.RaftServerConfigKeys (ConfUtils.java:logGet(46)) - raft.server.log.preallocated.size = 4194304 (custom)
2025-04-17 16:40:28,303 [c825922c-8499-4d06-bbc0-08abc9a8124c-groupManagement] INFO  server.RaftServerConfigKeys (ConfUtils.java:logGet(46)) - raft.server.log.force.sync.num = 128 (default)
2025-04-17 16:40:28,304 [c825922c-8499-4d06-bbc0-08abc9a8124c-groupManagement] INFO  server.RaftServerConfigKeys (ConfUtils.java:logGet(46)) - raft.server.log.statemachine.data.sync = true (default)
2025-04-17 16:40:28,304 [c825922c-8499-4d06-bbc0-08abc9a8124c-groupManagement] INFO  server.RaftServerConfigKeys (ConfUtils.java:logGet(46)) - raft.server.log.statemachine.data.sync.timeout = 10s (default)
2025-04-17 16:40:28,304 [c825922c-8499-4d06-bbc0-08abc9a8124c-groupManagement] INFO  server.RaftServerConfigKeys (ConfUtils.java:logGet(46)) - raft.server.log.statemachine.data.sync.timeout.retry = 30 (custom)
2025-04-17 16:40:28,304 [c825922c-8499-4d06-bbc0-08abc9a8124c-groupManagement] INFO  server.RaftServerConfigKeys (ConfUtils.java:logGet(46)) - raft.server.log.write.buffer.size = 33554440 (custom)
2025-04-17 16:40:28,310 [c825922c-8499-4d06-bbc0-08abc9a8124c-groupManagement] INFO  server.RaftServerConfigKeys (ConfUtils.java:logGet(46)) - raft.server.log.appender.buffer.byte-limit = 33554432 (custom)
2025-04-17 16:40:28,310 [c825922c-8499-4d06-bbc0-08abc9a8124c-groupManagement] INFO  server.RaftServerConfigKeys (ConfUtils.java:logGet(46)) - raft.server.log.unsafe-flush.enabled = false (default)
2025-04-17 16:40:28,310 [c825922c-8499-4d06-bbc0-08abc9a8124c-groupManagement] INFO  server.RaftServerConfigKeys (ConfUtils.java:logGet(46)) - raft.server.log.async-flush.enabled = false (default)
2025-04-17 16:40:28,310 [c825922c-8499-4d06-bbc0-08abc9a8124c-groupManagement] INFO  server.RaftServerConfigKeys (ConfUtils.java:logGet(46)) - raft.server.log.statemachine.data.caching.enabled = true (custom)
2025-04-17 16:40:28,310 [c825922c-8499-4d06-bbc0-08abc9a8124c-groupManagement] INFO  segmented.SegmentedRaftLogWorker (SegmentedRaftLogWorker.java:lambda$new$0(139)) - c825922c-8499-4d06-bbc0-08abc9a8124c@group-8D29FBA23A78-SegmentedRaftLogWorker: flushIndex: setUnconditionally 0 -> -1
2025-04-17 16:40:28,310 [c825922c-8499-4d06-bbc0-08abc9a8124c-groupManagement] INFO  segmented.SegmentedRaftLogWorker (SegmentedRaftLogWorker.java:lambda$new$0(139)) - c825922c-8499-4d06-bbc0-08abc9a8124c@group-8D29FBA23A78-SegmentedRaftLogWorker: safeCacheEvictIndex: setUnconditionally 0 -> -1
2025-04-17 16:40:28,311 [c825922c-8499-4d06-bbc0-08abc9a8124c-groupManagement] INFO  server.RaftServer$Division (RaftServerImpl.java:start(391)) - c825922c-8499-4d06-bbc0-08abc9a8124c@group-8D29FBA23A78: start as a follower, conf=conf: {index: -1, cur=peers:[c825922c-8499-4d06-bbc0-08abc9a8124c|127.0.0.1:15015]|listeners:[], old=null}
2025-04-17 16:40:28,311 [c825922c-8499-4d06-bbc0-08abc9a8124c-groupManagement] INFO  server.RaftServer$Division (RaftServerImpl.java:setRole(378)) - c825922c-8499-4d06-bbc0-08abc9a8124c@group-8D29FBA23A78: changes role from      null to FOLLOWER at term 0 for startAsFollower
2025-04-17 16:40:28,311 [c825922c-8499-4d06-bbc0-08abc9a8124c-groupManagement] INFO  impl.RoleInfo (RoleInfo.java:updateAndGet(148)) - c825922c-8499-4d06-bbc0-08abc9a8124c: start c825922c-8499-4d06-bbc0-08abc9a8124c@group-8D29FBA23A78-FollowerState
2025-04-17 16:40:28,313 [c825922c-8499-4d06-bbc0-08abc9a8124c@group-8D29FBA23A78-FollowerState] INFO  server.RaftServerConfigKeys (ConfUtils.java:logGet(46)) - raft.server.rpc.first-election.timeout.min = 1000ms (custom)
2025-04-17 16:40:28,313 [c825922c-8499-4d06-bbc0-08abc9a8124c@group-8D29FBA23A78-FollowerState] INFO  server.RaftServerConfigKeys (ConfUtils.java:logGet(46)) - raft.server.rpc.first-election.timeout.max = 1200ms (custom)
2025-04-17 16:40:28,313 [c825922c-8499-4d06-bbc0-08abc9a8124c-groupManagement] INFO  util.JmxRegister (JmxRegister.java:tryRegister(44)) - Successfully registered JMX Bean with object name Ratis:service=RaftServer,group=group-8D29FBA23A78,id=c825922c-8499-4d06-bbc0-08abc9a8124c
2025-04-17 16:40:28,313 [c825922c-8499-4d06-bbc0-08abc9a8124c-groupManagement] INFO  util.JmxRegister (JmxRegister.java:register(58)) - register mxBean class org.apache.ratis.server.impl.RaftServerJmxAdapter as Ratis:service=RaftServer,group=group-8D29FBA23A78,id=c825922c-8499-4d06-bbc0-08abc9a8124c
2025-04-17 16:40:28,313 [c825922c-8499-4d06-bbc0-08abc9a8124c-groupManagement] INFO  server.RaftServerConfigKeys (ConfUtils.java:logGet(46)) - raft.server.snapshot.trigger-when-stop.enabled = true (default)
2025-04-17 16:40:28,313 [c825922c-8499-4d06-bbc0-08abc9a8124c-groupManagement] INFO  server.RaftServerConfigKeys (ConfUtils.java:logGet(46)) - raft.server.snapshot.trigger-when-remove.enabled = true (default)
2025-04-17 16:40:28,313 [c825922c-8499-4d06-bbc0-08abc9a8124c-groupManagement] INFO  server.RaftServerConfigKeys (ConfUtils.java:logGet(46)) - raft.server.snapshot.auto.trigger.enabled = true (custom)
2025-04-17 16:40:28,313 [c825922c-8499-4d06-bbc0-08abc9a8124c-groupManagement] INFO  server.RaftServerConfigKeys (ConfUtils.java:logGet(46)) - raft.server.snapshot.auto.trigger.threshold = 100000 (custom)
2025-04-17 16:40:28,313 [c825922c-8499-4d06-bbc0-08abc9a8124c-groupManagement] INFO  server.RaftServerConfigKeys (ConfUtils.java:logGet(46)) - raft.server.snapshot.retention.file.num = 5 (custom)
2025-04-17 16:40:28,313 [c825922c-8499-4d06-bbc0-08abc9a8124c-groupManagement] INFO  server.RaftServerConfigKeys (ConfUtils.java:logGet(46)) - raft.server.log.purge.upto.snapshot.index = false (default)
2025-04-17 16:40:28,315 [50f19a77-e23b-421f-a833-5664bb01cf1c@group-45D4895FEBC0-StateMachineUpdater] INFO  safemode.HealthyPipelineSafeModeRule (HealthyPipelineSafeModeRule.java:initializeRule(174)) - Refreshed total pipeline count is 0, healthy pipeline threshold count is 1
2025-04-17 16:40:28,316 [EventQueue-PipelineReportForPipelineReportHandler] INFO  pipeline.PipelineReportHandler (PipelineReportHandler.java:processPipelineReport(134)) - Opened pipeline PipelineID=ba926e06-1642-4427-9b6a-8d29fba23a78
2025-04-17 16:40:28,317 [c825922c-8499-4d06-bbc0-08abc9a8124c-groupManagement] INFO  server.RaftServer$Division (RaftServerImpl.java:start(405)) - c825922c-8499-4d06-bbc0-08abc9a8124c@group-8D29FBA23A78: Successfully started.
2025-04-17 16:40:28,317 [EventQueue-OpenPipelineForHealthyPipelineSafeModeRule] INFO  safemode.SCMSafeModeManager (HealthyPipelineSafeModeRule.java:process(141)) - SCM in safe mode. Healthy pipelines reported count is 0, required healthy pipeline reported count is 1
2025-04-17 16:40:28,318 [c825922c-8499-4d06-bbc0-08abc9a8124c-PipelineCommandHandlerThread-0] INFO  ratis.XceiverServerRatis (XceiverServerRatis.java:addGroup(844)) - Created group PipelineID=ba926e06-1642-4427-9b6a-8d29fba23a78
2025-04-17 16:40:28,318 [c825922c-8499-4d06-bbc0-08abc9a8124c-PipelineCommandHandlerThread-0] INFO  commandhandler.CreatePipelineCommandHandler (CreatePipelineCommandHandler.java:lambda$handle$2(128)) - Created Pipeline RATIS ONE PipelineID=ba926e06-1642-4427-9b6a-8d29fba23a78.
2025-04-17 16:40:28,319 [c825922c-8499-4d06-bbc0-08abc9a8124c-PipelineCommandHandlerThread-0] INFO  server.RaftServer (RaftServerProxy.java:addNew(100)) - c825922c-8499-4d06-bbc0-08abc9a8124c: addNew group-47CB1C91F82B:[c825922c-8499-4d06-bbc0-08abc9a8124c|127.0.0.1:15015, a6bf55e3-38e4-411e-ac0b-5acdb6a35656|127.0.0.1:15031, 93cc9901-be1a-45f5-9681-0d93e627c426|127.0.0.1:15023] returns group-47CB1C91F82B:java.util.concurrent.CompletableFuture@23692929[Not completed]
2025-04-17 16:40:28,321 [c825922c-8499-4d06-bbc0-08abc9a8124c-groupManagement] INFO  server.RaftServer$Division (RaftServerImpl.java:<init>(255)) - c825922c-8499-4d06-bbc0-08abc9a8124c: new RaftServerImpl for group-47CB1C91F82B:[c825922c-8499-4d06-bbc0-08abc9a8124c|127.0.0.1:15015, a6bf55e3-38e4-411e-ac0b-5acdb6a35656|127.0.0.1:15031, 93cc9901-be1a-45f5-9681-0d93e627c426|127.0.0.1:15023] with ContainerStateMachine:uninitialized
2025-04-17 16:40:28,321 [c825922c-8499-4d06-bbc0-08abc9a8124c-groupManagement] INFO  server.RaftServerConfigKeys (ConfUtils.java:logGet(46)) - raft.server.rpc.timeout.min = 5s (custom)
2025-04-17 16:40:28,321 [c825922c-8499-4d06-bbc0-08abc9a8124c-groupManagement] INFO  server.RaftServerConfigKeys (ConfUtils.java:logGet(46)) - raft.server.rpc.timeout.max = 5200ms (custom)
2025-04-17 16:40:28,321 [c825922c-8499-4d06-bbc0-08abc9a8124c-groupManagement] INFO  server.RaftServerConfigKeys (ConfUtils.java:logGet(46)) - raft.server.rpc.sleep.time = 25ms (default)
2025-04-17 16:40:28,321 [c825922c-8499-4d06-bbc0-08abc9a8124c-groupManagement] INFO  server.RaftServerConfigKeys (ConfUtils.java:logGet(46)) - raft.server.rpc.slowness.timeout = 300s (custom)
2025-04-17 16:40:28,321 [c825922c-8499-4d06-bbc0-08abc9a8124c-groupManagement] INFO  server.RaftServerConfigKeys (ConfUtils.java:logGet(46)) - raft.server.leaderelection.leader.step-down.wait-time = 10s (default)
2025-04-17 16:40:28,321 [c825922c-8499-4d06-bbc0-08abc9a8124c-groupManagement] INFO  server.RaftServerConfigKeys (ConfUtils.java:logGet(46)) - raft.server.leaderelection.member.majority-add = false (default)
2025-04-17 16:40:28,321 [c825922c-8499-4d06-bbc0-08abc9a8124c-groupManagement] INFO  server.RaftServerConfigKeys (ConfUtils.java:logGet(46)) - raft.server.sleep.deviation.threshold = 300ms (default)
2025-04-17 16:40:28,321 [c825922c-8499-4d06-bbc0-08abc9a8124c-groupManagement] INFO  server.RaftServer$Division (ServerState.java:<init>(114)) - c825922c-8499-4d06-bbc0-08abc9a8124c@group-47CB1C91F82B: ConfigurationManager, init=conf: {index: -1, cur=peers:[c825922c-8499-4d06-bbc0-08abc9a8124c|127.0.0.1:15015, a6bf55e3-38e4-411e-ac0b-5acdb6a35656|127.0.0.1:15031, 93cc9901-be1a-45f5-9681-0d93e627c426|127.0.0.1:15023]|listeners:[], old=null}, confs=<EMPTY_MAP>
2025-04-17 16:40:28,321 [c825922c-8499-4d06-bbc0-08abc9a8124c-groupManagement] INFO  server.RaftServerConfigKeys (ConfUtils.java:logGet(46)) - raft.server.notification.no-leader.timeout = 300s (custom)
2025-04-17 16:40:28,321 [c825922c-8499-4d06-bbc0-08abc9a8124c-groupManagement] INFO  server.RaftServerConfigKeys (ConfUtils.java:logGet(46)) - raft.server.read.timeout = 10s (default)
2025-04-17 16:40:28,321 [c825922c-8499-4d06-bbc0-08abc9a8124c-groupManagement] INFO  server.RaftServerConfigKeys (ConfUtils.java:logGet(46)) - raft.server.retrycache.expirytime = 600000ms (custom)
2025-04-17 16:40:28,321 [c825922c-8499-4d06-bbc0-08abc9a8124c-groupManagement] INFO  server.RaftServerConfigKeys (ConfUtils.java:logGet(46)) - raft.server.retrycache.statistics.expirytime = 100ms (default)
2025-04-17 16:40:28,322 [c825922c-8499-4d06-bbc0-08abc9a8124c-groupManagement] INFO  server.RaftServerConfigKeys (ConfUtils.java:logGet(46)) - raft.server.read.option = DEFAULT (default)
2025-04-17 16:40:28,322 [c825922c-8499-4d06-bbc0-08abc9a8124c-groupManagement] INFO  server.RaftServerConfigKeys (ConfUtils.java:logGet(46)) - raft.server.read.read-after-write-consistent.write-index-cache.expiry-time = 60s (default)
2025-04-17 16:40:28,327 [c825922c-8499-4d06-bbc0-08abc9a8124c-groupManagement] INFO  server.RaftServerConfigKeys (ConfUtils.java:logGet(46)) - raft.server.rpc.request.timeout = 60s (custom)
2025-04-17 16:40:28,328 [c825922c-8499-4d06-bbc0-08abc9a8124c-groupManagement] INFO  server.RaftServerConfigKeys (ConfUtils.java:logGet(46)) - raft.server.log.appender.install.snapshot.enabled = false (custom)
2025-04-17 16:40:28,328 [c825922c-8499-4d06-bbc0-08abc9a8124c-groupManagement] INFO  server.RaftServerConfigKeys (ConfUtils.java:logGet(46)) - raft.server.threadpool.server.cached = true (default)
2025-04-17 16:40:28,328 [c825922c-8499-4d06-bbc0-08abc9a8124c-groupManagement] INFO  server.RaftServerConfigKeys (ConfUtils.java:logGet(46)) - raft.server.threadpool.server.size = 0 (default)
2025-04-17 16:40:28,328 [c825922c-8499-4d06-bbc0-08abc9a8124c-groupManagement] INFO  server.RaftServerConfigKeys (ConfUtils.java:logGet(46)) - raft.server.threadpool.client.cached = true (default)
2025-04-17 16:40:28,328 [c825922c-8499-4d06-bbc0-08abc9a8124c-groupManagement] INFO  server.RaftServerConfigKeys (ConfUtils.java:logGet(46)) - raft.server.threadpool.client.size = 0 (default)
2025-04-17 16:40:28,328 [c825922c-8499-4d06-bbc0-08abc9a8124c-groupManagement] INFO  server.RaftServerConfigKeys (ConfUtils.java:logGet(46)) - raft.server.storage.free-space.min = 0MB (=0) (default)
2025-04-17 16:40:28,328 [c825922c-8499-4d06-bbc0-08abc9a8124c-groupManagement] INFO  server.RaftServerConfigKeys (ConfUtils.java:logGet(46)) - raft.server.log.corruption.policy = EXCEPTION (default)
2025-04-17 16:40:28,328 [c825922c-8499-4d06-bbc0-08abc9a8124c-groupManagement] INFO  server.RaftServerConfigKeys (ConfUtils.java:logGet(46)) - raft.server.storage.dir = [/home/runner/work/ozone/ozone/hadoop-ozone/integration-test/target/test-dir/MiniOzoneClusterImpl-26e726f8-5cec-4c14-bf14-45d4895febc0/ozone-meta/datanode-1/ratis] (custom)
2025-04-17 16:40:28,328 [c825922c-8499-4d06-bbc0-08abc9a8124c-groupManagement] INFO  storage.RaftStorageDirectory (RaftStorageDirectoryImpl.java:analyzeStorage(138)) - The storage directory /home/runner/work/ozone/ozone/hadoop-ozone/integration-test/target/test-dir/MiniOzoneClusterImpl-26e726f8-5cec-4c14-bf14-45d4895febc0/ozone-meta/datanode-1/ratis/5bdf7528-583f-4406-99f6-47cb1c91f82b does not exist. Creating ...
2025-04-17 16:40:28,330 [c825922c-8499-4d06-bbc0-08abc9a8124c-groupManagement] INFO  storage.RaftStorageDirectory (RaftStorageDirectoryImpl.java:tryLock(229)) - Lock on /home/runner/work/ozone/ozone/hadoop-ozone/integration-test/target/test-dir/MiniOzoneClusterImpl-26e726f8-5cec-4c14-bf14-45d4895febc0/ozone-meta/datanode-1/ratis/5bdf7528-583f-4406-99f6-47cb1c91f82b/in_use.lock acquired by nodename 85305@fv-az1665-423
2025-04-17 16:40:28,331 [c825922c-8499-4d06-bbc0-08abc9a8124c-groupManagement] INFO  storage.RaftStorage (RaftStorageImpl.java:format(98)) - Storage directory /home/runner/work/ozone/ozone/hadoop-ozone/integration-test/target/test-dir/MiniOzoneClusterImpl-26e726f8-5cec-4c14-bf14-45d4895febc0/ozone-meta/datanode-1/ratis/5bdf7528-583f-4406-99f6-47cb1c91f82b has been successfully formatted.
2025-04-17 16:40:28,332 [c825922c-8499-4d06-bbc0-08abc9a8124c-groupManagement] INFO  ratis.ContainerStateMachine (ContainerStateMachine.java:initialize(340)) - c825922c-8499-4d06-bbc0-08abc9a8124c: initialize group-47CB1C91F82B
2025-04-17 16:40:28,332 [c825922c-8499-4d06-bbc0-08abc9a8124c-groupManagement] INFO  ratis.ContainerStateMachine (ContainerStateMachine.java:loadSnapshot(348)) - group-47CB1C91F82B: The snapshot info is null. Setting the last applied index to:(t:0, i:~)
2025-04-17 16:40:28,332 [c825922c-8499-4d06-bbc0-08abc9a8124c-groupManagement] INFO  server.RaftServerConfigKeys (ConfUtils.java:logGet(46)) - raft.server.log.use.memory = false (default)
2025-04-17 16:40:28,332 [c825922c-8499-4d06-bbc0-08abc9a8124c-groupManagement] INFO  server.RaftServerConfigKeys (ConfUtils.java:logGet(46)) - raft.server.log.purge.gap = 1000000 (custom)
2025-04-17 16:40:28,332 [c825922c-8499-4d06-bbc0-08abc9a8124c-groupManagement] INFO  server.RaftServerConfigKeys (ConfUtils.java:logGet(46)) - raft.server.log.appender.buffer.byte-limit = 33554432 (custom)
2025-04-17 16:40:28,332 [c825922c-8499-4d06-bbc0-08abc9a8124c-groupManagement] INFO  server.RaftServerConfigKeys (ConfUtils.java:logGet(46)) - raft.server.log.statemachine.data.read.timeout = 1000ms (default)
2025-04-17 16:40:28,332 [c825922c-8499-4d06-bbc0-08abc9a8124c-groupManagement] INFO  server.RaftServerConfigKeys (ConfUtils.java:logGet(46)) - raft.server.log.purge.preservation.log.num = 0 (default)
2025-04-17 16:40:28,336 [EventQueue-OpenPipelineForHealthyPipelineSafeModeRule] INFO  safemode.SCMSafeModeManager (HealthyPipelineSafeModeRule.java:process(141)) - SCM in safe mode. Healthy pipelines reported count is 0, required healthy pipeline reported count is 1
2025-04-17 16:40:28,337 [c825922c-8499-4d06-bbc0-08abc9a8124c-groupManagement] INFO  server.RaftServerConfigKeys (ConfUtils.java:logGet(46)) - raft.server.log.segment.size.max = 67108864 (custom)
2025-04-17 16:40:28,337 [c825922c-8499-4d06-bbc0-08abc9a8124c-groupManagement] INFO  server.RaftServerConfigKeys (ConfUtils.java:logGet(46)) - raft.server.log.segment.cache.num.max = 2 (custom)
2025-04-17 16:40:28,337 [c825922c-8499-4d06-bbc0-08abc9a8124c-groupManagement] INFO  server.RaftServerConfigKeys (ConfUtils.java:logGet(46)) - raft.server.log.segment.cache.size.max = 200MB (=209715200) (default)
2025-04-17 16:40:28,337 [c825922c-8499-4d06-bbc0-08abc9a8124c-groupManagement] INFO  server.RaftServerConfigKeys (ConfUtils.java:logGet(46)) - raft.server.log.appender.buffer.byte-limit = 33554432 (custom)
2025-04-17 16:40:28,338 [c825922c-8499-4d06-bbc0-08abc9a8124c-groupManagement] INFO  util.AwaitToRun (AwaitToRun.java:start(81)) - Thread[#858,c825922c-8499-4d06-bbc0-08abc9a8124c@group-47CB1C91F82B-cacheEviction-AwaitToRun,5,main] started
2025-04-17 16:40:28,338 [c825922c-8499-4d06-bbc0-08abc9a8124c-groupManagement] INFO  segmented.SegmentedRaftLogWorker (SegmentedRaftLogWorker.java:<init>(188)) - new c825922c-8499-4d06-bbc0-08abc9a8124c@group-47CB1C91F82B-SegmentedRaftLogWorker for RaftStorageImpl:Storage Directory /home/runner/work/ozone/ozone/hadoop-ozone/integration-test/target/test-dir/MiniOzoneClusterImpl-26e726f8-5cec-4c14-bf14-45d4895febc0/ozone-meta/datanode-1/ratis/5bdf7528-583f-4406-99f6-47cb1c91f82b
2025-04-17 16:40:28,338 [c825922c-8499-4d06-bbc0-08abc9a8124c-groupManagement] INFO  server.RaftServerConfigKeys (ConfUtils.java:logGet(46)) - raft.server.log.queue.byte-limit = 4294967296 (custom)
2025-04-17 16:40:28,338 [c825922c-8499-4d06-bbc0-08abc9a8124c-groupManagement] INFO  server.RaftServerConfigKeys (ConfUtils.java:logGet(46)) - raft.server.log.queue.element-limit = 1024 (custom)
2025-04-17 16:40:28,338 [c825922c-8499-4d06-bbc0-08abc9a8124c-groupManagement] INFO  server.RaftServerConfigKeys (ConfUtils.java:logGet(46)) - raft.server.log.segment.size.max = 67108864 (custom)
2025-04-17 16:40:28,338 [c825922c-8499-4d06-bbc0-08abc9a8124c-groupManagement] INFO  server.RaftServerConfigKeys (ConfUtils.java:logGet(46)) - raft.server.log.preallocated.size = 4194304 (custom)
2025-04-17 16:40:28,338 [c825922c-8499-4d06-bbc0-08abc9a8124c-groupManagement] INFO  server.RaftServerConfigKeys (ConfUtils.java:logGet(46)) - raft.server.log.force.sync.num = 128 (default)
2025-04-17 16:40:28,338 [c825922c-8499-4d06-bbc0-08abc9a8124c-groupManagement] INFO  server.RaftServerConfigKeys (ConfUtils.java:logGet(46)) - raft.server.log.statemachine.data.sync = true (default)
2025-04-17 16:40:28,338 [c825922c-8499-4d06-bbc0-08abc9a8124c-groupManagement] INFO  server.RaftServerConfigKeys (ConfUtils.java:logGet(46)) - raft.server.log.statemachine.data.sync.timeout = 10s (default)
2025-04-17 16:40:28,338 [c825922c-8499-4d06-bbc0-08abc9a8124c-groupManagement] INFO  server.RaftServerConfigKeys (ConfUtils.java:logGet(46)) - raft.server.log.statemachine.data.sync.timeout.retry = 30 (custom)
2025-04-17 16:40:28,338 [c825922c-8499-4d06-bbc0-08abc9a8124c-groupManagement] INFO  server.RaftServerConfigKeys (ConfUtils.java:logGet(46)) - raft.server.log.write.buffer.size = 33554440 (custom)
2025-04-17 16:40:28,343 [c825922c-8499-4d06-bbc0-08abc9a8124c-groupManagement] INFO  server.RaftServerConfigKeys (ConfUtils.java:logGet(46)) - raft.server.log.appender.buffer.byte-limit = 33554432 (custom)
2025-04-17 16:40:28,343 [c825922c-8499-4d06-bbc0-08abc9a8124c-groupManagement] INFO  server.RaftServerConfigKeys (ConfUtils.java:logGet(46)) - raft.server.log.unsafe-flush.enabled = false (default)
2025-04-17 16:40:28,343 [c825922c-8499-4d06-bbc0-08abc9a8124c-groupManagement] INFO  server.RaftServerConfigKeys (ConfUtils.java:logGet(46)) - raft.server.log.async-flush.enabled = false (default)
2025-04-17 16:40:28,343 [c825922c-8499-4d06-bbc0-08abc9a8124c-groupManagement] INFO  server.RaftServerConfigKeys (ConfUtils.java:logGet(46)) - raft.server.log.statemachine.data.caching.enabled = true (custom)
2025-04-17 16:40:28,344 [c825922c-8499-4d06-bbc0-08abc9a8124c-groupManagement] INFO  segmented.SegmentedRaftLogWorker (SegmentedRaftLogWorker.java:lambda$new$0(139)) - c825922c-8499-4d06-bbc0-08abc9a8124c@group-47CB1C91F82B-SegmentedRaftLogWorker: flushIndex: setUnconditionally 0 -> -1
2025-04-17 16:40:28,344 [c825922c-8499-4d06-bbc0-08abc9a8124c-groupManagement] INFO  segmented.SegmentedRaftLogWorker (SegmentedRaftLogWorker.java:lambda$new$0(139)) - c825922c-8499-4d06-bbc0-08abc9a8124c@group-47CB1C91F82B-SegmentedRaftLogWorker: safeCacheEvictIndex: setUnconditionally 0 -> -1
2025-04-17 16:40:28,344 [c825922c-8499-4d06-bbc0-08abc9a8124c-groupManagement] INFO  server.RaftServer$Division (RaftServerImpl.java:start(391)) - c825922c-8499-4d06-bbc0-08abc9a8124c@group-47CB1C91F82B: start as a follower, conf=conf: {index: -1, cur=peers:[c825922c-8499-4d06-bbc0-08abc9a8124c|127.0.0.1:15015, a6bf55e3-38e4-411e-ac0b-5acdb6a35656|127.0.0.1:15031, 93cc9901-be1a-45f5-9681-0d93e627c426|127.0.0.1:15023]|listeners:[], old=null}
2025-04-17 16:40:28,344 [c825922c-8499-4d06-bbc0-08abc9a8124c-groupManagement] INFO  server.RaftServer$Division (RaftServerImpl.java:setRole(378)) - c825922c-8499-4d06-bbc0-08abc9a8124c@group-47CB1C91F82B: changes role from      null to FOLLOWER at term 0 for startAsFollower
2025-04-17 16:40:28,344 [c825922c-8499-4d06-bbc0-08abc9a8124c-groupManagement] INFO  impl.RoleInfo (RoleInfo.java:updateAndGet(148)) - c825922c-8499-4d06-bbc0-08abc9a8124c: start c825922c-8499-4d06-bbc0-08abc9a8124c@group-47CB1C91F82B-FollowerState
2025-04-17 16:40:28,345 [c825922c-8499-4d06-bbc0-08abc9a8124c-groupManagement] INFO  util.JmxRegister (JmxRegister.java:tryRegister(44)) - Successfully registered JMX Bean with object name Ratis:service=RaftServer,group=group-47CB1C91F82B,id=c825922c-8499-4d06-bbc0-08abc9a8124c
2025-04-17 16:40:28,345 [c825922c-8499-4d06-bbc0-08abc9a8124c-groupManagement] INFO  util.JmxRegister (JmxRegister.java:register(58)) - register mxBean class org.apache.ratis.server.impl.RaftServerJmxAdapter as Ratis:service=RaftServer,group=group-47CB1C91F82B,id=c825922c-8499-4d06-bbc0-08abc9a8124c
2025-04-17 16:40:28,345 [c825922c-8499-4d06-bbc0-08abc9a8124c-groupManagement] INFO  server.RaftServerConfigKeys (ConfUtils.java:logGet(46)) - raft.server.snapshot.trigger-when-stop.enabled = true (default)
2025-04-17 16:40:28,345 [c825922c-8499-4d06-bbc0-08abc9a8124c-groupManagement] INFO  server.RaftServerConfigKeys (ConfUtils.java:logGet(46)) - raft.server.snapshot.trigger-when-remove.enabled = true (default)
2025-04-17 16:40:28,345 [c825922c-8499-4d06-bbc0-08abc9a8124c-groupManagement] INFO  server.RaftServerConfigKeys (ConfUtils.java:logGet(46)) - raft.server.snapshot.auto.trigger.enabled = true (custom)
2025-04-17 16:40:28,345 [c825922c-8499-4d06-bbc0-08abc9a8124c-groupManagement] INFO  server.RaftServerConfigKeys (ConfUtils.java:logGet(46)) - raft.server.snapshot.auto.trigger.threshold = 100000 (custom)
2025-04-17 16:40:28,345 [c825922c-8499-4d06-bbc0-08abc9a8124c-groupManagement] INFO  server.RaftServerConfigKeys (ConfUtils.java:logGet(46)) - raft.server.snapshot.retention.file.num = 5 (custom)
2025-04-17 16:40:28,345 [c825922c-8499-4d06-bbc0-08abc9a8124c-groupManagement] INFO  server.RaftServerConfigKeys (ConfUtils.java:logGet(46)) - raft.server.log.purge.upto.snapshot.index = false (default)
2025-04-17 16:40:28,345 [c825922c-8499-4d06-bbc0-08abc9a8124c@group-47CB1C91F82B-FollowerState] INFO  server.RaftServerConfigKeys (ConfUtils.java:logGet(46)) - raft.server.rpc.first-election.timeout.min = 1000ms (custom)
2025-04-17 16:40:28,346 [c825922c-8499-4d06-bbc0-08abc9a8124c@group-47CB1C91F82B-FollowerState] INFO  server.RaftServerConfigKeys (ConfUtils.java:logGet(46)) - raft.server.rpc.first-election.timeout.max = 1200ms (custom)
2025-04-17 16:40:28,347 [c825922c-8499-4d06-bbc0-08abc9a8124c-groupManagement] INFO  server.RaftServer$Division (RaftServerImpl.java:start(405)) - c825922c-8499-4d06-bbc0-08abc9a8124c@group-47CB1C91F82B: Successfully started.
2025-04-17 16:40:28,347 [c825922c-8499-4d06-bbc0-08abc9a8124c-PipelineCommandHandlerThread-0] INFO  ratis.XceiverServerRatis (XceiverServerRatis.java:addGroup(844)) - Created group PipelineID=5bdf7528-583f-4406-99f6-47cb1c91f82b
2025-04-17 16:40:28,510 [93cc9901-be1a-45f5-9681-0d93e627c426-PipelineCommandHandlerThread-0] INFO  server.RaftServer (RaftServerProxy.java:addNew(100)) - 93cc9901-be1a-45f5-9681-0d93e627c426: addNew group-9CF72A0E49C3:[93cc9901-be1a-45f5-9681-0d93e627c426|127.0.0.1:15023] returns group-9CF72A0E49C3:java.util.concurrent.CompletableFuture@4c1e7c2f[Not completed]
2025-04-17 16:40:28,512 [93cc9901-be1a-45f5-9681-0d93e627c426-groupManagement] INFO  server.RaftServer$Division (RaftServerImpl.java:<init>(255)) - 93cc9901-be1a-45f5-9681-0d93e627c426: new RaftServerImpl for group-9CF72A0E49C3:[93cc9901-be1a-45f5-9681-0d93e627c426|127.0.0.1:15023] with ContainerStateMachine:uninitialized
2025-04-17 16:40:28,512 [93cc9901-be1a-45f5-9681-0d93e627c426-groupManagement] INFO  server.RaftServerConfigKeys (ConfUtils.java:logGet(46)) - raft.server.rpc.timeout.min = 5s (custom)
2025-04-17 16:40:28,512 [93cc9901-be1a-45f5-9681-0d93e627c426-groupManagement] INFO  server.RaftServerConfigKeys (ConfUtils.java:logGet(46)) - raft.server.rpc.timeout.max = 5200ms (custom)
2025-04-17 16:40:28,512 [93cc9901-be1a-45f5-9681-0d93e627c426-groupManagement] INFO  server.RaftServerConfigKeys (ConfUtils.java:logGet(46)) - raft.server.rpc.sleep.time = 25ms (default)
2025-04-17 16:40:28,512 [93cc9901-be1a-45f5-9681-0d93e627c426-groupManagement] INFO  server.RaftServerConfigKeys (ConfUtils.java:logGet(46)) - raft.server.rpc.slowness.timeout = 300s (custom)
2025-04-17 16:40:28,512 [93cc9901-be1a-45f5-9681-0d93e627c426-groupManagement] INFO  server.RaftServerConfigKeys (ConfUtils.java:logGet(46)) - raft.server.leaderelection.leader.step-down.wait-time = 10s (default)
2025-04-17 16:40:28,512 [93cc9901-be1a-45f5-9681-0d93e627c426-groupManagement] INFO  server.RaftServerConfigKeys (ConfUtils.java:logGet(46)) - raft.server.leaderelection.member.majority-add = false (default)
2025-04-17 16:40:28,512 [93cc9901-be1a-45f5-9681-0d93e627c426-groupManagement] INFO  server.RaftServerConfigKeys (ConfUtils.java:logGet(46)) - raft.server.sleep.deviation.threshold = 300ms (default)
2025-04-17 16:40:28,512 [93cc9901-be1a-45f5-9681-0d93e627c426-groupManagement] INFO  server.RaftServer$Division (ServerState.java:<init>(114)) - 93cc9901-be1a-45f5-9681-0d93e627c426@group-9CF72A0E49C3: ConfigurationManager, init=conf: {index: -1, cur=peers:[93cc9901-be1a-45f5-9681-0d93e627c426|127.0.0.1:15023]|listeners:[], old=null}, confs=<EMPTY_MAP>
2025-04-17 16:40:28,513 [93cc9901-be1a-45f5-9681-0d93e627c426-groupManagement] INFO  server.RaftServerConfigKeys (ConfUtils.java:logGet(46)) - raft.server.notification.no-leader.timeout = 300s (custom)
2025-04-17 16:40:28,513 [93cc9901-be1a-45f5-9681-0d93e627c426-groupManagement] INFO  server.RaftServerConfigKeys (ConfUtils.java:logGet(46)) - raft.server.read.timeout = 10s (default)
2025-04-17 16:40:28,513 [93cc9901-be1a-45f5-9681-0d93e627c426-groupManagement] INFO  server.RaftServerConfigKeys (ConfUtils.java:logGet(46)) - raft.server.retrycache.expirytime = 600000ms (custom)
2025-04-17 16:40:28,513 [93cc9901-be1a-45f5-9681-0d93e627c426-groupManagement] INFO  server.RaftServerConfigKeys (ConfUtils.java:logGet(46)) - raft.server.retrycache.statistics.expirytime = 100ms (default)
2025-04-17 16:40:28,513 [93cc9901-be1a-45f5-9681-0d93e627c426-groupManagement] INFO  server.RaftServerConfigKeys (ConfUtils.java:logGet(46)) - raft.server.read.option = DEFAULT (default)
2025-04-17 16:40:28,513 [93cc9901-be1a-45f5-9681-0d93e627c426-groupManagement] INFO  server.RaftServerConfigKeys (ConfUtils.java:logGet(46)) - raft.server.read.read-after-write-consistent.write-index-cache.expiry-time = 60s (default)
2025-04-17 16:40:28,520 [93cc9901-be1a-45f5-9681-0d93e627c426-groupManagement] INFO  server.RaftServerConfigKeys (ConfUtils.java:logGet(46)) - raft.server.rpc.request.timeout = 60s (custom)
2025-04-17 16:40:28,520 [93cc9901-be1a-45f5-9681-0d93e627c426-groupManagement] INFO  server.RaftServerConfigKeys (ConfUtils.java:logGet(46)) - raft.server.log.appender.install.snapshot.enabled = false (custom)
2025-04-17 16:40:28,520 [93cc9901-be1a-45f5-9681-0d93e627c426-groupManagement] INFO  server.RaftServerConfigKeys (ConfUtils.java:logGet(46)) - raft.server.threadpool.server.cached = true (default)
2025-04-17 16:40:28,520 [93cc9901-be1a-45f5-9681-0d93e627c426-groupManagement] INFO  server.RaftServerConfigKeys (ConfUtils.java:logGet(46)) - raft.server.threadpool.server.size = 0 (default)
2025-04-17 16:40:28,520 [93cc9901-be1a-45f5-9681-0d93e627c426-groupManagement] INFO  server.RaftServerConfigKeys (ConfUtils.java:logGet(46)) - raft.server.threadpool.client.cached = true (default)
2025-04-17 16:40:28,520 [93cc9901-be1a-45f5-9681-0d93e627c426-groupManagement] INFO  server.RaftServerConfigKeys (ConfUtils.java:logGet(46)) - raft.server.threadpool.client.size = 0 (default)
2025-04-17 16:40:28,520 [93cc9901-be1a-45f5-9681-0d93e627c426-groupManagement] INFO  server.RaftServerConfigKeys (ConfUtils.java:logGet(46)) - raft.server.storage.free-space.min = 0MB (=0) (default)
2025-04-17 16:40:28,520 [93cc9901-be1a-45f5-9681-0d93e627c426-groupManagement] INFO  server.RaftServerConfigKeys (ConfUtils.java:logGet(46)) - raft.server.log.corruption.policy = EXCEPTION (default)
2025-04-17 16:40:28,520 [93cc9901-be1a-45f5-9681-0d93e627c426-groupManagement] INFO  server.RaftServerConfigKeys (ConfUtils.java:logGet(46)) - raft.server.storage.dir = [/home/runner/work/ozone/ozone/hadoop-ozone/integration-test/target/test-dir/MiniOzoneClusterImpl-26e726f8-5cec-4c14-bf14-45d4895febc0/ozone-meta/datanode-2/ratis] (custom)
2025-04-17 16:40:28,521 [93cc9901-be1a-45f5-9681-0d93e627c426-groupManagement] INFO  storage.RaftStorageDirectory (RaftStorageDirectoryImpl.java:analyzeStorage(138)) - The storage directory /home/runner/work/ozone/ozone/hadoop-ozone/integration-test/target/test-dir/MiniOzoneClusterImpl-26e726f8-5cec-4c14-bf14-45d4895febc0/ozone-meta/datanode-2/ratis/e123c95b-dd8f-419e-a7e8-9cf72a0e49c3 does not exist. Creating ...
2025-04-17 16:40:28,523 [93cc9901-be1a-45f5-9681-0d93e627c426-groupManagement] INFO  storage.RaftStorageDirectory (RaftStorageDirectoryImpl.java:tryLock(229)) - Lock on /home/runner/work/ozone/ozone/hadoop-ozone/integration-test/target/test-dir/MiniOzoneClusterImpl-26e726f8-5cec-4c14-bf14-45d4895febc0/ozone-meta/datanode-2/ratis/e123c95b-dd8f-419e-a7e8-9cf72a0e49c3/in_use.lock acquired by nodename 85305@fv-az1665-423
2025-04-17 16:40:28,524 [93cc9901-be1a-45f5-9681-0d93e627c426-groupManagement] INFO  storage.RaftStorage (RaftStorageImpl.java:format(98)) - Storage directory /home/runner/work/ozone/ozone/hadoop-ozone/integration-test/target/test-dir/MiniOzoneClusterImpl-26e726f8-5cec-4c14-bf14-45d4895febc0/ozone-meta/datanode-2/ratis/e123c95b-dd8f-419e-a7e8-9cf72a0e49c3 has been successfully formatted.
2025-04-17 16:40:28,524 [93cc9901-be1a-45f5-9681-0d93e627c426-groupManagement] INFO  ratis.ContainerStateMachine (ContainerStateMachine.java:initialize(340)) - 93cc9901-be1a-45f5-9681-0d93e627c426: initialize group-9CF72A0E49C3
2025-04-17 16:40:28,524 [93cc9901-be1a-45f5-9681-0d93e627c426-groupManagement] INFO  ratis.ContainerStateMachine (ContainerStateMachine.java:loadSnapshot(348)) - group-9CF72A0E49C3: The snapshot info is null. Setting the last applied index to:(t:0, i:~)
2025-04-17 16:40:28,524 [93cc9901-be1a-45f5-9681-0d93e627c426-groupManagement] INFO  server.RaftServerConfigKeys (ConfUtils.java:logGet(46)) - raft.server.log.use.memory = false (default)
2025-04-17 16:40:28,524 [93cc9901-be1a-45f5-9681-0d93e627c426-groupManagement] INFO  server.RaftServerConfigKeys (ConfUtils.java:logGet(46)) - raft.server.log.purge.gap = 1000000 (custom)
2025-04-17 16:40:28,524 [93cc9901-be1a-45f5-9681-0d93e627c426-groupManagement] INFO  server.RaftServerConfigKeys (ConfUtils.java:logGet(46)) - raft.server.log.appender.buffer.byte-limit = 33554432 (custom)
2025-04-17 16:40:28,525 [93cc9901-be1a-45f5-9681-0d93e627c426-groupManagement] INFO  server.RaftServerConfigKeys (ConfUtils.java:logGet(46)) - raft.server.log.statemachine.data.read.timeout = 1000ms (default)
2025-04-17 16:40:28,525 [93cc9901-be1a-45f5-9681-0d93e627c426-groupManagement] INFO  server.RaftServerConfigKeys (ConfUtils.java:logGet(46)) - raft.server.log.purge.preservation.log.num = 0 (default)
2025-04-17 16:40:28,527 [93cc9901-be1a-45f5-9681-0d93e627c426-groupManagement] INFO  server.RaftServerConfigKeys (ConfUtils.java:logGet(46)) - raft.server.log.segment.size.max = 67108864 (custom)
2025-04-17 16:40:28,528 [93cc9901-be1a-45f5-9681-0d93e627c426-groupManagement] INFO  server.RaftServerConfigKeys (ConfUtils.java:logGet(46)) - raft.server.log.segment.cache.num.max = 2 (custom)
2025-04-17 16:40:28,528 [93cc9901-be1a-45f5-9681-0d93e627c426-groupManagement] INFO  server.RaftServerConfigKeys (ConfUtils.java:logGet(46)) - raft.server.log.segment.cache.size.max = 200MB (=209715200) (default)
2025-04-17 16:40:28,528 [93cc9901-be1a-45f5-9681-0d93e627c426-groupManagement] INFO  server.RaftServerConfigKeys (ConfUtils.java:logGet(46)) - raft.server.log.appender.buffer.byte-limit = 33554432 (custom)
2025-04-17 16:40:28,528 [grpc-default-executor-0] INFO  server.RaftServer (RaftServerProxy.java:addNew(100)) - 93cc9901-be1a-45f5-9681-0d93e627c426: addNew group-47CB1C91F82B:[c825922c-8499-4d06-bbc0-08abc9a8124c|127.0.0.1:15015, a6bf55e3-38e4-411e-ac0b-5acdb6a35656|127.0.0.1:15031, 93cc9901-be1a-45f5-9681-0d93e627c426|127.0.0.1:15023] returns group-47CB1C91F82B:java.util.concurrent.CompletableFuture@4de451b3[Not completed]
2025-04-17 16:40:28,528 [93cc9901-be1a-45f5-9681-0d93e627c426-groupManagement] INFO  util.AwaitToRun (AwaitToRun.java:start(81)) - Thread[#869,93cc9901-be1a-45f5-9681-0d93e627c426@group-9CF72A0E49C3-cacheEviction-AwaitToRun,5,main] started
2025-04-17 16:40:28,528 [93cc9901-be1a-45f5-9681-0d93e627c426-groupManagement] INFO  segmented.SegmentedRaftLogWorker (SegmentedRaftLogWorker.java:<init>(188)) - new 93cc9901-be1a-45f5-9681-0d93e627c426@group-9CF72A0E49C3-SegmentedRaftLogWorker for RaftStorageImpl:Storage Directory /home/runner/work/ozone/ozone/hadoop-ozone/integration-test/target/test-dir/MiniOzoneClusterImpl-26e726f8-5cec-4c14-bf14-45d4895febc0/ozone-meta/datanode-2/ratis/e123c95b-dd8f-419e-a7e8-9cf72a0e49c3
2025-04-17 16:40:28,528 [93cc9901-be1a-45f5-9681-0d93e627c426-groupManagement] INFO  server.RaftServerConfigKeys (ConfUtils.java:logGet(46)) - raft.server.log.queue.byte-limit = 4294967296 (custom)
2025-04-17 16:40:28,528 [93cc9901-be1a-45f5-9681-0d93e627c426-groupManagement] INFO  server.RaftServerConfigKeys (ConfUtils.java:logGet(46)) - raft.server.log.queue.element-limit = 1024 (custom)
2025-04-17 16:40:28,528 [93cc9901-be1a-45f5-9681-0d93e627c426-groupManagement] INFO  server.RaftServerConfigKeys (ConfUtils.java:logGet(46)) - raft.server.log.segment.size.max = 67108864 (custom)
2025-04-17 16:40:28,528 [93cc9901-be1a-45f5-9681-0d93e627c426-groupManagement] INFO  server.RaftServerConfigKeys (ConfUtils.java:logGet(46)) - raft.server.log.preallocated.size = 4194304 (custom)
2025-04-17 16:40:28,528 [93cc9901-be1a-45f5-9681-0d93e627c426-groupManagement] INFO  server.RaftServerConfigKeys (ConfUtils.java:logGet(46)) - raft.server.log.force.sync.num = 128 (default)
2025-04-17 16:40:28,528 [93cc9901-be1a-45f5-9681-0d93e627c426-groupManagement] INFO  server.RaftServerConfigKeys (ConfUtils.java:logGet(46)) - raft.server.log.statemachine.data.sync = true (default)
2025-04-17 16:40:28,529 [93cc9901-be1a-45f5-9681-0d93e627c426-groupManagement] INFO  server.RaftServerConfigKeys (ConfUtils.java:logGet(46)) - raft.server.log.statemachine.data.sync.timeout = 10s (default)
2025-04-17 16:40:28,529 [93cc9901-be1a-45f5-9681-0d93e627c426-groupManagement] INFO  server.RaftServerConfigKeys (ConfUtils.java:logGet(46)) - raft.server.log.statemachine.data.sync.timeout.retry = 30 (custom)
2025-04-17 16:40:28,529 [93cc9901-be1a-45f5-9681-0d93e627c426-groupManagement] INFO  server.RaftServerConfigKeys (ConfUtils.java:logGet(46)) - raft.server.log.write.buffer.size = 33554440 (custom)
2025-04-17 16:40:28,534 [93cc9901-be1a-45f5-9681-0d93e627c426-groupManagement] INFO  server.RaftServerConfigKeys (ConfUtils.java:logGet(46)) - raft.server.log.appender.buffer.byte-limit = 33554432 (custom)
2025-04-17 16:40:28,535 [93cc9901-be1a-45f5-9681-0d93e627c426-groupManagement] INFO  server.RaftServerConfigKeys (ConfUtils.java:logGet(46)) - raft.server.log.unsafe-flush.enabled = false (default)
2025-04-17 16:40:28,535 [93cc9901-be1a-45f5-9681-0d93e627c426-groupManagement] INFO  server.RaftServerConfigKeys (ConfUtils.java:logGet(46)) - raft.server.log.async-flush.enabled = false (default)
2025-04-17 16:40:28,535 [93cc9901-be1a-45f5-9681-0d93e627c426-groupManagement] INFO  server.RaftServerConfigKeys (ConfUtils.java:logGet(46)) - raft.server.log.statemachine.data.caching.enabled = true (custom)
2025-04-17 16:40:28,535 [93cc9901-be1a-45f5-9681-0d93e627c426-groupManagement] INFO  segmented.SegmentedRaftLogWorker (SegmentedRaftLogWorker.java:lambda$new$0(139)) - 93cc9901-be1a-45f5-9681-0d93e627c426@group-9CF72A0E49C3-SegmentedRaftLogWorker: flushIndex: setUnconditionally 0 -> -1
2025-04-17 16:40:28,535 [93cc9901-be1a-45f5-9681-0d93e627c426-groupManagement] INFO  segmented.SegmentedRaftLogWorker (SegmentedRaftLogWorker.java:lambda$new$0(139)) - 93cc9901-be1a-45f5-9681-0d93e627c426@group-9CF72A0E49C3-SegmentedRaftLogWorker: safeCacheEvictIndex: setUnconditionally 0 -> -1
2025-04-17 16:40:28,535 [93cc9901-be1a-45f5-9681-0d93e627c426-groupManagement] INFO  server.RaftServer$Division (RaftServerImpl.java:start(391)) - 93cc9901-be1a-45f5-9681-0d93e627c426@group-9CF72A0E49C3: start as a follower, conf=conf: {index: -1, cur=peers:[93cc9901-be1a-45f5-9681-0d93e627c426|127.0.0.1:15023]|listeners:[], old=null}
2025-04-17 16:40:28,535 [93cc9901-be1a-45f5-9681-0d93e627c426-groupManagement] INFO  server.RaftServer$Division (RaftServerImpl.java:setRole(378)) - 93cc9901-be1a-45f5-9681-0d93e627c426@group-9CF72A0E49C3: changes role from      null to FOLLOWER at term 0 for startAsFollower
2025-04-17 16:40:28,535 [93cc9901-be1a-45f5-9681-0d93e627c426-groupManagement] INFO  impl.RoleInfo (RoleInfo.java:updateAndGet(148)) - 93cc9901-be1a-45f5-9681-0d93e627c426: start 93cc9901-be1a-45f5-9681-0d93e627c426@group-9CF72A0E49C3-FollowerState
2025-04-17 16:40:28,536 [93cc9901-be1a-45f5-9681-0d93e627c426@group-9CF72A0E49C3-FollowerState] INFO  server.RaftServerConfigKeys (ConfUtils.java:logGet(46)) - raft.server.rpc.first-election.timeout.min = 1000ms (custom)
2025-04-17 16:40:28,536 [93cc9901-be1a-45f5-9681-0d93e627c426@group-9CF72A0E49C3-FollowerState] INFO  server.RaftServerConfigKeys (ConfUtils.java:logGet(46)) - raft.server.rpc.first-election.timeout.max = 1200ms (custom)
2025-04-17 16:40:28,536 [93cc9901-be1a-45f5-9681-0d93e627c426-groupManagement] INFO  util.JmxRegister (JmxRegister.java:tryRegister(44)) - Successfully registered JMX Bean with object name Ratis:service=RaftServer,group=group-9CF72A0E49C3,id=93cc9901-be1a-45f5-9681-0d93e627c426
2025-04-17 16:40:28,536 [93cc9901-be1a-45f5-9681-0d93e627c426-groupManagement] INFO  util.JmxRegister (JmxRegister.java:register(58)) - register mxBean class org.apache.ratis.server.impl.RaftServerJmxAdapter as Ratis:service=RaftServer,group=group-9CF72A0E49C3,id=93cc9901-be1a-45f5-9681-0d93e627c426
2025-04-17 16:40:28,536 [93cc9901-be1a-45f5-9681-0d93e627c426-groupManagement] INFO  server.RaftServerConfigKeys (ConfUtils.java:logGet(46)) - raft.server.snapshot.trigger-when-stop.enabled = true (default)
2025-04-17 16:40:28,536 [50f19a77-e23b-421f-a833-5664bb01cf1c@group-45D4895FEBC0-StateMachineUpdater] INFO  safemode.HealthyPipelineSafeModeRule (HealthyPipelineSafeModeRule.java:initializeRule(174)) - Refreshed total pipeline count is 0, healthy pipeline threshold count is 1
2025-04-17 16:40:28,536 [93cc9901-be1a-45f5-9681-0d93e627c426-groupManagement] INFO  server.RaftServerConfigKeys (ConfUtils.java:logGet(46)) - raft.server.snapshot.trigger-when-remove.enabled = true (default)
2025-04-17 16:40:28,536 [93cc9901-be1a-45f5-9681-0d93e627c426-groupManagement] INFO  server.RaftServerConfigKeys (ConfUtils.java:logGet(46)) - raft.server.snapshot.auto.trigger.enabled = true (custom)
2025-04-17 16:40:28,537 [93cc9901-be1a-45f5-9681-0d93e627c426-groupManagement] INFO  server.RaftServerConfigKeys (ConfUtils.java:logGet(46)) - raft.server.snapshot.auto.trigger.threshold = 100000 (custom)
2025-04-17 16:40:28,537 [93cc9901-be1a-45f5-9681-0d93e627c426-groupManagement] INFO  server.RaftServerConfigKeys (ConfUtils.java:logGet(46)) - raft.server.snapshot.retention.file.num = 5 (custom)
2025-04-17 16:40:28,537 [93cc9901-be1a-45f5-9681-0d93e627c426-groupManagement] INFO  server.RaftServerConfigKeys (ConfUtils.java:logGet(46)) - raft.server.log.purge.upto.snapshot.index = false (default)
2025-04-17 16:40:28,538 [EventQueue-PipelineReportForPipelineReportHandler] INFO  pipeline.PipelineReportHandler (PipelineReportHandler.java:processPipelineReport(134)) - Opened pipeline PipelineID=e123c95b-dd8f-419e-a7e8-9cf72a0e49c3
2025-04-17 16:40:28,538 [EventQueue-OpenPipelineForHealthyPipelineSafeModeRule] INFO  safemode.SCMSafeModeManager (HealthyPipelineSafeModeRule.java:process(141)) - SCM in safe mode. Healthy pipelines reported count is 0, required healthy pipeline reported count is 1
2025-04-17 16:40:28,538 [93cc9901-be1a-45f5-9681-0d93e627c426-groupManagement] INFO  server.RaftServer$Division (RaftServerImpl.java:start(405)) - 93cc9901-be1a-45f5-9681-0d93e627c426@group-9CF72A0E49C3: Successfully started.
2025-04-17 16:40:28,539 [93cc9901-be1a-45f5-9681-0d93e627c426-PipelineCommandHandlerThread-0] INFO  ratis.XceiverServerRatis (XceiverServerRatis.java:addGroup(844)) - Created group PipelineID=e123c95b-dd8f-419e-a7e8-9cf72a0e49c3
2025-04-17 16:40:28,539 [93cc9901-be1a-45f5-9681-0d93e627c426-PipelineCommandHandlerThread-0] INFO  commandhandler.CreatePipelineCommandHandler (CreatePipelineCommandHandler.java:lambda$handle$2(128)) - Created Pipeline RATIS ONE PipelineID=e123c95b-dd8f-419e-a7e8-9cf72a0e49c3.
2025-04-17 16:40:28,540 [93cc9901-be1a-45f5-9681-0d93e627c426-PipelineCommandHandlerThread-0] INFO  server.RaftServer (RaftServerProxy.java:addNew(100)) - 93cc9901-be1a-45f5-9681-0d93e627c426: addNew group-47C15F12B665:[c825922c-8499-4d06-bbc0-08abc9a8124c|127.0.0.1:15015, a6bf55e3-38e4-411e-ac0b-5acdb6a35656|127.0.0.1:15031, 93cc9901-be1a-45f5-9681-0d93e627c426|127.0.0.1:15023] returns group-47C15F12B665:java.util.concurrent.CompletableFuture@13f17a35[Not completed]
2025-04-17 16:40:28,540 [93cc9901-be1a-45f5-9681-0d93e627c426-groupManagement] INFO  server.RaftServer$Division (RaftServerImpl.java:<init>(255)) - 93cc9901-be1a-45f5-9681-0d93e627c426: new RaftServerImpl for group-47CB1C91F82B:[c825922c-8499-4d06-bbc0-08abc9a8124c|127.0.0.1:15015, a6bf55e3-38e4-411e-ac0b-5acdb6a35656|127.0.0.1:15031, 93cc9901-be1a-45f5-9681-0d93e627c426|127.0.0.1:15023] with ContainerStateMachine:uninitialized
2025-04-17 16:40:28,540 [93cc9901-be1a-45f5-9681-0d93e627c426-groupManagement] INFO  server.RaftServerConfigKeys (ConfUtils.java:logGet(46)) - raft.server.rpc.timeout.min = 5s (custom)
2025-04-17 16:40:28,540 [93cc9901-be1a-45f5-9681-0d93e627c426-groupManagement] INFO  server.RaftServerConfigKeys (ConfUtils.java:logGet(46)) - raft.server.rpc.timeout.max = 5200ms (custom)
2025-04-17 16:40:28,540 [93cc9901-be1a-45f5-9681-0d93e627c426-groupManagement] INFO  server.RaftServerConfigKeys (ConfUtils.java:logGet(46)) - raft.server.rpc.sleep.time = 25ms (default)
2025-04-17 16:40:28,540 [93cc9901-be1a-45f5-9681-0d93e627c426-groupManagement] INFO  server.RaftServerConfigKeys (ConfUtils.java:logGet(46)) - raft.server.rpc.slowness.timeout = 300s (custom)
2025-04-17 16:40:28,541 [93cc9901-be1a-45f5-9681-0d93e627c426-groupManagement] INFO  server.RaftServerConfigKeys (ConfUtils.java:logGet(46)) - raft.server.leaderelection.leader.step-down.wait-time = 10s (default)
2025-04-17 16:40:28,541 [93cc9901-be1a-45f5-9681-0d93e627c426-groupManagement] INFO  server.RaftServerConfigKeys (ConfUtils.java:logGet(46)) - raft.server.leaderelection.member.majority-add = false (default)
2025-04-17 16:40:28,541 [93cc9901-be1a-45f5-9681-0d93e627c426-groupManagement] INFO  server.RaftServerConfigKeys (ConfUtils.java:logGet(46)) - raft.server.sleep.deviation.threshold = 300ms (default)
2025-04-17 16:40:28,541 [93cc9901-be1a-45f5-9681-0d93e627c426-groupManagement] INFO  server.RaftServer$Division (ServerState.java:<init>(114)) - 93cc9901-be1a-45f5-9681-0d93e627c426@group-47CB1C91F82B: ConfigurationManager, init=conf: {index: -1, cur=peers:[c825922c-8499-4d06-bbc0-08abc9a8124c|127.0.0.1:15015, a6bf55e3-38e4-411e-ac0b-5acdb6a35656|127.0.0.1:15031, 93cc9901-be1a-45f5-9681-0d93e627c426|127.0.0.1:15023]|listeners:[], old=null}, confs=<EMPTY_MAP>
2025-04-17 16:40:28,541 [93cc9901-be1a-45f5-9681-0d93e627c426-groupManagement] INFO  server.RaftServerConfigKeys (ConfUtils.java:logGet(46)) - raft.server.notification.no-leader.timeout = 300s (custom)
2025-04-17 16:40:28,541 [93cc9901-be1a-45f5-9681-0d93e627c426-groupManagement] INFO  server.RaftServerConfigKeys (ConfUtils.java:logGet(46)) - raft.server.read.timeout = 10s (default)
2025-04-17 16:40:28,541 [93cc9901-be1a-45f5-9681-0d93e627c426-groupManagement] INFO  server.RaftServerConfigKeys (ConfUtils.java:logGet(46)) - raft.server.retrycache.expirytime = 600000ms (custom)
2025-04-17 16:40:28,541 [93cc9901-be1a-45f5-9681-0d93e627c426-groupManagement] INFO  server.RaftServerConfigKeys (ConfUtils.java:logGet(46)) - raft.server.retrycache.statistics.expirytime = 100ms (default)
2025-04-17 16:40:28,541 [93cc9901-be1a-45f5-9681-0d93e627c426-groupManagement] INFO  server.RaftServerConfigKeys (ConfUtils.java:logGet(46)) - raft.server.read.option = DEFAULT (default)
2025-04-17 16:40:28,541 [93cc9901-be1a-45f5-9681-0d93e627c426-groupManagement] INFO  server.RaftServerConfigKeys (ConfUtils.java:logGet(46)) - raft.server.read.read-after-write-consistent.write-index-cache.expiry-time = 60s (default)
2025-04-17 16:40:28,544 [93cc9901-be1a-45f5-9681-0d93e627c426-groupManagement] INFO  server.RaftServerConfigKeys (ConfUtils.java:logGet(46)) - raft.server.rpc.request.timeout = 60s (custom)
2025-04-17 16:40:28,544 [93cc9901-be1a-45f5-9681-0d93e627c426-groupManagement] INFO  server.RaftServerConfigKeys (ConfUtils.java:logGet(46)) - raft.server.log.appender.install.snapshot.enabled = false (custom)
2025-04-17 16:40:28,544 [93cc9901-be1a-45f5-9681-0d93e627c426-groupManagement] INFO  server.RaftServerConfigKeys (ConfUtils.java:logGet(46)) - raft.server.threadpool.server.cached = true (default)
2025-04-17 16:40:28,544 [93cc9901-be1a-45f5-9681-0d93e627c426-groupManagement] INFO  server.RaftServerConfigKeys (ConfUtils.java:logGet(46)) - raft.server.threadpool.server.size = 0 (default)
2025-04-17 16:40:28,544 [93cc9901-be1a-45f5-9681-0d93e627c426-groupManagement] INFO  server.RaftServerConfigKeys (ConfUtils.java:logGet(46)) - raft.server.threadpool.client.cached = true (default)
2025-04-17 16:40:28,544 [93cc9901-be1a-45f5-9681-0d93e627c426-groupManagement] INFO  server.RaftServerConfigKeys (ConfUtils.java:logGet(46)) - raft.server.threadpool.client.size = 0 (default)
2025-04-17 16:40:28,545 [93cc9901-be1a-45f5-9681-0d93e627c426-groupManagement] INFO  server.RaftServer$Division (RaftServerImpl.java:<init>(255)) - 93cc9901-be1a-45f5-9681-0d93e627c426: new RaftServerImpl for group-47C15F12B665:[c825922c-8499-4d06-bbc0-08abc9a8124c|127.0.0.1:15015, a6bf55e3-38e4-411e-ac0b-5acdb6a35656|127.0.0.1:15031, 93cc9901-be1a-45f5-9681-0d93e627c426|127.0.0.1:15023] with ContainerStateMachine:uninitialized
2025-04-17 16:40:28,546 [93cc9901-be1a-45f5-9681-0d93e627c426-groupManagement] INFO  server.RaftServerConfigKeys (ConfUtils.java:logGet(46)) - raft.server.rpc.timeout.min = 5s (custom)
2025-04-17 16:40:28,546 [93cc9901-be1a-45f5-9681-0d93e627c426-groupManagement] INFO  server.RaftServerConfigKeys (ConfUtils.java:logGet(46)) - raft.server.rpc.timeout.max = 5200ms (custom)
2025-04-17 16:40:28,546 [93cc9901-be1a-45f5-9681-0d93e627c426-groupManagement] INFO  server.RaftServerConfigKeys (ConfUtils.java:logGet(46)) - raft.server.rpc.sleep.time = 25ms (default)
2025-04-17 16:40:28,546 [93cc9901-be1a-45f5-9681-0d93e627c426-groupManagement] INFO  server.RaftServerConfigKeys (ConfUtils.java:logGet(46)) - raft.server.rpc.slowness.timeout = 300s (custom)
2025-04-17 16:40:28,546 [93cc9901-be1a-45f5-9681-0d93e627c426-groupManagement] INFO  server.RaftServerConfigKeys (ConfUtils.java:logGet(46)) - raft.server.leaderelection.leader.step-down.wait-time = 10s (default)
2025-04-17 16:40:28,546 [93cc9901-be1a-45f5-9681-0d93e627c426-groupManagement] INFO  server.RaftServerConfigKeys (ConfUtils.java:logGet(46)) - raft.server.leaderelection.member.majority-add = false (default)
2025-04-17 16:40:28,546 [93cc9901-be1a-45f5-9681-0d93e627c426-groupManagement] INFO  server.RaftServerConfigKeys (ConfUtils.java:logGet(46)) - raft.server.sleep.deviation.threshold = 300ms (default)
2025-04-17 16:40:28,546 [93cc9901-be1a-45f5-9681-0d93e627c426-groupManagement] INFO  server.RaftServer$Division (ServerState.java:<init>(114)) - 93cc9901-be1a-45f5-9681-0d93e627c426@group-47C15F12B665: ConfigurationManager, init=conf: {index: -1, cur=peers:[c825922c-8499-4d06-bbc0-08abc9a8124c|127.0.0.1:15015, a6bf55e3-38e4-411e-ac0b-5acdb6a35656|127.0.0.1:15031, 93cc9901-be1a-45f5-9681-0d93e627c426|127.0.0.1:15023]|listeners:[], old=null}, confs=<EMPTY_MAP>
2025-04-17 16:40:28,546 [93cc9901-be1a-45f5-9681-0d93e627c426-groupManagement] INFO  server.RaftServerConfigKeys (ConfUtils.java:logGet(46)) - raft.server.notification.no-leader.timeout = 300s (custom)
2025-04-17 16:40:28,546 [93cc9901-be1a-45f5-9681-0d93e627c426-groupManagement] INFO  server.RaftServerConfigKeys (ConfUtils.java:logGet(46)) - raft.server.read.timeout = 10s (default)
2025-04-17 16:40:28,546 [93cc9901-be1a-45f5-9681-0d93e627c426-groupManagement] INFO  server.RaftServerConfigKeys (ConfUtils.java:logGet(46)) - raft.server.retrycache.expirytime = 600000ms (custom)
2025-04-17 16:40:28,546 [93cc9901-be1a-45f5-9681-0d93e627c426-groupManagement] INFO  server.RaftServerConfigKeys (ConfUtils.java:logGet(46)) - raft.server.retrycache.statistics.expirytime = 100ms (default)
2025-04-17 16:40:28,546 [93cc9901-be1a-45f5-9681-0d93e627c426-groupManagement] INFO  server.RaftServerConfigKeys (ConfUtils.java:logGet(46)) - raft.server.read.option = DEFAULT (default)
2025-04-17 16:40:28,546 [93cc9901-be1a-45f5-9681-0d93e627c426-groupManagement] INFO  server.RaftServerConfigKeys (ConfUtils.java:logGet(46)) - raft.server.read.read-after-write-consistent.write-index-cache.expiry-time = 60s (default)
2025-04-17 16:40:28,551 [93cc9901-be1a-45f5-9681-0d93e627c426-groupManagement] INFO  server.RaftServerConfigKeys (ConfUtils.java:logGet(46)) - raft.server.rpc.request.timeout = 60s (custom)
2025-04-17 16:40:28,552 [93cc9901-be1a-45f5-9681-0d93e627c426-groupManagement] INFO  server.RaftServerConfigKeys (ConfUtils.java:logGet(46)) - raft.server.log.appender.install.snapshot.enabled = false (custom)
2025-04-17 16:40:28,552 [93cc9901-be1a-45f5-9681-0d93e627c426-groupManagement] INFO  server.RaftServerConfigKeys (ConfUtils.java:logGet(46)) - raft.server.threadpool.server.cached = true (default)
2025-04-17 16:40:28,552 [93cc9901-be1a-45f5-9681-0d93e627c426-groupManagement] INFO  server.RaftServerConfigKeys (ConfUtils.java:logGet(46)) - raft.server.threadpool.server.size = 0 (default)
2025-04-17 16:40:28,552 [93cc9901-be1a-45f5-9681-0d93e627c426-groupManagement] INFO  server.RaftServerConfigKeys (ConfUtils.java:logGet(46)) - raft.server.threadpool.client.cached = true (default)
2025-04-17 16:40:28,552 [93cc9901-be1a-45f5-9681-0d93e627c426-groupManagement] INFO  server.RaftServerConfigKeys (ConfUtils.java:logGet(46)) - raft.server.threadpool.client.size = 0 (default)
2025-04-17 16:40:28,552 [93cc9901-be1a-45f5-9681-0d93e627c426-groupManagement] INFO  server.RaftServerConfigKeys (ConfUtils.java:logGet(46)) - raft.server.storage.free-space.min = 0MB (=0) (default)
2025-04-17 16:40:28,552 [93cc9901-be1a-45f5-9681-0d93e627c426-groupManagement] INFO  server.RaftServerConfigKeys (ConfUtils.java:logGet(46)) - raft.server.log.corruption.policy = EXCEPTION (default)
2025-04-17 16:40:28,552 [93cc9901-be1a-45f5-9681-0d93e627c426-groupManagement] INFO  server.RaftServerConfigKeys (ConfUtils.java:logGet(46)) - raft.server.storage.dir = [/home/runner/work/ozone/ozone/hadoop-ozone/integration-test/target/test-dir/MiniOzoneClusterImpl-26e726f8-5cec-4c14-bf14-45d4895febc0/ozone-meta/datanode-2/ratis] (custom)
2025-04-17 16:40:28,552 [93cc9901-be1a-45f5-9681-0d93e627c426-groupManagement] INFO  storage.RaftStorageDirectory (RaftStorageDirectoryImpl.java:analyzeStorage(138)) - The storage directory /home/runner/work/ozone/ozone/hadoop-ozone/integration-test/target/test-dir/MiniOzoneClusterImpl-26e726f8-5cec-4c14-bf14-45d4895febc0/ozone-meta/datanode-2/ratis/5bdf7528-583f-4406-99f6-47cb1c91f82b does not exist. Creating ...
2025-04-17 16:40:28,553 [93cc9901-be1a-45f5-9681-0d93e627c426-groupManagement] INFO  storage.RaftStorageDirectory (RaftStorageDirectoryImpl.java:tryLock(229)) - Lock on /home/runner/work/ozone/ozone/hadoop-ozone/integration-test/target/test-dir/MiniOzoneClusterImpl-26e726f8-5cec-4c14-bf14-45d4895febc0/ozone-meta/datanode-2/ratis/5bdf7528-583f-4406-99f6-47cb1c91f82b/in_use.lock acquired by nodename 85305@fv-az1665-423
2025-04-17 16:40:28,555 [93cc9901-be1a-45f5-9681-0d93e627c426-groupManagement] INFO  storage.RaftStorage (RaftStorageImpl.java:format(98)) - Storage directory /home/runner/work/ozone/ozone/hadoop-ozone/integration-test/target/test-dir/MiniOzoneClusterImpl-26e726f8-5cec-4c14-bf14-45d4895febc0/ozone-meta/datanode-2/ratis/5bdf7528-583f-4406-99f6-47cb1c91f82b has been successfully formatted.
2025-04-17 16:40:28,555 [93cc9901-be1a-45f5-9681-0d93e627c426-groupManagement] INFO  ratis.ContainerStateMachine (ContainerStateMachine.java:initialize(340)) - 93cc9901-be1a-45f5-9681-0d93e627c426: initialize group-47CB1C91F82B
2025-04-17 16:40:28,555 [93cc9901-be1a-45f5-9681-0d93e627c426-groupManagement] INFO  ratis.ContainerStateMachine (ContainerStateMachine.java:loadSnapshot(348)) - group-47CB1C91F82B: The snapshot info is null. Setting the last applied index to:(t:0, i:~)
2025-04-17 16:40:28,555 [93cc9901-be1a-45f5-9681-0d93e627c426-groupManagement] INFO  server.RaftServerConfigKeys (ConfUtils.java:logGet(46)) - raft.server.log.use.memory = false (default)
2025-04-17 16:40:28,555 [93cc9901-be1a-45f5-9681-0d93e627c426-groupManagement] INFO  server.RaftServerConfigKeys (ConfUtils.java:logGet(46)) - raft.server.log.purge.gap = 1000000 (custom)
2025-04-17 16:40:28,555 [93cc9901-be1a-45f5-9681-0d93e627c426-groupManagement] INFO  server.RaftServerConfigKeys (ConfUtils.java:logGet(46)) - raft.server.log.appender.buffer.byte-limit = 33554432 (custom)
2025-04-17 16:40:28,555 [93cc9901-be1a-45f5-9681-0d93e627c426-groupManagement] INFO  server.RaftServerConfigKeys (ConfUtils.java:logGet(46)) - raft.server.log.statemachine.data.read.timeout = 1000ms (default)
2025-04-17 16:40:28,555 [93cc9901-be1a-45f5-9681-0d93e627c426-groupManagement] INFO  server.RaftServerConfigKeys (ConfUtils.java:logGet(46)) - raft.server.log.purge.preservation.log.num = 0 (default)
2025-04-17 16:40:28,558 [EventQueue-OpenPipelineForHealthyPipelineSafeModeRule] INFO  safemode.SCMSafeModeManager (HealthyPipelineSafeModeRule.java:process(141)) - SCM in safe mode. Healthy pipelines reported count is 0, required healthy pipeline reported count is 1
2025-04-17 16:40:28,558 [93cc9901-be1a-45f5-9681-0d93e627c426-groupManagement] INFO  server.RaftServerConfigKeys (ConfUtils.java:logGet(46)) - raft.server.log.segment.size.max = 67108864 (custom)
2025-04-17 16:40:28,559 [93cc9901-be1a-45f5-9681-0d93e627c426-groupManagement] INFO  server.RaftServerConfigKeys (ConfUtils.java:logGet(46)) - raft.server.log.segment.cache.num.max = 2 (custom)
2025-04-17 16:40:28,559 [93cc9901-be1a-45f5-9681-0d93e627c426-groupManagement] INFO  server.RaftServerConfigKeys (ConfUtils.java:logGet(46)) - raft.server.log.segment.cache.size.max = 200MB (=209715200) (default)
2025-04-17 16:40:28,559 [93cc9901-be1a-45f5-9681-0d93e627c426-groupManagement] INFO  server.RaftServerConfigKeys (ConfUtils.java:logGet(46)) - raft.server.log.appender.buffer.byte-limit = 33554432 (custom)
2025-04-17 16:40:28,560 [93cc9901-be1a-45f5-9681-0d93e627c426-groupManagement] INFO  util.AwaitToRun (AwaitToRun.java:start(81)) - Thread[#873,93cc9901-be1a-45f5-9681-0d93e627c426@group-47CB1C91F82B-cacheEviction-AwaitToRun,5,main] started
2025-04-17 16:40:28,560 [93cc9901-be1a-45f5-9681-0d93e627c426-groupManagement] INFO  segmented.SegmentedRaftLogWorker (SegmentedRaftLogWorker.java:<init>(188)) - new 93cc9901-be1a-45f5-9681-0d93e627c426@group-47CB1C91F82B-SegmentedRaftLogWorker for RaftStorageImpl:Storage Directory /home/runner/work/ozone/ozone/hadoop-ozone/integration-test/target/test-dir/MiniOzoneClusterImpl-26e726f8-5cec-4c14-bf14-45d4895febc0/ozone-meta/datanode-2/ratis/5bdf7528-583f-4406-99f6-47cb1c91f82b
2025-04-17 16:40:28,560 [93cc9901-be1a-45f5-9681-0d93e627c426-groupManagement] INFO  server.RaftServerConfigKeys (ConfUtils.java:logGet(46)) - raft.server.log.queue.byte-limit = 4294967296 (custom)
2025-04-17 16:40:28,560 [93cc9901-be1a-45f5-9681-0d93e627c426-groupManagement] INFO  server.RaftServerConfigKeys (ConfUtils.java:logGet(46)) - raft.server.log.queue.element-limit = 1024 (custom)
2025-04-17 16:40:28,560 [93cc9901-be1a-45f5-9681-0d93e627c426-groupManagement] INFO  server.RaftServerConfigKeys (ConfUtils.java:logGet(46)) - raft.server.log.segment.size.max = 67108864 (custom)
2025-04-17 16:40:28,560 [93cc9901-be1a-45f5-9681-0d93e627c426-groupManagement] INFO  server.RaftServerConfigKeys (ConfUtils.java:logGet(46)) - raft.server.log.preallocated.size = 4194304 (custom)
2025-04-17 16:40:28,560 [93cc9901-be1a-45f5-9681-0d93e627c426-groupManagement] INFO  server.RaftServerConfigKeys (ConfUtils.java:logGet(46)) - raft.server.log.force.sync.num = 128 (default)
2025-04-17 16:40:28,560 [93cc9901-be1a-45f5-9681-0d93e627c426-groupManagement] INFO  server.RaftServerConfigKeys (ConfUtils.java:logGet(46)) - raft.server.log.statemachine.data.sync = true (default)
2025-04-17 16:40:28,560 [93cc9901-be1a-45f5-9681-0d93e627c426-groupManagement] INFO  server.RaftServerConfigKeys (ConfUtils.java:logGet(46)) - raft.server.log.statemachine.data.sync.timeout = 10s (default)
2025-04-17 16:40:28,561 [93cc9901-be1a-45f5-9681-0d93e627c426-groupManagement] INFO  server.RaftServerConfigKeys (ConfUtils.java:logGet(46)) - raft.server.log.statemachine.data.sync.timeout.retry = 30 (custom)
2025-04-17 16:40:28,561 [93cc9901-be1a-45f5-9681-0d93e627c426-groupManagement] INFO  server.RaftServerConfigKeys (ConfUtils.java:logGet(46)) - raft.server.log.write.buffer.size = 33554440 (custom)
2025-04-17 16:40:28,566 [93cc9901-be1a-45f5-9681-0d93e627c426-groupManagement] INFO  server.RaftServerConfigKeys (ConfUtils.java:logGet(46)) - raft.server.log.appender.buffer.byte-limit = 33554432 (custom)
2025-04-17 16:40:28,567 [93cc9901-be1a-45f5-9681-0d93e627c426-groupManagement] INFO  server.RaftServerConfigKeys (ConfUtils.java:logGet(46)) - raft.server.log.unsafe-flush.enabled = false (default)
2025-04-17 16:40:28,567 [93cc9901-be1a-45f5-9681-0d93e627c426-groupManagement] INFO  server.RaftServerConfigKeys (ConfUtils.java:logGet(46)) - raft.server.log.async-flush.enabled = false (default)
2025-04-17 16:40:28,567 [93cc9901-be1a-45f5-9681-0d93e627c426-groupManagement] INFO  server.RaftServerConfigKeys (ConfUtils.java:logGet(46)) - raft.server.log.statemachine.data.caching.enabled = true (custom)
2025-04-17 16:40:28,567 [93cc9901-be1a-45f5-9681-0d93e627c426-groupManagement] INFO  segmented.SegmentedRaftLogWorker (SegmentedRaftLogWorker.java:lambda$new$0(139)) - 93cc9901-be1a-45f5-9681-0d93e627c426@group-47CB1C91F82B-SegmentedRaftLogWorker: flushIndex: setUnconditionally 0 -> -1
2025-04-17 16:40:28,567 [93cc9901-be1a-45f5-9681-0d93e627c426-groupManagement] INFO  segmented.SegmentedRaftLogWorker (SegmentedRaftLogWorker.java:lambda$new$0(139)) - 93cc9901-be1a-45f5-9681-0d93e627c426@group-47CB1C91F82B-SegmentedRaftLogWorker: safeCacheEvictIndex: setUnconditionally 0 -> -1
2025-04-17 16:40:28,567 [93cc9901-be1a-45f5-9681-0d93e627c426-groupManagement] INFO  server.RaftServer$Division (RaftServerImpl.java:start(391)) - 93cc9901-be1a-45f5-9681-0d93e627c426@group-47CB1C91F82B: start as a follower, conf=conf: {index: -1, cur=peers:[c825922c-8499-4d06-bbc0-08abc9a8124c|127.0.0.1:15015, a6bf55e3-38e4-411e-ac0b-5acdb6a35656|127.0.0.1:15031, 93cc9901-be1a-45f5-9681-0d93e627c426|127.0.0.1:15023]|listeners:[], old=null}
2025-04-17 16:40:28,567 [93cc9901-be1a-45f5-9681-0d93e627c426-groupManagement] INFO  server.RaftServer$Division (RaftServerImpl.java:setRole(378)) - 93cc9901-be1a-45f5-9681-0d93e627c426@group-47CB1C91F82B: changes role from      null to FOLLOWER at term 0 for startAsFollower
2025-04-17 16:40:28,568 [93cc9901-be1a-45f5-9681-0d93e627c426-groupManagement] INFO  impl.RoleInfo (RoleInfo.java:updateAndGet(148)) - 93cc9901-be1a-45f5-9681-0d93e627c426: start 93cc9901-be1a-45f5-9681-0d93e627c426@group-47CB1C91F82B-FollowerState
2025-04-17 16:40:28,568 [93cc9901-be1a-45f5-9681-0d93e627c426@group-47CB1C91F82B-FollowerState] INFO  server.RaftServerConfigKeys (ConfUtils.java:logGet(46)) - raft.server.rpc.first-election.timeout.min = 1000ms (custom)
2025-04-17 16:40:28,568 [93cc9901-be1a-45f5-9681-0d93e627c426-groupManagement] INFO  util.JmxRegister (JmxRegister.java:tryRegister(44)) - Successfully registered JMX Bean with object name Ratis:service=RaftServer,group=group-47CB1C91F82B,id=93cc9901-be1a-45f5-9681-0d93e627c426
2025-04-17 16:40:28,568 [93cc9901-be1a-45f5-9681-0d93e627c426-groupManagement] INFO  util.JmxRegister (JmxRegister.java:register(58)) - register mxBean class org.apache.ratis.server.impl.RaftServerJmxAdapter as Ratis:service=RaftServer,group=group-47CB1C91F82B,id=93cc9901-be1a-45f5-9681-0d93e627c426
2025-04-17 16:40:28,568 [93cc9901-be1a-45f5-9681-0d93e627c426-groupManagement] INFO  server.RaftServerConfigKeys (ConfUtils.java:logGet(46)) - raft.server.snapshot.trigger-when-stop.enabled = true (default)
2025-04-17 16:40:28,568 [93cc9901-be1a-45f5-9681-0d93e627c426-groupManagement] INFO  server.RaftServerConfigKeys (ConfUtils.java:logGet(46)) - raft.server.snapshot.trigger-when-remove.enabled = true (default)
2025-04-17 16:40:28,568 [93cc9901-be1a-45f5-9681-0d93e627c426-groupManagement] INFO  server.RaftServerConfigKeys (ConfUtils.java:logGet(46)) - raft.server.snapshot.auto.trigger.enabled = true (custom)
2025-04-17 16:40:28,568 [93cc9901-be1a-45f5-9681-0d93e627c426-groupManagement] INFO  server.RaftServerConfigKeys (ConfUtils.java:logGet(46)) - raft.server.snapshot.auto.trigger.threshold = 100000 (custom)
2025-04-17 16:40:28,568 [93cc9901-be1a-45f5-9681-0d93e627c426-groupManagement] INFO  server.RaftServerConfigKeys (ConfUtils.java:logGet(46)) - raft.server.snapshot.retention.file.num = 5 (custom)
2025-04-17 16:40:28,568 [93cc9901-be1a-45f5-9681-0d93e627c426-groupManagement] INFO  server.RaftServerConfigKeys (ConfUtils.java:logGet(46)) - raft.server.log.purge.upto.snapshot.index = false (default)
2025-04-17 16:40:28,568 [93cc9901-be1a-45f5-9681-0d93e627c426@group-47CB1C91F82B-FollowerState] INFO  server.RaftServerConfigKeys (ConfUtils.java:logGet(46)) - raft.server.rpc.first-election.timeout.max = 1200ms (custom)
2025-04-17 16:40:28,569 [93cc9901-be1a-45f5-9681-0d93e627c426-groupManagement] INFO  server.RaftServer$Division (RaftServerImpl.java:start(405)) - 93cc9901-be1a-45f5-9681-0d93e627c426@group-47CB1C91F82B: Successfully started.
2025-04-17 16:40:28,582 [93cc9901-be1a-45f5-9681-0d93e627c426-groupManagement] INFO  server.RaftServerConfigKeys (ConfUtils.java:logGet(46)) - raft.server.storage.free-space.min = 0MB (=0) (default)
2025-04-17 16:40:28,582 [93cc9901-be1a-45f5-9681-0d93e627c426-groupManagement] INFO  server.RaftServerConfigKeys (ConfUtils.java:logGet(46)) - raft.server.log.corruption.policy = EXCEPTION (default)
2025-04-17 16:40:28,582 [93cc9901-be1a-45f5-9681-0d93e627c426-groupManagement] INFO  server.RaftServerConfigKeys (ConfUtils.java:logGet(46)) - raft.server.storage.dir = [/home/runner/work/ozone/ozone/hadoop-ozone/integration-test/target/test-dir/MiniOzoneClusterImpl-26e726f8-5cec-4c14-bf14-45d4895febc0/ozone-meta/datanode-2/ratis] (custom)
2025-04-17 16:40:28,582 [93cc9901-be1a-45f5-9681-0d93e627c426-groupManagement] INFO  storage.RaftStorageDirectory (RaftStorageDirectoryImpl.java:analyzeStorage(138)) - The storage directory /home/runner/work/ozone/ozone/hadoop-ozone/integration-test/target/test-dir/MiniOzoneClusterImpl-26e726f8-5cec-4c14-bf14-45d4895febc0/ozone-meta/datanode-2/ratis/690337f3-2d94-4a7e-a7b3-47c15f12b665 does not exist. Creating ...
2025-04-17 16:40:28,584 [93cc9901-be1a-45f5-9681-0d93e627c426-groupManagement] INFO  storage.RaftStorageDirectory (RaftStorageDirectoryImpl.java:tryLock(229)) - Lock on /home/runner/work/ozone/ozone/hadoop-ozone/integration-test/target/test-dir/MiniOzoneClusterImpl-26e726f8-5cec-4c14-bf14-45d4895febc0/ozone-meta/datanode-2/ratis/690337f3-2d94-4a7e-a7b3-47c15f12b665/in_use.lock acquired by nodename 85305@fv-az1665-423
2025-04-17 16:40:28,585 [93cc9901-be1a-45f5-9681-0d93e627c426-groupManagement] INFO  storage.RaftStorage (RaftStorageImpl.java:format(98)) - Storage directory /home/runner/work/ozone/ozone/hadoop-ozone/integration-test/target/test-dir/MiniOzoneClusterImpl-26e726f8-5cec-4c14-bf14-45d4895febc0/ozone-meta/datanode-2/ratis/690337f3-2d94-4a7e-a7b3-47c15f12b665 has been successfully formatted.
2025-04-17 16:40:28,586 [93cc9901-be1a-45f5-9681-0d93e627c426-groupManagement] INFO  ratis.ContainerStateMachine (ContainerStateMachine.java:initialize(340)) - 93cc9901-be1a-45f5-9681-0d93e627c426: initialize group-47C15F12B665
2025-04-17 16:40:28,586 [93cc9901-be1a-45f5-9681-0d93e627c426-groupManagement] INFO  ratis.ContainerStateMachine (ContainerStateMachine.java:loadSnapshot(348)) - group-47C15F12B665: The snapshot info is null. Setting the last applied index to:(t:0, i:~)
2025-04-17 16:40:28,586 [93cc9901-be1a-45f5-9681-0d93e627c426-groupManagement] INFO  server.RaftServerConfigKeys (ConfUtils.java:logGet(46)) - raft.server.log.use.memory = false (default)
2025-04-17 16:40:28,586 [93cc9901-be1a-45f5-9681-0d93e627c426-groupManagement] INFO  server.RaftServerConfigKeys (ConfUtils.java:logGet(46)) - raft.server.log.purge.gap = 1000000 (custom)
2025-04-17 16:40:28,586 [93cc9901-be1a-45f5-9681-0d93e627c426-groupManagement] INFO  server.RaftServerConfigKeys (ConfUtils.java:logGet(46)) - raft.server.log.appender.buffer.byte-limit = 33554432 (custom)
2025-04-17 16:40:28,586 [93cc9901-be1a-45f5-9681-0d93e627c426-groupManagement] INFO  server.RaftServerConfigKeys (ConfUtils.java:logGet(46)) - raft.server.log.statemachine.data.read.timeout = 1000ms (default)
2025-04-17 16:40:28,586 [93cc9901-be1a-45f5-9681-0d93e627c426-groupManagement] INFO  server.RaftServerConfigKeys (ConfUtils.java:logGet(46)) - raft.server.log.purge.preservation.log.num = 0 (default)
2025-04-17 16:40:28,589 [93cc9901-be1a-45f5-9681-0d93e627c426-groupManagement] INFO  server.RaftServerConfigKeys (ConfUtils.java:logGet(46)) - raft.server.log.segment.size.max = 67108864 (custom)
2025-04-17 16:40:28,589 [93cc9901-be1a-45f5-9681-0d93e627c426-groupManagement] INFO  server.RaftServerConfigKeys (ConfUtils.java:logGet(46)) - raft.server.log.segment.cache.num.max = 2 (custom)
2025-04-17 16:40:28,589 [93cc9901-be1a-45f5-9681-0d93e627c426-groupManagement] INFO  server.RaftServerConfigKeys (ConfUtils.java:logGet(46)) - raft.server.log.segment.cache.size.max = 200MB (=209715200) (default)
2025-04-17 16:40:28,589 [93cc9901-be1a-45f5-9681-0d93e627c426-groupManagement] INFO  server.RaftServerConfigKeys (ConfUtils.java:logGet(46)) - raft.server.log.appender.buffer.byte-limit = 33554432 (custom)
2025-04-17 16:40:28,590 [93cc9901-be1a-45f5-9681-0d93e627c426-groupManagement] INFO  util.AwaitToRun (AwaitToRun.java:start(81)) - Thread[#878,93cc9901-be1a-45f5-9681-0d93e627c426@group-47C15F12B665-cacheEviction-AwaitToRun,5,main] started
2025-04-17 16:40:28,590 [93cc9901-be1a-45f5-9681-0d93e627c426-groupManagement] INFO  segmented.SegmentedRaftLogWorker (SegmentedRaftLogWorker.java:<init>(188)) - new 93cc9901-be1a-45f5-9681-0d93e627c426@group-47C15F12B665-SegmentedRaftLogWorker for RaftStorageImpl:Storage Directory /home/runner/work/ozone/ozone/hadoop-ozone/integration-test/target/test-dir/MiniOzoneClusterImpl-26e726f8-5cec-4c14-bf14-45d4895febc0/ozone-meta/datanode-2/ratis/690337f3-2d94-4a7e-a7b3-47c15f12b665
2025-04-17 16:40:28,590 [EventQueue-OpenPipelineForHealthyPipelineSafeModeRule] INFO  safemode.SCMSafeModeManager (HealthyPipelineSafeModeRule.java:process(141)) - SCM in safe mode. Healthy pipelines reported count is 0, required healthy pipeline reported count is 1
2025-04-17 16:40:28,591 [93cc9901-be1a-45f5-9681-0d93e627c426-groupManagement] INFO  server.RaftServerConfigKeys (ConfUtils.java:logGet(46)) - raft.server.log.queue.byte-limit = 4294967296 (custom)
2025-04-17 16:40:28,591 [93cc9901-be1a-45f5-9681-0d93e627c426-groupManagement] INFO  server.RaftServerConfigKeys (ConfUtils.java:logGet(46)) - raft.server.log.queue.element-limit = 1024 (custom)
2025-04-17 16:40:28,591 [93cc9901-be1a-45f5-9681-0d93e627c426-groupManagement] INFO  server.RaftServerConfigKeys (ConfUtils.java:logGet(46)) - raft.server.log.segment.size.max = 67108864 (custom)
2025-04-17 16:40:28,591 [93cc9901-be1a-45f5-9681-0d93e627c426-groupManagement] INFO  server.RaftServerConfigKeys (ConfUtils.java:logGet(46)) - raft.server.log.preallocated.size = 4194304 (custom)
2025-04-17 16:40:28,591 [93cc9901-be1a-45f5-9681-0d93e627c426-groupManagement] INFO  server.RaftServerConfigKeys (ConfUtils.java:logGet(46)) - raft.server.log.force.sync.num = 128 (default)
2025-04-17 16:40:28,591 [93cc9901-be1a-45f5-9681-0d93e627c426-groupManagement] INFO  server.RaftServerConfigKeys (ConfUtils.java:logGet(46)) - raft.server.log.statemachine.data.sync = true (default)
2025-04-17 16:40:28,591 [93cc9901-be1a-45f5-9681-0d93e627c426-groupManagement] INFO  server.RaftServerConfigKeys (ConfUtils.java:logGet(46)) - raft.server.log.statemachine.data.sync.timeout = 10s (default)
2025-04-17 16:40:28,591 [93cc9901-be1a-45f5-9681-0d93e627c426-groupManagement] INFO  server.RaftServerConfigKeys (ConfUtils.java:logGet(46)) - raft.server.log.statemachine.data.sync.timeout.retry = 30 (custom)
2025-04-17 16:40:28,591 [93cc9901-be1a-45f5-9681-0d93e627c426-groupManagement] INFO  server.RaftServerConfigKeys (ConfUtils.java:logGet(46)) - raft.server.log.write.buffer.size = 33554440 (custom)
2025-04-17 16:40:28,596 [93cc9901-be1a-45f5-9681-0d93e627c426-groupManagement] INFO  server.RaftServerConfigKeys (ConfUtils.java:logGet(46)) - raft.server.log.appender.buffer.byte-limit = 33554432 (custom)
2025-04-17 16:40:28,596 [93cc9901-be1a-45f5-9681-0d93e627c426-groupManagement] INFO  server.RaftServerConfigKeys (ConfUtils.java:logGet(46)) - raft.server.log.unsafe-flush.enabled = false (default)
2025-04-17 16:40:28,597 [93cc9901-be1a-45f5-9681-0d93e627c426-groupManagement] INFO  server.RaftServerConfigKeys (ConfUtils.java:logGet(46)) - raft.server.log.async-flush.enabled = false (default)
2025-04-17 16:40:28,597 [93cc9901-be1a-45f5-9681-0d93e627c426-groupManagement] INFO  server.RaftServerConfigKeys (ConfUtils.java:logGet(46)) - raft.server.log.statemachine.data.caching.enabled = true (custom)
2025-04-17 16:40:28,597 [93cc9901-be1a-45f5-9681-0d93e627c426-groupManagement] INFO  segmented.SegmentedRaftLogWorker (SegmentedRaftLogWorker.java:lambda$new$0(139)) - 93cc9901-be1a-45f5-9681-0d93e627c426@group-47C15F12B665-SegmentedRaftLogWorker: flushIndex: setUnconditionally 0 -> -1
2025-04-17 16:40:28,597 [93cc9901-be1a-45f5-9681-0d93e627c426-groupManagement] INFO  segmented.SegmentedRaftLogWorker (SegmentedRaftLogWorker.java:lambda$new$0(139)) - 93cc9901-be1a-45f5-9681-0d93e627c426@group-47C15F12B665-SegmentedRaftLogWorker: safeCacheEvictIndex: setUnconditionally 0 -> -1
2025-04-17 16:40:28,597 [93cc9901-be1a-45f5-9681-0d93e627c426-groupManagement] INFO  server.RaftServer$Division (RaftServerImpl.java:start(391)) - 93cc9901-be1a-45f5-9681-0d93e627c426@group-47C15F12B665: start as a follower, conf=conf: {index: -1, cur=peers:[c825922c-8499-4d06-bbc0-08abc9a8124c|127.0.0.1:15015, a6bf55e3-38e4-411e-ac0b-5acdb6a35656|127.0.0.1:15031, 93cc9901-be1a-45f5-9681-0d93e627c426|127.0.0.1:15023]|listeners:[], old=null}
2025-04-17 16:40:28,597 [93cc9901-be1a-45f5-9681-0d93e627c426-groupManagement] INFO  server.RaftServer$Division (RaftServerImpl.java:setRole(378)) - 93cc9901-be1a-45f5-9681-0d93e627c426@group-47C15F12B665: changes role from      null to FOLLOWER at term 0 for startAsFollower
2025-04-17 16:40:28,598 [93cc9901-be1a-45f5-9681-0d93e627c426-groupManagement] INFO  impl.RoleInfo (RoleInfo.java:updateAndGet(148)) - 93cc9901-be1a-45f5-9681-0d93e627c426: start 93cc9901-be1a-45f5-9681-0d93e627c426@group-47C15F12B665-FollowerState
2025-04-17 16:40:28,598 [93cc9901-be1a-45f5-9681-0d93e627c426-groupManagement] INFO  util.JmxRegister (JmxRegister.java:tryRegister(44)) - Successfully registered JMX Bean with object name Ratis:service=RaftServer,group=group-47C15F12B665,id=93cc9901-be1a-45f5-9681-0d93e627c426
2025-04-17 16:40:28,598 [93cc9901-be1a-45f5-9681-0d93e627c426-groupManagement] INFO  util.JmxRegister (JmxRegister.java:register(58)) - register mxBean class org.apache.ratis.server.impl.RaftServerJmxAdapter as Ratis:service=RaftServer,group=group-47C15F12B665,id=93cc9901-be1a-45f5-9681-0d93e627c426
2025-04-17 16:40:28,598 [93cc9901-be1a-45f5-9681-0d93e627c426-groupManagement] INFO  server.RaftServerConfigKeys (ConfUtils.java:logGet(46)) - raft.server.snapshot.trigger-when-stop.enabled = true (default)
2025-04-17 16:40:28,598 [93cc9901-be1a-45f5-9681-0d93e627c426-groupManagement] INFO  server.RaftServerConfigKeys (ConfUtils.java:logGet(46)) - raft.server.snapshot.trigger-when-remove.enabled = true (default)
2025-04-17 16:40:28,598 [93cc9901-be1a-45f5-9681-0d93e627c426-groupManagement] INFO  server.RaftServerConfigKeys (ConfUtils.java:logGet(46)) - raft.server.snapshot.auto.trigger.enabled = true (custom)
2025-04-17 16:40:28,598 [93cc9901-be1a-45f5-9681-0d93e627c426-groupManagement] INFO  server.RaftServerConfigKeys (ConfUtils.java:logGet(46)) - raft.server.snapshot.auto.trigger.threshold = 100000 (custom)
2025-04-17 16:40:28,598 [93cc9901-be1a-45f5-9681-0d93e627c426-groupManagement] INFO  server.RaftServerConfigKeys (ConfUtils.java:logGet(46)) - raft.server.snapshot.retention.file.num = 5 (custom)
2025-04-17 16:40:28,598 [93cc9901-be1a-45f5-9681-0d93e627c426-groupManagement] INFO  server.RaftServerConfigKeys (ConfUtils.java:logGet(46)) - raft.server.log.purge.upto.snapshot.index = false (default)
2025-04-17 16:40:28,599 [93cc9901-be1a-45f5-9681-0d93e627c426@group-47C15F12B665-FollowerState] INFO  server.RaftServerConfigKeys (ConfUtils.java:logGet(46)) - raft.server.rpc.first-election.timeout.min = 1000ms (custom)
2025-04-17 16:40:28,599 [93cc9901-be1a-45f5-9681-0d93e627c426@group-47C15F12B665-FollowerState] INFO  server.RaftServerConfigKeys (ConfUtils.java:logGet(46)) - raft.server.rpc.first-election.timeout.max = 1200ms (custom)
2025-04-17 16:40:28,599 [93cc9901-be1a-45f5-9681-0d93e627c426-groupManagement] INFO  server.RaftServer$Division (RaftServerImpl.java:start(405)) - 93cc9901-be1a-45f5-9681-0d93e627c426@group-47C15F12B665: Successfully started.
2025-04-17 16:40:28,600 [93cc9901-be1a-45f5-9681-0d93e627c426-PipelineCommandHandlerThread-0] INFO  ratis.XceiverServerRatis (XceiverServerRatis.java:addGroup(844)) - Created group PipelineID=690337f3-2d94-4a7e-a7b3-47c15f12b665
2025-04-17 16:40:28,610 [grpc-default-executor-0] INFO  server.RaftServer (RaftServerProxy.java:addNew(100)) - a6bf55e3-38e4-411e-ac0b-5acdb6a35656: addNew group-47CB1C91F82B:[c825922c-8499-4d06-bbc0-08abc9a8124c|127.0.0.1:15015, a6bf55e3-38e4-411e-ac0b-5acdb6a35656|127.0.0.1:15031, 93cc9901-be1a-45f5-9681-0d93e627c426|127.0.0.1:15023] returns group-47CB1C91F82B:java.util.concurrent.CompletableFuture@1e403ee0[Not completed]
2025-04-17 16:40:28,610 [grpc-default-executor-1] INFO  server.RaftServer (RaftServerProxy.java:addNew(100)) - a6bf55e3-38e4-411e-ac0b-5acdb6a35656: addNew group-47C15F12B665:[c825922c-8499-4d06-bbc0-08abc9a8124c|127.0.0.1:15015, a6bf55e3-38e4-411e-ac0b-5acdb6a35656|127.0.0.1:15031, 93cc9901-be1a-45f5-9681-0d93e627c426|127.0.0.1:15023] returns group-47C15F12B665:java.util.concurrent.CompletableFuture@38d836d3[Not completed]
2025-04-17 16:40:28,612 [a6bf55e3-38e4-411e-ac0b-5acdb6a35656-groupManagement] INFO  server.RaftServer$Division (RaftServerImpl.java:<init>(255)) - a6bf55e3-38e4-411e-ac0b-5acdb6a35656: new RaftServerImpl for group-47CB1C91F82B:[c825922c-8499-4d06-bbc0-08abc9a8124c|127.0.0.1:15015, a6bf55e3-38e4-411e-ac0b-5acdb6a35656|127.0.0.1:15031, 93cc9901-be1a-45f5-9681-0d93e627c426|127.0.0.1:15023] with ContainerStateMachine:uninitialized
2025-04-17 16:40:28,612 [a6bf55e3-38e4-411e-ac0b-5acdb6a35656-groupManagement] INFO  server.RaftServerConfigKeys (ConfUtils.java:logGet(46)) - raft.server.rpc.timeout.min = 5s (custom)
2025-04-17 16:40:28,612 [a6bf55e3-38e4-411e-ac0b-5acdb6a35656-groupManagement] INFO  server.RaftServerConfigKeys (ConfUtils.java:logGet(46)) - raft.server.rpc.timeout.max = 5200ms (custom)
2025-04-17 16:40:28,612 [a6bf55e3-38e4-411e-ac0b-5acdb6a35656-groupManagement] INFO  server.RaftServerConfigKeys (ConfUtils.java:logGet(46)) - raft.server.rpc.sleep.time = 25ms (default)
2025-04-17 16:40:28,612 [a6bf55e3-38e4-411e-ac0b-5acdb6a35656-groupManagement] INFO  server.RaftServerConfigKeys (ConfUtils.java:logGet(46)) - raft.server.rpc.slowness.timeout = 300s (custom)
2025-04-17 16:40:28,612 [a6bf55e3-38e4-411e-ac0b-5acdb6a35656-groupManagement] INFO  server.RaftServerConfigKeys (ConfUtils.java:logGet(46)) - raft.server.leaderelection.leader.step-down.wait-time = 10s (default)
2025-04-17 16:40:28,612 [a6bf55e3-38e4-411e-ac0b-5acdb6a35656-groupManagement] INFO  server.RaftServerConfigKeys (ConfUtils.java:logGet(46)) - raft.server.leaderelection.member.majority-add = false (default)
2025-04-17 16:40:28,612 [a6bf55e3-38e4-411e-ac0b-5acdb6a35656-groupManagement] INFO  server.RaftServerConfigKeys (ConfUtils.java:logGet(46)) - raft.server.sleep.deviation.threshold = 300ms (default)
2025-04-17 16:40:28,612 [a6bf55e3-38e4-411e-ac0b-5acdb6a35656-groupManagement] INFO  server.RaftServer$Division (ServerState.java:<init>(114)) - a6bf55e3-38e4-411e-ac0b-5acdb6a35656@group-47CB1C91F82B: ConfigurationManager, init=conf: {index: -1, cur=peers:[c825922c-8499-4d06-bbc0-08abc9a8124c|127.0.0.1:15015, a6bf55e3-38e4-411e-ac0b-5acdb6a35656|127.0.0.1:15031, 93cc9901-be1a-45f5-9681-0d93e627c426|127.0.0.1:15023]|listeners:[], old=null}, confs=<EMPTY_MAP>
2025-04-17 16:40:28,612 [a6bf55e3-38e4-411e-ac0b-5acdb6a35656-groupManagement] INFO  server.RaftServerConfigKeys (ConfUtils.java:logGet(46)) - raft.server.notification.no-leader.timeout = 300s (custom)
2025-04-17 16:40:28,612 [a6bf55e3-38e4-411e-ac0b-5acdb6a35656-groupManagement] INFO  server.RaftServerConfigKeys (ConfUtils.java:logGet(46)) - raft.server.read.timeout = 10s (default)
2025-04-17 16:40:28,613 [a6bf55e3-38e4-411e-ac0b-5acdb6a35656-groupManagement] INFO  server.RaftServerConfigKeys (ConfUtils.java:logGet(46)) - raft.server.retrycache.expirytime = 600000ms (custom)
2025-04-17 16:40:28,613 [a6bf55e3-38e4-411e-ac0b-5acdb6a35656-groupManagement] INFO  server.RaftServerConfigKeys (ConfUtils.java:logGet(46)) - raft.server.retrycache.statistics.expirytime = 100ms (default)
2025-04-17 16:40:28,613 [a6bf55e3-38e4-411e-ac0b-5acdb6a35656-groupManagement] INFO  server.RaftServerConfigKeys (ConfUtils.java:logGet(46)) - raft.server.read.option = DEFAULT (default)
2025-04-17 16:40:28,613 [a6bf55e3-38e4-411e-ac0b-5acdb6a35656-groupManagement] INFO  server.RaftServerConfigKeys (ConfUtils.java:logGet(46)) - raft.server.read.read-after-write-consistent.write-index-cache.expiry-time = 60s (default)
2025-04-17 16:40:28,622 [a6bf55e3-38e4-411e-ac0b-5acdb6a35656-groupManagement] INFO  server.RaftServerConfigKeys (ConfUtils.java:logGet(46)) - raft.server.rpc.request.timeout = 60s (custom)
2025-04-17 16:40:28,622 [a6bf55e3-38e4-411e-ac0b-5acdb6a35656-groupManagement] INFO  server.RaftServerConfigKeys (ConfUtils.java:logGet(46)) - raft.server.log.appender.install.snapshot.enabled = false (custom)
2025-04-17 16:40:28,622 [a6bf55e3-38e4-411e-ac0b-5acdb6a35656-groupManagement] INFO  server.RaftServerConfigKeys (ConfUtils.java:logGet(46)) - raft.server.threadpool.server.cached = true (default)
2025-04-17 16:40:28,622 [a6bf55e3-38e4-411e-ac0b-5acdb6a35656-groupManagement] INFO  server.RaftServerConfigKeys (ConfUtils.java:logGet(46)) - raft.server.threadpool.server.size = 0 (default)
2025-04-17 16:40:28,622 [a6bf55e3-38e4-411e-ac0b-5acdb6a35656-groupManagement] INFO  server.RaftServerConfigKeys (ConfUtils.java:logGet(46)) - raft.server.threadpool.client.cached = true (default)
2025-04-17 16:40:28,622 [a6bf55e3-38e4-411e-ac0b-5acdb6a35656-groupManagement] INFO  server.RaftServerConfigKeys (ConfUtils.java:logGet(46)) - raft.server.threadpool.client.size = 0 (default)
2025-04-17 16:40:28,626 [a6bf55e3-38e4-411e-ac0b-5acdb6a35656-groupManagement] INFO  server.RaftServer$Division (RaftServerImpl.java:<init>(255)) - a6bf55e3-38e4-411e-ac0b-5acdb6a35656: new RaftServerImpl for group-47C15F12B665:[c825922c-8499-4d06-bbc0-08abc9a8124c|127.0.0.1:15015, a6bf55e3-38e4-411e-ac0b-5acdb6a35656|127.0.0.1:15031, 93cc9901-be1a-45f5-9681-0d93e627c426|127.0.0.1:15023] with ContainerStateMachine:uninitialized
2025-04-17 16:40:28,626 [a6bf55e3-38e4-411e-ac0b-5acdb6a35656-groupManagement] INFO  server.RaftServerConfigKeys (ConfUtils.java:logGet(46)) - raft.server.rpc.timeout.min = 5s (custom)
2025-04-17 16:40:28,626 [a6bf55e3-38e4-411e-ac0b-5acdb6a35656-groupManagement] INFO  server.RaftServerConfigKeys (ConfUtils.java:logGet(46)) - raft.server.rpc.timeout.max = 5200ms (custom)
2025-04-17 16:40:28,626 [a6bf55e3-38e4-411e-ac0b-5acdb6a35656-groupManagement] INFO  server.RaftServerConfigKeys (ConfUtils.java:logGet(46)) - raft.server.rpc.sleep.time = 25ms (default)
2025-04-17 16:40:28,628 [a6bf55e3-38e4-411e-ac0b-5acdb6a35656-groupManagement] INFO  server.RaftServerConfigKeys (ConfUtils.java:logGet(46)) - raft.server.rpc.slowness.timeout = 300s (custom)
2025-04-17 16:40:28,628 [a6bf55e3-38e4-411e-ac0b-5acdb6a35656-groupManagement] INFO  server.RaftServerConfigKeys (ConfUtils.java:logGet(46)) - raft.server.leaderelection.leader.step-down.wait-time = 10s (default)
2025-04-17 16:40:28,628 [a6bf55e3-38e4-411e-ac0b-5acdb6a35656-groupManagement] INFO  server.RaftServerConfigKeys (ConfUtils.java:logGet(46)) - raft.server.leaderelection.member.majority-add = false (default)
2025-04-17 16:40:28,628 [a6bf55e3-38e4-411e-ac0b-5acdb6a35656-groupManagement] INFO  server.RaftServerConfigKeys (ConfUtils.java:logGet(46)) - raft.server.sleep.deviation.threshold = 300ms (default)
2025-04-17 16:40:28,628 [a6bf55e3-38e4-411e-ac0b-5acdb6a35656-groupManagement] INFO  server.RaftServer$Division (ServerState.java:<init>(114)) - a6bf55e3-38e4-411e-ac0b-5acdb6a35656@group-47C15F12B665: ConfigurationManager, init=conf: {index: -1, cur=peers:[c825922c-8499-4d06-bbc0-08abc9a8124c|127.0.0.1:15015, a6bf55e3-38e4-411e-ac0b-5acdb6a35656|127.0.0.1:15031, 93cc9901-be1a-45f5-9681-0d93e627c426|127.0.0.1:15023]|listeners:[], old=null}, confs=<EMPTY_MAP>
2025-04-17 16:40:28,630 [a6bf55e3-38e4-411e-ac0b-5acdb6a35656-groupManagement] INFO  server.RaftServerConfigKeys (ConfUtils.java:logGet(46)) - raft.server.notification.no-leader.timeout = 300s (custom)
2025-04-17 16:40:28,630 [a6bf55e3-38e4-411e-ac0b-5acdb6a35656-groupManagement] INFO  server.RaftServerConfigKeys (ConfUtils.java:logGet(46)) - raft.server.read.timeout = 10s (default)
2025-04-17 16:40:28,631 [a6bf55e3-38e4-411e-ac0b-5acdb6a35656-groupManagement] INFO  server.RaftServerConfigKeys (ConfUtils.java:logGet(46)) - raft.server.retrycache.expirytime = 600000ms (custom)
2025-04-17 16:40:28,631 [a6bf55e3-38e4-411e-ac0b-5acdb6a35656-groupManagement] INFO  server.RaftServerConfigKeys (ConfUtils.java:logGet(46)) - raft.server.retrycache.statistics.expirytime = 100ms (default)
2025-04-17 16:40:28,631 [a6bf55e3-38e4-411e-ac0b-5acdb6a35656-groupManagement] INFO  server.RaftServerConfigKeys (ConfUtils.java:logGet(46)) - raft.server.read.option = DEFAULT (default)
2025-04-17 16:40:28,631 [a6bf55e3-38e4-411e-ac0b-5acdb6a35656-groupManagement] INFO  server.RaftServerConfigKeys (ConfUtils.java:logGet(46)) - raft.server.read.read-after-write-consistent.write-index-cache.expiry-time = 60s (default)
2025-04-17 16:40:28,635 [a6bf55e3-38e4-411e-ac0b-5acdb6a35656-groupManagement] INFO  server.RaftServerConfigKeys (ConfUtils.java:logGet(46)) - raft.server.rpc.request.timeout = 60s (custom)
2025-04-17 16:40:28,635 [a6bf55e3-38e4-411e-ac0b-5acdb6a35656-groupManagement] INFO  server.RaftServerConfigKeys (ConfUtils.java:logGet(46)) - raft.server.log.appender.install.snapshot.enabled = false (custom)
2025-04-17 16:40:28,635 [a6bf55e3-38e4-411e-ac0b-5acdb6a35656-groupManagement] INFO  server.RaftServerConfigKeys (ConfUtils.java:logGet(46)) - raft.server.threadpool.server.cached = true (default)
2025-04-17 16:40:28,635 [a6bf55e3-38e4-411e-ac0b-5acdb6a35656-groupManagement] INFO  server.RaftServerConfigKeys (ConfUtils.java:logGet(46)) - raft.server.threadpool.server.size = 0 (default)
2025-04-17 16:40:28,635 [a6bf55e3-38e4-411e-ac0b-5acdb6a35656-groupManagement] INFO  server.RaftServerConfigKeys (ConfUtils.java:logGet(46)) - raft.server.threadpool.client.cached = true (default)
2025-04-17 16:40:28,635 [a6bf55e3-38e4-411e-ac0b-5acdb6a35656-groupManagement] INFO  server.RaftServerConfigKeys (ConfUtils.java:logGet(46)) - raft.server.threadpool.client.size = 0 (default)
2025-04-17 16:40:28,635 [a6bf55e3-38e4-411e-ac0b-5acdb6a35656-groupManagement] INFO  server.RaftServerConfigKeys (ConfUtils.java:logGet(46)) - raft.server.storage.free-space.min = 0MB (=0) (default)
2025-04-17 16:40:28,635 [a6bf55e3-38e4-411e-ac0b-5acdb6a35656-groupManagement] INFO  server.RaftServerConfigKeys (ConfUtils.java:logGet(46)) - raft.server.log.corruption.policy = EXCEPTION (default)
2025-04-17 16:40:28,636 [a6bf55e3-38e4-411e-ac0b-5acdb6a35656-groupManagement] INFO  server.RaftServerConfigKeys (ConfUtils.java:logGet(46)) - raft.server.storage.dir = [/home/runner/work/ozone/ozone/hadoop-ozone/integration-test/target/test-dir/MiniOzoneClusterImpl-26e726f8-5cec-4c14-bf14-45d4895febc0/ozone-meta/datanode-3/ratis] (custom)
2025-04-17 16:40:28,636 [a6bf55e3-38e4-411e-ac0b-5acdb6a35656-groupManagement] INFO  storage.RaftStorageDirectory (RaftStorageDirectoryImpl.java:analyzeStorage(138)) - The storage directory /home/runner/work/ozone/ozone/hadoop-ozone/integration-test/target/test-dir/MiniOzoneClusterImpl-26e726f8-5cec-4c14-bf14-45d4895febc0/ozone-meta/datanode-3/ratis/5bdf7528-583f-4406-99f6-47cb1c91f82b does not exist. Creating ...
2025-04-17 16:40:28,637 [a6bf55e3-38e4-411e-ac0b-5acdb6a35656-groupManagement] INFO  storage.RaftStorageDirectory (RaftStorageDirectoryImpl.java:tryLock(229)) - Lock on /home/runner/work/ozone/ozone/hadoop-ozone/integration-test/target/test-dir/MiniOzoneClusterImpl-26e726f8-5cec-4c14-bf14-45d4895febc0/ozone-meta/datanode-3/ratis/5bdf7528-583f-4406-99f6-47cb1c91f82b/in_use.lock acquired by nodename 85305@fv-az1665-423
2025-04-17 16:40:28,638 [a6bf55e3-38e4-411e-ac0b-5acdb6a35656-groupManagement] INFO  storage.RaftStorage (RaftStorageImpl.java:format(98)) - Storage directory /home/runner/work/ozone/ozone/hadoop-ozone/integration-test/target/test-dir/MiniOzoneClusterImpl-26e726f8-5cec-4c14-bf14-45d4895febc0/ozone-meta/datanode-3/ratis/5bdf7528-583f-4406-99f6-47cb1c91f82b has been successfully formatted.
2025-04-17 16:40:28,639 [a6bf55e3-38e4-411e-ac0b-5acdb6a35656-groupManagement] INFO  ratis.ContainerStateMachine (ContainerStateMachine.java:initialize(340)) - a6bf55e3-38e4-411e-ac0b-5acdb6a35656: initialize group-47CB1C91F82B
2025-04-17 16:40:28,639 [a6bf55e3-38e4-411e-ac0b-5acdb6a35656-groupManagement] INFO  ratis.ContainerStateMachine (ContainerStateMachine.java:loadSnapshot(348)) - group-47CB1C91F82B: The snapshot info is null. Setting the last applied index to:(t:0, i:~)
2025-04-17 16:40:28,639 [a6bf55e3-38e4-411e-ac0b-5acdb6a35656-groupManagement] INFO  server.RaftServerConfigKeys (ConfUtils.java:logGet(46)) - raft.server.log.use.memory = false (default)
2025-04-17 16:40:28,639 [a6bf55e3-38e4-411e-ac0b-5acdb6a35656-groupManagement] INFO  server.RaftServerConfigKeys (ConfUtils.java:logGet(46)) - raft.server.log.purge.gap = 1000000 (custom)
2025-04-17 16:40:28,639 [a6bf55e3-38e4-411e-ac0b-5acdb6a35656-groupManagement] INFO  server.RaftServerConfigKeys (ConfUtils.java:logGet(46)) - raft.server.log.appender.buffer.byte-limit = 33554432 (custom)
2025-04-17 16:40:28,639 [a6bf55e3-38e4-411e-ac0b-5acdb6a35656-groupManagement] INFO  server.RaftServerConfigKeys (ConfUtils.java:logGet(46)) - raft.server.log.statemachine.data.read.timeout = 1000ms (default)
2025-04-17 16:40:28,639 [a6bf55e3-38e4-411e-ac0b-5acdb6a35656-groupManagement] INFO  server.RaftServerConfigKeys (ConfUtils.java:logGet(46)) - raft.server.log.purge.preservation.log.num = 0 (default)
2025-04-17 16:40:28,641 [a6bf55e3-38e4-411e-ac0b-5acdb6a35656-groupManagement] INFO  server.RaftServerConfigKeys (ConfUtils.java:logGet(46)) - raft.server.log.segment.size.max = 67108864 (custom)
2025-04-17 16:40:28,641 [a6bf55e3-38e4-411e-ac0b-5acdb6a35656-groupManagement] INFO  server.RaftServerConfigKeys (ConfUtils.java:logGet(46)) - raft.server.log.segment.cache.num.max = 2 (custom)
2025-04-17 16:40:28,641 [a6bf55e3-38e4-411e-ac0b-5acdb6a35656-groupManagement] INFO  server.RaftServerConfigKeys (ConfUtils.java:logGet(46)) - raft.server.log.segment.cache.size.max = 200MB (=209715200) (default)
2025-04-17 16:40:28,641 [a6bf55e3-38e4-411e-ac0b-5acdb6a35656-groupManagement] INFO  server.RaftServerConfigKeys (ConfUtils.java:logGet(46)) - raft.server.log.appender.buffer.byte-limit = 33554432 (custom)
2025-04-17 16:40:28,642 [a6bf55e3-38e4-411e-ac0b-5acdb6a35656-groupManagement] INFO  util.AwaitToRun (AwaitToRun.java:start(81)) - Thread[#886,a6bf55e3-38e4-411e-ac0b-5acdb6a35656@group-47CB1C91F82B-cacheEviction-AwaitToRun,5,main] started
2025-04-17 16:40:28,642 [a6bf55e3-38e4-411e-ac0b-5acdb6a35656-groupManagement] INFO  segmented.SegmentedRaftLogWorker (SegmentedRaftLogWorker.java:<init>(188)) - new a6bf55e3-38e4-411e-ac0b-5acdb6a35656@group-47CB1C91F82B-SegmentedRaftLogWorker for RaftStorageImpl:Storage Directory /home/runner/work/ozone/ozone/hadoop-ozone/integration-test/target/test-dir/MiniOzoneClusterImpl-26e726f8-5cec-4c14-bf14-45d4895febc0/ozone-meta/datanode-3/ratis/5bdf7528-583f-4406-99f6-47cb1c91f82b
2025-04-17 16:40:28,642 [a6bf55e3-38e4-411e-ac0b-5acdb6a35656-groupManagement] INFO  server.RaftServerConfigKeys (ConfUtils.java:logGet(46)) - raft.server.log.queue.byte-limit = 4294967296 (custom)
2025-04-17 16:40:28,642 [a6bf55e3-38e4-411e-ac0b-5acdb6a35656-groupManagement] INFO  server.RaftServerConfigKeys (ConfUtils.java:logGet(46)) - raft.server.log.queue.element-limit = 1024 (custom)
2025-04-17 16:40:28,642 [a6bf55e3-38e4-411e-ac0b-5acdb6a35656-groupManagement] INFO  server.RaftServerConfigKeys (ConfUtils.java:logGet(46)) - raft.server.log.segment.size.max = 67108864 (custom)
2025-04-17 16:40:28,642 [a6bf55e3-38e4-411e-ac0b-5acdb6a35656-groupManagement] INFO  server.RaftServerConfigKeys (ConfUtils.java:logGet(46)) - raft.server.log.preallocated.size = 4194304 (custom)
2025-04-17 16:40:28,642 [a6bf55e3-38e4-411e-ac0b-5acdb6a35656-groupManagement] INFO  server.RaftServerConfigKeys (ConfUtils.java:logGet(46)) - raft.server.log.force.sync.num = 128 (default)
2025-04-17 16:40:28,642 [a6bf55e3-38e4-411e-ac0b-5acdb6a35656-groupManagement] INFO  server.RaftServerConfigKeys (ConfUtils.java:logGet(46)) - raft.server.log.statemachine.data.sync = true (default)
2025-04-17 16:40:28,642 [a6bf55e3-38e4-411e-ac0b-5acdb6a35656-groupManagement] INFO  server.RaftServerConfigKeys (ConfUtils.java:logGet(46)) - raft.server.log.statemachine.data.sync.timeout = 10s (default)
2025-04-17 16:40:28,642 [a6bf55e3-38e4-411e-ac0b-5acdb6a35656-groupManagement] INFO  server.RaftServerConfigKeys (ConfUtils.java:logGet(46)) - raft.server.log.statemachine.data.sync.timeout.retry = 30 (custom)
2025-04-17 16:40:28,643 [a6bf55e3-38e4-411e-ac0b-5acdb6a35656-groupManagement] INFO  server.RaftServerConfigKeys (ConfUtils.java:logGet(46)) - raft.server.log.write.buffer.size = 33554440 (custom)
2025-04-17 16:40:28,647 [a6bf55e3-38e4-411e-ac0b-5acdb6a35656-groupManagement] INFO  server.RaftServerConfigKeys (ConfUtils.java:logGet(46)) - raft.server.log.appender.buffer.byte-limit = 33554432 (custom)
2025-04-17 16:40:28,647 [a6bf55e3-38e4-411e-ac0b-5acdb6a35656-groupManagement] INFO  server.RaftServerConfigKeys (ConfUtils.java:logGet(46)) - raft.server.log.unsafe-flush.enabled = false (default)
2025-04-17 16:40:28,647 [a6bf55e3-38e4-411e-ac0b-5acdb6a35656-groupManagement] INFO  server.RaftServerConfigKeys (ConfUtils.java:logGet(46)) - raft.server.log.async-flush.enabled = false (default)
2025-04-17 16:40:28,647 [a6bf55e3-38e4-411e-ac0b-5acdb6a35656-groupManagement] INFO  server.RaftServerConfigKeys (ConfUtils.java:logGet(46)) - raft.server.log.statemachine.data.caching.enabled = true (custom)
2025-04-17 16:40:28,648 [a6bf55e3-38e4-411e-ac0b-5acdb6a35656-groupManagement] INFO  segmented.SegmentedRaftLogWorker (SegmentedRaftLogWorker.java:lambda$new$0(139)) - a6bf55e3-38e4-411e-ac0b-5acdb6a35656@group-47CB1C91F82B-SegmentedRaftLogWorker: flushIndex: setUnconditionally 0 -> -1
2025-04-17 16:40:28,648 [a6bf55e3-38e4-411e-ac0b-5acdb6a35656-groupManagement] INFO  segmented.SegmentedRaftLogWorker (SegmentedRaftLogWorker.java:lambda$new$0(139)) - a6bf55e3-38e4-411e-ac0b-5acdb6a35656@group-47CB1C91F82B-SegmentedRaftLogWorker: safeCacheEvictIndex: setUnconditionally 0 -> -1
2025-04-17 16:40:28,648 [a6bf55e3-38e4-411e-ac0b-5acdb6a35656-groupManagement] INFO  server.RaftServer$Division (RaftServerImpl.java:start(391)) - a6bf55e3-38e4-411e-ac0b-5acdb6a35656@group-47CB1C91F82B: start as a follower, conf=conf: {index: -1, cur=peers:[c825922c-8499-4d06-bbc0-08abc9a8124c|127.0.0.1:15015, a6bf55e3-38e4-411e-ac0b-5acdb6a35656|127.0.0.1:15031, 93cc9901-be1a-45f5-9681-0d93e627c426|127.0.0.1:15023]|listeners:[], old=null}
2025-04-17 16:40:28,648 [a6bf55e3-38e4-411e-ac0b-5acdb6a35656-groupManagement] INFO  server.RaftServer$Division (RaftServerImpl.java:setRole(378)) - a6bf55e3-38e4-411e-ac0b-5acdb6a35656@group-47CB1C91F82B: changes role from      null to FOLLOWER at term 0 for startAsFollower
2025-04-17 16:40:28,648 [a6bf55e3-38e4-411e-ac0b-5acdb6a35656-groupManagement] INFO  impl.RoleInfo (RoleInfo.java:updateAndGet(148)) - a6bf55e3-38e4-411e-ac0b-5acdb6a35656: start a6bf55e3-38e4-411e-ac0b-5acdb6a35656@group-47CB1C91F82B-FollowerState
2025-04-17 16:40:28,648 [a6bf55e3-38e4-411e-ac0b-5acdb6a35656@group-47CB1C91F82B-FollowerState] INFO  server.RaftServerConfigKeys (ConfUtils.java:logGet(46)) - raft.server.rpc.first-election.timeout.min = 1000ms (custom)
2025-04-17 16:40:28,648 [a6bf55e3-38e4-411e-ac0b-5acdb6a35656-groupManagement] INFO  util.JmxRegister (JmxRegister.java:tryRegister(44)) - Successfully registered JMX Bean with object name Ratis:service=RaftServer,group=group-47CB1C91F82B,id=a6bf55e3-38e4-411e-ac0b-5acdb6a35656
2025-04-17 16:40:28,649 [a6bf55e3-38e4-411e-ac0b-5acdb6a35656-groupManagement] INFO  util.JmxRegister (JmxRegister.java:register(58)) - register mxBean class org.apache.ratis.server.impl.RaftServerJmxAdapter as Ratis:service=RaftServer,group=group-47CB1C91F82B,id=a6bf55e3-38e4-411e-ac0b-5acdb6a35656
2025-04-17 16:40:28,649 [a6bf55e3-38e4-411e-ac0b-5acdb6a35656@group-47CB1C91F82B-FollowerState] INFO  server.RaftServerConfigKeys (ConfUtils.java:logGet(46)) - raft.server.rpc.first-election.timeout.max = 1200ms (custom)
2025-04-17 16:40:28,649 [a6bf55e3-38e4-411e-ac0b-5acdb6a35656-groupManagement] INFO  server.RaftServerConfigKeys (ConfUtils.java:logGet(46)) - raft.server.snapshot.trigger-when-stop.enabled = true (default)
2025-04-17 16:40:28,649 [a6bf55e3-38e4-411e-ac0b-5acdb6a35656-groupManagement] INFO  server.RaftServerConfigKeys (ConfUtils.java:logGet(46)) - raft.server.snapshot.trigger-when-remove.enabled = true (default)
2025-04-17 16:40:28,649 [a6bf55e3-38e4-411e-ac0b-5acdb6a35656-groupManagement] INFO  server.RaftServerConfigKeys (ConfUtils.java:logGet(46)) - raft.server.snapshot.auto.trigger.enabled = true (custom)
2025-04-17 16:40:28,649 [a6bf55e3-38e4-411e-ac0b-5acdb6a35656-groupManagement] INFO  server.RaftServerConfigKeys (ConfUtils.java:logGet(46)) - raft.server.snapshot.auto.trigger.threshold = 100000 (custom)
2025-04-17 16:40:28,649 [a6bf55e3-38e4-411e-ac0b-5acdb6a35656-groupManagement] INFO  server.RaftServerConfigKeys (ConfUtils.java:logGet(46)) - raft.server.snapshot.retention.file.num = 5 (custom)
2025-04-17 16:40:28,649 [a6bf55e3-38e4-411e-ac0b-5acdb6a35656-groupManagement] INFO  server.RaftServerConfigKeys (ConfUtils.java:logGet(46)) - raft.server.log.purge.upto.snapshot.index = false (default)
2025-04-17 16:40:28,650 [a6bf55e3-38e4-411e-ac0b-5acdb6a35656-groupManagement] INFO  server.RaftServer$Division (RaftServerImpl.java:start(405)) - a6bf55e3-38e4-411e-ac0b-5acdb6a35656@group-47CB1C91F82B: Successfully started.
2025-04-17 16:40:28,651 [a6bf55e3-38e4-411e-ac0b-5acdb6a35656-groupManagement] INFO  server.RaftServerConfigKeys (ConfUtils.java:logGet(46)) - raft.server.storage.free-space.min = 0MB (=0) (default)
2025-04-17 16:40:28,652 [a6bf55e3-38e4-411e-ac0b-5acdb6a35656-groupManagement] INFO  server.RaftServerConfigKeys (ConfUtils.java:logGet(46)) - raft.server.log.corruption.policy = EXCEPTION (default)
2025-04-17 16:40:28,652 [a6bf55e3-38e4-411e-ac0b-5acdb6a35656-groupManagement] INFO  server.RaftServerConfigKeys (ConfUtils.java:logGet(46)) - raft.server.storage.dir = [/home/runner/work/ozone/ozone/hadoop-ozone/integration-test/target/test-dir/MiniOzoneClusterImpl-26e726f8-5cec-4c14-bf14-45d4895febc0/ozone-meta/datanode-3/ratis] (custom)
2025-04-17 16:40:28,652 [a6bf55e3-38e4-411e-ac0b-5acdb6a35656-groupManagement] INFO  storage.RaftStorageDirectory (RaftStorageDirectoryImpl.java:analyzeStorage(138)) - The storage directory /home/runner/work/ozone/ozone/hadoop-ozone/integration-test/target/test-dir/MiniOzoneClusterImpl-26e726f8-5cec-4c14-bf14-45d4895febc0/ozone-meta/datanode-3/ratis/690337f3-2d94-4a7e-a7b3-47c15f12b665 does not exist. Creating ...
2025-04-17 16:40:28,653 [a6bf55e3-38e4-411e-ac0b-5acdb6a35656-groupManagement] INFO  storage.RaftStorageDirectory (RaftStorageDirectoryImpl.java:tryLock(229)) - Lock on /home/runner/work/ozone/ozone/hadoop-ozone/integration-test/target/test-dir/MiniOzoneClusterImpl-26e726f8-5cec-4c14-bf14-45d4895febc0/ozone-meta/datanode-3/ratis/690337f3-2d94-4a7e-a7b3-47c15f12b665/in_use.lock acquired by nodename 85305@fv-az1665-423
2025-04-17 16:40:28,654 [c825922c-8499-4d06-bbc0-08abc9a8124c-PipelineCommandHandlerThread-0] INFO  commandhandler.CreatePipelineCommandHandler (CreatePipelineCommandHandler.java:lambda$handle$2(128)) - Created Pipeline RATIS THREE PipelineID=5bdf7528-583f-4406-99f6-47cb1c91f82b.
2025-04-17 16:40:28,654 [c825922c-8499-4d06-bbc0-08abc9a8124c-PipelineCommandHandlerThread-0] INFO  server.RaftServer (RaftServerProxy.java:addNew(100)) - c825922c-8499-4d06-bbc0-08abc9a8124c: addNew group-47C15F12B665:[c825922c-8499-4d06-bbc0-08abc9a8124c|127.0.0.1:15015, a6bf55e3-38e4-411e-ac0b-5acdb6a35656|127.0.0.1:15031, 93cc9901-be1a-45f5-9681-0d93e627c426|127.0.0.1:15023] returns group-47C15F12B665:java.util.concurrent.CompletableFuture@113a4296[Not completed]
2025-04-17 16:40:28,655 [a6bf55e3-38e4-411e-ac0b-5acdb6a35656-groupManagement] INFO  storage.RaftStorage (RaftStorageImpl.java:format(98)) - Storage directory /home/runner/work/ozone/ozone/hadoop-ozone/integration-test/target/test-dir/MiniOzoneClusterImpl-26e726f8-5cec-4c14-bf14-45d4895febc0/ozone-meta/datanode-3/ratis/690337f3-2d94-4a7e-a7b3-47c15f12b665 has been successfully formatted.
2025-04-17 16:40:28,655 [a6bf55e3-38e4-411e-ac0b-5acdb6a35656-groupManagement] INFO  ratis.ContainerStateMachine (ContainerStateMachine.java:initialize(340)) - a6bf55e3-38e4-411e-ac0b-5acdb6a35656: initialize group-47C15F12B665
2025-04-17 16:40:28,655 [a6bf55e3-38e4-411e-ac0b-5acdb6a35656-groupManagement] INFO  ratis.ContainerStateMachine (ContainerStateMachine.java:loadSnapshot(348)) - group-47C15F12B665: The snapshot info is null. Setting the last applied index to:(t:0, i:~)
2025-04-17 16:40:28,655 [a6bf55e3-38e4-411e-ac0b-5acdb6a35656-groupManagement] INFO  server.RaftServerConfigKeys (ConfUtils.java:logGet(46)) - raft.server.log.use.memory = false (default)
2025-04-17 16:40:28,655 [a6bf55e3-38e4-411e-ac0b-5acdb6a35656-groupManagement] INFO  server.RaftServerConfigKeys (ConfUtils.java:logGet(46)) - raft.server.log.purge.gap = 1000000 (custom)
2025-04-17 16:40:28,655 [a6bf55e3-38e4-411e-ac0b-5acdb6a35656-groupManagement] INFO  server.RaftServerConfigKeys (ConfUtils.java:logGet(46)) - raft.server.log.appender.buffer.byte-limit = 33554432 (custom)
2025-04-17 16:40:28,655 [a6bf55e3-38e4-411e-ac0b-5acdb6a35656-groupManagement] INFO  server.RaftServerConfigKeys (ConfUtils.java:logGet(46)) - raft.server.log.statemachine.data.read.timeout = 1000ms (default)
2025-04-17 16:40:28,655 [a6bf55e3-38e4-411e-ac0b-5acdb6a35656-groupManagement] INFO  server.RaftServerConfigKeys (ConfUtils.java:logGet(46)) - raft.server.log.purge.preservation.log.num = 0 (default)
2025-04-17 16:40:28,656 [c825922c-8499-4d06-bbc0-08abc9a8124c-groupManagement] INFO  server.RaftServer$Division (RaftServerImpl.java:<init>(255)) - c825922c-8499-4d06-bbc0-08abc9a8124c: new RaftServerImpl for group-47C15F12B665:[c825922c-8499-4d06-bbc0-08abc9a8124c|127.0.0.1:15015, a6bf55e3-38e4-411e-ac0b-5acdb6a35656|127.0.0.1:15031, 93cc9901-be1a-45f5-9681-0d93e627c426|127.0.0.1:15023] with ContainerStateMachine:uninitialized
2025-04-17 16:40:28,656 [c825922c-8499-4d06-bbc0-08abc9a8124c-groupManagement] INFO  server.RaftServerConfigKeys (ConfUtils.java:logGet(46)) - raft.server.rpc.timeout.min = 5s (custom)
2025-04-17 16:40:28,656 [c825922c-8499-4d06-bbc0-08abc9a8124c-groupManagement] INFO  server.RaftServerConfigKeys (ConfUtils.java:logGet(46)) - raft.server.rpc.timeout.max = 5200ms (custom)
2025-04-17 16:40:28,657 [c825922c-8499-4d06-bbc0-08abc9a8124c-groupManagement] INFO  server.RaftServerConfigKeys (ConfUtils.java:logGet(46)) - raft.server.rpc.sleep.time = 25ms (default)
2025-04-17 16:40:28,657 [c825922c-8499-4d06-bbc0-08abc9a8124c-groupManagement] INFO  server.RaftServerConfigKeys (ConfUtils.java:logGet(46)) - raft.server.rpc.slowness.timeout = 300s (custom)
2025-04-17 16:40:28,657 [c825922c-8499-4d06-bbc0-08abc9a8124c-groupManagement] INFO  server.RaftServerConfigKeys (ConfUtils.java:logGet(46)) - raft.server.leaderelection.leader.step-down.wait-time = 10s (default)
2025-04-17 16:40:28,657 [c825922c-8499-4d06-bbc0-08abc9a8124c-groupManagement] INFO  server.RaftServerConfigKeys (ConfUtils.java:logGet(46)) - raft.server.leaderelection.member.majority-add = false (default)
2025-04-17 16:40:28,657 [c825922c-8499-4d06-bbc0-08abc9a8124c-groupManagement] INFO  server.RaftServerConfigKeys (ConfUtils.java:logGet(46)) - raft.server.sleep.deviation.threshold = 300ms (default)
2025-04-17 16:40:28,657 [a6bf55e3-38e4-411e-ac0b-5acdb6a35656-groupManagement] INFO  server.RaftServerConfigKeys (ConfUtils.java:logGet(46)) - raft.server.log.segment.size.max = 67108864 (custom)
2025-04-17 16:40:28,657 [c825922c-8499-4d06-bbc0-08abc9a8124c-groupManagement] INFO  server.RaftServer$Division (ServerState.java:<init>(114)) - c825922c-8499-4d06-bbc0-08abc9a8124c@group-47C15F12B665: ConfigurationManager, init=conf: {index: -1, cur=peers:[c825922c-8499-4d06-bbc0-08abc9a8124c|127.0.0.1:15015, a6bf55e3-38e4-411e-ac0b-5acdb6a35656|127.0.0.1:15031, 93cc9901-be1a-45f5-9681-0d93e627c426|127.0.0.1:15023]|listeners:[], old=null}, confs=<EMPTY_MAP>
2025-04-17 16:40:28,657 [c825922c-8499-4d06-bbc0-08abc9a8124c-groupManagement] INFO  server.RaftServerConfigKeys (ConfUtils.java:logGet(46)) - raft.server.notification.no-leader.timeout = 300s (custom)
2025-04-17 16:40:28,657 [c825922c-8499-4d06-bbc0-08abc9a8124c-groupManagement] INFO  server.RaftServerConfigKeys (ConfUtils.java:logGet(46)) - raft.server.read.timeout = 10s (default)
2025-04-17 16:40:28,657 [c825922c-8499-4d06-bbc0-08abc9a8124c-groupManagement] INFO  server.RaftServerConfigKeys (ConfUtils.java:logGet(46)) - raft.server.retrycache.expirytime = 600000ms (custom)
2025-04-17 16:40:28,658 [c825922c-8499-4d06-bbc0-08abc9a8124c-groupManagement] INFO  server.RaftServerConfigKeys (ConfUtils.java:logGet(46)) - raft.server.retrycache.statistics.expirytime = 100ms (default)
2025-04-17 16:40:28,658 [c825922c-8499-4d06-bbc0-08abc9a8124c-groupManagement] INFO  server.RaftServerConfigKeys (ConfUtils.java:logGet(46)) - raft.server.read.option = DEFAULT (default)
2025-04-17 16:40:28,658 [c825922c-8499-4d06-bbc0-08abc9a8124c-groupManagement] INFO  server.RaftServerConfigKeys (ConfUtils.java:logGet(46)) - raft.server.read.read-after-write-consistent.write-index-cache.expiry-time = 60s (default)
2025-04-17 16:40:28,658 [a6bf55e3-38e4-411e-ac0b-5acdb6a35656-groupManagement] INFO  server.RaftServerConfigKeys (ConfUtils.java:logGet(46)) - raft.server.log.segment.cache.num.max = 2 (custom)
2025-04-17 16:40:28,658 [a6bf55e3-38e4-411e-ac0b-5acdb6a35656-groupManagement] INFO  server.RaftServerConfigKeys (ConfUtils.java:logGet(46)) - raft.server.log.segment.cache.size.max = 200MB (=209715200) (default)
2025-04-17 16:40:28,658 [a6bf55e3-38e4-411e-ac0b-5acdb6a35656-groupManagement] INFO  server.RaftServerConfigKeys (ConfUtils.java:logGet(46)) - raft.server.log.appender.buffer.byte-limit = 33554432 (custom)
2025-04-17 16:40:28,658 [a6bf55e3-38e4-411e-ac0b-5acdb6a35656-groupManagement] INFO  util.AwaitToRun (AwaitToRun.java:start(81)) - Thread[#893,a6bf55e3-38e4-411e-ac0b-5acdb6a35656@group-47C15F12B665-cacheEviction-AwaitToRun,5,main] started
2025-04-17 16:40:28,658 [a6bf55e3-38e4-411e-ac0b-5acdb6a35656-groupManagement] INFO  segmented.SegmentedRaftLogWorker (SegmentedRaftLogWorker.java:<init>(188)) - new a6bf55e3-38e4-411e-ac0b-5acdb6a35656@group-47C15F12B665-SegmentedRaftLogWorker for RaftStorageImpl:Storage Directory /home/runner/work/ozone/ozone/hadoop-ozone/integration-test/target/test-dir/MiniOzoneClusterImpl-26e726f8-5cec-4c14-bf14-45d4895febc0/ozone-meta/datanode-3/ratis/690337f3-2d94-4a7e-a7b3-47c15f12b665
2025-04-17 16:40:28,658 [a6bf55e3-38e4-411e-ac0b-5acdb6a35656-groupManagement] INFO  server.RaftServerConfigKeys (ConfUtils.java:logGet(46)) - raft.server.log.queue.byte-limit = 4294967296 (custom)
2025-04-17 16:40:28,658 [a6bf55e3-38e4-411e-ac0b-5acdb6a35656-groupManagement] INFO  server.RaftServerConfigKeys (ConfUtils.java:logGet(46)) - raft.server.log.queue.element-limit = 1024 (custom)
2025-04-17 16:40:28,658 [a6bf55e3-38e4-411e-ac0b-5acdb6a35656-groupManagement] INFO  server.RaftServerConfigKeys (ConfUtils.java:logGet(46)) - raft.server.log.segment.size.max = 67108864 (custom)
2025-04-17 16:40:28,658 [a6bf55e3-38e4-411e-ac0b-5acdb6a35656-groupManagement] INFO  server.RaftServerConfigKeys (ConfUtils.java:logGet(46)) - raft.server.log.preallocated.size = 4194304 (custom)
2025-04-17 16:40:28,659 [a6bf55e3-38e4-411e-ac0b-5acdb6a35656-groupManagement] INFO  server.RaftServerConfigKeys (ConfUtils.java:logGet(46)) - raft.server.log.force.sync.num = 128 (default)
2025-04-17 16:40:28,659 [a6bf55e3-38e4-411e-ac0b-5acdb6a35656-groupManagement] INFO  server.RaftServerConfigKeys (ConfUtils.java:logGet(46)) - raft.server.log.statemachine.data.sync = true (default)
2025-04-17 16:40:28,659 [a6bf55e3-38e4-411e-ac0b-5acdb6a35656-groupManagement] INFO  server.RaftServerConfigKeys (ConfUtils.java:logGet(46)) - raft.server.log.statemachine.data.sync.timeout = 10s (default)
2025-04-17 16:40:28,659 [a6bf55e3-38e4-411e-ac0b-5acdb6a35656-groupManagement] INFO  server.RaftServerConfigKeys (ConfUtils.java:logGet(46)) - raft.server.log.statemachine.data.sync.timeout.retry = 30 (custom)
2025-04-17 16:40:28,660 [a6bf55e3-38e4-411e-ac0b-5acdb6a35656-groupManagement] INFO  server.RaftServerConfigKeys (ConfUtils.java:logGet(46)) - raft.server.log.write.buffer.size = 33554440 (custom)
2025-04-17 16:40:28,665 [c825922c-8499-4d06-bbc0-08abc9a8124c-groupManagement] INFO  server.RaftServerConfigKeys (ConfUtils.java:logGet(46)) - raft.server.rpc.request.timeout = 60s (custom)
2025-04-17 16:40:28,665 [c825922c-8499-4d06-bbc0-08abc9a8124c-groupManagement] INFO  server.RaftServerConfigKeys (ConfUtils.java:logGet(46)) - raft.server.log.appender.install.snapshot.enabled = false (custom)
2025-04-17 16:40:28,665 [c825922c-8499-4d06-bbc0-08abc9a8124c-groupManagement] INFO  server.RaftServerConfigKeys (ConfUtils.java:logGet(46)) - raft.server.threadpool.server.cached = true (default)
2025-04-17 16:40:28,665 [c825922c-8499-4d06-bbc0-08abc9a8124c-groupManagement] INFO  server.RaftServerConfigKeys (ConfUtils.java:logGet(46)) - raft.server.threadpool.server.size = 0 (default)
2025-04-17 16:40:28,665 [c825922c-8499-4d06-bbc0-08abc9a8124c-groupManagement] INFO  server.RaftServerConfigKeys (ConfUtils.java:logGet(46)) - raft.server.threadpool.client.cached = true (default)
2025-04-17 16:40:28,666 [c825922c-8499-4d06-bbc0-08abc9a8124c-groupManagement] INFO  server.RaftServerConfigKeys (ConfUtils.java:logGet(46)) - raft.server.threadpool.client.size = 0 (default)
2025-04-17 16:40:28,666 [c825922c-8499-4d06-bbc0-08abc9a8124c-groupManagement] INFO  server.RaftServerConfigKeys (ConfUtils.java:logGet(46)) - raft.server.storage.free-space.min = 0MB (=0) (default)
2025-04-17 16:40:28,666 [a6bf55e3-38e4-411e-ac0b-5acdb6a35656-groupManagement] INFO  server.RaftServerConfigKeys (ConfUtils.java:logGet(46)) - raft.server.log.appender.buffer.byte-limit = 33554432 (custom)
2025-04-17 16:40:28,666 [c825922c-8499-4d06-bbc0-08abc9a8124c-groupManagement] INFO  server.RaftServerConfigKeys (ConfUtils.java:logGet(46)) - raft.server.log.corruption.policy = EXCEPTION (default)
2025-04-17 16:40:28,666 [a6bf55e3-38e4-411e-ac0b-5acdb6a35656-groupManagement] INFO  server.RaftServerConfigKeys (ConfUtils.java:logGet(46)) - raft.server.log.unsafe-flush.enabled = false (default)
2025-04-17 16:40:28,666 [a6bf55e3-38e4-411e-ac0b-5acdb6a35656-groupManagement] INFO  server.RaftServerConfigKeys (ConfUtils.java:logGet(46)) - raft.server.log.async-flush.enabled = false (default)
2025-04-17 16:40:28,666 [a6bf55e3-38e4-411e-ac0b-5acdb6a35656-groupManagement] INFO  server.RaftServerConfigKeys (ConfUtils.java:logGet(46)) - raft.server.log.statemachine.data.caching.enabled = true (custom)
2025-04-17 16:40:28,666 [c825922c-8499-4d06-bbc0-08abc9a8124c-groupManagement] INFO  server.RaftServerConfigKeys (ConfUtils.java:logGet(46)) - raft.server.storage.dir = [/home/runner/work/ozone/ozone/hadoop-ozone/integration-test/target/test-dir/MiniOzoneClusterImpl-26e726f8-5cec-4c14-bf14-45d4895febc0/ozone-meta/datanode-1/ratis] (custom)
2025-04-17 16:40:28,666 [a6bf55e3-38e4-411e-ac0b-5acdb6a35656-groupManagement] INFO  segmented.SegmentedRaftLogWorker (SegmentedRaftLogWorker.java:lambda$new$0(139)) - a6bf55e3-38e4-411e-ac0b-5acdb6a35656@group-47C15F12B665-SegmentedRaftLogWorker: flushIndex: setUnconditionally 0 -> -1
2025-04-17 16:40:28,666 [a6bf55e3-38e4-411e-ac0b-5acdb6a35656-groupManagement] INFO  segmented.SegmentedRaftLogWorker (SegmentedRaftLogWorker.java:lambda$new$0(139)) - a6bf55e3-38e4-411e-ac0b-5acdb6a35656@group-47C15F12B665-SegmentedRaftLogWorker: safeCacheEvictIndex: setUnconditionally 0 -> -1
2025-04-17 16:40:28,666 [c825922c-8499-4d06-bbc0-08abc9a8124c-groupManagement] INFO  storage.RaftStorageDirectory (RaftStorageDirectoryImpl.java:analyzeStorage(138)) - The storage directory /home/runner/work/ozone/ozone/hadoop-ozone/integration-test/target/test-dir/MiniOzoneClusterImpl-26e726f8-5cec-4c14-bf14-45d4895febc0/ozone-meta/datanode-1/ratis/690337f3-2d94-4a7e-a7b3-47c15f12b665 does not exist. Creating ...
2025-04-17 16:40:28,667 [a6bf55e3-38e4-411e-ac0b-5acdb6a35656-groupManagement] INFO  server.RaftServer$Division (RaftServerImpl.java:start(391)) - a6bf55e3-38e4-411e-ac0b-5acdb6a35656@group-47C15F12B665: start as a follower, conf=conf: {index: -1, cur=peers:[c825922c-8499-4d06-bbc0-08abc9a8124c|127.0.0.1:15015, a6bf55e3-38e4-411e-ac0b-5acdb6a35656|127.0.0.1:15031, 93cc9901-be1a-45f5-9681-0d93e627c426|127.0.0.1:15023]|listeners:[], old=null}
2025-04-17 16:40:28,667 [a6bf55e3-38e4-411e-ac0b-5acdb6a35656-groupManagement] INFO  server.RaftServer$Division (RaftServerImpl.java:setRole(378)) - a6bf55e3-38e4-411e-ac0b-5acdb6a35656@group-47C15F12B665: changes role from      null to FOLLOWER at term 0 for startAsFollower
2025-04-17 16:40:28,667 [a6bf55e3-38e4-411e-ac0b-5acdb6a35656-groupManagement] INFO  impl.RoleInfo (RoleInfo.java:updateAndGet(148)) - a6bf55e3-38e4-411e-ac0b-5acdb6a35656: start a6bf55e3-38e4-411e-ac0b-5acdb6a35656@group-47C15F12B665-FollowerState
2025-04-17 16:40:28,667 [a6bf55e3-38e4-411e-ac0b-5acdb6a35656@group-47C15F12B665-FollowerState] INFO  server.RaftServerConfigKeys (ConfUtils.java:logGet(46)) - raft.server.rpc.first-election.timeout.min = 1000ms (custom)
2025-04-17 16:40:28,667 [a6bf55e3-38e4-411e-ac0b-5acdb6a35656-groupManagement] INFO  util.JmxRegister (JmxRegister.java:tryRegister(44)) - Successfully registered JMX Bean with object name Ratis:service=RaftServer,group=group-47C15F12B665,id=a6bf55e3-38e4-411e-ac0b-5acdb6a35656
2025-04-17 16:40:28,667 [a6bf55e3-38e4-411e-ac0b-5acdb6a35656@group-47C15F12B665-FollowerState] INFO  server.RaftServerConfigKeys (ConfUtils.java:logGet(46)) - raft.server.rpc.first-election.timeout.max = 1200ms (custom)
2025-04-17 16:40:28,667 [c825922c-8499-4d06-bbc0-08abc9a8124c-groupManagement] INFO  storage.RaftStorageDirectory (RaftStorageDirectoryImpl.java:tryLock(229)) - Lock on /home/runner/work/ozone/ozone/hadoop-ozone/integration-test/target/test-dir/MiniOzoneClusterImpl-26e726f8-5cec-4c14-bf14-45d4895febc0/ozone-meta/datanode-1/ratis/690337f3-2d94-4a7e-a7b3-47c15f12b665/in_use.lock acquired by nodename 85305@fv-az1665-423
2025-04-17 16:40:28,667 [a6bf55e3-38e4-411e-ac0b-5acdb6a35656-groupManagement] INFO  util.JmxRegister (JmxRegister.java:register(58)) - register mxBean class org.apache.ratis.server.impl.RaftServerJmxAdapter as Ratis:service=RaftServer,group=group-47C15F12B665,id=a6bf55e3-38e4-411e-ac0b-5acdb6a35656
2025-04-17 16:40:28,668 [a6bf55e3-38e4-411e-ac0b-5acdb6a35656-groupManagement] INFO  server.RaftServerConfigKeys (ConfUtils.java:logGet(46)) - raft.server.snapshot.trigger-when-stop.enabled = true (default)
2025-04-17 16:40:28,668 [a6bf55e3-38e4-411e-ac0b-5acdb6a35656-groupManagement] INFO  server.RaftServerConfigKeys (ConfUtils.java:logGet(46)) - raft.server.snapshot.trigger-when-remove.enabled = true (default)
2025-04-17 16:40:28,668 [a6bf55e3-38e4-411e-ac0b-5acdb6a35656-groupManagement] INFO  server.RaftServerConfigKeys (ConfUtils.java:logGet(46)) - raft.server.snapshot.auto.trigger.enabled = true (custom)
2025-04-17 16:40:28,668 [a6bf55e3-38e4-411e-ac0b-5acdb6a35656-groupManagement] INFO  server.RaftServerConfigKeys (ConfUtils.java:logGet(46)) - raft.server.snapshot.auto.trigger.threshold = 100000 (custom)
2025-04-17 16:40:28,668 [a6bf55e3-38e4-411e-ac0b-5acdb6a35656-groupManagement] INFO  server.RaftServerConfigKeys (ConfUtils.java:logGet(46)) - raft.server.snapshot.retention.file.num = 5 (custom)
2025-04-17 16:40:28,668 [a6bf55e3-38e4-411e-ac0b-5acdb6a35656-groupManagement] INFO  server.RaftServerConfigKeys (ConfUtils.java:logGet(46)) - raft.server.log.purge.upto.snapshot.index = false (default)
2025-04-17 16:40:28,669 [a6bf55e3-38e4-411e-ac0b-5acdb6a35656-groupManagement] INFO  server.RaftServer$Division (RaftServerImpl.java:start(405)) - a6bf55e3-38e4-411e-ac0b-5acdb6a35656@group-47C15F12B665: Successfully started.
2025-04-17 16:40:28,670 [c825922c-8499-4d06-bbc0-08abc9a8124c-groupManagement] INFO  storage.RaftStorage (RaftStorageImpl.java:format(98)) - Storage directory /home/runner/work/ozone/ozone/hadoop-ozone/integration-test/target/test-dir/MiniOzoneClusterImpl-26e726f8-5cec-4c14-bf14-45d4895febc0/ozone-meta/datanode-1/ratis/690337f3-2d94-4a7e-a7b3-47c15f12b665 has been successfully formatted.
2025-04-17 16:40:28,670 [c825922c-8499-4d06-bbc0-08abc9a8124c-groupManagement] INFO  ratis.ContainerStateMachine (ContainerStateMachine.java:initialize(340)) - c825922c-8499-4d06-bbc0-08abc9a8124c: initialize group-47C15F12B665
2025-04-17 16:40:28,670 [c825922c-8499-4d06-bbc0-08abc9a8124c-groupManagement] INFO  ratis.ContainerStateMachine (ContainerStateMachine.java:loadSnapshot(348)) - group-47C15F12B665: The snapshot info is null. Setting the last applied index to:(t:0, i:~)
2025-04-17 16:40:28,670 [c825922c-8499-4d06-bbc0-08abc9a8124c-groupManagement] INFO  server.RaftServerConfigKeys (ConfUtils.java:logGet(46)) - raft.server.log.use.memory = false (default)
2025-04-17 16:40:28,670 [c825922c-8499-4d06-bbc0-08abc9a8124c-groupManagement] INFO  server.RaftServerConfigKeys (ConfUtils.java:logGet(46)) - raft.server.log.purge.gap = 1000000 (custom)
2025-04-17 16:40:28,670 [c825922c-8499-4d06-bbc0-08abc9a8124c-groupManagement] INFO  server.RaftServerConfigKeys (ConfUtils.java:logGet(46)) - raft.server.log.appender.buffer.byte-limit = 33554432 (custom)
2025-04-17 16:40:28,670 [c825922c-8499-4d06-bbc0-08abc9a8124c-groupManagement] INFO  server.RaftServerConfigKeys (ConfUtils.java:logGet(46)) - raft.server.log.statemachine.data.read.timeout = 1000ms (default)
2025-04-17 16:40:28,670 [c825922c-8499-4d06-bbc0-08abc9a8124c-groupManagement] INFO  server.RaftServerConfigKeys (ConfUtils.java:logGet(46)) - raft.server.log.purge.preservation.log.num = 0 (default)
2025-04-17 16:40:28,674 [EventQueue-OpenPipelineForHealthyPipelineSafeModeRule] INFO  safemode.SCMSafeModeManager (HealthyPipelineSafeModeRule.java:process(141)) - SCM in safe mode. Healthy pipelines reported count is 0, required healthy pipeline reported count is 1
2025-04-17 16:40:28,674 [c825922c-8499-4d06-bbc0-08abc9a8124c-groupManagement] INFO  server.RaftServerConfigKeys (ConfUtils.java:logGet(46)) - raft.server.log.segment.size.max = 67108864 (custom)
2025-04-17 16:40:28,675 [c825922c-8499-4d06-bbc0-08abc9a8124c-groupManagement] INFO  server.RaftServerConfigKeys (ConfUtils.java:logGet(46)) - raft.server.log.segment.cache.num.max = 2 (custom)
2025-04-17 16:40:28,675 [c825922c-8499-4d06-bbc0-08abc9a8124c-groupManagement] INFO  server.RaftServerConfigKeys (ConfUtils.java:logGet(46)) - raft.server.log.segment.cache.size.max = 200MB (=209715200) (default)
2025-04-17 16:40:28,675 [c825922c-8499-4d06-bbc0-08abc9a8124c-groupManagement] INFO  server.RaftServerConfigKeys (ConfUtils.java:logGet(46)) - raft.server.log.appender.buffer.byte-limit = 33554432 (custom)
2025-04-17 16:40:28,676 [c825922c-8499-4d06-bbc0-08abc9a8124c-groupManagement] INFO  util.AwaitToRun (AwaitToRun.java:start(81)) - Thread[#900,c825922c-8499-4d06-bbc0-08abc9a8124c@group-47C15F12B665-cacheEviction-AwaitToRun,5,main] started
2025-04-17 16:40:28,677 [c825922c-8499-4d06-bbc0-08abc9a8124c-groupManagement] INFO  segmented.SegmentedRaftLogWorker (SegmentedRaftLogWorker.java:<init>(188)) - new c825922c-8499-4d06-bbc0-08abc9a8124c@group-47C15F12B665-SegmentedRaftLogWorker for RaftStorageImpl:Storage Directory /home/runner/work/ozone/ozone/hadoop-ozone/integration-test/target/test-dir/MiniOzoneClusterImpl-26e726f8-5cec-4c14-bf14-45d4895febc0/ozone-meta/datanode-1/ratis/690337f3-2d94-4a7e-a7b3-47c15f12b665
2025-04-17 16:40:28,677 [c825922c-8499-4d06-bbc0-08abc9a8124c-groupManagement] INFO  server.RaftServerConfigKeys (ConfUtils.java:logGet(46)) - raft.server.log.queue.byte-limit = 4294967296 (custom)
2025-04-17 16:40:28,677 [c825922c-8499-4d06-bbc0-08abc9a8124c-groupManagement] INFO  server.RaftServerConfigKeys (ConfUtils.java:logGet(46)) - raft.server.log.queue.element-limit = 1024 (custom)
2025-04-17 16:40:28,677 [c825922c-8499-4d06-bbc0-08abc9a8124c-groupManagement] INFO  server.RaftServerConfigKeys (ConfUtils.java:logGet(46)) - raft.server.log.segment.size.max = 67108864 (custom)
2025-04-17 16:40:28,677 [c825922c-8499-4d06-bbc0-08abc9a8124c-groupManagement] INFO  server.RaftServerConfigKeys (ConfUtils.java:logGet(46)) - raft.server.log.preallocated.size = 4194304 (custom)
2025-04-17 16:40:28,677 [c825922c-8499-4d06-bbc0-08abc9a8124c-groupManagement] INFO  server.RaftServerConfigKeys (ConfUtils.java:logGet(46)) - raft.server.log.force.sync.num = 128 (default)
2025-04-17 16:40:28,677 [c825922c-8499-4d06-bbc0-08abc9a8124c-groupManagement] INFO  server.RaftServerConfigKeys (ConfUtils.java:logGet(46)) - raft.server.log.statemachine.data.sync = true (default)
2025-04-17 16:40:28,677 [c825922c-8499-4d06-bbc0-08abc9a8124c-groupManagement] INFO  server.RaftServerConfigKeys (ConfUtils.java:logGet(46)) - raft.server.log.statemachine.data.sync.timeout = 10s (default)
2025-04-17 16:40:28,677 [c825922c-8499-4d06-bbc0-08abc9a8124c-groupManagement] INFO  server.RaftServerConfigKeys (ConfUtils.java:logGet(46)) - raft.server.log.statemachine.data.sync.timeout.retry = 30 (custom)
2025-04-17 16:40:28,677 [c825922c-8499-4d06-bbc0-08abc9a8124c-groupManagement] INFO  server.RaftServerConfigKeys (ConfUtils.java:logGet(46)) - raft.server.log.write.buffer.size = 33554440 (custom)
2025-04-17 16:40:28,682 [c825922c-8499-4d06-bbc0-08abc9a8124c-groupManagement] INFO  server.RaftServerConfigKeys (ConfUtils.java:logGet(46)) - raft.server.log.appender.buffer.byte-limit = 33554432 (custom)
2025-04-17 16:40:28,683 [c825922c-8499-4d06-bbc0-08abc9a8124c-groupManagement] INFO  server.RaftServerConfigKeys (ConfUtils.java:logGet(46)) - raft.server.log.unsafe-flush.enabled = false (default)
2025-04-17 16:40:28,683 [c825922c-8499-4d06-bbc0-08abc9a8124c-groupManagement] INFO  server.RaftServerConfigKeys (ConfUtils.java:logGet(46)) - raft.server.log.async-flush.enabled = false (default)
2025-04-17 16:40:28,683 [c825922c-8499-4d06-bbc0-08abc9a8124c-groupManagement] INFO  server.RaftServerConfigKeys (ConfUtils.java:logGet(46)) - raft.server.log.statemachine.data.caching.enabled = true (custom)
2025-04-17 16:40:28,683 [c825922c-8499-4d06-bbc0-08abc9a8124c-groupManagement] INFO  segmented.SegmentedRaftLogWorker (SegmentedRaftLogWorker.java:lambda$new$0(139)) - c825922c-8499-4d06-bbc0-08abc9a8124c@group-47C15F12B665-SegmentedRaftLogWorker: flushIndex: setUnconditionally 0 -> -1
2025-04-17 16:40:28,683 [c825922c-8499-4d06-bbc0-08abc9a8124c-groupManagement] INFO  segmented.SegmentedRaftLogWorker (SegmentedRaftLogWorker.java:lambda$new$0(139)) - c825922c-8499-4d06-bbc0-08abc9a8124c@group-47C15F12B665-SegmentedRaftLogWorker: safeCacheEvictIndex: setUnconditionally 0 -> -1
2025-04-17 16:40:28,683 [c825922c-8499-4d06-bbc0-08abc9a8124c-groupManagement] INFO  server.RaftServer$Division (RaftServerImpl.java:start(391)) - c825922c-8499-4d06-bbc0-08abc9a8124c@group-47C15F12B665: start as a follower, conf=conf: {index: -1, cur=peers:[c825922c-8499-4d06-bbc0-08abc9a8124c|127.0.0.1:15015, a6bf55e3-38e4-411e-ac0b-5acdb6a35656|127.0.0.1:15031, 93cc9901-be1a-45f5-9681-0d93e627c426|127.0.0.1:15023]|listeners:[], old=null}
2025-04-17 16:40:28,683 [c825922c-8499-4d06-bbc0-08abc9a8124c-groupManagement] INFO  server.RaftServer$Division (RaftServerImpl.java:setRole(378)) - c825922c-8499-4d06-bbc0-08abc9a8124c@group-47C15F12B665: changes role from      null to FOLLOWER at term 0 for startAsFollower
2025-04-17 16:40:28,684 [c825922c-8499-4d06-bbc0-08abc9a8124c-groupManagement] INFO  impl.RoleInfo (RoleInfo.java:updateAndGet(148)) - c825922c-8499-4d06-bbc0-08abc9a8124c: start c825922c-8499-4d06-bbc0-08abc9a8124c@group-47C15F12B665-FollowerState
2025-04-17 16:40:28,684 [c825922c-8499-4d06-bbc0-08abc9a8124c@group-47C15F12B665-FollowerState] INFO  server.RaftServerConfigKeys (ConfUtils.java:logGet(46)) - raft.server.rpc.first-election.timeout.min = 1000ms (custom)
2025-04-17 16:40:28,684 [c825922c-8499-4d06-bbc0-08abc9a8124c@group-47C15F12B665-FollowerState] INFO  server.RaftServerConfigKeys (ConfUtils.java:logGet(46)) - raft.server.rpc.first-election.timeout.max = 1200ms (custom)
2025-04-17 16:40:28,685 [c825922c-8499-4d06-bbc0-08abc9a8124c-groupManagement] INFO  util.JmxRegister (JmxRegister.java:tryRegister(44)) - Successfully registered JMX Bean with object name Ratis:service=RaftServer,group=group-47C15F12B665,id=c825922c-8499-4d06-bbc0-08abc9a8124c
2025-04-17 16:40:28,685 [c825922c-8499-4d06-bbc0-08abc9a8124c-groupManagement] INFO  util.JmxRegister (JmxRegister.java:register(58)) - register mxBean class org.apache.ratis.server.impl.RaftServerJmxAdapter as Ratis:service=RaftServer,group=group-47C15F12B665,id=c825922c-8499-4d06-bbc0-08abc9a8124c
2025-04-17 16:40:28,685 [c825922c-8499-4d06-bbc0-08abc9a8124c-groupManagement] INFO  server.RaftServerConfigKeys (ConfUtils.java:logGet(46)) - raft.server.snapshot.trigger-when-stop.enabled = true (default)
2025-04-17 16:40:28,685 [c825922c-8499-4d06-bbc0-08abc9a8124c-groupManagement] INFO  server.RaftServerConfigKeys (ConfUtils.java:logGet(46)) - raft.server.snapshot.trigger-when-remove.enabled = true (default)
2025-04-17 16:40:28,685 [c825922c-8499-4d06-bbc0-08abc9a8124c-groupManagement] INFO  server.RaftServerConfigKeys (ConfUtils.java:logGet(46)) - raft.server.snapshot.auto.trigger.enabled = true (custom)
2025-04-17 16:40:28,685 [c825922c-8499-4d06-bbc0-08abc9a8124c-groupManagement] INFO  server.RaftServerConfigKeys (ConfUtils.java:logGet(46)) - raft.server.snapshot.auto.trigger.threshold = 100000 (custom)
2025-04-17 16:40:28,685 [c825922c-8499-4d06-bbc0-08abc9a8124c-groupManagement] INFO  server.RaftServerConfigKeys (ConfUtils.java:logGet(46)) - raft.server.snapshot.retention.file.num = 5 (custom)
2025-04-17 16:40:28,685 [c825922c-8499-4d06-bbc0-08abc9a8124c-groupManagement] INFO  server.RaftServerConfigKeys (ConfUtils.java:logGet(46)) - raft.server.log.purge.upto.snapshot.index = false (default)
2025-04-17 16:40:28,686 [c825922c-8499-4d06-bbc0-08abc9a8124c-groupManagement] INFO  server.RaftServer$Division (RaftServerImpl.java:start(405)) - c825922c-8499-4d06-bbc0-08abc9a8124c@group-47C15F12B665: Successfully started.
2025-04-17 16:40:28,686 [c825922c-8499-4d06-bbc0-08abc9a8124c-PipelineCommandHandlerThread-0] INFO  ratis.XceiverServerRatis (XceiverServerRatis.java:addGroup(844)) - Created group PipelineID=690337f3-2d94-4a7e-a7b3-47c15f12b665
2025-04-17 16:40:28,709 [93cc9901-be1a-45f5-9681-0d93e627c426-PipelineCommandHandlerThread-0] INFO  commandhandler.CreatePipelineCommandHandler (CreatePipelineCommandHandler.java:lambda$handle$2(128)) - Created Pipeline RATIS THREE PipelineID=690337f3-2d94-4a7e-a7b3-47c15f12b665.
2025-04-17 16:40:28,710 [93cc9901-be1a-45f5-9681-0d93e627c426-PipelineCommandHandlerThread-0] INFO  server.RaftServer (RaftServerProxy.java:addNew(100)) - 93cc9901-be1a-45f5-9681-0d93e627c426: addNew group-3A10B81F0950:[c825922c-8499-4d06-bbc0-08abc9a8124c|127.0.0.1:15015, a6bf55e3-38e4-411e-ac0b-5acdb6a35656|127.0.0.1:15031, 93cc9901-be1a-45f5-9681-0d93e627c426|127.0.0.1:15023] returns group-3A10B81F0950:java.util.concurrent.CompletableFuture@5f1be945[Not completed]
2025-04-17 16:40:28,713 [93cc9901-be1a-45f5-9681-0d93e627c426-groupManagement] INFO  server.RaftServer$Division (RaftServerImpl.java:<init>(255)) - 93cc9901-be1a-45f5-9681-0d93e627c426: new RaftServerImpl for group-3A10B81F0950:[c825922c-8499-4d06-bbc0-08abc9a8124c|127.0.0.1:15015, a6bf55e3-38e4-411e-ac0b-5acdb6a35656|127.0.0.1:15031, 93cc9901-be1a-45f5-9681-0d93e627c426|127.0.0.1:15023] with ContainerStateMachine:uninitialized
2025-04-17 16:40:28,714 [93cc9901-be1a-45f5-9681-0d93e627c426-groupManagement] INFO  server.RaftServerConfigKeys (ConfUtils.java:logGet(46)) - raft.server.rpc.timeout.min = 5s (custom)
2025-04-17 16:40:28,714 [93cc9901-be1a-45f5-9681-0d93e627c426-groupManagement] INFO  server.RaftServerConfigKeys (ConfUtils.java:logGet(46)) - raft.server.rpc.timeout.max = 5200ms (custom)
2025-04-17 16:40:28,714 [93cc9901-be1a-45f5-9681-0d93e627c426-groupManagement] INFO  server.RaftServerConfigKeys (ConfUtils.java:logGet(46)) - raft.server.rpc.sleep.time = 25ms (default)
2025-04-17 16:40:28,714 [93cc9901-be1a-45f5-9681-0d93e627c426-groupManagement] INFO  server.RaftServerConfigKeys (ConfUtils.java:logGet(46)) - raft.server.rpc.slowness.timeout = 300s (custom)
2025-04-17 16:40:28,714 [93cc9901-be1a-45f5-9681-0d93e627c426-groupManagement] INFO  server.RaftServerConfigKeys (ConfUtils.java:logGet(46)) - raft.server.leaderelection.leader.step-down.wait-time = 10s (default)
2025-04-17 16:40:28,714 [93cc9901-be1a-45f5-9681-0d93e627c426-groupManagement] INFO  server.RaftServerConfigKeys (ConfUtils.java:logGet(46)) - raft.server.leaderelection.member.majority-add = false (default)
2025-04-17 16:40:28,714 [93cc9901-be1a-45f5-9681-0d93e627c426-groupManagement] INFO  server.RaftServerConfigKeys (ConfUtils.java:logGet(46)) - raft.server.sleep.deviation.threshold = 300ms (default)
2025-04-17 16:40:28,714 [93cc9901-be1a-45f5-9681-0d93e627c426-groupManagement] INFO  server.RaftServer$Division (ServerState.java:<init>(114)) - 93cc9901-be1a-45f5-9681-0d93e627c426@group-3A10B81F0950: ConfigurationManager, init=conf: {index: -1, cur=peers:[c825922c-8499-4d06-bbc0-08abc9a8124c|127.0.0.1:15015, a6bf55e3-38e4-411e-ac0b-5acdb6a35656|127.0.0.1:15031, 93cc9901-be1a-45f5-9681-0d93e627c426|127.0.0.1:15023]|listeners:[], old=null}, confs=<EMPTY_MAP>
2025-04-17 16:40:28,714 [93cc9901-be1a-45f5-9681-0d93e627c426-groupManagement] INFO  server.RaftServerConfigKeys (ConfUtils.java:logGet(46)) - raft.server.notification.no-leader.timeout = 300s (custom)
2025-04-17 16:40:28,714 [93cc9901-be1a-45f5-9681-0d93e627c426-groupManagement] INFO  server.RaftServerConfigKeys (ConfUtils.java:logGet(46)) - raft.server.read.timeout = 10s (default)
2025-04-17 16:40:28,714 [93cc9901-be1a-45f5-9681-0d93e627c426-groupManagement] INFO  server.RaftServerConfigKeys (ConfUtils.java:logGet(46)) - raft.server.retrycache.expirytime = 600000ms (custom)
2025-04-17 16:40:28,714 [93cc9901-be1a-45f5-9681-0d93e627c426-groupManagement] INFO  server.RaftServerConfigKeys (ConfUtils.java:logGet(46)) - raft.server.retrycache.statistics.expirytime = 100ms (default)
2025-04-17 16:40:28,714 [93cc9901-be1a-45f5-9681-0d93e627c426-groupManagement] INFO  server.RaftServerConfigKeys (ConfUtils.java:logGet(46)) - raft.server.read.option = DEFAULT (default)
2025-04-17 16:40:28,714 [93cc9901-be1a-45f5-9681-0d93e627c426-groupManagement] INFO  server.RaftServerConfigKeys (ConfUtils.java:logGet(46)) - raft.server.read.read-after-write-consistent.write-index-cache.expiry-time = 60s (default)
2025-04-17 16:40:28,722 [93cc9901-be1a-45f5-9681-0d93e627c426-groupManagement] INFO  server.RaftServerConfigKeys (ConfUtils.java:logGet(46)) - raft.server.rpc.request.timeout = 60s (custom)
2025-04-17 16:40:28,722 [93cc9901-be1a-45f5-9681-0d93e627c426-groupManagement] INFO  server.RaftServerConfigKeys (ConfUtils.java:logGet(46)) - raft.server.log.appender.install.snapshot.enabled = false (custom)
2025-04-17 16:40:28,722 [93cc9901-be1a-45f5-9681-0d93e627c426-groupManagement] INFO  server.RaftServerConfigKeys (ConfUtils.java:logGet(46)) - raft.server.threadpool.server.cached = true (default)
2025-04-17 16:40:28,722 [93cc9901-be1a-45f5-9681-0d93e627c426-groupManagement] INFO  server.RaftServerConfigKeys (ConfUtils.java:logGet(46)) - raft.server.threadpool.server.size = 0 (default)
2025-04-17 16:40:28,723 [93cc9901-be1a-45f5-9681-0d93e627c426-groupManagement] INFO  server.RaftServerConfigKeys (ConfUtils.java:logGet(46)) - raft.server.threadpool.client.cached = true (default)
2025-04-17 16:40:28,723 [93cc9901-be1a-45f5-9681-0d93e627c426-groupManagement] INFO  server.RaftServerConfigKeys (ConfUtils.java:logGet(46)) - raft.server.threadpool.client.size = 0 (default)
2025-04-17 16:40:28,723 [93cc9901-be1a-45f5-9681-0d93e627c426-groupManagement] INFO  server.RaftServerConfigKeys (ConfUtils.java:logGet(46)) - raft.server.storage.free-space.min = 0MB (=0) (default)
2025-04-17 16:40:28,723 [93cc9901-be1a-45f5-9681-0d93e627c426-groupManagement] INFO  server.RaftServerConfigKeys (ConfUtils.java:logGet(46)) - raft.server.log.corruption.policy = EXCEPTION (default)
2025-04-17 16:40:28,723 [93cc9901-be1a-45f5-9681-0d93e627c426-groupManagement] INFO  server.RaftServerConfigKeys (ConfUtils.java:logGet(46)) - raft.server.storage.dir = [/home/runner/work/ozone/ozone/hadoop-ozone/integration-test/target/test-dir/MiniOzoneClusterImpl-26e726f8-5cec-4c14-bf14-45d4895febc0/ozone-meta/datanode-2/ratis] (custom)
2025-04-17 16:40:28,724 [93cc9901-be1a-45f5-9681-0d93e627c426-groupManagement] INFO  storage.RaftStorageDirectory (RaftStorageDirectoryImpl.java:analyzeStorage(138)) - The storage directory /home/runner/work/ozone/ozone/hadoop-ozone/integration-test/target/test-dir/MiniOzoneClusterImpl-26e726f8-5cec-4c14-bf14-45d4895febc0/ozone-meta/datanode-2/ratis/e78d0e28-68e8-4b64-8716-3a10b81f0950 does not exist. Creating ...
2025-04-17 16:40:28,726 [93cc9901-be1a-45f5-9681-0d93e627c426-groupManagement] INFO  storage.RaftStorageDirectory (RaftStorageDirectoryImpl.java:tryLock(229)) - Lock on /home/runner/work/ozone/ozone/hadoop-ozone/integration-test/target/test-dir/MiniOzoneClusterImpl-26e726f8-5cec-4c14-bf14-45d4895febc0/ozone-meta/datanode-2/ratis/e78d0e28-68e8-4b64-8716-3a10b81f0950/in_use.lock acquired by nodename 85305@fv-az1665-423
2025-04-17 16:40:28,728 [93cc9901-be1a-45f5-9681-0d93e627c426-groupManagement] INFO  storage.RaftStorage (RaftStorageImpl.java:format(98)) - Storage directory /home/runner/work/ozone/ozone/hadoop-ozone/integration-test/target/test-dir/MiniOzoneClusterImpl-26e726f8-5cec-4c14-bf14-45d4895febc0/ozone-meta/datanode-2/ratis/e78d0e28-68e8-4b64-8716-3a10b81f0950 has been successfully formatted.
2025-04-17 16:40:28,729 [93cc9901-be1a-45f5-9681-0d93e627c426-groupManagement] INFO  ratis.ContainerStateMachine (ContainerStateMachine.java:initialize(340)) - 93cc9901-be1a-45f5-9681-0d93e627c426: initialize group-3A10B81F0950
2025-04-17 16:40:28,729 [93cc9901-be1a-45f5-9681-0d93e627c426-groupManagement] INFO  ratis.ContainerStateMachine (ContainerStateMachine.java:loadSnapshot(348)) - group-3A10B81F0950: The snapshot info is null. Setting the last applied index to:(t:0, i:~)
2025-04-17 16:40:28,729 [93cc9901-be1a-45f5-9681-0d93e627c426-groupManagement] INFO  server.RaftServerConfigKeys (ConfUtils.java:logGet(46)) - raft.server.log.use.memory = false (default)
2025-04-17 16:40:28,730 [93cc9901-be1a-45f5-9681-0d93e627c426-groupManagement] INFO  server.RaftServerConfigKeys (ConfUtils.java:logGet(46)) - raft.server.log.purge.gap = 1000000 (custom)
2025-04-17 16:40:28,730 [93cc9901-be1a-45f5-9681-0d93e627c426-groupManagement] INFO  server.RaftServerConfigKeys (ConfUtils.java:logGet(46)) - raft.server.log.appender.buffer.byte-limit = 33554432 (custom)
2025-04-17 16:40:28,730 [93cc9901-be1a-45f5-9681-0d93e627c426-groupManagement] INFO  server.RaftServerConfigKeys (ConfUtils.java:logGet(46)) - raft.server.log.statemachine.data.read.timeout = 1000ms (default)
2025-04-17 16:40:28,730 [93cc9901-be1a-45f5-9681-0d93e627c426-groupManagement] INFO  server.RaftServerConfigKeys (ConfUtils.java:logGet(46)) - raft.server.log.purge.preservation.log.num = 0 (default)
2025-04-17 16:40:28,735 [EventQueue-OpenPipelineForHealthyPipelineSafeModeRule] INFO  safemode.SCMSafeModeManager (HealthyPipelineSafeModeRule.java:process(141)) - SCM in safe mode. Healthy pipelines reported count is 0, required healthy pipeline reported count is 1
2025-04-17 16:40:28,736 [93cc9901-be1a-45f5-9681-0d93e627c426-groupManagement] INFO  server.RaftServerConfigKeys (ConfUtils.java:logGet(46)) - raft.server.log.segment.size.max = 67108864 (custom)
2025-04-17 16:40:28,737 [93cc9901-be1a-45f5-9681-0d93e627c426-groupManagement] INFO  server.RaftServerConfigKeys (ConfUtils.java:logGet(46)) - raft.server.log.segment.cache.num.max = 2 (custom)
2025-04-17 16:40:28,737 [93cc9901-be1a-45f5-9681-0d93e627c426-groupManagement] INFO  server.RaftServerConfigKeys (ConfUtils.java:logGet(46)) - raft.server.log.segment.cache.size.max = 200MB (=209715200) (default)
2025-04-17 16:40:28,737 [93cc9901-be1a-45f5-9681-0d93e627c426-groupManagement] INFO  server.RaftServerConfigKeys (ConfUtils.java:logGet(46)) - raft.server.log.appender.buffer.byte-limit = 33554432 (custom)
2025-04-17 16:40:28,737 [c825922c-8499-4d06-bbc0-08abc9a8124c-PipelineCommandHandlerThread-0] INFO  commandhandler.CreatePipelineCommandHandler (CreatePipelineCommandHandler.java:lambda$handle$2(128)) - Created Pipeline RATIS THREE PipelineID=690337f3-2d94-4a7e-a7b3-47c15f12b665.
2025-04-17 16:40:28,738 [c825922c-8499-4d06-bbc0-08abc9a8124c-PipelineCommandHandlerThread-0] INFO  server.RaftServer (RaftServerProxy.java:addNew(100)) - c825922c-8499-4d06-bbc0-08abc9a8124c: addNew group-3A10B81F0950:[c825922c-8499-4d06-bbc0-08abc9a8124c|127.0.0.1:15015, a6bf55e3-38e4-411e-ac0b-5acdb6a35656|127.0.0.1:15031, 93cc9901-be1a-45f5-9681-0d93e627c426|127.0.0.1:15023] returns group-3A10B81F0950:java.util.concurrent.CompletableFuture@6f5182cf[Not completed]
2025-04-17 16:40:28,738 [93cc9901-be1a-45f5-9681-0d93e627c426-groupManagement] INFO  util.AwaitToRun (AwaitToRun.java:start(81)) - Thread[#913,93cc9901-be1a-45f5-9681-0d93e627c426@group-3A10B81F0950-cacheEviction-AwaitToRun,5,main] started
2025-04-17 16:40:28,738 [93cc9901-be1a-45f5-9681-0d93e627c426-groupManagement] INFO  segmented.SegmentedRaftLogWorker (SegmentedRaftLogWorker.java:<init>(188)) - new 93cc9901-be1a-45f5-9681-0d93e627c426@group-3A10B81F0950-SegmentedRaftLogWorker for RaftStorageImpl:Storage Directory /home/runner/work/ozone/ozone/hadoop-ozone/integration-test/target/test-dir/MiniOzoneClusterImpl-26e726f8-5cec-4c14-bf14-45d4895febc0/ozone-meta/datanode-2/ratis/e78d0e28-68e8-4b64-8716-3a10b81f0950
2025-04-17 16:40:28,738 [93cc9901-be1a-45f5-9681-0d93e627c426-groupManagement] INFO  server.RaftServerConfigKeys (ConfUtils.java:logGet(46)) - raft.server.log.queue.byte-limit = 4294967296 (custom)
2025-04-17 16:40:28,749 [93cc9901-be1a-45f5-9681-0d93e627c426-groupManagement] INFO  server.RaftServerConfigKeys (ConfUtils.java:logGet(46)) - raft.server.log.queue.element-limit = 1024 (custom)
2025-04-17 16:40:28,749 [93cc9901-be1a-45f5-9681-0d93e627c426-groupManagement] INFO  server.RaftServerConfigKeys (ConfUtils.java:logGet(46)) - raft.server.log.segment.size.max = 67108864 (custom)
2025-04-17 16:40:28,749 [93cc9901-be1a-45f5-9681-0d93e627c426-groupManagement] INFO  server.RaftServerConfigKeys (ConfUtils.java:logGet(46)) - raft.server.log.preallocated.size = 4194304 (custom)
2025-04-17 16:40:28,749 [93cc9901-be1a-45f5-9681-0d93e627c426-groupManagement] INFO  server.RaftServerConfigKeys (ConfUtils.java:logGet(46)) - raft.server.log.force.sync.num = 128 (default)
2025-04-17 16:40:28,749 [93cc9901-be1a-45f5-9681-0d93e627c426-groupManagement] INFO  server.RaftServerConfigKeys (ConfUtils.java:logGet(46)) - raft.server.log.statemachine.data.sync = true (default)
2025-04-17 16:40:28,749 [93cc9901-be1a-45f5-9681-0d93e627c426-groupManagement] INFO  server.RaftServerConfigKeys (ConfUtils.java:logGet(46)) - raft.server.log.statemachine.data.sync.timeout = 10s (default)
2025-04-17 16:40:28,749 [93cc9901-be1a-45f5-9681-0d93e627c426-groupManagement] INFO  server.RaftServerConfigKeys (ConfUtils.java:logGet(46)) - raft.server.log.statemachine.data.sync.timeout.retry = 30 (custom)
2025-04-17 16:40:28,751 [93cc9901-be1a-45f5-9681-0d93e627c426-groupManagement] INFO  server.RaftServerConfigKeys (ConfUtils.java:logGet(46)) - raft.server.log.write.buffer.size = 33554440 (custom)
2025-04-17 16:40:28,753 [c825922c-8499-4d06-bbc0-08abc9a8124c-groupManagement] INFO  server.RaftServer$Division (RaftServerImpl.java:<init>(255)) - c825922c-8499-4d06-bbc0-08abc9a8124c: new RaftServerImpl for group-3A10B81F0950:[c825922c-8499-4d06-bbc0-08abc9a8124c|127.0.0.1:15015, a6bf55e3-38e4-411e-ac0b-5acdb6a35656|127.0.0.1:15031, 93cc9901-be1a-45f5-9681-0d93e627c426|127.0.0.1:15023] with ContainerStateMachine:uninitialized
2025-04-17 16:40:28,753 [c825922c-8499-4d06-bbc0-08abc9a8124c-groupManagement] INFO  server.RaftServerConfigKeys (ConfUtils.java:logGet(46)) - raft.server.rpc.timeout.min = 5s (custom)
2025-04-17 16:40:28,753 [c825922c-8499-4d06-bbc0-08abc9a8124c-groupManagement] INFO  server.RaftServerConfigKeys (ConfUtils.java:logGet(46)) - raft.server.rpc.timeout.max = 5200ms (custom)
2025-04-17 16:40:28,753 [c825922c-8499-4d06-bbc0-08abc9a8124c-groupManagement] INFO  server.RaftServerConfigKeys (ConfUtils.java:logGet(46)) - raft.server.rpc.sleep.time = 25ms (default)
2025-04-17 16:40:28,753 [c825922c-8499-4d06-bbc0-08abc9a8124c-groupManagement] INFO  server.RaftServerConfigKeys (ConfUtils.java:logGet(46)) - raft.server.rpc.slowness.timeout = 300s (custom)
2025-04-17 16:40:28,753 [c825922c-8499-4d06-bbc0-08abc9a8124c-groupManagement] INFO  server.RaftServerConfigKeys (ConfUtils.java:logGet(46)) - raft.server.leaderelection.leader.step-down.wait-time = 10s (default)
2025-04-17 16:40:28,753 [c825922c-8499-4d06-bbc0-08abc9a8124c-groupManagement] INFO  server.RaftServerConfigKeys (ConfUtils.java:logGet(46)) - raft.server.leaderelection.member.majority-add = false (default)
2025-04-17 16:40:28,753 [c825922c-8499-4d06-bbc0-08abc9a8124c-groupManagement] INFO  server.RaftServerConfigKeys (ConfUtils.java:logGet(46)) - raft.server.sleep.deviation.threshold = 300ms (default)
2025-04-17 16:40:28,753 [c825922c-8499-4d06-bbc0-08abc9a8124c-groupManagement] INFO  server.RaftServer$Division (ServerState.java:<init>(114)) - c825922c-8499-4d06-bbc0-08abc9a8124c@group-3A10B81F0950: ConfigurationManager, init=conf: {index: -1, cur=peers:[c825922c-8499-4d06-bbc0-08abc9a8124c|127.0.0.1:15015, a6bf55e3-38e4-411e-ac0b-5acdb6a35656|127.0.0.1:15031, 93cc9901-be1a-45f5-9681-0d93e627c426|127.0.0.1:15023]|listeners:[], old=null}, confs=<EMPTY_MAP>
2025-04-17 16:40:28,754 [c825922c-8499-4d06-bbc0-08abc9a8124c-groupManagement] INFO  server.RaftServerConfigKeys (ConfUtils.java:logGet(46)) - raft.server.notification.no-leader.timeout = 300s (custom)
2025-04-17 16:40:28,754 [c825922c-8499-4d06-bbc0-08abc9a8124c-groupManagement] INFO  server.RaftServerConfigKeys (ConfUtils.java:logGet(46)) - raft.server.read.timeout = 10s (default)
2025-04-17 16:40:28,754 [c825922c-8499-4d06-bbc0-08abc9a8124c-groupManagement] INFO  server.RaftServerConfigKeys (ConfUtils.java:logGet(46)) - raft.server.retrycache.expirytime = 600000ms (custom)
2025-04-17 16:40:28,754 [c825922c-8499-4d06-bbc0-08abc9a8124c-groupManagement] INFO  server.RaftServerConfigKeys (ConfUtils.java:logGet(46)) - raft.server.retrycache.statistics.expirytime = 100ms (default)
2025-04-17 16:40:28,754 [c825922c-8499-4d06-bbc0-08abc9a8124c-groupManagement] INFO  server.RaftServerConfigKeys (ConfUtils.java:logGet(46)) - raft.server.read.option = DEFAULT (default)
2025-04-17 16:40:28,754 [c825922c-8499-4d06-bbc0-08abc9a8124c-groupManagement] INFO  server.RaftServerConfigKeys (ConfUtils.java:logGet(46)) - raft.server.read.read-after-write-consistent.write-index-cache.expiry-time = 60s (default)
2025-04-17 16:40:28,758 [a6bf55e3-38e4-411e-ac0b-5acdb6a35656-PipelineCommandHandlerThread-0] INFO  server.RaftServer (RaftServerProxy.java:addNew(100)) - a6bf55e3-38e4-411e-ac0b-5acdb6a35656: addNew group-C713F1B5C815:[a6bf55e3-38e4-411e-ac0b-5acdb6a35656|127.0.0.1:15031] returns group-C713F1B5C815:java.util.concurrent.CompletableFuture@5082ad37[Not completed]
2025-04-17 16:40:28,761 [93cc9901-be1a-45f5-9681-0d93e627c426-groupManagement] INFO  server.RaftServerConfigKeys (ConfUtils.java:logGet(46)) - raft.server.log.appender.buffer.byte-limit = 33554432 (custom)
2025-04-17 16:40:28,762 [93cc9901-be1a-45f5-9681-0d93e627c426-groupManagement] INFO  server.RaftServerConfigKeys (ConfUtils.java:logGet(46)) - raft.server.log.unsafe-flush.enabled = false (default)
2025-04-17 16:40:28,762 [93cc9901-be1a-45f5-9681-0d93e627c426-groupManagement] INFO  server.RaftServerConfigKeys (ConfUtils.java:logGet(46)) - raft.server.log.async-flush.enabled = false (default)
2025-04-17 16:40:28,762 [93cc9901-be1a-45f5-9681-0d93e627c426-groupManagement] INFO  server.RaftServerConfigKeys (ConfUtils.java:logGet(46)) - raft.server.log.statemachine.data.caching.enabled = true (custom)
2025-04-17 16:40:28,763 [93cc9901-be1a-45f5-9681-0d93e627c426-groupManagement] INFO  segmented.SegmentedRaftLogWorker (SegmentedRaftLogWorker.java:lambda$new$0(139)) - 93cc9901-be1a-45f5-9681-0d93e627c426@group-3A10B81F0950-SegmentedRaftLogWorker: flushIndex: setUnconditionally 0 -> -1
2025-04-17 16:40:28,763 [93cc9901-be1a-45f5-9681-0d93e627c426-groupManagement] INFO  segmented.SegmentedRaftLogWorker (SegmentedRaftLogWorker.java:lambda$new$0(139)) - 93cc9901-be1a-45f5-9681-0d93e627c426@group-3A10B81F0950-SegmentedRaftLogWorker: safeCacheEvictIndex: setUnconditionally 0 -> -1
2025-04-17 16:40:28,762 [a6bf55e3-38e4-411e-ac0b-5acdb6a35656-groupManagement] INFO  server.RaftServer$Division (RaftServerImpl.java:<init>(255)) - a6bf55e3-38e4-411e-ac0b-5acdb6a35656: new RaftServerImpl for group-C713F1B5C815:[a6bf55e3-38e4-411e-ac0b-5acdb6a35656|127.0.0.1:15031] with ContainerStateMachine:uninitialized
2025-04-17 16:40:28,763 [a6bf55e3-38e4-411e-ac0b-5acdb6a35656-groupManagement] INFO  server.RaftServerConfigKeys (ConfUtils.java:logGet(46)) - raft.server.rpc.timeout.min = 5s (custom)
2025-04-17 16:40:28,763 [93cc9901-be1a-45f5-9681-0d93e627c426-groupManagement] INFO  server.RaftServer$Division (RaftServerImpl.java:start(391)) - 93cc9901-be1a-45f5-9681-0d93e627c426@group-3A10B81F0950: start as a follower, conf=conf: {index: -1, cur=peers:[c825922c-8499-4d06-bbc0-08abc9a8124c|127.0.0.1:15015, a6bf55e3-38e4-411e-ac0b-5acdb6a35656|127.0.0.1:15031, 93cc9901-be1a-45f5-9681-0d93e627c426|127.0.0.1:15023]|listeners:[], old=null}
2025-04-17 16:40:28,763 [93cc9901-be1a-45f5-9681-0d93e627c426-groupManagement] INFO  server.RaftServer$Division (RaftServerImpl.java:setRole(378)) - 93cc9901-be1a-45f5-9681-0d93e627c426@group-3A10B81F0950: changes role from      null to FOLLOWER at term 0 for startAsFollower
2025-04-17 16:40:28,763 [93cc9901-be1a-45f5-9681-0d93e627c426-groupManagement] INFO  impl.RoleInfo (RoleInfo.java:updateAndGet(148)) - 93cc9901-be1a-45f5-9681-0d93e627c426: start 93cc9901-be1a-45f5-9681-0d93e627c426@group-3A10B81F0950-FollowerState
2025-04-17 16:40:28,762 [c825922c-8499-4d06-bbc0-08abc9a8124c-groupManagement] INFO  server.RaftServerConfigKeys (ConfUtils.java:logGet(46)) - raft.server.rpc.request.timeout = 60s (custom)
2025-04-17 16:40:28,764 [c825922c-8499-4d06-bbc0-08abc9a8124c-groupManagement] INFO  server.RaftServerConfigKeys (ConfUtils.java:logGet(46)) - raft.server.log.appender.install.snapshot.enabled = false (custom)
2025-04-17 16:40:28,764 [c825922c-8499-4d06-bbc0-08abc9a8124c-groupManagement] INFO  server.RaftServerConfigKeys (ConfUtils.java:logGet(46)) - raft.server.threadpool.server.cached = true (default)
2025-04-17 16:40:28,764 [c825922c-8499-4d06-bbc0-08abc9a8124c-groupManagement] INFO  server.RaftServerConfigKeys (ConfUtils.java:logGet(46)) - raft.server.threadpool.server.size = 0 (default)
2025-04-17 16:40:28,764 [c825922c-8499-4d06-bbc0-08abc9a8124c-groupManagement] INFO  server.RaftServerConfigKeys (ConfUtils.java:logGet(46)) - raft.server.threadpool.client.cached = true (default)
2025-04-17 16:40:28,764 [c825922c-8499-4d06-bbc0-08abc9a8124c-groupManagement] INFO  server.RaftServerConfigKeys (ConfUtils.java:logGet(46)) - raft.server.threadpool.client.size = 0 (default)
2025-04-17 16:40:28,764 [c825922c-8499-4d06-bbc0-08abc9a8124c-groupManagement] INFO  server.RaftServerConfigKeys (ConfUtils.java:logGet(46)) - raft.server.storage.free-space.min = 0MB (=0) (default)
2025-04-17 16:40:28,764 [c825922c-8499-4d06-bbc0-08abc9a8124c-groupManagement] INFO  server.RaftServerConfigKeys (ConfUtils.java:logGet(46)) - raft.server.log.corruption.policy = EXCEPTION (default)
2025-04-17 16:40:28,764 [c825922c-8499-4d06-bbc0-08abc9a8124c-groupManagement] INFO  server.RaftServerConfigKeys (ConfUtils.java:logGet(46)) - raft.server.storage.dir = [/home/runner/work/ozone/ozone/hadoop-ozone/integration-test/target/test-dir/MiniOzoneClusterImpl-26e726f8-5cec-4c14-bf14-45d4895febc0/ozone-meta/datanode-1/ratis] (custom)
2025-04-17 16:40:28,764 [c825922c-8499-4d06-bbc0-08abc9a8124c-groupManagement] INFO  storage.RaftStorageDirectory (RaftStorageDirectoryImpl.java:analyzeStorage(138)) - The storage directory /home/runner/work/ozone/ozone/hadoop-ozone/integration-test/target/test-dir/MiniOzoneClusterImpl-26e726f8-5cec-4c14-bf14-45d4895febc0/ozone-meta/datanode-1/ratis/e78d0e28-68e8-4b64-8716-3a10b81f0950 does not exist. Creating ...
2025-04-17 16:40:28,763 [a6bf55e3-38e4-411e-ac0b-5acdb6a35656-groupManagement] INFO  server.RaftServerConfigKeys (ConfUtils.java:logGet(46)) - raft.server.rpc.timeout.max = 5200ms (custom)
2025-04-17 16:40:28,765 [a6bf55e3-38e4-411e-ac0b-5acdb6a35656-groupManagement] INFO  server.RaftServerConfigKeys (ConfUtils.java:logGet(46)) - raft.server.rpc.sleep.time = 25ms (default)
2025-04-17 16:40:28,765 [a6bf55e3-38e4-411e-ac0b-5acdb6a35656-groupManagement] INFO  server.RaftServerConfigKeys (ConfUtils.java:logGet(46)) - raft.server.rpc.slowness.timeout = 300s (custom)
2025-04-17 16:40:28,765 [a6bf55e3-38e4-411e-ac0b-5acdb6a35656-groupManagement] INFO  server.RaftServerConfigKeys (ConfUtils.java:logGet(46)) - raft.server.leaderelection.leader.step-down.wait-time = 10s (default)
2025-04-17 16:40:28,765 [a6bf55e3-38e4-411e-ac0b-5acdb6a35656-groupManagement] INFO  server.RaftServerConfigKeys (ConfUtils.java:logGet(46)) - raft.server.leaderelection.member.majority-add = false (default)
2025-04-17 16:40:28,765 [a6bf55e3-38e4-411e-ac0b-5acdb6a35656-groupManagement] INFO  server.RaftServerConfigKeys (ConfUtils.java:logGet(46)) - raft.server.sleep.deviation.threshold = 300ms (default)
2025-04-17 16:40:28,765 [a6bf55e3-38e4-411e-ac0b-5acdb6a35656-groupManagement] INFO  server.RaftServer$Division (ServerState.java:<init>(114)) - a6bf55e3-38e4-411e-ac0b-5acdb6a35656@group-C713F1B5C815: ConfigurationManager, init=conf: {index: -1, cur=peers:[a6bf55e3-38e4-411e-ac0b-5acdb6a35656|127.0.0.1:15031]|listeners:[], old=null}, confs=<EMPTY_MAP>
2025-04-17 16:40:28,765 [a6bf55e3-38e4-411e-ac0b-5acdb6a35656-groupManagement] INFO  server.RaftServerConfigKeys (ConfUtils.java:logGet(46)) - raft.server.notification.no-leader.timeout = 300s (custom)
2025-04-17 16:40:28,765 [a6bf55e3-38e4-411e-ac0b-5acdb6a35656-groupManagement] INFO  server.RaftServerConfigKeys (ConfUtils.java:logGet(46)) - raft.server.read.timeout = 10s (default)
2025-04-17 16:40:28,765 [a6bf55e3-38e4-411e-ac0b-5acdb6a35656-groupManagement] INFO  server.RaftServerConfigKeys (ConfUtils.java:logGet(46)) - raft.server.retrycache.expirytime = 600000ms (custom)
2025-04-17 16:40:28,765 [a6bf55e3-38e4-411e-ac0b-5acdb6a35656-groupManagement] INFO  server.RaftServerConfigKeys (ConfUtils.java:logGet(46)) - raft.server.retrycache.statistics.expirytime = 100ms (default)
2025-04-17 16:40:28,765 [a6bf55e3-38e4-411e-ac0b-5acdb6a35656-groupManagement] INFO  server.RaftServerConfigKeys (ConfUtils.java:logGet(46)) - raft.server.read.option = DEFAULT (default)
2025-04-17 16:40:28,765 [a6bf55e3-38e4-411e-ac0b-5acdb6a35656-groupManagement] INFO  server.RaftServerConfigKeys (ConfUtils.java:logGet(46)) - raft.server.read.read-after-write-consistent.write-index-cache.expiry-time = 60s (default)
2025-04-17 16:40:28,765 [93cc9901-be1a-45f5-9681-0d93e627c426-groupManagement] INFO  util.JmxRegister (JmxRegister.java:tryRegister(44)) - Successfully registered JMX Bean with object name Ratis:service=RaftServer,group=group-3A10B81F0950,id=93cc9901-be1a-45f5-9681-0d93e627c426
2025-04-17 16:40:28,766 [93cc9901-be1a-45f5-9681-0d93e627c426@group-3A10B81F0950-FollowerState] INFO  server.RaftServerConfigKeys (ConfUtils.java:logGet(46)) - raft.server.rpc.first-election.timeout.min = 1000ms (custom)
2025-04-17 16:40:28,766 [93cc9901-be1a-45f5-9681-0d93e627c426@group-3A10B81F0950-FollowerState] INFO  server.RaftServerConfigKeys (ConfUtils.java:logGet(46)) - raft.server.rpc.first-election.timeout.max = 1200ms (custom)
2025-04-17 16:40:28,766 [93cc9901-be1a-45f5-9681-0d93e627c426-groupManagement] INFO  util.JmxRegister (JmxRegister.java:register(58)) - register mxBean class org.apache.ratis.server.impl.RaftServerJmxAdapter as Ratis:service=RaftServer,group=group-3A10B81F0950,id=93cc9901-be1a-45f5-9681-0d93e627c426
2025-04-17 16:40:28,766 [93cc9901-be1a-45f5-9681-0d93e627c426-groupManagement] INFO  server.RaftServerConfigKeys (ConfUtils.java:logGet(46)) - raft.server.snapshot.trigger-when-stop.enabled = true (default)
2025-04-17 16:40:28,766 [93cc9901-be1a-45f5-9681-0d93e627c426-groupManagement] INFO  server.RaftServerConfigKeys (ConfUtils.java:logGet(46)) - raft.server.snapshot.trigger-when-remove.enabled = true (default)
2025-04-17 16:40:28,766 [93cc9901-be1a-45f5-9681-0d93e627c426-groupManagement] INFO  server.RaftServerConfigKeys (ConfUtils.java:logGet(46)) - raft.server.snapshot.auto.trigger.enabled = true (custom)
2025-04-17 16:40:28,766 [93cc9901-be1a-45f5-9681-0d93e627c426-groupManagement] INFO  server.RaftServerConfigKeys (ConfUtils.java:logGet(46)) - raft.server.snapshot.auto.trigger.threshold = 100000 (custom)
2025-04-17 16:40:28,766 [93cc9901-be1a-45f5-9681-0d93e627c426-groupManagement] INFO  server.RaftServerConfigKeys (ConfUtils.java:logGet(46)) - raft.server.snapshot.retention.file.num = 5 (custom)
2025-04-17 16:40:28,766 [93cc9901-be1a-45f5-9681-0d93e627c426-groupManagement] INFO  server.RaftServerConfigKeys (ConfUtils.java:logGet(46)) - raft.server.log.purge.upto.snapshot.index = false (default)
2025-04-17 16:40:28,767 [c825922c-8499-4d06-bbc0-08abc9a8124c-groupManagement] INFO  storage.RaftStorageDirectory (RaftStorageDirectoryImpl.java:tryLock(229)) - Lock on /home/runner/work/ozone/ozone/hadoop-ozone/integration-test/target/test-dir/MiniOzoneClusterImpl-26e726f8-5cec-4c14-bf14-45d4895febc0/ozone-meta/datanode-1/ratis/e78d0e28-68e8-4b64-8716-3a10b81f0950/in_use.lock acquired by nodename 85305@fv-az1665-423
2025-04-17 16:40:28,768 [93cc9901-be1a-45f5-9681-0d93e627c426-groupManagement] INFO  server.RaftServer$Division (RaftServerImpl.java:start(405)) - 93cc9901-be1a-45f5-9681-0d93e627c426@group-3A10B81F0950: Successfully started.
2025-04-17 16:40:28,768 [93cc9901-be1a-45f5-9681-0d93e627c426-PipelineCommandHandlerThread-0] INFO  ratis.XceiverServerRatis (XceiverServerRatis.java:addGroup(844)) - Created group PipelineID=e78d0e28-68e8-4b64-8716-3a10b81f0950
2025-04-17 16:40:28,770 [c825922c-8499-4d06-bbc0-08abc9a8124c-groupManagement] INFO  storage.RaftStorage (RaftStorageImpl.java:format(98)) - Storage directory /home/runner/work/ozone/ozone/hadoop-ozone/integration-test/target/test-dir/MiniOzoneClusterImpl-26e726f8-5cec-4c14-bf14-45d4895febc0/ozone-meta/datanode-1/ratis/e78d0e28-68e8-4b64-8716-3a10b81f0950 has been successfully formatted.
2025-04-17 16:40:28,770 [c825922c-8499-4d06-bbc0-08abc9a8124c-groupManagement] INFO  ratis.ContainerStateMachine (ContainerStateMachine.java:initialize(340)) - c825922c-8499-4d06-bbc0-08abc9a8124c: initialize group-3A10B81F0950
2025-04-17 16:40:28,770 [c825922c-8499-4d06-bbc0-08abc9a8124c-groupManagement] INFO  ratis.ContainerStateMachine (ContainerStateMachine.java:loadSnapshot(348)) - group-3A10B81F0950: The snapshot info is null. Setting the last applied index to:(t:0, i:~)
2025-04-17 16:40:28,770 [c825922c-8499-4d06-bbc0-08abc9a8124c-groupManagement] INFO  server.RaftServerConfigKeys (ConfUtils.java:logGet(46)) - raft.server.log.use.memory = false (default)
2025-04-17 16:40:28,772 [c825922c-8499-4d06-bbc0-08abc9a8124c-groupManagement] INFO  server.RaftServerConfigKeys (ConfUtils.java:logGet(46)) - raft.server.log.purge.gap = 1000000 (custom)
2025-04-17 16:40:28,772 [c825922c-8499-4d06-bbc0-08abc9a8124c-groupManagement] INFO  server.RaftServerConfigKeys (ConfUtils.java:logGet(46)) - raft.server.log.appender.buffer.byte-limit = 33554432 (custom)
2025-04-17 16:40:28,772 [c825922c-8499-4d06-bbc0-08abc9a8124c-groupManagement] INFO  server.RaftServerConfigKeys (ConfUtils.java:logGet(46)) - raft.server.log.statemachine.data.read.timeout = 1000ms (default)
2025-04-17 16:40:28,772 [c825922c-8499-4d06-bbc0-08abc9a8124c-groupManagement] INFO  server.RaftServerConfigKeys (ConfUtils.java:logGet(46)) - raft.server.log.purge.preservation.log.num = 0 (default)
2025-04-17 16:40:28,778 [c825922c-8499-4d06-bbc0-08abc9a8124c-groupManagement] INFO  server.RaftServerConfigKeys (ConfUtils.java:logGet(46)) - raft.server.log.segment.size.max = 67108864 (custom)
2025-04-17 16:40:28,780 [c825922c-8499-4d06-bbc0-08abc9a8124c-groupManagement] INFO  server.RaftServerConfigKeys (ConfUtils.java:logGet(46)) - raft.server.log.segment.cache.num.max = 2 (custom)
2025-04-17 16:40:28,781 [c825922c-8499-4d06-bbc0-08abc9a8124c-groupManagement] INFO  server.RaftServerConfigKeys (ConfUtils.java:logGet(46)) - raft.server.log.segment.cache.size.max = 200MB (=209715200) (default)
2025-04-17 16:40:28,781 [a6bf55e3-38e4-411e-ac0b-5acdb6a35656-groupManagement] INFO  server.RaftServerConfigKeys (ConfUtils.java:logGet(46)) - raft.server.rpc.request.timeout = 60s (custom)
2025-04-17 16:40:28,782 [a6bf55e3-38e4-411e-ac0b-5acdb6a35656-groupManagement] INFO  server.RaftServerConfigKeys (ConfUtils.java:logGet(46)) - raft.server.log.appender.install.snapshot.enabled = false (custom)
2025-04-17 16:40:28,781 [grpc-default-executor-0] INFO  server.RaftServer (RaftServerProxy.java:addNew(100)) - a6bf55e3-38e4-411e-ac0b-5acdb6a35656: addNew group-3A10B81F0950:[c825922c-8499-4d06-bbc0-08abc9a8124c|127.0.0.1:15015, a6bf55e3-38e4-411e-ac0b-5acdb6a35656|127.0.0.1:15031, 93cc9901-be1a-45f5-9681-0d93e627c426|127.0.0.1:15023] returns group-3A10B81F0950:java.util.concurrent.CompletableFuture@55c293db[Not completed]
2025-04-17 16:40:28,780 [EventQueue-OpenPipelineForHealthyPipelineSafeModeRule] INFO  safemode.SCMSafeModeManager (HealthyPipelineSafeModeRule.java:process(141)) - SCM in safe mode. Healthy pipelines reported count is 0, required healthy pipeline reported count is 1
2025-04-17 16:40:28,783 [a6bf55e3-38e4-411e-ac0b-5acdb6a35656-groupManagement] INFO  server.RaftServerConfigKeys (ConfUtils.java:logGet(46)) - raft.server.threadpool.server.cached = true (default)
2025-04-17 16:40:28,783 [a6bf55e3-38e4-411e-ac0b-5acdb6a35656-groupManagement] INFO  server.RaftServerConfigKeys (ConfUtils.java:logGet(46)) - raft.server.threadpool.server.size = 0 (default)
2025-04-17 16:40:28,783 [a6bf55e3-38e4-411e-ac0b-5acdb6a35656-groupManagement] INFO  server.RaftServerConfigKeys (ConfUtils.java:logGet(46)) - raft.server.threadpool.client.cached = true (default)
2025-04-17 16:40:28,783 [a6bf55e3-38e4-411e-ac0b-5acdb6a35656-groupManagement] INFO  server.RaftServerConfigKeys (ConfUtils.java:logGet(46)) - raft.server.threadpool.client.size = 0 (default)
2025-04-17 16:40:28,782 [c825922c-8499-4d06-bbc0-08abc9a8124c-groupManagement] INFO  server.RaftServerConfigKeys (ConfUtils.java:logGet(46)) - raft.server.log.appender.buffer.byte-limit = 33554432 (custom)
2025-04-17 16:40:28,785 [c825922c-8499-4d06-bbc0-08abc9a8124c-groupManagement] INFO  util.AwaitToRun (AwaitToRun.java:start(81)) - Thread[#918,c825922c-8499-4d06-bbc0-08abc9a8124c@group-3A10B81F0950-cacheEviction-AwaitToRun,5,main] started
2025-04-17 16:40:28,785 [c825922c-8499-4d06-bbc0-08abc9a8124c-groupManagement] INFO  segmented.SegmentedRaftLogWorker (SegmentedRaftLogWorker.java:<init>(188)) - new c825922c-8499-4d06-bbc0-08abc9a8124c@group-3A10B81F0950-SegmentedRaftLogWorker for RaftStorageImpl:Storage Directory /home/runner/work/ozone/ozone/hadoop-ozone/integration-test/target/test-dir/MiniOzoneClusterImpl-26e726f8-5cec-4c14-bf14-45d4895febc0/ozone-meta/datanode-1/ratis/e78d0e28-68e8-4b64-8716-3a10b81f0950
2025-04-17 16:40:28,785 [c825922c-8499-4d06-bbc0-08abc9a8124c-groupManagement] INFO  server.RaftServerConfigKeys (ConfUtils.java:logGet(46)) - raft.server.log.queue.byte-limit = 4294967296 (custom)
2025-04-17 16:40:28,785 [c825922c-8499-4d06-bbc0-08abc9a8124c-groupManagement] INFO  server.RaftServerConfigKeys (ConfUtils.java:logGet(46)) - raft.server.log.queue.element-limit = 1024 (custom)
2025-04-17 16:40:28,785 [c825922c-8499-4d06-bbc0-08abc9a8124c-groupManagement] INFO  server.RaftServerConfigKeys (ConfUtils.java:logGet(46)) - raft.server.log.segment.size.max = 67108864 (custom)
2025-04-17 16:40:28,785 [c825922c-8499-4d06-bbc0-08abc9a8124c-groupManagement] INFO  server.RaftServerConfigKeys (ConfUtils.java:logGet(46)) - raft.server.log.preallocated.size = 4194304 (custom)
2025-04-17 16:40:28,785 [c825922c-8499-4d06-bbc0-08abc9a8124c-groupManagement] INFO  server.RaftServerConfigKeys (ConfUtils.java:logGet(46)) - raft.server.log.force.sync.num = 128 (default)
2025-04-17 16:40:28,785 [c825922c-8499-4d06-bbc0-08abc9a8124c-groupManagement] INFO  server.RaftServerConfigKeys (ConfUtils.java:logGet(46)) - raft.server.log.statemachine.data.sync = true (default)
2025-04-17 16:40:28,785 [c825922c-8499-4d06-bbc0-08abc9a8124c-groupManagement] INFO  server.RaftServerConfigKeys (ConfUtils.java:logGet(46)) - raft.server.log.statemachine.data.sync.timeout = 10s (default)
2025-04-17 16:40:28,785 [c825922c-8499-4d06-bbc0-08abc9a8124c-groupManagement] INFO  server.RaftServerConfigKeys (ConfUtils.java:logGet(46)) - raft.server.log.statemachine.data.sync.timeout.retry = 30 (custom)
2025-04-17 16:40:28,786 [a6bf55e3-38e4-411e-ac0b-5acdb6a35656-groupManagement] INFO  server.RaftServer$Division (RaftServerImpl.java:<init>(255)) - a6bf55e3-38e4-411e-ac0b-5acdb6a35656: new RaftServerImpl for group-3A10B81F0950:[c825922c-8499-4d06-bbc0-08abc9a8124c|127.0.0.1:15015, a6bf55e3-38e4-411e-ac0b-5acdb6a35656|127.0.0.1:15031, 93cc9901-be1a-45f5-9681-0d93e627c426|127.0.0.1:15023] with ContainerStateMachine:uninitialized
2025-04-17 16:40:28,786 [a6bf55e3-38e4-411e-ac0b-5acdb6a35656-groupManagement] INFO  server.RaftServerConfigKeys (ConfUtils.java:logGet(46)) - raft.server.rpc.timeout.min = 5s (custom)
2025-04-17 16:40:28,786 [a6bf55e3-38e4-411e-ac0b-5acdb6a35656-groupManagement] INFO  server.RaftServerConfigKeys (ConfUtils.java:logGet(46)) - raft.server.rpc.timeout.max = 5200ms (custom)
2025-04-17 16:40:28,786 [a6bf55e3-38e4-411e-ac0b-5acdb6a35656-groupManagement] INFO  server.RaftServerConfigKeys (ConfUtils.java:logGet(46)) - raft.server.rpc.sleep.time = 25ms (default)
2025-04-17 16:40:28,786 [a6bf55e3-38e4-411e-ac0b-5acdb6a35656-groupManagement] INFO  server.RaftServerConfigKeys (ConfUtils.java:logGet(46)) - raft.server.rpc.slowness.timeout = 300s (custom)
2025-04-17 16:40:28,786 [a6bf55e3-38e4-411e-ac0b-5acdb6a35656-groupManagement] INFO  server.RaftServerConfigKeys (ConfUtils.java:logGet(46)) - raft.server.leaderelection.leader.step-down.wait-time = 10s (default)
2025-04-17 16:40:28,786 [a6bf55e3-38e4-411e-ac0b-5acdb6a35656-groupManagement] INFO  server.RaftServerConfigKeys (ConfUtils.java:logGet(46)) - raft.server.leaderelection.member.majority-add = false (default)
2025-04-17 16:40:28,786 [a6bf55e3-38e4-411e-ac0b-5acdb6a35656-groupManagement] INFO  server.RaftServerConfigKeys (ConfUtils.java:logGet(46)) - raft.server.sleep.deviation.threshold = 300ms (default)
2025-04-17 16:40:28,786 [a6bf55e3-38e4-411e-ac0b-5acdb6a35656-groupManagement] INFO  server.RaftServer$Division (ServerState.java:<init>(114)) - a6bf55e3-38e4-411e-ac0b-5acdb6a35656@group-3A10B81F0950: ConfigurationManager, init=conf: {index: -1, cur=peers:[c825922c-8499-4d06-bbc0-08abc9a8124c|127.0.0.1:15015, a6bf55e3-38e4-411e-ac0b-5acdb6a35656|127.0.0.1:15031, 93cc9901-be1a-45f5-9681-0d93e627c426|127.0.0.1:15023]|listeners:[], old=null}, confs=<EMPTY_MAP>
2025-04-17 16:40:28,786 [a6bf55e3-38e4-411e-ac0b-5acdb6a35656-groupManagement] INFO  server.RaftServerConfigKeys (ConfUtils.java:logGet(46)) - raft.server.notification.no-leader.timeout = 300s (custom)
2025-04-17 16:40:28,786 [a6bf55e3-38e4-411e-ac0b-5acdb6a35656-groupManagement] INFO  server.RaftServerConfigKeys (ConfUtils.java:logGet(46)) - raft.server.read.timeout = 10s (default)
2025-04-17 16:40:28,786 [a6bf55e3-38e4-411e-ac0b-5acdb6a35656-groupManagement] INFO  server.RaftServerConfigKeys (ConfUtils.java:logGet(46)) - raft.server.retrycache.expirytime = 600000ms (custom)
2025-04-17 16:40:28,786 [a6bf55e3-38e4-411e-ac0b-5acdb6a35656-groupManagement] INFO  server.RaftServerConfigKeys (ConfUtils.java:logGet(46)) - raft.server.retrycache.statistics.expirytime = 100ms (default)
2025-04-17 16:40:28,787 [a6bf55e3-38e4-411e-ac0b-5acdb6a35656-groupManagement] INFO  server.RaftServerConfigKeys (ConfUtils.java:logGet(46)) - raft.server.read.option = DEFAULT (default)
2025-04-17 16:40:28,787 [a6bf55e3-38e4-411e-ac0b-5acdb6a35656-groupManagement] INFO  server.RaftServerConfigKeys (ConfUtils.java:logGet(46)) - raft.server.read.read-after-write-consistent.write-index-cache.expiry-time = 60s (default)
2025-04-17 16:40:28,786 [c825922c-8499-4d06-bbc0-08abc9a8124c-groupManagement] INFO  server.RaftServerConfigKeys (ConfUtils.java:logGet(46)) - raft.server.log.write.buffer.size = 33554440 (custom)
2025-04-17 16:40:28,791 [a6bf55e3-38e4-411e-ac0b-5acdb6a35656-groupManagement] INFO  server.RaftServerConfigKeys (ConfUtils.java:logGet(46)) - raft.server.rpc.request.timeout = 60s (custom)
2025-04-17 16:40:28,792 [a6bf55e3-38e4-411e-ac0b-5acdb6a35656-groupManagement] INFO  server.RaftServerConfigKeys (ConfUtils.java:logGet(46)) - raft.server.log.appender.install.snapshot.enabled = false (custom)
2025-04-17 16:40:28,792 [a6bf55e3-38e4-411e-ac0b-5acdb6a35656-groupManagement] INFO  server.RaftServerConfigKeys (ConfUtils.java:logGet(46)) - raft.server.threadpool.server.cached = true (default)
2025-04-17 16:40:28,792 [a6bf55e3-38e4-411e-ac0b-5acdb6a35656-groupManagement] INFO  server.RaftServerConfigKeys (ConfUtils.java:logGet(46)) - raft.server.threadpool.server.size = 0 (default)
2025-04-17 16:40:28,792 [a6bf55e3-38e4-411e-ac0b-5acdb6a35656-groupManagement] INFO  server.RaftServerConfigKeys (ConfUtils.java:logGet(46)) - raft.server.threadpool.client.cached = true (default)
2025-04-17 16:40:28,792 [a6bf55e3-38e4-411e-ac0b-5acdb6a35656-groupManagement] INFO  server.RaftServerConfigKeys (ConfUtils.java:logGet(46)) - raft.server.threadpool.client.size = 0 (default)
2025-04-17 16:40:28,792 [a6bf55e3-38e4-411e-ac0b-5acdb6a35656-groupManagement] INFO  server.RaftServerConfigKeys (ConfUtils.java:logGet(46)) - raft.server.storage.free-space.min = 0MB (=0) (default)
2025-04-17 16:40:28,792 [a6bf55e3-38e4-411e-ac0b-5acdb6a35656-groupManagement] INFO  server.RaftServerConfigKeys (ConfUtils.java:logGet(46)) - raft.server.log.corruption.policy = EXCEPTION (default)
2025-04-17 16:40:28,792 [a6bf55e3-38e4-411e-ac0b-5acdb6a35656-groupManagement] INFO  server.RaftServerConfigKeys (ConfUtils.java:logGet(46)) - raft.server.storage.dir = [/home/runner/work/ozone/ozone/hadoop-ozone/integration-test/target/test-dir/MiniOzoneClusterImpl-26e726f8-5cec-4c14-bf14-45d4895febc0/ozone-meta/datanode-3/ratis] (custom)
2025-04-17 16:40:28,792 [a6bf55e3-38e4-411e-ac0b-5acdb6a35656-groupManagement] INFO  storage.RaftStorageDirectory (RaftStorageDirectoryImpl.java:analyzeStorage(138)) - The storage directory /home/runner/work/ozone/ozone/hadoop-ozone/integration-test/target/test-dir/MiniOzoneClusterImpl-26e726f8-5cec-4c14-bf14-45d4895febc0/ozone-meta/datanode-3/ratis/9d238378-5046-4bed-a6e5-c713f1b5c815 does not exist. Creating ...
2025-04-17 16:40:28,794 [a6bf55e3-38e4-411e-ac0b-5acdb6a35656-groupManagement] INFO  storage.RaftStorageDirectory (RaftStorageDirectoryImpl.java:tryLock(229)) - Lock on /home/runner/work/ozone/ozone/hadoop-ozone/integration-test/target/test-dir/MiniOzoneClusterImpl-26e726f8-5cec-4c14-bf14-45d4895febc0/ozone-meta/datanode-3/ratis/9d238378-5046-4bed-a6e5-c713f1b5c815/in_use.lock acquired by nodename 85305@fv-az1665-423
2025-04-17 16:40:28,795 [c825922c-8499-4d06-bbc0-08abc9a8124c-groupManagement] INFO  server.RaftServerConfigKeys (ConfUtils.java:logGet(46)) - raft.server.log.appender.buffer.byte-limit = 33554432 (custom)
2025-04-17 16:40:28,795 [c825922c-8499-4d06-bbc0-08abc9a8124c-groupManagement] INFO  server.RaftServerConfigKeys (ConfUtils.java:logGet(46)) - raft.server.log.unsafe-flush.enabled = false (default)
2025-04-17 16:40:28,795 [c825922c-8499-4d06-bbc0-08abc9a8124c-groupManagement] INFO  server.RaftServerConfigKeys (ConfUtils.java:logGet(46)) - raft.server.log.async-flush.enabled = false (default)
2025-04-17 16:40:28,795 [c825922c-8499-4d06-bbc0-08abc9a8124c-groupManagement] INFO  server.RaftServerConfigKeys (ConfUtils.java:logGet(46)) - raft.server.log.statemachine.data.caching.enabled = true (custom)
2025-04-17 16:40:28,795 [c825922c-8499-4d06-bbc0-08abc9a8124c-groupManagement] INFO  segmented.SegmentedRaftLogWorker (SegmentedRaftLogWorker.java:lambda$new$0(139)) - c825922c-8499-4d06-bbc0-08abc9a8124c@group-3A10B81F0950-SegmentedRaftLogWorker: flushIndex: setUnconditionally 0 -> -1
2025-04-17 16:40:28,795 [c825922c-8499-4d06-bbc0-08abc9a8124c-groupManagement] INFO  segmented.SegmentedRaftLogWorker (SegmentedRaftLogWorker.java:lambda$new$0(139)) - c825922c-8499-4d06-bbc0-08abc9a8124c@group-3A10B81F0950-SegmentedRaftLogWorker: safeCacheEvictIndex: setUnconditionally 0 -> -1
2025-04-17 16:40:28,796 [a6bf55e3-38e4-411e-ac0b-5acdb6a35656-groupManagement] INFO  storage.RaftStorage (RaftStorageImpl.java:format(98)) - Storage directory /home/runner/work/ozone/ozone/hadoop-ozone/integration-test/target/test-dir/MiniOzoneClusterImpl-26e726f8-5cec-4c14-bf14-45d4895febc0/ozone-meta/datanode-3/ratis/9d238378-5046-4bed-a6e5-c713f1b5c815 has been successfully formatted.
2025-04-17 16:40:28,797 [c825922c-8499-4d06-bbc0-08abc9a8124c-groupManagement] INFO  server.RaftServer$Division (RaftServerImpl.java:start(391)) - c825922c-8499-4d06-bbc0-08abc9a8124c@group-3A10B81F0950: start as a follower, conf=conf: {index: -1, cur=peers:[c825922c-8499-4d06-bbc0-08abc9a8124c|127.0.0.1:15015, a6bf55e3-38e4-411e-ac0b-5acdb6a35656|127.0.0.1:15031, 93cc9901-be1a-45f5-9681-0d93e627c426|127.0.0.1:15023]|listeners:[], old=null}
2025-04-17 16:40:28,797 [c825922c-8499-4d06-bbc0-08abc9a8124c-groupManagement] INFO  server.RaftServer$Division (RaftServerImpl.java:setRole(378)) - c825922c-8499-4d06-bbc0-08abc9a8124c@group-3A10B81F0950: changes role from      null to FOLLOWER at term 0 for startAsFollower
2025-04-17 16:40:28,797 [c825922c-8499-4d06-bbc0-08abc9a8124c-groupManagement] INFO  impl.RoleInfo (RoleInfo.java:updateAndGet(148)) - c825922c-8499-4d06-bbc0-08abc9a8124c: start c825922c-8499-4d06-bbc0-08abc9a8124c@group-3A10B81F0950-FollowerState
2025-04-17 16:40:28,797 [a6bf55e3-38e4-411e-ac0b-5acdb6a35656-groupManagement] INFO  ratis.ContainerStateMachine (ContainerStateMachine.java:initialize(340)) - a6bf55e3-38e4-411e-ac0b-5acdb6a35656: initialize group-C713F1B5C815
2025-04-17 16:40:28,797 [a6bf55e3-38e4-411e-ac0b-5acdb6a35656-groupManagement] INFO  ratis.ContainerStateMachine (ContainerStateMachine.java:loadSnapshot(348)) - group-C713F1B5C815: The snapshot info is null. Setting the last applied index to:(t:0, i:~)
2025-04-17 16:40:28,798 [a6bf55e3-38e4-411e-ac0b-5acdb6a35656-groupManagement] INFO  server.RaftServerConfigKeys (ConfUtils.java:logGet(46)) - raft.server.log.use.memory = false (default)
2025-04-17 16:40:28,798 [a6bf55e3-38e4-411e-ac0b-5acdb6a35656-groupManagement] INFO  server.RaftServerConfigKeys (ConfUtils.java:logGet(46)) - raft.server.log.purge.gap = 1000000 (custom)
2025-04-17 16:40:28,798 [a6bf55e3-38e4-411e-ac0b-5acdb6a35656-groupManagement] INFO  server.RaftServerConfigKeys (ConfUtils.java:logGet(46)) - raft.server.log.appender.buffer.byte-limit = 33554432 (custom)
2025-04-17 16:40:28,798 [a6bf55e3-38e4-411e-ac0b-5acdb6a35656-groupManagement] INFO  server.RaftServerConfigKeys (ConfUtils.java:logGet(46)) - raft.server.log.statemachine.data.read.timeout = 1000ms (default)
2025-04-17 16:40:28,798 [a6bf55e3-38e4-411e-ac0b-5acdb6a35656-groupManagement] INFO  server.RaftServerConfigKeys (ConfUtils.java:logGet(46)) - raft.server.log.purge.preservation.log.num = 0 (default)
2025-04-17 16:40:28,799 [c825922c-8499-4d06-bbc0-08abc9a8124c@group-3A10B81F0950-FollowerState] INFO  server.RaftServerConfigKeys (ConfUtils.java:logGet(46)) - raft.server.rpc.first-election.timeout.min = 1000ms (custom)
2025-04-17 16:40:28,799 [c825922c-8499-4d06-bbc0-08abc9a8124c@group-3A10B81F0950-FollowerState] INFO  server.RaftServerConfigKeys (ConfUtils.java:logGet(46)) - raft.server.rpc.first-election.timeout.max = 1200ms (custom)
2025-04-17 16:40:28,799 [c825922c-8499-4d06-bbc0-08abc9a8124c-groupManagement] INFO  util.JmxRegister (JmxRegister.java:tryRegister(44)) - Successfully registered JMX Bean with object name Ratis:service=RaftServer,group=group-3A10B81F0950,id=c825922c-8499-4d06-bbc0-08abc9a8124c
2025-04-17 16:40:28,799 [c825922c-8499-4d06-bbc0-08abc9a8124c-groupManagement] INFO  util.JmxRegister (JmxRegister.java:register(58)) - register mxBean class org.apache.ratis.server.impl.RaftServerJmxAdapter as Ratis:service=RaftServer,group=group-3A10B81F0950,id=c825922c-8499-4d06-bbc0-08abc9a8124c
2025-04-17 16:40:28,799 [c825922c-8499-4d06-bbc0-08abc9a8124c-groupManagement] INFO  server.RaftServerConfigKeys (ConfUtils.java:logGet(46)) - raft.server.snapshot.trigger-when-stop.enabled = true (default)
2025-04-17 16:40:28,799 [c825922c-8499-4d06-bbc0-08abc9a8124c-groupManagement] INFO  server.RaftServerConfigKeys (ConfUtils.java:logGet(46)) - raft.server.snapshot.trigger-when-remove.enabled = true (default)
2025-04-17 16:40:28,799 [c825922c-8499-4d06-bbc0-08abc9a8124c-groupManagement] INFO  server.RaftServerConfigKeys (ConfUtils.java:logGet(46)) - raft.server.snapshot.auto.trigger.enabled = true (custom)
2025-04-17 16:40:28,799 [c825922c-8499-4d06-bbc0-08abc9a8124c-groupManagement] INFO  server.RaftServerConfigKeys (ConfUtils.java:logGet(46)) - raft.server.snapshot.auto.trigger.threshold = 100000 (custom)
2025-04-17 16:40:28,799 [c825922c-8499-4d06-bbc0-08abc9a8124c-groupManagement] INFO  server.RaftServerConfigKeys (ConfUtils.java:logGet(46)) - raft.server.snapshot.retention.file.num = 5 (custom)
2025-04-17 16:40:28,799 [c825922c-8499-4d06-bbc0-08abc9a8124c-groupManagement] INFO  server.RaftServerConfigKeys (ConfUtils.java:logGet(46)) - raft.server.log.purge.upto.snapshot.index = false (default)
2025-04-17 16:40:28,803 [c825922c-8499-4d06-bbc0-08abc9a8124c-groupManagement] INFO  server.RaftServer$Division (RaftServerImpl.java:start(405)) - c825922c-8499-4d06-bbc0-08abc9a8124c@group-3A10B81F0950: Successfully started.
2025-04-17 16:40:28,804 [a6bf55e3-38e4-411e-ac0b-5acdb6a35656-groupManagement] INFO  server.RaftServerConfigKeys (ConfUtils.java:logGet(46)) - raft.server.log.segment.size.max = 67108864 (custom)
2025-04-17 16:40:28,804 [a6bf55e3-38e4-411e-ac0b-5acdb6a35656-groupManagement] INFO  server.RaftServerConfigKeys (ConfUtils.java:logGet(46)) - raft.server.log.segment.cache.num.max = 2 (custom)
2025-04-17 16:40:28,804 [a6bf55e3-38e4-411e-ac0b-5acdb6a35656-groupManagement] INFO  server.RaftServerConfigKeys (ConfUtils.java:logGet(46)) - raft.server.log.segment.cache.size.max = 200MB (=209715200) (default)
2025-04-17 16:40:28,805 [a6bf55e3-38e4-411e-ac0b-5acdb6a35656-groupManagement] INFO  server.RaftServerConfigKeys (ConfUtils.java:logGet(46)) - raft.server.log.appender.buffer.byte-limit = 33554432 (custom)
2025-04-17 16:40:28,804 [50f19a77-e23b-421f-a833-5664bb01cf1c@group-45D4895FEBC0-StateMachineUpdater] INFO  safemode.HealthyPipelineSafeModeRule (HealthyPipelineSafeModeRule.java:initializeRule(174)) - Refreshed total pipeline count is 0, healthy pipeline threshold count is 1
2025-04-17 16:40:28,804 [c825922c-8499-4d06-bbc0-08abc9a8124c-PipelineCommandHandlerThread-0] INFO  ratis.XceiverServerRatis (XceiverServerRatis.java:addGroup(844)) - Created group PipelineID=e78d0e28-68e8-4b64-8716-3a10b81f0950
2025-04-17 16:40:28,806 [EventQueue-PipelineReportForPipelineReportHandler] INFO  pipeline.PipelineReportHandler (PipelineReportHandler.java:processPipelineReport(134)) - Opened pipeline PipelineID=9d238378-5046-4bed-a6e5-c713f1b5c815
2025-04-17 16:40:28,806 [EventQueue-OpenPipelineForHealthyPipelineSafeModeRule] INFO  safemode.SCMSafeModeManager (HealthyPipelineSafeModeRule.java:process(141)) - SCM in safe mode. Healthy pipelines reported count is 0, required healthy pipeline reported count is 1
2025-04-17 16:40:28,807 [a6bf55e3-38e4-411e-ac0b-5acdb6a35656-groupManagement] INFO  util.AwaitToRun (AwaitToRun.java:start(81)) - Thread[#922,a6bf55e3-38e4-411e-ac0b-5acdb6a35656@group-C713F1B5C815-cacheEviction-AwaitToRun,5,main] started
2025-04-17 16:40:28,807 [a6bf55e3-38e4-411e-ac0b-5acdb6a35656-groupManagement] INFO  segmented.SegmentedRaftLogWorker (SegmentedRaftLogWorker.java:<init>(188)) - new a6bf55e3-38e4-411e-ac0b-5acdb6a35656@group-C713F1B5C815-SegmentedRaftLogWorker for RaftStorageImpl:Storage Directory /home/runner/work/ozone/ozone/hadoop-ozone/integration-test/target/test-dir/MiniOzoneClusterImpl-26e726f8-5cec-4c14-bf14-45d4895febc0/ozone-meta/datanode-3/ratis/9d238378-5046-4bed-a6e5-c713f1b5c815
2025-04-17 16:40:28,807 [a6bf55e3-38e4-411e-ac0b-5acdb6a35656-groupManagement] INFO  server.RaftServerConfigKeys (ConfUtils.java:logGet(46)) - raft.server.log.queue.byte-limit = 4294967296 (custom)
2025-04-17 16:40:28,807 [a6bf55e3-38e4-411e-ac0b-5acdb6a35656-groupManagement] INFO  server.RaftServerConfigKeys (ConfUtils.java:logGet(46)) - raft.server.log.queue.element-limit = 1024 (custom)
2025-04-17 16:40:28,807 [a6bf55e3-38e4-411e-ac0b-5acdb6a35656-groupManagement] INFO  server.RaftServerConfigKeys (ConfUtils.java:logGet(46)) - raft.server.log.segment.size.max = 67108864 (custom)
2025-04-17 16:40:28,807 [a6bf55e3-38e4-411e-ac0b-5acdb6a35656-groupManagement] INFO  server.RaftServerConfigKeys (ConfUtils.java:logGet(46)) - raft.server.log.preallocated.size = 4194304 (custom)
2025-04-17 16:40:28,807 [a6bf55e3-38e4-411e-ac0b-5acdb6a35656-groupManagement] INFO  server.RaftServerConfigKeys (ConfUtils.java:logGet(46)) - raft.server.log.force.sync.num = 128 (default)
2025-04-17 16:40:28,807 [a6bf55e3-38e4-411e-ac0b-5acdb6a35656-groupManagement] INFO  server.RaftServerConfigKeys (ConfUtils.java:logGet(46)) - raft.server.log.statemachine.data.sync = true (default)
2025-04-17 16:40:28,807 [a6bf55e3-38e4-411e-ac0b-5acdb6a35656-groupManagement] INFO  server.RaftServerConfigKeys (ConfUtils.java:logGet(46)) - raft.server.log.statemachine.data.sync.timeout = 10s (default)
2025-04-17 16:40:28,807 [a6bf55e3-38e4-411e-ac0b-5acdb6a35656-groupManagement] INFO  server.RaftServerConfigKeys (ConfUtils.java:logGet(46)) - raft.server.log.statemachine.data.sync.timeout.retry = 30 (custom)
2025-04-17 16:40:28,808 [a6bf55e3-38e4-411e-ac0b-5acdb6a35656-groupManagement] INFO  server.RaftServerConfigKeys (ConfUtils.java:logGet(46)) - raft.server.log.write.buffer.size = 33554440 (custom)
2025-04-17 16:40:28,814 [a6bf55e3-38e4-411e-ac0b-5acdb6a35656-groupManagement] INFO  server.RaftServerConfigKeys (ConfUtils.java:logGet(46)) - raft.server.log.appender.buffer.byte-limit = 33554432 (custom)
2025-04-17 16:40:28,815 [a6bf55e3-38e4-411e-ac0b-5acdb6a35656-groupManagement] INFO  server.RaftServerConfigKeys (ConfUtils.java:logGet(46)) - raft.server.log.unsafe-flush.enabled = false (default)
2025-04-17 16:40:28,815 [a6bf55e3-38e4-411e-ac0b-5acdb6a35656-groupManagement] INFO  server.RaftServerConfigKeys (ConfUtils.java:logGet(46)) - raft.server.log.async-flush.enabled = false (default)
2025-04-17 16:40:28,816 [a6bf55e3-38e4-411e-ac0b-5acdb6a35656-groupManagement] INFO  server.RaftServerConfigKeys (ConfUtils.java:logGet(46)) - raft.server.log.statemachine.data.caching.enabled = true (custom)
2025-04-17 16:40:28,816 [a6bf55e3-38e4-411e-ac0b-5acdb6a35656-groupManagement] INFO  segmented.SegmentedRaftLogWorker (SegmentedRaftLogWorker.java:lambda$new$0(139)) - a6bf55e3-38e4-411e-ac0b-5acdb6a35656@group-C713F1B5C815-SegmentedRaftLogWorker: flushIndex: setUnconditionally 0 -> -1
2025-04-17 16:40:28,817 [a6bf55e3-38e4-411e-ac0b-5acdb6a35656-groupManagement] INFO  segmented.SegmentedRaftLogWorker (SegmentedRaftLogWorker.java:lambda$new$0(139)) - a6bf55e3-38e4-411e-ac0b-5acdb6a35656@group-C713F1B5C815-SegmentedRaftLogWorker: safeCacheEvictIndex: setUnconditionally 0 -> -1
2025-04-17 16:40:28,817 [a6bf55e3-38e4-411e-ac0b-5acdb6a35656-groupManagement] INFO  server.RaftServer$Division (RaftServerImpl.java:start(391)) - a6bf55e3-38e4-411e-ac0b-5acdb6a35656@group-C713F1B5C815: start as a follower, conf=conf: {index: -1, cur=peers:[a6bf55e3-38e4-411e-ac0b-5acdb6a35656|127.0.0.1:15031]|listeners:[], old=null}
2025-04-17 16:40:28,818 [a6bf55e3-38e4-411e-ac0b-5acdb6a35656-groupManagement] INFO  server.RaftServer$Division (RaftServerImpl.java:setRole(378)) - a6bf55e3-38e4-411e-ac0b-5acdb6a35656@group-C713F1B5C815: changes role from      null to FOLLOWER at term 0 for startAsFollower
2025-04-17 16:40:28,818 [a6bf55e3-38e4-411e-ac0b-5acdb6a35656-groupManagement] INFO  impl.RoleInfo (RoleInfo.java:updateAndGet(148)) - a6bf55e3-38e4-411e-ac0b-5acdb6a35656: start a6bf55e3-38e4-411e-ac0b-5acdb6a35656@group-C713F1B5C815-FollowerState
2025-04-17 16:40:28,818 [a6bf55e3-38e4-411e-ac0b-5acdb6a35656@group-C713F1B5C815-FollowerState] INFO  server.RaftServerConfigKeys (ConfUtils.java:logGet(46)) - raft.server.rpc.first-election.timeout.min = 1000ms (custom)
2025-04-17 16:40:28,818 [a6bf55e3-38e4-411e-ac0b-5acdb6a35656@group-C713F1B5C815-FollowerState] INFO  server.RaftServerConfigKeys (ConfUtils.java:logGet(46)) - raft.server.rpc.first-election.timeout.max = 1200ms (custom)
2025-04-17 16:40:28,818 [a6bf55e3-38e4-411e-ac0b-5acdb6a35656-groupManagement] INFO  util.JmxRegister (JmxRegister.java:tryRegister(44)) - Successfully registered JMX Bean with object name Ratis:service=RaftServer,group=group-C713F1B5C815,id=a6bf55e3-38e4-411e-ac0b-5acdb6a35656
2025-04-17 16:40:28,818 [a6bf55e3-38e4-411e-ac0b-5acdb6a35656-groupManagement] INFO  util.JmxRegister (JmxRegister.java:register(58)) - register mxBean class org.apache.ratis.server.impl.RaftServerJmxAdapter as Ratis:service=RaftServer,group=group-C713F1B5C815,id=a6bf55e3-38e4-411e-ac0b-5acdb6a35656
2025-04-17 16:40:28,818 [a6bf55e3-38e4-411e-ac0b-5acdb6a35656-groupManagement] INFO  server.RaftServerConfigKeys (ConfUtils.java:logGet(46)) - raft.server.snapshot.trigger-when-stop.enabled = true (default)
2025-04-17 16:40:28,818 [a6bf55e3-38e4-411e-ac0b-5acdb6a35656-groupManagement] INFO  server.RaftServerConfigKeys (ConfUtils.java:logGet(46)) - raft.server.snapshot.trigger-when-remove.enabled = true (default)
2025-04-17 16:40:28,819 [a6bf55e3-38e4-411e-ac0b-5acdb6a35656-groupManagement] INFO  server.RaftServerConfigKeys (ConfUtils.java:logGet(46)) - raft.server.snapshot.auto.trigger.enabled = true (custom)
2025-04-17 16:40:28,819 [a6bf55e3-38e4-411e-ac0b-5acdb6a35656-groupManagement] INFO  server.RaftServerConfigKeys (ConfUtils.java:logGet(46)) - raft.server.snapshot.auto.trigger.threshold = 100000 (custom)
2025-04-17 16:40:28,819 [a6bf55e3-38e4-411e-ac0b-5acdb6a35656-groupManagement] INFO  server.RaftServerConfigKeys (ConfUtils.java:logGet(46)) - raft.server.snapshot.retention.file.num = 5 (custom)
2025-04-17 16:40:28,819 [a6bf55e3-38e4-411e-ac0b-5acdb6a35656-groupManagement] INFO  server.RaftServerConfigKeys (ConfUtils.java:logGet(46)) - raft.server.log.purge.upto.snapshot.index = false (default)
2025-04-17 16:40:28,821 [a6bf55e3-38e4-411e-ac0b-5acdb6a35656-groupManagement] INFO  server.RaftServer$Division (RaftServerImpl.java:start(405)) - a6bf55e3-38e4-411e-ac0b-5acdb6a35656@group-C713F1B5C815: Successfully started.
2025-04-17 16:40:28,821 [a6bf55e3-38e4-411e-ac0b-5acdb6a35656-groupManagement] INFO  server.RaftServerConfigKeys (ConfUtils.java:logGet(46)) - raft.server.storage.free-space.min = 0MB (=0) (default)
2025-04-17 16:40:28,821 [a6bf55e3-38e4-411e-ac0b-5acdb6a35656-groupManagement] INFO  server.RaftServerConfigKeys (ConfUtils.java:logGet(46)) - raft.server.log.corruption.policy = EXCEPTION (default)
2025-04-17 16:40:28,821 [a6bf55e3-38e4-411e-ac0b-5acdb6a35656-groupManagement] INFO  server.RaftServerConfigKeys (ConfUtils.java:logGet(46)) - raft.server.storage.dir = [/home/runner/work/ozone/ozone/hadoop-ozone/integration-test/target/test-dir/MiniOzoneClusterImpl-26e726f8-5cec-4c14-bf14-45d4895febc0/ozone-meta/datanode-3/ratis] (custom)
2025-04-17 16:40:28,821 [a6bf55e3-38e4-411e-ac0b-5acdb6a35656-groupManagement] INFO  storage.RaftStorageDirectory (RaftStorageDirectoryImpl.java:analyzeStorage(138)) - The storage directory /home/runner/work/ozone/ozone/hadoop-ozone/integration-test/target/test-dir/MiniOzoneClusterImpl-26e726f8-5cec-4c14-bf14-45d4895febc0/ozone-meta/datanode-3/ratis/e78d0e28-68e8-4b64-8716-3a10b81f0950 does not exist. Creating ...
2025-04-17 16:40:28,822 [a6bf55e3-38e4-411e-ac0b-5acdb6a35656-PipelineCommandHandlerThread-0] INFO  ratis.XceiverServerRatis (XceiverServerRatis.java:addGroup(844)) - Created group PipelineID=9d238378-5046-4bed-a6e5-c713f1b5c815
2025-04-17 16:40:28,822 [a6bf55e3-38e4-411e-ac0b-5acdb6a35656-PipelineCommandHandlerThread-0] INFO  commandhandler.CreatePipelineCommandHandler (CreatePipelineCommandHandler.java:lambda$handle$2(128)) - Created Pipeline RATIS ONE PipelineID=9d238378-5046-4bed-a6e5-c713f1b5c815.
2025-04-17 16:40:28,823 [a6bf55e3-38e4-411e-ac0b-5acdb6a35656-groupManagement] INFO  storage.RaftStorageDirectory (RaftStorageDirectoryImpl.java:tryLock(229)) - Lock on /home/runner/work/ozone/ozone/hadoop-ozone/integration-test/target/test-dir/MiniOzoneClusterImpl-26e726f8-5cec-4c14-bf14-45d4895febc0/ozone-meta/datanode-3/ratis/e78d0e28-68e8-4b64-8716-3a10b81f0950/in_use.lock acquired by nodename 85305@fv-az1665-423
2025-04-17 16:40:28,825 [a6bf55e3-38e4-411e-ac0b-5acdb6a35656-groupManagement] INFO  storage.RaftStorage (RaftStorageImpl.java:format(98)) - Storage directory /home/runner/work/ozone/ozone/hadoop-ozone/integration-test/target/test-dir/MiniOzoneClusterImpl-26e726f8-5cec-4c14-bf14-45d4895febc0/ozone-meta/datanode-3/ratis/e78d0e28-68e8-4b64-8716-3a10b81f0950 has been successfully formatted.
2025-04-17 16:40:28,827 [main] INFO  ozone.MiniOzoneClusterImpl (MiniOzoneClusterImpl.java:lambda$waitForClusterToBeReady$0(190)) - Nodes are ready. Got 5 of 5 DN Heartbeats.
2025-04-17 16:40:28,828 [main] INFO  ozone.MiniOzoneClusterImpl (MiniOzoneClusterImpl.java:lambda$waitForClusterToBeReady$0(193)) - Waiting for cluster to exit safe mode
2025-04-17 16:40:28,828 [main] INFO  ozone.MiniOzoneClusterImpl (MiniOzoneClusterImpl.java:lambda$waitForClusterToBeReady$0(195)) - SCM became leader
2025-04-17 16:40:28,827 [a6bf55e3-38e4-411e-ac0b-5acdb6a35656-groupManagement] INFO  ratis.ContainerStateMachine (ContainerStateMachine.java:initialize(340)) - a6bf55e3-38e4-411e-ac0b-5acdb6a35656: initialize group-3A10B81F0950
2025-04-17 16:40:28,828 [EventQueue-OpenPipelineForHealthyPipelineSafeModeRule] INFO  safemode.SCMSafeModeManager (HealthyPipelineSafeModeRule.java:process(141)) - SCM in safe mode. Healthy pipelines reported count is 0, required healthy pipeline reported count is 1
2025-04-17 16:40:28,828 [a6bf55e3-38e4-411e-ac0b-5acdb6a35656-groupManagement] INFO  ratis.ContainerStateMachine (ContainerStateMachine.java:loadSnapshot(348)) - group-3A10B81F0950: The snapshot info is null. Setting the last applied index to:(t:0, i:~)
2025-04-17 16:40:28,829 [a6bf55e3-38e4-411e-ac0b-5acdb6a35656-groupManagement] INFO  server.RaftServerConfigKeys (ConfUtils.java:logGet(46)) - raft.server.log.use.memory = false (default)
2025-04-17 16:40:28,829 [a6bf55e3-38e4-411e-ac0b-5acdb6a35656-groupManagement] INFO  server.RaftServerConfigKeys (ConfUtils.java:logGet(46)) - raft.server.log.purge.gap = 1000000 (custom)
2025-04-17 16:40:28,829 [a6bf55e3-38e4-411e-ac0b-5acdb6a35656-groupManagement] INFO  server.RaftServerConfigKeys (ConfUtils.java:logGet(46)) - raft.server.log.appender.buffer.byte-limit = 33554432 (custom)
2025-04-17 16:40:28,829 [a6bf55e3-38e4-411e-ac0b-5acdb6a35656-groupManagement] INFO  server.RaftServerConfigKeys (ConfUtils.java:logGet(46)) - raft.server.log.statemachine.data.read.timeout = 1000ms (default)
2025-04-17 16:40:28,829 [a6bf55e3-38e4-411e-ac0b-5acdb6a35656-groupManagement] INFO  server.RaftServerConfigKeys (ConfUtils.java:logGet(46)) - raft.server.log.purge.preservation.log.num = 0 (default)
2025-04-17 16:40:28,832 [a6bf55e3-38e4-411e-ac0b-5acdb6a35656-groupManagement] INFO  server.RaftServerConfigKeys (ConfUtils.java:logGet(46)) - raft.server.log.segment.size.max = 67108864 (custom)
2025-04-17 16:40:28,832 [a6bf55e3-38e4-411e-ac0b-5acdb6a35656-groupManagement] INFO  server.RaftServerConfigKeys (ConfUtils.java:logGet(46)) - raft.server.log.segment.cache.num.max = 2 (custom)
2025-04-17 16:40:28,832 [a6bf55e3-38e4-411e-ac0b-5acdb6a35656-groupManagement] INFO  server.RaftServerConfigKeys (ConfUtils.java:logGet(46)) - raft.server.log.segment.cache.size.max = 200MB (=209715200) (default)
2025-04-17 16:40:28,832 [a6bf55e3-38e4-411e-ac0b-5acdb6a35656-groupManagement] INFO  server.RaftServerConfigKeys (ConfUtils.java:logGet(46)) - raft.server.log.appender.buffer.byte-limit = 33554432 (custom)
2025-04-17 16:40:28,834 [a6bf55e3-38e4-411e-ac0b-5acdb6a35656-groupManagement] INFO  util.AwaitToRun (AwaitToRun.java:start(81)) - Thread[#927,a6bf55e3-38e4-411e-ac0b-5acdb6a35656@group-3A10B81F0950-cacheEviction-AwaitToRun,5,main] started
2025-04-17 16:40:28,835 [a6bf55e3-38e4-411e-ac0b-5acdb6a35656-groupManagement] INFO  segmented.SegmentedRaftLogWorker (SegmentedRaftLogWorker.java:<init>(188)) - new a6bf55e3-38e4-411e-ac0b-5acdb6a35656@group-3A10B81F0950-SegmentedRaftLogWorker for RaftStorageImpl:Storage Directory /home/runner/work/ozone/ozone/hadoop-ozone/integration-test/target/test-dir/MiniOzoneClusterImpl-26e726f8-5cec-4c14-bf14-45d4895febc0/ozone-meta/datanode-3/ratis/e78d0e28-68e8-4b64-8716-3a10b81f0950
2025-04-17 16:40:28,835 [a6bf55e3-38e4-411e-ac0b-5acdb6a35656-groupManagement] INFO  server.RaftServerConfigKeys (ConfUtils.java:logGet(46)) - raft.server.log.queue.byte-limit = 4294967296 (custom)
2025-04-17 16:40:28,835 [a6bf55e3-38e4-411e-ac0b-5acdb6a35656-groupManagement] INFO  server.RaftServerConfigKeys (ConfUtils.java:logGet(46)) - raft.server.log.queue.element-limit = 1024 (custom)
2025-04-17 16:40:28,835 [a6bf55e3-38e4-411e-ac0b-5acdb6a35656-groupManagement] INFO  server.RaftServerConfigKeys (ConfUtils.java:logGet(46)) - raft.server.log.segment.size.max = 67108864 (custom)
2025-04-17 16:40:28,835 [a6bf55e3-38e4-411e-ac0b-5acdb6a35656-groupManagement] INFO  server.RaftServerConfigKeys (ConfUtils.java:logGet(46)) - raft.server.log.preallocated.size = 4194304 (custom)
2025-04-17 16:40:28,835 [a6bf55e3-38e4-411e-ac0b-5acdb6a35656-groupManagement] INFO  server.RaftServerConfigKeys (ConfUtils.java:logGet(46)) - raft.server.log.force.sync.num = 128 (default)
2025-04-17 16:40:28,835 [a6bf55e3-38e4-411e-ac0b-5acdb6a35656-groupManagement] INFO  server.RaftServerConfigKeys (ConfUtils.java:logGet(46)) - raft.server.log.statemachine.data.sync = true (default)
2025-04-17 16:40:28,835 [a6bf55e3-38e4-411e-ac0b-5acdb6a35656-groupManagement] INFO  server.RaftServerConfigKeys (ConfUtils.java:logGet(46)) - raft.server.log.statemachine.data.sync.timeout = 10s (default)
2025-04-17 16:40:28,836 [a6bf55e3-38e4-411e-ac0b-5acdb6a35656-groupManagement] INFO  server.RaftServerConfigKeys (ConfUtils.java:logGet(46)) - raft.server.log.statemachine.data.sync.timeout.retry = 30 (custom)
2025-04-17 16:40:28,837 [a6bf55e3-38e4-411e-ac0b-5acdb6a35656-groupManagement] INFO  server.RaftServerConfigKeys (ConfUtils.java:logGet(46)) - raft.server.log.write.buffer.size = 33554440 (custom)
2025-04-17 16:40:28,843 [a6bf55e3-38e4-411e-ac0b-5acdb6a35656-groupManagement] INFO  server.RaftServerConfigKeys (ConfUtils.java:logGet(46)) - raft.server.log.appender.buffer.byte-limit = 33554432 (custom)
2025-04-17 16:40:28,844 [a6bf55e3-38e4-411e-ac0b-5acdb6a35656-groupManagement] INFO  server.RaftServerConfigKeys (ConfUtils.java:logGet(46)) - raft.server.log.unsafe-flush.enabled = false (default)
2025-04-17 16:40:28,844 [a6bf55e3-38e4-411e-ac0b-5acdb6a35656-groupManagement] INFO  server.RaftServerConfigKeys (ConfUtils.java:logGet(46)) - raft.server.log.async-flush.enabled = false (default)
2025-04-17 16:40:28,844 [a6bf55e3-38e4-411e-ac0b-5acdb6a35656-groupManagement] INFO  server.RaftServerConfigKeys (ConfUtils.java:logGet(46)) - raft.server.log.statemachine.data.caching.enabled = true (custom)
2025-04-17 16:40:28,844 [a6bf55e3-38e4-411e-ac0b-5acdb6a35656-groupManagement] INFO  segmented.SegmentedRaftLogWorker (SegmentedRaftLogWorker.java:lambda$new$0(139)) - a6bf55e3-38e4-411e-ac0b-5acdb6a35656@group-3A10B81F0950-SegmentedRaftLogWorker: flushIndex: setUnconditionally 0 -> -1
2025-04-17 16:40:28,844 [a6bf55e3-38e4-411e-ac0b-5acdb6a35656-groupManagement] INFO  segmented.SegmentedRaftLogWorker (SegmentedRaftLogWorker.java:lambda$new$0(139)) - a6bf55e3-38e4-411e-ac0b-5acdb6a35656@group-3A10B81F0950-SegmentedRaftLogWorker: safeCacheEvictIndex: setUnconditionally 0 -> -1
2025-04-17 16:40:28,844 [a6bf55e3-38e4-411e-ac0b-5acdb6a35656-groupManagement] INFO  server.RaftServer$Division (RaftServerImpl.java:start(391)) - a6bf55e3-38e4-411e-ac0b-5acdb6a35656@group-3A10B81F0950: start as a follower, conf=conf: {index: -1, cur=peers:[c825922c-8499-4d06-bbc0-08abc9a8124c|127.0.0.1:15015, a6bf55e3-38e4-411e-ac0b-5acdb6a35656|127.0.0.1:15031, 93cc9901-be1a-45f5-9681-0d93e627c426|127.0.0.1:15023]|listeners:[], old=null}
2025-04-17 16:40:28,845 [a6bf55e3-38e4-411e-ac0b-5acdb6a35656-groupManagement] INFO  server.RaftServer$Division (RaftServerImpl.java:setRole(378)) - a6bf55e3-38e4-411e-ac0b-5acdb6a35656@group-3A10B81F0950: changes role from      null to FOLLOWER at term 0 for startAsFollower
2025-04-17 16:40:28,845 [a6bf55e3-38e4-411e-ac0b-5acdb6a35656-groupManagement] INFO  impl.RoleInfo (RoleInfo.java:updateAndGet(148)) - a6bf55e3-38e4-411e-ac0b-5acdb6a35656: start a6bf55e3-38e4-411e-ac0b-5acdb6a35656@group-3A10B81F0950-FollowerState
2025-04-17 16:40:28,845 [a6bf55e3-38e4-411e-ac0b-5acdb6a35656-groupManagement] INFO  util.JmxRegister (JmxRegister.java:tryRegister(44)) - Successfully registered JMX Bean with object name Ratis:service=RaftServer,group=group-3A10B81F0950,id=a6bf55e3-38e4-411e-ac0b-5acdb6a35656
2025-04-17 16:40:28,845 [a6bf55e3-38e4-411e-ac0b-5acdb6a35656-groupManagement] INFO  util.JmxRegister (JmxRegister.java:register(58)) - register mxBean class org.apache.ratis.server.impl.RaftServerJmxAdapter as Ratis:service=RaftServer,group=group-3A10B81F0950,id=a6bf55e3-38e4-411e-ac0b-5acdb6a35656
2025-04-17 16:40:28,845 [a6bf55e3-38e4-411e-ac0b-5acdb6a35656-groupManagement] INFO  server.RaftServerConfigKeys (ConfUtils.java:logGet(46)) - raft.server.snapshot.trigger-when-stop.enabled = true (default)
2025-04-17 16:40:28,845 [a6bf55e3-38e4-411e-ac0b-5acdb6a35656-groupManagement] INFO  server.RaftServerConfigKeys (ConfUtils.java:logGet(46)) - raft.server.snapshot.trigger-when-remove.enabled = true (default)
2025-04-17 16:40:28,845 [a6bf55e3-38e4-411e-ac0b-5acdb6a35656-groupManagement] INFO  server.RaftServerConfigKeys (ConfUtils.java:logGet(46)) - raft.server.snapshot.auto.trigger.enabled = true (custom)
2025-04-17 16:40:28,845 [a6bf55e3-38e4-411e-ac0b-5acdb6a35656-groupManagement] INFO  server.RaftServerConfigKeys (ConfUtils.java:logGet(46)) - raft.server.snapshot.auto.trigger.threshold = 100000 (custom)
2025-04-17 16:40:28,845 [a6bf55e3-38e4-411e-ac0b-5acdb6a35656-groupManagement] INFO  server.RaftServerConfigKeys (ConfUtils.java:logGet(46)) - raft.server.snapshot.retention.file.num = 5 (custom)
2025-04-17 16:40:28,845 [a6bf55e3-38e4-411e-ac0b-5acdb6a35656-groupManagement] INFO  server.RaftServerConfigKeys (ConfUtils.java:logGet(46)) - raft.server.log.purge.upto.snapshot.index = false (default)
2025-04-17 16:40:28,845 [a6bf55e3-38e4-411e-ac0b-5acdb6a35656@group-3A10B81F0950-FollowerState] INFO  server.RaftServerConfigKeys (ConfUtils.java:logGet(46)) - raft.server.rpc.first-election.timeout.min = 1000ms (custom)
2025-04-17 16:40:28,846 [a6bf55e3-38e4-411e-ac0b-5acdb6a35656@group-3A10B81F0950-FollowerState] INFO  server.RaftServerConfigKeys (ConfUtils.java:logGet(46)) - raft.server.rpc.first-election.timeout.max = 1200ms (custom)
2025-04-17 16:40:28,847 [a6bf55e3-38e4-411e-ac0b-5acdb6a35656-groupManagement] INFO  server.RaftServer$Division (RaftServerImpl.java:start(405)) - a6bf55e3-38e4-411e-ac0b-5acdb6a35656@group-3A10B81F0950: Successfully started.
2025-04-17 16:40:28,854 [c825922c-8499-4d06-bbc0-08abc9a8124c-PipelineCommandHandlerThread-0] INFO  commandhandler.CreatePipelineCommandHandler (CreatePipelineCommandHandler.java:lambda$handle$2(128)) - Created Pipeline RATIS THREE PipelineID=e78d0e28-68e8-4b64-8716-3a10b81f0950.
2025-04-17 16:40:28,865 [93cc9901-be1a-45f5-9681-0d93e627c426-PipelineCommandHandlerThread-0] INFO  commandhandler.CreatePipelineCommandHandler (CreatePipelineCommandHandler.java:lambda$handle$2(128)) - Created Pipeline RATIS THREE PipelineID=e78d0e28-68e8-4b64-8716-3a10b81f0950.
2025-04-17 16:40:29,045 [d6a19b8b-82a2-4947-8b44-7228be6ad053-PipelineCommandHandlerThread-0] INFO  server.RaftServer (RaftServerProxy.java:addNew(100)) - d6a19b8b-82a2-4947-8b44-7228be6ad053: addNew group-6CDEAD350F28:[d6a19b8b-82a2-4947-8b44-7228be6ad053|127.0.0.1:15039] returns group-6CDEAD350F28:java.util.concurrent.CompletableFuture@693daf15[Not completed]
2025-04-17 16:40:29,046 [d6a19b8b-82a2-4947-8b44-7228be6ad053-groupManagement] INFO  server.RaftServer$Division (RaftServerImpl.java:<init>(255)) - d6a19b8b-82a2-4947-8b44-7228be6ad053: new RaftServerImpl for group-6CDEAD350F28:[d6a19b8b-82a2-4947-8b44-7228be6ad053|127.0.0.1:15039] with ContainerStateMachine:uninitialized
2025-04-17 16:40:29,046 [d6a19b8b-82a2-4947-8b44-7228be6ad053-groupManagement] INFO  server.RaftServerConfigKeys (ConfUtils.java:logGet(46)) - raft.server.rpc.timeout.min = 5s (custom)
2025-04-17 16:40:29,047 [d6a19b8b-82a2-4947-8b44-7228be6ad053-groupManagement] INFO  server.RaftServerConfigKeys (ConfUtils.java:logGet(46)) - raft.server.rpc.timeout.max = 5200ms (custom)
2025-04-17 16:40:29,047 [d6a19b8b-82a2-4947-8b44-7228be6ad053-groupManagement] INFO  server.RaftServerConfigKeys (ConfUtils.java:logGet(46)) - raft.server.rpc.sleep.time = 25ms (default)
2025-04-17 16:40:29,047 [d6a19b8b-82a2-4947-8b44-7228be6ad053-groupManagement] INFO  server.RaftServerConfigKeys (ConfUtils.java:logGet(46)) - raft.server.rpc.slowness.timeout = 300s (custom)
2025-04-17 16:40:29,047 [d6a19b8b-82a2-4947-8b44-7228be6ad053-groupManagement] INFO  server.RaftServerConfigKeys (ConfUtils.java:logGet(46)) - raft.server.leaderelection.leader.step-down.wait-time = 10s (default)
2025-04-17 16:40:29,047 [d6a19b8b-82a2-4947-8b44-7228be6ad053-groupManagement] INFO  server.RaftServerConfigKeys (ConfUtils.java:logGet(46)) - raft.server.leaderelection.member.majority-add = false (default)
2025-04-17 16:40:29,047 [d6a19b8b-82a2-4947-8b44-7228be6ad053-groupManagement] INFO  server.RaftServerConfigKeys (ConfUtils.java:logGet(46)) - raft.server.sleep.deviation.threshold = 300ms (default)
2025-04-17 16:40:29,047 [d6a19b8b-82a2-4947-8b44-7228be6ad053-groupManagement] INFO  server.RaftServer$Division (ServerState.java:<init>(114)) - d6a19b8b-82a2-4947-8b44-7228be6ad053@group-6CDEAD350F28: ConfigurationManager, init=conf: {index: -1, cur=peers:[d6a19b8b-82a2-4947-8b44-7228be6ad053|127.0.0.1:15039]|listeners:[], old=null}, confs=<EMPTY_MAP>
2025-04-17 16:40:29,047 [d6a19b8b-82a2-4947-8b44-7228be6ad053-groupManagement] INFO  server.RaftServerConfigKeys (ConfUtils.java:logGet(46)) - raft.server.notification.no-leader.timeout = 300s (custom)
2025-04-17 16:40:29,047 [d6a19b8b-82a2-4947-8b44-7228be6ad053-groupManagement] INFO  server.RaftServerConfigKeys (ConfUtils.java:logGet(46)) - raft.server.read.timeout = 10s (default)
2025-04-17 16:40:29,047 [d6a19b8b-82a2-4947-8b44-7228be6ad053-groupManagement] INFO  server.RaftServerConfigKeys (ConfUtils.java:logGet(46)) - raft.server.retrycache.expirytime = 600000ms (custom)
2025-04-17 16:40:29,047 [d6a19b8b-82a2-4947-8b44-7228be6ad053-groupManagement] INFO  server.RaftServerConfigKeys (ConfUtils.java:logGet(46)) - raft.server.retrycache.statistics.expirytime = 100ms (default)
2025-04-17 16:40:29,047 [d6a19b8b-82a2-4947-8b44-7228be6ad053-groupManagement] INFO  server.RaftServerConfigKeys (ConfUtils.java:logGet(46)) - raft.server.read.option = DEFAULT (default)
2025-04-17 16:40:29,047 [d6a19b8b-82a2-4947-8b44-7228be6ad053-groupManagement] INFO  server.RaftServerConfigKeys (ConfUtils.java:logGet(46)) - raft.server.read.read-after-write-consistent.write-index-cache.expiry-time = 60s (default)
2025-04-17 16:40:29,050 [d6a19b8b-82a2-4947-8b44-7228be6ad053-groupManagement] INFO  server.RaftServerConfigKeys (ConfUtils.java:logGet(46)) - raft.server.rpc.request.timeout = 60s (custom)
2025-04-17 16:40:29,050 [d6a19b8b-82a2-4947-8b44-7228be6ad053-groupManagement] INFO  server.RaftServerConfigKeys (ConfUtils.java:logGet(46)) - raft.server.log.appender.install.snapshot.enabled = false (custom)
2025-04-17 16:40:29,051 [d6a19b8b-82a2-4947-8b44-7228be6ad053-groupManagement] INFO  server.RaftServerConfigKeys (ConfUtils.java:logGet(46)) - raft.server.threadpool.server.cached = true (default)
2025-04-17 16:40:29,051 [d6a19b8b-82a2-4947-8b44-7228be6ad053-groupManagement] INFO  server.RaftServerConfigKeys (ConfUtils.java:logGet(46)) - raft.server.threadpool.server.size = 0 (default)
2025-04-17 16:40:29,051 [d6a19b8b-82a2-4947-8b44-7228be6ad053-groupManagement] INFO  server.RaftServerConfigKeys (ConfUtils.java:logGet(46)) - raft.server.threadpool.client.cached = true (default)
2025-04-17 16:40:29,051 [d6a19b8b-82a2-4947-8b44-7228be6ad053-groupManagement] INFO  server.RaftServerConfigKeys (ConfUtils.java:logGet(46)) - raft.server.threadpool.client.size = 0 (default)
2025-04-17 16:40:29,051 [d6a19b8b-82a2-4947-8b44-7228be6ad053-groupManagement] INFO  server.RaftServerConfigKeys (ConfUtils.java:logGet(46)) - raft.server.storage.free-space.min = 0MB (=0) (default)
2025-04-17 16:40:29,051 [d6a19b8b-82a2-4947-8b44-7228be6ad053-groupManagement] INFO  server.RaftServerConfigKeys (ConfUtils.java:logGet(46)) - raft.server.log.corruption.policy = EXCEPTION (default)
2025-04-17 16:40:29,051 [d6a19b8b-82a2-4947-8b44-7228be6ad053-groupManagement] INFO  server.RaftServerConfigKeys (ConfUtils.java:logGet(46)) - raft.server.storage.dir = [/home/runner/work/ozone/ozone/hadoop-ozone/integration-test/target/test-dir/MiniOzoneClusterImpl-26e726f8-5cec-4c14-bf14-45d4895febc0/ozone-meta/datanode-4/ratis] (custom)
2025-04-17 16:40:29,051 [d6a19b8b-82a2-4947-8b44-7228be6ad053-groupManagement] INFO  storage.RaftStorageDirectory (RaftStorageDirectoryImpl.java:analyzeStorage(138)) - The storage directory /home/runner/work/ozone/ozone/hadoop-ozone/integration-test/target/test-dir/MiniOzoneClusterImpl-26e726f8-5cec-4c14-bf14-45d4895febc0/ozone-meta/datanode-4/ratis/fee43c58-ff5a-4ec2-8da7-6cdead350f28 does not exist. Creating ...
2025-04-17 16:40:29,052 [d6a19b8b-82a2-4947-8b44-7228be6ad053-groupManagement] INFO  storage.RaftStorageDirectory (RaftStorageDirectoryImpl.java:tryLock(229)) - Lock on /home/runner/work/ozone/ozone/hadoop-ozone/integration-test/target/test-dir/MiniOzoneClusterImpl-26e726f8-5cec-4c14-bf14-45d4895febc0/ozone-meta/datanode-4/ratis/fee43c58-ff5a-4ec2-8da7-6cdead350f28/in_use.lock acquired by nodename 85305@fv-az1665-423
2025-04-17 16:40:29,054 [d6a19b8b-82a2-4947-8b44-7228be6ad053-groupManagement] INFO  storage.RaftStorage (RaftStorageImpl.java:format(98)) - Storage directory /home/runner/work/ozone/ozone/hadoop-ozone/integration-test/target/test-dir/MiniOzoneClusterImpl-26e726f8-5cec-4c14-bf14-45d4895febc0/ozone-meta/datanode-4/ratis/fee43c58-ff5a-4ec2-8da7-6cdead350f28 has been successfully formatted.
2025-04-17 16:40:29,054 [d6a19b8b-82a2-4947-8b44-7228be6ad053-groupManagement] INFO  ratis.ContainerStateMachine (ContainerStateMachine.java:initialize(340)) - d6a19b8b-82a2-4947-8b44-7228be6ad053: initialize group-6CDEAD350F28
2025-04-17 16:40:29,054 [d6a19b8b-82a2-4947-8b44-7228be6ad053-groupManagement] INFO  ratis.ContainerStateMachine (ContainerStateMachine.java:loadSnapshot(348)) - group-6CDEAD350F28: The snapshot info is null. Setting the last applied index to:(t:0, i:~)
2025-04-17 16:40:29,054 [d6a19b8b-82a2-4947-8b44-7228be6ad053-groupManagement] INFO  server.RaftServerConfigKeys (ConfUtils.java:logGet(46)) - raft.server.log.use.memory = false (default)
2025-04-17 16:40:29,054 [d6a19b8b-82a2-4947-8b44-7228be6ad053-groupManagement] INFO  server.RaftServerConfigKeys (ConfUtils.java:logGet(46)) - raft.server.log.purge.gap = 1000000 (custom)
2025-04-17 16:40:29,054 [d6a19b8b-82a2-4947-8b44-7228be6ad053-groupManagement] INFO  server.RaftServerConfigKeys (ConfUtils.java:logGet(46)) - raft.server.log.appender.buffer.byte-limit = 33554432 (custom)
2025-04-17 16:40:29,054 [d6a19b8b-82a2-4947-8b44-7228be6ad053-groupManagement] INFO  server.RaftServerConfigKeys (ConfUtils.java:logGet(46)) - raft.server.log.statemachine.data.read.timeout = 1000ms (default)
2025-04-17 16:40:29,054 [d6a19b8b-82a2-4947-8b44-7228be6ad053-groupManagement] INFO  server.RaftServerConfigKeys (ConfUtils.java:logGet(46)) - raft.server.log.purge.preservation.log.num = 0 (default)
2025-04-17 16:40:29,056 [d6a19b8b-82a2-4947-8b44-7228be6ad053-groupManagement] INFO  server.RaftServerConfigKeys (ConfUtils.java:logGet(46)) - raft.server.log.segment.size.max = 67108864 (custom)
2025-04-17 16:40:29,057 [d6a19b8b-82a2-4947-8b44-7228be6ad053-groupManagement] INFO  server.RaftServerConfigKeys (ConfUtils.java:logGet(46)) - raft.server.log.segment.cache.num.max = 2 (custom)
2025-04-17 16:40:29,057 [d6a19b8b-82a2-4947-8b44-7228be6ad053-groupManagement] INFO  server.RaftServerConfigKeys (ConfUtils.java:logGet(46)) - raft.server.log.segment.cache.size.max = 200MB (=209715200) (default)
2025-04-17 16:40:29,057 [d6a19b8b-82a2-4947-8b44-7228be6ad053-groupManagement] INFO  server.RaftServerConfigKeys (ConfUtils.java:logGet(46)) - raft.server.log.appender.buffer.byte-limit = 33554432 (custom)
2025-04-17 16:40:29,057 [d6a19b8b-82a2-4947-8b44-7228be6ad053-groupManagement] INFO  util.AwaitToRun (AwaitToRun.java:start(81)) - Thread[#944,d6a19b8b-82a2-4947-8b44-7228be6ad053@group-6CDEAD350F28-cacheEviction-AwaitToRun,5,main] started
2025-04-17 16:40:29,057 [d6a19b8b-82a2-4947-8b44-7228be6ad053-groupManagement] INFO  segmented.SegmentedRaftLogWorker (SegmentedRaftLogWorker.java:<init>(188)) - new d6a19b8b-82a2-4947-8b44-7228be6ad053@group-6CDEAD350F28-SegmentedRaftLogWorker for RaftStorageImpl:Storage Directory /home/runner/work/ozone/ozone/hadoop-ozone/integration-test/target/test-dir/MiniOzoneClusterImpl-26e726f8-5cec-4c14-bf14-45d4895febc0/ozone-meta/datanode-4/ratis/fee43c58-ff5a-4ec2-8da7-6cdead350f28
2025-04-17 16:40:29,057 [d6a19b8b-82a2-4947-8b44-7228be6ad053-groupManagement] INFO  server.RaftServerConfigKeys (ConfUtils.java:logGet(46)) - raft.server.log.queue.byte-limit = 4294967296 (custom)
2025-04-17 16:40:29,057 [d6a19b8b-82a2-4947-8b44-7228be6ad053-groupManagement] INFO  server.RaftServerConfigKeys (ConfUtils.java:logGet(46)) - raft.server.log.queue.element-limit = 1024 (custom)
2025-04-17 16:40:29,057 [d6a19b8b-82a2-4947-8b44-7228be6ad053-groupManagement] INFO  server.RaftServerConfigKeys (ConfUtils.java:logGet(46)) - raft.server.log.segment.size.max = 67108864 (custom)
2025-04-17 16:40:29,057 [d6a19b8b-82a2-4947-8b44-7228be6ad053-groupManagement] INFO  server.RaftServerConfigKeys (ConfUtils.java:logGet(46)) - raft.server.log.preallocated.size = 4194304 (custom)
2025-04-17 16:40:29,057 [d6a19b8b-82a2-4947-8b44-7228be6ad053-groupManagement] INFO  server.RaftServerConfigKeys (ConfUtils.java:logGet(46)) - raft.server.log.force.sync.num = 128 (default)
2025-04-17 16:40:29,058 [d6a19b8b-82a2-4947-8b44-7228be6ad053-groupManagement] INFO  server.RaftServerConfigKeys (ConfUtils.java:logGet(46)) - raft.server.log.statemachine.data.sync = true (default)
2025-04-17 16:40:29,058 [d6a19b8b-82a2-4947-8b44-7228be6ad053-groupManagement] INFO  server.RaftServerConfigKeys (ConfUtils.java:logGet(46)) - raft.server.log.statemachine.data.sync.timeout = 10s (default)
2025-04-17 16:40:29,058 [d6a19b8b-82a2-4947-8b44-7228be6ad053-groupManagement] INFO  server.RaftServerConfigKeys (ConfUtils.java:logGet(46)) - raft.server.log.statemachine.data.sync.timeout.retry = 30 (custom)
2025-04-17 16:40:29,058 [d6a19b8b-82a2-4947-8b44-7228be6ad053-groupManagement] INFO  server.RaftServerConfigKeys (ConfUtils.java:logGet(46)) - raft.server.log.write.buffer.size = 33554440 (custom)
2025-04-17 16:40:29,063 [d6a19b8b-82a2-4947-8b44-7228be6ad053-groupManagement] INFO  server.RaftServerConfigKeys (ConfUtils.java:logGet(46)) - raft.server.log.appender.buffer.byte-limit = 33554432 (custom)
2025-04-17 16:40:29,063 [d6a19b8b-82a2-4947-8b44-7228be6ad053-groupManagement] INFO  server.RaftServerConfigKeys (ConfUtils.java:logGet(46)) - raft.server.log.unsafe-flush.enabled = false (default)
2025-04-17 16:40:29,063 [d6a19b8b-82a2-4947-8b44-7228be6ad053-groupManagement] INFO  server.RaftServerConfigKeys (ConfUtils.java:logGet(46)) - raft.server.log.async-flush.enabled = false (default)
2025-04-17 16:40:29,063 [d6a19b8b-82a2-4947-8b44-7228be6ad053-groupManagement] INFO  server.RaftServerConfigKeys (ConfUtils.java:logGet(46)) - raft.server.log.statemachine.data.caching.enabled = true (custom)
2025-04-17 16:40:29,064 [d6a19b8b-82a2-4947-8b44-7228be6ad053-groupManagement] INFO  segmented.SegmentedRaftLogWorker (SegmentedRaftLogWorker.java:lambda$new$0(139)) - d6a19b8b-82a2-4947-8b44-7228be6ad053@group-6CDEAD350F28-SegmentedRaftLogWorker: flushIndex: setUnconditionally 0 -> -1
2025-04-17 16:40:29,064 [d6a19b8b-82a2-4947-8b44-7228be6ad053-groupManagement] INFO  segmented.SegmentedRaftLogWorker (SegmentedRaftLogWorker.java:lambda$new$0(139)) - d6a19b8b-82a2-4947-8b44-7228be6ad053@group-6CDEAD350F28-SegmentedRaftLogWorker: safeCacheEvictIndex: setUnconditionally 0 -> -1
2025-04-17 16:40:29,064 [d6a19b8b-82a2-4947-8b44-7228be6ad053-groupManagement] INFO  server.RaftServer$Division (RaftServerImpl.java:start(391)) - d6a19b8b-82a2-4947-8b44-7228be6ad053@group-6CDEAD350F28: start as a follower, conf=conf: {index: -1, cur=peers:[d6a19b8b-82a2-4947-8b44-7228be6ad053|127.0.0.1:15039]|listeners:[], old=null}
2025-04-17 16:40:29,064 [d6a19b8b-82a2-4947-8b44-7228be6ad053-groupManagement] INFO  server.RaftServer$Division (RaftServerImpl.java:setRole(378)) - d6a19b8b-82a2-4947-8b44-7228be6ad053@group-6CDEAD350F28: changes role from      null to FOLLOWER at term 0 for startAsFollower
2025-04-17 16:40:29,064 [d6a19b8b-82a2-4947-8b44-7228be6ad053-groupManagement] INFO  impl.RoleInfo (RoleInfo.java:updateAndGet(148)) - d6a19b8b-82a2-4947-8b44-7228be6ad053: start d6a19b8b-82a2-4947-8b44-7228be6ad053@group-6CDEAD350F28-FollowerState
2025-04-17 16:40:29,065 [d6a19b8b-82a2-4947-8b44-7228be6ad053@group-6CDEAD350F28-FollowerState] INFO  server.RaftServerConfigKeys (ConfUtils.java:logGet(46)) - raft.server.rpc.first-election.timeout.min = 1000ms (custom)
2025-04-17 16:40:29,065 [d6a19b8b-82a2-4947-8b44-7228be6ad053@group-6CDEAD350F28-FollowerState] INFO  server.RaftServerConfigKeys (ConfUtils.java:logGet(46)) - raft.server.rpc.first-election.timeout.max = 1200ms (custom)
2025-04-17 16:40:29,065 [d6a19b8b-82a2-4947-8b44-7228be6ad053-groupManagement] INFO  util.JmxRegister (JmxRegister.java:tryRegister(44)) - Successfully registered JMX Bean with object name Ratis:service=RaftServer,group=group-6CDEAD350F28,id=d6a19b8b-82a2-4947-8b44-7228be6ad053
2025-04-17 16:40:29,065 [d6a19b8b-82a2-4947-8b44-7228be6ad053-groupManagement] INFO  util.JmxRegister (JmxRegister.java:register(58)) - register mxBean class org.apache.ratis.server.impl.RaftServerJmxAdapter as Ratis:service=RaftServer,group=group-6CDEAD350F28,id=d6a19b8b-82a2-4947-8b44-7228be6ad053
2025-04-17 16:40:29,065 [d6a19b8b-82a2-4947-8b44-7228be6ad053-groupManagement] INFO  server.RaftServerConfigKeys (ConfUtils.java:logGet(46)) - raft.server.snapshot.trigger-when-stop.enabled = true (default)
2025-04-17 16:40:29,065 [d6a19b8b-82a2-4947-8b44-7228be6ad053-groupManagement] INFO  server.RaftServerConfigKeys (ConfUtils.java:logGet(46)) - raft.server.snapshot.trigger-when-remove.enabled = true (default)
2025-04-17 16:40:29,065 [d6a19b8b-82a2-4947-8b44-7228be6ad053-groupManagement] INFO  server.RaftServerConfigKeys (ConfUtils.java:logGet(46)) - raft.server.snapshot.auto.trigger.enabled = true (custom)
2025-04-17 16:40:29,065 [d6a19b8b-82a2-4947-8b44-7228be6ad053-groupManagement] INFO  server.RaftServerConfigKeys (ConfUtils.java:logGet(46)) - raft.server.snapshot.auto.trigger.threshold = 100000 (custom)
2025-04-17 16:40:29,065 [d6a19b8b-82a2-4947-8b44-7228be6ad053-groupManagement] INFO  server.RaftServerConfigKeys (ConfUtils.java:logGet(46)) - raft.server.snapshot.retention.file.num = 5 (custom)
2025-04-17 16:40:29,065 [d6a19b8b-82a2-4947-8b44-7228be6ad053-groupManagement] INFO  server.RaftServerConfigKeys (ConfUtils.java:logGet(46)) - raft.server.log.purge.upto.snapshot.index = false (default)
2025-04-17 16:40:29,065 [50f19a77-e23b-421f-a833-5664bb01cf1c@group-45D4895FEBC0-StateMachineUpdater] INFO  safemode.HealthyPipelineSafeModeRule (HealthyPipelineSafeModeRule.java:initializeRule(174)) - Refreshed total pipeline count is 0, healthy pipeline threshold count is 1
2025-04-17 16:40:29,066 [d6a19b8b-82a2-4947-8b44-7228be6ad053-groupManagement] INFO  server.RaftServer$Division (RaftServerImpl.java:start(405)) - d6a19b8b-82a2-4947-8b44-7228be6ad053@group-6CDEAD350F28: Successfully started.
2025-04-17 16:40:29,067 [d6a19b8b-82a2-4947-8b44-7228be6ad053-PipelineCommandHandlerThread-0] INFO  ratis.XceiverServerRatis (XceiverServerRatis.java:addGroup(844)) - Created group PipelineID=fee43c58-ff5a-4ec2-8da7-6cdead350f28
2025-04-17 16:40:29,067 [d6a19b8b-82a2-4947-8b44-7228be6ad053-PipelineCommandHandlerThread-0] INFO  commandhandler.CreatePipelineCommandHandler (CreatePipelineCommandHandler.java:lambda$handle$2(128)) - Created Pipeline RATIS ONE PipelineID=fee43c58-ff5a-4ec2-8da7-6cdead350f28.
2025-04-17 16:40:29,067 [EventQueue-PipelineReportForPipelineReportHandler] INFO  pipeline.PipelineReportHandler (PipelineReportHandler.java:processPipelineReport(134)) - Opened pipeline PipelineID=fee43c58-ff5a-4ec2-8da7-6cdead350f28
2025-04-17 16:40:29,067 [EventQueue-OpenPipelineForHealthyPipelineSafeModeRule] INFO  safemode.SCMSafeModeManager (HealthyPipelineSafeModeRule.java:process(141)) - SCM in safe mode. Healthy pipelines reported count is 0, required healthy pipeline reported count is 1
2025-04-17 16:40:29,330 [4a3059aa-ae89-4e47-8f1e-08d61ab31d43-PipelineCommandHandlerThread-0] INFO  server.RaftServer (RaftServerProxy.java:addNew(100)) - 4a3059aa-ae89-4e47-8f1e-08d61ab31d43: addNew group-93F6C2665618:[4a3059aa-ae89-4e47-8f1e-08d61ab31d43|127.0.0.1:15047] returns group-93F6C2665618:java.util.concurrent.CompletableFuture@3890cb26[Not completed]
2025-04-17 16:40:29,332 [4a3059aa-ae89-4e47-8f1e-08d61ab31d43-groupManagement] INFO  server.RaftServer$Division (RaftServerImpl.java:<init>(255)) - 4a3059aa-ae89-4e47-8f1e-08d61ab31d43: new RaftServerImpl for group-93F6C2665618:[4a3059aa-ae89-4e47-8f1e-08d61ab31d43|127.0.0.1:15047] with ContainerStateMachine:uninitialized
2025-04-17 16:40:29,332 [4a3059aa-ae89-4e47-8f1e-08d61ab31d43-groupManagement] INFO  server.RaftServerConfigKeys (ConfUtils.java:logGet(46)) - raft.server.rpc.timeout.min = 5s (custom)
2025-04-17 16:40:29,332 [4a3059aa-ae89-4e47-8f1e-08d61ab31d43-groupManagement] INFO  server.RaftServerConfigKeys (ConfUtils.java:logGet(46)) - raft.server.rpc.timeout.max = 5200ms (custom)
2025-04-17 16:40:29,332 [4a3059aa-ae89-4e47-8f1e-08d61ab31d43-groupManagement] INFO  server.RaftServerConfigKeys (ConfUtils.java:logGet(46)) - raft.server.rpc.sleep.time = 25ms (default)
2025-04-17 16:40:29,332 [4a3059aa-ae89-4e47-8f1e-08d61ab31d43-groupManagement] INFO  server.RaftServerConfigKeys (ConfUtils.java:logGet(46)) - raft.server.rpc.slowness.timeout = 300s (custom)
2025-04-17 16:40:29,332 [4a3059aa-ae89-4e47-8f1e-08d61ab31d43-groupManagement] INFO  server.RaftServerConfigKeys (ConfUtils.java:logGet(46)) - raft.server.leaderelection.leader.step-down.wait-time = 10s (default)
2025-04-17 16:40:29,332 [4a3059aa-ae89-4e47-8f1e-08d61ab31d43-groupManagement] INFO  server.RaftServerConfigKeys (ConfUtils.java:logGet(46)) - raft.server.leaderelection.member.majority-add = false (default)
2025-04-17 16:40:29,332 [4a3059aa-ae89-4e47-8f1e-08d61ab31d43-groupManagement] INFO  server.RaftServerConfigKeys (ConfUtils.java:logGet(46)) - raft.server.sleep.deviation.threshold = 300ms (default)
2025-04-17 16:40:29,332 [4a3059aa-ae89-4e47-8f1e-08d61ab31d43-groupManagement] INFO  server.RaftServer$Division (ServerState.java:<init>(114)) - 4a3059aa-ae89-4e47-8f1e-08d61ab31d43@group-93F6C2665618: ConfigurationManager, init=conf: {index: -1, cur=peers:[4a3059aa-ae89-4e47-8f1e-08d61ab31d43|127.0.0.1:15047]|listeners:[], old=null}, confs=<EMPTY_MAP>
2025-04-17 16:40:29,333 [4a3059aa-ae89-4e47-8f1e-08d61ab31d43-groupManagement] INFO  server.RaftServerConfigKeys (ConfUtils.java:logGet(46)) - raft.server.notification.no-leader.timeout = 300s (custom)
2025-04-17 16:40:29,333 [4a3059aa-ae89-4e47-8f1e-08d61ab31d43-groupManagement] INFO  server.RaftServerConfigKeys (ConfUtils.java:logGet(46)) - raft.server.read.timeout = 10s (default)
2025-04-17 16:40:29,333 [4a3059aa-ae89-4e47-8f1e-08d61ab31d43-groupManagement] INFO  server.RaftServerConfigKeys (ConfUtils.java:logGet(46)) - raft.server.retrycache.expirytime = 600000ms (custom)
2025-04-17 16:40:29,333 [4a3059aa-ae89-4e47-8f1e-08d61ab31d43-groupManagement] INFO  server.RaftServerConfigKeys (ConfUtils.java:logGet(46)) - raft.server.retrycache.statistics.expirytime = 100ms (default)
2025-04-17 16:40:29,333 [4a3059aa-ae89-4e47-8f1e-08d61ab31d43-groupManagement] INFO  server.RaftServerConfigKeys (ConfUtils.java:logGet(46)) - raft.server.read.option = DEFAULT (default)
2025-04-17 16:40:29,333 [4a3059aa-ae89-4e47-8f1e-08d61ab31d43-groupManagement] INFO  server.RaftServerConfigKeys (ConfUtils.java:logGet(46)) - raft.server.read.read-after-write-consistent.write-index-cache.expiry-time = 60s (default)
2025-04-17 16:40:29,338 [4a3059aa-ae89-4e47-8f1e-08d61ab31d43-groupManagement] INFO  server.RaftServerConfigKeys (ConfUtils.java:logGet(46)) - raft.server.rpc.request.timeout = 60s (custom)
2025-04-17 16:40:29,338 [4a3059aa-ae89-4e47-8f1e-08d61ab31d43-groupManagement] INFO  server.RaftServerConfigKeys (ConfUtils.java:logGet(46)) - raft.server.log.appender.install.snapshot.enabled = false (custom)
2025-04-17 16:40:29,338 [4a3059aa-ae89-4e47-8f1e-08d61ab31d43-groupManagement] INFO  server.RaftServerConfigKeys (ConfUtils.java:logGet(46)) - raft.server.threadpool.server.cached = true (default)
2025-04-17 16:40:29,338 [4a3059aa-ae89-4e47-8f1e-08d61ab31d43-groupManagement] INFO  server.RaftServerConfigKeys (ConfUtils.java:logGet(46)) - raft.server.threadpool.server.size = 0 (default)
2025-04-17 16:40:29,338 [4a3059aa-ae89-4e47-8f1e-08d61ab31d43-groupManagement] INFO  server.RaftServerConfigKeys (ConfUtils.java:logGet(46)) - raft.server.threadpool.client.cached = true (default)
2025-04-17 16:40:29,338 [4a3059aa-ae89-4e47-8f1e-08d61ab31d43-groupManagement] INFO  server.RaftServerConfigKeys (ConfUtils.java:logGet(46)) - raft.server.threadpool.client.size = 0 (default)
2025-04-17 16:40:29,338 [4a3059aa-ae89-4e47-8f1e-08d61ab31d43-groupManagement] INFO  server.RaftServerConfigKeys (ConfUtils.java:logGet(46)) - raft.server.storage.free-space.min = 0MB (=0) (default)
2025-04-17 16:40:29,338 [4a3059aa-ae89-4e47-8f1e-08d61ab31d43-groupManagement] INFO  server.RaftServerConfigKeys (ConfUtils.java:logGet(46)) - raft.server.log.corruption.policy = EXCEPTION (default)
2025-04-17 16:40:29,338 [4a3059aa-ae89-4e47-8f1e-08d61ab31d43-groupManagement] INFO  server.RaftServerConfigKeys (ConfUtils.java:logGet(46)) - raft.server.storage.dir = [/home/runner/work/ozone/ozone/hadoop-ozone/integration-test/target/test-dir/MiniOzoneClusterImpl-26e726f8-5cec-4c14-bf14-45d4895febc0/ozone-meta/datanode-5/ratis] (custom)
2025-04-17 16:40:29,339 [4a3059aa-ae89-4e47-8f1e-08d61ab31d43-groupManagement] INFO  storage.RaftStorageDirectory (RaftStorageDirectoryImpl.java:analyzeStorage(138)) - The storage directory /home/runner/work/ozone/ozone/hadoop-ozone/integration-test/target/test-dir/MiniOzoneClusterImpl-26e726f8-5cec-4c14-bf14-45d4895febc0/ozone-meta/datanode-5/ratis/28f6bf2a-ab60-428a-8f95-93f6c2665618 does not exist. Creating ...
2025-04-17 16:40:29,340 [4a3059aa-ae89-4e47-8f1e-08d61ab31d43-groupManagement] INFO  storage.RaftStorageDirectory (RaftStorageDirectoryImpl.java:tryLock(229)) - Lock on /home/runner/work/ozone/ozone/hadoop-ozone/integration-test/target/test-dir/MiniOzoneClusterImpl-26e726f8-5cec-4c14-bf14-45d4895febc0/ozone-meta/datanode-5/ratis/28f6bf2a-ab60-428a-8f95-93f6c2665618/in_use.lock acquired by nodename 85305@fv-az1665-423
2025-04-17 16:40:29,341 [4a3059aa-ae89-4e47-8f1e-08d61ab31d43-groupManagement] INFO  storage.RaftStorage (RaftStorageImpl.java:format(98)) - Storage directory /home/runner/work/ozone/ozone/hadoop-ozone/integration-test/target/test-dir/MiniOzoneClusterImpl-26e726f8-5cec-4c14-bf14-45d4895febc0/ozone-meta/datanode-5/ratis/28f6bf2a-ab60-428a-8f95-93f6c2665618 has been successfully formatted.
2025-04-17 16:40:29,342 [4a3059aa-ae89-4e47-8f1e-08d61ab31d43-groupManagement] INFO  ratis.ContainerStateMachine (ContainerStateMachine.java:initialize(340)) - 4a3059aa-ae89-4e47-8f1e-08d61ab31d43: initialize group-93F6C2665618
2025-04-17 16:40:29,342 [4a3059aa-ae89-4e47-8f1e-08d61ab31d43-groupManagement] INFO  ratis.ContainerStateMachine (ContainerStateMachine.java:loadSnapshot(348)) - group-93F6C2665618: The snapshot info is null. Setting the last applied index to:(t:0, i:~)
2025-04-17 16:40:29,342 [4a3059aa-ae89-4e47-8f1e-08d61ab31d43-groupManagement] INFO  server.RaftServerConfigKeys (ConfUtils.java:logGet(46)) - raft.server.log.use.memory = false (default)
2025-04-17 16:40:29,342 [4a3059aa-ae89-4e47-8f1e-08d61ab31d43-groupManagement] INFO  server.RaftServerConfigKeys (ConfUtils.java:logGet(46)) - raft.server.log.purge.gap = 1000000 (custom)
2025-04-17 16:40:29,342 [4a3059aa-ae89-4e47-8f1e-08d61ab31d43-groupManagement] INFO  server.RaftServerConfigKeys (ConfUtils.java:logGet(46)) - raft.server.log.appender.buffer.byte-limit = 33554432 (custom)
2025-04-17 16:40:29,342 [4a3059aa-ae89-4e47-8f1e-08d61ab31d43-groupManagement] INFO  server.RaftServerConfigKeys (ConfUtils.java:logGet(46)) - raft.server.log.statemachine.data.read.timeout = 1000ms (default)
2025-04-17 16:40:29,342 [4a3059aa-ae89-4e47-8f1e-08d61ab31d43-groupManagement] INFO  server.RaftServerConfigKeys (ConfUtils.java:logGet(46)) - raft.server.log.purge.preservation.log.num = 0 (default)
2025-04-17 16:40:29,345 [4a3059aa-ae89-4e47-8f1e-08d61ab31d43-groupManagement] INFO  server.RaftServerConfigKeys (ConfUtils.java:logGet(46)) - raft.server.log.segment.size.max = 67108864 (custom)
2025-04-17 16:40:29,345 [4a3059aa-ae89-4e47-8f1e-08d61ab31d43-groupManagement] INFO  server.RaftServerConfigKeys (ConfUtils.java:logGet(46)) - raft.server.log.segment.cache.num.max = 2 (custom)
2025-04-17 16:40:29,346 [4a3059aa-ae89-4e47-8f1e-08d61ab31d43-groupManagement] INFO  server.RaftServerConfigKeys (ConfUtils.java:logGet(46)) - raft.server.log.segment.cache.size.max = 200MB (=209715200) (default)
2025-04-17 16:40:29,346 [4a3059aa-ae89-4e47-8f1e-08d61ab31d43-groupManagement] INFO  server.RaftServerConfigKeys (ConfUtils.java:logGet(46)) - raft.server.log.appender.buffer.byte-limit = 33554432 (custom)
2025-04-17 16:40:29,346 [4a3059aa-ae89-4e47-8f1e-08d61ab31d43-groupManagement] INFO  util.AwaitToRun (AwaitToRun.java:start(81)) - Thread[#950,4a3059aa-ae89-4e47-8f1e-08d61ab31d43@group-93F6C2665618-cacheEviction-AwaitToRun,5,main] started
2025-04-17 16:40:29,347 [4a3059aa-ae89-4e47-8f1e-08d61ab31d43-groupManagement] INFO  segmented.SegmentedRaftLogWorker (SegmentedRaftLogWorker.java:<init>(188)) - new 4a3059aa-ae89-4e47-8f1e-08d61ab31d43@group-93F6C2665618-SegmentedRaftLogWorker for RaftStorageImpl:Storage Directory /home/runner/work/ozone/ozone/hadoop-ozone/integration-test/target/test-dir/MiniOzoneClusterImpl-26e726f8-5cec-4c14-bf14-45d4895febc0/ozone-meta/datanode-5/ratis/28f6bf2a-ab60-428a-8f95-93f6c2665618
2025-04-17 16:40:29,347 [4a3059aa-ae89-4e47-8f1e-08d61ab31d43-groupManagement] INFO  server.RaftServerConfigKeys (ConfUtils.java:logGet(46)) - raft.server.log.queue.byte-limit = 4294967296 (custom)
2025-04-17 16:40:29,347 [4a3059aa-ae89-4e47-8f1e-08d61ab31d43-groupManagement] INFO  server.RaftServerConfigKeys (ConfUtils.java:logGet(46)) - raft.server.log.queue.element-limit = 1024 (custom)
2025-04-17 16:40:29,347 [4a3059aa-ae89-4e47-8f1e-08d61ab31d43-groupManagement] INFO  server.RaftServerConfigKeys (ConfUtils.java:logGet(46)) - raft.server.log.segment.size.max = 67108864 (custom)
2025-04-17 16:40:29,347 [4a3059aa-ae89-4e47-8f1e-08d61ab31d43-groupManagement] INFO  server.RaftServerConfigKeys (ConfUtils.java:logGet(46)) - raft.server.log.preallocated.size = 4194304 (custom)
2025-04-17 16:40:29,347 [4a3059aa-ae89-4e47-8f1e-08d61ab31d43-groupManagement] INFO  server.RaftServerConfigKeys (ConfUtils.java:logGet(46)) - raft.server.log.force.sync.num = 128 (default)
2025-04-17 16:40:29,347 [4a3059aa-ae89-4e47-8f1e-08d61ab31d43-groupManagement] INFO  server.RaftServerConfigKeys (ConfUtils.java:logGet(46)) - raft.server.log.statemachine.data.sync = true (default)
2025-04-17 16:40:29,347 [4a3059aa-ae89-4e47-8f1e-08d61ab31d43-groupManagement] INFO  server.RaftServerConfigKeys (ConfUtils.java:logGet(46)) - raft.server.log.statemachine.data.sync.timeout = 10s (default)
2025-04-17 16:40:29,347 [4a3059aa-ae89-4e47-8f1e-08d61ab31d43-groupManagement] INFO  server.RaftServerConfigKeys (ConfUtils.java:logGet(46)) - raft.server.log.statemachine.data.sync.timeout.retry = 30 (custom)
2025-04-17 16:40:29,348 [4a3059aa-ae89-4e47-8f1e-08d61ab31d43-groupManagement] INFO  server.RaftServerConfigKeys (ConfUtils.java:logGet(46)) - raft.server.log.write.buffer.size = 33554440 (custom)
2025-04-17 16:40:29,350 [50f19a77-e23b-421f-a833-5664bb01cf1c@group-45D4895FEBC0-StateMachineUpdater] INFO  safemode.HealthyPipelineSafeModeRule (HealthyPipelineSafeModeRule.java:initializeRule(174)) - Refreshed total pipeline count is 0, healthy pipeline threshold count is 1
2025-04-17 16:40:29,350 [EventQueue-PipelineReportForPipelineReportHandler] INFO  pipeline.PipelineReportHandler (PipelineReportHandler.java:processPipelineReport(134)) - Opened pipeline PipelineID=28f6bf2a-ab60-428a-8f95-93f6c2665618
2025-04-17 16:40:29,350 [EventQueue-OpenPipelineForHealthyPipelineSafeModeRule] INFO  safemode.SCMSafeModeManager (HealthyPipelineSafeModeRule.java:process(141)) - SCM in safe mode. Healthy pipelines reported count is 0, required healthy pipeline reported count is 1
2025-04-17 16:40:29,355 [4a3059aa-ae89-4e47-8f1e-08d61ab31d43-groupManagement] INFO  server.RaftServerConfigKeys (ConfUtils.java:logGet(46)) - raft.server.log.appender.buffer.byte-limit = 33554432 (custom)
2025-04-17 16:40:29,355 [4a3059aa-ae89-4e47-8f1e-08d61ab31d43-groupManagement] INFO  server.RaftServerConfigKeys (ConfUtils.java:logGet(46)) - raft.server.log.unsafe-flush.enabled = false (default)
2025-04-17 16:40:29,355 [4a3059aa-ae89-4e47-8f1e-08d61ab31d43-groupManagement] INFO  server.RaftServerConfigKeys (ConfUtils.java:logGet(46)) - raft.server.log.async-flush.enabled = false (default)
2025-04-17 16:40:29,355 [4a3059aa-ae89-4e47-8f1e-08d61ab31d43-groupManagement] INFO  server.RaftServerConfigKeys (ConfUtils.java:logGet(46)) - raft.server.log.statemachine.data.caching.enabled = true (custom)
2025-04-17 16:40:29,356 [4a3059aa-ae89-4e47-8f1e-08d61ab31d43-groupManagement] INFO  segmented.SegmentedRaftLogWorker (SegmentedRaftLogWorker.java:lambda$new$0(139)) - 4a3059aa-ae89-4e47-8f1e-08d61ab31d43@group-93F6C2665618-SegmentedRaftLogWorker: flushIndex: setUnconditionally 0 -> -1
2025-04-17 16:40:29,356 [4a3059aa-ae89-4e47-8f1e-08d61ab31d43-groupManagement] INFO  segmented.SegmentedRaftLogWorker (SegmentedRaftLogWorker.java:lambda$new$0(139)) - 4a3059aa-ae89-4e47-8f1e-08d61ab31d43@group-93F6C2665618-SegmentedRaftLogWorker: safeCacheEvictIndex: setUnconditionally 0 -> -1
2025-04-17 16:40:29,356 [4a3059aa-ae89-4e47-8f1e-08d61ab31d43-groupManagement] INFO  server.RaftServer$Division (RaftServerImpl.java:start(391)) - 4a3059aa-ae89-4e47-8f1e-08d61ab31d43@group-93F6C2665618: start as a follower, conf=conf: {index: -1, cur=peers:[4a3059aa-ae89-4e47-8f1e-08d61ab31d43|127.0.0.1:15047]|listeners:[], old=null}
2025-04-17 16:40:29,357 [4a3059aa-ae89-4e47-8f1e-08d61ab31d43-groupManagement] INFO  server.RaftServer$Division (RaftServerImpl.java:setRole(378)) - 4a3059aa-ae89-4e47-8f1e-08d61ab31d43@group-93F6C2665618: changes role from      null to FOLLOWER at term 0 for startAsFollower
2025-04-17 16:40:29,357 [4a3059aa-ae89-4e47-8f1e-08d61ab31d43-groupManagement] INFO  impl.RoleInfo (RoleInfo.java:updateAndGet(148)) - 4a3059aa-ae89-4e47-8f1e-08d61ab31d43: start 4a3059aa-ae89-4e47-8f1e-08d61ab31d43@group-93F6C2665618-FollowerState
2025-04-17 16:40:29,357 [4a3059aa-ae89-4e47-8f1e-08d61ab31d43@group-93F6C2665618-FollowerState] INFO  server.RaftServerConfigKeys (ConfUtils.java:logGet(46)) - raft.server.rpc.first-election.timeout.min = 1000ms (custom)
2025-04-17 16:40:29,357 [4a3059aa-ae89-4e47-8f1e-08d61ab31d43@group-93F6C2665618-FollowerState] INFO  server.RaftServerConfigKeys (ConfUtils.java:logGet(46)) - raft.server.rpc.first-election.timeout.max = 1200ms (custom)
2025-04-17 16:40:29,357 [4a3059aa-ae89-4e47-8f1e-08d61ab31d43-groupManagement] INFO  util.JmxRegister (JmxRegister.java:tryRegister(44)) - Successfully registered JMX Bean with object name Ratis:service=RaftServer,group=group-93F6C2665618,id=4a3059aa-ae89-4e47-8f1e-08d61ab31d43
2025-04-17 16:40:29,357 [4a3059aa-ae89-4e47-8f1e-08d61ab31d43-groupManagement] INFO  util.JmxRegister (JmxRegister.java:register(58)) - register mxBean class org.apache.ratis.server.impl.RaftServerJmxAdapter as Ratis:service=RaftServer,group=group-93F6C2665618,id=4a3059aa-ae89-4e47-8f1e-08d61ab31d43
2025-04-17 16:40:29,358 [4a3059aa-ae89-4e47-8f1e-08d61ab31d43-groupManagement] INFO  server.RaftServerConfigKeys (ConfUtils.java:logGet(46)) - raft.server.snapshot.trigger-when-stop.enabled = true (default)
2025-04-17 16:40:29,358 [4a3059aa-ae89-4e47-8f1e-08d61ab31d43-groupManagement] INFO  server.RaftServerConfigKeys (ConfUtils.java:logGet(46)) - raft.server.snapshot.trigger-when-remove.enabled = true (default)
2025-04-17 16:40:29,358 [4a3059aa-ae89-4e47-8f1e-08d61ab31d43-groupManagement] INFO  server.RaftServerConfigKeys (ConfUtils.java:logGet(46)) - raft.server.snapshot.auto.trigger.enabled = true (custom)
2025-04-17 16:40:29,358 [4a3059aa-ae89-4e47-8f1e-08d61ab31d43-groupManagement] INFO  server.RaftServerConfigKeys (ConfUtils.java:logGet(46)) - raft.server.snapshot.auto.trigger.threshold = 100000 (custom)
2025-04-17 16:40:29,358 [4a3059aa-ae89-4e47-8f1e-08d61ab31d43-groupManagement] INFO  server.RaftServerConfigKeys (ConfUtils.java:logGet(46)) - raft.server.snapshot.retention.file.num = 5 (custom)
2025-04-17 16:40:29,358 [4a3059aa-ae89-4e47-8f1e-08d61ab31d43-groupManagement] INFO  server.RaftServerConfigKeys (ConfUtils.java:logGet(46)) - raft.server.log.purge.upto.snapshot.index = false (default)
2025-04-17 16:40:29,359 [4a3059aa-ae89-4e47-8f1e-08d61ab31d43-groupManagement] INFO  server.RaftServer$Division (RaftServerImpl.java:start(405)) - 4a3059aa-ae89-4e47-8f1e-08d61ab31d43@group-93F6C2665618: Successfully started.
2025-04-17 16:40:29,359 [4a3059aa-ae89-4e47-8f1e-08d61ab31d43-PipelineCommandHandlerThread-0] INFO  ratis.XceiverServerRatis (XceiverServerRatis.java:addGroup(844)) - Created group PipelineID=28f6bf2a-ab60-428a-8f95-93f6c2665618
2025-04-17 16:40:29,359 [4a3059aa-ae89-4e47-8f1e-08d61ab31d43-PipelineCommandHandlerThread-0] INFO  commandhandler.CreatePipelineCommandHandler (CreatePipelineCommandHandler.java:lambda$handle$2(128)) - Created Pipeline RATIS ONE PipelineID=28f6bf2a-ab60-428a-8f95-93f6c2665618.
2025-04-17 16:40:29,377 [c825922c-8499-4d06-bbc0-08abc9a8124c@group-47CB1C91F82B-FollowerState] INFO  impl.FollowerState (FollowerState.java:runImpl(161)) - c825922c-8499-4d06-bbc0-08abc9a8124c@group-47CB1C91F82B-FollowerState: change to CANDIDATE, lastRpcElapsedTime:1032334933ns, electionTimeout:1031ms
2025-04-17 16:40:29,377 [c825922c-8499-4d06-bbc0-08abc9a8124c@group-47CB1C91F82B-FollowerState] INFO  impl.RoleInfo (RoleInfo.java:shutdownFollowerState(121)) - c825922c-8499-4d06-bbc0-08abc9a8124c: shutdown c825922c-8499-4d06-bbc0-08abc9a8124c@group-47CB1C91F82B-FollowerState
2025-04-17 16:40:29,377 [c825922c-8499-4d06-bbc0-08abc9a8124c@group-47CB1C91F82B-FollowerState] INFO  server.RaftServer$Division (RaftServerImpl.java:setRole(378)) - c825922c-8499-4d06-bbc0-08abc9a8124c@group-47CB1C91F82B: changes role from  FOLLOWER to CANDIDATE at term 0 for changeToCandidate
2025-04-17 16:40:29,377 [c825922c-8499-4d06-bbc0-08abc9a8124c@group-47CB1C91F82B-FollowerState] INFO  server.RaftServerConfigKeys (ConfUtils.java:logGet(46)) - raft.server.leaderelection.pre-vote = true (default)
2025-04-17 16:40:29,377 [c825922c-8499-4d06-bbc0-08abc9a8124c@group-47CB1C91F82B-FollowerState] INFO  impl.RoleInfo (RoleInfo.java:updateAndGet(148)) - c825922c-8499-4d06-bbc0-08abc9a8124c: start c825922c-8499-4d06-bbc0-08abc9a8124c@group-47CB1C91F82B-LeaderElection4
2025-04-17 16:40:29,378 [c825922c-8499-4d06-bbc0-08abc9a8124c@group-47CB1C91F82B-LeaderElection4] INFO  impl.LeaderElection (LeaderElection.java:askForVotes(332)) - c825922c-8499-4d06-bbc0-08abc9a8124c@group-47CB1C91F82B-LeaderElection4 PRE_VOTE round 0: submit vote requests at term 0 for conf: {index: -1, cur=peers:[c825922c-8499-4d06-bbc0-08abc9a8124c|127.0.0.1:15015, a6bf55e3-38e4-411e-ac0b-5acdb6a35656|127.0.0.1:15031, 93cc9901-be1a-45f5-9681-0d93e627c426|127.0.0.1:15023]|listeners:[], old=null}
2025-04-17 16:40:29,378 [c825922c-8499-4d06-bbc0-08abc9a8124c@group-8D29FBA23A78-FollowerState] INFO  impl.FollowerState (FollowerState.java:runImpl(161)) - c825922c-8499-4d06-bbc0-08abc9a8124c@group-8D29FBA23A78-FollowerState: change to CANDIDATE, lastRpcElapsedTime:1067065575ns, electionTimeout:1065ms
2025-04-17 16:40:29,378 [c825922c-8499-4d06-bbc0-08abc9a8124c@group-8D29FBA23A78-FollowerState] INFO  impl.RoleInfo (RoleInfo.java:shutdownFollowerState(121)) - c825922c-8499-4d06-bbc0-08abc9a8124c: shutdown c825922c-8499-4d06-bbc0-08abc9a8124c@group-8D29FBA23A78-FollowerState
2025-04-17 16:40:29,378 [c825922c-8499-4d06-bbc0-08abc9a8124c@group-8D29FBA23A78-FollowerState] INFO  server.RaftServer$Division (RaftServerImpl.java:setRole(378)) - c825922c-8499-4d06-bbc0-08abc9a8124c@group-8D29FBA23A78: changes role from  FOLLOWER to CANDIDATE at term 0 for changeToCandidate
2025-04-17 16:40:29,378 [c825922c-8499-4d06-bbc0-08abc9a8124c@group-8D29FBA23A78-FollowerState] INFO  server.RaftServerConfigKeys (ConfUtils.java:logGet(46)) - raft.server.leaderelection.pre-vote = true (default)
2025-04-17 16:40:29,378 [c825922c-8499-4d06-bbc0-08abc9a8124c@group-8D29FBA23A78-FollowerState] INFO  impl.RoleInfo (RoleInfo.java:updateAndGet(148)) - c825922c-8499-4d06-bbc0-08abc9a8124c: start c825922c-8499-4d06-bbc0-08abc9a8124c@group-8D29FBA23A78-LeaderElection5
2025-04-17 16:40:29,379 [c825922c-8499-4d06-bbc0-08abc9a8124c@group-8D29FBA23A78-LeaderElection5] INFO  impl.LeaderElection (LeaderElection.java:askForVotes(332)) - c825922c-8499-4d06-bbc0-08abc9a8124c@group-8D29FBA23A78-LeaderElection5 PRE_VOTE round 0: submit vote requests at term 0 for conf: {index: -1, cur=peers:[c825922c-8499-4d06-bbc0-08abc9a8124c|127.0.0.1:15015]|listeners:[], old=null}
2025-04-17 16:40:29,379 [c825922c-8499-4d06-bbc0-08abc9a8124c@group-8D29FBA23A78-LeaderElection5] INFO  impl.LeaderElection (LeaderElection.java:askForVotes(334)) - c825922c-8499-4d06-bbc0-08abc9a8124c@group-8D29FBA23A78-LeaderElection5 PRE_VOTE round 0: result PASSED (term=0)
2025-04-17 16:40:29,382 [c825922c-8499-4d06-bbc0-08abc9a8124c@group-47CB1C91F82B-LeaderElection4] INFO  server.RaftServerConfigKeys (ConfUtils.java:logGet(46)) - raft.server.rpc.first-election.timeout.min = 1000ms (custom)
2025-04-17 16:40:29,382 [c825922c-8499-4d06-bbc0-08abc9a8124c@group-47CB1C91F82B-LeaderElection4] INFO  server.RaftServerConfigKeys (ConfUtils.java:logGet(46)) - raft.server.rpc.first-election.timeout.max = 1200ms (custom)
2025-04-17 16:40:29,382 [c825922c-8499-4d06-bbc0-08abc9a8124c@group-8D29FBA23A78-LeaderElection5] INFO  impl.LeaderElection (LeaderElection.java:askForVotes(332)) - c825922c-8499-4d06-bbc0-08abc9a8124c@group-8D29FBA23A78-LeaderElection5 ELECTION round 0: submit vote requests at term 1 for conf: {index: -1, cur=peers:[c825922c-8499-4d06-bbc0-08abc9a8124c|127.0.0.1:15015]|listeners:[], old=null}
2025-04-17 16:40:29,383 [c825922c-8499-4d06-bbc0-08abc9a8124c@group-8D29FBA23A78-LeaderElection5] INFO  impl.LeaderElection (LeaderElection.java:askForVotes(334)) - c825922c-8499-4d06-bbc0-08abc9a8124c@group-8D29FBA23A78-LeaderElection5 ELECTION round 0: result PASSED (term=1)
2025-04-17 16:40:29,383 [c825922c-8499-4d06-bbc0-08abc9a8124c@group-8D29FBA23A78-LeaderElection5] INFO  impl.RoleInfo (RoleInfo.java:shutdownLeaderElection(141)) - c825922c-8499-4d06-bbc0-08abc9a8124c: shutdown c825922c-8499-4d06-bbc0-08abc9a8124c@group-8D29FBA23A78-LeaderElection5
2025-04-17 16:40:29,383 [c825922c-8499-4d06-bbc0-08abc9a8124c@group-8D29FBA23A78-LeaderElection5] INFO  server.RaftServer$Division (RaftServerImpl.java:setRole(378)) - c825922c-8499-4d06-bbc0-08abc9a8124c@group-8D29FBA23A78: changes role from CANDIDATE to LEADER at term 1 for changeToLeader
2025-04-17 16:40:29,383 [c825922c-8499-4d06-bbc0-08abc9a8124c@group-8D29FBA23A78-LeaderElection5] INFO  server.RaftServerConfigKeys (ConfUtils.java:logGet(46)) - raft.server.staging.catchup.gap = 1000 (default)
2025-04-17 16:40:29,382 [c825922c-8499-4d06-bbc0-08abc9a8124c@group-47CB1C91F82B-LeaderElection4-2] INFO  server.GrpcServerProtocolClient (GrpcServerProtocolClient.java:<init>(65)) - Build channel for 93cc9901-be1a-45f5-9681-0d93e627c426|127.0.0.1:15023
2025-04-17 16:40:29,383 [c825922c-8499-4d06-bbc0-08abc9a8124c@group-8D29FBA23A78-LeaderElection5] INFO  server.RaftServerConfigKeys (ConfUtils.java:logGet(46)) - raft.server.write.element-limit = 1024 (custom)
2025-04-17 16:40:29,383 [c825922c-8499-4d06-bbc0-08abc9a8124c@group-8D29FBA23A78-LeaderElection5] INFO  server.RaftServerConfigKeys (ConfUtils.java:logGet(46)) - raft.server.write.byte-limit = 1024 M (=1073741824) (custom)
2025-04-17 16:40:29,384 [c825922c-8499-4d06-bbc0-08abc9a8124c@group-8D29FBA23A78-LeaderElection5] INFO  server.RaftServerConfigKeys (ConfUtils.java:logGet(46)) - raft.server.watch.timeout = 30s (custom)
2025-04-17 16:40:29,384 [c825922c-8499-4d06-bbc0-08abc9a8124c@group-8D29FBA23A78-LeaderElection5] INFO  server.RaftServerConfigKeys (ConfUtils.java:logGet(46)) - raft.server.watch.timeout.denomination = 1s (default)
2025-04-17 16:40:29,384 [c825922c-8499-4d06-bbc0-08abc9a8124c@group-8D29FBA23A78-LeaderElection5] INFO  server.RaftServerConfigKeys (ConfUtils.java:logGet(46)) - raft.server.watch.element-limit = 65536 (default)
2025-04-17 16:40:29,384 [c825922c-8499-4d06-bbc0-08abc9a8124c@group-8D29FBA23A78-LeaderElection5] INFO  server.RaftServerConfigKeys (ConfUtils.java:logGet(46)) - raft.server.read.leader.lease.enabled = false (default)
2025-04-17 16:40:29,384 [c825922c-8499-4d06-bbc0-08abc9a8124c@group-8D29FBA23A78-LeaderElection5] INFO  server.RaftServerConfigKeys (ConfUtils.java:logGet(46)) - raft.server.read.leader.lease.timeout.ratio = 0.9 (default)
2025-04-17 16:40:29,385 [c825922c-8499-4d06-bbc0-08abc9a8124c@group-8D29FBA23A78-LeaderElection5] INFO  server.RaftServerConfigKeys (ConfUtils.java:logGet(46)) - raft.server.rpc.timeout.min = 5s (custom)
2025-04-17 16:40:29,385 [c825922c-8499-4d06-bbc0-08abc9a8124c@group-8D29FBA23A78-LeaderElection5] INFO  server.RaftServerConfigKeys (ConfUtils.java:logGet(46)) - raft.server.log.log-metadata.enabled = true (default)
2025-04-17 16:40:29,385 [c825922c-8499-4d06-bbc0-08abc9a8124c@group-8D29FBA23A78-LeaderElection5] INFO  server.RaftServerConfigKeys (ConfUtils.java:logGet(46)) - raft.server.write.element-limit = 1024 (custom)
2025-04-17 16:40:29,385 [c825922c-8499-4d06-bbc0-08abc9a8124c@group-8D29FBA23A78-LeaderElection5] INFO  server.RaftServerConfigKeys (ConfUtils.java:logGet(46)) - raft.server.write.follower.gap.ratio.max = -1.0 (default)
2025-04-17 16:40:29,385 [c825922c-8499-4d06-bbc0-08abc9a8124c@group-8D29FBA23A78-LeaderElection5] INFO  impl.RoleInfo (RoleInfo.java:updateAndGet(148)) - c825922c-8499-4d06-bbc0-08abc9a8124c: start c825922c-8499-4d06-bbc0-08abc9a8124c@group-8D29FBA23A78-LeaderStateImpl
2025-04-17 16:40:29,385 [c825922c-8499-4d06-bbc0-08abc9a8124c@group-8D29FBA23A78-LeaderElection5] INFO  server.RaftServer$Division (RaftServerImpl.java:setFirstElection(562)) - c825922c-8499-4d06-bbc0-08abc9a8124c@group-8D29FBA23A78: set firstElectionSinceStartup to false for becomeLeader
2025-04-17 16:40:29,385 [c825922c-8499-4d06-bbc0-08abc9a8124c@group-8D29FBA23A78-LeaderElection5] INFO  ratis.XceiverServerRatis (XceiverServerRatis.java:handleLeaderChangedNotification(944)) - Leader change notification received for group: group-8D29FBA23A78 with new leaderId: c825922c-8499-4d06-bbc0-08abc9a8124c
2025-04-17 16:40:29,382 [c825922c-8499-4d06-bbc0-08abc9a8124c@group-47CB1C91F82B-LeaderElection4-1] INFO  server.GrpcServerProtocolClient (GrpcServerProtocolClient.java:<init>(65)) - Build channel for a6bf55e3-38e4-411e-ac0b-5acdb6a35656|127.0.0.1:15031
2025-04-17 16:40:29,388 [c825922c-8499-4d06-bbc0-08abc9a8124c@group-8D29FBA23A78-LeaderElection5] INFO  server.RaftServer$Division (ServerState.java:setLeader(272)) - c825922c-8499-4d06-bbc0-08abc9a8124c@group-8D29FBA23A78: change Leader from null to c825922c-8499-4d06-bbc0-08abc9a8124c at term 1 for becomeLeader, leader elected after 1097ms
2025-04-17 16:40:29,388 [c825922c-8499-4d06-bbc0-08abc9a8124c@group-8D29FBA23A78-LeaderElection5] INFO  segmented.SegmentedRaftLogWorker (SegmentedRaftLogWorker.java:startLogSegment(438)) - c825922c-8499-4d06-bbc0-08abc9a8124c@group-8D29FBA23A78-SegmentedRaftLogWorker: Starting segment from index:0
2025-04-17 16:40:29,390 [c825922c-8499-4d06-bbc0-08abc9a8124c@group-8D29FBA23A78-LeaderElection5] INFO  server.RaftServer$Division (ServerState.java:setRaftConf(386)) - c825922c-8499-4d06-bbc0-08abc9a8124c@group-8D29FBA23A78: set configuration conf: {index: 0, cur=peers:[c825922c-8499-4d06-bbc0-08abc9a8124c|127.0.0.1:15015]|listeners:[], old=null}
2025-04-17 16:40:29,391 [c825922c-8499-4d06-bbc0-08abc9a8124c@group-8D29FBA23A78-SegmentedRaftLogWorker] INFO  segmented.BufferedWriteChannel (BufferedWriteChannel.java:open(61)) - open log_inprogress_0 at position 0
2025-04-17 16:40:29,396 [EventQueue-OpenPipelineForHealthyPipelineSafeModeRule] INFO  safemode.SCMSafeModeManager (HealthyPipelineSafeModeRule.java:process(141)) - SCM in safe mode. Healthy pipelines reported count is 0, required healthy pipeline reported count is 1
2025-04-17 16:40:29,398 [grpc-default-executor-1] INFO  server.RaftServer$Division (RaftServerImpl.java:requestVote(1407)) - a6bf55e3-38e4-411e-ac0b-5acdb6a35656@group-47CB1C91F82B: receive requestVote(PRE_VOTE, c825922c-8499-4d06-bbc0-08abc9a8124c, group-47CB1C91F82B, 0, (t:0, i:0))
2025-04-17 16:40:29,398 [grpc-default-executor-0] INFO  server.RaftServer$Division (RaftServerImpl.java:requestVote(1407)) - 93cc9901-be1a-45f5-9681-0d93e627c426@group-47CB1C91F82B: receive requestVote(PRE_VOTE, c825922c-8499-4d06-bbc0-08abc9a8124c, group-47CB1C91F82B, 0, (t:0, i:0))
2025-04-17 16:40:29,400 [grpc-default-executor-1] INFO  impl.VoteContext (VoteContext.java:log(49)) - a6bf55e3-38e4-411e-ac0b-5acdb6a35656@group-47CB1C91F82B-FOLLOWER: accept PRE_VOTE from c825922c-8499-4d06-bbc0-08abc9a8124c: our priority 0 <= candidate's priority 0
2025-04-17 16:40:29,400 [grpc-default-executor-0] INFO  impl.VoteContext (VoteContext.java:log(49)) - 93cc9901-be1a-45f5-9681-0d93e627c426@group-47CB1C91F82B-FOLLOWER: reject PRE_VOTE from c825922c-8499-4d06-bbc0-08abc9a8124c: our priority 1 > candidate's priority 0
2025-04-17 16:40:29,402 [c825922c-8499-4d06-bbc0-08abc9a8124c@group-8D29FBA23A78-SegmentedRaftLogWorker] INFO  segmented.SegmentedRaftLogWorker (SegmentedRaftLogWorker.java:execute(644)) - c825922c-8499-4d06-bbc0-08abc9a8124c@group-8D29FBA23A78-SegmentedRaftLogWorker: created new log segment /home/runner/work/ozone/ozone/hadoop-ozone/integration-test/target/test-dir/MiniOzoneClusterImpl-26e726f8-5cec-4c14-bf14-45d4895febc0/ozone-meta/datanode-1/ratis/ba926e06-1642-4427-9b6a-8d29fba23a78/current/log_inprogress_0
2025-04-17 16:40:29,403 [grpc-default-executor-0] INFO  server.RaftServer$Division (RaftServerImpl.java:requestVote(1441)) - 93cc9901-be1a-45f5-9681-0d93e627c426@group-47CB1C91F82B replies to PRE_VOTE vote request: c825922c-8499-4d06-bbc0-08abc9a8124c<-93cc9901-be1a-45f5-9681-0d93e627c426#0:FAIL-t0. Peer's state: 93cc9901-be1a-45f5-9681-0d93e627c426@group-47CB1C91F82B:t0, leader=null, voted=, raftlog=Memoized:93cc9901-be1a-45f5-9681-0d93e627c426@group-47CB1C91F82B-SegmentedRaftLog:OPENED:c-1:lastnull, conf=conf: {index: -1, cur=peers:[c825922c-8499-4d06-bbc0-08abc9a8124c|127.0.0.1:15015, a6bf55e3-38e4-411e-ac0b-5acdb6a35656|127.0.0.1:15031, 93cc9901-be1a-45f5-9681-0d93e627c426|127.0.0.1:15023]|listeners:[], old=null}
2025-04-17 16:40:29,404 [grpc-default-executor-1] INFO  server.RaftServer$Division (RaftServerImpl.java:requestVote(1441)) - a6bf55e3-38e4-411e-ac0b-5acdb6a35656@group-47CB1C91F82B replies to PRE_VOTE vote request: c825922c-8499-4d06-bbc0-08abc9a8124c<-a6bf55e3-38e4-411e-ac0b-5acdb6a35656#0:OK-t0. Peer's state: a6bf55e3-38e4-411e-ac0b-5acdb6a35656@group-47CB1C91F82B:t0, leader=null, voted=, raftlog=Memoized:a6bf55e3-38e4-411e-ac0b-5acdb6a35656@group-47CB1C91F82B-SegmentedRaftLog:OPENED:c-1:lastnull, conf=conf: {index: -1, cur=peers:[c825922c-8499-4d06-bbc0-08abc9a8124c|127.0.0.1:15015, a6bf55e3-38e4-411e-ac0b-5acdb6a35656|127.0.0.1:15031, 93cc9901-be1a-45f5-9681-0d93e627c426|127.0.0.1:15023]|listeners:[], old=null}
2025-04-17 16:40:29,406 [c825922c-8499-4d06-bbc0-08abc9a8124c@group-47CB1C91F82B-LeaderElection4] INFO  impl.LeaderElection (LeaderElection.java:logAndReturn(90)) - c825922c-8499-4d06-bbc0-08abc9a8124c@group-47CB1C91F82B-LeaderElection4: PRE_VOTE REJECTED received 1 response(s) and 0 exception(s):
2025-04-17 16:40:29,406 [c825922c-8499-4d06-bbc0-08abc9a8124c@group-47CB1C91F82B-LeaderElection4] INFO  impl.LeaderElection (LeaderElection.java:logAndReturn(94)) -   Response 0: c825922c-8499-4d06-bbc0-08abc9a8124c<-93cc9901-be1a-45f5-9681-0d93e627c426#0:FAIL-t0
2025-04-17 16:40:29,406 [c825922c-8499-4d06-bbc0-08abc9a8124c@group-47CB1C91F82B-LeaderElection4] INFO  impl.LeaderElection (LeaderElection.java:askForVotes(334)) - c825922c-8499-4d06-bbc0-08abc9a8124c@group-47CB1C91F82B-LeaderElection4 PRE_VOTE round 0: result REJECTED
2025-04-17 16:40:29,407 [c825922c-8499-4d06-bbc0-08abc9a8124c@group-47CB1C91F82B-LeaderElection4] INFO  server.RaftServer$Division (RaftServerImpl.java:setRole(378)) - c825922c-8499-4d06-bbc0-08abc9a8124c@group-47CB1C91F82B: changes role from CANDIDATE to FOLLOWER at term 0 for REJECTED
2025-04-17 16:40:29,407 [c825922c-8499-4d06-bbc0-08abc9a8124c@group-47CB1C91F82B-LeaderElection4] INFO  impl.RoleInfo (RoleInfo.java:shutdownLeaderElection(141)) - c825922c-8499-4d06-bbc0-08abc9a8124c: shutdown c825922c-8499-4d06-bbc0-08abc9a8124c@group-47CB1C91F82B-LeaderElection4
2025-04-17 16:40:29,407 [c825922c-8499-4d06-bbc0-08abc9a8124c@group-8D29FBA23A78-StateMachineUpdater] INFO  server.RaftServer$Division (LeaderStateImpl.java:checkStartIndex(313)) - Leader c825922c-8499-4d06-bbc0-08abc9a8124c@group-8D29FBA23A78-LeaderStateImpl is ready since appliedIndex == startIndex == 0
2025-04-17 16:40:29,407 [c825922c-8499-4d06-bbc0-08abc9a8124c@group-47CB1C91F82B-LeaderElection4] INFO  impl.RoleInfo (RoleInfo.java:updateAndGet(148)) - c825922c-8499-4d06-bbc0-08abc9a8124c: start c825922c-8499-4d06-bbc0-08abc9a8124c@group-47CB1C91F82B-FollowerState
2025-04-17 16:40:29,407 [c825922c-8499-4d06-bbc0-08abc9a8124c@group-47CB1C91F82B-LeaderElection4] INFO  server.RaftServer$Division (RaftServerImpl.java:setFirstElection(562)) - c825922c-8499-4d06-bbc0-08abc9a8124c@group-47CB1C91F82B: set firstElectionSinceStartup to false for REJECTED
2025-04-17 16:40:29,608 [93cc9901-be1a-45f5-9681-0d93e627c426@group-47C15F12B665-FollowerState] INFO  impl.FollowerState (FollowerState.java:runImpl(161)) - 93cc9901-be1a-45f5-9681-0d93e627c426@group-47C15F12B665-FollowerState: change to CANDIDATE, lastRpcElapsedTime:1010291138ns, electionTimeout:1009ms
2025-04-17 16:40:29,608 [93cc9901-be1a-45f5-9681-0d93e627c426@group-47C15F12B665-FollowerState] INFO  impl.RoleInfo (RoleInfo.java:shutdownFollowerState(121)) - 93cc9901-be1a-45f5-9681-0d93e627c426: shutdown 93cc9901-be1a-45f5-9681-0d93e627c426@group-47C15F12B665-FollowerState
2025-04-17 16:40:29,608 [93cc9901-be1a-45f5-9681-0d93e627c426@group-47C15F12B665-FollowerState] INFO  server.RaftServer$Division (RaftServerImpl.java:setRole(378)) - 93cc9901-be1a-45f5-9681-0d93e627c426@group-47C15F12B665: changes role from  FOLLOWER to CANDIDATE at term 0 for changeToCandidate
2025-04-17 16:40:29,608 [93cc9901-be1a-45f5-9681-0d93e627c426@group-47C15F12B665-FollowerState] INFO  server.RaftServerConfigKeys (ConfUtils.java:logGet(46)) - raft.server.leaderelection.pre-vote = true (default)
2025-04-17 16:40:29,608 [93cc9901-be1a-45f5-9681-0d93e627c426@group-47C15F12B665-FollowerState] INFO  impl.RoleInfo (RoleInfo.java:updateAndGet(148)) - 93cc9901-be1a-45f5-9681-0d93e627c426: start 93cc9901-be1a-45f5-9681-0d93e627c426@group-47C15F12B665-LeaderElection6
2025-04-17 16:40:29,609 [93cc9901-be1a-45f5-9681-0d93e627c426@group-47C15F12B665-LeaderElection6] INFO  impl.LeaderElection (LeaderElection.java:askForVotes(332)) - 93cc9901-be1a-45f5-9681-0d93e627c426@group-47C15F12B665-LeaderElection6 PRE_VOTE round 0: submit vote requests at term 0 for conf: {index: -1, cur=peers:[c825922c-8499-4d06-bbc0-08abc9a8124c|127.0.0.1:15015, a6bf55e3-38e4-411e-ac0b-5acdb6a35656|127.0.0.1:15031, 93cc9901-be1a-45f5-9681-0d93e627c426|127.0.0.1:15023]|listeners:[], old=null}
2025-04-17 16:40:29,609 [93cc9901-be1a-45f5-9681-0d93e627c426@group-47C15F12B665-LeaderElection6-1] INFO  server.GrpcServerProtocolClient (GrpcServerProtocolClient.java:<init>(65)) - Build channel for c825922c-8499-4d06-bbc0-08abc9a8124c|127.0.0.1:15015
2025-04-17 16:40:29,609 [93cc9901-be1a-45f5-9681-0d93e627c426@group-47C15F12B665-LeaderElection6] INFO  server.RaftServerConfigKeys (ConfUtils.java:logGet(46)) - raft.server.rpc.first-election.timeout.min = 1000ms (custom)
2025-04-17 16:40:29,609 [93cc9901-be1a-45f5-9681-0d93e627c426@group-47C15F12B665-LeaderElection6] INFO  server.RaftServerConfigKeys (ConfUtils.java:logGet(46)) - raft.server.rpc.first-election.timeout.max = 1200ms (custom)
2025-04-17 16:40:29,609 [93cc9901-be1a-45f5-9681-0d93e627c426@group-47C15F12B665-LeaderElection6-2] INFO  server.GrpcServerProtocolClient (GrpcServerProtocolClient.java:<init>(65)) - Build channel for a6bf55e3-38e4-411e-ac0b-5acdb6a35656|127.0.0.1:15031
2025-04-17 16:40:29,614 [grpc-default-executor-0] INFO  server.RaftServer$Division (RaftServerImpl.java:requestVote(1407)) - a6bf55e3-38e4-411e-ac0b-5acdb6a35656@group-47C15F12B665: receive requestVote(PRE_VOTE, 93cc9901-be1a-45f5-9681-0d93e627c426, group-47C15F12B665, 0, (t:0, i:0))
2025-04-17 16:40:29,614 [grpc-default-executor-0] INFO  impl.VoteContext (VoteContext.java:log(49)) - a6bf55e3-38e4-411e-ac0b-5acdb6a35656@group-47C15F12B665-FOLLOWER: reject PRE_VOTE from 93cc9901-be1a-45f5-9681-0d93e627c426: our priority 1 > candidate's priority 0
2025-04-17 16:40:29,614 [grpc-default-executor-1] INFO  server.RaftServer$Division (RaftServerImpl.java:requestVote(1407)) - c825922c-8499-4d06-bbc0-08abc9a8124c@group-47C15F12B665: receive requestVote(PRE_VOTE, 93cc9901-be1a-45f5-9681-0d93e627c426, group-47C15F12B665, 0, (t:0, i:0))
2025-04-17 16:40:29,614 [grpc-default-executor-1] INFO  impl.VoteContext (VoteContext.java:log(49)) - c825922c-8499-4d06-bbc0-08abc9a8124c@group-47C15F12B665-FOLLOWER: accept PRE_VOTE from 93cc9901-be1a-45f5-9681-0d93e627c426: our priority 0 <= candidate's priority 0
2025-04-17 16:40:29,614 [grpc-default-executor-1] INFO  server.RaftServer$Division (RaftServerImpl.java:requestVote(1441)) - c825922c-8499-4d06-bbc0-08abc9a8124c@group-47C15F12B665 replies to PRE_VOTE vote request: 93cc9901-be1a-45f5-9681-0d93e627c426<-c825922c-8499-4d06-bbc0-08abc9a8124c#0:OK-t0. Peer's state: c825922c-8499-4d06-bbc0-08abc9a8124c@group-47C15F12B665:t0, leader=null, voted=, raftlog=Memoized:c825922c-8499-4d06-bbc0-08abc9a8124c@group-47C15F12B665-SegmentedRaftLog:OPENED:c-1:lastnull, conf=conf: {index: -1, cur=peers:[c825922c-8499-4d06-bbc0-08abc9a8124c|127.0.0.1:15015, a6bf55e3-38e4-411e-ac0b-5acdb6a35656|127.0.0.1:15031, 93cc9901-be1a-45f5-9681-0d93e627c426|127.0.0.1:15023]|listeners:[], old=null}
2025-04-17 16:40:29,614 [grpc-default-executor-0] INFO  server.RaftServer$Division (RaftServerImpl.java:requestVote(1441)) - a6bf55e3-38e4-411e-ac0b-5acdb6a35656@group-47C15F12B665 replies to PRE_VOTE vote request: 93cc9901-be1a-45f5-9681-0d93e627c426<-a6bf55e3-38e4-411e-ac0b-5acdb6a35656#0:FAIL-t0. Peer's state: a6bf55e3-38e4-411e-ac0b-5acdb6a35656@group-47C15F12B665:t0, leader=null, voted=, raftlog=Memoized:a6bf55e3-38e4-411e-ac0b-5acdb6a35656@group-47C15F12B665-SegmentedRaftLog:OPENED:c-1:lastnull, conf=conf: {index: -1, cur=peers:[c825922c-8499-4d06-bbc0-08abc9a8124c|127.0.0.1:15015, a6bf55e3-38e4-411e-ac0b-5acdb6a35656|127.0.0.1:15031, 93cc9901-be1a-45f5-9681-0d93e627c426|127.0.0.1:15023]|listeners:[], old=null}
2025-04-17 16:40:29,616 [93cc9901-be1a-45f5-9681-0d93e627c426@group-47C15F12B665-LeaderElection6] INFO  impl.LeaderElection (LeaderElection.java:logAndReturn(90)) - 93cc9901-be1a-45f5-9681-0d93e627c426@group-47C15F12B665-LeaderElection6: PRE_VOTE REJECTED received 2 response(s) and 0 exception(s):
2025-04-17 16:40:29,616 [93cc9901-be1a-45f5-9681-0d93e627c426@group-47C15F12B665-LeaderElection6] INFO  impl.LeaderElection (LeaderElection.java:logAndReturn(94)) -   Response 0: 93cc9901-be1a-45f5-9681-0d93e627c426<-c825922c-8499-4d06-bbc0-08abc9a8124c#0:OK-t0
2025-04-17 16:40:29,616 [93cc9901-be1a-45f5-9681-0d93e627c426@group-47C15F12B665-LeaderElection6] INFO  impl.LeaderElection (LeaderElection.java:logAndReturn(94)) -   Response 1: 93cc9901-be1a-45f5-9681-0d93e627c426<-a6bf55e3-38e4-411e-ac0b-5acdb6a35656#0:FAIL-t0
2025-04-17 16:40:29,616 [93cc9901-be1a-45f5-9681-0d93e627c426@group-47C15F12B665-LeaderElection6] INFO  impl.LeaderElection (LeaderElection.java:askForVotes(334)) - 93cc9901-be1a-45f5-9681-0d93e627c426@group-47C15F12B665-LeaderElection6 PRE_VOTE round 0: result REJECTED
2025-04-17 16:40:29,616 [93cc9901-be1a-45f5-9681-0d93e627c426@group-47C15F12B665-LeaderElection6] INFO  server.RaftServer$Division (RaftServerImpl.java:setRole(378)) - 93cc9901-be1a-45f5-9681-0d93e627c426@group-47C15F12B665: changes role from CANDIDATE to FOLLOWER at term 0 for REJECTED
2025-04-17 16:40:29,616 [93cc9901-be1a-45f5-9681-0d93e627c426@group-47C15F12B665-LeaderElection6] INFO  impl.RoleInfo (RoleInfo.java:shutdownLeaderElection(141)) - 93cc9901-be1a-45f5-9681-0d93e627c426: shutdown 93cc9901-be1a-45f5-9681-0d93e627c426@group-47C15F12B665-LeaderElection6
2025-04-17 16:40:29,616 [93cc9901-be1a-45f5-9681-0d93e627c426@group-47C15F12B665-LeaderElection6] INFO  impl.RoleInfo (RoleInfo.java:updateAndGet(148)) - 93cc9901-be1a-45f5-9681-0d93e627c426: start 93cc9901-be1a-45f5-9681-0d93e627c426@group-47C15F12B665-FollowerState
2025-04-17 16:40:29,617 [93cc9901-be1a-45f5-9681-0d93e627c426@group-47C15F12B665-LeaderElection6] INFO  server.RaftServer$Division (RaftServerImpl.java:setFirstElection(562)) - 93cc9901-be1a-45f5-9681-0d93e627c426@group-47C15F12B665: set firstElectionSinceStartup to false for REJECTED
2025-04-17 16:40:29,626 [93cc9901-be1a-45f5-9681-0d93e627c426@group-9CF72A0E49C3-FollowerState] INFO  impl.FollowerState (FollowerState.java:runImpl(161)) - 93cc9901-be1a-45f5-9681-0d93e627c426@group-9CF72A0E49C3-FollowerState: change to CANDIDATE, lastRpcElapsedTime:1090600766ns, electionTimeout:1090ms
2025-04-17 16:40:29,626 [93cc9901-be1a-45f5-9681-0d93e627c426@group-9CF72A0E49C3-FollowerState] INFO  impl.RoleInfo (RoleInfo.java:shutdownFollowerState(121)) - 93cc9901-be1a-45f5-9681-0d93e627c426: shutdown 93cc9901-be1a-45f5-9681-0d93e627c426@group-9CF72A0E49C3-FollowerState
2025-04-17 16:40:29,626 [93cc9901-be1a-45f5-9681-0d93e627c426@group-9CF72A0E49C3-FollowerState] INFO  server.RaftServer$Division (RaftServerImpl.java:setRole(378)) - 93cc9901-be1a-45f5-9681-0d93e627c426@group-9CF72A0E49C3: changes role from  FOLLOWER to CANDIDATE at term 0 for changeToCandidate
2025-04-17 16:40:29,626 [93cc9901-be1a-45f5-9681-0d93e627c426@group-9CF72A0E49C3-FollowerState] INFO  server.RaftServerConfigKeys (ConfUtils.java:logGet(46)) - raft.server.leaderelection.pre-vote = true (default)
2025-04-17 16:40:29,626 [93cc9901-be1a-45f5-9681-0d93e627c426@group-9CF72A0E49C3-FollowerState] INFO  impl.RoleInfo (RoleInfo.java:updateAndGet(148)) - 93cc9901-be1a-45f5-9681-0d93e627c426: start 93cc9901-be1a-45f5-9681-0d93e627c426@group-9CF72A0E49C3-LeaderElection7
2025-04-17 16:40:29,627 [93cc9901-be1a-45f5-9681-0d93e627c426@group-9CF72A0E49C3-LeaderElection7] INFO  impl.LeaderElection (LeaderElection.java:askForVotes(332)) - 93cc9901-be1a-45f5-9681-0d93e627c426@group-9CF72A0E49C3-LeaderElection7 PRE_VOTE round 0: submit vote requests at term 0 for conf: {index: -1, cur=peers:[93cc9901-be1a-45f5-9681-0d93e627c426|127.0.0.1:15023]|listeners:[], old=null}
2025-04-17 16:40:29,627 [93cc9901-be1a-45f5-9681-0d93e627c426@group-9CF72A0E49C3-LeaderElection7] INFO  impl.LeaderElection (LeaderElection.java:askForVotes(334)) - 93cc9901-be1a-45f5-9681-0d93e627c426@group-9CF72A0E49C3-LeaderElection7 PRE_VOTE round 0: result PASSED (term=0)
2025-04-17 16:40:29,628 [93cc9901-be1a-45f5-9681-0d93e627c426@group-9CF72A0E49C3-LeaderElection7] INFO  impl.LeaderElection (LeaderElection.java:askForVotes(332)) - 93cc9901-be1a-45f5-9681-0d93e627c426@group-9CF72A0E49C3-LeaderElection7 ELECTION round 0: submit vote requests at term 1 for conf: {index: -1, cur=peers:[93cc9901-be1a-45f5-9681-0d93e627c426|127.0.0.1:15023]|listeners:[], old=null}
2025-04-17 16:40:29,628 [93cc9901-be1a-45f5-9681-0d93e627c426@group-9CF72A0E49C3-LeaderElection7] INFO  impl.LeaderElection (LeaderElection.java:askForVotes(334)) - 93cc9901-be1a-45f5-9681-0d93e627c426@group-9CF72A0E49C3-LeaderElection7 ELECTION round 0: result PASSED (term=1)
2025-04-17 16:40:29,628 [93cc9901-be1a-45f5-9681-0d93e627c426@group-9CF72A0E49C3-LeaderElection7] INFO  impl.RoleInfo (RoleInfo.java:shutdownLeaderElection(141)) - 93cc9901-be1a-45f5-9681-0d93e627c426: shutdown 93cc9901-be1a-45f5-9681-0d93e627c426@group-9CF72A0E49C3-LeaderElection7
2025-04-17 16:40:29,628 [93cc9901-be1a-45f5-9681-0d93e627c426@group-9CF72A0E49C3-LeaderElection7] INFO  server.RaftServer$Division (RaftServerImpl.java:setRole(378)) - 93cc9901-be1a-45f5-9681-0d93e627c426@group-9CF72A0E49C3: changes role from CANDIDATE to LEADER at term 1 for changeToLeader
2025-04-17 16:40:29,628 [93cc9901-be1a-45f5-9681-0d93e627c426@group-9CF72A0E49C3-LeaderElection7] INFO  server.RaftServerConfigKeys (ConfUtils.java:logGet(46)) - raft.server.staging.catchup.gap = 1000 (default)
2025-04-17 16:40:29,629 [93cc9901-be1a-45f5-9681-0d93e627c426@group-9CF72A0E49C3-LeaderElection7] INFO  server.RaftServerConfigKeys (ConfUtils.java:logGet(46)) - raft.server.write.element-limit = 1024 (custom)
2025-04-17 16:40:29,629 [93cc9901-be1a-45f5-9681-0d93e627c426@group-9CF72A0E49C3-LeaderElection7] INFO  server.RaftServerConfigKeys (ConfUtils.java:logGet(46)) - raft.server.write.byte-limit = 1024 M (=1073741824) (custom)
2025-04-17 16:40:29,629 [93cc9901-be1a-45f5-9681-0d93e627c426@group-9CF72A0E49C3-LeaderElection7] INFO  server.RaftServerConfigKeys (ConfUtils.java:logGet(46)) - raft.server.watch.timeout = 30s (custom)
2025-04-17 16:40:29,629 [93cc9901-be1a-45f5-9681-0d93e627c426@group-9CF72A0E49C3-LeaderElection7] INFO  server.RaftServerConfigKeys (ConfUtils.java:logGet(46)) - raft.server.watch.timeout.denomination = 1s (default)
2025-04-17 16:40:29,629 [93cc9901-be1a-45f5-9681-0d93e627c426@group-9CF72A0E49C3-LeaderElection7] INFO  server.RaftServerConfigKeys (ConfUtils.java:logGet(46)) - raft.server.watch.element-limit = 65536 (default)
2025-04-17 16:40:29,630 [93cc9901-be1a-45f5-9681-0d93e627c426@group-9CF72A0E49C3-LeaderElection7] INFO  server.RaftServerConfigKeys (ConfUtils.java:logGet(46)) - raft.server.read.leader.lease.enabled = false (default)
2025-04-17 16:40:29,630 [93cc9901-be1a-45f5-9681-0d93e627c426@group-9CF72A0E49C3-LeaderElection7] INFO  server.RaftServerConfigKeys (ConfUtils.java:logGet(46)) - raft.server.read.leader.lease.timeout.ratio = 0.9 (default)
2025-04-17 16:40:29,630 [93cc9901-be1a-45f5-9681-0d93e627c426@group-9CF72A0E49C3-LeaderElection7] INFO  server.RaftServerConfigKeys (ConfUtils.java:logGet(46)) - raft.server.rpc.timeout.min = 5s (custom)
2025-04-17 16:40:29,630 [93cc9901-be1a-45f5-9681-0d93e627c426@group-9CF72A0E49C3-LeaderElection7] INFO  server.RaftServerConfigKeys (ConfUtils.java:logGet(46)) - raft.server.log.log-metadata.enabled = true (default)
2025-04-17 16:40:29,630 [93cc9901-be1a-45f5-9681-0d93e627c426@group-9CF72A0E49C3-LeaderElection7] INFO  server.RaftServerConfigKeys (ConfUtils.java:logGet(46)) - raft.server.write.element-limit = 1024 (custom)
2025-04-17 16:40:29,630 [93cc9901-be1a-45f5-9681-0d93e627c426@group-9CF72A0E49C3-LeaderElection7] INFO  server.RaftServerConfigKeys (ConfUtils.java:logGet(46)) - raft.server.write.follower.gap.ratio.max = -1.0 (default)
2025-04-17 16:40:29,630 [93cc9901-be1a-45f5-9681-0d93e627c426@group-9CF72A0E49C3-LeaderElection7] INFO  impl.RoleInfo (RoleInfo.java:updateAndGet(148)) - 93cc9901-be1a-45f5-9681-0d93e627c426: start 93cc9901-be1a-45f5-9681-0d93e627c426@group-9CF72A0E49C3-LeaderStateImpl
2025-04-17 16:40:29,630 [93cc9901-be1a-45f5-9681-0d93e627c426@group-9CF72A0E49C3-LeaderElection7] INFO  server.RaftServer$Division (RaftServerImpl.java:setFirstElection(562)) - 93cc9901-be1a-45f5-9681-0d93e627c426@group-9CF72A0E49C3: set firstElectionSinceStartup to false for becomeLeader
2025-04-17 16:40:29,630 [93cc9901-be1a-45f5-9681-0d93e627c426@group-9CF72A0E49C3-LeaderElection7] INFO  ratis.XceiverServerRatis (XceiverServerRatis.java:handleLeaderChangedNotification(944)) - Leader change notification received for group: group-9CF72A0E49C3 with new leaderId: 93cc9901-be1a-45f5-9681-0d93e627c426
2025-04-17 16:40:29,631 [93cc9901-be1a-45f5-9681-0d93e627c426@group-9CF72A0E49C3-LeaderElection7] INFO  server.RaftServer$Division (ServerState.java:setLeader(272)) - 93cc9901-be1a-45f5-9681-0d93e627c426@group-9CF72A0E49C3: change Leader from null to 93cc9901-be1a-45f5-9681-0d93e627c426 at term 1 for becomeLeader, leader elected after 1117ms
2025-04-17 16:40:29,631 [93cc9901-be1a-45f5-9681-0d93e627c426@group-9CF72A0E49C3-LeaderElection7] INFO  segmented.SegmentedRaftLogWorker (SegmentedRaftLogWorker.java:startLogSegment(438)) - 93cc9901-be1a-45f5-9681-0d93e627c426@group-9CF72A0E49C3-SegmentedRaftLogWorker: Starting segment from index:0
2025-04-17 16:40:29,631 [93cc9901-be1a-45f5-9681-0d93e627c426@group-9CF72A0E49C3-LeaderElection7] INFO  server.RaftServer$Division (ServerState.java:setRaftConf(386)) - 93cc9901-be1a-45f5-9681-0d93e627c426@group-9CF72A0E49C3: set configuration conf: {index: 0, cur=peers:[93cc9901-be1a-45f5-9681-0d93e627c426|127.0.0.1:15023]|listeners:[], old=null}
2025-04-17 16:40:29,632 [93cc9901-be1a-45f5-9681-0d93e627c426@group-9CF72A0E49C3-SegmentedRaftLogWorker] INFO  segmented.BufferedWriteChannel (BufferedWriteChannel.java:open(61)) - open log_inprogress_0 at position 0
2025-04-17 16:40:29,634 [EventQueue-OpenPipelineForHealthyPipelineSafeModeRule] INFO  safemode.SCMSafeModeManager (HealthyPipelineSafeModeRule.java:process(141)) - SCM in safe mode. Healthy pipelines reported count is 0, required healthy pipeline reported count is 1
2025-04-17 16:40:29,642 [93cc9901-be1a-45f5-9681-0d93e627c426@group-9CF72A0E49C3-SegmentedRaftLogWorker] INFO  segmented.SegmentedRaftLogWorker (SegmentedRaftLogWorker.java:execute(644)) - 93cc9901-be1a-45f5-9681-0d93e627c426@group-9CF72A0E49C3-SegmentedRaftLogWorker: created new log segment /home/runner/work/ozone/ozone/hadoop-ozone/integration-test/target/test-dir/MiniOzoneClusterImpl-26e726f8-5cec-4c14-bf14-45d4895febc0/ozone-meta/datanode-2/ratis/e123c95b-dd8f-419e-a7e8-9cf72a0e49c3/current/log_inprogress_0
2025-04-17 16:40:29,644 [93cc9901-be1a-45f5-9681-0d93e627c426@group-9CF72A0E49C3-StateMachineUpdater] INFO  server.RaftServer$Division (LeaderStateImpl.java:checkStartIndex(313)) - Leader 93cc9901-be1a-45f5-9681-0d93e627c426@group-9CF72A0E49C3-LeaderStateImpl is ready since appliedIndex == startIndex == 0
2025-04-17 16:40:29,676 [93cc9901-be1a-45f5-9681-0d93e627c426@group-47CB1C91F82B-FollowerState] INFO  impl.FollowerState (FollowerState.java:runImpl(161)) - 93cc9901-be1a-45f5-9681-0d93e627c426@group-47CB1C91F82B-FollowerState: change to CANDIDATE, lastRpcElapsedTime:1108004934ns, electionTimeout:1107ms
2025-04-17 16:40:29,676 [93cc9901-be1a-45f5-9681-0d93e627c426@group-47CB1C91F82B-FollowerState] INFO  impl.RoleInfo (RoleInfo.java:shutdownFollowerState(121)) - 93cc9901-be1a-45f5-9681-0d93e627c426: shutdown 93cc9901-be1a-45f5-9681-0d93e627c426@group-47CB1C91F82B-FollowerState
2025-04-17 16:40:29,676 [93cc9901-be1a-45f5-9681-0d93e627c426@group-47CB1C91F82B-FollowerState] INFO  server.RaftServer$Division (RaftServerImpl.java:setRole(378)) - 93cc9901-be1a-45f5-9681-0d93e627c426@group-47CB1C91F82B: changes role from  FOLLOWER to CANDIDATE at term 0 for changeToCandidate
2025-04-17 16:40:29,676 [93cc9901-be1a-45f5-9681-0d93e627c426@group-47CB1C91F82B-FollowerState] INFO  server.RaftServerConfigKeys (ConfUtils.java:logGet(46)) - raft.server.leaderelection.pre-vote = true (default)
2025-04-17 16:40:29,676 [93cc9901-be1a-45f5-9681-0d93e627c426@group-47CB1C91F82B-FollowerState] INFO  impl.RoleInfo (RoleInfo.java:updateAndGet(148)) - 93cc9901-be1a-45f5-9681-0d93e627c426: start 93cc9901-be1a-45f5-9681-0d93e627c426@group-47CB1C91F82B-LeaderElection8
2025-04-17 16:40:29,676 [93cc9901-be1a-45f5-9681-0d93e627c426@group-47CB1C91F82B-LeaderElection8] INFO  impl.LeaderElection (LeaderElection.java:askForVotes(332)) - 93cc9901-be1a-45f5-9681-0d93e627c426@group-47CB1C91F82B-LeaderElection8 PRE_VOTE round 0: submit vote requests at term 0 for conf: {index: -1, cur=peers:[c825922c-8499-4d06-bbc0-08abc9a8124c|127.0.0.1:15015, a6bf55e3-38e4-411e-ac0b-5acdb6a35656|127.0.0.1:15031, 93cc9901-be1a-45f5-9681-0d93e627c426|127.0.0.1:15023]|listeners:[], old=null}
2025-04-17 16:40:29,677 [93cc9901-be1a-45f5-9681-0d93e627c426@group-47CB1C91F82B-LeaderElection8] INFO  server.RaftServerConfigKeys (ConfUtils.java:logGet(46)) - raft.server.rpc.first-election.timeout.min = 1000ms (custom)
2025-04-17 16:40:29,677 [93cc9901-be1a-45f5-9681-0d93e627c426@group-47CB1C91F82B-LeaderElection8] INFO  server.RaftServerConfigKeys (ConfUtils.java:logGet(46)) - raft.server.rpc.first-election.timeout.max = 1200ms (custom)
2025-04-17 16:40:29,679 [grpc-default-executor-0] INFO  server.RaftServer$Division (RaftServerImpl.java:requestVote(1407)) - a6bf55e3-38e4-411e-ac0b-5acdb6a35656@group-47CB1C91F82B: receive requestVote(PRE_VOTE, 93cc9901-be1a-45f5-9681-0d93e627c426, group-47CB1C91F82B, 0, (t:0, i:0))
2025-04-17 16:40:29,679 [grpc-default-executor-1] INFO  server.RaftServer$Division (RaftServerImpl.java:requestVote(1407)) - c825922c-8499-4d06-bbc0-08abc9a8124c@group-47CB1C91F82B: receive requestVote(PRE_VOTE, 93cc9901-be1a-45f5-9681-0d93e627c426, group-47CB1C91F82B, 0, (t:0, i:0))
2025-04-17 16:40:29,680 [grpc-default-executor-1] INFO  impl.VoteContext (VoteContext.java:log(49)) - c825922c-8499-4d06-bbc0-08abc9a8124c@group-47CB1C91F82B-FOLLOWER: accept PRE_VOTE from 93cc9901-be1a-45f5-9681-0d93e627c426: our priority 0 <= candidate's priority 1
2025-04-17 16:40:29,680 [grpc-default-executor-0] INFO  impl.VoteContext (VoteContext.java:log(49)) - a6bf55e3-38e4-411e-ac0b-5acdb6a35656@group-47CB1C91F82B-FOLLOWER: accept PRE_VOTE from 93cc9901-be1a-45f5-9681-0d93e627c426: our priority 0 <= candidate's priority 1
2025-04-17 16:40:29,680 [grpc-default-executor-0] INFO  server.RaftServer$Division (RaftServerImpl.java:requestVote(1441)) - a6bf55e3-38e4-411e-ac0b-5acdb6a35656@group-47CB1C91F82B replies to PRE_VOTE vote request: 93cc9901-be1a-45f5-9681-0d93e627c426<-a6bf55e3-38e4-411e-ac0b-5acdb6a35656#0:OK-t0. Peer's state: a6bf55e3-38e4-411e-ac0b-5acdb6a35656@group-47CB1C91F82B:t0, leader=null, voted=, raftlog=Memoized:a6bf55e3-38e4-411e-ac0b-5acdb6a35656@group-47CB1C91F82B-SegmentedRaftLog:OPENED:c-1:lastnull, conf=conf: {index: -1, cur=peers:[c825922c-8499-4d06-bbc0-08abc9a8124c|127.0.0.1:15015, a6bf55e3-38e4-411e-ac0b-5acdb6a35656|127.0.0.1:15031, 93cc9901-be1a-45f5-9681-0d93e627c426|127.0.0.1:15023]|listeners:[], old=null}
2025-04-17 16:40:29,680 [grpc-default-executor-1] INFO  server.RaftServer$Division (RaftServerImpl.java:requestVote(1441)) - c825922c-8499-4d06-bbc0-08abc9a8124c@group-47CB1C91F82B replies to PRE_VOTE vote request: 93cc9901-be1a-45f5-9681-0d93e627c426<-c825922c-8499-4d06-bbc0-08abc9a8124c#0:OK-t0. Peer's state: c825922c-8499-4d06-bbc0-08abc9a8124c@group-47CB1C91F82B:t0, leader=null, voted=, raftlog=Memoized:c825922c-8499-4d06-bbc0-08abc9a8124c@group-47CB1C91F82B-SegmentedRaftLog:OPENED:c-1:lastnull, conf=conf: {index: -1, cur=peers:[c825922c-8499-4d06-bbc0-08abc9a8124c|127.0.0.1:15015, a6bf55e3-38e4-411e-ac0b-5acdb6a35656|127.0.0.1:15031, 93cc9901-be1a-45f5-9681-0d93e627c426|127.0.0.1:15023]|listeners:[], old=null}
2025-04-17 16:40:29,682 [93cc9901-be1a-45f5-9681-0d93e627c426@group-47CB1C91F82B-LeaderElection8] INFO  impl.LeaderElection (LeaderElection.java:logAndReturn(90)) - 93cc9901-be1a-45f5-9681-0d93e627c426@group-47CB1C91F82B-LeaderElection8: PRE_VOTE PASSED received 1 response(s) and 0 exception(s):
2025-04-17 16:40:29,682 [93cc9901-be1a-45f5-9681-0d93e627c426@group-47CB1C91F82B-LeaderElection8] INFO  impl.LeaderElection (LeaderElection.java:logAndReturn(94)) -   Response 0: 93cc9901-be1a-45f5-9681-0d93e627c426<-c825922c-8499-4d06-bbc0-08abc9a8124c#0:OK-t0
2025-04-17 16:40:29,682 [93cc9901-be1a-45f5-9681-0d93e627c426@group-47CB1C91F82B-LeaderElection8] INFO  impl.LeaderElection (LeaderElection.java:askForVotes(334)) - 93cc9901-be1a-45f5-9681-0d93e627c426@group-47CB1C91F82B-LeaderElection8 PRE_VOTE round 0: result PASSED
2025-04-17 16:40:29,684 [93cc9901-be1a-45f5-9681-0d93e627c426@group-47CB1C91F82B-LeaderElection8] INFO  impl.LeaderElection (LeaderElection.java:askForVotes(332)) - 93cc9901-be1a-45f5-9681-0d93e627c426@group-47CB1C91F82B-LeaderElection8 ELECTION round 0: submit vote requests at term 1 for conf: {index: -1, cur=peers:[c825922c-8499-4d06-bbc0-08abc9a8124c|127.0.0.1:15015, a6bf55e3-38e4-411e-ac0b-5acdb6a35656|127.0.0.1:15031, 93cc9901-be1a-45f5-9681-0d93e627c426|127.0.0.1:15023]|listeners:[], old=null}
2025-04-17 16:40:29,684 [93cc9901-be1a-45f5-9681-0d93e627c426@group-47CB1C91F82B-LeaderElection8] INFO  server.RaftServerConfigKeys (ConfUtils.java:logGet(46)) - raft.server.rpc.first-election.timeout.min = 1000ms (custom)
2025-04-17 16:40:29,684 [93cc9901-be1a-45f5-9681-0d93e627c426@group-47CB1C91F82B-LeaderElection8] INFO  server.RaftServerConfigKeys (ConfUtils.java:logGet(46)) - raft.server.rpc.first-election.timeout.max = 1200ms (custom)
2025-04-17 16:40:29,686 [grpc-default-executor-1] INFO  server.RaftServer$Division (RaftServerImpl.java:requestVote(1407)) - c825922c-8499-4d06-bbc0-08abc9a8124c@group-47CB1C91F82B: receive requestVote(ELECTION, 93cc9901-be1a-45f5-9681-0d93e627c426, group-47CB1C91F82B, 1, (t:0, i:0))
2025-04-17 16:40:29,686 [grpc-default-executor-1] INFO  impl.VoteContext (VoteContext.java:log(49)) - c825922c-8499-4d06-bbc0-08abc9a8124c@group-47CB1C91F82B-FOLLOWER: accept ELECTION from 93cc9901-be1a-45f5-9681-0d93e627c426: our priority 0 <= candidate's priority 1
2025-04-17 16:40:29,686 [grpc-default-executor-1] INFO  server.RaftServer$Division (RaftServerImpl.java:setRole(378)) - c825922c-8499-4d06-bbc0-08abc9a8124c@group-47CB1C91F82B: changes role from  FOLLOWER to FOLLOWER at term 0 for candidate:93cc9901-be1a-45f5-9681-0d93e627c426
2025-04-17 16:40:29,686 [grpc-default-executor-1] INFO  impl.RoleInfo (RoleInfo.java:shutdownFollowerState(121)) - c825922c-8499-4d06-bbc0-08abc9a8124c: shutdown c825922c-8499-4d06-bbc0-08abc9a8124c@group-47CB1C91F82B-FollowerState
2025-04-17 16:40:29,686 [grpc-default-executor-1] INFO  impl.RoleInfo (RoleInfo.java:updateAndGet(148)) - c825922c-8499-4d06-bbc0-08abc9a8124c: start c825922c-8499-4d06-bbc0-08abc9a8124c@group-47CB1C91F82B-FollowerState
2025-04-17 16:40:29,686 [c825922c-8499-4d06-bbc0-08abc9a8124c@group-47CB1C91F82B-FollowerState] INFO  impl.FollowerState (FollowerState.java:runImpl(170)) - c825922c-8499-4d06-bbc0-08abc9a8124c@group-47CB1C91F82B-FollowerState was interrupted
2025-04-17 16:40:29,687 [grpc-default-executor-0] INFO  server.RaftServer$Division (RaftServerImpl.java:requestVote(1407)) - a6bf55e3-38e4-411e-ac0b-5acdb6a35656@group-47CB1C91F82B: receive requestVote(ELECTION, 93cc9901-be1a-45f5-9681-0d93e627c426, group-47CB1C91F82B, 1, (t:0, i:0))
2025-04-17 16:40:29,687 [grpc-default-executor-0] INFO  impl.VoteContext (VoteContext.java:log(49)) - a6bf55e3-38e4-411e-ac0b-5acdb6a35656@group-47CB1C91F82B-FOLLOWER: accept ELECTION from 93cc9901-be1a-45f5-9681-0d93e627c426: our priority 0 <= candidate's priority 1
2025-04-17 16:40:29,687 [grpc-default-executor-0] INFO  server.RaftServer$Division (RaftServerImpl.java:setRole(378)) - a6bf55e3-38e4-411e-ac0b-5acdb6a35656@group-47CB1C91F82B: changes role from  FOLLOWER to FOLLOWER at term 0 for candidate:93cc9901-be1a-45f5-9681-0d93e627c426
2025-04-17 16:40:29,687 [grpc-default-executor-0] INFO  impl.RoleInfo (RoleInfo.java:shutdownFollowerState(121)) - a6bf55e3-38e4-411e-ac0b-5acdb6a35656: shutdown a6bf55e3-38e4-411e-ac0b-5acdb6a35656@group-47CB1C91F82B-FollowerState
2025-04-17 16:40:29,688 [grpc-default-executor-0] INFO  impl.RoleInfo (RoleInfo.java:updateAndGet(148)) - a6bf55e3-38e4-411e-ac0b-5acdb6a35656: start a6bf55e3-38e4-411e-ac0b-5acdb6a35656@group-47CB1C91F82B-FollowerState
2025-04-17 16:40:29,688 [a6bf55e3-38e4-411e-ac0b-5acdb6a35656@group-47CB1C91F82B-FollowerState] INFO  impl.FollowerState (FollowerState.java:runImpl(170)) - a6bf55e3-38e4-411e-ac0b-5acdb6a35656@group-47CB1C91F82B-FollowerState was interrupted
2025-04-17 16:40:29,688 [a6bf55e3-38e4-411e-ac0b-5acdb6a35656@group-47CB1C91F82B-FollowerState] INFO  server.RaftServerConfigKeys (ConfUtils.java:logGet(46)) - raft.server.rpc.first-election.timeout.min = 1000ms (custom)
2025-04-17 16:40:29,688 [a6bf55e3-38e4-411e-ac0b-5acdb6a35656@group-47CB1C91F82B-FollowerState] INFO  server.RaftServerConfigKeys (ConfUtils.java:logGet(46)) - raft.server.rpc.first-election.timeout.max = 1200ms (custom)
2025-04-17 16:40:29,688 [grpc-default-executor-0] INFO  server.RaftServer$Division (RaftServerImpl.java:setFirstElection(562)) - a6bf55e3-38e4-411e-ac0b-5acdb6a35656@group-47CB1C91F82B: set firstElectionSinceStartup to false for candidate:93cc9901-be1a-45f5-9681-0d93e627c426
2025-04-17 16:40:29,689 [grpc-default-executor-1] INFO  server.RaftServer$Division (RaftServerImpl.java:requestVote(1441)) - c825922c-8499-4d06-bbc0-08abc9a8124c@group-47CB1C91F82B replies to ELECTION vote request: 93cc9901-be1a-45f5-9681-0d93e627c426<-c825922c-8499-4d06-bbc0-08abc9a8124c#0:OK-t1. Peer's state: c825922c-8499-4d06-bbc0-08abc9a8124c@group-47CB1C91F82B:t1, leader=null, voted=93cc9901-be1a-45f5-9681-0d93e627c426, raftlog=Memoized:c825922c-8499-4d06-bbc0-08abc9a8124c@group-47CB1C91F82B-SegmentedRaftLog:OPENED:c-1:lastnull, conf=conf: {index: -1, cur=peers:[c825922c-8499-4d06-bbc0-08abc9a8124c|127.0.0.1:15015, a6bf55e3-38e4-411e-ac0b-5acdb6a35656|127.0.0.1:15031, 93cc9901-be1a-45f5-9681-0d93e627c426|127.0.0.1:15023]|listeners:[], old=null}
2025-04-17 16:40:29,690 [93cc9901-be1a-45f5-9681-0d93e627c426@group-47CB1C91F82B-LeaderElection8] INFO  impl.LeaderElection (LeaderElection.java:logAndReturn(90)) - 93cc9901-be1a-45f5-9681-0d93e627c426@group-47CB1C91F82B-LeaderElection8: ELECTION PASSED received 1 response(s) and 0 exception(s):
2025-04-17 16:40:29,690 [93cc9901-be1a-45f5-9681-0d93e627c426@group-47CB1C91F82B-LeaderElection8] INFO  impl.LeaderElection (LeaderElection.java:logAndReturn(94)) -   Response 0: 93cc9901-be1a-45f5-9681-0d93e627c426<-c825922c-8499-4d06-bbc0-08abc9a8124c#0:OK-t1
2025-04-17 16:40:29,690 [93cc9901-be1a-45f5-9681-0d93e627c426@group-47CB1C91F82B-LeaderElection8] INFO  impl.LeaderElection (LeaderElection.java:askForVotes(334)) - 93cc9901-be1a-45f5-9681-0d93e627c426@group-47CB1C91F82B-LeaderElection8 ELECTION round 0: result PASSED
2025-04-17 16:40:29,691 [93cc9901-be1a-45f5-9681-0d93e627c426@group-47CB1C91F82B-LeaderElection8] INFO  impl.RoleInfo (RoleInfo.java:shutdownLeaderElection(141)) - 93cc9901-be1a-45f5-9681-0d93e627c426: shutdown 93cc9901-be1a-45f5-9681-0d93e627c426@group-47CB1C91F82B-LeaderElection8
2025-04-17 16:40:29,691 [93cc9901-be1a-45f5-9681-0d93e627c426@group-47CB1C91F82B-LeaderElection8] INFO  server.RaftServer$Division (RaftServerImpl.java:setRole(378)) - 93cc9901-be1a-45f5-9681-0d93e627c426@group-47CB1C91F82B: changes role from CANDIDATE to LEADER at term 1 for changeToLeader
2025-04-17 16:40:29,691 [93cc9901-be1a-45f5-9681-0d93e627c426@group-47CB1C91F82B-LeaderElection8] INFO  server.RaftServerConfigKeys (ConfUtils.java:logGet(46)) - raft.server.staging.catchup.gap = 1000 (default)
2025-04-17 16:40:29,690 [grpc-default-executor-0] INFO  server.RaftServer$Division (RaftServerImpl.java:requestVote(1441)) - a6bf55e3-38e4-411e-ac0b-5acdb6a35656@group-47CB1C91F82B replies to ELECTION vote request: 93cc9901-be1a-45f5-9681-0d93e627c426<-a6bf55e3-38e4-411e-ac0b-5acdb6a35656#0:OK-t1. Peer's state: a6bf55e3-38e4-411e-ac0b-5acdb6a35656@group-47CB1C91F82B:t1, leader=null, voted=93cc9901-be1a-45f5-9681-0d93e627c426, raftlog=Memoized:a6bf55e3-38e4-411e-ac0b-5acdb6a35656@group-47CB1C91F82B-SegmentedRaftLog:OPENED:c-1:lastnull, conf=conf: {index: -1, cur=peers:[c825922c-8499-4d06-bbc0-08abc9a8124c|127.0.0.1:15015, a6bf55e3-38e4-411e-ac0b-5acdb6a35656|127.0.0.1:15031, 93cc9901-be1a-45f5-9681-0d93e627c426|127.0.0.1:15023]|listeners:[], old=null}
2025-04-17 16:40:29,691 [93cc9901-be1a-45f5-9681-0d93e627c426@group-47CB1C91F82B-LeaderElection8] INFO  server.RaftServerConfigKeys (ConfUtils.java:logGet(46)) - raft.server.write.element-limit = 1024 (custom)
2025-04-17 16:40:29,691 [93cc9901-be1a-45f5-9681-0d93e627c426@group-47CB1C91F82B-LeaderElection8] INFO  server.RaftServerConfigKeys (ConfUtils.java:logGet(46)) - raft.server.write.byte-limit = 1024 M (=1073741824) (custom)
2025-04-17 16:40:29,691 [93cc9901-be1a-45f5-9681-0d93e627c426@group-47CB1C91F82B-LeaderElection8] INFO  server.RaftServerConfigKeys (ConfUtils.java:logGet(46)) - raft.server.watch.timeout = 30s (custom)
2025-04-17 16:40:29,691 [93cc9901-be1a-45f5-9681-0d93e627c426@group-47CB1C91F82B-LeaderElection8] INFO  server.RaftServerConfigKeys (ConfUtils.java:logGet(46)) - raft.server.watch.timeout.denomination = 1s (default)
2025-04-17 16:40:29,691 [93cc9901-be1a-45f5-9681-0d93e627c426@group-47CB1C91F82B-LeaderElection8] INFO  server.RaftServerConfigKeys (ConfUtils.java:logGet(46)) - raft.server.watch.element-limit = 65536 (default)
2025-04-17 16:40:29,692 [93cc9901-be1a-45f5-9681-0d93e627c426@group-47CB1C91F82B-LeaderElection8] INFO  server.RaftServerConfigKeys (ConfUtils.java:logGet(46)) - raft.server.read.leader.lease.enabled = false (default)
2025-04-17 16:40:29,692 [93cc9901-be1a-45f5-9681-0d93e627c426@group-47CB1C91F82B-LeaderElection8] INFO  server.RaftServerConfigKeys (ConfUtils.java:logGet(46)) - raft.server.read.leader.lease.timeout.ratio = 0.9 (default)
2025-04-17 16:40:29,692 [93cc9901-be1a-45f5-9681-0d93e627c426@group-47CB1C91F82B-LeaderElection8] INFO  server.RaftServerConfigKeys (ConfUtils.java:logGet(46)) - raft.server.rpc.timeout.min = 5s (custom)
2025-04-17 16:40:29,692 [93cc9901-be1a-45f5-9681-0d93e627c426@group-47CB1C91F82B-LeaderElection8] INFO  server.RaftServerConfigKeys (ConfUtils.java:logGet(46)) - raft.server.log.log-metadata.enabled = true (default)
2025-04-17 16:40:29,692 [93cc9901-be1a-45f5-9681-0d93e627c426@group-47CB1C91F82B-LeaderElection8] INFO  server.RaftServerConfigKeys (ConfUtils.java:logGet(46)) - raft.server.write.element-limit = 1024 (custom)
2025-04-17 16:40:29,692 [93cc9901-be1a-45f5-9681-0d93e627c426@group-47CB1C91F82B-LeaderElection8] INFO  server.RaftServerConfigKeys (ConfUtils.java:logGet(46)) - raft.server.write.follower.gap.ratio.max = -1.0 (default)
2025-04-17 16:40:29,700 [93cc9901-be1a-45f5-9681-0d93e627c426@group-47CB1C91F82B-LeaderElection8] INFO  server.RaftServerConfigKeys (ConfUtils.java:logGet(46)) - raft.server.log.appender.snapshot.chunk.size.max = 16MB (=16777216) (default)
2025-04-17 16:40:29,702 [93cc9901-be1a-45f5-9681-0d93e627c426@group-47CB1C91F82B-LeaderElection8] INFO  server.RaftServerConfigKeys (ConfUtils.java:logGet(46)) - raft.server.log.appender.buffer.byte-limit = 33554432 (custom)
2025-04-17 16:40:29,702 [93cc9901-be1a-45f5-9681-0d93e627c426@group-47CB1C91F82B-LeaderElection8] INFO  server.RaftServerConfigKeys (ConfUtils.java:logGet(46)) - raft.server.log.appender.buffer.element-limit = 1024 (custom)
2025-04-17 16:40:29,704 [93cc9901-be1a-45f5-9681-0d93e627c426@group-47CB1C91F82B-LeaderElection8] INFO  server.RaftServerConfigKeys (ConfUtils.java:logGet(46)) - raft.server.log.appender.wait-time.min = 0μs (custom)
2025-04-17 16:40:29,705 [93cc9901-be1a-45f5-9681-0d93e627c426@group-47CB1C91F82B-LeaderElection8] INFO  grpc.GrpcConfigKeys (ConfUtils.java:logGet(46)) - raft.grpc.server.leader.outstanding.appends.max = 8 (default)
2025-04-17 16:40:29,706 [93cc9901-be1a-45f5-9681-0d93e627c426@group-47CB1C91F82B-LeaderElection8] INFO  server.RaftServerConfigKeys (ConfUtils.java:logGet(46)) - raft.server.rpc.request.timeout = 60s (custom)
2025-04-17 16:40:29,706 [93cc9901-be1a-45f5-9681-0d93e627c426@group-47CB1C91F82B-LeaderElection8] INFO  grpc.GrpcConfigKeys (ConfUtils.java:logGet(46)) - raft.grpc.server.install_snapshot.request.element-limit = 8 (default)
2025-04-17 16:40:29,706 [93cc9901-be1a-45f5-9681-0d93e627c426@group-47CB1C91F82B-LeaderElection8] INFO  grpc.GrpcConfigKeys (ConfUtils.java:logGet(46)) - raft.grpc.server.install_snapshot.request.timeout = 3000ms (default)
2025-04-17 16:40:29,707 [93cc9901-be1a-45f5-9681-0d93e627c426@group-47CB1C91F82B-LeaderElection8] INFO  grpc.GrpcConfigKeys (ConfUtils.java:logGet(46)) - raft.grpc.server.log-message.batch.duration = 5s (default)
2025-04-17 16:40:29,707 [93cc9901-be1a-45f5-9681-0d93e627c426@group-47CB1C91F82B-LeaderElection8] INFO  server.RaftServerConfigKeys (ConfUtils.java:logGet(46)) - raft.server.log.appender.install.snapshot.enabled = false (custom)
2025-04-17 16:40:29,707 [93cc9901-be1a-45f5-9681-0d93e627c426@group-47CB1C91F82B-LeaderElection8] INFO  grpc.GrpcConfigKeys (ConfUtils.java:logGet(46)) - raft.grpc.server.heartbeat.channel = true (default)
2025-04-17 16:40:29,710 [93cc9901-be1a-45f5-9681-0d93e627c426@group-47CB1C91F82B-LeaderElection8] INFO  server.RaftServerConfigKeys (ConfUtils.java:logGet(46)) - raft.server.log.appender.snapshot.chunk.size.max = 16MB (=16777216) (default)
2025-04-17 16:40:29,711 [93cc9901-be1a-45f5-9681-0d93e627c426@group-47CB1C91F82B-LeaderElection8] INFO  server.RaftServerConfigKeys (ConfUtils.java:logGet(46)) - raft.server.log.appender.buffer.byte-limit = 33554432 (custom)
2025-04-17 16:40:29,711 [93cc9901-be1a-45f5-9681-0d93e627c426@group-47CB1C91F82B-LeaderElection8] INFO  server.RaftServerConfigKeys (ConfUtils.java:logGet(46)) - raft.server.log.appender.buffer.element-limit = 1024 (custom)
2025-04-17 16:40:29,711 [93cc9901-be1a-45f5-9681-0d93e627c426@group-47CB1C91F82B-LeaderElection8] INFO  server.RaftServerConfigKeys (ConfUtils.java:logGet(46)) - raft.server.log.appender.wait-time.min = 0μs (custom)
2025-04-17 16:40:29,712 [93cc9901-be1a-45f5-9681-0d93e627c426@group-47CB1C91F82B-LeaderElection8] INFO  grpc.GrpcConfigKeys (ConfUtils.java:logGet(46)) - raft.grpc.server.leader.outstanding.appends.max = 8 (default)
2025-04-17 16:40:29,712 [93cc9901-be1a-45f5-9681-0d93e627c426@group-47CB1C91F82B-LeaderElection8] INFO  server.RaftServerConfigKeys (ConfUtils.java:logGet(46)) - raft.server.rpc.request.timeout = 60s (custom)
2025-04-17 16:40:29,712 [93cc9901-be1a-45f5-9681-0d93e627c426@group-47CB1C91F82B-LeaderElection8] INFO  grpc.GrpcConfigKeys (ConfUtils.java:logGet(46)) - raft.grpc.server.install_snapshot.request.element-limit = 8 (default)
2025-04-17 16:40:29,712 [93cc9901-be1a-45f5-9681-0d93e627c426@group-47CB1C91F82B-LeaderElection8] INFO  grpc.GrpcConfigKeys (ConfUtils.java:logGet(46)) - raft.grpc.server.install_snapshot.request.timeout = 3000ms (default)
2025-04-17 16:40:29,712 [93cc9901-be1a-45f5-9681-0d93e627c426@group-47CB1C91F82B-LeaderElection8] INFO  grpc.GrpcConfigKeys (ConfUtils.java:logGet(46)) - raft.grpc.server.log-message.batch.duration = 5s (default)
2025-04-17 16:40:29,712 [93cc9901-be1a-45f5-9681-0d93e627c426@group-47CB1C91F82B-LeaderElection8] INFO  server.RaftServerConfigKeys (ConfUtils.java:logGet(46)) - raft.server.log.appender.install.snapshot.enabled = false (custom)
2025-04-17 16:40:29,712 [93cc9901-be1a-45f5-9681-0d93e627c426@group-47CB1C91F82B-LeaderElection8] INFO  grpc.GrpcConfigKeys (ConfUtils.java:logGet(46)) - raft.grpc.server.heartbeat.channel = true (default)
2025-04-17 16:40:29,713 [93cc9901-be1a-45f5-9681-0d93e627c426@group-47CB1C91F82B-LeaderElection8] INFO  impl.RoleInfo (RoleInfo.java:updateAndGet(148)) - 93cc9901-be1a-45f5-9681-0d93e627c426: start 93cc9901-be1a-45f5-9681-0d93e627c426@group-47CB1C91F82B-LeaderStateImpl
2025-04-17 16:40:29,713 [93cc9901-be1a-45f5-9681-0d93e627c426@group-47CB1C91F82B-LeaderElection8] INFO  server.RaftServer$Division (RaftServerImpl.java:setFirstElection(562)) - 93cc9901-be1a-45f5-9681-0d93e627c426@group-47CB1C91F82B: set firstElectionSinceStartup to false for becomeLeader
2025-04-17 16:40:29,714 [93cc9901-be1a-45f5-9681-0d93e627c426@group-47CB1C91F82B-LeaderElection8] INFO  ratis.XceiverServerRatis (XceiverServerRatis.java:handleLeaderChangedNotification(944)) - Leader change notification received for group: group-47CB1C91F82B with new leaderId: 93cc9901-be1a-45f5-9681-0d93e627c426
2025-04-17 16:40:29,715 [93cc9901-be1a-45f5-9681-0d93e627c426@group-47CB1C91F82B-LeaderElection8] INFO  server.RaftServer$Division (ServerState.java:setLeader(272)) - 93cc9901-be1a-45f5-9681-0d93e627c426@group-47CB1C91F82B: change Leader from null to 93cc9901-be1a-45f5-9681-0d93e627c426 at term 1 for becomeLeader, leader elected after 1172ms
2025-04-17 16:40:29,716 [93cc9901-be1a-45f5-9681-0d93e627c426@group-47CB1C91F82B-LeaderElection8] INFO  segmented.SegmentedRaftLogWorker (SegmentedRaftLogWorker.java:startLogSegment(438)) - 93cc9901-be1a-45f5-9681-0d93e627c426@group-47CB1C91F82B-SegmentedRaftLogWorker: Starting segment from index:0
2025-04-17 16:40:29,717 [93cc9901-be1a-45f5-9681-0d93e627c426@group-47CB1C91F82B-LeaderElection8] INFO  server.RaftServer$Division (ServerState.java:setRaftConf(386)) - 93cc9901-be1a-45f5-9681-0d93e627c426@group-47CB1C91F82B: set configuration conf: {index: 0, cur=peers:[c825922c-8499-4d06-bbc0-08abc9a8124c|127.0.0.1:15015, a6bf55e3-38e4-411e-ac0b-5acdb6a35656|127.0.0.1:15031, 93cc9901-be1a-45f5-9681-0d93e627c426|127.0.0.1:15023]|listeners:[], old=null}
2025-04-17 16:40:29,717 [93cc9901-be1a-45f5-9681-0d93e627c426@group-47CB1C91F82B-SegmentedRaftLogWorker] INFO  segmented.BufferedWriteChannel (BufferedWriteChannel.java:open(61)) - open log_inprogress_0 at position 0
2025-04-17 16:40:29,724 [50f19a77-e23b-421f-a833-5664bb01cf1c@group-45D4895FEBC0-StateMachineUpdater] INFO  safemode.HealthyPipelineSafeModeRule (HealthyPipelineSafeModeRule.java:initializeRule(174)) - Refreshed total pipeline count is 1, healthy pipeline threshold count is 1
2025-04-17 16:40:29,727 [EventQueue-PipelineReportForPipelineReportHandler] INFO  pipeline.PipelineReportHandler (PipelineReportHandler.java:processPipelineReport(134)) - Opened pipeline PipelineID=5bdf7528-583f-4406-99f6-47cb1c91f82b
2025-04-17 16:40:29,727 [EventQueue-OpenPipelineForHealthyPipelineSafeModeRule] INFO  safemode.SCMSafeModeManager (HealthyPipelineSafeModeRule.java:process(141)) - SCM in safe mode. Healthy pipelines reported count is 1, required healthy pipeline reported count is 1
2025-04-17 16:40:29,727 [EventQueue-OpenPipelineForHealthyPipelineSafeModeRule] INFO  safemode.SCMSafeModeManager (SCMSafeModeManager.java:validateSafeModeExitRules(186)) - HealthyPipelineSafeModeRule rule is successfully validated
2025-04-17 16:40:29,727 [EventQueue-OpenPipelineForHealthyPipelineSafeModeRule] INFO  safemode.SCMSafeModeManager (SCMSafeModeManager.java:validateSafeModeExitRules(201)) - ScmSafeModeManager, all rules are successfully validated
2025-04-17 16:40:29,727 [EventQueue-OpenPipelineForHealthyPipelineSafeModeRule] INFO  safemode.SCMSafeModeManager (SCMSafeModeManager.java:exitSafeMode(231)) - SCM exiting safe mode.
2025-04-17 16:40:29,727 [EventQueue-OpenPipelineForHealthyPipelineSafeModeRule] INFO  ha.SCMContext (SCMContext.java:updateSafeModeStatus(224)) - Update SafeModeStatus from SafeModeStatus{safeModeStatus=true, preCheckPassed=true} to SafeModeStatus{safeModeStatus=false, preCheckPassed=true}.
2025-04-17 16:40:29,727 [EventQueue-OpenPipelineForHealthyPipelineSafeModeRule] INFO  BackgroundPipelineScrubber (BackgroundSCMService.java:notifyStatusChanged(78)) - Service BackgroundPipelineScrubber transitions to RUNNING.
2025-04-17 16:40:29,727 [EventQueue-OpenPipelineForHealthyPipelineSafeModeRule] INFO  ExpiredContainerReplicaOpScrubber (BackgroundSCMService.java:notifyStatusChanged(78)) - Service ExpiredContainerReplicaOpScrubber transitions to RUNNING.
2025-04-17 16:40:29,727 [EventQueue-OpenPipelineForHealthyPipelineSafeModeRule] INFO  block.SCMBlockDeletingService (SCMBlockDeletingService.java:notifyStatusChanged(250)) - notifyStatusChanged:RUNNING
2025-04-17 16:40:29,728 [EventQueue-OpenPipelineForHealthyPipelineSafeModeRule] INFO  replication.ReplicationManager (ReplicationManager.java:notifyStatusChanged(1386)) - Service ReplicationManager transitions to RUNNING.
2025-04-17 16:40:29,740 [EventQueue-OpenPipelineForHealthyPipelineSafeModeRule] WARN  balancer.ContainerBalancer (ContainerBalancer.java:shouldRun(134)) - Could not find persisted configuration for ContainerBalancer when checking if ContainerBalancer should run. ContainerBalancer should not run now.
2025-04-17 16:40:29,740 [EventQueue-OpenPipelineForHealthyPipelineSafeModeRule] INFO  SCMHATransactionMonitor (BackgroundSCMService.java:notifyStatusChanged(78)) - Service SCMHATransactionMonitor transitions to RUNNING.
2025-04-17 16:40:29,740 [93cc9901-be1a-45f5-9681-0d93e627c426@group-47CB1C91F82B-SegmentedRaftLogWorker] INFO  segmented.SegmentedRaftLogWorker (SegmentedRaftLogWorker.java:execute(644)) - 93cc9901-be1a-45f5-9681-0d93e627c426@group-47CB1C91F82B-SegmentedRaftLogWorker: created new log segment /home/runner/work/ozone/ozone/hadoop-ozone/integration-test/target/test-dir/MiniOzoneClusterImpl-26e726f8-5cec-4c14-bf14-45d4895febc0/ozone-meta/datanode-2/ratis/5bdf7528-583f-4406-99f6-47cb1c91f82b/current/log_inprogress_0
2025-04-17 16:40:29,747 [c825922c-8499-4d06-bbc0-08abc9a8124c-server-thread1] INFO  ratis.XceiverServerRatis (XceiverServerRatis.java:handleLeaderChangedNotification(944)) - Leader change notification received for group: group-47CB1C91F82B with new leaderId: 93cc9901-be1a-45f5-9681-0d93e627c426
2025-04-17 16:40:29,747 [c825922c-8499-4d06-bbc0-08abc9a8124c-server-thread1] INFO  server.RaftServer$Division (ServerState.java:setLeader(272)) - c825922c-8499-4d06-bbc0-08abc9a8124c@group-47CB1C91F82B: change Leader from null to 93cc9901-be1a-45f5-9681-0d93e627c426 at term 1 for appendEntries, leader elected after 1425ms
2025-04-17 16:40:29,749 [a6bf55e3-38e4-411e-ac0b-5acdb6a35656-server-thread1] INFO  ratis.XceiverServerRatis (XceiverServerRatis.java:handleLeaderChangedNotification(944)) - Leader change notification received for group: group-47CB1C91F82B with new leaderId: 93cc9901-be1a-45f5-9681-0d93e627c426
2025-04-17 16:40:29,749 [a6bf55e3-38e4-411e-ac0b-5acdb6a35656-server-thread1] INFO  server.RaftServer$Division (ServerState.java:setLeader(272)) - a6bf55e3-38e4-411e-ac0b-5acdb6a35656@group-47CB1C91F82B: change Leader from null to 93cc9901-be1a-45f5-9681-0d93e627c426 at term 1 for appendEntries, leader elected after 1136ms
2025-04-17 16:40:29,760 [a6bf55e3-38e4-411e-ac0b-5acdb6a35656-server-thread1] INFO  server.RaftServer$Division (ServerState.java:setRaftConf(386)) - a6bf55e3-38e4-411e-ac0b-5acdb6a35656@group-47CB1C91F82B: set configuration conf: {index: 0, cur=peers:[c825922c-8499-4d06-bbc0-08abc9a8124c|127.0.0.1:15015, a6bf55e3-38e4-411e-ac0b-5acdb6a35656|127.0.0.1:15031, 93cc9901-be1a-45f5-9681-0d93e627c426|127.0.0.1:15023]|listeners:[], old=null}
2025-04-17 16:40:29,761 [c825922c-8499-4d06-bbc0-08abc9a8124c-server-thread1] INFO  server.RaftServer$Division (ServerState.java:setRaftConf(386)) - c825922c-8499-4d06-bbc0-08abc9a8124c@group-47CB1C91F82B: set configuration conf: {index: 0, cur=peers:[c825922c-8499-4d06-bbc0-08abc9a8124c|127.0.0.1:15015, a6bf55e3-38e4-411e-ac0b-5acdb6a35656|127.0.0.1:15031, 93cc9901-be1a-45f5-9681-0d93e627c426|127.0.0.1:15023]|listeners:[], old=null}
2025-04-17 16:40:29,761 [a6bf55e3-38e4-411e-ac0b-5acdb6a35656-server-thread1] INFO  segmented.SegmentedRaftLogWorker (SegmentedRaftLogWorker.java:startLogSegment(438)) - a6bf55e3-38e4-411e-ac0b-5acdb6a35656@group-47CB1C91F82B-SegmentedRaftLogWorker: Starting segment from index:0
2025-04-17 16:40:29,762 [a6bf55e3-38e4-411e-ac0b-5acdb6a35656@group-47CB1C91F82B-SegmentedRaftLogWorker] INFO  segmented.BufferedWriteChannel (BufferedWriteChannel.java:open(61)) - open log_inprogress_0 at position 0
2025-04-17 16:40:29,762 [c825922c-8499-4d06-bbc0-08abc9a8124c-server-thread1] INFO  segmented.SegmentedRaftLogWorker (SegmentedRaftLogWorker.java:startLogSegment(438)) - c825922c-8499-4d06-bbc0-08abc9a8124c@group-47CB1C91F82B-SegmentedRaftLogWorker: Starting segment from index:0
2025-04-17 16:40:29,763 [c825922c-8499-4d06-bbc0-08abc9a8124c@group-47CB1C91F82B-SegmentedRaftLogWorker] INFO  segmented.BufferedWriteChannel (BufferedWriteChannel.java:open(61)) - open log_inprogress_0 at position 0
2025-04-17 16:40:29,776 [c825922c-8499-4d06-bbc0-08abc9a8124c@group-47CB1C91F82B-SegmentedRaftLogWorker] INFO  segmented.SegmentedRaftLogWorker (SegmentedRaftLogWorker.java:execute(644)) - c825922c-8499-4d06-bbc0-08abc9a8124c@group-47CB1C91F82B-SegmentedRaftLogWorker: created new log segment /home/runner/work/ozone/ozone/hadoop-ozone/integration-test/target/test-dir/MiniOzoneClusterImpl-26e726f8-5cec-4c14-bf14-45d4895febc0/ozone-meta/datanode-1/ratis/5bdf7528-583f-4406-99f6-47cb1c91f82b/current/log_inprogress_0
2025-04-17 16:40:29,778 [a6bf55e3-38e4-411e-ac0b-5acdb6a35656@group-47CB1C91F82B-SegmentedRaftLogWorker] INFO  segmented.SegmentedRaftLogWorker (SegmentedRaftLogWorker.java:execute(644)) - a6bf55e3-38e4-411e-ac0b-5acdb6a35656@group-47CB1C91F82B-SegmentedRaftLogWorker: created new log segment /home/runner/work/ozone/ozone/hadoop-ozone/integration-test/target/test-dir/MiniOzoneClusterImpl-26e726f8-5cec-4c14-bf14-45d4895febc0/ozone-meta/datanode-3/ratis/5bdf7528-583f-4406-99f6-47cb1c91f82b/current/log_inprogress_0
2025-04-17 16:40:29,786 [93cc9901-be1a-45f5-9681-0d93e627c426@group-47CB1C91F82B-StateMachineUpdater] INFO  server.RaftServer$Division (LeaderStateImpl.java:checkStartIndex(313)) - Leader 93cc9901-be1a-45f5-9681-0d93e627c426@group-47CB1C91F82B-LeaderStateImpl is ready since appliedIndex == startIndex == 0
2025-04-17 16:40:29,822 [c825922c-8499-4d06-bbc0-08abc9a8124c@group-47C15F12B665-FollowerState] INFO  server.RaftServerConfigKeys (ConfUtils.java:logGet(46)) - raft.server.rpc.first-election.timeout.min = 1000ms (custom)
2025-04-17 16:40:29,823 [c825922c-8499-4d06-bbc0-08abc9a8124c@group-47C15F12B665-FollowerState] INFO  server.RaftServerConfigKeys (ConfUtils.java:logGet(46)) - raft.server.rpc.first-election.timeout.max = 1200ms (custom)
2025-04-17 16:40:29,828 [main] INFO  ozone.MiniOzoneClusterImpl (MiniOzoneClusterImpl.java:lambda$waitForClusterToBeReady$0(190)) - Nodes are ready. Got 5 of 5 DN Heartbeats.
2025-04-17 16:40:29,828 [main] INFO  ozone.MiniOzoneClusterImpl (MiniOzoneClusterImpl.java:lambda$waitForClusterToBeReady$0(193)) - Cluster exits safe mode
2025-04-17 16:40:29,828 [main] INFO  ozone.MiniOzoneClusterImpl (MiniOzoneClusterImpl.java:lambda$waitForClusterToBeReady$0(195)) - SCM became leader
2025-04-17 16:40:29,829 [c825922c-8499-4d06-bbc0-08abc9a8124c@group-3A10B81F0950-FollowerState] INFO  impl.FollowerState (FollowerState.java:runImpl(161)) - c825922c-8499-4d06-bbc0-08abc9a8124c@group-3A10B81F0950-FollowerState: change to CANDIDATE, lastRpcElapsedTime:1031930274ns, electionTimeout:1030ms
2025-04-17 16:40:29,829 [c825922c-8499-4d06-bbc0-08abc9a8124c@group-3A10B81F0950-FollowerState] INFO  impl.RoleInfo (RoleInfo.java:shutdownFollowerState(121)) - c825922c-8499-4d06-bbc0-08abc9a8124c: shutdown c825922c-8499-4d06-bbc0-08abc9a8124c@group-3A10B81F0950-FollowerState
2025-04-17 16:40:29,829 [c825922c-8499-4d06-bbc0-08abc9a8124c@group-3A10B81F0950-FollowerState] INFO  server.RaftServer$Division (RaftServerImpl.java:setRole(378)) - c825922c-8499-4d06-bbc0-08abc9a8124c@group-3A10B81F0950: changes role from  FOLLOWER to CANDIDATE at term 0 for changeToCandidate
2025-04-17 16:40:29,829 [c825922c-8499-4d06-bbc0-08abc9a8124c@group-3A10B81F0950-FollowerState] INFO  server.RaftServerConfigKeys (ConfUtils.java:logGet(46)) - raft.server.leaderelection.pre-vote = true (default)
2025-04-17 16:40:29,830 [c825922c-8499-4d06-bbc0-08abc9a8124c@group-3A10B81F0950-FollowerState] INFO  impl.RoleInfo (RoleInfo.java:updateAndGet(148)) - c825922c-8499-4d06-bbc0-08abc9a8124c: start c825922c-8499-4d06-bbc0-08abc9a8124c@group-3A10B81F0950-LeaderElection9
2025-04-17 16:40:29,831 [main] INFO  proxy.SCMContainerLocationFailoverProxyProvider (SCMFailoverProxyProviderBase.java:<init>(120)) - Created fail-over proxy for protocol StorageContainerLocationProtocolPB with 1 nodes: [nodeId=scmNodeId,nodeAddress=/0.0.0.0:15000]
2025-04-17 16:40:29,832 [93cc9901-be1a-45f5-9681-0d93e627c426@group-3A10B81F0950-FollowerState] INFO  impl.FollowerState (FollowerState.java:runImpl(161)) - 93cc9901-be1a-45f5-9681-0d93e627c426@group-3A10B81F0950-FollowerState: change to CANDIDATE, lastRpcElapsedTime:1068513895ns, electionTimeout:1066ms
2025-04-17 16:40:29,832 [93cc9901-be1a-45f5-9681-0d93e627c426@group-3A10B81F0950-FollowerState] INFO  impl.RoleInfo (RoleInfo.java:shutdownFollowerState(121)) - 93cc9901-be1a-45f5-9681-0d93e627c426: shutdown 93cc9901-be1a-45f5-9681-0d93e627c426@group-3A10B81F0950-FollowerState
2025-04-17 16:40:29,832 [93cc9901-be1a-45f5-9681-0d93e627c426@group-3A10B81F0950-FollowerState] INFO  server.RaftServer$Division (RaftServerImpl.java:setRole(378)) - 93cc9901-be1a-45f5-9681-0d93e627c426@group-3A10B81F0950: changes role from  FOLLOWER to CANDIDATE at term 0 for changeToCandidate
2025-04-17 16:40:29,832 [93cc9901-be1a-45f5-9681-0d93e627c426@group-3A10B81F0950-FollowerState] INFO  server.RaftServerConfigKeys (ConfUtils.java:logGet(46)) - raft.server.leaderelection.pre-vote = true (default)
2025-04-17 16:40:29,832 [93cc9901-be1a-45f5-9681-0d93e627c426@group-3A10B81F0950-FollowerState] INFO  impl.RoleInfo (RoleInfo.java:updateAndGet(148)) - 93cc9901-be1a-45f5-9681-0d93e627c426: start 93cc9901-be1a-45f5-9681-0d93e627c426@group-3A10B81F0950-LeaderElection10
2025-04-17 16:40:29,833 [c825922c-8499-4d06-bbc0-08abc9a8124c@group-3A10B81F0950-LeaderElection9] INFO  impl.LeaderElection (LeaderElection.java:askForVotes(332)) - c825922c-8499-4d06-bbc0-08abc9a8124c@group-3A10B81F0950-LeaderElection9 PRE_VOTE round 0: submit vote requests at term 0 for conf: {index: -1, cur=peers:[c825922c-8499-4d06-bbc0-08abc9a8124c|127.0.0.1:15015, a6bf55e3-38e4-411e-ac0b-5acdb6a35656|127.0.0.1:15031, 93cc9901-be1a-45f5-9681-0d93e627c426|127.0.0.1:15023]|listeners:[], old=null}
2025-04-17 16:40:29,834 [93cc9901-be1a-45f5-9681-0d93e627c426@group-3A10B81F0950-LeaderElection10] INFO  impl.LeaderElection (LeaderElection.java:askForVotes(332)) - 93cc9901-be1a-45f5-9681-0d93e627c426@group-3A10B81F0950-LeaderElection10 PRE_VOTE round 0: submit vote requests at term 0 for conf: {index: -1, cur=peers:[c825922c-8499-4d06-bbc0-08abc9a8124c|127.0.0.1:15015, a6bf55e3-38e4-411e-ac0b-5acdb6a35656|127.0.0.1:15031, 93cc9901-be1a-45f5-9681-0d93e627c426|127.0.0.1:15023]|listeners:[], old=null}
2025-04-17 16:40:29,834 [a6bf55e3-38e4-411e-ac0b-5acdb6a35656@group-47C15F12B665-FollowerState] INFO  impl.FollowerState (FollowerState.java:runImpl(161)) - a6bf55e3-38e4-411e-ac0b-5acdb6a35656@group-47C15F12B665-FollowerState: change to CANDIDATE, lastRpcElapsedTime:1167657477ns, electionTimeout:1166ms
2025-04-17 16:40:29,835 [a6bf55e3-38e4-411e-ac0b-5acdb6a35656@group-47C15F12B665-FollowerState] INFO  impl.RoleInfo (RoleInfo.java:shutdownFollowerState(121)) - a6bf55e3-38e4-411e-ac0b-5acdb6a35656: shutdown a6bf55e3-38e4-411e-ac0b-5acdb6a35656@group-47C15F12B665-FollowerState
2025-04-17 16:40:29,835 [a6bf55e3-38e4-411e-ac0b-5acdb6a35656@group-47C15F12B665-FollowerState] INFO  server.RaftServer$Division (RaftServerImpl.java:setRole(378)) - a6bf55e3-38e4-411e-ac0b-5acdb6a35656@group-47C15F12B665: changes role from  FOLLOWER to CANDIDATE at term 0 for changeToCandidate
2025-04-17 16:40:29,835 [a6bf55e3-38e4-411e-ac0b-5acdb6a35656@group-47C15F12B665-FollowerState] INFO  server.RaftServerConfigKeys (ConfUtils.java:logGet(46)) - raft.server.leaderelection.pre-vote = true (default)
2025-04-17 16:40:29,835 [a6bf55e3-38e4-411e-ac0b-5acdb6a35656@group-47C15F12B665-FollowerState] INFO  impl.RoleInfo (RoleInfo.java:updateAndGet(148)) - a6bf55e3-38e4-411e-ac0b-5acdb6a35656: start a6bf55e3-38e4-411e-ac0b-5acdb6a35656@group-47C15F12B665-LeaderElection11
2025-04-17 16:40:29,836 [main] INFO  proxy.SecretKeyProtocolFailoverProxyProvider (SCMFailoverProxyProviderBase.java:<init>(120)) - Created fail-over proxy for protocol SecretKeyProtocolScmPB with 1 nodes: [nodeId=scmNodeId,nodeAddress=/0.0.0.0:9961]
2025-04-17 16:40:29,836 [c825922c-8499-4d06-bbc0-08abc9a8124c@group-3A10B81F0950-LeaderElection9] INFO  server.RaftServerConfigKeys (ConfUtils.java:logGet(46)) - raft.server.rpc.first-election.timeout.min = 1000ms (custom)
2025-04-17 16:40:29,837 [c825922c-8499-4d06-bbc0-08abc9a8124c@group-3A10B81F0950-LeaderElection9] INFO  server.RaftServerConfigKeys (ConfUtils.java:logGet(46)) - raft.server.rpc.first-election.timeout.max = 1200ms (custom)
2025-04-17 16:40:29,837 [a6bf55e3-38e4-411e-ac0b-5acdb6a35656@group-47C15F12B665-LeaderElection11] INFO  impl.LeaderElection (LeaderElection.java:askForVotes(332)) - a6bf55e3-38e4-411e-ac0b-5acdb6a35656@group-47C15F12B665-LeaderElection11 PRE_VOTE round 0: submit vote requests at term 0 for conf: {index: -1, cur=peers:[c825922c-8499-4d06-bbc0-08abc9a8124c|127.0.0.1:15015, a6bf55e3-38e4-411e-ac0b-5acdb6a35656|127.0.0.1:15031, 93cc9901-be1a-45f5-9681-0d93e627c426|127.0.0.1:15023]|listeners:[], old=null}
2025-04-17 16:40:29,838 [93cc9901-be1a-45f5-9681-0d93e627c426@group-3A10B81F0950-LeaderElection10] INFO  server.RaftServerConfigKeys (ConfUtils.java:logGet(46)) - raft.server.rpc.first-election.timeout.min = 1000ms (custom)
2025-04-17 16:40:29,838 [93cc9901-be1a-45f5-9681-0d93e627c426@group-3A10B81F0950-LeaderElection10] INFO  server.RaftServerConfigKeys (ConfUtils.java:logGet(46)) - raft.server.rpc.first-election.timeout.max = 1200ms (custom)
2025-04-17 16:40:29,839 [a6bf55e3-38e4-411e-ac0b-5acdb6a35656@group-47C15F12B665-LeaderElection11-1] INFO  server.GrpcServerProtocolClient (GrpcServerProtocolClient.java:<init>(65)) - Build channel for c825922c-8499-4d06-bbc0-08abc9a8124c|127.0.0.1:15015
2025-04-17 16:40:29,840 [a6bf55e3-38e4-411e-ac0b-5acdb6a35656@group-47C15F12B665-LeaderElection11] INFO  server.RaftServerConfigKeys (ConfUtils.java:logGet(46)) - raft.server.rpc.first-election.timeout.min = 1000ms (custom)
2025-04-17 16:40:29,841 [a6bf55e3-38e4-411e-ac0b-5acdb6a35656@group-47C15F12B665-LeaderElection11] INFO  server.RaftServerConfigKeys (ConfUtils.java:logGet(46)) - raft.server.rpc.first-election.timeout.max = 1200ms (custom)
2025-04-17 16:40:29,842 [grpc-default-executor-2] INFO  server.RaftServer$Division (RaftServerImpl.java:requestVote(1407)) - a6bf55e3-38e4-411e-ac0b-5acdb6a35656@group-3A10B81F0950: receive requestVote(PRE_VOTE, 93cc9901-be1a-45f5-9681-0d93e627c426, group-3A10B81F0950, 0, (t:0, i:0))
2025-04-17 16:40:29,842 [grpc-default-executor-2] INFO  impl.VoteContext (VoteContext.java:log(49)) - a6bf55e3-38e4-411e-ac0b-5acdb6a35656@group-3A10B81F0950-FOLLOWER: accept PRE_VOTE from 93cc9901-be1a-45f5-9681-0d93e627c426: our priority 0 <= candidate's priority 0
2025-04-17 16:40:29,842 [grpc-default-executor-1] INFO  server.RaftServer$Division (RaftServerImpl.java:requestVote(1407)) - 93cc9901-be1a-45f5-9681-0d93e627c426@group-3A10B81F0950: receive requestVote(PRE_VOTE, c825922c-8499-4d06-bbc0-08abc9a8124c, group-3A10B81F0950, 0, (t:0, i:0))
2025-04-17 16:40:29,843 [grpc-default-executor-1] INFO  impl.VoteContext (VoteContext.java:log(49)) - 93cc9901-be1a-45f5-9681-0d93e627c426@group-3A10B81F0950-CANDIDATE: accept PRE_VOTE from c825922c-8499-4d06-bbc0-08abc9a8124c: our priority 0 <= candidate's priority 1
2025-04-17 16:40:29,842 [a6bf55e3-38e4-411e-ac0b-5acdb6a35656@group-47C15F12B665-LeaderElection11-2] INFO  server.GrpcServerProtocolClient (GrpcServerProtocolClient.java:<init>(65)) - Build channel for 93cc9901-be1a-45f5-9681-0d93e627c426|127.0.0.1:15023
2025-04-17 16:40:29,844 [grpc-default-executor-2] INFO  server.RaftServer$Division (RaftServerImpl.java:requestVote(1441)) - a6bf55e3-38e4-411e-ac0b-5acdb6a35656@group-3A10B81F0950 replies to PRE_VOTE vote request: 93cc9901-be1a-45f5-9681-0d93e627c426<-a6bf55e3-38e4-411e-ac0b-5acdb6a35656#0:OK-t0. Peer's state: a6bf55e3-38e4-411e-ac0b-5acdb6a35656@group-3A10B81F0950:t0, leader=null, voted=, raftlog=Memoized:a6bf55e3-38e4-411e-ac0b-5acdb6a35656@group-3A10B81F0950-SegmentedRaftLog:OPENED:c-1:lastnull, conf=conf: {index: -1, cur=peers:[c825922c-8499-4d06-bbc0-08abc9a8124c|127.0.0.1:15015, a6bf55e3-38e4-411e-ac0b-5acdb6a35656|127.0.0.1:15031, 93cc9901-be1a-45f5-9681-0d93e627c426|127.0.0.1:15023]|listeners:[], old=null}
2025-04-17 16:40:29,843 [grpc-default-executor-1] INFO  server.RaftServer$Division (RaftServerImpl.java:requestVote(1441)) - 93cc9901-be1a-45f5-9681-0d93e627c426@group-3A10B81F0950 replies to PRE_VOTE vote request: c825922c-8499-4d06-bbc0-08abc9a8124c<-93cc9901-be1a-45f5-9681-0d93e627c426#0:OK-t0. Peer's state: 93cc9901-be1a-45f5-9681-0d93e627c426@group-3A10B81F0950:t0, leader=null, voted=, raftlog=Memoized:93cc9901-be1a-45f5-9681-0d93e627c426@group-3A10B81F0950-SegmentedRaftLog:OPENED:c-1:lastnull, conf=conf: {index: -1, cur=peers:[c825922c-8499-4d06-bbc0-08abc9a8124c|127.0.0.1:15015, a6bf55e3-38e4-411e-ac0b-5acdb6a35656|127.0.0.1:15031, 93cc9901-be1a-45f5-9681-0d93e627c426|127.0.0.1:15023]|listeners:[], old=null}
2025-04-17 16:40:29,846 [grpc-default-executor-3] INFO  server.RaftServer$Division (RaftServerImpl.java:requestVote(1407)) - a6bf55e3-38e4-411e-ac0b-5acdb6a35656@group-3A10B81F0950: receive requestVote(PRE_VOTE, c825922c-8499-4d06-bbc0-08abc9a8124c, group-3A10B81F0950, 0, (t:0, i:0))
2025-04-17 16:40:29,847 [grpc-default-executor-3] INFO  impl.VoteContext (VoteContext.java:log(49)) - a6bf55e3-38e4-411e-ac0b-5acdb6a35656@group-3A10B81F0950-FOLLOWER: accept PRE_VOTE from c825922c-8499-4d06-bbc0-08abc9a8124c: our priority 0 <= candidate's priority 1
2025-04-17 16:40:29,847 [grpc-default-executor-3] INFO  server.RaftServer$Division (RaftServerImpl.java:requestVote(1441)) - a6bf55e3-38e4-411e-ac0b-5acdb6a35656@group-3A10B81F0950 replies to PRE_VOTE vote request: c825922c-8499-4d06-bbc0-08abc9a8124c<-a6bf55e3-38e4-411e-ac0b-5acdb6a35656#0:OK-t0. Peer's state: a6bf55e3-38e4-411e-ac0b-5acdb6a35656@group-3A10B81F0950:t0, leader=null, voted=, raftlog=Memoized:a6bf55e3-38e4-411e-ac0b-5acdb6a35656@group-3A10B81F0950-SegmentedRaftLog:OPENED:c-1:lastnull, conf=conf: {index: -1, cur=peers:[c825922c-8499-4d06-bbc0-08abc9a8124c|127.0.0.1:15015, a6bf55e3-38e4-411e-ac0b-5acdb6a35656|127.0.0.1:15031, 93cc9901-be1a-45f5-9681-0d93e627c426|127.0.0.1:15023]|listeners:[], old=null}
2025-04-17 16:40:29,848 [grpc-default-executor-0] INFO  server.RaftServer$Division (RaftServerImpl.java:requestVote(1407)) - c825922c-8499-4d06-bbc0-08abc9a8124c@group-3A10B81F0950: receive requestVote(PRE_VOTE, 93cc9901-be1a-45f5-9681-0d93e627c426, group-3A10B81F0950, 0, (t:0, i:0))
2025-04-17 16:40:29,848 [grpc-default-executor-0] INFO  impl.VoteContext (VoteContext.java:log(49)) - c825922c-8499-4d06-bbc0-08abc9a8124c@group-3A10B81F0950-CANDIDATE: reject PRE_VOTE from 93cc9901-be1a-45f5-9681-0d93e627c426: our priority 1 > candidate's priority 0
2025-04-17 16:40:29,849 [grpc-default-executor-0] INFO  server.RaftServer$Division (RaftServerImpl.java:requestVote(1441)) - c825922c-8499-4d06-bbc0-08abc9a8124c@group-3A10B81F0950 replies to PRE_VOTE vote request: 93cc9901-be1a-45f5-9681-0d93e627c426<-c825922c-8499-4d06-bbc0-08abc9a8124c#0:FAIL-t0. Peer's state: c825922c-8499-4d06-bbc0-08abc9a8124c@group-3A10B81F0950:t0, leader=null, voted=, raftlog=Memoized:c825922c-8499-4d06-bbc0-08abc9a8124c@group-3A10B81F0950-SegmentedRaftLog:OPENED:c-1:lastnull, conf=conf: {index: -1, cur=peers:[c825922c-8499-4d06-bbc0-08abc9a8124c|127.0.0.1:15015, a6bf55e3-38e4-411e-ac0b-5acdb6a35656|127.0.0.1:15031, 93cc9901-be1a-45f5-9681-0d93e627c426|127.0.0.1:15023]|listeners:[], old=null}
2025-04-17 16:40:29,852 [c825922c-8499-4d06-bbc0-08abc9a8124c@group-3A10B81F0950-LeaderElection9] INFO  impl.LeaderElection (LeaderElection.java:logAndReturn(90)) - c825922c-8499-4d06-bbc0-08abc9a8124c@group-3A10B81F0950-LeaderElection9: PRE_VOTE PASSED received 1 response(s) and 0 exception(s):
2025-04-17 16:40:29,852 [c825922c-8499-4d06-bbc0-08abc9a8124c@group-3A10B81F0950-LeaderElection9] INFO  impl.LeaderElection (LeaderElection.java:logAndReturn(94)) -   Response 0: c825922c-8499-4d06-bbc0-08abc9a8124c<-93cc9901-be1a-45f5-9681-0d93e627c426#0:OK-t0
2025-04-17 16:40:29,852 [grpc-default-executor-3] INFO  server.RaftServer$Division (RaftServerImpl.java:requestVote(1407)) - c825922c-8499-4d06-bbc0-08abc9a8124c@group-47C15F12B665: receive requestVote(PRE_VOTE, a6bf55e3-38e4-411e-ac0b-5acdb6a35656, group-47C15F12B665, 0, (t:0, i:0))
2025-04-17 16:40:29,853 [grpc-default-executor-3] INFO  impl.VoteContext (VoteContext.java:log(49)) - c825922c-8499-4d06-bbc0-08abc9a8124c@group-47C15F12B665-FOLLOWER: accept PRE_VOTE from a6bf55e3-38e4-411e-ac0b-5acdb6a35656: our priority 0 <= candidate's priority 1
2025-04-17 16:40:29,853 [grpc-default-executor-3] INFO  server.RaftServer$Division (RaftServerImpl.java:requestVote(1441)) - c825922c-8499-4d06-bbc0-08abc9a8124c@group-47C15F12B665 replies to PRE_VOTE vote request: a6bf55e3-38e4-411e-ac0b-5acdb6a35656<-c825922c-8499-4d06-bbc0-08abc9a8124c#0:OK-t0. Peer's state: c825922c-8499-4d06-bbc0-08abc9a8124c@group-47C15F12B665:t0, leader=null, voted=, raftlog=Memoized:c825922c-8499-4d06-bbc0-08abc9a8124c@group-47C15F12B665-SegmentedRaftLog:OPENED:c-1:lastnull, conf=conf: {index: -1, cur=peers:[c825922c-8499-4d06-bbc0-08abc9a8124c|127.0.0.1:15015, a6bf55e3-38e4-411e-ac0b-5acdb6a35656|127.0.0.1:15031, 93cc9901-be1a-45f5-9681-0d93e627c426|127.0.0.1:15023]|listeners:[], old=null}
2025-04-17 16:40:29,853 [c825922c-8499-4d06-bbc0-08abc9a8124c@group-3A10B81F0950-LeaderElection9] INFO  impl.LeaderElection (LeaderElection.java:askForVotes(334)) - c825922c-8499-4d06-bbc0-08abc9a8124c@group-3A10B81F0950-LeaderElection9 PRE_VOTE round 0: result PASSED
2025-04-17 16:40:29,855 [c825922c-8499-4d06-bbc0-08abc9a8124c@group-3A10B81F0950-LeaderElection9] INFO  impl.LeaderElection (LeaderElection.java:askForVotes(332)) - c825922c-8499-4d06-bbc0-08abc9a8124c@group-3A10B81F0950-LeaderElection9 ELECTION round 0: submit vote requests at term 1 for conf: {index: -1, cur=peers:[c825922c-8499-4d06-bbc0-08abc9a8124c|127.0.0.1:15015, a6bf55e3-38e4-411e-ac0b-5acdb6a35656|127.0.0.1:15031, 93cc9901-be1a-45f5-9681-0d93e627c426|127.0.0.1:15023]|listeners:[], old=null}
2025-04-17 16:40:29,856 [93cc9901-be1a-45f5-9681-0d93e627c426@group-3A10B81F0950-LeaderElection10] INFO  impl.LeaderElection (LeaderElection.java:logAndReturn(90)) - 93cc9901-be1a-45f5-9681-0d93e627c426@group-3A10B81F0950-LeaderElection10: PRE_VOTE REJECTED received 2 response(s) and 0 exception(s):
2025-04-17 16:40:29,856 [93cc9901-be1a-45f5-9681-0d93e627c426@group-3A10B81F0950-LeaderElection10] INFO  impl.LeaderElection (LeaderElection.java:logAndReturn(94)) -   Response 0: 93cc9901-be1a-45f5-9681-0d93e627c426<-c825922c-8499-4d06-bbc0-08abc9a8124c#0:FAIL-t0
2025-04-17 16:40:29,856 [93cc9901-be1a-45f5-9681-0d93e627c426@group-3A10B81F0950-LeaderElection10] INFO  impl.LeaderElection (LeaderElection.java:logAndReturn(94)) -   Response 1: 93cc9901-be1a-45f5-9681-0d93e627c426<-a6bf55e3-38e4-411e-ac0b-5acdb6a35656#0:OK-t0
2025-04-17 16:40:29,855 [grpc-default-executor-3] INFO  server.RaftServer$Division (RaftServerImpl.java:requestVote(1407)) - 93cc9901-be1a-45f5-9681-0d93e627c426@group-47C15F12B665: receive requestVote(PRE_VOTE, a6bf55e3-38e4-411e-ac0b-5acdb6a35656, group-47C15F12B665, 0, (t:0, i:0))
2025-04-17 16:40:29,855 [a6bf55e3-38e4-411e-ac0b-5acdb6a35656@group-47C15F12B665-LeaderElection11] INFO  impl.LeaderElection (LeaderElection.java:logAndReturn(90)) - a6bf55e3-38e4-411e-ac0b-5acdb6a35656@group-47C15F12B665-LeaderElection11: PRE_VOTE PASSED received 1 response(s) and 0 exception(s):
2025-04-17 16:40:29,857 [grpc-default-executor-3] INFO  impl.VoteContext (VoteContext.java:log(49)) - 93cc9901-be1a-45f5-9681-0d93e627c426@group-47C15F12B665-FOLLOWER: accept PRE_VOTE from a6bf55e3-38e4-411e-ac0b-5acdb6a35656: our priority 0 <= candidate's priority 1
2025-04-17 16:40:29,857 [grpc-default-executor-3] INFO  server.RaftServer$Division (RaftServerImpl.java:requestVote(1441)) - 93cc9901-be1a-45f5-9681-0d93e627c426@group-47C15F12B665 replies to PRE_VOTE vote request: a6bf55e3-38e4-411e-ac0b-5acdb6a35656<-93cc9901-be1a-45f5-9681-0d93e627c426#0:OK-t0. Peer's state: 93cc9901-be1a-45f5-9681-0d93e627c426@group-47C15F12B665:t0, leader=null, voted=, raftlog=Memoized:93cc9901-be1a-45f5-9681-0d93e627c426@group-47C15F12B665-SegmentedRaftLog:OPENED:c-1:lastnull, conf=conf: {index: -1, cur=peers:[c825922c-8499-4d06-bbc0-08abc9a8124c|127.0.0.1:15015, a6bf55e3-38e4-411e-ac0b-5acdb6a35656|127.0.0.1:15031, 93cc9901-be1a-45f5-9681-0d93e627c426|127.0.0.1:15023]|listeners:[], old=null}
2025-04-17 16:40:29,857 [a6bf55e3-38e4-411e-ac0b-5acdb6a35656@group-47C15F12B665-LeaderElection11] INFO  impl.LeaderElection (LeaderElection.java:logAndReturn(94)) -   Response 0: a6bf55e3-38e4-411e-ac0b-5acdb6a35656<-c825922c-8499-4d06-bbc0-08abc9a8124c#0:OK-t0
2025-04-17 16:40:29,857 [a6bf55e3-38e4-411e-ac0b-5acdb6a35656@group-47C15F12B665-LeaderElection11] INFO  impl.LeaderElection (LeaderElection.java:askForVotes(334)) - a6bf55e3-38e4-411e-ac0b-5acdb6a35656@group-47C15F12B665-LeaderElection11 PRE_VOTE round 0: result PASSED
2025-04-17 16:40:29,858 [93cc9901-be1a-45f5-9681-0d93e627c426@group-3A10B81F0950-LeaderElection10] INFO  impl.LeaderElection (LeaderElection.java:askForVotes(334)) - 93cc9901-be1a-45f5-9681-0d93e627c426@group-3A10B81F0950-LeaderElection10 PRE_VOTE round 0: result REJECTED
2025-04-17 16:40:29,858 [93cc9901-be1a-45f5-9681-0d93e627c426@group-3A10B81F0950-LeaderElection10] INFO  server.RaftServer$Division (RaftServerImpl.java:setRole(378)) - 93cc9901-be1a-45f5-9681-0d93e627c426@group-3A10B81F0950: changes role from CANDIDATE to FOLLOWER at term 0 for REJECTED
2025-04-17 16:40:29,858 [93cc9901-be1a-45f5-9681-0d93e627c426@group-3A10B81F0950-LeaderElection10] INFO  impl.RoleInfo (RoleInfo.java:shutdownLeaderElection(141)) - 93cc9901-be1a-45f5-9681-0d93e627c426: shutdown 93cc9901-be1a-45f5-9681-0d93e627c426@group-3A10B81F0950-LeaderElection10
2025-04-17 16:40:29,858 [93cc9901-be1a-45f5-9681-0d93e627c426@group-3A10B81F0950-LeaderElection10] INFO  impl.RoleInfo (RoleInfo.java:updateAndGet(148)) - 93cc9901-be1a-45f5-9681-0d93e627c426: start 93cc9901-be1a-45f5-9681-0d93e627c426@group-3A10B81F0950-FollowerState
2025-04-17 16:40:29,859 [c825922c-8499-4d06-bbc0-08abc9a8124c@group-3A10B81F0950-LeaderElection9] INFO  server.RaftServerConfigKeys (ConfUtils.java:logGet(46)) - raft.server.rpc.first-election.timeout.min = 1000ms (custom)
2025-04-17 16:40:29,859 [c825922c-8499-4d06-bbc0-08abc9a8124c@group-3A10B81F0950-LeaderElection9] INFO  server.RaftServerConfigKeys (ConfUtils.java:logGet(46)) - raft.server.rpc.first-election.timeout.max = 1200ms (custom)
2025-04-17 16:40:29,859 [93cc9901-be1a-45f5-9681-0d93e627c426@group-3A10B81F0950-LeaderElection10] INFO  server.RaftServer$Division (RaftServerImpl.java:setFirstElection(562)) - 93cc9901-be1a-45f5-9681-0d93e627c426@group-3A10B81F0950: set firstElectionSinceStartup to false for REJECTED
2025-04-17 16:40:29,860 [a6bf55e3-38e4-411e-ac0b-5acdb6a35656@group-47C15F12B665-LeaderElection11] INFO  impl.LeaderElection (LeaderElection.java:askForVotes(332)) - a6bf55e3-38e4-411e-ac0b-5acdb6a35656@group-47C15F12B665-LeaderElection11 ELECTION round 0: submit vote requests at term 1 for conf: {index: -1, cur=peers:[c825922c-8499-4d06-bbc0-08abc9a8124c|127.0.0.1:15015, a6bf55e3-38e4-411e-ac0b-5acdb6a35656|127.0.0.1:15031, 93cc9901-be1a-45f5-9681-0d93e627c426|127.0.0.1:15023]|listeners:[], old=null}
2025-04-17 16:40:29,862 [grpc-default-executor-3] INFO  server.RaftServer$Division (RaftServerImpl.java:requestVote(1407)) - a6bf55e3-38e4-411e-ac0b-5acdb6a35656@group-3A10B81F0950: receive requestVote(ELECTION, c825922c-8499-4d06-bbc0-08abc9a8124c, group-3A10B81F0950, 1, (t:0, i:0))
2025-04-17 16:40:29,863 [grpc-default-executor-3] INFO  impl.VoteContext (VoteContext.java:log(49)) - a6bf55e3-38e4-411e-ac0b-5acdb6a35656@group-3A10B81F0950-FOLLOWER: accept ELECTION from c825922c-8499-4d06-bbc0-08abc9a8124c: our priority 0 <= candidate's priority 1
2025-04-17 16:40:29,863 [grpc-default-executor-3] INFO  server.RaftServer$Division (RaftServerImpl.java:setRole(378)) - a6bf55e3-38e4-411e-ac0b-5acdb6a35656@group-3A10B81F0950: changes role from  FOLLOWER to FOLLOWER at term 0 for candidate:c825922c-8499-4d06-bbc0-08abc9a8124c
2025-04-17 16:40:29,863 [grpc-default-executor-3] INFO  impl.RoleInfo (RoleInfo.java:shutdownFollowerState(121)) - a6bf55e3-38e4-411e-ac0b-5acdb6a35656: shutdown a6bf55e3-38e4-411e-ac0b-5acdb6a35656@group-3A10B81F0950-FollowerState
2025-04-17 16:40:29,863 [grpc-default-executor-3] INFO  impl.RoleInfo (RoleInfo.java:updateAndGet(148)) - a6bf55e3-38e4-411e-ac0b-5acdb6a35656: start a6bf55e3-38e4-411e-ac0b-5acdb6a35656@group-3A10B81F0950-FollowerState
2025-04-17 16:40:29,864 [a6bf55e3-38e4-411e-ac0b-5acdb6a35656@group-3A10B81F0950-FollowerState] INFO  impl.FollowerState (FollowerState.java:runImpl(170)) - a6bf55e3-38e4-411e-ac0b-5acdb6a35656@group-3A10B81F0950-FollowerState was interrupted
2025-04-17 16:40:29,864 [grpc-default-executor-0] INFO  server.RaftServer$Division (RaftServerImpl.java:requestVote(1407)) - 93cc9901-be1a-45f5-9681-0d93e627c426@group-3A10B81F0950: receive requestVote(ELECTION, c825922c-8499-4d06-bbc0-08abc9a8124c, group-3A10B81F0950, 1, (t:0, i:0))
2025-04-17 16:40:29,864 [grpc-default-executor-0] INFO  impl.VoteContext (VoteContext.java:log(49)) - 93cc9901-be1a-45f5-9681-0d93e627c426@group-3A10B81F0950-FOLLOWER: accept ELECTION from c825922c-8499-4d06-bbc0-08abc9a8124c: our priority 0 <= candidate's priority 1
2025-04-17 16:40:29,865 [grpc-default-executor-0] INFO  server.RaftServer$Division (RaftServerImpl.java:setRole(378)) - 93cc9901-be1a-45f5-9681-0d93e627c426@group-3A10B81F0950: changes role from  FOLLOWER to FOLLOWER at term 0 for candidate:c825922c-8499-4d06-bbc0-08abc9a8124c
2025-04-17 16:40:29,865 [grpc-default-executor-0] INFO  impl.RoleInfo (RoleInfo.java:shutdownFollowerState(121)) - 93cc9901-be1a-45f5-9681-0d93e627c426: shutdown 93cc9901-be1a-45f5-9681-0d93e627c426@group-3A10B81F0950-FollowerState
2025-04-17 16:40:29,865 [grpc-default-executor-0] INFO  impl.RoleInfo (RoleInfo.java:updateAndGet(148)) - 93cc9901-be1a-45f5-9681-0d93e627c426: start 93cc9901-be1a-45f5-9681-0d93e627c426@group-3A10B81F0950-FollowerState
2025-04-17 16:40:29,865 [93cc9901-be1a-45f5-9681-0d93e627c426@group-3A10B81F0950-FollowerState] INFO  impl.FollowerState (FollowerState.java:runImpl(170)) - 93cc9901-be1a-45f5-9681-0d93e627c426@group-3A10B81F0950-FollowerState was interrupted
2025-04-17 16:40:29,865 [grpc-default-executor-2] INFO  server.RaftServer$Division (RaftServerImpl.java:requestVote(1407)) - c825922c-8499-4d06-bbc0-08abc9a8124c@group-47C15F12B665: receive requestVote(ELECTION, a6bf55e3-38e4-411e-ac0b-5acdb6a35656, group-47C15F12B665, 1, (t:0, i:0))
2025-04-17 16:40:29,865 [grpc-default-executor-2] INFO  impl.VoteContext (VoteContext.java:log(49)) - c825922c-8499-4d06-bbc0-08abc9a8124c@group-47C15F12B665-FOLLOWER: accept ELECTION from a6bf55e3-38e4-411e-ac0b-5acdb6a35656: our priority 0 <= candidate's priority 1
2025-04-17 16:40:29,865 [grpc-default-executor-2] INFO  server.RaftServer$Division (RaftServerImpl.java:setRole(378)) - c825922c-8499-4d06-bbc0-08abc9a8124c@group-47C15F12B665: changes role from  FOLLOWER to FOLLOWER at term 0 for candidate:a6bf55e3-38e4-411e-ac0b-5acdb6a35656
2025-04-17 16:40:29,865 [grpc-default-executor-2] INFO  impl.RoleInfo (RoleInfo.java:shutdownFollowerState(121)) - c825922c-8499-4d06-bbc0-08abc9a8124c: shutdown c825922c-8499-4d06-bbc0-08abc9a8124c@group-47C15F12B665-FollowerState
2025-04-17 16:40:29,865 [grpc-default-executor-2] INFO  impl.RoleInfo (RoleInfo.java:updateAndGet(148)) - c825922c-8499-4d06-bbc0-08abc9a8124c: start c825922c-8499-4d06-bbc0-08abc9a8124c@group-47C15F12B665-FollowerState
2025-04-17 16:40:29,865 [c825922c-8499-4d06-bbc0-08abc9a8124c@group-47C15F12B665-FollowerState] INFO  impl.FollowerState (FollowerState.java:runImpl(170)) - c825922c-8499-4d06-bbc0-08abc9a8124c@group-47C15F12B665-FollowerState was interrupted
2025-04-17 16:40:29,866 [a6bf55e3-38e4-411e-ac0b-5acdb6a35656@group-47C15F12B665-LeaderElection11] INFO  server.RaftServerConfigKeys (ConfUtils.java:logGet(46)) - raft.server.rpc.first-election.timeout.min = 1000ms (custom)
2025-04-17 16:40:29,866 [a6bf55e3-38e4-411e-ac0b-5acdb6a35656@group-47C15F12B665-LeaderElection11] INFO  server.RaftServerConfigKeys (ConfUtils.java:logGet(46)) - raft.server.rpc.first-election.timeout.max = 1200ms (custom)
2025-04-17 16:40:29,867 [grpc-default-executor-1] INFO  server.RaftServer$Division (RaftServerImpl.java:requestVote(1407)) - 93cc9901-be1a-45f5-9681-0d93e627c426@group-47C15F12B665: receive requestVote(ELECTION, a6bf55e3-38e4-411e-ac0b-5acdb6a35656, group-47C15F12B665, 1, (t:0, i:0))
2025-04-17 16:40:29,867 [grpc-default-executor-1] INFO  impl.VoteContext (VoteContext.java:log(49)) - 93cc9901-be1a-45f5-9681-0d93e627c426@group-47C15F12B665-FOLLOWER: accept ELECTION from a6bf55e3-38e4-411e-ac0b-5acdb6a35656: our priority 0 <= candidate's priority 1
2025-04-17 16:40:29,867 [grpc-default-executor-1] INFO  server.RaftServer$Division (RaftServerImpl.java:setRole(378)) - 93cc9901-be1a-45f5-9681-0d93e627c426@group-47C15F12B665: changes role from  FOLLOWER to FOLLOWER at term 0 for candidate:a6bf55e3-38e4-411e-ac0b-5acdb6a35656
2025-04-17 16:40:29,867 [grpc-default-executor-1] INFO  impl.RoleInfo (RoleInfo.java:shutdownFollowerState(121)) - 93cc9901-be1a-45f5-9681-0d93e627c426: shutdown 93cc9901-be1a-45f5-9681-0d93e627c426@group-47C15F12B665-FollowerState
2025-04-17 16:40:29,867 [grpc-default-executor-3] INFO  server.RaftServer$Division (RaftServerImpl.java:setFirstElection(562)) - a6bf55e3-38e4-411e-ac0b-5acdb6a35656@group-3A10B81F0950: set firstElectionSinceStartup to false for candidate:c825922c-8499-4d06-bbc0-08abc9a8124c
2025-04-17 16:40:29,868 [93cc9901-be1a-45f5-9681-0d93e627c426@group-47C15F12B665-FollowerState] INFO  impl.FollowerState (FollowerState.java:runImpl(170)) - 93cc9901-be1a-45f5-9681-0d93e627c426@group-47C15F12B665-FollowerState was interrupted
2025-04-17 16:40:29,867 [grpc-default-executor-1] INFO  impl.RoleInfo (RoleInfo.java:updateAndGet(148)) - 93cc9901-be1a-45f5-9681-0d93e627c426: start 93cc9901-be1a-45f5-9681-0d93e627c426@group-47C15F12B665-FollowerState
2025-04-17 16:40:29,868 [grpc-default-executor-2] INFO  server.RaftServer$Division (RaftServerImpl.java:setFirstElection(562)) - c825922c-8499-4d06-bbc0-08abc9a8124c@group-47C15F12B665: set firstElectionSinceStartup to false for candidate:a6bf55e3-38e4-411e-ac0b-5acdb6a35656
2025-04-17 16:40:29,870 [grpc-default-executor-0] INFO  server.RaftServer$Division (RaftServerImpl.java:requestVote(1441)) - 93cc9901-be1a-45f5-9681-0d93e627c426@group-3A10B81F0950 replies to ELECTION vote request: c825922c-8499-4d06-bbc0-08abc9a8124c<-93cc9901-be1a-45f5-9681-0d93e627c426#0:OK-t1. Peer's state: 93cc9901-be1a-45f5-9681-0d93e627c426@group-3A10B81F0950:t1, leader=null, voted=c825922c-8499-4d06-bbc0-08abc9a8124c, raftlog=Memoized:93cc9901-be1a-45f5-9681-0d93e627c426@group-3A10B81F0950-SegmentedRaftLog:OPENED:c-1:lastnull, conf=conf: {index: -1, cur=peers:[c825922c-8499-4d06-bbc0-08abc9a8124c|127.0.0.1:15015, a6bf55e3-38e4-411e-ac0b-5acdb6a35656|127.0.0.1:15031, 93cc9901-be1a-45f5-9681-0d93e627c426|127.0.0.1:15023]|listeners:[], old=null}
2025-04-17 16:40:29,870 [grpc-default-executor-2] INFO  server.RaftServer$Division (RaftServerImpl.java:requestVote(1441)) - c825922c-8499-4d06-bbc0-08abc9a8124c@group-47C15F12B665 replies to ELECTION vote request: a6bf55e3-38e4-411e-ac0b-5acdb6a35656<-c825922c-8499-4d06-bbc0-08abc9a8124c#0:OK-t1. Peer's state: c825922c-8499-4d06-bbc0-08abc9a8124c@group-47C15F12B665:t1, leader=null, voted=a6bf55e3-38e4-411e-ac0b-5acdb6a35656, raftlog=Memoized:c825922c-8499-4d06-bbc0-08abc9a8124c@group-47C15F12B665-SegmentedRaftLog:OPENED:c-1:lastnull, conf=conf: {index: -1, cur=peers:[c825922c-8499-4d06-bbc0-08abc9a8124c|127.0.0.1:15015, a6bf55e3-38e4-411e-ac0b-5acdb6a35656|127.0.0.1:15031, 93cc9901-be1a-45f5-9681-0d93e627c426|127.0.0.1:15023]|listeners:[], old=null}
2025-04-17 16:40:29,873 [grpc-default-executor-3] INFO  server.RaftServer$Division (RaftServerImpl.java:requestVote(1441)) - a6bf55e3-38e4-411e-ac0b-5acdb6a35656@group-3A10B81F0950 replies to ELECTION vote request: c825922c-8499-4d06-bbc0-08abc9a8124c<-a6bf55e3-38e4-411e-ac0b-5acdb6a35656#0:OK-t1. Peer's state: a6bf55e3-38e4-411e-ac0b-5acdb6a35656@group-3A10B81F0950:t1, leader=null, voted=c825922c-8499-4d06-bbc0-08abc9a8124c, raftlog=Memoized:a6bf55e3-38e4-411e-ac0b-5acdb6a35656@group-3A10B81F0950-SegmentedRaftLog:OPENED:c-1:lastnull, conf=conf: {index: -1, cur=peers:[c825922c-8499-4d06-bbc0-08abc9a8124c|127.0.0.1:15015, a6bf55e3-38e4-411e-ac0b-5acdb6a35656|127.0.0.1:15031, 93cc9901-be1a-45f5-9681-0d93e627c426|127.0.0.1:15023]|listeners:[], old=null}
2025-04-17 16:40:29,874 [a6bf55e3-38e4-411e-ac0b-5acdb6a35656@group-47C15F12B665-LeaderElection11] INFO  impl.LeaderElection (LeaderElection.java:logAndReturn(90)) - a6bf55e3-38e4-411e-ac0b-5acdb6a35656@group-47C15F12B665-LeaderElection11: ELECTION PASSED received 1 response(s) and 0 exception(s):
2025-04-17 16:40:29,876 [a6bf55e3-38e4-411e-ac0b-5acdb6a35656@group-47C15F12B665-LeaderElection11] INFO  impl.LeaderElection (LeaderElection.java:logAndReturn(94)) -   Response 0: a6bf55e3-38e4-411e-ac0b-5acdb6a35656<-c825922c-8499-4d06-bbc0-08abc9a8124c#0:OK-t1
2025-04-17 16:40:29,876 [a6bf55e3-38e4-411e-ac0b-5acdb6a35656@group-47C15F12B665-LeaderElection11] INFO  impl.LeaderElection (LeaderElection.java:askForVotes(334)) - a6bf55e3-38e4-411e-ac0b-5acdb6a35656@group-47C15F12B665-LeaderElection11 ELECTION round 0: result PASSED
2025-04-17 16:40:29,876 [a6bf55e3-38e4-411e-ac0b-5acdb6a35656@group-47C15F12B665-LeaderElection11] INFO  impl.RoleInfo (RoleInfo.java:shutdownLeaderElection(141)) - a6bf55e3-38e4-411e-ac0b-5acdb6a35656: shutdown a6bf55e3-38e4-411e-ac0b-5acdb6a35656@group-47C15F12B665-LeaderElection11
2025-04-17 16:40:29,876 [a6bf55e3-38e4-411e-ac0b-5acdb6a35656@group-47C15F12B665-LeaderElection11] INFO  server.RaftServer$Division (RaftServerImpl.java:setRole(378)) - a6bf55e3-38e4-411e-ac0b-5acdb6a35656@group-47C15F12B665: changes role from CANDIDATE to LEADER at term 1 for changeToLeader
2025-04-17 16:40:29,876 [a6bf55e3-38e4-411e-ac0b-5acdb6a35656@group-47C15F12B665-LeaderElection11] INFO  server.RaftServerConfigKeys (ConfUtils.java:logGet(46)) - raft.server.staging.catchup.gap = 1000 (default)
2025-04-17 16:40:29,873 [grpc-default-executor-1] INFO  server.RaftServer$Division (RaftServerImpl.java:requestVote(1441)) - 93cc9901-be1a-45f5-9681-0d93e627c426@group-47C15F12B665 replies to ELECTION vote request: a6bf55e3-38e4-411e-ac0b-5acdb6a35656<-93cc9901-be1a-45f5-9681-0d93e627c426#0:OK-t1. Peer's state: 93cc9901-be1a-45f5-9681-0d93e627c426@group-47C15F12B665:t1, leader=null, voted=a6bf55e3-38e4-411e-ac0b-5acdb6a35656, raftlog=Memoized:93cc9901-be1a-45f5-9681-0d93e627c426@group-47C15F12B665-SegmentedRaftLog:OPENED:c-1:lastnull, conf=conf: {index: -1, cur=peers:[c825922c-8499-4d06-bbc0-08abc9a8124c|127.0.0.1:15015, a6bf55e3-38e4-411e-ac0b-5acdb6a35656|127.0.0.1:15031, 93cc9901-be1a-45f5-9681-0d93e627c426|127.0.0.1:15023]|listeners:[], old=null}
2025-04-17 16:40:29,877 [c825922c-8499-4d06-bbc0-08abc9a8124c@group-3A10B81F0950-LeaderElection9] INFO  impl.LeaderElection (LeaderElection.java:logAndReturn(90)) - c825922c-8499-4d06-bbc0-08abc9a8124c@group-3A10B81F0950-LeaderElection9: ELECTION PASSED received 1 response(s) and 0 exception(s):
2025-04-17 16:40:29,877 [c825922c-8499-4d06-bbc0-08abc9a8124c@group-3A10B81F0950-LeaderElection9] INFO  impl.LeaderElection (LeaderElection.java:logAndReturn(94)) -   Response 0: c825922c-8499-4d06-bbc0-08abc9a8124c<-a6bf55e3-38e4-411e-ac0b-5acdb6a35656#0:OK-t1
2025-04-17 16:40:29,877 [c825922c-8499-4d06-bbc0-08abc9a8124c@group-3A10B81F0950-LeaderElection9] INFO  impl.LeaderElection (LeaderElection.java:askForVotes(334)) - c825922c-8499-4d06-bbc0-08abc9a8124c@group-3A10B81F0950-LeaderElection9 ELECTION round 0: result PASSED
2025-04-17 16:40:29,877 [c825922c-8499-4d06-bbc0-08abc9a8124c@group-3A10B81F0950-LeaderElection9] INFO  impl.RoleInfo (RoleInfo.java:shutdownLeaderElection(141)) - c825922c-8499-4d06-bbc0-08abc9a8124c: shutdown c825922c-8499-4d06-bbc0-08abc9a8124c@group-3A10B81F0950-LeaderElection9
2025-04-17 16:40:29,878 [c825922c-8499-4d06-bbc0-08abc9a8124c@group-3A10B81F0950-LeaderElection9] INFO  server.RaftServer$Division (RaftServerImpl.java:setRole(378)) - c825922c-8499-4d06-bbc0-08abc9a8124c@group-3A10B81F0950: changes role from CANDIDATE to LEADER at term 1 for changeToLeader
2025-04-17 16:40:29,878 [c825922c-8499-4d06-bbc0-08abc9a8124c@group-3A10B81F0950-LeaderElection9] INFO  server.RaftServerConfigKeys (ConfUtils.java:logGet(46)) - raft.server.staging.catchup.gap = 1000 (default)
2025-04-17 16:40:29,878 [c825922c-8499-4d06-bbc0-08abc9a8124c@group-3A10B81F0950-LeaderElection9] INFO  server.RaftServerConfigKeys (ConfUtils.java:logGet(46)) - raft.server.write.element-limit = 1024 (custom)
2025-04-17 16:40:29,878 [c825922c-8499-4d06-bbc0-08abc9a8124c@group-3A10B81F0950-LeaderElection9] INFO  server.RaftServerConfigKeys (ConfUtils.java:logGet(46)) - raft.server.write.byte-limit = 1024 M (=1073741824) (custom)
2025-04-17 16:40:29,878 [c825922c-8499-4d06-bbc0-08abc9a8124c@group-3A10B81F0950-LeaderElection9] INFO  server.RaftServerConfigKeys (ConfUtils.java:logGet(46)) - raft.server.watch.timeout = 30s (custom)
2025-04-17 16:40:29,878 [c825922c-8499-4d06-bbc0-08abc9a8124c@group-3A10B81F0950-LeaderElection9] INFO  server.RaftServerConfigKeys (ConfUtils.java:logGet(46)) - raft.server.watch.timeout.denomination = 1s (default)
2025-04-17 16:40:29,878 [c825922c-8499-4d06-bbc0-08abc9a8124c@group-3A10B81F0950-LeaderElection9] INFO  server.RaftServerConfigKeys (ConfUtils.java:logGet(46)) - raft.server.watch.element-limit = 65536 (default)
2025-04-17 16:40:29,879 [c825922c-8499-4d06-bbc0-08abc9a8124c@group-3A10B81F0950-LeaderElection9] INFO  server.RaftServerConfigKeys (ConfUtils.java:logGet(46)) - raft.server.read.leader.lease.enabled = false (default)
2025-04-17 16:40:29,879 [c825922c-8499-4d06-bbc0-08abc9a8124c@group-3A10B81F0950-LeaderElection9] INFO  server.RaftServerConfigKeys (ConfUtils.java:logGet(46)) - raft.server.read.leader.lease.timeout.ratio = 0.9 (default)
2025-04-17 16:40:29,879 [c825922c-8499-4d06-bbc0-08abc9a8124c@group-3A10B81F0950-LeaderElection9] INFO  server.RaftServerConfigKeys (ConfUtils.java:logGet(46)) - raft.server.rpc.timeout.min = 5s (custom)
2025-04-17 16:40:29,879 [c825922c-8499-4d06-bbc0-08abc9a8124c@group-3A10B81F0950-LeaderElection9] INFO  server.RaftServerConfigKeys (ConfUtils.java:logGet(46)) - raft.server.log.log-metadata.enabled = true (default)
2025-04-17 16:40:29,877 [pool-237-thread-1] INFO  ozoneimpl.OzoneContainer (OzoneContainer.java:stop(536)) - Attempting to stop container services.
2025-04-17 16:40:29,881 [c825922c-8499-4d06-bbc0-08abc9a8124c@group-3A10B81F0950-LeaderElection9] INFO  server.RaftServerConfigKeys (ConfUtils.java:logGet(46)) - raft.server.write.element-limit = 1024 (custom)
2025-04-17 16:40:29,881 [c825922c-8499-4d06-bbc0-08abc9a8124c@group-3A10B81F0950-LeaderElection9] INFO  server.RaftServerConfigKeys (ConfUtils.java:logGet(46)) - raft.server.write.follower.gap.ratio.max = -1.0 (default)
2025-04-17 16:40:29,882 [c825922c-8499-4d06-bbc0-08abc9a8124c@group-3A10B81F0950-LeaderElection9] INFO  server.RaftServerConfigKeys (ConfUtils.java:logGet(46)) - raft.server.log.appender.snapshot.chunk.size.max = 16MB (=16777216) (default)
2025-04-17 16:40:29,882 [c825922c-8499-4d06-bbc0-08abc9a8124c@group-3A10B81F0950-LeaderElection9] INFO  server.RaftServerConfigKeys (ConfUtils.java:logGet(46)) - raft.server.log.appender.buffer.byte-limit = 33554432 (custom)
2025-04-17 16:40:29,882 [c825922c-8499-4d06-bbc0-08abc9a8124c@group-3A10B81F0950-LeaderElection9] INFO  server.RaftServerConfigKeys (ConfUtils.java:logGet(46)) - raft.server.log.appender.buffer.element-limit = 1024 (custom)
2025-04-17 16:40:29,882 [c825922c-8499-4d06-bbc0-08abc9a8124c@group-3A10B81F0950-LeaderElection9] INFO  server.RaftServerConfigKeys (ConfUtils.java:logGet(46)) - raft.server.log.appender.wait-time.min = 0μs (custom)
2025-04-17 16:40:29,882 [c825922c-8499-4d06-bbc0-08abc9a8124c@group-3A10B81F0950-LeaderElection9] INFO  grpc.GrpcConfigKeys (ConfUtils.java:logGet(46)) - raft.grpc.server.leader.outstanding.appends.max = 8 (default)
2025-04-17 16:40:29,882 [c825922c-8499-4d06-bbc0-08abc9a8124c@group-3A10B81F0950-LeaderElection9] INFO  server.RaftServerConfigKeys (ConfUtils.java:logGet(46)) - raft.server.rpc.request.timeout = 60s (custom)
2025-04-17 16:40:29,883 [c825922c-8499-4d06-bbc0-08abc9a8124c@group-3A10B81F0950-LeaderElection9] INFO  grpc.GrpcConfigKeys (ConfUtils.java:logGet(46)) - raft.grpc.server.install_snapshot.request.element-limit = 8 (default)
2025-04-17 16:40:29,883 [c825922c-8499-4d06-bbc0-08abc9a8124c@group-3A10B81F0950-LeaderElection9] INFO  grpc.GrpcConfigKeys (ConfUtils.java:logGet(46)) - raft.grpc.server.install_snapshot.request.timeout = 3000ms (default)
2025-04-17 16:40:29,879 [a6bf55e3-38e4-411e-ac0b-5acdb6a35656@group-47C15F12B665-LeaderElection11] INFO  server.RaftServerConfigKeys (ConfUtils.java:logGet(46)) - raft.server.write.element-limit = 1024 (custom)
2025-04-17 16:40:29,883 [a6bf55e3-38e4-411e-ac0b-5acdb6a35656@group-47C15F12B665-LeaderElection11] INFO  server.RaftServerConfigKeys (ConfUtils.java:logGet(46)) - raft.server.write.byte-limit = 1024 M (=1073741824) (custom)
2025-04-17 16:40:29,883 [a6bf55e3-38e4-411e-ac0b-5acdb6a35656@group-47C15F12B665-LeaderElection11] INFO  server.RaftServerConfigKeys (ConfUtils.java:logGet(46)) - raft.server.watch.timeout = 30s (custom)
2025-04-17 16:40:29,883 [a6bf55e3-38e4-411e-ac0b-5acdb6a35656@group-47C15F12B665-LeaderElection11] INFO  server.RaftServerConfigKeys (ConfUtils.java:logGet(46)) - raft.server.watch.timeout.denomination = 1s (default)
2025-04-17 16:40:29,883 [a6bf55e3-38e4-411e-ac0b-5acdb6a35656@group-47C15F12B665-LeaderElection11] INFO  server.RaftServerConfigKeys (ConfUtils.java:logGet(46)) - raft.server.watch.element-limit = 65536 (default)
2025-04-17 16:40:29,883 [c825922c-8499-4d06-bbc0-08abc9a8124c@group-3A10B81F0950-LeaderElection9] INFO  grpc.GrpcConfigKeys (ConfUtils.java:logGet(46)) - raft.grpc.server.log-message.batch.duration = 5s (default)
2025-04-17 16:40:29,882 [ContainerMetadataScanner] WARN  ozoneimpl.AbstractBackgroundContainerScanner (AbstractBackgroundContainerScanner.java:handleRemainingSleep(136)) - Background container scan was interrupted.
2025-04-17 16:40:29,885 [ContainerMetadataScanner] INFO  ozoneimpl.AbstractBackgroundContainerScanner (AbstractBackgroundContainerScanner.java:run(63)) - org.apache.hadoop.ozone.container.ozoneimpl.BackgroundContainerMetadataScanner@9a54d47 exiting.
2025-04-17 16:40:29,885 [a6bf55e3-38e4-411e-ac0b-5acdb6a35656@group-47C15F12B665-LeaderElection11] INFO  server.RaftServerConfigKeys (ConfUtils.java:logGet(46)) - raft.server.read.leader.lease.enabled = false (default)
2025-04-17 16:40:29,885 [a6bf55e3-38e4-411e-ac0b-5acdb6a35656@group-47C15F12B665-LeaderElection11] INFO  server.RaftServerConfigKeys (ConfUtils.java:logGet(46)) - raft.server.read.leader.lease.timeout.ratio = 0.9 (default)
2025-04-17 16:40:29,885 [a6bf55e3-38e4-411e-ac0b-5acdb6a35656@group-47C15F12B665-LeaderElection11] INFO  server.RaftServerConfigKeys (ConfUtils.java:logGet(46)) - raft.server.rpc.timeout.min = 5s (custom)
2025-04-17 16:40:29,885 [a6bf55e3-38e4-411e-ac0b-5acdb6a35656@group-47C15F12B665-LeaderElection11] INFO  server.RaftServerConfigKeys (ConfUtils.java:logGet(46)) - raft.server.log.log-metadata.enabled = true (default)
2025-04-17 16:40:29,885 [a6bf55e3-38e4-411e-ac0b-5acdb6a35656@group-47C15F12B665-LeaderElection11] INFO  server.RaftServerConfigKeys (ConfUtils.java:logGet(46)) - raft.server.write.element-limit = 1024 (custom)
2025-04-17 16:40:29,885 [a6bf55e3-38e4-411e-ac0b-5acdb6a35656@group-47C15F12B665-LeaderElection11] INFO  server.RaftServerConfigKeys (ConfUtils.java:logGet(46)) - raft.server.write.follower.gap.ratio.max = -1.0 (default)
2025-04-17 16:40:29,885 [c825922c-8499-4d06-bbc0-08abc9a8124c@group-3A10B81F0950-LeaderElection9] INFO  server.RaftServerConfigKeys (ConfUtils.java:logGet(46)) - raft.server.log.appender.install.snapshot.enabled = false (custom)
2025-04-17 16:40:29,887 [c825922c-8499-4d06-bbc0-08abc9a8124c@group-3A10B81F0950-LeaderElection9] INFO  grpc.GrpcConfigKeys (ConfUtils.java:logGet(46)) - raft.grpc.server.heartbeat.channel = true (default)
2025-04-17 16:40:29,888 [c825922c-8499-4d06-bbc0-08abc9a8124c@group-3A10B81F0950-LeaderElection9] INFO  server.RaftServerConfigKeys (ConfUtils.java:logGet(46)) - raft.server.log.appender.snapshot.chunk.size.max = 16MB (=16777216) (default)
2025-04-17 16:40:29,888 [c825922c-8499-4d06-bbc0-08abc9a8124c@group-3A10B81F0950-LeaderElection9] INFO  server.RaftServerConfigKeys (ConfUtils.java:logGet(46)) - raft.server.log.appender.buffer.byte-limit = 33554432 (custom)
2025-04-17 16:40:29,888 [c825922c-8499-4d06-bbc0-08abc9a8124c@group-3A10B81F0950-LeaderElection9] INFO  server.RaftServerConfigKeys (ConfUtils.java:logGet(46)) - raft.server.log.appender.buffer.element-limit = 1024 (custom)
2025-04-17 16:40:29,888 [c825922c-8499-4d06-bbc0-08abc9a8124c@group-3A10B81F0950-LeaderElection9] INFO  server.RaftServerConfigKeys (ConfUtils.java:logGet(46)) - raft.server.log.appender.wait-time.min = 0μs (custom)
2025-04-17 16:40:29,888 [c825922c-8499-4d06-bbc0-08abc9a8124c@group-3A10B81F0950-LeaderElection9] INFO  grpc.GrpcConfigKeys (ConfUtils.java:logGet(46)) - raft.grpc.server.leader.outstanding.appends.max = 8 (default)
2025-04-17 16:40:29,888 [c825922c-8499-4d06-bbc0-08abc9a8124c@group-3A10B81F0950-LeaderElection9] INFO  server.RaftServerConfigKeys (ConfUtils.java:logGet(46)) - raft.server.rpc.request.timeout = 60s (custom)
2025-04-17 16:40:29,888 [c825922c-8499-4d06-bbc0-08abc9a8124c@group-3A10B81F0950-LeaderElection9] INFO  grpc.GrpcConfigKeys (ConfUtils.java:logGet(46)) - raft.grpc.server.install_snapshot.request.element-limit = 8 (default)
2025-04-17 16:40:29,889 [c825922c-8499-4d06-bbc0-08abc9a8124c@group-3A10B81F0950-LeaderElection9] INFO  grpc.GrpcConfigKeys (ConfUtils.java:logGet(46)) - raft.grpc.server.install_snapshot.request.timeout = 3000ms (default)
2025-04-17 16:40:29,889 [c825922c-8499-4d06-bbc0-08abc9a8124c@group-3A10B81F0950-LeaderElection9] INFO  grpc.GrpcConfigKeys (ConfUtils.java:logGet(46)) - raft.grpc.server.log-message.batch.duration = 5s (default)
2025-04-17 16:40:29,889 [c825922c-8499-4d06-bbc0-08abc9a8124c@group-3A10B81F0950-LeaderElection9] INFO  server.RaftServerConfigKeys (ConfUtils.java:logGet(46)) - raft.server.log.appender.install.snapshot.enabled = false (custom)
2025-04-17 16:40:29,889 [c825922c-8499-4d06-bbc0-08abc9a8124c@group-3A10B81F0950-LeaderElection9] INFO  grpc.GrpcConfigKeys (ConfUtils.java:logGet(46)) - raft.grpc.server.heartbeat.channel = true (default)
2025-04-17 16:40:29,889 [c825922c-8499-4d06-bbc0-08abc9a8124c@group-3A10B81F0950-LeaderElection9] INFO  impl.RoleInfo (RoleInfo.java:updateAndGet(148)) - c825922c-8499-4d06-bbc0-08abc9a8124c: start c825922c-8499-4d06-bbc0-08abc9a8124c@group-3A10B81F0950-LeaderStateImpl
2025-04-17 16:40:29,887 [a6bf55e3-38e4-411e-ac0b-5acdb6a35656@group-47C15F12B665-LeaderElection11] INFO  server.RaftServerConfigKeys (ConfUtils.java:logGet(46)) - raft.server.log.appender.snapshot.chunk.size.max = 16MB (=16777216) (default)
2025-04-17 16:40:29,889 [a6bf55e3-38e4-411e-ac0b-5acdb6a35656@group-47C15F12B665-LeaderElection11] INFO  server.RaftServerConfigKeys (ConfUtils.java:logGet(46)) - raft.server.log.appender.buffer.byte-limit = 33554432 (custom)
2025-04-17 16:40:29,889 [a6bf55e3-38e4-411e-ac0b-5acdb6a35656@group-47C15F12B665-LeaderElection11] INFO  server.RaftServerConfigKeys (ConfUtils.java:logGet(46)) - raft.server.log.appender.buffer.element-limit = 1024 (custom)
2025-04-17 16:40:29,889 [a6bf55e3-38e4-411e-ac0b-5acdb6a35656@group-47C15F12B665-LeaderElection11] INFO  server.RaftServerConfigKeys (ConfUtils.java:logGet(46)) - raft.server.log.appender.wait-time.min = 0μs (custom)
2025-04-17 16:40:29,889 [a6bf55e3-38e4-411e-ac0b-5acdb6a35656@group-47C15F12B665-LeaderElection11] INFO  grpc.GrpcConfigKeys (ConfUtils.java:logGet(46)) - raft.grpc.server.leader.outstanding.appends.max = 8 (default)
2025-04-17 16:40:29,890 [a6bf55e3-38e4-411e-ac0b-5acdb6a35656@group-47C15F12B665-LeaderElection11] INFO  server.RaftServerConfigKeys (ConfUtils.java:logGet(46)) - raft.server.rpc.request.timeout = 60s (custom)
2025-04-17 16:40:29,890 [a6bf55e3-38e4-411e-ac0b-5acdb6a35656@group-47C15F12B665-LeaderElection11] INFO  grpc.GrpcConfigKeys (ConfUtils.java:logGet(46)) - raft.grpc.server.install_snapshot.request.element-limit = 8 (default)
2025-04-17 16:40:29,890 [a6bf55e3-38e4-411e-ac0b-5acdb6a35656@group-47C15F12B665-LeaderElection11] INFO  grpc.GrpcConfigKeys (ConfUtils.java:logGet(46)) - raft.grpc.server.install_snapshot.request.timeout = 3000ms (default)
2025-04-17 16:40:29,890 [a6bf55e3-38e4-411e-ac0b-5acdb6a35656@group-47C15F12B665-LeaderElection11] INFO  grpc.GrpcConfigKeys (ConfUtils.java:logGet(46)) - raft.grpc.server.log-message.batch.duration = 5s (default)
2025-04-17 16:40:29,890 [a6bf55e3-38e4-411e-ac0b-5acdb6a35656@group-47C15F12B665-LeaderElection11] INFO  server.RaftServerConfigKeys (ConfUtils.java:logGet(46)) - raft.server.log.appender.install.snapshot.enabled = false (custom)
2025-04-17 16:40:29,890 [a6bf55e3-38e4-411e-ac0b-5acdb6a35656@group-47C15F12B665-LeaderElection11] INFO  grpc.GrpcConfigKeys (ConfUtils.java:logGet(46)) - raft.grpc.server.heartbeat.channel = true (default)
2025-04-17 16:40:29,886 [pool-237-thread-1] INFO  ozoneimpl.BackgroundContainerDataScanner (BackgroundContainerDataScanner.java:shutdown(141)) - ContainerDataScanner(/home/runner/work/ozone/ozone/hadoop-ozone/integration-test/target/test-dir/MiniOzoneClusterImpl-26e726f8-5cec-4c14-bf14-45d4895febc0/ozone-meta/datanode-1/data-0/hdds) is shutting down. 
2025-04-17 16:40:29,891 [ContainerDataScanner(/home/runner/work/ozone/ozone/hadoop-ozone/integration-test/target/test-dir/MiniOzoneClusterImpl-26e726f8-5cec-4c14-bf14-45d4895febc0/ozone-meta/datanode-1/data-0/hdds)] WARN  ozoneimpl.AbstractBackgroundContainerScanner (AbstractBackgroundContainerScanner.java:handleRemainingSleep(136)) - Background container scan was interrupted.
2025-04-17 16:40:29,891 [ContainerDataScanner(/home/runner/work/ozone/ozone/hadoop-ozone/integration-test/target/test-dir/MiniOzoneClusterImpl-26e726f8-5cec-4c14-bf14-45d4895febc0/ozone-meta/datanode-1/data-0/hdds)] INFO  ozoneimpl.AbstractBackgroundContainerScanner (AbstractBackgroundContainerScanner.java:run(63)) - ContainerDataScanner(/home/runner/work/ozone/ozone/hadoop-ozone/integration-test/target/test-dir/MiniOzoneClusterImpl-26e726f8-5cec-4c14-bf14-45d4895febc0/ozone-meta/datanode-1/data-0/hdds, DS-70ae1f27-3f22-4008-8a1c-26275b96b5fe) exiting.
2025-04-17 16:40:29,892 [pool-237-thread-1] INFO  ozoneimpl.OnDemandContainerDataScanner (OnDemandContainerDataScanner.java:shutdownScanner(208)) - On-demand container scanner is shutting down.
2025-04-17 16:40:29,889 [c825922c-8499-4d06-bbc0-08abc9a8124c@group-3A10B81F0950-LeaderElection9] INFO  server.RaftServer$Division (RaftServerImpl.java:setFirstElection(562)) - c825922c-8499-4d06-bbc0-08abc9a8124c@group-3A10B81F0950: set firstElectionSinceStartup to false for becomeLeader
2025-04-17 16:40:29,893 [c825922c-8499-4d06-bbc0-08abc9a8124c@group-3A10B81F0950-LeaderElection9] INFO  ratis.XceiverServerRatis (XceiverServerRatis.java:handleLeaderChangedNotification(944)) - Leader change notification received for group: group-3A10B81F0950 with new leaderId: c825922c-8499-4d06-bbc0-08abc9a8124c
2025-04-17 16:40:29,893 [c825922c-8499-4d06-bbc0-08abc9a8124c@group-3A10B81F0950-LeaderElection9] INFO  server.RaftServer$Division (ServerState.java:setLeader(272)) - c825922c-8499-4d06-bbc0-08abc9a8124c@group-3A10B81F0950: change Leader from null to c825922c-8499-4d06-bbc0-08abc9a8124c at term 1 for becomeLeader, leader elected after 1135ms
2025-04-17 16:40:29,894 [c825922c-8499-4d06-bbc0-08abc9a8124c@group-3A10B81F0950-LeaderElection9] INFO  segmented.SegmentedRaftLogWorker (SegmentedRaftLogWorker.java:startLogSegment(438)) - c825922c-8499-4d06-bbc0-08abc9a8124c@group-3A10B81F0950-SegmentedRaftLogWorker: Starting segment from index:0
2025-04-17 16:40:29,894 [a6bf55e3-38e4-411e-ac0b-5acdb6a35656@group-47C15F12B665-LeaderElection11] INFO  server.RaftServerConfigKeys (ConfUtils.java:logGet(46)) - raft.server.log.appender.snapshot.chunk.size.max = 16MB (=16777216) (default)
2025-04-17 16:40:29,895 [a6bf55e3-38e4-411e-ac0b-5acdb6a35656@group-47C15F12B665-LeaderElection11] INFO  server.RaftServerConfigKeys (ConfUtils.java:logGet(46)) - raft.server.log.appender.buffer.byte-limit = 33554432 (custom)
2025-04-17 16:40:29,895 [a6bf55e3-38e4-411e-ac0b-5acdb6a35656@group-47C15F12B665-LeaderElection11] INFO  server.RaftServerConfigKeys (ConfUtils.java:logGet(46)) - raft.server.log.appender.buffer.element-limit = 1024 (custom)
2025-04-17 16:40:29,895 [a6bf55e3-38e4-411e-ac0b-5acdb6a35656@group-47C15F12B665-LeaderElection11] INFO  server.RaftServerConfigKeys (ConfUtils.java:logGet(46)) - raft.server.log.appender.wait-time.min = 0μs (custom)
2025-04-17 16:40:29,896 [a6bf55e3-38e4-411e-ac0b-5acdb6a35656@group-47C15F12B665-LeaderElection11] INFO  grpc.GrpcConfigKeys (ConfUtils.java:logGet(46)) - raft.grpc.server.leader.outstanding.appends.max = 8 (default)
2025-04-17 16:40:29,896 [a6bf55e3-38e4-411e-ac0b-5acdb6a35656@group-47C15F12B665-LeaderElection11] INFO  server.RaftServerConfigKeys (ConfUtils.java:logGet(46)) - raft.server.rpc.request.timeout = 60s (custom)
2025-04-17 16:40:29,896 [a6bf55e3-38e4-411e-ac0b-5acdb6a35656@group-47C15F12B665-LeaderElection11] INFO  grpc.GrpcConfigKeys (ConfUtils.java:logGet(46)) - raft.grpc.server.install_snapshot.request.element-limit = 8 (default)
2025-04-17 16:40:29,896 [a6bf55e3-38e4-411e-ac0b-5acdb6a35656@group-47C15F12B665-LeaderElection11] INFO  grpc.GrpcConfigKeys (ConfUtils.java:logGet(46)) - raft.grpc.server.install_snapshot.request.timeout = 3000ms (default)
2025-04-17 16:40:29,896 [a6bf55e3-38e4-411e-ac0b-5acdb6a35656@group-47C15F12B665-LeaderElection11] INFO  grpc.GrpcConfigKeys (ConfUtils.java:logGet(46)) - raft.grpc.server.log-message.batch.duration = 5s (default)
2025-04-17 16:40:29,896 [a6bf55e3-38e4-411e-ac0b-5acdb6a35656@group-47C15F12B665-LeaderElection11] INFO  server.RaftServerConfigKeys (ConfUtils.java:logGet(46)) - raft.server.log.appender.install.snapshot.enabled = false (custom)
2025-04-17 16:40:29,896 [a6bf55e3-38e4-411e-ac0b-5acdb6a35656@group-47C15F12B665-LeaderElection11] INFO  grpc.GrpcConfigKeys (ConfUtils.java:logGet(46)) - raft.grpc.server.heartbeat.channel = true (default)
2025-04-17 16:40:29,896 [c825922c-8499-4d06-bbc0-08abc9a8124c@group-3A10B81F0950-LeaderElection9] INFO  server.RaftServer$Division (ServerState.java:setRaftConf(386)) - c825922c-8499-4d06-bbc0-08abc9a8124c@group-3A10B81F0950: set configuration conf: {index: 0, cur=peers:[c825922c-8499-4d06-bbc0-08abc9a8124c|127.0.0.1:15015, a6bf55e3-38e4-411e-ac0b-5acdb6a35656|127.0.0.1:15031, 93cc9901-be1a-45f5-9681-0d93e627c426|127.0.0.1:15023]|listeners:[], old=null}
2025-04-17 16:40:29,898 [a6bf55e3-38e4-411e-ac0b-5acdb6a35656@group-47C15F12B665-LeaderElection11] INFO  impl.RoleInfo (RoleInfo.java:updateAndGet(148)) - a6bf55e3-38e4-411e-ac0b-5acdb6a35656: start a6bf55e3-38e4-411e-ac0b-5acdb6a35656@group-47C15F12B665-LeaderStateImpl
2025-04-17 16:40:29,898 [a6bf55e3-38e4-411e-ac0b-5acdb6a35656@group-47C15F12B665-LeaderElection11] INFO  server.RaftServer$Division (RaftServerImpl.java:setFirstElection(562)) - a6bf55e3-38e4-411e-ac0b-5acdb6a35656@group-47C15F12B665: set firstElectionSinceStartup to false for becomeLeader
2025-04-17 16:40:29,898 [a6bf55e3-38e4-411e-ac0b-5acdb6a35656@group-47C15F12B665-LeaderElection11] INFO  ratis.XceiverServerRatis (XceiverServerRatis.java:handleLeaderChangedNotification(944)) - Leader change notification received for group: group-47C15F12B665 with new leaderId: a6bf55e3-38e4-411e-ac0b-5acdb6a35656
2025-04-17 16:40:29,895 [c825922c-8499-4d06-bbc0-08abc9a8124c@group-3A10B81F0950-SegmentedRaftLogWorker] INFO  segmented.BufferedWriteChannel (BufferedWriteChannel.java:open(61)) - open log_inprogress_0 at position 0
2025-04-17 16:40:29,900 [a6bf55e3-38e4-411e-ac0b-5acdb6a35656@group-47C15F12B665-LeaderElection11] INFO  server.RaftServer$Division (ServerState.java:setLeader(272)) - a6bf55e3-38e4-411e-ac0b-5acdb6a35656@group-47C15F12B665: change Leader from null to a6bf55e3-38e4-411e-ac0b-5acdb6a35656 at term 1 for becomeLeader, leader elected after 1267ms
2025-04-17 16:40:29,900 [a6bf55e3-38e4-411e-ac0b-5acdb6a35656@group-47C15F12B665-LeaderElection11] INFO  segmented.SegmentedRaftLogWorker (SegmentedRaftLogWorker.java:startLogSegment(438)) - a6bf55e3-38e4-411e-ac0b-5acdb6a35656@group-47C15F12B665-SegmentedRaftLogWorker: Starting segment from index:0
2025-04-17 16:40:29,900 [a6bf55e3-38e4-411e-ac0b-5acdb6a35656@group-47C15F12B665-LeaderElection11] INFO  server.RaftServer$Division (ServerState.java:setRaftConf(386)) - a6bf55e3-38e4-411e-ac0b-5acdb6a35656@group-47C15F12B665: set configuration conf: {index: 0, cur=peers:[c825922c-8499-4d06-bbc0-08abc9a8124c|127.0.0.1:15015, a6bf55e3-38e4-411e-ac0b-5acdb6a35656|127.0.0.1:15031, 93cc9901-be1a-45f5-9681-0d93e627c426|127.0.0.1:15023]|listeners:[], old=null}
2025-04-17 16:40:29,902 [a6bf55e3-38e4-411e-ac0b-5acdb6a35656@group-47C15F12B665-SegmentedRaftLogWorker] INFO  segmented.BufferedWriteChannel (BufferedWriteChannel.java:open(61)) - open log_inprogress_0 at position 0
2025-04-17 16:40:29,904 [pool-237-thread-1] INFO  ratis.XceiverServerRatis (XceiverServerRatis.java:stop(596)) - Closing XceiverServerRatis(c825922c-8499-4d06-bbc0-08abc9a8124c)
2025-04-17 16:40:29,904 [pool-237-thread-1] INFO  server.RaftServer (RaftServerProxy.java:lambda$close$9(417)) - c825922c-8499-4d06-bbc0-08abc9a8124c: close
2025-04-17 16:40:29,905 [c825922c-8499-4d06-bbc0-08abc9a8124c-impl-thread1] INFO  server.RaftServer$Division (RaftServerImpl.java:lambda$close$1(513)) - c825922c-8499-4d06-bbc0-08abc9a8124c@group-3A10B81F0950: shutdown
2025-04-17 16:40:29,905 [c825922c-8499-4d06-bbc0-08abc9a8124c-impl-thread1] INFO  util.JmxRegister (JmxRegister.java:unregister(74)) - Successfully un-registered JMX Bean with object name Ratis:service=RaftServer,group=group-3A10B81F0950,id=c825922c-8499-4d06-bbc0-08abc9a8124c
2025-04-17 16:40:29,905 [c825922c-8499-4d06-bbc0-08abc9a8124c-impl-thread1] INFO  impl.RoleInfo (RoleInfo.java:shutdownLeaderState(103)) - c825922c-8499-4d06-bbc0-08abc9a8124c: shutdown c825922c-8499-4d06-bbc0-08abc9a8124c@group-3A10B81F0950-LeaderStateImpl
2025-04-17 16:40:29,906 [c825922c-8499-4d06-bbc0-08abc9a8124c@group-3A10B81F0950->a6bf55e3-38e4-411e-ac0b-5acdb6a35656-GrpcLogAppender-LogAppenderDaemon] INFO  leader.LogAppenderDaemon (LogAppenderDaemon.java:run(87)) - c825922c-8499-4d06-bbc0-08abc9a8124c@group-3A10B81F0950->a6bf55e3-38e4-411e-ac0b-5acdb6a35656-GrpcLogAppender-LogAppenderDaemon I/O was interrupted: java.io.InterruptedIOException: Interrupted appendLog, heartbeat? true
2025-04-17 16:40:29,906 [c825922c-8499-4d06-bbc0-08abc9a8124c-impl-thread1] INFO  impl.PendingRequests (PendingRequests.java:sendNotLeaderResponses(287)) - c825922c-8499-4d06-bbc0-08abc9a8124c@group-3A10B81F0950-PendingRequests: sendNotLeaderResponses
2025-04-17 16:40:29,906 [c825922c-8499-4d06-bbc0-08abc9a8124c@group-3A10B81F0950->93cc9901-be1a-45f5-9681-0d93e627c426-GrpcLogAppender-LogAppenderDaemon] INFO  leader.LogAppenderDaemon (LogAppenderDaemon.java:run(87)) - c825922c-8499-4d06-bbc0-08abc9a8124c@group-3A10B81F0950->93cc9901-be1a-45f5-9681-0d93e627c426-GrpcLogAppender-LogAppenderDaemon I/O was interrupted: java.io.InterruptedIOException: Interrupted appendLog, heartbeat? true
2025-04-17 16:40:29,908 [c825922c-8499-4d06-bbc0-08abc9a8124c-impl-thread1] INFO  impl.StateMachineUpdater (StateMachineUpdater.java:stopAndJoin(164)) - c825922c-8499-4d06-bbc0-08abc9a8124c@group-3A10B81F0950-StateMachineUpdater: set stopIndex = -1
2025-04-17 16:40:29,908 [c825922c-8499-4d06-bbc0-08abc9a8124c@group-3A10B81F0950-StateMachineUpdater] INFO  impl.StateMachineUpdater (StateMachineUpdater.java:stop(141)) - c825922c-8499-4d06-bbc0-08abc9a8124c@group-3A10B81F0950-StateMachineUpdater: closing ContainerStateMachine, lastApplied=(t:0, i:~)
2025-04-17 16:40:29,910 [c825922c-8499-4d06-bbc0-08abc9a8124c-impl-thread2] INFO  server.RaftServer$Division (RaftServerImpl.java:lambda$close$1(513)) - c825922c-8499-4d06-bbc0-08abc9a8124c@group-8D29FBA23A78: shutdown
2025-04-17 16:40:29,910 [c825922c-8499-4d06-bbc0-08abc9a8124c-impl-thread2] INFO  util.JmxRegister (JmxRegister.java:unregister(74)) - Successfully un-registered JMX Bean with object name Ratis:service=RaftServer,group=group-8D29FBA23A78,id=c825922c-8499-4d06-bbc0-08abc9a8124c
2025-04-17 16:40:29,910 [c825922c-8499-4d06-bbc0-08abc9a8124c-impl-thread2] INFO  impl.RoleInfo (RoleInfo.java:shutdownLeaderState(103)) - c825922c-8499-4d06-bbc0-08abc9a8124c: shutdown c825922c-8499-4d06-bbc0-08abc9a8124c@group-8D29FBA23A78-LeaderStateImpl
2025-04-17 16:40:29,910 [c825922c-8499-4d06-bbc0-08abc9a8124c-impl-thread2] INFO  impl.PendingRequests (PendingRequests.java:sendNotLeaderResponses(287)) - c825922c-8499-4d06-bbc0-08abc9a8124c@group-8D29FBA23A78-PendingRequests: sendNotLeaderResponses
2025-04-17 16:40:29,912 [c825922c-8499-4d06-bbc0-08abc9a8124c-impl-thread3] INFO  server.RaftServer$Division (RaftServerImpl.java:lambda$close$1(513)) - c825922c-8499-4d06-bbc0-08abc9a8124c@group-47CB1C91F82B: shutdown
2025-04-17 16:40:29,912 [c825922c-8499-4d06-bbc0-08abc9a8124c-impl-thread3] INFO  util.JmxRegister (JmxRegister.java:unregister(74)) - Successfully un-registered JMX Bean with object name Ratis:service=RaftServer,group=group-47CB1C91F82B,id=c825922c-8499-4d06-bbc0-08abc9a8124c
2025-04-17 16:40:29,912 [c825922c-8499-4d06-bbc0-08abc9a8124c-impl-thread3] INFO  impl.RoleInfo (RoleInfo.java:shutdownFollowerState(121)) - c825922c-8499-4d06-bbc0-08abc9a8124c: shutdown c825922c-8499-4d06-bbc0-08abc9a8124c@group-47CB1C91F82B-FollowerState
2025-04-17 16:40:29,912 [c825922c-8499-4d06-bbc0-08abc9a8124c-impl-thread3] INFO  impl.StateMachineUpdater (StateMachineUpdater.java:stopAndJoin(164)) - c825922c-8499-4d06-bbc0-08abc9a8124c@group-47CB1C91F82B-StateMachineUpdater: set stopIndex = -1
2025-04-17 16:40:29,912 [c825922c-8499-4d06-bbc0-08abc9a8124c@group-47CB1C91F82B-StateMachineUpdater] INFO  impl.StateMachineUpdater (StateMachineUpdater.java:stop(141)) - c825922c-8499-4d06-bbc0-08abc9a8124c@group-47CB1C91F82B-StateMachineUpdater: closing ContainerStateMachine, lastApplied=(t:0, i:~)
2025-04-17 16:40:29,912 [c825922c-8499-4d06-bbc0-08abc9a8124c@group-3A10B81F0950-cacheEviction-AwaitToRun] INFO  util.AwaitToRun (AwaitToRun.java:run(49)) - c825922c-8499-4d06-bbc0-08abc9a8124c@group-3A10B81F0950-cacheEviction-AwaitToRun-AwaitForSignal is interrupted
2025-04-17 16:40:29,912 [c825922c-8499-4d06-bbc0-08abc9a8124c-impl-thread4] INFO  server.RaftServer$Division (RaftServerImpl.java:lambda$close$1(513)) - c825922c-8499-4d06-bbc0-08abc9a8124c@group-47C15F12B665: shutdown
2025-04-17 16:40:29,912 [pool-237-thread-1] INFO  server.GrpcService (GrpcService.java:closeImpl(343)) - c825922c-8499-4d06-bbc0-08abc9a8124c: shutdown server org.apache.ratis.grpc.server.GrpcClientProtocolService now
2025-04-17 16:40:29,913 [c825922c-8499-4d06-bbc0-08abc9a8124c-impl-thread4] INFO  util.JmxRegister (JmxRegister.java:unregister(74)) - Successfully un-registered JMX Bean with object name Ratis:service=RaftServer,group=group-47C15F12B665,id=c825922c-8499-4d06-bbc0-08abc9a8124c
2025-04-17 16:40:29,913 [c825922c-8499-4d06-bbc0-08abc9a8124c-impl-thread4] INFO  impl.RoleInfo (RoleInfo.java:shutdownFollowerState(121)) - c825922c-8499-4d06-bbc0-08abc9a8124c: shutdown c825922c-8499-4d06-bbc0-08abc9a8124c@group-47C15F12B665-FollowerState
2025-04-17 16:40:29,913 [c825922c-8499-4d06-bbc0-08abc9a8124c-impl-thread4] INFO  impl.StateMachineUpdater (StateMachineUpdater.java:stopAndJoin(164)) - c825922c-8499-4d06-bbc0-08abc9a8124c@group-47C15F12B665-StateMachineUpdater: set stopIndex = -1
2025-04-17 16:40:29,913 [c825922c-8499-4d06-bbc0-08abc9a8124c@group-47C15F12B665-StateMachineUpdater] INFO  impl.StateMachineUpdater (StateMachineUpdater.java:stop(141)) - c825922c-8499-4d06-bbc0-08abc9a8124c@group-47C15F12B665-StateMachineUpdater: closing ContainerStateMachine, lastApplied=(t:0, i:~)
2025-04-17 16:40:29,914 [c825922c-8499-4d06-bbc0-08abc9a8124c@group-47CB1C91F82B-cacheEviction-AwaitToRun] INFO  util.AwaitToRun (AwaitToRun.java:run(49)) - c825922c-8499-4d06-bbc0-08abc9a8124c@group-47CB1C91F82B-cacheEviction-AwaitToRun-AwaitForSignal is interrupted
2025-04-17 16:40:29,914 [c825922c-8499-4d06-bbc0-08abc9a8124c@group-8D29FBA23A78-StateMachineUpdater] INFO  ratis.ContainerStateMachine (ContainerStateMachine.java:takeSnapshot(427)) - group-8D29FBA23A78: Taking a snapshot at:(t:1, i:0) file /home/runner/work/ozone/ozone/hadoop-ozone/integration-test/target/test-dir/MiniOzoneClusterImpl-26e726f8-5cec-4c14-bf14-45d4895febc0/ozone-meta/datanode-1/ratis/ba926e06-1642-4427-9b6a-8d29fba23a78/sm/snapshot.1_0
2025-04-17 16:40:29,913 [c825922c-8499-4d06-bbc0-08abc9a8124c@group-47C15F12B665-FollowerState] INFO  impl.FollowerState (FollowerState.java:runImpl(170)) - c825922c-8499-4d06-bbc0-08abc9a8124c@group-47C15F12B665-FollowerState was interrupted
2025-04-17 16:40:29,913 [c825922c-8499-4d06-bbc0-08abc9a8124c@group-47CB1C91F82B-FollowerState] INFO  impl.FollowerState (FollowerState.java:runImpl(170)) - c825922c-8499-4d06-bbc0-08abc9a8124c@group-47CB1C91F82B-FollowerState was interrupted
2025-04-17 16:40:29,914 [c825922c-8499-4d06-bbc0-08abc9a8124c@group-47C15F12B665-cacheEviction-AwaitToRun] INFO  util.AwaitToRun (AwaitToRun.java:run(49)) - c825922c-8499-4d06-bbc0-08abc9a8124c@group-47C15F12B665-cacheEviction-AwaitToRun-AwaitForSignal is interrupted
2025-04-17 16:40:29,919 [c825922c-8499-4d06-bbc0-08abc9a8124c-impl-thread2] INFO  impl.StateMachineUpdater (StateMachineUpdater.java:stopAndJoin(164)) - c825922c-8499-4d06-bbc0-08abc9a8124c@group-8D29FBA23A78-StateMachineUpdater: set stopIndex = 0
2025-04-17 16:40:29,920 [Thread-726] INFO  server.GrpcServerProtocolClient (GrpcServerProtocolClient.java:close(105)) - a6bf55e3-38e4-411e-ac0b-5acdb6a35656 Close channels
2025-04-17 16:40:29,920 [Thread-727] INFO  server.GrpcServerProtocolClient (GrpcServerProtocolClient.java:close(105)) - 93cc9901-be1a-45f5-9681-0d93e627c426 Close channels
2025-04-17 16:40:29,925 [c825922c-8499-4d06-bbc0-08abc9a8124c@group-3A10B81F0950-SegmentedRaftLogWorker] INFO  segmented.SegmentedRaftLogWorker (SegmentedRaftLogWorker.java:execute(644)) - c825922c-8499-4d06-bbc0-08abc9a8124c@group-3A10B81F0950-SegmentedRaftLogWorker: created new log segment /home/runner/work/ozone/ozone/hadoop-ozone/integration-test/target/test-dir/MiniOzoneClusterImpl-26e726f8-5cec-4c14-bf14-45d4895febc0/ozone-meta/datanode-1/ratis/e78d0e28-68e8-4b64-8716-3a10b81f0950/current/log_inprogress_0
2025-04-17 16:40:29,926 [a6bf55e3-38e4-411e-ac0b-5acdb6a35656@group-47C15F12B665-SegmentedRaftLogWorker] INFO  segmented.SegmentedRaftLogWorker (SegmentedRaftLogWorker.java:execute(644)) - a6bf55e3-38e4-411e-ac0b-5acdb6a35656@group-47C15F12B665-SegmentedRaftLogWorker: created new log segment /home/runner/work/ozone/ozone/hadoop-ozone/integration-test/target/test-dir/MiniOzoneClusterImpl-26e726f8-5cec-4c14-bf14-45d4895febc0/ozone-meta/datanode-3/ratis/690337f3-2d94-4a7e-a7b3-47c15f12b665/current/log_inprogress_0
2025-04-17 16:40:29,927 [EventQueue-PipelineReportForPipelineReportHandler] INFO  pipeline.PipelineReportHandler (PipelineReportHandler.java:processPipelineReport(134)) - Opened pipeline PipelineID=690337f3-2d94-4a7e-a7b3-47c15f12b665
2025-04-17 16:40:29,928 [c825922c-8499-4d06-bbc0-08abc9a8124c-impl-thread1] INFO  segmented.SegmentedRaftLogWorker (SegmentedRaftLogWorker.java:close(252)) - c825922c-8499-4d06-bbc0-08abc9a8124c@group-3A10B81F0950-SegmentedRaftLogWorker close()
2025-04-17 16:40:29,929 [c825922c-8499-4d06-bbc0-08abc9a8124c-impl-thread1] INFO  ratis.ContainerStateMachine (ContainerStateMachine.java:notifyServerShutdown(1038)) - group-3A10B81F0950 is closed by HddsDatanodeService
2025-04-17 16:40:29,932 [c825922c-8499-4d06-bbc0-08abc9a8124c-server-thread1] ERROR server.RaftServer$Division (RaftServerImpl.java:appendEntriesAsync(1481)) - c825922c-8499-4d06-bbc0-08abc9a8124c@group-47C15F12B665: Failed appendEntries* a6bf55e3-38e4-411e-ac0b-5acdb6a35656->c825922c-8499-4d06-bbc0-08abc9a8124c#0-t1,previous=(t:0, i:0),leaderCommit=-1,initializing? false,HEARTBEAT
org.apache.ratis.protocol.exceptions.ServerNotReadyException: c825922c-8499-4d06-bbc0-08abc9a8124c@group-47C15F12B665 is not in [STARTING, RUNNING]: current state is CLOSING
	at org.apache.ratis.server.impl.RaftServerImpl.lambda$assertLifeCycleState$7(RaftServerImpl.java:795)
	at org.apache.ratis.util.LifeCycle.assertCurrentState(LifeCycle.java:260)
	at org.apache.ratis.server.impl.RaftServerImpl.assertLifeCycleState(RaftServerImpl.java:794)
	at org.apache.ratis.server.impl.RaftServerImpl.appendEntriesAsync(RaftServerImpl.java:1472)
	at org.apache.ratis.server.impl.RaftServerProxy.lambda$null$28(RaftServerProxy.java:645)
	at org.apache.ratis.util.JavaUtils.callAsUnchecked(JavaUtils.java:118)
	at org.apache.ratis.server.impl.RaftServerImpl.lambda$executeSubmitServerRequestAsync$10(RaftServerImpl.java:899)
	at java.base/java.util.concurrent.CompletableFuture$AsyncSupply.run(CompletableFuture.java:1768)
	at java.base/java.util.concurrent.ThreadPoolExecutor.runWorker(ThreadPoolExecutor.java:1144)
	at java.base/java.util.concurrent.ThreadPoolExecutor$Worker.run(ThreadPoolExecutor.java:642)
	at java.base/java.lang.Thread.run(Thread.java:1583)
2025-04-17 16:40:29,932 [93cc9901-be1a-45f5-9681-0d93e627c426-server-thread1] INFO  ratis.XceiverServerRatis (XceiverServerRatis.java:handleLeaderChangedNotification(944)) - Leader change notification received for group: group-47C15F12B665 with new leaderId: a6bf55e3-38e4-411e-ac0b-5acdb6a35656
2025-04-17 16:40:29,933 [93cc9901-be1a-45f5-9681-0d93e627c426-server-thread1] INFO  server.RaftServer$Division (ServerState.java:setLeader(272)) - 93cc9901-be1a-45f5-9681-0d93e627c426@group-47C15F12B665: change Leader from null to a6bf55e3-38e4-411e-ac0b-5acdb6a35656 at term 1 for appendEntries, leader elected after 1386ms
2025-04-17 16:40:29,938 [93cc9901-be1a-45f5-9681-0d93e627c426-server-thread3] INFO  server.RaftServer$Division (ServerState.java:setRaftConf(386)) - 93cc9901-be1a-45f5-9681-0d93e627c426@group-47C15F12B665: set configuration conf: {index: 0, cur=peers:[c825922c-8499-4d06-bbc0-08abc9a8124c|127.0.0.1:15015, a6bf55e3-38e4-411e-ac0b-5acdb6a35656|127.0.0.1:15031, 93cc9901-be1a-45f5-9681-0d93e627c426|127.0.0.1:15023]|listeners:[], old=null}
2025-04-17 16:40:29,938 [93cc9901-be1a-45f5-9681-0d93e627c426-server-thread3] INFO  segmented.SegmentedRaftLogWorker (SegmentedRaftLogWorker.java:startLogSegment(438)) - 93cc9901-be1a-45f5-9681-0d93e627c426@group-47C15F12B665-SegmentedRaftLogWorker: Starting segment from index:0
2025-04-17 16:40:29,939 [93cc9901-be1a-45f5-9681-0d93e627c426@group-47C15F12B665-SegmentedRaftLogWorker] INFO  segmented.BufferedWriteChannel (BufferedWriteChannel.java:open(61)) - open log_inprogress_0 at position 0
2025-04-17 16:40:29,953 [93cc9901-be1a-45f5-9681-0d93e627c426@group-47C15F12B665-SegmentedRaftLogWorker] INFO  segmented.SegmentedRaftLogWorker (SegmentedRaftLogWorker.java:execute(644)) - 93cc9901-be1a-45f5-9681-0d93e627c426@group-47C15F12B665-SegmentedRaftLogWorker: created new log segment /home/runner/work/ozone/ozone/hadoop-ozone/integration-test/target/test-dir/MiniOzoneClusterImpl-26e726f8-5cec-4c14-bf14-45d4895febc0/ozone-meta/datanode-2/ratis/690337f3-2d94-4a7e-a7b3-47c15f12b665/current/log_inprogress_0
2025-04-17 16:40:29,959 [c825922c-8499-4d06-bbc0-08abc9a8124c-server-thread1] ERROR server.RaftServer$Division (RaftServerImpl.java:appendEntriesAsync(1481)) - c825922c-8499-4d06-bbc0-08abc9a8124c@group-47C15F12B665: Failed appendEntries* a6bf55e3-38e4-411e-ac0b-5acdb6a35656->c825922c-8499-4d06-bbc0-08abc9a8124c#2-t1,previous=(t:0, i:0),leaderCommit=0,initializing? false,HEARTBEAT
org.apache.ratis.protocol.exceptions.ServerNotReadyException: c825922c-8499-4d06-bbc0-08abc9a8124c@group-47C15F12B665 is not in [STARTING, RUNNING]: current state is CLOSING
	at org.apache.ratis.server.impl.RaftServerImpl.lambda$assertLifeCycleState$7(RaftServerImpl.java:795)
	at org.apache.ratis.util.LifeCycle.assertCurrentState(LifeCycle.java:260)
	at org.apache.ratis.server.impl.RaftServerImpl.assertLifeCycleState(RaftServerImpl.java:794)
	at org.apache.ratis.server.impl.RaftServerImpl.appendEntriesAsync(RaftServerImpl.java:1472)
	at org.apache.ratis.server.impl.RaftServerProxy.lambda$null$28(RaftServerProxy.java:645)
	at org.apache.ratis.util.JavaUtils.callAsUnchecked(JavaUtils.java:118)
	at org.apache.ratis.server.impl.RaftServerImpl.lambda$executeSubmitServerRequestAsync$10(RaftServerImpl.java:899)
	at java.base/java.util.concurrent.CompletableFuture$AsyncSupply.run(CompletableFuture.java:1768)
	at java.base/java.util.concurrent.ThreadPoolExecutor.runWorker(ThreadPoolExecutor.java:1144)
	at java.base/java.util.concurrent.ThreadPoolExecutor$Worker.run(ThreadPoolExecutor.java:642)
	at java.base/java.lang.Thread.run(Thread.java:1583)
2025-04-17 16:40:29,961 [a6bf55e3-38e4-411e-ac0b-5acdb6a35656@group-47C15F12B665-StateMachineUpdater] INFO  server.RaftServer$Division (LeaderStateImpl.java:checkStartIndex(313)) - Leader a6bf55e3-38e4-411e-ac0b-5acdb6a35656@group-47C15F12B665-LeaderStateImpl is ready since appliedIndex == startIndex == 0
2025-04-17 16:40:30,015 [a6bf55e3-38e4-411e-ac0b-5acdb6a35656@group-C713F1B5C815-FollowerState] INFO  impl.FollowerState (FollowerState.java:runImpl(161)) - a6bf55e3-38e4-411e-ac0b-5acdb6a35656@group-C713F1B5C815-FollowerState: change to CANDIDATE, lastRpcElapsedTime:1197161537ns, electionTimeout:1189ms
2025-04-17 16:40:30,016 [a6bf55e3-38e4-411e-ac0b-5acdb6a35656@group-C713F1B5C815-FollowerState] INFO  impl.RoleInfo (RoleInfo.java:shutdownFollowerState(121)) - a6bf55e3-38e4-411e-ac0b-5acdb6a35656: shutdown a6bf55e3-38e4-411e-ac0b-5acdb6a35656@group-C713F1B5C815-FollowerState
2025-04-17 16:40:30,018 [a6bf55e3-38e4-411e-ac0b-5acdb6a35656@group-C713F1B5C815-FollowerState] INFO  server.RaftServer$Division (RaftServerImpl.java:setRole(378)) - a6bf55e3-38e4-411e-ac0b-5acdb6a35656@group-C713F1B5C815: changes role from  FOLLOWER to CANDIDATE at term 0 for changeToCandidate
2025-04-17 16:40:30,019 [a6bf55e3-38e4-411e-ac0b-5acdb6a35656@group-C713F1B5C815-FollowerState] INFO  server.RaftServerConfigKeys (ConfUtils.java:logGet(46)) - raft.server.leaderelection.pre-vote = true (default)
2025-04-17 16:40:30,019 [a6bf55e3-38e4-411e-ac0b-5acdb6a35656@group-C713F1B5C815-FollowerState] INFO  impl.RoleInfo (RoleInfo.java:updateAndGet(148)) - a6bf55e3-38e4-411e-ac0b-5acdb6a35656: start a6bf55e3-38e4-411e-ac0b-5acdb6a35656@group-C713F1B5C815-LeaderElection12
2025-04-17 16:40:30,021 [a6bf55e3-38e4-411e-ac0b-5acdb6a35656@group-C713F1B5C815-LeaderElection12] INFO  impl.LeaderElection (LeaderElection.java:askForVotes(332)) - a6bf55e3-38e4-411e-ac0b-5acdb6a35656@group-C713F1B5C815-LeaderElection12 PRE_VOTE round 0: submit vote requests at term 0 for conf: {index: -1, cur=peers:[a6bf55e3-38e4-411e-ac0b-5acdb6a35656|127.0.0.1:15031]|listeners:[], old=null}
2025-04-17 16:40:30,022 [a6bf55e3-38e4-411e-ac0b-5acdb6a35656@group-C713F1B5C815-LeaderElection12] INFO  impl.LeaderElection (LeaderElection.java:askForVotes(334)) - a6bf55e3-38e4-411e-ac0b-5acdb6a35656@group-C713F1B5C815-LeaderElection12 PRE_VOTE round 0: result PASSED (term=0)
2025-04-17 16:40:30,022 [c825922c-8499-4d06-bbc0-08abc9a8124c@group-8D29FBA23A78-StateMachineUpdater] INFO  ratis.ContainerStateMachine (ContainerStateMachine.java:takeSnapshot(436)) - group-8D29FBA23A78: Finished taking a snapshot at:(t:1, i:0) file:/home/runner/work/ozone/ozone/hadoop-ozone/integration-test/target/test-dir/MiniOzoneClusterImpl-26e726f8-5cec-4c14-bf14-45d4895febc0/ozone-meta/datanode-1/ratis/ba926e06-1642-4427-9b6a-8d29fba23a78/sm/snapshot.1_0 took: 107 ms
2025-04-17 16:40:30,025 [a6bf55e3-38e4-411e-ac0b-5acdb6a35656@group-C713F1B5C815-LeaderElection12] INFO  impl.LeaderElection (LeaderElection.java:askForVotes(332)) - a6bf55e3-38e4-411e-ac0b-5acdb6a35656@group-C713F1B5C815-LeaderElection12 ELECTION round 0: submit vote requests at term 1 for conf: {index: -1, cur=peers:[a6bf55e3-38e4-411e-ac0b-5acdb6a35656|127.0.0.1:15031]|listeners:[], old=null}
2025-04-17 16:40:30,027 [a6bf55e3-38e4-411e-ac0b-5acdb6a35656@group-C713F1B5C815-LeaderElection12] INFO  impl.LeaderElection (LeaderElection.java:askForVotes(334)) - a6bf55e3-38e4-411e-ac0b-5acdb6a35656@group-C713F1B5C815-LeaderElection12 ELECTION round 0: result PASSED (term=1)
2025-04-17 16:40:30,027 [a6bf55e3-38e4-411e-ac0b-5acdb6a35656@group-C713F1B5C815-LeaderElection12] INFO  impl.RoleInfo (RoleInfo.java:shutdownLeaderElection(141)) - a6bf55e3-38e4-411e-ac0b-5acdb6a35656: shutdown a6bf55e3-38e4-411e-ac0b-5acdb6a35656@group-C713F1B5C815-LeaderElection12
2025-04-17 16:40:30,027 [a6bf55e3-38e4-411e-ac0b-5acdb6a35656@group-C713F1B5C815-LeaderElection12] INFO  server.RaftServer$Division (RaftServerImpl.java:setRole(378)) - a6bf55e3-38e4-411e-ac0b-5acdb6a35656@group-C713F1B5C815: changes role from CANDIDATE to LEADER at term 1 for changeToLeader
2025-04-17 16:40:30,027 [a6bf55e3-38e4-411e-ac0b-5acdb6a35656@group-C713F1B5C815-LeaderElection12] INFO  server.RaftServerConfigKeys (ConfUtils.java:logGet(46)) - raft.server.staging.catchup.gap = 1000 (default)
2025-04-17 16:40:30,028 [a6bf55e3-38e4-411e-ac0b-5acdb6a35656@group-C713F1B5C815-LeaderElection12] INFO  server.RaftServerConfigKeys (ConfUtils.java:logGet(46)) - raft.server.write.element-limit = 1024 (custom)
2025-04-17 16:40:30,028 [a6bf55e3-38e4-411e-ac0b-5acdb6a35656@group-C713F1B5C815-LeaderElection12] INFO  server.RaftServerConfigKeys (ConfUtils.java:logGet(46)) - raft.server.write.byte-limit = 1024 M (=1073741824) (custom)
2025-04-17 16:40:30,029 [a6bf55e3-38e4-411e-ac0b-5acdb6a35656@group-C713F1B5C815-LeaderElection12] INFO  server.RaftServerConfigKeys (ConfUtils.java:logGet(46)) - raft.server.watch.timeout = 30s (custom)
2025-04-17 16:40:30,029 [a6bf55e3-38e4-411e-ac0b-5acdb6a35656@group-C713F1B5C815-LeaderElection12] INFO  server.RaftServerConfigKeys (ConfUtils.java:logGet(46)) - raft.server.watch.timeout.denomination = 1s (default)
2025-04-17 16:40:30,029 [a6bf55e3-38e4-411e-ac0b-5acdb6a35656@group-C713F1B5C815-LeaderElection12] INFO  server.RaftServerConfigKeys (ConfUtils.java:logGet(46)) - raft.server.watch.element-limit = 65536 (default)
2025-04-17 16:40:30,029 [a6bf55e3-38e4-411e-ac0b-5acdb6a35656@group-C713F1B5C815-LeaderElection12] INFO  server.RaftServerConfigKeys (ConfUtils.java:logGet(46)) - raft.server.read.leader.lease.enabled = false (default)
2025-04-17 16:40:30,030 [c825922c-8499-4d06-bbc0-08abc9a8124c-server-thread2] ERROR server.RaftServer$Division (RaftServerImpl.java:appendEntriesAsync(1481)) - c825922c-8499-4d06-bbc0-08abc9a8124c@group-47C15F12B665: Failed appendEntries* a6bf55e3-38e4-411e-ac0b-5acdb6a35656->c825922c-8499-4d06-bbc0-08abc9a8124c#1-t1,previous=(t:0, i:0),leaderCommit=-1,initializing? false,entries: size=1, first=(t:1, i:0), CONFIGURATIONENTRY(current:id:"c825922c-8499-4d06-bbc0-08abc9a8124c"address:"127.0.0.1:15015"dataStreamAddress:"127.0.0.1:15016"clientAddress:"127.0.0.1:15013"adminAddress:"127.0.0.1:15014"startupRole:FOLLOWER, id:"a6bf55e3-38e4-411e-ac0b-5acdb6a35656"address:"127.0.0.1:15031"priority:1dataStreamAddress:"127.0.0.1:15032"clientAddress:"127.0.0.1:15029"adminAddress:"127.0.0.1:15030"startupRole:FOLLOWER, id:"93cc9901-be1a-45f5-9681-0d93e627c426"address:"127.0.0.1:15023"dataStreamAddress:"127.0.0.1:15024"clientAddress:"127.0.0.1:15021"adminAddress:"127.0.0.1:15022"startupRole:FOLLOWER, old:)
org.apache.ratis.protocol.exceptions.ServerNotReadyException: c825922c-8499-4d06-bbc0-08abc9a8124c@group-47C15F12B665 is not in [STARTING, RUNNING]: current state is CLOSING
	at org.apache.ratis.server.impl.RaftServerImpl.lambda$assertLifeCycleState$7(RaftServerImpl.java:795)
	at org.apache.ratis.util.LifeCycle.assertCurrentState(LifeCycle.java:260)
	at org.apache.ratis.server.impl.RaftServerImpl.assertLifeCycleState(RaftServerImpl.java:794)
	at org.apache.ratis.server.impl.RaftServerImpl.appendEntriesAsync(RaftServerImpl.java:1472)
	at org.apache.ratis.server.impl.RaftServerProxy.lambda$null$28(RaftServerProxy.java:645)
	at org.apache.ratis.util.JavaUtils.callAsUnchecked(JavaUtils.java:118)
	at org.apache.ratis.server.impl.RaftServerImpl.lambda$executeSubmitServerRequestAsync$10(RaftServerImpl.java:899)
	at java.base/java.util.concurrent.CompletableFuture$AsyncSupply.run(CompletableFuture.java:1768)
	at java.base/java.util.concurrent.ThreadPoolExecutor.runWorker(ThreadPoolExecutor.java:1144)
	at java.base/java.util.concurrent.ThreadPoolExecutor$Worker.run(ThreadPoolExecutor.java:642)
	at java.base/java.lang.Thread.run(Thread.java:1583)
2025-04-17 16:40:30,030 [c825922c-8499-4d06-bbc0-08abc9a8124c@group-8D29FBA23A78-StateMachineUpdater] INFO  impl.StateMachineUpdater (StateMachineUpdater.java:takeSnapshot(303)) - c825922c-8499-4d06-bbc0-08abc9a8124c@group-8D29FBA23A78-StateMachineUpdater: Took a snapshot at index 0
2025-04-17 16:40:30,031 [c825922c-8499-4d06-bbc0-08abc9a8124c@group-8D29FBA23A78-StateMachineUpdater] INFO  impl.StateMachineUpdater (StateMachineUpdater.java:lambda$new$0(102)) - c825922c-8499-4d06-bbc0-08abc9a8124c@group-8D29FBA23A78-StateMachineUpdater: snapshotIndex: updateIncreasingly -1 -> 0
2025-04-17 16:40:30,031 [c825922c-8499-4d06-bbc0-08abc9a8124c@group-8D29FBA23A78-StateMachineUpdater] INFO  impl.StateMachineUpdater (StateMachineUpdater.java:stop(141)) - c825922c-8499-4d06-bbc0-08abc9a8124c@group-8D29FBA23A78-StateMachineUpdater: closing ContainerStateMachine, lastApplied=(t:1, i:0)
2025-04-17 16:40:30,033 [c825922c-8499-4d06-bbc0-08abc9a8124c@group-8D29FBA23A78-cacheEviction-AwaitToRun] INFO  util.AwaitToRun (AwaitToRun.java:run(49)) - c825922c-8499-4d06-bbc0-08abc9a8124c@group-8D29FBA23A78-cacheEviction-AwaitToRun-AwaitForSignal is interrupted
2025-04-17 16:40:30,033 [a6bf55e3-38e4-411e-ac0b-5acdb6a35656@group-C713F1B5C815-LeaderElection12] INFO  server.RaftServerConfigKeys (ConfUtils.java:logGet(46)) - raft.server.read.leader.lease.timeout.ratio = 0.9 (default)
2025-04-17 16:40:30,034 [a6bf55e3-38e4-411e-ac0b-5acdb6a35656@group-C713F1B5C815-LeaderElection12] INFO  server.RaftServerConfigKeys (ConfUtils.java:logGet(46)) - raft.server.rpc.timeout.min = 5s (custom)
2025-04-17 16:40:30,034 [a6bf55e3-38e4-411e-ac0b-5acdb6a35656@group-C713F1B5C815-LeaderElection12] INFO  server.RaftServerConfigKeys (ConfUtils.java:logGet(46)) - raft.server.log.log-metadata.enabled = true (default)
2025-04-17 16:40:30,034 [a6bf55e3-38e4-411e-ac0b-5acdb6a35656@group-C713F1B5C815-LeaderElection12] INFO  server.RaftServerConfigKeys (ConfUtils.java:logGet(46)) - raft.server.write.element-limit = 1024 (custom)
2025-04-17 16:40:30,034 [a6bf55e3-38e4-411e-ac0b-5acdb6a35656@group-C713F1B5C815-LeaderElection12] INFO  server.RaftServerConfigKeys (ConfUtils.java:logGet(46)) - raft.server.write.follower.gap.ratio.max = -1.0 (default)
2025-04-17 16:40:30,035 [a6bf55e3-38e4-411e-ac0b-5acdb6a35656@group-C713F1B5C815-LeaderElection12] INFO  impl.RoleInfo (RoleInfo.java:updateAndGet(148)) - a6bf55e3-38e4-411e-ac0b-5acdb6a35656: start a6bf55e3-38e4-411e-ac0b-5acdb6a35656@group-C713F1B5C815-LeaderStateImpl
2025-04-17 16:40:30,036 [a6bf55e3-38e4-411e-ac0b-5acdb6a35656@group-C713F1B5C815-LeaderElection12] INFO  server.RaftServer$Division (RaftServerImpl.java:setFirstElection(562)) - a6bf55e3-38e4-411e-ac0b-5acdb6a35656@group-C713F1B5C815: set firstElectionSinceStartup to false for becomeLeader
2025-04-17 16:40:30,036 [a6bf55e3-38e4-411e-ac0b-5acdb6a35656@group-C713F1B5C815-LeaderElection12] INFO  ratis.XceiverServerRatis (XceiverServerRatis.java:handleLeaderChangedNotification(944)) - Leader change notification received for group: group-C713F1B5C815 with new leaderId: a6bf55e3-38e4-411e-ac0b-5acdb6a35656
2025-04-17 16:40:30,036 [grpc-default-executor-0] WARN  server.GrpcServerProtocolService (LogUtils.java:warn(123)) - c825922c-8499-4d06-bbc0-08abc9a8124c: Failed APPEND_ENTRIES request a6bf55e3-38e4-411e-ac0b-5acdb6a35656->c825922c-8499-4d06-bbc0-08abc9a8124c#1-t1,previous=(t:0, i:0),leaderCommit=-1,initializing? false,entries: size=1, first=(t:1, i:0), CONFIGURATIONENTRY(current:id:"c825922c-8499-4d06-bbc0-08abc9a8124c"address:"127.0.0.1:15015"dataStreamAddress:"127.0.0.1:15016"clientAddress:"127.0.0.1:15013"adminAddress:"127.0.0.1:15014"startupRole:FOLLOWER, id:"a6bf55e3-38e4-411e-ac0b-5acdb6a35656"address:"127.0.0.1:15031"priority:1dataStreamAddress:"127.0.0.1:15032"clientAddress:"127.0.0.1:15029"adminAddress:"127.0.0.1:15030"startupRole:FOLLOWER, id:"93cc9901-be1a-45f5-9681-0d93e627c426"address:"127.0.0.1:15023"dataStreamAddress:"127.0.0.1:15024"clientAddress:"127.0.0.1:15021"adminAddress:"127.0.0.1:15022"startupRole:FOLLOWER, old:)
java.util.concurrent.CompletionException: org.apache.ratis.protocol.exceptions.ServerNotReadyException: c825922c-8499-4d06-bbc0-08abc9a8124c@group-47C15F12B665 is not in [STARTING, RUNNING]: current state is CLOSING
	at org.apache.ratis.util.JavaUtils.callAsUnchecked(JavaUtils.java:122)
	at org.apache.ratis.server.impl.RaftServerImpl.lambda$executeSubmitServerRequestAsync$10(RaftServerImpl.java:899)
	at java.base/java.util.concurrent.CompletableFuture$AsyncSupply.run(CompletableFuture.java:1768)
	at java.base/java.util.concurrent.ThreadPoolExecutor.runWorker(ThreadPoolExecutor.java:1144)
	at java.base/java.util.concurrent.ThreadPoolExecutor$Worker.run(ThreadPoolExecutor.java:642)
	at java.base/java.lang.Thread.run(Thread.java:1583)
Caused by: org.apache.ratis.protocol.exceptions.ServerNotReadyException: c825922c-8499-4d06-bbc0-08abc9a8124c@group-47C15F12B665 is not in [STARTING, RUNNING]: current state is CLOSING
	at org.apache.ratis.server.impl.RaftServerImpl.lambda$assertLifeCycleState$7(RaftServerImpl.java:795)
	at org.apache.ratis.util.LifeCycle.assertCurrentState(LifeCycle.java:260)
	at org.apache.ratis.server.impl.RaftServerImpl.assertLifeCycleState(RaftServerImpl.java:794)
	at org.apache.ratis.server.impl.RaftServerImpl.appendEntriesAsync(RaftServerImpl.java:1472)
	at org.apache.ratis.server.impl.RaftServerProxy.lambda$null$28(RaftServerProxy.java:645)
	at org.apache.ratis.util.JavaUtils.callAsUnchecked(JavaUtils.java:118)
	... 5 more
2025-04-17 16:40:30,037 [a6bf55e3-38e4-411e-ac0b-5acdb6a35656@group-C713F1B5C815-LeaderElection12] INFO  server.RaftServer$Division (ServerState.java:setLeader(272)) - a6bf55e3-38e4-411e-ac0b-5acdb6a35656@group-C713F1B5C815: change Leader from null to a6bf55e3-38e4-411e-ac0b-5acdb6a35656 at term 1 for becomeLeader, leader elected after 1270ms
2025-04-17 16:40:30,038 [a6bf55e3-38e4-411e-ac0b-5acdb6a35656@group-C713F1B5C815-LeaderElection12] INFO  segmented.SegmentedRaftLogWorker (SegmentedRaftLogWorker.java:startLogSegment(438)) - a6bf55e3-38e4-411e-ac0b-5acdb6a35656@group-C713F1B5C815-SegmentedRaftLogWorker: Starting segment from index:0
2025-04-17 16:40:30,039 [a6bf55e3-38e4-411e-ac0b-5acdb6a35656@group-C713F1B5C815-LeaderElection12] INFO  server.RaftServer$Division (ServerState.java:setRaftConf(386)) - a6bf55e3-38e4-411e-ac0b-5acdb6a35656@group-C713F1B5C815: set configuration conf: {index: 0, cur=peers:[a6bf55e3-38e4-411e-ac0b-5acdb6a35656|127.0.0.1:15031]|listeners:[], old=null}
2025-04-17 16:40:30,041 [a6bf55e3-38e4-411e-ac0b-5acdb6a35656@group-C713F1B5C815-SegmentedRaftLogWorker] INFO  segmented.BufferedWriteChannel (BufferedWriteChannel.java:open(61)) - open log_inprogress_0 at position 0
2025-04-17 16:40:30,055 [grpc-default-executor-3] WARN  server.GrpcLogAppender (LogUtils.java:warn(121)) - a6bf55e3-38e4-411e-ac0b-5acdb6a35656@group-47C15F12B665->c825922c-8499-4d06-bbc0-08abc9a8124c-AppendLogResponseHandler: Failed appendEntries: org.apache.ratis.protocol.exceptions.ServerNotReadyException: c825922c-8499-4d06-bbc0-08abc9a8124c@group-47C15F12B665 is not in [STARTING, RUNNING]: current state is CLOSING
2025-04-17 16:40:30,059 [grpc-default-executor-3] INFO  leader.LogAppender (LogAppenderBase.java:lambda$getNextIndexForError$0(215)) - Decrease nextIndex to 0
2025-04-17 16:40:30,059 [grpc-default-executor-3] INFO  leader.LogAppender (LogAppenderBase.java:lambda$getNextIndexForError$0(215)) - Decrease nextIndex to 0
2025-04-17 16:40:30,059 [a6bf55e3-38e4-411e-ac0b-5acdb6a35656@group-C713F1B5C815-SegmentedRaftLogWorker] INFO  segmented.SegmentedRaftLogWorker (SegmentedRaftLogWorker.java:execute(644)) - a6bf55e3-38e4-411e-ac0b-5acdb6a35656@group-C713F1B5C815-SegmentedRaftLogWorker: created new log segment /home/runner/work/ozone/ozone/hadoop-ozone/integration-test/target/test-dir/MiniOzoneClusterImpl-26e726f8-5cec-4c14-bf14-45d4895febc0/ozone-meta/datanode-3/ratis/9d238378-5046-4bed-a6e5-c713f1b5c815/current/log_inprogress_0
2025-04-17 16:40:30,059 [grpc-default-executor-3] INFO  leader.FollowerInfo (FollowerInfoImpl.java:info(70)) - a6bf55e3-38e4-411e-ac0b-5acdb6a35656@group-47C15F12B665->c825922c-8499-4d06-bbc0-08abc9a8124c: computeNextIndex nextIndex: updateUnconditionally 1 -> 0
2025-04-17 16:40:30,064 [a6bf55e3-38e4-411e-ac0b-5acdb6a35656@group-C713F1B5C815-StateMachineUpdater] INFO  server.RaftServer$Division (LeaderStateImpl.java:checkStartIndex(313)) - Leader a6bf55e3-38e4-411e-ac0b-5acdb6a35656@group-C713F1B5C815-LeaderStateImpl is ready since appliedIndex == startIndex == 0
2025-04-17 16:40:30,079 [d6a19b8b-82a2-4947-8b44-7228be6ad053@group-6CDEAD350F28-FollowerState] INFO  impl.FollowerState (FollowerState.java:runImpl(161)) - d6a19b8b-82a2-4947-8b44-7228be6ad053@group-6CDEAD350F28-FollowerState: change to CANDIDATE, lastRpcElapsedTime:1014711571ns, electionTimeout:1014ms
2025-04-17 16:40:30,079 [d6a19b8b-82a2-4947-8b44-7228be6ad053@group-6CDEAD350F28-FollowerState] INFO  impl.RoleInfo (RoleInfo.java:shutdownFollowerState(121)) - d6a19b8b-82a2-4947-8b44-7228be6ad053: shutdown d6a19b8b-82a2-4947-8b44-7228be6ad053@group-6CDEAD350F28-FollowerState
2025-04-17 16:40:30,079 [d6a19b8b-82a2-4947-8b44-7228be6ad053@group-6CDEAD350F28-FollowerState] INFO  server.RaftServer$Division (RaftServerImpl.java:setRole(378)) - d6a19b8b-82a2-4947-8b44-7228be6ad053@group-6CDEAD350F28: changes role from  FOLLOWER to CANDIDATE at term 0 for changeToCandidate
2025-04-17 16:40:30,079 [d6a19b8b-82a2-4947-8b44-7228be6ad053@group-6CDEAD350F28-FollowerState] INFO  server.RaftServerConfigKeys (ConfUtils.java:logGet(46)) - raft.server.leaderelection.pre-vote = true (default)
2025-04-17 16:40:30,079 [d6a19b8b-82a2-4947-8b44-7228be6ad053@group-6CDEAD350F28-FollowerState] INFO  impl.RoleInfo (RoleInfo.java:updateAndGet(148)) - d6a19b8b-82a2-4947-8b44-7228be6ad053: start d6a19b8b-82a2-4947-8b44-7228be6ad053@group-6CDEAD350F28-LeaderElection13
2025-04-17 16:40:30,081 [d6a19b8b-82a2-4947-8b44-7228be6ad053@group-6CDEAD350F28-LeaderElection13] INFO  impl.LeaderElection (LeaderElection.java:askForVotes(332)) - d6a19b8b-82a2-4947-8b44-7228be6ad053@group-6CDEAD350F28-LeaderElection13 PRE_VOTE round 0: submit vote requests at term 0 for conf: {index: -1, cur=peers:[d6a19b8b-82a2-4947-8b44-7228be6ad053|127.0.0.1:15039]|listeners:[], old=null}
2025-04-17 16:40:30,081 [d6a19b8b-82a2-4947-8b44-7228be6ad053@group-6CDEAD350F28-LeaderElection13] INFO  impl.LeaderElection (LeaderElection.java:askForVotes(334)) - d6a19b8b-82a2-4947-8b44-7228be6ad053@group-6CDEAD350F28-LeaderElection13 PRE_VOTE round 0: result PASSED (term=0)
2025-04-17 16:40:30,085 [d6a19b8b-82a2-4947-8b44-7228be6ad053@group-6CDEAD350F28-LeaderElection13] INFO  impl.LeaderElection (LeaderElection.java:askForVotes(332)) - d6a19b8b-82a2-4947-8b44-7228be6ad053@group-6CDEAD350F28-LeaderElection13 ELECTION round 0: submit vote requests at term 1 for conf: {index: -1, cur=peers:[d6a19b8b-82a2-4947-8b44-7228be6ad053|127.0.0.1:15039]|listeners:[], old=null}
2025-04-17 16:40:30,085 [d6a19b8b-82a2-4947-8b44-7228be6ad053@group-6CDEAD350F28-LeaderElection13] INFO  impl.LeaderElection (LeaderElection.java:askForVotes(334)) - d6a19b8b-82a2-4947-8b44-7228be6ad053@group-6CDEAD350F28-LeaderElection13 ELECTION round 0: result PASSED (term=1)
2025-04-17 16:40:30,085 [d6a19b8b-82a2-4947-8b44-7228be6ad053@group-6CDEAD350F28-LeaderElection13] INFO  impl.RoleInfo (RoleInfo.java:shutdownLeaderElection(141)) - d6a19b8b-82a2-4947-8b44-7228be6ad053: shutdown d6a19b8b-82a2-4947-8b44-7228be6ad053@group-6CDEAD350F28-LeaderElection13
2025-04-17 16:40:30,085 [d6a19b8b-82a2-4947-8b44-7228be6ad053@group-6CDEAD350F28-LeaderElection13] INFO  server.RaftServer$Division (RaftServerImpl.java:setRole(378)) - d6a19b8b-82a2-4947-8b44-7228be6ad053@group-6CDEAD350F28: changes role from CANDIDATE to LEADER at term 1 for changeToLeader
2025-04-17 16:40:30,085 [d6a19b8b-82a2-4947-8b44-7228be6ad053@group-6CDEAD350F28-LeaderElection13] INFO  server.RaftServerConfigKeys (ConfUtils.java:logGet(46)) - raft.server.staging.catchup.gap = 1000 (default)
2025-04-17 16:40:30,087 [d6a19b8b-82a2-4947-8b44-7228be6ad053@group-6CDEAD350F28-LeaderElection13] INFO  server.RaftServerConfigKeys (ConfUtils.java:logGet(46)) - raft.server.write.element-limit = 1024 (custom)
2025-04-17 16:40:30,087 [d6a19b8b-82a2-4947-8b44-7228be6ad053@group-6CDEAD350F28-LeaderElection13] INFO  server.RaftServerConfigKeys (ConfUtils.java:logGet(46)) - raft.server.write.byte-limit = 1024 M (=1073741824) (custom)
2025-04-17 16:40:30,087 [d6a19b8b-82a2-4947-8b44-7228be6ad053@group-6CDEAD350F28-LeaderElection13] INFO  server.RaftServerConfigKeys (ConfUtils.java:logGet(46)) - raft.server.watch.timeout = 30s (custom)
2025-04-17 16:40:30,088 [d6a19b8b-82a2-4947-8b44-7228be6ad053@group-6CDEAD350F28-LeaderElection13] INFO  server.RaftServerConfigKeys (ConfUtils.java:logGet(46)) - raft.server.watch.timeout.denomination = 1s (default)
2025-04-17 16:40:30,088 [d6a19b8b-82a2-4947-8b44-7228be6ad053@group-6CDEAD350F28-LeaderElection13] INFO  server.RaftServerConfigKeys (ConfUtils.java:logGet(46)) - raft.server.watch.element-limit = 65536 (default)
2025-04-17 16:40:30,088 [d6a19b8b-82a2-4947-8b44-7228be6ad053@group-6CDEAD350F28-LeaderElection13] INFO  server.RaftServerConfigKeys (ConfUtils.java:logGet(46)) - raft.server.read.leader.lease.enabled = false (default)
2025-04-17 16:40:30,088 [d6a19b8b-82a2-4947-8b44-7228be6ad053@group-6CDEAD350F28-LeaderElection13] INFO  server.RaftServerConfigKeys (ConfUtils.java:logGet(46)) - raft.server.read.leader.lease.timeout.ratio = 0.9 (default)
2025-04-17 16:40:30,088 [d6a19b8b-82a2-4947-8b44-7228be6ad053@group-6CDEAD350F28-LeaderElection13] INFO  server.RaftServerConfigKeys (ConfUtils.java:logGet(46)) - raft.server.rpc.timeout.min = 5s (custom)
2025-04-17 16:40:30,088 [d6a19b8b-82a2-4947-8b44-7228be6ad053@group-6CDEAD350F28-LeaderElection13] INFO  server.RaftServerConfigKeys (ConfUtils.java:logGet(46)) - raft.server.log.log-metadata.enabled = true (default)
2025-04-17 16:40:30,088 [d6a19b8b-82a2-4947-8b44-7228be6ad053@group-6CDEAD350F28-LeaderElection13] INFO  server.RaftServerConfigKeys (ConfUtils.java:logGet(46)) - raft.server.write.element-limit = 1024 (custom)
2025-04-17 16:40:30,088 [d6a19b8b-82a2-4947-8b44-7228be6ad053@group-6CDEAD350F28-LeaderElection13] INFO  server.RaftServerConfigKeys (ConfUtils.java:logGet(46)) - raft.server.write.follower.gap.ratio.max = -1.0 (default)
2025-04-17 16:40:30,088 [d6a19b8b-82a2-4947-8b44-7228be6ad053@group-6CDEAD350F28-LeaderElection13] INFO  impl.RoleInfo (RoleInfo.java:updateAndGet(148)) - d6a19b8b-82a2-4947-8b44-7228be6ad053: start d6a19b8b-82a2-4947-8b44-7228be6ad053@group-6CDEAD350F28-LeaderStateImpl
2025-04-17 16:40:30,089 [d6a19b8b-82a2-4947-8b44-7228be6ad053@group-6CDEAD350F28-LeaderElection13] INFO  server.RaftServer$Division (RaftServerImpl.java:setFirstElection(562)) - d6a19b8b-82a2-4947-8b44-7228be6ad053@group-6CDEAD350F28: set firstElectionSinceStartup to false for becomeLeader
2025-04-17 16:40:30,089 [d6a19b8b-82a2-4947-8b44-7228be6ad053@group-6CDEAD350F28-LeaderElection13] INFO  ratis.XceiverServerRatis (XceiverServerRatis.java:handleLeaderChangedNotification(944)) - Leader change notification received for group: group-6CDEAD350F28 with new leaderId: d6a19b8b-82a2-4947-8b44-7228be6ad053
2025-04-17 16:40:30,090 [d6a19b8b-82a2-4947-8b44-7228be6ad053@group-6CDEAD350F28-LeaderElection13] INFO  server.RaftServer$Division (ServerState.java:setLeader(272)) - d6a19b8b-82a2-4947-8b44-7228be6ad053@group-6CDEAD350F28: change Leader from null to d6a19b8b-82a2-4947-8b44-7228be6ad053 at term 1 for becomeLeader, leader elected after 1041ms
2025-04-17 16:40:30,090 [d6a19b8b-82a2-4947-8b44-7228be6ad053@group-6CDEAD350F28-LeaderElection13] INFO  segmented.SegmentedRaftLogWorker (SegmentedRaftLogWorker.java:startLogSegment(438)) - d6a19b8b-82a2-4947-8b44-7228be6ad053@group-6CDEAD350F28-SegmentedRaftLogWorker: Starting segment from index:0
2025-04-17 16:40:30,090 [d6a19b8b-82a2-4947-8b44-7228be6ad053@group-6CDEAD350F28-LeaderElection13] INFO  server.RaftServer$Division (ServerState.java:setRaftConf(386)) - d6a19b8b-82a2-4947-8b44-7228be6ad053@group-6CDEAD350F28: set configuration conf: {index: 0, cur=peers:[d6a19b8b-82a2-4947-8b44-7228be6ad053|127.0.0.1:15039]|listeners:[], old=null}
2025-04-17 16:40:30,090 [d6a19b8b-82a2-4947-8b44-7228be6ad053@group-6CDEAD350F28-SegmentedRaftLogWorker] INFO  segmented.BufferedWriteChannel (BufferedWriteChannel.java:open(61)) - open log_inprogress_0 at position 0
2025-04-17 16:40:30,101 [d6a19b8b-82a2-4947-8b44-7228be6ad053@group-6CDEAD350F28-SegmentedRaftLogWorker] INFO  segmented.SegmentedRaftLogWorker (SegmentedRaftLogWorker.java:execute(644)) - d6a19b8b-82a2-4947-8b44-7228be6ad053@group-6CDEAD350F28-SegmentedRaftLogWorker: created new log segment /home/runner/work/ozone/ozone/hadoop-ozone/integration-test/target/test-dir/MiniOzoneClusterImpl-26e726f8-5cec-4c14-bf14-45d4895febc0/ozone-meta/datanode-4/ratis/fee43c58-ff5a-4ec2-8da7-6cdead350f28/current/log_inprogress_0
2025-04-17 16:40:30,106 [d6a19b8b-82a2-4947-8b44-7228be6ad053@group-6CDEAD350F28-StateMachineUpdater] INFO  server.RaftServer$Division (LeaderStateImpl.java:checkStartIndex(313)) - Leader d6a19b8b-82a2-4947-8b44-7228be6ad053@group-6CDEAD350F28-LeaderStateImpl is ready since appliedIndex == startIndex == 0
2025-04-17 16:40:30,384 [4a3059aa-ae89-4e47-8f1e-08d61ab31d43@group-93F6C2665618-FollowerState] INFO  impl.FollowerState (FollowerState.java:runImpl(161)) - 4a3059aa-ae89-4e47-8f1e-08d61ab31d43@group-93F6C2665618-FollowerState: change to CANDIDATE, lastRpcElapsedTime:1027759398ns, electionTimeout:1027ms
2025-04-17 16:40:30,385 [4a3059aa-ae89-4e47-8f1e-08d61ab31d43@group-93F6C2665618-FollowerState] INFO  impl.RoleInfo (RoleInfo.java:shutdownFollowerState(121)) - 4a3059aa-ae89-4e47-8f1e-08d61ab31d43: shutdown 4a3059aa-ae89-4e47-8f1e-08d61ab31d43@group-93F6C2665618-FollowerState
2025-04-17 16:40:30,385 [4a3059aa-ae89-4e47-8f1e-08d61ab31d43@group-93F6C2665618-FollowerState] INFO  server.RaftServer$Division (RaftServerImpl.java:setRole(378)) - 4a3059aa-ae89-4e47-8f1e-08d61ab31d43@group-93F6C2665618: changes role from  FOLLOWER to CANDIDATE at term 0 for changeToCandidate
2025-04-17 16:40:30,385 [4a3059aa-ae89-4e47-8f1e-08d61ab31d43@group-93F6C2665618-FollowerState] INFO  server.RaftServerConfigKeys (ConfUtils.java:logGet(46)) - raft.server.leaderelection.pre-vote = true (default)
2025-04-17 16:40:30,385 [4a3059aa-ae89-4e47-8f1e-08d61ab31d43@group-93F6C2665618-FollowerState] INFO  impl.RoleInfo (RoleInfo.java:updateAndGet(148)) - 4a3059aa-ae89-4e47-8f1e-08d61ab31d43: start 4a3059aa-ae89-4e47-8f1e-08d61ab31d43@group-93F6C2665618-LeaderElection14
2025-04-17 16:40:30,386 [4a3059aa-ae89-4e47-8f1e-08d61ab31d43@group-93F6C2665618-LeaderElection14] INFO  impl.LeaderElection (LeaderElection.java:askForVotes(332)) - 4a3059aa-ae89-4e47-8f1e-08d61ab31d43@group-93F6C2665618-LeaderElection14 PRE_VOTE round 0: submit vote requests at term 0 for conf: {index: -1, cur=peers:[4a3059aa-ae89-4e47-8f1e-08d61ab31d43|127.0.0.1:15047]|listeners:[], old=null}
2025-04-17 16:40:30,386 [4a3059aa-ae89-4e47-8f1e-08d61ab31d43@group-93F6C2665618-LeaderElection14] INFO  impl.LeaderElection (LeaderElection.java:askForVotes(334)) - 4a3059aa-ae89-4e47-8f1e-08d61ab31d43@group-93F6C2665618-LeaderElection14 PRE_VOTE round 0: result PASSED (term=0)
2025-04-17 16:40:30,387 [4a3059aa-ae89-4e47-8f1e-08d61ab31d43@group-93F6C2665618-LeaderElection14] INFO  impl.LeaderElection (LeaderElection.java:askForVotes(332)) - 4a3059aa-ae89-4e47-8f1e-08d61ab31d43@group-93F6C2665618-LeaderElection14 ELECTION round 0: submit vote requests at term 1 for conf: {index: -1, cur=peers:[4a3059aa-ae89-4e47-8f1e-08d61ab31d43|127.0.0.1:15047]|listeners:[], old=null}
2025-04-17 16:40:30,388 [4a3059aa-ae89-4e47-8f1e-08d61ab31d43@group-93F6C2665618-LeaderElection14] INFO  impl.LeaderElection (LeaderElection.java:askForVotes(334)) - 4a3059aa-ae89-4e47-8f1e-08d61ab31d43@group-93F6C2665618-LeaderElection14 ELECTION round 0: result PASSED (term=1)
2025-04-17 16:40:30,388 [4a3059aa-ae89-4e47-8f1e-08d61ab31d43@group-93F6C2665618-LeaderElection14] INFO  impl.RoleInfo (RoleInfo.java:shutdownLeaderElection(141)) - 4a3059aa-ae89-4e47-8f1e-08d61ab31d43: shutdown 4a3059aa-ae89-4e47-8f1e-08d61ab31d43@group-93F6C2665618-LeaderElection14
2025-04-17 16:40:30,388 [4a3059aa-ae89-4e47-8f1e-08d61ab31d43@group-93F6C2665618-LeaderElection14] INFO  server.RaftServer$Division (RaftServerImpl.java:setRole(378)) - 4a3059aa-ae89-4e47-8f1e-08d61ab31d43@group-93F6C2665618: changes role from CANDIDATE to LEADER at term 1 for changeToLeader
2025-04-17 16:40:30,388 [4a3059aa-ae89-4e47-8f1e-08d61ab31d43@group-93F6C2665618-LeaderElection14] INFO  server.RaftServerConfigKeys (ConfUtils.java:logGet(46)) - raft.server.staging.catchup.gap = 1000 (default)
2025-04-17 16:40:30,388 [4a3059aa-ae89-4e47-8f1e-08d61ab31d43@group-93F6C2665618-LeaderElection14] INFO  server.RaftServerConfigKeys (ConfUtils.java:logGet(46)) - raft.server.write.element-limit = 1024 (custom)
2025-04-17 16:40:30,388 [4a3059aa-ae89-4e47-8f1e-08d61ab31d43@group-93F6C2665618-LeaderElection14] INFO  server.RaftServerConfigKeys (ConfUtils.java:logGet(46)) - raft.server.write.byte-limit = 1024 M (=1073741824) (custom)
2025-04-17 16:40:30,389 [4a3059aa-ae89-4e47-8f1e-08d61ab31d43@group-93F6C2665618-LeaderElection14] INFO  server.RaftServerConfigKeys (ConfUtils.java:logGet(46)) - raft.server.watch.timeout = 30s (custom)
2025-04-17 16:40:30,389 [4a3059aa-ae89-4e47-8f1e-08d61ab31d43@group-93F6C2665618-LeaderElection14] INFO  server.RaftServerConfigKeys (ConfUtils.java:logGet(46)) - raft.server.watch.timeout.denomination = 1s (default)
2025-04-17 16:40:30,389 [4a3059aa-ae89-4e47-8f1e-08d61ab31d43@group-93F6C2665618-LeaderElection14] INFO  server.RaftServerConfigKeys (ConfUtils.java:logGet(46)) - raft.server.watch.element-limit = 65536 (default)
2025-04-17 16:40:30,389 [4a3059aa-ae89-4e47-8f1e-08d61ab31d43@group-93F6C2665618-LeaderElection14] INFO  server.RaftServerConfigKeys (ConfUtils.java:logGet(46)) - raft.server.read.leader.lease.enabled = false (default)
2025-04-17 16:40:30,389 [4a3059aa-ae89-4e47-8f1e-08d61ab31d43@group-93F6C2665618-LeaderElection14] INFO  server.RaftServerConfigKeys (ConfUtils.java:logGet(46)) - raft.server.read.leader.lease.timeout.ratio = 0.9 (default)
2025-04-17 16:40:30,390 [4a3059aa-ae89-4e47-8f1e-08d61ab31d43@group-93F6C2665618-LeaderElection14] INFO  server.RaftServerConfigKeys (ConfUtils.java:logGet(46)) - raft.server.rpc.timeout.min = 5s (custom)
2025-04-17 16:40:30,390 [4a3059aa-ae89-4e47-8f1e-08d61ab31d43@group-93F6C2665618-LeaderElection14] INFO  server.RaftServerConfigKeys (ConfUtils.java:logGet(46)) - raft.server.log.log-metadata.enabled = true (default)
2025-04-17 16:40:30,390 [4a3059aa-ae89-4e47-8f1e-08d61ab31d43@group-93F6C2665618-LeaderElection14] INFO  server.RaftServerConfigKeys (ConfUtils.java:logGet(46)) - raft.server.write.element-limit = 1024 (custom)
2025-04-17 16:40:30,390 [4a3059aa-ae89-4e47-8f1e-08d61ab31d43@group-93F6C2665618-LeaderElection14] INFO  server.RaftServerConfigKeys (ConfUtils.java:logGet(46)) - raft.server.write.follower.gap.ratio.max = -1.0 (default)
2025-04-17 16:40:30,390 [4a3059aa-ae89-4e47-8f1e-08d61ab31d43@group-93F6C2665618-LeaderElection14] INFO  impl.RoleInfo (RoleInfo.java:updateAndGet(148)) - 4a3059aa-ae89-4e47-8f1e-08d61ab31d43: start 4a3059aa-ae89-4e47-8f1e-08d61ab31d43@group-93F6C2665618-LeaderStateImpl
2025-04-17 16:40:30,390 [4a3059aa-ae89-4e47-8f1e-08d61ab31d43@group-93F6C2665618-LeaderElection14] INFO  server.RaftServer$Division (RaftServerImpl.java:setFirstElection(562)) - 4a3059aa-ae89-4e47-8f1e-08d61ab31d43@group-93F6C2665618: set firstElectionSinceStartup to false for becomeLeader
2025-04-17 16:40:30,390 [4a3059aa-ae89-4e47-8f1e-08d61ab31d43@group-93F6C2665618-LeaderElection14] INFO  ratis.XceiverServerRatis (XceiverServerRatis.java:handleLeaderChangedNotification(944)) - Leader change notification received for group: group-93F6C2665618 with new leaderId: 4a3059aa-ae89-4e47-8f1e-08d61ab31d43
2025-04-17 16:40:30,390 [4a3059aa-ae89-4e47-8f1e-08d61ab31d43@group-93F6C2665618-LeaderElection14] INFO  server.RaftServer$Division (ServerState.java:setLeader(272)) - 4a3059aa-ae89-4e47-8f1e-08d61ab31d43@group-93F6C2665618: change Leader from null to 4a3059aa-ae89-4e47-8f1e-08d61ab31d43 at term 1 for becomeLeader, leader elected after 1057ms
2025-04-17 16:40:30,390 [4a3059aa-ae89-4e47-8f1e-08d61ab31d43@group-93F6C2665618-LeaderElection14] INFO  segmented.SegmentedRaftLogWorker (SegmentedRaftLogWorker.java:startLogSegment(438)) - 4a3059aa-ae89-4e47-8f1e-08d61ab31d43@group-93F6C2665618-SegmentedRaftLogWorker: Starting segment from index:0
2025-04-17 16:40:30,391 [4a3059aa-ae89-4e47-8f1e-08d61ab31d43@group-93F6C2665618-LeaderElection14] INFO  server.RaftServer$Division (ServerState.java:setRaftConf(386)) - 4a3059aa-ae89-4e47-8f1e-08d61ab31d43@group-93F6C2665618: set configuration conf: {index: 0, cur=peers:[4a3059aa-ae89-4e47-8f1e-08d61ab31d43|127.0.0.1:15047]|listeners:[], old=null}
2025-04-17 16:40:30,392 [4a3059aa-ae89-4e47-8f1e-08d61ab31d43@group-93F6C2665618-SegmentedRaftLogWorker] INFO  segmented.BufferedWriteChannel (BufferedWriteChannel.java:open(61)) - open log_inprogress_0 at position 0
2025-04-17 16:40:30,401 [4a3059aa-ae89-4e47-8f1e-08d61ab31d43@group-93F6C2665618-SegmentedRaftLogWorker] INFO  segmented.SegmentedRaftLogWorker (SegmentedRaftLogWorker.java:execute(644)) - 4a3059aa-ae89-4e47-8f1e-08d61ab31d43@group-93F6C2665618-SegmentedRaftLogWorker: created new log segment /home/runner/work/ozone/ozone/hadoop-ozone/integration-test/target/test-dir/MiniOzoneClusterImpl-26e726f8-5cec-4c14-bf14-45d4895febc0/ozone-meta/datanode-5/ratis/28f6bf2a-ab60-428a-8f95-93f6c2665618/current/log_inprogress_0
2025-04-17 16:40:30,402 [4a3059aa-ae89-4e47-8f1e-08d61ab31d43@group-93F6C2665618-StateMachineUpdater] INFO  server.RaftServer$Division (LeaderStateImpl.java:checkStartIndex(313)) - Leader 4a3059aa-ae89-4e47-8f1e-08d61ab31d43@group-93F6C2665618-LeaderStateImpl is ready since appliedIndex == startIndex == 0
2025-04-17 16:40:30,407 [c825922c-8499-4d06-bbc0-08abc9a8124c-impl-thread2] INFO  segmented.SegmentedRaftLogWorker (SegmentedRaftLogWorker.java:close(252)) - c825922c-8499-4d06-bbc0-08abc9a8124c@group-8D29FBA23A78-SegmentedRaftLogWorker close()
2025-04-17 16:40:30,407 [c825922c-8499-4d06-bbc0-08abc9a8124c-impl-thread2] INFO  ratis.ContainerStateMachine (ContainerStateMachine.java:notifyServerShutdown(1038)) - group-8D29FBA23A78 is closed by HddsDatanodeService
2025-04-17 16:40:30,684 [c825922c-8499-4d06-bbc0-08abc9a8124c-impl-thread4] INFO  segmented.SegmentedRaftLogWorker (SegmentedRaftLogWorker.java:close(252)) - c825922c-8499-4d06-bbc0-08abc9a8124c@group-47C15F12B665-SegmentedRaftLogWorker close()
2025-04-17 16:40:30,685 [c825922c-8499-4d06-bbc0-08abc9a8124c-impl-thread4] INFO  ratis.ContainerStateMachine (ContainerStateMachine.java:notifyServerShutdown(1038)) - group-47C15F12B665 is closed by HddsDatanodeService
2025-04-17 16:40:30,779 [c825922c-8499-4d06-bbc0-08abc9a8124c-impl-thread3] INFO  segmented.SegmentedRaftLogWorker (SegmentedRaftLogWorker.java:close(252)) - c825922c-8499-4d06-bbc0-08abc9a8124c@group-47CB1C91F82B-SegmentedRaftLogWorker close()
2025-04-17 16:40:30,780 [c825922c-8499-4d06-bbc0-08abc9a8124c-impl-thread3] INFO  ratis.ContainerStateMachine (ContainerStateMachine.java:notifyServerShutdown(1038)) - group-47CB1C91F82B is closed by HddsDatanodeService
2025-04-17 16:40:31,216 [grpc-default-executor-3] WARN  server.GrpcServerProtocolService (LogUtils.java:warn(123)) - c825922c-8499-4d06-bbc0-08abc9a8124c: Failed APPEND_ENTRIES request a6bf55e3-38e4-411e-ac0b-5acdb6a35656->c825922c-8499-4d06-bbc0-08abc9a8124c#4-t1,previous=(t:0, i:0),leaderCommit=0,initializing? false,entries: size=1, first=(t:1, i:0), CONFIGURATIONENTRY(current:id:"c825922c-8499-4d06-bbc0-08abc9a8124c"address:"127.0.0.1:15015"dataStreamAddress:"127.0.0.1:15016"clientAddress:"127.0.0.1:15013"adminAddress:"127.0.0.1:15014"startupRole:FOLLOWER, id:"a6bf55e3-38e4-411e-ac0b-5acdb6a35656"address:"127.0.0.1:15031"priority:1dataStreamAddress:"127.0.0.1:15032"clientAddress:"127.0.0.1:15029"adminAddress:"127.0.0.1:15030"startupRole:FOLLOWER, id:"93cc9901-be1a-45f5-9681-0d93e627c426"address:"127.0.0.1:15023"dataStreamAddress:"127.0.0.1:15024"clientAddress:"127.0.0.1:15021"adminAddress:"127.0.0.1:15022"startupRole:FOLLOWER, old:)
java.util.concurrent.CompletionException: java.util.concurrent.RejectedExecutionException: Task java.util.concurrent.CompletableFuture$AsyncSupply@5ab0440f rejected from java.util.concurrent.ThreadPoolExecutor@531f7d21[Terminated, pool size = 0, active threads = 0, queued tasks = 0, completed tasks = 3]
	at java.base/java.util.concurrent.CompletableFuture.encodeThrowable(CompletableFuture.java:315)
	at java.base/java.util.concurrent.CompletableFuture.uniComposeStage(CompletableFuture.java:1194)
	at java.base/java.util.concurrent.CompletableFuture.thenCompose(CompletableFuture.java:2341)
	at org.apache.ratis.server.impl.RaftServerProxy.appendEntriesAsync(RaftServerProxy.java:645)
	at org.apache.ratis.grpc.server.GrpcServerProtocolService$1.process(GrpcServerProtocolService.java:229)
	at org.apache.ratis.grpc.server.GrpcServerProtocolService$1.process(GrpcServerProtocolService.java:226)
	at org.apache.ratis.grpc.server.GrpcServerProtocolService$ServerRequestStreamObserver.onNext(GrpcServerProtocolService.java:137)
	at org.apache.ratis.thirdparty.io.grpc.stub.ServerCalls$StreamingServerCallHandler$StreamingServerCallListener.onMessage(ServerCalls.java:262)
	at org.apache.ratis.thirdparty.io.grpc.internal.ServerCallImpl$ServerStreamListenerImpl.messagesAvailableInternal(ServerCallImpl.java:329)
	at org.apache.ratis.thirdparty.io.grpc.internal.ServerCallImpl$ServerStreamListenerImpl.messagesAvailable(ServerCallImpl.java:314)
	at org.apache.ratis.thirdparty.io.grpc.internal.ServerImpl$JumpToApplicationThreadServerStreamListener$1MessagesAvailable.runInContext(ServerImpl.java:833)
	at org.apache.ratis.thirdparty.io.grpc.internal.ContextRunnable.run(ContextRunnable.java:37)
	at org.apache.ratis.thirdparty.io.grpc.internal.SerializingExecutor.run(SerializingExecutor.java:133)
	at java.base/java.util.concurrent.ThreadPoolExecutor.runWorker(ThreadPoolExecutor.java:1144)
	at java.base/java.util.concurrent.ThreadPoolExecutor$Worker.run(ThreadPoolExecutor.java:642)
	at java.base/java.lang.Thread.run(Thread.java:1583)
Caused by: java.util.concurrent.RejectedExecutionException: Task java.util.concurrent.CompletableFuture$AsyncSupply@5ab0440f rejected from java.util.concurrent.ThreadPoolExecutor@531f7d21[Terminated, pool size = 0, active threads = 0, queued tasks = 0, completed tasks = 3]
	at java.base/java.util.concurrent.ThreadPoolExecutor$AbortPolicy.rejectedExecution(ThreadPoolExecutor.java:2081)
	at java.base/java.util.concurrent.ThreadPoolExecutor.reject(ThreadPoolExecutor.java:841)
	at java.base/java.util.concurrent.ThreadPoolExecutor.execute(ThreadPoolExecutor.java:1376)
	at java.base/java.util.concurrent.CompletableFuture.asyncSupplyStage(CompletableFuture.java:1782)
	at java.base/java.util.concurrent.CompletableFuture.supplyAsync(CompletableFuture.java:2005)
	at org.apache.ratis.server.impl.RaftServerImpl.executeSubmitServerRequestAsync(RaftServerImpl.java:898)
	at org.apache.ratis.server.impl.RaftServerProxy.lambda$appendEntriesAsync$29(RaftServerProxy.java:645)
	at java.base/java.util.concurrent.CompletableFuture.uniComposeStage(CompletableFuture.java:1187)
	... 14 more
2025-04-17 16:40:31,220 [grpc-default-executor-3] INFO  leader.LogAppender (LogAppenderBase.java:lambda$getNextIndexForError$0(215)) - Decrease nextIndex to 0
2025-04-17 16:40:31,221 [grpc-default-executor-3] INFO  leader.LogAppender (LogAppenderBase.java:lambda$getNextIndexForError$0(215)) - Decrease nextIndex to 0
2025-04-17 16:40:31,221 [grpc-default-executor-3] INFO  leader.FollowerInfo (FollowerInfoImpl.java:info(70)) - a6bf55e3-38e4-411e-ac0b-5acdb6a35656@group-47C15F12B665->c825922c-8499-4d06-bbc0-08abc9a8124c: computeNextIndex nextIndex: updateUnconditionally 1 -> 0
2025-04-17 16:40:32,463 [grpc-default-executor-0] WARN  server.GrpcServerProtocolService (LogUtils.java:warn(123)) - c825922c-8499-4d06-bbc0-08abc9a8124c: Failed APPEND_ENTRIES request a6bf55e3-38e4-411e-ac0b-5acdb6a35656->c825922c-8499-4d06-bbc0-08abc9a8124c#5-t1,previous=(t:0, i:0),leaderCommit=0,initializing? false,entries: size=1, first=(t:1, i:0), CONFIGURATIONENTRY(current:id:"c825922c-8499-4d06-bbc0-08abc9a8124c"address:"127.0.0.1:15015"dataStreamAddress:"127.0.0.1:15016"clientAddress:"127.0.0.1:15013"adminAddress:"127.0.0.1:15014"startupRole:FOLLOWER, id:"a6bf55e3-38e4-411e-ac0b-5acdb6a35656"address:"127.0.0.1:15031"priority:1dataStreamAddress:"127.0.0.1:15032"clientAddress:"127.0.0.1:15029"adminAddress:"127.0.0.1:15030"startupRole:FOLLOWER, id:"93cc9901-be1a-45f5-9681-0d93e627c426"address:"127.0.0.1:15023"dataStreamAddress:"127.0.0.1:15024"clientAddress:"127.0.0.1:15021"adminAddress:"127.0.0.1:15022"startupRole:FOLLOWER, old:)
java.util.concurrent.CompletionException: java.util.concurrent.RejectedExecutionException: Task java.util.concurrent.CompletableFuture$AsyncSupply@32c80678 rejected from java.util.concurrent.ThreadPoolExecutor@531f7d21[Terminated, pool size = 0, active threads = 0, queued tasks = 0, completed tasks = 3]
	at java.base/java.util.concurrent.CompletableFuture.encodeThrowable(CompletableFuture.java:315)
	at java.base/java.util.concurrent.CompletableFuture.uniComposeStage(CompletableFuture.java:1194)
	at java.base/java.util.concurrent.CompletableFuture.thenCompose(CompletableFuture.java:2341)
	at org.apache.ratis.server.impl.RaftServerProxy.appendEntriesAsync(RaftServerProxy.java:645)
	at org.apache.ratis.grpc.server.GrpcServerProtocolService$1.process(GrpcServerProtocolService.java:229)
	at org.apache.ratis.grpc.server.GrpcServerProtocolService$1.process(GrpcServerProtocolService.java:226)
	at org.apache.ratis.grpc.server.GrpcServerProtocolService$ServerRequestStreamObserver.onNext(GrpcServerProtocolService.java:137)
	at org.apache.ratis.thirdparty.io.grpc.stub.ServerCalls$StreamingServerCallHandler$StreamingServerCallListener.onMessage(ServerCalls.java:262)
	at org.apache.ratis.thirdparty.io.grpc.internal.ServerCallImpl$ServerStreamListenerImpl.messagesAvailableInternal(ServerCallImpl.java:329)
	at org.apache.ratis.thirdparty.io.grpc.internal.ServerCallImpl$ServerStreamListenerImpl.messagesAvailable(ServerCallImpl.java:314)
	at org.apache.ratis.thirdparty.io.grpc.internal.ServerImpl$JumpToApplicationThreadServerStreamListener$1MessagesAvailable.runInContext(ServerImpl.java:833)
	at org.apache.ratis.thirdparty.io.grpc.internal.ContextRunnable.run(ContextRunnable.java:37)
	at org.apache.ratis.thirdparty.io.grpc.internal.SerializingExecutor.run(SerializingExecutor.java:133)
	at java.base/java.util.concurrent.ThreadPoolExecutor.runWorker(ThreadPoolExecutor.java:1144)
	at java.base/java.util.concurrent.ThreadPoolExecutor$Worker.run(ThreadPoolExecutor.java:642)
	at java.base/java.lang.Thread.run(Thread.java:1583)
Caused by: java.util.concurrent.RejectedExecutionException: Task java.util.concurrent.CompletableFuture$AsyncSupply@32c80678 rejected from java.util.concurrent.ThreadPoolExecutor@531f7d21[Terminated, pool size = 0, active threads = 0, queued tasks = 0, completed tasks = 3]
	at java.base/java.util.concurrent.ThreadPoolExecutor$AbortPolicy.rejectedExecution(ThreadPoolExecutor.java:2081)
	at java.base/java.util.concurrent.ThreadPoolExecutor.reject(ThreadPoolExecutor.java:841)
	at java.base/java.util.concurrent.ThreadPoolExecutor.execute(ThreadPoolExecutor.java:1376)
	at java.base/java.util.concurrent.CompletableFuture.asyncSupplyStage(CompletableFuture.java:1782)
	at java.base/java.util.concurrent.CompletableFuture.supplyAsync(CompletableFuture.java:2005)
	at org.apache.ratis.server.impl.RaftServerImpl.executeSubmitServerRequestAsync(RaftServerImpl.java:898)
	at org.apache.ratis.server.impl.RaftServerProxy.lambda$appendEntriesAsync$29(RaftServerProxy.java:645)
	at java.base/java.util.concurrent.CompletableFuture.uniComposeStage(CompletableFuture.java:1187)
	... 14 more
2025-04-17 16:40:32,465 [grpc-default-executor-0] INFO  leader.LogAppender (LogAppenderBase.java:lambda$getNextIndexForError$0(215)) - Decrease nextIndex to 0
2025-04-17 16:40:32,465 [grpc-default-executor-0] INFO  leader.LogAppender (LogAppenderBase.java:lambda$getNextIndexForError$0(215)) - Decrease nextIndex to 0
2025-04-17 16:40:32,465 [grpc-default-executor-0] INFO  leader.FollowerInfo (FollowerInfoImpl.java:info(70)) - a6bf55e3-38e4-411e-ac0b-5acdb6a35656@group-47C15F12B665->c825922c-8499-4d06-bbc0-08abc9a8124c: computeNextIndex nextIndex: updateUnconditionally 1 -> 0
2025-04-17 16:40:32,469 [grpc-default-executor-0] WARN  server.GrpcServerProtocolService (LogUtils.java:warn(123)) - c825922c-8499-4d06-bbc0-08abc9a8124c: Failed APPEND_ENTRIES request a6bf55e3-38e4-411e-ac0b-5acdb6a35656->c825922c-8499-4d06-bbc0-08abc9a8124c#7-t1,previous=(t:0, i:0),leaderCommit=0,initializing? false,entries: size=1, first=(t:1, i:0), CONFIGURATIONENTRY(current:id:"c825922c-8499-4d06-bbc0-08abc9a8124c"address:"127.0.0.1:15015"dataStreamAddress:"127.0.0.1:15016"clientAddress:"127.0.0.1:15013"adminAddress:"127.0.0.1:15014"startupRole:FOLLOWER, id:"a6bf55e3-38e4-411e-ac0b-5acdb6a35656"address:"127.0.0.1:15031"priority:1dataStreamAddress:"127.0.0.1:15032"clientAddress:"127.0.0.1:15029"adminAddress:"127.0.0.1:15030"startupRole:FOLLOWER, id:"93cc9901-be1a-45f5-9681-0d93e627c426"address:"127.0.0.1:15023"dataStreamAddress:"127.0.0.1:15024"clientAddress:"127.0.0.1:15021"adminAddress:"127.0.0.1:15022"startupRole:FOLLOWER, old:)
java.util.concurrent.CompletionException: java.util.concurrent.RejectedExecutionException: Task java.util.concurrent.CompletableFuture$AsyncSupply@70b5056e rejected from java.util.concurrent.ThreadPoolExecutor@531f7d21[Terminated, pool size = 0, active threads = 0, queued tasks = 0, completed tasks = 3]
	at java.base/java.util.concurrent.CompletableFuture.encodeThrowable(CompletableFuture.java:315)
	at java.base/java.util.concurrent.CompletableFuture.uniComposeStage(CompletableFuture.java:1194)
	at java.base/java.util.concurrent.CompletableFuture.thenCompose(CompletableFuture.java:2341)
	at org.apache.ratis.server.impl.RaftServerProxy.appendEntriesAsync(RaftServerProxy.java:645)
	at org.apache.ratis.grpc.server.GrpcServerProtocolService$1.process(GrpcServerProtocolService.java:229)
	at org.apache.ratis.grpc.server.GrpcServerProtocolService$1.process(GrpcServerProtocolService.java:226)
	at org.apache.ratis.grpc.server.GrpcServerProtocolService$ServerRequestStreamObserver.onNext(GrpcServerProtocolService.java:137)
	at org.apache.ratis.thirdparty.io.grpc.stub.ServerCalls$StreamingServerCallHandler$StreamingServerCallListener.onMessage(ServerCalls.java:262)
	at org.apache.ratis.thirdparty.io.grpc.internal.ServerCallImpl$ServerStreamListenerImpl.messagesAvailableInternal(ServerCallImpl.java:329)
	at org.apache.ratis.thirdparty.io.grpc.internal.ServerCallImpl$ServerStreamListenerImpl.messagesAvailable(ServerCallImpl.java:314)
	at org.apache.ratis.thirdparty.io.grpc.internal.ServerImpl$JumpToApplicationThreadServerStreamListener$1MessagesAvailable.runInContext(ServerImpl.java:833)
	at org.apache.ratis.thirdparty.io.grpc.internal.ContextRunnable.run(ContextRunnable.java:37)
	at org.apache.ratis.thirdparty.io.grpc.internal.SerializingExecutor.run(SerializingExecutor.java:133)
	at java.base/java.util.concurrent.ThreadPoolExecutor.runWorker(ThreadPoolExecutor.java:1144)
	at java.base/java.util.concurrent.ThreadPoolExecutor$Worker.run(ThreadPoolExecutor.java:642)
	at java.base/java.lang.Thread.run(Thread.java:1583)
Caused by: java.util.concurrent.RejectedExecutionException: Task java.util.concurrent.CompletableFuture$AsyncSupply@70b5056e rejected from java.util.concurrent.ThreadPoolExecutor@531f7d21[Terminated, pool size = 0, active threads = 0, queued tasks = 0, completed tasks = 3]
	at java.base/java.util.concurrent.ThreadPoolExecutor$AbortPolicy.rejectedExecution(ThreadPoolExecutor.java:2081)
	at java.base/java.util.concurrent.ThreadPoolExecutor.reject(ThreadPoolExecutor.java:841)
	at java.base/java.util.concurrent.ThreadPoolExecutor.execute(ThreadPoolExecutor.java:1376)
	at java.base/java.util.concurrent.CompletableFuture.asyncSupplyStage(CompletableFuture.java:1782)
	at java.base/java.util.concurrent.CompletableFuture.supplyAsync(CompletableFuture.java:2005)
	at org.apache.ratis.server.impl.RaftServerImpl.executeSubmitServerRequestAsync(RaftServerImpl.java:898)
	at org.apache.ratis.server.impl.RaftServerProxy.lambda$appendEntriesAsync$29(RaftServerProxy.java:645)
	at java.base/java.util.concurrent.CompletableFuture.uniComposeStage(CompletableFuture.java:1187)
	... 14 more
2025-04-17 16:40:32,472 [grpc-default-executor-0] INFO  leader.LogAppender (LogAppenderBase.java:lambda$getNextIndexForError$0(215)) - Decrease nextIndex to 0
2025-04-17 16:40:32,472 [grpc-default-executor-0] INFO  leader.LogAppender (LogAppenderBase.java:lambda$getNextIndexForError$0(215)) - Decrease nextIndex to 0
2025-04-17 16:40:32,472 [grpc-default-executor-0] INFO  leader.FollowerInfo (FollowerInfoImpl.java:info(70)) - a6bf55e3-38e4-411e-ac0b-5acdb6a35656@group-47C15F12B665->c825922c-8499-4d06-bbc0-08abc9a8124c: computeNextIndex nextIndex: updateUnconditionally 1 -> 0
2025-04-17 16:40:32,486 [EventQueue-StaleNodeForStaleNodeHandler] INFO  node.StaleNodeHandler (StaleNodeHandler.java:onMessage(51)) - Datanode c825922c-8499-4d06-bbc0-08abc9a8124c(localhost/127.0.0.1) moved to stale state. Finalizing its pipelines [PipelineID=e78d0e28-68e8-4b64-8716-3a10b81f0950, PipelineID=ba926e06-1642-4427-9b6a-8d29fba23a78, PipelineID=5bdf7528-583f-4406-99f6-47cb1c91f82b, PipelineID=690337f3-2d94-4a7e-a7b3-47c15f12b665]
2025-04-17 16:40:32,490 [EventQueue-StaleNodeForStaleNodeHandler] INFO  pipeline.PipelineManagerImpl (PipelineManagerImpl.java:closePipeline(523)) - Pipeline PipelineID=e78d0e28-68e8-4b64-8716-3a10b81f0950 moved to CLOSED state
2025-04-17 16:40:32,491 [EventQueue-StaleNodeForStaleNodeHandler] INFO  pipeline.PipelineManagerImpl (PipelineManagerImpl.java:closePipeline(523)) - Pipeline PipelineID=ba926e06-1642-4427-9b6a-8d29fba23a78 moved to CLOSED state
2025-04-17 16:40:32,493 [EventQueue-StaleNodeForStaleNodeHandler] INFO  pipeline.PipelineManagerImpl (PipelineManagerImpl.java:closePipeline(523)) - Pipeline PipelineID=5bdf7528-583f-4406-99f6-47cb1c91f82b moved to CLOSED state
2025-04-17 16:40:32,494 [EventQueue-StaleNodeForStaleNodeHandler] INFO  pipeline.PipelineManagerImpl (PipelineManagerImpl.java:closePipeline(523)) - Pipeline PipelineID=690337f3-2d94-4a7e-a7b3-47c15f12b665 moved to CLOSED state
2025-04-17 16:40:32,920 [Thread-726] WARN  grpc.GrpcUtil (GrpcUtil.java:shutdownManagedChannel(233)) - Timed out gracefully shutting down connection: ManagedChannelOrphanWrapper{delegate=ManagedChannelImpl{logId=164, target=127.0.0.1:15031}}. 
2025-04-17 16:40:32,921 [Thread-727] WARN  grpc.GrpcUtil (GrpcUtil.java:shutdownManagedChannel(233)) - Timed out gracefully shutting down connection: ManagedChannelOrphanWrapper{delegate=ManagedChannelImpl{logId=160, target=127.0.0.1:15023}}. 
2025-04-17 16:40:32,922 [grpc-default-executor-0] INFO  server.GrpcLogAppender (GrpcLogAppender.java:onError(537)) - c825922c-8499-4d06-bbc0-08abc9a8124c@group-3A10B81F0950->a6bf55e3-38e4-411e-ac0b-5acdb6a35656-GrpcLogAppender is already stopped
2025-04-17 16:40:32,922 [grpc-default-executor-3] INFO  server.GrpcLogAppender (GrpcLogAppender.java:onError(537)) - c825922c-8499-4d06-bbc0-08abc9a8124c@group-3A10B81F0950->93cc9901-be1a-45f5-9681-0d93e627c426-GrpcLogAppender is already stopped
2025-04-17 16:40:32,924 [grpc-default-executor-0] WARN  server.GrpcServerProtocolService (LogUtils.java:warn(121)) - a6bf55e3-38e4-411e-ac0b-5acdb6a35656: APPEND_ENTRIES onError, lastRequest: null: org.apache.ratis.thirdparty.io.grpc.StatusRuntimeException: CANCELLED: client cancelled
2025-04-17 16:40:32,924 [grpc-default-executor-1] WARN  server.GrpcServerProtocolService (LogUtils.java:warn(121)) - 93cc9901-be1a-45f5-9681-0d93e627c426: APPEND_ENTRIES onError, lastRequest: null: org.apache.ratis.thirdparty.io.grpc.StatusRuntimeException: CANCELLED: client cancelled
2025-04-17 16:40:33,720 [grpc-default-executor-1] WARN  server.GrpcServerProtocolService (LogUtils.java:warn(123)) - c825922c-8499-4d06-bbc0-08abc9a8124c: Failed APPEND_ENTRIES request a6bf55e3-38e4-411e-ac0b-5acdb6a35656->c825922c-8499-4d06-bbc0-08abc9a8124c#9-t1,previous=(t:0, i:0),leaderCommit=0,initializing? false,entries: size=1, first=(t:1, i:0), CONFIGURATIONENTRY(current:id:"c825922c-8499-4d06-bbc0-08abc9a8124c"address:"127.0.0.1:15015"dataStreamAddress:"127.0.0.1:15016"clientAddress:"127.0.0.1:15013"adminAddress:"127.0.0.1:15014"startupRole:FOLLOWER, id:"a6bf55e3-38e4-411e-ac0b-5acdb6a35656"address:"127.0.0.1:15031"priority:1dataStreamAddress:"127.0.0.1:15032"clientAddress:"127.0.0.1:15029"adminAddress:"127.0.0.1:15030"startupRole:FOLLOWER, id:"93cc9901-be1a-45f5-9681-0d93e627c426"address:"127.0.0.1:15023"dataStreamAddress:"127.0.0.1:15024"clientAddress:"127.0.0.1:15021"adminAddress:"127.0.0.1:15022"startupRole:FOLLOWER, old:)
java.util.concurrent.CompletionException: java.util.concurrent.RejectedExecutionException: Task java.util.concurrent.CompletableFuture$AsyncSupply@6163c07 rejected from java.util.concurrent.ThreadPoolExecutor@531f7d21[Terminated, pool size = 0, active threads = 0, queued tasks = 0, completed tasks = 3]
	at java.base/java.util.concurrent.CompletableFuture.encodeThrowable(CompletableFuture.java:315)
	at java.base/java.util.concurrent.CompletableFuture.uniComposeStage(CompletableFuture.java:1194)
	at java.base/java.util.concurrent.CompletableFuture.thenCompose(CompletableFuture.java:2341)
	at org.apache.ratis.server.impl.RaftServerProxy.appendEntriesAsync(RaftServerProxy.java:645)
	at org.apache.ratis.grpc.server.GrpcServerProtocolService$1.process(GrpcServerProtocolService.java:229)
	at org.apache.ratis.grpc.server.GrpcServerProtocolService$1.process(GrpcServerProtocolService.java:226)
	at org.apache.ratis.grpc.server.GrpcServerProtocolService$ServerRequestStreamObserver.onNext(GrpcServerProtocolService.java:137)
	at org.apache.ratis.thirdparty.io.grpc.stub.ServerCalls$StreamingServerCallHandler$StreamingServerCallListener.onMessage(ServerCalls.java:262)
	at org.apache.ratis.thirdparty.io.grpc.internal.ServerCallImpl$ServerStreamListenerImpl.messagesAvailableInternal(ServerCallImpl.java:329)
	at org.apache.ratis.thirdparty.io.grpc.internal.ServerCallImpl$ServerStreamListenerImpl.messagesAvailable(ServerCallImpl.java:314)
	at org.apache.ratis.thirdparty.io.grpc.internal.ServerImpl$JumpToApplicationThreadServerStreamListener$1MessagesAvailable.runInContext(ServerImpl.java:833)
	at org.apache.ratis.thirdparty.io.grpc.internal.ContextRunnable.run(ContextRunnable.java:37)
	at org.apache.ratis.thirdparty.io.grpc.internal.SerializingExecutor.run(SerializingExecutor.java:133)
	at java.base/java.util.concurrent.ThreadPoolExecutor.runWorker(ThreadPoolExecutor.java:1144)
	at java.base/java.util.concurrent.ThreadPoolExecutor$Worker.run(ThreadPoolExecutor.java:642)
	at java.base/java.lang.Thread.run(Thread.java:1583)
Caused by: java.util.concurrent.RejectedExecutionException: Task java.util.concurrent.CompletableFuture$AsyncSupply@6163c07 rejected from java.util.concurrent.ThreadPoolExecutor@531f7d21[Terminated, pool size = 0, active threads = 0, queued tasks = 0, completed tasks = 3]
	at java.base/java.util.concurrent.ThreadPoolExecutor$AbortPolicy.rejectedExecution(ThreadPoolExecutor.java:2081)
	at java.base/java.util.concurrent.ThreadPoolExecutor.reject(ThreadPoolExecutor.java:841)
	at java.base/java.util.concurrent.ThreadPoolExecutor.execute(ThreadPoolExecutor.java:1376)
	at java.base/java.util.concurrent.CompletableFuture.asyncSupplyStage(CompletableFuture.java:1782)
	at java.base/java.util.concurrent.CompletableFuture.supplyAsync(CompletableFuture.java:2005)
	at org.apache.ratis.server.impl.RaftServerImpl.executeSubmitServerRequestAsync(RaftServerImpl.java:898)
	at org.apache.ratis.server.impl.RaftServerProxy.lambda$appendEntriesAsync$29(RaftServerProxy.java:645)
	at java.base/java.util.concurrent.CompletableFuture.uniComposeStage(CompletableFuture.java:1187)
	... 14 more
2025-04-17 16:40:33,723 [grpc-default-executor-1] INFO  leader.LogAppender (LogAppenderBase.java:lambda$getNextIndexForError$0(215)) - Decrease nextIndex to 0
2025-04-17 16:40:33,723 [grpc-default-executor-1] INFO  leader.LogAppender (LogAppenderBase.java:lambda$getNextIndexForError$0(215)) - Decrease nextIndex to 0
2025-04-17 16:40:33,723 [grpc-default-executor-1] INFO  leader.FollowerInfo (FollowerInfoImpl.java:info(70)) - a6bf55e3-38e4-411e-ac0b-5acdb6a35656@group-47C15F12B665->c825922c-8499-4d06-bbc0-08abc9a8124c: computeNextIndex nextIndex: updateUnconditionally 1 -> 0
2025-04-17 16:40:34,974 [grpc-default-executor-1] WARN  server.GrpcServerProtocolService (LogUtils.java:warn(123)) - c825922c-8499-4d06-bbc0-08abc9a8124c: Failed APPEND_ENTRIES request a6bf55e3-38e4-411e-ac0b-5acdb6a35656->c825922c-8499-4d06-bbc0-08abc9a8124c#11-t1,previous=(t:0, i:0),leaderCommit=0,initializing? false,entries: size=1, first=(t:1, i:0), CONFIGURATIONENTRY(current:id:"c825922c-8499-4d06-bbc0-08abc9a8124c"address:"127.0.0.1:15015"dataStreamAddress:"127.0.0.1:15016"clientAddress:"127.0.0.1:15013"adminAddress:"127.0.0.1:15014"startupRole:FOLLOWER, id:"a6bf55e3-38e4-411e-ac0b-5acdb6a35656"address:"127.0.0.1:15031"priority:1dataStreamAddress:"127.0.0.1:15032"clientAddress:"127.0.0.1:15029"adminAddress:"127.0.0.1:15030"startupRole:FOLLOWER, id:"93cc9901-be1a-45f5-9681-0d93e627c426"address:"127.0.0.1:15023"dataStreamAddress:"127.0.0.1:15024"clientAddress:"127.0.0.1:15021"adminAddress:"127.0.0.1:15022"startupRole:FOLLOWER, old:)
java.util.concurrent.CompletionException: java.util.concurrent.RejectedExecutionException: Task java.util.concurrent.CompletableFuture$AsyncSupply@481743b7 rejected from java.util.concurrent.ThreadPoolExecutor@531f7d21[Terminated, pool size = 0, active threads = 0, queued tasks = 0, completed tasks = 3]
	at java.base/java.util.concurrent.CompletableFuture.encodeThrowable(CompletableFuture.java:315)
	at java.base/java.util.concurrent.CompletableFuture.uniComposeStage(CompletableFuture.java:1194)
	at java.base/java.util.concurrent.CompletableFuture.thenCompose(CompletableFuture.java:2341)
	at org.apache.ratis.server.impl.RaftServerProxy.appendEntriesAsync(RaftServerProxy.java:645)
	at org.apache.ratis.grpc.server.GrpcServerProtocolService$1.process(GrpcServerProtocolService.java:229)
	at org.apache.ratis.grpc.server.GrpcServerProtocolService$1.process(GrpcServerProtocolService.java:226)
	at org.apache.ratis.grpc.server.GrpcServerProtocolService$ServerRequestStreamObserver.onNext(GrpcServerProtocolService.java:137)
	at org.apache.ratis.thirdparty.io.grpc.stub.ServerCalls$StreamingServerCallHandler$StreamingServerCallListener.onMessage(ServerCalls.java:262)
	at org.apache.ratis.thirdparty.io.grpc.internal.ServerCallImpl$ServerStreamListenerImpl.messagesAvailableInternal(ServerCallImpl.java:329)
	at org.apache.ratis.thirdparty.io.grpc.internal.ServerCallImpl$ServerStreamListenerImpl.messagesAvailable(ServerCallImpl.java:314)
	at org.apache.ratis.thirdparty.io.grpc.internal.ServerImpl$JumpToApplicationThreadServerStreamListener$1MessagesAvailable.runInContext(ServerImpl.java:833)
	at org.apache.ratis.thirdparty.io.grpc.internal.ContextRunnable.run(ContextRunnable.java:37)
	at org.apache.ratis.thirdparty.io.grpc.internal.SerializingExecutor.run(SerializingExecutor.java:133)
	at java.base/java.util.concurrent.ThreadPoolExecutor.runWorker(ThreadPoolExecutor.java:1144)
	at java.base/java.util.concurrent.ThreadPoolExecutor$Worker.run(ThreadPoolExecutor.java:642)
	at java.base/java.lang.Thread.run(Thread.java:1583)
Caused by: java.util.concurrent.RejectedExecutionException: Task java.util.concurrent.CompletableFuture$AsyncSupply@481743b7 rejected from java.util.concurrent.ThreadPoolExecutor@531f7d21[Terminated, pool size = 0, active threads = 0, queued tasks = 0, completed tasks = 3]
	at java.base/java.util.concurrent.ThreadPoolExecutor$AbortPolicy.rejectedExecution(ThreadPoolExecutor.java:2081)
	at java.base/java.util.concurrent.ThreadPoolExecutor.reject(ThreadPoolExecutor.java:841)
	at java.base/java.util.concurrent.ThreadPoolExecutor.execute(ThreadPoolExecutor.java:1376)
	at java.base/java.util.concurrent.CompletableFuture.asyncSupplyStage(CompletableFuture.java:1782)
	at java.base/java.util.concurrent.CompletableFuture.supplyAsync(CompletableFuture.java:2005)
	at org.apache.ratis.server.impl.RaftServerImpl.executeSubmitServerRequestAsync(RaftServerImpl.java:898)
	at org.apache.ratis.server.impl.RaftServerProxy.lambda$appendEntriesAsync$29(RaftServerProxy.java:645)
	at java.base/java.util.concurrent.CompletableFuture.uniComposeStage(CompletableFuture.java:1187)
	... 14 more
2025-04-17 16:40:34,977 [grpc-default-executor-1] INFO  leader.LogAppender (LogAppenderBase.java:lambda$getNextIndexForError$0(215)) - Decrease nextIndex to 0
2025-04-17 16:40:34,977 [grpc-default-executor-1] INFO  leader.LogAppender (LogAppenderBase.java:lambda$getNextIndexForError$0(215)) - Decrease nextIndex to 0
2025-04-17 16:40:34,977 [grpc-default-executor-1] INFO  leader.FollowerInfo (FollowerInfoImpl.java:info(70)) - a6bf55e3-38e4-411e-ac0b-5acdb6a35656@group-47C15F12B665->c825922c-8499-4d06-bbc0-08abc9a8124c: computeNextIndex nextIndex: updateUnconditionally 1 -> 0
2025-04-17 16:40:35,059 [timer2] WARN  server.GrpcLogAppender (LogUtils.java:warn(123)) - a6bf55e3-38e4-411e-ac0b-5acdb6a35656@group-47C15F12B665->c825922c-8499-4d06-bbc0-08abc9a8124c-AppendLogResponseHandler: Failed appendEntries (Repeated 6 times in the last 5.010s)
java.util.concurrent.RejectedExecutionException: Task java.util.concurrent.CompletableFuture$AsyncSupply@481743b7 rejected from java.util.concurrent.ThreadPoolExecutor@531f7d21[Terminated, pool size = 0, active threads = 0, queued tasks = 0, completed tasks = 3]
	at java.base/java.util.concurrent.ThreadPoolExecutor$AbortPolicy.rejectedExecution(ThreadPoolExecutor.java:2081)
	at java.base/java.util.concurrent.ThreadPoolExecutor.reject(ThreadPoolExecutor.java:841)
	at java.base/java.util.concurrent.ThreadPoolExecutor.execute(ThreadPoolExecutor.java:1376)
	at java.base/java.util.concurrent.CompletableFuture.asyncSupplyStage(CompletableFuture.java:1782)
	at java.base/java.util.concurrent.CompletableFuture.supplyAsync(CompletableFuture.java:2005)
	at org.apache.ratis.server.impl.RaftServerImpl.executeSubmitServerRequestAsync(RaftServerImpl.java:898)
	at org.apache.ratis.server.impl.RaftServerProxy.lambda$appendEntriesAsync$29(RaftServerProxy.java:645)
	at java.base/java.util.concurrent.CompletableFuture.uniComposeStage(CompletableFuture.java:1187)
	at java.base/java.util.concurrent.CompletableFuture.thenCompose(CompletableFuture.java:2341)
	at org.apache.ratis.server.impl.RaftServerProxy.appendEntriesAsync(RaftServerProxy.java:645)
	at org.apache.ratis.grpc.server.GrpcServerProtocolService$1.process(GrpcServerProtocolService.java:229)
	at org.apache.ratis.grpc.server.GrpcServerProtocolService$1.process(GrpcServerProtocolService.java:226)
	at org.apache.ratis.grpc.server.GrpcServerProtocolService$ServerRequestStreamObserver.onNext(GrpcServerProtocolService.java:137)
	at org.apache.ratis.thirdparty.io.grpc.stub.ServerCalls$StreamingServerCallHandler$StreamingServerCallListener.onMessage(ServerCalls.java:262)
	at org.apache.ratis.thirdparty.io.grpc.internal.ServerCallImpl$ServerStreamListenerImpl.messagesAvailableInternal(ServerCallImpl.java:329)
	at org.apache.ratis.thirdparty.io.grpc.internal.ServerCallImpl$ServerStreamListenerImpl.messagesAvailable(ServerCallImpl.java:314)
	at org.apache.ratis.thirdparty.io.grpc.internal.ServerImpl$JumpToApplicationThreadServerStreamListener$1MessagesAvailable.runInContext(ServerImpl.java:833)
	at org.apache.ratis.thirdparty.io.grpc.internal.ContextRunnable.run(ContextRunnable.java:37)
	at org.apache.ratis.thirdparty.io.grpc.internal.SerializingExecutor.run(SerializingExecutor.java:133)
	at java.base/java.util.concurrent.ThreadPoolExecutor.runWorker(ThreadPoolExecutor.java:1144)
	at java.base/java.util.concurrent.ThreadPoolExecutor$Worker.run(ThreadPoolExecutor.java:642)
	at java.base/java.lang.Thread.run(Thread.java:1583)
2025-04-17 16:40:35,490 [EventQueue-DeadNodeForDeadNodeHandler] INFO  node.DeadNodeHandler (DeadNodeHandler.java:onMessage(91)) - A dead datanode is detected. c825922c-8499-4d06-bbc0-08abc9a8124c(localhost/127.0.0.1)
2025-04-17 16:40:35,493 [EventQueue-DeadNodeForDeadNodeHandler] INFO  pipeline.RatisPipelineProvider (RatisPipelineProvider.java:lambda$close$4(268)) - Send pipeline:PipelineID=e78d0e28-68e8-4b64-8716-3a10b81f0950 close command to datanode a6bf55e3-38e4-411e-ac0b-5acdb6a35656
2025-04-17 16:40:35,493 [EventQueue-DeadNodeForDeadNodeHandler] INFO  pipeline.RatisPipelineProvider (RatisPipelineProvider.java:lambda$close$4(268)) - Send pipeline:PipelineID=e78d0e28-68e8-4b64-8716-3a10b81f0950 close command to datanode c825922c-8499-4d06-bbc0-08abc9a8124c
2025-04-17 16:40:35,493 [EventQueue-DeadNodeForDeadNodeHandler] INFO  pipeline.RatisPipelineProvider (RatisPipelineProvider.java:lambda$close$4(268)) - Send pipeline:PipelineID=e78d0e28-68e8-4b64-8716-3a10b81f0950 close command to datanode 93cc9901-be1a-45f5-9681-0d93e627c426
2025-04-17 16:40:35,494 [EventQueue-DeadNodeForDeadNodeHandler] INFO  pipeline.PipelineManagerImpl (PipelineManagerImpl.java:removePipeline(462)) - Pipeline Pipeline{ Id: e78d0e28-68e8-4b64-8716-3a10b81f0950, Nodes: [ {a6bf55e3-38e4-411e-ac0b-5acdb6a35656(localhost/127.0.0.1), ReplicaIndex: 0}, {c825922c-8499-4d06-bbc0-08abc9a8124c(localhost/127.0.0.1), ReplicaIndex: 0}, {93cc9901-be1a-45f5-9681-0d93e627c426(localhost/127.0.0.1), ReplicaIndex: 0},], ReplicationConfig: RATIS/THREE, State:CLOSED, leaderId:, CreationTimestamp2025-04-17T16:40:26.280Z[Etc/UTC]} removed.
2025-04-17 16:40:35,495 [EventQueue-DeadNodeForDeadNodeHandler] INFO  pipeline.RatisPipelineProvider (RatisPipelineProvider.java:lambda$close$4(268)) - Send pipeline:PipelineID=ba926e06-1642-4427-9b6a-8d29fba23a78 close command to datanode c825922c-8499-4d06-bbc0-08abc9a8124c
2025-04-17 16:40:35,495 [EventQueue-DeadNodeForDeadNodeHandler] INFO  pipeline.PipelineManagerImpl (PipelineManagerImpl.java:removePipeline(462)) - Pipeline Pipeline{ Id: ba926e06-1642-4427-9b6a-8d29fba23a78, Nodes: [ {c825922c-8499-4d06-bbc0-08abc9a8124c(localhost/127.0.0.1), ReplicaIndex: 0},], ReplicationConfig: RATIS/ONE, State:CLOSED, leaderId:c825922c-8499-4d06-bbc0-08abc9a8124c, CreationTimestamp2025-04-17T16:40:25.802Z[Etc/UTC]} removed.
2025-04-17 16:40:35,496 [EventQueue-DeadNodeForDeadNodeHandler] INFO  pipeline.RatisPipelineProvider (RatisPipelineProvider.java:lambda$close$4(268)) - Send pipeline:PipelineID=5bdf7528-583f-4406-99f6-47cb1c91f82b close command to datanode 93cc9901-be1a-45f5-9681-0d93e627c426
2025-04-17 16:40:35,496 [EventQueue-DeadNodeForDeadNodeHandler] INFO  pipeline.RatisPipelineProvider (RatisPipelineProvider.java:lambda$close$4(268)) - Send pipeline:PipelineID=5bdf7528-583f-4406-99f6-47cb1c91f82b close command to datanode a6bf55e3-38e4-411e-ac0b-5acdb6a35656
2025-04-17 16:40:35,496 [EventQueue-DeadNodeForDeadNodeHandler] INFO  pipeline.RatisPipelineProvider (RatisPipelineProvider.java:lambda$close$4(268)) - Send pipeline:PipelineID=5bdf7528-583f-4406-99f6-47cb1c91f82b close command to datanode c825922c-8499-4d06-bbc0-08abc9a8124c
2025-04-17 16:40:35,497 [EventQueue-DeadNodeForDeadNodeHandler] INFO  pipeline.PipelineManagerImpl (PipelineManagerImpl.java:removePipeline(462)) - Pipeline Pipeline{ Id: 5bdf7528-583f-4406-99f6-47cb1c91f82b, Nodes: [ {93cc9901-be1a-45f5-9681-0d93e627c426(localhost/127.0.0.1), ReplicaIndex: 0}, {a6bf55e3-38e4-411e-ac0b-5acdb6a35656(localhost/127.0.0.1), ReplicaIndex: 0}, {c825922c-8499-4d06-bbc0-08abc9a8124c(localhost/127.0.0.1), ReplicaIndex: 0},], ReplicationConfig: RATIS/THREE, State:CLOSED, leaderId:93cc9901-be1a-45f5-9681-0d93e627c426, CreationTimestamp2025-04-17T16:40:26.269Z[Etc/UTC]} removed.
2025-04-17 16:40:35,498 [EventQueue-DeadNodeForDeadNodeHandler] INFO  pipeline.RatisPipelineProvider (RatisPipelineProvider.java:lambda$close$4(268)) - Send pipeline:PipelineID=690337f3-2d94-4a7e-a7b3-47c15f12b665 close command to datanode a6bf55e3-38e4-411e-ac0b-5acdb6a35656
2025-04-17 16:40:35,498 [EventQueue-DeadNodeForDeadNodeHandler] INFO  pipeline.RatisPipelineProvider (RatisPipelineProvider.java:lambda$close$4(268)) - Send pipeline:PipelineID=690337f3-2d94-4a7e-a7b3-47c15f12b665 close command to datanode 93cc9901-be1a-45f5-9681-0d93e627c426
2025-04-17 16:40:35,498 [EventQueue-DeadNodeForDeadNodeHandler] INFO  pipeline.RatisPipelineProvider (RatisPipelineProvider.java:lambda$close$4(268)) - Send pipeline:PipelineID=690337f3-2d94-4a7e-a7b3-47c15f12b665 close command to datanode c825922c-8499-4d06-bbc0-08abc9a8124c
2025-04-17 16:40:35,498 [EventQueue-DeadNodeForDeadNodeHandler] INFO  pipeline.PipelineManagerImpl (PipelineManagerImpl.java:removePipeline(462)) - Pipeline Pipeline{ Id: 690337f3-2d94-4a7e-a7b3-47c15f12b665, Nodes: [ {a6bf55e3-38e4-411e-ac0b-5acdb6a35656(localhost/127.0.0.1), ReplicaIndex: 0}, {93cc9901-be1a-45f5-9681-0d93e627c426(localhost/127.0.0.1), ReplicaIndex: 0}, {c825922c-8499-4d06-bbc0-08abc9a8124c(localhost/127.0.0.1), ReplicaIndex: 0},], ReplicationConfig: RATIS/THREE, State:CLOSED, leaderId:a6bf55e3-38e4-411e-ac0b-5acdb6a35656, CreationTimestamp2025-04-17T16:40:26.274Z[Etc/UTC]} removed.
2025-04-17 16:40:35,499 [EventQueue-DeadNodeForDeadNodeHandler] INFO  node.DeadNodeHandler (DeadNodeHandler.java:onMessage(113)) - Clearing command queue of size 4 for DN c825922c-8499-4d06-bbc0-08abc9a8124c(localhost/127.0.0.1)
2025-04-17 16:40:35,499 [EventQueue-DeadNodeForDeadNodeHandler] INFO  net.NetworkTopologyImpl (NetworkTopologyImpl.java:remove(211)) - Removed a node: /default-rack/c825922c-8499-4d06-bbc0-08abc9a8124c
2025-04-17 16:40:35,500 [ReplicationMonitor] INFO  replication.ReplicationManager (ReplicationManager.java:processAll(384)) - Replication Monitor Thread took 1 milliseconds for processing 0 containers.
2025-04-17 16:40:35,924 [Thread-726] WARN  grpc.GrpcUtil (GrpcUtil.java:shutdownManagedChannel(233)) - Timed out gracefully shutting down connection: ManagedChannelOrphanWrapper{delegate=ManagedChannelImpl{logId=162, target=127.0.0.1:15031}}. 
2025-04-17 16:40:35,924 [Thread-727] WARN  grpc.GrpcUtil (GrpcUtil.java:shutdownManagedChannel(233)) - Timed out gracefully shutting down connection: ManagedChannelOrphanWrapper{delegate=ManagedChannelImpl{logId=158, target=127.0.0.1:15023}}. 
2025-04-17 16:40:35,924 [grpc-default-executor-3] INFO  server.GrpcLogAppender (GrpcLogAppender.java:onError(537)) - c825922c-8499-4d06-bbc0-08abc9a8124c@group-3A10B81F0950->93cc9901-be1a-45f5-9681-0d93e627c426-GrpcLogAppender is already stopped
2025-04-17 16:40:35,925 [grpc-default-executor-1] INFO  server.GrpcLogAppender (GrpcLogAppender.java:onError(537)) - c825922c-8499-4d06-bbc0-08abc9a8124c@group-3A10B81F0950->a6bf55e3-38e4-411e-ac0b-5acdb6a35656-GrpcLogAppender is already stopped
2025-04-17 16:40:35,925 [grpc-default-executor-3] WARN  server.GrpcServerProtocolService (LogUtils.java:warn(121)) - a6bf55e3-38e4-411e-ac0b-5acdb6a35656: APPEND_ENTRIES onError, lastRequest: null: org.apache.ratis.thirdparty.io.grpc.StatusRuntimeException: CANCELLED: client cancelled
2025-04-17 16:40:35,925 [grpc-default-executor-2] WARN  server.GrpcServerProtocolService (LogUtils.java:warn(121)) - 93cc9901-be1a-45f5-9681-0d93e627c426: APPEND_ENTRIES onError, lastRequest: null: org.apache.ratis.thirdparty.io.grpc.StatusRuntimeException: CANCELLED: client cancelled
2025-04-17 16:40:35,925 [pool-237-thread-1] INFO  server.GrpcService (GrpcService.java:closeImpl(352)) - c825922c-8499-4d06-bbc0-08abc9a8124c: shutdown server org.apache.ratis.grpc.server.GrpcClientProtocolService successfully
2025-04-17 16:40:35,925 [pool-237-thread-1] INFO  server.GrpcService (GrpcService.java:closeImpl(343)) - c825922c-8499-4d06-bbc0-08abc9a8124c: shutdown server GrpcServerProtocolService now
2025-04-17 16:40:35,927 [grpc-default-executor-0] WARN  server.GrpcServerProtocolService (LogUtils.java:warn(121)) - c825922c-8499-4d06-bbc0-08abc9a8124c: APPEND_ENTRIES onError, lastRequest: null: org.apache.ratis.thirdparty.io.grpc.StatusRuntimeException: CANCELLED: client cancelled
2025-04-17 16:40:35,928 [grpc-default-executor-3] WARN  server.GrpcServerProtocolService (LogUtils.java:warn(121)) - c825922c-8499-4d06-bbc0-08abc9a8124c: APPEND_ENTRIES onError, lastRequest: 93cc9901-be1a-45f5-9681-0d93e627c426->c825922c-8499-4d06-bbc0-08abc9a8124c#1-t1,previous=(t:0, i:0),leaderCommit=-1,initializing? false,entries: size=1, first=(t:1, i:0), CONFIGURATIONENTRY(current:id:"c825922c-8499-4d06-bbc0-08abc9a8124c"address:"127.0.0.1:15015"dataStreamAddress:"127.0.0.1:15016"clientAddress:"127.0.0.1:15013"adminAddress:"127.0.0.1:15014"startupRole:FOLLOWER, id:"a6bf55e3-38e4-411e-ac0b-5acdb6a35656"address:"127.0.0.1:15031"dataStreamAddress:"127.0.0.1:15032"clientAddress:"127.0.0.1:15029"adminAddress:"127.0.0.1:15030"startupRole:FOLLOWER, id:"93cc9901-be1a-45f5-9681-0d93e627c426"address:"127.0.0.1:15023"priority:1dataStreamAddress:"127.0.0.1:15024"clientAddress:"127.0.0.1:15021"adminAddress:"127.0.0.1:15022"startupRole:FOLLOWER, old:): org.apache.ratis.thirdparty.io.grpc.StatusRuntimeException: CANCELLED: client cancelled
2025-04-17 16:40:35,929 [grpc-default-executor-1] WARN  server.GrpcServerProtocolService (LogUtils.java:warn(121)) - c825922c-8499-4d06-bbc0-08abc9a8124c: APPEND_ENTRIES onError, lastRequest: null: org.apache.ratis.thirdparty.io.grpc.StatusRuntimeException: CANCELLED: client cancelled
2025-04-17 16:40:35,930 [grpc-default-executor-1] WARN  server.GrpcServerProtocolService (LogUtils.java:warn(121)) - c825922c-8499-4d06-bbc0-08abc9a8124c: APPEND_ENTRIES onError, lastRequest: null: org.apache.ratis.thirdparty.io.grpc.StatusRuntimeException: CANCELLED: client cancelled
2025-04-17 16:40:35,930 [grpc-default-executor-4] WARN  server.GrpcServerProtocolService (LogUtils.java:warn(121)) - c825922c-8499-4d06-bbc0-08abc9a8124c: APPEND_ENTRIES onError, lastRequest: null: org.apache.ratis.thirdparty.io.grpc.StatusRuntimeException: CANCELLED: client cancelled
2025-04-17 16:40:35,930 [grpc-default-executor-0] WARN  server.GrpcServerProtocolService (LogUtils.java:warn(121)) - c825922c-8499-4d06-bbc0-08abc9a8124c: APPEND_ENTRIES onError, lastRequest: null: org.apache.ratis.thirdparty.io.grpc.StatusRuntimeException: CANCELLED: client cancelled
2025-04-17 16:40:35,930 [grpc-default-executor-1] WARN  server.GrpcServerProtocolService (LogUtils.java:warn(121)) - c825922c-8499-4d06-bbc0-08abc9a8124c: APPEND_ENTRIES onError, lastRequest: null: org.apache.ratis.thirdparty.io.grpc.StatusRuntimeException: CANCELLED: client cancelled
2025-04-17 16:40:35,930 [grpc-default-executor-4] WARN  server.GrpcServerProtocolService (LogUtils.java:warn(121)) - c825922c-8499-4d06-bbc0-08abc9a8124c: APPEND_ENTRIES onError, lastRequest: null: org.apache.ratis.thirdparty.io.grpc.StatusRuntimeException: CANCELLED: client cancelled
2025-04-17 16:40:35,931 [grpc-default-executor-4] WARN  server.GrpcLogAppender (LogUtils.java:warn(121)) - 93cc9901-be1a-45f5-9681-0d93e627c426@group-47CB1C91F82B->c825922c-8499-4d06-bbc0-08abc9a8124c-AppendLogResponseHandler: Failed appendEntries: org.apache.ratis.thirdparty.io.grpc.StatusRuntimeException: CANCELLED: RST_STREAM closed stream. HTTP/2 error code: CANCEL
2025-04-17 16:40:35,932 [grpc-default-executor-0] WARN  server.GrpcLogAppender (LogUtils.java:warn(121)) - a6bf55e3-38e4-411e-ac0b-5acdb6a35656@group-47C15F12B665->c825922c-8499-4d06-bbc0-08abc9a8124c-AppendLogResponseHandler: Failed appendEntries: org.apache.ratis.thirdparty.io.grpc.StatusRuntimeException: CANCELLED: RST_STREAM closed stream. HTTP/2 error code: CANCEL
2025-04-17 16:40:35,932 [pool-237-thread-1] INFO  server.GrpcService (GrpcService.java:closeImpl(352)) - c825922c-8499-4d06-bbc0-08abc9a8124c: shutdown server GrpcServerProtocolService successfully
2025-04-17 16:40:35,933 [pool-237-thread-1] INFO  server.GrpcService (GrpcService.java:closeImpl(343)) - c825922c-8499-4d06-bbc0-08abc9a8124c: shutdown server org.apache.ratis.grpc.server.GrpcAdminProtocolService now
2025-04-17 16:40:35,933 [pool-237-thread-1] INFO  server.GrpcService (GrpcService.java:closeImpl(352)) - c825922c-8499-4d06-bbc0-08abc9a8124c: shutdown server org.apache.ratis.grpc.server.GrpcAdminProtocolService successfully
2025-04-17 16:40:35,933 [grpc-default-executor-2] WARN  server.GrpcLogAppender (GrpcLogAppender.java:lambda$resetClient$1(221)) - a6bf55e3-38e4-411e-ac0b-5acdb6a35656@group-47C15F12B665->c825922c-8499-4d06-bbc0-08abc9a8124c-GrpcLogAppender: Follower failed (request=null, errorCount=7); keep nextIndex (0) unchanged and retry.
2025-04-17 16:40:35,934 [grpc-default-executor-4] WARN  server.GrpcLogAppender (GrpcLogAppender.java:lambda$resetClient$1(221)) - 93cc9901-be1a-45f5-9681-0d93e627c426@group-47CB1C91F82B->c825922c-8499-4d06-bbc0-08abc9a8124c-GrpcLogAppender: Follower failed (request=null, errorCount=1); keep nextIndex (1) unchanged and retry.
2025-04-17 16:40:35,938 [c825922c-8499-4d06-bbc0-08abc9a8124c-NettyServerStreamRpc-bossGroup--thread1] INFO  logging.LoggingHandler (AbstractInternalLogger.java:log(148)) - [id: 0x37add2da, L:/0.0.0.0:15016] CLOSE
2025-04-17 16:40:35,938 [c825922c-8499-4d06-bbc0-08abc9a8124c-NettyServerStreamRpc-bossGroup--thread1] INFO  logging.LoggingHandler (AbstractInternalLogger.java:log(148)) - [id: 0x37add2da, L:/0.0.0.0:15016] INACTIVE
2025-04-17 16:40:35,938 [c825922c-8499-4d06-bbc0-08abc9a8124c-NettyServerStreamRpc-bossGroup--thread1] INFO  logging.LoggingHandler (AbstractInternalLogger.java:log(148)) - [id: 0x37add2da, L:/0.0.0.0:15016] UNREGISTERED
2025-04-17 16:40:35,944 [JvmPauseMonitor3] INFO  util.JvmPauseMonitor (JvmPauseMonitor.java:run(152)) - JvmPauseMonitor-c825922c-8499-4d06-bbc0-08abc9a8124c: Stopped
2025-04-17 16:40:36,039 [EventQueue-PipelineReportForPipelineReportHandler] INFO  pipeline.PipelineReportHandler (PipelineReportHandler.java:handlePipelineNotFoundException(98)) - Pipeline PipelineID=e78d0e28-68e8-4b64-8716-3a10b81f0950, reported by datanode a6bf55e3-38e4-411e-ac0b-5acdb6a35656(localhost/127.0.0.1) is not found.
2025-04-17 16:40:36,039 [EventQueue-PipelineReportForPipelineReportHandler] INFO  pipeline.PipelineReportHandler (PipelineReportHandler.java:handlePipelineNotFoundException(98)) - Pipeline PipelineID=5bdf7528-583f-4406-99f6-47cb1c91f82b, reported by datanode a6bf55e3-38e4-411e-ac0b-5acdb6a35656(localhost/127.0.0.1) is not found.
2025-04-17 16:40:36,040 [EventQueue-PipelineReportForPipelineReportHandler] INFO  pipeline.PipelineReportHandler (PipelineReportHandler.java:handlePipelineNotFoundException(98)) - Pipeline PipelineID=690337f3-2d94-4a7e-a7b3-47c15f12b665, reported by datanode a6bf55e3-38e4-411e-ac0b-5acdb6a35656(localhost/127.0.0.1) is not found.
2025-04-17 16:40:36,716 [EventQueue-PipelineReportForPipelineReportHandler] INFO  pipeline.PipelineReportHandler (PipelineReportHandler.java:handlePipelineNotFoundException(98)) - Pipeline PipelineID=e78d0e28-68e8-4b64-8716-3a10b81f0950, reported by datanode 93cc9901-be1a-45f5-9681-0d93e627c426(localhost/127.0.0.1) is not found.
2025-04-17 16:40:36,717 [EventQueue-PipelineReportForPipelineReportHandler] INFO  pipeline.PipelineReportHandler (PipelineReportHandler.java:handlePipelineNotFoundException(98)) - Pipeline PipelineID=5bdf7528-583f-4406-99f6-47cb1c91f82b, reported by datanode 93cc9901-be1a-45f5-9681-0d93e627c426(localhost/127.0.0.1) is not found.
2025-04-17 16:40:36,717 [EventQueue-PipelineReportForPipelineReportHandler] INFO  pipeline.PipelineReportHandler (PipelineReportHandler.java:handlePipelineNotFoundException(98)) - Pipeline PipelineID=690337f3-2d94-4a7e-a7b3-47c15f12b665, reported by datanode 93cc9901-be1a-45f5-9681-0d93e627c426(localhost/127.0.0.1) is not found.
2025-04-17 16:40:37,716 [EventQueue-PipelineReportForPipelineReportHandler] INFO  pipeline.PipelineReportHandler (PipelineReportHandler.java:handlePipelineNotFoundException(98)) - Pipeline PipelineID=e78d0e28-68e8-4b64-8716-3a10b81f0950, reported by datanode 93cc9901-be1a-45f5-9681-0d93e627c426(localhost/127.0.0.1) is not found.
2025-04-17 16:40:37,716 [EventQueue-PipelineReportForPipelineReportHandler] INFO  pipeline.PipelineReportHandler (PipelineReportHandler.java:handlePipelineNotFoundException(98)) - Pipeline PipelineID=5bdf7528-583f-4406-99f6-47cb1c91f82b, reported by datanode 93cc9901-be1a-45f5-9681-0d93e627c426(localhost/127.0.0.1) is not found.
2025-04-17 16:40:37,717 [EventQueue-PipelineReportForPipelineReportHandler] INFO  pipeline.PipelineReportHandler (PipelineReportHandler.java:handlePipelineNotFoundException(98)) - Pipeline PipelineID=690337f3-2d94-4a7e-a7b3-47c15f12b665, reported by datanode 93cc9901-be1a-45f5-9681-0d93e627c426(localhost/127.0.0.1) is not found.
2025-04-17 16:40:37,727 [93cc9901-be1a-45f5-9681-0d93e627c426-PipelineCommandHandlerThread-0] WARN  commandhandler.ClosePipelineCommandHandler (ClosePipelineCommandHandler.java:lambda$handle$1(134)) - Failed to remove group group-3A10B81F0950 of pipeline PipelineID=e78d0e28-68e8-4b64-8716-3a10b81f0950 on peer c825922c-8499-4d06-bbc0-08abc9a8124c
java.io.IOException: org.apache.ratis.thirdparty.io.grpc.StatusRuntimeException: UNAVAILABLE: io exception
	at org.apache.ratis.grpc.GrpcUtil.unwrapException(GrpcUtil.java:99)
	at org.apache.ratis.grpc.client.GrpcClientProtocolClient.blockingCall(GrpcClientProtocolClient.java:226)
	at org.apache.ratis.grpc.client.GrpcClientProtocolClient.groupAdd(GrpcClientProtocolClient.java:173)
	at org.apache.ratis.grpc.client.GrpcClientRpc.sendRequest(GrpcClientRpc.java:98)
	at org.apache.ratis.client.impl.BlockingImpl.sendRequest(BlockingImpl.java:147)
	at org.apache.ratis.client.impl.BlockingImpl.sendRequestWithRetry(BlockingImpl.java:109)
	at org.apache.ratis.client.impl.GroupManagementImpl.remove(GroupManagementImpl.java:61)
	at org.apache.hadoop.ozone.container.common.statemachine.commandhandler.ClosePipelineCommandHandler.lambda$handle$1(ClosePipelineCommandHandler.java:126)
	at java.base/java.util.stream.ForEachOps$ForEachOp$OfRef.accept(ForEachOps.java:184)
	at java.base/java.util.stream.ReferencePipeline$2$1.accept(ReferencePipeline.java:179)
	at java.base/java.util.HashMap$ValueSpliterator.forEachRemaining(HashMap.java:1787)
	at java.base/java.util.stream.AbstractPipeline.copyInto(AbstractPipeline.java:509)
	at java.base/java.util.stream.AbstractPipeline.wrapAndCopyInto(AbstractPipeline.java:499)
	at java.base/java.util.stream.ForEachOps$ForEachOp.evaluateSequential(ForEachOps.java:151)
	at java.base/java.util.stream.ForEachOps$ForEachOp$OfRef.evaluateSequential(ForEachOps.java:174)
	at java.base/java.util.stream.AbstractPipeline.evaluate(AbstractPipeline.java:234)
	at java.base/java.util.stream.ReferencePipeline.forEach(ReferencePipeline.java:596)
	at org.apache.hadoop.ozone.container.common.statemachine.commandhandler.ClosePipelineCommandHandler.lambda$handle$2(ClosePipelineCommandHandler.java:123)
	at java.base/java.util.concurrent.CompletableFuture$AsyncRun.run(CompletableFuture.java:1804)
	at java.base/java.util.concurrent.ThreadPoolExecutor.runWorker(ThreadPoolExecutor.java:1144)
	at java.base/java.util.concurrent.ThreadPoolExecutor$Worker.run(ThreadPoolExecutor.java:642)
	at java.base/java.lang.Thread.run(Thread.java:1583)
Caused by: org.apache.ratis.thirdparty.io.grpc.StatusRuntimeException: UNAVAILABLE: io exception
	at org.apache.ratis.thirdparty.io.grpc.stub.ClientCalls.toStatusRuntimeException(ClientCalls.java:268)
	at org.apache.ratis.thirdparty.io.grpc.stub.ClientCalls.getUnchecked(ClientCalls.java:249)
	at org.apache.ratis.thirdparty.io.grpc.stub.ClientCalls.blockingUnaryCall(ClientCalls.java:167)
	at org.apache.ratis.proto.grpc.AdminProtocolServiceGrpc$AdminProtocolServiceBlockingStub.groupManagement(AdminProtocolServiceGrpc.java:468)
	at org.apache.ratis.grpc.client.GrpcClientProtocolClient.lambda$groupAdd$6(GrpcClientProtocolClient.java:175)
	at org.apache.ratis.grpc.client.GrpcClientProtocolClient.blockingCall(GrpcClientProtocolClient.java:224)
	... 20 more
Caused by: org.apache.ratis.thirdparty.io.netty.channel.AbstractChannel$AnnotatedConnectException: finishConnect(..) failed: Connection refused: /127.0.0.1:15014
Caused by: java.net.ConnectException: finishConnect(..) failed: Connection refused
	at org.apache.ratis.thirdparty.io.netty.channel.unix.Errors.newConnectException0(Errors.java:166)
	at org.apache.ratis.thirdparty.io.netty.channel.unix.Errors.handleConnectErrno(Errors.java:131)
	at org.apache.ratis.thirdparty.io.netty.channel.unix.Socket.finishConnect(Socket.java:359)
	at org.apache.ratis.thirdparty.io.netty.channel.epoll.AbstractEpollChannel$AbstractEpollUnsafe.doFinishConnect(AbstractEpollChannel.java:715)
	at org.apache.ratis.thirdparty.io.netty.channel.epoll.AbstractEpollChannel$AbstractEpollUnsafe.finishConnect(AbstractEpollChannel.java:692)
	at org.apache.ratis.thirdparty.io.netty.channel.epoll.AbstractEpollChannel$AbstractEpollUnsafe.epollOutReady(AbstractEpollChannel.java:567)
	at org.apache.ratis.thirdparty.io.netty.channel.epoll.EpollEventLoop.processReady(EpollEventLoop.java:491)
	at org.apache.ratis.thirdparty.io.netty.channel.epoll.EpollEventLoop.run(EpollEventLoop.java:399)
	at org.apache.ratis.thirdparty.io.netty.util.concurrent.SingleThreadEventExecutor$4.run(SingleThreadEventExecutor.java:997)
	at org.apache.ratis.thirdparty.io.netty.util.internal.ThreadExecutorMap$2.run(ThreadExecutorMap.java:74)
	at org.apache.ratis.thirdparty.io.netty.util.concurrent.FastThreadLocalRunnable.run(FastThreadLocalRunnable.java:30)
	at java.base/java.lang.Thread.run(Thread.java:1583)
2025-04-17 16:40:37,733 [grpc-default-executor-7] INFO  server.RaftServer (RaftServerProxy.java:remove(111)) - a6bf55e3-38e4-411e-ac0b-5acdb6a35656: remove  FOLLOWER a6bf55e3-38e4-411e-ac0b-5acdb6a35656@group-3A10B81F0950:t1, leader=null, voted=c825922c-8499-4d06-bbc0-08abc9a8124c, raftlog=Memoized:a6bf55e3-38e4-411e-ac0b-5acdb6a35656@group-3A10B81F0950-SegmentedRaftLog:OPENED:c-1:lastnull, conf=conf: {index: -1, cur=peers:[c825922c-8499-4d06-bbc0-08abc9a8124c|127.0.0.1:15015, a6bf55e3-38e4-411e-ac0b-5acdb6a35656|127.0.0.1:15031, 93cc9901-be1a-45f5-9681-0d93e627c426|127.0.0.1:15023]|listeners:[], old=null} RUNNING
2025-04-17 16:40:37,735 [grpc-default-executor-7] INFO  server.RaftServer$Division (RaftServerImpl.java:lambda$close$1(513)) - a6bf55e3-38e4-411e-ac0b-5acdb6a35656@group-3A10B81F0950: shutdown
2025-04-17 16:40:37,735 [grpc-default-executor-7] INFO  util.JmxRegister (JmxRegister.java:unregister(74)) - Successfully un-registered JMX Bean with object name Ratis:service=RaftServer,group=group-3A10B81F0950,id=a6bf55e3-38e4-411e-ac0b-5acdb6a35656
2025-04-17 16:40:37,735 [grpc-default-executor-7] INFO  impl.RoleInfo (RoleInfo.java:shutdownFollowerState(121)) - a6bf55e3-38e4-411e-ac0b-5acdb6a35656: shutdown a6bf55e3-38e4-411e-ac0b-5acdb6a35656@group-3A10B81F0950-FollowerState
2025-04-17 16:40:37,735 [grpc-default-executor-7] INFO  impl.StateMachineUpdater (StateMachineUpdater.java:stopAndJoin(164)) - a6bf55e3-38e4-411e-ac0b-5acdb6a35656@group-3A10B81F0950-StateMachineUpdater: set stopIndex = -1
2025-04-17 16:40:37,735 [a6bf55e3-38e4-411e-ac0b-5acdb6a35656@group-3A10B81F0950-StateMachineUpdater] INFO  impl.StateMachineUpdater (StateMachineUpdater.java:stop(141)) - a6bf55e3-38e4-411e-ac0b-5acdb6a35656@group-3A10B81F0950-StateMachineUpdater: closing ContainerStateMachine, lastApplied=(t:0, i:~)
2025-04-17 16:40:37,736 [a6bf55e3-38e4-411e-ac0b-5acdb6a35656@group-3A10B81F0950-FollowerState] INFO  impl.FollowerState (FollowerState.java:runImpl(170)) - a6bf55e3-38e4-411e-ac0b-5acdb6a35656@group-3A10B81F0950-FollowerState was interrupted
2025-04-17 16:40:37,736 [a6bf55e3-38e4-411e-ac0b-5acdb6a35656@group-3A10B81F0950-cacheEviction-AwaitToRun] INFO  util.AwaitToRun (AwaitToRun.java:run(49)) - a6bf55e3-38e4-411e-ac0b-5acdb6a35656@group-3A10B81F0950-cacheEviction-AwaitToRun-AwaitForSignal is interrupted
2025-04-17 16:40:37,846 [grpc-default-executor-7] INFO  segmented.SegmentedRaftLogWorker (SegmentedRaftLogWorker.java:close(252)) - a6bf55e3-38e4-411e-ac0b-5acdb6a35656@group-3A10B81F0950-SegmentedRaftLogWorker close()
2025-04-17 16:40:37,848 [grpc-default-executor-7] INFO  server.RaftServer$Division (RaftServerImpl.java:groupRemove(483)) - a6bf55e3-38e4-411e-ac0b-5acdb6a35656@group-3A10B81F0950: Succeed to remove RaftStorageDirectory Storage Directory /home/runner/work/ozone/ozone/hadoop-ozone/integration-test/target/test-dir/MiniOzoneClusterImpl-26e726f8-5cec-4c14-bf14-45d4895febc0/ozone-meta/datanode-3/ratis/e78d0e28-68e8-4b64-8716-3a10b81f0950
2025-04-17 16:40:37,850 [93cc9901-be1a-45f5-9681-0d93e627c426-PipelineCommandHandlerThread-0] INFO  server.RaftServer (RaftServerProxy.java:remove(111)) - 93cc9901-be1a-45f5-9681-0d93e627c426: remove  FOLLOWER 93cc9901-be1a-45f5-9681-0d93e627c426@group-3A10B81F0950:t1, leader=null, voted=c825922c-8499-4d06-bbc0-08abc9a8124c, raftlog=Memoized:93cc9901-be1a-45f5-9681-0d93e627c426@group-3A10B81F0950-SegmentedRaftLog:OPENED:c-1:lastnull, conf=conf: {index: -1, cur=peers:[c825922c-8499-4d06-bbc0-08abc9a8124c|127.0.0.1:15015, a6bf55e3-38e4-411e-ac0b-5acdb6a35656|127.0.0.1:15031, 93cc9901-be1a-45f5-9681-0d93e627c426|127.0.0.1:15023]|listeners:[], old=null} RUNNING
2025-04-17 16:40:37,850 [93cc9901-be1a-45f5-9681-0d93e627c426-PipelineCommandHandlerThread-0] INFO  server.RaftServer$Division (RaftServerImpl.java:lambda$close$1(513)) - 93cc9901-be1a-45f5-9681-0d93e627c426@group-3A10B81F0950: shutdown
2025-04-17 16:40:37,850 [93cc9901-be1a-45f5-9681-0d93e627c426-PipelineCommandHandlerThread-0] INFO  util.JmxRegister (JmxRegister.java:unregister(74)) - Successfully un-registered JMX Bean with object name Ratis:service=RaftServer,group=group-3A10B81F0950,id=93cc9901-be1a-45f5-9681-0d93e627c426
2025-04-17 16:40:37,851 [93cc9901-be1a-45f5-9681-0d93e627c426-PipelineCommandHandlerThread-0] INFO  impl.RoleInfo (RoleInfo.java:shutdownFollowerState(121)) - 93cc9901-be1a-45f5-9681-0d93e627c426: shutdown 93cc9901-be1a-45f5-9681-0d93e627c426@group-3A10B81F0950-FollowerState
2025-04-17 16:40:37,851 [93cc9901-be1a-45f5-9681-0d93e627c426-PipelineCommandHandlerThread-0] INFO  impl.StateMachineUpdater (StateMachineUpdater.java:stopAndJoin(164)) - 93cc9901-be1a-45f5-9681-0d93e627c426@group-3A10B81F0950-StateMachineUpdater: set stopIndex = -1
2025-04-17 16:40:37,851 [93cc9901-be1a-45f5-9681-0d93e627c426@group-3A10B81F0950-FollowerState] INFO  impl.FollowerState (FollowerState.java:runImpl(170)) - 93cc9901-be1a-45f5-9681-0d93e627c426@group-3A10B81F0950-FollowerState was interrupted
2025-04-17 16:40:37,851 [93cc9901-be1a-45f5-9681-0d93e627c426@group-3A10B81F0950-StateMachineUpdater] INFO  impl.StateMachineUpdater (StateMachineUpdater.java:stop(141)) - 93cc9901-be1a-45f5-9681-0d93e627c426@group-3A10B81F0950-StateMachineUpdater: closing ContainerStateMachine, lastApplied=(t:0, i:~)
2025-04-17 16:40:37,851 [93cc9901-be1a-45f5-9681-0d93e627c426@group-3A10B81F0950-cacheEviction-AwaitToRun] INFO  util.AwaitToRun (AwaitToRun.java:run(49)) - 93cc9901-be1a-45f5-9681-0d93e627c426@group-3A10B81F0950-cacheEviction-AwaitToRun-AwaitForSignal is interrupted
2025-04-17 16:40:37,955 [pool-237-thread-1] INFO  utils.DatanodeStoreCache (DatanodeStoreCache.java:shutdownCache(115)) - Skip clearing cache in mini cluster mode. Entries left: [/home/runner/work/ozone/ozone/hadoop-ozone/integration-test/target/test-dir/MiniOzoneClusterImpl-26e726f8-5cec-4c14-bf14-45d4895febc0/ozone-meta/datanode-1/data-0/hdds/26e726f8-5cec-4c14-bf14-45d4895febc0/DS-70ae1f27-3f22-4008-8a1c-26275b96b5fe/container.db, /home/runner/work/ozone/ozone/hadoop-ozone/integration-test/target/test-dir/MiniOzoneClusterImpl-26e726f8-5cec-4c14-bf14-45d4895febc0/ozone-meta/datanode-2/data-0/hdds/26e726f8-5cec-4c14-bf14-45d4895febc0/DS-b6a5c964-fc84-4adf-8175-52cc11ff33ea/container.db, /home/runner/work/ozone/ozone/hadoop-ozone/integration-test/target/test-dir/MiniOzoneClusterImpl-26e726f8-5cec-4c14-bf14-45d4895febc0/ozone-meta/datanode-3/data-0/hdds/26e726f8-5cec-4c14-bf14-45d4895febc0/DS-c2ed9a67-6500-4afd-8cdd-e4ab20ff1369/container.db, /home/runner/work/ozone/ozone/hadoop-ozone/integration-test/target/test-dir/MiniOzoneClusterImpl-26e726f8-5cec-4c14-bf14-45d4895febc0/ozone-meta/datanode-4/data-0/hdds/26e726f8-5cec-4c14-bf14-45d4895febc0/DS-cdd32eac-becf-4f13-a705-705c79b51355/container.db, /home/runner/work/ozone/ozone/hadoop-ozone/integration-test/target/test-dir/MiniOzoneClusterImpl-26e726f8-5cec-4c14-bf14-45d4895febc0/ozone-meta/datanode-5/data-0/hdds/26e726f8-5cec-4c14-bf14-45d4895febc0/DS-13081b71-3b71-4b05-93b3-6cd3d1c073e8/container.db]
2025-04-17 16:40:37,957 [pool-237-thread-1] INFO  utils.DatanodeStoreCache (DatanodeStoreCache.java:removeDB(109)) - Removed db /home/runner/work/ozone/ozone/hadoop-ozone/integration-test/target/test-dir/MiniOzoneClusterImpl-26e726f8-5cec-4c14-bf14-45d4895febc0/ozone-meta/datanode-1/data-0/hdds/26e726f8-5cec-4c14-bf14-45d4895febc0/DS-70ae1f27-3f22-4008-8a1c-26275b96b5fe/container.db from cache
2025-04-17 16:40:37,957 [pool-237-thread-1] INFO  volume.HddsVolume (HddsVolume.java:closeDbStore(488)) - SchemaV3 db is stopped at /home/runner/work/ozone/ozone/hadoop-ozone/integration-test/target/test-dir/MiniOzoneClusterImpl-26e726f8-5cec-4c14-bf14-45d4895febc0/ozone-meta/datanode-1/data-0/hdds/26e726f8-5cec-4c14-bf14-45d4895febc0/DS-70ae1f27-3f22-4008-8a1c-26275b96b5fe/container.db for volume DS-70ae1f27-3f22-4008-8a1c-26275b96b5fe
2025-04-17 16:40:37,958 [pool-237-thread-1] INFO  utils.BackgroundService (BackgroundService.java:shutdown(161)) - Shutting down service BlockDeletingService
2025-04-17 16:40:37,958 [pool-237-thread-1] INFO  utils.BackgroundService (BackgroundService.java:shutdown(161)) - Shutting down service StaleRecoveringContainerScrubbingService
2025-04-17 16:40:37,960 [pool-237-thread-1] INFO  statemachine.DatanodeStateMachine (DatanodeStateMachine.java:stopDaemon(629)) - Ozone container server stopped.
2025-04-17 16:40:37,973 [pool-237-thread-1] INFO  handler.ContextHandler (ContextHandler.java:doStop(1159)) - Stopped o.e.j.w.WebAppContext@46b6e644{hddsDatanode,/,null,STOPPED}{jar:file:/home/runner/work/ozone/ozone/hadoop-hdds/container-service/target/hdds-container-service-2.1.0-SNAPSHOT.jar!/webapps/hddsDatanode}
2025-04-17 16:40:37,975 [pool-237-thread-1] INFO  server.AbstractConnector (AbstractConnector.java:doStop(383)) - Stopped ServerConnector@6643c174{HTTP/1.1, (http/1.1)}{0.0.0.0:15010}
2025-04-17 16:40:37,975 [pool-237-thread-1] INFO  server.session (HouseKeeper.java:stopScavenging(149)) - node0 Stopped scavenging
2025-04-17 16:40:37,976 [pool-237-thread-1] INFO  handler.ContextHandler (ContextHandler.java:doStop(1159)) - Stopped o.e.j.s.ServletContextHandler@f7269a2{static,/static,jar:file:/home/runner/work/ozone/ozone/hadoop-hdds/container-service/target/hdds-container-service-2.1.0-SNAPSHOT.jar!/webapps/static,STOPPED}
2025-04-17 16:40:37,976 [pool-237-thread-1] INFO  handler.ContextHandler (ContextHandler.java:doStop(1159)) - Stopped o.e.j.s.ServletContextHandler@2dd1de65{logs,/logs,file:///home/runner/work/ozone/ozone/hadoop-ozone/integration-test/target/log,STOPPED}
2025-04-17 16:40:37,977 [pool-237-thread-1] INFO  ozone.HddsDatanodeClientProtocolServer (HddsDatanodeClientProtocolServer.java:stop(82)) - Stopping the RPC server for Client Protocol
2025-04-17 16:40:37,977 [pool-237-thread-1] INFO  ipc.Server (Server.java:stop(3697)) - Stopping server on 15011
2025-04-17 16:40:37,979 [IPC Server listener on 15011] INFO  ipc.Server (Server.java:run(1585)) - Stopping IPC Server listener on 15011
2025-04-17 16:40:37,979 [IPC Server Responder] INFO  ipc.Server (Server.java:run(1718)) - Stopping IPC Server Responder
2025-04-17 16:40:38,039 [EventQueue-PipelineReportForPipelineReportHandler] INFO  pipeline.PipelineReportHandler (PipelineReportHandler.java:handlePipelineNotFoundException(98)) - Pipeline PipelineID=e78d0e28-68e8-4b64-8716-3a10b81f0950, reported by datanode a6bf55e3-38e4-411e-ac0b-5acdb6a35656(localhost/127.0.0.1) is not found.
2025-04-17 16:40:38,039 [EventQueue-PipelineReportForPipelineReportHandler] INFO  pipeline.PipelineReportHandler (PipelineReportHandler.java:handlePipelineNotFoundException(98)) - Pipeline PipelineID=5bdf7528-583f-4406-99f6-47cb1c91f82b, reported by datanode a6bf55e3-38e4-411e-ac0b-5acdb6a35656(localhost/127.0.0.1) is not found.
2025-04-17 16:40:38,039 [EventQueue-PipelineReportForPipelineReportHandler] INFO  pipeline.PipelineReportHandler (PipelineReportHandler.java:handlePipelineNotFoundException(98)) - Pipeline PipelineID=690337f3-2d94-4a7e-a7b3-47c15f12b665, reported by datanode a6bf55e3-38e4-411e-ac0b-5acdb6a35656(localhost/127.0.0.1) is not found.
2025-04-17 16:40:38,042 [a6bf55e3-38e4-411e-ac0b-5acdb6a35656-PipelineCommandHandlerThread-0] WARN  commandhandler.ClosePipelineCommandHandler (ClosePipelineCommandHandler.java:lambda$handle$1(134)) - Failed to remove group group-47CB1C91F82B of pipeline PipelineID=5bdf7528-583f-4406-99f6-47cb1c91f82b on peer c825922c-8499-4d06-bbc0-08abc9a8124c
java.io.IOException: org.apache.ratis.thirdparty.io.grpc.StatusRuntimeException: UNAVAILABLE: io exception
	at org.apache.ratis.grpc.GrpcUtil.unwrapException(GrpcUtil.java:99)
	at org.apache.ratis.grpc.client.GrpcClientProtocolClient.blockingCall(GrpcClientProtocolClient.java:226)
	at org.apache.ratis.grpc.client.GrpcClientProtocolClient.groupAdd(GrpcClientProtocolClient.java:173)
	at org.apache.ratis.grpc.client.GrpcClientRpc.sendRequest(GrpcClientRpc.java:98)
	at org.apache.ratis.client.impl.BlockingImpl.sendRequest(BlockingImpl.java:147)
	at org.apache.ratis.client.impl.BlockingImpl.sendRequestWithRetry(BlockingImpl.java:109)
	at org.apache.ratis.client.impl.GroupManagementImpl.remove(GroupManagementImpl.java:61)
	at org.apache.hadoop.ozone.container.common.statemachine.commandhandler.ClosePipelineCommandHandler.lambda$handle$1(ClosePipelineCommandHandler.java:126)
	at java.base/java.util.stream.ForEachOps$ForEachOp$OfRef.accept(ForEachOps.java:184)
	at java.base/java.util.stream.ReferencePipeline$2$1.accept(ReferencePipeline.java:179)
	at java.base/java.util.HashMap$ValueSpliterator.forEachRemaining(HashMap.java:1787)
	at java.base/java.util.stream.AbstractPipeline.copyInto(AbstractPipeline.java:509)
	at java.base/java.util.stream.AbstractPipeline.wrapAndCopyInto(AbstractPipeline.java:499)
	at java.base/java.util.stream.ForEachOps$ForEachOp.evaluateSequential(ForEachOps.java:151)
	at java.base/java.util.stream.ForEachOps$ForEachOp$OfRef.evaluateSequential(ForEachOps.java:174)
	at java.base/java.util.stream.AbstractPipeline.evaluate(AbstractPipeline.java:234)
	at java.base/java.util.stream.ReferencePipeline.forEach(ReferencePipeline.java:596)
	at org.apache.hadoop.ozone.container.common.statemachine.commandhandler.ClosePipelineCommandHandler.lambda$handle$2(ClosePipelineCommandHandler.java:123)
	at java.base/java.util.concurrent.CompletableFuture$AsyncRun.run(CompletableFuture.java:1804)
	at java.base/java.util.concurrent.ThreadPoolExecutor.runWorker(ThreadPoolExecutor.java:1144)
	at java.base/java.util.concurrent.ThreadPoolExecutor$Worker.run(ThreadPoolExecutor.java:642)
	at java.base/java.lang.Thread.run(Thread.java:1583)
Caused by: org.apache.ratis.thirdparty.io.grpc.StatusRuntimeException: UNAVAILABLE: io exception
	at org.apache.ratis.thirdparty.io.grpc.stub.ClientCalls.toStatusRuntimeException(ClientCalls.java:268)
	at org.apache.ratis.thirdparty.io.grpc.stub.ClientCalls.getUnchecked(ClientCalls.java:249)
	at org.apache.ratis.thirdparty.io.grpc.stub.ClientCalls.blockingUnaryCall(ClientCalls.java:167)
	at org.apache.ratis.proto.grpc.AdminProtocolServiceGrpc$AdminProtocolServiceBlockingStub.groupManagement(AdminProtocolServiceGrpc.java:468)
	at org.apache.ratis.grpc.client.GrpcClientProtocolClient.lambda$groupAdd$6(GrpcClientProtocolClient.java:175)
	at org.apache.ratis.grpc.client.GrpcClientProtocolClient.blockingCall(GrpcClientProtocolClient.java:224)
	... 20 more
Caused by: org.apache.ratis.thirdparty.io.netty.channel.AbstractChannel$AnnotatedConnectException: finishConnect(..) failed: Connection refused: /127.0.0.1:15014
Caused by: java.net.ConnectException: finishConnect(..) failed: Connection refused
	at org.apache.ratis.thirdparty.io.netty.channel.unix.Errors.newConnectException0(Errors.java:166)
	at org.apache.ratis.thirdparty.io.netty.channel.unix.Errors.handleConnectErrno(Errors.java:131)
	at org.apache.ratis.thirdparty.io.netty.channel.unix.Socket.finishConnect(Socket.java:359)
	at org.apache.ratis.thirdparty.io.netty.channel.epoll.AbstractEpollChannel$AbstractEpollUnsafe.doFinishConnect(AbstractEpollChannel.java:715)
	at org.apache.ratis.thirdparty.io.netty.channel.epoll.AbstractEpollChannel$AbstractEpollUnsafe.finishConnect(AbstractEpollChannel.java:692)
	at org.apache.ratis.thirdparty.io.netty.channel.epoll.AbstractEpollChannel$AbstractEpollUnsafe.epollOutReady(AbstractEpollChannel.java:567)
	at org.apache.ratis.thirdparty.io.netty.channel.epoll.EpollEventLoop.processReady(EpollEventLoop.java:491)
	at org.apache.ratis.thirdparty.io.netty.channel.epoll.EpollEventLoop.run(EpollEventLoop.java:399)
	at org.apache.ratis.thirdparty.io.netty.util.concurrent.SingleThreadEventExecutor$4.run(SingleThreadEventExecutor.java:997)
	at org.apache.ratis.thirdparty.io.netty.util.internal.ThreadExecutorMap$2.run(ThreadExecutorMap.java:74)
	at org.apache.ratis.thirdparty.io.netty.util.concurrent.FastThreadLocalRunnable.run(FastThreadLocalRunnable.java:30)
	at java.base/java.lang.Thread.run(Thread.java:1583)
2025-04-17 16:40:38,047 [grpc-default-executor-7] INFO  server.RaftServer (RaftServerProxy.java:remove(111)) - 93cc9901-be1a-45f5-9681-0d93e627c426: remove    LEADER 93cc9901-be1a-45f5-9681-0d93e627c426@group-47CB1C91F82B:t1, leader=93cc9901-be1a-45f5-9681-0d93e627c426, voted=93cc9901-be1a-45f5-9681-0d93e627c426, raftlog=Memoized:93cc9901-be1a-45f5-9681-0d93e627c426@group-47CB1C91F82B-SegmentedRaftLog:OPENED:c0:last(t:1, i:0), conf=conf: {index: 0, cur=peers:[c825922c-8499-4d06-bbc0-08abc9a8124c|127.0.0.1:15015, a6bf55e3-38e4-411e-ac0b-5acdb6a35656|127.0.0.1:15031, 93cc9901-be1a-45f5-9681-0d93e627c426|127.0.0.1:15023]|listeners:[], old=null} RUNNING
2025-04-17 16:40:38,047 [grpc-default-executor-7] INFO  server.RaftServer$Division (RaftServerImpl.java:lambda$close$1(513)) - 93cc9901-be1a-45f5-9681-0d93e627c426@group-47CB1C91F82B: shutdown
2025-04-17 16:40:38,048 [grpc-default-executor-7] INFO  util.JmxRegister (JmxRegister.java:unregister(74)) - Successfully un-registered JMX Bean with object name Ratis:service=RaftServer,group=group-47CB1C91F82B,id=93cc9901-be1a-45f5-9681-0d93e627c426
2025-04-17 16:40:38,048 [grpc-default-executor-7] INFO  impl.RoleInfo (RoleInfo.java:shutdownLeaderState(103)) - 93cc9901-be1a-45f5-9681-0d93e627c426: shutdown 93cc9901-be1a-45f5-9681-0d93e627c426@group-47CB1C91F82B-LeaderStateImpl
2025-04-17 16:40:38,048 [93cc9901-be1a-45f5-9681-0d93e627c426@group-47CB1C91F82B->a6bf55e3-38e4-411e-ac0b-5acdb6a35656-GrpcLogAppender-LogAppenderDaemon] WARN  server.GrpcLogAppender (GrpcLogAppender.java:mayWait(293)) - 93cc9901-be1a-45f5-9681-0d93e627c426@group-47CB1C91F82B->a6bf55e3-38e4-411e-ac0b-5acdb6a35656-GrpcLogAppender: Wait interrupted by java.lang.InterruptedException
2025-04-17 16:40:38,048 [93cc9901-be1a-45f5-9681-0d93e627c426@group-47CB1C91F82B->c825922c-8499-4d06-bbc0-08abc9a8124c-GrpcLogAppender-LogAppenderDaemon] WARN  server.GrpcLogAppender (GrpcLogAppender.java:mayWait(293)) - 93cc9901-be1a-45f5-9681-0d93e627c426@group-47CB1C91F82B->c825922c-8499-4d06-bbc0-08abc9a8124c-GrpcLogAppender: Wait interrupted by java.lang.InterruptedException
2025-04-17 16:40:38,048 [grpc-default-executor-7] INFO  impl.PendingRequests (PendingRequests.java:sendNotLeaderResponses(287)) - 93cc9901-be1a-45f5-9681-0d93e627c426@group-47CB1C91F82B-PendingRequests: sendNotLeaderResponses
2025-04-17 16:40:38,049 [grpc-default-executor-4] INFO  server.GrpcServerProtocolService (GrpcServerProtocolService.java:onCompleted(157)) - a6bf55e3-38e4-411e-ac0b-5acdb6a35656: Completed APPEND_ENTRIES, lastRequest: null
2025-04-17 16:40:38,049 [grpc-default-executor-7] INFO  impl.StateMachineUpdater (StateMachineUpdater.java:stopAndJoin(164)) - 93cc9901-be1a-45f5-9681-0d93e627c426@group-47CB1C91F82B-StateMachineUpdater: set stopIndex = 0
2025-04-17 16:40:38,050 [93cc9901-be1a-45f5-9681-0d93e627c426@group-47CB1C91F82B-StateMachineUpdater] INFO  ratis.ContainerStateMachine (ContainerStateMachine.java:takeSnapshot(427)) - group-47CB1C91F82B: Taking a snapshot at:(t:1, i:0) file /home/runner/work/ozone/ozone/hadoop-ozone/integration-test/target/test-dir/MiniOzoneClusterImpl-26e726f8-5cec-4c14-bf14-45d4895febc0/ozone-meta/datanode-2/ratis/5bdf7528-583f-4406-99f6-47cb1c91f82b/sm/snapshot.1_0
2025-04-17 16:40:38,050 [grpc-default-executor-6] INFO  server.GrpcServerProtocolService (GrpcServerProtocolService.java:onCompleted(157)) - a6bf55e3-38e4-411e-ac0b-5acdb6a35656: Completed APPEND_ENTRIES, lastRequest: 93cc9901-be1a-45f5-9681-0d93e627c426->a6bf55e3-38e4-411e-ac0b-5acdb6a35656#1-t1,previous=(t:0, i:0),leaderCommit=-1,initializing? false,entries: size=1, first=(t:1, i:0), CONFIGURATIONENTRY(current:id:"c825922c-8499-4d06-bbc0-08abc9a8124c"address:"127.0.0.1:15015"dataStreamAddress:"127.0.0.1:15016"clientAddress:"127.0.0.1:15013"adminAddress:"127.0.0.1:15014"startupRole:FOLLOWER, id:"a6bf55e3-38e4-411e-ac0b-5acdb6a35656"address:"127.0.0.1:15031"dataStreamAddress:"127.0.0.1:15032"clientAddress:"127.0.0.1:15029"adminAddress:"127.0.0.1:15030"startupRole:FOLLOWER, id:"93cc9901-be1a-45f5-9681-0d93e627c426"address:"127.0.0.1:15023"priority:1dataStreamAddress:"127.0.0.1:15024"clientAddress:"127.0.0.1:15021"adminAddress:"127.0.0.1:15022"startupRole:FOLLOWER, old:)
2025-04-17 16:40:38,051 [grpc-default-executor-6] INFO  server.GrpcServerProtocolService (GrpcServerProtocolService.java:lambda$onCompleted$5(159)) - a6bf55e3-38e4-411e-ac0b-5acdb6a35656: Completed APPEND_ENTRIES, lastReply: null
2025-04-17 16:40:38,051 [grpc-default-executor-6] INFO  server.GrpcLogAppender (GrpcLogAppender.java:onCompleted(550)) - 93cc9901-be1a-45f5-9681-0d93e627c426@group-47CB1C91F82B->a6bf55e3-38e4-411e-ac0b-5acdb6a35656-AppendLogResponseHandler: follower responses appendEntries COMPLETED
2025-04-17 16:40:38,052 [grpc-default-executor-4] INFO  server.GrpcServerProtocolService (GrpcServerProtocolService.java:lambda$onCompleted$5(159)) - a6bf55e3-38e4-411e-ac0b-5acdb6a35656: Completed APPEND_ENTRIES, lastReply: serverReply {
  requestorId: "93cc9901-be1a-45f5-9681-0d93e627c426"
  replyId: "a6bf55e3-38e4-411e-ac0b-5acdb6a35656"
  raftGroupId {
    id: "[\337u(X?D\006\231\366G\313\034\221\370+"
  }
  callId: 6
  success: true
}
term: 1
nextIndex: 1
matchIndex: 18446744073709551615
isHearbeat: true

2025-04-17 16:40:38,052 [93cc9901-be1a-45f5-9681-0d93e627c426@group-47CB1C91F82B-StateMachineUpdater] INFO  ratis.ContainerStateMachine (ContainerStateMachine.java:takeSnapshot(436)) - group-47CB1C91F82B: Finished taking a snapshot at:(t:1, i:0) file:/home/runner/work/ozone/ozone/hadoop-ozone/integration-test/target/test-dir/MiniOzoneClusterImpl-26e726f8-5cec-4c14-bf14-45d4895febc0/ozone-meta/datanode-2/ratis/5bdf7528-583f-4406-99f6-47cb1c91f82b/sm/snapshot.1_0 took: 2 ms
2025-04-17 16:40:38,052 [93cc9901-be1a-45f5-9681-0d93e627c426@group-47CB1C91F82B-StateMachineUpdater] INFO  impl.StateMachineUpdater (StateMachineUpdater.java:takeSnapshot(303)) - 93cc9901-be1a-45f5-9681-0d93e627c426@group-47CB1C91F82B-StateMachineUpdater: Took a snapshot at index 0
2025-04-17 16:40:38,052 [grpc-default-executor-4] INFO  server.GrpcLogAppender (GrpcLogAppender.java:onCompleted(550)) - 93cc9901-be1a-45f5-9681-0d93e627c426@group-47CB1C91F82B->a6bf55e3-38e4-411e-ac0b-5acdb6a35656-AppendLogResponseHandler: follower responses appendEntries COMPLETED
2025-04-17 16:40:38,052 [93cc9901-be1a-45f5-9681-0d93e627c426@group-47CB1C91F82B-StateMachineUpdater] INFO  impl.StateMachineUpdater (StateMachineUpdater.java:lambda$new$0(102)) - 93cc9901-be1a-45f5-9681-0d93e627c426@group-47CB1C91F82B-StateMachineUpdater: snapshotIndex: updateIncreasingly -1 -> 0
2025-04-17 16:40:38,053 [93cc9901-be1a-45f5-9681-0d93e627c426@group-47CB1C91F82B-StateMachineUpdater] INFO  impl.StateMachineUpdater (StateMachineUpdater.java:stop(141)) - 93cc9901-be1a-45f5-9681-0d93e627c426@group-47CB1C91F82B-StateMachineUpdater: closing ContainerStateMachine, lastApplied=(t:1, i:0)
2025-04-17 16:40:38,053 [93cc9901-be1a-45f5-9681-0d93e627c426@group-47CB1C91F82B-cacheEviction-AwaitToRun] INFO  util.AwaitToRun (AwaitToRun.java:run(49)) - 93cc9901-be1a-45f5-9681-0d93e627c426@group-47CB1C91F82B-cacheEviction-AwaitToRun-AwaitForSignal is interrupted
2025-04-17 16:40:38,743 [grpc-default-executor-7] INFO  segmented.SegmentedRaftLogWorker (SegmentedRaftLogWorker.java:close(252)) - 93cc9901-be1a-45f5-9681-0d93e627c426@group-47CB1C91F82B-SegmentedRaftLogWorker close()
2025-04-17 16:40:38,744 [grpc-default-executor-7] INFO  server.RaftServer$Division (RaftServerImpl.java:groupRemove(483)) - 93cc9901-be1a-45f5-9681-0d93e627c426@group-47CB1C91F82B: Succeed to remove RaftStorageDirectory Storage Directory /home/runner/work/ozone/ozone/hadoop-ozone/integration-test/target/test-dir/MiniOzoneClusterImpl-26e726f8-5cec-4c14-bf14-45d4895febc0/ozone-meta/datanode-2/ratis/5bdf7528-583f-4406-99f6-47cb1c91f82b
2025-04-17 16:40:38,747 [a6bf55e3-38e4-411e-ac0b-5acdb6a35656-PipelineCommandHandlerThread-0] INFO  server.RaftServer (RaftServerProxy.java:remove(111)) - a6bf55e3-38e4-411e-ac0b-5acdb6a35656: remove  FOLLOWER a6bf55e3-38e4-411e-ac0b-5acdb6a35656@group-47CB1C91F82B:t1, leader=93cc9901-be1a-45f5-9681-0d93e627c426, voted=93cc9901-be1a-45f5-9681-0d93e627c426, raftlog=Memoized:a6bf55e3-38e4-411e-ac0b-5acdb6a35656@group-47CB1C91F82B-SegmentedRaftLog:OPENED:c0:last(t:1, i:0), conf=conf: {index: 0, cur=peers:[c825922c-8499-4d06-bbc0-08abc9a8124c|127.0.0.1:15015, a6bf55e3-38e4-411e-ac0b-5acdb6a35656|127.0.0.1:15031, 93cc9901-be1a-45f5-9681-0d93e627c426|127.0.0.1:15023]|listeners:[], old=null} RUNNING
2025-04-17 16:40:38,747 [a6bf55e3-38e4-411e-ac0b-5acdb6a35656-PipelineCommandHandlerThread-0] INFO  server.RaftServer$Division (RaftServerImpl.java:lambda$close$1(513)) - a6bf55e3-38e4-411e-ac0b-5acdb6a35656@group-47CB1C91F82B: shutdown
2025-04-17 16:40:38,747 [a6bf55e3-38e4-411e-ac0b-5acdb6a35656-PipelineCommandHandlerThread-0] INFO  util.JmxRegister (JmxRegister.java:unregister(74)) - Successfully un-registered JMX Bean with object name Ratis:service=RaftServer,group=group-47CB1C91F82B,id=a6bf55e3-38e4-411e-ac0b-5acdb6a35656
2025-04-17 16:40:38,747 [a6bf55e3-38e4-411e-ac0b-5acdb6a35656-PipelineCommandHandlerThread-0] INFO  impl.RoleInfo (RoleInfo.java:shutdownFollowerState(121)) - a6bf55e3-38e4-411e-ac0b-5acdb6a35656: shutdown a6bf55e3-38e4-411e-ac0b-5acdb6a35656@group-47CB1C91F82B-FollowerState
2025-04-17 16:40:38,747 [a6bf55e3-38e4-411e-ac0b-5acdb6a35656-PipelineCommandHandlerThread-0] INFO  impl.StateMachineUpdater (StateMachineUpdater.java:stopAndJoin(164)) - a6bf55e3-38e4-411e-ac0b-5acdb6a35656@group-47CB1C91F82B-StateMachineUpdater: set stopIndex = 0
2025-04-17 16:40:38,747 [a6bf55e3-38e4-411e-ac0b-5acdb6a35656@group-47CB1C91F82B-StateMachineUpdater] INFO  ratis.ContainerStateMachine (ContainerStateMachine.java:takeSnapshot(427)) - group-47CB1C91F82B: Taking a snapshot at:(t:1, i:0) file /home/runner/work/ozone/ozone/hadoop-ozone/integration-test/target/test-dir/MiniOzoneClusterImpl-26e726f8-5cec-4c14-bf14-45d4895febc0/ozone-meta/datanode-3/ratis/5bdf7528-583f-4406-99f6-47cb1c91f82b/sm/snapshot.1_0
2025-04-17 16:40:38,748 [a6bf55e3-38e4-411e-ac0b-5acdb6a35656@group-47CB1C91F82B-FollowerState] INFO  impl.FollowerState (FollowerState.java:runImpl(170)) - a6bf55e3-38e4-411e-ac0b-5acdb6a35656@group-47CB1C91F82B-FollowerState was interrupted
2025-04-17 16:40:38,749 [a6bf55e3-38e4-411e-ac0b-5acdb6a35656@group-47CB1C91F82B-StateMachineUpdater] INFO  ratis.ContainerStateMachine (ContainerStateMachine.java:takeSnapshot(436)) - group-47CB1C91F82B: Finished taking a snapshot at:(t:1, i:0) file:/home/runner/work/ozone/ozone/hadoop-ozone/integration-test/target/test-dir/MiniOzoneClusterImpl-26e726f8-5cec-4c14-bf14-45d4895febc0/ozone-meta/datanode-3/ratis/5bdf7528-583f-4406-99f6-47cb1c91f82b/sm/snapshot.1_0 took: 1 ms
2025-04-17 16:40:38,749 [a6bf55e3-38e4-411e-ac0b-5acdb6a35656@group-47CB1C91F82B-StateMachineUpdater] INFO  impl.StateMachineUpdater (StateMachineUpdater.java:takeSnapshot(303)) - a6bf55e3-38e4-411e-ac0b-5acdb6a35656@group-47CB1C91F82B-StateMachineUpdater: Took a snapshot at index 0
2025-04-17 16:40:38,749 [a6bf55e3-38e4-411e-ac0b-5acdb6a35656@group-47CB1C91F82B-StateMachineUpdater] INFO  impl.StateMachineUpdater (StateMachineUpdater.java:lambda$new$0(102)) - a6bf55e3-38e4-411e-ac0b-5acdb6a35656@group-47CB1C91F82B-StateMachineUpdater: snapshotIndex: updateIncreasingly -1 -> 0
2025-04-17 16:40:38,749 [a6bf55e3-38e4-411e-ac0b-5acdb6a35656@group-47CB1C91F82B-StateMachineUpdater] INFO  impl.StateMachineUpdater (StateMachineUpdater.java:stop(141)) - a6bf55e3-38e4-411e-ac0b-5acdb6a35656@group-47CB1C91F82B-StateMachineUpdater: closing ContainerStateMachine, lastApplied=(t:1, i:0)
2025-04-17 16:40:38,749 [a6bf55e3-38e4-411e-ac0b-5acdb6a35656@group-47CB1C91F82B-cacheEviction-AwaitToRun] INFO  util.AwaitToRun (AwaitToRun.java:run(49)) - a6bf55e3-38e4-411e-ac0b-5acdb6a35656@group-47CB1C91F82B-cacheEviction-AwaitToRun-AwaitForSignal is interrupted
2025-04-17 16:40:38,766 [93cc9901-be1a-45f5-9681-0d93e627c426-PipelineCommandHandlerThread-0] INFO  segmented.SegmentedRaftLogWorker (SegmentedRaftLogWorker.java:close(252)) - 93cc9901-be1a-45f5-9681-0d93e627c426@group-3A10B81F0950-SegmentedRaftLogWorker close()
2025-04-17 16:40:38,767 [93cc9901-be1a-45f5-9681-0d93e627c426-PipelineCommandHandlerThread-0] INFO  server.RaftServer$Division (RaftServerImpl.java:groupRemove(483)) - 93cc9901-be1a-45f5-9681-0d93e627c426@group-3A10B81F0950: Succeed to remove RaftStorageDirectory Storage Directory /home/runner/work/ozone/ozone/hadoop-ozone/integration-test/target/test-dir/MiniOzoneClusterImpl-26e726f8-5cec-4c14-bf14-45d4895febc0/ozone-meta/datanode-2/ratis/e78d0e28-68e8-4b64-8716-3a10b81f0950
2025-04-17 16:40:38,767 [93cc9901-be1a-45f5-9681-0d93e627c426-PipelineCommandHandlerThread-0] INFO  commandhandler.ClosePipelineCommandHandler (ClosePipelineCommandHandler.java:lambda$handle$2(142)) - Close Pipeline PipelineID=e78d0e28-68e8-4b64-8716-3a10b81f0950 command on datanode 93cc9901-be1a-45f5-9681-0d93e627c426.
2025-04-17 16:40:38,771 [93cc9901-be1a-45f5-9681-0d93e627c426-PipelineCommandHandlerThread-0] WARN  commandhandler.ClosePipelineCommandHandler (ClosePipelineCommandHandler.java:lambda$handle$1(134)) - Failed to remove group group-47C15F12B665 of pipeline PipelineID=690337f3-2d94-4a7e-a7b3-47c15f12b665 on peer c825922c-8499-4d06-bbc0-08abc9a8124c
java.io.IOException: org.apache.ratis.thirdparty.io.grpc.StatusRuntimeException: UNAVAILABLE: io exception
	at org.apache.ratis.grpc.GrpcUtil.unwrapException(GrpcUtil.java:99)
	at org.apache.ratis.grpc.client.GrpcClientProtocolClient.blockingCall(GrpcClientProtocolClient.java:226)
	at org.apache.ratis.grpc.client.GrpcClientProtocolClient.groupAdd(GrpcClientProtocolClient.java:173)
	at org.apache.ratis.grpc.client.GrpcClientRpc.sendRequest(GrpcClientRpc.java:98)
	at org.apache.ratis.client.impl.BlockingImpl.sendRequest(BlockingImpl.java:147)
	at org.apache.ratis.client.impl.BlockingImpl.sendRequestWithRetry(BlockingImpl.java:109)
	at org.apache.ratis.client.impl.GroupManagementImpl.remove(GroupManagementImpl.java:61)
	at org.apache.hadoop.ozone.container.common.statemachine.commandhandler.ClosePipelineCommandHandler.lambda$handle$1(ClosePipelineCommandHandler.java:126)
	at java.base/java.util.stream.ForEachOps$ForEachOp$OfRef.accept(ForEachOps.java:184)
	at java.base/java.util.stream.ReferencePipeline$2$1.accept(ReferencePipeline.java:179)
	at java.base/java.util.HashMap$ValueSpliterator.forEachRemaining(HashMap.java:1787)
	at java.base/java.util.stream.AbstractPipeline.copyInto(AbstractPipeline.java:509)
	at java.base/java.util.stream.AbstractPipeline.wrapAndCopyInto(AbstractPipeline.java:499)
	at java.base/java.util.stream.ForEachOps$ForEachOp.evaluateSequential(ForEachOps.java:151)
	at java.base/java.util.stream.ForEachOps$ForEachOp$OfRef.evaluateSequential(ForEachOps.java:174)
	at java.base/java.util.stream.AbstractPipeline.evaluate(AbstractPipeline.java:234)
	at java.base/java.util.stream.ReferencePipeline.forEach(ReferencePipeline.java:596)
	at org.apache.hadoop.ozone.container.common.statemachine.commandhandler.ClosePipelineCommandHandler.lambda$handle$2(ClosePipelineCommandHandler.java:123)
	at java.base/java.util.concurrent.CompletableFuture$AsyncRun.run(CompletableFuture.java:1804)
	at java.base/java.util.concurrent.ThreadPoolExecutor.runWorker(ThreadPoolExecutor.java:1144)
	at java.base/java.util.concurrent.ThreadPoolExecutor$Worker.run(ThreadPoolExecutor.java:642)
	at java.base/java.lang.Thread.run(Thread.java:1583)
Caused by: org.apache.ratis.thirdparty.io.grpc.StatusRuntimeException: UNAVAILABLE: io exception
	at org.apache.ratis.thirdparty.io.grpc.stub.ClientCalls.toStatusRuntimeException(ClientCalls.java:268)
	at org.apache.ratis.thirdparty.io.grpc.stub.ClientCalls.getUnchecked(ClientCalls.java:249)
	at org.apache.ratis.thirdparty.io.grpc.stub.ClientCalls.blockingUnaryCall(ClientCalls.java:167)
	at org.apache.ratis.proto.grpc.AdminProtocolServiceGrpc$AdminProtocolServiceBlockingStub.groupManagement(AdminProtocolServiceGrpc.java:468)
	at org.apache.ratis.grpc.client.GrpcClientProtocolClient.lambda$groupAdd$6(GrpcClientProtocolClient.java:175)
	at org.apache.ratis.grpc.client.GrpcClientProtocolClient.blockingCall(GrpcClientProtocolClient.java:224)
	... 20 more
Caused by: org.apache.ratis.thirdparty.io.netty.channel.AbstractChannel$AnnotatedConnectException: finishConnect(..) failed: Connection refused: /127.0.0.1:15014
Caused by: java.net.ConnectException: finishConnect(..) failed: Connection refused
	at org.apache.ratis.thirdparty.io.netty.channel.unix.Errors.newConnectException0(Errors.java:166)
	at org.apache.ratis.thirdparty.io.netty.channel.unix.Errors.handleConnectErrno(Errors.java:131)
	at org.apache.ratis.thirdparty.io.netty.channel.unix.Socket.finishConnect(Socket.java:359)
	at org.apache.ratis.thirdparty.io.netty.channel.epoll.AbstractEpollChannel$AbstractEpollUnsafe.doFinishConnect(AbstractEpollChannel.java:715)
	at org.apache.ratis.thirdparty.io.netty.channel.epoll.AbstractEpollChannel$AbstractEpollUnsafe.finishConnect(AbstractEpollChannel.java:692)
	at org.apache.ratis.thirdparty.io.netty.channel.epoll.AbstractEpollChannel$AbstractEpollUnsafe.epollOutReady(AbstractEpollChannel.java:567)
	at org.apache.ratis.thirdparty.io.netty.channel.epoll.EpollEventLoop.processReady(EpollEventLoop.java:491)
	at org.apache.ratis.thirdparty.io.netty.channel.epoll.EpollEventLoop.run(EpollEventLoop.java:399)
	at org.apache.ratis.thirdparty.io.netty.util.concurrent.SingleThreadEventExecutor$4.run(SingleThreadEventExecutor.java:997)
	at org.apache.ratis.thirdparty.io.netty.util.internal.ThreadExecutorMap$2.run(ThreadExecutorMap.java:74)
	at org.apache.ratis.thirdparty.io.netty.util.concurrent.FastThreadLocalRunnable.run(FastThreadLocalRunnable.java:30)
	at java.base/java.lang.Thread.run(Thread.java:1583)
2025-04-17 16:40:38,775 [grpc-default-executor-7] INFO  server.RaftServer (RaftServerProxy.java:remove(111)) - a6bf55e3-38e4-411e-ac0b-5acdb6a35656: remove    LEADER a6bf55e3-38e4-411e-ac0b-5acdb6a35656@group-47C15F12B665:t1, leader=a6bf55e3-38e4-411e-ac0b-5acdb6a35656, voted=a6bf55e3-38e4-411e-ac0b-5acdb6a35656, raftlog=Memoized:a6bf55e3-38e4-411e-ac0b-5acdb6a35656@group-47C15F12B665-SegmentedRaftLog:OPENED:c0:last(t:1, i:0), conf=conf: {index: 0, cur=peers:[c825922c-8499-4d06-bbc0-08abc9a8124c|127.0.0.1:15015, a6bf55e3-38e4-411e-ac0b-5acdb6a35656|127.0.0.1:15031, 93cc9901-be1a-45f5-9681-0d93e627c426|127.0.0.1:15023]|listeners:[], old=null} RUNNING
2025-04-17 16:40:38,775 [grpc-default-executor-7] INFO  server.RaftServer$Division (RaftServerImpl.java:lambda$close$1(513)) - a6bf55e3-38e4-411e-ac0b-5acdb6a35656@group-47C15F12B665: shutdown
2025-04-17 16:40:38,775 [grpc-default-executor-7] INFO  util.JmxRegister (JmxRegister.java:unregister(74)) - Successfully un-registered JMX Bean with object name Ratis:service=RaftServer,group=group-47C15F12B665,id=a6bf55e3-38e4-411e-ac0b-5acdb6a35656
2025-04-17 16:40:38,775 [grpc-default-executor-7] INFO  impl.RoleInfo (RoleInfo.java:shutdownLeaderState(103)) - a6bf55e3-38e4-411e-ac0b-5acdb6a35656: shutdown a6bf55e3-38e4-411e-ac0b-5acdb6a35656@group-47C15F12B665-LeaderStateImpl
2025-04-17 16:40:38,775 [a6bf55e3-38e4-411e-ac0b-5acdb6a35656@group-47C15F12B665->c825922c-8499-4d06-bbc0-08abc9a8124c-GrpcLogAppender-LogAppenderDaemon] WARN  server.GrpcLogAppender (GrpcLogAppender.java:mayWait(293)) - a6bf55e3-38e4-411e-ac0b-5acdb6a35656@group-47C15F12B665->c825922c-8499-4d06-bbc0-08abc9a8124c-GrpcLogAppender: Wait interrupted by java.lang.InterruptedException
2025-04-17 16:40:38,775 [a6bf55e3-38e4-411e-ac0b-5acdb6a35656@group-47C15F12B665->93cc9901-be1a-45f5-9681-0d93e627c426-GrpcLogAppender-LogAppenderDaemon] WARN  server.GrpcLogAppender (GrpcLogAppender.java:mayWait(293)) - a6bf55e3-38e4-411e-ac0b-5acdb6a35656@group-47C15F12B665->93cc9901-be1a-45f5-9681-0d93e627c426-GrpcLogAppender: Wait interrupted by java.lang.InterruptedException
2025-04-17 16:40:38,775 [grpc-default-executor-7] INFO  impl.PendingRequests (PendingRequests.java:sendNotLeaderResponses(287)) - a6bf55e3-38e4-411e-ac0b-5acdb6a35656@group-47C15F12B665-PendingRequests: sendNotLeaderResponses
2025-04-17 16:40:38,776 [grpc-default-executor-4] INFO  server.GrpcServerProtocolService (GrpcServerProtocolService.java:onCompleted(157)) - 93cc9901-be1a-45f5-9681-0d93e627c426: Completed APPEND_ENTRIES, lastRequest: null
2025-04-17 16:40:38,777 [grpc-default-executor-4] INFO  server.GrpcServerProtocolService (GrpcServerProtocolService.java:lambda$onCompleted$5(159)) - 93cc9901-be1a-45f5-9681-0d93e627c426: Completed APPEND_ENTRIES, lastReply: serverReply {
  requestorId: "a6bf55e3-38e4-411e-ac0b-5acdb6a35656"
  replyId: "93cc9901-be1a-45f5-9681-0d93e627c426"
  raftGroupId {
    id: "i\0037\363-\224J~\247\263G\301_\022\266e"
  }
  callId: 5
  success: true
}
term: 1
nextIndex: 1
matchIndex: 18446744073709551615
isHearbeat: true

2025-04-17 16:40:38,777 [grpc-default-executor-6] INFO  server.GrpcServerProtocolService (GrpcServerProtocolService.java:onCompleted(157)) - 93cc9901-be1a-45f5-9681-0d93e627c426: Completed APPEND_ENTRIES, lastRequest: a6bf55e3-38e4-411e-ac0b-5acdb6a35656->93cc9901-be1a-45f5-9681-0d93e627c426#1-t1,previous=(t:0, i:0),leaderCommit=-1,initializing? false,entries: size=1, first=(t:1, i:0), CONFIGURATIONENTRY(current:id:"c825922c-8499-4d06-bbc0-08abc9a8124c"address:"127.0.0.1:15015"dataStreamAddress:"127.0.0.1:15016"clientAddress:"127.0.0.1:15013"adminAddress:"127.0.0.1:15014"startupRole:FOLLOWER, id:"a6bf55e3-38e4-411e-ac0b-5acdb6a35656"address:"127.0.0.1:15031"priority:1dataStreamAddress:"127.0.0.1:15032"clientAddress:"127.0.0.1:15029"adminAddress:"127.0.0.1:15030"startupRole:FOLLOWER, id:"93cc9901-be1a-45f5-9681-0d93e627c426"address:"127.0.0.1:15023"dataStreamAddress:"127.0.0.1:15024"clientAddress:"127.0.0.1:15021"adminAddress:"127.0.0.1:15022"startupRole:FOLLOWER, old:)
2025-04-17 16:40:38,777 [grpc-default-executor-6] INFO  server.GrpcServerProtocolService (GrpcServerProtocolService.java:lambda$onCompleted$5(159)) - 93cc9901-be1a-45f5-9681-0d93e627c426: Completed APPEND_ENTRIES, lastReply: null
2025-04-17 16:40:38,777 [a6bf55e3-38e4-411e-ac0b-5acdb6a35656@group-47C15F12B665-StateMachineUpdater] INFO  ratis.ContainerStateMachine (ContainerStateMachine.java:takeSnapshot(427)) - group-47C15F12B665: Taking a snapshot at:(t:1, i:0) file /home/runner/work/ozone/ozone/hadoop-ozone/integration-test/target/test-dir/MiniOzoneClusterImpl-26e726f8-5cec-4c14-bf14-45d4895febc0/ozone-meta/datanode-3/ratis/690337f3-2d94-4a7e-a7b3-47c15f12b665/sm/snapshot.1_0
2025-04-17 16:40:38,777 [grpc-default-executor-4] INFO  server.GrpcLogAppender (GrpcLogAppender.java:onCompleted(550)) - a6bf55e3-38e4-411e-ac0b-5acdb6a35656@group-47C15F12B665->93cc9901-be1a-45f5-9681-0d93e627c426-AppendLogResponseHandler: follower responses appendEntries COMPLETED
2025-04-17 16:40:38,777 [grpc-default-executor-7] INFO  impl.StateMachineUpdater (StateMachineUpdater.java:stopAndJoin(164)) - a6bf55e3-38e4-411e-ac0b-5acdb6a35656@group-47C15F12B665-StateMachineUpdater: set stopIndex = 0
2025-04-17 16:40:38,778 [grpc-default-executor-6] INFO  server.GrpcLogAppender (GrpcLogAppender.java:onCompleted(550)) - a6bf55e3-38e4-411e-ac0b-5acdb6a35656@group-47C15F12B665->93cc9901-be1a-45f5-9681-0d93e627c426-AppendLogResponseHandler: follower responses appendEntries COMPLETED
2025-04-17 16:40:38,779 [a6bf55e3-38e4-411e-ac0b-5acdb6a35656@group-47C15F12B665-StateMachineUpdater] INFO  ratis.ContainerStateMachine (ContainerStateMachine.java:takeSnapshot(436)) - group-47C15F12B665: Finished taking a snapshot at:(t:1, i:0) file:/home/runner/work/ozone/ozone/hadoop-ozone/integration-test/target/test-dir/MiniOzoneClusterImpl-26e726f8-5cec-4c14-bf14-45d4895febc0/ozone-meta/datanode-3/ratis/690337f3-2d94-4a7e-a7b3-47c15f12b665/sm/snapshot.1_0 took: 1 ms
2025-04-17 16:40:38,779 [a6bf55e3-38e4-411e-ac0b-5acdb6a35656@group-47C15F12B665-StateMachineUpdater] INFO  impl.StateMachineUpdater (StateMachineUpdater.java:takeSnapshot(303)) - a6bf55e3-38e4-411e-ac0b-5acdb6a35656@group-47C15F12B665-StateMachineUpdater: Took a snapshot at index 0
2025-04-17 16:40:38,779 [a6bf55e3-38e4-411e-ac0b-5acdb6a35656@group-47C15F12B665-StateMachineUpdater] INFO  impl.StateMachineUpdater (StateMachineUpdater.java:lambda$new$0(102)) - a6bf55e3-38e4-411e-ac0b-5acdb6a35656@group-47C15F12B665-StateMachineUpdater: snapshotIndex: updateIncreasingly -1 -> 0
2025-04-17 16:40:38,779 [a6bf55e3-38e4-411e-ac0b-5acdb6a35656@group-47C15F12B665-StateMachineUpdater] INFO  impl.StateMachineUpdater (StateMachineUpdater.java:stop(141)) - a6bf55e3-38e4-411e-ac0b-5acdb6a35656@group-47C15F12B665-StateMachineUpdater: closing ContainerStateMachine, lastApplied=(t:1, i:0)
2025-04-17 16:40:38,779 [a6bf55e3-38e4-411e-ac0b-5acdb6a35656@group-47C15F12B665-cacheEviction-AwaitToRun] INFO  util.AwaitToRun (AwaitToRun.java:run(49)) - a6bf55e3-38e4-411e-ac0b-5acdb6a35656@group-47C15F12B665-cacheEviction-AwaitToRun-AwaitForSignal is interrupted
2025-04-17 16:40:38,781 [a6bf55e3-38e4-411e-ac0b-5acdb6a35656-PipelineCommandHandlerThread-0] INFO  segmented.SegmentedRaftLogWorker (SegmentedRaftLogWorker.java:close(252)) - a6bf55e3-38e4-411e-ac0b-5acdb6a35656@group-47CB1C91F82B-SegmentedRaftLogWorker close()
2025-04-17 16:40:38,782 [a6bf55e3-38e4-411e-ac0b-5acdb6a35656-PipelineCommandHandlerThread-0] INFO  server.RaftServer$Division (RaftServerImpl.java:groupRemove(483)) - a6bf55e3-38e4-411e-ac0b-5acdb6a35656@group-47CB1C91F82B: Succeed to remove RaftStorageDirectory Storage Directory /home/runner/work/ozone/ozone/hadoop-ozone/integration-test/target/test-dir/MiniOzoneClusterImpl-26e726f8-5cec-4c14-bf14-45d4895febc0/ozone-meta/datanode-3/ratis/5bdf7528-583f-4406-99f6-47cb1c91f82b
2025-04-17 16:40:38,782 [a6bf55e3-38e4-411e-ac0b-5acdb6a35656-PipelineCommandHandlerThread-0] INFO  commandhandler.ClosePipelineCommandHandler (ClosePipelineCommandHandler.java:lambda$handle$2(142)) - Close Pipeline PipelineID=5bdf7528-583f-4406-99f6-47cb1c91f82b command on datanode a6bf55e3-38e4-411e-ac0b-5acdb6a35656.
2025-04-17 16:40:38,930 [grpc-default-executor-7] INFO  segmented.SegmentedRaftLogWorker (SegmentedRaftLogWorker.java:close(252)) - a6bf55e3-38e4-411e-ac0b-5acdb6a35656@group-47C15F12B665-SegmentedRaftLogWorker close()
2025-04-17 16:40:38,931 [grpc-default-executor-7] INFO  server.RaftServer$Division (RaftServerImpl.java:groupRemove(483)) - a6bf55e3-38e4-411e-ac0b-5acdb6a35656@group-47C15F12B665: Succeed to remove RaftStorageDirectory Storage Directory /home/runner/work/ozone/ozone/hadoop-ozone/integration-test/target/test-dir/MiniOzoneClusterImpl-26e726f8-5cec-4c14-bf14-45d4895febc0/ozone-meta/datanode-3/ratis/690337f3-2d94-4a7e-a7b3-47c15f12b665
2025-04-17 16:40:38,933 [93cc9901-be1a-45f5-9681-0d93e627c426-PipelineCommandHandlerThread-0] INFO  server.RaftServer (RaftServerProxy.java:remove(111)) - 93cc9901-be1a-45f5-9681-0d93e627c426: remove  FOLLOWER 93cc9901-be1a-45f5-9681-0d93e627c426@group-47C15F12B665:t1, leader=a6bf55e3-38e4-411e-ac0b-5acdb6a35656, voted=a6bf55e3-38e4-411e-ac0b-5acdb6a35656, raftlog=Memoized:93cc9901-be1a-45f5-9681-0d93e627c426@group-47C15F12B665-SegmentedRaftLog:OPENED:c0:last(t:1, i:0), conf=conf: {index: 0, cur=peers:[c825922c-8499-4d06-bbc0-08abc9a8124c|127.0.0.1:15015, a6bf55e3-38e4-411e-ac0b-5acdb6a35656|127.0.0.1:15031, 93cc9901-be1a-45f5-9681-0d93e627c426|127.0.0.1:15023]|listeners:[], old=null} RUNNING
2025-04-17 16:40:38,933 [93cc9901-be1a-45f5-9681-0d93e627c426-PipelineCommandHandlerThread-0] INFO  server.RaftServer$Division (RaftServerImpl.java:lambda$close$1(513)) - 93cc9901-be1a-45f5-9681-0d93e627c426@group-47C15F12B665: shutdown
2025-04-17 16:40:38,933 [93cc9901-be1a-45f5-9681-0d93e627c426-PipelineCommandHandlerThread-0] INFO  util.JmxRegister (JmxRegister.java:unregister(74)) - Successfully un-registered JMX Bean with object name Ratis:service=RaftServer,group=group-47C15F12B665,id=93cc9901-be1a-45f5-9681-0d93e627c426
2025-04-17 16:40:38,933 [93cc9901-be1a-45f5-9681-0d93e627c426-PipelineCommandHandlerThread-0] INFO  impl.RoleInfo (RoleInfo.java:shutdownFollowerState(121)) - 93cc9901-be1a-45f5-9681-0d93e627c426: shutdown 93cc9901-be1a-45f5-9681-0d93e627c426@group-47C15F12B665-FollowerState
2025-04-17 16:40:38,933 [93cc9901-be1a-45f5-9681-0d93e627c426-PipelineCommandHandlerThread-0] INFO  impl.StateMachineUpdater (StateMachineUpdater.java:stopAndJoin(164)) - 93cc9901-be1a-45f5-9681-0d93e627c426@group-47C15F12B665-StateMachineUpdater: set stopIndex = 0
2025-04-17 16:40:38,934 [93cc9901-be1a-45f5-9681-0d93e627c426@group-47C15F12B665-StateMachineUpdater] INFO  ratis.ContainerStateMachine (ContainerStateMachine.java:takeSnapshot(427)) - group-47C15F12B665: Taking a snapshot at:(t:1, i:0) file /home/runner/work/ozone/ozone/hadoop-ozone/integration-test/target/test-dir/MiniOzoneClusterImpl-26e726f8-5cec-4c14-bf14-45d4895febc0/ozone-meta/datanode-2/ratis/690337f3-2d94-4a7e-a7b3-47c15f12b665/sm/snapshot.1_0
2025-04-17 16:40:38,934 [93cc9901-be1a-45f5-9681-0d93e627c426@group-47C15F12B665-FollowerState] INFO  impl.FollowerState (FollowerState.java:runImpl(170)) - 93cc9901-be1a-45f5-9681-0d93e627c426@group-47C15F12B665-FollowerState was interrupted
2025-04-17 16:40:38,934 [93cc9901-be1a-45f5-9681-0d93e627c426@group-47C15F12B665-StateMachineUpdater] INFO  ratis.ContainerStateMachine (ContainerStateMachine.java:takeSnapshot(436)) - group-47C15F12B665: Finished taking a snapshot at:(t:1, i:0) file:/home/runner/work/ozone/ozone/hadoop-ozone/integration-test/target/test-dir/MiniOzoneClusterImpl-26e726f8-5cec-4c14-bf14-45d4895febc0/ozone-meta/datanode-2/ratis/690337f3-2d94-4a7e-a7b3-47c15f12b665/sm/snapshot.1_0 took: 1 ms
2025-04-17 16:40:38,935 [93cc9901-be1a-45f5-9681-0d93e627c426@group-47C15F12B665-StateMachineUpdater] INFO  impl.StateMachineUpdater (StateMachineUpdater.java:takeSnapshot(303)) - 93cc9901-be1a-45f5-9681-0d93e627c426@group-47C15F12B665-StateMachineUpdater: Took a snapshot at index 0
2025-04-17 16:40:38,935 [93cc9901-be1a-45f5-9681-0d93e627c426@group-47C15F12B665-StateMachineUpdater] INFO  impl.StateMachineUpdater (StateMachineUpdater.java:lambda$new$0(102)) - 93cc9901-be1a-45f5-9681-0d93e627c426@group-47C15F12B665-StateMachineUpdater: snapshotIndex: updateIncreasingly -1 -> 0
2025-04-17 16:40:38,935 [93cc9901-be1a-45f5-9681-0d93e627c426@group-47C15F12B665-StateMachineUpdater] INFO  impl.StateMachineUpdater (StateMachineUpdater.java:stop(141)) - 93cc9901-be1a-45f5-9681-0d93e627c426@group-47C15F12B665-StateMachineUpdater: closing ContainerStateMachine, lastApplied=(t:1, i:0)
2025-04-17 16:40:38,935 [93cc9901-be1a-45f5-9681-0d93e627c426@group-47C15F12B665-cacheEviction-AwaitToRun] INFO  util.AwaitToRun (AwaitToRun.java:run(49)) - 93cc9901-be1a-45f5-9681-0d93e627c426@group-47C15F12B665-cacheEviction-AwaitToRun-AwaitForSignal is interrupted
2025-04-17 16:40:38,957 [93cc9901-be1a-45f5-9681-0d93e627c426-PipelineCommandHandlerThread-0] INFO  segmented.SegmentedRaftLogWorker (SegmentedRaftLogWorker.java:close(252)) - 93cc9901-be1a-45f5-9681-0d93e627c426@group-47C15F12B665-SegmentedRaftLogWorker close()
2025-04-17 16:40:38,958 [93cc9901-be1a-45f5-9681-0d93e627c426-PipelineCommandHandlerThread-0] INFO  server.RaftServer$Division (RaftServerImpl.java:groupRemove(483)) - 93cc9901-be1a-45f5-9681-0d93e627c426@group-47C15F12B665: Succeed to remove RaftStorageDirectory Storage Directory /home/runner/work/ozone/ozone/hadoop-ozone/integration-test/target/test-dir/MiniOzoneClusterImpl-26e726f8-5cec-4c14-bf14-45d4895febc0/ozone-meta/datanode-2/ratis/690337f3-2d94-4a7e-a7b3-47c15f12b665
2025-04-17 16:40:38,958 [93cc9901-be1a-45f5-9681-0d93e627c426-PipelineCommandHandlerThread-0] INFO  commandhandler.ClosePipelineCommandHandler (ClosePipelineCommandHandler.java:lambda$handle$2(142)) - Close Pipeline PipelineID=690337f3-2d94-4a7e-a7b3-47c15f12b665 command on datanode 93cc9901-be1a-45f5-9681-0d93e627c426.
2025-04-17 16:40:38,958 [pool-237-thread-1] INFO  ozoneimpl.OzoneContainer (OzoneContainer.java:stop(536)) - Attempting to stop container services.
2025-04-17 16:40:38,958 [ContainerMetadataScanner] WARN  ozoneimpl.AbstractBackgroundContainerScanner (AbstractBackgroundContainerScanner.java:handleRemainingSleep(136)) - Background container scan was interrupted.
2025-04-17 16:40:38,958 [ContainerMetadataScanner] INFO  ozoneimpl.AbstractBackgroundContainerScanner (AbstractBackgroundContainerScanner.java:run(63)) - org.apache.hadoop.ozone.container.ozoneimpl.BackgroundContainerMetadataScanner@6d50daaf exiting.
2025-04-17 16:40:38,958 [pool-237-thread-1] INFO  ozoneimpl.BackgroundContainerDataScanner (BackgroundContainerDataScanner.java:shutdown(141)) - ContainerDataScanner(/home/runner/work/ozone/ozone/hadoop-ozone/integration-test/target/test-dir/MiniOzoneClusterImpl-26e726f8-5cec-4c14-bf14-45d4895febc0/ozone-meta/datanode-2/data-0/hdds) is shutting down. 
2025-04-17 16:40:38,959 [ContainerDataScanner(/home/runner/work/ozone/ozone/hadoop-ozone/integration-test/target/test-dir/MiniOzoneClusterImpl-26e726f8-5cec-4c14-bf14-45d4895febc0/ozone-meta/datanode-2/data-0/hdds)] WARN  ozoneimpl.AbstractBackgroundContainerScanner (AbstractBackgroundContainerScanner.java:handleRemainingSleep(136)) - Background container scan was interrupted.
2025-04-17 16:40:38,959 [ContainerDataScanner(/home/runner/work/ozone/ozone/hadoop-ozone/integration-test/target/test-dir/MiniOzoneClusterImpl-26e726f8-5cec-4c14-bf14-45d4895febc0/ozone-meta/datanode-2/data-0/hdds)] INFO  ozoneimpl.AbstractBackgroundContainerScanner (AbstractBackgroundContainerScanner.java:run(63)) - ContainerDataScanner(/home/runner/work/ozone/ozone/hadoop-ozone/integration-test/target/test-dir/MiniOzoneClusterImpl-26e726f8-5cec-4c14-bf14-45d4895febc0/ozone-meta/datanode-2/data-0/hdds, DS-b6a5c964-fc84-4adf-8175-52cc11ff33ea) exiting.
2025-04-17 16:40:38,959 [pool-237-thread-1] INFO  ratis.XceiverServerRatis (XceiverServerRatis.java:stop(596)) - Closing XceiverServerRatis(93cc9901-be1a-45f5-9681-0d93e627c426)
2025-04-17 16:40:38,959 [pool-237-thread-1] INFO  server.RaftServer (RaftServerProxy.java:lambda$close$9(417)) - 93cc9901-be1a-45f5-9681-0d93e627c426: close
2025-04-17 16:40:38,959 [pool-237-thread-1] INFO  server.GrpcService (GrpcService.java:closeImpl(343)) - 93cc9901-be1a-45f5-9681-0d93e627c426: shutdown server org.apache.ratis.grpc.server.GrpcClientProtocolService now
2025-04-17 16:40:38,959 [93cc9901-be1a-45f5-9681-0d93e627c426-impl-thread1] INFO  server.RaftServer$Division (RaftServerImpl.java:lambda$close$1(513)) - 93cc9901-be1a-45f5-9681-0d93e627c426@group-9CF72A0E49C3: shutdown
2025-04-17 16:40:38,959 [93cc9901-be1a-45f5-9681-0d93e627c426-impl-thread1] INFO  util.JmxRegister (JmxRegister.java:unregister(74)) - Successfully un-registered JMX Bean with object name Ratis:service=RaftServer,group=group-9CF72A0E49C3,id=93cc9901-be1a-45f5-9681-0d93e627c426
2025-04-17 16:40:38,959 [93cc9901-be1a-45f5-9681-0d93e627c426-impl-thread1] INFO  impl.RoleInfo (RoleInfo.java:shutdownLeaderState(103)) - 93cc9901-be1a-45f5-9681-0d93e627c426: shutdown 93cc9901-be1a-45f5-9681-0d93e627c426@group-9CF72A0E49C3-LeaderStateImpl
2025-04-17 16:40:38,959 [93cc9901-be1a-45f5-9681-0d93e627c426-impl-thread1] INFO  impl.PendingRequests (PendingRequests.java:sendNotLeaderResponses(287)) - 93cc9901-be1a-45f5-9681-0d93e627c426@group-9CF72A0E49C3-PendingRequests: sendNotLeaderResponses
2025-04-17 16:40:38,960 [Thread-788] INFO  server.GrpcServerProtocolClient (GrpcServerProtocolClient.java:close(105)) - c825922c-8499-4d06-bbc0-08abc9a8124c Close channels
2025-04-17 16:40:38,960 [Thread-789] INFO  server.GrpcServerProtocolClient (GrpcServerProtocolClient.java:close(105)) - a6bf55e3-38e4-411e-ac0b-5acdb6a35656 Close channels
2025-04-17 16:40:38,961 [93cc9901-be1a-45f5-9681-0d93e627c426-impl-thread1] INFO  impl.StateMachineUpdater (StateMachineUpdater.java:stopAndJoin(164)) - 93cc9901-be1a-45f5-9681-0d93e627c426@group-9CF72A0E49C3-StateMachineUpdater: set stopIndex = 0
2025-04-17 16:40:38,962 [93cc9901-be1a-45f5-9681-0d93e627c426@group-9CF72A0E49C3-StateMachineUpdater] INFO  ratis.ContainerStateMachine (ContainerStateMachine.java:takeSnapshot(427)) - group-9CF72A0E49C3: Taking a snapshot at:(t:1, i:0) file /home/runner/work/ozone/ozone/hadoop-ozone/integration-test/target/test-dir/MiniOzoneClusterImpl-26e726f8-5cec-4c14-bf14-45d4895febc0/ozone-meta/datanode-2/ratis/e123c95b-dd8f-419e-a7e8-9cf72a0e49c3/sm/snapshot.1_0
2025-04-17 16:40:38,962 [pool-237-thread-1] INFO  server.GrpcService (GrpcService.java:closeImpl(352)) - 93cc9901-be1a-45f5-9681-0d93e627c426: shutdown server org.apache.ratis.grpc.server.GrpcClientProtocolService successfully
2025-04-17 16:40:38,962 [pool-237-thread-1] INFO  server.GrpcService (GrpcService.java:closeImpl(343)) - 93cc9901-be1a-45f5-9681-0d93e627c426: shutdown server GrpcServerProtocolService now
2025-04-17 16:40:38,963 [93cc9901-be1a-45f5-9681-0d93e627c426@group-9CF72A0E49C3-StateMachineUpdater] INFO  ratis.ContainerStateMachine (ContainerStateMachine.java:takeSnapshot(436)) - group-9CF72A0E49C3: Finished taking a snapshot at:(t:1, i:0) file:/home/runner/work/ozone/ozone/hadoop-ozone/integration-test/target/test-dir/MiniOzoneClusterImpl-26e726f8-5cec-4c14-bf14-45d4895febc0/ozone-meta/datanode-2/ratis/e123c95b-dd8f-419e-a7e8-9cf72a0e49c3/sm/snapshot.1_0 took: 1 ms
2025-04-17 16:40:38,963 [93cc9901-be1a-45f5-9681-0d93e627c426@group-9CF72A0E49C3-StateMachineUpdater] INFO  impl.StateMachineUpdater (StateMachineUpdater.java:takeSnapshot(303)) - 93cc9901-be1a-45f5-9681-0d93e627c426@group-9CF72A0E49C3-StateMachineUpdater: Took a snapshot at index 0
2025-04-17 16:40:38,963 [93cc9901-be1a-45f5-9681-0d93e627c426@group-9CF72A0E49C3-StateMachineUpdater] INFO  impl.StateMachineUpdater (StateMachineUpdater.java:lambda$new$0(102)) - 93cc9901-be1a-45f5-9681-0d93e627c426@group-9CF72A0E49C3-StateMachineUpdater: snapshotIndex: updateIncreasingly -1 -> 0
2025-04-17 16:40:38,963 [93cc9901-be1a-45f5-9681-0d93e627c426@group-9CF72A0E49C3-StateMachineUpdater] INFO  impl.StateMachineUpdater (StateMachineUpdater.java:stop(141)) - 93cc9901-be1a-45f5-9681-0d93e627c426@group-9CF72A0E49C3-StateMachineUpdater: closing ContainerStateMachine, lastApplied=(t:1, i:0)
2025-04-17 16:40:38,963 [pool-237-thread-1] INFO  server.GrpcService (GrpcService.java:closeImpl(352)) - 93cc9901-be1a-45f5-9681-0d93e627c426: shutdown server GrpcServerProtocolService successfully
2025-04-17 16:40:38,964 [pool-237-thread-1] INFO  server.GrpcService (GrpcService.java:closeImpl(343)) - 93cc9901-be1a-45f5-9681-0d93e627c426: shutdown server org.apache.ratis.grpc.server.GrpcAdminProtocolService now
2025-04-17 16:40:38,964 [93cc9901-be1a-45f5-9681-0d93e627c426@group-9CF72A0E49C3-cacheEviction-AwaitToRun] INFO  util.AwaitToRun (AwaitToRun.java:run(49)) - 93cc9901-be1a-45f5-9681-0d93e627c426@group-9CF72A0E49C3-cacheEviction-AwaitToRun-AwaitForSignal is interrupted
2025-04-17 16:40:38,965 [pool-237-thread-1] INFO  server.GrpcService (GrpcService.java:closeImpl(352)) - 93cc9901-be1a-45f5-9681-0d93e627c426: shutdown server org.apache.ratis.grpc.server.GrpcAdminProtocolService successfully
2025-04-17 16:40:38,968 [93cc9901-be1a-45f5-9681-0d93e627c426-NettyServerStreamRpc-bossGroup--thread1] INFO  logging.LoggingHandler (AbstractInternalLogger.java:log(148)) - [id: 0xbcace9bb, L:/0.0.0.0:15024] CLOSE
2025-04-17 16:40:38,968 [93cc9901-be1a-45f5-9681-0d93e627c426-NettyServerStreamRpc-bossGroup--thread1] INFO  logging.LoggingHandler (AbstractInternalLogger.java:log(148)) - [id: 0xbcace9bb, L:/0.0.0.0:15024] INACTIVE
2025-04-17 16:40:38,968 [93cc9901-be1a-45f5-9681-0d93e627c426-NettyServerStreamRpc-bossGroup--thread1] INFO  logging.LoggingHandler (AbstractInternalLogger.java:log(148)) - [id: 0xbcace9bb, L:/0.0.0.0:15024] UNREGISTERED
2025-04-17 16:40:39,645 [93cc9901-be1a-45f5-9681-0d93e627c426-impl-thread1] INFO  segmented.SegmentedRaftLogWorker (SegmentedRaftLogWorker.java:close(252)) - 93cc9901-be1a-45f5-9681-0d93e627c426@group-9CF72A0E49C3-SegmentedRaftLogWorker close()
2025-04-17 16:40:39,645 [93cc9901-be1a-45f5-9681-0d93e627c426-impl-thread1] INFO  ratis.ContainerStateMachine (ContainerStateMachine.java:notifyServerShutdown(1038)) - group-9CF72A0E49C3 is closed by HddsDatanodeService
2025-04-17 16:40:39,645 [JvmPauseMonitor4] INFO  util.JvmPauseMonitor (JvmPauseMonitor.java:run(152)) - JvmPauseMonitor-93cc9901-be1a-45f5-9681-0d93e627c426: Stopped
2025-04-17 16:40:39,988 [main] INFO  ozone.MiniOzoneClusterImpl (MiniOzoneClusterImpl.java:shutdown(393)) - Shutting down the Mini Ozone Cluster
2025-04-17 16:40:39,989 [main] INFO  db.CodecTestUtil (CodecTestUtil.java:gc(49)) - gc 0
2025-04-17 16:40:40,139 [main] INFO  ozone.MiniOzoneClusterImpl (MiniOzoneClusterImpl.java:stop(409)) - Stopping the Mini Ozone Cluster
2025-04-17 16:40:40,139 [main] INFO  om.OzoneManager (OzoneManager.java:stop(2347)) - om1[localhost:15006]: Stopping Ozone Manager
2025-04-17 16:40:40,140 [main] INFO  ipc.Server (Server.java:stop(3697)) - Stopping server on 15006
2025-04-17 16:40:40,142 [IPC Server listener on 15006] INFO  ipc.Server (Server.java:run(1585)) - Stopping IPC Server listener on 15006
2025-04-17 16:40:40,142 [IPC Server Responder] INFO  ipc.Server (Server.java:run(1718)) - Stopping IPC Server Responder
2025-04-17 16:40:40,142 [main] INFO  ratis.OzoneManagerRatisServer (OzoneManagerRatisServer.java:stop(634)) - Stopping org.apache.hadoop.ozone.om.ratis.OzoneManagerRatisServer@1748e38e at port 15009
2025-04-17 16:40:40,142 [main] INFO  server.RaftServer (RaftServerProxy.java:lambda$close$9(417)) - om1: close
2025-04-17 16:40:40,143 [main] INFO  server.GrpcService (GrpcService.java:closeImpl(343)) - om1: shutdown server GrpcServerProtocolService now
2025-04-17 16:40:40,143 [om1-impl-thread1] INFO  server.RaftServer$Division (RaftServerImpl.java:lambda$close$1(513)) - om1@group-C5BA1605619E: shutdown
2025-04-17 16:40:40,143 [om1-impl-thread1] INFO  util.JmxRegister (JmxRegister.java:unregister(74)) - Successfully un-registered JMX Bean with object name Ratis:service=RaftServer,group=group-C5BA1605619E,id=om1
2025-04-17 16:40:40,143 [om1-impl-thread1] INFO  impl.RoleInfo (RoleInfo.java:shutdownLeaderState(103)) - om1: shutdown om1@group-C5BA1605619E-LeaderStateImpl
2025-04-17 16:40:40,143 [om1-impl-thread1] INFO  impl.PendingRequests (PendingRequests.java:sendNotLeaderResponses(287)) - om1@group-C5BA1605619E-PendingRequests: sendNotLeaderResponses
2025-04-17 16:40:40,144 [main] INFO  server.GrpcService (GrpcService.java:closeImpl(352)) - om1: shutdown server GrpcServerProtocolService successfully
2025-04-17 16:40:40,144 [om1-impl-thread1] INFO  impl.StateMachineUpdater (StateMachineUpdater.java:stopAndJoin(164)) - om1@group-C5BA1605619E-StateMachineUpdater: set stopIndex = 0
2025-04-17 16:40:40,159 [om1@group-C5BA1605619E-StateMachineUpdater] INFO  ratis.OzoneManagerStateMachine (OzoneManagerStateMachine.java:takeSnapshotImpl(510)) - om1: taking snapshot. applied = (t:1, i:0), skipped = -1, notified = (t:1, i:0), current snapshot index = (t:1, i:0), took 15 ms
2025-04-17 16:40:40,159 [om1@group-C5BA1605619E-StateMachineUpdater] INFO  impl.StateMachineUpdater (StateMachineUpdater.java:takeSnapshot(303)) - om1@group-C5BA1605619E-StateMachineUpdater: Took a snapshot at index 0
2025-04-17 16:40:40,159 [om1@group-C5BA1605619E-StateMachineUpdater] INFO  impl.StateMachineUpdater (StateMachineUpdater.java:lambda$new$0(102)) - om1@group-C5BA1605619E-StateMachineUpdater: snapshotIndex: updateIncreasingly -1 -> 0
2025-04-17 16:40:40,159 [om1@group-C5BA1605619E-StateMachineUpdater] INFO  impl.StateMachineUpdater (StateMachineUpdater.java:stop(141)) - om1@group-C5BA1605619E-StateMachineUpdater: closing OzoneManagerStateMachine, lastApplied=(t:1, i:0)
2025-04-17 16:40:40,159 [om1@group-C5BA1605619E-StateMachineUpdater] INFO  ratis.OzoneManagerStateMachine (OzoneManagerStateMachine.java:close(550)) - Stopping OzoneManagerStateMachine:om1:group-C5BA1605619E.
2025-04-17 16:40:40,159 [om1@group-C5BA1605619E-StateMachineUpdater] INFO  ratis.OzoneManagerDoubleBuffer (OzoneManagerDoubleBuffer.java:stopDaemon(500)) - Stopping OMDoubleBuffer flush thread
2025-04-17 16:40:40,160 [om1-OMDoubleBufferFlushThread] INFO  ratis.OzoneManagerDoubleBuffer (OzoneManagerDoubleBuffer.java:canFlush(559)) - OMDoubleBuffer flush thread om1-OMDoubleBufferFlushThread is interrupted and will exit.
2025-04-17 16:40:40,160 [om1@group-C5BA1605619E-cacheEviction-AwaitToRun] INFO  util.AwaitToRun (AwaitToRun.java:run(49)) - om1@group-C5BA1605619E-cacheEviction-AwaitToRun-AwaitForSignal is interrupted
2025-04-17 16:40:40,289 [om1-impl-thread1] INFO  segmented.SegmentedRaftLogWorker (SegmentedRaftLogWorker.java:close(252)) - om1@group-C5BA1605619E-SegmentedRaftLogWorker close()
2025-04-17 16:40:40,289 [JvmPauseMonitor2] INFO  util.JvmPauseMonitor (JvmPauseMonitor.java:run(152)) - JvmPauseMonitor-om1: Stopped
2025-04-17 16:40:40,290 [main] INFO  utils.BackgroundService (BackgroundService.java:shutdown(161)) - Shutting down service KeyDeletingService
2025-04-17 16:40:40,290 [main] INFO  utils.BackgroundService (BackgroundService.java:shutdown(161)) - Shutting down service DirectoryDeletingService
2025-04-17 16:40:40,291 [main] INFO  utils.BackgroundService (BackgroundService.java:shutdown(161)) - Shutting down service OpenKeyCleanupService
2025-04-17 16:40:40,292 [main] INFO  utils.BackgroundService (BackgroundService.java:shutdown(161)) - Shutting down service SstFilteringService
2025-04-17 16:40:40,292 [main] INFO  utils.BackgroundService (BackgroundService.java:shutdown(161)) - Shutting down service SnapshotDeletingService
2025-04-17 16:40:40,292 [main] INFO  utils.BackgroundService (BackgroundService.java:shutdown(161)) - Shutting down service MultipartUploadCleanupService
2025-04-17 16:40:40,293 [main] INFO  handler.ContextHandler (ContextHandler.java:doStop(1159)) - Stopped o.e.j.w.WebAppContext@3596a9d5{ozoneManager,/,null,STOPPED}{file:/home/runner/work/ozone/ozone/hadoop-ozone/integration-test/target/test-classes/webapps/ozoneManager}
2025-04-17 16:40:40,294 [main] INFO  server.AbstractConnector (AbstractConnector.java:doStop(383)) - Stopped ServerConnector@3bd623b2{HTTP/1.1, (http/1.1)}{0.0.0.0:15007}
2025-04-17 16:40:40,294 [main] INFO  server.session (HouseKeeper.java:stopScavenging(149)) - node0 Stopped scavenging
2025-04-17 16:40:40,294 [main] INFO  handler.ContextHandler (ContextHandler.java:doStop(1159)) - Stopped o.e.j.s.ServletContextHandler@112aa99c{static,/static,file:///home/runner/work/ozone/ozone/hadoop-ozone/integration-test/target/test-classes/webapps/static,STOPPED}
2025-04-17 16:40:40,294 [main] INFO  handler.ContextHandler (ContextHandler.java:doStop(1159)) - Stopped o.e.j.s.ServletContextHandler@456c528c{logs,/logs,file:///home/runner/work/ozone/ozone/hadoop-ozone/integration-test/target/log,STOPPED}
2025-04-17 16:40:40,295 [main] INFO  rocksdiff.RocksDBCheckpointDiffer (RocksDBCheckpointDiffer.java:close(304)) - Shutting down CompactionDagPruningService.
2025-04-17 16:40:40,298 [main] INFO  snapshot.SnapshotDiffManager (SnapshotDiffManager.java:closeExecutorService(1682)) - Shutting down executorService: 'SnapDiffExecutor'
2025-04-17 16:40:40,298 [main] INFO  utils.BackgroundService (BackgroundService.java:shutdown(161)) - Shutting down service SnapshotDiffCleanupService
2025-04-17 16:40:40,300 [main] INFO  ozone.MiniOzoneClusterImpl (MiniOzoneClusterImpl.java:stopDatanodes(475)) - Stopping the HddsDatanodes
2025-04-17 16:40:40,302 [ForkJoinPool.commonPool-worker-3] INFO  ozoneimpl.OzoneContainer (OzoneContainer.java:stop(536)) - Attempting to stop container services.
2025-04-17 16:40:40,303 [ForkJoinPool.commonPool-worker-1] INFO  ozoneimpl.OzoneContainer (OzoneContainer.java:stop(536)) - Attempting to stop container services.
2025-04-17 16:40:40,303 [ContainerMetadataScanner] WARN  ozoneimpl.AbstractBackgroundContainerScanner (AbstractBackgroundContainerScanner.java:handleRemainingSleep(136)) - Background container scan was interrupted.
2025-04-17 16:40:40,303 [ContainerMetadataScanner] INFO  ozoneimpl.AbstractBackgroundContainerScanner (AbstractBackgroundContainerScanner.java:run(63)) - org.apache.hadoop.ozone.container.ozoneimpl.BackgroundContainerMetadataScanner@3c7b8dd4 exiting.
2025-04-17 16:40:40,303 [main] INFO  ozoneimpl.OzoneContainer (OzoneContainer.java:stop(536)) - Attempting to stop container services.
2025-04-17 16:40:40,304 [ForkJoinPool.commonPool-worker-3] INFO  ozoneimpl.BackgroundContainerDataScanner (BackgroundContainerDataScanner.java:shutdown(141)) - ContainerDataScanner(/home/runner/work/ozone/ozone/hadoop-ozone/integration-test/target/test-dir/MiniOzoneClusterImpl-26e726f8-5cec-4c14-bf14-45d4895febc0/ozone-meta/datanode-4/data-0/hdds) is shutting down. 
2025-04-17 16:40:40,304 [ContainerDataScanner(/home/runner/work/ozone/ozone/hadoop-ozone/integration-test/target/test-dir/MiniOzoneClusterImpl-26e726f8-5cec-4c14-bf14-45d4895febc0/ozone-meta/datanode-4/data-0/hdds)] WARN  ozoneimpl.AbstractBackgroundContainerScanner (AbstractBackgroundContainerScanner.java:handleRemainingSleep(136)) - Background container scan was interrupted.
2025-04-17 16:40:40,305 [ContainerMetadataScanner] WARN  ozoneimpl.AbstractBackgroundContainerScanner (AbstractBackgroundContainerScanner.java:handleRemainingSleep(136)) - Background container scan was interrupted.
2025-04-17 16:40:40,305 [ContainerMetadataScanner] WARN  ozoneimpl.AbstractBackgroundContainerScanner (AbstractBackgroundContainerScanner.java:handleRemainingSleep(136)) - Background container scan was interrupted.
2025-04-17 16:40:40,305 [ContainerDataScanner(/home/runner/work/ozone/ozone/hadoop-ozone/integration-test/target/test-dir/MiniOzoneClusterImpl-26e726f8-5cec-4c14-bf14-45d4895febc0/ozone-meta/datanode-4/data-0/hdds)] INFO  ozoneimpl.AbstractBackgroundContainerScanner (AbstractBackgroundContainerScanner.java:run(63)) - ContainerDataScanner(/home/runner/work/ozone/ozone/hadoop-ozone/integration-test/target/test-dir/MiniOzoneClusterImpl-26e726f8-5cec-4c14-bf14-45d4895febc0/ozone-meta/datanode-4/data-0/hdds, DS-cdd32eac-becf-4f13-a705-705c79b51355) exiting.
2025-04-17 16:40:40,305 [ContainerMetadataScanner] INFO  ozoneimpl.AbstractBackgroundContainerScanner (AbstractBackgroundContainerScanner.java:run(63)) - org.apache.hadoop.ozone.container.ozoneimpl.BackgroundContainerMetadataScanner@6f15f2ce exiting.
2025-04-17 16:40:40,305 [main] INFO  ozoneimpl.BackgroundContainerDataScanner (BackgroundContainerDataScanner.java:shutdown(141)) - ContainerDataScanner(/home/runner/work/ozone/ozone/hadoop-ozone/integration-test/target/test-dir/MiniOzoneClusterImpl-26e726f8-5cec-4c14-bf14-45d4895febc0/ozone-meta/datanode-3/data-0/hdds) is shutting down. 
2025-04-17 16:40:40,305 [ContainerMetadataScanner] INFO  ozoneimpl.AbstractBackgroundContainerScanner (AbstractBackgroundContainerScanner.java:run(63)) - org.apache.hadoop.ozone.container.ozoneimpl.BackgroundContainerMetadataScanner@12b2c218 exiting.
2025-04-17 16:40:40,305 [ContainerDataScanner(/home/runner/work/ozone/ozone/hadoop-ozone/integration-test/target/test-dir/MiniOzoneClusterImpl-26e726f8-5cec-4c14-bf14-45d4895febc0/ozone-meta/datanode-3/data-0/hdds)] WARN  ozoneimpl.AbstractBackgroundContainerScanner (AbstractBackgroundContainerScanner.java:handleRemainingSleep(136)) - Background container scan was interrupted.
2025-04-17 16:40:40,305 [ContainerDataScanner(/home/runner/work/ozone/ozone/hadoop-ozone/integration-test/target/test-dir/MiniOzoneClusterImpl-26e726f8-5cec-4c14-bf14-45d4895febc0/ozone-meta/datanode-3/data-0/hdds)] INFO  ozoneimpl.AbstractBackgroundContainerScanner (AbstractBackgroundContainerScanner.java:run(63)) - ContainerDataScanner(/home/runner/work/ozone/ozone/hadoop-ozone/integration-test/target/test-dir/MiniOzoneClusterImpl-26e726f8-5cec-4c14-bf14-45d4895febc0/ozone-meta/datanode-3/data-0/hdds, DS-c2ed9a67-6500-4afd-8cdd-e4ab20ff1369) exiting.
2025-04-17 16:40:40,305 [ForkJoinPool.commonPool-worker-1] INFO  ozoneimpl.BackgroundContainerDataScanner (BackgroundContainerDataScanner.java:shutdown(141)) - ContainerDataScanner(/home/runner/work/ozone/ozone/hadoop-ozone/integration-test/target/test-dir/MiniOzoneClusterImpl-26e726f8-5cec-4c14-bf14-45d4895febc0/ozone-meta/datanode-5/data-0/hdds) is shutting down. 
2025-04-17 16:40:40,305 [ForkJoinPool.commonPool-worker-3] INFO  ratis.XceiverServerRatis (XceiverServerRatis.java:stop(596)) - Closing XceiverServerRatis(d6a19b8b-82a2-4947-8b44-7228be6ad053)
2025-04-17 16:40:40,306 [ForkJoinPool.commonPool-worker-3] INFO  server.RaftServer (RaftServerProxy.java:lambda$close$9(417)) - d6a19b8b-82a2-4947-8b44-7228be6ad053: close
2025-04-17 16:40:40,306 [main] INFO  ratis.XceiverServerRatis (XceiverServerRatis.java:stop(596)) - Closing XceiverServerRatis(a6bf55e3-38e4-411e-ac0b-5acdb6a35656)
2025-04-17 16:40:40,306 [ContainerDataScanner(/home/runner/work/ozone/ozone/hadoop-ozone/integration-test/target/test-dir/MiniOzoneClusterImpl-26e726f8-5cec-4c14-bf14-45d4895febc0/ozone-meta/datanode-5/data-0/hdds)] WARN  ozoneimpl.AbstractBackgroundContainerScanner (AbstractBackgroundContainerScanner.java:handleRemainingSleep(136)) - Background container scan was interrupted.
2025-04-17 16:40:40,306 [d6a19b8b-82a2-4947-8b44-7228be6ad053-impl-thread1] INFO  server.RaftServer$Division (RaftServerImpl.java:lambda$close$1(513)) - d6a19b8b-82a2-4947-8b44-7228be6ad053@group-6CDEAD350F28: shutdown
2025-04-17 16:40:40,306 [ForkJoinPool.commonPool-worker-3] INFO  server.GrpcService (GrpcService.java:closeImpl(343)) - d6a19b8b-82a2-4947-8b44-7228be6ad053: shutdown server org.apache.ratis.grpc.server.GrpcClientProtocolService now
2025-04-17 16:40:40,306 [d6a19b8b-82a2-4947-8b44-7228be6ad053-impl-thread1] INFO  util.JmxRegister (JmxRegister.java:unregister(74)) - Successfully un-registered JMX Bean with object name Ratis:service=RaftServer,group=group-6CDEAD350F28,id=d6a19b8b-82a2-4947-8b44-7228be6ad053
2025-04-17 16:40:40,306 [d6a19b8b-82a2-4947-8b44-7228be6ad053-impl-thread1] INFO  impl.RoleInfo (RoleInfo.java:shutdownLeaderState(103)) - d6a19b8b-82a2-4947-8b44-7228be6ad053: shutdown d6a19b8b-82a2-4947-8b44-7228be6ad053@group-6CDEAD350F28-LeaderStateImpl
2025-04-17 16:40:40,306 [ContainerDataScanner(/home/runner/work/ozone/ozone/hadoop-ozone/integration-test/target/test-dir/MiniOzoneClusterImpl-26e726f8-5cec-4c14-bf14-45d4895febc0/ozone-meta/datanode-5/data-0/hdds)] INFO  ozoneimpl.AbstractBackgroundContainerScanner (AbstractBackgroundContainerScanner.java:run(63)) - ContainerDataScanner(/home/runner/work/ozone/ozone/hadoop-ozone/integration-test/target/test-dir/MiniOzoneClusterImpl-26e726f8-5cec-4c14-bf14-45d4895febc0/ozone-meta/datanode-5/data-0/hdds, DS-13081b71-3b71-4b05-93b3-6cd3d1c073e8) exiting.
2025-04-17 16:40:40,306 [main] INFO  server.RaftServer (RaftServerProxy.java:lambda$close$9(417)) - a6bf55e3-38e4-411e-ac0b-5acdb6a35656: close
2025-04-17 16:40:40,307 [main] INFO  server.GrpcService (GrpcService.java:closeImpl(343)) - a6bf55e3-38e4-411e-ac0b-5acdb6a35656: shutdown server org.apache.ratis.grpc.server.GrpcClientProtocolService now
2025-04-17 16:40:40,306 [d6a19b8b-82a2-4947-8b44-7228be6ad053-impl-thread1] INFO  impl.PendingRequests (PendingRequests.java:sendNotLeaderResponses(287)) - d6a19b8b-82a2-4947-8b44-7228be6ad053@group-6CDEAD350F28-PendingRequests: sendNotLeaderResponses
2025-04-17 16:40:40,307 [ForkJoinPool.commonPool-worker-3] INFO  server.GrpcService (GrpcService.java:closeImpl(352)) - d6a19b8b-82a2-4947-8b44-7228be6ad053: shutdown server org.apache.ratis.grpc.server.GrpcClientProtocolService successfully
2025-04-17 16:40:40,308 [ForkJoinPool.commonPool-worker-3] INFO  server.GrpcService (GrpcService.java:closeImpl(343)) - d6a19b8b-82a2-4947-8b44-7228be6ad053: shutdown server GrpcServerProtocolService now
2025-04-17 16:40:40,308 [ForkJoinPool.commonPool-worker-3] INFO  server.GrpcService (GrpcService.java:closeImpl(352)) - d6a19b8b-82a2-4947-8b44-7228be6ad053: shutdown server GrpcServerProtocolService successfully
2025-04-17 16:40:40,308 [ForkJoinPool.commonPool-worker-3] INFO  server.GrpcService (GrpcService.java:closeImpl(343)) - d6a19b8b-82a2-4947-8b44-7228be6ad053: shutdown server org.apache.ratis.grpc.server.GrpcAdminProtocolService now
2025-04-17 16:40:40,308 [Thread-864] INFO  server.GrpcServerProtocolClient (GrpcServerProtocolClient.java:close(105)) - c825922c-8499-4d06-bbc0-08abc9a8124c Close channels
2025-04-17 16:40:40,309 [Thread-866] INFO  server.GrpcServerProtocolClient (GrpcServerProtocolClient.java:close(105)) - 93cc9901-be1a-45f5-9681-0d93e627c426 Close channels
2025-04-17 16:40:40,309 [main] INFO  server.GrpcService (GrpcService.java:closeImpl(352)) - a6bf55e3-38e4-411e-ac0b-5acdb6a35656: shutdown server org.apache.ratis.grpc.server.GrpcClientProtocolService successfully
2025-04-17 16:40:40,309 [main] INFO  server.GrpcService (GrpcService.java:closeImpl(343)) - a6bf55e3-38e4-411e-ac0b-5acdb6a35656: shutdown server GrpcServerProtocolService now
2025-04-17 16:40:40,307 [a6bf55e3-38e4-411e-ac0b-5acdb6a35656-impl-thread1] INFO  server.RaftServer$Division (RaftServerImpl.java:lambda$close$1(513)) - a6bf55e3-38e4-411e-ac0b-5acdb6a35656@group-C713F1B5C815: shutdown
2025-04-17 16:40:40,308 [ForkJoinPool.commonPool-worker-1] INFO  ratis.XceiverServerRatis (XceiverServerRatis.java:stop(596)) - Closing XceiverServerRatis(4a3059aa-ae89-4e47-8f1e-08d61ab31d43)
2025-04-17 16:40:40,310 [a6bf55e3-38e4-411e-ac0b-5acdb6a35656-impl-thread1] INFO  util.JmxRegister (JmxRegister.java:unregister(74)) - Successfully un-registered JMX Bean with object name Ratis:service=RaftServer,group=group-C713F1B5C815,id=a6bf55e3-38e4-411e-ac0b-5acdb6a35656
2025-04-17 16:40:40,310 [ForkJoinPool.commonPool-worker-1] INFO  server.RaftServer (RaftServerProxy.java:lambda$close$9(417)) - 4a3059aa-ae89-4e47-8f1e-08d61ab31d43: close
2025-04-17 16:40:40,310 [ForkJoinPool.commonPool-worker-3] INFO  server.GrpcService (GrpcService.java:closeImpl(352)) - d6a19b8b-82a2-4947-8b44-7228be6ad053: shutdown server org.apache.ratis.grpc.server.GrpcAdminProtocolService successfully
2025-04-17 16:40:40,310 [a6bf55e3-38e4-411e-ac0b-5acdb6a35656-impl-thread1] INFO  impl.RoleInfo (RoleInfo.java:shutdownLeaderState(103)) - a6bf55e3-38e4-411e-ac0b-5acdb6a35656: shutdown a6bf55e3-38e4-411e-ac0b-5acdb6a35656@group-C713F1B5C815-LeaderStateImpl
2025-04-17 16:40:40,310 [a6bf55e3-38e4-411e-ac0b-5acdb6a35656-impl-thread1] INFO  impl.PendingRequests (PendingRequests.java:sendNotLeaderResponses(287)) - a6bf55e3-38e4-411e-ac0b-5acdb6a35656@group-C713F1B5C815-PendingRequests: sendNotLeaderResponses
2025-04-17 16:40:40,310 [ForkJoinPool.commonPool-worker-1] INFO  server.GrpcService (GrpcService.java:closeImpl(343)) - 4a3059aa-ae89-4e47-8f1e-08d61ab31d43: shutdown server org.apache.ratis.grpc.server.GrpcClientProtocolService now
2025-04-17 16:40:40,310 [d6a19b8b-82a2-4947-8b44-7228be6ad053-NettyServerStreamRpc-bossGroup--thread1] INFO  logging.LoggingHandler (AbstractInternalLogger.java:log(148)) - [id: 0x699a67e6, L:/0.0.0.0:15040] CLOSE
2025-04-17 16:40:40,311 [d6a19b8b-82a2-4947-8b44-7228be6ad053-NettyServerStreamRpc-bossGroup--thread1] INFO  logging.LoggingHandler (AbstractInternalLogger.java:log(148)) - [id: 0x699a67e6, L:/0.0.0.0:15040] INACTIVE
2025-04-17 16:40:40,311 [d6a19b8b-82a2-4947-8b44-7228be6ad053-NettyServerStreamRpc-bossGroup--thread1] INFO  logging.LoggingHandler (AbstractInternalLogger.java:log(148)) - [id: 0x699a67e6, L:/0.0.0.0:15040] UNREGISTERED
2025-04-17 16:40:40,311 [a6bf55e3-38e4-411e-ac0b-5acdb6a35656-impl-thread1] INFO  impl.StateMachineUpdater (StateMachineUpdater.java:stopAndJoin(164)) - a6bf55e3-38e4-411e-ac0b-5acdb6a35656@group-C713F1B5C815-StateMachineUpdater: set stopIndex = 0
2025-04-17 16:40:40,310 [4a3059aa-ae89-4e47-8f1e-08d61ab31d43-impl-thread1] INFO  server.RaftServer$Division (RaftServerImpl.java:lambda$close$1(513)) - 4a3059aa-ae89-4e47-8f1e-08d61ab31d43@group-93F6C2665618: shutdown
2025-04-17 16:40:40,310 [main] INFO  server.GrpcService (GrpcService.java:closeImpl(352)) - a6bf55e3-38e4-411e-ac0b-5acdb6a35656: shutdown server GrpcServerProtocolService successfully
2025-04-17 16:40:40,311 [a6bf55e3-38e4-411e-ac0b-5acdb6a35656@group-C713F1B5C815-StateMachineUpdater] INFO  ratis.ContainerStateMachine (ContainerStateMachine.java:takeSnapshot(427)) - group-C713F1B5C815: Taking a snapshot at:(t:1, i:0) file /home/runner/work/ozone/ozone/hadoop-ozone/integration-test/target/test-dir/MiniOzoneClusterImpl-26e726f8-5cec-4c14-bf14-45d4895febc0/ozone-meta/datanode-3/ratis/9d238378-5046-4bed-a6e5-c713f1b5c815/sm/snapshot.1_0
2025-04-17 16:40:40,311 [d6a19b8b-82a2-4947-8b44-7228be6ad053@group-6CDEAD350F28-StateMachineUpdater] INFO  ratis.ContainerStateMachine (ContainerStateMachine.java:takeSnapshot(427)) - group-6CDEAD350F28: Taking a snapshot at:(t:1, i:0) file /home/runner/work/ozone/ozone/hadoop-ozone/integration-test/target/test-dir/MiniOzoneClusterImpl-26e726f8-5cec-4c14-bf14-45d4895febc0/ozone-meta/datanode-4/ratis/fee43c58-ff5a-4ec2-8da7-6cdead350f28/sm/snapshot.1_0
2025-04-17 16:40:40,311 [4a3059aa-ae89-4e47-8f1e-08d61ab31d43-impl-thread1] INFO  util.JmxRegister (JmxRegister.java:unregister(74)) - Successfully un-registered JMX Bean with object name Ratis:service=RaftServer,group=group-93F6C2665618,id=4a3059aa-ae89-4e47-8f1e-08d61ab31d43
2025-04-17 16:40:40,311 [4a3059aa-ae89-4e47-8f1e-08d61ab31d43-impl-thread1] INFO  impl.RoleInfo (RoleInfo.java:shutdownLeaderState(103)) - 4a3059aa-ae89-4e47-8f1e-08d61ab31d43: shutdown 4a3059aa-ae89-4e47-8f1e-08d61ab31d43@group-93F6C2665618-LeaderStateImpl
2025-04-17 16:40:40,311 [4a3059aa-ae89-4e47-8f1e-08d61ab31d43-impl-thread1] INFO  impl.PendingRequests (PendingRequests.java:sendNotLeaderResponses(287)) - 4a3059aa-ae89-4e47-8f1e-08d61ab31d43@group-93F6C2665618-PendingRequests: sendNotLeaderResponses
2025-04-17 16:40:40,312 [4a3059aa-ae89-4e47-8f1e-08d61ab31d43-impl-thread1] INFO  impl.StateMachineUpdater (StateMachineUpdater.java:stopAndJoin(164)) - 4a3059aa-ae89-4e47-8f1e-08d61ab31d43@group-93F6C2665618-StateMachineUpdater: set stopIndex = 0
2025-04-17 16:40:40,311 [ForkJoinPool.commonPool-worker-1] INFO  server.GrpcService (GrpcService.java:closeImpl(352)) - 4a3059aa-ae89-4e47-8f1e-08d61ab31d43: shutdown server org.apache.ratis.grpc.server.GrpcClientProtocolService successfully
2025-04-17 16:40:40,312 [ForkJoinPool.commonPool-worker-1] INFO  server.GrpcService (GrpcService.java:closeImpl(343)) - 4a3059aa-ae89-4e47-8f1e-08d61ab31d43: shutdown server GrpcServerProtocolService now
2025-04-17 16:40:40,312 [d6a19b8b-82a2-4947-8b44-7228be6ad053@group-6CDEAD350F28-StateMachineUpdater] INFO  ratis.ContainerStateMachine (ContainerStateMachine.java:takeSnapshot(436)) - group-6CDEAD350F28: Finished taking a snapshot at:(t:1, i:0) file:/home/runner/work/ozone/ozone/hadoop-ozone/integration-test/target/test-dir/MiniOzoneClusterImpl-26e726f8-5cec-4c14-bf14-45d4895febc0/ozone-meta/datanode-4/ratis/fee43c58-ff5a-4ec2-8da7-6cdead350f28/sm/snapshot.1_0 took: 1 ms
2025-04-17 16:40:40,312 [4a3059aa-ae89-4e47-8f1e-08d61ab31d43@group-93F6C2665618-StateMachineUpdater] INFO  ratis.ContainerStateMachine (ContainerStateMachine.java:takeSnapshot(427)) - group-93F6C2665618: Taking a snapshot at:(t:1, i:0) file /home/runner/work/ozone/ozone/hadoop-ozone/integration-test/target/test-dir/MiniOzoneClusterImpl-26e726f8-5cec-4c14-bf14-45d4895febc0/ozone-meta/datanode-5/ratis/28f6bf2a-ab60-428a-8f95-93f6c2665618/sm/snapshot.1_0
2025-04-17 16:40:40,311 [d6a19b8b-82a2-4947-8b44-7228be6ad053-impl-thread1] INFO  impl.StateMachineUpdater (StateMachineUpdater.java:stopAndJoin(164)) - d6a19b8b-82a2-4947-8b44-7228be6ad053@group-6CDEAD350F28-StateMachineUpdater: set stopIndex = 0
2025-04-17 16:40:40,311 [main] INFO  server.GrpcService (GrpcService.java:closeImpl(343)) - a6bf55e3-38e4-411e-ac0b-5acdb6a35656: shutdown server org.apache.ratis.grpc.server.GrpcAdminProtocolService now
2025-04-17 16:40:40,313 [d6a19b8b-82a2-4947-8b44-7228be6ad053@group-6CDEAD350F28-StateMachineUpdater] INFO  impl.StateMachineUpdater (StateMachineUpdater.java:takeSnapshot(303)) - d6a19b8b-82a2-4947-8b44-7228be6ad053@group-6CDEAD350F28-StateMachineUpdater: Took a snapshot at index 0
2025-04-17 16:40:40,313 [d6a19b8b-82a2-4947-8b44-7228be6ad053@group-6CDEAD350F28-StateMachineUpdater] INFO  impl.StateMachineUpdater (StateMachineUpdater.java:lambda$new$0(102)) - d6a19b8b-82a2-4947-8b44-7228be6ad053@group-6CDEAD350F28-StateMachineUpdater: snapshotIndex: updateIncreasingly -1 -> 0
2025-04-17 16:40:40,313 [d6a19b8b-82a2-4947-8b44-7228be6ad053@group-6CDEAD350F28-StateMachineUpdater] INFO  impl.StateMachineUpdater (StateMachineUpdater.java:stop(141)) - d6a19b8b-82a2-4947-8b44-7228be6ad053@group-6CDEAD350F28-StateMachineUpdater: closing ContainerStateMachine, lastApplied=(t:1, i:0)
2025-04-17 16:40:40,313 [4a3059aa-ae89-4e47-8f1e-08d61ab31d43@group-93F6C2665618-StateMachineUpdater] INFO  ratis.ContainerStateMachine (ContainerStateMachine.java:takeSnapshot(436)) - group-93F6C2665618: Finished taking a snapshot at:(t:1, i:0) file:/home/runner/work/ozone/ozone/hadoop-ozone/integration-test/target/test-dir/MiniOzoneClusterImpl-26e726f8-5cec-4c14-bf14-45d4895febc0/ozone-meta/datanode-5/ratis/28f6bf2a-ab60-428a-8f95-93f6c2665618/sm/snapshot.1_0 took: 1 ms
2025-04-17 16:40:40,313 [a6bf55e3-38e4-411e-ac0b-5acdb6a35656@group-C713F1B5C815-StateMachineUpdater] INFO  ratis.ContainerStateMachine (ContainerStateMachine.java:takeSnapshot(436)) - group-C713F1B5C815: Finished taking a snapshot at:(t:1, i:0) file:/home/runner/work/ozone/ozone/hadoop-ozone/integration-test/target/test-dir/MiniOzoneClusterImpl-26e726f8-5cec-4c14-bf14-45d4895febc0/ozone-meta/datanode-3/ratis/9d238378-5046-4bed-a6e5-c713f1b5c815/sm/snapshot.1_0 took: 2 ms
2025-04-17 16:40:40,313 [4a3059aa-ae89-4e47-8f1e-08d61ab31d43@group-93F6C2665618-StateMachineUpdater] INFO  impl.StateMachineUpdater (StateMachineUpdater.java:takeSnapshot(303)) - 4a3059aa-ae89-4e47-8f1e-08d61ab31d43@group-93F6C2665618-StateMachineUpdater: Took a snapshot at index 0
2025-04-17 16:40:40,314 [4a3059aa-ae89-4e47-8f1e-08d61ab31d43@group-93F6C2665618-StateMachineUpdater] INFO  impl.StateMachineUpdater (StateMachineUpdater.java:lambda$new$0(102)) - 4a3059aa-ae89-4e47-8f1e-08d61ab31d43@group-93F6C2665618-StateMachineUpdater: snapshotIndex: updateIncreasingly -1 -> 0
2025-04-17 16:40:40,314 [a6bf55e3-38e4-411e-ac0b-5acdb6a35656@group-C713F1B5C815-StateMachineUpdater] INFO  impl.StateMachineUpdater (StateMachineUpdater.java:takeSnapshot(303)) - a6bf55e3-38e4-411e-ac0b-5acdb6a35656@group-C713F1B5C815-StateMachineUpdater: Took a snapshot at index 0
2025-04-17 16:40:40,314 [a6bf55e3-38e4-411e-ac0b-5acdb6a35656@group-C713F1B5C815-StateMachineUpdater] INFO  impl.StateMachineUpdater (StateMachineUpdater.java:lambda$new$0(102)) - a6bf55e3-38e4-411e-ac0b-5acdb6a35656@group-C713F1B5C815-StateMachineUpdater: snapshotIndex: updateIncreasingly -1 -> 0
2025-04-17 16:40:40,314 [a6bf55e3-38e4-411e-ac0b-5acdb6a35656@group-C713F1B5C815-StateMachineUpdater] INFO  impl.StateMachineUpdater (StateMachineUpdater.java:stop(141)) - a6bf55e3-38e4-411e-ac0b-5acdb6a35656@group-C713F1B5C815-StateMachineUpdater: closing ContainerStateMachine, lastApplied=(t:1, i:0)
2025-04-17 16:40:40,314 [4a3059aa-ae89-4e47-8f1e-08d61ab31d43@group-93F6C2665618-StateMachineUpdater] INFO  impl.StateMachineUpdater (StateMachineUpdater.java:stop(141)) - 4a3059aa-ae89-4e47-8f1e-08d61ab31d43@group-93F6C2665618-StateMachineUpdater: closing ContainerStateMachine, lastApplied=(t:1, i:0)
2025-04-17 16:40:40,314 [main] INFO  server.GrpcService (GrpcService.java:closeImpl(352)) - a6bf55e3-38e4-411e-ac0b-5acdb6a35656: shutdown server org.apache.ratis.grpc.server.GrpcAdminProtocolService successfully
2025-04-17 16:40:40,314 [a6bf55e3-38e4-411e-ac0b-5acdb6a35656@group-C713F1B5C815-cacheEviction-AwaitToRun] INFO  util.AwaitToRun (AwaitToRun.java:run(49)) - a6bf55e3-38e4-411e-ac0b-5acdb6a35656@group-C713F1B5C815-cacheEviction-AwaitToRun-AwaitForSignal is interrupted
2025-04-17 16:40:40,314 [ForkJoinPool.commonPool-worker-1] INFO  server.GrpcService (GrpcService.java:closeImpl(352)) - 4a3059aa-ae89-4e47-8f1e-08d61ab31d43: shutdown server GrpcServerProtocolService successfully
2025-04-17 16:40:40,314 [ForkJoinPool.commonPool-worker-1] INFO  server.GrpcService (GrpcService.java:closeImpl(343)) - 4a3059aa-ae89-4e47-8f1e-08d61ab31d43: shutdown server org.apache.ratis.grpc.server.GrpcAdminProtocolService now
2025-04-17 16:40:40,315 [4a3059aa-ae89-4e47-8f1e-08d61ab31d43@group-93F6C2665618-cacheEviction-AwaitToRun] INFO  util.AwaitToRun (AwaitToRun.java:run(49)) - 4a3059aa-ae89-4e47-8f1e-08d61ab31d43@group-93F6C2665618-cacheEviction-AwaitToRun-AwaitForSignal is interrupted
2025-04-17 16:40:40,315 [d6a19b8b-82a2-4947-8b44-7228be6ad053@group-6CDEAD350F28-cacheEviction-AwaitToRun] INFO  util.AwaitToRun (AwaitToRun.java:run(49)) - d6a19b8b-82a2-4947-8b44-7228be6ad053@group-6CDEAD350F28-cacheEviction-AwaitToRun-AwaitForSignal is interrupted
2025-04-17 16:40:40,316 [ForkJoinPool.commonPool-worker-1] INFO  server.GrpcService (GrpcService.java:closeImpl(352)) - 4a3059aa-ae89-4e47-8f1e-08d61ab31d43: shutdown server org.apache.ratis.grpc.server.GrpcAdminProtocolService successfully
2025-04-17 16:40:40,316 [4a3059aa-ae89-4e47-8f1e-08d61ab31d43-NettyServerStreamRpc-bossGroup--thread1] INFO  logging.LoggingHandler (AbstractInternalLogger.java:log(148)) - [id: 0x16c4d622, L:/0.0.0.0:15048] CLOSE
2025-04-17 16:40:40,317 [4a3059aa-ae89-4e47-8f1e-08d61ab31d43-NettyServerStreamRpc-bossGroup--thread1] INFO  logging.LoggingHandler (AbstractInternalLogger.java:log(148)) - [id: 0x16c4d622, L:/0.0.0.0:15048] INACTIVE
2025-04-17 16:40:40,317 [4a3059aa-ae89-4e47-8f1e-08d61ab31d43-NettyServerStreamRpc-bossGroup--thread1] INFO  logging.LoggingHandler (AbstractInternalLogger.java:log(148)) - [id: 0x16c4d622, L:/0.0.0.0:15048] UNREGISTERED
2025-04-17 16:40:40,326 [a6bf55e3-38e4-411e-ac0b-5acdb6a35656-NettyServerStreamRpc-bossGroup--thread1] INFO  logging.LoggingHandler (AbstractInternalLogger.java:log(148)) - [id: 0x9002918b, L:/0.0.0.0:15032] CLOSE
2025-04-17 16:40:40,326 [a6bf55e3-38e4-411e-ac0b-5acdb6a35656-NettyServerStreamRpc-bossGroup--thread1] INFO  logging.LoggingHandler (AbstractInternalLogger.java:log(148)) - [id: 0x9002918b, L:/0.0.0.0:15032] INACTIVE
2025-04-17 16:40:40,326 [a6bf55e3-38e4-411e-ac0b-5acdb6a35656-NettyServerStreamRpc-bossGroup--thread1] INFO  logging.LoggingHandler (AbstractInternalLogger.java:log(148)) - [id: 0x9002918b, L:/0.0.0.0:15032] UNREGISTERED
2025-04-17 16:40:40,403 [4a3059aa-ae89-4e47-8f1e-08d61ab31d43-impl-thread1] INFO  segmented.SegmentedRaftLogWorker (SegmentedRaftLogWorker.java:close(252)) - 4a3059aa-ae89-4e47-8f1e-08d61ab31d43@group-93F6C2665618-SegmentedRaftLogWorker close()
2025-04-17 16:40:40,403 [4a3059aa-ae89-4e47-8f1e-08d61ab31d43-impl-thread1] INFO  ratis.ContainerStateMachine (ContainerStateMachine.java:notifyServerShutdown(1038)) - group-93F6C2665618 is closed by HddsDatanodeService
2025-04-17 16:40:40,404 [JvmPauseMonitor7] INFO  util.JvmPauseMonitor (JvmPauseMonitor.java:run(152)) - JvmPauseMonitor-4a3059aa-ae89-4e47-8f1e-08d61ab31d43: Stopped
2025-04-17 16:40:40,739 [EventQueue-StaleNodeForStaleNodeHandler] INFO  node.StaleNodeHandler (StaleNodeHandler.java:onMessage(51)) - Datanode 93cc9901-be1a-45f5-9681-0d93e627c426(localhost/127.0.0.1) moved to stale state. Finalizing its pipelines [PipelineID=e123c95b-dd8f-419e-a7e8-9cf72a0e49c3]
2025-04-17 16:40:40,742 [EventQueue-StaleNodeForStaleNodeHandler] INFO  pipeline.PipelineManagerImpl (PipelineManagerImpl.java:closePipeline(523)) - Pipeline PipelineID=e123c95b-dd8f-419e-a7e8-9cf72a0e49c3 moved to CLOSED state
2025-04-17 16:40:40,931 [timer2] WARN  server.GrpcLogAppender (LogUtils.java:warn(121)) - 93cc9901-be1a-45f5-9681-0d93e627c426@group-47CB1C91F82B->c825922c-8499-4d06-bbc0-08abc9a8124c-AppendLogResponseHandler: Failed appendEntries (Repeated 6 times in the last 5.000s): org.apache.ratis.thirdparty.io.grpc.StatusRuntimeException: UNAVAILABLE: io exception
2025-04-17 16:40:40,934 [timer4] WARN  server.GrpcLogAppender (GrpcLogAppender.java:lambda$resetClient$1(221)) - a6bf55e3-38e4-411e-ac0b-5acdb6a35656@group-47C15F12B665->c825922c-8499-4d06-bbc0-08abc9a8124c-GrpcLogAppender: Follower failed (request=null, errorCount=14); keep nextIndex (0) unchanged and retry. (Repeated 8 times in the last 5.000s)
2025-04-17 16:40:40,934 [timer3] WARN  server.GrpcLogAppender (LogUtils.java:warn(121)) - a6bf55e3-38e4-411e-ac0b-5acdb6a35656@group-47C15F12B665->c825922c-8499-4d06-bbc0-08abc9a8124c-AppendLogResponseHandler: Failed appendEntries (Repeated 12 times in the last 5.002s): org.apache.ratis.thirdparty.io.grpc.StatusRuntimeException: UNAVAILABLE: io exception
2025-04-17 16:40:40,934 [timer5] WARN  server.GrpcLogAppender (GrpcLogAppender.java:lambda$resetClient$1(221)) - a6bf55e3-38e4-411e-ac0b-5acdb6a35656@group-47C15F12B665->c825922c-8499-4d06-bbc0-08abc9a8124c-GrpcLogAppender: Follower failed (request=null, errorCount=18); keep nextIndex (1) unchanged and retry. (Repeated 10 times in the last 5.001s)
2025-04-17 16:40:41,063 [a6bf55e3-38e4-411e-ac0b-5acdb6a35656-impl-thread1] INFO  segmented.SegmentedRaftLogWorker (SegmentedRaftLogWorker.java:close(252)) - a6bf55e3-38e4-411e-ac0b-5acdb6a35656@group-C713F1B5C815-SegmentedRaftLogWorker close()
2025-04-17 16:40:41,063 [a6bf55e3-38e4-411e-ac0b-5acdb6a35656-impl-thread1] INFO  ratis.ContainerStateMachine (ContainerStateMachine.java:notifyServerShutdown(1038)) - group-C713F1B5C815 is closed by HddsDatanodeService
2025-04-17 16:40:41,063 [JvmPauseMonitor5] INFO  util.JvmPauseMonitor (JvmPauseMonitor.java:run(152)) - JvmPauseMonitor-a6bf55e3-38e4-411e-ac0b-5acdb6a35656: Stopped
2025-04-17 16:40:41,107 [d6a19b8b-82a2-4947-8b44-7228be6ad053-impl-thread1] INFO  segmented.SegmentedRaftLogWorker (SegmentedRaftLogWorker.java:close(252)) - d6a19b8b-82a2-4947-8b44-7228be6ad053@group-6CDEAD350F28-SegmentedRaftLogWorker close()
2025-04-17 16:40:41,107 [d6a19b8b-82a2-4947-8b44-7228be6ad053-impl-thread1] INFO  ratis.ContainerStateMachine (ContainerStateMachine.java:notifyServerShutdown(1038)) - group-6CDEAD350F28 is closed by HddsDatanodeService
2025-04-17 16:40:41,107 [JvmPauseMonitor6] INFO  util.JvmPauseMonitor (JvmPauseMonitor.java:run(152)) - JvmPauseMonitor-d6a19b8b-82a2-4947-8b44-7228be6ad053: Stopped
2025-04-17 16:40:41,648 [pool-237-thread-1] INFO  utils.DatanodeStoreCache (DatanodeStoreCache.java:shutdownCache(115)) - Skip clearing cache in mini cluster mode. Entries left: [/home/runner/work/ozone/ozone/hadoop-ozone/integration-test/target/test-dir/MiniOzoneClusterImpl-26e726f8-5cec-4c14-bf14-45d4895febc0/ozone-meta/datanode-2/data-0/hdds/26e726f8-5cec-4c14-bf14-45d4895febc0/DS-b6a5c964-fc84-4adf-8175-52cc11ff33ea/container.db, /home/runner/work/ozone/ozone/hadoop-ozone/integration-test/target/test-dir/MiniOzoneClusterImpl-26e726f8-5cec-4c14-bf14-45d4895febc0/ozone-meta/datanode-3/data-0/hdds/26e726f8-5cec-4c14-bf14-45d4895febc0/DS-c2ed9a67-6500-4afd-8cdd-e4ab20ff1369/container.db, /home/runner/work/ozone/ozone/hadoop-ozone/integration-test/target/test-dir/MiniOzoneClusterImpl-26e726f8-5cec-4c14-bf14-45d4895febc0/ozone-meta/datanode-4/data-0/hdds/26e726f8-5cec-4c14-bf14-45d4895febc0/DS-cdd32eac-becf-4f13-a705-705c79b51355/container.db, /home/runner/work/ozone/ozone/hadoop-ozone/integration-test/target/test-dir/MiniOzoneClusterImpl-26e726f8-5cec-4c14-bf14-45d4895febc0/ozone-meta/datanode-5/data-0/hdds/26e726f8-5cec-4c14-bf14-45d4895febc0/DS-13081b71-3b71-4b05-93b3-6cd3d1c073e8/container.db]
2025-04-17 16:40:41,649 [pool-237-thread-1] INFO  utils.DatanodeStoreCache (DatanodeStoreCache.java:removeDB(109)) - Removed db /home/runner/work/ozone/ozone/hadoop-ozone/integration-test/target/test-dir/MiniOzoneClusterImpl-26e726f8-5cec-4c14-bf14-45d4895febc0/ozone-meta/datanode-2/data-0/hdds/26e726f8-5cec-4c14-bf14-45d4895febc0/DS-b6a5c964-fc84-4adf-8175-52cc11ff33ea/container.db from cache
2025-04-17 16:40:41,650 [pool-237-thread-1] INFO  volume.HddsVolume (HddsVolume.java:closeDbStore(488)) - SchemaV3 db is stopped at /home/runner/work/ozone/ozone/hadoop-ozone/integration-test/target/test-dir/MiniOzoneClusterImpl-26e726f8-5cec-4c14-bf14-45d4895febc0/ozone-meta/datanode-2/data-0/hdds/26e726f8-5cec-4c14-bf14-45d4895febc0/DS-b6a5c964-fc84-4adf-8175-52cc11ff33ea/container.db for volume DS-b6a5c964-fc84-4adf-8175-52cc11ff33ea
2025-04-17 16:40:41,650 [pool-237-thread-1] INFO  utils.BackgroundService (BackgroundService.java:shutdown(161)) - Shutting down service BlockDeletingService
2025-04-17 16:40:41,650 [pool-237-thread-1] INFO  utils.BackgroundService (BackgroundService.java:shutdown(161)) - Shutting down service StaleRecoveringContainerScrubbingService
2025-04-17 16:40:41,651 [pool-237-thread-1] INFO  statemachine.DatanodeStateMachine (DatanodeStateMachine.java:stopDaemon(629)) - Ozone container server stopped.
2025-04-17 16:40:41,662 [pool-237-thread-1] INFO  handler.ContextHandler (ContextHandler.java:doStop(1159)) - Stopped o.e.j.w.WebAppContext@7ec6cb51{hddsDatanode,/,null,STOPPED}{jar:file:/home/runner/work/ozone/ozone/hadoop-hdds/container-service/target/hdds-container-service-2.1.0-SNAPSHOT.jar!/webapps/hddsDatanode}
2025-04-17 16:40:41,663 [pool-237-thread-1] INFO  server.AbstractConnector (AbstractConnector.java:doStop(383)) - Stopped ServerConnector@7b61b614{HTTP/1.1, (http/1.1)}{0.0.0.0:15018}
2025-04-17 16:40:41,663 [pool-237-thread-1] INFO  server.session (HouseKeeper.java:stopScavenging(149)) - node0 Stopped scavenging
2025-04-17 16:40:41,663 [pool-237-thread-1] INFO  handler.ContextHandler (ContextHandler.java:doStop(1159)) - Stopped o.e.j.s.ServletContextHandler@22a52fa8{static,/static,jar:file:/home/runner/work/ozone/ozone/hadoop-hdds/container-service/target/hdds-container-service-2.1.0-SNAPSHOT.jar!/webapps/static,STOPPED}
2025-04-17 16:40:41,663 [pool-237-thread-1] INFO  handler.ContextHandler (ContextHandler.java:doStop(1159)) - Stopped o.e.j.s.ServletContextHandler@6d2d7a55{logs,/logs,file:///home/runner/work/ozone/ozone/hadoop-ozone/integration-test/target/log,STOPPED}
2025-04-17 16:40:41,664 [pool-237-thread-1] INFO  ozone.HddsDatanodeClientProtocolServer (HddsDatanodeClientProtocolServer.java:stop(82)) - Stopping the RPC server for Client Protocol
2025-04-17 16:40:41,664 [pool-237-thread-1] INFO  ipc.Server (Server.java:stop(3697)) - Stopping server on 15019
2025-04-17 16:40:41,665 [IPC Server listener on 15019] INFO  ipc.Server (Server.java:run(1585)) - Stopping IPC Server listener on 15019
2025-04-17 16:40:41,666 [IPC Server Responder] INFO  ipc.Server (Server.java:run(1718)) - Stopping IPC Server Responder
2025-04-17 16:40:42,406 [ForkJoinPool.commonPool-worker-1] INFO  utils.DatanodeStoreCache (DatanodeStoreCache.java:shutdownCache(115)) - Skip clearing cache in mini cluster mode. Entries left: [/home/runner/work/ozone/ozone/hadoop-ozone/integration-test/target/test-dir/MiniOzoneClusterImpl-26e726f8-5cec-4c14-bf14-45d4895febc0/ozone-meta/datanode-3/data-0/hdds/26e726f8-5cec-4c14-bf14-45d4895febc0/DS-c2ed9a67-6500-4afd-8cdd-e4ab20ff1369/container.db, /home/runner/work/ozone/ozone/hadoop-ozone/integration-test/target/test-dir/MiniOzoneClusterImpl-26e726f8-5cec-4c14-bf14-45d4895febc0/ozone-meta/datanode-4/data-0/hdds/26e726f8-5cec-4c14-bf14-45d4895febc0/DS-cdd32eac-becf-4f13-a705-705c79b51355/container.db, /home/runner/work/ozone/ozone/hadoop-ozone/integration-test/target/test-dir/MiniOzoneClusterImpl-26e726f8-5cec-4c14-bf14-45d4895febc0/ozone-meta/datanode-5/data-0/hdds/26e726f8-5cec-4c14-bf14-45d4895febc0/DS-13081b71-3b71-4b05-93b3-6cd3d1c073e8/container.db]
2025-04-17 16:40:42,407 [ForkJoinPool.commonPool-worker-1] INFO  utils.DatanodeStoreCache (DatanodeStoreCache.java:removeDB(109)) - Removed db /home/runner/work/ozone/ozone/hadoop-ozone/integration-test/target/test-dir/MiniOzoneClusterImpl-26e726f8-5cec-4c14-bf14-45d4895febc0/ozone-meta/datanode-5/data-0/hdds/26e726f8-5cec-4c14-bf14-45d4895febc0/DS-13081b71-3b71-4b05-93b3-6cd3d1c073e8/container.db from cache
2025-04-17 16:40:42,407 [ForkJoinPool.commonPool-worker-1] INFO  volume.HddsVolume (HddsVolume.java:closeDbStore(488)) - SchemaV3 db is stopped at /home/runner/work/ozone/ozone/hadoop-ozone/integration-test/target/test-dir/MiniOzoneClusterImpl-26e726f8-5cec-4c14-bf14-45d4895febc0/ozone-meta/datanode-5/data-0/hdds/26e726f8-5cec-4c14-bf14-45d4895febc0/DS-13081b71-3b71-4b05-93b3-6cd3d1c073e8/container.db for volume DS-13081b71-3b71-4b05-93b3-6cd3d1c073e8
2025-04-17 16:40:42,408 [ForkJoinPool.commonPool-worker-1] INFO  utils.BackgroundService (BackgroundService.java:shutdown(161)) - Shutting down service BlockDeletingService
2025-04-17 16:40:42,408 [ForkJoinPool.commonPool-worker-1] INFO  utils.BackgroundService (BackgroundService.java:shutdown(161)) - Shutting down service StaleRecoveringContainerScrubbingService
2025-04-17 16:40:42,409 [ForkJoinPool.commonPool-worker-1] INFO  statemachine.DatanodeStateMachine (DatanodeStateMachine.java:stopDaemon(629)) - Ozone container server stopped.
2025-04-17 16:40:42,421 [ForkJoinPool.commonPool-worker-1] INFO  handler.ContextHandler (ContextHandler.java:doStop(1159)) - Stopped o.e.j.w.WebAppContext@156187bf{hddsDatanode,/,null,STOPPED}{jar:file:/home/runner/work/ozone/ozone/hadoop-hdds/container-service/target/hdds-container-service-2.1.0-SNAPSHOT.jar!/webapps/hddsDatanode}
2025-04-17 16:40:42,421 [ForkJoinPool.commonPool-worker-1] INFO  server.AbstractConnector (AbstractConnector.java:doStop(383)) - Stopped ServerConnector@13312ba2{HTTP/1.1, (http/1.1)}{0.0.0.0:15042}
2025-04-17 16:40:42,421 [ForkJoinPool.commonPool-worker-1] INFO  server.session (HouseKeeper.java:stopScavenging(149)) - node0 Stopped scavenging
2025-04-17 16:40:42,421 [ForkJoinPool.commonPool-worker-1] INFO  handler.ContextHandler (ContextHandler.java:doStop(1159)) - Stopped o.e.j.s.ServletContextHandler@536efbfe{static,/static,jar:file:/home/runner/work/ozone/ozone/hadoop-hdds/container-service/target/hdds-container-service-2.1.0-SNAPSHOT.jar!/webapps/static,STOPPED}
2025-04-17 16:40:42,422 [ForkJoinPool.commonPool-worker-1] INFO  handler.ContextHandler (ContextHandler.java:doStop(1159)) - Stopped o.e.j.s.ServletContextHandler@3a6b8805{logs,/logs,file:///home/runner/work/ozone/ozone/hadoop-ozone/integration-test/target/log,STOPPED}
2025-04-17 16:40:42,422 [ForkJoinPool.commonPool-worker-1] INFO  ozone.HddsDatanodeClientProtocolServer (HddsDatanodeClientProtocolServer.java:stop(82)) - Stopping the RPC server for Client Protocol
2025-04-17 16:40:42,423 [ForkJoinPool.commonPool-worker-1] INFO  ipc.Server (Server.java:stop(3697)) - Stopping server on 15043
2025-04-17 16:40:42,424 [IPC Server listener on 15043] INFO  ipc.Server (Server.java:run(1585)) - Stopping IPC Server listener on 15043
2025-04-17 16:40:42,424 [IPC Server Responder] INFO  ipc.Server (Server.java:run(1718)) - Stopping IPC Server Responder
2025-04-17 16:40:42,441 [EventQueue-StaleNodeForStaleNodeHandler] INFO  node.StaleNodeHandler (StaleNodeHandler.java:onMessage(51)) - Datanode 4a3059aa-ae89-4e47-8f1e-08d61ab31d43(localhost/127.0.0.1) moved to stale state. Finalizing its pipelines [PipelineID=28f6bf2a-ab60-428a-8f95-93f6c2665618]
2025-04-17 16:40:42,444 [EventQueue-StaleNodeForStaleNodeHandler] INFO  pipeline.PipelineManagerImpl (PipelineManagerImpl.java:closePipeline(523)) - Pipeline PipelineID=28f6bf2a-ab60-428a-8f95-93f6c2665618 moved to CLOSED state
2025-04-17 16:40:43,067 [main] INFO  utils.DatanodeStoreCache (DatanodeStoreCache.java:shutdownCache(115)) - Skip clearing cache in mini cluster mode. Entries left: [/home/runner/work/ozone/ozone/hadoop-ozone/integration-test/target/test-dir/MiniOzoneClusterImpl-26e726f8-5cec-4c14-bf14-45d4895febc0/ozone-meta/datanode-3/data-0/hdds/26e726f8-5cec-4c14-bf14-45d4895febc0/DS-c2ed9a67-6500-4afd-8cdd-e4ab20ff1369/container.db, /home/runner/work/ozone/ozone/hadoop-ozone/integration-test/target/test-dir/MiniOzoneClusterImpl-26e726f8-5cec-4c14-bf14-45d4895febc0/ozone-meta/datanode-4/data-0/hdds/26e726f8-5cec-4c14-bf14-45d4895febc0/DS-cdd32eac-becf-4f13-a705-705c79b51355/container.db]
2025-04-17 16:40:43,068 [main] INFO  utils.DatanodeStoreCache (DatanodeStoreCache.java:removeDB(109)) - Removed db /home/runner/work/ozone/ozone/hadoop-ozone/integration-test/target/test-dir/MiniOzoneClusterImpl-26e726f8-5cec-4c14-bf14-45d4895febc0/ozone-meta/datanode-3/data-0/hdds/26e726f8-5cec-4c14-bf14-45d4895febc0/DS-c2ed9a67-6500-4afd-8cdd-e4ab20ff1369/container.db from cache
2025-04-17 16:40:43,068 [main] INFO  volume.HddsVolume (HddsVolume.java:closeDbStore(488)) - SchemaV3 db is stopped at /home/runner/work/ozone/ozone/hadoop-ozone/integration-test/target/test-dir/MiniOzoneClusterImpl-26e726f8-5cec-4c14-bf14-45d4895febc0/ozone-meta/datanode-3/data-0/hdds/26e726f8-5cec-4c14-bf14-45d4895febc0/DS-c2ed9a67-6500-4afd-8cdd-e4ab20ff1369/container.db for volume DS-c2ed9a67-6500-4afd-8cdd-e4ab20ff1369
2025-04-17 16:40:43,068 [main] INFO  utils.BackgroundService (BackgroundService.java:shutdown(161)) - Shutting down service BlockDeletingService
2025-04-17 16:40:43,069 [main] INFO  utils.BackgroundService (BackgroundService.java:shutdown(161)) - Shutting down service StaleRecoveringContainerScrubbingService
2025-04-17 16:40:43,069 [main] INFO  statemachine.DatanodeStateMachine (DatanodeStateMachine.java:stopDaemon(629)) - Ozone container server stopped.
2025-04-17 16:40:43,081 [main] INFO  handler.ContextHandler (ContextHandler.java:doStop(1159)) - Stopped o.e.j.w.WebAppContext@62dd8ce7{hddsDatanode,/,null,STOPPED}{jar:file:/home/runner/work/ozone/ozone/hadoop-hdds/container-service/target/hdds-container-service-2.1.0-SNAPSHOT.jar!/webapps/hddsDatanode}
2025-04-17 16:40:43,082 [main] INFO  server.AbstractConnector (AbstractConnector.java:doStop(383)) - Stopped ServerConnector@266a77ac{HTTP/1.1, (http/1.1)}{0.0.0.0:15026}
2025-04-17 16:40:43,082 [main] INFO  server.session (HouseKeeper.java:stopScavenging(149)) - node0 Stopped scavenging
2025-04-17 16:40:43,082 [main] INFO  handler.ContextHandler (ContextHandler.java:doStop(1159)) - Stopped o.e.j.s.ServletContextHandler@5dd12d01{static,/static,jar:file:/home/runner/work/ozone/ozone/hadoop-hdds/container-service/target/hdds-container-service-2.1.0-SNAPSHOT.jar!/webapps/static,STOPPED}
2025-04-17 16:40:43,082 [main] INFO  handler.ContextHandler (ContextHandler.java:doStop(1159)) - Stopped o.e.j.s.ServletContextHandler@7f26f394{logs,/logs,file:///home/runner/work/ozone/ozone/hadoop-ozone/integration-test/target/log,STOPPED}
2025-04-17 16:40:43,083 [main] INFO  ozone.HddsDatanodeClientProtocolServer (HddsDatanodeClientProtocolServer.java:stop(82)) - Stopping the RPC server for Client Protocol
2025-04-17 16:40:43,083 [main] INFO  ipc.Server (Server.java:stop(3697)) - Stopping server on 15027
2025-04-17 16:40:43,085 [IPC Server listener on 15027] INFO  ipc.Server (Server.java:run(1585)) - Stopping IPC Server listener on 15027
2025-04-17 16:40:43,085 [IPC Server Responder] INFO  ipc.Server (Server.java:run(1718)) - Stopping IPC Server Responder
2025-04-17 16:40:43,110 [ForkJoinPool.commonPool-worker-3] INFO  utils.DatanodeStoreCache (DatanodeStoreCache.java:shutdownCache(115)) - Skip clearing cache in mini cluster mode. Entries left: [/home/runner/work/ozone/ozone/hadoop-ozone/integration-test/target/test-dir/MiniOzoneClusterImpl-26e726f8-5cec-4c14-bf14-45d4895febc0/ozone-meta/datanode-4/data-0/hdds/26e726f8-5cec-4c14-bf14-45d4895febc0/DS-cdd32eac-becf-4f13-a705-705c79b51355/container.db]
2025-04-17 16:40:43,110 [ForkJoinPool.commonPool-worker-3] INFO  utils.DatanodeStoreCache (DatanodeStoreCache.java:removeDB(109)) - Removed db /home/runner/work/ozone/ozone/hadoop-ozone/integration-test/target/test-dir/MiniOzoneClusterImpl-26e726f8-5cec-4c14-bf14-45d4895febc0/ozone-meta/datanode-4/data-0/hdds/26e726f8-5cec-4c14-bf14-45d4895febc0/DS-cdd32eac-becf-4f13-a705-705c79b51355/container.db from cache
2025-04-17 16:40:43,111 [ForkJoinPool.commonPool-worker-3] INFO  volume.HddsVolume (HddsVolume.java:closeDbStore(488)) - SchemaV3 db is stopped at /home/runner/work/ozone/ozone/hadoop-ozone/integration-test/target/test-dir/MiniOzoneClusterImpl-26e726f8-5cec-4c14-bf14-45d4895febc0/ozone-meta/datanode-4/data-0/hdds/26e726f8-5cec-4c14-bf14-45d4895febc0/DS-cdd32eac-becf-4f13-a705-705c79b51355/container.db for volume DS-cdd32eac-becf-4f13-a705-705c79b51355
2025-04-17 16:40:43,111 [ForkJoinPool.commonPool-worker-3] INFO  utils.BackgroundService (BackgroundService.java:shutdown(161)) - Shutting down service BlockDeletingService
2025-04-17 16:40:43,111 [ForkJoinPool.commonPool-worker-3] INFO  utils.BackgroundService (BackgroundService.java:shutdown(161)) - Shutting down service StaleRecoveringContainerScrubbingService
2025-04-17 16:40:43,112 [ForkJoinPool.commonPool-worker-3] INFO  statemachine.DatanodeStateMachine (DatanodeStateMachine.java:stopDaemon(629)) - Ozone container server stopped.
2025-04-17 16:40:43,123 [ForkJoinPool.commonPool-worker-3] INFO  handler.ContextHandler (ContextHandler.java:doStop(1159)) - Stopped o.e.j.w.WebAppContext@7f0bd5ed{hddsDatanode,/,null,STOPPED}{jar:file:/home/runner/work/ozone/ozone/hadoop-hdds/container-service/target/hdds-container-service-2.1.0-SNAPSHOT.jar!/webapps/hddsDatanode}
2025-04-17 16:40:43,124 [ForkJoinPool.commonPool-worker-3] INFO  server.AbstractConnector (AbstractConnector.java:doStop(383)) - Stopped ServerConnector@5279a1ca{HTTP/1.1, (http/1.1)}{0.0.0.0:15034}
2025-04-17 16:40:43,124 [ForkJoinPool.commonPool-worker-3] INFO  server.session (HouseKeeper.java:stopScavenging(149)) - node0 Stopped scavenging
2025-04-17 16:40:43,124 [ForkJoinPool.commonPool-worker-3] INFO  handler.ContextHandler (ContextHandler.java:doStop(1159)) - Stopped o.e.j.s.ServletContextHandler@4e5b0a90{static,/static,jar:file:/home/runner/work/ozone/ozone/hadoop-hdds/container-service/target/hdds-container-service-2.1.0-SNAPSHOT.jar!/webapps/static,STOPPED}
2025-04-17 16:40:43,124 [ForkJoinPool.commonPool-worker-3] INFO  handler.ContextHandler (ContextHandler.java:doStop(1159)) - Stopped o.e.j.s.ServletContextHandler@bc86ac{logs,/logs,file:///home/runner/work/ozone/ozone/hadoop-ozone/integration-test/target/log,STOPPED}
2025-04-17 16:40:43,125 [ForkJoinPool.commonPool-worker-3] INFO  ozone.HddsDatanodeClientProtocolServer (HddsDatanodeClientProtocolServer.java:stop(82)) - Stopping the RPC server for Client Protocol
2025-04-17 16:40:43,125 [ForkJoinPool.commonPool-worker-3] INFO  ipc.Server (Server.java:stop(3697)) - Stopping server on 15035
2025-04-17 16:40:43,126 [IPC Server listener on 15035] INFO  ipc.Server (Server.java:run(1585)) - Stopping IPC Server listener on 15035
2025-04-17 16:40:43,126 [IPC Server Responder] INFO  ipc.Server (Server.java:run(1718)) - Stopping IPC Server Responder
2025-04-17 16:40:43,126 [main] INFO  ozone.MiniOzoneClusterImpl (MiniOzoneClusterImpl.java:stopSCM(490)) - Stopping the StorageContainerManager
2025-04-17 16:40:43,126 [main] INFO  server.StorageContainerManager (StorageContainerManager.java:stop(1608)) - Container Balancer is not running.
2025-04-17 16:40:43,126 [main] INFO  server.StorageContainerManager (StorageContainerManager.java:stopReplicationManager(1742)) - Stopping Replication Manager Service.
2025-04-17 16:40:43,127 [main] INFO  replication.ReplicationManager (ReplicationManager.java:stop(318)) - Stopping Replication Monitor Thread.
2025-04-17 16:40:43,127 [main] INFO  server.StorageContainerManager (StorageContainerManager.java:stop(1617)) - Stopping the Datanode Admin Monitor.
2025-04-17 16:40:43,127 [main] INFO  server.StorageContainerManager (StorageContainerManager.java:stop(1624)) - Stopping datanode service RPC server
2025-04-17 16:40:43,127 [ReplicationMonitor] INFO  replication.ReplicationManager (ReplicationManager.java:run(937)) - Replication Monitor Thread is stopped
2025-04-17 16:40:43,127 [OverReplicatedProcessor] WARN  replication.UnhealthyReplicationProcessor (UnhealthyReplicationProcessor.java:run(178)) - OverReplicatedProcessor interrupted. Exiting...
2025-04-17 16:40:43,127 [main] INFO  server.SCMDatanodeProtocolServer (SCMDatanodeProtocolServer.java:stop(448)) - Stopping the RPC server for DataNodes
2025-04-17 16:40:43,127 [main] INFO  ipc.Server (Server.java:stop(3697)) - Stopping server on 15002
2025-04-17 16:40:43,127 [UnderReplicatedProcessor] WARN  replication.UnhealthyReplicationProcessor (UnhealthyReplicationProcessor.java:run(178)) - UnderReplicatedProcessor interrupted. Exiting...
2025-04-17 16:40:43,132 [IPC Server listener on 15002] INFO  ipc.Server (Server.java:run(1585)) - Stopping IPC Server listener on 15002
2025-04-17 16:40:43,132 [IPC Server Responder] INFO  ipc.Server (Server.java:run(1718)) - Stopping IPC Server Responder
2025-04-17 16:40:43,142 [SCMHeartbeatProcessor-0] WARN  node.NodeStateManager (NodeStateManager.java:scheduleNextHealthCheck(918)) - Current Thread is interrupted, shutting down HB processing thread for Node Manager.
2025-04-17 16:40:43,142 [EventQueue-StaleNodeForStaleNodeHandler] INFO  node.StaleNodeHandler (StaleNodeHandler.java:onMessage(51)) - Datanode a6bf55e3-38e4-411e-ac0b-5acdb6a35656(localhost/127.0.0.1) moved to stale state. Finalizing its pipelines [PipelineID=9d238378-5046-4bed-a6e5-c713f1b5c815]
2025-04-17 16:40:43,142 [main] INFO  server.StorageContainerManager (StorageContainerManager.java:stop(1632)) - Stopping block service RPC server
2025-04-17 16:40:43,143 [main] INFO  server.SCMBlockProtocolServer (SCMBlockProtocolServer.java:stop(175)) - Stopping the RPC server for Block Protocol
2025-04-17 16:40:43,143 [main] INFO  ipc.Server (Server.java:stop(3697)) - Stopping server on 15001
2025-04-17 16:40:43,146 [EventQueue-StaleNodeForStaleNodeHandler] INFO  pipeline.PipelineManagerImpl (PipelineManagerImpl.java:closePipeline(523)) - Pipeline PipelineID=9d238378-5046-4bed-a6e5-c713f1b5c815 moved to CLOSED state
2025-04-17 16:40:43,146 [EventQueue-StaleNodeForStaleNodeHandler] INFO  node.StaleNodeHandler (StaleNodeHandler.java:onMessage(51)) - Datanode d6a19b8b-82a2-4947-8b44-7228be6ad053(localhost/127.0.0.1) moved to stale state. Finalizing its pipelines [PipelineID=fee43c58-ff5a-4ec2-8da7-6cdead350f28]
2025-04-17 16:40:43,147 [IPC Server listener on 15001] INFO  ipc.Server (Server.java:run(1585)) - Stopping IPC Server listener on 15001
2025-04-17 16:40:43,147 [main] INFO  server.StorageContainerManager (StorageContainerManager.java:stop(1639)) - Stopping the StorageContainerLocationProtocol RPC server
2025-04-17 16:40:43,147 [IPC Server Responder] INFO  ipc.Server (Server.java:run(1718)) - Stopping IPC Server Responder
2025-04-17 16:40:43,149 [EventQueue-StaleNodeForStaleNodeHandler] INFO  pipeline.PipelineManagerImpl (PipelineManagerImpl.java:closePipeline(523)) - Pipeline PipelineID=fee43c58-ff5a-4ec2-8da7-6cdead350f28 moved to CLOSED state
2025-04-17 16:40:43,150 [main] INFO  server.SCMClientProtocolServer (SCMClientProtocolServer.java:stop(216)) - Stopping the RPC server for Client Protocol
2025-04-17 16:40:43,150 [main] INFO  ipc.Server (Server.java:stop(3697)) - Stopping server on 15000
2025-04-17 16:40:43,155 [IPC Server listener on 15000] INFO  ipc.Server (Server.java:run(1585)) - Stopping IPC Server listener on 15000
2025-04-17 16:40:43,155 [main] INFO  server.StorageContainerManager (StorageContainerManager.java:stop(1646)) - Stopping Storage Container Manager HTTP server.
2025-04-17 16:40:43,156 [IPC Server Responder] INFO  ipc.Server (Server.java:run(1718)) - Stopping IPC Server Responder
2025-04-17 16:40:43,156 [main] INFO  handler.ContextHandler (ContextHandler.java:doStop(1159)) - Stopped o.e.j.w.WebAppContext@20276412{scm,/,null,STOPPED}{file:/home/runner/work/ozone/ozone/hadoop-ozone/integration-test/target/test-classes/webapps/scm}
2025-04-17 16:40:43,157 [main] INFO  server.AbstractConnector (AbstractConnector.java:doStop(383)) - Stopped ServerConnector@4be5b9b1{HTTP/1.1, (http/1.1)}{0.0.0.0:15003}
2025-04-17 16:40:43,157 [main] INFO  server.session (HouseKeeper.java:stopScavenging(149)) - node0 Stopped scavenging
2025-04-17 16:40:43,157 [main] INFO  handler.ContextHandler (ContextHandler.java:doStop(1159)) - Stopped o.e.j.s.ServletContextHandler@1f251bf1{static,/static,file:///home/runner/work/ozone/ozone/hadoop-ozone/integration-test/target/test-classes/webapps/static,STOPPED}
2025-04-17 16:40:43,157 [main] INFO  handler.ContextHandler (ContextHandler.java:doStop(1159)) - Stopped o.e.j.s.ServletContextHandler@156f0281{logs,/logs,file:///home/runner/work/ozone/ozone/hadoop-ozone/integration-test/target/log,STOPPED}
2025-04-17 16:40:43,158 [main] INFO  server.StorageContainerManager (StorageContainerManager.java:stop(1654)) - Stopping SCM LayoutVersionManager Service.
2025-04-17 16:40:43,158 [main] INFO  server.StorageContainerManager (StorageContainerManager.java:stop(1666)) - Stopping Block Manager Service.
2025-04-17 16:40:43,158 [main] INFO  utils.BackgroundService (BackgroundService.java:shutdown(161)) - Shutting down service SCMBlockDeletingService
2025-04-17 16:40:43,159 [main] INFO  utils.BackgroundService (BackgroundService.java:shutdown(161)) - Shutting down service SCMBlockDeletingService
2025-04-17 16:40:43,159 [main] INFO  server.StorageContainerManager (StorageContainerManager.java:stop(1691)) - Stopping SCM Event Queue.
2025-04-17 16:40:43,161 [main] INFO  server.StorageContainerManager (StorageContainerManager.java:stop(1698)) - Stopping SCM HA services.
2025-04-17 16:40:43,161 [main] INFO  ha.SCMRatisServerImpl (SCMRatisServerImpl.java:stop(266)) - stopping ratis server 0.0.0.0:15004
2025-04-17 16:40:43,161 [main] INFO  server.RaftServer (RaftServerProxy.java:lambda$close$9(417)) - 50f19a77-e23b-421f-a833-5664bb01cf1c: close
2025-04-17 16:40:43,161 [main] INFO  server.GrpcService (GrpcService.java:closeImpl(343)) - 50f19a77-e23b-421f-a833-5664bb01cf1c: shutdown server GrpcServerProtocolService now
2025-04-17 16:40:43,161 [50f19a77-e23b-421f-a833-5664bb01cf1c-impl-thread1] INFO  server.RaftServer$Division (RaftServerImpl.java:lambda$close$1(513)) - 50f19a77-e23b-421f-a833-5664bb01cf1c@group-45D4895FEBC0: shutdown
2025-04-17 16:40:43,162 [50f19a77-e23b-421f-a833-5664bb01cf1c-impl-thread1] INFO  util.JmxRegister (JmxRegister.java:unregister(74)) - Successfully un-registered JMX Bean with object name Ratis:service=RaftServer,group=group-45D4895FEBC0,id=50f19a77-e23b-421f-a833-5664bb01cf1c
2025-04-17 16:40:43,162 [50f19a77-e23b-421f-a833-5664bb01cf1c-impl-thread1] INFO  impl.RoleInfo (RoleInfo.java:shutdownLeaderState(103)) - 50f19a77-e23b-421f-a833-5664bb01cf1c: shutdown 50f19a77-e23b-421f-a833-5664bb01cf1c@group-45D4895FEBC0-LeaderStateImpl
2025-04-17 16:40:43,162 [50f19a77-e23b-421f-a833-5664bb01cf1c-impl-thread1] INFO  impl.PendingRequests (PendingRequests.java:sendNotLeaderResponses(287)) - 50f19a77-e23b-421f-a833-5664bb01cf1c@group-45D4895FEBC0-PendingRequests: sendNotLeaderResponses
2025-04-17 16:40:43,162 [50f19a77-e23b-421f-a833-5664bb01cf1c-impl-thread1] INFO  ha.SCMStateMachine (SCMStateMachine.java:notifyNotLeader(211)) - current leader SCM steps down.
2025-04-17 16:40:43,162 [50f19a77-e23b-421f-a833-5664bb01cf1c-impl-thread1] INFO  ha.SCMContext (SCMContext.java:updateLeaderAndTerm(95)) - update <isLeader,term> from <true,2> to <false,0>
2025-04-17 16:40:43,162 [50f19a77-e23b-421f-a833-5664bb01cf1c-impl-thread1] INFO  ha.SCMContext (SCMContext.java:updateLeaderAndTerm(101)) - update <isLeaderReady> from <true> to <false>
2025-04-17 16:40:43,162 [50f19a77-e23b-421f-a833-5664bb01cf1c-impl-thread1] INFO  BackgroundPipelineScrubber (BackgroundSCMService.java:notifyStatusChanged(84)) - Service BackgroundPipelineScrubber transitions to PAUSING.
2025-04-17 16:40:43,162 [50f19a77-e23b-421f-a833-5664bb01cf1c-impl-thread1] INFO  ExpiredContainerReplicaOpScrubber (BackgroundSCMService.java:notifyStatusChanged(84)) - Service ExpiredContainerReplicaOpScrubber transitions to PAUSING.
2025-04-17 16:40:43,162 [50f19a77-e23b-421f-a833-5664bb01cf1c-impl-thread1] INFO  SCMHATransactionMonitor (BackgroundSCMService.java:notifyStatusChanged(84)) - Service SCMHATransactionMonitor transitions to PAUSING.
2025-04-17 16:40:43,162 [50f19a77-e23b-421f-a833-5664bb01cf1c-impl-thread1] INFO  impl.StateMachineUpdater (StateMachineUpdater.java:stopAndJoin(164)) - 50f19a77-e23b-421f-a833-5664bb01cf1c@group-45D4895FEBC0-StateMachineUpdater: set stopIndex = 56
2025-04-17 16:40:43,164 [50f19a77-e23b-421f-a833-5664bb01cf1c@group-45D4895FEBC0-StateMachineUpdater] INFO  ha.SCMStateMachine (SCMStateMachine.java:takeSnapshot(330)) - Current Snapshot Index 56, takeSnapshot took 1 ms
2025-04-17 16:40:43,164 [50f19a77-e23b-421f-a833-5664bb01cf1c@group-45D4895FEBC0-StateMachineUpdater] INFO  impl.StateMachineUpdater (StateMachineUpdater.java:takeSnapshot(303)) - 50f19a77-e23b-421f-a833-5664bb01cf1c@group-45D4895FEBC0-StateMachineUpdater: Took a snapshot at index 56
2025-04-17 16:40:43,164 [50f19a77-e23b-421f-a833-5664bb01cf1c@group-45D4895FEBC0-StateMachineUpdater] INFO  impl.StateMachineUpdater (StateMachineUpdater.java:lambda$new$0(102)) - 50f19a77-e23b-421f-a833-5664bb01cf1c@group-45D4895FEBC0-StateMachineUpdater: snapshotIndex: updateIncreasingly -1 -> 56
2025-04-17 16:40:43,164 [50f19a77-e23b-421f-a833-5664bb01cf1c@group-45D4895FEBC0-StateMachineUpdater] INFO  impl.StateMachineUpdater (StateMachineUpdater.java:stop(141)) - 50f19a77-e23b-421f-a833-5664bb01cf1c@group-45D4895FEBC0-StateMachineUpdater: closing SCMStateMachine, lastApplied=(t:2, i:56)
2025-04-17 16:40:43,164 [50f19a77-e23b-421f-a833-5664bb01cf1c@group-45D4895FEBC0-cacheEviction-AwaitToRun] INFO  util.AwaitToRun (AwaitToRun.java:run(49)) - 50f19a77-e23b-421f-a833-5664bb01cf1c@group-45D4895FEBC0-cacheEviction-AwaitToRun-AwaitForSignal is interrupted
2025-04-17 16:40:43,166 [main] INFO  server.GrpcService (GrpcService.java:closeImpl(352)) - 50f19a77-e23b-421f-a833-5664bb01cf1c: shutdown server GrpcServerProtocolService successfully
2025-04-17 16:40:44,150 [50f19a77-e23b-421f-a833-5664bb01cf1c-impl-thread1] INFO  segmented.SegmentedRaftLogWorker (SegmentedRaftLogWorker.java:close(252)) - 50f19a77-e23b-421f-a833-5664bb01cf1c@group-45D4895FEBC0-SegmentedRaftLogWorker close()
2025-04-17 16:40:44,150 [JvmPauseMonitor1] INFO  util.JvmPauseMonitor (JvmPauseMonitor.java:run(152)) - JvmPauseMonitor-50f19a77-e23b-421f-a833-5664bb01cf1c: Stopped
2025-04-17 16:40:44,151 [main] INFO  SCMHATransactionMonitor (BackgroundSCMService.java:stop(127)) - Stopping SCMHATransactionMonitor Service.
2025-04-17 16:40:44,151 [SCMHATransactionMonitor] WARN  SCMHATransactionMonitor (BackgroundSCMService.java:run(111)) - SCMHATransactionMonitor is interrupted, exit
2025-04-17 16:40:44,151 [main] INFO  pipeline.BackgroundPipelineCreator (BackgroundPipelineCreator.java:stop(155)) - Stopping RatisPipelineUtilsThread.
2025-04-17 16:40:44,151 [RatisPipelineUtilsThread-0] WARN  pipeline.BackgroundPipelineCreator (BackgroundPipelineCreator.java:run(186)) - RatisPipelineUtilsThread is interrupted.
2025-04-17 16:40:44,151 [BackgroundPipelineScrubber] WARN  BackgroundPipelineScrubber (BackgroundSCMService.java:run(111)) - BackgroundPipelineScrubber is interrupted, exit
2025-04-17 16:40:44,151 [main] INFO  BackgroundPipelineScrubber (BackgroundSCMService.java:stop(127)) - Stopping BackgroundPipelineScrubber Service.
2025-04-17 16:40:44,152 [main] INFO  impl.MetricsSystemImpl (MetricsSystemImpl.java:stop(210)) - Stopping HddsDatanode metrics system...
2025-04-17 16:40:44,153 [prometheus] INFO  impl.MetricsSinkAdapter (MetricsSinkAdapter.java:publishMetricsFromQueue(141)) - prometheus thread interrupted.
2025-04-17 16:40:44,153 [main] INFO  impl.MetricsSystemImpl (MetricsSystemImpl.java:stop(216)) - HddsDatanode metrics system stopped.
2025-04-17 16:40:44,153 [main] WARN  pipeline.BackgroundPipelineCreator (BackgroundPipelineCreator.java:stop(151)) - RatisPipelineUtilsThread is not running, just ignore.
2025-04-17 16:40:44,153 [main] INFO  BackgroundPipelineScrubber (BackgroundSCMService.java:stop(122)) - BackgroundPipelineScrubber Service is not running, skip stop.
2025-04-17 16:40:44,153 [main] INFO  ExpiredContainerReplicaOpScrubber (BackgroundSCMService.java:stop(127)) - Stopping ExpiredContainerReplicaOpScrubber Service.
2025-04-17 16:40:44,153 [main] INFO  utils.BackgroundService (BackgroundService.java:shutdown(161)) - Shutting down service SCMBlockDeletingService
2025-04-17 16:40:44,153 [main] INFO  replication.ReplicationManager (ReplicationManager.java:stop(325)) - Replication Monitor Thread is not running.
2025-04-17 16:40:44,154 [main] WARN  balancer.ContainerBalancer (ContainerBalancer.java:stop(349)) - Cannot stop Container Balancer because it's not running or stopping
2025-04-17 16:40:44,154 [main] INFO  SCMHATransactionMonitor (BackgroundSCMService.java:stop(122)) - SCMHATransactionMonitor Service is not running, skip stop.
2025-04-17 16:40:44,154 [LeaseManager#LeaseMonitor] WARN  lease.LeaseManager (LeaseManager.java:run(285)) - Lease manager is interrupted. Shutting down...
java.lang.InterruptedException
	at java.base/java.util.concurrent.locks.AbstractQueuedSynchronizer.tryAcquireSharedNanos(AbstractQueuedSynchronizer.java:1133)
	at java.base/java.util.concurrent.Semaphore.tryAcquire(Semaphore.java:415)
	at org.apache.hadoop.ozone.lease.LeaseManager$LeaseMonitor.run(LeaseManager.java:283)
	at java.base/java.lang.Thread.run(Thread.java:1583)
2025-04-17 16:40:44,154 [ExpiredContainerReplicaOpScrubber] WARN  ExpiredContainerReplicaOpScrubber (BackgroundSCMService.java:run(111)) - ExpiredContainerReplicaOpScrubber is interrupted, exit
2025-04-17 16:40:44,154 [main] INFO  server.StorageContainerManager (StorageContainerManager.java:stop(1733)) - Stopping SCM MetadataStore.
]]></system-out>
  </testcase>
</testsuite>