<?xml version="1.0" encoding="UTF-8"?>
<testsuite xmlns:xsi="http://www.w3.org/2001/XMLSchema-instance" xsi:noNamespaceSchemaLocation="https://maven.apache.org/surefire/maven-surefire-plugin/xsd/surefire-test-report.xsd" name="org.apache.hadoop.ozone.container.common.statemachine.commandhandler.TestCloseContainerByPipeline" time="61.474" tests="4" errors="0" skipped="0" failures="1">
  <properties>
    <property name="awt.toolkit" value="sun.awt.X11.XToolkit"/>
    <property name="file.encoding.pkg" value="sun.io"/>
    <property name="java.specification.version" value="1.8"/>
    <property name="sun.cpu.isalist" value=""/>
    <property name="sun.jnu.encoding" value="ANSI_X3.4-1968"/>
    <property name="java.class.path" value="/github/workspace/mnt/ozone/hadoop-ozone/integration-test/target/test-classes:/github/workspace/mnt/ozone/hadoop-ozone/integration-test/target/classes:/home/user/.m2/repository/org/apache/hadoop/hadoop-ozone-common/0.6.0-SNAPSHOT/hadoop-ozone-common-0.6.0-SNAPSHOT.jar:/home/user/.m2/repository/org/apache/commons/commons-compress/1.4.1/commons-compress-1.4.1.jar:/home/user/.m2/repository/org/tukaani/xz/1.0/xz-1.0.jar:/home/user/.m2/repository/org/apache/hadoop/hadoop-hdds-common/0.6.0-SNAPSHOT/hadoop-hdds-common-0.6.0-SNAPSHOT.jar:/home/user/.m2/repository/org/apache/hadoop/hadoop-hdds-hadoop-dependency-client/0.6.0-SNAPSHOT/hadoop-hdds-hadoop-dependency-client-0.6.0-SNAPSHOT.jar:/home/user/.m2/repository/info/picocli/picocli/3.9.6/picocli-3.9.6.jar:/home/user/.m2/repository/com/fasterxml/jackson/core/jackson-annotations/2.10.3/jackson-annotations-2.10.3.jar:/home/user/.m2/repository/javax/annotation/javax.annotation-api/1.2/javax.annotation-api-1.2.jar:/home/user/.m2/repository/org/apache/ratis/ratis-server/0.6.0-6ab75ae-SNAPSHOT/ratis-server-0.6.0-6ab75ae-SNAPSHOT.jar:/home/user/.m2/repository/org/apache/ratis/ratis-client/0.6.0-6ab75ae-SNAPSHOT/ratis-client-0.6.0-6ab75ae-SNAPSHOT.jar:/home/user/.m2/repository/org/apache/ratis/ratis-metrics/0.6.0-6ab75ae-SNAPSHOT/ratis-metrics-0.6.0-6ab75ae-SNAPSHOT.jar:/home/user/.m2/repository/org/apache/ratis/ratis-netty/0.6.0-6ab75ae-SNAPSHOT/ratis-netty-0.6.0-6ab75ae-SNAPSHOT.jar:/home/user/.m2/repository/org/apache/ratis/ratis-grpc/0.6.0-6ab75ae-SNAPSHOT/ratis-grpc-0.6.0-6ab75ae-SNAPSHOT.jar:/home/user/.m2/repository/org/apache/logging/log4j/log4j-api/2.11.0/log4j-api-2.11.0.jar:/home/user/.m2/repository/org/apache/logging/log4j/log4j-core/2.11.0/log4j-core-2.11.0.jar:/home/user/.m2/repository/com/lmax/disruptor/3.4.2/disruptor-3.4.2.jar:/home/user/.m2/repository/org/apache/commons/commons-pool2/2.6.0/commons-pool2-2.6.0.jar:/home/user/.m2/repository/org/bouncycastle/bcpkix-jdk15on/1.60/bcpkix-jdk15on-1.60.jar:/home/user/.m2/repository/commons-validator/commons-validator/1.6/commons-validator-1.6.jar:/home/user/.m2/repository/commons-digester/commons-digester/1.8.1/commons-digester-1.8.1.jar:/home/user/.m2/repository/io/jaegertracing/jaeger-client/1.2.0/jaeger-client-1.2.0.jar:/home/user/.m2/repository/io/jaegertracing/jaeger-thrift/1.2.0/jaeger-thrift-1.2.0.jar:/home/user/.m2/repository/org/apache/thrift/libthrift/0.13.0/libthrift-0.13.0.jar:/home/user/.m2/repository/com/squareup/okhttp3/okhttp/4.2.2/okhttp-4.2.2.jar:/home/user/.m2/repository/com/squareup/okio/okio/2.2.2/okio-2.2.2.jar:/home/user/.m2/repository/org/jetbrains/kotlin/kotlin-stdlib/1.3.50/kotlin-stdlib-1.3.50.jar:/home/user/.m2/repository/org/jetbrains/kotlin/kotlin-stdlib-common/1.3.50/kotlin-stdlib-common-1.3.50.jar:/home/user/.m2/repository/org/jetbrains/annotations/13.0/annotations-13.0.jar:/home/user/.m2/repository/io/jaegertracing/jaeger-core/1.2.0/jaeger-core-1.2.0.jar:/home/user/.m2/repository/io/jaegertracing/jaeger-tracerresolver/1.2.0/jaeger-tracerresolver-1.2.0.jar:/home/user/.m2/repository/io/opentracing/contrib/opentracing-tracerresolver/0.1.8/opentracing-tracerresolver-0.1.8.jar:/home/user/.m2/repository/io/opentracing/opentracing-util/0.33.0/opentracing-util-0.33.0.jar:/home/user/.m2/repository/io/opentracing/opentracing-api/0.33.0/opentracing-api-0.33.0.jar:/home/user/.m2/repository/io/opentracing/opentracing-noop/0.33.0/opentracing-noop-0.33.0.jar:/home/user/.m2/repository/org/apache/hadoop/hadoop-hdds-client/0.6.0-SNAPSHOT/hadoop-hdds-client-0.6.0-SNAPSHOT.jar:/home/user/.m2/repository/org/apache/hadoop/hadoop-ozone-interface-client/0.6.0-SNAPSHOT/hadoop-ozone-interface-client-0.6.0-SNAPSHOT.jar:/home/user/.m2/repository/org/apache/hadoop/hadoop-hdds-test-utils/0.6.0-SNAPSHOT/hadoop-hdds-test-utils-0.6.0-SNAPSHOT.jar:/home/user/.m2/repository/com/google/guava/guava/28.2-jre/guava-28.2-jre.jar:/home/user/.m2/repository/com/google/guava/failureaccess/1.0.1/failureaccess-1.0.1.jar:/home/user/.m2/repository/com/google/guava/listenablefuture/9999.0-empty-to-avoid-conflict-with-guava/listenablefuture-9999.0-empty-to-avoid-conflict-with-guava.jar:/home/user/.m2/repository/com/google/code/findbugs/jsr305/3.0.0/jsr305-3.0.0.jar:/home/user/.m2/repository/org/checkerframework/checker-qual/2.10.0/checker-qual-2.10.0.jar:/home/user/.m2/repository/com/google/errorprone/error_prone_annotations/2.2.0/error_prone_annotations-2.2.0.jar:/home/user/.m2/repository/com/google/j2objc/j2objc-annotations/1.3/j2objc-annotations-1.3.jar:/home/user/.m2/repository/commons-io/commons-io/2.5/commons-io-2.5.jar:/home/user/.m2/repository/commons-logging/commons-logging/1.2/commons-logging-1.2.jar:/home/user/.m2/repository/log4j/log4j/1.2.17/log4j-1.2.17.jar:/home/user/.m2/repository/org/slf4j/slf4j-api/1.7.25/slf4j-api-1.7.25.jar:/home/user/.m2/repository/org/apache/hadoop/hadoop-hdds-server-scm/0.6.0-SNAPSHOT/hadoop-hdds-server-scm-0.6.0-SNAPSHOT.jar:/home/user/.m2/repository/org/apache/hadoop/hadoop-hdds-container-service/0.6.0-SNAPSHOT/hadoop-hdds-container-service-0.6.0-SNAPSHOT.jar:/home/user/.m2/repository/org/apache/hadoop/hadoop-hdds-hadoop-dependency-server/0.6.0-SNAPSHOT/hadoop-hdds-hadoop-dependency-server-0.6.0-SNAPSHOT.jar:/home/user/.m2/repository/org/apache/hadoop/hadoop-hdds-server-framework/0.6.0-SNAPSHOT/hadoop-hdds-server-framework-0.6.0-SNAPSHOT.jar:/home/user/.m2/repository/org/apache/hadoop/hadoop-hdds-interface-server/0.6.0-SNAPSHOT/hadoop-hdds-interface-server-0.6.0-SNAPSHOT.jar:/home/user/.m2/repository/org/apache/hadoop/hadoop-hdds-interface-admin/0.6.0-SNAPSHOT/hadoop-hdds-interface-admin-0.6.0-SNAPSHOT.jar:/home/user/.m2/repository/org/rocksdb/rocksdbjni/6.8.1/rocksdbjni-6.8.1.jar:/home/user/.m2/repository/io/prometheus/simpleclient_dropwizard/0.7.0/simpleclient_dropwizard-0.7.0.jar:/home/user/.m2/repository/io/prometheus/simpleclient/0.7.0/simpleclient-0.7.0.jar:/home/user/.m2/repository/io/prometheus/simpleclient_common/0.7.0/simpleclient_common-0.7.0.jar:/home/user/.m2/repository/com/fasterxml/jackson/datatype/jackson-datatype-jsr310/2.10.3/jackson-datatype-jsr310-2.10.3.jar:/home/user/.m2/repository/org/apache/hadoop/hadoop-hdds-docs/0.6.0-SNAPSHOT/hadoop-hdds-docs-0.6.0-SNAPSHOT.jar:/home/user/.m2/repository/io/dropwizard/metrics/metrics-core/3.2.4/metrics-core-3.2.4.jar:/home/user/.m2/repository/org/apache/hadoop/hadoop-hdfs-client/3.2.1/hadoop-hdfs-client-3.2.1.jar:/home/user/.m2/repository/org/bouncycastle/bcprov-jdk15on/1.60/bcprov-jdk15on-1.60.jar:/home/user/.m2/repository/org/apache/hadoop/hadoop-ozone-ozone-manager/0.6.0-SNAPSHOT/hadoop-ozone-ozone-manager-0.6.0-SNAPSHOT.jar:/home/user/.m2/repository/org/apache/hadoop/hadoop-hdds-interface-client/0.6.0-SNAPSHOT/hadoop-hdds-interface-client-0.6.0-SNAPSHOT.jar:/home/user/.m2/repository/org/apache/ratis/ratis-thirdparty-misc/0.4.0/ratis-thirdparty-misc-0.4.0.jar:/home/user/.m2/repository/org/apache/hadoop/hadoop-minikdc/3.2.1/hadoop-minikdc-3.2.1.jar:/home/user/.m2/repository/org/apache/kerby/kerb-simplekdc/1.0.1/kerb-simplekdc-1.0.1.jar:/home/user/.m2/repository/org/apache/kerby/kerb-client/1.0.1/kerb-client-1.0.1.jar:/home/user/.m2/repository/org/apache/kerby/kerby-config/1.0.1/kerby-config-1.0.1.jar:/home/user/.m2/repository/org/apache/kerby/kerb-core/1.0.1/kerb-core-1.0.1.jar:/home/user/.m2/repository/org/apache/kerby/kerby-pkix/1.0.1/kerby-pkix-1.0.1.jar:/home/user/.m2/repository/org/apache/kerby/kerby-asn1/1.0.1/kerby-asn1-1.0.1.jar:/home/user/.m2/repository/org/apache/kerby/kerby-util/1.0.1/kerby-util-1.0.1.jar:/home/user/.m2/repository/org/apache/kerby/kerb-common/1.0.1/kerb-common-1.0.1.jar:/home/user/.m2/repository/org/apache/kerby/kerb-crypto/1.0.1/kerb-crypto-1.0.1.jar:/home/user/.m2/repository/org/apache/kerby/kerb-util/1.0.1/kerb-util-1.0.1.jar:/home/user/.m2/repository/org/apache/kerby/token-provider/1.0.1/token-provider-1.0.1.jar:/home/user/.m2/repository/org/apache/kerby/kerb-admin/1.0.1/kerb-admin-1.0.1.jar:/home/user/.m2/repository/org/apache/kerby/kerb-server/1.0.1/kerb-server-1.0.1.jar:/home/user/.m2/repository/org/apache/kerby/kerb-identity/1.0.1/kerb-identity-1.0.1.jar:/home/user/.m2/repository/org/apache/kerby/kerby-xdr/1.0.1/kerby-xdr-1.0.1.jar:/home/user/.m2/repository/org/slf4j/slf4j-log4j12/1.7.25/slf4j-log4j12-1.7.25.jar:/home/user/.m2/repository/org/apache/hadoop/hadoop-ozone-s3gateway/0.6.0-SNAPSHOT/hadoop-ozone-s3gateway-0.6.0-SNAPSHOT.jar:/home/user/.m2/repository/org/jboss/weld/servlet/weld-servlet/2.4.7.Final/weld-servlet-2.4.7.Final.jar:/home/user/.m2/repository/org/glassfish/jersey/containers/jersey-container-servlet-core/2.27/jersey-container-servlet-core-2.27.jar:/home/user/.m2/repository/org/glassfish/hk2/external/javax.inject/2.5.0-b42/javax.inject-2.5.0-b42.jar:/home/user/.m2/repository/org/glassfish/jersey/core/jersey-common/2.27/jersey-common-2.27.jar:/home/user/.m2/repository/org/glassfish/hk2/osgi-resource-locator/1.0.1/osgi-resource-locator-1.0.1.jar:/home/user/.m2/repository/javax/ws/rs/javax.ws.rs-api/2.1/javax.ws.rs-api-2.1.jar:/home/user/.m2/repository/org/glassfish/jersey/ext/cdi/jersey-cdi1x/2.27/jersey-cdi1x-2.27.jar:/home/user/.m2/repository/org/glassfish/jersey/inject/jersey-hk2/2.27/jersey-hk2-2.27.jar:/home/user/.m2/repository/org/glassfish/hk2/hk2-locator/2.5.0-b42/hk2-locator-2.5.0-b42.jar:/home/user/.m2/repository/org/javassist/javassist/3.22.0-CR2/javassist-3.22.0-CR2.jar:/home/user/.m2/repository/org/glassfish/hk2/hk2-api/2.5.0/hk2-api-2.5.0.jar:/home/user/.m2/repository/org/glassfish/hk2/external/jakarta.inject/2.5.0/jakarta.inject-2.5.0.jar:/home/user/.m2/repository/org/glassfish/hk2/hk2-utils/2.5.0/hk2-utils-2.5.0.jar:/home/user/.m2/repository/jakarta/annotation/jakarta.annotation-api/1.3.4/jakarta.annotation-api-1.3.4.jar:/home/user/.m2/repository/org/glassfish/hk2/external/aopalliance-repackaged/2.5.0/aopalliance-repackaged-2.5.0.jar:/home/user/.m2/repository/com/fasterxml/jackson/dataformat/jackson-dataformat-xml/2.10.3/jackson-dataformat-xml-2.10.3.jar:/home/user/.m2/repository/com/fasterxml/jackson/core/jackson-core/2.10.3/jackson-core-2.10.3.jar:/home/user/.m2/repository/com/fasterxml/jackson/module/jackson-module-jaxb-annotations/2.10.3/jackson-module-jaxb-annotations-2.10.3.jar:/home/user/.m2/repository/jakarta/xml/bind/jakarta.xml.bind-api/2.3.2/jakarta.xml.bind-api-2.3.2.jar:/home/user/.m2/repository/jakarta/activation/jakarta.activation-api/1.2.1/jakarta.activation-api-1.2.1.jar:/home/user/.m2/repository/org/codehaus/woodstox/stax2-api/3.1.4/stax2-api-3.1.4.jar:/home/user/.m2/repository/com/fasterxml/woodstox/woodstox-core/5.0.3/woodstox-core-5.0.3.jar:/home/user/.m2/repository/javax/enterprise/cdi-api/1.2/cdi-api-1.2.jar:/home/user/.m2/repository/javax/el/javax.el-api/3.0.0/javax.el-api-3.0.0.jar:/home/user/.m2/repository/javax/interceptor/javax.interceptor-api/1.2/javax.interceptor-api-1.2.jar:/home/user/.m2/repository/javax/inject/javax.inject/1/javax.inject-1.jar:/home/user/.m2/repository/com/sun/xml/bind/jaxb-impl/2.3.0.1/jaxb-impl-2.3.0.1.jar:/home/user/.m2/repository/com/sun/xml/bind/jaxb-core/2.3.0.1/jaxb-core-2.3.0.1.jar:/home/user/.m2/repository/javax/xml/bind/jaxb-api/2.3.0/jaxb-api-2.3.0.jar:/home/user/.m2/repository/javax/activation/activation/1.1.1/activation-1.1.1.jar:/home/user/.m2/repository/org/apache/hadoop/hadoop-ozone-csi/0.6.0-SNAPSHOT/hadoop-ozone-csi-0.6.0-SNAPSHOT.jar:/home/user/.m2/repository/com/google/protobuf/protobuf-java-util/3.11.0/protobuf-java-util-3.11.0.jar:/home/user/.m2/repository/com/google/code/gson/gson/2.2.4/gson-2.2.4.jar:/home/user/.m2/repository/org/apache/hadoop/hadoop-hdds-config/0.6.0-SNAPSHOT/hadoop-hdds-config-0.6.0-SNAPSHOT.jar:/home/user/.m2/repository/com/google/protobuf/protobuf-java/2.5.0/protobuf-java-2.5.0.jar:/home/user/.m2/repository/io/grpc/grpc-netty/1.29.0/grpc-netty-1.29.0.jar:/home/user/.m2/repository/io/grpc/grpc-core/1.29.0/grpc-core-1.29.0.jar:/home/user/.m2/repository/com/google/android/annotations/4.1.1.4/annotations-4.1.1.4.jar:/home/user/.m2/repository/io/perfmark/perfmark-api/0.19.0/perfmark-api-0.19.0.jar:/home/user/.m2/repository/io/netty/netty-codec-http2/4.1.48.Final/netty-codec-http2-4.1.48.Final.jar:/home/user/.m2/repository/io/netty/netty-codec/4.1.48.Final/netty-codec-4.1.48.Final.jar:/home/user/.m2/repository/io/netty/netty-handler/4.1.48.Final/netty-handler-4.1.48.Final.jar:/home/user/.m2/repository/io/netty/netty-codec-http/4.1.48.Final/netty-codec-http-4.1.48.Final.jar:/home/user/.m2/repository/io/netty/netty-handler-proxy/4.1.48.Final/netty-handler-proxy-4.1.48.Final.jar:/home/user/.m2/repository/io/netty/netty-codec-socks/4.1.48.Final/netty-codec-socks-4.1.48.Final.jar:/home/user/.m2/repository/io/netty/netty-transport-native-epoll/4.1.48.Final/netty-transport-native-epoll-4.1.48.Final.jar:/home/user/.m2/repository/io/netty/netty-common/4.1.48.Final/netty-common-4.1.48.Final.jar:/home/user/.m2/repository/io/netty/netty-buffer/4.1.48.Final/netty-buffer-4.1.48.Final.jar:/home/user/.m2/repository/io/netty/netty-transport/4.1.48.Final/netty-transport-4.1.48.Final.jar:/home/user/.m2/repository/io/netty/netty-resolver/4.1.48.Final/netty-resolver-4.1.48.Final.jar:/home/user/.m2/repository/io/netty/netty-transport-native-unix-common/4.1.48.Final/netty-transport-native-unix-common-4.1.48.Final.jar:/home/user/.m2/repository/io/grpc/grpc-protobuf/1.29.0/grpc-protobuf-1.29.0.jar:/home/user/.m2/repository/io/grpc/grpc-api/1.29.0/grpc-api-1.29.0.jar:/home/user/.m2/repository/io/grpc/grpc-context/1.29.0/grpc-context-1.29.0.jar:/home/user/.m2/repository/org/codehaus/mojo/animal-sniffer-annotations/1.18/animal-sniffer-annotations-1.18.jar:/home/user/.m2/repository/com/google/api/grpc/proto-google-common-protos/1.17.0/proto-google-common-protos-1.17.0.jar:/home/user/.m2/repository/io/grpc/grpc-protobuf-lite/1.29.0/grpc-protobuf-lite-1.29.0.jar:/home/user/.m2/repository/io/grpc/grpc-stub/1.29.0/grpc-stub-1.29.0.jar:/home/user/.m2/repository/org/apache/hadoop/hadoop-ozone-recon/0.6.0-SNAPSHOT/hadoop-ozone-recon-0.6.0-SNAPSHOT.jar:/home/user/.m2/repository/org/apache/hadoop/hadoop-ozone-reconcodegen/0.6.0-SNAPSHOT/hadoop-ozone-reconcodegen-0.6.0-SNAPSHOT.jar:/home/user/.m2/repository/com/google/inject/extensions/guice-multibindings/4.0/guice-multibindings-4.0.jar:/home/user/.m2/repository/com/google/inject/guice/4.0/guice-4.0.jar:/home/user/.m2/repository/aopalliance/aopalliance/1.0/aopalliance-1.0.jar:/home/user/.m2/repository/com/google/inject/extensions/guice-assistedinject/4.0/guice-assistedinject-4.0.jar:/home/user/.m2/repository/com/google/inject/extensions/guice-servlet/4.0/guice-servlet-4.0.jar:/home/user/.m2/repository/org/glassfish/jersey/containers/jersey-container-servlet/2.27/jersey-container-servlet-2.27.jar:/home/user/.m2/repository/org/glassfish/hk2/guice-bridge/2.5.0/guice-bridge-2.5.0.jar:/home/user/.m2/repository/org/glassfish/jersey/core/jersey-server/2.27/jersey-server-2.27.jar:/home/user/.m2/repository/org/glassfish/jersey/core/jersey-client/2.27/jersey-client-2.27.jar:/home/user/.m2/repository/org/glassfish/jersey/media/jersey-media-jaxb/2.27/jersey-media-jaxb-2.27.jar:/home/user/.m2/repository/javax/validation/validation-api/1.1.0.Final/validation-api-1.1.0.Final.jar:/home/user/.m2/repository/org/glassfish/jersey/media/jersey-media-json-jackson/2.27/jersey-media-json-jackson-2.27.jar:/home/user/.m2/repository/org/glassfish/jersey/ext/jersey-entity-filtering/2.27/jersey-entity-filtering-2.27.jar:/home/user/.m2/repository/org/jooq/jooq/3.11.10/jooq-3.11.10.jar:/home/user/.m2/repository/org/jooq/jooq-meta/3.11.10/jooq-meta-3.11.10.jar:/home/user/.m2/repository/org/jooq/jooq-codegen/3.11.10/jooq-codegen-3.11.10.jar:/home/user/.m2/repository/com/jolbox/bonecp/0.8.0.RELEASE/bonecp-0.8.0.RELEASE.jar:/home/user/.m2/repository/org/apache/derby/derby/10.14.2.0/derby-10.14.2.0.jar:/home/user/.m2/repository/org/xerial/sqlite-jdbc/3.25.2/sqlite-jdbc-3.25.2.jar:/home/user/.m2/repository/org/springframework/spring-jdbc/5.2.5.RELEASE/spring-jdbc-5.2.5.RELEASE.jar:/home/user/.m2/repository/org/springframework/spring-beans/5.2.5.RELEASE/spring-beans-5.2.5.RELEASE.jar:/home/user/.m2/repository/org/springframework/spring-core/5.2.5.RELEASE/spring-core-5.2.5.RELEASE.jar:/home/user/.m2/repository/org/springframework/spring-jcl/5.2.5.RELEASE/spring-jcl-5.2.5.RELEASE.jar:/home/user/.m2/repository/org/springframework/spring-tx/5.2.5.RELEASE/spring-tx-5.2.5.RELEASE.jar:/home/user/.m2/repository/org/apache/hadoop/hadoop-ozone-client/0.6.0-SNAPSHOT/hadoop-ozone-client-0.6.0-SNAPSHOT.jar:/home/user/.m2/repository/org/apache/hadoop/hadoop-ozone-filesystem/0.6.0-SNAPSHOT/hadoop-ozone-filesystem-0.6.0-SNAPSHOT.jar:/home/user/.m2/repository/org/apache/hadoop/hadoop-ozone-filesystem-common/0.6.0-SNAPSHOT/hadoop-ozone-filesystem-common-0.6.0-SNAPSHOT.jar:/home/user/.m2/repository/org/apache/hadoop/hadoop-ozone-tools/0.6.0-SNAPSHOT/hadoop-ozone-tools-0.6.0-SNAPSHOT.jar:/home/user/.m2/repository/org/apache/hadoop/hadoop-hdfs/3.2.1/hadoop-hdfs-3.2.1.jar:/home/user/.m2/repository/org/apache/ratis/ratis-tools/0.6.0-6ab75ae-SNAPSHOT/ratis-tools-0.6.0-6ab75ae-SNAPSHOT.jar:/home/user/.m2/repository/org/apache/ratis/ratis-proto/0.6.0-6ab75ae-SNAPSHOT/ratis-proto-0.6.0-6ab75ae-SNAPSHOT.jar:/home/user/.m2/repository/org/apache/ratis/ratis-common/0.6.0-6ab75ae-SNAPSHOT/ratis-common-0.6.0-6ab75ae-SNAPSHOT.jar:/home/user/.m2/repository/com/amazonaws/aws-java-sdk-core/1.11.615/aws-java-sdk-core-1.11.615.jar:/home/user/.m2/repository/org/apache/httpcomponents/httpclient/4.5.2/httpclient-4.5.2.jar:/home/user/.m2/repository/org/apache/httpcomponents/httpcore/4.4.4/httpcore-4.4.4.jar:/home/user/.m2/repository/software/amazon/ion/ion-java/1.0.2/ion-java-1.0.2.jar:/home/user/.m2/repository/com/fasterxml/jackson/dataformat/jackson-dataformat-cbor/2.10.3/jackson-dataformat-cbor-2.10.3.jar:/home/user/.m2/repository/joda-time/joda-time/2.8.1/joda-time-2.8.1.jar:/home/user/.m2/repository/com/amazonaws/aws-java-sdk-s3/1.11.615/aws-java-sdk-s3-1.11.615.jar:/home/user/.m2/repository/com/amazonaws/aws-java-sdk-kms/1.11.615/aws-java-sdk-kms-1.11.615.jar:/home/user/.m2/repository/com/amazonaws/jmespath-java/1.11.615/jmespath-java-1.11.615.jar:/home/user/.m2/repository/org/apache/hadoop/hadoop-hdds-tools/0.6.0-SNAPSHOT/hadoop-hdds-tools-0.6.0-SNAPSHOT.jar:/home/user/.m2/repository/commons-cli/commons-cli/1.2/commons-cli-1.2.jar:/home/user/.m2/repository/org/apache/commons/commons-lang3/3.7/commons-lang3-3.7.jar:/home/user/.m2/repository/org/apache/hadoop/hadoop-ozone-ozone-manager/0.6.0-SNAPSHOT/hadoop-ozone-ozone-manager-0.6.0-SNAPSHOT-tests.jar:/home/user/.m2/repository/junit/junit/4.11/junit-4.11.jar:/home/user/.m2/repository/org/hamcrest/hamcrest-core/1.3/hamcrest-core-1.3.jar:/home/user/.m2/repository/org/openjdk/jmh/jmh-core/1.19/jmh-core-1.19.jar:/home/user/.m2/repository/net/sf/jopt-simple/jopt-simple/4.6/jopt-simple-4.6.jar:/home/user/.m2/repository/org/apache/commons/commons-math3/3.1.1/commons-math3-3.1.1.jar:/home/user/.m2/repository/org/openjdk/jmh/jmh-generator-annprocess/1.19/jmh-generator-annprocess-1.19.jar:/home/user/.m2/repository/org/mockito/mockito-all/1.8.5/mockito-all-1.8.5.jar:/home/user/.m2/repository/org/apache/hadoop/hadoop-kms/3.2.1/hadoop-kms-3.2.1.jar:/home/user/.m2/repository/org/apache/hadoop/hadoop-auth/3.2.1/hadoop-auth-3.2.1.jar:/home/user/.m2/repository/com/nimbusds/nimbus-jose-jwt/7.9/nimbus-jose-jwt-7.9.jar:/home/user/.m2/repository/com/github/stephenc/jcip/jcip-annotations/1.0-1/jcip-annotations-1.0-1.jar:/home/user/.m2/repository/net/minidev/json-smart/2.3/json-smart-2.3.jar:/home/user/.m2/repository/net/minidev/accessors-smart/1.2/accessors-smart-1.2.jar:/home/user/.m2/repository/org/ow2/asm/asm/5.0.4/asm-5.0.4.jar:/home/user/.m2/repository/org/apache/zookeeper/zookeeper/3.4.13/zookeeper-3.4.13.jar:/home/user/.m2/repository/org/apache/yetus/audience-annotations/0.5.0/audience-annotations-0.5.0.jar:/home/user/.m2/repository/org/apache/curator/curator-framework/2.13.0/curator-framework-2.13.0.jar:/home/user/.m2/repository/com/sun/jersey/jersey-core/1.19/jersey-core-1.19.jar:/home/user/.m2/repository/javax/ws/rs/jsr311-api/1.1.1/jsr311-api-1.1.1.jar:/home/user/.m2/repository/com/sun/jersey/jersey-server/1.19/jersey-server-1.19.jar:/home/user/.m2/repository/javax/servlet/javax.servlet-api/3.1.0/javax.servlet-api-3.1.0.jar:/home/user/.m2/repository/org/eclipse/jetty/jetty-server/9.4.26.v20200117/jetty-server-9.4.26.v20200117.jar:/home/user/.m2/repository/org/eclipse/jetty/jetty-http/9.4.26.v20200117/jetty-http-9.4.26.v20200117.jar:/home/user/.m2/repository/org/eclipse/jetty/jetty-io/9.4.26.v20200117/jetty-io-9.4.26.v20200117.jar:/home/user/.m2/repository/org/eclipse/jetty/jetty-webapp/9.4.26.v20200117/jetty-webapp-9.4.26.v20200117.jar:/home/user/.m2/repository/org/eclipse/jetty/jetty-xml/9.4.26.v20200117/jetty-xml-9.4.26.v20200117.jar:/home/user/.m2/repository/org/eclipse/jetty/jetty-servlet/9.4.26.v20200117/jetty-servlet-9.4.26.v20200117.jar:/home/user/.m2/repository/org/eclipse/jetty/jetty-security/9.4.26.v20200117/jetty-security-9.4.26.v20200117.jar:/home/user/.m2/repository/org/apache/hadoop/hadoop-common/3.2.1/hadoop-common-3.2.1.jar:/home/user/.m2/repository/commons-net/commons-net/3.6/commons-net-3.6.jar:/home/user/.m2/repository/commons-collections/commons-collections/3.2.2/commons-collections-3.2.2.jar:/home/user/.m2/repository/com/sun/jersey/jersey-servlet/1.19/jersey-servlet-1.19.jar:/home/user/.m2/repository/com/sun/jersey/jersey-json/1.19/jersey-json-1.19.jar:/home/user/.m2/repository/org/codehaus/jettison/jettison/1.1/jettison-1.1.jar:/home/user/.m2/repository/org/codehaus/jackson/jackson-jaxrs/1.9.2/jackson-jaxrs-1.9.2.jar:/home/user/.m2/repository/org/codehaus/jackson/jackson-xc/1.9.2/jackson-xc-1.9.2.jar:/home/user/.m2/repository/commons-beanutils/commons-beanutils/1.9.4/commons-beanutils-1.9.4.jar:/home/user/.m2/repository/org/apache/commons/commons-configuration2/2.1.1/commons-configuration2-2.1.1.jar:/home/user/.m2/repository/org/apache/commons/commons-text/1.4/commons-text-1.4.jar:/home/user/.m2/repository/com/google/re2j/re2j/1.1/re2j-1.1.jar:/home/user/.m2/repository/com/jcraft/jsch/0.1.54/jsch-0.1.54.jar:/home/user/.m2/repository/org/apache/curator/curator-client/2.13.0/curator-client-2.13.0.jar:/home/user/.m2/repository/org/apache/curator/curator-recipes/2.13.0/curator-recipes-2.13.0.jar:/home/user/.m2/repository/dnsjava/dnsjava/2.1.7/dnsjava-2.1.7.jar:/home/user/.m2/repository/org/slf4j/jul-to-slf4j/1.7.25/jul-to-slf4j-1.7.25.jar:/home/user/.m2/repository/org/eclipse/jetty/jetty-util/9.4.26.v20200117/jetty-util-9.4.26.v20200117.jar:/home/user/.m2/repository/com/fasterxml/jackson/core/jackson-databind/2.10.3/jackson-databind-2.10.3.jar:/home/user/.m2/repository/org/apache/hadoop/hadoop-kms/3.2.1/hadoop-kms-3.2.1-tests.jar:/home/user/.m2/repository/org/apache/hadoop/hadoop-hdds-server-scm/0.6.0-SNAPSHOT/hadoop-hdds-server-scm-0.6.0-SNAPSHOT-tests.jar:/home/user/.m2/repository/org/apache/hadoop/hadoop-hdds-container-service/0.6.0-SNAPSHOT/hadoop-hdds-container-service-0.6.0-SNAPSHOT-tests.jar:/home/user/.m2/repository/org/apache/hadoop/hadoop-hdds-common/0.6.0-SNAPSHOT/hadoop-hdds-common-0.6.0-SNAPSHOT-tests.jar:/home/user/.m2/repository/org/yaml/snakeyaml/1.16/snakeyaml-1.16.jar:/home/user/.m2/repository/org/apache/hadoop/hadoop-hdds-hadoop-dependency-test/0.6.0-SNAPSHOT/hadoop-hdds-hadoop-dependency-test-0.6.0-SNAPSHOT.jar:/home/user/.m2/repository/org/apache/hadoop/hadoop-common/3.2.1/hadoop-common-3.2.1-tests.jar:/home/user/.m2/repository/javax/servlet/jsp/jsp-api/2.1/jsp-api-2.1.jar:/home/user/.m2/repository/org/apache/hadoop/hadoop-hdfs/3.2.1/hadoop-hdfs-3.2.1-tests.jar:/home/user/.m2/repository/org/eclipse/jetty/jetty-util-ajax/9.4.26.v20200117/jetty-util-ajax-9.4.26.v20200117.jar:/home/user/.m2/repository/commons-codec/commons-codec/1.11/commons-codec-1.11.jar:/home/user/.m2/repository/commons-daemon/commons-daemon/1.0.13/commons-daemon-1.0.13.jar:/home/user/.m2/repository/io/netty/netty/3.10.5.Final/netty-3.10.5.Final.jar:/home/user/.m2/repository/io/netty/netty-all/4.1.48.Final/netty-all-4.1.48.Final.jar:/home/user/.m2/repository/org/apache/htrace/htrace-core4/4.1.0-incubating/htrace-core4-4.1.0-incubating.jar:/home/user/.m2/repository/org/fusesource/leveldbjni/leveldbjni-all/1.8/leveldbjni-all-1.8.jar:/home/user/.m2/repository/org/apache/hadoop/hadoop-distcp/3.2.1/hadoop-distcp-3.2.1.jar:/home/user/.m2/repository/org/apache/hadoop/hadoop-mapreduce-client-jobclient/3.2.1/hadoop-mapreduce-client-jobclient-3.2.1.jar:/home/user/.m2/repository/org/apache/hadoop/hadoop-mapreduce-client-common/3.2.1/hadoop-mapreduce-client-common-3.2.1.jar:/home/user/.m2/repository/org/apache/hadoop/hadoop-yarn-common/3.2.1/hadoop-yarn-common-3.2.1.jar:/home/user/.m2/repository/org/apache/hadoop/hadoop-yarn-api/3.2.1/hadoop-yarn-api-3.2.1.jar:/home/user/.m2/repository/com/sun/jersey/jersey-client/1.19/jersey-client-1.19.jar:/home/user/.m2/repository/com/sun/jersey/contribs/jersey-guice/1.19/jersey-guice-1.19.jar:/home/user/.m2/repository/com/fasterxml/jackson/jaxrs/jackson-jaxrs-json-provider/2.10.3/jackson-jaxrs-json-provider-2.10.3.jar:/home/user/.m2/repository/com/fasterxml/jackson/jaxrs/jackson-jaxrs-base/2.10.3/jackson-jaxrs-base-2.10.3.jar:/home/user/.m2/repository/org/apache/hadoop/hadoop-yarn-client/3.2.1/hadoop-yarn-client-3.2.1.jar:/home/user/.m2/repository/org/apache/hadoop/hadoop-mapreduce-client-core/3.2.1/hadoop-mapreduce-client-core-3.2.1.jar:/home/user/.m2/repository/org/apache/avro/avro/1.7.7/avro-1.7.7.jar:/home/user/.m2/repository/org/codehaus/jackson/jackson-core-asl/1.9.13/jackson-core-asl-1.9.13.jar:/home/user/.m2/repository/org/codehaus/jackson/jackson-mapper-asl/1.9.13/jackson-mapper-asl-1.9.13.jar:/home/user/.m2/repository/com/thoughtworks/paranamer/paranamer/2.3/paranamer-2.3.jar:/home/user/.m2/repository/org/xerial/snappy/snappy-java/1.0.5/snappy-java-1.0.5.jar:/home/user/.m2/repository/org/apache/hadoop/hadoop-annotations/3.2.1/hadoop-annotations-3.2.1.jar:/usr/lib/jvm/java-1.8.0-openjdk-1.8.0.232.b09-0.el7_7.x86_64/jre/../lib/tools.jar:/home/user/.m2/repository/org/apache/hadoop/hadoop-distcp/3.2.1/hadoop-distcp-3.2.1-tests.jar:"/>
    <property name="java.vm.vendor" value="Oracle Corporation"/>
    <property name="sun.arch.data.model" value="64"/>
    <property name="test.build.dir" value="/github/workspace/mnt/ozone/hadoop-ozone/integration-test/target/test-dir"/>
    <property name="test.cache.data" value=""/>
    <property name="java.vendor.url" value="http://java.oracle.com/"/>
    <property name="user.timezone" value=""/>
    <property name="java.vm.specification.version" value="1.8"/>
    <property name="os.name" value="Linux"/>
    <property name="test.build.data" value="/github/workspace/mnt/ozone/hadoop-ozone/integration-test/target/test-dir"/>
    <property name="user.country" value="US"/>
    <property name="sun.java.launcher" value="SUN_STANDARD"/>
    <property name="sun.boot.library.path" value="/usr/lib/jvm/java-1.8.0-openjdk-1.8.0.232.b09-0.el7_7.x86_64/jre/lib/amd64"/>
    <property name="sun.java.command" value="/github/workspace/mnt/ozone/hadoop-ozone/integration-test/target/surefire/surefirebooter5523833453785525430.jar /github/workspace/mnt/ozone/hadoop-ozone/integration-test/target/surefire 2020-06-24T17-04-36_616-jvmRun1 surefire8717277602769497838tmp surefire_168460711909126182597tmp"/>
    <property name="surefire.test.class.path" value="/github/workspace/mnt/ozone/hadoop-ozone/integration-test/target/test-classes:/github/workspace/mnt/ozone/hadoop-ozone/integration-test/target/classes:/home/user/.m2/repository/org/apache/hadoop/hadoop-ozone-common/0.6.0-SNAPSHOT/hadoop-ozone-common-0.6.0-SNAPSHOT.jar:/home/user/.m2/repository/org/apache/commons/commons-compress/1.4.1/commons-compress-1.4.1.jar:/home/user/.m2/repository/org/tukaani/xz/1.0/xz-1.0.jar:/home/user/.m2/repository/org/apache/hadoop/hadoop-hdds-common/0.6.0-SNAPSHOT/hadoop-hdds-common-0.6.0-SNAPSHOT.jar:/home/user/.m2/repository/org/apache/hadoop/hadoop-hdds-hadoop-dependency-client/0.6.0-SNAPSHOT/hadoop-hdds-hadoop-dependency-client-0.6.0-SNAPSHOT.jar:/home/user/.m2/repository/info/picocli/picocli/3.9.6/picocli-3.9.6.jar:/home/user/.m2/repository/com/fasterxml/jackson/core/jackson-annotations/2.10.3/jackson-annotations-2.10.3.jar:/home/user/.m2/repository/javax/annotation/javax.annotation-api/1.2/javax.annotation-api-1.2.jar:/home/user/.m2/repository/org/apache/ratis/ratis-server/0.6.0-6ab75ae-SNAPSHOT/ratis-server-0.6.0-6ab75ae-SNAPSHOT.jar:/home/user/.m2/repository/org/apache/ratis/ratis-client/0.6.0-6ab75ae-SNAPSHOT/ratis-client-0.6.0-6ab75ae-SNAPSHOT.jar:/home/user/.m2/repository/org/apache/ratis/ratis-metrics/0.6.0-6ab75ae-SNAPSHOT/ratis-metrics-0.6.0-6ab75ae-SNAPSHOT.jar:/home/user/.m2/repository/org/apache/ratis/ratis-netty/0.6.0-6ab75ae-SNAPSHOT/ratis-netty-0.6.0-6ab75ae-SNAPSHOT.jar:/home/user/.m2/repository/org/apache/ratis/ratis-grpc/0.6.0-6ab75ae-SNAPSHOT/ratis-grpc-0.6.0-6ab75ae-SNAPSHOT.jar:/home/user/.m2/repository/org/apache/logging/log4j/log4j-api/2.11.0/log4j-api-2.11.0.jar:/home/user/.m2/repository/org/apache/logging/log4j/log4j-core/2.11.0/log4j-core-2.11.0.jar:/home/user/.m2/repository/com/lmax/disruptor/3.4.2/disruptor-3.4.2.jar:/home/user/.m2/repository/org/apache/commons/commons-pool2/2.6.0/commons-pool2-2.6.0.jar:/home/user/.m2/repository/org/bouncycastle/bcpkix-jdk15on/1.60/bcpkix-jdk15on-1.60.jar:/home/user/.m2/repository/commons-validator/commons-validator/1.6/commons-validator-1.6.jar:/home/user/.m2/repository/commons-digester/commons-digester/1.8.1/commons-digester-1.8.1.jar:/home/user/.m2/repository/io/jaegertracing/jaeger-client/1.2.0/jaeger-client-1.2.0.jar:/home/user/.m2/repository/io/jaegertracing/jaeger-thrift/1.2.0/jaeger-thrift-1.2.0.jar:/home/user/.m2/repository/org/apache/thrift/libthrift/0.13.0/libthrift-0.13.0.jar:/home/user/.m2/repository/com/squareup/okhttp3/okhttp/4.2.2/okhttp-4.2.2.jar:/home/user/.m2/repository/com/squareup/okio/okio/2.2.2/okio-2.2.2.jar:/home/user/.m2/repository/org/jetbrains/kotlin/kotlin-stdlib/1.3.50/kotlin-stdlib-1.3.50.jar:/home/user/.m2/repository/org/jetbrains/kotlin/kotlin-stdlib-common/1.3.50/kotlin-stdlib-common-1.3.50.jar:/home/user/.m2/repository/org/jetbrains/annotations/13.0/annotations-13.0.jar:/home/user/.m2/repository/io/jaegertracing/jaeger-core/1.2.0/jaeger-core-1.2.0.jar:/home/user/.m2/repository/io/jaegertracing/jaeger-tracerresolver/1.2.0/jaeger-tracerresolver-1.2.0.jar:/home/user/.m2/repository/io/opentracing/contrib/opentracing-tracerresolver/0.1.8/opentracing-tracerresolver-0.1.8.jar:/home/user/.m2/repository/io/opentracing/opentracing-util/0.33.0/opentracing-util-0.33.0.jar:/home/user/.m2/repository/io/opentracing/opentracing-api/0.33.0/opentracing-api-0.33.0.jar:/home/user/.m2/repository/io/opentracing/opentracing-noop/0.33.0/opentracing-noop-0.33.0.jar:/home/user/.m2/repository/org/apache/hadoop/hadoop-hdds-client/0.6.0-SNAPSHOT/hadoop-hdds-client-0.6.0-SNAPSHOT.jar:/home/user/.m2/repository/org/apache/hadoop/hadoop-ozone-interface-client/0.6.0-SNAPSHOT/hadoop-ozone-interface-client-0.6.0-SNAPSHOT.jar:/home/user/.m2/repository/org/apache/hadoop/hadoop-hdds-test-utils/0.6.0-SNAPSHOT/hadoop-hdds-test-utils-0.6.0-SNAPSHOT.jar:/home/user/.m2/repository/com/google/guava/guava/28.2-jre/guava-28.2-jre.jar:/home/user/.m2/repository/com/google/guava/failureaccess/1.0.1/failureaccess-1.0.1.jar:/home/user/.m2/repository/com/google/guava/listenablefuture/9999.0-empty-to-avoid-conflict-with-guava/listenablefuture-9999.0-empty-to-avoid-conflict-with-guava.jar:/home/user/.m2/repository/com/google/code/findbugs/jsr305/3.0.0/jsr305-3.0.0.jar:/home/user/.m2/repository/org/checkerframework/checker-qual/2.10.0/checker-qual-2.10.0.jar:/home/user/.m2/repository/com/google/errorprone/error_prone_annotations/2.2.0/error_prone_annotations-2.2.0.jar:/home/user/.m2/repository/com/google/j2objc/j2objc-annotations/1.3/j2objc-annotations-1.3.jar:/home/user/.m2/repository/commons-io/commons-io/2.5/commons-io-2.5.jar:/home/user/.m2/repository/commons-logging/commons-logging/1.2/commons-logging-1.2.jar:/home/user/.m2/repository/log4j/log4j/1.2.17/log4j-1.2.17.jar:/home/user/.m2/repository/org/slf4j/slf4j-api/1.7.25/slf4j-api-1.7.25.jar:/home/user/.m2/repository/org/apache/hadoop/hadoop-hdds-server-scm/0.6.0-SNAPSHOT/hadoop-hdds-server-scm-0.6.0-SNAPSHOT.jar:/home/user/.m2/repository/org/apache/hadoop/hadoop-hdds-container-service/0.6.0-SNAPSHOT/hadoop-hdds-container-service-0.6.0-SNAPSHOT.jar:/home/user/.m2/repository/org/apache/hadoop/hadoop-hdds-hadoop-dependency-server/0.6.0-SNAPSHOT/hadoop-hdds-hadoop-dependency-server-0.6.0-SNAPSHOT.jar:/home/user/.m2/repository/org/apache/hadoop/hadoop-hdds-server-framework/0.6.0-SNAPSHOT/hadoop-hdds-server-framework-0.6.0-SNAPSHOT.jar:/home/user/.m2/repository/org/apache/hadoop/hadoop-hdds-interface-server/0.6.0-SNAPSHOT/hadoop-hdds-interface-server-0.6.0-SNAPSHOT.jar:/home/user/.m2/repository/org/apache/hadoop/hadoop-hdds-interface-admin/0.6.0-SNAPSHOT/hadoop-hdds-interface-admin-0.6.0-SNAPSHOT.jar:/home/user/.m2/repository/org/rocksdb/rocksdbjni/6.8.1/rocksdbjni-6.8.1.jar:/home/user/.m2/repository/io/prometheus/simpleclient_dropwizard/0.7.0/simpleclient_dropwizard-0.7.0.jar:/home/user/.m2/repository/io/prometheus/simpleclient/0.7.0/simpleclient-0.7.0.jar:/home/user/.m2/repository/io/prometheus/simpleclient_common/0.7.0/simpleclient_common-0.7.0.jar:/home/user/.m2/repository/com/fasterxml/jackson/datatype/jackson-datatype-jsr310/2.10.3/jackson-datatype-jsr310-2.10.3.jar:/home/user/.m2/repository/org/apache/hadoop/hadoop-hdds-docs/0.6.0-SNAPSHOT/hadoop-hdds-docs-0.6.0-SNAPSHOT.jar:/home/user/.m2/repository/io/dropwizard/metrics/metrics-core/3.2.4/metrics-core-3.2.4.jar:/home/user/.m2/repository/org/apache/hadoop/hadoop-hdfs-client/3.2.1/hadoop-hdfs-client-3.2.1.jar:/home/user/.m2/repository/org/bouncycastle/bcprov-jdk15on/1.60/bcprov-jdk15on-1.60.jar:/home/user/.m2/repository/org/apache/hadoop/hadoop-ozone-ozone-manager/0.6.0-SNAPSHOT/hadoop-ozone-ozone-manager-0.6.0-SNAPSHOT.jar:/home/user/.m2/repository/org/apache/hadoop/hadoop-hdds-interface-client/0.6.0-SNAPSHOT/hadoop-hdds-interface-client-0.6.0-SNAPSHOT.jar:/home/user/.m2/repository/org/apache/ratis/ratis-thirdparty-misc/0.4.0/ratis-thirdparty-misc-0.4.0.jar:/home/user/.m2/repository/org/apache/hadoop/hadoop-minikdc/3.2.1/hadoop-minikdc-3.2.1.jar:/home/user/.m2/repository/org/apache/kerby/kerb-simplekdc/1.0.1/kerb-simplekdc-1.0.1.jar:/home/user/.m2/repository/org/apache/kerby/kerb-client/1.0.1/kerb-client-1.0.1.jar:/home/user/.m2/repository/org/apache/kerby/kerby-config/1.0.1/kerby-config-1.0.1.jar:/home/user/.m2/repository/org/apache/kerby/kerb-core/1.0.1/kerb-core-1.0.1.jar:/home/user/.m2/repository/org/apache/kerby/kerby-pkix/1.0.1/kerby-pkix-1.0.1.jar:/home/user/.m2/repository/org/apache/kerby/kerby-asn1/1.0.1/kerby-asn1-1.0.1.jar:/home/user/.m2/repository/org/apache/kerby/kerby-util/1.0.1/kerby-util-1.0.1.jar:/home/user/.m2/repository/org/apache/kerby/kerb-common/1.0.1/kerb-common-1.0.1.jar:/home/user/.m2/repository/org/apache/kerby/kerb-crypto/1.0.1/kerb-crypto-1.0.1.jar:/home/user/.m2/repository/org/apache/kerby/kerb-util/1.0.1/kerb-util-1.0.1.jar:/home/user/.m2/repository/org/apache/kerby/token-provider/1.0.1/token-provider-1.0.1.jar:/home/user/.m2/repository/org/apache/kerby/kerb-admin/1.0.1/kerb-admin-1.0.1.jar:/home/user/.m2/repository/org/apache/kerby/kerb-server/1.0.1/kerb-server-1.0.1.jar:/home/user/.m2/repository/org/apache/kerby/kerb-identity/1.0.1/kerb-identity-1.0.1.jar:/home/user/.m2/repository/org/apache/kerby/kerby-xdr/1.0.1/kerby-xdr-1.0.1.jar:/home/user/.m2/repository/org/slf4j/slf4j-log4j12/1.7.25/slf4j-log4j12-1.7.25.jar:/home/user/.m2/repository/org/apache/hadoop/hadoop-ozone-s3gateway/0.6.0-SNAPSHOT/hadoop-ozone-s3gateway-0.6.0-SNAPSHOT.jar:/home/user/.m2/repository/org/jboss/weld/servlet/weld-servlet/2.4.7.Final/weld-servlet-2.4.7.Final.jar:/home/user/.m2/repository/org/glassfish/jersey/containers/jersey-container-servlet-core/2.27/jersey-container-servlet-core-2.27.jar:/home/user/.m2/repository/org/glassfish/hk2/external/javax.inject/2.5.0-b42/javax.inject-2.5.0-b42.jar:/home/user/.m2/repository/org/glassfish/jersey/core/jersey-common/2.27/jersey-common-2.27.jar:/home/user/.m2/repository/org/glassfish/hk2/osgi-resource-locator/1.0.1/osgi-resource-locator-1.0.1.jar:/home/user/.m2/repository/javax/ws/rs/javax.ws.rs-api/2.1/javax.ws.rs-api-2.1.jar:/home/user/.m2/repository/org/glassfish/jersey/ext/cdi/jersey-cdi1x/2.27/jersey-cdi1x-2.27.jar:/home/user/.m2/repository/org/glassfish/jersey/inject/jersey-hk2/2.27/jersey-hk2-2.27.jar:/home/user/.m2/repository/org/glassfish/hk2/hk2-locator/2.5.0-b42/hk2-locator-2.5.0-b42.jar:/home/user/.m2/repository/org/javassist/javassist/3.22.0-CR2/javassist-3.22.0-CR2.jar:/home/user/.m2/repository/org/glassfish/hk2/hk2-api/2.5.0/hk2-api-2.5.0.jar:/home/user/.m2/repository/org/glassfish/hk2/external/jakarta.inject/2.5.0/jakarta.inject-2.5.0.jar:/home/user/.m2/repository/org/glassfish/hk2/hk2-utils/2.5.0/hk2-utils-2.5.0.jar:/home/user/.m2/repository/jakarta/annotation/jakarta.annotation-api/1.3.4/jakarta.annotation-api-1.3.4.jar:/home/user/.m2/repository/org/glassfish/hk2/external/aopalliance-repackaged/2.5.0/aopalliance-repackaged-2.5.0.jar:/home/user/.m2/repository/com/fasterxml/jackson/dataformat/jackson-dataformat-xml/2.10.3/jackson-dataformat-xml-2.10.3.jar:/home/user/.m2/repository/com/fasterxml/jackson/core/jackson-core/2.10.3/jackson-core-2.10.3.jar:/home/user/.m2/repository/com/fasterxml/jackson/module/jackson-module-jaxb-annotations/2.10.3/jackson-module-jaxb-annotations-2.10.3.jar:/home/user/.m2/repository/jakarta/xml/bind/jakarta.xml.bind-api/2.3.2/jakarta.xml.bind-api-2.3.2.jar:/home/user/.m2/repository/jakarta/activation/jakarta.activation-api/1.2.1/jakarta.activation-api-1.2.1.jar:/home/user/.m2/repository/org/codehaus/woodstox/stax2-api/3.1.4/stax2-api-3.1.4.jar:/home/user/.m2/repository/com/fasterxml/woodstox/woodstox-core/5.0.3/woodstox-core-5.0.3.jar:/home/user/.m2/repository/javax/enterprise/cdi-api/1.2/cdi-api-1.2.jar:/home/user/.m2/repository/javax/el/javax.el-api/3.0.0/javax.el-api-3.0.0.jar:/home/user/.m2/repository/javax/interceptor/javax.interceptor-api/1.2/javax.interceptor-api-1.2.jar:/home/user/.m2/repository/javax/inject/javax.inject/1/javax.inject-1.jar:/home/user/.m2/repository/com/sun/xml/bind/jaxb-impl/2.3.0.1/jaxb-impl-2.3.0.1.jar:/home/user/.m2/repository/com/sun/xml/bind/jaxb-core/2.3.0.1/jaxb-core-2.3.0.1.jar:/home/user/.m2/repository/javax/xml/bind/jaxb-api/2.3.0/jaxb-api-2.3.0.jar:/home/user/.m2/repository/javax/activation/activation/1.1.1/activation-1.1.1.jar:/home/user/.m2/repository/org/apache/hadoop/hadoop-ozone-csi/0.6.0-SNAPSHOT/hadoop-ozone-csi-0.6.0-SNAPSHOT.jar:/home/user/.m2/repository/com/google/protobuf/protobuf-java-util/3.11.0/protobuf-java-util-3.11.0.jar:/home/user/.m2/repository/com/google/code/gson/gson/2.2.4/gson-2.2.4.jar:/home/user/.m2/repository/org/apache/hadoop/hadoop-hdds-config/0.6.0-SNAPSHOT/hadoop-hdds-config-0.6.0-SNAPSHOT.jar:/home/user/.m2/repository/com/google/protobuf/protobuf-java/2.5.0/protobuf-java-2.5.0.jar:/home/user/.m2/repository/io/grpc/grpc-netty/1.29.0/grpc-netty-1.29.0.jar:/home/user/.m2/repository/io/grpc/grpc-core/1.29.0/grpc-core-1.29.0.jar:/home/user/.m2/repository/com/google/android/annotations/4.1.1.4/annotations-4.1.1.4.jar:/home/user/.m2/repository/io/perfmark/perfmark-api/0.19.0/perfmark-api-0.19.0.jar:/home/user/.m2/repository/io/netty/netty-codec-http2/4.1.48.Final/netty-codec-http2-4.1.48.Final.jar:/home/user/.m2/repository/io/netty/netty-codec/4.1.48.Final/netty-codec-4.1.48.Final.jar:/home/user/.m2/repository/io/netty/netty-handler/4.1.48.Final/netty-handler-4.1.48.Final.jar:/home/user/.m2/repository/io/netty/netty-codec-http/4.1.48.Final/netty-codec-http-4.1.48.Final.jar:/home/user/.m2/repository/io/netty/netty-handler-proxy/4.1.48.Final/netty-handler-proxy-4.1.48.Final.jar:/home/user/.m2/repository/io/netty/netty-codec-socks/4.1.48.Final/netty-codec-socks-4.1.48.Final.jar:/home/user/.m2/repository/io/netty/netty-transport-native-epoll/4.1.48.Final/netty-transport-native-epoll-4.1.48.Final.jar:/home/user/.m2/repository/io/netty/netty-common/4.1.48.Final/netty-common-4.1.48.Final.jar:/home/user/.m2/repository/io/netty/netty-buffer/4.1.48.Final/netty-buffer-4.1.48.Final.jar:/home/user/.m2/repository/io/netty/netty-transport/4.1.48.Final/netty-transport-4.1.48.Final.jar:/home/user/.m2/repository/io/netty/netty-resolver/4.1.48.Final/netty-resolver-4.1.48.Final.jar:/home/user/.m2/repository/io/netty/netty-transport-native-unix-common/4.1.48.Final/netty-transport-native-unix-common-4.1.48.Final.jar:/home/user/.m2/repository/io/grpc/grpc-protobuf/1.29.0/grpc-protobuf-1.29.0.jar:/home/user/.m2/repository/io/grpc/grpc-api/1.29.0/grpc-api-1.29.0.jar:/home/user/.m2/repository/io/grpc/grpc-context/1.29.0/grpc-context-1.29.0.jar:/home/user/.m2/repository/org/codehaus/mojo/animal-sniffer-annotations/1.18/animal-sniffer-annotations-1.18.jar:/home/user/.m2/repository/com/google/api/grpc/proto-google-common-protos/1.17.0/proto-google-common-protos-1.17.0.jar:/home/user/.m2/repository/io/grpc/grpc-protobuf-lite/1.29.0/grpc-protobuf-lite-1.29.0.jar:/home/user/.m2/repository/io/grpc/grpc-stub/1.29.0/grpc-stub-1.29.0.jar:/home/user/.m2/repository/org/apache/hadoop/hadoop-ozone-recon/0.6.0-SNAPSHOT/hadoop-ozone-recon-0.6.0-SNAPSHOT.jar:/home/user/.m2/repository/org/apache/hadoop/hadoop-ozone-reconcodegen/0.6.0-SNAPSHOT/hadoop-ozone-reconcodegen-0.6.0-SNAPSHOT.jar:/home/user/.m2/repository/com/google/inject/extensions/guice-multibindings/4.0/guice-multibindings-4.0.jar:/home/user/.m2/repository/com/google/inject/guice/4.0/guice-4.0.jar:/home/user/.m2/repository/aopalliance/aopalliance/1.0/aopalliance-1.0.jar:/home/user/.m2/repository/com/google/inject/extensions/guice-assistedinject/4.0/guice-assistedinject-4.0.jar:/home/user/.m2/repository/com/google/inject/extensions/guice-servlet/4.0/guice-servlet-4.0.jar:/home/user/.m2/repository/org/glassfish/jersey/containers/jersey-container-servlet/2.27/jersey-container-servlet-2.27.jar:/home/user/.m2/repository/org/glassfish/hk2/guice-bridge/2.5.0/guice-bridge-2.5.0.jar:/home/user/.m2/repository/org/glassfish/jersey/core/jersey-server/2.27/jersey-server-2.27.jar:/home/user/.m2/repository/org/glassfish/jersey/core/jersey-client/2.27/jersey-client-2.27.jar:/home/user/.m2/repository/org/glassfish/jersey/media/jersey-media-jaxb/2.27/jersey-media-jaxb-2.27.jar:/home/user/.m2/repository/javax/validation/validation-api/1.1.0.Final/validation-api-1.1.0.Final.jar:/home/user/.m2/repository/org/glassfish/jersey/media/jersey-media-json-jackson/2.27/jersey-media-json-jackson-2.27.jar:/home/user/.m2/repository/org/glassfish/jersey/ext/jersey-entity-filtering/2.27/jersey-entity-filtering-2.27.jar:/home/user/.m2/repository/org/jooq/jooq/3.11.10/jooq-3.11.10.jar:/home/user/.m2/repository/org/jooq/jooq-meta/3.11.10/jooq-meta-3.11.10.jar:/home/user/.m2/repository/org/jooq/jooq-codegen/3.11.10/jooq-codegen-3.11.10.jar:/home/user/.m2/repository/com/jolbox/bonecp/0.8.0.RELEASE/bonecp-0.8.0.RELEASE.jar:/home/user/.m2/repository/org/apache/derby/derby/10.14.2.0/derby-10.14.2.0.jar:/home/user/.m2/repository/org/xerial/sqlite-jdbc/3.25.2/sqlite-jdbc-3.25.2.jar:/home/user/.m2/repository/org/springframework/spring-jdbc/5.2.5.RELEASE/spring-jdbc-5.2.5.RELEASE.jar:/home/user/.m2/repository/org/springframework/spring-beans/5.2.5.RELEASE/spring-beans-5.2.5.RELEASE.jar:/home/user/.m2/repository/org/springframework/spring-core/5.2.5.RELEASE/spring-core-5.2.5.RELEASE.jar:/home/user/.m2/repository/org/springframework/spring-jcl/5.2.5.RELEASE/spring-jcl-5.2.5.RELEASE.jar:/home/user/.m2/repository/org/springframework/spring-tx/5.2.5.RELEASE/spring-tx-5.2.5.RELEASE.jar:/home/user/.m2/repository/org/apache/hadoop/hadoop-ozone-client/0.6.0-SNAPSHOT/hadoop-ozone-client-0.6.0-SNAPSHOT.jar:/home/user/.m2/repository/org/apache/hadoop/hadoop-ozone-filesystem/0.6.0-SNAPSHOT/hadoop-ozone-filesystem-0.6.0-SNAPSHOT.jar:/home/user/.m2/repository/org/apache/hadoop/hadoop-ozone-filesystem-common/0.6.0-SNAPSHOT/hadoop-ozone-filesystem-common-0.6.0-SNAPSHOT.jar:/home/user/.m2/repository/org/apache/hadoop/hadoop-ozone-tools/0.6.0-SNAPSHOT/hadoop-ozone-tools-0.6.0-SNAPSHOT.jar:/home/user/.m2/repository/org/apache/hadoop/hadoop-hdfs/3.2.1/hadoop-hdfs-3.2.1.jar:/home/user/.m2/repository/org/apache/ratis/ratis-tools/0.6.0-6ab75ae-SNAPSHOT/ratis-tools-0.6.0-6ab75ae-SNAPSHOT.jar:/home/user/.m2/repository/org/apache/ratis/ratis-proto/0.6.0-6ab75ae-SNAPSHOT/ratis-proto-0.6.0-6ab75ae-SNAPSHOT.jar:/home/user/.m2/repository/org/apache/ratis/ratis-common/0.6.0-6ab75ae-SNAPSHOT/ratis-common-0.6.0-6ab75ae-SNAPSHOT.jar:/home/user/.m2/repository/com/amazonaws/aws-java-sdk-core/1.11.615/aws-java-sdk-core-1.11.615.jar:/home/user/.m2/repository/org/apache/httpcomponents/httpclient/4.5.2/httpclient-4.5.2.jar:/home/user/.m2/repository/org/apache/httpcomponents/httpcore/4.4.4/httpcore-4.4.4.jar:/home/user/.m2/repository/software/amazon/ion/ion-java/1.0.2/ion-java-1.0.2.jar:/home/user/.m2/repository/com/fasterxml/jackson/dataformat/jackson-dataformat-cbor/2.10.3/jackson-dataformat-cbor-2.10.3.jar:/home/user/.m2/repository/joda-time/joda-time/2.8.1/joda-time-2.8.1.jar:/home/user/.m2/repository/com/amazonaws/aws-java-sdk-s3/1.11.615/aws-java-sdk-s3-1.11.615.jar:/home/user/.m2/repository/com/amazonaws/aws-java-sdk-kms/1.11.615/aws-java-sdk-kms-1.11.615.jar:/home/user/.m2/repository/com/amazonaws/jmespath-java/1.11.615/jmespath-java-1.11.615.jar:/home/user/.m2/repository/org/apache/hadoop/hadoop-hdds-tools/0.6.0-SNAPSHOT/hadoop-hdds-tools-0.6.0-SNAPSHOT.jar:/home/user/.m2/repository/commons-cli/commons-cli/1.2/commons-cli-1.2.jar:/home/user/.m2/repository/org/apache/commons/commons-lang3/3.7/commons-lang3-3.7.jar:/home/user/.m2/repository/org/apache/hadoop/hadoop-ozone-ozone-manager/0.6.0-SNAPSHOT/hadoop-ozone-ozone-manager-0.6.0-SNAPSHOT-tests.jar:/home/user/.m2/repository/junit/junit/4.11/junit-4.11.jar:/home/user/.m2/repository/org/hamcrest/hamcrest-core/1.3/hamcrest-core-1.3.jar:/home/user/.m2/repository/org/openjdk/jmh/jmh-core/1.19/jmh-core-1.19.jar:/home/user/.m2/repository/net/sf/jopt-simple/jopt-simple/4.6/jopt-simple-4.6.jar:/home/user/.m2/repository/org/apache/commons/commons-math3/3.1.1/commons-math3-3.1.1.jar:/home/user/.m2/repository/org/openjdk/jmh/jmh-generator-annprocess/1.19/jmh-generator-annprocess-1.19.jar:/home/user/.m2/repository/org/mockito/mockito-all/1.8.5/mockito-all-1.8.5.jar:/home/user/.m2/repository/org/apache/hadoop/hadoop-kms/3.2.1/hadoop-kms-3.2.1.jar:/home/user/.m2/repository/org/apache/hadoop/hadoop-auth/3.2.1/hadoop-auth-3.2.1.jar:/home/user/.m2/repository/com/nimbusds/nimbus-jose-jwt/7.9/nimbus-jose-jwt-7.9.jar:/home/user/.m2/repository/com/github/stephenc/jcip/jcip-annotations/1.0-1/jcip-annotations-1.0-1.jar:/home/user/.m2/repository/net/minidev/json-smart/2.3/json-smart-2.3.jar:/home/user/.m2/repository/net/minidev/accessors-smart/1.2/accessors-smart-1.2.jar:/home/user/.m2/repository/org/ow2/asm/asm/5.0.4/asm-5.0.4.jar:/home/user/.m2/repository/org/apache/zookeeper/zookeeper/3.4.13/zookeeper-3.4.13.jar:/home/user/.m2/repository/org/apache/yetus/audience-annotations/0.5.0/audience-annotations-0.5.0.jar:/home/user/.m2/repository/org/apache/curator/curator-framework/2.13.0/curator-framework-2.13.0.jar:/home/user/.m2/repository/com/sun/jersey/jersey-core/1.19/jersey-core-1.19.jar:/home/user/.m2/repository/javax/ws/rs/jsr311-api/1.1.1/jsr311-api-1.1.1.jar:/home/user/.m2/repository/com/sun/jersey/jersey-server/1.19/jersey-server-1.19.jar:/home/user/.m2/repository/javax/servlet/javax.servlet-api/3.1.0/javax.servlet-api-3.1.0.jar:/home/user/.m2/repository/org/eclipse/jetty/jetty-server/9.4.26.v20200117/jetty-server-9.4.26.v20200117.jar:/home/user/.m2/repository/org/eclipse/jetty/jetty-http/9.4.26.v20200117/jetty-http-9.4.26.v20200117.jar:/home/user/.m2/repository/org/eclipse/jetty/jetty-io/9.4.26.v20200117/jetty-io-9.4.26.v20200117.jar:/home/user/.m2/repository/org/eclipse/jetty/jetty-webapp/9.4.26.v20200117/jetty-webapp-9.4.26.v20200117.jar:/home/user/.m2/repository/org/eclipse/jetty/jetty-xml/9.4.26.v20200117/jetty-xml-9.4.26.v20200117.jar:/home/user/.m2/repository/org/eclipse/jetty/jetty-servlet/9.4.26.v20200117/jetty-servlet-9.4.26.v20200117.jar:/home/user/.m2/repository/org/eclipse/jetty/jetty-security/9.4.26.v20200117/jetty-security-9.4.26.v20200117.jar:/home/user/.m2/repository/org/apache/hadoop/hadoop-common/3.2.1/hadoop-common-3.2.1.jar:/home/user/.m2/repository/commons-net/commons-net/3.6/commons-net-3.6.jar:/home/user/.m2/repository/commons-collections/commons-collections/3.2.2/commons-collections-3.2.2.jar:/home/user/.m2/repository/com/sun/jersey/jersey-servlet/1.19/jersey-servlet-1.19.jar:/home/user/.m2/repository/com/sun/jersey/jersey-json/1.19/jersey-json-1.19.jar:/home/user/.m2/repository/org/codehaus/jettison/jettison/1.1/jettison-1.1.jar:/home/user/.m2/repository/org/codehaus/jackson/jackson-jaxrs/1.9.2/jackson-jaxrs-1.9.2.jar:/home/user/.m2/repository/org/codehaus/jackson/jackson-xc/1.9.2/jackson-xc-1.9.2.jar:/home/user/.m2/repository/commons-beanutils/commons-beanutils/1.9.4/commons-beanutils-1.9.4.jar:/home/user/.m2/repository/org/apache/commons/commons-configuration2/2.1.1/commons-configuration2-2.1.1.jar:/home/user/.m2/repository/org/apache/commons/commons-text/1.4/commons-text-1.4.jar:/home/user/.m2/repository/com/google/re2j/re2j/1.1/re2j-1.1.jar:/home/user/.m2/repository/com/jcraft/jsch/0.1.54/jsch-0.1.54.jar:/home/user/.m2/repository/org/apache/curator/curator-client/2.13.0/curator-client-2.13.0.jar:/home/user/.m2/repository/org/apache/curator/curator-recipes/2.13.0/curator-recipes-2.13.0.jar:/home/user/.m2/repository/dnsjava/dnsjava/2.1.7/dnsjava-2.1.7.jar:/home/user/.m2/repository/org/slf4j/jul-to-slf4j/1.7.25/jul-to-slf4j-1.7.25.jar:/home/user/.m2/repository/org/eclipse/jetty/jetty-util/9.4.26.v20200117/jetty-util-9.4.26.v20200117.jar:/home/user/.m2/repository/com/fasterxml/jackson/core/jackson-databind/2.10.3/jackson-databind-2.10.3.jar:/home/user/.m2/repository/org/apache/hadoop/hadoop-kms/3.2.1/hadoop-kms-3.2.1-tests.jar:/home/user/.m2/repository/org/apache/hadoop/hadoop-hdds-server-scm/0.6.0-SNAPSHOT/hadoop-hdds-server-scm-0.6.0-SNAPSHOT-tests.jar:/home/user/.m2/repository/org/apache/hadoop/hadoop-hdds-container-service/0.6.0-SNAPSHOT/hadoop-hdds-container-service-0.6.0-SNAPSHOT-tests.jar:/home/user/.m2/repository/org/apache/hadoop/hadoop-hdds-common/0.6.0-SNAPSHOT/hadoop-hdds-common-0.6.0-SNAPSHOT-tests.jar:/home/user/.m2/repository/org/yaml/snakeyaml/1.16/snakeyaml-1.16.jar:/home/user/.m2/repository/org/apache/hadoop/hadoop-hdds-hadoop-dependency-test/0.6.0-SNAPSHOT/hadoop-hdds-hadoop-dependency-test-0.6.0-SNAPSHOT.jar:/home/user/.m2/repository/org/apache/hadoop/hadoop-common/3.2.1/hadoop-common-3.2.1-tests.jar:/home/user/.m2/repository/javax/servlet/jsp/jsp-api/2.1/jsp-api-2.1.jar:/home/user/.m2/repository/org/apache/hadoop/hadoop-hdfs/3.2.1/hadoop-hdfs-3.2.1-tests.jar:/home/user/.m2/repository/org/eclipse/jetty/jetty-util-ajax/9.4.26.v20200117/jetty-util-ajax-9.4.26.v20200117.jar:/home/user/.m2/repository/commons-codec/commons-codec/1.11/commons-codec-1.11.jar:/home/user/.m2/repository/commons-daemon/commons-daemon/1.0.13/commons-daemon-1.0.13.jar:/home/user/.m2/repository/io/netty/netty/3.10.5.Final/netty-3.10.5.Final.jar:/home/user/.m2/repository/io/netty/netty-all/4.1.48.Final/netty-all-4.1.48.Final.jar:/home/user/.m2/repository/org/apache/htrace/htrace-core4/4.1.0-incubating/htrace-core4-4.1.0-incubating.jar:/home/user/.m2/repository/org/fusesource/leveldbjni/leveldbjni-all/1.8/leveldbjni-all-1.8.jar:/home/user/.m2/repository/org/apache/hadoop/hadoop-distcp/3.2.1/hadoop-distcp-3.2.1.jar:/home/user/.m2/repository/org/apache/hadoop/hadoop-mapreduce-client-jobclient/3.2.1/hadoop-mapreduce-client-jobclient-3.2.1.jar:/home/user/.m2/repository/org/apache/hadoop/hadoop-mapreduce-client-common/3.2.1/hadoop-mapreduce-client-common-3.2.1.jar:/home/user/.m2/repository/org/apache/hadoop/hadoop-yarn-common/3.2.1/hadoop-yarn-common-3.2.1.jar:/home/user/.m2/repository/org/apache/hadoop/hadoop-yarn-api/3.2.1/hadoop-yarn-api-3.2.1.jar:/home/user/.m2/repository/com/sun/jersey/jersey-client/1.19/jersey-client-1.19.jar:/home/user/.m2/repository/com/sun/jersey/contribs/jersey-guice/1.19/jersey-guice-1.19.jar:/home/user/.m2/repository/com/fasterxml/jackson/jaxrs/jackson-jaxrs-json-provider/2.10.3/jackson-jaxrs-json-provider-2.10.3.jar:/home/user/.m2/repository/com/fasterxml/jackson/jaxrs/jackson-jaxrs-base/2.10.3/jackson-jaxrs-base-2.10.3.jar:/home/user/.m2/repository/org/apache/hadoop/hadoop-yarn-client/3.2.1/hadoop-yarn-client-3.2.1.jar:/home/user/.m2/repository/org/apache/hadoop/hadoop-mapreduce-client-core/3.2.1/hadoop-mapreduce-client-core-3.2.1.jar:/home/user/.m2/repository/org/apache/avro/avro/1.7.7/avro-1.7.7.jar:/home/user/.m2/repository/org/codehaus/jackson/jackson-core-asl/1.9.13/jackson-core-asl-1.9.13.jar:/home/user/.m2/repository/org/codehaus/jackson/jackson-mapper-asl/1.9.13/jackson-mapper-asl-1.9.13.jar:/home/user/.m2/repository/com/thoughtworks/paranamer/paranamer/2.3/paranamer-2.3.jar:/home/user/.m2/repository/org/xerial/snappy/snappy-java/1.0.5/snappy-java-1.0.5.jar:/home/user/.m2/repository/org/apache/hadoop/hadoop-annotations/3.2.1/hadoop-annotations-3.2.1.jar:/usr/lib/jvm/java-1.8.0-openjdk-1.8.0.232.b09-0.el7_7.x86_64/jre/../lib/tools.jar:/home/user/.m2/repository/org/apache/hadoop/hadoop-distcp/3.2.1/hadoop-distcp-3.2.1-tests.jar:"/>
    <property name="sun.cpu.endian" value="little"/>
    <property name="user.home" value="/home/user"/>
    <property name="user.language" value="en"/>
    <property name="java.specification.vendor" value="Oracle Corporation"/>
    <property name="java.home" value="/usr/lib/jvm/java-1.8.0-openjdk-1.8.0.232.b09-0.el7_7.x86_64/jre"/>
    <property name="java.security.krb5.conf" value="/github/workspace/mnt/ozone/hadoop-ozone/integration-test/target/test-classes/krb5.conf"/>
    <property name="basedir" value="/github/workspace/mnt/ozone/hadoop-ozone/integration-test"/>
    <property name="file.separator" value="/"/>
    <property name="line.separator" value="&#10;"/>
    <property name="java.vm.specification.vendor" value="Oracle Corporation"/>
    <property name="java.specification.name" value="Java Platform API Specification"/>
    <property name="java.awt.graphicsenv" value="sun.awt.X11GraphicsEnvironment"/>
    <property name="skip.installnpx" value="true"/>
    <property name="surefire.real.class.path" value="/github/workspace/mnt/ozone/hadoop-ozone/integration-test/target/surefire/surefirebooter5523833453785525430.jar:/home/user/.m2/repository/org/jacoco/org.jacoco.agent/0.8.5/org.jacoco.agent-0.8.5-runtime.jar"/>
    <property name="hadoop.log.dir" value="/github/workspace/mnt/ozone/hadoop-ozone/integration-test/target/log"/>
    <property name="sun.boot.class.path" value="/usr/lib/jvm/java-1.8.0-openjdk-1.8.0.232.b09-0.el7_7.x86_64/jre/lib/resources.jar:/usr/lib/jvm/java-1.8.0-openjdk-1.8.0.232.b09-0.el7_7.x86_64/jre/lib/rt.jar:/usr/lib/jvm/java-1.8.0-openjdk-1.8.0.232.b09-0.el7_7.x86_64/jre/lib/sunrsasign.jar:/usr/lib/jvm/java-1.8.0-openjdk-1.8.0.232.b09-0.el7_7.x86_64/jre/lib/jsse.jar:/usr/lib/jvm/java-1.8.0-openjdk-1.8.0.232.b09-0.el7_7.x86_64/jre/lib/jce.jar:/usr/lib/jvm/java-1.8.0-openjdk-1.8.0.232.b09-0.el7_7.x86_64/jre/lib/charsets.jar:/usr/lib/jvm/java-1.8.0-openjdk-1.8.0.232.b09-0.el7_7.x86_64/jre/lib/jfr.jar:/usr/lib/jvm/java-1.8.0-openjdk-1.8.0.232.b09-0.el7_7.x86_64/jre/classes"/>
    <property name="sun.management.compiler" value="HotSpot 64-Bit Tiered Compilers"/>
    <property name="skip.npx" value="true"/>
    <property name="java.runtime.version" value="1.8.0_232-b09"/>
    <property name="java.net.preferIPv4Stack" value="true"/>
    <property name="user.name" value="jenkins1001"/>
    <property name="path.separator" value=":"/>
    <property name="java.security.egd" value="file:///dev/urandom"/>
    <property name="os.version" value="5.3.0-1028-azure"/>
    <property name="java.endorsed.dirs" value="/usr/lib/jvm/java-1.8.0-openjdk-1.8.0.232.b09-0.el7_7.x86_64/jre/lib/endorsed"/>
    <property name="java.runtime.name" value="OpenJDK Runtime Environment"/>
    <property name="file.encoding" value="ANSI_X3.4-1968"/>
    <property name="java.vm.name" value="OpenJDK 64-Bit Server VM"/>
    <property name="test.build.webapps" value=""/>
    <property name="localRepository" value="/home/user/.m2/repository"/>
    <property name="java.vendor.url.bug" value="http://bugreport.sun.com/bugreport/"/>
    <property name="java.io.tmpdir" value="/tmp"/>
    <property name="require.test.libhadoop" value=""/>
    <property name="java.version" value="1.8.0_232"/>
    <property name="user.dir" value="/github/workspace/mnt/ozone/hadoop-ozone/integration-test"/>
    <property name="os.arch" value="amd64"/>
    <property name="java.vm.specification.name" value="Java Virtual Machine Specification"/>
    <property name="test.build.classes" value="/github/workspace/mnt/ozone/hadoop-ozone/integration-test/target/test-classes"/>
    <property name="java.awt.printerjob" value="sun.print.PSPrinterJob"/>
    <property name="sun.os.patch.level" value="unknown"/>
    <property name="hadoop.tmp.dir" value="/github/workspace/mnt/ozone/hadoop-ozone/integration-test/target/tmp"/>
    <property name="java.library.path" value="/usr/lib:/usr/java/packages/lib/amd64:/usr/lib64:/lib64:/lib:/usr/lib"/>
    <property name="java.vm.info" value="mixed mode"/>
    <property name="java.vendor" value="Oracle Corporation"/>
    <property name="java.vm.version" value="25.232-b09"/>
    <property name="java.ext.dirs" value="/usr/lib/jvm/java-1.8.0-openjdk-1.8.0.232.b09-0.el7_7.x86_64/jre/lib/ext:/usr/java/packages/lib/ext"/>
    <property name="sun.io.unicode.encoding" value="UnicodeLittle"/>
    <property name="java.class.version" value="52.0"/>
  </properties>
  <testcase name="testCloseContainerViaRatis" classname="org.apache.hadoop.ozone.container.common.statemachine.commandhandler.TestCloseContainerByPipeline" time="4.855">
    <failure type="java.lang.AssertionError">java.lang.AssertionError
	at org.junit.Assert.fail(Assert.java:86)
	at org.junit.Assert.assertTrue(Assert.java:41)
	at org.junit.Assert.assertFalse(Assert.java:64)
	at org.junit.Assert.assertFalse(Assert.java:74)
	at org.apache.hadoop.ozone.container.common.statemachine.commandhandler.TestCloseContainerByPipeline.testCloseContainerViaRatis(TestCloseContainerByPipeline.java:241)
	at sun.reflect.NativeMethodAccessorImpl.invoke0(Native Method)
	at sun.reflect.NativeMethodAccessorImpl.invoke(NativeMethodAccessorImpl.java:62)
	at sun.reflect.DelegatingMethodAccessorImpl.invoke(DelegatingMethodAccessorImpl.java:43)
	at java.lang.reflect.Method.invoke(Method.java:498)
	at org.junit.runners.model.FrameworkMethod$1.runReflectiveCall(FrameworkMethod.java:47)
	at org.junit.internal.runners.model.ReflectiveCallable.run(ReflectiveCallable.java:12)
	at org.junit.runners.model.FrameworkMethod.invokeExplosively(FrameworkMethod.java:44)
	at org.junit.internal.runners.statements.InvokeMethod.evaluate(InvokeMethod.java:17)
	at org.junit.runners.ParentRunner.runLeaf(ParentRunner.java:271)
	at org.junit.runners.BlockJUnit4ClassRunner.runChild(BlockJUnit4ClassRunner.java:70)
	at org.junit.runners.BlockJUnit4ClassRunner.runChild(BlockJUnit4ClassRunner.java:50)
	at org.junit.runners.ParentRunner$3.run(ParentRunner.java:238)
	at org.junit.runners.ParentRunner$1.schedule(ParentRunner.java:63)
	at org.junit.runners.ParentRunner.runChildren(ParentRunner.java:236)
	at org.junit.runners.ParentRunner.access$000(ParentRunner.java:53)
	at org.junit.runners.ParentRunner$2.evaluate(ParentRunner.java:229)
	at org.junit.internal.runners.statements.RunBefores.evaluate(RunBefores.java:26)
	at org.junit.internal.runners.statements.RunAfters.evaluate(RunAfters.java:27)
	at org.junit.runners.ParentRunner.run(ParentRunner.java:309)
	at org.apache.maven.surefire.junit4.JUnit4Provider.execute(JUnit4Provider.java:365)
	at org.apache.maven.surefire.junit4.JUnit4Provider.executeWithRerun(JUnit4Provider.java:273)
	at org.apache.maven.surefire.junit4.JUnit4Provider.executeTestSet(JUnit4Provider.java:238)
	at org.apache.maven.surefire.junit4.JUnit4Provider.invoke(JUnit4Provider.java:159)
	at org.apache.maven.surefire.booter.ForkedBooter.invokeProviderInSameClassLoader(ForkedBooter.java:384)
	at org.apache.maven.surefire.booter.ForkedBooter.runSuitesInProcess(ForkedBooter.java:345)
	at org.apache.maven.surefire.booter.ForkedBooter.execute(ForkedBooter.java:126)
	at org.apache.maven.surefire.booter.ForkedBooter.main(ForkedBooter.java:418)
</failure>
    <system-out><![CDATA[2020-06-24 17:10:43,285 [main] WARN  server.ServerUtils (ServerUtils.java:getScmDbDir(148)) - ozone.scm.db.dirs is not configured. We recommend adding this setting. Falling back to ozone.metadata.dirs instead.
2020-06-24 17:10:43,364 [main] WARN  server.ServerUtils (ServerUtils.java:getScmDbDir(148)) - ozone.scm.db.dirs is not configured. We recommend adding this setting. Falling back to ozone.metadata.dirs instead.
2020-06-24 17:10:43,490 [main] WARN  db.DBStoreBuilder (DBStoreBuilder.java:createDBStoreBuilder(277)) - ozone.scm.db.dirs is not configured. We recommend adding this setting. Falling back to ozone.metadata.dirs instead.
2020-06-24 17:10:43,613 [main] INFO  net.NodeSchemaLoader (NodeSchemaLoader.java:loadSchemaFromFile(126)) - Loading file from sun.misc.CompoundEnumeration@4c37b5b
2020-06-24 17:10:43,615 [main] INFO  net.NodeSchemaLoader (NodeSchemaLoader.java:loadSchema(172)) - Loading network topology layer schema file
2020-06-24 17:10:43,703 [main] WARN  server.ServerUtils (ServerUtils.java:sanitizeUserArgs(73)) - ozone.scm.stale.node.interval value = 300000 is larger than max = 100000 based on the key value of ozone.scm.heartbeat.thread.interval, reset to the max value 100000.
2020-06-24 17:10:43,704 [main] WARN  server.ServerUtils (ServerUtils.java:sanitizeUserArgs(73)) - ozone.scm.stale.node.interval value = 300000 is larger than max = 100000 based on the key value of ozone.scm.heartbeat.thread.interval, reset to the max value 100000.
2020-06-24 17:10:43,709 [main] INFO  node.SCMNodeManager (SCMNodeManager.java:<init>(116)) - Entering startup safe mode.
2020-06-24 17:10:43,851 [main] INFO  algorithms.ContainerPlacementPolicyFactory (ContainerPlacementPolicyFactory.java:getPolicy(60)) - Create container placement policy of type org.apache.hadoop.hdds.scm.container.placement.algorithms.SCMContainerPlacementRandom
2020-06-24 17:10:43,888 [main] INFO  pipeline.SCMPipelineManager (SCMPipelineManager.java:initializePipelineState(158)) - No pipeline exists in current db
2020-06-24 17:10:43,980 [main] INFO  safemode.HealthyPipelineSafeModeRule (HealthyPipelineSafeModeRule.java:<init>(89)) - Total pipeline count is 0, healthy pipeline threshold count is 0
2020-06-24 17:10:43,997 [main] INFO  safemode.OneReplicaPipelineSafeModeRule (OneReplicaPipelineSafeModeRule.java:<init>(79)) - Total pipeline count is 0, pipeline's with at least one datanode reported threshold count is 0
2020-06-24 17:10:44,041 [RatisPipelineUtilsThread] ERROR pipeline.SCMPipelineManager (SCMPipelineManager.java:createPipeline(222)) - Failed to create pipeline of type RATIS and factor ONE. Exception: Cannot create pipeline of factor 1 using 0 nodes. Used 0 nodes. Healthy nodes 0
2020-06-24 17:10:44,400 [main] INFO  ipc.CallQueueManager (CallQueueManager.java:<init>(84)) - Using callQueue: class java.util.concurrent.LinkedBlockingQueue, queueCapacity: 2000, scheduler: class org.apache.hadoop.ipc.DefaultRpcScheduler, ipcBackoff: false.
2020-06-24 17:10:44,424 [Socket Reader #1 for port 0] INFO  ipc.Server (Server.java:run(1219)) - Starting Socket Reader #1 for port 0
2020-06-24 17:10:44,460 [Listener at 0.0.0.0/39375] INFO  ipc.CallQueueManager (CallQueueManager.java:<init>(84)) - Using callQueue: class java.util.concurrent.LinkedBlockingQueue, queueCapacity: 2000, scheduler: class org.apache.hadoop.ipc.DefaultRpcScheduler, ipcBackoff: false.
2020-06-24 17:10:44,461 [Socket Reader #1 for port 0] INFO  ipc.Server (Server.java:run(1219)) - Starting Socket Reader #1 for port 0
2020-06-24 17:10:44,475 [Listener at 0.0.0.0/41149] INFO  ipc.CallQueueManager (CallQueueManager.java:<init>(84)) - Using callQueue: class java.util.concurrent.LinkedBlockingQueue, queueCapacity: 2000, scheduler: class org.apache.hadoop.ipc.DefaultRpcScheduler, ipcBackoff: false.
2020-06-24 17:10:44,476 [Socket Reader #1 for port 0] INFO  ipc.Server (Server.java:run(1219)) - Starting Socket Reader #1 for port 0
2020-06-24 17:10:44,494 [Listener at 0.0.0.0/33577] INFO  http.BaseHttpServer (BaseHttpServer.java:newHttpServer2BuilderForOzone(205)) - Starting Web-server for scm at: http://0.0.0.0:0
2020-06-24 17:10:44,494 [Listener at 0.0.0.0/33577] INFO  http.BaseHttpServer (BaseHttpServer.java:<init>(106)) - Hadoop Security Enabled: false Ozone Security Enabled: false Ozone HTTP Security Enabled: false 
2020-06-24 17:10:44,522 [Listener at 0.0.0.0/33577] INFO  util.log (Log.java:initialized(169)) - Logging initialized @2250ms to org.eclipse.jetty.util.log.Slf4jLog
2020-06-24 17:10:44,658 [Listener at 0.0.0.0/33577] INFO  server.AuthenticationFilter (AuthenticationFilter.java:constructSecretProvider(240)) - Unable to initialize FileSignerSecretProvider, falling back to use random secrets.
2020-06-24 17:10:44,673 [Listener at 0.0.0.0/33577] WARN  http.HttpRequestLog (HttpRequestLog.java:getRequestLog(103)) - Jetty request log can only be enabled using Log4j
2020-06-24 17:10:44,679 [Listener at 0.0.0.0/33577] INFO  http.HttpServer2 (HttpServer2.java:addGlobalFilter(993)) - Added global filter 'safety' (class=org.apache.hadoop.hdds.server.http.HttpServer2$QuotingInputFilter)
2020-06-24 17:10:44,686 [Listener at 0.0.0.0/33577] INFO  http.HttpServer2 (HttpServer2.java:addFilter(969)) - Added filter authentication (class=org.apache.hadoop.security.authentication.server.AuthenticationFilter) to context scm
2020-06-24 17:10:44,686 [Listener at 0.0.0.0/33577] INFO  http.HttpServer2 (HttpServer2.java:addFilter(977)) - Added filter authentication (class=org.apache.hadoop.security.authentication.server.AuthenticationFilter) to context logs
2020-06-24 17:10:44,687 [Listener at 0.0.0.0/33577] INFO  http.HttpServer2 (HttpServer2.java:addFilter(977)) - Added filter authentication (class=org.apache.hadoop.security.authentication.server.AuthenticationFilter) to context static
2020-06-24 17:10:44,743 [Listener at 0.0.0.0/33577] INFO  server.StorageContainerManager (StorageContainerManager.java:start(782)) - StorageContainerLocationProtocol RPC server is listening at /0.0.0.0:33577
2020-06-24 17:10:44,795 [Listener at 0.0.0.0/33577] WARN  impl.MetricsConfig (MetricsConfig.java:loadFirst(134)) - Cannot locate configuration: tried hadoop-metrics2-storagecontainermanager.properties,hadoop-metrics2.properties
2020-06-24 17:10:44,809 [Listener at 0.0.0.0/33577] INFO  impl.MetricsSystemImpl (MetricsSystemImpl.java:startTimer(374)) - Scheduled Metric snapshot period at 10 second(s).
2020-06-24 17:10:44,809 [Listener at 0.0.0.0/33577] INFO  impl.MetricsSystemImpl (MetricsSystemImpl.java:start(191)) - StorageContainerManager metrics system started
2020-06-24 17:10:45,037 [Listener at 0.0.0.0/33577] INFO  server.SCMClientProtocolServer (SCMClientProtocolServer.java:start(156)) - RPC server for Client  is listening at /0.0.0.0:33577
2020-06-24 17:10:45,040 [IPC Server Responder] INFO  ipc.Server (Server.java:run(1460)) - IPC Server Responder: starting
2020-06-24 17:10:45,041 [IPC Server listener on 0] INFO  ipc.Server (Server.java:run(1298)) - IPC Server listener on 0: starting
2020-06-24 17:10:45,046 [Listener at 0.0.0.0/33577] INFO  server.StorageContainerManager (StorageContainerManager.java:start(794)) - ScmBlockLocationProtocol RPC server is listening at /0.0.0.0:41149
2020-06-24 17:10:45,046 [Listener at 0.0.0.0/33577] INFO  server.SCMBlockProtocolServer (SCMBlockProtocolServer.java:start(149)) - RPC server for Block Protocol is listening at /0.0.0.0:41149
2020-06-24 17:10:45,047 [IPC Server Responder] INFO  ipc.Server (Server.java:run(1460)) - IPC Server Responder: starting
2020-06-24 17:10:45,047 [IPC Server listener on 0] INFO  ipc.Server (Server.java:run(1298)) - IPC Server listener on 0: starting
2020-06-24 17:10:45,050 [Listener at 0.0.0.0/33577] INFO  server.StorageContainerManager (StorageContainerManager.java:start(800)) - ScmDatanodeProtocl RPC server is listening at /0.0.0.0:39375
2020-06-24 17:10:45,050 [Listener at 0.0.0.0/33577] INFO  server.SCMDatanodeProtocolServer (SCMDatanodeProtocolServer.java:start(172)) - RPC server for DataNodes is listening at /0.0.0.0:39375
2020-06-24 17:10:45,050 [IPC Server Responder] INFO  ipc.Server (Server.java:run(1460)) - IPC Server Responder: starting
2020-06-24 17:10:45,051 [IPC Server listener on 0] INFO  ipc.Server (Server.java:run(1298)) - IPC Server listener on 0: starting
2020-06-24 17:10:45,055 [Listener at 0.0.0.0/33577] INFO  http.HttpServer2 (HttpServer2.java:bindListener(1211)) - Jetty bound to port 34387
2020-06-24 17:10:45,057 [Listener at 0.0.0.0/33577] INFO  server.Server (Server.java:doStart(359)) - jetty-9.4.26.v20200117; built: 2020-01-17T12:35:33.676Z; git: 7b38981d25d14afb4a12ff1f2596756144edf695; jvm 1.8.0_232-b09
2020-06-24 17:10:45,085 [Listener at 0.0.0.0/33577] INFO  server.session (DefaultSessionIdManager.java:doStart(333)) - DefaultSessionIdManager workerName=node0
2020-06-24 17:10:45,086 [Listener at 0.0.0.0/33577] INFO  server.session (DefaultSessionIdManager.java:doStart(338)) - No SessionScavenger set, using defaults
2020-06-24 17:10:45,087 [Listener at 0.0.0.0/33577] INFO  server.session (HouseKeeper.java:startScavenging(140)) - node0 Scavenging every 660000ms
2020-06-24 17:10:45,100 [Listener at 0.0.0.0/33577] INFO  server.AuthenticationFilter (AuthenticationFilter.java:constructSecretProvider(240)) - Unable to initialize FileSignerSecretProvider, falling back to use random secrets.
2020-06-24 17:10:45,103 [Listener at 0.0.0.0/33577] INFO  handler.ContextHandler (ContextHandler.java:doStart(825)) - Started o.e.j.s.ServletContextHandler@6723610b{logs,/logs,file:///github/workspace/mnt/ozone/hadoop-ozone/integration-test/target/log,AVAILABLE}
2020-06-24 17:10:45,103 [Listener at 0.0.0.0/33577] INFO  handler.ContextHandler (ContextHandler.java:doStart(825)) - Started o.e.j.s.ServletContextHandler@47f04e4d{static,/static,file:///github/workspace/mnt/ozone/hadoop-ozone/integration-test/target/test-classes/webapps/static,AVAILABLE}
2020-06-24 17:10:45,141 [Listener at 0.0.0.0/33577] INFO  handler.ContextHandler (ContextHandler.java:doStart(825)) - Started o.e.j.w.WebAppContext@3b97907c{scm,/,file:///github/workspace/mnt/ozone/hadoop-ozone/integration-test/target/test-classes/webapps/scm/,AVAILABLE}{file:/github/workspace/mnt/ozone/hadoop-ozone/integration-test/target/test-classes/webapps/scm}
2020-06-24 17:10:45,156 [Listener at 0.0.0.0/33577] INFO  server.AbstractConnector (AbstractConnector.java:doStart(330)) - Started ServerConnector@33f17289{HTTP/1.1,[http/1.1]}{0.0.0.0:34387}
2020-06-24 17:10:45,156 [Listener at 0.0.0.0/33577] INFO  server.Server (Server.java:doStart(399)) - Started @2884ms
2020-06-24 17:10:45,160 [Listener at 0.0.0.0/33577] INFO  impl.MetricsSinkAdapter (MetricsSinkAdapter.java:start(204)) - Sink prometheus started
2020-06-24 17:10:45,160 [Listener at 0.0.0.0/33577] INFO  impl.MetricsSystemImpl (MetricsSystemImpl.java:registerSink(301)) - Registered sink prometheus
2020-06-24 17:10:45,165 [Listener at 0.0.0.0/33577] INFO  http.BaseHttpServer (BaseHttpServer.java:updateConnectorAddress(325)) - HTTP server of scm listening at http://0.0.0.0:34387
2020-06-24 17:10:45,174 [Listener at 0.0.0.0/33577] WARN  server.ServerUtils (ServerUtils.java:getDBPath(225)) - ozone.om.db.dirs is not configured. We recommend adding this setting. Falling back to ozone.metadata.dirs instead.
2020-06-24 17:10:45,177 [org.apache.hadoop.util.JvmPauseMonitor$Monitor@521441d5] INFO  util.JvmPauseMonitor (JvmPauseMonitor.java:run(188)) - Starting JVM pause monitor
2020-06-24 17:10:45,276 [Listener at 0.0.0.0/33577] INFO  ha.OMHANodeDetails (OMHANodeDetails.java:loadOMHAConfig(104)) - ozone.om.internal.service.id is not defined, falling back to ozone.om.service.ids to find serviceID for OzoneManager if it is HA enabled cluster
2020-06-24 17:10:45,281 [Listener at 0.0.0.0/33577] INFO  ha.OMHANodeDetails (OMHANodeDetails.java:loadOMHAConfig(213)) - Configuration either no ozone.om.address set. Falling back to the default OM address /127.0.0.1:0
2020-06-24 17:10:45,281 [Listener at 0.0.0.0/33577] INFO  ha.OMHANodeDetails (OMHANodeDetails.java:getOMNodeDetails(241)) - OM Service ID is not set. Setting it to the default ID: omServiceIdDefault
2020-06-24 17:10:45,283 [Listener at 0.0.0.0/33577] WARN  server.ServerUtils (ServerUtils.java:getDBPath(225)) - ozone.om.db.dirs is not configured. We recommend adding this setting. Falling back to ozone.metadata.dirs instead.
2020-06-24 17:10:45,284 [Listener at 0.0.0.0/33577] WARN  server.ServerUtils (ServerUtils.java:getDBPath(225)) - ozone.om.db.dirs is not configured. We recommend adding this setting. Falling back to ozone.metadata.dirs instead.
2020-06-24 17:10:45,857 [Listener at 0.0.0.0/33577] WARN  server.ServerUtils (ServerUtils.java:getDBPath(225)) - ozone.om.db.dirs is not configured. We recommend adding this setting. Falling back to ozone.metadata.dirs instead.
2020-06-24 17:10:45,983 [Listener at 0.0.0.0/33577] INFO  ipc.CallQueueManager (CallQueueManager.java:<init>(84)) - Using callQueue: class java.util.concurrent.LinkedBlockingQueue, queueCapacity: 2000, scheduler: class org.apache.hadoop.ipc.DefaultRpcScheduler, ipcBackoff: false.
2020-06-24 17:10:45,996 [Socket Reader #1 for port 0] INFO  ipc.Server (Server.java:run(1219)) - Starting Socket Reader #1 for port 0
2020-06-24 17:10:46,016 [Listener at 127.0.0.1/39213] INFO  impl.MetricsSystemImpl (MetricsSystemImpl.java:init(158)) - OzoneManager metrics system started (again)
2020-06-24 17:10:46,018 [Listener at 127.0.0.1/39213] INFO  om.OzoneManager (OzoneManager.java:start(1083)) - OzoneManager RPC server is listening at localhost/127.0.0.1:39213
2020-06-24 17:10:46,039 [IPC Server Responder] INFO  ipc.Server (Server.java:run(1460)) - IPC Server Responder: starting
2020-06-24 17:10:46,040 [IPC Server listener on 0] INFO  ipc.Server (Server.java:run(1298)) - IPC Server listener on 0: starting
2020-06-24 17:10:46,065 [Listener at 127.0.0.1/39213] INFO  http.BaseHttpServer (BaseHttpServer.java:newHttpServer2BuilderForOzone(205)) - Starting Web-server for ozoneManager at: http://0.0.0.0:0
2020-06-24 17:10:46,065 [Listener at 127.0.0.1/39213] INFO  http.BaseHttpServer (BaseHttpServer.java:<init>(106)) - Hadoop Security Enabled: false Ozone Security Enabled: false Ozone HTTP Security Enabled: false 
2020-06-24 17:10:46,067 [Listener at 127.0.0.1/39213] INFO  server.AuthenticationFilter (AuthenticationFilter.java:constructSecretProvider(240)) - Unable to initialize FileSignerSecretProvider, falling back to use random secrets.
2020-06-24 17:10:46,067 [Listener at 127.0.0.1/39213] WARN  http.HttpRequestLog (HttpRequestLog.java:getRequestLog(103)) - Jetty request log can only be enabled using Log4j
2020-06-24 17:10:46,068 [Listener at 127.0.0.1/39213] INFO  http.HttpServer2 (HttpServer2.java:addGlobalFilter(993)) - Added global filter 'safety' (class=org.apache.hadoop.hdds.server.http.HttpServer2$QuotingInputFilter)
2020-06-24 17:10:46,069 [Listener at 127.0.0.1/39213] INFO  http.HttpServer2 (HttpServer2.java:addFilter(969)) - Added filter authentication (class=org.apache.hadoop.security.authentication.server.AuthenticationFilter) to context ozoneManager
2020-06-24 17:10:46,070 [Listener at 127.0.0.1/39213] INFO  http.HttpServer2 (HttpServer2.java:addFilter(977)) - Added filter authentication (class=org.apache.hadoop.security.authentication.server.AuthenticationFilter) to context static
2020-06-24 17:10:46,070 [Listener at 127.0.0.1/39213] INFO  http.HttpServer2 (HttpServer2.java:addFilter(977)) - Added filter authentication (class=org.apache.hadoop.security.authentication.server.AuthenticationFilter) to context logs
2020-06-24 17:10:46,073 [Listener at 127.0.0.1/39213] INFO  http.HttpServer2 (HttpServer2.java:bindListener(1211)) - Jetty bound to port 36799
2020-06-24 17:10:46,073 [Listener at 127.0.0.1/39213] INFO  server.Server (Server.java:doStart(359)) - jetty-9.4.26.v20200117; built: 2020-01-17T12:35:33.676Z; git: 7b38981d25d14afb4a12ff1f2596756144edf695; jvm 1.8.0_232-b09
2020-06-24 17:10:46,075 [Listener at 127.0.0.1/39213] INFO  server.session (DefaultSessionIdManager.java:doStart(333)) - DefaultSessionIdManager workerName=node0
2020-06-24 17:10:46,075 [Listener at 127.0.0.1/39213] INFO  server.session (DefaultSessionIdManager.java:doStart(338)) - No SessionScavenger set, using defaults
2020-06-24 17:10:46,075 [Listener at 127.0.0.1/39213] INFO  server.session (HouseKeeper.java:startScavenging(140)) - node0 Scavenging every 600000ms
2020-06-24 17:10:46,076 [Listener at 127.0.0.1/39213] INFO  server.AuthenticationFilter (AuthenticationFilter.java:constructSecretProvider(240)) - Unable to initialize FileSignerSecretProvider, falling back to use random secrets.
2020-06-24 17:10:46,077 [Listener at 127.0.0.1/39213] INFO  handler.ContextHandler (ContextHandler.java:doStart(825)) - Started o.e.j.s.ServletContextHandler@5bf4dfb{logs,/logs,file:///github/workspace/mnt/ozone/hadoop-ozone/integration-test/target/log,AVAILABLE}
2020-06-24 17:10:46,077 [Listener at 127.0.0.1/39213] INFO  handler.ContextHandler (ContextHandler.java:doStart(825)) - Started o.e.j.s.ServletContextHandler@65259737{static,/static,file:///github/workspace/mnt/ozone/hadoop-ozone/integration-test/target/test-classes/webapps/static,AVAILABLE}
2020-06-24 17:10:46,083 [Listener at 127.0.0.1/39213] INFO  handler.ContextHandler (ContextHandler.java:doStart(825)) - Started o.e.j.w.WebAppContext@23d12a3a{ozoneManager,/,file:///github/workspace/mnt/ozone/hadoop-ozone/integration-test/target/test-classes/webapps/ozoneManager/,AVAILABLE}{file:/github/workspace/mnt/ozone/hadoop-ozone/integration-test/target/test-classes/webapps/ozoneManager}
2020-06-24 17:10:46,084 [Listener at 127.0.0.1/39213] INFO  server.AbstractConnector (AbstractConnector.java:doStart(330)) - Started ServerConnector@38a52072{HTTP/1.1,[http/1.1]}{0.0.0.0:36799}
2020-06-24 17:10:46,085 [Listener at 127.0.0.1/39213] INFO  server.Server (Server.java:doStart(399)) - Started @3812ms
2020-06-24 17:10:46,085 [Listener at 127.0.0.1/39213] WARN  impl.MetricsSystemImpl (MetricsSystemImpl.java:register(276)) - Sink prometheus already exists!
2020-06-24 17:10:46,088 [Listener at 127.0.0.1/39213] INFO  http.BaseHttpServer (BaseHttpServer.java:updateConnectorAddress(325)) - HTTP server of ozoneManager listening at http://0.0.0.0:36799
2020-06-24 17:10:46,096 [org.apache.hadoop.util.JvmPauseMonitor$Monitor@3f3f554f] INFO  util.JvmPauseMonitor (JvmPauseMonitor.java:run(188)) - Starting JVM pause monitor
2020-06-24 17:10:46,237 [Listener at 127.0.0.1/39213] INFO  metrics.MetricRegistries (MetricRegistriesLoader.java:load(64)) - Loaded MetricRegistries class org.apache.ratis.metrics.impl.MetricRegistriesImpl
2020-06-24 17:10:46,239 [Listener at 127.0.0.1/39213] INFO  impl.MetricsSystemImpl (MetricsSystemImpl.java:init(158)) - HddsDatanode metrics system started (again)
2020-06-24 17:10:46,243 [Listener at 127.0.0.1/39213] INFO  ozone.HddsDatanodeService (HddsDatanodeService.java:start(197)) - HddsDatanodeService host:ff49ff68588e ip:172.17.0.2
2020-06-24 17:10:46,296 [Listener at 127.0.0.1/39213] INFO  volume.HddsVolume (HddsVolume.java:<init>(176)) - Creating Volume: /github/workspace/mnt/ozone/hadoop-ozone/integration-test/target/test-dir/MiniOzoneClusterImpl-45b18ba1-9114-4b33-af64-cafa5396b779/datanode-0/data-0/containers/hdds of storage type : DISK and capacity : 9223372036854775807
2020-06-24 17:10:46,298 [Listener at 127.0.0.1/39213] INFO  volume.MutableVolumeSet (MutableVolumeSet.java:initializeVolumeSet(181)) - Added Volume : /github/workspace/mnt/ozone/hadoop-ozone/integration-test/target/test-dir/MiniOzoneClusterImpl-45b18ba1-9114-4b33-af64-cafa5396b779/datanode-0/data-0/containers/hdds to VolumeSet
2020-06-24 17:10:46,299 [Listener at 127.0.0.1/39213] INFO  volume.ThrottledAsyncChecker (ThrottledAsyncChecker.java:schedule(141)) - Scheduling a check for /github/workspace/mnt/ozone/hadoop-ozone/integration-test/target/test-dir/MiniOzoneClusterImpl-45b18ba1-9114-4b33-af64-cafa5396b779/datanode-0/data-0/containers/hdds
2020-06-24 17:10:46,318 [Listener at 127.0.0.1/39213] INFO  volume.HddsVolumeChecker (HddsVolumeChecker.java:checkAllVolumes(200)) - Scheduled health check for volume /github/workspace/mnt/ozone/hadoop-ozone/integration-test/target/test-dir/MiniOzoneClusterImpl-45b18ba1-9114-4b33-af64-cafa5396b779/datanode-0/data-0/containers/hdds
2020-06-24 17:10:46,462 [Listener at 127.0.0.1/39213] INFO  impl.RaftServerProxy (ConfUtils.java:logGet(44)) - raft.rpc.type = GRPC (default)
2020-06-24 17:10:46,532 [Listener at 127.0.0.1/39213] INFO  grpc.GrpcFactory (GrpcFactory.java:checkPooledByteBufAllocatorUseCacheForAllThreads(45)) - PERFORMANCE WARNING: useCacheForAllThreads is true that may cause Netty to create a lot garbage objects and, as a result, trigger GC.
	It is recommended to disable useCacheForAllThreads by setting -Dorg.apache.ratis.thirdparty.io.netty.allocator.useCacheForAllThreads=false in command line.
2020-06-24 17:10:46,538 [Listener at 127.0.0.1/39213] INFO  grpc.GrpcConfigKeys (ConfUtils.java:logGet(44)) - raft.grpc.server.port = 0 (default)
2020-06-24 17:10:46,539 [Listener at 127.0.0.1/39213] INFO  server.GrpcService (ConfUtils.java:logGet(44)) - raft.grpc.message.size.max = 32MB (=33554432) (custom)
2020-06-24 17:10:46,540 [Listener at 127.0.0.1/39213] INFO  server.RaftServerConfigKeys (ConfUtils.java:logGet(44)) - raft.server.log.appender.buffer.byte-limit = 33554432 (custom)
2020-06-24 17:10:46,541 [Listener at 127.0.0.1/39213] INFO  server.GrpcService (ConfUtils.java:logGet(44)) - raft.grpc.flow.control.window = 5MB (=5242880) (custom)
2020-06-24 17:10:46,542 [Listener at 127.0.0.1/39213] INFO  server.RaftServerConfigKeys (ConfUtils.java:logGet(44)) - raft.server.rpc.request.timeout = 60s (custom)
2020-06-24 17:10:46,759 [Listener at 127.0.0.1/39213] INFO  server.RaftServerConfigKeys (ConfUtils.java:logGet(44)) - raft.server.storage.dir = [/github/workspace/mnt/ozone/hadoop-ozone/integration-test/target/test-dir/MiniOzoneClusterImpl-45b18ba1-9114-4b33-af64-cafa5396b779/datanode-0/data/ratis] (custom)
2020-06-24 17:10:46,837 [Listener at 127.0.0.1/39213] INFO  http.BaseHttpServer (BaseHttpServer.java:newHttpServer2BuilderForOzone(205)) - Starting Web-server for hddsDatanode at: http://0.0.0.0:0
2020-06-24 17:10:46,837 [Listener at 127.0.0.1/39213] INFO  http.BaseHttpServer (BaseHttpServer.java:<init>(106)) - Hadoop Security Enabled: false Ozone Security Enabled: false Ozone HTTP Security Enabled: false 
2020-06-24 17:10:46,839 [Listener at 127.0.0.1/39213] INFO  server.AuthenticationFilter (AuthenticationFilter.java:constructSecretProvider(240)) - Unable to initialize FileSignerSecretProvider, falling back to use random secrets.
2020-06-24 17:10:46,839 [Listener at 127.0.0.1/39213] WARN  http.HttpRequestLog (HttpRequestLog.java:getRequestLog(103)) - Jetty request log can only be enabled using Log4j
2020-06-24 17:10:46,840 [Listener at 127.0.0.1/39213] INFO  http.HttpServer2 (HttpServer2.java:addGlobalFilter(993)) - Added global filter 'safety' (class=org.apache.hadoop.hdds.server.http.HttpServer2$QuotingInputFilter)
2020-06-24 17:10:46,841 [Listener at 127.0.0.1/39213] INFO  http.HttpServer2 (HttpServer2.java:addFilter(969)) - Added filter authentication (class=org.apache.hadoop.security.authentication.server.AuthenticationFilter) to context hddsDatanode
2020-06-24 17:10:46,841 [Listener at 127.0.0.1/39213] INFO  http.HttpServer2 (HttpServer2.java:addFilter(977)) - Added filter authentication (class=org.apache.hadoop.security.authentication.server.AuthenticationFilter) to context static
2020-06-24 17:10:46,841 [Listener at 127.0.0.1/39213] INFO  http.HttpServer2 (HttpServer2.java:addFilter(977)) - Added filter authentication (class=org.apache.hadoop.security.authentication.server.AuthenticationFilter) to context logs
2020-06-24 17:10:46,842 [Listener at 127.0.0.1/39213] INFO  http.HttpServer2 (HttpServer2.java:bindListener(1211)) - Jetty bound to port 36573
2020-06-24 17:10:46,842 [Listener at 127.0.0.1/39213] INFO  server.Server (Server.java:doStart(359)) - jetty-9.4.26.v20200117; built: 2020-01-17T12:35:33.676Z; git: 7b38981d25d14afb4a12ff1f2596756144edf695; jvm 1.8.0_232-b09
2020-06-24 17:10:46,844 [Listener at 127.0.0.1/39213] INFO  server.session (DefaultSessionIdManager.java:doStart(333)) - DefaultSessionIdManager workerName=node0
2020-06-24 17:10:46,844 [Listener at 127.0.0.1/39213] INFO  server.session (DefaultSessionIdManager.java:doStart(338)) - No SessionScavenger set, using defaults
2020-06-24 17:10:46,844 [Listener at 127.0.0.1/39213] INFO  server.session (HouseKeeper.java:startScavenging(140)) - node0 Scavenging every 660000ms
2020-06-24 17:10:46,847 [Listener at 127.0.0.1/39213] INFO  server.AuthenticationFilter (AuthenticationFilter.java:constructSecretProvider(240)) - Unable to initialize FileSignerSecretProvider, falling back to use random secrets.
2020-06-24 17:10:46,848 [Listener at 127.0.0.1/39213] INFO  handler.ContextHandler (ContextHandler.java:doStart(825)) - Started o.e.j.s.ServletContextHandler@602d5417{logs,/logs,file:///github/workspace/mnt/ozone/hadoop-ozone/integration-test/target/log,AVAILABLE}
2020-06-24 17:10:46,848 [Listener at 127.0.0.1/39213] INFO  handler.ContextHandler (ContextHandler.java:doStart(825)) - Started o.e.j.s.ServletContextHandler@33ccab9c{static,/static,jar:file:/home/user/.m2/repository/org/apache/hadoop/hadoop-hdds-container-service/0.6.0-SNAPSHOT/hadoop-hdds-container-service-0.6.0-SNAPSHOT.jar!/webapps/static,AVAILABLE}
2020-06-24 17:10:46,870 [Listener at 127.0.0.1/39213] INFO  handler.ContextHandler (ContextHandler.java:doStart(825)) - Started o.e.j.w.WebAppContext@498cf1dc{hddsDatanode,/,file:///tmp/jetty-0_0_0_0-36573-hadoop-hdds-container-service-0_6_0-SNAPSHOT_jar-_-any-8630659788858333319.dir/webapp/,AVAILABLE}{jar:file:/home/user/.m2/repository/org/apache/hadoop/hadoop-hdds-container-service/0.6.0-SNAPSHOT/hadoop-hdds-container-service-0.6.0-SNAPSHOT.jar!/webapps/hddsDatanode}
2020-06-24 17:10:46,872 [Listener at 127.0.0.1/39213] INFO  server.AbstractConnector (AbstractConnector.java:doStart(330)) - Started ServerConnector@50915d5{HTTP/1.1,[http/1.1]}{0.0.0.0:36573}
2020-06-24 17:10:46,872 [Listener at 127.0.0.1/39213] INFO  server.Server (Server.java:doStart(399)) - Started @4600ms
2020-06-24 17:10:46,872 [Listener at 127.0.0.1/39213] WARN  impl.MetricsSystemImpl (MetricsSystemImpl.java:register(276)) - Sink prometheus already exists!
2020-06-24 17:10:46,875 [Listener at 127.0.0.1/39213] INFO  http.BaseHttpServer (BaseHttpServer.java:updateConnectorAddress(325)) - HTTP server of hddsDatanode listening at http://0.0.0.0:36573
2020-06-24 17:10:46,876 [Listener at 127.0.0.1/39213] INFO  impl.MetricsSystemImpl (MetricsSystemImpl.java:init(158)) - HddsDatanode metrics system started (again)
2020-06-24 17:10:46,877 [Listener at 127.0.0.1/39213] INFO  ozone.HddsDatanodeService (HddsDatanodeService.java:start(197)) - HddsDatanodeService host:ff49ff68588e ip:172.17.0.2
2020-06-24 17:10:46,879 [Listener at 127.0.0.1/39213] INFO  volume.HddsVolume (HddsVolume.java:<init>(176)) - Creating Volume: /github/workspace/mnt/ozone/hadoop-ozone/integration-test/target/test-dir/MiniOzoneClusterImpl-45b18ba1-9114-4b33-af64-cafa5396b779/datanode-1/data-0/containers/hdds of storage type : DISK and capacity : 9223372036854775807
2020-06-24 17:10:46,879 [Listener at 127.0.0.1/39213] INFO  volume.MutableVolumeSet (MutableVolumeSet.java:initializeVolumeSet(181)) - Added Volume : /github/workspace/mnt/ozone/hadoop-ozone/integration-test/target/test-dir/MiniOzoneClusterImpl-45b18ba1-9114-4b33-af64-cafa5396b779/datanode-1/data-0/containers/hdds to VolumeSet
2020-06-24 17:10:46,879 [Listener at 127.0.0.1/39213] INFO  volume.ThrottledAsyncChecker (ThrottledAsyncChecker.java:schedule(141)) - Scheduling a check for /github/workspace/mnt/ozone/hadoop-ozone/integration-test/target/test-dir/MiniOzoneClusterImpl-45b18ba1-9114-4b33-af64-cafa5396b779/datanode-1/data-0/containers/hdds
2020-06-24 17:10:46,880 [Listener at 127.0.0.1/39213] INFO  volume.HddsVolumeChecker (HddsVolumeChecker.java:checkAllVolumes(200)) - Scheduled health check for volume /github/workspace/mnt/ozone/hadoop-ozone/integration-test/target/test-dir/MiniOzoneClusterImpl-45b18ba1-9114-4b33-af64-cafa5396b779/datanode-1/data-0/containers/hdds
2020-06-24 17:10:46,908 [org.apache.hadoop.util.JvmPauseMonitor$Monitor@aa2808e] INFO  util.JvmPauseMonitor (JvmPauseMonitor.java:run(188)) - Starting JVM pause monitor
2020-06-24 17:10:46,919 [Listener at 127.0.0.1/39213] INFO  impl.RaftServerProxy (ConfUtils.java:logGet(44)) - raft.rpc.type = GRPC (default)
2020-06-24 17:10:46,920 [Listener at 127.0.0.1/39213] INFO  grpc.GrpcFactory (GrpcFactory.java:checkPooledByteBufAllocatorUseCacheForAllThreads(45)) - PERFORMANCE WARNING: useCacheForAllThreads is true that may cause Netty to create a lot garbage objects and, as a result, trigger GC.
	It is recommended to disable useCacheForAllThreads by setting -Dorg.apache.ratis.thirdparty.io.netty.allocator.useCacheForAllThreads=false in command line.
2020-06-24 17:10:46,920 [Listener at 127.0.0.1/39213] INFO  grpc.GrpcConfigKeys (ConfUtils.java:logGet(44)) - raft.grpc.server.port = 0 (default)
2020-06-24 17:10:46,921 [Listener at 127.0.0.1/39213] INFO  server.GrpcService (ConfUtils.java:logGet(44)) - raft.grpc.message.size.max = 32MB (=33554432) (custom)
2020-06-24 17:10:46,921 [Listener at 127.0.0.1/39213] INFO  server.RaftServerConfigKeys (ConfUtils.java:logGet(44)) - raft.server.log.appender.buffer.byte-limit = 33554432 (custom)
2020-06-24 17:10:46,921 [Listener at 127.0.0.1/39213] INFO  server.GrpcService (ConfUtils.java:logGet(44)) - raft.grpc.flow.control.window = 5MB (=5242880) (custom)
2020-06-24 17:10:46,921 [Listener at 127.0.0.1/39213] INFO  server.RaftServerConfigKeys (ConfUtils.java:logGet(44)) - raft.server.rpc.request.timeout = 60s (custom)
2020-06-24 17:10:46,922 [Listener at 127.0.0.1/39213] INFO  server.RaftServerConfigKeys (ConfUtils.java:logGet(44)) - raft.server.storage.dir = [/github/workspace/mnt/ozone/hadoop-ozone/integration-test/target/test-dir/MiniOzoneClusterImpl-45b18ba1-9114-4b33-af64-cafa5396b779/datanode-1/data/ratis] (custom)
2020-06-24 17:10:46,934 [Listener at 127.0.0.1/39213] INFO  http.BaseHttpServer (BaseHttpServer.java:newHttpServer2BuilderForOzone(205)) - Starting Web-server for hddsDatanode at: http://0.0.0.0:0
2020-06-24 17:10:46,934 [Listener at 127.0.0.1/39213] INFO  http.BaseHttpServer (BaseHttpServer.java:<init>(106)) - Hadoop Security Enabled: false Ozone Security Enabled: false Ozone HTTP Security Enabled: false 
2020-06-24 17:10:46,935 [Listener at 127.0.0.1/39213] INFO  server.AuthenticationFilter (AuthenticationFilter.java:constructSecretProvider(240)) - Unable to initialize FileSignerSecretProvider, falling back to use random secrets.
2020-06-24 17:10:46,936 [Listener at 127.0.0.1/39213] WARN  http.HttpRequestLog (HttpRequestLog.java:getRequestLog(103)) - Jetty request log can only be enabled using Log4j
2020-06-24 17:10:46,938 [Listener at 127.0.0.1/39213] INFO  http.HttpServer2 (HttpServer2.java:addGlobalFilter(993)) - Added global filter 'safety' (class=org.apache.hadoop.hdds.server.http.HttpServer2$QuotingInputFilter)
2020-06-24 17:10:46,939 [Listener at 127.0.0.1/39213] INFO  http.HttpServer2 (HttpServer2.java:addFilter(969)) - Added filter authentication (class=org.apache.hadoop.security.authentication.server.AuthenticationFilter) to context hddsDatanode
2020-06-24 17:10:46,940 [Listener at 127.0.0.1/39213] INFO  http.HttpServer2 (HttpServer2.java:addFilter(977)) - Added filter authentication (class=org.apache.hadoop.security.authentication.server.AuthenticationFilter) to context logs
2020-06-24 17:10:46,940 [Listener at 127.0.0.1/39213] INFO  http.HttpServer2 (HttpServer2.java:addFilter(977)) - Added filter authentication (class=org.apache.hadoop.security.authentication.server.AuthenticationFilter) to context static
2020-06-24 17:10:46,941 [Listener at 127.0.0.1/39213] INFO  http.HttpServer2 (HttpServer2.java:bindListener(1211)) - Jetty bound to port 34843
2020-06-24 17:10:46,941 [Listener at 127.0.0.1/39213] INFO  server.Server (Server.java:doStart(359)) - jetty-9.4.26.v20200117; built: 2020-01-17T12:35:33.676Z; git: 7b38981d25d14afb4a12ff1f2596756144edf695; jvm 1.8.0_232-b09
2020-06-24 17:10:46,991 [Listener at 127.0.0.1/39213] INFO  server.session (DefaultSessionIdManager.java:doStart(333)) - DefaultSessionIdManager workerName=node0
2020-06-24 17:10:46,991 [Listener at 127.0.0.1/39213] INFO  server.session (DefaultSessionIdManager.java:doStart(338)) - No SessionScavenger set, using defaults
2020-06-24 17:10:46,991 [Listener at 127.0.0.1/39213] INFO  server.session (HouseKeeper.java:startScavenging(140)) - node0 Scavenging every 600000ms
2020-06-24 17:10:46,999 [Listener at 127.0.0.1/39213] INFO  server.AuthenticationFilter (AuthenticationFilter.java:constructSecretProvider(240)) - Unable to initialize FileSignerSecretProvider, falling back to use random secrets.
2020-06-24 17:10:47,000 [Listener at 127.0.0.1/39213] INFO  handler.ContextHandler (ContextHandler.java:doStart(825)) - Started o.e.j.s.ServletContextHandler@60b8c05c{logs,/logs,file:///github/workspace/mnt/ozone/hadoop-ozone/integration-test/target/log,AVAILABLE}
2020-06-24 17:10:47,000 [Listener at 127.0.0.1/39213] INFO  handler.ContextHandler (ContextHandler.java:doStart(825)) - Started o.e.j.s.ServletContextHandler@76a86677{static,/static,jar:file:/home/user/.m2/repository/org/apache/hadoop/hadoop-hdds-container-service/0.6.0-SNAPSHOT/hadoop-hdds-container-service-0.6.0-SNAPSHOT.jar!/webapps/static,AVAILABLE}
2020-06-24 17:10:47,020 [Listener at 127.0.0.1/39213] INFO  handler.ContextHandler (ContextHandler.java:doStart(825)) - Started o.e.j.w.WebAppContext@54dc163a{hddsDatanode,/,file:///tmp/jetty-0_0_0_0-34843-hadoop-hdds-container-service-0_6_0-SNAPSHOT_jar-_-any-3663673904504332691.dir/webapp/,AVAILABLE}{jar:file:/home/user/.m2/repository/org/apache/hadoop/hadoop-hdds-container-service/0.6.0-SNAPSHOT/hadoop-hdds-container-service-0.6.0-SNAPSHOT.jar!/webapps/hddsDatanode}
2020-06-24 17:10:47,021 [Listener at 127.0.0.1/39213] INFO  server.AbstractConnector (AbstractConnector.java:doStart(330)) - Started ServerConnector@98c4a8b{HTTP/1.1,[http/1.1]}{0.0.0.0:34843}
2020-06-24 17:10:47,022 [Listener at 127.0.0.1/39213] INFO  server.Server (Server.java:doStart(399)) - Started @4750ms
2020-06-24 17:10:47,023 [Listener at 127.0.0.1/39213] WARN  impl.MetricsSystemImpl (MetricsSystemImpl.java:register(276)) - Sink prometheus already exists!
2020-06-24 17:10:47,025 [Listener at 127.0.0.1/39213] INFO  http.BaseHttpServer (BaseHttpServer.java:updateConnectorAddress(325)) - HTTP server of hddsDatanode listening at http://0.0.0.0:34843
2020-06-24 17:10:47,026 [Listener at 127.0.0.1/39213] INFO  impl.MetricsSystemImpl (MetricsSystemImpl.java:init(158)) - HddsDatanode metrics system started (again)
2020-06-24 17:10:47,027 [Listener at 127.0.0.1/39213] INFO  ozone.HddsDatanodeService (HddsDatanodeService.java:start(197)) - HddsDatanodeService host:ff49ff68588e ip:172.17.0.2
2020-06-24 17:10:47,031 [Datanode State Machine Thread - 0] INFO  datanode.InitDatanodeState (InitDatanodeState.java:persistContainerDatanodeDetails(145)) - DatanodeDetails is persisted to /github/workspace/mnt/ozone/hadoop-ozone/integration-test/target/test-dir/MiniOzoneClusterImpl-45b18ba1-9114-4b33-af64-cafa5396b779/datanode-0/meta/datanode.id
2020-06-24 17:10:47,032 [Listener at 127.0.0.1/39213] INFO  volume.HddsVolume (HddsVolume.java:<init>(176)) - Creating Volume: /github/workspace/mnt/ozone/hadoop-ozone/integration-test/target/test-dir/MiniOzoneClusterImpl-45b18ba1-9114-4b33-af64-cafa5396b779/datanode-2/data-0/containers/hdds of storage type : DISK and capacity : 9223372036854775807
2020-06-24 17:10:47,032 [Listener at 127.0.0.1/39213] INFO  volume.MutableVolumeSet (MutableVolumeSet.java:initializeVolumeSet(181)) - Added Volume : /github/workspace/mnt/ozone/hadoop-ozone/integration-test/target/test-dir/MiniOzoneClusterImpl-45b18ba1-9114-4b33-af64-cafa5396b779/datanode-2/data-0/containers/hdds to VolumeSet
2020-06-24 17:10:47,033 [Listener at 127.0.0.1/39213] INFO  volume.ThrottledAsyncChecker (ThrottledAsyncChecker.java:schedule(141)) - Scheduling a check for /github/workspace/mnt/ozone/hadoop-ozone/integration-test/target/test-dir/MiniOzoneClusterImpl-45b18ba1-9114-4b33-af64-cafa5396b779/datanode-2/data-0/containers/hdds
2020-06-24 17:10:47,033 [Listener at 127.0.0.1/39213] INFO  volume.HddsVolumeChecker (HddsVolumeChecker.java:checkAllVolumes(200)) - Scheduled health check for volume /github/workspace/mnt/ozone/hadoop-ozone/integration-test/target/test-dir/MiniOzoneClusterImpl-45b18ba1-9114-4b33-af64-cafa5396b779/datanode-2/data-0/containers/hdds
2020-06-24 17:10:47,064 [org.apache.hadoop.util.JvmPauseMonitor$Monitor@7be70ec6] INFO  util.JvmPauseMonitor (JvmPauseMonitor.java:run(188)) - Starting JVM pause monitor
2020-06-24 17:10:47,070 [Datanode State Machine Thread - 0] INFO  datanode.InitDatanodeState (InitDatanodeState.java:persistContainerDatanodeDetails(145)) - DatanodeDetails is persisted to /github/workspace/mnt/ozone/hadoop-ozone/integration-test/target/test-dir/MiniOzoneClusterImpl-45b18ba1-9114-4b33-af64-cafa5396b779/datanode-1/meta/datanode.id
2020-06-24 17:10:47,074 [Listener at 127.0.0.1/39213] INFO  impl.RaftServerProxy (ConfUtils.java:logGet(44)) - raft.rpc.type = GRPC (default)
2020-06-24 17:10:47,075 [Listener at 127.0.0.1/39213] INFO  grpc.GrpcFactory (GrpcFactory.java:checkPooledByteBufAllocatorUseCacheForAllThreads(45)) - PERFORMANCE WARNING: useCacheForAllThreads is true that may cause Netty to create a lot garbage objects and, as a result, trigger GC.
	It is recommended to disable useCacheForAllThreads by setting -Dorg.apache.ratis.thirdparty.io.netty.allocator.useCacheForAllThreads=false in command line.
2020-06-24 17:10:47,075 [Listener at 127.0.0.1/39213] INFO  grpc.GrpcConfigKeys (ConfUtils.java:logGet(44)) - raft.grpc.server.port = 0 (default)
2020-06-24 17:10:47,075 [Listener at 127.0.0.1/39213] INFO  server.GrpcService (ConfUtils.java:logGet(44)) - raft.grpc.message.size.max = 32MB (=33554432) (custom)
2020-06-24 17:10:47,075 [Listener at 127.0.0.1/39213] INFO  server.RaftServerConfigKeys (ConfUtils.java:logGet(44)) - raft.server.log.appender.buffer.byte-limit = 33554432 (custom)
2020-06-24 17:10:47,075 [Listener at 127.0.0.1/39213] INFO  server.GrpcService (ConfUtils.java:logGet(44)) - raft.grpc.flow.control.window = 5MB (=5242880) (custom)
2020-06-24 17:10:47,076 [Listener at 127.0.0.1/39213] INFO  server.RaftServerConfigKeys (ConfUtils.java:logGet(44)) - raft.server.rpc.request.timeout = 60s (custom)
2020-06-24 17:10:47,077 [Listener at 127.0.0.1/39213] INFO  server.RaftServerConfigKeys (ConfUtils.java:logGet(44)) - raft.server.storage.dir = [/github/workspace/mnt/ozone/hadoop-ozone/integration-test/target/test-dir/MiniOzoneClusterImpl-45b18ba1-9114-4b33-af64-cafa5396b779/datanode-2/data/ratis] (custom)
2020-06-24 17:10:47,082 [Listener at 127.0.0.1/39213] INFO  http.BaseHttpServer (BaseHttpServer.java:newHttpServer2BuilderForOzone(205)) - Starting Web-server for hddsDatanode at: http://0.0.0.0:0
2020-06-24 17:10:47,082 [Listener at 127.0.0.1/39213] INFO  http.BaseHttpServer (BaseHttpServer.java:<init>(106)) - Hadoop Security Enabled: false Ozone Security Enabled: false Ozone HTTP Security Enabled: false 
2020-06-24 17:10:47,084 [Listener at 127.0.0.1/39213] INFO  server.AuthenticationFilter (AuthenticationFilter.java:constructSecretProvider(240)) - Unable to initialize FileSignerSecretProvider, falling back to use random secrets.
2020-06-24 17:10:47,085 [Listener at 127.0.0.1/39213] WARN  http.HttpRequestLog (HttpRequestLog.java:getRequestLog(103)) - Jetty request log can only be enabled using Log4j
2020-06-24 17:10:47,086 [Listener at 127.0.0.1/39213] INFO  http.HttpServer2 (HttpServer2.java:addGlobalFilter(993)) - Added global filter 'safety' (class=org.apache.hadoop.hdds.server.http.HttpServer2$QuotingInputFilter)
2020-06-24 17:10:47,086 [Listener at 127.0.0.1/39213] INFO  http.HttpServer2 (HttpServer2.java:addFilter(969)) - Added filter authentication (class=org.apache.hadoop.security.authentication.server.AuthenticationFilter) to context hddsDatanode
2020-06-24 17:10:47,087 [Listener at 127.0.0.1/39213] INFO  http.HttpServer2 (HttpServer2.java:addFilter(977)) - Added filter authentication (class=org.apache.hadoop.security.authentication.server.AuthenticationFilter) to context logs
2020-06-24 17:10:47,087 [Listener at 127.0.0.1/39213] INFO  http.HttpServer2 (HttpServer2.java:addFilter(977)) - Added filter authentication (class=org.apache.hadoop.security.authentication.server.AuthenticationFilter) to context static
2020-06-24 17:10:47,087 [Listener at 127.0.0.1/39213] INFO  http.HttpServer2 (HttpServer2.java:bindListener(1211)) - Jetty bound to port 34055
2020-06-24 17:10:47,087 [Listener at 127.0.0.1/39213] INFO  server.Server (Server.java:doStart(359)) - jetty-9.4.26.v20200117; built: 2020-01-17T12:35:33.676Z; git: 7b38981d25d14afb4a12ff1f2596756144edf695; jvm 1.8.0_232-b09
2020-06-24 17:10:47,093 [Listener at 127.0.0.1/39213] INFO  server.session (DefaultSessionIdManager.java:doStart(333)) - DefaultSessionIdManager workerName=node0
2020-06-24 17:10:47,093 [Listener at 127.0.0.1/39213] INFO  server.session (DefaultSessionIdManager.java:doStart(338)) - No SessionScavenger set, using defaults
2020-06-24 17:10:47,093 [Listener at 127.0.0.1/39213] INFO  server.session (HouseKeeper.java:startScavenging(140)) - node0 Scavenging every 600000ms
2020-06-24 17:10:47,094 [Listener at 127.0.0.1/39213] INFO  server.AuthenticationFilter (AuthenticationFilter.java:constructSecretProvider(240)) - Unable to initialize FileSignerSecretProvider, falling back to use random secrets.
2020-06-24 17:10:47,095 [Listener at 127.0.0.1/39213] INFO  handler.ContextHandler (ContextHandler.java:doStart(825)) - Started o.e.j.s.ServletContextHandler@5d4af473{logs,/logs,file:///github/workspace/mnt/ozone/hadoop-ozone/integration-test/target/log,AVAILABLE}
2020-06-24 17:10:47,095 [Listener at 127.0.0.1/39213] INFO  handler.ContextHandler (ContextHandler.java:doStart(825)) - Started o.e.j.s.ServletContextHandler@3dc5eb8f{static,/static,jar:file:/home/user/.m2/repository/org/apache/hadoop/hadoop-hdds-container-service/0.6.0-SNAPSHOT/hadoop-hdds-container-service-0.6.0-SNAPSHOT.jar!/webapps/static,AVAILABLE}
2020-06-24 17:10:47,110 [Listener at 127.0.0.1/39213] INFO  handler.ContextHandler (ContextHandler.java:doStart(825)) - Started o.e.j.w.WebAppContext@47bae235{hddsDatanode,/,file:///tmp/jetty-0_0_0_0-34055-hadoop-hdds-container-service-0_6_0-SNAPSHOT_jar-_-any-3863735432035660092.dir/webapp/,AVAILABLE}{jar:file:/home/user/.m2/repository/org/apache/hadoop/hadoop-hdds-container-service/0.6.0-SNAPSHOT/hadoop-hdds-container-service-0.6.0-SNAPSHOT.jar!/webapps/hddsDatanode}
2020-06-24 17:10:47,112 [Listener at 127.0.0.1/39213] INFO  server.AbstractConnector (AbstractConnector.java:doStart(330)) - Started ServerConnector@6cb5a64d{HTTP/1.1,[http/1.1]}{0.0.0.0:34055}
2020-06-24 17:10:47,113 [Listener at 127.0.0.1/39213] INFO  server.Server (Server.java:doStart(399)) - Started @4841ms
2020-06-24 17:10:47,114 [Listener at 127.0.0.1/39213] WARN  impl.MetricsSystemImpl (MetricsSystemImpl.java:register(276)) - Sink prometheus already exists!
2020-06-24 17:10:47,117 [Listener at 127.0.0.1/39213] INFO  http.BaseHttpServer (BaseHttpServer.java:updateConnectorAddress(325)) - HTTP server of hddsDatanode listening at http://0.0.0.0:34055
2020-06-24 17:10:47,117 [Listener at 127.0.0.1/39213] INFO  impl.MetricsSystemImpl (MetricsSystemImpl.java:init(158)) - HddsDatanode metrics system started (again)
2020-06-24 17:10:47,118 [Listener at 127.0.0.1/39213] INFO  ozone.HddsDatanodeService (HddsDatanodeService.java:start(197)) - HddsDatanodeService host:ff49ff68588e ip:172.17.0.2
2020-06-24 17:10:47,120 [Listener at 127.0.0.1/39213] INFO  volume.HddsVolume (HddsVolume.java:<init>(176)) - Creating Volume: /github/workspace/mnt/ozone/hadoop-ozone/integration-test/target/test-dir/MiniOzoneClusterImpl-45b18ba1-9114-4b33-af64-cafa5396b779/datanode-3/data-0/containers/hdds of storage type : DISK and capacity : 9223372036854775807
2020-06-24 17:10:47,120 [Listener at 127.0.0.1/39213] INFO  volume.MutableVolumeSet (MutableVolumeSet.java:initializeVolumeSet(181)) - Added Volume : /github/workspace/mnt/ozone/hadoop-ozone/integration-test/target/test-dir/MiniOzoneClusterImpl-45b18ba1-9114-4b33-af64-cafa5396b779/datanode-3/data-0/containers/hdds to VolumeSet
2020-06-24 17:10:47,120 [Listener at 127.0.0.1/39213] INFO  volume.ThrottledAsyncChecker (ThrottledAsyncChecker.java:schedule(141)) - Scheduling a check for /github/workspace/mnt/ozone/hadoop-ozone/integration-test/target/test-dir/MiniOzoneClusterImpl-45b18ba1-9114-4b33-af64-cafa5396b779/datanode-3/data-0/containers/hdds
2020-06-24 17:10:47,121 [Listener at 127.0.0.1/39213] INFO  volume.HddsVolumeChecker (HddsVolumeChecker.java:checkAllVolumes(200)) - Scheduled health check for volume /github/workspace/mnt/ozone/hadoop-ozone/integration-test/target/test-dir/MiniOzoneClusterImpl-45b18ba1-9114-4b33-af64-cafa5396b779/datanode-3/data-0/containers/hdds
2020-06-24 17:10:47,141 [Listener at 127.0.0.1/39213] INFO  impl.RaftServerProxy (ConfUtils.java:logGet(44)) - raft.rpc.type = GRPC (default)
2020-06-24 17:10:47,141 [Listener at 127.0.0.1/39213] INFO  grpc.GrpcFactory (GrpcFactory.java:checkPooledByteBufAllocatorUseCacheForAllThreads(45)) - PERFORMANCE WARNING: useCacheForAllThreads is true that may cause Netty to create a lot garbage objects and, as a result, trigger GC.
	It is recommended to disable useCacheForAllThreads by setting -Dorg.apache.ratis.thirdparty.io.netty.allocator.useCacheForAllThreads=false in command line.
2020-06-24 17:10:47,141 [Listener at 127.0.0.1/39213] INFO  grpc.GrpcConfigKeys (ConfUtils.java:logGet(44)) - raft.grpc.server.port = 0 (default)
2020-06-24 17:10:47,142 [Listener at 127.0.0.1/39213] INFO  server.GrpcService (ConfUtils.java:logGet(44)) - raft.grpc.message.size.max = 32MB (=33554432) (custom)
2020-06-24 17:10:47,142 [Listener at 127.0.0.1/39213] INFO  server.RaftServerConfigKeys (ConfUtils.java:logGet(44)) - raft.server.log.appender.buffer.byte-limit = 33554432 (custom)
2020-06-24 17:10:47,142 [Listener at 127.0.0.1/39213] INFO  server.GrpcService (ConfUtils.java:logGet(44)) - raft.grpc.flow.control.window = 5MB (=5242880) (custom)
2020-06-24 17:10:47,144 [Listener at 127.0.0.1/39213] INFO  server.RaftServerConfigKeys (ConfUtils.java:logGet(44)) - raft.server.rpc.request.timeout = 60s (custom)
2020-06-24 17:10:47,145 [Listener at 127.0.0.1/39213] INFO  server.RaftServerConfigKeys (ConfUtils.java:logGet(44)) - raft.server.storage.dir = [/github/workspace/mnt/ozone/hadoop-ozone/integration-test/target/test-dir/MiniOzoneClusterImpl-45b18ba1-9114-4b33-af64-cafa5396b779/datanode-3/data/ratis] (custom)
2020-06-24 17:10:47,148 [org.apache.hadoop.util.JvmPauseMonitor$Monitor@7f5e9c9f] INFO  util.JvmPauseMonitor (JvmPauseMonitor.java:run(188)) - Starting JVM pause monitor
2020-06-24 17:10:47,149 [Datanode State Machine Thread - 0] INFO  datanode.InitDatanodeState (InitDatanodeState.java:persistContainerDatanodeDetails(145)) - DatanodeDetails is persisted to /github/workspace/mnt/ozone/hadoop-ozone/integration-test/target/test-dir/MiniOzoneClusterImpl-45b18ba1-9114-4b33-af64-cafa5396b779/datanode-2/meta/datanode.id
2020-06-24 17:10:47,150 [Listener at 127.0.0.1/39213] INFO  http.BaseHttpServer (BaseHttpServer.java:newHttpServer2BuilderForOzone(205)) - Starting Web-server for hddsDatanode at: http://0.0.0.0:0
2020-06-24 17:10:47,150 [Listener at 127.0.0.1/39213] INFO  http.BaseHttpServer (BaseHttpServer.java:<init>(106)) - Hadoop Security Enabled: false Ozone Security Enabled: false Ozone HTTP Security Enabled: false 
2020-06-24 17:10:47,152 [Listener at 127.0.0.1/39213] INFO  server.AuthenticationFilter (AuthenticationFilter.java:constructSecretProvider(240)) - Unable to initialize FileSignerSecretProvider, falling back to use random secrets.
2020-06-24 17:10:47,152 [Listener at 127.0.0.1/39213] WARN  http.HttpRequestLog (HttpRequestLog.java:getRequestLog(103)) - Jetty request log can only be enabled using Log4j
2020-06-24 17:10:47,153 [Listener at 127.0.0.1/39213] INFO  http.HttpServer2 (HttpServer2.java:addGlobalFilter(993)) - Added global filter 'safety' (class=org.apache.hadoop.hdds.server.http.HttpServer2$QuotingInputFilter)
2020-06-24 17:10:47,154 [Listener at 127.0.0.1/39213] INFO  http.HttpServer2 (HttpServer2.java:addFilter(969)) - Added filter authentication (class=org.apache.hadoop.security.authentication.server.AuthenticationFilter) to context hddsDatanode
2020-06-24 17:10:47,154 [Listener at 127.0.0.1/39213] INFO  http.HttpServer2 (HttpServer2.java:addFilter(977)) - Added filter authentication (class=org.apache.hadoop.security.authentication.server.AuthenticationFilter) to context logs
2020-06-24 17:10:47,154 [Listener at 127.0.0.1/39213] INFO  http.HttpServer2 (HttpServer2.java:addFilter(977)) - Added filter authentication (class=org.apache.hadoop.security.authentication.server.AuthenticationFilter) to context static
2020-06-24 17:10:47,154 [Listener at 127.0.0.1/39213] INFO  http.HttpServer2 (HttpServer2.java:bindListener(1211)) - Jetty bound to port 44275
2020-06-24 17:10:47,154 [Listener at 127.0.0.1/39213] INFO  server.Server (Server.java:doStart(359)) - jetty-9.4.26.v20200117; built: 2020-01-17T12:35:33.676Z; git: 7b38981d25d14afb4a12ff1f2596756144edf695; jvm 1.8.0_232-b09
2020-06-24 17:10:47,161 [Listener at 127.0.0.1/39213] INFO  server.session (DefaultSessionIdManager.java:doStart(333)) - DefaultSessionIdManager workerName=node0
2020-06-24 17:10:47,161 [Listener at 127.0.0.1/39213] INFO  server.session (DefaultSessionIdManager.java:doStart(338)) - No SessionScavenger set, using defaults
2020-06-24 17:10:47,161 [Listener at 127.0.0.1/39213] INFO  server.session (HouseKeeper.java:startScavenging(140)) - node0 Scavenging every 600000ms
2020-06-24 17:10:47,162 [Listener at 127.0.0.1/39213] INFO  server.AuthenticationFilter (AuthenticationFilter.java:constructSecretProvider(240)) - Unable to initialize FileSignerSecretProvider, falling back to use random secrets.
2020-06-24 17:10:47,163 [Listener at 127.0.0.1/39213] INFO  handler.ContextHandler (ContextHandler.java:doStart(825)) - Started o.e.j.s.ServletContextHandler@360ccb68{logs,/logs,file:///github/workspace/mnt/ozone/hadoop-ozone/integration-test/target/log,AVAILABLE}
2020-06-24 17:10:47,163 [Listener at 127.0.0.1/39213] INFO  handler.ContextHandler (ContextHandler.java:doStart(825)) - Started o.e.j.s.ServletContextHandler@672c4e24{static,/static,jar:file:/home/user/.m2/repository/org/apache/hadoop/hadoop-hdds-container-service/0.6.0-SNAPSHOT/hadoop-hdds-container-service-0.6.0-SNAPSHOT.jar!/webapps/static,AVAILABLE}
2020-06-24 17:10:47,179 [Listener at 127.0.0.1/39213] INFO  handler.ContextHandler (ContextHandler.java:doStart(825)) - Started o.e.j.w.WebAppContext@77f66138{hddsDatanode,/,file:///tmp/jetty-0_0_0_0-44275-hadoop-hdds-container-service-0_6_0-SNAPSHOT_jar-_-any-4803378076551932951.dir/webapp/,AVAILABLE}{jar:file:/home/user/.m2/repository/org/apache/hadoop/hadoop-hdds-container-service/0.6.0-SNAPSHOT/hadoop-hdds-container-service-0.6.0-SNAPSHOT.jar!/webapps/hddsDatanode}
2020-06-24 17:10:47,186 [Listener at 127.0.0.1/39213] INFO  server.AbstractConnector (AbstractConnector.java:doStart(330)) - Started ServerConnector@581cb879{HTTP/1.1,[http/1.1]}{0.0.0.0:44275}
2020-06-24 17:10:47,186 [Listener at 127.0.0.1/39213] INFO  server.Server (Server.java:doStart(399)) - Started @4914ms
2020-06-24 17:10:47,186 [Listener at 127.0.0.1/39213] WARN  impl.MetricsSystemImpl (MetricsSystemImpl.java:register(276)) - Sink prometheus already exists!
2020-06-24 17:10:47,189 [Listener at 127.0.0.1/39213] INFO  http.BaseHttpServer (BaseHttpServer.java:updateConnectorAddress(325)) - HTTP server of hddsDatanode listening at http://0.0.0.0:44275
2020-06-24 17:10:47,189 [Listener at 127.0.0.1/39213] INFO  impl.MetricsSystemImpl (MetricsSystemImpl.java:init(158)) - HddsDatanode metrics system started (again)
2020-06-24 17:10:47,191 [Listener at 127.0.0.1/39213] INFO  ozone.HddsDatanodeService (HddsDatanodeService.java:start(197)) - HddsDatanodeService host:ff49ff68588e ip:172.17.0.2
2020-06-24 17:10:47,192 [Listener at 127.0.0.1/39213] INFO  volume.HddsVolume (HddsVolume.java:<init>(176)) - Creating Volume: /github/workspace/mnt/ozone/hadoop-ozone/integration-test/target/test-dir/MiniOzoneClusterImpl-45b18ba1-9114-4b33-af64-cafa5396b779/datanode-4/data-0/containers/hdds of storage type : DISK and capacity : 9223372036854775807
2020-06-24 17:10:47,192 [Listener at 127.0.0.1/39213] INFO  volume.MutableVolumeSet (MutableVolumeSet.java:initializeVolumeSet(181)) - Added Volume : /github/workspace/mnt/ozone/hadoop-ozone/integration-test/target/test-dir/MiniOzoneClusterImpl-45b18ba1-9114-4b33-af64-cafa5396b779/datanode-4/data-0/containers/hdds to VolumeSet
2020-06-24 17:10:47,192 [Listener at 127.0.0.1/39213] INFO  volume.ThrottledAsyncChecker (ThrottledAsyncChecker.java:schedule(141)) - Scheduling a check for /github/workspace/mnt/ozone/hadoop-ozone/integration-test/target/test-dir/MiniOzoneClusterImpl-45b18ba1-9114-4b33-af64-cafa5396b779/datanode-4/data-0/containers/hdds
2020-06-24 17:10:47,196 [Listener at 127.0.0.1/39213] INFO  volume.HddsVolumeChecker (HddsVolumeChecker.java:checkAllVolumes(200)) - Scheduled health check for volume /github/workspace/mnt/ozone/hadoop-ozone/integration-test/target/test-dir/MiniOzoneClusterImpl-45b18ba1-9114-4b33-af64-cafa5396b779/datanode-4/data-0/containers/hdds
2020-06-24 17:10:47,209 [org.apache.hadoop.util.JvmPauseMonitor$Monitor@3313b063] INFO  util.JvmPauseMonitor (JvmPauseMonitor.java:run(188)) - Starting JVM pause monitor
2020-06-24 17:10:47,218 [Datanode State Machine Thread - 0] INFO  datanode.InitDatanodeState (InitDatanodeState.java:persistContainerDatanodeDetails(145)) - DatanodeDetails is persisted to /github/workspace/mnt/ozone/hadoop-ozone/integration-test/target/test-dir/MiniOzoneClusterImpl-45b18ba1-9114-4b33-af64-cafa5396b779/datanode-3/meta/datanode.id
2020-06-24 17:10:47,222 [Listener at 127.0.0.1/39213] INFO  impl.RaftServerProxy (ConfUtils.java:logGet(44)) - raft.rpc.type = GRPC (default)
2020-06-24 17:10:47,224 [Listener at 127.0.0.1/39213] INFO  grpc.GrpcFactory (GrpcFactory.java:checkPooledByteBufAllocatorUseCacheForAllThreads(45)) - PERFORMANCE WARNING: useCacheForAllThreads is true that may cause Netty to create a lot garbage objects and, as a result, trigger GC.
	It is recommended to disable useCacheForAllThreads by setting -Dorg.apache.ratis.thirdparty.io.netty.allocator.useCacheForAllThreads=false in command line.
2020-06-24 17:10:47,224 [Listener at 127.0.0.1/39213] INFO  grpc.GrpcConfigKeys (ConfUtils.java:logGet(44)) - raft.grpc.server.port = 0 (default)
2020-06-24 17:10:47,224 [Listener at 127.0.0.1/39213] INFO  server.GrpcService (ConfUtils.java:logGet(44)) - raft.grpc.message.size.max = 32MB (=33554432) (custom)
2020-06-24 17:10:47,224 [Listener at 127.0.0.1/39213] INFO  server.RaftServerConfigKeys (ConfUtils.java:logGet(44)) - raft.server.log.appender.buffer.byte-limit = 33554432 (custom)
2020-06-24 17:10:47,224 [Listener at 127.0.0.1/39213] INFO  server.GrpcService (ConfUtils.java:logGet(44)) - raft.grpc.flow.control.window = 5MB (=5242880) (custom)
2020-06-24 17:10:47,225 [Listener at 127.0.0.1/39213] INFO  server.RaftServerConfigKeys (ConfUtils.java:logGet(44)) - raft.server.rpc.request.timeout = 60s (custom)
2020-06-24 17:10:47,226 [Listener at 127.0.0.1/39213] INFO  server.RaftServerConfigKeys (ConfUtils.java:logGet(44)) - raft.server.storage.dir = [/github/workspace/mnt/ozone/hadoop-ozone/integration-test/target/test-dir/MiniOzoneClusterImpl-45b18ba1-9114-4b33-af64-cafa5396b779/datanode-4/data/ratis] (custom)
2020-06-24 17:10:47,230 [Listener at 127.0.0.1/39213] INFO  http.BaseHttpServer (BaseHttpServer.java:newHttpServer2BuilderForOzone(205)) - Starting Web-server for hddsDatanode at: http://0.0.0.0:0
2020-06-24 17:10:47,230 [Listener at 127.0.0.1/39213] INFO  http.BaseHttpServer (BaseHttpServer.java:<init>(106)) - Hadoop Security Enabled: false Ozone Security Enabled: false Ozone HTTP Security Enabled: false 
2020-06-24 17:10:47,232 [Listener at 127.0.0.1/39213] INFO  server.AuthenticationFilter (AuthenticationFilter.java:constructSecretProvider(240)) - Unable to initialize FileSignerSecretProvider, falling back to use random secrets.
2020-06-24 17:10:47,233 [Listener at 127.0.0.1/39213] WARN  http.HttpRequestLog (HttpRequestLog.java:getRequestLog(103)) - Jetty request log can only be enabled using Log4j
2020-06-24 17:10:47,233 [Listener at 127.0.0.1/39213] INFO  http.HttpServer2 (HttpServer2.java:addGlobalFilter(993)) - Added global filter 'safety' (class=org.apache.hadoop.hdds.server.http.HttpServer2$QuotingInputFilter)
2020-06-24 17:10:47,234 [Listener at 127.0.0.1/39213] INFO  http.HttpServer2 (HttpServer2.java:addFilter(969)) - Added filter authentication (class=org.apache.hadoop.security.authentication.server.AuthenticationFilter) to context hddsDatanode
2020-06-24 17:10:47,234 [Listener at 127.0.0.1/39213] INFO  http.HttpServer2 (HttpServer2.java:addFilter(977)) - Added filter authentication (class=org.apache.hadoop.security.authentication.server.AuthenticationFilter) to context logs
2020-06-24 17:10:47,234 [Listener at 127.0.0.1/39213] INFO  http.HttpServer2 (HttpServer2.java:addFilter(977)) - Added filter authentication (class=org.apache.hadoop.security.authentication.server.AuthenticationFilter) to context static
2020-06-24 17:10:47,235 [Listener at 127.0.0.1/39213] INFO  http.HttpServer2 (HttpServer2.java:bindListener(1211)) - Jetty bound to port 34597
2020-06-24 17:10:47,235 [Listener at 127.0.0.1/39213] INFO  server.Server (Server.java:doStart(359)) - jetty-9.4.26.v20200117; built: 2020-01-17T12:35:33.676Z; git: 7b38981d25d14afb4a12ff1f2596756144edf695; jvm 1.8.0_232-b09
2020-06-24 17:10:47,240 [Listener at 127.0.0.1/39213] INFO  server.session (DefaultSessionIdManager.java:doStart(333)) - DefaultSessionIdManager workerName=node0
2020-06-24 17:10:47,240 [Listener at 127.0.0.1/39213] INFO  server.session (DefaultSessionIdManager.java:doStart(338)) - No SessionScavenger set, using defaults
2020-06-24 17:10:47,240 [Listener at 127.0.0.1/39213] INFO  server.session (HouseKeeper.java:startScavenging(140)) - node0 Scavenging every 660000ms
2020-06-24 17:10:47,241 [Listener at 127.0.0.1/39213] INFO  server.AuthenticationFilter (AuthenticationFilter.java:constructSecretProvider(240)) - Unable to initialize FileSignerSecretProvider, falling back to use random secrets.
2020-06-24 17:10:47,242 [Listener at 127.0.0.1/39213] INFO  handler.ContextHandler (ContextHandler.java:doStart(825)) - Started o.e.j.s.ServletContextHandler@5bb24266{logs,/logs,file:///github/workspace/mnt/ozone/hadoop-ozone/integration-test/target/log,AVAILABLE}
2020-06-24 17:10:47,242 [Listener at 127.0.0.1/39213] INFO  handler.ContextHandler (ContextHandler.java:doStart(825)) - Started o.e.j.s.ServletContextHandler@33f059ad{static,/static,jar:file:/home/user/.m2/repository/org/apache/hadoop/hadoop-hdds-container-service/0.6.0-SNAPSHOT/hadoop-hdds-container-service-0.6.0-SNAPSHOT.jar!/webapps/static,AVAILABLE}
2020-06-24 17:10:47,257 [Listener at 127.0.0.1/39213] INFO  handler.ContextHandler (ContextHandler.java:doStart(825)) - Started o.e.j.w.WebAppContext@7a59780b{hddsDatanode,/,file:///tmp/jetty-0_0_0_0-34597-hadoop-hdds-container-service-0_6_0-SNAPSHOT_jar-_-any-7415592937766201319.dir/webapp/,AVAILABLE}{jar:file:/home/user/.m2/repository/org/apache/hadoop/hadoop-hdds-container-service/0.6.0-SNAPSHOT/hadoop-hdds-container-service-0.6.0-SNAPSHOT.jar!/webapps/hddsDatanode}
2020-06-24 17:10:47,264 [Listener at 127.0.0.1/39213] INFO  server.AbstractConnector (AbstractConnector.java:doStart(330)) - Started ServerConnector@63e0c744{HTTP/1.1,[http/1.1]}{0.0.0.0:34597}
2020-06-24 17:10:47,265 [Listener at 127.0.0.1/39213] INFO  server.Server (Server.java:doStart(399)) - Started @4992ms
2020-06-24 17:10:47,267 [Listener at 127.0.0.1/39213] WARN  impl.MetricsSystemImpl (MetricsSystemImpl.java:register(276)) - Sink prometheus already exists!
2020-06-24 17:10:47,269 [Listener at 127.0.0.1/39213] INFO  http.BaseHttpServer (BaseHttpServer.java:updateConnectorAddress(325)) - HTTP server of hddsDatanode listening at http://0.0.0.0:34597
2020-06-24 17:10:47,270 [Listener at 127.0.0.1/39213] INFO  impl.MetricsSystemImpl (MetricsSystemImpl.java:init(158)) - HddsDatanode metrics system started (again)
2020-06-24 17:10:47,271 [Listener at 127.0.0.1/39213] INFO  ozone.HddsDatanodeService (HddsDatanodeService.java:start(197)) - HddsDatanodeService host:ff49ff68588e ip:172.17.0.2
2020-06-24 17:10:47,273 [Listener at 127.0.0.1/39213] INFO  volume.HddsVolume (HddsVolume.java:<init>(176)) - Creating Volume: /github/workspace/mnt/ozone/hadoop-ozone/integration-test/target/test-dir/MiniOzoneClusterImpl-45b18ba1-9114-4b33-af64-cafa5396b779/datanode-5/data-0/containers/hdds of storage type : DISK and capacity : 9223372036854775807
2020-06-24 17:10:47,273 [Listener at 127.0.0.1/39213] INFO  volume.MutableVolumeSet (MutableVolumeSet.java:initializeVolumeSet(181)) - Added Volume : /github/workspace/mnt/ozone/hadoop-ozone/integration-test/target/test-dir/MiniOzoneClusterImpl-45b18ba1-9114-4b33-af64-cafa5396b779/datanode-5/data-0/containers/hdds to VolumeSet
2020-06-24 17:10:47,273 [Listener at 127.0.0.1/39213] INFO  volume.ThrottledAsyncChecker (ThrottledAsyncChecker.java:schedule(141)) - Scheduling a check for /github/workspace/mnt/ozone/hadoop-ozone/integration-test/target/test-dir/MiniOzoneClusterImpl-45b18ba1-9114-4b33-af64-cafa5396b779/datanode-5/data-0/containers/hdds
2020-06-24 17:10:47,275 [Listener at 127.0.0.1/39213] INFO  volume.HddsVolumeChecker (HddsVolumeChecker.java:checkAllVolumes(200)) - Scheduled health check for volume /github/workspace/mnt/ozone/hadoop-ozone/integration-test/target/test-dir/MiniOzoneClusterImpl-45b18ba1-9114-4b33-af64-cafa5396b779/datanode-5/data-0/containers/hdds
2020-06-24 17:10:47,292 [org.apache.hadoop.util.JvmPauseMonitor$Monitor@29ea698b] INFO  util.JvmPauseMonitor (JvmPauseMonitor.java:run(188)) - Starting JVM pause monitor
2020-06-24 17:10:47,296 [Datanode State Machine Thread - 0] INFO  datanode.InitDatanodeState (InitDatanodeState.java:persistContainerDatanodeDetails(145)) - DatanodeDetails is persisted to /github/workspace/mnt/ozone/hadoop-ozone/integration-test/target/test-dir/MiniOzoneClusterImpl-45b18ba1-9114-4b33-af64-cafa5396b779/datanode-4/meta/datanode.id
2020-06-24 17:10:47,299 [Listener at 127.0.0.1/39213] INFO  impl.RaftServerProxy (ConfUtils.java:logGet(44)) - raft.rpc.type = GRPC (default)
2020-06-24 17:10:47,299 [Listener at 127.0.0.1/39213] INFO  grpc.GrpcFactory (GrpcFactory.java:checkPooledByteBufAllocatorUseCacheForAllThreads(45)) - PERFORMANCE WARNING: useCacheForAllThreads is true that may cause Netty to create a lot garbage objects and, as a result, trigger GC.
	It is recommended to disable useCacheForAllThreads by setting -Dorg.apache.ratis.thirdparty.io.netty.allocator.useCacheForAllThreads=false in command line.
2020-06-24 17:10:47,299 [Listener at 127.0.0.1/39213] INFO  grpc.GrpcConfigKeys (ConfUtils.java:logGet(44)) - raft.grpc.server.port = 0 (default)
2020-06-24 17:10:47,299 [Listener at 127.0.0.1/39213] INFO  server.GrpcService (ConfUtils.java:logGet(44)) - raft.grpc.message.size.max = 32MB (=33554432) (custom)
2020-06-24 17:10:47,299 [Listener at 127.0.0.1/39213] INFO  server.RaftServerConfigKeys (ConfUtils.java:logGet(44)) - raft.server.log.appender.buffer.byte-limit = 33554432 (custom)
2020-06-24 17:10:47,300 [Listener at 127.0.0.1/39213] INFO  server.GrpcService (ConfUtils.java:logGet(44)) - raft.grpc.flow.control.window = 5MB (=5242880) (custom)
2020-06-24 17:10:47,300 [Listener at 127.0.0.1/39213] INFO  server.RaftServerConfigKeys (ConfUtils.java:logGet(44)) - raft.server.rpc.request.timeout = 60s (custom)
2020-06-24 17:10:47,301 [Listener at 127.0.0.1/39213] INFO  server.RaftServerConfigKeys (ConfUtils.java:logGet(44)) - raft.server.storage.dir = [/github/workspace/mnt/ozone/hadoop-ozone/integration-test/target/test-dir/MiniOzoneClusterImpl-45b18ba1-9114-4b33-af64-cafa5396b779/datanode-5/data/ratis] (custom)
2020-06-24 17:10:47,305 [Listener at 127.0.0.1/39213] INFO  http.BaseHttpServer (BaseHttpServer.java:newHttpServer2BuilderForOzone(205)) - Starting Web-server for hddsDatanode at: http://0.0.0.0:0
2020-06-24 17:10:47,305 [Listener at 127.0.0.1/39213] INFO  http.BaseHttpServer (BaseHttpServer.java:<init>(106)) - Hadoop Security Enabled: false Ozone Security Enabled: false Ozone HTTP Security Enabled: false 
2020-06-24 17:10:47,306 [Listener at 127.0.0.1/39213] INFO  server.AuthenticationFilter (AuthenticationFilter.java:constructSecretProvider(240)) - Unable to initialize FileSignerSecretProvider, falling back to use random secrets.
2020-06-24 17:10:47,307 [Listener at 127.0.0.1/39213] WARN  http.HttpRequestLog (HttpRequestLog.java:getRequestLog(103)) - Jetty request log can only be enabled using Log4j
2020-06-24 17:10:47,307 [Listener at 127.0.0.1/39213] INFO  http.HttpServer2 (HttpServer2.java:addGlobalFilter(993)) - Added global filter 'safety' (class=org.apache.hadoop.hdds.server.http.HttpServer2$QuotingInputFilter)
2020-06-24 17:10:47,308 [Listener at 127.0.0.1/39213] INFO  http.HttpServer2 (HttpServer2.java:addFilter(969)) - Added filter authentication (class=org.apache.hadoop.security.authentication.server.AuthenticationFilter) to context hddsDatanode
2020-06-24 17:10:47,308 [Listener at 127.0.0.1/39213] INFO  http.HttpServer2 (HttpServer2.java:addFilter(977)) - Added filter authentication (class=org.apache.hadoop.security.authentication.server.AuthenticationFilter) to context logs
2020-06-24 17:10:47,309 [Listener at 127.0.0.1/39213] INFO  http.HttpServer2 (HttpServer2.java:addFilter(977)) - Added filter authentication (class=org.apache.hadoop.security.authentication.server.AuthenticationFilter) to context static
2020-06-24 17:10:47,309 [Listener at 127.0.0.1/39213] INFO  http.HttpServer2 (HttpServer2.java:bindListener(1211)) - Jetty bound to port 36195
2020-06-24 17:10:47,309 [Listener at 127.0.0.1/39213] INFO  server.Server (Server.java:doStart(359)) - jetty-9.4.26.v20200117; built: 2020-01-17T12:35:33.676Z; git: 7b38981d25d14afb4a12ff1f2596756144edf695; jvm 1.8.0_232-b09
2020-06-24 17:10:47,311 [Listener at 127.0.0.1/39213] INFO  server.session (DefaultSessionIdManager.java:doStart(333)) - DefaultSessionIdManager workerName=node0
2020-06-24 17:10:47,311 [Listener at 127.0.0.1/39213] INFO  server.session (DefaultSessionIdManager.java:doStart(338)) - No SessionScavenger set, using defaults
2020-06-24 17:10:47,311 [Listener at 127.0.0.1/39213] INFO  server.session (HouseKeeper.java:startScavenging(140)) - node0 Scavenging every 600000ms
2020-06-24 17:10:47,312 [Listener at 127.0.0.1/39213] INFO  server.AuthenticationFilter (AuthenticationFilter.java:constructSecretProvider(240)) - Unable to initialize FileSignerSecretProvider, falling back to use random secrets.
2020-06-24 17:10:47,312 [Listener at 127.0.0.1/39213] INFO  handler.ContextHandler (ContextHandler.java:doStart(825)) - Started o.e.j.s.ServletContextHandler@234adbe2{logs,/logs,file:///github/workspace/mnt/ozone/hadoop-ozone/integration-test/target/log,AVAILABLE}
2020-06-24 17:10:47,312 [Listener at 127.0.0.1/39213] INFO  handler.ContextHandler (ContextHandler.java:doStart(825)) - Started o.e.j.s.ServletContextHandler@7d8c264{static,/static,jar:file:/home/user/.m2/repository/org/apache/hadoop/hadoop-hdds-container-service/0.6.0-SNAPSHOT/hadoop-hdds-container-service-0.6.0-SNAPSHOT.jar!/webapps/static,AVAILABLE}
2020-06-24 17:10:47,328 [Listener at 127.0.0.1/39213] INFO  handler.ContextHandler (ContextHandler.java:doStart(825)) - Started o.e.j.w.WebAppContext@27aa0720{hddsDatanode,/,file:///tmp/jetty-0_0_0_0-36195-hadoop-hdds-container-service-0_6_0-SNAPSHOT_jar-_-any-8932201026243824766.dir/webapp/,AVAILABLE}{jar:file:/home/user/.m2/repository/org/apache/hadoop/hadoop-hdds-container-service/0.6.0-SNAPSHOT/hadoop-hdds-container-service-0.6.0-SNAPSHOT.jar!/webapps/hddsDatanode}
2020-06-24 17:10:47,330 [Listener at 127.0.0.1/39213] INFO  server.AbstractConnector (AbstractConnector.java:doStart(330)) - Started ServerConnector@47e89fed{HTTP/1.1,[http/1.1]}{0.0.0.0:36195}
2020-06-24 17:10:47,330 [Listener at 127.0.0.1/39213] INFO  server.Server (Server.java:doStart(399)) - Started @5058ms
2020-06-24 17:10:47,330 [Listener at 127.0.0.1/39213] WARN  impl.MetricsSystemImpl (MetricsSystemImpl.java:register(276)) - Sink prometheus already exists!
2020-06-24 17:10:47,333 [Listener at 127.0.0.1/39213] INFO  http.BaseHttpServer (BaseHttpServer.java:updateConnectorAddress(325)) - HTTP server of hddsDatanode listening at http://0.0.0.0:36195
2020-06-24 17:10:47,336 [Listener at 127.0.0.1/39213] INFO  impl.MetricsSystemImpl (MetricsSystemImpl.java:init(158)) - HddsDatanode metrics system started (again)
2020-06-24 17:10:47,337 [Listener at 127.0.0.1/39213] INFO  ozone.HddsDatanodeService (HddsDatanodeService.java:start(197)) - HddsDatanodeService host:ff49ff68588e ip:172.17.0.2
2020-06-24 17:10:47,339 [Listener at 127.0.0.1/39213] INFO  volume.HddsVolume (HddsVolume.java:<init>(176)) - Creating Volume: /github/workspace/mnt/ozone/hadoop-ozone/integration-test/target/test-dir/MiniOzoneClusterImpl-45b18ba1-9114-4b33-af64-cafa5396b779/datanode-6/data-0/containers/hdds of storage type : DISK and capacity : 9223372036854775807
2020-06-24 17:10:47,339 [Listener at 127.0.0.1/39213] INFO  volume.MutableVolumeSet (MutableVolumeSet.java:initializeVolumeSet(181)) - Added Volume : /github/workspace/mnt/ozone/hadoop-ozone/integration-test/target/test-dir/MiniOzoneClusterImpl-45b18ba1-9114-4b33-af64-cafa5396b779/datanode-6/data-0/containers/hdds to VolumeSet
2020-06-24 17:10:47,339 [Listener at 127.0.0.1/39213] INFO  volume.ThrottledAsyncChecker (ThrottledAsyncChecker.java:schedule(141)) - Scheduling a check for /github/workspace/mnt/ozone/hadoop-ozone/integration-test/target/test-dir/MiniOzoneClusterImpl-45b18ba1-9114-4b33-af64-cafa5396b779/datanode-6/data-0/containers/hdds
2020-06-24 17:10:47,344 [Listener at 127.0.0.1/39213] INFO  volume.HddsVolumeChecker (HddsVolumeChecker.java:checkAllVolumes(200)) - Scheduled health check for volume /github/workspace/mnt/ozone/hadoop-ozone/integration-test/target/test-dir/MiniOzoneClusterImpl-45b18ba1-9114-4b33-af64-cafa5396b779/datanode-6/data-0/containers/hdds
2020-06-24 17:10:47,368 [org.apache.hadoop.util.JvmPauseMonitor$Monitor@63ad634d] INFO  util.JvmPauseMonitor (JvmPauseMonitor.java:run(188)) - Starting JVM pause monitor
2020-06-24 17:10:47,373 [Datanode State Machine Thread - 0] INFO  datanode.InitDatanodeState (InitDatanodeState.java:persistContainerDatanodeDetails(145)) - DatanodeDetails is persisted to /github/workspace/mnt/ozone/hadoop-ozone/integration-test/target/test-dir/MiniOzoneClusterImpl-45b18ba1-9114-4b33-af64-cafa5396b779/datanode-5/meta/datanode.id
2020-06-24 17:10:47,375 [Listener at 127.0.0.1/39213] INFO  impl.RaftServerProxy (ConfUtils.java:logGet(44)) - raft.rpc.type = GRPC (default)
2020-06-24 17:10:47,375 [Listener at 127.0.0.1/39213] INFO  grpc.GrpcFactory (GrpcFactory.java:checkPooledByteBufAllocatorUseCacheForAllThreads(45)) - PERFORMANCE WARNING: useCacheForAllThreads is true that may cause Netty to create a lot garbage objects and, as a result, trigger GC.
	It is recommended to disable useCacheForAllThreads by setting -Dorg.apache.ratis.thirdparty.io.netty.allocator.useCacheForAllThreads=false in command line.
2020-06-24 17:10:47,376 [Listener at 127.0.0.1/39213] INFO  grpc.GrpcConfigKeys (ConfUtils.java:logGet(44)) - raft.grpc.server.port = 0 (default)
2020-06-24 17:10:47,376 [Listener at 127.0.0.1/39213] INFO  server.GrpcService (ConfUtils.java:logGet(44)) - raft.grpc.message.size.max = 32MB (=33554432) (custom)
2020-06-24 17:10:47,376 [Listener at 127.0.0.1/39213] INFO  server.RaftServerConfigKeys (ConfUtils.java:logGet(44)) - raft.server.log.appender.buffer.byte-limit = 33554432 (custom)
2020-06-24 17:10:47,376 [Listener at 127.0.0.1/39213] INFO  server.GrpcService (ConfUtils.java:logGet(44)) - raft.grpc.flow.control.window = 5MB (=5242880) (custom)
2020-06-24 17:10:47,376 [Listener at 127.0.0.1/39213] INFO  server.RaftServerConfigKeys (ConfUtils.java:logGet(44)) - raft.server.rpc.request.timeout = 60s (custom)
2020-06-24 17:10:47,377 [Listener at 127.0.0.1/39213] INFO  server.RaftServerConfigKeys (ConfUtils.java:logGet(44)) - raft.server.storage.dir = [/github/workspace/mnt/ozone/hadoop-ozone/integration-test/target/test-dir/MiniOzoneClusterImpl-45b18ba1-9114-4b33-af64-cafa5396b779/datanode-6/data/ratis] (custom)
2020-06-24 17:10:47,381 [Listener at 127.0.0.1/39213] INFO  http.BaseHttpServer (BaseHttpServer.java:newHttpServer2BuilderForOzone(205)) - Starting Web-server for hddsDatanode at: http://0.0.0.0:0
2020-06-24 17:10:47,382 [Listener at 127.0.0.1/39213] INFO  http.BaseHttpServer (BaseHttpServer.java:<init>(106)) - Hadoop Security Enabled: false Ozone Security Enabled: false Ozone HTTP Security Enabled: false 
2020-06-24 17:10:47,383 [Listener at 127.0.0.1/39213] INFO  server.AuthenticationFilter (AuthenticationFilter.java:constructSecretProvider(240)) - Unable to initialize FileSignerSecretProvider, falling back to use random secrets.
2020-06-24 17:10:47,383 [Listener at 127.0.0.1/39213] WARN  http.HttpRequestLog (HttpRequestLog.java:getRequestLog(103)) - Jetty request log can only be enabled using Log4j
2020-06-24 17:10:47,384 [Listener at 127.0.0.1/39213] INFO  http.HttpServer2 (HttpServer2.java:addGlobalFilter(993)) - Added global filter 'safety' (class=org.apache.hadoop.hdds.server.http.HttpServer2$QuotingInputFilter)
2020-06-24 17:10:47,385 [Listener at 127.0.0.1/39213] INFO  http.HttpServer2 (HttpServer2.java:addFilter(969)) - Added filter authentication (class=org.apache.hadoop.security.authentication.server.AuthenticationFilter) to context hddsDatanode
2020-06-24 17:10:47,385 [Listener at 127.0.0.1/39213] INFO  http.HttpServer2 (HttpServer2.java:addFilter(977)) - Added filter authentication (class=org.apache.hadoop.security.authentication.server.AuthenticationFilter) to context static
2020-06-24 17:10:47,385 [Listener at 127.0.0.1/39213] INFO  http.HttpServer2 (HttpServer2.java:addFilter(977)) - Added filter authentication (class=org.apache.hadoop.security.authentication.server.AuthenticationFilter) to context logs
2020-06-24 17:10:47,385 [Listener at 127.0.0.1/39213] INFO  http.HttpServer2 (HttpServer2.java:bindListener(1211)) - Jetty bound to port 39885
2020-06-24 17:10:47,386 [Listener at 127.0.0.1/39213] INFO  server.Server (Server.java:doStart(359)) - jetty-9.4.26.v20200117; built: 2020-01-17T12:35:33.676Z; git: 7b38981d25d14afb4a12ff1f2596756144edf695; jvm 1.8.0_232-b09
2020-06-24 17:10:47,389 [Listener at 127.0.0.1/39213] INFO  server.session (DefaultSessionIdManager.java:doStart(333)) - DefaultSessionIdManager workerName=node0
2020-06-24 17:10:47,389 [Listener at 127.0.0.1/39213] INFO  server.session (DefaultSessionIdManager.java:doStart(338)) - No SessionScavenger set, using defaults
2020-06-24 17:10:47,389 [Listener at 127.0.0.1/39213] INFO  server.session (HouseKeeper.java:startScavenging(140)) - node0 Scavenging every 600000ms
2020-06-24 17:10:47,394 [Listener at 127.0.0.1/39213] INFO  server.AuthenticationFilter (AuthenticationFilter.java:constructSecretProvider(240)) - Unable to initialize FileSignerSecretProvider, falling back to use random secrets.
2020-06-24 17:10:47,394 [Listener at 127.0.0.1/39213] INFO  handler.ContextHandler (ContextHandler.java:doStart(825)) - Started o.e.j.s.ServletContextHandler@7966a964{logs,/logs,file:///github/workspace/mnt/ozone/hadoop-ozone/integration-test/target/log,AVAILABLE}
2020-06-24 17:10:47,394 [Listener at 127.0.0.1/39213] INFO  handler.ContextHandler (ContextHandler.java:doStart(825)) - Started o.e.j.s.ServletContextHandler@34de8c9f{static,/static,jar:file:/home/user/.m2/repository/org/apache/hadoop/hadoop-hdds-container-service/0.6.0-SNAPSHOT/hadoop-hdds-container-service-0.6.0-SNAPSHOT.jar!/webapps/static,AVAILABLE}
2020-06-24 17:10:47,416 [Listener at 127.0.0.1/39213] INFO  handler.ContextHandler (ContextHandler.java:doStart(825)) - Started o.e.j.w.WebAppContext@24c7b944{hddsDatanode,/,file:///tmp/jetty-0_0_0_0-39885-hadoop-hdds-container-service-0_6_0-SNAPSHOT_jar-_-any-7298005858298323543.dir/webapp/,AVAILABLE}{jar:file:/home/user/.m2/repository/org/apache/hadoop/hadoop-hdds-container-service/0.6.0-SNAPSHOT/hadoop-hdds-container-service-0.6.0-SNAPSHOT.jar!/webapps/hddsDatanode}
2020-06-24 17:10:47,419 [Listener at 127.0.0.1/39213] INFO  server.AbstractConnector (AbstractConnector.java:doStart(330)) - Started ServerConnector@555b3ec9{HTTP/1.1,[http/1.1]}{0.0.0.0:39885}
2020-06-24 17:10:47,419 [Listener at 127.0.0.1/39213] INFO  server.Server (Server.java:doStart(399)) - Started @5147ms
2020-06-24 17:10:47,419 [Listener at 127.0.0.1/39213] WARN  impl.MetricsSystemImpl (MetricsSystemImpl.java:register(276)) - Sink prometheus already exists!
2020-06-24 17:10:47,423 [Listener at 127.0.0.1/39213] INFO  http.BaseHttpServer (BaseHttpServer.java:updateConnectorAddress(325)) - HTTP server of hddsDatanode listening at http://0.0.0.0:39885
2020-06-24 17:10:47,423 [Listener at 127.0.0.1/39213] INFO  impl.MetricsSystemImpl (MetricsSystemImpl.java:init(158)) - HddsDatanode metrics system started (again)
2020-06-24 17:10:47,424 [Listener at 127.0.0.1/39213] INFO  ozone.HddsDatanodeService (HddsDatanodeService.java:start(197)) - HddsDatanodeService host:ff49ff68588e ip:172.17.0.2
2020-06-24 17:10:47,426 [Listener at 127.0.0.1/39213] INFO  volume.HddsVolume (HddsVolume.java:<init>(176)) - Creating Volume: /github/workspace/mnt/ozone/hadoop-ozone/integration-test/target/test-dir/MiniOzoneClusterImpl-45b18ba1-9114-4b33-af64-cafa5396b779/datanode-7/data-0/containers/hdds of storage type : DISK and capacity : 9223372036854775807
2020-06-24 17:10:47,426 [Listener at 127.0.0.1/39213] INFO  volume.MutableVolumeSet (MutableVolumeSet.java:initializeVolumeSet(181)) - Added Volume : /github/workspace/mnt/ozone/hadoop-ozone/integration-test/target/test-dir/MiniOzoneClusterImpl-45b18ba1-9114-4b33-af64-cafa5396b779/datanode-7/data-0/containers/hdds to VolumeSet
2020-06-24 17:10:47,426 [Listener at 127.0.0.1/39213] INFO  volume.ThrottledAsyncChecker (ThrottledAsyncChecker.java:schedule(141)) - Scheduling a check for /github/workspace/mnt/ozone/hadoop-ozone/integration-test/target/test-dir/MiniOzoneClusterImpl-45b18ba1-9114-4b33-af64-cafa5396b779/datanode-7/data-0/containers/hdds
2020-06-24 17:10:47,427 [Listener at 127.0.0.1/39213] INFO  volume.HddsVolumeChecker (HddsVolumeChecker.java:checkAllVolumes(200)) - Scheduled health check for volume /github/workspace/mnt/ozone/hadoop-ozone/integration-test/target/test-dir/MiniOzoneClusterImpl-45b18ba1-9114-4b33-af64-cafa5396b779/datanode-7/data-0/containers/hdds
2020-06-24 17:10:47,452 [org.apache.hadoop.util.JvmPauseMonitor$Monitor@1073c38a] INFO  util.JvmPauseMonitor (JvmPauseMonitor.java:run(188)) - Starting JVM pause monitor
2020-06-24 17:10:47,456 [Datanode State Machine Thread - 0] INFO  datanode.InitDatanodeState (InitDatanodeState.java:persistContainerDatanodeDetails(145)) - DatanodeDetails is persisted to /github/workspace/mnt/ozone/hadoop-ozone/integration-test/target/test-dir/MiniOzoneClusterImpl-45b18ba1-9114-4b33-af64-cafa5396b779/datanode-6/meta/datanode.id
2020-06-24 17:10:47,458 [Listener at 127.0.0.1/39213] INFO  impl.RaftServerProxy (ConfUtils.java:logGet(44)) - raft.rpc.type = GRPC (default)
2020-06-24 17:10:47,459 [Listener at 127.0.0.1/39213] INFO  grpc.GrpcFactory (GrpcFactory.java:checkPooledByteBufAllocatorUseCacheForAllThreads(45)) - PERFORMANCE WARNING: useCacheForAllThreads is true that may cause Netty to create a lot garbage objects and, as a result, trigger GC.
	It is recommended to disable useCacheForAllThreads by setting -Dorg.apache.ratis.thirdparty.io.netty.allocator.useCacheForAllThreads=false in command line.
2020-06-24 17:10:47,459 [Listener at 127.0.0.1/39213] INFO  grpc.GrpcConfigKeys (ConfUtils.java:logGet(44)) - raft.grpc.server.port = 0 (default)
2020-06-24 17:10:47,459 [Listener at 127.0.0.1/39213] INFO  server.GrpcService (ConfUtils.java:logGet(44)) - raft.grpc.message.size.max = 32MB (=33554432) (custom)
2020-06-24 17:10:47,459 [Listener at 127.0.0.1/39213] INFO  server.RaftServerConfigKeys (ConfUtils.java:logGet(44)) - raft.server.log.appender.buffer.byte-limit = 33554432 (custom)
2020-06-24 17:10:47,459 [Listener at 127.0.0.1/39213] INFO  server.GrpcService (ConfUtils.java:logGet(44)) - raft.grpc.flow.control.window = 5MB (=5242880) (custom)
2020-06-24 17:10:47,459 [Listener at 127.0.0.1/39213] INFO  server.RaftServerConfigKeys (ConfUtils.java:logGet(44)) - raft.server.rpc.request.timeout = 60s (custom)
2020-06-24 17:10:47,460 [Listener at 127.0.0.1/39213] INFO  server.RaftServerConfigKeys (ConfUtils.java:logGet(44)) - raft.server.storage.dir = [/github/workspace/mnt/ozone/hadoop-ozone/integration-test/target/test-dir/MiniOzoneClusterImpl-45b18ba1-9114-4b33-af64-cafa5396b779/datanode-7/data/ratis] (custom)
2020-06-24 17:10:47,465 [Listener at 127.0.0.1/39213] INFO  http.BaseHttpServer (BaseHttpServer.java:newHttpServer2BuilderForOzone(205)) - Starting Web-server for hddsDatanode at: http://0.0.0.0:0
2020-06-24 17:10:47,466 [Listener at 127.0.0.1/39213] INFO  http.BaseHttpServer (BaseHttpServer.java:<init>(106)) - Hadoop Security Enabled: false Ozone Security Enabled: false Ozone HTTP Security Enabled: false 
2020-06-24 17:10:47,467 [Listener at 127.0.0.1/39213] INFO  server.AuthenticationFilter (AuthenticationFilter.java:constructSecretProvider(240)) - Unable to initialize FileSignerSecretProvider, falling back to use random secrets.
2020-06-24 17:10:47,467 [Listener at 127.0.0.1/39213] WARN  http.HttpRequestLog (HttpRequestLog.java:getRequestLog(103)) - Jetty request log can only be enabled using Log4j
2020-06-24 17:10:47,468 [Listener at 127.0.0.1/39213] INFO  http.HttpServer2 (HttpServer2.java:addGlobalFilter(993)) - Added global filter 'safety' (class=org.apache.hadoop.hdds.server.http.HttpServer2$QuotingInputFilter)
2020-06-24 17:10:47,469 [Listener at 127.0.0.1/39213] INFO  http.HttpServer2 (HttpServer2.java:addFilter(969)) - Added filter authentication (class=org.apache.hadoop.security.authentication.server.AuthenticationFilter) to context hddsDatanode
2020-06-24 17:10:47,471 [Listener at 127.0.0.1/39213] INFO  http.HttpServer2 (HttpServer2.java:addFilter(977)) - Added filter authentication (class=org.apache.hadoop.security.authentication.server.AuthenticationFilter) to context static
2020-06-24 17:10:47,471 [Listener at 127.0.0.1/39213] INFO  http.HttpServer2 (HttpServer2.java:addFilter(977)) - Added filter authentication (class=org.apache.hadoop.security.authentication.server.AuthenticationFilter) to context logs
2020-06-24 17:10:47,471 [Listener at 127.0.0.1/39213] INFO  http.HttpServer2 (HttpServer2.java:bindListener(1211)) - Jetty bound to port 39687
2020-06-24 17:10:47,471 [Listener at 127.0.0.1/39213] INFO  server.Server (Server.java:doStart(359)) - jetty-9.4.26.v20200117; built: 2020-01-17T12:35:33.676Z; git: 7b38981d25d14afb4a12ff1f2596756144edf695; jvm 1.8.0_232-b09
2020-06-24 17:10:47,477 [Listener at 127.0.0.1/39213] INFO  server.session (DefaultSessionIdManager.java:doStart(333)) - DefaultSessionIdManager workerName=node0
2020-06-24 17:10:47,477 [Listener at 127.0.0.1/39213] INFO  server.session (DefaultSessionIdManager.java:doStart(338)) - No SessionScavenger set, using defaults
2020-06-24 17:10:47,477 [Listener at 127.0.0.1/39213] INFO  server.session (HouseKeeper.java:startScavenging(140)) - node0 Scavenging every 600000ms
2020-06-24 17:10:47,478 [Listener at 127.0.0.1/39213] INFO  server.AuthenticationFilter (AuthenticationFilter.java:constructSecretProvider(240)) - Unable to initialize FileSignerSecretProvider, falling back to use random secrets.
2020-06-24 17:10:47,479 [Listener at 127.0.0.1/39213] INFO  handler.ContextHandler (ContextHandler.java:doStart(825)) - Started o.e.j.s.ServletContextHandler@7c9015c6{logs,/logs,file:///github/workspace/mnt/ozone/hadoop-ozone/integration-test/target/log,AVAILABLE}
2020-06-24 17:10:47,479 [Listener at 127.0.0.1/39213] INFO  handler.ContextHandler (ContextHandler.java:doStart(825)) - Started o.e.j.s.ServletContextHandler@5a9004e1{static,/static,jar:file:/home/user/.m2/repository/org/apache/hadoop/hadoop-hdds-container-service/0.6.0-SNAPSHOT/hadoop-hdds-container-service-0.6.0-SNAPSHOT.jar!/webapps/static,AVAILABLE}
2020-06-24 17:10:47,500 [Listener at 127.0.0.1/39213] INFO  handler.ContextHandler (ContextHandler.java:doStart(825)) - Started o.e.j.w.WebAppContext@24673720{hddsDatanode,/,file:///tmp/jetty-0_0_0_0-39687-hadoop-hdds-container-service-0_6_0-SNAPSHOT_jar-_-any-4666699350681127798.dir/webapp/,AVAILABLE}{jar:file:/home/user/.m2/repository/org/apache/hadoop/hadoop-hdds-container-service/0.6.0-SNAPSHOT/hadoop-hdds-container-service-0.6.0-SNAPSHOT.jar!/webapps/hddsDatanode}
2020-06-24 17:10:47,507 [Listener at 127.0.0.1/39213] INFO  server.AbstractConnector (AbstractConnector.java:doStart(330)) - Started ServerConnector@7ec01440{HTTP/1.1,[http/1.1]}{0.0.0.0:39687}
2020-06-24 17:10:47,508 [Listener at 127.0.0.1/39213] INFO  server.Server (Server.java:doStart(399)) - Started @5235ms
2020-06-24 17:10:47,508 [Listener at 127.0.0.1/39213] WARN  impl.MetricsSystemImpl (MetricsSystemImpl.java:register(276)) - Sink prometheus already exists!
2020-06-24 17:10:47,510 [Listener at 127.0.0.1/39213] INFO  http.BaseHttpServer (BaseHttpServer.java:updateConnectorAddress(325)) - HTTP server of hddsDatanode listening at http://0.0.0.0:39687
2020-06-24 17:10:47,511 [Listener at 127.0.0.1/39213] INFO  impl.MetricsSystemImpl (MetricsSystemImpl.java:init(158)) - HddsDatanode metrics system started (again)
2020-06-24 17:10:47,517 [Datanode State Machine Thread - 0] INFO  datanode.InitDatanodeState (InitDatanodeState.java:persistContainerDatanodeDetails(145)) - DatanodeDetails is persisted to /github/workspace/mnt/ozone/hadoop-ozone/integration-test/target/test-dir/MiniOzoneClusterImpl-45b18ba1-9114-4b33-af64-cafa5396b779/datanode-7/meta/datanode.id
2020-06-24 17:10:47,518 [org.apache.hadoop.util.JvmPauseMonitor$Monitor@e212db7] INFO  util.JvmPauseMonitor (JvmPauseMonitor.java:run(188)) - Starting JVM pause monitor
2020-06-24 17:10:47,519 [Listener at 127.0.0.1/39213] INFO  ozone.HddsDatanodeService (HddsDatanodeService.java:start(197)) - HddsDatanodeService host:ff49ff68588e ip:172.17.0.2
2020-06-24 17:10:47,520 [Listener at 127.0.0.1/39213] INFO  volume.HddsVolume (HddsVolume.java:<init>(176)) - Creating Volume: /github/workspace/mnt/ozone/hadoop-ozone/integration-test/target/test-dir/MiniOzoneClusterImpl-45b18ba1-9114-4b33-af64-cafa5396b779/datanode-8/data-0/containers/hdds of storage type : DISK and capacity : 9223372036854775807
2020-06-24 17:10:47,520 [Listener at 127.0.0.1/39213] INFO  volume.MutableVolumeSet (MutableVolumeSet.java:initializeVolumeSet(181)) - Added Volume : /github/workspace/mnt/ozone/hadoop-ozone/integration-test/target/test-dir/MiniOzoneClusterImpl-45b18ba1-9114-4b33-af64-cafa5396b779/datanode-8/data-0/containers/hdds to VolumeSet
2020-06-24 17:10:47,520 [Listener at 127.0.0.1/39213] INFO  volume.ThrottledAsyncChecker (ThrottledAsyncChecker.java:schedule(141)) - Scheduling a check for /github/workspace/mnt/ozone/hadoop-ozone/integration-test/target/test-dir/MiniOzoneClusterImpl-45b18ba1-9114-4b33-af64-cafa5396b779/datanode-8/data-0/containers/hdds
2020-06-24 17:10:47,521 [Listener at 127.0.0.1/39213] INFO  volume.HddsVolumeChecker (HddsVolumeChecker.java:checkAllVolumes(200)) - Scheduled health check for volume /github/workspace/mnt/ozone/hadoop-ozone/integration-test/target/test-dir/MiniOzoneClusterImpl-45b18ba1-9114-4b33-af64-cafa5396b779/datanode-8/data-0/containers/hdds
2020-06-24 17:10:47,537 [Listener at 127.0.0.1/39213] INFO  impl.RaftServerProxy (ConfUtils.java:logGet(44)) - raft.rpc.type = GRPC (default)
2020-06-24 17:10:47,537 [Listener at 127.0.0.1/39213] INFO  grpc.GrpcFactory (GrpcFactory.java:checkPooledByteBufAllocatorUseCacheForAllThreads(45)) - PERFORMANCE WARNING: useCacheForAllThreads is true that may cause Netty to create a lot garbage objects and, as a result, trigger GC.
	It is recommended to disable useCacheForAllThreads by setting -Dorg.apache.ratis.thirdparty.io.netty.allocator.useCacheForAllThreads=false in command line.
2020-06-24 17:10:47,537 [Listener at 127.0.0.1/39213] INFO  grpc.GrpcConfigKeys (ConfUtils.java:logGet(44)) - raft.grpc.server.port = 0 (default)
2020-06-24 17:10:47,537 [Listener at 127.0.0.1/39213] INFO  server.GrpcService (ConfUtils.java:logGet(44)) - raft.grpc.message.size.max = 32MB (=33554432) (custom)
2020-06-24 17:10:47,537 [Listener at 127.0.0.1/39213] INFO  server.RaftServerConfigKeys (ConfUtils.java:logGet(44)) - raft.server.log.appender.buffer.byte-limit = 33554432 (custom)
2020-06-24 17:10:47,537 [Listener at 127.0.0.1/39213] INFO  server.GrpcService (ConfUtils.java:logGet(44)) - raft.grpc.flow.control.window = 5MB (=5242880) (custom)
2020-06-24 17:10:47,537 [Listener at 127.0.0.1/39213] INFO  server.RaftServerConfigKeys (ConfUtils.java:logGet(44)) - raft.server.rpc.request.timeout = 60s (custom)
2020-06-24 17:10:47,538 [Listener at 127.0.0.1/39213] INFO  server.RaftServerConfigKeys (ConfUtils.java:logGet(44)) - raft.server.storage.dir = [/github/workspace/mnt/ozone/hadoop-ozone/integration-test/target/test-dir/MiniOzoneClusterImpl-45b18ba1-9114-4b33-af64-cafa5396b779/datanode-8/data/ratis] (custom)
2020-06-24 17:10:47,543 [Listener at 127.0.0.1/39213] INFO  http.BaseHttpServer (BaseHttpServer.java:newHttpServer2BuilderForOzone(205)) - Starting Web-server for hddsDatanode at: http://0.0.0.0:0
2020-06-24 17:10:47,543 [Listener at 127.0.0.1/39213] INFO  http.BaseHttpServer (BaseHttpServer.java:<init>(106)) - Hadoop Security Enabled: false Ozone Security Enabled: false Ozone HTTP Security Enabled: false 
2020-06-24 17:10:47,544 [Listener at 127.0.0.1/39213] INFO  server.AuthenticationFilter (AuthenticationFilter.java:constructSecretProvider(240)) - Unable to initialize FileSignerSecretProvider, falling back to use random secrets.
2020-06-24 17:10:47,544 [Listener at 127.0.0.1/39213] WARN  http.HttpRequestLog (HttpRequestLog.java:getRequestLog(103)) - Jetty request log can only be enabled using Log4j
2020-06-24 17:10:47,545 [Listener at 127.0.0.1/39213] INFO  http.HttpServer2 (HttpServer2.java:addGlobalFilter(993)) - Added global filter 'safety' (class=org.apache.hadoop.hdds.server.http.HttpServer2$QuotingInputFilter)
2020-06-24 17:10:47,546 [Listener at 127.0.0.1/39213] INFO  http.HttpServer2 (HttpServer2.java:addFilter(969)) - Added filter authentication (class=org.apache.hadoop.security.authentication.server.AuthenticationFilter) to context hddsDatanode
2020-06-24 17:10:47,546 [Listener at 127.0.0.1/39213] INFO  http.HttpServer2 (HttpServer2.java:addFilter(977)) - Added filter authentication (class=org.apache.hadoop.security.authentication.server.AuthenticationFilter) to context logs
2020-06-24 17:10:47,546 [Listener at 127.0.0.1/39213] INFO  http.HttpServer2 (HttpServer2.java:addFilter(977)) - Added filter authentication (class=org.apache.hadoop.security.authentication.server.AuthenticationFilter) to context static
2020-06-24 17:10:47,546 [Listener at 127.0.0.1/39213] INFO  http.HttpServer2 (HttpServer2.java:bindListener(1211)) - Jetty bound to port 44973
2020-06-24 17:10:47,546 [Listener at 127.0.0.1/39213] INFO  server.Server (Server.java:doStart(359)) - jetty-9.4.26.v20200117; built: 2020-01-17T12:35:33.676Z; git: 7b38981d25d14afb4a12ff1f2596756144edf695; jvm 1.8.0_232-b09
2020-06-24 17:10:47,549 [Listener at 127.0.0.1/39213] INFO  server.session (DefaultSessionIdManager.java:doStart(333)) - DefaultSessionIdManager workerName=node0
2020-06-24 17:10:47,550 [Listener at 127.0.0.1/39213] INFO  server.session (DefaultSessionIdManager.java:doStart(338)) - No SessionScavenger set, using defaults
2020-06-24 17:10:47,550 [Listener at 127.0.0.1/39213] INFO  server.session (HouseKeeper.java:startScavenging(140)) - node0 Scavenging every 660000ms
2020-06-24 17:10:47,552 [Listener at 127.0.0.1/39213] INFO  server.AuthenticationFilter (AuthenticationFilter.java:constructSecretProvider(240)) - Unable to initialize FileSignerSecretProvider, falling back to use random secrets.
2020-06-24 17:10:47,552 [Listener at 127.0.0.1/39213] INFO  handler.ContextHandler (ContextHandler.java:doStart(825)) - Started o.e.j.s.ServletContextHandler@1c00a9f0{logs,/logs,file:///github/workspace/mnt/ozone/hadoop-ozone/integration-test/target/log,AVAILABLE}
2020-06-24 17:10:47,553 [Listener at 127.0.0.1/39213] INFO  handler.ContextHandler (ContextHandler.java:doStart(825)) - Started o.e.j.s.ServletContextHandler@5e572ad6{static,/static,jar:file:/home/user/.m2/repository/org/apache/hadoop/hadoop-hdds-container-service/0.6.0-SNAPSHOT/hadoop-hdds-container-service-0.6.0-SNAPSHOT.jar!/webapps/static,AVAILABLE}
2020-06-24 17:10:47,568 [Listener at 127.0.0.1/39213] INFO  handler.ContextHandler (ContextHandler.java:doStart(825)) - Started o.e.j.w.WebAppContext@3e8c9981{hddsDatanode,/,file:///tmp/jetty-0_0_0_0-44973-hadoop-hdds-container-service-0_6_0-SNAPSHOT_jar-_-any-1975486883581894762.dir/webapp/,AVAILABLE}{jar:file:/home/user/.m2/repository/org/apache/hadoop/hadoop-hdds-container-service/0.6.0-SNAPSHOT/hadoop-hdds-container-service-0.6.0-SNAPSHOT.jar!/webapps/hddsDatanode}
2020-06-24 17:10:47,569 [Listener at 127.0.0.1/39213] INFO  server.AbstractConnector (AbstractConnector.java:doStart(330)) - Started ServerConnector@3bd5dff5{HTTP/1.1,[http/1.1]}{0.0.0.0:44973}
2020-06-24 17:10:47,570 [Listener at 127.0.0.1/39213] INFO  server.Server (Server.java:doStart(399)) - Started @5298ms
2020-06-24 17:10:47,570 [Listener at 127.0.0.1/39213] WARN  impl.MetricsSystemImpl (MetricsSystemImpl.java:register(276)) - Sink prometheus already exists!
2020-06-24 17:10:47,573 [Listener at 127.0.0.1/39213] INFO  http.BaseHttpServer (BaseHttpServer.java:updateConnectorAddress(325)) - HTTP server of hddsDatanode listening at http://0.0.0.0:44973
2020-06-24 17:10:47,573 [Listener at 127.0.0.1/39213] INFO  impl.MetricsSystemImpl (MetricsSystemImpl.java:init(158)) - HddsDatanode metrics system started (again)
2020-06-24 17:10:47,575 [Listener at 127.0.0.1/39213] INFO  ozone.HddsDatanodeService (HddsDatanodeService.java:start(197)) - HddsDatanodeService host:ff49ff68588e ip:172.17.0.2
2020-06-24 17:10:47,578 [Listener at 127.0.0.1/39213] INFO  volume.HddsVolume (HddsVolume.java:<init>(176)) - Creating Volume: /github/workspace/mnt/ozone/hadoop-ozone/integration-test/target/test-dir/MiniOzoneClusterImpl-45b18ba1-9114-4b33-af64-cafa5396b779/datanode-9/data-0/containers/hdds of storage type : DISK and capacity : 9223372036854775807
2020-06-24 17:10:47,578 [Listener at 127.0.0.1/39213] INFO  volume.MutableVolumeSet (MutableVolumeSet.java:initializeVolumeSet(181)) - Added Volume : /github/workspace/mnt/ozone/hadoop-ozone/integration-test/target/test-dir/MiniOzoneClusterImpl-45b18ba1-9114-4b33-af64-cafa5396b779/datanode-9/data-0/containers/hdds to VolumeSet
2020-06-24 17:10:47,578 [Listener at 127.0.0.1/39213] INFO  volume.ThrottledAsyncChecker (ThrottledAsyncChecker.java:schedule(141)) - Scheduling a check for /github/workspace/mnt/ozone/hadoop-ozone/integration-test/target/test-dir/MiniOzoneClusterImpl-45b18ba1-9114-4b33-af64-cafa5396b779/datanode-9/data-0/containers/hdds
2020-06-24 17:10:47,587 [org.apache.hadoop.util.JvmPauseMonitor$Monitor@6cfb1411] INFO  util.JvmPauseMonitor (JvmPauseMonitor.java:run(188)) - Starting JVM pause monitor
2020-06-24 17:10:47,587 [Listener at 127.0.0.1/39213] INFO  volume.HddsVolumeChecker (HddsVolumeChecker.java:checkAllVolumes(200)) - Scheduled health check for volume /github/workspace/mnt/ozone/hadoop-ozone/integration-test/target/test-dir/MiniOzoneClusterImpl-45b18ba1-9114-4b33-af64-cafa5396b779/datanode-9/data-0/containers/hdds
2020-06-24 17:10:47,600 [Listener at 127.0.0.1/39213] INFO  impl.RaftServerProxy (ConfUtils.java:logGet(44)) - raft.rpc.type = GRPC (default)
2020-06-24 17:10:47,601 [Listener at 127.0.0.1/39213] INFO  grpc.GrpcFactory (GrpcFactory.java:checkPooledByteBufAllocatorUseCacheForAllThreads(45)) - PERFORMANCE WARNING: useCacheForAllThreads is true that may cause Netty to create a lot garbage objects and, as a result, trigger GC.
	It is recommended to disable useCacheForAllThreads by setting -Dorg.apache.ratis.thirdparty.io.netty.allocator.useCacheForAllThreads=false in command line.
2020-06-24 17:10:47,601 [Listener at 127.0.0.1/39213] INFO  grpc.GrpcConfigKeys (ConfUtils.java:logGet(44)) - raft.grpc.server.port = 0 (default)
2020-06-24 17:10:47,601 [Datanode State Machine Thread - 0] INFO  datanode.InitDatanodeState (InitDatanodeState.java:persistContainerDatanodeDetails(145)) - DatanodeDetails is persisted to /github/workspace/mnt/ozone/hadoop-ozone/integration-test/target/test-dir/MiniOzoneClusterImpl-45b18ba1-9114-4b33-af64-cafa5396b779/datanode-8/meta/datanode.id
2020-06-24 17:10:47,601 [Listener at 127.0.0.1/39213] INFO  server.GrpcService (ConfUtils.java:logGet(44)) - raft.grpc.message.size.max = 32MB (=33554432) (custom)
2020-06-24 17:10:47,601 [Listener at 127.0.0.1/39213] INFO  server.RaftServerConfigKeys (ConfUtils.java:logGet(44)) - raft.server.log.appender.buffer.byte-limit = 33554432 (custom)
2020-06-24 17:10:47,601 [Listener at 127.0.0.1/39213] INFO  server.GrpcService (ConfUtils.java:logGet(44)) - raft.grpc.flow.control.window = 5MB (=5242880) (custom)
2020-06-24 17:10:47,601 [Listener at 127.0.0.1/39213] INFO  server.RaftServerConfigKeys (ConfUtils.java:logGet(44)) - raft.server.rpc.request.timeout = 60s (custom)
2020-06-24 17:10:47,602 [Listener at 127.0.0.1/39213] INFO  server.RaftServerConfigKeys (ConfUtils.java:logGet(44)) - raft.server.storage.dir = [/github/workspace/mnt/ozone/hadoop-ozone/integration-test/target/test-dir/MiniOzoneClusterImpl-45b18ba1-9114-4b33-af64-cafa5396b779/datanode-9/data/ratis] (custom)
2020-06-24 17:10:47,606 [Listener at 127.0.0.1/39213] INFO  http.BaseHttpServer (BaseHttpServer.java:newHttpServer2BuilderForOzone(205)) - Starting Web-server for hddsDatanode at: http://0.0.0.0:0
2020-06-24 17:10:47,606 [Listener at 127.0.0.1/39213] INFO  http.BaseHttpServer (BaseHttpServer.java:<init>(106)) - Hadoop Security Enabled: false Ozone Security Enabled: false Ozone HTTP Security Enabled: false 
2020-06-24 17:10:47,607 [Listener at 127.0.0.1/39213] INFO  server.AuthenticationFilter (AuthenticationFilter.java:constructSecretProvider(240)) - Unable to initialize FileSignerSecretProvider, falling back to use random secrets.
2020-06-24 17:10:47,608 [Listener at 127.0.0.1/39213] WARN  http.HttpRequestLog (HttpRequestLog.java:getRequestLog(103)) - Jetty request log can only be enabled using Log4j
2020-06-24 17:10:47,608 [Listener at 127.0.0.1/39213] INFO  http.HttpServer2 (HttpServer2.java:addGlobalFilter(993)) - Added global filter 'safety' (class=org.apache.hadoop.hdds.server.http.HttpServer2$QuotingInputFilter)
2020-06-24 17:10:47,609 [Listener at 127.0.0.1/39213] INFO  http.HttpServer2 (HttpServer2.java:addFilter(969)) - Added filter authentication (class=org.apache.hadoop.security.authentication.server.AuthenticationFilter) to context hddsDatanode
2020-06-24 17:10:47,609 [Listener at 127.0.0.1/39213] INFO  http.HttpServer2 (HttpServer2.java:addFilter(977)) - Added filter authentication (class=org.apache.hadoop.security.authentication.server.AuthenticationFilter) to context static
2020-06-24 17:10:47,609 [Listener at 127.0.0.1/39213] INFO  http.HttpServer2 (HttpServer2.java:addFilter(977)) - Added filter authentication (class=org.apache.hadoop.security.authentication.server.AuthenticationFilter) to context logs
2020-06-24 17:10:47,610 [Listener at 127.0.0.1/39213] INFO  http.HttpServer2 (HttpServer2.java:bindListener(1211)) - Jetty bound to port 37965
2020-06-24 17:10:47,610 [Listener at 127.0.0.1/39213] INFO  server.Server (Server.java:doStart(359)) - jetty-9.4.26.v20200117; built: 2020-01-17T12:35:33.676Z; git: 7b38981d25d14afb4a12ff1f2596756144edf695; jvm 1.8.0_232-b09
2020-06-24 17:10:47,611 [Listener at 127.0.0.1/39213] INFO  server.session (DefaultSessionIdManager.java:doStart(333)) - DefaultSessionIdManager workerName=node0
2020-06-24 17:10:47,611 [Listener at 127.0.0.1/39213] INFO  server.session (DefaultSessionIdManager.java:doStart(338)) - No SessionScavenger set, using defaults
2020-06-24 17:10:47,612 [Listener at 127.0.0.1/39213] INFO  server.session (HouseKeeper.java:startScavenging(140)) - node0 Scavenging every 660000ms
2020-06-24 17:10:47,612 [Listener at 127.0.0.1/39213] INFO  server.AuthenticationFilter (AuthenticationFilter.java:constructSecretProvider(240)) - Unable to initialize FileSignerSecretProvider, falling back to use random secrets.
2020-06-24 17:10:47,613 [Listener at 127.0.0.1/39213] INFO  handler.ContextHandler (ContextHandler.java:doStart(825)) - Started o.e.j.s.ServletContextHandler@30be6a05{logs,/logs,file:///github/workspace/mnt/ozone/hadoop-ozone/integration-test/target/log,AVAILABLE}
2020-06-24 17:10:47,613 [Listener at 127.0.0.1/39213] INFO  handler.ContextHandler (ContextHandler.java:doStart(825)) - Started o.e.j.s.ServletContextHandler@7a4c1a6c{static,/static,jar:file:/home/user/.m2/repository/org/apache/hadoop/hadoop-hdds-container-service/0.6.0-SNAPSHOT/hadoop-hdds-container-service-0.6.0-SNAPSHOT.jar!/webapps/static,AVAILABLE}
2020-06-24 17:10:47,629 [Listener at 127.0.0.1/39213] INFO  handler.ContextHandler (ContextHandler.java:doStart(825)) - Started o.e.j.w.WebAppContext@6db64abf{hddsDatanode,/,file:///tmp/jetty-0_0_0_0-37965-hadoop-hdds-container-service-0_6_0-SNAPSHOT_jar-_-any-4384725441313339475.dir/webapp/,AVAILABLE}{jar:file:/home/user/.m2/repository/org/apache/hadoop/hadoop-hdds-container-service/0.6.0-SNAPSHOT/hadoop-hdds-container-service-0.6.0-SNAPSHOT.jar!/webapps/hddsDatanode}
2020-06-24 17:10:47,637 [Listener at 127.0.0.1/39213] INFO  server.AbstractConnector (AbstractConnector.java:doStart(330)) - Started ServerConnector@1e8c9083{HTTP/1.1,[http/1.1]}{0.0.0.0:37965}
2020-06-24 17:10:47,637 [Listener at 127.0.0.1/39213] INFO  server.Server (Server.java:doStart(399)) - Started @5365ms
2020-06-24 17:10:47,637 [Listener at 127.0.0.1/39213] WARN  impl.MetricsSystemImpl (MetricsSystemImpl.java:register(276)) - Sink prometheus already exists!
2020-06-24 17:10:47,641 [Listener at 127.0.0.1/39213] INFO  http.BaseHttpServer (BaseHttpServer.java:updateConnectorAddress(325)) - HTTP server of hddsDatanode listening at http://0.0.0.0:37965
2020-06-24 17:10:47,643 [Listener at 127.0.0.1/39213] INFO  ozone.MiniOzoneClusterImpl (MiniOzoneClusterImpl.java:lambda$waitForClusterToBeReady$0(177)) - Waiting for nodes to be ready. Got 0 of 10 DN Heartbeats.
2020-06-24 17:10:47,643 [Listener at 127.0.0.1/39213] INFO  ozone.MiniOzoneClusterImpl (MiniOzoneClusterImpl.java:lambda$waitForClusterToBeReady$0(180)) - Waiting for cluster to exit safe mode
2020-06-24 17:10:47,648 [org.apache.hadoop.util.JvmPauseMonitor$Monitor@2e938f96] INFO  util.JvmPauseMonitor (JvmPauseMonitor.java:run(188)) - Starting JVM pause monitor
2020-06-24 17:10:47,650 [Datanode State Machine Thread - 0] INFO  datanode.InitDatanodeState (InitDatanodeState.java:persistContainerDatanodeDetails(145)) - DatanodeDetails is persisted to /github/workspace/mnt/ozone/hadoop-ozone/integration-test/target/test-dir/MiniOzoneClusterImpl-45b18ba1-9114-4b33-af64-cafa5396b779/datanode-9/meta/datanode.id
2020-06-24 17:10:48,644 [Listener at 127.0.0.1/39213] INFO  ozone.MiniOzoneClusterImpl (MiniOzoneClusterImpl.java:lambda$waitForClusterToBeReady$0(177)) - Waiting for nodes to be ready. Got 0 of 10 DN Heartbeats.
2020-06-24 17:10:48,644 [Listener at 127.0.0.1/39213] INFO  ozone.MiniOzoneClusterImpl (MiniOzoneClusterImpl.java:lambda$waitForClusterToBeReady$0(180)) - Waiting for cluster to exit safe mode
2020-06-24 17:10:48,986 [Datanode State Machine Thread - 0] INFO  ozoneimpl.OzoneContainer (OzoneContainer.java:start(232)) - Attempting to start container services.
2020-06-24 17:10:48,987 [Datanode State Machine Thread - 0] INFO  ozoneimpl.OzoneContainer (OzoneContainer.java:startContainerScrub(196)) - Background container scanner has been disabled.
2020-06-24 17:10:48,988 [Datanode State Machine Thread - 0] INFO  ratis.XceiverServerRatis (XceiverServerRatis.java:start(425)) - Starting XceiverServerRatis 901834b2-99ef-48e6-a81c-aba752cc936b at port 0
2020-06-24 17:10:48,997 [Datanode State Machine Thread - 0] INFO  impl.RaftServerProxy (RaftServerProxy.java:lambda$start$3(304)) - 901834b2-99ef-48e6-a81c-aba752cc936b: start RPC server
2020-06-24 17:10:49,051 [Datanode State Machine Thread - 0] INFO  server.GrpcService (GrpcService.java:startImpl(160)) - 901834b2-99ef-48e6-a81c-aba752cc936b: GrpcService started, listening on 0.0.0.0/0.0.0.0:37855
2020-06-24 17:10:49,051 [Datanode State Machine Thread - 0] INFO  ratis.XceiverServerRatis (XceiverServerRatis.java:start(437)) - XceiverServerRatis 901834b2-99ef-48e6-a81c-aba752cc936b is started using port 37855
2020-06-24 17:10:49,054 [Datanode State Machine Thread - 0] INFO  server.XceiverServerGrpc (XceiverServerGrpc.java:start(145)) - XceiverServerGrpc 901834b2-99ef-48e6-a81c-aba752cc936b is started using port 38423
2020-06-24 17:10:49,067 [Datanode State Machine Thread - 0] INFO  ozoneimpl.OzoneContainer (OzoneContainer.java:start(232)) - Attempting to start container services.
2020-06-24 17:10:49,070 [Datanode State Machine Thread - 0] INFO  ozoneimpl.OzoneContainer (OzoneContainer.java:startContainerScrub(196)) - Background container scanner has been disabled.
2020-06-24 17:10:49,070 [Datanode State Machine Thread - 0] INFO  ratis.XceiverServerRatis (XceiverServerRatis.java:start(425)) - Starting XceiverServerRatis abd1f0dd-6a7c-459f-aa66-bfbee4a0afa9 at port 0
2020-06-24 17:10:49,075 [Datanode State Machine Thread - 0] INFO  impl.RaftServerProxy (RaftServerProxy.java:lambda$start$3(304)) - abd1f0dd-6a7c-459f-aa66-bfbee4a0afa9: start RPC server
2020-06-24 17:10:49,080 [Datanode State Machine Thread - 0] INFO  server.GrpcService (GrpcService.java:startImpl(160)) - abd1f0dd-6a7c-459f-aa66-bfbee4a0afa9: GrpcService started, listening on 0.0.0.0/0.0.0.0:39925
2020-06-24 17:10:49,080 [Datanode State Machine Thread - 0] INFO  ratis.XceiverServerRatis (XceiverServerRatis.java:start(437)) - XceiverServerRatis abd1f0dd-6a7c-459f-aa66-bfbee4a0afa9 is started using port 39925
2020-06-24 17:10:49,084 [Datanode State Machine Thread - 0] INFO  server.XceiverServerGrpc (XceiverServerGrpc.java:start(145)) - XceiverServerGrpc abd1f0dd-6a7c-459f-aa66-bfbee4a0afa9 is started using port 37447
2020-06-24 17:10:49,153 [Datanode State Machine Thread - 0] INFO  ozoneimpl.OzoneContainer (OzoneContainer.java:start(232)) - Attempting to start container services.
2020-06-24 17:10:49,153 [Datanode State Machine Thread - 0] INFO  ozoneimpl.OzoneContainer (OzoneContainer.java:startContainerScrub(196)) - Background container scanner has been disabled.
2020-06-24 17:10:49,154 [Datanode State Machine Thread - 0] INFO  ratis.XceiverServerRatis (XceiverServerRatis.java:start(425)) - Starting XceiverServerRatis a7ff2e02-4aae-4e37-b42b-37dd0693648b at port 0
2020-06-24 17:10:49,155 [Datanode State Machine Thread - 0] INFO  impl.RaftServerProxy (RaftServerProxy.java:lambda$start$3(304)) - a7ff2e02-4aae-4e37-b42b-37dd0693648b: start RPC server
2020-06-24 17:10:49,165 [Datanode State Machine Thread - 0] INFO  server.GrpcService (GrpcService.java:startImpl(160)) - a7ff2e02-4aae-4e37-b42b-37dd0693648b: GrpcService started, listening on 0.0.0.0/0.0.0.0:34743
2020-06-24 17:10:49,165 [Datanode State Machine Thread - 0] INFO  ratis.XceiverServerRatis (XceiverServerRatis.java:start(437)) - XceiverServerRatis a7ff2e02-4aae-4e37-b42b-37dd0693648b is started using port 34743
2020-06-24 17:10:49,166 [Datanode State Machine Thread - 0] INFO  server.XceiverServerGrpc (XceiverServerGrpc.java:start(145)) - XceiverServerGrpc a7ff2e02-4aae-4e37-b42b-37dd0693648b is started using port 34027
2020-06-24 17:10:49,212 [Datanode State Machine Thread - 0] INFO  ozoneimpl.OzoneContainer (OzoneContainer.java:start(232)) - Attempting to start container services.
2020-06-24 17:10:49,212 [Datanode State Machine Thread - 0] INFO  ozoneimpl.OzoneContainer (OzoneContainer.java:startContainerScrub(196)) - Background container scanner has been disabled.
2020-06-24 17:10:49,212 [Datanode State Machine Thread - 0] INFO  ratis.XceiverServerRatis (XceiverServerRatis.java:start(425)) - Starting XceiverServerRatis b668f7d5-a6b7-44bf-8278-608be9500c84 at port 0
2020-06-24 17:10:49,214 [Datanode State Machine Thread - 0] INFO  impl.RaftServerProxy (RaftServerProxy.java:lambda$start$3(304)) - b668f7d5-a6b7-44bf-8278-608be9500c84: start RPC server
2020-06-24 17:10:49,216 [Datanode State Machine Thread - 0] INFO  server.GrpcService (GrpcService.java:startImpl(160)) - b668f7d5-a6b7-44bf-8278-608be9500c84: GrpcService started, listening on 0.0.0.0/0.0.0.0:41691
2020-06-24 17:10:49,216 [Datanode State Machine Thread - 0] INFO  ratis.XceiverServerRatis (XceiverServerRatis.java:start(437)) - XceiverServerRatis b668f7d5-a6b7-44bf-8278-608be9500c84 is started using port 41691
2020-06-24 17:10:49,217 [Datanode State Machine Thread - 0] INFO  server.XceiverServerGrpc (XceiverServerGrpc.java:start(145)) - XceiverServerGrpc b668f7d5-a6b7-44bf-8278-608be9500c84 is started using port 46637
2020-06-24 17:10:49,290 [Datanode State Machine Thread - 0] INFO  ozoneimpl.OzoneContainer (OzoneContainer.java:start(232)) - Attempting to start container services.
2020-06-24 17:10:49,290 [Datanode State Machine Thread - 0] INFO  ozoneimpl.OzoneContainer (OzoneContainer.java:startContainerScrub(196)) - Background container scanner has been disabled.
2020-06-24 17:10:49,291 [Datanode State Machine Thread - 0] INFO  ratis.XceiverServerRatis (XceiverServerRatis.java:start(425)) - Starting XceiverServerRatis 2b7adba8-1059-44f9-97bc-2868c192e760 at port 0
2020-06-24 17:10:49,292 [Datanode State Machine Thread - 0] INFO  impl.RaftServerProxy (RaftServerProxy.java:lambda$start$3(304)) - 2b7adba8-1059-44f9-97bc-2868c192e760: start RPC server
2020-06-24 17:10:49,297 [Datanode State Machine Thread - 0] INFO  server.GrpcService (GrpcService.java:startImpl(160)) - 2b7adba8-1059-44f9-97bc-2868c192e760: GrpcService started, listening on 0.0.0.0/0.0.0.0:35263
2020-06-24 17:10:49,297 [Datanode State Machine Thread - 0] INFO  ratis.XceiverServerRatis (XceiverServerRatis.java:start(437)) - XceiverServerRatis 2b7adba8-1059-44f9-97bc-2868c192e760 is started using port 35263
2020-06-24 17:10:49,300 [Datanode State Machine Thread - 0] INFO  server.XceiverServerGrpc (XceiverServerGrpc.java:start(145)) - XceiverServerGrpc 2b7adba8-1059-44f9-97bc-2868c192e760 is started using port 40671
2020-06-24 17:10:49,372 [Datanode State Machine Thread - 0] INFO  ozoneimpl.OzoneContainer (OzoneContainer.java:start(232)) - Attempting to start container services.
2020-06-24 17:10:49,372 [Datanode State Machine Thread - 0] INFO  ozoneimpl.OzoneContainer (OzoneContainer.java:startContainerScrub(196)) - Background container scanner has been disabled.
2020-06-24 17:10:49,372 [Datanode State Machine Thread - 0] INFO  ratis.XceiverServerRatis (XceiverServerRatis.java:start(425)) - Starting XceiverServerRatis afb85034-fb37-497e-9144-3e9dc86fd25a at port 0
2020-06-24 17:10:49,374 [Datanode State Machine Thread - 0] INFO  impl.RaftServerProxy (RaftServerProxy.java:lambda$start$3(304)) - afb85034-fb37-497e-9144-3e9dc86fd25a: start RPC server
2020-06-24 17:10:49,376 [Datanode State Machine Thread - 0] INFO  server.GrpcService (GrpcService.java:startImpl(160)) - afb85034-fb37-497e-9144-3e9dc86fd25a: GrpcService started, listening on 0.0.0.0/0.0.0.0:35489
2020-06-24 17:10:49,376 [Datanode State Machine Thread - 0] INFO  ratis.XceiverServerRatis (XceiverServerRatis.java:start(437)) - XceiverServerRatis afb85034-fb37-497e-9144-3e9dc86fd25a is started using port 35489
2020-06-24 17:10:49,378 [Datanode State Machine Thread - 0] INFO  server.XceiverServerGrpc (XceiverServerGrpc.java:start(145)) - XceiverServerGrpc afb85034-fb37-497e-9144-3e9dc86fd25a is started using port 34087
2020-06-24 17:10:49,456 [Datanode State Machine Thread - 0] INFO  ozoneimpl.OzoneContainer (OzoneContainer.java:start(232)) - Attempting to start container services.
2020-06-24 17:10:49,457 [Datanode State Machine Thread - 0] INFO  ozoneimpl.OzoneContainer (OzoneContainer.java:startContainerScrub(196)) - Background container scanner has been disabled.
2020-06-24 17:10:49,457 [Datanode State Machine Thread - 0] INFO  ratis.XceiverServerRatis (XceiverServerRatis.java:start(425)) - Starting XceiverServerRatis 22cc0f04-e09b-4cc9-bfb5-2feecdd2b0ba at port 0
2020-06-24 17:10:49,464 [Datanode State Machine Thread - 0] INFO  impl.RaftServerProxy (RaftServerProxy.java:lambda$start$3(304)) - 22cc0f04-e09b-4cc9-bfb5-2feecdd2b0ba: start RPC server
2020-06-24 17:10:49,466 [Datanode State Machine Thread - 0] INFO  server.GrpcService (GrpcService.java:startImpl(160)) - 22cc0f04-e09b-4cc9-bfb5-2feecdd2b0ba: GrpcService started, listening on 0.0.0.0/0.0.0.0:38605
2020-06-24 17:10:49,466 [Datanode State Machine Thread - 0] INFO  ratis.XceiverServerRatis (XceiverServerRatis.java:start(437)) - XceiverServerRatis 22cc0f04-e09b-4cc9-bfb5-2feecdd2b0ba is started using port 38605
2020-06-24 17:10:49,467 [Datanode State Machine Thread - 0] INFO  server.XceiverServerGrpc (XceiverServerGrpc.java:start(145)) - XceiverServerGrpc 22cc0f04-e09b-4cc9-bfb5-2feecdd2b0ba is started using port 35741
2020-06-24 17:10:49,519 [Datanode State Machine Thread - 0] INFO  ozoneimpl.OzoneContainer (OzoneContainer.java:start(232)) - Attempting to start container services.
2020-06-24 17:10:49,519 [Datanode State Machine Thread - 0] INFO  ozoneimpl.OzoneContainer (OzoneContainer.java:startContainerScrub(196)) - Background container scanner has been disabled.
2020-06-24 17:10:49,519 [Datanode State Machine Thread - 0] INFO  ratis.XceiverServerRatis (XceiverServerRatis.java:start(425)) - Starting XceiverServerRatis 668c5cee-c6dc-4a53-9204-5b2807b3c1a4 at port 0
2020-06-24 17:10:49,520 [Datanode State Machine Thread - 0] INFO  impl.RaftServerProxy (RaftServerProxy.java:lambda$start$3(304)) - 668c5cee-c6dc-4a53-9204-5b2807b3c1a4: start RPC server
2020-06-24 17:10:49,525 [Datanode State Machine Thread - 0] INFO  server.GrpcService (GrpcService.java:startImpl(160)) - 668c5cee-c6dc-4a53-9204-5b2807b3c1a4: GrpcService started, listening on 0.0.0.0/0.0.0.0:35055
2020-06-24 17:10:49,525 [Datanode State Machine Thread - 0] INFO  ratis.XceiverServerRatis (XceiverServerRatis.java:start(437)) - XceiverServerRatis 668c5cee-c6dc-4a53-9204-5b2807b3c1a4 is started using port 35055
2020-06-24 17:10:49,526 [Datanode State Machine Thread - 0] INFO  server.XceiverServerGrpc (XceiverServerGrpc.java:start(145)) - XceiverServerGrpc 668c5cee-c6dc-4a53-9204-5b2807b3c1a4 is started using port 44779
2020-06-24 17:10:49,590 [Datanode State Machine Thread - 0] INFO  ozoneimpl.OzoneContainer (OzoneContainer.java:start(232)) - Attempting to start container services.
2020-06-24 17:10:49,591 [Datanode State Machine Thread - 0] INFO  ozoneimpl.OzoneContainer (OzoneContainer.java:startContainerScrub(196)) - Background container scanner has been disabled.
2020-06-24 17:10:49,591 [Datanode State Machine Thread - 0] INFO  ratis.XceiverServerRatis (XceiverServerRatis.java:start(425)) - Starting XceiverServerRatis 6a2617bd-0d1c-4683-92c9-d4932b3f2669 at port 0
2020-06-24 17:10:49,592 [Datanode State Machine Thread - 0] INFO  impl.RaftServerProxy (RaftServerProxy.java:lambda$start$3(304)) - 6a2617bd-0d1c-4683-92c9-d4932b3f2669: start RPC server
2020-06-24 17:10:49,596 [Datanode State Machine Thread - 0] INFO  server.GrpcService (GrpcService.java:startImpl(160)) - 6a2617bd-0d1c-4683-92c9-d4932b3f2669: GrpcService started, listening on 0.0.0.0/0.0.0.0:36409
2020-06-24 17:10:49,596 [Datanode State Machine Thread - 0] INFO  ratis.XceiverServerRatis (XceiverServerRatis.java:start(437)) - XceiverServerRatis 6a2617bd-0d1c-4683-92c9-d4932b3f2669 is started using port 36409
2020-06-24 17:10:49,597 [Datanode State Machine Thread - 0] INFO  server.XceiverServerGrpc (XceiverServerGrpc.java:start(145)) - XceiverServerGrpc 6a2617bd-0d1c-4683-92c9-d4932b3f2669 is started using port 37125
2020-06-24 17:10:49,644 [Listener at 127.0.0.1/39213] INFO  ozone.MiniOzoneClusterImpl (MiniOzoneClusterImpl.java:lambda$waitForClusterToBeReady$0(177)) - Waiting for nodes to be ready. Got 0 of 10 DN Heartbeats.
2020-06-24 17:10:49,645 [Listener at 127.0.0.1/39213] INFO  ozone.MiniOzoneClusterImpl (MiniOzoneClusterImpl.java:lambda$waitForClusterToBeReady$0(180)) - Waiting for cluster to exit safe mode
2020-06-24 17:10:49,651 [Datanode State Machine Thread - 0] INFO  ozoneimpl.OzoneContainer (OzoneContainer.java:start(232)) - Attempting to start container services.
2020-06-24 17:10:49,652 [Datanode State Machine Thread - 0] INFO  ozoneimpl.OzoneContainer (OzoneContainer.java:startContainerScrub(196)) - Background container scanner has been disabled.
2020-06-24 17:10:49,652 [Datanode State Machine Thread - 0] INFO  ratis.XceiverServerRatis (XceiverServerRatis.java:start(425)) - Starting XceiverServerRatis fa89d047-e78b-443f-9362-d24b5ddcd122 at port 0
2020-06-24 17:10:49,653 [Datanode State Machine Thread - 0] INFO  impl.RaftServerProxy (RaftServerProxy.java:lambda$start$3(304)) - fa89d047-e78b-443f-9362-d24b5ddcd122: start RPC server
2020-06-24 17:10:49,655 [Datanode State Machine Thread - 0] INFO  server.GrpcService (GrpcService.java:startImpl(160)) - fa89d047-e78b-443f-9362-d24b5ddcd122: GrpcService started, listening on 0.0.0.0/0.0.0.0:36271
2020-06-24 17:10:49,655 [Datanode State Machine Thread - 0] INFO  ratis.XceiverServerRatis (XceiverServerRatis.java:start(437)) - XceiverServerRatis fa89d047-e78b-443f-9362-d24b5ddcd122 is started using port 36271
2020-06-24 17:10:49,662 [Datanode State Machine Thread - 0] INFO  server.XceiverServerGrpc (XceiverServerGrpc.java:start(145)) - XceiverServerGrpc fa89d047-e78b-443f-9362-d24b5ddcd122 is started using port 42877
2020-06-24 17:10:50,645 [Listener at 127.0.0.1/39213] INFO  ozone.MiniOzoneClusterImpl (MiniOzoneClusterImpl.java:lambda$waitForClusterToBeReady$0(177)) - Waiting for nodes to be ready. Got 0 of 10 DN Heartbeats.
2020-06-24 17:10:50,645 [Listener at 127.0.0.1/39213] INFO  ozone.MiniOzoneClusterImpl (MiniOzoneClusterImpl.java:lambda$waitForClusterToBeReady$0(180)) - Waiting for cluster to exit safe mode
2020-06-24 17:10:50,936 [IPC Server handler 9 on default port 39375] INFO  net.NetworkTopology (NetworkTopologyImpl.java:add(111)) - Added a new node: /default-rack/901834b2-99ef-48e6-a81c-aba752cc936b
2020-06-24 17:10:50,936 [IPC Server handler 9 on default port 39375] INFO  node.SCMNodeManager (SCMNodeManager.java:register(268)) - Registered Data node : 901834b2-99ef-48e6-a81c-aba752cc936b{ip: 172.17.0.2, host: ff49ff68588e, networkLocation: /default-rack, certSerialId: null}
2020-06-24 17:10:50,941 [EventQueue-NodeRegistrationContainerReportForContainerSafeModeRule] INFO  safemode.SCMSafeModeManager (SCMSafeModeManager.java:validateSafeModeExitRules(214)) - ContainerSafeModeRule rule is successfully validated
2020-06-24 17:10:50,942 [EventQueue-NodeRegistrationContainerReportForDataNodeSafeModeRule] INFO  safemode.SCMSafeModeManager (DataNodeSafeModeRule.java:process(71)) - SCM in safe mode. 1 DataNodes registered, 1 required.
2020-06-24 17:10:50,942 [EventQueue-NodeRegistrationContainerReportForDataNodeSafeModeRule] INFO  safemode.SCMSafeModeManager (SCMSafeModeManager.java:validateSafeModeExitRules(214)) - DataNodeSafeModeRule rule is successfully validated
2020-06-24 17:10:50,942 [EventQueue-NodeRegistrationContainerReportForDataNodeSafeModeRule] INFO  safemode.SCMSafeModeManager (SCMSafeModeManager.java:completePreCheck(242)) - All SCM safe mode pre check rules have passed
2020-06-24 17:10:50,952 [RatisPipelineUtilsThread] INFO  pipeline.RatisPipelineProvider (RatisPipelineProvider.java:lambda$create$0(138)) - Sending CreatePipelineCommand for pipeline:PipelineID=f61c9445-d636-477e-bd48-7d26af55eb67 to datanode:901834b2-99ef-48e6-a81c-aba752cc936b
2020-06-24 17:10:50,965 [RatisPipelineUtilsThread] INFO  pipeline.PipelineStateManager (PipelineStateManager.java:addPipeline(54)) - Created pipeline Pipeline[ Id: f61c9445-d636-477e-bd48-7d26af55eb67, Nodes: 901834b2-99ef-48e6-a81c-aba752cc936b{ip: 172.17.0.2, host: ff49ff68588e, networkLocation: /default-rack, certSerialId: null}, Type:RATIS, Factor:ONE, State:ALLOCATED, leaderId:, CreationTimestamp2020-06-24T17:10:50.947Z]
2020-06-24 17:10:50,967 [RatisPipelineUtilsThread] ERROR pipeline.SCMPipelineManager (SCMPipelineManager.java:createPipeline(222)) - Failed to create pipeline of type RATIS and factor ONE. Exception: Cannot create pipeline of factor 1 using 0 nodes. Used 1 nodes. Healthy nodes 1
2020-06-24 17:10:50,967 [RatisPipelineUtilsThread] WARN  pipeline.PipelinePlacementPolicy (PipelinePlacementPolicy.java:filterViableNodes(133)) - Pipeline creation failed due to no sufficient healthy datanodes. Required 3. Found 1.
2020-06-24 17:10:50,967 [RatisPipelineUtilsThread] ERROR pipeline.SCMPipelineManager (SCMPipelineManager.java:createPipeline(222)) - Failed to create pipeline of type RATIS and factor THREE. Exception: Pipeline creation failed due to no sufficient healthy datanodes. Required 3. Found 1.
2020-06-24 17:10:51,067 [IPC Server handler 1 on default port 39375] INFO  net.NetworkTopology (NetworkTopologyImpl.java:add(111)) - Added a new node: /default-rack/abd1f0dd-6a7c-459f-aa66-bfbee4a0afa9
2020-06-24 17:10:51,068 [IPC Server handler 1 on default port 39375] INFO  node.SCMNodeManager (SCMNodeManager.java:register(268)) - Registered Data node : abd1f0dd-6a7c-459f-aa66-bfbee4a0afa9{ip: 172.17.0.2, host: ff49ff68588e, networkLocation: /default-rack, certSerialId: null}
2020-06-24 17:10:51,069 [EventQueue-NodeRegistrationContainerReportForContainerSafeModeRule] INFO  safemode.SCMSafeModeManager (SCMSafeModeManager.java:validateSafeModeExitRules(214)) - ContainerSafeModeRule rule is successfully validated
2020-06-24 17:10:51,069 [EventQueue-NodeRegistrationContainerReportForDataNodeSafeModeRule] INFO  safemode.SCMSafeModeManager (SCMSafeModeManager.java:validateSafeModeExitRules(214)) - DataNodeSafeModeRule rule is successfully validated
2020-06-24 17:10:51,072 [RatisPipelineUtilsThread] INFO  pipeline.RatisPipelineProvider (RatisPipelineProvider.java:lambda$create$0(138)) - Sending CreatePipelineCommand for pipeline:PipelineID=9755bfe7-8ad5-489b-948c-13763bc3ad28 to datanode:abd1f0dd-6a7c-459f-aa66-bfbee4a0afa9
2020-06-24 17:10:51,073 [RatisPipelineUtilsThread] INFO  pipeline.PipelineStateManager (PipelineStateManager.java:addPipeline(54)) - Created pipeline Pipeline[ Id: 9755bfe7-8ad5-489b-948c-13763bc3ad28, Nodes: abd1f0dd-6a7c-459f-aa66-bfbee4a0afa9{ip: 172.17.0.2, host: ff49ff68588e, networkLocation: /default-rack, certSerialId: null}, Type:RATIS, Factor:ONE, State:ALLOCATED, leaderId:, CreationTimestamp2020-06-24T17:10:51.072Z]
2020-06-24 17:10:51,073 [RatisPipelineUtilsThread] ERROR pipeline.SCMPipelineManager (SCMPipelineManager.java:createPipeline(222)) - Failed to create pipeline of type RATIS and factor ONE. Exception: Cannot create pipeline of factor 1 using 0 nodes. Used 2 nodes. Healthy nodes 2
2020-06-24 17:10:51,074 [RatisPipelineUtilsThread] WARN  pipeline.PipelinePlacementPolicy (PipelinePlacementPolicy.java:filterViableNodes(133)) - Pipeline creation failed due to no sufficient healthy datanodes. Required 3. Found 2.
2020-06-24 17:10:51,074 [RatisPipelineUtilsThread] ERROR pipeline.SCMPipelineManager (SCMPipelineManager.java:createPipeline(222)) - Failed to create pipeline of type RATIS and factor THREE. Exception: Pipeline creation failed due to no sufficient healthy datanodes. Required 3. Found 2.
2020-06-24 17:10:51,152 [IPC Server handler 4 on default port 39375] INFO  net.NetworkTopology (NetworkTopologyImpl.java:add(111)) - Added a new node: /default-rack/a7ff2e02-4aae-4e37-b42b-37dd0693648b
2020-06-24 17:10:51,152 [IPC Server handler 4 on default port 39375] INFO  node.SCMNodeManager (SCMNodeManager.java:register(268)) - Registered Data node : a7ff2e02-4aae-4e37-b42b-37dd0693648b{ip: 172.17.0.2, host: ff49ff68588e, networkLocation: /default-rack, certSerialId: null}
2020-06-24 17:10:51,153 [RatisPipelineUtilsThread] INFO  pipeline.RatisPipelineProvider (RatisPipelineProvider.java:lambda$create$0(138)) - Sending CreatePipelineCommand for pipeline:PipelineID=48091301-8442-4af3-80c5-64416489e5cf to datanode:a7ff2e02-4aae-4e37-b42b-37dd0693648b
2020-06-24 17:10:51,153 [EventQueue-NodeRegistrationContainerReportForDataNodeSafeModeRule] INFO  safemode.SCMSafeModeManager (SCMSafeModeManager.java:validateSafeModeExitRules(214)) - DataNodeSafeModeRule rule is successfully validated
2020-06-24 17:10:51,153 [EventQueue-NodeRegistrationContainerReportForContainerSafeModeRule] INFO  safemode.SCMSafeModeManager (SCMSafeModeManager.java:validateSafeModeExitRules(214)) - ContainerSafeModeRule rule is successfully validated
2020-06-24 17:10:51,154 [RatisPipelineUtilsThread] INFO  pipeline.PipelineStateManager (PipelineStateManager.java:addPipeline(54)) - Created pipeline Pipeline[ Id: 48091301-8442-4af3-80c5-64416489e5cf, Nodes: a7ff2e02-4aae-4e37-b42b-37dd0693648b{ip: 172.17.0.2, host: ff49ff68588e, networkLocation: /default-rack, certSerialId: null}, Type:RATIS, Factor:ONE, State:ALLOCATED, leaderId:, CreationTimestamp2020-06-24T17:10:51.152Z]
2020-06-24 17:10:51,154 [RatisPipelineUtilsThread] ERROR pipeline.SCMPipelineManager (SCMPipelineManager.java:createPipeline(222)) - Failed to create pipeline of type RATIS and factor ONE. Exception: Cannot create pipeline of factor 1 using 0 nodes. Used 3 nodes. Healthy nodes 3
2020-06-24 17:10:51,158 [RatisPipelineUtilsThread] INFO  pipeline.RatisPipelineProvider (RatisPipelineProvider.java:lambda$create$0(138)) - Sending CreatePipelineCommand for pipeline:PipelineID=64128139-cca4-47e5-bbfc-18b92834d587 to datanode:a7ff2e02-4aae-4e37-b42b-37dd0693648b
2020-06-24 17:10:51,158 [RatisPipelineUtilsThread] INFO  pipeline.RatisPipelineProvider (RatisPipelineProvider.java:lambda$create$0(138)) - Sending CreatePipelineCommand for pipeline:PipelineID=64128139-cca4-47e5-bbfc-18b92834d587 to datanode:abd1f0dd-6a7c-459f-aa66-bfbee4a0afa9
2020-06-24 17:10:51,158 [RatisPipelineUtilsThread] INFO  pipeline.RatisPipelineProvider (RatisPipelineProvider.java:lambda$create$0(138)) - Sending CreatePipelineCommand for pipeline:PipelineID=64128139-cca4-47e5-bbfc-18b92834d587 to datanode:901834b2-99ef-48e6-a81c-aba752cc936b
2020-06-24 17:10:51,158 [RatisPipelineUtilsThread] INFO  pipeline.PipelineStateManager (PipelineStateManager.java:addPipeline(54)) - Created pipeline Pipeline[ Id: 64128139-cca4-47e5-bbfc-18b92834d587, Nodes: a7ff2e02-4aae-4e37-b42b-37dd0693648b{ip: 172.17.0.2, host: ff49ff68588e, networkLocation: /default-rack, certSerialId: null}abd1f0dd-6a7c-459f-aa66-bfbee4a0afa9{ip: 172.17.0.2, host: ff49ff68588e, networkLocation: /default-rack, certSerialId: null}901834b2-99ef-48e6-a81c-aba752cc936b{ip: 172.17.0.2, host: ff49ff68588e, networkLocation: /default-rack, certSerialId: null}, Type:RATIS, Factor:THREE, State:ALLOCATED, leaderId:, CreationTimestamp2020-06-24T17:10:51.158Z]
2020-06-24 17:10:51,159 [RatisPipelineUtilsThread] ERROR pipeline.SCMPipelineManager (SCMPipelineManager.java:createPipeline(222)) - Failed to create pipeline of type RATIS and factor THREE. Exception: Pipeline creation failed because nodes are engaged in other pipelines and every node can only be engaged in max 2 pipelines. Required 3. Found 0
2020-06-24 17:10:51,211 [IPC Server handler 5 on default port 39375] INFO  net.NetworkTopology (NetworkTopologyImpl.java:add(111)) - Added a new node: /default-rack/b668f7d5-a6b7-44bf-8278-608be9500c84
2020-06-24 17:10:51,212 [IPC Server handler 5 on default port 39375] INFO  node.SCMNodeManager (SCMNodeManager.java:register(268)) - Registered Data node : b668f7d5-a6b7-44bf-8278-608be9500c84{ip: 172.17.0.2, host: ff49ff68588e, networkLocation: /default-rack, certSerialId: null}
2020-06-24 17:10:51,213 [RatisPipelineUtilsThread] INFO  pipeline.RatisPipelineProvider (RatisPipelineProvider.java:lambda$create$0(138)) - Sending CreatePipelineCommand for pipeline:PipelineID=322477ff-1944-410b-ba1d-ed6a29dfdfae to datanode:b668f7d5-a6b7-44bf-8278-608be9500c84
2020-06-24 17:10:51,213 [EventQueue-NodeRegistrationContainerReportForContainerSafeModeRule] INFO  safemode.SCMSafeModeManager (SCMSafeModeManager.java:validateSafeModeExitRules(214)) - ContainerSafeModeRule rule is successfully validated
2020-06-24 17:10:51,214 [EventQueue-NodeRegistrationContainerReportForDataNodeSafeModeRule] INFO  safemode.SCMSafeModeManager (SCMSafeModeManager.java:validateSafeModeExitRules(214)) - DataNodeSafeModeRule rule is successfully validated
2020-06-24 17:10:51,215 [RatisPipelineUtilsThread] INFO  pipeline.PipelineStateManager (PipelineStateManager.java:addPipeline(54)) - Created pipeline Pipeline[ Id: 322477ff-1944-410b-ba1d-ed6a29dfdfae, Nodes: b668f7d5-a6b7-44bf-8278-608be9500c84{ip: 172.17.0.2, host: ff49ff68588e, networkLocation: /default-rack, certSerialId: null}, Type:RATIS, Factor:ONE, State:ALLOCATED, leaderId:, CreationTimestamp2020-06-24T17:10:51.213Z]
2020-06-24 17:10:51,215 [RatisPipelineUtilsThread] ERROR pipeline.SCMPipelineManager (SCMPipelineManager.java:createPipeline(222)) - Failed to create pipeline of type RATIS and factor ONE. Exception: Cannot create pipeline of factor 1 using 0 nodes. Used 4 nodes. Healthy nodes 4
2020-06-24 17:10:51,215 [RatisPipelineUtilsThread] ERROR pipeline.SCMPipelineManager (SCMPipelineManager.java:createPipeline(222)) - Failed to create pipeline of type RATIS and factor THREE. Exception: Pipeline creation failed because nodes are engaged in other pipelines and every node can only be engaged in max 2 pipelines. Required 3. Found 1
2020-06-24 17:10:51,291 [IPC Server handler 6 on default port 39375] INFO  net.NetworkTopology (NetworkTopologyImpl.java:add(111)) - Added a new node: /default-rack/2b7adba8-1059-44f9-97bc-2868c192e760
2020-06-24 17:10:51,291 [IPC Server handler 6 on default port 39375] INFO  node.SCMNodeManager (SCMNodeManager.java:register(268)) - Registered Data node : 2b7adba8-1059-44f9-97bc-2868c192e760{ip: 172.17.0.2, host: ff49ff68588e, networkLocation: /default-rack, certSerialId: null}
2020-06-24 17:10:51,292 [EventQueue-NodeRegistrationContainerReportForContainerSafeModeRule] INFO  safemode.SCMSafeModeManager (SCMSafeModeManager.java:validateSafeModeExitRules(214)) - ContainerSafeModeRule rule is successfully validated
2020-06-24 17:10:51,292 [EventQueue-NodeRegistrationContainerReportForDataNodeSafeModeRule] INFO  safemode.SCMSafeModeManager (SCMSafeModeManager.java:validateSafeModeExitRules(214)) - DataNodeSafeModeRule rule is successfully validated
2020-06-24 17:10:51,293 [RatisPipelineUtilsThread] INFO  pipeline.RatisPipelineProvider (RatisPipelineProvider.java:lambda$create$0(138)) - Sending CreatePipelineCommand for pipeline:PipelineID=63d7e702-853d-429a-8ffc-0f9e779b3284 to datanode:2b7adba8-1059-44f9-97bc-2868c192e760
2020-06-24 17:10:51,294 [RatisPipelineUtilsThread] INFO  pipeline.PipelineStateManager (PipelineStateManager.java:addPipeline(54)) - Created pipeline Pipeline[ Id: 63d7e702-853d-429a-8ffc-0f9e779b3284, Nodes: 2b7adba8-1059-44f9-97bc-2868c192e760{ip: 172.17.0.2, host: ff49ff68588e, networkLocation: /default-rack, certSerialId: null}, Type:RATIS, Factor:ONE, State:ALLOCATED, leaderId:, CreationTimestamp2020-06-24T17:10:51.293Z]
2020-06-24 17:10:51,294 [RatisPipelineUtilsThread] ERROR pipeline.SCMPipelineManager (SCMPipelineManager.java:createPipeline(222)) - Failed to create pipeline of type RATIS and factor ONE. Exception: Cannot create pipeline of factor 1 using 0 nodes. Used 5 nodes. Healthy nodes 5
2020-06-24 17:10:51,295 [RatisPipelineUtilsThread] ERROR pipeline.SCMPipelineManager (SCMPipelineManager.java:createPipeline(222)) - Failed to create pipeline of type RATIS and factor THREE. Exception: Pipeline creation failed because nodes are engaged in other pipelines and every node can only be engaged in max 2 pipelines. Required 3. Found 2
2020-06-24 17:10:51,370 [IPC Server handler 7 on default port 39375] INFO  net.NetworkTopology (NetworkTopologyImpl.java:add(111)) - Added a new node: /default-rack/afb85034-fb37-497e-9144-3e9dc86fd25a
2020-06-24 17:10:51,371 [IPC Server handler 7 on default port 39375] INFO  node.SCMNodeManager (SCMNodeManager.java:register(268)) - Registered Data node : afb85034-fb37-497e-9144-3e9dc86fd25a{ip: 172.17.0.2, host: ff49ff68588e, networkLocation: /default-rack, certSerialId: null}
2020-06-24 17:10:51,371 [RatisPipelineUtilsThread] INFO  pipeline.RatisPipelineProvider (RatisPipelineProvider.java:lambda$create$0(138)) - Sending CreatePipelineCommand for pipeline:PipelineID=b5cf8d53-ffe4-427c-88ed-4bba62028cd3 to datanode:afb85034-fb37-497e-9144-3e9dc86fd25a
2020-06-24 17:10:51,371 [EventQueue-NodeRegistrationContainerReportForContainerSafeModeRule] INFO  safemode.SCMSafeModeManager (SCMSafeModeManager.java:validateSafeModeExitRules(214)) - ContainerSafeModeRule rule is successfully validated
2020-06-24 17:10:51,372 [EventQueue-NodeRegistrationContainerReportForDataNodeSafeModeRule] INFO  safemode.SCMSafeModeManager (SCMSafeModeManager.java:validateSafeModeExitRules(214)) - DataNodeSafeModeRule rule is successfully validated
2020-06-24 17:10:51,372 [RatisPipelineUtilsThread] INFO  pipeline.PipelineStateManager (PipelineStateManager.java:addPipeline(54)) - Created pipeline Pipeline[ Id: b5cf8d53-ffe4-427c-88ed-4bba62028cd3, Nodes: afb85034-fb37-497e-9144-3e9dc86fd25a{ip: 172.17.0.2, host: ff49ff68588e, networkLocation: /default-rack, certSerialId: null}, Type:RATIS, Factor:ONE, State:ALLOCATED, leaderId:, CreationTimestamp2020-06-24T17:10:51.371Z]
2020-06-24 17:10:51,374 [RatisPipelineUtilsThread] ERROR pipeline.SCMPipelineManager (SCMPipelineManager.java:createPipeline(222)) - Failed to create pipeline of type RATIS and factor ONE. Exception: Cannot create pipeline of factor 1 using 0 nodes. Used 6 nodes. Healthy nodes 6
2020-06-24 17:10:51,374 [RatisPipelineUtilsThread] INFO  pipeline.RatisPipelineProvider (RatisPipelineProvider.java:lambda$create$0(138)) - Sending CreatePipelineCommand for pipeline:PipelineID=7913204f-831d-4a06-a975-fdfceaaeb032 to datanode:b668f7d5-a6b7-44bf-8278-608be9500c84
2020-06-24 17:10:51,375 [RatisPipelineUtilsThread] INFO  pipeline.RatisPipelineProvider (RatisPipelineProvider.java:lambda$create$0(138)) - Sending CreatePipelineCommand for pipeline:PipelineID=7913204f-831d-4a06-a975-fdfceaaeb032 to datanode:2b7adba8-1059-44f9-97bc-2868c192e760
2020-06-24 17:10:51,375 [RatisPipelineUtilsThread] INFO  pipeline.RatisPipelineProvider (RatisPipelineProvider.java:lambda$create$0(138)) - Sending CreatePipelineCommand for pipeline:PipelineID=7913204f-831d-4a06-a975-fdfceaaeb032 to datanode:afb85034-fb37-497e-9144-3e9dc86fd25a
2020-06-24 17:10:51,375 [RatisPipelineUtilsThread] INFO  pipeline.PipelineStateManager (PipelineStateManager.java:addPipeline(54)) - Created pipeline Pipeline[ Id: 7913204f-831d-4a06-a975-fdfceaaeb032, Nodes: b668f7d5-a6b7-44bf-8278-608be9500c84{ip: 172.17.0.2, host: ff49ff68588e, networkLocation: /default-rack, certSerialId: null}2b7adba8-1059-44f9-97bc-2868c192e760{ip: 172.17.0.2, host: ff49ff68588e, networkLocation: /default-rack, certSerialId: null}afb85034-fb37-497e-9144-3e9dc86fd25a{ip: 172.17.0.2, host: ff49ff68588e, networkLocation: /default-rack, certSerialId: null}, Type:RATIS, Factor:THREE, State:ALLOCATED, leaderId:, CreationTimestamp2020-06-24T17:10:51.374Z]
2020-06-24 17:10:51,376 [RatisPipelineUtilsThread] ERROR pipeline.SCMPipelineManager (SCMPipelineManager.java:createPipeline(222)) - Failed to create pipeline of type RATIS and factor THREE. Exception: Pipeline creation failed because nodes are engaged in other pipelines and every node can only be engaged in max 2 pipelines. Required 3. Found 0
2020-06-24 17:10:51,456 [IPC Server handler 2 on default port 39375] INFO  net.NetworkTopology (NetworkTopologyImpl.java:add(111)) - Added a new node: /default-rack/22cc0f04-e09b-4cc9-bfb5-2feecdd2b0ba
2020-06-24 17:10:51,457 [IPC Server handler 2 on default port 39375] INFO  node.SCMNodeManager (SCMNodeManager.java:register(268)) - Registered Data node : 22cc0f04-e09b-4cc9-bfb5-2feecdd2b0ba{ip: 172.17.0.2, host: ff49ff68588e, networkLocation: /default-rack, certSerialId: null}
2020-06-24 17:10:51,458 [EventQueue-NodeRegistrationContainerReportForContainerSafeModeRule] INFO  safemode.SCMSafeModeManager (SCMSafeModeManager.java:validateSafeModeExitRules(214)) - ContainerSafeModeRule rule is successfully validated
2020-06-24 17:10:51,458 [EventQueue-NodeRegistrationContainerReportForDataNodeSafeModeRule] INFO  safemode.SCMSafeModeManager (SCMSafeModeManager.java:validateSafeModeExitRules(214)) - DataNodeSafeModeRule rule is successfully validated
2020-06-24 17:10:51,458 [RatisPipelineUtilsThread] INFO  pipeline.RatisPipelineProvider (RatisPipelineProvider.java:lambda$create$0(138)) - Sending CreatePipelineCommand for pipeline:PipelineID=7808b268-e1c2-400c-9d9d-daf47b64bedb to datanode:22cc0f04-e09b-4cc9-bfb5-2feecdd2b0ba
2020-06-24 17:10:51,459 [RatisPipelineUtilsThread] INFO  pipeline.PipelineStateManager (PipelineStateManager.java:addPipeline(54)) - Created pipeline Pipeline[ Id: 7808b268-e1c2-400c-9d9d-daf47b64bedb, Nodes: 22cc0f04-e09b-4cc9-bfb5-2feecdd2b0ba{ip: 172.17.0.2, host: ff49ff68588e, networkLocation: /default-rack, certSerialId: null}, Type:RATIS, Factor:ONE, State:ALLOCATED, leaderId:, CreationTimestamp2020-06-24T17:10:51.458Z]
2020-06-24 17:10:51,459 [RatisPipelineUtilsThread] ERROR pipeline.SCMPipelineManager (SCMPipelineManager.java:createPipeline(222)) - Failed to create pipeline of type RATIS and factor ONE. Exception: Cannot create pipeline of factor 1 using 0 nodes. Used 7 nodes. Healthy nodes 7
2020-06-24 17:10:51,459 [RatisPipelineUtilsThread] ERROR pipeline.SCMPipelineManager (SCMPipelineManager.java:createPipeline(222)) - Failed to create pipeline of type RATIS and factor THREE. Exception: Pipeline creation failed because nodes are engaged in other pipelines and every node can only be engaged in max 2 pipelines. Required 3. Found 1
2020-06-24 17:10:51,518 [IPC Server handler 3 on default port 39375] INFO  net.NetworkTopology (NetworkTopologyImpl.java:add(111)) - Added a new node: /default-rack/668c5cee-c6dc-4a53-9204-5b2807b3c1a4
2020-06-24 17:10:51,518 [IPC Server handler 3 on default port 39375] INFO  node.SCMNodeManager (SCMNodeManager.java:register(268)) - Registered Data node : 668c5cee-c6dc-4a53-9204-5b2807b3c1a4{ip: 172.17.0.2, host: ff49ff68588e, networkLocation: /default-rack, certSerialId: null}
2020-06-24 17:10:51,518 [EventQueue-NodeRegistrationContainerReportForDataNodeSafeModeRule] INFO  safemode.SCMSafeModeManager (SCMSafeModeManager.java:validateSafeModeExitRules(214)) - DataNodeSafeModeRule rule is successfully validated
2020-06-24 17:10:51,518 [EventQueue-NodeRegistrationContainerReportForContainerSafeModeRule] INFO  safemode.SCMSafeModeManager (SCMSafeModeManager.java:validateSafeModeExitRules(214)) - ContainerSafeModeRule rule is successfully validated
2020-06-24 17:10:51,519 [RatisPipelineUtilsThread] INFO  pipeline.RatisPipelineProvider (RatisPipelineProvider.java:lambda$create$0(138)) - Sending CreatePipelineCommand for pipeline:PipelineID=bc6b6131-7aa8-4274-9b03-9df0888054ae to datanode:668c5cee-c6dc-4a53-9204-5b2807b3c1a4
2020-06-24 17:10:51,519 [RatisPipelineUtilsThread] INFO  pipeline.PipelineStateManager (PipelineStateManager.java:addPipeline(54)) - Created pipeline Pipeline[ Id: bc6b6131-7aa8-4274-9b03-9df0888054ae, Nodes: 668c5cee-c6dc-4a53-9204-5b2807b3c1a4{ip: 172.17.0.2, host: ff49ff68588e, networkLocation: /default-rack, certSerialId: null}, Type:RATIS, Factor:ONE, State:ALLOCATED, leaderId:, CreationTimestamp2020-06-24T17:10:51.519Z]
2020-06-24 17:10:51,520 [RatisPipelineUtilsThread] ERROR pipeline.SCMPipelineManager (SCMPipelineManager.java:createPipeline(222)) - Failed to create pipeline of type RATIS and factor ONE. Exception: Cannot create pipeline of factor 1 using 0 nodes. Used 8 nodes. Healthy nodes 8
2020-06-24 17:10:51,522 [RatisPipelineUtilsThread] ERROR pipeline.SCMPipelineManager (SCMPipelineManager.java:createPipeline(222)) - Failed to create pipeline of type RATIS and factor THREE. Exception: Pipeline creation failed because nodes are engaged in other pipelines and every node can only be engaged in max 2 pipelines. Required 3. Found 2
2020-06-24 17:10:51,589 [IPC Server handler 10 on default port 39375] INFO  net.NetworkTopology (NetworkTopologyImpl.java:add(111)) - Added a new node: /default-rack/6a2617bd-0d1c-4683-92c9-d4932b3f2669
2020-06-24 17:10:51,589 [IPC Server handler 10 on default port 39375] INFO  node.SCMNodeManager (SCMNodeManager.java:register(268)) - Registered Data node : 6a2617bd-0d1c-4683-92c9-d4932b3f2669{ip: 172.17.0.2, host: ff49ff68588e, networkLocation: /default-rack, certSerialId: null}
2020-06-24 17:10:51,589 [EventQueue-NodeRegistrationContainerReportForContainerSafeModeRule] INFO  safemode.SCMSafeModeManager (SCMSafeModeManager.java:validateSafeModeExitRules(214)) - ContainerSafeModeRule rule is successfully validated
2020-06-24 17:10:51,589 [EventQueue-NodeRegistrationContainerReportForDataNodeSafeModeRule] INFO  safemode.SCMSafeModeManager (SCMSafeModeManager.java:validateSafeModeExitRules(214)) - DataNodeSafeModeRule rule is successfully validated
2020-06-24 17:10:51,590 [RatisPipelineUtilsThread] INFO  pipeline.RatisPipelineProvider (RatisPipelineProvider.java:lambda$create$0(138)) - Sending CreatePipelineCommand for pipeline:PipelineID=aad5d469-70e0-4721-bac4-9bf1e01bbaa3 to datanode:6a2617bd-0d1c-4683-92c9-d4932b3f2669
2020-06-24 17:10:51,590 [RatisPipelineUtilsThread] INFO  pipeline.PipelineStateManager (PipelineStateManager.java:addPipeline(54)) - Created pipeline Pipeline[ Id: aad5d469-70e0-4721-bac4-9bf1e01bbaa3, Nodes: 6a2617bd-0d1c-4683-92c9-d4932b3f2669{ip: 172.17.0.2, host: ff49ff68588e, networkLocation: /default-rack, certSerialId: null}, Type:RATIS, Factor:ONE, State:ALLOCATED, leaderId:, CreationTimestamp2020-06-24T17:10:51.589Z]
2020-06-24 17:10:51,590 [RatisPipelineUtilsThread] ERROR pipeline.SCMPipelineManager (SCMPipelineManager.java:createPipeline(222)) - Failed to create pipeline of type RATIS and factor ONE. Exception: Cannot create pipeline of factor 1 using 0 nodes. Used 9 nodes. Healthy nodes 9
2020-06-24 17:10:51,591 [RatisPipelineUtilsThread] INFO  pipeline.RatisPipelineProvider (RatisPipelineProvider.java:lambda$create$0(138)) - Sending CreatePipelineCommand for pipeline:PipelineID=1b81931c-1f4f-4b91-9021-a2d9f502ab5e to datanode:668c5cee-c6dc-4a53-9204-5b2807b3c1a4
2020-06-24 17:10:51,591 [RatisPipelineUtilsThread] INFO  pipeline.RatisPipelineProvider (RatisPipelineProvider.java:lambda$create$0(138)) - Sending CreatePipelineCommand for pipeline:PipelineID=1b81931c-1f4f-4b91-9021-a2d9f502ab5e to datanode:6a2617bd-0d1c-4683-92c9-d4932b3f2669
2020-06-24 17:10:51,591 [RatisPipelineUtilsThread] INFO  pipeline.RatisPipelineProvider (RatisPipelineProvider.java:lambda$create$0(138)) - Sending CreatePipelineCommand for pipeline:PipelineID=1b81931c-1f4f-4b91-9021-a2d9f502ab5e to datanode:22cc0f04-e09b-4cc9-bfb5-2feecdd2b0ba
2020-06-24 17:10:51,591 [RatisPipelineUtilsThread] INFO  pipeline.PipelineStateManager (PipelineStateManager.java:addPipeline(54)) - Created pipeline Pipeline[ Id: 1b81931c-1f4f-4b91-9021-a2d9f502ab5e, Nodes: 668c5cee-c6dc-4a53-9204-5b2807b3c1a4{ip: 172.17.0.2, host: ff49ff68588e, networkLocation: /default-rack, certSerialId: null}6a2617bd-0d1c-4683-92c9-d4932b3f2669{ip: 172.17.0.2, host: ff49ff68588e, networkLocation: /default-rack, certSerialId: null}22cc0f04-e09b-4cc9-bfb5-2feecdd2b0ba{ip: 172.17.0.2, host: ff49ff68588e, networkLocation: /default-rack, certSerialId: null}, Type:RATIS, Factor:THREE, State:ALLOCATED, leaderId:, CreationTimestamp2020-06-24T17:10:51.591Z]
2020-06-24 17:10:51,592 [RatisPipelineUtilsThread] ERROR pipeline.SCMPipelineManager (SCMPipelineManager.java:createPipeline(222)) - Failed to create pipeline of type RATIS and factor THREE. Exception: Pipeline creation failed because nodes are engaged in other pipelines and every node can only be engaged in max 2 pipelines. Required 3. Found 0
2020-06-24 17:10:51,645 [Listener at 127.0.0.1/39213] INFO  ozone.MiniOzoneClusterImpl (MiniOzoneClusterImpl.java:lambda$waitForClusterToBeReady$0(177)) - Waiting for nodes to be ready. Got 9 of 10 DN Heartbeats.
2020-06-24 17:10:51,647 [Listener at 127.0.0.1/39213] INFO  ozone.MiniOzoneClusterImpl (MiniOzoneClusterImpl.java:lambda$waitForClusterToBeReady$0(180)) - Waiting for cluster to exit safe mode
2020-06-24 17:10:51,653 [IPC Server handler 9 on default port 39375] INFO  net.NetworkTopology (NetworkTopologyImpl.java:add(111)) - Added a new node: /default-rack/fa89d047-e78b-443f-9362-d24b5ddcd122
2020-06-24 17:10:51,653 [IPC Server handler 9 on default port 39375] INFO  node.SCMNodeManager (SCMNodeManager.java:register(268)) - Registered Data node : fa89d047-e78b-443f-9362-d24b5ddcd122{ip: 172.17.0.2, host: ff49ff68588e, networkLocation: /default-rack, certSerialId: null}
2020-06-24 17:10:51,653 [EventQueue-NodeRegistrationContainerReportForContainerSafeModeRule] INFO  safemode.SCMSafeModeManager (SCMSafeModeManager.java:validateSafeModeExitRules(214)) - ContainerSafeModeRule rule is successfully validated
2020-06-24 17:10:51,653 [EventQueue-NodeRegistrationContainerReportForDataNodeSafeModeRule] INFO  safemode.SCMSafeModeManager (SCMSafeModeManager.java:validateSafeModeExitRules(214)) - DataNodeSafeModeRule rule is successfully validated
2020-06-24 17:10:51,654 [RatisPipelineUtilsThread] INFO  pipeline.RatisPipelineProvider (RatisPipelineProvider.java:lambda$create$0(138)) - Sending CreatePipelineCommand for pipeline:PipelineID=50159378-f011-43c6-893d-468d40cd44e3 to datanode:fa89d047-e78b-443f-9362-d24b5ddcd122
2020-06-24 17:10:51,654 [RatisPipelineUtilsThread] INFO  pipeline.PipelineStateManager (PipelineStateManager.java:addPipeline(54)) - Created pipeline Pipeline[ Id: 50159378-f011-43c6-893d-468d40cd44e3, Nodes: fa89d047-e78b-443f-9362-d24b5ddcd122{ip: 172.17.0.2, host: ff49ff68588e, networkLocation: /default-rack, certSerialId: null}, Type:RATIS, Factor:ONE, State:ALLOCATED, leaderId:, CreationTimestamp2020-06-24T17:10:51.654Z]
2020-06-24 17:10:51,655 [RatisPipelineUtilsThread] ERROR pipeline.SCMPipelineManager (SCMPipelineManager.java:createPipeline(222)) - Failed to create pipeline of type RATIS and factor ONE. Exception: Cannot create pipeline of factor 1 using 0 nodes. Used 10 nodes. Healthy nodes 10
2020-06-24 17:10:51,655 [RatisPipelineUtilsThread] ERROR pipeline.SCMPipelineManager (SCMPipelineManager.java:createPipeline(222)) - Failed to create pipeline of type RATIS and factor THREE. Exception: Pipeline creation failed because nodes are engaged in other pipelines and every node can only be engaged in max 2 pipelines. Required 3. Found 1
2020-06-24 17:10:52,647 [Listener at 127.0.0.1/39213] INFO  ozone.MiniOzoneClusterImpl (MiniOzoneClusterImpl.java:lambda$waitForClusterToBeReady$0(177)) - Nodes are ready. Got 10 of 10 DN Heartbeats.
2020-06-24 17:10:52,647 [Listener at 127.0.0.1/39213] INFO  ozone.MiniOzoneClusterImpl (MiniOzoneClusterImpl.java:lambda$waitForClusterToBeReady$0(180)) - Waiting for cluster to exit safe mode
2020-06-24 17:10:53,648 [Listener at 127.0.0.1/39213] INFO  ozone.MiniOzoneClusterImpl (MiniOzoneClusterImpl.java:lambda$waitForClusterToBeReady$0(177)) - Nodes are ready. Got 10 of 10 DN Heartbeats.
2020-06-24 17:10:53,648 [Listener at 127.0.0.1/39213] INFO  ozone.MiniOzoneClusterImpl (MiniOzoneClusterImpl.java:lambda$waitForClusterToBeReady$0(180)) - Waiting for cluster to exit safe mode
2020-06-24 17:10:53,927 [Command processor thread] INFO  impl.RaftServerProxy (RaftServerProxy.java:addNew(89)) - 901834b2-99ef-48e6-a81c-aba752cc936b: addNew group-7D26AF55EB67:[901834b2-99ef-48e6-a81c-aba752cc936b:172.17.0.2:37855] returns group-7D26AF55EB67:java.util.concurrent.CompletableFuture@49417b02[Not completed]
2020-06-24 17:10:53,941 [pool-35-thread-1] INFO  impl.RaftServerImpl (RaftServerImpl.java:<init>(99)) - 901834b2-99ef-48e6-a81c-aba752cc936b: new RaftServerImpl for group-7D26AF55EB67:[901834b2-99ef-48e6-a81c-aba752cc936b:172.17.0.2:37855] with ContainerStateMachine:uninitialized
2020-06-24 17:10:53,942 [pool-35-thread-1] INFO  server.RaftServerConfigKeys (ConfUtils.java:logGet(44)) - raft.server.rpc.timeout.min = 5s (custom)
2020-06-24 17:10:53,942 [pool-35-thread-1] INFO  server.RaftServerConfigKeys (ConfUtils.java:logGet(44)) - raft.server.rpc.timeout.max = 5200ms (custom)
2020-06-24 17:10:53,942 [pool-35-thread-1] INFO  server.RaftServerConfigKeys (ConfUtils.java:logGet(44)) - raft.server.rpcslowness.timeout = 300s (custom)
2020-06-24 17:10:53,943 [pool-35-thread-1] INFO  server.RaftServerConfigKeys (ConfUtils.java:logGet(44)) - raft.server.sleep.deviation.threshold = 300 (default)
2020-06-24 17:10:53,943 [pool-35-thread-1] INFO  server.RaftServerConfigKeys (ConfUtils.java:logGet(44)) - raft.server.log.appender.install.snapshot.enabled = false (custom)
2020-06-24 17:10:53,949 [pool-35-thread-1] INFO  impl.RaftServerImpl (ServerState.java:<init>(103)) - 901834b2-99ef-48e6-a81c-aba752cc936b@group-7D26AF55EB67: ConfigurationManager, init=-1: [901834b2-99ef-48e6-a81c-aba752cc936b:172.17.0.2:37855], old=null, confs=<EMPTY_MAP>
2020-06-24 17:10:53,949 [pool-35-thread-1] INFO  server.RaftServerConfigKeys (ConfUtils.java:logGet(44)) - raft.server.storage.dir = [/github/workspace/mnt/ozone/hadoop-ozone/integration-test/target/test-dir/MiniOzoneClusterImpl-45b18ba1-9114-4b33-af64-cafa5396b779/datanode-0/data/ratis] (custom)
2020-06-24 17:10:53,953 [pool-35-thread-1] INFO  server.RaftServerConfigKeys (ConfUtils.java:logGet(44)) - raft.server.log.corruption.policy = EXCEPTION (default)
2020-06-24 17:10:53,954 [pool-35-thread-1] INFO  storage.RaftStorageDirectory (RaftStorageDirectory.java:analyzeStorage(261)) - The storage directory /github/workspace/mnt/ozone/hadoop-ozone/integration-test/target/test-dir/MiniOzoneClusterImpl-45b18ba1-9114-4b33-af64-cafa5396b779/datanode-0/data/ratis/f61c9445-d636-477e-bd48-7d26af55eb67 does not exist. Creating ...
2020-06-24 17:10:53,958 [pool-35-thread-1] INFO  storage.RaftStorageDirectory (RaftStorageDirectory.java:tryLock(343)) - Lock on /github/workspace/mnt/ozone/hadoop-ozone/integration-test/target/test-dir/MiniOzoneClusterImpl-45b18ba1-9114-4b33-af64-cafa5396b779/datanode-0/data/ratis/f61c9445-d636-477e-bd48-7d26af55eb67/in_use.lock acquired by nodename 8206@ff49ff68588e
2020-06-24 17:10:53,961 [pool-35-thread-1] INFO  storage.RaftStorage (RaftStorage.java:format(84)) - Storage directory /github/workspace/mnt/ozone/hadoop-ozone/integration-test/target/test-dir/MiniOzoneClusterImpl-45b18ba1-9114-4b33-af64-cafa5396b779/datanode-0/data/ratis/f61c9445-d636-477e-bd48-7d26af55eb67 has been successfully formatted.
2020-06-24 17:10:53,964 [pool-35-thread-1] INFO  ratis.ContainerStateMachine (ContainerStateMachine.java:loadSnapshot(226)) - group-7D26AF55EB67: The snapshot info is null. Setting the last applied indexto:(t:0, i:~)
2020-06-24 17:10:53,965 [pool-35-thread-1] INFO  server.RaftServerConfigKeys (ConfUtils.java:logGet(44)) - raft.server.notification.no-leader.timeout = 60s (default)
2020-06-24 17:10:53,966 [pool-35-thread-1] INFO  server.RaftServerConfigKeys (ConfUtils.java:logGet(44)) - raft.server.log.use.memory = false (default)
2020-06-24 17:10:53,973 [pool-35-thread-1] INFO  server.RaftServerConfigKeys (ConfUtils.java:logGet(44)) - raft.server.log.purge.gap = 1000000 (custom)
2020-06-24 17:10:53,973 [pool-35-thread-1] INFO  server.RaftServerConfigKeys (ConfUtils.java:logGet(44)) - raft.server.log.appender.buffer.byte-limit = 33554432 (custom)
2020-06-24 17:10:53,984 [pool-35-thread-1] INFO  server.RaftServerConfigKeys (ConfUtils.java:logGet(44)) - raft.server.log.segment.size.max = 1048576 (custom)
2020-06-24 17:10:53,987 [pool-35-thread-1] INFO  metrics.RatisMetrics (RatisMetrics.java:lambda$create$0(36)) - Creating Metrics Registry : ratis.log_worker.901834b2-99ef-48e6-a81c-aba752cc936b@group-7D26AF55EB67
2020-06-24 17:10:53,989 [EventQueue-PipelineReportForPipelineReportHandler] INFO  pipeline.PipelineStateManager (PipelineStateManager.java:openPipeline(131)) - Pipeline Pipeline[ Id: f61c9445-d636-477e-bd48-7d26af55eb67, Nodes: 901834b2-99ef-48e6-a81c-aba752cc936b{ip: 172.17.0.2, host: ff49ff68588e, networkLocation: /default-rack, certSerialId: null}, Type:RATIS, Factor:ONE, State:ALLOCATED, leaderId:901834b2-99ef-48e6-a81c-aba752cc936b, CreationTimestamp2020-06-24T17:10:50.947Z] moved to OPEN state
2020-06-24 17:10:54,000 [EventQueue-OpenPipelineForOneReplicaPipelineSafeModeRule] INFO  safemode.SCMSafeModeManager (SCMSafeModeManager.java:validateSafeModeExitRules(214)) - AtleastOneDatanodeReportedRule rule is successfully validated
2020-06-24 17:10:54,000 [pool-35-thread-1] INFO  server.RaftServerConfigKeys (ConfUtils.java:logGet(44)) - raft.server.log.segment.cache.num.max = 2 (custom)
2020-06-24 17:10:54,004 [EventQueue-OpenPipelineForHealthyPipelineSafeModeRule] INFO  safemode.SCMSafeModeManager (HealthyPipelineSafeModeRule.java:process(132)) - SCM in safe mode. Healthy pipelines reported count is 0, required healthy pipeline reported count is 1
2020-06-24 17:10:54,013 [pool-35-thread-1] INFO  segmented.SegmentedRaftLogWorker (SegmentedRaftLogWorker.java:<init>(180)) - new 901834b2-99ef-48e6-a81c-aba752cc936b@group-7D26AF55EB67-SegmentedRaftLogWorker for RaftStorage:Storage Directory /github/workspace/mnt/ozone/hadoop-ozone/integration-test/target/test-dir/MiniOzoneClusterImpl-45b18ba1-9114-4b33-af64-cafa5396b779/datanode-0/data/ratis/f61c9445-d636-477e-bd48-7d26af55eb67
2020-06-24 17:10:54,013 [pool-35-thread-1] INFO  server.RaftServerConfigKeys (ConfUtils.java:logGet(44)) - raft.server.log.queue.byte-limit = 2147483647 (custom)
2020-06-24 17:10:54,014 [pool-35-thread-1] INFO  server.RaftServerConfigKeys (ConfUtils.java:logGet(44)) - raft.server.log.queue.element-limit = 1024 (custom)
2020-06-24 17:10:54,015 [pool-35-thread-1] INFO  server.RaftServerConfigKeys (ConfUtils.java:logGet(44)) - raft.server.log.segment.size.max = 1048576 (custom)
2020-06-24 17:10:54,018 [pool-35-thread-1] INFO  server.RaftServerConfigKeys (ConfUtils.java:logGet(44)) - raft.server.log.preallocated.size = 16384 (custom)
2020-06-24 17:10:54,018 [pool-35-thread-1] INFO  server.RaftServerConfigKeys (ConfUtils.java:logGet(44)) - raft.server.log.write.buffer.size = 1048576 (custom)
2020-06-24 17:10:54,019 [pool-35-thread-1] INFO  server.RaftServerConfigKeys (ConfUtils.java:logGet(44)) - raft.server.log.force.sync.num = 128 (default)
2020-06-24 17:10:54,020 [pool-35-thread-1] INFO  server.RaftServerConfigKeys (ConfUtils.java:logGet(44)) - raft.server.log.statemachine.data.sync = true (default)
2020-06-24 17:10:54,020 [pool-35-thread-1] INFO  server.RaftServerConfigKeys (ConfUtils.java:logGet(44)) - raft.server.log.statemachine.data.sync.timeout = 10s (default)
2020-06-24 17:10:54,020 [pool-35-thread-1] INFO  server.RaftServerConfigKeys (ConfUtils.java:logGet(44)) - raft.server.log.statemachine.data.sync.timeout.retry = -1 (default)
2020-06-24 17:10:54,035 [pool-35-thread-1] INFO  server.RaftServerConfigKeys (ConfUtils.java:logGet(44)) - raft.server.log.statemachine.data.caching.enabled = true (custom)
2020-06-24 17:10:54,038 [pool-35-thread-1] INFO  segmented.SegmentedRaftLogWorker (SegmentedRaftLogWorker.java:lambda$new$0(129)) - 901834b2-99ef-48e6-a81c-aba752cc936b@group-7D26AF55EB67-SegmentedRaftLogWorker: flushIndex: setUnconditionally 0 -> -1
2020-06-24 17:10:54,038 [pool-35-thread-1] INFO  segmented.SegmentedRaftLogWorker (SegmentedRaftLogWorker.java:lambda$new$0(129)) - 901834b2-99ef-48e6-a81c-aba752cc936b@group-7D26AF55EB67-SegmentedRaftLogWorker: safeCacheEvictIndex: setUnconditionally 0 -> -1
2020-06-24 17:10:54,044 [pool-35-thread-1] INFO  server.RaftServerConfigKeys (ConfUtils.java:logGet(44)) - raft.server.snapshot.auto.trigger.enabled = true (custom)
2020-06-24 17:10:54,055 [pool-35-thread-1] INFO  server.RaftServerConfigKeys (ConfUtils.java:logGet(44)) - raft.server.snapshot.auto.trigger.threshold = 10000 (custom)
2020-06-24 17:10:54,055 [pool-35-thread-1] INFO  server.RaftServerConfigKeys (ConfUtils.java:logGet(44)) - raft.server.snapshot.retention.file.num = 5 (custom)
2020-06-24 17:10:54,055 [pool-35-thread-1] INFO  server.RaftServerConfigKeys (ConfUtils.java:logGet(44)) - raft.server.log.purge.upto.snapshot.index = false (default)
2020-06-24 17:10:54,056 [pool-35-thread-1] INFO  server.RaftServerConfigKeys (ConfUtils.java:logGet(44)) - raft.server.retrycache.expirytime = 600000ms (custom)
2020-06-24 17:10:54,072 [Command processor thread] INFO  impl.RaftServerProxy (RaftServerProxy.java:addNew(89)) - abd1f0dd-6a7c-459f-aa66-bfbee4a0afa9: addNew group-13763BC3AD28:[abd1f0dd-6a7c-459f-aa66-bfbee4a0afa9:172.17.0.2:39925] returns group-13763BC3AD28:java.util.concurrent.CompletableFuture@19cec219[Not completed]
2020-06-24 17:10:54,083 [pool-35-thread-1] INFO  metrics.RatisMetrics (RatisMetrics.java:lambda$create$0(36)) - Creating Metrics Registry : ratis.leader_election.901834b2-99ef-48e6-a81c-aba752cc936b@group-7D26AF55EB67
2020-06-24 17:10:54,086 [pool-35-thread-1] INFO  metrics.RatisMetrics (RatisMetrics.java:lambda$create$0(36)) - Creating Metrics Registry : ratis.server.901834b2-99ef-48e6-a81c-aba752cc936b@group-7D26AF55EB67
2020-06-24 17:10:54,090 [pool-51-thread-1] INFO  impl.RaftServerImpl (RaftServerImpl.java:<init>(99)) - abd1f0dd-6a7c-459f-aa66-bfbee4a0afa9: new RaftServerImpl for group-13763BC3AD28:[abd1f0dd-6a7c-459f-aa66-bfbee4a0afa9:172.17.0.2:39925] with ContainerStateMachine:uninitialized
2020-06-24 17:10:54,091 [pool-51-thread-1] INFO  server.RaftServerConfigKeys (ConfUtils.java:logGet(44)) - raft.server.rpc.timeout.min = 5s (custom)
2020-06-24 17:10:54,091 [pool-51-thread-1] INFO  server.RaftServerConfigKeys (ConfUtils.java:logGet(44)) - raft.server.rpc.timeout.max = 5200ms (custom)
2020-06-24 17:10:54,091 [pool-51-thread-1] INFO  server.RaftServerConfigKeys (ConfUtils.java:logGet(44)) - raft.server.rpcslowness.timeout = 300s (custom)
2020-06-24 17:10:54,091 [pool-51-thread-1] INFO  server.RaftServerConfigKeys (ConfUtils.java:logGet(44)) - raft.server.sleep.deviation.threshold = 300 (default)
2020-06-24 17:10:54,091 [pool-51-thread-1] INFO  server.RaftServerConfigKeys (ConfUtils.java:logGet(44)) - raft.server.log.appender.install.snapshot.enabled = false (custom)
2020-06-24 17:10:54,091 [pool-51-thread-1] INFO  impl.RaftServerImpl (ServerState.java:<init>(103)) - abd1f0dd-6a7c-459f-aa66-bfbee4a0afa9@group-13763BC3AD28: ConfigurationManager, init=-1: [abd1f0dd-6a7c-459f-aa66-bfbee4a0afa9:172.17.0.2:39925], old=null, confs=<EMPTY_MAP>
2020-06-24 17:10:54,091 [pool-51-thread-1] INFO  server.RaftServerConfigKeys (ConfUtils.java:logGet(44)) - raft.server.storage.dir = [/github/workspace/mnt/ozone/hadoop-ozone/integration-test/target/test-dir/MiniOzoneClusterImpl-45b18ba1-9114-4b33-af64-cafa5396b779/datanode-1/data/ratis] (custom)
2020-06-24 17:10:54,091 [pool-51-thread-1] INFO  server.RaftServerConfigKeys (ConfUtils.java:logGet(44)) - raft.server.log.corruption.policy = EXCEPTION (default)
2020-06-24 17:10:54,092 [pool-51-thread-1] INFO  storage.RaftStorageDirectory (RaftStorageDirectory.java:analyzeStorage(261)) - The storage directory /github/workspace/mnt/ozone/hadoop-ozone/integration-test/target/test-dir/MiniOzoneClusterImpl-45b18ba1-9114-4b33-af64-cafa5396b779/datanode-1/data/ratis/9755bfe7-8ad5-489b-948c-13763bc3ad28 does not exist. Creating ...
2020-06-24 17:10:54,097 [pool-51-thread-1] INFO  storage.RaftStorageDirectory (RaftStorageDirectory.java:tryLock(343)) - Lock on /github/workspace/mnt/ozone/hadoop-ozone/integration-test/target/test-dir/MiniOzoneClusterImpl-45b18ba1-9114-4b33-af64-cafa5396b779/datanode-1/data/ratis/9755bfe7-8ad5-489b-948c-13763bc3ad28/in_use.lock acquired by nodename 8206@ff49ff68588e
2020-06-24 17:10:54,098 [pool-51-thread-1] INFO  storage.RaftStorage (RaftStorage.java:format(84)) - Storage directory /github/workspace/mnt/ozone/hadoop-ozone/integration-test/target/test-dir/MiniOzoneClusterImpl-45b18ba1-9114-4b33-af64-cafa5396b779/datanode-1/data/ratis/9755bfe7-8ad5-489b-948c-13763bc3ad28 has been successfully formatted.
2020-06-24 17:10:54,100 [pool-51-thread-1] INFO  ratis.ContainerStateMachine (ContainerStateMachine.java:loadSnapshot(226)) - group-13763BC3AD28: The snapshot info is null. Setting the last applied indexto:(t:0, i:~)
2020-06-24 17:10:54,104 [pool-51-thread-1] INFO  server.RaftServerConfigKeys (ConfUtils.java:logGet(44)) - raft.server.notification.no-leader.timeout = 60s (default)
2020-06-24 17:10:54,105 [pool-51-thread-1] INFO  server.RaftServerConfigKeys (ConfUtils.java:logGet(44)) - raft.server.log.use.memory = false (default)
2020-06-24 17:10:54,105 [EventQueue-PipelineReportForPipelineReportHandler] INFO  pipeline.PipelineStateManager (PipelineStateManager.java:openPipeline(131)) - Pipeline Pipeline[ Id: 9755bfe7-8ad5-489b-948c-13763bc3ad28, Nodes: abd1f0dd-6a7c-459f-aa66-bfbee4a0afa9{ip: 172.17.0.2, host: ff49ff68588e, networkLocation: /default-rack, certSerialId: null}, Type:RATIS, Factor:ONE, State:ALLOCATED, leaderId:abd1f0dd-6a7c-459f-aa66-bfbee4a0afa9, CreationTimestamp2020-06-24T17:10:51.072Z] moved to OPEN state
2020-06-24 17:10:54,105 [EventQueue-OpenPipelineForOneReplicaPipelineSafeModeRule] INFO  safemode.SCMSafeModeManager (SCMSafeModeManager.java:validateSafeModeExitRules(214)) - AtleastOneDatanodeReportedRule rule is successfully validated
2020-06-24 17:10:54,105 [pool-51-thread-1] INFO  server.RaftServerConfigKeys (ConfUtils.java:logGet(44)) - raft.server.log.purge.gap = 1000000 (custom)
2020-06-24 17:10:54,106 [pool-51-thread-1] INFO  server.RaftServerConfigKeys (ConfUtils.java:logGet(44)) - raft.server.log.appender.buffer.byte-limit = 33554432 (custom)
2020-06-24 17:10:54,106 [pool-51-thread-1] INFO  server.RaftServerConfigKeys (ConfUtils.java:logGet(44)) - raft.server.log.segment.size.max = 1048576 (custom)
2020-06-24 17:10:54,108 [EventQueue-OpenPipelineForHealthyPipelineSafeModeRule] INFO  safemode.SCMSafeModeManager (HealthyPipelineSafeModeRule.java:process(132)) - SCM in safe mode. Healthy pipelines reported count is 0, required healthy pipeline reported count is 1
2020-06-24 17:10:54,106 [pool-51-thread-1] INFO  metrics.RatisMetrics (RatisMetrics.java:lambda$create$0(36)) - Creating Metrics Registry : ratis.log_worker.abd1f0dd-6a7c-459f-aa66-bfbee4a0afa9@group-13763BC3AD28
2020-06-24 17:10:54,108 [pool-51-thread-1] INFO  server.RaftServerConfigKeys (ConfUtils.java:logGet(44)) - raft.server.log.segment.cache.num.max = 2 (custom)
2020-06-24 17:10:54,109 [pool-51-thread-1] INFO  segmented.SegmentedRaftLogWorker (SegmentedRaftLogWorker.java:<init>(180)) - new abd1f0dd-6a7c-459f-aa66-bfbee4a0afa9@group-13763BC3AD28-SegmentedRaftLogWorker for RaftStorage:Storage Directory /github/workspace/mnt/ozone/hadoop-ozone/integration-test/target/test-dir/MiniOzoneClusterImpl-45b18ba1-9114-4b33-af64-cafa5396b779/datanode-1/data/ratis/9755bfe7-8ad5-489b-948c-13763bc3ad28
2020-06-24 17:10:54,109 [pool-51-thread-1] INFO  server.RaftServerConfigKeys (ConfUtils.java:logGet(44)) - raft.server.log.queue.byte-limit = 2147483647 (custom)
2020-06-24 17:10:54,109 [pool-51-thread-1] INFO  server.RaftServerConfigKeys (ConfUtils.java:logGet(44)) - raft.server.log.queue.element-limit = 1024 (custom)
2020-06-24 17:10:54,109 [pool-51-thread-1] INFO  server.RaftServerConfigKeys (ConfUtils.java:logGet(44)) - raft.server.log.segment.size.max = 1048576 (custom)
2020-06-24 17:10:54,109 [pool-51-thread-1] INFO  server.RaftServerConfigKeys (ConfUtils.java:logGet(44)) - raft.server.log.preallocated.size = 16384 (custom)
2020-06-24 17:10:54,109 [pool-51-thread-1] INFO  server.RaftServerConfigKeys (ConfUtils.java:logGet(44)) - raft.server.log.write.buffer.size = 1048576 (custom)
2020-06-24 17:10:54,109 [pool-51-thread-1] INFO  server.RaftServerConfigKeys (ConfUtils.java:logGet(44)) - raft.server.log.force.sync.num = 128 (default)
2020-06-24 17:10:54,109 [pool-51-thread-1] INFO  server.RaftServerConfigKeys (ConfUtils.java:logGet(44)) - raft.server.log.statemachine.data.sync = true (default)
2020-06-24 17:10:54,109 [pool-51-thread-1] INFO  server.RaftServerConfigKeys (ConfUtils.java:logGet(44)) - raft.server.log.statemachine.data.sync.timeout = 10s (default)
2020-06-24 17:10:54,109 [pool-51-thread-1] INFO  server.RaftServerConfigKeys (ConfUtils.java:logGet(44)) - raft.server.log.statemachine.data.sync.timeout.retry = -1 (default)
2020-06-24 17:10:54,112 [pool-51-thread-1] INFO  server.RaftServerConfigKeys (ConfUtils.java:logGet(44)) - raft.server.log.statemachine.data.caching.enabled = true (custom)
2020-06-24 17:10:54,112 [pool-51-thread-1] INFO  segmented.SegmentedRaftLogWorker (SegmentedRaftLogWorker.java:lambda$new$0(129)) - abd1f0dd-6a7c-459f-aa66-bfbee4a0afa9@group-13763BC3AD28-SegmentedRaftLogWorker: flushIndex: setUnconditionally 0 -> -1
2020-06-24 17:10:54,113 [pool-51-thread-1] INFO  segmented.SegmentedRaftLogWorker (SegmentedRaftLogWorker.java:lambda$new$0(129)) - abd1f0dd-6a7c-459f-aa66-bfbee4a0afa9@group-13763BC3AD28-SegmentedRaftLogWorker: safeCacheEvictIndex: setUnconditionally 0 -> -1
2020-06-24 17:10:54,113 [pool-51-thread-1] INFO  server.RaftServerConfigKeys (ConfUtils.java:logGet(44)) - raft.server.snapshot.auto.trigger.enabled = true (custom)
2020-06-24 17:10:54,113 [pool-51-thread-1] INFO  server.RaftServerConfigKeys (ConfUtils.java:logGet(44)) - raft.server.snapshot.auto.trigger.threshold = 10000 (custom)
2020-06-24 17:10:54,113 [pool-51-thread-1] INFO  server.RaftServerConfigKeys (ConfUtils.java:logGet(44)) - raft.server.snapshot.retention.file.num = 5 (custom)
2020-06-24 17:10:54,113 [pool-51-thread-1] INFO  server.RaftServerConfigKeys (ConfUtils.java:logGet(44)) - raft.server.log.purge.upto.snapshot.index = false (default)
2020-06-24 17:10:54,113 [pool-51-thread-1] INFO  server.RaftServerConfigKeys (ConfUtils.java:logGet(44)) - raft.server.retrycache.expirytime = 600000ms (custom)
2020-06-24 17:10:54,113 [pool-51-thread-1] INFO  metrics.RatisMetrics (RatisMetrics.java:lambda$create$0(36)) - Creating Metrics Registry : ratis.leader_election.abd1f0dd-6a7c-459f-aa66-bfbee4a0afa9@group-13763BC3AD28
2020-06-24 17:10:54,114 [pool-51-thread-1] INFO  metrics.RatisMetrics (RatisMetrics.java:lambda$create$0(36)) - Creating Metrics Registry : ratis.server.abd1f0dd-6a7c-459f-aa66-bfbee4a0afa9@group-13763BC3AD28
2020-06-24 17:10:54,117 [pool-35-thread-1] INFO  impl.RaftServerImpl (RaftServerImpl.java:start(186)) - 901834b2-99ef-48e6-a81c-aba752cc936b@group-7D26AF55EB67: start as a follower, conf=-1: [901834b2-99ef-48e6-a81c-aba752cc936b:172.17.0.2:37855], old=null
2020-06-24 17:10:54,118 [pool-51-thread-1] INFO  impl.RaftServerImpl (RaftServerImpl.java:start(186)) - abd1f0dd-6a7c-459f-aa66-bfbee4a0afa9@group-13763BC3AD28: start as a follower, conf=-1: [abd1f0dd-6a7c-459f-aa66-bfbee4a0afa9:172.17.0.2:39925], old=null
2020-06-24 17:10:54,119 [pool-51-thread-1] INFO  impl.RaftServerImpl (RaftServerImpl.java:setRole(175)) - abd1f0dd-6a7c-459f-aa66-bfbee4a0afa9@group-13763BC3AD28: changes role from      null to FOLLOWER at term 0 for startAsFollower
2020-06-24 17:10:54,120 [pool-51-thread-1] INFO  impl.RoleInfo (RoleInfo.java:updateAndGet(143)) - abd1f0dd-6a7c-459f-aa66-bfbee4a0afa9: start FollowerState
2020-06-24 17:10:54,119 [pool-35-thread-1] INFO  impl.RaftServerImpl (RaftServerImpl.java:setRole(175)) - 901834b2-99ef-48e6-a81c-aba752cc936b@group-7D26AF55EB67: changes role from      null to FOLLOWER at term 0 for startAsFollower
2020-06-24 17:10:54,121 [pool-51-thread-1] INFO  util.JmxRegister (JmxRegister.java:tryRegister(44)) - Successfully registered JMX Bean with object name Ratis:service=RaftServer,group=group-13763BC3AD28,id=abd1f0dd-6a7c-459f-aa66-bfbee4a0afa9
2020-06-24 17:10:54,123 [pool-51-thread-1] INFO  metrics.RatisMetrics (RatisMetrics.java:lambda$create$0(36)) - Creating Metrics Registry : ratis.state_machine.abd1f0dd-6a7c-459f-aa66-bfbee4a0afa9@group-13763BC3AD28
2020-06-24 17:10:54,134 [pool-35-thread-1] INFO  impl.RoleInfo (RoleInfo.java:updateAndGet(143)) - 901834b2-99ef-48e6-a81c-aba752cc936b: start FollowerState
2020-06-24 17:10:54,136 [pool-35-thread-1] INFO  util.JmxRegister (JmxRegister.java:tryRegister(44)) - Successfully registered JMX Bean with object name Ratis:service=RaftServer,group=group-7D26AF55EB67,id=901834b2-99ef-48e6-a81c-aba752cc936b
2020-06-24 17:10:54,146 [pool-35-thread-1] INFO  metrics.RatisMetrics (RatisMetrics.java:lambda$create$0(36)) - Creating Metrics Registry : ratis.state_machine.901834b2-99ef-48e6-a81c-aba752cc936b@group-7D26AF55EB67
2020-06-24 17:10:54,148 [Command processor thread] INFO  commandhandler.CreatePipelineCommandHandler (CreatePipelineCommandHandler.java:handle(109)) - Created Pipeline RATIS ONE #id: "9755bfe7-8ad5-489b-948c-13763bc3ad28"
.
2020-06-24 17:10:54,156 [Command processor thread] INFO  impl.RaftServerProxy (RaftServerProxy.java:addNew(89)) - abd1f0dd-6a7c-459f-aa66-bfbee4a0afa9: addNew group-18B92834D587:[a7ff2e02-4aae-4e37-b42b-37dd0693648b:172.17.0.2:34743, 901834b2-99ef-48e6-a81c-aba752cc936b:172.17.0.2:37855, abd1f0dd-6a7c-459f-aa66-bfbee4a0afa9:172.17.0.2:39925] returns group-18B92834D587:java.util.concurrent.CompletableFuture@69619413[Not completed]
2020-06-24 17:10:54,157 [pool-51-thread-1] INFO  impl.RaftServerImpl (RaftServerImpl.java:<init>(99)) - abd1f0dd-6a7c-459f-aa66-bfbee4a0afa9: new RaftServerImpl for group-18B92834D587:[a7ff2e02-4aae-4e37-b42b-37dd0693648b:172.17.0.2:34743, 901834b2-99ef-48e6-a81c-aba752cc936b:172.17.0.2:37855, abd1f0dd-6a7c-459f-aa66-bfbee4a0afa9:172.17.0.2:39925] with ContainerStateMachine:uninitialized
2020-06-24 17:10:54,157 [pool-51-thread-1] INFO  server.RaftServerConfigKeys (ConfUtils.java:logGet(44)) - raft.server.rpc.timeout.min = 5s (custom)
2020-06-24 17:10:54,157 [pool-51-thread-1] INFO  server.RaftServerConfigKeys (ConfUtils.java:logGet(44)) - raft.server.rpc.timeout.max = 5200ms (custom)
2020-06-24 17:10:54,157 [pool-51-thread-1] INFO  server.RaftServerConfigKeys (ConfUtils.java:logGet(44)) - raft.server.rpcslowness.timeout = 300s (custom)
2020-06-24 17:10:54,158 [pool-51-thread-1] INFO  server.RaftServerConfigKeys (ConfUtils.java:logGet(44)) - raft.server.sleep.deviation.threshold = 300 (default)
2020-06-24 17:10:54,158 [pool-51-thread-1] INFO  server.RaftServerConfigKeys (ConfUtils.java:logGet(44)) - raft.server.log.appender.install.snapshot.enabled = false (custom)
2020-06-24 17:10:54,158 [pool-51-thread-1] INFO  impl.RaftServerImpl (ServerState.java:<init>(103)) - abd1f0dd-6a7c-459f-aa66-bfbee4a0afa9@group-18B92834D587: ConfigurationManager, init=-1: [a7ff2e02-4aae-4e37-b42b-37dd0693648b:172.17.0.2:34743, 901834b2-99ef-48e6-a81c-aba752cc936b:172.17.0.2:37855, abd1f0dd-6a7c-459f-aa66-bfbee4a0afa9:172.17.0.2:39925], old=null, confs=<EMPTY_MAP>
2020-06-24 17:10:54,158 [pool-51-thread-1] INFO  server.RaftServerConfigKeys (ConfUtils.java:logGet(44)) - raft.server.storage.dir = [/github/workspace/mnt/ozone/hadoop-ozone/integration-test/target/test-dir/MiniOzoneClusterImpl-45b18ba1-9114-4b33-af64-cafa5396b779/datanode-1/data/ratis] (custom)
2020-06-24 17:10:54,158 [pool-51-thread-1] INFO  server.RaftServerConfigKeys (ConfUtils.java:logGet(44)) - raft.server.log.corruption.policy = EXCEPTION (default)
2020-06-24 17:10:54,158 [pool-51-thread-1] INFO  storage.RaftStorageDirectory (RaftStorageDirectory.java:analyzeStorage(261)) - The storage directory /github/workspace/mnt/ozone/hadoop-ozone/integration-test/target/test-dir/MiniOzoneClusterImpl-45b18ba1-9114-4b33-af64-cafa5396b779/datanode-1/data/ratis/64128139-cca4-47e5-bbfc-18b92834d587 does not exist. Creating ...
2020-06-24 17:10:54,162 [pool-51-thread-1] INFO  storage.RaftStorageDirectory (RaftStorageDirectory.java:tryLock(343)) - Lock on /github/workspace/mnt/ozone/hadoop-ozone/integration-test/target/test-dir/MiniOzoneClusterImpl-45b18ba1-9114-4b33-af64-cafa5396b779/datanode-1/data/ratis/64128139-cca4-47e5-bbfc-18b92834d587/in_use.lock acquired by nodename 8206@ff49ff68588e
2020-06-24 17:10:54,156 [Command processor thread] INFO  commandhandler.CreatePipelineCommandHandler (CreatePipelineCommandHandler.java:handle(109)) - Created Pipeline RATIS ONE #id: "f61c9445-d636-477e-bd48-7d26af55eb67"
.
2020-06-24 17:10:54,164 [pool-51-thread-1] INFO  storage.RaftStorage (RaftStorage.java:format(84)) - Storage directory /github/workspace/mnt/ozone/hadoop-ozone/integration-test/target/test-dir/MiniOzoneClusterImpl-45b18ba1-9114-4b33-af64-cafa5396b779/datanode-1/data/ratis/64128139-cca4-47e5-bbfc-18b92834d587 has been successfully formatted.
2020-06-24 17:10:54,165 [Command processor thread] INFO  impl.RaftServerProxy (RaftServerProxy.java:addNew(89)) - 901834b2-99ef-48e6-a81c-aba752cc936b: addNew group-18B92834D587:[a7ff2e02-4aae-4e37-b42b-37dd0693648b:172.17.0.2:34743, 901834b2-99ef-48e6-a81c-aba752cc936b:172.17.0.2:37855, abd1f0dd-6a7c-459f-aa66-bfbee4a0afa9:172.17.0.2:39925] returns group-18B92834D587:java.util.concurrent.CompletableFuture@fdf12c4[Not completed]
2020-06-24 17:10:54,165 [Command processor thread] INFO  impl.RaftServerProxy (RaftServerProxy.java:addNew(89)) - a7ff2e02-4aae-4e37-b42b-37dd0693648b: addNew group-64416489E5CF:[a7ff2e02-4aae-4e37-b42b-37dd0693648b:172.17.0.2:34743] returns group-64416489E5CF:java.util.concurrent.CompletableFuture@694919d9[Not completed]
2020-06-24 17:10:54,167 [pool-51-thread-1] INFO  ratis.ContainerStateMachine (ContainerStateMachine.java:loadSnapshot(226)) - group-18B92834D587: The snapshot info is null. Setting the last applied indexto:(t:0, i:~)
2020-06-24 17:10:54,167 [pool-51-thread-1] INFO  server.RaftServerConfigKeys (ConfUtils.java:logGet(44)) - raft.server.notification.no-leader.timeout = 60s (default)
2020-06-24 17:10:54,167 [pool-51-thread-1] INFO  server.RaftServerConfigKeys (ConfUtils.java:logGet(44)) - raft.server.log.use.memory = false (default)
2020-06-24 17:10:54,167 [pool-51-thread-1] INFO  server.RaftServerConfigKeys (ConfUtils.java:logGet(44)) - raft.server.log.purge.gap = 1000000 (custom)
2020-06-24 17:10:54,167 [pool-51-thread-1] INFO  server.RaftServerConfigKeys (ConfUtils.java:logGet(44)) - raft.server.log.appender.buffer.byte-limit = 33554432 (custom)
2020-06-24 17:10:54,167 [pool-51-thread-1] INFO  server.RaftServerConfigKeys (ConfUtils.java:logGet(44)) - raft.server.log.segment.size.max = 1048576 (custom)
2020-06-24 17:10:54,167 [pool-51-thread-1] INFO  metrics.RatisMetrics (RatisMetrics.java:lambda$create$0(36)) - Creating Metrics Registry : ratis.log_worker.abd1f0dd-6a7c-459f-aa66-bfbee4a0afa9@group-18B92834D587
2020-06-24 17:10:54,168 [pool-51-thread-1] INFO  server.RaftServerConfigKeys (ConfUtils.java:logGet(44)) - raft.server.log.segment.cache.num.max = 2 (custom)
2020-06-24 17:10:54,168 [pool-51-thread-1] INFO  segmented.SegmentedRaftLogWorker (SegmentedRaftLogWorker.java:<init>(180)) - new abd1f0dd-6a7c-459f-aa66-bfbee4a0afa9@group-18B92834D587-SegmentedRaftLogWorker for RaftStorage:Storage Directory /github/workspace/mnt/ozone/hadoop-ozone/integration-test/target/test-dir/MiniOzoneClusterImpl-45b18ba1-9114-4b33-af64-cafa5396b779/datanode-1/data/ratis/64128139-cca4-47e5-bbfc-18b92834d587
2020-06-24 17:10:54,168 [pool-51-thread-1] INFO  server.RaftServerConfigKeys (ConfUtils.java:logGet(44)) - raft.server.log.queue.byte-limit = 2147483647 (custom)
2020-06-24 17:10:54,168 [pool-51-thread-1] INFO  server.RaftServerConfigKeys (ConfUtils.java:logGet(44)) - raft.server.log.queue.element-limit = 1024 (custom)
2020-06-24 17:10:54,168 [pool-51-thread-1] INFO  server.RaftServerConfigKeys (ConfUtils.java:logGet(44)) - raft.server.log.segment.size.max = 1048576 (custom)
2020-06-24 17:10:54,168 [pool-51-thread-1] INFO  server.RaftServerConfigKeys (ConfUtils.java:logGet(44)) - raft.server.log.preallocated.size = 16384 (custom)
2020-06-24 17:10:54,168 [pool-51-thread-1] INFO  server.RaftServerConfigKeys (ConfUtils.java:logGet(44)) - raft.server.log.write.buffer.size = 1048576 (custom)
2020-06-24 17:10:54,168 [pool-51-thread-1] INFO  server.RaftServerConfigKeys (ConfUtils.java:logGet(44)) - raft.server.log.force.sync.num = 128 (default)
2020-06-24 17:10:54,168 [pool-51-thread-1] INFO  server.RaftServerConfigKeys (ConfUtils.java:logGet(44)) - raft.server.log.statemachine.data.sync = true (default)
2020-06-24 17:10:54,168 [pool-51-thread-1] INFO  server.RaftServerConfigKeys (ConfUtils.java:logGet(44)) - raft.server.log.statemachine.data.sync.timeout = 10s (default)
2020-06-24 17:10:54,169 [pool-51-thread-1] INFO  server.RaftServerConfigKeys (ConfUtils.java:logGet(44)) - raft.server.log.statemachine.data.sync.timeout.retry = -1 (default)
2020-06-24 17:10:54,171 [pool-51-thread-1] INFO  server.RaftServerConfigKeys (ConfUtils.java:logGet(44)) - raft.server.log.statemachine.data.caching.enabled = true (custom)
2020-06-24 17:10:54,177 [pool-51-thread-1] INFO  segmented.SegmentedRaftLogWorker (SegmentedRaftLogWorker.java:lambda$new$0(129)) - abd1f0dd-6a7c-459f-aa66-bfbee4a0afa9@group-18B92834D587-SegmentedRaftLogWorker: flushIndex: setUnconditionally 0 -> -1
2020-06-24 17:10:54,177 [pool-51-thread-1] INFO  segmented.SegmentedRaftLogWorker (SegmentedRaftLogWorker.java:lambda$new$0(129)) - abd1f0dd-6a7c-459f-aa66-bfbee4a0afa9@group-18B92834D587-SegmentedRaftLogWorker: safeCacheEvictIndex: setUnconditionally 0 -> -1
2020-06-24 17:10:54,179 [pool-51-thread-1] INFO  server.RaftServerConfigKeys (ConfUtils.java:logGet(44)) - raft.server.snapshot.auto.trigger.enabled = true (custom)
2020-06-24 17:10:54,190 [pool-51-thread-1] INFO  server.RaftServerConfigKeys (ConfUtils.java:logGet(44)) - raft.server.snapshot.auto.trigger.threshold = 10000 (custom)
2020-06-24 17:10:54,190 [pool-51-thread-1] INFO  server.RaftServerConfigKeys (ConfUtils.java:logGet(44)) - raft.server.snapshot.retention.file.num = 5 (custom)
2020-06-24 17:10:54,190 [pool-51-thread-1] INFO  server.RaftServerConfigKeys (ConfUtils.java:logGet(44)) - raft.server.log.purge.upto.snapshot.index = false (default)
2020-06-24 17:10:54,190 [pool-51-thread-1] INFO  server.RaftServerConfigKeys (ConfUtils.java:logGet(44)) - raft.server.retrycache.expirytime = 600000ms (custom)
2020-06-24 17:10:54,191 [pool-51-thread-1] INFO  metrics.RatisMetrics (RatisMetrics.java:lambda$create$0(36)) - Creating Metrics Registry : ratis.leader_election.abd1f0dd-6a7c-459f-aa66-bfbee4a0afa9@group-18B92834D587
2020-06-24 17:10:54,191 [pool-35-thread-1] INFO  impl.RaftServerImpl (RaftServerImpl.java:<init>(99)) - 901834b2-99ef-48e6-a81c-aba752cc936b: new RaftServerImpl for group-18B92834D587:[a7ff2e02-4aae-4e37-b42b-37dd0693648b:172.17.0.2:34743, 901834b2-99ef-48e6-a81c-aba752cc936b:172.17.0.2:37855, abd1f0dd-6a7c-459f-aa66-bfbee4a0afa9:172.17.0.2:39925] with ContainerStateMachine:uninitialized
2020-06-24 17:10:54,191 [pool-35-thread-1] INFO  server.RaftServerConfigKeys (ConfUtils.java:logGet(44)) - raft.server.rpc.timeout.min = 5s (custom)
2020-06-24 17:10:54,191 [pool-35-thread-1] INFO  server.RaftServerConfigKeys (ConfUtils.java:logGet(44)) - raft.server.rpc.timeout.max = 5200ms (custom)
2020-06-24 17:10:54,191 [pool-35-thread-1] INFO  server.RaftServerConfigKeys (ConfUtils.java:logGet(44)) - raft.server.rpcslowness.timeout = 300s (custom)
2020-06-24 17:10:54,191 [pool-35-thread-1] INFO  server.RaftServerConfigKeys (ConfUtils.java:logGet(44)) - raft.server.sleep.deviation.threshold = 300 (default)
2020-06-24 17:10:54,191 [pool-35-thread-1] INFO  server.RaftServerConfigKeys (ConfUtils.java:logGet(44)) - raft.server.log.appender.install.snapshot.enabled = false (custom)
2020-06-24 17:10:54,191 [pool-35-thread-1] INFO  impl.RaftServerImpl (ServerState.java:<init>(103)) - 901834b2-99ef-48e6-a81c-aba752cc936b@group-18B92834D587: ConfigurationManager, init=-1: [a7ff2e02-4aae-4e37-b42b-37dd0693648b:172.17.0.2:34743, 901834b2-99ef-48e6-a81c-aba752cc936b:172.17.0.2:37855, abd1f0dd-6a7c-459f-aa66-bfbee4a0afa9:172.17.0.2:39925], old=null, confs=<EMPTY_MAP>
2020-06-24 17:10:54,191 [pool-51-thread-1] INFO  metrics.RatisMetrics (RatisMetrics.java:lambda$create$0(36)) - Creating Metrics Registry : ratis.server.abd1f0dd-6a7c-459f-aa66-bfbee4a0afa9@group-18B92834D587
2020-06-24 17:10:54,191 [pool-35-thread-1] INFO  server.RaftServerConfigKeys (ConfUtils.java:logGet(44)) - raft.server.storage.dir = [/github/workspace/mnt/ozone/hadoop-ozone/integration-test/target/test-dir/MiniOzoneClusterImpl-45b18ba1-9114-4b33-af64-cafa5396b779/datanode-0/data/ratis] (custom)
2020-06-24 17:10:54,192 [pool-35-thread-1] INFO  server.RaftServerConfigKeys (ConfUtils.java:logGet(44)) - raft.server.log.corruption.policy = EXCEPTION (default)
2020-06-24 17:10:54,192 [pool-35-thread-1] INFO  storage.RaftStorageDirectory (RaftStorageDirectory.java:analyzeStorage(261)) - The storage directory /github/workspace/mnt/ozone/hadoop-ozone/integration-test/target/test-dir/MiniOzoneClusterImpl-45b18ba1-9114-4b33-af64-cafa5396b779/datanode-0/data/ratis/64128139-cca4-47e5-bbfc-18b92834d587 does not exist. Creating ...
2020-06-24 17:10:54,193 [pool-51-thread-1] INFO  impl.RaftServerImpl (RaftServerImpl.java:start(186)) - abd1f0dd-6a7c-459f-aa66-bfbee4a0afa9@group-18B92834D587: start as a follower, conf=-1: [a7ff2e02-4aae-4e37-b42b-37dd0693648b:172.17.0.2:34743, 901834b2-99ef-48e6-a81c-aba752cc936b:172.17.0.2:37855, abd1f0dd-6a7c-459f-aa66-bfbee4a0afa9:172.17.0.2:39925], old=null
2020-06-24 17:10:54,193 [pool-51-thread-1] INFO  impl.RaftServerImpl (RaftServerImpl.java:setRole(175)) - abd1f0dd-6a7c-459f-aa66-bfbee4a0afa9@group-18B92834D587: changes role from      null to FOLLOWER at term 0 for startAsFollower
2020-06-24 17:10:54,193 [pool-51-thread-1] INFO  impl.RoleInfo (RoleInfo.java:updateAndGet(143)) - abd1f0dd-6a7c-459f-aa66-bfbee4a0afa9: start FollowerState
2020-06-24 17:10:54,194 [pool-67-thread-1] INFO  impl.RaftServerImpl (RaftServerImpl.java:<init>(99)) - a7ff2e02-4aae-4e37-b42b-37dd0693648b: new RaftServerImpl for group-64416489E5CF:[a7ff2e02-4aae-4e37-b42b-37dd0693648b:172.17.0.2:34743] with ContainerStateMachine:uninitialized
2020-06-24 17:10:54,196 [pool-35-thread-1] INFO  storage.RaftStorageDirectory (RaftStorageDirectory.java:tryLock(343)) - Lock on /github/workspace/mnt/ozone/hadoop-ozone/integration-test/target/test-dir/MiniOzoneClusterImpl-45b18ba1-9114-4b33-af64-cafa5396b779/datanode-0/data/ratis/64128139-cca4-47e5-bbfc-18b92834d587/in_use.lock acquired by nodename 8206@ff49ff68588e
2020-06-24 17:10:54,197 [pool-51-thread-1] INFO  util.JmxRegister (JmxRegister.java:tryRegister(44)) - Successfully registered JMX Bean with object name Ratis:service=RaftServer,group=group-18B92834D587,id=abd1f0dd-6a7c-459f-aa66-bfbee4a0afa9
2020-06-24 17:10:54,197 [pool-51-thread-1] INFO  metrics.RatisMetrics (RatisMetrics.java:lambda$create$0(36)) - Creating Metrics Registry : ratis.state_machine.abd1f0dd-6a7c-459f-aa66-bfbee4a0afa9@group-18B92834D587
2020-06-24 17:10:54,198 [pool-35-thread-1] INFO  storage.RaftStorage (RaftStorage.java:format(84)) - Storage directory /github/workspace/mnt/ozone/hadoop-ozone/integration-test/target/test-dir/MiniOzoneClusterImpl-45b18ba1-9114-4b33-af64-cafa5396b779/datanode-0/data/ratis/64128139-cca4-47e5-bbfc-18b92834d587 has been successfully formatted.
2020-06-24 17:10:54,198 [pool-35-thread-1] INFO  ratis.ContainerStateMachine (ContainerStateMachine.java:loadSnapshot(226)) - group-18B92834D587: The snapshot info is null. Setting the last applied indexto:(t:0, i:~)
2020-06-24 17:10:54,198 [pool-35-thread-1] INFO  server.RaftServerConfigKeys (ConfUtils.java:logGet(44)) - raft.server.notification.no-leader.timeout = 60s (default)
2020-06-24 17:10:54,198 [pool-35-thread-1] INFO  server.RaftServerConfigKeys (ConfUtils.java:logGet(44)) - raft.server.log.use.memory = false (default)
2020-06-24 17:10:54,199 [pool-67-thread-1] INFO  server.RaftServerConfigKeys (ConfUtils.java:logGet(44)) - raft.server.rpc.timeout.min = 5s (custom)
2020-06-24 17:10:54,199 [pool-35-thread-1] INFO  server.RaftServerConfigKeys (ConfUtils.java:logGet(44)) - raft.server.log.purge.gap = 1000000 (custom)
2020-06-24 17:10:54,199 [pool-35-thread-1] INFO  server.RaftServerConfigKeys (ConfUtils.java:logGet(44)) - raft.server.log.appender.buffer.byte-limit = 33554432 (custom)
2020-06-24 17:10:54,199 [pool-35-thread-1] INFO  server.RaftServerConfigKeys (ConfUtils.java:logGet(44)) - raft.server.log.segment.size.max = 1048576 (custom)
2020-06-24 17:10:54,199 [pool-35-thread-1] INFO  metrics.RatisMetrics (RatisMetrics.java:lambda$create$0(36)) - Creating Metrics Registry : ratis.log_worker.901834b2-99ef-48e6-a81c-aba752cc936b@group-18B92834D587
2020-06-24 17:10:54,199 [pool-67-thread-1] INFO  server.RaftServerConfigKeys (ConfUtils.java:logGet(44)) - raft.server.rpc.timeout.max = 5200ms (custom)
2020-06-24 17:10:54,199 [pool-67-thread-1] INFO  server.RaftServerConfigKeys (ConfUtils.java:logGet(44)) - raft.server.rpcslowness.timeout = 300s (custom)
2020-06-24 17:10:54,199 [pool-67-thread-1] INFO  server.RaftServerConfigKeys (ConfUtils.java:logGet(44)) - raft.server.sleep.deviation.threshold = 300 (default)
2020-06-24 17:10:54,199 [pool-67-thread-1] INFO  server.RaftServerConfigKeys (ConfUtils.java:logGet(44)) - raft.server.log.appender.install.snapshot.enabled = false (custom)
2020-06-24 17:10:54,200 [pool-67-thread-1] INFO  impl.RaftServerImpl (ServerState.java:<init>(103)) - a7ff2e02-4aae-4e37-b42b-37dd0693648b@group-64416489E5CF: ConfigurationManager, init=-1: [a7ff2e02-4aae-4e37-b42b-37dd0693648b:172.17.0.2:34743], old=null, confs=<EMPTY_MAP>
2020-06-24 17:10:54,200 [pool-67-thread-1] INFO  server.RaftServerConfigKeys (ConfUtils.java:logGet(44)) - raft.server.storage.dir = [/github/workspace/mnt/ozone/hadoop-ozone/integration-test/target/test-dir/MiniOzoneClusterImpl-45b18ba1-9114-4b33-af64-cafa5396b779/datanode-2/data/ratis] (custom)
2020-06-24 17:10:54,200 [pool-67-thread-1] INFO  server.RaftServerConfigKeys (ConfUtils.java:logGet(44)) - raft.server.log.corruption.policy = EXCEPTION (default)
2020-06-24 17:10:54,200 [pool-67-thread-1] INFO  storage.RaftStorageDirectory (RaftStorageDirectory.java:analyzeStorage(261)) - The storage directory /github/workspace/mnt/ozone/hadoop-ozone/integration-test/target/test-dir/MiniOzoneClusterImpl-45b18ba1-9114-4b33-af64-cafa5396b779/datanode-2/data/ratis/48091301-8442-4af3-80c5-64416489e5cf does not exist. Creating ...
2020-06-24 17:10:54,200 [pool-35-thread-1] INFO  server.RaftServerConfigKeys (ConfUtils.java:logGet(44)) - raft.server.log.segment.cache.num.max = 2 (custom)
2020-06-24 17:10:54,200 [pool-35-thread-1] INFO  segmented.SegmentedRaftLogWorker (SegmentedRaftLogWorker.java:<init>(180)) - new 901834b2-99ef-48e6-a81c-aba752cc936b@group-18B92834D587-SegmentedRaftLogWorker for RaftStorage:Storage Directory /github/workspace/mnt/ozone/hadoop-ozone/integration-test/target/test-dir/MiniOzoneClusterImpl-45b18ba1-9114-4b33-af64-cafa5396b779/datanode-0/data/ratis/64128139-cca4-47e5-bbfc-18b92834d587
2020-06-24 17:10:54,201 [pool-35-thread-1] INFO  server.RaftServerConfigKeys (ConfUtils.java:logGet(44)) - raft.server.log.queue.byte-limit = 2147483647 (custom)
2020-06-24 17:10:54,201 [pool-35-thread-1] INFO  server.RaftServerConfigKeys (ConfUtils.java:logGet(44)) - raft.server.log.queue.element-limit = 1024 (custom)
2020-06-24 17:10:54,201 [pool-35-thread-1] INFO  server.RaftServerConfigKeys (ConfUtils.java:logGet(44)) - raft.server.log.segment.size.max = 1048576 (custom)
2020-06-24 17:10:54,201 [pool-35-thread-1] INFO  server.RaftServerConfigKeys (ConfUtils.java:logGet(44)) - raft.server.log.preallocated.size = 16384 (custom)
2020-06-24 17:10:54,201 [pool-35-thread-1] INFO  server.RaftServerConfigKeys (ConfUtils.java:logGet(44)) - raft.server.log.write.buffer.size = 1048576 (custom)
2020-06-24 17:10:54,201 [pool-35-thread-1] INFO  server.RaftServerConfigKeys (ConfUtils.java:logGet(44)) - raft.server.log.force.sync.num = 128 (default)
2020-06-24 17:10:54,201 [pool-35-thread-1] INFO  server.RaftServerConfigKeys (ConfUtils.java:logGet(44)) - raft.server.log.statemachine.data.sync = true (default)
2020-06-24 17:10:54,201 [pool-35-thread-1] INFO  server.RaftServerConfigKeys (ConfUtils.java:logGet(44)) - raft.server.log.statemachine.data.sync.timeout = 10s (default)
2020-06-24 17:10:54,201 [pool-35-thread-1] INFO  server.RaftServerConfigKeys (ConfUtils.java:logGet(44)) - raft.server.log.statemachine.data.sync.timeout.retry = -1 (default)
2020-06-24 17:10:54,201 [pool-67-thread-1] INFO  storage.RaftStorageDirectory (RaftStorageDirectory.java:tryLock(343)) - Lock on /github/workspace/mnt/ozone/hadoop-ozone/integration-test/target/test-dir/MiniOzoneClusterImpl-45b18ba1-9114-4b33-af64-cafa5396b779/datanode-2/data/ratis/48091301-8442-4af3-80c5-64416489e5cf/in_use.lock acquired by nodename 8206@ff49ff68588e
2020-06-24 17:10:54,203 [pool-67-thread-1] INFO  storage.RaftStorage (RaftStorage.java:format(84)) - Storage directory /github/workspace/mnt/ozone/hadoop-ozone/integration-test/target/test-dir/MiniOzoneClusterImpl-45b18ba1-9114-4b33-af64-cafa5396b779/datanode-2/data/ratis/48091301-8442-4af3-80c5-64416489e5cf has been successfully formatted.
2020-06-24 17:10:54,210 [pool-67-thread-1] INFO  ratis.ContainerStateMachine (ContainerStateMachine.java:loadSnapshot(226)) - group-64416489E5CF: The snapshot info is null. Setting the last applied indexto:(t:0, i:~)
2020-06-24 17:10:54,210 [pool-67-thread-1] INFO  server.RaftServerConfigKeys (ConfUtils.java:logGet(44)) - raft.server.notification.no-leader.timeout = 60s (default)
2020-06-24 17:10:54,210 [pool-67-thread-1] INFO  server.RaftServerConfigKeys (ConfUtils.java:logGet(44)) - raft.server.log.use.memory = false (default)
2020-06-24 17:10:54,210 [pool-67-thread-1] INFO  server.RaftServerConfigKeys (ConfUtils.java:logGet(44)) - raft.server.log.purge.gap = 1000000 (custom)
2020-06-24 17:10:54,210 [pool-67-thread-1] INFO  server.RaftServerConfigKeys (ConfUtils.java:logGet(44)) - raft.server.log.appender.buffer.byte-limit = 33554432 (custom)
2020-06-24 17:10:54,210 [pool-67-thread-1] INFO  server.RaftServerConfigKeys (ConfUtils.java:logGet(44)) - raft.server.log.segment.size.max = 1048576 (custom)
2020-06-24 17:10:54,211 [pool-67-thread-1] INFO  metrics.RatisMetrics (RatisMetrics.java:lambda$create$0(36)) - Creating Metrics Registry : ratis.log_worker.a7ff2e02-4aae-4e37-b42b-37dd0693648b@group-64416489E5CF
2020-06-24 17:10:54,211 [pool-67-thread-1] INFO  server.RaftServerConfigKeys (ConfUtils.java:logGet(44)) - raft.server.log.segment.cache.num.max = 2 (custom)
2020-06-24 17:10:54,211 [pool-67-thread-1] INFO  segmented.SegmentedRaftLogWorker (SegmentedRaftLogWorker.java:<init>(180)) - new a7ff2e02-4aae-4e37-b42b-37dd0693648b@group-64416489E5CF-SegmentedRaftLogWorker for RaftStorage:Storage Directory /github/workspace/mnt/ozone/hadoop-ozone/integration-test/target/test-dir/MiniOzoneClusterImpl-45b18ba1-9114-4b33-af64-cafa5396b779/datanode-2/data/ratis/48091301-8442-4af3-80c5-64416489e5cf
2020-06-24 17:10:54,211 [pool-67-thread-1] INFO  server.RaftServerConfigKeys (ConfUtils.java:logGet(44)) - raft.server.log.queue.byte-limit = 2147483647 (custom)
2020-06-24 17:10:54,211 [pool-67-thread-1] INFO  server.RaftServerConfigKeys (ConfUtils.java:logGet(44)) - raft.server.log.queue.element-limit = 1024 (custom)
2020-06-24 17:10:54,211 [pool-67-thread-1] INFO  server.RaftServerConfigKeys (ConfUtils.java:logGet(44)) - raft.server.log.segment.size.max = 1048576 (custom)
2020-06-24 17:10:54,211 [pool-67-thread-1] INFO  server.RaftServerConfigKeys (ConfUtils.java:logGet(44)) - raft.server.log.preallocated.size = 16384 (custom)
2020-06-24 17:10:54,211 [pool-67-thread-1] INFO  server.RaftServerConfigKeys (ConfUtils.java:logGet(44)) - raft.server.log.write.buffer.size = 1048576 (custom)
2020-06-24 17:10:54,211 [pool-67-thread-1] INFO  server.RaftServerConfigKeys (ConfUtils.java:logGet(44)) - raft.server.log.force.sync.num = 128 (default)
2020-06-24 17:10:54,211 [pool-67-thread-1] INFO  server.RaftServerConfigKeys (ConfUtils.java:logGet(44)) - raft.server.log.statemachine.data.sync = true (default)
2020-06-24 17:10:54,211 [pool-67-thread-1] INFO  server.RaftServerConfigKeys (ConfUtils.java:logGet(44)) - raft.server.log.statemachine.data.sync.timeout = 10s (default)
2020-06-24 17:10:54,211 [pool-67-thread-1] INFO  server.RaftServerConfigKeys (ConfUtils.java:logGet(44)) - raft.server.log.statemachine.data.sync.timeout.retry = -1 (default)
2020-06-24 17:10:54,213 [Command processor thread] INFO  impl.RaftServerProxy (RaftServerProxy.java:addNew(89)) - b668f7d5-a6b7-44bf-8278-608be9500c84: addNew group-ED6A29DFDFAE:[b668f7d5-a6b7-44bf-8278-608be9500c84:172.17.0.2:41691] returns group-ED6A29DFDFAE:java.util.concurrent.CompletableFuture@474f610c[Not completed]
2020-06-24 17:10:54,219 [EventQueue-PipelineReportForPipelineReportHandler] INFO  pipeline.PipelineStateManager (PipelineStateManager.java:openPipeline(131)) - Pipeline Pipeline[ Id: 48091301-8442-4af3-80c5-64416489e5cf, Nodes: a7ff2e02-4aae-4e37-b42b-37dd0693648b{ip: 172.17.0.2, host: ff49ff68588e, networkLocation: /default-rack, certSerialId: null}, Type:RATIS, Factor:ONE, State:ALLOCATED, leaderId:a7ff2e02-4aae-4e37-b42b-37dd0693648b, CreationTimestamp2020-06-24T17:10:51.152Z] moved to OPEN state
2020-06-24 17:10:54,219 [EventQueue-OpenPipelineForOneReplicaPipelineSafeModeRule] INFO  safemode.SCMSafeModeManager (SCMSafeModeManager.java:validateSafeModeExitRules(214)) - AtleastOneDatanodeReportedRule rule is successfully validated
2020-06-24 17:10:54,220 [EventQueue-OpenPipelineForHealthyPipelineSafeModeRule] INFO  safemode.SCMSafeModeManager (HealthyPipelineSafeModeRule.java:process(132)) - SCM in safe mode. Healthy pipelines reported count is 0, required healthy pipeline reported count is 1
2020-06-24 17:10:54,224 [pool-83-thread-1] INFO  impl.RaftServerImpl (RaftServerImpl.java:<init>(99)) - b668f7d5-a6b7-44bf-8278-608be9500c84: new RaftServerImpl for group-ED6A29DFDFAE:[b668f7d5-a6b7-44bf-8278-608be9500c84:172.17.0.2:41691] with ContainerStateMachine:uninitialized
2020-06-24 17:10:54,226 [pool-35-thread-1] INFO  server.RaftServerConfigKeys (ConfUtils.java:logGet(44)) - raft.server.log.statemachine.data.caching.enabled = true (custom)
2020-06-24 17:10:54,226 [pool-35-thread-1] INFO  segmented.SegmentedRaftLogWorker (SegmentedRaftLogWorker.java:lambda$new$0(129)) - 901834b2-99ef-48e6-a81c-aba752cc936b@group-18B92834D587-SegmentedRaftLogWorker: flushIndex: setUnconditionally 0 -> -1
2020-06-24 17:10:54,226 [pool-35-thread-1] INFO  segmented.SegmentedRaftLogWorker (SegmentedRaftLogWorker.java:lambda$new$0(129)) - 901834b2-99ef-48e6-a81c-aba752cc936b@group-18B92834D587-SegmentedRaftLogWorker: safeCacheEvictIndex: setUnconditionally 0 -> -1
2020-06-24 17:10:54,227 [pool-67-thread-1] INFO  server.RaftServerConfigKeys (ConfUtils.java:logGet(44)) - raft.server.log.statemachine.data.caching.enabled = true (custom)
2020-06-24 17:10:54,227 [pool-67-thread-1] INFO  segmented.SegmentedRaftLogWorker (SegmentedRaftLogWorker.java:lambda$new$0(129)) - a7ff2e02-4aae-4e37-b42b-37dd0693648b@group-64416489E5CF-SegmentedRaftLogWorker: flushIndex: setUnconditionally 0 -> -1
2020-06-24 17:10:54,227 [pool-67-thread-1] INFO  segmented.SegmentedRaftLogWorker (SegmentedRaftLogWorker.java:lambda$new$0(129)) - a7ff2e02-4aae-4e37-b42b-37dd0693648b@group-64416489E5CF-SegmentedRaftLogWorker: safeCacheEvictIndex: setUnconditionally 0 -> -1
2020-06-24 17:10:54,227 [pool-35-thread-1] INFO  server.RaftServerConfigKeys (ConfUtils.java:logGet(44)) - raft.server.snapshot.auto.trigger.enabled = true (custom)
2020-06-24 17:10:54,227 [pool-35-thread-1] INFO  server.RaftServerConfigKeys (ConfUtils.java:logGet(44)) - raft.server.snapshot.auto.trigger.threshold = 10000 (custom)
2020-06-24 17:10:54,227 [pool-35-thread-1] INFO  server.RaftServerConfigKeys (ConfUtils.java:logGet(44)) - raft.server.snapshot.retention.file.num = 5 (custom)
2020-06-24 17:10:54,227 [pool-35-thread-1] INFO  server.RaftServerConfigKeys (ConfUtils.java:logGet(44)) - raft.server.log.purge.upto.snapshot.index = false (default)
2020-06-24 17:10:54,232 [pool-67-thread-1] INFO  server.RaftServerConfigKeys (ConfUtils.java:logGet(44)) - raft.server.snapshot.auto.trigger.enabled = true (custom)
2020-06-24 17:10:54,232 [pool-67-thread-1] INFO  server.RaftServerConfigKeys (ConfUtils.java:logGet(44)) - raft.server.snapshot.auto.trigger.threshold = 10000 (custom)
2020-06-24 17:10:54,232 [pool-67-thread-1] INFO  server.RaftServerConfigKeys (ConfUtils.java:logGet(44)) - raft.server.snapshot.retention.file.num = 5 (custom)
2020-06-24 17:10:54,232 [pool-67-thread-1] INFO  server.RaftServerConfigKeys (ConfUtils.java:logGet(44)) - raft.server.log.purge.upto.snapshot.index = false (default)
2020-06-24 17:10:54,232 [pool-67-thread-1] INFO  server.RaftServerConfigKeys (ConfUtils.java:logGet(44)) - raft.server.retrycache.expirytime = 600000ms (custom)
2020-06-24 17:10:54,232 [pool-67-thread-1] INFO  metrics.RatisMetrics (RatisMetrics.java:lambda$create$0(36)) - Creating Metrics Registry : ratis.leader_election.a7ff2e02-4aae-4e37-b42b-37dd0693648b@group-64416489E5CF
2020-06-24 17:10:54,232 [pool-35-thread-1] INFO  server.RaftServerConfigKeys (ConfUtils.java:logGet(44)) - raft.server.retrycache.expirytime = 600000ms (custom)
2020-06-24 17:10:54,233 [pool-35-thread-1] INFO  metrics.RatisMetrics (RatisMetrics.java:lambda$create$0(36)) - Creating Metrics Registry : ratis.leader_election.901834b2-99ef-48e6-a81c-aba752cc936b@group-18B92834D587
2020-06-24 17:10:54,233 [pool-35-thread-1] INFO  metrics.RatisMetrics (RatisMetrics.java:lambda$create$0(36)) - Creating Metrics Registry : ratis.server.901834b2-99ef-48e6-a81c-aba752cc936b@group-18B92834D587
2020-06-24 17:10:54,234 [pool-35-thread-1] INFO  impl.RaftServerImpl (RaftServerImpl.java:start(186)) - 901834b2-99ef-48e6-a81c-aba752cc936b@group-18B92834D587: start as a follower, conf=-1: [a7ff2e02-4aae-4e37-b42b-37dd0693648b:172.17.0.2:34743, 901834b2-99ef-48e6-a81c-aba752cc936b:172.17.0.2:37855, abd1f0dd-6a7c-459f-aa66-bfbee4a0afa9:172.17.0.2:39925], old=null
2020-06-24 17:10:54,234 [pool-35-thread-1] INFO  impl.RaftServerImpl (RaftServerImpl.java:setRole(175)) - 901834b2-99ef-48e6-a81c-aba752cc936b@group-18B92834D587: changes role from      null to FOLLOWER at term 0 for startAsFollower
2020-06-24 17:10:54,235 [pool-35-thread-1] INFO  impl.RoleInfo (RoleInfo.java:updateAndGet(143)) - 901834b2-99ef-48e6-a81c-aba752cc936b: start FollowerState
2020-06-24 17:10:54,240 [pool-35-thread-1] INFO  util.JmxRegister (JmxRegister.java:tryRegister(44)) - Successfully registered JMX Bean with object name Ratis:service=RaftServer,group=group-18B92834D587,id=901834b2-99ef-48e6-a81c-aba752cc936b
2020-06-24 17:10:54,240 [pool-35-thread-1] INFO  metrics.RatisMetrics (RatisMetrics.java:lambda$create$0(36)) - Creating Metrics Registry : ratis.state_machine.901834b2-99ef-48e6-a81c-aba752cc936b@group-18B92834D587
2020-06-24 17:10:54,245 [pool-83-thread-1] INFO  server.RaftServerConfigKeys (ConfUtils.java:logGet(44)) - raft.server.rpc.timeout.min = 5s (custom)
2020-06-24 17:10:54,246 [pool-83-thread-1] INFO  server.RaftServerConfigKeys (ConfUtils.java:logGet(44)) - raft.server.rpc.timeout.max = 5200ms (custom)
2020-06-24 17:10:54,246 [pool-83-thread-1] INFO  server.RaftServerConfigKeys (ConfUtils.java:logGet(44)) - raft.server.rpcslowness.timeout = 300s (custom)
2020-06-24 17:10:54,246 [pool-83-thread-1] INFO  server.RaftServerConfigKeys (ConfUtils.java:logGet(44)) - raft.server.sleep.deviation.threshold = 300 (default)
2020-06-24 17:10:54,246 [pool-83-thread-1] INFO  server.RaftServerConfigKeys (ConfUtils.java:logGet(44)) - raft.server.log.appender.install.snapshot.enabled = false (custom)
2020-06-24 17:10:54,246 [pool-83-thread-1] INFO  impl.RaftServerImpl (ServerState.java:<init>(103)) - b668f7d5-a6b7-44bf-8278-608be9500c84@group-ED6A29DFDFAE: ConfigurationManager, init=-1: [b668f7d5-a6b7-44bf-8278-608be9500c84:172.17.0.2:41691], old=null, confs=<EMPTY_MAP>
2020-06-24 17:10:54,246 [pool-83-thread-1] INFO  server.RaftServerConfigKeys (ConfUtils.java:logGet(44)) - raft.server.storage.dir = [/github/workspace/mnt/ozone/hadoop-ozone/integration-test/target/test-dir/MiniOzoneClusterImpl-45b18ba1-9114-4b33-af64-cafa5396b779/datanode-3/data/ratis] (custom)
2020-06-24 17:10:54,247 [pool-83-thread-1] INFO  server.RaftServerConfigKeys (ConfUtils.java:logGet(44)) - raft.server.log.corruption.policy = EXCEPTION (default)
2020-06-24 17:10:54,247 [pool-83-thread-1] INFO  storage.RaftStorageDirectory (RaftStorageDirectory.java:analyzeStorage(261)) - The storage directory /github/workspace/mnt/ozone/hadoop-ozone/integration-test/target/test-dir/MiniOzoneClusterImpl-45b18ba1-9114-4b33-af64-cafa5396b779/datanode-3/data/ratis/322477ff-1944-410b-ba1d-ed6a29dfdfae does not exist. Creating ...
2020-06-24 17:10:54,248 [pool-83-thread-1] INFO  storage.RaftStorageDirectory (RaftStorageDirectory.java:tryLock(343)) - Lock on /github/workspace/mnt/ozone/hadoop-ozone/integration-test/target/test-dir/MiniOzoneClusterImpl-45b18ba1-9114-4b33-af64-cafa5396b779/datanode-3/data/ratis/322477ff-1944-410b-ba1d-ed6a29dfdfae/in_use.lock acquired by nodename 8206@ff49ff68588e
2020-06-24 17:10:54,254 [pool-83-thread-1] INFO  storage.RaftStorage (RaftStorage.java:format(84)) - Storage directory /github/workspace/mnt/ozone/hadoop-ozone/integration-test/target/test-dir/MiniOzoneClusterImpl-45b18ba1-9114-4b33-af64-cafa5396b779/datanode-3/data/ratis/322477ff-1944-410b-ba1d-ed6a29dfdfae has been successfully formatted.
2020-06-24 17:10:54,264 [pool-83-thread-1] INFO  ratis.ContainerStateMachine (ContainerStateMachine.java:loadSnapshot(226)) - group-ED6A29DFDFAE: The snapshot info is null. Setting the last applied indexto:(t:0, i:~)
2020-06-24 17:10:54,264 [pool-83-thread-1] INFO  server.RaftServerConfigKeys (ConfUtils.java:logGet(44)) - raft.server.notification.no-leader.timeout = 60s (default)
2020-06-24 17:10:54,264 [pool-83-thread-1] INFO  server.RaftServerConfigKeys (ConfUtils.java:logGet(44)) - raft.server.log.use.memory = false (default)
2020-06-24 17:10:54,264 [pool-83-thread-1] INFO  server.RaftServerConfigKeys (ConfUtils.java:logGet(44)) - raft.server.log.purge.gap = 1000000 (custom)
2020-06-24 17:10:54,264 [pool-83-thread-1] INFO  server.RaftServerConfigKeys (ConfUtils.java:logGet(44)) - raft.server.log.appender.buffer.byte-limit = 33554432 (custom)
2020-06-24 17:10:54,264 [pool-83-thread-1] INFO  server.RaftServerConfigKeys (ConfUtils.java:logGet(44)) - raft.server.log.segment.size.max = 1048576 (custom)
2020-06-24 17:10:54,265 [pool-83-thread-1] INFO  metrics.RatisMetrics (RatisMetrics.java:lambda$create$0(36)) - Creating Metrics Registry : ratis.log_worker.b668f7d5-a6b7-44bf-8278-608be9500c84@group-ED6A29DFDFAE
2020-06-24 17:10:54,269 [pool-83-thread-1] INFO  server.RaftServerConfigKeys (ConfUtils.java:logGet(44)) - raft.server.log.segment.cache.num.max = 2 (custom)
2020-06-24 17:10:54,269 [pool-83-thread-1] INFO  segmented.SegmentedRaftLogWorker (SegmentedRaftLogWorker.java:<init>(180)) - new b668f7d5-a6b7-44bf-8278-608be9500c84@group-ED6A29DFDFAE-SegmentedRaftLogWorker for RaftStorage:Storage Directory /github/workspace/mnt/ozone/hadoop-ozone/integration-test/target/test-dir/MiniOzoneClusterImpl-45b18ba1-9114-4b33-af64-cafa5396b779/datanode-3/data/ratis/322477ff-1944-410b-ba1d-ed6a29dfdfae
2020-06-24 17:10:54,269 [pool-83-thread-1] INFO  server.RaftServerConfigKeys (ConfUtils.java:logGet(44)) - raft.server.log.queue.byte-limit = 2147483647 (custom)
2020-06-24 17:10:54,269 [pool-83-thread-1] INFO  server.RaftServerConfigKeys (ConfUtils.java:logGet(44)) - raft.server.log.queue.element-limit = 1024 (custom)
2020-06-24 17:10:54,269 [pool-83-thread-1] INFO  server.RaftServerConfigKeys (ConfUtils.java:logGet(44)) - raft.server.log.segment.size.max = 1048576 (custom)
2020-06-24 17:10:54,269 [pool-83-thread-1] INFO  server.RaftServerConfigKeys (ConfUtils.java:logGet(44)) - raft.server.log.preallocated.size = 16384 (custom)
2020-06-24 17:10:54,269 [pool-83-thread-1] INFO  server.RaftServerConfigKeys (ConfUtils.java:logGet(44)) - raft.server.log.write.buffer.size = 1048576 (custom)
2020-06-24 17:10:54,270 [pool-83-thread-1] INFO  server.RaftServerConfigKeys (ConfUtils.java:logGet(44)) - raft.server.log.force.sync.num = 128 (default)
2020-06-24 17:10:54,270 [pool-83-thread-1] INFO  server.RaftServerConfigKeys (ConfUtils.java:logGet(44)) - raft.server.log.statemachine.data.sync = true (default)
2020-06-24 17:10:54,270 [pool-83-thread-1] INFO  server.RaftServerConfigKeys (ConfUtils.java:logGet(44)) - raft.server.log.statemachine.data.sync.timeout = 10s (default)
2020-06-24 17:10:54,270 [pool-83-thread-1] INFO  server.RaftServerConfigKeys (ConfUtils.java:logGet(44)) - raft.server.log.statemachine.data.sync.timeout.retry = -1 (default)
2020-06-24 17:10:54,272 [EventQueue-PipelineReportForPipelineReportHandler] INFO  pipeline.PipelineStateManager (PipelineStateManager.java:openPipeline(131)) - Pipeline Pipeline[ Id: 322477ff-1944-410b-ba1d-ed6a29dfdfae, Nodes: b668f7d5-a6b7-44bf-8278-608be9500c84{ip: 172.17.0.2, host: ff49ff68588e, networkLocation: /default-rack, certSerialId: null}, Type:RATIS, Factor:ONE, State:ALLOCATED, leaderId:b668f7d5-a6b7-44bf-8278-608be9500c84, CreationTimestamp2020-06-24T17:10:51.213Z] moved to OPEN state
2020-06-24 17:10:54,273 [EventQueue-OpenPipelineForOneReplicaPipelineSafeModeRule] INFO  safemode.SCMSafeModeManager (SCMSafeModeManager.java:validateSafeModeExitRules(214)) - AtleastOneDatanodeReportedRule rule is successfully validated
2020-06-24 17:10:54,273 [EventQueue-OpenPipelineForHealthyPipelineSafeModeRule] INFO  safemode.SCMSafeModeManager (HealthyPipelineSafeModeRule.java:process(132)) - SCM in safe mode. Healthy pipelines reported count is 0, required healthy pipeline reported count is 1
2020-06-24 17:10:54,273 [pool-83-thread-1] INFO  server.RaftServerConfigKeys (ConfUtils.java:logGet(44)) - raft.server.log.statemachine.data.caching.enabled = true (custom)
2020-06-24 17:10:54,273 [pool-83-thread-1] INFO  segmented.SegmentedRaftLogWorker (SegmentedRaftLogWorker.java:lambda$new$0(129)) - b668f7d5-a6b7-44bf-8278-608be9500c84@group-ED6A29DFDFAE-SegmentedRaftLogWorker: flushIndex: setUnconditionally 0 -> -1
2020-06-24 17:10:54,273 [pool-83-thread-1] INFO  segmented.SegmentedRaftLogWorker (SegmentedRaftLogWorker.java:lambda$new$0(129)) - b668f7d5-a6b7-44bf-8278-608be9500c84@group-ED6A29DFDFAE-SegmentedRaftLogWorker: safeCacheEvictIndex: setUnconditionally 0 -> -1
2020-06-24 17:10:54,274 [pool-83-thread-1] INFO  server.RaftServerConfigKeys (ConfUtils.java:logGet(44)) - raft.server.snapshot.auto.trigger.enabled = true (custom)
2020-06-24 17:10:54,274 [pool-83-thread-1] INFO  server.RaftServerConfigKeys (ConfUtils.java:logGet(44)) - raft.server.snapshot.auto.trigger.threshold = 10000 (custom)
2020-06-24 17:10:54,274 [pool-83-thread-1] INFO  server.RaftServerConfigKeys (ConfUtils.java:logGet(44)) - raft.server.snapshot.retention.file.num = 5 (custom)
2020-06-24 17:10:54,274 [pool-83-thread-1] INFO  server.RaftServerConfigKeys (ConfUtils.java:logGet(44)) - raft.server.log.purge.upto.snapshot.index = false (default)
2020-06-24 17:10:54,274 [pool-83-thread-1] INFO  server.RaftServerConfigKeys (ConfUtils.java:logGet(44)) - raft.server.retrycache.expirytime = 600000ms (custom)
2020-06-24 17:10:54,274 [pool-83-thread-1] INFO  metrics.RatisMetrics (RatisMetrics.java:lambda$create$0(36)) - Creating Metrics Registry : ratis.leader_election.b668f7d5-a6b7-44bf-8278-608be9500c84@group-ED6A29DFDFAE
2020-06-24 17:10:54,274 [pool-83-thread-1] INFO  metrics.RatisMetrics (RatisMetrics.java:lambda$create$0(36)) - Creating Metrics Registry : ratis.server.b668f7d5-a6b7-44bf-8278-608be9500c84@group-ED6A29DFDFAE
2020-06-24 17:10:54,282 [pool-83-thread-1] INFO  impl.RaftServerImpl (RaftServerImpl.java:start(186)) - b668f7d5-a6b7-44bf-8278-608be9500c84@group-ED6A29DFDFAE: start as a follower, conf=-1: [b668f7d5-a6b7-44bf-8278-608be9500c84:172.17.0.2:41691], old=null
2020-06-24 17:10:54,282 [pool-83-thread-1] INFO  impl.RaftServerImpl (RaftServerImpl.java:setRole(175)) - b668f7d5-a6b7-44bf-8278-608be9500c84@group-ED6A29DFDFAE: changes role from      null to FOLLOWER at term 0 for startAsFollower
2020-06-24 17:10:54,282 [pool-83-thread-1] INFO  impl.RoleInfo (RoleInfo.java:updateAndGet(143)) - b668f7d5-a6b7-44bf-8278-608be9500c84: start FollowerState
2020-06-24 17:10:54,282 [pool-83-thread-1] INFO  util.JmxRegister (JmxRegister.java:tryRegister(44)) - Successfully registered JMX Bean with object name Ratis:service=RaftServer,group=group-ED6A29DFDFAE,id=b668f7d5-a6b7-44bf-8278-608be9500c84
2020-06-24 17:10:54,282 [pool-83-thread-1] INFO  metrics.RatisMetrics (RatisMetrics.java:lambda$create$0(36)) - Creating Metrics Registry : ratis.state_machine.b668f7d5-a6b7-44bf-8278-608be9500c84@group-ED6A29DFDFAE
2020-06-24 17:10:54,283 [Command processor thread] INFO  commandhandler.CreatePipelineCommandHandler (CreatePipelineCommandHandler.java:handle(109)) - Created Pipeline RATIS ONE #id: "322477ff-1944-410b-ba1d-ed6a29dfdfae"
.
2020-06-24 17:10:54,284 [Command processor thread] INFO  impl.RaftServerProxy (RaftServerProxy.java:addNew(89)) - b668f7d5-a6b7-44bf-8278-608be9500c84: addNew group-FDFCEAAEB032:[afb85034-fb37-497e-9144-3e9dc86fd25a:172.17.0.2:35489, 2b7adba8-1059-44f9-97bc-2868c192e760:172.17.0.2:35263, b668f7d5-a6b7-44bf-8278-608be9500c84:172.17.0.2:41691] returns group-FDFCEAAEB032:java.util.concurrent.CompletableFuture@4370fd3d[Not completed]
2020-06-24 17:10:54,285 [pool-83-thread-1] INFO  impl.RaftServerImpl (RaftServerImpl.java:<init>(99)) - b668f7d5-a6b7-44bf-8278-608be9500c84: new RaftServerImpl for group-FDFCEAAEB032:[afb85034-fb37-497e-9144-3e9dc86fd25a:172.17.0.2:35489, 2b7adba8-1059-44f9-97bc-2868c192e760:172.17.0.2:35263, b668f7d5-a6b7-44bf-8278-608be9500c84:172.17.0.2:41691] with ContainerStateMachine:uninitialized
2020-06-24 17:10:54,285 [pool-83-thread-1] INFO  server.RaftServerConfigKeys (ConfUtils.java:logGet(44)) - raft.server.rpc.timeout.min = 5s (custom)
2020-06-24 17:10:54,285 [pool-83-thread-1] INFO  server.RaftServerConfigKeys (ConfUtils.java:logGet(44)) - raft.server.rpc.timeout.max = 5200ms (custom)
2020-06-24 17:10:54,285 [pool-83-thread-1] INFO  server.RaftServerConfigKeys (ConfUtils.java:logGet(44)) - raft.server.rpcslowness.timeout = 300s (custom)
2020-06-24 17:10:54,285 [pool-83-thread-1] INFO  server.RaftServerConfigKeys (ConfUtils.java:logGet(44)) - raft.server.sleep.deviation.threshold = 300 (default)
2020-06-24 17:10:54,285 [pool-83-thread-1] INFO  server.RaftServerConfigKeys (ConfUtils.java:logGet(44)) - raft.server.log.appender.install.snapshot.enabled = false (custom)
2020-06-24 17:10:54,285 [pool-83-thread-1] INFO  impl.RaftServerImpl (ServerState.java:<init>(103)) - b668f7d5-a6b7-44bf-8278-608be9500c84@group-FDFCEAAEB032: ConfigurationManager, init=-1: [afb85034-fb37-497e-9144-3e9dc86fd25a:172.17.0.2:35489, 2b7adba8-1059-44f9-97bc-2868c192e760:172.17.0.2:35263, b668f7d5-a6b7-44bf-8278-608be9500c84:172.17.0.2:41691], old=null, confs=<EMPTY_MAP>
2020-06-24 17:10:54,285 [pool-83-thread-1] INFO  server.RaftServerConfigKeys (ConfUtils.java:logGet(44)) - raft.server.storage.dir = [/github/workspace/mnt/ozone/hadoop-ozone/integration-test/target/test-dir/MiniOzoneClusterImpl-45b18ba1-9114-4b33-af64-cafa5396b779/datanode-3/data/ratis] (custom)
2020-06-24 17:10:54,285 [pool-83-thread-1] INFO  server.RaftServerConfigKeys (ConfUtils.java:logGet(44)) - raft.server.log.corruption.policy = EXCEPTION (default)
2020-06-24 17:10:54,286 [pool-83-thread-1] INFO  storage.RaftStorageDirectory (RaftStorageDirectory.java:analyzeStorage(261)) - The storage directory /github/workspace/mnt/ozone/hadoop-ozone/integration-test/target/test-dir/MiniOzoneClusterImpl-45b18ba1-9114-4b33-af64-cafa5396b779/datanode-3/data/ratis/7913204f-831d-4a06-a975-fdfceaaeb032 does not exist. Creating ...
2020-06-24 17:10:54,288 [pool-67-thread-1] INFO  metrics.RatisMetrics (RatisMetrics.java:lambda$create$0(36)) - Creating Metrics Registry : ratis.server.a7ff2e02-4aae-4e37-b42b-37dd0693648b@group-64416489E5CF
2020-06-24 17:10:54,290 [Command processor thread] INFO  impl.RaftServerProxy (RaftServerProxy.java:addNew(89)) - 2b7adba8-1059-44f9-97bc-2868c192e760: addNew group-0F9E779B3284:[2b7adba8-1059-44f9-97bc-2868c192e760:172.17.0.2:35263] returns group-0F9E779B3284:java.util.concurrent.CompletableFuture@5b413da1[Not completed]
2020-06-24 17:10:54,291 [pool-67-thread-1] INFO  impl.RaftServerImpl (RaftServerImpl.java:start(186)) - a7ff2e02-4aae-4e37-b42b-37dd0693648b@group-64416489E5CF: start as a follower, conf=-1: [a7ff2e02-4aae-4e37-b42b-37dd0693648b:172.17.0.2:34743], old=null
2020-06-24 17:10:54,291 [pool-67-thread-1] INFO  impl.RaftServerImpl (RaftServerImpl.java:setRole(175)) - a7ff2e02-4aae-4e37-b42b-37dd0693648b@group-64416489E5CF: changes role from      null to FOLLOWER at term 0 for startAsFollower
2020-06-24 17:10:54,291 [pool-67-thread-1] INFO  impl.RoleInfo (RoleInfo.java:updateAndGet(143)) - a7ff2e02-4aae-4e37-b42b-37dd0693648b: start FollowerState
2020-06-24 17:10:54,292 [pool-99-thread-1] INFO  impl.RaftServerImpl (RaftServerImpl.java:<init>(99)) - 2b7adba8-1059-44f9-97bc-2868c192e760: new RaftServerImpl for group-0F9E779B3284:[2b7adba8-1059-44f9-97bc-2868c192e760:172.17.0.2:35263] with ContainerStateMachine:uninitialized
2020-06-24 17:10:54,293 [pool-67-thread-1] INFO  util.JmxRegister (JmxRegister.java:tryRegister(44)) - Successfully registered JMX Bean with object name Ratis:service=RaftServer,group=group-64416489E5CF,id=a7ff2e02-4aae-4e37-b42b-37dd0693648b
2020-06-24 17:10:54,293 [pool-67-thread-1] INFO  metrics.RatisMetrics (RatisMetrics.java:lambda$create$0(36)) - Creating Metrics Registry : ratis.state_machine.a7ff2e02-4aae-4e37-b42b-37dd0693648b@group-64416489E5CF
2020-06-24 17:10:54,296 [pool-83-thread-1] INFO  storage.RaftStorageDirectory (RaftStorageDirectory.java:tryLock(343)) - Lock on /github/workspace/mnt/ozone/hadoop-ozone/integration-test/target/test-dir/MiniOzoneClusterImpl-45b18ba1-9114-4b33-af64-cafa5396b779/datanode-3/data/ratis/7913204f-831d-4a06-a975-fdfceaaeb032/in_use.lock acquired by nodename 8206@ff49ff68588e
2020-06-24 17:10:54,299 [pool-83-thread-1] INFO  storage.RaftStorage (RaftStorage.java:format(84)) - Storage directory /github/workspace/mnt/ozone/hadoop-ozone/integration-test/target/test-dir/MiniOzoneClusterImpl-45b18ba1-9114-4b33-af64-cafa5396b779/datanode-3/data/ratis/7913204f-831d-4a06-a975-fdfceaaeb032 has been successfully formatted.
2020-06-24 17:10:54,303 [pool-99-thread-1] INFO  server.RaftServerConfigKeys (ConfUtils.java:logGet(44)) - raft.server.rpc.timeout.min = 5s (custom)
2020-06-24 17:10:54,303 [pool-99-thread-1] INFO  server.RaftServerConfigKeys (ConfUtils.java:logGet(44)) - raft.server.rpc.timeout.max = 5200ms (custom)
2020-06-24 17:10:54,303 [pool-99-thread-1] INFO  server.RaftServerConfigKeys (ConfUtils.java:logGet(44)) - raft.server.rpcslowness.timeout = 300s (custom)
2020-06-24 17:10:54,309 [pool-99-thread-1] INFO  server.RaftServerConfigKeys (ConfUtils.java:logGet(44)) - raft.server.sleep.deviation.threshold = 300 (default)
2020-06-24 17:10:54,309 [pool-99-thread-1] INFO  server.RaftServerConfigKeys (ConfUtils.java:logGet(44)) - raft.server.log.appender.install.snapshot.enabled = false (custom)
2020-06-24 17:10:54,309 [pool-99-thread-1] INFO  impl.RaftServerImpl (ServerState.java:<init>(103)) - 2b7adba8-1059-44f9-97bc-2868c192e760@group-0F9E779B3284: ConfigurationManager, init=-1: [2b7adba8-1059-44f9-97bc-2868c192e760:172.17.0.2:35263], old=null, confs=<EMPTY_MAP>
2020-06-24 17:10:54,303 [pool-83-thread-1] INFO  ratis.ContainerStateMachine (ContainerStateMachine.java:loadSnapshot(226)) - group-FDFCEAAEB032: The snapshot info is null. Setting the last applied indexto:(t:0, i:~)
2020-06-24 17:10:54,309 [pool-99-thread-1] INFO  server.RaftServerConfigKeys (ConfUtils.java:logGet(44)) - raft.server.storage.dir = [/github/workspace/mnt/ozone/hadoop-ozone/integration-test/target/test-dir/MiniOzoneClusterImpl-45b18ba1-9114-4b33-af64-cafa5396b779/datanode-4/data/ratis] (custom)
2020-06-24 17:10:54,313 [pool-99-thread-1] INFO  server.RaftServerConfigKeys (ConfUtils.java:logGet(44)) - raft.server.log.corruption.policy = EXCEPTION (default)
2020-06-24 17:10:54,313 [pool-99-thread-1] INFO  storage.RaftStorageDirectory (RaftStorageDirectory.java:analyzeStorage(261)) - The storage directory /github/workspace/mnt/ozone/hadoop-ozone/integration-test/target/test-dir/MiniOzoneClusterImpl-45b18ba1-9114-4b33-af64-cafa5396b779/datanode-4/data/ratis/63d7e702-853d-429a-8ffc-0f9e779b3284 does not exist. Creating ...
2020-06-24 17:10:54,313 [pool-83-thread-1] INFO  server.RaftServerConfigKeys (ConfUtils.java:logGet(44)) - raft.server.notification.no-leader.timeout = 60s (default)
2020-06-24 17:10:54,314 [pool-83-thread-1] INFO  server.RaftServerConfigKeys (ConfUtils.java:logGet(44)) - raft.server.log.use.memory = false (default)
2020-06-24 17:10:54,314 [pool-83-thread-1] INFO  server.RaftServerConfigKeys (ConfUtils.java:logGet(44)) - raft.server.log.purge.gap = 1000000 (custom)
2020-06-24 17:10:54,314 [pool-83-thread-1] INFO  server.RaftServerConfigKeys (ConfUtils.java:logGet(44)) - raft.server.log.appender.buffer.byte-limit = 33554432 (custom)
2020-06-24 17:10:54,314 [pool-83-thread-1] INFO  server.RaftServerConfigKeys (ConfUtils.java:logGet(44)) - raft.server.log.segment.size.max = 1048576 (custom)
2020-06-24 17:10:54,314 [pool-83-thread-1] INFO  metrics.RatisMetrics (RatisMetrics.java:lambda$create$0(36)) - Creating Metrics Registry : ratis.log_worker.b668f7d5-a6b7-44bf-8278-608be9500c84@group-FDFCEAAEB032
2020-06-24 17:10:54,315 [pool-99-thread-1] INFO  storage.RaftStorageDirectory (RaftStorageDirectory.java:tryLock(343)) - Lock on /github/workspace/mnt/ozone/hadoop-ozone/integration-test/target/test-dir/MiniOzoneClusterImpl-45b18ba1-9114-4b33-af64-cafa5396b779/datanode-4/data/ratis/63d7e702-853d-429a-8ffc-0f9e779b3284/in_use.lock acquired by nodename 8206@ff49ff68588e
2020-06-24 17:10:54,318 [pool-83-thread-1] INFO  server.RaftServerConfigKeys (ConfUtils.java:logGet(44)) - raft.server.log.segment.cache.num.max = 2 (custom)
2020-06-24 17:10:54,318 [pool-83-thread-1] INFO  segmented.SegmentedRaftLogWorker (SegmentedRaftLogWorker.java:<init>(180)) - new b668f7d5-a6b7-44bf-8278-608be9500c84@group-FDFCEAAEB032-SegmentedRaftLogWorker for RaftStorage:Storage Directory /github/workspace/mnt/ozone/hadoop-ozone/integration-test/target/test-dir/MiniOzoneClusterImpl-45b18ba1-9114-4b33-af64-cafa5396b779/datanode-3/data/ratis/7913204f-831d-4a06-a975-fdfceaaeb032
2020-06-24 17:10:54,318 [pool-83-thread-1] INFO  server.RaftServerConfigKeys (ConfUtils.java:logGet(44)) - raft.server.log.queue.byte-limit = 2147483647 (custom)
2020-06-24 17:10:54,318 [pool-83-thread-1] INFO  server.RaftServerConfigKeys (ConfUtils.java:logGet(44)) - raft.server.log.queue.element-limit = 1024 (custom)
2020-06-24 17:10:54,318 [pool-83-thread-1] INFO  server.RaftServerConfigKeys (ConfUtils.java:logGet(44)) - raft.server.log.segment.size.max = 1048576 (custom)
2020-06-24 17:10:54,318 [pool-83-thread-1] INFO  server.RaftServerConfigKeys (ConfUtils.java:logGet(44)) - raft.server.log.preallocated.size = 16384 (custom)
2020-06-24 17:10:54,318 [pool-83-thread-1] INFO  server.RaftServerConfigKeys (ConfUtils.java:logGet(44)) - raft.server.log.write.buffer.size = 1048576 (custom)
2020-06-24 17:10:54,318 [pool-83-thread-1] INFO  server.RaftServerConfigKeys (ConfUtils.java:logGet(44)) - raft.server.log.force.sync.num = 128 (default)
2020-06-24 17:10:54,318 [pool-83-thread-1] INFO  server.RaftServerConfigKeys (ConfUtils.java:logGet(44)) - raft.server.log.statemachine.data.sync = true (default)
2020-06-24 17:10:54,318 [pool-83-thread-1] INFO  server.RaftServerConfigKeys (ConfUtils.java:logGet(44)) - raft.server.log.statemachine.data.sync.timeout = 10s (default)
2020-06-24 17:10:54,318 [pool-83-thread-1] INFO  server.RaftServerConfigKeys (ConfUtils.java:logGet(44)) - raft.server.log.statemachine.data.sync.timeout.retry = -1 (default)
2020-06-24 17:10:54,320 [pool-83-thread-1] INFO  server.RaftServerConfigKeys (ConfUtils.java:logGet(44)) - raft.server.log.statemachine.data.caching.enabled = true (custom)
2020-06-24 17:10:54,320 [pool-83-thread-1] INFO  segmented.SegmentedRaftLogWorker (SegmentedRaftLogWorker.java:lambda$new$0(129)) - b668f7d5-a6b7-44bf-8278-608be9500c84@group-FDFCEAAEB032-SegmentedRaftLogWorker: flushIndex: setUnconditionally 0 -> -1
2020-06-24 17:10:54,321 [pool-83-thread-1] INFO  segmented.SegmentedRaftLogWorker (SegmentedRaftLogWorker.java:lambda$new$0(129)) - b668f7d5-a6b7-44bf-8278-608be9500c84@group-FDFCEAAEB032-SegmentedRaftLogWorker: safeCacheEvictIndex: setUnconditionally 0 -> -1
2020-06-24 17:10:54,321 [Command processor thread] INFO  commandhandler.CreatePipelineCommandHandler (CreatePipelineCommandHandler.java:handle(109)) - Created Pipeline RATIS ONE #id: "48091301-8442-4af3-80c5-64416489e5cf"
.
2020-06-24 17:10:54,321 [Command processor thread] INFO  impl.RaftServerProxy (RaftServerProxy.java:addNew(89)) - a7ff2e02-4aae-4e37-b42b-37dd0693648b: addNew group-18B92834D587:[a7ff2e02-4aae-4e37-b42b-37dd0693648b:172.17.0.2:34743, 901834b2-99ef-48e6-a81c-aba752cc936b:172.17.0.2:37855, abd1f0dd-6a7c-459f-aa66-bfbee4a0afa9:172.17.0.2:39925] returns group-18B92834D587:java.util.concurrent.CompletableFuture@6d768028[Not completed]
2020-06-24 17:10:54,322 [pool-67-thread-1] INFO  impl.RaftServerImpl (RaftServerImpl.java:<init>(99)) - a7ff2e02-4aae-4e37-b42b-37dd0693648b: new RaftServerImpl for group-18B92834D587:[a7ff2e02-4aae-4e37-b42b-37dd0693648b:172.17.0.2:34743, 901834b2-99ef-48e6-a81c-aba752cc936b:172.17.0.2:37855, abd1f0dd-6a7c-459f-aa66-bfbee4a0afa9:172.17.0.2:39925] with ContainerStateMachine:uninitialized
2020-06-24 17:10:54,322 [pool-67-thread-1] INFO  server.RaftServerConfigKeys (ConfUtils.java:logGet(44)) - raft.server.rpc.timeout.min = 5s (custom)
2020-06-24 17:10:54,322 [pool-67-thread-1] INFO  server.RaftServerConfigKeys (ConfUtils.java:logGet(44)) - raft.server.rpc.timeout.max = 5200ms (custom)
2020-06-24 17:10:54,322 [pool-67-thread-1] INFO  server.RaftServerConfigKeys (ConfUtils.java:logGet(44)) - raft.server.rpcslowness.timeout = 300s (custom)
2020-06-24 17:10:54,322 [pool-67-thread-1] INFO  server.RaftServerConfigKeys (ConfUtils.java:logGet(44)) - raft.server.sleep.deviation.threshold = 300 (default)
2020-06-24 17:10:54,323 [pool-67-thread-1] INFO  server.RaftServerConfigKeys (ConfUtils.java:logGet(44)) - raft.server.log.appender.install.snapshot.enabled = false (custom)
2020-06-24 17:10:54,323 [pool-67-thread-1] INFO  impl.RaftServerImpl (ServerState.java:<init>(103)) - a7ff2e02-4aae-4e37-b42b-37dd0693648b@group-18B92834D587: ConfigurationManager, init=-1: [a7ff2e02-4aae-4e37-b42b-37dd0693648b:172.17.0.2:34743, 901834b2-99ef-48e6-a81c-aba752cc936b:172.17.0.2:37855, abd1f0dd-6a7c-459f-aa66-bfbee4a0afa9:172.17.0.2:39925], old=null, confs=<EMPTY_MAP>
2020-06-24 17:10:54,323 [pool-67-thread-1] INFO  server.RaftServerConfigKeys (ConfUtils.java:logGet(44)) - raft.server.storage.dir = [/github/workspace/mnt/ozone/hadoop-ozone/integration-test/target/test-dir/MiniOzoneClusterImpl-45b18ba1-9114-4b33-af64-cafa5396b779/datanode-2/data/ratis] (custom)
2020-06-24 17:10:54,323 [pool-67-thread-1] INFO  server.RaftServerConfigKeys (ConfUtils.java:logGet(44)) - raft.server.log.corruption.policy = EXCEPTION (default)
2020-06-24 17:10:54,323 [pool-67-thread-1] INFO  storage.RaftStorageDirectory (RaftStorageDirectory.java:analyzeStorage(261)) - The storage directory /github/workspace/mnt/ozone/hadoop-ozone/integration-test/target/test-dir/MiniOzoneClusterImpl-45b18ba1-9114-4b33-af64-cafa5396b779/datanode-2/data/ratis/64128139-cca4-47e5-bbfc-18b92834d587 does not exist. Creating ...
2020-06-24 17:10:54,324 [pool-99-thread-1] INFO  storage.RaftStorage (RaftStorage.java:format(84)) - Storage directory /github/workspace/mnt/ozone/hadoop-ozone/integration-test/target/test-dir/MiniOzoneClusterImpl-45b18ba1-9114-4b33-af64-cafa5396b779/datanode-4/data/ratis/63d7e702-853d-429a-8ffc-0f9e779b3284 has been successfully formatted.
2020-06-24 17:10:54,324 [pool-67-thread-1] INFO  storage.RaftStorageDirectory (RaftStorageDirectory.java:tryLock(343)) - Lock on /github/workspace/mnt/ozone/hadoop-ozone/integration-test/target/test-dir/MiniOzoneClusterImpl-45b18ba1-9114-4b33-af64-cafa5396b779/datanode-2/data/ratis/64128139-cca4-47e5-bbfc-18b92834d587/in_use.lock acquired by nodename 8206@ff49ff68588e
2020-06-24 17:10:54,326 [pool-67-thread-1] INFO  storage.RaftStorage (RaftStorage.java:format(84)) - Storage directory /github/workspace/mnt/ozone/hadoop-ozone/integration-test/target/test-dir/MiniOzoneClusterImpl-45b18ba1-9114-4b33-af64-cafa5396b779/datanode-2/data/ratis/64128139-cca4-47e5-bbfc-18b92834d587 has been successfully formatted.
2020-06-24 17:10:54,330 [pool-83-thread-1] INFO  server.RaftServerConfigKeys (ConfUtils.java:logGet(44)) - raft.server.snapshot.auto.trigger.enabled = true (custom)
2020-06-24 17:10:54,330 [pool-83-thread-1] INFO  server.RaftServerConfigKeys (ConfUtils.java:logGet(44)) - raft.server.snapshot.auto.trigger.threshold = 10000 (custom)
2020-06-24 17:10:54,330 [pool-83-thread-1] INFO  server.RaftServerConfigKeys (ConfUtils.java:logGet(44)) - raft.server.snapshot.retention.file.num = 5 (custom)
2020-06-24 17:10:54,330 [pool-83-thread-1] INFO  server.RaftServerConfigKeys (ConfUtils.java:logGet(44)) - raft.server.log.purge.upto.snapshot.index = false (default)
2020-06-24 17:10:54,330 [pool-83-thread-1] INFO  server.RaftServerConfigKeys (ConfUtils.java:logGet(44)) - raft.server.retrycache.expirytime = 600000ms (custom)
2020-06-24 17:10:54,330 [pool-83-thread-1] INFO  metrics.RatisMetrics (RatisMetrics.java:lambda$create$0(36)) - Creating Metrics Registry : ratis.leader_election.b668f7d5-a6b7-44bf-8278-608be9500c84@group-FDFCEAAEB032
2020-06-24 17:10:54,331 [pool-83-thread-1] INFO  metrics.RatisMetrics (RatisMetrics.java:lambda$create$0(36)) - Creating Metrics Registry : ratis.server.b668f7d5-a6b7-44bf-8278-608be9500c84@group-FDFCEAAEB032
2020-06-24 17:10:54,332 [pool-83-thread-1] INFO  impl.RaftServerImpl (RaftServerImpl.java:start(186)) - b668f7d5-a6b7-44bf-8278-608be9500c84@group-FDFCEAAEB032: start as a follower, conf=-1: [afb85034-fb37-497e-9144-3e9dc86fd25a:172.17.0.2:35489, 2b7adba8-1059-44f9-97bc-2868c192e760:172.17.0.2:35263, b668f7d5-a6b7-44bf-8278-608be9500c84:172.17.0.2:41691], old=null
2020-06-24 17:10:54,332 [pool-83-thread-1] INFO  impl.RaftServerImpl (RaftServerImpl.java:setRole(175)) - b668f7d5-a6b7-44bf-8278-608be9500c84@group-FDFCEAAEB032: changes role from      null to FOLLOWER at term 0 for startAsFollower
2020-06-24 17:10:54,332 [pool-83-thread-1] INFO  impl.RoleInfo (RoleInfo.java:updateAndGet(143)) - b668f7d5-a6b7-44bf-8278-608be9500c84: start FollowerState
2020-06-24 17:10:54,332 [pool-67-thread-1] INFO  ratis.ContainerStateMachine (ContainerStateMachine.java:loadSnapshot(226)) - group-18B92834D587: The snapshot info is null. Setting the last applied indexto:(t:0, i:~)
2020-06-24 17:10:54,332 [pool-67-thread-1] INFO  server.RaftServerConfigKeys (ConfUtils.java:logGet(44)) - raft.server.notification.no-leader.timeout = 60s (default)
2020-06-24 17:10:54,333 [pool-67-thread-1] INFO  server.RaftServerConfigKeys (ConfUtils.java:logGet(44)) - raft.server.log.use.memory = false (default)
2020-06-24 17:10:54,333 [pool-67-thread-1] INFO  server.RaftServerConfigKeys (ConfUtils.java:logGet(44)) - raft.server.log.purge.gap = 1000000 (custom)
2020-06-24 17:10:54,333 [pool-67-thread-1] INFO  server.RaftServerConfigKeys (ConfUtils.java:logGet(44)) - raft.server.log.appender.buffer.byte-limit = 33554432 (custom)
2020-06-24 17:10:54,333 [pool-67-thread-1] INFO  server.RaftServerConfigKeys (ConfUtils.java:logGet(44)) - raft.server.log.segment.size.max = 1048576 (custom)
2020-06-24 17:10:54,333 [pool-67-thread-1] INFO  metrics.RatisMetrics (RatisMetrics.java:lambda$create$0(36)) - Creating Metrics Registry : ratis.log_worker.a7ff2e02-4aae-4e37-b42b-37dd0693648b@group-18B92834D587
2020-06-24 17:10:54,333 [pool-67-thread-1] INFO  server.RaftServerConfigKeys (ConfUtils.java:logGet(44)) - raft.server.log.segment.cache.num.max = 2 (custom)
2020-06-24 17:10:54,333 [pool-67-thread-1] INFO  segmented.SegmentedRaftLogWorker (SegmentedRaftLogWorker.java:<init>(180)) - new a7ff2e02-4aae-4e37-b42b-37dd0693648b@group-18B92834D587-SegmentedRaftLogWorker for RaftStorage:Storage Directory /github/workspace/mnt/ozone/hadoop-ozone/integration-test/target/test-dir/MiniOzoneClusterImpl-45b18ba1-9114-4b33-af64-cafa5396b779/datanode-2/data/ratis/64128139-cca4-47e5-bbfc-18b92834d587
2020-06-24 17:10:54,333 [pool-67-thread-1] INFO  server.RaftServerConfigKeys (ConfUtils.java:logGet(44)) - raft.server.log.queue.byte-limit = 2147483647 (custom)
2020-06-24 17:10:54,333 [pool-67-thread-1] INFO  server.RaftServerConfigKeys (ConfUtils.java:logGet(44)) - raft.server.log.queue.element-limit = 1024 (custom)
2020-06-24 17:10:54,333 [pool-67-thread-1] INFO  server.RaftServerConfigKeys (ConfUtils.java:logGet(44)) - raft.server.log.segment.size.max = 1048576 (custom)
2020-06-24 17:10:54,333 [pool-67-thread-1] INFO  server.RaftServerConfigKeys (ConfUtils.java:logGet(44)) - raft.server.log.preallocated.size = 16384 (custom)
2020-06-24 17:10:54,333 [pool-67-thread-1] INFO  server.RaftServerConfigKeys (ConfUtils.java:logGet(44)) - raft.server.log.write.buffer.size = 1048576 (custom)
2020-06-24 17:10:54,333 [pool-67-thread-1] INFO  server.RaftServerConfigKeys (ConfUtils.java:logGet(44)) - raft.server.log.force.sync.num = 128 (default)
2020-06-24 17:10:54,334 [pool-67-thread-1] INFO  server.RaftServerConfigKeys (ConfUtils.java:logGet(44)) - raft.server.log.statemachine.data.sync = true (default)
2020-06-24 17:10:54,334 [pool-67-thread-1] INFO  server.RaftServerConfigKeys (ConfUtils.java:logGet(44)) - raft.server.log.statemachine.data.sync.timeout = 10s (default)
2020-06-24 17:10:54,334 [pool-67-thread-1] INFO  server.RaftServerConfigKeys (ConfUtils.java:logGet(44)) - raft.server.log.statemachine.data.sync.timeout.retry = -1 (default)
2020-06-24 17:10:54,340 [pool-83-thread-1] INFO  util.JmxRegister (JmxRegister.java:tryRegister(44)) - Successfully registered JMX Bean with object name Ratis:service=RaftServer,group=group-FDFCEAAEB032,id=b668f7d5-a6b7-44bf-8278-608be9500c84
2020-06-24 17:10:54,340 [pool-83-thread-1] INFO  metrics.RatisMetrics (RatisMetrics.java:lambda$create$0(36)) - Creating Metrics Registry : ratis.state_machine.b668f7d5-a6b7-44bf-8278-608be9500c84@group-FDFCEAAEB032
2020-06-24 17:10:54,350 [pool-67-thread-1] INFO  server.RaftServerConfigKeys (ConfUtils.java:logGet(44)) - raft.server.log.statemachine.data.caching.enabled = true (custom)
2020-06-24 17:10:54,350 [pool-67-thread-1] INFO  segmented.SegmentedRaftLogWorker (SegmentedRaftLogWorker.java:lambda$new$0(129)) - a7ff2e02-4aae-4e37-b42b-37dd0693648b@group-18B92834D587-SegmentedRaftLogWorker: flushIndex: setUnconditionally 0 -> -1
2020-06-24 17:10:54,350 [pool-67-thread-1] INFO  segmented.SegmentedRaftLogWorker (SegmentedRaftLogWorker.java:lambda$new$0(129)) - a7ff2e02-4aae-4e37-b42b-37dd0693648b@group-18B92834D587-SegmentedRaftLogWorker: safeCacheEvictIndex: setUnconditionally 0 -> -1
2020-06-24 17:10:54,352 [pool-67-thread-1] INFO  server.RaftServerConfigKeys (ConfUtils.java:logGet(44)) - raft.server.snapshot.auto.trigger.enabled = true (custom)
2020-06-24 17:10:54,352 [pool-67-thread-1] INFO  server.RaftServerConfigKeys (ConfUtils.java:logGet(44)) - raft.server.snapshot.auto.trigger.threshold = 10000 (custom)
2020-06-24 17:10:54,352 [pool-67-thread-1] INFO  server.RaftServerConfigKeys (ConfUtils.java:logGet(44)) - raft.server.snapshot.retention.file.num = 5 (custom)
2020-06-24 17:10:54,352 [pool-67-thread-1] INFO  server.RaftServerConfigKeys (ConfUtils.java:logGet(44)) - raft.server.log.purge.upto.snapshot.index = false (default)
2020-06-24 17:10:54,352 [pool-67-thread-1] INFO  server.RaftServerConfigKeys (ConfUtils.java:logGet(44)) - raft.server.retrycache.expirytime = 600000ms (custom)
2020-06-24 17:10:54,352 [pool-67-thread-1] INFO  metrics.RatisMetrics (RatisMetrics.java:lambda$create$0(36)) - Creating Metrics Registry : ratis.leader_election.a7ff2e02-4aae-4e37-b42b-37dd0693648b@group-18B92834D587
2020-06-24 17:10:54,353 [pool-67-thread-1] INFO  metrics.RatisMetrics (RatisMetrics.java:lambda$create$0(36)) - Creating Metrics Registry : ratis.server.a7ff2e02-4aae-4e37-b42b-37dd0693648b@group-18B92834D587
2020-06-24 17:10:54,353 [pool-67-thread-1] INFO  impl.RaftServerImpl (RaftServerImpl.java:start(186)) - a7ff2e02-4aae-4e37-b42b-37dd0693648b@group-18B92834D587: start as a follower, conf=-1: [a7ff2e02-4aae-4e37-b42b-37dd0693648b:172.17.0.2:34743, 901834b2-99ef-48e6-a81c-aba752cc936b:172.17.0.2:37855, abd1f0dd-6a7c-459f-aa66-bfbee4a0afa9:172.17.0.2:39925], old=null
2020-06-24 17:10:54,353 [pool-67-thread-1] INFO  impl.RaftServerImpl (RaftServerImpl.java:setRole(175)) - a7ff2e02-4aae-4e37-b42b-37dd0693648b@group-18B92834D587: changes role from      null to FOLLOWER at term 0 for startAsFollower
2020-06-24 17:10:54,354 [pool-67-thread-1] INFO  impl.RoleInfo (RoleInfo.java:updateAndGet(143)) - a7ff2e02-4aae-4e37-b42b-37dd0693648b: start FollowerState
2020-06-24 17:10:54,356 [pool-67-thread-1] INFO  util.JmxRegister (JmxRegister.java:tryRegister(44)) - Successfully registered JMX Bean with object name Ratis:service=RaftServer,group=group-18B92834D587,id=a7ff2e02-4aae-4e37-b42b-37dd0693648b
2020-06-24 17:10:54,356 [pool-67-thread-1] INFO  metrics.RatisMetrics (RatisMetrics.java:lambda$create$0(36)) - Creating Metrics Registry : ratis.state_machine.a7ff2e02-4aae-4e37-b42b-37dd0693648b@group-18B92834D587
2020-06-24 17:10:54,360 [pool-99-thread-1] INFO  ratis.ContainerStateMachine (ContainerStateMachine.java:loadSnapshot(226)) - group-0F9E779B3284: The snapshot info is null. Setting the last applied indexto:(t:0, i:~)
2020-06-24 17:10:54,360 [pool-99-thread-1] INFO  server.RaftServerConfigKeys (ConfUtils.java:logGet(44)) - raft.server.notification.no-leader.timeout = 60s (default)
2020-06-24 17:10:54,360 [pool-99-thread-1] INFO  server.RaftServerConfigKeys (ConfUtils.java:logGet(44)) - raft.server.log.use.memory = false (default)
2020-06-24 17:10:54,360 [pool-99-thread-1] INFO  server.RaftServerConfigKeys (ConfUtils.java:logGet(44)) - raft.server.log.purge.gap = 1000000 (custom)
2020-06-24 17:10:54,361 [pool-99-thread-1] INFO  server.RaftServerConfigKeys (ConfUtils.java:logGet(44)) - raft.server.log.appender.buffer.byte-limit = 33554432 (custom)
2020-06-24 17:10:54,361 [pool-99-thread-1] INFO  server.RaftServerConfigKeys (ConfUtils.java:logGet(44)) - raft.server.log.segment.size.max = 1048576 (custom)
2020-06-24 17:10:54,361 [pool-99-thread-1] INFO  metrics.RatisMetrics (RatisMetrics.java:lambda$create$0(36)) - Creating Metrics Registry : ratis.log_worker.2b7adba8-1059-44f9-97bc-2868c192e760@group-0F9E779B3284
2020-06-24 17:10:54,361 [pool-99-thread-1] INFO  server.RaftServerConfigKeys (ConfUtils.java:logGet(44)) - raft.server.log.segment.cache.num.max = 2 (custom)
2020-06-24 17:10:54,361 [pool-99-thread-1] INFO  segmented.SegmentedRaftLogWorker (SegmentedRaftLogWorker.java:<init>(180)) - new 2b7adba8-1059-44f9-97bc-2868c192e760@group-0F9E779B3284-SegmentedRaftLogWorker for RaftStorage:Storage Directory /github/workspace/mnt/ozone/hadoop-ozone/integration-test/target/test-dir/MiniOzoneClusterImpl-45b18ba1-9114-4b33-af64-cafa5396b779/datanode-4/data/ratis/63d7e702-853d-429a-8ffc-0f9e779b3284
2020-06-24 17:10:54,361 [pool-99-thread-1] INFO  server.RaftServerConfigKeys (ConfUtils.java:logGet(44)) - raft.server.log.queue.byte-limit = 2147483647 (custom)
2020-06-24 17:10:54,361 [pool-99-thread-1] INFO  server.RaftServerConfigKeys (ConfUtils.java:logGet(44)) - raft.server.log.queue.element-limit = 1024 (custom)
2020-06-24 17:10:54,361 [pool-99-thread-1] INFO  server.RaftServerConfigKeys (ConfUtils.java:logGet(44)) - raft.server.log.segment.size.max = 1048576 (custom)
2020-06-24 17:10:54,361 [pool-99-thread-1] INFO  server.RaftServerConfigKeys (ConfUtils.java:logGet(44)) - raft.server.log.preallocated.size = 16384 (custom)
2020-06-24 17:10:54,361 [pool-99-thread-1] INFO  server.RaftServerConfigKeys (ConfUtils.java:logGet(44)) - raft.server.log.write.buffer.size = 1048576 (custom)
2020-06-24 17:10:54,361 [pool-99-thread-1] INFO  server.RaftServerConfigKeys (ConfUtils.java:logGet(44)) - raft.server.log.force.sync.num = 128 (default)
2020-06-24 17:10:54,361 [pool-99-thread-1] INFO  server.RaftServerConfigKeys (ConfUtils.java:logGet(44)) - raft.server.log.statemachine.data.sync = true (default)
2020-06-24 17:10:54,361 [pool-99-thread-1] INFO  server.RaftServerConfigKeys (ConfUtils.java:logGet(44)) - raft.server.log.statemachine.data.sync.timeout = 10s (default)
2020-06-24 17:10:54,361 [pool-99-thread-1] INFO  server.RaftServerConfigKeys (ConfUtils.java:logGet(44)) - raft.server.log.statemachine.data.sync.timeout.retry = -1 (default)
2020-06-24 17:10:54,364 [EventQueue-PipelineReportForPipelineReportHandler] INFO  pipeline.PipelineStateManager (PipelineStateManager.java:openPipeline(131)) - Pipeline Pipeline[ Id: 63d7e702-853d-429a-8ffc-0f9e779b3284, Nodes: 2b7adba8-1059-44f9-97bc-2868c192e760{ip: 172.17.0.2, host: ff49ff68588e, networkLocation: /default-rack, certSerialId: null}, Type:RATIS, Factor:ONE, State:ALLOCATED, leaderId:2b7adba8-1059-44f9-97bc-2868c192e760, CreationTimestamp2020-06-24T17:10:51.293Z] moved to OPEN state
2020-06-24 17:10:54,364 [EventQueue-OpenPipelineForOneReplicaPipelineSafeModeRule] INFO  safemode.SCMSafeModeManager (SCMSafeModeManager.java:validateSafeModeExitRules(214)) - AtleastOneDatanodeReportedRule rule is successfully validated
2020-06-24 17:10:54,364 [EventQueue-OpenPipelineForHealthyPipelineSafeModeRule] INFO  safemode.SCMSafeModeManager (HealthyPipelineSafeModeRule.java:process(132)) - SCM in safe mode. Healthy pipelines reported count is 0, required healthy pipeline reported count is 1
2020-06-24 17:10:54,365 [pool-99-thread-1] INFO  server.RaftServerConfigKeys (ConfUtils.java:logGet(44)) - raft.server.log.statemachine.data.caching.enabled = true (custom)
2020-06-24 17:10:54,365 [pool-99-thread-1] INFO  segmented.SegmentedRaftLogWorker (SegmentedRaftLogWorker.java:lambda$new$0(129)) - 2b7adba8-1059-44f9-97bc-2868c192e760@group-0F9E779B3284-SegmentedRaftLogWorker: flushIndex: setUnconditionally 0 -> -1
2020-06-24 17:10:54,365 [pool-99-thread-1] INFO  segmented.SegmentedRaftLogWorker (SegmentedRaftLogWorker.java:lambda$new$0(129)) - 2b7adba8-1059-44f9-97bc-2868c192e760@group-0F9E779B3284-SegmentedRaftLogWorker: safeCacheEvictIndex: setUnconditionally 0 -> -1
2020-06-24 17:10:54,367 [pool-99-thread-1] INFO  server.RaftServerConfigKeys (ConfUtils.java:logGet(44)) - raft.server.snapshot.auto.trigger.enabled = true (custom)
2020-06-24 17:10:54,367 [pool-99-thread-1] INFO  server.RaftServerConfigKeys (ConfUtils.java:logGet(44)) - raft.server.snapshot.auto.trigger.threshold = 10000 (custom)
2020-06-24 17:10:54,367 [pool-99-thread-1] INFO  server.RaftServerConfigKeys (ConfUtils.java:logGet(44)) - raft.server.snapshot.retention.file.num = 5 (custom)
2020-06-24 17:10:54,367 [pool-99-thread-1] INFO  server.RaftServerConfigKeys (ConfUtils.java:logGet(44)) - raft.server.log.purge.upto.snapshot.index = false (default)
2020-06-24 17:10:54,368 [pool-99-thread-1] INFO  server.RaftServerConfigKeys (ConfUtils.java:logGet(44)) - raft.server.retrycache.expirytime = 600000ms (custom)
2020-06-24 17:10:54,368 [pool-99-thread-1] INFO  metrics.RatisMetrics (RatisMetrics.java:lambda$create$0(36)) - Creating Metrics Registry : ratis.leader_election.2b7adba8-1059-44f9-97bc-2868c192e760@group-0F9E779B3284
2020-06-24 17:10:54,373 [pool-99-thread-1] INFO  metrics.RatisMetrics (RatisMetrics.java:lambda$create$0(36)) - Creating Metrics Registry : ratis.server.2b7adba8-1059-44f9-97bc-2868c192e760@group-0F9E779B3284
2020-06-24 17:10:54,373 [pool-99-thread-1] INFO  impl.RaftServerImpl (RaftServerImpl.java:start(186)) - 2b7adba8-1059-44f9-97bc-2868c192e760@group-0F9E779B3284: start as a follower, conf=-1: [2b7adba8-1059-44f9-97bc-2868c192e760:172.17.0.2:35263], old=null
2020-06-24 17:10:54,374 [pool-99-thread-1] INFO  impl.RaftServerImpl (RaftServerImpl.java:setRole(175)) - 2b7adba8-1059-44f9-97bc-2868c192e760@group-0F9E779B3284: changes role from      null to FOLLOWER at term 0 for startAsFollower
2020-06-24 17:10:54,374 [Command processor thread] INFO  impl.RaftServerProxy (RaftServerProxy.java:addNew(89)) - afb85034-fb37-497e-9144-3e9dc86fd25a: addNew group-4BBA62028CD3:[afb85034-fb37-497e-9144-3e9dc86fd25a:172.17.0.2:35489] returns group-4BBA62028CD3:java.util.concurrent.CompletableFuture@4fbcb90f[Not completed]
2020-06-24 17:10:54,377 [pool-115-thread-1] INFO  impl.RaftServerImpl (RaftServerImpl.java:<init>(99)) - afb85034-fb37-497e-9144-3e9dc86fd25a: new RaftServerImpl for group-4BBA62028CD3:[afb85034-fb37-497e-9144-3e9dc86fd25a:172.17.0.2:35489] with ContainerStateMachine:uninitialized
2020-06-24 17:10:54,380 [pool-99-thread-1] INFO  impl.RoleInfo (RoleInfo.java:updateAndGet(143)) - 2b7adba8-1059-44f9-97bc-2868c192e760: start FollowerState
2020-06-24 17:10:54,380 [pool-115-thread-1] INFO  server.RaftServerConfigKeys (ConfUtils.java:logGet(44)) - raft.server.rpc.timeout.min = 5s (custom)
2020-06-24 17:10:54,381 [pool-115-thread-1] INFO  server.RaftServerConfigKeys (ConfUtils.java:logGet(44)) - raft.server.rpc.timeout.max = 5200ms (custom)
2020-06-24 17:10:54,381 [pool-115-thread-1] INFO  server.RaftServerConfigKeys (ConfUtils.java:logGet(44)) - raft.server.rpcslowness.timeout = 300s (custom)
2020-06-24 17:10:54,381 [pool-115-thread-1] INFO  server.RaftServerConfigKeys (ConfUtils.java:logGet(44)) - raft.server.sleep.deviation.threshold = 300 (default)
2020-06-24 17:10:54,381 [pool-115-thread-1] INFO  server.RaftServerConfigKeys (ConfUtils.java:logGet(44)) - raft.server.log.appender.install.snapshot.enabled = false (custom)
2020-06-24 17:10:54,381 [pool-115-thread-1] INFO  impl.RaftServerImpl (ServerState.java:<init>(103)) - afb85034-fb37-497e-9144-3e9dc86fd25a@group-4BBA62028CD3: ConfigurationManager, init=-1: [afb85034-fb37-497e-9144-3e9dc86fd25a:172.17.0.2:35489], old=null, confs=<EMPTY_MAP>
2020-06-24 17:10:54,381 [pool-115-thread-1] INFO  server.RaftServerConfigKeys (ConfUtils.java:logGet(44)) - raft.server.storage.dir = [/github/workspace/mnt/ozone/hadoop-ozone/integration-test/target/test-dir/MiniOzoneClusterImpl-45b18ba1-9114-4b33-af64-cafa5396b779/datanode-5/data/ratis] (custom)
2020-06-24 17:10:54,382 [pool-115-thread-1] INFO  server.RaftServerConfigKeys (ConfUtils.java:logGet(44)) - raft.server.log.corruption.policy = EXCEPTION (default)
2020-06-24 17:10:54,382 [pool-115-thread-1] INFO  storage.RaftStorageDirectory (RaftStorageDirectory.java:analyzeStorage(261)) - The storage directory /github/workspace/mnt/ozone/hadoop-ozone/integration-test/target/test-dir/MiniOzoneClusterImpl-45b18ba1-9114-4b33-af64-cafa5396b779/datanode-5/data/ratis/b5cf8d53-ffe4-427c-88ed-4bba62028cd3 does not exist. Creating ...
2020-06-24 17:10:54,383 [pool-115-thread-1] INFO  storage.RaftStorageDirectory (RaftStorageDirectory.java:tryLock(343)) - Lock on /github/workspace/mnt/ozone/hadoop-ozone/integration-test/target/test-dir/MiniOzoneClusterImpl-45b18ba1-9114-4b33-af64-cafa5396b779/datanode-5/data/ratis/b5cf8d53-ffe4-427c-88ed-4bba62028cd3/in_use.lock acquired by nodename 8206@ff49ff68588e
2020-06-24 17:10:54,384 [pool-115-thread-1] INFO  storage.RaftStorage (RaftStorage.java:format(84)) - Storage directory /github/workspace/mnt/ozone/hadoop-ozone/integration-test/target/test-dir/MiniOzoneClusterImpl-45b18ba1-9114-4b33-af64-cafa5396b779/datanode-5/data/ratis/b5cf8d53-ffe4-427c-88ed-4bba62028cd3 has been successfully formatted.
2020-06-24 17:10:54,394 [pool-99-thread-1] INFO  util.JmxRegister (JmxRegister.java:tryRegister(44)) - Successfully registered JMX Bean with object name Ratis:service=RaftServer,group=group-0F9E779B3284,id=2b7adba8-1059-44f9-97bc-2868c192e760
2020-06-24 17:10:54,394 [pool-99-thread-1] INFO  metrics.RatisMetrics (RatisMetrics.java:lambda$create$0(36)) - Creating Metrics Registry : ratis.state_machine.2b7adba8-1059-44f9-97bc-2868c192e760@group-0F9E779B3284
2020-06-24 17:10:54,401 [Command processor thread] INFO  commandhandler.CreatePipelineCommandHandler (CreatePipelineCommandHandler.java:handle(109)) - Created Pipeline RATIS ONE #id: "63d7e702-853d-429a-8ffc-0f9e779b3284"
.
2020-06-24 17:10:54,401 [Command processor thread] INFO  impl.RaftServerProxy (RaftServerProxy.java:addNew(89)) - 2b7adba8-1059-44f9-97bc-2868c192e760: addNew group-FDFCEAAEB032:[afb85034-fb37-497e-9144-3e9dc86fd25a:172.17.0.2:35489, 2b7adba8-1059-44f9-97bc-2868c192e760:172.17.0.2:35263, b668f7d5-a6b7-44bf-8278-608be9500c84:172.17.0.2:41691] returns group-FDFCEAAEB032:java.util.concurrent.CompletableFuture@5f7eb211[Not completed]
2020-06-24 17:10:54,403 [pool-99-thread-1] INFO  impl.RaftServerImpl (RaftServerImpl.java:<init>(99)) - 2b7adba8-1059-44f9-97bc-2868c192e760: new RaftServerImpl for group-FDFCEAAEB032:[afb85034-fb37-497e-9144-3e9dc86fd25a:172.17.0.2:35489, 2b7adba8-1059-44f9-97bc-2868c192e760:172.17.0.2:35263, b668f7d5-a6b7-44bf-8278-608be9500c84:172.17.0.2:41691] with ContainerStateMachine:uninitialized
2020-06-24 17:10:54,403 [pool-99-thread-1] INFO  server.RaftServerConfigKeys (ConfUtils.java:logGet(44)) - raft.server.rpc.timeout.min = 5s (custom)
2020-06-24 17:10:54,403 [pool-99-thread-1] INFO  server.RaftServerConfigKeys (ConfUtils.java:logGet(44)) - raft.server.rpc.timeout.max = 5200ms (custom)
2020-06-24 17:10:54,403 [pool-99-thread-1] INFO  server.RaftServerConfigKeys (ConfUtils.java:logGet(44)) - raft.server.rpcslowness.timeout = 300s (custom)
2020-06-24 17:10:54,403 [pool-99-thread-1] INFO  server.RaftServerConfigKeys (ConfUtils.java:logGet(44)) - raft.server.sleep.deviation.threshold = 300 (default)
2020-06-24 17:10:54,403 [pool-99-thread-1] INFO  server.RaftServerConfigKeys (ConfUtils.java:logGet(44)) - raft.server.log.appender.install.snapshot.enabled = false (custom)
2020-06-24 17:10:54,403 [pool-99-thread-1] INFO  impl.RaftServerImpl (ServerState.java:<init>(103)) - 2b7adba8-1059-44f9-97bc-2868c192e760@group-FDFCEAAEB032: ConfigurationManager, init=-1: [afb85034-fb37-497e-9144-3e9dc86fd25a:172.17.0.2:35489, 2b7adba8-1059-44f9-97bc-2868c192e760:172.17.0.2:35263, b668f7d5-a6b7-44bf-8278-608be9500c84:172.17.0.2:41691], old=null, confs=<EMPTY_MAP>
2020-06-24 17:10:54,403 [pool-99-thread-1] INFO  server.RaftServerConfigKeys (ConfUtils.java:logGet(44)) - raft.server.storage.dir = [/github/workspace/mnt/ozone/hadoop-ozone/integration-test/target/test-dir/MiniOzoneClusterImpl-45b18ba1-9114-4b33-af64-cafa5396b779/datanode-4/data/ratis] (custom)
2020-06-24 17:10:54,403 [pool-99-thread-1] INFO  server.RaftServerConfigKeys (ConfUtils.java:logGet(44)) - raft.server.log.corruption.policy = EXCEPTION (default)
2020-06-24 17:10:54,403 [pool-99-thread-1] INFO  storage.RaftStorageDirectory (RaftStorageDirectory.java:analyzeStorage(261)) - The storage directory /github/workspace/mnt/ozone/hadoop-ozone/integration-test/target/test-dir/MiniOzoneClusterImpl-45b18ba1-9114-4b33-af64-cafa5396b779/datanode-4/data/ratis/7913204f-831d-4a06-a975-fdfceaaeb032 does not exist. Creating ...
2020-06-24 17:10:54,404 [pool-115-thread-1] INFO  ratis.ContainerStateMachine (ContainerStateMachine.java:loadSnapshot(226)) - group-4BBA62028CD3: The snapshot info is null. Setting the last applied indexto:(t:0, i:~)
2020-06-24 17:10:54,404 [pool-115-thread-1] INFO  server.RaftServerConfigKeys (ConfUtils.java:logGet(44)) - raft.server.notification.no-leader.timeout = 60s (default)
2020-06-24 17:10:54,405 [pool-115-thread-1] INFO  server.RaftServerConfigKeys (ConfUtils.java:logGet(44)) - raft.server.log.use.memory = false (default)
2020-06-24 17:10:54,405 [pool-115-thread-1] INFO  server.RaftServerConfigKeys (ConfUtils.java:logGet(44)) - raft.server.log.purge.gap = 1000000 (custom)
2020-06-24 17:10:54,405 [pool-115-thread-1] INFO  server.RaftServerConfigKeys (ConfUtils.java:logGet(44)) - raft.server.log.appender.buffer.byte-limit = 33554432 (custom)
2020-06-24 17:10:54,405 [pool-115-thread-1] INFO  server.RaftServerConfigKeys (ConfUtils.java:logGet(44)) - raft.server.log.segment.size.max = 1048576 (custom)
2020-06-24 17:10:54,405 [pool-115-thread-1] INFO  metrics.RatisMetrics (RatisMetrics.java:lambda$create$0(36)) - Creating Metrics Registry : ratis.log_worker.afb85034-fb37-497e-9144-3e9dc86fd25a@group-4BBA62028CD3
2020-06-24 17:10:54,405 [pool-115-thread-1] INFO  server.RaftServerConfigKeys (ConfUtils.java:logGet(44)) - raft.server.log.segment.cache.num.max = 2 (custom)
2020-06-24 17:10:54,405 [pool-115-thread-1] INFO  segmented.SegmentedRaftLogWorker (SegmentedRaftLogWorker.java:<init>(180)) - new afb85034-fb37-497e-9144-3e9dc86fd25a@group-4BBA62028CD3-SegmentedRaftLogWorker for RaftStorage:Storage Directory /github/workspace/mnt/ozone/hadoop-ozone/integration-test/target/test-dir/MiniOzoneClusterImpl-45b18ba1-9114-4b33-af64-cafa5396b779/datanode-5/data/ratis/b5cf8d53-ffe4-427c-88ed-4bba62028cd3
2020-06-24 17:10:54,406 [pool-115-thread-1] INFO  server.RaftServerConfigKeys (ConfUtils.java:logGet(44)) - raft.server.log.queue.byte-limit = 2147483647 (custom)
2020-06-24 17:10:54,406 [pool-115-thread-1] INFO  server.RaftServerConfigKeys (ConfUtils.java:logGet(44)) - raft.server.log.queue.element-limit = 1024 (custom)
2020-06-24 17:10:54,406 [pool-115-thread-1] INFO  server.RaftServerConfigKeys (ConfUtils.java:logGet(44)) - raft.server.log.segment.size.max = 1048576 (custom)
2020-06-24 17:10:54,406 [pool-115-thread-1] INFO  server.RaftServerConfigKeys (ConfUtils.java:logGet(44)) - raft.server.log.preallocated.size = 16384 (custom)
2020-06-24 17:10:54,406 [pool-115-thread-1] INFO  server.RaftServerConfigKeys (ConfUtils.java:logGet(44)) - raft.server.log.write.buffer.size = 1048576 (custom)
2020-06-24 17:10:54,406 [pool-115-thread-1] INFO  server.RaftServerConfigKeys (ConfUtils.java:logGet(44)) - raft.server.log.force.sync.num = 128 (default)
2020-06-24 17:10:54,406 [pool-115-thread-1] INFO  server.RaftServerConfigKeys (ConfUtils.java:logGet(44)) - raft.server.log.statemachine.data.sync = true (default)
2020-06-24 17:10:54,406 [pool-115-thread-1] INFO  server.RaftServerConfigKeys (ConfUtils.java:logGet(44)) - raft.server.log.statemachine.data.sync.timeout = 10s (default)
2020-06-24 17:10:54,406 [pool-115-thread-1] INFO  server.RaftServerConfigKeys (ConfUtils.java:logGet(44)) - raft.server.log.statemachine.data.sync.timeout.retry = -1 (default)
2020-06-24 17:10:54,409 [EventQueue-PipelineReportForPipelineReportHandler] INFO  pipeline.PipelineStateManager (PipelineStateManager.java:openPipeline(131)) - Pipeline Pipeline[ Id: b5cf8d53-ffe4-427c-88ed-4bba62028cd3, Nodes: afb85034-fb37-497e-9144-3e9dc86fd25a{ip: 172.17.0.2, host: ff49ff68588e, networkLocation: /default-rack, certSerialId: null}, Type:RATIS, Factor:ONE, State:ALLOCATED, leaderId:afb85034-fb37-497e-9144-3e9dc86fd25a, CreationTimestamp2020-06-24T17:10:51.371Z] moved to OPEN state
2020-06-24 17:10:54,409 [EventQueue-OpenPipelineForOneReplicaPipelineSafeModeRule] INFO  safemode.SCMSafeModeManager (SCMSafeModeManager.java:validateSafeModeExitRules(214)) - AtleastOneDatanodeReportedRule rule is successfully validated
2020-06-24 17:10:54,409 [EventQueue-OpenPipelineForHealthyPipelineSafeModeRule] INFO  safemode.SCMSafeModeManager (HealthyPipelineSafeModeRule.java:process(132)) - SCM in safe mode. Healthy pipelines reported count is 0, required healthy pipeline reported count is 1
2020-06-24 17:10:54,409 [pool-115-thread-1] INFO  server.RaftServerConfigKeys (ConfUtils.java:logGet(44)) - raft.server.log.statemachine.data.caching.enabled = true (custom)
2020-06-24 17:10:54,410 [pool-115-thread-1] INFO  segmented.SegmentedRaftLogWorker (SegmentedRaftLogWorker.java:lambda$new$0(129)) - afb85034-fb37-497e-9144-3e9dc86fd25a@group-4BBA62028CD3-SegmentedRaftLogWorker: flushIndex: setUnconditionally 0 -> -1
2020-06-24 17:10:54,410 [pool-115-thread-1] INFO  segmented.SegmentedRaftLogWorker (SegmentedRaftLogWorker.java:lambda$new$0(129)) - afb85034-fb37-497e-9144-3e9dc86fd25a@group-4BBA62028CD3-SegmentedRaftLogWorker: safeCacheEvictIndex: setUnconditionally 0 -> -1
2020-06-24 17:10:54,410 [pool-115-thread-1] INFO  server.RaftServerConfigKeys (ConfUtils.java:logGet(44)) - raft.server.snapshot.auto.trigger.enabled = true (custom)
2020-06-24 17:10:54,410 [pool-115-thread-1] INFO  server.RaftServerConfigKeys (ConfUtils.java:logGet(44)) - raft.server.snapshot.auto.trigger.threshold = 10000 (custom)
2020-06-24 17:10:54,410 [pool-115-thread-1] INFO  server.RaftServerConfigKeys (ConfUtils.java:logGet(44)) - raft.server.snapshot.retention.file.num = 5 (custom)
2020-06-24 17:10:54,410 [pool-115-thread-1] INFO  server.RaftServerConfigKeys (ConfUtils.java:logGet(44)) - raft.server.log.purge.upto.snapshot.index = false (default)
2020-06-24 17:10:54,410 [pool-115-thread-1] INFO  server.RaftServerConfigKeys (ConfUtils.java:logGet(44)) - raft.server.retrycache.expirytime = 600000ms (custom)
2020-06-24 17:10:54,410 [pool-115-thread-1] INFO  metrics.RatisMetrics (RatisMetrics.java:lambda$create$0(36)) - Creating Metrics Registry : ratis.leader_election.afb85034-fb37-497e-9144-3e9dc86fd25a@group-4BBA62028CD3
2020-06-24 17:10:54,411 [pool-115-thread-1] INFO  metrics.RatisMetrics (RatisMetrics.java:lambda$create$0(36)) - Creating Metrics Registry : ratis.server.afb85034-fb37-497e-9144-3e9dc86fd25a@group-4BBA62028CD3
2020-06-24 17:10:54,411 [pool-115-thread-1] INFO  impl.RaftServerImpl (RaftServerImpl.java:start(186)) - afb85034-fb37-497e-9144-3e9dc86fd25a@group-4BBA62028CD3: start as a follower, conf=-1: [afb85034-fb37-497e-9144-3e9dc86fd25a:172.17.0.2:35489], old=null
2020-06-24 17:10:54,412 [pool-115-thread-1] INFO  impl.RaftServerImpl (RaftServerImpl.java:setRole(175)) - afb85034-fb37-497e-9144-3e9dc86fd25a@group-4BBA62028CD3: changes role from      null to FOLLOWER at term 0 for startAsFollower
2020-06-24 17:10:54,412 [pool-115-thread-1] INFO  impl.RoleInfo (RoleInfo.java:updateAndGet(143)) - afb85034-fb37-497e-9144-3e9dc86fd25a: start FollowerState
2020-06-24 17:10:54,413 [pool-99-thread-1] INFO  storage.RaftStorageDirectory (RaftStorageDirectory.java:tryLock(343)) - Lock on /github/workspace/mnt/ozone/hadoop-ozone/integration-test/target/test-dir/MiniOzoneClusterImpl-45b18ba1-9114-4b33-af64-cafa5396b779/datanode-4/data/ratis/7913204f-831d-4a06-a975-fdfceaaeb032/in_use.lock acquired by nodename 8206@ff49ff68588e
2020-06-24 17:10:54,416 [pool-115-thread-1] INFO  util.JmxRegister (JmxRegister.java:tryRegister(44)) - Successfully registered JMX Bean with object name Ratis:service=RaftServer,group=group-4BBA62028CD3,id=afb85034-fb37-497e-9144-3e9dc86fd25a
2020-06-24 17:10:54,416 [pool-115-thread-1] INFO  metrics.RatisMetrics (RatisMetrics.java:lambda$create$0(36)) - Creating Metrics Registry : ratis.state_machine.afb85034-fb37-497e-9144-3e9dc86fd25a@group-4BBA62028CD3
2020-06-24 17:10:54,417 [pool-99-thread-1] INFO  storage.RaftStorage (RaftStorage.java:format(84)) - Storage directory /github/workspace/mnt/ozone/hadoop-ozone/integration-test/target/test-dir/MiniOzoneClusterImpl-45b18ba1-9114-4b33-af64-cafa5396b779/datanode-4/data/ratis/7913204f-831d-4a06-a975-fdfceaaeb032 has been successfully formatted.
2020-06-24 17:10:54,417 [pool-99-thread-1] INFO  ratis.ContainerStateMachine (ContainerStateMachine.java:loadSnapshot(226)) - group-FDFCEAAEB032: The snapshot info is null. Setting the last applied indexto:(t:0, i:~)
2020-06-24 17:10:54,417 [pool-99-thread-1] INFO  server.RaftServerConfigKeys (ConfUtils.java:logGet(44)) - raft.server.notification.no-leader.timeout = 60s (default)
2020-06-24 17:10:54,417 [pool-99-thread-1] INFO  server.RaftServerConfigKeys (ConfUtils.java:logGet(44)) - raft.server.log.use.memory = false (default)
2020-06-24 17:10:54,417 [pool-99-thread-1] INFO  server.RaftServerConfigKeys (ConfUtils.java:logGet(44)) - raft.server.log.purge.gap = 1000000 (custom)
2020-06-24 17:10:54,417 [pool-99-thread-1] INFO  server.RaftServerConfigKeys (ConfUtils.java:logGet(44)) - raft.server.log.appender.buffer.byte-limit = 33554432 (custom)
2020-06-24 17:10:54,417 [pool-99-thread-1] INFO  server.RaftServerConfigKeys (ConfUtils.java:logGet(44)) - raft.server.log.segment.size.max = 1048576 (custom)
2020-06-24 17:10:54,418 [pool-99-thread-1] INFO  metrics.RatisMetrics (RatisMetrics.java:lambda$create$0(36)) - Creating Metrics Registry : ratis.log_worker.2b7adba8-1059-44f9-97bc-2868c192e760@group-FDFCEAAEB032
2020-06-24 17:10:54,418 [pool-99-thread-1] INFO  server.RaftServerConfigKeys (ConfUtils.java:logGet(44)) - raft.server.log.segment.cache.num.max = 2 (custom)
2020-06-24 17:10:54,418 [pool-99-thread-1] INFO  segmented.SegmentedRaftLogWorker (SegmentedRaftLogWorker.java:<init>(180)) - new 2b7adba8-1059-44f9-97bc-2868c192e760@group-FDFCEAAEB032-SegmentedRaftLogWorker for RaftStorage:Storage Directory /github/workspace/mnt/ozone/hadoop-ozone/integration-test/target/test-dir/MiniOzoneClusterImpl-45b18ba1-9114-4b33-af64-cafa5396b779/datanode-4/data/ratis/7913204f-831d-4a06-a975-fdfceaaeb032
2020-06-24 17:10:54,418 [pool-99-thread-1] INFO  server.RaftServerConfigKeys (ConfUtils.java:logGet(44)) - raft.server.log.queue.byte-limit = 2147483647 (custom)
2020-06-24 17:10:54,418 [pool-99-thread-1] INFO  server.RaftServerConfigKeys (ConfUtils.java:logGet(44)) - raft.server.log.queue.element-limit = 1024 (custom)
2020-06-24 17:10:54,418 [pool-99-thread-1] INFO  server.RaftServerConfigKeys (ConfUtils.java:logGet(44)) - raft.server.log.segment.size.max = 1048576 (custom)
2020-06-24 17:10:54,418 [pool-99-thread-1] INFO  server.RaftServerConfigKeys (ConfUtils.java:logGet(44)) - raft.server.log.preallocated.size = 16384 (custom)
2020-06-24 17:10:54,418 [pool-99-thread-1] INFO  server.RaftServerConfigKeys (ConfUtils.java:logGet(44)) - raft.server.log.write.buffer.size = 1048576 (custom)
2020-06-24 17:10:54,418 [pool-99-thread-1] INFO  server.RaftServerConfigKeys (ConfUtils.java:logGet(44)) - raft.server.log.force.sync.num = 128 (default)
2020-06-24 17:10:54,418 [pool-99-thread-1] INFO  server.RaftServerConfigKeys (ConfUtils.java:logGet(44)) - raft.server.log.statemachine.data.sync = true (default)
2020-06-24 17:10:54,418 [pool-99-thread-1] INFO  server.RaftServerConfigKeys (ConfUtils.java:logGet(44)) - raft.server.log.statemachine.data.sync.timeout = 10s (default)
2020-06-24 17:10:54,418 [pool-99-thread-1] INFO  server.RaftServerConfigKeys (ConfUtils.java:logGet(44)) - raft.server.log.statemachine.data.sync.timeout.retry = -1 (default)
2020-06-24 17:10:54,417 [Command processor thread] INFO  commandhandler.CreatePipelineCommandHandler (CreatePipelineCommandHandler.java:handle(109)) - Created Pipeline RATIS ONE #id: "b5cf8d53-ffe4-427c-88ed-4bba62028cd3"
.
2020-06-24 17:10:54,420 [Command processor thread] INFO  impl.RaftServerProxy (RaftServerProxy.java:addNew(89)) - afb85034-fb37-497e-9144-3e9dc86fd25a: addNew group-FDFCEAAEB032:[afb85034-fb37-497e-9144-3e9dc86fd25a:172.17.0.2:35489, 2b7adba8-1059-44f9-97bc-2868c192e760:172.17.0.2:35263, b668f7d5-a6b7-44bf-8278-608be9500c84:172.17.0.2:41691] returns group-FDFCEAAEB032:java.util.concurrent.CompletableFuture@4b832420[Not completed]
2020-06-24 17:10:54,421 [pool-99-thread-1] INFO  server.RaftServerConfigKeys (ConfUtils.java:logGet(44)) - raft.server.log.statemachine.data.caching.enabled = true (custom)
2020-06-24 17:10:54,421 [pool-99-thread-1] INFO  segmented.SegmentedRaftLogWorker (SegmentedRaftLogWorker.java:lambda$new$0(129)) - 2b7adba8-1059-44f9-97bc-2868c192e760@group-FDFCEAAEB032-SegmentedRaftLogWorker: flushIndex: setUnconditionally 0 -> -1
2020-06-24 17:10:54,421 [pool-99-thread-1] INFO  segmented.SegmentedRaftLogWorker (SegmentedRaftLogWorker.java:lambda$new$0(129)) - 2b7adba8-1059-44f9-97bc-2868c192e760@group-FDFCEAAEB032-SegmentedRaftLogWorker: safeCacheEvictIndex: setUnconditionally 0 -> -1
2020-06-24 17:10:54,421 [pool-115-thread-1] INFO  impl.RaftServerImpl (RaftServerImpl.java:<init>(99)) - afb85034-fb37-497e-9144-3e9dc86fd25a: new RaftServerImpl for group-FDFCEAAEB032:[afb85034-fb37-497e-9144-3e9dc86fd25a:172.17.0.2:35489, 2b7adba8-1059-44f9-97bc-2868c192e760:172.17.0.2:35263, b668f7d5-a6b7-44bf-8278-608be9500c84:172.17.0.2:41691] with ContainerStateMachine:uninitialized
2020-06-24 17:10:54,422 [pool-115-thread-1] INFO  server.RaftServerConfigKeys (ConfUtils.java:logGet(44)) - raft.server.rpc.timeout.min = 5s (custom)
2020-06-24 17:10:54,422 [pool-115-thread-1] INFO  server.RaftServerConfigKeys (ConfUtils.java:logGet(44)) - raft.server.rpc.timeout.max = 5200ms (custom)
2020-06-24 17:10:54,422 [pool-115-thread-1] INFO  server.RaftServerConfigKeys (ConfUtils.java:logGet(44)) - raft.server.rpcslowness.timeout = 300s (custom)
2020-06-24 17:10:54,422 [pool-115-thread-1] INFO  server.RaftServerConfigKeys (ConfUtils.java:logGet(44)) - raft.server.sleep.deviation.threshold = 300 (default)
2020-06-24 17:10:54,422 [pool-115-thread-1] INFO  server.RaftServerConfigKeys (ConfUtils.java:logGet(44)) - raft.server.log.appender.install.snapshot.enabled = false (custom)
2020-06-24 17:10:54,422 [pool-115-thread-1] INFO  impl.RaftServerImpl (ServerState.java:<init>(103)) - afb85034-fb37-497e-9144-3e9dc86fd25a@group-FDFCEAAEB032: ConfigurationManager, init=-1: [afb85034-fb37-497e-9144-3e9dc86fd25a:172.17.0.2:35489, 2b7adba8-1059-44f9-97bc-2868c192e760:172.17.0.2:35263, b668f7d5-a6b7-44bf-8278-608be9500c84:172.17.0.2:41691], old=null, confs=<EMPTY_MAP>
2020-06-24 17:10:54,422 [pool-115-thread-1] INFO  server.RaftServerConfigKeys (ConfUtils.java:logGet(44)) - raft.server.storage.dir = [/github/workspace/mnt/ozone/hadoop-ozone/integration-test/target/test-dir/MiniOzoneClusterImpl-45b18ba1-9114-4b33-af64-cafa5396b779/datanode-5/data/ratis] (custom)
2020-06-24 17:10:54,422 [pool-115-thread-1] INFO  server.RaftServerConfigKeys (ConfUtils.java:logGet(44)) - raft.server.log.corruption.policy = EXCEPTION (default)
2020-06-24 17:10:54,422 [pool-115-thread-1] INFO  storage.RaftStorageDirectory (RaftStorageDirectory.java:analyzeStorage(261)) - The storage directory /github/workspace/mnt/ozone/hadoop-ozone/integration-test/target/test-dir/MiniOzoneClusterImpl-45b18ba1-9114-4b33-af64-cafa5396b779/datanode-5/data/ratis/7913204f-831d-4a06-a975-fdfceaaeb032 does not exist. Creating ...
2020-06-24 17:10:54,424 [pool-115-thread-1] INFO  storage.RaftStorageDirectory (RaftStorageDirectory.java:tryLock(343)) - Lock on /github/workspace/mnt/ozone/hadoop-ozone/integration-test/target/test-dir/MiniOzoneClusterImpl-45b18ba1-9114-4b33-af64-cafa5396b779/datanode-5/data/ratis/7913204f-831d-4a06-a975-fdfceaaeb032/in_use.lock acquired by nodename 8206@ff49ff68588e
2020-06-24 17:10:54,425 [pool-115-thread-1] INFO  storage.RaftStorage (RaftStorage.java:format(84)) - Storage directory /github/workspace/mnt/ozone/hadoop-ozone/integration-test/target/test-dir/MiniOzoneClusterImpl-45b18ba1-9114-4b33-af64-cafa5396b779/datanode-5/data/ratis/7913204f-831d-4a06-a975-fdfceaaeb032 has been successfully formatted.
2020-06-24 17:10:54,428 [pool-115-thread-1] INFO  ratis.ContainerStateMachine (ContainerStateMachine.java:loadSnapshot(226)) - group-FDFCEAAEB032: The snapshot info is null. Setting the last applied indexto:(t:0, i:~)
2020-06-24 17:10:54,428 [pool-115-thread-1] INFO  server.RaftServerConfigKeys (ConfUtils.java:logGet(44)) - raft.server.notification.no-leader.timeout = 60s (default)
2020-06-24 17:10:54,428 [pool-115-thread-1] INFO  server.RaftServerConfigKeys (ConfUtils.java:logGet(44)) - raft.server.log.use.memory = false (default)
2020-06-24 17:10:54,428 [pool-115-thread-1] INFO  server.RaftServerConfigKeys (ConfUtils.java:logGet(44)) - raft.server.log.purge.gap = 1000000 (custom)
2020-06-24 17:10:54,428 [pool-115-thread-1] INFO  server.RaftServerConfigKeys (ConfUtils.java:logGet(44)) - raft.server.log.appender.buffer.byte-limit = 33554432 (custom)
2020-06-24 17:10:54,428 [pool-115-thread-1] INFO  server.RaftServerConfigKeys (ConfUtils.java:logGet(44)) - raft.server.log.segment.size.max = 1048576 (custom)
2020-06-24 17:10:54,428 [pool-115-thread-1] INFO  metrics.RatisMetrics (RatisMetrics.java:lambda$create$0(36)) - Creating Metrics Registry : ratis.log_worker.afb85034-fb37-497e-9144-3e9dc86fd25a@group-FDFCEAAEB032
2020-06-24 17:10:54,428 [pool-115-thread-1] INFO  server.RaftServerConfigKeys (ConfUtils.java:logGet(44)) - raft.server.log.segment.cache.num.max = 2 (custom)
2020-06-24 17:10:54,428 [pool-115-thread-1] INFO  segmented.SegmentedRaftLogWorker (SegmentedRaftLogWorker.java:<init>(180)) - new afb85034-fb37-497e-9144-3e9dc86fd25a@group-FDFCEAAEB032-SegmentedRaftLogWorker for RaftStorage:Storage Directory /github/workspace/mnt/ozone/hadoop-ozone/integration-test/target/test-dir/MiniOzoneClusterImpl-45b18ba1-9114-4b33-af64-cafa5396b779/datanode-5/data/ratis/7913204f-831d-4a06-a975-fdfceaaeb032
2020-06-24 17:10:54,428 [pool-115-thread-1] INFO  server.RaftServerConfigKeys (ConfUtils.java:logGet(44)) - raft.server.log.queue.byte-limit = 2147483647 (custom)
2020-06-24 17:10:54,428 [pool-115-thread-1] INFO  server.RaftServerConfigKeys (ConfUtils.java:logGet(44)) - raft.server.log.queue.element-limit = 1024 (custom)
2020-06-24 17:10:54,429 [pool-115-thread-1] INFO  server.RaftServerConfigKeys (ConfUtils.java:logGet(44)) - raft.server.log.segment.size.max = 1048576 (custom)
2020-06-24 17:10:54,429 [pool-115-thread-1] INFO  server.RaftServerConfigKeys (ConfUtils.java:logGet(44)) - raft.server.log.preallocated.size = 16384 (custom)
2020-06-24 17:10:54,429 [pool-115-thread-1] INFO  server.RaftServerConfigKeys (ConfUtils.java:logGet(44)) - raft.server.log.write.buffer.size = 1048576 (custom)
2020-06-24 17:10:54,429 [pool-115-thread-1] INFO  server.RaftServerConfigKeys (ConfUtils.java:logGet(44)) - raft.server.log.force.sync.num = 128 (default)
2020-06-24 17:10:54,429 [pool-115-thread-1] INFO  server.RaftServerConfigKeys (ConfUtils.java:logGet(44)) - raft.server.log.statemachine.data.sync = true (default)
2020-06-24 17:10:54,429 [pool-115-thread-1] INFO  server.RaftServerConfigKeys (ConfUtils.java:logGet(44)) - raft.server.log.statemachine.data.sync.timeout = 10s (default)
2020-06-24 17:10:54,429 [pool-115-thread-1] INFO  server.RaftServerConfigKeys (ConfUtils.java:logGet(44)) - raft.server.log.statemachine.data.sync.timeout.retry = -1 (default)
2020-06-24 17:10:54,431 [pool-115-thread-1] INFO  server.RaftServerConfigKeys (ConfUtils.java:logGet(44)) - raft.server.log.statemachine.data.caching.enabled = true (custom)
2020-06-24 17:10:54,431 [pool-115-thread-1] INFO  segmented.SegmentedRaftLogWorker (SegmentedRaftLogWorker.java:lambda$new$0(129)) - afb85034-fb37-497e-9144-3e9dc86fd25a@group-FDFCEAAEB032-SegmentedRaftLogWorker: flushIndex: setUnconditionally 0 -> -1
2020-06-24 17:10:54,431 [pool-115-thread-1] INFO  segmented.SegmentedRaftLogWorker (SegmentedRaftLogWorker.java:lambda$new$0(129)) - afb85034-fb37-497e-9144-3e9dc86fd25a@group-FDFCEAAEB032-SegmentedRaftLogWorker: safeCacheEvictIndex: setUnconditionally 0 -> -1
2020-06-24 17:10:54,433 [pool-99-thread-1] INFO  server.RaftServerConfigKeys (ConfUtils.java:logGet(44)) - raft.server.snapshot.auto.trigger.enabled = true (custom)
2020-06-24 17:10:54,433 [pool-99-thread-1] INFO  server.RaftServerConfigKeys (ConfUtils.java:logGet(44)) - raft.server.snapshot.auto.trigger.threshold = 10000 (custom)
2020-06-24 17:10:54,433 [pool-99-thread-1] INFO  server.RaftServerConfigKeys (ConfUtils.java:logGet(44)) - raft.server.snapshot.retention.file.num = 5 (custom)
2020-06-24 17:10:54,433 [pool-99-thread-1] INFO  server.RaftServerConfigKeys (ConfUtils.java:logGet(44)) - raft.server.log.purge.upto.snapshot.index = false (default)
2020-06-24 17:10:54,433 [pool-115-thread-1] INFO  server.RaftServerConfigKeys (ConfUtils.java:logGet(44)) - raft.server.snapshot.auto.trigger.enabled = true (custom)
2020-06-24 17:10:54,433 [pool-115-thread-1] INFO  server.RaftServerConfigKeys (ConfUtils.java:logGet(44)) - raft.server.snapshot.auto.trigger.threshold = 10000 (custom)
2020-06-24 17:10:54,433 [pool-115-thread-1] INFO  server.RaftServerConfigKeys (ConfUtils.java:logGet(44)) - raft.server.snapshot.retention.file.num = 5 (custom)
2020-06-24 17:10:54,433 [pool-115-thread-1] INFO  server.RaftServerConfigKeys (ConfUtils.java:logGet(44)) - raft.server.log.purge.upto.snapshot.index = false (default)
2020-06-24 17:10:54,433 [pool-115-thread-1] INFO  server.RaftServerConfigKeys (ConfUtils.java:logGet(44)) - raft.server.retrycache.expirytime = 600000ms (custom)
2020-06-24 17:10:54,433 [pool-115-thread-1] INFO  metrics.RatisMetrics (RatisMetrics.java:lambda$create$0(36)) - Creating Metrics Registry : ratis.leader_election.afb85034-fb37-497e-9144-3e9dc86fd25a@group-FDFCEAAEB032
2020-06-24 17:10:54,434 [pool-115-thread-1] INFO  metrics.RatisMetrics (RatisMetrics.java:lambda$create$0(36)) - Creating Metrics Registry : ratis.server.afb85034-fb37-497e-9144-3e9dc86fd25a@group-FDFCEAAEB032
2020-06-24 17:10:54,435 [pool-115-thread-1] INFO  impl.RaftServerImpl (RaftServerImpl.java:start(186)) - afb85034-fb37-497e-9144-3e9dc86fd25a@group-FDFCEAAEB032: start as a follower, conf=-1: [afb85034-fb37-497e-9144-3e9dc86fd25a:172.17.0.2:35489, 2b7adba8-1059-44f9-97bc-2868c192e760:172.17.0.2:35263, b668f7d5-a6b7-44bf-8278-608be9500c84:172.17.0.2:41691], old=null
2020-06-24 17:10:54,435 [pool-115-thread-1] INFO  impl.RaftServerImpl (RaftServerImpl.java:setRole(175)) - afb85034-fb37-497e-9144-3e9dc86fd25a@group-FDFCEAAEB032: changes role from      null to FOLLOWER at term 0 for startAsFollower
2020-06-24 17:10:54,435 [pool-115-thread-1] INFO  impl.RoleInfo (RoleInfo.java:updateAndGet(143)) - afb85034-fb37-497e-9144-3e9dc86fd25a: start FollowerState
2020-06-24 17:10:54,440 [pool-115-thread-1] INFO  util.JmxRegister (JmxRegister.java:tryRegister(44)) - Successfully registered JMX Bean with object name Ratis:service=RaftServer,group=group-FDFCEAAEB032,id=afb85034-fb37-497e-9144-3e9dc86fd25a
2020-06-24 17:10:54,440 [pool-115-thread-1] INFO  metrics.RatisMetrics (RatisMetrics.java:lambda$create$0(36)) - Creating Metrics Registry : ratis.state_machine.afb85034-fb37-497e-9144-3e9dc86fd25a@group-FDFCEAAEB032
2020-06-24 17:10:54,446 [pool-99-thread-1] INFO  server.RaftServerConfigKeys (ConfUtils.java:logGet(44)) - raft.server.retrycache.expirytime = 600000ms (custom)
2020-06-24 17:10:54,448 [pool-99-thread-1] INFO  metrics.RatisMetrics (RatisMetrics.java:lambda$create$0(36)) - Creating Metrics Registry : ratis.leader_election.2b7adba8-1059-44f9-97bc-2868c192e760@group-FDFCEAAEB032
2020-06-24 17:10:54,449 [pool-99-thread-1] INFO  metrics.RatisMetrics (RatisMetrics.java:lambda$create$0(36)) - Creating Metrics Registry : ratis.server.2b7adba8-1059-44f9-97bc-2868c192e760@group-FDFCEAAEB032
2020-06-24 17:10:54,450 [pool-99-thread-1] INFO  impl.RaftServerImpl (RaftServerImpl.java:start(186)) - 2b7adba8-1059-44f9-97bc-2868c192e760@group-FDFCEAAEB032: start as a follower, conf=-1: [afb85034-fb37-497e-9144-3e9dc86fd25a:172.17.0.2:35489, 2b7adba8-1059-44f9-97bc-2868c192e760:172.17.0.2:35263, b668f7d5-a6b7-44bf-8278-608be9500c84:172.17.0.2:41691], old=null
2020-06-24 17:10:54,450 [pool-99-thread-1] INFO  impl.RaftServerImpl (RaftServerImpl.java:setRole(175)) - 2b7adba8-1059-44f9-97bc-2868c192e760@group-FDFCEAAEB032: changes role from      null to FOLLOWER at term 0 for startAsFollower
2020-06-24 17:10:54,450 [pool-99-thread-1] INFO  impl.RoleInfo (RoleInfo.java:updateAndGet(143)) - 2b7adba8-1059-44f9-97bc-2868c192e760: start FollowerState
2020-06-24 17:10:54,452 [pool-99-thread-1] INFO  util.JmxRegister (JmxRegister.java:tryRegister(44)) - Successfully registered JMX Bean with object name Ratis:service=RaftServer,group=group-FDFCEAAEB032,id=2b7adba8-1059-44f9-97bc-2868c192e760
2020-06-24 17:10:54,452 [pool-99-thread-1] INFO  metrics.RatisMetrics (RatisMetrics.java:lambda$create$0(36)) - Creating Metrics Registry : ratis.state_machine.2b7adba8-1059-44f9-97bc-2868c192e760@group-FDFCEAAEB032
2020-06-24 17:10:54,472 [Command processor thread] INFO  impl.RaftServerProxy (RaftServerProxy.java:addNew(89)) - 22cc0f04-e09b-4cc9-bfb5-2feecdd2b0ba: addNew group-DAF47B64BEDB:[22cc0f04-e09b-4cc9-bfb5-2feecdd2b0ba:172.17.0.2:38605] returns group-DAF47B64BEDB:java.util.concurrent.CompletableFuture@2e379629[Not completed]
2020-06-24 17:10:54,486 [pool-131-thread-1] INFO  impl.RaftServerImpl (RaftServerImpl.java:<init>(99)) - 22cc0f04-e09b-4cc9-bfb5-2feecdd2b0ba: new RaftServerImpl for group-DAF47B64BEDB:[22cc0f04-e09b-4cc9-bfb5-2feecdd2b0ba:172.17.0.2:38605] with ContainerStateMachine:uninitialized
2020-06-24 17:10:54,487 [pool-131-thread-1] INFO  server.RaftServerConfigKeys (ConfUtils.java:logGet(44)) - raft.server.rpc.timeout.min = 5s (custom)
2020-06-24 17:10:54,487 [pool-131-thread-1] INFO  server.RaftServerConfigKeys (ConfUtils.java:logGet(44)) - raft.server.rpc.timeout.max = 5200ms (custom)
2020-06-24 17:10:54,487 [pool-131-thread-1] INFO  server.RaftServerConfigKeys (ConfUtils.java:logGet(44)) - raft.server.rpcslowness.timeout = 300s (custom)
2020-06-24 17:10:54,487 [pool-131-thread-1] INFO  server.RaftServerConfigKeys (ConfUtils.java:logGet(44)) - raft.server.sleep.deviation.threshold = 300 (default)
2020-06-24 17:10:54,487 [pool-131-thread-1] INFO  server.RaftServerConfigKeys (ConfUtils.java:logGet(44)) - raft.server.log.appender.install.snapshot.enabled = false (custom)
2020-06-24 17:10:54,487 [pool-131-thread-1] INFO  impl.RaftServerImpl (ServerState.java:<init>(103)) - 22cc0f04-e09b-4cc9-bfb5-2feecdd2b0ba@group-DAF47B64BEDB: ConfigurationManager, init=-1: [22cc0f04-e09b-4cc9-bfb5-2feecdd2b0ba:172.17.0.2:38605], old=null, confs=<EMPTY_MAP>
2020-06-24 17:10:54,488 [pool-131-thread-1] INFO  server.RaftServerConfigKeys (ConfUtils.java:logGet(44)) - raft.server.storage.dir = [/github/workspace/mnt/ozone/hadoop-ozone/integration-test/target/test-dir/MiniOzoneClusterImpl-45b18ba1-9114-4b33-af64-cafa5396b779/datanode-6/data/ratis] (custom)
2020-06-24 17:10:54,488 [pool-131-thread-1] INFO  server.RaftServerConfigKeys (ConfUtils.java:logGet(44)) - raft.server.log.corruption.policy = EXCEPTION (default)
2020-06-24 17:10:54,488 [pool-131-thread-1] INFO  storage.RaftStorageDirectory (RaftStorageDirectory.java:analyzeStorage(261)) - The storage directory /github/workspace/mnt/ozone/hadoop-ozone/integration-test/target/test-dir/MiniOzoneClusterImpl-45b18ba1-9114-4b33-af64-cafa5396b779/datanode-6/data/ratis/7808b268-e1c2-400c-9d9d-daf47b64bedb does not exist. Creating ...
2020-06-24 17:10:54,489 [pool-131-thread-1] INFO  storage.RaftStorageDirectory (RaftStorageDirectory.java:tryLock(343)) - Lock on /github/workspace/mnt/ozone/hadoop-ozone/integration-test/target/test-dir/MiniOzoneClusterImpl-45b18ba1-9114-4b33-af64-cafa5396b779/datanode-6/data/ratis/7808b268-e1c2-400c-9d9d-daf47b64bedb/in_use.lock acquired by nodename 8206@ff49ff68588e
2020-06-24 17:10:54,492 [pool-131-thread-1] INFO  storage.RaftStorage (RaftStorage.java:format(84)) - Storage directory /github/workspace/mnt/ozone/hadoop-ozone/integration-test/target/test-dir/MiniOzoneClusterImpl-45b18ba1-9114-4b33-af64-cafa5396b779/datanode-6/data/ratis/7808b268-e1c2-400c-9d9d-daf47b64bedb has been successfully formatted.
2020-06-24 17:10:54,500 [pool-131-thread-1] INFO  ratis.ContainerStateMachine (ContainerStateMachine.java:loadSnapshot(226)) - group-DAF47B64BEDB: The snapshot info is null. Setting the last applied indexto:(t:0, i:~)
2020-06-24 17:10:54,500 [pool-131-thread-1] INFO  server.RaftServerConfigKeys (ConfUtils.java:logGet(44)) - raft.server.notification.no-leader.timeout = 60s (default)
2020-06-24 17:10:54,500 [pool-131-thread-1] INFO  server.RaftServerConfigKeys (ConfUtils.java:logGet(44)) - raft.server.log.use.memory = false (default)
2020-06-24 17:10:54,500 [pool-131-thread-1] INFO  server.RaftServerConfigKeys (ConfUtils.java:logGet(44)) - raft.server.log.purge.gap = 1000000 (custom)
2020-06-24 17:10:54,500 [pool-131-thread-1] INFO  server.RaftServerConfigKeys (ConfUtils.java:logGet(44)) - raft.server.log.appender.buffer.byte-limit = 33554432 (custom)
2020-06-24 17:10:54,500 [pool-131-thread-1] INFO  server.RaftServerConfigKeys (ConfUtils.java:logGet(44)) - raft.server.log.segment.size.max = 1048576 (custom)
2020-06-24 17:10:54,500 [pool-131-thread-1] INFO  metrics.RatisMetrics (RatisMetrics.java:lambda$create$0(36)) - Creating Metrics Registry : ratis.log_worker.22cc0f04-e09b-4cc9-bfb5-2feecdd2b0ba@group-DAF47B64BEDB
2020-06-24 17:10:54,501 [pool-131-thread-1] INFO  server.RaftServerConfigKeys (ConfUtils.java:logGet(44)) - raft.server.log.segment.cache.num.max = 2 (custom)
2020-06-24 17:10:54,501 [pool-131-thread-1] INFO  segmented.SegmentedRaftLogWorker (SegmentedRaftLogWorker.java:<init>(180)) - new 22cc0f04-e09b-4cc9-bfb5-2feecdd2b0ba@group-DAF47B64BEDB-SegmentedRaftLogWorker for RaftStorage:Storage Directory /github/workspace/mnt/ozone/hadoop-ozone/integration-test/target/test-dir/MiniOzoneClusterImpl-45b18ba1-9114-4b33-af64-cafa5396b779/datanode-6/data/ratis/7808b268-e1c2-400c-9d9d-daf47b64bedb
2020-06-24 17:10:54,501 [pool-131-thread-1] INFO  server.RaftServerConfigKeys (ConfUtils.java:logGet(44)) - raft.server.log.queue.byte-limit = 2147483647 (custom)
2020-06-24 17:10:54,501 [pool-131-thread-1] INFO  server.RaftServerConfigKeys (ConfUtils.java:logGet(44)) - raft.server.log.queue.element-limit = 1024 (custom)
2020-06-24 17:10:54,501 [pool-131-thread-1] INFO  server.RaftServerConfigKeys (ConfUtils.java:logGet(44)) - raft.server.log.segment.size.max = 1048576 (custom)
2020-06-24 17:10:54,501 [pool-131-thread-1] INFO  server.RaftServerConfigKeys (ConfUtils.java:logGet(44)) - raft.server.log.preallocated.size = 16384 (custom)
2020-06-24 17:10:54,501 [pool-131-thread-1] INFO  server.RaftServerConfigKeys (ConfUtils.java:logGet(44)) - raft.server.log.write.buffer.size = 1048576 (custom)
2020-06-24 17:10:54,501 [pool-131-thread-1] INFO  server.RaftServerConfigKeys (ConfUtils.java:logGet(44)) - raft.server.log.force.sync.num = 128 (default)
2020-06-24 17:10:54,501 [pool-131-thread-1] INFO  server.RaftServerConfigKeys (ConfUtils.java:logGet(44)) - raft.server.log.statemachine.data.sync = true (default)
2020-06-24 17:10:54,501 [pool-131-thread-1] INFO  server.RaftServerConfigKeys (ConfUtils.java:logGet(44)) - raft.server.log.statemachine.data.sync.timeout = 10s (default)
2020-06-24 17:10:54,501 [pool-131-thread-1] INFO  server.RaftServerConfigKeys (ConfUtils.java:logGet(44)) - raft.server.log.statemachine.data.sync.timeout.retry = -1 (default)
2020-06-24 17:10:54,501 [EventQueue-PipelineReportForPipelineReportHandler] INFO  pipeline.PipelineStateManager (PipelineStateManager.java:openPipeline(131)) - Pipeline Pipeline[ Id: 7808b268-e1c2-400c-9d9d-daf47b64bedb, Nodes: 22cc0f04-e09b-4cc9-bfb5-2feecdd2b0ba{ip: 172.17.0.2, host: ff49ff68588e, networkLocation: /default-rack, certSerialId: null}, Type:RATIS, Factor:ONE, State:ALLOCATED, leaderId:22cc0f04-e09b-4cc9-bfb5-2feecdd2b0ba, CreationTimestamp2020-06-24T17:10:51.458Z] moved to OPEN state
2020-06-24 17:10:54,501 [EventQueue-OpenPipelineForOneReplicaPipelineSafeModeRule] INFO  safemode.SCMSafeModeManager (SCMSafeModeManager.java:validateSafeModeExitRules(214)) - AtleastOneDatanodeReportedRule rule is successfully validated
2020-06-24 17:10:54,501 [EventQueue-OpenPipelineForHealthyPipelineSafeModeRule] INFO  safemode.SCMSafeModeManager (HealthyPipelineSafeModeRule.java:process(132)) - SCM in safe mode. Healthy pipelines reported count is 0, required healthy pipeline reported count is 1
2020-06-24 17:10:54,503 [pool-131-thread-1] INFO  server.RaftServerConfigKeys (ConfUtils.java:logGet(44)) - raft.server.log.statemachine.data.caching.enabled = true (custom)
2020-06-24 17:10:54,503 [pool-131-thread-1] INFO  segmented.SegmentedRaftLogWorker (SegmentedRaftLogWorker.java:lambda$new$0(129)) - 22cc0f04-e09b-4cc9-bfb5-2feecdd2b0ba@group-DAF47B64BEDB-SegmentedRaftLogWorker: flushIndex: setUnconditionally 0 -> -1
2020-06-24 17:10:54,503 [pool-131-thread-1] INFO  segmented.SegmentedRaftLogWorker (SegmentedRaftLogWorker.java:lambda$new$0(129)) - 22cc0f04-e09b-4cc9-bfb5-2feecdd2b0ba@group-DAF47B64BEDB-SegmentedRaftLogWorker: safeCacheEvictIndex: setUnconditionally 0 -> -1
2020-06-24 17:10:54,519 [pool-131-thread-1] INFO  server.RaftServerConfigKeys (ConfUtils.java:logGet(44)) - raft.server.snapshot.auto.trigger.enabled = true (custom)
2020-06-24 17:10:54,519 [pool-131-thread-1] INFO  server.RaftServerConfigKeys (ConfUtils.java:logGet(44)) - raft.server.snapshot.auto.trigger.threshold = 10000 (custom)
2020-06-24 17:10:54,519 [pool-131-thread-1] INFO  server.RaftServerConfigKeys (ConfUtils.java:logGet(44)) - raft.server.snapshot.retention.file.num = 5 (custom)
2020-06-24 17:10:54,519 [pool-131-thread-1] INFO  server.RaftServerConfigKeys (ConfUtils.java:logGet(44)) - raft.server.log.purge.upto.snapshot.index = false (default)
2020-06-24 17:10:54,520 [pool-131-thread-1] INFO  server.RaftServerConfigKeys (ConfUtils.java:logGet(44)) - raft.server.retrycache.expirytime = 600000ms (custom)
2020-06-24 17:10:54,520 [pool-131-thread-1] INFO  metrics.RatisMetrics (RatisMetrics.java:lambda$create$0(36)) - Creating Metrics Registry : ratis.leader_election.22cc0f04-e09b-4cc9-bfb5-2feecdd2b0ba@group-DAF47B64BEDB
2020-06-24 17:10:54,520 [pool-131-thread-1] INFO  metrics.RatisMetrics (RatisMetrics.java:lambda$create$0(36)) - Creating Metrics Registry : ratis.server.22cc0f04-e09b-4cc9-bfb5-2feecdd2b0ba@group-DAF47B64BEDB
2020-06-24 17:10:54,521 [pool-131-thread-1] INFO  impl.RaftServerImpl (RaftServerImpl.java:start(186)) - 22cc0f04-e09b-4cc9-bfb5-2feecdd2b0ba@group-DAF47B64BEDB: start as a follower, conf=-1: [22cc0f04-e09b-4cc9-bfb5-2feecdd2b0ba:172.17.0.2:38605], old=null
2020-06-24 17:10:54,521 [pool-131-thread-1] INFO  impl.RaftServerImpl (RaftServerImpl.java:setRole(175)) - 22cc0f04-e09b-4cc9-bfb5-2feecdd2b0ba@group-DAF47B64BEDB: changes role from      null to FOLLOWER at term 0 for startAsFollower
2020-06-24 17:10:54,521 [pool-131-thread-1] INFO  impl.RoleInfo (RoleInfo.java:updateAndGet(143)) - 22cc0f04-e09b-4cc9-bfb5-2feecdd2b0ba: start FollowerState
2020-06-24 17:10:54,521 [pool-131-thread-1] INFO  util.JmxRegister (JmxRegister.java:tryRegister(44)) - Successfully registered JMX Bean with object name Ratis:service=RaftServer,group=group-DAF47B64BEDB,id=22cc0f04-e09b-4cc9-bfb5-2feecdd2b0ba
2020-06-24 17:10:54,521 [pool-131-thread-1] INFO  metrics.RatisMetrics (RatisMetrics.java:lambda$create$0(36)) - Creating Metrics Registry : ratis.state_machine.22cc0f04-e09b-4cc9-bfb5-2feecdd2b0ba@group-DAF47B64BEDB
2020-06-24 17:10:54,535 [Command processor thread] INFO  impl.RaftServerProxy (RaftServerProxy.java:addNew(89)) - 668c5cee-c6dc-4a53-9204-5b2807b3c1a4: addNew group-9DF0888054AE:[668c5cee-c6dc-4a53-9204-5b2807b3c1a4:172.17.0.2:35055] returns group-9DF0888054AE:java.util.concurrent.CompletableFuture@44c993fd[Not completed]
2020-06-24 17:10:54,541 [pool-147-thread-1] INFO  impl.RaftServerImpl (RaftServerImpl.java:<init>(99)) - 668c5cee-c6dc-4a53-9204-5b2807b3c1a4: new RaftServerImpl for group-9DF0888054AE:[668c5cee-c6dc-4a53-9204-5b2807b3c1a4:172.17.0.2:35055] with ContainerStateMachine:uninitialized
2020-06-24 17:10:54,545 [Command processor thread] INFO  commandhandler.CreatePipelineCommandHandler (CreatePipelineCommandHandler.java:handle(109)) - Created Pipeline RATIS ONE #id: "7808b268-e1c2-400c-9d9d-daf47b64bedb"
.
2020-06-24 17:10:54,557 [pool-147-thread-1] INFO  server.RaftServerConfigKeys (ConfUtils.java:logGet(44)) - raft.server.rpc.timeout.min = 5s (custom)
2020-06-24 17:10:54,557 [pool-147-thread-1] INFO  server.RaftServerConfigKeys (ConfUtils.java:logGet(44)) - raft.server.rpc.timeout.max = 5200ms (custom)
2020-06-24 17:10:54,557 [pool-147-thread-1] INFO  server.RaftServerConfigKeys (ConfUtils.java:logGet(44)) - raft.server.rpcslowness.timeout = 300s (custom)
2020-06-24 17:10:54,557 [pool-147-thread-1] INFO  server.RaftServerConfigKeys (ConfUtils.java:logGet(44)) - raft.server.sleep.deviation.threshold = 300 (default)
2020-06-24 17:10:54,557 [pool-147-thread-1] INFO  server.RaftServerConfigKeys (ConfUtils.java:logGet(44)) - raft.server.log.appender.install.snapshot.enabled = false (custom)
2020-06-24 17:10:54,557 [pool-147-thread-1] INFO  impl.RaftServerImpl (ServerState.java:<init>(103)) - 668c5cee-c6dc-4a53-9204-5b2807b3c1a4@group-9DF0888054AE: ConfigurationManager, init=-1: [668c5cee-c6dc-4a53-9204-5b2807b3c1a4:172.17.0.2:35055], old=null, confs=<EMPTY_MAP>
2020-06-24 17:10:54,557 [pool-147-thread-1] INFO  server.RaftServerConfigKeys (ConfUtils.java:logGet(44)) - raft.server.storage.dir = [/github/workspace/mnt/ozone/hadoop-ozone/integration-test/target/test-dir/MiniOzoneClusterImpl-45b18ba1-9114-4b33-af64-cafa5396b779/datanode-7/data/ratis] (custom)
2020-06-24 17:10:54,557 [pool-147-thread-1] INFO  server.RaftServerConfigKeys (ConfUtils.java:logGet(44)) - raft.server.log.corruption.policy = EXCEPTION (default)
2020-06-24 17:10:54,557 [pool-147-thread-1] INFO  storage.RaftStorageDirectory (RaftStorageDirectory.java:analyzeStorage(261)) - The storage directory /github/workspace/mnt/ozone/hadoop-ozone/integration-test/target/test-dir/MiniOzoneClusterImpl-45b18ba1-9114-4b33-af64-cafa5396b779/datanode-7/data/ratis/bc6b6131-7aa8-4274-9b03-9df0888054ae does not exist. Creating ...
2020-06-24 17:10:54,558 [Command processor thread] INFO  impl.RaftServerProxy (RaftServerProxy.java:addNew(89)) - 22cc0f04-e09b-4cc9-bfb5-2feecdd2b0ba: addNew group-A2D9F502AB5E:[6a2617bd-0d1c-4683-92c9-d4932b3f2669:172.17.0.2:36409, 22cc0f04-e09b-4cc9-bfb5-2feecdd2b0ba:172.17.0.2:38605, 668c5cee-c6dc-4a53-9204-5b2807b3c1a4:172.17.0.2:35055] returns group-A2D9F502AB5E:java.util.concurrent.CompletableFuture@2a080737[Not completed]
2020-06-24 17:10:54,559 [pool-131-thread-1] INFO  impl.RaftServerImpl (RaftServerImpl.java:<init>(99)) - 22cc0f04-e09b-4cc9-bfb5-2feecdd2b0ba: new RaftServerImpl for group-A2D9F502AB5E:[6a2617bd-0d1c-4683-92c9-d4932b3f2669:172.17.0.2:36409, 22cc0f04-e09b-4cc9-bfb5-2feecdd2b0ba:172.17.0.2:38605, 668c5cee-c6dc-4a53-9204-5b2807b3c1a4:172.17.0.2:35055] with ContainerStateMachine:uninitialized
2020-06-24 17:10:54,559 [pool-131-thread-1] INFO  server.RaftServerConfigKeys (ConfUtils.java:logGet(44)) - raft.server.rpc.timeout.min = 5s (custom)
2020-06-24 17:10:54,559 [pool-131-thread-1] INFO  server.RaftServerConfigKeys (ConfUtils.java:logGet(44)) - raft.server.rpc.timeout.max = 5200ms (custom)
2020-06-24 17:10:54,559 [pool-131-thread-1] INFO  server.RaftServerConfigKeys (ConfUtils.java:logGet(44)) - raft.server.rpcslowness.timeout = 300s (custom)
2020-06-24 17:10:54,559 [pool-131-thread-1] INFO  server.RaftServerConfigKeys (ConfUtils.java:logGet(44)) - raft.server.sleep.deviation.threshold = 300 (default)
2020-06-24 17:10:54,559 [pool-131-thread-1] INFO  server.RaftServerConfigKeys (ConfUtils.java:logGet(44)) - raft.server.log.appender.install.snapshot.enabled = false (custom)
2020-06-24 17:10:54,559 [pool-131-thread-1] INFO  impl.RaftServerImpl (ServerState.java:<init>(103)) - 22cc0f04-e09b-4cc9-bfb5-2feecdd2b0ba@group-A2D9F502AB5E: ConfigurationManager, init=-1: [6a2617bd-0d1c-4683-92c9-d4932b3f2669:172.17.0.2:36409, 22cc0f04-e09b-4cc9-bfb5-2feecdd2b0ba:172.17.0.2:38605, 668c5cee-c6dc-4a53-9204-5b2807b3c1a4:172.17.0.2:35055], old=null, confs=<EMPTY_MAP>
2020-06-24 17:10:54,560 [pool-131-thread-1] INFO  server.RaftServerConfigKeys (ConfUtils.java:logGet(44)) - raft.server.storage.dir = [/github/workspace/mnt/ozone/hadoop-ozone/integration-test/target/test-dir/MiniOzoneClusterImpl-45b18ba1-9114-4b33-af64-cafa5396b779/datanode-6/data/ratis] (custom)
2020-06-24 17:10:54,560 [pool-131-thread-1] INFO  server.RaftServerConfigKeys (ConfUtils.java:logGet(44)) - raft.server.log.corruption.policy = EXCEPTION (default)
2020-06-24 17:10:54,560 [pool-131-thread-1] INFO  storage.RaftStorageDirectory (RaftStorageDirectory.java:analyzeStorage(261)) - The storage directory /github/workspace/mnt/ozone/hadoop-ozone/integration-test/target/test-dir/MiniOzoneClusterImpl-45b18ba1-9114-4b33-af64-cafa5396b779/datanode-6/data/ratis/1b81931c-1f4f-4b91-9021-a2d9f502ab5e does not exist. Creating ...
2020-06-24 17:10:54,560 [pool-147-thread-1] INFO  storage.RaftStorageDirectory (RaftStorageDirectory.java:tryLock(343)) - Lock on /github/workspace/mnt/ozone/hadoop-ozone/integration-test/target/test-dir/MiniOzoneClusterImpl-45b18ba1-9114-4b33-af64-cafa5396b779/datanode-7/data/ratis/bc6b6131-7aa8-4274-9b03-9df0888054ae/in_use.lock acquired by nodename 8206@ff49ff68588e
2020-06-24 17:10:54,562 [pool-147-thread-1] INFO  storage.RaftStorage (RaftStorage.java:format(84)) - Storage directory /github/workspace/mnt/ozone/hadoop-ozone/integration-test/target/test-dir/MiniOzoneClusterImpl-45b18ba1-9114-4b33-af64-cafa5396b779/datanode-7/data/ratis/bc6b6131-7aa8-4274-9b03-9df0888054ae has been successfully formatted.
2020-06-24 17:10:54,563 [pool-147-thread-1] INFO  ratis.ContainerStateMachine (ContainerStateMachine.java:loadSnapshot(226)) - group-9DF0888054AE: The snapshot info is null. Setting the last applied indexto:(t:0, i:~)
2020-06-24 17:10:54,563 [pool-147-thread-1] INFO  server.RaftServerConfigKeys (ConfUtils.java:logGet(44)) - raft.server.notification.no-leader.timeout = 60s (default)
2020-06-24 17:10:54,563 [pool-147-thread-1] INFO  server.RaftServerConfigKeys (ConfUtils.java:logGet(44)) - raft.server.log.use.memory = false (default)
2020-06-24 17:10:54,563 [pool-147-thread-1] INFO  server.RaftServerConfigKeys (ConfUtils.java:logGet(44)) - raft.server.log.purge.gap = 1000000 (custom)
2020-06-24 17:10:54,563 [pool-147-thread-1] INFO  server.RaftServerConfigKeys (ConfUtils.java:logGet(44)) - raft.server.log.appender.buffer.byte-limit = 33554432 (custom)
2020-06-24 17:10:54,563 [pool-147-thread-1] INFO  server.RaftServerConfigKeys (ConfUtils.java:logGet(44)) - raft.server.log.segment.size.max = 1048576 (custom)
2020-06-24 17:10:54,563 [pool-147-thread-1] INFO  metrics.RatisMetrics (RatisMetrics.java:lambda$create$0(36)) - Creating Metrics Registry : ratis.log_worker.668c5cee-c6dc-4a53-9204-5b2807b3c1a4@group-9DF0888054AE
2020-06-24 17:10:54,563 [pool-147-thread-1] INFO  server.RaftServerConfigKeys (ConfUtils.java:logGet(44)) - raft.server.log.segment.cache.num.max = 2 (custom)
2020-06-24 17:10:54,564 [pool-147-thread-1] INFO  segmented.SegmentedRaftLogWorker (SegmentedRaftLogWorker.java:<init>(180)) - new 668c5cee-c6dc-4a53-9204-5b2807b3c1a4@group-9DF0888054AE-SegmentedRaftLogWorker for RaftStorage:Storage Directory /github/workspace/mnt/ozone/hadoop-ozone/integration-test/target/test-dir/MiniOzoneClusterImpl-45b18ba1-9114-4b33-af64-cafa5396b779/datanode-7/data/ratis/bc6b6131-7aa8-4274-9b03-9df0888054ae
2020-06-24 17:10:54,564 [pool-147-thread-1] INFO  server.RaftServerConfigKeys (ConfUtils.java:logGet(44)) - raft.server.log.queue.byte-limit = 2147483647 (custom)
2020-06-24 17:10:54,564 [pool-147-thread-1] INFO  server.RaftServerConfigKeys (ConfUtils.java:logGet(44)) - raft.server.log.queue.element-limit = 1024 (custom)
2020-06-24 17:10:54,564 [pool-147-thread-1] INFO  server.RaftServerConfigKeys (ConfUtils.java:logGet(44)) - raft.server.log.segment.size.max = 1048576 (custom)
2020-06-24 17:10:54,564 [pool-147-thread-1] INFO  server.RaftServerConfigKeys (ConfUtils.java:logGet(44)) - raft.server.log.preallocated.size = 16384 (custom)
2020-06-24 17:10:54,564 [pool-147-thread-1] INFO  server.RaftServerConfigKeys (ConfUtils.java:logGet(44)) - raft.server.log.write.buffer.size = 1048576 (custom)
2020-06-24 17:10:54,564 [pool-147-thread-1] INFO  server.RaftServerConfigKeys (ConfUtils.java:logGet(44)) - raft.server.log.force.sync.num = 128 (default)
2020-06-24 17:10:54,564 [pool-147-thread-1] INFO  server.RaftServerConfigKeys (ConfUtils.java:logGet(44)) - raft.server.log.statemachine.data.sync = true (default)
2020-06-24 17:10:54,564 [pool-147-thread-1] INFO  server.RaftServerConfigKeys (ConfUtils.java:logGet(44)) - raft.server.log.statemachine.data.sync.timeout = 10s (default)
2020-06-24 17:10:54,564 [pool-147-thread-1] INFO  server.RaftServerConfigKeys (ConfUtils.java:logGet(44)) - raft.server.log.statemachine.data.sync.timeout.retry = -1 (default)
2020-06-24 17:10:54,565 [pool-147-thread-1] INFO  server.RaftServerConfigKeys (ConfUtils.java:logGet(44)) - raft.server.log.statemachine.data.caching.enabled = true (custom)
2020-06-24 17:10:54,566 [pool-147-thread-1] INFO  segmented.SegmentedRaftLogWorker (SegmentedRaftLogWorker.java:lambda$new$0(129)) - 668c5cee-c6dc-4a53-9204-5b2807b3c1a4@group-9DF0888054AE-SegmentedRaftLogWorker: flushIndex: setUnconditionally 0 -> -1
2020-06-24 17:10:54,566 [pool-147-thread-1] INFO  segmented.SegmentedRaftLogWorker (SegmentedRaftLogWorker.java:lambda$new$0(129)) - 668c5cee-c6dc-4a53-9204-5b2807b3c1a4@group-9DF0888054AE-SegmentedRaftLogWorker: safeCacheEvictIndex: setUnconditionally 0 -> -1
2020-06-24 17:10:54,566 [pool-147-thread-1] INFO  server.RaftServerConfigKeys (ConfUtils.java:logGet(44)) - raft.server.snapshot.auto.trigger.enabled = true (custom)
2020-06-24 17:10:54,568 [pool-131-thread-1] INFO  storage.RaftStorageDirectory (RaftStorageDirectory.java:tryLock(343)) - Lock on /github/workspace/mnt/ozone/hadoop-ozone/integration-test/target/test-dir/MiniOzoneClusterImpl-45b18ba1-9114-4b33-af64-cafa5396b779/datanode-6/data/ratis/1b81931c-1f4f-4b91-9021-a2d9f502ab5e/in_use.lock acquired by nodename 8206@ff49ff68588e
2020-06-24 17:10:54,569 [EventQueue-PipelineReportForPipelineReportHandler] INFO  pipeline.PipelineStateManager (PipelineStateManager.java:openPipeline(131)) - Pipeline Pipeline[ Id: bc6b6131-7aa8-4274-9b03-9df0888054ae, Nodes: 668c5cee-c6dc-4a53-9204-5b2807b3c1a4{ip: 172.17.0.2, host: ff49ff68588e, networkLocation: /default-rack, certSerialId: null}, Type:RATIS, Factor:ONE, State:ALLOCATED, leaderId:668c5cee-c6dc-4a53-9204-5b2807b3c1a4, CreationTimestamp2020-06-24T17:10:51.519Z] moved to OPEN state
2020-06-24 17:10:54,569 [pool-147-thread-1] INFO  server.RaftServerConfigKeys (ConfUtils.java:logGet(44)) - raft.server.snapshot.auto.trigger.threshold = 10000 (custom)
2020-06-24 17:10:54,569 [pool-147-thread-1] INFO  server.RaftServerConfigKeys (ConfUtils.java:logGet(44)) - raft.server.snapshot.retention.file.num = 5 (custom)
2020-06-24 17:10:54,569 [EventQueue-OpenPipelineForHealthyPipelineSafeModeRule] INFO  safemode.SCMSafeModeManager (HealthyPipelineSafeModeRule.java:process(132)) - SCM in safe mode. Healthy pipelines reported count is 0, required healthy pipeline reported count is 1
2020-06-24 17:10:54,569 [EventQueue-OpenPipelineForOneReplicaPipelineSafeModeRule] INFO  safemode.SCMSafeModeManager (SCMSafeModeManager.java:validateSafeModeExitRules(214)) - AtleastOneDatanodeReportedRule rule is successfully validated
2020-06-24 17:10:54,569 [pool-147-thread-1] INFO  server.RaftServerConfigKeys (ConfUtils.java:logGet(44)) - raft.server.log.purge.upto.snapshot.index = false (default)
2020-06-24 17:10:54,569 [pool-131-thread-1] INFO  storage.RaftStorage (RaftStorage.java:format(84)) - Storage directory /github/workspace/mnt/ozone/hadoop-ozone/integration-test/target/test-dir/MiniOzoneClusterImpl-45b18ba1-9114-4b33-af64-cafa5396b779/datanode-6/data/ratis/1b81931c-1f4f-4b91-9021-a2d9f502ab5e has been successfully formatted.
2020-06-24 17:10:54,570 [pool-131-thread-1] INFO  ratis.ContainerStateMachine (ContainerStateMachine.java:loadSnapshot(226)) - group-A2D9F502AB5E: The snapshot info is null. Setting the last applied indexto:(t:0, i:~)
2020-06-24 17:10:54,570 [pool-131-thread-1] INFO  server.RaftServerConfigKeys (ConfUtils.java:logGet(44)) - raft.server.notification.no-leader.timeout = 60s (default)
2020-06-24 17:10:54,570 [pool-131-thread-1] INFO  server.RaftServerConfigKeys (ConfUtils.java:logGet(44)) - raft.server.log.use.memory = false (default)
2020-06-24 17:10:54,570 [pool-131-thread-1] INFO  server.RaftServerConfigKeys (ConfUtils.java:logGet(44)) - raft.server.log.purge.gap = 1000000 (custom)
2020-06-24 17:10:54,570 [pool-131-thread-1] INFO  server.RaftServerConfigKeys (ConfUtils.java:logGet(44)) - raft.server.log.appender.buffer.byte-limit = 33554432 (custom)
2020-06-24 17:10:54,570 [pool-131-thread-1] INFO  server.RaftServerConfigKeys (ConfUtils.java:logGet(44)) - raft.server.log.segment.size.max = 1048576 (custom)
2020-06-24 17:10:54,570 [pool-131-thread-1] INFO  metrics.RatisMetrics (RatisMetrics.java:lambda$create$0(36)) - Creating Metrics Registry : ratis.log_worker.22cc0f04-e09b-4cc9-bfb5-2feecdd2b0ba@group-A2D9F502AB5E
2020-06-24 17:10:54,570 [pool-131-thread-1] INFO  server.RaftServerConfigKeys (ConfUtils.java:logGet(44)) - raft.server.log.segment.cache.num.max = 2 (custom)
2020-06-24 17:10:54,570 [pool-131-thread-1] INFO  segmented.SegmentedRaftLogWorker (SegmentedRaftLogWorker.java:<init>(180)) - new 22cc0f04-e09b-4cc9-bfb5-2feecdd2b0ba@group-A2D9F502AB5E-SegmentedRaftLogWorker for RaftStorage:Storage Directory /github/workspace/mnt/ozone/hadoop-ozone/integration-test/target/test-dir/MiniOzoneClusterImpl-45b18ba1-9114-4b33-af64-cafa5396b779/datanode-6/data/ratis/1b81931c-1f4f-4b91-9021-a2d9f502ab5e
2020-06-24 17:10:54,570 [pool-131-thread-1] INFO  server.RaftServerConfigKeys (ConfUtils.java:logGet(44)) - raft.server.log.queue.byte-limit = 2147483647 (custom)
2020-06-24 17:10:54,570 [pool-131-thread-1] INFO  server.RaftServerConfigKeys (ConfUtils.java:logGet(44)) - raft.server.log.queue.element-limit = 1024 (custom)
2020-06-24 17:10:54,570 [pool-131-thread-1] INFO  server.RaftServerConfigKeys (ConfUtils.java:logGet(44)) - raft.server.log.segment.size.max = 1048576 (custom)
2020-06-24 17:10:54,570 [pool-131-thread-1] INFO  server.RaftServerConfigKeys (ConfUtils.java:logGet(44)) - raft.server.log.preallocated.size = 16384 (custom)
2020-06-24 17:10:54,570 [pool-131-thread-1] INFO  server.RaftServerConfigKeys (ConfUtils.java:logGet(44)) - raft.server.log.write.buffer.size = 1048576 (custom)
2020-06-24 17:10:54,571 [pool-131-thread-1] INFO  server.RaftServerConfigKeys (ConfUtils.java:logGet(44)) - raft.server.log.force.sync.num = 128 (default)
2020-06-24 17:10:54,571 [pool-131-thread-1] INFO  server.RaftServerConfigKeys (ConfUtils.java:logGet(44)) - raft.server.log.statemachine.data.sync = true (default)
2020-06-24 17:10:54,571 [pool-131-thread-1] INFO  server.RaftServerConfigKeys (ConfUtils.java:logGet(44)) - raft.server.log.statemachine.data.sync.timeout = 10s (default)
2020-06-24 17:10:54,571 [pool-131-thread-1] INFO  server.RaftServerConfigKeys (ConfUtils.java:logGet(44)) - raft.server.log.statemachine.data.sync.timeout.retry = -1 (default)
2020-06-24 17:10:54,572 [pool-147-thread-1] INFO  server.RaftServerConfigKeys (ConfUtils.java:logGet(44)) - raft.server.retrycache.expirytime = 600000ms (custom)
2020-06-24 17:10:54,572 [pool-147-thread-1] INFO  metrics.RatisMetrics (RatisMetrics.java:lambda$create$0(36)) - Creating Metrics Registry : ratis.leader_election.668c5cee-c6dc-4a53-9204-5b2807b3c1a4@group-9DF0888054AE
2020-06-24 17:10:54,576 [pool-147-thread-1] INFO  metrics.RatisMetrics (RatisMetrics.java:lambda$create$0(36)) - Creating Metrics Registry : ratis.server.668c5cee-c6dc-4a53-9204-5b2807b3c1a4@group-9DF0888054AE
2020-06-24 17:10:54,577 [pool-147-thread-1] INFO  impl.RaftServerImpl (RaftServerImpl.java:start(186)) - 668c5cee-c6dc-4a53-9204-5b2807b3c1a4@group-9DF0888054AE: start as a follower, conf=-1: [668c5cee-c6dc-4a53-9204-5b2807b3c1a4:172.17.0.2:35055], old=null
2020-06-24 17:10:54,577 [pool-147-thread-1] INFO  impl.RaftServerImpl (RaftServerImpl.java:setRole(175)) - 668c5cee-c6dc-4a53-9204-5b2807b3c1a4@group-9DF0888054AE: changes role from      null to FOLLOWER at term 0 for startAsFollower
2020-06-24 17:10:54,577 [pool-147-thread-1] INFO  impl.RoleInfo (RoleInfo.java:updateAndGet(143)) - 668c5cee-c6dc-4a53-9204-5b2807b3c1a4: start FollowerState
2020-06-24 17:10:54,573 [pool-131-thread-1] INFO  server.RaftServerConfigKeys (ConfUtils.java:logGet(44)) - raft.server.log.statemachine.data.caching.enabled = true (custom)
2020-06-24 17:10:54,577 [pool-131-thread-1] INFO  segmented.SegmentedRaftLogWorker (SegmentedRaftLogWorker.java:lambda$new$0(129)) - 22cc0f04-e09b-4cc9-bfb5-2feecdd2b0ba@group-A2D9F502AB5E-SegmentedRaftLogWorker: flushIndex: setUnconditionally 0 -> -1
2020-06-24 17:10:54,578 [pool-131-thread-1] INFO  segmented.SegmentedRaftLogWorker (SegmentedRaftLogWorker.java:lambda$new$0(129)) - 22cc0f04-e09b-4cc9-bfb5-2feecdd2b0ba@group-A2D9F502AB5E-SegmentedRaftLogWorker: safeCacheEvictIndex: setUnconditionally 0 -> -1
2020-06-24 17:10:54,584 [pool-147-thread-1] INFO  util.JmxRegister (JmxRegister.java:tryRegister(44)) - Successfully registered JMX Bean with object name Ratis:service=RaftServer,group=group-9DF0888054AE,id=668c5cee-c6dc-4a53-9204-5b2807b3c1a4
2020-06-24 17:10:54,584 [pool-147-thread-1] INFO  metrics.RatisMetrics (RatisMetrics.java:lambda$create$0(36)) - Creating Metrics Registry : ratis.state_machine.668c5cee-c6dc-4a53-9204-5b2807b3c1a4@group-9DF0888054AE
2020-06-24 17:10:54,590 [pool-131-thread-1] INFO  server.RaftServerConfigKeys (ConfUtils.java:logGet(44)) - raft.server.snapshot.auto.trigger.enabled = true (custom)
2020-06-24 17:10:54,590 [pool-131-thread-1] INFO  server.RaftServerConfigKeys (ConfUtils.java:logGet(44)) - raft.server.snapshot.auto.trigger.threshold = 10000 (custom)
2020-06-24 17:10:54,590 [pool-131-thread-1] INFO  server.RaftServerConfigKeys (ConfUtils.java:logGet(44)) - raft.server.snapshot.retention.file.num = 5 (custom)
2020-06-24 17:10:54,590 [pool-131-thread-1] INFO  server.RaftServerConfigKeys (ConfUtils.java:logGet(44)) - raft.server.log.purge.upto.snapshot.index = false (default)
2020-06-24 17:10:54,590 [pool-131-thread-1] INFO  server.RaftServerConfigKeys (ConfUtils.java:logGet(44)) - raft.server.retrycache.expirytime = 600000ms (custom)
2020-06-24 17:10:54,591 [pool-131-thread-1] INFO  metrics.RatisMetrics (RatisMetrics.java:lambda$create$0(36)) - Creating Metrics Registry : ratis.leader_election.22cc0f04-e09b-4cc9-bfb5-2feecdd2b0ba@group-A2D9F502AB5E
2020-06-24 17:10:54,591 [pool-131-thread-1] INFO  metrics.RatisMetrics (RatisMetrics.java:lambda$create$0(36)) - Creating Metrics Registry : ratis.server.22cc0f04-e09b-4cc9-bfb5-2feecdd2b0ba@group-A2D9F502AB5E
2020-06-24 17:10:54,592 [pool-131-thread-1] INFO  impl.RaftServerImpl (RaftServerImpl.java:start(186)) - 22cc0f04-e09b-4cc9-bfb5-2feecdd2b0ba@group-A2D9F502AB5E: start as a follower, conf=-1: [6a2617bd-0d1c-4683-92c9-d4932b3f2669:172.17.0.2:36409, 22cc0f04-e09b-4cc9-bfb5-2feecdd2b0ba:172.17.0.2:38605, 668c5cee-c6dc-4a53-9204-5b2807b3c1a4:172.17.0.2:35055], old=null
2020-06-24 17:10:54,592 [pool-131-thread-1] INFO  impl.RaftServerImpl (RaftServerImpl.java:setRole(175)) - 22cc0f04-e09b-4cc9-bfb5-2feecdd2b0ba@group-A2D9F502AB5E: changes role from      null to FOLLOWER at term 0 for startAsFollower
2020-06-24 17:10:54,592 [pool-131-thread-1] INFO  impl.RoleInfo (RoleInfo.java:updateAndGet(143)) - 22cc0f04-e09b-4cc9-bfb5-2feecdd2b0ba: start FollowerState
2020-06-24 17:10:54,595 [pool-131-thread-1] INFO  util.JmxRegister (JmxRegister.java:tryRegister(44)) - Successfully registered JMX Bean with object name Ratis:service=RaftServer,group=group-A2D9F502AB5E,id=22cc0f04-e09b-4cc9-bfb5-2feecdd2b0ba
2020-06-24 17:10:54,596 [pool-131-thread-1] INFO  metrics.RatisMetrics (RatisMetrics.java:lambda$create$0(36)) - Creating Metrics Registry : ratis.state_machine.22cc0f04-e09b-4cc9-bfb5-2feecdd2b0ba@group-A2D9F502AB5E
2020-06-24 17:10:54,608 [Command processor thread] INFO  impl.RaftServerProxy (RaftServerProxy.java:addNew(89)) - 6a2617bd-0d1c-4683-92c9-d4932b3f2669: addNew group-9BF1E01BBAA3:[6a2617bd-0d1c-4683-92c9-d4932b3f2669:172.17.0.2:36409] returns group-9BF1E01BBAA3:java.util.concurrent.CompletableFuture@11f77e86[Not completed]
2020-06-24 17:10:54,612 [Command processor thread] INFO  commandhandler.CreatePipelineCommandHandler (CreatePipelineCommandHandler.java:handle(109)) - Created Pipeline RATIS ONE #id: "bc6b6131-7aa8-4274-9b03-9df0888054ae"
.
2020-06-24 17:10:54,612 [Command processor thread] INFO  impl.RaftServerProxy (RaftServerProxy.java:addNew(89)) - 668c5cee-c6dc-4a53-9204-5b2807b3c1a4: addNew group-A2D9F502AB5E:[6a2617bd-0d1c-4683-92c9-d4932b3f2669:172.17.0.2:36409, 22cc0f04-e09b-4cc9-bfb5-2feecdd2b0ba:172.17.0.2:38605, 668c5cee-c6dc-4a53-9204-5b2807b3c1a4:172.17.0.2:35055] returns group-A2D9F502AB5E:java.util.concurrent.CompletableFuture@40f61fbc[Not completed]
2020-06-24 17:10:54,614 [pool-147-thread-1] INFO  impl.RaftServerImpl (RaftServerImpl.java:<init>(99)) - 668c5cee-c6dc-4a53-9204-5b2807b3c1a4: new RaftServerImpl for group-A2D9F502AB5E:[6a2617bd-0d1c-4683-92c9-d4932b3f2669:172.17.0.2:36409, 22cc0f04-e09b-4cc9-bfb5-2feecdd2b0ba:172.17.0.2:38605, 668c5cee-c6dc-4a53-9204-5b2807b3c1a4:172.17.0.2:35055] with ContainerStateMachine:uninitialized
2020-06-24 17:10:54,614 [pool-147-thread-1] INFO  server.RaftServerConfigKeys (ConfUtils.java:logGet(44)) - raft.server.rpc.timeout.min = 5s (custom)
2020-06-24 17:10:54,614 [pool-147-thread-1] INFO  server.RaftServerConfigKeys (ConfUtils.java:logGet(44)) - raft.server.rpc.timeout.max = 5200ms (custom)
2020-06-24 17:10:54,614 [pool-147-thread-1] INFO  server.RaftServerConfigKeys (ConfUtils.java:logGet(44)) - raft.server.rpcslowness.timeout = 300s (custom)
2020-06-24 17:10:54,614 [pool-147-thread-1] INFO  server.RaftServerConfigKeys (ConfUtils.java:logGet(44)) - raft.server.sleep.deviation.threshold = 300 (default)
2020-06-24 17:10:54,614 [pool-147-thread-1] INFO  server.RaftServerConfigKeys (ConfUtils.java:logGet(44)) - raft.server.log.appender.install.snapshot.enabled = false (custom)
2020-06-24 17:10:54,614 [pool-147-thread-1] INFO  impl.RaftServerImpl (ServerState.java:<init>(103)) - 668c5cee-c6dc-4a53-9204-5b2807b3c1a4@group-A2D9F502AB5E: ConfigurationManager, init=-1: [6a2617bd-0d1c-4683-92c9-d4932b3f2669:172.17.0.2:36409, 22cc0f04-e09b-4cc9-bfb5-2feecdd2b0ba:172.17.0.2:38605, 668c5cee-c6dc-4a53-9204-5b2807b3c1a4:172.17.0.2:35055], old=null, confs=<EMPTY_MAP>
2020-06-24 17:10:54,614 [pool-147-thread-1] INFO  server.RaftServerConfigKeys (ConfUtils.java:logGet(44)) - raft.server.storage.dir = [/github/workspace/mnt/ozone/hadoop-ozone/integration-test/target/test-dir/MiniOzoneClusterImpl-45b18ba1-9114-4b33-af64-cafa5396b779/datanode-7/data/ratis] (custom)
2020-06-24 17:10:54,614 [pool-147-thread-1] INFO  server.RaftServerConfigKeys (ConfUtils.java:logGet(44)) - raft.server.log.corruption.policy = EXCEPTION (default)
2020-06-24 17:10:54,614 [pool-147-thread-1] INFO  storage.RaftStorageDirectory (RaftStorageDirectory.java:analyzeStorage(261)) - The storage directory /github/workspace/mnt/ozone/hadoop-ozone/integration-test/target/test-dir/MiniOzoneClusterImpl-45b18ba1-9114-4b33-af64-cafa5396b779/datanode-7/data/ratis/1b81931c-1f4f-4b91-9021-a2d9f502ab5e does not exist. Creating ...
2020-06-24 17:10:54,617 [pool-147-thread-1] INFO  storage.RaftStorageDirectory (RaftStorageDirectory.java:tryLock(343)) - Lock on /github/workspace/mnt/ozone/hadoop-ozone/integration-test/target/test-dir/MiniOzoneClusterImpl-45b18ba1-9114-4b33-af64-cafa5396b779/datanode-7/data/ratis/1b81931c-1f4f-4b91-9021-a2d9f502ab5e/in_use.lock acquired by nodename 8206@ff49ff68588e
2020-06-24 17:10:54,618 [pool-147-thread-1] INFO  storage.RaftStorage (RaftStorage.java:format(84)) - Storage directory /github/workspace/mnt/ozone/hadoop-ozone/integration-test/target/test-dir/MiniOzoneClusterImpl-45b18ba1-9114-4b33-af64-cafa5396b779/datanode-7/data/ratis/1b81931c-1f4f-4b91-9021-a2d9f502ab5e has been successfully formatted.
2020-06-24 17:10:54,619 [pool-163-thread-1] INFO  impl.RaftServerImpl (RaftServerImpl.java:<init>(99)) - 6a2617bd-0d1c-4683-92c9-d4932b3f2669: new RaftServerImpl for group-9BF1E01BBAA3:[6a2617bd-0d1c-4683-92c9-d4932b3f2669:172.17.0.2:36409] with ContainerStateMachine:uninitialized
2020-06-24 17:10:54,619 [pool-147-thread-1] INFO  ratis.ContainerStateMachine (ContainerStateMachine.java:loadSnapshot(226)) - group-A2D9F502AB5E: The snapshot info is null. Setting the last applied indexto:(t:0, i:~)
2020-06-24 17:10:54,619 [pool-147-thread-1] INFO  server.RaftServerConfigKeys (ConfUtils.java:logGet(44)) - raft.server.notification.no-leader.timeout = 60s (default)
2020-06-24 17:10:54,619 [pool-147-thread-1] INFO  server.RaftServerConfigKeys (ConfUtils.java:logGet(44)) - raft.server.log.use.memory = false (default)
2020-06-24 17:10:54,620 [pool-147-thread-1] INFO  server.RaftServerConfigKeys (ConfUtils.java:logGet(44)) - raft.server.log.purge.gap = 1000000 (custom)
2020-06-24 17:10:54,620 [pool-147-thread-1] INFO  server.RaftServerConfigKeys (ConfUtils.java:logGet(44)) - raft.server.log.appender.buffer.byte-limit = 33554432 (custom)
2020-06-24 17:10:54,620 [pool-147-thread-1] INFO  server.RaftServerConfigKeys (ConfUtils.java:logGet(44)) - raft.server.log.segment.size.max = 1048576 (custom)
2020-06-24 17:10:54,620 [pool-147-thread-1] INFO  metrics.RatisMetrics (RatisMetrics.java:lambda$create$0(36)) - Creating Metrics Registry : ratis.log_worker.668c5cee-c6dc-4a53-9204-5b2807b3c1a4@group-A2D9F502AB5E
2020-06-24 17:10:54,620 [pool-147-thread-1] INFO  server.RaftServerConfigKeys (ConfUtils.java:logGet(44)) - raft.server.log.segment.cache.num.max = 2 (custom)
2020-06-24 17:10:54,620 [pool-147-thread-1] INFO  segmented.SegmentedRaftLogWorker (SegmentedRaftLogWorker.java:<init>(180)) - new 668c5cee-c6dc-4a53-9204-5b2807b3c1a4@group-A2D9F502AB5E-SegmentedRaftLogWorker for RaftStorage:Storage Directory /github/workspace/mnt/ozone/hadoop-ozone/integration-test/target/test-dir/MiniOzoneClusterImpl-45b18ba1-9114-4b33-af64-cafa5396b779/datanode-7/data/ratis/1b81931c-1f4f-4b91-9021-a2d9f502ab5e
2020-06-24 17:10:54,620 [pool-147-thread-1] INFO  server.RaftServerConfigKeys (ConfUtils.java:logGet(44)) - raft.server.log.queue.byte-limit = 2147483647 (custom)
2020-06-24 17:10:54,620 [pool-147-thread-1] INFO  server.RaftServerConfigKeys (ConfUtils.java:logGet(44)) - raft.server.log.queue.element-limit = 1024 (custom)
2020-06-24 17:10:54,620 [pool-147-thread-1] INFO  server.RaftServerConfigKeys (ConfUtils.java:logGet(44)) - raft.server.log.segment.size.max = 1048576 (custom)
2020-06-24 17:10:54,620 [pool-147-thread-1] INFO  server.RaftServerConfigKeys (ConfUtils.java:logGet(44)) - raft.server.log.preallocated.size = 16384 (custom)
2020-06-24 17:10:54,620 [pool-147-thread-1] INFO  server.RaftServerConfigKeys (ConfUtils.java:logGet(44)) - raft.server.log.write.buffer.size = 1048576 (custom)
2020-06-24 17:10:54,620 [pool-147-thread-1] INFO  server.RaftServerConfigKeys (ConfUtils.java:logGet(44)) - raft.server.log.force.sync.num = 128 (default)
2020-06-24 17:10:54,620 [pool-147-thread-1] INFO  server.RaftServerConfigKeys (ConfUtils.java:logGet(44)) - raft.server.log.statemachine.data.sync = true (default)
2020-06-24 17:10:54,620 [pool-147-thread-1] INFO  server.RaftServerConfigKeys (ConfUtils.java:logGet(44)) - raft.server.log.statemachine.data.sync.timeout = 10s (default)
2020-06-24 17:10:54,620 [pool-147-thread-1] INFO  server.RaftServerConfigKeys (ConfUtils.java:logGet(44)) - raft.server.log.statemachine.data.sync.timeout.retry = -1 (default)
2020-06-24 17:10:54,622 [pool-147-thread-1] INFO  server.RaftServerConfigKeys (ConfUtils.java:logGet(44)) - raft.server.log.statemachine.data.caching.enabled = true (custom)
2020-06-24 17:10:54,622 [pool-147-thread-1] INFO  segmented.SegmentedRaftLogWorker (SegmentedRaftLogWorker.java:lambda$new$0(129)) - 668c5cee-c6dc-4a53-9204-5b2807b3c1a4@group-A2D9F502AB5E-SegmentedRaftLogWorker: flushIndex: setUnconditionally 0 -> -1
2020-06-24 17:10:54,622 [pool-147-thread-1] INFO  segmented.SegmentedRaftLogWorker (SegmentedRaftLogWorker.java:lambda$new$0(129)) - 668c5cee-c6dc-4a53-9204-5b2807b3c1a4@group-A2D9F502AB5E-SegmentedRaftLogWorker: safeCacheEvictIndex: setUnconditionally 0 -> -1
2020-06-24 17:10:54,624 [pool-147-thread-1] INFO  server.RaftServerConfigKeys (ConfUtils.java:logGet(44)) - raft.server.snapshot.auto.trigger.enabled = true (custom)
2020-06-24 17:10:54,624 [pool-147-thread-1] INFO  server.RaftServerConfigKeys (ConfUtils.java:logGet(44)) - raft.server.snapshot.auto.trigger.threshold = 10000 (custom)
2020-06-24 17:10:54,624 [pool-147-thread-1] INFO  server.RaftServerConfigKeys (ConfUtils.java:logGet(44)) - raft.server.snapshot.retention.file.num = 5 (custom)
2020-06-24 17:10:54,624 [pool-147-thread-1] INFO  server.RaftServerConfigKeys (ConfUtils.java:logGet(44)) - raft.server.log.purge.upto.snapshot.index = false (default)
2020-06-24 17:10:54,624 [pool-147-thread-1] INFO  server.RaftServerConfigKeys (ConfUtils.java:logGet(44)) - raft.server.retrycache.expirytime = 600000ms (custom)
2020-06-24 17:10:54,624 [pool-147-thread-1] INFO  metrics.RatisMetrics (RatisMetrics.java:lambda$create$0(36)) - Creating Metrics Registry : ratis.leader_election.668c5cee-c6dc-4a53-9204-5b2807b3c1a4@group-A2D9F502AB5E
2020-06-24 17:10:54,625 [pool-147-thread-1] INFO  metrics.RatisMetrics (RatisMetrics.java:lambda$create$0(36)) - Creating Metrics Registry : ratis.server.668c5cee-c6dc-4a53-9204-5b2807b3c1a4@group-A2D9F502AB5E
2020-06-24 17:10:54,635 [pool-147-thread-1] INFO  impl.RaftServerImpl (RaftServerImpl.java:start(186)) - 668c5cee-c6dc-4a53-9204-5b2807b3c1a4@group-A2D9F502AB5E: start as a follower, conf=-1: [6a2617bd-0d1c-4683-92c9-d4932b3f2669:172.17.0.2:36409, 22cc0f04-e09b-4cc9-bfb5-2feecdd2b0ba:172.17.0.2:38605, 668c5cee-c6dc-4a53-9204-5b2807b3c1a4:172.17.0.2:35055], old=null
2020-06-24 17:10:54,635 [pool-147-thread-1] INFO  impl.RaftServerImpl (RaftServerImpl.java:setRole(175)) - 668c5cee-c6dc-4a53-9204-5b2807b3c1a4@group-A2D9F502AB5E: changes role from      null to FOLLOWER at term 0 for startAsFollower
2020-06-24 17:10:54,635 [pool-147-thread-1] INFO  impl.RoleInfo (RoleInfo.java:updateAndGet(143)) - 668c5cee-c6dc-4a53-9204-5b2807b3c1a4: start FollowerState
2020-06-24 17:10:54,636 [pool-147-thread-1] INFO  util.JmxRegister (JmxRegister.java:tryRegister(44)) - Successfully registered JMX Bean with object name Ratis:service=RaftServer,group=group-A2D9F502AB5E,id=668c5cee-c6dc-4a53-9204-5b2807b3c1a4
2020-06-24 17:10:54,636 [pool-147-thread-1] INFO  metrics.RatisMetrics (RatisMetrics.java:lambda$create$0(36)) - Creating Metrics Registry : ratis.state_machine.668c5cee-c6dc-4a53-9204-5b2807b3c1a4@group-A2D9F502AB5E
2020-06-24 17:10:54,648 [Listener at 127.0.0.1/39213] INFO  ozone.MiniOzoneClusterImpl (MiniOzoneClusterImpl.java:lambda$waitForClusterToBeReady$0(177)) - Nodes are ready. Got 10 of 10 DN Heartbeats.
2020-06-24 17:10:54,648 [Listener at 127.0.0.1/39213] INFO  ozone.MiniOzoneClusterImpl (MiniOzoneClusterImpl.java:lambda$waitForClusterToBeReady$0(180)) - Waiting for cluster to exit safe mode
2020-06-24 17:10:54,653 [pool-163-thread-1] INFO  server.RaftServerConfigKeys (ConfUtils.java:logGet(44)) - raft.server.rpc.timeout.min = 5s (custom)
2020-06-24 17:10:54,653 [pool-163-thread-1] INFO  server.RaftServerConfigKeys (ConfUtils.java:logGet(44)) - raft.server.rpc.timeout.max = 5200ms (custom)
2020-06-24 17:10:54,653 [pool-163-thread-1] INFO  server.RaftServerConfigKeys (ConfUtils.java:logGet(44)) - raft.server.rpcslowness.timeout = 300s (custom)
2020-06-24 17:10:54,653 [pool-163-thread-1] INFO  server.RaftServerConfigKeys (ConfUtils.java:logGet(44)) - raft.server.sleep.deviation.threshold = 300 (default)
2020-06-24 17:10:54,653 [pool-163-thread-1] INFO  server.RaftServerConfigKeys (ConfUtils.java:logGet(44)) - raft.server.log.appender.install.snapshot.enabled = false (custom)
2020-06-24 17:10:54,653 [pool-163-thread-1] INFO  impl.RaftServerImpl (ServerState.java:<init>(103)) - 6a2617bd-0d1c-4683-92c9-d4932b3f2669@group-9BF1E01BBAA3: ConfigurationManager, init=-1: [6a2617bd-0d1c-4683-92c9-d4932b3f2669:172.17.0.2:36409], old=null, confs=<EMPTY_MAP>
2020-06-24 17:10:54,653 [pool-163-thread-1] INFO  server.RaftServerConfigKeys (ConfUtils.java:logGet(44)) - raft.server.storage.dir = [/github/workspace/mnt/ozone/hadoop-ozone/integration-test/target/test-dir/MiniOzoneClusterImpl-45b18ba1-9114-4b33-af64-cafa5396b779/datanode-8/data/ratis] (custom)
2020-06-24 17:10:54,654 [pool-163-thread-1] INFO  server.RaftServerConfigKeys (ConfUtils.java:logGet(44)) - raft.server.log.corruption.policy = EXCEPTION (default)
2020-06-24 17:10:54,654 [pool-163-thread-1] INFO  storage.RaftStorageDirectory (RaftStorageDirectory.java:analyzeStorage(261)) - The storage directory /github/workspace/mnt/ozone/hadoop-ozone/integration-test/target/test-dir/MiniOzoneClusterImpl-45b18ba1-9114-4b33-af64-cafa5396b779/datanode-8/data/ratis/aad5d469-70e0-4721-bac4-9bf1e01bbaa3 does not exist. Creating ...
2020-06-24 17:10:54,656 [Command processor thread] INFO  impl.RaftServerProxy (RaftServerProxy.java:addNew(89)) - fa89d047-e78b-443f-9362-d24b5ddcd122: addNew group-468D40CD44E3:[fa89d047-e78b-443f-9362-d24b5ddcd122:172.17.0.2:36271] returns group-468D40CD44E3:java.util.concurrent.CompletableFuture@7b3d43ca[Not completed]
2020-06-24 17:10:54,658 [pool-179-thread-1] INFO  impl.RaftServerImpl (RaftServerImpl.java:<init>(99)) - fa89d047-e78b-443f-9362-d24b5ddcd122: new RaftServerImpl for group-468D40CD44E3:[fa89d047-e78b-443f-9362-d24b5ddcd122:172.17.0.2:36271] with ContainerStateMachine:uninitialized
2020-06-24 17:10:54,660 [pool-163-thread-1] INFO  storage.RaftStorageDirectory (RaftStorageDirectory.java:tryLock(343)) - Lock on /github/workspace/mnt/ozone/hadoop-ozone/integration-test/target/test-dir/MiniOzoneClusterImpl-45b18ba1-9114-4b33-af64-cafa5396b779/datanode-8/data/ratis/aad5d469-70e0-4721-bac4-9bf1e01bbaa3/in_use.lock acquired by nodename 8206@ff49ff68588e
2020-06-24 17:10:54,662 [pool-163-thread-1] INFO  storage.RaftStorage (RaftStorage.java:format(84)) - Storage directory /github/workspace/mnt/ozone/hadoop-ozone/integration-test/target/test-dir/MiniOzoneClusterImpl-45b18ba1-9114-4b33-af64-cafa5396b779/datanode-8/data/ratis/aad5d469-70e0-4721-bac4-9bf1e01bbaa3 has been successfully formatted.
2020-06-24 17:10:54,668 [pool-163-thread-1] INFO  ratis.ContainerStateMachine (ContainerStateMachine.java:loadSnapshot(226)) - group-9BF1E01BBAA3: The snapshot info is null. Setting the last applied indexto:(t:0, i:~)
2020-06-24 17:10:54,668 [pool-163-thread-1] INFO  server.RaftServerConfigKeys (ConfUtils.java:logGet(44)) - raft.server.notification.no-leader.timeout = 60s (default)
2020-06-24 17:10:54,668 [pool-163-thread-1] INFO  server.RaftServerConfigKeys (ConfUtils.java:logGet(44)) - raft.server.log.use.memory = false (default)
2020-06-24 17:10:54,669 [pool-163-thread-1] INFO  server.RaftServerConfigKeys (ConfUtils.java:logGet(44)) - raft.server.log.purge.gap = 1000000 (custom)
2020-06-24 17:10:54,669 [pool-163-thread-1] INFO  server.RaftServerConfigKeys (ConfUtils.java:logGet(44)) - raft.server.log.appender.buffer.byte-limit = 33554432 (custom)
2020-06-24 17:10:54,669 [pool-163-thread-1] INFO  server.RaftServerConfigKeys (ConfUtils.java:logGet(44)) - raft.server.log.segment.size.max = 1048576 (custom)
2020-06-24 17:10:54,669 [pool-163-thread-1] INFO  metrics.RatisMetrics (RatisMetrics.java:lambda$create$0(36)) - Creating Metrics Registry : ratis.log_worker.6a2617bd-0d1c-4683-92c9-d4932b3f2669@group-9BF1E01BBAA3
2020-06-24 17:10:54,669 [pool-163-thread-1] INFO  server.RaftServerConfigKeys (ConfUtils.java:logGet(44)) - raft.server.log.segment.cache.num.max = 2 (custom)
2020-06-24 17:10:54,669 [pool-163-thread-1] INFO  segmented.SegmentedRaftLogWorker (SegmentedRaftLogWorker.java:<init>(180)) - new 6a2617bd-0d1c-4683-92c9-d4932b3f2669@group-9BF1E01BBAA3-SegmentedRaftLogWorker for RaftStorage:Storage Directory /github/workspace/mnt/ozone/hadoop-ozone/integration-test/target/test-dir/MiniOzoneClusterImpl-45b18ba1-9114-4b33-af64-cafa5396b779/datanode-8/data/ratis/aad5d469-70e0-4721-bac4-9bf1e01bbaa3
2020-06-24 17:10:54,669 [pool-163-thread-1] INFO  server.RaftServerConfigKeys (ConfUtils.java:logGet(44)) - raft.server.log.queue.byte-limit = 2147483647 (custom)
2020-06-24 17:10:54,669 [pool-163-thread-1] INFO  server.RaftServerConfigKeys (ConfUtils.java:logGet(44)) - raft.server.log.queue.element-limit = 1024 (custom)
2020-06-24 17:10:54,669 [pool-163-thread-1] INFO  server.RaftServerConfigKeys (ConfUtils.java:logGet(44)) - raft.server.log.segment.size.max = 1048576 (custom)
2020-06-24 17:10:54,669 [pool-163-thread-1] INFO  server.RaftServerConfigKeys (ConfUtils.java:logGet(44)) - raft.server.log.preallocated.size = 16384 (custom)
2020-06-24 17:10:54,669 [pool-163-thread-1] INFO  server.RaftServerConfigKeys (ConfUtils.java:logGet(44)) - raft.server.log.write.buffer.size = 1048576 (custom)
2020-06-24 17:10:54,669 [pool-163-thread-1] INFO  server.RaftServerConfigKeys (ConfUtils.java:logGet(44)) - raft.server.log.force.sync.num = 128 (default)
2020-06-24 17:10:54,669 [pool-163-thread-1] INFO  server.RaftServerConfigKeys (ConfUtils.java:logGet(44)) - raft.server.log.statemachine.data.sync = true (default)
2020-06-24 17:10:54,669 [pool-163-thread-1] INFO  server.RaftServerConfigKeys (ConfUtils.java:logGet(44)) - raft.server.log.statemachine.data.sync.timeout = 10s (default)
2020-06-24 17:10:54,670 [pool-163-thread-1] INFO  server.RaftServerConfigKeys (ConfUtils.java:logGet(44)) - raft.server.log.statemachine.data.sync.timeout.retry = -1 (default)
2020-06-24 17:10:54,671 [pool-163-thread-1] INFO  server.RaftServerConfigKeys (ConfUtils.java:logGet(44)) - raft.server.log.statemachine.data.caching.enabled = true (custom)
2020-06-24 17:10:54,671 [pool-163-thread-1] INFO  segmented.SegmentedRaftLogWorker (SegmentedRaftLogWorker.java:lambda$new$0(129)) - 6a2617bd-0d1c-4683-92c9-d4932b3f2669@group-9BF1E01BBAA3-SegmentedRaftLogWorker: flushIndex: setUnconditionally 0 -> -1
2020-06-24 17:10:54,671 [pool-163-thread-1] INFO  segmented.SegmentedRaftLogWorker (SegmentedRaftLogWorker.java:lambda$new$0(129)) - 6a2617bd-0d1c-4683-92c9-d4932b3f2669@group-9BF1E01BBAA3-SegmentedRaftLogWorker: safeCacheEvictIndex: setUnconditionally 0 -> -1
2020-06-24 17:10:54,673 [EventQueue-PipelineReportForPipelineReportHandler] INFO  pipeline.PipelineStateManager (PipelineStateManager.java:openPipeline(131)) - Pipeline Pipeline[ Id: aad5d469-70e0-4721-bac4-9bf1e01bbaa3, Nodes: 6a2617bd-0d1c-4683-92c9-d4932b3f2669{ip: 172.17.0.2, host: ff49ff68588e, networkLocation: /default-rack, certSerialId: null}, Type:RATIS, Factor:ONE, State:ALLOCATED, leaderId:6a2617bd-0d1c-4683-92c9-d4932b3f2669, CreationTimestamp2020-06-24T17:10:51.589Z] moved to OPEN state
2020-06-24 17:10:54,673 [EventQueue-OpenPipelineForOneReplicaPipelineSafeModeRule] INFO  safemode.SCMSafeModeManager (SCMSafeModeManager.java:validateSafeModeExitRules(214)) - AtleastOneDatanodeReportedRule rule is successfully validated
2020-06-24 17:10:54,673 [EventQueue-OpenPipelineForHealthyPipelineSafeModeRule] INFO  safemode.SCMSafeModeManager (HealthyPipelineSafeModeRule.java:process(132)) - SCM in safe mode. Healthy pipelines reported count is 0, required healthy pipeline reported count is 1
2020-06-24 17:10:54,673 [pool-179-thread-1] INFO  server.RaftServerConfigKeys (ConfUtils.java:logGet(44)) - raft.server.rpc.timeout.min = 5s (custom)
2020-06-24 17:10:54,673 [pool-179-thread-1] INFO  server.RaftServerConfigKeys (ConfUtils.java:logGet(44)) - raft.server.rpc.timeout.max = 5200ms (custom)
2020-06-24 17:10:54,673 [pool-179-thread-1] INFO  server.RaftServerConfigKeys (ConfUtils.java:logGet(44)) - raft.server.rpcslowness.timeout = 300s (custom)
2020-06-24 17:10:54,673 [pool-179-thread-1] INFO  server.RaftServerConfigKeys (ConfUtils.java:logGet(44)) - raft.server.sleep.deviation.threshold = 300 (default)
2020-06-24 17:10:54,673 [pool-179-thread-1] INFO  server.RaftServerConfigKeys (ConfUtils.java:logGet(44)) - raft.server.log.appender.install.snapshot.enabled = false (custom)
2020-06-24 17:10:54,673 [pool-179-thread-1] INFO  impl.RaftServerImpl (ServerState.java:<init>(103)) - fa89d047-e78b-443f-9362-d24b5ddcd122@group-468D40CD44E3: ConfigurationManager, init=-1: [fa89d047-e78b-443f-9362-d24b5ddcd122:172.17.0.2:36271], old=null, confs=<EMPTY_MAP>
2020-06-24 17:10:54,673 [pool-179-thread-1] INFO  server.RaftServerConfigKeys (ConfUtils.java:logGet(44)) - raft.server.storage.dir = [/github/workspace/mnt/ozone/hadoop-ozone/integration-test/target/test-dir/MiniOzoneClusterImpl-45b18ba1-9114-4b33-af64-cafa5396b779/datanode-9/data/ratis] (custom)
2020-06-24 17:10:54,673 [pool-179-thread-1] INFO  server.RaftServerConfigKeys (ConfUtils.java:logGet(44)) - raft.server.log.corruption.policy = EXCEPTION (default)
2020-06-24 17:10:54,674 [pool-179-thread-1] INFO  storage.RaftStorageDirectory (RaftStorageDirectory.java:analyzeStorage(261)) - The storage directory /github/workspace/mnt/ozone/hadoop-ozone/integration-test/target/test-dir/MiniOzoneClusterImpl-45b18ba1-9114-4b33-af64-cafa5396b779/datanode-9/data/ratis/50159378-f011-43c6-893d-468d40cd44e3 does not exist. Creating ...
2020-06-24 17:10:54,675 [pool-179-thread-1] INFO  storage.RaftStorageDirectory (RaftStorageDirectory.java:tryLock(343)) - Lock on /github/workspace/mnt/ozone/hadoop-ozone/integration-test/target/test-dir/MiniOzoneClusterImpl-45b18ba1-9114-4b33-af64-cafa5396b779/datanode-9/data/ratis/50159378-f011-43c6-893d-468d40cd44e3/in_use.lock acquired by nodename 8206@ff49ff68588e
2020-06-24 17:10:54,684 [pool-163-thread-1] INFO  server.RaftServerConfigKeys (ConfUtils.java:logGet(44)) - raft.server.snapshot.auto.trigger.enabled = true (custom)
2020-06-24 17:10:54,684 [pool-163-thread-1] INFO  server.RaftServerConfigKeys (ConfUtils.java:logGet(44)) - raft.server.snapshot.auto.trigger.threshold = 10000 (custom)
2020-06-24 17:10:54,684 [pool-163-thread-1] INFO  server.RaftServerConfigKeys (ConfUtils.java:logGet(44)) - raft.server.snapshot.retention.file.num = 5 (custom)
2020-06-24 17:10:54,685 [pool-163-thread-1] INFO  server.RaftServerConfigKeys (ConfUtils.java:logGet(44)) - raft.server.log.purge.upto.snapshot.index = false (default)
2020-06-24 17:10:54,685 [pool-163-thread-1] INFO  server.RaftServerConfigKeys (ConfUtils.java:logGet(44)) - raft.server.retrycache.expirytime = 600000ms (custom)
2020-06-24 17:10:54,685 [pool-163-thread-1] INFO  metrics.RatisMetrics (RatisMetrics.java:lambda$create$0(36)) - Creating Metrics Registry : ratis.leader_election.6a2617bd-0d1c-4683-92c9-d4932b3f2669@group-9BF1E01BBAA3
2020-06-24 17:10:54,685 [pool-163-thread-1] INFO  metrics.RatisMetrics (RatisMetrics.java:lambda$create$0(36)) - Creating Metrics Registry : ratis.server.6a2617bd-0d1c-4683-92c9-d4932b3f2669@group-9BF1E01BBAA3
2020-06-24 17:10:54,686 [pool-163-thread-1] INFO  impl.RaftServerImpl (RaftServerImpl.java:start(186)) - 6a2617bd-0d1c-4683-92c9-d4932b3f2669@group-9BF1E01BBAA3: start as a follower, conf=-1: [6a2617bd-0d1c-4683-92c9-d4932b3f2669:172.17.0.2:36409], old=null
2020-06-24 17:10:54,686 [pool-163-thread-1] INFO  impl.RaftServerImpl (RaftServerImpl.java:setRole(175)) - 6a2617bd-0d1c-4683-92c9-d4932b3f2669@group-9BF1E01BBAA3: changes role from      null to FOLLOWER at term 0 for startAsFollower
2020-06-24 17:10:54,686 [pool-163-thread-1] INFO  impl.RoleInfo (RoleInfo.java:updateAndGet(143)) - 6a2617bd-0d1c-4683-92c9-d4932b3f2669: start FollowerState
2020-06-24 17:10:54,687 [pool-163-thread-1] INFO  util.JmxRegister (JmxRegister.java:tryRegister(44)) - Successfully registered JMX Bean with object name Ratis:service=RaftServer,group=group-9BF1E01BBAA3,id=6a2617bd-0d1c-4683-92c9-d4932b3f2669
2020-06-24 17:10:54,687 [pool-179-thread-1] INFO  storage.RaftStorage (RaftStorage.java:format(84)) - Storage directory /github/workspace/mnt/ozone/hadoop-ozone/integration-test/target/test-dir/MiniOzoneClusterImpl-45b18ba1-9114-4b33-af64-cafa5396b779/datanode-9/data/ratis/50159378-f011-43c6-893d-468d40cd44e3 has been successfully formatted.
2020-06-24 17:10:54,688 [pool-179-thread-1] INFO  ratis.ContainerStateMachine (ContainerStateMachine.java:loadSnapshot(226)) - group-468D40CD44E3: The snapshot info is null. Setting the last applied indexto:(t:0, i:~)
2020-06-24 17:10:54,688 [pool-179-thread-1] INFO  server.RaftServerConfigKeys (ConfUtils.java:logGet(44)) - raft.server.notification.no-leader.timeout = 60s (default)
2020-06-24 17:10:54,688 [pool-179-thread-1] INFO  server.RaftServerConfigKeys (ConfUtils.java:logGet(44)) - raft.server.log.use.memory = false (default)
2020-06-24 17:10:54,688 [pool-179-thread-1] INFO  server.RaftServerConfigKeys (ConfUtils.java:logGet(44)) - raft.server.log.purge.gap = 1000000 (custom)
2020-06-24 17:10:54,688 [pool-179-thread-1] INFO  server.RaftServerConfigKeys (ConfUtils.java:logGet(44)) - raft.server.log.appender.buffer.byte-limit = 33554432 (custom)
2020-06-24 17:10:54,688 [pool-179-thread-1] INFO  server.RaftServerConfigKeys (ConfUtils.java:logGet(44)) - raft.server.log.segment.size.max = 1048576 (custom)
2020-06-24 17:10:54,688 [pool-179-thread-1] INFO  metrics.RatisMetrics (RatisMetrics.java:lambda$create$0(36)) - Creating Metrics Registry : ratis.log_worker.fa89d047-e78b-443f-9362-d24b5ddcd122@group-468D40CD44E3
2020-06-24 17:10:54,689 [pool-179-thread-1] INFO  server.RaftServerConfigKeys (ConfUtils.java:logGet(44)) - raft.server.log.segment.cache.num.max = 2 (custom)
2020-06-24 17:10:54,689 [pool-179-thread-1] INFO  segmented.SegmentedRaftLogWorker (SegmentedRaftLogWorker.java:<init>(180)) - new fa89d047-e78b-443f-9362-d24b5ddcd122@group-468D40CD44E3-SegmentedRaftLogWorker for RaftStorage:Storage Directory /github/workspace/mnt/ozone/hadoop-ozone/integration-test/target/test-dir/MiniOzoneClusterImpl-45b18ba1-9114-4b33-af64-cafa5396b779/datanode-9/data/ratis/50159378-f011-43c6-893d-468d40cd44e3
2020-06-24 17:10:54,689 [EventQueue-PipelineReportForPipelineReportHandler] INFO  pipeline.PipelineStateManager (PipelineStateManager.java:openPipeline(131)) - Pipeline Pipeline[ Id: 50159378-f011-43c6-893d-468d40cd44e3, Nodes: fa89d047-e78b-443f-9362-d24b5ddcd122{ip: 172.17.0.2, host: ff49ff68588e, networkLocation: /default-rack, certSerialId: null}, Type:RATIS, Factor:ONE, State:ALLOCATED, leaderId:fa89d047-e78b-443f-9362-d24b5ddcd122, CreationTimestamp2020-06-24T17:10:51.654Z] moved to OPEN state
2020-06-24 17:10:54,690 [EventQueue-OpenPipelineForOneReplicaPipelineSafeModeRule] INFO  safemode.SCMSafeModeManager (SCMSafeModeManager.java:validateSafeModeExitRules(214)) - AtleastOneDatanodeReportedRule rule is successfully validated
2020-06-24 17:10:54,690 [EventQueue-OpenPipelineForHealthyPipelineSafeModeRule] INFO  safemode.SCMSafeModeManager (HealthyPipelineSafeModeRule.java:process(132)) - SCM in safe mode. Healthy pipelines reported count is 0, required healthy pipeline reported count is 1
2020-06-24 17:10:54,690 [pool-179-thread-1] INFO  server.RaftServerConfigKeys (ConfUtils.java:logGet(44)) - raft.server.log.queue.byte-limit = 2147483647 (custom)
2020-06-24 17:10:54,691 [pool-179-thread-1] INFO  server.RaftServerConfigKeys (ConfUtils.java:logGet(44)) - raft.server.log.queue.element-limit = 1024 (custom)
2020-06-24 17:10:54,691 [pool-179-thread-1] INFO  server.RaftServerConfigKeys (ConfUtils.java:logGet(44)) - raft.server.log.segment.size.max = 1048576 (custom)
2020-06-24 17:10:54,691 [pool-179-thread-1] INFO  server.RaftServerConfigKeys (ConfUtils.java:logGet(44)) - raft.server.log.preallocated.size = 16384 (custom)
2020-06-24 17:10:54,691 [pool-179-thread-1] INFO  server.RaftServerConfigKeys (ConfUtils.java:logGet(44)) - raft.server.log.write.buffer.size = 1048576 (custom)
2020-06-24 17:10:54,691 [pool-179-thread-1] INFO  server.RaftServerConfigKeys (ConfUtils.java:logGet(44)) - raft.server.log.force.sync.num = 128 (default)
2020-06-24 17:10:54,691 [pool-179-thread-1] INFO  server.RaftServerConfigKeys (ConfUtils.java:logGet(44)) - raft.server.log.statemachine.data.sync = true (default)
2020-06-24 17:10:54,691 [pool-179-thread-1] INFO  server.RaftServerConfigKeys (ConfUtils.java:logGet(44)) - raft.server.log.statemachine.data.sync.timeout = 10s (default)
2020-06-24 17:10:54,691 [pool-179-thread-1] INFO  server.RaftServerConfigKeys (ConfUtils.java:logGet(44)) - raft.server.log.statemachine.data.sync.timeout.retry = -1 (default)
2020-06-24 17:10:54,692 [pool-179-thread-1] INFO  server.RaftServerConfigKeys (ConfUtils.java:logGet(44)) - raft.server.log.statemachine.data.caching.enabled = true (custom)
2020-06-24 17:10:54,693 [pool-163-thread-1] INFO  metrics.RatisMetrics (RatisMetrics.java:lambda$create$0(36)) - Creating Metrics Registry : ratis.state_machine.6a2617bd-0d1c-4683-92c9-d4932b3f2669@group-9BF1E01BBAA3
2020-06-24 17:10:54,693 [pool-179-thread-1] INFO  segmented.SegmentedRaftLogWorker (SegmentedRaftLogWorker.java:lambda$new$0(129)) - fa89d047-e78b-443f-9362-d24b5ddcd122@group-468D40CD44E3-SegmentedRaftLogWorker: flushIndex: setUnconditionally 0 -> -1
2020-06-24 17:10:54,693 [pool-179-thread-1] INFO  segmented.SegmentedRaftLogWorker (SegmentedRaftLogWorker.java:lambda$new$0(129)) - fa89d047-e78b-443f-9362-d24b5ddcd122@group-468D40CD44E3-SegmentedRaftLogWorker: safeCacheEvictIndex: setUnconditionally 0 -> -1
2020-06-24 17:10:54,698 [pool-179-thread-1] INFO  server.RaftServerConfigKeys (ConfUtils.java:logGet(44)) - raft.server.snapshot.auto.trigger.enabled = true (custom)
2020-06-24 17:10:54,698 [pool-179-thread-1] INFO  server.RaftServerConfigKeys (ConfUtils.java:logGet(44)) - raft.server.snapshot.auto.trigger.threshold = 10000 (custom)
2020-06-24 17:10:54,698 [pool-179-thread-1] INFO  server.RaftServerConfigKeys (ConfUtils.java:logGet(44)) - raft.server.snapshot.retention.file.num = 5 (custom)
2020-06-24 17:10:54,698 [pool-179-thread-1] INFO  server.RaftServerConfigKeys (ConfUtils.java:logGet(44)) - raft.server.log.purge.upto.snapshot.index = false (default)
2020-06-24 17:10:54,698 [pool-179-thread-1] INFO  server.RaftServerConfigKeys (ConfUtils.java:logGet(44)) - raft.server.retrycache.expirytime = 600000ms (custom)
2020-06-24 17:10:54,698 [pool-179-thread-1] INFO  metrics.RatisMetrics (RatisMetrics.java:lambda$create$0(36)) - Creating Metrics Registry : ratis.leader_election.fa89d047-e78b-443f-9362-d24b5ddcd122@group-468D40CD44E3
2020-06-24 17:10:54,699 [pool-179-thread-1] INFO  metrics.RatisMetrics (RatisMetrics.java:lambda$create$0(36)) - Creating Metrics Registry : ratis.server.fa89d047-e78b-443f-9362-d24b5ddcd122@group-468D40CD44E3
2020-06-24 17:10:54,700 [pool-179-thread-1] INFO  impl.RaftServerImpl (RaftServerImpl.java:start(186)) - fa89d047-e78b-443f-9362-d24b5ddcd122@group-468D40CD44E3: start as a follower, conf=-1: [fa89d047-e78b-443f-9362-d24b5ddcd122:172.17.0.2:36271], old=null
2020-06-24 17:10:54,700 [pool-179-thread-1] INFO  impl.RaftServerImpl (RaftServerImpl.java:setRole(175)) - fa89d047-e78b-443f-9362-d24b5ddcd122@group-468D40CD44E3: changes role from      null to FOLLOWER at term 0 for startAsFollower
2020-06-24 17:10:54,700 [pool-179-thread-1] INFO  impl.RoleInfo (RoleInfo.java:updateAndGet(143)) - fa89d047-e78b-443f-9362-d24b5ddcd122: start FollowerState
2020-06-24 17:10:54,701 [pool-179-thread-1] INFO  util.JmxRegister (JmxRegister.java:tryRegister(44)) - Successfully registered JMX Bean with object name Ratis:service=RaftServer,group=group-468D40CD44E3,id=fa89d047-e78b-443f-9362-d24b5ddcd122
2020-06-24 17:10:54,701 [pool-179-thread-1] INFO  metrics.RatisMetrics (RatisMetrics.java:lambda$create$0(36)) - Creating Metrics Registry : ratis.state_machine.fa89d047-e78b-443f-9362-d24b5ddcd122@group-468D40CD44E3
2020-06-24 17:10:54,717 [Command processor thread] INFO  commandhandler.CreatePipelineCommandHandler (CreatePipelineCommandHandler.java:handle(109)) - Created Pipeline RATIS ONE #id: "50159378-f011-43c6-893d-468d40cd44e3"
.
2020-06-24 17:10:54,718 [Command processor thread] INFO  commandhandler.CreatePipelineCommandHandler (CreatePipelineCommandHandler.java:handle(109)) - Created Pipeline RATIS ONE #id: "aad5d469-70e0-4721-bac4-9bf1e01bbaa3"
.
2020-06-24 17:10:54,724 [Command processor thread] INFO  impl.RaftServerProxy (RaftServerProxy.java:addNew(89)) - 6a2617bd-0d1c-4683-92c9-d4932b3f2669: addNew group-A2D9F502AB5E:[6a2617bd-0d1c-4683-92c9-d4932b3f2669:172.17.0.2:36409, 22cc0f04-e09b-4cc9-bfb5-2feecdd2b0ba:172.17.0.2:38605, 668c5cee-c6dc-4a53-9204-5b2807b3c1a4:172.17.0.2:35055] returns group-A2D9F502AB5E:java.util.concurrent.CompletableFuture@15c8f860[Not completed]
2020-06-24 17:10:54,725 [pool-163-thread-1] INFO  impl.RaftServerImpl (RaftServerImpl.java:<init>(99)) - 6a2617bd-0d1c-4683-92c9-d4932b3f2669: new RaftServerImpl for group-A2D9F502AB5E:[6a2617bd-0d1c-4683-92c9-d4932b3f2669:172.17.0.2:36409, 22cc0f04-e09b-4cc9-bfb5-2feecdd2b0ba:172.17.0.2:38605, 668c5cee-c6dc-4a53-9204-5b2807b3c1a4:172.17.0.2:35055] with ContainerStateMachine:uninitialized
2020-06-24 17:10:54,725 [pool-163-thread-1] INFO  server.RaftServerConfigKeys (ConfUtils.java:logGet(44)) - raft.server.rpc.timeout.min = 5s (custom)
2020-06-24 17:10:54,725 [pool-163-thread-1] INFO  server.RaftServerConfigKeys (ConfUtils.java:logGet(44)) - raft.server.rpc.timeout.max = 5200ms (custom)
2020-06-24 17:10:54,725 [pool-163-thread-1] INFO  server.RaftServerConfigKeys (ConfUtils.java:logGet(44)) - raft.server.rpcslowness.timeout = 300s (custom)
2020-06-24 17:10:54,725 [pool-163-thread-1] INFO  server.RaftServerConfigKeys (ConfUtils.java:logGet(44)) - raft.server.sleep.deviation.threshold = 300 (default)
2020-06-24 17:10:54,725 [pool-163-thread-1] INFO  server.RaftServerConfigKeys (ConfUtils.java:logGet(44)) - raft.server.log.appender.install.snapshot.enabled = false (custom)
2020-06-24 17:10:54,725 [pool-163-thread-1] INFO  impl.RaftServerImpl (ServerState.java:<init>(103)) - 6a2617bd-0d1c-4683-92c9-d4932b3f2669@group-A2D9F502AB5E: ConfigurationManager, init=-1: [6a2617bd-0d1c-4683-92c9-d4932b3f2669:172.17.0.2:36409, 22cc0f04-e09b-4cc9-bfb5-2feecdd2b0ba:172.17.0.2:38605, 668c5cee-c6dc-4a53-9204-5b2807b3c1a4:172.17.0.2:35055], old=null, confs=<EMPTY_MAP>
2020-06-24 17:10:54,725 [pool-163-thread-1] INFO  server.RaftServerConfigKeys (ConfUtils.java:logGet(44)) - raft.server.storage.dir = [/github/workspace/mnt/ozone/hadoop-ozone/integration-test/target/test-dir/MiniOzoneClusterImpl-45b18ba1-9114-4b33-af64-cafa5396b779/datanode-8/data/ratis] (custom)
2020-06-24 17:10:54,725 [pool-163-thread-1] INFO  server.RaftServerConfigKeys (ConfUtils.java:logGet(44)) - raft.server.log.corruption.policy = EXCEPTION (default)
2020-06-24 17:10:54,726 [pool-163-thread-1] INFO  storage.RaftStorageDirectory (RaftStorageDirectory.java:analyzeStorage(261)) - The storage directory /github/workspace/mnt/ozone/hadoop-ozone/integration-test/target/test-dir/MiniOzoneClusterImpl-45b18ba1-9114-4b33-af64-cafa5396b779/datanode-8/data/ratis/1b81931c-1f4f-4b91-9021-a2d9f502ab5e does not exist. Creating ...
2020-06-24 17:10:54,727 [pool-163-thread-1] INFO  storage.RaftStorageDirectory (RaftStorageDirectory.java:tryLock(343)) - Lock on /github/workspace/mnt/ozone/hadoop-ozone/integration-test/target/test-dir/MiniOzoneClusterImpl-45b18ba1-9114-4b33-af64-cafa5396b779/datanode-8/data/ratis/1b81931c-1f4f-4b91-9021-a2d9f502ab5e/in_use.lock acquired by nodename 8206@ff49ff68588e
2020-06-24 17:10:54,728 [pool-163-thread-1] INFO  storage.RaftStorage (RaftStorage.java:format(84)) - Storage directory /github/workspace/mnt/ozone/hadoop-ozone/integration-test/target/test-dir/MiniOzoneClusterImpl-45b18ba1-9114-4b33-af64-cafa5396b779/datanode-8/data/ratis/1b81931c-1f4f-4b91-9021-a2d9f502ab5e has been successfully formatted.
2020-06-24 17:10:54,728 [pool-163-thread-1] INFO  ratis.ContainerStateMachine (ContainerStateMachine.java:loadSnapshot(226)) - group-A2D9F502AB5E: The snapshot info is null. Setting the last applied indexto:(t:0, i:~)
2020-06-24 17:10:54,728 [pool-163-thread-1] INFO  server.RaftServerConfigKeys (ConfUtils.java:logGet(44)) - raft.server.notification.no-leader.timeout = 60s (default)
2020-06-24 17:10:54,728 [pool-163-thread-1] INFO  server.RaftServerConfigKeys (ConfUtils.java:logGet(44)) - raft.server.log.use.memory = false (default)
2020-06-24 17:10:54,728 [pool-163-thread-1] INFO  server.RaftServerConfigKeys (ConfUtils.java:logGet(44)) - raft.server.log.purge.gap = 1000000 (custom)
2020-06-24 17:10:54,728 [pool-163-thread-1] INFO  server.RaftServerConfigKeys (ConfUtils.java:logGet(44)) - raft.server.log.appender.buffer.byte-limit = 33554432 (custom)
2020-06-24 17:10:54,728 [pool-163-thread-1] INFO  server.RaftServerConfigKeys (ConfUtils.java:logGet(44)) - raft.server.log.segment.size.max = 1048576 (custom)
2020-06-24 17:10:54,728 [pool-163-thread-1] INFO  metrics.RatisMetrics (RatisMetrics.java:lambda$create$0(36)) - Creating Metrics Registry : ratis.log_worker.6a2617bd-0d1c-4683-92c9-d4932b3f2669@group-A2D9F502AB5E
2020-06-24 17:10:54,728 [pool-163-thread-1] INFO  server.RaftServerConfigKeys (ConfUtils.java:logGet(44)) - raft.server.log.segment.cache.num.max = 2 (custom)
2020-06-24 17:10:54,728 [pool-163-thread-1] INFO  segmented.SegmentedRaftLogWorker (SegmentedRaftLogWorker.java:<init>(180)) - new 6a2617bd-0d1c-4683-92c9-d4932b3f2669@group-A2D9F502AB5E-SegmentedRaftLogWorker for RaftStorage:Storage Directory /github/workspace/mnt/ozone/hadoop-ozone/integration-test/target/test-dir/MiniOzoneClusterImpl-45b18ba1-9114-4b33-af64-cafa5396b779/datanode-8/data/ratis/1b81931c-1f4f-4b91-9021-a2d9f502ab5e
2020-06-24 17:10:54,729 [pool-163-thread-1] INFO  server.RaftServerConfigKeys (ConfUtils.java:logGet(44)) - raft.server.log.queue.byte-limit = 2147483647 (custom)
2020-06-24 17:10:54,729 [pool-163-thread-1] INFO  server.RaftServerConfigKeys (ConfUtils.java:logGet(44)) - raft.server.log.queue.element-limit = 1024 (custom)
2020-06-24 17:10:54,729 [pool-163-thread-1] INFO  server.RaftServerConfigKeys (ConfUtils.java:logGet(44)) - raft.server.log.segment.size.max = 1048576 (custom)
2020-06-24 17:10:54,729 [pool-163-thread-1] INFO  server.RaftServerConfigKeys (ConfUtils.java:logGet(44)) - raft.server.log.preallocated.size = 16384 (custom)
2020-06-24 17:10:54,729 [pool-163-thread-1] INFO  server.RaftServerConfigKeys (ConfUtils.java:logGet(44)) - raft.server.log.write.buffer.size = 1048576 (custom)
2020-06-24 17:10:54,729 [pool-163-thread-1] INFO  server.RaftServerConfigKeys (ConfUtils.java:logGet(44)) - raft.server.log.force.sync.num = 128 (default)
2020-06-24 17:10:54,729 [pool-163-thread-1] INFO  server.RaftServerConfigKeys (ConfUtils.java:logGet(44)) - raft.server.log.statemachine.data.sync = true (default)
2020-06-24 17:10:54,729 [pool-163-thread-1] INFO  server.RaftServerConfigKeys (ConfUtils.java:logGet(44)) - raft.server.log.statemachine.data.sync.timeout = 10s (default)
2020-06-24 17:10:54,729 [pool-163-thread-1] INFO  server.RaftServerConfigKeys (ConfUtils.java:logGet(44)) - raft.server.log.statemachine.data.sync.timeout.retry = -1 (default)
2020-06-24 17:10:54,730 [pool-163-thread-1] INFO  server.RaftServerConfigKeys (ConfUtils.java:logGet(44)) - raft.server.log.statemachine.data.caching.enabled = true (custom)
2020-06-24 17:10:54,730 [pool-163-thread-1] INFO  segmented.SegmentedRaftLogWorker (SegmentedRaftLogWorker.java:lambda$new$0(129)) - 6a2617bd-0d1c-4683-92c9-d4932b3f2669@group-A2D9F502AB5E-SegmentedRaftLogWorker: flushIndex: setUnconditionally 0 -> -1
2020-06-24 17:10:54,731 [pool-163-thread-1] INFO  segmented.SegmentedRaftLogWorker (SegmentedRaftLogWorker.java:lambda$new$0(129)) - 6a2617bd-0d1c-4683-92c9-d4932b3f2669@group-A2D9F502AB5E-SegmentedRaftLogWorker: safeCacheEvictIndex: setUnconditionally 0 -> -1
2020-06-24 17:10:54,739 [pool-163-thread-1] INFO  server.RaftServerConfigKeys (ConfUtils.java:logGet(44)) - raft.server.snapshot.auto.trigger.enabled = true (custom)
2020-06-24 17:10:54,739 [pool-163-thread-1] INFO  server.RaftServerConfigKeys (ConfUtils.java:logGet(44)) - raft.server.snapshot.auto.trigger.threshold = 10000 (custom)
2020-06-24 17:10:54,739 [pool-163-thread-1] INFO  server.RaftServerConfigKeys (ConfUtils.java:logGet(44)) - raft.server.snapshot.retention.file.num = 5 (custom)
2020-06-24 17:10:54,739 [pool-163-thread-1] INFO  server.RaftServerConfigKeys (ConfUtils.java:logGet(44)) - raft.server.log.purge.upto.snapshot.index = false (default)
2020-06-24 17:10:54,739 [pool-163-thread-1] INFO  server.RaftServerConfigKeys (ConfUtils.java:logGet(44)) - raft.server.retrycache.expirytime = 600000ms (custom)
2020-06-24 17:10:54,739 [pool-163-thread-1] INFO  metrics.RatisMetrics (RatisMetrics.java:lambda$create$0(36)) - Creating Metrics Registry : ratis.leader_election.6a2617bd-0d1c-4683-92c9-d4932b3f2669@group-A2D9F502AB5E
2020-06-24 17:10:54,740 [pool-163-thread-1] INFO  metrics.RatisMetrics (RatisMetrics.java:lambda$create$0(36)) - Creating Metrics Registry : ratis.server.6a2617bd-0d1c-4683-92c9-d4932b3f2669@group-A2D9F502AB5E
2020-06-24 17:10:54,740 [pool-163-thread-1] INFO  impl.RaftServerImpl (RaftServerImpl.java:start(186)) - 6a2617bd-0d1c-4683-92c9-d4932b3f2669@group-A2D9F502AB5E: start as a follower, conf=-1: [6a2617bd-0d1c-4683-92c9-d4932b3f2669:172.17.0.2:36409, 22cc0f04-e09b-4cc9-bfb5-2feecdd2b0ba:172.17.0.2:38605, 668c5cee-c6dc-4a53-9204-5b2807b3c1a4:172.17.0.2:35055], old=null
2020-06-24 17:10:54,740 [pool-163-thread-1] INFO  impl.RaftServerImpl (RaftServerImpl.java:setRole(175)) - 6a2617bd-0d1c-4683-92c9-d4932b3f2669@group-A2D9F502AB5E: changes role from      null to FOLLOWER at term 0 for startAsFollower
2020-06-24 17:10:54,740 [pool-163-thread-1] INFO  impl.RoleInfo (RoleInfo.java:updateAndGet(143)) - 6a2617bd-0d1c-4683-92c9-d4932b3f2669: start FollowerState
2020-06-24 17:10:54,741 [pool-163-thread-1] INFO  util.JmxRegister (JmxRegister.java:tryRegister(44)) - Successfully registered JMX Bean with object name Ratis:service=RaftServer,group=group-A2D9F502AB5E,id=6a2617bd-0d1c-4683-92c9-d4932b3f2669
2020-06-24 17:10:54,741 [pool-163-thread-1] INFO  metrics.RatisMetrics (RatisMetrics.java:lambda$create$0(36)) - Creating Metrics Registry : ratis.state_machine.6a2617bd-0d1c-4683-92c9-d4932b3f2669@group-A2D9F502AB5E
2020-06-24 17:10:55,112 [Command processor thread] INFO  commandhandler.CreatePipelineCommandHandler (CreatePipelineCommandHandler.java:handle(109)) - Created Pipeline RATIS THREE #id: "7913204f-831d-4a06-a975-fdfceaaeb032"
.
2020-06-24 17:10:55,193 [Command processor thread] INFO  commandhandler.CreatePipelineCommandHandler (CreatePipelineCommandHandler.java:handle(109)) - Created Pipeline RATIS THREE #id: "7913204f-831d-4a06-a975-fdfceaaeb032"
.
2020-06-24 17:10:55,194 [Command processor thread] INFO  commandhandler.CreatePipelineCommandHandler (CreatePipelineCommandHandler.java:handle(109)) - Created Pipeline RATIS THREE #id: "64128139-cca4-47e5-bbfc-18b92834d587"
.
2020-06-24 17:10:55,200 [Command processor thread] INFO  commandhandler.CreatePipelineCommandHandler (CreatePipelineCommandHandler.java:handle(109)) - Created Pipeline RATIS THREE #id: "64128139-cca4-47e5-bbfc-18b92834d587"
.
2020-06-24 17:10:55,200 [Command processor thread] INFO  commandhandler.CreatePipelineCommandHandler (CreatePipelineCommandHandler.java:handle(109)) - Created Pipeline RATIS THREE #id: "1b81931c-1f4f-4b91-9021-a2d9f502ab5e"
.
2020-06-24 17:10:55,201 [Command processor thread] INFO  commandhandler.CreatePipelineCommandHandler (CreatePipelineCommandHandler.java:handle(109)) - Created Pipeline RATIS THREE #id: "7913204f-831d-4a06-a975-fdfceaaeb032"
.
2020-06-24 17:10:55,202 [Command processor thread] INFO  commandhandler.CreatePipelineCommandHandler (CreatePipelineCommandHandler.java:handle(109)) - Created Pipeline RATIS THREE #id: "1b81931c-1f4f-4b91-9021-a2d9f502ab5e"
.
2020-06-24 17:10:55,204 [Command processor thread] INFO  commandhandler.CreatePipelineCommandHandler (CreatePipelineCommandHandler.java:handle(109)) - Created Pipeline RATIS THREE #id: "1b81931c-1f4f-4b91-9021-a2d9f502ab5e"
.
2020-06-24 17:10:55,207 [Command processor thread] INFO  commandhandler.CreatePipelineCommandHandler (CreatePipelineCommandHandler.java:handle(109)) - Created Pipeline RATIS THREE #id: "64128139-cca4-47e5-bbfc-18b92834d587"
.
2020-06-24 17:10:55,648 [Listener at 127.0.0.1/39213] INFO  ozone.MiniOzoneClusterImpl (MiniOzoneClusterImpl.java:lambda$waitForClusterToBeReady$0(177)) - Nodes are ready. Got 10 of 10 DN Heartbeats.
2020-06-24 17:10:55,649 [Listener at 127.0.0.1/39213] INFO  ozone.MiniOzoneClusterImpl (MiniOzoneClusterImpl.java:lambda$waitForClusterToBeReady$0(180)) - Waiting for cluster to exit safe mode
2020-06-24 17:10:56,649 [Listener at 127.0.0.1/39213] INFO  ozone.MiniOzoneClusterImpl (MiniOzoneClusterImpl.java:lambda$waitForClusterToBeReady$0(177)) - Nodes are ready. Got 10 of 10 DN Heartbeats.
2020-06-24 17:10:56,649 [Listener at 127.0.0.1/39213] INFO  ozone.MiniOzoneClusterImpl (MiniOzoneClusterImpl.java:lambda$waitForClusterToBeReady$0(180)) - Waiting for cluster to exit safe mode
2020-06-24 17:10:57,649 [Listener at 127.0.0.1/39213] INFO  ozone.MiniOzoneClusterImpl (MiniOzoneClusterImpl.java:lambda$waitForClusterToBeReady$0(177)) - Nodes are ready. Got 10 of 10 DN Heartbeats.
2020-06-24 17:10:57,650 [Listener at 127.0.0.1/39213] INFO  ozone.MiniOzoneClusterImpl (MiniOzoneClusterImpl.java:lambda$waitForClusterToBeReady$0(180)) - Waiting for cluster to exit safe mode
2020-06-24 17:10:58,650 [Listener at 127.0.0.1/39213] INFO  ozone.MiniOzoneClusterImpl (MiniOzoneClusterImpl.java:lambda$waitForClusterToBeReady$0(177)) - Nodes are ready. Got 10 of 10 DN Heartbeats.
2020-06-24 17:10:58,650 [Listener at 127.0.0.1/39213] INFO  ozone.MiniOzoneClusterImpl (MiniOzoneClusterImpl.java:lambda$waitForClusterToBeReady$0(180)) - Waiting for cluster to exit safe mode
2020-06-24 17:10:59,264 [Thread-270] INFO  impl.FollowerState (FollowerState.java:run(108)) - abd1f0dd-6a7c-459f-aa66-bfbee4a0afa9@group-13763BC3AD28-FollowerState: change to CANDIDATE, lastRpcTime:5144ms, electionTimeout:5129ms
2020-06-24 17:10:59,266 [Thread-270] INFO  impl.RoleInfo (RoleInfo.java:shutdownFollowerState(121)) - abd1f0dd-6a7c-459f-aa66-bfbee4a0afa9: shutdown FollowerState
2020-06-24 17:10:59,266 [Thread-270] INFO  impl.RaftServerImpl (RaftServerImpl.java:setRole(175)) - abd1f0dd-6a7c-459f-aa66-bfbee4a0afa9@group-13763BC3AD28: changes role from  FOLLOWER to CANDIDATE at term 0 for changeToCandidate
2020-06-24 17:10:59,269 [Thread-270] INFO  impl.RoleInfo (RoleInfo.java:updateAndGet(143)) - abd1f0dd-6a7c-459f-aa66-bfbee4a0afa9: start LeaderElection
2020-06-24 17:10:59,282 [abd1f0dd-6a7c-459f-aa66-bfbee4a0afa9@group-13763BC3AD28-LeaderElection1] INFO  impl.LeaderElection (LeaderElection.java:askForVotes(206)) - abd1f0dd-6a7c-459f-aa66-bfbee4a0afa9@group-13763BC3AD28-LeaderElection1: begin an election at term 1 for -1: [abd1f0dd-6a7c-459f-aa66-bfbee4a0afa9:172.17.0.2:39925], old=null
2020-06-24 17:10:59,283 [abd1f0dd-6a7c-459f-aa66-bfbee4a0afa9@group-13763BC3AD28-LeaderElection1] INFO  impl.RoleInfo (RoleInfo.java:shutdownLeaderElection(134)) - abd1f0dd-6a7c-459f-aa66-bfbee4a0afa9: shutdown LeaderElection
2020-06-24 17:10:59,283 [Thread-271] INFO  impl.FollowerState (FollowerState.java:run(108)) - 901834b2-99ef-48e6-a81c-aba752cc936b@group-7D26AF55EB67-FollowerState: change to CANDIDATE, lastRpcTime:5163ms, electionTimeout:5138ms
2020-06-24 17:10:59,284 [Thread-271] INFO  impl.RoleInfo (RoleInfo.java:shutdownFollowerState(121)) - 901834b2-99ef-48e6-a81c-aba752cc936b: shutdown FollowerState
2020-06-24 17:10:59,284 [Thread-271] INFO  impl.RaftServerImpl (RaftServerImpl.java:setRole(175)) - 901834b2-99ef-48e6-a81c-aba752cc936b@group-7D26AF55EB67: changes role from  FOLLOWER to CANDIDATE at term 0 for changeToCandidate
2020-06-24 17:10:59,284 [Thread-271] INFO  impl.RoleInfo (RoleInfo.java:updateAndGet(143)) - 901834b2-99ef-48e6-a81c-aba752cc936b: start LeaderElection
2020-06-24 17:10:59,287 [abd1f0dd-6a7c-459f-aa66-bfbee4a0afa9@group-13763BC3AD28-LeaderElection1] INFO  impl.RaftServerImpl (RaftServerImpl.java:setRole(175)) - abd1f0dd-6a7c-459f-aa66-bfbee4a0afa9@group-13763BC3AD28: changes role from CANDIDATE to LEADER at term 1 for changeToLeader
2020-06-24 17:10:59,287 [abd1f0dd-6a7c-459f-aa66-bfbee4a0afa9@group-13763BC3AD28-LeaderElection1] INFO  ratis.XceiverServerRatis (XceiverServerRatis.java:handleLeaderChangedNotification(762)) - Leader change notification received for group: group-13763BC3AD28 with new leaderId: abd1f0dd-6a7c-459f-aa66-bfbee4a0afa9
2020-06-24 17:10:59,288 [abd1f0dd-6a7c-459f-aa66-bfbee4a0afa9@group-13763BC3AD28-LeaderElection1] INFO  impl.RaftServerImpl (ServerState.java:setLeader(255)) - abd1f0dd-6a7c-459f-aa66-bfbee4a0afa9@group-13763BC3AD28: change Leader from null to abd1f0dd-6a7c-459f-aa66-bfbee4a0afa9 at term 1 for becomeLeader, leader elected after 5182ms
2020-06-24 17:10:59,290 [901834b2-99ef-48e6-a81c-aba752cc936b@group-7D26AF55EB67-LeaderElection2] INFO  impl.LeaderElection (LeaderElection.java:askForVotes(206)) - 901834b2-99ef-48e6-a81c-aba752cc936b@group-7D26AF55EB67-LeaderElection2: begin an election at term 1 for -1: [901834b2-99ef-48e6-a81c-aba752cc936b:172.17.0.2:37855], old=null
2020-06-24 17:10:59,290 [901834b2-99ef-48e6-a81c-aba752cc936b@group-7D26AF55EB67-LeaderElection2] INFO  impl.RoleInfo (RoleInfo.java:shutdownLeaderElection(134)) - 901834b2-99ef-48e6-a81c-aba752cc936b: shutdown LeaderElection
2020-06-24 17:10:59,291 [901834b2-99ef-48e6-a81c-aba752cc936b@group-7D26AF55EB67-LeaderElection2] INFO  impl.RaftServerImpl (RaftServerImpl.java:setRole(175)) - 901834b2-99ef-48e6-a81c-aba752cc936b@group-7D26AF55EB67: changes role from CANDIDATE to LEADER at term 1 for changeToLeader
2020-06-24 17:10:59,291 [901834b2-99ef-48e6-a81c-aba752cc936b@group-7D26AF55EB67-LeaderElection2] INFO  ratis.XceiverServerRatis (XceiverServerRatis.java:handleLeaderChangedNotification(762)) - Leader change notification received for group: group-7D26AF55EB67 with new leaderId: 901834b2-99ef-48e6-a81c-aba752cc936b
2020-06-24 17:10:59,291 [901834b2-99ef-48e6-a81c-aba752cc936b@group-7D26AF55EB67-LeaderElection2] INFO  impl.RaftServerImpl (ServerState.java:setLeader(255)) - 901834b2-99ef-48e6-a81c-aba752cc936b@group-7D26AF55EB67: change Leader from null to 901834b2-99ef-48e6-a81c-aba752cc936b at term 1 for becomeLeader, leader elected after 5326ms
2020-06-24 17:10:59,292 [Thread-276] INFO  impl.FollowerState (FollowerState.java:run(108)) - 901834b2-99ef-48e6-a81c-aba752cc936b@group-18B92834D587-FollowerState: change to CANDIDATE, lastRpcTime:5057ms, electionTimeout:5051ms
2020-06-24 17:10:59,292 [Thread-276] INFO  impl.RoleInfo (RoleInfo.java:shutdownFollowerState(121)) - 901834b2-99ef-48e6-a81c-aba752cc936b: shutdown FollowerState
2020-06-24 17:10:59,292 [Thread-276] INFO  impl.RaftServerImpl (RaftServerImpl.java:setRole(175)) - 901834b2-99ef-48e6-a81c-aba752cc936b@group-18B92834D587: changes role from  FOLLOWER to CANDIDATE at term 0 for changeToCandidate
2020-06-24 17:10:59,292 [Thread-276] INFO  impl.RoleInfo (RoleInfo.java:updateAndGet(143)) - 901834b2-99ef-48e6-a81c-aba752cc936b: start LeaderElection
2020-06-24 17:10:59,293 [abd1f0dd-6a7c-459f-aa66-bfbee4a0afa9@group-13763BC3AD28-LeaderElection1] INFO  server.RaftServerConfigKeys (ConfUtils.java:logGet(44)) - raft.server.staging.catchup.gap = 1000 (default)
2020-06-24 17:10:59,293 [abd1f0dd-6a7c-459f-aa66-bfbee4a0afa9@group-13763BC3AD28-LeaderElection1] INFO  server.RaftServerConfigKeys (ConfUtils.java:logGet(44)) - raft.server.rpc.sleep.time = 25ms (default)
2020-06-24 17:10:59,294 [901834b2-99ef-48e6-a81c-aba752cc936b@group-7D26AF55EB67-LeaderElection2] INFO  server.RaftServerConfigKeys (ConfUtils.java:logGet(44)) - raft.server.staging.catchup.gap = 1000 (default)
2020-06-24 17:10:59,294 [901834b2-99ef-48e6-a81c-aba752cc936b@group-7D26AF55EB67-LeaderElection2] INFO  server.RaftServerConfigKeys (ConfUtils.java:logGet(44)) - raft.server.rpc.sleep.time = 25ms (default)
2020-06-24 17:10:59,296 [901834b2-99ef-48e6-a81c-aba752cc936b@group-7D26AF55EB67-LeaderElection2] INFO  metrics.RatisMetrics (RatisMetrics.java:lambda$create$0(36)) - Creating Metrics Registry : ratis.log_appender.901834b2-99ef-48e6-a81c-aba752cc936b@group-7D26AF55EB67
2020-06-24 17:10:59,297 [abd1f0dd-6a7c-459f-aa66-bfbee4a0afa9@group-13763BC3AD28-LeaderElection1] INFO  metrics.RatisMetrics (RatisMetrics.java:lambda$create$0(36)) - Creating Metrics Registry : ratis.log_appender.abd1f0dd-6a7c-459f-aa66-bfbee4a0afa9@group-13763BC3AD28
2020-06-24 17:10:59,298 [901834b2-99ef-48e6-a81c-aba752cc936b@group-18B92834D587-LeaderElection3] INFO  impl.LeaderElection (LeaderElection.java:askForVotes(206)) - 901834b2-99ef-48e6-a81c-aba752cc936b@group-18B92834D587-LeaderElection3: begin an election at term 1 for -1: [a7ff2e02-4aae-4e37-b42b-37dd0693648b:172.17.0.2:34743, 901834b2-99ef-48e6-a81c-aba752cc936b:172.17.0.2:37855, abd1f0dd-6a7c-459f-aa66-bfbee4a0afa9:172.17.0.2:39925], old=null
2020-06-24 17:10:59,300 [abd1f0dd-6a7c-459f-aa66-bfbee4a0afa9@group-13763BC3AD28-LeaderElection1] INFO  server.RaftServerConfigKeys (ConfUtils.java:logGet(44)) - raft.server.write.element-limit = 1024 (custom)
2020-06-24 17:10:59,303 [901834b2-99ef-48e6-a81c-aba752cc936b@group-7D26AF55EB67-LeaderElection2] INFO  server.RaftServerConfigKeys (ConfUtils.java:logGet(44)) - raft.server.write.element-limit = 1024 (custom)
2020-06-24 17:10:59,303 [901834b2-99ef-48e6-a81c-aba752cc936b@group-7D26AF55EB67-LeaderElection2] INFO  server.RaftServerConfigKeys (ConfUtils.java:logGet(44)) - raft.server.write.byte-limit = 1073741824 (custom)
2020-06-24 17:10:59,309 [901834b2-99ef-48e6-a81c-aba752cc936b@group-7D26AF55EB67-LeaderElection2] INFO  server.RaftServerConfigKeys (ConfUtils.java:logGet(44)) - raft.server.watch.timeout = 180s (custom)
2020-06-24 17:10:59,309 [901834b2-99ef-48e6-a81c-aba752cc936b@group-7D26AF55EB67-LeaderElection2] INFO  server.RaftServerConfigKeys (ConfUtils.java:logGet(44)) - raft.server.watch.timeout.denomination = 1s (default)
2020-06-24 17:10:59,310 [901834b2-99ef-48e6-a81c-aba752cc936b@group-7D26AF55EB67-LeaderElection2] INFO  server.RaftServerConfigKeys (ConfUtils.java:logGet(44)) - raft.server.watch.element-limit = 65536 (default)
2020-06-24 17:10:59,312 [abd1f0dd-6a7c-459f-aa66-bfbee4a0afa9@group-13763BC3AD28-LeaderElection1] INFO  server.RaftServerConfigKeys (ConfUtils.java:logGet(44)) - raft.server.write.byte-limit = 1073741824 (custom)
2020-06-24 17:10:59,312 [abd1f0dd-6a7c-459f-aa66-bfbee4a0afa9@group-13763BC3AD28-LeaderElection1] INFO  server.RaftServerConfigKeys (ConfUtils.java:logGet(44)) - raft.server.watch.timeout = 180s (custom)
2020-06-24 17:10:59,312 [abd1f0dd-6a7c-459f-aa66-bfbee4a0afa9@group-13763BC3AD28-LeaderElection1] INFO  server.RaftServerConfigKeys (ConfUtils.java:logGet(44)) - raft.server.watch.timeout.denomination = 1s (default)
2020-06-24 17:10:59,312 [abd1f0dd-6a7c-459f-aa66-bfbee4a0afa9@group-13763BC3AD28-LeaderElection1] INFO  server.RaftServerConfigKeys (ConfUtils.java:logGet(44)) - raft.server.watch.element-limit = 65536 (default)
2020-06-24 17:10:59,315 [901834b2-99ef-48e6-a81c-aba752cc936b@group-7D26AF55EB67-LeaderElection2] INFO  impl.RoleInfo (RoleInfo.java:updateAndGet(143)) - 901834b2-99ef-48e6-a81c-aba752cc936b: start LeaderState
2020-06-24 17:10:59,316 [abd1f0dd-6a7c-459f-aa66-bfbee4a0afa9@group-13763BC3AD28-LeaderElection1] INFO  impl.RoleInfo (RoleInfo.java:updateAndGet(143)) - abd1f0dd-6a7c-459f-aa66-bfbee4a0afa9: start LeaderState
2020-06-24 17:10:59,345 [abd1f0dd-6a7c-459f-aa66-bfbee4a0afa9@group-13763BC3AD28-LeaderElection1] INFO  segmented.SegmentedRaftLogWorker (SegmentedRaftLogWorker.java:startLogSegment(397)) - abd1f0dd-6a7c-459f-aa66-bfbee4a0afa9@group-13763BC3AD28-SegmentedRaftLogWorker: Starting segment from index:0
2020-06-24 17:10:59,350 [Thread-273] INFO  impl.FollowerState (FollowerState.java:run(108)) - abd1f0dd-6a7c-459f-aa66-bfbee4a0afa9@group-18B92834D587-FollowerState: change to CANDIDATE, lastRpcTime:5157ms, electionTimeout:5145ms
2020-06-24 17:10:59,350 [Thread-273] INFO  impl.RoleInfo (RoleInfo.java:shutdownFollowerState(121)) - abd1f0dd-6a7c-459f-aa66-bfbee4a0afa9: shutdown FollowerState
2020-06-24 17:10:59,350 [Thread-273] INFO  impl.RaftServerImpl (RaftServerImpl.java:setRole(175)) - abd1f0dd-6a7c-459f-aa66-bfbee4a0afa9@group-18B92834D587: changes role from  FOLLOWER to CANDIDATE at term 0 for changeToCandidate
2020-06-24 17:10:59,350 [Thread-273] INFO  impl.RoleInfo (RoleInfo.java:updateAndGet(143)) - abd1f0dd-6a7c-459f-aa66-bfbee4a0afa9: start LeaderElection
2020-06-24 17:10:59,352 [901834b2-99ef-48e6-a81c-aba752cc936b@group-7D26AF55EB67-LeaderElection2] INFO  segmented.SegmentedRaftLogWorker (SegmentedRaftLogWorker.java:startLogSegment(397)) - 901834b2-99ef-48e6-a81c-aba752cc936b@group-7D26AF55EB67-SegmentedRaftLogWorker: Starting segment from index:0
2020-06-24 17:10:59,370 [901834b2-99ef-48e6-a81c-aba752cc936b@group-7D26AF55EB67-LeaderElection2] INFO  impl.RaftServerImpl (ServerState.java:setRaftConf(356)) - 901834b2-99ef-48e6-a81c-aba752cc936b@group-7D26AF55EB67: set configuration 0: [901834b2-99ef-48e6-a81c-aba752cc936b:172.17.0.2:37855], old=null at 0
2020-06-24 17:10:59,383 [abd1f0dd-6a7c-459f-aa66-bfbee4a0afa9@group-13763BC3AD28-LeaderElection1] INFO  impl.RaftServerImpl (ServerState.java:setRaftConf(356)) - abd1f0dd-6a7c-459f-aa66-bfbee4a0afa9@group-13763BC3AD28: set configuration 0: [abd1f0dd-6a7c-459f-aa66-bfbee4a0afa9:172.17.0.2:39925], old=null at 0
2020-06-24 17:10:59,396 [grpc-default-executor-1] INFO  impl.RaftServerImpl (RaftServerImpl.java:setRole(175)) - a7ff2e02-4aae-4e37-b42b-37dd0693648b@group-18B92834D587: changes role from  FOLLOWER to FOLLOWER at term 1 for recognizeCandidate:901834b2-99ef-48e6-a81c-aba752cc936b
2020-06-24 17:10:59,396 [grpc-default-executor-1] INFO  impl.RoleInfo (RoleInfo.java:shutdownFollowerState(121)) - a7ff2e02-4aae-4e37-b42b-37dd0693648b: shutdown FollowerState
2020-06-24 17:10:59,396 [grpc-default-executor-1] INFO  impl.RoleInfo (RoleInfo.java:updateAndGet(143)) - a7ff2e02-4aae-4e37-b42b-37dd0693648b: start FollowerState
2020-06-24 17:10:59,396 [Thread-283] INFO  impl.FollowerState (FollowerState.java:run(117)) - a7ff2e02-4aae-4e37-b42b-37dd0693648b@group-18B92834D587-FollowerState was interrupted: java.lang.InterruptedException: sleep interrupted
2020-06-24 17:10:59,396 [grpc-default-executor-2] INFO  impl.RaftServerImpl (RaftServerImpl.java:setRole(175)) - abd1f0dd-6a7c-459f-aa66-bfbee4a0afa9@group-18B92834D587: changes role from CANDIDATE to FOLLOWER at term 1 for recognizeCandidate:901834b2-99ef-48e6-a81c-aba752cc936b
2020-06-24 17:10:59,396 [grpc-default-executor-2] INFO  impl.RoleInfo (RoleInfo.java:shutdownLeaderElection(134)) - abd1f0dd-6a7c-459f-aa66-bfbee4a0afa9: shutdown LeaderElection
2020-06-24 17:10:59,406 [grpc-default-executor-2] INFO  impl.RoleInfo (RoleInfo.java:updateAndGet(143)) - abd1f0dd-6a7c-459f-aa66-bfbee4a0afa9: start FollowerState
2020-06-24 17:10:59,406 [Thread-278] INFO  impl.FollowerState (FollowerState.java:run(108)) - b668f7d5-a6b7-44bf-8278-608be9500c84@group-ED6A29DFDFAE-FollowerState: change to CANDIDATE, lastRpcTime:5124ms, electionTimeout:5123ms
2020-06-24 17:10:59,407 [Thread-278] INFO  impl.RoleInfo (RoleInfo.java:shutdownFollowerState(121)) - b668f7d5-a6b7-44bf-8278-608be9500c84: shutdown FollowerState
2020-06-24 17:10:59,407 [Thread-278] INFO  impl.RaftServerImpl (RaftServerImpl.java:setRole(175)) - b668f7d5-a6b7-44bf-8278-608be9500c84@group-ED6A29DFDFAE: changes role from  FOLLOWER to CANDIDATE at term 0 for changeToCandidate
2020-06-24 17:10:59,408 [Thread-278] INFO  impl.RoleInfo (RoleInfo.java:updateAndGet(143)) - b668f7d5-a6b7-44bf-8278-608be9500c84: start LeaderElection
2020-06-24 17:10:59,416 [abd1f0dd-6a7c-459f-aa66-bfbee4a0afa9@group-18B92834D587-LeaderElection4] INFO  impl.LeaderElection (LeaderElection.java:askForVotes(206)) - abd1f0dd-6a7c-459f-aa66-bfbee4a0afa9@group-18B92834D587-LeaderElection4: begin an election at term 2 for -1: [a7ff2e02-4aae-4e37-b42b-37dd0693648b:172.17.0.2:34743, 901834b2-99ef-48e6-a81c-aba752cc936b:172.17.0.2:37855, abd1f0dd-6a7c-459f-aa66-bfbee4a0afa9:172.17.0.2:39925], old=null
2020-06-24 17:10:59,427 [abd1f0dd-6a7c-459f-aa66-bfbee4a0afa9@group-18B92834D587-LeaderElection4] INFO  impl.LeaderElection (LeaderElection.java:logAndReturn(61)) - abd1f0dd-6a7c-459f-aa66-bfbee4a0afa9@group-18B92834D587-LeaderElection4: Election REJECTED; received 0 response(s) [] and 0 exception(s); abd1f0dd-6a7c-459f-aa66-bfbee4a0afa9@group-18B92834D587:t2, leader=null, voted=abd1f0dd-6a7c-459f-aa66-bfbee4a0afa9, raftlog=abd1f0dd-6a7c-459f-aa66-bfbee4a0afa9@group-18B92834D587-SegmentedRaftLog:OPENED:c-1,f-1,i0, conf=-1: [a7ff2e02-4aae-4e37-b42b-37dd0693648b:172.17.0.2:34743, 901834b2-99ef-48e6-a81c-aba752cc936b:172.17.0.2:37855, abd1f0dd-6a7c-459f-aa66-bfbee4a0afa9:172.17.0.2:39925], old=null
2020-06-24 17:10:59,445 [Thread-279] INFO  impl.FollowerState (FollowerState.java:run(108)) - a7ff2e02-4aae-4e37-b42b-37dd0693648b@group-64416489E5CF-FollowerState: change to CANDIDATE, lastRpcTime:5153ms, electionTimeout:5140ms
2020-06-24 17:10:59,445 [Thread-279] INFO  impl.RoleInfo (RoleInfo.java:shutdownFollowerState(121)) - a7ff2e02-4aae-4e37-b42b-37dd0693648b: shutdown FollowerState
2020-06-24 17:10:59,445 [Thread-279] INFO  impl.RaftServerImpl (RaftServerImpl.java:setRole(175)) - a7ff2e02-4aae-4e37-b42b-37dd0693648b@group-64416489E5CF: changes role from  FOLLOWER to CANDIDATE at term 0 for changeToCandidate
2020-06-24 17:10:59,445 [Thread-279] INFO  impl.RoleInfo (RoleInfo.java:updateAndGet(143)) - a7ff2e02-4aae-4e37-b42b-37dd0693648b: start LeaderElection
2020-06-24 17:10:59,450 [901834b2-99ef-48e6-a81c-aba752cc936b@group-18B92834D587-LeaderElection3] INFO  impl.LeaderElection (LeaderElection.java:logAndReturn(61)) - 901834b2-99ef-48e6-a81c-aba752cc936b@group-18B92834D587-LeaderElection3: Election PASSED; received 2 response(s) [901834b2-99ef-48e6-a81c-aba752cc936b<-a7ff2e02-4aae-4e37-b42b-37dd0693648b#0:OK-t1, 901834b2-99ef-48e6-a81c-aba752cc936b<-abd1f0dd-6a7c-459f-aa66-bfbee4a0afa9#0:FAIL-t1] and 0 exception(s); 901834b2-99ef-48e6-a81c-aba752cc936b@group-18B92834D587:t1, leader=null, voted=901834b2-99ef-48e6-a81c-aba752cc936b, raftlog=901834b2-99ef-48e6-a81c-aba752cc936b@group-18B92834D587-SegmentedRaftLog:OPENED:c-1,f-1,i0, conf=-1: [a7ff2e02-4aae-4e37-b42b-37dd0693648b:172.17.0.2:34743, 901834b2-99ef-48e6-a81c-aba752cc936b:172.17.0.2:37855, abd1f0dd-6a7c-459f-aa66-bfbee4a0afa9:172.17.0.2:39925], old=null
2020-06-24 17:10:59,453 [901834b2-99ef-48e6-a81c-aba752cc936b@group-18B92834D587-LeaderElection3] INFO  impl.RoleInfo (RoleInfo.java:shutdownLeaderElection(134)) - 901834b2-99ef-48e6-a81c-aba752cc936b: shutdown LeaderElection
2020-06-24 17:10:59,453 [901834b2-99ef-48e6-a81c-aba752cc936b@group-18B92834D587-LeaderElection3] INFO  impl.RaftServerImpl (RaftServerImpl.java:setRole(175)) - 901834b2-99ef-48e6-a81c-aba752cc936b@group-18B92834D587: changes role from CANDIDATE to LEADER at term 1 for changeToLeader
2020-06-24 17:10:59,454 [901834b2-99ef-48e6-a81c-aba752cc936b@group-18B92834D587-LeaderElection3] INFO  ratis.XceiverServerRatis (XceiverServerRatis.java:handleLeaderChangedNotification(762)) - Leader change notification received for group: group-18B92834D587 with new leaderId: 901834b2-99ef-48e6-a81c-aba752cc936b
2020-06-24 17:10:59,454 [901834b2-99ef-48e6-a81c-aba752cc936b@group-18B92834D587-LeaderElection3] INFO  impl.RaftServerImpl (ServerState.java:setLeader(255)) - 901834b2-99ef-48e6-a81c-aba752cc936b@group-18B92834D587: change Leader from null to 901834b2-99ef-48e6-a81c-aba752cc936b at term 1 for becomeLeader, leader elected after 5255ms
2020-06-24 17:10:59,454 [901834b2-99ef-48e6-a81c-aba752cc936b@group-18B92834D587-LeaderElection3] INFO  server.RaftServerConfigKeys (ConfUtils.java:logGet(44)) - raft.server.staging.catchup.gap = 1000 (default)
2020-06-24 17:10:59,454 [901834b2-99ef-48e6-a81c-aba752cc936b@group-18B92834D587-LeaderElection3] INFO  server.RaftServerConfigKeys (ConfUtils.java:logGet(44)) - raft.server.rpc.sleep.time = 25ms (default)
2020-06-24 17:10:59,454 [901834b2-99ef-48e6-a81c-aba752cc936b@group-18B92834D587-LeaderElection3] INFO  metrics.RatisMetrics (RatisMetrics.java:lambda$create$0(36)) - Creating Metrics Registry : ratis.log_appender.901834b2-99ef-48e6-a81c-aba752cc936b@group-18B92834D587
2020-06-24 17:10:59,454 [901834b2-99ef-48e6-a81c-aba752cc936b@group-18B92834D587-LeaderElection3] INFO  server.RaftServerConfigKeys (ConfUtils.java:logGet(44)) - raft.server.write.element-limit = 1024 (custom)
2020-06-24 17:10:59,454 [901834b2-99ef-48e6-a81c-aba752cc936b@group-18B92834D587-LeaderElection3] INFO  server.RaftServerConfigKeys (ConfUtils.java:logGet(44)) - raft.server.write.byte-limit = 1073741824 (custom)
2020-06-24 17:10:59,454 [901834b2-99ef-48e6-a81c-aba752cc936b@group-18B92834D587-LeaderElection3] INFO  server.RaftServerConfigKeys (ConfUtils.java:logGet(44)) - raft.server.watch.timeout = 180s (custom)
2020-06-24 17:10:59,455 [901834b2-99ef-48e6-a81c-aba752cc936b@group-18B92834D587-LeaderElection3] INFO  server.RaftServerConfigKeys (ConfUtils.java:logGet(44)) - raft.server.watch.timeout.denomination = 1s (default)
2020-06-24 17:10:59,455 [901834b2-99ef-48e6-a81c-aba752cc936b@group-18B92834D587-LeaderElection3] INFO  server.RaftServerConfigKeys (ConfUtils.java:logGet(44)) - raft.server.watch.element-limit = 65536 (default)
2020-06-24 17:10:59,457 [EventQueue-PipelineReportForPipelineReportHandler] INFO  pipeline.PipelineStateManager (PipelineStateManager.java:openPipeline(131)) - Pipeline Pipeline[ Id: 64128139-cca4-47e5-bbfc-18b92834d587, Nodes: a7ff2e02-4aae-4e37-b42b-37dd0693648b{ip: 172.17.0.2, host: ff49ff68588e, networkLocation: /default-rack, certSerialId: null}abd1f0dd-6a7c-459f-aa66-bfbee4a0afa9{ip: 172.17.0.2, host: ff49ff68588e, networkLocation: /default-rack, certSerialId: null}901834b2-99ef-48e6-a81c-aba752cc936b{ip: 172.17.0.2, host: ff49ff68588e, networkLocation: /default-rack, certSerialId: null}, Type:RATIS, Factor:THREE, State:ALLOCATED, leaderId:901834b2-99ef-48e6-a81c-aba752cc936b, CreationTimestamp2020-06-24T17:10:51.158Z] moved to OPEN state
2020-06-24 17:10:59,459 [901834b2-99ef-48e6-a81c-aba752cc936b@group-18B92834D587-LeaderElection3] INFO  server.RaftServerConfigKeys (ConfUtils.java:logGet(44)) - raft.server.log.appender.snapshot.chunk.size.max = 16MB (=16777216) (default)
2020-06-24 17:10:59,457 [grpc-default-executor-1] INFO  impl.RaftServerImpl (RaftServerImpl.java:setRole(175)) - a7ff2e02-4aae-4e37-b42b-37dd0693648b@group-18B92834D587: changes role from  FOLLOWER to FOLLOWER at term 2 for recognizeCandidate:abd1f0dd-6a7c-459f-aa66-bfbee4a0afa9
2020-06-24 17:10:59,464 [grpc-default-executor-1] INFO  impl.RoleInfo (RoleInfo.java:shutdownFollowerState(121)) - a7ff2e02-4aae-4e37-b42b-37dd0693648b: shutdown FollowerState
2020-06-24 17:10:59,464 [grpc-default-executor-1] INFO  impl.RoleInfo (RoleInfo.java:updateAndGet(143)) - a7ff2e02-4aae-4e37-b42b-37dd0693648b: start FollowerState
2020-06-24 17:10:59,457 [Thread-281] INFO  impl.FollowerState (FollowerState.java:run(108)) - b668f7d5-a6b7-44bf-8278-608be9500c84@group-FDFCEAAEB032-FollowerState: change to CANDIDATE, lastRpcTime:5124ms, electionTimeout:5116ms
2020-06-24 17:10:59,464 [Thread-281] INFO  impl.RoleInfo (RoleInfo.java:shutdownFollowerState(121)) - b668f7d5-a6b7-44bf-8278-608be9500c84: shutdown FollowerState
2020-06-24 17:10:59,465 [Thread-281] INFO  impl.RaftServerImpl (RaftServerImpl.java:setRole(175)) - b668f7d5-a6b7-44bf-8278-608be9500c84@group-FDFCEAAEB032: changes role from  FOLLOWER to CANDIDATE at term 0 for changeToCandidate
2020-06-24 17:10:59,464 [Thread-332] INFO  impl.FollowerState (FollowerState.java:run(117)) - a7ff2e02-4aae-4e37-b42b-37dd0693648b@group-18B92834D587-FollowerState was interrupted: java.lang.InterruptedException: sleep interrupted
2020-06-24 17:10:59,464 [b668f7d5-a6b7-44bf-8278-608be9500c84@group-ED6A29DFDFAE-LeaderElection5] INFO  impl.LeaderElection (LeaderElection.java:askForVotes(206)) - b668f7d5-a6b7-44bf-8278-608be9500c84@group-ED6A29DFDFAE-LeaderElection5: begin an election at term 1 for -1: [b668f7d5-a6b7-44bf-8278-608be9500c84:172.17.0.2:41691], old=null
2020-06-24 17:10:59,465 [b668f7d5-a6b7-44bf-8278-608be9500c84@group-ED6A29DFDFAE-LeaderElection5] INFO  impl.RoleInfo (RoleInfo.java:shutdownLeaderElection(134)) - b668f7d5-a6b7-44bf-8278-608be9500c84: shutdown LeaderElection
2020-06-24 17:10:59,465 [b668f7d5-a6b7-44bf-8278-608be9500c84@group-ED6A29DFDFAE-LeaderElection5] INFO  impl.RaftServerImpl (RaftServerImpl.java:setRole(175)) - b668f7d5-a6b7-44bf-8278-608be9500c84@group-ED6A29DFDFAE: changes role from CANDIDATE to LEADER at term 1 for changeToLeader
2020-06-24 17:10:59,465 [b668f7d5-a6b7-44bf-8278-608be9500c84@group-ED6A29DFDFAE-LeaderElection5] INFO  ratis.XceiverServerRatis (XceiverServerRatis.java:handleLeaderChangedNotification(762)) - Leader change notification received for group: group-ED6A29DFDFAE with new leaderId: b668f7d5-a6b7-44bf-8278-608be9500c84
2020-06-24 17:10:59,463 [901834b2-99ef-48e6-a81c-aba752cc936b@group-18B92834D587-LeaderElection3] INFO  server.RaftServerConfigKeys (ConfUtils.java:logGet(44)) - raft.server.log.appender.buffer.byte-limit = 33554432 (custom)
2020-06-24 17:10:59,463 [EventQueue-OpenPipelineForHealthyPipelineSafeModeRule] INFO  safemode.SCMSafeModeManager (HealthyPipelineSafeModeRule.java:process(132)) - SCM in safe mode. Healthy pipelines reported count is 1, required healthy pipeline reported count is 1
2020-06-24 17:10:59,463 [EventQueue-OpenPipelineForOneReplicaPipelineSafeModeRule] INFO  safemode.SCMSafeModeManager (SCMSafeModeManager.java:validateSafeModeExitRules(214)) - AtleastOneDatanodeReportedRule rule is successfully validated
2020-06-24 17:10:59,466 [EventQueue-OpenPipelineForHealthyPipelineSafeModeRule] INFO  safemode.SCMSafeModeManager (SCMSafeModeManager.java:validateSafeModeExitRules(214)) - HealthyPipelineSafeModeRule rule is successfully validated
2020-06-24 17:10:59,466 [EventQueue-OpenPipelineForHealthyPipelineSafeModeRule] INFO  safemode.SCMSafeModeManager (SCMSafeModeManager.java:validateSafeModeExitRules(228)) - ScmSafeModeManager, all rules are successfully validated
2020-06-24 17:10:59,466 [EventQueue-OpenPipelineForHealthyPipelineSafeModeRule] INFO  safemode.SCMSafeModeManager (SCMSafeModeManager.java:exitSafeMode(257)) - SCM exiting safe mode.
2020-06-24 17:10:59,466 [901834b2-99ef-48e6-a81c-aba752cc936b@group-18B92834D587-LeaderElection3] INFO  server.RaftServerConfigKeys (ConfUtils.java:logGet(44)) - raft.server.log.appender.buffer.element-limit = 1 (custom)
2020-06-24 17:10:59,466 [a7ff2e02-4aae-4e37-b42b-37dd0693648b@group-64416489E5CF-LeaderElection6] INFO  impl.LeaderElection (LeaderElection.java:askForVotes(206)) - a7ff2e02-4aae-4e37-b42b-37dd0693648b@group-64416489E5CF-LeaderElection6: begin an election at term 1 for -1: [a7ff2e02-4aae-4e37-b42b-37dd0693648b:172.17.0.2:34743], old=null
2020-06-24 17:10:59,466 [a7ff2e02-4aae-4e37-b42b-37dd0693648b@group-64416489E5CF-LeaderElection6] INFO  impl.RoleInfo (RoleInfo.java:shutdownLeaderElection(134)) - a7ff2e02-4aae-4e37-b42b-37dd0693648b: shutdown LeaderElection
2020-06-24 17:10:59,466 [a7ff2e02-4aae-4e37-b42b-37dd0693648b@group-64416489E5CF-LeaderElection6] INFO  impl.RaftServerImpl (RaftServerImpl.java:setRole(175)) - a7ff2e02-4aae-4e37-b42b-37dd0693648b@group-64416489E5CF: changes role from CANDIDATE to LEADER at term 1 for changeToLeader
2020-06-24 17:10:59,466 [a7ff2e02-4aae-4e37-b42b-37dd0693648b@group-64416489E5CF-LeaderElection6] INFO  ratis.XceiverServerRatis (XceiverServerRatis.java:handleLeaderChangedNotification(762)) - Leader change notification received for group: group-64416489E5CF with new leaderId: a7ff2e02-4aae-4e37-b42b-37dd0693648b
2020-06-24 17:10:59,472 [901834b2-99ef-48e6-a81c-aba752cc936b@group-18B92834D587-LeaderElection3] INFO  grpc.GrpcConfigKeys (ConfUtils.java:logGet(44)) - raft.grpc.server.leader.outstanding.appends.max = 128 (default)
2020-06-24 17:10:59,473 [901834b2-99ef-48e6-a81c-aba752cc936b@group-18B92834D587-LeaderElection3] INFO  server.RaftServerConfigKeys (ConfUtils.java:logGet(44)) - raft.server.rpc.request.timeout = 60s (custom)
2020-06-24 17:10:59,473 [901834b2-99ef-48e6-a81c-aba752cc936b@group-18B92834D587-LeaderElection3] INFO  server.RaftServerConfigKeys (ConfUtils.java:logGet(44)) - raft.server.log.appender.install.snapshot.enabled = false (custom)
2020-06-24 17:10:59,473 [901834b2-99ef-48e6-a81c-aba752cc936b@group-18B92834D587-LeaderElection3] INFO  metrics.RatisMetrics (RatisMetrics.java:lambda$create$0(36)) - Creating Metrics Registry : ratis_grpc.log_appender.901834b2-99ef-48e6-a81c-aba752cc936b@group-18B92834D587
2020-06-24 17:10:59,480 [a7ff2e02-4aae-4e37-b42b-37dd0693648b@group-64416489E5CF-LeaderElection6] INFO  impl.RaftServerImpl (ServerState.java:setLeader(255)) - a7ff2e02-4aae-4e37-b42b-37dd0693648b@group-64416489E5CF: change Leader from null to a7ff2e02-4aae-4e37-b42b-37dd0693648b at term 1 for becomeLeader, leader elected after 5256ms
2020-06-24 17:10:59,480 [a7ff2e02-4aae-4e37-b42b-37dd0693648b@group-64416489E5CF-LeaderElection6] INFO  server.RaftServerConfigKeys (ConfUtils.java:logGet(44)) - raft.server.staging.catchup.gap = 1000 (default)
2020-06-24 17:10:59,481 [a7ff2e02-4aae-4e37-b42b-37dd0693648b@group-64416489E5CF-LeaderElection6] INFO  server.RaftServerConfigKeys (ConfUtils.java:logGet(44)) - raft.server.rpc.sleep.time = 25ms (default)
2020-06-24 17:10:59,481 [b668f7d5-a6b7-44bf-8278-608be9500c84@group-ED6A29DFDFAE-LeaderElection5] INFO  impl.RaftServerImpl (ServerState.java:setLeader(255)) - b668f7d5-a6b7-44bf-8278-608be9500c84@group-ED6A29DFDFAE: change Leader from null to b668f7d5-a6b7-44bf-8278-608be9500c84 at term 1 for becomeLeader, leader elected after 5200ms
2020-06-24 17:10:59,481 [b668f7d5-a6b7-44bf-8278-608be9500c84@group-ED6A29DFDFAE-LeaderElection5] INFO  server.RaftServerConfigKeys (ConfUtils.java:logGet(44)) - raft.server.staging.catchup.gap = 1000 (default)
2020-06-24 17:10:59,481 [b668f7d5-a6b7-44bf-8278-608be9500c84@group-ED6A29DFDFAE-LeaderElection5] INFO  server.RaftServerConfigKeys (ConfUtils.java:logGet(44)) - raft.server.rpc.sleep.time = 25ms (default)
2020-06-24 17:10:59,481 [b668f7d5-a6b7-44bf-8278-608be9500c84@group-ED6A29DFDFAE-LeaderElection5] INFO  metrics.RatisMetrics (RatisMetrics.java:lambda$create$0(36)) - Creating Metrics Registry : ratis.log_appender.b668f7d5-a6b7-44bf-8278-608be9500c84@group-ED6A29DFDFAE
2020-06-24 17:10:59,481 [b668f7d5-a6b7-44bf-8278-608be9500c84@group-ED6A29DFDFAE-LeaderElection5] INFO  server.RaftServerConfigKeys (ConfUtils.java:logGet(44)) - raft.server.write.element-limit = 1024 (custom)
2020-06-24 17:10:59,481 [b668f7d5-a6b7-44bf-8278-608be9500c84@group-ED6A29DFDFAE-LeaderElection5] INFO  server.RaftServerConfigKeys (ConfUtils.java:logGet(44)) - raft.server.write.byte-limit = 1073741824 (custom)
2020-06-24 17:10:59,482 [b668f7d5-a6b7-44bf-8278-608be9500c84@group-ED6A29DFDFAE-LeaderElection5] INFO  server.RaftServerConfigKeys (ConfUtils.java:logGet(44)) - raft.server.watch.timeout = 180s (custom)
2020-06-24 17:10:59,482 [b668f7d5-a6b7-44bf-8278-608be9500c84@group-ED6A29DFDFAE-LeaderElection5] INFO  server.RaftServerConfigKeys (ConfUtils.java:logGet(44)) - raft.server.watch.timeout.denomination = 1s (default)
2020-06-24 17:10:59,482 [b668f7d5-a6b7-44bf-8278-608be9500c84@group-ED6A29DFDFAE-LeaderElection5] INFO  server.RaftServerConfigKeys (ConfUtils.java:logGet(44)) - raft.server.watch.element-limit = 65536 (default)
2020-06-24 17:10:59,482 [b668f7d5-a6b7-44bf-8278-608be9500c84@group-ED6A29DFDFAE-LeaderElection5] INFO  impl.RoleInfo (RoleInfo.java:updateAndGet(143)) - b668f7d5-a6b7-44bf-8278-608be9500c84: start LeaderState
2020-06-24 17:10:59,482 [b668f7d5-a6b7-44bf-8278-608be9500c84@group-ED6A29DFDFAE-LeaderElection5] INFO  segmented.SegmentedRaftLogWorker (SegmentedRaftLogWorker.java:startLogSegment(397)) - b668f7d5-a6b7-44bf-8278-608be9500c84@group-ED6A29DFDFAE-SegmentedRaftLogWorker: Starting segment from index:0
2020-06-24 17:10:59,483 [b668f7d5-a6b7-44bf-8278-608be9500c84@group-ED6A29DFDFAE-LeaderElection5] INFO  impl.RaftServerImpl (ServerState.java:setRaftConf(356)) - b668f7d5-a6b7-44bf-8278-608be9500c84@group-ED6A29DFDFAE: set configuration 0: [b668f7d5-a6b7-44bf-8278-608be9500c84:172.17.0.2:41691], old=null at 0
2020-06-24 17:10:59,484 [Thread-281] INFO  impl.RoleInfo (RoleInfo.java:updateAndGet(143)) - b668f7d5-a6b7-44bf-8278-608be9500c84: start LeaderElection
2020-06-24 17:10:59,485 [a7ff2e02-4aae-4e37-b42b-37dd0693648b@group-64416489E5CF-LeaderElection6] INFO  metrics.RatisMetrics (RatisMetrics.java:lambda$create$0(36)) - Creating Metrics Registry : ratis.log_appender.a7ff2e02-4aae-4e37-b42b-37dd0693648b@group-64416489E5CF
2020-06-24 17:10:59,492 [a7ff2e02-4aae-4e37-b42b-37dd0693648b@group-64416489E5CF-LeaderElection6] INFO  server.RaftServerConfigKeys (ConfUtils.java:logGet(44)) - raft.server.write.element-limit = 1024 (custom)
2020-06-24 17:10:59,492 [a7ff2e02-4aae-4e37-b42b-37dd0693648b@group-64416489E5CF-LeaderElection6] INFO  server.RaftServerConfigKeys (ConfUtils.java:logGet(44)) - raft.server.write.byte-limit = 1073741824 (custom)
2020-06-24 17:10:59,492 [a7ff2e02-4aae-4e37-b42b-37dd0693648b@group-64416489E5CF-LeaderElection6] INFO  server.RaftServerConfigKeys (ConfUtils.java:logGet(44)) - raft.server.watch.timeout = 180s (custom)
2020-06-24 17:10:59,492 [a7ff2e02-4aae-4e37-b42b-37dd0693648b@group-64416489E5CF-LeaderElection6] INFO  server.RaftServerConfigKeys (ConfUtils.java:logGet(44)) - raft.server.watch.timeout.denomination = 1s (default)
2020-06-24 17:10:59,492 [a7ff2e02-4aae-4e37-b42b-37dd0693648b@group-64416489E5CF-LeaderElection6] INFO  server.RaftServerConfigKeys (ConfUtils.java:logGet(44)) - raft.server.watch.element-limit = 65536 (default)
2020-06-24 17:10:59,492 [a7ff2e02-4aae-4e37-b42b-37dd0693648b@group-64416489E5CF-LeaderElection6] INFO  impl.RoleInfo (RoleInfo.java:updateAndGet(143)) - a7ff2e02-4aae-4e37-b42b-37dd0693648b: start LeaderState
2020-06-24 17:10:59,493 [a7ff2e02-4aae-4e37-b42b-37dd0693648b@group-64416489E5CF-LeaderElection6] INFO  segmented.SegmentedRaftLogWorker (SegmentedRaftLogWorker.java:startLogSegment(397)) - a7ff2e02-4aae-4e37-b42b-37dd0693648b@group-64416489E5CF-SegmentedRaftLogWorker: Starting segment from index:0
2020-06-24 17:10:59,489 [901834b2-99ef-48e6-a81c-aba752cc936b@group-18B92834D587-LeaderElection3] INFO  server.RaftServerConfigKeys (ConfUtils.java:logGet(44)) - raft.server.log.appender.snapshot.chunk.size.max = 16MB (=16777216) (default)
2020-06-24 17:10:59,493 [901834b2-99ef-48e6-a81c-aba752cc936b@group-18B92834D587-LeaderElection3] INFO  server.RaftServerConfigKeys (ConfUtils.java:logGet(44)) - raft.server.log.appender.buffer.byte-limit = 33554432 (custom)
2020-06-24 17:10:59,493 [901834b2-99ef-48e6-a81c-aba752cc936b@group-18B92834D587-LeaderElection3] INFO  server.RaftServerConfigKeys (ConfUtils.java:logGet(44)) - raft.server.log.appender.buffer.element-limit = 1 (custom)
2020-06-24 17:10:59,500 [a7ff2e02-4aae-4e37-b42b-37dd0693648b@group-64416489E5CF-LeaderElection6] INFO  impl.RaftServerImpl (ServerState.java:setRaftConf(356)) - a7ff2e02-4aae-4e37-b42b-37dd0693648b@group-64416489E5CF: set configuration 0: [a7ff2e02-4aae-4e37-b42b-37dd0693648b:172.17.0.2:34743], old=null at 0
2020-06-24 17:10:59,500 [901834b2-99ef-48e6-a81c-aba752cc936b@group-18B92834D587-LeaderElection3] INFO  grpc.GrpcConfigKeys (ConfUtils.java:logGet(44)) - raft.grpc.server.leader.outstanding.appends.max = 128 (default)
2020-06-24 17:10:59,500 [901834b2-99ef-48e6-a81c-aba752cc936b@group-18B92834D587-LeaderElection3] INFO  server.RaftServerConfigKeys (ConfUtils.java:logGet(44)) - raft.server.rpc.request.timeout = 60s (custom)
2020-06-24 17:10:59,500 [901834b2-99ef-48e6-a81c-aba752cc936b@group-18B92834D587-LeaderElection3] INFO  server.RaftServerConfigKeys (ConfUtils.java:logGet(44)) - raft.server.log.appender.install.snapshot.enabled = false (custom)
2020-06-24 17:10:59,502 [901834b2-99ef-48e6-a81c-aba752cc936b@group-18B92834D587-LeaderElection3] INFO  impl.RoleInfo (RoleInfo.java:updateAndGet(143)) - 901834b2-99ef-48e6-a81c-aba752cc936b: start LeaderState
2020-06-24 17:10:59,503 [901834b2-99ef-48e6-a81c-aba752cc936b@group-18B92834D587-LeaderElection3] INFO  segmented.SegmentedRaftLogWorker (SegmentedRaftLogWorker.java:startLogSegment(397)) - 901834b2-99ef-48e6-a81c-aba752cc936b@group-18B92834D587-SegmentedRaftLogWorker: Starting segment from index:0
2020-06-24 17:10:59,507 [b668f7d5-a6b7-44bf-8278-608be9500c84@group-FDFCEAAEB032-LeaderElection7] INFO  impl.LeaderElection (LeaderElection.java:askForVotes(206)) - b668f7d5-a6b7-44bf-8278-608be9500c84@group-FDFCEAAEB032-LeaderElection7: begin an election at term 1 for -1: [afb85034-fb37-497e-9144-3e9dc86fd25a:172.17.0.2:35489, 2b7adba8-1059-44f9-97bc-2868c192e760:172.17.0.2:35263, b668f7d5-a6b7-44bf-8278-608be9500c84:172.17.0.2:41691], old=null
2020-06-24 17:10:59,509 [Thread-287] INFO  impl.FollowerState (FollowerState.java:run(108)) - afb85034-fb37-497e-9144-3e9dc86fd25a@group-4BBA62028CD3-FollowerState: change to CANDIDATE, lastRpcTime:5097ms, electionTimeout:5092ms
2020-06-24 17:10:59,509 [Thread-287] INFO  impl.RoleInfo (RoleInfo.java:shutdownFollowerState(121)) - afb85034-fb37-497e-9144-3e9dc86fd25a: shutdown FollowerState
2020-06-24 17:10:59,509 [Thread-287] INFO  impl.RaftServerImpl (RaftServerImpl.java:setRole(175)) - afb85034-fb37-497e-9144-3e9dc86fd25a@group-4BBA62028CD3: changes role from  FOLLOWER to CANDIDATE at term 0 for changeToCandidate
2020-06-24 17:10:59,513 [901834b2-99ef-48e6-a81c-aba752cc936b@group-18B92834D587-LeaderElection3] INFO  impl.RaftServerImpl (ServerState.java:setRaftConf(356)) - 901834b2-99ef-48e6-a81c-aba752cc936b@group-18B92834D587: set configuration 0: [a7ff2e02-4aae-4e37-b42b-37dd0693648b:172.17.0.2:34743, 901834b2-99ef-48e6-a81c-aba752cc936b:172.17.0.2:37855, abd1f0dd-6a7c-459f-aa66-bfbee4a0afa9:172.17.0.2:39925], old=null at 0
2020-06-24 17:10:59,520 [Thread-287] INFO  impl.RoleInfo (RoleInfo.java:updateAndGet(143)) - afb85034-fb37-497e-9144-3e9dc86fd25a: start LeaderElection
2020-06-24 17:10:59,520 [grpc-default-executor-2] INFO  impl.RaftServerImpl (ServerState.java:setLeader(255)) - 901834b2-99ef-48e6-a81c-aba752cc936b@group-18B92834D587: change Leader from 901834b2-99ef-48e6-a81c-aba752cc936b to null at term 2 for updateCurrentTerm
2020-06-24 17:10:59,520 [grpc-default-executor-2] INFO  impl.RaftServerImpl (RaftServerImpl.java:setRole(175)) - 901834b2-99ef-48e6-a81c-aba752cc936b@group-18B92834D587: changes role from    LEADER to FOLLOWER at term 2 for recognizeCandidate:abd1f0dd-6a7c-459f-aa66-bfbee4a0afa9
2020-06-24 17:10:59,520 [grpc-default-executor-2] INFO  impl.RoleInfo (RoleInfo.java:shutdownLeaderState(104)) - 901834b2-99ef-48e6-a81c-aba752cc936b: shutdown LeaderState
2020-06-24 17:10:59,521 [grpc-default-executor-2] INFO  metrics.RatisMetrics (RatisMetrics.java:unregister(43)) - Unregistering Metrics Registry : ratis_grpc.log_appender.901834b2-99ef-48e6-a81c-aba752cc936b@group-18B92834D587
2020-06-24 17:10:59,542 [Thread-285] INFO  impl.FollowerState (FollowerState.java:run(108)) - 2b7adba8-1059-44f9-97bc-2868c192e760@group-0F9E779B3284-FollowerState: change to CANDIDATE, lastRpcTime:5161ms, electionTimeout:5130ms
2020-06-24 17:10:59,542 [Thread-285] INFO  impl.RoleInfo (RoleInfo.java:shutdownFollowerState(121)) - 2b7adba8-1059-44f9-97bc-2868c192e760: shutdown FollowerState
2020-06-24 17:10:59,542 [Thread-285] INFO  impl.RaftServerImpl (RaftServerImpl.java:setRole(175)) - 2b7adba8-1059-44f9-97bc-2868c192e760@group-0F9E779B3284: changes role from  FOLLOWER to CANDIDATE at term 0 for changeToCandidate
2020-06-24 17:10:59,563 [Thread-285] INFO  impl.RoleInfo (RoleInfo.java:updateAndGet(143)) - 2b7adba8-1059-44f9-97bc-2868c192e760: start LeaderElection
2020-06-24 17:10:59,568 [grpc-default-executor-2] INFO  metrics.RatisMetrics (RatisMetrics.java:unregister(43)) - Unregistering Metrics Registry : ratis_grpc.log_appender.901834b2-99ef-48e6-a81c-aba752cc936b@group-18B92834D587
2020-06-24 17:10:59,572 [org.apache.ratis.server.impl.LogAppender$AppenderDaemon$$Lambda$441/676980872@d8958cc] WARN  server.GrpcLogAppender (GrpcLogAppender.java:mayWait(153)) - 901834b2-99ef-48e6-a81c-aba752cc936b@group-18B92834D587->a7ff2e02-4aae-4e37-b42b-37dd0693648b-GrpcLogAppender: Wait interrupted by java.lang.InterruptedException
2020-06-24 17:10:59,574 [grpc-default-executor-4] INFO  impl.RaftServerImpl (RaftServerImpl.java:setRole(175)) - afb85034-fb37-497e-9144-3e9dc86fd25a@group-FDFCEAAEB032: changes role from  FOLLOWER to FOLLOWER at term 1 for recognizeCandidate:b668f7d5-a6b7-44bf-8278-608be9500c84
2020-06-24 17:10:59,574 [grpc-default-executor-4] INFO  impl.RoleInfo (RoleInfo.java:shutdownFollowerState(121)) - afb85034-fb37-497e-9144-3e9dc86fd25a: shutdown FollowerState
2020-06-24 17:10:59,580 [grpc-default-executor-4] INFO  impl.RoleInfo (RoleInfo.java:updateAndGet(143)) - afb85034-fb37-497e-9144-3e9dc86fd25a: start FollowerState
2020-06-24 17:10:59,580 [Thread-290] INFO  impl.FollowerState (FollowerState.java:run(117)) - afb85034-fb37-497e-9144-3e9dc86fd25a@group-FDFCEAAEB032-FollowerState was interrupted: java.lang.InterruptedException: sleep interrupted
2020-06-24 17:10:59,587 [afb85034-fb37-497e-9144-3e9dc86fd25a@group-4BBA62028CD3-LeaderElection8] INFO  impl.LeaderElection (LeaderElection.java:askForVotes(206)) - afb85034-fb37-497e-9144-3e9dc86fd25a@group-4BBA62028CD3-LeaderElection8: begin an election at term 1 for -1: [afb85034-fb37-497e-9144-3e9dc86fd25a:172.17.0.2:35489], old=null
2020-06-24 17:10:59,587 [afb85034-fb37-497e-9144-3e9dc86fd25a@group-4BBA62028CD3-LeaderElection8] INFO  impl.RoleInfo (RoleInfo.java:shutdownLeaderElection(134)) - afb85034-fb37-497e-9144-3e9dc86fd25a: shutdown LeaderElection
2020-06-24 17:10:59,587 [afb85034-fb37-497e-9144-3e9dc86fd25a@group-4BBA62028CD3-LeaderElection8] INFO  impl.RaftServerImpl (RaftServerImpl.java:setRole(175)) - afb85034-fb37-497e-9144-3e9dc86fd25a@group-4BBA62028CD3: changes role from CANDIDATE to LEADER at term 1 for changeToLeader
2020-06-24 17:10:59,587 [afb85034-fb37-497e-9144-3e9dc86fd25a@group-4BBA62028CD3-LeaderElection8] INFO  ratis.XceiverServerRatis (XceiverServerRatis.java:handleLeaderChangedNotification(762)) - Leader change notification received for group: group-4BBA62028CD3 with new leaderId: afb85034-fb37-497e-9144-3e9dc86fd25a
2020-06-24 17:10:59,590 [grpc-default-executor-2] INFO  impl.PendingRequests (PendingRequests.java:sendNotLeaderResponses(249)) - 901834b2-99ef-48e6-a81c-aba752cc936b@group-18B92834D587-PendingRequests: sendNotLeaderResponses
2020-06-24 17:10:59,591 [grpc-default-executor-2] INFO  metrics.RatisMetrics (RatisMetrics.java:unregister(43)) - Unregistering Metrics Registry : ratis.log_appender.901834b2-99ef-48e6-a81c-aba752cc936b@group-18B92834D587
2020-06-24 17:10:59,591 [grpc-default-executor-2] INFO  metrics.RatisMetrics (RatisMetrics.java:unregister(43)) - Unregistering Metrics Registry : ratis.server.901834b2-99ef-48e6-a81c-aba752cc936b@group-18B92834D587
2020-06-24 17:10:59,591 [grpc-default-executor-2] INFO  impl.RoleInfo (RoleInfo.java:updateAndGet(143)) - 901834b2-99ef-48e6-a81c-aba752cc936b: start FollowerState
2020-06-24 17:10:59,591 [grpc-default-executor-7] INFO  server.GrpcServerProtocolService (GrpcServerProtocolService.java:onCompleted(138)) - a7ff2e02-4aae-4e37-b42b-37dd0693648b: Completed APPEND_ENTRIES, lastRequest: null
2020-06-24 17:10:59,597 [afb85034-fb37-497e-9144-3e9dc86fd25a@group-4BBA62028CD3-LeaderElection8] INFO  impl.RaftServerImpl (ServerState.java:setLeader(255)) - afb85034-fb37-497e-9144-3e9dc86fd25a@group-4BBA62028CD3: change Leader from null to afb85034-fb37-497e-9144-3e9dc86fd25a at term 1 for becomeLeader, leader elected after 5182ms
2020-06-24 17:10:59,598 [afb85034-fb37-497e-9144-3e9dc86fd25a@group-4BBA62028CD3-LeaderElection8] INFO  server.RaftServerConfigKeys (ConfUtils.java:logGet(44)) - raft.server.staging.catchup.gap = 1000 (default)
2020-06-24 17:10:59,598 [afb85034-fb37-497e-9144-3e9dc86fd25a@group-4BBA62028CD3-LeaderElection8] INFO  server.RaftServerConfigKeys (ConfUtils.java:logGet(44)) - raft.server.rpc.sleep.time = 25ms (default)
2020-06-24 17:10:59,598 [afb85034-fb37-497e-9144-3e9dc86fd25a@group-4BBA62028CD3-LeaderElection8] INFO  metrics.RatisMetrics (RatisMetrics.java:lambda$create$0(36)) - Creating Metrics Registry : ratis.log_appender.afb85034-fb37-497e-9144-3e9dc86fd25a@group-4BBA62028CD3
2020-06-24 17:10:59,598 [afb85034-fb37-497e-9144-3e9dc86fd25a@group-4BBA62028CD3-LeaderElection8] INFO  server.RaftServerConfigKeys (ConfUtils.java:logGet(44)) - raft.server.write.element-limit = 1024 (custom)
2020-06-24 17:10:59,598 [afb85034-fb37-497e-9144-3e9dc86fd25a@group-4BBA62028CD3-LeaderElection8] INFO  server.RaftServerConfigKeys (ConfUtils.java:logGet(44)) - raft.server.write.byte-limit = 1073741824 (custom)
2020-06-24 17:10:59,598 [afb85034-fb37-497e-9144-3e9dc86fd25a@group-4BBA62028CD3-LeaderElection8] INFO  server.RaftServerConfigKeys (ConfUtils.java:logGet(44)) - raft.server.watch.timeout = 180s (custom)
2020-06-24 17:10:59,598 [afb85034-fb37-497e-9144-3e9dc86fd25a@group-4BBA62028CD3-LeaderElection8] INFO  server.RaftServerConfigKeys (ConfUtils.java:logGet(44)) - raft.server.watch.timeout.denomination = 1s (default)
2020-06-24 17:10:59,598 [afb85034-fb37-497e-9144-3e9dc86fd25a@group-4BBA62028CD3-LeaderElection8] INFO  server.RaftServerConfigKeys (ConfUtils.java:logGet(44)) - raft.server.watch.element-limit = 65536 (default)
2020-06-24 17:10:59,598 [grpc-default-executor-8] INFO  server.GrpcLogAppender (GrpcLogAppender.java:onCompleted(319)) - 901834b2-99ef-48e6-a81c-aba752cc936b@group-18B92834D587->a7ff2e02-4aae-4e37-b42b-37dd0693648b-AppendLogResponseHandler: follower responses appendEntries COMPLETED
2020-06-24 17:10:59,599 [afb85034-fb37-497e-9144-3e9dc86fd25a@group-4BBA62028CD3-LeaderElection8] INFO  impl.RoleInfo (RoleInfo.java:updateAndGet(143)) - afb85034-fb37-497e-9144-3e9dc86fd25a: start LeaderState
2020-06-24 17:10:59,599 [afb85034-fb37-497e-9144-3e9dc86fd25a@group-4BBA62028CD3-LeaderElection8] INFO  segmented.SegmentedRaftLogWorker (SegmentedRaftLogWorker.java:startLogSegment(397)) - afb85034-fb37-497e-9144-3e9dc86fd25a@group-4BBA62028CD3-SegmentedRaftLogWorker: Starting segment from index:0
2020-06-24 17:10:59,586 [org.apache.ratis.server.impl.LogAppender$AppenderDaemon$$Lambda$441/676980872@4d8fe406] WARN  server.GrpcLogAppender (GrpcLogAppender.java:mayWait(153)) - 901834b2-99ef-48e6-a81c-aba752cc936b@group-18B92834D587->abd1f0dd-6a7c-459f-aa66-bfbee4a0afa9-GrpcLogAppender: Wait interrupted by java.lang.InterruptedException
2020-06-24 17:10:59,599 [afb85034-fb37-497e-9144-3e9dc86fd25a@group-4BBA62028CD3-LeaderElection8] INFO  impl.RaftServerImpl (ServerState.java:setRaftConf(356)) - afb85034-fb37-497e-9144-3e9dc86fd25a@group-4BBA62028CD3: set configuration 0: [afb85034-fb37-497e-9144-3e9dc86fd25a:172.17.0.2:35489], old=null at 0
2020-06-24 17:10:59,610 [901834b2-99ef-48e6-a81c-aba752cc936b@group-7D26AF55EB67-SegmentedRaftLogWorker] INFO  segmented.SegmentedRaftLogWorker (SegmentedRaftLogWorker.java:execute(596)) - 901834b2-99ef-48e6-a81c-aba752cc936b@group-7D26AF55EB67-SegmentedRaftLogWorker: created new log segment /github/workspace/mnt/ozone/hadoop-ozone/integration-test/target/test-dir/MiniOzoneClusterImpl-45b18ba1-9114-4b33-af64-cafa5396b779/datanode-0/data/ratis/f61c9445-d636-477e-bd48-7d26af55eb67/current/log_inprogress_0
2020-06-24 17:10:59,611 [b668f7d5-a6b7-44bf-8278-608be9500c84@group-FDFCEAAEB032-LeaderElection7] INFO  impl.LeaderElection (LeaderElection.java:logAndReturn(61)) - b668f7d5-a6b7-44bf-8278-608be9500c84@group-FDFCEAAEB032-LeaderElection7: Election PASSED; received 1 response(s) [b668f7d5-a6b7-44bf-8278-608be9500c84<-afb85034-fb37-497e-9144-3e9dc86fd25a#0:OK-t1] and 0 exception(s); b668f7d5-a6b7-44bf-8278-608be9500c84@group-FDFCEAAEB032:t1, leader=null, voted=b668f7d5-a6b7-44bf-8278-608be9500c84, raftlog=b668f7d5-a6b7-44bf-8278-608be9500c84@group-FDFCEAAEB032-SegmentedRaftLog:OPENED:c-1,f-1,i0, conf=-1: [afb85034-fb37-497e-9144-3e9dc86fd25a:172.17.0.2:35489, 2b7adba8-1059-44f9-97bc-2868c192e760:172.17.0.2:35263, b668f7d5-a6b7-44bf-8278-608be9500c84:172.17.0.2:41691], old=null
2020-06-24 17:10:59,611 [b668f7d5-a6b7-44bf-8278-608be9500c84@group-FDFCEAAEB032-LeaderElection7] INFO  impl.RoleInfo (RoleInfo.java:shutdownLeaderElection(134)) - b668f7d5-a6b7-44bf-8278-608be9500c84: shutdown LeaderElection
2020-06-24 17:10:59,611 [b668f7d5-a6b7-44bf-8278-608be9500c84@group-FDFCEAAEB032-LeaderElection7] INFO  impl.RaftServerImpl (RaftServerImpl.java:setRole(175)) - b668f7d5-a6b7-44bf-8278-608be9500c84@group-FDFCEAAEB032: changes role from CANDIDATE to LEADER at term 1 for changeToLeader
2020-06-24 17:10:59,611 [b668f7d5-a6b7-44bf-8278-608be9500c84@group-FDFCEAAEB032-LeaderElection7] INFO  ratis.XceiverServerRatis (XceiverServerRatis.java:handleLeaderChangedNotification(762)) - Leader change notification received for group: group-FDFCEAAEB032 with new leaderId: b668f7d5-a6b7-44bf-8278-608be9500c84
2020-06-24 17:10:59,611 [b668f7d5-a6b7-44bf-8278-608be9500c84@group-FDFCEAAEB032-LeaderElection7] INFO  impl.RaftServerImpl (ServerState.java:setLeader(255)) - b668f7d5-a6b7-44bf-8278-608be9500c84@group-FDFCEAAEB032: change Leader from null to b668f7d5-a6b7-44bf-8278-608be9500c84 at term 1 for becomeLeader, leader elected after 5302ms
2020-06-24 17:10:59,611 [b668f7d5-a6b7-44bf-8278-608be9500c84@group-FDFCEAAEB032-LeaderElection7] INFO  server.RaftServerConfigKeys (ConfUtils.java:logGet(44)) - raft.server.staging.catchup.gap = 1000 (default)
2020-06-24 17:10:59,611 [b668f7d5-a6b7-44bf-8278-608be9500c84@group-FDFCEAAEB032-LeaderElection7] INFO  server.RaftServerConfigKeys (ConfUtils.java:logGet(44)) - raft.server.rpc.sleep.time = 25ms (default)
2020-06-24 17:10:59,611 [b668f7d5-a6b7-44bf-8278-608be9500c84@group-FDFCEAAEB032-LeaderElection7] INFO  metrics.RatisMetrics (RatisMetrics.java:lambda$create$0(36)) - Creating Metrics Registry : ratis.log_appender.b668f7d5-a6b7-44bf-8278-608be9500c84@group-FDFCEAAEB032
2020-06-24 17:10:59,611 [b668f7d5-a6b7-44bf-8278-608be9500c84@group-FDFCEAAEB032-LeaderElection7] INFO  server.RaftServerConfigKeys (ConfUtils.java:logGet(44)) - raft.server.write.element-limit = 1024 (custom)
2020-06-24 17:10:59,612 [b668f7d5-a6b7-44bf-8278-608be9500c84@group-FDFCEAAEB032-LeaderElection7] INFO  server.RaftServerConfigKeys (ConfUtils.java:logGet(44)) - raft.server.write.byte-limit = 1073741824 (custom)
2020-06-24 17:10:59,612 [b668f7d5-a6b7-44bf-8278-608be9500c84@group-FDFCEAAEB032-LeaderElection7] INFO  server.RaftServerConfigKeys (ConfUtils.java:logGet(44)) - raft.server.watch.timeout = 180s (custom)
2020-06-24 17:10:59,612 [b668f7d5-a6b7-44bf-8278-608be9500c84@group-FDFCEAAEB032-LeaderElection7] INFO  server.RaftServerConfigKeys (ConfUtils.java:logGet(44)) - raft.server.watch.timeout.denomination = 1s (default)
2020-06-24 17:10:59,612 [b668f7d5-a6b7-44bf-8278-608be9500c84@group-FDFCEAAEB032-LeaderElection7] INFO  server.RaftServerConfigKeys (ConfUtils.java:logGet(44)) - raft.server.watch.element-limit = 65536 (default)
2020-06-24 17:10:59,612 [b668f7d5-a6b7-44bf-8278-608be9500c84@group-FDFCEAAEB032-LeaderElection7] INFO  server.RaftServerConfigKeys (ConfUtils.java:logGet(44)) - raft.server.log.appender.snapshot.chunk.size.max = 16MB (=16777216) (default)
2020-06-24 17:10:59,612 [b668f7d5-a6b7-44bf-8278-608be9500c84@group-FDFCEAAEB032-LeaderElection7] INFO  server.RaftServerConfigKeys (ConfUtils.java:logGet(44)) - raft.server.log.appender.buffer.byte-limit = 33554432 (custom)
2020-06-24 17:10:59,612 [b668f7d5-a6b7-44bf-8278-608be9500c84@group-FDFCEAAEB032-LeaderElection7] INFO  server.RaftServerConfigKeys (ConfUtils.java:logGet(44)) - raft.server.log.appender.buffer.element-limit = 1 (custom)
2020-06-24 17:10:59,612 [b668f7d5-a6b7-44bf-8278-608be9500c84@group-FDFCEAAEB032-LeaderElection7] INFO  grpc.GrpcConfigKeys (ConfUtils.java:logGet(44)) - raft.grpc.server.leader.outstanding.appends.max = 128 (default)
2020-06-24 17:10:59,612 [b668f7d5-a6b7-44bf-8278-608be9500c84@group-FDFCEAAEB032-LeaderElection7] INFO  server.RaftServerConfigKeys (ConfUtils.java:logGet(44)) - raft.server.rpc.request.timeout = 60s (custom)
2020-06-24 17:10:59,612 [b668f7d5-a6b7-44bf-8278-608be9500c84@group-FDFCEAAEB032-LeaderElection7] INFO  server.RaftServerConfigKeys (ConfUtils.java:logGet(44)) - raft.server.log.appender.install.snapshot.enabled = false (custom)
2020-06-24 17:10:59,613 [b668f7d5-a6b7-44bf-8278-608be9500c84@group-FDFCEAAEB032-LeaderElection7] INFO  metrics.RatisMetrics (RatisMetrics.java:lambda$create$0(36)) - Creating Metrics Registry : ratis_grpc.log_appender.b668f7d5-a6b7-44bf-8278-608be9500c84@group-FDFCEAAEB032
2020-06-24 17:10:59,613 [901834b2-99ef-48e6-a81c-aba752cc936b@group-18B92834D587-SegmentedRaftLogWorker] INFO  segmented.SegmentedRaftLogWorker (SegmentedRaftLogWorker.java:execute(596)) - 901834b2-99ef-48e6-a81c-aba752cc936b@group-18B92834D587-SegmentedRaftLogWorker: created new log segment /github/workspace/mnt/ozone/hadoop-ozone/integration-test/target/test-dir/MiniOzoneClusterImpl-45b18ba1-9114-4b33-af64-cafa5396b779/datanode-0/data/ratis/64128139-cca4-47e5-bbfc-18b92834d587/current/log_inprogress_0
2020-06-24 17:10:59,623 [grpc-default-executor-4] INFO  impl.RaftServerImpl (RaftServerImpl.java:setRole(175)) - 2b7adba8-1059-44f9-97bc-2868c192e760@group-FDFCEAAEB032: changes role from  FOLLOWER to FOLLOWER at term 1 for recognizeCandidate:b668f7d5-a6b7-44bf-8278-608be9500c84
2020-06-24 17:10:59,624 [grpc-default-executor-4] INFO  impl.RoleInfo (RoleInfo.java:shutdownFollowerState(121)) - 2b7adba8-1059-44f9-97bc-2868c192e760: shutdown FollowerState
2020-06-24 17:10:59,624 [grpc-default-executor-4] INFO  impl.RoleInfo (RoleInfo.java:updateAndGet(143)) - 2b7adba8-1059-44f9-97bc-2868c192e760: start FollowerState
2020-06-24 17:10:59,623 [grpc-default-executor-8] INFO  impl.FollowerInfo (FollowerInfo.java:lambda$new$0(51)) - 901834b2-99ef-48e6-a81c-aba752cc936b@group-18B92834D587->a7ff2e02-4aae-4e37-b42b-37dd0693648b: nextIndex: updateUnconditionally 1 -> 0
2020-06-24 17:10:59,617 [EventQueue-PipelineReportForPipelineReportHandler] INFO  pipeline.PipelineStateManager (PipelineStateManager.java:openPipeline(131)) - Pipeline Pipeline[ Id: 7913204f-831d-4a06-a975-fdfceaaeb032, Nodes: b668f7d5-a6b7-44bf-8278-608be9500c84{ip: 172.17.0.2, host: ff49ff68588e, networkLocation: /default-rack, certSerialId: null}2b7adba8-1059-44f9-97bc-2868c192e760{ip: 172.17.0.2, host: ff49ff68588e, networkLocation: /default-rack, certSerialId: null}afb85034-fb37-497e-9144-3e9dc86fd25a{ip: 172.17.0.2, host: ff49ff68588e, networkLocation: /default-rack, certSerialId: null}, Type:RATIS, Factor:THREE, State:ALLOCATED, leaderId:b668f7d5-a6b7-44bf-8278-608be9500c84, CreationTimestamp2020-06-24T17:10:51.374Z] moved to OPEN state
2020-06-24 17:10:59,617 [abd1f0dd-6a7c-459f-aa66-bfbee4a0afa9@group-13763BC3AD28-SegmentedRaftLogWorker] INFO  segmented.SegmentedRaftLogWorker (SegmentedRaftLogWorker.java:execute(596)) - abd1f0dd-6a7c-459f-aa66-bfbee4a0afa9@group-13763BC3AD28-SegmentedRaftLogWorker: created new log segment /github/workspace/mnt/ozone/hadoop-ozone/integration-test/target/test-dir/MiniOzoneClusterImpl-45b18ba1-9114-4b33-af64-cafa5396b779/datanode-1/data/ratis/9755bfe7-8ad5-489b-948c-13763bc3ad28/current/log_inprogress_0
2020-06-24 17:10:59,625 [2b7adba8-1059-44f9-97bc-2868c192e760@group-0F9E779B3284-LeaderElection9] INFO  impl.LeaderElection (LeaderElection.java:askForVotes(206)) - 2b7adba8-1059-44f9-97bc-2868c192e760@group-0F9E779B3284-LeaderElection9: begin an election at term 1 for -1: [2b7adba8-1059-44f9-97bc-2868c192e760:172.17.0.2:35263], old=null
2020-06-24 17:10:59,616 [afb85034-fb37-497e-9144-3e9dc86fd25a@group-4BBA62028CD3-SegmentedRaftLogWorker] INFO  segmented.SegmentedRaftLogWorker (SegmentedRaftLogWorker.java:execute(596)) - afb85034-fb37-497e-9144-3e9dc86fd25a@group-4BBA62028CD3-SegmentedRaftLogWorker: created new log segment /github/workspace/mnt/ozone/hadoop-ozone/integration-test/target/test-dir/MiniOzoneClusterImpl-45b18ba1-9114-4b33-af64-cafa5396b779/datanode-5/data/ratis/b5cf8d53-ffe4-427c-88ed-4bba62028cd3/current/log_inprogress_0
2020-06-24 17:10:59,616 [b668f7d5-a6b7-44bf-8278-608be9500c84@group-ED6A29DFDFAE-SegmentedRaftLogWorker] INFO  segmented.SegmentedRaftLogWorker (SegmentedRaftLogWorker.java:execute(596)) - b668f7d5-a6b7-44bf-8278-608be9500c84@group-ED6A29DFDFAE-SegmentedRaftLogWorker: created new log segment /github/workspace/mnt/ozone/hadoop-ozone/integration-test/target/test-dir/MiniOzoneClusterImpl-45b18ba1-9114-4b33-af64-cafa5396b779/datanode-3/data/ratis/322477ff-1944-410b-ba1d-ed6a29dfdfae/current/log_inprogress_0
2020-06-24 17:10:59,615 [a7ff2e02-4aae-4e37-b42b-37dd0693648b@group-64416489E5CF-SegmentedRaftLogWorker] INFO  segmented.SegmentedRaftLogWorker (SegmentedRaftLogWorker.java:execute(596)) - a7ff2e02-4aae-4e37-b42b-37dd0693648b@group-64416489E5CF-SegmentedRaftLogWorker: created new log segment /github/workspace/mnt/ozone/hadoop-ozone/integration-test/target/test-dir/MiniOzoneClusterImpl-45b18ba1-9114-4b33-af64-cafa5396b779/datanode-2/data/ratis/48091301-8442-4af3-80c5-64416489e5cf/current/log_inprogress_0
2020-06-24 17:10:59,615 [b668f7d5-a6b7-44bf-8278-608be9500c84@group-FDFCEAAEB032-LeaderElection7] INFO  server.RaftServerConfigKeys (ConfUtils.java:logGet(44)) - raft.server.log.appender.snapshot.chunk.size.max = 16MB (=16777216) (default)
2020-06-24 17:10:59,634 [b668f7d5-a6b7-44bf-8278-608be9500c84@group-FDFCEAAEB032-LeaderElection7] INFO  server.RaftServerConfigKeys (ConfUtils.java:logGet(44)) - raft.server.log.appender.buffer.byte-limit = 33554432 (custom)
2020-06-24 17:10:59,634 [b668f7d5-a6b7-44bf-8278-608be9500c84@group-FDFCEAAEB032-LeaderElection7] INFO  server.RaftServerConfigKeys (ConfUtils.java:logGet(44)) - raft.server.log.appender.buffer.element-limit = 1 (custom)
2020-06-24 17:10:59,635 [b668f7d5-a6b7-44bf-8278-608be9500c84@group-FDFCEAAEB032-LeaderElection7] INFO  grpc.GrpcConfigKeys (ConfUtils.java:logGet(44)) - raft.grpc.server.leader.outstanding.appends.max = 128 (default)
2020-06-24 17:10:59,635 [b668f7d5-a6b7-44bf-8278-608be9500c84@group-FDFCEAAEB032-LeaderElection7] INFO  server.RaftServerConfigKeys (ConfUtils.java:logGet(44)) - raft.server.rpc.request.timeout = 60s (custom)
2020-06-24 17:10:59,635 [b668f7d5-a6b7-44bf-8278-608be9500c84@group-FDFCEAAEB032-LeaderElection7] INFO  server.RaftServerConfigKeys (ConfUtils.java:logGet(44)) - raft.server.log.appender.install.snapshot.enabled = false (custom)
2020-06-24 17:10:59,635 [b668f7d5-a6b7-44bf-8278-608be9500c84@group-FDFCEAAEB032-LeaderElection7] INFO  impl.RoleInfo (RoleInfo.java:updateAndGet(143)) - b668f7d5-a6b7-44bf-8278-608be9500c84: start LeaderState
2020-06-24 17:10:59,636 [b668f7d5-a6b7-44bf-8278-608be9500c84@group-FDFCEAAEB032-LeaderElection7] INFO  segmented.SegmentedRaftLogWorker (SegmentedRaftLogWorker.java:startLogSegment(397)) - b668f7d5-a6b7-44bf-8278-608be9500c84@group-FDFCEAAEB032-SegmentedRaftLogWorker: Starting segment from index:0
2020-06-24 17:10:59,613 [grpc-default-executor-2] INFO  server.GrpcServerProtocolService (GrpcServerProtocolService.java:onCompleted(138)) - abd1f0dd-6a7c-459f-aa66-bfbee4a0afa9: Completed APPEND_ENTRIES, lastRequest: null
2020-06-24 17:10:59,632 [2b7adba8-1059-44f9-97bc-2868c192e760@group-0F9E779B3284-LeaderElection9] INFO  impl.RoleInfo (RoleInfo.java:shutdownLeaderElection(134)) - 2b7adba8-1059-44f9-97bc-2868c192e760: shutdown LeaderElection
2020-06-24 17:10:59,636 [2b7adba8-1059-44f9-97bc-2868c192e760@group-0F9E779B3284-LeaderElection9] INFO  impl.RaftServerImpl (RaftServerImpl.java:setRole(175)) - 2b7adba8-1059-44f9-97bc-2868c192e760@group-0F9E779B3284: changes role from CANDIDATE to LEADER at term 1 for changeToLeader
2020-06-24 17:10:59,636 [2b7adba8-1059-44f9-97bc-2868c192e760@group-0F9E779B3284-LeaderElection9] INFO  ratis.XceiverServerRatis (XceiverServerRatis.java:handleLeaderChangedNotification(762)) - Leader change notification received for group: group-0F9E779B3284 with new leaderId: 2b7adba8-1059-44f9-97bc-2868c192e760
2020-06-24 17:10:59,637 [grpc-default-executor-4] INFO  server.GrpcLogAppender (GrpcLogAppender.java:onCompleted(319)) - 901834b2-99ef-48e6-a81c-aba752cc936b@group-18B92834D587->abd1f0dd-6a7c-459f-aa66-bfbee4a0afa9-AppendLogResponseHandler: follower responses appendEntries COMPLETED
2020-06-24 17:10:59,638 [b668f7d5-a6b7-44bf-8278-608be9500c84@group-FDFCEAAEB032-SegmentedRaftLogWorker] INFO  segmented.SegmentedRaftLogWorker (SegmentedRaftLogWorker.java:execute(596)) - b668f7d5-a6b7-44bf-8278-608be9500c84@group-FDFCEAAEB032-SegmentedRaftLogWorker: created new log segment /github/workspace/mnt/ozone/hadoop-ozone/integration-test/target/test-dir/MiniOzoneClusterImpl-45b18ba1-9114-4b33-af64-cafa5396b779/datanode-3/data/ratis/7913204f-831d-4a06-a975-fdfceaaeb032/current/log_inprogress_0
2020-06-24 17:10:59,817 [2b7adba8-1059-44f9-97bc-2868c192e760@group-0F9E779B3284-LeaderElection9] INFO  impl.RaftServerImpl (ServerState.java:setLeader(255)) - 2b7adba8-1059-44f9-97bc-2868c192e760@group-0F9E779B3284: change Leader from null to 2b7adba8-1059-44f9-97bc-2868c192e760 at term 1 for becomeLeader, leader elected after 5275ms
2020-06-24 17:10:59,818 [Thread-301] INFO  impl.FollowerState (FollowerState.java:run(108)) - 6a2617bd-0d1c-4683-92c9-d4932b3f2669@group-9BF1E01BBAA3-FollowerState: change to CANDIDATE, lastRpcTime:5132ms, electionTimeout:5025ms
2020-06-24 17:10:59,819 [Thread-301] INFO  impl.RoleInfo (RoleInfo.java:shutdownFollowerState(121)) - 6a2617bd-0d1c-4683-92c9-d4932b3f2669: shutdown FollowerState
2020-06-24 17:10:59,819 [Thread-301] INFO  impl.RaftServerImpl (RaftServerImpl.java:setRole(175)) - 6a2617bd-0d1c-4683-92c9-d4932b3f2669@group-9BF1E01BBAA3: changes role from  FOLLOWER to CANDIDATE at term 0 for changeToCandidate
2020-06-24 17:10:59,819 [Thread-301] INFO  impl.RoleInfo (RoleInfo.java:updateAndGet(143)) - 6a2617bd-0d1c-4683-92c9-d4932b3f2669: start LeaderElection
2020-06-24 17:10:59,819 [2b7adba8-1059-44f9-97bc-2868c192e760@group-0F9E779B3284-LeaderElection9] INFO  server.RaftServerConfigKeys (ConfUtils.java:logGet(44)) - raft.server.staging.catchup.gap = 1000 (default)
2020-06-24 17:10:59,819 [2b7adba8-1059-44f9-97bc-2868c192e760@group-0F9E779B3284-LeaderElection9] INFO  server.RaftServerConfigKeys (ConfUtils.java:logGet(44)) - raft.server.rpc.sleep.time = 25ms (default)
2020-06-24 17:10:59,820 [Thread-293] INFO  impl.FollowerState (FollowerState.java:run(108)) - 22cc0f04-e09b-4cc9-bfb5-2feecdd2b0ba@group-DAF47B64BEDB-FollowerState: change to CANDIDATE, lastRpcTime:5298ms, electionTimeout:5172ms
2020-06-24 17:10:59,820 [Thread-293] INFO  impl.RoleInfo (RoleInfo.java:shutdownFollowerState(121)) - 22cc0f04-e09b-4cc9-bfb5-2feecdd2b0ba: shutdown FollowerState
2020-06-24 17:10:59,820 [Thread-293] INFO  impl.RaftServerImpl (RaftServerImpl.java:setRole(175)) - 22cc0f04-e09b-4cc9-bfb5-2feecdd2b0ba@group-DAF47B64BEDB: changes role from  FOLLOWER to CANDIDATE at term 0 for changeToCandidate
2020-06-24 17:10:59,820 [Thread-293] INFO  impl.RoleInfo (RoleInfo.java:updateAndGet(143)) - 22cc0f04-e09b-4cc9-bfb5-2feecdd2b0ba: start LeaderElection
2020-06-24 17:10:59,821 [Thread-295] INFO  impl.FollowerState (FollowerState.java:run(108)) - 668c5cee-c6dc-4a53-9204-5b2807b3c1a4@group-9DF0888054AE-FollowerState: change to CANDIDATE, lastRpcTime:5244ms, electionTimeout:5079ms
2020-06-24 17:10:59,821 [Thread-295] INFO  impl.RoleInfo (RoleInfo.java:shutdownFollowerState(121)) - 668c5cee-c6dc-4a53-9204-5b2807b3c1a4: shutdown FollowerState
2020-06-24 17:10:59,822 [Thread-295] INFO  impl.RaftServerImpl (RaftServerImpl.java:setRole(175)) - 668c5cee-c6dc-4a53-9204-5b2807b3c1a4@group-9DF0888054AE: changes role from  FOLLOWER to CANDIDATE at term 0 for changeToCandidate
2020-06-24 17:10:59,822 [Thread-295] INFO  impl.RoleInfo (RoleInfo.java:updateAndGet(143)) - 668c5cee-c6dc-4a53-9204-5b2807b3c1a4: start LeaderElection
2020-06-24 17:10:59,823 [Listener at 127.0.0.1/39213] INFO  ozone.MiniOzoneClusterImpl (MiniOzoneClusterImpl.java:lambda$waitForClusterToBeReady$0(177)) - Nodes are ready. Got 10 of 10 DN Heartbeats.
2020-06-24 17:10:59,823 [Listener at 127.0.0.1/39213] INFO  ozone.MiniOzoneClusterImpl (MiniOzoneClusterImpl.java:lambda$waitForClusterToBeReady$0(180)) - Cluster exits safe mode
2020-06-24 17:10:59,825 [Thread-299] INFO  impl.FollowerState (FollowerState.java:run(108)) - 668c5cee-c6dc-4a53-9204-5b2807b3c1a4@group-A2D9F502AB5E-FollowerState: change to CANDIDATE, lastRpcTime:5189ms, electionTimeout:5005ms
2020-06-24 17:10:59,825 [Thread-299] INFO  impl.RoleInfo (RoleInfo.java:shutdownFollowerState(121)) - 668c5cee-c6dc-4a53-9204-5b2807b3c1a4: shutdown FollowerState
2020-06-24 17:10:59,825 [Thread-299] INFO  impl.RaftServerImpl (RaftServerImpl.java:setRole(175)) - 668c5cee-c6dc-4a53-9204-5b2807b3c1a4@group-A2D9F502AB5E: changes role from  FOLLOWER to CANDIDATE at term 0 for changeToCandidate
2020-06-24 17:10:59,825 [Thread-299] INFO  impl.RoleInfo (RoleInfo.java:updateAndGet(143)) - 668c5cee-c6dc-4a53-9204-5b2807b3c1a4: start LeaderElection
2020-06-24 17:10:59,836 [Thread-297] INFO  impl.FollowerState (FollowerState.java:run(108)) - 22cc0f04-e09b-4cc9-bfb5-2feecdd2b0ba@group-A2D9F502AB5E-FollowerState: change to CANDIDATE, lastRpcTime:5243ms, electionTimeout:5052ms
2020-06-24 17:10:59,836 [b668f7d5-a6b7-44bf-8278-608be9500c84@group-FDFCEAAEB032-LeaderElection7] INFO  impl.RaftServerImpl (ServerState.java:setRaftConf(356)) - b668f7d5-a6b7-44bf-8278-608be9500c84@group-FDFCEAAEB032: set configuration 0: [afb85034-fb37-497e-9144-3e9dc86fd25a:172.17.0.2:35489, 2b7adba8-1059-44f9-97bc-2868c192e760:172.17.0.2:35263, b668f7d5-a6b7-44bf-8278-608be9500c84:172.17.0.2:41691], old=null at 0
2020-06-24 17:10:59,843 [grpc-default-executor-2] INFO  ratis.XceiverServerRatis (XceiverServerRatis.java:handleLeaderChangedNotification(762)) - Leader change notification received for group: group-FDFCEAAEB032 with new leaderId: b668f7d5-a6b7-44bf-8278-608be9500c84
2020-06-24 17:10:59,843 [grpc-default-executor-2] INFO  impl.RaftServerImpl (ServerState.java:setLeader(255)) - afb85034-fb37-497e-9144-3e9dc86fd25a@group-FDFCEAAEB032: change Leader from null to b668f7d5-a6b7-44bf-8278-608be9500c84 at term 1 for appendEntries, leader elected after 5414ms
2020-06-24 17:10:59,843 [Thread-297] INFO  impl.RoleInfo (RoleInfo.java:shutdownFollowerState(121)) - 22cc0f04-e09b-4cc9-bfb5-2feecdd2b0ba: shutdown FollowerState
2020-06-24 17:10:59,844 [Thread-297] INFO  impl.RaftServerImpl (RaftServerImpl.java:setRole(175)) - 22cc0f04-e09b-4cc9-bfb5-2feecdd2b0ba@group-A2D9F502AB5E: changes role from  FOLLOWER to CANDIDATE at term 0 for changeToCandidate
2020-06-24 17:10:59,844 [Thread-297] INFO  impl.RoleInfo (RoleInfo.java:updateAndGet(143)) - 22cc0f04-e09b-4cc9-bfb5-2feecdd2b0ba: start LeaderElection
2020-06-24 17:10:59,844 [2b7adba8-1059-44f9-97bc-2868c192e760@group-0F9E779B3284-LeaderElection9] INFO  metrics.RatisMetrics (RatisMetrics.java:lambda$create$0(36)) - Creating Metrics Registry : ratis.log_appender.2b7adba8-1059-44f9-97bc-2868c192e760@group-0F9E779B3284
2020-06-24 17:10:59,844 [2b7adba8-1059-44f9-97bc-2868c192e760@group-0F9E779B3284-LeaderElection9] INFO  server.RaftServerConfigKeys (ConfUtils.java:logGet(44)) - raft.server.write.element-limit = 1024 (custom)
2020-06-24 17:10:59,844 [2b7adba8-1059-44f9-97bc-2868c192e760@group-0F9E779B3284-LeaderElection9] INFO  server.RaftServerConfigKeys (ConfUtils.java:logGet(44)) - raft.server.write.byte-limit = 1073741824 (custom)
2020-06-24 17:10:59,844 [2b7adba8-1059-44f9-97bc-2868c192e760@group-0F9E779B3284-LeaderElection9] INFO  server.RaftServerConfigKeys (ConfUtils.java:logGet(44)) - raft.server.watch.timeout = 180s (custom)
2020-06-24 17:10:59,844 [2b7adba8-1059-44f9-97bc-2868c192e760@group-0F9E779B3284-LeaderElection9] INFO  server.RaftServerConfigKeys (ConfUtils.java:logGet(44)) - raft.server.watch.timeout.denomination = 1s (default)
2020-06-24 17:10:59,844 [2b7adba8-1059-44f9-97bc-2868c192e760@group-0F9E779B3284-LeaderElection9] INFO  server.RaftServerConfigKeys (ConfUtils.java:logGet(44)) - raft.server.watch.element-limit = 65536 (default)
2020-06-24 17:10:59,845 [2b7adba8-1059-44f9-97bc-2868c192e760@group-0F9E779B3284-LeaderElection9] INFO  impl.RoleInfo (RoleInfo.java:updateAndGet(143)) - 2b7adba8-1059-44f9-97bc-2868c192e760: start LeaderState
2020-06-24 17:10:59,845 [2b7adba8-1059-44f9-97bc-2868c192e760@group-0F9E779B3284-LeaderElection9] INFO  segmented.SegmentedRaftLogWorker (SegmentedRaftLogWorker.java:startLogSegment(397)) - 2b7adba8-1059-44f9-97bc-2868c192e760@group-0F9E779B3284-SegmentedRaftLogWorker: Starting segment from index:0
2020-06-24 17:10:59,850 [grpc-default-executor-1] INFO  ratis.XceiverServerRatis (XceiverServerRatis.java:handleLeaderChangedNotification(762)) - Leader change notification received for group: group-FDFCEAAEB032 with new leaderId: b668f7d5-a6b7-44bf-8278-608be9500c84
2020-06-24 17:10:59,850 [grpc-default-executor-1] INFO  impl.RaftServerImpl (ServerState.java:setLeader(255)) - 2b7adba8-1059-44f9-97bc-2868c192e760@group-FDFCEAAEB032: change Leader from null to b668f7d5-a6b7-44bf-8278-608be9500c84 at term 1 for appendEntries, leader elected after 5433ms
2020-06-24 17:10:59,851 [2b7adba8-1059-44f9-97bc-2868c192e760@group-0F9E779B3284-LeaderElection9] INFO  impl.RaftServerImpl (ServerState.java:setRaftConf(356)) - 2b7adba8-1059-44f9-97bc-2868c192e760@group-0F9E779B3284: set configuration 0: [2b7adba8-1059-44f9-97bc-2868c192e760:172.17.0.2:35263], old=null at 0
2020-06-24 17:10:59,851 [2b7adba8-1059-44f9-97bc-2868c192e760@group-0F9E779B3284-SegmentedRaftLogWorker] INFO  segmented.SegmentedRaftLogWorker (SegmentedRaftLogWorker.java:execute(596)) - 2b7adba8-1059-44f9-97bc-2868c192e760@group-0F9E779B3284-SegmentedRaftLogWorker: created new log segment /github/workspace/mnt/ozone/hadoop-ozone/integration-test/target/test-dir/MiniOzoneClusterImpl-45b18ba1-9114-4b33-af64-cafa5396b779/datanode-4/data/ratis/63d7e702-853d-429a-8ffc-0f9e779b3284/current/log_inprogress_0
2020-06-24 17:10:59,842 [grpc-default-executor-4] INFO  impl.FollowerInfo (FollowerInfo.java:lambda$new$0(51)) - 901834b2-99ef-48e6-a81c-aba752cc936b@group-18B92834D587->abd1f0dd-6a7c-459f-aa66-bfbee4a0afa9: nextIndex: updateUnconditionally 1 -> 0
2020-06-24 17:10:59,864 [6a2617bd-0d1c-4683-92c9-d4932b3f2669@group-9BF1E01BBAA3-LeaderElection10] INFO  impl.LeaderElection (LeaderElection.java:askForVotes(206)) - 6a2617bd-0d1c-4683-92c9-d4932b3f2669@group-9BF1E01BBAA3-LeaderElection10: begin an election at term 1 for -1: [6a2617bd-0d1c-4683-92c9-d4932b3f2669:172.17.0.2:36409], old=null
2020-06-24 17:10:59,864 [6a2617bd-0d1c-4683-92c9-d4932b3f2669@group-9BF1E01BBAA3-LeaderElection10] INFO  impl.RoleInfo (RoleInfo.java:shutdownLeaderElection(134)) - 6a2617bd-0d1c-4683-92c9-d4932b3f2669: shutdown LeaderElection
2020-06-24 17:10:59,864 [6a2617bd-0d1c-4683-92c9-d4932b3f2669@group-9BF1E01BBAA3-LeaderElection10] INFO  impl.RaftServerImpl (RaftServerImpl.java:setRole(175)) - 6a2617bd-0d1c-4683-92c9-d4932b3f2669@group-9BF1E01BBAA3: changes role from CANDIDATE to LEADER at term 1 for changeToLeader
2020-06-24 17:10:59,864 [6a2617bd-0d1c-4683-92c9-d4932b3f2669@group-9BF1E01BBAA3-LeaderElection10] INFO  ratis.XceiverServerRatis (XceiverServerRatis.java:handleLeaderChangedNotification(762)) - Leader change notification received for group: group-9BF1E01BBAA3 with new leaderId: 6a2617bd-0d1c-4683-92c9-d4932b3f2669
2020-06-24 17:10:59,864 [6a2617bd-0d1c-4683-92c9-d4932b3f2669@group-9BF1E01BBAA3-LeaderElection10] INFO  impl.RaftServerImpl (ServerState.java:setLeader(255)) - 6a2617bd-0d1c-4683-92c9-d4932b3f2669@group-9BF1E01BBAA3: change Leader from null to 6a2617bd-0d1c-4683-92c9-d4932b3f2669 at term 1 for becomeLeader, leader elected after 5195ms
2020-06-24 17:10:59,864 [6a2617bd-0d1c-4683-92c9-d4932b3f2669@group-9BF1E01BBAA3-LeaderElection10] INFO  server.RaftServerConfigKeys (ConfUtils.java:logGet(44)) - raft.server.staging.catchup.gap = 1000 (default)
2020-06-24 17:10:59,864 [6a2617bd-0d1c-4683-92c9-d4932b3f2669@group-9BF1E01BBAA3-LeaderElection10] INFO  server.RaftServerConfigKeys (ConfUtils.java:logGet(44)) - raft.server.rpc.sleep.time = 25ms (default)
2020-06-24 17:10:59,864 [6a2617bd-0d1c-4683-92c9-d4932b3f2669@group-9BF1E01BBAA3-LeaderElection10] INFO  metrics.RatisMetrics (RatisMetrics.java:lambda$create$0(36)) - Creating Metrics Registry : ratis.log_appender.6a2617bd-0d1c-4683-92c9-d4932b3f2669@group-9BF1E01BBAA3
2020-06-24 17:10:59,864 [6a2617bd-0d1c-4683-92c9-d4932b3f2669@group-9BF1E01BBAA3-LeaderElection10] INFO  server.RaftServerConfigKeys (ConfUtils.java:logGet(44)) - raft.server.write.element-limit = 1024 (custom)
2020-06-24 17:10:59,865 [6a2617bd-0d1c-4683-92c9-d4932b3f2669@group-9BF1E01BBAA3-LeaderElection10] INFO  server.RaftServerConfigKeys (ConfUtils.java:logGet(44)) - raft.server.write.byte-limit = 1073741824 (custom)
2020-06-24 17:10:59,865 [6a2617bd-0d1c-4683-92c9-d4932b3f2669@group-9BF1E01BBAA3-LeaderElection10] INFO  server.RaftServerConfigKeys (ConfUtils.java:logGet(44)) - raft.server.watch.timeout = 180s (custom)
2020-06-24 17:10:59,865 [6a2617bd-0d1c-4683-92c9-d4932b3f2669@group-9BF1E01BBAA3-LeaderElection10] INFO  server.RaftServerConfigKeys (ConfUtils.java:logGet(44)) - raft.server.watch.timeout.denomination = 1s (default)
2020-06-24 17:10:59,865 [6a2617bd-0d1c-4683-92c9-d4932b3f2669@group-9BF1E01BBAA3-LeaderElection10] INFO  server.RaftServerConfigKeys (ConfUtils.java:logGet(44)) - raft.server.watch.element-limit = 65536 (default)
2020-06-24 17:10:59,865 [6a2617bd-0d1c-4683-92c9-d4932b3f2669@group-9BF1E01BBAA3-LeaderElection10] INFO  impl.RoleInfo (RoleInfo.java:updateAndGet(143)) - 6a2617bd-0d1c-4683-92c9-d4932b3f2669: start LeaderState
2020-06-24 17:10:59,865 [6a2617bd-0d1c-4683-92c9-d4932b3f2669@group-9BF1E01BBAA3-LeaderElection10] INFO  segmented.SegmentedRaftLogWorker (SegmentedRaftLogWorker.java:startLogSegment(397)) - 6a2617bd-0d1c-4683-92c9-d4932b3f2669@group-9BF1E01BBAA3-SegmentedRaftLogWorker: Starting segment from index:0
2020-06-24 17:10:59,866 [22cc0f04-e09b-4cc9-bfb5-2feecdd2b0ba@group-A2D9F502AB5E-LeaderElection14] INFO  impl.LeaderElection (LeaderElection.java:askForVotes(206)) - 22cc0f04-e09b-4cc9-bfb5-2feecdd2b0ba@group-A2D9F502AB5E-LeaderElection14: begin an election at term 1 for -1: [6a2617bd-0d1c-4683-92c9-d4932b3f2669:172.17.0.2:36409, 22cc0f04-e09b-4cc9-bfb5-2feecdd2b0ba:172.17.0.2:38605, 668c5cee-c6dc-4a53-9204-5b2807b3c1a4:172.17.0.2:35055], old=null
2020-06-24 17:10:59,868 [6a2617bd-0d1c-4683-92c9-d4932b3f2669@group-9BF1E01BBAA3-SegmentedRaftLogWorker] INFO  segmented.SegmentedRaftLogWorker (SegmentedRaftLogWorker.java:execute(596)) - 6a2617bd-0d1c-4683-92c9-d4932b3f2669@group-9BF1E01BBAA3-SegmentedRaftLogWorker: created new log segment /github/workspace/mnt/ozone/hadoop-ozone/integration-test/target/test-dir/MiniOzoneClusterImpl-45b18ba1-9114-4b33-af64-cafa5396b779/datanode-8/data/ratis/aad5d469-70e0-4721-bac4-9bf1e01bbaa3/current/log_inprogress_0
2020-06-24 17:10:59,870 [grpc-default-executor-1] INFO  impl.RaftServerImpl (ServerState.java:setRaftConf(356)) - 2b7adba8-1059-44f9-97bc-2868c192e760@group-FDFCEAAEB032: set configuration 0: [afb85034-fb37-497e-9144-3e9dc86fd25a:172.17.0.2:35489, 2b7adba8-1059-44f9-97bc-2868c192e760:172.17.0.2:35263, b668f7d5-a6b7-44bf-8278-608be9500c84:172.17.0.2:41691], old=null at 0
2020-06-24 17:10:59,871 [grpc-default-executor-1] INFO  segmented.SegmentedRaftLogWorker (SegmentedRaftLogWorker.java:startLogSegment(397)) - 2b7adba8-1059-44f9-97bc-2868c192e760@group-FDFCEAAEB032-SegmentedRaftLogWorker: Starting segment from index:0
2020-06-24 17:10:59,871 [6a2617bd-0d1c-4683-92c9-d4932b3f2669@group-9BF1E01BBAA3-LeaderElection10] INFO  impl.RaftServerImpl (ServerState.java:setRaftConf(356)) - 6a2617bd-0d1c-4683-92c9-d4932b3f2669@group-9BF1E01BBAA3: set configuration 0: [6a2617bd-0d1c-4683-92c9-d4932b3f2669:172.17.0.2:36409], old=null at 0
2020-06-24 17:10:59,872 [668c5cee-c6dc-4a53-9204-5b2807b3c1a4@group-9DF0888054AE-LeaderElection12] INFO  impl.LeaderElection (LeaderElection.java:askForVotes(206)) - 668c5cee-c6dc-4a53-9204-5b2807b3c1a4@group-9DF0888054AE-LeaderElection12: begin an election at term 1 for -1: [668c5cee-c6dc-4a53-9204-5b2807b3c1a4:172.17.0.2:35055], old=null
2020-06-24 17:10:59,872 [668c5cee-c6dc-4a53-9204-5b2807b3c1a4@group-9DF0888054AE-LeaderElection12] INFO  impl.RoleInfo (RoleInfo.java:shutdownLeaderElection(134)) - 668c5cee-c6dc-4a53-9204-5b2807b3c1a4: shutdown LeaderElection
2020-06-24 17:10:59,872 [668c5cee-c6dc-4a53-9204-5b2807b3c1a4@group-9DF0888054AE-LeaderElection12] INFO  impl.RaftServerImpl (RaftServerImpl.java:setRole(175)) - 668c5cee-c6dc-4a53-9204-5b2807b3c1a4@group-9DF0888054AE: changes role from CANDIDATE to LEADER at term 1 for changeToLeader
2020-06-24 17:10:59,872 [668c5cee-c6dc-4a53-9204-5b2807b3c1a4@group-9DF0888054AE-LeaderElection12] INFO  ratis.XceiverServerRatis (XceiverServerRatis.java:handleLeaderChangedNotification(762)) - Leader change notification received for group: group-9DF0888054AE with new leaderId: 668c5cee-c6dc-4a53-9204-5b2807b3c1a4
2020-06-24 17:10:59,872 [668c5cee-c6dc-4a53-9204-5b2807b3c1a4@group-9DF0888054AE-LeaderElection12] INFO  impl.RaftServerImpl (ServerState.java:setLeader(255)) - 668c5cee-c6dc-4a53-9204-5b2807b3c1a4@group-9DF0888054AE: change Leader from null to 668c5cee-c6dc-4a53-9204-5b2807b3c1a4 at term 1 for becomeLeader, leader elected after 5308ms
2020-06-24 17:10:59,872 [668c5cee-c6dc-4a53-9204-5b2807b3c1a4@group-9DF0888054AE-LeaderElection12] INFO  server.RaftServerConfigKeys (ConfUtils.java:logGet(44)) - raft.server.staging.catchup.gap = 1000 (default)
2020-06-24 17:10:59,872 [668c5cee-c6dc-4a53-9204-5b2807b3c1a4@group-9DF0888054AE-LeaderElection12] INFO  server.RaftServerConfigKeys (ConfUtils.java:logGet(44)) - raft.server.rpc.sleep.time = 25ms (default)
2020-06-24 17:10:59,872 [668c5cee-c6dc-4a53-9204-5b2807b3c1a4@group-9DF0888054AE-LeaderElection12] INFO  metrics.RatisMetrics (RatisMetrics.java:lambda$create$0(36)) - Creating Metrics Registry : ratis.log_appender.668c5cee-c6dc-4a53-9204-5b2807b3c1a4@group-9DF0888054AE
2020-06-24 17:10:59,872 [668c5cee-c6dc-4a53-9204-5b2807b3c1a4@group-9DF0888054AE-LeaderElection12] INFO  server.RaftServerConfigKeys (ConfUtils.java:logGet(44)) - raft.server.write.element-limit = 1024 (custom)
2020-06-24 17:10:59,872 [668c5cee-c6dc-4a53-9204-5b2807b3c1a4@group-9DF0888054AE-LeaderElection12] INFO  server.RaftServerConfigKeys (ConfUtils.java:logGet(44)) - raft.server.write.byte-limit = 1073741824 (custom)
2020-06-24 17:10:59,873 [668c5cee-c6dc-4a53-9204-5b2807b3c1a4@group-9DF0888054AE-LeaderElection12] INFO  server.RaftServerConfigKeys (ConfUtils.java:logGet(44)) - raft.server.watch.timeout = 180s (custom)
2020-06-24 17:10:59,873 [668c5cee-c6dc-4a53-9204-5b2807b3c1a4@group-9DF0888054AE-LeaderElection12] INFO  server.RaftServerConfigKeys (ConfUtils.java:logGet(44)) - raft.server.watch.timeout.denomination = 1s (default)
2020-06-24 17:10:59,873 [668c5cee-c6dc-4a53-9204-5b2807b3c1a4@group-9DF0888054AE-LeaderElection12] INFO  server.RaftServerConfigKeys (ConfUtils.java:logGet(44)) - raft.server.watch.element-limit = 65536 (default)
2020-06-24 17:10:59,873 [668c5cee-c6dc-4a53-9204-5b2807b3c1a4@group-9DF0888054AE-LeaderElection12] INFO  impl.RoleInfo (RoleInfo.java:updateAndGet(143)) - 668c5cee-c6dc-4a53-9204-5b2807b3c1a4: start LeaderState
2020-06-24 17:10:59,873 [668c5cee-c6dc-4a53-9204-5b2807b3c1a4@group-9DF0888054AE-LeaderElection12] INFO  segmented.SegmentedRaftLogWorker (SegmentedRaftLogWorker.java:startLogSegment(397)) - 668c5cee-c6dc-4a53-9204-5b2807b3c1a4@group-9DF0888054AE-SegmentedRaftLogWorker: Starting segment from index:0
2020-06-24 17:10:59,875 [668c5cee-c6dc-4a53-9204-5b2807b3c1a4@group-9DF0888054AE-SegmentedRaftLogWorker] INFO  segmented.SegmentedRaftLogWorker (SegmentedRaftLogWorker.java:execute(596)) - 668c5cee-c6dc-4a53-9204-5b2807b3c1a4@group-9DF0888054AE-SegmentedRaftLogWorker: created new log segment /github/workspace/mnt/ozone/hadoop-ozone/integration-test/target/test-dir/MiniOzoneClusterImpl-45b18ba1-9114-4b33-af64-cafa5396b779/datanode-7/data/ratis/bc6b6131-7aa8-4274-9b03-9df0888054ae/current/log_inprogress_0
2020-06-24 17:10:59,884 [668c5cee-c6dc-4a53-9204-5b2807b3c1a4@group-9DF0888054AE-LeaderElection12] INFO  impl.RaftServerImpl (ServerState.java:setRaftConf(356)) - 668c5cee-c6dc-4a53-9204-5b2807b3c1a4@group-9DF0888054AE: set configuration 0: [668c5cee-c6dc-4a53-9204-5b2807b3c1a4:172.17.0.2:35055], old=null at 0
2020-06-24 17:10:59,884 [22cc0f04-e09b-4cc9-bfb5-2feecdd2b0ba@group-DAF47B64BEDB-LeaderElection11] INFO  impl.LeaderElection (LeaderElection.java:askForVotes(206)) - 22cc0f04-e09b-4cc9-bfb5-2feecdd2b0ba@group-DAF47B64BEDB-LeaderElection11: begin an election at term 1 for -1: [22cc0f04-e09b-4cc9-bfb5-2feecdd2b0ba:172.17.0.2:38605], old=null
2020-06-24 17:10:59,885 [22cc0f04-e09b-4cc9-bfb5-2feecdd2b0ba@group-DAF47B64BEDB-LeaderElection11] INFO  impl.RoleInfo (RoleInfo.java:shutdownLeaderElection(134)) - 22cc0f04-e09b-4cc9-bfb5-2feecdd2b0ba: shutdown LeaderElection
2020-06-24 17:10:59,885 [22cc0f04-e09b-4cc9-bfb5-2feecdd2b0ba@group-DAF47B64BEDB-LeaderElection11] INFO  impl.RaftServerImpl (RaftServerImpl.java:setRole(175)) - 22cc0f04-e09b-4cc9-bfb5-2feecdd2b0ba@group-DAF47B64BEDB: changes role from CANDIDATE to LEADER at term 1 for changeToLeader
2020-06-24 17:10:59,885 [22cc0f04-e09b-4cc9-bfb5-2feecdd2b0ba@group-DAF47B64BEDB-LeaderElection11] INFO  ratis.XceiverServerRatis (XceiverServerRatis.java:handleLeaderChangedNotification(762)) - Leader change notification received for group: group-DAF47B64BEDB with new leaderId: 22cc0f04-e09b-4cc9-bfb5-2feecdd2b0ba
2020-06-24 17:10:59,885 [22cc0f04-e09b-4cc9-bfb5-2feecdd2b0ba@group-DAF47B64BEDB-LeaderElection11] INFO  impl.RaftServerImpl (ServerState.java:setLeader(255)) - 22cc0f04-e09b-4cc9-bfb5-2feecdd2b0ba@group-DAF47B64BEDB: change Leader from null to 22cc0f04-e09b-4cc9-bfb5-2feecdd2b0ba at term 1 for becomeLeader, leader elected after 5384ms
2020-06-24 17:10:59,885 [22cc0f04-e09b-4cc9-bfb5-2feecdd2b0ba@group-DAF47B64BEDB-LeaderElection11] INFO  server.RaftServerConfigKeys (ConfUtils.java:logGet(44)) - raft.server.staging.catchup.gap = 1000 (default)
2020-06-24 17:10:59,885 [22cc0f04-e09b-4cc9-bfb5-2feecdd2b0ba@group-DAF47B64BEDB-LeaderElection11] INFO  server.RaftServerConfigKeys (ConfUtils.java:logGet(44)) - raft.server.rpc.sleep.time = 25ms (default)
2020-06-24 17:10:59,885 [22cc0f04-e09b-4cc9-bfb5-2feecdd2b0ba@group-DAF47B64BEDB-LeaderElection11] INFO  metrics.RatisMetrics (RatisMetrics.java:lambda$create$0(36)) - Creating Metrics Registry : ratis.log_appender.22cc0f04-e09b-4cc9-bfb5-2feecdd2b0ba@group-DAF47B64BEDB
2020-06-24 17:10:59,885 [22cc0f04-e09b-4cc9-bfb5-2feecdd2b0ba@group-DAF47B64BEDB-LeaderElection11] INFO  server.RaftServerConfigKeys (ConfUtils.java:logGet(44)) - raft.server.write.element-limit = 1024 (custom)
2020-06-24 17:10:59,885 [22cc0f04-e09b-4cc9-bfb5-2feecdd2b0ba@group-DAF47B64BEDB-LeaderElection11] INFO  server.RaftServerConfigKeys (ConfUtils.java:logGet(44)) - raft.server.write.byte-limit = 1073741824 (custom)
2020-06-24 17:10:59,885 [22cc0f04-e09b-4cc9-bfb5-2feecdd2b0ba@group-DAF47B64BEDB-LeaderElection11] INFO  server.RaftServerConfigKeys (ConfUtils.java:logGet(44)) - raft.server.watch.timeout = 180s (custom)
2020-06-24 17:10:59,885 [22cc0f04-e09b-4cc9-bfb5-2feecdd2b0ba@group-DAF47B64BEDB-LeaderElection11] INFO  server.RaftServerConfigKeys (ConfUtils.java:logGet(44)) - raft.server.watch.timeout.denomination = 1s (default)
2020-06-24 17:10:59,886 [22cc0f04-e09b-4cc9-bfb5-2feecdd2b0ba@group-DAF47B64BEDB-LeaderElection11] INFO  server.RaftServerConfigKeys (ConfUtils.java:logGet(44)) - raft.server.watch.element-limit = 65536 (default)
2020-06-24 17:10:59,886 [22cc0f04-e09b-4cc9-bfb5-2feecdd2b0ba@group-DAF47B64BEDB-LeaderElection11] INFO  impl.RoleInfo (RoleInfo.java:updateAndGet(143)) - 22cc0f04-e09b-4cc9-bfb5-2feecdd2b0ba: start LeaderState
2020-06-24 17:10:59,886 [22cc0f04-e09b-4cc9-bfb5-2feecdd2b0ba@group-DAF47B64BEDB-LeaderElection11] INFO  segmented.SegmentedRaftLogWorker (SegmentedRaftLogWorker.java:startLogSegment(397)) - 22cc0f04-e09b-4cc9-bfb5-2feecdd2b0ba@group-DAF47B64BEDB-SegmentedRaftLogWorker: Starting segment from index:0
2020-06-24 17:10:59,888 [22cc0f04-e09b-4cc9-bfb5-2feecdd2b0ba@group-DAF47B64BEDB-SegmentedRaftLogWorker] INFO  segmented.SegmentedRaftLogWorker (SegmentedRaftLogWorker.java:execute(596)) - 22cc0f04-e09b-4cc9-bfb5-2feecdd2b0ba@group-DAF47B64BEDB-SegmentedRaftLogWorker: created new log segment /github/workspace/mnt/ozone/hadoop-ozone/integration-test/target/test-dir/MiniOzoneClusterImpl-45b18ba1-9114-4b33-af64-cafa5396b779/datanode-6/data/ratis/7808b268-e1c2-400c-9d9d-daf47b64bedb/current/log_inprogress_0
2020-06-24 17:10:59,893 [Thread-303] INFO  impl.FollowerState (FollowerState.java:run(108)) - fa89d047-e78b-443f-9362-d24b5ddcd122@group-468D40CD44E3-FollowerState: change to CANDIDATE, lastRpcTime:5192ms, electionTimeout:5190ms
2020-06-24 17:10:59,893 [Thread-303] INFO  impl.RoleInfo (RoleInfo.java:shutdownFollowerState(121)) - fa89d047-e78b-443f-9362-d24b5ddcd122: shutdown FollowerState
2020-06-24 17:10:59,893 [Thread-303] INFO  impl.RaftServerImpl (RaftServerImpl.java:setRole(175)) - fa89d047-e78b-443f-9362-d24b5ddcd122@group-468D40CD44E3: changes role from  FOLLOWER to CANDIDATE at term 0 for changeToCandidate
2020-06-24 17:10:59,893 [22cc0f04-e09b-4cc9-bfb5-2feecdd2b0ba@group-DAF47B64BEDB-LeaderElection11] INFO  impl.RaftServerImpl (ServerState.java:setRaftConf(356)) - 22cc0f04-e09b-4cc9-bfb5-2feecdd2b0ba@group-DAF47B64BEDB: set configuration 0: [22cc0f04-e09b-4cc9-bfb5-2feecdd2b0ba:172.17.0.2:38605], old=null at 0
2020-06-24 17:10:59,894 [668c5cee-c6dc-4a53-9204-5b2807b3c1a4@group-A2D9F502AB5E-LeaderElection13] INFO  impl.LeaderElection (LeaderElection.java:askForVotes(206)) - 668c5cee-c6dc-4a53-9204-5b2807b3c1a4@group-A2D9F502AB5E-LeaderElection13: begin an election at term 1 for -1: [6a2617bd-0d1c-4683-92c9-d4932b3f2669:172.17.0.2:36409, 22cc0f04-e09b-4cc9-bfb5-2feecdd2b0ba:172.17.0.2:38605, 668c5cee-c6dc-4a53-9204-5b2807b3c1a4:172.17.0.2:35055], old=null
2020-06-24 17:10:59,894 [Thread-303] INFO  impl.RoleInfo (RoleInfo.java:updateAndGet(143)) - fa89d047-e78b-443f-9362-d24b5ddcd122: start LeaderElection
2020-06-24 17:10:59,896 [grpc-default-executor-2] INFO  impl.RaftServerImpl (ServerState.java:setRaftConf(356)) - afb85034-fb37-497e-9144-3e9dc86fd25a@group-FDFCEAAEB032: set configuration 0: [afb85034-fb37-497e-9144-3e9dc86fd25a:172.17.0.2:35489, 2b7adba8-1059-44f9-97bc-2868c192e760:172.17.0.2:35263, b668f7d5-a6b7-44bf-8278-608be9500c84:172.17.0.2:41691], old=null at 0
2020-06-24 17:10:59,896 [grpc-default-executor-2] INFO  segmented.SegmentedRaftLogWorker (SegmentedRaftLogWorker.java:startLogSegment(397)) - afb85034-fb37-497e-9144-3e9dc86fd25a@group-FDFCEAAEB032-SegmentedRaftLogWorker: Starting segment from index:0
2020-06-24 17:10:59,903 [Thread-305] INFO  impl.FollowerState (FollowerState.java:run(108)) - 6a2617bd-0d1c-4683-92c9-d4932b3f2669@group-A2D9F502AB5E-FollowerState: change to CANDIDATE, lastRpcTime:5162ms, electionTimeout:5162ms
2020-06-24 17:10:59,904 [Thread-305] INFO  impl.RoleInfo (RoleInfo.java:shutdownFollowerState(121)) - 6a2617bd-0d1c-4683-92c9-d4932b3f2669: shutdown FollowerState
2020-06-24 17:10:59,904 [Thread-305] INFO  impl.RaftServerImpl (RaftServerImpl.java:setRole(175)) - 6a2617bd-0d1c-4683-92c9-d4932b3f2669@group-A2D9F502AB5E: changes role from  FOLLOWER to CANDIDATE at term 0 for changeToCandidate
2020-06-24 17:10:59,904 [Thread-305] INFO  impl.RoleInfo (RoleInfo.java:updateAndGet(143)) - 6a2617bd-0d1c-4683-92c9-d4932b3f2669: start LeaderElection
2020-06-24 17:10:59,908 [2b7adba8-1059-44f9-97bc-2868c192e760@group-FDFCEAAEB032-SegmentedRaftLogWorker] INFO  segmented.SegmentedRaftLogWorker (SegmentedRaftLogWorker.java:execute(596)) - 2b7adba8-1059-44f9-97bc-2868c192e760@group-FDFCEAAEB032-SegmentedRaftLogWorker: created new log segment /github/workspace/mnt/ozone/hadoop-ozone/integration-test/target/test-dir/MiniOzoneClusterImpl-45b18ba1-9114-4b33-af64-cafa5396b779/datanode-4/data/ratis/7913204f-831d-4a06-a975-fdfceaaeb032/current/log_inprogress_0
2020-06-24 17:10:59,949 [afb85034-fb37-497e-9144-3e9dc86fd25a@group-FDFCEAAEB032-SegmentedRaftLogWorker] INFO  segmented.SegmentedRaftLogWorker (SegmentedRaftLogWorker.java:execute(596)) - afb85034-fb37-497e-9144-3e9dc86fd25a@group-FDFCEAAEB032-SegmentedRaftLogWorker: created new log segment /github/workspace/mnt/ozone/hadoop-ozone/integration-test/target/test-dir/MiniOzoneClusterImpl-45b18ba1-9114-4b33-af64-cafa5396b779/datanode-5/data/ratis/7913204f-831d-4a06-a975-fdfceaaeb032/current/log_inprogress_0
2020-06-24 17:10:59,965 [6a2617bd-0d1c-4683-92c9-d4932b3f2669@group-A2D9F502AB5E-LeaderElection16] INFO  impl.LeaderElection (LeaderElection.java:askForVotes(206)) - 6a2617bd-0d1c-4683-92c9-d4932b3f2669@group-A2D9F502AB5E-LeaderElection16: begin an election at term 1 for -1: [6a2617bd-0d1c-4683-92c9-d4932b3f2669:172.17.0.2:36409, 22cc0f04-e09b-4cc9-bfb5-2feecdd2b0ba:172.17.0.2:38605, 668c5cee-c6dc-4a53-9204-5b2807b3c1a4:172.17.0.2:35055], old=null
2020-06-24 17:10:59,985 [668c5cee-c6dc-4a53-9204-5b2807b3c1a4@group-A2D9F502AB5E-LeaderElection13] INFO  impl.LeaderElection (LeaderElection.java:logAndReturn(61)) - 668c5cee-c6dc-4a53-9204-5b2807b3c1a4@group-A2D9F502AB5E-LeaderElection13: Election REJECTED; received 2 response(s) [668c5cee-c6dc-4a53-9204-5b2807b3c1a4<-22cc0f04-e09b-4cc9-bfb5-2feecdd2b0ba#0:FAIL-t1, 668c5cee-c6dc-4a53-9204-5b2807b3c1a4<-6a2617bd-0d1c-4683-92c9-d4932b3f2669#0:FAIL-t1] and 0 exception(s); 668c5cee-c6dc-4a53-9204-5b2807b3c1a4@group-A2D9F502AB5E:t1, leader=null, voted=668c5cee-c6dc-4a53-9204-5b2807b3c1a4, raftlog=668c5cee-c6dc-4a53-9204-5b2807b3c1a4@group-A2D9F502AB5E-SegmentedRaftLog:OPENED:c-1,f-1,i0, conf=-1: [6a2617bd-0d1c-4683-92c9-d4932b3f2669:172.17.0.2:36409, 22cc0f04-e09b-4cc9-bfb5-2feecdd2b0ba:172.17.0.2:38605, 668c5cee-c6dc-4a53-9204-5b2807b3c1a4:172.17.0.2:35055], old=null
2020-06-24 17:10:59,986 [668c5cee-c6dc-4a53-9204-5b2807b3c1a4@group-A2D9F502AB5E-LeaderElection13] INFO  impl.RaftServerImpl (RaftServerImpl.java:setRole(175)) - 668c5cee-c6dc-4a53-9204-5b2807b3c1a4@group-A2D9F502AB5E: changes role from CANDIDATE to FOLLOWER at term 1 for DISCOVERED_A_NEW_TERM
2020-06-24 17:10:59,986 [668c5cee-c6dc-4a53-9204-5b2807b3c1a4@group-A2D9F502AB5E-LeaderElection13] INFO  impl.RoleInfo (RoleInfo.java:shutdownLeaderElection(134)) - 668c5cee-c6dc-4a53-9204-5b2807b3c1a4: shutdown LeaderElection
2020-06-24 17:10:59,986 [668c5cee-c6dc-4a53-9204-5b2807b3c1a4@group-A2D9F502AB5E-LeaderElection13] INFO  impl.RoleInfo (RoleInfo.java:updateAndGet(143)) - 668c5cee-c6dc-4a53-9204-5b2807b3c1a4: start FollowerState
2020-06-24 17:10:59,990 [fa89d047-e78b-443f-9362-d24b5ddcd122@group-468D40CD44E3-LeaderElection15] INFO  impl.LeaderElection (LeaderElection.java:askForVotes(206)) - fa89d047-e78b-443f-9362-d24b5ddcd122@group-468D40CD44E3-LeaderElection15: begin an election at term 1 for -1: [fa89d047-e78b-443f-9362-d24b5ddcd122:172.17.0.2:36271], old=null
2020-06-24 17:10:59,991 [fa89d047-e78b-443f-9362-d24b5ddcd122@group-468D40CD44E3-LeaderElection15] INFO  impl.RoleInfo (RoleInfo.java:shutdownLeaderElection(134)) - fa89d047-e78b-443f-9362-d24b5ddcd122: shutdown LeaderElection
2020-06-24 17:10:59,992 [fa89d047-e78b-443f-9362-d24b5ddcd122@group-468D40CD44E3-LeaderElection15] INFO  impl.RaftServerImpl (RaftServerImpl.java:setRole(175)) - fa89d047-e78b-443f-9362-d24b5ddcd122@group-468D40CD44E3: changes role from CANDIDATE to LEADER at term 1 for changeToLeader
2020-06-24 17:10:59,992 [fa89d047-e78b-443f-9362-d24b5ddcd122@group-468D40CD44E3-LeaderElection15] INFO  ratis.XceiverServerRatis (XceiverServerRatis.java:handleLeaderChangedNotification(762)) - Leader change notification received for group: group-468D40CD44E3 with new leaderId: fa89d047-e78b-443f-9362-d24b5ddcd122
2020-06-24 17:10:59,992 [fa89d047-e78b-443f-9362-d24b5ddcd122@group-468D40CD44E3-LeaderElection15] INFO  impl.RaftServerImpl (ServerState.java:setLeader(255)) - fa89d047-e78b-443f-9362-d24b5ddcd122@group-468D40CD44E3: change Leader from null to fa89d047-e78b-443f-9362-d24b5ddcd122 at term 1 for becomeLeader, leader elected after 5303ms
2020-06-24 17:10:59,992 [fa89d047-e78b-443f-9362-d24b5ddcd122@group-468D40CD44E3-LeaderElection15] INFO  server.RaftServerConfigKeys (ConfUtils.java:logGet(44)) - raft.server.staging.catchup.gap = 1000 (default)
2020-06-24 17:10:59,992 [fa89d047-e78b-443f-9362-d24b5ddcd122@group-468D40CD44E3-LeaderElection15] INFO  server.RaftServerConfigKeys (ConfUtils.java:logGet(44)) - raft.server.rpc.sleep.time = 25ms (default)
2020-06-24 17:10:59,992 [fa89d047-e78b-443f-9362-d24b5ddcd122@group-468D40CD44E3-LeaderElection15] INFO  metrics.RatisMetrics (RatisMetrics.java:lambda$create$0(36)) - Creating Metrics Registry : ratis.log_appender.fa89d047-e78b-443f-9362-d24b5ddcd122@group-468D40CD44E3
2020-06-24 17:10:59,992 [fa89d047-e78b-443f-9362-d24b5ddcd122@group-468D40CD44E3-LeaderElection15] INFO  server.RaftServerConfigKeys (ConfUtils.java:logGet(44)) - raft.server.write.element-limit = 1024 (custom)
2020-06-24 17:10:59,992 [fa89d047-e78b-443f-9362-d24b5ddcd122@group-468D40CD44E3-LeaderElection15] INFO  server.RaftServerConfigKeys (ConfUtils.java:logGet(44)) - raft.server.write.byte-limit = 1073741824 (custom)
2020-06-24 17:10:59,992 [fa89d047-e78b-443f-9362-d24b5ddcd122@group-468D40CD44E3-LeaderElection15] INFO  server.RaftServerConfigKeys (ConfUtils.java:logGet(44)) - raft.server.watch.timeout = 180s (custom)
2020-06-24 17:10:59,993 [fa89d047-e78b-443f-9362-d24b5ddcd122@group-468D40CD44E3-LeaderElection15] INFO  server.RaftServerConfigKeys (ConfUtils.java:logGet(44)) - raft.server.watch.timeout.denomination = 1s (default)
2020-06-24 17:10:59,993 [fa89d047-e78b-443f-9362-d24b5ddcd122@group-468D40CD44E3-LeaderElection15] INFO  server.RaftServerConfigKeys (ConfUtils.java:logGet(44)) - raft.server.watch.element-limit = 65536 (default)
2020-06-24 17:10:59,993 [fa89d047-e78b-443f-9362-d24b5ddcd122@group-468D40CD44E3-LeaderElection15] INFO  impl.RoleInfo (RoleInfo.java:updateAndGet(143)) - fa89d047-e78b-443f-9362-d24b5ddcd122: start LeaderState
2020-06-24 17:10:59,993 [22cc0f04-e09b-4cc9-bfb5-2feecdd2b0ba@group-A2D9F502AB5E-LeaderElection14] INFO  impl.LeaderElection (LeaderElection.java:logAndReturn(61)) - 22cc0f04-e09b-4cc9-bfb5-2feecdd2b0ba@group-A2D9F502AB5E-LeaderElection14: Election REJECTED; received 2 response(s) [22cc0f04-e09b-4cc9-bfb5-2feecdd2b0ba<-6a2617bd-0d1c-4683-92c9-d4932b3f2669#0:FAIL-t1, 22cc0f04-e09b-4cc9-bfb5-2feecdd2b0ba<-668c5cee-c6dc-4a53-9204-5b2807b3c1a4#0:FAIL-t1] and 0 exception(s); 22cc0f04-e09b-4cc9-bfb5-2feecdd2b0ba@group-A2D9F502AB5E:t1, leader=null, voted=22cc0f04-e09b-4cc9-bfb5-2feecdd2b0ba, raftlog=22cc0f04-e09b-4cc9-bfb5-2feecdd2b0ba@group-A2D9F502AB5E-SegmentedRaftLog:OPENED:c-1,f-1,i0, conf=-1: [6a2617bd-0d1c-4683-92c9-d4932b3f2669:172.17.0.2:36409, 22cc0f04-e09b-4cc9-bfb5-2feecdd2b0ba:172.17.0.2:38605, 668c5cee-c6dc-4a53-9204-5b2807b3c1a4:172.17.0.2:35055], old=null
2020-06-24 17:10:59,993 [22cc0f04-e09b-4cc9-bfb5-2feecdd2b0ba@group-A2D9F502AB5E-LeaderElection14] INFO  impl.RaftServerImpl (RaftServerImpl.java:setRole(175)) - 22cc0f04-e09b-4cc9-bfb5-2feecdd2b0ba@group-A2D9F502AB5E: changes role from CANDIDATE to FOLLOWER at term 1 for DISCOVERED_A_NEW_TERM
2020-06-24 17:10:59,993 [22cc0f04-e09b-4cc9-bfb5-2feecdd2b0ba@group-A2D9F502AB5E-LeaderElection14] INFO  impl.RoleInfo (RoleInfo.java:shutdownLeaderElection(134)) - 22cc0f04-e09b-4cc9-bfb5-2feecdd2b0ba: shutdown LeaderElection
2020-06-24 17:10:59,993 [22cc0f04-e09b-4cc9-bfb5-2feecdd2b0ba@group-A2D9F502AB5E-LeaderElection14] INFO  impl.RoleInfo (RoleInfo.java:updateAndGet(143)) - 22cc0f04-e09b-4cc9-bfb5-2feecdd2b0ba: start FollowerState
2020-06-24 17:10:59,995 [fa89d047-e78b-443f-9362-d24b5ddcd122@group-468D40CD44E3-LeaderElection15] INFO  segmented.SegmentedRaftLogWorker (SegmentedRaftLogWorker.java:startLogSegment(397)) - fa89d047-e78b-443f-9362-d24b5ddcd122@group-468D40CD44E3-SegmentedRaftLogWorker: Starting segment from index:0
2020-06-24 17:11:00,005 [fa89d047-e78b-443f-9362-d24b5ddcd122@group-468D40CD44E3-LeaderElection15] INFO  impl.RaftServerImpl (ServerState.java:setRaftConf(356)) - fa89d047-e78b-443f-9362-d24b5ddcd122@group-468D40CD44E3: set configuration 0: [fa89d047-e78b-443f-9362-d24b5ddcd122:172.17.0.2:36271], old=null at 0
2020-06-24 17:11:00,010 [fa89d047-e78b-443f-9362-d24b5ddcd122@group-468D40CD44E3-SegmentedRaftLogWorker] INFO  segmented.SegmentedRaftLogWorker (SegmentedRaftLogWorker.java:execute(596)) - fa89d047-e78b-443f-9362-d24b5ddcd122@group-468D40CD44E3-SegmentedRaftLogWorker: created new log segment /github/workspace/mnt/ozone/hadoop-ozone/integration-test/target/test-dir/MiniOzoneClusterImpl-45b18ba1-9114-4b33-af64-cafa5396b779/datanode-9/data/ratis/50159378-f011-43c6-893d-468d40cd44e3/current/log_inprogress_0
2020-06-24 17:11:00,026 [6a2617bd-0d1c-4683-92c9-d4932b3f2669@group-A2D9F502AB5E-LeaderElection16] INFO  impl.LeaderElection (LeaderElection.java:logAndReturn(61)) - 6a2617bd-0d1c-4683-92c9-d4932b3f2669@group-A2D9F502AB5E-LeaderElection16: Election REJECTED; received 2 response(s) [6a2617bd-0d1c-4683-92c9-d4932b3f2669<-22cc0f04-e09b-4cc9-bfb5-2feecdd2b0ba#0:FAIL-t1, 6a2617bd-0d1c-4683-92c9-d4932b3f2669<-668c5cee-c6dc-4a53-9204-5b2807b3c1a4#0:FAIL-t1] and 0 exception(s); 6a2617bd-0d1c-4683-92c9-d4932b3f2669@group-A2D9F502AB5E:t1, leader=null, voted=6a2617bd-0d1c-4683-92c9-d4932b3f2669, raftlog=6a2617bd-0d1c-4683-92c9-d4932b3f2669@group-A2D9F502AB5E-SegmentedRaftLog:OPENED:c-1,f-1,i0, conf=-1: [6a2617bd-0d1c-4683-92c9-d4932b3f2669:172.17.0.2:36409, 22cc0f04-e09b-4cc9-bfb5-2feecdd2b0ba:172.17.0.2:38605, 668c5cee-c6dc-4a53-9204-5b2807b3c1a4:172.17.0.2:35055], old=null
2020-06-24 17:11:00,026 [6a2617bd-0d1c-4683-92c9-d4932b3f2669@group-A2D9F502AB5E-LeaderElection16] INFO  impl.RaftServerImpl (RaftServerImpl.java:setRole(175)) - 6a2617bd-0d1c-4683-92c9-d4932b3f2669@group-A2D9F502AB5E: changes role from CANDIDATE to FOLLOWER at term 1 for DISCOVERED_A_NEW_TERM
2020-06-24 17:11:00,026 [6a2617bd-0d1c-4683-92c9-d4932b3f2669@group-A2D9F502AB5E-LeaderElection16] INFO  impl.RoleInfo (RoleInfo.java:shutdownLeaderElection(134)) - 6a2617bd-0d1c-4683-92c9-d4932b3f2669: shutdown LeaderElection
2020-06-24 17:11:00,026 [6a2617bd-0d1c-4683-92c9-d4932b3f2669@group-A2D9F502AB5E-LeaderElection16] INFO  impl.RoleInfo (RoleInfo.java:updateAndGet(143)) - 6a2617bd-0d1c-4683-92c9-d4932b3f2669: start FollowerState
2020-06-24 17:11:00,386 [Listener at 127.0.0.1/39213] INFO  rpc.RpcClient (RpcClient.java:createVolume(310)) - Creating Volume: test, with jenkins1001 as owner.
2020-06-24 17:11:00,449 [IPC Server handler 1 on default port 39213] INFO  volume.OMVolumeCreateRequest (OMVolumeCreateRequest.java:validateAndUpdateCache(204)) - created volume:test for user:jenkins1001
2020-06-24 17:11:00,466 [Listener at 127.0.0.1/39213] INFO  rpc.RpcClient (RpcClient.java:createBucket(450)) - Creating Bucket: test/test, with Versioning false and Storage Type set to DISK and Encryption set to false 
2020-06-24 17:11:00,594 [Listener at 127.0.0.1/39213] INFO  impl.MetricsSystemImpl (MetricsSystemImpl.java:init(158)) - XceiverClientMetrics metrics system started (again)
2020-06-24 17:11:02,485 [EventQueue-Delayed safe mode statusForReplicationManager] INFO  container.ReplicationManager (ReplicationManager.java:start(176)) - Starting Replication Monitor Thread.
2020-06-24 17:11:02,489 [ReplicationMonitor] INFO  container.ReplicationManager (ReplicationManager.java:run(240)) - Replication Monitor Thread took 4 milliseconds for processing 1 containers.
2020-06-24 17:11:02,489 [EventQueue-CloseContainerForCloseContainerEventHandler] INFO  container.CloseContainerEventHandler (CloseContainerEventHandler.java:onMessage(61)) - Close container Event triggered for container : #1
2020-06-24 17:11:04,478 [Thread-333] INFO  impl.FollowerState (FollowerState.java:run(108)) - abd1f0dd-6a7c-459f-aa66-bfbee4a0afa9@group-18B92834D587-FollowerState: change to CANDIDATE, lastRpcTime:5072ms, electionTimeout:5068ms
2020-06-24 17:11:04,479 [Thread-333] INFO  impl.RoleInfo (RoleInfo.java:shutdownFollowerState(121)) - abd1f0dd-6a7c-459f-aa66-bfbee4a0afa9: shutdown FollowerState
2020-06-24 17:11:04,479 [Thread-333] INFO  impl.RaftServerImpl (RaftServerImpl.java:setRole(175)) - abd1f0dd-6a7c-459f-aa66-bfbee4a0afa9@group-18B92834D587: changes role from  FOLLOWER to CANDIDATE at term 2 for changeToCandidate
2020-06-24 17:11:04,479 [Thread-333] INFO  impl.RoleInfo (RoleInfo.java:updateAndGet(143)) - abd1f0dd-6a7c-459f-aa66-bfbee4a0afa9: start LeaderElection
2020-06-24 17:11:04,480 [Command processor thread] ERROR commandhandler.CloseContainerCommandHandler (CloseContainerCommandHandler.java:handle(85)) - Container #1 does not exist in datanode. Container close failed.
2020-06-24 17:11:04,481 [abd1f0dd-6a7c-459f-aa66-bfbee4a0afa9@group-18B92834D587-LeaderElection17] INFO  impl.LeaderElection (LeaderElection.java:askForVotes(206)) - abd1f0dd-6a7c-459f-aa66-bfbee4a0afa9@group-18B92834D587-LeaderElection17: begin an election at term 3 for -1: [a7ff2e02-4aae-4e37-b42b-37dd0693648b:172.17.0.2:34743, 901834b2-99ef-48e6-a81c-aba752cc936b:172.17.0.2:37855, abd1f0dd-6a7c-459f-aa66-bfbee4a0afa9:172.17.0.2:39925], old=null
2020-06-24 17:11:04,490 [grpc-default-executor-4] INFO  impl.RaftServerImpl (RaftServerImpl.java:setRole(175)) - 901834b2-99ef-48e6-a81c-aba752cc936b@group-18B92834D587: changes role from  FOLLOWER to FOLLOWER at term 3 for recognizeCandidate:abd1f0dd-6a7c-459f-aa66-bfbee4a0afa9
2020-06-24 17:11:04,490 [grpc-default-executor-4] INFO  impl.RoleInfo (RoleInfo.java:shutdownFollowerState(121)) - 901834b2-99ef-48e6-a81c-aba752cc936b: shutdown FollowerState
2020-06-24 17:11:04,490 [grpc-default-executor-4] INFO  impl.RoleInfo (RoleInfo.java:updateAndGet(143)) - 901834b2-99ef-48e6-a81c-aba752cc936b: start FollowerState
2020-06-24 17:11:04,490 [grpc-default-executor-8] INFO  impl.RaftServerImpl (RaftServerImpl.java:setRole(175)) - a7ff2e02-4aae-4e37-b42b-37dd0693648b@group-18B92834D587: changes role from  FOLLOWER to FOLLOWER at term 3 for recognizeCandidate:abd1f0dd-6a7c-459f-aa66-bfbee4a0afa9
2020-06-24 17:11:04,490 [grpc-default-executor-8] INFO  impl.RoleInfo (RoleInfo.java:shutdownFollowerState(121)) - a7ff2e02-4aae-4e37-b42b-37dd0693648b: shutdown FollowerState
2020-06-24 17:11:04,491 [grpc-default-executor-8] INFO  impl.RoleInfo (RoleInfo.java:updateAndGet(143)) - a7ff2e02-4aae-4e37-b42b-37dd0693648b: start FollowerState
2020-06-24 17:11:04,490 [Thread-352] INFO  impl.FollowerState (FollowerState.java:run(117)) - 901834b2-99ef-48e6-a81c-aba752cc936b@group-18B92834D587-FollowerState was interrupted: java.lang.InterruptedException: sleep interrupted
2020-06-24 17:11:04,491 [Thread-339] INFO  impl.FollowerState (FollowerState.java:run(117)) - a7ff2e02-4aae-4e37-b42b-37dd0693648b@group-18B92834D587-FollowerState was interrupted: java.lang.InterruptedException: sleep interrupted
2020-06-24 17:11:04,496 [abd1f0dd-6a7c-459f-aa66-bfbee4a0afa9@group-18B92834D587-LeaderElection17] INFO  impl.LeaderElection (LeaderElection.java:logAndReturn(61)) - abd1f0dd-6a7c-459f-aa66-bfbee4a0afa9@group-18B92834D587-LeaderElection17: Election PASSED; received 2 response(s) [abd1f0dd-6a7c-459f-aa66-bfbee4a0afa9<-a7ff2e02-4aae-4e37-b42b-37dd0693648b#0:OK-t3, abd1f0dd-6a7c-459f-aa66-bfbee4a0afa9<-901834b2-99ef-48e6-a81c-aba752cc936b#0:FAIL-t3] and 0 exception(s); abd1f0dd-6a7c-459f-aa66-bfbee4a0afa9@group-18B92834D587:t3, leader=null, voted=abd1f0dd-6a7c-459f-aa66-bfbee4a0afa9, raftlog=abd1f0dd-6a7c-459f-aa66-bfbee4a0afa9@group-18B92834D587-SegmentedRaftLog:OPENED:c-1,f-1,i0, conf=-1: [a7ff2e02-4aae-4e37-b42b-37dd0693648b:172.17.0.2:34743, 901834b2-99ef-48e6-a81c-aba752cc936b:172.17.0.2:37855, abd1f0dd-6a7c-459f-aa66-bfbee4a0afa9:172.17.0.2:39925], old=null
2020-06-24 17:11:04,496 [abd1f0dd-6a7c-459f-aa66-bfbee4a0afa9@group-18B92834D587-LeaderElection17] INFO  impl.RoleInfo (RoleInfo.java:shutdownLeaderElection(134)) - abd1f0dd-6a7c-459f-aa66-bfbee4a0afa9: shutdown LeaderElection
2020-06-24 17:11:04,496 [abd1f0dd-6a7c-459f-aa66-bfbee4a0afa9@group-18B92834D587-LeaderElection17] INFO  impl.RaftServerImpl (RaftServerImpl.java:setRole(175)) - abd1f0dd-6a7c-459f-aa66-bfbee4a0afa9@group-18B92834D587: changes role from CANDIDATE to LEADER at term 3 for changeToLeader
2020-06-24 17:11:04,496 [abd1f0dd-6a7c-459f-aa66-bfbee4a0afa9@group-18B92834D587-LeaderElection17] INFO  ratis.XceiverServerRatis (XceiverServerRatis.java:handleLeaderChangedNotification(762)) - Leader change notification received for group: group-18B92834D587 with new leaderId: abd1f0dd-6a7c-459f-aa66-bfbee4a0afa9
2020-06-24 17:11:04,496 [abd1f0dd-6a7c-459f-aa66-bfbee4a0afa9@group-18B92834D587-LeaderElection17] INFO  impl.RaftServerImpl (ServerState.java:setLeader(255)) - abd1f0dd-6a7c-459f-aa66-bfbee4a0afa9@group-18B92834D587: change Leader from null to abd1f0dd-6a7c-459f-aa66-bfbee4a0afa9 at term 3 for becomeLeader, leader elected after 10329ms
2020-06-24 17:11:04,496 [abd1f0dd-6a7c-459f-aa66-bfbee4a0afa9@group-18B92834D587-LeaderElection17] INFO  server.RaftServerConfigKeys (ConfUtils.java:logGet(44)) - raft.server.staging.catchup.gap = 1000 (default)
2020-06-24 17:11:04,497 [abd1f0dd-6a7c-459f-aa66-bfbee4a0afa9@group-18B92834D587-LeaderElection17] INFO  server.RaftServerConfigKeys (ConfUtils.java:logGet(44)) - raft.server.rpc.sleep.time = 25ms (default)
2020-06-24 17:11:04,497 [abd1f0dd-6a7c-459f-aa66-bfbee4a0afa9@group-18B92834D587-LeaderElection17] INFO  metrics.RatisMetrics (RatisMetrics.java:lambda$create$0(36)) - Creating Metrics Registry : ratis.log_appender.abd1f0dd-6a7c-459f-aa66-bfbee4a0afa9@group-18B92834D587
2020-06-24 17:11:04,497 [abd1f0dd-6a7c-459f-aa66-bfbee4a0afa9@group-18B92834D587-LeaderElection17] INFO  server.RaftServerConfigKeys (ConfUtils.java:logGet(44)) - raft.server.write.element-limit = 1024 (custom)
2020-06-24 17:11:04,497 [abd1f0dd-6a7c-459f-aa66-bfbee4a0afa9@group-18B92834D587-LeaderElection17] INFO  server.RaftServerConfigKeys (ConfUtils.java:logGet(44)) - raft.server.write.byte-limit = 1073741824 (custom)
2020-06-24 17:11:04,497 [abd1f0dd-6a7c-459f-aa66-bfbee4a0afa9@group-18B92834D587-LeaderElection17] INFO  server.RaftServerConfigKeys (ConfUtils.java:logGet(44)) - raft.server.watch.timeout = 180s (custom)
2020-06-24 17:11:04,497 [abd1f0dd-6a7c-459f-aa66-bfbee4a0afa9@group-18B92834D587-LeaderElection17] INFO  server.RaftServerConfigKeys (ConfUtils.java:logGet(44)) - raft.server.watch.timeout.denomination = 1s (default)
2020-06-24 17:11:04,498 [abd1f0dd-6a7c-459f-aa66-bfbee4a0afa9@group-18B92834D587-LeaderElection17] INFO  server.RaftServerConfigKeys (ConfUtils.java:logGet(44)) - raft.server.watch.element-limit = 65536 (default)
2020-06-24 17:11:04,498 [abd1f0dd-6a7c-459f-aa66-bfbee4a0afa9@group-18B92834D587-LeaderElection17] INFO  server.RaftServerConfigKeys (ConfUtils.java:logGet(44)) - raft.server.log.appender.snapshot.chunk.size.max = 16MB (=16777216) (default)
2020-06-24 17:11:04,498 [abd1f0dd-6a7c-459f-aa66-bfbee4a0afa9@group-18B92834D587-LeaderElection17] INFO  server.RaftServerConfigKeys (ConfUtils.java:logGet(44)) - raft.server.log.appender.buffer.byte-limit = 33554432 (custom)
2020-06-24 17:11:04,498 [abd1f0dd-6a7c-459f-aa66-bfbee4a0afa9@group-18B92834D587-LeaderElection17] INFO  server.RaftServerConfigKeys (ConfUtils.java:logGet(44)) - raft.server.log.appender.buffer.element-limit = 1 (custom)
2020-06-24 17:11:04,498 [abd1f0dd-6a7c-459f-aa66-bfbee4a0afa9@group-18B92834D587-LeaderElection17] INFO  grpc.GrpcConfigKeys (ConfUtils.java:logGet(44)) - raft.grpc.server.leader.outstanding.appends.max = 128 (default)
2020-06-24 17:11:04,499 [abd1f0dd-6a7c-459f-aa66-bfbee4a0afa9@group-18B92834D587-LeaderElection17] INFO  server.RaftServerConfigKeys (ConfUtils.java:logGet(44)) - raft.server.rpc.request.timeout = 60s (custom)
2020-06-24 17:11:04,499 [abd1f0dd-6a7c-459f-aa66-bfbee4a0afa9@group-18B92834D587-LeaderElection17] INFO  server.RaftServerConfigKeys (ConfUtils.java:logGet(44)) - raft.server.log.appender.install.snapshot.enabled = false (custom)
2020-06-24 17:11:04,499 [abd1f0dd-6a7c-459f-aa66-bfbee4a0afa9@group-18B92834D587-LeaderElection17] INFO  metrics.RatisMetrics (RatisMetrics.java:lambda$create$0(36)) - Creating Metrics Registry : ratis_grpc.log_appender.abd1f0dd-6a7c-459f-aa66-bfbee4a0afa9@group-18B92834D587
2020-06-24 17:11:04,500 [abd1f0dd-6a7c-459f-aa66-bfbee4a0afa9@group-18B92834D587-LeaderElection17] INFO  server.RaftServerConfigKeys (ConfUtils.java:logGet(44)) - raft.server.log.appender.snapshot.chunk.size.max = 16MB (=16777216) (default)
2020-06-24 17:11:04,500 [abd1f0dd-6a7c-459f-aa66-bfbee4a0afa9@group-18B92834D587-LeaderElection17] INFO  server.RaftServerConfigKeys (ConfUtils.java:logGet(44)) - raft.server.log.appender.buffer.byte-limit = 33554432 (custom)
2020-06-24 17:11:04,502 [abd1f0dd-6a7c-459f-aa66-bfbee4a0afa9@group-18B92834D587-LeaderElection17] INFO  server.RaftServerConfigKeys (ConfUtils.java:logGet(44)) - raft.server.log.appender.buffer.element-limit = 1 (custom)
2020-06-24 17:11:04,502 [abd1f0dd-6a7c-459f-aa66-bfbee4a0afa9@group-18B92834D587-LeaderElection17] INFO  grpc.GrpcConfigKeys (ConfUtils.java:logGet(44)) - raft.grpc.server.leader.outstanding.appends.max = 128 (default)
2020-06-24 17:11:04,502 [abd1f0dd-6a7c-459f-aa66-bfbee4a0afa9@group-18B92834D587-LeaderElection17] INFO  server.RaftServerConfigKeys (ConfUtils.java:logGet(44)) - raft.server.rpc.request.timeout = 60s (custom)
2020-06-24 17:11:04,502 [abd1f0dd-6a7c-459f-aa66-bfbee4a0afa9@group-18B92834D587-LeaderElection17] INFO  server.RaftServerConfigKeys (ConfUtils.java:logGet(44)) - raft.server.log.appender.install.snapshot.enabled = false (custom)
2020-06-24 17:11:04,504 [abd1f0dd-6a7c-459f-aa66-bfbee4a0afa9@group-18B92834D587-LeaderElection17] INFO  impl.RoleInfo (RoleInfo.java:updateAndGet(143)) - abd1f0dd-6a7c-459f-aa66-bfbee4a0afa9: start LeaderState
2020-06-24 17:11:04,504 [abd1f0dd-6a7c-459f-aa66-bfbee4a0afa9@group-18B92834D587-LeaderElection17] INFO  segmented.SegmentedRaftLogWorker (SegmentedRaftLogWorker.java:startLogSegment(397)) - abd1f0dd-6a7c-459f-aa66-bfbee4a0afa9@group-18B92834D587-SegmentedRaftLogWorker: Starting segment from index:0
2020-06-24 17:11:04,506 [abd1f0dd-6a7c-459f-aa66-bfbee4a0afa9@group-18B92834D587-SegmentedRaftLogWorker] INFO  segmented.SegmentedRaftLogWorker (SegmentedRaftLogWorker.java:execute(596)) - abd1f0dd-6a7c-459f-aa66-bfbee4a0afa9@group-18B92834D587-SegmentedRaftLogWorker: created new log segment /github/workspace/mnt/ozone/hadoop-ozone/integration-test/target/test-dir/MiniOzoneClusterImpl-45b18ba1-9114-4b33-af64-cafa5396b779/datanode-1/data/ratis/64128139-cca4-47e5-bbfc-18b92834d587/current/log_inprogress_0
2020-06-24 17:11:04,513 [abd1f0dd-6a7c-459f-aa66-bfbee4a0afa9@group-18B92834D587-LeaderElection17] INFO  impl.RaftServerImpl (ServerState.java:setRaftConf(356)) - abd1f0dd-6a7c-459f-aa66-bfbee4a0afa9@group-18B92834D587: set configuration 0: [a7ff2e02-4aae-4e37-b42b-37dd0693648b:172.17.0.2:34743, 901834b2-99ef-48e6-a81c-aba752cc936b:172.17.0.2:37855, abd1f0dd-6a7c-459f-aa66-bfbee4a0afa9:172.17.0.2:39925], old=null at 0
2020-06-24 17:11:04,526 [grpc-default-executor-8] INFO  ratis.XceiverServerRatis (XceiverServerRatis.java:handleLeaderChangedNotification(762)) - Leader change notification received for group: group-18B92834D587 with new leaderId: abd1f0dd-6a7c-459f-aa66-bfbee4a0afa9
2020-06-24 17:11:04,526 [grpc-default-executor-8] INFO  impl.RaftServerImpl (ServerState.java:setLeader(255)) - a7ff2e02-4aae-4e37-b42b-37dd0693648b@group-18B92834D587: change Leader from null to abd1f0dd-6a7c-459f-aa66-bfbee4a0afa9 at term 3 for appendEntries, leader elected after 10193ms
2020-06-24 17:11:04,528 [grpc-default-executor-8] INFO  impl.RaftServerImpl (ServerState.java:setRaftConf(356)) - a7ff2e02-4aae-4e37-b42b-37dd0693648b@group-18B92834D587: set configuration 0: [a7ff2e02-4aae-4e37-b42b-37dd0693648b:172.17.0.2:34743, 901834b2-99ef-48e6-a81c-aba752cc936b:172.17.0.2:37855, abd1f0dd-6a7c-459f-aa66-bfbee4a0afa9:172.17.0.2:39925], old=null at 0
2020-06-24 17:11:04,529 [grpc-default-executor-8] INFO  segmented.SegmentedRaftLogWorker (SegmentedRaftLogWorker.java:startLogSegment(397)) - a7ff2e02-4aae-4e37-b42b-37dd0693648b@group-18B92834D587-SegmentedRaftLogWorker: Starting segment from index:0
2020-06-24 17:11:04,530 [grpc-default-executor-4] INFO  ratis.XceiverServerRatis (XceiverServerRatis.java:handleLeaderChangedNotification(762)) - Leader change notification received for group: group-18B92834D587 with new leaderId: abd1f0dd-6a7c-459f-aa66-bfbee4a0afa9
2020-06-24 17:11:04,531 [grpc-default-executor-4] INFO  impl.RaftServerImpl (ServerState.java:setLeader(255)) - 901834b2-99ef-48e6-a81c-aba752cc936b@group-18B92834D587: change Leader from null to abd1f0dd-6a7c-459f-aa66-bfbee4a0afa9 at term 3 for appendEntries, leader elected after 5010ms
2020-06-24 17:11:04,531 [a7ff2e02-4aae-4e37-b42b-37dd0693648b@group-18B92834D587-SegmentedRaftLogWorker] INFO  segmented.SegmentedRaftLogWorker (SegmentedRaftLogWorker.java:execute(596)) - a7ff2e02-4aae-4e37-b42b-37dd0693648b@group-18B92834D587-SegmentedRaftLogWorker: created new log segment /github/workspace/mnt/ozone/hadoop-ozone/integration-test/target/test-dir/MiniOzoneClusterImpl-45b18ba1-9114-4b33-af64-cafa5396b779/datanode-2/data/ratis/64128139-cca4-47e5-bbfc-18b92834d587/current/log_inprogress_0
2020-06-24 17:11:04,533 [grpc-default-executor-4] INFO  impl.RaftServerImpl (ServerState.java:setRaftConf(356)) - 901834b2-99ef-48e6-a81c-aba752cc936b@group-18B92834D587: set configuration 0: [a7ff2e02-4aae-4e37-b42b-37dd0693648b:172.17.0.2:34743, 901834b2-99ef-48e6-a81c-aba752cc936b:172.17.0.2:37855, abd1f0dd-6a7c-459f-aa66-bfbee4a0afa9:172.17.0.2:39925], old=null at 0
2020-06-24 17:11:04,536 [grpc-default-executor-4] INFO  segmented.SegmentedRaftLogWorker (SegmentedRaftLogWorker.java:truncate(413)) - 901834b2-99ef-48e6-a81c-aba752cc936b@group-18B92834D587-SegmentedRaftLogWorker: Truncating segments toTruncate: null
  toDelete: [(0, 0) isOpen? true, length=0, newEndIndex=-1], start index 0
2020-06-24 17:11:04,537 [grpc-default-executor-4] INFO  segmented.SegmentedRaftLogWorker (SegmentedRaftLogWorker.java:startLogSegment(397)) - 901834b2-99ef-48e6-a81c-aba752cc936b@group-18B92834D587-SegmentedRaftLogWorker: Starting segment from index:0
2020-06-24 17:11:04,538 [901834b2-99ef-48e6-a81c-aba752cc936b@group-18B92834D587-SegmentedRaftLogWorker] INFO  segmented.SegmentedRaftLogWorker (SegmentedRaftLogWorker.java:execute(663)) - 901834b2-99ef-48e6-a81c-aba752cc936b@group-18B92834D587-SegmentedRaftLogWorker: Deleted log file /github/workspace/mnt/ozone/hadoop-ozone/integration-test/target/test-dir/MiniOzoneClusterImpl-45b18ba1-9114-4b33-af64-cafa5396b779/datanode-0/data/ratis/64128139-cca4-47e5-bbfc-18b92834d587/current/log_inprogress_0
2020-06-24 17:11:04,538 [901834b2-99ef-48e6-a81c-aba752cc936b@group-18B92834D587-SegmentedRaftLogWorker] INFO  segmented.SegmentedRaftLogWorker (SegmentedRaftLogWorker.java:lambda$new$0(129)) - 901834b2-99ef-48e6-a81c-aba752cc936b@group-18B92834D587-SegmentedRaftLogWorker: flushIndex: setUnconditionally 0 -> -1
2020-06-24 17:11:04,538 [901834b2-99ef-48e6-a81c-aba752cc936b@group-18B92834D587-SegmentedRaftLogWorker] INFO  segmented.SegmentedRaftLogWorker (SegmentedRaftLogWorker.java:lambda$new$0(129)) - 901834b2-99ef-48e6-a81c-aba752cc936b@group-18B92834D587-SegmentedRaftLogWorker: safeCacheEvictIndex: setUnconditionally -1 -> -1
2020-06-24 17:11:04,539 [901834b2-99ef-48e6-a81c-aba752cc936b@group-18B92834D587-SegmentedRaftLogWorker] INFO  segmented.SegmentedRaftLogWorker (SegmentedRaftLogWorker.java:execute(596)) - 901834b2-99ef-48e6-a81c-aba752cc936b@group-18B92834D587-SegmentedRaftLogWorker: created new log segment /github/workspace/mnt/ozone/hadoop-ozone/integration-test/target/test-dir/MiniOzoneClusterImpl-45b18ba1-9114-4b33-af64-cafa5396b779/datanode-0/data/ratis/64128139-cca4-47e5-bbfc-18b92834d587/current/log_inprogress_0
2020-06-24 17:11:05,006 [Thread-379] INFO  impl.FollowerState (FollowerState.java:run(108)) - 668c5cee-c6dc-4a53-9204-5b2807b3c1a4@group-A2D9F502AB5E-FollowerState: change to CANDIDATE, lastRpcTime:5019ms, electionTimeout:5004ms
2020-06-24 17:11:05,006 [Thread-379] INFO  impl.RoleInfo (RoleInfo.java:shutdownFollowerState(121)) - 668c5cee-c6dc-4a53-9204-5b2807b3c1a4: shutdown FollowerState
2020-06-24 17:11:05,006 [Thread-379] INFO  impl.RaftServerImpl (RaftServerImpl.java:setRole(175)) - 668c5cee-c6dc-4a53-9204-5b2807b3c1a4@group-A2D9F502AB5E: changes role from  FOLLOWER to CANDIDATE at term 1 for changeToCandidate
2020-06-24 17:11:05,006 [Thread-379] INFO  impl.RoleInfo (RoleInfo.java:updateAndGet(143)) - 668c5cee-c6dc-4a53-9204-5b2807b3c1a4: start LeaderElection
2020-06-24 17:11:05,047 [668c5cee-c6dc-4a53-9204-5b2807b3c1a4@group-A2D9F502AB5E-LeaderElection18] INFO  impl.LeaderElection (LeaderElection.java:askForVotes(206)) - 668c5cee-c6dc-4a53-9204-5b2807b3c1a4@group-A2D9F502AB5E-LeaderElection18: begin an election at term 2 for -1: [6a2617bd-0d1c-4683-92c9-d4932b3f2669:172.17.0.2:36409, 22cc0f04-e09b-4cc9-bfb5-2feecdd2b0ba:172.17.0.2:38605, 668c5cee-c6dc-4a53-9204-5b2807b3c1a4:172.17.0.2:35055], old=null
2020-06-24 17:11:05,066 [grpc-default-executor-2] INFO  impl.RaftServerImpl (RaftServerImpl.java:setRole(175)) - 6a2617bd-0d1c-4683-92c9-d4932b3f2669@group-A2D9F502AB5E: changes role from  FOLLOWER to FOLLOWER at term 2 for recognizeCandidate:668c5cee-c6dc-4a53-9204-5b2807b3c1a4
2020-06-24 17:11:05,066 [grpc-default-executor-2] INFO  impl.RoleInfo (RoleInfo.java:shutdownFollowerState(121)) - 6a2617bd-0d1c-4683-92c9-d4932b3f2669: shutdown FollowerState
2020-06-24 17:11:05,066 [grpc-default-executor-2] INFO  impl.RoleInfo (RoleInfo.java:updateAndGet(143)) - 6a2617bd-0d1c-4683-92c9-d4932b3f2669: start FollowerState
2020-06-24 17:11:05,066 [Thread-382] INFO  impl.FollowerState (FollowerState.java:run(117)) - 6a2617bd-0d1c-4683-92c9-d4932b3f2669@group-A2D9F502AB5E-FollowerState was interrupted: java.lang.InterruptedException: sleep interrupted
2020-06-24 17:11:05,069 [668c5cee-c6dc-4a53-9204-5b2807b3c1a4@group-A2D9F502AB5E-LeaderElection18] INFO  impl.LeaderElection (LeaderElection.java:logAndReturn(61)) - 668c5cee-c6dc-4a53-9204-5b2807b3c1a4@group-A2D9F502AB5E-LeaderElection18: Election PASSED; received 1 response(s) [668c5cee-c6dc-4a53-9204-5b2807b3c1a4<-6a2617bd-0d1c-4683-92c9-d4932b3f2669#0:OK-t2] and 0 exception(s); 668c5cee-c6dc-4a53-9204-5b2807b3c1a4@group-A2D9F502AB5E:t2, leader=null, voted=668c5cee-c6dc-4a53-9204-5b2807b3c1a4, raftlog=668c5cee-c6dc-4a53-9204-5b2807b3c1a4@group-A2D9F502AB5E-SegmentedRaftLog:OPENED:c-1,f-1,i0, conf=-1: [6a2617bd-0d1c-4683-92c9-d4932b3f2669:172.17.0.2:36409, 22cc0f04-e09b-4cc9-bfb5-2feecdd2b0ba:172.17.0.2:38605, 668c5cee-c6dc-4a53-9204-5b2807b3c1a4:172.17.0.2:35055], old=null
2020-06-24 17:11:05,069 [668c5cee-c6dc-4a53-9204-5b2807b3c1a4@group-A2D9F502AB5E-LeaderElection18] INFO  impl.RoleInfo (RoleInfo.java:shutdownLeaderElection(134)) - 668c5cee-c6dc-4a53-9204-5b2807b3c1a4: shutdown LeaderElection
2020-06-24 17:11:05,069 [668c5cee-c6dc-4a53-9204-5b2807b3c1a4@group-A2D9F502AB5E-LeaderElection18] INFO  impl.RaftServerImpl (RaftServerImpl.java:setRole(175)) - 668c5cee-c6dc-4a53-9204-5b2807b3c1a4@group-A2D9F502AB5E: changes role from CANDIDATE to LEADER at term 2 for changeToLeader
2020-06-24 17:11:05,069 [668c5cee-c6dc-4a53-9204-5b2807b3c1a4@group-A2D9F502AB5E-LeaderElection18] INFO  ratis.XceiverServerRatis (XceiverServerRatis.java:handleLeaderChangedNotification(762)) - Leader change notification received for group: group-A2D9F502AB5E with new leaderId: 668c5cee-c6dc-4a53-9204-5b2807b3c1a4
2020-06-24 17:11:05,069 [668c5cee-c6dc-4a53-9204-5b2807b3c1a4@group-A2D9F502AB5E-LeaderElection18] INFO  impl.RaftServerImpl (ServerState.java:setLeader(255)) - 668c5cee-c6dc-4a53-9204-5b2807b3c1a4@group-A2D9F502AB5E: change Leader from null to 668c5cee-c6dc-4a53-9204-5b2807b3c1a4 at term 2 for becomeLeader, leader elected after 10449ms
2020-06-24 17:11:05,070 [668c5cee-c6dc-4a53-9204-5b2807b3c1a4@group-A2D9F502AB5E-LeaderElection18] INFO  server.RaftServerConfigKeys (ConfUtils.java:logGet(44)) - raft.server.staging.catchup.gap = 1000 (default)
2020-06-24 17:11:05,070 [668c5cee-c6dc-4a53-9204-5b2807b3c1a4@group-A2D9F502AB5E-LeaderElection18] INFO  server.RaftServerConfigKeys (ConfUtils.java:logGet(44)) - raft.server.rpc.sleep.time = 25ms (default)
2020-06-24 17:11:05,070 [668c5cee-c6dc-4a53-9204-5b2807b3c1a4@group-A2D9F502AB5E-LeaderElection18] INFO  metrics.RatisMetrics (RatisMetrics.java:lambda$create$0(36)) - Creating Metrics Registry : ratis.log_appender.668c5cee-c6dc-4a53-9204-5b2807b3c1a4@group-A2D9F502AB5E
2020-06-24 17:11:05,070 [668c5cee-c6dc-4a53-9204-5b2807b3c1a4@group-A2D9F502AB5E-LeaderElection18] INFO  server.RaftServerConfigKeys (ConfUtils.java:logGet(44)) - raft.server.write.element-limit = 1024 (custom)
2020-06-24 17:11:05,070 [668c5cee-c6dc-4a53-9204-5b2807b3c1a4@group-A2D9F502AB5E-LeaderElection18] INFO  server.RaftServerConfigKeys (ConfUtils.java:logGet(44)) - raft.server.write.byte-limit = 1073741824 (custom)
2020-06-24 17:11:05,070 [668c5cee-c6dc-4a53-9204-5b2807b3c1a4@group-A2D9F502AB5E-LeaderElection18] INFO  server.RaftServerConfigKeys (ConfUtils.java:logGet(44)) - raft.server.watch.timeout = 180s (custom)
2020-06-24 17:11:05,070 [668c5cee-c6dc-4a53-9204-5b2807b3c1a4@group-A2D9F502AB5E-LeaderElection18] INFO  server.RaftServerConfigKeys (ConfUtils.java:logGet(44)) - raft.server.watch.timeout.denomination = 1s (default)
2020-06-24 17:11:05,070 [668c5cee-c6dc-4a53-9204-5b2807b3c1a4@group-A2D9F502AB5E-LeaderElection18] INFO  server.RaftServerConfigKeys (ConfUtils.java:logGet(44)) - raft.server.watch.element-limit = 65536 (default)
2020-06-24 17:11:05,071 [668c5cee-c6dc-4a53-9204-5b2807b3c1a4@group-A2D9F502AB5E-LeaderElection18] INFO  server.RaftServerConfigKeys (ConfUtils.java:logGet(44)) - raft.server.log.appender.snapshot.chunk.size.max = 16MB (=16777216) (default)
2020-06-24 17:11:05,071 [668c5cee-c6dc-4a53-9204-5b2807b3c1a4@group-A2D9F502AB5E-LeaderElection18] INFO  server.RaftServerConfigKeys (ConfUtils.java:logGet(44)) - raft.server.log.appender.buffer.byte-limit = 33554432 (custom)
2020-06-24 17:11:05,071 [668c5cee-c6dc-4a53-9204-5b2807b3c1a4@group-A2D9F502AB5E-LeaderElection18] INFO  server.RaftServerConfigKeys (ConfUtils.java:logGet(44)) - raft.server.log.appender.buffer.element-limit = 1 (custom)
2020-06-24 17:11:05,071 [668c5cee-c6dc-4a53-9204-5b2807b3c1a4@group-A2D9F502AB5E-LeaderElection18] INFO  grpc.GrpcConfigKeys (ConfUtils.java:logGet(44)) - raft.grpc.server.leader.outstanding.appends.max = 128 (default)
2020-06-24 17:11:05,071 [668c5cee-c6dc-4a53-9204-5b2807b3c1a4@group-A2D9F502AB5E-LeaderElection18] INFO  server.RaftServerConfigKeys (ConfUtils.java:logGet(44)) - raft.server.rpc.request.timeout = 60s (custom)
2020-06-24 17:11:05,071 [668c5cee-c6dc-4a53-9204-5b2807b3c1a4@group-A2D9F502AB5E-LeaderElection18] INFO  server.RaftServerConfigKeys (ConfUtils.java:logGet(44)) - raft.server.log.appender.install.snapshot.enabled = false (custom)
2020-06-24 17:11:05,071 [668c5cee-c6dc-4a53-9204-5b2807b3c1a4@group-A2D9F502AB5E-LeaderElection18] INFO  metrics.RatisMetrics (RatisMetrics.java:lambda$create$0(36)) - Creating Metrics Registry : ratis_grpc.log_appender.668c5cee-c6dc-4a53-9204-5b2807b3c1a4@group-A2D9F502AB5E
2020-06-24 17:11:05,076 [668c5cee-c6dc-4a53-9204-5b2807b3c1a4@group-A2D9F502AB5E-LeaderElection18] INFO  server.RaftServerConfigKeys (ConfUtils.java:logGet(44)) - raft.server.log.appender.snapshot.chunk.size.max = 16MB (=16777216) (default)
2020-06-24 17:11:05,078 [668c5cee-c6dc-4a53-9204-5b2807b3c1a4@group-A2D9F502AB5E-LeaderElection18] INFO  server.RaftServerConfigKeys (ConfUtils.java:logGet(44)) - raft.server.log.appender.buffer.byte-limit = 33554432 (custom)
2020-06-24 17:11:05,079 [EventQueue-PipelineReportForPipelineReportHandler] INFO  pipeline.PipelineStateManager (PipelineStateManager.java:openPipeline(131)) - Pipeline Pipeline[ Id: 1b81931c-1f4f-4b91-9021-a2d9f502ab5e, Nodes: 668c5cee-c6dc-4a53-9204-5b2807b3c1a4{ip: 172.17.0.2, host: ff49ff68588e, networkLocation: /default-rack, certSerialId: null}6a2617bd-0d1c-4683-92c9-d4932b3f2669{ip: 172.17.0.2, host: ff49ff68588e, networkLocation: /default-rack, certSerialId: null}22cc0f04-e09b-4cc9-bfb5-2feecdd2b0ba{ip: 172.17.0.2, host: ff49ff68588e, networkLocation: /default-rack, certSerialId: null}, Type:RATIS, Factor:THREE, State:ALLOCATED, leaderId:668c5cee-c6dc-4a53-9204-5b2807b3c1a4, CreationTimestamp2020-06-24T17:10:51.591Z] moved to OPEN state
2020-06-24 17:11:05,089 [grpc-default-executor-2] INFO  impl.RaftServerImpl (RaftServerImpl.java:setRole(175)) - 22cc0f04-e09b-4cc9-bfb5-2feecdd2b0ba@group-A2D9F502AB5E: changes role from  FOLLOWER to FOLLOWER at term 2 for recognizeCandidate:668c5cee-c6dc-4a53-9204-5b2807b3c1a4
2020-06-24 17:11:05,090 [grpc-default-executor-2] INFO  impl.RoleInfo (RoleInfo.java:shutdownFollowerState(121)) - 22cc0f04-e09b-4cc9-bfb5-2feecdd2b0ba: shutdown FollowerState
2020-06-24 17:11:05,090 [grpc-default-executor-2] INFO  impl.RoleInfo (RoleInfo.java:updateAndGet(143)) - 22cc0f04-e09b-4cc9-bfb5-2feecdd2b0ba: start FollowerState
2020-06-24 17:11:05,090 [Thread-381] INFO  impl.FollowerState (FollowerState.java:run(117)) - 22cc0f04-e09b-4cc9-bfb5-2feecdd2b0ba@group-A2D9F502AB5E-FollowerState was interrupted: java.lang.InterruptedException: sleep interrupted
2020-06-24 17:11:05,079 [668c5cee-c6dc-4a53-9204-5b2807b3c1a4@group-A2D9F502AB5E-LeaderElection18] INFO  server.RaftServerConfigKeys (ConfUtils.java:logGet(44)) - raft.server.log.appender.buffer.element-limit = 1 (custom)
2020-06-24 17:11:05,095 [668c5cee-c6dc-4a53-9204-5b2807b3c1a4@group-A2D9F502AB5E-LeaderElection18] INFO  grpc.GrpcConfigKeys (ConfUtils.java:logGet(44)) - raft.grpc.server.leader.outstanding.appends.max = 128 (default)
2020-06-24 17:11:05,095 [668c5cee-c6dc-4a53-9204-5b2807b3c1a4@group-A2D9F502AB5E-LeaderElection18] INFO  server.RaftServerConfigKeys (ConfUtils.java:logGet(44)) - raft.server.rpc.request.timeout = 60s (custom)
2020-06-24 17:11:05,095 [668c5cee-c6dc-4a53-9204-5b2807b3c1a4@group-A2D9F502AB5E-LeaderElection18] INFO  server.RaftServerConfigKeys (ConfUtils.java:logGet(44)) - raft.server.log.appender.install.snapshot.enabled = false (custom)
2020-06-24 17:11:05,096 [668c5cee-c6dc-4a53-9204-5b2807b3c1a4@group-A2D9F502AB5E-LeaderElection18] INFO  impl.RoleInfo (RoleInfo.java:updateAndGet(143)) - 668c5cee-c6dc-4a53-9204-5b2807b3c1a4: start LeaderState
2020-06-24 17:11:05,096 [668c5cee-c6dc-4a53-9204-5b2807b3c1a4@group-A2D9F502AB5E-LeaderElection18] INFO  segmented.SegmentedRaftLogWorker (SegmentedRaftLogWorker.java:startLogSegment(397)) - 668c5cee-c6dc-4a53-9204-5b2807b3c1a4@group-A2D9F502AB5E-SegmentedRaftLogWorker: Starting segment from index:0
2020-06-24 17:11:05,099 [668c5cee-c6dc-4a53-9204-5b2807b3c1a4@group-A2D9F502AB5E-SegmentedRaftLogWorker] INFO  segmented.SegmentedRaftLogWorker (SegmentedRaftLogWorker.java:execute(596)) - 668c5cee-c6dc-4a53-9204-5b2807b3c1a4@group-A2D9F502AB5E-SegmentedRaftLogWorker: created new log segment /github/workspace/mnt/ozone/hadoop-ozone/integration-test/target/test-dir/MiniOzoneClusterImpl-45b18ba1-9114-4b33-af64-cafa5396b779/datanode-7/data/ratis/1b81931c-1f4f-4b91-9021-a2d9f502ab5e/current/log_inprogress_0
2020-06-24 17:11:05,100 [grpc-default-executor-4] INFO  ratis.XceiverServerRatis (XceiverServerRatis.java:handleLeaderChangedNotification(762)) - Leader change notification received for group: group-A2D9F502AB5E with new leaderId: 668c5cee-c6dc-4a53-9204-5b2807b3c1a4
2020-06-24 17:11:05,100 [grpc-default-executor-4] INFO  impl.RaftServerImpl (ServerState.java:setLeader(255)) - 6a2617bd-0d1c-4683-92c9-d4932b3f2669@group-A2D9F502AB5E: change Leader from null to 668c5cee-c6dc-4a53-9204-5b2807b3c1a4 at term 2 for appendEntries, leader elected after 10372ms
2020-06-24 17:11:05,101 [668c5cee-c6dc-4a53-9204-5b2807b3c1a4@group-A2D9F502AB5E-LeaderElection18] INFO  impl.RaftServerImpl (ServerState.java:setRaftConf(356)) - 668c5cee-c6dc-4a53-9204-5b2807b3c1a4@group-A2D9F502AB5E: set configuration 0: [6a2617bd-0d1c-4683-92c9-d4932b3f2669:172.17.0.2:36409, 22cc0f04-e09b-4cc9-bfb5-2feecdd2b0ba:172.17.0.2:38605, 668c5cee-c6dc-4a53-9204-5b2807b3c1a4:172.17.0.2:35055], old=null at 0
2020-06-24 17:11:05,111 [grpc-default-executor-2] INFO  ratis.XceiverServerRatis (XceiverServerRatis.java:handleLeaderChangedNotification(762)) - Leader change notification received for group: group-A2D9F502AB5E with new leaderId: 668c5cee-c6dc-4a53-9204-5b2807b3c1a4
2020-06-24 17:11:05,111 [grpc-default-executor-2] INFO  impl.RaftServerImpl (ServerState.java:setLeader(255)) - 22cc0f04-e09b-4cc9-bfb5-2feecdd2b0ba@group-A2D9F502AB5E: change Leader from null to 668c5cee-c6dc-4a53-9204-5b2807b3c1a4 at term 2 for appendEntries, leader elected after 10540ms
2020-06-24 17:11:05,111 [grpc-default-executor-4] INFO  impl.RaftServerImpl (ServerState.java:setRaftConf(356)) - 6a2617bd-0d1c-4683-92c9-d4932b3f2669@group-A2D9F502AB5E: set configuration 0: [6a2617bd-0d1c-4683-92c9-d4932b3f2669:172.17.0.2:36409, 22cc0f04-e09b-4cc9-bfb5-2feecdd2b0ba:172.17.0.2:38605, 668c5cee-c6dc-4a53-9204-5b2807b3c1a4:172.17.0.2:35055], old=null at 0
2020-06-24 17:11:05,112 [grpc-default-executor-4] INFO  segmented.SegmentedRaftLogWorker (SegmentedRaftLogWorker.java:startLogSegment(397)) - 6a2617bd-0d1c-4683-92c9-d4932b3f2669@group-A2D9F502AB5E-SegmentedRaftLogWorker: Starting segment from index:0
2020-06-24 17:11:05,116 [grpc-default-executor-2] INFO  impl.RaftServerImpl (ServerState.java:setRaftConf(356)) - 22cc0f04-e09b-4cc9-bfb5-2feecdd2b0ba@group-A2D9F502AB5E: set configuration 0: [6a2617bd-0d1c-4683-92c9-d4932b3f2669:172.17.0.2:36409, 22cc0f04-e09b-4cc9-bfb5-2feecdd2b0ba:172.17.0.2:38605, 668c5cee-c6dc-4a53-9204-5b2807b3c1a4:172.17.0.2:35055], old=null at 0
2020-06-24 17:11:05,116 [grpc-default-executor-2] INFO  segmented.SegmentedRaftLogWorker (SegmentedRaftLogWorker.java:startLogSegment(397)) - 22cc0f04-e09b-4cc9-bfb5-2feecdd2b0ba@group-A2D9F502AB5E-SegmentedRaftLogWorker: Starting segment from index:0
2020-06-24 17:11:05,119 [22cc0f04-e09b-4cc9-bfb5-2feecdd2b0ba@group-A2D9F502AB5E-SegmentedRaftLogWorker] INFO  segmented.SegmentedRaftLogWorker (SegmentedRaftLogWorker.java:execute(596)) - 22cc0f04-e09b-4cc9-bfb5-2feecdd2b0ba@group-A2D9F502AB5E-SegmentedRaftLogWorker: created new log segment /github/workspace/mnt/ozone/hadoop-ozone/integration-test/target/test-dir/MiniOzoneClusterImpl-45b18ba1-9114-4b33-af64-cafa5396b779/datanode-6/data/ratis/1b81931c-1f4f-4b91-9021-a2d9f502ab5e/current/log_inprogress_0
2020-06-24 17:11:05,132 [6a2617bd-0d1c-4683-92c9-d4932b3f2669@group-A2D9F502AB5E-SegmentedRaftLogWorker] INFO  segmented.SegmentedRaftLogWorker (SegmentedRaftLogWorker.java:execute(596)) - 6a2617bd-0d1c-4683-92c9-d4932b3f2669@group-A2D9F502AB5E-SegmentedRaftLogWorker: created new log segment /github/workspace/mnt/ozone/hadoop-ozone/integration-test/target/test-dir/MiniOzoneClusterImpl-45b18ba1-9114-4b33-af64-cafa5396b779/datanode-8/data/ratis/1b81931c-1f4f-4b91-9021-a2d9f502ab5e/current/log_inprogress_0
2020-06-24 17:11:05,308 [RatisApplyTransactionExecutor 1] INFO  interfaces.Container (KeyValueContainer.java:flushAndSyncDB(387)) - Container 1 is synced with bcsId 2.
2020-06-24 17:11:05,308 [RatisApplyTransactionExecutor 1] INFO  interfaces.Container (KeyValueContainer.java:flushAndSyncDB(387)) - Container 1 is synced with bcsId 2.
2020-06-24 17:11:05,312 [RatisApplyTransactionExecutor 1] INFO  interfaces.Container (KeyValueContainer.java:close(325)) - Container 1 is closed with bcsId 2.
2020-06-24 17:11:05,315 [EventQueue-IncrementalContainerReportForIncrementalContainerReportHandler] INFO  container.IncrementalContainerReportHandler (AbstractContainerReportHandler.java:updateContainerState(171)) - Moving container #1 to CLOSED state, datanode abd1f0dd-6a7c-459f-aa66-bfbee4a0afa9{ip: 172.17.0.2, host: ff49ff68588e, networkLocation: /default-rack, certSerialId: null} reported CLOSED replica.
2020-06-24 17:11:05,326 [RatisApplyTransactionExecutor 1] INFO  interfaces.Container (KeyValueContainer.java:flushAndSyncDB(387)) - Container 1 is synced with bcsId 2.
2020-06-24 17:11:05,328 [RatisApplyTransactionExecutor 1] INFO  interfaces.Container (KeyValueContainer.java:flushAndSyncDB(387)) - Container 1 is synced with bcsId 2.
2020-06-24 17:11:05,331 [RatisApplyTransactionExecutor 1] INFO  interfaces.Container (KeyValueContainer.java:flushAndSyncDB(387)) - Container 1 is synced with bcsId 2.
2020-06-24 17:11:05,331 [RatisApplyTransactionExecutor 1] INFO  interfaces.Container (KeyValueContainer.java:flushAndSyncDB(387)) - Container 1 is synced with bcsId 2.
2020-06-24 17:11:05,332 [RatisApplyTransactionExecutor 1] INFO  interfaces.Container (KeyValueContainer.java:close(325)) - Container 1 is closed with bcsId 2.
2020-06-24 17:11:05,334 [RatisApplyTransactionExecutor 1] INFO  interfaces.Container (KeyValueContainer.java:close(325)) - Container 1 is closed with bcsId 2.
]]></system-out>
    <system-err><![CDATA[ERROR StatusLogger No Log4j 2 configuration file found. Using default configuration (logging only errors to the console), or user programmatically provided configurations. Set system property 'log4j2.debug' to show Log4j 2 internal initialization logging. See https://logging.apache.org/log4j/2.x/manual/configuration.html for instructions on how to configure Log4j 2
]]></system-err>
  </testcase>
  <testcase name="testCloseContainerViaStandAlone" classname="org.apache.hadoop.ozone.container.common.statemachine.commandhandler.TestCloseContainerByPipeline" time="7.061"/>
  <testcase name="testQuasiCloseTransitionViaRatis" classname="org.apache.hadoop.ozone.container.common.statemachine.commandhandler.TestCloseContainerByPipeline" time="4.553"/>
  <testcase name="testIfCloseContainerCommandHandlerIsInvoked" classname="org.apache.hadoop.ozone.container.common.statemachine.commandhandler.TestCloseContainerByPipeline" time="2.047"/>
</testsuite>