<?xml version="1.0" encoding="UTF-8"?>
<testsuite xmlns:xsi="http://www.w3.org/2001/XMLSchema-instance" xsi:noNamespaceSchemaLocation="https://maven.apache.org/surefire/maven-surefire-plugin/xsd/surefire-test-report.xsd" name="org.apache.hadoop.hdds.scm.pipeline.TestPipelineClose" time="136.905" tests="4" errors="0" skipped="0" failures="1">
  <properties>
    <property name="awt.toolkit" value="sun.awt.X11.XToolkit"/>
    <property name="file.encoding.pkg" value="sun.io"/>
    <property name="java.specification.version" value="1.8"/>
    <property name="sun.cpu.isalist" value=""/>
    <property name="sun.jnu.encoding" value="UTF-8"/>
    <property name="java.class.path" value="/home/runner/work/ozone/ozone/hadoop-ozone/integration-test/target/test-classes:/home/runner/work/ozone/ozone/hadoop-ozone/integration-test/target/classes:/home/runner/.m2/repository/org/apache/ozone/ozone-common/1.2.0-SNAPSHOT/ozone-common-1.2.0-SNAPSHOT.jar:/home/runner/.m2/repository/org/apache/commons/commons-compress/1.20/commons-compress-1.20.jar:/home/runner/.m2/repository/org/apache/ozone/hdds-common/1.2.0-SNAPSHOT/hdds-common-1.2.0-SNAPSHOT.jar:/home/runner/.m2/repository/org/apache/ozone/hdds-client/1.2.0-SNAPSHOT/hdds-client-1.2.0-SNAPSHOT.jar:/home/runner/.m2/repository/org/apache/ozone/ozone-interface-client/1.2.0-SNAPSHOT/ozone-interface-client-1.2.0-SNAPSHOT.jar:/home/runner/.m2/repository/org/apache/ozone/hdds-server-framework/1.2.0-SNAPSHOT/hdds-server-framework-1.2.0-SNAPSHOT.jar:/home/runner/.m2/repository/org/apache/ozone/hdds-interface-server/1.2.0-SNAPSHOT/hdds-interface-server-1.2.0-SNAPSHOT.jar:/home/runner/.m2/repository/org/eclipse/jetty/jetty-servlet/9.4.43.v20210629/jetty-servlet-9.4.43.v20210629.jar:/home/runner/.m2/repository/org/eclipse/jetty/jetty-security/9.4.43.v20210629/jetty-security-9.4.43.v20210629.jar:/home/runner/.m2/repository/org/rocksdb/rocksdbjni/6.20.3/rocksdbjni-6.20.3.jar:/home/runner/.m2/repository/io/prometheus/simpleclient_dropwizard/0.7.0/simpleclient_dropwizard-0.7.0.jar:/home/runner/.m2/repository/io/prometheus/simpleclient/0.7.0/simpleclient-0.7.0.jar:/home/runner/.m2/repository/io/prometheus/simpleclient_common/0.7.0/simpleclient_common-0.7.0.jar:/home/runner/.m2/repository/com/fasterxml/jackson/datatype/jackson-datatype-jsr310/2.12.1/jackson-datatype-jsr310-2.12.1.jar:/home/runner/.m2/repository/org/apache/ozone/hdds-test-utils/1.2.0-SNAPSHOT/hdds-test-utils-1.2.0-SNAPSHOT.jar:/home/runner/.m2/repository/com/google/guava/guava/30.1.1-jre/guava-30.1.1-jre.jar:/home/runner/.m2/repository/com/google/guava/failureaccess/1.0.1/failureaccess-1.0.1.jar:/home/runner/.m2/repository/com/google/guava/listenablefuture/9999.0-empty-to-avoid-conflict-with-guava/listenablefuture-9999.0-empty-to-avoid-conflict-with-guava.jar:/home/runner/.m2/repository/com/google/code/findbugs/jsr305/3.0.0/jsr305-3.0.0.jar:/home/runner/.m2/repository/org/checkerframework/checker-qual/3.8.0/checker-qual-3.8.0.jar:/home/runner/.m2/repository/com/google/errorprone/error_prone_annotations/2.2.0/error_prone_annotations-2.2.0.jar:/home/runner/.m2/repository/com/google/j2objc/j2objc-annotations/1.3/j2objc-annotations-1.3.jar:/home/runner/.m2/repository/commons-io/commons-io/2.8.0/commons-io-2.8.0.jar:/home/runner/.m2/repository/commons-logging/commons-logging/1.2/commons-logging-1.2.jar:/home/runner/.m2/repository/log4j/log4j/1.2.17/log4j-1.2.17.jar:/home/runner/.m2/repository/org/slf4j/slf4j-api/1.7.30/slf4j-api-1.7.30.jar:/home/runner/.m2/repository/org/apache/ozone/hdds-server-scm/1.2.0-SNAPSHOT/hdds-server-scm-1.2.0-SNAPSHOT.jar:/home/runner/.m2/repository/org/apache/ozone/hdds-container-service/1.2.0-SNAPSHOT/hdds-container-service-1.2.0-SNAPSHOT.jar:/home/runner/.m2/repository/org/apache/ozone/hdds-hadoop-dependency-server/1.2.0-SNAPSHOT/hdds-hadoop-dependency-server-1.2.0-SNAPSHOT.jar:/home/runner/.m2/repository/org/apache/hadoop/hadoop-hdfs/3.3.1/hadoop-hdfs-3.3.1.jar:/home/runner/.m2/repository/io/dropwizard/metrics/metrics-core/3.2.4/metrics-core-3.2.4.jar:/home/runner/.m2/repository/org/apache/hadoop/hadoop-hdfs-client/3.3.1/hadoop-hdfs-client-3.3.1.jar:/home/runner/.m2/repository/org/bouncycastle/bcprov-jdk15on/1.67/bcprov-jdk15on-1.67.jar:/home/runner/.m2/repository/com/google/protobuf/protobuf-java/2.5.0/protobuf-java-2.5.0.jar:/home/runner/.m2/repository/org/apache/ozone/ozone-manager/1.2.0-SNAPSHOT/ozone-manager-1.2.0-SNAPSHOT.jar:/home/runner/.m2/repository/org/aspectj/aspectjrt/1.8.9/aspectjrt-1.8.9.jar:/home/runner/.m2/repository/org/aspectj/aspectjweaver/1.8.9/aspectjweaver-1.8.9.jar:/home/runner/.m2/repository/org/apache/ozone/hdds-interface-client/1.2.0-SNAPSHOT/hdds-interface-client-1.2.0-SNAPSHOT.jar:/home/runner/.m2/repository/org/apache/hadoop/thirdparty/hadoop-shaded-protobuf_3_7/1.1.1/hadoop-shaded-protobuf_3_7-1.1.1.jar:/home/runner/.m2/repository/org/apache/ratis/ratis-thirdparty-misc/0.7.0/ratis-thirdparty-misc-0.7.0.jar:/home/runner/.m2/repository/org/apache/ozone/ozone-interface-storage/1.2.0-SNAPSHOT/ozone-interface-storage-1.2.0-SNAPSHOT.jar:/home/runner/.m2/repository/org/reflections/reflections/0.9.11/reflections-0.9.11.jar:/home/runner/.m2/repository/org/apache/hadoop/hadoop-minikdc/3.3.1/hadoop-minikdc-3.3.1.jar:/home/runner/.m2/repository/org/apache/kerby/kerb-simplekdc/1.0.1/kerb-simplekdc-1.0.1.jar:/home/runner/.m2/repository/org/apache/kerby/kerb-client/1.0.1/kerb-client-1.0.1.jar:/home/runner/.m2/repository/org/apache/kerby/kerby-config/1.0.1/kerby-config-1.0.1.jar:/home/runner/.m2/repository/org/apache/kerby/kerb-common/1.0.1/kerb-common-1.0.1.jar:/home/runner/.m2/repository/org/apache/kerby/kerb-crypto/1.0.1/kerb-crypto-1.0.1.jar:/home/runner/.m2/repository/org/apache/kerby/kerb-util/1.0.1/kerb-util-1.0.1.jar:/home/runner/.m2/repository/org/apache/kerby/token-provider/1.0.1/token-provider-1.0.1.jar:/home/runner/.m2/repository/org/apache/kerby/kerb-admin/1.0.1/kerb-admin-1.0.1.jar:/home/runner/.m2/repository/org/apache/kerby/kerb-server/1.0.1/kerb-server-1.0.1.jar:/home/runner/.m2/repository/org/apache/kerby/kerb-identity/1.0.1/kerb-identity-1.0.1.jar:/home/runner/.m2/repository/org/apache/kerby/kerby-xdr/1.0.1/kerby-xdr-1.0.1.jar:/home/runner/.m2/repository/org/slf4j/slf4j-log4j12/1.7.30/slf4j-log4j12-1.7.30.jar:/home/runner/.m2/repository/org/apache/ozone/ozone-s3gateway/1.2.0-SNAPSHOT/ozone-s3gateway-1.2.0-SNAPSHOT.jar:/home/runner/.m2/repository/org/javassist/javassist/3.21.0-GA/javassist-3.21.0-GA.jar:/home/runner/.m2/repository/org/jboss/weld/servlet/weld-servlet/2.4.7.Final/weld-servlet-2.4.7.Final.jar:/home/runner/.m2/repository/org/glassfish/jersey/containers/jersey-container-servlet-core/2.33/jersey-container-servlet-core-2.33.jar:/home/runner/.m2/repository/org/glassfish/hk2/external/jakarta.inject/2.6.1/jakarta.inject-2.6.1.jar:/home/runner/.m2/repository/org/glassfish/jersey/core/jersey-common/2.33/jersey-common-2.33.jar:/home/runner/.m2/repository/jakarta/ws/rs/jakarta.ws.rs-api/2.1.6/jakarta.ws.rs-api-2.1.6.jar:/home/runner/.m2/repository/org/glassfish/jersey/ext/cdi/jersey-cdi1x/2.33/jersey-cdi1x-2.33.jar:/home/runner/.m2/repository/org/glassfish/jersey/inject/jersey-hk2/2.33/jersey-hk2-2.33.jar:/home/runner/.m2/repository/org/glassfish/hk2/hk2-locator/2.6.1/hk2-locator-2.6.1.jar:/home/runner/.m2/repository/org/glassfish/jersey/media/jersey-media-jaxb/2.33/jersey-media-jaxb-2.33.jar:/home/runner/.m2/repository/org/glassfish/hk2/osgi-resource-locator/1.0.3/osgi-resource-locator-1.0.3.jar:/home/runner/.m2/repository/org/glassfish/hk2/hk2-api/2.5.0/hk2-api-2.5.0.jar:/home/runner/.m2/repository/org/glassfish/hk2/hk2-utils/2.5.0/hk2-utils-2.5.0.jar:/home/runner/.m2/repository/org/glassfish/hk2/external/aopalliance-repackaged/2.5.0/aopalliance-repackaged-2.5.0.jar:/home/runner/.m2/repository/com/fasterxml/jackson/dataformat/jackson-dataformat-xml/2.12.1/jackson-dataformat-xml-2.12.1.jar:/home/runner/.m2/repository/com/fasterxml/jackson/core/jackson-core/2.12.1/jackson-core-2.12.1.jar:/home/runner/.m2/repository/com/fasterxml/jackson/module/jackson-module-jaxb-annotations/2.12.1/jackson-module-jaxb-annotations-2.12.1.jar:/home/runner/.m2/repository/jakarta/xml/bind/jakarta.xml.bind-api/2.3.2/jakarta.xml.bind-api-2.3.2.jar:/home/runner/.m2/repository/org/codehaus/woodstox/stax2-api/3.1.4/stax2-api-3.1.4.jar:/home/runner/.m2/repository/com/fasterxml/woodstox/woodstox-core/5.0.3/woodstox-core-5.0.3.jar:/home/runner/.m2/repository/javax/enterprise/cdi-api/1.2/cdi-api-1.2.jar:/home/runner/.m2/repository/javax/el/javax.el-api/3.0.0/javax.el-api-3.0.0.jar:/home/runner/.m2/repository/javax/interceptor/javax.interceptor-api/1.2/javax.interceptor-api-1.2.jar:/home/runner/.m2/repository/javax/inject/javax.inject/1/javax.inject-1.jar:/home/runner/.m2/repository/javax/xml/bind/jaxb-api/2.3.0/jaxb-api-2.3.0.jar:/home/runner/.m2/repository/org/glassfish/jaxb/jaxb-runtime/2.3.0.1/jaxb-runtime-2.3.0.1.jar:/home/runner/.m2/repository/org/glassfish/jaxb/jaxb-core/2.3.0.1/jaxb-core-2.3.0.1.jar:/home/runner/.m2/repository/org/glassfish/jaxb/txw2/2.3.0.1/txw2-2.3.0.1.jar:/home/runner/.m2/repository/com/sun/istack/istack-commons-runtime/3.0.5/istack-commons-runtime-3.0.5.jar:/home/runner/.m2/repository/org/jvnet/staxex/stax-ex/1.7.8/stax-ex-1.7.8.jar:/home/runner/.m2/repository/com/sun/xml/fastinfoset/FastInfoset/1.2.13/FastInfoset-1.2.13.jar:/home/runner/.m2/repository/javax/activation/activation/1.1.1/activation-1.1.1.jar:/home/runner/.m2/repository/org/apache/ozone/ozone-csi/1.2.0-SNAPSHOT/ozone-csi-1.2.0-SNAPSHOT.jar:/home/runner/.m2/repository/com/google/protobuf/protobuf-java-util/3.12.0/protobuf-java-util-3.12.0.jar:/home/runner/.m2/repository/com/google/code/gson/gson/2.2.4/gson-2.2.4.jar:/home/runner/.m2/repository/org/apache/ozone/hdds-config/1.2.0-SNAPSHOT/hdds-config-1.2.0-SNAPSHOT.jar:/home/runner/.m2/repository/io/grpc/grpc-netty/1.33.0/grpc-netty-1.33.0.jar:/home/runner/.m2/repository/io/grpc/grpc-core/1.33.0/grpc-core-1.33.0.jar:/home/runner/.m2/repository/com/google/android/annotations/4.1.1.4/annotations-4.1.1.4.jar:/home/runner/.m2/repository/io/netty/netty-codec-http2/4.1.63.Final/netty-codec-http2-4.1.63.Final.jar:/home/runner/.m2/repository/io/netty/netty-codec-http/4.1.63.Final/netty-codec-http-4.1.63.Final.jar:/home/runner/.m2/repository/io/netty/netty-handler-proxy/4.1.63.Final/netty-handler-proxy-4.1.63.Final.jar:/home/runner/.m2/repository/io/netty/netty-codec-socks/4.1.63.Final/netty-codec-socks-4.1.63.Final.jar:/home/runner/.m2/repository/io/perfmark/perfmark-api/0.19.0/perfmark-api-0.19.0.jar:/home/runner/.m2/repository/org/codehaus/mojo/animal-sniffer-annotations/1.18/animal-sniffer-annotations-1.18.jar:/home/runner/.m2/repository/io/netty/netty-transport-native-epoll/4.1.63.Final/netty-transport-native-epoll-4.1.63.Final.jar:/home/runner/.m2/repository/io/netty/netty-common/4.1.63.Final/netty-common-4.1.63.Final.jar:/home/runner/.m2/repository/io/netty/netty-buffer/4.1.63.Final/netty-buffer-4.1.63.Final.jar:/home/runner/.m2/repository/io/netty/netty-transport-native-unix-common/4.1.63.Final/netty-transport-native-unix-common-4.1.63.Final.jar:/home/runner/.m2/repository/io/grpc/grpc-protobuf/1.33.0/grpc-protobuf-1.33.0.jar:/home/runner/.m2/repository/io/grpc/grpc-api/1.33.0/grpc-api-1.33.0.jar:/home/runner/.m2/repository/io/grpc/grpc-context/1.33.0/grpc-context-1.33.0.jar:/home/runner/.m2/repository/com/google/api/grpc/proto-google-common-protos/1.17.0/proto-google-common-protos-1.17.0.jar:/home/runner/.m2/repository/io/grpc/grpc-protobuf-lite/1.33.0/grpc-protobuf-lite-1.33.0.jar:/home/runner/.m2/repository/io/grpc/grpc-stub/1.33.0/grpc-stub-1.33.0.jar:/home/runner/.m2/repository/org/apache/ozone/ozone-recon/1.2.0-SNAPSHOT/ozone-recon-1.2.0-SNAPSHOT.jar:/home/runner/.m2/repository/org/apache/ozone/ozone-reconcodegen/1.2.0-SNAPSHOT/ozone-reconcodegen-1.2.0-SNAPSHOT.jar:/home/runner/.m2/repository/com/google/inject/extensions/guice-multibindings/4.0/guice-multibindings-4.0.jar:/home/runner/.m2/repository/com/google/inject/guice/4.0/guice-4.0.jar:/home/runner/.m2/repository/aopalliance/aopalliance/1.0/aopalliance-1.0.jar:/home/runner/.m2/repository/com/google/inject/extensions/guice-assistedinject/4.0/guice-assistedinject-4.0.jar:/home/runner/.m2/repository/com/google/inject/extensions/guice-servlet/4.0/guice-servlet-4.0.jar:/home/runner/.m2/repository/org/glassfish/jersey/containers/jersey-container-servlet/2.33/jersey-container-servlet-2.33.jar:/home/runner/.m2/repository/org/glassfish/hk2/guice-bridge/2.5.0/guice-bridge-2.5.0.jar:/home/runner/.m2/repository/org/glassfish/jersey/core/jersey-server/2.33/jersey-server-2.33.jar:/home/runner/.m2/repository/org/glassfish/jersey/core/jersey-client/2.33/jersey-client-2.33.jar:/home/runner/.m2/repository/jakarta/annotation/jakarta.annotation-api/1.3.5/jakarta.annotation-api-1.3.5.jar:/home/runner/.m2/repository/jakarta/validation/jakarta.validation-api/2.0.2/jakarta.validation-api-2.0.2.jar:/home/runner/.m2/repository/org/glassfish/jersey/media/jersey-media-json-jackson/2.33/jersey-media-json-jackson-2.33.jar:/home/runner/.m2/repository/org/glassfish/jersey/ext/jersey-entity-filtering/2.33/jersey-entity-filtering-2.33.jar:/home/runner/.m2/repository/org/jooq/jooq/3.11.10/jooq-3.11.10.jar:/home/runner/.m2/repository/org/jooq/jooq-meta/3.11.10/jooq-meta-3.11.10.jar:/home/runner/.m2/repository/org/jooq/jooq-codegen/3.11.10/jooq-codegen-3.11.10.jar:/home/runner/.m2/repository/com/jolbox/bonecp/0.8.0.RELEASE/bonecp-0.8.0.RELEASE.jar:/home/runner/.m2/repository/org/apache/derby/derby/10.14.2.0/derby-10.14.2.0.jar:/home/runner/.m2/repository/org/xerial/sqlite-jdbc/3.25.2/sqlite-jdbc-3.25.2.jar:/home/runner/.m2/repository/org/springframework/spring-jdbc/5.2.11.RELEASE/spring-jdbc-5.2.11.RELEASE.jar:/home/runner/.m2/repository/org/springframework/spring-beans/5.2.11.RELEASE/spring-beans-5.2.11.RELEASE.jar:/home/runner/.m2/repository/org/springframework/spring-core/5.2.11.RELEASE/spring-core-5.2.11.RELEASE.jar:/home/runner/.m2/repository/org/springframework/spring-jcl/5.2.11.RELEASE/spring-jcl-5.2.11.RELEASE.jar:/home/runner/.m2/repository/org/springframework/spring-tx/5.2.11.RELEASE/spring-tx-5.2.11.RELEASE.jar:/home/runner/.m2/repository/org/apache/ozone/ozone-client/1.2.0-SNAPSHOT/ozone-client-1.2.0-SNAPSHOT.jar:/home/runner/.m2/repository/org/apache/ozone/ozone-filesystem/1.2.0-SNAPSHOT/ozone-filesystem-1.2.0-SNAPSHOT.jar:/home/runner/.m2/repository/org/apache/ozone/ozone-filesystem-common/1.2.0-SNAPSHOT/ozone-filesystem-common-1.2.0-SNAPSHOT.jar:/home/runner/.m2/repository/org/apache/ozone/ozone-tools/1.2.0-SNAPSHOT/ozone-tools-1.2.0-SNAPSHOT.jar:/home/runner/.m2/repository/org/apache/ratis/ratis-tools/2.1.0-03f3b68-SNAPSHOT/ratis-tools-2.1.0-03f3b68-SNAPSHOT.jar:/home/runner/.m2/repository/org/apache/ratis/ratis-proto/2.1.0-03f3b68-SNAPSHOT/ratis-proto-2.1.0-03f3b68-SNAPSHOT.jar:/home/runner/.m2/repository/org/apache/ratis/ratis-common/2.1.0-03f3b68-SNAPSHOT/ratis-common-2.1.0-03f3b68-SNAPSHOT.jar:/home/runner/.m2/repository/com/amazonaws/aws-java-sdk-core/1.11.901/aws-java-sdk-core-1.11.901.jar:/home/runner/.m2/repository/org/apache/httpcomponents/httpclient/4.5.13/httpclient-4.5.13.jar:/home/runner/.m2/repository/org/apache/httpcomponents/httpcore/4.4.13/httpcore-4.4.13.jar:/home/runner/.m2/repository/software/amazon/ion/ion-java/1.0.2/ion-java-1.0.2.jar:/home/runner/.m2/repository/com/fasterxml/jackson/dataformat/jackson-dataformat-cbor/2.12.1/jackson-dataformat-cbor-2.12.1.jar:/home/runner/.m2/repository/joda-time/joda-time/2.8.1/joda-time-2.8.1.jar:/home/runner/.m2/repository/com/amazonaws/aws-java-sdk-s3/1.11.901/aws-java-sdk-s3-1.11.901.jar:/home/runner/.m2/repository/com/amazonaws/aws-java-sdk-kms/1.11.901/aws-java-sdk-kms-1.11.901.jar:/home/runner/.m2/repository/com/amazonaws/jmespath-java/1.11.901/jmespath-java-1.11.901.jar:/home/runner/.m2/repository/org/kohsuke/metainf-services/metainf-services/1.8/metainf-services-1.8.jar:/home/runner/.m2/repository/org/apache/ozone/hdds-tools/1.2.0-SNAPSHOT/hdds-tools-1.2.0-SNAPSHOT.jar:/home/runner/.m2/repository/commons-cli/commons-cli/1.2/commons-cli-1.2.jar:/home/runner/.m2/repository/org/apache/commons/commons-lang3/3.7/commons-lang3-3.7.jar:/home/runner/.m2/repository/org/apache/ozone/ozone-manager/1.2.0-SNAPSHOT/ozone-manager-1.2.0-SNAPSHOT-tests.jar:/home/runner/.m2/repository/org/apache/ozone/hdds-common/1.2.0-SNAPSHOT/hdds-common-1.2.0-SNAPSHOT-tests.jar:/home/runner/.m2/repository/org/apache/ozone/hdds-hadoop-dependency-client/1.2.0-SNAPSHOT/hdds-hadoop-dependency-client-1.2.0-SNAPSHOT.jar:/home/runner/.m2/repository/info/picocli/picocli/4.4.0/picocli-4.4.0.jar:/home/runner/.m2/repository/com/fasterxml/jackson/core/jackson-annotations/2.12.1/jackson-annotations-2.12.1.jar:/home/runner/.m2/repository/javax/annotation/javax.annotation-api/1.2/javax.annotation-api-1.2.jar:/home/runner/.m2/repository/org/apache/ratis/ratis-server/2.1.0-03f3b68-SNAPSHOT/ratis-server-2.1.0-03f3b68-SNAPSHOT.jar:/home/runner/.m2/repository/org/apache/ratis/ratis-client/2.1.0-03f3b68-SNAPSHOT/ratis-client-2.1.0-03f3b68-SNAPSHOT.jar:/home/runner/.m2/repository/org/apache/ratis/ratis-server-api/2.1.0-03f3b68-SNAPSHOT/ratis-server-api-2.1.0-03f3b68-SNAPSHOT.jar:/home/runner/.m2/repository/org/apache/ratis/ratis-metrics/2.1.0-03f3b68-SNAPSHOT/ratis-metrics-2.1.0-03f3b68-SNAPSHOT.jar:/home/runner/.m2/repository/org/apache/ratis/ratis-netty/2.1.0-03f3b68-SNAPSHOT/ratis-netty-2.1.0-03f3b68-SNAPSHOT.jar:/home/runner/.m2/repository/org/apache/ratis/ratis-grpc/2.1.0-03f3b68-SNAPSHOT/ratis-grpc-2.1.0-03f3b68-SNAPSHOT.jar:/home/runner/.m2/repository/org/apache/logging/log4j/log4j-api/2.13.3/log4j-api-2.13.3.jar:/home/runner/.m2/repository/org/apache/logging/log4j/log4j-core/2.13.3/log4j-core-2.13.3.jar:/home/runner/.m2/repository/com/lmax/disruptor/3.4.2/disruptor-3.4.2.jar:/home/runner/.m2/repository/org/apache/commons/commons-pool2/2.6.0/commons-pool2-2.6.0.jar:/home/runner/.m2/repository/org/bouncycastle/bcpkix-jdk15on/1.67/bcpkix-jdk15on-1.67.jar:/home/runner/.m2/repository/commons-validator/commons-validator/1.6/commons-validator-1.6.jar:/home/runner/.m2/repository/commons-beanutils/commons-beanutils/1.9.4/commons-beanutils-1.9.4.jar:/home/runner/.m2/repository/commons-digester/commons-digester/1.8.1/commons-digester-1.8.1.jar:/home/runner/.m2/repository/commons-collections/commons-collections/3.2.2/commons-collections-3.2.2.jar:/home/runner/.m2/repository/io/jaegertracing/jaeger-client/1.6.0/jaeger-client-1.6.0.jar:/home/runner/.m2/repository/io/jaegertracing/jaeger-thrift/1.6.0/jaeger-thrift-1.6.0.jar:/home/runner/.m2/repository/org/apache/thrift/libthrift/0.14.1/libthrift-0.14.1.jar:/home/runner/.m2/repository/com/squareup/okhttp3/okhttp/4.9.0/okhttp-4.9.0.jar:/home/runner/.m2/repository/com/squareup/okio/okio/2.8.0/okio-2.8.0.jar:/home/runner/.m2/repository/io/jaegertracing/jaeger-core/1.6.0/jaeger-core-1.6.0.jar:/home/runner/.m2/repository/io/jaegertracing/jaeger-tracerresolver/1.6.0/jaeger-tracerresolver-1.6.0.jar:/home/runner/.m2/repository/io/opentracing/contrib/opentracing-tracerresolver/0.1.8/opentracing-tracerresolver-0.1.8.jar:/home/runner/.m2/repository/org/jetbrains/kotlin/kotlin-stdlib/1.4.31/kotlin-stdlib-1.4.31.jar:/home/runner/.m2/repository/org/jetbrains/kotlin/kotlin-stdlib-common/1.4.31/kotlin-stdlib-common-1.4.31.jar:/home/runner/.m2/repository/org/jetbrains/annotations/13.0/annotations-13.0.jar:/home/runner/.m2/repository/io/opentracing/opentracing-util/0.33.0/opentracing-util-0.33.0.jar:/home/runner/.m2/repository/io/opentracing/opentracing-api/0.33.0/opentracing-api-0.33.0.jar:/home/runner/.m2/repository/io/opentracing/opentracing-noop/0.33.0/opentracing-noop-0.33.0.jar:/home/runner/.m2/repository/org/yaml/snakeyaml/1.26/snakeyaml-1.26.jar:/home/runner/.m2/repository/org/apache/ozone/hdds-interface-admin/1.2.0-SNAPSHOT/hdds-interface-admin-1.2.0-SNAPSHOT.jar:/home/runner/.m2/repository/junit/junit/4.13.1/junit-4.13.1.jar:/home/runner/.m2/repository/org/hamcrest/hamcrest-core/1.3/hamcrest-core-1.3.jar:/home/runner/.m2/repository/org/junit/jupiter/junit-jupiter-api/5.7.0/junit-jupiter-api-5.7.0.jar:/home/runner/.m2/repository/org/apiguardian/apiguardian-api/1.1.0/apiguardian-api-1.1.0.jar:/home/runner/.m2/repository/org/opentest4j/opentest4j/1.2.0/opentest4j-1.2.0.jar:/home/runner/.m2/repository/org/junit/platform/junit-platform-commons/1.7.0/junit-platform-commons-1.7.0.jar:/home/runner/.m2/repository/org/junit/jupiter/junit-jupiter-engine/5.7.0/junit-jupiter-engine-5.7.0.jar:/home/runner/.m2/repository/org/junit/platform/junit-platform-engine/1.7.0/junit-platform-engine-1.7.0.jar:/home/runner/.m2/repository/org/junit/vintage/junit-vintage-engine/5.7.0/junit-vintage-engine-5.7.0.jar:/home/runner/.m2/repository/org/junit/platform/junit-platform-launcher/1.7.0/junit-platform-launcher-1.7.0.jar:/home/runner/.m2/repository/org/openjdk/jmh/jmh-core/1.19/jmh-core-1.19.jar:/home/runner/.m2/repository/net/sf/jopt-simple/jopt-simple/4.6/jopt-simple-4.6.jar:/home/runner/.m2/repository/org/apache/commons/commons-math3/3.1.1/commons-math3-3.1.1.jar:/home/runner/.m2/repository/org/openjdk/jmh/jmh-generator-annprocess/1.19/jmh-generator-annprocess-1.19.jar:/home/runner/.m2/repository/org/mockito/mockito-core/2.28.2/mockito-core-2.28.2.jar:/home/runner/.m2/repository/net/bytebuddy/byte-buddy/1.9.10/byte-buddy-1.9.10.jar:/home/runner/.m2/repository/net/bytebuddy/byte-buddy-agent/1.9.10/byte-buddy-agent-1.9.10.jar:/home/runner/.m2/repository/org/objenesis/objenesis/1.0/objenesis-1.0.jar:/home/runner/.m2/repository/org/apache/hadoop/hadoop-kms/3.3.1/hadoop-kms-3.3.1.jar:/home/runner/.m2/repository/org/apache/hadoop/hadoop-auth/3.3.1/hadoop-auth-3.3.1.jar:/home/runner/.m2/repository/com/nimbusds/nimbus-jose-jwt/7.9/nimbus-jose-jwt-7.9.jar:/home/runner/.m2/repository/com/github/stephenc/jcip/jcip-annotations/1.0-1/jcip-annotations-1.0-1.jar:/home/runner/.m2/repository/net/minidev/json-smart/2.3/json-smart-2.3.jar:/home/runner/.m2/repository/net/minidev/accessors-smart/1.2/accessors-smart-1.2.jar:/home/runner/.m2/repository/org/ow2/asm/asm/5.0.4/asm-5.0.4.jar:/home/runner/.m2/repository/org/apache/zookeeper/zookeeper/3.5.6/zookeeper-3.5.6.jar:/home/runner/.m2/repository/org/apache/zookeeper/zookeeper-jute/3.5.6/zookeeper-jute-3.5.6.jar:/home/runner/.m2/repository/org/apache/yetus/audience-annotations/0.5.0/audience-annotations-0.5.0.jar:/home/runner/.m2/repository/org/apache/curator/curator-framework/4.2.0/curator-framework-4.2.0.jar:/home/runner/.m2/repository/org/apache/hadoop/thirdparty/hadoop-shaded-guava/1.1.1/hadoop-shaded-guava-1.1.1.jar:/home/runner/.m2/repository/com/sun/jersey/jersey-core/1.19/jersey-core-1.19.jar:/home/runner/.m2/repository/javax/ws/rs/jsr311-api/1.1.1/jsr311-api-1.1.1.jar:/home/runner/.m2/repository/com/sun/jersey/jersey-server/1.19/jersey-server-1.19.jar:/home/runner/.m2/repository/javax/servlet/javax.servlet-api/3.1.0/javax.servlet-api-3.1.0.jar:/home/runner/.m2/repository/org/eclipse/jetty/jetty-server/9.4.43.v20210629/jetty-server-9.4.43.v20210629.jar:/home/runner/.m2/repository/org/eclipse/jetty/jetty-http/9.4.43.v20210629/jetty-http-9.4.43.v20210629.jar:/home/runner/.m2/repository/org/eclipse/jetty/jetty-io/9.4.43.v20210629/jetty-io-9.4.43.v20210629.jar:/home/runner/.m2/repository/org/eclipse/jetty/jetty-webapp/9.4.43.v20210629/jetty-webapp-9.4.43.v20210629.jar:/home/runner/.m2/repository/org/eclipse/jetty/jetty-xml/9.4.43.v20210629/jetty-xml-9.4.43.v20210629.jar:/home/runner/.m2/repository/org/apache/hadoop/hadoop-common/3.3.1/hadoop-common-3.3.1.jar:/home/runner/.m2/repository/commons-net/commons-net/3.6/commons-net-3.6.jar:/home/runner/.m2/repository/jakarta/activation/jakarta.activation-api/1.2.1/jakarta.activation-api-1.2.1.jar:/home/runner/.m2/repository/com/sun/jersey/jersey-servlet/1.19/jersey-servlet-1.19.jar:/home/runner/.m2/repository/com/sun/jersey/jersey-json/1.19/jersey-json-1.19.jar:/home/runner/.m2/repository/org/codehaus/jettison/jettison/1.1/jettison-1.1.jar:/home/runner/.m2/repository/com/sun/xml/bind/jaxb-impl/2.2.3-1/jaxb-impl-2.2.3-1.jar:/home/runner/.m2/repository/org/codehaus/jackson/jackson-jaxrs/1.9.2/jackson-jaxrs-1.9.2.jar:/home/runner/.m2/repository/org/codehaus/jackson/jackson-xc/1.9.2/jackson-xc-1.9.2.jar:/home/runner/.m2/repository/org/apache/commons/commons-configuration2/2.1.1/commons-configuration2-2.1.1.jar:/home/runner/.m2/repository/org/apache/commons/commons-text/1.4/commons-text-1.4.jar:/home/runner/.m2/repository/com/google/re2j/re2j/1.1/re2j-1.1.jar:/home/runner/.m2/repository/com/jcraft/jsch/0.1.54/jsch-0.1.54.jar:/home/runner/.m2/repository/org/apache/curator/curator-client/4.2.0/curator-client-4.2.0.jar:/home/runner/.m2/repository/org/apache/curator/curator-recipes/4.2.0/curator-recipes-4.2.0.jar:/home/runner/.m2/repository/org/apache/kerby/kerb-core/1.0.1/kerb-core-1.0.1.jar:/home/runner/.m2/repository/org/apache/kerby/kerby-pkix/1.0.1/kerby-pkix-1.0.1.jar:/home/runner/.m2/repository/org/apache/kerby/kerby-asn1/1.0.1/kerby-asn1-1.0.1.jar:/home/runner/.m2/repository/org/apache/kerby/kerby-util/1.0.1/kerby-util-1.0.1.jar:/home/runner/.m2/repository/dnsjava/dnsjava/2.1.7/dnsjava-2.1.7.jar:/home/runner/.m2/repository/org/xerial/snappy/snappy-java/1.1.8.2/snappy-java-1.1.8.2.jar:/home/runner/.m2/repository/org/slf4j/jul-to-slf4j/1.7.30/jul-to-slf4j-1.7.30.jar:/home/runner/.m2/repository/org/eclipse/jetty/jetty-util/9.4.43.v20210629/jetty-util-9.4.43.v20210629.jar:/home/runner/.m2/repository/com/fasterxml/jackson/core/jackson-databind/2.12.1/jackson-databind-2.12.1.jar:/home/runner/.m2/repository/org/apache/hadoop/hadoop-kms/3.3.1/hadoop-kms-3.3.1-tests.jar:/home/runner/.m2/repository/org/apache/ozone/hdds-server-scm/1.2.0-SNAPSHOT/hdds-server-scm-1.2.0-SNAPSHOT-tests.jar:/home/runner/.m2/repository/org/apache/ozone/hdds-container-service/1.2.0-SNAPSHOT/hdds-container-service-1.2.0-SNAPSHOT-tests.jar:/home/runner/.m2/repository/commons-codec/commons-codec/1.11/commons-codec-1.11.jar:/home/runner/.m2/repository/io/netty/netty-transport/4.1.63.Final/netty-transport-4.1.63.Final.jar:/home/runner/.m2/repository/io/netty/netty-resolver/4.1.63.Final/netty-resolver-4.1.63.Final.jar:/home/runner/.m2/repository/io/netty/netty-codec/4.1.63.Final/netty-codec-4.1.63.Final.jar:/home/runner/.m2/repository/io/netty/netty-handler/4.1.63.Final/netty-handler-4.1.63.Final.jar:/home/runner/.m2/repository/org/apache/ozone/hdds-hadoop-dependency-test/1.2.0-SNAPSHOT/hdds-hadoop-dependency-test-1.2.0-SNAPSHOT.jar:/home/runner/.m2/repository/org/apache/hadoop/hadoop-common/3.3.1/hadoop-common-3.3.1-tests.jar:/home/runner/.m2/repository/org/assertj/assertj-core/3.12.2/assertj-core-3.12.2.jar:/home/runner/.m2/repository/org/apache/hadoop/hadoop-hdfs/3.3.1/hadoop-hdfs-3.3.1-tests.jar:/home/runner/.m2/repository/org/eclipse/jetty/jetty-util-ajax/9.4.43.v20210629/jetty-util-ajax-9.4.43.v20210629.jar:/home/runner/.m2/repository/commons-daemon/commons-daemon/1.0.13/commons-daemon-1.0.13.jar:/home/runner/.m2/repository/io/netty/netty/3.10.6.Final/netty-3.10.6.Final.jar:/home/runner/.m2/repository/io/netty/netty-all/4.1.63.Final/netty-all-4.1.63.Final.jar:/home/runner/.m2/repository/org/apache/htrace/htrace-core4/4.1.0-incubating/htrace-core4-4.1.0-incubating.jar:/home/runner/.m2/repository/org/fusesource/leveldbjni/leveldbjni-all/1.8/leveldbjni-all-1.8.jar:/home/runner/.m2/repository/org/apache/hadoop/hadoop-distcp/3.3.1/hadoop-distcp-3.3.1.jar:/home/runner/.m2/repository/org/apache/hadoop/hadoop-mapreduce-client-jobclient/3.3.1/hadoop-mapreduce-client-jobclient-3.3.1.jar:/home/runner/.m2/repository/org/apache/hadoop/hadoop-mapreduce-client-common/3.3.1/hadoop-mapreduce-client-common-3.3.1.jar:/home/runner/.m2/repository/org/apache/hadoop/hadoop-yarn-common/3.3.1/hadoop-yarn-common-3.3.1.jar:/home/runner/.m2/repository/org/apache/hadoop/hadoop-yarn-api/3.3.1/hadoop-yarn-api-3.3.1.jar:/home/runner/.m2/repository/com/sun/jersey/jersey-client/1.19/jersey-client-1.19.jar:/home/runner/.m2/repository/com/sun/jersey/contribs/jersey-guice/1.19/jersey-guice-1.19.jar:/home/runner/.m2/repository/com/fasterxml/jackson/jaxrs/jackson-jaxrs-json-provider/2.12.1/jackson-jaxrs-json-provider-2.12.1.jar:/home/runner/.m2/repository/com/fasterxml/jackson/jaxrs/jackson-jaxrs-base/2.12.1/jackson-jaxrs-base-2.12.1.jar:/home/runner/.m2/repository/org/apache/hadoop/hadoop-yarn-client/3.3.1/hadoop-yarn-client-3.3.1.jar:/home/runner/.m2/repository/org/eclipse/jetty/websocket/websocket-client/9.4.40.v20210413/websocket-client-9.4.40.v20210413.jar:/home/runner/.m2/repository/org/eclipse/jetty/jetty-client/9.4.40.v20210413/jetty-client-9.4.40.v20210413.jar:/home/runner/.m2/repository/org/eclipse/jetty/websocket/websocket-common/9.4.40.v20210413/websocket-common-9.4.40.v20210413.jar:/home/runner/.m2/repository/org/eclipse/jetty/websocket/websocket-api/9.4.40.v20210413/websocket-api-9.4.40.v20210413.jar:/home/runner/.m2/repository/org/jline/jline/3.9.0/jline-3.9.0.jar:/home/runner/.m2/repository/org/apache/hadoop/hadoop-mapreduce-client-core/3.3.1/hadoop-mapreduce-client-core-3.3.1.jar:/home/runner/.m2/repository/org/apache/avro/avro/1.7.7/avro-1.7.7.jar:/home/runner/.m2/repository/org/codehaus/jackson/jackson-core-asl/1.9.13/jackson-core-asl-1.9.13.jar:/home/runner/.m2/repository/org/codehaus/jackson/jackson-mapper-asl/1.9.13/jackson-mapper-asl-1.9.13.jar:/home/runner/.m2/repository/com/thoughtworks/paranamer/paranamer/2.3/paranamer-2.3.jar:/home/runner/.m2/repository/org/apache/hadoop/hadoop-annotations/3.3.1/hadoop-annotations-3.3.1.jar:/usr/lib/jvm/adoptopenjdk-8-hotspot-amd64/jre/../lib/tools.jar:/home/runner/.m2/repository/org/apache/hadoop/hadoop-distcp/3.3.1/hadoop-distcp-3.3.1-tests.jar:"/>
    <property name="java.vm.vendor" value="AdoptOpenJDK"/>
    <property name="sun.arch.data.model" value="64"/>
    <property name="test.build.dir" value="/home/runner/work/ozone/ozone/hadoop-ozone/integration-test/target/test-dir"/>
    <property name="test.cache.data" value=""/>
    <property name="java.vendor.url" value="https://adoptopenjdk.net/"/>
    <property name="user.timezone" value=""/>
    <property name="java.vm.specification.version" value="1.8"/>
    <property name="os.name" value="Linux"/>
    <property name="test.build.data" value="/home/runner/work/ozone/ozone/hadoop-ozone/integration-test/target/test-dir"/>
    <property name="sun.java.launcher" value="SUN_STANDARD"/>
    <property name="sun.boot.library.path" value="/usr/lib/jvm/adoptopenjdk-8-hotspot-amd64/jre/lib/amd64"/>
    <property name="sun.java.command" value="/home/runner/work/ozone/ozone/hadoop-ozone/integration-test/target/surefire/surefirebooter6571586079257348240.jar /home/runner/work/ozone/ozone/hadoop-ozone/integration-test/target/surefire 2021-08-14T00-54-53_036-jvmRun1 surefire4571481602040726892tmp surefire_146933550968886826689tmp"/>
    <property name="surefire.test.class.path" value="/home/runner/work/ozone/ozone/hadoop-ozone/integration-test/target/test-classes:/home/runner/work/ozone/ozone/hadoop-ozone/integration-test/target/classes:/home/runner/.m2/repository/org/apache/ozone/ozone-common/1.2.0-SNAPSHOT/ozone-common-1.2.0-SNAPSHOT.jar:/home/runner/.m2/repository/org/apache/commons/commons-compress/1.20/commons-compress-1.20.jar:/home/runner/.m2/repository/org/apache/ozone/hdds-common/1.2.0-SNAPSHOT/hdds-common-1.2.0-SNAPSHOT.jar:/home/runner/.m2/repository/org/apache/ozone/hdds-client/1.2.0-SNAPSHOT/hdds-client-1.2.0-SNAPSHOT.jar:/home/runner/.m2/repository/org/apache/ozone/ozone-interface-client/1.2.0-SNAPSHOT/ozone-interface-client-1.2.0-SNAPSHOT.jar:/home/runner/.m2/repository/org/apache/ozone/hdds-server-framework/1.2.0-SNAPSHOT/hdds-server-framework-1.2.0-SNAPSHOT.jar:/home/runner/.m2/repository/org/apache/ozone/hdds-interface-server/1.2.0-SNAPSHOT/hdds-interface-server-1.2.0-SNAPSHOT.jar:/home/runner/.m2/repository/org/eclipse/jetty/jetty-servlet/9.4.43.v20210629/jetty-servlet-9.4.43.v20210629.jar:/home/runner/.m2/repository/org/eclipse/jetty/jetty-security/9.4.43.v20210629/jetty-security-9.4.43.v20210629.jar:/home/runner/.m2/repository/org/rocksdb/rocksdbjni/6.20.3/rocksdbjni-6.20.3.jar:/home/runner/.m2/repository/io/prometheus/simpleclient_dropwizard/0.7.0/simpleclient_dropwizard-0.7.0.jar:/home/runner/.m2/repository/io/prometheus/simpleclient/0.7.0/simpleclient-0.7.0.jar:/home/runner/.m2/repository/io/prometheus/simpleclient_common/0.7.0/simpleclient_common-0.7.0.jar:/home/runner/.m2/repository/com/fasterxml/jackson/datatype/jackson-datatype-jsr310/2.12.1/jackson-datatype-jsr310-2.12.1.jar:/home/runner/.m2/repository/org/apache/ozone/hdds-test-utils/1.2.0-SNAPSHOT/hdds-test-utils-1.2.0-SNAPSHOT.jar:/home/runner/.m2/repository/com/google/guava/guava/30.1.1-jre/guava-30.1.1-jre.jar:/home/runner/.m2/repository/com/google/guava/failureaccess/1.0.1/failureaccess-1.0.1.jar:/home/runner/.m2/repository/com/google/guava/listenablefuture/9999.0-empty-to-avoid-conflict-with-guava/listenablefuture-9999.0-empty-to-avoid-conflict-with-guava.jar:/home/runner/.m2/repository/com/google/code/findbugs/jsr305/3.0.0/jsr305-3.0.0.jar:/home/runner/.m2/repository/org/checkerframework/checker-qual/3.8.0/checker-qual-3.8.0.jar:/home/runner/.m2/repository/com/google/errorprone/error_prone_annotations/2.2.0/error_prone_annotations-2.2.0.jar:/home/runner/.m2/repository/com/google/j2objc/j2objc-annotations/1.3/j2objc-annotations-1.3.jar:/home/runner/.m2/repository/commons-io/commons-io/2.8.0/commons-io-2.8.0.jar:/home/runner/.m2/repository/commons-logging/commons-logging/1.2/commons-logging-1.2.jar:/home/runner/.m2/repository/log4j/log4j/1.2.17/log4j-1.2.17.jar:/home/runner/.m2/repository/org/slf4j/slf4j-api/1.7.30/slf4j-api-1.7.30.jar:/home/runner/.m2/repository/org/apache/ozone/hdds-server-scm/1.2.0-SNAPSHOT/hdds-server-scm-1.2.0-SNAPSHOT.jar:/home/runner/.m2/repository/org/apache/ozone/hdds-container-service/1.2.0-SNAPSHOT/hdds-container-service-1.2.0-SNAPSHOT.jar:/home/runner/.m2/repository/org/apache/ozone/hdds-hadoop-dependency-server/1.2.0-SNAPSHOT/hdds-hadoop-dependency-server-1.2.0-SNAPSHOT.jar:/home/runner/.m2/repository/org/apache/hadoop/hadoop-hdfs/3.3.1/hadoop-hdfs-3.3.1.jar:/home/runner/.m2/repository/io/dropwizard/metrics/metrics-core/3.2.4/metrics-core-3.2.4.jar:/home/runner/.m2/repository/org/apache/hadoop/hadoop-hdfs-client/3.3.1/hadoop-hdfs-client-3.3.1.jar:/home/runner/.m2/repository/org/bouncycastle/bcprov-jdk15on/1.67/bcprov-jdk15on-1.67.jar:/home/runner/.m2/repository/com/google/protobuf/protobuf-java/2.5.0/protobuf-java-2.5.0.jar:/home/runner/.m2/repository/org/apache/ozone/ozone-manager/1.2.0-SNAPSHOT/ozone-manager-1.2.0-SNAPSHOT.jar:/home/runner/.m2/repository/org/aspectj/aspectjrt/1.8.9/aspectjrt-1.8.9.jar:/home/runner/.m2/repository/org/aspectj/aspectjweaver/1.8.9/aspectjweaver-1.8.9.jar:/home/runner/.m2/repository/org/apache/ozone/hdds-interface-client/1.2.0-SNAPSHOT/hdds-interface-client-1.2.0-SNAPSHOT.jar:/home/runner/.m2/repository/org/apache/hadoop/thirdparty/hadoop-shaded-protobuf_3_7/1.1.1/hadoop-shaded-protobuf_3_7-1.1.1.jar:/home/runner/.m2/repository/org/apache/ratis/ratis-thirdparty-misc/0.7.0/ratis-thirdparty-misc-0.7.0.jar:/home/runner/.m2/repository/org/apache/ozone/ozone-interface-storage/1.2.0-SNAPSHOT/ozone-interface-storage-1.2.0-SNAPSHOT.jar:/home/runner/.m2/repository/org/reflections/reflections/0.9.11/reflections-0.9.11.jar:/home/runner/.m2/repository/org/apache/hadoop/hadoop-minikdc/3.3.1/hadoop-minikdc-3.3.1.jar:/home/runner/.m2/repository/org/apache/kerby/kerb-simplekdc/1.0.1/kerb-simplekdc-1.0.1.jar:/home/runner/.m2/repository/org/apache/kerby/kerb-client/1.0.1/kerb-client-1.0.1.jar:/home/runner/.m2/repository/org/apache/kerby/kerby-config/1.0.1/kerby-config-1.0.1.jar:/home/runner/.m2/repository/org/apache/kerby/kerb-common/1.0.1/kerb-common-1.0.1.jar:/home/runner/.m2/repository/org/apache/kerby/kerb-crypto/1.0.1/kerb-crypto-1.0.1.jar:/home/runner/.m2/repository/org/apache/kerby/kerb-util/1.0.1/kerb-util-1.0.1.jar:/home/runner/.m2/repository/org/apache/kerby/token-provider/1.0.1/token-provider-1.0.1.jar:/home/runner/.m2/repository/org/apache/kerby/kerb-admin/1.0.1/kerb-admin-1.0.1.jar:/home/runner/.m2/repository/org/apache/kerby/kerb-server/1.0.1/kerb-server-1.0.1.jar:/home/runner/.m2/repository/org/apache/kerby/kerb-identity/1.0.1/kerb-identity-1.0.1.jar:/home/runner/.m2/repository/org/apache/kerby/kerby-xdr/1.0.1/kerby-xdr-1.0.1.jar:/home/runner/.m2/repository/org/slf4j/slf4j-log4j12/1.7.30/slf4j-log4j12-1.7.30.jar:/home/runner/.m2/repository/org/apache/ozone/ozone-s3gateway/1.2.0-SNAPSHOT/ozone-s3gateway-1.2.0-SNAPSHOT.jar:/home/runner/.m2/repository/org/javassist/javassist/3.21.0-GA/javassist-3.21.0-GA.jar:/home/runner/.m2/repository/org/jboss/weld/servlet/weld-servlet/2.4.7.Final/weld-servlet-2.4.7.Final.jar:/home/runner/.m2/repository/org/glassfish/jersey/containers/jersey-container-servlet-core/2.33/jersey-container-servlet-core-2.33.jar:/home/runner/.m2/repository/org/glassfish/hk2/external/jakarta.inject/2.6.1/jakarta.inject-2.6.1.jar:/home/runner/.m2/repository/org/glassfish/jersey/core/jersey-common/2.33/jersey-common-2.33.jar:/home/runner/.m2/repository/jakarta/ws/rs/jakarta.ws.rs-api/2.1.6/jakarta.ws.rs-api-2.1.6.jar:/home/runner/.m2/repository/org/glassfish/jersey/ext/cdi/jersey-cdi1x/2.33/jersey-cdi1x-2.33.jar:/home/runner/.m2/repository/org/glassfish/jersey/inject/jersey-hk2/2.33/jersey-hk2-2.33.jar:/home/runner/.m2/repository/org/glassfish/hk2/hk2-locator/2.6.1/hk2-locator-2.6.1.jar:/home/runner/.m2/repository/org/glassfish/jersey/media/jersey-media-jaxb/2.33/jersey-media-jaxb-2.33.jar:/home/runner/.m2/repository/org/glassfish/hk2/osgi-resource-locator/1.0.3/osgi-resource-locator-1.0.3.jar:/home/runner/.m2/repository/org/glassfish/hk2/hk2-api/2.5.0/hk2-api-2.5.0.jar:/home/runner/.m2/repository/org/glassfish/hk2/hk2-utils/2.5.0/hk2-utils-2.5.0.jar:/home/runner/.m2/repository/org/glassfish/hk2/external/aopalliance-repackaged/2.5.0/aopalliance-repackaged-2.5.0.jar:/home/runner/.m2/repository/com/fasterxml/jackson/dataformat/jackson-dataformat-xml/2.12.1/jackson-dataformat-xml-2.12.1.jar:/home/runner/.m2/repository/com/fasterxml/jackson/core/jackson-core/2.12.1/jackson-core-2.12.1.jar:/home/runner/.m2/repository/com/fasterxml/jackson/module/jackson-module-jaxb-annotations/2.12.1/jackson-module-jaxb-annotations-2.12.1.jar:/home/runner/.m2/repository/jakarta/xml/bind/jakarta.xml.bind-api/2.3.2/jakarta.xml.bind-api-2.3.2.jar:/home/runner/.m2/repository/org/codehaus/woodstox/stax2-api/3.1.4/stax2-api-3.1.4.jar:/home/runner/.m2/repository/com/fasterxml/woodstox/woodstox-core/5.0.3/woodstox-core-5.0.3.jar:/home/runner/.m2/repository/javax/enterprise/cdi-api/1.2/cdi-api-1.2.jar:/home/runner/.m2/repository/javax/el/javax.el-api/3.0.0/javax.el-api-3.0.0.jar:/home/runner/.m2/repository/javax/interceptor/javax.interceptor-api/1.2/javax.interceptor-api-1.2.jar:/home/runner/.m2/repository/javax/inject/javax.inject/1/javax.inject-1.jar:/home/runner/.m2/repository/javax/xml/bind/jaxb-api/2.3.0/jaxb-api-2.3.0.jar:/home/runner/.m2/repository/org/glassfish/jaxb/jaxb-runtime/2.3.0.1/jaxb-runtime-2.3.0.1.jar:/home/runner/.m2/repository/org/glassfish/jaxb/jaxb-core/2.3.0.1/jaxb-core-2.3.0.1.jar:/home/runner/.m2/repository/org/glassfish/jaxb/txw2/2.3.0.1/txw2-2.3.0.1.jar:/home/runner/.m2/repository/com/sun/istack/istack-commons-runtime/3.0.5/istack-commons-runtime-3.0.5.jar:/home/runner/.m2/repository/org/jvnet/staxex/stax-ex/1.7.8/stax-ex-1.7.8.jar:/home/runner/.m2/repository/com/sun/xml/fastinfoset/FastInfoset/1.2.13/FastInfoset-1.2.13.jar:/home/runner/.m2/repository/javax/activation/activation/1.1.1/activation-1.1.1.jar:/home/runner/.m2/repository/org/apache/ozone/ozone-csi/1.2.0-SNAPSHOT/ozone-csi-1.2.0-SNAPSHOT.jar:/home/runner/.m2/repository/com/google/protobuf/protobuf-java-util/3.12.0/protobuf-java-util-3.12.0.jar:/home/runner/.m2/repository/com/google/code/gson/gson/2.2.4/gson-2.2.4.jar:/home/runner/.m2/repository/org/apache/ozone/hdds-config/1.2.0-SNAPSHOT/hdds-config-1.2.0-SNAPSHOT.jar:/home/runner/.m2/repository/io/grpc/grpc-netty/1.33.0/grpc-netty-1.33.0.jar:/home/runner/.m2/repository/io/grpc/grpc-core/1.33.0/grpc-core-1.33.0.jar:/home/runner/.m2/repository/com/google/android/annotations/4.1.1.4/annotations-4.1.1.4.jar:/home/runner/.m2/repository/io/netty/netty-codec-http2/4.1.63.Final/netty-codec-http2-4.1.63.Final.jar:/home/runner/.m2/repository/io/netty/netty-codec-http/4.1.63.Final/netty-codec-http-4.1.63.Final.jar:/home/runner/.m2/repository/io/netty/netty-handler-proxy/4.1.63.Final/netty-handler-proxy-4.1.63.Final.jar:/home/runner/.m2/repository/io/netty/netty-codec-socks/4.1.63.Final/netty-codec-socks-4.1.63.Final.jar:/home/runner/.m2/repository/io/perfmark/perfmark-api/0.19.0/perfmark-api-0.19.0.jar:/home/runner/.m2/repository/org/codehaus/mojo/animal-sniffer-annotations/1.18/animal-sniffer-annotations-1.18.jar:/home/runner/.m2/repository/io/netty/netty-transport-native-epoll/4.1.63.Final/netty-transport-native-epoll-4.1.63.Final.jar:/home/runner/.m2/repository/io/netty/netty-common/4.1.63.Final/netty-common-4.1.63.Final.jar:/home/runner/.m2/repository/io/netty/netty-buffer/4.1.63.Final/netty-buffer-4.1.63.Final.jar:/home/runner/.m2/repository/io/netty/netty-transport-native-unix-common/4.1.63.Final/netty-transport-native-unix-common-4.1.63.Final.jar:/home/runner/.m2/repository/io/grpc/grpc-protobuf/1.33.0/grpc-protobuf-1.33.0.jar:/home/runner/.m2/repository/io/grpc/grpc-api/1.33.0/grpc-api-1.33.0.jar:/home/runner/.m2/repository/io/grpc/grpc-context/1.33.0/grpc-context-1.33.0.jar:/home/runner/.m2/repository/com/google/api/grpc/proto-google-common-protos/1.17.0/proto-google-common-protos-1.17.0.jar:/home/runner/.m2/repository/io/grpc/grpc-protobuf-lite/1.33.0/grpc-protobuf-lite-1.33.0.jar:/home/runner/.m2/repository/io/grpc/grpc-stub/1.33.0/grpc-stub-1.33.0.jar:/home/runner/.m2/repository/org/apache/ozone/ozone-recon/1.2.0-SNAPSHOT/ozone-recon-1.2.0-SNAPSHOT.jar:/home/runner/.m2/repository/org/apache/ozone/ozone-reconcodegen/1.2.0-SNAPSHOT/ozone-reconcodegen-1.2.0-SNAPSHOT.jar:/home/runner/.m2/repository/com/google/inject/extensions/guice-multibindings/4.0/guice-multibindings-4.0.jar:/home/runner/.m2/repository/com/google/inject/guice/4.0/guice-4.0.jar:/home/runner/.m2/repository/aopalliance/aopalliance/1.0/aopalliance-1.0.jar:/home/runner/.m2/repository/com/google/inject/extensions/guice-assistedinject/4.0/guice-assistedinject-4.0.jar:/home/runner/.m2/repository/com/google/inject/extensions/guice-servlet/4.0/guice-servlet-4.0.jar:/home/runner/.m2/repository/org/glassfish/jersey/containers/jersey-container-servlet/2.33/jersey-container-servlet-2.33.jar:/home/runner/.m2/repository/org/glassfish/hk2/guice-bridge/2.5.0/guice-bridge-2.5.0.jar:/home/runner/.m2/repository/org/glassfish/jersey/core/jersey-server/2.33/jersey-server-2.33.jar:/home/runner/.m2/repository/org/glassfish/jersey/core/jersey-client/2.33/jersey-client-2.33.jar:/home/runner/.m2/repository/jakarta/annotation/jakarta.annotation-api/1.3.5/jakarta.annotation-api-1.3.5.jar:/home/runner/.m2/repository/jakarta/validation/jakarta.validation-api/2.0.2/jakarta.validation-api-2.0.2.jar:/home/runner/.m2/repository/org/glassfish/jersey/media/jersey-media-json-jackson/2.33/jersey-media-json-jackson-2.33.jar:/home/runner/.m2/repository/org/glassfish/jersey/ext/jersey-entity-filtering/2.33/jersey-entity-filtering-2.33.jar:/home/runner/.m2/repository/org/jooq/jooq/3.11.10/jooq-3.11.10.jar:/home/runner/.m2/repository/org/jooq/jooq-meta/3.11.10/jooq-meta-3.11.10.jar:/home/runner/.m2/repository/org/jooq/jooq-codegen/3.11.10/jooq-codegen-3.11.10.jar:/home/runner/.m2/repository/com/jolbox/bonecp/0.8.0.RELEASE/bonecp-0.8.0.RELEASE.jar:/home/runner/.m2/repository/org/apache/derby/derby/10.14.2.0/derby-10.14.2.0.jar:/home/runner/.m2/repository/org/xerial/sqlite-jdbc/3.25.2/sqlite-jdbc-3.25.2.jar:/home/runner/.m2/repository/org/springframework/spring-jdbc/5.2.11.RELEASE/spring-jdbc-5.2.11.RELEASE.jar:/home/runner/.m2/repository/org/springframework/spring-beans/5.2.11.RELEASE/spring-beans-5.2.11.RELEASE.jar:/home/runner/.m2/repository/org/springframework/spring-core/5.2.11.RELEASE/spring-core-5.2.11.RELEASE.jar:/home/runner/.m2/repository/org/springframework/spring-jcl/5.2.11.RELEASE/spring-jcl-5.2.11.RELEASE.jar:/home/runner/.m2/repository/org/springframework/spring-tx/5.2.11.RELEASE/spring-tx-5.2.11.RELEASE.jar:/home/runner/.m2/repository/org/apache/ozone/ozone-client/1.2.0-SNAPSHOT/ozone-client-1.2.0-SNAPSHOT.jar:/home/runner/.m2/repository/org/apache/ozone/ozone-filesystem/1.2.0-SNAPSHOT/ozone-filesystem-1.2.0-SNAPSHOT.jar:/home/runner/.m2/repository/org/apache/ozone/ozone-filesystem-common/1.2.0-SNAPSHOT/ozone-filesystem-common-1.2.0-SNAPSHOT.jar:/home/runner/.m2/repository/org/apache/ozone/ozone-tools/1.2.0-SNAPSHOT/ozone-tools-1.2.0-SNAPSHOT.jar:/home/runner/.m2/repository/org/apache/ratis/ratis-tools/2.1.0-03f3b68-SNAPSHOT/ratis-tools-2.1.0-03f3b68-SNAPSHOT.jar:/home/runner/.m2/repository/org/apache/ratis/ratis-proto/2.1.0-03f3b68-SNAPSHOT/ratis-proto-2.1.0-03f3b68-SNAPSHOT.jar:/home/runner/.m2/repository/org/apache/ratis/ratis-common/2.1.0-03f3b68-SNAPSHOT/ratis-common-2.1.0-03f3b68-SNAPSHOT.jar:/home/runner/.m2/repository/com/amazonaws/aws-java-sdk-core/1.11.901/aws-java-sdk-core-1.11.901.jar:/home/runner/.m2/repository/org/apache/httpcomponents/httpclient/4.5.13/httpclient-4.5.13.jar:/home/runner/.m2/repository/org/apache/httpcomponents/httpcore/4.4.13/httpcore-4.4.13.jar:/home/runner/.m2/repository/software/amazon/ion/ion-java/1.0.2/ion-java-1.0.2.jar:/home/runner/.m2/repository/com/fasterxml/jackson/dataformat/jackson-dataformat-cbor/2.12.1/jackson-dataformat-cbor-2.12.1.jar:/home/runner/.m2/repository/joda-time/joda-time/2.8.1/joda-time-2.8.1.jar:/home/runner/.m2/repository/com/amazonaws/aws-java-sdk-s3/1.11.901/aws-java-sdk-s3-1.11.901.jar:/home/runner/.m2/repository/com/amazonaws/aws-java-sdk-kms/1.11.901/aws-java-sdk-kms-1.11.901.jar:/home/runner/.m2/repository/com/amazonaws/jmespath-java/1.11.901/jmespath-java-1.11.901.jar:/home/runner/.m2/repository/org/kohsuke/metainf-services/metainf-services/1.8/metainf-services-1.8.jar:/home/runner/.m2/repository/org/apache/ozone/hdds-tools/1.2.0-SNAPSHOT/hdds-tools-1.2.0-SNAPSHOT.jar:/home/runner/.m2/repository/commons-cli/commons-cli/1.2/commons-cli-1.2.jar:/home/runner/.m2/repository/org/apache/commons/commons-lang3/3.7/commons-lang3-3.7.jar:/home/runner/.m2/repository/org/apache/ozone/ozone-manager/1.2.0-SNAPSHOT/ozone-manager-1.2.0-SNAPSHOT-tests.jar:/home/runner/.m2/repository/org/apache/ozone/hdds-common/1.2.0-SNAPSHOT/hdds-common-1.2.0-SNAPSHOT-tests.jar:/home/runner/.m2/repository/org/apache/ozone/hdds-hadoop-dependency-client/1.2.0-SNAPSHOT/hdds-hadoop-dependency-client-1.2.0-SNAPSHOT.jar:/home/runner/.m2/repository/info/picocli/picocli/4.4.0/picocli-4.4.0.jar:/home/runner/.m2/repository/com/fasterxml/jackson/core/jackson-annotations/2.12.1/jackson-annotations-2.12.1.jar:/home/runner/.m2/repository/javax/annotation/javax.annotation-api/1.2/javax.annotation-api-1.2.jar:/home/runner/.m2/repository/org/apache/ratis/ratis-server/2.1.0-03f3b68-SNAPSHOT/ratis-server-2.1.0-03f3b68-SNAPSHOT.jar:/home/runner/.m2/repository/org/apache/ratis/ratis-client/2.1.0-03f3b68-SNAPSHOT/ratis-client-2.1.0-03f3b68-SNAPSHOT.jar:/home/runner/.m2/repository/org/apache/ratis/ratis-server-api/2.1.0-03f3b68-SNAPSHOT/ratis-server-api-2.1.0-03f3b68-SNAPSHOT.jar:/home/runner/.m2/repository/org/apache/ratis/ratis-metrics/2.1.0-03f3b68-SNAPSHOT/ratis-metrics-2.1.0-03f3b68-SNAPSHOT.jar:/home/runner/.m2/repository/org/apache/ratis/ratis-netty/2.1.0-03f3b68-SNAPSHOT/ratis-netty-2.1.0-03f3b68-SNAPSHOT.jar:/home/runner/.m2/repository/org/apache/ratis/ratis-grpc/2.1.0-03f3b68-SNAPSHOT/ratis-grpc-2.1.0-03f3b68-SNAPSHOT.jar:/home/runner/.m2/repository/org/apache/logging/log4j/log4j-api/2.13.3/log4j-api-2.13.3.jar:/home/runner/.m2/repository/org/apache/logging/log4j/log4j-core/2.13.3/log4j-core-2.13.3.jar:/home/runner/.m2/repository/com/lmax/disruptor/3.4.2/disruptor-3.4.2.jar:/home/runner/.m2/repository/org/apache/commons/commons-pool2/2.6.0/commons-pool2-2.6.0.jar:/home/runner/.m2/repository/org/bouncycastle/bcpkix-jdk15on/1.67/bcpkix-jdk15on-1.67.jar:/home/runner/.m2/repository/commons-validator/commons-validator/1.6/commons-validator-1.6.jar:/home/runner/.m2/repository/commons-beanutils/commons-beanutils/1.9.4/commons-beanutils-1.9.4.jar:/home/runner/.m2/repository/commons-digester/commons-digester/1.8.1/commons-digester-1.8.1.jar:/home/runner/.m2/repository/commons-collections/commons-collections/3.2.2/commons-collections-3.2.2.jar:/home/runner/.m2/repository/io/jaegertracing/jaeger-client/1.6.0/jaeger-client-1.6.0.jar:/home/runner/.m2/repository/io/jaegertracing/jaeger-thrift/1.6.0/jaeger-thrift-1.6.0.jar:/home/runner/.m2/repository/org/apache/thrift/libthrift/0.14.1/libthrift-0.14.1.jar:/home/runner/.m2/repository/com/squareup/okhttp3/okhttp/4.9.0/okhttp-4.9.0.jar:/home/runner/.m2/repository/com/squareup/okio/okio/2.8.0/okio-2.8.0.jar:/home/runner/.m2/repository/io/jaegertracing/jaeger-core/1.6.0/jaeger-core-1.6.0.jar:/home/runner/.m2/repository/io/jaegertracing/jaeger-tracerresolver/1.6.0/jaeger-tracerresolver-1.6.0.jar:/home/runner/.m2/repository/io/opentracing/contrib/opentracing-tracerresolver/0.1.8/opentracing-tracerresolver-0.1.8.jar:/home/runner/.m2/repository/org/jetbrains/kotlin/kotlin-stdlib/1.4.31/kotlin-stdlib-1.4.31.jar:/home/runner/.m2/repository/org/jetbrains/kotlin/kotlin-stdlib-common/1.4.31/kotlin-stdlib-common-1.4.31.jar:/home/runner/.m2/repository/org/jetbrains/annotations/13.0/annotations-13.0.jar:/home/runner/.m2/repository/io/opentracing/opentracing-util/0.33.0/opentracing-util-0.33.0.jar:/home/runner/.m2/repository/io/opentracing/opentracing-api/0.33.0/opentracing-api-0.33.0.jar:/home/runner/.m2/repository/io/opentracing/opentracing-noop/0.33.0/opentracing-noop-0.33.0.jar:/home/runner/.m2/repository/org/yaml/snakeyaml/1.26/snakeyaml-1.26.jar:/home/runner/.m2/repository/org/apache/ozone/hdds-interface-admin/1.2.0-SNAPSHOT/hdds-interface-admin-1.2.0-SNAPSHOT.jar:/home/runner/.m2/repository/junit/junit/4.13.1/junit-4.13.1.jar:/home/runner/.m2/repository/org/hamcrest/hamcrest-core/1.3/hamcrest-core-1.3.jar:/home/runner/.m2/repository/org/junit/jupiter/junit-jupiter-api/5.7.0/junit-jupiter-api-5.7.0.jar:/home/runner/.m2/repository/org/apiguardian/apiguardian-api/1.1.0/apiguardian-api-1.1.0.jar:/home/runner/.m2/repository/org/opentest4j/opentest4j/1.2.0/opentest4j-1.2.0.jar:/home/runner/.m2/repository/org/junit/platform/junit-platform-commons/1.7.0/junit-platform-commons-1.7.0.jar:/home/runner/.m2/repository/org/junit/jupiter/junit-jupiter-engine/5.7.0/junit-jupiter-engine-5.7.0.jar:/home/runner/.m2/repository/org/junit/platform/junit-platform-engine/1.7.0/junit-platform-engine-1.7.0.jar:/home/runner/.m2/repository/org/junit/vintage/junit-vintage-engine/5.7.0/junit-vintage-engine-5.7.0.jar:/home/runner/.m2/repository/org/junit/platform/junit-platform-launcher/1.7.0/junit-platform-launcher-1.7.0.jar:/home/runner/.m2/repository/org/openjdk/jmh/jmh-core/1.19/jmh-core-1.19.jar:/home/runner/.m2/repository/net/sf/jopt-simple/jopt-simple/4.6/jopt-simple-4.6.jar:/home/runner/.m2/repository/org/apache/commons/commons-math3/3.1.1/commons-math3-3.1.1.jar:/home/runner/.m2/repository/org/openjdk/jmh/jmh-generator-annprocess/1.19/jmh-generator-annprocess-1.19.jar:/home/runner/.m2/repository/org/mockito/mockito-core/2.28.2/mockito-core-2.28.2.jar:/home/runner/.m2/repository/net/bytebuddy/byte-buddy/1.9.10/byte-buddy-1.9.10.jar:/home/runner/.m2/repository/net/bytebuddy/byte-buddy-agent/1.9.10/byte-buddy-agent-1.9.10.jar:/home/runner/.m2/repository/org/objenesis/objenesis/1.0/objenesis-1.0.jar:/home/runner/.m2/repository/org/apache/hadoop/hadoop-kms/3.3.1/hadoop-kms-3.3.1.jar:/home/runner/.m2/repository/org/apache/hadoop/hadoop-auth/3.3.1/hadoop-auth-3.3.1.jar:/home/runner/.m2/repository/com/nimbusds/nimbus-jose-jwt/7.9/nimbus-jose-jwt-7.9.jar:/home/runner/.m2/repository/com/github/stephenc/jcip/jcip-annotations/1.0-1/jcip-annotations-1.0-1.jar:/home/runner/.m2/repository/net/minidev/json-smart/2.3/json-smart-2.3.jar:/home/runner/.m2/repository/net/minidev/accessors-smart/1.2/accessors-smart-1.2.jar:/home/runner/.m2/repository/org/ow2/asm/asm/5.0.4/asm-5.0.4.jar:/home/runner/.m2/repository/org/apache/zookeeper/zookeeper/3.5.6/zookeeper-3.5.6.jar:/home/runner/.m2/repository/org/apache/zookeeper/zookeeper-jute/3.5.6/zookeeper-jute-3.5.6.jar:/home/runner/.m2/repository/org/apache/yetus/audience-annotations/0.5.0/audience-annotations-0.5.0.jar:/home/runner/.m2/repository/org/apache/curator/curator-framework/4.2.0/curator-framework-4.2.0.jar:/home/runner/.m2/repository/org/apache/hadoop/thirdparty/hadoop-shaded-guava/1.1.1/hadoop-shaded-guava-1.1.1.jar:/home/runner/.m2/repository/com/sun/jersey/jersey-core/1.19/jersey-core-1.19.jar:/home/runner/.m2/repository/javax/ws/rs/jsr311-api/1.1.1/jsr311-api-1.1.1.jar:/home/runner/.m2/repository/com/sun/jersey/jersey-server/1.19/jersey-server-1.19.jar:/home/runner/.m2/repository/javax/servlet/javax.servlet-api/3.1.0/javax.servlet-api-3.1.0.jar:/home/runner/.m2/repository/org/eclipse/jetty/jetty-server/9.4.43.v20210629/jetty-server-9.4.43.v20210629.jar:/home/runner/.m2/repository/org/eclipse/jetty/jetty-http/9.4.43.v20210629/jetty-http-9.4.43.v20210629.jar:/home/runner/.m2/repository/org/eclipse/jetty/jetty-io/9.4.43.v20210629/jetty-io-9.4.43.v20210629.jar:/home/runner/.m2/repository/org/eclipse/jetty/jetty-webapp/9.4.43.v20210629/jetty-webapp-9.4.43.v20210629.jar:/home/runner/.m2/repository/org/eclipse/jetty/jetty-xml/9.4.43.v20210629/jetty-xml-9.4.43.v20210629.jar:/home/runner/.m2/repository/org/apache/hadoop/hadoop-common/3.3.1/hadoop-common-3.3.1.jar:/home/runner/.m2/repository/commons-net/commons-net/3.6/commons-net-3.6.jar:/home/runner/.m2/repository/jakarta/activation/jakarta.activation-api/1.2.1/jakarta.activation-api-1.2.1.jar:/home/runner/.m2/repository/com/sun/jersey/jersey-servlet/1.19/jersey-servlet-1.19.jar:/home/runner/.m2/repository/com/sun/jersey/jersey-json/1.19/jersey-json-1.19.jar:/home/runner/.m2/repository/org/codehaus/jettison/jettison/1.1/jettison-1.1.jar:/home/runner/.m2/repository/com/sun/xml/bind/jaxb-impl/2.2.3-1/jaxb-impl-2.2.3-1.jar:/home/runner/.m2/repository/org/codehaus/jackson/jackson-jaxrs/1.9.2/jackson-jaxrs-1.9.2.jar:/home/runner/.m2/repository/org/codehaus/jackson/jackson-xc/1.9.2/jackson-xc-1.9.2.jar:/home/runner/.m2/repository/org/apache/commons/commons-configuration2/2.1.1/commons-configuration2-2.1.1.jar:/home/runner/.m2/repository/org/apache/commons/commons-text/1.4/commons-text-1.4.jar:/home/runner/.m2/repository/com/google/re2j/re2j/1.1/re2j-1.1.jar:/home/runner/.m2/repository/com/jcraft/jsch/0.1.54/jsch-0.1.54.jar:/home/runner/.m2/repository/org/apache/curator/curator-client/4.2.0/curator-client-4.2.0.jar:/home/runner/.m2/repository/org/apache/curator/curator-recipes/4.2.0/curator-recipes-4.2.0.jar:/home/runner/.m2/repository/org/apache/kerby/kerb-core/1.0.1/kerb-core-1.0.1.jar:/home/runner/.m2/repository/org/apache/kerby/kerby-pkix/1.0.1/kerby-pkix-1.0.1.jar:/home/runner/.m2/repository/org/apache/kerby/kerby-asn1/1.0.1/kerby-asn1-1.0.1.jar:/home/runner/.m2/repository/org/apache/kerby/kerby-util/1.0.1/kerby-util-1.0.1.jar:/home/runner/.m2/repository/dnsjava/dnsjava/2.1.7/dnsjava-2.1.7.jar:/home/runner/.m2/repository/org/xerial/snappy/snappy-java/1.1.8.2/snappy-java-1.1.8.2.jar:/home/runner/.m2/repository/org/slf4j/jul-to-slf4j/1.7.30/jul-to-slf4j-1.7.30.jar:/home/runner/.m2/repository/org/eclipse/jetty/jetty-util/9.4.43.v20210629/jetty-util-9.4.43.v20210629.jar:/home/runner/.m2/repository/com/fasterxml/jackson/core/jackson-databind/2.12.1/jackson-databind-2.12.1.jar:/home/runner/.m2/repository/org/apache/hadoop/hadoop-kms/3.3.1/hadoop-kms-3.3.1-tests.jar:/home/runner/.m2/repository/org/apache/ozone/hdds-server-scm/1.2.0-SNAPSHOT/hdds-server-scm-1.2.0-SNAPSHOT-tests.jar:/home/runner/.m2/repository/org/apache/ozone/hdds-container-service/1.2.0-SNAPSHOT/hdds-container-service-1.2.0-SNAPSHOT-tests.jar:/home/runner/.m2/repository/commons-codec/commons-codec/1.11/commons-codec-1.11.jar:/home/runner/.m2/repository/io/netty/netty-transport/4.1.63.Final/netty-transport-4.1.63.Final.jar:/home/runner/.m2/repository/io/netty/netty-resolver/4.1.63.Final/netty-resolver-4.1.63.Final.jar:/home/runner/.m2/repository/io/netty/netty-codec/4.1.63.Final/netty-codec-4.1.63.Final.jar:/home/runner/.m2/repository/io/netty/netty-handler/4.1.63.Final/netty-handler-4.1.63.Final.jar:/home/runner/.m2/repository/org/apache/ozone/hdds-hadoop-dependency-test/1.2.0-SNAPSHOT/hdds-hadoop-dependency-test-1.2.0-SNAPSHOT.jar:/home/runner/.m2/repository/org/apache/hadoop/hadoop-common/3.3.1/hadoop-common-3.3.1-tests.jar:/home/runner/.m2/repository/org/assertj/assertj-core/3.12.2/assertj-core-3.12.2.jar:/home/runner/.m2/repository/org/apache/hadoop/hadoop-hdfs/3.3.1/hadoop-hdfs-3.3.1-tests.jar:/home/runner/.m2/repository/org/eclipse/jetty/jetty-util-ajax/9.4.43.v20210629/jetty-util-ajax-9.4.43.v20210629.jar:/home/runner/.m2/repository/commons-daemon/commons-daemon/1.0.13/commons-daemon-1.0.13.jar:/home/runner/.m2/repository/io/netty/netty/3.10.6.Final/netty-3.10.6.Final.jar:/home/runner/.m2/repository/io/netty/netty-all/4.1.63.Final/netty-all-4.1.63.Final.jar:/home/runner/.m2/repository/org/apache/htrace/htrace-core4/4.1.0-incubating/htrace-core4-4.1.0-incubating.jar:/home/runner/.m2/repository/org/fusesource/leveldbjni/leveldbjni-all/1.8/leveldbjni-all-1.8.jar:/home/runner/.m2/repository/org/apache/hadoop/hadoop-distcp/3.3.1/hadoop-distcp-3.3.1.jar:/home/runner/.m2/repository/org/apache/hadoop/hadoop-mapreduce-client-jobclient/3.3.1/hadoop-mapreduce-client-jobclient-3.3.1.jar:/home/runner/.m2/repository/org/apache/hadoop/hadoop-mapreduce-client-common/3.3.1/hadoop-mapreduce-client-common-3.3.1.jar:/home/runner/.m2/repository/org/apache/hadoop/hadoop-yarn-common/3.3.1/hadoop-yarn-common-3.3.1.jar:/home/runner/.m2/repository/org/apache/hadoop/hadoop-yarn-api/3.3.1/hadoop-yarn-api-3.3.1.jar:/home/runner/.m2/repository/com/sun/jersey/jersey-client/1.19/jersey-client-1.19.jar:/home/runner/.m2/repository/com/sun/jersey/contribs/jersey-guice/1.19/jersey-guice-1.19.jar:/home/runner/.m2/repository/com/fasterxml/jackson/jaxrs/jackson-jaxrs-json-provider/2.12.1/jackson-jaxrs-json-provider-2.12.1.jar:/home/runner/.m2/repository/com/fasterxml/jackson/jaxrs/jackson-jaxrs-base/2.12.1/jackson-jaxrs-base-2.12.1.jar:/home/runner/.m2/repository/org/apache/hadoop/hadoop-yarn-client/3.3.1/hadoop-yarn-client-3.3.1.jar:/home/runner/.m2/repository/org/eclipse/jetty/websocket/websocket-client/9.4.40.v20210413/websocket-client-9.4.40.v20210413.jar:/home/runner/.m2/repository/org/eclipse/jetty/jetty-client/9.4.40.v20210413/jetty-client-9.4.40.v20210413.jar:/home/runner/.m2/repository/org/eclipse/jetty/websocket/websocket-common/9.4.40.v20210413/websocket-common-9.4.40.v20210413.jar:/home/runner/.m2/repository/org/eclipse/jetty/websocket/websocket-api/9.4.40.v20210413/websocket-api-9.4.40.v20210413.jar:/home/runner/.m2/repository/org/jline/jline/3.9.0/jline-3.9.0.jar:/home/runner/.m2/repository/org/apache/hadoop/hadoop-mapreduce-client-core/3.3.1/hadoop-mapreduce-client-core-3.3.1.jar:/home/runner/.m2/repository/org/apache/avro/avro/1.7.7/avro-1.7.7.jar:/home/runner/.m2/repository/org/codehaus/jackson/jackson-core-asl/1.9.13/jackson-core-asl-1.9.13.jar:/home/runner/.m2/repository/org/codehaus/jackson/jackson-mapper-asl/1.9.13/jackson-mapper-asl-1.9.13.jar:/home/runner/.m2/repository/com/thoughtworks/paranamer/paranamer/2.3/paranamer-2.3.jar:/home/runner/.m2/repository/org/apache/hadoop/hadoop-annotations/3.3.1/hadoop-annotations-3.3.1.jar:/usr/lib/jvm/adoptopenjdk-8-hotspot-amd64/jre/../lib/tools.jar:/home/runner/.m2/repository/org/apache/hadoop/hadoop-distcp/3.3.1/hadoop-distcp-3.3.1-tests.jar:"/>
    <property name="sun.cpu.endian" value="little"/>
    <property name="user.home" value="/home/runner"/>
    <property name="user.language" value="en"/>
    <property name="java.specification.vendor" value="Oracle Corporation"/>
    <property name="java.home" value="/usr/lib/jvm/adoptopenjdk-8-hotspot-amd64/jre"/>
    <property name="java.security.krb5.conf" value="/home/runner/work/ozone/ozone/hadoop-ozone/integration-test/target/test-classes/krb5.conf"/>
    <property name="basedir" value="/home/runner/work/ozone/ozone/hadoop-ozone/integration-test"/>
    <property name="file.separator" value="/"/>
    <property name="line.separator" value="&#10;"/>
    <property name="java.vm.specification.vendor" value="Oracle Corporation"/>
    <property name="java.specification.name" value="Java Platform API Specification"/>
    <property name="java.awt.graphicsenv" value="sun.awt.X11GraphicsEnvironment"/>
    <property name="skip.installnpx" value="true"/>
    <property name="surefire.real.class.path" value="/home/runner/work/ozone/ozone/hadoop-ozone/integration-test/target/surefire/surefirebooter6571586079257348240.jar:/home/runner/.m2/repository/org/jacoco/org.jacoco.agent/0.8.5/org.jacoco.agent-0.8.5-runtime.jar"/>
    <property name="hadoop.log.dir" value="/home/runner/work/ozone/ozone/hadoop-ozone/integration-test/target/log"/>
    <property name="sun.boot.class.path" value="/usr/lib/jvm/adoptopenjdk-8-hotspot-amd64/jre/lib/resources.jar:/usr/lib/jvm/adoptopenjdk-8-hotspot-amd64/jre/lib/rt.jar:/usr/lib/jvm/adoptopenjdk-8-hotspot-amd64/jre/lib/sunrsasign.jar:/usr/lib/jvm/adoptopenjdk-8-hotspot-amd64/jre/lib/jsse.jar:/usr/lib/jvm/adoptopenjdk-8-hotspot-amd64/jre/lib/jce.jar:/usr/lib/jvm/adoptopenjdk-8-hotspot-amd64/jre/lib/charsets.jar:/usr/lib/jvm/adoptopenjdk-8-hotspot-amd64/jre/lib/jfr.jar:/usr/lib/jvm/adoptopenjdk-8-hotspot-amd64/jre/classes"/>
    <property name="sun.management.compiler" value="HotSpot 64-Bit Tiered Compilers"/>
    <property name="skip.npx" value="true"/>
    <property name="java.runtime.version" value="1.8.0_292-b10"/>
    <property name="java.net.preferIPv4Stack" value="true"/>
    <property name="user.name" value="runner"/>
    <property name="path.separator" value=":"/>
    <property name="java.security.egd" value="file:///dev/urandom"/>
    <property name="os.version" value="5.4.0-1055-azure"/>
    <property name="java.endorsed.dirs" value="/usr/lib/jvm/adoptopenjdk-8-hotspot-amd64/jre/lib/endorsed"/>
    <property name="java.runtime.name" value="OpenJDK Runtime Environment"/>
    <property name="file.encoding" value="UTF-8"/>
    <property name="java.vm.name" value="OpenJDK 64-Bit Server VM"/>
    <property name="test.build.webapps" value=""/>
    <property name="localRepository" value="/home/runner/.m2/repository"/>
    <property name="java.vendor.url.bug" value="https://github.com/AdoptOpenJDK/openjdk-support/issues"/>
    <property name="java.io.tmpdir" value="/tmp"/>
    <property name="require.test.libhadoop" value=""/>
    <property name="java.version" value="1.8.0_292"/>
    <property name="user.dir" value="/home/runner/work/ozone/ozone/hadoop-ozone/integration-test"/>
    <property name="os.arch" value="amd64"/>
    <property name="java.vm.specification.name" value="Java Virtual Machine Specification"/>
    <property name="test.build.classes" value="/home/runner/work/ozone/ozone/hadoop-ozone/integration-test/target/test-classes"/>
    <property name="java.awt.printerjob" value="sun.print.PSPrinterJob"/>
    <property name="sun.os.patch.level" value="unknown"/>
    <property name="hadoop.tmp.dir" value="/home/runner/work/ozone/ozone/hadoop-ozone/integration-test/target/tmp"/>
    <property name="java.library.path" value="/usr/java/packages/lib/amd64:/usr/lib64:/lib64:/lib:/usr/lib"/>
    <property name="java.vm.info" value="mixed mode"/>
    <property name="java.vendor" value="AdoptOpenJDK"/>
    <property name="java.vm.version" value="25.292-b10"/>
    <property name="java.ext.dirs" value="/usr/lib/jvm/adoptopenjdk-8-hotspot-amd64/jre/lib/ext:/usr/java/packages/lib/ext"/>
    <property name="sun.io.unicode.encoding" value="UnicodeLittle"/>
    <property name="java.class.version" value="52.0"/>
  </properties>
  <testcase name="testPipelineCloseWithPipelineAction" classname="org.apache.hadoop.hdds.scm.pipeline.TestPipelineClose" time="40.237"/>
  <testcase name="testPipelineCloseWithOpenContainer" classname="org.apache.hadoop.hdds.scm.pipeline.TestPipelineClose" time="31.31"/>
  <testcase name="testPipelineCloseWithClosedContainer" classname="org.apache.hadoop.hdds.scm.pipeline.TestPipelineClose" time="31.449"/>
  <testcase name="testPipelineCloseWithLogFailure" classname="org.apache.hadoop.hdds.scm.pipeline.TestPipelineClose" time="33.885">
    <failure message="&#10;Wanted but not invoked:&#10;pipelineActionHandler.onMessage(&#10;    &lt;Capturing argument&gt;,&#10;    &lt;any org.apache.hadoop.hdds.server.events.EventPublisher&gt;&#10;);&#10;-&gt; at org.apache.hadoop.hdds.scm.pipeline.PipelineActionHandler.onMessage(PipelineActionHandler.java:64)&#10;Actually, there were zero interactions with this mock.&#10;" type="Wanted but not invoked"><![CDATA[Wanted but not invoked:
pipelineActionHandler.onMessage(
    <Capturing argument>,
    <any org.apache.hadoop.hdds.server.events.EventPublisher>
);
-> at org.apache.hadoop.hdds.scm.pipeline.PipelineActionHandler.onMessage(PipelineActionHandler.java:64)
Actually, there were zero interactions with this mock.

	at org.apache.hadoop.hdds.scm.pipeline.PipelineActionHandler.onMessage(PipelineActionHandler.java:64)
	at org.apache.hadoop.hdds.scm.pipeline.TestPipelineClose.testPipelineCloseWithLogFailure(TestPipelineClose.java:246)
	at sun.reflect.NativeMethodAccessorImpl.invoke0(Native Method)
	at sun.reflect.NativeMethodAccessorImpl.invoke(NativeMethodAccessorImpl.java:62)
	at sun.reflect.DelegatingMethodAccessorImpl.invoke(DelegatingMethodAccessorImpl.java:43)
	at java.lang.reflect.Method.invoke(Method.java:498)
	at org.junit.runners.model.FrameworkMethod$1.runReflectiveCall(FrameworkMethod.java:59)
	at org.junit.internal.runners.model.ReflectiveCallable.run(ReflectiveCallable.java:12)
	at org.junit.runners.model.FrameworkMethod.invokeExplosively(FrameworkMethod.java:56)
	at org.junit.internal.runners.statements.InvokeMethod.evaluate(InvokeMethod.java:17)
	at org.junit.internal.runners.statements.RunBefores.evaluate(RunBefores.java:26)
	at org.junit.internal.runners.statements.RunAfters.evaluate(RunAfters.java:27)
	at org.junit.internal.runners.statements.FailOnTimeout$CallableStatement.call(FailOnTimeout.java:288)
	at org.junit.internal.runners.statements.FailOnTimeout$CallableStatement.call(FailOnTimeout.java:282)
	at java.util.concurrent.FutureTask.run(FutureTask.java:266)
	at java.lang.Thread.run(Thread.java:748)
]]></failure>
    <system-out><![CDATA[2021-08-14 01:17:35,720 [Time-limited test] WARN  server.ServerUtils (ServerUtils.java:getScmDbDir(148)) - ozone.scm.db.dirs is not configured. We recommend adding this setting. Falling back to ozone.metadata.dirs instead.
2021-08-14 01:17:35,726 [Time-limited test] INFO  ha.SCMHANodeDetails (SCMHANodeDetails.java:loadSCMHAConfig(157)) - ServiceID for StorageContainerManager is null
2021-08-14 01:17:35,726 [Time-limited test] INFO  ha.SCMHANodeDetails (SCMHANodeDetails.java:loadSCMHAConfig(162)) - ozone.scm.default.service.id is not defined, falling back to ozone.scm.service.ids to find serviceID for StorageContainerManager if it is HA enabled cluster
2021-08-14 01:17:35,727 [Time-limited test] WARN  server.ServerUtils (ServerUtils.java:getScmDbDir(148)) - ozone.scm.db.dirs is not configured. We recommend adding this setting. Falling back to ozone.metadata.dirs instead.
2021-08-14 01:17:35,727 [Time-limited test] INFO  upgrade.AbstractLayoutVersionManager (AbstractLayoutVersionManager.java:init(70)) - Initializing Layout version manager with metadata layout = SCM_HA (version = 2), software layout = SCM_HA (version = 2)
2021-08-14 01:17:35,778 [Time-limited test] INFO  reflections.Reflections (Reflections.java:scan(232)) - Reflections took 50 ms to scan 7 urls, producing 120 keys and 275 values 
2021-08-14 01:17:35,783 [Time-limited test] WARN  utils.HAUtils (HAUtils.java:getMetaDir(342)) - ozone.scm.db.dirs is not configured. We recommend adding this setting. Falling back to ozone.metadata.dirs instead.
2021-08-14 01:17:35,784 [Time-limited test] WARN  db.DBStoreBuilder (DBStoreBuilder.java:applyDBDefinition(145)) - ozone.scm.db.dirs is not configured. We recommend adding this setting. Falling back to ozone.metadata.dirs instead.
2021-08-14 01:17:35,945 [Time-limited test] INFO  net.NodeSchemaLoader (NodeSchemaLoader.java:loadSchemaFromFile(129)) - Loading schema from [jar:file:/home/runner/.m2/repository/org/apache/ozone/hdds-common/1.2.0-SNAPSHOT/hdds-common-1.2.0-SNAPSHOT.jar!/network-topology-default.xml]
2021-08-14 01:17:35,945 [Time-limited test] INFO  net.NodeSchemaLoader (NodeSchemaLoader.java:loadSchema(176)) - Loading network topology layer schema file
2021-08-14 01:17:35,948 [Time-limited test] INFO  ha.SequenceIdGenerator (SequenceIdGenerator.java:upgradeToSequenceId(327)) - upgrade localId to 107544261427200000
2021-08-14 01:17:35,948 [Time-limited test] INFO  ha.SequenceIdGenerator (SequenceIdGenerator.java:upgradeToSequenceId(337)) - upgrade delTxnId to 0
2021-08-14 01:17:35,948 [Time-limited test] INFO  ha.SequenceIdGenerator (SequenceIdGenerator.java:upgradeToSequenceId(351)) - upgrade containerId to 0
2021-08-14 01:17:35,949 [Time-limited test] INFO  ha.SequenceIdGenerator (SequenceIdGenerator.java:<init>(217)) - Init the HA SequenceIdGenerator.
2021-08-14 01:17:35,949 [Time-limited test] WARN  server.ServerUtils (ServerUtils.java:sanitizeUserArgs(73)) - ozone.scm.stale.node.interval value = 300000 is larger than max = 100000 based on the key value of ozone.scm.heartbeat.thread.interval, reset to the max value 100000.
2021-08-14 01:17:35,949 [Time-limited test] WARN  server.ServerUtils (ServerUtils.java:sanitizeUserArgs(73)) - ozone.scm.stale.node.interval value = 300000 is larger than max = 100000 based on the key value of ozone.scm.heartbeat.thread.interval, reset to the max value 100000.
2021-08-14 01:17:35,971 [Time-limited test] INFO  node.SCMNodeManager (SCMNodeManager.java:<init>(145)) - Entering startup safe mode.
2021-08-14 01:17:35,972 [Time-limited test] INFO  algorithms.ContainerPlacementPolicyFactory (ContainerPlacementPolicyFactory.java:getPolicy(60)) - Create container placement policy of type org.apache.hadoop.hdds.scm.container.placement.algorithms.SCMContainerPlacementRandom
2021-08-14 01:17:35,972 [Time-limited test] INFO  pipeline.PipelineStateManager (PipelineStateManagerV2Impl.java:initialize(78)) - No pipeline exists in current db
2021-08-14 01:17:35,972 [Time-limited test] INFO  algorithms.LeaderChoosePolicyFactory (LeaderChoosePolicyFactory.java:getPolicy(57)) - Create leader choose policy of type org.apache.hadoop.hdds.scm.pipeline.leader.choose.algorithms.MinLeaderCountChoosePolicy
2021-08-14 01:17:35,972 [Time-limited test] INFO  ha.SCMServiceManager (SCMServiceManager.java:register(43)) - Registering service BackgroundPipelineCreator.
2021-08-14 01:17:35,972 [Time-limited test] INFO  pipeline.BackgroundPipelineCreator (BackgroundPipelineCreatorV2.java:start(130)) - Starting RatisPipelineUtilsThread.
2021-08-14 01:17:35,975 [Time-limited test] INFO  algorithms.PipelineChoosePolicyFactory (PipelineChoosePolicyFactory.java:createPipelineChoosePolicyFromClass(73)) - Create pipeline choose policy of type org.apache.hadoop.hdds.scm.pipeline.choose.algorithms.RandomPipelineChoosePolicy
2021-08-14 01:17:35,978 [Time-limited test] INFO  ha.SCMServiceManager (SCMServiceManager.java:register(43)) - Registering service SCMBlockDeletingService.
2021-08-14 01:17:35,980 [Time-limited test] INFO  ha.SCMServiceManager (SCMServiceManager.java:register(43)) - Registering service ReplicationManager.
2021-08-14 01:17:35,980 [Time-limited test] INFO  container.ReplicationManager (ReplicationManager.java:start(286)) - Starting Replication Monitor Thread.
2021-08-14 01:17:35,989 [Time-limited test] INFO  safemode.ContainerSafeModeRule (ContainerSafeModeRule.java:<init>(89)) - containers with one replica threshold count 0
2021-08-14 01:17:35,989 [Time-limited test] INFO  safemode.HealthyPipelineSafeModeRule (HealthyPipelineSafeModeRule.java:initializeRule(156)) - Total pipeline count is 0, healthy pipeline threshold count is 1
2021-08-14 01:17:35,989 [Time-limited test] INFO  safemode.OneReplicaPipelineSafeModeRule (OneReplicaPipelineSafeModeRule.java:initializeRule(180)) - Total pipeline count is 0, pipeline's with at least one datanode reported threshold count is 0
2021-08-14 01:17:35,990 [Time-limited test] INFO  ipc.CallQueueManager (CallQueueManager.java:<init>(90)) - Using callQueue: class java.util.concurrent.LinkedBlockingQueue, queueCapacity: 2000, scheduler: class org.apache.hadoop.ipc.DefaultRpcScheduler, ipcBackoff: false.
2021-08-14 01:17:35,990 [Socket Reader #1 for port 0] INFO  ipc.Server (Server.java:run(1265)) - Starting Socket Reader #1 for port 0
2021-08-14 01:17:35,991 [Listener at 0.0.0.0/41627] INFO  ipc.CallQueueManager (CallQueueManager.java:<init>(90)) - Using callQueue: class java.util.concurrent.LinkedBlockingQueue, queueCapacity: 2000, scheduler: class org.apache.hadoop.ipc.DefaultRpcScheduler, ipcBackoff: false.
2021-08-14 01:17:35,992 [Socket Reader #1 for port 0] INFO  ipc.Server (Server.java:run(1265)) - Starting Socket Reader #1 for port 0
2021-08-14 01:17:35,998 [Listener at 0.0.0.0/38265] INFO  ipc.CallQueueManager (CallQueueManager.java:<init>(90)) - Using callQueue: class java.util.concurrent.LinkedBlockingQueue, queueCapacity: 2000, scheduler: class org.apache.hadoop.ipc.DefaultRpcScheduler, ipcBackoff: false.
2021-08-14 01:17:36,004 [Socket Reader #1 for port 0] INFO  ipc.Server (Server.java:run(1265)) - Starting Socket Reader #1 for port 0
2021-08-14 01:17:36,016 [ReplicationMonitor] INFO  container.ReplicationManager (ReplicationManager.java:processAll(341)) - Replication Monitor Thread took 0 milliseconds for processing 0 containers.
2021-08-14 01:17:36,045 [Listener at 0.0.0.0/37549] INFO  algorithms.ContainerPlacementPolicyFactory (ContainerPlacementPolicyFactory.java:getPolicy(60)) - Create container placement policy of type org.apache.hadoop.hdds.scm.container.placement.algorithms.SCMContainerPlacementRandom
2021-08-14 01:17:36,045 [Listener at 0.0.0.0/37549] INFO  server.StorageContainerManager (StorageContainerManager.java:<init>(383)) - 
Container Balancer status:
Key                            Value
Running                        false
Container Balancer Configuration values:
Key                                                Value
Threshold                                          0.1
Max Datanodes to Involve per Iteration(ratio)      0.5
Max Size to Move per Iteration                     10737418240B

2021-08-14 01:17:36,045 [Listener at 0.0.0.0/37549] WARN  events.EventQueue (EventQueue.java:fireEvent(194)) - No event handler registered for event TypedEvent{payloadType=SafeModeStatus, name='Safe mode status'}
2021-08-14 01:17:36,045 [Listener at 0.0.0.0/37549] INFO  ha.SCMContext (SCMContext.java:updateSafeModeStatus(205)) - Update SafeModeStatus from SafeModeStatus{safeModeStatus=true, preCheckPassed=false} to SafeModeStatus{safeModeStatus=true, preCheckPassed=false}.
2021-08-14 01:17:36,049 [Listener at 0.0.0.0/37549] INFO  server.StorageContainerManager (StorageContainerManager.java:start(1249)) - StorageContainerLocationProtocol RPC server is listening at /0.0.0.0:37549
2021-08-14 01:17:36,062 [Listener at 0.0.0.0/37549] WARN  impl.MetricsConfig (MetricsConfig.java:loadFirst(136)) - Cannot locate configuration: tried hadoop-metrics2-storagecontainermanager.properties,hadoop-metrics2.properties
2021-08-14 01:17:36,067 [Listener at 0.0.0.0/37549] INFO  impl.MetricsSystemImpl (MetricsSystemImpl.java:startTimer(378)) - Scheduled Metric snapshot period at 10 second(s).
2021-08-14 01:17:36,068 [Listener at 0.0.0.0/37549] INFO  impl.MetricsSystemImpl (MetricsSystemImpl.java:start(191)) - StorageContainerManager metrics system started
2021-08-14 01:17:36,107 [Listener at 0.0.0.0/37549] INFO  impl.MetricsSinkAdapter (MetricsSinkAdapter.java:start(204)) - Sink prometheus started
2021-08-14 01:17:36,107 [Listener at 0.0.0.0/37549] INFO  impl.MetricsSystemImpl (MetricsSystemImpl.java:registerSink(305)) - Registered sink prometheus
2021-08-14 01:17:36,173 [Listener at 0.0.0.0/37549] INFO  server.SCMClientProtocolServer (SCMClientProtocolServer.java:start(164)) - RPC server for Client  is listening at /0.0.0.0:37549
2021-08-14 01:17:36,173 [IPC Server Responder] INFO  ipc.Server (Server.java:run(1507)) - IPC Server Responder: starting
2021-08-14 01:17:36,174 [IPC Server listener on 0] INFO  ipc.Server (Server.java:run(1344)) - IPC Server listener on 0: starting
2021-08-14 01:17:36,197 [Listener at 0.0.0.0/37549] INFO  server.StorageContainerManager (StorageContainerManager.java:start(1264)) - ScmBlockLocationProtocol RPC server is listening at /0.0.0.0:38265
2021-08-14 01:17:36,197 [Listener at 0.0.0.0/37549] INFO  server.SCMBlockProtocolServer (SCMBlockProtocolServer.java:start(151)) - RPC server for Block Protocol is listening at /0.0.0.0:38265
2021-08-14 01:17:36,198 [IPC Server Responder] INFO  ipc.Server (Server.java:run(1507)) - IPC Server Responder: starting
2021-08-14 01:17:36,198 [IPC Server listener on 0] INFO  ipc.Server (Server.java:run(1344)) - IPC Server listener on 0: starting
2021-08-14 01:17:36,210 [Listener at 0.0.0.0/37549] INFO  server.StorageContainerManager (StorageContainerManager.java:start(1270)) - ScmDatanodeProtocl RPC server is listening at /0.0.0.0:41627
2021-08-14 01:17:36,210 [Listener at 0.0.0.0/37549] INFO  server.SCMDatanodeProtocolServer (SCMDatanodeProtocolServer.java:start(181)) - RPC server for DataNodes is listening at /0.0.0.0:41627
2021-08-14 01:17:36,211 [IPC Server Responder] INFO  ipc.Server (Server.java:run(1507)) - IPC Server Responder: starting
2021-08-14 01:17:36,211 [IPC Server listener on 0] INFO  ipc.Server (Server.java:run(1344)) - IPC Server listener on 0: starting
2021-08-14 01:17:36,232 [Listener at 0.0.0.0/37549] INFO  http.BaseHttpServer (BaseHttpServer.java:newHttpServer2BuilderForOzone(209)) - Starting Web-server for scm at: http://0.0.0.0:0
2021-08-14 01:17:36,232 [Listener at 0.0.0.0/37549] INFO  http.BaseHttpServer (BaseHttpServer.java:<init>(107)) - Hadoop Security Enabled: false Ozone Security Enabled: false Ozone HTTP Security Enabled: false 
2021-08-14 01:17:36,247 [Listener at 0.0.0.0/37549] INFO  server.AuthenticationFilter (AuthenticationFilter.java:constructSecretProvider(240)) - Unable to initialize FileSignerSecretProvider, falling back to use random secrets.
2021-08-14 01:17:36,260 [org.apache.hadoop.util.JvmPauseMonitor$Monitor@3842cbd4] INFO  util.JvmPauseMonitor (JvmPauseMonitor.java:run(188)) - Starting JVM pause monitor
2021-08-14 01:17:36,262 [Listener at 0.0.0.0/37549] WARN  http.HttpRequestLog (HttpRequestLog.java:getRequestLog(103)) - Jetty request log can only be enabled using Log4j
2021-08-14 01:17:36,262 [Listener at 0.0.0.0/37549] INFO  http.HttpServer2 (HttpServer2.java:addGlobalFilter(1020)) - Added global filter 'safety' (class=org.apache.hadoop.hdds.server.http.HttpServer2$QuotingInputFilter)
2021-08-14 01:17:36,263 [Listener at 0.0.0.0/37549] INFO  http.HttpServer2 (HttpServer2.java:addFilter(996)) - Added filter static_user_filter (class=org.apache.hadoop.http.lib.StaticUserWebFilter$StaticUserFilter) to context scm
2021-08-14 01:17:36,263 [Listener at 0.0.0.0/37549] INFO  http.HttpServer2 (HttpServer2.java:addFilter(1004)) - Added filter static_user_filter (class=org.apache.hadoop.http.lib.StaticUserWebFilter$StaticUserFilter) to context static
2021-08-14 01:17:36,263 [Listener at 0.0.0.0/37549] INFO  http.HttpServer2 (HttpServer2.java:addFilter(1004)) - Added filter static_user_filter (class=org.apache.hadoop.http.lib.StaticUserWebFilter$StaticUserFilter) to context logs
2021-08-14 01:17:36,265 [Listener at 0.0.0.0/37549] INFO  http.HttpServer2 (HttpServer2.java:bindListener(1239)) - Jetty bound to port 39269
2021-08-14 01:17:36,265 [Listener at 0.0.0.0/37549] INFO  server.Server (Server.java:doStart(375)) - jetty-9.4.43.v20210629; built: 2021-06-30T11:07:22.254Z; git: 526006ecfa3af7f1a27ef3a288e2bef7ea9dd7e8; jvm 1.8.0_292-b10
2021-08-14 01:17:36,280 [Listener at 0.0.0.0/37549] INFO  server.session (DefaultSessionIdManager.java:doStart(334)) - DefaultSessionIdManager workerName=node0
2021-08-14 01:17:36,280 [Listener at 0.0.0.0/37549] INFO  server.session (DefaultSessionIdManager.java:doStart(339)) - No SessionScavenger set, using defaults
2021-08-14 01:17:36,280 [Listener at 0.0.0.0/37549] INFO  server.session (HouseKeeper.java:startScavenging(132)) - node0 Scavenging every 660000ms
2021-08-14 01:17:36,281 [Listener at 0.0.0.0/37549] INFO  handler.ContextHandler (ContextHandler.java:doStart(915)) - Started o.e.j.s.ServletContextHandler@61d53e6a{logs,/logs,file:///home/runner/work/ozone/ozone/hadoop-ozone/integration-test/target/log,AVAILABLE}
2021-08-14 01:17:36,282 [Listener at 0.0.0.0/37549] INFO  handler.ContextHandler (ContextHandler.java:doStart(915)) - Started o.e.j.s.ServletContextHandler@5c059d2d{static,/static,file:///home/runner/work/ozone/ozone/hadoop-ozone/integration-test/target/test-classes/webapps/static,AVAILABLE}
2021-08-14 01:17:36,295 [Listener at 0.0.0.0/37549] INFO  handler.ContextHandler (ContextHandler.java:doStart(915)) - Started o.e.j.w.WebAppContext@577a71e7{scm,/,file:///home/runner/work/ozone/ozone/hadoop-ozone/integration-test/target/test-classes/webapps/scm/,AVAILABLE}{file:/home/runner/work/ozone/ozone/hadoop-ozone/integration-test/target/test-classes/webapps/scm}
2021-08-14 01:17:36,316 [Listener at 0.0.0.0/37549] INFO  server.AbstractConnector (AbstractConnector.java:doStart(331)) - Started ServerConnector@4aa81c63{HTTP/1.1, (http/1.1)}{0.0.0.0:39269}
2021-08-14 01:17:36,316 [Listener at 0.0.0.0/37549] INFO  server.Server (Server.java:doStart(415)) - Started @104805ms
2021-08-14 01:17:36,316 [Listener at 0.0.0.0/37549] WARN  impl.MetricsSystemImpl (MetricsSystemImpl.java:register(279)) - Sink prometheus already exists!
2021-08-14 01:17:36,317 [Listener at 0.0.0.0/37549] INFO  http.BaseHttpServer (BaseHttpServer.java:updateConnectorAddress(329)) - HTTP server of scm listening at http://0.0.0.0:39269
2021-08-14 01:17:36,319 [Listener at 0.0.0.0/37549] WARN  server.ServerUtils (ServerUtils.java:getDBPath(225)) - ozone.om.db.dirs is not configured. We recommend adding this setting. Falling back to ozone.metadata.dirs instead.
2021-08-14 01:17:36,321 [Listener at 0.0.0.0/37549] INFO  ha.OMHANodeDetails (OMHANodeDetails.java:loadOMHAConfig(112)) - ozone.om.internal.service.id is not defined, falling back to ozone.om.service.ids to find serviceID for OzoneManager if it is HA enabled cluster
2021-08-14 01:17:36,321 [Listener at 0.0.0.0/37549] INFO  ha.OMHANodeDetails (OMHANodeDetails.java:loadOMHAConfig(219)) - Configuration does not have ozone.om.address set. Falling back to the default OM address /127.0.0.1:0
2021-08-14 01:17:36,321 [Listener at 0.0.0.0/37549] INFO  ha.OMHANodeDetails (OMHANodeDetails.java:getOMNodeDetails(247)) - OM Service ID is not set. Setting it to the default ID: omServiceIdDefault
2021-08-14 01:17:36,321 [Listener at 0.0.0.0/37549] INFO  ha.OMHANodeDetails (OMHANodeDetails.java:getOMNodeDetails(254)) - OM Node ID is not set. Setting it to the default ID: om1
2021-08-14 01:17:36,322 [Listener at 0.0.0.0/37549] WARN  server.ServerUtils (ServerUtils.java:getDBPath(225)) - ozone.om.db.dirs is not configured. We recommend adding this setting. Falling back to ozone.metadata.dirs instead.
2021-08-14 01:17:36,322 [Listener at 0.0.0.0/37549] INFO  upgrade.AbstractLayoutVersionManager (AbstractLayoutVersionManager.java:init(70)) - Initializing Layout version manager with metadata layout = INITIAL_VERSION (version = 0), software layout = INITIAL_VERSION (version = 0)
2021-08-14 01:17:36,403 [Listener at 0.0.0.0/37549] INFO  reflections.Reflections (Reflections.java:scan(232)) - Reflections took 80 ms to scan 2 urls, producing 131 keys and 342 values [using 2 cores]
2021-08-14 01:17:36,404 [Listener at 0.0.0.0/37549] INFO  upgrade.OMLayoutVersionManager (OMLayoutVersionManager.java:lambda$0(116)) - Skipping Upgrade Action MockOmUpgradeAction since it has been finalized.
2021-08-14 01:17:36,404 [Listener at 0.0.0.0/37549] WARN  server.ServerUtils (ServerUtils.java:getDBPath(225)) - ozone.om.db.dirs is not configured. We recommend adding this setting. Falling back to ozone.metadata.dirs instead.
2021-08-14 01:17:36,456 [Listener at 0.0.0.0/37549] WARN  server.ServerUtils (ServerUtils.java:getDBPath(225)) - ozone.om.db.dirs is not configured. We recommend adding this setting. Falling back to ozone.metadata.dirs instead.
2021-08-14 01:17:36,457 [Listener at 0.0.0.0/37549] INFO  codec.OmKeyInfoCodec (OmKeyInfoCodec.java:<init>(51)) - OmKeyInfoCodec ignorePipeline = true
2021-08-14 01:17:36,457 [Listener at 0.0.0.0/37549] INFO  codec.RepeatedOmKeyInfoCodec (RepeatedOmKeyInfoCodec.java:<init>(42)) - RepeatedOmKeyInfoCodec ignorePipeline = true
2021-08-14 01:17:36,699 [Listener at 0.0.0.0/37549] INFO  om.OzoneManager (OzoneManager.java:addS3GVolumeToDB(4115)) - Created Volume s3v With Owner runner required for S3Gateway operations.
2021-08-14 01:17:36,701 [Listener at 0.0.0.0/37549] WARN  server.ServerUtils (ServerUtils.java:getDefaultRatisDirectory(237)) - Storage directory for Ratis is not configured. It is a good idea to map this to an SSD disk. Falling back to ozone.metadata.dirs
2021-08-14 01:17:36,702 [Listener at 0.0.0.0/37549] WARN  utils.OzoneManagerRatisUtils (OzoneManagerRatisUtils.java:getOMRatisSnapshotDirectory(391)) - ozone.om.ratis.snapshot.dir is not configured. Falling back to ozone.metadata.dirs config
2021-08-14 01:17:36,702 [Listener at 0.0.0.0/37549] WARN  server.ServerUtils (ServerUtils.java:getDefaultRatisDirectory(237)) - Storage directory for Ratis is not configured. It is a good idea to map this to an SSD disk. Falling back to ozone.metadata.dirs
2021-08-14 01:17:36,703 [Listener at 0.0.0.0/37549] INFO  ratis.OzoneManagerRatisServer (OzoneManagerRatisServer.java:<init>(158)) - Instantiating OM Ratis server with groupID: omServiceIdDefault and peers: localhost:9872
2021-08-14 01:17:36,703 [Listener at 0.0.0.0/37549] INFO  ratis.OzoneManagerStateMachine (OzoneManagerStateMachine.java:loadSnapshotInfoFromDB(605)) - LastAppliedIndex is set from TransactionInfo from OM DB as (t:0, i:~)
2021-08-14 01:17:36,704 [Listener at 0.0.0.0/37549] INFO  server.RaftServer (ConfUtils.java:logGet(44)) - raft.rpc.type = GRPC (default)
2021-08-14 01:17:36,704 [Listener at 0.0.0.0/37549] INFO  grpc.GrpcFactory (GrpcFactory.java:checkPooledByteBufAllocatorUseCacheForAllThreads(48)) - PERFORMANCE WARNING: useCacheForAllThreads is true that may cause Netty to create a lot garbage objects and, as a result, trigger GC.
	It is recommended to disable useCacheForAllThreads by setting -Dorg.apache.ratis.thirdparty.io.netty.allocator.useCacheForAllThreads=false in command line.
2021-08-14 01:17:36,704 [Listener at 0.0.0.0/37549] INFO  grpc.GrpcConfigKeys (ConfUtils.java:logGet(44)) - raft.grpc.admin.port = -1 (default)
2021-08-14 01:17:36,704 [Listener at 0.0.0.0/37549] INFO  grpc.GrpcConfigKeys (ConfUtils.java:logGet(44)) - raft.grpc.server.port = 9872 (custom)
2021-08-14 01:17:36,704 [Listener at 0.0.0.0/37549] INFO  grpc.GrpcConfigKeys (ConfUtils.java:logGet(44)) - raft.grpc.client.port = -1 (default)
2021-08-14 01:17:36,704 [Listener at 0.0.0.0/37549] INFO  grpc.GrpcConfigKeys (ConfUtils.java:logGet(44)) - raft.grpc.server.port = 9872 (custom)
2021-08-14 01:17:36,705 [Listener at 0.0.0.0/37549] INFO  grpc.GrpcConfigKeys (ConfUtils.java:logGet(44)) - raft.grpc.server.port = 9872 (custom)
2021-08-14 01:17:36,705 [Listener at 0.0.0.0/37549] INFO  server.GrpcService (ConfUtils.java:logGet(44)) - raft.grpc.message.size.max = 33554432 (custom)
2021-08-14 01:17:36,705 [Listener at 0.0.0.0/37549] INFO  server.RaftServerConfigKeys (ConfUtils.java:logGet(44)) - raft.server.log.appender.buffer.byte-limit = 33554432 (custom)
2021-08-14 01:17:36,705 [Listener at 0.0.0.0/37549] INFO  server.GrpcService (ConfUtils.java:logGet(44)) - raft.grpc.flow.control.window = 1MB (=1048576) (default)
2021-08-14 01:17:36,705 [Listener at 0.0.0.0/37549] INFO  server.RaftServerConfigKeys (ConfUtils.java:logGet(44)) - raft.server.rpc.request.timeout = 3000ms (default)
2021-08-14 01:17:36,707 [Listener at 0.0.0.0/37549] INFO  impl.DataStreamServerImpl (ConfUtils.java:logGet(44)) - raft.datastream.type = DISABLED (default)
2021-08-14 01:17:36,707 [Listener at 0.0.0.0/37549] INFO  server.RaftServerConfigKeys (ConfUtils.java:logGet(44)) - raft.server.rpc.slowness.timeout = 120s (custom)
2021-08-14 01:17:36,707 [Listener at 0.0.0.0/37549] INFO  server.RaftServerConfigKeys (ConfUtils.java:logGet(44)) - raft.server.leaderelection.leader.step-down.wait-time = 10s (default)
2021-08-14 01:17:36,707 [Listener at 0.0.0.0/37549] INFO  server.RaftServerConfigKeys (ConfUtils.java:logGet(44)) - raft.server.storage.dir = [/home/runner/work/ozone/ozone/hadoop-ozone/integration-test/target/test-dir/MiniOzoneClusterImpl-4aa5cedd-5a93-4d09-91c0-161c6537f610/ozone-meta/ratis] (custom)
2021-08-14 01:17:36,708 [Listener at 0.0.0.0/37549] INFO  server.RaftServer (RaftServerProxy.java:addNew(95)) - om1: addNew group-C5BA1605619E:[om1|rpc:localhost:9872|priority:0] returns group-C5BA1605619E:java.util.concurrent.CompletableFuture@6b38a738[Not completed]
2021-08-14 01:17:36,708 [Listener at 0.0.0.0/37549] INFO  om.OzoneManager (OzoneManager.java:initializeRatisServer(1573)) - OzoneManager Ratis server initialized at port 9872
2021-08-14 01:17:36,709 [Listener at 0.0.0.0/37549] INFO  ipc.CallQueueManager (CallQueueManager.java:<init>(90)) - Using callQueue: class java.util.concurrent.LinkedBlockingQueue, queueCapacity: 2000, scheduler: class org.apache.hadoop.ipc.DefaultRpcScheduler, ipcBackoff: false.
2021-08-14 01:17:36,710 [pool-355-thread-1] INFO  server.RaftServer$Division (RaftServerImpl.java:<init>(181)) - om1: new RaftServerImpl for group-C5BA1605619E:[om1|rpc:localhost:9872|priority:0] with OzoneManagerStateMachine:uninitialized
2021-08-14 01:17:36,714 [Socket Reader #1 for port 0] INFO  ipc.Server (Server.java:run(1265)) - Starting Socket Reader #1 for port 0
2021-08-14 01:17:36,727 [pool-355-thread-1] INFO  server.RaftServerConfigKeys (ConfUtils.java:logGet(44)) - raft.server.rpc.timeout.min = 1s (custom)
2021-08-14 01:17:36,727 [pool-355-thread-1] INFO  server.RaftServerConfigKeys (ConfUtils.java:logGet(44)) - raft.server.rpc.timeout.max = 1200ms (custom)
2021-08-14 01:17:36,727 [pool-355-thread-1] INFO  server.RaftServerConfigKeys (ConfUtils.java:logGet(44)) - raft.server.rpc.sleep.time = 25ms (default)
2021-08-14 01:17:36,727 [pool-355-thread-1] INFO  server.RaftServerConfigKeys (ConfUtils.java:logGet(44)) - raft.server.rpc.slowness.timeout = 120s (custom)
2021-08-14 01:17:36,727 [pool-355-thread-1] INFO  server.RaftServerConfigKeys (ConfUtils.java:logGet(44)) - raft.server.leaderelection.leader.step-down.wait-time = 10s (default)
2021-08-14 01:17:36,727 [pool-355-thread-1] INFO  server.RaftServerConfigKeys (ConfUtils.java:logGet(44)) - raft.server.sleep.deviation.threshold = 300ms (default)
2021-08-14 01:17:36,727 [pool-355-thread-1] INFO  server.RaftServerConfigKeys (ConfUtils.java:logGet(44)) - raft.server.log.appender.install.snapshot.enabled = false (custom)
2021-08-14 01:17:36,728 [pool-355-thread-1] INFO  server.RaftServer$Division (ServerState.java:<init>(105)) - om1@group-C5BA1605619E: ConfigurationManager, init=-1: [om1|rpc:localhost:9872|priority:0], old=null, confs=<EMPTY_MAP>
2021-08-14 01:17:36,728 [pool-355-thread-1] INFO  server.RaftServerConfigKeys (ConfUtils.java:logGet(44)) - raft.server.storage.dir = [/home/runner/work/ozone/ozone/hadoop-ozone/integration-test/target/test-dir/MiniOzoneClusterImpl-4aa5cedd-5a93-4d09-91c0-161c6537f610/ozone-meta/ratis] (custom)
2021-08-14 01:17:36,728 [pool-355-thread-1] INFO  server.RaftServerConfigKeys (ConfUtils.java:logGet(44)) - raft.server.log.corruption.policy = EXCEPTION (default)
2021-08-14 01:17:36,728 [pool-355-thread-1] INFO  server.RaftServerConfigKeys (ConfUtils.java:logGet(44)) - raft.server.storage.free-space.min = 0MB (=0) (default)
2021-08-14 01:17:36,728 [pool-355-thread-1] INFO  storage.RaftStorageDirectory (RaftStorageDirectoryImpl.java:analyzeStorage(135)) - The storage directory /home/runner/work/ozone/ozone/hadoop-ozone/integration-test/target/test-dir/MiniOzoneClusterImpl-4aa5cedd-5a93-4d09-91c0-161c6537f610/ozone-meta/ratis/bf265839-605b-3f16-9796-c5ba1605619e does not exist. Creating ...
2021-08-14 01:17:36,732 [pool-355-thread-1] INFO  storage.RaftStorageDirectory (RaftStorageDirectoryImpl.java:tryLock(230)) - Lock on /home/runner/work/ozone/ozone/hadoop-ozone/integration-test/target/test-dir/MiniOzoneClusterImpl-4aa5cedd-5a93-4d09-91c0-161c6537f610/ozone-meta/ratis/bf265839-605b-3f16-9796-c5ba1605619e/in_use.lock acquired by nodename 21186@fv-az395-768
2021-08-14 01:17:36,741 [pool-355-thread-1] INFO  storage.RaftStorage (RaftStorageImpl.java:format(89)) - Storage directory /home/runner/work/ozone/ozone/hadoop-ozone/integration-test/target/test-dir/MiniOzoneClusterImpl-4aa5cedd-5a93-4d09-91c0-161c6537f610/ozone-meta/ratis/bf265839-605b-3f16-9796-c5ba1605619e has been successfully formatted.
2021-08-14 01:17:36,741 [pool-355-thread-1] INFO  server.RaftServerConfigKeys (ConfUtils.java:logGet(44)) - raft.server.notification.no-leader.timeout = 120s (custom)
2021-08-14 01:17:36,741 [pool-355-thread-1] INFO  server.RaftServerConfigKeys (ConfUtils.java:logGet(44)) - raft.server.log.use.memory = false (default)
2021-08-14 01:17:36,741 [pool-355-thread-1] INFO  server.RaftServerConfigKeys (ConfUtils.java:logGet(44)) - raft.server.log.purge.gap = 1000000 (custom)
2021-08-14 01:17:36,741 [pool-355-thread-1] INFO  server.RaftServerConfigKeys (ConfUtils.java:logGet(44)) - raft.server.log.appender.buffer.byte-limit = 33554432 (custom)
2021-08-14 01:17:36,742 [pool-355-thread-1] INFO  server.RaftServerConfigKeys (ConfUtils.java:logGet(44)) - raft.server.log.segment.size.max = 4194304 (custom)
2021-08-14 01:17:36,742 [pool-355-thread-1] INFO  server.RaftServerConfigKeys (ConfUtils.java:logGet(44)) - raft.server.log.segment.cache.num.max = 2 (custom)
2021-08-14 01:17:36,742 [pool-355-thread-1] INFO  server.RaftServerConfigKeys (ConfUtils.java:logGet(44)) - raft.server.log.segment.cache.size.max = 200MB (=209715200) (default)
2021-08-14 01:17:36,742 [pool-355-thread-1] INFO  segmented.SegmentedRaftLogWorker (SegmentedRaftLogWorker.java:<init>(182)) - new om1@group-C5BA1605619E-SegmentedRaftLogWorker for RaftStorageImpl:Storage Directory /home/runner/work/ozone/ozone/hadoop-ozone/integration-test/target/test-dir/MiniOzoneClusterImpl-4aa5cedd-5a93-4d09-91c0-161c6537f610/ozone-meta/ratis/bf265839-605b-3f16-9796-c5ba1605619e
2021-08-14 01:17:36,742 [pool-355-thread-1] INFO  server.RaftServerConfigKeys (ConfUtils.java:logGet(44)) - raft.server.log.queue.byte-limit = 64MB (=67108864) (default)
2021-08-14 01:17:36,742 [pool-355-thread-1] INFO  server.RaftServerConfigKeys (ConfUtils.java:logGet(44)) - raft.server.log.queue.element-limit = 4096 (default)
2021-08-14 01:17:36,742 [pool-355-thread-1] INFO  server.RaftServerConfigKeys (ConfUtils.java:logGet(44)) - raft.server.log.segment.size.max = 4194304 (custom)
2021-08-14 01:17:36,742 [pool-355-thread-1] INFO  server.RaftServerConfigKeys (ConfUtils.java:logGet(44)) - raft.server.log.preallocated.size = 4194304 (custom)
2021-08-14 01:17:36,742 [pool-355-thread-1] INFO  server.RaftServerConfigKeys (ConfUtils.java:logGet(44)) - raft.server.log.force.sync.num = 128 (default)
2021-08-14 01:17:36,742 [pool-355-thread-1] INFO  server.RaftServerConfigKeys (ConfUtils.java:logGet(44)) - raft.server.log.statemachine.data.sync = true (default)
2021-08-14 01:17:36,742 [pool-355-thread-1] INFO  server.RaftServerConfigKeys (ConfUtils.java:logGet(44)) - raft.server.log.statemachine.data.sync.timeout = 10s (default)
2021-08-14 01:17:36,742 [pool-355-thread-1] INFO  server.RaftServerConfigKeys (ConfUtils.java:logGet(44)) - raft.server.log.statemachine.data.sync.timeout.retry = -1 (default)
2021-08-14 01:17:36,748 [pool-355-thread-1] INFO  server.RaftServerConfigKeys (ConfUtils.java:logGet(44)) - raft.server.log.write.buffer.size = 64KB (=65536) (default)
2021-08-14 01:17:36,748 [pool-355-thread-1] INFO  server.RaftServerConfigKeys (ConfUtils.java:logGet(44)) - raft.server.log.statemachine.data.caching.enabled = false (default)
2021-08-14 01:17:36,749 [pool-355-thread-1] INFO  segmented.SegmentedRaftLogWorker (SegmentedRaftLogWorker.java:lambda$new$0(133)) - om1@group-C5BA1605619E-SegmentedRaftLogWorker: flushIndex: setUnconditionally 0 -> -1
2021-08-14 01:17:36,749 [pool-355-thread-1] INFO  segmented.SegmentedRaftLogWorker (SegmentedRaftLogWorker.java:lambda$new$0(133)) - om1@group-C5BA1605619E-SegmentedRaftLogWorker: safeCacheEvictIndex: setUnconditionally 0 -> -1
2021-08-14 01:17:36,769 [pool-355-thread-1] INFO  server.RaftServerConfigKeys (ConfUtils.java:logGet(44)) - raft.server.snapshot.auto.trigger.enabled = true (custom)
2021-08-14 01:17:36,770 [pool-355-thread-1] INFO  server.RaftServerConfigKeys (ConfUtils.java:logGet(44)) - raft.server.snapshot.auto.trigger.threshold = 400000 (default)
2021-08-14 01:17:36,770 [pool-355-thread-1] INFO  server.RaftServerConfigKeys (ConfUtils.java:logGet(44)) - raft.server.snapshot.retention.file.num = -1 (default)
2021-08-14 01:17:36,770 [pool-355-thread-1] INFO  server.RaftServerConfigKeys (ConfUtils.java:logGet(44)) - raft.server.log.purge.upto.snapshot.index = true (custom)
2021-08-14 01:17:36,770 [pool-355-thread-1] INFO  server.RaftServerConfigKeys (ConfUtils.java:logGet(44)) - raft.server.retrycache.expirytime = 300s (custom)
2021-08-14 01:17:36,770 [pool-355-thread-1] INFO  server.RaftServerConfigKeys (ConfUtils.java:logGet(44)) - raft.server.retrycache.statistics.expirytime = 100μs (default)
2021-08-14 01:17:36,789 [Listener at 127.0.0.1/39751] INFO  om.OzoneManager (OzoneManager.java:initFSOLayout(4321)) - Configured ozone.om.metadata.layout=SIMPLE and disabled optimized OM FS operations
2021-08-14 01:17:36,789 [Listener at 127.0.0.1/39751] INFO  impl.MetricsSystemImpl (MetricsSystemImpl.java:init(158)) - OzoneManager metrics system started (again)
2021-08-14 01:17:36,828 [Listener at 127.0.0.1/39751] INFO  om.OzoneManager (OzoneManager.java:start(1270)) - OzoneManager RPC server is listening at localhost/127.0.0.1:39751
2021-08-14 01:17:36,828 [Listener at 127.0.0.1/39751] INFO  ratis.OzoneManagerRatisServer (OzoneManagerRatisServer.java:start(516)) - Starting OzoneManagerRatisServer om1 at port 9872
2021-08-14 01:17:36,828 [Listener at 127.0.0.1/39751] INFO  server.RaftServer$Division (RaftServerImpl.java:start(296)) - om1@group-C5BA1605619E: start as a follower, conf=-1: [om1|rpc:localhost:9872|priority:0], old=null
2021-08-14 01:17:36,838 [Listener at 127.0.0.1/39751] INFO  server.RaftServer$Division (RaftServerImpl.java:setRole(285)) - om1@group-C5BA1605619E: changes role from      null to FOLLOWER at term 0 for startAsFollower
2021-08-14 01:17:36,838 [Listener at 127.0.0.1/39751] INFO  impl.RoleInfo (RoleInfo.java:updateAndGet(130)) - om1: start om1@group-C5BA1605619E-FollowerState
2021-08-14 01:17:36,839 [Listener at 127.0.0.1/39751] INFO  util.JmxRegister (JmxRegister.java:tryRegister(44)) - Successfully registered JMX Bean with object name Ratis:service=RaftServer,group=group-C5BA1605619E,id=om1
2021-08-14 01:17:36,840 [Listener at 127.0.0.1/39751] INFO  server.RaftServer (RaftServerProxy.java:lambda$start$5(374)) - om1: start RPC server
2021-08-14 01:17:36,861 [Listener at 127.0.0.1/39751] INFO  server.GrpcService (GrpcService.java:startImpl(253)) - om1: GrpcService started, listening on 9872
2021-08-14 01:17:36,864 [Listener at 127.0.0.1/39751] INFO  om.OzoneManager (OzoneManager.java:start(1288)) - Version File has different layout version (0) than OM DB (null). That is expected if this OM has never been finalized to a newer layout version.
2021-08-14 01:17:36,865 [org.apache.ratis.util.JvmPauseMonitor$$Lambda$531/1843423744@62d890af] INFO  util.JvmPauseMonitor (JvmPauseMonitor.java:run(103)) - JvmPauseMonitor-om1: Started
2021-08-14 01:17:36,872 [Listener at 127.0.0.1/39751] INFO  http.BaseHttpServer (BaseHttpServer.java:newHttpServer2BuilderForOzone(209)) - Starting Web-server for ozoneManager at: http://0.0.0.0:0
2021-08-14 01:17:36,872 [Listener at 127.0.0.1/39751] INFO  http.BaseHttpServer (BaseHttpServer.java:<init>(107)) - Hadoop Security Enabled: false Ozone Security Enabled: false Ozone HTTP Security Enabled: false 
2021-08-14 01:17:36,874 [Listener at 127.0.0.1/39751] INFO  server.AuthenticationFilter (AuthenticationFilter.java:constructSecretProvider(240)) - Unable to initialize FileSignerSecretProvider, falling back to use random secrets.
2021-08-14 01:17:36,874 [Listener at 127.0.0.1/39751] WARN  http.HttpRequestLog (HttpRequestLog.java:getRequestLog(103)) - Jetty request log can only be enabled using Log4j
2021-08-14 01:17:36,875 [Listener at 127.0.0.1/39751] INFO  http.HttpServer2 (HttpServer2.java:addGlobalFilter(1020)) - Added global filter 'safety' (class=org.apache.hadoop.hdds.server.http.HttpServer2$QuotingInputFilter)
2021-08-14 01:17:36,876 [Listener at 127.0.0.1/39751] INFO  http.HttpServer2 (HttpServer2.java:addFilter(996)) - Added filter static_user_filter (class=org.apache.hadoop.http.lib.StaticUserWebFilter$StaticUserFilter) to context ozoneManager
2021-08-14 01:17:36,876 [Listener at 127.0.0.1/39751] INFO  http.HttpServer2 (HttpServer2.java:addFilter(1004)) - Added filter static_user_filter (class=org.apache.hadoop.http.lib.StaticUserWebFilter$StaticUserFilter) to context logs
2021-08-14 01:17:36,876 [Listener at 127.0.0.1/39751] INFO  http.HttpServer2 (HttpServer2.java:addFilter(1004)) - Added filter static_user_filter (class=org.apache.hadoop.http.lib.StaticUserWebFilter$StaticUserFilter) to context static
2021-08-14 01:17:36,876 [Listener at 127.0.0.1/39751] INFO  http.HttpServer2 (HttpServer2.java:bindListener(1239)) - Jetty bound to port 38663
2021-08-14 01:17:36,876 [Listener at 127.0.0.1/39751] INFO  server.Server (Server.java:doStart(375)) - jetty-9.4.43.v20210629; built: 2021-06-30T11:07:22.254Z; git: 526006ecfa3af7f1a27ef3a288e2bef7ea9dd7e8; jvm 1.8.0_292-b10
2021-08-14 01:17:36,909 [Listener at 127.0.0.1/39751] INFO  server.session (DefaultSessionIdManager.java:doStart(334)) - DefaultSessionIdManager workerName=node0
2021-08-14 01:17:36,909 [Listener at 127.0.0.1/39751] INFO  server.session (DefaultSessionIdManager.java:doStart(339)) - No SessionScavenger set, using defaults
2021-08-14 01:17:36,909 [Listener at 127.0.0.1/39751] INFO  server.session (HouseKeeper.java:startScavenging(132)) - node0 Scavenging every 600000ms
2021-08-14 01:17:36,910 [Listener at 127.0.0.1/39751] INFO  handler.ContextHandler (ContextHandler.java:doStart(915)) - Started o.e.j.s.ServletContextHandler@3dd21d25{logs,/logs,file:///home/runner/work/ozone/ozone/hadoop-ozone/integration-test/target/log,AVAILABLE}
2021-08-14 01:17:36,910 [Listener at 127.0.0.1/39751] INFO  handler.ContextHandler (ContextHandler.java:doStart(915)) - Started o.e.j.s.ServletContextHandler@46227fce{static,/static,file:///home/runner/work/ozone/ozone/hadoop-ozone/integration-test/target/test-classes/webapps/static,AVAILABLE}
2021-08-14 01:17:36,924 [Listener at 127.0.0.1/39751] INFO  handler.ContextHandler (ContextHandler.java:doStart(915)) - Started o.e.j.w.WebAppContext@70537418{ozoneManager,/,file:///home/runner/work/ozone/ozone/hadoop-ozone/integration-test/target/test-classes/webapps/ozoneManager/,AVAILABLE}{file:/home/runner/work/ozone/ozone/hadoop-ozone/integration-test/target/test-classes/webapps/ozoneManager}
2021-08-14 01:17:36,940 [Listener at 127.0.0.1/39751] INFO  server.AbstractConnector (AbstractConnector.java:doStart(331)) - Started ServerConnector@2a9a204d{HTTP/1.1, (http/1.1)}{0.0.0.0:38663}
2021-08-14 01:17:36,940 [Listener at 127.0.0.1/39751] INFO  server.Server (Server.java:doStart(415)) - Started @105429ms
2021-08-14 01:17:36,940 [Listener at 127.0.0.1/39751] WARN  impl.MetricsSystemImpl (MetricsSystemImpl.java:register(279)) - Sink prometheus already exists!
2021-08-14 01:17:36,941 [Listener at 127.0.0.1/39751] INFO  http.BaseHttpServer (BaseHttpServer.java:updateConnectorAddress(329)) - HTTP server of ozoneManager listening at http://0.0.0.0:38663
2021-08-14 01:17:36,949 [IPC Server Responder] INFO  ipc.Server (Server.java:run(1507)) - IPC Server Responder: starting
2021-08-14 01:17:36,949 [IPC Server listener on 0] INFO  ipc.Server (Server.java:run(1344)) - IPC Server listener on 0: starting
2021-08-14 01:17:36,952 [Listener at 127.0.0.1/39751] INFO  om.OzoneManager (OzoneManager.java:startTrashEmptier(1531)) - Trash Interval set to 0. Files deleted will not move to trash
2021-08-14 01:17:36,963 [org.apache.hadoop.util.JvmPauseMonitor$Monitor@2c8ae02c] INFO  util.JvmPauseMonitor (JvmPauseMonitor.java:run(188)) - Starting JVM pause monitor
2021-08-14 01:17:37,004 [Listener at 127.0.0.1/39751] WARN  impl.MetricRegistriesImpl (MetricRegistriesImpl.java:addReporterRegistration(111)) - New reporters are added after registries were created. Some metrics will be missing from the reporter. Please add reporter before adding any new registry.
2021-08-14 01:17:37,004 [Listener at 127.0.0.1/39751] WARN  impl.MetricRegistriesImpl (MetricRegistriesImpl.java:addReporterRegistration(111)) - New reporters are added after registries were created. Some metrics will be missing from the reporter. Please add reporter before adding any new registry.
2021-08-14 01:17:37,005 [Listener at 127.0.0.1/39751] INFO  impl.MetricsSystemImpl (MetricsSystemImpl.java:init(158)) - HddsDatanode metrics system started (again)
2021-08-14 01:17:37,041 [Listener at 127.0.0.1/39751] INFO  ozone.HddsDatanodeService (HddsDatanodeService.java:start(234)) - HddsDatanodeService host:fv-az395-768.zfmzfyrfkyou3ow0tsr0jxwq1e.bx.internal.cloudapp.net ip:10.1.0.10
2021-08-14 01:17:37,107 [Listener at 127.0.0.1/39751] INFO  upgrade.AbstractLayoutVersionManager (AbstractLayoutVersionManager.java:init(70)) - Initializing Layout version manager with metadata layout = SCM_HA (version = 2), software layout = SCM_HA (version = 2)
2021-08-14 01:17:37,174 [Listener at 127.0.0.1/39751] INFO  reflections.Reflections (Reflections.java:scan(232)) - Reflections took 65 ms to scan 7 urls, producing 120 keys and 275 values 
2021-08-14 01:17:37,183 [Listener at 127.0.0.1/39751] INFO  volume.HddsVolume (HddsVolume.java:<init>(120)) - Creating HddsVolume: /home/runner/work/ozone/ozone/hadoop-ozone/integration-test/target/test-dir/MiniOzoneClusterImpl-4aa5cedd-5a93-4d09-91c0-161c6537f610/datanode-0/data-0/containers/hdds of storage type : DISK capacity : 9223372036854775807
2021-08-14 01:17:37,184 [Listener at 127.0.0.1/39751] INFO  volume.MutableVolumeSet (MutableVolumeSet.java:initializeVolumeSet(181)) - Added Volume : /home/runner/work/ozone/ozone/hadoop-ozone/integration-test/target/test-dir/MiniOzoneClusterImpl-4aa5cedd-5a93-4d09-91c0-161c6537f610/datanode-0/data-0/containers/hdds to VolumeSet
2021-08-14 01:17:37,184 [Listener at 127.0.0.1/39751] INFO  volume.ThrottledAsyncChecker (ThrottledAsyncChecker.java:schedule(141)) - Scheduling a check for /home/runner/work/ozone/ozone/hadoop-ozone/integration-test/target/test-dir/MiniOzoneClusterImpl-4aa5cedd-5a93-4d09-91c0-161c6537f610/datanode-0/data-0/containers/hdds
2021-08-14 01:17:37,185 [Listener at 127.0.0.1/39751] INFO  volume.StorageVolumeChecker (StorageVolumeChecker.java:checkAllVolumes(202)) - Scheduled health check for volume /home/runner/work/ozone/ozone/hadoop-ozone/integration-test/target/test-dir/MiniOzoneClusterImpl-4aa5cedd-5a93-4d09-91c0-161c6537f610/datanode-0/data-0/containers/hdds
2021-08-14 01:17:37,209 [Listener at 127.0.0.1/39751] INFO  volume.MutableVolumeSet (MutableVolumeSet.java:initializeVolumeSet(181)) - Added Volume : /home/runner/work/ozone/ozone/hadoop-ozone/integration-test/target/test-dir/MiniOzoneClusterImpl-4aa5cedd-5a93-4d09-91c0-161c6537f610/datanode-0/data/ratis to VolumeSet
2021-08-14 01:17:37,209 [Listener at 127.0.0.1/39751] INFO  volume.ThrottledAsyncChecker (ThrottledAsyncChecker.java:schedule(141)) - Scheduling a check for /home/runner/work/ozone/ozone/hadoop-ozone/integration-test/target/test-dir/MiniOzoneClusterImpl-4aa5cedd-5a93-4d09-91c0-161c6537f610/datanode-0/data/ratis
2021-08-14 01:17:37,210 [Listener at 127.0.0.1/39751] INFO  volume.StorageVolumeChecker (StorageVolumeChecker.java:checkAllVolumes(202)) - Scheduled health check for volume /home/runner/work/ozone/ozone/hadoop-ozone/integration-test/target/test-dir/MiniOzoneClusterImpl-4aa5cedd-5a93-4d09-91c0-161c6537f610/datanode-0/data/ratis
2021-08-14 01:17:37,225 [Listener at 127.0.0.1/39751] INFO  ozoneimpl.ContainerReader (ContainerReader.java:<init>(98)) - Running in upgrade mode:true
2021-08-14 01:17:37,225 [Thread-871] INFO  ozoneimpl.ContainerReader (ContainerReader.java:readVolume(142)) - Start to verify containers on volume /home/runner/work/ozone/ozone/hadoop-ozone/integration-test/target/test-dir/MiniOzoneClusterImpl-4aa5cedd-5a93-4d09-91c0-161c6537f610/datanode-0/data-0/containers/hdds
2021-08-14 01:17:37,225 [Thread-871] INFO  ozoneimpl.ContainerReader (ContainerReader.java:readVolume(174)) - Finish verifying containers on volume /home/runner/work/ozone/ozone/hadoop-ozone/integration-test/target/test-dir/MiniOzoneClusterImpl-4aa5cedd-5a93-4d09-91c0-161c6537f610/datanode-0/data-0/containers/hdds
2021-08-14 01:17:37,225 [Listener at 127.0.0.1/39751] INFO  ozoneimpl.OzoneContainer (OzoneContainer.java:buildContainerSet(237)) - Build ContainerSet costs 0s
2021-08-14 01:17:37,227 [Listener at 127.0.0.1/39751] INFO  server.RaftServer (ConfUtils.java:logGet(44)) - raft.rpc.type = GRPC (default)
2021-08-14 01:17:37,227 [Listener at 127.0.0.1/39751] INFO  grpc.GrpcFactory (GrpcFactory.java:checkPooledByteBufAllocatorUseCacheForAllThreads(48)) - PERFORMANCE WARNING: useCacheForAllThreads is true that may cause Netty to create a lot garbage objects and, as a result, trigger GC.
	It is recommended to disable useCacheForAllThreads by setting -Dorg.apache.ratis.thirdparty.io.netty.allocator.useCacheForAllThreads=false in command line.
2021-08-14 01:17:37,227 [Listener at 127.0.0.1/39751] INFO  grpc.GrpcConfigKeys (ConfUtils.java:logGet(44)) - raft.grpc.admin.port = 0 (custom)
2021-08-14 01:17:37,227 [Listener at 127.0.0.1/39751] INFO  grpc.GrpcConfigKeys (ConfUtils.java:logGet(44)) - raft.grpc.client.port = 0 (custom)
2021-08-14 01:17:37,227 [Listener at 127.0.0.1/39751] INFO  grpc.GrpcConfigKeys (ConfUtils.java:logGet(44)) - raft.grpc.server.port = 0 (default)
2021-08-14 01:17:37,228 [Listener at 127.0.0.1/39751] INFO  server.GrpcService (ConfUtils.java:logGet(44)) - raft.grpc.message.size.max = 32MB (=33554432) (custom)
2021-08-14 01:17:37,228 [Listener at 127.0.0.1/39751] INFO  server.RaftServerConfigKeys (ConfUtils.java:logGet(44)) - raft.server.log.appender.buffer.byte-limit = 33554432 (custom)
2021-08-14 01:17:37,231 [Listener at 127.0.0.1/39751] INFO  server.GrpcService (ConfUtils.java:logGet(44)) - raft.grpc.flow.control.window = 5MB (=5242880) (custom)
2021-08-14 01:17:37,231 [Listener at 127.0.0.1/39751] INFO  server.RaftServerConfigKeys (ConfUtils.java:logGet(44)) - raft.server.rpc.request.timeout = 60s (custom)
2021-08-14 01:17:37,232 [Listener at 127.0.0.1/39751] INFO  impl.DataStreamServerImpl (ConfUtils.java:logGet(44)) - raft.datastream.type = DISABLED (default)
2021-08-14 01:17:37,238 [Listener at 127.0.0.1/39751] INFO  server.RaftServerConfigKeys (ConfUtils.java:logGet(44)) - raft.server.rpc.slowness.timeout = 300s (custom)
2021-08-14 01:17:37,238 [Listener at 127.0.0.1/39751] INFO  server.RaftServerConfigKeys (ConfUtils.java:logGet(44)) - raft.server.leaderelection.leader.step-down.wait-time = 10s (default)
2021-08-14 01:17:37,238 [Listener at 127.0.0.1/39751] INFO  server.RaftServerConfigKeys (ConfUtils.java:logGet(44)) - raft.server.storage.dir = [/home/runner/work/ozone/ozone/hadoop-ozone/integration-test/target/test-dir/MiniOzoneClusterImpl-4aa5cedd-5a93-4d09-91c0-161c6537f610/datanode-0/data/ratis] (custom)
2021-08-14 01:17:37,245 [Listener at 127.0.0.1/39751] INFO  http.BaseHttpServer (BaseHttpServer.java:newHttpServer2BuilderForOzone(209)) - Starting Web-server for hddsDatanode at: http://0.0.0.0:0
2021-08-14 01:17:37,245 [Listener at 127.0.0.1/39751] INFO  http.BaseHttpServer (BaseHttpServer.java:<init>(107)) - Hadoop Security Enabled: false Ozone Security Enabled: false Ozone HTTP Security Enabled: false 
2021-08-14 01:17:37,255 [Listener at 127.0.0.1/39751] INFO  server.AuthenticationFilter (AuthenticationFilter.java:constructSecretProvider(240)) - Unable to initialize FileSignerSecretProvider, falling back to use random secrets.
2021-08-14 01:17:37,259 [Listener at 127.0.0.1/39751] WARN  http.HttpRequestLog (HttpRequestLog.java:getRequestLog(103)) - Jetty request log can only be enabled using Log4j
2021-08-14 01:17:37,260 [Listener at 127.0.0.1/39751] INFO  http.HttpServer2 (HttpServer2.java:addGlobalFilter(1020)) - Added global filter 'safety' (class=org.apache.hadoop.hdds.server.http.HttpServer2$QuotingInputFilter)
2021-08-14 01:17:37,261 [Listener at 127.0.0.1/39751] INFO  http.HttpServer2 (HttpServer2.java:addFilter(996)) - Added filter static_user_filter (class=org.apache.hadoop.http.lib.StaticUserWebFilter$StaticUserFilter) to context hddsDatanode
2021-08-14 01:17:37,261 [Listener at 127.0.0.1/39751] INFO  http.HttpServer2 (HttpServer2.java:addFilter(1004)) - Added filter static_user_filter (class=org.apache.hadoop.http.lib.StaticUserWebFilter$StaticUserFilter) to context static
2021-08-14 01:17:37,261 [Listener at 127.0.0.1/39751] INFO  http.HttpServer2 (HttpServer2.java:addFilter(1004)) - Added filter static_user_filter (class=org.apache.hadoop.http.lib.StaticUserWebFilter$StaticUserFilter) to context logs
2021-08-14 01:17:37,262 [Listener at 127.0.0.1/39751] INFO  http.HttpServer2 (HttpServer2.java:bindListener(1239)) - Jetty bound to port 38931
2021-08-14 01:17:37,262 [Listener at 127.0.0.1/39751] INFO  server.Server (Server.java:doStart(375)) - jetty-9.4.43.v20210629; built: 2021-06-30T11:07:22.254Z; git: 526006ecfa3af7f1a27ef3a288e2bef7ea9dd7e8; jvm 1.8.0_292-b10
2021-08-14 01:17:37,269 [Listener at 127.0.0.1/39751] INFO  server.session (DefaultSessionIdManager.java:doStart(334)) - DefaultSessionIdManager workerName=node0
2021-08-14 01:17:37,269 [Listener at 127.0.0.1/39751] INFO  server.session (DefaultSessionIdManager.java:doStart(339)) - No SessionScavenger set, using defaults
2021-08-14 01:17:37,269 [Listener at 127.0.0.1/39751] INFO  server.session (HouseKeeper.java:startScavenging(132)) - node0 Scavenging every 600000ms
2021-08-14 01:17:37,282 [Listener at 127.0.0.1/39751] INFO  handler.ContextHandler (ContextHandler.java:doStart(915)) - Started o.e.j.s.ServletContextHandler@20662668{logs,/logs,file:///home/runner/work/ozone/ozone/hadoop-ozone/integration-test/target/log,AVAILABLE}
2021-08-14 01:17:37,283 [Listener at 127.0.0.1/39751] INFO  handler.ContextHandler (ContextHandler.java:doStart(915)) - Started o.e.j.s.ServletContextHandler@dcd25aa{static,/static,jar:file:/home/runner/.m2/repository/org/apache/ozone/hdds-container-service/1.2.0-SNAPSHOT/hdds-container-service-1.2.0-SNAPSHOT.jar!/webapps/static,AVAILABLE}
2021-08-14 01:17:37,342 [Listener at 127.0.0.1/39751] INFO  handler.ContextHandler (ContextHandler.java:doStart(915)) - Started o.e.j.w.WebAppContext@60c8ab40{hddsDatanode,/,file:///tmp/jetty-0_0_0_0-38931-hdds-container-service-1_2_0-SNAPSHOT_jar-_-any-8750770987831657231/webapp/,AVAILABLE}{jar:file:/home/runner/.m2/repository/org/apache/ozone/hdds-container-service/1.2.0-SNAPSHOT/hdds-container-service-1.2.0-SNAPSHOT.jar!/webapps/hddsDatanode}
2021-08-14 01:17:37,361 [Listener at 127.0.0.1/39751] INFO  server.AbstractConnector (AbstractConnector.java:doStart(331)) - Started ServerConnector@6aa1aee3{HTTP/1.1, (http/1.1)}{0.0.0.0:38931}
2021-08-14 01:17:37,361 [Listener at 127.0.0.1/39751] INFO  server.Server (Server.java:doStart(415)) - Started @105849ms
2021-08-14 01:17:37,361 [Listener at 127.0.0.1/39751] WARN  impl.MetricsSystemImpl (MetricsSystemImpl.java:register(279)) - Sink prometheus already exists!
2021-08-14 01:17:37,362 [Listener at 127.0.0.1/39751] INFO  http.BaseHttpServer (BaseHttpServer.java:updateConnectorAddress(329)) - HTTP server of hddsDatanode listening at http://0.0.0.0:38931
2021-08-14 01:17:37,365 [Listener at 127.0.0.1/39751] WARN  impl.MetricRegistriesImpl (MetricRegistriesImpl.java:addReporterRegistration(111)) - New reporters are added after registries were created. Some metrics will be missing from the reporter. Please add reporter before adding any new registry.
2021-08-14 01:17:37,365 [Listener at 127.0.0.1/39751] WARN  impl.MetricRegistriesImpl (MetricRegistriesImpl.java:addReporterRegistration(111)) - New reporters are added after registries were created. Some metrics will be missing from the reporter. Please add reporter before adding any new registry.
2021-08-14 01:17:37,365 [Listener at 127.0.0.1/39751] INFO  impl.MetricsSystemImpl (MetricsSystemImpl.java:init(158)) - HddsDatanode metrics system started (again)
2021-08-14 01:17:37,410 [Listener at 127.0.0.1/39751] INFO  ozone.HddsDatanodeService (HddsDatanodeService.java:start(234)) - HddsDatanodeService host:fv-az395-768.zfmzfyrfkyou3ow0tsr0jxwq1e.bx.internal.cloudapp.net ip:10.1.0.10
2021-08-14 01:17:37,428 [org.apache.hadoop.util.JvmPauseMonitor$Monitor@33eca5dc] INFO  util.JvmPauseMonitor (JvmPauseMonitor.java:run(188)) - Starting JVM pause monitor
2021-08-14 01:17:37,458 [Datanode State Machine Task Thread - 0] INFO  datanode.InitDatanodeState (InitDatanodeState.java:persistContainerDatanodeDetails(145)) - DatanodeDetails is persisted to /home/runner/work/ozone/ozone/hadoop-ozone/integration-test/target/test-dir/MiniOzoneClusterImpl-4aa5cedd-5a93-4d09-91c0-161c6537f610/datanode-0/meta/datanode.id
2021-08-14 01:17:37,462 [Listener at 127.0.0.1/39751] INFO  upgrade.AbstractLayoutVersionManager (AbstractLayoutVersionManager.java:init(70)) - Initializing Layout version manager with metadata layout = SCM_HA (version = 2), software layout = SCM_HA (version = 2)
2021-08-14 01:17:37,546 [Listener at 127.0.0.1/39751] INFO  reflections.Reflections (Reflections.java:scan(232)) - Reflections took 82 ms to scan 7 urls, producing 120 keys and 275 values 
2021-08-14 01:17:37,557 [Listener at 127.0.0.1/39751] INFO  volume.HddsVolume (HddsVolume.java:<init>(120)) - Creating HddsVolume: /home/runner/work/ozone/ozone/hadoop-ozone/integration-test/target/test-dir/MiniOzoneClusterImpl-4aa5cedd-5a93-4d09-91c0-161c6537f610/datanode-1/data-0/containers/hdds of storage type : DISK capacity : 9223372036854775807
2021-08-14 01:17:37,557 [Listener at 127.0.0.1/39751] INFO  volume.MutableVolumeSet (MutableVolumeSet.java:initializeVolumeSet(181)) - Added Volume : /home/runner/work/ozone/ozone/hadoop-ozone/integration-test/target/test-dir/MiniOzoneClusterImpl-4aa5cedd-5a93-4d09-91c0-161c6537f610/datanode-1/data-0/containers/hdds to VolumeSet
2021-08-14 01:17:37,557 [Listener at 127.0.0.1/39751] INFO  volume.ThrottledAsyncChecker (ThrottledAsyncChecker.java:schedule(141)) - Scheduling a check for /home/runner/work/ozone/ozone/hadoop-ozone/integration-test/target/test-dir/MiniOzoneClusterImpl-4aa5cedd-5a93-4d09-91c0-161c6537f610/datanode-1/data-0/containers/hdds
2021-08-14 01:17:37,563 [Listener at 127.0.0.1/39751] INFO  volume.StorageVolumeChecker (StorageVolumeChecker.java:checkAllVolumes(202)) - Scheduled health check for volume /home/runner/work/ozone/ozone/hadoop-ozone/integration-test/target/test-dir/MiniOzoneClusterImpl-4aa5cedd-5a93-4d09-91c0-161c6537f610/datanode-1/data-0/containers/hdds
2021-08-14 01:17:37,593 [Listener at 127.0.0.1/39751] INFO  volume.MutableVolumeSet (MutableVolumeSet.java:initializeVolumeSet(181)) - Added Volume : /home/runner/work/ozone/ozone/hadoop-ozone/integration-test/target/test-dir/MiniOzoneClusterImpl-4aa5cedd-5a93-4d09-91c0-161c6537f610/datanode-1/data/ratis to VolumeSet
2021-08-14 01:17:37,593 [Listener at 127.0.0.1/39751] INFO  volume.ThrottledAsyncChecker (ThrottledAsyncChecker.java:schedule(141)) - Scheduling a check for /home/runner/work/ozone/ozone/hadoop-ozone/integration-test/target/test-dir/MiniOzoneClusterImpl-4aa5cedd-5a93-4d09-91c0-161c6537f610/datanode-1/data/ratis
2021-08-14 01:17:37,594 [Listener at 127.0.0.1/39751] INFO  volume.StorageVolumeChecker (StorageVolumeChecker.java:checkAllVolumes(202)) - Scheduled health check for volume /home/runner/work/ozone/ozone/hadoop-ozone/integration-test/target/test-dir/MiniOzoneClusterImpl-4aa5cedd-5a93-4d09-91c0-161c6537f610/datanode-1/data/ratis
2021-08-14 01:17:37,616 [Listener at 127.0.0.1/39751] INFO  ozoneimpl.ContainerReader (ContainerReader.java:<init>(98)) - Running in upgrade mode:true
2021-08-14 01:17:37,617 [Thread-883] INFO  ozoneimpl.ContainerReader (ContainerReader.java:readVolume(142)) - Start to verify containers on volume /home/runner/work/ozone/ozone/hadoop-ozone/integration-test/target/test-dir/MiniOzoneClusterImpl-4aa5cedd-5a93-4d09-91c0-161c6537f610/datanode-1/data-0/containers/hdds
2021-08-14 01:17:37,617 [Thread-883] INFO  ozoneimpl.ContainerReader (ContainerReader.java:readVolume(174)) - Finish verifying containers on volume /home/runner/work/ozone/ozone/hadoop-ozone/integration-test/target/test-dir/MiniOzoneClusterImpl-4aa5cedd-5a93-4d09-91c0-161c6537f610/datanode-1/data-0/containers/hdds
2021-08-14 01:17:37,617 [Listener at 127.0.0.1/39751] INFO  ozoneimpl.OzoneContainer (OzoneContainer.java:buildContainerSet(237)) - Build ContainerSet costs 0s
2021-08-14 01:17:37,619 [Listener at 127.0.0.1/39751] INFO  server.RaftServer (ConfUtils.java:logGet(44)) - raft.rpc.type = GRPC (default)
2021-08-14 01:17:37,619 [Listener at 127.0.0.1/39751] INFO  grpc.GrpcFactory (GrpcFactory.java:checkPooledByteBufAllocatorUseCacheForAllThreads(48)) - PERFORMANCE WARNING: useCacheForAllThreads is true that may cause Netty to create a lot garbage objects and, as a result, trigger GC.
	It is recommended to disable useCacheForAllThreads by setting -Dorg.apache.ratis.thirdparty.io.netty.allocator.useCacheForAllThreads=false in command line.
2021-08-14 01:17:37,619 [Listener at 127.0.0.1/39751] INFO  grpc.GrpcConfigKeys (ConfUtils.java:logGet(44)) - raft.grpc.admin.port = 0 (custom)
2021-08-14 01:17:37,619 [Listener at 127.0.0.1/39751] INFO  grpc.GrpcConfigKeys (ConfUtils.java:logGet(44)) - raft.grpc.client.port = 0 (custom)
2021-08-14 01:17:37,619 [Listener at 127.0.0.1/39751] INFO  grpc.GrpcConfigKeys (ConfUtils.java:logGet(44)) - raft.grpc.server.port = 0 (default)
2021-08-14 01:17:37,619 [Listener at 127.0.0.1/39751] INFO  server.GrpcService (ConfUtils.java:logGet(44)) - raft.grpc.message.size.max = 32MB (=33554432) (custom)
2021-08-14 01:17:37,619 [Listener at 127.0.0.1/39751] INFO  server.RaftServerConfigKeys (ConfUtils.java:logGet(44)) - raft.server.log.appender.buffer.byte-limit = 33554432 (custom)
2021-08-14 01:17:37,619 [Listener at 127.0.0.1/39751] INFO  server.GrpcService (ConfUtils.java:logGet(44)) - raft.grpc.flow.control.window = 5MB (=5242880) (custom)
2021-08-14 01:17:37,620 [Listener at 127.0.0.1/39751] INFO  server.RaftServerConfigKeys (ConfUtils.java:logGet(44)) - raft.server.rpc.request.timeout = 60s (custom)
2021-08-14 01:17:37,623 [Listener at 127.0.0.1/39751] INFO  impl.DataStreamServerImpl (ConfUtils.java:logGet(44)) - raft.datastream.type = DISABLED (default)
2021-08-14 01:17:37,623 [Listener at 127.0.0.1/39751] INFO  server.RaftServerConfigKeys (ConfUtils.java:logGet(44)) - raft.server.rpc.slowness.timeout = 300s (custom)
2021-08-14 01:17:37,623 [Listener at 127.0.0.1/39751] INFO  server.RaftServerConfigKeys (ConfUtils.java:logGet(44)) - raft.server.leaderelection.leader.step-down.wait-time = 10s (default)
2021-08-14 01:17:37,623 [Listener at 127.0.0.1/39751] INFO  server.RaftServerConfigKeys (ConfUtils.java:logGet(44)) - raft.server.storage.dir = [/home/runner/work/ozone/ozone/hadoop-ozone/integration-test/target/test-dir/MiniOzoneClusterImpl-4aa5cedd-5a93-4d09-91c0-161c6537f610/datanode-1/data/ratis] (custom)
2021-08-14 01:17:37,656 [Listener at 127.0.0.1/39751] INFO  http.BaseHttpServer (BaseHttpServer.java:newHttpServer2BuilderForOzone(209)) - Starting Web-server for hddsDatanode at: http://0.0.0.0:0
2021-08-14 01:17:37,656 [Listener at 127.0.0.1/39751] INFO  http.BaseHttpServer (BaseHttpServer.java:<init>(107)) - Hadoop Security Enabled: false Ozone Security Enabled: false Ozone HTTP Security Enabled: false 
2021-08-14 01:17:37,657 [Listener at 127.0.0.1/39751] INFO  server.AuthenticationFilter (AuthenticationFilter.java:constructSecretProvider(240)) - Unable to initialize FileSignerSecretProvider, falling back to use random secrets.
2021-08-14 01:17:37,665 [Listener at 127.0.0.1/39751] WARN  http.HttpRequestLog (HttpRequestLog.java:getRequestLog(103)) - Jetty request log can only be enabled using Log4j
2021-08-14 01:17:37,672 [Listener at 127.0.0.1/39751] INFO  http.HttpServer2 (HttpServer2.java:addGlobalFilter(1020)) - Added global filter 'safety' (class=org.apache.hadoop.hdds.server.http.HttpServer2$QuotingInputFilter)
2021-08-14 01:17:37,673 [Listener at 127.0.0.1/39751] INFO  http.HttpServer2 (HttpServer2.java:addFilter(996)) - Added filter static_user_filter (class=org.apache.hadoop.http.lib.StaticUserWebFilter$StaticUserFilter) to context hddsDatanode
2021-08-14 01:17:37,673 [Listener at 127.0.0.1/39751] INFO  http.HttpServer2 (HttpServer2.java:addFilter(1004)) - Added filter static_user_filter (class=org.apache.hadoop.http.lib.StaticUserWebFilter$StaticUserFilter) to context logs
2021-08-14 01:17:37,673 [Listener at 127.0.0.1/39751] INFO  http.HttpServer2 (HttpServer2.java:addFilter(1004)) - Added filter static_user_filter (class=org.apache.hadoop.http.lib.StaticUserWebFilter$StaticUserFilter) to context static
2021-08-14 01:17:37,673 [Listener at 127.0.0.1/39751] INFO  http.HttpServer2 (HttpServer2.java:bindListener(1239)) - Jetty bound to port 38185
2021-08-14 01:17:37,673 [Listener at 127.0.0.1/39751] INFO  server.Server (Server.java:doStart(375)) - jetty-9.4.43.v20210629; built: 2021-06-30T11:07:22.254Z; git: 526006ecfa3af7f1a27ef3a288e2bef7ea9dd7e8; jvm 1.8.0_292-b10
2021-08-14 01:17:37,710 [Listener at 127.0.0.1/39751] INFO  server.session (DefaultSessionIdManager.java:doStart(334)) - DefaultSessionIdManager workerName=node0
2021-08-14 01:17:37,710 [Listener at 127.0.0.1/39751] INFO  server.session (DefaultSessionIdManager.java:doStart(339)) - No SessionScavenger set, using defaults
2021-08-14 01:17:37,710 [Listener at 127.0.0.1/39751] INFO  server.session (HouseKeeper.java:startScavenging(132)) - node0 Scavenging every 660000ms
2021-08-14 01:17:37,712 [Listener at 127.0.0.1/39751] INFO  handler.ContextHandler (ContextHandler.java:doStart(915)) - Started o.e.j.s.ServletContextHandler@10cddb14{logs,/logs,file:///home/runner/work/ozone/ozone/hadoop-ozone/integration-test/target/log,AVAILABLE}
2021-08-14 01:17:37,712 [Listener at 127.0.0.1/39751] INFO  handler.ContextHandler (ContextHandler.java:doStart(915)) - Started o.e.j.s.ServletContextHandler@661be976{static,/static,jar:file:/home/runner/.m2/repository/org/apache/ozone/hdds-container-service/1.2.0-SNAPSHOT/hdds-container-service-1.2.0-SNAPSHOT.jar!/webapps/static,AVAILABLE}
2021-08-14 01:17:37,868 [Listener at 127.0.0.1/39751] INFO  handler.ContextHandler (ContextHandler.java:doStart(915)) - Started o.e.j.w.WebAppContext@195ec515{hddsDatanode,/,file:///tmp/jetty-0_0_0_0-38185-hdds-container-service-1_2_0-SNAPSHOT_jar-_-any-5217065021035961461/webapp/,AVAILABLE}{jar:file:/home/runner/.m2/repository/org/apache/ozone/hdds-container-service/1.2.0-SNAPSHOT/hdds-container-service-1.2.0-SNAPSHOT.jar!/webapps/hddsDatanode}
2021-08-14 01:17:37,879 [Listener at 127.0.0.1/39751] INFO  server.AbstractConnector (AbstractConnector.java:doStart(331)) - Started ServerConnector@102e37e2{HTTP/1.1, (http/1.1)}{0.0.0.0:38185}
2021-08-14 01:17:37,879 [Listener at 127.0.0.1/39751] INFO  server.Server (Server.java:doStart(415)) - Started @106368ms
2021-08-14 01:17:37,880 [Listener at 127.0.0.1/39751] WARN  impl.MetricsSystemImpl (MetricsSystemImpl.java:register(279)) - Sink prometheus already exists!
2021-08-14 01:17:37,880 [Listener at 127.0.0.1/39751] INFO  http.BaseHttpServer (BaseHttpServer.java:updateConnectorAddress(329)) - HTTP server of hddsDatanode listening at http://0.0.0.0:38185
2021-08-14 01:17:37,881 [Listener at 127.0.0.1/39751] WARN  impl.MetricRegistriesImpl (MetricRegistriesImpl.java:addReporterRegistration(111)) - New reporters are added after registries were created. Some metrics will be missing from the reporter. Please add reporter before adding any new registry.
2021-08-14 01:17:37,881 [Listener at 127.0.0.1/39751] WARN  impl.MetricRegistriesImpl (MetricRegistriesImpl.java:addReporterRegistration(111)) - New reporters are added after registries were created. Some metrics will be missing from the reporter. Please add reporter before adding any new registry.
2021-08-14 01:17:37,881 [Listener at 127.0.0.1/39751] INFO  impl.MetricsSystemImpl (MetricsSystemImpl.java:init(158)) - HddsDatanode metrics system started (again)
2021-08-14 01:17:37,895 [om1@group-C5BA1605619E-FollowerState] INFO  impl.FollowerState (FollowerState.java:run(134)) - om1@group-C5BA1605619E-FollowerState: change to CANDIDATE, lastRpcElapsedTime:1056832969ns, electionTimeout:1047ms
2021-08-14 01:17:37,895 [om1@group-C5BA1605619E-FollowerState] INFO  impl.RoleInfo (RoleInfo.java:shutdownFollowerState(108)) - om1: shutdown om1@group-C5BA1605619E-FollowerState
2021-08-14 01:17:37,895 [om1@group-C5BA1605619E-FollowerState] INFO  server.RaftServer$Division (RaftServerImpl.java:setRole(285)) - om1@group-C5BA1605619E: changes role from  FOLLOWER to CANDIDATE at term 0 for changeToCandidate
2021-08-14 01:17:37,895 [om1@group-C5BA1605619E-FollowerState] INFO  server.RaftServerConfigKeys (ConfUtils.java:logGet(44)) - raft.server.leaderelection.pre-vote = false (custom)
2021-08-14 01:17:37,895 [om1@group-C5BA1605619E-FollowerState] INFO  impl.RoleInfo (RoleInfo.java:updateAndGet(130)) - om1: start om1@group-C5BA1605619E-LeaderElection25
2021-08-14 01:17:37,949 [Listener at 127.0.0.1/39751] INFO  ozone.HddsDatanodeService (HddsDatanodeService.java:start(234)) - HddsDatanodeService host:fv-az395-768.zfmzfyrfkyou3ow0tsr0jxwq1e.bx.internal.cloudapp.net ip:10.1.0.10
2021-08-14 01:17:37,950 [org.apache.hadoop.util.JvmPauseMonitor$Monitor@952911a] INFO  util.JvmPauseMonitor (JvmPauseMonitor.java:run(188)) - Starting JVM pause monitor
2021-08-14 01:17:37,960 [om1@group-C5BA1605619E-LeaderElection25] INFO  impl.LeaderElection (LeaderElection.java:askForVotes(306)) - om1@group-C5BA1605619E-LeaderElection25 ELECTION round 0: submit vote requests at term 1 for -1: [om1|rpc:localhost:9872|priority:0], old=null
2021-08-14 01:17:37,960 [om1@group-C5BA1605619E-LeaderElection25] INFO  impl.LeaderElection (LeaderElection.java:askForVotes(308)) - om1@group-C5BA1605619E-LeaderElection25 ELECTION round 0: result PASSED (term=1)
2021-08-14 01:17:37,960 [om1@group-C5BA1605619E-LeaderElection25] INFO  impl.RoleInfo (RoleInfo.java:shutdownLeaderElection(121)) - om1: shutdown om1@group-C5BA1605619E-LeaderElection25
2021-08-14 01:17:37,960 [om1@group-C5BA1605619E-LeaderElection25] INFO  server.RaftServer$Division (RaftServerImpl.java:setRole(285)) - om1@group-C5BA1605619E: changes role from CANDIDATE to LEADER at term 1 for changeToLeader
2021-08-14 01:17:37,960 [om1@group-C5BA1605619E-LeaderElection25] INFO  server.RaftServer$Division (ServerState.java:setLeader(285)) - om1@group-C5BA1605619E: change Leader from null to om1 at term 1 for becomeLeader, leader elected after 1218ms
2021-08-14 01:17:37,960 [om1@group-C5BA1605619E-LeaderElection25] INFO  server.RaftServerConfigKeys (ConfUtils.java:logGet(44)) - raft.server.staging.catchup.gap = 1000 (default)
2021-08-14 01:17:37,960 [om1@group-C5BA1605619E-LeaderElection25] INFO  server.RaftServerConfigKeys (ConfUtils.java:logGet(44)) - raft.server.write.element-limit = 4096 (default)
2021-08-14 01:17:37,960 [om1@group-C5BA1605619E-LeaderElection25] INFO  server.RaftServerConfigKeys (ConfUtils.java:logGet(44)) - raft.server.write.byte-limit = 64MB (=67108864) (default)
2021-08-14 01:17:37,961 [om1@group-C5BA1605619E-LeaderElection25] INFO  server.RaftServerConfigKeys (ConfUtils.java:logGet(44)) - raft.server.watch.timeout = 10s (default)
2021-08-14 01:17:37,961 [om1@group-C5BA1605619E-LeaderElection25] INFO  server.RaftServerConfigKeys (ConfUtils.java:logGet(44)) - raft.server.watch.timeout.denomination = 1s (default)
2021-08-14 01:17:37,961 [om1@group-C5BA1605619E-LeaderElection25] INFO  server.RaftServerConfigKeys (ConfUtils.java:logGet(44)) - raft.server.watch.element-limit = 65536 (default)
2021-08-14 01:17:37,961 [om1@group-C5BA1605619E-LeaderElection25] INFO  impl.RoleInfo (RoleInfo.java:updateAndGet(130)) - om1: start om1@group-C5BA1605619E-LeaderStateImpl
2021-08-14 01:17:37,961 [om1@group-C5BA1605619E-LeaderElection25] INFO  segmented.SegmentedRaftLogWorker (SegmentedRaftLogWorker.java:startLogSegment(394)) - om1@group-C5BA1605619E-SegmentedRaftLogWorker: Starting segment from index:0
2021-08-14 01:17:37,976 [om1@group-C5BA1605619E-LeaderElection25] INFO  server.RaftServer$Division (ServerState.java:setRaftConf(387)) - om1@group-C5BA1605619E: set configuration 0: [om1|rpc:localhost:9872|admin:|client:|dataStream:|priority:0], old=null
2021-08-14 01:17:37,992 [om1@group-C5BA1605619E-SegmentedRaftLogWorker] INFO  segmented.SegmentedRaftLogWorker (SegmentedRaftLogWorker.java:execute(601)) - om1@group-C5BA1605619E-SegmentedRaftLogWorker: created new log segment /home/runner/work/ozone/ozone/hadoop-ozone/integration-test/target/test-dir/MiniOzoneClusterImpl-4aa5cedd-5a93-4d09-91c0-161c6537f610/ozone-meta/ratis/bf265839-605b-3f16-9796-c5ba1605619e/current/log_inprogress_0
2021-08-14 01:17:37,996 [om1@group-C5BA1605619E-StateMachineUpdater] INFO  ratis.OzoneManagerStateMachine (OzoneManagerStateMachine.java:notifyConfigurationChanged(188)) - Received Configuration change notification from Ratis. New Peer list:
[id: "om1"
address: "localhost:9872"
]
2021-08-14 01:17:38,035 [Listener at 127.0.0.1/39751] INFO  upgrade.AbstractLayoutVersionManager (AbstractLayoutVersionManager.java:init(70)) - Initializing Layout version manager with metadata layout = SCM_HA (version = 2), software layout = SCM_HA (version = 2)
2021-08-14 01:17:38,053 [Datanode State Machine Task Thread - 0] INFO  datanode.InitDatanodeState (InitDatanodeState.java:persistContainerDatanodeDetails(145)) - DatanodeDetails is persisted to /home/runner/work/ozone/ozone/hadoop-ozone/integration-test/target/test-dir/MiniOzoneClusterImpl-4aa5cedd-5a93-4d09-91c0-161c6537f610/datanode-1/meta/datanode.id
2021-08-14 01:17:38,157 [Listener at 127.0.0.1/39751] INFO  reflections.Reflections (Reflections.java:scan(232)) - Reflections took 120 ms to scan 7 urls, producing 120 keys and 275 values 
2021-08-14 01:17:38,174 [Listener at 127.0.0.1/39751] INFO  volume.HddsVolume (HddsVolume.java:<init>(120)) - Creating HddsVolume: /home/runner/work/ozone/ozone/hadoop-ozone/integration-test/target/test-dir/MiniOzoneClusterImpl-4aa5cedd-5a93-4d09-91c0-161c6537f610/datanode-2/data-0/containers/hdds of storage type : DISK capacity : 9223372036854775807
2021-08-14 01:17:38,174 [Listener at 127.0.0.1/39751] INFO  volume.MutableVolumeSet (MutableVolumeSet.java:initializeVolumeSet(181)) - Added Volume : /home/runner/work/ozone/ozone/hadoop-ozone/integration-test/target/test-dir/MiniOzoneClusterImpl-4aa5cedd-5a93-4d09-91c0-161c6537f610/datanode-2/data-0/containers/hdds to VolumeSet
2021-08-14 01:17:38,174 [Listener at 127.0.0.1/39751] INFO  volume.ThrottledAsyncChecker (ThrottledAsyncChecker.java:schedule(141)) - Scheduling a check for /home/runner/work/ozone/ozone/hadoop-ozone/integration-test/target/test-dir/MiniOzoneClusterImpl-4aa5cedd-5a93-4d09-91c0-161c6537f610/datanode-2/data-0/containers/hdds
2021-08-14 01:17:38,188 [Listener at 127.0.0.1/39751] INFO  volume.StorageVolumeChecker (StorageVolumeChecker.java:checkAllVolumes(202)) - Scheduled health check for volume /home/runner/work/ozone/ozone/hadoop-ozone/integration-test/target/test-dir/MiniOzoneClusterImpl-4aa5cedd-5a93-4d09-91c0-161c6537f610/datanode-2/data-0/containers/hdds
2021-08-14 01:17:38,208 [Listener at 127.0.0.1/39751] INFO  volume.MutableVolumeSet (MutableVolumeSet.java:initializeVolumeSet(181)) - Added Volume : /home/runner/work/ozone/ozone/hadoop-ozone/integration-test/target/test-dir/MiniOzoneClusterImpl-4aa5cedd-5a93-4d09-91c0-161c6537f610/datanode-2/data/ratis to VolumeSet
2021-08-14 01:17:38,214 [Listener at 127.0.0.1/39751] INFO  volume.ThrottledAsyncChecker (ThrottledAsyncChecker.java:schedule(141)) - Scheduling a check for /home/runner/work/ozone/ozone/hadoop-ozone/integration-test/target/test-dir/MiniOzoneClusterImpl-4aa5cedd-5a93-4d09-91c0-161c6537f610/datanode-2/data/ratis
2021-08-14 01:17:38,214 [Listener at 127.0.0.1/39751] INFO  volume.StorageVolumeChecker (StorageVolumeChecker.java:checkAllVolumes(202)) - Scheduled health check for volume /home/runner/work/ozone/ozone/hadoop-ozone/integration-test/target/test-dir/MiniOzoneClusterImpl-4aa5cedd-5a93-4d09-91c0-161c6537f610/datanode-2/data/ratis
2021-08-14 01:17:38,246 [Listener at 127.0.0.1/39751] INFO  ozoneimpl.ContainerReader (ContainerReader.java:<init>(98)) - Running in upgrade mode:true
2021-08-14 01:17:38,246 [Thread-897] INFO  ozoneimpl.ContainerReader (ContainerReader.java:readVolume(142)) - Start to verify containers on volume /home/runner/work/ozone/ozone/hadoop-ozone/integration-test/target/test-dir/MiniOzoneClusterImpl-4aa5cedd-5a93-4d09-91c0-161c6537f610/datanode-2/data-0/containers/hdds
2021-08-14 01:17:38,246 [Thread-897] INFO  ozoneimpl.ContainerReader (ContainerReader.java:readVolume(174)) - Finish verifying containers on volume /home/runner/work/ozone/ozone/hadoop-ozone/integration-test/target/test-dir/MiniOzoneClusterImpl-4aa5cedd-5a93-4d09-91c0-161c6537f610/datanode-2/data-0/containers/hdds
2021-08-14 01:17:38,247 [Listener at 127.0.0.1/39751] INFO  ozoneimpl.OzoneContainer (OzoneContainer.java:buildContainerSet(237)) - Build ContainerSet costs 0s
2021-08-14 01:17:38,249 [Listener at 127.0.0.1/39751] INFO  server.RaftServer (ConfUtils.java:logGet(44)) - raft.rpc.type = GRPC (default)
2021-08-14 01:17:38,249 [Listener at 127.0.0.1/39751] INFO  grpc.GrpcFactory (GrpcFactory.java:checkPooledByteBufAllocatorUseCacheForAllThreads(48)) - PERFORMANCE WARNING: useCacheForAllThreads is true that may cause Netty to create a lot garbage objects and, as a result, trigger GC.
	It is recommended to disable useCacheForAllThreads by setting -Dorg.apache.ratis.thirdparty.io.netty.allocator.useCacheForAllThreads=false in command line.
2021-08-14 01:17:38,249 [Listener at 127.0.0.1/39751] INFO  grpc.GrpcConfigKeys (ConfUtils.java:logGet(44)) - raft.grpc.admin.port = 0 (custom)
2021-08-14 01:17:38,249 [Listener at 127.0.0.1/39751] INFO  grpc.GrpcConfigKeys (ConfUtils.java:logGet(44)) - raft.grpc.client.port = 0 (custom)
2021-08-14 01:17:38,249 [Listener at 127.0.0.1/39751] INFO  grpc.GrpcConfigKeys (ConfUtils.java:logGet(44)) - raft.grpc.server.port = 0 (default)
2021-08-14 01:17:38,250 [Listener at 127.0.0.1/39751] INFO  server.GrpcService (ConfUtils.java:logGet(44)) - raft.grpc.message.size.max = 32MB (=33554432) (custom)
2021-08-14 01:17:38,250 [Listener at 127.0.0.1/39751] INFO  server.RaftServerConfigKeys (ConfUtils.java:logGet(44)) - raft.server.log.appender.buffer.byte-limit = 33554432 (custom)
2021-08-14 01:17:38,250 [Listener at 127.0.0.1/39751] INFO  server.GrpcService (ConfUtils.java:logGet(44)) - raft.grpc.flow.control.window = 5MB (=5242880) (custom)
2021-08-14 01:17:38,250 [Listener at 127.0.0.1/39751] INFO  server.RaftServerConfigKeys (ConfUtils.java:logGet(44)) - raft.server.rpc.request.timeout = 60s (custom)
2021-08-14 01:17:38,251 [Listener at 127.0.0.1/39751] INFO  impl.DataStreamServerImpl (ConfUtils.java:logGet(44)) - raft.datastream.type = DISABLED (default)
2021-08-14 01:17:38,252 [Listener at 127.0.0.1/39751] INFO  server.RaftServerConfigKeys (ConfUtils.java:logGet(44)) - raft.server.rpc.slowness.timeout = 300s (custom)
2021-08-14 01:17:38,254 [Listener at 127.0.0.1/39751] INFO  server.RaftServerConfigKeys (ConfUtils.java:logGet(44)) - raft.server.leaderelection.leader.step-down.wait-time = 10s (default)
2021-08-14 01:17:38,255 [Listener at 127.0.0.1/39751] INFO  server.RaftServerConfigKeys (ConfUtils.java:logGet(44)) - raft.server.storage.dir = [/home/runner/work/ozone/ozone/hadoop-ozone/integration-test/target/test-dir/MiniOzoneClusterImpl-4aa5cedd-5a93-4d09-91c0-161c6537f610/datanode-2/data/ratis] (custom)
2021-08-14 01:17:38,269 [Listener at 127.0.0.1/39751] INFO  http.BaseHttpServer (BaseHttpServer.java:newHttpServer2BuilderForOzone(209)) - Starting Web-server for hddsDatanode at: http://0.0.0.0:0
2021-08-14 01:17:38,269 [Listener at 127.0.0.1/39751] INFO  http.BaseHttpServer (BaseHttpServer.java:<init>(107)) - Hadoop Security Enabled: false Ozone Security Enabled: false Ozone HTTP Security Enabled: false 
2021-08-14 01:17:38,280 [Listener at 127.0.0.1/39751] INFO  server.AuthenticationFilter (AuthenticationFilter.java:constructSecretProvider(240)) - Unable to initialize FileSignerSecretProvider, falling back to use random secrets.
2021-08-14 01:17:38,289 [Listener at 127.0.0.1/39751] WARN  http.HttpRequestLog (HttpRequestLog.java:getRequestLog(103)) - Jetty request log can only be enabled using Log4j
2021-08-14 01:17:38,298 [Listener at 127.0.0.1/39751] INFO  http.HttpServer2 (HttpServer2.java:addGlobalFilter(1020)) - Added global filter 'safety' (class=org.apache.hadoop.hdds.server.http.HttpServer2$QuotingInputFilter)
2021-08-14 01:17:38,299 [Listener at 127.0.0.1/39751] INFO  http.HttpServer2 (HttpServer2.java:addFilter(996)) - Added filter static_user_filter (class=org.apache.hadoop.http.lib.StaticUserWebFilter$StaticUserFilter) to context hddsDatanode
2021-08-14 01:17:38,299 [Listener at 127.0.0.1/39751] INFO  http.HttpServer2 (HttpServer2.java:addFilter(1004)) - Added filter static_user_filter (class=org.apache.hadoop.http.lib.StaticUserWebFilter$StaticUserFilter) to context logs
2021-08-14 01:17:38,299 [Listener at 127.0.0.1/39751] INFO  http.HttpServer2 (HttpServer2.java:addFilter(1004)) - Added filter static_user_filter (class=org.apache.hadoop.http.lib.StaticUserWebFilter$StaticUserFilter) to context static
2021-08-14 01:17:38,300 [Listener at 127.0.0.1/39751] INFO  http.HttpServer2 (HttpServer2.java:bindListener(1239)) - Jetty bound to port 34975
2021-08-14 01:17:38,300 [Listener at 127.0.0.1/39751] INFO  server.Server (Server.java:doStart(375)) - jetty-9.4.43.v20210629; built: 2021-06-30T11:07:22.254Z; git: 526006ecfa3af7f1a27ef3a288e2bef7ea9dd7e8; jvm 1.8.0_292-b10
2021-08-14 01:17:38,342 [Listener at 127.0.0.1/39751] INFO  server.session (DefaultSessionIdManager.java:doStart(334)) - DefaultSessionIdManager workerName=node0
2021-08-14 01:17:38,342 [Listener at 127.0.0.1/39751] INFO  server.session (DefaultSessionIdManager.java:doStart(339)) - No SessionScavenger set, using defaults
2021-08-14 01:17:38,345 [Listener at 127.0.0.1/39751] INFO  server.session (HouseKeeper.java:startScavenging(132)) - node0 Scavenging every 660000ms
2021-08-14 01:17:38,346 [Listener at 127.0.0.1/39751] INFO  handler.ContextHandler (ContextHandler.java:doStart(915)) - Started o.e.j.s.ServletContextHandler@6c99d43b{logs,/logs,file:///home/runner/work/ozone/ozone/hadoop-ozone/integration-test/target/log,AVAILABLE}
2021-08-14 01:17:38,346 [Listener at 127.0.0.1/39751] INFO  handler.ContextHandler (ContextHandler.java:doStart(915)) - Started o.e.j.s.ServletContextHandler@4d1ece15{static,/static,jar:file:/home/runner/.m2/repository/org/apache/ozone/hdds-container-service/1.2.0-SNAPSHOT/hdds-container-service-1.2.0-SNAPSHOT.jar!/webapps/static,AVAILABLE}
2021-08-14 01:17:38,497 [Listener at 127.0.0.1/39751] INFO  handler.ContextHandler (ContextHandler.java:doStart(915)) - Started o.e.j.w.WebAppContext@75526924{hddsDatanode,/,file:///tmp/jetty-0_0_0_0-34975-hdds-container-service-1_2_0-SNAPSHOT_jar-_-any-34349015163069069/webapp/,AVAILABLE}{jar:file:/home/runner/.m2/repository/org/apache/ozone/hdds-container-service/1.2.0-SNAPSHOT/hdds-container-service-1.2.0-SNAPSHOT.jar!/webapps/hddsDatanode}
2021-08-14 01:17:38,516 [Listener at 127.0.0.1/39751] INFO  server.AbstractConnector (AbstractConnector.java:doStart(331)) - Started ServerConnector@6232eae3{HTTP/1.1, (http/1.1)}{0.0.0.0:34975}
2021-08-14 01:17:38,516 [Listener at 127.0.0.1/39751] INFO  server.Server (Server.java:doStart(415)) - Started @107004ms
2021-08-14 01:17:38,517 [Listener at 127.0.0.1/39751] WARN  impl.MetricsSystemImpl (MetricsSystemImpl.java:register(279)) - Sink prometheus already exists!
2021-08-14 01:17:38,517 [Listener at 127.0.0.1/39751] INFO  http.BaseHttpServer (BaseHttpServer.java:updateConnectorAddress(329)) - HTTP server of hddsDatanode listening at http://0.0.0.0:34975
2021-08-14 01:17:38,521 [Listener at 127.0.0.1/39751] INFO  ozone.MiniOzoneClusterImpl (MiniOzoneClusterImpl.java:lambda$waitForClusterToBeReady$0(235)) - Waiting for nodes to be ready. Got 0 of 3 DN Heartbeats.
2021-08-14 01:17:38,521 [Listener at 127.0.0.1/39751] INFO  ozone.MiniOzoneClusterImpl (MiniOzoneClusterImpl.java:lambda$waitForClusterToBeReady$0(238)) - Waiting for cluster to exit safe mode
2021-08-14 01:17:38,521 [Listener at 127.0.0.1/39751] INFO  ozone.MiniOzoneClusterImpl (MiniOzoneClusterImpl.java:lambda$waitForClusterToBeReady$0(240)) - SCM became leader
2021-08-14 01:17:38,575 [org.apache.hadoop.util.JvmPauseMonitor$Monitor@b585d3e] INFO  util.JvmPauseMonitor (JvmPauseMonitor.java:run(188)) - Starting JVM pause monitor
2021-08-14 01:17:38,604 [Datanode State Machine Task Thread - 0] INFO  datanode.InitDatanodeState (InitDatanodeState.java:persistContainerDatanodeDetails(145)) - DatanodeDetails is persisted to /home/runner/work/ozone/ozone/hadoop-ozone/integration-test/target/test-dir/MiniOzoneClusterImpl-4aa5cedd-5a93-4d09-91c0-161c6537f610/datanode-2/meta/datanode.id
2021-08-14 01:17:39,450 [EndpointStateMachine task thread for /0.0.0.0:41627 - 0 ] INFO  ozoneimpl.OzoneContainer (OzoneContainer.java:start(305)) - Attempting to start container services.
2021-08-14 01:17:39,451 [EndpointStateMachine task thread for /0.0.0.0:41627 - 0 ] INFO  ozoneimpl.OzoneContainer (OzoneContainer.java:startContainerScrub(250)) - Background container scanner has been disabled.
2021-08-14 01:17:39,468 [EndpointStateMachine task thread for /0.0.0.0:41627 - 0 ] INFO  replication.ReplicationServer (ReplicationServer.java:start(106)) - ReplicationServer is started using port 36573
2021-08-14 01:17:39,469 [EndpointStateMachine task thread for /0.0.0.0:41627 - 0 ] INFO  ratis.XceiverServerRatis (XceiverServerRatis.java:start(482)) - Starting XceiverServerRatis 1916d96e-2259-41cb-b531-e74b04e27058
2021-08-14 01:17:39,475 [EndpointStateMachine task thread for /0.0.0.0:41627 - 0 ] INFO  server.RaftServer (RaftServerProxy.java:lambda$start$5(374)) - 1916d96e-2259-41cb-b531-e74b04e27058: start RPC server
2021-08-14 01:17:39,476 [EndpointStateMachine task thread for /0.0.0.0:41627 - 0 ] INFO  server.GrpcService (GrpcService.java:startImpl(253)) - 1916d96e-2259-41cb-b531-e74b04e27058: GrpcService started, listening on 45569
2021-08-14 01:17:39,490 [EndpointStateMachine task thread for /0.0.0.0:41627 - 0 ] INFO  ratis.XceiverServerRatis (XceiverServerRatis.java:getRealPort(503)) - XceiverServerRatis 1916d96e-2259-41cb-b531-e74b04e27058 is started using port 45569 for RATIS
2021-08-14 01:17:39,490 [EndpointStateMachine task thread for /0.0.0.0:41627 - 0 ] INFO  ratis.XceiverServerRatis (XceiverServerRatis.java:getRealPort(503)) - XceiverServerRatis 1916d96e-2259-41cb-b531-e74b04e27058 is started using port 45569 for RATIS_ADMIN
2021-08-14 01:17:39,490 [EndpointStateMachine task thread for /0.0.0.0:41627 - 0 ] INFO  ratis.XceiverServerRatis (XceiverServerRatis.java:getRealPort(503)) - XceiverServerRatis 1916d96e-2259-41cb-b531-e74b04e27058 is started using port 45569 for RATIS_SERVER
2021-08-14 01:17:39,491 [EndpointStateMachine task thread for /0.0.0.0:41627 - 0 ] INFO  server.XceiverServerGrpc (XceiverServerGrpc.java:start(135)) - XceiverServerGrpc 1916d96e-2259-41cb-b531-e74b04e27058 is started using port 40719
2021-08-14 01:17:39,523 [Listener at 127.0.0.1/39751] INFO  ozone.MiniOzoneClusterImpl (MiniOzoneClusterImpl.java:lambda$waitForClusterToBeReady$0(235)) - Waiting for nodes to be ready. Got 0 of 3 DN Heartbeats.
2021-08-14 01:17:39,523 [Listener at 127.0.0.1/39751] INFO  ozone.MiniOzoneClusterImpl (MiniOzoneClusterImpl.java:lambda$waitForClusterToBeReady$0(238)) - Waiting for cluster to exit safe mode
2021-08-14 01:17:39,523 [Listener at 127.0.0.1/39751] INFO  ozone.MiniOzoneClusterImpl (MiniOzoneClusterImpl.java:lambda$waitForClusterToBeReady$0(240)) - SCM became leader
2021-08-14 01:17:39,527 [org.apache.ratis.util.JvmPauseMonitor$$Lambda$531/1843423744@3abd213b] INFO  util.JvmPauseMonitor (JvmPauseMonitor.java:run(103)) - JvmPauseMonitor-1916d96e-2259-41cb-b531-e74b04e27058: Started
2021-08-14 01:17:39,966 [EndpointStateMachine task thread for /0.0.0.0:41627 - 0 ] INFO  ozoneimpl.OzoneContainer (OzoneContainer.java:start(305)) - Attempting to start container services.
2021-08-14 01:17:39,966 [EndpointStateMachine task thread for /0.0.0.0:41627 - 0 ] INFO  ozoneimpl.OzoneContainer (OzoneContainer.java:startContainerScrub(250)) - Background container scanner has been disabled.
2021-08-14 01:17:39,967 [EndpointStateMachine task thread for /0.0.0.0:41627 - 0 ] INFO  replication.ReplicationServer (ReplicationServer.java:start(106)) - ReplicationServer is started using port 37975
2021-08-14 01:17:39,968 [EndpointStateMachine task thread for /0.0.0.0:41627 - 0 ] INFO  ratis.XceiverServerRatis (XceiverServerRatis.java:start(482)) - Starting XceiverServerRatis 16b55799-b12f-451a-a7a5-0c9446c424d0
2021-08-14 01:17:39,969 [EndpointStateMachine task thread for /0.0.0.0:41627 - 0 ] INFO  server.RaftServer (RaftServerProxy.java:lambda$start$5(374)) - 16b55799-b12f-451a-a7a5-0c9446c424d0: start RPC server
2021-08-14 01:17:40,004 [EndpointStateMachine task thread for /0.0.0.0:41627 - 0 ] INFO  server.GrpcService (GrpcService.java:startImpl(253)) - 16b55799-b12f-451a-a7a5-0c9446c424d0: GrpcService started, listening on 35399
2021-08-14 01:17:40,024 [EndpointStateMachine task thread for /0.0.0.0:41627 - 0 ] INFO  ratis.XceiverServerRatis (XceiverServerRatis.java:getRealPort(503)) - XceiverServerRatis 16b55799-b12f-451a-a7a5-0c9446c424d0 is started using port 35399 for RATIS
2021-08-14 01:17:40,024 [org.apache.ratis.util.JvmPauseMonitor$$Lambda$531/1843423744@cbc63fa] INFO  util.JvmPauseMonitor (JvmPauseMonitor.java:run(103)) - JvmPauseMonitor-16b55799-b12f-451a-a7a5-0c9446c424d0: Started
2021-08-14 01:17:40,024 [EndpointStateMachine task thread for /0.0.0.0:41627 - 0 ] INFO  ratis.XceiverServerRatis (XceiverServerRatis.java:getRealPort(503)) - XceiverServerRatis 16b55799-b12f-451a-a7a5-0c9446c424d0 is started using port 35399 for RATIS_ADMIN
2021-08-14 01:17:40,024 [EndpointStateMachine task thread for /0.0.0.0:41627 - 0 ] INFO  ratis.XceiverServerRatis (XceiverServerRatis.java:getRealPort(503)) - XceiverServerRatis 16b55799-b12f-451a-a7a5-0c9446c424d0 is started using port 35399 for RATIS_SERVER
2021-08-14 01:17:40,024 [EndpointStateMachine task thread for /0.0.0.0:41627 - 0 ] INFO  server.XceiverServerGrpc (XceiverServerGrpc.java:start(135)) - XceiverServerGrpc 16b55799-b12f-451a-a7a5-0c9446c424d0 is started using port 45039
2021-08-14 01:17:40,524 [Listener at 127.0.0.1/39751] INFO  ozone.MiniOzoneClusterImpl (MiniOzoneClusterImpl.java:lambda$waitForClusterToBeReady$0(235)) - Waiting for nodes to be ready. Got 0 of 3 DN Heartbeats.
2021-08-14 01:17:40,524 [Listener at 127.0.0.1/39751] INFO  ozone.MiniOzoneClusterImpl (MiniOzoneClusterImpl.java:lambda$waitForClusterToBeReady$0(238)) - Waiting for cluster to exit safe mode
2021-08-14 01:17:40,524 [Listener at 127.0.0.1/39751] INFO  ozone.MiniOzoneClusterImpl (MiniOzoneClusterImpl.java:lambda$waitForClusterToBeReady$0(240)) - SCM became leader
2021-08-14 01:17:40,582 [EndpointStateMachine task thread for /0.0.0.0:41627 - 0 ] INFO  ozoneimpl.OzoneContainer (OzoneContainer.java:start(305)) - Attempting to start container services.
2021-08-14 01:17:40,582 [EndpointStateMachine task thread for /0.0.0.0:41627 - 0 ] INFO  ozoneimpl.OzoneContainer (OzoneContainer.java:startContainerScrub(250)) - Background container scanner has been disabled.
2021-08-14 01:17:40,582 [EndpointStateMachine task thread for /0.0.0.0:41627 - 0 ] INFO  replication.ReplicationServer (ReplicationServer.java:start(106)) - ReplicationServer is started using port 35707
2021-08-14 01:17:40,594 [EndpointStateMachine task thread for /0.0.0.0:41627 - 0 ] INFO  ratis.XceiverServerRatis (XceiverServerRatis.java:start(482)) - Starting XceiverServerRatis 3f463b76-9b55-4691-ac7a-6f4d2c8885f5
2021-08-14 01:17:40,595 [EndpointStateMachine task thread for /0.0.0.0:41627 - 0 ] INFO  server.RaftServer (RaftServerProxy.java:lambda$start$5(374)) - 3f463b76-9b55-4691-ac7a-6f4d2c8885f5: start RPC server
2021-08-14 01:17:40,596 [EndpointStateMachine task thread for /0.0.0.0:41627 - 0 ] INFO  server.GrpcService (GrpcService.java:startImpl(253)) - 3f463b76-9b55-4691-ac7a-6f4d2c8885f5: GrpcService started, listening on 39227
2021-08-14 01:17:40,597 [EndpointStateMachine task thread for /0.0.0.0:41627 - 0 ] INFO  ratis.XceiverServerRatis (XceiverServerRatis.java:getRealPort(503)) - XceiverServerRatis 3f463b76-9b55-4691-ac7a-6f4d2c8885f5 is started using port 39227 for RATIS
2021-08-14 01:17:40,597 [EndpointStateMachine task thread for /0.0.0.0:41627 - 0 ] INFO  ratis.XceiverServerRatis (XceiverServerRatis.java:getRealPort(503)) - XceiverServerRatis 3f463b76-9b55-4691-ac7a-6f4d2c8885f5 is started using port 39227 for RATIS_ADMIN
2021-08-14 01:17:40,597 [EndpointStateMachine task thread for /0.0.0.0:41627 - 0 ] INFO  ratis.XceiverServerRatis (XceiverServerRatis.java:getRealPort(503)) - XceiverServerRatis 3f463b76-9b55-4691-ac7a-6f4d2c8885f5 is started using port 39227 for RATIS_SERVER
2021-08-14 01:17:40,597 [org.apache.ratis.util.JvmPauseMonitor$$Lambda$531/1843423744@52ac94ca] INFO  util.JvmPauseMonitor (JvmPauseMonitor.java:run(103)) - JvmPauseMonitor-3f463b76-9b55-4691-ac7a-6f4d2c8885f5: Started
2021-08-14 01:17:40,597 [EndpointStateMachine task thread for /0.0.0.0:41627 - 0 ] INFO  server.XceiverServerGrpc (XceiverServerGrpc.java:start(135)) - XceiverServerGrpc 3f463b76-9b55-4691-ac7a-6f4d2c8885f5 is started using port 44605
2021-08-14 01:17:41,430 [IPC Server handler 0 on default port 41627] INFO  net.NetworkTopologyImpl (NetworkTopologyImpl.java:add(112)) - Added a new node: /default-rack/1916d96e-2259-41cb-b531-e74b04e27058
2021-08-14 01:17:41,430 [IPC Server handler 0 on default port 41627] INFO  node.SCMNodeManager (SCMNodeManager.java:register(390)) - Registered Data node : 1916d96e-2259-41cb-b531-e74b04e27058{ip: 10.1.0.10, host: fv-az395-768.zfmzfyrfkyou3ow0tsr0jxwq1e.bx.internal.cloudapp.net, ports: [REPLICATION=36573, RATIS=45569, RATIS_ADMIN=45569, RATIS_SERVER=45569, STANDALONE=40719], networkLocation: /default-rack, certSerialId: null, persistedOpState: null, persistedOpStateExpiryEpochSec: 0}
2021-08-14 01:17:41,432 [EventQueue-NodeRegistrationContainerReportForContainerSafeModeRule] INFO  safemode.SCMSafeModeManager (SCMSafeModeManager.java:validateSafeModeExitRules(204)) - ContainerSafeModeRule rule is successfully validated
2021-08-14 01:17:41,433 [EventQueue-NodeRegistrationContainerReportForDataNodeSafeModeRule] INFO  safemode.SCMSafeModeManager (DataNodeSafeModeRule.java:process(71)) - SCM in safe mode. 1 DataNodes registered, 3 required.
2021-08-14 01:17:41,441 [EventQueue-NewNodeForNewNodeHandler] INFO  pipeline.BackgroundPipelineCreator (BackgroundPipelineCreatorV2.java:notifyEventTriggered(285)) - trigger a one-shot run on RatisPipelineUtilsThread.
2021-08-14 01:17:41,442 [RatisPipelineUtilsThread - 0] INFO  pipeline.RatisPipelineProvider (RatisPipelineProvider.java:lambda$create$0(183)) - Sending CreatePipelineCommand for pipeline:PipelineID=775adbd9-a29f-4839-b155-d84f8dbf4b95 to datanode:1916d96e-2259-41cb-b531-e74b04e27058
2021-08-14 01:17:41,442 [EventQueue-PipelineReportForOneReplicaPipelineSafeModeRule] INFO  safemode.SCMSafeModeManager (SCMSafeModeManager.java:validateSafeModeExitRules(204)) - AtleastOneDatanodeReportedRule rule is successfully validated
2021-08-14 01:17:41,443 [RatisPipelineUtilsThread - 0] INFO  pipeline.PipelineStateManager (PipelineStateManagerV2Impl.java:addPipeline(101)) - Created pipeline Pipeline[ Id: 775adbd9-a29f-4839-b155-d84f8dbf4b95, Nodes: 1916d96e-2259-41cb-b531-e74b04e27058{ip: 10.1.0.10, host: fv-az395-768.zfmzfyrfkyou3ow0tsr0jxwq1e.bx.internal.cloudapp.net, ports: [REPLICATION=36573, RATIS=45569, RATIS_ADMIN=45569, RATIS_SERVER=45569, STANDALONE=40719], networkLocation: /default-rack, certSerialId: null, persistedOpState: IN_SERVICE, persistedOpStateExpiryEpochSec: 0}, ReplicationConfig: RATIS/ONE, State:ALLOCATED, leaderId:, CreationTimestamp2021-08-14T01:17:41.442Z[Etc/UTC]].
2021-08-14 01:17:41,524 [Listener at 127.0.0.1/39751] INFO  ozone.MiniOzoneClusterImpl (MiniOzoneClusterImpl.java:lambda$waitForClusterToBeReady$0(235)) - Waiting for nodes to be ready. Got 1 of 3 DN Heartbeats.
2021-08-14 01:17:41,524 [Listener at 127.0.0.1/39751] INFO  ozone.MiniOzoneClusterImpl (MiniOzoneClusterImpl.java:lambda$waitForClusterToBeReady$0(238)) - Waiting for cluster to exit safe mode
2021-08-14 01:17:41,524 [Listener at 127.0.0.1/39751] INFO  ozone.MiniOzoneClusterImpl (MiniOzoneClusterImpl.java:lambda$waitForClusterToBeReady$0(240)) - SCM became leader
2021-08-14 01:17:41,953 [IPC Server handler 8 on default port 41627] INFO  net.NetworkTopologyImpl (NetworkTopologyImpl.java:add(112)) - Added a new node: /default-rack/16b55799-b12f-451a-a7a5-0c9446c424d0
2021-08-14 01:17:41,954 [IPC Server handler 8 on default port 41627] INFO  node.SCMNodeManager (SCMNodeManager.java:register(390)) - Registered Data node : 16b55799-b12f-451a-a7a5-0c9446c424d0{ip: 10.1.0.10, host: fv-az395-768.zfmzfyrfkyou3ow0tsr0jxwq1e.bx.internal.cloudapp.net, ports: [REPLICATION=37975, RATIS=35399, RATIS_ADMIN=35399, RATIS_SERVER=35399, STANDALONE=45039], networkLocation: /default-rack, certSerialId: null, persistedOpState: null, persistedOpStateExpiryEpochSec: 0}
2021-08-14 01:17:41,954 [EventQueue-NewNodeForNewNodeHandler] INFO  pipeline.BackgroundPipelineCreator (BackgroundPipelineCreatorV2.java:notifyEventTriggered(285)) - trigger a one-shot run on RatisPipelineUtilsThread.
2021-08-14 01:17:41,955 [EventQueue-NodeRegistrationContainerReportForDataNodeSafeModeRule] INFO  safemode.SCMSafeModeManager (DataNodeSafeModeRule.java:process(71)) - SCM in safe mode. 2 DataNodes registered, 3 required.
2021-08-14 01:17:41,955 [RatisPipelineUtilsThread - 0] INFO  pipeline.RatisPipelineProvider (RatisPipelineProvider.java:lambda$create$0(183)) - Sending CreatePipelineCommand for pipeline:PipelineID=5586f31b-ad38-42f4-bdf6-5a1db29a2974 to datanode:16b55799-b12f-451a-a7a5-0c9446c424d0
2021-08-14 01:17:41,956 [RatisPipelineUtilsThread - 0] INFO  pipeline.PipelineStateManager (PipelineStateManagerV2Impl.java:addPipeline(101)) - Created pipeline Pipeline[ Id: 5586f31b-ad38-42f4-bdf6-5a1db29a2974, Nodes: 16b55799-b12f-451a-a7a5-0c9446c424d0{ip: 10.1.0.10, host: fv-az395-768.zfmzfyrfkyou3ow0tsr0jxwq1e.bx.internal.cloudapp.net, ports: [REPLICATION=37975, RATIS=35399, RATIS_ADMIN=35399, RATIS_SERVER=35399, STANDALONE=45039], networkLocation: /default-rack, certSerialId: null, persistedOpState: IN_SERVICE, persistedOpStateExpiryEpochSec: 0}, ReplicationConfig: RATIS/ONE, State:ALLOCATED, leaderId:, CreationTimestamp2021-08-14T01:17:41.955Z[Etc/UTC]].
2021-08-14 01:17:42,524 [Listener at 127.0.0.1/39751] INFO  ozone.MiniOzoneClusterImpl (MiniOzoneClusterImpl.java:lambda$waitForClusterToBeReady$0(235)) - Waiting for nodes to be ready. Got 2 of 3 DN Heartbeats.
2021-08-14 01:17:42,525 [Listener at 127.0.0.1/39751] INFO  ozone.MiniOzoneClusterImpl (MiniOzoneClusterImpl.java:lambda$waitForClusterToBeReady$0(238)) - Waiting for cluster to exit safe mode
2021-08-14 01:17:42,525 [Listener at 127.0.0.1/39751] INFO  ozone.MiniOzoneClusterImpl (MiniOzoneClusterImpl.java:lambda$waitForClusterToBeReady$0(240)) - SCM became leader
2021-08-14 01:17:42,578 [IPC Server handler 1 on default port 41627] INFO  net.NetworkTopologyImpl (NetworkTopologyImpl.java:add(112)) - Added a new node: /default-rack/3f463b76-9b55-4691-ac7a-6f4d2c8885f5
2021-08-14 01:17:42,578 [IPC Server handler 1 on default port 41627] INFO  node.SCMNodeManager (SCMNodeManager.java:register(390)) - Registered Data node : 3f463b76-9b55-4691-ac7a-6f4d2c8885f5{ip: 10.1.0.10, host: fv-az395-768.zfmzfyrfkyou3ow0tsr0jxwq1e.bx.internal.cloudapp.net, ports: [REPLICATION=35707, RATIS=39227, RATIS_ADMIN=39227, RATIS_SERVER=39227, STANDALONE=44605], networkLocation: /default-rack, certSerialId: null, persistedOpState: null, persistedOpStateExpiryEpochSec: 0}
2021-08-14 01:17:42,579 [EventQueue-NewNodeForNewNodeHandler] INFO  pipeline.BackgroundPipelineCreator (BackgroundPipelineCreatorV2.java:notifyEventTriggered(285)) - trigger a one-shot run on RatisPipelineUtilsThread.
2021-08-14 01:17:42,582 [EventQueue-NodeRegistrationContainerReportForDataNodeSafeModeRule] INFO  safemode.SCMSafeModeManager (DataNodeSafeModeRule.java:process(71)) - SCM in safe mode. 3 DataNodes registered, 3 required.
2021-08-14 01:17:42,582 [EventQueue-NodeRegistrationContainerReportForDataNodeSafeModeRule] INFO  safemode.SCMSafeModeManager (SCMSafeModeManager.java:validateSafeModeExitRules(204)) - DataNodeSafeModeRule rule is successfully validated
2021-08-14 01:17:42,582 [EventQueue-NodeRegistrationContainerReportForDataNodeSafeModeRule] INFO  safemode.SCMSafeModeManager (SCMSafeModeManager.java:completePreCheck(233)) - All SCM safe mode pre check rules have passed
2021-08-14 01:17:42,582 [EventQueue-NodeRegistrationContainerReportForDataNodeSafeModeRule] WARN  events.EventQueue (EventQueue.java:fireEvent(194)) - No event handler registered for event TypedEvent{payloadType=SafeModeStatus, name='Safe mode status'}
2021-08-14 01:17:42,582 [EventQueue-NodeRegistrationContainerReportForDataNodeSafeModeRule] INFO  ha.SCMContext (SCMContext.java:updateSafeModeStatus(205)) - Update SafeModeStatus from SafeModeStatus{safeModeStatus=true, preCheckPassed=false} to SafeModeStatus{safeModeStatus=true, preCheckPassed=true}.
2021-08-14 01:17:42,582 [EventQueue-NodeRegistrationContainerReportForDataNodeSafeModeRule] INFO  pipeline.BackgroundPipelineCreator (BackgroundPipelineCreatorV2.java:notifyEventTriggered(285)) - trigger a one-shot run on RatisPipelineUtilsThread.
2021-08-14 01:17:42,584 [RatisPipelineUtilsThread - 0] INFO  pipeline.RatisPipelineProvider (RatisPipelineProvider.java:lambda$create$0(183)) - Sending CreatePipelineCommand for pipeline:PipelineID=ee60c536-3123-4f03-8098-842385f21238 to datanode:3f463b76-9b55-4691-ac7a-6f4d2c8885f5
2021-08-14 01:17:42,585 [RatisPipelineUtilsThread - 0] INFO  pipeline.PipelineStateManager (PipelineStateManagerV2Impl.java:addPipeline(101)) - Created pipeline Pipeline[ Id: ee60c536-3123-4f03-8098-842385f21238, Nodes: 3f463b76-9b55-4691-ac7a-6f4d2c8885f5{ip: 10.1.0.10, host: fv-az395-768.zfmzfyrfkyou3ow0tsr0jxwq1e.bx.internal.cloudapp.net, ports: [REPLICATION=35707, RATIS=39227, RATIS_ADMIN=39227, RATIS_SERVER=39227, STANDALONE=44605], networkLocation: /default-rack, certSerialId: null, persistedOpState: IN_SERVICE, persistedOpStateExpiryEpochSec: 0}, ReplicationConfig: RATIS/ONE, State:ALLOCATED, leaderId:, CreationTimestamp2021-08-14T01:17:42.584Z[Etc/UTC]].
2021-08-14 01:17:42,586 [RatisPipelineUtilsThread - 0] INFO  pipeline.RatisPipelineProvider (RatisPipelineProvider.java:lambda$create$0(183)) - Sending CreatePipelineCommand for pipeline:PipelineID=d2169314-67dc-4954-bb9d-1889914824f7 to datanode:1916d96e-2259-41cb-b531-e74b04e27058
2021-08-14 01:17:42,586 [RatisPipelineUtilsThread - 0] INFO  pipeline.RatisPipelineProvider (RatisPipelineProvider.java:lambda$create$0(183)) - Sending CreatePipelineCommand for pipeline:PipelineID=d2169314-67dc-4954-bb9d-1889914824f7 to datanode:3f463b76-9b55-4691-ac7a-6f4d2c8885f5
2021-08-14 01:17:42,586 [RatisPipelineUtilsThread - 0] INFO  pipeline.RatisPipelineProvider (RatisPipelineProvider.java:lambda$create$0(183)) - Sending CreatePipelineCommand for pipeline:PipelineID=d2169314-67dc-4954-bb9d-1889914824f7 to datanode:16b55799-b12f-451a-a7a5-0c9446c424d0
2021-08-14 01:17:42,586 [RatisPipelineUtilsThread - 0] INFO  pipeline.PipelineStateManager (PipelineStateManagerV2Impl.java:addPipeline(101)) - Created pipeline Pipeline[ Id: d2169314-67dc-4954-bb9d-1889914824f7, Nodes: 1916d96e-2259-41cb-b531-e74b04e27058{ip: 10.1.0.10, host: fv-az395-768.zfmzfyrfkyou3ow0tsr0jxwq1e.bx.internal.cloudapp.net, ports: [REPLICATION=36573, RATIS=45569, RATIS_ADMIN=45569, RATIS_SERVER=45569, STANDALONE=40719], networkLocation: /default-rack, certSerialId: null, persistedOpState: IN_SERVICE, persistedOpStateExpiryEpochSec: 0}3f463b76-9b55-4691-ac7a-6f4d2c8885f5{ip: 10.1.0.10, host: fv-az395-768.zfmzfyrfkyou3ow0tsr0jxwq1e.bx.internal.cloudapp.net, ports: [REPLICATION=35707, RATIS=39227, RATIS_ADMIN=39227, RATIS_SERVER=39227, STANDALONE=44605], networkLocation: /default-rack, certSerialId: null, persistedOpState: IN_SERVICE, persistedOpStateExpiryEpochSec: 0}16b55799-b12f-451a-a7a5-0c9446c424d0{ip: 10.1.0.10, host: fv-az395-768.zfmzfyrfkyou3ow0tsr0jxwq1e.bx.internal.cloudapp.net, ports: [REPLICATION=37975, RATIS=35399, RATIS_ADMIN=35399, RATIS_SERVER=35399, STANDALONE=45039], networkLocation: /default-rack, certSerialId: null, persistedOpState: IN_SERVICE, persistedOpStateExpiryEpochSec: 0}, ReplicationConfig: RATIS/THREE, State:ALLOCATED, leaderId:, CreationTimestamp2021-08-14T01:17:42.586Z[Etc/UTC]].
2021-08-14 01:17:42,587 [RatisPipelineUtilsThread - 0] INFO  pipeline.RatisPipelineProvider (RatisPipelineProvider.java:lambda$create$0(183)) - Sending CreatePipelineCommand for pipeline:PipelineID=7017f538-cf09-43f5-ade5-791d410474a1 to datanode:1916d96e-2259-41cb-b531-e74b04e27058
2021-08-14 01:17:42,587 [RatisPipelineUtilsThread - 0] INFO  pipeline.RatisPipelineProvider (RatisPipelineProvider.java:lambda$create$0(183)) - Sending CreatePipelineCommand for pipeline:PipelineID=7017f538-cf09-43f5-ade5-791d410474a1 to datanode:3f463b76-9b55-4691-ac7a-6f4d2c8885f5
2021-08-14 01:17:42,587 [RatisPipelineUtilsThread - 0] INFO  pipeline.RatisPipelineProvider (RatisPipelineProvider.java:lambda$create$0(183)) - Sending CreatePipelineCommand for pipeline:PipelineID=7017f538-cf09-43f5-ade5-791d410474a1 to datanode:16b55799-b12f-451a-a7a5-0c9446c424d0
2021-08-14 01:17:42,587 [RatisPipelineUtilsThread - 0] INFO  pipeline.PipelineStateManager (PipelineStateManagerV2Impl.java:addPipeline(101)) - Created pipeline Pipeline[ Id: 7017f538-cf09-43f5-ade5-791d410474a1, Nodes: 1916d96e-2259-41cb-b531-e74b04e27058{ip: 10.1.0.10, host: fv-az395-768.zfmzfyrfkyou3ow0tsr0jxwq1e.bx.internal.cloudapp.net, ports: [REPLICATION=36573, RATIS=45569, RATIS_ADMIN=45569, RATIS_SERVER=45569, STANDALONE=40719], networkLocation: /default-rack, certSerialId: null, persistedOpState: IN_SERVICE, persistedOpStateExpiryEpochSec: 0}3f463b76-9b55-4691-ac7a-6f4d2c8885f5{ip: 10.1.0.10, host: fv-az395-768.zfmzfyrfkyou3ow0tsr0jxwq1e.bx.internal.cloudapp.net, ports: [REPLICATION=35707, RATIS=39227, RATIS_ADMIN=39227, RATIS_SERVER=39227, STANDALONE=44605], networkLocation: /default-rack, certSerialId: null, persistedOpState: IN_SERVICE, persistedOpStateExpiryEpochSec: 0}16b55799-b12f-451a-a7a5-0c9446c424d0{ip: 10.1.0.10, host: fv-az395-768.zfmzfyrfkyou3ow0tsr0jxwq1e.bx.internal.cloudapp.net, ports: [REPLICATION=37975, RATIS=35399, RATIS_ADMIN=35399, RATIS_SERVER=35399, STANDALONE=45039], networkLocation: /default-rack, certSerialId: null, persistedOpState: IN_SERVICE, persistedOpStateExpiryEpochSec: 0}, ReplicationConfig: RATIS/THREE, State:ALLOCATED, leaderId:, CreationTimestamp2021-08-14T01:17:42.587Z[Etc/UTC]].
2021-08-14 01:17:42,587 [RatisPipelineUtilsThread - 0] INFO  pipeline.PipelineManagerImpl (PipelineManagerImpl.java:recordMetricsForPipeline(614)) - Pipeline: PipelineID=7017f538-cf09-43f5-ade5-791d410474a1 contains same datanodes as previous pipelines: PipelineID=d2169314-67dc-4954-bb9d-1889914824f7 nodeIds: 1916d96e-2259-41cb-b531-e74b04e27058, 3f463b76-9b55-4691-ac7a-6f4d2c8885f5, 16b55799-b12f-451a-a7a5-0c9446c424d0
2021-08-14 01:17:43,525 [Listener at 127.0.0.1/39751] INFO  ozone.MiniOzoneClusterImpl (MiniOzoneClusterImpl.java:lambda$waitForClusterToBeReady$0(235)) - Nodes are ready. Got 3 of 3 DN Heartbeats.
2021-08-14 01:17:43,526 [Listener at 127.0.0.1/39751] INFO  ozone.MiniOzoneClusterImpl (MiniOzoneClusterImpl.java:lambda$waitForClusterToBeReady$0(238)) - Waiting for cluster to exit safe mode
2021-08-14 01:17:43,526 [Listener at 127.0.0.1/39751] INFO  ozone.MiniOzoneClusterImpl (MiniOzoneClusterImpl.java:lambda$waitForClusterToBeReady$0(240)) - SCM became leader
2021-08-14 01:17:44,430 [Command processor thread] INFO  server.RaftServer (RaftServerProxy.java:addNew(95)) - 1916d96e-2259-41cb-b531-e74b04e27058: addNew group-D84F8DBF4B95:[1916d96e-2259-41cb-b531-e74b04e27058|rpc:10.1.0.10:45569|priority:1] returns group-D84F8DBF4B95:java.util.concurrent.CompletableFuture@2cf5e353[Not completed]
2021-08-14 01:17:44,431 [pool-369-thread-1] INFO  server.RaftServer$Division (RaftServerImpl.java:<init>(181)) - 1916d96e-2259-41cb-b531-e74b04e27058: new RaftServerImpl for group-D84F8DBF4B95:[1916d96e-2259-41cb-b531-e74b04e27058|rpc:10.1.0.10:45569|priority:1] with ContainerStateMachine:uninitialized
2021-08-14 01:17:44,431 [pool-369-thread-1] INFO  server.RaftServerConfigKeys (ConfUtils.java:logGet(44)) - raft.server.rpc.timeout.min = 5s (custom)
2021-08-14 01:17:44,431 [pool-369-thread-1] INFO  server.RaftServerConfigKeys (ConfUtils.java:logGet(44)) - raft.server.rpc.timeout.max = 5200ms (custom)
2021-08-14 01:17:44,431 [pool-369-thread-1] INFO  server.RaftServerConfigKeys (ConfUtils.java:logGet(44)) - raft.server.rpc.sleep.time = 25ms (default)
2021-08-14 01:17:44,431 [pool-369-thread-1] INFO  server.RaftServerConfigKeys (ConfUtils.java:logGet(44)) - raft.server.rpc.slowness.timeout = 300s (custom)
2021-08-14 01:17:44,431 [pool-369-thread-1] INFO  server.RaftServerConfigKeys (ConfUtils.java:logGet(44)) - raft.server.leaderelection.leader.step-down.wait-time = 10s (default)
2021-08-14 01:17:44,431 [pool-369-thread-1] INFO  server.RaftServerConfigKeys (ConfUtils.java:logGet(44)) - raft.server.sleep.deviation.threshold = 300ms (default)
2021-08-14 01:17:44,431 [pool-369-thread-1] INFO  server.RaftServerConfigKeys (ConfUtils.java:logGet(44)) - raft.server.log.appender.install.snapshot.enabled = false (custom)
2021-08-14 01:17:44,431 [pool-369-thread-1] INFO  server.RaftServer$Division (ServerState.java:<init>(105)) - 1916d96e-2259-41cb-b531-e74b04e27058@group-D84F8DBF4B95: ConfigurationManager, init=-1: [1916d96e-2259-41cb-b531-e74b04e27058|rpc:10.1.0.10:45569|priority:1], old=null, confs=<EMPTY_MAP>
2021-08-14 01:17:44,432 [pool-369-thread-1] INFO  server.RaftServerConfigKeys (ConfUtils.java:logGet(44)) - raft.server.storage.dir = [/home/runner/work/ozone/ozone/hadoop-ozone/integration-test/target/test-dir/MiniOzoneClusterImpl-4aa5cedd-5a93-4d09-91c0-161c6537f610/datanode-0/data/ratis] (custom)
2021-08-14 01:17:44,432 [pool-369-thread-1] INFO  server.RaftServerConfigKeys (ConfUtils.java:logGet(44)) - raft.server.log.corruption.policy = EXCEPTION (default)
2021-08-14 01:17:44,432 [pool-369-thread-1] INFO  server.RaftServerConfigKeys (ConfUtils.java:logGet(44)) - raft.server.storage.free-space.min = 0MB (=0) (default)
2021-08-14 01:17:44,432 [pool-369-thread-1] INFO  storage.RaftStorageDirectory (RaftStorageDirectoryImpl.java:analyzeStorage(135)) - The storage directory /home/runner/work/ozone/ozone/hadoop-ozone/integration-test/target/test-dir/MiniOzoneClusterImpl-4aa5cedd-5a93-4d09-91c0-161c6537f610/datanode-0/data/ratis/775adbd9-a29f-4839-b155-d84f8dbf4b95 does not exist. Creating ...
2021-08-14 01:17:44,434 [pool-369-thread-1] INFO  storage.RaftStorageDirectory (RaftStorageDirectoryImpl.java:tryLock(230)) - Lock on /home/runner/work/ozone/ozone/hadoop-ozone/integration-test/target/test-dir/MiniOzoneClusterImpl-4aa5cedd-5a93-4d09-91c0-161c6537f610/datanode-0/data/ratis/775adbd9-a29f-4839-b155-d84f8dbf4b95/in_use.lock acquired by nodename 21186@fv-az395-768
2021-08-14 01:17:44,435 [pool-369-thread-1] INFO  storage.RaftStorage (RaftStorageImpl.java:format(89)) - Storage directory /home/runner/work/ozone/ozone/hadoop-ozone/integration-test/target/test-dir/MiniOzoneClusterImpl-4aa5cedd-5a93-4d09-91c0-161c6537f610/datanode-0/data/ratis/775adbd9-a29f-4839-b155-d84f8dbf4b95 has been successfully formatted.
2021-08-14 01:17:44,440 [Datanode State Machine Thread - 0] WARN  statemachine.StateContext (StateContext.java:execute(621)) - No available thread in pool for past 1 seconds.
2021-08-14 01:17:44,441 [EventQueue-PipelineReportForPipelineReportHandler] INFO  pipeline.PipelineManagerImpl (PipelineManagerImpl.java:openPipeline(283)) - Pipeline Pipeline[ Id: 775adbd9-a29f-4839-b155-d84f8dbf4b95, Nodes: 1916d96e-2259-41cb-b531-e74b04e27058{ip: 10.1.0.10, host: fv-az395-768.zfmzfyrfkyou3ow0tsr0jxwq1e.bx.internal.cloudapp.net, ports: [REPLICATION=36573, RATIS=45569, RATIS_ADMIN=45569, RATIS_SERVER=45569, STANDALONE=40719], networkLocation: /default-rack, certSerialId: null, persistedOpState: IN_SERVICE, persistedOpStateExpiryEpochSec: 0}, ReplicationConfig: RATIS/ONE, State:ALLOCATED, leaderId:1916d96e-2259-41cb-b531-e74b04e27058, CreationTimestamp2021-08-14T01:17:41.442Z[Etc/UTC]] moved to OPEN state
2021-08-14 01:17:44,443 [pool-369-thread-1] INFO  ratis.ContainerStateMachine (ContainerStateMachine.java:loadSnapshot(225)) - group-D84F8DBF4B95: The snapshot info is null. Setting the last applied indexto:(t:0, i:~)
2021-08-14 01:17:44,443 [pool-369-thread-1] INFO  server.RaftServerConfigKeys (ConfUtils.java:logGet(44)) - raft.server.notification.no-leader.timeout = 300s (custom)
2021-08-14 01:17:44,443 [pool-369-thread-1] INFO  server.RaftServerConfigKeys (ConfUtils.java:logGet(44)) - raft.server.log.use.memory = false (default)
2021-08-14 01:17:44,444 [pool-369-thread-1] INFO  server.RaftServerConfigKeys (ConfUtils.java:logGet(44)) - raft.server.log.purge.gap = 1000000 (custom)
2021-08-14 01:17:44,444 [pool-369-thread-1] INFO  server.RaftServerConfigKeys (ConfUtils.java:logGet(44)) - raft.server.log.appender.buffer.byte-limit = 33554432 (custom)
2021-08-14 01:17:44,444 [pool-369-thread-1] INFO  server.RaftServerConfigKeys (ConfUtils.java:logGet(44)) - raft.server.log.segment.size.max = 1048576 (custom)
2021-08-14 01:17:44,445 [pool-369-thread-1] INFO  server.RaftServerConfigKeys (ConfUtils.java:logGet(44)) - raft.server.log.segment.cache.num.max = 2 (custom)
2021-08-14 01:17:44,445 [pool-369-thread-1] INFO  server.RaftServerConfigKeys (ConfUtils.java:logGet(44)) - raft.server.log.segment.cache.size.max = 200MB (=209715200) (default)
2021-08-14 01:17:44,445 [pool-369-thread-1] INFO  segmented.SegmentedRaftLogWorker (SegmentedRaftLogWorker.java:<init>(182)) - new 1916d96e-2259-41cb-b531-e74b04e27058@group-D84F8DBF4B95-SegmentedRaftLogWorker for RaftStorageImpl:Storage Directory /home/runner/work/ozone/ozone/hadoop-ozone/integration-test/target/test-dir/MiniOzoneClusterImpl-4aa5cedd-5a93-4d09-91c0-161c6537f610/datanode-0/data/ratis/775adbd9-a29f-4839-b155-d84f8dbf4b95
2021-08-14 01:17:44,445 [pool-369-thread-1] INFO  server.RaftServerConfigKeys (ConfUtils.java:logGet(44)) - raft.server.log.queue.byte-limit = 2147483647 (custom)
2021-08-14 01:17:44,445 [pool-369-thread-1] INFO  server.RaftServerConfigKeys (ConfUtils.java:logGet(44)) - raft.server.log.queue.element-limit = 1024 (custom)
2021-08-14 01:17:44,445 [pool-369-thread-1] INFO  server.RaftServerConfigKeys (ConfUtils.java:logGet(44)) - raft.server.log.segment.size.max = 1048576 (custom)
2021-08-14 01:17:44,445 [pool-369-thread-1] INFO  server.RaftServerConfigKeys (ConfUtils.java:logGet(44)) - raft.server.log.preallocated.size = 16384 (custom)
2021-08-14 01:17:44,445 [pool-369-thread-1] INFO  server.RaftServerConfigKeys (ConfUtils.java:logGet(44)) - raft.server.log.force.sync.num = 128 (default)
2021-08-14 01:17:44,446 [pool-369-thread-1] INFO  server.RaftServerConfigKeys (ConfUtils.java:logGet(44)) - raft.server.log.statemachine.data.sync = true (default)
2021-08-14 01:17:44,446 [pool-369-thread-1] INFO  server.RaftServerConfigKeys (ConfUtils.java:logGet(44)) - raft.server.log.statemachine.data.sync.timeout = 10s (default)
2021-08-14 01:17:44,446 [pool-369-thread-1] INFO  server.RaftServerConfigKeys (ConfUtils.java:logGet(44)) - raft.server.log.statemachine.data.sync.timeout.retry = -1 (default)
2021-08-14 01:17:44,446 [pool-369-thread-1] INFO  server.RaftServerConfigKeys (ConfUtils.java:logGet(44)) - raft.server.log.write.buffer.size = 1048576 (custom)
2021-08-14 01:17:44,447 [pool-369-thread-1] INFO  server.RaftServerConfigKeys (ConfUtils.java:logGet(44)) - raft.server.log.statemachine.data.caching.enabled = true (custom)
2021-08-14 01:17:44,447 [pool-369-thread-1] INFO  segmented.SegmentedRaftLogWorker (SegmentedRaftLogWorker.java:lambda$new$0(133)) - 1916d96e-2259-41cb-b531-e74b04e27058@group-D84F8DBF4B95-SegmentedRaftLogWorker: flushIndex: setUnconditionally 0 -> -1
2021-08-14 01:17:44,447 [pool-369-thread-1] INFO  segmented.SegmentedRaftLogWorker (SegmentedRaftLogWorker.java:lambda$new$0(133)) - 1916d96e-2259-41cb-b531-e74b04e27058@group-D84F8DBF4B95-SegmentedRaftLogWorker: safeCacheEvictIndex: setUnconditionally 0 -> -1
2021-08-14 01:17:44,447 [pool-369-thread-1] INFO  server.RaftServerConfigKeys (ConfUtils.java:logGet(44)) - raft.server.snapshot.auto.trigger.enabled = true (custom)
2021-08-14 01:17:44,447 [pool-369-thread-1] INFO  server.RaftServerConfigKeys (ConfUtils.java:logGet(44)) - raft.server.snapshot.auto.trigger.threshold = 10000 (custom)
2021-08-14 01:17:44,447 [pool-369-thread-1] INFO  server.RaftServerConfigKeys (ConfUtils.java:logGet(44)) - raft.server.snapshot.retention.file.num = 5 (custom)
2021-08-14 01:17:44,447 [pool-369-thread-1] INFO  server.RaftServerConfigKeys (ConfUtils.java:logGet(44)) - raft.server.log.purge.upto.snapshot.index = false (default)
2021-08-14 01:17:44,447 [pool-369-thread-1] INFO  server.RaftServerConfigKeys (ConfUtils.java:logGet(44)) - raft.server.retrycache.expirytime = 600000ms (custom)
2021-08-14 01:17:44,447 [pool-369-thread-1] INFO  server.RaftServerConfigKeys (ConfUtils.java:logGet(44)) - raft.server.retrycache.statistics.expirytime = 100μs (default)
2021-08-14 01:17:44,448 [pool-369-thread-1] INFO  server.RaftServer$Division (RaftServerImpl.java:start(296)) - 1916d96e-2259-41cb-b531-e74b04e27058@group-D84F8DBF4B95: start as a follower, conf=-1: [1916d96e-2259-41cb-b531-e74b04e27058|rpc:10.1.0.10:45569|priority:1], old=null
2021-08-14 01:17:44,448 [pool-369-thread-1] INFO  server.RaftServer$Division (RaftServerImpl.java:setRole(285)) - 1916d96e-2259-41cb-b531-e74b04e27058@group-D84F8DBF4B95: changes role from      null to FOLLOWER at term 0 for startAsFollower
2021-08-14 01:17:44,448 [pool-369-thread-1] INFO  impl.RoleInfo (RoleInfo.java:updateAndGet(130)) - 1916d96e-2259-41cb-b531-e74b04e27058: start 1916d96e-2259-41cb-b531-e74b04e27058@group-D84F8DBF4B95-FollowerState
2021-08-14 01:17:44,449 [pool-369-thread-1] INFO  util.JmxRegister (JmxRegister.java:tryRegister(44)) - Successfully registered JMX Bean with object name Ratis:service=RaftServer,group=group-D84F8DBF4B95,id=1916d96e-2259-41cb-b531-e74b04e27058
2021-08-14 01:17:44,450 [Command processor thread] INFO  ratis.XceiverServerRatis (XceiverServerRatis.java:addGroup(763)) - Created group PipelineID=775adbd9-a29f-4839-b155-d84f8dbf4b95
2021-08-14 01:17:44,464 [Command processor thread] INFO  commandhandler.CreatePipelineCommandHandler (CreatePipelineCommandHandler.java:handle(106)) - Created Pipeline RATIS ONE PipelineID=775adbd9-a29f-4839-b155-d84f8dbf4b95.
2021-08-14 01:17:44,465 [Command processor thread] INFO  server.RaftServer (RaftServerProxy.java:addNew(95)) - 1916d96e-2259-41cb-b531-e74b04e27058: addNew group-1889914824F7:[3f463b76-9b55-4691-ac7a-6f4d2c8885f5|rpc:10.1.0.10:39227|priority:0, 1916d96e-2259-41cb-b531-e74b04e27058|rpc:10.1.0.10:45569|priority:1, 16b55799-b12f-451a-a7a5-0c9446c424d0|rpc:10.1.0.10:35399|priority:0] returns group-1889914824F7:java.util.concurrent.CompletableFuture@28ca7215[Not completed]
2021-08-14 01:17:44,465 [EventQueue-OpenPipelineForHealthyPipelineSafeModeRule] INFO  safemode.SCMSafeModeManager (HealthyPipelineSafeModeRule.java:process(124)) - SCM in safe mode. Healthy pipelines reported count is 0, required healthy pipeline reported count is 1
2021-08-14 01:17:44,465 [pool-369-thread-1] INFO  server.RaftServer$Division (RaftServerImpl.java:<init>(181)) - 1916d96e-2259-41cb-b531-e74b04e27058: new RaftServerImpl for group-1889914824F7:[3f463b76-9b55-4691-ac7a-6f4d2c8885f5|rpc:10.1.0.10:39227|priority:0, 1916d96e-2259-41cb-b531-e74b04e27058|rpc:10.1.0.10:45569|priority:1, 16b55799-b12f-451a-a7a5-0c9446c424d0|rpc:10.1.0.10:35399|priority:0] with ContainerStateMachine:uninitialized
2021-08-14 01:17:44,465 [pool-369-thread-1] INFO  server.RaftServerConfigKeys (ConfUtils.java:logGet(44)) - raft.server.rpc.timeout.min = 5s (custom)
2021-08-14 01:17:44,465 [pool-369-thread-1] INFO  server.RaftServerConfigKeys (ConfUtils.java:logGet(44)) - raft.server.rpc.timeout.max = 5200ms (custom)
2021-08-14 01:17:44,465 [pool-369-thread-1] INFO  server.RaftServerConfigKeys (ConfUtils.java:logGet(44)) - raft.server.rpc.sleep.time = 25ms (default)
2021-08-14 01:17:44,465 [pool-369-thread-1] INFO  server.RaftServerConfigKeys (ConfUtils.java:logGet(44)) - raft.server.rpc.slowness.timeout = 300s (custom)
2021-08-14 01:17:44,466 [pool-369-thread-1] INFO  server.RaftServerConfigKeys (ConfUtils.java:logGet(44)) - raft.server.leaderelection.leader.step-down.wait-time = 10s (default)
2021-08-14 01:17:44,466 [pool-369-thread-1] INFO  server.RaftServerConfigKeys (ConfUtils.java:logGet(44)) - raft.server.sleep.deviation.threshold = 300ms (default)
2021-08-14 01:17:44,466 [pool-369-thread-1] INFO  server.RaftServerConfigKeys (ConfUtils.java:logGet(44)) - raft.server.log.appender.install.snapshot.enabled = false (custom)
2021-08-14 01:17:44,466 [pool-369-thread-1] INFO  server.RaftServer$Division (ServerState.java:<init>(105)) - 1916d96e-2259-41cb-b531-e74b04e27058@group-1889914824F7: ConfigurationManager, init=-1: [3f463b76-9b55-4691-ac7a-6f4d2c8885f5|rpc:10.1.0.10:39227|priority:0, 1916d96e-2259-41cb-b531-e74b04e27058|rpc:10.1.0.10:45569|priority:1, 16b55799-b12f-451a-a7a5-0c9446c424d0|rpc:10.1.0.10:35399|priority:0], old=null, confs=<EMPTY_MAP>
2021-08-14 01:17:44,466 [pool-369-thread-1] INFO  server.RaftServerConfigKeys (ConfUtils.java:logGet(44)) - raft.server.storage.dir = [/home/runner/work/ozone/ozone/hadoop-ozone/integration-test/target/test-dir/MiniOzoneClusterImpl-4aa5cedd-5a93-4d09-91c0-161c6537f610/datanode-0/data/ratis] (custom)
2021-08-14 01:17:44,466 [pool-369-thread-1] INFO  server.RaftServerConfigKeys (ConfUtils.java:logGet(44)) - raft.server.log.corruption.policy = EXCEPTION (default)
2021-08-14 01:17:44,466 [pool-369-thread-1] INFO  server.RaftServerConfigKeys (ConfUtils.java:logGet(44)) - raft.server.storage.free-space.min = 0MB (=0) (default)
2021-08-14 01:17:44,466 [pool-369-thread-1] INFO  storage.RaftStorageDirectory (RaftStorageDirectoryImpl.java:analyzeStorage(135)) - The storage directory /home/runner/work/ozone/ozone/hadoop-ozone/integration-test/target/test-dir/MiniOzoneClusterImpl-4aa5cedd-5a93-4d09-91c0-161c6537f610/datanode-0/data/ratis/d2169314-67dc-4954-bb9d-1889914824f7 does not exist. Creating ...
2021-08-14 01:17:44,467 [pool-369-thread-1] INFO  storage.RaftStorageDirectory (RaftStorageDirectoryImpl.java:tryLock(230)) - Lock on /home/runner/work/ozone/ozone/hadoop-ozone/integration-test/target/test-dir/MiniOzoneClusterImpl-4aa5cedd-5a93-4d09-91c0-161c6537f610/datanode-0/data/ratis/d2169314-67dc-4954-bb9d-1889914824f7/in_use.lock acquired by nodename 21186@fv-az395-768
2021-08-14 01:17:44,469 [pool-369-thread-1] INFO  storage.RaftStorage (RaftStorageImpl.java:format(89)) - Storage directory /home/runner/work/ozone/ozone/hadoop-ozone/integration-test/target/test-dir/MiniOzoneClusterImpl-4aa5cedd-5a93-4d09-91c0-161c6537f610/datanode-0/data/ratis/d2169314-67dc-4954-bb9d-1889914824f7 has been successfully formatted.
2021-08-14 01:17:44,469 [Datanode State Machine Thread - 0] WARN  statemachine.StateContext (StateContext.java:execute(621)) - No available thread in pool for past 1 seconds.
2021-08-14 01:17:44,469 [pool-369-thread-1] INFO  ratis.ContainerStateMachine (ContainerStateMachine.java:loadSnapshot(225)) - group-1889914824F7: The snapshot info is null. Setting the last applied indexto:(t:0, i:~)
2021-08-14 01:17:44,469 [pool-369-thread-1] INFO  server.RaftServerConfigKeys (ConfUtils.java:logGet(44)) - raft.server.notification.no-leader.timeout = 300s (custom)
2021-08-14 01:17:44,469 [pool-369-thread-1] INFO  server.RaftServerConfigKeys (ConfUtils.java:logGet(44)) - raft.server.log.use.memory = false (default)
2021-08-14 01:17:44,470 [pool-369-thread-1] INFO  server.RaftServerConfigKeys (ConfUtils.java:logGet(44)) - raft.server.log.purge.gap = 1000000 (custom)
2021-08-14 01:17:44,470 [pool-369-thread-1] INFO  server.RaftServerConfigKeys (ConfUtils.java:logGet(44)) - raft.server.log.appender.buffer.byte-limit = 33554432 (custom)
2021-08-14 01:17:44,470 [pool-369-thread-1] INFO  server.RaftServerConfigKeys (ConfUtils.java:logGet(44)) - raft.server.log.segment.size.max = 1048576 (custom)
2021-08-14 01:17:44,470 [pool-369-thread-1] INFO  server.RaftServerConfigKeys (ConfUtils.java:logGet(44)) - raft.server.log.segment.cache.num.max = 2 (custom)
2021-08-14 01:17:44,470 [pool-369-thread-1] INFO  server.RaftServerConfigKeys (ConfUtils.java:logGet(44)) - raft.server.log.segment.cache.size.max = 200MB (=209715200) (default)
2021-08-14 01:17:44,470 [pool-369-thread-1] INFO  segmented.SegmentedRaftLogWorker (SegmentedRaftLogWorker.java:<init>(182)) - new 1916d96e-2259-41cb-b531-e74b04e27058@group-1889914824F7-SegmentedRaftLogWorker for RaftStorageImpl:Storage Directory /home/runner/work/ozone/ozone/hadoop-ozone/integration-test/target/test-dir/MiniOzoneClusterImpl-4aa5cedd-5a93-4d09-91c0-161c6537f610/datanode-0/data/ratis/d2169314-67dc-4954-bb9d-1889914824f7
2021-08-14 01:17:44,470 [pool-369-thread-1] INFO  server.RaftServerConfigKeys (ConfUtils.java:logGet(44)) - raft.server.log.queue.byte-limit = 2147483647 (custom)
2021-08-14 01:17:44,470 [pool-369-thread-1] INFO  server.RaftServerConfigKeys (ConfUtils.java:logGet(44)) - raft.server.log.queue.element-limit = 1024 (custom)
2021-08-14 01:17:44,471 [pool-369-thread-1] INFO  server.RaftServerConfigKeys (ConfUtils.java:logGet(44)) - raft.server.log.segment.size.max = 1048576 (custom)
2021-08-14 01:17:44,471 [pool-369-thread-1] INFO  server.RaftServerConfigKeys (ConfUtils.java:logGet(44)) - raft.server.log.preallocated.size = 16384 (custom)
2021-08-14 01:17:44,471 [pool-369-thread-1] INFO  server.RaftServerConfigKeys (ConfUtils.java:logGet(44)) - raft.server.log.force.sync.num = 128 (default)
2021-08-14 01:17:44,471 [pool-369-thread-1] INFO  server.RaftServerConfigKeys (ConfUtils.java:logGet(44)) - raft.server.log.statemachine.data.sync = true (default)
2021-08-14 01:17:44,471 [pool-369-thread-1] INFO  server.RaftServerConfigKeys (ConfUtils.java:logGet(44)) - raft.server.log.statemachine.data.sync.timeout = 10s (default)
2021-08-14 01:17:44,471 [pool-369-thread-1] INFO  server.RaftServerConfigKeys (ConfUtils.java:logGet(44)) - raft.server.log.statemachine.data.sync.timeout.retry = -1 (default)
2021-08-14 01:17:44,472 [pool-369-thread-1] INFO  server.RaftServerConfigKeys (ConfUtils.java:logGet(44)) - raft.server.log.write.buffer.size = 1048576 (custom)
2021-08-14 01:17:44,482 [pool-369-thread-1] INFO  server.RaftServerConfigKeys (ConfUtils.java:logGet(44)) - raft.server.log.statemachine.data.caching.enabled = true (custom)
2021-08-14 01:17:44,484 [pool-369-thread-1] INFO  segmented.SegmentedRaftLogWorker (SegmentedRaftLogWorker.java:lambda$new$0(133)) - 1916d96e-2259-41cb-b531-e74b04e27058@group-1889914824F7-SegmentedRaftLogWorker: flushIndex: setUnconditionally 0 -> -1
2021-08-14 01:17:44,484 [pool-369-thread-1] INFO  segmented.SegmentedRaftLogWorker (SegmentedRaftLogWorker.java:lambda$new$0(133)) - 1916d96e-2259-41cb-b531-e74b04e27058@group-1889914824F7-SegmentedRaftLogWorker: safeCacheEvictIndex: setUnconditionally 0 -> -1
2021-08-14 01:17:44,482 [EventQueue-OpenPipelineForHealthyPipelineSafeModeRule] INFO  safemode.SCMSafeModeManager (HealthyPipelineSafeModeRule.java:process(124)) - SCM in safe mode. Healthy pipelines reported count is 0, required healthy pipeline reported count is 1
2021-08-14 01:17:44,486 [pool-369-thread-1] INFO  server.RaftServerConfigKeys (ConfUtils.java:logGet(44)) - raft.server.snapshot.auto.trigger.enabled = true (custom)
2021-08-14 01:17:44,486 [pool-369-thread-1] INFO  server.RaftServerConfigKeys (ConfUtils.java:logGet(44)) - raft.server.snapshot.auto.trigger.threshold = 10000 (custom)
2021-08-14 01:17:44,486 [pool-369-thread-1] INFO  server.RaftServerConfigKeys (ConfUtils.java:logGet(44)) - raft.server.snapshot.retention.file.num = 5 (custom)
2021-08-14 01:17:44,486 [pool-369-thread-1] INFO  server.RaftServerConfigKeys (ConfUtils.java:logGet(44)) - raft.server.log.purge.upto.snapshot.index = false (default)
2021-08-14 01:17:44,486 [pool-369-thread-1] INFO  server.RaftServerConfigKeys (ConfUtils.java:logGet(44)) - raft.server.retrycache.expirytime = 600000ms (custom)
2021-08-14 01:17:44,486 [pool-369-thread-1] INFO  server.RaftServerConfigKeys (ConfUtils.java:logGet(44)) - raft.server.retrycache.statistics.expirytime = 100μs (default)
2021-08-14 01:17:44,487 [pool-369-thread-1] INFO  server.RaftServer$Division (RaftServerImpl.java:start(296)) - 1916d96e-2259-41cb-b531-e74b04e27058@group-1889914824F7: start as a follower, conf=-1: [3f463b76-9b55-4691-ac7a-6f4d2c8885f5|rpc:10.1.0.10:39227|priority:0, 1916d96e-2259-41cb-b531-e74b04e27058|rpc:10.1.0.10:45569|priority:1, 16b55799-b12f-451a-a7a5-0c9446c424d0|rpc:10.1.0.10:35399|priority:0], old=null
2021-08-14 01:17:44,488 [pool-369-thread-1] INFO  server.RaftServer$Division (RaftServerImpl.java:setRole(285)) - 1916d96e-2259-41cb-b531-e74b04e27058@group-1889914824F7: changes role from      null to FOLLOWER at term 0 for startAsFollower
2021-08-14 01:17:44,488 [pool-369-thread-1] INFO  impl.RoleInfo (RoleInfo.java:updateAndGet(130)) - 1916d96e-2259-41cb-b531-e74b04e27058: start 1916d96e-2259-41cb-b531-e74b04e27058@group-1889914824F7-FollowerState
2021-08-14 01:17:44,494 [pool-369-thread-1] INFO  util.JmxRegister (JmxRegister.java:tryRegister(44)) - Successfully registered JMX Bean with object name Ratis:service=RaftServer,group=group-1889914824F7,id=1916d96e-2259-41cb-b531-e74b04e27058
2021-08-14 01:17:44,523 [Command processor thread] INFO  ratis.XceiverServerRatis (XceiverServerRatis.java:addGroup(763)) - Created group PipelineID=d2169314-67dc-4954-bb9d-1889914824f7
2021-08-14 01:17:44,527 [Listener at 127.0.0.1/39751] INFO  ozone.MiniOzoneClusterImpl (MiniOzoneClusterImpl.java:lambda$waitForClusterToBeReady$0(235)) - Nodes are ready. Got 3 of 3 DN Heartbeats.
2021-08-14 01:17:44,527 [Listener at 127.0.0.1/39751] INFO  ozone.MiniOzoneClusterImpl (MiniOzoneClusterImpl.java:lambda$waitForClusterToBeReady$0(238)) - Waiting for cluster to exit safe mode
2021-08-14 01:17:44,527 [Listener at 127.0.0.1/39751] INFO  ozone.MiniOzoneClusterImpl (MiniOzoneClusterImpl.java:lambda$waitForClusterToBeReady$0(240)) - SCM became leader
2021-08-14 01:17:44,576 [grpc-default-executor-0] INFO  server.RaftServer (RaftServerProxy.java:addNew(95)) - 3f463b76-9b55-4691-ac7a-6f4d2c8885f5: addNew group-1889914824F7:[3f463b76-9b55-4691-ac7a-6f4d2c8885f5|rpc:10.1.0.10:39227|dataStream:|priority:0, 1916d96e-2259-41cb-b531-e74b04e27058|rpc:10.1.0.10:45569|dataStream:|priority:1, 16b55799-b12f-451a-a7a5-0c9446c424d0|rpc:10.1.0.10:35399|dataStream:|priority:0] returns group-1889914824F7:java.util.concurrent.CompletableFuture@7f15da1d[Not completed]
2021-08-14 01:17:44,581 [pool-407-thread-1] INFO  server.RaftServer$Division (RaftServerImpl.java:<init>(181)) - 3f463b76-9b55-4691-ac7a-6f4d2c8885f5: new RaftServerImpl for group-1889914824F7:[3f463b76-9b55-4691-ac7a-6f4d2c8885f5|rpc:10.1.0.10:39227|dataStream:|priority:0, 1916d96e-2259-41cb-b531-e74b04e27058|rpc:10.1.0.10:45569|dataStream:|priority:1, 16b55799-b12f-451a-a7a5-0c9446c424d0|rpc:10.1.0.10:35399|dataStream:|priority:0] with ContainerStateMachine:uninitialized
2021-08-14 01:17:44,602 [pool-407-thread-1] INFO  server.RaftServerConfigKeys (ConfUtils.java:logGet(44)) - raft.server.rpc.timeout.min = 5s (custom)
2021-08-14 01:17:44,609 [pool-407-thread-1] INFO  server.RaftServerConfigKeys (ConfUtils.java:logGet(44)) - raft.server.rpc.timeout.max = 5200ms (custom)
2021-08-14 01:17:44,609 [pool-407-thread-1] INFO  server.RaftServerConfigKeys (ConfUtils.java:logGet(44)) - raft.server.rpc.sleep.time = 25ms (default)
2021-08-14 01:17:44,609 [pool-407-thread-1] INFO  server.RaftServerConfigKeys (ConfUtils.java:logGet(44)) - raft.server.rpc.slowness.timeout = 300s (custom)
2021-08-14 01:17:44,609 [pool-407-thread-1] INFO  server.RaftServerConfigKeys (ConfUtils.java:logGet(44)) - raft.server.leaderelection.leader.step-down.wait-time = 10s (default)
2021-08-14 01:17:44,610 [pool-407-thread-1] INFO  server.RaftServerConfigKeys (ConfUtils.java:logGet(44)) - raft.server.sleep.deviation.threshold = 300ms (default)
2021-08-14 01:17:44,610 [pool-407-thread-1] INFO  server.RaftServerConfigKeys (ConfUtils.java:logGet(44)) - raft.server.log.appender.install.snapshot.enabled = false (custom)
2021-08-14 01:17:44,610 [pool-407-thread-1] INFO  server.RaftServer$Division (ServerState.java:<init>(105)) - 3f463b76-9b55-4691-ac7a-6f4d2c8885f5@group-1889914824F7: ConfigurationManager, init=-1: [3f463b76-9b55-4691-ac7a-6f4d2c8885f5|rpc:10.1.0.10:39227|dataStream:|priority:0, 1916d96e-2259-41cb-b531-e74b04e27058|rpc:10.1.0.10:45569|dataStream:|priority:1, 16b55799-b12f-451a-a7a5-0c9446c424d0|rpc:10.1.0.10:35399|dataStream:|priority:0], old=null, confs=<EMPTY_MAP>
2021-08-14 01:17:44,610 [pool-407-thread-1] INFO  server.RaftServerConfigKeys (ConfUtils.java:logGet(44)) - raft.server.storage.dir = [/home/runner/work/ozone/ozone/hadoop-ozone/integration-test/target/test-dir/MiniOzoneClusterImpl-4aa5cedd-5a93-4d09-91c0-161c6537f610/datanode-2/data/ratis] (custom)
2021-08-14 01:17:44,610 [pool-407-thread-1] INFO  server.RaftServerConfigKeys (ConfUtils.java:logGet(44)) - raft.server.log.corruption.policy = EXCEPTION (default)
2021-08-14 01:17:44,610 [pool-407-thread-1] INFO  server.RaftServerConfigKeys (ConfUtils.java:logGet(44)) - raft.server.storage.free-space.min = 0MB (=0) (default)
2021-08-14 01:17:44,610 [pool-407-thread-1] INFO  storage.RaftStorageDirectory (RaftStorageDirectoryImpl.java:analyzeStorage(135)) - The storage directory /home/runner/work/ozone/ozone/hadoop-ozone/integration-test/target/test-dir/MiniOzoneClusterImpl-4aa5cedd-5a93-4d09-91c0-161c6537f610/datanode-2/data/ratis/d2169314-67dc-4954-bb9d-1889914824f7 does not exist. Creating ...
2021-08-14 01:17:44,612 [pool-407-thread-1] INFO  storage.RaftStorageDirectory (RaftStorageDirectoryImpl.java:tryLock(230)) - Lock on /home/runner/work/ozone/ozone/hadoop-ozone/integration-test/target/test-dir/MiniOzoneClusterImpl-4aa5cedd-5a93-4d09-91c0-161c6537f610/datanode-2/data/ratis/d2169314-67dc-4954-bb9d-1889914824f7/in_use.lock acquired by nodename 21186@fv-az395-768
2021-08-14 01:17:44,614 [pool-407-thread-1] INFO  storage.RaftStorage (RaftStorageImpl.java:format(89)) - Storage directory /home/runner/work/ozone/ozone/hadoop-ozone/integration-test/target/test-dir/MiniOzoneClusterImpl-4aa5cedd-5a93-4d09-91c0-161c6537f610/datanode-2/data/ratis/d2169314-67dc-4954-bb9d-1889914824f7 has been successfully formatted.
2021-08-14 01:17:44,629 [pool-407-thread-1] INFO  ratis.ContainerStateMachine (ContainerStateMachine.java:loadSnapshot(225)) - group-1889914824F7: The snapshot info is null. Setting the last applied indexto:(t:0, i:~)
2021-08-14 01:17:44,629 [pool-407-thread-1] INFO  server.RaftServerConfigKeys (ConfUtils.java:logGet(44)) - raft.server.notification.no-leader.timeout = 300s (custom)
2021-08-14 01:17:44,629 [pool-407-thread-1] INFO  server.RaftServerConfigKeys (ConfUtils.java:logGet(44)) - raft.server.log.use.memory = false (default)
2021-08-14 01:17:44,629 [pool-407-thread-1] INFO  server.RaftServerConfigKeys (ConfUtils.java:logGet(44)) - raft.server.log.purge.gap = 1000000 (custom)
2021-08-14 01:17:44,629 [pool-407-thread-1] INFO  server.RaftServerConfigKeys (ConfUtils.java:logGet(44)) - raft.server.log.appender.buffer.byte-limit = 33554432 (custom)
2021-08-14 01:17:44,630 [pool-407-thread-1] INFO  server.RaftServerConfigKeys (ConfUtils.java:logGet(44)) - raft.server.log.segment.size.max = 1048576 (custom)
2021-08-14 01:17:44,630 [pool-407-thread-1] INFO  server.RaftServerConfigKeys (ConfUtils.java:logGet(44)) - raft.server.log.segment.cache.num.max = 2 (custom)
2021-08-14 01:17:44,630 [pool-407-thread-1] INFO  server.RaftServerConfigKeys (ConfUtils.java:logGet(44)) - raft.server.log.segment.cache.size.max = 200MB (=209715200) (default)
2021-08-14 01:17:44,630 [pool-407-thread-1] INFO  segmented.SegmentedRaftLogWorker (SegmentedRaftLogWorker.java:<init>(182)) - new 3f463b76-9b55-4691-ac7a-6f4d2c8885f5@group-1889914824F7-SegmentedRaftLogWorker for RaftStorageImpl:Storage Directory /home/runner/work/ozone/ozone/hadoop-ozone/integration-test/target/test-dir/MiniOzoneClusterImpl-4aa5cedd-5a93-4d09-91c0-161c6537f610/datanode-2/data/ratis/d2169314-67dc-4954-bb9d-1889914824f7
2021-08-14 01:17:44,630 [pool-407-thread-1] INFO  server.RaftServerConfigKeys (ConfUtils.java:logGet(44)) - raft.server.log.queue.byte-limit = 2147483647 (custom)
2021-08-14 01:17:44,630 [pool-407-thread-1] INFO  server.RaftServerConfigKeys (ConfUtils.java:logGet(44)) - raft.server.log.queue.element-limit = 1024 (custom)
2021-08-14 01:17:44,630 [pool-407-thread-1] INFO  server.RaftServerConfigKeys (ConfUtils.java:logGet(44)) - raft.server.log.segment.size.max = 1048576 (custom)
2021-08-14 01:17:44,630 [pool-407-thread-1] INFO  server.RaftServerConfigKeys (ConfUtils.java:logGet(44)) - raft.server.log.preallocated.size = 16384 (custom)
2021-08-14 01:17:44,630 [pool-407-thread-1] INFO  server.RaftServerConfigKeys (ConfUtils.java:logGet(44)) - raft.server.log.force.sync.num = 128 (default)
2021-08-14 01:17:44,630 [pool-407-thread-1] INFO  server.RaftServerConfigKeys (ConfUtils.java:logGet(44)) - raft.server.log.statemachine.data.sync = true (default)
2021-08-14 01:17:44,630 [pool-407-thread-1] INFO  server.RaftServerConfigKeys (ConfUtils.java:logGet(44)) - raft.server.log.statemachine.data.sync.timeout = 10s (default)
2021-08-14 01:17:44,630 [pool-407-thread-1] INFO  server.RaftServerConfigKeys (ConfUtils.java:logGet(44)) - raft.server.log.statemachine.data.sync.timeout.retry = -1 (default)
2021-08-14 01:17:44,631 [pool-407-thread-1] INFO  server.RaftServerConfigKeys (ConfUtils.java:logGet(44)) - raft.server.log.write.buffer.size = 1048576 (custom)
2021-08-14 01:17:44,631 [pool-407-thread-1] INFO  server.RaftServerConfigKeys (ConfUtils.java:logGet(44)) - raft.server.log.statemachine.data.caching.enabled = true (custom)
2021-08-14 01:17:44,631 [pool-407-thread-1] INFO  segmented.SegmentedRaftLogWorker (SegmentedRaftLogWorker.java:lambda$new$0(133)) - 3f463b76-9b55-4691-ac7a-6f4d2c8885f5@group-1889914824F7-SegmentedRaftLogWorker: flushIndex: setUnconditionally 0 -> -1
2021-08-14 01:17:44,632 [pool-407-thread-1] INFO  segmented.SegmentedRaftLogWorker (SegmentedRaftLogWorker.java:lambda$new$0(133)) - 3f463b76-9b55-4691-ac7a-6f4d2c8885f5@group-1889914824F7-SegmentedRaftLogWorker: safeCacheEvictIndex: setUnconditionally 0 -> -1
2021-08-14 01:17:44,632 [Datanode State Machine Thread - 0] WARN  statemachine.StateContext (StateContext.java:execute(621)) - No available thread in pool for past 1 seconds.
2021-08-14 01:17:44,637 [pool-407-thread-1] INFO  server.RaftServerConfigKeys (ConfUtils.java:logGet(44)) - raft.server.snapshot.auto.trigger.enabled = true (custom)
2021-08-14 01:17:44,637 [pool-407-thread-1] INFO  server.RaftServerConfigKeys (ConfUtils.java:logGet(44)) - raft.server.snapshot.auto.trigger.threshold = 10000 (custom)
2021-08-14 01:17:44,637 [pool-407-thread-1] INFO  server.RaftServerConfigKeys (ConfUtils.java:logGet(44)) - raft.server.snapshot.retention.file.num = 5 (custom)
2021-08-14 01:17:44,637 [pool-407-thread-1] INFO  server.RaftServerConfigKeys (ConfUtils.java:logGet(44)) - raft.server.log.purge.upto.snapshot.index = false (default)
2021-08-14 01:17:44,641 [pool-407-thread-1] INFO  server.RaftServerConfigKeys (ConfUtils.java:logGet(44)) - raft.server.retrycache.expirytime = 600000ms (custom)
2021-08-14 01:17:44,641 [pool-407-thread-1] INFO  server.RaftServerConfigKeys (ConfUtils.java:logGet(44)) - raft.server.retrycache.statistics.expirytime = 100μs (default)
2021-08-14 01:17:44,642 [pool-407-thread-1] INFO  server.RaftServer$Division (RaftServerImpl.java:start(296)) - 3f463b76-9b55-4691-ac7a-6f4d2c8885f5@group-1889914824F7: start as a follower, conf=-1: [3f463b76-9b55-4691-ac7a-6f4d2c8885f5|rpc:10.1.0.10:39227|dataStream:|priority:0, 1916d96e-2259-41cb-b531-e74b04e27058|rpc:10.1.0.10:45569|dataStream:|priority:1, 16b55799-b12f-451a-a7a5-0c9446c424d0|rpc:10.1.0.10:35399|dataStream:|priority:0], old=null
2021-08-14 01:17:44,642 [pool-407-thread-1] INFO  server.RaftServer$Division (RaftServerImpl.java:setRole(285)) - 3f463b76-9b55-4691-ac7a-6f4d2c8885f5@group-1889914824F7: changes role from      null to FOLLOWER at term 0 for startAsFollower
2021-08-14 01:17:44,642 [pool-407-thread-1] INFO  impl.RoleInfo (RoleInfo.java:updateAndGet(130)) - 3f463b76-9b55-4691-ac7a-6f4d2c8885f5: start 3f463b76-9b55-4691-ac7a-6f4d2c8885f5@group-1889914824F7-FollowerState
2021-08-14 01:17:44,643 [pool-407-thread-1] INFO  util.JmxRegister (JmxRegister.java:tryRegister(44)) - Successfully registered JMX Bean with object name Ratis:service=RaftServer,group=group-1889914824F7,id=3f463b76-9b55-4691-ac7a-6f4d2c8885f5
2021-08-14 01:17:44,677 [grpc-default-executor-0] INFO  server.RaftServer (RaftServerProxy.java:addNew(95)) - 16b55799-b12f-451a-a7a5-0c9446c424d0: addNew group-1889914824F7:[3f463b76-9b55-4691-ac7a-6f4d2c8885f5|rpc:10.1.0.10:39227|dataStream:|priority:0, 1916d96e-2259-41cb-b531-e74b04e27058|rpc:10.1.0.10:45569|dataStream:|priority:1, 16b55799-b12f-451a-a7a5-0c9446c424d0|rpc:10.1.0.10:35399|dataStream:|priority:0] returns group-1889914824F7:java.util.concurrent.CompletableFuture@674082ce[Not completed]
2021-08-14 01:17:44,678 [pool-388-thread-1] INFO  server.RaftServer$Division (RaftServerImpl.java:<init>(181)) - 16b55799-b12f-451a-a7a5-0c9446c424d0: new RaftServerImpl for group-1889914824F7:[3f463b76-9b55-4691-ac7a-6f4d2c8885f5|rpc:10.1.0.10:39227|dataStream:|priority:0, 1916d96e-2259-41cb-b531-e74b04e27058|rpc:10.1.0.10:45569|dataStream:|priority:1, 16b55799-b12f-451a-a7a5-0c9446c424d0|rpc:10.1.0.10:35399|dataStream:|priority:0] with ContainerStateMachine:uninitialized
2021-08-14 01:17:44,678 [pool-388-thread-1] INFO  server.RaftServerConfigKeys (ConfUtils.java:logGet(44)) - raft.server.rpc.timeout.min = 5s (custom)
2021-08-14 01:17:44,678 [pool-388-thread-1] INFO  server.RaftServerConfigKeys (ConfUtils.java:logGet(44)) - raft.server.rpc.timeout.max = 5200ms (custom)
2021-08-14 01:17:44,678 [pool-388-thread-1] INFO  server.RaftServerConfigKeys (ConfUtils.java:logGet(44)) - raft.server.rpc.sleep.time = 25ms (default)
2021-08-14 01:17:44,678 [pool-388-thread-1] INFO  server.RaftServerConfigKeys (ConfUtils.java:logGet(44)) - raft.server.rpc.slowness.timeout = 300s (custom)
2021-08-14 01:17:44,679 [pool-388-thread-1] INFO  server.RaftServerConfigKeys (ConfUtils.java:logGet(44)) - raft.server.leaderelection.leader.step-down.wait-time = 10s (default)
2021-08-14 01:17:44,679 [pool-388-thread-1] INFO  server.RaftServerConfigKeys (ConfUtils.java:logGet(44)) - raft.server.sleep.deviation.threshold = 300ms (default)
2021-08-14 01:17:44,679 [pool-388-thread-1] INFO  server.RaftServerConfigKeys (ConfUtils.java:logGet(44)) - raft.server.log.appender.install.snapshot.enabled = false (custom)
2021-08-14 01:17:44,679 [pool-388-thread-1] INFO  server.RaftServer$Division (ServerState.java:<init>(105)) - 16b55799-b12f-451a-a7a5-0c9446c424d0@group-1889914824F7: ConfigurationManager, init=-1: [3f463b76-9b55-4691-ac7a-6f4d2c8885f5|rpc:10.1.0.10:39227|dataStream:|priority:0, 1916d96e-2259-41cb-b531-e74b04e27058|rpc:10.1.0.10:45569|dataStream:|priority:1, 16b55799-b12f-451a-a7a5-0c9446c424d0|rpc:10.1.0.10:35399|dataStream:|priority:0], old=null, confs=<EMPTY_MAP>
2021-08-14 01:17:44,679 [pool-388-thread-1] INFO  server.RaftServerConfigKeys (ConfUtils.java:logGet(44)) - raft.server.storage.dir = [/home/runner/work/ozone/ozone/hadoop-ozone/integration-test/target/test-dir/MiniOzoneClusterImpl-4aa5cedd-5a93-4d09-91c0-161c6537f610/datanode-1/data/ratis] (custom)
2021-08-14 01:17:44,679 [pool-388-thread-1] INFO  server.RaftServerConfigKeys (ConfUtils.java:logGet(44)) - raft.server.log.corruption.policy = EXCEPTION (default)
2021-08-14 01:17:44,679 [pool-388-thread-1] INFO  server.RaftServerConfigKeys (ConfUtils.java:logGet(44)) - raft.server.storage.free-space.min = 0MB (=0) (default)
2021-08-14 01:17:44,679 [pool-388-thread-1] INFO  storage.RaftStorageDirectory (RaftStorageDirectoryImpl.java:analyzeStorage(135)) - The storage directory /home/runner/work/ozone/ozone/hadoop-ozone/integration-test/target/test-dir/MiniOzoneClusterImpl-4aa5cedd-5a93-4d09-91c0-161c6537f610/datanode-1/data/ratis/d2169314-67dc-4954-bb9d-1889914824f7 does not exist. Creating ...
2021-08-14 01:17:44,681 [pool-388-thread-1] INFO  storage.RaftStorageDirectory (RaftStorageDirectoryImpl.java:tryLock(230)) - Lock on /home/runner/work/ozone/ozone/hadoop-ozone/integration-test/target/test-dir/MiniOzoneClusterImpl-4aa5cedd-5a93-4d09-91c0-161c6537f610/datanode-1/data/ratis/d2169314-67dc-4954-bb9d-1889914824f7/in_use.lock acquired by nodename 21186@fv-az395-768
2021-08-14 01:17:44,702 [pool-388-thread-1] INFO  storage.RaftStorage (RaftStorageImpl.java:format(89)) - Storage directory /home/runner/work/ozone/ozone/hadoop-ozone/integration-test/target/test-dir/MiniOzoneClusterImpl-4aa5cedd-5a93-4d09-91c0-161c6537f610/datanode-1/data/ratis/d2169314-67dc-4954-bb9d-1889914824f7 has been successfully formatted.
2021-08-14 01:17:44,704 [pool-388-thread-1] INFO  ratis.ContainerStateMachine (ContainerStateMachine.java:loadSnapshot(225)) - group-1889914824F7: The snapshot info is null. Setting the last applied indexto:(t:0, i:~)
2021-08-14 01:17:44,704 [pool-388-thread-1] INFO  server.RaftServerConfigKeys (ConfUtils.java:logGet(44)) - raft.server.notification.no-leader.timeout = 300s (custom)
2021-08-14 01:17:44,704 [pool-388-thread-1] INFO  server.RaftServerConfigKeys (ConfUtils.java:logGet(44)) - raft.server.log.use.memory = false (default)
2021-08-14 01:17:44,704 [pool-388-thread-1] INFO  server.RaftServerConfigKeys (ConfUtils.java:logGet(44)) - raft.server.log.purge.gap = 1000000 (custom)
2021-08-14 01:17:44,705 [pool-388-thread-1] INFO  server.RaftServerConfigKeys (ConfUtils.java:logGet(44)) - raft.server.log.appender.buffer.byte-limit = 33554432 (custom)
2021-08-14 01:17:44,705 [pool-388-thread-1] INFO  server.RaftServerConfigKeys (ConfUtils.java:logGet(44)) - raft.server.log.segment.size.max = 1048576 (custom)
2021-08-14 01:17:44,705 [pool-388-thread-1] INFO  server.RaftServerConfigKeys (ConfUtils.java:logGet(44)) - raft.server.log.segment.cache.num.max = 2 (custom)
2021-08-14 01:17:44,705 [pool-388-thread-1] INFO  server.RaftServerConfigKeys (ConfUtils.java:logGet(44)) - raft.server.log.segment.cache.size.max = 200MB (=209715200) (default)
2021-08-14 01:17:44,706 [pool-388-thread-1] INFO  segmented.SegmentedRaftLogWorker (SegmentedRaftLogWorker.java:<init>(182)) - new 16b55799-b12f-451a-a7a5-0c9446c424d0@group-1889914824F7-SegmentedRaftLogWorker for RaftStorageImpl:Storage Directory /home/runner/work/ozone/ozone/hadoop-ozone/integration-test/target/test-dir/MiniOzoneClusterImpl-4aa5cedd-5a93-4d09-91c0-161c6537f610/datanode-1/data/ratis/d2169314-67dc-4954-bb9d-1889914824f7
2021-08-14 01:17:44,706 [pool-388-thread-1] INFO  server.RaftServerConfigKeys (ConfUtils.java:logGet(44)) - raft.server.log.queue.byte-limit = 2147483647 (custom)
2021-08-14 01:17:44,706 [pool-388-thread-1] INFO  server.RaftServerConfigKeys (ConfUtils.java:logGet(44)) - raft.server.log.queue.element-limit = 1024 (custom)
2021-08-14 01:17:44,706 [pool-388-thread-1] INFO  server.RaftServerConfigKeys (ConfUtils.java:logGet(44)) - raft.server.log.segment.size.max = 1048576 (custom)
2021-08-14 01:17:44,706 [pool-388-thread-1] INFO  server.RaftServerConfigKeys (ConfUtils.java:logGet(44)) - raft.server.log.preallocated.size = 16384 (custom)
2021-08-14 01:17:44,706 [pool-388-thread-1] INFO  server.RaftServerConfigKeys (ConfUtils.java:logGet(44)) - raft.server.log.force.sync.num = 128 (default)
2021-08-14 01:17:44,706 [pool-388-thread-1] INFO  server.RaftServerConfigKeys (ConfUtils.java:logGet(44)) - raft.server.log.statemachine.data.sync = true (default)
2021-08-14 01:17:44,706 [pool-388-thread-1] INFO  server.RaftServerConfigKeys (ConfUtils.java:logGet(44)) - raft.server.log.statemachine.data.sync.timeout = 10s (default)
2021-08-14 01:17:44,706 [pool-388-thread-1] INFO  server.RaftServerConfigKeys (ConfUtils.java:logGet(44)) - raft.server.log.statemachine.data.sync.timeout.retry = -1 (default)
2021-08-14 01:17:44,708 [pool-388-thread-1] INFO  server.RaftServerConfigKeys (ConfUtils.java:logGet(44)) - raft.server.log.write.buffer.size = 1048576 (custom)
2021-08-14 01:17:44,709 [pool-388-thread-1] INFO  server.RaftServerConfigKeys (ConfUtils.java:logGet(44)) - raft.server.log.statemachine.data.caching.enabled = true (custom)
2021-08-14 01:17:44,709 [pool-388-thread-1] INFO  segmented.SegmentedRaftLogWorker (SegmentedRaftLogWorker.java:lambda$new$0(133)) - 16b55799-b12f-451a-a7a5-0c9446c424d0@group-1889914824F7-SegmentedRaftLogWorker: flushIndex: setUnconditionally 0 -> -1
2021-08-14 01:17:44,716 [pool-388-thread-1] INFO  segmented.SegmentedRaftLogWorker (SegmentedRaftLogWorker.java:lambda$new$0(133)) - 16b55799-b12f-451a-a7a5-0c9446c424d0@group-1889914824F7-SegmentedRaftLogWorker: safeCacheEvictIndex: setUnconditionally 0 -> -1
2021-08-14 01:17:44,716 [pool-388-thread-1] INFO  server.RaftServerConfigKeys (ConfUtils.java:logGet(44)) - raft.server.snapshot.auto.trigger.enabled = true (custom)
2021-08-14 01:17:44,716 [pool-388-thread-1] INFO  server.RaftServerConfigKeys (ConfUtils.java:logGet(44)) - raft.server.snapshot.auto.trigger.threshold = 10000 (custom)
2021-08-14 01:17:44,717 [pool-388-thread-1] INFO  server.RaftServerConfigKeys (ConfUtils.java:logGet(44)) - raft.server.snapshot.retention.file.num = 5 (custom)
2021-08-14 01:17:44,717 [pool-388-thread-1] INFO  server.RaftServerConfigKeys (ConfUtils.java:logGet(44)) - raft.server.log.purge.upto.snapshot.index = false (default)
2021-08-14 01:17:44,717 [pool-388-thread-1] INFO  server.RaftServerConfigKeys (ConfUtils.java:logGet(44)) - raft.server.retrycache.expirytime = 600000ms (custom)
2021-08-14 01:17:44,717 [pool-388-thread-1] INFO  server.RaftServerConfigKeys (ConfUtils.java:logGet(44)) - raft.server.retrycache.statistics.expirytime = 100μs (default)
2021-08-14 01:17:44,718 [pool-388-thread-1] INFO  server.RaftServer$Division (RaftServerImpl.java:start(296)) - 16b55799-b12f-451a-a7a5-0c9446c424d0@group-1889914824F7: start as a follower, conf=-1: [3f463b76-9b55-4691-ac7a-6f4d2c8885f5|rpc:10.1.0.10:39227|dataStream:|priority:0, 1916d96e-2259-41cb-b531-e74b04e27058|rpc:10.1.0.10:45569|dataStream:|priority:1, 16b55799-b12f-451a-a7a5-0c9446c424d0|rpc:10.1.0.10:35399|dataStream:|priority:0], old=null
2021-08-14 01:17:44,718 [pool-388-thread-1] INFO  server.RaftServer$Division (RaftServerImpl.java:setRole(285)) - 16b55799-b12f-451a-a7a5-0c9446c424d0@group-1889914824F7: changes role from      null to FOLLOWER at term 0 for startAsFollower
2021-08-14 01:17:44,722 [pool-388-thread-1] INFO  impl.RoleInfo (RoleInfo.java:updateAndGet(130)) - 16b55799-b12f-451a-a7a5-0c9446c424d0: start 16b55799-b12f-451a-a7a5-0c9446c424d0@group-1889914824F7-FollowerState
2021-08-14 01:17:44,726 [pool-388-thread-1] INFO  util.JmxRegister (JmxRegister.java:tryRegister(44)) - Successfully registered JMX Bean with object name Ratis:service=RaftServer,group=group-1889914824F7,id=16b55799-b12f-451a-a7a5-0c9446c424d0
2021-08-14 01:17:44,764 [Command processor thread] INFO  commandhandler.CreatePipelineCommandHandler (CreatePipelineCommandHandler.java:handle(106)) - Created Pipeline RATIS THREE PipelineID=d2169314-67dc-4954-bb9d-1889914824f7.
2021-08-14 01:17:44,764 [Command processor thread] INFO  server.RaftServer (RaftServerProxy.java:addNew(95)) - 1916d96e-2259-41cb-b531-e74b04e27058: addNew group-791D410474A1:[3f463b76-9b55-4691-ac7a-6f4d2c8885f5|rpc:10.1.0.10:39227|priority:0, 1916d96e-2259-41cb-b531-e74b04e27058|rpc:10.1.0.10:45569|priority:0, 16b55799-b12f-451a-a7a5-0c9446c424d0|rpc:10.1.0.10:35399|priority:1] returns group-791D410474A1:java.util.concurrent.CompletableFuture@460f6697[Not completed]
2021-08-14 01:17:44,766 [pool-369-thread-1] INFO  server.RaftServer$Division (RaftServerImpl.java:<init>(181)) - 1916d96e-2259-41cb-b531-e74b04e27058: new RaftServerImpl for group-791D410474A1:[3f463b76-9b55-4691-ac7a-6f4d2c8885f5|rpc:10.1.0.10:39227|priority:0, 1916d96e-2259-41cb-b531-e74b04e27058|rpc:10.1.0.10:45569|priority:0, 16b55799-b12f-451a-a7a5-0c9446c424d0|rpc:10.1.0.10:35399|priority:1] with ContainerStateMachine:uninitialized
2021-08-14 01:17:44,766 [pool-369-thread-1] INFO  server.RaftServerConfigKeys (ConfUtils.java:logGet(44)) - raft.server.rpc.timeout.min = 5s (custom)
2021-08-14 01:17:44,766 [pool-369-thread-1] INFO  server.RaftServerConfigKeys (ConfUtils.java:logGet(44)) - raft.server.rpc.timeout.max = 5200ms (custom)
2021-08-14 01:17:44,766 [pool-369-thread-1] INFO  server.RaftServerConfigKeys (ConfUtils.java:logGet(44)) - raft.server.rpc.sleep.time = 25ms (default)
2021-08-14 01:17:44,766 [pool-369-thread-1] INFO  server.RaftServerConfigKeys (ConfUtils.java:logGet(44)) - raft.server.rpc.slowness.timeout = 300s (custom)
2021-08-14 01:17:44,767 [pool-369-thread-1] INFO  server.RaftServerConfigKeys (ConfUtils.java:logGet(44)) - raft.server.leaderelection.leader.step-down.wait-time = 10s (default)
2021-08-14 01:17:44,767 [pool-369-thread-1] INFO  server.RaftServerConfigKeys (ConfUtils.java:logGet(44)) - raft.server.sleep.deviation.threshold = 300ms (default)
2021-08-14 01:17:44,767 [pool-369-thread-1] INFO  server.RaftServerConfigKeys (ConfUtils.java:logGet(44)) - raft.server.log.appender.install.snapshot.enabled = false (custom)
2021-08-14 01:17:44,767 [pool-369-thread-1] INFO  server.RaftServer$Division (ServerState.java:<init>(105)) - 1916d96e-2259-41cb-b531-e74b04e27058@group-791D410474A1: ConfigurationManager, init=-1: [3f463b76-9b55-4691-ac7a-6f4d2c8885f5|rpc:10.1.0.10:39227|priority:0, 1916d96e-2259-41cb-b531-e74b04e27058|rpc:10.1.0.10:45569|priority:0, 16b55799-b12f-451a-a7a5-0c9446c424d0|rpc:10.1.0.10:35399|priority:1], old=null, confs=<EMPTY_MAP>
2021-08-14 01:17:44,767 [pool-369-thread-1] INFO  server.RaftServerConfigKeys (ConfUtils.java:logGet(44)) - raft.server.storage.dir = [/home/runner/work/ozone/ozone/hadoop-ozone/integration-test/target/test-dir/MiniOzoneClusterImpl-4aa5cedd-5a93-4d09-91c0-161c6537f610/datanode-0/data/ratis] (custom)
2021-08-14 01:17:44,767 [pool-369-thread-1] INFO  server.RaftServerConfigKeys (ConfUtils.java:logGet(44)) - raft.server.log.corruption.policy = EXCEPTION (default)
2021-08-14 01:17:44,767 [pool-369-thread-1] INFO  server.RaftServerConfigKeys (ConfUtils.java:logGet(44)) - raft.server.storage.free-space.min = 0MB (=0) (default)
2021-08-14 01:17:44,767 [pool-369-thread-1] INFO  storage.RaftStorageDirectory (RaftStorageDirectoryImpl.java:analyzeStorage(135)) - The storage directory /home/runner/work/ozone/ozone/hadoop-ozone/integration-test/target/test-dir/MiniOzoneClusterImpl-4aa5cedd-5a93-4d09-91c0-161c6537f610/datanode-0/data/ratis/7017f538-cf09-43f5-ade5-791d410474a1 does not exist. Creating ...
2021-08-14 01:17:44,774 [pool-369-thread-1] INFO  storage.RaftStorageDirectory (RaftStorageDirectoryImpl.java:tryLock(230)) - Lock on /home/runner/work/ozone/ozone/hadoop-ozone/integration-test/target/test-dir/MiniOzoneClusterImpl-4aa5cedd-5a93-4d09-91c0-161c6537f610/datanode-0/data/ratis/7017f538-cf09-43f5-ade5-791d410474a1/in_use.lock acquired by nodename 21186@fv-az395-768
2021-08-14 01:17:44,779 [pool-369-thread-1] INFO  storage.RaftStorage (RaftStorageImpl.java:format(89)) - Storage directory /home/runner/work/ozone/ozone/hadoop-ozone/integration-test/target/test-dir/MiniOzoneClusterImpl-4aa5cedd-5a93-4d09-91c0-161c6537f610/datanode-0/data/ratis/7017f538-cf09-43f5-ade5-791d410474a1 has been successfully formatted.
2021-08-14 01:17:44,779 [pool-369-thread-1] INFO  ratis.ContainerStateMachine (ContainerStateMachine.java:loadSnapshot(225)) - group-791D410474A1: The snapshot info is null. Setting the last applied indexto:(t:0, i:~)
2021-08-14 01:17:44,780 [pool-369-thread-1] INFO  server.RaftServerConfigKeys (ConfUtils.java:logGet(44)) - raft.server.notification.no-leader.timeout = 300s (custom)
2021-08-14 01:17:44,780 [Datanode State Machine Thread - 0] WARN  statemachine.StateContext (StateContext.java:execute(621)) - No available thread in pool for past 1 seconds.
2021-08-14 01:17:44,782 [pool-369-thread-1] INFO  server.RaftServerConfigKeys (ConfUtils.java:logGet(44)) - raft.server.log.use.memory = false (default)
2021-08-14 01:17:44,781 [EventQueue-OpenPipelineForHealthyPipelineSafeModeRule] INFO  safemode.SCMSafeModeManager (HealthyPipelineSafeModeRule.java:process(124)) - SCM in safe mode. Healthy pipelines reported count is 0, required healthy pipeline reported count is 1
2021-08-14 01:17:44,782 [pool-369-thread-1] INFO  server.RaftServerConfigKeys (ConfUtils.java:logGet(44)) - raft.server.log.purge.gap = 1000000 (custom)
2021-08-14 01:17:44,783 [pool-369-thread-1] INFO  server.RaftServerConfigKeys (ConfUtils.java:logGet(44)) - raft.server.log.appender.buffer.byte-limit = 33554432 (custom)
2021-08-14 01:17:44,783 [pool-369-thread-1] INFO  server.RaftServerConfigKeys (ConfUtils.java:logGet(44)) - raft.server.log.segment.size.max = 1048576 (custom)
2021-08-14 01:17:44,783 [pool-369-thread-1] INFO  server.RaftServerConfigKeys (ConfUtils.java:logGet(44)) - raft.server.log.segment.cache.num.max = 2 (custom)
2021-08-14 01:17:44,784 [pool-369-thread-1] INFO  server.RaftServerConfigKeys (ConfUtils.java:logGet(44)) - raft.server.log.segment.cache.size.max = 200MB (=209715200) (default)
2021-08-14 01:17:44,784 [pool-369-thread-1] INFO  segmented.SegmentedRaftLogWorker (SegmentedRaftLogWorker.java:<init>(182)) - new 1916d96e-2259-41cb-b531-e74b04e27058@group-791D410474A1-SegmentedRaftLogWorker for RaftStorageImpl:Storage Directory /home/runner/work/ozone/ozone/hadoop-ozone/integration-test/target/test-dir/MiniOzoneClusterImpl-4aa5cedd-5a93-4d09-91c0-161c6537f610/datanode-0/data/ratis/7017f538-cf09-43f5-ade5-791d410474a1
2021-08-14 01:17:44,784 [pool-369-thread-1] INFO  server.RaftServerConfigKeys (ConfUtils.java:logGet(44)) - raft.server.log.queue.byte-limit = 2147483647 (custom)
2021-08-14 01:17:44,784 [pool-369-thread-1] INFO  server.RaftServerConfigKeys (ConfUtils.java:logGet(44)) - raft.server.log.queue.element-limit = 1024 (custom)
2021-08-14 01:17:44,784 [pool-369-thread-1] INFO  server.RaftServerConfigKeys (ConfUtils.java:logGet(44)) - raft.server.log.segment.size.max = 1048576 (custom)
2021-08-14 01:17:44,784 [pool-369-thread-1] INFO  server.RaftServerConfigKeys (ConfUtils.java:logGet(44)) - raft.server.log.preallocated.size = 16384 (custom)
2021-08-14 01:17:44,784 [pool-369-thread-1] INFO  server.RaftServerConfigKeys (ConfUtils.java:logGet(44)) - raft.server.log.force.sync.num = 128 (default)
2021-08-14 01:17:44,784 [pool-369-thread-1] INFO  server.RaftServerConfigKeys (ConfUtils.java:logGet(44)) - raft.server.log.statemachine.data.sync = true (default)
2021-08-14 01:17:44,784 [pool-369-thread-1] INFO  server.RaftServerConfigKeys (ConfUtils.java:logGet(44)) - raft.server.log.statemachine.data.sync.timeout = 10s (default)
2021-08-14 01:17:44,784 [pool-369-thread-1] INFO  server.RaftServerConfigKeys (ConfUtils.java:logGet(44)) - raft.server.log.statemachine.data.sync.timeout.retry = -1 (default)
2021-08-14 01:17:44,785 [pool-369-thread-1] INFO  server.RaftServerConfigKeys (ConfUtils.java:logGet(44)) - raft.server.log.write.buffer.size = 1048576 (custom)
2021-08-14 01:17:44,785 [pool-369-thread-1] INFO  server.RaftServerConfigKeys (ConfUtils.java:logGet(44)) - raft.server.log.statemachine.data.caching.enabled = true (custom)
2021-08-14 01:17:44,790 [pool-369-thread-1] INFO  segmented.SegmentedRaftLogWorker (SegmentedRaftLogWorker.java:lambda$new$0(133)) - 1916d96e-2259-41cb-b531-e74b04e27058@group-791D410474A1-SegmentedRaftLogWorker: flushIndex: setUnconditionally 0 -> -1
2021-08-14 01:17:44,790 [pool-369-thread-1] INFO  segmented.SegmentedRaftLogWorker (SegmentedRaftLogWorker.java:lambda$new$0(133)) - 1916d96e-2259-41cb-b531-e74b04e27058@group-791D410474A1-SegmentedRaftLogWorker: safeCacheEvictIndex: setUnconditionally 0 -> -1
2021-08-14 01:17:44,802 [pool-369-thread-1] INFO  server.RaftServerConfigKeys (ConfUtils.java:logGet(44)) - raft.server.snapshot.auto.trigger.enabled = true (custom)
2021-08-14 01:17:44,802 [pool-369-thread-1] INFO  server.RaftServerConfigKeys (ConfUtils.java:logGet(44)) - raft.server.snapshot.auto.trigger.threshold = 10000 (custom)
2021-08-14 01:17:44,802 [pool-369-thread-1] INFO  server.RaftServerConfigKeys (ConfUtils.java:logGet(44)) - raft.server.snapshot.retention.file.num = 5 (custom)
2021-08-14 01:17:44,802 [pool-369-thread-1] INFO  server.RaftServerConfigKeys (ConfUtils.java:logGet(44)) - raft.server.log.purge.upto.snapshot.index = false (default)
2021-08-14 01:17:44,802 [pool-369-thread-1] INFO  server.RaftServerConfigKeys (ConfUtils.java:logGet(44)) - raft.server.retrycache.expirytime = 600000ms (custom)
2021-08-14 01:17:44,802 [pool-369-thread-1] INFO  server.RaftServerConfigKeys (ConfUtils.java:logGet(44)) - raft.server.retrycache.statistics.expirytime = 100μs (default)
2021-08-14 01:17:44,803 [pool-369-thread-1] INFO  server.RaftServer$Division (RaftServerImpl.java:start(296)) - 1916d96e-2259-41cb-b531-e74b04e27058@group-791D410474A1: start as a follower, conf=-1: [3f463b76-9b55-4691-ac7a-6f4d2c8885f5|rpc:10.1.0.10:39227|priority:0, 1916d96e-2259-41cb-b531-e74b04e27058|rpc:10.1.0.10:45569|priority:0, 16b55799-b12f-451a-a7a5-0c9446c424d0|rpc:10.1.0.10:35399|priority:1], old=null
2021-08-14 01:17:44,803 [pool-369-thread-1] INFO  server.RaftServer$Division (RaftServerImpl.java:setRole(285)) - 1916d96e-2259-41cb-b531-e74b04e27058@group-791D410474A1: changes role from      null to FOLLOWER at term 0 for startAsFollower
2021-08-14 01:17:44,803 [pool-369-thread-1] INFO  impl.RoleInfo (RoleInfo.java:updateAndGet(130)) - 1916d96e-2259-41cb-b531-e74b04e27058: start 1916d96e-2259-41cb-b531-e74b04e27058@group-791D410474A1-FollowerState
2021-08-14 01:17:44,811 [pool-369-thread-1] INFO  util.JmxRegister (JmxRegister.java:tryRegister(44)) - Successfully registered JMX Bean with object name Ratis:service=RaftServer,group=group-791D410474A1,id=1916d96e-2259-41cb-b531-e74b04e27058
2021-08-14 01:17:44,815 [Command processor thread] INFO  ratis.XceiverServerRatis (XceiverServerRatis.java:addGroup(763)) - Created group PipelineID=7017f538-cf09-43f5-ade5-791d410474a1
2021-08-14 01:17:44,834 [grpc-default-executor-0] INFO  server.RaftServer (RaftServerProxy.java:addNew(95)) - 3f463b76-9b55-4691-ac7a-6f4d2c8885f5: addNew group-791D410474A1:[3f463b76-9b55-4691-ac7a-6f4d2c8885f5|rpc:10.1.0.10:39227|dataStream:|priority:0, 1916d96e-2259-41cb-b531-e74b04e27058|rpc:10.1.0.10:45569|dataStream:|priority:0, 16b55799-b12f-451a-a7a5-0c9446c424d0|rpc:10.1.0.10:35399|dataStream:|priority:1] returns group-791D410474A1:java.util.concurrent.CompletableFuture@632a5ff4[Not completed]
2021-08-14 01:17:44,834 [pool-407-thread-1] INFO  server.RaftServer$Division (RaftServerImpl.java:<init>(181)) - 3f463b76-9b55-4691-ac7a-6f4d2c8885f5: new RaftServerImpl for group-791D410474A1:[3f463b76-9b55-4691-ac7a-6f4d2c8885f5|rpc:10.1.0.10:39227|dataStream:|priority:0, 1916d96e-2259-41cb-b531-e74b04e27058|rpc:10.1.0.10:45569|dataStream:|priority:0, 16b55799-b12f-451a-a7a5-0c9446c424d0|rpc:10.1.0.10:35399|dataStream:|priority:1] with ContainerStateMachine:uninitialized
2021-08-14 01:17:44,834 [pool-407-thread-1] INFO  server.RaftServerConfigKeys (ConfUtils.java:logGet(44)) - raft.server.rpc.timeout.min = 5s (custom)
2021-08-14 01:17:44,834 [pool-407-thread-1] INFO  server.RaftServerConfigKeys (ConfUtils.java:logGet(44)) - raft.server.rpc.timeout.max = 5200ms (custom)
2021-08-14 01:17:44,834 [pool-407-thread-1] INFO  server.RaftServerConfigKeys (ConfUtils.java:logGet(44)) - raft.server.rpc.sleep.time = 25ms (default)
2021-08-14 01:17:44,835 [pool-407-thread-1] INFO  server.RaftServerConfigKeys (ConfUtils.java:logGet(44)) - raft.server.rpc.slowness.timeout = 300s (custom)
2021-08-14 01:17:44,835 [pool-407-thread-1] INFO  server.RaftServerConfigKeys (ConfUtils.java:logGet(44)) - raft.server.leaderelection.leader.step-down.wait-time = 10s (default)
2021-08-14 01:17:44,835 [pool-407-thread-1] INFO  server.RaftServerConfigKeys (ConfUtils.java:logGet(44)) - raft.server.sleep.deviation.threshold = 300ms (default)
2021-08-14 01:17:44,835 [pool-407-thread-1] INFO  server.RaftServerConfigKeys (ConfUtils.java:logGet(44)) - raft.server.log.appender.install.snapshot.enabled = false (custom)
2021-08-14 01:17:44,835 [pool-407-thread-1] INFO  server.RaftServer$Division (ServerState.java:<init>(105)) - 3f463b76-9b55-4691-ac7a-6f4d2c8885f5@group-791D410474A1: ConfigurationManager, init=-1: [3f463b76-9b55-4691-ac7a-6f4d2c8885f5|rpc:10.1.0.10:39227|dataStream:|priority:0, 1916d96e-2259-41cb-b531-e74b04e27058|rpc:10.1.0.10:45569|dataStream:|priority:0, 16b55799-b12f-451a-a7a5-0c9446c424d0|rpc:10.1.0.10:35399|dataStream:|priority:1], old=null, confs=<EMPTY_MAP>
2021-08-14 01:17:44,835 [pool-407-thread-1] INFO  server.RaftServerConfigKeys (ConfUtils.java:logGet(44)) - raft.server.storage.dir = [/home/runner/work/ozone/ozone/hadoop-ozone/integration-test/target/test-dir/MiniOzoneClusterImpl-4aa5cedd-5a93-4d09-91c0-161c6537f610/datanode-2/data/ratis] (custom)
2021-08-14 01:17:44,835 [pool-407-thread-1] INFO  server.RaftServerConfigKeys (ConfUtils.java:logGet(44)) - raft.server.log.corruption.policy = EXCEPTION (default)
2021-08-14 01:17:44,835 [pool-407-thread-1] INFO  server.RaftServerConfigKeys (ConfUtils.java:logGet(44)) - raft.server.storage.free-space.min = 0MB (=0) (default)
2021-08-14 01:17:44,835 [pool-407-thread-1] INFO  storage.RaftStorageDirectory (RaftStorageDirectoryImpl.java:analyzeStorage(135)) - The storage directory /home/runner/work/ozone/ozone/hadoop-ozone/integration-test/target/test-dir/MiniOzoneClusterImpl-4aa5cedd-5a93-4d09-91c0-161c6537f610/datanode-2/data/ratis/7017f538-cf09-43f5-ade5-791d410474a1 does not exist. Creating ...
2021-08-14 01:17:44,837 [pool-407-thread-1] INFO  storage.RaftStorageDirectory (RaftStorageDirectoryImpl.java:tryLock(230)) - Lock on /home/runner/work/ozone/ozone/hadoop-ozone/integration-test/target/test-dir/MiniOzoneClusterImpl-4aa5cedd-5a93-4d09-91c0-161c6537f610/datanode-2/data/ratis/7017f538-cf09-43f5-ade5-791d410474a1/in_use.lock acquired by nodename 21186@fv-az395-768
2021-08-14 01:17:44,838 [pool-407-thread-1] INFO  storage.RaftStorage (RaftStorageImpl.java:format(89)) - Storage directory /home/runner/work/ozone/ozone/hadoop-ozone/integration-test/target/test-dir/MiniOzoneClusterImpl-4aa5cedd-5a93-4d09-91c0-161c6537f610/datanode-2/data/ratis/7017f538-cf09-43f5-ade5-791d410474a1 has been successfully formatted.
2021-08-14 01:17:44,839 [pool-407-thread-1] INFO  ratis.ContainerStateMachine (ContainerStateMachine.java:loadSnapshot(225)) - group-791D410474A1: The snapshot info is null. Setting the last applied indexto:(t:0, i:~)
2021-08-14 01:17:44,839 [pool-407-thread-1] INFO  server.RaftServerConfigKeys (ConfUtils.java:logGet(44)) - raft.server.notification.no-leader.timeout = 300s (custom)
2021-08-14 01:17:44,839 [pool-407-thread-1] INFO  server.RaftServerConfigKeys (ConfUtils.java:logGet(44)) - raft.server.log.use.memory = false (default)
2021-08-14 01:17:44,839 [pool-407-thread-1] INFO  server.RaftServerConfigKeys (ConfUtils.java:logGet(44)) - raft.server.log.purge.gap = 1000000 (custom)
2021-08-14 01:17:44,839 [pool-407-thread-1] INFO  server.RaftServerConfigKeys (ConfUtils.java:logGet(44)) - raft.server.log.appender.buffer.byte-limit = 33554432 (custom)
2021-08-14 01:17:44,840 [pool-407-thread-1] INFO  server.RaftServerConfigKeys (ConfUtils.java:logGet(44)) - raft.server.log.segment.size.max = 1048576 (custom)
2021-08-14 01:17:44,840 [pool-407-thread-1] INFO  server.RaftServerConfigKeys (ConfUtils.java:logGet(44)) - raft.server.log.segment.cache.num.max = 2 (custom)
2021-08-14 01:17:44,840 [pool-407-thread-1] INFO  server.RaftServerConfigKeys (ConfUtils.java:logGet(44)) - raft.server.log.segment.cache.size.max = 200MB (=209715200) (default)
2021-08-14 01:17:44,840 [pool-407-thread-1] INFO  segmented.SegmentedRaftLogWorker (SegmentedRaftLogWorker.java:<init>(182)) - new 3f463b76-9b55-4691-ac7a-6f4d2c8885f5@group-791D410474A1-SegmentedRaftLogWorker for RaftStorageImpl:Storage Directory /home/runner/work/ozone/ozone/hadoop-ozone/integration-test/target/test-dir/MiniOzoneClusterImpl-4aa5cedd-5a93-4d09-91c0-161c6537f610/datanode-2/data/ratis/7017f538-cf09-43f5-ade5-791d410474a1
2021-08-14 01:17:44,840 [pool-407-thread-1] INFO  server.RaftServerConfigKeys (ConfUtils.java:logGet(44)) - raft.server.log.queue.byte-limit = 2147483647 (custom)
2021-08-14 01:17:44,840 [pool-407-thread-1] INFO  server.RaftServerConfigKeys (ConfUtils.java:logGet(44)) - raft.server.log.queue.element-limit = 1024 (custom)
2021-08-14 01:17:44,840 [pool-407-thread-1] INFO  server.RaftServerConfigKeys (ConfUtils.java:logGet(44)) - raft.server.log.segment.size.max = 1048576 (custom)
2021-08-14 01:17:44,840 [pool-407-thread-1] INFO  server.RaftServerConfigKeys (ConfUtils.java:logGet(44)) - raft.server.log.preallocated.size = 16384 (custom)
2021-08-14 01:17:44,841 [pool-407-thread-1] INFO  server.RaftServerConfigKeys (ConfUtils.java:logGet(44)) - raft.server.log.force.sync.num = 128 (default)
2021-08-14 01:17:44,841 [pool-407-thread-1] INFO  server.RaftServerConfigKeys (ConfUtils.java:logGet(44)) - raft.server.log.statemachine.data.sync = true (default)
2021-08-14 01:17:44,841 [pool-407-thread-1] INFO  server.RaftServerConfigKeys (ConfUtils.java:logGet(44)) - raft.server.log.statemachine.data.sync.timeout = 10s (default)
2021-08-14 01:17:44,841 [pool-407-thread-1] INFO  server.RaftServerConfigKeys (ConfUtils.java:logGet(44)) - raft.server.log.statemachine.data.sync.timeout.retry = -1 (default)
2021-08-14 01:17:44,842 [pool-407-thread-1] INFO  server.RaftServerConfigKeys (ConfUtils.java:logGet(44)) - raft.server.log.write.buffer.size = 1048576 (custom)
2021-08-14 01:17:44,843 [Datanode State Machine Thread - 0] WARN  statemachine.StateContext (StateContext.java:execute(621)) - No available thread in pool for past 1 seconds.
2021-08-14 01:17:44,846 [pool-407-thread-1] INFO  server.RaftServerConfigKeys (ConfUtils.java:logGet(44)) - raft.server.log.statemachine.data.caching.enabled = true (custom)
2021-08-14 01:17:44,847 [pool-407-thread-1] INFO  segmented.SegmentedRaftLogWorker (SegmentedRaftLogWorker.java:lambda$new$0(133)) - 3f463b76-9b55-4691-ac7a-6f4d2c8885f5@group-791D410474A1-SegmentedRaftLogWorker: flushIndex: setUnconditionally 0 -> -1
2021-08-14 01:17:44,847 [pool-407-thread-1] INFO  segmented.SegmentedRaftLogWorker (SegmentedRaftLogWorker.java:lambda$new$0(133)) - 3f463b76-9b55-4691-ac7a-6f4d2c8885f5@group-791D410474A1-SegmentedRaftLogWorker: safeCacheEvictIndex: setUnconditionally 0 -> -1
2021-08-14 01:17:44,848 [pool-407-thread-1] INFO  server.RaftServerConfigKeys (ConfUtils.java:logGet(44)) - raft.server.snapshot.auto.trigger.enabled = true (custom)
2021-08-14 01:17:44,848 [pool-407-thread-1] INFO  server.RaftServerConfigKeys (ConfUtils.java:logGet(44)) - raft.server.snapshot.auto.trigger.threshold = 10000 (custom)
2021-08-14 01:17:44,848 [pool-407-thread-1] INFO  server.RaftServerConfigKeys (ConfUtils.java:logGet(44)) - raft.server.snapshot.retention.file.num = 5 (custom)
2021-08-14 01:17:44,848 [pool-407-thread-1] INFO  server.RaftServerConfigKeys (ConfUtils.java:logGet(44)) - raft.server.log.purge.upto.snapshot.index = false (default)
2021-08-14 01:17:44,848 [pool-407-thread-1] INFO  server.RaftServerConfigKeys (ConfUtils.java:logGet(44)) - raft.server.retrycache.expirytime = 600000ms (custom)
2021-08-14 01:17:44,848 [pool-407-thread-1] INFO  server.RaftServerConfigKeys (ConfUtils.java:logGet(44)) - raft.server.retrycache.statistics.expirytime = 100μs (default)
2021-08-14 01:17:44,849 [pool-407-thread-1] INFO  server.RaftServer$Division (RaftServerImpl.java:start(296)) - 3f463b76-9b55-4691-ac7a-6f4d2c8885f5@group-791D410474A1: start as a follower, conf=-1: [3f463b76-9b55-4691-ac7a-6f4d2c8885f5|rpc:10.1.0.10:39227|dataStream:|priority:0, 1916d96e-2259-41cb-b531-e74b04e27058|rpc:10.1.0.10:45569|dataStream:|priority:0, 16b55799-b12f-451a-a7a5-0c9446c424d0|rpc:10.1.0.10:35399|dataStream:|priority:1], old=null
2021-08-14 01:17:44,849 [pool-407-thread-1] INFO  server.RaftServer$Division (RaftServerImpl.java:setRole(285)) - 3f463b76-9b55-4691-ac7a-6f4d2c8885f5@group-791D410474A1: changes role from      null to FOLLOWER at term 0 for startAsFollower
2021-08-14 01:17:44,849 [pool-407-thread-1] INFO  impl.RoleInfo (RoleInfo.java:updateAndGet(130)) - 3f463b76-9b55-4691-ac7a-6f4d2c8885f5: start 3f463b76-9b55-4691-ac7a-6f4d2c8885f5@group-791D410474A1-FollowerState
2021-08-14 01:17:44,850 [pool-407-thread-1] INFO  util.JmxRegister (JmxRegister.java:tryRegister(44)) - Successfully registered JMX Bean with object name Ratis:service=RaftServer,group=group-791D410474A1,id=3f463b76-9b55-4691-ac7a-6f4d2c8885f5
2021-08-14 01:17:44,882 [grpc-default-executor-0] INFO  server.RaftServer (RaftServerProxy.java:addNew(95)) - 16b55799-b12f-451a-a7a5-0c9446c424d0: addNew group-791D410474A1:[3f463b76-9b55-4691-ac7a-6f4d2c8885f5|rpc:10.1.0.10:39227|dataStream:|priority:0, 1916d96e-2259-41cb-b531-e74b04e27058|rpc:10.1.0.10:45569|dataStream:|priority:0, 16b55799-b12f-451a-a7a5-0c9446c424d0|rpc:10.1.0.10:35399|dataStream:|priority:1] returns group-791D410474A1:java.util.concurrent.CompletableFuture@511be6b3[Not completed]
2021-08-14 01:17:44,893 [pool-388-thread-1] INFO  server.RaftServer$Division (RaftServerImpl.java:<init>(181)) - 16b55799-b12f-451a-a7a5-0c9446c424d0: new RaftServerImpl for group-791D410474A1:[3f463b76-9b55-4691-ac7a-6f4d2c8885f5|rpc:10.1.0.10:39227|dataStream:|priority:0, 1916d96e-2259-41cb-b531-e74b04e27058|rpc:10.1.0.10:45569|dataStream:|priority:0, 16b55799-b12f-451a-a7a5-0c9446c424d0|rpc:10.1.0.10:35399|dataStream:|priority:1] with ContainerStateMachine:uninitialized
2021-08-14 01:17:44,893 [pool-388-thread-1] INFO  server.RaftServerConfigKeys (ConfUtils.java:logGet(44)) - raft.server.rpc.timeout.min = 5s (custom)
2021-08-14 01:17:44,893 [pool-388-thread-1] INFO  server.RaftServerConfigKeys (ConfUtils.java:logGet(44)) - raft.server.rpc.timeout.max = 5200ms (custom)
2021-08-14 01:17:44,893 [pool-388-thread-1] INFO  server.RaftServerConfigKeys (ConfUtils.java:logGet(44)) - raft.server.rpc.sleep.time = 25ms (default)
2021-08-14 01:17:44,893 [pool-388-thread-1] INFO  server.RaftServerConfigKeys (ConfUtils.java:logGet(44)) - raft.server.rpc.slowness.timeout = 300s (custom)
2021-08-14 01:17:44,893 [pool-388-thread-1] INFO  server.RaftServerConfigKeys (ConfUtils.java:logGet(44)) - raft.server.leaderelection.leader.step-down.wait-time = 10s (default)
2021-08-14 01:17:44,893 [pool-388-thread-1] INFO  server.RaftServerConfigKeys (ConfUtils.java:logGet(44)) - raft.server.sleep.deviation.threshold = 300ms (default)
2021-08-14 01:17:44,893 [pool-388-thread-1] INFO  server.RaftServerConfigKeys (ConfUtils.java:logGet(44)) - raft.server.log.appender.install.snapshot.enabled = false (custom)
2021-08-14 01:17:44,893 [pool-388-thread-1] INFO  server.RaftServer$Division (ServerState.java:<init>(105)) - 16b55799-b12f-451a-a7a5-0c9446c424d0@group-791D410474A1: ConfigurationManager, init=-1: [3f463b76-9b55-4691-ac7a-6f4d2c8885f5|rpc:10.1.0.10:39227|dataStream:|priority:0, 1916d96e-2259-41cb-b531-e74b04e27058|rpc:10.1.0.10:45569|dataStream:|priority:0, 16b55799-b12f-451a-a7a5-0c9446c424d0|rpc:10.1.0.10:35399|dataStream:|priority:1], old=null, confs=<EMPTY_MAP>
2021-08-14 01:17:44,893 [pool-388-thread-1] INFO  server.RaftServerConfigKeys (ConfUtils.java:logGet(44)) - raft.server.storage.dir = [/home/runner/work/ozone/ozone/hadoop-ozone/integration-test/target/test-dir/MiniOzoneClusterImpl-4aa5cedd-5a93-4d09-91c0-161c6537f610/datanode-1/data/ratis] (custom)
2021-08-14 01:17:44,893 [pool-388-thread-1] INFO  server.RaftServerConfigKeys (ConfUtils.java:logGet(44)) - raft.server.log.corruption.policy = EXCEPTION (default)
2021-08-14 01:17:44,894 [pool-388-thread-1] INFO  server.RaftServerConfigKeys (ConfUtils.java:logGet(44)) - raft.server.storage.free-space.min = 0MB (=0) (default)
2021-08-14 01:17:44,894 [pool-388-thread-1] INFO  storage.RaftStorageDirectory (RaftStorageDirectoryImpl.java:analyzeStorage(135)) - The storage directory /home/runner/work/ozone/ozone/hadoop-ozone/integration-test/target/test-dir/MiniOzoneClusterImpl-4aa5cedd-5a93-4d09-91c0-161c6537f610/datanode-1/data/ratis/7017f538-cf09-43f5-ade5-791d410474a1 does not exist. Creating ...
2021-08-14 01:17:44,896 [pool-388-thread-1] INFO  storage.RaftStorageDirectory (RaftStorageDirectoryImpl.java:tryLock(230)) - Lock on /home/runner/work/ozone/ozone/hadoop-ozone/integration-test/target/test-dir/MiniOzoneClusterImpl-4aa5cedd-5a93-4d09-91c0-161c6537f610/datanode-1/data/ratis/7017f538-cf09-43f5-ade5-791d410474a1/in_use.lock acquired by nodename 21186@fv-az395-768
2021-08-14 01:17:44,897 [pool-388-thread-1] INFO  storage.RaftStorage (RaftStorageImpl.java:format(89)) - Storage directory /home/runner/work/ozone/ozone/hadoop-ozone/integration-test/target/test-dir/MiniOzoneClusterImpl-4aa5cedd-5a93-4d09-91c0-161c6537f610/datanode-1/data/ratis/7017f538-cf09-43f5-ade5-791d410474a1 has been successfully formatted.
2021-08-14 01:17:44,898 [pool-388-thread-1] INFO  ratis.ContainerStateMachine (ContainerStateMachine.java:loadSnapshot(225)) - group-791D410474A1: The snapshot info is null. Setting the last applied indexto:(t:0, i:~)
2021-08-14 01:17:44,898 [pool-388-thread-1] INFO  server.RaftServerConfigKeys (ConfUtils.java:logGet(44)) - raft.server.notification.no-leader.timeout = 300s (custom)
2021-08-14 01:17:44,898 [pool-388-thread-1] INFO  server.RaftServerConfigKeys (ConfUtils.java:logGet(44)) - raft.server.log.use.memory = false (default)
2021-08-14 01:17:44,898 [pool-388-thread-1] INFO  server.RaftServerConfigKeys (ConfUtils.java:logGet(44)) - raft.server.log.purge.gap = 1000000 (custom)
2021-08-14 01:17:44,898 [pool-388-thread-1] INFO  server.RaftServerConfigKeys (ConfUtils.java:logGet(44)) - raft.server.log.appender.buffer.byte-limit = 33554432 (custom)
2021-08-14 01:17:44,899 [pool-388-thread-1] INFO  server.RaftServerConfigKeys (ConfUtils.java:logGet(44)) - raft.server.log.segment.size.max = 1048576 (custom)
2021-08-14 01:17:44,899 [pool-388-thread-1] INFO  server.RaftServerConfigKeys (ConfUtils.java:logGet(44)) - raft.server.log.segment.cache.num.max = 2 (custom)
2021-08-14 01:17:44,899 [pool-388-thread-1] INFO  server.RaftServerConfigKeys (ConfUtils.java:logGet(44)) - raft.server.log.segment.cache.size.max = 200MB (=209715200) (default)
2021-08-14 01:17:44,900 [pool-388-thread-1] INFO  segmented.SegmentedRaftLogWorker (SegmentedRaftLogWorker.java:<init>(182)) - new 16b55799-b12f-451a-a7a5-0c9446c424d0@group-791D410474A1-SegmentedRaftLogWorker for RaftStorageImpl:Storage Directory /home/runner/work/ozone/ozone/hadoop-ozone/integration-test/target/test-dir/MiniOzoneClusterImpl-4aa5cedd-5a93-4d09-91c0-161c6537f610/datanode-1/data/ratis/7017f538-cf09-43f5-ade5-791d410474a1
2021-08-14 01:17:44,900 [pool-388-thread-1] INFO  server.RaftServerConfigKeys (ConfUtils.java:logGet(44)) - raft.server.log.queue.byte-limit = 2147483647 (custom)
2021-08-14 01:17:44,900 [pool-388-thread-1] INFO  server.RaftServerConfigKeys (ConfUtils.java:logGet(44)) - raft.server.log.queue.element-limit = 1024 (custom)
2021-08-14 01:17:44,900 [pool-388-thread-1] INFO  server.RaftServerConfigKeys (ConfUtils.java:logGet(44)) - raft.server.log.segment.size.max = 1048576 (custom)
2021-08-14 01:17:44,900 [pool-388-thread-1] INFO  server.RaftServerConfigKeys (ConfUtils.java:logGet(44)) - raft.server.log.preallocated.size = 16384 (custom)
2021-08-14 01:17:44,900 [pool-388-thread-1] INFO  server.RaftServerConfigKeys (ConfUtils.java:logGet(44)) - raft.server.log.force.sync.num = 128 (default)
2021-08-14 01:17:44,902 [pool-388-thread-1] INFO  server.RaftServerConfigKeys (ConfUtils.java:logGet(44)) - raft.server.log.statemachine.data.sync = true (default)
2021-08-14 01:17:44,902 [pool-388-thread-1] INFO  server.RaftServerConfigKeys (ConfUtils.java:logGet(44)) - raft.server.log.statemachine.data.sync.timeout = 10s (default)
2021-08-14 01:17:44,902 [pool-388-thread-1] INFO  server.RaftServerConfigKeys (ConfUtils.java:logGet(44)) - raft.server.log.statemachine.data.sync.timeout.retry = -1 (default)
2021-08-14 01:17:44,903 [pool-388-thread-1] INFO  server.RaftServerConfigKeys (ConfUtils.java:logGet(44)) - raft.server.log.write.buffer.size = 1048576 (custom)
2021-08-14 01:17:44,904 [pool-388-thread-1] INFO  server.RaftServerConfigKeys (ConfUtils.java:logGet(44)) - raft.server.log.statemachine.data.caching.enabled = true (custom)
2021-08-14 01:17:44,912 [pool-388-thread-1] INFO  segmented.SegmentedRaftLogWorker (SegmentedRaftLogWorker.java:lambda$new$0(133)) - 16b55799-b12f-451a-a7a5-0c9446c424d0@group-791D410474A1-SegmentedRaftLogWorker: flushIndex: setUnconditionally 0 -> -1
2021-08-14 01:17:44,916 [pool-388-thread-1] INFO  segmented.SegmentedRaftLogWorker (SegmentedRaftLogWorker.java:lambda$new$0(133)) - 16b55799-b12f-451a-a7a5-0c9446c424d0@group-791D410474A1-SegmentedRaftLogWorker: safeCacheEvictIndex: setUnconditionally 0 -> -1
2021-08-14 01:17:44,920 [pool-388-thread-1] INFO  server.RaftServerConfigKeys (ConfUtils.java:logGet(44)) - raft.server.snapshot.auto.trigger.enabled = true (custom)
2021-08-14 01:17:44,920 [pool-388-thread-1] INFO  server.RaftServerConfigKeys (ConfUtils.java:logGet(44)) - raft.server.snapshot.auto.trigger.threshold = 10000 (custom)
2021-08-14 01:17:44,920 [pool-388-thread-1] INFO  server.RaftServerConfigKeys (ConfUtils.java:logGet(44)) - raft.server.snapshot.retention.file.num = 5 (custom)
2021-08-14 01:17:44,920 [pool-388-thread-1] INFO  server.RaftServerConfigKeys (ConfUtils.java:logGet(44)) - raft.server.log.purge.upto.snapshot.index = false (default)
2021-08-14 01:17:44,920 [pool-388-thread-1] INFO  server.RaftServerConfigKeys (ConfUtils.java:logGet(44)) - raft.server.retrycache.expirytime = 600000ms (custom)
2021-08-14 01:17:44,921 [pool-388-thread-1] INFO  server.RaftServerConfigKeys (ConfUtils.java:logGet(44)) - raft.server.retrycache.statistics.expirytime = 100μs (default)
2021-08-14 01:17:44,922 [pool-388-thread-1] INFO  server.RaftServer$Division (RaftServerImpl.java:start(296)) - 16b55799-b12f-451a-a7a5-0c9446c424d0@group-791D410474A1: start as a follower, conf=-1: [3f463b76-9b55-4691-ac7a-6f4d2c8885f5|rpc:10.1.0.10:39227|dataStream:|priority:0, 1916d96e-2259-41cb-b531-e74b04e27058|rpc:10.1.0.10:45569|dataStream:|priority:0, 16b55799-b12f-451a-a7a5-0c9446c424d0|rpc:10.1.0.10:35399|dataStream:|priority:1], old=null
2021-08-14 01:17:44,922 [pool-388-thread-1] INFO  server.RaftServer$Division (RaftServerImpl.java:setRole(285)) - 16b55799-b12f-451a-a7a5-0c9446c424d0@group-791D410474A1: changes role from      null to FOLLOWER at term 0 for startAsFollower
2021-08-14 01:17:44,922 [pool-388-thread-1] INFO  impl.RoleInfo (RoleInfo.java:updateAndGet(130)) - 16b55799-b12f-451a-a7a5-0c9446c424d0: start 16b55799-b12f-451a-a7a5-0c9446c424d0@group-791D410474A1-FollowerState
2021-08-14 01:17:44,925 [pool-388-thread-1] INFO  util.JmxRegister (JmxRegister.java:tryRegister(44)) - Successfully registered JMX Bean with object name Ratis:service=RaftServer,group=group-791D410474A1,id=16b55799-b12f-451a-a7a5-0c9446c424d0
2021-08-14 01:17:44,940 [Command processor thread] INFO  commandhandler.CreatePipelineCommandHandler (CreatePipelineCommandHandler.java:handle(106)) - Created Pipeline RATIS THREE PipelineID=7017f538-cf09-43f5-ade5-791d410474a1.
2021-08-14 01:17:44,950 [Command processor thread] INFO  server.RaftServer (RaftServerProxy.java:addNew(95)) - 16b55799-b12f-451a-a7a5-0c9446c424d0: addNew group-5A1DB29A2974:[16b55799-b12f-451a-a7a5-0c9446c424d0|rpc:10.1.0.10:35399|priority:1] returns group-5A1DB29A2974:java.util.concurrent.CompletableFuture@45830608[Not completed]
2021-08-14 01:17:44,951 [pool-388-thread-1] INFO  server.RaftServer$Division (RaftServerImpl.java:<init>(181)) - 16b55799-b12f-451a-a7a5-0c9446c424d0: new RaftServerImpl for group-5A1DB29A2974:[16b55799-b12f-451a-a7a5-0c9446c424d0|rpc:10.1.0.10:35399|priority:1] with ContainerStateMachine:uninitialized
2021-08-14 01:17:44,951 [pool-388-thread-1] INFO  server.RaftServerConfigKeys (ConfUtils.java:logGet(44)) - raft.server.rpc.timeout.min = 5s (custom)
2021-08-14 01:17:44,951 [pool-388-thread-1] INFO  server.RaftServerConfigKeys (ConfUtils.java:logGet(44)) - raft.server.rpc.timeout.max = 5200ms (custom)
2021-08-14 01:17:44,951 [pool-388-thread-1] INFO  server.RaftServerConfigKeys (ConfUtils.java:logGet(44)) - raft.server.rpc.sleep.time = 25ms (default)
2021-08-14 01:17:44,952 [pool-388-thread-1] INFO  server.RaftServerConfigKeys (ConfUtils.java:logGet(44)) - raft.server.rpc.slowness.timeout = 300s (custom)
2021-08-14 01:17:44,952 [pool-388-thread-1] INFO  server.RaftServerConfigKeys (ConfUtils.java:logGet(44)) - raft.server.leaderelection.leader.step-down.wait-time = 10s (default)
2021-08-14 01:17:44,952 [pool-388-thread-1] INFO  server.RaftServerConfigKeys (ConfUtils.java:logGet(44)) - raft.server.sleep.deviation.threshold = 300ms (default)
2021-08-14 01:17:44,952 [pool-388-thread-1] INFO  server.RaftServerConfigKeys (ConfUtils.java:logGet(44)) - raft.server.log.appender.install.snapshot.enabled = false (custom)
2021-08-14 01:17:44,952 [pool-388-thread-1] INFO  server.RaftServer$Division (ServerState.java:<init>(105)) - 16b55799-b12f-451a-a7a5-0c9446c424d0@group-5A1DB29A2974: ConfigurationManager, init=-1: [16b55799-b12f-451a-a7a5-0c9446c424d0|rpc:10.1.0.10:35399|priority:1], old=null, confs=<EMPTY_MAP>
2021-08-14 01:17:44,952 [pool-388-thread-1] INFO  server.RaftServerConfigKeys (ConfUtils.java:logGet(44)) - raft.server.storage.dir = [/home/runner/work/ozone/ozone/hadoop-ozone/integration-test/target/test-dir/MiniOzoneClusterImpl-4aa5cedd-5a93-4d09-91c0-161c6537f610/datanode-1/data/ratis] (custom)
2021-08-14 01:17:44,952 [pool-388-thread-1] INFO  server.RaftServerConfigKeys (ConfUtils.java:logGet(44)) - raft.server.log.corruption.policy = EXCEPTION (default)
2021-08-14 01:17:44,952 [pool-388-thread-1] INFO  server.RaftServerConfigKeys (ConfUtils.java:logGet(44)) - raft.server.storage.free-space.min = 0MB (=0) (default)
2021-08-14 01:17:44,952 [pool-388-thread-1] INFO  storage.RaftStorageDirectory (RaftStorageDirectoryImpl.java:analyzeStorage(135)) - The storage directory /home/runner/work/ozone/ozone/hadoop-ozone/integration-test/target/test-dir/MiniOzoneClusterImpl-4aa5cedd-5a93-4d09-91c0-161c6537f610/datanode-1/data/ratis/5586f31b-ad38-42f4-bdf6-5a1db29a2974 does not exist. Creating ...
2021-08-14 01:17:44,956 [pool-388-thread-1] INFO  storage.RaftStorageDirectory (RaftStorageDirectoryImpl.java:tryLock(230)) - Lock on /home/runner/work/ozone/ozone/hadoop-ozone/integration-test/target/test-dir/MiniOzoneClusterImpl-4aa5cedd-5a93-4d09-91c0-161c6537f610/datanode-1/data/ratis/5586f31b-ad38-42f4-bdf6-5a1db29a2974/in_use.lock acquired by nodename 21186@fv-az395-768
2021-08-14 01:17:44,958 [pool-388-thread-1] INFO  storage.RaftStorage (RaftStorageImpl.java:format(89)) - Storage directory /home/runner/work/ozone/ozone/hadoop-ozone/integration-test/target/test-dir/MiniOzoneClusterImpl-4aa5cedd-5a93-4d09-91c0-161c6537f610/datanode-1/data/ratis/5586f31b-ad38-42f4-bdf6-5a1db29a2974 has been successfully formatted.
2021-08-14 01:17:44,958 [pool-388-thread-1] INFO  ratis.ContainerStateMachine (ContainerStateMachine.java:loadSnapshot(225)) - group-5A1DB29A2974: The snapshot info is null. Setting the last applied indexto:(t:0, i:~)
2021-08-14 01:17:44,958 [pool-388-thread-1] INFO  server.RaftServerConfigKeys (ConfUtils.java:logGet(44)) - raft.server.notification.no-leader.timeout = 300s (custom)
2021-08-14 01:17:44,960 [EventQueue-PipelineReportForPipelineReportHandler] INFO  pipeline.PipelineManagerImpl (PipelineManagerImpl.java:openPipeline(283)) - Pipeline Pipeline[ Id: 5586f31b-ad38-42f4-bdf6-5a1db29a2974, Nodes: 16b55799-b12f-451a-a7a5-0c9446c424d0{ip: 10.1.0.10, host: fv-az395-768.zfmzfyrfkyou3ow0tsr0jxwq1e.bx.internal.cloudapp.net, ports: [REPLICATION=37975, RATIS=35399, RATIS_ADMIN=35399, RATIS_SERVER=35399, STANDALONE=45039], networkLocation: /default-rack, certSerialId: null, persistedOpState: IN_SERVICE, persistedOpStateExpiryEpochSec: 0}, ReplicationConfig: RATIS/ONE, State:ALLOCATED, leaderId:16b55799-b12f-451a-a7a5-0c9446c424d0, CreationTimestamp2021-08-14T01:17:41.955Z[Etc/UTC]] moved to OPEN state
2021-08-14 01:17:44,962 [EventQueue-OpenPipelineForHealthyPipelineSafeModeRule] INFO  safemode.SCMSafeModeManager (HealthyPipelineSafeModeRule.java:process(124)) - SCM in safe mode. Healthy pipelines reported count is 0, required healthy pipeline reported count is 1
2021-08-14 01:17:44,961 [pool-388-thread-1] INFO  server.RaftServerConfigKeys (ConfUtils.java:logGet(44)) - raft.server.log.use.memory = false (default)
2021-08-14 01:17:44,969 [pool-388-thread-1] INFO  server.RaftServerConfigKeys (ConfUtils.java:logGet(44)) - raft.server.log.purge.gap = 1000000 (custom)
2021-08-14 01:17:44,969 [pool-388-thread-1] INFO  server.RaftServerConfigKeys (ConfUtils.java:logGet(44)) - raft.server.log.appender.buffer.byte-limit = 33554432 (custom)
2021-08-14 01:17:44,969 [pool-388-thread-1] INFO  server.RaftServerConfigKeys (ConfUtils.java:logGet(44)) - raft.server.log.segment.size.max = 1048576 (custom)
2021-08-14 01:17:44,969 [pool-388-thread-1] INFO  server.RaftServerConfigKeys (ConfUtils.java:logGet(44)) - raft.server.log.segment.cache.num.max = 2 (custom)
2021-08-14 01:17:44,969 [pool-388-thread-1] INFO  server.RaftServerConfigKeys (ConfUtils.java:logGet(44)) - raft.server.log.segment.cache.size.max = 200MB (=209715200) (default)
2021-08-14 01:17:44,969 [pool-388-thread-1] INFO  segmented.SegmentedRaftLogWorker (SegmentedRaftLogWorker.java:<init>(182)) - new 16b55799-b12f-451a-a7a5-0c9446c424d0@group-5A1DB29A2974-SegmentedRaftLogWorker for RaftStorageImpl:Storage Directory /home/runner/work/ozone/ozone/hadoop-ozone/integration-test/target/test-dir/MiniOzoneClusterImpl-4aa5cedd-5a93-4d09-91c0-161c6537f610/datanode-1/data/ratis/5586f31b-ad38-42f4-bdf6-5a1db29a2974
2021-08-14 01:17:44,969 [pool-388-thread-1] INFO  server.RaftServerConfigKeys (ConfUtils.java:logGet(44)) - raft.server.log.queue.byte-limit = 2147483647 (custom)
2021-08-14 01:17:44,970 [pool-388-thread-1] INFO  server.RaftServerConfigKeys (ConfUtils.java:logGet(44)) - raft.server.log.queue.element-limit = 1024 (custom)
2021-08-14 01:17:44,970 [pool-388-thread-1] INFO  server.RaftServerConfigKeys (ConfUtils.java:logGet(44)) - raft.server.log.segment.size.max = 1048576 (custom)
2021-08-14 01:17:44,970 [pool-388-thread-1] INFO  server.RaftServerConfigKeys (ConfUtils.java:logGet(44)) - raft.server.log.preallocated.size = 16384 (custom)
2021-08-14 01:17:44,970 [pool-388-thread-1] INFO  server.RaftServerConfigKeys (ConfUtils.java:logGet(44)) - raft.server.log.force.sync.num = 128 (default)
2021-08-14 01:17:44,970 [pool-388-thread-1] INFO  server.RaftServerConfigKeys (ConfUtils.java:logGet(44)) - raft.server.log.statemachine.data.sync = true (default)
2021-08-14 01:17:44,970 [pool-388-thread-1] INFO  server.RaftServerConfigKeys (ConfUtils.java:logGet(44)) - raft.server.log.statemachine.data.sync.timeout = 10s (default)
2021-08-14 01:17:44,970 [pool-388-thread-1] INFO  server.RaftServerConfigKeys (ConfUtils.java:logGet(44)) - raft.server.log.statemachine.data.sync.timeout.retry = -1 (default)
2021-08-14 01:17:44,971 [pool-388-thread-1] INFO  server.RaftServerConfigKeys (ConfUtils.java:logGet(44)) - raft.server.log.write.buffer.size = 1048576 (custom)
2021-08-14 01:17:44,971 [pool-388-thread-1] INFO  server.RaftServerConfigKeys (ConfUtils.java:logGet(44)) - raft.server.log.statemachine.data.caching.enabled = true (custom)
2021-08-14 01:17:44,971 [pool-388-thread-1] INFO  segmented.SegmentedRaftLogWorker (SegmentedRaftLogWorker.java:lambda$new$0(133)) - 16b55799-b12f-451a-a7a5-0c9446c424d0@group-5A1DB29A2974-SegmentedRaftLogWorker: flushIndex: setUnconditionally 0 -> -1
2021-08-14 01:17:44,972 [pool-388-thread-1] INFO  segmented.SegmentedRaftLogWorker (SegmentedRaftLogWorker.java:lambda$new$0(133)) - 16b55799-b12f-451a-a7a5-0c9446c424d0@group-5A1DB29A2974-SegmentedRaftLogWorker: safeCacheEvictIndex: setUnconditionally 0 -> -1
2021-08-14 01:17:44,975 [pool-388-thread-1] INFO  server.RaftServerConfigKeys (ConfUtils.java:logGet(44)) - raft.server.snapshot.auto.trigger.enabled = true (custom)
2021-08-14 01:17:44,975 [pool-388-thread-1] INFO  server.RaftServerConfigKeys (ConfUtils.java:logGet(44)) - raft.server.snapshot.auto.trigger.threshold = 10000 (custom)
2021-08-14 01:17:44,975 [pool-388-thread-1] INFO  server.RaftServerConfigKeys (ConfUtils.java:logGet(44)) - raft.server.snapshot.retention.file.num = 5 (custom)
2021-08-14 01:17:44,975 [pool-388-thread-1] INFO  server.RaftServerConfigKeys (ConfUtils.java:logGet(44)) - raft.server.log.purge.upto.snapshot.index = false (default)
2021-08-14 01:17:44,975 [pool-388-thread-1] INFO  server.RaftServerConfigKeys (ConfUtils.java:logGet(44)) - raft.server.retrycache.expirytime = 600000ms (custom)
2021-08-14 01:17:44,975 [pool-388-thread-1] INFO  server.RaftServerConfigKeys (ConfUtils.java:logGet(44)) - raft.server.retrycache.statistics.expirytime = 100μs (default)
2021-08-14 01:17:44,976 [pool-388-thread-1] INFO  server.RaftServer$Division (RaftServerImpl.java:start(296)) - 16b55799-b12f-451a-a7a5-0c9446c424d0@group-5A1DB29A2974: start as a follower, conf=-1: [16b55799-b12f-451a-a7a5-0c9446c424d0|rpc:10.1.0.10:35399|priority:1], old=null
2021-08-14 01:17:44,976 [pool-388-thread-1] INFO  server.RaftServer$Division (RaftServerImpl.java:setRole(285)) - 16b55799-b12f-451a-a7a5-0c9446c424d0@group-5A1DB29A2974: changes role from      null to FOLLOWER at term 0 for startAsFollower
2021-08-14 01:17:44,976 [pool-388-thread-1] INFO  impl.RoleInfo (RoleInfo.java:updateAndGet(130)) - 16b55799-b12f-451a-a7a5-0c9446c424d0: start 16b55799-b12f-451a-a7a5-0c9446c424d0@group-5A1DB29A2974-FollowerState
2021-08-14 01:17:44,981 [pool-388-thread-1] INFO  util.JmxRegister (JmxRegister.java:tryRegister(44)) - Successfully registered JMX Bean with object name Ratis:service=RaftServer,group=group-5A1DB29A2974,id=16b55799-b12f-451a-a7a5-0c9446c424d0
2021-08-14 01:17:44,988 [Command processor thread] INFO  ratis.XceiverServerRatis (XceiverServerRatis.java:addGroup(763)) - Created group PipelineID=5586f31b-ad38-42f4-bdf6-5a1db29a2974
2021-08-14 01:17:44,988 [Command processor thread] INFO  commandhandler.CreatePipelineCommandHandler (CreatePipelineCommandHandler.java:handle(106)) - Created Pipeline RATIS ONE PipelineID=5586f31b-ad38-42f4-bdf6-5a1db29a2974.
2021-08-14 01:17:45,527 [Listener at 127.0.0.1/39751] INFO  ozone.MiniOzoneClusterImpl (MiniOzoneClusterImpl.java:lambda$waitForClusterToBeReady$0(235)) - Nodes are ready. Got 3 of 3 DN Heartbeats.
2021-08-14 01:17:45,527 [Listener at 127.0.0.1/39751] INFO  ozone.MiniOzoneClusterImpl (MiniOzoneClusterImpl.java:lambda$waitForClusterToBeReady$0(238)) - Waiting for cluster to exit safe mode
2021-08-14 01:17:45,527 [Listener at 127.0.0.1/39751] INFO  ozone.MiniOzoneClusterImpl (MiniOzoneClusterImpl.java:lambda$waitForClusterToBeReady$0(240)) - SCM became leader
2021-08-14 01:17:45,576 [Command processor thread] INFO  server.RaftServer (RaftServerProxy.java:addNew(95)) - 3f463b76-9b55-4691-ac7a-6f4d2c8885f5: addNew group-842385F21238:[3f463b76-9b55-4691-ac7a-6f4d2c8885f5|rpc:10.1.0.10:39227|priority:1] returns group-842385F21238:java.util.concurrent.CompletableFuture@67639f9[Not completed]
2021-08-14 01:17:45,576 [pool-407-thread-1] INFO  server.RaftServer$Division (RaftServerImpl.java:<init>(181)) - 3f463b76-9b55-4691-ac7a-6f4d2c8885f5: new RaftServerImpl for group-842385F21238:[3f463b76-9b55-4691-ac7a-6f4d2c8885f5|rpc:10.1.0.10:39227|priority:1] with ContainerStateMachine:uninitialized
2021-08-14 01:17:45,577 [pool-407-thread-1] INFO  server.RaftServerConfigKeys (ConfUtils.java:logGet(44)) - raft.server.rpc.timeout.min = 5s (custom)
2021-08-14 01:17:45,577 [pool-407-thread-1] INFO  server.RaftServerConfigKeys (ConfUtils.java:logGet(44)) - raft.server.rpc.timeout.max = 5200ms (custom)
2021-08-14 01:17:45,577 [pool-407-thread-1] INFO  server.RaftServerConfigKeys (ConfUtils.java:logGet(44)) - raft.server.rpc.sleep.time = 25ms (default)
2021-08-14 01:17:45,577 [pool-407-thread-1] INFO  server.RaftServerConfigKeys (ConfUtils.java:logGet(44)) - raft.server.rpc.slowness.timeout = 300s (custom)
2021-08-14 01:17:45,577 [pool-407-thread-1] INFO  server.RaftServerConfigKeys (ConfUtils.java:logGet(44)) - raft.server.leaderelection.leader.step-down.wait-time = 10s (default)
2021-08-14 01:17:45,577 [pool-407-thread-1] INFO  server.RaftServerConfigKeys (ConfUtils.java:logGet(44)) - raft.server.sleep.deviation.threshold = 300ms (default)
2021-08-14 01:17:45,577 [pool-407-thread-1] INFO  server.RaftServerConfigKeys (ConfUtils.java:logGet(44)) - raft.server.log.appender.install.snapshot.enabled = false (custom)
2021-08-14 01:17:45,577 [pool-407-thread-1] INFO  server.RaftServer$Division (ServerState.java:<init>(105)) - 3f463b76-9b55-4691-ac7a-6f4d2c8885f5@group-842385F21238: ConfigurationManager, init=-1: [3f463b76-9b55-4691-ac7a-6f4d2c8885f5|rpc:10.1.0.10:39227|priority:1], old=null, confs=<EMPTY_MAP>
2021-08-14 01:17:45,577 [pool-407-thread-1] INFO  server.RaftServerConfigKeys (ConfUtils.java:logGet(44)) - raft.server.storage.dir = [/home/runner/work/ozone/ozone/hadoop-ozone/integration-test/target/test-dir/MiniOzoneClusterImpl-4aa5cedd-5a93-4d09-91c0-161c6537f610/datanode-2/data/ratis] (custom)
2021-08-14 01:17:45,577 [pool-407-thread-1] INFO  server.RaftServerConfigKeys (ConfUtils.java:logGet(44)) - raft.server.log.corruption.policy = EXCEPTION (default)
2021-08-14 01:17:45,577 [pool-407-thread-1] INFO  server.RaftServerConfigKeys (ConfUtils.java:logGet(44)) - raft.server.storage.free-space.min = 0MB (=0) (default)
2021-08-14 01:17:45,578 [pool-407-thread-1] INFO  storage.RaftStorageDirectory (RaftStorageDirectoryImpl.java:analyzeStorage(135)) - The storage directory /home/runner/work/ozone/ozone/hadoop-ozone/integration-test/target/test-dir/MiniOzoneClusterImpl-4aa5cedd-5a93-4d09-91c0-161c6537f610/datanode-2/data/ratis/ee60c536-3123-4f03-8098-842385f21238 does not exist. Creating ...
2021-08-14 01:17:45,580 [pool-407-thread-1] INFO  storage.RaftStorageDirectory (RaftStorageDirectoryImpl.java:tryLock(230)) - Lock on /home/runner/work/ozone/ozone/hadoop-ozone/integration-test/target/test-dir/MiniOzoneClusterImpl-4aa5cedd-5a93-4d09-91c0-161c6537f610/datanode-2/data/ratis/ee60c536-3123-4f03-8098-842385f21238/in_use.lock acquired by nodename 21186@fv-az395-768
2021-08-14 01:17:45,581 [pool-407-thread-1] INFO  storage.RaftStorage (RaftStorageImpl.java:format(89)) - Storage directory /home/runner/work/ozone/ozone/hadoop-ozone/integration-test/target/test-dir/MiniOzoneClusterImpl-4aa5cedd-5a93-4d09-91c0-161c6537f610/datanode-2/data/ratis/ee60c536-3123-4f03-8098-842385f21238 has been successfully formatted.
2021-08-14 01:17:45,581 [pool-407-thread-1] INFO  ratis.ContainerStateMachine (ContainerStateMachine.java:loadSnapshot(225)) - group-842385F21238: The snapshot info is null. Setting the last applied indexto:(t:0, i:~)
2021-08-14 01:17:45,581 [pool-407-thread-1] INFO  server.RaftServerConfigKeys (ConfUtils.java:logGet(44)) - raft.server.notification.no-leader.timeout = 300s (custom)
2021-08-14 01:17:45,582 [pool-407-thread-1] INFO  server.RaftServerConfigKeys (ConfUtils.java:logGet(44)) - raft.server.log.use.memory = false (default)
2021-08-14 01:17:45,582 [pool-407-thread-1] INFO  server.RaftServerConfigKeys (ConfUtils.java:logGet(44)) - raft.server.log.purge.gap = 1000000 (custom)
2021-08-14 01:17:45,582 [pool-407-thread-1] INFO  server.RaftServerConfigKeys (ConfUtils.java:logGet(44)) - raft.server.log.appender.buffer.byte-limit = 33554432 (custom)
2021-08-14 01:17:45,582 [pool-407-thread-1] INFO  server.RaftServerConfigKeys (ConfUtils.java:logGet(44)) - raft.server.log.segment.size.max = 1048576 (custom)
2021-08-14 01:17:45,582 [pool-407-thread-1] INFO  server.RaftServerConfigKeys (ConfUtils.java:logGet(44)) - raft.server.log.segment.cache.num.max = 2 (custom)
2021-08-14 01:17:45,582 [pool-407-thread-1] INFO  server.RaftServerConfigKeys (ConfUtils.java:logGet(44)) - raft.server.log.segment.cache.size.max = 200MB (=209715200) (default)
2021-08-14 01:17:45,582 [pool-407-thread-1] INFO  segmented.SegmentedRaftLogWorker (SegmentedRaftLogWorker.java:<init>(182)) - new 3f463b76-9b55-4691-ac7a-6f4d2c8885f5@group-842385F21238-SegmentedRaftLogWorker for RaftStorageImpl:Storage Directory /home/runner/work/ozone/ozone/hadoop-ozone/integration-test/target/test-dir/MiniOzoneClusterImpl-4aa5cedd-5a93-4d09-91c0-161c6537f610/datanode-2/data/ratis/ee60c536-3123-4f03-8098-842385f21238
2021-08-14 01:17:45,582 [pool-407-thread-1] INFO  server.RaftServerConfigKeys (ConfUtils.java:logGet(44)) - raft.server.log.queue.byte-limit = 2147483647 (custom)
2021-08-14 01:17:45,582 [pool-407-thread-1] INFO  server.RaftServerConfigKeys (ConfUtils.java:logGet(44)) - raft.server.log.queue.element-limit = 1024 (custom)
2021-08-14 01:17:45,582 [pool-407-thread-1] INFO  server.RaftServerConfigKeys (ConfUtils.java:logGet(44)) - raft.server.log.segment.size.max = 1048576 (custom)
2021-08-14 01:17:45,582 [pool-407-thread-1] INFO  server.RaftServerConfigKeys (ConfUtils.java:logGet(44)) - raft.server.log.preallocated.size = 16384 (custom)
2021-08-14 01:17:45,583 [pool-407-thread-1] INFO  server.RaftServerConfigKeys (ConfUtils.java:logGet(44)) - raft.server.log.force.sync.num = 128 (default)
2021-08-14 01:17:45,583 [pool-407-thread-1] INFO  server.RaftServerConfigKeys (ConfUtils.java:logGet(44)) - raft.server.log.statemachine.data.sync = true (default)
2021-08-14 01:17:45,583 [pool-407-thread-1] INFO  server.RaftServerConfigKeys (ConfUtils.java:logGet(44)) - raft.server.log.statemachine.data.sync.timeout = 10s (default)
2021-08-14 01:17:45,583 [pool-407-thread-1] INFO  server.RaftServerConfigKeys (ConfUtils.java:logGet(44)) - raft.server.log.statemachine.data.sync.timeout.retry = -1 (default)
2021-08-14 01:17:45,583 [pool-407-thread-1] INFO  server.RaftServerConfigKeys (ConfUtils.java:logGet(44)) - raft.server.log.write.buffer.size = 1048576 (custom)
2021-08-14 01:17:45,584 [pool-407-thread-1] INFO  server.RaftServerConfigKeys (ConfUtils.java:logGet(44)) - raft.server.log.statemachine.data.caching.enabled = true (custom)
2021-08-14 01:17:45,584 [pool-407-thread-1] INFO  segmented.SegmentedRaftLogWorker (SegmentedRaftLogWorker.java:lambda$new$0(133)) - 3f463b76-9b55-4691-ac7a-6f4d2c8885f5@group-842385F21238-SegmentedRaftLogWorker: flushIndex: setUnconditionally 0 -> -1
2021-08-14 01:17:45,584 [pool-407-thread-1] INFO  segmented.SegmentedRaftLogWorker (SegmentedRaftLogWorker.java:lambda$new$0(133)) - 3f463b76-9b55-4691-ac7a-6f4d2c8885f5@group-842385F21238-SegmentedRaftLogWorker: safeCacheEvictIndex: setUnconditionally 0 -> -1
2021-08-14 01:17:45,585 [Datanode State Machine Thread - 0] WARN  statemachine.StateContext (StateContext.java:execute(621)) - No available thread in pool for past 1 seconds.
2021-08-14 01:17:45,587 [EventQueue-PipelineReportForPipelineReportHandler] INFO  pipeline.PipelineManagerImpl (PipelineManagerImpl.java:openPipeline(283)) - Pipeline Pipeline[ Id: ee60c536-3123-4f03-8098-842385f21238, Nodes: 3f463b76-9b55-4691-ac7a-6f4d2c8885f5{ip: 10.1.0.10, host: fv-az395-768.zfmzfyrfkyou3ow0tsr0jxwq1e.bx.internal.cloudapp.net, ports: [REPLICATION=35707, RATIS=39227, RATIS_ADMIN=39227, RATIS_SERVER=39227, STANDALONE=44605], networkLocation: /default-rack, certSerialId: null, persistedOpState: IN_SERVICE, persistedOpStateExpiryEpochSec: 0}, ReplicationConfig: RATIS/ONE, State:ALLOCATED, leaderId:3f463b76-9b55-4691-ac7a-6f4d2c8885f5, CreationTimestamp2021-08-14T01:17:42.584Z[Etc/UTC]] moved to OPEN state
2021-08-14 01:17:45,587 [EventQueue-OpenPipelineForHealthyPipelineSafeModeRule] INFO  safemode.SCMSafeModeManager (HealthyPipelineSafeModeRule.java:process(124)) - SCM in safe mode. Healthy pipelines reported count is 0, required healthy pipeline reported count is 1
2021-08-14 01:17:45,593 [pool-407-thread-1] INFO  server.RaftServerConfigKeys (ConfUtils.java:logGet(44)) - raft.server.snapshot.auto.trigger.enabled = true (custom)
2021-08-14 01:17:45,598 [pool-407-thread-1] INFO  server.RaftServerConfigKeys (ConfUtils.java:logGet(44)) - raft.server.snapshot.auto.trigger.threshold = 10000 (custom)
2021-08-14 01:17:45,598 [pool-407-thread-1] INFO  server.RaftServerConfigKeys (ConfUtils.java:logGet(44)) - raft.server.snapshot.retention.file.num = 5 (custom)
2021-08-14 01:17:45,598 [pool-407-thread-1] INFO  server.RaftServerConfigKeys (ConfUtils.java:logGet(44)) - raft.server.log.purge.upto.snapshot.index = false (default)
2021-08-14 01:17:45,598 [pool-407-thread-1] INFO  server.RaftServerConfigKeys (ConfUtils.java:logGet(44)) - raft.server.retrycache.expirytime = 600000ms (custom)
2021-08-14 01:17:45,598 [pool-407-thread-1] INFO  server.RaftServerConfigKeys (ConfUtils.java:logGet(44)) - raft.server.retrycache.statistics.expirytime = 100μs (default)
2021-08-14 01:17:45,599 [pool-407-thread-1] INFO  server.RaftServer$Division (RaftServerImpl.java:start(296)) - 3f463b76-9b55-4691-ac7a-6f4d2c8885f5@group-842385F21238: start as a follower, conf=-1: [3f463b76-9b55-4691-ac7a-6f4d2c8885f5|rpc:10.1.0.10:39227|priority:1], old=null
2021-08-14 01:17:45,599 [pool-407-thread-1] INFO  server.RaftServer$Division (RaftServerImpl.java:setRole(285)) - 3f463b76-9b55-4691-ac7a-6f4d2c8885f5@group-842385F21238: changes role from      null to FOLLOWER at term 0 for startAsFollower
2021-08-14 01:17:45,599 [pool-407-thread-1] INFO  impl.RoleInfo (RoleInfo.java:updateAndGet(130)) - 3f463b76-9b55-4691-ac7a-6f4d2c8885f5: start 3f463b76-9b55-4691-ac7a-6f4d2c8885f5@group-842385F21238-FollowerState
2021-08-14 01:17:45,609 [pool-407-thread-1] INFO  util.JmxRegister (JmxRegister.java:tryRegister(44)) - Successfully registered JMX Bean with object name Ratis:service=RaftServer,group=group-842385F21238,id=3f463b76-9b55-4691-ac7a-6f4d2c8885f5
2021-08-14 01:17:45,620 [Command processor thread] INFO  ratis.XceiverServerRatis (XceiverServerRatis.java:addGroup(763)) - Created group PipelineID=ee60c536-3123-4f03-8098-842385f21238
2021-08-14 01:17:45,620 [Command processor thread] INFO  commandhandler.CreatePipelineCommandHandler (CreatePipelineCommandHandler.java:handle(106)) - Created Pipeline RATIS ONE PipelineID=ee60c536-3123-4f03-8098-842385f21238.
2021-08-14 01:17:46,527 [Listener at 127.0.0.1/39751] INFO  ozone.MiniOzoneClusterImpl (MiniOzoneClusterImpl.java:lambda$waitForClusterToBeReady$0(235)) - Nodes are ready. Got 3 of 3 DN Heartbeats.
2021-08-14 01:17:46,528 [Listener at 127.0.0.1/39751] INFO  ozone.MiniOzoneClusterImpl (MiniOzoneClusterImpl.java:lambda$waitForClusterToBeReady$0(238)) - Waiting for cluster to exit safe mode
2021-08-14 01:17:46,528 [Listener at 127.0.0.1/39751] INFO  ozone.MiniOzoneClusterImpl (MiniOzoneClusterImpl.java:lambda$waitForClusterToBeReady$0(240)) - SCM became leader
2021-08-14 01:17:47,528 [Listener at 127.0.0.1/39751] INFO  ozone.MiniOzoneClusterImpl (MiniOzoneClusterImpl.java:lambda$waitForClusterToBeReady$0(235)) - Nodes are ready. Got 3 of 3 DN Heartbeats.
2021-08-14 01:17:47,528 [Listener at 127.0.0.1/39751] INFO  ozone.MiniOzoneClusterImpl (MiniOzoneClusterImpl.java:lambda$waitForClusterToBeReady$0(238)) - Waiting for cluster to exit safe mode
2021-08-14 01:17:47,528 [Listener at 127.0.0.1/39751] INFO  ozone.MiniOzoneClusterImpl (MiniOzoneClusterImpl.java:lambda$waitForClusterToBeReady$0(240)) - SCM became leader
2021-08-14 01:17:48,528 [Listener at 127.0.0.1/39751] INFO  ozone.MiniOzoneClusterImpl (MiniOzoneClusterImpl.java:lambda$waitForClusterToBeReady$0(235)) - Nodes are ready. Got 3 of 3 DN Heartbeats.
2021-08-14 01:17:48,529 [Listener at 127.0.0.1/39751] INFO  ozone.MiniOzoneClusterImpl (MiniOzoneClusterImpl.java:lambda$waitForClusterToBeReady$0(238)) - Waiting for cluster to exit safe mode
2021-08-14 01:17:48,529 [Listener at 127.0.0.1/39751] INFO  ozone.MiniOzoneClusterImpl (MiniOzoneClusterImpl.java:lambda$waitForClusterToBeReady$0(240)) - SCM became leader
2021-08-14 01:17:49,527 [1916d96e-2259-41cb-b531-e74b04e27058@group-D84F8DBF4B95-FollowerState] INFO  impl.FollowerState (FollowerState.java:run(134)) - 1916d96e-2259-41cb-b531-e74b04e27058@group-D84F8DBF4B95-FollowerState: change to CANDIDATE, lastRpcElapsedTime:5079100951ns, electionTimeout:5078ms
2021-08-14 01:17:49,528 [1916d96e-2259-41cb-b531-e74b04e27058@group-D84F8DBF4B95-FollowerState] INFO  impl.RoleInfo (RoleInfo.java:shutdownFollowerState(108)) - 1916d96e-2259-41cb-b531-e74b04e27058: shutdown 1916d96e-2259-41cb-b531-e74b04e27058@group-D84F8DBF4B95-FollowerState
2021-08-14 01:17:49,528 [1916d96e-2259-41cb-b531-e74b04e27058@group-D84F8DBF4B95-FollowerState] INFO  server.RaftServer$Division (RaftServerImpl.java:setRole(285)) - 1916d96e-2259-41cb-b531-e74b04e27058@group-D84F8DBF4B95: changes role from  FOLLOWER to CANDIDATE at term 0 for changeToCandidate
2021-08-14 01:17:49,529 [1916d96e-2259-41cb-b531-e74b04e27058@group-D84F8DBF4B95-FollowerState] INFO  server.RaftServerConfigKeys (ConfUtils.java:logGet(44)) - raft.server.leaderelection.pre-vote = false (custom)
2021-08-14 01:17:49,529 [Listener at 127.0.0.1/39751] INFO  ozone.MiniOzoneClusterImpl (MiniOzoneClusterImpl.java:lambda$waitForClusterToBeReady$0(235)) - Nodes are ready. Got 3 of 3 DN Heartbeats.
2021-08-14 01:17:49,529 [Listener at 127.0.0.1/39751] INFO  ozone.MiniOzoneClusterImpl (MiniOzoneClusterImpl.java:lambda$waitForClusterToBeReady$0(238)) - Waiting for cluster to exit safe mode
2021-08-14 01:17:49,529 [Listener at 127.0.0.1/39751] INFO  ozone.MiniOzoneClusterImpl (MiniOzoneClusterImpl.java:lambda$waitForClusterToBeReady$0(240)) - SCM became leader
2021-08-14 01:17:49,529 [1916d96e-2259-41cb-b531-e74b04e27058@group-D84F8DBF4B95-FollowerState] INFO  impl.RoleInfo (RoleInfo.java:updateAndGet(130)) - 1916d96e-2259-41cb-b531-e74b04e27058: start 1916d96e-2259-41cb-b531-e74b04e27058@group-D84F8DBF4B95-LeaderElection26
2021-08-14 01:17:49,555 [1916d96e-2259-41cb-b531-e74b04e27058@group-D84F8DBF4B95-LeaderElection26] INFO  impl.LeaderElection (LeaderElection.java:askForVotes(306)) - 1916d96e-2259-41cb-b531-e74b04e27058@group-D84F8DBF4B95-LeaderElection26 ELECTION round 0: submit vote requests at term 1 for -1: [1916d96e-2259-41cb-b531-e74b04e27058|rpc:10.1.0.10:45569|priority:1], old=null
2021-08-14 01:17:49,555 [1916d96e-2259-41cb-b531-e74b04e27058@group-D84F8DBF4B95-LeaderElection26] INFO  impl.LeaderElection (LeaderElection.java:askForVotes(308)) - 1916d96e-2259-41cb-b531-e74b04e27058@group-D84F8DBF4B95-LeaderElection26 ELECTION round 0: result PASSED (term=1)
2021-08-14 01:17:49,555 [1916d96e-2259-41cb-b531-e74b04e27058@group-D84F8DBF4B95-LeaderElection26] INFO  impl.RoleInfo (RoleInfo.java:shutdownLeaderElection(121)) - 1916d96e-2259-41cb-b531-e74b04e27058: shutdown 1916d96e-2259-41cb-b531-e74b04e27058@group-D84F8DBF4B95-LeaderElection26
2021-08-14 01:17:49,555 [1916d96e-2259-41cb-b531-e74b04e27058@group-D84F8DBF4B95-LeaderElection26] INFO  server.RaftServer$Division (RaftServerImpl.java:setRole(285)) - 1916d96e-2259-41cb-b531-e74b04e27058@group-D84F8DBF4B95: changes role from CANDIDATE to LEADER at term 1 for changeToLeader
2021-08-14 01:17:49,556 [1916d96e-2259-41cb-b531-e74b04e27058@group-D84F8DBF4B95-LeaderElection26] INFO  ratis.XceiverServerRatis (XceiverServerRatis.java:handleLeaderChangedNotification(861)) - Leader change notification received for group: group-D84F8DBF4B95 with new leaderId: 1916d96e-2259-41cb-b531-e74b04e27058
2021-08-14 01:17:49,556 [1916d96e-2259-41cb-b531-e74b04e27058@group-D84F8DBF4B95-LeaderElection26] INFO  server.RaftServer$Division (ServerState.java:setLeader(285)) - 1916d96e-2259-41cb-b531-e74b04e27058@group-D84F8DBF4B95: change Leader from null to 1916d96e-2259-41cb-b531-e74b04e27058 at term 1 for becomeLeader, leader elected after 5112ms
2021-08-14 01:17:49,556 [1916d96e-2259-41cb-b531-e74b04e27058@group-D84F8DBF4B95-LeaderElection26] INFO  server.RaftServerConfigKeys (ConfUtils.java:logGet(44)) - raft.server.staging.catchup.gap = 1000 (default)
2021-08-14 01:17:49,556 [Datanode State Machine Thread - 0] WARN  statemachine.StateContext (StateContext.java:execute(621)) - No available thread in pool for past 1 seconds.
2021-08-14 01:17:49,556 [1916d96e-2259-41cb-b531-e74b04e27058@group-D84F8DBF4B95-LeaderElection26] INFO  server.RaftServerConfigKeys (ConfUtils.java:logGet(44)) - raft.server.write.element-limit = 1024 (custom)
2021-08-14 01:17:49,556 [1916d96e-2259-41cb-b531-e74b04e27058@group-D84F8DBF4B95-LeaderElection26] INFO  server.RaftServerConfigKeys (ConfUtils.java:logGet(44)) - raft.server.write.byte-limit = 1024 M (=1073741824) (custom)
2021-08-14 01:17:49,557 [1916d96e-2259-41cb-b531-e74b04e27058@group-D84F8DBF4B95-LeaderElection26] INFO  server.RaftServerConfigKeys (ConfUtils.java:logGet(44)) - raft.server.watch.timeout = 180s (custom)
2021-08-14 01:17:49,557 [1916d96e-2259-41cb-b531-e74b04e27058@group-D84F8DBF4B95-LeaderElection26] INFO  server.RaftServerConfigKeys (ConfUtils.java:logGet(44)) - raft.server.watch.timeout.denomination = 1s (default)
2021-08-14 01:17:49,557 [1916d96e-2259-41cb-b531-e74b04e27058@group-D84F8DBF4B95-LeaderElection26] INFO  server.RaftServerConfigKeys (ConfUtils.java:logGet(44)) - raft.server.watch.element-limit = 65536 (default)
2021-08-14 01:17:49,558 [1916d96e-2259-41cb-b531-e74b04e27058@group-D84F8DBF4B95-LeaderElection26] INFO  impl.RoleInfo (RoleInfo.java:updateAndGet(130)) - 1916d96e-2259-41cb-b531-e74b04e27058: start 1916d96e-2259-41cb-b531-e74b04e27058@group-D84F8DBF4B95-LeaderStateImpl
2021-08-14 01:17:49,558 [EventQueue-OpenPipelineForHealthyPipelineSafeModeRule] INFO  safemode.SCMSafeModeManager (HealthyPipelineSafeModeRule.java:process(124)) - SCM in safe mode. Healthy pipelines reported count is 0, required healthy pipeline reported count is 1
2021-08-14 01:17:49,558 [1916d96e-2259-41cb-b531-e74b04e27058@group-D84F8DBF4B95-LeaderElection26] INFO  segmented.SegmentedRaftLogWorker (SegmentedRaftLogWorker.java:startLogSegment(394)) - 1916d96e-2259-41cb-b531-e74b04e27058@group-D84F8DBF4B95-SegmentedRaftLogWorker: Starting segment from index:0
2021-08-14 01:17:49,559 [1916d96e-2259-41cb-b531-e74b04e27058@group-1889914824F7-FollowerState] INFO  impl.FollowerState (FollowerState.java:run(134)) - 1916d96e-2259-41cb-b531-e74b04e27058@group-1889914824F7-FollowerState: change to CANDIDATE, lastRpcElapsedTime:5071060987ns, electionTimeout:5064ms
2021-08-14 01:17:49,559 [1916d96e-2259-41cb-b531-e74b04e27058@group-1889914824F7-FollowerState] INFO  impl.RoleInfo (RoleInfo.java:shutdownFollowerState(108)) - 1916d96e-2259-41cb-b531-e74b04e27058: shutdown 1916d96e-2259-41cb-b531-e74b04e27058@group-1889914824F7-FollowerState
2021-08-14 01:17:49,559 [1916d96e-2259-41cb-b531-e74b04e27058@group-1889914824F7-FollowerState] INFO  server.RaftServer$Division (RaftServerImpl.java:setRole(285)) - 1916d96e-2259-41cb-b531-e74b04e27058@group-1889914824F7: changes role from  FOLLOWER to CANDIDATE at term 0 for changeToCandidate
2021-08-14 01:17:49,559 [1916d96e-2259-41cb-b531-e74b04e27058@group-1889914824F7-FollowerState] INFO  server.RaftServerConfigKeys (ConfUtils.java:logGet(44)) - raft.server.leaderelection.pre-vote = false (custom)
2021-08-14 01:17:49,559 [1916d96e-2259-41cb-b531-e74b04e27058@group-1889914824F7-FollowerState] INFO  impl.RoleInfo (RoleInfo.java:updateAndGet(130)) - 1916d96e-2259-41cb-b531-e74b04e27058: start 1916d96e-2259-41cb-b531-e74b04e27058@group-1889914824F7-LeaderElection27
2021-08-14 01:17:49,568 [1916d96e-2259-41cb-b531-e74b04e27058@group-D84F8DBF4B95-LeaderElection26] INFO  server.RaftServer$Division (ServerState.java:setRaftConf(387)) - 1916d96e-2259-41cb-b531-e74b04e27058@group-D84F8DBF4B95: set configuration 0: [1916d96e-2259-41cb-b531-e74b04e27058|rpc:10.1.0.10:45569|dataStream:|priority:1], old=null
2021-08-14 01:17:49,576 [1916d96e-2259-41cb-b531-e74b04e27058@group-D84F8DBF4B95-SegmentedRaftLogWorker] INFO  segmented.SegmentedRaftLogWorker (SegmentedRaftLogWorker.java:execute(601)) - 1916d96e-2259-41cb-b531-e74b04e27058@group-D84F8DBF4B95-SegmentedRaftLogWorker: created new log segment /home/runner/work/ozone/ozone/hadoop-ozone/integration-test/target/test-dir/MiniOzoneClusterImpl-4aa5cedd-5a93-4d09-91c0-161c6537f610/datanode-0/data/ratis/775adbd9-a29f-4839-b155-d84f8dbf4b95/current/log_inprogress_0
2021-08-14 01:17:49,585 [1916d96e-2259-41cb-b531-e74b04e27058@group-1889914824F7-LeaderElection27] INFO  impl.LeaderElection (LeaderElection.java:askForVotes(306)) - 1916d96e-2259-41cb-b531-e74b04e27058@group-1889914824F7-LeaderElection27 ELECTION round 0: submit vote requests at term 1 for -1: [3f463b76-9b55-4691-ac7a-6f4d2c8885f5|rpc:10.1.0.10:39227|priority:0, 1916d96e-2259-41cb-b531-e74b04e27058|rpc:10.1.0.10:45569|priority:1, 16b55799-b12f-451a-a7a5-0c9446c424d0|rpc:10.1.0.10:35399|priority:0], old=null
2021-08-14 01:17:49,617 [grpc-default-executor-1] INFO  server.RaftServer$Division (RaftServerImpl.java:requestVote(1043)) - 3f463b76-9b55-4691-ac7a-6f4d2c8885f5@group-1889914824F7: receive requestVote(ELECTION, 1916d96e-2259-41cb-b531-e74b04e27058, group-1889914824F7, 1, (t:0, i:0))
2021-08-14 01:17:49,617 [grpc-default-executor-1] INFO  impl.VoteContext (VoteContext.java:log(48)) - 3f463b76-9b55-4691-ac7a-6f4d2c8885f5@group-1889914824F7-FOLLOWER: accept ELECTION from 1916d96e-2259-41cb-b531-e74b04e27058: our priority 0 <= candidate's priority 1
2021-08-14 01:17:49,617 [grpc-default-executor-1] INFO  server.RaftServer$Division (RaftServerImpl.java:setRole(285)) - 3f463b76-9b55-4691-ac7a-6f4d2c8885f5@group-1889914824F7: changes role from  FOLLOWER to FOLLOWER at term 1 for candidate:1916d96e-2259-41cb-b531-e74b04e27058
2021-08-14 01:17:49,617 [grpc-default-executor-1] INFO  impl.RoleInfo (RoleInfo.java:shutdownFollowerState(108)) - 3f463b76-9b55-4691-ac7a-6f4d2c8885f5: shutdown 3f463b76-9b55-4691-ac7a-6f4d2c8885f5@group-1889914824F7-FollowerState
2021-08-14 01:17:49,618 [3f463b76-9b55-4691-ac7a-6f4d2c8885f5@group-1889914824F7-FollowerState] INFO  impl.FollowerState (FollowerState.java:run(143)) - 3f463b76-9b55-4691-ac7a-6f4d2c8885f5@group-1889914824F7-FollowerState was interrupted: {}
java.lang.InterruptedException: sleep interrupted
	at java.lang.Thread.sleep(Native Method)
	at java.lang.Thread.sleep(Thread.java:340)
	at java.util.concurrent.TimeUnit.sleep(TimeUnit.java:386)
	at org.apache.ratis.util.TimeDuration.sleep(TimeDuration.java:324)
	at org.apache.ratis.util.TimeDuration.sleep(TimeDuration.java:309)
	at org.apache.ratis.server.impl.FollowerState.run(FollowerState.java:118)
2021-08-14 01:17:49,618 [grpc-default-executor-1] INFO  impl.RoleInfo (RoleInfo.java:updateAndGet(130)) - 3f463b76-9b55-4691-ac7a-6f4d2c8885f5: start 3f463b76-9b55-4691-ac7a-6f4d2c8885f5@group-1889914824F7-FollowerState
2021-08-14 01:17:49,619 [grpc-default-executor-1] INFO  server.RaftServer$Division (RaftServerImpl.java:requestVote(1075)) - 3f463b76-9b55-4691-ac7a-6f4d2c8885f5@group-1889914824F7 replies to ELECTION vote request: 1916d96e-2259-41cb-b531-e74b04e27058<-3f463b76-9b55-4691-ac7a-6f4d2c8885f5#0:OK-t1. Peer's state: 3f463b76-9b55-4691-ac7a-6f4d2c8885f5@group-1889914824F7:t1, leader=null, voted=1916d96e-2259-41cb-b531-e74b04e27058, raftlog=3f463b76-9b55-4691-ac7a-6f4d2c8885f5@group-1889914824F7-SegmentedRaftLog:OPENED:c-1,f-1,i0, conf=-1: [3f463b76-9b55-4691-ac7a-6f4d2c8885f5|rpc:10.1.0.10:39227|dataStream:|priority:0, 1916d96e-2259-41cb-b531-e74b04e27058|rpc:10.1.0.10:45569|dataStream:|priority:1, 16b55799-b12f-451a-a7a5-0c9446c424d0|rpc:10.1.0.10:35399|dataStream:|priority:0], old=null
2021-08-14 01:17:49,632 [1916d96e-2259-41cb-b531-e74b04e27058@group-1889914824F7-LeaderElection27] INFO  impl.LeaderElection (LeaderElection.java:logAndReturn(89)) - 1916d96e-2259-41cb-b531-e74b04e27058@group-1889914824F7-LeaderElection27: ELECTION PASSED received 1 response(s) and 0 exception(s):
2021-08-14 01:17:49,632 [1916d96e-2259-41cb-b531-e74b04e27058@group-1889914824F7-LeaderElection27] INFO  impl.LeaderElection (LeaderElection.java:logAndReturn(93)) -   Response 0: 1916d96e-2259-41cb-b531-e74b04e27058<-3f463b76-9b55-4691-ac7a-6f4d2c8885f5#0:OK-t1
2021-08-14 01:17:49,632 [1916d96e-2259-41cb-b531-e74b04e27058@group-1889914824F7-LeaderElection27] INFO  impl.LeaderElection (LeaderElection.java:askForVotes(308)) - 1916d96e-2259-41cb-b531-e74b04e27058@group-1889914824F7-LeaderElection27 ELECTION round 0: result PASSED
2021-08-14 01:17:49,632 [1916d96e-2259-41cb-b531-e74b04e27058@group-1889914824F7-LeaderElection27] INFO  impl.RoleInfo (RoleInfo.java:shutdownLeaderElection(121)) - 1916d96e-2259-41cb-b531-e74b04e27058: shutdown 1916d96e-2259-41cb-b531-e74b04e27058@group-1889914824F7-LeaderElection27
2021-08-14 01:17:49,632 [1916d96e-2259-41cb-b531-e74b04e27058@group-1889914824F7-LeaderElection27] INFO  server.RaftServer$Division (RaftServerImpl.java:setRole(285)) - 1916d96e-2259-41cb-b531-e74b04e27058@group-1889914824F7: changes role from CANDIDATE to LEADER at term 1 for changeToLeader
2021-08-14 01:17:49,632 [1916d96e-2259-41cb-b531-e74b04e27058@group-1889914824F7-LeaderElection27] INFO  ratis.XceiverServerRatis (XceiverServerRatis.java:handleLeaderChangedNotification(861)) - Leader change notification received for group: group-1889914824F7 with new leaderId: 1916d96e-2259-41cb-b531-e74b04e27058
2021-08-14 01:17:49,632 [1916d96e-2259-41cb-b531-e74b04e27058@group-1889914824F7-LeaderElection27] INFO  server.RaftServer$Division (ServerState.java:setLeader(285)) - 1916d96e-2259-41cb-b531-e74b04e27058@group-1889914824F7: change Leader from null to 1916d96e-2259-41cb-b531-e74b04e27058 at term 1 for becomeLeader, leader elected after 5162ms
2021-08-14 01:17:49,632 [1916d96e-2259-41cb-b531-e74b04e27058@group-1889914824F7-LeaderElection27] INFO  server.RaftServerConfigKeys (ConfUtils.java:logGet(44)) - raft.server.staging.catchup.gap = 1000 (default)
2021-08-14 01:17:49,633 [1916d96e-2259-41cb-b531-e74b04e27058@group-1889914824F7-LeaderElection27] INFO  server.RaftServerConfigKeys (ConfUtils.java:logGet(44)) - raft.server.write.element-limit = 1024 (custom)
2021-08-14 01:17:49,633 [1916d96e-2259-41cb-b531-e74b04e27058@group-1889914824F7-LeaderElection27] INFO  server.RaftServerConfigKeys (ConfUtils.java:logGet(44)) - raft.server.write.byte-limit = 1024 M (=1073741824) (custom)
2021-08-14 01:17:49,633 [1916d96e-2259-41cb-b531-e74b04e27058@group-1889914824F7-LeaderElection27] INFO  server.RaftServerConfigKeys (ConfUtils.java:logGet(44)) - raft.server.watch.timeout = 180s (custom)
2021-08-14 01:17:49,633 [1916d96e-2259-41cb-b531-e74b04e27058@group-1889914824F7-LeaderElection27] INFO  server.RaftServerConfigKeys (ConfUtils.java:logGet(44)) - raft.server.watch.timeout.denomination = 1s (default)
2021-08-14 01:17:49,633 [1916d96e-2259-41cb-b531-e74b04e27058@group-1889914824F7-LeaderElection27] INFO  server.RaftServerConfigKeys (ConfUtils.java:logGet(44)) - raft.server.watch.element-limit = 65536 (default)
2021-08-14 01:17:49,633 [Datanode State Machine Thread - 0] WARN  statemachine.StateContext (StateContext.java:execute(621)) - No available thread in pool for past 1 seconds.
2021-08-14 01:17:49,635 [EventQueue-PipelineReportForPipelineReportHandler] INFO  pipeline.PipelineManagerImpl (PipelineManagerImpl.java:openPipeline(283)) - Pipeline Pipeline[ Id: d2169314-67dc-4954-bb9d-1889914824f7, Nodes: 1916d96e-2259-41cb-b531-e74b04e27058{ip: 10.1.0.10, host: fv-az395-768.zfmzfyrfkyou3ow0tsr0jxwq1e.bx.internal.cloudapp.net, ports: [REPLICATION=36573, RATIS=45569, RATIS_ADMIN=45569, RATIS_SERVER=45569, STANDALONE=40719], networkLocation: /default-rack, certSerialId: null, persistedOpState: IN_SERVICE, persistedOpStateExpiryEpochSec: 0}3f463b76-9b55-4691-ac7a-6f4d2c8885f5{ip: 10.1.0.10, host: fv-az395-768.zfmzfyrfkyou3ow0tsr0jxwq1e.bx.internal.cloudapp.net, ports: [REPLICATION=35707, RATIS=39227, RATIS_ADMIN=39227, RATIS_SERVER=39227, STANDALONE=44605], networkLocation: /default-rack, certSerialId: null, persistedOpState: IN_SERVICE, persistedOpStateExpiryEpochSec: 0}16b55799-b12f-451a-a7a5-0c9446c424d0{ip: 10.1.0.10, host: fv-az395-768.zfmzfyrfkyou3ow0tsr0jxwq1e.bx.internal.cloudapp.net, ports: [REPLICATION=37975, RATIS=35399, RATIS_ADMIN=35399, RATIS_SERVER=35399, STANDALONE=45039], networkLocation: /default-rack, certSerialId: null, persistedOpState: IN_SERVICE, persistedOpStateExpiryEpochSec: 0}, ReplicationConfig: RATIS/THREE, State:ALLOCATED, leaderId:1916d96e-2259-41cb-b531-e74b04e27058, CreationTimestamp2021-08-14T01:17:42.586Z[Etc/UTC]] moved to OPEN state
2021-08-14 01:17:49,634 [1916d96e-2259-41cb-b531-e74b04e27058@group-1889914824F7-LeaderElection27] INFO  server.RaftServerConfigKeys (ConfUtils.java:logGet(44)) - raft.server.log.appender.snapshot.chunk.size.max = 16MB (=16777216) (default)
2021-08-14 01:17:49,641 [1916d96e-2259-41cb-b531-e74b04e27058@group-1889914824F7-LeaderElection27] INFO  server.RaftServerConfigKeys (ConfUtils.java:logGet(44)) - raft.server.log.appender.buffer.byte-limit = 33554432 (custom)
2021-08-14 01:17:49,641 [1916d96e-2259-41cb-b531-e74b04e27058@group-1889914824F7-LeaderElection27] INFO  server.RaftServerConfigKeys (ConfUtils.java:logGet(44)) - raft.server.log.appender.buffer.element-limit = 1 (custom)
2021-08-14 01:17:49,641 [1916d96e-2259-41cb-b531-e74b04e27058@group-1889914824F7-LeaderElection27] INFO  grpc.GrpcConfigKeys (ConfUtils.java:logGet(44)) - raft.grpc.server.leader.outstanding.appends.max = 128 (default)
2021-08-14 01:17:49,641 [EventQueue-OpenPipelineForHealthyPipelineSafeModeRule] INFO  safemode.SCMSafeModeManager (HealthyPipelineSafeModeRule.java:process(124)) - SCM in safe mode. Healthy pipelines reported count is 1, required healthy pipeline reported count is 1
2021-08-14 01:17:49,642 [EventQueue-OpenPipelineForHealthyPipelineSafeModeRule] INFO  safemode.SCMSafeModeManager (SCMSafeModeManager.java:validateSafeModeExitRules(204)) - HealthyPipelineSafeModeRule rule is successfully validated
2021-08-14 01:17:49,642 [EventQueue-OpenPipelineForHealthyPipelineSafeModeRule] INFO  safemode.SCMSafeModeManager (SCMSafeModeManager.java:validateSafeModeExitRules(219)) - ScmSafeModeManager, all rules are successfully validated
2021-08-14 01:17:49,642 [EventQueue-OpenPipelineForHealthyPipelineSafeModeRule] INFO  safemode.SCMSafeModeManager (SCMSafeModeManager.java:exitSafeMode(248)) - SCM exiting safe mode.
2021-08-14 01:17:49,642 [EventQueue-OpenPipelineForHealthyPipelineSafeModeRule] WARN  events.EventQueue (EventQueue.java:fireEvent(194)) - No event handler registered for event TypedEvent{payloadType=SafeModeStatus, name='Safe mode status'}
2021-08-14 01:17:49,642 [EventQueue-OpenPipelineForHealthyPipelineSafeModeRule] INFO  ha.SCMContext (SCMContext.java:updateSafeModeStatus(205)) - Update SafeModeStatus from SafeModeStatus{safeModeStatus=true, preCheckPassed=true} to SafeModeStatus{safeModeStatus=false, preCheckPassed=true}.
2021-08-14 01:17:49,642 [EventQueue-OpenPipelineForHealthyPipelineSafeModeRule] INFO  pipeline.BackgroundPipelineCreator (BackgroundPipelineCreatorV2.java:notifyStatusChanged(264)) - Service BackgroundPipelineCreator transitions to RUNNING.
2021-08-14 01:17:49,642 [EventQueue-OpenPipelineForHealthyPipelineSafeModeRule] INFO  container.ReplicationManager (ReplicationManager.java:notifyStatusChanged(1679)) - Service ReplicationManager transitions to RUNNING.
2021-08-14 01:17:49,641 [1916d96e-2259-41cb-b531-e74b04e27058@group-1889914824F7-LeaderElection27] INFO  server.RaftServerConfigKeys (ConfUtils.java:logGet(44)) - raft.server.rpc.request.timeout = 60s (custom)
2021-08-14 01:17:49,644 [1916d96e-2259-41cb-b531-e74b04e27058@group-1889914824F7-LeaderElection27] INFO  server.RaftServerConfigKeys (ConfUtils.java:logGet(44)) - raft.server.log.appender.install.snapshot.enabled = false (custom)
2021-08-14 01:17:49,645 [1916d96e-2259-41cb-b531-e74b04e27058@group-1889914824F7-LeaderElection27] INFO  server.RaftServerConfigKeys (ConfUtils.java:logGet(44)) - raft.server.log.appender.snapshot.chunk.size.max = 16MB (=16777216) (default)
2021-08-14 01:17:49,645 [1916d96e-2259-41cb-b531-e74b04e27058@group-1889914824F7-LeaderElection27] INFO  server.RaftServerConfigKeys (ConfUtils.java:logGet(44)) - raft.server.log.appender.buffer.byte-limit = 33554432 (custom)
2021-08-14 01:17:49,645 [1916d96e-2259-41cb-b531-e74b04e27058@group-1889914824F7-LeaderElection27] INFO  server.RaftServerConfigKeys (ConfUtils.java:logGet(44)) - raft.server.log.appender.buffer.element-limit = 1 (custom)
2021-08-14 01:17:49,645 [1916d96e-2259-41cb-b531-e74b04e27058@group-1889914824F7-LeaderElection27] INFO  grpc.GrpcConfigKeys (ConfUtils.java:logGet(44)) - raft.grpc.server.leader.outstanding.appends.max = 128 (default)
2021-08-14 01:17:49,645 [1916d96e-2259-41cb-b531-e74b04e27058@group-1889914824F7-LeaderElection27] INFO  server.RaftServerConfigKeys (ConfUtils.java:logGet(44)) - raft.server.rpc.request.timeout = 60s (custom)
2021-08-14 01:17:49,645 [1916d96e-2259-41cb-b531-e74b04e27058@group-1889914824F7-LeaderElection27] INFO  server.RaftServerConfigKeys (ConfUtils.java:logGet(44)) - raft.server.log.appender.install.snapshot.enabled = false (custom)
2021-08-14 01:17:49,646 [1916d96e-2259-41cb-b531-e74b04e27058@group-1889914824F7-LeaderElection27] INFO  impl.RoleInfo (RoleInfo.java:updateAndGet(130)) - 1916d96e-2259-41cb-b531-e74b04e27058: start 1916d96e-2259-41cb-b531-e74b04e27058@group-1889914824F7-LeaderStateImpl
2021-08-14 01:17:49,650 [1916d96e-2259-41cb-b531-e74b04e27058@group-1889914824F7-LeaderElection27] INFO  segmented.SegmentedRaftLogWorker (SegmentedRaftLogWorker.java:startLogSegment(394)) - 1916d96e-2259-41cb-b531-e74b04e27058@group-1889914824F7-SegmentedRaftLogWorker: Starting segment from index:0
2021-08-14 01:17:49,652 [1916d96e-2259-41cb-b531-e74b04e27058@group-1889914824F7-SegmentedRaftLogWorker] INFO  segmented.SegmentedRaftLogWorker (SegmentedRaftLogWorker.java:execute(601)) - 1916d96e-2259-41cb-b531-e74b04e27058@group-1889914824F7-SegmentedRaftLogWorker: created new log segment /home/runner/work/ozone/ozone/hadoop-ozone/integration-test/target/test-dir/MiniOzoneClusterImpl-4aa5cedd-5a93-4d09-91c0-161c6537f610/datanode-0/data/ratis/d2169314-67dc-4954-bb9d-1889914824f7/current/log_inprogress_0
2021-08-14 01:17:49,669 [grpc-default-executor-1] INFO  ratis.XceiverServerRatis (XceiverServerRatis.java:handleLeaderChangedNotification(861)) - Leader change notification received for group: group-1889914824F7 with new leaderId: 1916d96e-2259-41cb-b531-e74b04e27058
2021-08-14 01:17:49,669 [grpc-default-executor-1] INFO  server.RaftServer$Division (ServerState.java:setLeader(285)) - 16b55799-b12f-451a-a7a5-0c9446c424d0@group-1889914824F7: change Leader from null to 1916d96e-2259-41cb-b531-e74b04e27058 at term 1 for appendEntries, leader elected after 4964ms
2021-08-14 01:17:49,676 [grpc-default-executor-0] INFO  ratis.XceiverServerRatis (XceiverServerRatis.java:handleLeaderChangedNotification(861)) - Leader change notification received for group: group-1889914824F7 with new leaderId: 1916d96e-2259-41cb-b531-e74b04e27058
2021-08-14 01:17:49,676 [grpc-default-executor-0] INFO  server.RaftServer$Division (ServerState.java:setLeader(285)) - 3f463b76-9b55-4691-ac7a-6f4d2c8885f5@group-1889914824F7: change Leader from null to 1916d96e-2259-41cb-b531-e74b04e27058 at term 1 for appendEntries, leader elected after 5047ms
2021-08-14 01:17:49,680 [1916d96e-2259-41cb-b531-e74b04e27058@group-1889914824F7-LeaderElection27] INFO  server.RaftServer$Division (ServerState.java:setRaftConf(387)) - 1916d96e-2259-41cb-b531-e74b04e27058@group-1889914824F7: set configuration 0: [3f463b76-9b55-4691-ac7a-6f4d2c8885f5|rpc:10.1.0.10:39227|dataStream:|priority:0, 1916d96e-2259-41cb-b531-e74b04e27058|rpc:10.1.0.10:45569|dataStream:|priority:1, 16b55799-b12f-451a-a7a5-0c9446c424d0|rpc:10.1.0.10:35399|dataStream:|priority:0], old=null
2021-08-14 01:17:49,700 [grpc-default-executor-2] INFO  server.RaftServer$Division (RaftServerImpl.java:requestVote(1043)) - 16b55799-b12f-451a-a7a5-0c9446c424d0@group-1889914824F7: receive requestVote(ELECTION, 1916d96e-2259-41cb-b531-e74b04e27058, group-1889914824F7, 1, (t:0, i:0))
2021-08-14 01:17:49,716 [grpc-default-executor-1] INFO  server.RaftServer$Division (ServerState.java:setRaftConf(387)) - 16b55799-b12f-451a-a7a5-0c9446c424d0@group-1889914824F7: set configuration 0: [3f463b76-9b55-4691-ac7a-6f4d2c8885f5|rpc:10.1.0.10:39227|dataStream:|priority:0, 1916d96e-2259-41cb-b531-e74b04e27058|rpc:10.1.0.10:45569|dataStream:|priority:1, 16b55799-b12f-451a-a7a5-0c9446c424d0|rpc:10.1.0.10:35399|dataStream:|priority:0], old=null
2021-08-14 01:17:49,716 [grpc-default-executor-1] INFO  segmented.SegmentedRaftLogWorker (SegmentedRaftLogWorker.java:startLogSegment(394)) - 16b55799-b12f-451a-a7a5-0c9446c424d0@group-1889914824F7-SegmentedRaftLogWorker: Starting segment from index:0
2021-08-14 01:17:49,716 [grpc-default-executor-0] INFO  server.RaftServer$Division (ServerState.java:setRaftConf(387)) - 3f463b76-9b55-4691-ac7a-6f4d2c8885f5@group-1889914824F7: set configuration 0: [3f463b76-9b55-4691-ac7a-6f4d2c8885f5|rpc:10.1.0.10:39227|dataStream:|priority:0, 1916d96e-2259-41cb-b531-e74b04e27058|rpc:10.1.0.10:45569|dataStream:|priority:1, 16b55799-b12f-451a-a7a5-0c9446c424d0|rpc:10.1.0.10:35399|dataStream:|priority:0], old=null
2021-08-14 01:17:49,717 [grpc-default-executor-0] INFO  segmented.SegmentedRaftLogWorker (SegmentedRaftLogWorker.java:startLogSegment(394)) - 3f463b76-9b55-4691-ac7a-6f4d2c8885f5@group-1889914824F7-SegmentedRaftLogWorker: Starting segment from index:0
2021-08-14 01:17:49,718 [grpc-default-executor-2] INFO  impl.VoteContext (VoteContext.java:log(48)) - 16b55799-b12f-451a-a7a5-0c9446c424d0@group-1889914824F7-FOLLOWER: reject ELECTION from 1916d96e-2259-41cb-b531-e74b04e27058: this server is a follower and still has a valid leader 1916d96e-2259-41cb-b531-e74b04e27058
2021-08-14 01:17:49,718 [grpc-default-executor-2] INFO  server.RaftServer$Division (RaftServerImpl.java:requestVote(1075)) - 16b55799-b12f-451a-a7a5-0c9446c424d0@group-1889914824F7 replies to ELECTION vote request: 1916d96e-2259-41cb-b531-e74b04e27058<-16b55799-b12f-451a-a7a5-0c9446c424d0#0:FAIL-t1. Peer's state: 16b55799-b12f-451a-a7a5-0c9446c424d0@group-1889914824F7:t1, leader=1916d96e-2259-41cb-b531-e74b04e27058, voted=null, raftlog=16b55799-b12f-451a-a7a5-0c9446c424d0@group-1889914824F7-SegmentedRaftLog:OPENED:c-1,f-1,i0, conf=0: [3f463b76-9b55-4691-ac7a-6f4d2c8885f5|rpc:10.1.0.10:39227|dataStream:|priority:0, 1916d96e-2259-41cb-b531-e74b04e27058|rpc:10.1.0.10:45569|dataStream:|priority:1, 16b55799-b12f-451a-a7a5-0c9446c424d0|rpc:10.1.0.10:35399|dataStream:|priority:0], old=null
2021-08-14 01:17:49,721 [3f463b76-9b55-4691-ac7a-6f4d2c8885f5@group-1889914824F7-SegmentedRaftLogWorker] INFO  segmented.SegmentedRaftLogWorker (SegmentedRaftLogWorker.java:execute(601)) - 3f463b76-9b55-4691-ac7a-6f4d2c8885f5@group-1889914824F7-SegmentedRaftLogWorker: created new log segment /home/runner/work/ozone/ozone/hadoop-ozone/integration-test/target/test-dir/MiniOzoneClusterImpl-4aa5cedd-5a93-4d09-91c0-161c6537f610/datanode-2/data/ratis/d2169314-67dc-4954-bb9d-1889914824f7/current/log_inprogress_0
2021-08-14 01:17:49,722 [16b55799-b12f-451a-a7a5-0c9446c424d0@group-1889914824F7-SegmentedRaftLogWorker] INFO  segmented.SegmentedRaftLogWorker (SegmentedRaftLogWorker.java:execute(601)) - 16b55799-b12f-451a-a7a5-0c9446c424d0@group-1889914824F7-SegmentedRaftLogWorker: created new log segment /home/runner/work/ozone/ozone/hadoop-ozone/integration-test/target/test-dir/MiniOzoneClusterImpl-4aa5cedd-5a93-4d09-91c0-161c6537f610/datanode-1/data/ratis/d2169314-67dc-4954-bb9d-1889914824f7/current/log_inprogress_0
2021-08-14 01:17:49,839 [1916d96e-2259-41cb-b531-e74b04e27058@group-791D410474A1-FollowerState] INFO  impl.FollowerState (FollowerState.java:run(134)) - 1916d96e-2259-41cb-b531-e74b04e27058@group-791D410474A1-FollowerState: change to CANDIDATE, lastRpcElapsedTime:5035542104ns, electionTimeout:5027ms
2021-08-14 01:17:49,839 [1916d96e-2259-41cb-b531-e74b04e27058@group-791D410474A1-FollowerState] INFO  impl.RoleInfo (RoleInfo.java:shutdownFollowerState(108)) - 1916d96e-2259-41cb-b531-e74b04e27058: shutdown 1916d96e-2259-41cb-b531-e74b04e27058@group-791D410474A1-FollowerState
2021-08-14 01:17:49,839 [1916d96e-2259-41cb-b531-e74b04e27058@group-791D410474A1-FollowerState] INFO  server.RaftServer$Division (RaftServerImpl.java:setRole(285)) - 1916d96e-2259-41cb-b531-e74b04e27058@group-791D410474A1: changes role from  FOLLOWER to CANDIDATE at term 0 for changeToCandidate
2021-08-14 01:17:49,839 [1916d96e-2259-41cb-b531-e74b04e27058@group-791D410474A1-FollowerState] INFO  server.RaftServerConfigKeys (ConfUtils.java:logGet(44)) - raft.server.leaderelection.pre-vote = false (custom)
2021-08-14 01:17:49,839 [1916d96e-2259-41cb-b531-e74b04e27058@group-791D410474A1-FollowerState] INFO  impl.RoleInfo (RoleInfo.java:updateAndGet(130)) - 1916d96e-2259-41cb-b531-e74b04e27058: start 1916d96e-2259-41cb-b531-e74b04e27058@group-791D410474A1-LeaderElection28
2021-08-14 01:17:49,861 [1916d96e-2259-41cb-b531-e74b04e27058@group-791D410474A1-LeaderElection28] INFO  impl.LeaderElection (LeaderElection.java:askForVotes(306)) - 1916d96e-2259-41cb-b531-e74b04e27058@group-791D410474A1-LeaderElection28 ELECTION round 0: submit vote requests at term 1 for -1: [3f463b76-9b55-4691-ac7a-6f4d2c8885f5|rpc:10.1.0.10:39227|priority:0, 1916d96e-2259-41cb-b531-e74b04e27058|rpc:10.1.0.10:45569|priority:0, 16b55799-b12f-451a-a7a5-0c9446c424d0|rpc:10.1.0.10:35399|priority:1], old=null
2021-08-14 01:17:49,878 [grpc-default-executor-0] INFO  server.RaftServer$Division (RaftServerImpl.java:requestVote(1043)) - 3f463b76-9b55-4691-ac7a-6f4d2c8885f5@group-791D410474A1: receive requestVote(ELECTION, 1916d96e-2259-41cb-b531-e74b04e27058, group-791D410474A1, 1, (t:0, i:0))
2021-08-14 01:17:49,878 [grpc-default-executor-0] INFO  impl.VoteContext (VoteContext.java:log(48)) - 3f463b76-9b55-4691-ac7a-6f4d2c8885f5@group-791D410474A1-FOLLOWER: accept ELECTION from 1916d96e-2259-41cb-b531-e74b04e27058: our priority 0 <= candidate's priority 0
2021-08-14 01:17:49,878 [grpc-default-executor-0] INFO  server.RaftServer$Division (RaftServerImpl.java:setRole(285)) - 3f463b76-9b55-4691-ac7a-6f4d2c8885f5@group-791D410474A1: changes role from  FOLLOWER to FOLLOWER at term 1 for candidate:1916d96e-2259-41cb-b531-e74b04e27058
2021-08-14 01:17:49,878 [grpc-default-executor-0] INFO  impl.RoleInfo (RoleInfo.java:shutdownFollowerState(108)) - 3f463b76-9b55-4691-ac7a-6f4d2c8885f5: shutdown 3f463b76-9b55-4691-ac7a-6f4d2c8885f5@group-791D410474A1-FollowerState
2021-08-14 01:17:49,879 [grpc-default-executor-0] INFO  impl.RoleInfo (RoleInfo.java:updateAndGet(130)) - 3f463b76-9b55-4691-ac7a-6f4d2c8885f5: start 3f463b76-9b55-4691-ac7a-6f4d2c8885f5@group-791D410474A1-FollowerState
2021-08-14 01:17:49,879 [3f463b76-9b55-4691-ac7a-6f4d2c8885f5@group-791D410474A1-FollowerState] INFO  impl.FollowerState (FollowerState.java:run(143)) - 3f463b76-9b55-4691-ac7a-6f4d2c8885f5@group-791D410474A1-FollowerState was interrupted: {}
java.lang.InterruptedException: sleep interrupted
	at java.lang.Thread.sleep(Native Method)
	at java.lang.Thread.sleep(Thread.java:340)
	at java.util.concurrent.TimeUnit.sleep(TimeUnit.java:386)
	at org.apache.ratis.util.TimeDuration.sleep(TimeDuration.java:324)
	at org.apache.ratis.util.TimeDuration.sleep(TimeDuration.java:309)
	at org.apache.ratis.server.impl.FollowerState.run(FollowerState.java:118)
2021-08-14 01:17:49,880 [grpc-default-executor-2] INFO  server.RaftServer$Division (RaftServerImpl.java:requestVote(1043)) - 16b55799-b12f-451a-a7a5-0c9446c424d0@group-791D410474A1: receive requestVote(ELECTION, 1916d96e-2259-41cb-b531-e74b04e27058, group-791D410474A1, 1, (t:0, i:0))
2021-08-14 01:17:49,881 [grpc-default-executor-2] INFO  impl.VoteContext (VoteContext.java:log(48)) - 16b55799-b12f-451a-a7a5-0c9446c424d0@group-791D410474A1-FOLLOWER: reject ELECTION from 1916d96e-2259-41cb-b531-e74b04e27058: our priority 1 > candidate's priority 0
2021-08-14 01:17:49,881 [grpc-default-executor-0] INFO  server.RaftServer$Division (RaftServerImpl.java:requestVote(1075)) - 3f463b76-9b55-4691-ac7a-6f4d2c8885f5@group-791D410474A1 replies to ELECTION vote request: 1916d96e-2259-41cb-b531-e74b04e27058<-3f463b76-9b55-4691-ac7a-6f4d2c8885f5#0:OK-t1. Peer's state: 3f463b76-9b55-4691-ac7a-6f4d2c8885f5@group-791D410474A1:t1, leader=null, voted=1916d96e-2259-41cb-b531-e74b04e27058, raftlog=3f463b76-9b55-4691-ac7a-6f4d2c8885f5@group-791D410474A1-SegmentedRaftLog:OPENED:c-1,f-1,i0, conf=-1: [3f463b76-9b55-4691-ac7a-6f4d2c8885f5|rpc:10.1.0.10:39227|dataStream:|priority:0, 1916d96e-2259-41cb-b531-e74b04e27058|rpc:10.1.0.10:45569|dataStream:|priority:0, 16b55799-b12f-451a-a7a5-0c9446c424d0|rpc:10.1.0.10:35399|dataStream:|priority:1], old=null
2021-08-14 01:17:49,881 [grpc-default-executor-2] INFO  server.RaftServer$Division (RaftServerImpl.java:setRole(285)) - 16b55799-b12f-451a-a7a5-0c9446c424d0@group-791D410474A1: changes role from  FOLLOWER to FOLLOWER at term 1 for candidate:1916d96e-2259-41cb-b531-e74b04e27058
2021-08-14 01:17:49,881 [grpc-default-executor-2] INFO  impl.RoleInfo (RoleInfo.java:shutdownFollowerState(108)) - 16b55799-b12f-451a-a7a5-0c9446c424d0: shutdown 16b55799-b12f-451a-a7a5-0c9446c424d0@group-791D410474A1-FollowerState
2021-08-14 01:17:49,881 [grpc-default-executor-2] INFO  impl.RoleInfo (RoleInfo.java:updateAndGet(130)) - 16b55799-b12f-451a-a7a5-0c9446c424d0: start 16b55799-b12f-451a-a7a5-0c9446c424d0@group-791D410474A1-FollowerState
2021-08-14 01:17:49,881 [16b55799-b12f-451a-a7a5-0c9446c424d0@group-791D410474A1-FollowerState] INFO  impl.FollowerState (FollowerState.java:run(143)) - 16b55799-b12f-451a-a7a5-0c9446c424d0@group-791D410474A1-FollowerState was interrupted: {}
java.lang.InterruptedException: sleep interrupted
	at java.lang.Thread.sleep(Native Method)
	at java.lang.Thread.sleep(Thread.java:340)
	at java.util.concurrent.TimeUnit.sleep(TimeUnit.java:386)
	at org.apache.ratis.util.TimeDuration.sleep(TimeDuration.java:324)
	at org.apache.ratis.util.TimeDuration.sleep(TimeDuration.java:309)
	at org.apache.ratis.server.impl.FollowerState.run(FollowerState.java:118)
2021-08-14 01:17:49,901 [grpc-default-executor-2] INFO  server.RaftServer$Division (RaftServerImpl.java:requestVote(1075)) - 16b55799-b12f-451a-a7a5-0c9446c424d0@group-791D410474A1 replies to ELECTION vote request: 1916d96e-2259-41cb-b531-e74b04e27058<-16b55799-b12f-451a-a7a5-0c9446c424d0#0:FAIL-t1. Peer's state: 16b55799-b12f-451a-a7a5-0c9446c424d0@group-791D410474A1:t1, leader=null, voted=null, raftlog=16b55799-b12f-451a-a7a5-0c9446c424d0@group-791D410474A1-SegmentedRaftLog:OPENED:c-1,f-1,i0, conf=-1: [3f463b76-9b55-4691-ac7a-6f4d2c8885f5|rpc:10.1.0.10:39227|dataStream:|priority:0, 1916d96e-2259-41cb-b531-e74b04e27058|rpc:10.1.0.10:45569|dataStream:|priority:0, 16b55799-b12f-451a-a7a5-0c9446c424d0|rpc:10.1.0.10:35399|dataStream:|priority:1], old=null
2021-08-14 01:17:49,902 [1916d96e-2259-41cb-b531-e74b04e27058@group-791D410474A1-LeaderElection28] INFO  impl.LeaderElection (LeaderElection.java:logAndReturn(89)) - 1916d96e-2259-41cb-b531-e74b04e27058@group-791D410474A1-LeaderElection28: ELECTION REJECTED received 1 response(s) and 0 exception(s):
2021-08-14 01:17:49,902 [1916d96e-2259-41cb-b531-e74b04e27058@group-791D410474A1-LeaderElection28] INFO  impl.LeaderElection (LeaderElection.java:logAndReturn(93)) -   Response 0: 1916d96e-2259-41cb-b531-e74b04e27058<-16b55799-b12f-451a-a7a5-0c9446c424d0#0:FAIL-t1
2021-08-14 01:17:49,902 [1916d96e-2259-41cb-b531-e74b04e27058@group-791D410474A1-LeaderElection28] INFO  impl.LeaderElection (LeaderElection.java:askForVotes(308)) - 1916d96e-2259-41cb-b531-e74b04e27058@group-791D410474A1-LeaderElection28 ELECTION round 0: result REJECTED
2021-08-14 01:17:49,902 [1916d96e-2259-41cb-b531-e74b04e27058@group-791D410474A1-LeaderElection28] INFO  server.RaftServer$Division (RaftServerImpl.java:setRole(285)) - 1916d96e-2259-41cb-b531-e74b04e27058@group-791D410474A1: changes role from CANDIDATE to FOLLOWER at term 1 for REJECTED
2021-08-14 01:17:49,902 [1916d96e-2259-41cb-b531-e74b04e27058@group-791D410474A1-LeaderElection28] INFO  impl.RoleInfo (RoleInfo.java:shutdownLeaderElection(121)) - 1916d96e-2259-41cb-b531-e74b04e27058: shutdown 1916d96e-2259-41cb-b531-e74b04e27058@group-791D410474A1-LeaderElection28
2021-08-14 01:17:49,903 [1916d96e-2259-41cb-b531-e74b04e27058@group-791D410474A1-LeaderElection28] INFO  impl.RoleInfo (RoleInfo.java:updateAndGet(130)) - 1916d96e-2259-41cb-b531-e74b04e27058: start 1916d96e-2259-41cb-b531-e74b04e27058@group-791D410474A1-FollowerState
2021-08-14 01:17:50,075 [16b55799-b12f-451a-a7a5-0c9446c424d0@group-5A1DB29A2974-FollowerState] INFO  impl.FollowerState (FollowerState.java:run(134)) - 16b55799-b12f-451a-a7a5-0c9446c424d0@group-5A1DB29A2974-FollowerState: change to CANDIDATE, lastRpcElapsedTime:5098771403ns, electionTimeout:5094ms
2021-08-14 01:17:50,081 [16b55799-b12f-451a-a7a5-0c9446c424d0@group-5A1DB29A2974-FollowerState] INFO  impl.RoleInfo (RoleInfo.java:shutdownFollowerState(108)) - 16b55799-b12f-451a-a7a5-0c9446c424d0: shutdown 16b55799-b12f-451a-a7a5-0c9446c424d0@group-5A1DB29A2974-FollowerState
2021-08-14 01:17:50,081 [16b55799-b12f-451a-a7a5-0c9446c424d0@group-5A1DB29A2974-FollowerState] INFO  server.RaftServer$Division (RaftServerImpl.java:setRole(285)) - 16b55799-b12f-451a-a7a5-0c9446c424d0@group-5A1DB29A2974: changes role from  FOLLOWER to CANDIDATE at term 0 for changeToCandidate
2021-08-14 01:17:50,082 [16b55799-b12f-451a-a7a5-0c9446c424d0@group-5A1DB29A2974-FollowerState] INFO  server.RaftServerConfigKeys (ConfUtils.java:logGet(44)) - raft.server.leaderelection.pre-vote = false (custom)
2021-08-14 01:17:50,082 [16b55799-b12f-451a-a7a5-0c9446c424d0@group-5A1DB29A2974-FollowerState] INFO  impl.RoleInfo (RoleInfo.java:updateAndGet(130)) - 16b55799-b12f-451a-a7a5-0c9446c424d0: start 16b55799-b12f-451a-a7a5-0c9446c424d0@group-5A1DB29A2974-LeaderElection29
2021-08-14 01:17:50,104 [16b55799-b12f-451a-a7a5-0c9446c424d0@group-5A1DB29A2974-LeaderElection29] INFO  impl.LeaderElection (LeaderElection.java:askForVotes(306)) - 16b55799-b12f-451a-a7a5-0c9446c424d0@group-5A1DB29A2974-LeaderElection29 ELECTION round 0: submit vote requests at term 1 for -1: [16b55799-b12f-451a-a7a5-0c9446c424d0|rpc:10.1.0.10:35399|priority:1], old=null
2021-08-14 01:17:50,104 [16b55799-b12f-451a-a7a5-0c9446c424d0@group-5A1DB29A2974-LeaderElection29] INFO  impl.LeaderElection (LeaderElection.java:askForVotes(308)) - 16b55799-b12f-451a-a7a5-0c9446c424d0@group-5A1DB29A2974-LeaderElection29 ELECTION round 0: result PASSED (term=1)
2021-08-14 01:17:50,104 [16b55799-b12f-451a-a7a5-0c9446c424d0@group-5A1DB29A2974-LeaderElection29] INFO  impl.RoleInfo (RoleInfo.java:shutdownLeaderElection(121)) - 16b55799-b12f-451a-a7a5-0c9446c424d0: shutdown 16b55799-b12f-451a-a7a5-0c9446c424d0@group-5A1DB29A2974-LeaderElection29
2021-08-14 01:17:50,105 [16b55799-b12f-451a-a7a5-0c9446c424d0@group-5A1DB29A2974-LeaderElection29] INFO  server.RaftServer$Division (RaftServerImpl.java:setRole(285)) - 16b55799-b12f-451a-a7a5-0c9446c424d0@group-5A1DB29A2974: changes role from CANDIDATE to LEADER at term 1 for changeToLeader
2021-08-14 01:17:50,105 [16b55799-b12f-451a-a7a5-0c9446c424d0@group-5A1DB29A2974-LeaderElection29] INFO  ratis.XceiverServerRatis (XceiverServerRatis.java:handleLeaderChangedNotification(861)) - Leader change notification received for group: group-5A1DB29A2974 with new leaderId: 16b55799-b12f-451a-a7a5-0c9446c424d0
2021-08-14 01:17:50,105 [16b55799-b12f-451a-a7a5-0c9446c424d0@group-5A1DB29A2974-LeaderElection29] INFO  server.RaftServer$Division (ServerState.java:setLeader(285)) - 16b55799-b12f-451a-a7a5-0c9446c424d0@group-5A1DB29A2974: change Leader from null to 16b55799-b12f-451a-a7a5-0c9446c424d0 at term 1 for becomeLeader, leader elected after 5146ms
2021-08-14 01:17:50,105 [16b55799-b12f-451a-a7a5-0c9446c424d0@group-5A1DB29A2974-LeaderElection29] INFO  server.RaftServerConfigKeys (ConfUtils.java:logGet(44)) - raft.server.staging.catchup.gap = 1000 (default)
2021-08-14 01:17:50,105 [Datanode State Machine Thread - 0] WARN  statemachine.StateContext (StateContext.java:execute(621)) - No available thread in pool for past 1 seconds.
2021-08-14 01:17:50,105 [16b55799-b12f-451a-a7a5-0c9446c424d0@group-5A1DB29A2974-LeaderElection29] INFO  server.RaftServerConfigKeys (ConfUtils.java:logGet(44)) - raft.server.write.element-limit = 1024 (custom)
2021-08-14 01:17:50,105 [16b55799-b12f-451a-a7a5-0c9446c424d0@group-5A1DB29A2974-LeaderElection29] INFO  server.RaftServerConfigKeys (ConfUtils.java:logGet(44)) - raft.server.write.byte-limit = 1024 M (=1073741824) (custom)
2021-08-14 01:17:50,106 [16b55799-b12f-451a-a7a5-0c9446c424d0@group-5A1DB29A2974-LeaderElection29] INFO  server.RaftServerConfigKeys (ConfUtils.java:logGet(44)) - raft.server.watch.timeout = 180s (custom)
2021-08-14 01:17:50,106 [16b55799-b12f-451a-a7a5-0c9446c424d0@group-5A1DB29A2974-LeaderElection29] INFO  server.RaftServerConfigKeys (ConfUtils.java:logGet(44)) - raft.server.watch.timeout.denomination = 1s (default)
2021-08-14 01:17:50,106 [16b55799-b12f-451a-a7a5-0c9446c424d0@group-5A1DB29A2974-LeaderElection29] INFO  server.RaftServerConfigKeys (ConfUtils.java:logGet(44)) - raft.server.watch.element-limit = 65536 (default)
2021-08-14 01:17:50,106 [16b55799-b12f-451a-a7a5-0c9446c424d0@group-5A1DB29A2974-LeaderElection29] INFO  impl.RoleInfo (RoleInfo.java:updateAndGet(130)) - 16b55799-b12f-451a-a7a5-0c9446c424d0: start 16b55799-b12f-451a-a7a5-0c9446c424d0@group-5A1DB29A2974-LeaderStateImpl
2021-08-14 01:17:50,107 [16b55799-b12f-451a-a7a5-0c9446c424d0@group-5A1DB29A2974-LeaderElection29] INFO  segmented.SegmentedRaftLogWorker (SegmentedRaftLogWorker.java:startLogSegment(394)) - 16b55799-b12f-451a-a7a5-0c9446c424d0@group-5A1DB29A2974-SegmentedRaftLogWorker: Starting segment from index:0
2021-08-14 01:17:50,111 [16b55799-b12f-451a-a7a5-0c9446c424d0@group-5A1DB29A2974-SegmentedRaftLogWorker] INFO  segmented.SegmentedRaftLogWorker (SegmentedRaftLogWorker.java:execute(601)) - 16b55799-b12f-451a-a7a5-0c9446c424d0@group-5A1DB29A2974-SegmentedRaftLogWorker: created new log segment /home/runner/work/ozone/ozone/hadoop-ozone/integration-test/target/test-dir/MiniOzoneClusterImpl-4aa5cedd-5a93-4d09-91c0-161c6537f610/datanode-1/data/ratis/5586f31b-ad38-42f4-bdf6-5a1db29a2974/current/log_inprogress_0
2021-08-14 01:17:50,120 [16b55799-b12f-451a-a7a5-0c9446c424d0@group-5A1DB29A2974-LeaderElection29] INFO  server.RaftServer$Division (ServerState.java:setRaftConf(387)) - 16b55799-b12f-451a-a7a5-0c9446c424d0@group-5A1DB29A2974: set configuration 0: [16b55799-b12f-451a-a7a5-0c9446c424d0|rpc:10.1.0.10:35399|dataStream:|priority:1], old=null
2021-08-14 01:17:50,529 [Listener at 127.0.0.1/39751] INFO  ozone.MiniOzoneClusterImpl (MiniOzoneClusterImpl.java:lambda$waitForClusterToBeReady$0(235)) - Nodes are ready. Got 3 of 3 DN Heartbeats.
2021-08-14 01:17:50,530 [Listener at 127.0.0.1/39751] INFO  ozone.MiniOzoneClusterImpl (MiniOzoneClusterImpl.java:lambda$waitForClusterToBeReady$0(238)) - Cluster exits safe mode
2021-08-14 01:17:50,530 [Listener at 127.0.0.1/39751] INFO  ozone.MiniOzoneClusterImpl (MiniOzoneClusterImpl.java:lambda$waitForClusterToBeReady$0(240)) - SCM became leader
2021-08-14 01:17:50,530 [Listener at 127.0.0.1/39751] INFO  ha.SequenceIdGenerator (SequenceIdGenerator.java:getNextId(127)) - Allocate a batch for containerId, change lastId from 0 to 1000.
2021-08-14 01:17:50,654 [3f463b76-9b55-4691-ac7a-6f4d2c8885f5@group-842385F21238-FollowerState] INFO  impl.FollowerState (FollowerState.java:run(134)) - 3f463b76-9b55-4691-ac7a-6f4d2c8885f5@group-842385F21238-FollowerState: change to CANDIDATE, lastRpcElapsedTime:5054768851ns, electionTimeout:5044ms
2021-08-14 01:17:50,654 [3f463b76-9b55-4691-ac7a-6f4d2c8885f5@group-842385F21238-FollowerState] INFO  impl.RoleInfo (RoleInfo.java:shutdownFollowerState(108)) - 3f463b76-9b55-4691-ac7a-6f4d2c8885f5: shutdown 3f463b76-9b55-4691-ac7a-6f4d2c8885f5@group-842385F21238-FollowerState
2021-08-14 01:17:50,654 [3f463b76-9b55-4691-ac7a-6f4d2c8885f5@group-842385F21238-FollowerState] INFO  server.RaftServer$Division (RaftServerImpl.java:setRole(285)) - 3f463b76-9b55-4691-ac7a-6f4d2c8885f5@group-842385F21238: changes role from  FOLLOWER to CANDIDATE at term 0 for changeToCandidate
2021-08-14 01:17:50,654 [3f463b76-9b55-4691-ac7a-6f4d2c8885f5@group-842385F21238-FollowerState] INFO  server.RaftServerConfigKeys (ConfUtils.java:logGet(44)) - raft.server.leaderelection.pre-vote = false (custom)
2021-08-14 01:17:50,655 [3f463b76-9b55-4691-ac7a-6f4d2c8885f5@group-842385F21238-FollowerState] INFO  impl.RoleInfo (RoleInfo.java:updateAndGet(130)) - 3f463b76-9b55-4691-ac7a-6f4d2c8885f5: start 3f463b76-9b55-4691-ac7a-6f4d2c8885f5@group-842385F21238-LeaderElection30
2021-08-14 01:17:50,687 [3f463b76-9b55-4691-ac7a-6f4d2c8885f5@group-842385F21238-LeaderElection30] INFO  impl.LeaderElection (LeaderElection.java:askForVotes(306)) - 3f463b76-9b55-4691-ac7a-6f4d2c8885f5@group-842385F21238-LeaderElection30 ELECTION round 0: submit vote requests at term 1 for -1: [3f463b76-9b55-4691-ac7a-6f4d2c8885f5|rpc:10.1.0.10:39227|priority:1], old=null
2021-08-14 01:17:50,687 [3f463b76-9b55-4691-ac7a-6f4d2c8885f5@group-842385F21238-LeaderElection30] INFO  impl.LeaderElection (LeaderElection.java:askForVotes(308)) - 3f463b76-9b55-4691-ac7a-6f4d2c8885f5@group-842385F21238-LeaderElection30 ELECTION round 0: result PASSED (term=1)
2021-08-14 01:17:50,687 [3f463b76-9b55-4691-ac7a-6f4d2c8885f5@group-842385F21238-LeaderElection30] INFO  impl.RoleInfo (RoleInfo.java:shutdownLeaderElection(121)) - 3f463b76-9b55-4691-ac7a-6f4d2c8885f5: shutdown 3f463b76-9b55-4691-ac7a-6f4d2c8885f5@group-842385F21238-LeaderElection30
2021-08-14 01:17:50,687 [3f463b76-9b55-4691-ac7a-6f4d2c8885f5@group-842385F21238-LeaderElection30] INFO  server.RaftServer$Division (RaftServerImpl.java:setRole(285)) - 3f463b76-9b55-4691-ac7a-6f4d2c8885f5@group-842385F21238: changes role from CANDIDATE to LEADER at term 1 for changeToLeader
2021-08-14 01:17:50,687 [3f463b76-9b55-4691-ac7a-6f4d2c8885f5@group-842385F21238-LeaderElection30] INFO  ratis.XceiverServerRatis (XceiverServerRatis.java:handleLeaderChangedNotification(861)) - Leader change notification received for group: group-842385F21238 with new leaderId: 3f463b76-9b55-4691-ac7a-6f4d2c8885f5
2021-08-14 01:17:50,687 [Datanode State Machine Thread - 0] WARN  statemachine.StateContext (StateContext.java:execute(621)) - No available thread in pool for past 1 seconds.
2021-08-14 01:17:50,690 [3f463b76-9b55-4691-ac7a-6f4d2c8885f5@group-842385F21238-LeaderElection30] INFO  server.RaftServer$Division (ServerState.java:setLeader(285)) - 3f463b76-9b55-4691-ac7a-6f4d2c8885f5@group-842385F21238: change Leader from null to 3f463b76-9b55-4691-ac7a-6f4d2c8885f5 at term 1 for becomeLeader, leader elected after 5105ms
2021-08-14 01:17:50,690 [3f463b76-9b55-4691-ac7a-6f4d2c8885f5@group-842385F21238-LeaderElection30] INFO  server.RaftServerConfigKeys (ConfUtils.java:logGet(44)) - raft.server.staging.catchup.gap = 1000 (default)
2021-08-14 01:17:50,690 [3f463b76-9b55-4691-ac7a-6f4d2c8885f5@group-842385F21238-LeaderElection30] INFO  server.RaftServerConfigKeys (ConfUtils.java:logGet(44)) - raft.server.write.element-limit = 1024 (custom)
2021-08-14 01:17:50,692 [3f463b76-9b55-4691-ac7a-6f4d2c8885f5@group-842385F21238-LeaderElection30] INFO  server.RaftServerConfigKeys (ConfUtils.java:logGet(44)) - raft.server.write.byte-limit = 1024 M (=1073741824) (custom)
2021-08-14 01:17:50,693 [3f463b76-9b55-4691-ac7a-6f4d2c8885f5@group-842385F21238-LeaderElection30] INFO  server.RaftServerConfigKeys (ConfUtils.java:logGet(44)) - raft.server.watch.timeout = 180s (custom)
2021-08-14 01:17:50,693 [3f463b76-9b55-4691-ac7a-6f4d2c8885f5@group-842385F21238-LeaderElection30] INFO  server.RaftServerConfigKeys (ConfUtils.java:logGet(44)) - raft.server.watch.timeout.denomination = 1s (default)
2021-08-14 01:17:50,693 [3f463b76-9b55-4691-ac7a-6f4d2c8885f5@group-842385F21238-LeaderElection30] INFO  server.RaftServerConfigKeys (ConfUtils.java:logGet(44)) - raft.server.watch.element-limit = 65536 (default)
2021-08-14 01:17:50,693 [3f463b76-9b55-4691-ac7a-6f4d2c8885f5@group-842385F21238-LeaderElection30] INFO  impl.RoleInfo (RoleInfo.java:updateAndGet(130)) - 3f463b76-9b55-4691-ac7a-6f4d2c8885f5: start 3f463b76-9b55-4691-ac7a-6f4d2c8885f5@group-842385F21238-LeaderStateImpl
2021-08-14 01:17:50,693 [3f463b76-9b55-4691-ac7a-6f4d2c8885f5@group-842385F21238-LeaderElection30] INFO  segmented.SegmentedRaftLogWorker (SegmentedRaftLogWorker.java:startLogSegment(394)) - 3f463b76-9b55-4691-ac7a-6f4d2c8885f5@group-842385F21238-SegmentedRaftLogWorker: Starting segment from index:0
2021-08-14 01:17:50,695 [3f463b76-9b55-4691-ac7a-6f4d2c8885f5@group-842385F21238-SegmentedRaftLogWorker] INFO  segmented.SegmentedRaftLogWorker (SegmentedRaftLogWorker.java:execute(601)) - 3f463b76-9b55-4691-ac7a-6f4d2c8885f5@group-842385F21238-SegmentedRaftLogWorker: created new log segment /home/runner/work/ozone/ozone/hadoop-ozone/integration-test/target/test-dir/MiniOzoneClusterImpl-4aa5cedd-5a93-4d09-91c0-161c6537f610/datanode-2/data/ratis/ee60c536-3123-4f03-8098-842385f21238/current/log_inprogress_0
2021-08-14 01:17:50,724 [3f463b76-9b55-4691-ac7a-6f4d2c8885f5@group-842385F21238-LeaderElection30] INFO  server.RaftServer$Division (ServerState.java:setRaftConf(387)) - 3f463b76-9b55-4691-ac7a-6f4d2c8885f5@group-842385F21238: set configuration 0: [3f463b76-9b55-4691-ac7a-6f4d2c8885f5|rpc:10.1.0.10:39227|dataStream:|priority:1], old=null
2021-08-14 01:17:52,109 [Datanode State Machine Thread - 0] WARN  statemachine.StateContext (StateContext.java:execute(621)) - No available thread in pool for past 1 seconds.
2021-08-14 01:17:52,109 [Listener at 127.0.0.1/39751] ERROR ratis.XceiverServerRatis (XceiverServerRatis.java:triggerPipelineClose(676)) - pipeline Action CLOSE on pipeline PipelineID=d2169314-67dc-4954-bb9d-1889914824f7.Reason : Unspecified failure reported in Ratis log
2021-08-14 01:17:52,121 [EventQueue-PipelineActionsForPipelineActionHandler] INFO  pipeline.PipelineActionHandler (PipelineActionHandler.java:processPipelineAction(82)) - Received pipeline action CLOSE for PipelineID=d2169314-67dc-4954-bb9d-1889914824f7 from datanode 1916d96e-2259-41cb-b531-e74b04e27058. Reason : Unspecified failure reported in Ratis log
2021-08-14 01:17:52,123 [EventQueue-PipelineActionsForPipelineActionHandler] INFO  pipeline.PipelineManagerImpl (PipelineManagerImpl.java:closePipeline(343)) - Pipeline Pipeline[ Id: d2169314-67dc-4954-bb9d-1889914824f7, Nodes: 1916d96e-2259-41cb-b531-e74b04e27058{ip: 10.1.0.10, host: fv-az395-768.zfmzfyrfkyou3ow0tsr0jxwq1e.bx.internal.cloudapp.net, ports: [REPLICATION=36573, RATIS=45569, RATIS_ADMIN=45569, RATIS_SERVER=45569, STANDALONE=40719], networkLocation: /default-rack, certSerialId: null, persistedOpState: IN_SERVICE, persistedOpStateExpiryEpochSec: 0}3f463b76-9b55-4691-ac7a-6f4d2c8885f5{ip: 10.1.0.10, host: fv-az395-768.zfmzfyrfkyou3ow0tsr0jxwq1e.bx.internal.cloudapp.net, ports: [REPLICATION=35707, RATIS=39227, RATIS_ADMIN=39227, RATIS_SERVER=39227, STANDALONE=44605], networkLocation: /default-rack, certSerialId: null, persistedOpState: IN_SERVICE, persistedOpStateExpiryEpochSec: 0}16b55799-b12f-451a-a7a5-0c9446c424d0{ip: 10.1.0.10, host: fv-az395-768.zfmzfyrfkyou3ow0tsr0jxwq1e.bx.internal.cloudapp.net, ports: [REPLICATION=37975, RATIS=35399, RATIS_ADMIN=35399, RATIS_SERVER=35399, STANDALONE=45039], networkLocation: /default-rack, certSerialId: null, persistedOpState: IN_SERVICE, persistedOpStateExpiryEpochSec: 0}, ReplicationConfig: RATIS/THREE, State:OPEN, leaderId:1916d96e-2259-41cb-b531-e74b04e27058, CreationTimestamp2021-08-14T01:17:42.586Z[Etc/UTC]] moved to CLOSED state
2021-08-14 01:17:52,175 [EventQueue-PipelineActionsForPipelineActionHandler] INFO  pipeline.RatisPipelineProvider (RatisPipelineProvider.java:lambda$close$1(222)) - Send pipeline:PipelineID=d2169314-67dc-4954-bb9d-1889914824f7 close command to datanode 1916d96e-2259-41cb-b531-e74b04e27058
2021-08-14 01:17:52,175 [EventQueue-PipelineActionsForPipelineActionHandler] INFO  pipeline.RatisPipelineProvider (RatisPipelineProvider.java:lambda$close$1(222)) - Send pipeline:PipelineID=d2169314-67dc-4954-bb9d-1889914824f7 close command to datanode 3f463b76-9b55-4691-ac7a-6f4d2c8885f5
2021-08-14 01:17:52,176 [EventQueue-PipelineActionsForPipelineActionHandler] INFO  pipeline.RatisPipelineProvider (RatisPipelineProvider.java:lambda$close$1(222)) - Send pipeline:PipelineID=d2169314-67dc-4954-bb9d-1889914824f7 close command to datanode 16b55799-b12f-451a-a7a5-0c9446c424d0
2021-08-14 01:17:52,204 [EventQueue-PipelineActionsForPipelineActionHandler] INFO  pipeline.PipelineStateManager (PipelineStateManagerV2Impl.java:removePipeline(211)) - Pipeline Pipeline[ Id: d2169314-67dc-4954-bb9d-1889914824f7, Nodes: 1916d96e-2259-41cb-b531-e74b04e27058{ip: 10.1.0.10, host: fv-az395-768.zfmzfyrfkyou3ow0tsr0jxwq1e.bx.internal.cloudapp.net, ports: [REPLICATION=36573, RATIS=45569, RATIS_ADMIN=45569, RATIS_SERVER=45569, STANDALONE=40719], networkLocation: /default-rack, certSerialId: null, persistedOpState: IN_SERVICE, persistedOpStateExpiryEpochSec: 0}3f463b76-9b55-4691-ac7a-6f4d2c8885f5{ip: 10.1.0.10, host: fv-az395-768.zfmzfyrfkyou3ow0tsr0jxwq1e.bx.internal.cloudapp.net, ports: [REPLICATION=35707, RATIS=39227, RATIS_ADMIN=39227, RATIS_SERVER=39227, STANDALONE=44605], networkLocation: /default-rack, certSerialId: null, persistedOpState: IN_SERVICE, persistedOpStateExpiryEpochSec: 0}16b55799-b12f-451a-a7a5-0c9446c424d0{ip: 10.1.0.10, host: fv-az395-768.zfmzfyrfkyou3ow0tsr0jxwq1e.bx.internal.cloudapp.net, ports: [REPLICATION=37975, RATIS=35399, RATIS_ADMIN=35399, RATIS_SERVER=35399, STANDALONE=45039], networkLocation: /default-rack, certSerialId: null, persistedOpState: IN_SERVICE, persistedOpStateExpiryEpochSec: 0}, ReplicationConfig: RATIS/THREE, State:CLOSED, leaderId:1916d96e-2259-41cb-b531-e74b04e27058, CreationTimestamp2021-08-14T01:17:42.586Z[Etc/UTC]] removed.
2021-08-14 01:17:52,220 [EventQueue-CloseContainerForCloseContainerEventHandler] INFO  container.CloseContainerEventHandler (CloseContainerEventHandler.java:onMessage(69)) - Close container Event triggered for container : #1
2021-08-14 01:17:52,249 [EventQueue-CloseContainerForCloseContainerEventHandler] INFO  pipeline.PipelineStateManager (PipelineStateManagerV2Impl.java:removeContainerFromPipeline(237)) - Pipeline PipelineID=d2169314-67dc-4954-bb9d-1889914824f7 is not found in the pipeline2ContainerMap. Pipeline may have been closed already.
2021-08-14 01:17:52,250 [EventQueue-CloseContainerForCloseContainerEventHandler] INFO  container.CloseContainerEventHandler (CloseContainerEventHandler.java:onMessage(69)) - Close container Event triggered for container : #2
2021-08-14 01:17:52,250 [EventQueue-CloseContainerForCloseContainerEventHandler] INFO  pipeline.PipelineStateManager (PipelineStateManagerV2Impl.java:removeContainerFromPipeline(237)) - Pipeline PipelineID=d2169314-67dc-4954-bb9d-1889914824f7 is not found in the pipeline2ContainerMap. Pipeline may have been closed already.
2021-08-14 01:17:52,576 [Listener at 127.0.0.1/39751] INFO  ozone.MiniOzoneClusterImpl (MiniOzoneClusterImpl.java:shutdown(453)) - Shutting down the Mini Ozone Cluster
2021-08-14 01:17:52,578 [Listener at 127.0.0.1/39751] INFO  ozone.MiniOzoneClusterImpl (MiniOzoneClusterImpl.java:stop(468)) - Stopping the Mini Ozone Cluster
2021-08-14 01:17:52,578 [Listener at 127.0.0.1/39751] INFO  ozone.MiniOzoneClusterImpl (MiniOzoneClusterImpl.java:stopOM(550)) - Stopping the OzoneManager
2021-08-14 01:17:52,578 [Listener at 127.0.0.1/39751] INFO  om.OzoneManager (OzoneManager.java:stop(1632)) - Stopping Ozone Manager
2021-08-14 01:17:52,578 [Listener at 127.0.0.1/39751] INFO  ipc.Server (Server.java:stop(3414)) - Stopping server on 39751
2021-08-14 01:17:52,599 [IPC Server listener on 0] INFO  ipc.Server (Server.java:run(1376)) - Stopping IPC Server listener on 0
2021-08-14 01:17:52,624 [IPC Server Responder] INFO  ipc.Server (Server.java:run(1512)) - Stopping IPC Server Responder
2021-08-14 01:17:52,628 [Listener at 127.0.0.1/39751] INFO  server.RaftServer (RaftServerProxy.java:lambda$close$6(391)) - om1: close
2021-08-14 01:17:52,628 [Listener at 127.0.0.1/39751] INFO  server.RaftServer$Division (RaftServerImpl.java:lambda$close$4(407)) - om1@group-C5BA1605619E: shutdown
2021-08-14 01:17:52,629 [Listener at 127.0.0.1/39751] INFO  util.JmxRegister (JmxRegister.java:unregister(73)) - Successfully un-registered JMX Bean with object name Ratis:service=RaftServer,group=group-C5BA1605619E,id=om1
2021-08-14 01:17:52,629 [Listener at 127.0.0.1/39751] INFO  impl.RoleInfo (RoleInfo.java:shutdownLeaderState(91)) - om1: shutdown om1@group-C5BA1605619E-LeaderStateImpl
2021-08-14 01:17:52,629 [Listener at 127.0.0.1/39751] INFO  impl.PendingRequests (PendingRequests.java:sendNotLeaderResponses(282)) - om1@group-C5BA1605619E-PendingRequests: sendNotLeaderResponses
2021-08-14 01:17:52,632 [om1@group-C5BA1605619E-StateMachineUpdater] INFO  ratis.OzoneManagerStateMachine (OzoneManagerStateMachine.java:takeSnapshot(417)) - Current Snapshot Index (t:1, i:0)
2021-08-14 01:17:52,633 [om1@group-C5BA1605619E-StateMachineUpdater] INFO  impl.StateMachineUpdater (StateMachineUpdater.java:takeSnapshot(281)) - om1@group-C5BA1605619E-StateMachineUpdater: Took a snapshot at index 0
2021-08-14 01:17:52,633 [om1@group-C5BA1605619E-StateMachineUpdater] INFO  impl.StateMachineUpdater (StateMachineUpdater.java:lambda$new$0(89)) - om1@group-C5BA1605619E-StateMachineUpdater: snapshotIndex: updateIncreasingly -1 -> 0
2021-08-14 01:17:52,633 [om1@group-C5BA1605619E-StateMachineUpdater] INFO  ratis.OzoneManagerStateMachine (OzoneManagerStateMachine.java:close(471)) - StateMachine has shutdown. Shutdown OzoneManager if not already shutdown.
2021-08-14 01:17:52,636 [Listener at 127.0.0.1/39751] INFO  impl.StateMachineUpdater (StateMachineUpdater.java:stopAndJoin(149)) - om1@group-C5BA1605619E-StateMachineUpdater: set stopIndex = 0
2021-08-14 01:17:52,636 [Listener at 127.0.0.1/39751] INFO  server.RaftServer$Division (ServerState.java:close(419)) - om1@group-C5BA1605619E: closes. applyIndex: 0
2021-08-14 01:17:52,636 [om1@group-C5BA1605619E-SegmentedRaftLogWorker] INFO  segmented.SegmentedRaftLogWorker (SegmentedRaftLogWorker.java:run(327)) - om1@group-C5BA1605619E-SegmentedRaftLogWorker was interrupted, exiting. There are 0 tasks remaining in the queue.
2021-08-14 01:17:52,652 [Listener at 127.0.0.1/39751] INFO  segmented.SegmentedRaftLogWorker (SegmentedRaftLogWorker.java:close(237)) - om1@group-C5BA1605619E-SegmentedRaftLogWorker close()
2021-08-14 01:17:52,686 [Listener at 127.0.0.1/39751] INFO  server.GrpcService (GrpcService.java:closeImpl(262)) - om1: shutdown server with port 9872 now
2021-08-14 01:17:52,708 [Listener at 127.0.0.1/39751] INFO  server.GrpcService (GrpcService.java:closeImpl(271)) - om1: shutdown server with port 9872 successfully
2021-08-14 01:17:52,711 [org.apache.ratis.util.JvmPauseMonitor$$Lambda$531/1843423744@62d890af] INFO  util.JvmPauseMonitor (JvmPauseMonitor.java:run(109)) - JvmPauseMonitor-om1: Stopped
2021-08-14 01:17:52,712 [Listener at 127.0.0.1/39751] INFO  ratis.OzoneManagerDoubleBuffer (OzoneManagerDoubleBuffer.java:stop(437)) - Stopping OMDoubleBuffer flush thread
2021-08-14 01:17:52,712 [OMDoubleBufferFlushThread] INFO  ratis.OzoneManagerDoubleBuffer (OzoneManagerDoubleBuffer.java:flushTransactions(356)) - OMDoubleBuffer flush thread OMDoubleBufferFlushThread is interrupted and will exit. OMDoubleBufferFlushThread
2021-08-14 01:17:52,713 [Listener at 127.0.0.1/39751] INFO  utils.BackgroundService (BackgroundService.java:shutdown(132)) - Shutting down service KeyDeletingService
2021-08-14 01:17:52,737 [Listener at 127.0.0.1/39751] INFO  handler.ContextHandler (ContextHandler.java:doStop(1153)) - Stopped o.e.j.w.WebAppContext@70537418{ozoneManager,/,null,STOPPED}{file:/home/runner/work/ozone/ozone/hadoop-ozone/integration-test/target/test-classes/webapps/ozoneManager}
2021-08-14 01:17:52,745 [Listener at 127.0.0.1/39751] INFO  server.AbstractConnector (AbstractConnector.java:doStop(381)) - Stopped ServerConnector@2a9a204d{HTTP/1.1, (http/1.1)}{0.0.0.0:0}
2021-08-14 01:17:52,745 [Listener at 127.0.0.1/39751] INFO  server.session (HouseKeeper.java:stopScavenging(149)) - node0 Stopped scavenging
2021-08-14 01:17:52,745 [Listener at 127.0.0.1/39751] INFO  handler.ContextHandler (ContextHandler.java:doStop(1153)) - Stopped o.e.j.s.ServletContextHandler@46227fce{static,/static,file:///home/runner/work/ozone/ozone/hadoop-ozone/integration-test/target/test-classes/webapps/static,STOPPED}
2021-08-14 01:17:52,745 [Listener at 127.0.0.1/39751] INFO  handler.ContextHandler (ContextHandler.java:doStop(1153)) - Stopped o.e.j.s.ServletContextHandler@3dd21d25{logs,/logs,file:///home/runner/work/ozone/ozone/hadoop-ozone/integration-test/target/log,STOPPED}
2021-08-14 01:17:52,754 [Listener at 127.0.0.1/39751] INFO  ozone.MiniOzoneClusterImpl (MiniOzoneClusterImpl.java:stopDatanodes(527)) - Stopping the HddsDatanodes
2021-08-14 01:17:53,110 [Datanode State Machine Thread - 0] INFO  statemachine.DatanodeStateMachine (DatanodeStateMachine.java:lambda$startDaemon$0(457)) - Ozone container server started.
2021-08-14 01:17:53,111 [Datanode State Machine Thread - 0] INFO  statemachine.DatanodeStateMachine (DatanodeStateMachine.java:lambda$startDaemon$0(457)) - Ozone container server started.
2021-08-14 01:17:54,690 [Command processor thread] INFO  server.RaftServer (RaftServerProxy.java:remove(106)) - 3f463b76-9b55-4691-ac7a-6f4d2c8885f5: remove  FOLLOWER 3f463b76-9b55-4691-ac7a-6f4d2c8885f5@group-1889914824F7:t1, leader=1916d96e-2259-41cb-b531-e74b04e27058, voted=1916d96e-2259-41cb-b531-e74b04e27058, raftlog=3f463b76-9b55-4691-ac7a-6f4d2c8885f5@group-1889914824F7-SegmentedRaftLog:OPENED:c0,f0,i0, conf=0: [3f463b76-9b55-4691-ac7a-6f4d2c8885f5|rpc:10.1.0.10:39227|dataStream:|priority:0, 1916d96e-2259-41cb-b531-e74b04e27058|rpc:10.1.0.10:45569|dataStream:|priority:1, 16b55799-b12f-451a-a7a5-0c9446c424d0|rpc:10.1.0.10:35399|dataStream:|priority:0], old=null RUNNING
2021-08-14 01:17:54,698 [Command processor thread] INFO  server.RaftServer$Division (RaftServerImpl.java:lambda$close$4(407)) - 3f463b76-9b55-4691-ac7a-6f4d2c8885f5@group-1889914824F7: shutdown
2021-08-14 01:17:54,698 [Command processor thread] INFO  util.JmxRegister (JmxRegister.java:unregister(73)) - Successfully un-registered JMX Bean with object name Ratis:service=RaftServer,group=group-1889914824F7,id=3f463b76-9b55-4691-ac7a-6f4d2c8885f5
2021-08-14 01:17:54,698 [Command processor thread] INFO  impl.RoleInfo (RoleInfo.java:shutdownFollowerState(108)) - 3f463b76-9b55-4691-ac7a-6f4d2c8885f5: shutdown 3f463b76-9b55-4691-ac7a-6f4d2c8885f5@group-1889914824F7-FollowerState
2021-08-14 01:17:54,698 [Command processor thread] INFO  impl.StateMachineUpdater (StateMachineUpdater.java:stopAndJoin(149)) - 3f463b76-9b55-4691-ac7a-6f4d2c8885f5@group-1889914824F7-StateMachineUpdater: set stopIndex = 0
2021-08-14 01:17:54,698 [3f463b76-9b55-4691-ac7a-6f4d2c8885f5@group-1889914824F7-FollowerState] INFO  impl.FollowerState (FollowerState.java:run(143)) - 3f463b76-9b55-4691-ac7a-6f4d2c8885f5@group-1889914824F7-FollowerState was interrupted: {}
java.lang.InterruptedException: sleep interrupted
	at java.lang.Thread.sleep(Native Method)
	at java.lang.Thread.sleep(Thread.java:340)
	at java.util.concurrent.TimeUnit.sleep(TimeUnit.java:386)
	at org.apache.ratis.util.TimeDuration.sleep(TimeDuration.java:324)
	at org.apache.ratis.util.TimeDuration.sleep(TimeDuration.java:309)
	at org.apache.ratis.server.impl.FollowerState.run(FollowerState.java:118)
2021-08-14 01:17:54,713 [3f463b76-9b55-4691-ac7a-6f4d2c8885f5@group-1889914824F7-StateMachineUpdater] INFO  ratis.ContainerStateMachine (ContainerStateMachine.java:takeSnapshot(293)) - group-1889914824F7: Taking a snapshot at:(t:1, i:0) file /home/runner/work/ozone/ozone/hadoop-ozone/integration-test/target/test-dir/MiniOzoneClusterImpl-4aa5cedd-5a93-4d09-91c0-161c6537f610/datanode-2/data/ratis/d2169314-67dc-4954-bb9d-1889914824f7/sm/snapshot.1_0
2021-08-14 01:17:54,714 [3f463b76-9b55-4691-ac7a-6f4d2c8885f5@group-1889914824F7-StateMachineUpdater] INFO  ratis.ContainerStateMachine (ContainerStateMachine.java:takeSnapshot(304)) - group-1889914824F7: Finished taking a snapshot at:(t:1, i:0) file:/home/runner/work/ozone/ozone/hadoop-ozone/integration-test/target/test-dir/MiniOzoneClusterImpl-4aa5cedd-5a93-4d09-91c0-161c6537f610/datanode-2/data/ratis/d2169314-67dc-4954-bb9d-1889914824f7/sm/snapshot.1_0 took: 2 ms
2021-08-14 01:17:54,714 [3f463b76-9b55-4691-ac7a-6f4d2c8885f5@group-1889914824F7-StateMachineUpdater] INFO  impl.StateMachineUpdater (StateMachineUpdater.java:takeSnapshot(281)) - 3f463b76-9b55-4691-ac7a-6f4d2c8885f5@group-1889914824F7-StateMachineUpdater: Took a snapshot at index 0
2021-08-14 01:17:54,714 [3f463b76-9b55-4691-ac7a-6f4d2c8885f5@group-1889914824F7-StateMachineUpdater] INFO  impl.StateMachineUpdater (StateMachineUpdater.java:lambda$new$0(89)) - 3f463b76-9b55-4691-ac7a-6f4d2c8885f5@group-1889914824F7-StateMachineUpdater: snapshotIndex: updateIncreasingly -1 -> 0
2021-08-14 01:17:54,715 [Command processor thread] INFO  server.RaftServer$Division (ServerState.java:close(419)) - 3f463b76-9b55-4691-ac7a-6f4d2c8885f5@group-1889914824F7: closes. applyIndex: 0
2021-08-14 01:17:54,715 [3f463b76-9b55-4691-ac7a-6f4d2c8885f5@group-1889914824F7-SegmentedRaftLogWorker] INFO  segmented.SegmentedRaftLogWorker (SegmentedRaftLogWorker.java:run(327)) - 3f463b76-9b55-4691-ac7a-6f4d2c8885f5@group-1889914824F7-SegmentedRaftLogWorker was interrupted, exiting. There are 0 tasks remaining in the queue.
2021-08-14 01:17:54,717 [Command processor thread] INFO  segmented.SegmentedRaftLogWorker (SegmentedRaftLogWorker.java:close(237)) - 3f463b76-9b55-4691-ac7a-6f4d2c8885f5@group-1889914824F7-SegmentedRaftLogWorker close()
2021-08-14 01:17:54,719 [Command processor thread] INFO  server.RaftServer$Division (RaftServerImpl.java:groupRemove(377)) - 3f463b76-9b55-4691-ac7a-6f4d2c8885f5@group-1889914824F7: Succeed to remove RaftStorageDirectory Storage Directory /home/runner/work/ozone/ozone/hadoop-ozone/integration-test/target/test-dir/MiniOzoneClusterImpl-4aa5cedd-5a93-4d09-91c0-161c6537f610/datanode-2/data/ratis/d2169314-67dc-4954-bb9d-1889914824f7
2021-08-14 01:17:54,719 [Command processor thread] INFO  commandhandler.ClosePipelineCommandHandler (ClosePipelineCommandHandler.java:handle(75)) - Close Pipeline PipelineID=d2169314-67dc-4954-bb9d-1889914824f7 command on datanode 3f463b76-9b55-4691-ac7a-6f4d2c8885f5.
2021-08-14 01:17:54,958 [16b55799-b12f-451a-a7a5-0c9446c424d0@group-791D410474A1-FollowerState] INFO  impl.FollowerState (FollowerState.java:run(134)) - 16b55799-b12f-451a-a7a5-0c9446c424d0@group-791D410474A1-FollowerState: change to CANDIDATE, lastRpcElapsedTime:5077248598ns, electionTimeout:5048ms
2021-08-14 01:17:54,960 [16b55799-b12f-451a-a7a5-0c9446c424d0@group-791D410474A1-FollowerState] INFO  impl.RoleInfo (RoleInfo.java:shutdownFollowerState(108)) - 16b55799-b12f-451a-a7a5-0c9446c424d0: shutdown 16b55799-b12f-451a-a7a5-0c9446c424d0@group-791D410474A1-FollowerState
2021-08-14 01:17:54,960 [16b55799-b12f-451a-a7a5-0c9446c424d0@group-791D410474A1-FollowerState] INFO  server.RaftServer$Division (RaftServerImpl.java:setRole(285)) - 16b55799-b12f-451a-a7a5-0c9446c424d0@group-791D410474A1: changes role from  FOLLOWER to CANDIDATE at term 1 for changeToCandidate
2021-08-14 01:17:54,960 [16b55799-b12f-451a-a7a5-0c9446c424d0@group-791D410474A1-FollowerState] INFO  server.RaftServerConfigKeys (ConfUtils.java:logGet(44)) - raft.server.leaderelection.pre-vote = false (custom)
2021-08-14 01:17:54,960 [16b55799-b12f-451a-a7a5-0c9446c424d0@group-791D410474A1-FollowerState] INFO  impl.RoleInfo (RoleInfo.java:updateAndGet(130)) - 16b55799-b12f-451a-a7a5-0c9446c424d0: start 16b55799-b12f-451a-a7a5-0c9446c424d0@group-791D410474A1-LeaderElection31
2021-08-14 01:17:55,045 [16b55799-b12f-451a-a7a5-0c9446c424d0@group-791D410474A1-LeaderElection31] INFO  impl.LeaderElection (LeaderElection.java:askForVotes(306)) - 16b55799-b12f-451a-a7a5-0c9446c424d0@group-791D410474A1-LeaderElection31 ELECTION round 0: submit vote requests at term 2 for -1: [3f463b76-9b55-4691-ac7a-6f4d2c8885f5|rpc:10.1.0.10:39227|dataStream:|priority:0, 1916d96e-2259-41cb-b531-e74b04e27058|rpc:10.1.0.10:45569|dataStream:|priority:0, 16b55799-b12f-451a-a7a5-0c9446c424d0|rpc:10.1.0.10:35399|dataStream:|priority:1], old=null
2021-08-14 01:17:55,104 [1916d96e-2259-41cb-b531-e74b04e27058@group-791D410474A1-FollowerState] INFO  impl.FollowerState (FollowerState.java:run(134)) - 1916d96e-2259-41cb-b531-e74b04e27058@group-791D410474A1-FollowerState: change to CANDIDATE, lastRpcElapsedTime:5200935373ns, electionTimeout:5200ms
2021-08-14 01:17:55,104 [1916d96e-2259-41cb-b531-e74b04e27058@group-791D410474A1-FollowerState] INFO  impl.RoleInfo (RoleInfo.java:shutdownFollowerState(108)) - 1916d96e-2259-41cb-b531-e74b04e27058: shutdown 1916d96e-2259-41cb-b531-e74b04e27058@group-791D410474A1-FollowerState
2021-08-14 01:17:55,104 [1916d96e-2259-41cb-b531-e74b04e27058@group-791D410474A1-FollowerState] INFO  server.RaftServer$Division (RaftServerImpl.java:setRole(285)) - 1916d96e-2259-41cb-b531-e74b04e27058@group-791D410474A1: changes role from  FOLLOWER to CANDIDATE at term 1 for changeToCandidate
2021-08-14 01:17:55,104 [1916d96e-2259-41cb-b531-e74b04e27058@group-791D410474A1-FollowerState] INFO  server.RaftServerConfigKeys (ConfUtils.java:logGet(44)) - raft.server.leaderelection.pre-vote = false (custom)
2021-08-14 01:17:55,104 [1916d96e-2259-41cb-b531-e74b04e27058@group-791D410474A1-FollowerState] INFO  impl.RoleInfo (RoleInfo.java:updateAndGet(130)) - 1916d96e-2259-41cb-b531-e74b04e27058: start 1916d96e-2259-41cb-b531-e74b04e27058@group-791D410474A1-LeaderElection32
2021-08-14 01:17:55,123 [grpc-default-executor-0] INFO  server.RaftServer$Division (RaftServerImpl.java:requestVote(1043)) - 1916d96e-2259-41cb-b531-e74b04e27058@group-791D410474A1: receive requestVote(ELECTION, 16b55799-b12f-451a-a7a5-0c9446c424d0, group-791D410474A1, 2, (t:0, i:0))
2021-08-14 01:17:55,137 [grpc-default-executor-0] INFO  impl.VoteContext (VoteContext.java:log(48)) - 1916d96e-2259-41cb-b531-e74b04e27058@group-791D410474A1-CANDIDATE: accept ELECTION from 16b55799-b12f-451a-a7a5-0c9446c424d0: our priority 0 <= candidate's priority 1
2021-08-14 01:17:55,137 [grpc-default-executor-0] INFO  server.RaftServer$Division (RaftServerImpl.java:setRole(285)) - 1916d96e-2259-41cb-b531-e74b04e27058@group-791D410474A1: changes role from CANDIDATE to FOLLOWER at term 2 for candidate:16b55799-b12f-451a-a7a5-0c9446c424d0
2021-08-14 01:17:55,137 [grpc-default-executor-0] INFO  impl.RoleInfo (RoleInfo.java:shutdownLeaderElection(121)) - 1916d96e-2259-41cb-b531-e74b04e27058: shutdown 1916d96e-2259-41cb-b531-e74b04e27058@group-791D410474A1-LeaderElection32
2021-08-14 01:17:55,137 [grpc-default-executor-0] INFO  impl.RoleInfo (RoleInfo.java:updateAndGet(130)) - 1916d96e-2259-41cb-b531-e74b04e27058: start 1916d96e-2259-41cb-b531-e74b04e27058@group-791D410474A1-FollowerState
2021-08-14 01:17:55,140 [grpc-default-executor-0] INFO  server.RaftServer$Division (RaftServerImpl.java:requestVote(1075)) - 1916d96e-2259-41cb-b531-e74b04e27058@group-791D410474A1 replies to ELECTION vote request: 16b55799-b12f-451a-a7a5-0c9446c424d0<-1916d96e-2259-41cb-b531-e74b04e27058#0:OK-t2. Peer's state: 1916d96e-2259-41cb-b531-e74b04e27058@group-791D410474A1:t2, leader=null, voted=16b55799-b12f-451a-a7a5-0c9446c424d0, raftlog=1916d96e-2259-41cb-b531-e74b04e27058@group-791D410474A1-SegmentedRaftLog:OPENED:c-1,f-1,i0, conf=-1: [3f463b76-9b55-4691-ac7a-6f4d2c8885f5|rpc:10.1.0.10:39227|priority:0, 1916d96e-2259-41cb-b531-e74b04e27058|rpc:10.1.0.10:45569|priority:0, 16b55799-b12f-451a-a7a5-0c9446c424d0|rpc:10.1.0.10:35399|priority:1], old=null
2021-08-14 01:17:55,142 [16b55799-b12f-451a-a7a5-0c9446c424d0@group-791D410474A1-LeaderElection31] INFO  impl.LeaderElection (LeaderElection.java:logAndReturn(89)) - 16b55799-b12f-451a-a7a5-0c9446c424d0@group-791D410474A1-LeaderElection31: ELECTION PASSED received 1 response(s) and 0 exception(s):
2021-08-14 01:17:55,142 [16b55799-b12f-451a-a7a5-0c9446c424d0@group-791D410474A1-LeaderElection31] INFO  impl.LeaderElection (LeaderElection.java:logAndReturn(93)) -   Response 0: 16b55799-b12f-451a-a7a5-0c9446c424d0<-1916d96e-2259-41cb-b531-e74b04e27058#0:OK-t2
2021-08-14 01:17:55,142 [16b55799-b12f-451a-a7a5-0c9446c424d0@group-791D410474A1-LeaderElection31] INFO  impl.LeaderElection (LeaderElection.java:askForVotes(308)) - 16b55799-b12f-451a-a7a5-0c9446c424d0@group-791D410474A1-LeaderElection31 ELECTION round 0: result PASSED
2021-08-14 01:17:55,165 [grpc-default-executor-0] INFO  server.RaftServer$Division (RaftServerImpl.java:requestVote(1043)) - 3f463b76-9b55-4691-ac7a-6f4d2c8885f5@group-791D410474A1: receive requestVote(ELECTION, 16b55799-b12f-451a-a7a5-0c9446c424d0, group-791D410474A1, 2, (t:0, i:0))
2021-08-14 01:17:55,167 [1916d96e-2259-41cb-b531-e74b04e27058@group-791D410474A1-LeaderElection32] INFO  impl.LeaderElection (LeaderElection.java:run(230)) - 1916d96e-2259-41cb-b531-e74b04e27058@group-791D410474A1-LeaderElection32: skip running since this is already CLOSING
2021-08-14 01:17:55,167 [grpc-default-executor-0] INFO  impl.VoteContext (VoteContext.java:log(48)) - 3f463b76-9b55-4691-ac7a-6f4d2c8885f5@group-791D410474A1-FOLLOWER: accept ELECTION from 16b55799-b12f-451a-a7a5-0c9446c424d0: our priority 0 <= candidate's priority 1
2021-08-14 01:17:55,168 [grpc-default-executor-0] INFO  server.RaftServer$Division (RaftServerImpl.java:setRole(285)) - 3f463b76-9b55-4691-ac7a-6f4d2c8885f5@group-791D410474A1: changes role from  FOLLOWER to FOLLOWER at term 2 for candidate:16b55799-b12f-451a-a7a5-0c9446c424d0
2021-08-14 01:17:55,168 [grpc-default-executor-0] INFO  impl.RoleInfo (RoleInfo.java:shutdownFollowerState(108)) - 3f463b76-9b55-4691-ac7a-6f4d2c8885f5: shutdown 3f463b76-9b55-4691-ac7a-6f4d2c8885f5@group-791D410474A1-FollowerState
2021-08-14 01:17:55,168 [grpc-default-executor-0] INFO  impl.RoleInfo (RoleInfo.java:updateAndGet(130)) - 3f463b76-9b55-4691-ac7a-6f4d2c8885f5: start 3f463b76-9b55-4691-ac7a-6f4d2c8885f5@group-791D410474A1-FollowerState
2021-08-14 01:17:55,172 [3f463b76-9b55-4691-ac7a-6f4d2c8885f5@group-791D410474A1-FollowerState] INFO  impl.FollowerState (FollowerState.java:run(143)) - 3f463b76-9b55-4691-ac7a-6f4d2c8885f5@group-791D410474A1-FollowerState was interrupted: {}
java.lang.InterruptedException: sleep interrupted
	at java.lang.Thread.sleep(Native Method)
	at java.lang.Thread.sleep(Thread.java:340)
	at java.util.concurrent.TimeUnit.sleep(TimeUnit.java:386)
	at org.apache.ratis.util.TimeDuration.sleep(TimeDuration.java:324)
	at org.apache.ratis.util.TimeDuration.sleep(TimeDuration.java:309)
	at org.apache.ratis.server.impl.FollowerState.run(FollowerState.java:118)
2021-08-14 01:17:55,174 [16b55799-b12f-451a-a7a5-0c9446c424d0@group-791D410474A1-LeaderElection31] INFO  impl.RoleInfo (RoleInfo.java:shutdownLeaderElection(121)) - 16b55799-b12f-451a-a7a5-0c9446c424d0: shutdown 16b55799-b12f-451a-a7a5-0c9446c424d0@group-791D410474A1-LeaderElection31
2021-08-14 01:17:55,174 [16b55799-b12f-451a-a7a5-0c9446c424d0@group-791D410474A1-LeaderElection31] INFO  server.RaftServer$Division (RaftServerImpl.java:setRole(285)) - 16b55799-b12f-451a-a7a5-0c9446c424d0@group-791D410474A1: changes role from CANDIDATE to LEADER at term 2 for changeToLeader
2021-08-14 01:17:55,175 [16b55799-b12f-451a-a7a5-0c9446c424d0@group-791D410474A1-LeaderElection31] INFO  ratis.XceiverServerRatis (XceiverServerRatis.java:handleLeaderChangedNotification(861)) - Leader change notification received for group: group-791D410474A1 with new leaderId: 16b55799-b12f-451a-a7a5-0c9446c424d0
2021-08-14 01:17:55,175 [16b55799-b12f-451a-a7a5-0c9446c424d0@group-791D410474A1-LeaderElection31] INFO  server.RaftServer$Division (ServerState.java:setLeader(285)) - 16b55799-b12f-451a-a7a5-0c9446c424d0@group-791D410474A1: change Leader from null to 16b55799-b12f-451a-a7a5-0c9446c424d0 at term 2 for becomeLeader, leader elected after 10276ms
2021-08-14 01:17:55,175 [16b55799-b12f-451a-a7a5-0c9446c424d0@group-791D410474A1-LeaderElection31] INFO  server.RaftServerConfigKeys (ConfUtils.java:logGet(44)) - raft.server.staging.catchup.gap = 1000 (default)
2021-08-14 01:17:55,198 [16b55799-b12f-451a-a7a5-0c9446c424d0@group-791D410474A1-LeaderElection31] INFO  server.RaftServerConfigKeys (ConfUtils.java:logGet(44)) - raft.server.write.element-limit = 1024 (custom)
2021-08-14 01:17:55,198 [16b55799-b12f-451a-a7a5-0c9446c424d0@group-791D410474A1-LeaderElection31] INFO  server.RaftServerConfigKeys (ConfUtils.java:logGet(44)) - raft.server.write.byte-limit = 1024 M (=1073741824) (custom)
2021-08-14 01:17:55,199 [16b55799-b12f-451a-a7a5-0c9446c424d0@group-791D410474A1-LeaderElection31] INFO  server.RaftServerConfigKeys (ConfUtils.java:logGet(44)) - raft.server.watch.timeout = 180s (custom)
2021-08-14 01:17:55,199 [16b55799-b12f-451a-a7a5-0c9446c424d0@group-791D410474A1-LeaderElection31] INFO  server.RaftServerConfigKeys (ConfUtils.java:logGet(44)) - raft.server.watch.timeout.denomination = 1s (default)
2021-08-14 01:17:55,200 [16b55799-b12f-451a-a7a5-0c9446c424d0@group-791D410474A1-LeaderElection31] INFO  server.RaftServerConfigKeys (ConfUtils.java:logGet(44)) - raft.server.watch.element-limit = 65536 (default)
2021-08-14 01:17:55,209 [16b55799-b12f-451a-a7a5-0c9446c424d0@group-791D410474A1-LeaderElection31] INFO  server.RaftServerConfigKeys (ConfUtils.java:logGet(44)) - raft.server.log.appender.snapshot.chunk.size.max = 16MB (=16777216) (default)
2021-08-14 01:17:55,210 [16b55799-b12f-451a-a7a5-0c9446c424d0@group-791D410474A1-LeaderElection31] INFO  server.RaftServerConfigKeys (ConfUtils.java:logGet(44)) - raft.server.log.appender.buffer.byte-limit = 33554432 (custom)
2021-08-14 01:17:55,211 [16b55799-b12f-451a-a7a5-0c9446c424d0@group-791D410474A1-LeaderElection31] INFO  server.RaftServerConfigKeys (ConfUtils.java:logGet(44)) - raft.server.log.appender.buffer.element-limit = 1 (custom)
2021-08-14 01:17:55,211 [16b55799-b12f-451a-a7a5-0c9446c424d0@group-791D410474A1-LeaderElection31] INFO  grpc.GrpcConfigKeys (ConfUtils.java:logGet(44)) - raft.grpc.server.leader.outstanding.appends.max = 128 (default)
2021-08-14 01:17:55,211 [16b55799-b12f-451a-a7a5-0c9446c424d0@group-791D410474A1-LeaderElection31] INFO  server.RaftServerConfigKeys (ConfUtils.java:logGet(44)) - raft.server.rpc.request.timeout = 60s (custom)
2021-08-14 01:17:55,211 [grpc-default-executor-0] INFO  server.RaftServer$Division (RaftServerImpl.java:requestVote(1075)) - 3f463b76-9b55-4691-ac7a-6f4d2c8885f5@group-791D410474A1 replies to ELECTION vote request: 16b55799-b12f-451a-a7a5-0c9446c424d0<-3f463b76-9b55-4691-ac7a-6f4d2c8885f5#0:OK-t2. Peer's state: 3f463b76-9b55-4691-ac7a-6f4d2c8885f5@group-791D410474A1:t2, leader=null, voted=16b55799-b12f-451a-a7a5-0c9446c424d0, raftlog=3f463b76-9b55-4691-ac7a-6f4d2c8885f5@group-791D410474A1-SegmentedRaftLog:OPENED:c-1,f-1,i0, conf=-1: [3f463b76-9b55-4691-ac7a-6f4d2c8885f5|rpc:10.1.0.10:39227|dataStream:|priority:0, 1916d96e-2259-41cb-b531-e74b04e27058|rpc:10.1.0.10:45569|dataStream:|priority:0, 16b55799-b12f-451a-a7a5-0c9446c424d0|rpc:10.1.0.10:35399|dataStream:|priority:1], old=null
2021-08-14 01:17:55,236 [16b55799-b12f-451a-a7a5-0c9446c424d0@group-791D410474A1-LeaderElection31] INFO  server.RaftServerConfigKeys (ConfUtils.java:logGet(44)) - raft.server.log.appender.install.snapshot.enabled = false (custom)
2021-08-14 01:17:55,242 [16b55799-b12f-451a-a7a5-0c9446c424d0@group-791D410474A1-LeaderElection31] INFO  server.RaftServerConfigKeys (ConfUtils.java:logGet(44)) - raft.server.log.appender.snapshot.chunk.size.max = 16MB (=16777216) (default)
2021-08-14 01:17:55,242 [16b55799-b12f-451a-a7a5-0c9446c424d0@group-791D410474A1-LeaderElection31] INFO  server.RaftServerConfigKeys (ConfUtils.java:logGet(44)) - raft.server.log.appender.buffer.byte-limit = 33554432 (custom)
2021-08-14 01:17:55,242 [16b55799-b12f-451a-a7a5-0c9446c424d0@group-791D410474A1-LeaderElection31] INFO  server.RaftServerConfigKeys (ConfUtils.java:logGet(44)) - raft.server.log.appender.buffer.element-limit = 1 (custom)
2021-08-14 01:17:55,242 [16b55799-b12f-451a-a7a5-0c9446c424d0@group-791D410474A1-LeaderElection31] INFO  grpc.GrpcConfigKeys (ConfUtils.java:logGet(44)) - raft.grpc.server.leader.outstanding.appends.max = 128 (default)
2021-08-14 01:17:55,243 [16b55799-b12f-451a-a7a5-0c9446c424d0@group-791D410474A1-LeaderElection31] INFO  server.RaftServerConfigKeys (ConfUtils.java:logGet(44)) - raft.server.rpc.request.timeout = 60s (custom)
2021-08-14 01:17:55,243 [16b55799-b12f-451a-a7a5-0c9446c424d0@group-791D410474A1-LeaderElection31] INFO  server.RaftServerConfigKeys (ConfUtils.java:logGet(44)) - raft.server.log.appender.install.snapshot.enabled = false (custom)
2021-08-14 01:17:55,257 [16b55799-b12f-451a-a7a5-0c9446c424d0@group-791D410474A1-LeaderElection31] INFO  impl.RoleInfo (RoleInfo.java:updateAndGet(130)) - 16b55799-b12f-451a-a7a5-0c9446c424d0: start 16b55799-b12f-451a-a7a5-0c9446c424d0@group-791D410474A1-LeaderStateImpl
2021-08-14 01:17:55,258 [16b55799-b12f-451a-a7a5-0c9446c424d0@group-791D410474A1-LeaderElection31] INFO  segmented.SegmentedRaftLogWorker (SegmentedRaftLogWorker.java:startLogSegment(394)) - 16b55799-b12f-451a-a7a5-0c9446c424d0@group-791D410474A1-SegmentedRaftLogWorker: Starting segment from index:0
2021-08-14 01:17:55,260 [16b55799-b12f-451a-a7a5-0c9446c424d0@group-791D410474A1-SegmentedRaftLogWorker] INFO  segmented.SegmentedRaftLogWorker (SegmentedRaftLogWorker.java:execute(601)) - 16b55799-b12f-451a-a7a5-0c9446c424d0@group-791D410474A1-SegmentedRaftLogWorker: created new log segment /home/runner/work/ozone/ozone/hadoop-ozone/integration-test/target/test-dir/MiniOzoneClusterImpl-4aa5cedd-5a93-4d09-91c0-161c6537f610/datanode-1/data/ratis/7017f538-cf09-43f5-ade5-791d410474a1/current/log_inprogress_0
2021-08-14 01:17:55,309 [grpc-default-executor-2] INFO  ratis.XceiverServerRatis (XceiverServerRatis.java:handleLeaderChangedNotification(861)) - Leader change notification received for group: group-791D410474A1 with new leaderId: 16b55799-b12f-451a-a7a5-0c9446c424d0
2021-08-14 01:17:55,309 [grpc-default-executor-2] INFO  server.RaftServer$Division (ServerState.java:setLeader(285)) - 3f463b76-9b55-4691-ac7a-6f4d2c8885f5@group-791D410474A1: change Leader from null to 16b55799-b12f-451a-a7a5-0c9446c424d0 at term 2 for appendEntries, leader elected after 10469ms
2021-08-14 01:17:55,322 [grpc-default-executor-1] INFO  ratis.XceiverServerRatis (XceiverServerRatis.java:handleLeaderChangedNotification(861)) - Leader change notification received for group: group-791D410474A1 with new leaderId: 16b55799-b12f-451a-a7a5-0c9446c424d0
2021-08-14 01:17:55,322 [grpc-default-executor-1] INFO  server.RaftServer$Division (ServerState.java:setLeader(285)) - 1916d96e-2259-41cb-b531-e74b04e27058@group-791D410474A1: change Leader from null to 16b55799-b12f-451a-a7a5-0c9446c424d0 at term 2 for appendEntries, leader elected after 10541ms
2021-08-14 01:17:55,359 [16b55799-b12f-451a-a7a5-0c9446c424d0@group-791D410474A1-LeaderElection31] INFO  server.RaftServer$Division (ServerState.java:setRaftConf(387)) - 16b55799-b12f-451a-a7a5-0c9446c424d0@group-791D410474A1: set configuration 0: [3f463b76-9b55-4691-ac7a-6f4d2c8885f5|rpc:10.1.0.10:39227|dataStream:|priority:0, 1916d96e-2259-41cb-b531-e74b04e27058|rpc:10.1.0.10:45569|dataStream:|priority:0, 16b55799-b12f-451a-a7a5-0c9446c424d0|rpc:10.1.0.10:35399|dataStream:|priority:1], old=null
2021-08-14 01:17:55,362 [grpc-default-executor-2] INFO  server.RaftServer$Division (ServerState.java:setRaftConf(387)) - 3f463b76-9b55-4691-ac7a-6f4d2c8885f5@group-791D410474A1: set configuration 0: [3f463b76-9b55-4691-ac7a-6f4d2c8885f5|rpc:10.1.0.10:39227|dataStream:|priority:0, 1916d96e-2259-41cb-b531-e74b04e27058|rpc:10.1.0.10:45569|dataStream:|priority:0, 16b55799-b12f-451a-a7a5-0c9446c424d0|rpc:10.1.0.10:35399|dataStream:|priority:1], old=null
2021-08-14 01:17:55,362 [grpc-default-executor-2] INFO  segmented.SegmentedRaftLogWorker (SegmentedRaftLogWorker.java:startLogSegment(394)) - 3f463b76-9b55-4691-ac7a-6f4d2c8885f5@group-791D410474A1-SegmentedRaftLogWorker: Starting segment from index:0
2021-08-14 01:17:55,365 [3f463b76-9b55-4691-ac7a-6f4d2c8885f5@group-791D410474A1-SegmentedRaftLogWorker] INFO  segmented.SegmentedRaftLogWorker (SegmentedRaftLogWorker.java:execute(601)) - 3f463b76-9b55-4691-ac7a-6f4d2c8885f5@group-791D410474A1-SegmentedRaftLogWorker: created new log segment /home/runner/work/ozone/ozone/hadoop-ozone/integration-test/target/test-dir/MiniOzoneClusterImpl-4aa5cedd-5a93-4d09-91c0-161c6537f610/datanode-2/data/ratis/7017f538-cf09-43f5-ade5-791d410474a1/current/log_inprogress_0
2021-08-14 01:17:55,419 [grpc-default-executor-1] INFO  server.RaftServer$Division (ServerState.java:setRaftConf(387)) - 1916d96e-2259-41cb-b531-e74b04e27058@group-791D410474A1: set configuration 0: [3f463b76-9b55-4691-ac7a-6f4d2c8885f5|rpc:10.1.0.10:39227|dataStream:|priority:0, 1916d96e-2259-41cb-b531-e74b04e27058|rpc:10.1.0.10:45569|dataStream:|priority:0, 16b55799-b12f-451a-a7a5-0c9446c424d0|rpc:10.1.0.10:35399|dataStream:|priority:1], old=null
2021-08-14 01:17:55,420 [grpc-default-executor-1] INFO  segmented.SegmentedRaftLogWorker (SegmentedRaftLogWorker.java:startLogSegment(394)) - 1916d96e-2259-41cb-b531-e74b04e27058@group-791D410474A1-SegmentedRaftLogWorker: Starting segment from index:0
2021-08-14 01:17:55,424 [1916d96e-2259-41cb-b531-e74b04e27058@group-791D410474A1-SegmentedRaftLogWorker] INFO  segmented.SegmentedRaftLogWorker (SegmentedRaftLogWorker.java:execute(601)) - 1916d96e-2259-41cb-b531-e74b04e27058@group-791D410474A1-SegmentedRaftLogWorker: created new log segment /home/runner/work/ozone/ozone/hadoop-ozone/integration-test/target/test-dir/MiniOzoneClusterImpl-4aa5cedd-5a93-4d09-91c0-161c6537f610/datanode-0/data/ratis/7017f538-cf09-43f5-ade5-791d410474a1/current/log_inprogress_0
2021-08-14 01:17:57,766 [ForkJoinPool.commonPool-worker-1] INFO  ozoneimpl.OzoneContainer (OzoneContainer.java:stop(326)) - Attempting to stop container services.
2021-08-14 01:17:57,767 [Listener at 127.0.0.1/39751] INFO  ozoneimpl.OzoneContainer (OzoneContainer.java:stop(326)) - Attempting to stop container services.
2021-08-14 01:17:57,770 [Listener at 127.0.0.1/39751] INFO  server.RaftServer (RaftServerProxy.java:lambda$close$6(391)) - 16b55799-b12f-451a-a7a5-0c9446c424d0: close
2021-08-14 01:17:57,771 [Listener at 127.0.0.1/39751] INFO  server.RaftServer$Division (RaftServerImpl.java:lambda$close$4(407)) - 16b55799-b12f-451a-a7a5-0c9446c424d0@group-1889914824F7: shutdown
2021-08-14 01:17:57,771 [Listener at 127.0.0.1/39751] INFO  util.JmxRegister (JmxRegister.java:unregister(73)) - Successfully un-registered JMX Bean with object name Ratis:service=RaftServer,group=group-1889914824F7,id=16b55799-b12f-451a-a7a5-0c9446c424d0
2021-08-14 01:17:57,771 [Listener at 127.0.0.1/39751] INFO  impl.RoleInfo (RoleInfo.java:shutdownFollowerState(108)) - 16b55799-b12f-451a-a7a5-0c9446c424d0: shutdown 16b55799-b12f-451a-a7a5-0c9446c424d0@group-1889914824F7-FollowerState
2021-08-14 01:17:57,771 [Listener at 127.0.0.1/39751] INFO  impl.StateMachineUpdater (StateMachineUpdater.java:stopAndJoin(149)) - 16b55799-b12f-451a-a7a5-0c9446c424d0@group-1889914824F7-StateMachineUpdater: set stopIndex = 0
2021-08-14 01:17:57,771 [16b55799-b12f-451a-a7a5-0c9446c424d0@group-1889914824F7-FollowerState] INFO  impl.FollowerState (FollowerState.java:run(143)) - 16b55799-b12f-451a-a7a5-0c9446c424d0@group-1889914824F7-FollowerState was interrupted: {}
java.lang.InterruptedException: sleep interrupted
	at java.lang.Thread.sleep(Native Method)
	at java.lang.Thread.sleep(Thread.java:340)
	at java.util.concurrent.TimeUnit.sleep(TimeUnit.java:386)
	at org.apache.ratis.util.TimeDuration.sleep(TimeDuration.java:324)
	at org.apache.ratis.util.TimeDuration.sleep(TimeDuration.java:309)
	at org.apache.ratis.server.impl.FollowerState.run(FollowerState.java:118)
2021-08-14 01:17:57,772 [16b55799-b12f-451a-a7a5-0c9446c424d0@group-1889914824F7-StateMachineUpdater] INFO  ratis.ContainerStateMachine (ContainerStateMachine.java:takeSnapshot(293)) - group-1889914824F7: Taking a snapshot at:(t:1, i:0) file /home/runner/work/ozone/ozone/hadoop-ozone/integration-test/target/test-dir/MiniOzoneClusterImpl-4aa5cedd-5a93-4d09-91c0-161c6537f610/datanode-1/data/ratis/d2169314-67dc-4954-bb9d-1889914824f7/sm/snapshot.1_0
2021-08-14 01:17:57,772 [ForkJoinPool.commonPool-worker-1] INFO  server.RaftServer (RaftServerProxy.java:lambda$close$6(391)) - 1916d96e-2259-41cb-b531-e74b04e27058: close
2021-08-14 01:17:57,772 [ForkJoinPool.commonPool-worker-1] INFO  server.RaftServer$Division (RaftServerImpl.java:lambda$close$4(407)) - 1916d96e-2259-41cb-b531-e74b04e27058@group-1889914824F7: shutdown
2021-08-14 01:17:57,772 [ForkJoinPool.commonPool-worker-1] INFO  util.JmxRegister (JmxRegister.java:unregister(73)) - Successfully un-registered JMX Bean with object name Ratis:service=RaftServer,group=group-1889914824F7,id=1916d96e-2259-41cb-b531-e74b04e27058
2021-08-14 01:17:57,772 [ForkJoinPool.commonPool-worker-1] INFO  impl.RoleInfo (RoleInfo.java:shutdownLeaderState(91)) - 1916d96e-2259-41cb-b531-e74b04e27058: shutdown 1916d96e-2259-41cb-b531-e74b04e27058@group-1889914824F7-LeaderStateImpl
2021-08-14 01:17:57,773 [16b55799-b12f-451a-a7a5-0c9446c424d0@group-1889914824F7-StateMachineUpdater] INFO  ratis.ContainerStateMachine (ContainerStateMachine.java:takeSnapshot(304)) - group-1889914824F7: Finished taking a snapshot at:(t:1, i:0) file:/home/runner/work/ozone/ozone/hadoop-ozone/integration-test/target/test-dir/MiniOzoneClusterImpl-4aa5cedd-5a93-4d09-91c0-161c6537f610/datanode-1/data/ratis/d2169314-67dc-4954-bb9d-1889914824f7/sm/snapshot.1_0 took: 1 ms
2021-08-14 01:17:57,773 [16b55799-b12f-451a-a7a5-0c9446c424d0@group-1889914824F7-StateMachineUpdater] INFO  impl.StateMachineUpdater (StateMachineUpdater.java:takeSnapshot(281)) - 16b55799-b12f-451a-a7a5-0c9446c424d0@group-1889914824F7-StateMachineUpdater: Took a snapshot at index 0
2021-08-14 01:17:57,773 [ForkJoinPool.commonPool-worker-1] INFO  impl.PendingRequests (PendingRequests.java:sendNotLeaderResponses(282)) - 1916d96e-2259-41cb-b531-e74b04e27058@group-1889914824F7-PendingRequests: sendNotLeaderResponses
2021-08-14 01:17:57,773 [1916d96e-2259-41cb-b531-e74b04e27058@group-1889914824F7->3f463b76-9b55-4691-ac7a-6f4d2c8885f5-GrpcLogAppender-LogAppenderDaemon] WARN  server.GrpcLogAppender (GrpcLogAppender.java:mayWait(175)) - 1916d96e-2259-41cb-b531-e74b04e27058@group-1889914824F7->3f463b76-9b55-4691-ac7a-6f4d2c8885f5-GrpcLogAppender: Wait interrupted by java.lang.InterruptedException
2021-08-14 01:17:57,773 [1916d96e-2259-41cb-b531-e74b04e27058@group-1889914824F7->16b55799-b12f-451a-a7a5-0c9446c424d0-GrpcLogAppender-LogAppenderDaemon] WARN  server.GrpcLogAppender (GrpcLogAppender.java:mayWait(175)) - 1916d96e-2259-41cb-b531-e74b04e27058@group-1889914824F7->16b55799-b12f-451a-a7a5-0c9446c424d0-GrpcLogAppender: Wait interrupted by java.lang.InterruptedException
2021-08-14 01:17:57,773 [16b55799-b12f-451a-a7a5-0c9446c424d0@group-1889914824F7-StateMachineUpdater] INFO  impl.StateMachineUpdater (StateMachineUpdater.java:lambda$new$0(89)) - 16b55799-b12f-451a-a7a5-0c9446c424d0@group-1889914824F7-StateMachineUpdater: snapshotIndex: updateIncreasingly -1 -> 0
2021-08-14 01:17:57,775 [Listener at 127.0.0.1/39751] INFO  server.RaftServer$Division (ServerState.java:close(419)) - 16b55799-b12f-451a-a7a5-0c9446c424d0@group-1889914824F7: closes. applyIndex: 0
2021-08-14 01:17:57,775 [16b55799-b12f-451a-a7a5-0c9446c424d0@group-1889914824F7-SegmentedRaftLogWorker] INFO  segmented.SegmentedRaftLogWorker (SegmentedRaftLogWorker.java:run(327)) - 16b55799-b12f-451a-a7a5-0c9446c424d0@group-1889914824F7-SegmentedRaftLogWorker was interrupted, exiting. There are 0 tasks remaining in the queue.
2021-08-14 01:17:57,775 [grpc-default-executor-2] INFO  server.GrpcServerProtocolService (GrpcServerProtocolService.java:onCompleted(140)) - 3f463b76-9b55-4691-ac7a-6f4d2c8885f5: Completed APPEND_ENTRIES, lastRequest: 1916d96e-2259-41cb-b531-e74b04e27058->3f463b76-9b55-4691-ac7a-6f4d2c8885f5#1-t1,previous=(t:0, i:0),leaderCommit=-1,initializing? true,entries: size=1, first=(t:1, i:0), CONFIGURATIONENTRY
2021-08-14 01:17:57,776 [Listener at 127.0.0.1/39751] INFO  segmented.SegmentedRaftLogWorker (SegmentedRaftLogWorker.java:close(237)) - 16b55799-b12f-451a-a7a5-0c9446c424d0@group-1889914824F7-SegmentedRaftLogWorker close()
2021-08-14 01:17:57,784 [grpc-default-executor-1] INFO  server.GrpcServerProtocolService (GrpcServerProtocolService.java:onCompleted(140)) - 16b55799-b12f-451a-a7a5-0c9446c424d0: Completed APPEND_ENTRIES, lastRequest: 1916d96e-2259-41cb-b531-e74b04e27058->16b55799-b12f-451a-a7a5-0c9446c424d0#1-t1,previous=(t:0, i:0),leaderCommit=0,initializing? true,entries: size=1, first=(t:1, i:0), CONFIGURATIONENTRY
2021-08-14 01:17:57,785 [Listener at 127.0.0.1/39751] INFO  server.RaftServer$Division (RaftServerImpl.java:lambda$close$4(407)) - 16b55799-b12f-451a-a7a5-0c9446c424d0@group-5A1DB29A2974: shutdown
2021-08-14 01:17:57,786 [Listener at 127.0.0.1/39751] INFO  util.JmxRegister (JmxRegister.java:unregister(73)) - Successfully un-registered JMX Bean with object name Ratis:service=RaftServer,group=group-5A1DB29A2974,id=16b55799-b12f-451a-a7a5-0c9446c424d0
2021-08-14 01:17:57,786 [Listener at 127.0.0.1/39751] INFO  impl.RoleInfo (RoleInfo.java:shutdownLeaderState(91)) - 16b55799-b12f-451a-a7a5-0c9446c424d0: shutdown 16b55799-b12f-451a-a7a5-0c9446c424d0@group-5A1DB29A2974-LeaderStateImpl
2021-08-14 01:17:57,786 [Listener at 127.0.0.1/39751] INFO  impl.PendingRequests (PendingRequests.java:sendNotLeaderResponses(282)) - 16b55799-b12f-451a-a7a5-0c9446c424d0@group-5A1DB29A2974-PendingRequests: sendNotLeaderResponses
2021-08-14 01:17:57,786 [1916d96e-2259-41cb-b531-e74b04e27058@group-1889914824F7-StateMachineUpdater] INFO  ratis.ContainerStateMachine (ContainerStateMachine.java:takeSnapshot(293)) - group-1889914824F7: Taking a snapshot at:(t:1, i:0) file /home/runner/work/ozone/ozone/hadoop-ozone/integration-test/target/test-dir/MiniOzoneClusterImpl-4aa5cedd-5a93-4d09-91c0-161c6537f610/datanode-0/data/ratis/d2169314-67dc-4954-bb9d-1889914824f7/sm/snapshot.1_0
2021-08-14 01:17:57,786 [ForkJoinPool.commonPool-worker-1] INFO  impl.StateMachineUpdater (StateMachineUpdater.java:stopAndJoin(149)) - 1916d96e-2259-41cb-b531-e74b04e27058@group-1889914824F7-StateMachineUpdater: set stopIndex = 0
2021-08-14 01:17:57,786 [grpc-default-executor-0] INFO  server.GrpcLogAppender (GrpcLogAppender.java:onCompleted(344)) - 1916d96e-2259-41cb-b531-e74b04e27058@group-1889914824F7->16b55799-b12f-451a-a7a5-0c9446c424d0-AppendLogResponseHandler: follower responses appendEntries COMPLETED
2021-08-14 01:17:57,788 [grpc-default-executor-0] INFO  leader.FollowerInfo (FollowerInfoImpl.java:lambda$new$0(46)) - 1916d96e-2259-41cb-b531-e74b04e27058@group-1889914824F7->16b55799-b12f-451a-a7a5-0c9446c424d0: nextIndex: updateUnconditionally 1 -> 0
2021-08-14 01:17:57,788 [1916d96e-2259-41cb-b531-e74b04e27058@group-1889914824F7-StateMachineUpdater] INFO  ratis.ContainerStateMachine (ContainerStateMachine.java:takeSnapshot(304)) - group-1889914824F7: Finished taking a snapshot at:(t:1, i:0) file:/home/runner/work/ozone/ozone/hadoop-ozone/integration-test/target/test-dir/MiniOzoneClusterImpl-4aa5cedd-5a93-4d09-91c0-161c6537f610/datanode-0/data/ratis/d2169314-67dc-4954-bb9d-1889914824f7/sm/snapshot.1_0 took: 3 ms
2021-08-14 01:17:57,788 [1916d96e-2259-41cb-b531-e74b04e27058@group-1889914824F7-StateMachineUpdater] INFO  impl.StateMachineUpdater (StateMachineUpdater.java:takeSnapshot(281)) - 1916d96e-2259-41cb-b531-e74b04e27058@group-1889914824F7-StateMachineUpdater: Took a snapshot at index 0
2021-08-14 01:17:57,788 [1916d96e-2259-41cb-b531-e74b04e27058@group-1889914824F7-StateMachineUpdater] INFO  impl.StateMachineUpdater (StateMachineUpdater.java:lambda$new$0(89)) - 1916d96e-2259-41cb-b531-e74b04e27058@group-1889914824F7-StateMachineUpdater: snapshotIndex: updateIncreasingly -1 -> 0
2021-08-14 01:17:57,789 [ForkJoinPool.commonPool-worker-1] INFO  server.RaftServer$Division (ServerState.java:close(419)) - 1916d96e-2259-41cb-b531-e74b04e27058@group-1889914824F7: closes. applyIndex: 0
2021-08-14 01:17:57,789 [Listener at 127.0.0.1/39751] INFO  impl.StateMachineUpdater (StateMachineUpdater.java:stopAndJoin(149)) - 16b55799-b12f-451a-a7a5-0c9446c424d0@group-5A1DB29A2974-StateMachineUpdater: set stopIndex = 0
2021-08-14 01:17:57,790 [16b55799-b12f-451a-a7a5-0c9446c424d0@group-5A1DB29A2974-StateMachineUpdater] INFO  ratis.ContainerStateMachine (ContainerStateMachine.java:takeSnapshot(293)) - group-5A1DB29A2974: Taking a snapshot at:(t:1, i:0) file /home/runner/work/ozone/ozone/hadoop-ozone/integration-test/target/test-dir/MiniOzoneClusterImpl-4aa5cedd-5a93-4d09-91c0-161c6537f610/datanode-1/data/ratis/5586f31b-ad38-42f4-bdf6-5a1db29a2974/sm/snapshot.1_0
2021-08-14 01:17:57,790 [16b55799-b12f-451a-a7a5-0c9446c424d0@group-5A1DB29A2974-StateMachineUpdater] INFO  ratis.ContainerStateMachine (ContainerStateMachine.java:takeSnapshot(304)) - group-5A1DB29A2974: Finished taking a snapshot at:(t:1, i:0) file:/home/runner/work/ozone/ozone/hadoop-ozone/integration-test/target/test-dir/MiniOzoneClusterImpl-4aa5cedd-5a93-4d09-91c0-161c6537f610/datanode-1/data/ratis/5586f31b-ad38-42f4-bdf6-5a1db29a2974/sm/snapshot.1_0 took: 1 ms
2021-08-14 01:17:57,791 [16b55799-b12f-451a-a7a5-0c9446c424d0@group-5A1DB29A2974-StateMachineUpdater] INFO  impl.StateMachineUpdater (StateMachineUpdater.java:takeSnapshot(281)) - 16b55799-b12f-451a-a7a5-0c9446c424d0@group-5A1DB29A2974-StateMachineUpdater: Took a snapshot at index 0
2021-08-14 01:17:57,791 [16b55799-b12f-451a-a7a5-0c9446c424d0@group-5A1DB29A2974-StateMachineUpdater] INFO  impl.StateMachineUpdater (StateMachineUpdater.java:lambda$new$0(89)) - 16b55799-b12f-451a-a7a5-0c9446c424d0@group-5A1DB29A2974-StateMachineUpdater: snapshotIndex: updateIncreasingly -1 -> 0
2021-08-14 01:17:57,794 [Listener at 127.0.0.1/39751] INFO  server.RaftServer$Division (ServerState.java:close(419)) - 16b55799-b12f-451a-a7a5-0c9446c424d0@group-5A1DB29A2974: closes. applyIndex: 0
2021-08-14 01:17:57,804 [grpc-default-executor-3] INFO  server.GrpcLogAppender (GrpcLogAppender.java:onCompleted(344)) - 1916d96e-2259-41cb-b531-e74b04e27058@group-1889914824F7->3f463b76-9b55-4691-ac7a-6f4d2c8885f5-AppendLogResponseHandler: follower responses appendEntries COMPLETED
2021-08-14 01:17:57,804 [grpc-default-executor-3] INFO  leader.FollowerInfo (FollowerInfoImpl.java:lambda$new$0(46)) - 1916d96e-2259-41cb-b531-e74b04e27058@group-1889914824F7->3f463b76-9b55-4691-ac7a-6f4d2c8885f5: nextIndex: updateUnconditionally 1 -> 0
2021-08-14 01:17:57,805 [16b55799-b12f-451a-a7a5-0c9446c424d0@group-5A1DB29A2974-SegmentedRaftLogWorker] INFO  segmented.SegmentedRaftLogWorker (SegmentedRaftLogWorker.java:run(327)) - 16b55799-b12f-451a-a7a5-0c9446c424d0@group-5A1DB29A2974-SegmentedRaftLogWorker was interrupted, exiting. There are 0 tasks remaining in the queue.
2021-08-14 01:17:57,805 [1916d96e-2259-41cb-b531-e74b04e27058@group-1889914824F7-SegmentedRaftLogWorker] INFO  segmented.SegmentedRaftLogWorker (SegmentedRaftLogWorker.java:run(327)) - 1916d96e-2259-41cb-b531-e74b04e27058@group-1889914824F7-SegmentedRaftLogWorker was interrupted, exiting. There are 0 tasks remaining in the queue.
2021-08-14 01:17:57,825 [ForkJoinPool.commonPool-worker-1] INFO  segmented.SegmentedRaftLogWorker (SegmentedRaftLogWorker.java:close(237)) - 1916d96e-2259-41cb-b531-e74b04e27058@group-1889914824F7-SegmentedRaftLogWorker close()
2021-08-14 01:17:57,825 [Listener at 127.0.0.1/39751] INFO  segmented.SegmentedRaftLogWorker (SegmentedRaftLogWorker.java:close(237)) - 16b55799-b12f-451a-a7a5-0c9446c424d0@group-5A1DB29A2974-SegmentedRaftLogWorker close()
2021-08-14 01:17:57,826 [ForkJoinPool.commonPool-worker-1] INFO  server.RaftServer$Division (RaftServerImpl.java:lambda$close$4(407)) - 1916d96e-2259-41cb-b531-e74b04e27058@group-D84F8DBF4B95: shutdown
2021-08-14 01:17:57,826 [ForkJoinPool.commonPool-worker-1] INFO  util.JmxRegister (JmxRegister.java:unregister(73)) - Successfully un-registered JMX Bean with object name Ratis:service=RaftServer,group=group-D84F8DBF4B95,id=1916d96e-2259-41cb-b531-e74b04e27058
2021-08-14 01:17:57,826 [ForkJoinPool.commonPool-worker-1] INFO  impl.RoleInfo (RoleInfo.java:shutdownLeaderState(91)) - 1916d96e-2259-41cb-b531-e74b04e27058: shutdown 1916d96e-2259-41cb-b531-e74b04e27058@group-D84F8DBF4B95-LeaderStateImpl
2021-08-14 01:17:57,827 [ForkJoinPool.commonPool-worker-1] INFO  impl.PendingRequests (PendingRequests.java:sendNotLeaderResponses(282)) - 1916d96e-2259-41cb-b531-e74b04e27058@group-D84F8DBF4B95-PendingRequests: sendNotLeaderResponses
2021-08-14 01:17:57,827 [ForkJoinPool.commonPool-worker-1] INFO  impl.StateMachineUpdater (StateMachineUpdater.java:stopAndJoin(149)) - 1916d96e-2259-41cb-b531-e74b04e27058@group-D84F8DBF4B95-StateMachineUpdater: set stopIndex = 0
2021-08-14 01:17:57,828 [1916d96e-2259-41cb-b531-e74b04e27058@group-D84F8DBF4B95-StateMachineUpdater] INFO  ratis.ContainerStateMachine (ContainerStateMachine.java:takeSnapshot(293)) - group-D84F8DBF4B95: Taking a snapshot at:(t:1, i:0) file /home/runner/work/ozone/ozone/hadoop-ozone/integration-test/target/test-dir/MiniOzoneClusterImpl-4aa5cedd-5a93-4d09-91c0-161c6537f610/datanode-0/data/ratis/775adbd9-a29f-4839-b155-d84f8dbf4b95/sm/snapshot.1_0
2021-08-14 01:17:57,830 [Listener at 127.0.0.1/39751] INFO  server.RaftServer$Division (RaftServerImpl.java:lambda$close$4(407)) - 16b55799-b12f-451a-a7a5-0c9446c424d0@group-791D410474A1: shutdown
2021-08-14 01:17:57,830 [Listener at 127.0.0.1/39751] INFO  util.JmxRegister (JmxRegister.java:unregister(73)) - Successfully un-registered JMX Bean with object name Ratis:service=RaftServer,group=group-791D410474A1,id=16b55799-b12f-451a-a7a5-0c9446c424d0
2021-08-14 01:17:57,831 [Listener at 127.0.0.1/39751] INFO  impl.RoleInfo (RoleInfo.java:shutdownLeaderState(91)) - 16b55799-b12f-451a-a7a5-0c9446c424d0: shutdown 16b55799-b12f-451a-a7a5-0c9446c424d0@group-791D410474A1-LeaderStateImpl
2021-08-14 01:17:57,831 [Listener at 127.0.0.1/39751] INFO  impl.PendingRequests (PendingRequests.java:sendNotLeaderResponses(282)) - 16b55799-b12f-451a-a7a5-0c9446c424d0@group-791D410474A1-PendingRequests: sendNotLeaderResponses
2021-08-14 01:17:57,832 [16b55799-b12f-451a-a7a5-0c9446c424d0@group-791D410474A1->1916d96e-2259-41cb-b531-e74b04e27058-GrpcLogAppender-LogAppenderDaemon] WARN  server.GrpcLogAppender (GrpcLogAppender.java:mayWait(175)) - 16b55799-b12f-451a-a7a5-0c9446c424d0@group-791D410474A1->1916d96e-2259-41cb-b531-e74b04e27058-GrpcLogAppender: Wait interrupted by java.lang.InterruptedException
2021-08-14 01:17:57,833 [grpc-default-executor-1] INFO  server.GrpcServerProtocolService (GrpcServerProtocolService.java:onCompleted(140)) - 1916d96e-2259-41cb-b531-e74b04e27058: Completed APPEND_ENTRIES, lastRequest: 16b55799-b12f-451a-a7a5-0c9446c424d0->1916d96e-2259-41cb-b531-e74b04e27058#1-t2,previous=(t:0, i:0),leaderCommit=-1,initializing? true,entries: size=1, first=(t:2, i:0), CONFIGURATIONENTRY
2021-08-14 01:17:57,833 [16b55799-b12f-451a-a7a5-0c9446c424d0@group-791D410474A1->3f463b76-9b55-4691-ac7a-6f4d2c8885f5-GrpcLogAppender-LogAppenderDaemon] WARN  server.GrpcLogAppender (GrpcLogAppender.java:mayWait(175)) - 16b55799-b12f-451a-a7a5-0c9446c424d0@group-791D410474A1->3f463b76-9b55-4691-ac7a-6f4d2c8885f5-GrpcLogAppender: Wait interrupted by java.lang.InterruptedException
2021-08-14 01:17:57,834 [grpc-default-executor-1] INFO  server.GrpcServerProtocolService (GrpcServerProtocolService.java:onCompleted(140)) - 3f463b76-9b55-4691-ac7a-6f4d2c8885f5: Completed APPEND_ENTRIES, lastRequest: 16b55799-b12f-451a-a7a5-0c9446c424d0->3f463b76-9b55-4691-ac7a-6f4d2c8885f5#1-t2,previous=(t:0, i:0),leaderCommit=-1,initializing? true,entries: size=1, first=(t:2, i:0), CONFIGURATIONENTRY
2021-08-14 01:17:57,835 [grpc-default-executor-2] INFO  server.GrpcLogAppender (GrpcLogAppender.java:onCompleted(344)) - 16b55799-b12f-451a-a7a5-0c9446c424d0@group-791D410474A1->3f463b76-9b55-4691-ac7a-6f4d2c8885f5-AppendLogResponseHandler: follower responses appendEntries COMPLETED
2021-08-14 01:17:57,835 [grpc-default-executor-2] INFO  leader.FollowerInfo (FollowerInfoImpl.java:lambda$new$0(46)) - 16b55799-b12f-451a-a7a5-0c9446c424d0@group-791D410474A1->3f463b76-9b55-4691-ac7a-6f4d2c8885f5: nextIndex: updateUnconditionally 1 -> 0
2021-08-14 01:17:57,836 [1916d96e-2259-41cb-b531-e74b04e27058@group-D84F8DBF4B95-StateMachineUpdater] INFO  ratis.ContainerStateMachine (ContainerStateMachine.java:takeSnapshot(304)) - group-D84F8DBF4B95: Finished taking a snapshot at:(t:1, i:0) file:/home/runner/work/ozone/ozone/hadoop-ozone/integration-test/target/test-dir/MiniOzoneClusterImpl-4aa5cedd-5a93-4d09-91c0-161c6537f610/datanode-0/data/ratis/775adbd9-a29f-4839-b155-d84f8dbf4b95/sm/snapshot.1_0 took: 7 ms
2021-08-14 01:17:57,836 [1916d96e-2259-41cb-b531-e74b04e27058@group-D84F8DBF4B95-StateMachineUpdater] INFO  impl.StateMachineUpdater (StateMachineUpdater.java:takeSnapshot(281)) - 1916d96e-2259-41cb-b531-e74b04e27058@group-D84F8DBF4B95-StateMachineUpdater: Took a snapshot at index 0
2021-08-14 01:17:57,836 [1916d96e-2259-41cb-b531-e74b04e27058@group-D84F8DBF4B95-StateMachineUpdater] INFO  impl.StateMachineUpdater (StateMachineUpdater.java:lambda$new$0(89)) - 1916d96e-2259-41cb-b531-e74b04e27058@group-D84F8DBF4B95-StateMachineUpdater: snapshotIndex: updateIncreasingly -1 -> 0
2021-08-14 01:17:57,838 [Listener at 127.0.0.1/39751] INFO  impl.StateMachineUpdater (StateMachineUpdater.java:stopAndJoin(149)) - 16b55799-b12f-451a-a7a5-0c9446c424d0@group-791D410474A1-StateMachineUpdater: set stopIndex = 0
2021-08-14 01:17:57,839 [16b55799-b12f-451a-a7a5-0c9446c424d0@group-791D410474A1-StateMachineUpdater] INFO  ratis.ContainerStateMachine (ContainerStateMachine.java:takeSnapshot(293)) - group-791D410474A1: Taking a snapshot at:(t:2, i:0) file /home/runner/work/ozone/ozone/hadoop-ozone/integration-test/target/test-dir/MiniOzoneClusterImpl-4aa5cedd-5a93-4d09-91c0-161c6537f610/datanode-1/data/ratis/7017f538-cf09-43f5-ade5-791d410474a1/sm/snapshot.2_0
2021-08-14 01:17:57,839 [ForkJoinPool.commonPool-worker-1] INFO  server.RaftServer$Division (ServerState.java:close(419)) - 1916d96e-2259-41cb-b531-e74b04e27058@group-D84F8DBF4B95: closes. applyIndex: 0
2021-08-14 01:17:57,840 [1916d96e-2259-41cb-b531-e74b04e27058@group-D84F8DBF4B95-SegmentedRaftLogWorker] INFO  segmented.SegmentedRaftLogWorker (SegmentedRaftLogWorker.java:run(327)) - 1916d96e-2259-41cb-b531-e74b04e27058@group-D84F8DBF4B95-SegmentedRaftLogWorker was interrupted, exiting. There are 0 tasks remaining in the queue.
2021-08-14 01:17:57,840 [grpc-default-executor-3] INFO  server.GrpcLogAppender (GrpcLogAppender.java:onCompleted(344)) - 16b55799-b12f-451a-a7a5-0c9446c424d0@group-791D410474A1->1916d96e-2259-41cb-b531-e74b04e27058-AppendLogResponseHandler: follower responses appendEntries COMPLETED
2021-08-14 01:17:57,840 [16b55799-b12f-451a-a7a5-0c9446c424d0@group-791D410474A1-StateMachineUpdater] INFO  ratis.ContainerStateMachine (ContainerStateMachine.java:takeSnapshot(304)) - group-791D410474A1: Finished taking a snapshot at:(t:2, i:0) file:/home/runner/work/ozone/ozone/hadoop-ozone/integration-test/target/test-dir/MiniOzoneClusterImpl-4aa5cedd-5a93-4d09-91c0-161c6537f610/datanode-1/data/ratis/7017f538-cf09-43f5-ade5-791d410474a1/sm/snapshot.2_0 took: 1 ms
2021-08-14 01:17:57,840 [16b55799-b12f-451a-a7a5-0c9446c424d0@group-791D410474A1-StateMachineUpdater] INFO  impl.StateMachineUpdater (StateMachineUpdater.java:takeSnapshot(281)) - 16b55799-b12f-451a-a7a5-0c9446c424d0@group-791D410474A1-StateMachineUpdater: Took a snapshot at index 0
2021-08-14 01:17:57,841 [16b55799-b12f-451a-a7a5-0c9446c424d0@group-791D410474A1-StateMachineUpdater] INFO  impl.StateMachineUpdater (StateMachineUpdater.java:lambda$new$0(89)) - 16b55799-b12f-451a-a7a5-0c9446c424d0@group-791D410474A1-StateMachineUpdater: snapshotIndex: updateIncreasingly -1 -> 0
2021-08-14 01:17:57,841 [Listener at 127.0.0.1/39751] INFO  server.RaftServer$Division (ServerState.java:close(419)) - 16b55799-b12f-451a-a7a5-0c9446c424d0@group-791D410474A1: closes. applyIndex: 0
2021-08-14 01:17:57,841 [16b55799-b12f-451a-a7a5-0c9446c424d0@group-791D410474A1-SegmentedRaftLogWorker] INFO  segmented.SegmentedRaftLogWorker (SegmentedRaftLogWorker.java:run(327)) - 16b55799-b12f-451a-a7a5-0c9446c424d0@group-791D410474A1-SegmentedRaftLogWorker was interrupted, exiting. There are 0 tasks remaining in the queue.
2021-08-14 01:17:57,841 [grpc-default-executor-3] INFO  leader.FollowerInfo (FollowerInfoImpl.java:lambda$new$0(46)) - 16b55799-b12f-451a-a7a5-0c9446c424d0@group-791D410474A1->1916d96e-2259-41cb-b531-e74b04e27058: nextIndex: updateUnconditionally 1 -> 0
2021-08-14 01:17:57,861 [ForkJoinPool.commonPool-worker-1] INFO  segmented.SegmentedRaftLogWorker (SegmentedRaftLogWorker.java:close(237)) - 1916d96e-2259-41cb-b531-e74b04e27058@group-D84F8DBF4B95-SegmentedRaftLogWorker close()
2021-08-14 01:17:57,861 [Listener at 127.0.0.1/39751] INFO  segmented.SegmentedRaftLogWorker (SegmentedRaftLogWorker.java:close(237)) - 16b55799-b12f-451a-a7a5-0c9446c424d0@group-791D410474A1-SegmentedRaftLogWorker close()
2021-08-14 01:17:57,862 [ForkJoinPool.commonPool-worker-1] INFO  server.RaftServer$Division (RaftServerImpl.java:lambda$close$4(407)) - 1916d96e-2259-41cb-b531-e74b04e27058@group-791D410474A1: shutdown
2021-08-14 01:17:57,862 [ForkJoinPool.commonPool-worker-1] INFO  util.JmxRegister (JmxRegister.java:unregister(73)) - Successfully un-registered JMX Bean with object name Ratis:service=RaftServer,group=group-791D410474A1,id=1916d96e-2259-41cb-b531-e74b04e27058
2021-08-14 01:17:57,862 [ForkJoinPool.commonPool-worker-1] INFO  impl.RoleInfo (RoleInfo.java:shutdownFollowerState(108)) - 1916d96e-2259-41cb-b531-e74b04e27058: shutdown 1916d96e-2259-41cb-b531-e74b04e27058@group-791D410474A1-FollowerState
2021-08-14 01:17:57,862 [ForkJoinPool.commonPool-worker-1] INFO  impl.StateMachineUpdater (StateMachineUpdater.java:stopAndJoin(149)) - 1916d96e-2259-41cb-b531-e74b04e27058@group-791D410474A1-StateMachineUpdater: set stopIndex = 0
2021-08-14 01:17:57,863 [1916d96e-2259-41cb-b531-e74b04e27058@group-791D410474A1-FollowerState] INFO  impl.FollowerState (FollowerState.java:run(143)) - 1916d96e-2259-41cb-b531-e74b04e27058@group-791D410474A1-FollowerState was interrupted: {}
java.lang.InterruptedException: sleep interrupted
	at java.lang.Thread.sleep(Native Method)
	at java.lang.Thread.sleep(Thread.java:340)
	at java.util.concurrent.TimeUnit.sleep(TimeUnit.java:386)
	at org.apache.ratis.util.TimeDuration.sleep(TimeDuration.java:324)
	at org.apache.ratis.util.TimeDuration.sleep(TimeDuration.java:309)
	at org.apache.ratis.server.impl.FollowerState.run(FollowerState.java:118)
2021-08-14 01:17:57,863 [1916d96e-2259-41cb-b531-e74b04e27058@group-791D410474A1-StateMachineUpdater] INFO  ratis.ContainerStateMachine (ContainerStateMachine.java:takeSnapshot(293)) - group-791D410474A1: Taking a snapshot at:(t:2, i:0) file /home/runner/work/ozone/ozone/hadoop-ozone/integration-test/target/test-dir/MiniOzoneClusterImpl-4aa5cedd-5a93-4d09-91c0-161c6537f610/datanode-0/data/ratis/7017f538-cf09-43f5-ade5-791d410474a1/sm/snapshot.2_0
2021-08-14 01:17:57,864 [Listener at 127.0.0.1/39751] INFO  server.GrpcService (GrpcService.java:closeImpl(262)) - 16b55799-b12f-451a-a7a5-0c9446c424d0: shutdown server with port 35399 now
2021-08-14 01:17:57,864 [1916d96e-2259-41cb-b531-e74b04e27058@group-791D410474A1-StateMachineUpdater] INFO  ratis.ContainerStateMachine (ContainerStateMachine.java:takeSnapshot(304)) - group-791D410474A1: Finished taking a snapshot at:(t:2, i:0) file:/home/runner/work/ozone/ozone/hadoop-ozone/integration-test/target/test-dir/MiniOzoneClusterImpl-4aa5cedd-5a93-4d09-91c0-161c6537f610/datanode-0/data/ratis/7017f538-cf09-43f5-ade5-791d410474a1/sm/snapshot.2_0 took: 1 ms
2021-08-14 01:17:57,865 [1916d96e-2259-41cb-b531-e74b04e27058@group-791D410474A1-StateMachineUpdater] INFO  impl.StateMachineUpdater (StateMachineUpdater.java:takeSnapshot(281)) - 1916d96e-2259-41cb-b531-e74b04e27058@group-791D410474A1-StateMachineUpdater: Took a snapshot at index 0
2021-08-14 01:17:57,865 [1916d96e-2259-41cb-b531-e74b04e27058@group-791D410474A1-StateMachineUpdater] INFO  impl.StateMachineUpdater (StateMachineUpdater.java:lambda$new$0(89)) - 1916d96e-2259-41cb-b531-e74b04e27058@group-791D410474A1-StateMachineUpdater: snapshotIndex: updateIncreasingly -1 -> 0
2021-08-14 01:17:57,866 [ForkJoinPool.commonPool-worker-1] INFO  server.RaftServer$Division (ServerState.java:close(419)) - 1916d96e-2259-41cb-b531-e74b04e27058@group-791D410474A1: closes. applyIndex: 0
2021-08-14 01:17:57,867 [1916d96e-2259-41cb-b531-e74b04e27058@group-791D410474A1-SegmentedRaftLogWorker] INFO  segmented.SegmentedRaftLogWorker (SegmentedRaftLogWorker.java:run(327)) - 1916d96e-2259-41cb-b531-e74b04e27058@group-791D410474A1-SegmentedRaftLogWorker was interrupted, exiting. There are 0 tasks remaining in the queue.
2021-08-14 01:17:57,881 [ForkJoinPool.commonPool-worker-1] INFO  segmented.SegmentedRaftLogWorker (SegmentedRaftLogWorker.java:close(237)) - 1916d96e-2259-41cb-b531-e74b04e27058@group-791D410474A1-SegmentedRaftLogWorker close()
2021-08-14 01:17:57,896 [Listener at 127.0.0.1/39751] INFO  server.GrpcService (GrpcService.java:closeImpl(271)) - 16b55799-b12f-451a-a7a5-0c9446c424d0: shutdown server with port 35399 successfully
2021-08-14 01:17:57,900 [ForkJoinPool.commonPool-worker-1] INFO  server.GrpcService (GrpcService.java:closeImpl(262)) - 1916d96e-2259-41cb-b531-e74b04e27058: shutdown server with port 45569 now
2021-08-14 01:17:57,907 [org.apache.ratis.util.JvmPauseMonitor$$Lambda$531/1843423744@cbc63fa] INFO  util.JvmPauseMonitor (JvmPauseMonitor.java:run(109)) - JvmPauseMonitor-16b55799-b12f-451a-a7a5-0c9446c424d0: Stopped
2021-08-14 01:17:57,907 [ForkJoinPool.commonPool-worker-1] INFO  server.GrpcService (GrpcService.java:closeImpl(271)) - 1916d96e-2259-41cb-b531-e74b04e27058: shutdown server with port 45569 successfully
2021-08-14 01:17:57,907 [org.apache.ratis.util.JvmPauseMonitor$$Lambda$531/1843423744@3abd213b] INFO  util.JvmPauseMonitor (JvmPauseMonitor.java:run(109)) - JvmPauseMonitor-1916d96e-2259-41cb-b531-e74b04e27058: Stopped
2021-08-14 01:17:57,920 [ForkJoinPool.commonPool-worker-1] INFO  utils.BackgroundService (BackgroundService.java:shutdown(132)) - Shutting down service BlockDeletingService
2021-08-14 01:17:57,930 [Listener at 127.0.0.1/39751] INFO  utils.BackgroundService (BackgroundService.java:shutdown(132)) - Shutting down service BlockDeletingService
2021-08-14 01:18:00,962 [Listener at 127.0.0.1/39751] INFO  statemachine.DatanodeStateMachine (DatanodeStateMachine.java:stopDaemon(515)) - Ozone container server stopped.
2021-08-14 01:18:00,964 [Listener at 127.0.0.1/39751] INFO  handler.ContextHandler (ContextHandler.java:doStop(1153)) - Stopped o.e.j.w.WebAppContext@195ec515{hddsDatanode,/,null,STOPPED}{jar:file:/home/runner/.m2/repository/org/apache/ozone/hdds-container-service/1.2.0-SNAPSHOT/hdds-container-service-1.2.0-SNAPSHOT.jar!/webapps/hddsDatanode}
2021-08-14 01:18:00,967 [Listener at 127.0.0.1/39751] INFO  server.AbstractConnector (AbstractConnector.java:doStop(381)) - Stopped ServerConnector@102e37e2{HTTP/1.1, (http/1.1)}{0.0.0.0:0}
2021-08-14 01:18:00,967 [Listener at 127.0.0.1/39751] INFO  server.session (HouseKeeper.java:stopScavenging(149)) - node0 Stopped scavenging
2021-08-14 01:18:00,967 [Listener at 127.0.0.1/39751] INFO  handler.ContextHandler (ContextHandler.java:doStop(1153)) - Stopped o.e.j.s.ServletContextHandler@661be976{static,/static,jar:file:/home/runner/.m2/repository/org/apache/ozone/hdds-container-service/1.2.0-SNAPSHOT/hdds-container-service-1.2.0-SNAPSHOT.jar!/webapps/static,STOPPED}
2021-08-14 01:18:00,967 [Listener at 127.0.0.1/39751] INFO  handler.ContextHandler (ContextHandler.java:doStop(1153)) - Stopped o.e.j.s.ServletContextHandler@10cddb14{logs,/logs,file:///home/runner/work/ozone/ozone/hadoop-ozone/integration-test/target/log,STOPPED}
2021-08-14 01:18:00,978 [ForkJoinPool.commonPool-worker-1] INFO  statemachine.DatanodeStateMachine (DatanodeStateMachine.java:stopDaemon(515)) - Ozone container server stopped.
2021-08-14 01:18:00,981 [ForkJoinPool.commonPool-worker-1] INFO  handler.ContextHandler (ContextHandler.java:doStop(1153)) - Stopped o.e.j.w.WebAppContext@60c8ab40{hddsDatanode,/,null,STOPPED}{jar:file:/home/runner/.m2/repository/org/apache/ozone/hdds-container-service/1.2.0-SNAPSHOT/hdds-container-service-1.2.0-SNAPSHOT.jar!/webapps/hddsDatanode}
2021-08-14 01:18:00,989 [ForkJoinPool.commonPool-worker-1] INFO  server.AbstractConnector (AbstractConnector.java:doStop(381)) - Stopped ServerConnector@6aa1aee3{HTTP/1.1, (http/1.1)}{0.0.0.0:0}
2021-08-14 01:18:00,989 [ForkJoinPool.commonPool-worker-1] INFO  server.session (HouseKeeper.java:stopScavenging(149)) - node0 Stopped scavenging
2021-08-14 01:18:00,990 [ForkJoinPool.commonPool-worker-1] INFO  handler.ContextHandler (ContextHandler.java:doStop(1153)) - Stopped o.e.j.s.ServletContextHandler@dcd25aa{static,/static,jar:file:/home/runner/.m2/repository/org/apache/ozone/hdds-container-service/1.2.0-SNAPSHOT/hdds-container-service-1.2.0-SNAPSHOT.jar!/webapps/static,STOPPED}
2021-08-14 01:18:00,991 [ForkJoinPool.commonPool-worker-1] INFO  handler.ContextHandler (ContextHandler.java:doStop(1153)) - Stopped o.e.j.s.ServletContextHandler@20662668{logs,/logs,file:///home/runner/work/ozone/ozone/hadoop-ozone/integration-test/target/log,STOPPED}
2021-08-14 01:18:01,695 [Datanode State Machine Thread - 0] INFO  statemachine.DatanodeStateMachine (DatanodeStateMachine.java:lambda$startDaemon$0(457)) - Ozone container server started.
2021-08-14 01:18:05,362 [3f463b76-9b55-4691-ac7a-6f4d2c8885f5@group-791D410474A1-FollowerState] INFO  impl.FollowerState (FollowerState.java:run(134)) - 3f463b76-9b55-4691-ac7a-6f4d2c8885f5@group-791D410474A1-FollowerState: change to CANDIDATE, lastRpcElapsedTime:9923281360ns, electionTimeout:5015ms
2021-08-14 01:18:05,362 [3f463b76-9b55-4691-ac7a-6f4d2c8885f5@group-791D410474A1-FollowerState] INFO  impl.RoleInfo (RoleInfo.java:shutdownFollowerState(108)) - 3f463b76-9b55-4691-ac7a-6f4d2c8885f5: shutdown 3f463b76-9b55-4691-ac7a-6f4d2c8885f5@group-791D410474A1-FollowerState
2021-08-14 01:18:05,362 [3f463b76-9b55-4691-ac7a-6f4d2c8885f5@group-791D410474A1-FollowerState] INFO  server.RaftServer$Division (RaftServerImpl.java:setRole(285)) - 3f463b76-9b55-4691-ac7a-6f4d2c8885f5@group-791D410474A1: changes role from  FOLLOWER to CANDIDATE at term 2 for changeToCandidate
2021-08-14 01:18:05,362 [3f463b76-9b55-4691-ac7a-6f4d2c8885f5@group-791D410474A1-FollowerState] INFO  server.RaftServerConfigKeys (ConfUtils.java:logGet(44)) - raft.server.leaderelection.pre-vote = false (custom)
2021-08-14 01:18:05,362 [3f463b76-9b55-4691-ac7a-6f4d2c8885f5@group-791D410474A1-FollowerState] INFO  impl.RoleInfo (RoleInfo.java:updateAndGet(130)) - 3f463b76-9b55-4691-ac7a-6f4d2c8885f5: start 3f463b76-9b55-4691-ac7a-6f4d2c8885f5@group-791D410474A1-LeaderElection33
2021-08-14 01:18:05,383 [3f463b76-9b55-4691-ac7a-6f4d2c8885f5@group-791D410474A1-LeaderElection33] INFO  server.RaftServer$Division (ServerState.java:setLeader(285)) - 3f463b76-9b55-4691-ac7a-6f4d2c8885f5@group-791D410474A1: change Leader from 16b55799-b12f-451a-a7a5-0c9446c424d0 to null at term 2 for ELECTION
2021-08-14 01:18:05,387 [3f463b76-9b55-4691-ac7a-6f4d2c8885f5@group-791D410474A1-LeaderElection33] INFO  impl.LeaderElection (LeaderElection.java:askForVotes(306)) - 3f463b76-9b55-4691-ac7a-6f4d2c8885f5@group-791D410474A1-LeaderElection33 ELECTION round 0: submit vote requests at term 3 for 0: [3f463b76-9b55-4691-ac7a-6f4d2c8885f5|rpc:10.1.0.10:39227|dataStream:|priority:0, 1916d96e-2259-41cb-b531-e74b04e27058|rpc:10.1.0.10:45569|dataStream:|priority:0, 16b55799-b12f-451a-a7a5-0c9446c424d0|rpc:10.1.0.10:35399|dataStream:|priority:1], old=null
2021-08-14 01:18:05,442 [3f463b76-9b55-4691-ac7a-6f4d2c8885f5@group-791D410474A1-LeaderElection33] INFO  impl.LeaderElection (LogUtils.java:infoOrTrace(137)) - 3f463b76-9b55-4691-ac7a-6f4d2c8885f5@group-791D410474A1-LeaderElection33 got exception when requesting votes: java.util.concurrent.ExecutionException: org.apache.ratis.thirdparty.io.grpc.StatusRuntimeException: UNAVAILABLE: io exception
2021-08-14 01:18:05,466 [3f463b76-9b55-4691-ac7a-6f4d2c8885f5@group-791D410474A1-LeaderElection33] INFO  impl.LeaderElection (LogUtils.java:infoOrTrace(137)) - 3f463b76-9b55-4691-ac7a-6f4d2c8885f5@group-791D410474A1-LeaderElection33 got exception when requesting votes: java.util.concurrent.ExecutionException: org.apache.ratis.thirdparty.io.grpc.StatusRuntimeException: UNAVAILABLE: io exception
2021-08-14 01:18:05,466 [3f463b76-9b55-4691-ac7a-6f4d2c8885f5@group-791D410474A1-LeaderElection33] INFO  impl.LeaderElection (LeaderElection.java:logAndReturn(89)) - 3f463b76-9b55-4691-ac7a-6f4d2c8885f5@group-791D410474A1-LeaderElection33: ELECTION REJECTED received 0 response(s) and 2 exception(s):
2021-08-14 01:18:05,467 [3f463b76-9b55-4691-ac7a-6f4d2c8885f5@group-791D410474A1-LeaderElection33] INFO  impl.LeaderElection (LogUtils.java:infoOrTrace(137)) -   Exception 0: java.util.concurrent.ExecutionException: org.apache.ratis.thirdparty.io.grpc.StatusRuntimeException: UNAVAILABLE: io exception
2021-08-14 01:18:05,467 [3f463b76-9b55-4691-ac7a-6f4d2c8885f5@group-791D410474A1-LeaderElection33] INFO  impl.LeaderElection (LogUtils.java:infoOrTrace(137)) -   Exception 1: java.util.concurrent.ExecutionException: org.apache.ratis.thirdparty.io.grpc.StatusRuntimeException: UNAVAILABLE: io exception
2021-08-14 01:18:05,467 [3f463b76-9b55-4691-ac7a-6f4d2c8885f5@group-791D410474A1-LeaderElection33] INFO  impl.LeaderElection (LeaderElection.java:askForVotes(308)) - 3f463b76-9b55-4691-ac7a-6f4d2c8885f5@group-791D410474A1-LeaderElection33 ELECTION round 0: result REJECTED
2021-08-14 01:18:05,467 [3f463b76-9b55-4691-ac7a-6f4d2c8885f5@group-791D410474A1-LeaderElection33] INFO  server.RaftServer$Division (RaftServerImpl.java:setRole(285)) - 3f463b76-9b55-4691-ac7a-6f4d2c8885f5@group-791D410474A1: changes role from CANDIDATE to FOLLOWER at term 3 for REJECTED
2021-08-14 01:18:05,467 [3f463b76-9b55-4691-ac7a-6f4d2c8885f5@group-791D410474A1-LeaderElection33] INFO  impl.RoleInfo (RoleInfo.java:shutdownLeaderElection(121)) - 3f463b76-9b55-4691-ac7a-6f4d2c8885f5: shutdown 3f463b76-9b55-4691-ac7a-6f4d2c8885f5@group-791D410474A1-LeaderElection33
2021-08-14 01:18:05,467 [3f463b76-9b55-4691-ac7a-6f4d2c8885f5@group-791D410474A1-LeaderElection33] INFO  impl.RoleInfo (RoleInfo.java:updateAndGet(130)) - 3f463b76-9b55-4691-ac7a-6f4d2c8885f5: start 3f463b76-9b55-4691-ac7a-6f4d2c8885f5@group-791D410474A1-FollowerState
2021-08-14 01:18:05,970 [Listener at 127.0.0.1/39751] INFO  ozoneimpl.OzoneContainer (OzoneContainer.java:stop(326)) - Attempting to stop container services.
2021-08-14 01:18:05,973 [Listener at 127.0.0.1/39751] INFO  server.RaftServer (RaftServerProxy.java:lambda$close$6(391)) - 3f463b76-9b55-4691-ac7a-6f4d2c8885f5: close
2021-08-14 01:18:05,985 [Listener at 127.0.0.1/39751] INFO  server.RaftServer$Division (RaftServerImpl.java:lambda$close$4(407)) - 3f463b76-9b55-4691-ac7a-6f4d2c8885f5@group-842385F21238: shutdown
2021-08-14 01:18:05,985 [Listener at 127.0.0.1/39751] INFO  util.JmxRegister (JmxRegister.java:unregister(73)) - Successfully un-registered JMX Bean with object name Ratis:service=RaftServer,group=group-842385F21238,id=3f463b76-9b55-4691-ac7a-6f4d2c8885f5
2021-08-14 01:18:05,985 [Listener at 127.0.0.1/39751] INFO  impl.RoleInfo (RoleInfo.java:shutdownLeaderState(91)) - 3f463b76-9b55-4691-ac7a-6f4d2c8885f5: shutdown 3f463b76-9b55-4691-ac7a-6f4d2c8885f5@group-842385F21238-LeaderStateImpl
2021-08-14 01:18:05,985 [Listener at 127.0.0.1/39751] INFO  impl.PendingRequests (PendingRequests.java:sendNotLeaderResponses(282)) - 3f463b76-9b55-4691-ac7a-6f4d2c8885f5@group-842385F21238-PendingRequests: sendNotLeaderResponses
2021-08-14 01:18:05,986 [Listener at 127.0.0.1/39751] INFO  impl.StateMachineUpdater (StateMachineUpdater.java:stopAndJoin(149)) - 3f463b76-9b55-4691-ac7a-6f4d2c8885f5@group-842385F21238-StateMachineUpdater: set stopIndex = 0
2021-08-14 01:18:05,987 [ForkJoinPool.commonPool-worker-0] INFO  server.RaftServer$Division (RaftServerImpl.java:lambda$close$4(407)) - 3f463b76-9b55-4691-ac7a-6f4d2c8885f5@group-791D410474A1: shutdown
2021-08-14 01:18:05,987 [ForkJoinPool.commonPool-worker-0] INFO  util.JmxRegister (JmxRegister.java:unregister(73)) - Successfully un-registered JMX Bean with object name Ratis:service=RaftServer,group=group-791D410474A1,id=3f463b76-9b55-4691-ac7a-6f4d2c8885f5
2021-08-14 01:18:05,987 [ForkJoinPool.commonPool-worker-0] INFO  impl.RoleInfo (RoleInfo.java:shutdownFollowerState(108)) - 3f463b76-9b55-4691-ac7a-6f4d2c8885f5: shutdown 3f463b76-9b55-4691-ac7a-6f4d2c8885f5@group-791D410474A1-FollowerState
2021-08-14 01:18:05,987 [3f463b76-9b55-4691-ac7a-6f4d2c8885f5@group-791D410474A1-FollowerState] INFO  impl.FollowerState (FollowerState.java:run(143)) - 3f463b76-9b55-4691-ac7a-6f4d2c8885f5@group-791D410474A1-FollowerState was interrupted: {}
java.lang.InterruptedException: sleep interrupted
	at java.lang.Thread.sleep(Native Method)
	at java.lang.Thread.sleep(Thread.java:340)
	at java.util.concurrent.TimeUnit.sleep(TimeUnit.java:386)
	at org.apache.ratis.util.TimeDuration.sleep(TimeDuration.java:324)
	at org.apache.ratis.util.TimeDuration.sleep(TimeDuration.java:309)
	at org.apache.ratis.server.impl.FollowerState.run(FollowerState.java:118)
2021-08-14 01:18:05,987 [3f463b76-9b55-4691-ac7a-6f4d2c8885f5@group-791D410474A1-StateMachineUpdater] INFO  ratis.ContainerStateMachine (ContainerStateMachine.java:takeSnapshot(293)) - group-791D410474A1: Taking a snapshot at:(t:2, i:0) file /home/runner/work/ozone/ozone/hadoop-ozone/integration-test/target/test-dir/MiniOzoneClusterImpl-4aa5cedd-5a93-4d09-91c0-161c6537f610/datanode-2/data/ratis/7017f538-cf09-43f5-ade5-791d410474a1/sm/snapshot.2_0
2021-08-14 01:18:05,988 [3f463b76-9b55-4691-ac7a-6f4d2c8885f5@group-842385F21238-StateMachineUpdater] INFO  ratis.ContainerStateMachine (ContainerStateMachine.java:takeSnapshot(293)) - group-842385F21238: Taking a snapshot at:(t:1, i:0) file /home/runner/work/ozone/ozone/hadoop-ozone/integration-test/target/test-dir/MiniOzoneClusterImpl-4aa5cedd-5a93-4d09-91c0-161c6537f610/datanode-2/data/ratis/ee60c536-3123-4f03-8098-842385f21238/sm/snapshot.1_0
2021-08-14 01:18:05,988 [3f463b76-9b55-4691-ac7a-6f4d2c8885f5@group-791D410474A1-StateMachineUpdater] INFO  ratis.ContainerStateMachine (ContainerStateMachine.java:takeSnapshot(304)) - group-791D410474A1: Finished taking a snapshot at:(t:2, i:0) file:/home/runner/work/ozone/ozone/hadoop-ozone/integration-test/target/test-dir/MiniOzoneClusterImpl-4aa5cedd-5a93-4d09-91c0-161c6537f610/datanode-2/data/ratis/7017f538-cf09-43f5-ade5-791d410474a1/sm/snapshot.2_0 took: 1 ms
2021-08-14 01:18:06,006 [3f463b76-9b55-4691-ac7a-6f4d2c8885f5@group-791D410474A1-StateMachineUpdater] INFO  impl.StateMachineUpdater (StateMachineUpdater.java:takeSnapshot(281)) - 3f463b76-9b55-4691-ac7a-6f4d2c8885f5@group-791D410474A1-StateMachineUpdater: Took a snapshot at index 0
2021-08-14 01:18:06,006 [3f463b76-9b55-4691-ac7a-6f4d2c8885f5@group-791D410474A1-StateMachineUpdater] INFO  impl.StateMachineUpdater (StateMachineUpdater.java:lambda$new$0(89)) - 3f463b76-9b55-4691-ac7a-6f4d2c8885f5@group-791D410474A1-StateMachineUpdater: snapshotIndex: updateIncreasingly -1 -> 0
2021-08-14 01:18:05,997 [ForkJoinPool.commonPool-worker-0] INFO  impl.StateMachineUpdater (StateMachineUpdater.java:stopAndJoin(149)) - 3f463b76-9b55-4691-ac7a-6f4d2c8885f5@group-791D410474A1-StateMachineUpdater: set stopIndex = 0
2021-08-14 01:18:05,991 [3f463b76-9b55-4691-ac7a-6f4d2c8885f5@group-842385F21238-StateMachineUpdater] INFO  ratis.ContainerStateMachine (ContainerStateMachine.java:takeSnapshot(304)) - group-842385F21238: Finished taking a snapshot at:(t:1, i:0) file:/home/runner/work/ozone/ozone/hadoop-ozone/integration-test/target/test-dir/MiniOzoneClusterImpl-4aa5cedd-5a93-4d09-91c0-161c6537f610/datanode-2/data/ratis/ee60c536-3123-4f03-8098-842385f21238/sm/snapshot.1_0 took: 3 ms
2021-08-14 01:18:06,007 [3f463b76-9b55-4691-ac7a-6f4d2c8885f5@group-842385F21238-StateMachineUpdater] INFO  impl.StateMachineUpdater (StateMachineUpdater.java:takeSnapshot(281)) - 3f463b76-9b55-4691-ac7a-6f4d2c8885f5@group-842385F21238-StateMachineUpdater: Took a snapshot at index 0
2021-08-14 01:18:06,008 [3f463b76-9b55-4691-ac7a-6f4d2c8885f5@group-842385F21238-StateMachineUpdater] INFO  impl.StateMachineUpdater (StateMachineUpdater.java:lambda$new$0(89)) - 3f463b76-9b55-4691-ac7a-6f4d2c8885f5@group-842385F21238-StateMachineUpdater: snapshotIndex: updateIncreasingly -1 -> 0
2021-08-14 01:18:06,008 [Listener at 127.0.0.1/39751] INFO  server.RaftServer$Division (ServerState.java:close(419)) - 3f463b76-9b55-4691-ac7a-6f4d2c8885f5@group-842385F21238: closes. applyIndex: 0
2021-08-14 01:18:06,008 [3f463b76-9b55-4691-ac7a-6f4d2c8885f5@group-842385F21238-SegmentedRaftLogWorker] INFO  segmented.SegmentedRaftLogWorker (SegmentedRaftLogWorker.java:run(327)) - 3f463b76-9b55-4691-ac7a-6f4d2c8885f5@group-842385F21238-SegmentedRaftLogWorker was interrupted, exiting. There are 0 tasks remaining in the queue.
2021-08-14 01:18:06,007 [ForkJoinPool.commonPool-worker-0] INFO  server.RaftServer$Division (ServerState.java:close(419)) - 3f463b76-9b55-4691-ac7a-6f4d2c8885f5@group-791D410474A1: closes. applyIndex: 0
2021-08-14 01:18:06,009 [Listener at 127.0.0.1/39751] INFO  segmented.SegmentedRaftLogWorker (SegmentedRaftLogWorker.java:close(237)) - 3f463b76-9b55-4691-ac7a-6f4d2c8885f5@group-842385F21238-SegmentedRaftLogWorker close()
2021-08-14 01:18:06,043 [3f463b76-9b55-4691-ac7a-6f4d2c8885f5@group-791D410474A1-SegmentedRaftLogWorker] INFO  segmented.SegmentedRaftLogWorker (SegmentedRaftLogWorker.java:run(327)) - 3f463b76-9b55-4691-ac7a-6f4d2c8885f5@group-791D410474A1-SegmentedRaftLogWorker was interrupted, exiting. There are 0 tasks remaining in the queue.
2021-08-14 01:18:06,045 [ForkJoinPool.commonPool-worker-0] INFO  segmented.SegmentedRaftLogWorker (SegmentedRaftLogWorker.java:close(237)) - 3f463b76-9b55-4691-ac7a-6f4d2c8885f5@group-791D410474A1-SegmentedRaftLogWorker close()
2021-08-14 01:18:06,047 [Listener at 127.0.0.1/39751] INFO  server.GrpcService (GrpcService.java:closeImpl(262)) - 3f463b76-9b55-4691-ac7a-6f4d2c8885f5: shutdown server with port 39227 now
2021-08-14 01:18:06,097 [Listener at 127.0.0.1/39751] INFO  server.GrpcService (GrpcService.java:closeImpl(271)) - 3f463b76-9b55-4691-ac7a-6f4d2c8885f5: shutdown server with port 39227 successfully
2021-08-14 01:18:06,174 [org.apache.ratis.util.JvmPauseMonitor$$Lambda$531/1843423744@52ac94ca] INFO  util.JvmPauseMonitor (JvmPauseMonitor.java:run(109)) - JvmPauseMonitor-3f463b76-9b55-4691-ac7a-6f4d2c8885f5: Stopped
2021-08-14 01:18:06,184 [Listener at 127.0.0.1/39751] INFO  utils.BackgroundService (BackgroundService.java:shutdown(132)) - Shutting down service BlockDeletingService
2021-08-14 01:18:09,210 [Listener at 127.0.0.1/39751] INFO  statemachine.DatanodeStateMachine (DatanodeStateMachine.java:stopDaemon(515)) - Ozone container server stopped.
2021-08-14 01:18:09,211 [Listener at 127.0.0.1/39751] INFO  handler.ContextHandler (ContextHandler.java:doStop(1153)) - Stopped o.e.j.w.WebAppContext@75526924{hddsDatanode,/,null,STOPPED}{jar:file:/home/runner/.m2/repository/org/apache/ozone/hdds-container-service/1.2.0-SNAPSHOT/hdds-container-service-1.2.0-SNAPSHOT.jar!/webapps/hddsDatanode}
2021-08-14 01:18:09,216 [Listener at 127.0.0.1/39751] INFO  server.AbstractConnector (AbstractConnector.java:doStop(381)) - Stopped ServerConnector@6232eae3{HTTP/1.1, (http/1.1)}{0.0.0.0:0}
2021-08-14 01:18:09,216 [Listener at 127.0.0.1/39751] INFO  server.session (HouseKeeper.java:stopScavenging(149)) - node0 Stopped scavenging
2021-08-14 01:18:09,217 [Listener at 127.0.0.1/39751] INFO  handler.ContextHandler (ContextHandler.java:doStop(1153)) - Stopped o.e.j.s.ServletContextHandler@4d1ece15{static,/static,jar:file:/home/runner/.m2/repository/org/apache/ozone/hdds-container-service/1.2.0-SNAPSHOT/hdds-container-service-1.2.0-SNAPSHOT.jar!/webapps/static,STOPPED}
2021-08-14 01:18:09,217 [Listener at 127.0.0.1/39751] INFO  handler.ContextHandler (ContextHandler.java:doStop(1153)) - Stopped o.e.j.s.ServletContextHandler@6c99d43b{logs,/logs,file:///home/runner/work/ozone/ozone/hadoop-ozone/integration-test/target/log,STOPPED}
2021-08-14 01:18:09,226 [Listener at 127.0.0.1/39751] INFO  ozone.MiniOzoneClusterImpl (MiniOzoneClusterImpl.java:stopSCM(542)) - Stopping the StorageContainerManager
2021-08-14 01:18:09,226 [Listener at 127.0.0.1/39751] INFO  server.StorageContainerManager (StorageContainerManager.java:stop(1341)) - Stopping Replication Manager Service.
2021-08-14 01:18:09,226 [Listener at 127.0.0.1/39751] INFO  container.ReplicationManager (ReplicationManager.java:stop(317)) - Stopping Replication Monitor Thread.
2021-08-14 01:18:09,226 [Listener at 127.0.0.1/39751] INFO  server.StorageContainerManager (StorageContainerManager.java:stop(1348)) - Stopping the Datanode Admin Monitor.
2021-08-14 01:18:09,226 [Listener at 127.0.0.1/39751] INFO  server.StorageContainerManager (StorageContainerManager.java:stop(1355)) - Stopping Lease Manager of the command watchers
2021-08-14 01:18:09,226 [Listener at 127.0.0.1/39751] INFO  server.StorageContainerManager (StorageContainerManager.java:stop(1362)) - Stopping datanode service RPC server
2021-08-14 01:18:09,227 [Listener at 127.0.0.1/39751] INFO  server.SCMDatanodeProtocolServer (SCMDatanodeProtocolServer.java:stop(389)) - Stopping the RPC server for DataNodes
2021-08-14 01:18:09,227 [Listener at 127.0.0.1/39751] INFO  ipc.Server (Server.java:stop(3414)) - Stopping server on 41627
2021-08-14 01:18:09,229 [IPC Server listener on 0] INFO  ipc.Server (Server.java:run(1376)) - Stopping IPC Server listener on 0
2021-08-14 01:18:09,238 [IPC Server Responder] INFO  ipc.Server (Server.java:run(1512)) - Stopping IPC Server Responder
2021-08-14 01:18:09,336 [SCM Heartbeat Processing Thread - 0] WARN  node.NodeStateManager (NodeStateManager.java:scheduleNextHealthCheck(799)) - Current Thread is interrupted, shutting down HB processing thread for Node Manager.
2021-08-14 01:18:09,336 [Listener at 127.0.0.1/39751] INFO  server.StorageContainerManager (StorageContainerManager.java:stop(1370)) - Stopping block service RPC server
2021-08-14 01:18:09,336 [Listener at 127.0.0.1/39751] INFO  server.SCMBlockProtocolServer (SCMBlockProtocolServer.java:stop(160)) - Stopping the RPC server for Block Protocol
2021-08-14 01:18:09,336 [Listener at 127.0.0.1/39751] INFO  ipc.Server (Server.java:stop(3414)) - Stopping server on 38265
2021-08-14 01:18:09,341 [IPC Server listener on 0] INFO  ipc.Server (Server.java:run(1376)) - Stopping IPC Server listener on 0
2021-08-14 01:18:09,342 [IPC Server Responder] INFO  ipc.Server (Server.java:run(1512)) - Stopping IPC Server Responder
2021-08-14 01:18:09,341 [Listener at 127.0.0.1/39751] INFO  server.StorageContainerManager (StorageContainerManager.java:stop(1377)) - Stopping the StorageContainerLocationProtocol RPC server
2021-08-14 01:18:09,364 [Listener at 127.0.0.1/39751] INFO  server.SCMClientProtocolServer (SCMClientProtocolServer.java:stop(173)) - Stopping the RPC server for Client Protocol
2021-08-14 01:18:09,368 [Listener at 127.0.0.1/39751] INFO  ipc.Server (Server.java:stop(3414)) - Stopping server on 37549
2021-08-14 01:18:09,376 [Listener at 127.0.0.1/39751] INFO  server.StorageContainerManager (StorageContainerManager.java:stop(1384)) - Stopping Storage Container Manager HTTP server.
2021-08-14 01:18:09,377 [Listener at 127.0.0.1/39751] INFO  handler.ContextHandler (ContextHandler.java:doStop(1153)) - Stopped o.e.j.w.WebAppContext@577a71e7{scm,/,null,STOPPED}{file:/home/runner/work/ozone/ozone/hadoop-ozone/integration-test/target/test-classes/webapps/scm}
2021-08-14 01:18:09,377 [IPC Server listener on 0] INFO  ipc.Server (Server.java:run(1376)) - Stopping IPC Server listener on 0
2021-08-14 01:18:09,377 [IPC Server Responder] INFO  ipc.Server (Server.java:run(1512)) - Stopping IPC Server Responder
2021-08-14 01:18:09,380 [Listener at 127.0.0.1/39751] INFO  server.AbstractConnector (AbstractConnector.java:doStop(381)) - Stopped ServerConnector@4aa81c63{HTTP/1.1, (http/1.1)}{0.0.0.0:0}
2021-08-14 01:18:09,381 [Listener at 127.0.0.1/39751] INFO  server.session (HouseKeeper.java:stopScavenging(149)) - node0 Stopped scavenging
2021-08-14 01:18:09,381 [Listener at 127.0.0.1/39751] INFO  handler.ContextHandler (ContextHandler.java:doStop(1153)) - Stopped o.e.j.s.ServletContextHandler@5c059d2d{static,/static,file:///home/runner/work/ozone/ozone/hadoop-ozone/integration-test/target/test-classes/webapps/static,STOPPED}
2021-08-14 01:18:09,381 [Listener at 127.0.0.1/39751] INFO  handler.ContextHandler (ContextHandler.java:doStop(1153)) - Stopped o.e.j.s.ServletContextHandler@61d53e6a{logs,/logs,file:///home/runner/work/ozone/ozone/hadoop-ozone/integration-test/target/log,STOPPED}
2021-08-14 01:18:09,398 [Listener at 127.0.0.1/39751] INFO  server.StorageContainerManager (StorageContainerManager.java:stop(1395)) - Stopping Block Manager Service.
2021-08-14 01:18:09,398 [Listener at 127.0.0.1/39751] INFO  utils.BackgroundService (BackgroundService.java:shutdown(132)) - Shutting down service SCMBlockDeletingService
2021-08-14 01:18:09,402 [Listener at 127.0.0.1/39751] INFO  utils.BackgroundService (BackgroundService.java:shutdown(132)) - Shutting down service SCMBlockDeletingService
2021-08-14 01:18:09,414 [Listener at 127.0.0.1/39751] INFO  server.StorageContainerManager (StorageContainerManager.java:stop(1422)) - Stopping SCM Event Queue.
2021-08-14 01:18:09,416 [Listener at 127.0.0.1/39751] INFO  server.StorageContainerManager (StorageContainerManager.java:stop(1433)) - Stopping SCM HA services.
2021-08-14 01:18:09,416 [Listener at 127.0.0.1/39751] INFO  pipeline.BackgroundPipelineCreator (BackgroundPipelineCreatorV2.java:stop(158)) - Stopping RatisPipelineUtilsThread.
2021-08-14 01:18:09,416 [Listener at 127.0.0.1/39751] INFO  server.StorageContainerManager (StorageContainerManager.java:stop(1443)) - Stopping SCM MetadataStore.
2021-08-14 01:18:09,417 [Listener at 127.0.0.1/39751] INFO  impl.MetricsSystemImpl (MetricsSystemImpl.java:stop(210)) - Stopping HddsDatanode metrics system...
2021-08-14 01:18:09,457 [prometheus] INFO  impl.MetricsSinkAdapter (MetricsSinkAdapter.java:publishMetricsFromQueue(141)) - prometheus thread interrupted.
2021-08-14 01:18:09,457 [Listener at 127.0.0.1/39751] INFO  impl.MetricsSystemImpl (MetricsSystemImpl.java:stop(216)) - HddsDatanode metrics system stopped.
]]></system-out>
  </testcase>
</testsuite>