<?xml version="1.0" encoding="UTF-8"?>
<testsuite xmlns:xsi="http://www.w3.org/2001/XMLSchema-instance" xsi:noNamespaceSchemaLocation="https://maven.apache.org/surefire/maven-surefire-plugin/xsd/surefire-test-report.xsd" name="org.apache.hadoop.fs.ozone.TestRootedOzoneFileSystem" time="360.312" tests="160" errors="0" skipped="18" failures="2">
  <properties>
    <property name="awt.toolkit" value="sun.awt.X11.XToolkit"/>
    <property name="file.encoding.pkg" value="sun.io"/>
    <property name="java.specification.version" value="1.8"/>
    <property name="sun.cpu.isalist" value=""/>
    <property name="sun.jnu.encoding" value="UTF-8"/>
    <property name="java.class.path" value="/home/runner/work/ozone/ozone/hadoop-ozone/integration-test/target/test-classes:/home/runner/work/ozone/ozone/hadoop-ozone/integration-test/target/classes:/home/runner/.m2/repository/org/apache/ozone/ozone-common/1.3.0-SNAPSHOT/ozone-common-1.3.0-SNAPSHOT.jar:/home/runner/.m2/repository/org/apache/commons/commons-compress/1.21/commons-compress-1.21.jar:/home/runner/.m2/repository/org/apache/ozone/hdds-common/1.3.0-SNAPSHOT/hdds-common-1.3.0-SNAPSHOT.jar:/home/runner/.m2/repository/org/apache/ozone/hdds-client/1.3.0-SNAPSHOT/hdds-client-1.3.0-SNAPSHOT.jar:/home/runner/.m2/repository/org/apache/ozone/ozone-interface-client/1.3.0-SNAPSHOT/ozone-interface-client-1.3.0-SNAPSHOT.jar:/home/runner/.m2/repository/org/apache/ozone/hdds-test-utils/1.3.0-SNAPSHOT/hdds-test-utils-1.3.0-SNAPSHOT.jar:/home/runner/.m2/repository/com/google/guava/guava/30.1.1-jre/guava-30.1.1-jre.jar:/home/runner/.m2/repository/com/google/guava/failureaccess/1.0.1/failureaccess-1.0.1.jar:/home/runner/.m2/repository/com/google/guava/listenablefuture/9999.0-empty-to-avoid-conflict-with-guava/listenablefuture-9999.0-empty-to-avoid-conflict-with-guava.jar:/home/runner/.m2/repository/com/google/code/findbugs/jsr305/3.0.0/jsr305-3.0.0.jar:/home/runner/.m2/repository/org/checkerframework/checker-qual/3.8.0/checker-qual-3.8.0.jar:/home/runner/.m2/repository/com/google/errorprone/error_prone_annotations/2.2.0/error_prone_annotations-2.2.0.jar:/home/runner/.m2/repository/com/google/j2objc/j2objc-annotations/1.3/j2objc-annotations-1.3.jar:/home/runner/.m2/repository/commons-io/commons-io/2.11.0/commons-io-2.11.0.jar:/home/runner/.m2/repository/commons-logging/commons-logging/1.2/commons-logging-1.2.jar:/home/runner/.m2/repository/log4j/log4j/1.2.17/log4j-1.2.17.jar:/home/runner/.m2/repository/org/slf4j/slf4j-api/1.7.30/slf4j-api-1.7.30.jar:/home/runner/.m2/repository/org/apache/ozone/hdds-server-scm/1.3.0-SNAPSHOT/hdds-server-scm-1.3.0-SNAPSHOT.jar:/home/runner/.m2/repository/org/apache/ozone/hdds-container-service/1.3.0-SNAPSHOT/hdds-container-service-1.3.0-SNAPSHOT.jar:/home/runner/.m2/repository/org/apache/ozone/hdds-hadoop-dependency-server/1.3.0-SNAPSHOT/hdds-hadoop-dependency-server-1.3.0-SNAPSHOT.jar:/home/runner/.m2/repository/org/apache/hadoop/hadoop-hdfs/3.3.1/hadoop-hdfs-3.3.1.jar:/home/runner/.m2/repository/org/apache/ozone/hdds-server-framework/1.3.0-SNAPSHOT/hdds-server-framework-1.3.0-SNAPSHOT.jar:/home/runner/.m2/repository/org/apache/ozone/hdds-interface-server/1.3.0-SNAPSHOT/hdds-interface-server-1.3.0-SNAPSHOT.jar:/home/runner/.m2/repository/org/eclipse/jetty/jetty-servlet/9.4.43.v20210629/jetty-servlet-9.4.43.v20210629.jar:/home/runner/.m2/repository/org/eclipse/jetty/jetty-security/9.4.43.v20210629/jetty-security-9.4.43.v20210629.jar:/home/runner/.m2/repository/org/rocksdb/rocksdbjni/6.25.3/rocksdbjni-6.25.3.jar:/home/runner/.m2/repository/io/prometheus/simpleclient_dropwizard/0.7.0/simpleclient_dropwizard-0.7.0.jar:/home/runner/.m2/repository/io/prometheus/simpleclient/0.7.0/simpleclient-0.7.0.jar:/home/runner/.m2/repository/io/prometheus/simpleclient_common/0.7.0/simpleclient_common-0.7.0.jar:/home/runner/.m2/repository/com/fasterxml/jackson/datatype/jackson-datatype-jsr310/2.12.1/jackson-datatype-jsr310-2.12.1.jar:/home/runner/.m2/repository/io/dropwizard/metrics/metrics-core/3.2.4/metrics-core-3.2.4.jar:/home/runner/.m2/repository/org/apache/hadoop/hadoop-hdfs-client/3.3.1/hadoop-hdfs-client-3.3.1.jar:/home/runner/.m2/repository/org/bouncycastle/bcprov-jdk15on/1.67/bcprov-jdk15on-1.67.jar:/home/runner/.m2/repository/com/google/protobuf/protobuf-java/2.5.0/protobuf-java-2.5.0.jar:/home/runner/.m2/repository/org/apache/ozone/ozone-manager/1.3.0-SNAPSHOT/ozone-manager-1.3.0-SNAPSHOT.jar:/home/runner/.m2/repository/org/aspectj/aspectjrt/1.9.7/aspectjrt-1.9.7.jar:/home/runner/.m2/repository/org/aspectj/aspectjweaver/1.9.7/aspectjweaver-1.9.7.jar:/home/runner/.m2/repository/org/apache/ozone/hdds-interface-client/1.3.0-SNAPSHOT/hdds-interface-client-1.3.0-SNAPSHOT.jar:/home/runner/.m2/repository/org/apache/hadoop/thirdparty/hadoop-shaded-protobuf_3_7/1.1.1/hadoop-shaded-protobuf_3_7-1.1.1.jar:/home/runner/.m2/repository/org/apache/ozone/ozone-interface-storage/1.3.0-SNAPSHOT/ozone-interface-storage-1.3.0-SNAPSHOT.jar:/home/runner/.m2/repository/org/reflections/reflections/0.9.11/reflections-0.9.11.jar:/home/runner/.m2/repository/org/apache/hadoop/hadoop-minikdc/3.3.1/hadoop-minikdc-3.3.1.jar:/home/runner/.m2/repository/org/apache/kerby/kerb-simplekdc/1.0.1/kerb-simplekdc-1.0.1.jar:/home/runner/.m2/repository/org/apache/kerby/kerb-client/1.0.1/kerb-client-1.0.1.jar:/home/runner/.m2/repository/org/apache/kerby/kerby-config/1.0.1/kerby-config-1.0.1.jar:/home/runner/.m2/repository/org/apache/kerby/kerb-common/1.0.1/kerb-common-1.0.1.jar:/home/runner/.m2/repository/org/apache/kerby/kerb-crypto/1.0.1/kerb-crypto-1.0.1.jar:/home/runner/.m2/repository/org/apache/kerby/kerb-util/1.0.1/kerb-util-1.0.1.jar:/home/runner/.m2/repository/org/apache/kerby/token-provider/1.0.1/token-provider-1.0.1.jar:/home/runner/.m2/repository/org/apache/kerby/kerb-admin/1.0.1/kerb-admin-1.0.1.jar:/home/runner/.m2/repository/org/apache/kerby/kerb-server/1.0.1/kerb-server-1.0.1.jar:/home/runner/.m2/repository/org/apache/kerby/kerb-identity/1.0.1/kerb-identity-1.0.1.jar:/home/runner/.m2/repository/org/apache/kerby/kerby-xdr/1.0.1/kerby-xdr-1.0.1.jar:/home/runner/.m2/repository/org/slf4j/slf4j-log4j12/1.7.30/slf4j-log4j12-1.7.30.jar:/home/runner/.m2/repository/org/apache/ozone/ozone-s3gateway/1.3.0-SNAPSHOT/ozone-s3gateway-1.3.0-SNAPSHOT.jar:/home/runner/.m2/repository/org/javassist/javassist/3.21.0-GA/javassist-3.21.0-GA.jar:/home/runner/.m2/repository/org/jboss/weld/servlet/weld-servlet/2.4.7.Final/weld-servlet-2.4.7.Final.jar:/home/runner/.m2/repository/org/glassfish/jersey/containers/jersey-container-servlet-core/2.33/jersey-container-servlet-core-2.33.jar:/home/runner/.m2/repository/org/glassfish/hk2/external/jakarta.inject/2.6.1/jakarta.inject-2.6.1.jar:/home/runner/.m2/repository/org/glassfish/jersey/core/jersey-common/2.33/jersey-common-2.33.jar:/home/runner/.m2/repository/jakarta/ws/rs/jakarta.ws.rs-api/2.1.6/jakarta.ws.rs-api-2.1.6.jar:/home/runner/.m2/repository/org/glassfish/jersey/ext/cdi/jersey-cdi1x/2.33/jersey-cdi1x-2.33.jar:/home/runner/.m2/repository/org/glassfish/jersey/inject/jersey-hk2/2.33/jersey-hk2-2.33.jar:/home/runner/.m2/repository/org/glassfish/hk2/hk2-locator/2.6.1/hk2-locator-2.6.1.jar:/home/runner/.m2/repository/org/glassfish/jersey/media/jersey-media-jaxb/2.33/jersey-media-jaxb-2.33.jar:/home/runner/.m2/repository/org/glassfish/hk2/osgi-resource-locator/1.0.3/osgi-resource-locator-1.0.3.jar:/home/runner/.m2/repository/org/glassfish/hk2/hk2-api/2.5.0/hk2-api-2.5.0.jar:/home/runner/.m2/repository/org/glassfish/hk2/hk2-utils/2.5.0/hk2-utils-2.5.0.jar:/home/runner/.m2/repository/org/glassfish/hk2/external/aopalliance-repackaged/2.5.0/aopalliance-repackaged-2.5.0.jar:/home/runner/.m2/repository/com/fasterxml/jackson/dataformat/jackson-dataformat-xml/2.12.1/jackson-dataformat-xml-2.12.1.jar:/home/runner/.m2/repository/com/fasterxml/jackson/core/jackson-core/2.12.1/jackson-core-2.12.1.jar:/home/runner/.m2/repository/com/fasterxml/jackson/module/jackson-module-jaxb-annotations/2.12.1/jackson-module-jaxb-annotations-2.12.1.jar:/home/runner/.m2/repository/jakarta/xml/bind/jakarta.xml.bind-api/2.3.2/jakarta.xml.bind-api-2.3.2.jar:/home/runner/.m2/repository/org/codehaus/woodstox/stax2-api/3.1.4/stax2-api-3.1.4.jar:/home/runner/.m2/repository/com/fasterxml/woodstox/woodstox-core/5.0.3/woodstox-core-5.0.3.jar:/home/runner/.m2/repository/javax/enterprise/cdi-api/1.2/cdi-api-1.2.jar:/home/runner/.m2/repository/javax/el/javax.el-api/3.0.0/javax.el-api-3.0.0.jar:/home/runner/.m2/repository/javax/interceptor/javax.interceptor-api/1.2/javax.interceptor-api-1.2.jar:/home/runner/.m2/repository/javax/inject/javax.inject/1/javax.inject-1.jar:/home/runner/.m2/repository/javax/xml/bind/jaxb-api/2.3.0/jaxb-api-2.3.0.jar:/home/runner/.m2/repository/org/glassfish/jaxb/jaxb-runtime/2.3.0.1/jaxb-runtime-2.3.0.1.jar:/home/runner/.m2/repository/org/glassfish/jaxb/jaxb-core/2.3.0.1/jaxb-core-2.3.0.1.jar:/home/runner/.m2/repository/org/glassfish/jaxb/txw2/2.3.0.1/txw2-2.3.0.1.jar:/home/runner/.m2/repository/com/sun/istack/istack-commons-runtime/3.0.5/istack-commons-runtime-3.0.5.jar:/home/runner/.m2/repository/org/jvnet/staxex/stax-ex/1.7.8/stax-ex-1.7.8.jar:/home/runner/.m2/repository/com/sun/xml/fastinfoset/FastInfoset/1.2.13/FastInfoset-1.2.13.jar:/home/runner/.m2/repository/javax/activation/activation/1.1.1/activation-1.1.1.jar:/home/runner/.m2/repository/org/apache/ozone/ozone-csi/1.3.0-SNAPSHOT/ozone-csi-1.3.0-SNAPSHOT.jar:/home/runner/.m2/repository/com/google/protobuf/protobuf-java-util/3.12.0/protobuf-java-util-3.12.0.jar:/home/runner/.m2/repository/com/google/code/gson/gson/2.2.4/gson-2.2.4.jar:/home/runner/.m2/repository/org/apache/ozone/hdds-config/1.3.0-SNAPSHOT/hdds-config-1.3.0-SNAPSHOT.jar:/home/runner/.m2/repository/io/grpc/grpc-netty/1.33.0/grpc-netty-1.33.0.jar:/home/runner/.m2/repository/io/grpc/grpc-core/1.33.0/grpc-core-1.33.0.jar:/home/runner/.m2/repository/com/google/android/annotations/4.1.1.4/annotations-4.1.1.4.jar:/home/runner/.m2/repository/io/netty/netty-codec-http2/4.1.63.Final/netty-codec-http2-4.1.63.Final.jar:/home/runner/.m2/repository/io/netty/netty-codec-http/4.1.63.Final/netty-codec-http-4.1.63.Final.jar:/home/runner/.m2/repository/io/netty/netty-handler-proxy/4.1.63.Final/netty-handler-proxy-4.1.63.Final.jar:/home/runner/.m2/repository/io/netty/netty-codec-socks/4.1.63.Final/netty-codec-socks-4.1.63.Final.jar:/home/runner/.m2/repository/io/perfmark/perfmark-api/0.19.0/perfmark-api-0.19.0.jar:/home/runner/.m2/repository/org/codehaus/mojo/animal-sniffer-annotations/1.18/animal-sniffer-annotations-1.18.jar:/home/runner/.m2/repository/io/netty/netty-transport-native-epoll/4.1.63.Final/netty-transport-native-epoll-4.1.63.Final.jar:/home/runner/.m2/repository/io/netty/netty-common/4.1.63.Final/netty-common-4.1.63.Final.jar:/home/runner/.m2/repository/io/netty/netty-buffer/4.1.63.Final/netty-buffer-4.1.63.Final.jar:/home/runner/.m2/repository/io/netty/netty-transport-native-unix-common/4.1.63.Final/netty-transport-native-unix-common-4.1.63.Final.jar:/home/runner/.m2/repository/io/grpc/grpc-protobuf/1.33.0/grpc-protobuf-1.33.0.jar:/home/runner/.m2/repository/io/grpc/grpc-api/1.33.0/grpc-api-1.33.0.jar:/home/runner/.m2/repository/io/grpc/grpc-context/1.33.0/grpc-context-1.33.0.jar:/home/runner/.m2/repository/com/google/api/grpc/proto-google-common-protos/1.17.0/proto-google-common-protos-1.17.0.jar:/home/runner/.m2/repository/io/grpc/grpc-protobuf-lite/1.33.0/grpc-protobuf-lite-1.33.0.jar:/home/runner/.m2/repository/io/grpc/grpc-stub/1.33.0/grpc-stub-1.33.0.jar:/home/runner/.m2/repository/org/apache/ozone/ozone-recon/1.3.0-SNAPSHOT/ozone-recon-1.3.0-SNAPSHOT.jar:/home/runner/.m2/repository/org/apache/ozone/ozone-reconcodegen/1.3.0-SNAPSHOT/ozone-reconcodegen-1.3.0-SNAPSHOT.jar:/home/runner/.m2/repository/com/google/inject/extensions/guice-multibindings/4.0/guice-multibindings-4.0.jar:/home/runner/.m2/repository/com/google/inject/guice/4.0/guice-4.0.jar:/home/runner/.m2/repository/aopalliance/aopalliance/1.0/aopalliance-1.0.jar:/home/runner/.m2/repository/com/google/inject/extensions/guice-assistedinject/4.0/guice-assistedinject-4.0.jar:/home/runner/.m2/repository/com/google/inject/extensions/guice-servlet/4.0/guice-servlet-4.0.jar:/home/runner/.m2/repository/org/glassfish/jersey/containers/jersey-container-servlet/2.33/jersey-container-servlet-2.33.jar:/home/runner/.m2/repository/org/glassfish/hk2/guice-bridge/2.5.0/guice-bridge-2.5.0.jar:/home/runner/.m2/repository/org/glassfish/jersey/core/jersey-server/2.33/jersey-server-2.33.jar:/home/runner/.m2/repository/org/glassfish/jersey/core/jersey-client/2.33/jersey-client-2.33.jar:/home/runner/.m2/repository/jakarta/annotation/jakarta.annotation-api/1.3.5/jakarta.annotation-api-1.3.5.jar:/home/runner/.m2/repository/jakarta/validation/jakarta.validation-api/2.0.2/jakarta.validation-api-2.0.2.jar:/home/runner/.m2/repository/org/glassfish/jersey/media/jersey-media-json-jackson/2.33/jersey-media-json-jackson-2.33.jar:/home/runner/.m2/repository/org/glassfish/jersey/ext/jersey-entity-filtering/2.33/jersey-entity-filtering-2.33.jar:/home/runner/.m2/repository/org/jooq/jooq/3.11.10/jooq-3.11.10.jar:/home/runner/.m2/repository/org/jooq/jooq-meta/3.11.10/jooq-meta-3.11.10.jar:/home/runner/.m2/repository/org/jooq/jooq-codegen/3.11.10/jooq-codegen-3.11.10.jar:/home/runner/.m2/repository/com/jolbox/bonecp/0.8.0.RELEASE/bonecp-0.8.0.RELEASE.jar:/home/runner/.m2/repository/org/apache/derby/derby/10.14.2.0/derby-10.14.2.0.jar:/home/runner/.m2/repository/org/xerial/sqlite-jdbc/3.25.2/sqlite-jdbc-3.25.2.jar:/home/runner/.m2/repository/org/springframework/spring-jdbc/5.2.18.RELEASE/spring-jdbc-5.2.18.RELEASE.jar:/home/runner/.m2/repository/org/springframework/spring-beans/5.2.18.RELEASE/spring-beans-5.2.18.RELEASE.jar:/home/runner/.m2/repository/org/springframework/spring-core/5.2.18.RELEASE/spring-core-5.2.18.RELEASE.jar:/home/runner/.m2/repository/org/springframework/spring-jcl/5.2.18.RELEASE/spring-jcl-5.2.18.RELEASE.jar:/home/runner/.m2/repository/org/springframework/spring-tx/5.2.18.RELEASE/spring-tx-5.2.18.RELEASE.jar:/home/runner/.m2/repository/org/apache/ozone/ozone-client/1.3.0-SNAPSHOT/ozone-client-1.3.0-SNAPSHOT.jar:/home/runner/.m2/repository/org/apache/ozone/ozone-filesystem/1.3.0-SNAPSHOT/ozone-filesystem-1.3.0-SNAPSHOT.jar:/home/runner/.m2/repository/org/apache/ozone/ozone-filesystem-common/1.3.0-SNAPSHOT/ozone-filesystem-common-1.3.0-SNAPSHOT.jar:/home/runner/.m2/repository/org/apache/ozone/ozone-tools/1.3.0-SNAPSHOT/ozone-tools-1.3.0-SNAPSHOT.jar:/home/runner/.m2/repository/org/apache/ratis/ratis-tools/2.2.0/ratis-tools-2.2.0.jar:/home/runner/.m2/repository/com/amazonaws/aws-java-sdk-core/1.12.124/aws-java-sdk-core-1.12.124.jar:/home/runner/.m2/repository/org/apache/httpcomponents/httpclient/4.5.13/httpclient-4.5.13.jar:/home/runner/.m2/repository/org/apache/httpcomponents/httpcore/4.4.13/httpcore-4.4.13.jar:/home/runner/.m2/repository/software/amazon/ion/ion-java/1.0.2/ion-java-1.0.2.jar:/home/runner/.m2/repository/com/fasterxml/jackson/dataformat/jackson-dataformat-cbor/2.12.1/jackson-dataformat-cbor-2.12.1.jar:/home/runner/.m2/repository/joda-time/joda-time/2.8.1/joda-time-2.8.1.jar:/home/runner/.m2/repository/com/amazonaws/aws-java-sdk-s3/1.12.124/aws-java-sdk-s3-1.12.124.jar:/home/runner/.m2/repository/com/amazonaws/aws-java-sdk-kms/1.12.124/aws-java-sdk-kms-1.12.124.jar:/home/runner/.m2/repository/com/amazonaws/jmespath-java/1.12.124/jmespath-java-1.12.124.jar:/home/runner/.m2/repository/org/kohsuke/metainf-services/metainf-services/1.8/metainf-services-1.8.jar:/home/runner/.m2/repository/org/apache/ozone/hdds-tools/1.3.0-SNAPSHOT/hdds-tools-1.3.0-SNAPSHOT.jar:/home/runner/.m2/repository/commons-cli/commons-cli/1.2/commons-cli-1.2.jar:/home/runner/.m2/repository/org/apache/commons/commons-lang3/3.7/commons-lang3-3.7.jar:/home/runner/.m2/repository/org/apache/ozone/ozone-manager/1.3.0-SNAPSHOT/ozone-manager-1.3.0-SNAPSHOT-tests.jar:/home/runner/.m2/repository/org/apache/ozone/hdds-common/1.3.0-SNAPSHOT/hdds-common-1.3.0-SNAPSHOT-tests.jar:/home/runner/.m2/repository/org/apache/ozone/hdds-hadoop-dependency-client/1.3.0-SNAPSHOT/hdds-hadoop-dependency-client-1.3.0-SNAPSHOT.jar:/home/runner/.m2/repository/info/picocli/picocli/4.6.1/picocli-4.6.1.jar:/home/runner/.m2/repository/com/fasterxml/jackson/core/jackson-annotations/2.12.1/jackson-annotations-2.12.1.jar:/home/runner/.m2/repository/javax/annotation/javax.annotation-api/1.2/javax.annotation-api-1.2.jar:/home/runner/.m2/repository/org/apache/ratis/ratis-server/2.2.0/ratis-server-2.2.0.jar:/home/runner/.m2/repository/org/apache/ratis/ratis-client/2.2.0/ratis-client-2.2.0.jar:/home/runner/.m2/repository/org/apache/ratis/ratis-server-api/2.2.0/ratis-server-api-2.2.0.jar:/home/runner/.m2/repository/org/apache/ratis/ratis-metrics/2.2.0/ratis-metrics-2.2.0.jar:/home/runner/.m2/repository/org/apache/ratis/ratis-netty/2.2.0/ratis-netty-2.2.0.jar:/home/runner/.m2/repository/org/apache/ratis/ratis-grpc/2.2.0/ratis-grpc-2.2.0.jar:/home/runner/.m2/repository/org/apache/logging/log4j/log4j-api/2.17.1/log4j-api-2.17.1.jar:/home/runner/.m2/repository/org/apache/logging/log4j/log4j-core/2.17.1/log4j-core-2.17.1.jar:/home/runner/.m2/repository/com/lmax/disruptor/3.4.2/disruptor-3.4.2.jar:/home/runner/.m2/repository/org/apache/commons/commons-pool2/2.6.0/commons-pool2-2.6.0.jar:/home/runner/.m2/repository/org/bouncycastle/bcpkix-jdk15on/1.67/bcpkix-jdk15on-1.67.jar:/home/runner/.m2/repository/commons-validator/commons-validator/1.6/commons-validator-1.6.jar:/home/runner/.m2/repository/commons-beanutils/commons-beanutils/1.9.4/commons-beanutils-1.9.4.jar:/home/runner/.m2/repository/commons-digester/commons-digester/1.8.1/commons-digester-1.8.1.jar:/home/runner/.m2/repository/commons-collections/commons-collections/3.2.2/commons-collections-3.2.2.jar:/home/runner/.m2/repository/io/jaegertracing/jaeger-client/1.6.0/jaeger-client-1.6.0.jar:/home/runner/.m2/repository/io/jaegertracing/jaeger-thrift/1.6.0/jaeger-thrift-1.6.0.jar:/home/runner/.m2/repository/org/apache/thrift/libthrift/0.14.1/libthrift-0.14.1.jar:/home/runner/.m2/repository/com/squareup/okhttp3/okhttp/4.9.0/okhttp-4.9.0.jar:/home/runner/.m2/repository/com/squareup/okio/okio/2.8.0/okio-2.8.0.jar:/home/runner/.m2/repository/io/jaegertracing/jaeger-core/1.6.0/jaeger-core-1.6.0.jar:/home/runner/.m2/repository/io/jaegertracing/jaeger-tracerresolver/1.6.0/jaeger-tracerresolver-1.6.0.jar:/home/runner/.m2/repository/io/opentracing/contrib/opentracing-tracerresolver/0.1.8/opentracing-tracerresolver-0.1.8.jar:/home/runner/.m2/repository/org/jetbrains/kotlin/kotlin-stdlib/1.4.31/kotlin-stdlib-1.4.31.jar:/home/runner/.m2/repository/org/jetbrains/kotlin/kotlin-stdlib-common/1.4.31/kotlin-stdlib-common-1.4.31.jar:/home/runner/.m2/repository/org/jetbrains/annotations/13.0/annotations-13.0.jar:/home/runner/.m2/repository/io/opentracing/opentracing-util/0.33.0/opentracing-util-0.33.0.jar:/home/runner/.m2/repository/io/opentracing/opentracing-api/0.33.0/opentracing-api-0.33.0.jar:/home/runner/.m2/repository/io/opentracing/opentracing-noop/0.33.0/opentracing-noop-0.33.0.jar:/home/runner/.m2/repository/org/yaml/snakeyaml/1.26/snakeyaml-1.26.jar:/home/runner/.m2/repository/org/apache/ozone/hdds-interface-admin/1.3.0-SNAPSHOT/hdds-interface-admin-1.3.0-SNAPSHOT.jar:/home/runner/.m2/repository/junit/junit/4.13.1/junit-4.13.1.jar:/home/runner/.m2/repository/org/hamcrest/hamcrest-core/1.3/hamcrest-core-1.3.jar:/home/runner/.m2/repository/org/junit/jupiter/junit-jupiter-api/5.7.0/junit-jupiter-api-5.7.0.jar:/home/runner/.m2/repository/org/apiguardian/apiguardian-api/1.1.0/apiguardian-api-1.1.0.jar:/home/runner/.m2/repository/org/opentest4j/opentest4j/1.2.0/opentest4j-1.2.0.jar:/home/runner/.m2/repository/org/junit/platform/junit-platform-commons/1.7.0/junit-platform-commons-1.7.0.jar:/home/runner/.m2/repository/org/junit/jupiter/junit-jupiter-engine/5.7.0/junit-jupiter-engine-5.7.0.jar:/home/runner/.m2/repository/org/junit/platform/junit-platform-engine/1.7.0/junit-platform-engine-1.7.0.jar:/home/runner/.m2/repository/org/junit/vintage/junit-vintage-engine/5.7.0/junit-vintage-engine-5.7.0.jar:/home/runner/.m2/repository/org/junit/platform/junit-platform-launcher/1.7.0/junit-platform-launcher-1.7.0.jar:/home/runner/.m2/repository/org/mockito/mockito-core/2.28.2/mockito-core-2.28.2.jar:/home/runner/.m2/repository/net/bytebuddy/byte-buddy/1.9.10/byte-buddy-1.9.10.jar:/home/runner/.m2/repository/net/bytebuddy/byte-buddy-agent/1.9.10/byte-buddy-agent-1.9.10.jar:/home/runner/.m2/repository/org/objenesis/objenesis/1.0/objenesis-1.0.jar:/home/runner/.m2/repository/org/apache/hadoop/hadoop-kms/3.3.1/hadoop-kms-3.3.1.jar:/home/runner/.m2/repository/org/apache/hadoop/hadoop-auth/3.3.1/hadoop-auth-3.3.1.jar:/home/runner/.m2/repository/com/nimbusds/nimbus-jose-jwt/7.9/nimbus-jose-jwt-7.9.jar:/home/runner/.m2/repository/com/github/stephenc/jcip/jcip-annotations/1.0-1/jcip-annotations-1.0-1.jar:/home/runner/.m2/repository/net/minidev/json-smart/2.4.7/json-smart-2.4.7.jar:/home/runner/.m2/repository/net/minidev/accessors-smart/2.4.7/accessors-smart-2.4.7.jar:/home/runner/.m2/repository/org/ow2/asm/asm/5.0.4/asm-5.0.4.jar:/home/runner/.m2/repository/org/apache/zookeeper/zookeeper/3.5.6/zookeeper-3.5.6.jar:/home/runner/.m2/repository/org/apache/zookeeper/zookeeper-jute/3.5.6/zookeeper-jute-3.5.6.jar:/home/runner/.m2/repository/org/apache/yetus/audience-annotations/0.5.0/audience-annotations-0.5.0.jar:/home/runner/.m2/repository/org/apache/curator/curator-framework/4.2.0/curator-framework-4.2.0.jar:/home/runner/.m2/repository/org/apache/hadoop/thirdparty/hadoop-shaded-guava/1.1.1/hadoop-shaded-guava-1.1.1.jar:/home/runner/.m2/repository/com/sun/jersey/jersey-core/1.19/jersey-core-1.19.jar:/home/runner/.m2/repository/javax/ws/rs/jsr311-api/1.1.1/jsr311-api-1.1.1.jar:/home/runner/.m2/repository/com/sun/jersey/jersey-server/1.19/jersey-server-1.19.jar:/home/runner/.m2/repository/javax/servlet/javax.servlet-api/3.1.0/javax.servlet-api-3.1.0.jar:/home/runner/.m2/repository/org/eclipse/jetty/jetty-server/9.4.43.v20210629/jetty-server-9.4.43.v20210629.jar:/home/runner/.m2/repository/org/eclipse/jetty/jetty-http/9.4.43.v20210629/jetty-http-9.4.43.v20210629.jar:/home/runner/.m2/repository/org/eclipse/jetty/jetty-io/9.4.43.v20210629/jetty-io-9.4.43.v20210629.jar:/home/runner/.m2/repository/org/eclipse/jetty/jetty-webapp/9.4.43.v20210629/jetty-webapp-9.4.43.v20210629.jar:/home/runner/.m2/repository/org/eclipse/jetty/jetty-xml/9.4.43.v20210629/jetty-xml-9.4.43.v20210629.jar:/home/runner/.m2/repository/org/apache/hadoop/hadoop-common/3.3.1/hadoop-common-3.3.1.jar:/home/runner/.m2/repository/org/apache/commons/commons-math3/3.1.1/commons-math3-3.1.1.jar:/home/runner/.m2/repository/commons-net/commons-net/3.6/commons-net-3.6.jar:/home/runner/.m2/repository/jakarta/activation/jakarta.activation-api/1.2.1/jakarta.activation-api-1.2.1.jar:/home/runner/.m2/repository/com/sun/jersey/jersey-servlet/1.19/jersey-servlet-1.19.jar:/home/runner/.m2/repository/com/sun/jersey/jersey-json/1.19/jersey-json-1.19.jar:/home/runner/.m2/repository/org/codehaus/jettison/jettison/1.1/jettison-1.1.jar:/home/runner/.m2/repository/com/sun/xml/bind/jaxb-impl/2.2.3-1/jaxb-impl-2.2.3-1.jar:/home/runner/.m2/repository/org/codehaus/jackson/jackson-jaxrs/1.9.2/jackson-jaxrs-1.9.2.jar:/home/runner/.m2/repository/org/codehaus/jackson/jackson-xc/1.9.2/jackson-xc-1.9.2.jar:/home/runner/.m2/repository/org/apache/commons/commons-configuration2/2.1.1/commons-configuration2-2.1.1.jar:/home/runner/.m2/repository/org/apache/commons/commons-text/1.4/commons-text-1.4.jar:/home/runner/.m2/repository/com/google/re2j/re2j/1.1/re2j-1.1.jar:/home/runner/.m2/repository/com/jcraft/jsch/0.1.54/jsch-0.1.54.jar:/home/runner/.m2/repository/org/apache/curator/curator-client/4.2.0/curator-client-4.2.0.jar:/home/runner/.m2/repository/org/apache/curator/curator-recipes/4.2.0/curator-recipes-4.2.0.jar:/home/runner/.m2/repository/org/apache/kerby/kerb-core/1.0.1/kerb-core-1.0.1.jar:/home/runner/.m2/repository/org/apache/kerby/kerby-pkix/1.0.1/kerby-pkix-1.0.1.jar:/home/runner/.m2/repository/org/apache/kerby/kerby-asn1/1.0.1/kerby-asn1-1.0.1.jar:/home/runner/.m2/repository/org/apache/kerby/kerby-util/1.0.1/kerby-util-1.0.1.jar:/home/runner/.m2/repository/dnsjava/dnsjava/2.1.7/dnsjava-2.1.7.jar:/home/runner/.m2/repository/org/xerial/snappy/snappy-java/1.1.8.2/snappy-java-1.1.8.2.jar:/home/runner/.m2/repository/org/slf4j/jul-to-slf4j/1.7.30/jul-to-slf4j-1.7.30.jar:/home/runner/.m2/repository/org/eclipse/jetty/jetty-util/9.4.43.v20210629/jetty-util-9.4.43.v20210629.jar:/home/runner/.m2/repository/com/fasterxml/jackson/core/jackson-databind/2.12.1/jackson-databind-2.12.1.jar:/home/runner/.m2/repository/org/apache/hadoop/hadoop-kms/3.3.1/hadoop-kms-3.3.1-tests.jar:/home/runner/.m2/repository/org/apache/ozone/hdds-server-scm/1.3.0-SNAPSHOT/hdds-server-scm-1.3.0-SNAPSHOT-tests.jar:/home/runner/.m2/repository/org/apache/ozone/hdds-container-service/1.3.0-SNAPSHOT/hdds-container-service-1.3.0-SNAPSHOT-tests.jar:/home/runner/.m2/repository/commons-codec/commons-codec/1.11/commons-codec-1.11.jar:/home/runner/.m2/repository/io/netty/netty-transport/4.1.63.Final/netty-transport-4.1.63.Final.jar:/home/runner/.m2/repository/io/netty/netty-resolver/4.1.63.Final/netty-resolver-4.1.63.Final.jar:/home/runner/.m2/repository/io/netty/netty-codec/4.1.63.Final/netty-codec-4.1.63.Final.jar:/home/runner/.m2/repository/io/netty/netty-handler/4.1.63.Final/netty-handler-4.1.63.Final.jar:/home/runner/.m2/repository/org/apache/ozone/hdds-hadoop-dependency-test/1.3.0-SNAPSHOT/hdds-hadoop-dependency-test-1.3.0-SNAPSHOT.jar:/home/runner/.m2/repository/org/apache/hadoop/hadoop-common/3.3.1/hadoop-common-3.3.1-tests.jar:/home/runner/.m2/repository/org/assertj/assertj-core/3.12.2/assertj-core-3.12.2.jar:/home/runner/.m2/repository/org/apache/hadoop/hadoop-hdfs/3.3.1/hadoop-hdfs-3.3.1-tests.jar:/home/runner/.m2/repository/org/eclipse/jetty/jetty-util-ajax/9.4.43.v20210629/jetty-util-ajax-9.4.43.v20210629.jar:/home/runner/.m2/repository/commons-daemon/commons-daemon/1.0.13/commons-daemon-1.0.13.jar:/home/runner/.m2/repository/io/netty/netty/3.10.6.Final/netty-3.10.6.Final.jar:/home/runner/.m2/repository/io/netty/netty-all/4.1.63.Final/netty-all-4.1.63.Final.jar:/home/runner/.m2/repository/org/apache/htrace/htrace-core4/4.1.0-incubating/htrace-core4-4.1.0-incubating.jar:/home/runner/.m2/repository/org/fusesource/leveldbjni/leveldbjni-all/1.8/leveldbjni-all-1.8.jar:/home/runner/.m2/repository/org/apache/hadoop/hadoop-distcp/3.3.1/hadoop-distcp-3.3.1.jar:/home/runner/.m2/repository/org/apache/hadoop/hadoop-mapreduce-client-jobclient/3.3.1/hadoop-mapreduce-client-jobclient-3.3.1.jar:/home/runner/.m2/repository/org/apache/hadoop/hadoop-mapreduce-client-common/3.3.1/hadoop-mapreduce-client-common-3.3.1.jar:/home/runner/.m2/repository/org/apache/hadoop/hadoop-yarn-common/3.3.1/hadoop-yarn-common-3.3.1.jar:/home/runner/.m2/repository/org/apache/hadoop/hadoop-yarn-api/3.3.1/hadoop-yarn-api-3.3.1.jar:/home/runner/.m2/repository/com/sun/jersey/jersey-client/1.19/jersey-client-1.19.jar:/home/runner/.m2/repository/com/sun/jersey/contribs/jersey-guice/1.19/jersey-guice-1.19.jar:/home/runner/.m2/repository/com/fasterxml/jackson/jaxrs/jackson-jaxrs-json-provider/2.12.1/jackson-jaxrs-json-provider-2.12.1.jar:/home/runner/.m2/repository/com/fasterxml/jackson/jaxrs/jackson-jaxrs-base/2.12.1/jackson-jaxrs-base-2.12.1.jar:/home/runner/.m2/repository/org/apache/hadoop/hadoop-yarn-client/3.3.1/hadoop-yarn-client-3.3.1.jar:/home/runner/.m2/repository/org/eclipse/jetty/websocket/websocket-client/9.4.40.v20210413/websocket-client-9.4.40.v20210413.jar:/home/runner/.m2/repository/org/eclipse/jetty/jetty-client/9.4.40.v20210413/jetty-client-9.4.40.v20210413.jar:/home/runner/.m2/repository/org/eclipse/jetty/websocket/websocket-common/9.4.40.v20210413/websocket-common-9.4.40.v20210413.jar:/home/runner/.m2/repository/org/eclipse/jetty/websocket/websocket-api/9.4.40.v20210413/websocket-api-9.4.40.v20210413.jar:/home/runner/.m2/repository/org/jline/jline/3.9.0/jline-3.9.0.jar:/home/runner/.m2/repository/org/apache/hadoop/hadoop-mapreduce-client-core/3.3.1/hadoop-mapreduce-client-core-3.3.1.jar:/home/runner/.m2/repository/org/apache/avro/avro/1.7.7/avro-1.7.7.jar:/home/runner/.m2/repository/org/codehaus/jackson/jackson-core-asl/1.9.13/jackson-core-asl-1.9.13.jar:/home/runner/.m2/repository/org/codehaus/jackson/jackson-mapper-asl/1.9.13/jackson-mapper-asl-1.9.13.jar:/home/runner/.m2/repository/com/thoughtworks/paranamer/paranamer/2.3/paranamer-2.3.jar:/home/runner/.m2/repository/org/apache/hadoop/hadoop-annotations/3.3.1/hadoop-annotations-3.3.1.jar:/usr/lib/jvm/temurin-8-jdk-amd64/jre/../lib/tools.jar:/home/runner/.m2/repository/org/apache/hadoop/hadoop-distcp/3.3.1/hadoop-distcp-3.3.1-tests.jar:/home/runner/.m2/repository/org/apache/ratis/ratis-common/2.2.0/ratis-common-2.2.0.jar:/home/runner/.m2/repository/org/apache/ratis/ratis-thirdparty-misc/0.7.0/ratis-thirdparty-misc-0.7.0.jar:/home/runner/.m2/repository/org/apache/ratis/ratis-proto/2.2.0/ratis-proto-2.2.0.jar:"/>
    <property name="java.vm.vendor" value="Temurin"/>
    <property name="sun.arch.data.model" value="64"/>
    <property name="test.build.dir" value="/home/runner/work/ozone/ozone/hadoop-ozone/integration-test/target/test-dir"/>
    <property name="test.cache.data" value=""/>
    <property name="java.vendor.url" value="https://adoptium.net/"/>
    <property name="user.timezone" value=""/>
    <property name="java.vm.specification.version" value="1.8"/>
    <property name="os.name" value="Linux"/>
    <property name="test.build.data" value="/home/runner/work/ozone/ozone/hadoop-ozone/integration-test/target/test-dir"/>
    <property name="sun.java.launcher" value="SUN_STANDARD"/>
    <property name="sun.boot.library.path" value="/usr/lib/jvm/temurin-8-jdk-amd64/jre/lib/amd64"/>
    <property name="sun.java.command" value="/home/runner/work/ozone/ozone/hadoop-ozone/integration-test/target/surefire/surefirebooter5376124738988004390.jar /home/runner/work/ozone/ozone/hadoop-ozone/integration-test/target/surefire 2022-03-01T00-55-31_855-jvmRun1 surefire2417652601305530272tmp surefire_45887732272857272185tmp"/>
    <property name="surefire.test.class.path" value="/home/runner/work/ozone/ozone/hadoop-ozone/integration-test/target/test-classes:/home/runner/work/ozone/ozone/hadoop-ozone/integration-test/target/classes:/home/runner/.m2/repository/org/apache/ozone/ozone-common/1.3.0-SNAPSHOT/ozone-common-1.3.0-SNAPSHOT.jar:/home/runner/.m2/repository/org/apache/commons/commons-compress/1.21/commons-compress-1.21.jar:/home/runner/.m2/repository/org/apache/ozone/hdds-common/1.3.0-SNAPSHOT/hdds-common-1.3.0-SNAPSHOT.jar:/home/runner/.m2/repository/org/apache/ozone/hdds-client/1.3.0-SNAPSHOT/hdds-client-1.3.0-SNAPSHOT.jar:/home/runner/.m2/repository/org/apache/ozone/ozone-interface-client/1.3.0-SNAPSHOT/ozone-interface-client-1.3.0-SNAPSHOT.jar:/home/runner/.m2/repository/org/apache/ozone/hdds-test-utils/1.3.0-SNAPSHOT/hdds-test-utils-1.3.0-SNAPSHOT.jar:/home/runner/.m2/repository/com/google/guava/guava/30.1.1-jre/guava-30.1.1-jre.jar:/home/runner/.m2/repository/com/google/guava/failureaccess/1.0.1/failureaccess-1.0.1.jar:/home/runner/.m2/repository/com/google/guava/listenablefuture/9999.0-empty-to-avoid-conflict-with-guava/listenablefuture-9999.0-empty-to-avoid-conflict-with-guava.jar:/home/runner/.m2/repository/com/google/code/findbugs/jsr305/3.0.0/jsr305-3.0.0.jar:/home/runner/.m2/repository/org/checkerframework/checker-qual/3.8.0/checker-qual-3.8.0.jar:/home/runner/.m2/repository/com/google/errorprone/error_prone_annotations/2.2.0/error_prone_annotations-2.2.0.jar:/home/runner/.m2/repository/com/google/j2objc/j2objc-annotations/1.3/j2objc-annotations-1.3.jar:/home/runner/.m2/repository/commons-io/commons-io/2.11.0/commons-io-2.11.0.jar:/home/runner/.m2/repository/commons-logging/commons-logging/1.2/commons-logging-1.2.jar:/home/runner/.m2/repository/log4j/log4j/1.2.17/log4j-1.2.17.jar:/home/runner/.m2/repository/org/slf4j/slf4j-api/1.7.30/slf4j-api-1.7.30.jar:/home/runner/.m2/repository/org/apache/ozone/hdds-server-scm/1.3.0-SNAPSHOT/hdds-server-scm-1.3.0-SNAPSHOT.jar:/home/runner/.m2/repository/org/apache/ozone/hdds-container-service/1.3.0-SNAPSHOT/hdds-container-service-1.3.0-SNAPSHOT.jar:/home/runner/.m2/repository/org/apache/ozone/hdds-hadoop-dependency-server/1.3.0-SNAPSHOT/hdds-hadoop-dependency-server-1.3.0-SNAPSHOT.jar:/home/runner/.m2/repository/org/apache/hadoop/hadoop-hdfs/3.3.1/hadoop-hdfs-3.3.1.jar:/home/runner/.m2/repository/org/apache/ozone/hdds-server-framework/1.3.0-SNAPSHOT/hdds-server-framework-1.3.0-SNAPSHOT.jar:/home/runner/.m2/repository/org/apache/ozone/hdds-interface-server/1.3.0-SNAPSHOT/hdds-interface-server-1.3.0-SNAPSHOT.jar:/home/runner/.m2/repository/org/eclipse/jetty/jetty-servlet/9.4.43.v20210629/jetty-servlet-9.4.43.v20210629.jar:/home/runner/.m2/repository/org/eclipse/jetty/jetty-security/9.4.43.v20210629/jetty-security-9.4.43.v20210629.jar:/home/runner/.m2/repository/org/rocksdb/rocksdbjni/6.25.3/rocksdbjni-6.25.3.jar:/home/runner/.m2/repository/io/prometheus/simpleclient_dropwizard/0.7.0/simpleclient_dropwizard-0.7.0.jar:/home/runner/.m2/repository/io/prometheus/simpleclient/0.7.0/simpleclient-0.7.0.jar:/home/runner/.m2/repository/io/prometheus/simpleclient_common/0.7.0/simpleclient_common-0.7.0.jar:/home/runner/.m2/repository/com/fasterxml/jackson/datatype/jackson-datatype-jsr310/2.12.1/jackson-datatype-jsr310-2.12.1.jar:/home/runner/.m2/repository/io/dropwizard/metrics/metrics-core/3.2.4/metrics-core-3.2.4.jar:/home/runner/.m2/repository/org/apache/hadoop/hadoop-hdfs-client/3.3.1/hadoop-hdfs-client-3.3.1.jar:/home/runner/.m2/repository/org/bouncycastle/bcprov-jdk15on/1.67/bcprov-jdk15on-1.67.jar:/home/runner/.m2/repository/com/google/protobuf/protobuf-java/2.5.0/protobuf-java-2.5.0.jar:/home/runner/.m2/repository/org/apache/ozone/ozone-manager/1.3.0-SNAPSHOT/ozone-manager-1.3.0-SNAPSHOT.jar:/home/runner/.m2/repository/org/aspectj/aspectjrt/1.9.7/aspectjrt-1.9.7.jar:/home/runner/.m2/repository/org/aspectj/aspectjweaver/1.9.7/aspectjweaver-1.9.7.jar:/home/runner/.m2/repository/org/apache/ozone/hdds-interface-client/1.3.0-SNAPSHOT/hdds-interface-client-1.3.0-SNAPSHOT.jar:/home/runner/.m2/repository/org/apache/hadoop/thirdparty/hadoop-shaded-protobuf_3_7/1.1.1/hadoop-shaded-protobuf_3_7-1.1.1.jar:/home/runner/.m2/repository/org/apache/ozone/ozone-interface-storage/1.3.0-SNAPSHOT/ozone-interface-storage-1.3.0-SNAPSHOT.jar:/home/runner/.m2/repository/org/reflections/reflections/0.9.11/reflections-0.9.11.jar:/home/runner/.m2/repository/org/apache/hadoop/hadoop-minikdc/3.3.1/hadoop-minikdc-3.3.1.jar:/home/runner/.m2/repository/org/apache/kerby/kerb-simplekdc/1.0.1/kerb-simplekdc-1.0.1.jar:/home/runner/.m2/repository/org/apache/kerby/kerb-client/1.0.1/kerb-client-1.0.1.jar:/home/runner/.m2/repository/org/apache/kerby/kerby-config/1.0.1/kerby-config-1.0.1.jar:/home/runner/.m2/repository/org/apache/kerby/kerb-common/1.0.1/kerb-common-1.0.1.jar:/home/runner/.m2/repository/org/apache/kerby/kerb-crypto/1.0.1/kerb-crypto-1.0.1.jar:/home/runner/.m2/repository/org/apache/kerby/kerb-util/1.0.1/kerb-util-1.0.1.jar:/home/runner/.m2/repository/org/apache/kerby/token-provider/1.0.1/token-provider-1.0.1.jar:/home/runner/.m2/repository/org/apache/kerby/kerb-admin/1.0.1/kerb-admin-1.0.1.jar:/home/runner/.m2/repository/org/apache/kerby/kerb-server/1.0.1/kerb-server-1.0.1.jar:/home/runner/.m2/repository/org/apache/kerby/kerb-identity/1.0.1/kerb-identity-1.0.1.jar:/home/runner/.m2/repository/org/apache/kerby/kerby-xdr/1.0.1/kerby-xdr-1.0.1.jar:/home/runner/.m2/repository/org/slf4j/slf4j-log4j12/1.7.30/slf4j-log4j12-1.7.30.jar:/home/runner/.m2/repository/org/apache/ozone/ozone-s3gateway/1.3.0-SNAPSHOT/ozone-s3gateway-1.3.0-SNAPSHOT.jar:/home/runner/.m2/repository/org/javassist/javassist/3.21.0-GA/javassist-3.21.0-GA.jar:/home/runner/.m2/repository/org/jboss/weld/servlet/weld-servlet/2.4.7.Final/weld-servlet-2.4.7.Final.jar:/home/runner/.m2/repository/org/glassfish/jersey/containers/jersey-container-servlet-core/2.33/jersey-container-servlet-core-2.33.jar:/home/runner/.m2/repository/org/glassfish/hk2/external/jakarta.inject/2.6.1/jakarta.inject-2.6.1.jar:/home/runner/.m2/repository/org/glassfish/jersey/core/jersey-common/2.33/jersey-common-2.33.jar:/home/runner/.m2/repository/jakarta/ws/rs/jakarta.ws.rs-api/2.1.6/jakarta.ws.rs-api-2.1.6.jar:/home/runner/.m2/repository/org/glassfish/jersey/ext/cdi/jersey-cdi1x/2.33/jersey-cdi1x-2.33.jar:/home/runner/.m2/repository/org/glassfish/jersey/inject/jersey-hk2/2.33/jersey-hk2-2.33.jar:/home/runner/.m2/repository/org/glassfish/hk2/hk2-locator/2.6.1/hk2-locator-2.6.1.jar:/home/runner/.m2/repository/org/glassfish/jersey/media/jersey-media-jaxb/2.33/jersey-media-jaxb-2.33.jar:/home/runner/.m2/repository/org/glassfish/hk2/osgi-resource-locator/1.0.3/osgi-resource-locator-1.0.3.jar:/home/runner/.m2/repository/org/glassfish/hk2/hk2-api/2.5.0/hk2-api-2.5.0.jar:/home/runner/.m2/repository/org/glassfish/hk2/hk2-utils/2.5.0/hk2-utils-2.5.0.jar:/home/runner/.m2/repository/org/glassfish/hk2/external/aopalliance-repackaged/2.5.0/aopalliance-repackaged-2.5.0.jar:/home/runner/.m2/repository/com/fasterxml/jackson/dataformat/jackson-dataformat-xml/2.12.1/jackson-dataformat-xml-2.12.1.jar:/home/runner/.m2/repository/com/fasterxml/jackson/core/jackson-core/2.12.1/jackson-core-2.12.1.jar:/home/runner/.m2/repository/com/fasterxml/jackson/module/jackson-module-jaxb-annotations/2.12.1/jackson-module-jaxb-annotations-2.12.1.jar:/home/runner/.m2/repository/jakarta/xml/bind/jakarta.xml.bind-api/2.3.2/jakarta.xml.bind-api-2.3.2.jar:/home/runner/.m2/repository/org/codehaus/woodstox/stax2-api/3.1.4/stax2-api-3.1.4.jar:/home/runner/.m2/repository/com/fasterxml/woodstox/woodstox-core/5.0.3/woodstox-core-5.0.3.jar:/home/runner/.m2/repository/javax/enterprise/cdi-api/1.2/cdi-api-1.2.jar:/home/runner/.m2/repository/javax/el/javax.el-api/3.0.0/javax.el-api-3.0.0.jar:/home/runner/.m2/repository/javax/interceptor/javax.interceptor-api/1.2/javax.interceptor-api-1.2.jar:/home/runner/.m2/repository/javax/inject/javax.inject/1/javax.inject-1.jar:/home/runner/.m2/repository/javax/xml/bind/jaxb-api/2.3.0/jaxb-api-2.3.0.jar:/home/runner/.m2/repository/org/glassfish/jaxb/jaxb-runtime/2.3.0.1/jaxb-runtime-2.3.0.1.jar:/home/runner/.m2/repository/org/glassfish/jaxb/jaxb-core/2.3.0.1/jaxb-core-2.3.0.1.jar:/home/runner/.m2/repository/org/glassfish/jaxb/txw2/2.3.0.1/txw2-2.3.0.1.jar:/home/runner/.m2/repository/com/sun/istack/istack-commons-runtime/3.0.5/istack-commons-runtime-3.0.5.jar:/home/runner/.m2/repository/org/jvnet/staxex/stax-ex/1.7.8/stax-ex-1.7.8.jar:/home/runner/.m2/repository/com/sun/xml/fastinfoset/FastInfoset/1.2.13/FastInfoset-1.2.13.jar:/home/runner/.m2/repository/javax/activation/activation/1.1.1/activation-1.1.1.jar:/home/runner/.m2/repository/org/apache/ozone/ozone-csi/1.3.0-SNAPSHOT/ozone-csi-1.3.0-SNAPSHOT.jar:/home/runner/.m2/repository/com/google/protobuf/protobuf-java-util/3.12.0/protobuf-java-util-3.12.0.jar:/home/runner/.m2/repository/com/google/code/gson/gson/2.2.4/gson-2.2.4.jar:/home/runner/.m2/repository/org/apache/ozone/hdds-config/1.3.0-SNAPSHOT/hdds-config-1.3.0-SNAPSHOT.jar:/home/runner/.m2/repository/io/grpc/grpc-netty/1.33.0/grpc-netty-1.33.0.jar:/home/runner/.m2/repository/io/grpc/grpc-core/1.33.0/grpc-core-1.33.0.jar:/home/runner/.m2/repository/com/google/android/annotations/4.1.1.4/annotations-4.1.1.4.jar:/home/runner/.m2/repository/io/netty/netty-codec-http2/4.1.63.Final/netty-codec-http2-4.1.63.Final.jar:/home/runner/.m2/repository/io/netty/netty-codec-http/4.1.63.Final/netty-codec-http-4.1.63.Final.jar:/home/runner/.m2/repository/io/netty/netty-handler-proxy/4.1.63.Final/netty-handler-proxy-4.1.63.Final.jar:/home/runner/.m2/repository/io/netty/netty-codec-socks/4.1.63.Final/netty-codec-socks-4.1.63.Final.jar:/home/runner/.m2/repository/io/perfmark/perfmark-api/0.19.0/perfmark-api-0.19.0.jar:/home/runner/.m2/repository/org/codehaus/mojo/animal-sniffer-annotations/1.18/animal-sniffer-annotations-1.18.jar:/home/runner/.m2/repository/io/netty/netty-transport-native-epoll/4.1.63.Final/netty-transport-native-epoll-4.1.63.Final.jar:/home/runner/.m2/repository/io/netty/netty-common/4.1.63.Final/netty-common-4.1.63.Final.jar:/home/runner/.m2/repository/io/netty/netty-buffer/4.1.63.Final/netty-buffer-4.1.63.Final.jar:/home/runner/.m2/repository/io/netty/netty-transport-native-unix-common/4.1.63.Final/netty-transport-native-unix-common-4.1.63.Final.jar:/home/runner/.m2/repository/io/grpc/grpc-protobuf/1.33.0/grpc-protobuf-1.33.0.jar:/home/runner/.m2/repository/io/grpc/grpc-api/1.33.0/grpc-api-1.33.0.jar:/home/runner/.m2/repository/io/grpc/grpc-context/1.33.0/grpc-context-1.33.0.jar:/home/runner/.m2/repository/com/google/api/grpc/proto-google-common-protos/1.17.0/proto-google-common-protos-1.17.0.jar:/home/runner/.m2/repository/io/grpc/grpc-protobuf-lite/1.33.0/grpc-protobuf-lite-1.33.0.jar:/home/runner/.m2/repository/io/grpc/grpc-stub/1.33.0/grpc-stub-1.33.0.jar:/home/runner/.m2/repository/org/apache/ozone/ozone-recon/1.3.0-SNAPSHOT/ozone-recon-1.3.0-SNAPSHOT.jar:/home/runner/.m2/repository/org/apache/ozone/ozone-reconcodegen/1.3.0-SNAPSHOT/ozone-reconcodegen-1.3.0-SNAPSHOT.jar:/home/runner/.m2/repository/com/google/inject/extensions/guice-multibindings/4.0/guice-multibindings-4.0.jar:/home/runner/.m2/repository/com/google/inject/guice/4.0/guice-4.0.jar:/home/runner/.m2/repository/aopalliance/aopalliance/1.0/aopalliance-1.0.jar:/home/runner/.m2/repository/com/google/inject/extensions/guice-assistedinject/4.0/guice-assistedinject-4.0.jar:/home/runner/.m2/repository/com/google/inject/extensions/guice-servlet/4.0/guice-servlet-4.0.jar:/home/runner/.m2/repository/org/glassfish/jersey/containers/jersey-container-servlet/2.33/jersey-container-servlet-2.33.jar:/home/runner/.m2/repository/org/glassfish/hk2/guice-bridge/2.5.0/guice-bridge-2.5.0.jar:/home/runner/.m2/repository/org/glassfish/jersey/core/jersey-server/2.33/jersey-server-2.33.jar:/home/runner/.m2/repository/org/glassfish/jersey/core/jersey-client/2.33/jersey-client-2.33.jar:/home/runner/.m2/repository/jakarta/annotation/jakarta.annotation-api/1.3.5/jakarta.annotation-api-1.3.5.jar:/home/runner/.m2/repository/jakarta/validation/jakarta.validation-api/2.0.2/jakarta.validation-api-2.0.2.jar:/home/runner/.m2/repository/org/glassfish/jersey/media/jersey-media-json-jackson/2.33/jersey-media-json-jackson-2.33.jar:/home/runner/.m2/repository/org/glassfish/jersey/ext/jersey-entity-filtering/2.33/jersey-entity-filtering-2.33.jar:/home/runner/.m2/repository/org/jooq/jooq/3.11.10/jooq-3.11.10.jar:/home/runner/.m2/repository/org/jooq/jooq-meta/3.11.10/jooq-meta-3.11.10.jar:/home/runner/.m2/repository/org/jooq/jooq-codegen/3.11.10/jooq-codegen-3.11.10.jar:/home/runner/.m2/repository/com/jolbox/bonecp/0.8.0.RELEASE/bonecp-0.8.0.RELEASE.jar:/home/runner/.m2/repository/org/apache/derby/derby/10.14.2.0/derby-10.14.2.0.jar:/home/runner/.m2/repository/org/xerial/sqlite-jdbc/3.25.2/sqlite-jdbc-3.25.2.jar:/home/runner/.m2/repository/org/springframework/spring-jdbc/5.2.18.RELEASE/spring-jdbc-5.2.18.RELEASE.jar:/home/runner/.m2/repository/org/springframework/spring-beans/5.2.18.RELEASE/spring-beans-5.2.18.RELEASE.jar:/home/runner/.m2/repository/org/springframework/spring-core/5.2.18.RELEASE/spring-core-5.2.18.RELEASE.jar:/home/runner/.m2/repository/org/springframework/spring-jcl/5.2.18.RELEASE/spring-jcl-5.2.18.RELEASE.jar:/home/runner/.m2/repository/org/springframework/spring-tx/5.2.18.RELEASE/spring-tx-5.2.18.RELEASE.jar:/home/runner/.m2/repository/org/apache/ozone/ozone-client/1.3.0-SNAPSHOT/ozone-client-1.3.0-SNAPSHOT.jar:/home/runner/.m2/repository/org/apache/ozone/ozone-filesystem/1.3.0-SNAPSHOT/ozone-filesystem-1.3.0-SNAPSHOT.jar:/home/runner/.m2/repository/org/apache/ozone/ozone-filesystem-common/1.3.0-SNAPSHOT/ozone-filesystem-common-1.3.0-SNAPSHOT.jar:/home/runner/.m2/repository/org/apache/ozone/ozone-tools/1.3.0-SNAPSHOT/ozone-tools-1.3.0-SNAPSHOT.jar:/home/runner/.m2/repository/org/apache/ratis/ratis-tools/2.2.0/ratis-tools-2.2.0.jar:/home/runner/.m2/repository/com/amazonaws/aws-java-sdk-core/1.12.124/aws-java-sdk-core-1.12.124.jar:/home/runner/.m2/repository/org/apache/httpcomponents/httpclient/4.5.13/httpclient-4.5.13.jar:/home/runner/.m2/repository/org/apache/httpcomponents/httpcore/4.4.13/httpcore-4.4.13.jar:/home/runner/.m2/repository/software/amazon/ion/ion-java/1.0.2/ion-java-1.0.2.jar:/home/runner/.m2/repository/com/fasterxml/jackson/dataformat/jackson-dataformat-cbor/2.12.1/jackson-dataformat-cbor-2.12.1.jar:/home/runner/.m2/repository/joda-time/joda-time/2.8.1/joda-time-2.8.1.jar:/home/runner/.m2/repository/com/amazonaws/aws-java-sdk-s3/1.12.124/aws-java-sdk-s3-1.12.124.jar:/home/runner/.m2/repository/com/amazonaws/aws-java-sdk-kms/1.12.124/aws-java-sdk-kms-1.12.124.jar:/home/runner/.m2/repository/com/amazonaws/jmespath-java/1.12.124/jmespath-java-1.12.124.jar:/home/runner/.m2/repository/org/kohsuke/metainf-services/metainf-services/1.8/metainf-services-1.8.jar:/home/runner/.m2/repository/org/apache/ozone/hdds-tools/1.3.0-SNAPSHOT/hdds-tools-1.3.0-SNAPSHOT.jar:/home/runner/.m2/repository/commons-cli/commons-cli/1.2/commons-cli-1.2.jar:/home/runner/.m2/repository/org/apache/commons/commons-lang3/3.7/commons-lang3-3.7.jar:/home/runner/.m2/repository/org/apache/ozone/ozone-manager/1.3.0-SNAPSHOT/ozone-manager-1.3.0-SNAPSHOT-tests.jar:/home/runner/.m2/repository/org/apache/ozone/hdds-common/1.3.0-SNAPSHOT/hdds-common-1.3.0-SNAPSHOT-tests.jar:/home/runner/.m2/repository/org/apache/ozone/hdds-hadoop-dependency-client/1.3.0-SNAPSHOT/hdds-hadoop-dependency-client-1.3.0-SNAPSHOT.jar:/home/runner/.m2/repository/info/picocli/picocli/4.6.1/picocli-4.6.1.jar:/home/runner/.m2/repository/com/fasterxml/jackson/core/jackson-annotations/2.12.1/jackson-annotations-2.12.1.jar:/home/runner/.m2/repository/javax/annotation/javax.annotation-api/1.2/javax.annotation-api-1.2.jar:/home/runner/.m2/repository/org/apache/ratis/ratis-server/2.2.0/ratis-server-2.2.0.jar:/home/runner/.m2/repository/org/apache/ratis/ratis-client/2.2.0/ratis-client-2.2.0.jar:/home/runner/.m2/repository/org/apache/ratis/ratis-server-api/2.2.0/ratis-server-api-2.2.0.jar:/home/runner/.m2/repository/org/apache/ratis/ratis-metrics/2.2.0/ratis-metrics-2.2.0.jar:/home/runner/.m2/repository/org/apache/ratis/ratis-netty/2.2.0/ratis-netty-2.2.0.jar:/home/runner/.m2/repository/org/apache/ratis/ratis-grpc/2.2.0/ratis-grpc-2.2.0.jar:/home/runner/.m2/repository/org/apache/logging/log4j/log4j-api/2.17.1/log4j-api-2.17.1.jar:/home/runner/.m2/repository/org/apache/logging/log4j/log4j-core/2.17.1/log4j-core-2.17.1.jar:/home/runner/.m2/repository/com/lmax/disruptor/3.4.2/disruptor-3.4.2.jar:/home/runner/.m2/repository/org/apache/commons/commons-pool2/2.6.0/commons-pool2-2.6.0.jar:/home/runner/.m2/repository/org/bouncycastle/bcpkix-jdk15on/1.67/bcpkix-jdk15on-1.67.jar:/home/runner/.m2/repository/commons-validator/commons-validator/1.6/commons-validator-1.6.jar:/home/runner/.m2/repository/commons-beanutils/commons-beanutils/1.9.4/commons-beanutils-1.9.4.jar:/home/runner/.m2/repository/commons-digester/commons-digester/1.8.1/commons-digester-1.8.1.jar:/home/runner/.m2/repository/commons-collections/commons-collections/3.2.2/commons-collections-3.2.2.jar:/home/runner/.m2/repository/io/jaegertracing/jaeger-client/1.6.0/jaeger-client-1.6.0.jar:/home/runner/.m2/repository/io/jaegertracing/jaeger-thrift/1.6.0/jaeger-thrift-1.6.0.jar:/home/runner/.m2/repository/org/apache/thrift/libthrift/0.14.1/libthrift-0.14.1.jar:/home/runner/.m2/repository/com/squareup/okhttp3/okhttp/4.9.0/okhttp-4.9.0.jar:/home/runner/.m2/repository/com/squareup/okio/okio/2.8.0/okio-2.8.0.jar:/home/runner/.m2/repository/io/jaegertracing/jaeger-core/1.6.0/jaeger-core-1.6.0.jar:/home/runner/.m2/repository/io/jaegertracing/jaeger-tracerresolver/1.6.0/jaeger-tracerresolver-1.6.0.jar:/home/runner/.m2/repository/io/opentracing/contrib/opentracing-tracerresolver/0.1.8/opentracing-tracerresolver-0.1.8.jar:/home/runner/.m2/repository/org/jetbrains/kotlin/kotlin-stdlib/1.4.31/kotlin-stdlib-1.4.31.jar:/home/runner/.m2/repository/org/jetbrains/kotlin/kotlin-stdlib-common/1.4.31/kotlin-stdlib-common-1.4.31.jar:/home/runner/.m2/repository/org/jetbrains/annotations/13.0/annotations-13.0.jar:/home/runner/.m2/repository/io/opentracing/opentracing-util/0.33.0/opentracing-util-0.33.0.jar:/home/runner/.m2/repository/io/opentracing/opentracing-api/0.33.0/opentracing-api-0.33.0.jar:/home/runner/.m2/repository/io/opentracing/opentracing-noop/0.33.0/opentracing-noop-0.33.0.jar:/home/runner/.m2/repository/org/yaml/snakeyaml/1.26/snakeyaml-1.26.jar:/home/runner/.m2/repository/org/apache/ozone/hdds-interface-admin/1.3.0-SNAPSHOT/hdds-interface-admin-1.3.0-SNAPSHOT.jar:/home/runner/.m2/repository/junit/junit/4.13.1/junit-4.13.1.jar:/home/runner/.m2/repository/org/hamcrest/hamcrest-core/1.3/hamcrest-core-1.3.jar:/home/runner/.m2/repository/org/junit/jupiter/junit-jupiter-api/5.7.0/junit-jupiter-api-5.7.0.jar:/home/runner/.m2/repository/org/apiguardian/apiguardian-api/1.1.0/apiguardian-api-1.1.0.jar:/home/runner/.m2/repository/org/opentest4j/opentest4j/1.2.0/opentest4j-1.2.0.jar:/home/runner/.m2/repository/org/junit/platform/junit-platform-commons/1.7.0/junit-platform-commons-1.7.0.jar:/home/runner/.m2/repository/org/junit/jupiter/junit-jupiter-engine/5.7.0/junit-jupiter-engine-5.7.0.jar:/home/runner/.m2/repository/org/junit/platform/junit-platform-engine/1.7.0/junit-platform-engine-1.7.0.jar:/home/runner/.m2/repository/org/junit/vintage/junit-vintage-engine/5.7.0/junit-vintage-engine-5.7.0.jar:/home/runner/.m2/repository/org/junit/platform/junit-platform-launcher/1.7.0/junit-platform-launcher-1.7.0.jar:/home/runner/.m2/repository/org/mockito/mockito-core/2.28.2/mockito-core-2.28.2.jar:/home/runner/.m2/repository/net/bytebuddy/byte-buddy/1.9.10/byte-buddy-1.9.10.jar:/home/runner/.m2/repository/net/bytebuddy/byte-buddy-agent/1.9.10/byte-buddy-agent-1.9.10.jar:/home/runner/.m2/repository/org/objenesis/objenesis/1.0/objenesis-1.0.jar:/home/runner/.m2/repository/org/apache/hadoop/hadoop-kms/3.3.1/hadoop-kms-3.3.1.jar:/home/runner/.m2/repository/org/apache/hadoop/hadoop-auth/3.3.1/hadoop-auth-3.3.1.jar:/home/runner/.m2/repository/com/nimbusds/nimbus-jose-jwt/7.9/nimbus-jose-jwt-7.9.jar:/home/runner/.m2/repository/com/github/stephenc/jcip/jcip-annotations/1.0-1/jcip-annotations-1.0-1.jar:/home/runner/.m2/repository/net/minidev/json-smart/2.4.7/json-smart-2.4.7.jar:/home/runner/.m2/repository/net/minidev/accessors-smart/2.4.7/accessors-smart-2.4.7.jar:/home/runner/.m2/repository/org/ow2/asm/asm/5.0.4/asm-5.0.4.jar:/home/runner/.m2/repository/org/apache/zookeeper/zookeeper/3.5.6/zookeeper-3.5.6.jar:/home/runner/.m2/repository/org/apache/zookeeper/zookeeper-jute/3.5.6/zookeeper-jute-3.5.6.jar:/home/runner/.m2/repository/org/apache/yetus/audience-annotations/0.5.0/audience-annotations-0.5.0.jar:/home/runner/.m2/repository/org/apache/curator/curator-framework/4.2.0/curator-framework-4.2.0.jar:/home/runner/.m2/repository/org/apache/hadoop/thirdparty/hadoop-shaded-guava/1.1.1/hadoop-shaded-guava-1.1.1.jar:/home/runner/.m2/repository/com/sun/jersey/jersey-core/1.19/jersey-core-1.19.jar:/home/runner/.m2/repository/javax/ws/rs/jsr311-api/1.1.1/jsr311-api-1.1.1.jar:/home/runner/.m2/repository/com/sun/jersey/jersey-server/1.19/jersey-server-1.19.jar:/home/runner/.m2/repository/javax/servlet/javax.servlet-api/3.1.0/javax.servlet-api-3.1.0.jar:/home/runner/.m2/repository/org/eclipse/jetty/jetty-server/9.4.43.v20210629/jetty-server-9.4.43.v20210629.jar:/home/runner/.m2/repository/org/eclipse/jetty/jetty-http/9.4.43.v20210629/jetty-http-9.4.43.v20210629.jar:/home/runner/.m2/repository/org/eclipse/jetty/jetty-io/9.4.43.v20210629/jetty-io-9.4.43.v20210629.jar:/home/runner/.m2/repository/org/eclipse/jetty/jetty-webapp/9.4.43.v20210629/jetty-webapp-9.4.43.v20210629.jar:/home/runner/.m2/repository/org/eclipse/jetty/jetty-xml/9.4.43.v20210629/jetty-xml-9.4.43.v20210629.jar:/home/runner/.m2/repository/org/apache/hadoop/hadoop-common/3.3.1/hadoop-common-3.3.1.jar:/home/runner/.m2/repository/org/apache/commons/commons-math3/3.1.1/commons-math3-3.1.1.jar:/home/runner/.m2/repository/commons-net/commons-net/3.6/commons-net-3.6.jar:/home/runner/.m2/repository/jakarta/activation/jakarta.activation-api/1.2.1/jakarta.activation-api-1.2.1.jar:/home/runner/.m2/repository/com/sun/jersey/jersey-servlet/1.19/jersey-servlet-1.19.jar:/home/runner/.m2/repository/com/sun/jersey/jersey-json/1.19/jersey-json-1.19.jar:/home/runner/.m2/repository/org/codehaus/jettison/jettison/1.1/jettison-1.1.jar:/home/runner/.m2/repository/com/sun/xml/bind/jaxb-impl/2.2.3-1/jaxb-impl-2.2.3-1.jar:/home/runner/.m2/repository/org/codehaus/jackson/jackson-jaxrs/1.9.2/jackson-jaxrs-1.9.2.jar:/home/runner/.m2/repository/org/codehaus/jackson/jackson-xc/1.9.2/jackson-xc-1.9.2.jar:/home/runner/.m2/repository/org/apache/commons/commons-configuration2/2.1.1/commons-configuration2-2.1.1.jar:/home/runner/.m2/repository/org/apache/commons/commons-text/1.4/commons-text-1.4.jar:/home/runner/.m2/repository/com/google/re2j/re2j/1.1/re2j-1.1.jar:/home/runner/.m2/repository/com/jcraft/jsch/0.1.54/jsch-0.1.54.jar:/home/runner/.m2/repository/org/apache/curator/curator-client/4.2.0/curator-client-4.2.0.jar:/home/runner/.m2/repository/org/apache/curator/curator-recipes/4.2.0/curator-recipes-4.2.0.jar:/home/runner/.m2/repository/org/apache/kerby/kerb-core/1.0.1/kerb-core-1.0.1.jar:/home/runner/.m2/repository/org/apache/kerby/kerby-pkix/1.0.1/kerby-pkix-1.0.1.jar:/home/runner/.m2/repository/org/apache/kerby/kerby-asn1/1.0.1/kerby-asn1-1.0.1.jar:/home/runner/.m2/repository/org/apache/kerby/kerby-util/1.0.1/kerby-util-1.0.1.jar:/home/runner/.m2/repository/dnsjava/dnsjava/2.1.7/dnsjava-2.1.7.jar:/home/runner/.m2/repository/org/xerial/snappy/snappy-java/1.1.8.2/snappy-java-1.1.8.2.jar:/home/runner/.m2/repository/org/slf4j/jul-to-slf4j/1.7.30/jul-to-slf4j-1.7.30.jar:/home/runner/.m2/repository/org/eclipse/jetty/jetty-util/9.4.43.v20210629/jetty-util-9.4.43.v20210629.jar:/home/runner/.m2/repository/com/fasterxml/jackson/core/jackson-databind/2.12.1/jackson-databind-2.12.1.jar:/home/runner/.m2/repository/org/apache/hadoop/hadoop-kms/3.3.1/hadoop-kms-3.3.1-tests.jar:/home/runner/.m2/repository/org/apache/ozone/hdds-server-scm/1.3.0-SNAPSHOT/hdds-server-scm-1.3.0-SNAPSHOT-tests.jar:/home/runner/.m2/repository/org/apache/ozone/hdds-container-service/1.3.0-SNAPSHOT/hdds-container-service-1.3.0-SNAPSHOT-tests.jar:/home/runner/.m2/repository/commons-codec/commons-codec/1.11/commons-codec-1.11.jar:/home/runner/.m2/repository/io/netty/netty-transport/4.1.63.Final/netty-transport-4.1.63.Final.jar:/home/runner/.m2/repository/io/netty/netty-resolver/4.1.63.Final/netty-resolver-4.1.63.Final.jar:/home/runner/.m2/repository/io/netty/netty-codec/4.1.63.Final/netty-codec-4.1.63.Final.jar:/home/runner/.m2/repository/io/netty/netty-handler/4.1.63.Final/netty-handler-4.1.63.Final.jar:/home/runner/.m2/repository/org/apache/ozone/hdds-hadoop-dependency-test/1.3.0-SNAPSHOT/hdds-hadoop-dependency-test-1.3.0-SNAPSHOT.jar:/home/runner/.m2/repository/org/apache/hadoop/hadoop-common/3.3.1/hadoop-common-3.3.1-tests.jar:/home/runner/.m2/repository/org/assertj/assertj-core/3.12.2/assertj-core-3.12.2.jar:/home/runner/.m2/repository/org/apache/hadoop/hadoop-hdfs/3.3.1/hadoop-hdfs-3.3.1-tests.jar:/home/runner/.m2/repository/org/eclipse/jetty/jetty-util-ajax/9.4.43.v20210629/jetty-util-ajax-9.4.43.v20210629.jar:/home/runner/.m2/repository/commons-daemon/commons-daemon/1.0.13/commons-daemon-1.0.13.jar:/home/runner/.m2/repository/io/netty/netty/3.10.6.Final/netty-3.10.6.Final.jar:/home/runner/.m2/repository/io/netty/netty-all/4.1.63.Final/netty-all-4.1.63.Final.jar:/home/runner/.m2/repository/org/apache/htrace/htrace-core4/4.1.0-incubating/htrace-core4-4.1.0-incubating.jar:/home/runner/.m2/repository/org/fusesource/leveldbjni/leveldbjni-all/1.8/leveldbjni-all-1.8.jar:/home/runner/.m2/repository/org/apache/hadoop/hadoop-distcp/3.3.1/hadoop-distcp-3.3.1.jar:/home/runner/.m2/repository/org/apache/hadoop/hadoop-mapreduce-client-jobclient/3.3.1/hadoop-mapreduce-client-jobclient-3.3.1.jar:/home/runner/.m2/repository/org/apache/hadoop/hadoop-mapreduce-client-common/3.3.1/hadoop-mapreduce-client-common-3.3.1.jar:/home/runner/.m2/repository/org/apache/hadoop/hadoop-yarn-common/3.3.1/hadoop-yarn-common-3.3.1.jar:/home/runner/.m2/repository/org/apache/hadoop/hadoop-yarn-api/3.3.1/hadoop-yarn-api-3.3.1.jar:/home/runner/.m2/repository/com/sun/jersey/jersey-client/1.19/jersey-client-1.19.jar:/home/runner/.m2/repository/com/sun/jersey/contribs/jersey-guice/1.19/jersey-guice-1.19.jar:/home/runner/.m2/repository/com/fasterxml/jackson/jaxrs/jackson-jaxrs-json-provider/2.12.1/jackson-jaxrs-json-provider-2.12.1.jar:/home/runner/.m2/repository/com/fasterxml/jackson/jaxrs/jackson-jaxrs-base/2.12.1/jackson-jaxrs-base-2.12.1.jar:/home/runner/.m2/repository/org/apache/hadoop/hadoop-yarn-client/3.3.1/hadoop-yarn-client-3.3.1.jar:/home/runner/.m2/repository/org/eclipse/jetty/websocket/websocket-client/9.4.40.v20210413/websocket-client-9.4.40.v20210413.jar:/home/runner/.m2/repository/org/eclipse/jetty/jetty-client/9.4.40.v20210413/jetty-client-9.4.40.v20210413.jar:/home/runner/.m2/repository/org/eclipse/jetty/websocket/websocket-common/9.4.40.v20210413/websocket-common-9.4.40.v20210413.jar:/home/runner/.m2/repository/org/eclipse/jetty/websocket/websocket-api/9.4.40.v20210413/websocket-api-9.4.40.v20210413.jar:/home/runner/.m2/repository/org/jline/jline/3.9.0/jline-3.9.0.jar:/home/runner/.m2/repository/org/apache/hadoop/hadoop-mapreduce-client-core/3.3.1/hadoop-mapreduce-client-core-3.3.1.jar:/home/runner/.m2/repository/org/apache/avro/avro/1.7.7/avro-1.7.7.jar:/home/runner/.m2/repository/org/codehaus/jackson/jackson-core-asl/1.9.13/jackson-core-asl-1.9.13.jar:/home/runner/.m2/repository/org/codehaus/jackson/jackson-mapper-asl/1.9.13/jackson-mapper-asl-1.9.13.jar:/home/runner/.m2/repository/com/thoughtworks/paranamer/paranamer/2.3/paranamer-2.3.jar:/home/runner/.m2/repository/org/apache/hadoop/hadoop-annotations/3.3.1/hadoop-annotations-3.3.1.jar:/usr/lib/jvm/temurin-8-jdk-amd64/jre/../lib/tools.jar:/home/runner/.m2/repository/org/apache/hadoop/hadoop-distcp/3.3.1/hadoop-distcp-3.3.1-tests.jar:/home/runner/.m2/repository/org/apache/ratis/ratis-common/2.2.0/ratis-common-2.2.0.jar:/home/runner/.m2/repository/org/apache/ratis/ratis-thirdparty-misc/0.7.0/ratis-thirdparty-misc-0.7.0.jar:/home/runner/.m2/repository/org/apache/ratis/ratis-proto/2.2.0/ratis-proto-2.2.0.jar:"/>
    <property name="sun.cpu.endian" value="little"/>
    <property name="user.home" value="/home/runner"/>
    <property name="user.language" value="en"/>
    <property name="java.specification.vendor" value="Oracle Corporation"/>
    <property name="java.home" value="/usr/lib/jvm/temurin-8-jdk-amd64/jre"/>
    <property name="java.security.krb5.conf" value="/home/runner/work/ozone/ozone/hadoop-ozone/integration-test/target/test-classes/krb5.conf"/>
    <property name="basedir" value="/home/runner/work/ozone/ozone/hadoop-ozone/integration-test"/>
    <property name="file.separator" value="/"/>
    <property name="line.separator" value="&#10;"/>
    <property name="java.vm.specification.vendor" value="Oracle Corporation"/>
    <property name="java.specification.name" value="Java Platform API Specification"/>
    <property name="java.awt.graphicsenv" value="sun.awt.X11GraphicsEnvironment"/>
    <property name="skip.installnpx" value="true"/>
    <property name="surefire.real.class.path" value="/home/runner/work/ozone/ozone/hadoop-ozone/integration-test/target/surefire/surefirebooter5376124738988004390.jar:/home/runner/.m2/repository/org/jacoco/org.jacoco.agent/0.8.5/org.jacoco.agent-0.8.5-runtime.jar"/>
    <property name="hadoop.log.dir" value="/home/runner/work/ozone/ozone/hadoop-ozone/integration-test/target/log"/>
    <property name="sun.boot.class.path" value="/usr/lib/jvm/temurin-8-jdk-amd64/jre/lib/resources.jar:/usr/lib/jvm/temurin-8-jdk-amd64/jre/lib/rt.jar:/usr/lib/jvm/temurin-8-jdk-amd64/jre/lib/sunrsasign.jar:/usr/lib/jvm/temurin-8-jdk-amd64/jre/lib/jsse.jar:/usr/lib/jvm/temurin-8-jdk-amd64/jre/lib/jce.jar:/usr/lib/jvm/temurin-8-jdk-amd64/jre/lib/charsets.jar:/usr/lib/jvm/temurin-8-jdk-amd64/jre/lib/jfr.jar:/usr/lib/jvm/temurin-8-jdk-amd64/jre/classes"/>
    <property name="sun.management.compiler" value="HotSpot 64-Bit Tiered Compilers"/>
    <property name="skip.npx" value="true"/>
    <property name="java.runtime.version" value="1.8.0_322-b06"/>
    <property name="java.net.preferIPv4Stack" value="true"/>
    <property name="user.name" value="runner"/>
    <property name="path.separator" value=":"/>
    <property name="java.security.egd" value="file:///dev/urandom"/>
    <property name="os.version" value="5.4.0-1069-azure"/>
    <property name="java.endorsed.dirs" value="/usr/lib/jvm/temurin-8-jdk-amd64/jre/lib/endorsed"/>
    <property name="java.runtime.name" value="OpenJDK Runtime Environment"/>
    <property name="file.encoding" value="UTF-8"/>
    <property name="java.vm.name" value="OpenJDK 64-Bit Server VM"/>
    <property name="test.build.webapps" value=""/>
    <property name="localRepository" value="/home/runner/.m2/repository"/>
    <property name="java.vendor.url.bug" value="https://github.com/adoptium/adoptium-support/issues"/>
    <property name="java.io.tmpdir" value="/tmp"/>
    <property name="require.test.libhadoop" value=""/>
    <property name="java.version" value="1.8.0_322"/>
    <property name="user.dir" value="/home/runner/work/ozone/ozone/hadoop-ozone/integration-test"/>
    <property name="os.arch" value="amd64"/>
    <property name="java.vm.specification.name" value="Java Virtual Machine Specification"/>
    <property name="test.build.classes" value="/home/runner/work/ozone/ozone/hadoop-ozone/integration-test/target/test-classes"/>
    <property name="java.awt.printerjob" value="sun.print.PSPrinterJob"/>
    <property name="sun.os.patch.level" value="unknown"/>
    <property name="hadoop.tmp.dir" value="/home/runner/work/ozone/ozone/hadoop-ozone/integration-test/target/tmp"/>
    <property name="java.library.path" value="/usr/java/packages/lib/amd64:/usr/lib64:/lib64:/lib:/usr/lib"/>
    <property name="java.vm.info" value="mixed mode"/>
    <property name="java.vendor" value="Temurin"/>
    <property name="java.vm.version" value="25.322-b06"/>
    <property name="java.ext.dirs" value="/usr/lib/jvm/temurin-8-jdk-amd64/jre/lib/ext:/usr/java/packages/lib/ext"/>
    <property name="sun.io.unicode.encoding" value="UnicodeLittle"/>
    <property name="java.class.version" value="52.0"/>
  </properties>
  <testcase name="testNonPrivilegedUserMkdirCreateBucket[0]" classname="org.apache.hadoop.fs.ozone.TestRootedOzoneFileSystem" time="0.079"/>
  <testcase name="testRenameFile[0]" classname="org.apache.hadoop.fs.ozone.TestRootedOzoneFileSystem" time="0.42"/>
  <testcase name="testListStatusRootAndVolumeRecursive[0]" classname="org.apache.hadoop.fs.ozone.TestRootedOzoneFileSystem" time="1.202"/>
  <testcase name="testTempMount[0]" classname="org.apache.hadoop.fs.ozone.TestRootedOzoneFileSystem" time="0.132"/>
  <testcase name="testListStatusRootAndVolumeNonRecursive[0]" classname="org.apache.hadoop.fs.ozone.TestRootedOzoneFileSystem" time="0.275"/>
  <testcase name="testDeleteVolumeAndBucket[0]" classname="org.apache.hadoop.fs.ozone.TestRootedOzoneFileSystem" time="0.048"/>
  <testcase name="testRenameDirToItsOwnSubDir[0]" classname="org.apache.hadoop.fs.ozone.TestRootedOzoneFileSystem" time="0.014"/>
  <testcase name="testOzoneFsServiceLoader[0]" classname="org.apache.hadoop.fs.ozone.TestRootedOzoneFileSystem" time="0.022"/>
  <testcase name="testTrash[0]" classname="org.apache.hadoop.fs.ozone.TestRootedOzoneFileSystem" time="0">
    <skipped/>
  </testcase>
  <testcase name="testRenameDestinationParentDoesntExist[0]" classname="org.apache.hadoop.fs.ozone.TestRootedOzoneFileSystem" time="0.047"/>
  <testcase name="testGetFileStatusRoot[0]" classname="org.apache.hadoop.fs.ozone.TestRootedOzoneFileSystem" time="0.002"/>
  <testcase name="testCreateWithInvalidPaths[0]" classname="org.apache.hadoop.fs.ozone.TestRootedOzoneFileSystem" time="0.006"/>
  <testcase name="testDeleteEmptyVolume[0]" classname="org.apache.hadoop.fs.ozone.TestRootedOzoneFileSystem" time="0.013"/>
  <testcase name="testListStatusRootAndVolumeContinuation[0]" classname="org.apache.hadoop.fs.ozone.TestRootedOzoneFileSystem" time="0">
    <skipped message="FS Path is enabled. Skipping this test as it is not tuned for FS Path yet" type="org.junit.AssumptionViolatedException">org.junit.AssumptionViolatedException: FS Path is enabled. Skipping this test as it is not tuned for FS Path yet
	at org.junit.Assume.assumeTrue(Assume.java:68)
	at org.apache.hadoop.fs.ozone.TestRootedOzoneFileSystem.testListStatusRootAndVolumeContinuation(TestRootedOzoneFileSystem.java:887)
	at sun.reflect.NativeMethodAccessorImpl.invoke0(Native Method)
	at sun.reflect.NativeMethodAccessorImpl.invoke(NativeMethodAccessorImpl.java:62)
	at sun.reflect.DelegatingMethodAccessorImpl.invoke(DelegatingMethodAccessorImpl.java:43)
	at java.lang.reflect.Method.invoke(Method.java:498)
	at org.junit.runners.model.FrameworkMethod$1.runReflectiveCall(FrameworkMethod.java:59)
	at org.junit.internal.runners.model.ReflectiveCallable.run(ReflectiveCallable.java:12)
	at org.junit.runners.model.FrameworkMethod.invokeExplosively(FrameworkMethod.java:56)
	at org.junit.internal.runners.statements.InvokeMethod.evaluate(InvokeMethod.java:17)
	at org.junit.internal.runners.statements.FailOnTimeout$CallableStatement.call(FailOnTimeout.java:288)
	at org.junit.internal.runners.statements.FailOnTimeout$CallableStatement.call(FailOnTimeout.java:282)
	at java.util.concurrent.FutureTask.run(FutureTask.java:266)
	at java.lang.Thread.run(Thread.java:750)
</skipped>
  </testcase>
  <testcase name="testDeleteVolumeBucketAndKey[0]" classname="org.apache.hadoop.fs.ozone.TestRootedOzoneFileSystem" time="0.121"/>
  <testcase name="testRenameToParentDir[0]" classname="org.apache.hadoop.fs.ozone.TestRootedOzoneFileSystem" time="0.094"/>
  <testcase name="testMkdirNonExistentVolumeBucket[0]" classname="org.apache.hadoop.fs.ozone.TestRootedOzoneFileSystem" time="0.026"/>
  <testcase name="testFailToDeleteRoot[0]" classname="org.apache.hadoop.fs.ozone.TestRootedOzoneFileSystem" time="0.002"/>
  <testcase name="testListStatusOnSubDirs[0]" classname="org.apache.hadoop.fs.ozone.TestRootedOzoneFileSystem" time="0.067"/>
  <testcase name="testListStatus[0]" classname="org.apache.hadoop.fs.ozone.TestRootedOzoneFileSystem" time="0.078"/>
  <testcase name="testGetTrashRoots[0]" classname="org.apache.hadoop.fs.ozone.TestRootedOzoneFileSystem" time="0.669"/>
  <testcase name="testCreateDoesNotAddParentDirKeys[0]" classname="org.apache.hadoop.fs.ozone.TestRootedOzoneFileSystem" time="0.072"/>
  <testcase name="testMkdirNonExistentVolume[0]" classname="org.apache.hadoop.fs.ozone.TestRootedOzoneFileSystem" time="0.015"/>
  <testcase name="testDeleteCreatesFakeParentDir[0]" classname="org.apache.hadoop.fs.ozone.TestRootedOzoneFileSystem" time="0">
    <skipped message="FS Path is enabled. Skipping this test as it is not tuned for FS Path yet" type="org.junit.AssumptionViolatedException">org.junit.AssumptionViolatedException: FS Path is enabled. Skipping this test as it is not tuned for FS Path yet
	at org.junit.Assume.assumeTrue(Assume.java:68)
	at org.apache.hadoop.fs.ozone.TestRootedOzoneFileSystem.testDeleteCreatesFakeParentDir(TestRootedOzoneFileSystem.java:302)
	at sun.reflect.NativeMethodAccessorImpl.invoke0(Native Method)
	at sun.reflect.NativeMethodAccessorImpl.invoke(NativeMethodAccessorImpl.java:62)
	at sun.reflect.DelegatingMethodAccessorImpl.invoke(DelegatingMethodAccessorImpl.java:43)
	at java.lang.reflect.Method.invoke(Method.java:498)
	at org.junit.runners.model.FrameworkMethod$1.runReflectiveCall(FrameworkMethod.java:59)
	at org.junit.internal.runners.model.ReflectiveCallable.run(ReflectiveCallable.java:12)
	at org.junit.runners.model.FrameworkMethod.invokeExplosively(FrameworkMethod.java:56)
	at org.junit.internal.runners.statements.InvokeMethod.evaluate(InvokeMethod.java:17)
	at org.junit.internal.runners.statements.FailOnTimeout$CallableStatement.call(FailOnTimeout.java:288)
	at org.junit.internal.runners.statements.FailOnTimeout$CallableStatement.call(FailOnTimeout.java:282)
	at java.util.concurrent.FutureTask.run(FutureTask.java:266)
	at java.lang.Thread.run(Thread.java:750)
</skipped>
  </testcase>
  <testcase name="testNonExplicitlyCreatedPathExistsAfterItsLeafsWereRemoved[0]" classname="org.apache.hadoop.fs.ozone.TestRootedOzoneFileSystem" time="0.088"/>
  <testcase name="testFileDelete[0]" classname="org.apache.hadoop.fs.ozone.TestRootedOzoneFileSystem" time="0.21"/>
  <testcase name="testRenameToTrashEnabled[0]" classname="org.apache.hadoop.fs.ozone.TestRootedOzoneFileSystem" time="0.123"/>
  <testcase name="testMkdirOnNonExistentVolumeBucketDir[0]" classname="org.apache.hadoop.fs.ozone.TestRootedOzoneFileSystem" time="0">
    <skipped message="FS Path is enabled. Skipping this test as it is not tuned for FS Path yet" type="org.junit.AssumptionViolatedException">org.junit.AssumptionViolatedException: FS Path is enabled. Skipping this test as it is not tuned for FS Path yet
	at org.junit.Assume.assumeTrue(Assume.java:68)
	at org.apache.hadoop.fs.ozone.TestRootedOzoneFileSystem.testMkdirOnNonExistentVolumeBucketDir(TestRootedOzoneFileSystem.java:405)
	at sun.reflect.NativeMethodAccessorImpl.invoke0(Native Method)
	at sun.reflect.NativeMethodAccessorImpl.invoke(NativeMethodAccessorImpl.java:62)
	at sun.reflect.DelegatingMethodAccessorImpl.invoke(DelegatingMethodAccessorImpl.java:43)
	at java.lang.reflect.Method.invoke(Method.java:498)
	at org.junit.runners.model.FrameworkMethod$1.runReflectiveCall(FrameworkMethod.java:59)
	at org.junit.internal.runners.model.ReflectiveCallable.run(ReflectiveCallable.java:12)
	at org.junit.runners.model.FrameworkMethod.invokeExplosively(FrameworkMethod.java:56)
	at org.junit.internal.runners.statements.InvokeMethod.evaluate(InvokeMethod.java:17)
	at org.junit.internal.runners.statements.FailOnTimeout$CallableStatement.call(FailOnTimeout.java:288)
	at org.junit.internal.runners.statements.FailOnTimeout$CallableStatement.call(FailOnTimeout.java:282)
	at java.util.concurrent.FutureTask.run(FutureTask.java:266)
	at java.lang.Thread.run(Thread.java:750)
</skipped>
  </testcase>
  <testcase name="testListStatusOnLargeDirectory[0]" classname="org.apache.hadoop.fs.ozone.TestRootedOzoneFileSystem" time="3.772">
    <failure message="Total directories listed do not match the existing directories expected:&lt;1536&gt; but was:&lt;1537&gt;" type="java.lang.AssertionError"><![CDATA[java.lang.AssertionError: Total directories listed do not match the existing directories expected:<1536> but was:<1537>
	at org.junit.Assert.fail(Assert.java:89)
	at org.junit.Assert.failNotEquals(Assert.java:835)
	at org.junit.Assert.assertEquals(Assert.java:647)
	at org.apache.hadoop.fs.ozone.TestRootedOzoneFileSystem.testListStatusOnLargeDirectory(TestRootedOzoneFileSystem.java:556)
	at sun.reflect.NativeMethodAccessorImpl.invoke0(Native Method)
	at sun.reflect.NativeMethodAccessorImpl.invoke(NativeMethodAccessorImpl.java:62)
	at sun.reflect.DelegatingMethodAccessorImpl.invoke(DelegatingMethodAccessorImpl.java:43)
	at java.lang.reflect.Method.invoke(Method.java:498)
	at org.junit.runners.model.FrameworkMethod$1.runReflectiveCall(FrameworkMethod.java:59)
	at org.junit.internal.runners.model.ReflectiveCallable.run(ReflectiveCallable.java:12)
	at org.junit.runners.model.FrameworkMethod.invokeExplosively(FrameworkMethod.java:56)
	at org.junit.internal.runners.statements.InvokeMethod.evaluate(InvokeMethod.java:17)
	at org.junit.internal.runners.statements.FailOnTimeout$CallableStatement.call(FailOnTimeout.java:288)
	at org.junit.internal.runners.statements.FailOnTimeout$CallableStatement.call(FailOnTimeout.java:282)
	at java.util.concurrent.FutureTask.run(FutureTask.java:266)
	at java.lang.Thread.run(Thread.java:750)
]]></failure>
  </testcase>
  <testcase name="testRenameToDifferentBucket[0]" classname="org.apache.hadoop.fs.ozone.TestRootedOzoneFileSystem" time="0.039"/>
  <testcase name="testListStatusInBucket[0]" classname="org.apache.hadoop.fs.ozone.TestRootedOzoneFileSystem" time="0.075">
    <failure message="FileStatus should return only the immediate children expected:&lt;2&gt; but was:&lt;1539&gt;" type="java.lang.AssertionError"><![CDATA[java.lang.AssertionError: FileStatus should return only the immediate children expected:<2> but was:<1539>
	at org.junit.Assert.fail(Assert.java:89)
	at org.junit.Assert.failNotEquals(Assert.java:835)
	at org.junit.Assert.assertEquals(Assert.java:647)
	at org.apache.hadoop.fs.ozone.TestRootedOzoneFileSystem.testListStatusInBucket(TestRootedOzoneFileSystem.java:530)
	at sun.reflect.NativeMethodAccessorImpl.invoke0(Native Method)
	at sun.reflect.NativeMethodAccessorImpl.invoke(NativeMethodAccessorImpl.java:62)
	at sun.reflect.DelegatingMethodAccessorImpl.invoke(DelegatingMethodAccessorImpl.java:43)
	at java.lang.reflect.Method.invoke(Method.java:498)
	at org.junit.runners.model.FrameworkMethod$1.runReflectiveCall(FrameworkMethod.java:59)
	at org.junit.internal.runners.model.ReflectiveCallable.run(ReflectiveCallable.java:12)
	at org.junit.runners.model.FrameworkMethod.invokeExplosively(FrameworkMethod.java:56)
	at org.junit.internal.runners.statements.InvokeMethod.evaluate(InvokeMethod.java:17)
	at org.junit.internal.runners.statements.FailOnTimeout$CallableStatement.call(FailOnTimeout.java:288)
	at org.junit.internal.runners.statements.FailOnTimeout$CallableStatement.call(FailOnTimeout.java:282)
	at java.util.concurrent.FutureTask.run(FutureTask.java:266)
	at java.lang.Thread.run(Thread.java:750)
]]></failure>
  </testcase>
  <testcase name="testRenameFileToDir[0]" classname="org.apache.hadoop.fs.ozone.TestRootedOzoneFileSystem" time="0.739"/>
  <testcase name="testNonPrivilegedUserMkdirCreateBucket[1]" classname="org.apache.hadoop.fs.ozone.TestRootedOzoneFileSystem" time="0">
    <skipped message="ACL is not enabled. Skipping this test as it requires ACL to be enabled to be meaningful." type="org.junit.AssumptionViolatedException">org.junit.AssumptionViolatedException: ACL is not enabled. Skipping this test as it requires ACL to be enabled to be meaningful.
	at org.junit.Assume.assumeTrue(Assume.java:68)
	at org.apache.hadoop.fs.ozone.TestRootedOzoneFileSystem.testNonPrivilegedUserMkdirCreateBucket(TestRootedOzoneFileSystem.java:1582)
	at sun.reflect.NativeMethodAccessorImpl.invoke0(Native Method)
	at sun.reflect.NativeMethodAccessorImpl.invoke(NativeMethodAccessorImpl.java:62)
	at sun.reflect.DelegatingMethodAccessorImpl.invoke(DelegatingMethodAccessorImpl.java:43)
	at java.lang.reflect.Method.invoke(Method.java:498)
	at org.junit.runners.model.FrameworkMethod$1.runReflectiveCall(FrameworkMethod.java:59)
	at org.junit.internal.runners.model.ReflectiveCallable.run(ReflectiveCallable.java:12)
	at org.junit.runners.model.FrameworkMethod.invokeExplosively(FrameworkMethod.java:56)
	at org.junit.internal.runners.statements.InvokeMethod.evaluate(InvokeMethod.java:17)
	at org.junit.internal.runners.statements.FailOnTimeout$CallableStatement.call(FailOnTimeout.java:288)
	at org.junit.internal.runners.statements.FailOnTimeout$CallableStatement.call(FailOnTimeout.java:282)
	at java.util.concurrent.FutureTask.run(FutureTask.java:266)
	at java.lang.Thread.run(Thread.java:750)
</skipped>
    <system-out><![CDATA[2022-03-01 02:07:00,164 [Listener at 127.0.0.1/43841] INFO  ozone.MiniOzoneClusterImpl (MiniOzoneClusterImpl.java:shutdown(449)) - Shutting down the Mini Ozone Cluster
2022-03-01 02:07:00,166 [Listener at 127.0.0.1/43841] INFO  ozone.MiniOzoneClusterImpl (MiniOzoneClusterImpl.java:stop(464)) - Stopping the Mini Ozone Cluster
2022-03-01 02:07:00,166 [Listener at 127.0.0.1/43841] INFO  ozone.MiniOzoneClusterImpl (MiniOzoneClusterImpl.java:stopOM(546)) - Stopping the OzoneManager
2022-03-01 02:07:00,166 [Listener at 127.0.0.1/43841] INFO  om.OzoneManager (OzoneManager.java:stop(1893)) - om1[localhost:0]: Stopping Ozone Manager
2022-03-01 02:07:00,166 [Listener at 127.0.0.1/43841] INFO  ipc.Server (Server.java:stop(3414)) - Stopping server on 43841
2022-03-01 02:07:00,172 [IPC Server listener on 0] INFO  ipc.Server (Server.java:run(1376)) - Stopping IPC Server listener on 0
2022-03-01 02:07:00,173 [IPC Server Responder] INFO  ipc.Server (Server.java:run(1512)) - Stopping IPC Server Responder
2022-03-01 02:07:00,174 [Listener at 127.0.0.1/43841] INFO  server.RaftServer (RaftServerProxy.java:lambda$close$6(391)) - om1: close
2022-03-01 02:07:00,174 [Listener at 127.0.0.1/43841] INFO  server.RaftServer$Division (RaftServerImpl.java:lambda$close$4(412)) - om1@group-C5BA1605619E: shutdown
2022-03-01 02:07:00,174 [Listener at 127.0.0.1/43841] INFO  util.JmxRegister (JmxRegister.java:unregister(73)) - Successfully un-registered JMX Bean with object name Ratis:service=RaftServer,group=group-C5BA1605619E,id=om1
2022-03-01 02:07:00,175 [Listener at 127.0.0.1/43841] INFO  impl.RoleInfo (RoleInfo.java:shutdownLeaderState(91)) - om1: shutdown om1@group-C5BA1605619E-LeaderStateImpl
2022-03-01 02:07:00,175 [Listener at 127.0.0.1/43841] INFO  impl.PendingRequests (PendingRequests.java:sendNotLeaderResponses(282)) - om1@group-C5BA1605619E-PendingRequests: sendNotLeaderResponses
2022-03-01 02:07:00,177 [om1@group-C5BA1605619E-StateMachineUpdater] INFO  ratis.OzoneManagerStateMachine (OzoneManagerStateMachine.java:takeSnapshot(417)) - Current Snapshot Index (t:1, i:4114)
2022-03-01 02:07:00,178 [om1@group-C5BA1605619E-StateMachineUpdater] INFO  impl.StateMachineUpdater (StateMachineUpdater.java:takeSnapshot(281)) - om1@group-C5BA1605619E-StateMachineUpdater: Took a snapshot at index 4114
2022-03-01 02:07:00,178 [om1@group-C5BA1605619E-StateMachineUpdater] INFO  impl.StateMachineUpdater (StateMachineUpdater.java:lambda$new$0(89)) - om1@group-C5BA1605619E-StateMachineUpdater: snapshotIndex: updateIncreasingly -1 -> 4114
2022-03-01 02:07:00,178 [om1@group-C5BA1605619E-StateMachineUpdater] INFO  ratis.OzoneManagerStateMachine (OzoneManagerStateMachine.java:close(471)) - StateMachine has shutdown. Shutdown OzoneManager if not already shutdown.
2022-03-01 02:07:00,178 [Listener at 127.0.0.1/43841] INFO  impl.StateMachineUpdater (StateMachineUpdater.java:stopAndJoin(149)) - om1@group-C5BA1605619E-StateMachineUpdater: set stopIndex = 4114
2022-03-01 02:07:00,178 [Listener at 127.0.0.1/43841] INFO  server.RaftServer$Division (ServerState.java:close(419)) - om1@group-C5BA1605619E: closes. applyIndex: 4114
2022-03-01 02:07:00,180 [om1@group-C5BA1605619E-SegmentedRaftLogWorker] INFO  segmented.SegmentedRaftLogWorker (SegmentedRaftLogWorker.java:run(327)) - om1@group-C5BA1605619E-SegmentedRaftLogWorker was interrupted, exiting. There are 0 tasks remaining in the queue.
2022-03-01 02:07:00,182 [Listener at 127.0.0.1/43841] INFO  segmented.SegmentedRaftLogWorker (SegmentedRaftLogWorker.java:close(237)) - om1@group-C5BA1605619E-SegmentedRaftLogWorker close()
2022-03-01 02:07:00,183 [Listener at 127.0.0.1/43841] INFO  server.GrpcService (GrpcService.java:closeImpl(262)) - om1: shutdown server with port 9872 now
2022-03-01 02:07:00,183 [Listener at 127.0.0.1/43841] INFO  server.GrpcService (GrpcService.java:closeImpl(271)) - om1: shutdown server with port 9872 successfully
2022-03-01 02:07:00,183 [org.apache.ratis.util.JvmPauseMonitor$$Lambda$421/1299661385@61b4a433] INFO  util.JvmPauseMonitor (JvmPauseMonitor.java:run(109)) - JvmPauseMonitor-om1: Stopped
2022-03-01 02:07:00,184 [Listener at 127.0.0.1/43841] INFO  ratis.OzoneManagerDoubleBuffer (OzoneManagerDoubleBuffer.java:stop(437)) - Stopping OMDoubleBuffer flush thread
2022-03-01 02:07:00,184 [OMDoubleBufferFlushThread] INFO  ratis.OzoneManagerDoubleBuffer (OzoneManagerDoubleBuffer.java:flushTransactions(356)) - OMDoubleBuffer flush thread OMDoubleBufferFlushThread is interrupted and will exit. OMDoubleBufferFlushThread
2022-03-01 02:07:00,185 [Listener at 127.0.0.1/43841] INFO  utils.BackgroundService (BackgroundService.java:shutdown(132)) - Shutting down service KeyDeletingService
2022-03-01 02:07:00,185 [Listener at 127.0.0.1/43841] INFO  utils.BackgroundService (BackgroundService.java:shutdown(132)) - Shutting down service DirectoryDeletingService
2022-03-01 02:07:00,187 [Listener at 127.0.0.1/43841] INFO  handler.ContextHandler (ContextHandler.java:doStop(1153)) - Stopped o.e.j.w.WebAppContext@eb3ceb4{ozoneManager,/,null,STOPPED}{file:/home/runner/work/ozone/ozone/hadoop-ozone/integration-test/target/test-classes/webapps/ozoneManager}
2022-03-01 02:07:00,192 [Listener at 127.0.0.1/43841] INFO  server.AbstractConnector (AbstractConnector.java:doStop(381)) - Stopped ServerConnector@6ac4f76a{HTTP/1.1, (http/1.1)}{0.0.0.0:0}
2022-03-01 02:07:00,192 [Listener at 127.0.0.1/43841] INFO  server.session (HouseKeeper.java:stopScavenging(149)) - node0 Stopped scavenging
2022-03-01 02:07:00,192 [Listener at 127.0.0.1/43841] INFO  handler.ContextHandler (ContextHandler.java:doStop(1153)) - Stopped o.e.j.s.ServletContextHandler@6c23667e{static,/static,file:///home/runner/work/ozone/ozone/hadoop-ozone/integration-test/target/test-classes/webapps/static,STOPPED}
2022-03-01 02:07:00,193 [Listener at 127.0.0.1/43841] INFO  handler.ContextHandler (ContextHandler.java:doStop(1153)) - Stopped o.e.j.s.ServletContextHandler@7094f0ae{logs,/logs,file:///home/runner/work/ozone/ozone/hadoop-ozone/integration-test/target/log,STOPPED}
2022-03-01 02:07:00,194 [Trash Emptier] ERROR om.TrashPolicyOzone (TrashPolicyOzone.java:run(251)) - Error attempting to shutdown
java.lang.InterruptedException
	at java.util.concurrent.locks.AbstractQueuedSynchronizer$ConditionObject.awaitNanos(AbstractQueuedSynchronizer.java:2067)
	at java.util.concurrent.ThreadPoolExecutor.awaitTermination(ThreadPoolExecutor.java:1475)
	at org.apache.hadoop.ozone.om.TrashPolicyOzone$Emptier.run(TrashPolicyOzone.java:249)
	at java.lang.Thread.run(Thread.java:750)
2022-03-01 02:07:00,194 [Trash Emptier] ERROR util.ExitUtils (ExitUtils.java:terminate(133)) - Terminating with exit status -1: Thread[Trash Emptier,5,main] has thrown an uncaught exception
java.lang.UnsupportedOperationException: fs.getUri() not implemented in TrashOzoneFileSystem
	at org.apache.hadoop.ozone.om.TrashOzoneFileSystem.getUri(TrashOzoneFileSystem.java:124)
	at org.apache.hadoop.fs.FileSystem.close(FileSystem.java:2592)
	at org.apache.hadoop.ozone.om.TrashPolicyOzone$Emptier.run(TrashPolicyOzone.java:243)
	at java.lang.Thread.run(Thread.java:750)
2022-03-01 02:07:00,197 [Listener at 127.0.0.1/43841] INFO  ozone.MiniOzoneClusterImpl (MiniOzoneClusterImpl.java:stopDatanodes(523)) - Stopping the HddsDatanodes
2022-03-01 02:07:05,047 [96d647f3-4139-4eee-a3ce-4060338a8060@group-220306FB18C9-FollowerState] INFO  impl.FollowerState (FollowerState.java:run(134)) - 96d647f3-4139-4eee-a3ce-4060338a8060@group-220306FB18C9-FollowerState: change to CANDIDATE, lastRpcElapsedTime:5161718076ns, electionTimeout:5155ms
2022-03-01 02:07:05,047 [96d647f3-4139-4eee-a3ce-4060338a8060@group-220306FB18C9-FollowerState] INFO  impl.RoleInfo (RoleInfo.java:shutdownFollowerState(108)) - 96d647f3-4139-4eee-a3ce-4060338a8060: shutdown 96d647f3-4139-4eee-a3ce-4060338a8060@group-220306FB18C9-FollowerState
2022-03-01 02:07:05,047 [96d647f3-4139-4eee-a3ce-4060338a8060@group-220306FB18C9-FollowerState] INFO  server.RaftServer$Division (RaftServerImpl.java:setRole(290)) - 96d647f3-4139-4eee-a3ce-4060338a8060@group-220306FB18C9: changes role from  FOLLOWER to CANDIDATE at term 3 for changeToCandidate
2022-03-01 02:07:05,047 [96d647f3-4139-4eee-a3ce-4060338a8060@group-220306FB18C9-FollowerState] INFO  server.RaftServerConfigKeys (ConfUtils.java:logGet(44)) - raft.server.leaderelection.pre-vote = false (custom)
2022-03-01 02:07:05,047 [96d647f3-4139-4eee-a3ce-4060338a8060@group-220306FB18C9-FollowerState] INFO  impl.RoleInfo (RoleInfo.java:updateAndGet(130)) - 96d647f3-4139-4eee-a3ce-4060338a8060: start 96d647f3-4139-4eee-a3ce-4060338a8060@group-220306FB18C9-LeaderElection14
2022-03-01 02:07:05,053 [96d647f3-4139-4eee-a3ce-4060338a8060@group-220306FB18C9-LeaderElection14] INFO  impl.LeaderElection (LeaderElection.java:askForVotes(306)) - 96d647f3-4139-4eee-a3ce-4060338a8060@group-220306FB18C9-LeaderElection14 ELECTION round 0: submit vote requests at term 4 for -1: [96d647f3-4139-4eee-a3ce-4060338a8060|rpc:10.1.0.9:33251|priority:0, ad1e3389-5461-4d86-bfe3-f9696df72b53|rpc:10.1.0.9:36659|priority:0, 2a54663f-1deb-4689-99ea-134cf66fec96|rpc:10.1.0.9:33803|priority:1], old=null
2022-03-01 02:07:05,057 [grpc-default-executor-2] INFO  server.RaftServer$Division (RaftServerImpl.java:requestVote(1046)) - ad1e3389-5461-4d86-bfe3-f9696df72b53@group-220306FB18C9: receive requestVote(ELECTION, 96d647f3-4139-4eee-a3ce-4060338a8060, group-220306FB18C9, 4, (t:0, i:0))
2022-03-01 02:07:05,057 [grpc-default-executor-2] INFO  impl.VoteContext (VoteContext.java:log(48)) - ad1e3389-5461-4d86-bfe3-f9696df72b53@group-220306FB18C9-FOLLOWER: accept ELECTION from 96d647f3-4139-4eee-a3ce-4060338a8060: our priority 0 <= candidate's priority 0
2022-03-01 02:07:05,057 [grpc-default-executor-2] INFO  server.RaftServer$Division (RaftServerImpl.java:setRole(290)) - ad1e3389-5461-4d86-bfe3-f9696df72b53@group-220306FB18C9: changes role from  FOLLOWER to FOLLOWER at term 4 for candidate:96d647f3-4139-4eee-a3ce-4060338a8060
2022-03-01 02:07:05,057 [grpc-default-executor-2] INFO  impl.RoleInfo (RoleInfo.java:shutdownFollowerState(108)) - ad1e3389-5461-4d86-bfe3-f9696df72b53: shutdown ad1e3389-5461-4d86-bfe3-f9696df72b53@group-220306FB18C9-FollowerState
2022-03-01 02:07:05,057 [grpc-default-executor-2] INFO  impl.RoleInfo (RoleInfo.java:updateAndGet(130)) - ad1e3389-5461-4d86-bfe3-f9696df72b53: start ad1e3389-5461-4d86-bfe3-f9696df72b53@group-220306FB18C9-FollowerState
2022-03-01 02:07:05,058 [ad1e3389-5461-4d86-bfe3-f9696df72b53@group-220306FB18C9-FollowerState] INFO  impl.FollowerState (FollowerState.java:run(143)) - ad1e3389-5461-4d86-bfe3-f9696df72b53@group-220306FB18C9-FollowerState was interrupted: {}
java.lang.InterruptedException: sleep interrupted
	at java.lang.Thread.sleep(Native Method)
	at java.lang.Thread.sleep(Thread.java:342)
	at java.util.concurrent.TimeUnit.sleep(TimeUnit.java:386)
	at org.apache.ratis.util.TimeDuration.sleep(TimeDuration.java:324)
	at org.apache.ratis.util.TimeDuration.sleep(TimeDuration.java:309)
	at org.apache.ratis.server.impl.FollowerState.run(FollowerState.java:118)
2022-03-01 02:07:05,065 [grpc-default-executor-1] INFO  server.RaftServer$Division (RaftServerImpl.java:requestVote(1046)) - 2a54663f-1deb-4689-99ea-134cf66fec96@group-220306FB18C9: receive requestVote(ELECTION, 96d647f3-4139-4eee-a3ce-4060338a8060, group-220306FB18C9, 4, (t:0, i:0))
2022-03-01 02:07:05,065 [grpc-default-executor-1] INFO  impl.VoteContext (VoteContext.java:log(48)) - 2a54663f-1deb-4689-99ea-134cf66fec96@group-220306FB18C9-FOLLOWER: reject ELECTION from 96d647f3-4139-4eee-a3ce-4060338a8060: our priority 1 > candidate's priority 0
2022-03-01 02:07:05,065 [grpc-default-executor-1] INFO  server.RaftServer$Division (RaftServerImpl.java:setRole(290)) - 2a54663f-1deb-4689-99ea-134cf66fec96@group-220306FB18C9: changes role from  FOLLOWER to FOLLOWER at term 4 for candidate:96d647f3-4139-4eee-a3ce-4060338a8060
2022-03-01 02:07:05,065 [grpc-default-executor-1] INFO  impl.RoleInfo (RoleInfo.java:shutdownFollowerState(108)) - 2a54663f-1deb-4689-99ea-134cf66fec96: shutdown 2a54663f-1deb-4689-99ea-134cf66fec96@group-220306FB18C9-FollowerState
2022-03-01 02:07:05,066 [grpc-default-executor-1] INFO  impl.RoleInfo (RoleInfo.java:updateAndGet(130)) - 2a54663f-1deb-4689-99ea-134cf66fec96: start 2a54663f-1deb-4689-99ea-134cf66fec96@group-220306FB18C9-FollowerState
2022-03-01 02:07:05,066 [2a54663f-1deb-4689-99ea-134cf66fec96@group-220306FB18C9-FollowerState] INFO  impl.FollowerState (FollowerState.java:run(143)) - 2a54663f-1deb-4689-99ea-134cf66fec96@group-220306FB18C9-FollowerState was interrupted: {}
java.lang.InterruptedException: sleep interrupted
	at java.lang.Thread.sleep(Native Method)
	at java.lang.Thread.sleep(Thread.java:342)
	at java.util.concurrent.TimeUnit.sleep(TimeUnit.java:386)
	at org.apache.ratis.util.TimeDuration.sleep(TimeDuration.java:324)
	at org.apache.ratis.util.TimeDuration.sleep(TimeDuration.java:309)
	at org.apache.ratis.server.impl.FollowerState.run(FollowerState.java:118)
2022-03-01 02:07:05,068 [grpc-default-executor-2] INFO  server.RaftServer$Division (RaftServerImpl.java:requestVote(1078)) - ad1e3389-5461-4d86-bfe3-f9696df72b53@group-220306FB18C9 replies to ELECTION vote request: 96d647f3-4139-4eee-a3ce-4060338a8060<-ad1e3389-5461-4d86-bfe3-f9696df72b53#0:OK-t4. Peer's state: ad1e3389-5461-4d86-bfe3-f9696df72b53@group-220306FB18C9:t4, leader=null, voted=96d647f3-4139-4eee-a3ce-4060338a8060, raftlog=ad1e3389-5461-4d86-bfe3-f9696df72b53@group-220306FB18C9-SegmentedRaftLog:OPENED:c-1, conf=-1: [96d647f3-4139-4eee-a3ce-4060338a8060|rpc:10.1.0.9:33251|priority:0, ad1e3389-5461-4d86-bfe3-f9696df72b53|rpc:10.1.0.9:36659|priority:0, 2a54663f-1deb-4689-99ea-134cf66fec96|rpc:10.1.0.9:33803|priority:1], old=null
2022-03-01 02:07:05,069 [grpc-default-executor-1] INFO  server.RaftServer$Division (RaftServerImpl.java:requestVote(1078)) - 2a54663f-1deb-4689-99ea-134cf66fec96@group-220306FB18C9 replies to ELECTION vote request: 96d647f3-4139-4eee-a3ce-4060338a8060<-2a54663f-1deb-4689-99ea-134cf66fec96#0:FAIL-t4. Peer's state: 2a54663f-1deb-4689-99ea-134cf66fec96@group-220306FB18C9:t4, leader=null, voted=null, raftlog=2a54663f-1deb-4689-99ea-134cf66fec96@group-220306FB18C9-SegmentedRaftLog:OPENED:c-1, conf=-1: [96d647f3-4139-4eee-a3ce-4060338a8060|rpc:10.1.0.9:33251|priority:0, ad1e3389-5461-4d86-bfe3-f9696df72b53|rpc:10.1.0.9:36659|priority:0, 2a54663f-1deb-4689-99ea-134cf66fec96|rpc:10.1.0.9:33803|priority:1], old=null
2022-03-01 02:07:05,071 [96d647f3-4139-4eee-a3ce-4060338a8060@group-220306FB18C9-LeaderElection14] INFO  impl.LeaderElection (LeaderElection.java:logAndReturn(89)) - 96d647f3-4139-4eee-a3ce-4060338a8060@group-220306FB18C9-LeaderElection14: ELECTION REJECTED received 2 response(s) and 0 exception(s):
2022-03-01 02:07:05,071 [96d647f3-4139-4eee-a3ce-4060338a8060@group-220306FB18C9-LeaderElection14] INFO  impl.LeaderElection (LeaderElection.java:logAndReturn(93)) -   Response 0: 96d647f3-4139-4eee-a3ce-4060338a8060<-ad1e3389-5461-4d86-bfe3-f9696df72b53#0:OK-t4
2022-03-01 02:07:05,071 [96d647f3-4139-4eee-a3ce-4060338a8060@group-220306FB18C9-LeaderElection14] INFO  impl.LeaderElection (LeaderElection.java:logAndReturn(93)) -   Response 1: 96d647f3-4139-4eee-a3ce-4060338a8060<-2a54663f-1deb-4689-99ea-134cf66fec96#0:FAIL-t4
2022-03-01 02:07:05,072 [96d647f3-4139-4eee-a3ce-4060338a8060@group-220306FB18C9-LeaderElection14] INFO  impl.LeaderElection (LeaderElection.java:askForVotes(308)) - 96d647f3-4139-4eee-a3ce-4060338a8060@group-220306FB18C9-LeaderElection14 ELECTION round 0: result REJECTED
2022-03-01 02:07:05,072 [96d647f3-4139-4eee-a3ce-4060338a8060@group-220306FB18C9-LeaderElection14] INFO  server.RaftServer$Division (RaftServerImpl.java:setRole(290)) - 96d647f3-4139-4eee-a3ce-4060338a8060@group-220306FB18C9: changes role from CANDIDATE to FOLLOWER at term 4 for REJECTED
2022-03-01 02:07:05,072 [96d647f3-4139-4eee-a3ce-4060338a8060@group-220306FB18C9-LeaderElection14] INFO  impl.RoleInfo (RoleInfo.java:shutdownLeaderElection(121)) - 96d647f3-4139-4eee-a3ce-4060338a8060: shutdown 96d647f3-4139-4eee-a3ce-4060338a8060@group-220306FB18C9-LeaderElection14
2022-03-01 02:07:05,072 [96d647f3-4139-4eee-a3ce-4060338a8060@group-220306FB18C9-LeaderElection14] INFO  impl.RoleInfo (RoleInfo.java:updateAndGet(130)) - 96d647f3-4139-4eee-a3ce-4060338a8060: start 96d647f3-4139-4eee-a3ce-4060338a8060@group-220306FB18C9-FollowerState
2022-03-01 02:07:05,199 [Listener at 127.0.0.1/43841] INFO  ozoneimpl.OzoneContainer (OzoneContainer.java:stop(356)) - Attempting to stop container services.
2022-03-01 02:07:05,200 [ForkJoinPool.commonPool-worker-0] INFO  ozoneimpl.OzoneContainer (OzoneContainer.java:stop(356)) - Attempting to stop container services.
2022-03-01 02:07:05,201 [ForkJoinPool.commonPool-worker-0] INFO  server.RaftServer (RaftServerProxy.java:lambda$close$6(391)) - 96d647f3-4139-4eee-a3ce-4060338a8060: close
2022-03-01 02:07:05,201 [Listener at 127.0.0.1/43841] INFO  server.RaftServer (RaftServerProxy.java:lambda$close$6(391)) - ad1e3389-5461-4d86-bfe3-f9696df72b53: close
2022-03-01 02:07:05,202 [Listener at 127.0.0.1/43841] INFO  server.RaftServer$Division (RaftServerImpl.java:lambda$close$4(412)) - ad1e3389-5461-4d86-bfe3-f9696df72b53@group-F0D3298AD92D: shutdown
2022-03-01 02:07:05,202 [Listener at 127.0.0.1/43841] INFO  util.JmxRegister (JmxRegister.java:unregister(73)) - Successfully un-registered JMX Bean with object name Ratis:service=RaftServer,group=group-F0D3298AD92D,id=ad1e3389-5461-4d86-bfe3-f9696df72b53
2022-03-01 02:07:05,202 [Listener at 127.0.0.1/43841] INFO  impl.RoleInfo (RoleInfo.java:shutdownFollowerState(108)) - ad1e3389-5461-4d86-bfe3-f9696df72b53: shutdown ad1e3389-5461-4d86-bfe3-f9696df72b53@group-F0D3298AD92D-FollowerState
2022-03-01 02:07:05,202 [ad1e3389-5461-4d86-bfe3-f9696df72b53@group-F0D3298AD92D-FollowerState] INFO  impl.FollowerState (FollowerState.java:run(143)) - ad1e3389-5461-4d86-bfe3-f9696df72b53@group-F0D3298AD92D-FollowerState was interrupted: {}
java.lang.InterruptedException: sleep interrupted
	at java.lang.Thread.sleep(Native Method)
	at java.lang.Thread.sleep(Thread.java:342)
	at java.util.concurrent.TimeUnit.sleep(TimeUnit.java:386)
	at org.apache.ratis.util.TimeDuration.sleep(TimeDuration.java:324)
	at org.apache.ratis.util.TimeDuration.sleep(TimeDuration.java:309)
	at org.apache.ratis.server.impl.FollowerState.run(FollowerState.java:118)
2022-03-01 02:07:05,202 [ForkJoinPool.commonPool-worker-0] INFO  server.RaftServer$Division (RaftServerImpl.java:lambda$close$4(412)) - 96d647f3-4139-4eee-a3ce-4060338a8060@group-8C932D5D96A6: shutdown
2022-03-01 02:07:05,202 [ForkJoinPool.commonPool-worker-0] INFO  util.JmxRegister (JmxRegister.java:unregister(73)) - Successfully un-registered JMX Bean with object name Ratis:service=RaftServer,group=group-8C932D5D96A6,id=96d647f3-4139-4eee-a3ce-4060338a8060
2022-03-01 02:07:05,203 [ForkJoinPool.commonPool-worker-0] INFO  impl.RoleInfo (RoleInfo.java:shutdownLeaderState(91)) - 96d647f3-4139-4eee-a3ce-4060338a8060: shutdown 96d647f3-4139-4eee-a3ce-4060338a8060@group-8C932D5D96A6-LeaderStateImpl
2022-03-01 02:07:05,203 [ad1e3389-5461-4d86-bfe3-f9696df72b53@group-F0D3298AD92D-StateMachineUpdater] INFO  ratis.ContainerStateMachine (ContainerStateMachine.java:takeSnapshot(304)) - group-F0D3298AD92D: Taking a snapshot at:(t:1, i:28) file /home/runner/work/ozone/ozone/hadoop-ozone/integration-test/target/test-dir/MiniOzoneClusterImpl-fb9aa245-587e-41cf-8505-4cae30031cd3/datanode-1/data/ratis/973b0ca4-9a0c-495d-8cc9-f0d3298ad92d/sm/snapshot.1_28
2022-03-01 02:07:05,207 [Listener at 127.0.0.1/43841] INFO  impl.StateMachineUpdater (StateMachineUpdater.java:stopAndJoin(149)) - ad1e3389-5461-4d86-bfe3-f9696df72b53@group-F0D3298AD92D-StateMachineUpdater: set stopIndex = 28
2022-03-01 02:07:05,203 [ForkJoinPool.commonPool-worker-0] INFO  impl.PendingRequests (PendingRequests.java:sendNotLeaderResponses(282)) - 96d647f3-4139-4eee-a3ce-4060338a8060@group-8C932D5D96A6-PendingRequests: sendNotLeaderResponses
2022-03-01 02:07:05,214 [ForkJoinPool.commonPool-worker-0] INFO  impl.StateMachineUpdater (StateMachineUpdater.java:stopAndJoin(149)) - 96d647f3-4139-4eee-a3ce-4060338a8060@group-8C932D5D96A6-StateMachineUpdater: set stopIndex = 0
2022-03-01 02:07:05,214 [96d647f3-4139-4eee-a3ce-4060338a8060@group-8C932D5D96A6-StateMachineUpdater] INFO  ratis.ContainerStateMachine (ContainerStateMachine.java:takeSnapshot(304)) - group-8C932D5D96A6: Taking a snapshot at:(t:1, i:0) file /home/runner/work/ozone/ozone/hadoop-ozone/integration-test/target/test-dir/MiniOzoneClusterImpl-fb9aa245-587e-41cf-8505-4cae30031cd3/datanode-0/data/ratis/c8cfc764-dfeb-4559-a100-8c932d5d96a6/sm/snapshot.1_0
2022-03-01 02:07:05,243 [96d647f3-4139-4eee-a3ce-4060338a8060@group-8C932D5D96A6-StateMachineUpdater] INFO  ratis.ContainerStateMachine (ContainerStateMachine.java:takeSnapshot(315)) - group-8C932D5D96A6: Finished taking a snapshot at:(t:1, i:0) file:/home/runner/work/ozone/ozone/hadoop-ozone/integration-test/target/test-dir/MiniOzoneClusterImpl-fb9aa245-587e-41cf-8505-4cae30031cd3/datanode-0/data/ratis/c8cfc764-dfeb-4559-a100-8c932d5d96a6/sm/snapshot.1_0 took: 28 ms
2022-03-01 02:07:05,244 [96d647f3-4139-4eee-a3ce-4060338a8060@group-8C932D5D96A6-StateMachineUpdater] INFO  impl.StateMachineUpdater (StateMachineUpdater.java:takeSnapshot(281)) - 96d647f3-4139-4eee-a3ce-4060338a8060@group-8C932D5D96A6-StateMachineUpdater: Took a snapshot at index 0
2022-03-01 02:07:05,244 [96d647f3-4139-4eee-a3ce-4060338a8060@group-8C932D5D96A6-StateMachineUpdater] INFO  impl.StateMachineUpdater (StateMachineUpdater.java:lambda$new$0(89)) - 96d647f3-4139-4eee-a3ce-4060338a8060@group-8C932D5D96A6-StateMachineUpdater: snapshotIndex: updateIncreasingly -1 -> 0
2022-03-01 02:07:05,245 [ForkJoinPool.commonPool-worker-0] INFO  server.RaftServer$Division (ServerState.java:close(419)) - 96d647f3-4139-4eee-a3ce-4060338a8060@group-8C932D5D96A6: closes. applyIndex: 0
2022-03-01 02:07:05,245 [96d647f3-4139-4eee-a3ce-4060338a8060@group-8C932D5D96A6-SegmentedRaftLogWorker] INFO  segmented.SegmentedRaftLogWorker (SegmentedRaftLogWorker.java:run(327)) - 96d647f3-4139-4eee-a3ce-4060338a8060@group-8C932D5D96A6-SegmentedRaftLogWorker was interrupted, exiting. There are 0 tasks remaining in the queue.
2022-03-01 02:07:05,245 [ForkJoinPool.commonPool-worker-0] INFO  segmented.SegmentedRaftLogWorker (SegmentedRaftLogWorker.java:close(237)) - 96d647f3-4139-4eee-a3ce-4060338a8060@group-8C932D5D96A6-SegmentedRaftLogWorker close()
2022-03-01 02:07:05,246 [ForkJoinPool.commonPool-worker-0] INFO  server.RaftServer$Division (RaftServerImpl.java:lambda$close$4(412)) - 96d647f3-4139-4eee-a3ce-4060338a8060@group-F0D3298AD92D: shutdown
2022-03-01 02:07:05,247 [ForkJoinPool.commonPool-worker-0] INFO  util.JmxRegister (JmxRegister.java:unregister(73)) - Successfully un-registered JMX Bean with object name Ratis:service=RaftServer,group=group-F0D3298AD92D,id=96d647f3-4139-4eee-a3ce-4060338a8060
2022-03-01 02:07:05,247 [ForkJoinPool.commonPool-worker-0] INFO  impl.RoleInfo (RoleInfo.java:shutdownLeaderState(91)) - 96d647f3-4139-4eee-a3ce-4060338a8060: shutdown 96d647f3-4139-4eee-a3ce-4060338a8060@group-F0D3298AD92D-LeaderStateImpl
2022-03-01 02:07:05,247 [ForkJoinPool.commonPool-worker-0] INFO  impl.PendingRequests (PendingRequests.java:sendNotLeaderResponses(282)) - 96d647f3-4139-4eee-a3ce-4060338a8060@group-F0D3298AD92D-PendingRequests: sendNotLeaderResponses
2022-03-01 02:07:05,247 [96d647f3-4139-4eee-a3ce-4060338a8060@group-F0D3298AD92D->ad1e3389-5461-4d86-bfe3-f9696df72b53-GrpcLogAppender-LogAppenderDaemon] WARN  server.GrpcLogAppender (GrpcLogAppender.java:mayWait(177)) - 96d647f3-4139-4eee-a3ce-4060338a8060@group-F0D3298AD92D->ad1e3389-5461-4d86-bfe3-f9696df72b53-GrpcLogAppender: Wait interrupted by java.lang.InterruptedException
2022-03-01 02:07:05,247 [96d647f3-4139-4eee-a3ce-4060338a8060@group-F0D3298AD92D->2a54663f-1deb-4689-99ea-134cf66fec96-GrpcLogAppender-LogAppenderDaemon] WARN  server.GrpcLogAppender (GrpcLogAppender.java:mayWait(177)) - 96d647f3-4139-4eee-a3ce-4060338a8060@group-F0D3298AD92D->2a54663f-1deb-4689-99ea-134cf66fec96-GrpcLogAppender: Wait interrupted by java.lang.InterruptedException
2022-03-01 02:07:05,250 [grpc-default-executor-2] INFO  server.GrpcServerProtocolService (GrpcServerProtocolService.java:onCompleted(140)) - 2a54663f-1deb-4689-99ea-134cf66fec96: Completed APPEND_ENTRIES, lastRequest: 96d647f3-4139-4eee-a3ce-4060338a8060->2a54663f-1deb-4689-99ea-134cf66fec96#317-t1,previous=(t:1, i:27),leaderCommit=26,initializing? true,entries: size=1, first=(t:1, i:28), METADATAENTRY(c:26)
2022-03-01 02:07:05,254 [grpc-default-executor-1] INFO  server.GrpcServerProtocolService (GrpcServerProtocolService.java:onCompleted(140)) - ad1e3389-5461-4d86-bfe3-f9696df72b53: Completed APPEND_ENTRIES, lastRequest: 96d647f3-4139-4eee-a3ce-4060338a8060->ad1e3389-5461-4d86-bfe3-f9696df72b53#318-t1,previous=(t:1, i:27),leaderCommit=26,initializing? true,entries: size=1, first=(t:1, i:28), METADATAENTRY(c:26)
2022-03-01 02:07:05,255 [ad1e3389-5461-4d86-bfe3-f9696df72b53@group-F0D3298AD92D-StateMachineUpdater] INFO  ratis.ContainerStateMachine (ContainerStateMachine.java:takeSnapshot(315)) - group-F0D3298AD92D: Finished taking a snapshot at:(t:1, i:28) file:/home/runner/work/ozone/ozone/hadoop-ozone/integration-test/target/test-dir/MiniOzoneClusterImpl-fb9aa245-587e-41cf-8505-4cae30031cd3/datanode-1/data/ratis/973b0ca4-9a0c-495d-8cc9-f0d3298ad92d/sm/snapshot.1_28 took: 52 ms
2022-03-01 02:07:05,255 [grpc-default-executor-3] INFO  server.GrpcLogAppender (GrpcLogAppender.java:onCompleted(346)) - 96d647f3-4139-4eee-a3ce-4060338a8060@group-F0D3298AD92D->ad1e3389-5461-4d86-bfe3-f9696df72b53-AppendLogResponseHandler: follower responses appendEntries COMPLETED
2022-03-01 02:07:05,255 [ad1e3389-5461-4d86-bfe3-f9696df72b53@group-F0D3298AD92D-StateMachineUpdater] INFO  impl.StateMachineUpdater (StateMachineUpdater.java:takeSnapshot(281)) - ad1e3389-5461-4d86-bfe3-f9696df72b53@group-F0D3298AD92D-StateMachineUpdater: Took a snapshot at index 28
2022-03-01 02:07:05,255 [ad1e3389-5461-4d86-bfe3-f9696df72b53@group-F0D3298AD92D-StateMachineUpdater] INFO  impl.StateMachineUpdater (StateMachineUpdater.java:lambda$new$0(89)) - ad1e3389-5461-4d86-bfe3-f9696df72b53@group-F0D3298AD92D-StateMachineUpdater: snapshotIndex: updateIncreasingly -1 -> 28
2022-03-01 02:07:05,258 [grpc-default-executor-3] INFO  leader.FollowerInfo (FollowerInfoImpl.java:lambda$new$0(47)) - 96d647f3-4139-4eee-a3ce-4060338a8060@group-F0D3298AD92D->ad1e3389-5461-4d86-bfe3-f9696df72b53: nextIndex: updateUnconditionally 29 -> 28
2022-03-01 02:07:05,258 [96d647f3-4139-4eee-a3ce-4060338a8060@group-F0D3298AD92D-StateMachineUpdater] INFO  ratis.ContainerStateMachine (ContainerStateMachine.java:takeSnapshot(304)) - group-F0D3298AD92D: Taking a snapshot at:(t:1, i:28) file /home/runner/work/ozone/ozone/hadoop-ozone/integration-test/target/test-dir/MiniOzoneClusterImpl-fb9aa245-587e-41cf-8505-4cae30031cd3/datanode-0/data/ratis/973b0ca4-9a0c-495d-8cc9-f0d3298ad92d/sm/snapshot.1_28
2022-03-01 02:07:05,259 [ForkJoinPool.commonPool-worker-0] INFO  impl.StateMachineUpdater (StateMachineUpdater.java:stopAndJoin(149)) - 96d647f3-4139-4eee-a3ce-4060338a8060@group-F0D3298AD92D-StateMachineUpdater: set stopIndex = 28
2022-03-01 02:07:05,260 [grpc-default-executor-2] INFO  server.GrpcLogAppender (GrpcLogAppender.java:onCompleted(346)) - 96d647f3-4139-4eee-a3ce-4060338a8060@group-F0D3298AD92D->2a54663f-1deb-4689-99ea-134cf66fec96-AppendLogResponseHandler: follower responses appendEntries COMPLETED
2022-03-01 02:07:05,260 [grpc-default-executor-2] INFO  leader.FollowerInfo (FollowerInfoImpl.java:lambda$new$0(47)) - 96d647f3-4139-4eee-a3ce-4060338a8060@group-F0D3298AD92D->2a54663f-1deb-4689-99ea-134cf66fec96: nextIndex: updateUnconditionally 29 -> 28
2022-03-01 02:07:05,267 [96d647f3-4139-4eee-a3ce-4060338a8060@group-F0D3298AD92D-StateMachineUpdater] INFO  ratis.ContainerStateMachine (ContainerStateMachine.java:takeSnapshot(315)) - group-F0D3298AD92D: Finished taking a snapshot at:(t:1, i:28) file:/home/runner/work/ozone/ozone/hadoop-ozone/integration-test/target/test-dir/MiniOzoneClusterImpl-fb9aa245-587e-41cf-8505-4cae30031cd3/datanode-0/data/ratis/973b0ca4-9a0c-495d-8cc9-f0d3298ad92d/sm/snapshot.1_28 took: 8 ms
2022-03-01 02:07:05,267 [96d647f3-4139-4eee-a3ce-4060338a8060@group-F0D3298AD92D-StateMachineUpdater] INFO  impl.StateMachineUpdater (StateMachineUpdater.java:takeSnapshot(281)) - 96d647f3-4139-4eee-a3ce-4060338a8060@group-F0D3298AD92D-StateMachineUpdater: Took a snapshot at index 28
2022-03-01 02:07:05,267 [96d647f3-4139-4eee-a3ce-4060338a8060@group-F0D3298AD92D-StateMachineUpdater] INFO  impl.StateMachineUpdater (StateMachineUpdater.java:lambda$new$0(89)) - 96d647f3-4139-4eee-a3ce-4060338a8060@group-F0D3298AD92D-StateMachineUpdater: snapshotIndex: updateIncreasingly -1 -> 28
2022-03-01 02:07:05,268 [Listener at 127.0.0.1/43841] INFO  server.RaftServer$Division (ServerState.java:close(419)) - ad1e3389-5461-4d86-bfe3-f9696df72b53@group-F0D3298AD92D: closes. applyIndex: 28
2022-03-01 02:07:05,269 [ad1e3389-5461-4d86-bfe3-f9696df72b53@group-F0D3298AD92D-SegmentedRaftLogWorker] INFO  segmented.SegmentedRaftLogWorker (SegmentedRaftLogWorker.java:run(327)) - ad1e3389-5461-4d86-bfe3-f9696df72b53@group-F0D3298AD92D-SegmentedRaftLogWorker was interrupted, exiting. There are 0 tasks remaining in the queue.
2022-03-01 02:07:05,269 [ForkJoinPool.commonPool-worker-0] INFO  server.RaftServer$Division (ServerState.java:close(419)) - 96d647f3-4139-4eee-a3ce-4060338a8060@group-F0D3298AD92D: closes. applyIndex: 28
2022-03-01 02:07:05,269 [96d647f3-4139-4eee-a3ce-4060338a8060@group-F0D3298AD92D-SegmentedRaftLogWorker] INFO  segmented.SegmentedRaftLogWorker (SegmentedRaftLogWorker.java:run(327)) - 96d647f3-4139-4eee-a3ce-4060338a8060@group-F0D3298AD92D-SegmentedRaftLogWorker was interrupted, exiting. There are 0 tasks remaining in the queue.
2022-03-01 02:07:05,270 [Listener at 127.0.0.1/43841] INFO  segmented.SegmentedRaftLogWorker (SegmentedRaftLogWorker.java:close(237)) - ad1e3389-5461-4d86-bfe3-f9696df72b53@group-F0D3298AD92D-SegmentedRaftLogWorker close()
2022-03-01 02:07:05,270 [ForkJoinPool.commonPool-worker-0] INFO  segmented.SegmentedRaftLogWorker (SegmentedRaftLogWorker.java:close(237)) - 96d647f3-4139-4eee-a3ce-4060338a8060@group-F0D3298AD92D-SegmentedRaftLogWorker close()
2022-03-01 02:07:05,271 [Listener at 127.0.0.1/43841] INFO  server.RaftServer$Division (RaftServerImpl.java:lambda$close$4(412)) - ad1e3389-5461-4d86-bfe3-f9696df72b53@group-220306FB18C9: shutdown
2022-03-01 02:07:05,271 [Listener at 127.0.0.1/43841] INFO  util.JmxRegister (JmxRegister.java:unregister(73)) - Successfully un-registered JMX Bean with object name Ratis:service=RaftServer,group=group-220306FB18C9,id=ad1e3389-5461-4d86-bfe3-f9696df72b53
2022-03-01 02:07:05,271 [Listener at 127.0.0.1/43841] INFO  impl.RoleInfo (RoleInfo.java:shutdownFollowerState(108)) - ad1e3389-5461-4d86-bfe3-f9696df72b53: shutdown ad1e3389-5461-4d86-bfe3-f9696df72b53@group-220306FB18C9-FollowerState
2022-03-01 02:07:05,272 [Listener at 127.0.0.1/43841] INFO  impl.StateMachineUpdater (StateMachineUpdater.java:stopAndJoin(149)) - ad1e3389-5461-4d86-bfe3-f9696df72b53@group-220306FB18C9-StateMachineUpdater: set stopIndex = -1
2022-03-01 02:07:05,272 [ForkJoinPool.commonPool-worker-0] INFO  server.RaftServer$Division (RaftServerImpl.java:lambda$close$4(412)) - 96d647f3-4139-4eee-a3ce-4060338a8060@group-220306FB18C9: shutdown
2022-03-01 02:07:05,272 [ad1e3389-5461-4d86-bfe3-f9696df72b53@group-220306FB18C9-FollowerState] INFO  impl.FollowerState (FollowerState.java:run(143)) - ad1e3389-5461-4d86-bfe3-f9696df72b53@group-220306FB18C9-FollowerState was interrupted: {}
java.lang.InterruptedException: sleep interrupted
	at java.lang.Thread.sleep(Native Method)
	at java.lang.Thread.sleep(Thread.java:342)
	at java.util.concurrent.TimeUnit.sleep(TimeUnit.java:386)
	at org.apache.ratis.util.TimeDuration.sleep(TimeDuration.java:324)
	at org.apache.ratis.util.TimeDuration.sleep(TimeDuration.java:309)
	at org.apache.ratis.server.impl.FollowerState.run(FollowerState.java:118)
2022-03-01 02:07:05,272 [ForkJoinPool.commonPool-worker-0] INFO  util.JmxRegister (JmxRegister.java:unregister(73)) - Successfully un-registered JMX Bean with object name Ratis:service=RaftServer,group=group-220306FB18C9,id=96d647f3-4139-4eee-a3ce-4060338a8060
2022-03-01 02:07:05,272 [Listener at 127.0.0.1/43841] INFO  server.RaftServer$Division (ServerState.java:close(419)) - ad1e3389-5461-4d86-bfe3-f9696df72b53@group-220306FB18C9: closes. applyIndex: -1
2022-03-01 02:07:05,272 [ForkJoinPool.commonPool-worker-0] INFO  impl.RoleInfo (RoleInfo.java:shutdownFollowerState(108)) - 96d647f3-4139-4eee-a3ce-4060338a8060: shutdown 96d647f3-4139-4eee-a3ce-4060338a8060@group-220306FB18C9-FollowerState
2022-03-01 02:07:05,273 [ad1e3389-5461-4d86-bfe3-f9696df72b53@group-220306FB18C9-SegmentedRaftLogWorker] INFO  segmented.SegmentedRaftLogWorker (SegmentedRaftLogWorker.java:run(327)) - ad1e3389-5461-4d86-bfe3-f9696df72b53@group-220306FB18C9-SegmentedRaftLogWorker was interrupted, exiting. There are 0 tasks remaining in the queue.
2022-03-01 02:07:05,273 [96d647f3-4139-4eee-a3ce-4060338a8060@group-220306FB18C9-FollowerState] INFO  impl.FollowerState (FollowerState.java:run(143)) - 96d647f3-4139-4eee-a3ce-4060338a8060@group-220306FB18C9-FollowerState was interrupted: {}
java.lang.InterruptedException: sleep interrupted
	at java.lang.Thread.sleep(Native Method)
	at java.lang.Thread.sleep(Thread.java:342)
	at java.util.concurrent.TimeUnit.sleep(TimeUnit.java:386)
	at org.apache.ratis.util.TimeDuration.sleep(TimeDuration.java:324)
	at org.apache.ratis.util.TimeDuration.sleep(TimeDuration.java:309)
	at org.apache.ratis.server.impl.FollowerState.run(FollowerState.java:118)
2022-03-01 02:07:05,273 [ForkJoinPool.commonPool-worker-0] INFO  impl.StateMachineUpdater (StateMachineUpdater.java:stopAndJoin(149)) - 96d647f3-4139-4eee-a3ce-4060338a8060@group-220306FB18C9-StateMachineUpdater: set stopIndex = -1
2022-03-01 02:07:05,279 [ForkJoinPool.commonPool-worker-0] INFO  server.RaftServer$Division (ServerState.java:close(419)) - 96d647f3-4139-4eee-a3ce-4060338a8060@group-220306FB18C9: closes. applyIndex: -1
2022-03-01 02:07:05,279 [Listener at 127.0.0.1/43841] INFO  segmented.SegmentedRaftLogWorker (SegmentedRaftLogWorker.java:close(237)) - ad1e3389-5461-4d86-bfe3-f9696df72b53@group-220306FB18C9-SegmentedRaftLogWorker close()
2022-03-01 02:07:05,279 [96d647f3-4139-4eee-a3ce-4060338a8060@group-220306FB18C9-SegmentedRaftLogWorker] INFO  segmented.SegmentedRaftLogWorker (SegmentedRaftLogWorker.java:run(327)) - 96d647f3-4139-4eee-a3ce-4060338a8060@group-220306FB18C9-SegmentedRaftLogWorker was interrupted, exiting. There are 0 tasks remaining in the queue.
2022-03-01 02:07:05,280 [Listener at 127.0.0.1/43841] INFO  server.RaftServer$Division (RaftServerImpl.java:lambda$close$4(412)) - ad1e3389-5461-4d86-bfe3-f9696df72b53@group-40842471A4B5: shutdown
2022-03-01 02:07:05,280 [ForkJoinPool.commonPool-worker-0] INFO  segmented.SegmentedRaftLogWorker (SegmentedRaftLogWorker.java:close(237)) - 96d647f3-4139-4eee-a3ce-4060338a8060@group-220306FB18C9-SegmentedRaftLogWorker close()
2022-03-01 02:07:05,280 [Listener at 127.0.0.1/43841] INFO  util.JmxRegister (JmxRegister.java:unregister(73)) - Successfully un-registered JMX Bean with object name Ratis:service=RaftServer,group=group-40842471A4B5,id=ad1e3389-5461-4d86-bfe3-f9696df72b53
2022-03-01 02:07:05,280 [Listener at 127.0.0.1/43841] INFO  impl.RoleInfo (RoleInfo.java:shutdownLeaderState(91)) - ad1e3389-5461-4d86-bfe3-f9696df72b53: shutdown ad1e3389-5461-4d86-bfe3-f9696df72b53@group-40842471A4B5-LeaderStateImpl
2022-03-01 02:07:05,280 [Listener at 127.0.0.1/43841] INFO  impl.PendingRequests (PendingRequests.java:sendNotLeaderResponses(282)) - ad1e3389-5461-4d86-bfe3-f9696df72b53@group-40842471A4B5-PendingRequests: sendNotLeaderResponses
2022-03-01 02:07:05,281 [Listener at 127.0.0.1/43841] INFO  impl.StateMachineUpdater (StateMachineUpdater.java:stopAndJoin(149)) - ad1e3389-5461-4d86-bfe3-f9696df72b53@group-40842471A4B5-StateMachineUpdater: set stopIndex = 0
2022-03-01 02:07:05,281 [ad1e3389-5461-4d86-bfe3-f9696df72b53@group-40842471A4B5-StateMachineUpdater] INFO  ratis.ContainerStateMachine (ContainerStateMachine.java:takeSnapshot(304)) - group-40842471A4B5: Taking a snapshot at:(t:1, i:0) file /home/runner/work/ozone/ozone/hadoop-ozone/integration-test/target/test-dir/MiniOzoneClusterImpl-fb9aa245-587e-41cf-8505-4cae30031cd3/datanode-1/data/ratis/544a35bb-61f9-4736-9e42-40842471a4b5/sm/snapshot.1_0
2022-03-01 02:07:05,282 [ForkJoinPool.commonPool-worker-0] INFO  server.GrpcService (GrpcService.java:closeImpl(262)) - 96d647f3-4139-4eee-a3ce-4060338a8060: shutdown server with port 33251 now
2022-03-01 02:07:05,283 [ad1e3389-5461-4d86-bfe3-f9696df72b53@group-40842471A4B5-StateMachineUpdater] INFO  ratis.ContainerStateMachine (ContainerStateMachine.java:takeSnapshot(315)) - group-40842471A4B5: Finished taking a snapshot at:(t:1, i:0) file:/home/runner/work/ozone/ozone/hadoop-ozone/integration-test/target/test-dir/MiniOzoneClusterImpl-fb9aa245-587e-41cf-8505-4cae30031cd3/datanode-1/data/ratis/544a35bb-61f9-4736-9e42-40842471a4b5/sm/snapshot.1_0 took: 2 ms
2022-03-01 02:07:05,283 [ad1e3389-5461-4d86-bfe3-f9696df72b53@group-40842471A4B5-StateMachineUpdater] INFO  impl.StateMachineUpdater (StateMachineUpdater.java:takeSnapshot(281)) - ad1e3389-5461-4d86-bfe3-f9696df72b53@group-40842471A4B5-StateMachineUpdater: Took a snapshot at index 0
2022-03-01 02:07:05,283 [ad1e3389-5461-4d86-bfe3-f9696df72b53@group-40842471A4B5-StateMachineUpdater] INFO  impl.StateMachineUpdater (StateMachineUpdater.java:lambda$new$0(89)) - ad1e3389-5461-4d86-bfe3-f9696df72b53@group-40842471A4B5-StateMachineUpdater: snapshotIndex: updateIncreasingly -1 -> 0
2022-03-01 02:07:05,287 [Listener at 127.0.0.1/43841] INFO  server.RaftServer$Division (ServerState.java:close(419)) - ad1e3389-5461-4d86-bfe3-f9696df72b53@group-40842471A4B5: closes. applyIndex: 0
2022-03-01 02:07:05,288 [ad1e3389-5461-4d86-bfe3-f9696df72b53@group-40842471A4B5-SegmentedRaftLogWorker] INFO  segmented.SegmentedRaftLogWorker (SegmentedRaftLogWorker.java:run(327)) - ad1e3389-5461-4d86-bfe3-f9696df72b53@group-40842471A4B5-SegmentedRaftLogWorker was interrupted, exiting. There are 0 tasks remaining in the queue.
2022-03-01 02:07:05,288 [Listener at 127.0.0.1/43841] INFO  segmented.SegmentedRaftLogWorker (SegmentedRaftLogWorker.java:close(237)) - ad1e3389-5461-4d86-bfe3-f9696df72b53@group-40842471A4B5-SegmentedRaftLogWorker close()
2022-03-01 02:07:05,289 [Listener at 127.0.0.1/43841] INFO  server.GrpcService (GrpcService.java:closeImpl(262)) - ad1e3389-5461-4d86-bfe3-f9696df72b53: shutdown server with port 36659 now
2022-03-01 02:07:05,291 [grpc-default-executor-2] WARN  client.GrpcClientProtocolService (LogUtils.java:warn(122)) - 1-UnorderedRequestStreamObserver1: onError: org.apache.ratis.thirdparty.io.grpc.StatusRuntimeException: CANCELLED: client cancelled
2022-03-01 02:07:05,301 [Listener at 127.0.0.1/43841] INFO  server.GrpcService (GrpcService.java:closeImpl(271)) - ad1e3389-5461-4d86-bfe3-f9696df72b53: shutdown server with port 36659 successfully
2022-03-01 02:07:05,301 [ForkJoinPool.commonPool-worker-0] INFO  server.GrpcService (GrpcService.java:closeImpl(271)) - 96d647f3-4139-4eee-a3ce-4060338a8060: shutdown server with port 33251 successfully
2022-03-01 02:07:05,302 [org.apache.ratis.util.JvmPauseMonitor$$Lambda$421/1299661385@4d2fdc52] INFO  util.JvmPauseMonitor (JvmPauseMonitor.java:run(109)) - JvmPauseMonitor-ad1e3389-5461-4d86-bfe3-f9696df72b53: Stopped
2022-03-01 02:07:05,302 [org.apache.ratis.util.JvmPauseMonitor$$Lambda$421/1299661385@7c918fe5] INFO  util.JvmPauseMonitor (JvmPauseMonitor.java:run(109)) - JvmPauseMonitor-96d647f3-4139-4eee-a3ce-4060338a8060: Stopped
2022-03-01 02:07:07,319 [Listener at 127.0.0.1/43841] INFO  utils.BackgroundService (BackgroundService.java:shutdown(132)) - Shutting down service BlockDeletingService
2022-03-01 02:07:07,326 [ForkJoinPool.commonPool-worker-0] INFO  utils.BackgroundService (BackgroundService.java:shutdown(132)) - Shutting down service BlockDeletingService
2022-03-01 02:07:10,100 [2a54663f-1deb-4689-99ea-134cf66fec96@group-220306FB18C9-FollowerState] INFO  impl.FollowerState (FollowerState.java:run(134)) - 2a54663f-1deb-4689-99ea-134cf66fec96@group-220306FB18C9-FollowerState: change to CANDIDATE, lastRpcElapsedTime:5034609889ns, electionTimeout:5032ms
2022-03-01 02:07:10,100 [2a54663f-1deb-4689-99ea-134cf66fec96@group-220306FB18C9-FollowerState] INFO  impl.RoleInfo (RoleInfo.java:shutdownFollowerState(108)) - 2a54663f-1deb-4689-99ea-134cf66fec96: shutdown 2a54663f-1deb-4689-99ea-134cf66fec96@group-220306FB18C9-FollowerState
2022-03-01 02:07:10,100 [2a54663f-1deb-4689-99ea-134cf66fec96@group-220306FB18C9-FollowerState] INFO  server.RaftServer$Division (RaftServerImpl.java:setRole(290)) - 2a54663f-1deb-4689-99ea-134cf66fec96@group-220306FB18C9: changes role from  FOLLOWER to CANDIDATE at term 4 for changeToCandidate
2022-03-01 02:07:10,101 [2a54663f-1deb-4689-99ea-134cf66fec96@group-220306FB18C9-FollowerState] INFO  server.RaftServerConfigKeys (ConfUtils.java:logGet(44)) - raft.server.leaderelection.pre-vote = false (custom)
2022-03-01 02:07:10,101 [2a54663f-1deb-4689-99ea-134cf66fec96@group-220306FB18C9-FollowerState] INFO  impl.RoleInfo (RoleInfo.java:updateAndGet(130)) - 2a54663f-1deb-4689-99ea-134cf66fec96: start 2a54663f-1deb-4689-99ea-134cf66fec96@group-220306FB18C9-LeaderElection15
2022-03-01 02:07:10,109 [2a54663f-1deb-4689-99ea-134cf66fec96@group-220306FB18C9-LeaderElection15] INFO  impl.LeaderElection (LeaderElection.java:askForVotes(306)) - 2a54663f-1deb-4689-99ea-134cf66fec96@group-220306FB18C9-LeaderElection15 ELECTION round 0: submit vote requests at term 5 for -1: [96d647f3-4139-4eee-a3ce-4060338a8060|rpc:10.1.0.9:33251|priority:0, ad1e3389-5461-4d86-bfe3-f9696df72b53|rpc:10.1.0.9:36659|priority:0, 2a54663f-1deb-4689-99ea-134cf66fec96|rpc:10.1.0.9:33803|priority:1], old=null
2022-03-01 02:07:10,133 [2a54663f-1deb-4689-99ea-134cf66fec96@group-220306FB18C9-LeaderElection15] INFO  impl.LeaderElection (LogUtils.java:infoOrTrace(137)) - 2a54663f-1deb-4689-99ea-134cf66fec96@group-220306FB18C9-LeaderElection15 got exception when requesting votes: java.util.concurrent.ExecutionException: org.apache.ratis.thirdparty.io.grpc.StatusRuntimeException: UNAVAILABLE: io exception
2022-03-01 02:07:10,135 [2a54663f-1deb-4689-99ea-134cf66fec96@group-220306FB18C9-LeaderElection15] INFO  impl.LeaderElection (LogUtils.java:infoOrTrace(137)) - 2a54663f-1deb-4689-99ea-134cf66fec96@group-220306FB18C9-LeaderElection15 got exception when requesting votes: java.util.concurrent.ExecutionException: org.apache.ratis.thirdparty.io.grpc.StatusRuntimeException: UNAVAILABLE: io exception
2022-03-01 02:07:10,135 [2a54663f-1deb-4689-99ea-134cf66fec96@group-220306FB18C9-LeaderElection15] INFO  impl.LeaderElection (LeaderElection.java:logAndReturn(89)) - 2a54663f-1deb-4689-99ea-134cf66fec96@group-220306FB18C9-LeaderElection15: ELECTION REJECTED received 0 response(s) and 2 exception(s):
2022-03-01 02:07:10,135 [2a54663f-1deb-4689-99ea-134cf66fec96@group-220306FB18C9-LeaderElection15] INFO  impl.LeaderElection (LogUtils.java:infoOrTrace(137)) -   Exception 0: java.util.concurrent.ExecutionException: org.apache.ratis.thirdparty.io.grpc.StatusRuntimeException: UNAVAILABLE: io exception
2022-03-01 02:07:10,135 [2a54663f-1deb-4689-99ea-134cf66fec96@group-220306FB18C9-LeaderElection15] INFO  impl.LeaderElection (LogUtils.java:infoOrTrace(137)) -   Exception 1: java.util.concurrent.ExecutionException: org.apache.ratis.thirdparty.io.grpc.StatusRuntimeException: UNAVAILABLE: io exception
2022-03-01 02:07:10,135 [2a54663f-1deb-4689-99ea-134cf66fec96@group-220306FB18C9-LeaderElection15] INFO  impl.LeaderElection (LeaderElection.java:askForVotes(308)) - 2a54663f-1deb-4689-99ea-134cf66fec96@group-220306FB18C9-LeaderElection15 ELECTION round 0: result REJECTED
2022-03-01 02:07:10,135 [2a54663f-1deb-4689-99ea-134cf66fec96@group-220306FB18C9-LeaderElection15] INFO  server.RaftServer$Division (RaftServerImpl.java:setRole(290)) - 2a54663f-1deb-4689-99ea-134cf66fec96@group-220306FB18C9: changes role from CANDIDATE to FOLLOWER at term 5 for REJECTED
2022-03-01 02:07:10,135 [2a54663f-1deb-4689-99ea-134cf66fec96@group-220306FB18C9-LeaderElection15] INFO  impl.RoleInfo (RoleInfo.java:shutdownLeaderElection(121)) - 2a54663f-1deb-4689-99ea-134cf66fec96: shutdown 2a54663f-1deb-4689-99ea-134cf66fec96@group-220306FB18C9-LeaderElection15
2022-03-01 02:07:10,135 [2a54663f-1deb-4689-99ea-134cf66fec96@group-220306FB18C9-LeaderElection15] INFO  impl.RoleInfo (RoleInfo.java:updateAndGet(130)) - 2a54663f-1deb-4689-99ea-134cf66fec96: start 2a54663f-1deb-4689-99ea-134cf66fec96@group-220306FB18C9-FollowerState
2022-03-01 02:07:10,327 [Listener at 127.0.0.1/43841] INFO  statemachine.DatanodeStateMachine (DatanodeStateMachine.java:stopDaemon(529)) - Ozone container server stopped.
2022-03-01 02:07:10,328 [Listener at 127.0.0.1/43841] INFO  handler.ContextHandler (ContextHandler.java:doStop(1153)) - Stopped o.e.j.w.WebAppContext@515f104c{hddsDatanode,/,null,STOPPED}{jar:file:/home/runner/.m2/repository/org/apache/ozone/hdds-container-service/1.3.0-SNAPSHOT/hdds-container-service-1.3.0-SNAPSHOT.jar!/webapps/hddsDatanode}
2022-03-01 02:07:10,330 [Listener at 127.0.0.1/43841] INFO  server.AbstractConnector (AbstractConnector.java:doStop(381)) - Stopped ServerConnector@12c2135e{HTTP/1.1, (http/1.1)}{0.0.0.0:0}
2022-03-01 02:07:10,331 [Listener at 127.0.0.1/43841] INFO  server.session (HouseKeeper.java:stopScavenging(149)) - node0 Stopped scavenging
2022-03-01 02:07:10,331 [Listener at 127.0.0.1/43841] INFO  handler.ContextHandler (ContextHandler.java:doStop(1153)) - Stopped o.e.j.s.ServletContextHandler@3a103112{static,/static,jar:file:/home/runner/.m2/repository/org/apache/ozone/hdds-container-service/1.3.0-SNAPSHOT/hdds-container-service-1.3.0-SNAPSHOT.jar!/webapps/static,STOPPED}
2022-03-01 02:07:10,331 [Listener at 127.0.0.1/43841] INFO  handler.ContextHandler (ContextHandler.java:doStop(1153)) - Stopped o.e.j.s.ServletContextHandler@1d839d22{logs,/logs,file:///home/runner/work/ozone/ozone/hadoop-ozone/integration-test/target/log,STOPPED}
2022-03-01 02:07:10,344 [ForkJoinPool.commonPool-worker-0] INFO  statemachine.DatanodeStateMachine (DatanodeStateMachine.java:stopDaemon(529)) - Ozone container server stopped.
2022-03-01 02:07:10,348 [ForkJoinPool.commonPool-worker-0] INFO  handler.ContextHandler (ContextHandler.java:doStop(1153)) - Stopped o.e.j.w.WebAppContext@7ddb114d{hddsDatanode,/,null,STOPPED}{jar:file:/home/runner/.m2/repository/org/apache/ozone/hdds-container-service/1.3.0-SNAPSHOT/hdds-container-service-1.3.0-SNAPSHOT.jar!/webapps/hddsDatanode}
2022-03-01 02:07:10,351 [ForkJoinPool.commonPool-worker-0] INFO  server.AbstractConnector (AbstractConnector.java:doStop(381)) - Stopped ServerConnector@7c0fd22d{HTTP/1.1, (http/1.1)}{0.0.0.0:0}
2022-03-01 02:07:10,352 [ForkJoinPool.commonPool-worker-0] INFO  server.session (HouseKeeper.java:stopScavenging(149)) - node0 Stopped scavenging
2022-03-01 02:07:10,353 [ForkJoinPool.commonPool-worker-0] INFO  handler.ContextHandler (ContextHandler.java:doStop(1153)) - Stopped o.e.j.s.ServletContextHandler@5d947961{static,/static,jar:file:/home/runner/.m2/repository/org/apache/ozone/hdds-container-service/1.3.0-SNAPSHOT/hdds-container-service-1.3.0-SNAPSHOT.jar!/webapps/static,STOPPED}
2022-03-01 02:07:10,353 [ForkJoinPool.commonPool-worker-0] INFO  handler.ContextHandler (ContextHandler.java:doStop(1153)) - Stopped o.e.j.s.ServletContextHandler@4f3b5c60{logs,/logs,file:///home/runner/work/ozone/ozone/hadoop-ozone/integration-test/target/log,STOPPED}
2022-03-01 02:07:10,730 [2a54663f-1deb-4689-99ea-134cf66fec96@group-F0D3298AD92D-FollowerState] INFO  impl.FollowerState (FollowerState.java:run(134)) - 2a54663f-1deb-4689-99ea-134cf66fec96@group-F0D3298AD92D-FollowerState: change to CANDIDATE, lastRpcElapsedTime:7754414588ns, electionTimeout:5153ms
2022-03-01 02:07:10,731 [2a54663f-1deb-4689-99ea-134cf66fec96@group-F0D3298AD92D-FollowerState] INFO  impl.RoleInfo (RoleInfo.java:shutdownFollowerState(108)) - 2a54663f-1deb-4689-99ea-134cf66fec96: shutdown 2a54663f-1deb-4689-99ea-134cf66fec96@group-F0D3298AD92D-FollowerState
2022-03-01 02:07:10,731 [2a54663f-1deb-4689-99ea-134cf66fec96@group-F0D3298AD92D-FollowerState] INFO  server.RaftServer$Division (RaftServerImpl.java:setRole(290)) - 2a54663f-1deb-4689-99ea-134cf66fec96@group-F0D3298AD92D: changes role from  FOLLOWER to CANDIDATE at term 1 for changeToCandidate
2022-03-01 02:07:10,731 [2a54663f-1deb-4689-99ea-134cf66fec96@group-F0D3298AD92D-FollowerState] INFO  server.RaftServerConfigKeys (ConfUtils.java:logGet(44)) - raft.server.leaderelection.pre-vote = false (custom)
2022-03-01 02:07:10,731 [2a54663f-1deb-4689-99ea-134cf66fec96@group-F0D3298AD92D-FollowerState] INFO  impl.RoleInfo (RoleInfo.java:updateAndGet(130)) - 2a54663f-1deb-4689-99ea-134cf66fec96: start 2a54663f-1deb-4689-99ea-134cf66fec96@group-F0D3298AD92D-LeaderElection16
2022-03-01 02:07:10,740 [2a54663f-1deb-4689-99ea-134cf66fec96@group-F0D3298AD92D-LeaderElection16] INFO  server.RaftServer$Division (ServerState.java:setLeader(285)) - 2a54663f-1deb-4689-99ea-134cf66fec96@group-F0D3298AD92D: change Leader from 96d647f3-4139-4eee-a3ce-4060338a8060 to null at term 1 for ELECTION
2022-03-01 02:07:10,741 [2a54663f-1deb-4689-99ea-134cf66fec96@group-F0D3298AD92D-LeaderElection16] INFO  impl.LeaderElection (LeaderElection.java:askForVotes(306)) - 2a54663f-1deb-4689-99ea-134cf66fec96@group-F0D3298AD92D-LeaderElection16 ELECTION round 0: submit vote requests at term 2 for 0: [96d647f3-4139-4eee-a3ce-4060338a8060|rpc:10.1.0.9:33251|dataStream:|priority:1, ad1e3389-5461-4d86-bfe3-f9696df72b53|rpc:10.1.0.9:36659|dataStream:|priority:0, 2a54663f-1deb-4689-99ea-134cf66fec96|rpc:10.1.0.9:33803|dataStream:|priority:0], old=null
2022-03-01 02:07:10,756 [2a54663f-1deb-4689-99ea-134cf66fec96@group-F0D3298AD92D-LeaderElection16] INFO  impl.LeaderElection (LogUtils.java:infoOrTrace(137)) - 2a54663f-1deb-4689-99ea-134cf66fec96@group-F0D3298AD92D-LeaderElection16 got exception when requesting votes: java.util.concurrent.ExecutionException: org.apache.ratis.thirdparty.io.grpc.StatusRuntimeException: UNAVAILABLE: io exception
2022-03-01 02:07:10,763 [2a54663f-1deb-4689-99ea-134cf66fec96@group-F0D3298AD92D-LeaderElection16] INFO  impl.LeaderElection (LogUtils.java:infoOrTrace(137)) - 2a54663f-1deb-4689-99ea-134cf66fec96@group-F0D3298AD92D-LeaderElection16 got exception when requesting votes: java.util.concurrent.ExecutionException: org.apache.ratis.thirdparty.io.grpc.StatusRuntimeException: UNAVAILABLE: io exception
2022-03-01 02:07:10,763 [2a54663f-1deb-4689-99ea-134cf66fec96@group-F0D3298AD92D-LeaderElection16] INFO  impl.LeaderElection (LeaderElection.java:logAndReturn(89)) - 2a54663f-1deb-4689-99ea-134cf66fec96@group-F0D3298AD92D-LeaderElection16: ELECTION REJECTED received 0 response(s) and 2 exception(s):
2022-03-01 02:07:10,763 [2a54663f-1deb-4689-99ea-134cf66fec96@group-F0D3298AD92D-LeaderElection16] INFO  impl.LeaderElection (LogUtils.java:infoOrTrace(137)) -   Exception 0: java.util.concurrent.ExecutionException: org.apache.ratis.thirdparty.io.grpc.StatusRuntimeException: UNAVAILABLE: io exception
2022-03-01 02:07:10,763 [2a54663f-1deb-4689-99ea-134cf66fec96@group-F0D3298AD92D-LeaderElection16] INFO  impl.LeaderElection (LogUtils.java:infoOrTrace(137)) -   Exception 1: java.util.concurrent.ExecutionException: org.apache.ratis.thirdparty.io.grpc.StatusRuntimeException: UNAVAILABLE: io exception
2022-03-01 02:07:10,763 [2a54663f-1deb-4689-99ea-134cf66fec96@group-F0D3298AD92D-LeaderElection16] INFO  impl.LeaderElection (LeaderElection.java:askForVotes(308)) - 2a54663f-1deb-4689-99ea-134cf66fec96@group-F0D3298AD92D-LeaderElection16 ELECTION round 0: result REJECTED
2022-03-01 02:07:10,763 [2a54663f-1deb-4689-99ea-134cf66fec96@group-F0D3298AD92D-LeaderElection16] INFO  server.RaftServer$Division (RaftServerImpl.java:setRole(290)) - 2a54663f-1deb-4689-99ea-134cf66fec96@group-F0D3298AD92D: changes role from CANDIDATE to FOLLOWER at term 2 for REJECTED
2022-03-01 02:07:10,763 [2a54663f-1deb-4689-99ea-134cf66fec96@group-F0D3298AD92D-LeaderElection16] INFO  impl.RoleInfo (RoleInfo.java:shutdownLeaderElection(121)) - 2a54663f-1deb-4689-99ea-134cf66fec96: shutdown 2a54663f-1deb-4689-99ea-134cf66fec96@group-F0D3298AD92D-LeaderElection16
2022-03-01 02:07:10,764 [2a54663f-1deb-4689-99ea-134cf66fec96@group-F0D3298AD92D-LeaderElection16] INFO  impl.RoleInfo (RoleInfo.java:updateAndGet(130)) - 2a54663f-1deb-4689-99ea-134cf66fec96: start 2a54663f-1deb-4689-99ea-134cf66fec96@group-F0D3298AD92D-FollowerState
2022-03-01 02:07:15,266 [2a54663f-1deb-4689-99ea-134cf66fec96@group-220306FB18C9-FollowerState] INFO  impl.FollowerState (FollowerState.java:run(134)) - 2a54663f-1deb-4689-99ea-134cf66fec96@group-220306FB18C9-FollowerState: change to CANDIDATE, lastRpcElapsedTime:5131104685ns, electionTimeout:5125ms
2022-03-01 02:07:15,267 [2a54663f-1deb-4689-99ea-134cf66fec96@group-220306FB18C9-FollowerState] INFO  impl.RoleInfo (RoleInfo.java:shutdownFollowerState(108)) - 2a54663f-1deb-4689-99ea-134cf66fec96: shutdown 2a54663f-1deb-4689-99ea-134cf66fec96@group-220306FB18C9-FollowerState
2022-03-01 02:07:15,267 [2a54663f-1deb-4689-99ea-134cf66fec96@group-220306FB18C9-FollowerState] INFO  server.RaftServer$Division (RaftServerImpl.java:setRole(290)) - 2a54663f-1deb-4689-99ea-134cf66fec96@group-220306FB18C9: changes role from  FOLLOWER to CANDIDATE at term 5 for changeToCandidate
2022-03-01 02:07:15,268 [2a54663f-1deb-4689-99ea-134cf66fec96@group-220306FB18C9-FollowerState] INFO  server.RaftServerConfigKeys (ConfUtils.java:logGet(44)) - raft.server.leaderelection.pre-vote = false (custom)
2022-03-01 02:07:15,268 [2a54663f-1deb-4689-99ea-134cf66fec96@group-220306FB18C9-FollowerState] INFO  impl.RoleInfo (RoleInfo.java:updateAndGet(130)) - 2a54663f-1deb-4689-99ea-134cf66fec96: start 2a54663f-1deb-4689-99ea-134cf66fec96@group-220306FB18C9-LeaderElection17
2022-03-01 02:07:15,280 [2a54663f-1deb-4689-99ea-134cf66fec96@group-220306FB18C9-LeaderElection17] INFO  impl.LeaderElection (LeaderElection.java:askForVotes(306)) - 2a54663f-1deb-4689-99ea-134cf66fec96@group-220306FB18C9-LeaderElection17 ELECTION round 0: submit vote requests at term 6 for -1: [96d647f3-4139-4eee-a3ce-4060338a8060|rpc:10.1.0.9:33251|priority:0, ad1e3389-5461-4d86-bfe3-f9696df72b53|rpc:10.1.0.9:36659|priority:0, 2a54663f-1deb-4689-99ea-134cf66fec96|rpc:10.1.0.9:33803|priority:1], old=null
2022-03-01 02:07:15,293 [2a54663f-1deb-4689-99ea-134cf66fec96@group-220306FB18C9-LeaderElection17] INFO  impl.LeaderElection (LogUtils.java:infoOrTrace(137)) - 2a54663f-1deb-4689-99ea-134cf66fec96@group-220306FB18C9-LeaderElection17 got exception when requesting votes: java.util.concurrent.ExecutionException: org.apache.ratis.thirdparty.io.grpc.StatusRuntimeException: UNAVAILABLE: io exception
2022-03-01 02:07:15,294 [2a54663f-1deb-4689-99ea-134cf66fec96@group-220306FB18C9-LeaderElection17] INFO  impl.LeaderElection (LogUtils.java:infoOrTrace(137)) - 2a54663f-1deb-4689-99ea-134cf66fec96@group-220306FB18C9-LeaderElection17 got exception when requesting votes: java.util.concurrent.ExecutionException: org.apache.ratis.thirdparty.io.grpc.StatusRuntimeException: UNAVAILABLE: io exception
2022-03-01 02:07:15,294 [2a54663f-1deb-4689-99ea-134cf66fec96@group-220306FB18C9-LeaderElection17] INFO  impl.LeaderElection (LeaderElection.java:logAndReturn(89)) - 2a54663f-1deb-4689-99ea-134cf66fec96@group-220306FB18C9-LeaderElection17: ELECTION REJECTED received 0 response(s) and 2 exception(s):
2022-03-01 02:07:15,295 [2a54663f-1deb-4689-99ea-134cf66fec96@group-220306FB18C9-LeaderElection17] INFO  impl.LeaderElection (LogUtils.java:infoOrTrace(137)) -   Exception 0: java.util.concurrent.ExecutionException: org.apache.ratis.thirdparty.io.grpc.StatusRuntimeException: UNAVAILABLE: io exception
2022-03-01 02:07:15,295 [2a54663f-1deb-4689-99ea-134cf66fec96@group-220306FB18C9-LeaderElection17] INFO  impl.LeaderElection (LogUtils.java:infoOrTrace(137)) -   Exception 1: java.util.concurrent.ExecutionException: org.apache.ratis.thirdparty.io.grpc.StatusRuntimeException: UNAVAILABLE: io exception
2022-03-01 02:07:15,295 [2a54663f-1deb-4689-99ea-134cf66fec96@group-220306FB18C9-LeaderElection17] INFO  impl.LeaderElection (LeaderElection.java:askForVotes(308)) - 2a54663f-1deb-4689-99ea-134cf66fec96@group-220306FB18C9-LeaderElection17 ELECTION round 0: result REJECTED
2022-03-01 02:07:15,295 [2a54663f-1deb-4689-99ea-134cf66fec96@group-220306FB18C9-LeaderElection17] INFO  server.RaftServer$Division (RaftServerImpl.java:setRole(290)) - 2a54663f-1deb-4689-99ea-134cf66fec96@group-220306FB18C9: changes role from CANDIDATE to FOLLOWER at term 6 for REJECTED
2022-03-01 02:07:15,296 [2a54663f-1deb-4689-99ea-134cf66fec96@group-220306FB18C9-LeaderElection17] INFO  impl.RoleInfo (RoleInfo.java:shutdownLeaderElection(121)) - 2a54663f-1deb-4689-99ea-134cf66fec96: shutdown 2a54663f-1deb-4689-99ea-134cf66fec96@group-220306FB18C9-LeaderElection17
2022-03-01 02:07:15,296 [2a54663f-1deb-4689-99ea-134cf66fec96@group-220306FB18C9-LeaderElection17] INFO  impl.RoleInfo (RoleInfo.java:updateAndGet(130)) - 2a54663f-1deb-4689-99ea-134cf66fec96: start 2a54663f-1deb-4689-99ea-134cf66fec96@group-220306FB18C9-FollowerState
2022-03-01 02:07:15,333 [Listener at 127.0.0.1/43841] INFO  ozoneimpl.OzoneContainer (OzoneContainer.java:stop(356)) - Attempting to stop container services.
2022-03-01 02:07:15,334 [Listener at 127.0.0.1/43841] INFO  server.RaftServer (RaftServerProxy.java:lambda$close$6(391)) - 2a54663f-1deb-4689-99ea-134cf66fec96: close
2022-03-01 02:07:15,338 [Listener at 127.0.0.1/43841] INFO  server.RaftServer$Division (RaftServerImpl.java:lambda$close$4(412)) - 2a54663f-1deb-4689-99ea-134cf66fec96@group-F0D3298AD92D: shutdown
2022-03-01 02:07:15,339 [Listener at 127.0.0.1/43841] INFO  util.JmxRegister (JmxRegister.java:unregister(73)) - Successfully un-registered JMX Bean with object name Ratis:service=RaftServer,group=group-F0D3298AD92D,id=2a54663f-1deb-4689-99ea-134cf66fec96
2022-03-01 02:07:15,339 [Listener at 127.0.0.1/43841] INFO  impl.RoleInfo (RoleInfo.java:shutdownFollowerState(108)) - 2a54663f-1deb-4689-99ea-134cf66fec96: shutdown 2a54663f-1deb-4689-99ea-134cf66fec96@group-F0D3298AD92D-FollowerState
2022-03-01 02:07:15,339 [Listener at 127.0.0.1/43841] INFO  impl.StateMachineUpdater (StateMachineUpdater.java:stopAndJoin(149)) - 2a54663f-1deb-4689-99ea-134cf66fec96@group-F0D3298AD92D-StateMachineUpdater: set stopIndex = 28
2022-03-01 02:07:15,339 [2a54663f-1deb-4689-99ea-134cf66fec96@group-F0D3298AD92D-FollowerState] INFO  impl.FollowerState (FollowerState.java:run(143)) - 2a54663f-1deb-4689-99ea-134cf66fec96@group-F0D3298AD92D-FollowerState was interrupted: {}
java.lang.InterruptedException: sleep interrupted
	at java.lang.Thread.sleep(Native Method)
	at java.lang.Thread.sleep(Thread.java:342)
	at java.util.concurrent.TimeUnit.sleep(TimeUnit.java:386)
	at org.apache.ratis.util.TimeDuration.sleep(TimeDuration.java:324)
	at org.apache.ratis.util.TimeDuration.sleep(TimeDuration.java:309)
	at org.apache.ratis.server.impl.FollowerState.run(FollowerState.java:118)
2022-03-01 02:07:15,340 [2a54663f-1deb-4689-99ea-134cf66fec96@group-F0D3298AD92D-StateMachineUpdater] INFO  ratis.ContainerStateMachine (ContainerStateMachine.java:takeSnapshot(304)) - group-F0D3298AD92D: Taking a snapshot at:(t:1, i:28) file /home/runner/work/ozone/ozone/hadoop-ozone/integration-test/target/test-dir/MiniOzoneClusterImpl-fb9aa245-587e-41cf-8505-4cae30031cd3/datanode-2/data/ratis/973b0ca4-9a0c-495d-8cc9-f0d3298ad92d/sm/snapshot.1_28
2022-03-01 02:07:15,339 [ForkJoinPool.commonPool-worker-1] INFO  server.RaftServer$Division (RaftServerImpl.java:lambda$close$4(412)) - 2a54663f-1deb-4689-99ea-134cf66fec96@group-3E6FCEA81D28: shutdown
2022-03-01 02:07:15,341 [2a54663f-1deb-4689-99ea-134cf66fec96@group-F0D3298AD92D-StateMachineUpdater] INFO  ratis.ContainerStateMachine (ContainerStateMachine.java:takeSnapshot(315)) - group-F0D3298AD92D: Finished taking a snapshot at:(t:1, i:28) file:/home/runner/work/ozone/ozone/hadoop-ozone/integration-test/target/test-dir/MiniOzoneClusterImpl-fb9aa245-587e-41cf-8505-4cae30031cd3/datanode-2/data/ratis/973b0ca4-9a0c-495d-8cc9-f0d3298ad92d/sm/snapshot.1_28 took: 2 ms
2022-03-01 02:07:15,344 [ForkJoinPool.commonPool-worker-1] INFO  util.JmxRegister (JmxRegister.java:unregister(73)) - Successfully un-registered JMX Bean with object name Ratis:service=RaftServer,group=group-3E6FCEA81D28,id=2a54663f-1deb-4689-99ea-134cf66fec96
2022-03-01 02:07:15,344 [ForkJoinPool.commonPool-worker-1] INFO  impl.RoleInfo (RoleInfo.java:shutdownLeaderState(91)) - 2a54663f-1deb-4689-99ea-134cf66fec96: shutdown 2a54663f-1deb-4689-99ea-134cf66fec96@group-3E6FCEA81D28-LeaderStateImpl
2022-03-01 02:07:15,344 [2a54663f-1deb-4689-99ea-134cf66fec96@group-F0D3298AD92D-StateMachineUpdater] INFO  impl.StateMachineUpdater (StateMachineUpdater.java:takeSnapshot(281)) - 2a54663f-1deb-4689-99ea-134cf66fec96@group-F0D3298AD92D-StateMachineUpdater: Took a snapshot at index 28
2022-03-01 02:07:15,344 [2a54663f-1deb-4689-99ea-134cf66fec96@group-F0D3298AD92D-StateMachineUpdater] INFO  impl.StateMachineUpdater (StateMachineUpdater.java:lambda$new$0(89)) - 2a54663f-1deb-4689-99ea-134cf66fec96@group-F0D3298AD92D-StateMachineUpdater: snapshotIndex: updateIncreasingly -1 -> 28
2022-03-01 02:07:15,345 [ForkJoinPool.commonPool-worker-1] INFO  impl.PendingRequests (PendingRequests.java:sendNotLeaderResponses(282)) - 2a54663f-1deb-4689-99ea-134cf66fec96@group-3E6FCEA81D28-PendingRequests: sendNotLeaderResponses
2022-03-01 02:07:15,345 [Listener at 127.0.0.1/43841] INFO  server.RaftServer$Division (ServerState.java:close(419)) - 2a54663f-1deb-4689-99ea-134cf66fec96@group-F0D3298AD92D: closes. applyIndex: 28
2022-03-01 02:07:15,346 [2a54663f-1deb-4689-99ea-134cf66fec96@group-F0D3298AD92D-SegmentedRaftLogWorker] INFO  segmented.SegmentedRaftLogWorker (SegmentedRaftLogWorker.java:run(327)) - 2a54663f-1deb-4689-99ea-134cf66fec96@group-F0D3298AD92D-SegmentedRaftLogWorker was interrupted, exiting. There are 0 tasks remaining in the queue.
2022-03-01 02:07:15,346 [2a54663f-1deb-4689-99ea-134cf66fec96@group-3E6FCEA81D28-StateMachineUpdater] INFO  ratis.ContainerStateMachine (ContainerStateMachine.java:takeSnapshot(304)) - group-3E6FCEA81D28: Taking a snapshot at:(t:1, i:0) file /home/runner/work/ozone/ozone/hadoop-ozone/integration-test/target/test-dir/MiniOzoneClusterImpl-fb9aa245-587e-41cf-8505-4cae30031cd3/datanode-2/data/ratis/9d55674a-4681-4728-82b7-3e6fcea81d28/sm/snapshot.1_0
2022-03-01 02:07:15,347 [Listener at 127.0.0.1/43841] INFO  segmented.SegmentedRaftLogWorker (SegmentedRaftLogWorker.java:close(237)) - 2a54663f-1deb-4689-99ea-134cf66fec96@group-F0D3298AD92D-SegmentedRaftLogWorker close()
2022-03-01 02:07:15,351 [Listener at 127.0.0.1/43841] INFO  server.RaftServer$Division (RaftServerImpl.java:lambda$close$4(412)) - 2a54663f-1deb-4689-99ea-134cf66fec96@group-220306FB18C9: shutdown
2022-03-01 02:07:15,352 [Listener at 127.0.0.1/43841] INFO  util.JmxRegister (JmxRegister.java:unregister(73)) - Successfully un-registered JMX Bean with object name Ratis:service=RaftServer,group=group-220306FB18C9,id=2a54663f-1deb-4689-99ea-134cf66fec96
2022-03-01 02:07:15,352 [Listener at 127.0.0.1/43841] INFO  impl.RoleInfo (RoleInfo.java:shutdownFollowerState(108)) - 2a54663f-1deb-4689-99ea-134cf66fec96: shutdown 2a54663f-1deb-4689-99ea-134cf66fec96@group-220306FB18C9-FollowerState
2022-03-01 02:07:15,352 [Listener at 127.0.0.1/43841] INFO  impl.StateMachineUpdater (StateMachineUpdater.java:stopAndJoin(149)) - 2a54663f-1deb-4689-99ea-134cf66fec96@group-220306FB18C9-StateMachineUpdater: set stopIndex = -1
2022-03-01 02:07:15,352 [Listener at 127.0.0.1/43841] INFO  server.RaftServer$Division (ServerState.java:close(419)) - 2a54663f-1deb-4689-99ea-134cf66fec96@group-220306FB18C9: closes. applyIndex: -1
2022-03-01 02:07:15,352 [2a54663f-1deb-4689-99ea-134cf66fec96@group-220306FB18C9-SegmentedRaftLogWorker] INFO  segmented.SegmentedRaftLogWorker (SegmentedRaftLogWorker.java:run(327)) - 2a54663f-1deb-4689-99ea-134cf66fec96@group-220306FB18C9-SegmentedRaftLogWorker was interrupted, exiting. There are 0 tasks remaining in the queue.
2022-03-01 02:07:15,354 [2a54663f-1deb-4689-99ea-134cf66fec96@group-220306FB18C9-FollowerState] INFO  impl.FollowerState (FollowerState.java:run(143)) - 2a54663f-1deb-4689-99ea-134cf66fec96@group-220306FB18C9-FollowerState was interrupted: {}
java.lang.InterruptedException: sleep interrupted
	at java.lang.Thread.sleep(Native Method)
	at java.lang.Thread.sleep(Thread.java:342)
	at java.util.concurrent.TimeUnit.sleep(TimeUnit.java:386)
	at org.apache.ratis.util.TimeDuration.sleep(TimeDuration.java:324)
	at org.apache.ratis.util.TimeDuration.sleep(TimeDuration.java:309)
	at org.apache.ratis.server.impl.FollowerState.run(FollowerState.java:118)
2022-03-01 02:07:15,354 [Listener at 127.0.0.1/43841] INFO  segmented.SegmentedRaftLogWorker (SegmentedRaftLogWorker.java:close(237)) - 2a54663f-1deb-4689-99ea-134cf66fec96@group-220306FB18C9-SegmentedRaftLogWorker close()
2022-03-01 02:07:15,355 [2a54663f-1deb-4689-99ea-134cf66fec96@group-3E6FCEA81D28-StateMachineUpdater] INFO  ratis.ContainerStateMachine (ContainerStateMachine.java:takeSnapshot(315)) - group-3E6FCEA81D28: Finished taking a snapshot at:(t:1, i:0) file:/home/runner/work/ozone/ozone/hadoop-ozone/integration-test/target/test-dir/MiniOzoneClusterImpl-fb9aa245-587e-41cf-8505-4cae30031cd3/datanode-2/data/ratis/9d55674a-4681-4728-82b7-3e6fcea81d28/sm/snapshot.1_0 took: 9 ms
2022-03-01 02:07:15,357 [2a54663f-1deb-4689-99ea-134cf66fec96@group-3E6FCEA81D28-StateMachineUpdater] INFO  impl.StateMachineUpdater (StateMachineUpdater.java:takeSnapshot(281)) - 2a54663f-1deb-4689-99ea-134cf66fec96@group-3E6FCEA81D28-StateMachineUpdater: Took a snapshot at index 0
2022-03-01 02:07:15,357 [2a54663f-1deb-4689-99ea-134cf66fec96@group-3E6FCEA81D28-StateMachineUpdater] INFO  impl.StateMachineUpdater (StateMachineUpdater.java:lambda$new$0(89)) - 2a54663f-1deb-4689-99ea-134cf66fec96@group-3E6FCEA81D28-StateMachineUpdater: snapshotIndex: updateIncreasingly -1 -> 0
2022-03-01 02:07:15,355 [ForkJoinPool.commonPool-worker-1] INFO  impl.StateMachineUpdater (StateMachineUpdater.java:stopAndJoin(149)) - 2a54663f-1deb-4689-99ea-134cf66fec96@group-3E6FCEA81D28-StateMachineUpdater: set stopIndex = 0
2022-03-01 02:07:15,357 [ForkJoinPool.commonPool-worker-1] INFO  server.RaftServer$Division (ServerState.java:close(419)) - 2a54663f-1deb-4689-99ea-134cf66fec96@group-3E6FCEA81D28: closes. applyIndex: 0
2022-03-01 02:07:15,357 [2a54663f-1deb-4689-99ea-134cf66fec96@group-3E6FCEA81D28-SegmentedRaftLogWorker] INFO  segmented.SegmentedRaftLogWorker (SegmentedRaftLogWorker.java:run(327)) - 2a54663f-1deb-4689-99ea-134cf66fec96@group-3E6FCEA81D28-SegmentedRaftLogWorker was interrupted, exiting. There are 0 tasks remaining in the queue.
2022-03-01 02:07:15,357 [ForkJoinPool.commonPool-worker-1] INFO  segmented.SegmentedRaftLogWorker (SegmentedRaftLogWorker.java:close(237)) - 2a54663f-1deb-4689-99ea-134cf66fec96@group-3E6FCEA81D28-SegmentedRaftLogWorker close()
2022-03-01 02:07:15,360 [Listener at 127.0.0.1/43841] INFO  server.GrpcService (GrpcService.java:closeImpl(262)) - 2a54663f-1deb-4689-99ea-134cf66fec96: shutdown server with port 33803 now
2022-03-01 02:07:15,364 [Listener at 127.0.0.1/43841] INFO  server.GrpcService (GrpcService.java:closeImpl(271)) - 2a54663f-1deb-4689-99ea-134cf66fec96: shutdown server with port 33803 successfully
2022-03-01 02:07:15,364 [org.apache.ratis.util.JvmPauseMonitor$$Lambda$421/1299661385@1d549ec7] INFO  util.JvmPauseMonitor (JvmPauseMonitor.java:run(109)) - JvmPauseMonitor-2a54663f-1deb-4689-99ea-134cf66fec96: Stopped
2022-03-01 02:07:17,375 [Listener at 127.0.0.1/43841] INFO  utils.BackgroundService (BackgroundService.java:shutdown(132)) - Shutting down service BlockDeletingService
2022-03-01 02:07:20,392 [Listener at 127.0.0.1/43841] INFO  statemachine.DatanodeStateMachine (DatanodeStateMachine.java:stopDaemon(529)) - Ozone container server stopped.
2022-03-01 02:07:20,393 [Listener at 127.0.0.1/43841] INFO  handler.ContextHandler (ContextHandler.java:doStop(1153)) - Stopped o.e.j.w.WebAppContext@3db17953{hddsDatanode,/,null,STOPPED}{jar:file:/home/runner/.m2/repository/org/apache/ozone/hdds-container-service/1.3.0-SNAPSHOT/hdds-container-service-1.3.0-SNAPSHOT.jar!/webapps/hddsDatanode}
2022-03-01 02:07:20,395 [Listener at 127.0.0.1/43841] INFO  server.AbstractConnector (AbstractConnector.java:doStop(381)) - Stopped ServerConnector@342686f4{HTTP/1.1, (http/1.1)}{0.0.0.0:0}
2022-03-01 02:07:20,395 [Listener at 127.0.0.1/43841] INFO  server.session (HouseKeeper.java:stopScavenging(149)) - node0 Stopped scavenging
2022-03-01 02:07:20,396 [Listener at 127.0.0.1/43841] INFO  handler.ContextHandler (ContextHandler.java:doStop(1153)) - Stopped o.e.j.s.ServletContextHandler@232a4cc5{static,/static,jar:file:/home/runner/.m2/repository/org/apache/ozone/hdds-container-service/1.3.0-SNAPSHOT/hdds-container-service-1.3.0-SNAPSHOT.jar!/webapps/static,STOPPED}
2022-03-01 02:07:20,398 [Listener at 127.0.0.1/43841] INFO  handler.ContextHandler (ContextHandler.java:doStop(1153)) - Stopped o.e.j.s.ServletContextHandler@4abb5d17{logs,/logs,file:///home/runner/work/ozone/ozone/hadoop-ozone/integration-test/target/log,STOPPED}
2022-03-01 02:07:20,399 [Listener at 127.0.0.1/43841] INFO  ozone.MiniOzoneClusterImpl (MiniOzoneClusterImpl.java:stopSCM(538)) - Stopping the StorageContainerManager
2022-03-01 02:07:20,399 [Listener at 127.0.0.1/43841] INFO  server.StorageContainerManager (StorageContainerManager.java:stop(1417)) - Stopping Container Balancer service.
2022-03-01 02:07:20,400 [Listener at 127.0.0.1/43841] INFO  balancer.ContainerBalancer (ContainerBalancer.java:stop(751)) - Container Balancer is not running.
2022-03-01 02:07:20,400 [Listener at 127.0.0.1/43841] INFO  server.StorageContainerManager (StorageContainerManager.java:stop(1424)) - Stopping Replication Manager Service.
2022-03-01 02:07:20,400 [Listener at 127.0.0.1/43841] INFO  container.ReplicationManager (ReplicationManager.java:stop(357)) - Stopping Replication Monitor Thread.
2022-03-01 02:07:20,400 [Listener at 127.0.0.1/43841] INFO  server.StorageContainerManager (StorageContainerManager.java:stop(1431)) - Stopping the Datanode Admin Monitor.
2022-03-01 02:07:20,400 [Listener at 127.0.0.1/43841] INFO  server.StorageContainerManager (StorageContainerManager.java:stop(1438)) - Stopping Lease Manager of the command watchers
2022-03-01 02:07:20,401 [Listener at 127.0.0.1/43841] INFO  server.StorageContainerManager (StorageContainerManager.java:stop(1445)) - Stopping datanode service RPC server
2022-03-01 02:07:20,401 [Listener at 127.0.0.1/43841] INFO  server.SCMDatanodeProtocolServer (SCMDatanodeProtocolServer.java:stop(391)) - Stopping the RPC server for DataNodes
2022-03-01 02:07:20,401 [Listener at 127.0.0.1/43841] INFO  ipc.Server (Server.java:stop(3414)) - Stopping server on 34523
2022-03-01 02:07:20,403 [IPC Server listener on 0] INFO  ipc.Server (Server.java:run(1376)) - Stopping IPC Server listener on 0
2022-03-01 02:07:20,414 [IPC Server Responder] INFO  ipc.Server (Server.java:run(1512)) - Stopping IPC Server Responder
2022-03-01 02:07:20,421 [SCM Heartbeat Processing Thread - 0] WARN  node.NodeStateManager (NodeStateManager.java:scheduleNextHealthCheck(815)) - Current Thread is interrupted, shutting down HB processing thread for Node Manager.
2022-03-01 02:07:20,422 [Listener at 127.0.0.1/43841] INFO  server.StorageContainerManager (StorageContainerManager.java:stop(1453)) - Stopping block service RPC server
2022-03-01 02:07:20,422 [Listener at 127.0.0.1/43841] INFO  server.SCMBlockProtocolServer (SCMBlockProtocolServer.java:stop(160)) - Stopping the RPC server for Block Protocol
2022-03-01 02:07:20,423 [Listener at 127.0.0.1/43841] INFO  ipc.Server (Server.java:stop(3414)) - Stopping server on 40787
2022-03-01 02:07:20,425 [Listener at 127.0.0.1/43841] INFO  server.StorageContainerManager (StorageContainerManager.java:stop(1460)) - Stopping the StorageContainerLocationProtocol RPC server
2022-03-01 02:07:20,425 [Listener at 127.0.0.1/43841] INFO  server.SCMClientProtocolServer (SCMClientProtocolServer.java:stop(174)) - Stopping the RPC server for Client Protocol
2022-03-01 02:07:20,425 [Listener at 127.0.0.1/43841] INFO  ipc.Server (Server.java:stop(3414)) - Stopping server on 34765
2022-03-01 02:07:20,425 [IPC Server Responder] INFO  ipc.Server (Server.java:run(1512)) - Stopping IPC Server Responder
2022-03-01 02:07:20,426 [IPC Server listener on 0] INFO  ipc.Server (Server.java:run(1376)) - Stopping IPC Server listener on 0
2022-03-01 02:07:20,436 [Listener at 127.0.0.1/43841] INFO  server.StorageContainerManager (StorageContainerManager.java:stop(1467)) - Stopping Storage Container Manager HTTP server.
2022-03-01 02:07:20,437 [Listener at 127.0.0.1/43841] INFO  handler.ContextHandler (ContextHandler.java:doStop(1153)) - Stopped o.e.j.w.WebAppContext@6fa2d0b2{scm,/,null,STOPPED}{file:/home/runner/work/ozone/ozone/hadoop-ozone/integration-test/target/test-classes/webapps/scm}
2022-03-01 02:07:20,437 [IPC Server listener on 0] INFO  ipc.Server (Server.java:run(1376)) - Stopping IPC Server listener on 0
2022-03-01 02:07:20,437 [IPC Server Responder] INFO  ipc.Server (Server.java:run(1512)) - Stopping IPC Server Responder
2022-03-01 02:07:20,438 [Listener at 127.0.0.1/43841] INFO  server.AbstractConnector (AbstractConnector.java:doStop(381)) - Stopped ServerConnector@513bec8c{HTTP/1.1, (http/1.1)}{0.0.0.0:0}
2022-03-01 02:07:20,438 [Listener at 127.0.0.1/43841] INFO  server.session (HouseKeeper.java:stopScavenging(149)) - node0 Stopped scavenging
2022-03-01 02:07:20,439 [Listener at 127.0.0.1/43841] INFO  handler.ContextHandler (ContextHandler.java:doStop(1153)) - Stopped o.e.j.s.ServletContextHandler@24d097c8{static,/static,file:///home/runner/work/ozone/ozone/hadoop-ozone/integration-test/target/test-classes/webapps/static,STOPPED}
2022-03-01 02:07:20,439 [Listener at 127.0.0.1/43841] INFO  handler.ContextHandler (ContextHandler.java:doStop(1153)) - Stopped o.e.j.s.ServletContextHandler@3f22ce2a{logs,/logs,file:///home/runner/work/ozone/ozone/hadoop-ozone/integration-test/target/log,STOPPED}
2022-03-01 02:07:20,444 [Listener at 127.0.0.1/43841] INFO  server.StorageContainerManager (StorageContainerManager.java:stop(1478)) - Stopping Block Manager Service.
2022-03-01 02:07:20,445 [Listener at 127.0.0.1/43841] INFO  utils.BackgroundService (BackgroundService.java:shutdown(132)) - Shutting down service SCMBlockDeletingService
2022-03-01 02:07:20,445 [Listener at 127.0.0.1/43841] INFO  utils.BackgroundService (BackgroundService.java:shutdown(132)) - Shutting down service SCMBlockDeletingService
2022-03-01 02:07:20,445 [Listener at 127.0.0.1/43841] INFO  server.StorageContainerManager (StorageContainerManager.java:stop(1505)) - Stopping SCM Event Queue.
2022-03-01 02:07:20,448 [Listener at 127.0.0.1/43841] INFO  server.StorageContainerManager (StorageContainerManager.java:stop(1516)) - Stopping SCM HA services.
2022-03-01 02:07:20,451 [Listener at 127.0.0.1/43841] INFO  ha.SCMRatisServerImpl (SCMRatisServerImpl.java:stop(236)) - stopping ratis server 0.0.0.0:9894
2022-03-01 02:07:20,452 [Listener at 127.0.0.1/43841] INFO  server.RaftServer (RaftServerProxy.java:lambda$close$6(391)) - ca30ef81-9786-4797-85f6-a8ff027559c1: close
2022-03-01 02:07:20,452 [Listener at 127.0.0.1/43841] INFO  server.RaftServer$Division (RaftServerImpl.java:lambda$close$4(412)) - ca30ef81-9786-4797-85f6-a8ff027559c1@group-4CAE30031CD3: shutdown
2022-03-01 02:07:20,452 [Listener at 127.0.0.1/43841] INFO  util.JmxRegister (JmxRegister.java:unregister(73)) - Successfully un-registered JMX Bean with object name Ratis:service=RaftServer,group=group-4CAE30031CD3,id=ca30ef81-9786-4797-85f6-a8ff027559c1
2022-03-01 02:07:20,452 [Listener at 127.0.0.1/43841] INFO  impl.RoleInfo (RoleInfo.java:shutdownLeaderState(91)) - ca30ef81-9786-4797-85f6-a8ff027559c1: shutdown ca30ef81-9786-4797-85f6-a8ff027559c1@group-4CAE30031CD3-LeaderStateImpl
2022-03-01 02:07:20,452 [Listener at 127.0.0.1/43841] INFO  impl.PendingRequests (PendingRequests.java:sendNotLeaderResponses(282)) - ca30ef81-9786-4797-85f6-a8ff027559c1@group-4CAE30031CD3-PendingRequests: sendNotLeaderResponses
2022-03-01 02:07:20,452 [Listener at 127.0.0.1/43841] INFO  ha.SCMStateMachine (SCMStateMachine.java:notifyNotLeader(190)) - current leader SCM steps down.
2022-03-01 02:07:20,453 [Listener at 127.0.0.1/43841] INFO  ha.SCMContext (SCMContext.java:updateLeaderAndTerm(90)) - update <isLeader,term> from <true,2> to <false,0>
2022-03-01 02:07:20,453 [Listener at 127.0.0.1/43841] INFO  ha.SCMContext (SCMContext.java:updateLeaderAndTerm(97)) - update <isLeaderReady> from <false> to <false>
2022-03-01 02:07:20,454 [Listener at 127.0.0.1/43841] INFO  impl.StateMachineUpdater (StateMachineUpdater.java:stopAndJoin(149)) - ca30ef81-9786-4797-85f6-a8ff027559c1@group-4CAE30031CD3-StateMachineUpdater: set stopIndex = 30
2022-03-01 02:07:20,454 [ca30ef81-9786-4797-85f6-a8ff027559c1@group-4CAE30031CD3-StateMachineUpdater] INFO  ha.SCMStateMachine (SCMStateMachine.java:takeSnapshot(297)) - Current Snapshot Index 30, takeSnapshot took 1 ms
2022-03-01 02:07:20,454 [ca30ef81-9786-4797-85f6-a8ff027559c1@group-4CAE30031CD3-StateMachineUpdater] INFO  impl.StateMachineUpdater (StateMachineUpdater.java:takeSnapshot(281)) - ca30ef81-9786-4797-85f6-a8ff027559c1@group-4CAE30031CD3-StateMachineUpdater: Took a snapshot at index 30
2022-03-01 02:07:20,454 [ca30ef81-9786-4797-85f6-a8ff027559c1@group-4CAE30031CD3-StateMachineUpdater] INFO  impl.StateMachineUpdater (StateMachineUpdater.java:lambda$new$0(89)) - ca30ef81-9786-4797-85f6-a8ff027559c1@group-4CAE30031CD3-StateMachineUpdater: snapshotIndex: updateIncreasingly -1 -> 30
2022-03-01 02:07:20,456 [Listener at 127.0.0.1/43841] INFO  server.RaftServer$Division (ServerState.java:close(419)) - ca30ef81-9786-4797-85f6-a8ff027559c1@group-4CAE30031CD3: closes. applyIndex: 30
2022-03-01 02:07:20,456 [ca30ef81-9786-4797-85f6-a8ff027559c1@group-4CAE30031CD3-SegmentedRaftLogWorker] INFO  segmented.SegmentedRaftLogWorker (SegmentedRaftLogWorker.java:run(327)) - ca30ef81-9786-4797-85f6-a8ff027559c1@group-4CAE30031CD3-SegmentedRaftLogWorker was interrupted, exiting. There are 0 tasks remaining in the queue.
2022-03-01 02:07:20,457 [Listener at 127.0.0.1/43841] INFO  segmented.SegmentedRaftLogWorker (SegmentedRaftLogWorker.java:close(237)) - ca30ef81-9786-4797-85f6-a8ff027559c1@group-4CAE30031CD3-SegmentedRaftLogWorker close()
2022-03-01 02:07:20,464 [Listener at 127.0.0.1/43841] INFO  server.GrpcService (GrpcService.java:closeImpl(262)) - ca30ef81-9786-4797-85f6-a8ff027559c1: shutdown server with port 9894 now
2022-03-01 02:07:20,465 [Listener at 127.0.0.1/43841] INFO  server.GrpcService (GrpcService.java:closeImpl(271)) - ca30ef81-9786-4797-85f6-a8ff027559c1: shutdown server with port 9894 successfully
2022-03-01 02:07:20,465 [org.apache.ratis.util.JvmPauseMonitor$$Lambda$421/1299661385@67d8613] INFO  util.JvmPauseMonitor (JvmPauseMonitor.java:run(109)) - JvmPauseMonitor-ca30ef81-9786-4797-85f6-a8ff027559c1: Stopped
2022-03-01 02:07:20,483 [Listener at 127.0.0.1/43841] INFO  pipeline.BackgroundPipelineCreator (BackgroundPipelineCreator.java:stop(158)) - Stopping RatisPipelineUtilsThread.
2022-03-01 02:07:20,485 [Listener at 127.0.0.1/43841] INFO  server.StorageContainerManager (StorageContainerManager.java:stop(1526)) - Stopping SCM MetadataStore.
2022-03-01 02:07:20,486 [Listener at 127.0.0.1/43841] INFO  impl.MetricsSystemImpl (MetricsSystemImpl.java:stop(210)) - Stopping XceiverClientMetrics metrics system...
2022-03-01 02:07:20,503 [prometheus] INFO  impl.MetricsSinkAdapter (MetricsSinkAdapter.java:publishMetricsFromQueue(141)) - prometheus thread interrupted.
2022-03-01 02:07:20,504 [Listener at 127.0.0.1/43841] INFO  impl.MetricsSystemImpl (MetricsSystemImpl.java:stop(216)) - XceiverClientMetrics metrics system stopped.
2022-03-01 02:07:20,703 [Listener at 127.0.0.1/43841] WARN  server.ServerUtils (ServerUtils.java:getScmDbDir(148)) - ozone.scm.db.dirs is not configured. We recommend adding this setting. Falling back to ozone.metadata.dirs instead.
2022-03-01 02:07:20,709 [Listener at 127.0.0.1/43841] INFO  ha.SCMHANodeDetails (SCMHANodeDetails.java:loadSCMHAConfig(157)) - ServiceID for StorageContainerManager is null
2022-03-01 02:07:20,709 [Listener at 127.0.0.1/43841] INFO  ha.SCMHANodeDetails (SCMHANodeDetails.java:loadSCMHAConfig(162)) - ozone.scm.default.service.id is not defined, falling back to ozone.scm.service.ids to find serviceID for StorageContainerManager if it is HA enabled cluster
2022-03-01 02:07:20,710 [Listener at 127.0.0.1/43841] INFO  server.RaftServer (ConfUtils.java:logGet(44)) - raft.rpc.type = GRPC (default)
2022-03-01 02:07:20,710 [Listener at 127.0.0.1/43841] INFO  grpc.GrpcFactory (GrpcFactory.java:checkPooledByteBufAllocatorUseCacheForAllThreads(48)) - PERFORMANCE WARNING: useCacheForAllThreads is true that may cause Netty to create a lot garbage objects and, as a result, trigger GC.
	It is recommended to disable useCacheForAllThreads by setting -Dorg.apache.ratis.thirdparty.io.netty.allocator.useCacheForAllThreads=false in command line.
2022-03-01 02:07:20,710 [Listener at 127.0.0.1/43841] INFO  grpc.GrpcConfigKeys (ConfUtils.java:logGet(44)) - raft.grpc.admin.port = -1 (default)
2022-03-01 02:07:20,710 [Listener at 127.0.0.1/43841] INFO  grpc.GrpcConfigKeys (ConfUtils.java:logGet(44)) - raft.grpc.server.port = 9894 (custom)
2022-03-01 02:07:20,710 [Listener at 127.0.0.1/43841] INFO  grpc.GrpcConfigKeys (ConfUtils.java:logGet(44)) - raft.grpc.client.port = -1 (default)
2022-03-01 02:07:20,711 [Listener at 127.0.0.1/43841] INFO  grpc.GrpcConfigKeys (ConfUtils.java:logGet(44)) - raft.grpc.server.port = 9894 (custom)
2022-03-01 02:07:20,711 [Listener at 127.0.0.1/43841] INFO  grpc.GrpcConfigKeys (ConfUtils.java:logGet(44)) - raft.grpc.server.port = 9894 (custom)
2022-03-01 02:07:20,711 [Listener at 127.0.0.1/43841] INFO  server.GrpcService (ConfUtils.java:logGet(44)) - raft.grpc.message.size.max = 32m (=33554432) (custom)
2022-03-01 02:07:20,711 [Listener at 127.0.0.1/43841] INFO  server.RaftServerConfigKeys (ConfUtils.java:logGet(44)) - raft.server.log.appender.buffer.byte-limit = 33554432 (custom)
2022-03-01 02:07:20,711 [Listener at 127.0.0.1/43841] INFO  server.GrpcService (ConfUtils.java:logGet(44)) - raft.grpc.flow.control.window = 1MB (=1048576) (default)
2022-03-01 02:07:20,711 [Listener at 127.0.0.1/43841] INFO  server.RaftServerConfigKeys (ConfUtils.java:logGet(44)) - raft.server.rpc.request.timeout = 30000ms (custom)
2022-03-01 02:07:20,712 [Listener at 127.0.0.1/43841] INFO  impl.DataStreamServerImpl (ConfUtils.java:logGet(44)) - raft.datastream.type = DISABLED (default)
2022-03-01 02:07:20,713 [Listener at 127.0.0.1/43841] INFO  server.RaftServerConfigKeys (ConfUtils.java:logGet(44)) - raft.server.rpc.slowness.timeout = 120000ms (custom)
2022-03-01 02:07:20,713 [Listener at 127.0.0.1/43841] INFO  server.RaftServerConfigKeys (ConfUtils.java:logGet(44)) - raft.server.leaderelection.leader.step-down.wait-time = 10s (default)
2022-03-01 02:07:20,713 [Listener at 127.0.0.1/43841] INFO  server.RaftServerConfigKeys (ConfUtils.java:logGet(44)) - raft.server.storage.dir = [/home/runner/work/ozone/ozone/hadoop-ozone/integration-test/target/test-dir/MiniOzoneClusterImpl-434b3942-5fee-4696-bdff-815572bb5a66/ozone-meta/scm-ha] (custom)
2022-03-01 02:07:20,723 [Listener at 127.0.0.1/43841] INFO  server.RaftServer (RaftServerProxy.java:addNew(95)) - 09878d1a-377f-423d-a37c-738af89666e1: addNew group-815572BB5A66:[09878d1a-377f-423d-a37c-738af89666e1|rpc:fv-az294-952:9894|priority:0] returns group-815572BB5A66:java.util.concurrent.CompletableFuture@6b9a3441[Not completed]
2022-03-01 02:07:20,724 [pool-164-thread-1] INFO  server.RaftServer$Division (RaftServerImpl.java:<init>(184)) - 09878d1a-377f-423d-a37c-738af89666e1: new RaftServerImpl for group-815572BB5A66:[09878d1a-377f-423d-a37c-738af89666e1|rpc:fv-az294-952:9894|priority:0] with SCMStateMachine:uninitialized
2022-03-01 02:07:20,731 [pool-164-thread-1] INFO  server.RaftServerConfigKeys (ConfUtils.java:logGet(44)) - raft.server.rpc.timeout.min = 5000ms (custom)
2022-03-01 02:07:20,731 [pool-164-thread-1] INFO  server.RaftServerConfigKeys (ConfUtils.java:logGet(44)) - raft.server.rpc.timeout.max = 5200ms (custom)
2022-03-01 02:07:20,732 [pool-164-thread-1] INFO  server.RaftServerConfigKeys (ConfUtils.java:logGet(44)) - raft.server.rpc.sleep.time = 25ms (default)
2022-03-01 02:07:20,732 [pool-164-thread-1] INFO  server.RaftServerConfigKeys (ConfUtils.java:logGet(44)) - raft.server.rpc.slowness.timeout = 120000ms (custom)
2022-03-01 02:07:20,732 [pool-164-thread-1] INFO  server.RaftServerConfigKeys (ConfUtils.java:logGet(44)) - raft.server.leaderelection.leader.step-down.wait-time = 10s (default)
2022-03-01 02:07:20,732 [pool-164-thread-1] INFO  server.RaftServerConfigKeys (ConfUtils.java:logGet(44)) - raft.server.sleep.deviation.threshold = 300ms (default)
2022-03-01 02:07:20,732 [pool-164-thread-1] INFO  server.RaftServerConfigKeys (ConfUtils.java:logGet(44)) - raft.server.log.appender.install.snapshot.enabled = false (custom)
2022-03-01 02:07:20,732 [pool-164-thread-1] INFO  server.RaftServer$Division (ServerState.java:<init>(105)) - 09878d1a-377f-423d-a37c-738af89666e1@group-815572BB5A66: ConfigurationManager, init=-1: [09878d1a-377f-423d-a37c-738af89666e1|rpc:fv-az294-952:9894|priority:0], old=null, confs=<EMPTY_MAP>
2022-03-01 02:07:20,733 [pool-164-thread-1] INFO  server.RaftServerConfigKeys (ConfUtils.java:logGet(44)) - raft.server.storage.dir = [/home/runner/work/ozone/ozone/hadoop-ozone/integration-test/target/test-dir/MiniOzoneClusterImpl-434b3942-5fee-4696-bdff-815572bb5a66/ozone-meta/scm-ha] (custom)
2022-03-01 02:07:20,733 [pool-164-thread-1] INFO  server.RaftServerConfigKeys (ConfUtils.java:logGet(44)) - raft.server.log.corruption.policy = EXCEPTION (default)
2022-03-01 02:07:20,733 [pool-164-thread-1] INFO  server.RaftServerConfigKeys (ConfUtils.java:logGet(44)) - raft.server.storage.free-space.min = 0MB (=0) (default)
2022-03-01 02:07:20,733 [pool-164-thread-1] INFO  storage.RaftStorageDirectory (RaftStorageDirectoryImpl.java:analyzeStorage(135)) - The storage directory /home/runner/work/ozone/ozone/hadoop-ozone/integration-test/target/test-dir/MiniOzoneClusterImpl-434b3942-5fee-4696-bdff-815572bb5a66/ozone-meta/scm-ha/434b3942-5fee-4696-bdff-815572bb5a66 does not exist. Creating ...
2022-03-01 02:07:20,740 [pool-164-thread-1] INFO  storage.RaftStorageDirectory (RaftStorageDirectoryImpl.java:tryLock(230)) - Lock on /home/runner/work/ozone/ozone/hadoop-ozone/integration-test/target/test-dir/MiniOzoneClusterImpl-434b3942-5fee-4696-bdff-815572bb5a66/ozone-meta/scm-ha/434b3942-5fee-4696-bdff-815572bb5a66/in_use.lock acquired by nodename 9245@fv-az294-952
2022-03-01 02:07:20,741 [pool-164-thread-1] INFO  storage.RaftStorage (RaftStorageImpl.java:format(89)) - Storage directory /home/runner/work/ozone/ozone/hadoop-ozone/integration-test/target/test-dir/MiniOzoneClusterImpl-434b3942-5fee-4696-bdff-815572bb5a66/ozone-meta/scm-ha/434b3942-5fee-4696-bdff-815572bb5a66 has been successfully formatted.
2022-03-01 02:07:20,742 [pool-164-thread-1] INFO  server.RaftServerConfigKeys (ConfUtils.java:logGet(44)) - raft.server.notification.no-leader.timeout = 60s (default)
2022-03-01 02:07:20,742 [pool-164-thread-1] INFO  server.RaftServerConfigKeys (ConfUtils.java:logGet(44)) - raft.server.log.use.memory = false (default)
2022-03-01 02:07:20,742 [pool-164-thread-1] INFO  server.RaftServerConfigKeys (ConfUtils.java:logGet(44)) - raft.server.log.purge.gap = 1000000 (custom)
2022-03-01 02:07:20,742 [pool-164-thread-1] INFO  server.RaftServerConfigKeys (ConfUtils.java:logGet(44)) - raft.server.log.appender.buffer.byte-limit = 33554432 (custom)
2022-03-01 02:07:20,742 [pool-164-thread-1] INFO  server.RaftServerConfigKeys (ConfUtils.java:logGet(44)) - raft.server.log.segment.size.max = 4194304 (custom)
2022-03-01 02:07:20,742 [pool-164-thread-1] INFO  server.RaftServerConfigKeys (ConfUtils.java:logGet(44)) - raft.server.log.segment.cache.num.max = 2 (custom)
2022-03-01 02:07:20,742 [pool-164-thread-1] INFO  server.RaftServerConfigKeys (ConfUtils.java:logGet(44)) - raft.server.log.segment.cache.size.max = 200MB (=209715200) (default)
2022-03-01 02:07:20,742 [pool-164-thread-1] INFO  segmented.SegmentedRaftLogWorker (SegmentedRaftLogWorker.java:<init>(182)) - new 09878d1a-377f-423d-a37c-738af89666e1@group-815572BB5A66-SegmentedRaftLogWorker for RaftStorageImpl:Storage Directory /home/runner/work/ozone/ozone/hadoop-ozone/integration-test/target/test-dir/MiniOzoneClusterImpl-434b3942-5fee-4696-bdff-815572bb5a66/ozone-meta/scm-ha/434b3942-5fee-4696-bdff-815572bb5a66
2022-03-01 02:07:20,742 [pool-164-thread-1] INFO  server.RaftServerConfigKeys (ConfUtils.java:logGet(44)) - raft.server.log.queue.byte-limit = 64MB (=67108864) (default)
2022-03-01 02:07:20,743 [pool-164-thread-1] INFO  server.RaftServerConfigKeys (ConfUtils.java:logGet(44)) - raft.server.log.queue.element-limit = 4096 (default)
2022-03-01 02:07:20,743 [pool-164-thread-1] INFO  server.RaftServerConfigKeys (ConfUtils.java:logGet(44)) - raft.server.log.segment.size.max = 4194304 (custom)
2022-03-01 02:07:20,743 [pool-164-thread-1] INFO  server.RaftServerConfigKeys (ConfUtils.java:logGet(44)) - raft.server.log.preallocated.size = 4194304 (custom)
2022-03-01 02:07:20,743 [pool-164-thread-1] INFO  server.RaftServerConfigKeys (ConfUtils.java:logGet(44)) - raft.server.log.force.sync.num = 128 (default)
2022-03-01 02:07:20,743 [pool-164-thread-1] INFO  server.RaftServerConfigKeys (ConfUtils.java:logGet(44)) - raft.server.log.statemachine.data.sync = true (default)
2022-03-01 02:07:20,743 [pool-164-thread-1] INFO  server.RaftServerConfigKeys (ConfUtils.java:logGet(44)) - raft.server.log.statemachine.data.sync.timeout = 10s (default)
2022-03-01 02:07:20,743 [pool-164-thread-1] INFO  server.RaftServerConfigKeys (ConfUtils.java:logGet(44)) - raft.server.log.statemachine.data.sync.timeout.retry = -1 (default)
2022-03-01 02:07:20,743 [pool-164-thread-1] INFO  server.RaftServerConfigKeys (ConfUtils.java:logGet(44)) - raft.server.log.write.buffer.size = 64KB (=65536) (default)
2022-03-01 02:07:20,743 [pool-164-thread-1] INFO  server.RaftServerConfigKeys (ConfUtils.java:logGet(44)) - raft.server.log.statemachine.data.caching.enabled = false (default)
2022-03-01 02:07:20,744 [pool-164-thread-1] INFO  segmented.SegmentedRaftLogWorker (SegmentedRaftLogWorker.java:lambda$new$0(133)) - 09878d1a-377f-423d-a37c-738af89666e1@group-815572BB5A66-SegmentedRaftLogWorker: flushIndex: setUnconditionally 0 -> -1
2022-03-01 02:07:20,744 [pool-164-thread-1] INFO  segmented.SegmentedRaftLogWorker (SegmentedRaftLogWorker.java:lambda$new$0(133)) - 09878d1a-377f-423d-a37c-738af89666e1@group-815572BB5A66-SegmentedRaftLogWorker: safeCacheEvictIndex: setUnconditionally 0 -> -1
2022-03-01 02:07:20,751 [pool-164-thread-1] INFO  server.RaftServerConfigKeys (ConfUtils.java:logGet(44)) - raft.server.snapshot.auto.trigger.enabled = true (custom)
2022-03-01 02:07:20,751 [pool-164-thread-1] INFO  server.RaftServerConfigKeys (ConfUtils.java:logGet(44)) - raft.server.snapshot.auto.trigger.threshold = 1000 (custom)
2022-03-01 02:07:20,751 [pool-164-thread-1] INFO  server.RaftServerConfigKeys (ConfUtils.java:logGet(44)) - raft.server.snapshot.retention.file.num = -1 (default)
2022-03-01 02:07:20,751 [pool-164-thread-1] INFO  server.RaftServerConfigKeys (ConfUtils.java:logGet(44)) - raft.server.log.purge.upto.snapshot.index = false (default)
2022-03-01 02:07:20,751 [pool-164-thread-1] INFO  server.RaftServerConfigKeys (ConfUtils.java:logGet(44)) - raft.server.retrycache.expirytime = 60000ms (default)
2022-03-01 02:07:20,752 [pool-164-thread-1] INFO  server.RaftServerConfigKeys (ConfUtils.java:logGet(44)) - raft.server.retrycache.statistics.expirytime = 100μs (default)
2022-03-01 02:07:20,752 [Listener at 127.0.0.1/43841] INFO  server.RaftServer$Division (RaftServerImpl.java:start(301)) - 09878d1a-377f-423d-a37c-738af89666e1@group-815572BB5A66: start as a follower, conf=-1: [09878d1a-377f-423d-a37c-738af89666e1|rpc:fv-az294-952:9894|priority:0], old=null
2022-03-01 02:07:20,753 [Listener at 127.0.0.1/43841] INFO  server.RaftServer$Division (RaftServerImpl.java:setRole(290)) - 09878d1a-377f-423d-a37c-738af89666e1@group-815572BB5A66: changes role from      null to FOLLOWER at term 0 for startAsFollower
2022-03-01 02:07:20,753 [Listener at 127.0.0.1/43841] INFO  impl.RoleInfo (RoleInfo.java:updateAndGet(130)) - 09878d1a-377f-423d-a37c-738af89666e1: start 09878d1a-377f-423d-a37c-738af89666e1@group-815572BB5A66-FollowerState
2022-03-01 02:07:20,763 [Listener at 127.0.0.1/43841] INFO  util.JmxRegister (JmxRegister.java:tryRegister(44)) - Successfully registered JMX Bean with object name Ratis:service=RaftServer,group=group-815572BB5A66,id=09878d1a-377f-423d-a37c-738af89666e1
2022-03-01 02:07:20,767 [Listener at 127.0.0.1/43841] INFO  server.RaftServer (RaftServerProxy.java:lambda$start$5(374)) - 09878d1a-377f-423d-a37c-738af89666e1: start RPC server
2022-03-01 02:07:20,768 [Listener at 127.0.0.1/43841] INFO  server.GrpcService (GrpcService.java:startImpl(253)) - 09878d1a-377f-423d-a37c-738af89666e1: GrpcService started, listening on 9894
2022-03-01 02:07:20,781 [org.apache.ratis.util.JvmPauseMonitor$$Lambda$421/1299661385@5dbe891a] INFO  util.JvmPauseMonitor (JvmPauseMonitor.java:run(103)) - JvmPauseMonitor-09878d1a-377f-423d-a37c-738af89666e1: Started
2022-03-01 02:07:25,823 [09878d1a-377f-423d-a37c-738af89666e1@group-815572BB5A66-FollowerState] INFO  impl.FollowerState (FollowerState.java:run(134)) - 09878d1a-377f-423d-a37c-738af89666e1@group-815572BB5A66-FollowerState: change to CANDIDATE, lastRpcElapsedTime:5070286569ns, electionTimeout:5052ms
2022-03-01 02:07:25,823 [09878d1a-377f-423d-a37c-738af89666e1@group-815572BB5A66-FollowerState] INFO  impl.RoleInfo (RoleInfo.java:shutdownFollowerState(108)) - 09878d1a-377f-423d-a37c-738af89666e1: shutdown 09878d1a-377f-423d-a37c-738af89666e1@group-815572BB5A66-FollowerState
2022-03-01 02:07:25,824 [09878d1a-377f-423d-a37c-738af89666e1@group-815572BB5A66-FollowerState] INFO  server.RaftServer$Division (RaftServerImpl.java:setRole(290)) - 09878d1a-377f-423d-a37c-738af89666e1@group-815572BB5A66: changes role from  FOLLOWER to CANDIDATE at term 0 for changeToCandidate
2022-03-01 02:07:25,824 [09878d1a-377f-423d-a37c-738af89666e1@group-815572BB5A66-FollowerState] INFO  server.RaftServerConfigKeys (ConfUtils.java:logGet(44)) - raft.server.leaderelection.pre-vote = false (custom)
2022-03-01 02:07:25,824 [09878d1a-377f-423d-a37c-738af89666e1@group-815572BB5A66-FollowerState] INFO  impl.RoleInfo (RoleInfo.java:updateAndGet(130)) - 09878d1a-377f-423d-a37c-738af89666e1: start 09878d1a-377f-423d-a37c-738af89666e1@group-815572BB5A66-LeaderElection18
2022-03-01 02:07:25,834 [09878d1a-377f-423d-a37c-738af89666e1@group-815572BB5A66-LeaderElection18] INFO  impl.LeaderElection (LeaderElection.java:askForVotes(306)) - 09878d1a-377f-423d-a37c-738af89666e1@group-815572BB5A66-LeaderElection18 ELECTION round 0: submit vote requests at term 1 for -1: [09878d1a-377f-423d-a37c-738af89666e1|rpc:fv-az294-952:9894|priority:0], old=null
2022-03-01 02:07:25,834 [09878d1a-377f-423d-a37c-738af89666e1@group-815572BB5A66-LeaderElection18] INFO  impl.LeaderElection (LeaderElection.java:askForVotes(308)) - 09878d1a-377f-423d-a37c-738af89666e1@group-815572BB5A66-LeaderElection18 ELECTION round 0: result PASSED (term=1)
2022-03-01 02:07:25,834 [09878d1a-377f-423d-a37c-738af89666e1@group-815572BB5A66-LeaderElection18] INFO  impl.RoleInfo (RoleInfo.java:shutdownLeaderElection(121)) - 09878d1a-377f-423d-a37c-738af89666e1: shutdown 09878d1a-377f-423d-a37c-738af89666e1@group-815572BB5A66-LeaderElection18
2022-03-01 02:07:25,834 [09878d1a-377f-423d-a37c-738af89666e1@group-815572BB5A66-LeaderElection18] INFO  server.RaftServer$Division (RaftServerImpl.java:setRole(290)) - 09878d1a-377f-423d-a37c-738af89666e1@group-815572BB5A66: changes role from CANDIDATE to LEADER at term 1 for changeToLeader
2022-03-01 02:07:25,834 [09878d1a-377f-423d-a37c-738af89666e1@group-815572BB5A66-LeaderElection18] INFO  server.RaftServer$Division (ServerState.java:setLeader(285)) - 09878d1a-377f-423d-a37c-738af89666e1@group-815572BB5A66: change Leader from null to 09878d1a-377f-423d-a37c-738af89666e1 at term 1 for becomeLeader, leader elected after 5092ms
2022-03-01 02:07:25,834 [09878d1a-377f-423d-a37c-738af89666e1@group-815572BB5A66-LeaderElection18] INFO  server.RaftServerConfigKeys (ConfUtils.java:logGet(44)) - raft.server.staging.catchup.gap = 1000 (default)
2022-03-01 02:07:25,834 [09878d1a-377f-423d-a37c-738af89666e1@group-815572BB5A66-LeaderElection18] INFO  server.RaftServerConfigKeys (ConfUtils.java:logGet(44)) - raft.server.write.element-limit = 4096 (default)
2022-03-01 02:07:25,834 [09878d1a-377f-423d-a37c-738af89666e1@group-815572BB5A66-LeaderElection18] INFO  server.RaftServerConfigKeys (ConfUtils.java:logGet(44)) - raft.server.write.byte-limit = 64MB (=67108864) (default)
2022-03-01 02:07:25,835 [09878d1a-377f-423d-a37c-738af89666e1@group-815572BB5A66-LeaderElection18] INFO  server.RaftServerConfigKeys (ConfUtils.java:logGet(44)) - raft.server.watch.timeout = 10s (default)
2022-03-01 02:07:25,835 [09878d1a-377f-423d-a37c-738af89666e1@group-815572BB5A66-LeaderElection18] INFO  server.RaftServerConfigKeys (ConfUtils.java:logGet(44)) - raft.server.watch.timeout.denomination = 1s (default)
2022-03-01 02:07:25,835 [09878d1a-377f-423d-a37c-738af89666e1@group-815572BB5A66-LeaderElection18] INFO  server.RaftServerConfigKeys (ConfUtils.java:logGet(44)) - raft.server.watch.element-limit = 65536 (default)
2022-03-01 02:07:25,835 [09878d1a-377f-423d-a37c-738af89666e1@group-815572BB5A66-LeaderElection18] INFO  server.RaftServerConfigKeys (ConfUtils.java:logGet(44)) - raft.server.write.element-limit = 4096 (default)
2022-03-01 02:07:25,835 [09878d1a-377f-423d-a37c-738af89666e1@group-815572BB5A66-LeaderElection18] INFO  server.RaftServerConfigKeys (ConfUtils.java:logGet(44)) - raft.server.write.follower.gap.ratio.max = -1.0 (default)
2022-03-01 02:07:25,835 [09878d1a-377f-423d-a37c-738af89666e1@group-815572BB5A66-LeaderElection18] INFO  impl.RoleInfo (RoleInfo.java:updateAndGet(130)) - 09878d1a-377f-423d-a37c-738af89666e1: start 09878d1a-377f-423d-a37c-738af89666e1@group-815572BB5A66-LeaderStateImpl
2022-03-01 02:07:25,835 [09878d1a-377f-423d-a37c-738af89666e1@group-815572BB5A66-LeaderElection18] INFO  segmented.SegmentedRaftLogWorker (SegmentedRaftLogWorker.java:startLogSegment(394)) - 09878d1a-377f-423d-a37c-738af89666e1@group-815572BB5A66-SegmentedRaftLogWorker: Starting segment from index:0
2022-03-01 02:07:25,848 [09878d1a-377f-423d-a37c-738af89666e1@group-815572BB5A66-LeaderElection18] INFO  server.RaftServer$Division (ServerState.java:setRaftConf(387)) - 09878d1a-377f-423d-a37c-738af89666e1@group-815572BB5A66: set configuration 0: [09878d1a-377f-423d-a37c-738af89666e1|rpc:fv-az294-952:9894|admin:|client:|dataStream:|priority:0], old=null
2022-03-01 02:07:25,849 [09878d1a-377f-423d-a37c-738af89666e1@group-815572BB5A66-SegmentedRaftLogWorker] INFO  segmented.SegmentedRaftLogWorker (SegmentedRaftLogWorker.java:execute(601)) - 09878d1a-377f-423d-a37c-738af89666e1@group-815572BB5A66-SegmentedRaftLogWorker: created new log segment /home/runner/work/ozone/ozone/hadoop-ozone/integration-test/target/test-dir/MiniOzoneClusterImpl-434b3942-5fee-4696-bdff-815572bb5a66/ozone-meta/scm-ha/434b3942-5fee-4696-bdff-815572bb5a66/current/log_inprogress_0
2022-03-01 02:07:26,782 [Listener at 127.0.0.1/43841] INFO  server.RaftServer (RaftServerProxy.java:lambda$close$6(391)) - 09878d1a-377f-423d-a37c-738af89666e1: close
2022-03-01 02:07:26,782 [Listener at 127.0.0.1/43841] INFO  server.RaftServer$Division (RaftServerImpl.java:lambda$close$4(412)) - 09878d1a-377f-423d-a37c-738af89666e1@group-815572BB5A66: shutdown
2022-03-01 02:07:26,783 [Listener at 127.0.0.1/43841] INFO  util.JmxRegister (JmxRegister.java:unregister(73)) - Successfully un-registered JMX Bean with object name Ratis:service=RaftServer,group=group-815572BB5A66,id=09878d1a-377f-423d-a37c-738af89666e1
2022-03-01 02:07:26,783 [Listener at 127.0.0.1/43841] INFO  impl.RoleInfo (RoleInfo.java:shutdownLeaderState(91)) - 09878d1a-377f-423d-a37c-738af89666e1: shutdown 09878d1a-377f-423d-a37c-738af89666e1@group-815572BB5A66-LeaderStateImpl
2022-03-01 02:07:26,783 [Listener at 127.0.0.1/43841] INFO  impl.PendingRequests (PendingRequests.java:sendNotLeaderResponses(282)) - 09878d1a-377f-423d-a37c-738af89666e1@group-815572BB5A66-PendingRequests: sendNotLeaderResponses
2022-03-01 02:07:26,783 [Listener at 127.0.0.1/43841] INFO  impl.StateMachineUpdater (StateMachineUpdater.java:stopAndJoin(149)) - 09878d1a-377f-423d-a37c-738af89666e1@group-815572BB5A66-StateMachineUpdater: set stopIndex = 0
2022-03-01 02:07:26,784 [09878d1a-377f-423d-a37c-738af89666e1@group-815572BB5A66-StateMachineUpdater] INFO  impl.StateMachineUpdater (StateMachineUpdater.java:takeSnapshot(281)) - 09878d1a-377f-423d-a37c-738af89666e1@group-815572BB5A66-StateMachineUpdater: Took a snapshot at index 0
2022-03-01 02:07:26,784 [09878d1a-377f-423d-a37c-738af89666e1@group-815572BB5A66-StateMachineUpdater] INFO  impl.StateMachineUpdater (StateMachineUpdater.java:lambda$new$0(89)) - 09878d1a-377f-423d-a37c-738af89666e1@group-815572BB5A66-StateMachineUpdater: snapshotIndex: updateIncreasingly -1 -> 0
2022-03-01 02:07:26,784 [Listener at 127.0.0.1/43841] INFO  server.RaftServer$Division (ServerState.java:close(419)) - 09878d1a-377f-423d-a37c-738af89666e1@group-815572BB5A66: closes. applyIndex: 0
2022-03-01 02:07:26,785 [09878d1a-377f-423d-a37c-738af89666e1@group-815572BB5A66-SegmentedRaftLogWorker] INFO  segmented.SegmentedRaftLogWorker (SegmentedRaftLogWorker.java:run(327)) - 09878d1a-377f-423d-a37c-738af89666e1@group-815572BB5A66-SegmentedRaftLogWorker was interrupted, exiting. There are 0 tasks remaining in the queue.
2022-03-01 02:07:26,786 [Listener at 127.0.0.1/43841] INFO  segmented.SegmentedRaftLogWorker (SegmentedRaftLogWorker.java:close(237)) - 09878d1a-377f-423d-a37c-738af89666e1@group-815572BB5A66-SegmentedRaftLogWorker close()
2022-03-01 02:07:26,791 [Listener at 127.0.0.1/43841] INFO  server.GrpcService (GrpcService.java:closeImpl(262)) - 09878d1a-377f-423d-a37c-738af89666e1: shutdown server with port 9894 now
2022-03-01 02:07:26,791 [Listener at 127.0.0.1/43841] INFO  server.GrpcService (GrpcService.java:closeImpl(271)) - 09878d1a-377f-423d-a37c-738af89666e1: shutdown server with port 9894 successfully
2022-03-01 02:07:26,792 [org.apache.ratis.util.JvmPauseMonitor$$Lambda$421/1299661385@5dbe891a] INFO  util.JvmPauseMonitor (JvmPauseMonitor.java:run(109)) - JvmPauseMonitor-09878d1a-377f-423d-a37c-738af89666e1: Stopped
2022-03-01 02:07:26,793 [Listener at 127.0.0.1/43841] INFO  ha.SCMHANodeDetails (SCMHANodeDetails.java:loadSCMHAConfig(157)) - ServiceID for StorageContainerManager is null
2022-03-01 02:07:26,793 [Listener at 127.0.0.1/43841] INFO  ha.SCMHANodeDetails (SCMHANodeDetails.java:loadSCMHAConfig(162)) - ozone.scm.default.service.id is not defined, falling back to ozone.scm.service.ids to find serviceID for StorageContainerManager if it is HA enabled cluster
2022-03-01 02:07:26,793 [Listener at 127.0.0.1/43841] WARN  server.ServerUtils (ServerUtils.java:getScmDbDir(148)) - ozone.scm.db.dirs is not configured. We recommend adding this setting. Falling back to ozone.metadata.dirs instead.
2022-03-01 02:07:26,794 [Listener at 127.0.0.1/43841] INFO  upgrade.AbstractLayoutVersionManager (AbstractLayoutVersionManager.java:init(79)) - Initializing Layout version manager with metadata layout = SCM_HA (version = 2), software layout = SCM_HA (version = 2)
2022-03-01 02:07:26,911 [Listener at 127.0.0.1/43841] INFO  reflections.Reflections (Reflections.java:scan(232)) - Reflections took 114 ms to scan 7 urls, producing 122 keys and 286 values 
2022-03-01 02:07:26,912 [Listener at 127.0.0.1/43841] WARN  utils.HAUtils (HAUtils.java:getMetaDir(342)) - ozone.scm.db.dirs is not configured. We recommend adding this setting. Falling back to ozone.metadata.dirs instead.
2022-03-01 02:07:26,916 [Listener at 127.0.0.1/43841] WARN  db.DBStoreBuilder (DBStoreBuilder.java:applyDBDefinition(145)) - ozone.scm.db.dirs is not configured. We recommend adding this setting. Falling back to ozone.metadata.dirs instead.
2022-03-01 02:07:27,053 [Listener at 127.0.0.1/43841] INFO  net.NodeSchemaLoader (NodeSchemaLoader.java:loadSchemaFromFile(129)) - Loading schema from [jar:file:/home/runner/.m2/repository/org/apache/ozone/hdds-common/1.3.0-SNAPSHOT/hdds-common-1.3.0-SNAPSHOT.jar!/network-topology-default.xml]
2022-03-01 02:07:27,054 [Listener at 127.0.0.1/43841] INFO  net.NodeSchemaLoader (NodeSchemaLoader.java:loadSchema(176)) - Loading network topology layer schema file
2022-03-01 02:07:27,059 [Listener at 127.0.0.1/43841] INFO  ha.SCMRatisServerImpl (SCMRatisServerImpl.java:<init>(87)) - starting Raft server for scm:09878d1a-377f-423d-a37c-738af89666e1
2022-03-01 02:07:27,065 [Listener at 127.0.0.1/43841] INFO  server.RaftServer (ConfUtils.java:logGet(44)) - raft.rpc.type = GRPC (default)
2022-03-01 02:07:27,066 [Listener at 127.0.0.1/43841] INFO  grpc.GrpcFactory (GrpcFactory.java:checkPooledByteBufAllocatorUseCacheForAllThreads(48)) - PERFORMANCE WARNING: useCacheForAllThreads is true that may cause Netty to create a lot garbage objects and, as a result, trigger GC.
	It is recommended to disable useCacheForAllThreads by setting -Dorg.apache.ratis.thirdparty.io.netty.allocator.useCacheForAllThreads=false in command line.
2022-03-01 02:07:27,066 [Listener at 127.0.0.1/43841] INFO  grpc.GrpcConfigKeys (ConfUtils.java:logGet(44)) - raft.grpc.admin.port = -1 (default)
2022-03-01 02:07:27,066 [Listener at 127.0.0.1/43841] INFO  grpc.GrpcConfigKeys (ConfUtils.java:logGet(44)) - raft.grpc.server.port = 9894 (custom)
2022-03-01 02:07:27,070 [Listener at 127.0.0.1/43841] INFO  grpc.GrpcConfigKeys (ConfUtils.java:logGet(44)) - raft.grpc.client.port = -1 (default)
2022-03-01 02:07:27,070 [Listener at 127.0.0.1/43841] INFO  grpc.GrpcConfigKeys (ConfUtils.java:logGet(44)) - raft.grpc.server.port = 9894 (custom)
2022-03-01 02:07:27,070 [Listener at 127.0.0.1/43841] INFO  grpc.GrpcConfigKeys (ConfUtils.java:logGet(44)) - raft.grpc.server.port = 9894 (custom)
2022-03-01 02:07:27,071 [Listener at 127.0.0.1/43841] INFO  server.GrpcService (ConfUtils.java:logGet(44)) - raft.grpc.message.size.max = 32m (=33554432) (custom)
2022-03-01 02:07:27,071 [Listener at 127.0.0.1/43841] INFO  server.RaftServerConfigKeys (ConfUtils.java:logGet(44)) - raft.server.log.appender.buffer.byte-limit = 33554432 (custom)
2022-03-01 02:07:27,071 [Listener at 127.0.0.1/43841] INFO  server.GrpcService (ConfUtils.java:logGet(44)) - raft.grpc.flow.control.window = 1MB (=1048576) (default)
2022-03-01 02:07:27,071 [Listener at 127.0.0.1/43841] INFO  server.RaftServerConfigKeys (ConfUtils.java:logGet(44)) - raft.server.rpc.request.timeout = 30000ms (custom)
2022-03-01 02:07:27,072 [Listener at 127.0.0.1/43841] INFO  impl.DataStreamServerImpl (ConfUtils.java:logGet(44)) - raft.datastream.type = DISABLED (default)
2022-03-01 02:07:27,073 [Listener at 127.0.0.1/43841] INFO  server.RaftServerConfigKeys (ConfUtils.java:logGet(44)) - raft.server.rpc.slowness.timeout = 120000ms (custom)
2022-03-01 02:07:27,073 [Listener at 127.0.0.1/43841] INFO  server.RaftServerConfigKeys (ConfUtils.java:logGet(44)) - raft.server.leaderelection.leader.step-down.wait-time = 10s (default)
2022-03-01 02:07:27,073 [Listener at 127.0.0.1/43841] INFO  server.RaftServerConfigKeys (ConfUtils.java:logGet(44)) - raft.server.storage.dir = [/home/runner/work/ozone/ozone/hadoop-ozone/integration-test/target/test-dir/MiniOzoneClusterImpl-434b3942-5fee-4696-bdff-815572bb5a66/ozone-meta/scm-ha] (custom)
2022-03-01 02:07:27,073 [Listener at 127.0.0.1/43841] INFO  server.RaftServer (RaftServerProxy.java:lambda$null$1(235)) - 09878d1a-377f-423d-a37c-738af89666e1: found a subdirectory /home/runner/work/ozone/ozone/hadoop-ozone/integration-test/target/test-dir/MiniOzoneClusterImpl-434b3942-5fee-4696-bdff-815572bb5a66/ozone-meta/scm-ha/434b3942-5fee-4696-bdff-815572bb5a66
2022-03-01 02:07:27,083 [Listener at 127.0.0.1/43841] INFO  server.RaftServer (RaftServerProxy.java:addNew(95)) - 09878d1a-377f-423d-a37c-738af89666e1: addNew group-815572BB5A66:[] returns group-815572BB5A66:java.util.concurrent.CompletableFuture@4176d8a1[Not completed]
2022-03-01 02:07:27,096 [pool-177-thread-1] INFO  server.RaftServer$Division (RaftServerImpl.java:<init>(184)) - 09878d1a-377f-423d-a37c-738af89666e1: new RaftServerImpl for group-815572BB5A66:[] with SCMStateMachine:uninitialized
2022-03-01 02:07:27,096 [pool-177-thread-1] INFO  server.RaftServerConfigKeys (ConfUtils.java:logGet(44)) - raft.server.rpc.timeout.min = 5000ms (custom)
2022-03-01 02:07:27,096 [pool-177-thread-1] INFO  server.RaftServerConfigKeys (ConfUtils.java:logGet(44)) - raft.server.rpc.timeout.max = 5200ms (custom)
2022-03-01 02:07:27,096 [pool-177-thread-1] INFO  server.RaftServerConfigKeys (ConfUtils.java:logGet(44)) - raft.server.rpc.sleep.time = 25ms (default)
2022-03-01 02:07:27,096 [pool-177-thread-1] INFO  server.RaftServerConfigKeys (ConfUtils.java:logGet(44)) - raft.server.rpc.slowness.timeout = 120000ms (custom)
2022-03-01 02:07:27,096 [pool-177-thread-1] INFO  server.RaftServerConfigKeys (ConfUtils.java:logGet(44)) - raft.server.leaderelection.leader.step-down.wait-time = 10s (default)
2022-03-01 02:07:27,096 [pool-177-thread-1] INFO  server.RaftServerConfigKeys (ConfUtils.java:logGet(44)) - raft.server.sleep.deviation.threshold = 300ms (default)
2022-03-01 02:07:27,096 [pool-177-thread-1] INFO  server.RaftServerConfigKeys (ConfUtils.java:logGet(44)) - raft.server.log.appender.install.snapshot.enabled = false (custom)
2022-03-01 02:07:27,097 [pool-177-thread-1] INFO  server.RaftServer$Division (ServerState.java:<init>(105)) - 09878d1a-377f-423d-a37c-738af89666e1@group-815572BB5A66: ConfigurationManager, init=-1: [], old=null, confs=<EMPTY_MAP>
2022-03-01 02:07:27,097 [pool-177-thread-1] INFO  server.RaftServerConfigKeys (ConfUtils.java:logGet(44)) - raft.server.storage.dir = [/home/runner/work/ozone/ozone/hadoop-ozone/integration-test/target/test-dir/MiniOzoneClusterImpl-434b3942-5fee-4696-bdff-815572bb5a66/ozone-meta/scm-ha] (custom)
2022-03-01 02:07:27,097 [pool-177-thread-1] INFO  server.RaftServerConfigKeys (ConfUtils.java:logGet(44)) - raft.server.log.corruption.policy = EXCEPTION (default)
2022-03-01 02:07:27,097 [pool-177-thread-1] INFO  server.RaftServerConfigKeys (ConfUtils.java:logGet(44)) - raft.server.storage.free-space.min = 0MB (=0) (default)
2022-03-01 02:07:27,098 [pool-177-thread-1] INFO  storage.RaftStorageDirectory (RaftStorageDirectoryImpl.java:tryLock(230)) - Lock on /home/runner/work/ozone/ozone/hadoop-ozone/integration-test/target/test-dir/MiniOzoneClusterImpl-434b3942-5fee-4696-bdff-815572bb5a66/ozone-meta/scm-ha/434b3942-5fee-4696-bdff-815572bb5a66/in_use.lock acquired by nodename 9245@fv-az294-952
2022-03-01 02:07:27,098 [pool-177-thread-1] INFO  storage.RaftStorage (RaftStorageImpl.java:analyzeAndRecoverStorage(110)) - Read RaftStorageMetadata{term=1, votedFor=09878d1a-377f-423d-a37c-738af89666e1} from /home/runner/work/ozone/ozone/hadoop-ozone/integration-test/target/test-dir/MiniOzoneClusterImpl-434b3942-5fee-4696-bdff-815572bb5a66/ozone-meta/scm-ha/434b3942-5fee-4696-bdff-815572bb5a66/current/raft-meta
2022-03-01 02:07:27,099 [pool-177-thread-1] INFO  server.RaftServer$Division (ServerState.java:setRaftConf(387)) - 09878d1a-377f-423d-a37c-738af89666e1@group-815572BB5A66: set configuration 0: [09878d1a-377f-423d-a37c-738af89666e1|rpc:fv-az294-952:9894|admin:|client:|dataStream:|priority:0], old=null
2022-03-01 02:07:27,099 [pool-177-thread-1] INFO  server.RaftServerConfigKeys (ConfUtils.java:logGet(44)) - raft.server.notification.no-leader.timeout = 60s (default)
2022-03-01 02:07:27,099 [pool-177-thread-1] INFO  server.RaftServerConfigKeys (ConfUtils.java:logGet(44)) - raft.server.log.use.memory = false (default)
2022-03-01 02:07:27,099 [pool-177-thread-1] INFO  server.RaftServerConfigKeys (ConfUtils.java:logGet(44)) - raft.server.log.purge.gap = 1000000 (custom)
2022-03-01 02:07:27,099 [pool-177-thread-1] INFO  server.RaftServerConfigKeys (ConfUtils.java:logGet(44)) - raft.server.log.appender.buffer.byte-limit = 33554432 (custom)
2022-03-01 02:07:27,109 [pool-177-thread-1] INFO  server.RaftServerConfigKeys (ConfUtils.java:logGet(44)) - raft.server.log.segment.size.max = 4194304 (custom)
2022-03-01 02:07:27,109 [pool-177-thread-1] INFO  server.RaftServerConfigKeys (ConfUtils.java:logGet(44)) - raft.server.log.segment.cache.num.max = 2 (custom)
2022-03-01 02:07:27,110 [pool-177-thread-1] INFO  server.RaftServerConfigKeys (ConfUtils.java:logGet(44)) - raft.server.log.segment.cache.size.max = 200MB (=209715200) (default)
2022-03-01 02:07:27,110 [pool-177-thread-1] INFO  segmented.SegmentedRaftLogWorker (SegmentedRaftLogWorker.java:<init>(182)) - new 09878d1a-377f-423d-a37c-738af89666e1@group-815572BB5A66-SegmentedRaftLogWorker for RaftStorageImpl:Storage Directory /home/runner/work/ozone/ozone/hadoop-ozone/integration-test/target/test-dir/MiniOzoneClusterImpl-434b3942-5fee-4696-bdff-815572bb5a66/ozone-meta/scm-ha/434b3942-5fee-4696-bdff-815572bb5a66
2022-03-01 02:07:27,110 [pool-177-thread-1] INFO  server.RaftServerConfigKeys (ConfUtils.java:logGet(44)) - raft.server.log.queue.byte-limit = 64MB (=67108864) (default)
2022-03-01 02:07:27,110 [pool-177-thread-1] INFO  server.RaftServerConfigKeys (ConfUtils.java:logGet(44)) - raft.server.log.queue.element-limit = 4096 (default)
2022-03-01 02:07:27,110 [pool-177-thread-1] INFO  server.RaftServerConfigKeys (ConfUtils.java:logGet(44)) - raft.server.log.segment.size.max = 4194304 (custom)
2022-03-01 02:07:27,110 [pool-177-thread-1] INFO  server.RaftServerConfigKeys (ConfUtils.java:logGet(44)) - raft.server.log.preallocated.size = 4194304 (custom)
2022-03-01 02:07:27,110 [pool-177-thread-1] INFO  server.RaftServerConfigKeys (ConfUtils.java:logGet(44)) - raft.server.log.force.sync.num = 128 (default)
2022-03-01 02:07:27,110 [pool-177-thread-1] INFO  server.RaftServerConfigKeys (ConfUtils.java:logGet(44)) - raft.server.log.statemachine.data.sync = true (default)
2022-03-01 02:07:27,110 [pool-177-thread-1] INFO  server.RaftServerConfigKeys (ConfUtils.java:logGet(44)) - raft.server.log.statemachine.data.sync.timeout = 10s (default)
2022-03-01 02:07:27,110 [pool-177-thread-1] INFO  server.RaftServerConfigKeys (ConfUtils.java:logGet(44)) - raft.server.log.statemachine.data.sync.timeout.retry = -1 (default)
2022-03-01 02:07:27,111 [pool-177-thread-1] INFO  server.RaftServerConfigKeys (ConfUtils.java:logGet(44)) - raft.server.log.write.buffer.size = 64KB (=65536) (default)
2022-03-01 02:07:27,111 [pool-177-thread-1] INFO  server.RaftServerConfigKeys (ConfUtils.java:logGet(44)) - raft.server.log.statemachine.data.caching.enabled = false (default)
2022-03-01 02:07:27,112 [pool-177-thread-1] INFO  server.RaftServer$Division (ServerState.java:setRaftConf(387)) - 09878d1a-377f-423d-a37c-738af89666e1@group-815572BB5A66: set configuration 0: [09878d1a-377f-423d-a37c-738af89666e1|rpc:fv-az294-952:9894|admin:|client:|dataStream:|priority:0], old=null
2022-03-01 02:07:27,112 [pool-177-thread-1] INFO  segmented.LogSegment (LogSegment.java:loadSegment(173)) - Successfully read 1 entries from segment file /home/runner/work/ozone/ozone/hadoop-ozone/integration-test/target/test-dir/MiniOzoneClusterImpl-434b3942-5fee-4696-bdff-815572bb5a66/ozone-meta/scm-ha/434b3942-5fee-4696-bdff-815572bb5a66/current/log_inprogress_0
2022-03-01 02:07:27,112 [pool-177-thread-1] INFO  segmented.SegmentedRaftLogWorker (SegmentedRaftLogWorker.java:lambda$new$0(133)) - 09878d1a-377f-423d-a37c-738af89666e1@group-815572BB5A66-SegmentedRaftLogWorker: flushIndex: setUnconditionally 0 -> 0
2022-03-01 02:07:27,112 [pool-177-thread-1] INFO  segmented.SegmentedRaftLogWorker (SegmentedRaftLogWorker.java:lambda$new$0(133)) - 09878d1a-377f-423d-a37c-738af89666e1@group-815572BB5A66-SegmentedRaftLogWorker: safeCacheEvictIndex: setUnconditionally 0 -> -1
2022-03-01 02:07:27,115 [pool-177-thread-1] INFO  server.RaftServerConfigKeys (ConfUtils.java:logGet(44)) - raft.server.snapshot.auto.trigger.enabled = true (custom)
2022-03-01 02:07:27,115 [pool-177-thread-1] INFO  server.RaftServerConfigKeys (ConfUtils.java:logGet(44)) - raft.server.snapshot.auto.trigger.threshold = 1000 (custom)
2022-03-01 02:07:27,115 [pool-177-thread-1] INFO  server.RaftServerConfigKeys (ConfUtils.java:logGet(44)) - raft.server.snapshot.retention.file.num = -1 (default)
2022-03-01 02:07:27,115 [pool-177-thread-1] INFO  server.RaftServerConfigKeys (ConfUtils.java:logGet(44)) - raft.server.log.purge.upto.snapshot.index = false (default)
2022-03-01 02:07:27,115 [pool-177-thread-1] INFO  server.RaftServerConfigKeys (ConfUtils.java:logGet(44)) - raft.server.retrycache.expirytime = 60000ms (default)
2022-03-01 02:07:27,115 [pool-177-thread-1] INFO  server.RaftServerConfigKeys (ConfUtils.java:logGet(44)) - raft.server.retrycache.statistics.expirytime = 100μs (default)
2022-03-01 02:07:27,116 [Listener at 127.0.0.1/43841] INFO  ha.SCMSnapshotProvider (SCMSnapshotProvider.java:<init>(66)) - Initializing SCM Snapshot Provider
2022-03-01 02:07:27,117 [Listener at 127.0.0.1/43841] WARN  server.ServerUtils (ServerUtils.java:getDefaultRatisDirectory(237)) - Storage directory for Ratis is not configured. It is a good idea to map this to an SSD disk. Falling back to ozone.metadata.dirs
2022-03-01 02:07:27,117 [Listener at 127.0.0.1/43841] WARN  ha.SCMHAUtils (SCMHAUtils.java:getSCMRatisSnapshotDirectory(151)) - SCM snapshot dir is not configured. Falling back to ozone.metadata.dirs config
2022-03-01 02:07:27,118 [Listener at 127.0.0.1/43841] INFO  ha.SequenceIdGenerator (SequenceIdGenerator.java:upgradeToSequenceId(347)) - upgrade localId to 109611004723200000
2022-03-01 02:07:27,119 [Listener at 127.0.0.1/43841] INFO  ha.SequenceIdGenerator (SequenceIdGenerator.java:upgradeToSequenceId(357)) - upgrade delTxnId to 0
2022-03-01 02:07:27,119 [Listener at 127.0.0.1/43841] INFO  ha.SequenceIdGenerator (SequenceIdGenerator.java:upgradeToSequenceId(371)) - upgrade containerId to 0
2022-03-01 02:07:27,119 [Listener at 127.0.0.1/43841] INFO  ha.SequenceIdGenerator (SequenceIdGenerator.java:<init>(218)) - Init the HA SequenceIdGenerator.
2022-03-01 02:07:27,121 [Listener at 127.0.0.1/43841] WARN  server.ServerUtils (ServerUtils.java:sanitizeUserArgs(73)) - ozone.scm.stale.node.interval value = 300000 is larger than max = 100000 based on the key value of ozone.scm.heartbeat.thread.interval, reset to the max value 100000.
2022-03-01 02:07:27,122 [Listener at 127.0.0.1/43841] WARN  server.ServerUtils (ServerUtils.java:sanitizeUserArgs(73)) - ozone.scm.stale.node.interval value = 300000 is larger than max = 100000 based on the key value of ozone.scm.heartbeat.thread.interval, reset to the max value 100000.
2022-03-01 02:07:27,127 [Listener at 127.0.0.1/43841] INFO  node.SCMNodeManager (SCMNodeManager.java:<init>(144)) - Entering startup safe mode.
2022-03-01 02:07:27,128 [Listener at 127.0.0.1/43841] INFO  algorithms.ContainerPlacementPolicyFactory (ContainerPlacementPolicyFactory.java:getPolicy(60)) - Create container placement policy of type org.apache.hadoop.hdds.scm.container.placement.algorithms.SCMContainerPlacementRandom
2022-03-01 02:07:27,128 [Listener at 127.0.0.1/43841] INFO  pipeline.PipelineStateManagerImpl (PipelineStateManagerImpl.java:initialize(78)) - No pipeline exists in current db
2022-03-01 02:07:27,139 [Listener at 127.0.0.1/43841] INFO  algorithms.LeaderChoosePolicyFactory (LeaderChoosePolicyFactory.java:getPolicy(57)) - Create leader choose policy of type org.apache.hadoop.hdds.scm.pipeline.leader.choose.algorithms.MinLeaderCountChoosePolicy
2022-03-01 02:07:27,140 [Listener at 127.0.0.1/43841] INFO  ha.SCMServiceManager (SCMServiceManager.java:register(42)) - Registering service BackgroundPipelineCreator.
2022-03-01 02:07:27,140 [Listener at 127.0.0.1/43841] INFO  pipeline.BackgroundPipelineCreator (BackgroundPipelineCreator.java:start(130)) - Starting RatisPipelineUtilsThread.
2022-03-01 02:07:27,151 [Listener at 127.0.0.1/43841] INFO  algorithms.PipelineChoosePolicyFactory (PipelineChoosePolicyFactory.java:createPipelineChoosePolicyFromClass(73)) - Create pipeline choose policy of type org.apache.hadoop.hdds.scm.pipeline.choose.algorithms.RandomPipelineChoosePolicy
2022-03-01 02:07:27,151 [Listener at 127.0.0.1/43841] INFO  ha.SCMServiceManager (SCMServiceManager.java:register(42)) - Registering service SCMBlockDeletingService.
2022-03-01 02:07:27,152 [Listener at 127.0.0.1/43841] INFO  ha.SCMServiceManager (SCMServiceManager.java:register(42)) - Registering service ReplicationManager.
2022-03-01 02:07:27,152 [Listener at 127.0.0.1/43841] INFO  container.ReplicationManager (ReplicationManager.java:start(326)) - Starting Replication Monitor Thread.
2022-03-01 02:07:27,153 [Listener at 127.0.0.1/43841] INFO  safemode.ContainerSafeModeRule (ContainerSafeModeRule.java:<init>(89)) - containers with one replica threshold count 0
2022-03-01 02:07:27,153 [Listener at 127.0.0.1/43841] INFO  safemode.HealthyPipelineSafeModeRule (HealthyPipelineSafeModeRule.java:initializeRule(156)) - Total pipeline count is 0, healthy pipeline threshold count is 1
2022-03-01 02:07:27,154 [Listener at 127.0.0.1/43841] INFO  safemode.OneReplicaPipelineSafeModeRule (OneReplicaPipelineSafeModeRule.java:initializeRule(180)) - Total pipeline count is 0, pipeline's with at least one datanode reported threshold count is 0
2022-03-01 02:07:27,163 [Listener at 127.0.0.1/43841] INFO  ipc.CallQueueManager (CallQueueManager.java:<init>(90)) - Using callQueue: class java.util.concurrent.LinkedBlockingQueue, queueCapacity: 2000, scheduler: class org.apache.hadoop.ipc.DefaultRpcScheduler, ipcBackoff: false.
2022-03-01 02:07:27,175 [ReplicationMonitor] INFO  container.ReplicationManager (ReplicationManager.java:processAll(374)) - Replication Manager is not ready to run until 3000ms after safemode exit
2022-03-01 02:07:27,191 [Socket Reader #1 for port 0] INFO  ipc.Server (Server.java:run(1265)) - Starting Socket Reader #1 for port 0
2022-03-01 02:07:27,200 [Listener at 0.0.0.0/42827] INFO  ipc.CallQueueManager (CallQueueManager.java:<init>(90)) - Using callQueue: class java.util.concurrent.LinkedBlockingQueue, queueCapacity: 2000, scheduler: class org.apache.hadoop.ipc.DefaultRpcScheduler, ipcBackoff: false.
2022-03-01 02:07:27,207 [Socket Reader #1 for port 0] INFO  ipc.Server (Server.java:run(1265)) - Starting Socket Reader #1 for port 0
2022-03-01 02:07:27,232 [Listener at 0.0.0.0/35757] INFO  ipc.CallQueueManager (CallQueueManager.java:<init>(90)) - Using callQueue: class java.util.concurrent.LinkedBlockingQueue, queueCapacity: 2000, scheduler: class org.apache.hadoop.ipc.DefaultRpcScheduler, ipcBackoff: false.
2022-03-01 02:07:27,239 [Socket Reader #1 for port 0] INFO  ipc.Server (Server.java:run(1265)) - Starting Socket Reader #1 for port 0
2022-03-01 02:07:27,281 [Listener at 0.0.0.0/38703] INFO  algorithms.ContainerPlacementPolicyFactory (ContainerPlacementPolicyFactory.java:getPolicy(60)) - Create container placement policy of type org.apache.hadoop.hdds.scm.container.placement.algorithms.SCMContainerPlacementRandom
2022-03-01 02:07:27,282 [Listener at 0.0.0.0/38703] INFO  server.StorageContainerManager (StorageContainerManager.java:<init>(392)) - 
Container Balancer status:
Key                            Value
Running                        false
Container Balancer Configuration values:
Key                                                Value
Threshold                                          10
Max Datanodes to Involve per Iteration(percent)    20
Max Size to Move per Iteration                     500GB
Max Size Entering Target per Iteration             26GB
Max Size Leaving Source per Iteration              26GB

2022-03-01 02:07:27,282 [Listener at 0.0.0.0/38703] WARN  events.EventQueue (EventQueue.java:fireEvent(194)) - No event handler registered for event TypedEvent{payloadType=SafeModeStatus, name='Safe mode status'}
2022-03-01 02:07:27,282 [Listener at 0.0.0.0/38703] INFO  ha.SCMContext (SCMContext.java:updateSafeModeStatus(211)) - Update SafeModeStatus from SafeModeStatus{safeModeStatus=true, preCheckPassed=false} to SafeModeStatus{safeModeStatus=true, preCheckPassed=false}.
2022-03-01 02:07:27,283 [Listener at 0.0.0.0/38703] INFO  server.StorageContainerManager (StorageContainerManager.java:start(1330)) - StorageContainerLocationProtocol RPC server is listening at /0.0.0.0:38703
2022-03-01 02:07:27,283 [Listener at 0.0.0.0/38703] INFO  ha.SCMRatisServerImpl (SCMRatisServerImpl.java:start(177)) - starting ratis server 0.0.0.0:9894
2022-03-01 02:07:27,287 [Listener at 0.0.0.0/38703] INFO  server.RaftServer$Division (RaftServerImpl.java:start(301)) - 09878d1a-377f-423d-a37c-738af89666e1@group-815572BB5A66: start as a follower, conf=0: [09878d1a-377f-423d-a37c-738af89666e1|rpc:fv-az294-952:9894|admin:|client:|dataStream:|priority:0], old=null
2022-03-01 02:07:27,287 [Listener at 0.0.0.0/38703] INFO  server.RaftServer$Division (RaftServerImpl.java:setRole(290)) - 09878d1a-377f-423d-a37c-738af89666e1@group-815572BB5A66: changes role from      null to FOLLOWER at term 1 for startAsFollower
2022-03-01 02:07:27,288 [Listener at 0.0.0.0/38703] INFO  impl.RoleInfo (RoleInfo.java:updateAndGet(130)) - 09878d1a-377f-423d-a37c-738af89666e1: start 09878d1a-377f-423d-a37c-738af89666e1@group-815572BB5A66-FollowerState
2022-03-01 02:07:27,295 [Listener at 0.0.0.0/38703] INFO  util.JmxRegister (JmxRegister.java:tryRegister(44)) - Successfully registered JMX Bean with object name Ratis:service=RaftServer,group=group-815572BB5A66,id=09878d1a-377f-423d-a37c-738af89666e1
2022-03-01 02:07:27,296 [Listener at 0.0.0.0/38703] INFO  server.RaftServer (RaftServerProxy.java:lambda$start$5(374)) - 09878d1a-377f-423d-a37c-738af89666e1: start RPC server
2022-03-01 02:07:27,296 [Listener at 0.0.0.0/38703] INFO  server.GrpcService (GrpcService.java:startImpl(253)) - 09878d1a-377f-423d-a37c-738af89666e1: GrpcService started, listening on 9894
2022-03-01 02:07:27,303 [Listener at 0.0.0.0/38703] INFO  ha.SCMHAManagerImpl (SCMHAManagerImpl.java:start(121)) -  scm role is FOLLOWER peers [09878d1a-377f-423d-a37c-738af89666e1|rpc:fv-az294-952:9894|admin:|client:|dataStream:|priority:0]
2022-03-01 02:07:27,303 [Listener at 0.0.0.0/38703] INFO  ha.InterSCMGrpcService (InterSCMGrpcProtocolService.java:start(94)) - Starting SCM Grpc Service at port 9895
2022-03-01 02:07:27,306 [Listener at 0.0.0.0/38703] WARN  impl.MetricsConfig (MetricsConfig.java:loadFirst(136)) - Cannot locate configuration: tried hadoop-metrics2-storagecontainermanager.properties,hadoop-metrics2.properties
2022-03-01 02:07:27,310 [org.apache.ratis.util.JvmPauseMonitor$$Lambda$421/1299661385@afe95ab] INFO  util.JvmPauseMonitor (JvmPauseMonitor.java:run(103)) - JvmPauseMonitor-09878d1a-377f-423d-a37c-738af89666e1: Started
2022-03-01 02:07:27,316 [Listener at 0.0.0.0/38703] INFO  impl.MetricsSystemImpl (MetricsSystemImpl.java:startTimer(378)) - Scheduled Metric snapshot period at 10 second(s).
2022-03-01 02:07:27,316 [Listener at 0.0.0.0/38703] INFO  impl.MetricsSystemImpl (MetricsSystemImpl.java:start(191)) - StorageContainerManager metrics system started
2022-03-01 02:07:27,363 [Listener at 0.0.0.0/38703] INFO  impl.MetricsSinkAdapter (MetricsSinkAdapter.java:start(204)) - Sink prometheus started
2022-03-01 02:07:27,368 [Listener at 0.0.0.0/38703] INFO  impl.MetricsSystemImpl (MetricsSystemImpl.java:registerSink(305)) - Registered sink prometheus
2022-03-01 02:07:27,412 [Listener at 0.0.0.0/38703] INFO  server.SCMClientProtocolServer (SCMClientProtocolServer.java:start(165)) - RPC server for Client  is listening at /0.0.0.0:38703
2022-03-01 02:07:27,425 [IPC Server Responder] INFO  ipc.Server (Server.java:run(1507)) - IPC Server Responder: starting
2022-03-01 02:07:27,439 [IPC Server listener on 0] INFO  ipc.Server (Server.java:run(1344)) - IPC Server listener on 0: starting
2022-03-01 02:07:27,504 [Listener at 0.0.0.0/38703] INFO  server.StorageContainerManager (StorageContainerManager.java:start(1345)) - ScmBlockLocationProtocol RPC server is listening at /0.0.0.0:35757
2022-03-01 02:07:27,505 [Listener at 0.0.0.0/38703] INFO  server.SCMBlockProtocolServer (SCMBlockProtocolServer.java:start(151)) - RPC server for Block Protocol is listening at /0.0.0.0:35757
2022-03-01 02:07:27,507 [IPC Server Responder] INFO  ipc.Server (Server.java:run(1507)) - IPC Server Responder: starting
2022-03-01 02:07:27,507 [IPC Server listener on 0] INFO  ipc.Server (Server.java:run(1344)) - IPC Server listener on 0: starting
2022-03-01 02:07:27,520 [Listener at 0.0.0.0/38703] INFO  http.BaseHttpServer (BaseHttpServer.java:newHttpServer2BuilderForOzone(209)) - Starting Web-server for scm at: http://0.0.0.0:0
2022-03-01 02:07:27,520 [Listener at 0.0.0.0/38703] INFO  http.BaseHttpServer (BaseHttpServer.java:<init>(107)) - Hadoop Security Enabled: false Ozone Security Enabled: false Ozone HTTP Security Enabled: false 
2022-03-01 02:07:27,522 [Listener at 0.0.0.0/38703] INFO  server.AuthenticationFilter (AuthenticationFilter.java:constructSecretProvider(240)) - Unable to initialize FileSignerSecretProvider, falling back to use random secrets.
2022-03-01 02:07:27,523 [Listener at 0.0.0.0/38703] WARN  http.HttpRequestLog (HttpRequestLog.java:getRequestLog(103)) - Jetty request log can only be enabled using Log4j
2022-03-01 02:07:27,524 [Listener at 0.0.0.0/38703] INFO  http.HttpServer2 (HttpServer2.java:addGlobalFilter(1030)) - Added global filter 'safety' (class=org.apache.hadoop.hdds.server.http.HttpServer2$QuotingInputFilter)
2022-03-01 02:07:27,528 [Listener at 0.0.0.0/38703] INFO  http.HttpServer2 (HttpServer2.java:addFilter(1006)) - Added filter static_user_filter (class=org.apache.hadoop.http.lib.StaticUserWebFilter$StaticUserFilter) to context scm
2022-03-01 02:07:27,528 [Listener at 0.0.0.0/38703] INFO  http.HttpServer2 (HttpServer2.java:addFilter(1014)) - Added filter static_user_filter (class=org.apache.hadoop.http.lib.StaticUserWebFilter$StaticUserFilter) to context static
2022-03-01 02:07:27,528 [Listener at 0.0.0.0/38703] INFO  http.HttpServer2 (HttpServer2.java:addFilter(1014)) - Added filter static_user_filter (class=org.apache.hadoop.http.lib.StaticUserWebFilter$StaticUserFilter) to context logs
2022-03-01 02:07:27,529 [Listener at 0.0.0.0/38703] INFO  http.HttpServer2 (HttpServer2.java:bindListener(1249)) - Jetty bound to port 44275
2022-03-01 02:07:27,529 [Listener at 0.0.0.0/38703] INFO  server.Server (Server.java:doStart(375)) - jetty-9.4.43.v20210629; built: 2021-06-30T11:07:22.254Z; git: 526006ecfa3af7f1a27ef3a288e2bef7ea9dd7e8; jvm 1.8.0_322-b06
2022-03-01 02:07:27,531 [Listener at 0.0.0.0/38703] INFO  server.session (DefaultSessionIdManager.java:doStart(334)) - DefaultSessionIdManager workerName=node0
2022-03-01 02:07:27,531 [Listener at 0.0.0.0/38703] INFO  server.session (DefaultSessionIdManager.java:doStart(339)) - No SessionScavenger set, using defaults
2022-03-01 02:07:27,532 [Listener at 0.0.0.0/38703] INFO  server.session (HouseKeeper.java:startScavenging(132)) - node0 Scavenging every 600000ms
2022-03-01 02:07:27,532 [Listener at 0.0.0.0/38703] INFO  handler.ContextHandler (ContextHandler.java:doStart(915)) - Started o.e.j.s.ServletContextHandler@5bb060b1{logs,/logs,file:///home/runner/work/ozone/ozone/hadoop-ozone/integration-test/target/log,AVAILABLE}
2022-03-01 02:07:27,533 [Listener at 0.0.0.0/38703] INFO  handler.ContextHandler (ContextHandler.java:doStart(915)) - Started o.e.j.s.ServletContextHandler@6ed36c43{static,/static,file:///home/runner/work/ozone/ozone/hadoop-ozone/integration-test/target/test-classes/webapps/static,AVAILABLE}
2022-03-01 02:07:27,539 [Listener at 0.0.0.0/38703] INFO  handler.ContextHandler (ContextHandler.java:doStart(915)) - Started o.e.j.w.WebAppContext@4b6af917{scm,/,file:///home/runner/work/ozone/ozone/hadoop-ozone/integration-test/target/test-classes/webapps/scm/,AVAILABLE}{file:/home/runner/work/ozone/ozone/hadoop-ozone/integration-test/target/test-classes/webapps/scm}
2022-03-01 02:07:27,551 [org.apache.hadoop.util.JvmPauseMonitor$Monitor@69881b72] INFO  util.JvmPauseMonitor (JvmPauseMonitor.java:run(188)) - Starting JVM pause monitor
2022-03-01 02:07:27,552 [Listener at 0.0.0.0/38703] INFO  server.AbstractConnector (AbstractConnector.java:doStart(331)) - Started ServerConnector@13cea3d9{HTTP/1.1, (http/1.1)}{0.0.0.0:44275}
2022-03-01 02:07:27,552 [Listener at 0.0.0.0/38703] INFO  server.Server (Server.java:doStart(415)) - Started @67788ms
2022-03-01 02:07:27,552 [Listener at 0.0.0.0/38703] WARN  impl.MetricsSystemImpl (MetricsSystemImpl.java:register(279)) - Sink prometheus already exists!
2022-03-01 02:07:27,553 [Listener at 0.0.0.0/38703] INFO  http.BaseHttpServer (BaseHttpServer.java:updateConnectorAddress(329)) - HTTP server of scm listening at http://0.0.0.0:44275
2022-03-01 02:07:27,553 [Listener at 0.0.0.0/38703] WARN  server.ServerUtils (ServerUtils.java:getDBPath(225)) - ozone.om.db.dirs is not configured. We recommend adding this setting. Falling back to ozone.metadata.dirs instead.
2022-03-01 02:07:27,554 [Listener at 0.0.0.0/38703] INFO  ha.OMHANodeDetails (OMHANodeDetails.java:loadOMHAConfig(112)) - ozone.om.internal.service.id is not defined, falling back to ozone.om.service.ids to find serviceID for OzoneManager if it is HA enabled cluster
2022-03-01 02:07:27,555 [Listener at 0.0.0.0/38703] INFO  ha.OMHANodeDetails (OMHANodeDetails.java:loadOMHAConfig(218)) - Configuration does not have ozone.om.address set. Falling back to the default OM address /127.0.0.1:0
2022-03-01 02:07:27,555 [Listener at 0.0.0.0/38703] INFO  ha.OMHANodeDetails (OMHANodeDetails.java:getOMNodeDetailsForNonHA(246)) - OM Service ID is not set. Setting it to the default ID: omServiceIdDefault
2022-03-01 02:07:27,555 [Listener at 0.0.0.0/38703] INFO  ha.OMHANodeDetails (OMHANodeDetails.java:getOMNodeDetailsForNonHA(253)) - OM Node ID is not set. Setting it to the default ID: om1
2022-03-01 02:07:27,555 [Listener at 0.0.0.0/38703] WARN  server.ServerUtils (ServerUtils.java:getDBPath(225)) - ozone.om.db.dirs is not configured. We recommend adding this setting. Falling back to ozone.metadata.dirs instead.
2022-03-01 02:07:27,555 [Listener at 0.0.0.0/38703] INFO  upgrade.AbstractLayoutVersionManager (AbstractLayoutVersionManager.java:init(79)) - Initializing Layout version manager with metadata layout = INITIAL_VERSION (version = 0), software layout = INITIAL_VERSION (version = 0)
2022-03-01 02:07:27,651 [Listener at 0.0.0.0/38703] INFO  reflections.Reflections (Reflections.java:scan(232)) - Reflections took 95 ms to scan 2 urls, producing 134 keys and 349 values [using 2 cores]
2022-03-01 02:07:27,651 [Listener at 0.0.0.0/38703] INFO  upgrade.OMLayoutVersionManager (OMLayoutVersionManager.java:lambda$0(115)) - Skipping Upgrade Action MockOmUpgradeAction since it has been finalized.
2022-03-01 02:07:27,652 [Listener at 0.0.0.0/38703] WARN  server.ServerUtils (ServerUtils.java:getDBPath(225)) - ozone.om.db.dirs is not configured. We recommend adding this setting. Falling back to ozone.metadata.dirs instead.
2022-03-01 02:07:29,695 [Listener at 0.0.0.0/38703] INFO  retry.RetryInvocationHandler (RetryInvocationHandler.java:log(411)) - com.google.protobuf.ServiceException: org.apache.hadoop.ipc.RemoteException(org.apache.hadoop.hdds.ratis.ServerNotLeaderException): Server:09878d1a-377f-423d-a37c-738af89666e1 is not the leader. Could not determine the leader node.
	at org.apache.hadoop.hdds.ratis.ServerNotLeaderException.convertToNotLeaderException(ServerNotLeaderException.java:109)
	at org.apache.hadoop.hdds.scm.ha.RatisUtil.checkRatisException(RatisUtil.java:246)
	at org.apache.hadoop.hdds.scm.protocol.ScmBlockLocationProtocolServerSideTranslatorPB.send(ScmBlockLocationProtocolServerSideTranslatorPB.java:108)
	at org.apache.hadoop.hdds.protocol.proto.ScmBlockLocationProtocolProtos$ScmBlockLocationProtocolService$2.callBlockingMethod(ScmBlockLocationProtocolProtos.java:13937)
	at org.apache.hadoop.ipc.ProtobufRpcEngine$Server.processCall(ProtobufRpcEngine.java:466)
	at org.apache.hadoop.ipc.ProtobufRpcEngine2$Server$ProtoBufRpcInvoker.call(ProtobufRpcEngine2.java:574)
	at org.apache.hadoop.ipc.ProtobufRpcEngine2$Server$ProtoBufRpcInvoker.call(ProtobufRpcEngine2.java:552)
	at org.apache.hadoop.ipc.RPC$Server.call(RPC.java:1093)
	at org.apache.hadoop.ipc.Server$RpcCall.run(Server.java:1035)
	at org.apache.hadoop.ipc.Server$RpcCall.run(Server.java:963)
	at java.security.AccessController.doPrivileged(Native Method)
	at javax.security.auth.Subject.doAs(Subject.java:422)
	at org.apache.hadoop.security.UserGroupInformation.doAs(UserGroupInformation.java:1878)
	at org.apache.hadoop.ipc.Server$Handler.run(Server.java:2966)
, while invoking $Proxy46.send over nodeId=scmNodeId,nodeAddress=/0.0.0.0:35757 after 1 failover attempts. Trying to failover after sleeping for 2000ms.
2022-03-01 02:07:31,698 [Listener at 0.0.0.0/38703] INFO  retry.RetryInvocationHandler (RetryInvocationHandler.java:log(411)) - com.google.protobuf.ServiceException: org.apache.hadoop.ipc.RemoteException(org.apache.hadoop.hdds.ratis.ServerNotLeaderException): Server:09878d1a-377f-423d-a37c-738af89666e1 is not the leader. Could not determine the leader node.
	at org.apache.hadoop.hdds.ratis.ServerNotLeaderException.convertToNotLeaderException(ServerNotLeaderException.java:109)
	at org.apache.hadoop.hdds.scm.ha.RatisUtil.checkRatisException(RatisUtil.java:246)
	at org.apache.hadoop.hdds.scm.protocol.ScmBlockLocationProtocolServerSideTranslatorPB.send(ScmBlockLocationProtocolServerSideTranslatorPB.java:108)
	at org.apache.hadoop.hdds.protocol.proto.ScmBlockLocationProtocolProtos$ScmBlockLocationProtocolService$2.callBlockingMethod(ScmBlockLocationProtocolProtos.java:13937)
	at org.apache.hadoop.ipc.ProtobufRpcEngine$Server.processCall(ProtobufRpcEngine.java:466)
	at org.apache.hadoop.ipc.ProtobufRpcEngine2$Server$ProtoBufRpcInvoker.call(ProtobufRpcEngine2.java:574)
	at org.apache.hadoop.ipc.ProtobufRpcEngine2$Server$ProtoBufRpcInvoker.call(ProtobufRpcEngine2.java:552)
	at org.apache.hadoop.ipc.RPC$Server.call(RPC.java:1093)
	at org.apache.hadoop.ipc.Server$RpcCall.run(Server.java:1035)
	at org.apache.hadoop.ipc.Server$RpcCall.run(Server.java:963)
	at java.security.AccessController.doPrivileged(Native Method)
	at javax.security.auth.Subject.doAs(Subject.java:422)
	at org.apache.hadoop.security.UserGroupInformation.doAs(UserGroupInformation.java:1878)
	at org.apache.hadoop.ipc.Server$Handler.run(Server.java:2966)
, while invoking $Proxy46.send over nodeId=scmNodeId,nodeAddress=/0.0.0.0:35757 after 2 failover attempts. Trying to failover after sleeping for 2000ms.
2022-03-01 02:07:32,365 [09878d1a-377f-423d-a37c-738af89666e1@group-815572BB5A66-FollowerState] INFO  impl.FollowerState (FollowerState.java:run(134)) - 09878d1a-377f-423d-a37c-738af89666e1@group-815572BB5A66-FollowerState: change to CANDIDATE, lastRpcElapsedTime:5077018001ns, electionTimeout:5069ms
2022-03-01 02:07:32,366 [09878d1a-377f-423d-a37c-738af89666e1@group-815572BB5A66-FollowerState] INFO  impl.RoleInfo (RoleInfo.java:shutdownFollowerState(108)) - 09878d1a-377f-423d-a37c-738af89666e1: shutdown 09878d1a-377f-423d-a37c-738af89666e1@group-815572BB5A66-FollowerState
2022-03-01 02:07:32,366 [09878d1a-377f-423d-a37c-738af89666e1@group-815572BB5A66-FollowerState] INFO  server.RaftServer$Division (RaftServerImpl.java:setRole(290)) - 09878d1a-377f-423d-a37c-738af89666e1@group-815572BB5A66: changes role from  FOLLOWER to CANDIDATE at term 1 for changeToCandidate
2022-03-01 02:07:32,366 [09878d1a-377f-423d-a37c-738af89666e1@group-815572BB5A66-FollowerState] INFO  server.RaftServerConfigKeys (ConfUtils.java:logGet(44)) - raft.server.leaderelection.pre-vote = false (custom)
2022-03-01 02:07:32,366 [09878d1a-377f-423d-a37c-738af89666e1@group-815572BB5A66-FollowerState] INFO  impl.RoleInfo (RoleInfo.java:updateAndGet(130)) - 09878d1a-377f-423d-a37c-738af89666e1: start 09878d1a-377f-423d-a37c-738af89666e1@group-815572BB5A66-LeaderElection19
2022-03-01 02:07:32,388 [09878d1a-377f-423d-a37c-738af89666e1@group-815572BB5A66-LeaderElection19] INFO  impl.LeaderElection (LeaderElection.java:askForVotes(306)) - 09878d1a-377f-423d-a37c-738af89666e1@group-815572BB5A66-LeaderElection19 ELECTION round 0: submit vote requests at term 2 for 0: [09878d1a-377f-423d-a37c-738af89666e1|rpc:fv-az294-952:9894|admin:|client:|dataStream:|priority:0], old=null
2022-03-01 02:07:32,392 [09878d1a-377f-423d-a37c-738af89666e1@group-815572BB5A66-LeaderElection19] INFO  impl.LeaderElection (LeaderElection.java:askForVotes(308)) - 09878d1a-377f-423d-a37c-738af89666e1@group-815572BB5A66-LeaderElection19 ELECTION round 0: result PASSED (term=2)
2022-03-01 02:07:32,392 [09878d1a-377f-423d-a37c-738af89666e1@group-815572BB5A66-LeaderElection19] INFO  impl.RoleInfo (RoleInfo.java:shutdownLeaderElection(121)) - 09878d1a-377f-423d-a37c-738af89666e1: shutdown 09878d1a-377f-423d-a37c-738af89666e1@group-815572BB5A66-LeaderElection19
2022-03-01 02:07:32,392 [09878d1a-377f-423d-a37c-738af89666e1@group-815572BB5A66-LeaderElection19] INFO  server.RaftServer$Division (RaftServerImpl.java:setRole(290)) - 09878d1a-377f-423d-a37c-738af89666e1@group-815572BB5A66: changes role from CANDIDATE to LEADER at term 2 for changeToLeader
2022-03-01 02:07:32,392 [09878d1a-377f-423d-a37c-738af89666e1@group-815572BB5A66-LeaderElection19] INFO  ha.SCMStateMachine (SCMStateMachine.java:notifyLeaderChanged(259)) - current SCM becomes leader of term 2.
2022-03-01 02:07:32,392 [09878d1a-377f-423d-a37c-738af89666e1@group-815572BB5A66-LeaderElection19] INFO  ha.SCMContext (SCMContext.java:updateLeaderAndTerm(90)) - update <isLeader,term> from <false,0> to <true,2>
2022-03-01 02:07:32,392 [09878d1a-377f-423d-a37c-738af89666e1@group-815572BB5A66-LeaderElection19] INFO  server.RaftServer$Division (ServerState.java:setLeader(285)) - 09878d1a-377f-423d-a37c-738af89666e1@group-815572BB5A66: change Leader from null to 09878d1a-377f-423d-a37c-738af89666e1 at term 2 for becomeLeader, leader elected after 5292ms
2022-03-01 02:07:32,392 [09878d1a-377f-423d-a37c-738af89666e1@group-815572BB5A66-LeaderElection19] INFO  server.RaftServerConfigKeys (ConfUtils.java:logGet(44)) - raft.server.staging.catchup.gap = 1000 (default)
2022-03-01 02:07:32,393 [09878d1a-377f-423d-a37c-738af89666e1@group-815572BB5A66-LeaderElection19] INFO  server.RaftServerConfigKeys (ConfUtils.java:logGet(44)) - raft.server.write.element-limit = 4096 (default)
2022-03-01 02:07:32,393 [09878d1a-377f-423d-a37c-738af89666e1@group-815572BB5A66-LeaderElection19] INFO  server.RaftServerConfigKeys (ConfUtils.java:logGet(44)) - raft.server.write.byte-limit = 64MB (=67108864) (default)
2022-03-01 02:07:32,393 [09878d1a-377f-423d-a37c-738af89666e1@group-815572BB5A66-LeaderElection19] INFO  server.RaftServerConfigKeys (ConfUtils.java:logGet(44)) - raft.server.watch.timeout = 10s (default)
2022-03-01 02:07:32,393 [09878d1a-377f-423d-a37c-738af89666e1@group-815572BB5A66-LeaderElection19] INFO  server.RaftServerConfigKeys (ConfUtils.java:logGet(44)) - raft.server.watch.timeout.denomination = 1s (default)
2022-03-01 02:07:32,393 [09878d1a-377f-423d-a37c-738af89666e1@group-815572BB5A66-LeaderElection19] INFO  server.RaftServerConfigKeys (ConfUtils.java:logGet(44)) - raft.server.watch.element-limit = 65536 (default)
2022-03-01 02:07:32,393 [09878d1a-377f-423d-a37c-738af89666e1@group-815572BB5A66-LeaderElection19] INFO  server.RaftServerConfigKeys (ConfUtils.java:logGet(44)) - raft.server.write.element-limit = 4096 (default)
2022-03-01 02:07:32,393 [09878d1a-377f-423d-a37c-738af89666e1@group-815572BB5A66-LeaderElection19] INFO  server.RaftServerConfigKeys (ConfUtils.java:logGet(44)) - raft.server.write.follower.gap.ratio.max = -1.0 (default)
2022-03-01 02:07:32,393 [09878d1a-377f-423d-a37c-738af89666e1@group-815572BB5A66-LeaderElection19] INFO  impl.RoleInfo (RoleInfo.java:updateAndGet(130)) - 09878d1a-377f-423d-a37c-738af89666e1: start 09878d1a-377f-423d-a37c-738af89666e1@group-815572BB5A66-LeaderStateImpl
2022-03-01 02:07:32,394 [09878d1a-377f-423d-a37c-738af89666e1@group-815572BB5A66-LeaderElection19] INFO  segmented.SegmentedRaftLogWorker (SegmentedRaftLogWorker.java:rollLogSegment(399)) - 09878d1a-377f-423d-a37c-738af89666e1@group-815572BB5A66-SegmentedRaftLogWorker: Rolling segment log-0_0 to index:0
2022-03-01 02:07:32,408 [09878d1a-377f-423d-a37c-738af89666e1@group-815572BB5A66-SegmentedRaftLogWorker] INFO  segmented.SegmentedRaftLogWorker (SegmentedRaftLogWorker.java:execute(558)) - 09878d1a-377f-423d-a37c-738af89666e1@group-815572BB5A66-SegmentedRaftLogWorker: Rolled log segment from /home/runner/work/ozone/ozone/hadoop-ozone/integration-test/target/test-dir/MiniOzoneClusterImpl-434b3942-5fee-4696-bdff-815572bb5a66/ozone-meta/scm-ha/434b3942-5fee-4696-bdff-815572bb5a66/current/log_inprogress_0 to /home/runner/work/ozone/ozone/hadoop-ozone/integration-test/target/test-dir/MiniOzoneClusterImpl-434b3942-5fee-4696-bdff-815572bb5a66/ozone-meta/scm-ha/434b3942-5fee-4696-bdff-815572bb5a66/current/log_0-0
2022-03-01 02:07:32,411 [09878d1a-377f-423d-a37c-738af89666e1@group-815572BB5A66-LeaderElection19] INFO  server.RaftServer$Division (ServerState.java:setRaftConf(387)) - 09878d1a-377f-423d-a37c-738af89666e1@group-815572BB5A66: set configuration 1: [09878d1a-377f-423d-a37c-738af89666e1|rpc:fv-az294-952:9894|admin:|client:|dataStream:|priority:0], old=null
2022-03-01 02:07:32,426 [09878d1a-377f-423d-a37c-738af89666e1@group-815572BB5A66-SegmentedRaftLogWorker] INFO  segmented.SegmentedRaftLogWorker (SegmentedRaftLogWorker.java:execute(601)) - 09878d1a-377f-423d-a37c-738af89666e1@group-815572BB5A66-SegmentedRaftLogWorker: created new log segment /home/runner/work/ozone/ozone/hadoop-ozone/integration-test/target/test-dir/MiniOzoneClusterImpl-434b3942-5fee-4696-bdff-815572bb5a66/ozone-meta/scm-ha/434b3942-5fee-4696-bdff-815572bb5a66/current/log_inprogress_1
2022-03-01 02:07:32,429 [09878d1a-377f-423d-a37c-738af89666e1@group-815572BB5A66-StateMachineUpdater] INFO  ha.SCMContext (SCMContext.java:setLeaderReady(117)) - update <isLeaderReady> from <false> to <true>
2022-03-01 02:07:32,430 [09878d1a-377f-423d-a37c-738af89666e1@group-815572BB5A66-StateMachineUpdater] INFO  pipeline.BackgroundPipelineCreator (BackgroundPipelineCreator.java:notifyStatusChanged(264)) - Service BackgroundPipelineCreator transitions to RUNNING.
2022-03-01 02:07:32,431 [09878d1a-377f-423d-a37c-738af89666e1@group-815572BB5A66-StateMachineUpdater] INFO  safemode.HealthyPipelineSafeModeRule (HealthyPipelineSafeModeRule.java:initializeRule(152)) - Refreshed total pipeline count is 0, healthy pipeline threshold count is 1
2022-03-01 02:07:32,431 [09878d1a-377f-423d-a37c-738af89666e1@group-815572BB5A66-StateMachineUpdater] INFO  safemode.ContainerSafeModeRule (ContainerSafeModeRule.java:reInitializeRule(177)) - Refreshed one replica container threshold 0, currentThreshold 0
2022-03-01 02:07:32,431 [09878d1a-377f-423d-a37c-738af89666e1@group-815572BB5A66-StateMachineUpdater] INFO  safemode.OneReplicaPipelineSafeModeRule (OneReplicaPipelineSafeModeRule.java:initializeRule(176)) - Refreshed Total pipeline count is 0, pipeline's with at least one datanode reported threshold count is 0
2022-03-01 02:07:32,431 [09878d1a-377f-423d-a37c-738af89666e1@group-815572BB5A66-StateMachineUpdater] INFO  server.SCMDatanodeProtocolServer (SCMDatanodeProtocolServer.java:start(181)) - ScmDatanodeProtocol RPC server for DataNodes is listening at /0.0.0.0:42827
2022-03-01 02:07:32,441 [IPC Server listener on 0] INFO  ipc.Server (Server.java:run(1344)) - IPC Server listener on 0: starting
2022-03-01 02:07:32,458 [IPC Server Responder] INFO  ipc.Server (Server.java:run(1507)) - IPC Server Responder: starting
2022-03-01 02:07:33,701 [Listener at 0.0.0.0/38703] WARN  server.ServerUtils (ServerUtils.java:getDBPath(225)) - ozone.om.db.dirs is not configured. We recommend adding this setting. Falling back to ozone.metadata.dirs instead.
2022-03-01 02:07:33,702 [Listener at 0.0.0.0/38703] INFO  codec.OmKeyInfoCodec (OmKeyInfoCodec.java:<init>(50)) - OmKeyInfoCodec ignorePipeline = true
2022-03-01 02:07:33,702 [Listener at 0.0.0.0/38703] INFO  codec.RepeatedOmKeyInfoCodec (RepeatedOmKeyInfoCodec.java:<init>(42)) - RepeatedOmKeyInfoCodec ignorePipeline = true
2022-03-01 02:07:33,930 [Listener at 0.0.0.0/38703] INFO  om.OzoneManager (OzoneManager.java:addS3GVolumeToDB(3732)) - Created Volume s3v With Owner runner required for S3Gateway operations.
2022-03-01 02:07:33,930 [Listener at 0.0.0.0/38703] WARN  server.ServerUtils (ServerUtils.java:getDefaultRatisDirectory(237)) - Storage directory for Ratis is not configured. It is a good idea to map this to an SSD disk. Falling back to ozone.metadata.dirs
2022-03-01 02:07:33,931 [Listener at 0.0.0.0/38703] WARN  utils.OzoneManagerRatisUtils (OzoneManagerRatisUtils.java:getOMRatisSnapshotDirectory(330)) - ozone.om.ratis.snapshot.dir is not configured. Falling back to ozone.metadata.dirs config
2022-03-01 02:07:33,931 [Listener at 0.0.0.0/38703] WARN  impl.MetricRegistriesImpl (MetricRegistriesImpl.java:addReporterRegistration(111)) - New reporters are added after registries were created. Some metrics will be missing from the reporter. Please add reporter before adding any new registry.
2022-03-01 02:07:33,935 [Listener at 0.0.0.0/38703] WARN  impl.MetricRegistriesImpl (MetricRegistriesImpl.java:addReporterRegistration(111)) - New reporters are added after registries were created. Some metrics will be missing from the reporter. Please add reporter before adding any new registry.
2022-03-01 02:07:33,935 [Listener at 0.0.0.0/38703] WARN  server.ServerUtils (ServerUtils.java:getDefaultRatisDirectory(237)) - Storage directory for Ratis is not configured. It is a good idea to map this to an SSD disk. Falling back to ozone.metadata.dirs
2022-03-01 02:07:33,937 [Listener at 0.0.0.0/38703] INFO  ratis.OzoneManagerRatisServer (OzoneManagerRatisServer.java:<init>(159)) - Instantiating OM Ratis server with groupID: omServiceIdDefault and peers: localhost:9872
2022-03-01 02:07:33,937 [Listener at 0.0.0.0/38703] INFO  ratis.OzoneManagerStateMachine (OzoneManagerStateMachine.java:loadSnapshotInfoFromDB(605)) - LastAppliedIndex is set from TransactionInfo from OM DB as (t:0, i:~)
2022-03-01 02:07:33,941 [Listener at 0.0.0.0/38703] INFO  server.RaftServer (ConfUtils.java:logGet(44)) - raft.rpc.type = GRPC (default)
2022-03-01 02:07:33,941 [Listener at 0.0.0.0/38703] INFO  grpc.GrpcFactory (GrpcFactory.java:checkPooledByteBufAllocatorUseCacheForAllThreads(48)) - PERFORMANCE WARNING: useCacheForAllThreads is true that may cause Netty to create a lot garbage objects and, as a result, trigger GC.
	It is recommended to disable useCacheForAllThreads by setting -Dorg.apache.ratis.thirdparty.io.netty.allocator.useCacheForAllThreads=false in command line.
2022-03-01 02:07:33,942 [Listener at 0.0.0.0/38703] INFO  grpc.GrpcConfigKeys (ConfUtils.java:logGet(44)) - raft.grpc.admin.port = -1 (default)
2022-03-01 02:07:33,942 [Listener at 0.0.0.0/38703] INFO  grpc.GrpcConfigKeys (ConfUtils.java:logGet(44)) - raft.grpc.server.port = 9872 (custom)
2022-03-01 02:07:33,942 [Listener at 0.0.0.0/38703] INFO  grpc.GrpcConfigKeys (ConfUtils.java:logGet(44)) - raft.grpc.client.port = -1 (default)
2022-03-01 02:07:33,942 [Listener at 0.0.0.0/38703] INFO  grpc.GrpcConfigKeys (ConfUtils.java:logGet(44)) - raft.grpc.server.port = 9872 (custom)
2022-03-01 02:07:33,942 [Listener at 0.0.0.0/38703] INFO  grpc.GrpcConfigKeys (ConfUtils.java:logGet(44)) - raft.grpc.server.port = 9872 (custom)
2022-03-01 02:07:33,942 [Listener at 0.0.0.0/38703] INFO  server.GrpcService (ConfUtils.java:logGet(44)) - raft.grpc.message.size.max = 33554432 (custom)
2022-03-01 02:07:33,942 [Listener at 0.0.0.0/38703] INFO  server.RaftServerConfigKeys (ConfUtils.java:logGet(44)) - raft.server.log.appender.buffer.byte-limit = 33554432 (custom)
2022-03-01 02:07:33,943 [Listener at 0.0.0.0/38703] INFO  server.GrpcService (ConfUtils.java:logGet(44)) - raft.grpc.flow.control.window = 1MB (=1048576) (default)
2022-03-01 02:07:33,943 [Listener at 0.0.0.0/38703] INFO  server.RaftServerConfigKeys (ConfUtils.java:logGet(44)) - raft.server.rpc.request.timeout = 3000ms (default)
2022-03-01 02:07:33,945 [Listener at 0.0.0.0/38703] INFO  impl.DataStreamServerImpl (ConfUtils.java:logGet(44)) - raft.datastream.type = DISABLED (default)
2022-03-01 02:07:33,945 [Listener at 0.0.0.0/38703] INFO  server.RaftServerConfigKeys (ConfUtils.java:logGet(44)) - raft.server.rpc.slowness.timeout = 120s (custom)
2022-03-01 02:07:33,945 [Listener at 0.0.0.0/38703] INFO  server.RaftServerConfigKeys (ConfUtils.java:logGet(44)) - raft.server.leaderelection.leader.step-down.wait-time = 10s (default)
2022-03-01 02:07:33,945 [Listener at 0.0.0.0/38703] INFO  server.RaftServerConfigKeys (ConfUtils.java:logGet(44)) - raft.server.storage.dir = [/home/runner/work/ozone/ozone/hadoop-ozone/integration-test/target/test-dir/MiniOzoneClusterImpl-434b3942-5fee-4696-bdff-815572bb5a66/ozone-meta/ratis] (custom)
2022-03-01 02:07:33,947 [Listener at 0.0.0.0/38703] INFO  server.RaftServer (RaftServerProxy.java:addNew(95)) - om1: addNew group-C5BA1605619E:[om1|rpc:localhost:9872|priority:0] returns group-C5BA1605619E:java.util.concurrent.CompletableFuture@37f3a34b[Not completed]
2022-03-01 02:07:33,947 [pool-213-thread-1] INFO  server.RaftServer$Division (RaftServerImpl.java:<init>(184)) - om1: new RaftServerImpl for group-C5BA1605619E:[om1|rpc:localhost:9872|priority:0] with OzoneManagerStateMachine:uninitialized
2022-03-01 02:07:33,947 [Listener at 0.0.0.0/38703] INFO  om.OzoneManager (OzoneManager.java:initializeRatisServer(1834)) - OzoneManager Ratis server initialized at port 9872
2022-03-01 02:07:33,949 [Listener at 0.0.0.0/38703] INFO  ipc.CallQueueManager (CallQueueManager.java:<init>(90)) - Using callQueue: class java.util.concurrent.LinkedBlockingQueue, queueCapacity: 2000, scheduler: class org.apache.hadoop.ipc.DefaultRpcScheduler, ipcBackoff: false.
2022-03-01 02:07:33,955 [Socket Reader #1 for port 0] INFO  ipc.Server (Server.java:run(1265)) - Starting Socket Reader #1 for port 0
2022-03-01 02:07:33,964 [pool-213-thread-1] INFO  server.RaftServerConfigKeys (ConfUtils.java:logGet(44)) - raft.server.rpc.timeout.min = 1s (custom)
2022-03-01 02:07:33,964 [pool-213-thread-1] INFO  server.RaftServerConfigKeys (ConfUtils.java:logGet(44)) - raft.server.rpc.timeout.max = 1200ms (custom)
2022-03-01 02:07:33,964 [pool-213-thread-1] INFO  server.RaftServerConfigKeys (ConfUtils.java:logGet(44)) - raft.server.rpc.sleep.time = 25ms (default)
2022-03-01 02:07:33,964 [pool-213-thread-1] INFO  server.RaftServerConfigKeys (ConfUtils.java:logGet(44)) - raft.server.rpc.slowness.timeout = 120s (custom)
2022-03-01 02:07:33,964 [pool-213-thread-1] INFO  server.RaftServerConfigKeys (ConfUtils.java:logGet(44)) - raft.server.leaderelection.leader.step-down.wait-time = 10s (default)
2022-03-01 02:07:33,964 [pool-213-thread-1] INFO  server.RaftServerConfigKeys (ConfUtils.java:logGet(44)) - raft.server.sleep.deviation.threshold = 300ms (default)
2022-03-01 02:07:33,964 [pool-213-thread-1] INFO  server.RaftServerConfigKeys (ConfUtils.java:logGet(44)) - raft.server.log.appender.install.snapshot.enabled = false (custom)
2022-03-01 02:07:33,964 [pool-213-thread-1] INFO  server.RaftServer$Division (ServerState.java:<init>(105)) - om1@group-C5BA1605619E: ConfigurationManager, init=-1: [om1|rpc:localhost:9872|priority:0], old=null, confs=<EMPTY_MAP>
2022-03-01 02:07:33,965 [pool-213-thread-1] INFO  server.RaftServerConfigKeys (ConfUtils.java:logGet(44)) - raft.server.storage.dir = [/home/runner/work/ozone/ozone/hadoop-ozone/integration-test/target/test-dir/MiniOzoneClusterImpl-434b3942-5fee-4696-bdff-815572bb5a66/ozone-meta/ratis] (custom)
2022-03-01 02:07:33,965 [pool-213-thread-1] INFO  server.RaftServerConfigKeys (ConfUtils.java:logGet(44)) - raft.server.log.corruption.policy = EXCEPTION (default)
2022-03-01 02:07:33,965 [pool-213-thread-1] INFO  server.RaftServerConfigKeys (ConfUtils.java:logGet(44)) - raft.server.storage.free-space.min = 0MB (=0) (default)
2022-03-01 02:07:33,965 [pool-213-thread-1] INFO  storage.RaftStorageDirectory (RaftStorageDirectoryImpl.java:analyzeStorage(135)) - The storage directory /home/runner/work/ozone/ozone/hadoop-ozone/integration-test/target/test-dir/MiniOzoneClusterImpl-434b3942-5fee-4696-bdff-815572bb5a66/ozone-meta/ratis/bf265839-605b-3f16-9796-c5ba1605619e does not exist. Creating ...
2022-03-01 02:07:33,967 [pool-213-thread-1] INFO  storage.RaftStorageDirectory (RaftStorageDirectoryImpl.java:tryLock(230)) - Lock on /home/runner/work/ozone/ozone/hadoop-ozone/integration-test/target/test-dir/MiniOzoneClusterImpl-434b3942-5fee-4696-bdff-815572bb5a66/ozone-meta/ratis/bf265839-605b-3f16-9796-c5ba1605619e/in_use.lock acquired by nodename 9245@fv-az294-952
2022-03-01 02:07:33,972 [pool-213-thread-1] INFO  storage.RaftStorage (RaftStorageImpl.java:format(89)) - Storage directory /home/runner/work/ozone/ozone/hadoop-ozone/integration-test/target/test-dir/MiniOzoneClusterImpl-434b3942-5fee-4696-bdff-815572bb5a66/ozone-meta/ratis/bf265839-605b-3f16-9796-c5ba1605619e has been successfully formatted.
2022-03-01 02:07:33,972 [pool-213-thread-1] INFO  server.RaftServerConfigKeys (ConfUtils.java:logGet(44)) - raft.server.notification.no-leader.timeout = 120s (custom)
2022-03-01 02:07:33,972 [pool-213-thread-1] INFO  server.RaftServerConfigKeys (ConfUtils.java:logGet(44)) - raft.server.log.use.memory = false (default)
2022-03-01 02:07:33,972 [pool-213-thread-1] INFO  server.RaftServerConfigKeys (ConfUtils.java:logGet(44)) - raft.server.log.purge.gap = 1000000 (custom)
2022-03-01 02:07:33,972 [pool-213-thread-1] INFO  server.RaftServerConfigKeys (ConfUtils.java:logGet(44)) - raft.server.log.appender.buffer.byte-limit = 33554432 (custom)
2022-03-01 02:07:33,972 [pool-213-thread-1] INFO  server.RaftServerConfigKeys (ConfUtils.java:logGet(44)) - raft.server.log.segment.size.max = 4194304 (custom)
2022-03-01 02:07:33,973 [pool-213-thread-1] INFO  server.RaftServerConfigKeys (ConfUtils.java:logGet(44)) - raft.server.log.segment.cache.num.max = 2 (custom)
2022-03-01 02:07:33,973 [pool-213-thread-1] INFO  server.RaftServerConfigKeys (ConfUtils.java:logGet(44)) - raft.server.log.segment.cache.size.max = 200MB (=209715200) (default)
2022-03-01 02:07:33,973 [pool-213-thread-1] INFO  segmented.SegmentedRaftLogWorker (SegmentedRaftLogWorker.java:<init>(182)) - new om1@group-C5BA1605619E-SegmentedRaftLogWorker for RaftStorageImpl:Storage Directory /home/runner/work/ozone/ozone/hadoop-ozone/integration-test/target/test-dir/MiniOzoneClusterImpl-434b3942-5fee-4696-bdff-815572bb5a66/ozone-meta/ratis/bf265839-605b-3f16-9796-c5ba1605619e
2022-03-01 02:07:33,973 [pool-213-thread-1] INFO  server.RaftServerConfigKeys (ConfUtils.java:logGet(44)) - raft.server.log.queue.byte-limit = 64MB (=67108864) (default)
2022-03-01 02:07:33,973 [pool-213-thread-1] INFO  server.RaftServerConfigKeys (ConfUtils.java:logGet(44)) - raft.server.log.queue.element-limit = 4096 (default)
2022-03-01 02:07:33,973 [pool-213-thread-1] INFO  server.RaftServerConfigKeys (ConfUtils.java:logGet(44)) - raft.server.log.segment.size.max = 4194304 (custom)
2022-03-01 02:07:33,973 [pool-213-thread-1] INFO  server.RaftServerConfigKeys (ConfUtils.java:logGet(44)) - raft.server.log.preallocated.size = 4194304 (custom)
2022-03-01 02:07:33,973 [pool-213-thread-1] INFO  server.RaftServerConfigKeys (ConfUtils.java:logGet(44)) - raft.server.log.force.sync.num = 128 (default)
2022-03-01 02:07:33,973 [pool-213-thread-1] INFO  server.RaftServerConfigKeys (ConfUtils.java:logGet(44)) - raft.server.log.statemachine.data.sync = true (default)
2022-03-01 02:07:33,973 [pool-213-thread-1] INFO  server.RaftServerConfigKeys (ConfUtils.java:logGet(44)) - raft.server.log.statemachine.data.sync.timeout = 10s (default)
2022-03-01 02:07:33,973 [pool-213-thread-1] INFO  server.RaftServerConfigKeys (ConfUtils.java:logGet(44)) - raft.server.log.statemachine.data.sync.timeout.retry = -1 (default)
2022-03-01 02:07:33,974 [pool-213-thread-1] INFO  server.RaftServerConfigKeys (ConfUtils.java:logGet(44)) - raft.server.log.write.buffer.size = 64KB (=65536) (default)
2022-03-01 02:07:33,974 [pool-213-thread-1] INFO  server.RaftServerConfigKeys (ConfUtils.java:logGet(44)) - raft.server.log.statemachine.data.caching.enabled = false (default)
2022-03-01 02:07:33,974 [pool-213-thread-1] INFO  segmented.SegmentedRaftLogWorker (SegmentedRaftLogWorker.java:lambda$new$0(133)) - om1@group-C5BA1605619E-SegmentedRaftLogWorker: flushIndex: setUnconditionally 0 -> -1
2022-03-01 02:07:33,974 [pool-213-thread-1] INFO  segmented.SegmentedRaftLogWorker (SegmentedRaftLogWorker.java:lambda$new$0(133)) - om1@group-C5BA1605619E-SegmentedRaftLogWorker: safeCacheEvictIndex: setUnconditionally 0 -> -1
2022-03-01 02:07:33,987 [pool-213-thread-1] INFO  server.RaftServerConfigKeys (ConfUtils.java:logGet(44)) - raft.server.snapshot.auto.trigger.enabled = true (custom)
2022-03-01 02:07:33,987 [pool-213-thread-1] INFO  server.RaftServerConfigKeys (ConfUtils.java:logGet(44)) - raft.server.snapshot.auto.trigger.threshold = 400000 (default)
2022-03-01 02:07:33,987 [pool-213-thread-1] INFO  server.RaftServerConfigKeys (ConfUtils.java:logGet(44)) - raft.server.snapshot.retention.file.num = -1 (default)
2022-03-01 02:07:33,987 [pool-213-thread-1] INFO  server.RaftServerConfigKeys (ConfUtils.java:logGet(44)) - raft.server.log.purge.upto.snapshot.index = true (custom)
2022-03-01 02:07:33,988 [pool-213-thread-1] INFO  server.RaftServerConfigKeys (ConfUtils.java:logGet(44)) - raft.server.retrycache.expirytime = 300s (custom)
2022-03-01 02:07:33,988 [pool-213-thread-1] INFO  server.RaftServerConfigKeys (ConfUtils.java:logGet(44)) - raft.server.retrycache.statistics.expirytime = 100μs (default)
2022-03-01 02:07:34,023 [Listener at 127.0.0.1/40943] INFO  impl.MetricsSystemImpl (MetricsSystemImpl.java:init(158)) - OzoneManager metrics system started (again)
2022-03-01 02:07:34,050 [Listener at 127.0.0.1/40943] INFO  om.OzoneManager (OzoneManager.java:start(1365)) - OzoneManager RPC server is listening at localhost/127.0.0.1:40943
2022-03-01 02:07:34,051 [Listener at 127.0.0.1/40943] INFO  ratis.OzoneManagerRatisServer (OzoneManagerRatisServer.java:start(554)) - Starting OzoneManagerRatisServer om1 at port 9872
2022-03-01 02:07:34,051 [Listener at 127.0.0.1/40943] INFO  server.RaftServer$Division (RaftServerImpl.java:start(301)) - om1@group-C5BA1605619E: start as a follower, conf=-1: [om1|rpc:localhost:9872|priority:0], old=null
2022-03-01 02:07:34,051 [Listener at 127.0.0.1/40943] INFO  server.RaftServer$Division (RaftServerImpl.java:setRole(290)) - om1@group-C5BA1605619E: changes role from      null to FOLLOWER at term 0 for startAsFollower
2022-03-01 02:07:34,051 [Listener at 127.0.0.1/40943] INFO  impl.RoleInfo (RoleInfo.java:updateAndGet(130)) - om1: start om1@group-C5BA1605619E-FollowerState
2022-03-01 02:07:34,055 [Listener at 127.0.0.1/40943] INFO  util.JmxRegister (JmxRegister.java:tryRegister(44)) - Successfully registered JMX Bean with object name Ratis:service=RaftServer,group=group-C5BA1605619E,id=om1
2022-03-01 02:07:34,059 [Listener at 127.0.0.1/40943] INFO  server.RaftServer (RaftServerProxy.java:lambda$start$5(374)) - om1: start RPC server
2022-03-01 02:07:34,060 [Listener at 127.0.0.1/40943] INFO  server.GrpcService (GrpcService.java:startImpl(253)) - om1: GrpcService started, listening on 9872
2022-03-01 02:07:34,071 [Listener at 127.0.0.1/40943] INFO  om.OzoneManager (OzoneManager.java:start(1381)) - Version File has different layout version (0) than OM DB (null). That is expected if this OM has never been finalized to a newer layout version.
2022-03-01 02:07:34,071 [org.apache.ratis.util.JvmPauseMonitor$$Lambda$421/1299661385@5e94494e] INFO  util.JvmPauseMonitor (JvmPauseMonitor.java:run(103)) - JvmPauseMonitor-om1: Started
2022-03-01 02:07:34,087 [Listener at 127.0.0.1/40943] INFO  http.BaseHttpServer (BaseHttpServer.java:newHttpServer2BuilderForOzone(209)) - Starting Web-server for ozoneManager at: http://0.0.0.0:0
2022-03-01 02:07:34,087 [Listener at 127.0.0.1/40943] INFO  http.BaseHttpServer (BaseHttpServer.java:<init>(107)) - Hadoop Security Enabled: false Ozone Security Enabled: false Ozone HTTP Security Enabled: false 
2022-03-01 02:07:34,096 [Listener at 127.0.0.1/40943] INFO  server.AuthenticationFilter (AuthenticationFilter.java:constructSecretProvider(240)) - Unable to initialize FileSignerSecretProvider, falling back to use random secrets.
2022-03-01 02:07:34,107 [Listener at 127.0.0.1/40943] WARN  http.HttpRequestLog (HttpRequestLog.java:getRequestLog(103)) - Jetty request log can only be enabled using Log4j
2022-03-01 02:07:34,108 [Listener at 127.0.0.1/40943] INFO  http.HttpServer2 (HttpServer2.java:addGlobalFilter(1030)) - Added global filter 'safety' (class=org.apache.hadoop.hdds.server.http.HttpServer2$QuotingInputFilter)
2022-03-01 02:07:34,109 [Listener at 127.0.0.1/40943] INFO  http.HttpServer2 (HttpServer2.java:addFilter(1006)) - Added filter static_user_filter (class=org.apache.hadoop.http.lib.StaticUserWebFilter$StaticUserFilter) to context ozoneManager
2022-03-01 02:07:34,110 [Listener at 127.0.0.1/40943] INFO  http.HttpServer2 (HttpServer2.java:addFilter(1014)) - Added filter static_user_filter (class=org.apache.hadoop.http.lib.StaticUserWebFilter$StaticUserFilter) to context static
2022-03-01 02:07:34,110 [Listener at 127.0.0.1/40943] INFO  http.HttpServer2 (HttpServer2.java:addFilter(1014)) - Added filter static_user_filter (class=org.apache.hadoop.http.lib.StaticUserWebFilter$StaticUserFilter) to context logs
2022-03-01 02:07:34,110 [Listener at 127.0.0.1/40943] INFO  http.HttpServer2 (HttpServer2.java:bindListener(1249)) - Jetty bound to port 43625
2022-03-01 02:07:34,110 [Listener at 127.0.0.1/40943] INFO  server.Server (Server.java:doStart(375)) - jetty-9.4.43.v20210629; built: 2021-06-30T11:07:22.254Z; git: 526006ecfa3af7f1a27ef3a288e2bef7ea9dd7e8; jvm 1.8.0_322-b06
2022-03-01 02:07:34,151 [Listener at 127.0.0.1/40943] INFO  server.session (DefaultSessionIdManager.java:doStart(334)) - DefaultSessionIdManager workerName=node0
2022-03-01 02:07:34,151 [Listener at 127.0.0.1/40943] INFO  server.session (DefaultSessionIdManager.java:doStart(339)) - No SessionScavenger set, using defaults
2022-03-01 02:07:34,152 [Listener at 127.0.0.1/40943] INFO  server.session (HouseKeeper.java:startScavenging(132)) - node0 Scavenging every 600000ms
2022-03-01 02:07:34,153 [Listener at 127.0.0.1/40943] INFO  handler.ContextHandler (ContextHandler.java:doStart(915)) - Started o.e.j.s.ServletContextHandler@16a67578{logs,/logs,file:///home/runner/work/ozone/ozone/hadoop-ozone/integration-test/target/log,AVAILABLE}
2022-03-01 02:07:34,153 [Listener at 127.0.0.1/40943] INFO  handler.ContextHandler (ContextHandler.java:doStart(915)) - Started o.e.j.s.ServletContextHandler@65463b83{static,/static,file:///home/runner/work/ozone/ozone/hadoop-ozone/integration-test/target/test-classes/webapps/static,AVAILABLE}
2022-03-01 02:07:34,159 [Listener at 127.0.0.1/40943] INFO  handler.ContextHandler (ContextHandler.java:doStart(915)) - Started o.e.j.w.WebAppContext@1c260202{ozoneManager,/,file:///home/runner/work/ozone/ozone/hadoop-ozone/integration-test/target/test-classes/webapps/ozoneManager/,AVAILABLE}{file:/home/runner/work/ozone/ozone/hadoop-ozone/integration-test/target/test-classes/webapps/ozoneManager}
2022-03-01 02:07:34,167 [Listener at 127.0.0.1/40943] INFO  server.AbstractConnector (AbstractConnector.java:doStart(331)) - Started ServerConnector@505806c8{HTTP/1.1, (http/1.1)}{0.0.0.0:43625}
2022-03-01 02:07:34,167 [Listener at 127.0.0.1/40943] INFO  server.Server (Server.java:doStart(415)) - Started @74404ms
2022-03-01 02:07:34,167 [Listener at 127.0.0.1/40943] WARN  impl.MetricsSystemImpl (MetricsSystemImpl.java:register(279)) - Sink prometheus already exists!
2022-03-01 02:07:34,171 [Listener at 127.0.0.1/40943] INFO  http.BaseHttpServer (BaseHttpServer.java:updateConnectorAddress(329)) - HTTP server of ozoneManager listening at http://0.0.0.0:43625
2022-03-01 02:07:34,179 [IPC Server Responder] INFO  ipc.Server (Server.java:run(1507)) - IPC Server Responder: starting
2022-03-01 02:07:34,180 [IPC Server listener on 0] INFO  ipc.Server (Server.java:run(1344)) - IPC Server listener on 0: starting
2022-03-01 02:07:34,306 [Listener at 127.0.0.1/40943] INFO  om.TrashPolicyOzone (TrashPolicyOzone.java:<init>(178)) - Ozone Manager trash configuration: Deletion interval = 0 minutes, Emptier interval = 0 minutes.
2022-03-01 02:07:34,323 [org.apache.hadoop.util.JvmPauseMonitor$Monitor@512d8b67] INFO  util.JvmPauseMonitor (JvmPauseMonitor.java:run(188)) - Starting JVM pause monitor
2022-03-01 02:07:34,331 [Listener at 127.0.0.1/40943] WARN  impl.MetricRegistriesImpl (MetricRegistriesImpl.java:addReporterRegistration(111)) - New reporters are added after registries were created. Some metrics will be missing from the reporter. Please add reporter before adding any new registry.
2022-03-01 02:07:34,332 [Listener at 127.0.0.1/40943] WARN  impl.MetricRegistriesImpl (MetricRegistriesImpl.java:addReporterRegistration(111)) - New reporters are added after registries were created. Some metrics will be missing from the reporter. Please add reporter before adding any new registry.
2022-03-01 02:07:34,332 [Listener at 127.0.0.1/40943] INFO  impl.MetricsSystemImpl (MetricsSystemImpl.java:init(158)) - HddsDatanode metrics system started (again)
2022-03-01 02:07:34,345 [Listener at 127.0.0.1/40943] INFO  ozone.HddsDatanodeService (HddsDatanodeService.java:start(233)) - HddsDatanodeService host:fv-az294-952.eaanfquahm5ulb5tj050gcxych.jx.internal.cloudapp.net ip:10.1.0.9
2022-03-01 02:07:34,389 [Listener at 127.0.0.1/40943] INFO  upgrade.AbstractLayoutVersionManager (AbstractLayoutVersionManager.java:init(79)) - Initializing Layout version manager with metadata layout = SCM_HA (version = 2), software layout = SCM_HA (version = 2)
2022-03-01 02:07:34,488 [Listener at 127.0.0.1/40943] INFO  reflections.Reflections (Reflections.java:scan(232)) - Reflections took 97 ms to scan 7 urls, producing 122 keys and 286 values 
2022-03-01 02:07:34,496 [Listener at 127.0.0.1/40943] INFO  statemachine.DatanodeStateMachine (DatanodeStateMachine.java:getEndPointTaskThreadPoolSize(222)) - Datanode State Machine Task Thread Pool size 2
2022-03-01 02:07:34,500 [Listener at 127.0.0.1/40943] INFO  volume.HddsVolume (HddsVolume.java:<init>(120)) - Creating HddsVolume: /home/runner/work/ozone/ozone/hadoop-ozone/integration-test/target/test-dir/MiniOzoneClusterImpl-434b3942-5fee-4696-bdff-815572bb5a66/datanode-0/data-0/containers/hdds of storage type : DISK capacity : 9223372036854775807
2022-03-01 02:07:34,501 [Listener at 127.0.0.1/40943] INFO  volume.MutableVolumeSet (MutableVolumeSet.java:initializeVolumeSet(168)) - Added Volume : /home/runner/work/ozone/ozone/hadoop-ozone/integration-test/target/test-dir/MiniOzoneClusterImpl-434b3942-5fee-4696-bdff-815572bb5a66/datanode-0/data-0/containers/hdds to VolumeSet
2022-03-01 02:07:34,501 [Listener at 127.0.0.1/40943] INFO  volume.ThrottledAsyncChecker (ThrottledAsyncChecker.java:schedule(141)) - Scheduling a check for /home/runner/work/ozone/ozone/hadoop-ozone/integration-test/target/test-dir/MiniOzoneClusterImpl-434b3942-5fee-4696-bdff-815572bb5a66/datanode-0/data-0/containers/hdds
2022-03-01 02:07:34,509 [Listener at 127.0.0.1/40943] INFO  volume.StorageVolumeChecker (StorageVolumeChecker.java:checkAllVolumes(202)) - Scheduled health check for volume /home/runner/work/ozone/ozone/hadoop-ozone/integration-test/target/test-dir/MiniOzoneClusterImpl-434b3942-5fee-4696-bdff-815572bb5a66/datanode-0/data-0/containers/hdds
2022-03-01 02:07:34,522 [Listener at 127.0.0.1/40943] INFO  volume.MutableVolumeSet (MutableVolumeSet.java:initializeVolumeSet(168)) - Added Volume : /home/runner/work/ozone/ozone/hadoop-ozone/integration-test/target/test-dir/MiniOzoneClusterImpl-434b3942-5fee-4696-bdff-815572bb5a66/datanode-0/data/ratis to VolumeSet
2022-03-01 02:07:34,522 [Listener at 127.0.0.1/40943] INFO  volume.ThrottledAsyncChecker (ThrottledAsyncChecker.java:schedule(141)) - Scheduling a check for /home/runner/work/ozone/ozone/hadoop-ozone/integration-test/target/test-dir/MiniOzoneClusterImpl-434b3942-5fee-4696-bdff-815572bb5a66/datanode-0/data/ratis
2022-03-01 02:07:34,523 [Listener at 127.0.0.1/40943] INFO  volume.StorageVolumeChecker (StorageVolumeChecker.java:checkAllVolumes(202)) - Scheduled health check for volume /home/runner/work/ozone/ozone/hadoop-ozone/integration-test/target/test-dir/MiniOzoneClusterImpl-434b3942-5fee-4696-bdff-815572bb5a66/datanode-0/data/ratis
2022-03-01 02:07:34,563 [Thread-516] INFO  ozoneimpl.ContainerReader (ContainerReader.java:readVolume(172)) - Finish verifying containers on volume /home/runner/work/ozone/ozone/hadoop-ozone/integration-test/target/test-dir/MiniOzoneClusterImpl-434b3942-5fee-4696-bdff-815572bb5a66/datanode-0/data-0/containers/hdds
2022-03-01 02:07:34,563 [Listener at 127.0.0.1/40943] INFO  ozoneimpl.OzoneContainer (OzoneContainer.java:buildContainerSet(257)) - Build ContainerSet costs 0s
2022-03-01 02:07:34,571 [Listener at 127.0.0.1/40943] INFO  server.RaftServer (ConfUtils.java:logGet(44)) - raft.rpc.type = GRPC (default)
2022-03-01 02:07:34,572 [Listener at 127.0.0.1/40943] INFO  grpc.GrpcFactory (GrpcFactory.java:checkPooledByteBufAllocatorUseCacheForAllThreads(48)) - PERFORMANCE WARNING: useCacheForAllThreads is true that may cause Netty to create a lot garbage objects and, as a result, trigger GC.
	It is recommended to disable useCacheForAllThreads by setting -Dorg.apache.ratis.thirdparty.io.netty.allocator.useCacheForAllThreads=false in command line.
2022-03-01 02:07:34,572 [Listener at 127.0.0.1/40943] INFO  grpc.GrpcConfigKeys (ConfUtils.java:logGet(44)) - raft.grpc.admin.port = 0 (custom)
2022-03-01 02:07:34,572 [Listener at 127.0.0.1/40943] INFO  grpc.GrpcConfigKeys (ConfUtils.java:logGet(44)) - raft.grpc.client.port = 0 (custom)
2022-03-01 02:07:34,572 [Listener at 127.0.0.1/40943] INFO  grpc.GrpcConfigKeys (ConfUtils.java:logGet(44)) - raft.grpc.server.port = 0 (default)
2022-03-01 02:07:34,572 [Listener at 127.0.0.1/40943] INFO  server.GrpcService (ConfUtils.java:logGet(44)) - raft.grpc.message.size.max = 32MB (=33554432) (custom)
2022-03-01 02:07:34,572 [Listener at 127.0.0.1/40943] INFO  server.RaftServerConfigKeys (ConfUtils.java:logGet(44)) - raft.server.log.appender.buffer.byte-limit = 33554432 (custom)
2022-03-01 02:07:34,573 [Listener at 127.0.0.1/40943] INFO  server.GrpcService (ConfUtils.java:logGet(44)) - raft.grpc.flow.control.window = 5MB (=5242880) (custom)
2022-03-01 02:07:34,573 [Listener at 127.0.0.1/40943] INFO  server.RaftServerConfigKeys (ConfUtils.java:logGet(44)) - raft.server.rpc.request.timeout = 60s (custom)
2022-03-01 02:07:34,574 [Listener at 127.0.0.1/40943] INFO  impl.DataStreamServerImpl (ConfUtils.java:logGet(44)) - raft.datastream.type = DISABLED (default)
2022-03-01 02:07:34,574 [Listener at 127.0.0.1/40943] INFO  server.RaftServerConfigKeys (ConfUtils.java:logGet(44)) - raft.server.rpc.slowness.timeout = 300s (custom)
2022-03-01 02:07:34,574 [Listener at 127.0.0.1/40943] INFO  server.RaftServerConfigKeys (ConfUtils.java:logGet(44)) - raft.server.leaderelection.leader.step-down.wait-time = 10s (default)
2022-03-01 02:07:34,574 [Listener at 127.0.0.1/40943] INFO  server.RaftServerConfigKeys (ConfUtils.java:logGet(44)) - raft.server.storage.dir = [/home/runner/work/ozone/ozone/hadoop-ozone/integration-test/target/test-dir/MiniOzoneClusterImpl-434b3942-5fee-4696-bdff-815572bb5a66/datanode-0/data/ratis] (custom)
2022-03-01 02:07:34,580 [Listener at 127.0.0.1/40943] INFO  server.XceiverServerGrpc (XceiverServerGrpc.java:<init>(132)) - GrpcServer channel type EpollServerSocketChannel
2022-03-01 02:07:34,592 [Listener at 127.0.0.1/40943] INFO  http.BaseHttpServer (BaseHttpServer.java:newHttpServer2BuilderForOzone(209)) - Starting Web-server for hddsDatanode at: http://0.0.0.0:0
2022-03-01 02:07:34,592 [Listener at 127.0.0.1/40943] INFO  http.BaseHttpServer (BaseHttpServer.java:<init>(107)) - Hadoop Security Enabled: false Ozone Security Enabled: false Ozone HTTP Security Enabled: false 
2022-03-01 02:07:34,597 [Listener at 127.0.0.1/40943] INFO  server.AuthenticationFilter (AuthenticationFilter.java:constructSecretProvider(240)) - Unable to initialize FileSignerSecretProvider, falling back to use random secrets.
2022-03-01 02:07:34,603 [Listener at 127.0.0.1/40943] WARN  http.HttpRequestLog (HttpRequestLog.java:getRequestLog(103)) - Jetty request log can only be enabled using Log4j
2022-03-01 02:07:34,604 [Listener at 127.0.0.1/40943] INFO  http.HttpServer2 (HttpServer2.java:addGlobalFilter(1030)) - Added global filter 'safety' (class=org.apache.hadoop.hdds.server.http.HttpServer2$QuotingInputFilter)
2022-03-01 02:07:34,605 [Listener at 127.0.0.1/40943] INFO  http.HttpServer2 (HttpServer2.java:addFilter(1006)) - Added filter static_user_filter (class=org.apache.hadoop.http.lib.StaticUserWebFilter$StaticUserFilter) to context hddsDatanode
2022-03-01 02:07:34,605 [Listener at 127.0.0.1/40943] INFO  http.HttpServer2 (HttpServer2.java:addFilter(1014)) - Added filter static_user_filter (class=org.apache.hadoop.http.lib.StaticUserWebFilter$StaticUserFilter) to context static
2022-03-01 02:07:34,605 [Listener at 127.0.0.1/40943] INFO  http.HttpServer2 (HttpServer2.java:addFilter(1014)) - Added filter static_user_filter (class=org.apache.hadoop.http.lib.StaticUserWebFilter$StaticUserFilter) to context logs
2022-03-01 02:07:34,606 [Listener at 127.0.0.1/40943] INFO  http.HttpServer2 (HttpServer2.java:bindListener(1249)) - Jetty bound to port 45075
2022-03-01 02:07:34,606 [Listener at 127.0.0.1/40943] INFO  server.Server (Server.java:doStart(375)) - jetty-9.4.43.v20210629; built: 2021-06-30T11:07:22.254Z; git: 526006ecfa3af7f1a27ef3a288e2bef7ea9dd7e8; jvm 1.8.0_322-b06
2022-03-01 02:07:34,664 [Listener at 127.0.0.1/40943] INFO  server.session (DefaultSessionIdManager.java:doStart(334)) - DefaultSessionIdManager workerName=node0
2022-03-01 02:07:34,664 [Listener at 127.0.0.1/40943] INFO  server.session (DefaultSessionIdManager.java:doStart(339)) - No SessionScavenger set, using defaults
2022-03-01 02:07:34,664 [Listener at 127.0.0.1/40943] INFO  server.session (HouseKeeper.java:startScavenging(132)) - node0 Scavenging every 660000ms
2022-03-01 02:07:34,665 [Listener at 127.0.0.1/40943] INFO  handler.ContextHandler (ContextHandler.java:doStart(915)) - Started o.e.j.s.ServletContextHandler@c65734e{logs,/logs,file:///home/runner/work/ozone/ozone/hadoop-ozone/integration-test/target/log,AVAILABLE}
2022-03-01 02:07:34,665 [Listener at 127.0.0.1/40943] INFO  handler.ContextHandler (ContextHandler.java:doStart(915)) - Started o.e.j.s.ServletContextHandler@4eabb40b{static,/static,jar:file:/home/runner/.m2/repository/org/apache/ozone/hdds-container-service/1.3.0-SNAPSHOT/hdds-container-service-1.3.0-SNAPSHOT.jar!/webapps/static,AVAILABLE}
2022-03-01 02:07:34,803 [Listener at 127.0.0.1/40943] INFO  handler.ContextHandler (ContextHandler.java:doStart(915)) - Started o.e.j.w.WebAppContext@235e2dec{hddsDatanode,/,file:///tmp/jetty-0_0_0_0-45075-hdds-container-service-1_3_0-SNAPSHOT_jar-_-any-9046280032841399962/webapp/,AVAILABLE}{jar:file:/home/runner/.m2/repository/org/apache/ozone/hdds-container-service/1.3.0-SNAPSHOT/hdds-container-service-1.3.0-SNAPSHOT.jar!/webapps/hddsDatanode}
2022-03-01 02:07:34,822 [Listener at 127.0.0.1/40943] INFO  server.AbstractConnector (AbstractConnector.java:doStart(331)) - Started ServerConnector@47f1b064{HTTP/1.1, (http/1.1)}{0.0.0.0:45075}
2022-03-01 02:07:34,823 [Listener at 127.0.0.1/40943] INFO  server.Server (Server.java:doStart(415)) - Started @75059ms
2022-03-01 02:07:34,823 [Listener at 127.0.0.1/40943] WARN  impl.MetricsSystemImpl (MetricsSystemImpl.java:register(279)) - Sink prometheus already exists!
2022-03-01 02:07:34,824 [Listener at 127.0.0.1/40943] INFO  http.BaseHttpServer (BaseHttpServer.java:updateConnectorAddress(329)) - HTTP server of hddsDatanode listening at http://0.0.0.0:45075
2022-03-01 02:07:34,831 [Datanode State Machine Daemon Thread] INFO  statemachine.DatanodeStateMachine (DatanodeStateMachine.java:lambda$startDaemon$0(470)) - Ozone container server started.
2022-03-01 02:07:34,831 [Listener at 127.0.0.1/40943] WARN  impl.MetricRegistriesImpl (MetricRegistriesImpl.java:addReporterRegistration(111)) - New reporters are added after registries were created. Some metrics will be missing from the reporter. Please add reporter before adding any new registry.
2022-03-01 02:07:34,832 [Listener at 127.0.0.1/40943] WARN  impl.MetricRegistriesImpl (MetricRegistriesImpl.java:addReporterRegistration(111)) - New reporters are added after registries were created. Some metrics will be missing from the reporter. Please add reporter before adding any new registry.
2022-03-01 02:07:34,832 [Listener at 127.0.0.1/40943] INFO  impl.MetricsSystemImpl (MetricsSystemImpl.java:init(158)) - HddsDatanode metrics system started (again)
2022-03-01 02:07:34,876 [Listener at 127.0.0.1/40943] INFO  ozone.HddsDatanodeService (HddsDatanodeService.java:start(233)) - HddsDatanodeService host:fv-az294-952.eaanfquahm5ulb5tj050gcxych.jx.internal.cloudapp.net ip:10.1.0.9
2022-03-01 02:07:34,903 [org.apache.hadoop.util.JvmPauseMonitor$Monitor@6af0de0c] INFO  util.JvmPauseMonitor (JvmPauseMonitor.java:run(188)) - Starting JVM pause monitor
2022-03-01 02:07:34,918 [Datanode State Machine Task Thread - 0] INFO  datanode.InitDatanodeState (InitDatanodeState.java:persistContainerDatanodeDetails(138)) - DatanodeDetails is persisted to /home/runner/work/ozone/ozone/hadoop-ozone/integration-test/target/test-dir/MiniOzoneClusterImpl-434b3942-5fee-4696-bdff-815572bb5a66/datanode-0/meta/datanode.id
2022-03-01 02:07:34,925 [Listener at 127.0.0.1/40943] INFO  upgrade.AbstractLayoutVersionManager (AbstractLayoutVersionManager.java:init(79)) - Initializing Layout version manager with metadata layout = SCM_HA (version = 2), software layout = SCM_HA (version = 2)
2022-03-01 02:07:35,022 [Listener at 127.0.0.1/40943] INFO  reflections.Reflections (Reflections.java:scan(232)) - Reflections took 82 ms to scan 7 urls, producing 122 keys and 286 values 
2022-03-01 02:07:35,023 [Listener at 127.0.0.1/40943] INFO  statemachine.DatanodeStateMachine (DatanodeStateMachine.java:getEndPointTaskThreadPoolSize(222)) - Datanode State Machine Task Thread Pool size 2
2022-03-01 02:07:35,036 [Listener at 127.0.0.1/40943] INFO  volume.HddsVolume (HddsVolume.java:<init>(120)) - Creating HddsVolume: /home/runner/work/ozone/ozone/hadoop-ozone/integration-test/target/test-dir/MiniOzoneClusterImpl-434b3942-5fee-4696-bdff-815572bb5a66/datanode-1/data-0/containers/hdds of storage type : DISK capacity : 9223372036854775807
2022-03-01 02:07:35,036 [Listener at 127.0.0.1/40943] INFO  volume.MutableVolumeSet (MutableVolumeSet.java:initializeVolumeSet(168)) - Added Volume : /home/runner/work/ozone/ozone/hadoop-ozone/integration-test/target/test-dir/MiniOzoneClusterImpl-434b3942-5fee-4696-bdff-815572bb5a66/datanode-1/data-0/containers/hdds to VolumeSet
2022-03-01 02:07:35,037 [Listener at 127.0.0.1/40943] INFO  volume.ThrottledAsyncChecker (ThrottledAsyncChecker.java:schedule(141)) - Scheduling a check for /home/runner/work/ozone/ozone/hadoop-ozone/integration-test/target/test-dir/MiniOzoneClusterImpl-434b3942-5fee-4696-bdff-815572bb5a66/datanode-1/data-0/containers/hdds
2022-03-01 02:07:35,038 [Listener at 127.0.0.1/40943] INFO  volume.StorageVolumeChecker (StorageVolumeChecker.java:checkAllVolumes(202)) - Scheduled health check for volume /home/runner/work/ozone/ozone/hadoop-ozone/integration-test/target/test-dir/MiniOzoneClusterImpl-434b3942-5fee-4696-bdff-815572bb5a66/datanode-1/data-0/containers/hdds
2022-03-01 02:07:35,059 [Listener at 127.0.0.1/40943] INFO  volume.MutableVolumeSet (MutableVolumeSet.java:initializeVolumeSet(168)) - Added Volume : /home/runner/work/ozone/ozone/hadoop-ozone/integration-test/target/test-dir/MiniOzoneClusterImpl-434b3942-5fee-4696-bdff-815572bb5a66/datanode-1/data/ratis to VolumeSet
2022-03-01 02:07:35,060 [Listener at 127.0.0.1/40943] INFO  volume.ThrottledAsyncChecker (ThrottledAsyncChecker.java:schedule(141)) - Scheduling a check for /home/runner/work/ozone/ozone/hadoop-ozone/integration-test/target/test-dir/MiniOzoneClusterImpl-434b3942-5fee-4696-bdff-815572bb5a66/datanode-1/data/ratis
2022-03-01 02:07:35,060 [Listener at 127.0.0.1/40943] INFO  volume.StorageVolumeChecker (StorageVolumeChecker.java:checkAllVolumes(202)) - Scheduled health check for volume /home/runner/work/ozone/ozone/hadoop-ozone/integration-test/target/test-dir/MiniOzoneClusterImpl-434b3942-5fee-4696-bdff-815572bb5a66/datanode-1/data/ratis
2022-03-01 02:07:35,095 [Thread-528] INFO  ozoneimpl.ContainerReader (ContainerReader.java:readVolume(172)) - Finish verifying containers on volume /home/runner/work/ozone/ozone/hadoop-ozone/integration-test/target/test-dir/MiniOzoneClusterImpl-434b3942-5fee-4696-bdff-815572bb5a66/datanode-1/data-0/containers/hdds
2022-03-01 02:07:35,095 [Listener at 127.0.0.1/40943] INFO  ozoneimpl.OzoneContainer (OzoneContainer.java:buildContainerSet(257)) - Build ContainerSet costs 0s
2022-03-01 02:07:35,098 [Listener at 127.0.0.1/40943] INFO  server.RaftServer (ConfUtils.java:logGet(44)) - raft.rpc.type = GRPC (default)
2022-03-01 02:07:35,098 [Listener at 127.0.0.1/40943] INFO  grpc.GrpcFactory (GrpcFactory.java:checkPooledByteBufAllocatorUseCacheForAllThreads(48)) - PERFORMANCE WARNING: useCacheForAllThreads is true that may cause Netty to create a lot garbage objects and, as a result, trigger GC.
	It is recommended to disable useCacheForAllThreads by setting -Dorg.apache.ratis.thirdparty.io.netty.allocator.useCacheForAllThreads=false in command line.
2022-03-01 02:07:35,098 [Listener at 127.0.0.1/40943] INFO  grpc.GrpcConfigKeys (ConfUtils.java:logGet(44)) - raft.grpc.admin.port = 0 (custom)
2022-03-01 02:07:35,098 [Listener at 127.0.0.1/40943] INFO  grpc.GrpcConfigKeys (ConfUtils.java:logGet(44)) - raft.grpc.client.port = 0 (custom)
2022-03-01 02:07:35,099 [Listener at 127.0.0.1/40943] INFO  grpc.GrpcConfigKeys (ConfUtils.java:logGet(44)) - raft.grpc.server.port = 0 (default)
2022-03-01 02:07:35,099 [Listener at 127.0.0.1/40943] INFO  server.GrpcService (ConfUtils.java:logGet(44)) - raft.grpc.message.size.max = 32MB (=33554432) (custom)
2022-03-01 02:07:35,099 [Listener at 127.0.0.1/40943] INFO  server.RaftServerConfigKeys (ConfUtils.java:logGet(44)) - raft.server.log.appender.buffer.byte-limit = 33554432 (custom)
2022-03-01 02:07:35,099 [Listener at 127.0.0.1/40943] INFO  server.GrpcService (ConfUtils.java:logGet(44)) - raft.grpc.flow.control.window = 5MB (=5242880) (custom)
2022-03-01 02:07:35,099 [Listener at 127.0.0.1/40943] INFO  server.RaftServerConfigKeys (ConfUtils.java:logGet(44)) - raft.server.rpc.request.timeout = 60s (custom)
2022-03-01 02:07:35,103 [Listener at 127.0.0.1/40943] INFO  impl.DataStreamServerImpl (ConfUtils.java:logGet(44)) - raft.datastream.type = DISABLED (default)
2022-03-01 02:07:35,103 [Listener at 127.0.0.1/40943] INFO  server.RaftServerConfigKeys (ConfUtils.java:logGet(44)) - raft.server.rpc.slowness.timeout = 300s (custom)
2022-03-01 02:07:35,103 [Listener at 127.0.0.1/40943] INFO  server.RaftServerConfigKeys (ConfUtils.java:logGet(44)) - raft.server.leaderelection.leader.step-down.wait-time = 10s (default)
2022-03-01 02:07:35,103 [Listener at 127.0.0.1/40943] INFO  server.RaftServerConfigKeys (ConfUtils.java:logGet(44)) - raft.server.storage.dir = [/home/runner/work/ozone/ozone/hadoop-ozone/integration-test/target/test-dir/MiniOzoneClusterImpl-434b3942-5fee-4696-bdff-815572bb5a66/datanode-1/data/ratis] (custom)
2022-03-01 02:07:35,105 [Listener at 127.0.0.1/40943] INFO  server.XceiverServerGrpc (XceiverServerGrpc.java:<init>(132)) - GrpcServer channel type EpollServerSocketChannel
2022-03-01 02:07:35,128 [Listener at 127.0.0.1/40943] INFO  http.BaseHttpServer (BaseHttpServer.java:newHttpServer2BuilderForOzone(209)) - Starting Web-server for hddsDatanode at: http://0.0.0.0:0
2022-03-01 02:07:35,128 [Listener at 127.0.0.1/40943] INFO  http.BaseHttpServer (BaseHttpServer.java:<init>(107)) - Hadoop Security Enabled: false Ozone Security Enabled: false Ozone HTTP Security Enabled: false 
2022-03-01 02:07:35,129 [Listener at 127.0.0.1/40943] INFO  server.AuthenticationFilter (AuthenticationFilter.java:constructSecretProvider(240)) - Unable to initialize FileSignerSecretProvider, falling back to use random secrets.
2022-03-01 02:07:35,135 [Listener at 127.0.0.1/40943] WARN  http.HttpRequestLog (HttpRequestLog.java:getRequestLog(103)) - Jetty request log can only be enabled using Log4j
2022-03-01 02:07:35,136 [Listener at 127.0.0.1/40943] INFO  http.HttpServer2 (HttpServer2.java:addGlobalFilter(1030)) - Added global filter 'safety' (class=org.apache.hadoop.hdds.server.http.HttpServer2$QuotingInputFilter)
2022-03-01 02:07:35,137 [Listener at 127.0.0.1/40943] INFO  http.HttpServer2 (HttpServer2.java:addFilter(1006)) - Added filter static_user_filter (class=org.apache.hadoop.http.lib.StaticUserWebFilter$StaticUserFilter) to context hddsDatanode
2022-03-01 02:07:35,137 [Listener at 127.0.0.1/40943] INFO  http.HttpServer2 (HttpServer2.java:addFilter(1014)) - Added filter static_user_filter (class=org.apache.hadoop.http.lib.StaticUserWebFilter$StaticUserFilter) to context static
2022-03-01 02:07:35,137 [Listener at 127.0.0.1/40943] INFO  http.HttpServer2 (HttpServer2.java:addFilter(1014)) - Added filter static_user_filter (class=org.apache.hadoop.http.lib.StaticUserWebFilter$StaticUserFilter) to context logs
2022-03-01 02:07:35,138 [Listener at 127.0.0.1/40943] INFO  http.HttpServer2 (HttpServer2.java:bindListener(1249)) - Jetty bound to port 34131
2022-03-01 02:07:35,138 [Listener at 127.0.0.1/40943] INFO  server.Server (Server.java:doStart(375)) - jetty-9.4.43.v20210629; built: 2021-06-30T11:07:22.254Z; git: 526006ecfa3af7f1a27ef3a288e2bef7ea9dd7e8; jvm 1.8.0_322-b06
2022-03-01 02:07:35,168 [Listener at 127.0.0.1/40943] INFO  server.session (DefaultSessionIdManager.java:doStart(334)) - DefaultSessionIdManager workerName=node0
2022-03-01 02:07:35,168 [Listener at 127.0.0.1/40943] INFO  server.session (DefaultSessionIdManager.java:doStart(339)) - No SessionScavenger set, using defaults
2022-03-01 02:07:35,168 [Listener at 127.0.0.1/40943] INFO  server.session (HouseKeeper.java:startScavenging(132)) - node0 Scavenging every 660000ms
2022-03-01 02:07:35,176 [Listener at 127.0.0.1/40943] INFO  handler.ContextHandler (ContextHandler.java:doStart(915)) - Started o.e.j.s.ServletContextHandler@5406f519{logs,/logs,file:///home/runner/work/ozone/ozone/hadoop-ozone/integration-test/target/log,AVAILABLE}
2022-03-01 02:07:35,176 [Listener at 127.0.0.1/40943] INFO  handler.ContextHandler (ContextHandler.java:doStart(915)) - Started o.e.j.s.ServletContextHandler@6d78fd8d{static,/static,jar:file:/home/runner/.m2/repository/org/apache/ozone/hdds-container-service/1.3.0-SNAPSHOT/hdds-container-service-1.3.0-SNAPSHOT.jar!/webapps/static,AVAILABLE}
2022-03-01 02:07:35,202 [om1@group-C5BA1605619E-FollowerState] INFO  impl.FollowerState (FollowerState.java:run(134)) - om1@group-C5BA1605619E-FollowerState: change to CANDIDATE, lastRpcElapsedTime:1151141103ns, electionTimeout:1146ms
2022-03-01 02:07:35,203 [om1@group-C5BA1605619E-FollowerState] INFO  impl.RoleInfo (RoleInfo.java:shutdownFollowerState(108)) - om1: shutdown om1@group-C5BA1605619E-FollowerState
2022-03-01 02:07:35,203 [om1@group-C5BA1605619E-FollowerState] INFO  server.RaftServer$Division (RaftServerImpl.java:setRole(290)) - om1@group-C5BA1605619E: changes role from  FOLLOWER to CANDIDATE at term 0 for changeToCandidate
2022-03-01 02:07:35,203 [om1@group-C5BA1605619E-FollowerState] INFO  server.RaftServerConfigKeys (ConfUtils.java:logGet(44)) - raft.server.leaderelection.pre-vote = false (custom)
2022-03-01 02:07:35,203 [om1@group-C5BA1605619E-FollowerState] INFO  impl.RoleInfo (RoleInfo.java:updateAndGet(130)) - om1: start om1@group-C5BA1605619E-LeaderElection20
2022-03-01 02:07:35,240 [om1@group-C5BA1605619E-LeaderElection20] INFO  impl.LeaderElection (LeaderElection.java:askForVotes(306)) - om1@group-C5BA1605619E-LeaderElection20 ELECTION round 0: submit vote requests at term 1 for -1: [om1|rpc:localhost:9872|priority:0], old=null
2022-03-01 02:07:35,240 [om1@group-C5BA1605619E-LeaderElection20] INFO  impl.LeaderElection (LeaderElection.java:askForVotes(308)) - om1@group-C5BA1605619E-LeaderElection20 ELECTION round 0: result PASSED (term=1)
2022-03-01 02:07:35,240 [om1@group-C5BA1605619E-LeaderElection20] INFO  impl.RoleInfo (RoleInfo.java:shutdownLeaderElection(121)) - om1: shutdown om1@group-C5BA1605619E-LeaderElection20
2022-03-01 02:07:35,240 [om1@group-C5BA1605619E-LeaderElection20] INFO  server.RaftServer$Division (RaftServerImpl.java:setRole(290)) - om1@group-C5BA1605619E: changes role from CANDIDATE to LEADER at term 1 for changeToLeader
2022-03-01 02:07:35,241 [om1@group-C5BA1605619E-LeaderElection20] INFO  server.RaftServer$Division (ServerState.java:setLeader(285)) - om1@group-C5BA1605619E: change Leader from null to om1 at term 1 for becomeLeader, leader elected after 1268ms
2022-03-01 02:07:35,241 [om1@group-C5BA1605619E-LeaderElection20] INFO  server.RaftServerConfigKeys (ConfUtils.java:logGet(44)) - raft.server.staging.catchup.gap = 1000 (default)
2022-03-01 02:07:35,241 [om1@group-C5BA1605619E-LeaderElection20] INFO  server.RaftServerConfigKeys (ConfUtils.java:logGet(44)) - raft.server.write.element-limit = 4096 (default)
2022-03-01 02:07:35,241 [om1@group-C5BA1605619E-LeaderElection20] INFO  server.RaftServerConfigKeys (ConfUtils.java:logGet(44)) - raft.server.write.byte-limit = 64MB (=67108864) (default)
2022-03-01 02:07:35,241 [om1@group-C5BA1605619E-LeaderElection20] INFO  server.RaftServerConfigKeys (ConfUtils.java:logGet(44)) - raft.server.watch.timeout = 10s (default)
2022-03-01 02:07:35,241 [om1@group-C5BA1605619E-LeaderElection20] INFO  server.RaftServerConfigKeys (ConfUtils.java:logGet(44)) - raft.server.watch.timeout.denomination = 1s (default)
2022-03-01 02:07:35,242 [om1@group-C5BA1605619E-LeaderElection20] INFO  server.RaftServerConfigKeys (ConfUtils.java:logGet(44)) - raft.server.watch.element-limit = 65536 (default)
2022-03-01 02:07:35,242 [om1@group-C5BA1605619E-LeaderElection20] INFO  server.RaftServerConfigKeys (ConfUtils.java:logGet(44)) - raft.server.write.element-limit = 4096 (default)
2022-03-01 02:07:35,242 [om1@group-C5BA1605619E-LeaderElection20] INFO  server.RaftServerConfigKeys (ConfUtils.java:logGet(44)) - raft.server.write.follower.gap.ratio.max = -1.0 (default)
2022-03-01 02:07:35,242 [om1@group-C5BA1605619E-LeaderElection20] INFO  impl.RoleInfo (RoleInfo.java:updateAndGet(130)) - om1: start om1@group-C5BA1605619E-LeaderStateImpl
2022-03-01 02:07:35,243 [om1@group-C5BA1605619E-LeaderElection20] INFO  segmented.SegmentedRaftLogWorker (SegmentedRaftLogWorker.java:startLogSegment(394)) - om1@group-C5BA1605619E-SegmentedRaftLogWorker: Starting segment from index:0
2022-03-01 02:07:35,255 [om1@group-C5BA1605619E-SegmentedRaftLogWorker] INFO  segmented.SegmentedRaftLogWorker (SegmentedRaftLogWorker.java:execute(601)) - om1@group-C5BA1605619E-SegmentedRaftLogWorker: created new log segment /home/runner/work/ozone/ozone/hadoop-ozone/integration-test/target/test-dir/MiniOzoneClusterImpl-434b3942-5fee-4696-bdff-815572bb5a66/ozone-meta/ratis/bf265839-605b-3f16-9796-c5ba1605619e/current/log_inprogress_0
2022-03-01 02:07:35,256 [om1@group-C5BA1605619E-LeaderElection20] INFO  server.RaftServer$Division (ServerState.java:setRaftConf(387)) - om1@group-C5BA1605619E: set configuration 0: [om1|rpc:localhost:9872|admin:|client:|dataStream:|priority:0], old=null
2022-03-01 02:07:35,268 [om1@group-C5BA1605619E-StateMachineUpdater] INFO  ratis.OzoneManagerStateMachine (OzoneManagerStateMachine.java:notifyConfigurationChanged(188)) - Received Configuration change notification from Ratis. New Peer list:
[id: "om1"
address: "localhost:9872"
]
2022-03-01 02:07:35,309 [Listener at 127.0.0.1/40943] INFO  handler.ContextHandler (ContextHandler.java:doStart(915)) - Started o.e.j.w.WebAppContext@69ef1ff1{hddsDatanode,/,file:///tmp/jetty-0_0_0_0-34131-hdds-container-service-1_3_0-SNAPSHOT_jar-_-any-1970378473066089371/webapp/,AVAILABLE}{jar:file:/home/runner/.m2/repository/org/apache/ozone/hdds-container-service/1.3.0-SNAPSHOT/hdds-container-service-1.3.0-SNAPSHOT.jar!/webapps/hddsDatanode}
2022-03-01 02:07:35,320 [Listener at 127.0.0.1/40943] INFO  server.AbstractConnector (AbstractConnector.java:doStart(331)) - Started ServerConnector@1d7b62cd{HTTP/1.1, (http/1.1)}{0.0.0.0:34131}
2022-03-01 02:07:35,320 [Listener at 127.0.0.1/40943] INFO  server.Server (Server.java:doStart(415)) - Started @75556ms
2022-03-01 02:07:35,320 [Listener at 127.0.0.1/40943] WARN  impl.MetricsSystemImpl (MetricsSystemImpl.java:register(279)) - Sink prometheus already exists!
2022-03-01 02:07:35,321 [Listener at 127.0.0.1/40943] INFO  http.BaseHttpServer (BaseHttpServer.java:updateConnectorAddress(329)) - HTTP server of hddsDatanode listening at http://0.0.0.0:34131
2022-03-01 02:07:35,322 [Listener at 127.0.0.1/40943] WARN  impl.MetricRegistriesImpl (MetricRegistriesImpl.java:addReporterRegistration(111)) - New reporters are added after registries were created. Some metrics will be missing from the reporter. Please add reporter before adding any new registry.
2022-03-01 02:07:35,322 [Listener at 127.0.0.1/40943] WARN  impl.MetricRegistriesImpl (MetricRegistriesImpl.java:addReporterRegistration(111)) - New reporters are added after registries were created. Some metrics will be missing from the reporter. Please add reporter before adding any new registry.
2022-03-01 02:07:35,322 [Listener at 127.0.0.1/40943] INFO  impl.MetricsSystemImpl (MetricsSystemImpl.java:init(158)) - HddsDatanode metrics system started (again)
2022-03-01 02:07:35,339 [Datanode State Machine Daemon Thread] INFO  statemachine.DatanodeStateMachine (DatanodeStateMachine.java:lambda$startDaemon$0(470)) - Ozone container server started.
2022-03-01 02:07:35,350 [Listener at 127.0.0.1/40943] INFO  ozone.HddsDatanodeService (HddsDatanodeService.java:start(233)) - HddsDatanodeService host:fv-az294-952.eaanfquahm5ulb5tj050gcxych.jx.internal.cloudapp.net ip:10.1.0.9
2022-03-01 02:07:35,359 [org.apache.hadoop.util.JvmPauseMonitor$Monitor@1aa5c85e] INFO  util.JvmPauseMonitor (JvmPauseMonitor.java:run(188)) - Starting JVM pause monitor
2022-03-01 02:07:35,380 [Datanode State Machine Task Thread - 0] INFO  datanode.InitDatanodeState (InitDatanodeState.java:persistContainerDatanodeDetails(138)) - DatanodeDetails is persisted to /home/runner/work/ozone/ozone/hadoop-ozone/integration-test/target/test-dir/MiniOzoneClusterImpl-434b3942-5fee-4696-bdff-815572bb5a66/datanode-1/meta/datanode.id
2022-03-01 02:07:35,402 [Listener at 127.0.0.1/40943] INFO  upgrade.AbstractLayoutVersionManager (AbstractLayoutVersionManager.java:init(79)) - Initializing Layout version manager with metadata layout = SCM_HA (version = 2), software layout = SCM_HA (version = 2)
2022-03-01 02:07:35,528 [Listener at 127.0.0.1/40943] INFO  reflections.Reflections (Reflections.java:scan(232)) - Reflections took 120 ms to scan 7 urls, producing 122 keys and 286 values 
2022-03-01 02:07:35,532 [Listener at 127.0.0.1/40943] INFO  statemachine.DatanodeStateMachine (DatanodeStateMachine.java:getEndPointTaskThreadPoolSize(222)) - Datanode State Machine Task Thread Pool size 2
2022-03-01 02:07:35,536 [Listener at 127.0.0.1/40943] INFO  volume.HddsVolume (HddsVolume.java:<init>(120)) - Creating HddsVolume: /home/runner/work/ozone/ozone/hadoop-ozone/integration-test/target/test-dir/MiniOzoneClusterImpl-434b3942-5fee-4696-bdff-815572bb5a66/datanode-2/data-0/containers/hdds of storage type : DISK capacity : 9223372036854775807
2022-03-01 02:07:35,536 [Listener at 127.0.0.1/40943] INFO  volume.MutableVolumeSet (MutableVolumeSet.java:initializeVolumeSet(168)) - Added Volume : /home/runner/work/ozone/ozone/hadoop-ozone/integration-test/target/test-dir/MiniOzoneClusterImpl-434b3942-5fee-4696-bdff-815572bb5a66/datanode-2/data-0/containers/hdds to VolumeSet
2022-03-01 02:07:35,536 [Listener at 127.0.0.1/40943] INFO  volume.ThrottledAsyncChecker (ThrottledAsyncChecker.java:schedule(141)) - Scheduling a check for /home/runner/work/ozone/ozone/hadoop-ozone/integration-test/target/test-dir/MiniOzoneClusterImpl-434b3942-5fee-4696-bdff-815572bb5a66/datanode-2/data-0/containers/hdds
2022-03-01 02:07:35,543 [Listener at 127.0.0.1/40943] INFO  volume.StorageVolumeChecker (StorageVolumeChecker.java:checkAllVolumes(202)) - Scheduled health check for volume /home/runner/work/ozone/ozone/hadoop-ozone/integration-test/target/test-dir/MiniOzoneClusterImpl-434b3942-5fee-4696-bdff-815572bb5a66/datanode-2/data-0/containers/hdds
2022-03-01 02:07:35,566 [Listener at 127.0.0.1/40943] INFO  volume.MutableVolumeSet (MutableVolumeSet.java:initializeVolumeSet(168)) - Added Volume : /home/runner/work/ozone/ozone/hadoop-ozone/integration-test/target/test-dir/MiniOzoneClusterImpl-434b3942-5fee-4696-bdff-815572bb5a66/datanode-2/data/ratis to VolumeSet
2022-03-01 02:07:35,566 [Listener at 127.0.0.1/40943] INFO  volume.ThrottledAsyncChecker (ThrottledAsyncChecker.java:schedule(141)) - Scheduling a check for /home/runner/work/ozone/ozone/hadoop-ozone/integration-test/target/test-dir/MiniOzoneClusterImpl-434b3942-5fee-4696-bdff-815572bb5a66/datanode-2/data/ratis
2022-03-01 02:07:35,566 [Listener at 127.0.0.1/40943] INFO  volume.StorageVolumeChecker (StorageVolumeChecker.java:checkAllVolumes(202)) - Scheduled health check for volume /home/runner/work/ozone/ozone/hadoop-ozone/integration-test/target/test-dir/MiniOzoneClusterImpl-434b3942-5fee-4696-bdff-815572bb5a66/datanode-2/data/ratis
2022-03-01 02:07:35,639 [Thread-542] INFO  ozoneimpl.ContainerReader (ContainerReader.java:readVolume(172)) - Finish verifying containers on volume /home/runner/work/ozone/ozone/hadoop-ozone/integration-test/target/test-dir/MiniOzoneClusterImpl-434b3942-5fee-4696-bdff-815572bb5a66/datanode-2/data-0/containers/hdds
2022-03-01 02:07:35,640 [Listener at 127.0.0.1/40943] INFO  ozoneimpl.OzoneContainer (OzoneContainer.java:buildContainerSet(257)) - Build ContainerSet costs 0s
2022-03-01 02:07:35,655 [Listener at 127.0.0.1/40943] INFO  server.RaftServer (ConfUtils.java:logGet(44)) - raft.rpc.type = GRPC (default)
2022-03-01 02:07:35,660 [Listener at 127.0.0.1/40943] INFO  grpc.GrpcFactory (GrpcFactory.java:checkPooledByteBufAllocatorUseCacheForAllThreads(48)) - PERFORMANCE WARNING: useCacheForAllThreads is true that may cause Netty to create a lot garbage objects and, as a result, trigger GC.
	It is recommended to disable useCacheForAllThreads by setting -Dorg.apache.ratis.thirdparty.io.netty.allocator.useCacheForAllThreads=false in command line.
2022-03-01 02:07:35,667 [Listener at 127.0.0.1/40943] INFO  grpc.GrpcConfigKeys (ConfUtils.java:logGet(44)) - raft.grpc.admin.port = 0 (custom)
2022-03-01 02:07:35,667 [Listener at 127.0.0.1/40943] INFO  grpc.GrpcConfigKeys (ConfUtils.java:logGet(44)) - raft.grpc.client.port = 0 (custom)
2022-03-01 02:07:35,668 [Listener at 127.0.0.1/40943] INFO  grpc.GrpcConfigKeys (ConfUtils.java:logGet(44)) - raft.grpc.server.port = 0 (default)
2022-03-01 02:07:35,668 [Listener at 127.0.0.1/40943] INFO  server.GrpcService (ConfUtils.java:logGet(44)) - raft.grpc.message.size.max = 32MB (=33554432) (custom)
2022-03-01 02:07:35,668 [Listener at 127.0.0.1/40943] INFO  server.RaftServerConfigKeys (ConfUtils.java:logGet(44)) - raft.server.log.appender.buffer.byte-limit = 33554432 (custom)
2022-03-01 02:07:35,668 [Listener at 127.0.0.1/40943] INFO  server.GrpcService (ConfUtils.java:logGet(44)) - raft.grpc.flow.control.window = 5MB (=5242880) (custom)
2022-03-01 02:07:35,668 [Listener at 127.0.0.1/40943] INFO  server.RaftServerConfigKeys (ConfUtils.java:logGet(44)) - raft.server.rpc.request.timeout = 60s (custom)
2022-03-01 02:07:35,670 [Listener at 127.0.0.1/40943] INFO  impl.DataStreamServerImpl (ConfUtils.java:logGet(44)) - raft.datastream.type = DISABLED (default)
2022-03-01 02:07:35,674 [Listener at 127.0.0.1/40943] INFO  server.RaftServerConfigKeys (ConfUtils.java:logGet(44)) - raft.server.rpc.slowness.timeout = 300s (custom)
2022-03-01 02:07:35,679 [Listener at 127.0.0.1/40943] INFO  server.RaftServerConfigKeys (ConfUtils.java:logGet(44)) - raft.server.leaderelection.leader.step-down.wait-time = 10s (default)
2022-03-01 02:07:35,679 [Listener at 127.0.0.1/40943] INFO  server.RaftServerConfigKeys (ConfUtils.java:logGet(44)) - raft.server.storage.dir = [/home/runner/work/ozone/ozone/hadoop-ozone/integration-test/target/test-dir/MiniOzoneClusterImpl-434b3942-5fee-4696-bdff-815572bb5a66/datanode-2/data/ratis] (custom)
2022-03-01 02:07:35,681 [Listener at 127.0.0.1/40943] INFO  server.XceiverServerGrpc (XceiverServerGrpc.java:<init>(132)) - GrpcServer channel type EpollServerSocketChannel
2022-03-01 02:07:35,696 [Listener at 127.0.0.1/40943] INFO  http.BaseHttpServer (BaseHttpServer.java:newHttpServer2BuilderForOzone(209)) - Starting Web-server for hddsDatanode at: http://0.0.0.0:0
2022-03-01 02:07:35,696 [Listener at 127.0.0.1/40943] INFO  http.BaseHttpServer (BaseHttpServer.java:<init>(107)) - Hadoop Security Enabled: false Ozone Security Enabled: false Ozone HTTP Security Enabled: false 
2022-03-01 02:07:35,697 [Listener at 127.0.0.1/40943] INFO  server.AuthenticationFilter (AuthenticationFilter.java:constructSecretProvider(240)) - Unable to initialize FileSignerSecretProvider, falling back to use random secrets.
2022-03-01 02:07:35,707 [Listener at 127.0.0.1/40943] WARN  http.HttpRequestLog (HttpRequestLog.java:getRequestLog(103)) - Jetty request log can only be enabled using Log4j
2022-03-01 02:07:35,708 [Listener at 127.0.0.1/40943] INFO  http.HttpServer2 (HttpServer2.java:addGlobalFilter(1030)) - Added global filter 'safety' (class=org.apache.hadoop.hdds.server.http.HttpServer2$QuotingInputFilter)
2022-03-01 02:07:35,709 [Listener at 127.0.0.1/40943] INFO  http.HttpServer2 (HttpServer2.java:addFilter(1006)) - Added filter static_user_filter (class=org.apache.hadoop.http.lib.StaticUserWebFilter$StaticUserFilter) to context hddsDatanode
2022-03-01 02:07:35,709 [Listener at 127.0.0.1/40943] INFO  http.HttpServer2 (HttpServer2.java:addFilter(1014)) - Added filter static_user_filter (class=org.apache.hadoop.http.lib.StaticUserWebFilter$StaticUserFilter) to context logs
2022-03-01 02:07:35,709 [Listener at 127.0.0.1/40943] INFO  http.HttpServer2 (HttpServer2.java:addFilter(1014)) - Added filter static_user_filter (class=org.apache.hadoop.http.lib.StaticUserWebFilter$StaticUserFilter) to context static
2022-03-01 02:07:35,710 [Listener at 127.0.0.1/40943] INFO  http.HttpServer2 (HttpServer2.java:bindListener(1249)) - Jetty bound to port 38119
2022-03-01 02:07:35,710 [Listener at 127.0.0.1/40943] INFO  server.Server (Server.java:doStart(375)) - jetty-9.4.43.v20210629; built: 2021-06-30T11:07:22.254Z; git: 526006ecfa3af7f1a27ef3a288e2bef7ea9dd7e8; jvm 1.8.0_322-b06
2022-03-01 02:07:35,760 [Listener at 127.0.0.1/40943] INFO  server.session (DefaultSessionIdManager.java:doStart(334)) - DefaultSessionIdManager workerName=node0
2022-03-01 02:07:35,760 [Listener at 127.0.0.1/40943] INFO  server.session (DefaultSessionIdManager.java:doStart(339)) - No SessionScavenger set, using defaults
2022-03-01 02:07:35,760 [Listener at 127.0.0.1/40943] INFO  server.session (HouseKeeper.java:startScavenging(132)) - node0 Scavenging every 660000ms
2022-03-01 02:07:35,768 [Listener at 127.0.0.1/40943] INFO  handler.ContextHandler (ContextHandler.java:doStart(915)) - Started o.e.j.s.ServletContextHandler@72225e34{logs,/logs,file:///home/runner/work/ozone/ozone/hadoop-ozone/integration-test/target/log,AVAILABLE}
2022-03-01 02:07:35,769 [Listener at 127.0.0.1/40943] INFO  handler.ContextHandler (ContextHandler.java:doStart(915)) - Started o.e.j.s.ServletContextHandler@2eba393{static,/static,jar:file:/home/runner/.m2/repository/org/apache/ozone/hdds-container-service/1.3.0-SNAPSHOT/hdds-container-service-1.3.0-SNAPSHOT.jar!/webapps/static,AVAILABLE}
2022-03-01 02:07:35,900 [Listener at 127.0.0.1/40943] INFO  handler.ContextHandler (ContextHandler.java:doStart(915)) - Started o.e.j.w.WebAppContext@e3ded9{hddsDatanode,/,file:///tmp/jetty-0_0_0_0-38119-hdds-container-service-1_3_0-SNAPSHOT_jar-_-any-490816449933068253/webapp/,AVAILABLE}{jar:file:/home/runner/.m2/repository/org/apache/ozone/hdds-container-service/1.3.0-SNAPSHOT/hdds-container-service-1.3.0-SNAPSHOT.jar!/webapps/hddsDatanode}
2022-03-01 02:07:35,904 [Listener at 127.0.0.1/40943] INFO  server.AbstractConnector (AbstractConnector.java:doStart(331)) - Started ServerConnector@68082dee{HTTP/1.1, (http/1.1)}{0.0.0.0:38119}
2022-03-01 02:07:35,904 [Listener at 127.0.0.1/40943] INFO  server.Server (Server.java:doStart(415)) - Started @76141ms
2022-03-01 02:07:35,904 [Listener at 127.0.0.1/40943] WARN  impl.MetricsSystemImpl (MetricsSystemImpl.java:register(279)) - Sink prometheus already exists!
2022-03-01 02:07:35,905 [Listener at 127.0.0.1/40943] INFO  http.BaseHttpServer (BaseHttpServer.java:updateConnectorAddress(329)) - HTTP server of hddsDatanode listening at http://0.0.0.0:38119
2022-03-01 02:07:35,923 [Listener at 127.0.0.1/40943] INFO  ozone.MiniOzoneClusterImpl (MiniOzoneClusterImpl.java:lambda$waitForClusterToBeReady$0(219)) - Waiting for nodes to be ready. Got 0 of 3 DN Heartbeats.
2022-03-01 02:07:35,924 [Listener at 127.0.0.1/40943] INFO  ozone.MiniOzoneClusterImpl (MiniOzoneClusterImpl.java:lambda$waitForClusterToBeReady$0(222)) - Waiting for cluster to exit safe mode
2022-03-01 02:07:35,924 [Listener at 127.0.0.1/40943] INFO  ozone.MiniOzoneClusterImpl (MiniOzoneClusterImpl.java:lambda$waitForClusterToBeReady$0(224)) - SCM became leader
2022-03-01 02:07:35,924 [Datanode State Machine Daemon Thread] INFO  statemachine.DatanodeStateMachine (DatanodeStateMachine.java:lambda$startDaemon$0(470)) - Ozone container server started.
2022-03-01 02:07:35,999 [org.apache.hadoop.util.JvmPauseMonitor$Monitor@43951a49] INFO  util.JvmPauseMonitor (JvmPauseMonitor.java:run(188)) - Starting JVM pause monitor
2022-03-01 02:07:36,004 [Datanode State Machine Task Thread - 0] INFO  datanode.InitDatanodeState (InitDatanodeState.java:persistContainerDatanodeDetails(138)) - DatanodeDetails is persisted to /home/runner/work/ozone/ozone/hadoop-ozone/integration-test/target/test-dir/MiniOzoneClusterImpl-434b3942-5fee-4696-bdff-815572bb5a66/datanode-2/meta/datanode.id
2022-03-01 02:07:36,924 [Listener at 127.0.0.1/40943] INFO  ozone.MiniOzoneClusterImpl (MiniOzoneClusterImpl.java:lambda$waitForClusterToBeReady$0(219)) - Waiting for nodes to be ready. Got 0 of 3 DN Heartbeats.
2022-03-01 02:07:36,924 [Listener at 127.0.0.1/40943] INFO  ozone.MiniOzoneClusterImpl (MiniOzoneClusterImpl.java:lambda$waitForClusterToBeReady$0(222)) - Waiting for cluster to exit safe mode
2022-03-01 02:07:36,924 [Listener at 127.0.0.1/40943] INFO  ozone.MiniOzoneClusterImpl (MiniOzoneClusterImpl.java:lambda$waitForClusterToBeReady$0(224)) - SCM became leader
2022-03-01 02:07:36,929 [EndpointStateMachine task thread for /0.0.0.0:42827 - 0 ] INFO  ozoneimpl.OzoneContainer (OzoneContainer.java:start(335)) - Attempting to start container services.
2022-03-01 02:07:36,929 [EndpointStateMachine task thread for /0.0.0.0:42827 - 0 ] INFO  ozoneimpl.OzoneContainer (OzoneContainer.java:startContainerScrub(270)) - Background container scanner has been disabled.
2022-03-01 02:07:36,930 [EndpointStateMachine task thread for /0.0.0.0:42827 - 0 ] INFO  replication.ReplicationServer (ReplicationServer.java:start(111)) - ReplicationServer is started using port 38425
2022-03-01 02:07:36,931 [EndpointStateMachine task thread for /0.0.0.0:42827 - 0 ] INFO  ratis.XceiverServerRatis (XceiverServerRatis.java:start(485)) - Starting XceiverServerRatis f852d663-8551-44ff-bf98-1a071536d5f3
2022-03-01 02:07:36,953 [EndpointStateMachine task thread for /0.0.0.0:42827 - 0 ] INFO  server.RaftServer (RaftServerProxy.java:lambda$start$5(374)) - f852d663-8551-44ff-bf98-1a071536d5f3: start RPC server
2022-03-01 02:07:36,955 [EndpointStateMachine task thread for /0.0.0.0:42827 - 0 ] INFO  server.GrpcService (GrpcService.java:startImpl(253)) - f852d663-8551-44ff-bf98-1a071536d5f3: GrpcService started, listening on 44261
2022-03-01 02:07:36,956 [EndpointStateMachine task thread for /0.0.0.0:42827 - 0 ] INFO  ratis.XceiverServerRatis (XceiverServerRatis.java:getRealPort(506)) - XceiverServerRatis f852d663-8551-44ff-bf98-1a071536d5f3 is started using port 44261 for RATIS
2022-03-01 02:07:36,956 [EndpointStateMachine task thread for /0.0.0.0:42827 - 0 ] INFO  ratis.XceiverServerRatis (XceiverServerRatis.java:getRealPort(506)) - XceiverServerRatis f852d663-8551-44ff-bf98-1a071536d5f3 is started using port 44261 for RATIS_ADMIN
2022-03-01 02:07:36,957 [EndpointStateMachine task thread for /0.0.0.0:42827 - 0 ] INFO  ratis.XceiverServerRatis (XceiverServerRatis.java:getRealPort(506)) - XceiverServerRatis f852d663-8551-44ff-bf98-1a071536d5f3 is started using port 44261 for RATIS_SERVER
2022-03-01 02:07:36,963 [org.apache.ratis.util.JvmPauseMonitor$$Lambda$421/1299661385@227ff8e0] INFO  util.JvmPauseMonitor (JvmPauseMonitor.java:run(103)) - JvmPauseMonitor-f852d663-8551-44ff-bf98-1a071536d5f3: Started
2022-03-01 02:07:36,964 [EndpointStateMachine task thread for /0.0.0.0:42827 - 0 ] INFO  server.XceiverServerGrpc (XceiverServerGrpc.java:start(180)) - XceiverServerGrpc f852d663-8551-44ff-bf98-1a071536d5f3 is started using port 42373
2022-03-01 02:07:37,387 [EndpointStateMachine task thread for /0.0.0.0:42827 - 0 ] INFO  ozoneimpl.OzoneContainer (OzoneContainer.java:start(335)) - Attempting to start container services.
2022-03-01 02:07:37,388 [EndpointStateMachine task thread for /0.0.0.0:42827 - 0 ] INFO  ozoneimpl.OzoneContainer (OzoneContainer.java:startContainerScrub(270)) - Background container scanner has been disabled.
2022-03-01 02:07:37,388 [EndpointStateMachine task thread for /0.0.0.0:42827 - 0 ] INFO  replication.ReplicationServer (ReplicationServer.java:start(111)) - ReplicationServer is started using port 37623
2022-03-01 02:07:37,389 [EndpointStateMachine task thread for /0.0.0.0:42827 - 0 ] INFO  ratis.XceiverServerRatis (XceiverServerRatis.java:start(485)) - Starting XceiverServerRatis 780374df-c85b-440f-b2c8-8ca4ff0a1b56
2022-03-01 02:07:37,392 [EndpointStateMachine task thread for /0.0.0.0:42827 - 0 ] INFO  server.RaftServer (RaftServerProxy.java:lambda$start$5(374)) - 780374df-c85b-440f-b2c8-8ca4ff0a1b56: start RPC server
2022-03-01 02:07:37,394 [EndpointStateMachine task thread for /0.0.0.0:42827 - 0 ] INFO  server.GrpcService (GrpcService.java:startImpl(253)) - 780374df-c85b-440f-b2c8-8ca4ff0a1b56: GrpcService started, listening on 36027
2022-03-01 02:07:37,395 [EndpointStateMachine task thread for /0.0.0.0:42827 - 0 ] INFO  ratis.XceiverServerRatis (XceiverServerRatis.java:getRealPort(506)) - XceiverServerRatis 780374df-c85b-440f-b2c8-8ca4ff0a1b56 is started using port 36027 for RATIS
2022-03-01 02:07:37,395 [EndpointStateMachine task thread for /0.0.0.0:42827 - 0 ] INFO  ratis.XceiverServerRatis (XceiverServerRatis.java:getRealPort(506)) - XceiverServerRatis 780374df-c85b-440f-b2c8-8ca4ff0a1b56 is started using port 36027 for RATIS_ADMIN
2022-03-01 02:07:37,395 [EndpointStateMachine task thread for /0.0.0.0:42827 - 0 ] INFO  ratis.XceiverServerRatis (XceiverServerRatis.java:getRealPort(506)) - XceiverServerRatis 780374df-c85b-440f-b2c8-8ca4ff0a1b56 is started using port 36027 for RATIS_SERVER
2022-03-01 02:07:37,416 [EndpointStateMachine task thread for /0.0.0.0:42827 - 0 ] INFO  server.XceiverServerGrpc (XceiverServerGrpc.java:start(180)) - XceiverServerGrpc 780374df-c85b-440f-b2c8-8ca4ff0a1b56 is started using port 45885
2022-03-01 02:07:37,419 [org.apache.ratis.util.JvmPauseMonitor$$Lambda$421/1299661385@48e22171] INFO  util.JvmPauseMonitor (JvmPauseMonitor.java:run(103)) - JvmPauseMonitor-780374df-c85b-440f-b2c8-8ca4ff0a1b56: Started
2022-03-01 02:07:37,924 [Listener at 127.0.0.1/40943] INFO  ozone.MiniOzoneClusterImpl (MiniOzoneClusterImpl.java:lambda$waitForClusterToBeReady$0(219)) - Waiting for nodes to be ready. Got 0 of 3 DN Heartbeats.
2022-03-01 02:07:37,925 [Listener at 127.0.0.1/40943] INFO  ozone.MiniOzoneClusterImpl (MiniOzoneClusterImpl.java:lambda$waitForClusterToBeReady$0(222)) - Waiting for cluster to exit safe mode
2022-03-01 02:07:37,925 [Listener at 127.0.0.1/40943] INFO  ozone.MiniOzoneClusterImpl (MiniOzoneClusterImpl.java:lambda$waitForClusterToBeReady$0(224)) - SCM became leader
2022-03-01 02:07:38,030 [EndpointStateMachine task thread for /0.0.0.0:42827 - 0 ] INFO  ozoneimpl.OzoneContainer (OzoneContainer.java:start(335)) - Attempting to start container services.
2022-03-01 02:07:38,031 [EndpointStateMachine task thread for /0.0.0.0:42827 - 0 ] INFO  ozoneimpl.OzoneContainer (OzoneContainer.java:startContainerScrub(270)) - Background container scanner has been disabled.
2022-03-01 02:07:38,031 [EndpointStateMachine task thread for /0.0.0.0:42827 - 0 ] INFO  replication.ReplicationServer (ReplicationServer.java:start(111)) - ReplicationServer is started using port 44129
2022-03-01 02:07:38,039 [EndpointStateMachine task thread for /0.0.0.0:42827 - 0 ] INFO  ratis.XceiverServerRatis (XceiverServerRatis.java:start(485)) - Starting XceiverServerRatis 15137193-5371-4ef9-ba6d-6341e6f07c07
2022-03-01 02:07:38,067 [EndpointStateMachine task thread for /0.0.0.0:42827 - 0 ] INFO  server.RaftServer (RaftServerProxy.java:lambda$start$5(374)) - 15137193-5371-4ef9-ba6d-6341e6f07c07: start RPC server
2022-03-01 02:07:38,068 [EndpointStateMachine task thread for /0.0.0.0:42827 - 0 ] INFO  server.GrpcService (GrpcService.java:startImpl(253)) - 15137193-5371-4ef9-ba6d-6341e6f07c07: GrpcService started, listening on 42249
2022-03-01 02:07:38,075 [EndpointStateMachine task thread for /0.0.0.0:42827 - 0 ] INFO  ratis.XceiverServerRatis (XceiverServerRatis.java:getRealPort(506)) - XceiverServerRatis 15137193-5371-4ef9-ba6d-6341e6f07c07 is started using port 42249 for RATIS
2022-03-01 02:07:38,075 [EndpointStateMachine task thread for /0.0.0.0:42827 - 0 ] INFO  ratis.XceiverServerRatis (XceiverServerRatis.java:getRealPort(506)) - XceiverServerRatis 15137193-5371-4ef9-ba6d-6341e6f07c07 is started using port 42249 for RATIS_ADMIN
2022-03-01 02:07:38,075 [EndpointStateMachine task thread for /0.0.0.0:42827 - 0 ] INFO  ratis.XceiverServerRatis (XceiverServerRatis.java:getRealPort(506)) - XceiverServerRatis 15137193-5371-4ef9-ba6d-6341e6f07c07 is started using port 42249 for RATIS_SERVER
2022-03-01 02:07:38,076 [org.apache.ratis.util.JvmPauseMonitor$$Lambda$421/1299661385@d3d0664] INFO  util.JvmPauseMonitor (JvmPauseMonitor.java:run(103)) - JvmPauseMonitor-15137193-5371-4ef9-ba6d-6341e6f07c07: Started
2022-03-01 02:07:38,084 [EndpointStateMachine task thread for /0.0.0.0:42827 - 0 ] INFO  server.XceiverServerGrpc (XceiverServerGrpc.java:start(180)) - XceiverServerGrpc 15137193-5371-4ef9-ba6d-6341e6f07c07 is started using port 34367
2022-03-01 02:07:38,908 [IPC Server handler 0 on default port 42827] INFO  net.NetworkTopologyImpl (NetworkTopologyImpl.java:add(112)) - Added a new node: /default-rack/f852d663-8551-44ff-bf98-1a071536d5f3
2022-03-01 02:07:38,908 [IPC Server handler 0 on default port 42827] INFO  node.SCMNodeManager (SCMNodeManager.java:register(389)) - Registered Data node : f852d663-8551-44ff-bf98-1a071536d5f3{ip: 10.1.0.9, host: fv-az294-952.eaanfquahm5ulb5tj050gcxych.jx.internal.cloudapp.net, ports: [REPLICATION=38425, RATIS=44261, RATIS_ADMIN=44261, RATIS_SERVER=44261, STANDALONE=42373], networkLocation: /default-rack, certSerialId: null, persistedOpState: null, persistedOpStateExpiryEpochSec: 0}
2022-03-01 02:07:38,912 [EventQueue-NewNodeForNewNodeHandler] INFO  pipeline.BackgroundPipelineCreator (BackgroundPipelineCreator.java:notifyEventTriggered(285)) - trigger a one-shot run on RatisPipelineUtilsThread.
2022-03-01 02:07:38,913 [RatisPipelineUtilsThread - 0] INFO  pipeline.RatisPipelineProvider (RatisPipelineProvider.java:lambda$create$0(183)) - Sending CreatePipelineCommand for pipeline:PipelineID=ddfce6c9-5606-4eea-a14c-dc19ee096b5f to datanode:f852d663-8551-44ff-bf98-1a071536d5f3
2022-03-01 02:07:38,923 [EventQueue-NodeRegistrationContainerReportForDataNodeSafeModeRule] INFO  safemode.SCMSafeModeManager (DataNodeSafeModeRule.java:process(71)) - SCM in safe mode. 1 DataNodes registered, 3 required.
2022-03-01 02:07:38,927 [Listener at 127.0.0.1/40943] INFO  ozone.MiniOzoneClusterImpl (MiniOzoneClusterImpl.java:lambda$waitForClusterToBeReady$0(219)) - Waiting for nodes to be ready. Got 1 of 3 DN Heartbeats.
2022-03-01 02:07:38,927 [Listener at 127.0.0.1/40943] INFO  ozone.MiniOzoneClusterImpl (MiniOzoneClusterImpl.java:lambda$waitForClusterToBeReady$0(222)) - Waiting for cluster to exit safe mode
2022-03-01 02:07:38,928 [Listener at 127.0.0.1/40943] INFO  ozone.MiniOzoneClusterImpl (MiniOzoneClusterImpl.java:lambda$waitForClusterToBeReady$0(224)) - SCM became leader
2022-03-01 02:07:38,934 [EventQueue-NodeRegistrationContainerReportForContainerSafeModeRule] INFO  safemode.SCMSafeModeManager (SCMSafeModeManager.java:validateSafeModeExitRules(204)) - ContainerSafeModeRule rule is successfully validated
2022-03-01 02:07:38,948 [EventQueue-PipelineReportForOneReplicaPipelineSafeModeRule] INFO  safemode.SCMSafeModeManager (SCMSafeModeManager.java:validateSafeModeExitRules(204)) - AtleastOneDatanodeReportedRule rule is successfully validated
2022-03-01 02:07:38,980 [09878d1a-377f-423d-a37c-738af89666e1@group-815572BB5A66-StateMachineUpdater] INFO  pipeline.PipelineStateManagerImpl (PipelineStateManagerImpl.java:addPipeline(101)) - Created pipeline Pipeline[ Id: ddfce6c9-5606-4eea-a14c-dc19ee096b5f, Nodes: f852d663-8551-44ff-bf98-1a071536d5f3{ip: 10.1.0.9, host: fv-az294-952.eaanfquahm5ulb5tj050gcxych.jx.internal.cloudapp.net, ports: [REPLICATION=38425, RATIS=44261, RATIS_ADMIN=44261, RATIS_SERVER=44261, STANDALONE=42373], networkLocation: /default-rack, certSerialId: null, persistedOpState: IN_SERVICE, persistedOpStateExpiryEpochSec: 0}, ReplicationConfig: RATIS/ONE, State:ALLOCATED, leaderId:, CreationTimestamp2022-03-01T02:07:38.913Z[Etc/UTC]].
2022-03-01 02:07:38,980 [09878d1a-377f-423d-a37c-738af89666e1@group-815572BB5A66-StateMachineUpdater] INFO  safemode.HealthyPipelineSafeModeRule (HealthyPipelineSafeModeRule.java:initializeRule(152)) - Refreshed total pipeline count is 0, healthy pipeline threshold count is 1
2022-03-01 02:07:39,364 [IPC Server handler 2 on default port 42827] INFO  net.NetworkTopologyImpl (NetworkTopologyImpl.java:add(112)) - Added a new node: /default-rack/780374df-c85b-440f-b2c8-8ca4ff0a1b56
2022-03-01 02:07:39,365 [IPC Server handler 2 on default port 42827] INFO  node.SCMNodeManager (SCMNodeManager.java:register(389)) - Registered Data node : 780374df-c85b-440f-b2c8-8ca4ff0a1b56{ip: 10.1.0.9, host: fv-az294-952.eaanfquahm5ulb5tj050gcxych.jx.internal.cloudapp.net, ports: [REPLICATION=37623, RATIS=36027, RATIS_ADMIN=36027, RATIS_SERVER=36027, STANDALONE=45885], networkLocation: /default-rack, certSerialId: null, persistedOpState: null, persistedOpStateExpiryEpochSec: 0}
2022-03-01 02:07:39,365 [EventQueue-NewNodeForNewNodeHandler] INFO  pipeline.BackgroundPipelineCreator (BackgroundPipelineCreator.java:notifyEventTriggered(285)) - trigger a one-shot run on RatisPipelineUtilsThread.
2022-03-01 02:07:39,366 [EventQueue-NodeRegistrationContainerReportForDataNodeSafeModeRule] INFO  safemode.SCMSafeModeManager (DataNodeSafeModeRule.java:process(71)) - SCM in safe mode. 2 DataNodes registered, 3 required.
2022-03-01 02:07:39,366 [RatisPipelineUtilsThread - 0] INFO  pipeline.RatisPipelineProvider (RatisPipelineProvider.java:lambda$create$0(183)) - Sending CreatePipelineCommand for pipeline:PipelineID=60d1fffc-8330-4b4e-abfa-df23ac2fbd61 to datanode:780374df-c85b-440f-b2c8-8ca4ff0a1b56
2022-03-01 02:07:39,368 [09878d1a-377f-423d-a37c-738af89666e1@group-815572BB5A66-StateMachineUpdater] INFO  pipeline.PipelineStateManagerImpl (PipelineStateManagerImpl.java:addPipeline(101)) - Created pipeline Pipeline[ Id: 60d1fffc-8330-4b4e-abfa-df23ac2fbd61, Nodes: 780374df-c85b-440f-b2c8-8ca4ff0a1b56{ip: 10.1.0.9, host: fv-az294-952.eaanfquahm5ulb5tj050gcxych.jx.internal.cloudapp.net, ports: [REPLICATION=37623, RATIS=36027, RATIS_ADMIN=36027, RATIS_SERVER=36027, STANDALONE=45885], networkLocation: /default-rack, certSerialId: null, persistedOpState: IN_SERVICE, persistedOpStateExpiryEpochSec: 0}, ReplicationConfig: RATIS/ONE, State:ALLOCATED, leaderId:, CreationTimestamp2022-03-01T02:07:39.366Z[Etc/UTC]].
2022-03-01 02:07:39,368 [09878d1a-377f-423d-a37c-738af89666e1@group-815572BB5A66-StateMachineUpdater] INFO  safemode.HealthyPipelineSafeModeRule (HealthyPipelineSafeModeRule.java:initializeRule(152)) - Refreshed total pipeline count is 0, healthy pipeline threshold count is 1
2022-03-01 02:07:39,928 [Listener at 127.0.0.1/40943] INFO  ozone.MiniOzoneClusterImpl (MiniOzoneClusterImpl.java:lambda$waitForClusterToBeReady$0(219)) - Waiting for nodes to be ready. Got 2 of 3 DN Heartbeats.
2022-03-01 02:07:39,929 [Listener at 127.0.0.1/40943] INFO  ozone.MiniOzoneClusterImpl (MiniOzoneClusterImpl.java:lambda$waitForClusterToBeReady$0(222)) - Waiting for cluster to exit safe mode
2022-03-01 02:07:39,929 [Listener at 127.0.0.1/40943] INFO  ozone.MiniOzoneClusterImpl (MiniOzoneClusterImpl.java:lambda$waitForClusterToBeReady$0(224)) - SCM became leader
2022-03-01 02:07:40,001 [IPC Server handler 1 on default port 42827] INFO  net.NetworkTopologyImpl (NetworkTopologyImpl.java:add(112)) - Added a new node: /default-rack/15137193-5371-4ef9-ba6d-6341e6f07c07
2022-03-01 02:07:40,001 [IPC Server handler 1 on default port 42827] INFO  node.SCMNodeManager (SCMNodeManager.java:register(389)) - Registered Data node : 15137193-5371-4ef9-ba6d-6341e6f07c07{ip: 10.1.0.9, host: fv-az294-952.eaanfquahm5ulb5tj050gcxych.jx.internal.cloudapp.net, ports: [REPLICATION=44129, RATIS=42249, RATIS_ADMIN=42249, RATIS_SERVER=42249, STANDALONE=34367], networkLocation: /default-rack, certSerialId: null, persistedOpState: null, persistedOpStateExpiryEpochSec: 0}
2022-03-01 02:07:40,001 [EventQueue-NewNodeForNewNodeHandler] INFO  pipeline.BackgroundPipelineCreator (BackgroundPipelineCreator.java:notifyEventTriggered(285)) - trigger a one-shot run on RatisPipelineUtilsThread.
2022-03-01 02:07:40,002 [RatisPipelineUtilsThread - 0] INFO  pipeline.RatisPipelineProvider (RatisPipelineProvider.java:lambda$create$0(183)) - Sending CreatePipelineCommand for pipeline:PipelineID=b7fe91c3-5757-47ff-8a09-7238360f1248 to datanode:15137193-5371-4ef9-ba6d-6341e6f07c07
2022-03-01 02:07:40,003 [EventQueue-NodeRegistrationContainerReportForDataNodeSafeModeRule] INFO  safemode.SCMSafeModeManager (DataNodeSafeModeRule.java:process(71)) - SCM in safe mode. 3 DataNodes registered, 3 required.
2022-03-01 02:07:40,003 [EventQueue-NodeRegistrationContainerReportForDataNodeSafeModeRule] INFO  safemode.SCMSafeModeManager (SCMSafeModeManager.java:validateSafeModeExitRules(204)) - DataNodeSafeModeRule rule is successfully validated
2022-03-01 02:07:40,003 [EventQueue-NodeRegistrationContainerReportForDataNodeSafeModeRule] INFO  safemode.SCMSafeModeManager (SCMSafeModeManager.java:completePreCheck(233)) - All SCM safe mode pre check rules have passed
2022-03-01 02:07:40,003 [EventQueue-NodeRegistrationContainerReportForDataNodeSafeModeRule] WARN  events.EventQueue (EventQueue.java:fireEvent(194)) - No event handler registered for event TypedEvent{payloadType=SafeModeStatus, name='Safe mode status'}
2022-03-01 02:07:40,003 [EventQueue-NodeRegistrationContainerReportForDataNodeSafeModeRule] INFO  ha.SCMContext (SCMContext.java:updateSafeModeStatus(211)) - Update SafeModeStatus from SafeModeStatus{safeModeStatus=true, preCheckPassed=false} to SafeModeStatus{safeModeStatus=true, preCheckPassed=true}.
2022-03-01 02:07:40,003 [09878d1a-377f-423d-a37c-738af89666e1@group-815572BB5A66-StateMachineUpdater] INFO  pipeline.PipelineStateManagerImpl (PipelineStateManagerImpl.java:addPipeline(101)) - Created pipeline Pipeline[ Id: b7fe91c3-5757-47ff-8a09-7238360f1248, Nodes: 15137193-5371-4ef9-ba6d-6341e6f07c07{ip: 10.1.0.9, host: fv-az294-952.eaanfquahm5ulb5tj050gcxych.jx.internal.cloudapp.net, ports: [REPLICATION=44129, RATIS=42249, RATIS_ADMIN=42249, RATIS_SERVER=42249, STANDALONE=34367], networkLocation: /default-rack, certSerialId: null, persistedOpState: IN_SERVICE, persistedOpStateExpiryEpochSec: 0}, ReplicationConfig: RATIS/ONE, State:ALLOCATED, leaderId:, CreationTimestamp2022-03-01T02:07:40.002Z[Etc/UTC]].
2022-03-01 02:07:40,003 [EventQueue-NodeRegistrationContainerReportForDataNodeSafeModeRule] INFO  pipeline.BackgroundPipelineCreator (BackgroundPipelineCreator.java:notifyEventTriggered(285)) - trigger a one-shot run on RatisPipelineUtilsThread.
2022-03-01 02:07:40,004 [09878d1a-377f-423d-a37c-738af89666e1@group-815572BB5A66-StateMachineUpdater] INFO  safemode.HealthyPipelineSafeModeRule (HealthyPipelineSafeModeRule.java:initializeRule(152)) - Refreshed total pipeline count is 0, healthy pipeline threshold count is 1
2022-03-01 02:07:40,008 [RatisPipelineUtilsThread - 0] INFO  pipeline.RatisPipelineProvider (RatisPipelineProvider.java:lambda$create$0(183)) - Sending CreatePipelineCommand for pipeline:PipelineID=51d4ef2b-062f-481a-8a4c-a898926582e2 to datanode:780374df-c85b-440f-b2c8-8ca4ff0a1b56
2022-03-01 02:07:40,008 [RatisPipelineUtilsThread - 0] INFO  pipeline.RatisPipelineProvider (RatisPipelineProvider.java:lambda$create$0(183)) - Sending CreatePipelineCommand for pipeline:PipelineID=51d4ef2b-062f-481a-8a4c-a898926582e2 to datanode:f852d663-8551-44ff-bf98-1a071536d5f3
2022-03-01 02:07:40,008 [RatisPipelineUtilsThread - 0] INFO  pipeline.RatisPipelineProvider (RatisPipelineProvider.java:lambda$create$0(183)) - Sending CreatePipelineCommand for pipeline:PipelineID=51d4ef2b-062f-481a-8a4c-a898926582e2 to datanode:15137193-5371-4ef9-ba6d-6341e6f07c07
2022-03-01 02:07:40,012 [09878d1a-377f-423d-a37c-738af89666e1@group-815572BB5A66-StateMachineUpdater] INFO  pipeline.PipelineStateManagerImpl (PipelineStateManagerImpl.java:addPipeline(101)) - Created pipeline Pipeline[ Id: 51d4ef2b-062f-481a-8a4c-a898926582e2, Nodes: 780374df-c85b-440f-b2c8-8ca4ff0a1b56{ip: 10.1.0.9, host: fv-az294-952.eaanfquahm5ulb5tj050gcxych.jx.internal.cloudapp.net, ports: [REPLICATION=37623, RATIS=36027, RATIS_ADMIN=36027, RATIS_SERVER=36027, STANDALONE=45885], networkLocation: /default-rack, certSerialId: null, persistedOpState: IN_SERVICE, persistedOpStateExpiryEpochSec: 0}f852d663-8551-44ff-bf98-1a071536d5f3{ip: 10.1.0.9, host: fv-az294-952.eaanfquahm5ulb5tj050gcxych.jx.internal.cloudapp.net, ports: [REPLICATION=38425, RATIS=44261, RATIS_ADMIN=44261, RATIS_SERVER=44261, STANDALONE=42373], networkLocation: /default-rack, certSerialId: null, persistedOpState: IN_SERVICE, persistedOpStateExpiryEpochSec: 0}15137193-5371-4ef9-ba6d-6341e6f07c07{ip: 10.1.0.9, host: fv-az294-952.eaanfquahm5ulb5tj050gcxych.jx.internal.cloudapp.net, ports: [REPLICATION=44129, RATIS=42249, RATIS_ADMIN=42249, RATIS_SERVER=42249, STANDALONE=34367], networkLocation: /default-rack, certSerialId: null, persistedOpState: IN_SERVICE, persistedOpStateExpiryEpochSec: 0}, ReplicationConfig: RATIS/THREE, State:ALLOCATED, leaderId:, CreationTimestamp2022-03-01T02:07:40.008Z[Etc/UTC]].
2022-03-01 02:07:40,012 [09878d1a-377f-423d-a37c-738af89666e1@group-815572BB5A66-StateMachineUpdater] INFO  safemode.HealthyPipelineSafeModeRule (HealthyPipelineSafeModeRule.java:initializeRule(152)) - Refreshed total pipeline count is 0, healthy pipeline threshold count is 1
2022-03-01 02:07:40,013 [RatisPipelineUtilsThread - 0] INFO  pipeline.RatisPipelineProvider (RatisPipelineProvider.java:lambda$create$0(183)) - Sending CreatePipelineCommand for pipeline:PipelineID=16c166a4-a356-4c43-adc8-c5b14855d53c to datanode:780374df-c85b-440f-b2c8-8ca4ff0a1b56
2022-03-01 02:07:40,014 [RatisPipelineUtilsThread - 0] INFO  pipeline.RatisPipelineProvider (RatisPipelineProvider.java:lambda$create$0(183)) - Sending CreatePipelineCommand for pipeline:PipelineID=16c166a4-a356-4c43-adc8-c5b14855d53c to datanode:f852d663-8551-44ff-bf98-1a071536d5f3
2022-03-01 02:07:40,014 [RatisPipelineUtilsThread - 0] INFO  pipeline.RatisPipelineProvider (RatisPipelineProvider.java:lambda$create$0(183)) - Sending CreatePipelineCommand for pipeline:PipelineID=16c166a4-a356-4c43-adc8-c5b14855d53c to datanode:15137193-5371-4ef9-ba6d-6341e6f07c07
2022-03-01 02:07:40,015 [09878d1a-377f-423d-a37c-738af89666e1@group-815572BB5A66-StateMachineUpdater] INFO  pipeline.PipelineStateManagerImpl (PipelineStateManagerImpl.java:addPipeline(101)) - Created pipeline Pipeline[ Id: 16c166a4-a356-4c43-adc8-c5b14855d53c, Nodes: 780374df-c85b-440f-b2c8-8ca4ff0a1b56{ip: 10.1.0.9, host: fv-az294-952.eaanfquahm5ulb5tj050gcxych.jx.internal.cloudapp.net, ports: [REPLICATION=37623, RATIS=36027, RATIS_ADMIN=36027, RATIS_SERVER=36027, STANDALONE=45885], networkLocation: /default-rack, certSerialId: null, persistedOpState: IN_SERVICE, persistedOpStateExpiryEpochSec: 0}f852d663-8551-44ff-bf98-1a071536d5f3{ip: 10.1.0.9, host: fv-az294-952.eaanfquahm5ulb5tj050gcxych.jx.internal.cloudapp.net, ports: [REPLICATION=38425, RATIS=44261, RATIS_ADMIN=44261, RATIS_SERVER=44261, STANDALONE=42373], networkLocation: /default-rack, certSerialId: null, persistedOpState: IN_SERVICE, persistedOpStateExpiryEpochSec: 0}15137193-5371-4ef9-ba6d-6341e6f07c07{ip: 10.1.0.9, host: fv-az294-952.eaanfquahm5ulb5tj050gcxych.jx.internal.cloudapp.net, ports: [REPLICATION=44129, RATIS=42249, RATIS_ADMIN=42249, RATIS_SERVER=42249, STANDALONE=34367], networkLocation: /default-rack, certSerialId: null, persistedOpState: IN_SERVICE, persistedOpStateExpiryEpochSec: 0}, ReplicationConfig: RATIS/THREE, State:ALLOCATED, leaderId:, CreationTimestamp2022-03-01T02:07:40.013Z[Etc/UTC]].
2022-03-01 02:07:40,015 [09878d1a-377f-423d-a37c-738af89666e1@group-815572BB5A66-StateMachineUpdater] INFO  safemode.HealthyPipelineSafeModeRule (HealthyPipelineSafeModeRule.java:initializeRule(152)) - Refreshed total pipeline count is 0, healthy pipeline threshold count is 1
2022-03-01 02:07:40,015 [RatisPipelineUtilsThread - 0] INFO  pipeline.PipelineManagerImpl (PipelineManagerImpl.java:recordMetricsForPipeline(639)) - Pipeline: PipelineID=16c166a4-a356-4c43-adc8-c5b14855d53c contains same datanodes as previous pipelines: PipelineID=51d4ef2b-062f-481a-8a4c-a898926582e2 nodeIds: 780374df-c85b-440f-b2c8-8ca4ff0a1b56, f852d663-8551-44ff-bf98-1a071536d5f3, 15137193-5371-4ef9-ba6d-6341e6f07c07
2022-03-01 02:07:40,929 [Listener at 127.0.0.1/40943] INFO  ozone.MiniOzoneClusterImpl (MiniOzoneClusterImpl.java:lambda$waitForClusterToBeReady$0(219)) - Nodes are ready. Got 3 of 3 DN Heartbeats.
2022-03-01 02:07:40,930 [Listener at 127.0.0.1/40943] INFO  ozone.MiniOzoneClusterImpl (MiniOzoneClusterImpl.java:lambda$waitForClusterToBeReady$0(222)) - Waiting for cluster to exit safe mode
2022-03-01 02:07:40,930 [Listener at 127.0.0.1/40943] INFO  ozone.MiniOzoneClusterImpl (MiniOzoneClusterImpl.java:lambda$waitForClusterToBeReady$0(224)) - SCM became leader
2022-03-01 02:07:41,905 [Command processor thread] INFO  server.RaftServer (RaftServerProxy.java:addNew(95)) - f852d663-8551-44ff-bf98-1a071536d5f3: addNew group-DC19EE096B5F:[f852d663-8551-44ff-bf98-1a071536d5f3|rpc:10.1.0.9:44261|priority:1] returns group-DC19EE096B5F:java.util.concurrent.CompletableFuture@39c59004[Not completed]
2022-03-01 02:07:41,927 [pool-227-thread-1] INFO  server.RaftServer$Division (RaftServerImpl.java:<init>(184)) - f852d663-8551-44ff-bf98-1a071536d5f3: new RaftServerImpl for group-DC19EE096B5F:[f852d663-8551-44ff-bf98-1a071536d5f3|rpc:10.1.0.9:44261|priority:1] with ContainerStateMachine:uninitialized
2022-03-01 02:07:41,930 [Listener at 127.0.0.1/40943] INFO  ozone.MiniOzoneClusterImpl (MiniOzoneClusterImpl.java:lambda$waitForClusterToBeReady$0(219)) - Nodes are ready. Got 3 of 3 DN Heartbeats.
2022-03-01 02:07:41,930 [Listener at 127.0.0.1/40943] INFO  ozone.MiniOzoneClusterImpl (MiniOzoneClusterImpl.java:lambda$waitForClusterToBeReady$0(222)) - Waiting for cluster to exit safe mode
2022-03-01 02:07:41,930 [Listener at 127.0.0.1/40943] INFO  ozone.MiniOzoneClusterImpl (MiniOzoneClusterImpl.java:lambda$waitForClusterToBeReady$0(224)) - SCM became leader
2022-03-01 02:07:41,935 [pool-227-thread-1] INFO  server.RaftServerConfigKeys (ConfUtils.java:logGet(44)) - raft.server.rpc.timeout.min = 5s (custom)
2022-03-01 02:07:41,935 [pool-227-thread-1] INFO  server.RaftServerConfigKeys (ConfUtils.java:logGet(44)) - raft.server.rpc.timeout.max = 5200ms (custom)
2022-03-01 02:07:41,935 [pool-227-thread-1] INFO  server.RaftServerConfigKeys (ConfUtils.java:logGet(44)) - raft.server.rpc.sleep.time = 25ms (default)
2022-03-01 02:07:41,935 [pool-227-thread-1] INFO  server.RaftServerConfigKeys (ConfUtils.java:logGet(44)) - raft.server.rpc.slowness.timeout = 300s (custom)
2022-03-01 02:07:41,935 [pool-227-thread-1] INFO  server.RaftServerConfigKeys (ConfUtils.java:logGet(44)) - raft.server.leaderelection.leader.step-down.wait-time = 10s (default)
2022-03-01 02:07:41,935 [pool-227-thread-1] INFO  server.RaftServerConfigKeys (ConfUtils.java:logGet(44)) - raft.server.sleep.deviation.threshold = 300ms (default)
2022-03-01 02:07:41,936 [pool-227-thread-1] INFO  server.RaftServerConfigKeys (ConfUtils.java:logGet(44)) - raft.server.log.appender.install.snapshot.enabled = false (custom)
2022-03-01 02:07:41,936 [pool-227-thread-1] INFO  server.RaftServer$Division (ServerState.java:<init>(105)) - f852d663-8551-44ff-bf98-1a071536d5f3@group-DC19EE096B5F: ConfigurationManager, init=-1: [f852d663-8551-44ff-bf98-1a071536d5f3|rpc:10.1.0.9:44261|priority:1], old=null, confs=<EMPTY_MAP>
2022-03-01 02:07:41,936 [pool-227-thread-1] INFO  server.RaftServerConfigKeys (ConfUtils.java:logGet(44)) - raft.server.storage.dir = [/home/runner/work/ozone/ozone/hadoop-ozone/integration-test/target/test-dir/MiniOzoneClusterImpl-434b3942-5fee-4696-bdff-815572bb5a66/datanode-0/data/ratis] (custom)
2022-03-01 02:07:41,936 [pool-227-thread-1] INFO  server.RaftServerConfigKeys (ConfUtils.java:logGet(44)) - raft.server.log.corruption.policy = EXCEPTION (default)
2022-03-01 02:07:41,936 [pool-227-thread-1] INFO  server.RaftServerConfigKeys (ConfUtils.java:logGet(44)) - raft.server.storage.free-space.min = 0MB (=0) (default)
2022-03-01 02:07:41,936 [pool-227-thread-1] INFO  storage.RaftStorageDirectory (RaftStorageDirectoryImpl.java:analyzeStorage(135)) - The storage directory /home/runner/work/ozone/ozone/hadoop-ozone/integration-test/target/test-dir/MiniOzoneClusterImpl-434b3942-5fee-4696-bdff-815572bb5a66/datanode-0/data/ratis/ddfce6c9-5606-4eea-a14c-dc19ee096b5f does not exist. Creating ...
2022-03-01 02:07:41,938 [pool-227-thread-1] INFO  storage.RaftStorageDirectory (RaftStorageDirectoryImpl.java:tryLock(230)) - Lock on /home/runner/work/ozone/ozone/hadoop-ozone/integration-test/target/test-dir/MiniOzoneClusterImpl-434b3942-5fee-4696-bdff-815572bb5a66/datanode-0/data/ratis/ddfce6c9-5606-4eea-a14c-dc19ee096b5f/in_use.lock acquired by nodename 9245@fv-az294-952
2022-03-01 02:07:41,939 [pool-227-thread-1] INFO  storage.RaftStorage (RaftStorageImpl.java:format(89)) - Storage directory /home/runner/work/ozone/ozone/hadoop-ozone/integration-test/target/test-dir/MiniOzoneClusterImpl-434b3942-5fee-4696-bdff-815572bb5a66/datanode-0/data/ratis/ddfce6c9-5606-4eea-a14c-dc19ee096b5f has been successfully formatted.
2022-03-01 02:07:41,943 [pool-227-thread-1] INFO  ratis.ContainerStateMachine (ContainerStateMachine.java:loadSnapshot(236)) - group-DC19EE096B5F: The snapshot info is null. Setting the last applied indexto:(t:0, i:~)
2022-03-01 02:07:41,943 [pool-227-thread-1] INFO  server.RaftServerConfigKeys (ConfUtils.java:logGet(44)) - raft.server.notification.no-leader.timeout = 300s (custom)
2022-03-01 02:07:41,943 [pool-227-thread-1] INFO  server.RaftServerConfigKeys (ConfUtils.java:logGet(44)) - raft.server.log.use.memory = false (default)
2022-03-01 02:07:41,943 [pool-227-thread-1] INFO  server.RaftServerConfigKeys (ConfUtils.java:logGet(44)) - raft.server.log.purge.gap = 1000000 (custom)
2022-03-01 02:07:41,943 [pool-227-thread-1] INFO  server.RaftServerConfigKeys (ConfUtils.java:logGet(44)) - raft.server.log.appender.buffer.byte-limit = 33554432 (custom)
2022-03-01 02:07:41,944 [pool-227-thread-1] INFO  server.RaftServerConfigKeys (ConfUtils.java:logGet(44)) - raft.server.log.segment.size.max = 1048576 (custom)
2022-03-01 02:07:41,944 [EventQueue-PipelineReportForPipelineReportHandler] INFO  pipeline.PipelineManagerImpl (PipelineManagerImpl.java:openPipeline(291)) - Pipeline Pipeline[ Id: ddfce6c9-5606-4eea-a14c-dc19ee096b5f, Nodes: f852d663-8551-44ff-bf98-1a071536d5f3{ip: 10.1.0.9, host: fv-az294-952.eaanfquahm5ulb5tj050gcxych.jx.internal.cloudapp.net, ports: [REPLICATION=38425, RATIS=44261, RATIS_ADMIN=44261, RATIS_SERVER=44261, STANDALONE=42373], networkLocation: /default-rack, certSerialId: null, persistedOpState: IN_SERVICE, persistedOpStateExpiryEpochSec: 0}, ReplicationConfig: RATIS/ONE, State:ALLOCATED, leaderId:f852d663-8551-44ff-bf98-1a071536d5f3, CreationTimestamp2022-03-01T02:07:38.913Z[Etc/UTC]] moved to OPEN state
2022-03-01 02:07:41,956 [09878d1a-377f-423d-a37c-738af89666e1@group-815572BB5A66-StateMachineUpdater] INFO  safemode.HealthyPipelineSafeModeRule (HealthyPipelineSafeModeRule.java:initializeRule(152)) - Refreshed total pipeline count is 0, healthy pipeline threshold count is 1
2022-03-01 02:07:41,961 [pool-227-thread-1] INFO  server.RaftServerConfigKeys (ConfUtils.java:logGet(44)) - raft.server.log.segment.cache.num.max = 2 (custom)
2022-03-01 02:07:41,979 [pool-227-thread-1] INFO  server.RaftServerConfigKeys (ConfUtils.java:logGet(44)) - raft.server.log.segment.cache.size.max = 200MB (=209715200) (default)
2022-03-01 02:07:41,979 [pool-227-thread-1] INFO  segmented.SegmentedRaftLogWorker (SegmentedRaftLogWorker.java:<init>(182)) - new f852d663-8551-44ff-bf98-1a071536d5f3@group-DC19EE096B5F-SegmentedRaftLogWorker for RaftStorageImpl:Storage Directory /home/runner/work/ozone/ozone/hadoop-ozone/integration-test/target/test-dir/MiniOzoneClusterImpl-434b3942-5fee-4696-bdff-815572bb5a66/datanode-0/data/ratis/ddfce6c9-5606-4eea-a14c-dc19ee096b5f
2022-03-01 02:07:41,979 [pool-227-thread-1] INFO  server.RaftServerConfigKeys (ConfUtils.java:logGet(44)) - raft.server.log.queue.byte-limit = 4294967296 (custom)
2022-03-01 02:07:41,979 [pool-227-thread-1] INFO  server.RaftServerConfigKeys (ConfUtils.java:logGet(44)) - raft.server.log.queue.element-limit = 1024 (custom)
2022-03-01 02:07:41,980 [pool-227-thread-1] INFO  server.RaftServerConfigKeys (ConfUtils.java:logGet(44)) - raft.server.log.segment.size.max = 1048576 (custom)
2022-03-01 02:07:41,980 [pool-227-thread-1] INFO  server.RaftServerConfigKeys (ConfUtils.java:logGet(44)) - raft.server.log.preallocated.size = 16384 (custom)
2022-03-01 02:07:41,980 [pool-227-thread-1] INFO  server.RaftServerConfigKeys (ConfUtils.java:logGet(44)) - raft.server.log.force.sync.num = 128 (default)
2022-03-01 02:07:41,980 [pool-227-thread-1] INFO  server.RaftServerConfigKeys (ConfUtils.java:logGet(44)) - raft.server.log.statemachine.data.sync = true (default)
2022-03-01 02:07:41,980 [pool-227-thread-1] INFO  server.RaftServerConfigKeys (ConfUtils.java:logGet(44)) - raft.server.log.statemachine.data.sync.timeout = 10s (default)
2022-03-01 02:07:41,980 [pool-227-thread-1] INFO  server.RaftServerConfigKeys (ConfUtils.java:logGet(44)) - raft.server.log.statemachine.data.sync.timeout.retry = -1 (default)
2022-03-01 02:07:41,987 [EventQueue-OpenPipelineForHealthyPipelineSafeModeRule] INFO  safemode.SCMSafeModeManager (HealthyPipelineSafeModeRule.java:process(124)) - SCM in safe mode. Healthy pipelines reported count is 0, required healthy pipeline reported count is 1
2022-03-01 02:07:41,992 [pool-227-thread-1] INFO  server.RaftServerConfigKeys (ConfUtils.java:logGet(44)) - raft.server.log.write.buffer.size = 1048576 (custom)
2022-03-01 02:07:41,993 [pool-227-thread-1] INFO  server.RaftServerConfigKeys (ConfUtils.java:logGet(44)) - raft.server.log.statemachine.data.caching.enabled = true (custom)
2022-03-01 02:07:41,993 [pool-227-thread-1] INFO  segmented.SegmentedRaftLogWorker (SegmentedRaftLogWorker.java:lambda$new$0(133)) - f852d663-8551-44ff-bf98-1a071536d5f3@group-DC19EE096B5F-SegmentedRaftLogWorker: flushIndex: setUnconditionally 0 -> -1
2022-03-01 02:07:41,993 [pool-227-thread-1] INFO  segmented.SegmentedRaftLogWorker (SegmentedRaftLogWorker.java:lambda$new$0(133)) - f852d663-8551-44ff-bf98-1a071536d5f3@group-DC19EE096B5F-SegmentedRaftLogWorker: safeCacheEvictIndex: setUnconditionally 0 -> -1
2022-03-01 02:07:41,995 [pool-227-thread-1] INFO  server.RaftServerConfigKeys (ConfUtils.java:logGet(44)) - raft.server.snapshot.auto.trigger.enabled = true (custom)
2022-03-01 02:07:41,995 [pool-227-thread-1] INFO  server.RaftServerConfigKeys (ConfUtils.java:logGet(44)) - raft.server.snapshot.auto.trigger.threshold = 10000 (custom)
2022-03-01 02:07:41,995 [pool-227-thread-1] INFO  server.RaftServerConfigKeys (ConfUtils.java:logGet(44)) - raft.server.snapshot.retention.file.num = 5 (custom)
2022-03-01 02:07:41,995 [pool-227-thread-1] INFO  server.RaftServerConfigKeys (ConfUtils.java:logGet(44)) - raft.server.log.purge.upto.snapshot.index = false (default)
2022-03-01 02:07:41,995 [pool-227-thread-1] INFO  server.RaftServerConfigKeys (ConfUtils.java:logGet(44)) - raft.server.retrycache.expirytime = 600000ms (custom)
2022-03-01 02:07:41,995 [pool-227-thread-1] INFO  server.RaftServerConfigKeys (ConfUtils.java:logGet(44)) - raft.server.retrycache.statistics.expirytime = 100μs (default)
2022-03-01 02:07:41,997 [pool-227-thread-1] INFO  server.RaftServer$Division (RaftServerImpl.java:start(301)) - f852d663-8551-44ff-bf98-1a071536d5f3@group-DC19EE096B5F: start as a follower, conf=-1: [f852d663-8551-44ff-bf98-1a071536d5f3|rpc:10.1.0.9:44261|priority:1], old=null
2022-03-01 02:07:41,997 [pool-227-thread-1] INFO  server.RaftServer$Division (RaftServerImpl.java:setRole(290)) - f852d663-8551-44ff-bf98-1a071536d5f3@group-DC19EE096B5F: changes role from      null to FOLLOWER at term 0 for startAsFollower
2022-03-01 02:07:41,997 [pool-227-thread-1] INFO  impl.RoleInfo (RoleInfo.java:updateAndGet(130)) - f852d663-8551-44ff-bf98-1a071536d5f3: start f852d663-8551-44ff-bf98-1a071536d5f3@group-DC19EE096B5F-FollowerState
2022-03-01 02:07:41,999 [pool-227-thread-1] INFO  util.JmxRegister (JmxRegister.java:tryRegister(44)) - Successfully registered JMX Bean with object name Ratis:service=RaftServer,group=group-DC19EE096B5F,id=f852d663-8551-44ff-bf98-1a071536d5f3
2022-03-01 02:07:42,001 [Command processor thread] INFO  ratis.XceiverServerRatis (XceiverServerRatis.java:addGroup(769)) - Created group PipelineID=ddfce6c9-5606-4eea-a14c-dc19ee096b5f
2022-03-01 02:07:42,001 [Command processor thread] INFO  commandhandler.CreatePipelineCommandHandler (CreatePipelineCommandHandler.java:handle(106)) - Created Pipeline RATIS ONE PipelineID=ddfce6c9-5606-4eea-a14c-dc19ee096b5f.
2022-03-01 02:07:42,001 [Command processor thread] INFO  server.RaftServer (RaftServerProxy.java:addNew(95)) - f852d663-8551-44ff-bf98-1a071536d5f3: addNew group-A898926582E2:[15137193-5371-4ef9-ba6d-6341e6f07c07|rpc:10.1.0.9:42249|priority:1, 780374df-c85b-440f-b2c8-8ca4ff0a1b56|rpc:10.1.0.9:36027|priority:0, f852d663-8551-44ff-bf98-1a071536d5f3|rpc:10.1.0.9:44261|priority:0] returns group-A898926582E2:java.util.concurrent.CompletableFuture@3dfa03e4[Not completed]
2022-03-01 02:07:42,008 [pool-227-thread-1] INFO  server.RaftServer$Division (RaftServerImpl.java:<init>(184)) - f852d663-8551-44ff-bf98-1a071536d5f3: new RaftServerImpl for group-A898926582E2:[15137193-5371-4ef9-ba6d-6341e6f07c07|rpc:10.1.0.9:42249|priority:1, 780374df-c85b-440f-b2c8-8ca4ff0a1b56|rpc:10.1.0.9:36027|priority:0, f852d663-8551-44ff-bf98-1a071536d5f3|rpc:10.1.0.9:44261|priority:0] with ContainerStateMachine:uninitialized
2022-03-01 02:07:42,008 [pool-227-thread-1] INFO  server.RaftServerConfigKeys (ConfUtils.java:logGet(44)) - raft.server.rpc.timeout.min = 5s (custom)
2022-03-01 02:07:42,008 [pool-227-thread-1] INFO  server.RaftServerConfigKeys (ConfUtils.java:logGet(44)) - raft.server.rpc.timeout.max = 5200ms (custom)
2022-03-01 02:07:42,008 [pool-227-thread-1] INFO  server.RaftServerConfigKeys (ConfUtils.java:logGet(44)) - raft.server.rpc.sleep.time = 25ms (default)
2022-03-01 02:07:42,008 [pool-227-thread-1] INFO  server.RaftServerConfigKeys (ConfUtils.java:logGet(44)) - raft.server.rpc.slowness.timeout = 300s (custom)
2022-03-01 02:07:42,008 [pool-227-thread-1] INFO  server.RaftServerConfigKeys (ConfUtils.java:logGet(44)) - raft.server.leaderelection.leader.step-down.wait-time = 10s (default)
2022-03-01 02:07:42,008 [pool-227-thread-1] INFO  server.RaftServerConfigKeys (ConfUtils.java:logGet(44)) - raft.server.sleep.deviation.threshold = 300ms (default)
2022-03-01 02:07:42,008 [pool-227-thread-1] INFO  server.RaftServerConfigKeys (ConfUtils.java:logGet(44)) - raft.server.log.appender.install.snapshot.enabled = false (custom)
2022-03-01 02:07:42,009 [pool-227-thread-1] INFO  server.RaftServer$Division (ServerState.java:<init>(105)) - f852d663-8551-44ff-bf98-1a071536d5f3@group-A898926582E2: ConfigurationManager, init=-1: [15137193-5371-4ef9-ba6d-6341e6f07c07|rpc:10.1.0.9:42249|priority:1, 780374df-c85b-440f-b2c8-8ca4ff0a1b56|rpc:10.1.0.9:36027|priority:0, f852d663-8551-44ff-bf98-1a071536d5f3|rpc:10.1.0.9:44261|priority:0], old=null, confs=<EMPTY_MAP>
2022-03-01 02:07:42,009 [pool-227-thread-1] INFO  server.RaftServerConfigKeys (ConfUtils.java:logGet(44)) - raft.server.storage.dir = [/home/runner/work/ozone/ozone/hadoop-ozone/integration-test/target/test-dir/MiniOzoneClusterImpl-434b3942-5fee-4696-bdff-815572bb5a66/datanode-0/data/ratis] (custom)
2022-03-01 02:07:42,009 [pool-227-thread-1] INFO  server.RaftServerConfigKeys (ConfUtils.java:logGet(44)) - raft.server.log.corruption.policy = EXCEPTION (default)
2022-03-01 02:07:42,009 [pool-227-thread-1] INFO  server.RaftServerConfigKeys (ConfUtils.java:logGet(44)) - raft.server.storage.free-space.min = 0MB (=0) (default)
2022-03-01 02:07:42,009 [pool-227-thread-1] INFO  storage.RaftStorageDirectory (RaftStorageDirectoryImpl.java:analyzeStorage(135)) - The storage directory /home/runner/work/ozone/ozone/hadoop-ozone/integration-test/target/test-dir/MiniOzoneClusterImpl-434b3942-5fee-4696-bdff-815572bb5a66/datanode-0/data/ratis/51d4ef2b-062f-481a-8a4c-a898926582e2 does not exist. Creating ...
2022-03-01 02:07:42,011 [pool-227-thread-1] INFO  storage.RaftStorageDirectory (RaftStorageDirectoryImpl.java:tryLock(230)) - Lock on /home/runner/work/ozone/ozone/hadoop-ozone/integration-test/target/test-dir/MiniOzoneClusterImpl-434b3942-5fee-4696-bdff-815572bb5a66/datanode-0/data/ratis/51d4ef2b-062f-481a-8a4c-a898926582e2/in_use.lock acquired by nodename 9245@fv-az294-952
2022-03-01 02:07:42,016 [pool-227-thread-1] INFO  storage.RaftStorage (RaftStorageImpl.java:format(89)) - Storage directory /home/runner/work/ozone/ozone/hadoop-ozone/integration-test/target/test-dir/MiniOzoneClusterImpl-434b3942-5fee-4696-bdff-815572bb5a66/datanode-0/data/ratis/51d4ef2b-062f-481a-8a4c-a898926582e2 has been successfully formatted.
2022-03-01 02:07:42,016 [pool-227-thread-1] INFO  ratis.ContainerStateMachine (ContainerStateMachine.java:loadSnapshot(236)) - group-A898926582E2: The snapshot info is null. Setting the last applied indexto:(t:0, i:~)
2022-03-01 02:07:42,017 [EventQueue-OpenPipelineForHealthyPipelineSafeModeRule] INFO  safemode.SCMSafeModeManager (HealthyPipelineSafeModeRule.java:process(124)) - SCM in safe mode. Healthy pipelines reported count is 0, required healthy pipeline reported count is 1
2022-03-01 02:07:42,018 [pool-227-thread-1] INFO  server.RaftServerConfigKeys (ConfUtils.java:logGet(44)) - raft.server.notification.no-leader.timeout = 300s (custom)
2022-03-01 02:07:42,018 [pool-227-thread-1] INFO  server.RaftServerConfigKeys (ConfUtils.java:logGet(44)) - raft.server.log.use.memory = false (default)
2022-03-01 02:07:42,018 [pool-227-thread-1] INFO  server.RaftServerConfigKeys (ConfUtils.java:logGet(44)) - raft.server.log.purge.gap = 1000000 (custom)
2022-03-01 02:07:42,018 [pool-227-thread-1] INFO  server.RaftServerConfigKeys (ConfUtils.java:logGet(44)) - raft.server.log.appender.buffer.byte-limit = 33554432 (custom)
2022-03-01 02:07:42,018 [pool-227-thread-1] INFO  server.RaftServerConfigKeys (ConfUtils.java:logGet(44)) - raft.server.log.segment.size.max = 1048576 (custom)
2022-03-01 02:07:42,019 [pool-227-thread-1] INFO  server.RaftServerConfigKeys (ConfUtils.java:logGet(44)) - raft.server.log.segment.cache.num.max = 2 (custom)
2022-03-01 02:07:42,019 [pool-227-thread-1] INFO  server.RaftServerConfigKeys (ConfUtils.java:logGet(44)) - raft.server.log.segment.cache.size.max = 200MB (=209715200) (default)
2022-03-01 02:07:42,019 [pool-227-thread-1] INFO  segmented.SegmentedRaftLogWorker (SegmentedRaftLogWorker.java:<init>(182)) - new f852d663-8551-44ff-bf98-1a071536d5f3@group-A898926582E2-SegmentedRaftLogWorker for RaftStorageImpl:Storage Directory /home/runner/work/ozone/ozone/hadoop-ozone/integration-test/target/test-dir/MiniOzoneClusterImpl-434b3942-5fee-4696-bdff-815572bb5a66/datanode-0/data/ratis/51d4ef2b-062f-481a-8a4c-a898926582e2
2022-03-01 02:07:42,019 [pool-227-thread-1] INFO  server.RaftServerConfigKeys (ConfUtils.java:logGet(44)) - raft.server.log.queue.byte-limit = 4294967296 (custom)
2022-03-01 02:07:42,019 [pool-227-thread-1] INFO  server.RaftServerConfigKeys (ConfUtils.java:logGet(44)) - raft.server.log.queue.element-limit = 1024 (custom)
2022-03-01 02:07:42,019 [pool-227-thread-1] INFO  server.RaftServerConfigKeys (ConfUtils.java:logGet(44)) - raft.server.log.segment.size.max = 1048576 (custom)
2022-03-01 02:07:42,019 [pool-227-thread-1] INFO  server.RaftServerConfigKeys (ConfUtils.java:logGet(44)) - raft.server.log.preallocated.size = 16384 (custom)
2022-03-01 02:07:42,019 [pool-227-thread-1] INFO  server.RaftServerConfigKeys (ConfUtils.java:logGet(44)) - raft.server.log.force.sync.num = 128 (default)
2022-03-01 02:07:42,019 [pool-227-thread-1] INFO  server.RaftServerConfigKeys (ConfUtils.java:logGet(44)) - raft.server.log.statemachine.data.sync = true (default)
2022-03-01 02:07:42,019 [pool-227-thread-1] INFO  server.RaftServerConfigKeys (ConfUtils.java:logGet(44)) - raft.server.log.statemachine.data.sync.timeout = 10s (default)
2022-03-01 02:07:42,020 [pool-227-thread-1] INFO  server.RaftServerConfigKeys (ConfUtils.java:logGet(44)) - raft.server.log.statemachine.data.sync.timeout.retry = -1 (default)
2022-03-01 02:07:42,024 [pool-227-thread-1] INFO  server.RaftServerConfigKeys (ConfUtils.java:logGet(44)) - raft.server.log.write.buffer.size = 1048576 (custom)
2022-03-01 02:07:42,025 [pool-227-thread-1] INFO  server.RaftServerConfigKeys (ConfUtils.java:logGet(44)) - raft.server.log.statemachine.data.caching.enabled = true (custom)
2022-03-01 02:07:42,025 [pool-227-thread-1] INFO  segmented.SegmentedRaftLogWorker (SegmentedRaftLogWorker.java:lambda$new$0(133)) - f852d663-8551-44ff-bf98-1a071536d5f3@group-A898926582E2-SegmentedRaftLogWorker: flushIndex: setUnconditionally 0 -> -1
2022-03-01 02:07:42,025 [pool-227-thread-1] INFO  segmented.SegmentedRaftLogWorker (SegmentedRaftLogWorker.java:lambda$new$0(133)) - f852d663-8551-44ff-bf98-1a071536d5f3@group-A898926582E2-SegmentedRaftLogWorker: safeCacheEvictIndex: setUnconditionally 0 -> -1
2022-03-01 02:07:42,035 [pool-227-thread-1] INFO  server.RaftServerConfigKeys (ConfUtils.java:logGet(44)) - raft.server.snapshot.auto.trigger.enabled = true (custom)
2022-03-01 02:07:42,035 [pool-227-thread-1] INFO  server.RaftServerConfigKeys (ConfUtils.java:logGet(44)) - raft.server.snapshot.auto.trigger.threshold = 10000 (custom)
2022-03-01 02:07:42,035 [pool-227-thread-1] INFO  server.RaftServerConfigKeys (ConfUtils.java:logGet(44)) - raft.server.snapshot.retention.file.num = 5 (custom)
2022-03-01 02:07:42,035 [pool-227-thread-1] INFO  server.RaftServerConfigKeys (ConfUtils.java:logGet(44)) - raft.server.log.purge.upto.snapshot.index = false (default)
2022-03-01 02:07:42,036 [pool-227-thread-1] INFO  server.RaftServerConfigKeys (ConfUtils.java:logGet(44)) - raft.server.retrycache.expirytime = 600000ms (custom)
2022-03-01 02:07:42,036 [pool-227-thread-1] INFO  server.RaftServerConfigKeys (ConfUtils.java:logGet(44)) - raft.server.retrycache.statistics.expirytime = 100μs (default)
2022-03-01 02:07:42,037 [pool-227-thread-1] INFO  server.RaftServer$Division (RaftServerImpl.java:start(301)) - f852d663-8551-44ff-bf98-1a071536d5f3@group-A898926582E2: start as a follower, conf=-1: [15137193-5371-4ef9-ba6d-6341e6f07c07|rpc:10.1.0.9:42249|priority:1, 780374df-c85b-440f-b2c8-8ca4ff0a1b56|rpc:10.1.0.9:36027|priority:0, f852d663-8551-44ff-bf98-1a071536d5f3|rpc:10.1.0.9:44261|priority:0], old=null
2022-03-01 02:07:42,037 [pool-227-thread-1] INFO  server.RaftServer$Division (RaftServerImpl.java:setRole(290)) - f852d663-8551-44ff-bf98-1a071536d5f3@group-A898926582E2: changes role from      null to FOLLOWER at term 0 for startAsFollower
2022-03-01 02:07:42,037 [pool-227-thread-1] INFO  impl.RoleInfo (RoleInfo.java:updateAndGet(130)) - f852d663-8551-44ff-bf98-1a071536d5f3: start f852d663-8551-44ff-bf98-1a071536d5f3@group-A898926582E2-FollowerState
2022-03-01 02:07:42,037 [pool-227-thread-1] INFO  util.JmxRegister (JmxRegister.java:tryRegister(44)) - Successfully registered JMX Bean with object name Ratis:service=RaftServer,group=group-A898926582E2,id=f852d663-8551-44ff-bf98-1a071536d5f3
2022-03-01 02:07:42,038 [Command processor thread] INFO  ratis.XceiverServerRatis (XceiverServerRatis.java:addGroup(769)) - Created group PipelineID=51d4ef2b-062f-481a-8a4c-a898926582e2
2022-03-01 02:07:42,067 [grpc-default-executor-4] INFO  server.RaftServer (RaftServerProxy.java:addNew(95)) - 780374df-c85b-440f-b2c8-8ca4ff0a1b56: addNew group-A898926582E2:[15137193-5371-4ef9-ba6d-6341e6f07c07|rpc:10.1.0.9:42249|dataStream:|priority:1, 780374df-c85b-440f-b2c8-8ca4ff0a1b56|rpc:10.1.0.9:36027|dataStream:|priority:0, f852d663-8551-44ff-bf98-1a071536d5f3|rpc:10.1.0.9:44261|dataStream:|priority:0] returns group-A898926582E2:java.util.concurrent.CompletableFuture@8a741a3[Not completed]
2022-03-01 02:07:42,083 [pool-248-thread-1] INFO  server.RaftServer$Division (RaftServerImpl.java:<init>(184)) - 780374df-c85b-440f-b2c8-8ca4ff0a1b56: new RaftServerImpl for group-A898926582E2:[15137193-5371-4ef9-ba6d-6341e6f07c07|rpc:10.1.0.9:42249|dataStream:|priority:1, 780374df-c85b-440f-b2c8-8ca4ff0a1b56|rpc:10.1.0.9:36027|dataStream:|priority:0, f852d663-8551-44ff-bf98-1a071536d5f3|rpc:10.1.0.9:44261|dataStream:|priority:0] with ContainerStateMachine:uninitialized
2022-03-01 02:07:42,084 [pool-248-thread-1] INFO  server.RaftServerConfigKeys (ConfUtils.java:logGet(44)) - raft.server.rpc.timeout.min = 5s (custom)
2022-03-01 02:07:42,084 [pool-248-thread-1] INFO  server.RaftServerConfigKeys (ConfUtils.java:logGet(44)) - raft.server.rpc.timeout.max = 5200ms (custom)
2022-03-01 02:07:42,084 [pool-248-thread-1] INFO  server.RaftServerConfigKeys (ConfUtils.java:logGet(44)) - raft.server.rpc.sleep.time = 25ms (default)
2022-03-01 02:07:42,084 [pool-248-thread-1] INFO  server.RaftServerConfigKeys (ConfUtils.java:logGet(44)) - raft.server.rpc.slowness.timeout = 300s (custom)
2022-03-01 02:07:42,084 [pool-248-thread-1] INFO  server.RaftServerConfigKeys (ConfUtils.java:logGet(44)) - raft.server.leaderelection.leader.step-down.wait-time = 10s (default)
2022-03-01 02:07:42,084 [pool-248-thread-1] INFO  server.RaftServerConfigKeys (ConfUtils.java:logGet(44)) - raft.server.sleep.deviation.threshold = 300ms (default)
2022-03-01 02:07:42,084 [pool-248-thread-1] INFO  server.RaftServerConfigKeys (ConfUtils.java:logGet(44)) - raft.server.log.appender.install.snapshot.enabled = false (custom)
2022-03-01 02:07:42,085 [pool-248-thread-1] INFO  server.RaftServer$Division (ServerState.java:<init>(105)) - 780374df-c85b-440f-b2c8-8ca4ff0a1b56@group-A898926582E2: ConfigurationManager, init=-1: [15137193-5371-4ef9-ba6d-6341e6f07c07|rpc:10.1.0.9:42249|dataStream:|priority:1, 780374df-c85b-440f-b2c8-8ca4ff0a1b56|rpc:10.1.0.9:36027|dataStream:|priority:0, f852d663-8551-44ff-bf98-1a071536d5f3|rpc:10.1.0.9:44261|dataStream:|priority:0], old=null, confs=<EMPTY_MAP>
2022-03-01 02:07:42,085 [pool-248-thread-1] INFO  server.RaftServerConfigKeys (ConfUtils.java:logGet(44)) - raft.server.storage.dir = [/home/runner/work/ozone/ozone/hadoop-ozone/integration-test/target/test-dir/MiniOzoneClusterImpl-434b3942-5fee-4696-bdff-815572bb5a66/datanode-1/data/ratis] (custom)
2022-03-01 02:07:42,085 [pool-248-thread-1] INFO  server.RaftServerConfigKeys (ConfUtils.java:logGet(44)) - raft.server.log.corruption.policy = EXCEPTION (default)
2022-03-01 02:07:42,085 [pool-248-thread-1] INFO  server.RaftServerConfigKeys (ConfUtils.java:logGet(44)) - raft.server.storage.free-space.min = 0MB (=0) (default)
2022-03-01 02:07:42,085 [pool-248-thread-1] INFO  storage.RaftStorageDirectory (RaftStorageDirectoryImpl.java:analyzeStorage(135)) - The storage directory /home/runner/work/ozone/ozone/hadoop-ozone/integration-test/target/test-dir/MiniOzoneClusterImpl-434b3942-5fee-4696-bdff-815572bb5a66/datanode-1/data/ratis/51d4ef2b-062f-481a-8a4c-a898926582e2 does not exist. Creating ...
2022-03-01 02:07:42,091 [pool-248-thread-1] INFO  storage.RaftStorageDirectory (RaftStorageDirectoryImpl.java:tryLock(230)) - Lock on /home/runner/work/ozone/ozone/hadoop-ozone/integration-test/target/test-dir/MiniOzoneClusterImpl-434b3942-5fee-4696-bdff-815572bb5a66/datanode-1/data/ratis/51d4ef2b-062f-481a-8a4c-a898926582e2/in_use.lock acquired by nodename 9245@fv-az294-952
2022-03-01 02:07:42,099 [pool-248-thread-1] INFO  storage.RaftStorage (RaftStorageImpl.java:format(89)) - Storage directory /home/runner/work/ozone/ozone/hadoop-ozone/integration-test/target/test-dir/MiniOzoneClusterImpl-434b3942-5fee-4696-bdff-815572bb5a66/datanode-1/data/ratis/51d4ef2b-062f-481a-8a4c-a898926582e2 has been successfully formatted.
2022-03-01 02:07:42,101 [pool-248-thread-1] INFO  ratis.ContainerStateMachine (ContainerStateMachine.java:loadSnapshot(236)) - group-A898926582E2: The snapshot info is null. Setting the last applied indexto:(t:0, i:~)
2022-03-01 02:07:42,102 [pool-248-thread-1] INFO  server.RaftServerConfigKeys (ConfUtils.java:logGet(44)) - raft.server.notification.no-leader.timeout = 300s (custom)
2022-03-01 02:07:42,102 [pool-248-thread-1] INFO  server.RaftServerConfigKeys (ConfUtils.java:logGet(44)) - raft.server.log.use.memory = false (default)
2022-03-01 02:07:42,102 [pool-248-thread-1] INFO  server.RaftServerConfigKeys (ConfUtils.java:logGet(44)) - raft.server.log.purge.gap = 1000000 (custom)
2022-03-01 02:07:42,102 [pool-248-thread-1] INFO  server.RaftServerConfigKeys (ConfUtils.java:logGet(44)) - raft.server.log.appender.buffer.byte-limit = 33554432 (custom)
2022-03-01 02:07:42,102 [pool-248-thread-1] INFO  server.RaftServerConfigKeys (ConfUtils.java:logGet(44)) - raft.server.log.segment.size.max = 1048576 (custom)
2022-03-01 02:07:42,105 [pool-248-thread-1] INFO  server.RaftServerConfigKeys (ConfUtils.java:logGet(44)) - raft.server.log.segment.cache.num.max = 2 (custom)
2022-03-01 02:07:42,105 [pool-248-thread-1] INFO  server.RaftServerConfigKeys (ConfUtils.java:logGet(44)) - raft.server.log.segment.cache.size.max = 200MB (=209715200) (default)
2022-03-01 02:07:42,106 [pool-248-thread-1] INFO  segmented.SegmentedRaftLogWorker (SegmentedRaftLogWorker.java:<init>(182)) - new 780374df-c85b-440f-b2c8-8ca4ff0a1b56@group-A898926582E2-SegmentedRaftLogWorker for RaftStorageImpl:Storage Directory /home/runner/work/ozone/ozone/hadoop-ozone/integration-test/target/test-dir/MiniOzoneClusterImpl-434b3942-5fee-4696-bdff-815572bb5a66/datanode-1/data/ratis/51d4ef2b-062f-481a-8a4c-a898926582e2
2022-03-01 02:07:42,106 [pool-248-thread-1] INFO  server.RaftServerConfigKeys (ConfUtils.java:logGet(44)) - raft.server.log.queue.byte-limit = 4294967296 (custom)
2022-03-01 02:07:42,106 [pool-248-thread-1] INFO  server.RaftServerConfigKeys (ConfUtils.java:logGet(44)) - raft.server.log.queue.element-limit = 1024 (custom)
2022-03-01 02:07:42,106 [pool-248-thread-1] INFO  server.RaftServerConfigKeys (ConfUtils.java:logGet(44)) - raft.server.log.segment.size.max = 1048576 (custom)
2022-03-01 02:07:42,106 [pool-248-thread-1] INFO  server.RaftServerConfigKeys (ConfUtils.java:logGet(44)) - raft.server.log.preallocated.size = 16384 (custom)
2022-03-01 02:07:42,106 [pool-248-thread-1] INFO  server.RaftServerConfigKeys (ConfUtils.java:logGet(44)) - raft.server.log.force.sync.num = 128 (default)
2022-03-01 02:07:42,106 [pool-248-thread-1] INFO  server.RaftServerConfigKeys (ConfUtils.java:logGet(44)) - raft.server.log.statemachine.data.sync = true (default)
2022-03-01 02:07:42,106 [pool-248-thread-1] INFO  server.RaftServerConfigKeys (ConfUtils.java:logGet(44)) - raft.server.log.statemachine.data.sync.timeout = 10s (default)
2022-03-01 02:07:42,106 [pool-248-thread-1] INFO  server.RaftServerConfigKeys (ConfUtils.java:logGet(44)) - raft.server.log.statemachine.data.sync.timeout.retry = -1 (default)
2022-03-01 02:07:42,107 [pool-248-thread-1] INFO  server.RaftServerConfigKeys (ConfUtils.java:logGet(44)) - raft.server.log.write.buffer.size = 1048576 (custom)
2022-03-01 02:07:42,107 [pool-248-thread-1] INFO  server.RaftServerConfigKeys (ConfUtils.java:logGet(44)) - raft.server.log.statemachine.data.caching.enabled = true (custom)
2022-03-01 02:07:42,108 [pool-248-thread-1] INFO  segmented.SegmentedRaftLogWorker (SegmentedRaftLogWorker.java:lambda$new$0(133)) - 780374df-c85b-440f-b2c8-8ca4ff0a1b56@group-A898926582E2-SegmentedRaftLogWorker: flushIndex: setUnconditionally 0 -> -1
2022-03-01 02:07:42,108 [pool-248-thread-1] INFO  segmented.SegmentedRaftLogWorker (SegmentedRaftLogWorker.java:lambda$new$0(133)) - 780374df-c85b-440f-b2c8-8ca4ff0a1b56@group-A898926582E2-SegmentedRaftLogWorker: safeCacheEvictIndex: setUnconditionally 0 -> -1
2022-03-01 02:07:42,108 [pool-248-thread-1] INFO  server.RaftServerConfigKeys (ConfUtils.java:logGet(44)) - raft.server.snapshot.auto.trigger.enabled = true (custom)
2022-03-01 02:07:42,109 [pool-248-thread-1] INFO  server.RaftServerConfigKeys (ConfUtils.java:logGet(44)) - raft.server.snapshot.auto.trigger.threshold = 10000 (custom)
2022-03-01 02:07:42,109 [pool-248-thread-1] INFO  server.RaftServerConfigKeys (ConfUtils.java:logGet(44)) - raft.server.snapshot.retention.file.num = 5 (custom)
2022-03-01 02:07:42,109 [pool-248-thread-1] INFO  server.RaftServerConfigKeys (ConfUtils.java:logGet(44)) - raft.server.log.purge.upto.snapshot.index = false (default)
2022-03-01 02:07:42,109 [pool-248-thread-1] INFO  server.RaftServerConfigKeys (ConfUtils.java:logGet(44)) - raft.server.retrycache.expirytime = 600000ms (custom)
2022-03-01 02:07:42,109 [pool-248-thread-1] INFO  server.RaftServerConfigKeys (ConfUtils.java:logGet(44)) - raft.server.retrycache.statistics.expirytime = 100μs (default)
2022-03-01 02:07:42,113 [pool-248-thread-1] INFO  server.RaftServer$Division (RaftServerImpl.java:start(301)) - 780374df-c85b-440f-b2c8-8ca4ff0a1b56@group-A898926582E2: start as a follower, conf=-1: [15137193-5371-4ef9-ba6d-6341e6f07c07|rpc:10.1.0.9:42249|dataStream:|priority:1, 780374df-c85b-440f-b2c8-8ca4ff0a1b56|rpc:10.1.0.9:36027|dataStream:|priority:0, f852d663-8551-44ff-bf98-1a071536d5f3|rpc:10.1.0.9:44261|dataStream:|priority:0], old=null
2022-03-01 02:07:42,113 [pool-248-thread-1] INFO  server.RaftServer$Division (RaftServerImpl.java:setRole(290)) - 780374df-c85b-440f-b2c8-8ca4ff0a1b56@group-A898926582E2: changes role from      null to FOLLOWER at term 0 for startAsFollower
2022-03-01 02:07:42,113 [pool-248-thread-1] INFO  impl.RoleInfo (RoleInfo.java:updateAndGet(130)) - 780374df-c85b-440f-b2c8-8ca4ff0a1b56: start 780374df-c85b-440f-b2c8-8ca4ff0a1b56@group-A898926582E2-FollowerState
2022-03-01 02:07:42,118 [pool-248-thread-1] INFO  util.JmxRegister (JmxRegister.java:tryRegister(44)) - Successfully registered JMX Bean with object name Ratis:service=RaftServer,group=group-A898926582E2,id=780374df-c85b-440f-b2c8-8ca4ff0a1b56
2022-03-01 02:07:42,160 [grpc-default-executor-4] INFO  server.RaftServer (RaftServerProxy.java:addNew(95)) - 15137193-5371-4ef9-ba6d-6341e6f07c07: addNew group-A898926582E2:[15137193-5371-4ef9-ba6d-6341e6f07c07|rpc:10.1.0.9:42249|dataStream:|priority:1, 780374df-c85b-440f-b2c8-8ca4ff0a1b56|rpc:10.1.0.9:36027|dataStream:|priority:0, f852d663-8551-44ff-bf98-1a071536d5f3|rpc:10.1.0.9:44261|dataStream:|priority:0] returns group-A898926582E2:java.util.concurrent.CompletableFuture@6b90cb8d[Not completed]
2022-03-01 02:07:42,180 [pool-269-thread-1] INFO  server.RaftServer$Division (RaftServerImpl.java:<init>(184)) - 15137193-5371-4ef9-ba6d-6341e6f07c07: new RaftServerImpl for group-A898926582E2:[15137193-5371-4ef9-ba6d-6341e6f07c07|rpc:10.1.0.9:42249|dataStream:|priority:1, 780374df-c85b-440f-b2c8-8ca4ff0a1b56|rpc:10.1.0.9:36027|dataStream:|priority:0, f852d663-8551-44ff-bf98-1a071536d5f3|rpc:10.1.0.9:44261|dataStream:|priority:0] with ContainerStateMachine:uninitialized
2022-03-01 02:07:42,188 [pool-269-thread-1] INFO  server.RaftServerConfigKeys (ConfUtils.java:logGet(44)) - raft.server.rpc.timeout.min = 5s (custom)
2022-03-01 02:07:42,188 [pool-269-thread-1] INFO  server.RaftServerConfigKeys (ConfUtils.java:logGet(44)) - raft.server.rpc.timeout.max = 5200ms (custom)
2022-03-01 02:07:42,188 [pool-269-thread-1] INFO  server.RaftServerConfigKeys (ConfUtils.java:logGet(44)) - raft.server.rpc.sleep.time = 25ms (default)
2022-03-01 02:07:42,188 [pool-269-thread-1] INFO  server.RaftServerConfigKeys (ConfUtils.java:logGet(44)) - raft.server.rpc.slowness.timeout = 300s (custom)
2022-03-01 02:07:42,188 [pool-269-thread-1] INFO  server.RaftServerConfigKeys (ConfUtils.java:logGet(44)) - raft.server.leaderelection.leader.step-down.wait-time = 10s (default)
2022-03-01 02:07:42,188 [pool-269-thread-1] INFO  server.RaftServerConfigKeys (ConfUtils.java:logGet(44)) - raft.server.sleep.deviation.threshold = 300ms (default)
2022-03-01 02:07:42,188 [pool-269-thread-1] INFO  server.RaftServerConfigKeys (ConfUtils.java:logGet(44)) - raft.server.log.appender.install.snapshot.enabled = false (custom)
2022-03-01 02:07:42,188 [pool-269-thread-1] INFO  server.RaftServer$Division (ServerState.java:<init>(105)) - 15137193-5371-4ef9-ba6d-6341e6f07c07@group-A898926582E2: ConfigurationManager, init=-1: [15137193-5371-4ef9-ba6d-6341e6f07c07|rpc:10.1.0.9:42249|dataStream:|priority:1, 780374df-c85b-440f-b2c8-8ca4ff0a1b56|rpc:10.1.0.9:36027|dataStream:|priority:0, f852d663-8551-44ff-bf98-1a071536d5f3|rpc:10.1.0.9:44261|dataStream:|priority:0], old=null, confs=<EMPTY_MAP>
2022-03-01 02:07:42,189 [pool-269-thread-1] INFO  server.RaftServerConfigKeys (ConfUtils.java:logGet(44)) - raft.server.storage.dir = [/home/runner/work/ozone/ozone/hadoop-ozone/integration-test/target/test-dir/MiniOzoneClusterImpl-434b3942-5fee-4696-bdff-815572bb5a66/datanode-2/data/ratis] (custom)
2022-03-01 02:07:42,189 [pool-269-thread-1] INFO  server.RaftServerConfigKeys (ConfUtils.java:logGet(44)) - raft.server.log.corruption.policy = EXCEPTION (default)
2022-03-01 02:07:42,189 [pool-269-thread-1] INFO  server.RaftServerConfigKeys (ConfUtils.java:logGet(44)) - raft.server.storage.free-space.min = 0MB (=0) (default)
2022-03-01 02:07:42,189 [pool-269-thread-1] INFO  storage.RaftStorageDirectory (RaftStorageDirectoryImpl.java:analyzeStorage(135)) - The storage directory /home/runner/work/ozone/ozone/hadoop-ozone/integration-test/target/test-dir/MiniOzoneClusterImpl-434b3942-5fee-4696-bdff-815572bb5a66/datanode-2/data/ratis/51d4ef2b-062f-481a-8a4c-a898926582e2 does not exist. Creating ...
2022-03-01 02:07:42,190 [pool-269-thread-1] INFO  storage.RaftStorageDirectory (RaftStorageDirectoryImpl.java:tryLock(230)) - Lock on /home/runner/work/ozone/ozone/hadoop-ozone/integration-test/target/test-dir/MiniOzoneClusterImpl-434b3942-5fee-4696-bdff-815572bb5a66/datanode-2/data/ratis/51d4ef2b-062f-481a-8a4c-a898926582e2/in_use.lock acquired by nodename 9245@fv-az294-952
2022-03-01 02:07:42,191 [pool-269-thread-1] INFO  storage.RaftStorage (RaftStorageImpl.java:format(89)) - Storage directory /home/runner/work/ozone/ozone/hadoop-ozone/integration-test/target/test-dir/MiniOzoneClusterImpl-434b3942-5fee-4696-bdff-815572bb5a66/datanode-2/data/ratis/51d4ef2b-062f-481a-8a4c-a898926582e2 has been successfully formatted.
2022-03-01 02:07:42,192 [pool-269-thread-1] INFO  ratis.ContainerStateMachine (ContainerStateMachine.java:loadSnapshot(236)) - group-A898926582E2: The snapshot info is null. Setting the last applied indexto:(t:0, i:~)
2022-03-01 02:07:42,193 [pool-269-thread-1] INFO  server.RaftServerConfigKeys (ConfUtils.java:logGet(44)) - raft.server.notification.no-leader.timeout = 300s (custom)
2022-03-01 02:07:42,193 [pool-269-thread-1] INFO  server.RaftServerConfigKeys (ConfUtils.java:logGet(44)) - raft.server.log.use.memory = false (default)
2022-03-01 02:07:42,193 [pool-269-thread-1] INFO  server.RaftServerConfigKeys (ConfUtils.java:logGet(44)) - raft.server.log.purge.gap = 1000000 (custom)
2022-03-01 02:07:42,193 [pool-269-thread-1] INFO  server.RaftServerConfigKeys (ConfUtils.java:logGet(44)) - raft.server.log.appender.buffer.byte-limit = 33554432 (custom)
2022-03-01 02:07:42,193 [pool-269-thread-1] INFO  server.RaftServerConfigKeys (ConfUtils.java:logGet(44)) - raft.server.log.segment.size.max = 1048576 (custom)
2022-03-01 02:07:42,193 [pool-269-thread-1] INFO  server.RaftServerConfigKeys (ConfUtils.java:logGet(44)) - raft.server.log.segment.cache.num.max = 2 (custom)
2022-03-01 02:07:42,193 [pool-269-thread-1] INFO  server.RaftServerConfigKeys (ConfUtils.java:logGet(44)) - raft.server.log.segment.cache.size.max = 200MB (=209715200) (default)
2022-03-01 02:07:42,193 [pool-269-thread-1] INFO  segmented.SegmentedRaftLogWorker (SegmentedRaftLogWorker.java:<init>(182)) - new 15137193-5371-4ef9-ba6d-6341e6f07c07@group-A898926582E2-SegmentedRaftLogWorker for RaftStorageImpl:Storage Directory /home/runner/work/ozone/ozone/hadoop-ozone/integration-test/target/test-dir/MiniOzoneClusterImpl-434b3942-5fee-4696-bdff-815572bb5a66/datanode-2/data/ratis/51d4ef2b-062f-481a-8a4c-a898926582e2
2022-03-01 02:07:42,194 [pool-269-thread-1] INFO  server.RaftServerConfigKeys (ConfUtils.java:logGet(44)) - raft.server.log.queue.byte-limit = 4294967296 (custom)
2022-03-01 02:07:42,194 [pool-269-thread-1] INFO  server.RaftServerConfigKeys (ConfUtils.java:logGet(44)) - raft.server.log.queue.element-limit = 1024 (custom)
2022-03-01 02:07:42,194 [pool-269-thread-1] INFO  server.RaftServerConfigKeys (ConfUtils.java:logGet(44)) - raft.server.log.segment.size.max = 1048576 (custom)
2022-03-01 02:07:42,194 [pool-269-thread-1] INFO  server.RaftServerConfigKeys (ConfUtils.java:logGet(44)) - raft.server.log.preallocated.size = 16384 (custom)
2022-03-01 02:07:42,194 [pool-269-thread-1] INFO  server.RaftServerConfigKeys (ConfUtils.java:logGet(44)) - raft.server.log.force.sync.num = 128 (default)
2022-03-01 02:07:42,194 [pool-269-thread-1] INFO  server.RaftServerConfigKeys (ConfUtils.java:logGet(44)) - raft.server.log.statemachine.data.sync = true (default)
2022-03-01 02:07:42,194 [pool-269-thread-1] INFO  server.RaftServerConfigKeys (ConfUtils.java:logGet(44)) - raft.server.log.statemachine.data.sync.timeout = 10s (default)
2022-03-01 02:07:42,194 [pool-269-thread-1] INFO  server.RaftServerConfigKeys (ConfUtils.java:logGet(44)) - raft.server.log.statemachine.data.sync.timeout.retry = -1 (default)
2022-03-01 02:07:42,195 [pool-269-thread-1] INFO  server.RaftServerConfigKeys (ConfUtils.java:logGet(44)) - raft.server.log.write.buffer.size = 1048576 (custom)
2022-03-01 02:07:42,195 [pool-269-thread-1] INFO  server.RaftServerConfigKeys (ConfUtils.java:logGet(44)) - raft.server.log.statemachine.data.caching.enabled = true (custom)
2022-03-01 02:07:42,195 [pool-269-thread-1] INFO  segmented.SegmentedRaftLogWorker (SegmentedRaftLogWorker.java:lambda$new$0(133)) - 15137193-5371-4ef9-ba6d-6341e6f07c07@group-A898926582E2-SegmentedRaftLogWorker: flushIndex: setUnconditionally 0 -> -1
2022-03-01 02:07:42,195 [pool-269-thread-1] INFO  segmented.SegmentedRaftLogWorker (SegmentedRaftLogWorker.java:lambda$new$0(133)) - 15137193-5371-4ef9-ba6d-6341e6f07c07@group-A898926582E2-SegmentedRaftLogWorker: safeCacheEvictIndex: setUnconditionally 0 -> -1
2022-03-01 02:07:42,196 [pool-269-thread-1] INFO  server.RaftServerConfigKeys (ConfUtils.java:logGet(44)) - raft.server.snapshot.auto.trigger.enabled = true (custom)
2022-03-01 02:07:42,197 [pool-269-thread-1] INFO  server.RaftServerConfigKeys (ConfUtils.java:logGet(44)) - raft.server.snapshot.auto.trigger.threshold = 10000 (custom)
2022-03-01 02:07:42,197 [pool-269-thread-1] INFO  server.RaftServerConfigKeys (ConfUtils.java:logGet(44)) - raft.server.snapshot.retention.file.num = 5 (custom)
2022-03-01 02:07:42,197 [pool-269-thread-1] INFO  server.RaftServerConfigKeys (ConfUtils.java:logGet(44)) - raft.server.log.purge.upto.snapshot.index = false (default)
2022-03-01 02:07:42,197 [pool-269-thread-1] INFO  server.RaftServerConfigKeys (ConfUtils.java:logGet(44)) - raft.server.retrycache.expirytime = 600000ms (custom)
2022-03-01 02:07:42,197 [pool-269-thread-1] INFO  server.RaftServerConfigKeys (ConfUtils.java:logGet(44)) - raft.server.retrycache.statistics.expirytime = 100μs (default)
2022-03-01 02:07:42,198 [pool-269-thread-1] INFO  server.RaftServer$Division (RaftServerImpl.java:start(301)) - 15137193-5371-4ef9-ba6d-6341e6f07c07@group-A898926582E2: start as a follower, conf=-1: [15137193-5371-4ef9-ba6d-6341e6f07c07|rpc:10.1.0.9:42249|dataStream:|priority:1, 780374df-c85b-440f-b2c8-8ca4ff0a1b56|rpc:10.1.0.9:36027|dataStream:|priority:0, f852d663-8551-44ff-bf98-1a071536d5f3|rpc:10.1.0.9:44261|dataStream:|priority:0], old=null
2022-03-01 02:07:42,198 [pool-269-thread-1] INFO  server.RaftServer$Division (RaftServerImpl.java:setRole(290)) - 15137193-5371-4ef9-ba6d-6341e6f07c07@group-A898926582E2: changes role from      null to FOLLOWER at term 0 for startAsFollower
2022-03-01 02:07:42,198 [pool-269-thread-1] INFO  impl.RoleInfo (RoleInfo.java:updateAndGet(130)) - 15137193-5371-4ef9-ba6d-6341e6f07c07: start 15137193-5371-4ef9-ba6d-6341e6f07c07@group-A898926582E2-FollowerState
2022-03-01 02:07:42,198 [pool-269-thread-1] INFO  util.JmxRegister (JmxRegister.java:tryRegister(44)) - Successfully registered JMX Bean with object name Ratis:service=RaftServer,group=group-A898926582E2,id=15137193-5371-4ef9-ba6d-6341e6f07c07
2022-03-01 02:07:42,216 [Command processor thread] INFO  commandhandler.CreatePipelineCommandHandler (CreatePipelineCommandHandler.java:handle(106)) - Created Pipeline RATIS THREE PipelineID=51d4ef2b-062f-481a-8a4c-a898926582e2.
2022-03-01 02:07:42,222 [Command processor thread] INFO  server.RaftServer (RaftServerProxy.java:addNew(95)) - f852d663-8551-44ff-bf98-1a071536d5f3: addNew group-C5B14855D53C:[15137193-5371-4ef9-ba6d-6341e6f07c07|rpc:10.1.0.9:42249|priority:0, 780374df-c85b-440f-b2c8-8ca4ff0a1b56|rpc:10.1.0.9:36027|priority:0, f852d663-8551-44ff-bf98-1a071536d5f3|rpc:10.1.0.9:44261|priority:1] returns group-C5B14855D53C:java.util.concurrent.CompletableFuture@3469030a[Not completed]
2022-03-01 02:07:42,223 [pool-227-thread-1] INFO  server.RaftServer$Division (RaftServerImpl.java:<init>(184)) - f852d663-8551-44ff-bf98-1a071536d5f3: new RaftServerImpl for group-C5B14855D53C:[15137193-5371-4ef9-ba6d-6341e6f07c07|rpc:10.1.0.9:42249|priority:0, 780374df-c85b-440f-b2c8-8ca4ff0a1b56|rpc:10.1.0.9:36027|priority:0, f852d663-8551-44ff-bf98-1a071536d5f3|rpc:10.1.0.9:44261|priority:1] with ContainerStateMachine:uninitialized
2022-03-01 02:07:42,223 [pool-227-thread-1] INFO  server.RaftServerConfigKeys (ConfUtils.java:logGet(44)) - raft.server.rpc.timeout.min = 5s (custom)
2022-03-01 02:07:42,223 [pool-227-thread-1] INFO  server.RaftServerConfigKeys (ConfUtils.java:logGet(44)) - raft.server.rpc.timeout.max = 5200ms (custom)
2022-03-01 02:07:42,223 [pool-227-thread-1] INFO  server.RaftServerConfigKeys (ConfUtils.java:logGet(44)) - raft.server.rpc.sleep.time = 25ms (default)
2022-03-01 02:07:42,223 [pool-227-thread-1] INFO  server.RaftServerConfigKeys (ConfUtils.java:logGet(44)) - raft.server.rpc.slowness.timeout = 300s (custom)
2022-03-01 02:07:42,223 [pool-227-thread-1] INFO  server.RaftServerConfigKeys (ConfUtils.java:logGet(44)) - raft.server.leaderelection.leader.step-down.wait-time = 10s (default)
2022-03-01 02:07:42,223 [pool-227-thread-1] INFO  server.RaftServerConfigKeys (ConfUtils.java:logGet(44)) - raft.server.sleep.deviation.threshold = 300ms (default)
2022-03-01 02:07:42,223 [pool-227-thread-1] INFO  server.RaftServerConfigKeys (ConfUtils.java:logGet(44)) - raft.server.log.appender.install.snapshot.enabled = false (custom)
2022-03-01 02:07:42,223 [pool-227-thread-1] INFO  server.RaftServer$Division (ServerState.java:<init>(105)) - f852d663-8551-44ff-bf98-1a071536d5f3@group-C5B14855D53C: ConfigurationManager, init=-1: [15137193-5371-4ef9-ba6d-6341e6f07c07|rpc:10.1.0.9:42249|priority:0, 780374df-c85b-440f-b2c8-8ca4ff0a1b56|rpc:10.1.0.9:36027|priority:0, f852d663-8551-44ff-bf98-1a071536d5f3|rpc:10.1.0.9:44261|priority:1], old=null, confs=<EMPTY_MAP>
2022-03-01 02:07:42,224 [pool-227-thread-1] INFO  server.RaftServerConfigKeys (ConfUtils.java:logGet(44)) - raft.server.storage.dir = [/home/runner/work/ozone/ozone/hadoop-ozone/integration-test/target/test-dir/MiniOzoneClusterImpl-434b3942-5fee-4696-bdff-815572bb5a66/datanode-0/data/ratis] (custom)
2022-03-01 02:07:42,224 [pool-227-thread-1] INFO  server.RaftServerConfigKeys (ConfUtils.java:logGet(44)) - raft.server.log.corruption.policy = EXCEPTION (default)
2022-03-01 02:07:42,224 [pool-227-thread-1] INFO  server.RaftServerConfigKeys (ConfUtils.java:logGet(44)) - raft.server.storage.free-space.min = 0MB (=0) (default)
2022-03-01 02:07:42,224 [pool-227-thread-1] INFO  storage.RaftStorageDirectory (RaftStorageDirectoryImpl.java:analyzeStorage(135)) - The storage directory /home/runner/work/ozone/ozone/hadoop-ozone/integration-test/target/test-dir/MiniOzoneClusterImpl-434b3942-5fee-4696-bdff-815572bb5a66/datanode-0/data/ratis/16c166a4-a356-4c43-adc8-c5b14855d53c does not exist. Creating ...
2022-03-01 02:07:42,232 [pool-227-thread-1] INFO  storage.RaftStorageDirectory (RaftStorageDirectoryImpl.java:tryLock(230)) - Lock on /home/runner/work/ozone/ozone/hadoop-ozone/integration-test/target/test-dir/MiniOzoneClusterImpl-434b3942-5fee-4696-bdff-815572bb5a66/datanode-0/data/ratis/16c166a4-a356-4c43-adc8-c5b14855d53c/in_use.lock acquired by nodename 9245@fv-az294-952
2022-03-01 02:07:42,235 [pool-227-thread-1] INFO  storage.RaftStorage (RaftStorageImpl.java:format(89)) - Storage directory /home/runner/work/ozone/ozone/hadoop-ozone/integration-test/target/test-dir/MiniOzoneClusterImpl-434b3942-5fee-4696-bdff-815572bb5a66/datanode-0/data/ratis/16c166a4-a356-4c43-adc8-c5b14855d53c has been successfully formatted.
2022-03-01 02:07:42,235 [pool-227-thread-1] INFO  ratis.ContainerStateMachine (ContainerStateMachine.java:loadSnapshot(236)) - group-C5B14855D53C: The snapshot info is null. Setting the last applied indexto:(t:0, i:~)
2022-03-01 02:07:42,235 [pool-227-thread-1] INFO  server.RaftServerConfigKeys (ConfUtils.java:logGet(44)) - raft.server.notification.no-leader.timeout = 300s (custom)
2022-03-01 02:07:42,235 [pool-227-thread-1] INFO  server.RaftServerConfigKeys (ConfUtils.java:logGet(44)) - raft.server.log.use.memory = false (default)
2022-03-01 02:07:42,235 [pool-227-thread-1] INFO  server.RaftServerConfigKeys (ConfUtils.java:logGet(44)) - raft.server.log.purge.gap = 1000000 (custom)
2022-03-01 02:07:42,235 [pool-227-thread-1] INFO  server.RaftServerConfigKeys (ConfUtils.java:logGet(44)) - raft.server.log.appender.buffer.byte-limit = 33554432 (custom)
2022-03-01 02:07:42,236 [pool-227-thread-1] INFO  server.RaftServerConfigKeys (ConfUtils.java:logGet(44)) - raft.server.log.segment.size.max = 1048576 (custom)
2022-03-01 02:07:42,236 [pool-227-thread-1] INFO  server.RaftServerConfigKeys (ConfUtils.java:logGet(44)) - raft.server.log.segment.cache.num.max = 2 (custom)
2022-03-01 02:07:42,236 [pool-227-thread-1] INFO  server.RaftServerConfigKeys (ConfUtils.java:logGet(44)) - raft.server.log.segment.cache.size.max = 200MB (=209715200) (default)
2022-03-01 02:07:42,236 [pool-227-thread-1] INFO  segmented.SegmentedRaftLogWorker (SegmentedRaftLogWorker.java:<init>(182)) - new f852d663-8551-44ff-bf98-1a071536d5f3@group-C5B14855D53C-SegmentedRaftLogWorker for RaftStorageImpl:Storage Directory /home/runner/work/ozone/ozone/hadoop-ozone/integration-test/target/test-dir/MiniOzoneClusterImpl-434b3942-5fee-4696-bdff-815572bb5a66/datanode-0/data/ratis/16c166a4-a356-4c43-adc8-c5b14855d53c
2022-03-01 02:07:42,236 [EventQueue-OpenPipelineForHealthyPipelineSafeModeRule] INFO  safemode.SCMSafeModeManager (HealthyPipelineSafeModeRule.java:process(124)) - SCM in safe mode. Healthy pipelines reported count is 0, required healthy pipeline reported count is 1
2022-03-01 02:07:42,236 [pool-227-thread-1] INFO  server.RaftServerConfigKeys (ConfUtils.java:logGet(44)) - raft.server.log.queue.byte-limit = 4294967296 (custom)
2022-03-01 02:07:42,237 [pool-227-thread-1] INFO  server.RaftServerConfigKeys (ConfUtils.java:logGet(44)) - raft.server.log.queue.element-limit = 1024 (custom)
2022-03-01 02:07:42,237 [pool-227-thread-1] INFO  server.RaftServerConfigKeys (ConfUtils.java:logGet(44)) - raft.server.log.segment.size.max = 1048576 (custom)
2022-03-01 02:07:42,237 [pool-227-thread-1] INFO  server.RaftServerConfigKeys (ConfUtils.java:logGet(44)) - raft.server.log.preallocated.size = 16384 (custom)
2022-03-01 02:07:42,237 [pool-227-thread-1] INFO  server.RaftServerConfigKeys (ConfUtils.java:logGet(44)) - raft.server.log.force.sync.num = 128 (default)
2022-03-01 02:07:42,237 [pool-227-thread-1] INFO  server.RaftServerConfigKeys (ConfUtils.java:logGet(44)) - raft.server.log.statemachine.data.sync = true (default)
2022-03-01 02:07:42,237 [pool-227-thread-1] INFO  server.RaftServerConfigKeys (ConfUtils.java:logGet(44)) - raft.server.log.statemachine.data.sync.timeout = 10s (default)
2022-03-01 02:07:42,237 [pool-227-thread-1] INFO  server.RaftServerConfigKeys (ConfUtils.java:logGet(44)) - raft.server.log.statemachine.data.sync.timeout.retry = -1 (default)
2022-03-01 02:07:42,238 [pool-227-thread-1] INFO  server.RaftServerConfigKeys (ConfUtils.java:logGet(44)) - raft.server.log.write.buffer.size = 1048576 (custom)
2022-03-01 02:07:42,239 [pool-227-thread-1] INFO  server.RaftServerConfigKeys (ConfUtils.java:logGet(44)) - raft.server.log.statemachine.data.caching.enabled = true (custom)
2022-03-01 02:07:42,240 [pool-227-thread-1] INFO  segmented.SegmentedRaftLogWorker (SegmentedRaftLogWorker.java:lambda$new$0(133)) - f852d663-8551-44ff-bf98-1a071536d5f3@group-C5B14855D53C-SegmentedRaftLogWorker: flushIndex: setUnconditionally 0 -> -1
2022-03-01 02:07:42,240 [pool-227-thread-1] INFO  segmented.SegmentedRaftLogWorker (SegmentedRaftLogWorker.java:lambda$new$0(133)) - f852d663-8551-44ff-bf98-1a071536d5f3@group-C5B14855D53C-SegmentedRaftLogWorker: safeCacheEvictIndex: setUnconditionally 0 -> -1
2022-03-01 02:07:42,248 [pool-227-thread-1] INFO  server.RaftServerConfigKeys (ConfUtils.java:logGet(44)) - raft.server.snapshot.auto.trigger.enabled = true (custom)
2022-03-01 02:07:42,248 [pool-227-thread-1] INFO  server.RaftServerConfigKeys (ConfUtils.java:logGet(44)) - raft.server.snapshot.auto.trigger.threshold = 10000 (custom)
2022-03-01 02:07:42,248 [pool-227-thread-1] INFO  server.RaftServerConfigKeys (ConfUtils.java:logGet(44)) - raft.server.snapshot.retention.file.num = 5 (custom)
2022-03-01 02:07:42,248 [pool-227-thread-1] INFO  server.RaftServerConfigKeys (ConfUtils.java:logGet(44)) - raft.server.log.purge.upto.snapshot.index = false (default)
2022-03-01 02:07:42,248 [pool-227-thread-1] INFO  server.RaftServerConfigKeys (ConfUtils.java:logGet(44)) - raft.server.retrycache.expirytime = 600000ms (custom)
2022-03-01 02:07:42,248 [pool-227-thread-1] INFO  server.RaftServerConfigKeys (ConfUtils.java:logGet(44)) - raft.server.retrycache.statistics.expirytime = 100μs (default)
2022-03-01 02:07:42,249 [pool-227-thread-1] INFO  server.RaftServer$Division (RaftServerImpl.java:start(301)) - f852d663-8551-44ff-bf98-1a071536d5f3@group-C5B14855D53C: start as a follower, conf=-1: [15137193-5371-4ef9-ba6d-6341e6f07c07|rpc:10.1.0.9:42249|priority:0, 780374df-c85b-440f-b2c8-8ca4ff0a1b56|rpc:10.1.0.9:36027|priority:0, f852d663-8551-44ff-bf98-1a071536d5f3|rpc:10.1.0.9:44261|priority:1], old=null
2022-03-01 02:07:42,250 [pool-227-thread-1] INFO  server.RaftServer$Division (RaftServerImpl.java:setRole(290)) - f852d663-8551-44ff-bf98-1a071536d5f3@group-C5B14855D53C: changes role from      null to FOLLOWER at term 0 for startAsFollower
2022-03-01 02:07:42,250 [pool-227-thread-1] INFO  impl.RoleInfo (RoleInfo.java:updateAndGet(130)) - f852d663-8551-44ff-bf98-1a071536d5f3: start f852d663-8551-44ff-bf98-1a071536d5f3@group-C5B14855D53C-FollowerState
2022-03-01 02:07:42,255 [pool-227-thread-1] INFO  util.JmxRegister (JmxRegister.java:tryRegister(44)) - Successfully registered JMX Bean with object name Ratis:service=RaftServer,group=group-C5B14855D53C,id=f852d663-8551-44ff-bf98-1a071536d5f3
2022-03-01 02:07:42,267 [Command processor thread] INFO  ratis.XceiverServerRatis (XceiverServerRatis.java:addGroup(769)) - Created group PipelineID=16c166a4-a356-4c43-adc8-c5b14855d53c
2022-03-01 02:07:42,292 [grpc-default-executor-4] INFO  server.RaftServer (RaftServerProxy.java:addNew(95)) - 780374df-c85b-440f-b2c8-8ca4ff0a1b56: addNew group-C5B14855D53C:[15137193-5371-4ef9-ba6d-6341e6f07c07|rpc:10.1.0.9:42249|dataStream:|priority:0, 780374df-c85b-440f-b2c8-8ca4ff0a1b56|rpc:10.1.0.9:36027|dataStream:|priority:0, f852d663-8551-44ff-bf98-1a071536d5f3|rpc:10.1.0.9:44261|dataStream:|priority:1] returns group-C5B14855D53C:java.util.concurrent.CompletableFuture@3259fd3c[Not completed]
2022-03-01 02:07:42,293 [pool-248-thread-1] INFO  server.RaftServer$Division (RaftServerImpl.java:<init>(184)) - 780374df-c85b-440f-b2c8-8ca4ff0a1b56: new RaftServerImpl for group-C5B14855D53C:[15137193-5371-4ef9-ba6d-6341e6f07c07|rpc:10.1.0.9:42249|dataStream:|priority:0, 780374df-c85b-440f-b2c8-8ca4ff0a1b56|rpc:10.1.0.9:36027|dataStream:|priority:0, f852d663-8551-44ff-bf98-1a071536d5f3|rpc:10.1.0.9:44261|dataStream:|priority:1] with ContainerStateMachine:uninitialized
2022-03-01 02:07:42,293 [pool-248-thread-1] INFO  server.RaftServerConfigKeys (ConfUtils.java:logGet(44)) - raft.server.rpc.timeout.min = 5s (custom)
2022-03-01 02:07:42,293 [pool-248-thread-1] INFO  server.RaftServerConfigKeys (ConfUtils.java:logGet(44)) - raft.server.rpc.timeout.max = 5200ms (custom)
2022-03-01 02:07:42,293 [pool-248-thread-1] INFO  server.RaftServerConfigKeys (ConfUtils.java:logGet(44)) - raft.server.rpc.sleep.time = 25ms (default)
2022-03-01 02:07:42,293 [pool-248-thread-1] INFO  server.RaftServerConfigKeys (ConfUtils.java:logGet(44)) - raft.server.rpc.slowness.timeout = 300s (custom)
2022-03-01 02:07:42,293 [pool-248-thread-1] INFO  server.RaftServerConfigKeys (ConfUtils.java:logGet(44)) - raft.server.leaderelection.leader.step-down.wait-time = 10s (default)
2022-03-01 02:07:42,293 [pool-248-thread-1] INFO  server.RaftServerConfigKeys (ConfUtils.java:logGet(44)) - raft.server.sleep.deviation.threshold = 300ms (default)
2022-03-01 02:07:42,293 [pool-248-thread-1] INFO  server.RaftServerConfigKeys (ConfUtils.java:logGet(44)) - raft.server.log.appender.install.snapshot.enabled = false (custom)
2022-03-01 02:07:42,293 [pool-248-thread-1] INFO  server.RaftServer$Division (ServerState.java:<init>(105)) - 780374df-c85b-440f-b2c8-8ca4ff0a1b56@group-C5B14855D53C: ConfigurationManager, init=-1: [15137193-5371-4ef9-ba6d-6341e6f07c07|rpc:10.1.0.9:42249|dataStream:|priority:0, 780374df-c85b-440f-b2c8-8ca4ff0a1b56|rpc:10.1.0.9:36027|dataStream:|priority:0, f852d663-8551-44ff-bf98-1a071536d5f3|rpc:10.1.0.9:44261|dataStream:|priority:1], old=null, confs=<EMPTY_MAP>
2022-03-01 02:07:42,293 [pool-248-thread-1] INFO  server.RaftServerConfigKeys (ConfUtils.java:logGet(44)) - raft.server.storage.dir = [/home/runner/work/ozone/ozone/hadoop-ozone/integration-test/target/test-dir/MiniOzoneClusterImpl-434b3942-5fee-4696-bdff-815572bb5a66/datanode-1/data/ratis] (custom)
2022-03-01 02:07:42,293 [pool-248-thread-1] INFO  server.RaftServerConfigKeys (ConfUtils.java:logGet(44)) - raft.server.log.corruption.policy = EXCEPTION (default)
2022-03-01 02:07:42,293 [pool-248-thread-1] INFO  server.RaftServerConfigKeys (ConfUtils.java:logGet(44)) - raft.server.storage.free-space.min = 0MB (=0) (default)
2022-03-01 02:07:42,294 [pool-248-thread-1] INFO  storage.RaftStorageDirectory (RaftStorageDirectoryImpl.java:analyzeStorage(135)) - The storage directory /home/runner/work/ozone/ozone/hadoop-ozone/integration-test/target/test-dir/MiniOzoneClusterImpl-434b3942-5fee-4696-bdff-815572bb5a66/datanode-1/data/ratis/16c166a4-a356-4c43-adc8-c5b14855d53c does not exist. Creating ...
2022-03-01 02:07:42,295 [pool-248-thread-1] INFO  storage.RaftStorageDirectory (RaftStorageDirectoryImpl.java:tryLock(230)) - Lock on /home/runner/work/ozone/ozone/hadoop-ozone/integration-test/target/test-dir/MiniOzoneClusterImpl-434b3942-5fee-4696-bdff-815572bb5a66/datanode-1/data/ratis/16c166a4-a356-4c43-adc8-c5b14855d53c/in_use.lock acquired by nodename 9245@fv-az294-952
2022-03-01 02:07:42,296 [pool-248-thread-1] INFO  storage.RaftStorage (RaftStorageImpl.java:format(89)) - Storage directory /home/runner/work/ozone/ozone/hadoop-ozone/integration-test/target/test-dir/MiniOzoneClusterImpl-434b3942-5fee-4696-bdff-815572bb5a66/datanode-1/data/ratis/16c166a4-a356-4c43-adc8-c5b14855d53c has been successfully formatted.
2022-03-01 02:07:42,298 [pool-248-thread-1] INFO  ratis.ContainerStateMachine (ContainerStateMachine.java:loadSnapshot(236)) - group-C5B14855D53C: The snapshot info is null. Setting the last applied indexto:(t:0, i:~)
2022-03-01 02:07:42,298 [pool-248-thread-1] INFO  server.RaftServerConfigKeys (ConfUtils.java:logGet(44)) - raft.server.notification.no-leader.timeout = 300s (custom)
2022-03-01 02:07:42,298 [pool-248-thread-1] INFO  server.RaftServerConfigKeys (ConfUtils.java:logGet(44)) - raft.server.log.use.memory = false (default)
2022-03-01 02:07:42,298 [pool-248-thread-1] INFO  server.RaftServerConfigKeys (ConfUtils.java:logGet(44)) - raft.server.log.purge.gap = 1000000 (custom)
2022-03-01 02:07:42,298 [pool-248-thread-1] INFO  server.RaftServerConfigKeys (ConfUtils.java:logGet(44)) - raft.server.log.appender.buffer.byte-limit = 33554432 (custom)
2022-03-01 02:07:42,298 [pool-248-thread-1] INFO  server.RaftServerConfigKeys (ConfUtils.java:logGet(44)) - raft.server.log.segment.size.max = 1048576 (custom)
2022-03-01 02:07:42,298 [pool-248-thread-1] INFO  server.RaftServerConfigKeys (ConfUtils.java:logGet(44)) - raft.server.log.segment.cache.num.max = 2 (custom)
2022-03-01 02:07:42,299 [pool-248-thread-1] INFO  server.RaftServerConfigKeys (ConfUtils.java:logGet(44)) - raft.server.log.segment.cache.size.max = 200MB (=209715200) (default)
2022-03-01 02:07:42,299 [pool-248-thread-1] INFO  segmented.SegmentedRaftLogWorker (SegmentedRaftLogWorker.java:<init>(182)) - new 780374df-c85b-440f-b2c8-8ca4ff0a1b56@group-C5B14855D53C-SegmentedRaftLogWorker for RaftStorageImpl:Storage Directory /home/runner/work/ozone/ozone/hadoop-ozone/integration-test/target/test-dir/MiniOzoneClusterImpl-434b3942-5fee-4696-bdff-815572bb5a66/datanode-1/data/ratis/16c166a4-a356-4c43-adc8-c5b14855d53c
2022-03-01 02:07:42,299 [pool-248-thread-1] INFO  server.RaftServerConfigKeys (ConfUtils.java:logGet(44)) - raft.server.log.queue.byte-limit = 4294967296 (custom)
2022-03-01 02:07:42,299 [pool-248-thread-1] INFO  server.RaftServerConfigKeys (ConfUtils.java:logGet(44)) - raft.server.log.queue.element-limit = 1024 (custom)
2022-03-01 02:07:42,299 [pool-248-thread-1] INFO  server.RaftServerConfigKeys (ConfUtils.java:logGet(44)) - raft.server.log.segment.size.max = 1048576 (custom)
2022-03-01 02:07:42,299 [pool-248-thread-1] INFO  server.RaftServerConfigKeys (ConfUtils.java:logGet(44)) - raft.server.log.preallocated.size = 16384 (custom)
2022-03-01 02:07:42,299 [pool-248-thread-1] INFO  server.RaftServerConfigKeys (ConfUtils.java:logGet(44)) - raft.server.log.force.sync.num = 128 (default)
2022-03-01 02:07:42,299 [pool-248-thread-1] INFO  server.RaftServerConfigKeys (ConfUtils.java:logGet(44)) - raft.server.log.statemachine.data.sync = true (default)
2022-03-01 02:07:42,299 [pool-248-thread-1] INFO  server.RaftServerConfigKeys (ConfUtils.java:logGet(44)) - raft.server.log.statemachine.data.sync.timeout = 10s (default)
2022-03-01 02:07:42,299 [pool-248-thread-1] INFO  server.RaftServerConfigKeys (ConfUtils.java:logGet(44)) - raft.server.log.statemachine.data.sync.timeout.retry = -1 (default)
2022-03-01 02:07:42,303 [pool-248-thread-1] INFO  server.RaftServerConfigKeys (ConfUtils.java:logGet(44)) - raft.server.log.write.buffer.size = 1048576 (custom)
2022-03-01 02:07:42,304 [pool-248-thread-1] INFO  server.RaftServerConfigKeys (ConfUtils.java:logGet(44)) - raft.server.log.statemachine.data.caching.enabled = true (custom)
2022-03-01 02:07:42,304 [pool-248-thread-1] INFO  segmented.SegmentedRaftLogWorker (SegmentedRaftLogWorker.java:lambda$new$0(133)) - 780374df-c85b-440f-b2c8-8ca4ff0a1b56@group-C5B14855D53C-SegmentedRaftLogWorker: flushIndex: setUnconditionally 0 -> -1
2022-03-01 02:07:42,304 [pool-248-thread-1] INFO  segmented.SegmentedRaftLogWorker (SegmentedRaftLogWorker.java:lambda$new$0(133)) - 780374df-c85b-440f-b2c8-8ca4ff0a1b56@group-C5B14855D53C-SegmentedRaftLogWorker: safeCacheEvictIndex: setUnconditionally 0 -> -1
2022-03-01 02:07:42,307 [pool-248-thread-1] INFO  server.RaftServerConfigKeys (ConfUtils.java:logGet(44)) - raft.server.snapshot.auto.trigger.enabled = true (custom)
2022-03-01 02:07:42,307 [pool-248-thread-1] INFO  server.RaftServerConfigKeys (ConfUtils.java:logGet(44)) - raft.server.snapshot.auto.trigger.threshold = 10000 (custom)
2022-03-01 02:07:42,307 [pool-248-thread-1] INFO  server.RaftServerConfigKeys (ConfUtils.java:logGet(44)) - raft.server.snapshot.retention.file.num = 5 (custom)
2022-03-01 02:07:42,307 [pool-248-thread-1] INFO  server.RaftServerConfigKeys (ConfUtils.java:logGet(44)) - raft.server.log.purge.upto.snapshot.index = false (default)
2022-03-01 02:07:42,308 [pool-248-thread-1] INFO  server.RaftServerConfigKeys (ConfUtils.java:logGet(44)) - raft.server.retrycache.expirytime = 600000ms (custom)
2022-03-01 02:07:42,308 [pool-248-thread-1] INFO  server.RaftServerConfigKeys (ConfUtils.java:logGet(44)) - raft.server.retrycache.statistics.expirytime = 100μs (default)
2022-03-01 02:07:42,316 [pool-248-thread-1] INFO  server.RaftServer$Division (RaftServerImpl.java:start(301)) - 780374df-c85b-440f-b2c8-8ca4ff0a1b56@group-C5B14855D53C: start as a follower, conf=-1: [15137193-5371-4ef9-ba6d-6341e6f07c07|rpc:10.1.0.9:42249|dataStream:|priority:0, 780374df-c85b-440f-b2c8-8ca4ff0a1b56|rpc:10.1.0.9:36027|dataStream:|priority:0, f852d663-8551-44ff-bf98-1a071536d5f3|rpc:10.1.0.9:44261|dataStream:|priority:1], old=null
2022-03-01 02:07:42,316 [pool-248-thread-1] INFO  server.RaftServer$Division (RaftServerImpl.java:setRole(290)) - 780374df-c85b-440f-b2c8-8ca4ff0a1b56@group-C5B14855D53C: changes role from      null to FOLLOWER at term 0 for startAsFollower
2022-03-01 02:07:42,316 [pool-248-thread-1] INFO  impl.RoleInfo (RoleInfo.java:updateAndGet(130)) - 780374df-c85b-440f-b2c8-8ca4ff0a1b56: start 780374df-c85b-440f-b2c8-8ca4ff0a1b56@group-C5B14855D53C-FollowerState
2022-03-01 02:07:42,339 [pool-248-thread-1] INFO  util.JmxRegister (JmxRegister.java:tryRegister(44)) - Successfully registered JMX Bean with object name Ratis:service=RaftServer,group=group-C5B14855D53C,id=780374df-c85b-440f-b2c8-8ca4ff0a1b56
2022-03-01 02:07:42,361 [Command processor thread] INFO  server.RaftServer (RaftServerProxy.java:addNew(95)) - 780374df-c85b-440f-b2c8-8ca4ff0a1b56: addNew group-DF23AC2FBD61:[780374df-c85b-440f-b2c8-8ca4ff0a1b56|rpc:10.1.0.9:36027|priority:1] returns group-DF23AC2FBD61:java.util.concurrent.CompletableFuture@26ababee[Not completed]
2022-03-01 02:07:42,362 [pool-248-thread-1] INFO  server.RaftServer$Division (RaftServerImpl.java:<init>(184)) - 780374df-c85b-440f-b2c8-8ca4ff0a1b56: new RaftServerImpl for group-DF23AC2FBD61:[780374df-c85b-440f-b2c8-8ca4ff0a1b56|rpc:10.1.0.9:36027|priority:1] with ContainerStateMachine:uninitialized
2022-03-01 02:07:42,363 [pool-248-thread-1] INFO  server.RaftServerConfigKeys (ConfUtils.java:logGet(44)) - raft.server.rpc.timeout.min = 5s (custom)
2022-03-01 02:07:42,363 [pool-248-thread-1] INFO  server.RaftServerConfigKeys (ConfUtils.java:logGet(44)) - raft.server.rpc.timeout.max = 5200ms (custom)
2022-03-01 02:07:42,363 [pool-248-thread-1] INFO  server.RaftServerConfigKeys (ConfUtils.java:logGet(44)) - raft.server.rpc.sleep.time = 25ms (default)
2022-03-01 02:07:42,363 [pool-248-thread-1] INFO  server.RaftServerConfigKeys (ConfUtils.java:logGet(44)) - raft.server.rpc.slowness.timeout = 300s (custom)
2022-03-01 02:07:42,363 [pool-248-thread-1] INFO  server.RaftServerConfigKeys (ConfUtils.java:logGet(44)) - raft.server.leaderelection.leader.step-down.wait-time = 10s (default)
2022-03-01 02:07:42,363 [pool-248-thread-1] INFO  server.RaftServerConfigKeys (ConfUtils.java:logGet(44)) - raft.server.sleep.deviation.threshold = 300ms (default)
2022-03-01 02:07:42,363 [pool-248-thread-1] INFO  server.RaftServerConfigKeys (ConfUtils.java:logGet(44)) - raft.server.log.appender.install.snapshot.enabled = false (custom)
2022-03-01 02:07:42,363 [pool-248-thread-1] INFO  server.RaftServer$Division (ServerState.java:<init>(105)) - 780374df-c85b-440f-b2c8-8ca4ff0a1b56@group-DF23AC2FBD61: ConfigurationManager, init=-1: [780374df-c85b-440f-b2c8-8ca4ff0a1b56|rpc:10.1.0.9:36027|priority:1], old=null, confs=<EMPTY_MAP>
2022-03-01 02:07:42,363 [pool-248-thread-1] INFO  server.RaftServerConfigKeys (ConfUtils.java:logGet(44)) - raft.server.storage.dir = [/home/runner/work/ozone/ozone/hadoop-ozone/integration-test/target/test-dir/MiniOzoneClusterImpl-434b3942-5fee-4696-bdff-815572bb5a66/datanode-1/data/ratis] (custom)
2022-03-01 02:07:42,363 [pool-248-thread-1] INFO  server.RaftServerConfigKeys (ConfUtils.java:logGet(44)) - raft.server.log.corruption.policy = EXCEPTION (default)
2022-03-01 02:07:42,363 [pool-248-thread-1] INFO  server.RaftServerConfigKeys (ConfUtils.java:logGet(44)) - raft.server.storage.free-space.min = 0MB (=0) (default)
2022-03-01 02:07:42,363 [pool-248-thread-1] INFO  storage.RaftStorageDirectory (RaftStorageDirectoryImpl.java:analyzeStorage(135)) - The storage directory /home/runner/work/ozone/ozone/hadoop-ozone/integration-test/target/test-dir/MiniOzoneClusterImpl-434b3942-5fee-4696-bdff-815572bb5a66/datanode-1/data/ratis/60d1fffc-8330-4b4e-abfa-df23ac2fbd61 does not exist. Creating ...
2022-03-01 02:07:42,364 [pool-248-thread-1] INFO  storage.RaftStorageDirectory (RaftStorageDirectoryImpl.java:tryLock(230)) - Lock on /home/runner/work/ozone/ozone/hadoop-ozone/integration-test/target/test-dir/MiniOzoneClusterImpl-434b3942-5fee-4696-bdff-815572bb5a66/datanode-1/data/ratis/60d1fffc-8330-4b4e-abfa-df23ac2fbd61/in_use.lock acquired by nodename 9245@fv-az294-952
2022-03-01 02:07:42,367 [pool-248-thread-1] INFO  storage.RaftStorage (RaftStorageImpl.java:format(89)) - Storage directory /home/runner/work/ozone/ozone/hadoop-ozone/integration-test/target/test-dir/MiniOzoneClusterImpl-434b3942-5fee-4696-bdff-815572bb5a66/datanode-1/data/ratis/60d1fffc-8330-4b4e-abfa-df23ac2fbd61 has been successfully formatted.
2022-03-01 02:07:42,367 [pool-248-thread-1] INFO  ratis.ContainerStateMachine (ContainerStateMachine.java:loadSnapshot(236)) - group-DF23AC2FBD61: The snapshot info is null. Setting the last applied indexto:(t:0, i:~)
2022-03-01 02:07:42,371 [pool-248-thread-1] INFO  server.RaftServerConfigKeys (ConfUtils.java:logGet(44)) - raft.server.notification.no-leader.timeout = 300s (custom)
2022-03-01 02:07:42,371 [pool-248-thread-1] INFO  server.RaftServerConfigKeys (ConfUtils.java:logGet(44)) - raft.server.log.use.memory = false (default)
2022-03-01 02:07:42,371 [pool-248-thread-1] INFO  server.RaftServerConfigKeys (ConfUtils.java:logGet(44)) - raft.server.log.purge.gap = 1000000 (custom)
2022-03-01 02:07:42,383 [EventQueue-PipelineReportForPipelineReportHandler] INFO  pipeline.PipelineManagerImpl (PipelineManagerImpl.java:openPipeline(291)) - Pipeline Pipeline[ Id: 60d1fffc-8330-4b4e-abfa-df23ac2fbd61, Nodes: 780374df-c85b-440f-b2c8-8ca4ff0a1b56{ip: 10.1.0.9, host: fv-az294-952.eaanfquahm5ulb5tj050gcxych.jx.internal.cloudapp.net, ports: [REPLICATION=37623, RATIS=36027, RATIS_ADMIN=36027, RATIS_SERVER=36027, STANDALONE=45885], networkLocation: /default-rack, certSerialId: null, persistedOpState: IN_SERVICE, persistedOpStateExpiryEpochSec: 0}, ReplicationConfig: RATIS/ONE, State:ALLOCATED, leaderId:780374df-c85b-440f-b2c8-8ca4ff0a1b56, CreationTimestamp2022-03-01T02:07:39.366Z[Etc/UTC]] moved to OPEN state
2022-03-01 02:07:42,384 [pool-248-thread-1] INFO  server.RaftServerConfigKeys (ConfUtils.java:logGet(44)) - raft.server.log.appender.buffer.byte-limit = 33554432 (custom)
2022-03-01 02:07:42,385 [pool-248-thread-1] INFO  server.RaftServerConfigKeys (ConfUtils.java:logGet(44)) - raft.server.log.segment.size.max = 1048576 (custom)
2022-03-01 02:07:42,385 [pool-248-thread-1] INFO  server.RaftServerConfigKeys (ConfUtils.java:logGet(44)) - raft.server.log.segment.cache.num.max = 2 (custom)
2022-03-01 02:07:42,386 [pool-248-thread-1] INFO  server.RaftServerConfigKeys (ConfUtils.java:logGet(44)) - raft.server.log.segment.cache.size.max = 200MB (=209715200) (default)
2022-03-01 02:07:42,386 [pool-248-thread-1] INFO  segmented.SegmentedRaftLogWorker (SegmentedRaftLogWorker.java:<init>(182)) - new 780374df-c85b-440f-b2c8-8ca4ff0a1b56@group-DF23AC2FBD61-SegmentedRaftLogWorker for RaftStorageImpl:Storage Directory /home/runner/work/ozone/ozone/hadoop-ozone/integration-test/target/test-dir/MiniOzoneClusterImpl-434b3942-5fee-4696-bdff-815572bb5a66/datanode-1/data/ratis/60d1fffc-8330-4b4e-abfa-df23ac2fbd61
2022-03-01 02:07:42,386 [pool-248-thread-1] INFO  server.RaftServerConfigKeys (ConfUtils.java:logGet(44)) - raft.server.log.queue.byte-limit = 4294967296 (custom)
2022-03-01 02:07:42,386 [pool-248-thread-1] INFO  server.RaftServerConfigKeys (ConfUtils.java:logGet(44)) - raft.server.log.queue.element-limit = 1024 (custom)
2022-03-01 02:07:42,386 [pool-248-thread-1] INFO  server.RaftServerConfigKeys (ConfUtils.java:logGet(44)) - raft.server.log.segment.size.max = 1048576 (custom)
2022-03-01 02:07:42,386 [pool-248-thread-1] INFO  server.RaftServerConfigKeys (ConfUtils.java:logGet(44)) - raft.server.log.preallocated.size = 16384 (custom)
2022-03-01 02:07:42,386 [pool-248-thread-1] INFO  server.RaftServerConfigKeys (ConfUtils.java:logGet(44)) - raft.server.log.force.sync.num = 128 (default)
2022-03-01 02:07:42,386 [pool-248-thread-1] INFO  server.RaftServerConfigKeys (ConfUtils.java:logGet(44)) - raft.server.log.statemachine.data.sync = true (default)
2022-03-01 02:07:42,386 [pool-248-thread-1] INFO  server.RaftServerConfigKeys (ConfUtils.java:logGet(44)) - raft.server.log.statemachine.data.sync.timeout = 10s (default)
2022-03-01 02:07:42,386 [pool-248-thread-1] INFO  server.RaftServerConfigKeys (ConfUtils.java:logGet(44)) - raft.server.log.statemachine.data.sync.timeout.retry = -1 (default)
2022-03-01 02:07:42,387 [pool-248-thread-1] INFO  server.RaftServerConfigKeys (ConfUtils.java:logGet(44)) - raft.server.log.write.buffer.size = 1048576 (custom)
2022-03-01 02:07:42,385 [09878d1a-377f-423d-a37c-738af89666e1@group-815572BB5A66-StateMachineUpdater] INFO  safemode.HealthyPipelineSafeModeRule (HealthyPipelineSafeModeRule.java:initializeRule(152)) - Refreshed total pipeline count is 0, healthy pipeline threshold count is 1
2022-03-01 02:07:42,388 [pool-248-thread-1] INFO  server.RaftServerConfigKeys (ConfUtils.java:logGet(44)) - raft.server.log.statemachine.data.caching.enabled = true (custom)
2022-03-01 02:07:42,402 [pool-248-thread-1] INFO  segmented.SegmentedRaftLogWorker (SegmentedRaftLogWorker.java:lambda$new$0(133)) - 780374df-c85b-440f-b2c8-8ca4ff0a1b56@group-DF23AC2FBD61-SegmentedRaftLogWorker: flushIndex: setUnconditionally 0 -> -1
2022-03-01 02:07:42,402 [pool-248-thread-1] INFO  segmented.SegmentedRaftLogWorker (SegmentedRaftLogWorker.java:lambda$new$0(133)) - 780374df-c85b-440f-b2c8-8ca4ff0a1b56@group-DF23AC2FBD61-SegmentedRaftLogWorker: safeCacheEvictIndex: setUnconditionally 0 -> -1
2022-03-01 02:07:42,405 [EventQueue-OpenPipelineForHealthyPipelineSafeModeRule] INFO  safemode.SCMSafeModeManager (HealthyPipelineSafeModeRule.java:process(124)) - SCM in safe mode. Healthy pipelines reported count is 0, required healthy pipeline reported count is 1
2022-03-01 02:07:42,415 [pool-248-thread-1] INFO  server.RaftServerConfigKeys (ConfUtils.java:logGet(44)) - raft.server.snapshot.auto.trigger.enabled = true (custom)
2022-03-01 02:07:42,415 [pool-248-thread-1] INFO  server.RaftServerConfigKeys (ConfUtils.java:logGet(44)) - raft.server.snapshot.auto.trigger.threshold = 10000 (custom)
2022-03-01 02:07:42,415 [pool-248-thread-1] INFO  server.RaftServerConfigKeys (ConfUtils.java:logGet(44)) - raft.server.snapshot.retention.file.num = 5 (custom)
2022-03-01 02:07:42,415 [pool-248-thread-1] INFO  server.RaftServerConfigKeys (ConfUtils.java:logGet(44)) - raft.server.log.purge.upto.snapshot.index = false (default)
2022-03-01 02:07:42,415 [pool-248-thread-1] INFO  server.RaftServerConfigKeys (ConfUtils.java:logGet(44)) - raft.server.retrycache.expirytime = 600000ms (custom)
2022-03-01 02:07:42,416 [pool-248-thread-1] INFO  server.RaftServerConfigKeys (ConfUtils.java:logGet(44)) - raft.server.retrycache.statistics.expirytime = 100μs (default)
2022-03-01 02:07:42,417 [pool-248-thread-1] INFO  server.RaftServer$Division (RaftServerImpl.java:start(301)) - 780374df-c85b-440f-b2c8-8ca4ff0a1b56@group-DF23AC2FBD61: start as a follower, conf=-1: [780374df-c85b-440f-b2c8-8ca4ff0a1b56|rpc:10.1.0.9:36027|priority:1], old=null
2022-03-01 02:07:42,417 [pool-248-thread-1] INFO  server.RaftServer$Division (RaftServerImpl.java:setRole(290)) - 780374df-c85b-440f-b2c8-8ca4ff0a1b56@group-DF23AC2FBD61: changes role from      null to FOLLOWER at term 0 for startAsFollower
2022-03-01 02:07:42,417 [pool-248-thread-1] INFO  impl.RoleInfo (RoleInfo.java:updateAndGet(130)) - 780374df-c85b-440f-b2c8-8ca4ff0a1b56: start 780374df-c85b-440f-b2c8-8ca4ff0a1b56@group-DF23AC2FBD61-FollowerState
2022-03-01 02:07:42,423 [pool-248-thread-1] INFO  util.JmxRegister (JmxRegister.java:tryRegister(44)) - Successfully registered JMX Bean with object name Ratis:service=RaftServer,group=group-DF23AC2FBD61,id=780374df-c85b-440f-b2c8-8ca4ff0a1b56
2022-03-01 02:07:42,425 [Command processor thread] INFO  ratis.XceiverServerRatis (XceiverServerRatis.java:addGroup(769)) - Created group PipelineID=60d1fffc-8330-4b4e-abfa-df23ac2fbd61
2022-03-01 02:07:42,425 [Command processor thread] INFO  commandhandler.CreatePipelineCommandHandler (CreatePipelineCommandHandler.java:handle(106)) - Created Pipeline RATIS ONE PipelineID=60d1fffc-8330-4b4e-abfa-df23ac2fbd61.
2022-03-01 02:07:42,425 [grpc-default-executor-4] INFO  server.RaftServer (RaftServerProxy.java:addNew(95)) - 15137193-5371-4ef9-ba6d-6341e6f07c07: addNew group-C5B14855D53C:[15137193-5371-4ef9-ba6d-6341e6f07c07|rpc:10.1.0.9:42249|dataStream:|priority:0, 780374df-c85b-440f-b2c8-8ca4ff0a1b56|rpc:10.1.0.9:36027|dataStream:|priority:0, f852d663-8551-44ff-bf98-1a071536d5f3|rpc:10.1.0.9:44261|dataStream:|priority:1] returns group-C5B14855D53C:java.util.concurrent.CompletableFuture@5ff88459[Not completed]
2022-03-01 02:07:42,428 [pool-269-thread-1] INFO  server.RaftServer$Division (RaftServerImpl.java:<init>(184)) - 15137193-5371-4ef9-ba6d-6341e6f07c07: new RaftServerImpl for group-C5B14855D53C:[15137193-5371-4ef9-ba6d-6341e6f07c07|rpc:10.1.0.9:42249|dataStream:|priority:0, 780374df-c85b-440f-b2c8-8ca4ff0a1b56|rpc:10.1.0.9:36027|dataStream:|priority:0, f852d663-8551-44ff-bf98-1a071536d5f3|rpc:10.1.0.9:44261|dataStream:|priority:1] with ContainerStateMachine:uninitialized
2022-03-01 02:07:42,428 [pool-269-thread-1] INFO  server.RaftServerConfigKeys (ConfUtils.java:logGet(44)) - raft.server.rpc.timeout.min = 5s (custom)
2022-03-01 02:07:42,428 [pool-269-thread-1] INFO  server.RaftServerConfigKeys (ConfUtils.java:logGet(44)) - raft.server.rpc.timeout.max = 5200ms (custom)
2022-03-01 02:07:42,428 [pool-269-thread-1] INFO  server.RaftServerConfigKeys (ConfUtils.java:logGet(44)) - raft.server.rpc.sleep.time = 25ms (default)
2022-03-01 02:07:42,428 [pool-269-thread-1] INFO  server.RaftServerConfigKeys (ConfUtils.java:logGet(44)) - raft.server.rpc.slowness.timeout = 300s (custom)
2022-03-01 02:07:42,428 [pool-269-thread-1] INFO  server.RaftServerConfigKeys (ConfUtils.java:logGet(44)) - raft.server.leaderelection.leader.step-down.wait-time = 10s (default)
2022-03-01 02:07:42,428 [pool-269-thread-1] INFO  server.RaftServerConfigKeys (ConfUtils.java:logGet(44)) - raft.server.sleep.deviation.threshold = 300ms (default)
2022-03-01 02:07:42,428 [pool-269-thread-1] INFO  server.RaftServerConfigKeys (ConfUtils.java:logGet(44)) - raft.server.log.appender.install.snapshot.enabled = false (custom)
2022-03-01 02:07:42,428 [pool-269-thread-1] INFO  server.RaftServer$Division (ServerState.java:<init>(105)) - 15137193-5371-4ef9-ba6d-6341e6f07c07@group-C5B14855D53C: ConfigurationManager, init=-1: [15137193-5371-4ef9-ba6d-6341e6f07c07|rpc:10.1.0.9:42249|dataStream:|priority:0, 780374df-c85b-440f-b2c8-8ca4ff0a1b56|rpc:10.1.0.9:36027|dataStream:|priority:0, f852d663-8551-44ff-bf98-1a071536d5f3|rpc:10.1.0.9:44261|dataStream:|priority:1], old=null, confs=<EMPTY_MAP>
2022-03-01 02:07:42,429 [pool-269-thread-1] INFO  server.RaftServerConfigKeys (ConfUtils.java:logGet(44)) - raft.server.storage.dir = [/home/runner/work/ozone/ozone/hadoop-ozone/integration-test/target/test-dir/MiniOzoneClusterImpl-434b3942-5fee-4696-bdff-815572bb5a66/datanode-2/data/ratis] (custom)
2022-03-01 02:07:42,429 [pool-269-thread-1] INFO  server.RaftServerConfigKeys (ConfUtils.java:logGet(44)) - raft.server.log.corruption.policy = EXCEPTION (default)
2022-03-01 02:07:42,429 [pool-269-thread-1] INFO  server.RaftServerConfigKeys (ConfUtils.java:logGet(44)) - raft.server.storage.free-space.min = 0MB (=0) (default)
2022-03-01 02:07:42,429 [pool-269-thread-1] INFO  storage.RaftStorageDirectory (RaftStorageDirectoryImpl.java:analyzeStorage(135)) - The storage directory /home/runner/work/ozone/ozone/hadoop-ozone/integration-test/target/test-dir/MiniOzoneClusterImpl-434b3942-5fee-4696-bdff-815572bb5a66/datanode-2/data/ratis/16c166a4-a356-4c43-adc8-c5b14855d53c does not exist. Creating ...
2022-03-01 02:07:42,436 [pool-269-thread-1] INFO  storage.RaftStorageDirectory (RaftStorageDirectoryImpl.java:tryLock(230)) - Lock on /home/runner/work/ozone/ozone/hadoop-ozone/integration-test/target/test-dir/MiniOzoneClusterImpl-434b3942-5fee-4696-bdff-815572bb5a66/datanode-2/data/ratis/16c166a4-a356-4c43-adc8-c5b14855d53c/in_use.lock acquired by nodename 9245@fv-az294-952
2022-03-01 02:07:42,437 [pool-269-thread-1] INFO  storage.RaftStorage (RaftStorageImpl.java:format(89)) - Storage directory /home/runner/work/ozone/ozone/hadoop-ozone/integration-test/target/test-dir/MiniOzoneClusterImpl-434b3942-5fee-4696-bdff-815572bb5a66/datanode-2/data/ratis/16c166a4-a356-4c43-adc8-c5b14855d53c has been successfully formatted.
2022-03-01 02:07:42,437 [pool-269-thread-1] INFO  ratis.ContainerStateMachine (ContainerStateMachine.java:loadSnapshot(236)) - group-C5B14855D53C: The snapshot info is null. Setting the last applied indexto:(t:0, i:~)
2022-03-01 02:07:42,437 [pool-269-thread-1] INFO  server.RaftServerConfigKeys (ConfUtils.java:logGet(44)) - raft.server.notification.no-leader.timeout = 300s (custom)
2022-03-01 02:07:42,438 [pool-269-thread-1] INFO  server.RaftServerConfigKeys (ConfUtils.java:logGet(44)) - raft.server.log.use.memory = false (default)
2022-03-01 02:07:42,438 [pool-269-thread-1] INFO  server.RaftServerConfigKeys (ConfUtils.java:logGet(44)) - raft.server.log.purge.gap = 1000000 (custom)
2022-03-01 02:07:42,438 [pool-269-thread-1] INFO  server.RaftServerConfigKeys (ConfUtils.java:logGet(44)) - raft.server.log.appender.buffer.byte-limit = 33554432 (custom)
2022-03-01 02:07:42,438 [pool-269-thread-1] INFO  server.RaftServerConfigKeys (ConfUtils.java:logGet(44)) - raft.server.log.segment.size.max = 1048576 (custom)
2022-03-01 02:07:42,438 [pool-269-thread-1] INFO  server.RaftServerConfigKeys (ConfUtils.java:logGet(44)) - raft.server.log.segment.cache.num.max = 2 (custom)
2022-03-01 02:07:42,438 [pool-269-thread-1] INFO  server.RaftServerConfigKeys (ConfUtils.java:logGet(44)) - raft.server.log.segment.cache.size.max = 200MB (=209715200) (default)
2022-03-01 02:07:42,439 [pool-269-thread-1] INFO  segmented.SegmentedRaftLogWorker (SegmentedRaftLogWorker.java:<init>(182)) - new 15137193-5371-4ef9-ba6d-6341e6f07c07@group-C5B14855D53C-SegmentedRaftLogWorker for RaftStorageImpl:Storage Directory /home/runner/work/ozone/ozone/hadoop-ozone/integration-test/target/test-dir/MiniOzoneClusterImpl-434b3942-5fee-4696-bdff-815572bb5a66/datanode-2/data/ratis/16c166a4-a356-4c43-adc8-c5b14855d53c
2022-03-01 02:07:42,439 [pool-269-thread-1] INFO  server.RaftServerConfigKeys (ConfUtils.java:logGet(44)) - raft.server.log.queue.byte-limit = 4294967296 (custom)
2022-03-01 02:07:42,439 [pool-269-thread-1] INFO  server.RaftServerConfigKeys (ConfUtils.java:logGet(44)) - raft.server.log.queue.element-limit = 1024 (custom)
2022-03-01 02:07:42,439 [pool-269-thread-1] INFO  server.RaftServerConfigKeys (ConfUtils.java:logGet(44)) - raft.server.log.segment.size.max = 1048576 (custom)
2022-03-01 02:07:42,439 [pool-269-thread-1] INFO  server.RaftServerConfigKeys (ConfUtils.java:logGet(44)) - raft.server.log.preallocated.size = 16384 (custom)
2022-03-01 02:07:42,439 [pool-269-thread-1] INFO  server.RaftServerConfigKeys (ConfUtils.java:logGet(44)) - raft.server.log.force.sync.num = 128 (default)
2022-03-01 02:07:42,440 [pool-269-thread-1] INFO  server.RaftServerConfigKeys (ConfUtils.java:logGet(44)) - raft.server.log.statemachine.data.sync = true (default)
2022-03-01 02:07:42,440 [pool-269-thread-1] INFO  server.RaftServerConfigKeys (ConfUtils.java:logGet(44)) - raft.server.log.statemachine.data.sync.timeout = 10s (default)
2022-03-01 02:07:42,442 [pool-269-thread-1] INFO  server.RaftServerConfigKeys (ConfUtils.java:logGet(44)) - raft.server.log.statemachine.data.sync.timeout.retry = -1 (default)
2022-03-01 02:07:42,442 [pool-269-thread-1] INFO  server.RaftServerConfigKeys (ConfUtils.java:logGet(44)) - raft.server.log.write.buffer.size = 1048576 (custom)
2022-03-01 02:07:42,443 [pool-269-thread-1] INFO  server.RaftServerConfigKeys (ConfUtils.java:logGet(44)) - raft.server.log.statemachine.data.caching.enabled = true (custom)
2022-03-01 02:07:42,443 [pool-269-thread-1] INFO  segmented.SegmentedRaftLogWorker (SegmentedRaftLogWorker.java:lambda$new$0(133)) - 15137193-5371-4ef9-ba6d-6341e6f07c07@group-C5B14855D53C-SegmentedRaftLogWorker: flushIndex: setUnconditionally 0 -> -1
2022-03-01 02:07:42,443 [pool-269-thread-1] INFO  segmented.SegmentedRaftLogWorker (SegmentedRaftLogWorker.java:lambda$new$0(133)) - 15137193-5371-4ef9-ba6d-6341e6f07c07@group-C5B14855D53C-SegmentedRaftLogWorker: safeCacheEvictIndex: setUnconditionally 0 -> -1
2022-03-01 02:07:42,450 [pool-269-thread-1] INFO  server.RaftServerConfigKeys (ConfUtils.java:logGet(44)) - raft.server.snapshot.auto.trigger.enabled = true (custom)
2022-03-01 02:07:42,450 [pool-269-thread-1] INFO  server.RaftServerConfigKeys (ConfUtils.java:logGet(44)) - raft.server.snapshot.auto.trigger.threshold = 10000 (custom)
2022-03-01 02:07:42,450 [pool-269-thread-1] INFO  server.RaftServerConfigKeys (ConfUtils.java:logGet(44)) - raft.server.snapshot.retention.file.num = 5 (custom)
2022-03-01 02:07:42,450 [pool-269-thread-1] INFO  server.RaftServerConfigKeys (ConfUtils.java:logGet(44)) - raft.server.log.purge.upto.snapshot.index = false (default)
2022-03-01 02:07:42,450 [pool-269-thread-1] INFO  server.RaftServerConfigKeys (ConfUtils.java:logGet(44)) - raft.server.retrycache.expirytime = 600000ms (custom)
2022-03-01 02:07:42,450 [pool-269-thread-1] INFO  server.RaftServerConfigKeys (ConfUtils.java:logGet(44)) - raft.server.retrycache.statistics.expirytime = 100μs (default)
2022-03-01 02:07:42,451 [pool-269-thread-1] INFO  server.RaftServer$Division (RaftServerImpl.java:start(301)) - 15137193-5371-4ef9-ba6d-6341e6f07c07@group-C5B14855D53C: start as a follower, conf=-1: [15137193-5371-4ef9-ba6d-6341e6f07c07|rpc:10.1.0.9:42249|dataStream:|priority:0, 780374df-c85b-440f-b2c8-8ca4ff0a1b56|rpc:10.1.0.9:36027|dataStream:|priority:0, f852d663-8551-44ff-bf98-1a071536d5f3|rpc:10.1.0.9:44261|dataStream:|priority:1], old=null
2022-03-01 02:07:42,451 [pool-269-thread-1] INFO  server.RaftServer$Division (RaftServerImpl.java:setRole(290)) - 15137193-5371-4ef9-ba6d-6341e6f07c07@group-C5B14855D53C: changes role from      null to FOLLOWER at term 0 for startAsFollower
2022-03-01 02:07:42,451 [pool-269-thread-1] INFO  impl.RoleInfo (RoleInfo.java:updateAndGet(130)) - 15137193-5371-4ef9-ba6d-6341e6f07c07: start 15137193-5371-4ef9-ba6d-6341e6f07c07@group-C5B14855D53C-FollowerState
2022-03-01 02:07:42,455 [pool-269-thread-1] INFO  util.JmxRegister (JmxRegister.java:tryRegister(44)) - Successfully registered JMX Bean with object name Ratis:service=RaftServer,group=group-C5B14855D53C,id=15137193-5371-4ef9-ba6d-6341e6f07c07
2022-03-01 02:07:42,472 [Command processor thread] INFO  commandhandler.CreatePipelineCommandHandler (CreatePipelineCommandHandler.java:handle(106)) - Created Pipeline RATIS THREE PipelineID=16c166a4-a356-4c43-adc8-c5b14855d53c.
2022-03-01 02:07:42,930 [Listener at 127.0.0.1/40943] INFO  ozone.MiniOzoneClusterImpl (MiniOzoneClusterImpl.java:lambda$waitForClusterToBeReady$0(219)) - Nodes are ready. Got 3 of 3 DN Heartbeats.
2022-03-01 02:07:42,931 [Listener at 127.0.0.1/40943] INFO  ozone.MiniOzoneClusterImpl (MiniOzoneClusterImpl.java:lambda$waitForClusterToBeReady$0(222)) - Waiting for cluster to exit safe mode
2022-03-01 02:07:42,931 [Listener at 127.0.0.1/40943] INFO  ozone.MiniOzoneClusterImpl (MiniOzoneClusterImpl.java:lambda$waitForClusterToBeReady$0(224)) - SCM became leader
2022-03-01 02:07:43,000 [Command processor thread] INFO  server.RaftServer (RaftServerProxy.java:addNew(95)) - 15137193-5371-4ef9-ba6d-6341e6f07c07: addNew group-7238360F1248:[15137193-5371-4ef9-ba6d-6341e6f07c07|rpc:10.1.0.9:42249|priority:1] returns group-7238360F1248:java.util.concurrent.CompletableFuture@3f90104a[Not completed]
2022-03-01 02:07:43,002 [pool-269-thread-1] INFO  server.RaftServer$Division (RaftServerImpl.java:<init>(184)) - 15137193-5371-4ef9-ba6d-6341e6f07c07: new RaftServerImpl for group-7238360F1248:[15137193-5371-4ef9-ba6d-6341e6f07c07|rpc:10.1.0.9:42249|priority:1] with ContainerStateMachine:uninitialized
2022-03-01 02:07:43,002 [pool-269-thread-1] INFO  server.RaftServerConfigKeys (ConfUtils.java:logGet(44)) - raft.server.rpc.timeout.min = 5s (custom)
2022-03-01 02:07:43,002 [pool-269-thread-1] INFO  server.RaftServerConfigKeys (ConfUtils.java:logGet(44)) - raft.server.rpc.timeout.max = 5200ms (custom)
2022-03-01 02:07:43,002 [pool-269-thread-1] INFO  server.RaftServerConfigKeys (ConfUtils.java:logGet(44)) - raft.server.rpc.sleep.time = 25ms (default)
2022-03-01 02:07:43,002 [pool-269-thread-1] INFO  server.RaftServerConfigKeys (ConfUtils.java:logGet(44)) - raft.server.rpc.slowness.timeout = 300s (custom)
2022-03-01 02:07:43,002 [pool-269-thread-1] INFO  server.RaftServerConfigKeys (ConfUtils.java:logGet(44)) - raft.server.leaderelection.leader.step-down.wait-time = 10s (default)
2022-03-01 02:07:43,002 [pool-269-thread-1] INFO  server.RaftServerConfigKeys (ConfUtils.java:logGet(44)) - raft.server.sleep.deviation.threshold = 300ms (default)
2022-03-01 02:07:43,002 [pool-269-thread-1] INFO  server.RaftServerConfigKeys (ConfUtils.java:logGet(44)) - raft.server.log.appender.install.snapshot.enabled = false (custom)
2022-03-01 02:07:43,002 [pool-269-thread-1] INFO  server.RaftServer$Division (ServerState.java:<init>(105)) - 15137193-5371-4ef9-ba6d-6341e6f07c07@group-7238360F1248: ConfigurationManager, init=-1: [15137193-5371-4ef9-ba6d-6341e6f07c07|rpc:10.1.0.9:42249|priority:1], old=null, confs=<EMPTY_MAP>
2022-03-01 02:07:43,002 [pool-269-thread-1] INFO  server.RaftServerConfigKeys (ConfUtils.java:logGet(44)) - raft.server.storage.dir = [/home/runner/work/ozone/ozone/hadoop-ozone/integration-test/target/test-dir/MiniOzoneClusterImpl-434b3942-5fee-4696-bdff-815572bb5a66/datanode-2/data/ratis] (custom)
2022-03-01 02:07:43,003 [pool-269-thread-1] INFO  server.RaftServerConfigKeys (ConfUtils.java:logGet(44)) - raft.server.log.corruption.policy = EXCEPTION (default)
2022-03-01 02:07:43,003 [pool-269-thread-1] INFO  server.RaftServerConfigKeys (ConfUtils.java:logGet(44)) - raft.server.storage.free-space.min = 0MB (=0) (default)
2022-03-01 02:07:43,003 [pool-269-thread-1] INFO  storage.RaftStorageDirectory (RaftStorageDirectoryImpl.java:analyzeStorage(135)) - The storage directory /home/runner/work/ozone/ozone/hadoop-ozone/integration-test/target/test-dir/MiniOzoneClusterImpl-434b3942-5fee-4696-bdff-815572bb5a66/datanode-2/data/ratis/b7fe91c3-5757-47ff-8a09-7238360f1248 does not exist. Creating ...
2022-03-01 02:07:43,006 [pool-269-thread-1] INFO  storage.RaftStorageDirectory (RaftStorageDirectoryImpl.java:tryLock(230)) - Lock on /home/runner/work/ozone/ozone/hadoop-ozone/integration-test/target/test-dir/MiniOzoneClusterImpl-434b3942-5fee-4696-bdff-815572bb5a66/datanode-2/data/ratis/b7fe91c3-5757-47ff-8a09-7238360f1248/in_use.lock acquired by nodename 9245@fv-az294-952
2022-03-01 02:07:43,007 [pool-269-thread-1] INFO  storage.RaftStorage (RaftStorageImpl.java:format(89)) - Storage directory /home/runner/work/ozone/ozone/hadoop-ozone/integration-test/target/test-dir/MiniOzoneClusterImpl-434b3942-5fee-4696-bdff-815572bb5a66/datanode-2/data/ratis/b7fe91c3-5757-47ff-8a09-7238360f1248 has been successfully formatted.
2022-03-01 02:07:43,008 [pool-269-thread-1] INFO  ratis.ContainerStateMachine (ContainerStateMachine.java:loadSnapshot(236)) - group-7238360F1248: The snapshot info is null. Setting the last applied indexto:(t:0, i:~)
2022-03-01 02:07:43,008 [pool-269-thread-1] INFO  server.RaftServerConfigKeys (ConfUtils.java:logGet(44)) - raft.server.notification.no-leader.timeout = 300s (custom)
2022-03-01 02:07:43,008 [pool-269-thread-1] INFO  server.RaftServerConfigKeys (ConfUtils.java:logGet(44)) - raft.server.log.use.memory = false (default)
2022-03-01 02:07:43,008 [pool-269-thread-1] INFO  server.RaftServerConfigKeys (ConfUtils.java:logGet(44)) - raft.server.log.purge.gap = 1000000 (custom)
2022-03-01 02:07:43,008 [pool-269-thread-1] INFO  server.RaftServerConfigKeys (ConfUtils.java:logGet(44)) - raft.server.log.appender.buffer.byte-limit = 33554432 (custom)
2022-03-01 02:07:43,009 [pool-269-thread-1] INFO  server.RaftServerConfigKeys (ConfUtils.java:logGet(44)) - raft.server.log.segment.size.max = 1048576 (custom)
2022-03-01 02:07:43,009 [EventQueue-PipelineReportForPipelineReportHandler] INFO  pipeline.PipelineManagerImpl (PipelineManagerImpl.java:openPipeline(291)) - Pipeline Pipeline[ Id: b7fe91c3-5757-47ff-8a09-7238360f1248, Nodes: 15137193-5371-4ef9-ba6d-6341e6f07c07{ip: 10.1.0.9, host: fv-az294-952.eaanfquahm5ulb5tj050gcxych.jx.internal.cloudapp.net, ports: [REPLICATION=44129, RATIS=42249, RATIS_ADMIN=42249, RATIS_SERVER=42249, STANDALONE=34367], networkLocation: /default-rack, certSerialId: null, persistedOpState: IN_SERVICE, persistedOpStateExpiryEpochSec: 0}, ReplicationConfig: RATIS/ONE, State:ALLOCATED, leaderId:15137193-5371-4ef9-ba6d-6341e6f07c07, CreationTimestamp2022-03-01T02:07:40.002Z[Etc/UTC]] moved to OPEN state
2022-03-01 02:07:43,012 [09878d1a-377f-423d-a37c-738af89666e1@group-815572BB5A66-StateMachineUpdater] INFO  safemode.HealthyPipelineSafeModeRule (HealthyPipelineSafeModeRule.java:initializeRule(152)) - Refreshed total pipeline count is 0, healthy pipeline threshold count is 1
2022-03-01 02:07:43,012 [EventQueue-OpenPipelineForHealthyPipelineSafeModeRule] INFO  safemode.SCMSafeModeManager (HealthyPipelineSafeModeRule.java:process(124)) - SCM in safe mode. Healthy pipelines reported count is 0, required healthy pipeline reported count is 1
2022-03-01 02:07:43,016 [pool-269-thread-1] INFO  server.RaftServerConfigKeys (ConfUtils.java:logGet(44)) - raft.server.log.segment.cache.num.max = 2 (custom)
2022-03-01 02:07:43,016 [pool-269-thread-1] INFO  server.RaftServerConfigKeys (ConfUtils.java:logGet(44)) - raft.server.log.segment.cache.size.max = 200MB (=209715200) (default)
2022-03-01 02:07:43,016 [pool-269-thread-1] INFO  segmented.SegmentedRaftLogWorker (SegmentedRaftLogWorker.java:<init>(182)) - new 15137193-5371-4ef9-ba6d-6341e6f07c07@group-7238360F1248-SegmentedRaftLogWorker for RaftStorageImpl:Storage Directory /home/runner/work/ozone/ozone/hadoop-ozone/integration-test/target/test-dir/MiniOzoneClusterImpl-434b3942-5fee-4696-bdff-815572bb5a66/datanode-2/data/ratis/b7fe91c3-5757-47ff-8a09-7238360f1248
2022-03-01 02:07:43,016 [pool-269-thread-1] INFO  server.RaftServerConfigKeys (ConfUtils.java:logGet(44)) - raft.server.log.queue.byte-limit = 4294967296 (custom)
2022-03-01 02:07:43,016 [pool-269-thread-1] INFO  server.RaftServerConfigKeys (ConfUtils.java:logGet(44)) - raft.server.log.queue.element-limit = 1024 (custom)
2022-03-01 02:07:43,016 [pool-269-thread-1] INFO  server.RaftServerConfigKeys (ConfUtils.java:logGet(44)) - raft.server.log.segment.size.max = 1048576 (custom)
2022-03-01 02:07:43,016 [pool-269-thread-1] INFO  server.RaftServerConfigKeys (ConfUtils.java:logGet(44)) - raft.server.log.preallocated.size = 16384 (custom)
2022-03-01 02:07:43,016 [pool-269-thread-1] INFO  server.RaftServerConfigKeys (ConfUtils.java:logGet(44)) - raft.server.log.force.sync.num = 128 (default)
2022-03-01 02:07:43,016 [pool-269-thread-1] INFO  server.RaftServerConfigKeys (ConfUtils.java:logGet(44)) - raft.server.log.statemachine.data.sync = true (default)
2022-03-01 02:07:43,016 [pool-269-thread-1] INFO  server.RaftServerConfigKeys (ConfUtils.java:logGet(44)) - raft.server.log.statemachine.data.sync.timeout = 10s (default)
2022-03-01 02:07:43,016 [pool-269-thread-1] INFO  server.RaftServerConfigKeys (ConfUtils.java:logGet(44)) - raft.server.log.statemachine.data.sync.timeout.retry = -1 (default)
2022-03-01 02:07:43,017 [pool-269-thread-1] INFO  server.RaftServerConfigKeys (ConfUtils.java:logGet(44)) - raft.server.log.write.buffer.size = 1048576 (custom)
2022-03-01 02:07:43,017 [pool-269-thread-1] INFO  server.RaftServerConfigKeys (ConfUtils.java:logGet(44)) - raft.server.log.statemachine.data.caching.enabled = true (custom)
2022-03-01 02:07:43,017 [pool-269-thread-1] INFO  segmented.SegmentedRaftLogWorker (SegmentedRaftLogWorker.java:lambda$new$0(133)) - 15137193-5371-4ef9-ba6d-6341e6f07c07@group-7238360F1248-SegmentedRaftLogWorker: flushIndex: setUnconditionally 0 -> -1
2022-03-01 02:07:43,017 [pool-269-thread-1] INFO  segmented.SegmentedRaftLogWorker (SegmentedRaftLogWorker.java:lambda$new$0(133)) - 15137193-5371-4ef9-ba6d-6341e6f07c07@group-7238360F1248-SegmentedRaftLogWorker: safeCacheEvictIndex: setUnconditionally 0 -> -1
2022-03-01 02:07:43,035 [pool-269-thread-1] INFO  server.RaftServerConfigKeys (ConfUtils.java:logGet(44)) - raft.server.snapshot.auto.trigger.enabled = true (custom)
2022-03-01 02:07:43,035 [pool-269-thread-1] INFO  server.RaftServerConfigKeys (ConfUtils.java:logGet(44)) - raft.server.snapshot.auto.trigger.threshold = 10000 (custom)
2022-03-01 02:07:43,035 [pool-269-thread-1] INFO  server.RaftServerConfigKeys (ConfUtils.java:logGet(44)) - raft.server.snapshot.retention.file.num = 5 (custom)
2022-03-01 02:07:43,035 [pool-269-thread-1] INFO  server.RaftServerConfigKeys (ConfUtils.java:logGet(44)) - raft.server.log.purge.upto.snapshot.index = false (default)
2022-03-01 02:07:43,035 [pool-269-thread-1] INFO  server.RaftServerConfigKeys (ConfUtils.java:logGet(44)) - raft.server.retrycache.expirytime = 600000ms (custom)
2022-03-01 02:07:43,035 [pool-269-thread-1] INFO  server.RaftServerConfigKeys (ConfUtils.java:logGet(44)) - raft.server.retrycache.statistics.expirytime = 100μs (default)
2022-03-01 02:07:43,037 [pool-269-thread-1] INFO  server.RaftServer$Division (RaftServerImpl.java:start(301)) - 15137193-5371-4ef9-ba6d-6341e6f07c07@group-7238360F1248: start as a follower, conf=-1: [15137193-5371-4ef9-ba6d-6341e6f07c07|rpc:10.1.0.9:42249|priority:1], old=null
2022-03-01 02:07:43,037 [pool-269-thread-1] INFO  server.RaftServer$Division (RaftServerImpl.java:setRole(290)) - 15137193-5371-4ef9-ba6d-6341e6f07c07@group-7238360F1248: changes role from      null to FOLLOWER at term 0 for startAsFollower
2022-03-01 02:07:43,037 [pool-269-thread-1] INFO  impl.RoleInfo (RoleInfo.java:updateAndGet(130)) - 15137193-5371-4ef9-ba6d-6341e6f07c07: start 15137193-5371-4ef9-ba6d-6341e6f07c07@group-7238360F1248-FollowerState
2022-03-01 02:07:43,037 [pool-269-thread-1] INFO  util.JmxRegister (JmxRegister.java:tryRegister(44)) - Successfully registered JMX Bean with object name Ratis:service=RaftServer,group=group-7238360F1248,id=15137193-5371-4ef9-ba6d-6341e6f07c07
2022-03-01 02:07:43,043 [Command processor thread] INFO  ratis.XceiverServerRatis (XceiverServerRatis.java:addGroup(769)) - Created group PipelineID=b7fe91c3-5757-47ff-8a09-7238360f1248
2022-03-01 02:07:43,043 [Command processor thread] INFO  commandhandler.CreatePipelineCommandHandler (CreatePipelineCommandHandler.java:handle(106)) - Created Pipeline RATIS ONE PipelineID=b7fe91c3-5757-47ff-8a09-7238360f1248.
2022-03-01 02:07:43,931 [Listener at 127.0.0.1/40943] INFO  ozone.MiniOzoneClusterImpl (MiniOzoneClusterImpl.java:lambda$waitForClusterToBeReady$0(219)) - Nodes are ready. Got 3 of 3 DN Heartbeats.
2022-03-01 02:07:43,931 [Listener at 127.0.0.1/40943] INFO  ozone.MiniOzoneClusterImpl (MiniOzoneClusterImpl.java:lambda$waitForClusterToBeReady$0(222)) - Waiting for cluster to exit safe mode
2022-03-01 02:07:43,931 [Listener at 127.0.0.1/40943] INFO  ozone.MiniOzoneClusterImpl (MiniOzoneClusterImpl.java:lambda$waitForClusterToBeReady$0(224)) - SCM became leader
2022-03-01 02:07:44,932 [Listener at 127.0.0.1/40943] INFO  ozone.MiniOzoneClusterImpl (MiniOzoneClusterImpl.java:lambda$waitForClusterToBeReady$0(219)) - Nodes are ready. Got 3 of 3 DN Heartbeats.
2022-03-01 02:07:44,932 [Listener at 127.0.0.1/40943] INFO  ozone.MiniOzoneClusterImpl (MiniOzoneClusterImpl.java:lambda$waitForClusterToBeReady$0(222)) - Waiting for cluster to exit safe mode
2022-03-01 02:07:44,932 [Listener at 127.0.0.1/40943] INFO  ozone.MiniOzoneClusterImpl (MiniOzoneClusterImpl.java:lambda$waitForClusterToBeReady$0(224)) - SCM became leader
2022-03-01 02:07:45,932 [Listener at 127.0.0.1/40943] INFO  ozone.MiniOzoneClusterImpl (MiniOzoneClusterImpl.java:lambda$waitForClusterToBeReady$0(219)) - Nodes are ready. Got 3 of 3 DN Heartbeats.
2022-03-01 02:07:45,933 [Listener at 127.0.0.1/40943] INFO  ozone.MiniOzoneClusterImpl (MiniOzoneClusterImpl.java:lambda$waitForClusterToBeReady$0(222)) - Waiting for cluster to exit safe mode
2022-03-01 02:07:45,933 [Listener at 127.0.0.1/40943] INFO  ozone.MiniOzoneClusterImpl (MiniOzoneClusterImpl.java:lambda$waitForClusterToBeReady$0(224)) - SCM became leader
2022-03-01 02:07:46,933 [Listener at 127.0.0.1/40943] INFO  ozone.MiniOzoneClusterImpl (MiniOzoneClusterImpl.java:lambda$waitForClusterToBeReady$0(219)) - Nodes are ready. Got 3 of 3 DN Heartbeats.
2022-03-01 02:07:46,933 [Listener at 127.0.0.1/40943] INFO  ozone.MiniOzoneClusterImpl (MiniOzoneClusterImpl.java:lambda$waitForClusterToBeReady$0(222)) - Waiting for cluster to exit safe mode
2022-03-01 02:07:46,933 [Listener at 127.0.0.1/40943] INFO  ozone.MiniOzoneClusterImpl (MiniOzoneClusterImpl.java:lambda$waitForClusterToBeReady$0(224)) - SCM became leader
2022-03-01 02:07:47,006 [f852d663-8551-44ff-bf98-1a071536d5f3@group-DC19EE096B5F-FollowerState] INFO  impl.FollowerState (FollowerState.java:run(134)) - f852d663-8551-44ff-bf98-1a071536d5f3@group-DC19EE096B5F-FollowerState: change to CANDIDATE, lastRpcElapsedTime:5009071168ns, electionTimeout:5005ms
2022-03-01 02:07:47,006 [f852d663-8551-44ff-bf98-1a071536d5f3@group-DC19EE096B5F-FollowerState] INFO  impl.RoleInfo (RoleInfo.java:shutdownFollowerState(108)) - f852d663-8551-44ff-bf98-1a071536d5f3: shutdown f852d663-8551-44ff-bf98-1a071536d5f3@group-DC19EE096B5F-FollowerState
2022-03-01 02:07:47,006 [f852d663-8551-44ff-bf98-1a071536d5f3@group-DC19EE096B5F-FollowerState] INFO  server.RaftServer$Division (RaftServerImpl.java:setRole(290)) - f852d663-8551-44ff-bf98-1a071536d5f3@group-DC19EE096B5F: changes role from  FOLLOWER to CANDIDATE at term 0 for changeToCandidate
2022-03-01 02:07:47,006 [f852d663-8551-44ff-bf98-1a071536d5f3@group-DC19EE096B5F-FollowerState] INFO  server.RaftServerConfigKeys (ConfUtils.java:logGet(44)) - raft.server.leaderelection.pre-vote = false (custom)
2022-03-01 02:07:47,006 [f852d663-8551-44ff-bf98-1a071536d5f3@group-DC19EE096B5F-FollowerState] INFO  impl.RoleInfo (RoleInfo.java:updateAndGet(130)) - f852d663-8551-44ff-bf98-1a071536d5f3: start f852d663-8551-44ff-bf98-1a071536d5f3@group-DC19EE096B5F-LeaderElection21
2022-03-01 02:07:47,024 [f852d663-8551-44ff-bf98-1a071536d5f3@group-DC19EE096B5F-LeaderElection21] INFO  impl.LeaderElection (LeaderElection.java:askForVotes(306)) - f852d663-8551-44ff-bf98-1a071536d5f3@group-DC19EE096B5F-LeaderElection21 ELECTION round 0: submit vote requests at term 1 for -1: [f852d663-8551-44ff-bf98-1a071536d5f3|rpc:10.1.0.9:44261|priority:1], old=null
2022-03-01 02:07:47,024 [f852d663-8551-44ff-bf98-1a071536d5f3@group-DC19EE096B5F-LeaderElection21] INFO  impl.LeaderElection (LeaderElection.java:askForVotes(308)) - f852d663-8551-44ff-bf98-1a071536d5f3@group-DC19EE096B5F-LeaderElection21 ELECTION round 0: result PASSED (term=1)
2022-03-01 02:07:47,024 [f852d663-8551-44ff-bf98-1a071536d5f3@group-DC19EE096B5F-LeaderElection21] INFO  impl.RoleInfo (RoleInfo.java:shutdownLeaderElection(121)) - f852d663-8551-44ff-bf98-1a071536d5f3: shutdown f852d663-8551-44ff-bf98-1a071536d5f3@group-DC19EE096B5F-LeaderElection21
2022-03-01 02:07:47,024 [f852d663-8551-44ff-bf98-1a071536d5f3@group-DC19EE096B5F-LeaderElection21] INFO  server.RaftServer$Division (RaftServerImpl.java:setRole(290)) - f852d663-8551-44ff-bf98-1a071536d5f3@group-DC19EE096B5F: changes role from CANDIDATE to LEADER at term 1 for changeToLeader
2022-03-01 02:07:47,024 [f852d663-8551-44ff-bf98-1a071536d5f3@group-DC19EE096B5F-LeaderElection21] INFO  ratis.XceiverServerRatis (XceiverServerRatis.java:handleLeaderChangedNotification(867)) - Leader change notification received for group: group-DC19EE096B5F with new leaderId: f852d663-8551-44ff-bf98-1a071536d5f3
2022-03-01 02:07:47,025 [f852d663-8551-44ff-bf98-1a071536d5f3@group-DC19EE096B5F-LeaderElection21] INFO  server.RaftServer$Division (ServerState.java:setLeader(285)) - f852d663-8551-44ff-bf98-1a071536d5f3@group-DC19EE096B5F: change Leader from null to f852d663-8551-44ff-bf98-1a071536d5f3 at term 1 for becomeLeader, leader elected after 5081ms
2022-03-01 02:07:47,025 [f852d663-8551-44ff-bf98-1a071536d5f3@group-DC19EE096B5F-LeaderElection21] INFO  server.RaftServerConfigKeys (ConfUtils.java:logGet(44)) - raft.server.staging.catchup.gap = 1000 (default)
2022-03-01 02:07:47,025 [f852d663-8551-44ff-bf98-1a071536d5f3@group-DC19EE096B5F-LeaderElection21] INFO  server.RaftServerConfigKeys (ConfUtils.java:logGet(44)) - raft.server.write.element-limit = 1024 (custom)
2022-03-01 02:07:47,025 [f852d663-8551-44ff-bf98-1a071536d5f3@group-DC19EE096B5F-LeaderElection21] INFO  server.RaftServerConfigKeys (ConfUtils.java:logGet(44)) - raft.server.write.byte-limit = 1024 M (=1073741824) (custom)
2022-03-01 02:07:47,025 [f852d663-8551-44ff-bf98-1a071536d5f3@group-DC19EE096B5F-LeaderElection21] INFO  server.RaftServerConfigKeys (ConfUtils.java:logGet(44)) - raft.server.watch.timeout = 180s (custom)
2022-03-01 02:07:47,025 [f852d663-8551-44ff-bf98-1a071536d5f3@group-DC19EE096B5F-LeaderElection21] INFO  server.RaftServerConfigKeys (ConfUtils.java:logGet(44)) - raft.server.watch.timeout.denomination = 1s (default)
2022-03-01 02:07:47,025 [f852d663-8551-44ff-bf98-1a071536d5f3@group-DC19EE096B5F-LeaderElection21] INFO  server.RaftServerConfigKeys (ConfUtils.java:logGet(44)) - raft.server.watch.element-limit = 65536 (default)
2022-03-01 02:07:47,026 [f852d663-8551-44ff-bf98-1a071536d5f3@group-DC19EE096B5F-LeaderElection21] INFO  server.RaftServerConfigKeys (ConfUtils.java:logGet(44)) - raft.server.write.element-limit = 1024 (custom)
2022-03-01 02:07:47,026 [f852d663-8551-44ff-bf98-1a071536d5f3@group-DC19EE096B5F-LeaderElection21] INFO  server.RaftServerConfigKeys (ConfUtils.java:logGet(44)) - raft.server.write.follower.gap.ratio.max = -1.0 (default)
2022-03-01 02:07:47,026 [f852d663-8551-44ff-bf98-1a071536d5f3@group-DC19EE096B5F-LeaderElection21] INFO  impl.RoleInfo (RoleInfo.java:updateAndGet(130)) - f852d663-8551-44ff-bf98-1a071536d5f3: start f852d663-8551-44ff-bf98-1a071536d5f3@group-DC19EE096B5F-LeaderStateImpl
2022-03-01 02:07:47,026 [f852d663-8551-44ff-bf98-1a071536d5f3@group-DC19EE096B5F-LeaderElection21] INFO  segmented.SegmentedRaftLogWorker (SegmentedRaftLogWorker.java:startLogSegment(394)) - f852d663-8551-44ff-bf98-1a071536d5f3@group-DC19EE096B5F-SegmentedRaftLogWorker: Starting segment from index:0
2022-03-01 02:07:47,033 [EventQueue-OpenPipelineForHealthyPipelineSafeModeRule] INFO  safemode.SCMSafeModeManager (HealthyPipelineSafeModeRule.java:process(124)) - SCM in safe mode. Healthy pipelines reported count is 0, required healthy pipeline reported count is 1
2022-03-01 02:07:47,037 [f852d663-8551-44ff-bf98-1a071536d5f3@group-DC19EE096B5F-SegmentedRaftLogWorker] INFO  segmented.SegmentedRaftLogWorker (SegmentedRaftLogWorker.java:execute(601)) - f852d663-8551-44ff-bf98-1a071536d5f3@group-DC19EE096B5F-SegmentedRaftLogWorker: created new log segment /home/runner/work/ozone/ozone/hadoop-ozone/integration-test/target/test-dir/MiniOzoneClusterImpl-434b3942-5fee-4696-bdff-815572bb5a66/datanode-0/data/ratis/ddfce6c9-5606-4eea-a14c-dc19ee096b5f/current/log_inprogress_0
2022-03-01 02:07:47,051 [f852d663-8551-44ff-bf98-1a071536d5f3@group-DC19EE096B5F-LeaderElection21] INFO  server.RaftServer$Division (ServerState.java:setRaftConf(387)) - f852d663-8551-44ff-bf98-1a071536d5f3@group-DC19EE096B5F: set configuration 0: [f852d663-8551-44ff-bf98-1a071536d5f3|rpc:10.1.0.9:44261|dataStream:|priority:1], old=null
2022-03-01 02:07:47,131 [780374df-c85b-440f-b2c8-8ca4ff0a1b56@group-A898926582E2-FollowerState] INFO  impl.FollowerState (FollowerState.java:run(134)) - 780374df-c85b-440f-b2c8-8ca4ff0a1b56@group-A898926582E2-FollowerState: change to CANDIDATE, lastRpcElapsedTime:5017628446ns, electionTimeout:5012ms
2022-03-01 02:07:47,131 [780374df-c85b-440f-b2c8-8ca4ff0a1b56@group-A898926582E2-FollowerState] INFO  impl.RoleInfo (RoleInfo.java:shutdownFollowerState(108)) - 780374df-c85b-440f-b2c8-8ca4ff0a1b56: shutdown 780374df-c85b-440f-b2c8-8ca4ff0a1b56@group-A898926582E2-FollowerState
2022-03-01 02:07:47,131 [780374df-c85b-440f-b2c8-8ca4ff0a1b56@group-A898926582E2-FollowerState] INFO  server.RaftServer$Division (RaftServerImpl.java:setRole(290)) - 780374df-c85b-440f-b2c8-8ca4ff0a1b56@group-A898926582E2: changes role from  FOLLOWER to CANDIDATE at term 0 for changeToCandidate
2022-03-01 02:07:47,131 [780374df-c85b-440f-b2c8-8ca4ff0a1b56@group-A898926582E2-FollowerState] INFO  server.RaftServerConfigKeys (ConfUtils.java:logGet(44)) - raft.server.leaderelection.pre-vote = false (custom)
2022-03-01 02:07:47,132 [780374df-c85b-440f-b2c8-8ca4ff0a1b56@group-A898926582E2-FollowerState] INFO  impl.RoleInfo (RoleInfo.java:updateAndGet(130)) - 780374df-c85b-440f-b2c8-8ca4ff0a1b56: start 780374df-c85b-440f-b2c8-8ca4ff0a1b56@group-A898926582E2-LeaderElection22
2022-03-01 02:07:47,158 [780374df-c85b-440f-b2c8-8ca4ff0a1b56@group-A898926582E2-LeaderElection22] INFO  impl.LeaderElection (LeaderElection.java:askForVotes(306)) - 780374df-c85b-440f-b2c8-8ca4ff0a1b56@group-A898926582E2-LeaderElection22 ELECTION round 0: submit vote requests at term 1 for -1: [15137193-5371-4ef9-ba6d-6341e6f07c07|rpc:10.1.0.9:42249|dataStream:|priority:1, 780374df-c85b-440f-b2c8-8ca4ff0a1b56|rpc:10.1.0.9:36027|dataStream:|priority:0, f852d663-8551-44ff-bf98-1a071536d5f3|rpc:10.1.0.9:44261|dataStream:|priority:0], old=null
2022-03-01 02:07:47,186 [grpc-default-executor-4] INFO  server.RaftServer$Division (RaftServerImpl.java:requestVote(1046)) - 15137193-5371-4ef9-ba6d-6341e6f07c07@group-A898926582E2: receive requestVote(ELECTION, 780374df-c85b-440f-b2c8-8ca4ff0a1b56, group-A898926582E2, 1, (t:0, i:0))
2022-03-01 02:07:47,186 [grpc-default-executor-4] INFO  impl.VoteContext (VoteContext.java:log(48)) - 15137193-5371-4ef9-ba6d-6341e6f07c07@group-A898926582E2-FOLLOWER: reject ELECTION from 780374df-c85b-440f-b2c8-8ca4ff0a1b56: our priority 1 > candidate's priority 0
2022-03-01 02:07:47,186 [grpc-default-executor-4] INFO  server.RaftServer$Division (RaftServerImpl.java:setRole(290)) - 15137193-5371-4ef9-ba6d-6341e6f07c07@group-A898926582E2: changes role from  FOLLOWER to FOLLOWER at term 1 for candidate:780374df-c85b-440f-b2c8-8ca4ff0a1b56
2022-03-01 02:07:47,186 [grpc-default-executor-4] INFO  impl.RoleInfo (RoleInfo.java:shutdownFollowerState(108)) - 15137193-5371-4ef9-ba6d-6341e6f07c07: shutdown 15137193-5371-4ef9-ba6d-6341e6f07c07@group-A898926582E2-FollowerState
2022-03-01 02:07:47,186 [grpc-default-executor-4] INFO  impl.RoleInfo (RoleInfo.java:updateAndGet(130)) - 15137193-5371-4ef9-ba6d-6341e6f07c07: start 15137193-5371-4ef9-ba6d-6341e6f07c07@group-A898926582E2-FollowerState
2022-03-01 02:07:47,187 [15137193-5371-4ef9-ba6d-6341e6f07c07@group-A898926582E2-FollowerState] INFO  impl.FollowerState (FollowerState.java:run(143)) - 15137193-5371-4ef9-ba6d-6341e6f07c07@group-A898926582E2-FollowerState was interrupted: {}
java.lang.InterruptedException: sleep interrupted
	at java.lang.Thread.sleep(Native Method)
	at java.lang.Thread.sleep(Thread.java:342)
	at java.util.concurrent.TimeUnit.sleep(TimeUnit.java:386)
	at org.apache.ratis.util.TimeDuration.sleep(TimeDuration.java:324)
	at org.apache.ratis.util.TimeDuration.sleep(TimeDuration.java:309)
	at org.apache.ratis.server.impl.FollowerState.run(FollowerState.java:118)
2022-03-01 02:07:47,204 [grpc-default-executor-2] INFO  server.RaftServer$Division (RaftServerImpl.java:requestVote(1046)) - f852d663-8551-44ff-bf98-1a071536d5f3@group-A898926582E2: receive requestVote(ELECTION, 780374df-c85b-440f-b2c8-8ca4ff0a1b56, group-A898926582E2, 1, (t:0, i:0))
2022-03-01 02:07:47,204 [grpc-default-executor-2] INFO  impl.VoteContext (VoteContext.java:log(48)) - f852d663-8551-44ff-bf98-1a071536d5f3@group-A898926582E2-FOLLOWER: accept ELECTION from 780374df-c85b-440f-b2c8-8ca4ff0a1b56: our priority 0 <= candidate's priority 0
2022-03-01 02:07:47,204 [grpc-default-executor-2] INFO  server.RaftServer$Division (RaftServerImpl.java:setRole(290)) - f852d663-8551-44ff-bf98-1a071536d5f3@group-A898926582E2: changes role from  FOLLOWER to FOLLOWER at term 1 for candidate:780374df-c85b-440f-b2c8-8ca4ff0a1b56
2022-03-01 02:07:47,204 [grpc-default-executor-2] INFO  impl.RoleInfo (RoleInfo.java:shutdownFollowerState(108)) - f852d663-8551-44ff-bf98-1a071536d5f3: shutdown f852d663-8551-44ff-bf98-1a071536d5f3@group-A898926582E2-FollowerState
2022-03-01 02:07:47,205 [grpc-default-executor-2] INFO  impl.RoleInfo (RoleInfo.java:updateAndGet(130)) - f852d663-8551-44ff-bf98-1a071536d5f3: start f852d663-8551-44ff-bf98-1a071536d5f3@group-A898926582E2-FollowerState
2022-03-01 02:07:47,207 [f852d663-8551-44ff-bf98-1a071536d5f3@group-A898926582E2-FollowerState] INFO  impl.FollowerState (FollowerState.java:run(143)) - f852d663-8551-44ff-bf98-1a071536d5f3@group-A898926582E2-FollowerState was interrupted: {}
java.lang.InterruptedException: sleep interrupted
	at java.lang.Thread.sleep(Native Method)
	at java.lang.Thread.sleep(Thread.java:342)
	at java.util.concurrent.TimeUnit.sleep(TimeUnit.java:386)
	at org.apache.ratis.util.TimeDuration.sleep(TimeDuration.java:324)
	at org.apache.ratis.util.TimeDuration.sleep(TimeDuration.java:309)
	at org.apache.ratis.server.impl.FollowerState.run(FollowerState.java:118)
2022-03-01 02:07:47,227 [grpc-default-executor-2] INFO  server.RaftServer$Division (RaftServerImpl.java:requestVote(1078)) - f852d663-8551-44ff-bf98-1a071536d5f3@group-A898926582E2 replies to ELECTION vote request: 780374df-c85b-440f-b2c8-8ca4ff0a1b56<-f852d663-8551-44ff-bf98-1a071536d5f3#0:OK-t1. Peer's state: f852d663-8551-44ff-bf98-1a071536d5f3@group-A898926582E2:t1, leader=null, voted=780374df-c85b-440f-b2c8-8ca4ff0a1b56, raftlog=f852d663-8551-44ff-bf98-1a071536d5f3@group-A898926582E2-SegmentedRaftLog:OPENED:c-1, conf=-1: [15137193-5371-4ef9-ba6d-6341e6f07c07|rpc:10.1.0.9:42249|priority:1, 780374df-c85b-440f-b2c8-8ca4ff0a1b56|rpc:10.1.0.9:36027|priority:0, f852d663-8551-44ff-bf98-1a071536d5f3|rpc:10.1.0.9:44261|priority:0], old=null
2022-03-01 02:07:47,228 [grpc-default-executor-4] INFO  server.RaftServer$Division (RaftServerImpl.java:requestVote(1078)) - 15137193-5371-4ef9-ba6d-6341e6f07c07@group-A898926582E2 replies to ELECTION vote request: 780374df-c85b-440f-b2c8-8ca4ff0a1b56<-15137193-5371-4ef9-ba6d-6341e6f07c07#0:FAIL-t1. Peer's state: 15137193-5371-4ef9-ba6d-6341e6f07c07@group-A898926582E2:t1, leader=null, voted=null, raftlog=15137193-5371-4ef9-ba6d-6341e6f07c07@group-A898926582E2-SegmentedRaftLog:OPENED:c-1, conf=-1: [15137193-5371-4ef9-ba6d-6341e6f07c07|rpc:10.1.0.9:42249|dataStream:|priority:1, 780374df-c85b-440f-b2c8-8ca4ff0a1b56|rpc:10.1.0.9:36027|dataStream:|priority:0, f852d663-8551-44ff-bf98-1a071536d5f3|rpc:10.1.0.9:44261|dataStream:|priority:0], old=null
2022-03-01 02:07:47,244 [780374df-c85b-440f-b2c8-8ca4ff0a1b56@group-A898926582E2-LeaderElection22] INFO  impl.LeaderElection (LeaderElection.java:logAndReturn(89)) - 780374df-c85b-440f-b2c8-8ca4ff0a1b56@group-A898926582E2-LeaderElection22: ELECTION REJECTED received 2 response(s) and 0 exception(s):
2022-03-01 02:07:47,245 [780374df-c85b-440f-b2c8-8ca4ff0a1b56@group-A898926582E2-LeaderElection22] INFO  impl.LeaderElection (LeaderElection.java:logAndReturn(93)) -   Response 0: 780374df-c85b-440f-b2c8-8ca4ff0a1b56<-15137193-5371-4ef9-ba6d-6341e6f07c07#0:FAIL-t1
2022-03-01 02:07:47,245 [780374df-c85b-440f-b2c8-8ca4ff0a1b56@group-A898926582E2-LeaderElection22] INFO  impl.LeaderElection (LeaderElection.java:logAndReturn(93)) -   Response 1: 780374df-c85b-440f-b2c8-8ca4ff0a1b56<-f852d663-8551-44ff-bf98-1a071536d5f3#0:OK-t1
2022-03-01 02:07:47,245 [780374df-c85b-440f-b2c8-8ca4ff0a1b56@group-A898926582E2-LeaderElection22] INFO  impl.LeaderElection (LeaderElection.java:askForVotes(308)) - 780374df-c85b-440f-b2c8-8ca4ff0a1b56@group-A898926582E2-LeaderElection22 ELECTION round 0: result REJECTED
2022-03-01 02:07:47,245 [780374df-c85b-440f-b2c8-8ca4ff0a1b56@group-A898926582E2-LeaderElection22] INFO  server.RaftServer$Division (RaftServerImpl.java:setRole(290)) - 780374df-c85b-440f-b2c8-8ca4ff0a1b56@group-A898926582E2: changes role from CANDIDATE to FOLLOWER at term 1 for REJECTED
2022-03-01 02:07:47,245 [780374df-c85b-440f-b2c8-8ca4ff0a1b56@group-A898926582E2-LeaderElection22] INFO  impl.RoleInfo (RoleInfo.java:shutdownLeaderElection(121)) - 780374df-c85b-440f-b2c8-8ca4ff0a1b56: shutdown 780374df-c85b-440f-b2c8-8ca4ff0a1b56@group-A898926582E2-LeaderElection22
2022-03-01 02:07:47,245 [780374df-c85b-440f-b2c8-8ca4ff0a1b56@group-A898926582E2-LeaderElection22] INFO  impl.RoleInfo (RoleInfo.java:updateAndGet(130)) - 780374df-c85b-440f-b2c8-8ca4ff0a1b56: start 780374df-c85b-440f-b2c8-8ca4ff0a1b56@group-A898926582E2-FollowerState
2022-03-01 02:07:47,363 [f852d663-8551-44ff-bf98-1a071536d5f3@group-C5B14855D53C-FollowerState] INFO  impl.FollowerState (FollowerState.java:run(134)) - f852d663-8551-44ff-bf98-1a071536d5f3@group-C5B14855D53C-FollowerState: change to CANDIDATE, lastRpcElapsedTime:5113646120ns, electionTimeout:5105ms
2022-03-01 02:07:47,369 [f852d663-8551-44ff-bf98-1a071536d5f3@group-C5B14855D53C-FollowerState] INFO  impl.RoleInfo (RoleInfo.java:shutdownFollowerState(108)) - f852d663-8551-44ff-bf98-1a071536d5f3: shutdown f852d663-8551-44ff-bf98-1a071536d5f3@group-C5B14855D53C-FollowerState
2022-03-01 02:07:47,369 [f852d663-8551-44ff-bf98-1a071536d5f3@group-C5B14855D53C-FollowerState] INFO  server.RaftServer$Division (RaftServerImpl.java:setRole(290)) - f852d663-8551-44ff-bf98-1a071536d5f3@group-C5B14855D53C: changes role from  FOLLOWER to CANDIDATE at term 0 for changeToCandidate
2022-03-01 02:07:47,369 [f852d663-8551-44ff-bf98-1a071536d5f3@group-C5B14855D53C-FollowerState] INFO  server.RaftServerConfigKeys (ConfUtils.java:logGet(44)) - raft.server.leaderelection.pre-vote = false (custom)
2022-03-01 02:07:47,369 [f852d663-8551-44ff-bf98-1a071536d5f3@group-C5B14855D53C-FollowerState] INFO  impl.RoleInfo (RoleInfo.java:updateAndGet(130)) - f852d663-8551-44ff-bf98-1a071536d5f3: start f852d663-8551-44ff-bf98-1a071536d5f3@group-C5B14855D53C-LeaderElection23
2022-03-01 02:07:47,410 [f852d663-8551-44ff-bf98-1a071536d5f3@group-C5B14855D53C-LeaderElection23] INFO  impl.LeaderElection (LeaderElection.java:askForVotes(306)) - f852d663-8551-44ff-bf98-1a071536d5f3@group-C5B14855D53C-LeaderElection23 ELECTION round 0: submit vote requests at term 1 for -1: [15137193-5371-4ef9-ba6d-6341e6f07c07|rpc:10.1.0.9:42249|priority:0, 780374df-c85b-440f-b2c8-8ca4ff0a1b56|rpc:10.1.0.9:36027|priority:0, f852d663-8551-44ff-bf98-1a071536d5f3|rpc:10.1.0.9:44261|priority:1], old=null
2022-03-01 02:07:47,453 [grpc-default-executor-2] INFO  server.RaftServer$Division (RaftServerImpl.java:requestVote(1046)) - 15137193-5371-4ef9-ba6d-6341e6f07c07@group-C5B14855D53C: receive requestVote(ELECTION, f852d663-8551-44ff-bf98-1a071536d5f3, group-C5B14855D53C, 1, (t:0, i:0))
2022-03-01 02:07:47,453 [grpc-default-executor-2] INFO  impl.VoteContext (VoteContext.java:log(48)) - 15137193-5371-4ef9-ba6d-6341e6f07c07@group-C5B14855D53C-FOLLOWER: accept ELECTION from f852d663-8551-44ff-bf98-1a071536d5f3: our priority 0 <= candidate's priority 1
2022-03-01 02:07:47,453 [grpc-default-executor-2] INFO  server.RaftServer$Division (RaftServerImpl.java:setRole(290)) - 15137193-5371-4ef9-ba6d-6341e6f07c07@group-C5B14855D53C: changes role from  FOLLOWER to FOLLOWER at term 1 for candidate:f852d663-8551-44ff-bf98-1a071536d5f3
2022-03-01 02:07:47,453 [grpc-default-executor-2] INFO  impl.RoleInfo (RoleInfo.java:shutdownFollowerState(108)) - 15137193-5371-4ef9-ba6d-6341e6f07c07: shutdown 15137193-5371-4ef9-ba6d-6341e6f07c07@group-C5B14855D53C-FollowerState
2022-03-01 02:07:47,453 [grpc-default-executor-2] INFO  impl.RoleInfo (RoleInfo.java:updateAndGet(130)) - 15137193-5371-4ef9-ba6d-6341e6f07c07: start 15137193-5371-4ef9-ba6d-6341e6f07c07@group-C5B14855D53C-FollowerState
2022-03-01 02:07:47,453 [15137193-5371-4ef9-ba6d-6341e6f07c07@group-C5B14855D53C-FollowerState] INFO  impl.FollowerState (FollowerState.java:run(143)) - 15137193-5371-4ef9-ba6d-6341e6f07c07@group-C5B14855D53C-FollowerState was interrupted: {}
java.lang.InterruptedException: sleep interrupted
	at java.lang.Thread.sleep(Native Method)
	at java.lang.Thread.sleep(Thread.java:342)
	at java.util.concurrent.TimeUnit.sleep(TimeUnit.java:386)
	at org.apache.ratis.util.TimeDuration.sleep(TimeDuration.java:324)
	at org.apache.ratis.util.TimeDuration.sleep(TimeDuration.java:309)
	at org.apache.ratis.server.impl.FollowerState.run(FollowerState.java:118)
2022-03-01 02:07:47,458 [grpc-default-executor-2] INFO  server.RaftServer$Division (RaftServerImpl.java:requestVote(1078)) - 15137193-5371-4ef9-ba6d-6341e6f07c07@group-C5B14855D53C replies to ELECTION vote request: f852d663-8551-44ff-bf98-1a071536d5f3<-15137193-5371-4ef9-ba6d-6341e6f07c07#0:OK-t1. Peer's state: 15137193-5371-4ef9-ba6d-6341e6f07c07@group-C5B14855D53C:t1, leader=null, voted=f852d663-8551-44ff-bf98-1a071536d5f3, raftlog=15137193-5371-4ef9-ba6d-6341e6f07c07@group-C5B14855D53C-SegmentedRaftLog:OPENED:c-1, conf=-1: [15137193-5371-4ef9-ba6d-6341e6f07c07|rpc:10.1.0.9:42249|dataStream:|priority:0, 780374df-c85b-440f-b2c8-8ca4ff0a1b56|rpc:10.1.0.9:36027|dataStream:|priority:0, f852d663-8551-44ff-bf98-1a071536d5f3|rpc:10.1.0.9:44261|dataStream:|priority:1], old=null
2022-03-01 02:07:47,461 [f852d663-8551-44ff-bf98-1a071536d5f3@group-C5B14855D53C-LeaderElection23] INFO  impl.LeaderElection (LeaderElection.java:logAndReturn(89)) - f852d663-8551-44ff-bf98-1a071536d5f3@group-C5B14855D53C-LeaderElection23: ELECTION PASSED received 1 response(s) and 0 exception(s):
2022-03-01 02:07:47,461 [f852d663-8551-44ff-bf98-1a071536d5f3@group-C5B14855D53C-LeaderElection23] INFO  impl.LeaderElection (LeaderElection.java:logAndReturn(93)) -   Response 0: f852d663-8551-44ff-bf98-1a071536d5f3<-15137193-5371-4ef9-ba6d-6341e6f07c07#0:OK-t1
2022-03-01 02:07:47,461 [f852d663-8551-44ff-bf98-1a071536d5f3@group-C5B14855D53C-LeaderElection23] INFO  impl.LeaderElection (LeaderElection.java:askForVotes(308)) - f852d663-8551-44ff-bf98-1a071536d5f3@group-C5B14855D53C-LeaderElection23 ELECTION round 0: result PASSED
2022-03-01 02:07:47,461 [f852d663-8551-44ff-bf98-1a071536d5f3@group-C5B14855D53C-LeaderElection23] INFO  impl.RoleInfo (RoleInfo.java:shutdownLeaderElection(121)) - f852d663-8551-44ff-bf98-1a071536d5f3: shutdown f852d663-8551-44ff-bf98-1a071536d5f3@group-C5B14855D53C-LeaderElection23
2022-03-01 02:07:47,461 [f852d663-8551-44ff-bf98-1a071536d5f3@group-C5B14855D53C-LeaderElection23] INFO  server.RaftServer$Division (RaftServerImpl.java:setRole(290)) - f852d663-8551-44ff-bf98-1a071536d5f3@group-C5B14855D53C: changes role from CANDIDATE to LEADER at term 1 for changeToLeader
2022-03-01 02:07:47,461 [f852d663-8551-44ff-bf98-1a071536d5f3@group-C5B14855D53C-LeaderElection23] INFO  ratis.XceiverServerRatis (XceiverServerRatis.java:handleLeaderChangedNotification(867)) - Leader change notification received for group: group-C5B14855D53C with new leaderId: f852d663-8551-44ff-bf98-1a071536d5f3
2022-03-01 02:07:47,461 [f852d663-8551-44ff-bf98-1a071536d5f3@group-C5B14855D53C-LeaderElection23] INFO  server.RaftServer$Division (ServerState.java:setLeader(285)) - f852d663-8551-44ff-bf98-1a071536d5f3@group-C5B14855D53C: change Leader from null to f852d663-8551-44ff-bf98-1a071536d5f3 at term 1 for becomeLeader, leader elected after 5225ms
2022-03-01 02:07:47,461 [f852d663-8551-44ff-bf98-1a071536d5f3@group-C5B14855D53C-LeaderElection23] INFO  server.RaftServerConfigKeys (ConfUtils.java:logGet(44)) - raft.server.staging.catchup.gap = 1000 (default)
2022-03-01 02:07:47,461 [f852d663-8551-44ff-bf98-1a071536d5f3@group-C5B14855D53C-LeaderElection23] INFO  server.RaftServerConfigKeys (ConfUtils.java:logGet(44)) - raft.server.write.element-limit = 1024 (custom)
2022-03-01 02:07:47,461 [f852d663-8551-44ff-bf98-1a071536d5f3@group-C5B14855D53C-LeaderElection23] INFO  server.RaftServerConfigKeys (ConfUtils.java:logGet(44)) - raft.server.write.byte-limit = 1024 M (=1073741824) (custom)
2022-03-01 02:07:47,462 [f852d663-8551-44ff-bf98-1a071536d5f3@group-C5B14855D53C-LeaderElection23] INFO  server.RaftServerConfigKeys (ConfUtils.java:logGet(44)) - raft.server.watch.timeout = 180s (custom)
2022-03-01 02:07:47,462 [f852d663-8551-44ff-bf98-1a071536d5f3@group-C5B14855D53C-LeaderElection23] INFO  server.RaftServerConfigKeys (ConfUtils.java:logGet(44)) - raft.server.watch.timeout.denomination = 1s (default)
2022-03-01 02:07:47,462 [f852d663-8551-44ff-bf98-1a071536d5f3@group-C5B14855D53C-LeaderElection23] INFO  server.RaftServerConfigKeys (ConfUtils.java:logGet(44)) - raft.server.watch.element-limit = 65536 (default)
2022-03-01 02:07:47,462 [f852d663-8551-44ff-bf98-1a071536d5f3@group-C5B14855D53C-LeaderElection23] INFO  server.RaftServerConfigKeys (ConfUtils.java:logGet(44)) - raft.server.write.element-limit = 1024 (custom)
2022-03-01 02:07:47,462 [f852d663-8551-44ff-bf98-1a071536d5f3@group-C5B14855D53C-LeaderElection23] INFO  server.RaftServerConfigKeys (ConfUtils.java:logGet(44)) - raft.server.write.follower.gap.ratio.max = -1.0 (default)
2022-03-01 02:07:47,462 [f852d663-8551-44ff-bf98-1a071536d5f3@group-C5B14855D53C-LeaderElection23] INFO  server.RaftServerConfigKeys (ConfUtils.java:logGet(44)) - raft.server.log.appender.snapshot.chunk.size.max = 16MB (=16777216) (default)
2022-03-01 02:07:47,462 [f852d663-8551-44ff-bf98-1a071536d5f3@group-C5B14855D53C-LeaderElection23] INFO  server.RaftServerConfigKeys (ConfUtils.java:logGet(44)) - raft.server.log.appender.buffer.byte-limit = 33554432 (custom)
2022-03-01 02:07:47,462 [f852d663-8551-44ff-bf98-1a071536d5f3@group-C5B14855D53C-LeaderElection23] INFO  server.RaftServerConfigKeys (ConfUtils.java:logGet(44)) - raft.server.log.appender.buffer.element-limit = 1 (custom)
2022-03-01 02:07:47,462 [f852d663-8551-44ff-bf98-1a071536d5f3@group-C5B14855D53C-LeaderElection23] INFO  grpc.GrpcConfigKeys (ConfUtils.java:logGet(44)) - raft.grpc.server.leader.outstanding.appends.max = 128 (default)
2022-03-01 02:07:47,462 [f852d663-8551-44ff-bf98-1a071536d5f3@group-C5B14855D53C-LeaderElection23] INFO  server.RaftServerConfigKeys (ConfUtils.java:logGet(44)) - raft.server.rpc.request.timeout = 60s (custom)
2022-03-01 02:07:47,462 [f852d663-8551-44ff-bf98-1a071536d5f3@group-C5B14855D53C-LeaderElection23] INFO  server.RaftServerConfigKeys (ConfUtils.java:logGet(44)) - raft.server.log.appender.install.snapshot.enabled = false (custom)
2022-03-01 02:07:47,464 [EventQueue-PipelineReportForPipelineReportHandler] INFO  pipeline.PipelineManagerImpl (PipelineManagerImpl.java:openPipeline(291)) - Pipeline Pipeline[ Id: 16c166a4-a356-4c43-adc8-c5b14855d53c, Nodes: 780374df-c85b-440f-b2c8-8ca4ff0a1b56{ip: 10.1.0.9, host: fv-az294-952.eaanfquahm5ulb5tj050gcxych.jx.internal.cloudapp.net, ports: [REPLICATION=37623, RATIS=36027, RATIS_ADMIN=36027, RATIS_SERVER=36027, STANDALONE=45885], networkLocation: /default-rack, certSerialId: null, persistedOpState: IN_SERVICE, persistedOpStateExpiryEpochSec: 0}f852d663-8551-44ff-bf98-1a071536d5f3{ip: 10.1.0.9, host: fv-az294-952.eaanfquahm5ulb5tj050gcxych.jx.internal.cloudapp.net, ports: [REPLICATION=38425, RATIS=44261, RATIS_ADMIN=44261, RATIS_SERVER=44261, STANDALONE=42373], networkLocation: /default-rack, certSerialId: null, persistedOpState: IN_SERVICE, persistedOpStateExpiryEpochSec: 0}15137193-5371-4ef9-ba6d-6341e6f07c07{ip: 10.1.0.9, host: fv-az294-952.eaanfquahm5ulb5tj050gcxych.jx.internal.cloudapp.net, ports: [REPLICATION=44129, RATIS=42249, RATIS_ADMIN=42249, RATIS_SERVER=42249, STANDALONE=34367], networkLocation: /default-rack, certSerialId: null, persistedOpState: IN_SERVICE, persistedOpStateExpiryEpochSec: 0}, ReplicationConfig: RATIS/THREE, State:ALLOCATED, leaderId:f852d663-8551-44ff-bf98-1a071536d5f3, CreationTimestamp2022-03-01T02:07:40.013Z[Etc/UTC]] moved to OPEN state
2022-03-01 02:07:47,475 [09878d1a-377f-423d-a37c-738af89666e1@group-815572BB5A66-StateMachineUpdater] INFO  safemode.HealthyPipelineSafeModeRule (HealthyPipelineSafeModeRule.java:initializeRule(152)) - Refreshed total pipeline count is 1, healthy pipeline threshold count is 1
2022-03-01 02:07:47,475 [EventQueue-OpenPipelineForHealthyPipelineSafeModeRule] INFO  safemode.SCMSafeModeManager (HealthyPipelineSafeModeRule.java:process(124)) - SCM in safe mode. Healthy pipelines reported count is 1, required healthy pipeline reported count is 1
2022-03-01 02:07:47,480 [EventQueue-OpenPipelineForHealthyPipelineSafeModeRule] INFO  safemode.SCMSafeModeManager (SCMSafeModeManager.java:validateSafeModeExitRules(204)) - HealthyPipelineSafeModeRule rule is successfully validated
2022-03-01 02:07:47,480 [EventQueue-OpenPipelineForHealthyPipelineSafeModeRule] INFO  safemode.SCMSafeModeManager (SCMSafeModeManager.java:validateSafeModeExitRules(219)) - ScmSafeModeManager, all rules are successfully validated
2022-03-01 02:07:47,480 [EventQueue-OpenPipelineForHealthyPipelineSafeModeRule] INFO  safemode.SCMSafeModeManager (SCMSafeModeManager.java:exitSafeMode(248)) - SCM exiting safe mode.
2022-03-01 02:07:47,480 [EventQueue-OpenPipelineForHealthyPipelineSafeModeRule] WARN  events.EventQueue (EventQueue.java:fireEvent(194)) - No event handler registered for event TypedEvent{payloadType=SafeModeStatus, name='Safe mode status'}
2022-03-01 02:07:47,480 [EventQueue-OpenPipelineForHealthyPipelineSafeModeRule] INFO  ha.SCMContext (SCMContext.java:updateSafeModeStatus(211)) - Update SafeModeStatus from SafeModeStatus{safeModeStatus=true, preCheckPassed=true} to SafeModeStatus{safeModeStatus=false, preCheckPassed=true}.
2022-03-01 02:07:47,480 [EventQueue-OpenPipelineForHealthyPipelineSafeModeRule] INFO  container.ReplicationManager (ReplicationManager.java:notifyStatusChanged(1807)) - Service ReplicationManager transitions to RUNNING.
2022-03-01 02:07:47,478 [780374df-c85b-440f-b2c8-8ca4ff0a1b56@group-C5B14855D53C-FollowerState] INFO  impl.FollowerState (FollowerState.java:run(134)) - 780374df-c85b-440f-b2c8-8ca4ff0a1b56@group-C5B14855D53C-FollowerState: change to CANDIDATE, lastRpcElapsedTime:5161651657ns, electionTimeout:5130ms
2022-03-01 02:07:47,489 [grpc-default-executor-4] INFO  server.RaftServer$Division (RaftServerImpl.java:requestVote(1046)) - 780374df-c85b-440f-b2c8-8ca4ff0a1b56@group-C5B14855D53C: receive requestVote(ELECTION, f852d663-8551-44ff-bf98-1a071536d5f3, group-C5B14855D53C, 1, (t:0, i:0))
2022-03-01 02:07:47,490 [780374df-c85b-440f-b2c8-8ca4ff0a1b56@group-C5B14855D53C-FollowerState] INFO  impl.RoleInfo (RoleInfo.java:shutdownFollowerState(108)) - 780374df-c85b-440f-b2c8-8ca4ff0a1b56: shutdown 780374df-c85b-440f-b2c8-8ca4ff0a1b56@group-C5B14855D53C-FollowerState
2022-03-01 02:07:47,490 [780374df-c85b-440f-b2c8-8ca4ff0a1b56@group-C5B14855D53C-FollowerState] INFO  server.RaftServer$Division (RaftServerImpl.java:setRole(290)) - 780374df-c85b-440f-b2c8-8ca4ff0a1b56@group-C5B14855D53C: changes role from  FOLLOWER to CANDIDATE at term 0 for changeToCandidate
2022-03-01 02:07:47,490 [780374df-c85b-440f-b2c8-8ca4ff0a1b56@group-C5B14855D53C-FollowerState] INFO  server.RaftServerConfigKeys (ConfUtils.java:logGet(44)) - raft.server.leaderelection.pre-vote = false (custom)
2022-03-01 02:07:47,490 [f852d663-8551-44ff-bf98-1a071536d5f3@group-C5B14855D53C-LeaderElection23] INFO  server.RaftServerConfigKeys (ConfUtils.java:logGet(44)) - raft.server.log.appender.snapshot.chunk.size.max = 16MB (=16777216) (default)
2022-03-01 02:07:47,490 [780374df-c85b-440f-b2c8-8ca4ff0a1b56@group-C5B14855D53C-FollowerState] INFO  impl.RoleInfo (RoleInfo.java:updateAndGet(130)) - 780374df-c85b-440f-b2c8-8ca4ff0a1b56: start 780374df-c85b-440f-b2c8-8ca4ff0a1b56@group-C5B14855D53C-LeaderElection24
2022-03-01 02:07:47,491 [f852d663-8551-44ff-bf98-1a071536d5f3@group-C5B14855D53C-LeaderElection23] INFO  server.RaftServerConfigKeys (ConfUtils.java:logGet(44)) - raft.server.log.appender.buffer.byte-limit = 33554432 (custom)
2022-03-01 02:07:47,499 [f852d663-8551-44ff-bf98-1a071536d5f3@group-C5B14855D53C-LeaderElection23] INFO  server.RaftServerConfigKeys (ConfUtils.java:logGet(44)) - raft.server.log.appender.buffer.element-limit = 1 (custom)
2022-03-01 02:07:47,499 [grpc-default-executor-4] INFO  impl.VoteContext (VoteContext.java:log(48)) - 780374df-c85b-440f-b2c8-8ca4ff0a1b56@group-C5B14855D53C-CANDIDATE: accept ELECTION from f852d663-8551-44ff-bf98-1a071536d5f3: our priority 0 <= candidate's priority 1
2022-03-01 02:07:47,499 [f852d663-8551-44ff-bf98-1a071536d5f3@group-C5B14855D53C-LeaderElection23] INFO  grpc.GrpcConfigKeys (ConfUtils.java:logGet(44)) - raft.grpc.server.leader.outstanding.appends.max = 128 (default)
2022-03-01 02:07:47,505 [grpc-default-executor-4] INFO  server.RaftServer$Division (RaftServerImpl.java:setRole(290)) - 780374df-c85b-440f-b2c8-8ca4ff0a1b56@group-C5B14855D53C: changes role from CANDIDATE to FOLLOWER at term 1 for candidate:f852d663-8551-44ff-bf98-1a071536d5f3
2022-03-01 02:07:47,505 [f852d663-8551-44ff-bf98-1a071536d5f3@group-C5B14855D53C-LeaderElection23] INFO  server.RaftServerConfigKeys (ConfUtils.java:logGet(44)) - raft.server.rpc.request.timeout = 60s (custom)
2022-03-01 02:07:47,505 [grpc-default-executor-4] INFO  impl.RoleInfo (RoleInfo.java:shutdownLeaderElection(121)) - 780374df-c85b-440f-b2c8-8ca4ff0a1b56: shutdown 780374df-c85b-440f-b2c8-8ca4ff0a1b56@group-C5B14855D53C-LeaderElection24
2022-03-01 02:07:47,505 [grpc-default-executor-4] INFO  impl.RoleInfo (RoleInfo.java:updateAndGet(130)) - 780374df-c85b-440f-b2c8-8ca4ff0a1b56: start 780374df-c85b-440f-b2c8-8ca4ff0a1b56@group-C5B14855D53C-FollowerState
2022-03-01 02:07:47,505 [f852d663-8551-44ff-bf98-1a071536d5f3@group-C5B14855D53C-LeaderElection23] INFO  server.RaftServerConfigKeys (ConfUtils.java:logGet(44)) - raft.server.log.appender.install.snapshot.enabled = false (custom)
2022-03-01 02:07:47,506 [f852d663-8551-44ff-bf98-1a071536d5f3@group-C5B14855D53C-LeaderElection23] INFO  impl.RoleInfo (RoleInfo.java:updateAndGet(130)) - f852d663-8551-44ff-bf98-1a071536d5f3: start f852d663-8551-44ff-bf98-1a071536d5f3@group-C5B14855D53C-LeaderStateImpl
2022-03-01 02:07:47,506 [f852d663-8551-44ff-bf98-1a071536d5f3@group-C5B14855D53C-LeaderElection23] INFO  segmented.SegmentedRaftLogWorker (SegmentedRaftLogWorker.java:startLogSegment(394)) - f852d663-8551-44ff-bf98-1a071536d5f3@group-C5B14855D53C-SegmentedRaftLogWorker: Starting segment from index:0
2022-03-01 02:07:47,505 [780374df-c85b-440f-b2c8-8ca4ff0a1b56@group-C5B14855D53C-LeaderElection24] INFO  impl.LeaderElection (LeaderElection.java:run(230)) - 780374df-c85b-440f-b2c8-8ca4ff0a1b56@group-C5B14855D53C-LeaderElection24: skip running since this is already CLOSING
2022-03-01 02:07:47,529 [f852d663-8551-44ff-bf98-1a071536d5f3@group-C5B14855D53C-SegmentedRaftLogWorker] INFO  segmented.SegmentedRaftLogWorker (SegmentedRaftLogWorker.java:execute(601)) - f852d663-8551-44ff-bf98-1a071536d5f3@group-C5B14855D53C-SegmentedRaftLogWorker: created new log segment /home/runner/work/ozone/ozone/hadoop-ozone/integration-test/target/test-dir/MiniOzoneClusterImpl-434b3942-5fee-4696-bdff-815572bb5a66/datanode-0/data/ratis/16c166a4-a356-4c43-adc8-c5b14855d53c/current/log_inprogress_0
2022-03-01 02:07:47,529 [grpc-default-executor-4] INFO  server.RaftServer$Division (RaftServerImpl.java:requestVote(1078)) - 780374df-c85b-440f-b2c8-8ca4ff0a1b56@group-C5B14855D53C replies to ELECTION vote request: f852d663-8551-44ff-bf98-1a071536d5f3<-780374df-c85b-440f-b2c8-8ca4ff0a1b56#0:OK-t1. Peer's state: 780374df-c85b-440f-b2c8-8ca4ff0a1b56@group-C5B14855D53C:t1, leader=null, voted=f852d663-8551-44ff-bf98-1a071536d5f3, raftlog=780374df-c85b-440f-b2c8-8ca4ff0a1b56@group-C5B14855D53C-SegmentedRaftLog:OPENED:c-1, conf=-1: [15137193-5371-4ef9-ba6d-6341e6f07c07|rpc:10.1.0.9:42249|dataStream:|priority:0, 780374df-c85b-440f-b2c8-8ca4ff0a1b56|rpc:10.1.0.9:36027|dataStream:|priority:0, f852d663-8551-44ff-bf98-1a071536d5f3|rpc:10.1.0.9:44261|dataStream:|priority:1], old=null
2022-03-01 02:07:47,563 [grpc-default-executor-4] INFO  ratis.XceiverServerRatis (XceiverServerRatis.java:handleLeaderChangedNotification(867)) - Leader change notification received for group: group-C5B14855D53C with new leaderId: f852d663-8551-44ff-bf98-1a071536d5f3
2022-03-01 02:07:47,564 [grpc-default-executor-4] INFO  server.RaftServer$Division (ServerState.java:setLeader(285)) - 15137193-5371-4ef9-ba6d-6341e6f07c07@group-C5B14855D53C: change Leader from null to f852d663-8551-44ff-bf98-1a071536d5f3 at term 1 for appendEntries, leader elected after 5125ms
2022-03-01 02:07:47,563 [f852d663-8551-44ff-bf98-1a071536d5f3@group-C5B14855D53C-LeaderElection23] INFO  server.RaftServer$Division (ServerState.java:setRaftConf(387)) - f852d663-8551-44ff-bf98-1a071536d5f3@group-C5B14855D53C: set configuration 0: [15137193-5371-4ef9-ba6d-6341e6f07c07|rpc:10.1.0.9:42249|dataStream:|priority:0, 780374df-c85b-440f-b2c8-8ca4ff0a1b56|rpc:10.1.0.9:36027|dataStream:|priority:0, f852d663-8551-44ff-bf98-1a071536d5f3|rpc:10.1.0.9:44261|dataStream:|priority:1], old=null
2022-03-01 02:07:47,572 [grpc-default-executor-4] INFO  ratis.XceiverServerRatis (XceiverServerRatis.java:handleLeaderChangedNotification(867)) - Leader change notification received for group: group-C5B14855D53C with new leaderId: f852d663-8551-44ff-bf98-1a071536d5f3
2022-03-01 02:07:47,575 [grpc-default-executor-4] INFO  server.RaftServer$Division (ServerState.java:setLeader(285)) - 780374df-c85b-440f-b2c8-8ca4ff0a1b56@group-C5B14855D53C: change Leader from null to f852d663-8551-44ff-bf98-1a071536d5f3 at term 1 for appendEntries, leader elected after 5274ms
2022-03-01 02:07:47,591 [grpc-default-executor-1] INFO  server.RaftServer$Division (ServerState.java:setRaftConf(387)) - 15137193-5371-4ef9-ba6d-6341e6f07c07@group-C5B14855D53C: set configuration 0: [15137193-5371-4ef9-ba6d-6341e6f07c07|rpc:10.1.0.9:42249|dataStream:|priority:0, 780374df-c85b-440f-b2c8-8ca4ff0a1b56|rpc:10.1.0.9:36027|dataStream:|priority:0, f852d663-8551-44ff-bf98-1a071536d5f3|rpc:10.1.0.9:44261|dataStream:|priority:1], old=null
2022-03-01 02:07:47,591 [grpc-default-executor-4] INFO  server.RaftServer$Division (ServerState.java:setRaftConf(387)) - 780374df-c85b-440f-b2c8-8ca4ff0a1b56@group-C5B14855D53C: set configuration 0: [15137193-5371-4ef9-ba6d-6341e6f07c07|rpc:10.1.0.9:42249|dataStream:|priority:0, 780374df-c85b-440f-b2c8-8ca4ff0a1b56|rpc:10.1.0.9:36027|dataStream:|priority:0, f852d663-8551-44ff-bf98-1a071536d5f3|rpc:10.1.0.9:44261|dataStream:|priority:1], old=null
2022-03-01 02:07:47,592 [grpc-default-executor-1] INFO  segmented.SegmentedRaftLogWorker (SegmentedRaftLogWorker.java:startLogSegment(394)) - 15137193-5371-4ef9-ba6d-6341e6f07c07@group-C5B14855D53C-SegmentedRaftLogWorker: Starting segment from index:0
2022-03-01 02:07:47,592 [grpc-default-executor-4] INFO  segmented.SegmentedRaftLogWorker (SegmentedRaftLogWorker.java:startLogSegment(394)) - 780374df-c85b-440f-b2c8-8ca4ff0a1b56@group-C5B14855D53C-SegmentedRaftLogWorker: Starting segment from index:0
2022-03-01 02:07:47,594 [15137193-5371-4ef9-ba6d-6341e6f07c07@group-C5B14855D53C-SegmentedRaftLogWorker] INFO  segmented.SegmentedRaftLogWorker (SegmentedRaftLogWorker.java:execute(601)) - 15137193-5371-4ef9-ba6d-6341e6f07c07@group-C5B14855D53C-SegmentedRaftLogWorker: created new log segment /home/runner/work/ozone/ozone/hadoop-ozone/integration-test/target/test-dir/MiniOzoneClusterImpl-434b3942-5fee-4696-bdff-815572bb5a66/datanode-2/data/ratis/16c166a4-a356-4c43-adc8-c5b14855d53c/current/log_inprogress_0
2022-03-01 02:07:47,594 [780374df-c85b-440f-b2c8-8ca4ff0a1b56@group-C5B14855D53C-SegmentedRaftLogWorker] INFO  segmented.SegmentedRaftLogWorker (SegmentedRaftLogWorker.java:execute(601)) - 780374df-c85b-440f-b2c8-8ca4ff0a1b56@group-C5B14855D53C-SegmentedRaftLogWorker: created new log segment /home/runner/work/ozone/ozone/hadoop-ozone/integration-test/target/test-dir/MiniOzoneClusterImpl-434b3942-5fee-4696-bdff-815572bb5a66/datanode-1/data/ratis/16c166a4-a356-4c43-adc8-c5b14855d53c/current/log_inprogress_0
2022-03-01 02:07:47,609 [780374df-c85b-440f-b2c8-8ca4ff0a1b56@group-DF23AC2FBD61-FollowerState] INFO  impl.FollowerState (FollowerState.java:run(134)) - 780374df-c85b-440f-b2c8-8ca4ff0a1b56@group-DF23AC2FBD61-FollowerState: change to CANDIDATE, lastRpcElapsedTime:5192568997ns, electionTimeout:5186ms
2022-03-01 02:07:47,610 [780374df-c85b-440f-b2c8-8ca4ff0a1b56@group-DF23AC2FBD61-FollowerState] INFO  impl.RoleInfo (RoleInfo.java:shutdownFollowerState(108)) - 780374df-c85b-440f-b2c8-8ca4ff0a1b56: shutdown 780374df-c85b-440f-b2c8-8ca4ff0a1b56@group-DF23AC2FBD61-FollowerState
2022-03-01 02:07:47,610 [780374df-c85b-440f-b2c8-8ca4ff0a1b56@group-DF23AC2FBD61-FollowerState] INFO  server.RaftServer$Division (RaftServerImpl.java:setRole(290)) - 780374df-c85b-440f-b2c8-8ca4ff0a1b56@group-DF23AC2FBD61: changes role from  FOLLOWER to CANDIDATE at term 0 for changeToCandidate
2022-03-01 02:07:47,610 [780374df-c85b-440f-b2c8-8ca4ff0a1b56@group-DF23AC2FBD61-FollowerState] INFO  server.RaftServerConfigKeys (ConfUtils.java:logGet(44)) - raft.server.leaderelection.pre-vote = false (custom)
2022-03-01 02:07:47,610 [780374df-c85b-440f-b2c8-8ca4ff0a1b56@group-DF23AC2FBD61-FollowerState] INFO  impl.RoleInfo (RoleInfo.java:updateAndGet(130)) - 780374df-c85b-440f-b2c8-8ca4ff0a1b56: start 780374df-c85b-440f-b2c8-8ca4ff0a1b56@group-DF23AC2FBD61-LeaderElection25
2022-03-01 02:07:47,628 [780374df-c85b-440f-b2c8-8ca4ff0a1b56@group-DF23AC2FBD61-LeaderElection25] INFO  impl.LeaderElection (LeaderElection.java:askForVotes(306)) - 780374df-c85b-440f-b2c8-8ca4ff0a1b56@group-DF23AC2FBD61-LeaderElection25 ELECTION round 0: submit vote requests at term 1 for -1: [780374df-c85b-440f-b2c8-8ca4ff0a1b56|rpc:10.1.0.9:36027|priority:1], old=null
2022-03-01 02:07:47,628 [780374df-c85b-440f-b2c8-8ca4ff0a1b56@group-DF23AC2FBD61-LeaderElection25] INFO  impl.LeaderElection (LeaderElection.java:askForVotes(308)) - 780374df-c85b-440f-b2c8-8ca4ff0a1b56@group-DF23AC2FBD61-LeaderElection25 ELECTION round 0: result PASSED (term=1)
2022-03-01 02:07:47,628 [780374df-c85b-440f-b2c8-8ca4ff0a1b56@group-DF23AC2FBD61-LeaderElection25] INFO  impl.RoleInfo (RoleInfo.java:shutdownLeaderElection(121)) - 780374df-c85b-440f-b2c8-8ca4ff0a1b56: shutdown 780374df-c85b-440f-b2c8-8ca4ff0a1b56@group-DF23AC2FBD61-LeaderElection25
2022-03-01 02:07:47,628 [780374df-c85b-440f-b2c8-8ca4ff0a1b56@group-DF23AC2FBD61-LeaderElection25] INFO  server.RaftServer$Division (RaftServerImpl.java:setRole(290)) - 780374df-c85b-440f-b2c8-8ca4ff0a1b56@group-DF23AC2FBD61: changes role from CANDIDATE to LEADER at term 1 for changeToLeader
2022-03-01 02:07:47,628 [780374df-c85b-440f-b2c8-8ca4ff0a1b56@group-DF23AC2FBD61-LeaderElection25] INFO  ratis.XceiverServerRatis (XceiverServerRatis.java:handleLeaderChangedNotification(867)) - Leader change notification received for group: group-DF23AC2FBD61 with new leaderId: 780374df-c85b-440f-b2c8-8ca4ff0a1b56
2022-03-01 02:07:47,636 [780374df-c85b-440f-b2c8-8ca4ff0a1b56@group-DF23AC2FBD61-LeaderElection25] INFO  server.RaftServer$Division (ServerState.java:setLeader(285)) - 780374df-c85b-440f-b2c8-8ca4ff0a1b56@group-DF23AC2FBD61: change Leader from null to 780374df-c85b-440f-b2c8-8ca4ff0a1b56 at term 1 for becomeLeader, leader elected after 5256ms
2022-03-01 02:07:47,636 [780374df-c85b-440f-b2c8-8ca4ff0a1b56@group-DF23AC2FBD61-LeaderElection25] INFO  server.RaftServerConfigKeys (ConfUtils.java:logGet(44)) - raft.server.staging.catchup.gap = 1000 (default)
2022-03-01 02:07:47,637 [780374df-c85b-440f-b2c8-8ca4ff0a1b56@group-DF23AC2FBD61-LeaderElection25] INFO  server.RaftServerConfigKeys (ConfUtils.java:logGet(44)) - raft.server.write.element-limit = 1024 (custom)
2022-03-01 02:07:47,638 [780374df-c85b-440f-b2c8-8ca4ff0a1b56@group-DF23AC2FBD61-LeaderElection25] INFO  server.RaftServerConfigKeys (ConfUtils.java:logGet(44)) - raft.server.write.byte-limit = 1024 M (=1073741824) (custom)
2022-03-01 02:07:47,638 [780374df-c85b-440f-b2c8-8ca4ff0a1b56@group-DF23AC2FBD61-LeaderElection25] INFO  server.RaftServerConfigKeys (ConfUtils.java:logGet(44)) - raft.server.watch.timeout = 180s (custom)
2022-03-01 02:07:47,638 [780374df-c85b-440f-b2c8-8ca4ff0a1b56@group-DF23AC2FBD61-LeaderElection25] INFO  server.RaftServerConfigKeys (ConfUtils.java:logGet(44)) - raft.server.watch.timeout.denomination = 1s (default)
2022-03-01 02:07:47,638 [780374df-c85b-440f-b2c8-8ca4ff0a1b56@group-DF23AC2FBD61-LeaderElection25] INFO  server.RaftServerConfigKeys (ConfUtils.java:logGet(44)) - raft.server.watch.element-limit = 65536 (default)
2022-03-01 02:07:47,639 [780374df-c85b-440f-b2c8-8ca4ff0a1b56@group-DF23AC2FBD61-LeaderElection25] INFO  server.RaftServerConfigKeys (ConfUtils.java:logGet(44)) - raft.server.write.element-limit = 1024 (custom)
2022-03-01 02:07:47,639 [780374df-c85b-440f-b2c8-8ca4ff0a1b56@group-DF23AC2FBD61-LeaderElection25] INFO  server.RaftServerConfigKeys (ConfUtils.java:logGet(44)) - raft.server.write.follower.gap.ratio.max = -1.0 (default)
2022-03-01 02:07:47,639 [780374df-c85b-440f-b2c8-8ca4ff0a1b56@group-DF23AC2FBD61-LeaderElection25] INFO  impl.RoleInfo (RoleInfo.java:updateAndGet(130)) - 780374df-c85b-440f-b2c8-8ca4ff0a1b56: start 780374df-c85b-440f-b2c8-8ca4ff0a1b56@group-DF23AC2FBD61-LeaderStateImpl
2022-03-01 02:07:47,639 [780374df-c85b-440f-b2c8-8ca4ff0a1b56@group-DF23AC2FBD61-LeaderElection25] INFO  segmented.SegmentedRaftLogWorker (SegmentedRaftLogWorker.java:startLogSegment(394)) - 780374df-c85b-440f-b2c8-8ca4ff0a1b56@group-DF23AC2FBD61-SegmentedRaftLogWorker: Starting segment from index:0
2022-03-01 02:07:47,642 [780374df-c85b-440f-b2c8-8ca4ff0a1b56@group-DF23AC2FBD61-SegmentedRaftLogWorker] INFO  segmented.SegmentedRaftLogWorker (SegmentedRaftLogWorker.java:execute(601)) - 780374df-c85b-440f-b2c8-8ca4ff0a1b56@group-DF23AC2FBD61-SegmentedRaftLogWorker: created new log segment /home/runner/work/ozone/ozone/hadoop-ozone/integration-test/target/test-dir/MiniOzoneClusterImpl-434b3942-5fee-4696-bdff-815572bb5a66/datanode-1/data/ratis/60d1fffc-8330-4b4e-abfa-df23ac2fbd61/current/log_inprogress_0
2022-03-01 02:07:47,656 [780374df-c85b-440f-b2c8-8ca4ff0a1b56@group-DF23AC2FBD61-LeaderElection25] INFO  server.RaftServer$Division (ServerState.java:setRaftConf(387)) - 780374df-c85b-440f-b2c8-8ca4ff0a1b56@group-DF23AC2FBD61: set configuration 0: [780374df-c85b-440f-b2c8-8ca4ff0a1b56|rpc:10.1.0.9:36027|dataStream:|priority:1], old=null
2022-03-01 02:07:47,934 [Listener at 127.0.0.1/40943] INFO  ozone.MiniOzoneClusterImpl (MiniOzoneClusterImpl.java:lambda$waitForClusterToBeReady$0(219)) - Nodes are ready. Got 3 of 3 DN Heartbeats.
2022-03-01 02:07:47,934 [Listener at 127.0.0.1/40943] INFO  ozone.MiniOzoneClusterImpl (MiniOzoneClusterImpl.java:lambda$waitForClusterToBeReady$0(222)) - Cluster exits safe mode
2022-03-01 02:07:47,934 [Listener at 127.0.0.1/40943] INFO  ozone.MiniOzoneClusterImpl (MiniOzoneClusterImpl.java:lambda$waitForClusterToBeReady$0(224)) - SCM became leader
2022-03-01 02:07:47,976 [Listener at 127.0.0.1/40943] INFO  rpc.RpcClient (RpcClient.java:createVolume(399)) - Creating Volume: volume95609, with user94017 as owner and space quota set to -1 bytes, counts quota set to -1
2022-03-01 02:07:48,013 [OM StateMachine ApplyTransaction Thread - 0] INFO  volume.OMVolumeCreateRequest (OMVolumeCreateRequest.java:validateAndUpdateCache(195)) - created volume:volume95609 for user:user94017
2022-03-01 02:07:48,024 [Listener at 127.0.0.1/40943] INFO  rpc.RpcClient (RpcClient.java:createBucket(562)) - Creating Bucket: volume95609/bucket01258, with runner as owner and Versioning false and Storage Type set to DISK and Encryption set to false 
]]></system-out>
  </testcase>
  <testcase name="testRenameFile[1]" classname="org.apache.hadoop.fs.ozone.TestRootedOzoneFileSystem" time="0.135"/>
  <testcase name="testListStatusRootAndVolumeRecursive[1]" classname="org.apache.hadoop.fs.ozone.TestRootedOzoneFileSystem" time="0.838"/>
  <testcase name="testTempMount[1]" classname="org.apache.hadoop.fs.ozone.TestRootedOzoneFileSystem" time="0.218"/>
  <testcase name="testListStatusRootAndVolumeNonRecursive[1]" classname="org.apache.hadoop.fs.ozone.TestRootedOzoneFileSystem" time="0.449"/>
  <testcase name="testDeleteVolumeAndBucket[1]" classname="org.apache.hadoop.fs.ozone.TestRootedOzoneFileSystem" time="0.047"/>
  <testcase name="testRenameDirToItsOwnSubDir[1]" classname="org.apache.hadoop.fs.ozone.TestRootedOzoneFileSystem" time="0.018"/>
  <testcase name="testOzoneFsServiceLoader[1]" classname="org.apache.hadoop.fs.ozone.TestRootedOzoneFileSystem" time="0.06"/>
  <testcase name="testTrash[1]" classname="org.apache.hadoop.fs.ozone.TestRootedOzoneFileSystem" time="0">
    <skipped/>
  </testcase>
  <testcase name="testRenameDestinationParentDoesntExist[1]" classname="org.apache.hadoop.fs.ozone.TestRootedOzoneFileSystem" time="0.064"/>
  <testcase name="testGetFileStatusRoot[1]" classname="org.apache.hadoop.fs.ozone.TestRootedOzoneFileSystem" time="0.006"/>
  <testcase name="testCreateWithInvalidPaths[1]" classname="org.apache.hadoop.fs.ozone.TestRootedOzoneFileSystem" time="0.009"/>
  <testcase name="testDeleteEmptyVolume[1]" classname="org.apache.hadoop.fs.ozone.TestRootedOzoneFileSystem" time="0.024"/>
  <testcase name="testListStatusRootAndVolumeContinuation[1]" classname="org.apache.hadoop.fs.ozone.TestRootedOzoneFileSystem" time="0">
    <skipped message="FS Path is enabled. Skipping this test as it is not tuned for FS Path yet" type="org.junit.AssumptionViolatedException">org.junit.AssumptionViolatedException: FS Path is enabled. Skipping this test as it is not tuned for FS Path yet
	at org.junit.Assume.assumeTrue(Assume.java:68)
	at org.apache.hadoop.fs.ozone.TestRootedOzoneFileSystem.testListStatusRootAndVolumeContinuation(TestRootedOzoneFileSystem.java:887)
	at sun.reflect.NativeMethodAccessorImpl.invoke0(Native Method)
	at sun.reflect.NativeMethodAccessorImpl.invoke(NativeMethodAccessorImpl.java:62)
	at sun.reflect.DelegatingMethodAccessorImpl.invoke(DelegatingMethodAccessorImpl.java:43)
	at java.lang.reflect.Method.invoke(Method.java:498)
	at org.junit.runners.model.FrameworkMethod$1.runReflectiveCall(FrameworkMethod.java:59)
	at org.junit.internal.runners.model.ReflectiveCallable.run(ReflectiveCallable.java:12)
	at org.junit.runners.model.FrameworkMethod.invokeExplosively(FrameworkMethod.java:56)
	at org.junit.internal.runners.statements.InvokeMethod.evaluate(InvokeMethod.java:17)
	at org.junit.internal.runners.statements.FailOnTimeout$CallableStatement.call(FailOnTimeout.java:288)
	at org.junit.internal.runners.statements.FailOnTimeout$CallableStatement.call(FailOnTimeout.java:282)
	at java.util.concurrent.FutureTask.run(FutureTask.java:266)
	at java.lang.Thread.run(Thread.java:750)
</skipped>
  </testcase>
  <testcase name="testDeleteVolumeBucketAndKey[1]" classname="org.apache.hadoop.fs.ozone.TestRootedOzoneFileSystem" time="0.091"/>
  <testcase name="testRenameToParentDir[1]" classname="org.apache.hadoop.fs.ozone.TestRootedOzoneFileSystem" time="0.074"/>
  <testcase name="testMkdirNonExistentVolumeBucket[1]" classname="org.apache.hadoop.fs.ozone.TestRootedOzoneFileSystem" time="0.037"/>
  <testcase name="testFailToDeleteRoot[1]" classname="org.apache.hadoop.fs.ozone.TestRootedOzoneFileSystem" time="0.002"/>
  <testcase name="testListStatusOnSubDirs[1]" classname="org.apache.hadoop.fs.ozone.TestRootedOzoneFileSystem" time="0.061"/>
  <testcase name="testListStatus[1]" classname="org.apache.hadoop.fs.ozone.TestRootedOzoneFileSystem" time="0.051"/>
  <testcase name="testGetTrashRoots[1]" classname="org.apache.hadoop.fs.ozone.TestRootedOzoneFileSystem" time="0.615"/>
  <testcase name="testCreateDoesNotAddParentDirKeys[1]" classname="org.apache.hadoop.fs.ozone.TestRootedOzoneFileSystem" time="0.086"/>
  <testcase name="testMkdirNonExistentVolume[1]" classname="org.apache.hadoop.fs.ozone.TestRootedOzoneFileSystem" time="0.019"/>
  <testcase name="testDeleteCreatesFakeParentDir[1]" classname="org.apache.hadoop.fs.ozone.TestRootedOzoneFileSystem" time="0">
    <skipped message="FS Path is enabled. Skipping this test as it is not tuned for FS Path yet" type="org.junit.AssumptionViolatedException">org.junit.AssumptionViolatedException: FS Path is enabled. Skipping this test as it is not tuned for FS Path yet
	at org.junit.Assume.assumeTrue(Assume.java:68)
	at org.apache.hadoop.fs.ozone.TestRootedOzoneFileSystem.testDeleteCreatesFakeParentDir(TestRootedOzoneFileSystem.java:302)
	at sun.reflect.NativeMethodAccessorImpl.invoke0(Native Method)
	at sun.reflect.NativeMethodAccessorImpl.invoke(NativeMethodAccessorImpl.java:62)
	at sun.reflect.DelegatingMethodAccessorImpl.invoke(DelegatingMethodAccessorImpl.java:43)
	at java.lang.reflect.Method.invoke(Method.java:498)
	at org.junit.runners.model.FrameworkMethod$1.runReflectiveCall(FrameworkMethod.java:59)
	at org.junit.internal.runners.model.ReflectiveCallable.run(ReflectiveCallable.java:12)
	at org.junit.runners.model.FrameworkMethod.invokeExplosively(FrameworkMethod.java:56)
	at org.junit.internal.runners.statements.InvokeMethod.evaluate(InvokeMethod.java:17)
	at org.junit.internal.runners.statements.FailOnTimeout$CallableStatement.call(FailOnTimeout.java:288)
	at org.junit.internal.runners.statements.FailOnTimeout$CallableStatement.call(FailOnTimeout.java:282)
	at java.util.concurrent.FutureTask.run(FutureTask.java:266)
	at java.lang.Thread.run(Thread.java:750)
</skipped>
  </testcase>
  <testcase name="testNonExplicitlyCreatedPathExistsAfterItsLeafsWereRemoved[1]" classname="org.apache.hadoop.fs.ozone.TestRootedOzoneFileSystem" time="0.049"/>
  <testcase name="testFileDelete[1]" classname="org.apache.hadoop.fs.ozone.TestRootedOzoneFileSystem" time="0.16"/>
  <testcase name="testRenameToTrashEnabled[1]" classname="org.apache.hadoop.fs.ozone.TestRootedOzoneFileSystem" time="0.216"/>
  <testcase name="testMkdirOnNonExistentVolumeBucketDir[1]" classname="org.apache.hadoop.fs.ozone.TestRootedOzoneFileSystem" time="0">
    <skipped message="FS Path is enabled. Skipping this test as it is not tuned for FS Path yet" type="org.junit.AssumptionViolatedException">org.junit.AssumptionViolatedException: FS Path is enabled. Skipping this test as it is not tuned for FS Path yet
	at org.junit.Assume.assumeTrue(Assume.java:68)
	at org.apache.hadoop.fs.ozone.TestRootedOzoneFileSystem.testMkdirOnNonExistentVolumeBucketDir(TestRootedOzoneFileSystem.java:405)
	at sun.reflect.NativeMethodAccessorImpl.invoke0(Native Method)
	at sun.reflect.NativeMethodAccessorImpl.invoke(NativeMethodAccessorImpl.java:62)
	at sun.reflect.DelegatingMethodAccessorImpl.invoke(DelegatingMethodAccessorImpl.java:43)
	at java.lang.reflect.Method.invoke(Method.java:498)
	at org.junit.runners.model.FrameworkMethod$1.runReflectiveCall(FrameworkMethod.java:59)
	at org.junit.internal.runners.model.ReflectiveCallable.run(ReflectiveCallable.java:12)
	at org.junit.runners.model.FrameworkMethod.invokeExplosively(FrameworkMethod.java:56)
	at org.junit.internal.runners.statements.InvokeMethod.evaluate(InvokeMethod.java:17)
	at org.junit.internal.runners.statements.FailOnTimeout$CallableStatement.call(FailOnTimeout.java:288)
	at org.junit.internal.runners.statements.FailOnTimeout$CallableStatement.call(FailOnTimeout.java:282)
	at java.util.concurrent.FutureTask.run(FutureTask.java:266)
	at java.lang.Thread.run(Thread.java:750)
</skipped>
  </testcase>
  <testcase name="testListStatusOnLargeDirectory[1]" classname="org.apache.hadoop.fs.ozone.TestRootedOzoneFileSystem" time="13.659"/>
  <testcase name="testRenameToDifferentBucket[1]" classname="org.apache.hadoop.fs.ozone.TestRootedOzoneFileSystem" time="0.029"/>
  <testcase name="testListStatusInBucket[1]" classname="org.apache.hadoop.fs.ozone.TestRootedOzoneFileSystem" time="0.027"/>
  <testcase name="testRenameFileToDir[1]" classname="org.apache.hadoop.fs.ozone.TestRootedOzoneFileSystem" time="0.068"/>
  <testcase name="testNonPrivilegedUserMkdirCreateBucket[2]" classname="org.apache.hadoop.fs.ozone.TestRootedOzoneFileSystem" time="0">
    <skipped message="ACL is not enabled. Skipping this test as it requires ACL to be enabled to be meaningful." type="org.junit.AssumptionViolatedException">org.junit.AssumptionViolatedException: ACL is not enabled. Skipping this test as it requires ACL to be enabled to be meaningful.
	at org.junit.Assume.assumeTrue(Assume.java:68)
	at org.apache.hadoop.fs.ozone.TestRootedOzoneFileSystem.testNonPrivilegedUserMkdirCreateBucket(TestRootedOzoneFileSystem.java:1582)
	at sun.reflect.NativeMethodAccessorImpl.invoke0(Native Method)
	at sun.reflect.NativeMethodAccessorImpl.invoke(NativeMethodAccessorImpl.java:62)
	at sun.reflect.DelegatingMethodAccessorImpl.invoke(DelegatingMethodAccessorImpl.java:43)
	at java.lang.reflect.Method.invoke(Method.java:498)
	at org.junit.runners.model.FrameworkMethod$1.runReflectiveCall(FrameworkMethod.java:59)
	at org.junit.internal.runners.model.ReflectiveCallable.run(ReflectiveCallable.java:12)
	at org.junit.runners.model.FrameworkMethod.invokeExplosively(FrameworkMethod.java:56)
	at org.junit.internal.runners.statements.InvokeMethod.evaluate(InvokeMethod.java:17)
	at org.junit.internal.runners.statements.FailOnTimeout$CallableStatement.call(FailOnTimeout.java:288)
	at org.junit.internal.runners.statements.FailOnTimeout$CallableStatement.call(FailOnTimeout.java:282)
	at java.util.concurrent.FutureTask.run(FutureTask.java:266)
	at java.lang.Thread.run(Thread.java:750)
</skipped>
    <system-out><![CDATA[2022-03-01 02:08:05,226 [Listener at 127.0.0.1/40943] INFO  ozone.MiniOzoneClusterImpl (MiniOzoneClusterImpl.java:shutdown(449)) - Shutting down the Mini Ozone Cluster
2022-03-01 02:08:05,227 [Listener at 127.0.0.1/40943] INFO  ozone.MiniOzoneClusterImpl (MiniOzoneClusterImpl.java:stop(464)) - Stopping the Mini Ozone Cluster
2022-03-01 02:08:05,227 [Listener at 127.0.0.1/40943] INFO  ozone.MiniOzoneClusterImpl (MiniOzoneClusterImpl.java:stopOM(546)) - Stopping the OzoneManager
2022-03-01 02:08:05,227 [Listener at 127.0.0.1/40943] INFO  om.OzoneManager (OzoneManager.java:stop(1893)) - om1[localhost:0]: Stopping Ozone Manager
2022-03-01 02:08:05,227 [Listener at 127.0.0.1/40943] INFO  ipc.Server (Server.java:stop(3414)) - Stopping server on 40943
2022-03-01 02:08:05,244 [IPC Server listener on 0] INFO  ipc.Server (Server.java:run(1376)) - Stopping IPC Server listener on 0
2022-03-01 02:08:05,244 [IPC Server Responder] INFO  ipc.Server (Server.java:run(1512)) - Stopping IPC Server Responder
2022-03-01 02:08:05,261 [Listener at 127.0.0.1/40943] INFO  server.RaftServer (RaftServerProxy.java:lambda$close$6(391)) - om1: close
2022-03-01 02:08:05,261 [Listener at 127.0.0.1/40943] INFO  server.RaftServer$Division (RaftServerImpl.java:lambda$close$4(412)) - om1@group-C5BA1605619E: shutdown
2022-03-01 02:08:05,262 [Listener at 127.0.0.1/40943] INFO  util.JmxRegister (JmxRegister.java:unregister(73)) - Successfully un-registered JMX Bean with object name Ratis:service=RaftServer,group=group-C5BA1605619E,id=om1
2022-03-01 02:08:05,262 [Listener at 127.0.0.1/40943] INFO  impl.RoleInfo (RoleInfo.java:shutdownLeaderState(91)) - om1: shutdown om1@group-C5BA1605619E-LeaderStateImpl
2022-03-01 02:08:05,262 [Listener at 127.0.0.1/40943] INFO  impl.PendingRequests (PendingRequests.java:sendNotLeaderResponses(282)) - om1@group-C5BA1605619E-PendingRequests: sendNotLeaderResponses
2022-03-01 02:08:05,267 [Listener at 127.0.0.1/40943] INFO  impl.StateMachineUpdater (StateMachineUpdater.java:stopAndJoin(149)) - om1@group-C5BA1605619E-StateMachineUpdater: set stopIndex = 6554
2022-03-01 02:08:05,268 [om1@group-C5BA1605619E-StateMachineUpdater] INFO  ratis.OzoneManagerStateMachine (OzoneManagerStateMachine.java:takeSnapshot(417)) - Current Snapshot Index (t:1, i:6554)
2022-03-01 02:08:05,268 [om1@group-C5BA1605619E-StateMachineUpdater] INFO  impl.StateMachineUpdater (StateMachineUpdater.java:takeSnapshot(281)) - om1@group-C5BA1605619E-StateMachineUpdater: Took a snapshot at index 6554
2022-03-01 02:08:05,268 [om1@group-C5BA1605619E-StateMachineUpdater] INFO  impl.StateMachineUpdater (StateMachineUpdater.java:lambda$new$0(89)) - om1@group-C5BA1605619E-StateMachineUpdater: snapshotIndex: updateIncreasingly -1 -> 6554
2022-03-01 02:08:05,268 [om1@group-C5BA1605619E-StateMachineUpdater] INFO  ratis.OzoneManagerStateMachine (OzoneManagerStateMachine.java:close(471)) - StateMachine has shutdown. Shutdown OzoneManager if not already shutdown.
2022-03-01 02:08:05,268 [Listener at 127.0.0.1/40943] INFO  server.RaftServer$Division (ServerState.java:close(419)) - om1@group-C5BA1605619E: closes. applyIndex: 6554
2022-03-01 02:08:05,269 [om1@group-C5BA1605619E-SegmentedRaftLogWorker] INFO  segmented.SegmentedRaftLogWorker (SegmentedRaftLogWorker.java:run(327)) - om1@group-C5BA1605619E-SegmentedRaftLogWorker was interrupted, exiting. There are 0 tasks remaining in the queue.
2022-03-01 02:08:05,271 [Listener at 127.0.0.1/40943] INFO  segmented.SegmentedRaftLogWorker (SegmentedRaftLogWorker.java:close(237)) - om1@group-C5BA1605619E-SegmentedRaftLogWorker close()
2022-03-01 02:08:05,271 [Listener at 127.0.0.1/40943] INFO  server.GrpcService (GrpcService.java:closeImpl(262)) - om1: shutdown server with port 9872 now
2022-03-01 02:08:05,275 [Listener at 127.0.0.1/40943] INFO  server.GrpcService (GrpcService.java:closeImpl(271)) - om1: shutdown server with port 9872 successfully
2022-03-01 02:08:05,275 [org.apache.ratis.util.JvmPauseMonitor$$Lambda$421/1299661385@5e94494e] INFO  util.JvmPauseMonitor (JvmPauseMonitor.java:run(109)) - JvmPauseMonitor-om1: Stopped
2022-03-01 02:08:05,275 [Listener at 127.0.0.1/40943] INFO  ratis.OzoneManagerDoubleBuffer (OzoneManagerDoubleBuffer.java:stop(437)) - Stopping OMDoubleBuffer flush thread
2022-03-01 02:08:05,276 [OMDoubleBufferFlushThread] INFO  ratis.OzoneManagerDoubleBuffer (OzoneManagerDoubleBuffer.java:flushTransactions(356)) - OMDoubleBuffer flush thread OMDoubleBufferFlushThread is interrupted and will exit. OMDoubleBufferFlushThread
2022-03-01 02:08:05,276 [Listener at 127.0.0.1/40943] INFO  utils.BackgroundService (BackgroundService.java:shutdown(132)) - Shutting down service KeyDeletingService
2022-03-01 02:08:05,279 [Listener at 127.0.0.1/40943] INFO  utils.BackgroundService (BackgroundService.java:shutdown(132)) - Shutting down service DirectoryDeletingService
2022-03-01 02:08:05,280 [Listener at 127.0.0.1/40943] INFO  handler.ContextHandler (ContextHandler.java:doStop(1153)) - Stopped o.e.j.w.WebAppContext@1c260202{ozoneManager,/,null,STOPPED}{file:/home/runner/work/ozone/ozone/hadoop-ozone/integration-test/target/test-classes/webapps/ozoneManager}
2022-03-01 02:08:05,281 [Listener at 127.0.0.1/40943] INFO  server.AbstractConnector (AbstractConnector.java:doStop(381)) - Stopped ServerConnector@505806c8{HTTP/1.1, (http/1.1)}{0.0.0.0:0}
2022-03-01 02:08:05,281 [Listener at 127.0.0.1/40943] INFO  server.session (HouseKeeper.java:stopScavenging(149)) - node0 Stopped scavenging
2022-03-01 02:08:05,281 [Listener at 127.0.0.1/40943] INFO  handler.ContextHandler (ContextHandler.java:doStop(1153)) - Stopped o.e.j.s.ServletContextHandler@65463b83{static,/static,file:///home/runner/work/ozone/ozone/hadoop-ozone/integration-test/target/test-classes/webapps/static,STOPPED}
2022-03-01 02:08:05,282 [Listener at 127.0.0.1/40943] INFO  handler.ContextHandler (ContextHandler.java:doStop(1153)) - Stopped o.e.j.s.ServletContextHandler@16a67578{logs,/logs,file:///home/runner/work/ozone/ozone/hadoop-ozone/integration-test/target/log,STOPPED}
2022-03-01 02:08:05,291 [Trash Emptier] ERROR util.ExitUtils (ExitUtils.java:terminate(133)) - Terminating with exit status -1: Thread[Trash Emptier,5,main] has thrown an uncaught exception
java.lang.UnsupportedOperationException: fs.getUri() not implemented in TrashOzoneFileSystem
	at org.apache.hadoop.ozone.om.TrashOzoneFileSystem.getUri(TrashOzoneFileSystem.java:124)
	at org.apache.hadoop.fs.FileSystem.close(FileSystem.java:2592)
	at org.apache.hadoop.ozone.om.TrashPolicyOzone$Emptier.run(TrashPolicyOzone.java:243)
	at java.lang.Thread.run(Thread.java:750)
2022-03-01 02:08:05,296 [Listener at 127.0.0.1/40943] INFO  ozone.MiniOzoneClusterImpl (MiniOzoneClusterImpl.java:stopDatanodes(523)) - Stopping the HddsDatanodes
2022-03-01 02:08:10,304 [Listener at 127.0.0.1/40943] INFO  ozoneimpl.OzoneContainer (OzoneContainer.java:stop(356)) - Attempting to stop container services.
2022-03-01 02:08:10,305 [ForkJoinPool.commonPool-worker-0] INFO  ozoneimpl.OzoneContainer (OzoneContainer.java:stop(356)) - Attempting to stop container services.
2022-03-01 02:08:10,306 [Listener at 127.0.0.1/40943] INFO  server.RaftServer (RaftServerProxy.java:lambda$close$6(391)) - 780374df-c85b-440f-b2c8-8ca4ff0a1b56: close
2022-03-01 02:08:10,306 [Listener at 127.0.0.1/40943] INFO  server.RaftServer$Division (RaftServerImpl.java:lambda$close$4(412)) - 780374df-c85b-440f-b2c8-8ca4ff0a1b56@group-C5B14855D53C: shutdown
2022-03-01 02:08:10,306 [Listener at 127.0.0.1/40943] INFO  util.JmxRegister (JmxRegister.java:unregister(73)) - Successfully un-registered JMX Bean with object name Ratis:service=RaftServer,group=group-C5B14855D53C,id=780374df-c85b-440f-b2c8-8ca4ff0a1b56
2022-03-01 02:08:10,306 [Listener at 127.0.0.1/40943] INFO  impl.RoleInfo (RoleInfo.java:shutdownFollowerState(108)) - 780374df-c85b-440f-b2c8-8ca4ff0a1b56: shutdown 780374df-c85b-440f-b2c8-8ca4ff0a1b56@group-C5B14855D53C-FollowerState
2022-03-01 02:08:10,306 [Listener at 127.0.0.1/40943] INFO  impl.StateMachineUpdater (StateMachineUpdater.java:stopAndJoin(149)) - 780374df-c85b-440f-b2c8-8ca4ff0a1b56@group-C5B14855D53C-StateMachineUpdater: set stopIndex = 28
2022-03-01 02:08:10,307 [780374df-c85b-440f-b2c8-8ca4ff0a1b56@group-C5B14855D53C-FollowerState] INFO  impl.FollowerState (FollowerState.java:run(143)) - 780374df-c85b-440f-b2c8-8ca4ff0a1b56@group-C5B14855D53C-FollowerState was interrupted: {}
java.lang.InterruptedException: sleep interrupted
	at java.lang.Thread.sleep(Native Method)
	at java.lang.Thread.sleep(Thread.java:342)
	at java.util.concurrent.TimeUnit.sleep(TimeUnit.java:386)
	at org.apache.ratis.util.TimeDuration.sleep(TimeDuration.java:324)
	at org.apache.ratis.util.TimeDuration.sleep(TimeDuration.java:309)
	at org.apache.ratis.server.impl.FollowerState.run(FollowerState.java:118)
2022-03-01 02:08:10,306 [ForkJoinPool.commonPool-worker-0] INFO  server.RaftServer (RaftServerProxy.java:lambda$close$6(391)) - f852d663-8551-44ff-bf98-1a071536d5f3: close
2022-03-01 02:08:10,307 [780374df-c85b-440f-b2c8-8ca4ff0a1b56@group-C5B14855D53C-StateMachineUpdater] INFO  ratis.ContainerStateMachine (ContainerStateMachine.java:takeSnapshot(304)) - group-C5B14855D53C: Taking a snapshot at:(t:1, i:28) file /home/runner/work/ozone/ozone/hadoop-ozone/integration-test/target/test-dir/MiniOzoneClusterImpl-434b3942-5fee-4696-bdff-815572bb5a66/datanode-1/data/ratis/16c166a4-a356-4c43-adc8-c5b14855d53c/sm/snapshot.1_28
2022-03-01 02:08:10,313 [ForkJoinPool.commonPool-worker-0] INFO  server.RaftServer$Division (RaftServerImpl.java:lambda$close$4(412)) - f852d663-8551-44ff-bf98-1a071536d5f3@group-C5B14855D53C: shutdown
2022-03-01 02:08:10,314 [ForkJoinPool.commonPool-worker-0] INFO  util.JmxRegister (JmxRegister.java:unregister(73)) - Successfully un-registered JMX Bean with object name Ratis:service=RaftServer,group=group-C5B14855D53C,id=f852d663-8551-44ff-bf98-1a071536d5f3
2022-03-01 02:08:10,314 [ForkJoinPool.commonPool-worker-0] INFO  impl.RoleInfo (RoleInfo.java:shutdownLeaderState(91)) - f852d663-8551-44ff-bf98-1a071536d5f3: shutdown f852d663-8551-44ff-bf98-1a071536d5f3@group-C5B14855D53C-LeaderStateImpl
2022-03-01 02:08:10,314 [ForkJoinPool.commonPool-worker-0] INFO  impl.PendingRequests (PendingRequests.java:sendNotLeaderResponses(282)) - f852d663-8551-44ff-bf98-1a071536d5f3@group-C5B14855D53C-PendingRequests: sendNotLeaderResponses
2022-03-01 02:08:10,316 [780374df-c85b-440f-b2c8-8ca4ff0a1b56@group-C5B14855D53C-StateMachineUpdater] INFO  ratis.ContainerStateMachine (ContainerStateMachine.java:takeSnapshot(315)) - group-C5B14855D53C: Finished taking a snapshot at:(t:1, i:28) file:/home/runner/work/ozone/ozone/hadoop-ozone/integration-test/target/test-dir/MiniOzoneClusterImpl-434b3942-5fee-4696-bdff-815572bb5a66/datanode-1/data/ratis/16c166a4-a356-4c43-adc8-c5b14855d53c/sm/snapshot.1_28 took: 9 ms
2022-03-01 02:08:10,316 [780374df-c85b-440f-b2c8-8ca4ff0a1b56@group-C5B14855D53C-StateMachineUpdater] INFO  impl.StateMachineUpdater (StateMachineUpdater.java:takeSnapshot(281)) - 780374df-c85b-440f-b2c8-8ca4ff0a1b56@group-C5B14855D53C-StateMachineUpdater: Took a snapshot at index 28
2022-03-01 02:08:10,316 [780374df-c85b-440f-b2c8-8ca4ff0a1b56@group-C5B14855D53C-StateMachineUpdater] INFO  impl.StateMachineUpdater (StateMachineUpdater.java:lambda$new$0(89)) - 780374df-c85b-440f-b2c8-8ca4ff0a1b56@group-C5B14855D53C-StateMachineUpdater: snapshotIndex: updateIncreasingly -1 -> 28
2022-03-01 02:08:10,317 [ForkJoinPool.commonPool-worker-0] INFO  impl.StateMachineUpdater (StateMachineUpdater.java:stopAndJoin(149)) - f852d663-8551-44ff-bf98-1a071536d5f3@group-C5B14855D53C-StateMachineUpdater: set stopIndex = 28
2022-03-01 02:08:10,318 [f852d663-8551-44ff-bf98-1a071536d5f3@group-C5B14855D53C-StateMachineUpdater] INFO  ratis.ContainerStateMachine (ContainerStateMachine.java:takeSnapshot(304)) - group-C5B14855D53C: Taking a snapshot at:(t:1, i:28) file /home/runner/work/ozone/ozone/hadoop-ozone/integration-test/target/test-dir/MiniOzoneClusterImpl-434b3942-5fee-4696-bdff-815572bb5a66/datanode-0/data/ratis/16c166a4-a356-4c43-adc8-c5b14855d53c/sm/snapshot.1_28
2022-03-01 02:08:10,318 [Listener at 127.0.0.1/40943] INFO  server.RaftServer$Division (ServerState.java:close(419)) - 780374df-c85b-440f-b2c8-8ca4ff0a1b56@group-C5B14855D53C: closes. applyIndex: 28
2022-03-01 02:08:10,318 [780374df-c85b-440f-b2c8-8ca4ff0a1b56@group-C5B14855D53C-SegmentedRaftLogWorker] INFO  segmented.SegmentedRaftLogWorker (SegmentedRaftLogWorker.java:run(327)) - 780374df-c85b-440f-b2c8-8ca4ff0a1b56@group-C5B14855D53C-SegmentedRaftLogWorker was interrupted, exiting. There are 0 tasks remaining in the queue.
2022-03-01 02:08:10,319 [f852d663-8551-44ff-bf98-1a071536d5f3@group-C5B14855D53C->780374df-c85b-440f-b2c8-8ca4ff0a1b56-GrpcLogAppender-LogAppenderDaemon] WARN  server.GrpcLogAppender (GrpcLogAppender.java:mayWait(177)) - f852d663-8551-44ff-bf98-1a071536d5f3@group-C5B14855D53C->780374df-c85b-440f-b2c8-8ca4ff0a1b56-GrpcLogAppender: Wait interrupted by java.lang.InterruptedException
2022-03-01 02:08:10,319 [grpc-default-executor-0] INFO  server.GrpcServerProtocolService (GrpcServerProtocolService.java:onCompleted(140)) - 780374df-c85b-440f-b2c8-8ca4ff0a1b56: Completed APPEND_ENTRIES, lastRequest: f852d663-8551-44ff-bf98-1a071536d5f3->780374df-c85b-440f-b2c8-8ca4ff0a1b56#309-t1,previous=(t:1, i:27),leaderCommit=26,initializing? true,entries: size=1, first=(t:1, i:28), METADATAENTRY(c:26)
2022-03-01 02:08:10,320 [grpc-default-executor-4] INFO  server.GrpcLogAppender (GrpcLogAppender.java:onCompleted(346)) - f852d663-8551-44ff-bf98-1a071536d5f3@group-C5B14855D53C->780374df-c85b-440f-b2c8-8ca4ff0a1b56-AppendLogResponseHandler: follower responses appendEntries COMPLETED
2022-03-01 02:08:10,320 [grpc-default-executor-4] INFO  leader.FollowerInfo (FollowerInfoImpl.java:lambda$new$0(47)) - f852d663-8551-44ff-bf98-1a071536d5f3@group-C5B14855D53C->780374df-c85b-440f-b2c8-8ca4ff0a1b56: nextIndex: updateUnconditionally 29 -> 28
2022-03-01 02:08:10,323 [Listener at 127.0.0.1/40943] INFO  segmented.SegmentedRaftLogWorker (SegmentedRaftLogWorker.java:close(237)) - 780374df-c85b-440f-b2c8-8ca4ff0a1b56@group-C5B14855D53C-SegmentedRaftLogWorker close()
2022-03-01 02:08:10,324 [f852d663-8551-44ff-bf98-1a071536d5f3@group-C5B14855D53C->15137193-5371-4ef9-ba6d-6341e6f07c07-GrpcLogAppender-LogAppenderDaemon] WARN  server.GrpcLogAppender (GrpcLogAppender.java:mayWait(177)) - f852d663-8551-44ff-bf98-1a071536d5f3@group-C5B14855D53C->15137193-5371-4ef9-ba6d-6341e6f07c07-GrpcLogAppender: Wait interrupted by java.lang.InterruptedException
2022-03-01 02:08:10,324 [Listener at 127.0.0.1/40943] INFO  server.RaftServer$Division (RaftServerImpl.java:lambda$close$4(412)) - 780374df-c85b-440f-b2c8-8ca4ff0a1b56@group-DF23AC2FBD61: shutdown
2022-03-01 02:08:10,326 [Listener at 127.0.0.1/40943] INFO  util.JmxRegister (JmxRegister.java:unregister(73)) - Successfully un-registered JMX Bean with object name Ratis:service=RaftServer,group=group-DF23AC2FBD61,id=780374df-c85b-440f-b2c8-8ca4ff0a1b56
2022-03-01 02:08:10,326 [Listener at 127.0.0.1/40943] INFO  impl.RoleInfo (RoleInfo.java:shutdownLeaderState(91)) - 780374df-c85b-440f-b2c8-8ca4ff0a1b56: shutdown 780374df-c85b-440f-b2c8-8ca4ff0a1b56@group-DF23AC2FBD61-LeaderStateImpl
2022-03-01 02:08:10,326 [Listener at 127.0.0.1/40943] INFO  impl.PendingRequests (PendingRequests.java:sendNotLeaderResponses(282)) - 780374df-c85b-440f-b2c8-8ca4ff0a1b56@group-DF23AC2FBD61-PendingRequests: sendNotLeaderResponses
2022-03-01 02:08:10,327 [Listener at 127.0.0.1/40943] INFO  impl.StateMachineUpdater (StateMachineUpdater.java:stopAndJoin(149)) - 780374df-c85b-440f-b2c8-8ca4ff0a1b56@group-DF23AC2FBD61-StateMachineUpdater: set stopIndex = 0
2022-03-01 02:08:10,327 [grpc-default-executor-0] INFO  server.GrpcServerProtocolService (GrpcServerProtocolService.java:onCompleted(140)) - 15137193-5371-4ef9-ba6d-6341e6f07c07: Completed APPEND_ENTRIES, lastRequest: f852d663-8551-44ff-bf98-1a071536d5f3->15137193-5371-4ef9-ba6d-6341e6f07c07#306-t1,previous=(t:1, i:27),leaderCommit=26,initializing? true,entries: size=1, first=(t:1, i:28), METADATAENTRY(c:26)
2022-03-01 02:08:10,327 [780374df-c85b-440f-b2c8-8ca4ff0a1b56@group-DF23AC2FBD61-StateMachineUpdater] INFO  ratis.ContainerStateMachine (ContainerStateMachine.java:takeSnapshot(304)) - group-DF23AC2FBD61: Taking a snapshot at:(t:1, i:0) file /home/runner/work/ozone/ozone/hadoop-ozone/integration-test/target/test-dir/MiniOzoneClusterImpl-434b3942-5fee-4696-bdff-815572bb5a66/datanode-1/data/ratis/60d1fffc-8330-4b4e-abfa-df23ac2fbd61/sm/snapshot.1_0
2022-03-01 02:08:10,324 [f852d663-8551-44ff-bf98-1a071536d5f3@group-C5B14855D53C-StateMachineUpdater] INFO  ratis.ContainerStateMachine (ContainerStateMachine.java:takeSnapshot(315)) - group-C5B14855D53C: Finished taking a snapshot at:(t:1, i:28) file:/home/runner/work/ozone/ozone/hadoop-ozone/integration-test/target/test-dir/MiniOzoneClusterImpl-434b3942-5fee-4696-bdff-815572bb5a66/datanode-0/data/ratis/16c166a4-a356-4c43-adc8-c5b14855d53c/sm/snapshot.1_28 took: 6 ms
2022-03-01 02:08:10,328 [780374df-c85b-440f-b2c8-8ca4ff0a1b56@group-DF23AC2FBD61-StateMachineUpdater] INFO  ratis.ContainerStateMachine (ContainerStateMachine.java:takeSnapshot(315)) - group-DF23AC2FBD61: Finished taking a snapshot at:(t:1, i:0) file:/home/runner/work/ozone/ozone/hadoop-ozone/integration-test/target/test-dir/MiniOzoneClusterImpl-434b3942-5fee-4696-bdff-815572bb5a66/datanode-1/data/ratis/60d1fffc-8330-4b4e-abfa-df23ac2fbd61/sm/snapshot.1_0 took: 1 ms
2022-03-01 02:08:10,328 [grpc-default-executor-1] INFO  server.GrpcLogAppender (GrpcLogAppender.java:onCompleted(346)) - f852d663-8551-44ff-bf98-1a071536d5f3@group-C5B14855D53C->15137193-5371-4ef9-ba6d-6341e6f07c07-AppendLogResponseHandler: follower responses appendEntries COMPLETED
2022-03-01 02:08:10,328 [780374df-c85b-440f-b2c8-8ca4ff0a1b56@group-DF23AC2FBD61-StateMachineUpdater] INFO  impl.StateMachineUpdater (StateMachineUpdater.java:takeSnapshot(281)) - 780374df-c85b-440f-b2c8-8ca4ff0a1b56@group-DF23AC2FBD61-StateMachineUpdater: Took a snapshot at index 0
2022-03-01 02:08:10,328 [grpc-default-executor-1] INFO  leader.FollowerInfo (FollowerInfoImpl.java:lambda$new$0(47)) - f852d663-8551-44ff-bf98-1a071536d5f3@group-C5B14855D53C->15137193-5371-4ef9-ba6d-6341e6f07c07: nextIndex: updateUnconditionally 29 -> 28
2022-03-01 02:08:10,328 [780374df-c85b-440f-b2c8-8ca4ff0a1b56@group-DF23AC2FBD61-StateMachineUpdater] INFO  impl.StateMachineUpdater (StateMachineUpdater.java:lambda$new$0(89)) - 780374df-c85b-440f-b2c8-8ca4ff0a1b56@group-DF23AC2FBD61-StateMachineUpdater: snapshotIndex: updateIncreasingly -1 -> 0
2022-03-01 02:08:10,328 [f852d663-8551-44ff-bf98-1a071536d5f3@group-C5B14855D53C-StateMachineUpdater] INFO  impl.StateMachineUpdater (StateMachineUpdater.java:takeSnapshot(281)) - f852d663-8551-44ff-bf98-1a071536d5f3@group-C5B14855D53C-StateMachineUpdater: Took a snapshot at index 28
2022-03-01 02:08:10,328 [f852d663-8551-44ff-bf98-1a071536d5f3@group-C5B14855D53C-StateMachineUpdater] INFO  impl.StateMachineUpdater (StateMachineUpdater.java:lambda$new$0(89)) - f852d663-8551-44ff-bf98-1a071536d5f3@group-C5B14855D53C-StateMachineUpdater: snapshotIndex: updateIncreasingly -1 -> 28
2022-03-01 02:08:10,329 [ForkJoinPool.commonPool-worker-0] INFO  server.RaftServer$Division (ServerState.java:close(419)) - f852d663-8551-44ff-bf98-1a071536d5f3@group-C5B14855D53C: closes. applyIndex: 28
2022-03-01 02:08:10,330 [f852d663-8551-44ff-bf98-1a071536d5f3@group-C5B14855D53C-SegmentedRaftLogWorker] INFO  segmented.SegmentedRaftLogWorker (SegmentedRaftLogWorker.java:run(327)) - f852d663-8551-44ff-bf98-1a071536d5f3@group-C5B14855D53C-SegmentedRaftLogWorker was interrupted, exiting. There are 0 tasks remaining in the queue.
2022-03-01 02:08:10,330 [Listener at 127.0.0.1/40943] INFO  server.RaftServer$Division (ServerState.java:close(419)) - 780374df-c85b-440f-b2c8-8ca4ff0a1b56@group-DF23AC2FBD61: closes. applyIndex: 0
2022-03-01 02:08:10,330 [780374df-c85b-440f-b2c8-8ca4ff0a1b56@group-DF23AC2FBD61-SegmentedRaftLogWorker] INFO  segmented.SegmentedRaftLogWorker (SegmentedRaftLogWorker.java:run(327)) - 780374df-c85b-440f-b2c8-8ca4ff0a1b56@group-DF23AC2FBD61-SegmentedRaftLogWorker was interrupted, exiting. There are 0 tasks remaining in the queue.
2022-03-01 02:08:10,330 [Listener at 127.0.0.1/40943] INFO  segmented.SegmentedRaftLogWorker (SegmentedRaftLogWorker.java:close(237)) - 780374df-c85b-440f-b2c8-8ca4ff0a1b56@group-DF23AC2FBD61-SegmentedRaftLogWorker close()
2022-03-01 02:08:10,331 [ForkJoinPool.commonPool-worker-0] INFO  segmented.SegmentedRaftLogWorker (SegmentedRaftLogWorker.java:close(237)) - f852d663-8551-44ff-bf98-1a071536d5f3@group-C5B14855D53C-SegmentedRaftLogWorker close()
2022-03-01 02:08:10,331 [Listener at 127.0.0.1/40943] INFO  server.RaftServer$Division (RaftServerImpl.java:lambda$close$4(412)) - 780374df-c85b-440f-b2c8-8ca4ff0a1b56@group-A898926582E2: shutdown
2022-03-01 02:08:10,332 [Listener at 127.0.0.1/40943] INFO  util.JmxRegister (JmxRegister.java:unregister(73)) - Successfully un-registered JMX Bean with object name Ratis:service=RaftServer,group=group-A898926582E2,id=780374df-c85b-440f-b2c8-8ca4ff0a1b56
2022-03-01 02:08:10,332 [Listener at 127.0.0.1/40943] INFO  impl.RoleInfo (RoleInfo.java:shutdownFollowerState(108)) - 780374df-c85b-440f-b2c8-8ca4ff0a1b56: shutdown 780374df-c85b-440f-b2c8-8ca4ff0a1b56@group-A898926582E2-FollowerState
2022-03-01 02:08:10,332 [780374df-c85b-440f-b2c8-8ca4ff0a1b56@group-A898926582E2-FollowerState] INFO  impl.FollowerState (FollowerState.java:run(143)) - 780374df-c85b-440f-b2c8-8ca4ff0a1b56@group-A898926582E2-FollowerState was interrupted: {}
java.lang.InterruptedException: sleep interrupted
	at java.lang.Thread.sleep(Native Method)
	at java.lang.Thread.sleep(Thread.java:342)
	at java.util.concurrent.TimeUnit.sleep(TimeUnit.java:386)
	at org.apache.ratis.util.TimeDuration.sleep(TimeDuration.java:324)
	at org.apache.ratis.util.TimeDuration.sleep(TimeDuration.java:309)
	at org.apache.ratis.server.impl.FollowerState.run(FollowerState.java:118)
2022-03-01 02:08:10,332 [Listener at 127.0.0.1/40943] INFO  impl.StateMachineUpdater (StateMachineUpdater.java:stopAndJoin(149)) - 780374df-c85b-440f-b2c8-8ca4ff0a1b56@group-A898926582E2-StateMachineUpdater: set stopIndex = 0
2022-03-01 02:08:10,332 [780374df-c85b-440f-b2c8-8ca4ff0a1b56@group-A898926582E2-StateMachineUpdater] INFO  ratis.ContainerStateMachine (ContainerStateMachine.java:takeSnapshot(304)) - group-A898926582E2: Taking a snapshot at:(t:2, i:0) file /home/runner/work/ozone/ozone/hadoop-ozone/integration-test/target/test-dir/MiniOzoneClusterImpl-434b3942-5fee-4696-bdff-815572bb5a66/datanode-1/data/ratis/51d4ef2b-062f-481a-8a4c-a898926582e2/sm/snapshot.2_0
2022-03-01 02:08:10,336 [780374df-c85b-440f-b2c8-8ca4ff0a1b56@group-A898926582E2-StateMachineUpdater] INFO  ratis.ContainerStateMachine (ContainerStateMachine.java:takeSnapshot(315)) - group-A898926582E2: Finished taking a snapshot at:(t:2, i:0) file:/home/runner/work/ozone/ozone/hadoop-ozone/integration-test/target/test-dir/MiniOzoneClusterImpl-434b3942-5fee-4696-bdff-815572bb5a66/datanode-1/data/ratis/51d4ef2b-062f-481a-8a4c-a898926582e2/sm/snapshot.2_0 took: 4 ms
2022-03-01 02:08:10,336 [780374df-c85b-440f-b2c8-8ca4ff0a1b56@group-A898926582E2-StateMachineUpdater] INFO  impl.StateMachineUpdater (StateMachineUpdater.java:takeSnapshot(281)) - 780374df-c85b-440f-b2c8-8ca4ff0a1b56@group-A898926582E2-StateMachineUpdater: Took a snapshot at index 0
2022-03-01 02:08:10,336 [780374df-c85b-440f-b2c8-8ca4ff0a1b56@group-A898926582E2-StateMachineUpdater] INFO  impl.StateMachineUpdater (StateMachineUpdater.java:lambda$new$0(89)) - 780374df-c85b-440f-b2c8-8ca4ff0a1b56@group-A898926582E2-StateMachineUpdater: snapshotIndex: updateIncreasingly -1 -> 0
2022-03-01 02:08:10,335 [ForkJoinPool.commonPool-worker-0] INFO  server.RaftServer$Division (RaftServerImpl.java:lambda$close$4(412)) - f852d663-8551-44ff-bf98-1a071536d5f3@group-A898926582E2: shutdown
2022-03-01 02:08:10,337 [ForkJoinPool.commonPool-worker-0] INFO  util.JmxRegister (JmxRegister.java:unregister(73)) - Successfully un-registered JMX Bean with object name Ratis:service=RaftServer,group=group-A898926582E2,id=f852d663-8551-44ff-bf98-1a071536d5f3
2022-03-01 02:08:10,337 [ForkJoinPool.commonPool-worker-0] INFO  impl.RoleInfo (RoleInfo.java:shutdownFollowerState(108)) - f852d663-8551-44ff-bf98-1a071536d5f3: shutdown f852d663-8551-44ff-bf98-1a071536d5f3@group-A898926582E2-FollowerState
2022-03-01 02:08:10,337 [ForkJoinPool.commonPool-worker-0] INFO  impl.StateMachineUpdater (StateMachineUpdater.java:stopAndJoin(149)) - f852d663-8551-44ff-bf98-1a071536d5f3@group-A898926582E2-StateMachineUpdater: set stopIndex = 0
2022-03-01 02:08:10,337 [f852d663-8551-44ff-bf98-1a071536d5f3@group-A898926582E2-FollowerState] INFO  impl.FollowerState (FollowerState.java:run(143)) - f852d663-8551-44ff-bf98-1a071536d5f3@group-A898926582E2-FollowerState was interrupted: {}
java.lang.InterruptedException: sleep interrupted
	at java.lang.Thread.sleep(Native Method)
	at java.lang.Thread.sleep(Thread.java:342)
	at java.util.concurrent.TimeUnit.sleep(TimeUnit.java:386)
	at org.apache.ratis.util.TimeDuration.sleep(TimeDuration.java:324)
	at org.apache.ratis.util.TimeDuration.sleep(TimeDuration.java:309)
	at org.apache.ratis.server.impl.FollowerState.run(FollowerState.java:118)
2022-03-01 02:08:10,337 [f852d663-8551-44ff-bf98-1a071536d5f3@group-A898926582E2-StateMachineUpdater] INFO  ratis.ContainerStateMachine (ContainerStateMachine.java:takeSnapshot(304)) - group-A898926582E2: Taking a snapshot at:(t:2, i:0) file /home/runner/work/ozone/ozone/hadoop-ozone/integration-test/target/test-dir/MiniOzoneClusterImpl-434b3942-5fee-4696-bdff-815572bb5a66/datanode-0/data/ratis/51d4ef2b-062f-481a-8a4c-a898926582e2/sm/snapshot.2_0
2022-03-01 02:08:10,337 [Listener at 127.0.0.1/40943] INFO  server.RaftServer$Division (ServerState.java:close(419)) - 780374df-c85b-440f-b2c8-8ca4ff0a1b56@group-A898926582E2: closes. applyIndex: 0
2022-03-01 02:08:10,338 [f852d663-8551-44ff-bf98-1a071536d5f3@group-A898926582E2-StateMachineUpdater] INFO  ratis.ContainerStateMachine (ContainerStateMachine.java:takeSnapshot(315)) - group-A898926582E2: Finished taking a snapshot at:(t:2, i:0) file:/home/runner/work/ozone/ozone/hadoop-ozone/integration-test/target/test-dir/MiniOzoneClusterImpl-434b3942-5fee-4696-bdff-815572bb5a66/datanode-0/data/ratis/51d4ef2b-062f-481a-8a4c-a898926582e2/sm/snapshot.2_0 took: 1 ms
2022-03-01 02:08:10,338 [f852d663-8551-44ff-bf98-1a071536d5f3@group-A898926582E2-StateMachineUpdater] INFO  impl.StateMachineUpdater (StateMachineUpdater.java:takeSnapshot(281)) - f852d663-8551-44ff-bf98-1a071536d5f3@group-A898926582E2-StateMachineUpdater: Took a snapshot at index 0
2022-03-01 02:08:10,338 [f852d663-8551-44ff-bf98-1a071536d5f3@group-A898926582E2-StateMachineUpdater] INFO  impl.StateMachineUpdater (StateMachineUpdater.java:lambda$new$0(89)) - f852d663-8551-44ff-bf98-1a071536d5f3@group-A898926582E2-StateMachineUpdater: snapshotIndex: updateIncreasingly -1 -> 0
2022-03-01 02:08:10,338 [ForkJoinPool.commonPool-worker-0] INFO  server.RaftServer$Division (ServerState.java:close(419)) - f852d663-8551-44ff-bf98-1a071536d5f3@group-A898926582E2: closes. applyIndex: 0
2022-03-01 02:08:10,338 [780374df-c85b-440f-b2c8-8ca4ff0a1b56@group-A898926582E2-SegmentedRaftLogWorker] INFO  segmented.SegmentedRaftLogWorker (SegmentedRaftLogWorker.java:run(327)) - 780374df-c85b-440f-b2c8-8ca4ff0a1b56@group-A898926582E2-SegmentedRaftLogWorker was interrupted, exiting. There are 0 tasks remaining in the queue.
2022-03-01 02:08:10,343 [Listener at 127.0.0.1/40943] INFO  segmented.SegmentedRaftLogWorker (SegmentedRaftLogWorker.java:close(237)) - 780374df-c85b-440f-b2c8-8ca4ff0a1b56@group-A898926582E2-SegmentedRaftLogWorker close()
2022-03-01 02:08:10,344 [Listener at 127.0.0.1/40943] INFO  server.GrpcService (GrpcService.java:closeImpl(262)) - 780374df-c85b-440f-b2c8-8ca4ff0a1b56: shutdown server with port 36027 now
2022-03-01 02:08:10,346 [grpc-default-executor-1] WARN  server.GrpcServerProtocolService (LogUtils.java:warn(122)) - 780374df-c85b-440f-b2c8-8ca4ff0a1b56: installSnapshot onError, lastRequest: 15137193-5371-4ef9-ba6d-6341e6f07c07->780374df-c85b-440f-b2c8-8ca4ff0a1b56#1-t2,previous=(t:0, i:0),leaderCommit=-1,initializing? true,entries: size=1, first=(t:2, i:0), CONFIGURATIONENTRY: org.apache.ratis.thirdparty.io.grpc.StatusRuntimeException: CANCELLED: client cancelled
2022-03-01 02:08:10,347 [grpc-default-executor-4] WARN  server.GrpcLogAppender (LogUtils.java:warn(122)) - 15137193-5371-4ef9-ba6d-6341e6f07c07@group-A898926582E2->780374df-c85b-440f-b2c8-8ca4ff0a1b56-AppendLogResponseHandler: Failed appendEntries: org.apache.ratis.thirdparty.io.grpc.StatusRuntimeException: CANCELLED: HTTP/2 error code: CANCEL
Received Rst Stream
2022-03-01 02:08:10,347 [grpc-default-executor-4] WARN  server.GrpcLogAppender (GrpcLogAppender.java:resetClient(110)) - 15137193-5371-4ef9-ba6d-6341e6f07c07@group-A898926582E2->780374df-c85b-440f-b2c8-8ca4ff0a1b56-GrpcLogAppender: Leader has not got in touch with Follower 15137193-5371-4ef9-ba6d-6341e6f07c07@group-A898926582E2->780374df-c85b-440f-b2c8-8ca4ff0a1b56(c0,m0,n1, attendVote=true, lastRpcSendTime=338, lastRpcResponseTime=334) yet, just keep nextIndex unchanged and retry.
2022-03-01 02:08:10,347 [f852d663-8551-44ff-bf98-1a071536d5f3@group-A898926582E2-SegmentedRaftLogWorker] INFO  segmented.SegmentedRaftLogWorker (SegmentedRaftLogWorker.java:run(327)) - f852d663-8551-44ff-bf98-1a071536d5f3@group-A898926582E2-SegmentedRaftLogWorker was interrupted, exiting. There are 0 tasks remaining in the queue.
2022-03-01 02:08:10,361 [ForkJoinPool.commonPool-worker-0] INFO  segmented.SegmentedRaftLogWorker (SegmentedRaftLogWorker.java:close(237)) - f852d663-8551-44ff-bf98-1a071536d5f3@group-A898926582E2-SegmentedRaftLogWorker close()
2022-03-01 02:08:10,365 [Listener at 127.0.0.1/40943] INFO  server.GrpcService (GrpcService.java:closeImpl(271)) - 780374df-c85b-440f-b2c8-8ca4ff0a1b56: shutdown server with port 36027 successfully
2022-03-01 02:08:10,371 [org.apache.ratis.util.JvmPauseMonitor$$Lambda$421/1299661385@48e22171] INFO  util.JvmPauseMonitor (JvmPauseMonitor.java:run(109)) - JvmPauseMonitor-780374df-c85b-440f-b2c8-8ca4ff0a1b56: Stopped
2022-03-01 02:08:10,384 [ForkJoinPool.commonPool-worker-0] INFO  server.RaftServer$Division (RaftServerImpl.java:lambda$close$4(412)) - f852d663-8551-44ff-bf98-1a071536d5f3@group-DC19EE096B5F: shutdown
2022-03-01 02:08:10,384 [ForkJoinPool.commonPool-worker-0] INFO  util.JmxRegister (JmxRegister.java:unregister(73)) - Successfully un-registered JMX Bean with object name Ratis:service=RaftServer,group=group-DC19EE096B5F,id=f852d663-8551-44ff-bf98-1a071536d5f3
2022-03-01 02:08:10,384 [ForkJoinPool.commonPool-worker-0] INFO  impl.RoleInfo (RoleInfo.java:shutdownLeaderState(91)) - f852d663-8551-44ff-bf98-1a071536d5f3: shutdown f852d663-8551-44ff-bf98-1a071536d5f3@group-DC19EE096B5F-LeaderStateImpl
2022-03-01 02:08:10,385 [ForkJoinPool.commonPool-worker-0] INFO  impl.PendingRequests (PendingRequests.java:sendNotLeaderResponses(282)) - f852d663-8551-44ff-bf98-1a071536d5f3@group-DC19EE096B5F-PendingRequests: sendNotLeaderResponses
2022-03-01 02:08:10,385 [ForkJoinPool.commonPool-worker-0] INFO  impl.StateMachineUpdater (StateMachineUpdater.java:stopAndJoin(149)) - f852d663-8551-44ff-bf98-1a071536d5f3@group-DC19EE096B5F-StateMachineUpdater: set stopIndex = 0
2022-03-01 02:08:10,385 [f852d663-8551-44ff-bf98-1a071536d5f3@group-DC19EE096B5F-StateMachineUpdater] INFO  ratis.ContainerStateMachine (ContainerStateMachine.java:takeSnapshot(304)) - group-DC19EE096B5F: Taking a snapshot at:(t:1, i:0) file /home/runner/work/ozone/ozone/hadoop-ozone/integration-test/target/test-dir/MiniOzoneClusterImpl-434b3942-5fee-4696-bdff-815572bb5a66/datanode-0/data/ratis/ddfce6c9-5606-4eea-a14c-dc19ee096b5f/sm/snapshot.1_0
2022-03-01 02:08:10,386 [f852d663-8551-44ff-bf98-1a071536d5f3@group-DC19EE096B5F-StateMachineUpdater] INFO  ratis.ContainerStateMachine (ContainerStateMachine.java:takeSnapshot(315)) - group-DC19EE096B5F: Finished taking a snapshot at:(t:1, i:0) file:/home/runner/work/ozone/ozone/hadoop-ozone/integration-test/target/test-dir/MiniOzoneClusterImpl-434b3942-5fee-4696-bdff-815572bb5a66/datanode-0/data/ratis/ddfce6c9-5606-4eea-a14c-dc19ee096b5f/sm/snapshot.1_0 took: 0 ms
2022-03-01 02:08:10,386 [f852d663-8551-44ff-bf98-1a071536d5f3@group-DC19EE096B5F-StateMachineUpdater] INFO  impl.StateMachineUpdater (StateMachineUpdater.java:takeSnapshot(281)) - f852d663-8551-44ff-bf98-1a071536d5f3@group-DC19EE096B5F-StateMachineUpdater: Took a snapshot at index 0
2022-03-01 02:08:10,386 [f852d663-8551-44ff-bf98-1a071536d5f3@group-DC19EE096B5F-StateMachineUpdater] INFO  impl.StateMachineUpdater (StateMachineUpdater.java:lambda$new$0(89)) - f852d663-8551-44ff-bf98-1a071536d5f3@group-DC19EE096B5F-StateMachineUpdater: snapshotIndex: updateIncreasingly -1 -> 0
2022-03-01 02:08:10,388 [ForkJoinPool.commonPool-worker-0] INFO  server.RaftServer$Division (ServerState.java:close(419)) - f852d663-8551-44ff-bf98-1a071536d5f3@group-DC19EE096B5F: closes. applyIndex: 0
2022-03-01 02:08:10,388 [f852d663-8551-44ff-bf98-1a071536d5f3@group-DC19EE096B5F-SegmentedRaftLogWorker] INFO  segmented.SegmentedRaftLogWorker (SegmentedRaftLogWorker.java:run(327)) - f852d663-8551-44ff-bf98-1a071536d5f3@group-DC19EE096B5F-SegmentedRaftLogWorker was interrupted, exiting. There are 0 tasks remaining in the queue.
2022-03-01 02:08:10,391 [ForkJoinPool.commonPool-worker-0] INFO  segmented.SegmentedRaftLogWorker (SegmentedRaftLogWorker.java:close(237)) - f852d663-8551-44ff-bf98-1a071536d5f3@group-DC19EE096B5F-SegmentedRaftLogWorker close()
2022-03-01 02:08:10,395 [ForkJoinPool.commonPool-worker-0] INFO  server.GrpcService (GrpcService.java:closeImpl(262)) - f852d663-8551-44ff-bf98-1a071536d5f3: shutdown server with port 44261 now
2022-03-01 02:08:10,396 [grpc-default-executor-2] WARN  client.GrpcClientProtocolService (LogUtils.java:warn(122)) - 1-UnorderedRequestStreamObserver1: onError: org.apache.ratis.thirdparty.io.grpc.StatusRuntimeException: CANCELLED: client cancelled
2022-03-01 02:08:10,396 [grpc-default-executor-0] WARN  server.GrpcServerProtocolService (LogUtils.java:warn(122)) - f852d663-8551-44ff-bf98-1a071536d5f3: installSnapshot onError, lastRequest: 15137193-5371-4ef9-ba6d-6341e6f07c07->f852d663-8551-44ff-bf98-1a071536d5f3#1-t2,previous=(t:0, i:0),leaderCommit=0,initializing? true,entries: size=1, first=(t:2, i:0), CONFIGURATIONENTRY: org.apache.ratis.thirdparty.io.grpc.StatusRuntimeException: CANCELLED: client cancelled
2022-03-01 02:08:10,410 [ForkJoinPool.commonPool-worker-0] INFO  server.GrpcService (GrpcService.java:closeImpl(271)) - f852d663-8551-44ff-bf98-1a071536d5f3: shutdown server with port 44261 successfully
2022-03-01 02:08:10,410 [org.apache.ratis.util.JvmPauseMonitor$$Lambda$421/1299661385@227ff8e0] INFO  util.JvmPauseMonitor (JvmPauseMonitor.java:run(109)) - JvmPauseMonitor-f852d663-8551-44ff-bf98-1a071536d5f3: Stopped
2022-03-01 02:08:10,411 [grpc-default-executor-5] WARN  server.GrpcLogAppender (LogUtils.java:warn(122)) - 15137193-5371-4ef9-ba6d-6341e6f07c07@group-A898926582E2->f852d663-8551-44ff-bf98-1a071536d5f3-AppendLogResponseHandler: Failed appendEntries: org.apache.ratis.thirdparty.io.grpc.StatusRuntimeException: CANCELLED: HTTP/2 error code: CANCEL
Received Rst Stream
2022-03-01 02:08:10,412 [grpc-default-executor-5] WARN  server.GrpcLogAppender (GrpcLogAppender.java:resetClient(110)) - 15137193-5371-4ef9-ba6d-6341e6f07c07@group-A898926582E2->f852d663-8551-44ff-bf98-1a071536d5f3-GrpcLogAppender: Leader has not got in touch with Follower 15137193-5371-4ef9-ba6d-6341e6f07c07@group-A898926582E2->f852d663-8551-44ff-bf98-1a071536d5f3(c0,m0,n1, attendVote=true, lastRpcSendTime=375, lastRpcResponseTime=370) yet, just keep nextIndex unchanged and retry.
2022-03-01 02:08:12,407 [Listener at 127.0.0.1/40943] INFO  utils.BackgroundService (BackgroundService.java:shutdown(132)) - Shutting down service BlockDeletingService
2022-03-01 02:08:12,460 [ForkJoinPool.commonPool-worker-0] INFO  utils.BackgroundService (BackgroundService.java:shutdown(132)) - Shutting down service BlockDeletingService
2022-03-01 02:08:12,519 [grpc-default-executor-2] WARN  server.GrpcLogAppender (LogUtils.java:warn(122)) - 15137193-5371-4ef9-ba6d-6341e6f07c07@group-A898926582E2->780374df-c85b-440f-b2c8-8ca4ff0a1b56-AppendLogResponseHandler: Failed appendEntries: org.apache.ratis.thirdparty.io.grpc.StatusRuntimeException: UNAVAILABLE: io exception
2022-03-01 02:08:12,519 [grpc-default-executor-2] WARN  server.GrpcLogAppender (GrpcLogAppender.java:resetClient(110)) - 15137193-5371-4ef9-ba6d-6341e6f07c07@group-A898926582E2->780374df-c85b-440f-b2c8-8ca4ff0a1b56-GrpcLogAppender: Leader has not got in touch with Follower 15137193-5371-4ef9-ba6d-6341e6f07c07@group-A898926582E2->780374df-c85b-440f-b2c8-8ca4ff0a1b56(c0,m0,n1, attendVote=true, lastRpcSendTime=1, lastRpcResponseTime=2506) yet, just keep nextIndex unchanged and retry.
2022-03-01 02:08:12,577 [grpc-default-executor-5] WARN  server.GrpcLogAppender (LogUtils.java:warn(122)) - 15137193-5371-4ef9-ba6d-6341e6f07c07@group-A898926582E2->f852d663-8551-44ff-bf98-1a071536d5f3-AppendLogResponseHandler: Failed appendEntries: org.apache.ratis.thirdparty.io.grpc.StatusRuntimeException: UNAVAILABLE: io exception
2022-03-01 02:08:12,578 [grpc-default-executor-5] WARN  server.GrpcLogAppender (GrpcLogAppender.java:resetClient(110)) - 15137193-5371-4ef9-ba6d-6341e6f07c07@group-A898926582E2->f852d663-8551-44ff-bf98-1a071536d5f3-GrpcLogAppender: Leader has not got in touch with Follower 15137193-5371-4ef9-ba6d-6341e6f07c07@group-A898926582E2->f852d663-8551-44ff-bf98-1a071536d5f3(c0,m0,n1, attendVote=true, lastRpcSendTime=0, lastRpcResponseTime=2536) yet, just keep nextIndex unchanged and retry.
2022-03-01 02:08:15,028 [grpc-default-executor-5] WARN  server.GrpcLogAppender (LogUtils.java:warn(122)) - 15137193-5371-4ef9-ba6d-6341e6f07c07@group-A898926582E2->780374df-c85b-440f-b2c8-8ca4ff0a1b56-AppendLogResponseHandler: Failed appendEntries: org.apache.ratis.thirdparty.io.grpc.StatusRuntimeException: UNAVAILABLE: io exception
2022-03-01 02:08:15,028 [grpc-default-executor-5] WARN  server.GrpcLogAppender (GrpcLogAppender.java:resetClient(110)) - 15137193-5371-4ef9-ba6d-6341e6f07c07@group-A898926582E2->780374df-c85b-440f-b2c8-8ca4ff0a1b56-GrpcLogAppender: Leader has not got in touch with Follower 15137193-5371-4ef9-ba6d-6341e6f07c07@group-A898926582E2->780374df-c85b-440f-b2c8-8ca4ff0a1b56(c0,m0,n1, attendVote=true, lastRpcSendTime=0, lastRpcResponseTime=5015) yet, just keep nextIndex unchanged and retry.
2022-03-01 02:08:15,078 [grpc-default-executor-5] WARN  server.GrpcLogAppender (LogUtils.java:warn(122)) - 15137193-5371-4ef9-ba6d-6341e6f07c07@group-A898926582E2->f852d663-8551-44ff-bf98-1a071536d5f3-AppendLogResponseHandler: Failed appendEntries: org.apache.ratis.thirdparty.io.grpc.StatusRuntimeException: UNAVAILABLE: io exception
2022-03-01 02:08:15,079 [grpc-default-executor-5] WARN  server.GrpcLogAppender (GrpcLogAppender.java:resetClient(110)) - 15137193-5371-4ef9-ba6d-6341e6f07c07@group-A898926582E2->f852d663-8551-44ff-bf98-1a071536d5f3-GrpcLogAppender: Leader has not got in touch with Follower 15137193-5371-4ef9-ba6d-6341e6f07c07@group-A898926582E2->f852d663-8551-44ff-bf98-1a071536d5f3(c0,m0,n1, attendVote=true, lastRpcSendTime=2501, lastRpcResponseTime=5037) yet, just keep nextIndex unchanged and retry.
2022-03-01 02:08:15,419 [Listener at 127.0.0.1/40943] INFO  statemachine.DatanodeStateMachine (DatanodeStateMachine.java:stopDaemon(529)) - Ozone container server stopped.
2022-03-01 02:08:15,420 [Listener at 127.0.0.1/40943] INFO  handler.ContextHandler (ContextHandler.java:doStop(1153)) - Stopped o.e.j.w.WebAppContext@69ef1ff1{hddsDatanode,/,null,STOPPED}{jar:file:/home/runner/.m2/repository/org/apache/ozone/hdds-container-service/1.3.0-SNAPSHOT/hdds-container-service-1.3.0-SNAPSHOT.jar!/webapps/hddsDatanode}
2022-03-01 02:08:15,425 [Listener at 127.0.0.1/40943] INFO  server.AbstractConnector (AbstractConnector.java:doStop(381)) - Stopped ServerConnector@1d7b62cd{HTTP/1.1, (http/1.1)}{0.0.0.0:0}
2022-03-01 02:08:15,425 [Listener at 127.0.0.1/40943] INFO  server.session (HouseKeeper.java:stopScavenging(149)) - node0 Stopped scavenging
2022-03-01 02:08:15,425 [Listener at 127.0.0.1/40943] INFO  handler.ContextHandler (ContextHandler.java:doStop(1153)) - Stopped o.e.j.s.ServletContextHandler@6d78fd8d{static,/static,jar:file:/home/runner/.m2/repository/org/apache/ozone/hdds-container-service/1.3.0-SNAPSHOT/hdds-container-service-1.3.0-SNAPSHOT.jar!/webapps/static,STOPPED}
2022-03-01 02:08:15,426 [Listener at 127.0.0.1/40943] INFO  handler.ContextHandler (ContextHandler.java:doStop(1153)) - Stopped o.e.j.s.ServletContextHandler@5406f519{logs,/logs,file:///home/runner/work/ozone/ozone/hadoop-ozone/integration-test/target/log,STOPPED}
2022-03-01 02:08:15,487 [ForkJoinPool.commonPool-worker-0] INFO  statemachine.DatanodeStateMachine (DatanodeStateMachine.java:stopDaemon(529)) - Ozone container server stopped.
2022-03-01 02:08:15,500 [ForkJoinPool.commonPool-worker-0] INFO  handler.ContextHandler (ContextHandler.java:doStop(1153)) - Stopped o.e.j.w.WebAppContext@235e2dec{hddsDatanode,/,null,STOPPED}{jar:file:/home/runner/.m2/repository/org/apache/ozone/hdds-container-service/1.3.0-SNAPSHOT/hdds-container-service-1.3.0-SNAPSHOT.jar!/webapps/hddsDatanode}
2022-03-01 02:08:15,507 [ForkJoinPool.commonPool-worker-0] INFO  server.AbstractConnector (AbstractConnector.java:doStop(381)) - Stopped ServerConnector@47f1b064{HTTP/1.1, (http/1.1)}{0.0.0.0:0}
2022-03-01 02:08:15,507 [ForkJoinPool.commonPool-worker-0] INFO  server.session (HouseKeeper.java:stopScavenging(149)) - node0 Stopped scavenging
2022-03-01 02:08:15,510 [ForkJoinPool.commonPool-worker-0] INFO  handler.ContextHandler (ContextHandler.java:doStop(1153)) - Stopped o.e.j.s.ServletContextHandler@4eabb40b{static,/static,jar:file:/home/runner/.m2/repository/org/apache/ozone/hdds-container-service/1.3.0-SNAPSHOT/hdds-container-service-1.3.0-SNAPSHOT.jar!/webapps/static,STOPPED}
2022-03-01 02:08:15,511 [ForkJoinPool.commonPool-worker-0] INFO  handler.ContextHandler (ContextHandler.java:doStop(1153)) - Stopped o.e.j.s.ServletContextHandler@c65734e{logs,/logs,file:///home/runner/work/ozone/ozone/hadoop-ozone/integration-test/target/log,STOPPED}
2022-03-01 02:08:17,530 [grpc-default-executor-5] WARN  server.GrpcLogAppender (LogUtils.java:warn(122)) - 15137193-5371-4ef9-ba6d-6341e6f07c07@group-A898926582E2->780374df-c85b-440f-b2c8-8ca4ff0a1b56-AppendLogResponseHandler: Failed appendEntries: org.apache.ratis.thirdparty.io.grpc.StatusRuntimeException: UNAVAILABLE: io exception
2022-03-01 02:08:17,531 [grpc-default-executor-5] WARN  server.GrpcLogAppender (GrpcLogAppender.java:resetClient(110)) - 15137193-5371-4ef9-ba6d-6341e6f07c07@group-A898926582E2->780374df-c85b-440f-b2c8-8ca4ff0a1b56-GrpcLogAppender: Leader has not got in touch with Follower 15137193-5371-4ef9-ba6d-6341e6f07c07@group-A898926582E2->780374df-c85b-440f-b2c8-8ca4ff0a1b56(c0,m0,n1, attendVote=true, lastRpcSendTime=2503, lastRpcResponseTime=7517) yet, just keep nextIndex unchanged and retry.
2022-03-01 02:08:17,584 [grpc-default-executor-5] WARN  server.GrpcLogAppender (LogUtils.java:warn(122)) - 15137193-5371-4ef9-ba6d-6341e6f07c07@group-A898926582E2->f852d663-8551-44ff-bf98-1a071536d5f3-AppendLogResponseHandler: Failed appendEntries: org.apache.ratis.thirdparty.io.grpc.StatusRuntimeException: UNAVAILABLE: io exception
2022-03-01 02:08:17,585 [grpc-default-executor-5] WARN  server.GrpcLogAppender (GrpcLogAppender.java:resetClient(110)) - 15137193-5371-4ef9-ba6d-6341e6f07c07@group-A898926582E2->f852d663-8551-44ff-bf98-1a071536d5f3-GrpcLogAppender: Leader has not got in touch with Follower 15137193-5371-4ef9-ba6d-6341e6f07c07@group-A898926582E2->f852d663-8551-44ff-bf98-1a071536d5f3(c0,m0,n1, attendVote=true, lastRpcSendTime=2505, lastRpcResponseTime=7543) yet, just keep nextIndex unchanged and retry.
2022-03-01 02:08:17,971 [15137193-5371-4ef9-ba6d-6341e6f07c07@group-C5B14855D53C-FollowerState] INFO  impl.FollowerState (FollowerState.java:run(134)) - 15137193-5371-4ef9-ba6d-6341e6f07c07@group-C5B14855D53C-FollowerState: change to CANDIDATE, lastRpcElapsedTime:9068488417ns, electionTimeout:5019ms
2022-03-01 02:08:17,971 [15137193-5371-4ef9-ba6d-6341e6f07c07@group-C5B14855D53C-FollowerState] INFO  impl.RoleInfo (RoleInfo.java:shutdownFollowerState(108)) - 15137193-5371-4ef9-ba6d-6341e6f07c07: shutdown 15137193-5371-4ef9-ba6d-6341e6f07c07@group-C5B14855D53C-FollowerState
2022-03-01 02:08:17,971 [15137193-5371-4ef9-ba6d-6341e6f07c07@group-C5B14855D53C-FollowerState] INFO  server.RaftServer$Division (RaftServerImpl.java:setRole(290)) - 15137193-5371-4ef9-ba6d-6341e6f07c07@group-C5B14855D53C: changes role from  FOLLOWER to CANDIDATE at term 1 for changeToCandidate
2022-03-01 02:08:17,971 [15137193-5371-4ef9-ba6d-6341e6f07c07@group-C5B14855D53C-FollowerState] INFO  server.RaftServerConfigKeys (ConfUtils.java:logGet(44)) - raft.server.leaderelection.pre-vote = false (custom)
2022-03-01 02:08:17,971 [15137193-5371-4ef9-ba6d-6341e6f07c07@group-C5B14855D53C-FollowerState] INFO  impl.RoleInfo (RoleInfo.java:updateAndGet(130)) - 15137193-5371-4ef9-ba6d-6341e6f07c07: start 15137193-5371-4ef9-ba6d-6341e6f07c07@group-C5B14855D53C-LeaderElection28
2022-03-01 02:08:18,003 [15137193-5371-4ef9-ba6d-6341e6f07c07@group-C5B14855D53C-LeaderElection28] INFO  server.RaftServer$Division (ServerState.java:setLeader(285)) - 15137193-5371-4ef9-ba6d-6341e6f07c07@group-C5B14855D53C: change Leader from f852d663-8551-44ff-bf98-1a071536d5f3 to null at term 1 for ELECTION
2022-03-01 02:08:18,006 [15137193-5371-4ef9-ba6d-6341e6f07c07@group-C5B14855D53C-LeaderElection28] INFO  impl.LeaderElection (LeaderElection.java:askForVotes(306)) - 15137193-5371-4ef9-ba6d-6341e6f07c07@group-C5B14855D53C-LeaderElection28 ELECTION round 0: submit vote requests at term 2 for 0: [15137193-5371-4ef9-ba6d-6341e6f07c07|rpc:10.1.0.9:42249|dataStream:|priority:0, 780374df-c85b-440f-b2c8-8ca4ff0a1b56|rpc:10.1.0.9:36027|dataStream:|priority:0, f852d663-8551-44ff-bf98-1a071536d5f3|rpc:10.1.0.9:44261|dataStream:|priority:1], old=null
2022-03-01 02:08:18,031 [15137193-5371-4ef9-ba6d-6341e6f07c07@group-C5B14855D53C-LeaderElection28] INFO  impl.LeaderElection (LogUtils.java:infoOrTrace(137)) - 15137193-5371-4ef9-ba6d-6341e6f07c07@group-C5B14855D53C-LeaderElection28 got exception when requesting votes: java.util.concurrent.ExecutionException: org.apache.ratis.thirdparty.io.grpc.StatusRuntimeException: UNAVAILABLE: io exception
2022-03-01 02:08:18,034 [15137193-5371-4ef9-ba6d-6341e6f07c07@group-C5B14855D53C-LeaderElection28] INFO  impl.LeaderElection (LogUtils.java:infoOrTrace(137)) - 15137193-5371-4ef9-ba6d-6341e6f07c07@group-C5B14855D53C-LeaderElection28 got exception when requesting votes: java.util.concurrent.ExecutionException: org.apache.ratis.thirdparty.io.grpc.StatusRuntimeException: UNAVAILABLE: io exception
2022-03-01 02:08:18,034 [15137193-5371-4ef9-ba6d-6341e6f07c07@group-C5B14855D53C-LeaderElection28] INFO  impl.LeaderElection (LeaderElection.java:logAndReturn(89)) - 15137193-5371-4ef9-ba6d-6341e6f07c07@group-C5B14855D53C-LeaderElection28: ELECTION REJECTED received 0 response(s) and 2 exception(s):
2022-03-01 02:08:18,034 [15137193-5371-4ef9-ba6d-6341e6f07c07@group-C5B14855D53C-LeaderElection28] INFO  impl.LeaderElection (LogUtils.java:infoOrTrace(137)) -   Exception 0: java.util.concurrent.ExecutionException: org.apache.ratis.thirdparty.io.grpc.StatusRuntimeException: UNAVAILABLE: io exception
2022-03-01 02:08:18,034 [15137193-5371-4ef9-ba6d-6341e6f07c07@group-C5B14855D53C-LeaderElection28] INFO  impl.LeaderElection (LogUtils.java:infoOrTrace(137)) -   Exception 1: java.util.concurrent.ExecutionException: org.apache.ratis.thirdparty.io.grpc.StatusRuntimeException: UNAVAILABLE: io exception
2022-03-01 02:08:18,034 [15137193-5371-4ef9-ba6d-6341e6f07c07@group-C5B14855D53C-LeaderElection28] INFO  impl.LeaderElection (LeaderElection.java:askForVotes(308)) - 15137193-5371-4ef9-ba6d-6341e6f07c07@group-C5B14855D53C-LeaderElection28 ELECTION round 0: result REJECTED
2022-03-01 02:08:18,034 [15137193-5371-4ef9-ba6d-6341e6f07c07@group-C5B14855D53C-LeaderElection28] INFO  server.RaftServer$Division (RaftServerImpl.java:setRole(290)) - 15137193-5371-4ef9-ba6d-6341e6f07c07@group-C5B14855D53C: changes role from CANDIDATE to FOLLOWER at term 2 for REJECTED
2022-03-01 02:08:18,034 [15137193-5371-4ef9-ba6d-6341e6f07c07@group-C5B14855D53C-LeaderElection28] INFO  impl.RoleInfo (RoleInfo.java:shutdownLeaderElection(121)) - 15137193-5371-4ef9-ba6d-6341e6f07c07: shutdown 15137193-5371-4ef9-ba6d-6341e6f07c07@group-C5B14855D53C-LeaderElection28
2022-03-01 02:08:18,034 [15137193-5371-4ef9-ba6d-6341e6f07c07@group-C5B14855D53C-LeaderElection28] INFO  impl.RoleInfo (RoleInfo.java:updateAndGet(130)) - 15137193-5371-4ef9-ba6d-6341e6f07c07: start 15137193-5371-4ef9-ba6d-6341e6f07c07@group-C5B14855D53C-FollowerState
2022-03-01 02:08:18,424 [15137193-5371-4ef9-ba6d-6341e6f07c07@group-A898926582E2-LeaderStateImpl] WARN  server.RaftServer$Division (LeaderStateImpl.java:checkLeadership(974)) - 15137193-5371-4ef9-ba6d-6341e6f07c07@group-A898926582E2-LeaderStateImpl: Lost leadership on term: 2. Election timeout: 5200ms. In charge for: 26069ms. Conf: 0: [15137193-5371-4ef9-ba6d-6341e6f07c07|rpc:10.1.0.9:42249|dataStream:|priority:1, 780374df-c85b-440f-b2c8-8ca4ff0a1b56|rpc:10.1.0.9:36027|dataStream:|priority:0, f852d663-8551-44ff-bf98-1a071536d5f3|rpc:10.1.0.9:44261|dataStream:|priority:0], old=null
2022-03-01 02:08:18,432 [15137193-5371-4ef9-ba6d-6341e6f07c07@group-A898926582E2-LeaderStateImpl] WARN  server.RaftServer$Division (LeaderStateImpl.java:lambda$checkLeadership$15(978)) - Follower 15137193-5371-4ef9-ba6d-6341e6f07c07@group-A898926582E2->780374df-c85b-440f-b2c8-8ca4ff0a1b56(c0,m0,n1, attendVote=true, lastRpcSendTime=898, lastRpcResponseTime=8419)
2022-03-01 02:08:18,432 [15137193-5371-4ef9-ba6d-6341e6f07c07@group-A898926582E2-LeaderStateImpl] WARN  server.RaftServer$Division (LeaderStateImpl.java:lambda$checkLeadership$15(978)) - Follower 15137193-5371-4ef9-ba6d-6341e6f07c07@group-A898926582E2->f852d663-8551-44ff-bf98-1a071536d5f3(c0,m0,n1, attendVote=true, lastRpcSendTime=845, lastRpcResponseTime=8390)
2022-03-01 02:08:18,432 [15137193-5371-4ef9-ba6d-6341e6f07c07@group-A898926582E2-LeaderStateImpl] INFO  server.RaftServer$Division (RaftServerImpl.java:setRole(290)) - 15137193-5371-4ef9-ba6d-6341e6f07c07@group-A898926582E2: changes role from    LEADER to FOLLOWER at term 2 for StepDownReason:LOST_MAJORITY_HEARTBEATS
2022-03-01 02:08:18,432 [15137193-5371-4ef9-ba6d-6341e6f07c07@group-A898926582E2-LeaderStateImpl] INFO  impl.RoleInfo (RoleInfo.java:shutdownLeaderState(91)) - 15137193-5371-4ef9-ba6d-6341e6f07c07: shutdown 15137193-5371-4ef9-ba6d-6341e6f07c07@group-A898926582E2-LeaderStateImpl
2022-03-01 02:08:18,438 [15137193-5371-4ef9-ba6d-6341e6f07c07@group-A898926582E2-LeaderStateImpl] INFO  impl.PendingRequests (PendingRequests.java:sendNotLeaderResponses(282)) - 15137193-5371-4ef9-ba6d-6341e6f07c07@group-A898926582E2-PendingRequests: sendNotLeaderResponses
2022-03-01 02:08:18,439 [15137193-5371-4ef9-ba6d-6341e6f07c07@group-A898926582E2-LeaderStateImpl] INFO  impl.RoleInfo (RoleInfo.java:updateAndGet(130)) - 15137193-5371-4ef9-ba6d-6341e6f07c07: start 15137193-5371-4ef9-ba6d-6341e6f07c07@group-A898926582E2-FollowerState
2022-03-01 02:08:20,430 [Listener at 127.0.0.1/40943] INFO  ozoneimpl.OzoneContainer (OzoneContainer.java:stop(356)) - Attempting to stop container services.
2022-03-01 02:08:20,439 [Listener at 127.0.0.1/40943] INFO  server.RaftServer (RaftServerProxy.java:lambda$close$6(391)) - 15137193-5371-4ef9-ba6d-6341e6f07c07: close
2022-03-01 02:08:20,439 [Listener at 127.0.0.1/40943] INFO  server.RaftServer$Division (RaftServerImpl.java:lambda$close$4(412)) - 15137193-5371-4ef9-ba6d-6341e6f07c07@group-C5B14855D53C: shutdown
2022-03-01 02:08:20,439 [ForkJoinPool.commonPool-worker-1] INFO  server.RaftServer$Division (RaftServerImpl.java:lambda$close$4(412)) - 15137193-5371-4ef9-ba6d-6341e6f07c07@group-A898926582E2: shutdown
2022-03-01 02:08:20,439 [Listener at 127.0.0.1/40943] INFO  util.JmxRegister (JmxRegister.java:unregister(73)) - Successfully un-registered JMX Bean with object name Ratis:service=RaftServer,group=group-C5B14855D53C,id=15137193-5371-4ef9-ba6d-6341e6f07c07
2022-03-01 02:08:20,440 [Listener at 127.0.0.1/40943] INFO  impl.RoleInfo (RoleInfo.java:shutdownFollowerState(108)) - 15137193-5371-4ef9-ba6d-6341e6f07c07: shutdown 15137193-5371-4ef9-ba6d-6341e6f07c07@group-C5B14855D53C-FollowerState
2022-03-01 02:08:20,440 [Listener at 127.0.0.1/40943] INFO  impl.StateMachineUpdater (StateMachineUpdater.java:stopAndJoin(149)) - 15137193-5371-4ef9-ba6d-6341e6f07c07@group-C5B14855D53C-StateMachineUpdater: set stopIndex = 28
2022-03-01 02:08:20,439 [ForkJoinPool.commonPool-worker-1] INFO  util.JmxRegister (JmxRegister.java:unregister(73)) - Successfully un-registered JMX Bean with object name Ratis:service=RaftServer,group=group-A898926582E2,id=15137193-5371-4ef9-ba6d-6341e6f07c07
2022-03-01 02:08:20,440 [ForkJoinPool.commonPool-worker-1] INFO  impl.RoleInfo (RoleInfo.java:shutdownFollowerState(108)) - 15137193-5371-4ef9-ba6d-6341e6f07c07: shutdown 15137193-5371-4ef9-ba6d-6341e6f07c07@group-A898926582E2-FollowerState
2022-03-01 02:08:20,440 [ForkJoinPool.commonPool-worker-1] INFO  impl.StateMachineUpdater (StateMachineUpdater.java:stopAndJoin(149)) - 15137193-5371-4ef9-ba6d-6341e6f07c07@group-A898926582E2-StateMachineUpdater: set stopIndex = 0
2022-03-01 02:08:20,440 [15137193-5371-4ef9-ba6d-6341e6f07c07@group-C5B14855D53C-StateMachineUpdater] INFO  ratis.ContainerStateMachine (ContainerStateMachine.java:takeSnapshot(304)) - group-C5B14855D53C: Taking a snapshot at:(t:1, i:28) file /home/runner/work/ozone/ozone/hadoop-ozone/integration-test/target/test-dir/MiniOzoneClusterImpl-434b3942-5fee-4696-bdff-815572bb5a66/datanode-2/data/ratis/16c166a4-a356-4c43-adc8-c5b14855d53c/sm/snapshot.1_28
2022-03-01 02:08:20,440 [15137193-5371-4ef9-ba6d-6341e6f07c07@group-A898926582E2-StateMachineUpdater] INFO  ratis.ContainerStateMachine (ContainerStateMachine.java:takeSnapshot(304)) - group-A898926582E2: Taking a snapshot at:(t:2, i:0) file /home/runner/work/ozone/ozone/hadoop-ozone/integration-test/target/test-dir/MiniOzoneClusterImpl-434b3942-5fee-4696-bdff-815572bb5a66/datanode-2/data/ratis/51d4ef2b-062f-481a-8a4c-a898926582e2/sm/snapshot.2_0
2022-03-01 02:08:20,440 [15137193-5371-4ef9-ba6d-6341e6f07c07@group-A898926582E2-FollowerState] INFO  impl.FollowerState (FollowerState.java:run(143)) - 15137193-5371-4ef9-ba6d-6341e6f07c07@group-A898926582E2-FollowerState was interrupted: {}
java.lang.InterruptedException: sleep interrupted
	at java.lang.Thread.sleep(Native Method)
	at java.lang.Thread.sleep(Thread.java:342)
	at java.util.concurrent.TimeUnit.sleep(TimeUnit.java:386)
	at org.apache.ratis.util.TimeDuration.sleep(TimeDuration.java:324)
	at org.apache.ratis.util.TimeDuration.sleep(TimeDuration.java:309)
	at org.apache.ratis.server.impl.FollowerState.run(FollowerState.java:118)
2022-03-01 02:08:20,440 [15137193-5371-4ef9-ba6d-6341e6f07c07@group-C5B14855D53C-FollowerState] INFO  impl.FollowerState (FollowerState.java:run(143)) - 15137193-5371-4ef9-ba6d-6341e6f07c07@group-C5B14855D53C-FollowerState was interrupted: {}
java.lang.InterruptedException: sleep interrupted
	at java.lang.Thread.sleep(Native Method)
	at java.lang.Thread.sleep(Thread.java:342)
	at java.util.concurrent.TimeUnit.sleep(TimeUnit.java:386)
	at org.apache.ratis.util.TimeDuration.sleep(TimeDuration.java:324)
	at org.apache.ratis.util.TimeDuration.sleep(TimeDuration.java:309)
	at org.apache.ratis.server.impl.FollowerState.run(FollowerState.java:118)
2022-03-01 02:08:20,451 [15137193-5371-4ef9-ba6d-6341e6f07c07@group-A898926582E2-StateMachineUpdater] INFO  ratis.ContainerStateMachine (ContainerStateMachine.java:takeSnapshot(315)) - group-A898926582E2: Finished taking a snapshot at:(t:2, i:0) file:/home/runner/work/ozone/ozone/hadoop-ozone/integration-test/target/test-dir/MiniOzoneClusterImpl-434b3942-5fee-4696-bdff-815572bb5a66/datanode-2/data/ratis/51d4ef2b-062f-481a-8a4c-a898926582e2/sm/snapshot.2_0 took: 11 ms
2022-03-01 02:08:20,451 [15137193-5371-4ef9-ba6d-6341e6f07c07@group-A898926582E2-StateMachineUpdater] INFO  impl.StateMachineUpdater (StateMachineUpdater.java:takeSnapshot(281)) - 15137193-5371-4ef9-ba6d-6341e6f07c07@group-A898926582E2-StateMachineUpdater: Took a snapshot at index 0
2022-03-01 02:08:20,452 [15137193-5371-4ef9-ba6d-6341e6f07c07@group-A898926582E2-StateMachineUpdater] INFO  impl.StateMachineUpdater (StateMachineUpdater.java:lambda$new$0(89)) - 15137193-5371-4ef9-ba6d-6341e6f07c07@group-A898926582E2-StateMachineUpdater: snapshotIndex: updateIncreasingly -1 -> 0
2022-03-01 02:08:20,452 [ForkJoinPool.commonPool-worker-1] INFO  server.RaftServer$Division (ServerState.java:close(419)) - 15137193-5371-4ef9-ba6d-6341e6f07c07@group-A898926582E2: closes. applyIndex: 0
2022-03-01 02:08:20,452 [15137193-5371-4ef9-ba6d-6341e6f07c07@group-A898926582E2-SegmentedRaftLogWorker] INFO  segmented.SegmentedRaftLogWorker (SegmentedRaftLogWorker.java:run(327)) - 15137193-5371-4ef9-ba6d-6341e6f07c07@group-A898926582E2-SegmentedRaftLogWorker was interrupted, exiting. There are 0 tasks remaining in the queue.
2022-03-01 02:08:20,453 [15137193-5371-4ef9-ba6d-6341e6f07c07@group-C5B14855D53C-StateMachineUpdater] INFO  ratis.ContainerStateMachine (ContainerStateMachine.java:takeSnapshot(315)) - group-C5B14855D53C: Finished taking a snapshot at:(t:1, i:28) file:/home/runner/work/ozone/ozone/hadoop-ozone/integration-test/target/test-dir/MiniOzoneClusterImpl-434b3942-5fee-4696-bdff-815572bb5a66/datanode-2/data/ratis/16c166a4-a356-4c43-adc8-c5b14855d53c/sm/snapshot.1_28 took: 13 ms
2022-03-01 02:08:20,453 [ForkJoinPool.commonPool-worker-1] INFO  segmented.SegmentedRaftLogWorker (SegmentedRaftLogWorker.java:close(237)) - 15137193-5371-4ef9-ba6d-6341e6f07c07@group-A898926582E2-SegmentedRaftLogWorker close()
2022-03-01 02:08:20,465 [15137193-5371-4ef9-ba6d-6341e6f07c07@group-C5B14855D53C-StateMachineUpdater] INFO  impl.StateMachineUpdater (StateMachineUpdater.java:takeSnapshot(281)) - 15137193-5371-4ef9-ba6d-6341e6f07c07@group-C5B14855D53C-StateMachineUpdater: Took a snapshot at index 28
2022-03-01 02:08:20,466 [15137193-5371-4ef9-ba6d-6341e6f07c07@group-C5B14855D53C-StateMachineUpdater] INFO  impl.StateMachineUpdater (StateMachineUpdater.java:lambda$new$0(89)) - 15137193-5371-4ef9-ba6d-6341e6f07c07@group-C5B14855D53C-StateMachineUpdater: snapshotIndex: updateIncreasingly -1 -> 28
2022-03-01 02:08:20,466 [Listener at 127.0.0.1/40943] INFO  server.RaftServer$Division (ServerState.java:close(419)) - 15137193-5371-4ef9-ba6d-6341e6f07c07@group-C5B14855D53C: closes. applyIndex: 28
2022-03-01 02:08:20,467 [15137193-5371-4ef9-ba6d-6341e6f07c07@group-C5B14855D53C-SegmentedRaftLogWorker] INFO  segmented.SegmentedRaftLogWorker (SegmentedRaftLogWorker.java:run(327)) - 15137193-5371-4ef9-ba6d-6341e6f07c07@group-C5B14855D53C-SegmentedRaftLogWorker was interrupted, exiting. There are 0 tasks remaining in the queue.
2022-03-01 02:08:20,468 [Listener at 127.0.0.1/40943] INFO  segmented.SegmentedRaftLogWorker (SegmentedRaftLogWorker.java:close(237)) - 15137193-5371-4ef9-ba6d-6341e6f07c07@group-C5B14855D53C-SegmentedRaftLogWorker close()
2022-03-01 02:08:20,468 [Listener at 127.0.0.1/40943] INFO  server.RaftServer$Division (RaftServerImpl.java:lambda$close$4(412)) - 15137193-5371-4ef9-ba6d-6341e6f07c07@group-7238360F1248: shutdown
2022-03-01 02:08:20,469 [Listener at 127.0.0.1/40943] INFO  util.JmxRegister (JmxRegister.java:unregister(73)) - Successfully un-registered JMX Bean with object name Ratis:service=RaftServer,group=group-7238360F1248,id=15137193-5371-4ef9-ba6d-6341e6f07c07
2022-03-01 02:08:20,469 [Listener at 127.0.0.1/40943] INFO  impl.RoleInfo (RoleInfo.java:shutdownLeaderState(91)) - 15137193-5371-4ef9-ba6d-6341e6f07c07: shutdown 15137193-5371-4ef9-ba6d-6341e6f07c07@group-7238360F1248-LeaderStateImpl
2022-03-01 02:08:20,469 [Listener at 127.0.0.1/40943] INFO  impl.PendingRequests (PendingRequests.java:sendNotLeaderResponses(282)) - 15137193-5371-4ef9-ba6d-6341e6f07c07@group-7238360F1248-PendingRequests: sendNotLeaderResponses
2022-03-01 02:08:20,470 [Listener at 127.0.0.1/40943] INFO  impl.StateMachineUpdater (StateMachineUpdater.java:stopAndJoin(149)) - 15137193-5371-4ef9-ba6d-6341e6f07c07@group-7238360F1248-StateMachineUpdater: set stopIndex = 0
2022-03-01 02:08:20,470 [15137193-5371-4ef9-ba6d-6341e6f07c07@group-7238360F1248-StateMachineUpdater] INFO  ratis.ContainerStateMachine (ContainerStateMachine.java:takeSnapshot(304)) - group-7238360F1248: Taking a snapshot at:(t:1, i:0) file /home/runner/work/ozone/ozone/hadoop-ozone/integration-test/target/test-dir/MiniOzoneClusterImpl-434b3942-5fee-4696-bdff-815572bb5a66/datanode-2/data/ratis/b7fe91c3-5757-47ff-8a09-7238360f1248/sm/snapshot.1_0
2022-03-01 02:08:20,471 [15137193-5371-4ef9-ba6d-6341e6f07c07@group-7238360F1248-StateMachineUpdater] INFO  ratis.ContainerStateMachine (ContainerStateMachine.java:takeSnapshot(315)) - group-7238360F1248: Finished taking a snapshot at:(t:1, i:0) file:/home/runner/work/ozone/ozone/hadoop-ozone/integration-test/target/test-dir/MiniOzoneClusterImpl-434b3942-5fee-4696-bdff-815572bb5a66/datanode-2/data/ratis/b7fe91c3-5757-47ff-8a09-7238360f1248/sm/snapshot.1_0 took: 1 ms
2022-03-01 02:08:20,471 [15137193-5371-4ef9-ba6d-6341e6f07c07@group-7238360F1248-StateMachineUpdater] INFO  impl.StateMachineUpdater (StateMachineUpdater.java:takeSnapshot(281)) - 15137193-5371-4ef9-ba6d-6341e6f07c07@group-7238360F1248-StateMachineUpdater: Took a snapshot at index 0
2022-03-01 02:08:20,471 [15137193-5371-4ef9-ba6d-6341e6f07c07@group-7238360F1248-StateMachineUpdater] INFO  impl.StateMachineUpdater (StateMachineUpdater.java:lambda$new$0(89)) - 15137193-5371-4ef9-ba6d-6341e6f07c07@group-7238360F1248-StateMachineUpdater: snapshotIndex: updateIncreasingly -1 -> 0
2022-03-01 02:08:20,475 [Listener at 127.0.0.1/40943] INFO  server.RaftServer$Division (ServerState.java:close(419)) - 15137193-5371-4ef9-ba6d-6341e6f07c07@group-7238360F1248: closes. applyIndex: 0
2022-03-01 02:08:20,476 [15137193-5371-4ef9-ba6d-6341e6f07c07@group-7238360F1248-SegmentedRaftLogWorker] INFO  segmented.SegmentedRaftLogWorker (SegmentedRaftLogWorker.java:run(327)) - 15137193-5371-4ef9-ba6d-6341e6f07c07@group-7238360F1248-SegmentedRaftLogWorker was interrupted, exiting. There are 0 tasks remaining in the queue.
2022-03-01 02:08:20,476 [Listener at 127.0.0.1/40943] INFO  segmented.SegmentedRaftLogWorker (SegmentedRaftLogWorker.java:close(237)) - 15137193-5371-4ef9-ba6d-6341e6f07c07@group-7238360F1248-SegmentedRaftLogWorker close()
2022-03-01 02:08:20,476 [Listener at 127.0.0.1/40943] INFO  server.GrpcService (GrpcService.java:closeImpl(262)) - 15137193-5371-4ef9-ba6d-6341e6f07c07: shutdown server with port 42249 now
2022-03-01 02:08:20,493 [Listener at 127.0.0.1/40943] INFO  server.GrpcService (GrpcService.java:closeImpl(271)) - 15137193-5371-4ef9-ba6d-6341e6f07c07: shutdown server with port 42249 successfully
2022-03-01 02:08:20,494 [org.apache.ratis.util.JvmPauseMonitor$$Lambda$421/1299661385@d3d0664] INFO  util.JvmPauseMonitor (JvmPauseMonitor.java:run(109)) - JvmPauseMonitor-15137193-5371-4ef9-ba6d-6341e6f07c07: Stopped
2022-03-01 02:08:22,524 [Listener at 127.0.0.1/40943] INFO  utils.BackgroundService (BackgroundService.java:shutdown(132)) - Shutting down service BlockDeletingService
2022-03-01 02:08:25,559 [Listener at 127.0.0.1/40943] INFO  statemachine.DatanodeStateMachine (DatanodeStateMachine.java:stopDaemon(529)) - Ozone container server stopped.
2022-03-01 02:08:25,560 [Listener at 127.0.0.1/40943] INFO  handler.ContextHandler (ContextHandler.java:doStop(1153)) - Stopped o.e.j.w.WebAppContext@e3ded9{hddsDatanode,/,null,STOPPED}{jar:file:/home/runner/.m2/repository/org/apache/ozone/hdds-container-service/1.3.0-SNAPSHOT/hdds-container-service-1.3.0-SNAPSHOT.jar!/webapps/hddsDatanode}
2022-03-01 02:08:25,561 [Listener at 127.0.0.1/40943] INFO  server.AbstractConnector (AbstractConnector.java:doStop(381)) - Stopped ServerConnector@68082dee{HTTP/1.1, (http/1.1)}{0.0.0.0:0}
2022-03-01 02:08:25,561 [Listener at 127.0.0.1/40943] INFO  server.session (HouseKeeper.java:stopScavenging(149)) - node0 Stopped scavenging
2022-03-01 02:08:25,562 [Listener at 127.0.0.1/40943] INFO  handler.ContextHandler (ContextHandler.java:doStop(1153)) - Stopped o.e.j.s.ServletContextHandler@2eba393{static,/static,jar:file:/home/runner/.m2/repository/org/apache/ozone/hdds-container-service/1.3.0-SNAPSHOT/hdds-container-service-1.3.0-SNAPSHOT.jar!/webapps/static,STOPPED}
2022-03-01 02:08:25,563 [Listener at 127.0.0.1/40943] INFO  handler.ContextHandler (ContextHandler.java:doStop(1153)) - Stopped o.e.j.s.ServletContextHandler@72225e34{logs,/logs,file:///home/runner/work/ozone/ozone/hadoop-ozone/integration-test/target/log,STOPPED}
2022-03-01 02:08:25,565 [Listener at 127.0.0.1/40943] INFO  ozone.MiniOzoneClusterImpl (MiniOzoneClusterImpl.java:stopSCM(538)) - Stopping the StorageContainerManager
2022-03-01 02:08:25,565 [Listener at 127.0.0.1/40943] INFO  server.StorageContainerManager (StorageContainerManager.java:stop(1417)) - Stopping Container Balancer service.
2022-03-01 02:08:25,565 [Listener at 127.0.0.1/40943] INFO  balancer.ContainerBalancer (ContainerBalancer.java:stop(751)) - Container Balancer is not running.
2022-03-01 02:08:25,565 [Listener at 127.0.0.1/40943] INFO  server.StorageContainerManager (StorageContainerManager.java:stop(1424)) - Stopping Replication Manager Service.
2022-03-01 02:08:25,565 [Listener at 127.0.0.1/40943] INFO  container.ReplicationManager (ReplicationManager.java:stop(357)) - Stopping Replication Monitor Thread.
2022-03-01 02:08:25,565 [Listener at 127.0.0.1/40943] INFO  server.StorageContainerManager (StorageContainerManager.java:stop(1431)) - Stopping the Datanode Admin Monitor.
2022-03-01 02:08:25,566 [Listener at 127.0.0.1/40943] INFO  server.StorageContainerManager (StorageContainerManager.java:stop(1438)) - Stopping Lease Manager of the command watchers
2022-03-01 02:08:25,566 [Listener at 127.0.0.1/40943] INFO  server.StorageContainerManager (StorageContainerManager.java:stop(1445)) - Stopping datanode service RPC server
2022-03-01 02:08:25,566 [Listener at 127.0.0.1/40943] INFO  server.SCMDatanodeProtocolServer (SCMDatanodeProtocolServer.java:stop(391)) - Stopping the RPC server for DataNodes
2022-03-01 02:08:25,566 [Listener at 127.0.0.1/40943] INFO  ipc.Server (Server.java:stop(3414)) - Stopping server on 42827
2022-03-01 02:08:25,572 [IPC Server listener on 0] INFO  ipc.Server (Server.java:run(1376)) - Stopping IPC Server listener on 0
2022-03-01 02:08:25,579 [IPC Server Responder] INFO  ipc.Server (Server.java:run(1512)) - Stopping IPC Server Responder
2022-03-01 02:08:25,610 [SCM Heartbeat Processing Thread - 0] WARN  node.NodeStateManager (NodeStateManager.java:scheduleNextHealthCheck(815)) - Current Thread is interrupted, shutting down HB processing thread for Node Manager.
2022-03-01 02:08:25,611 [Listener at 127.0.0.1/40943] INFO  server.StorageContainerManager (StorageContainerManager.java:stop(1453)) - Stopping block service RPC server
2022-03-01 02:08:25,611 [Listener at 127.0.0.1/40943] INFO  server.SCMBlockProtocolServer (SCMBlockProtocolServer.java:stop(160)) - Stopping the RPC server for Block Protocol
2022-03-01 02:08:25,611 [Listener at 127.0.0.1/40943] INFO  ipc.Server (Server.java:stop(3414)) - Stopping server on 35757
2022-03-01 02:08:25,620 [IPC Server listener on 0] INFO  ipc.Server (Server.java:run(1376)) - Stopping IPC Server listener on 0
2022-03-01 02:08:25,620 [Listener at 127.0.0.1/40943] INFO  server.StorageContainerManager (StorageContainerManager.java:stop(1460)) - Stopping the StorageContainerLocationProtocol RPC server
2022-03-01 02:08:25,620 [Listener at 127.0.0.1/40943] INFO  server.SCMClientProtocolServer (SCMClientProtocolServer.java:stop(174)) - Stopping the RPC server for Client Protocol
2022-03-01 02:08:25,620 [Listener at 127.0.0.1/40943] INFO  ipc.Server (Server.java:stop(3414)) - Stopping server on 38703
2022-03-01 02:08:25,620 [IPC Server Responder] INFO  ipc.Server (Server.java:run(1512)) - Stopping IPC Server Responder
2022-03-01 02:08:25,623 [IPC Server Responder] INFO  ipc.Server (Server.java:run(1512)) - Stopping IPC Server Responder
2022-03-01 02:08:25,623 [Listener at 127.0.0.1/40943] INFO  server.StorageContainerManager (StorageContainerManager.java:stop(1467)) - Stopping Storage Container Manager HTTP server.
2022-03-01 02:08:25,624 [Listener at 127.0.0.1/40943] INFO  handler.ContextHandler (ContextHandler.java:doStop(1153)) - Stopped o.e.j.w.WebAppContext@4b6af917{scm,/,null,STOPPED}{file:/home/runner/work/ozone/ozone/hadoop-ozone/integration-test/target/test-classes/webapps/scm}
2022-03-01 02:08:25,625 [IPC Server listener on 0] INFO  ipc.Server (Server.java:run(1376)) - Stopping IPC Server listener on 0
2022-03-01 02:08:25,638 [Listener at 127.0.0.1/40943] INFO  server.AbstractConnector (AbstractConnector.java:doStop(381)) - Stopped ServerConnector@13cea3d9{HTTP/1.1, (http/1.1)}{0.0.0.0:0}
2022-03-01 02:08:25,638 [Listener at 127.0.0.1/40943] INFO  server.session (HouseKeeper.java:stopScavenging(149)) - node0 Stopped scavenging
2022-03-01 02:08:25,639 [Listener at 127.0.0.1/40943] INFO  handler.ContextHandler (ContextHandler.java:doStop(1153)) - Stopped o.e.j.s.ServletContextHandler@6ed36c43{static,/static,file:///home/runner/work/ozone/ozone/hadoop-ozone/integration-test/target/test-classes/webapps/static,STOPPED}
2022-03-01 02:08:25,639 [Listener at 127.0.0.1/40943] INFO  handler.ContextHandler (ContextHandler.java:doStop(1153)) - Stopped o.e.j.s.ServletContextHandler@5bb060b1{logs,/logs,file:///home/runner/work/ozone/ozone/hadoop-ozone/integration-test/target/log,STOPPED}
2022-03-01 02:08:25,647 [Listener at 127.0.0.1/40943] INFO  server.StorageContainerManager (StorageContainerManager.java:stop(1478)) - Stopping Block Manager Service.
2022-03-01 02:08:25,647 [Listener at 127.0.0.1/40943] INFO  utils.BackgroundService (BackgroundService.java:shutdown(132)) - Shutting down service SCMBlockDeletingService
2022-03-01 02:08:25,649 [Listener at 127.0.0.1/40943] INFO  utils.BackgroundService (BackgroundService.java:shutdown(132)) - Shutting down service SCMBlockDeletingService
2022-03-01 02:08:25,649 [Listener at 127.0.0.1/40943] INFO  server.StorageContainerManager (StorageContainerManager.java:stop(1505)) - Stopping SCM Event Queue.
2022-03-01 02:08:25,651 [Listener at 127.0.0.1/40943] INFO  server.StorageContainerManager (StorageContainerManager.java:stop(1516)) - Stopping SCM HA services.
2022-03-01 02:08:25,651 [Listener at 127.0.0.1/40943] INFO  ha.SCMRatisServerImpl (SCMRatisServerImpl.java:stop(236)) - stopping ratis server 0.0.0.0:9894
2022-03-01 02:08:25,651 [Listener at 127.0.0.1/40943] INFO  server.RaftServer (RaftServerProxy.java:lambda$close$6(391)) - 09878d1a-377f-423d-a37c-738af89666e1: close
2022-03-01 02:08:25,652 [Listener at 127.0.0.1/40943] INFO  server.RaftServer$Division (RaftServerImpl.java:lambda$close$4(412)) - 09878d1a-377f-423d-a37c-738af89666e1@group-815572BB5A66: shutdown
2022-03-01 02:08:25,653 [Listener at 127.0.0.1/40943] INFO  util.JmxRegister (JmxRegister.java:unregister(73)) - Successfully un-registered JMX Bean with object name Ratis:service=RaftServer,group=group-815572BB5A66,id=09878d1a-377f-423d-a37c-738af89666e1
2022-03-01 02:08:25,654 [Listener at 127.0.0.1/40943] INFO  impl.RoleInfo (RoleInfo.java:shutdownLeaderState(91)) - 09878d1a-377f-423d-a37c-738af89666e1: shutdown 09878d1a-377f-423d-a37c-738af89666e1@group-815572BB5A66-LeaderStateImpl
2022-03-01 02:08:25,654 [Listener at 127.0.0.1/40943] INFO  impl.PendingRequests (PendingRequests.java:sendNotLeaderResponses(282)) - 09878d1a-377f-423d-a37c-738af89666e1@group-815572BB5A66-PendingRequests: sendNotLeaderResponses
2022-03-01 02:08:25,654 [Listener at 127.0.0.1/40943] INFO  ha.SCMStateMachine (SCMStateMachine.java:notifyNotLeader(190)) - current leader SCM steps down.
2022-03-01 02:08:25,654 [Listener at 127.0.0.1/40943] INFO  ha.SCMContext (SCMContext.java:updateLeaderAndTerm(90)) - update <isLeader,term> from <true,2> to <false,0>
2022-03-01 02:08:25,654 [Listener at 127.0.0.1/40943] INFO  ha.SCMContext (SCMContext.java:updateLeaderAndTerm(97)) - update <isLeaderReady> from <false> to <false>
2022-03-01 02:08:25,655 [09878d1a-377f-423d-a37c-738af89666e1@group-815572BB5A66-StateMachineUpdater] INFO  ha.SCMStateMachine (SCMStateMachine.java:takeSnapshot(297)) - Current Snapshot Index 32, takeSnapshot took 0 ms
2022-03-01 02:08:25,655 [09878d1a-377f-423d-a37c-738af89666e1@group-815572BB5A66-StateMachineUpdater] INFO  impl.StateMachineUpdater (StateMachineUpdater.java:takeSnapshot(281)) - 09878d1a-377f-423d-a37c-738af89666e1@group-815572BB5A66-StateMachineUpdater: Took a snapshot at index 32
2022-03-01 02:08:25,655 [09878d1a-377f-423d-a37c-738af89666e1@group-815572BB5A66-StateMachineUpdater] INFO  impl.StateMachineUpdater (StateMachineUpdater.java:lambda$new$0(89)) - 09878d1a-377f-423d-a37c-738af89666e1@group-815572BB5A66-StateMachineUpdater: snapshotIndex: updateIncreasingly -1 -> 32
2022-03-01 02:08:25,656 [Listener at 127.0.0.1/40943] INFO  impl.StateMachineUpdater (StateMachineUpdater.java:stopAndJoin(149)) - 09878d1a-377f-423d-a37c-738af89666e1@group-815572BB5A66-StateMachineUpdater: set stopIndex = 32
2022-03-01 02:08:25,656 [Listener at 127.0.0.1/40943] INFO  server.RaftServer$Division (ServerState.java:close(419)) - 09878d1a-377f-423d-a37c-738af89666e1@group-815572BB5A66: closes. applyIndex: 32
2022-03-01 02:08:25,656 [09878d1a-377f-423d-a37c-738af89666e1@group-815572BB5A66-SegmentedRaftLogWorker] INFO  segmented.SegmentedRaftLogWorker (SegmentedRaftLogWorker.java:run(327)) - 09878d1a-377f-423d-a37c-738af89666e1@group-815572BB5A66-SegmentedRaftLogWorker was interrupted, exiting. There are 0 tasks remaining in the queue.
2022-03-01 02:08:25,657 [Listener at 127.0.0.1/40943] INFO  segmented.SegmentedRaftLogWorker (SegmentedRaftLogWorker.java:close(237)) - 09878d1a-377f-423d-a37c-738af89666e1@group-815572BB5A66-SegmentedRaftLogWorker close()
2022-03-01 02:08:25,658 [Listener at 127.0.0.1/40943] INFO  server.GrpcService (GrpcService.java:closeImpl(262)) - 09878d1a-377f-423d-a37c-738af89666e1: shutdown server with port 9894 now
2022-03-01 02:08:25,659 [Listener at 127.0.0.1/40943] INFO  server.GrpcService (GrpcService.java:closeImpl(271)) - 09878d1a-377f-423d-a37c-738af89666e1: shutdown server with port 9894 successfully
2022-03-01 02:08:25,659 [org.apache.ratis.util.JvmPauseMonitor$$Lambda$421/1299661385@afe95ab] INFO  util.JvmPauseMonitor (JvmPauseMonitor.java:run(109)) - JvmPauseMonitor-09878d1a-377f-423d-a37c-738af89666e1: Stopped
2022-03-01 02:08:25,662 [Listener at 127.0.0.1/40943] INFO  pipeline.BackgroundPipelineCreator (BackgroundPipelineCreator.java:stop(158)) - Stopping RatisPipelineUtilsThread.
2022-03-01 02:08:25,668 [Listener at 127.0.0.1/40943] INFO  server.StorageContainerManager (StorageContainerManager.java:stop(1526)) - Stopping SCM MetadataStore.
2022-03-01 02:08:25,669 [Listener at 127.0.0.1/40943] INFO  impl.MetricsSystemImpl (MetricsSystemImpl.java:stop(210)) - Stopping HddsDatanode metrics system...
2022-03-01 02:08:25,685 [prometheus] INFO  impl.MetricsSinkAdapter (MetricsSinkAdapter.java:publishMetricsFromQueue(141)) - prometheus thread interrupted.
2022-03-01 02:08:25,686 [Listener at 127.0.0.1/40943] INFO  impl.MetricsSystemImpl (MetricsSystemImpl.java:stop(216)) - HddsDatanode metrics system stopped.
2022-03-01 02:08:25,857 [Listener at 127.0.0.1/40943] WARN  server.ServerUtils (ServerUtils.java:getScmDbDir(148)) - ozone.scm.db.dirs is not configured. We recommend adding this setting. Falling back to ozone.metadata.dirs instead.
2022-03-01 02:08:25,883 [Listener at 127.0.0.1/40943] INFO  ha.SCMHANodeDetails (SCMHANodeDetails.java:loadSCMHAConfig(157)) - ServiceID for StorageContainerManager is null
2022-03-01 02:08:25,883 [Listener at 127.0.0.1/40943] INFO  ha.SCMHANodeDetails (SCMHANodeDetails.java:loadSCMHAConfig(162)) - ozone.scm.default.service.id is not defined, falling back to ozone.scm.service.ids to find serviceID for StorageContainerManager if it is HA enabled cluster
2022-03-01 02:08:25,884 [Listener at 127.0.0.1/40943] INFO  server.RaftServer (ConfUtils.java:logGet(44)) - raft.rpc.type = GRPC (default)
2022-03-01 02:08:25,884 [Listener at 127.0.0.1/40943] INFO  grpc.GrpcFactory (GrpcFactory.java:checkPooledByteBufAllocatorUseCacheForAllThreads(48)) - PERFORMANCE WARNING: useCacheForAllThreads is true that may cause Netty to create a lot garbage objects and, as a result, trigger GC.
	It is recommended to disable useCacheForAllThreads by setting -Dorg.apache.ratis.thirdparty.io.netty.allocator.useCacheForAllThreads=false in command line.
2022-03-01 02:08:25,884 [Listener at 127.0.0.1/40943] INFO  grpc.GrpcConfigKeys (ConfUtils.java:logGet(44)) - raft.grpc.admin.port = -1 (default)
2022-03-01 02:08:25,884 [Listener at 127.0.0.1/40943] INFO  grpc.GrpcConfigKeys (ConfUtils.java:logGet(44)) - raft.grpc.server.port = 9894 (custom)
2022-03-01 02:08:25,884 [Listener at 127.0.0.1/40943] INFO  grpc.GrpcConfigKeys (ConfUtils.java:logGet(44)) - raft.grpc.client.port = -1 (default)
2022-03-01 02:08:25,885 [Listener at 127.0.0.1/40943] INFO  grpc.GrpcConfigKeys (ConfUtils.java:logGet(44)) - raft.grpc.server.port = 9894 (custom)
2022-03-01 02:08:25,885 [Listener at 127.0.0.1/40943] INFO  grpc.GrpcConfigKeys (ConfUtils.java:logGet(44)) - raft.grpc.server.port = 9894 (custom)
2022-03-01 02:08:25,886 [Listener at 127.0.0.1/40943] INFO  server.GrpcService (ConfUtils.java:logGet(44)) - raft.grpc.message.size.max = 32m (=33554432) (custom)
2022-03-01 02:08:25,886 [Listener at 127.0.0.1/40943] INFO  server.RaftServerConfigKeys (ConfUtils.java:logGet(44)) - raft.server.log.appender.buffer.byte-limit = 33554432 (custom)
2022-03-01 02:08:25,886 [Listener at 127.0.0.1/40943] INFO  server.GrpcService (ConfUtils.java:logGet(44)) - raft.grpc.flow.control.window = 1MB (=1048576) (default)
2022-03-01 02:08:25,887 [Listener at 127.0.0.1/40943] INFO  server.RaftServerConfigKeys (ConfUtils.java:logGet(44)) - raft.server.rpc.request.timeout = 30000ms (custom)
2022-03-01 02:08:25,888 [Listener at 127.0.0.1/40943] INFO  impl.DataStreamServerImpl (ConfUtils.java:logGet(44)) - raft.datastream.type = DISABLED (default)
2022-03-01 02:08:25,891 [Listener at 127.0.0.1/40943] INFO  server.RaftServerConfigKeys (ConfUtils.java:logGet(44)) - raft.server.rpc.slowness.timeout = 120000ms (custom)
2022-03-01 02:08:25,891 [Listener at 127.0.0.1/40943] INFO  server.RaftServerConfigKeys (ConfUtils.java:logGet(44)) - raft.server.leaderelection.leader.step-down.wait-time = 10s (default)
2022-03-01 02:08:25,891 [Listener at 127.0.0.1/40943] INFO  server.RaftServerConfigKeys (ConfUtils.java:logGet(44)) - raft.server.storage.dir = [/home/runner/work/ozone/ozone/hadoop-ozone/integration-test/target/test-dir/MiniOzoneClusterImpl-4a905738-de8a-4f79-b951-dc63c6cec1e7/ozone-meta/scm-ha] (custom)
2022-03-01 02:08:25,903 [Listener at 127.0.0.1/40943] INFO  server.RaftServer (RaftServerProxy.java:addNew(95)) - 58423f7c-2297-4434-9210-7e927eefd95c: addNew group-DC63C6CEC1E7:[58423f7c-2297-4434-9210-7e927eefd95c|rpc:fv-az294-952:9894|priority:0] returns group-DC63C6CEC1E7:java.util.concurrent.CompletableFuture@d4f9a45[Not completed]
2022-03-01 02:08:25,904 [pool-319-thread-1] INFO  server.RaftServer$Division (RaftServerImpl.java:<init>(184)) - 58423f7c-2297-4434-9210-7e927eefd95c: new RaftServerImpl for group-DC63C6CEC1E7:[58423f7c-2297-4434-9210-7e927eefd95c|rpc:fv-az294-952:9894|priority:0] with SCMStateMachine:uninitialized
2022-03-01 02:08:25,908 [pool-319-thread-1] INFO  server.RaftServerConfigKeys (ConfUtils.java:logGet(44)) - raft.server.rpc.timeout.min = 5000ms (custom)
2022-03-01 02:08:25,908 [pool-319-thread-1] INFO  server.RaftServerConfigKeys (ConfUtils.java:logGet(44)) - raft.server.rpc.timeout.max = 5200ms (custom)
2022-03-01 02:08:25,908 [pool-319-thread-1] INFO  server.RaftServerConfigKeys (ConfUtils.java:logGet(44)) - raft.server.rpc.sleep.time = 25ms (default)
2022-03-01 02:08:25,908 [pool-319-thread-1] INFO  server.RaftServerConfigKeys (ConfUtils.java:logGet(44)) - raft.server.rpc.slowness.timeout = 120000ms (custom)
2022-03-01 02:08:25,908 [pool-319-thread-1] INFO  server.RaftServerConfigKeys (ConfUtils.java:logGet(44)) - raft.server.leaderelection.leader.step-down.wait-time = 10s (default)
2022-03-01 02:08:25,908 [pool-319-thread-1] INFO  server.RaftServerConfigKeys (ConfUtils.java:logGet(44)) - raft.server.sleep.deviation.threshold = 300ms (default)
2022-03-01 02:08:25,908 [pool-319-thread-1] INFO  server.RaftServerConfigKeys (ConfUtils.java:logGet(44)) - raft.server.log.appender.install.snapshot.enabled = false (custom)
2022-03-01 02:08:25,908 [pool-319-thread-1] INFO  server.RaftServer$Division (ServerState.java:<init>(105)) - 58423f7c-2297-4434-9210-7e927eefd95c@group-DC63C6CEC1E7: ConfigurationManager, init=-1: [58423f7c-2297-4434-9210-7e927eefd95c|rpc:fv-az294-952:9894|priority:0], old=null, confs=<EMPTY_MAP>
2022-03-01 02:08:25,908 [pool-319-thread-1] INFO  server.RaftServerConfigKeys (ConfUtils.java:logGet(44)) - raft.server.storage.dir = [/home/runner/work/ozone/ozone/hadoop-ozone/integration-test/target/test-dir/MiniOzoneClusterImpl-4a905738-de8a-4f79-b951-dc63c6cec1e7/ozone-meta/scm-ha] (custom)
2022-03-01 02:08:25,908 [pool-319-thread-1] INFO  server.RaftServerConfigKeys (ConfUtils.java:logGet(44)) - raft.server.log.corruption.policy = EXCEPTION (default)
2022-03-01 02:08:25,908 [pool-319-thread-1] INFO  server.RaftServerConfigKeys (ConfUtils.java:logGet(44)) - raft.server.storage.free-space.min = 0MB (=0) (default)
2022-03-01 02:08:25,909 [pool-319-thread-1] INFO  storage.RaftStorageDirectory (RaftStorageDirectoryImpl.java:analyzeStorage(135)) - The storage directory /home/runner/work/ozone/ozone/hadoop-ozone/integration-test/target/test-dir/MiniOzoneClusterImpl-4a905738-de8a-4f79-b951-dc63c6cec1e7/ozone-meta/scm-ha/4a905738-de8a-4f79-b951-dc63c6cec1e7 does not exist. Creating ...
2022-03-01 02:08:25,927 [pool-319-thread-1] INFO  storage.RaftStorageDirectory (RaftStorageDirectoryImpl.java:tryLock(230)) - Lock on /home/runner/work/ozone/ozone/hadoop-ozone/integration-test/target/test-dir/MiniOzoneClusterImpl-4a905738-de8a-4f79-b951-dc63c6cec1e7/ozone-meta/scm-ha/4a905738-de8a-4f79-b951-dc63c6cec1e7/in_use.lock acquired by nodename 9245@fv-az294-952
2022-03-01 02:08:25,929 [pool-319-thread-1] INFO  storage.RaftStorage (RaftStorageImpl.java:format(89)) - Storage directory /home/runner/work/ozone/ozone/hadoop-ozone/integration-test/target/test-dir/MiniOzoneClusterImpl-4a905738-de8a-4f79-b951-dc63c6cec1e7/ozone-meta/scm-ha/4a905738-de8a-4f79-b951-dc63c6cec1e7 has been successfully formatted.
2022-03-01 02:08:25,929 [pool-319-thread-1] INFO  server.RaftServerConfigKeys (ConfUtils.java:logGet(44)) - raft.server.notification.no-leader.timeout = 60s (default)
2022-03-01 02:08:25,929 [pool-319-thread-1] INFO  server.RaftServerConfigKeys (ConfUtils.java:logGet(44)) - raft.server.log.use.memory = false (default)
2022-03-01 02:08:25,935 [pool-319-thread-1] INFO  server.RaftServerConfigKeys (ConfUtils.java:logGet(44)) - raft.server.log.purge.gap = 1000000 (custom)
2022-03-01 02:08:25,935 [pool-319-thread-1] INFO  server.RaftServerConfigKeys (ConfUtils.java:logGet(44)) - raft.server.log.appender.buffer.byte-limit = 33554432 (custom)
2022-03-01 02:08:25,936 [pool-319-thread-1] INFO  server.RaftServerConfigKeys (ConfUtils.java:logGet(44)) - raft.server.log.segment.size.max = 4194304 (custom)
2022-03-01 02:08:25,936 [pool-319-thread-1] INFO  server.RaftServerConfigKeys (ConfUtils.java:logGet(44)) - raft.server.log.segment.cache.num.max = 2 (custom)
2022-03-01 02:08:25,943 [pool-319-thread-1] INFO  server.RaftServerConfigKeys (ConfUtils.java:logGet(44)) - raft.server.log.segment.cache.size.max = 200MB (=209715200) (default)
2022-03-01 02:08:25,943 [pool-319-thread-1] INFO  segmented.SegmentedRaftLogWorker (SegmentedRaftLogWorker.java:<init>(182)) - new 58423f7c-2297-4434-9210-7e927eefd95c@group-DC63C6CEC1E7-SegmentedRaftLogWorker for RaftStorageImpl:Storage Directory /home/runner/work/ozone/ozone/hadoop-ozone/integration-test/target/test-dir/MiniOzoneClusterImpl-4a905738-de8a-4f79-b951-dc63c6cec1e7/ozone-meta/scm-ha/4a905738-de8a-4f79-b951-dc63c6cec1e7
2022-03-01 02:08:25,943 [pool-319-thread-1] INFO  server.RaftServerConfigKeys (ConfUtils.java:logGet(44)) - raft.server.log.queue.byte-limit = 64MB (=67108864) (default)
2022-03-01 02:08:25,943 [pool-319-thread-1] INFO  server.RaftServerConfigKeys (ConfUtils.java:logGet(44)) - raft.server.log.queue.element-limit = 4096 (default)
2022-03-01 02:08:25,943 [pool-319-thread-1] INFO  server.RaftServerConfigKeys (ConfUtils.java:logGet(44)) - raft.server.log.segment.size.max = 4194304 (custom)
2022-03-01 02:08:25,943 [pool-319-thread-1] INFO  server.RaftServerConfigKeys (ConfUtils.java:logGet(44)) - raft.server.log.preallocated.size = 4194304 (custom)
2022-03-01 02:08:25,943 [pool-319-thread-1] INFO  server.RaftServerConfigKeys (ConfUtils.java:logGet(44)) - raft.server.log.force.sync.num = 128 (default)
2022-03-01 02:08:25,943 [pool-319-thread-1] INFO  server.RaftServerConfigKeys (ConfUtils.java:logGet(44)) - raft.server.log.statemachine.data.sync = true (default)
2022-03-01 02:08:25,943 [pool-319-thread-1] INFO  server.RaftServerConfigKeys (ConfUtils.java:logGet(44)) - raft.server.log.statemachine.data.sync.timeout = 10s (default)
2022-03-01 02:08:25,943 [pool-319-thread-1] INFO  server.RaftServerConfigKeys (ConfUtils.java:logGet(44)) - raft.server.log.statemachine.data.sync.timeout.retry = -1 (default)
2022-03-01 02:08:25,944 [pool-319-thread-1] INFO  server.RaftServerConfigKeys (ConfUtils.java:logGet(44)) - raft.server.log.write.buffer.size = 64KB (=65536) (default)
2022-03-01 02:08:25,944 [pool-319-thread-1] INFO  server.RaftServerConfigKeys (ConfUtils.java:logGet(44)) - raft.server.log.statemachine.data.caching.enabled = false (default)
2022-03-01 02:08:25,944 [pool-319-thread-1] INFO  segmented.SegmentedRaftLogWorker (SegmentedRaftLogWorker.java:lambda$new$0(133)) - 58423f7c-2297-4434-9210-7e927eefd95c@group-DC63C6CEC1E7-SegmentedRaftLogWorker: flushIndex: setUnconditionally 0 -> -1
2022-03-01 02:08:25,944 [pool-319-thread-1] INFO  segmented.SegmentedRaftLogWorker (SegmentedRaftLogWorker.java:lambda$new$0(133)) - 58423f7c-2297-4434-9210-7e927eefd95c@group-DC63C6CEC1E7-SegmentedRaftLogWorker: safeCacheEvictIndex: setUnconditionally 0 -> -1
2022-03-01 02:08:25,945 [pool-319-thread-1] INFO  server.RaftServerConfigKeys (ConfUtils.java:logGet(44)) - raft.server.snapshot.auto.trigger.enabled = true (custom)
2022-03-01 02:08:25,945 [pool-319-thread-1] INFO  server.RaftServerConfigKeys (ConfUtils.java:logGet(44)) - raft.server.snapshot.auto.trigger.threshold = 1000 (custom)
2022-03-01 02:08:25,945 [pool-319-thread-1] INFO  server.RaftServerConfigKeys (ConfUtils.java:logGet(44)) - raft.server.snapshot.retention.file.num = -1 (default)
2022-03-01 02:08:25,945 [pool-319-thread-1] INFO  server.RaftServerConfigKeys (ConfUtils.java:logGet(44)) - raft.server.log.purge.upto.snapshot.index = false (default)
2022-03-01 02:08:25,945 [pool-319-thread-1] INFO  server.RaftServerConfigKeys (ConfUtils.java:logGet(44)) - raft.server.retrycache.expirytime = 60000ms (default)
2022-03-01 02:08:25,945 [pool-319-thread-1] INFO  server.RaftServerConfigKeys (ConfUtils.java:logGet(44)) - raft.server.retrycache.statistics.expirytime = 100μs (default)
2022-03-01 02:08:25,946 [Listener at 127.0.0.1/40943] INFO  server.RaftServer$Division (RaftServerImpl.java:start(301)) - 58423f7c-2297-4434-9210-7e927eefd95c@group-DC63C6CEC1E7: start as a follower, conf=-1: [58423f7c-2297-4434-9210-7e927eefd95c|rpc:fv-az294-952:9894|priority:0], old=null
2022-03-01 02:08:25,946 [Listener at 127.0.0.1/40943] INFO  server.RaftServer$Division (RaftServerImpl.java:setRole(290)) - 58423f7c-2297-4434-9210-7e927eefd95c@group-DC63C6CEC1E7: changes role from      null to FOLLOWER at term 0 for startAsFollower
2022-03-01 02:08:25,946 [Listener at 127.0.0.1/40943] INFO  impl.RoleInfo (RoleInfo.java:updateAndGet(130)) - 58423f7c-2297-4434-9210-7e927eefd95c: start 58423f7c-2297-4434-9210-7e927eefd95c@group-DC63C6CEC1E7-FollowerState
2022-03-01 02:08:25,951 [Listener at 127.0.0.1/40943] INFO  util.JmxRegister (JmxRegister.java:tryRegister(44)) - Successfully registered JMX Bean with object name Ratis:service=RaftServer,group=group-DC63C6CEC1E7,id=58423f7c-2297-4434-9210-7e927eefd95c
2022-03-01 02:08:25,959 [Listener at 127.0.0.1/40943] INFO  server.RaftServer (RaftServerProxy.java:lambda$start$5(374)) - 58423f7c-2297-4434-9210-7e927eefd95c: start RPC server
2022-03-01 02:08:25,960 [Listener at 127.0.0.1/40943] INFO  server.GrpcService (GrpcService.java:startImpl(253)) - 58423f7c-2297-4434-9210-7e927eefd95c: GrpcService started, listening on 9894
2022-03-01 02:08:25,964 [org.apache.ratis.util.JvmPauseMonitor$$Lambda$421/1299661385@6c787463] INFO  util.JvmPauseMonitor (JvmPauseMonitor.java:run(103)) - JvmPauseMonitor-58423f7c-2297-4434-9210-7e927eefd95c: Started
2022-03-01 02:08:31,002 [58423f7c-2297-4434-9210-7e927eefd95c@group-DC63C6CEC1E7-FollowerState] INFO  impl.FollowerState (FollowerState.java:run(134)) - 58423f7c-2297-4434-9210-7e927eefd95c@group-DC63C6CEC1E7-FollowerState: change to CANDIDATE, lastRpcElapsedTime:5055228938ns, electionTimeout:5050ms
2022-03-01 02:08:31,002 [58423f7c-2297-4434-9210-7e927eefd95c@group-DC63C6CEC1E7-FollowerState] INFO  impl.RoleInfo (RoleInfo.java:shutdownFollowerState(108)) - 58423f7c-2297-4434-9210-7e927eefd95c: shutdown 58423f7c-2297-4434-9210-7e927eefd95c@group-DC63C6CEC1E7-FollowerState
2022-03-01 02:08:31,002 [58423f7c-2297-4434-9210-7e927eefd95c@group-DC63C6CEC1E7-FollowerState] INFO  server.RaftServer$Division (RaftServerImpl.java:setRole(290)) - 58423f7c-2297-4434-9210-7e927eefd95c@group-DC63C6CEC1E7: changes role from  FOLLOWER to CANDIDATE at term 0 for changeToCandidate
2022-03-01 02:08:31,002 [58423f7c-2297-4434-9210-7e927eefd95c@group-DC63C6CEC1E7-FollowerState] INFO  server.RaftServerConfigKeys (ConfUtils.java:logGet(44)) - raft.server.leaderelection.pre-vote = false (custom)
2022-03-01 02:08:31,002 [58423f7c-2297-4434-9210-7e927eefd95c@group-DC63C6CEC1E7-FollowerState] INFO  impl.RoleInfo (RoleInfo.java:updateAndGet(130)) - 58423f7c-2297-4434-9210-7e927eefd95c: start 58423f7c-2297-4434-9210-7e927eefd95c@group-DC63C6CEC1E7-LeaderElection29
2022-03-01 02:08:31,023 [58423f7c-2297-4434-9210-7e927eefd95c@group-DC63C6CEC1E7-LeaderElection29] INFO  impl.LeaderElection (LeaderElection.java:askForVotes(306)) - 58423f7c-2297-4434-9210-7e927eefd95c@group-DC63C6CEC1E7-LeaderElection29 ELECTION round 0: submit vote requests at term 1 for -1: [58423f7c-2297-4434-9210-7e927eefd95c|rpc:fv-az294-952:9894|priority:0], old=null
2022-03-01 02:08:31,023 [58423f7c-2297-4434-9210-7e927eefd95c@group-DC63C6CEC1E7-LeaderElection29] INFO  impl.LeaderElection (LeaderElection.java:askForVotes(308)) - 58423f7c-2297-4434-9210-7e927eefd95c@group-DC63C6CEC1E7-LeaderElection29 ELECTION round 0: result PASSED (term=1)
2022-03-01 02:08:31,023 [58423f7c-2297-4434-9210-7e927eefd95c@group-DC63C6CEC1E7-LeaderElection29] INFO  impl.RoleInfo (RoleInfo.java:shutdownLeaderElection(121)) - 58423f7c-2297-4434-9210-7e927eefd95c: shutdown 58423f7c-2297-4434-9210-7e927eefd95c@group-DC63C6CEC1E7-LeaderElection29
2022-03-01 02:08:31,023 [58423f7c-2297-4434-9210-7e927eefd95c@group-DC63C6CEC1E7-LeaderElection29] INFO  server.RaftServer$Division (RaftServerImpl.java:setRole(290)) - 58423f7c-2297-4434-9210-7e927eefd95c@group-DC63C6CEC1E7: changes role from CANDIDATE to LEADER at term 1 for changeToLeader
2022-03-01 02:08:31,023 [58423f7c-2297-4434-9210-7e927eefd95c@group-DC63C6CEC1E7-LeaderElection29] INFO  server.RaftServer$Division (ServerState.java:setLeader(285)) - 58423f7c-2297-4434-9210-7e927eefd95c@group-DC63C6CEC1E7: change Leader from null to 58423f7c-2297-4434-9210-7e927eefd95c at term 1 for becomeLeader, leader elected after 5094ms
2022-03-01 02:08:31,023 [58423f7c-2297-4434-9210-7e927eefd95c@group-DC63C6CEC1E7-LeaderElection29] INFO  server.RaftServerConfigKeys (ConfUtils.java:logGet(44)) - raft.server.staging.catchup.gap = 1000 (default)
2022-03-01 02:08:31,023 [58423f7c-2297-4434-9210-7e927eefd95c@group-DC63C6CEC1E7-LeaderElection29] INFO  server.RaftServerConfigKeys (ConfUtils.java:logGet(44)) - raft.server.write.element-limit = 4096 (default)
2022-03-01 02:08:31,024 [58423f7c-2297-4434-9210-7e927eefd95c@group-DC63C6CEC1E7-LeaderElection29] INFO  server.RaftServerConfigKeys (ConfUtils.java:logGet(44)) - raft.server.write.byte-limit = 64MB (=67108864) (default)
2022-03-01 02:08:31,024 [58423f7c-2297-4434-9210-7e927eefd95c@group-DC63C6CEC1E7-LeaderElection29] INFO  server.RaftServerConfigKeys (ConfUtils.java:logGet(44)) - raft.server.watch.timeout = 10s (default)
2022-03-01 02:08:31,024 [58423f7c-2297-4434-9210-7e927eefd95c@group-DC63C6CEC1E7-LeaderElection29] INFO  server.RaftServerConfigKeys (ConfUtils.java:logGet(44)) - raft.server.watch.timeout.denomination = 1s (default)
2022-03-01 02:08:31,024 [58423f7c-2297-4434-9210-7e927eefd95c@group-DC63C6CEC1E7-LeaderElection29] INFO  server.RaftServerConfigKeys (ConfUtils.java:logGet(44)) - raft.server.watch.element-limit = 65536 (default)
2022-03-01 02:08:31,025 [58423f7c-2297-4434-9210-7e927eefd95c@group-DC63C6CEC1E7-LeaderElection29] INFO  server.RaftServerConfigKeys (ConfUtils.java:logGet(44)) - raft.server.write.element-limit = 4096 (default)
2022-03-01 02:08:31,025 [58423f7c-2297-4434-9210-7e927eefd95c@group-DC63C6CEC1E7-LeaderElection29] INFO  server.RaftServerConfigKeys (ConfUtils.java:logGet(44)) - raft.server.write.follower.gap.ratio.max = -1.0 (default)
2022-03-01 02:08:31,025 [58423f7c-2297-4434-9210-7e927eefd95c@group-DC63C6CEC1E7-LeaderElection29] INFO  impl.RoleInfo (RoleInfo.java:updateAndGet(130)) - 58423f7c-2297-4434-9210-7e927eefd95c: start 58423f7c-2297-4434-9210-7e927eefd95c@group-DC63C6CEC1E7-LeaderStateImpl
2022-03-01 02:08:31,025 [58423f7c-2297-4434-9210-7e927eefd95c@group-DC63C6CEC1E7-LeaderElection29] INFO  segmented.SegmentedRaftLogWorker (SegmentedRaftLogWorker.java:startLogSegment(394)) - 58423f7c-2297-4434-9210-7e927eefd95c@group-DC63C6CEC1E7-SegmentedRaftLogWorker: Starting segment from index:0
2022-03-01 02:08:31,037 [58423f7c-2297-4434-9210-7e927eefd95c@group-DC63C6CEC1E7-SegmentedRaftLogWorker] INFO  segmented.SegmentedRaftLogWorker (SegmentedRaftLogWorker.java:execute(601)) - 58423f7c-2297-4434-9210-7e927eefd95c@group-DC63C6CEC1E7-SegmentedRaftLogWorker: created new log segment /home/runner/work/ozone/ozone/hadoop-ozone/integration-test/target/test-dir/MiniOzoneClusterImpl-4a905738-de8a-4f79-b951-dc63c6cec1e7/ozone-meta/scm-ha/4a905738-de8a-4f79-b951-dc63c6cec1e7/current/log_inprogress_0
2022-03-01 02:08:31,043 [58423f7c-2297-4434-9210-7e927eefd95c@group-DC63C6CEC1E7-LeaderElection29] INFO  server.RaftServer$Division (ServerState.java:setRaftConf(387)) - 58423f7c-2297-4434-9210-7e927eefd95c@group-DC63C6CEC1E7: set configuration 0: [58423f7c-2297-4434-9210-7e927eefd95c|rpc:fv-az294-952:9894|admin:|client:|dataStream:|priority:0], old=null
2022-03-01 02:08:31,965 [Listener at 127.0.0.1/40943] INFO  server.RaftServer (RaftServerProxy.java:lambda$close$6(391)) - 58423f7c-2297-4434-9210-7e927eefd95c: close
2022-03-01 02:08:31,965 [Listener at 127.0.0.1/40943] INFO  server.RaftServer$Division (RaftServerImpl.java:lambda$close$4(412)) - 58423f7c-2297-4434-9210-7e927eefd95c@group-DC63C6CEC1E7: shutdown
2022-03-01 02:08:31,966 [Listener at 127.0.0.1/40943] INFO  util.JmxRegister (JmxRegister.java:unregister(73)) - Successfully un-registered JMX Bean with object name Ratis:service=RaftServer,group=group-DC63C6CEC1E7,id=58423f7c-2297-4434-9210-7e927eefd95c
2022-03-01 02:08:31,966 [Listener at 127.0.0.1/40943] INFO  impl.RoleInfo (RoleInfo.java:shutdownLeaderState(91)) - 58423f7c-2297-4434-9210-7e927eefd95c: shutdown 58423f7c-2297-4434-9210-7e927eefd95c@group-DC63C6CEC1E7-LeaderStateImpl
2022-03-01 02:08:31,966 [Listener at 127.0.0.1/40943] INFO  impl.PendingRequests (PendingRequests.java:sendNotLeaderResponses(282)) - 58423f7c-2297-4434-9210-7e927eefd95c@group-DC63C6CEC1E7-PendingRequests: sendNotLeaderResponses
2022-03-01 02:08:31,967 [Listener at 127.0.0.1/40943] INFO  impl.StateMachineUpdater (StateMachineUpdater.java:stopAndJoin(149)) - 58423f7c-2297-4434-9210-7e927eefd95c@group-DC63C6CEC1E7-StateMachineUpdater: set stopIndex = 0
2022-03-01 02:08:31,968 [58423f7c-2297-4434-9210-7e927eefd95c@group-DC63C6CEC1E7-StateMachineUpdater] INFO  impl.StateMachineUpdater (StateMachineUpdater.java:takeSnapshot(281)) - 58423f7c-2297-4434-9210-7e927eefd95c@group-DC63C6CEC1E7-StateMachineUpdater: Took a snapshot at index 0
2022-03-01 02:08:31,968 [58423f7c-2297-4434-9210-7e927eefd95c@group-DC63C6CEC1E7-StateMachineUpdater] INFO  impl.StateMachineUpdater (StateMachineUpdater.java:lambda$new$0(89)) - 58423f7c-2297-4434-9210-7e927eefd95c@group-DC63C6CEC1E7-StateMachineUpdater: snapshotIndex: updateIncreasingly -1 -> 0
2022-03-01 02:08:31,968 [Listener at 127.0.0.1/40943] INFO  server.RaftServer$Division (ServerState.java:close(419)) - 58423f7c-2297-4434-9210-7e927eefd95c@group-DC63C6CEC1E7: closes. applyIndex: 0
2022-03-01 02:08:31,968 [58423f7c-2297-4434-9210-7e927eefd95c@group-DC63C6CEC1E7-SegmentedRaftLogWorker] INFO  segmented.SegmentedRaftLogWorker (SegmentedRaftLogWorker.java:run(327)) - 58423f7c-2297-4434-9210-7e927eefd95c@group-DC63C6CEC1E7-SegmentedRaftLogWorker was interrupted, exiting. There are 0 tasks remaining in the queue.
2022-03-01 02:08:31,970 [Listener at 127.0.0.1/40943] INFO  segmented.SegmentedRaftLogWorker (SegmentedRaftLogWorker.java:close(237)) - 58423f7c-2297-4434-9210-7e927eefd95c@group-DC63C6CEC1E7-SegmentedRaftLogWorker close()
2022-03-01 02:08:31,971 [Listener at 127.0.0.1/40943] INFO  server.GrpcService (GrpcService.java:closeImpl(262)) - 58423f7c-2297-4434-9210-7e927eefd95c: shutdown server with port 9894 now
2022-03-01 02:08:31,971 [Listener at 127.0.0.1/40943] INFO  server.GrpcService (GrpcService.java:closeImpl(271)) - 58423f7c-2297-4434-9210-7e927eefd95c: shutdown server with port 9894 successfully
2022-03-01 02:08:31,975 [org.apache.ratis.util.JvmPauseMonitor$$Lambda$421/1299661385@6c787463] INFO  util.JvmPauseMonitor (JvmPauseMonitor.java:run(109)) - JvmPauseMonitor-58423f7c-2297-4434-9210-7e927eefd95c: Stopped
2022-03-01 02:08:31,975 [Listener at 127.0.0.1/40943] INFO  ha.SCMHANodeDetails (SCMHANodeDetails.java:loadSCMHAConfig(157)) - ServiceID for StorageContainerManager is null
2022-03-01 02:08:31,975 [Listener at 127.0.0.1/40943] INFO  ha.SCMHANodeDetails (SCMHANodeDetails.java:loadSCMHAConfig(162)) - ozone.scm.default.service.id is not defined, falling back to ozone.scm.service.ids to find serviceID for StorageContainerManager if it is HA enabled cluster
2022-03-01 02:08:31,976 [Listener at 127.0.0.1/40943] WARN  server.ServerUtils (ServerUtils.java:getScmDbDir(148)) - ozone.scm.db.dirs is not configured. We recommend adding this setting. Falling back to ozone.metadata.dirs instead.
2022-03-01 02:08:31,977 [Listener at 127.0.0.1/40943] INFO  upgrade.AbstractLayoutVersionManager (AbstractLayoutVersionManager.java:init(79)) - Initializing Layout version manager with metadata layout = SCM_HA (version = 2), software layout = SCM_HA (version = 2)
2022-03-01 02:08:32,106 [Listener at 127.0.0.1/40943] INFO  reflections.Reflections (Reflections.java:scan(232)) - Reflections took 122 ms to scan 7 urls, producing 122 keys and 286 values 
2022-03-01 02:08:32,126 [Listener at 127.0.0.1/40943] WARN  utils.HAUtils (HAUtils.java:getMetaDir(342)) - ozone.scm.db.dirs is not configured. We recommend adding this setting. Falling back to ozone.metadata.dirs instead.
2022-03-01 02:08:32,129 [Listener at 127.0.0.1/40943] WARN  db.DBStoreBuilder (DBStoreBuilder.java:applyDBDefinition(145)) - ozone.scm.db.dirs is not configured. We recommend adding this setting. Falling back to ozone.metadata.dirs instead.
2022-03-01 02:08:32,400 [Listener at 127.0.0.1/40943] INFO  net.NodeSchemaLoader (NodeSchemaLoader.java:loadSchemaFromFile(129)) - Loading schema from [jar:file:/home/runner/.m2/repository/org/apache/ozone/hdds-common/1.3.0-SNAPSHOT/hdds-common-1.3.0-SNAPSHOT.jar!/network-topology-default.xml]
2022-03-01 02:08:32,417 [Listener at 127.0.0.1/40943] INFO  net.NodeSchemaLoader (NodeSchemaLoader.java:loadSchema(176)) - Loading network topology layer schema file
2022-03-01 02:08:32,421 [Listener at 127.0.0.1/40943] INFO  ha.SCMRatisServerImpl (SCMRatisServerImpl.java:<init>(87)) - starting Raft server for scm:58423f7c-2297-4434-9210-7e927eefd95c
2022-03-01 02:08:32,428 [Listener at 127.0.0.1/40943] INFO  server.RaftServer (ConfUtils.java:logGet(44)) - raft.rpc.type = GRPC (default)
2022-03-01 02:08:32,428 [Listener at 127.0.0.1/40943] INFO  grpc.GrpcFactory (GrpcFactory.java:checkPooledByteBufAllocatorUseCacheForAllThreads(48)) - PERFORMANCE WARNING: useCacheForAllThreads is true that may cause Netty to create a lot garbage objects and, as a result, trigger GC.
	It is recommended to disable useCacheForAllThreads by setting -Dorg.apache.ratis.thirdparty.io.netty.allocator.useCacheForAllThreads=false in command line.
2022-03-01 02:08:32,428 [Listener at 127.0.0.1/40943] INFO  grpc.GrpcConfigKeys (ConfUtils.java:logGet(44)) - raft.grpc.admin.port = -1 (default)
2022-03-01 02:08:32,428 [Listener at 127.0.0.1/40943] INFO  grpc.GrpcConfigKeys (ConfUtils.java:logGet(44)) - raft.grpc.server.port = 9894 (custom)
2022-03-01 02:08:32,428 [Listener at 127.0.0.1/40943] INFO  grpc.GrpcConfigKeys (ConfUtils.java:logGet(44)) - raft.grpc.client.port = -1 (default)
2022-03-01 02:08:32,428 [Listener at 127.0.0.1/40943] INFO  grpc.GrpcConfigKeys (ConfUtils.java:logGet(44)) - raft.grpc.server.port = 9894 (custom)
2022-03-01 02:08:32,429 [Listener at 127.0.0.1/40943] INFO  grpc.GrpcConfigKeys (ConfUtils.java:logGet(44)) - raft.grpc.server.port = 9894 (custom)
2022-03-01 02:08:32,429 [Listener at 127.0.0.1/40943] INFO  server.GrpcService (ConfUtils.java:logGet(44)) - raft.grpc.message.size.max = 32m (=33554432) (custom)
2022-03-01 02:08:32,429 [Listener at 127.0.0.1/40943] INFO  server.RaftServerConfigKeys (ConfUtils.java:logGet(44)) - raft.server.log.appender.buffer.byte-limit = 33554432 (custom)
2022-03-01 02:08:32,429 [Listener at 127.0.0.1/40943] INFO  server.GrpcService (ConfUtils.java:logGet(44)) - raft.grpc.flow.control.window = 1MB (=1048576) (default)
2022-03-01 02:08:32,429 [Listener at 127.0.0.1/40943] INFO  server.RaftServerConfigKeys (ConfUtils.java:logGet(44)) - raft.server.rpc.request.timeout = 30000ms (custom)
2022-03-01 02:08:32,430 [Listener at 127.0.0.1/40943] INFO  impl.DataStreamServerImpl (ConfUtils.java:logGet(44)) - raft.datastream.type = DISABLED (default)
2022-03-01 02:08:32,445 [Listener at 127.0.0.1/40943] INFO  server.RaftServerConfigKeys (ConfUtils.java:logGet(44)) - raft.server.rpc.slowness.timeout = 120000ms (custom)
2022-03-01 02:08:32,448 [Listener at 127.0.0.1/40943] INFO  server.RaftServerConfigKeys (ConfUtils.java:logGet(44)) - raft.server.leaderelection.leader.step-down.wait-time = 10s (default)
2022-03-01 02:08:32,449 [Listener at 127.0.0.1/40943] INFO  server.RaftServerConfigKeys (ConfUtils.java:logGet(44)) - raft.server.storage.dir = [/home/runner/work/ozone/ozone/hadoop-ozone/integration-test/target/test-dir/MiniOzoneClusterImpl-4a905738-de8a-4f79-b951-dc63c6cec1e7/ozone-meta/scm-ha] (custom)
2022-03-01 02:08:32,449 [Listener at 127.0.0.1/40943] INFO  server.RaftServer (RaftServerProxy.java:lambda$null$1(235)) - 58423f7c-2297-4434-9210-7e927eefd95c: found a subdirectory /home/runner/work/ozone/ozone/hadoop-ozone/integration-test/target/test-dir/MiniOzoneClusterImpl-4a905738-de8a-4f79-b951-dc63c6cec1e7/ozone-meta/scm-ha/4a905738-de8a-4f79-b951-dc63c6cec1e7
2022-03-01 02:08:32,463 [Listener at 127.0.0.1/40943] INFO  server.RaftServer (RaftServerProxy.java:addNew(95)) - 58423f7c-2297-4434-9210-7e927eefd95c: addNew group-DC63C6CEC1E7:[] returns group-DC63C6CEC1E7:java.util.concurrent.CompletableFuture@21c06106[Not completed]
2022-03-01 02:08:32,471 [pool-332-thread-1] INFO  server.RaftServer$Division (RaftServerImpl.java:<init>(184)) - 58423f7c-2297-4434-9210-7e927eefd95c: new RaftServerImpl for group-DC63C6CEC1E7:[] with SCMStateMachine:uninitialized
2022-03-01 02:08:32,476 [pool-332-thread-1] INFO  server.RaftServerConfigKeys (ConfUtils.java:logGet(44)) - raft.server.rpc.timeout.min = 5000ms (custom)
2022-03-01 02:08:32,476 [pool-332-thread-1] INFO  server.RaftServerConfigKeys (ConfUtils.java:logGet(44)) - raft.server.rpc.timeout.max = 5200ms (custom)
2022-03-01 02:08:32,476 [pool-332-thread-1] INFO  server.RaftServerConfigKeys (ConfUtils.java:logGet(44)) - raft.server.rpc.sleep.time = 25ms (default)
2022-03-01 02:08:32,476 [pool-332-thread-1] INFO  server.RaftServerConfigKeys (ConfUtils.java:logGet(44)) - raft.server.rpc.slowness.timeout = 120000ms (custom)
2022-03-01 02:08:32,476 [pool-332-thread-1] INFO  server.RaftServerConfigKeys (ConfUtils.java:logGet(44)) - raft.server.leaderelection.leader.step-down.wait-time = 10s (default)
2022-03-01 02:08:32,476 [pool-332-thread-1] INFO  server.RaftServerConfigKeys (ConfUtils.java:logGet(44)) - raft.server.sleep.deviation.threshold = 300ms (default)
2022-03-01 02:08:32,476 [pool-332-thread-1] INFO  server.RaftServerConfigKeys (ConfUtils.java:logGet(44)) - raft.server.log.appender.install.snapshot.enabled = false (custom)
2022-03-01 02:08:32,476 [pool-332-thread-1] INFO  server.RaftServer$Division (ServerState.java:<init>(105)) - 58423f7c-2297-4434-9210-7e927eefd95c@group-DC63C6CEC1E7: ConfigurationManager, init=-1: [], old=null, confs=<EMPTY_MAP>
2022-03-01 02:08:32,476 [pool-332-thread-1] INFO  server.RaftServerConfigKeys (ConfUtils.java:logGet(44)) - raft.server.storage.dir = [/home/runner/work/ozone/ozone/hadoop-ozone/integration-test/target/test-dir/MiniOzoneClusterImpl-4a905738-de8a-4f79-b951-dc63c6cec1e7/ozone-meta/scm-ha] (custom)
2022-03-01 02:08:32,476 [pool-332-thread-1] INFO  server.RaftServerConfigKeys (ConfUtils.java:logGet(44)) - raft.server.log.corruption.policy = EXCEPTION (default)
2022-03-01 02:08:32,476 [pool-332-thread-1] INFO  server.RaftServerConfigKeys (ConfUtils.java:logGet(44)) - raft.server.storage.free-space.min = 0MB (=0) (default)
2022-03-01 02:08:32,477 [pool-332-thread-1] INFO  storage.RaftStorageDirectory (RaftStorageDirectoryImpl.java:tryLock(230)) - Lock on /home/runner/work/ozone/ozone/hadoop-ozone/integration-test/target/test-dir/MiniOzoneClusterImpl-4a905738-de8a-4f79-b951-dc63c6cec1e7/ozone-meta/scm-ha/4a905738-de8a-4f79-b951-dc63c6cec1e7/in_use.lock acquired by nodename 9245@fv-az294-952
2022-03-01 02:08:32,478 [pool-332-thread-1] INFO  storage.RaftStorage (RaftStorageImpl.java:analyzeAndRecoverStorage(110)) - Read RaftStorageMetadata{term=1, votedFor=58423f7c-2297-4434-9210-7e927eefd95c} from /home/runner/work/ozone/ozone/hadoop-ozone/integration-test/target/test-dir/MiniOzoneClusterImpl-4a905738-de8a-4f79-b951-dc63c6cec1e7/ozone-meta/scm-ha/4a905738-de8a-4f79-b951-dc63c6cec1e7/current/raft-meta
2022-03-01 02:08:32,478 [pool-332-thread-1] INFO  server.RaftServer$Division (ServerState.java:setRaftConf(387)) - 58423f7c-2297-4434-9210-7e927eefd95c@group-DC63C6CEC1E7: set configuration 0: [58423f7c-2297-4434-9210-7e927eefd95c|rpc:fv-az294-952:9894|admin:|client:|dataStream:|priority:0], old=null
2022-03-01 02:08:32,478 [pool-332-thread-1] INFO  server.RaftServerConfigKeys (ConfUtils.java:logGet(44)) - raft.server.notification.no-leader.timeout = 60s (default)
2022-03-01 02:08:32,478 [pool-332-thread-1] INFO  server.RaftServerConfigKeys (ConfUtils.java:logGet(44)) - raft.server.log.use.memory = false (default)
2022-03-01 02:08:32,478 [pool-332-thread-1] INFO  server.RaftServerConfigKeys (ConfUtils.java:logGet(44)) - raft.server.log.purge.gap = 1000000 (custom)
2022-03-01 02:08:32,478 [pool-332-thread-1] INFO  server.RaftServerConfigKeys (ConfUtils.java:logGet(44)) - raft.server.log.appender.buffer.byte-limit = 33554432 (custom)
2022-03-01 02:08:32,479 [pool-332-thread-1] INFO  server.RaftServerConfigKeys (ConfUtils.java:logGet(44)) - raft.server.log.segment.size.max = 4194304 (custom)
2022-03-01 02:08:32,479 [pool-332-thread-1] INFO  server.RaftServerConfigKeys (ConfUtils.java:logGet(44)) - raft.server.log.segment.cache.num.max = 2 (custom)
2022-03-01 02:08:32,479 [pool-332-thread-1] INFO  server.RaftServerConfigKeys (ConfUtils.java:logGet(44)) - raft.server.log.segment.cache.size.max = 200MB (=209715200) (default)
2022-03-01 02:08:32,479 [pool-332-thread-1] INFO  segmented.SegmentedRaftLogWorker (SegmentedRaftLogWorker.java:<init>(182)) - new 58423f7c-2297-4434-9210-7e927eefd95c@group-DC63C6CEC1E7-SegmentedRaftLogWorker for RaftStorageImpl:Storage Directory /home/runner/work/ozone/ozone/hadoop-ozone/integration-test/target/test-dir/MiniOzoneClusterImpl-4a905738-de8a-4f79-b951-dc63c6cec1e7/ozone-meta/scm-ha/4a905738-de8a-4f79-b951-dc63c6cec1e7
2022-03-01 02:08:32,479 [pool-332-thread-1] INFO  server.RaftServerConfigKeys (ConfUtils.java:logGet(44)) - raft.server.log.queue.byte-limit = 64MB (=67108864) (default)
2022-03-01 02:08:32,479 [pool-332-thread-1] INFO  server.RaftServerConfigKeys (ConfUtils.java:logGet(44)) - raft.server.log.queue.element-limit = 4096 (default)
2022-03-01 02:08:32,479 [pool-332-thread-1] INFO  server.RaftServerConfigKeys (ConfUtils.java:logGet(44)) - raft.server.log.segment.size.max = 4194304 (custom)
2022-03-01 02:08:32,479 [pool-332-thread-1] INFO  server.RaftServerConfigKeys (ConfUtils.java:logGet(44)) - raft.server.log.preallocated.size = 4194304 (custom)
2022-03-01 02:08:32,479 [pool-332-thread-1] INFO  server.RaftServerConfigKeys (ConfUtils.java:logGet(44)) - raft.server.log.force.sync.num = 128 (default)
2022-03-01 02:08:32,479 [pool-332-thread-1] INFO  server.RaftServerConfigKeys (ConfUtils.java:logGet(44)) - raft.server.log.statemachine.data.sync = true (default)
2022-03-01 02:08:32,479 [pool-332-thread-1] INFO  server.RaftServerConfigKeys (ConfUtils.java:logGet(44)) - raft.server.log.statemachine.data.sync.timeout = 10s (default)
2022-03-01 02:08:32,479 [pool-332-thread-1] INFO  server.RaftServerConfigKeys (ConfUtils.java:logGet(44)) - raft.server.log.statemachine.data.sync.timeout.retry = -1 (default)
2022-03-01 02:08:32,480 [pool-332-thread-1] INFO  server.RaftServerConfigKeys (ConfUtils.java:logGet(44)) - raft.server.log.write.buffer.size = 64KB (=65536) (default)
2022-03-01 02:08:32,480 [pool-332-thread-1] INFO  server.RaftServerConfigKeys (ConfUtils.java:logGet(44)) - raft.server.log.statemachine.data.caching.enabled = false (default)
2022-03-01 02:08:32,487 [pool-332-thread-1] INFO  server.RaftServer$Division (ServerState.java:setRaftConf(387)) - 58423f7c-2297-4434-9210-7e927eefd95c@group-DC63C6CEC1E7: set configuration 0: [58423f7c-2297-4434-9210-7e927eefd95c|rpc:fv-az294-952:9894|admin:|client:|dataStream:|priority:0], old=null
2022-03-01 02:08:32,487 [pool-332-thread-1] INFO  segmented.LogSegment (LogSegment.java:loadSegment(173)) - Successfully read 1 entries from segment file /home/runner/work/ozone/ozone/hadoop-ozone/integration-test/target/test-dir/MiniOzoneClusterImpl-4a905738-de8a-4f79-b951-dc63c6cec1e7/ozone-meta/scm-ha/4a905738-de8a-4f79-b951-dc63c6cec1e7/current/log_inprogress_0
2022-03-01 02:08:32,495 [pool-332-thread-1] INFO  segmented.SegmentedRaftLogWorker (SegmentedRaftLogWorker.java:lambda$new$0(133)) - 58423f7c-2297-4434-9210-7e927eefd95c@group-DC63C6CEC1E7-SegmentedRaftLogWorker: flushIndex: setUnconditionally 0 -> 0
2022-03-01 02:08:32,495 [pool-332-thread-1] INFO  segmented.SegmentedRaftLogWorker (SegmentedRaftLogWorker.java:lambda$new$0(133)) - 58423f7c-2297-4434-9210-7e927eefd95c@group-DC63C6CEC1E7-SegmentedRaftLogWorker: safeCacheEvictIndex: setUnconditionally 0 -> -1
2022-03-01 02:08:32,503 [pool-332-thread-1] INFO  server.RaftServerConfigKeys (ConfUtils.java:logGet(44)) - raft.server.snapshot.auto.trigger.enabled = true (custom)
2022-03-01 02:08:32,503 [pool-332-thread-1] INFO  server.RaftServerConfigKeys (ConfUtils.java:logGet(44)) - raft.server.snapshot.auto.trigger.threshold = 1000 (custom)
2022-03-01 02:08:32,503 [pool-332-thread-1] INFO  server.RaftServerConfigKeys (ConfUtils.java:logGet(44)) - raft.server.snapshot.retention.file.num = -1 (default)
2022-03-01 02:08:32,503 [pool-332-thread-1] INFO  server.RaftServerConfigKeys (ConfUtils.java:logGet(44)) - raft.server.log.purge.upto.snapshot.index = false (default)
2022-03-01 02:08:32,503 [pool-332-thread-1] INFO  server.RaftServerConfigKeys (ConfUtils.java:logGet(44)) - raft.server.retrycache.expirytime = 60000ms (default)
2022-03-01 02:08:32,504 [pool-332-thread-1] INFO  server.RaftServerConfigKeys (ConfUtils.java:logGet(44)) - raft.server.retrycache.statistics.expirytime = 100μs (default)
2022-03-01 02:08:32,507 [Listener at 127.0.0.1/40943] INFO  ha.SCMSnapshotProvider (SCMSnapshotProvider.java:<init>(66)) - Initializing SCM Snapshot Provider
2022-03-01 02:08:32,507 [Listener at 127.0.0.1/40943] WARN  server.ServerUtils (ServerUtils.java:getDefaultRatisDirectory(237)) - Storage directory for Ratis is not configured. It is a good idea to map this to an SSD disk. Falling back to ozone.metadata.dirs
2022-03-01 02:08:32,508 [Listener at 127.0.0.1/40943] WARN  ha.SCMHAUtils (SCMHAUtils.java:getSCMRatisSnapshotDirectory(151)) - SCM snapshot dir is not configured. Falling back to ozone.metadata.dirs config
2022-03-01 02:08:32,509 [Listener at 127.0.0.1/40943] INFO  ha.SequenceIdGenerator (SequenceIdGenerator.java:upgradeToSequenceId(347)) - upgrade localId to 109611004723200000
2022-03-01 02:08:32,509 [Listener at 127.0.0.1/40943] INFO  ha.SequenceIdGenerator (SequenceIdGenerator.java:upgradeToSequenceId(357)) - upgrade delTxnId to 0
2022-03-01 02:08:32,510 [Listener at 127.0.0.1/40943] INFO  ha.SequenceIdGenerator (SequenceIdGenerator.java:upgradeToSequenceId(371)) - upgrade containerId to 0
2022-03-01 02:08:32,510 [Listener at 127.0.0.1/40943] INFO  ha.SequenceIdGenerator (SequenceIdGenerator.java:<init>(218)) - Init the HA SequenceIdGenerator.
2022-03-01 02:08:32,510 [Listener at 127.0.0.1/40943] WARN  server.ServerUtils (ServerUtils.java:sanitizeUserArgs(73)) - ozone.scm.stale.node.interval value = 300000 is larger than max = 100000 based on the key value of ozone.scm.heartbeat.thread.interval, reset to the max value 100000.
2022-03-01 02:08:32,510 [Listener at 127.0.0.1/40943] WARN  server.ServerUtils (ServerUtils.java:sanitizeUserArgs(73)) - ozone.scm.stale.node.interval value = 300000 is larger than max = 100000 based on the key value of ozone.scm.heartbeat.thread.interval, reset to the max value 100000.
2022-03-01 02:08:32,521 [Listener at 127.0.0.1/40943] INFO  node.SCMNodeManager (SCMNodeManager.java:<init>(144)) - Entering startup safe mode.
2022-03-01 02:08:32,522 [Listener at 127.0.0.1/40943] INFO  algorithms.ContainerPlacementPolicyFactory (ContainerPlacementPolicyFactory.java:getPolicy(60)) - Create container placement policy of type org.apache.hadoop.hdds.scm.container.placement.algorithms.SCMContainerPlacementRandom
2022-03-01 02:08:32,522 [Listener at 127.0.0.1/40943] INFO  pipeline.PipelineStateManagerImpl (PipelineStateManagerImpl.java:initialize(78)) - No pipeline exists in current db
2022-03-01 02:08:32,522 [Listener at 127.0.0.1/40943] INFO  algorithms.LeaderChoosePolicyFactory (LeaderChoosePolicyFactory.java:getPolicy(57)) - Create leader choose policy of type org.apache.hadoop.hdds.scm.pipeline.leader.choose.algorithms.MinLeaderCountChoosePolicy
2022-03-01 02:08:32,523 [Listener at 127.0.0.1/40943] INFO  ha.SCMServiceManager (SCMServiceManager.java:register(42)) - Registering service BackgroundPipelineCreator.
2022-03-01 02:08:32,523 [Listener at 127.0.0.1/40943] INFO  pipeline.BackgroundPipelineCreator (BackgroundPipelineCreator.java:start(130)) - Starting RatisPipelineUtilsThread.
2022-03-01 02:08:32,533 [Listener at 127.0.0.1/40943] INFO  algorithms.PipelineChoosePolicyFactory (PipelineChoosePolicyFactory.java:createPipelineChoosePolicyFromClass(73)) - Create pipeline choose policy of type org.apache.hadoop.hdds.scm.pipeline.choose.algorithms.RandomPipelineChoosePolicy
2022-03-01 02:08:32,533 [Listener at 127.0.0.1/40943] INFO  ha.SCMServiceManager (SCMServiceManager.java:register(42)) - Registering service SCMBlockDeletingService.
2022-03-01 02:08:32,533 [Listener at 127.0.0.1/40943] INFO  ha.SCMServiceManager (SCMServiceManager.java:register(42)) - Registering service ReplicationManager.
2022-03-01 02:08:32,534 [Listener at 127.0.0.1/40943] INFO  container.ReplicationManager (ReplicationManager.java:start(326)) - Starting Replication Monitor Thread.
2022-03-01 02:08:32,548 [Listener at 127.0.0.1/40943] INFO  safemode.ContainerSafeModeRule (ContainerSafeModeRule.java:<init>(89)) - containers with one replica threshold count 0
2022-03-01 02:08:32,548 [Listener at 127.0.0.1/40943] INFO  safemode.HealthyPipelineSafeModeRule (HealthyPipelineSafeModeRule.java:initializeRule(156)) - Total pipeline count is 0, healthy pipeline threshold count is 1
2022-03-01 02:08:32,549 [Listener at 127.0.0.1/40943] INFO  safemode.OneReplicaPipelineSafeModeRule (OneReplicaPipelineSafeModeRule.java:initializeRule(180)) - Total pipeline count is 0, pipeline's with at least one datanode reported threshold count is 0
2022-03-01 02:08:32,571 [ReplicationMonitor] INFO  container.ReplicationManager (ReplicationManager.java:processAll(374)) - Replication Manager is not ready to run until 3000ms after safemode exit
2022-03-01 02:08:32,579 [Listener at 127.0.0.1/40943] INFO  ipc.CallQueueManager (CallQueueManager.java:<init>(90)) - Using callQueue: class java.util.concurrent.LinkedBlockingQueue, queueCapacity: 2000, scheduler: class org.apache.hadoop.ipc.DefaultRpcScheduler, ipcBackoff: false.
2022-03-01 02:08:32,580 [Socket Reader #1 for port 0] INFO  ipc.Server (Server.java:run(1265)) - Starting Socket Reader #1 for port 0
2022-03-01 02:08:32,604 [Listener at 0.0.0.0/39993] INFO  ipc.CallQueueManager (CallQueueManager.java:<init>(90)) - Using callQueue: class java.util.concurrent.LinkedBlockingQueue, queueCapacity: 2000, scheduler: class org.apache.hadoop.ipc.DefaultRpcScheduler, ipcBackoff: false.
2022-03-01 02:08:32,607 [Socket Reader #1 for port 0] INFO  ipc.Server (Server.java:run(1265)) - Starting Socket Reader #1 for port 0
2022-03-01 02:08:32,611 [Listener at 0.0.0.0/39777] INFO  ipc.CallQueueManager (CallQueueManager.java:<init>(90)) - Using callQueue: class java.util.concurrent.LinkedBlockingQueue, queueCapacity: 2000, scheduler: class org.apache.hadoop.ipc.DefaultRpcScheduler, ipcBackoff: false.
2022-03-01 02:08:32,615 [Socket Reader #1 for port 0] INFO  ipc.Server (Server.java:run(1265)) - Starting Socket Reader #1 for port 0
2022-03-01 02:08:32,696 [Listener at 0.0.0.0/41255] INFO  algorithms.ContainerPlacementPolicyFactory (ContainerPlacementPolicyFactory.java:getPolicy(60)) - Create container placement policy of type org.apache.hadoop.hdds.scm.container.placement.algorithms.SCMContainerPlacementRandom
2022-03-01 02:08:32,700 [Listener at 0.0.0.0/41255] INFO  server.StorageContainerManager (StorageContainerManager.java:<init>(392)) - 
Container Balancer status:
Key                            Value
Running                        false
Container Balancer Configuration values:
Key                                                Value
Threshold                                          10
Max Datanodes to Involve per Iteration(percent)    20
Max Size to Move per Iteration                     500GB
Max Size Entering Target per Iteration             26GB
Max Size Leaving Source per Iteration              26GB

2022-03-01 02:08:32,700 [Listener at 0.0.0.0/41255] WARN  events.EventQueue (EventQueue.java:fireEvent(194)) - No event handler registered for event TypedEvent{payloadType=SafeModeStatus, name='Safe mode status'}
2022-03-01 02:08:32,700 [Listener at 0.0.0.0/41255] INFO  ha.SCMContext (SCMContext.java:updateSafeModeStatus(211)) - Update SafeModeStatus from SafeModeStatus{safeModeStatus=true, preCheckPassed=false} to SafeModeStatus{safeModeStatus=true, preCheckPassed=false}.
2022-03-01 02:08:32,700 [Listener at 0.0.0.0/41255] INFO  server.StorageContainerManager (StorageContainerManager.java:start(1330)) - StorageContainerLocationProtocol RPC server is listening at /0.0.0.0:41255
2022-03-01 02:08:32,707 [Listener at 0.0.0.0/41255] INFO  ha.SCMRatisServerImpl (SCMRatisServerImpl.java:start(177)) - starting ratis server 0.0.0.0:9894
2022-03-01 02:08:32,707 [Listener at 0.0.0.0/41255] INFO  server.RaftServer$Division (RaftServerImpl.java:start(301)) - 58423f7c-2297-4434-9210-7e927eefd95c@group-DC63C6CEC1E7: start as a follower, conf=0: [58423f7c-2297-4434-9210-7e927eefd95c|rpc:fv-az294-952:9894|admin:|client:|dataStream:|priority:0], old=null
2022-03-01 02:08:32,708 [Listener at 0.0.0.0/41255] INFO  server.RaftServer$Division (RaftServerImpl.java:setRole(290)) - 58423f7c-2297-4434-9210-7e927eefd95c@group-DC63C6CEC1E7: changes role from      null to FOLLOWER at term 1 for startAsFollower
2022-03-01 02:08:32,708 [Listener at 0.0.0.0/41255] INFO  impl.RoleInfo (RoleInfo.java:updateAndGet(130)) - 58423f7c-2297-4434-9210-7e927eefd95c: start 58423f7c-2297-4434-9210-7e927eefd95c@group-DC63C6CEC1E7-FollowerState
2022-03-01 02:08:32,715 [Listener at 0.0.0.0/41255] INFO  util.JmxRegister (JmxRegister.java:tryRegister(44)) - Successfully registered JMX Bean with object name Ratis:service=RaftServer,group=group-DC63C6CEC1E7,id=58423f7c-2297-4434-9210-7e927eefd95c
2022-03-01 02:08:32,722 [Listener at 0.0.0.0/41255] INFO  server.RaftServer (RaftServerProxy.java:lambda$start$5(374)) - 58423f7c-2297-4434-9210-7e927eefd95c: start RPC server
2022-03-01 02:08:32,722 [Listener at 0.0.0.0/41255] INFO  server.GrpcService (GrpcService.java:startImpl(253)) - 58423f7c-2297-4434-9210-7e927eefd95c: GrpcService started, listening on 9894
2022-03-01 02:08:32,733 [Listener at 0.0.0.0/41255] INFO  ha.SCMHAManagerImpl (SCMHAManagerImpl.java:start(121)) -  scm role is FOLLOWER peers [58423f7c-2297-4434-9210-7e927eefd95c|rpc:fv-az294-952:9894|admin:|client:|dataStream:|priority:0]
2022-03-01 02:08:32,733 [Listener at 0.0.0.0/41255] INFO  ha.InterSCMGrpcService (InterSCMGrpcProtocolService.java:start(94)) - Starting SCM Grpc Service at port 9895
2022-03-01 02:08:32,737 [Listener at 0.0.0.0/41255] WARN  impl.MetricsConfig (MetricsConfig.java:loadFirst(136)) - Cannot locate configuration: tried hadoop-metrics2-storagecontainermanager.properties,hadoop-metrics2.properties
2022-03-01 02:08:32,743 [org.apache.ratis.util.JvmPauseMonitor$$Lambda$421/1299661385@38968a48] INFO  util.JvmPauseMonitor (JvmPauseMonitor.java:run(103)) - JvmPauseMonitor-58423f7c-2297-4434-9210-7e927eefd95c: Started
2022-03-01 02:08:32,775 [Listener at 0.0.0.0/41255] INFO  impl.MetricsSystemImpl (MetricsSystemImpl.java:startTimer(378)) - Scheduled Metric snapshot period at 10 second(s).
2022-03-01 02:08:32,775 [Listener at 0.0.0.0/41255] INFO  impl.MetricsSystemImpl (MetricsSystemImpl.java:start(191)) - StorageContainerManager metrics system started
2022-03-01 02:08:32,796 [Listener at 0.0.0.0/41255] INFO  impl.MetricsSinkAdapter (MetricsSinkAdapter.java:start(204)) - Sink prometheus started
2022-03-01 02:08:32,796 [Listener at 0.0.0.0/41255] INFO  impl.MetricsSystemImpl (MetricsSystemImpl.java:registerSink(305)) - Registered sink prometheus
2022-03-01 02:08:32,872 [Listener at 0.0.0.0/41255] INFO  server.SCMClientProtocolServer (SCMClientProtocolServer.java:start(165)) - RPC server for Client  is listening at /0.0.0.0:41255
2022-03-01 02:08:32,878 [IPC Server Responder] INFO  ipc.Server (Server.java:run(1507)) - IPC Server Responder: starting
2022-03-01 02:08:32,886 [IPC Server listener on 0] INFO  ipc.Server (Server.java:run(1344)) - IPC Server listener on 0: starting
2022-03-01 02:08:32,933 [Listener at 0.0.0.0/41255] INFO  server.StorageContainerManager (StorageContainerManager.java:start(1345)) - ScmBlockLocationProtocol RPC server is listening at /0.0.0.0:39777
2022-03-01 02:08:32,933 [Listener at 0.0.0.0/41255] INFO  server.SCMBlockProtocolServer (SCMBlockProtocolServer.java:start(151)) - RPC server for Block Protocol is listening at /0.0.0.0:39777
2022-03-01 02:08:32,934 [IPC Server Responder] INFO  ipc.Server (Server.java:run(1507)) - IPC Server Responder: starting
2022-03-01 02:08:32,934 [IPC Server listener on 0] INFO  ipc.Server (Server.java:run(1344)) - IPC Server listener on 0: starting
2022-03-01 02:08:32,972 [Listener at 0.0.0.0/41255] INFO  http.BaseHttpServer (BaseHttpServer.java:newHttpServer2BuilderForOzone(209)) - Starting Web-server for scm at: http://0.0.0.0:0
2022-03-01 02:08:32,972 [Listener at 0.0.0.0/41255] INFO  http.BaseHttpServer (BaseHttpServer.java:<init>(107)) - Hadoop Security Enabled: false Ozone Security Enabled: false Ozone HTTP Security Enabled: false 
2022-03-01 02:08:32,974 [Listener at 0.0.0.0/41255] INFO  server.AuthenticationFilter (AuthenticationFilter.java:constructSecretProvider(240)) - Unable to initialize FileSignerSecretProvider, falling back to use random secrets.
2022-03-01 02:08:32,974 [org.apache.hadoop.util.JvmPauseMonitor$Monitor@6c205734] INFO  util.JvmPauseMonitor (JvmPauseMonitor.java:run(188)) - Starting JVM pause monitor
2022-03-01 02:08:32,991 [Listener at 0.0.0.0/41255] WARN  http.HttpRequestLog (HttpRequestLog.java:getRequestLog(103)) - Jetty request log can only be enabled using Log4j
2022-03-01 02:08:32,992 [Listener at 0.0.0.0/41255] INFO  http.HttpServer2 (HttpServer2.java:addGlobalFilter(1030)) - Added global filter 'safety' (class=org.apache.hadoop.hdds.server.http.HttpServer2$QuotingInputFilter)
2022-03-01 02:08:32,993 [Listener at 0.0.0.0/41255] INFO  http.HttpServer2 (HttpServer2.java:addFilter(1006)) - Added filter static_user_filter (class=org.apache.hadoop.http.lib.StaticUserWebFilter$StaticUserFilter) to context scm
2022-03-01 02:08:32,993 [Listener at 0.0.0.0/41255] INFO  http.HttpServer2 (HttpServer2.java:addFilter(1014)) - Added filter static_user_filter (class=org.apache.hadoop.http.lib.StaticUserWebFilter$StaticUserFilter) to context static
2022-03-01 02:08:32,993 [Listener at 0.0.0.0/41255] INFO  http.HttpServer2 (HttpServer2.java:addFilter(1014)) - Added filter static_user_filter (class=org.apache.hadoop.http.lib.StaticUserWebFilter$StaticUserFilter) to context logs
2022-03-01 02:08:32,994 [Listener at 0.0.0.0/41255] INFO  http.HttpServer2 (HttpServer2.java:bindListener(1249)) - Jetty bound to port 46387
2022-03-01 02:08:32,994 [Listener at 0.0.0.0/41255] INFO  server.Server (Server.java:doStart(375)) - jetty-9.4.43.v20210629; built: 2021-06-30T11:07:22.254Z; git: 526006ecfa3af7f1a27ef3a288e2bef7ea9dd7e8; jvm 1.8.0_322-b06
2022-03-01 02:08:33,034 [Listener at 0.0.0.0/41255] INFO  server.session (DefaultSessionIdManager.java:doStart(334)) - DefaultSessionIdManager workerName=node0
2022-03-01 02:08:33,034 [Listener at 0.0.0.0/41255] INFO  server.session (DefaultSessionIdManager.java:doStart(339)) - No SessionScavenger set, using defaults
2022-03-01 02:08:33,035 [Listener at 0.0.0.0/41255] INFO  server.session (HouseKeeper.java:startScavenging(132)) - node0 Scavenging every 660000ms
2022-03-01 02:08:33,035 [Listener at 0.0.0.0/41255] INFO  handler.ContextHandler (ContextHandler.java:doStart(915)) - Started o.e.j.s.ServletContextHandler@b84163{logs,/logs,file:///home/runner/work/ozone/ozone/hadoop-ozone/integration-test/target/log,AVAILABLE}
2022-03-01 02:08:33,036 [Listener at 0.0.0.0/41255] INFO  handler.ContextHandler (ContextHandler.java:doStart(915)) - Started o.e.j.s.ServletContextHandler@3a0d9b19{static,/static,file:///home/runner/work/ozone/ozone/hadoop-ozone/integration-test/target/test-classes/webapps/static,AVAILABLE}
2022-03-01 02:08:33,062 [Listener at 0.0.0.0/41255] INFO  handler.ContextHandler (ContextHandler.java:doStart(915)) - Started o.e.j.w.WebAppContext@7ea947c3{scm,/,file:///home/runner/work/ozone/ozone/hadoop-ozone/integration-test/target/test-classes/webapps/scm/,AVAILABLE}{file:/home/runner/work/ozone/ozone/hadoop-ozone/integration-test/target/test-classes/webapps/scm}
2022-03-01 02:08:33,091 [Listener at 0.0.0.0/41255] INFO  server.AbstractConnector (AbstractConnector.java:doStart(331)) - Started ServerConnector@71dfcc99{HTTP/1.1, (http/1.1)}{0.0.0.0:46387}
2022-03-01 02:08:33,092 [Listener at 0.0.0.0/41255] INFO  server.Server (Server.java:doStart(415)) - Started @133328ms
2022-03-01 02:08:33,092 [Listener at 0.0.0.0/41255] WARN  impl.MetricsSystemImpl (MetricsSystemImpl.java:register(279)) - Sink prometheus already exists!
2022-03-01 02:08:33,095 [Listener at 0.0.0.0/41255] INFO  http.BaseHttpServer (BaseHttpServer.java:updateConnectorAddress(329)) - HTTP server of scm listening at http://0.0.0.0:46387
2022-03-01 02:08:33,095 [Listener at 0.0.0.0/41255] WARN  server.ServerUtils (ServerUtils.java:getDBPath(225)) - ozone.om.db.dirs is not configured. We recommend adding this setting. Falling back to ozone.metadata.dirs instead.
2022-03-01 02:08:33,097 [Listener at 0.0.0.0/41255] INFO  ha.OMHANodeDetails (OMHANodeDetails.java:loadOMHAConfig(112)) - ozone.om.internal.service.id is not defined, falling back to ozone.om.service.ids to find serviceID for OzoneManager if it is HA enabled cluster
2022-03-01 02:08:33,097 [Listener at 0.0.0.0/41255] INFO  ha.OMHANodeDetails (OMHANodeDetails.java:loadOMHAConfig(218)) - Configuration does not have ozone.om.address set. Falling back to the default OM address /127.0.0.1:0
2022-03-01 02:08:33,097 [Listener at 0.0.0.0/41255] INFO  ha.OMHANodeDetails (OMHANodeDetails.java:getOMNodeDetailsForNonHA(246)) - OM Service ID is not set. Setting it to the default ID: omServiceIdDefault
2022-03-01 02:08:33,097 [Listener at 0.0.0.0/41255] INFO  ha.OMHANodeDetails (OMHANodeDetails.java:getOMNodeDetailsForNonHA(253)) - OM Node ID is not set. Setting it to the default ID: om1
2022-03-01 02:08:33,097 [Listener at 0.0.0.0/41255] WARN  server.ServerUtils (ServerUtils.java:getDBPath(225)) - ozone.om.db.dirs is not configured. We recommend adding this setting. Falling back to ozone.metadata.dirs instead.
2022-03-01 02:08:33,099 [Listener at 0.0.0.0/41255] INFO  upgrade.AbstractLayoutVersionManager (AbstractLayoutVersionManager.java:init(79)) - Initializing Layout version manager with metadata layout = INITIAL_VERSION (version = 0), software layout = INITIAL_VERSION (version = 0)
2022-03-01 02:08:33,321 [Listener at 0.0.0.0/41255] INFO  reflections.Reflections (Reflections.java:scan(232)) - Reflections took 221 ms to scan 2 urls, producing 134 keys and 349 values [using 2 cores]
2022-03-01 02:08:33,321 [Listener at 0.0.0.0/41255] INFO  upgrade.OMLayoutVersionManager (OMLayoutVersionManager.java:lambda$0(115)) - Skipping Upgrade Action MockOmUpgradeAction since it has been finalized.
2022-03-01 02:08:33,322 [Listener at 0.0.0.0/41255] WARN  server.ServerUtils (ServerUtils.java:getDBPath(225)) - ozone.om.db.dirs is not configured. We recommend adding this setting. Falling back to ozone.metadata.dirs instead.
2022-03-01 02:08:35,400 [Listener at 0.0.0.0/41255] INFO  retry.RetryInvocationHandler (RetryInvocationHandler.java:log(411)) - com.google.protobuf.ServiceException: org.apache.hadoop.ipc.RemoteException(org.apache.hadoop.hdds.ratis.ServerNotLeaderException): Server:58423f7c-2297-4434-9210-7e927eefd95c is not the leader. Could not determine the leader node.
	at org.apache.hadoop.hdds.ratis.ServerNotLeaderException.convertToNotLeaderException(ServerNotLeaderException.java:109)
	at org.apache.hadoop.hdds.scm.ha.RatisUtil.checkRatisException(RatisUtil.java:246)
	at org.apache.hadoop.hdds.scm.protocol.ScmBlockLocationProtocolServerSideTranslatorPB.send(ScmBlockLocationProtocolServerSideTranslatorPB.java:108)
	at org.apache.hadoop.hdds.protocol.proto.ScmBlockLocationProtocolProtos$ScmBlockLocationProtocolService$2.callBlockingMethod(ScmBlockLocationProtocolProtos.java:13937)
	at org.apache.hadoop.ipc.ProtobufRpcEngine$Server.processCall(ProtobufRpcEngine.java:466)
	at org.apache.hadoop.ipc.ProtobufRpcEngine2$Server$ProtoBufRpcInvoker.call(ProtobufRpcEngine2.java:574)
	at org.apache.hadoop.ipc.ProtobufRpcEngine2$Server$ProtoBufRpcInvoker.call(ProtobufRpcEngine2.java:552)
	at org.apache.hadoop.ipc.RPC$Server.call(RPC.java:1093)
	at org.apache.hadoop.ipc.Server$RpcCall.run(Server.java:1035)
	at org.apache.hadoop.ipc.Server$RpcCall.run(Server.java:963)
	at java.security.AccessController.doPrivileged(Native Method)
	at javax.security.auth.Subject.doAs(Subject.java:422)
	at org.apache.hadoop.security.UserGroupInformation.doAs(UserGroupInformation.java:1878)
	at org.apache.hadoop.ipc.Server$Handler.run(Server.java:2966)
, while invoking $Proxy46.send over nodeId=scmNodeId,nodeAddress=/0.0.0.0:39777 after 1 failover attempts. Trying to failover after sleeping for 2000ms.
2022-03-01 02:08:37,404 [Listener at 0.0.0.0/41255] INFO  retry.RetryInvocationHandler (RetryInvocationHandler.java:log(411)) - com.google.protobuf.ServiceException: org.apache.hadoop.ipc.RemoteException(org.apache.hadoop.hdds.ratis.ServerNotLeaderException): Server:58423f7c-2297-4434-9210-7e927eefd95c is not the leader. Could not determine the leader node.
	at org.apache.hadoop.hdds.ratis.ServerNotLeaderException.convertToNotLeaderException(ServerNotLeaderException.java:109)
	at org.apache.hadoop.hdds.scm.ha.RatisUtil.checkRatisException(RatisUtil.java:246)
	at org.apache.hadoop.hdds.scm.protocol.ScmBlockLocationProtocolServerSideTranslatorPB.send(ScmBlockLocationProtocolServerSideTranslatorPB.java:108)
	at org.apache.hadoop.hdds.protocol.proto.ScmBlockLocationProtocolProtos$ScmBlockLocationProtocolService$2.callBlockingMethod(ScmBlockLocationProtocolProtos.java:13937)
	at org.apache.hadoop.ipc.ProtobufRpcEngine$Server.processCall(ProtobufRpcEngine.java:466)
	at org.apache.hadoop.ipc.ProtobufRpcEngine2$Server$ProtoBufRpcInvoker.call(ProtobufRpcEngine2.java:574)
	at org.apache.hadoop.ipc.ProtobufRpcEngine2$Server$ProtoBufRpcInvoker.call(ProtobufRpcEngine2.java:552)
	at org.apache.hadoop.ipc.RPC$Server.call(RPC.java:1093)
	at org.apache.hadoop.ipc.Server$RpcCall.run(Server.java:1035)
	at org.apache.hadoop.ipc.Server$RpcCall.run(Server.java:963)
	at java.security.AccessController.doPrivileged(Native Method)
	at javax.security.auth.Subject.doAs(Subject.java:422)
	at org.apache.hadoop.security.UserGroupInformation.doAs(UserGroupInformation.java:1878)
	at org.apache.hadoop.ipc.Server$Handler.run(Server.java:2966)
, while invoking $Proxy46.send over nodeId=scmNodeId,nodeAddress=/0.0.0.0:39777 after 2 failover attempts. Trying to failover after sleeping for 2000ms.
2022-03-01 02:08:37,904 [58423f7c-2297-4434-9210-7e927eefd95c@group-DC63C6CEC1E7-FollowerState] INFO  impl.FollowerState (FollowerState.java:run(134)) - 58423f7c-2297-4434-9210-7e927eefd95c@group-DC63C6CEC1E7-FollowerState: change to CANDIDATE, lastRpcElapsedTime:5196627749ns, electionTimeout:5185ms
2022-03-01 02:08:37,905 [58423f7c-2297-4434-9210-7e927eefd95c@group-DC63C6CEC1E7-FollowerState] INFO  impl.RoleInfo (RoleInfo.java:shutdownFollowerState(108)) - 58423f7c-2297-4434-9210-7e927eefd95c: shutdown 58423f7c-2297-4434-9210-7e927eefd95c@group-DC63C6CEC1E7-FollowerState
2022-03-01 02:08:37,906 [58423f7c-2297-4434-9210-7e927eefd95c@group-DC63C6CEC1E7-FollowerState] INFO  server.RaftServer$Division (RaftServerImpl.java:setRole(290)) - 58423f7c-2297-4434-9210-7e927eefd95c@group-DC63C6CEC1E7: changes role from  FOLLOWER to CANDIDATE at term 1 for changeToCandidate
2022-03-01 02:08:37,906 [58423f7c-2297-4434-9210-7e927eefd95c@group-DC63C6CEC1E7-FollowerState] INFO  server.RaftServerConfigKeys (ConfUtils.java:logGet(44)) - raft.server.leaderelection.pre-vote = false (custom)
2022-03-01 02:08:37,906 [58423f7c-2297-4434-9210-7e927eefd95c@group-DC63C6CEC1E7-FollowerState] INFO  impl.RoleInfo (RoleInfo.java:updateAndGet(130)) - 58423f7c-2297-4434-9210-7e927eefd95c: start 58423f7c-2297-4434-9210-7e927eefd95c@group-DC63C6CEC1E7-LeaderElection30
2022-03-01 02:08:37,938 [58423f7c-2297-4434-9210-7e927eefd95c@group-DC63C6CEC1E7-LeaderElection30] INFO  impl.LeaderElection (LeaderElection.java:askForVotes(306)) - 58423f7c-2297-4434-9210-7e927eefd95c@group-DC63C6CEC1E7-LeaderElection30 ELECTION round 0: submit vote requests at term 2 for 0: [58423f7c-2297-4434-9210-7e927eefd95c|rpc:fv-az294-952:9894|admin:|client:|dataStream:|priority:0], old=null
2022-03-01 02:08:37,959 [58423f7c-2297-4434-9210-7e927eefd95c@group-DC63C6CEC1E7-LeaderElection30] INFO  impl.LeaderElection (LeaderElection.java:askForVotes(308)) - 58423f7c-2297-4434-9210-7e927eefd95c@group-DC63C6CEC1E7-LeaderElection30 ELECTION round 0: result PASSED (term=2)
2022-03-01 02:08:37,959 [58423f7c-2297-4434-9210-7e927eefd95c@group-DC63C6CEC1E7-LeaderElection30] INFO  impl.RoleInfo (RoleInfo.java:shutdownLeaderElection(121)) - 58423f7c-2297-4434-9210-7e927eefd95c: shutdown 58423f7c-2297-4434-9210-7e927eefd95c@group-DC63C6CEC1E7-LeaderElection30
2022-03-01 02:08:37,959 [58423f7c-2297-4434-9210-7e927eefd95c@group-DC63C6CEC1E7-LeaderElection30] INFO  server.RaftServer$Division (RaftServerImpl.java:setRole(290)) - 58423f7c-2297-4434-9210-7e927eefd95c@group-DC63C6CEC1E7: changes role from CANDIDATE to LEADER at term 2 for changeToLeader
2022-03-01 02:08:37,959 [58423f7c-2297-4434-9210-7e927eefd95c@group-DC63C6CEC1E7-LeaderElection30] INFO  ha.SCMStateMachine (SCMStateMachine.java:notifyLeaderChanged(259)) - current SCM becomes leader of term 2.
2022-03-01 02:08:37,959 [58423f7c-2297-4434-9210-7e927eefd95c@group-DC63C6CEC1E7-LeaderElection30] INFO  ha.SCMContext (SCMContext.java:updateLeaderAndTerm(90)) - update <isLeader,term> from <false,0> to <true,2>
2022-03-01 02:08:37,959 [58423f7c-2297-4434-9210-7e927eefd95c@group-DC63C6CEC1E7-LeaderElection30] INFO  server.RaftServer$Division (ServerState.java:setLeader(285)) - 58423f7c-2297-4434-9210-7e927eefd95c@group-DC63C6CEC1E7: change Leader from null to 58423f7c-2297-4434-9210-7e927eefd95c at term 2 for becomeLeader, leader elected after 5480ms
2022-03-01 02:08:37,959 [58423f7c-2297-4434-9210-7e927eefd95c@group-DC63C6CEC1E7-LeaderElection30] INFO  server.RaftServerConfigKeys (ConfUtils.java:logGet(44)) - raft.server.staging.catchup.gap = 1000 (default)
2022-03-01 02:08:37,960 [58423f7c-2297-4434-9210-7e927eefd95c@group-DC63C6CEC1E7-LeaderElection30] INFO  server.RaftServerConfigKeys (ConfUtils.java:logGet(44)) - raft.server.write.element-limit = 4096 (default)
2022-03-01 02:08:37,960 [58423f7c-2297-4434-9210-7e927eefd95c@group-DC63C6CEC1E7-LeaderElection30] INFO  server.RaftServerConfigKeys (ConfUtils.java:logGet(44)) - raft.server.write.byte-limit = 64MB (=67108864) (default)
2022-03-01 02:08:37,960 [58423f7c-2297-4434-9210-7e927eefd95c@group-DC63C6CEC1E7-LeaderElection30] INFO  server.RaftServerConfigKeys (ConfUtils.java:logGet(44)) - raft.server.watch.timeout = 10s (default)
2022-03-01 02:08:37,960 [58423f7c-2297-4434-9210-7e927eefd95c@group-DC63C6CEC1E7-LeaderElection30] INFO  server.RaftServerConfigKeys (ConfUtils.java:logGet(44)) - raft.server.watch.timeout.denomination = 1s (default)
2022-03-01 02:08:37,960 [58423f7c-2297-4434-9210-7e927eefd95c@group-DC63C6CEC1E7-LeaderElection30] INFO  server.RaftServerConfigKeys (ConfUtils.java:logGet(44)) - raft.server.watch.element-limit = 65536 (default)
2022-03-01 02:08:37,960 [58423f7c-2297-4434-9210-7e927eefd95c@group-DC63C6CEC1E7-LeaderElection30] INFO  server.RaftServerConfigKeys (ConfUtils.java:logGet(44)) - raft.server.write.element-limit = 4096 (default)
2022-03-01 02:08:37,960 [58423f7c-2297-4434-9210-7e927eefd95c@group-DC63C6CEC1E7-LeaderElection30] INFO  server.RaftServerConfigKeys (ConfUtils.java:logGet(44)) - raft.server.write.follower.gap.ratio.max = -1.0 (default)
2022-03-01 02:08:37,960 [58423f7c-2297-4434-9210-7e927eefd95c@group-DC63C6CEC1E7-LeaderElection30] INFO  impl.RoleInfo (RoleInfo.java:updateAndGet(130)) - 58423f7c-2297-4434-9210-7e927eefd95c: start 58423f7c-2297-4434-9210-7e927eefd95c@group-DC63C6CEC1E7-LeaderStateImpl
2022-03-01 02:08:37,961 [58423f7c-2297-4434-9210-7e927eefd95c@group-DC63C6CEC1E7-LeaderElection30] INFO  segmented.SegmentedRaftLogWorker (SegmentedRaftLogWorker.java:rollLogSegment(399)) - 58423f7c-2297-4434-9210-7e927eefd95c@group-DC63C6CEC1E7-SegmentedRaftLogWorker: Rolling segment log-0_0 to index:0
2022-03-01 02:08:37,968 [58423f7c-2297-4434-9210-7e927eefd95c@group-DC63C6CEC1E7-LeaderElection30] INFO  server.RaftServer$Division (ServerState.java:setRaftConf(387)) - 58423f7c-2297-4434-9210-7e927eefd95c@group-DC63C6CEC1E7: set configuration 1: [58423f7c-2297-4434-9210-7e927eefd95c|rpc:fv-az294-952:9894|admin:|client:|dataStream:|priority:0], old=null
2022-03-01 02:08:37,968 [58423f7c-2297-4434-9210-7e927eefd95c@group-DC63C6CEC1E7-SegmentedRaftLogWorker] INFO  segmented.SegmentedRaftLogWorker (SegmentedRaftLogWorker.java:execute(558)) - 58423f7c-2297-4434-9210-7e927eefd95c@group-DC63C6CEC1E7-SegmentedRaftLogWorker: Rolled log segment from /home/runner/work/ozone/ozone/hadoop-ozone/integration-test/target/test-dir/MiniOzoneClusterImpl-4a905738-de8a-4f79-b951-dc63c6cec1e7/ozone-meta/scm-ha/4a905738-de8a-4f79-b951-dc63c6cec1e7/current/log_inprogress_0 to /home/runner/work/ozone/ozone/hadoop-ozone/integration-test/target/test-dir/MiniOzoneClusterImpl-4a905738-de8a-4f79-b951-dc63c6cec1e7/ozone-meta/scm-ha/4a905738-de8a-4f79-b951-dc63c6cec1e7/current/log_0-0
2022-03-01 02:08:37,991 [58423f7c-2297-4434-9210-7e927eefd95c@group-DC63C6CEC1E7-SegmentedRaftLogWorker] INFO  segmented.SegmentedRaftLogWorker (SegmentedRaftLogWorker.java:execute(601)) - 58423f7c-2297-4434-9210-7e927eefd95c@group-DC63C6CEC1E7-SegmentedRaftLogWorker: created new log segment /home/runner/work/ozone/ozone/hadoop-ozone/integration-test/target/test-dir/MiniOzoneClusterImpl-4a905738-de8a-4f79-b951-dc63c6cec1e7/ozone-meta/scm-ha/4a905738-de8a-4f79-b951-dc63c6cec1e7/current/log_inprogress_1
2022-03-01 02:08:37,993 [58423f7c-2297-4434-9210-7e927eefd95c@group-DC63C6CEC1E7-StateMachineUpdater] INFO  ha.SCMContext (SCMContext.java:setLeaderReady(117)) - update <isLeaderReady> from <false> to <true>
2022-03-01 02:08:37,996 [58423f7c-2297-4434-9210-7e927eefd95c@group-DC63C6CEC1E7-StateMachineUpdater] INFO  pipeline.BackgroundPipelineCreator (BackgroundPipelineCreator.java:notifyStatusChanged(264)) - Service BackgroundPipelineCreator transitions to RUNNING.
2022-03-01 02:08:37,997 [58423f7c-2297-4434-9210-7e927eefd95c@group-DC63C6CEC1E7-StateMachineUpdater] INFO  safemode.HealthyPipelineSafeModeRule (HealthyPipelineSafeModeRule.java:initializeRule(152)) - Refreshed total pipeline count is 0, healthy pipeline threshold count is 1
2022-03-01 02:08:37,997 [58423f7c-2297-4434-9210-7e927eefd95c@group-DC63C6CEC1E7-StateMachineUpdater] INFO  safemode.ContainerSafeModeRule (ContainerSafeModeRule.java:reInitializeRule(177)) - Refreshed one replica container threshold 0, currentThreshold 0
2022-03-01 02:08:37,997 [58423f7c-2297-4434-9210-7e927eefd95c@group-DC63C6CEC1E7-StateMachineUpdater] INFO  safemode.OneReplicaPipelineSafeModeRule (OneReplicaPipelineSafeModeRule.java:initializeRule(176)) - Refreshed Total pipeline count is 0, pipeline's with at least one datanode reported threshold count is 0
2022-03-01 02:08:37,997 [58423f7c-2297-4434-9210-7e927eefd95c@group-DC63C6CEC1E7-StateMachineUpdater] INFO  server.SCMDatanodeProtocolServer (SCMDatanodeProtocolServer.java:start(181)) - ScmDatanodeProtocol RPC server for DataNodes is listening at /0.0.0.0:39993
2022-03-01 02:08:38,006 [IPC Server listener on 0] INFO  ipc.Server (Server.java:run(1344)) - IPC Server listener on 0: starting
2022-03-01 02:08:38,016 [IPC Server Responder] INFO  ipc.Server (Server.java:run(1507)) - IPC Server Responder: starting
2022-03-01 02:08:39,406 [Listener at 0.0.0.0/41255] WARN  server.ServerUtils (ServerUtils.java:getDBPath(225)) - ozone.om.db.dirs is not configured. We recommend adding this setting. Falling back to ozone.metadata.dirs instead.
2022-03-01 02:08:39,407 [Listener at 0.0.0.0/41255] INFO  codec.OmKeyInfoCodec (OmKeyInfoCodec.java:<init>(50)) - OmKeyInfoCodec ignorePipeline = true
2022-03-01 02:08:39,407 [Listener at 0.0.0.0/41255] INFO  codec.RepeatedOmKeyInfoCodec (RepeatedOmKeyInfoCodec.java:<init>(42)) - RepeatedOmKeyInfoCodec ignorePipeline = true
2022-03-01 02:08:39,740 [Listener at 0.0.0.0/41255] INFO  om.OzoneManager (OzoneManager.java:addS3GVolumeToDB(3732)) - Created Volume s3v With Owner runner required for S3Gateway operations.
2022-03-01 02:08:39,760 [Listener at 0.0.0.0/41255] INFO  ipc.CallQueueManager (CallQueueManager.java:<init>(90)) - Using callQueue: class java.util.concurrent.LinkedBlockingQueue, queueCapacity: 2000, scheduler: class org.apache.hadoop.ipc.DefaultRpcScheduler, ipcBackoff: false.
2022-03-01 02:08:39,771 [Socket Reader #1 for port 0] INFO  ipc.Server (Server.java:run(1265)) - Starting Socket Reader #1 for port 0
2022-03-01 02:08:39,847 [Listener at 127.0.0.1/45865] INFO  impl.MetricsSystemImpl (MetricsSystemImpl.java:init(158)) - OzoneManager metrics system started (again)
2022-03-01 02:08:39,899 [Listener at 127.0.0.1/45865] INFO  om.OzoneManager (OzoneManager.java:start(1365)) - OzoneManager RPC server is listening at localhost/127.0.0.1:45865
2022-03-01 02:08:39,900 [Listener at 127.0.0.1/45865] INFO  om.OzoneManager (OzoneManager.java:start(1381)) - Version File has different layout version (0) than OM DB (null). That is expected if this OM has never been finalized to a newer layout version.
2022-03-01 02:08:39,912 [Listener at 127.0.0.1/45865] INFO  http.BaseHttpServer (BaseHttpServer.java:newHttpServer2BuilderForOzone(209)) - Starting Web-server for ozoneManager at: http://0.0.0.0:0
2022-03-01 02:08:39,912 [Listener at 127.0.0.1/45865] INFO  http.BaseHttpServer (BaseHttpServer.java:<init>(107)) - Hadoop Security Enabled: false Ozone Security Enabled: false Ozone HTTP Security Enabled: false 
2022-03-01 02:08:39,914 [Listener at 127.0.0.1/45865] INFO  server.AuthenticationFilter (AuthenticationFilter.java:constructSecretProvider(240)) - Unable to initialize FileSignerSecretProvider, falling back to use random secrets.
2022-03-01 02:08:39,919 [Listener at 127.0.0.1/45865] WARN  http.HttpRequestLog (HttpRequestLog.java:getRequestLog(103)) - Jetty request log can only be enabled using Log4j
2022-03-01 02:08:39,923 [Listener at 127.0.0.1/45865] INFO  http.HttpServer2 (HttpServer2.java:addGlobalFilter(1030)) - Added global filter 'safety' (class=org.apache.hadoop.hdds.server.http.HttpServer2$QuotingInputFilter)
2022-03-01 02:08:39,925 [Listener at 127.0.0.1/45865] INFO  http.HttpServer2 (HttpServer2.java:addFilter(1006)) - Added filter static_user_filter (class=org.apache.hadoop.http.lib.StaticUserWebFilter$StaticUserFilter) to context ozoneManager
2022-03-01 02:08:39,925 [Listener at 127.0.0.1/45865] INFO  http.HttpServer2 (HttpServer2.java:addFilter(1014)) - Added filter static_user_filter (class=org.apache.hadoop.http.lib.StaticUserWebFilter$StaticUserFilter) to context logs
2022-03-01 02:08:39,925 [Listener at 127.0.0.1/45865] INFO  http.HttpServer2 (HttpServer2.java:addFilter(1014)) - Added filter static_user_filter (class=org.apache.hadoop.http.lib.StaticUserWebFilter$StaticUserFilter) to context static
2022-03-01 02:08:39,925 [Listener at 127.0.0.1/45865] INFO  http.HttpServer2 (HttpServer2.java:bindListener(1249)) - Jetty bound to port 37789
2022-03-01 02:08:39,926 [Listener at 127.0.0.1/45865] INFO  server.Server (Server.java:doStart(375)) - jetty-9.4.43.v20210629; built: 2021-06-30T11:07:22.254Z; git: 526006ecfa3af7f1a27ef3a288e2bef7ea9dd7e8; jvm 1.8.0_322-b06
2022-03-01 02:08:39,968 [Listener at 127.0.0.1/45865] INFO  server.session (DefaultSessionIdManager.java:doStart(334)) - DefaultSessionIdManager workerName=node0
2022-03-01 02:08:39,968 [Listener at 127.0.0.1/45865] INFO  server.session (DefaultSessionIdManager.java:doStart(339)) - No SessionScavenger set, using defaults
2022-03-01 02:08:39,968 [Listener at 127.0.0.1/45865] INFO  server.session (HouseKeeper.java:startScavenging(132)) - node0 Scavenging every 660000ms
2022-03-01 02:08:39,969 [Listener at 127.0.0.1/45865] INFO  handler.ContextHandler (ContextHandler.java:doStart(915)) - Started o.e.j.s.ServletContextHandler@1937bcc6{logs,/logs,file:///home/runner/work/ozone/ozone/hadoop-ozone/integration-test/target/log,AVAILABLE}
2022-03-01 02:08:39,970 [Listener at 127.0.0.1/45865] INFO  handler.ContextHandler (ContextHandler.java:doStart(915)) - Started o.e.j.s.ServletContextHandler@10646cfd{static,/static,file:///home/runner/work/ozone/ozone/hadoop-ozone/integration-test/target/test-classes/webapps/static,AVAILABLE}
2022-03-01 02:08:39,987 [Listener at 127.0.0.1/45865] INFO  handler.ContextHandler (ContextHandler.java:doStart(915)) - Started o.e.j.w.WebAppContext@1f027829{ozoneManager,/,file:///home/runner/work/ozone/ozone/hadoop-ozone/integration-test/target/test-classes/webapps/ozoneManager/,AVAILABLE}{file:/home/runner/work/ozone/ozone/hadoop-ozone/integration-test/target/test-classes/webapps/ozoneManager}
2022-03-01 02:08:39,991 [Listener at 127.0.0.1/45865] INFO  server.AbstractConnector (AbstractConnector.java:doStart(331)) - Started ServerConnector@26be3303{HTTP/1.1, (http/1.1)}{0.0.0.0:37789}
2022-03-01 02:08:39,991 [Listener at 127.0.0.1/45865] INFO  server.Server (Server.java:doStart(415)) - Started @140227ms
2022-03-01 02:08:39,991 [Listener at 127.0.0.1/45865] WARN  impl.MetricsSystemImpl (MetricsSystemImpl.java:register(279)) - Sink prometheus already exists!
2022-03-01 02:08:39,992 [Listener at 127.0.0.1/45865] INFO  http.BaseHttpServer (BaseHttpServer.java:updateConnectorAddress(329)) - HTTP server of ozoneManager listening at http://0.0.0.0:37789
2022-03-01 02:08:40,003 [IPC Server Responder] INFO  ipc.Server (Server.java:run(1507)) - IPC Server Responder: starting
2022-03-01 02:08:40,007 [IPC Server listener on 0] INFO  ipc.Server (Server.java:run(1344)) - IPC Server listener on 0: starting
2022-03-01 02:08:40,073 [Listener at 127.0.0.1/45865] INFO  om.TrashPolicyOzone (TrashPolicyOzone.java:<init>(178)) - Ozone Manager trash configuration: Deletion interval = 0 minutes, Emptier interval = 0 minutes.
2022-03-01 02:08:40,075 [org.apache.hadoop.util.JvmPauseMonitor$Monitor@5803867a] INFO  util.JvmPauseMonitor (JvmPauseMonitor.java:run(188)) - Starting JVM pause monitor
2022-03-01 02:08:40,108 [Listener at 127.0.0.1/45865] WARN  impl.MetricRegistriesImpl (MetricRegistriesImpl.java:addReporterRegistration(111)) - New reporters are added after registries were created. Some metrics will be missing from the reporter. Please add reporter before adding any new registry.
2022-03-01 02:08:40,108 [Listener at 127.0.0.1/45865] WARN  impl.MetricRegistriesImpl (MetricRegistriesImpl.java:addReporterRegistration(111)) - New reporters are added after registries were created. Some metrics will be missing from the reporter. Please add reporter before adding any new registry.
2022-03-01 02:08:40,108 [Listener at 127.0.0.1/45865] INFO  impl.MetricsSystemImpl (MetricsSystemImpl.java:init(158)) - HddsDatanode metrics system started (again)
2022-03-01 02:08:40,162 [Listener at 127.0.0.1/45865] INFO  ozone.HddsDatanodeService (HddsDatanodeService.java:start(233)) - HddsDatanodeService host:fv-az294-952.eaanfquahm5ulb5tj050gcxych.jx.internal.cloudapp.net ip:10.1.0.9
2022-03-01 02:08:40,196 [Listener at 127.0.0.1/45865] INFO  upgrade.AbstractLayoutVersionManager (AbstractLayoutVersionManager.java:init(79)) - Initializing Layout version manager with metadata layout = SCM_HA (version = 2), software layout = SCM_HA (version = 2)
2022-03-01 02:08:40,308 [Listener at 127.0.0.1/45865] INFO  reflections.Reflections (Reflections.java:scan(232)) - Reflections took 108 ms to scan 7 urls, producing 122 keys and 286 values 
2022-03-01 02:08:40,310 [Listener at 127.0.0.1/45865] INFO  statemachine.DatanodeStateMachine (DatanodeStateMachine.java:getEndPointTaskThreadPoolSize(222)) - Datanode State Machine Task Thread Pool size 2
2022-03-01 02:08:40,340 [Listener at 127.0.0.1/45865] INFO  volume.HddsVolume (HddsVolume.java:<init>(120)) - Creating HddsVolume: /home/runner/work/ozone/ozone/hadoop-ozone/integration-test/target/test-dir/MiniOzoneClusterImpl-4a905738-de8a-4f79-b951-dc63c6cec1e7/datanode-0/data-0/containers/hdds of storage type : DISK capacity : 9223372036854775807
2022-03-01 02:08:40,340 [Listener at 127.0.0.1/45865] INFO  volume.MutableVolumeSet (MutableVolumeSet.java:initializeVolumeSet(168)) - Added Volume : /home/runner/work/ozone/ozone/hadoop-ozone/integration-test/target/test-dir/MiniOzoneClusterImpl-4a905738-de8a-4f79-b951-dc63c6cec1e7/datanode-0/data-0/containers/hdds to VolumeSet
2022-03-01 02:08:40,341 [Listener at 127.0.0.1/45865] INFO  volume.ThrottledAsyncChecker (ThrottledAsyncChecker.java:schedule(141)) - Scheduling a check for /home/runner/work/ozone/ozone/hadoop-ozone/integration-test/target/test-dir/MiniOzoneClusterImpl-4a905738-de8a-4f79-b951-dc63c6cec1e7/datanode-0/data-0/containers/hdds
2022-03-01 02:08:40,351 [Listener at 127.0.0.1/45865] INFO  volume.StorageVolumeChecker (StorageVolumeChecker.java:checkAllVolumes(202)) - Scheduled health check for volume /home/runner/work/ozone/ozone/hadoop-ozone/integration-test/target/test-dir/MiniOzoneClusterImpl-4a905738-de8a-4f79-b951-dc63c6cec1e7/datanode-0/data-0/containers/hdds
2022-03-01 02:08:40,388 [Listener at 127.0.0.1/45865] INFO  volume.MutableVolumeSet (MutableVolumeSet.java:initializeVolumeSet(168)) - Added Volume : /home/runner/work/ozone/ozone/hadoop-ozone/integration-test/target/test-dir/MiniOzoneClusterImpl-4a905738-de8a-4f79-b951-dc63c6cec1e7/datanode-0/data/ratis to VolumeSet
2022-03-01 02:08:40,388 [Listener at 127.0.0.1/45865] INFO  volume.ThrottledAsyncChecker (ThrottledAsyncChecker.java:schedule(141)) - Scheduling a check for /home/runner/work/ozone/ozone/hadoop-ozone/integration-test/target/test-dir/MiniOzoneClusterImpl-4a905738-de8a-4f79-b951-dc63c6cec1e7/datanode-0/data/ratis
2022-03-01 02:08:40,389 [Listener at 127.0.0.1/45865] INFO  volume.StorageVolumeChecker (StorageVolumeChecker.java:checkAllVolumes(202)) - Scheduled health check for volume /home/runner/work/ozone/ozone/hadoop-ozone/integration-test/target/test-dir/MiniOzoneClusterImpl-4a905738-de8a-4f79-b951-dc63c6cec1e7/datanode-0/data/ratis
2022-03-01 02:08:40,443 [Thread-889] INFO  ozoneimpl.ContainerReader (ContainerReader.java:readVolume(172)) - Finish verifying containers on volume /home/runner/work/ozone/ozone/hadoop-ozone/integration-test/target/test-dir/MiniOzoneClusterImpl-4a905738-de8a-4f79-b951-dc63c6cec1e7/datanode-0/data-0/containers/hdds
2022-03-01 02:08:40,444 [Listener at 127.0.0.1/45865] INFO  ozoneimpl.OzoneContainer (OzoneContainer.java:buildContainerSet(257)) - Build ContainerSet costs 0s
2022-03-01 02:08:40,446 [Listener at 127.0.0.1/45865] INFO  server.RaftServer (ConfUtils.java:logGet(44)) - raft.rpc.type = GRPC (default)
2022-03-01 02:08:40,447 [Listener at 127.0.0.1/45865] INFO  grpc.GrpcFactory (GrpcFactory.java:checkPooledByteBufAllocatorUseCacheForAllThreads(48)) - PERFORMANCE WARNING: useCacheForAllThreads is true that may cause Netty to create a lot garbage objects and, as a result, trigger GC.
	It is recommended to disable useCacheForAllThreads by setting -Dorg.apache.ratis.thirdparty.io.netty.allocator.useCacheForAllThreads=false in command line.
2022-03-01 02:08:40,447 [Listener at 127.0.0.1/45865] INFO  grpc.GrpcConfigKeys (ConfUtils.java:logGet(44)) - raft.grpc.admin.port = 0 (custom)
2022-03-01 02:08:40,448 [Listener at 127.0.0.1/45865] INFO  grpc.GrpcConfigKeys (ConfUtils.java:logGet(44)) - raft.grpc.client.port = 0 (custom)
2022-03-01 02:08:40,448 [Listener at 127.0.0.1/45865] INFO  grpc.GrpcConfigKeys (ConfUtils.java:logGet(44)) - raft.grpc.server.port = 0 (default)
2022-03-01 02:08:40,448 [Listener at 127.0.0.1/45865] INFO  server.GrpcService (ConfUtils.java:logGet(44)) - raft.grpc.message.size.max = 32MB (=33554432) (custom)
2022-03-01 02:08:40,448 [Listener at 127.0.0.1/45865] INFO  server.RaftServerConfigKeys (ConfUtils.java:logGet(44)) - raft.server.log.appender.buffer.byte-limit = 33554432 (custom)
2022-03-01 02:08:40,448 [Listener at 127.0.0.1/45865] INFO  server.GrpcService (ConfUtils.java:logGet(44)) - raft.grpc.flow.control.window = 5MB (=5242880) (custom)
2022-03-01 02:08:40,448 [Listener at 127.0.0.1/45865] INFO  server.RaftServerConfigKeys (ConfUtils.java:logGet(44)) - raft.server.rpc.request.timeout = 60s (custom)
2022-03-01 02:08:40,451 [Listener at 127.0.0.1/45865] INFO  impl.DataStreamServerImpl (ConfUtils.java:logGet(44)) - raft.datastream.type = DISABLED (default)
2022-03-01 02:08:40,451 [Listener at 127.0.0.1/45865] INFO  server.RaftServerConfigKeys (ConfUtils.java:logGet(44)) - raft.server.rpc.slowness.timeout = 300s (custom)
2022-03-01 02:08:40,451 [Listener at 127.0.0.1/45865] INFO  server.RaftServerConfigKeys (ConfUtils.java:logGet(44)) - raft.server.leaderelection.leader.step-down.wait-time = 10s (default)
2022-03-01 02:08:40,452 [Listener at 127.0.0.1/45865] INFO  server.RaftServerConfigKeys (ConfUtils.java:logGet(44)) - raft.server.storage.dir = [/home/runner/work/ozone/ozone/hadoop-ozone/integration-test/target/test-dir/MiniOzoneClusterImpl-4a905738-de8a-4f79-b951-dc63c6cec1e7/datanode-0/data/ratis] (custom)
2022-03-01 02:08:40,453 [Listener at 127.0.0.1/45865] INFO  server.XceiverServerGrpc (XceiverServerGrpc.java:<init>(132)) - GrpcServer channel type EpollServerSocketChannel
2022-03-01 02:08:40,475 [Listener at 127.0.0.1/45865] INFO  http.BaseHttpServer (BaseHttpServer.java:newHttpServer2BuilderForOzone(209)) - Starting Web-server for hddsDatanode at: http://0.0.0.0:0
2022-03-01 02:08:40,476 [Listener at 127.0.0.1/45865] INFO  http.BaseHttpServer (BaseHttpServer.java:<init>(107)) - Hadoop Security Enabled: false Ozone Security Enabled: false Ozone HTTP Security Enabled: false 
2022-03-01 02:08:40,477 [Listener at 127.0.0.1/45865] INFO  server.AuthenticationFilter (AuthenticationFilter.java:constructSecretProvider(240)) - Unable to initialize FileSignerSecretProvider, falling back to use random secrets.
2022-03-01 02:08:40,478 [Listener at 127.0.0.1/45865] WARN  http.HttpRequestLog (HttpRequestLog.java:getRequestLog(103)) - Jetty request log can only be enabled using Log4j
2022-03-01 02:08:40,479 [Listener at 127.0.0.1/45865] INFO  http.HttpServer2 (HttpServer2.java:addGlobalFilter(1030)) - Added global filter 'safety' (class=org.apache.hadoop.hdds.server.http.HttpServer2$QuotingInputFilter)
2022-03-01 02:08:40,479 [Listener at 127.0.0.1/45865] INFO  http.HttpServer2 (HttpServer2.java:addFilter(1006)) - Added filter static_user_filter (class=org.apache.hadoop.http.lib.StaticUserWebFilter$StaticUserFilter) to context hddsDatanode
2022-03-01 02:08:40,479 [Listener at 127.0.0.1/45865] INFO  http.HttpServer2 (HttpServer2.java:addFilter(1014)) - Added filter static_user_filter (class=org.apache.hadoop.http.lib.StaticUserWebFilter$StaticUserFilter) to context static
2022-03-01 02:08:40,480 [Listener at 127.0.0.1/45865] INFO  http.HttpServer2 (HttpServer2.java:addFilter(1014)) - Added filter static_user_filter (class=org.apache.hadoop.http.lib.StaticUserWebFilter$StaticUserFilter) to context logs
2022-03-01 02:08:40,480 [Listener at 127.0.0.1/45865] INFO  http.HttpServer2 (HttpServer2.java:bindListener(1249)) - Jetty bound to port 34031
2022-03-01 02:08:40,480 [Listener at 127.0.0.1/45865] INFO  server.Server (Server.java:doStart(375)) - jetty-9.4.43.v20210629; built: 2021-06-30T11:07:22.254Z; git: 526006ecfa3af7f1a27ef3a288e2bef7ea9dd7e8; jvm 1.8.0_322-b06
2022-03-01 02:08:40,482 [Listener at 127.0.0.1/45865] INFO  server.session (DefaultSessionIdManager.java:doStart(334)) - DefaultSessionIdManager workerName=node0
2022-03-01 02:08:40,482 [Listener at 127.0.0.1/45865] INFO  server.session (DefaultSessionIdManager.java:doStart(339)) - No SessionScavenger set, using defaults
2022-03-01 02:08:40,482 [Listener at 127.0.0.1/45865] INFO  server.session (HouseKeeper.java:startScavenging(132)) - node0 Scavenging every 660000ms
2022-03-01 02:08:40,483 [Listener at 127.0.0.1/45865] INFO  handler.ContextHandler (ContextHandler.java:doStart(915)) - Started o.e.j.s.ServletContextHandler@5e4a068f{logs,/logs,file:///home/runner/work/ozone/ozone/hadoop-ozone/integration-test/target/log,AVAILABLE}
2022-03-01 02:08:40,483 [Listener at 127.0.0.1/45865] INFO  handler.ContextHandler (ContextHandler.java:doStart(915)) - Started o.e.j.s.ServletContextHandler@6a6082b3{static,/static,jar:file:/home/runner/.m2/repository/org/apache/ozone/hdds-container-service/1.3.0-SNAPSHOT/hdds-container-service-1.3.0-SNAPSHOT.jar!/webapps/static,AVAILABLE}
2022-03-01 02:08:40,613 [Listener at 127.0.0.1/45865] INFO  handler.ContextHandler (ContextHandler.java:doStart(915)) - Started o.e.j.w.WebAppContext@11014d1b{hddsDatanode,/,file:///tmp/jetty-0_0_0_0-34031-hdds-container-service-1_3_0-SNAPSHOT_jar-_-any-7683801870538686726/webapp/,AVAILABLE}{jar:file:/home/runner/.m2/repository/org/apache/ozone/hdds-container-service/1.3.0-SNAPSHOT/hdds-container-service-1.3.0-SNAPSHOT.jar!/webapps/hddsDatanode}
2022-03-01 02:08:40,615 [Listener at 127.0.0.1/45865] INFO  server.AbstractConnector (AbstractConnector.java:doStart(331)) - Started ServerConnector@5e1c2cff{HTTP/1.1, (http/1.1)}{0.0.0.0:34031}
2022-03-01 02:08:40,615 [Listener at 127.0.0.1/45865] INFO  server.Server (Server.java:doStart(415)) - Started @140851ms
2022-03-01 02:08:40,615 [Listener at 127.0.0.1/45865] WARN  impl.MetricsSystemImpl (MetricsSystemImpl.java:register(279)) - Sink prometheus already exists!
2022-03-01 02:08:40,616 [Listener at 127.0.0.1/45865] INFO  http.BaseHttpServer (BaseHttpServer.java:updateConnectorAddress(329)) - HTTP server of hddsDatanode listening at http://0.0.0.0:34031
2022-03-01 02:08:40,619 [Listener at 127.0.0.1/45865] WARN  impl.MetricRegistriesImpl (MetricRegistriesImpl.java:addReporterRegistration(111)) - New reporters are added after registries were created. Some metrics will be missing from the reporter. Please add reporter before adding any new registry.
2022-03-01 02:08:40,619 [Listener at 127.0.0.1/45865] WARN  impl.MetricRegistriesImpl (MetricRegistriesImpl.java:addReporterRegistration(111)) - New reporters are added after registries were created. Some metrics will be missing from the reporter. Please add reporter before adding any new registry.
2022-03-01 02:08:40,620 [Listener at 127.0.0.1/45865] INFO  impl.MetricsSystemImpl (MetricsSystemImpl.java:init(158)) - HddsDatanode metrics system started (again)
2022-03-01 02:08:40,635 [Datanode State Machine Daemon Thread] INFO  statemachine.DatanodeStateMachine (DatanodeStateMachine.java:lambda$startDaemon$0(470)) - Ozone container server started.
2022-03-01 02:08:40,686 [org.apache.hadoop.util.JvmPauseMonitor$Monitor@647adae7] INFO  util.JvmPauseMonitor (JvmPauseMonitor.java:run(188)) - Starting JVM pause monitor
2022-03-01 02:08:40,712 [Datanode State Machine Task Thread - 0] INFO  datanode.InitDatanodeState (InitDatanodeState.java:persistContainerDatanodeDetails(138)) - DatanodeDetails is persisted to /home/runner/work/ozone/ozone/hadoop-ozone/integration-test/target/test-dir/MiniOzoneClusterImpl-4a905738-de8a-4f79-b951-dc63c6cec1e7/datanode-0/meta/datanode.id
2022-03-01 02:08:40,715 [Listener at 127.0.0.1/45865] INFO  ozone.HddsDatanodeService (HddsDatanodeService.java:start(233)) - HddsDatanodeService host:fv-az294-952.eaanfquahm5ulb5tj050gcxych.jx.internal.cloudapp.net ip:10.1.0.9
2022-03-01 02:08:40,776 [Listener at 127.0.0.1/45865] INFO  upgrade.AbstractLayoutVersionManager (AbstractLayoutVersionManager.java:init(79)) - Initializing Layout version manager with metadata layout = SCM_HA (version = 2), software layout = SCM_HA (version = 2)
2022-03-01 02:08:40,921 [Listener at 127.0.0.1/45865] INFO  reflections.Reflections (Reflections.java:scan(232)) - Reflections took 143 ms to scan 7 urls, producing 122 keys and 286 values 
2022-03-01 02:08:40,923 [Listener at 127.0.0.1/45865] INFO  statemachine.DatanodeStateMachine (DatanodeStateMachine.java:getEndPointTaskThreadPoolSize(222)) - Datanode State Machine Task Thread Pool size 2
2022-03-01 02:08:40,932 [Listener at 127.0.0.1/45865] INFO  volume.HddsVolume (HddsVolume.java:<init>(120)) - Creating HddsVolume: /home/runner/work/ozone/ozone/hadoop-ozone/integration-test/target/test-dir/MiniOzoneClusterImpl-4a905738-de8a-4f79-b951-dc63c6cec1e7/datanode-1/data-0/containers/hdds of storage type : DISK capacity : 9223372036854775807
2022-03-01 02:08:40,932 [Listener at 127.0.0.1/45865] INFO  volume.MutableVolumeSet (MutableVolumeSet.java:initializeVolumeSet(168)) - Added Volume : /home/runner/work/ozone/ozone/hadoop-ozone/integration-test/target/test-dir/MiniOzoneClusterImpl-4a905738-de8a-4f79-b951-dc63c6cec1e7/datanode-1/data-0/containers/hdds to VolumeSet
2022-03-01 02:08:40,932 [Listener at 127.0.0.1/45865] INFO  volume.ThrottledAsyncChecker (ThrottledAsyncChecker.java:schedule(141)) - Scheduling a check for /home/runner/work/ozone/ozone/hadoop-ozone/integration-test/target/test-dir/MiniOzoneClusterImpl-4a905738-de8a-4f79-b951-dc63c6cec1e7/datanode-1/data-0/containers/hdds
2022-03-01 02:08:40,947 [Listener at 127.0.0.1/45865] INFO  volume.StorageVolumeChecker (StorageVolumeChecker.java:checkAllVolumes(202)) - Scheduled health check for volume /home/runner/work/ozone/ozone/hadoop-ozone/integration-test/target/test-dir/MiniOzoneClusterImpl-4a905738-de8a-4f79-b951-dc63c6cec1e7/datanode-1/data-0/containers/hdds
2022-03-01 02:08:40,987 [Listener at 127.0.0.1/45865] INFO  volume.MutableVolumeSet (MutableVolumeSet.java:initializeVolumeSet(168)) - Added Volume : /home/runner/work/ozone/ozone/hadoop-ozone/integration-test/target/test-dir/MiniOzoneClusterImpl-4a905738-de8a-4f79-b951-dc63c6cec1e7/datanode-1/data/ratis to VolumeSet
2022-03-01 02:08:40,993 [Listener at 127.0.0.1/45865] INFO  volume.ThrottledAsyncChecker (ThrottledAsyncChecker.java:schedule(141)) - Scheduling a check for /home/runner/work/ozone/ozone/hadoop-ozone/integration-test/target/test-dir/MiniOzoneClusterImpl-4a905738-de8a-4f79-b951-dc63c6cec1e7/datanode-1/data/ratis
2022-03-01 02:08:40,993 [Listener at 127.0.0.1/45865] INFO  volume.StorageVolumeChecker (StorageVolumeChecker.java:checkAllVolumes(202)) - Scheduled health check for volume /home/runner/work/ozone/ozone/hadoop-ozone/integration-test/target/test-dir/MiniOzoneClusterImpl-4a905738-de8a-4f79-b951-dc63c6cec1e7/datanode-1/data/ratis
2022-03-01 02:08:41,028 [Thread-901] INFO  ozoneimpl.ContainerReader (ContainerReader.java:readVolume(172)) - Finish verifying containers on volume /home/runner/work/ozone/ozone/hadoop-ozone/integration-test/target/test-dir/MiniOzoneClusterImpl-4a905738-de8a-4f79-b951-dc63c6cec1e7/datanode-1/data-0/containers/hdds
2022-03-01 02:08:41,028 [Listener at 127.0.0.1/45865] INFO  ozoneimpl.OzoneContainer (OzoneContainer.java:buildContainerSet(257)) - Build ContainerSet costs 0s
2022-03-01 02:08:41,031 [Listener at 127.0.0.1/45865] INFO  server.RaftServer (ConfUtils.java:logGet(44)) - raft.rpc.type = GRPC (default)
2022-03-01 02:08:41,039 [Listener at 127.0.0.1/45865] INFO  grpc.GrpcFactory (GrpcFactory.java:checkPooledByteBufAllocatorUseCacheForAllThreads(48)) - PERFORMANCE WARNING: useCacheForAllThreads is true that may cause Netty to create a lot garbage objects and, as a result, trigger GC.
	It is recommended to disable useCacheForAllThreads by setting -Dorg.apache.ratis.thirdparty.io.netty.allocator.useCacheForAllThreads=false in command line.
2022-03-01 02:08:41,039 [Listener at 127.0.0.1/45865] INFO  grpc.GrpcConfigKeys (ConfUtils.java:logGet(44)) - raft.grpc.admin.port = 0 (custom)
2022-03-01 02:08:41,040 [Listener at 127.0.0.1/45865] INFO  grpc.GrpcConfigKeys (ConfUtils.java:logGet(44)) - raft.grpc.client.port = 0 (custom)
2022-03-01 02:08:41,040 [Listener at 127.0.0.1/45865] INFO  grpc.GrpcConfigKeys (ConfUtils.java:logGet(44)) - raft.grpc.server.port = 0 (default)
2022-03-01 02:08:41,040 [Listener at 127.0.0.1/45865] INFO  server.GrpcService (ConfUtils.java:logGet(44)) - raft.grpc.message.size.max = 32MB (=33554432) (custom)
2022-03-01 02:08:41,040 [Listener at 127.0.0.1/45865] INFO  server.RaftServerConfigKeys (ConfUtils.java:logGet(44)) - raft.server.log.appender.buffer.byte-limit = 33554432 (custom)
2022-03-01 02:08:41,040 [Listener at 127.0.0.1/45865] INFO  server.GrpcService (ConfUtils.java:logGet(44)) - raft.grpc.flow.control.window = 5MB (=5242880) (custom)
2022-03-01 02:08:41,040 [Listener at 127.0.0.1/45865] INFO  server.RaftServerConfigKeys (ConfUtils.java:logGet(44)) - raft.server.rpc.request.timeout = 60s (custom)
2022-03-01 02:08:41,042 [Listener at 127.0.0.1/45865] INFO  impl.DataStreamServerImpl (ConfUtils.java:logGet(44)) - raft.datastream.type = DISABLED (default)
2022-03-01 02:08:41,051 [Listener at 127.0.0.1/45865] INFO  server.RaftServerConfigKeys (ConfUtils.java:logGet(44)) - raft.server.rpc.slowness.timeout = 300s (custom)
2022-03-01 02:08:41,053 [Listener at 127.0.0.1/45865] INFO  server.RaftServerConfigKeys (ConfUtils.java:logGet(44)) - raft.server.leaderelection.leader.step-down.wait-time = 10s (default)
2022-03-01 02:08:41,054 [Listener at 127.0.0.1/45865] INFO  server.RaftServerConfigKeys (ConfUtils.java:logGet(44)) - raft.server.storage.dir = [/home/runner/work/ozone/ozone/hadoop-ozone/integration-test/target/test-dir/MiniOzoneClusterImpl-4a905738-de8a-4f79-b951-dc63c6cec1e7/datanode-1/data/ratis] (custom)
2022-03-01 02:08:41,055 [Listener at 127.0.0.1/45865] INFO  server.XceiverServerGrpc (XceiverServerGrpc.java:<init>(132)) - GrpcServer channel type EpollServerSocketChannel
2022-03-01 02:08:41,083 [Listener at 127.0.0.1/45865] INFO  http.BaseHttpServer (BaseHttpServer.java:newHttpServer2BuilderForOzone(209)) - Starting Web-server for hddsDatanode at: http://0.0.0.0:0
2022-03-01 02:08:41,083 [Listener at 127.0.0.1/45865] INFO  http.BaseHttpServer (BaseHttpServer.java:<init>(107)) - Hadoop Security Enabled: false Ozone Security Enabled: false Ozone HTTP Security Enabled: false 
2022-03-01 02:08:41,091 [Listener at 127.0.0.1/45865] INFO  server.AuthenticationFilter (AuthenticationFilter.java:constructSecretProvider(240)) - Unable to initialize FileSignerSecretProvider, falling back to use random secrets.
2022-03-01 02:08:41,099 [Listener at 127.0.0.1/45865] WARN  http.HttpRequestLog (HttpRequestLog.java:getRequestLog(103)) - Jetty request log can only be enabled using Log4j
2022-03-01 02:08:41,100 [Listener at 127.0.0.1/45865] INFO  http.HttpServer2 (HttpServer2.java:addGlobalFilter(1030)) - Added global filter 'safety' (class=org.apache.hadoop.hdds.server.http.HttpServer2$QuotingInputFilter)
2022-03-01 02:08:41,101 [Listener at 127.0.0.1/45865] INFO  http.HttpServer2 (HttpServer2.java:addFilter(1006)) - Added filter static_user_filter (class=org.apache.hadoop.http.lib.StaticUserWebFilter$StaticUserFilter) to context hddsDatanode
2022-03-01 02:08:41,102 [Listener at 127.0.0.1/45865] INFO  http.HttpServer2 (HttpServer2.java:addFilter(1014)) - Added filter static_user_filter (class=org.apache.hadoop.http.lib.StaticUserWebFilter$StaticUserFilter) to context logs
2022-03-01 02:08:41,102 [Listener at 127.0.0.1/45865] INFO  http.HttpServer2 (HttpServer2.java:addFilter(1014)) - Added filter static_user_filter (class=org.apache.hadoop.http.lib.StaticUserWebFilter$StaticUserFilter) to context static
2022-03-01 02:08:41,102 [Listener at 127.0.0.1/45865] INFO  http.HttpServer2 (HttpServer2.java:bindListener(1249)) - Jetty bound to port 36527
2022-03-01 02:08:41,103 [Listener at 127.0.0.1/45865] INFO  server.Server (Server.java:doStart(375)) - jetty-9.4.43.v20210629; built: 2021-06-30T11:07:22.254Z; git: 526006ecfa3af7f1a27ef3a288e2bef7ea9dd7e8; jvm 1.8.0_322-b06
2022-03-01 02:08:41,175 [Listener at 127.0.0.1/45865] INFO  server.session (DefaultSessionIdManager.java:doStart(334)) - DefaultSessionIdManager workerName=node0
2022-03-01 02:08:41,176 [Listener at 127.0.0.1/45865] INFO  server.session (DefaultSessionIdManager.java:doStart(339)) - No SessionScavenger set, using defaults
2022-03-01 02:08:41,176 [Listener at 127.0.0.1/45865] INFO  server.session (HouseKeeper.java:startScavenging(132)) - node0 Scavenging every 660000ms
2022-03-01 02:08:41,184 [Listener at 127.0.0.1/45865] INFO  handler.ContextHandler (ContextHandler.java:doStart(915)) - Started o.e.j.s.ServletContextHandler@37bfaf2b{logs,/logs,file:///home/runner/work/ozone/ozone/hadoop-ozone/integration-test/target/log,AVAILABLE}
2022-03-01 02:08:41,184 [Listener at 127.0.0.1/45865] INFO  handler.ContextHandler (ContextHandler.java:doStart(915)) - Started o.e.j.s.ServletContextHandler@75319fd4{static,/static,jar:file:/home/runner/.m2/repository/org/apache/ozone/hdds-container-service/1.3.0-SNAPSHOT/hdds-container-service-1.3.0-SNAPSHOT.jar!/webapps/static,AVAILABLE}
2022-03-01 02:08:41,299 [Listener at 127.0.0.1/45865] INFO  handler.ContextHandler (ContextHandler.java:doStart(915)) - Started o.e.j.w.WebAppContext@7181fe53{hddsDatanode,/,file:///tmp/jetty-0_0_0_0-36527-hdds-container-service-1_3_0-SNAPSHOT_jar-_-any-2340478188624198642/webapp/,AVAILABLE}{jar:file:/home/runner/.m2/repository/org/apache/ozone/hdds-container-service/1.3.0-SNAPSHOT/hdds-container-service-1.3.0-SNAPSHOT.jar!/webapps/hddsDatanode}
2022-03-01 02:08:41,315 [Listener at 127.0.0.1/45865] INFO  server.AbstractConnector (AbstractConnector.java:doStart(331)) - Started ServerConnector@4afe1fdc{HTTP/1.1, (http/1.1)}{0.0.0.0:36527}
2022-03-01 02:08:41,315 [Listener at 127.0.0.1/45865] INFO  server.Server (Server.java:doStart(415)) - Started @141552ms
2022-03-01 02:08:41,316 [Listener at 127.0.0.1/45865] WARN  impl.MetricsSystemImpl (MetricsSystemImpl.java:register(279)) - Sink prometheus already exists!
2022-03-01 02:08:41,316 [Listener at 127.0.0.1/45865] INFO  http.BaseHttpServer (BaseHttpServer.java:updateConnectorAddress(329)) - HTTP server of hddsDatanode listening at http://0.0.0.0:36527
2022-03-01 02:08:41,326 [Listener at 127.0.0.1/45865] WARN  impl.MetricRegistriesImpl (MetricRegistriesImpl.java:addReporterRegistration(111)) - New reporters are added after registries were created. Some metrics will be missing from the reporter. Please add reporter before adding any new registry.
2022-03-01 02:08:41,326 [Listener at 127.0.0.1/45865] WARN  impl.MetricRegistriesImpl (MetricRegistriesImpl.java:addReporterRegistration(111)) - New reporters are added after registries were created. Some metrics will be missing from the reporter. Please add reporter before adding any new registry.
2022-03-01 02:08:41,326 [Listener at 127.0.0.1/45865] INFO  impl.MetricsSystemImpl (MetricsSystemImpl.java:init(158)) - HddsDatanode metrics system started (again)
2022-03-01 02:08:41,343 [Datanode State Machine Daemon Thread] INFO  statemachine.DatanodeStateMachine (DatanodeStateMachine.java:lambda$startDaemon$0(470)) - Ozone container server started.
2022-03-01 02:08:41,363 [org.apache.hadoop.util.JvmPauseMonitor$Monitor@3b48ef3b] INFO  util.JvmPauseMonitor (JvmPauseMonitor.java:run(188)) - Starting JVM pause monitor
2022-03-01 02:08:41,378 [Listener at 127.0.0.1/45865] INFO  ozone.HddsDatanodeService (HddsDatanodeService.java:start(233)) - HddsDatanodeService host:fv-az294-952.eaanfquahm5ulb5tj050gcxych.jx.internal.cloudapp.net ip:10.1.0.9
2022-03-01 02:08:41,381 [Datanode State Machine Task Thread - 0] INFO  datanode.InitDatanodeState (InitDatanodeState.java:persistContainerDatanodeDetails(138)) - DatanodeDetails is persisted to /home/runner/work/ozone/ozone/hadoop-ozone/integration-test/target/test-dir/MiniOzoneClusterImpl-4a905738-de8a-4f79-b951-dc63c6cec1e7/datanode-1/meta/datanode.id
2022-03-01 02:08:41,412 [Listener at 127.0.0.1/45865] INFO  upgrade.AbstractLayoutVersionManager (AbstractLayoutVersionManager.java:init(79)) - Initializing Layout version manager with metadata layout = SCM_HA (version = 2), software layout = SCM_HA (version = 2)
2022-03-01 02:08:41,478 [Listener at 127.0.0.1/45865] INFO  reflections.Reflections (Reflections.java:scan(232)) - Reflections took 65 ms to scan 7 urls, producing 122 keys and 286 values 
2022-03-01 02:08:41,479 [Listener at 127.0.0.1/45865] INFO  statemachine.DatanodeStateMachine (DatanodeStateMachine.java:getEndPointTaskThreadPoolSize(222)) - Datanode State Machine Task Thread Pool size 2
2022-03-01 02:08:41,481 [Listener at 127.0.0.1/45865] INFO  volume.HddsVolume (HddsVolume.java:<init>(120)) - Creating HddsVolume: /home/runner/work/ozone/ozone/hadoop-ozone/integration-test/target/test-dir/MiniOzoneClusterImpl-4a905738-de8a-4f79-b951-dc63c6cec1e7/datanode-2/data-0/containers/hdds of storage type : DISK capacity : 9223372036854775807
2022-03-01 02:08:41,481 [Listener at 127.0.0.1/45865] INFO  volume.MutableVolumeSet (MutableVolumeSet.java:initializeVolumeSet(168)) - Added Volume : /home/runner/work/ozone/ozone/hadoop-ozone/integration-test/target/test-dir/MiniOzoneClusterImpl-4a905738-de8a-4f79-b951-dc63c6cec1e7/datanode-2/data-0/containers/hdds to VolumeSet
2022-03-01 02:08:41,481 [Listener at 127.0.0.1/45865] INFO  volume.ThrottledAsyncChecker (ThrottledAsyncChecker.java:schedule(141)) - Scheduling a check for /home/runner/work/ozone/ozone/hadoop-ozone/integration-test/target/test-dir/MiniOzoneClusterImpl-4a905738-de8a-4f79-b951-dc63c6cec1e7/datanode-2/data-0/containers/hdds
2022-03-01 02:08:41,482 [Listener at 127.0.0.1/45865] INFO  volume.StorageVolumeChecker (StorageVolumeChecker.java:checkAllVolumes(202)) - Scheduled health check for volume /home/runner/work/ozone/ozone/hadoop-ozone/integration-test/target/test-dir/MiniOzoneClusterImpl-4a905738-de8a-4f79-b951-dc63c6cec1e7/datanode-2/data-0/containers/hdds
2022-03-01 02:08:41,506 [Listener at 127.0.0.1/45865] INFO  volume.MutableVolumeSet (MutableVolumeSet.java:initializeVolumeSet(168)) - Added Volume : /home/runner/work/ozone/ozone/hadoop-ozone/integration-test/target/test-dir/MiniOzoneClusterImpl-4a905738-de8a-4f79-b951-dc63c6cec1e7/datanode-2/data/ratis to VolumeSet
2022-03-01 02:08:41,506 [Listener at 127.0.0.1/45865] INFO  volume.ThrottledAsyncChecker (ThrottledAsyncChecker.java:schedule(141)) - Scheduling a check for /home/runner/work/ozone/ozone/hadoop-ozone/integration-test/target/test-dir/MiniOzoneClusterImpl-4a905738-de8a-4f79-b951-dc63c6cec1e7/datanode-2/data/ratis
2022-03-01 02:08:41,507 [Listener at 127.0.0.1/45865] INFO  volume.StorageVolumeChecker (StorageVolumeChecker.java:checkAllVolumes(202)) - Scheduled health check for volume /home/runner/work/ozone/ozone/hadoop-ozone/integration-test/target/test-dir/MiniOzoneClusterImpl-4a905738-de8a-4f79-b951-dc63c6cec1e7/datanode-2/data/ratis
2022-03-01 02:08:41,533 [Thread-913] INFO  ozoneimpl.ContainerReader (ContainerReader.java:readVolume(172)) - Finish verifying containers on volume /home/runner/work/ozone/ozone/hadoop-ozone/integration-test/target/test-dir/MiniOzoneClusterImpl-4a905738-de8a-4f79-b951-dc63c6cec1e7/datanode-2/data-0/containers/hdds
2022-03-01 02:08:41,533 [Listener at 127.0.0.1/45865] INFO  ozoneimpl.OzoneContainer (OzoneContainer.java:buildContainerSet(257)) - Build ContainerSet costs 0s
2022-03-01 02:08:41,535 [Listener at 127.0.0.1/45865] INFO  server.RaftServer (ConfUtils.java:logGet(44)) - raft.rpc.type = GRPC (default)
2022-03-01 02:08:41,535 [Listener at 127.0.0.1/45865] INFO  grpc.GrpcFactory (GrpcFactory.java:checkPooledByteBufAllocatorUseCacheForAllThreads(48)) - PERFORMANCE WARNING: useCacheForAllThreads is true that may cause Netty to create a lot garbage objects and, as a result, trigger GC.
	It is recommended to disable useCacheForAllThreads by setting -Dorg.apache.ratis.thirdparty.io.netty.allocator.useCacheForAllThreads=false in command line.
2022-03-01 02:08:41,535 [Listener at 127.0.0.1/45865] INFO  grpc.GrpcConfigKeys (ConfUtils.java:logGet(44)) - raft.grpc.admin.port = 0 (custom)
2022-03-01 02:08:41,535 [Listener at 127.0.0.1/45865] INFO  grpc.GrpcConfigKeys (ConfUtils.java:logGet(44)) - raft.grpc.client.port = 0 (custom)
2022-03-01 02:08:41,536 [Listener at 127.0.0.1/45865] INFO  grpc.GrpcConfigKeys (ConfUtils.java:logGet(44)) - raft.grpc.server.port = 0 (default)
2022-03-01 02:08:41,536 [Listener at 127.0.0.1/45865] INFO  server.GrpcService (ConfUtils.java:logGet(44)) - raft.grpc.message.size.max = 32MB (=33554432) (custom)
2022-03-01 02:08:41,536 [Listener at 127.0.0.1/45865] INFO  server.RaftServerConfigKeys (ConfUtils.java:logGet(44)) - raft.server.log.appender.buffer.byte-limit = 33554432 (custom)
2022-03-01 02:08:41,536 [Listener at 127.0.0.1/45865] INFO  server.GrpcService (ConfUtils.java:logGet(44)) - raft.grpc.flow.control.window = 5MB (=5242880) (custom)
2022-03-01 02:08:41,536 [Listener at 127.0.0.1/45865] INFO  server.RaftServerConfigKeys (ConfUtils.java:logGet(44)) - raft.server.rpc.request.timeout = 60s (custom)
2022-03-01 02:08:41,537 [Listener at 127.0.0.1/45865] INFO  impl.DataStreamServerImpl (ConfUtils.java:logGet(44)) - raft.datastream.type = DISABLED (default)
2022-03-01 02:08:41,537 [Listener at 127.0.0.1/45865] INFO  server.RaftServerConfigKeys (ConfUtils.java:logGet(44)) - raft.server.rpc.slowness.timeout = 300s (custom)
2022-03-01 02:08:41,538 [Listener at 127.0.0.1/45865] INFO  server.RaftServerConfigKeys (ConfUtils.java:logGet(44)) - raft.server.leaderelection.leader.step-down.wait-time = 10s (default)
2022-03-01 02:08:41,538 [Listener at 127.0.0.1/45865] INFO  server.RaftServerConfigKeys (ConfUtils.java:logGet(44)) - raft.server.storage.dir = [/home/runner/work/ozone/ozone/hadoop-ozone/integration-test/target/test-dir/MiniOzoneClusterImpl-4a905738-de8a-4f79-b951-dc63c6cec1e7/datanode-2/data/ratis] (custom)
2022-03-01 02:08:41,539 [Listener at 127.0.0.1/45865] INFO  server.XceiverServerGrpc (XceiverServerGrpc.java:<init>(132)) - GrpcServer channel type EpollServerSocketChannel
2022-03-01 02:08:41,541 [Listener at 127.0.0.1/45865] INFO  http.BaseHttpServer (BaseHttpServer.java:newHttpServer2BuilderForOzone(209)) - Starting Web-server for hddsDatanode at: http://0.0.0.0:0
2022-03-01 02:08:41,541 [Listener at 127.0.0.1/45865] INFO  http.BaseHttpServer (BaseHttpServer.java:<init>(107)) - Hadoop Security Enabled: false Ozone Security Enabled: false Ozone HTTP Security Enabled: false 
2022-03-01 02:08:41,542 [Listener at 127.0.0.1/45865] INFO  server.AuthenticationFilter (AuthenticationFilter.java:constructSecretProvider(240)) - Unable to initialize FileSignerSecretProvider, falling back to use random secrets.
2022-03-01 02:08:41,543 [Listener at 127.0.0.1/45865] WARN  http.HttpRequestLog (HttpRequestLog.java:getRequestLog(103)) - Jetty request log can only be enabled using Log4j
2022-03-01 02:08:41,543 [Listener at 127.0.0.1/45865] INFO  http.HttpServer2 (HttpServer2.java:addGlobalFilter(1030)) - Added global filter 'safety' (class=org.apache.hadoop.hdds.server.http.HttpServer2$QuotingInputFilter)
2022-03-01 02:08:41,544 [Listener at 127.0.0.1/45865] INFO  http.HttpServer2 (HttpServer2.java:addFilter(1006)) - Added filter static_user_filter (class=org.apache.hadoop.http.lib.StaticUserWebFilter$StaticUserFilter) to context hddsDatanode
2022-03-01 02:08:41,544 [Listener at 127.0.0.1/45865] INFO  http.HttpServer2 (HttpServer2.java:addFilter(1014)) - Added filter static_user_filter (class=org.apache.hadoop.http.lib.StaticUserWebFilter$StaticUserFilter) to context static
2022-03-01 02:08:41,544 [Listener at 127.0.0.1/45865] INFO  http.HttpServer2 (HttpServer2.java:addFilter(1014)) - Added filter static_user_filter (class=org.apache.hadoop.http.lib.StaticUserWebFilter$StaticUserFilter) to context logs
2022-03-01 02:08:41,545 [Listener at 127.0.0.1/45865] INFO  http.HttpServer2 (HttpServer2.java:bindListener(1249)) - Jetty bound to port 36101
2022-03-01 02:08:41,545 [Listener at 127.0.0.1/45865] INFO  server.Server (Server.java:doStart(375)) - jetty-9.4.43.v20210629; built: 2021-06-30T11:07:22.254Z; git: 526006ecfa3af7f1a27ef3a288e2bef7ea9dd7e8; jvm 1.8.0_322-b06
2022-03-01 02:08:41,546 [Listener at 127.0.0.1/45865] INFO  server.session (DefaultSessionIdManager.java:doStart(334)) - DefaultSessionIdManager workerName=node0
2022-03-01 02:08:41,546 [Listener at 127.0.0.1/45865] INFO  server.session (DefaultSessionIdManager.java:doStart(339)) - No SessionScavenger set, using defaults
2022-03-01 02:08:41,547 [Listener at 127.0.0.1/45865] INFO  server.session (HouseKeeper.java:startScavenging(132)) - node0 Scavenging every 660000ms
2022-03-01 02:08:41,547 [Listener at 127.0.0.1/45865] INFO  handler.ContextHandler (ContextHandler.java:doStart(915)) - Started o.e.j.s.ServletContextHandler@1f07773e{logs,/logs,file:///home/runner/work/ozone/ozone/hadoop-ozone/integration-test/target/log,AVAILABLE}
2022-03-01 02:08:41,548 [Listener at 127.0.0.1/45865] INFO  handler.ContextHandler (ContextHandler.java:doStart(915)) - Started o.e.j.s.ServletContextHandler@6f5a94cf{static,/static,jar:file:/home/runner/.m2/repository/org/apache/ozone/hdds-container-service/1.3.0-SNAPSHOT/hdds-container-service-1.3.0-SNAPSHOT.jar!/webapps/static,AVAILABLE}
2022-03-01 02:08:41,626 [Listener at 127.0.0.1/45865] INFO  handler.ContextHandler (ContextHandler.java:doStart(915)) - Started o.e.j.w.WebAppContext@332c8e2c{hddsDatanode,/,file:///tmp/jetty-0_0_0_0-36101-hdds-container-service-1_3_0-SNAPSHOT_jar-_-any-5799017149584318386/webapp/,AVAILABLE}{jar:file:/home/runner/.m2/repository/org/apache/ozone/hdds-container-service/1.3.0-SNAPSHOT/hdds-container-service-1.3.0-SNAPSHOT.jar!/webapps/hddsDatanode}
2022-03-01 02:08:41,647 [Listener at 127.0.0.1/45865] INFO  server.AbstractConnector (AbstractConnector.java:doStart(331)) - Started ServerConnector@525e0c73{HTTP/1.1, (http/1.1)}{0.0.0.0:36101}
2022-03-01 02:08:41,648 [Listener at 127.0.0.1/45865] INFO  server.Server (Server.java:doStart(415)) - Started @141884ms
2022-03-01 02:08:41,648 [Listener at 127.0.0.1/45865] WARN  impl.MetricsSystemImpl (MetricsSystemImpl.java:register(279)) - Sink prometheus already exists!
2022-03-01 02:08:41,649 [Listener at 127.0.0.1/45865] INFO  http.BaseHttpServer (BaseHttpServer.java:updateConnectorAddress(329)) - HTTP server of hddsDatanode listening at http://0.0.0.0:36101
2022-03-01 02:08:41,651 [Listener at 127.0.0.1/45865] INFO  ozone.MiniOzoneClusterImpl (MiniOzoneClusterImpl.java:lambda$waitForClusterToBeReady$0(219)) - Waiting for nodes to be ready. Got 0 of 3 DN Heartbeats.
2022-03-01 02:08:41,652 [Listener at 127.0.0.1/45865] INFO  ozone.MiniOzoneClusterImpl (MiniOzoneClusterImpl.java:lambda$waitForClusterToBeReady$0(222)) - Waiting for cluster to exit safe mode
2022-03-01 02:08:41,652 [Listener at 127.0.0.1/45865] INFO  ozone.MiniOzoneClusterImpl (MiniOzoneClusterImpl.java:lambda$waitForClusterToBeReady$0(224)) - SCM became leader
2022-03-01 02:08:41,659 [Datanode State Machine Daemon Thread] INFO  statemachine.DatanodeStateMachine (DatanodeStateMachine.java:lambda$startDaemon$0(470)) - Ozone container server started.
2022-03-01 02:08:41,679 [org.apache.hadoop.util.JvmPauseMonitor$Monitor@262a3100] INFO  util.JvmPauseMonitor (JvmPauseMonitor.java:run(188)) - Starting JVM pause monitor
2022-03-01 02:08:41,705 [Datanode State Machine Task Thread - 0] INFO  datanode.InitDatanodeState (InitDatanodeState.java:persistContainerDatanodeDetails(138)) - DatanodeDetails is persisted to /home/runner/work/ozone/ozone/hadoop-ozone/integration-test/target/test-dir/MiniOzoneClusterImpl-4a905738-de8a-4f79-b951-dc63c6cec1e7/datanode-2/meta/datanode.id
2022-03-01 02:08:42,652 [Listener at 127.0.0.1/45865] INFO  ozone.MiniOzoneClusterImpl (MiniOzoneClusterImpl.java:lambda$waitForClusterToBeReady$0(219)) - Waiting for nodes to be ready. Got 0 of 3 DN Heartbeats.
2022-03-01 02:08:42,652 [Listener at 127.0.0.1/45865] INFO  ozone.MiniOzoneClusterImpl (MiniOzoneClusterImpl.java:lambda$waitForClusterToBeReady$0(222)) - Waiting for cluster to exit safe mode
2022-03-01 02:08:42,652 [Listener at 127.0.0.1/45865] INFO  ozone.MiniOzoneClusterImpl (MiniOzoneClusterImpl.java:lambda$waitForClusterToBeReady$0(224)) - SCM became leader
2022-03-01 02:08:42,716 [EndpointStateMachine task thread for /0.0.0.0:39993 - 0 ] INFO  ozoneimpl.OzoneContainer (OzoneContainer.java:start(335)) - Attempting to start container services.
2022-03-01 02:08:42,716 [EndpointStateMachine task thread for /0.0.0.0:39993 - 0 ] INFO  ozoneimpl.OzoneContainer (OzoneContainer.java:startContainerScrub(270)) - Background container scanner has been disabled.
2022-03-01 02:08:42,723 [EndpointStateMachine task thread for /0.0.0.0:39993 - 0 ] INFO  replication.ReplicationServer (ReplicationServer.java:start(111)) - ReplicationServer is started using port 41549
2022-03-01 02:08:42,735 [EndpointStateMachine task thread for /0.0.0.0:39993 - 0 ] INFO  ratis.XceiverServerRatis (XceiverServerRatis.java:start(485)) - Starting XceiverServerRatis c521be71-924d-486e-9da9-f3a5438abd2c
2022-03-01 02:08:42,759 [EndpointStateMachine task thread for /0.0.0.0:39993 - 0 ] INFO  server.RaftServer (RaftServerProxy.java:lambda$start$5(374)) - c521be71-924d-486e-9da9-f3a5438abd2c: start RPC server
2022-03-01 02:08:42,760 [EndpointStateMachine task thread for /0.0.0.0:39993 - 0 ] INFO  server.GrpcService (GrpcService.java:startImpl(253)) - c521be71-924d-486e-9da9-f3a5438abd2c: GrpcService started, listening on 35291
2022-03-01 02:08:42,767 [EndpointStateMachine task thread for /0.0.0.0:39993 - 0 ] INFO  ratis.XceiverServerRatis (XceiverServerRatis.java:getRealPort(506)) - XceiverServerRatis c521be71-924d-486e-9da9-f3a5438abd2c is started using port 35291 for RATIS
2022-03-01 02:08:42,767 [EndpointStateMachine task thread for /0.0.0.0:39993 - 0 ] INFO  ratis.XceiverServerRatis (XceiverServerRatis.java:getRealPort(506)) - XceiverServerRatis c521be71-924d-486e-9da9-f3a5438abd2c is started using port 35291 for RATIS_ADMIN
2022-03-01 02:08:42,767 [EndpointStateMachine task thread for /0.0.0.0:39993 - 0 ] INFO  ratis.XceiverServerRatis (XceiverServerRatis.java:getRealPort(506)) - XceiverServerRatis c521be71-924d-486e-9da9-f3a5438abd2c is started using port 35291 for RATIS_SERVER
2022-03-01 02:08:42,768 [org.apache.ratis.util.JvmPauseMonitor$$Lambda$421/1299661385@772ee822] INFO  util.JvmPauseMonitor (JvmPauseMonitor.java:run(103)) - JvmPauseMonitor-c521be71-924d-486e-9da9-f3a5438abd2c: Started
2022-03-01 02:08:42,806 [EndpointStateMachine task thread for /0.0.0.0:39993 - 0 ] INFO  server.XceiverServerGrpc (XceiverServerGrpc.java:start(180)) - XceiverServerGrpc c521be71-924d-486e-9da9-f3a5438abd2c is started using port 43699
2022-03-01 02:08:43,388 [EndpointStateMachine task thread for /0.0.0.0:39993 - 0 ] INFO  ozoneimpl.OzoneContainer (OzoneContainer.java:start(335)) - Attempting to start container services.
2022-03-01 02:08:43,389 [EndpointStateMachine task thread for /0.0.0.0:39993 - 0 ] INFO  ozoneimpl.OzoneContainer (OzoneContainer.java:startContainerScrub(270)) - Background container scanner has been disabled.
2022-03-01 02:08:43,389 [EndpointStateMachine task thread for /0.0.0.0:39993 - 0 ] INFO  replication.ReplicationServer (ReplicationServer.java:start(111)) - ReplicationServer is started using port 41253
2022-03-01 02:08:43,390 [EndpointStateMachine task thread for /0.0.0.0:39993 - 0 ] INFO  ratis.XceiverServerRatis (XceiverServerRatis.java:start(485)) - Starting XceiverServerRatis 393f4c54-f67b-44fe-81f5-8bfc2099cec7
2022-03-01 02:08:43,410 [EndpointStateMachine task thread for /0.0.0.0:39993 - 0 ] INFO  server.RaftServer (RaftServerProxy.java:lambda$start$5(374)) - 393f4c54-f67b-44fe-81f5-8bfc2099cec7: start RPC server
2022-03-01 02:08:43,415 [EndpointStateMachine task thread for /0.0.0.0:39993 - 0 ] INFO  server.GrpcService (GrpcService.java:startImpl(253)) - 393f4c54-f67b-44fe-81f5-8bfc2099cec7: GrpcService started, listening on 34819
2022-03-01 02:08:43,427 [EndpointStateMachine task thread for /0.0.0.0:39993 - 0 ] INFO  ratis.XceiverServerRatis (XceiverServerRatis.java:getRealPort(506)) - XceiverServerRatis 393f4c54-f67b-44fe-81f5-8bfc2099cec7 is started using port 34819 for RATIS
2022-03-01 02:08:43,427 [org.apache.ratis.util.JvmPauseMonitor$$Lambda$421/1299661385@1f0dbc7a] INFO  util.JvmPauseMonitor (JvmPauseMonitor.java:run(103)) - JvmPauseMonitor-393f4c54-f67b-44fe-81f5-8bfc2099cec7: Started
2022-03-01 02:08:43,427 [EndpointStateMachine task thread for /0.0.0.0:39993 - 0 ] INFO  ratis.XceiverServerRatis (XceiverServerRatis.java:getRealPort(506)) - XceiverServerRatis 393f4c54-f67b-44fe-81f5-8bfc2099cec7 is started using port 34819 for RATIS_ADMIN
2022-03-01 02:08:43,428 [EndpointStateMachine task thread for /0.0.0.0:39993 - 0 ] INFO  ratis.XceiverServerRatis (XceiverServerRatis.java:getRealPort(506)) - XceiverServerRatis 393f4c54-f67b-44fe-81f5-8bfc2099cec7 is started using port 34819 for RATIS_SERVER
2022-03-01 02:08:43,428 [EndpointStateMachine task thread for /0.0.0.0:39993 - 0 ] INFO  server.XceiverServerGrpc (XceiverServerGrpc.java:start(180)) - XceiverServerGrpc 393f4c54-f67b-44fe-81f5-8bfc2099cec7 is started using port 41081
2022-03-01 02:08:43,653 [Listener at 127.0.0.1/45865] INFO  ozone.MiniOzoneClusterImpl (MiniOzoneClusterImpl.java:lambda$waitForClusterToBeReady$0(219)) - Waiting for nodes to be ready. Got 0 of 3 DN Heartbeats.
2022-03-01 02:08:43,653 [Listener at 127.0.0.1/45865] INFO  ozone.MiniOzoneClusterImpl (MiniOzoneClusterImpl.java:lambda$waitForClusterToBeReady$0(222)) - Waiting for cluster to exit safe mode
2022-03-01 02:08:43,653 [Listener at 127.0.0.1/45865] INFO  ozone.MiniOzoneClusterImpl (MiniOzoneClusterImpl.java:lambda$waitForClusterToBeReady$0(224)) - SCM became leader
2022-03-01 02:08:43,701 [EndpointStateMachine task thread for /0.0.0.0:39993 - 0 ] INFO  ozoneimpl.OzoneContainer (OzoneContainer.java:start(335)) - Attempting to start container services.
2022-03-01 02:08:43,701 [EndpointStateMachine task thread for /0.0.0.0:39993 - 0 ] INFO  ozoneimpl.OzoneContainer (OzoneContainer.java:startContainerScrub(270)) - Background container scanner has been disabled.
2022-03-01 02:08:43,701 [EndpointStateMachine task thread for /0.0.0.0:39993 - 0 ] INFO  replication.ReplicationServer (ReplicationServer.java:start(111)) - ReplicationServer is started using port 44905
2022-03-01 02:08:43,702 [EndpointStateMachine task thread for /0.0.0.0:39993 - 0 ] INFO  ratis.XceiverServerRatis (XceiverServerRatis.java:start(485)) - Starting XceiverServerRatis 2fe09f74-0f35-4dca-83ea-38d6e64c020a
2022-03-01 02:08:43,703 [EndpointStateMachine task thread for /0.0.0.0:39993 - 0 ] INFO  server.RaftServer (RaftServerProxy.java:lambda$start$5(374)) - 2fe09f74-0f35-4dca-83ea-38d6e64c020a: start RPC server
2022-03-01 02:08:43,715 [EndpointStateMachine task thread for /0.0.0.0:39993 - 0 ] INFO  server.GrpcService (GrpcService.java:startImpl(253)) - 2fe09f74-0f35-4dca-83ea-38d6e64c020a: GrpcService started, listening on 46395
2022-03-01 02:08:43,723 [EndpointStateMachine task thread for /0.0.0.0:39993 - 0 ] INFO  ratis.XceiverServerRatis (XceiverServerRatis.java:getRealPort(506)) - XceiverServerRatis 2fe09f74-0f35-4dca-83ea-38d6e64c020a is started using port 46395 for RATIS
2022-03-01 02:08:43,723 [org.apache.ratis.util.JvmPauseMonitor$$Lambda$421/1299661385@18e1c074] INFO  util.JvmPauseMonitor (JvmPauseMonitor.java:run(103)) - JvmPauseMonitor-2fe09f74-0f35-4dca-83ea-38d6e64c020a: Started
2022-03-01 02:08:43,723 [EndpointStateMachine task thread for /0.0.0.0:39993 - 0 ] INFO  ratis.XceiverServerRatis (XceiverServerRatis.java:getRealPort(506)) - XceiverServerRatis 2fe09f74-0f35-4dca-83ea-38d6e64c020a is started using port 46395 for RATIS_ADMIN
2022-03-01 02:08:43,723 [EndpointStateMachine task thread for /0.0.0.0:39993 - 0 ] INFO  ratis.XceiverServerRatis (XceiverServerRatis.java:getRealPort(506)) - XceiverServerRatis 2fe09f74-0f35-4dca-83ea-38d6e64c020a is started using port 46395 for RATIS_SERVER
2022-03-01 02:08:43,736 [EndpointStateMachine task thread for /0.0.0.0:39993 - 0 ] INFO  server.XceiverServerGrpc (XceiverServerGrpc.java:start(180)) - XceiverServerGrpc 2fe09f74-0f35-4dca-83ea-38d6e64c020a is started using port 42197
2022-03-01 02:08:44,653 [Listener at 127.0.0.1/45865] INFO  ozone.MiniOzoneClusterImpl (MiniOzoneClusterImpl.java:lambda$waitForClusterToBeReady$0(219)) - Waiting for nodes to be ready. Got 0 of 3 DN Heartbeats.
2022-03-01 02:08:44,653 [Listener at 127.0.0.1/45865] INFO  ozone.MiniOzoneClusterImpl (MiniOzoneClusterImpl.java:lambda$waitForClusterToBeReady$0(222)) - Waiting for cluster to exit safe mode
2022-03-01 02:08:44,653 [Listener at 127.0.0.1/45865] INFO  ozone.MiniOzoneClusterImpl (MiniOzoneClusterImpl.java:lambda$waitForClusterToBeReady$0(224)) - SCM became leader
2022-03-01 02:08:44,670 [IPC Server handler 1 on default port 39993] INFO  net.NetworkTopologyImpl (NetworkTopologyImpl.java:add(112)) - Added a new node: /default-rack/c521be71-924d-486e-9da9-f3a5438abd2c
2022-03-01 02:08:44,670 [IPC Server handler 1 on default port 39993] INFO  node.SCMNodeManager (SCMNodeManager.java:register(389)) - Registered Data node : c521be71-924d-486e-9da9-f3a5438abd2c{ip: 10.1.0.9, host: fv-az294-952.eaanfquahm5ulb5tj050gcxych.jx.internal.cloudapp.net, ports: [REPLICATION=41549, RATIS=35291, RATIS_ADMIN=35291, RATIS_SERVER=35291, STANDALONE=43699], networkLocation: /default-rack, certSerialId: null, persistedOpState: null, persistedOpStateExpiryEpochSec: 0}
2022-03-01 02:08:44,675 [EventQueue-NewNodeForNewNodeHandler] INFO  pipeline.BackgroundPipelineCreator (BackgroundPipelineCreator.java:notifyEventTriggered(285)) - trigger a one-shot run on RatisPipelineUtilsThread.
2022-03-01 02:08:44,677 [RatisPipelineUtilsThread - 0] INFO  pipeline.RatisPipelineProvider (RatisPipelineProvider.java:lambda$create$0(183)) - Sending CreatePipelineCommand for pipeline:PipelineID=97859436-9f88-4aef-a5ad-875e19bf2c06 to datanode:c521be71-924d-486e-9da9-f3a5438abd2c
2022-03-01 02:08:44,677 [EventQueue-NodeRegistrationContainerReportForDataNodeSafeModeRule] INFO  safemode.SCMSafeModeManager (DataNodeSafeModeRule.java:process(71)) - SCM in safe mode. 1 DataNodes registered, 3 required.
2022-03-01 02:08:44,707 [EventQueue-NodeRegistrationContainerReportForContainerSafeModeRule] INFO  safemode.SCMSafeModeManager (SCMSafeModeManager.java:validateSafeModeExitRules(204)) - ContainerSafeModeRule rule is successfully validated
2022-03-01 02:08:44,728 [EventQueue-PipelineReportForOneReplicaPipelineSafeModeRule] INFO  safemode.SCMSafeModeManager (SCMSafeModeManager.java:validateSafeModeExitRules(204)) - AtleastOneDatanodeReportedRule rule is successfully validated
2022-03-01 02:08:44,771 [58423f7c-2297-4434-9210-7e927eefd95c@group-DC63C6CEC1E7-StateMachineUpdater] INFO  pipeline.PipelineStateManagerImpl (PipelineStateManagerImpl.java:addPipeline(101)) - Created pipeline Pipeline[ Id: 97859436-9f88-4aef-a5ad-875e19bf2c06, Nodes: c521be71-924d-486e-9da9-f3a5438abd2c{ip: 10.1.0.9, host: fv-az294-952.eaanfquahm5ulb5tj050gcxych.jx.internal.cloudapp.net, ports: [REPLICATION=41549, RATIS=35291, RATIS_ADMIN=35291, RATIS_SERVER=35291, STANDALONE=43699], networkLocation: /default-rack, certSerialId: null, persistedOpState: IN_SERVICE, persistedOpStateExpiryEpochSec: 0}, ReplicationConfig: RATIS/ONE, State:ALLOCATED, leaderId:, CreationTimestamp2022-03-01T02:08:44.677Z[Etc/UTC]].
2022-03-01 02:08:44,771 [58423f7c-2297-4434-9210-7e927eefd95c@group-DC63C6CEC1E7-StateMachineUpdater] INFO  safemode.HealthyPipelineSafeModeRule (HealthyPipelineSafeModeRule.java:initializeRule(152)) - Refreshed total pipeline count is 0, healthy pipeline threshold count is 1
2022-03-01 02:08:45,364 [IPC Server handler 0 on default port 39993] INFO  net.NetworkTopologyImpl (NetworkTopologyImpl.java:add(112)) - Added a new node: /default-rack/393f4c54-f67b-44fe-81f5-8bfc2099cec7
2022-03-01 02:08:45,366 [IPC Server handler 0 on default port 39993] INFO  node.SCMNodeManager (SCMNodeManager.java:register(389)) - Registered Data node : 393f4c54-f67b-44fe-81f5-8bfc2099cec7{ip: 10.1.0.9, host: fv-az294-952.eaanfquahm5ulb5tj050gcxych.jx.internal.cloudapp.net, ports: [REPLICATION=41253, RATIS=34819, RATIS_ADMIN=34819, RATIS_SERVER=34819, STANDALONE=41081], networkLocation: /default-rack, certSerialId: null, persistedOpState: null, persistedOpStateExpiryEpochSec: 0}
2022-03-01 02:08:45,366 [EventQueue-NewNodeForNewNodeHandler] INFO  pipeline.BackgroundPipelineCreator (BackgroundPipelineCreator.java:notifyEventTriggered(285)) - trigger a one-shot run on RatisPipelineUtilsThread.
2022-03-01 02:08:45,367 [EventQueue-NodeRegistrationContainerReportForDataNodeSafeModeRule] INFO  safemode.SCMSafeModeManager (DataNodeSafeModeRule.java:process(71)) - SCM in safe mode. 2 DataNodes registered, 3 required.
2022-03-01 02:08:45,379 [RatisPipelineUtilsThread - 0] INFO  pipeline.RatisPipelineProvider (RatisPipelineProvider.java:lambda$create$0(183)) - Sending CreatePipelineCommand for pipeline:PipelineID=9abfdbb1-8ec8-4e39-88f6-f5c184dc46b5 to datanode:393f4c54-f67b-44fe-81f5-8bfc2099cec7
2022-03-01 02:08:45,381 [58423f7c-2297-4434-9210-7e927eefd95c@group-DC63C6CEC1E7-StateMachineUpdater] INFO  pipeline.PipelineStateManagerImpl (PipelineStateManagerImpl.java:addPipeline(101)) - Created pipeline Pipeline[ Id: 9abfdbb1-8ec8-4e39-88f6-f5c184dc46b5, Nodes: 393f4c54-f67b-44fe-81f5-8bfc2099cec7{ip: 10.1.0.9, host: fv-az294-952.eaanfquahm5ulb5tj050gcxych.jx.internal.cloudapp.net, ports: [REPLICATION=41253, RATIS=34819, RATIS_ADMIN=34819, RATIS_SERVER=34819, STANDALONE=41081], networkLocation: /default-rack, certSerialId: null, persistedOpState: IN_SERVICE, persistedOpStateExpiryEpochSec: 0}, ReplicationConfig: RATIS/ONE, State:ALLOCATED, leaderId:, CreationTimestamp2022-03-01T02:08:45.379Z[Etc/UTC]].
2022-03-01 02:08:45,381 [58423f7c-2297-4434-9210-7e927eefd95c@group-DC63C6CEC1E7-StateMachineUpdater] INFO  safemode.HealthyPipelineSafeModeRule (HealthyPipelineSafeModeRule.java:initializeRule(152)) - Refreshed total pipeline count is 0, healthy pipeline threshold count is 1
2022-03-01 02:08:45,654 [Listener at 127.0.0.1/45865] INFO  ozone.MiniOzoneClusterImpl (MiniOzoneClusterImpl.java:lambda$waitForClusterToBeReady$0(219)) - Waiting for nodes to be ready. Got 2 of 3 DN Heartbeats.
2022-03-01 02:08:45,655 [Listener at 127.0.0.1/45865] INFO  ozone.MiniOzoneClusterImpl (MiniOzoneClusterImpl.java:lambda$waitForClusterToBeReady$0(222)) - Waiting for cluster to exit safe mode
2022-03-01 02:08:45,655 [Listener at 127.0.0.1/45865] INFO  ozone.MiniOzoneClusterImpl (MiniOzoneClusterImpl.java:lambda$waitForClusterToBeReady$0(224)) - SCM became leader
2022-03-01 02:08:45,681 [IPC Server handler 2 on default port 39993] INFO  net.NetworkTopologyImpl (NetworkTopologyImpl.java:add(112)) - Added a new node: /default-rack/2fe09f74-0f35-4dca-83ea-38d6e64c020a
2022-03-01 02:08:45,681 [IPC Server handler 2 on default port 39993] INFO  node.SCMNodeManager (SCMNodeManager.java:register(389)) - Registered Data node : 2fe09f74-0f35-4dca-83ea-38d6e64c020a{ip: 10.1.0.9, host: fv-az294-952.eaanfquahm5ulb5tj050gcxych.jx.internal.cloudapp.net, ports: [REPLICATION=44905, RATIS=46395, RATIS_ADMIN=46395, RATIS_SERVER=46395, STANDALONE=42197], networkLocation: /default-rack, certSerialId: null, persistedOpState: null, persistedOpStateExpiryEpochSec: 0}
2022-03-01 02:08:45,682 [EventQueue-NewNodeForNewNodeHandler] INFO  pipeline.BackgroundPipelineCreator (BackgroundPipelineCreator.java:notifyEventTriggered(285)) - trigger a one-shot run on RatisPipelineUtilsThread.
2022-03-01 02:08:45,682 [EventQueue-NodeRegistrationContainerReportForDataNodeSafeModeRule] INFO  safemode.SCMSafeModeManager (DataNodeSafeModeRule.java:process(71)) - SCM in safe mode. 3 DataNodes registered, 3 required.
2022-03-01 02:08:45,682 [EventQueue-NodeRegistrationContainerReportForDataNodeSafeModeRule] INFO  safemode.SCMSafeModeManager (SCMSafeModeManager.java:validateSafeModeExitRules(204)) - DataNodeSafeModeRule rule is successfully validated
2022-03-01 02:08:45,682 [EventQueue-NodeRegistrationContainerReportForDataNodeSafeModeRule] INFO  safemode.SCMSafeModeManager (SCMSafeModeManager.java:completePreCheck(233)) - All SCM safe mode pre check rules have passed
2022-03-01 02:08:45,682 [EventQueue-NodeRegistrationContainerReportForDataNodeSafeModeRule] WARN  events.EventQueue (EventQueue.java:fireEvent(194)) - No event handler registered for event TypedEvent{payloadType=SafeModeStatus, name='Safe mode status'}
2022-03-01 02:08:45,682 [EventQueue-NodeRegistrationContainerReportForDataNodeSafeModeRule] INFO  ha.SCMContext (SCMContext.java:updateSafeModeStatus(211)) - Update SafeModeStatus from SafeModeStatus{safeModeStatus=true, preCheckPassed=false} to SafeModeStatus{safeModeStatus=true, preCheckPassed=true}.
2022-03-01 02:08:45,682 [EventQueue-NodeRegistrationContainerReportForDataNodeSafeModeRule] INFO  pipeline.BackgroundPipelineCreator (BackgroundPipelineCreator.java:notifyEventTriggered(285)) - trigger a one-shot run on RatisPipelineUtilsThread.
2022-03-01 02:08:45,683 [RatisPipelineUtilsThread - 0] INFO  pipeline.RatisPipelineProvider (RatisPipelineProvider.java:lambda$create$0(183)) - Sending CreatePipelineCommand for pipeline:PipelineID=9eefe6dc-5b2d-4bcd-b8e4-9b56dd789725 to datanode:2fe09f74-0f35-4dca-83ea-38d6e64c020a
2022-03-01 02:08:45,684 [58423f7c-2297-4434-9210-7e927eefd95c@group-DC63C6CEC1E7-StateMachineUpdater] INFO  pipeline.PipelineStateManagerImpl (PipelineStateManagerImpl.java:addPipeline(101)) - Created pipeline Pipeline[ Id: 9eefe6dc-5b2d-4bcd-b8e4-9b56dd789725, Nodes: 2fe09f74-0f35-4dca-83ea-38d6e64c020a{ip: 10.1.0.9, host: fv-az294-952.eaanfquahm5ulb5tj050gcxych.jx.internal.cloudapp.net, ports: [REPLICATION=44905, RATIS=46395, RATIS_ADMIN=46395, RATIS_SERVER=46395, STANDALONE=42197], networkLocation: /default-rack, certSerialId: null, persistedOpState: IN_SERVICE, persistedOpStateExpiryEpochSec: 0}, ReplicationConfig: RATIS/ONE, State:ALLOCATED, leaderId:, CreationTimestamp2022-03-01T02:08:45.683Z[Etc/UTC]].
2022-03-01 02:08:45,684 [58423f7c-2297-4434-9210-7e927eefd95c@group-DC63C6CEC1E7-StateMachineUpdater] INFO  safemode.HealthyPipelineSafeModeRule (HealthyPipelineSafeModeRule.java:initializeRule(152)) - Refreshed total pipeline count is 0, healthy pipeline threshold count is 1
2022-03-01 02:08:45,687 [RatisPipelineUtilsThread - 0] INFO  pipeline.RatisPipelineProvider (RatisPipelineProvider.java:lambda$create$0(183)) - Sending CreatePipelineCommand for pipeline:PipelineID=445ed73e-c65b-479c-9b33-d758006f8883 to datanode:2fe09f74-0f35-4dca-83ea-38d6e64c020a
2022-03-01 02:08:45,688 [RatisPipelineUtilsThread - 0] INFO  pipeline.RatisPipelineProvider (RatisPipelineProvider.java:lambda$create$0(183)) - Sending CreatePipelineCommand for pipeline:PipelineID=445ed73e-c65b-479c-9b33-d758006f8883 to datanode:393f4c54-f67b-44fe-81f5-8bfc2099cec7
2022-03-01 02:08:45,688 [RatisPipelineUtilsThread - 0] INFO  pipeline.RatisPipelineProvider (RatisPipelineProvider.java:lambda$create$0(183)) - Sending CreatePipelineCommand for pipeline:PipelineID=445ed73e-c65b-479c-9b33-d758006f8883 to datanode:c521be71-924d-486e-9da9-f3a5438abd2c
2022-03-01 02:08:45,700 [58423f7c-2297-4434-9210-7e927eefd95c@group-DC63C6CEC1E7-StateMachineUpdater] INFO  pipeline.PipelineStateManagerImpl (PipelineStateManagerImpl.java:addPipeline(101)) - Created pipeline Pipeline[ Id: 445ed73e-c65b-479c-9b33-d758006f8883, Nodes: 2fe09f74-0f35-4dca-83ea-38d6e64c020a{ip: 10.1.0.9, host: fv-az294-952.eaanfquahm5ulb5tj050gcxych.jx.internal.cloudapp.net, ports: [REPLICATION=44905, RATIS=46395, RATIS_ADMIN=46395, RATIS_SERVER=46395, STANDALONE=42197], networkLocation: /default-rack, certSerialId: null, persistedOpState: IN_SERVICE, persistedOpStateExpiryEpochSec: 0}393f4c54-f67b-44fe-81f5-8bfc2099cec7{ip: 10.1.0.9, host: fv-az294-952.eaanfquahm5ulb5tj050gcxych.jx.internal.cloudapp.net, ports: [REPLICATION=41253, RATIS=34819, RATIS_ADMIN=34819, RATIS_SERVER=34819, STANDALONE=41081], networkLocation: /default-rack, certSerialId: null, persistedOpState: IN_SERVICE, persistedOpStateExpiryEpochSec: 0}c521be71-924d-486e-9da9-f3a5438abd2c{ip: 10.1.0.9, host: fv-az294-952.eaanfquahm5ulb5tj050gcxych.jx.internal.cloudapp.net, ports: [REPLICATION=41549, RATIS=35291, RATIS_ADMIN=35291, RATIS_SERVER=35291, STANDALONE=43699], networkLocation: /default-rack, certSerialId: null, persistedOpState: IN_SERVICE, persistedOpStateExpiryEpochSec: 0}, ReplicationConfig: RATIS/THREE, State:ALLOCATED, leaderId:, CreationTimestamp2022-03-01T02:08:45.687Z[Etc/UTC]].
2022-03-01 02:08:45,700 [58423f7c-2297-4434-9210-7e927eefd95c@group-DC63C6CEC1E7-StateMachineUpdater] INFO  safemode.HealthyPipelineSafeModeRule (HealthyPipelineSafeModeRule.java:initializeRule(152)) - Refreshed total pipeline count is 0, healthy pipeline threshold count is 1
2022-03-01 02:08:45,701 [RatisPipelineUtilsThread - 0] INFO  pipeline.RatisPipelineProvider (RatisPipelineProvider.java:lambda$create$0(183)) - Sending CreatePipelineCommand for pipeline:PipelineID=4656e030-2756-4f3a-99a7-b644ff3d61af to datanode:393f4c54-f67b-44fe-81f5-8bfc2099cec7
2022-03-01 02:08:45,707 [RatisPipelineUtilsThread - 0] INFO  pipeline.RatisPipelineProvider (RatisPipelineProvider.java:lambda$create$0(183)) - Sending CreatePipelineCommand for pipeline:PipelineID=4656e030-2756-4f3a-99a7-b644ff3d61af to datanode:c521be71-924d-486e-9da9-f3a5438abd2c
2022-03-01 02:08:45,707 [RatisPipelineUtilsThread - 0] INFO  pipeline.RatisPipelineProvider (RatisPipelineProvider.java:lambda$create$0(183)) - Sending CreatePipelineCommand for pipeline:PipelineID=4656e030-2756-4f3a-99a7-b644ff3d61af to datanode:2fe09f74-0f35-4dca-83ea-38d6e64c020a
2022-03-01 02:08:45,710 [58423f7c-2297-4434-9210-7e927eefd95c@group-DC63C6CEC1E7-StateMachineUpdater] INFO  pipeline.PipelineStateManagerImpl (PipelineStateManagerImpl.java:addPipeline(101)) - Created pipeline Pipeline[ Id: 4656e030-2756-4f3a-99a7-b644ff3d61af, Nodes: 393f4c54-f67b-44fe-81f5-8bfc2099cec7{ip: 10.1.0.9, host: fv-az294-952.eaanfquahm5ulb5tj050gcxych.jx.internal.cloudapp.net, ports: [REPLICATION=41253, RATIS=34819, RATIS_ADMIN=34819, RATIS_SERVER=34819, STANDALONE=41081], networkLocation: /default-rack, certSerialId: null, persistedOpState: IN_SERVICE, persistedOpStateExpiryEpochSec: 0}c521be71-924d-486e-9da9-f3a5438abd2c{ip: 10.1.0.9, host: fv-az294-952.eaanfquahm5ulb5tj050gcxych.jx.internal.cloudapp.net, ports: [REPLICATION=41549, RATIS=35291, RATIS_ADMIN=35291, RATIS_SERVER=35291, STANDALONE=43699], networkLocation: /default-rack, certSerialId: null, persistedOpState: IN_SERVICE, persistedOpStateExpiryEpochSec: 0}2fe09f74-0f35-4dca-83ea-38d6e64c020a{ip: 10.1.0.9, host: fv-az294-952.eaanfquahm5ulb5tj050gcxych.jx.internal.cloudapp.net, ports: [REPLICATION=44905, RATIS=46395, RATIS_ADMIN=46395, RATIS_SERVER=46395, STANDALONE=42197], networkLocation: /default-rack, certSerialId: null, persistedOpState: IN_SERVICE, persistedOpStateExpiryEpochSec: 0}, ReplicationConfig: RATIS/THREE, State:ALLOCATED, leaderId:, CreationTimestamp2022-03-01T02:08:45.701Z[Etc/UTC]].
2022-03-01 02:08:45,710 [58423f7c-2297-4434-9210-7e927eefd95c@group-DC63C6CEC1E7-StateMachineUpdater] INFO  safemode.HealthyPipelineSafeModeRule (HealthyPipelineSafeModeRule.java:initializeRule(152)) - Refreshed total pipeline count is 0, healthy pipeline threshold count is 1
2022-03-01 02:08:45,710 [RatisPipelineUtilsThread - 0] INFO  pipeline.PipelineManagerImpl (PipelineManagerImpl.java:recordMetricsForPipeline(639)) - Pipeline: PipelineID=4656e030-2756-4f3a-99a7-b644ff3d61af contains same datanodes as previous pipelines: PipelineID=445ed73e-c65b-479c-9b33-d758006f8883 nodeIds: 393f4c54-f67b-44fe-81f5-8bfc2099cec7, c521be71-924d-486e-9da9-f3a5438abd2c, 2fe09f74-0f35-4dca-83ea-38d6e64c020a
2022-03-01 02:08:46,655 [Listener at 127.0.0.1/45865] INFO  ozone.MiniOzoneClusterImpl (MiniOzoneClusterImpl.java:lambda$waitForClusterToBeReady$0(219)) - Nodes are ready. Got 3 of 3 DN Heartbeats.
2022-03-01 02:08:46,656 [Listener at 127.0.0.1/45865] INFO  ozone.MiniOzoneClusterImpl (MiniOzoneClusterImpl.java:lambda$waitForClusterToBeReady$0(222)) - Waiting for cluster to exit safe mode
2022-03-01 02:08:46,656 [Listener at 127.0.0.1/45865] INFO  ozone.MiniOzoneClusterImpl (MiniOzoneClusterImpl.java:lambda$waitForClusterToBeReady$0(224)) - SCM became leader
2022-03-01 02:08:47,658 [Listener at 127.0.0.1/45865] INFO  ozone.MiniOzoneClusterImpl (MiniOzoneClusterImpl.java:lambda$waitForClusterToBeReady$0(219)) - Nodes are ready. Got 3 of 3 DN Heartbeats.
2022-03-01 02:08:47,658 [Listener at 127.0.0.1/45865] INFO  ozone.MiniOzoneClusterImpl (MiniOzoneClusterImpl.java:lambda$waitForClusterToBeReady$0(222)) - Waiting for cluster to exit safe mode
2022-03-01 02:08:47,658 [Listener at 127.0.0.1/45865] INFO  ozone.MiniOzoneClusterImpl (MiniOzoneClusterImpl.java:lambda$waitForClusterToBeReady$0(224)) - SCM became leader
2022-03-01 02:08:47,669 [Command processor thread] INFO  server.RaftServer (RaftServerProxy.java:addNew(95)) - c521be71-924d-486e-9da9-f3a5438abd2c: addNew group-875E19BF2C06:[c521be71-924d-486e-9da9-f3a5438abd2c|rpc:10.1.0.9:35291|priority:1] returns group-875E19BF2C06:java.util.concurrent.CompletableFuture@7029bff[Not completed]
2022-03-01 02:08:47,684 [pool-379-thread-1] INFO  server.RaftServer$Division (RaftServerImpl.java:<init>(184)) - c521be71-924d-486e-9da9-f3a5438abd2c: new RaftServerImpl for group-875E19BF2C06:[c521be71-924d-486e-9da9-f3a5438abd2c|rpc:10.1.0.9:35291|priority:1] with ContainerStateMachine:uninitialized
2022-03-01 02:08:47,709 [pool-379-thread-1] INFO  server.RaftServerConfigKeys (ConfUtils.java:logGet(44)) - raft.server.rpc.timeout.min = 5s (custom)
2022-03-01 02:08:47,710 [pool-379-thread-1] INFO  server.RaftServerConfigKeys (ConfUtils.java:logGet(44)) - raft.server.rpc.timeout.max = 5200ms (custom)
2022-03-01 02:08:47,710 [pool-379-thread-1] INFO  server.RaftServerConfigKeys (ConfUtils.java:logGet(44)) - raft.server.rpc.sleep.time = 25ms (default)
2022-03-01 02:08:47,710 [pool-379-thread-1] INFO  server.RaftServerConfigKeys (ConfUtils.java:logGet(44)) - raft.server.rpc.slowness.timeout = 300s (custom)
2022-03-01 02:08:47,710 [pool-379-thread-1] INFO  server.RaftServerConfigKeys (ConfUtils.java:logGet(44)) - raft.server.leaderelection.leader.step-down.wait-time = 10s (default)
2022-03-01 02:08:47,710 [pool-379-thread-1] INFO  server.RaftServerConfigKeys (ConfUtils.java:logGet(44)) - raft.server.sleep.deviation.threshold = 300ms (default)
2022-03-01 02:08:47,710 [pool-379-thread-1] INFO  server.RaftServerConfigKeys (ConfUtils.java:logGet(44)) - raft.server.log.appender.install.snapshot.enabled = false (custom)
2022-03-01 02:08:47,710 [pool-379-thread-1] INFO  server.RaftServer$Division (ServerState.java:<init>(105)) - c521be71-924d-486e-9da9-f3a5438abd2c@group-875E19BF2C06: ConfigurationManager, init=-1: [c521be71-924d-486e-9da9-f3a5438abd2c|rpc:10.1.0.9:35291|priority:1], old=null, confs=<EMPTY_MAP>
2022-03-01 02:08:47,710 [pool-379-thread-1] INFO  server.RaftServerConfigKeys (ConfUtils.java:logGet(44)) - raft.server.storage.dir = [/home/runner/work/ozone/ozone/hadoop-ozone/integration-test/target/test-dir/MiniOzoneClusterImpl-4a905738-de8a-4f79-b951-dc63c6cec1e7/datanode-0/data/ratis] (custom)
2022-03-01 02:08:47,710 [pool-379-thread-1] INFO  server.RaftServerConfigKeys (ConfUtils.java:logGet(44)) - raft.server.log.corruption.policy = EXCEPTION (default)
2022-03-01 02:08:47,710 [pool-379-thread-1] INFO  server.RaftServerConfigKeys (ConfUtils.java:logGet(44)) - raft.server.storage.free-space.min = 0MB (=0) (default)
2022-03-01 02:08:47,710 [pool-379-thread-1] INFO  storage.RaftStorageDirectory (RaftStorageDirectoryImpl.java:analyzeStorage(135)) - The storage directory /home/runner/work/ozone/ozone/hadoop-ozone/integration-test/target/test-dir/MiniOzoneClusterImpl-4a905738-de8a-4f79-b951-dc63c6cec1e7/datanode-0/data/ratis/97859436-9f88-4aef-a5ad-875e19bf2c06 does not exist. Creating ...
2022-03-01 02:08:47,715 [pool-379-thread-1] INFO  storage.RaftStorageDirectory (RaftStorageDirectoryImpl.java:tryLock(230)) - Lock on /home/runner/work/ozone/ozone/hadoop-ozone/integration-test/target/test-dir/MiniOzoneClusterImpl-4a905738-de8a-4f79-b951-dc63c6cec1e7/datanode-0/data/ratis/97859436-9f88-4aef-a5ad-875e19bf2c06/in_use.lock acquired by nodename 9245@fv-az294-952
2022-03-01 02:08:47,724 [pool-379-thread-1] INFO  storage.RaftStorage (RaftStorageImpl.java:format(89)) - Storage directory /home/runner/work/ozone/ozone/hadoop-ozone/integration-test/target/test-dir/MiniOzoneClusterImpl-4a905738-de8a-4f79-b951-dc63c6cec1e7/datanode-0/data/ratis/97859436-9f88-4aef-a5ad-875e19bf2c06 has been successfully formatted.
2022-03-01 02:08:47,725 [pool-379-thread-1] INFO  ratis.ContainerStateMachine (ContainerStateMachine.java:loadSnapshot(236)) - group-875E19BF2C06: The snapshot info is null. Setting the last applied indexto:(t:0, i:~)
2022-03-01 02:08:47,725 [pool-379-thread-1] INFO  server.RaftServerConfigKeys (ConfUtils.java:logGet(44)) - raft.server.notification.no-leader.timeout = 300s (custom)
2022-03-01 02:08:47,725 [pool-379-thread-1] INFO  server.RaftServerConfigKeys (ConfUtils.java:logGet(44)) - raft.server.log.use.memory = false (default)
2022-03-01 02:08:47,725 [pool-379-thread-1] INFO  server.RaftServerConfigKeys (ConfUtils.java:logGet(44)) - raft.server.log.purge.gap = 1000000 (custom)
2022-03-01 02:08:47,725 [pool-379-thread-1] INFO  server.RaftServerConfigKeys (ConfUtils.java:logGet(44)) - raft.server.log.appender.buffer.byte-limit = 33554432 (custom)
2022-03-01 02:08:47,726 [pool-379-thread-1] INFO  server.RaftServerConfigKeys (ConfUtils.java:logGet(44)) - raft.server.log.segment.size.max = 1048576 (custom)
2022-03-01 02:08:47,726 [pool-379-thread-1] INFO  server.RaftServerConfigKeys (ConfUtils.java:logGet(44)) - raft.server.log.segment.cache.num.max = 2 (custom)
2022-03-01 02:08:47,726 [pool-379-thread-1] INFO  server.RaftServerConfigKeys (ConfUtils.java:logGet(44)) - raft.server.log.segment.cache.size.max = 200MB (=209715200) (default)
2022-03-01 02:08:47,726 [pool-379-thread-1] INFO  segmented.SegmentedRaftLogWorker (SegmentedRaftLogWorker.java:<init>(182)) - new c521be71-924d-486e-9da9-f3a5438abd2c@group-875E19BF2C06-SegmentedRaftLogWorker for RaftStorageImpl:Storage Directory /home/runner/work/ozone/ozone/hadoop-ozone/integration-test/target/test-dir/MiniOzoneClusterImpl-4a905738-de8a-4f79-b951-dc63c6cec1e7/datanode-0/data/ratis/97859436-9f88-4aef-a5ad-875e19bf2c06
2022-03-01 02:08:47,726 [pool-379-thread-1] INFO  server.RaftServerConfigKeys (ConfUtils.java:logGet(44)) - raft.server.log.queue.byte-limit = 4294967296 (custom)
2022-03-01 02:08:47,726 [pool-379-thread-1] INFO  server.RaftServerConfigKeys (ConfUtils.java:logGet(44)) - raft.server.log.queue.element-limit = 1024 (custom)
2022-03-01 02:08:47,726 [pool-379-thread-1] INFO  server.RaftServerConfigKeys (ConfUtils.java:logGet(44)) - raft.server.log.segment.size.max = 1048576 (custom)
2022-03-01 02:08:47,726 [pool-379-thread-1] INFO  server.RaftServerConfigKeys (ConfUtils.java:logGet(44)) - raft.server.log.preallocated.size = 16384 (custom)
2022-03-01 02:08:47,726 [pool-379-thread-1] INFO  server.RaftServerConfigKeys (ConfUtils.java:logGet(44)) - raft.server.log.force.sync.num = 128 (default)
2022-03-01 02:08:47,726 [pool-379-thread-1] INFO  server.RaftServerConfigKeys (ConfUtils.java:logGet(44)) - raft.server.log.statemachine.data.sync = true (default)
2022-03-01 02:08:47,726 [pool-379-thread-1] INFO  server.RaftServerConfigKeys (ConfUtils.java:logGet(44)) - raft.server.log.statemachine.data.sync.timeout = 10s (default)
2022-03-01 02:08:47,726 [pool-379-thread-1] INFO  server.RaftServerConfigKeys (ConfUtils.java:logGet(44)) - raft.server.log.statemachine.data.sync.timeout.retry = -1 (default)
2022-03-01 02:08:47,727 [pool-379-thread-1] INFO  server.RaftServerConfigKeys (ConfUtils.java:logGet(44)) - raft.server.log.write.buffer.size = 1048576 (custom)
2022-03-01 02:08:47,728 [pool-379-thread-1] INFO  server.RaftServerConfigKeys (ConfUtils.java:logGet(44)) - raft.server.log.statemachine.data.caching.enabled = true (custom)
2022-03-01 02:08:47,728 [pool-379-thread-1] INFO  segmented.SegmentedRaftLogWorker (SegmentedRaftLogWorker.java:lambda$new$0(133)) - c521be71-924d-486e-9da9-f3a5438abd2c@group-875E19BF2C06-SegmentedRaftLogWorker: flushIndex: setUnconditionally 0 -> -1
2022-03-01 02:08:47,728 [pool-379-thread-1] INFO  segmented.SegmentedRaftLogWorker (SegmentedRaftLogWorker.java:lambda$new$0(133)) - c521be71-924d-486e-9da9-f3a5438abd2c@group-875E19BF2C06-SegmentedRaftLogWorker: safeCacheEvictIndex: setUnconditionally 0 -> -1
2022-03-01 02:08:47,728 [pool-379-thread-1] INFO  server.RaftServerConfigKeys (ConfUtils.java:logGet(44)) - raft.server.snapshot.auto.trigger.enabled = true (custom)
2022-03-01 02:08:47,728 [pool-379-thread-1] INFO  server.RaftServerConfigKeys (ConfUtils.java:logGet(44)) - raft.server.snapshot.auto.trigger.threshold = 10000 (custom)
2022-03-01 02:08:47,728 [pool-379-thread-1] INFO  server.RaftServerConfigKeys (ConfUtils.java:logGet(44)) - raft.server.snapshot.retention.file.num = 5 (custom)
2022-03-01 02:08:47,728 [pool-379-thread-1] INFO  server.RaftServerConfigKeys (ConfUtils.java:logGet(44)) - raft.server.log.purge.upto.snapshot.index = false (default)
2022-03-01 02:08:47,729 [pool-379-thread-1] INFO  server.RaftServerConfigKeys (ConfUtils.java:logGet(44)) - raft.server.retrycache.expirytime = 600000ms (custom)
2022-03-01 02:08:47,729 [pool-379-thread-1] INFO  server.RaftServerConfigKeys (ConfUtils.java:logGet(44)) - raft.server.retrycache.statistics.expirytime = 100μs (default)
2022-03-01 02:08:47,730 [pool-379-thread-1] INFO  server.RaftServer$Division (RaftServerImpl.java:start(301)) - c521be71-924d-486e-9da9-f3a5438abd2c@group-875E19BF2C06: start as a follower, conf=-1: [c521be71-924d-486e-9da9-f3a5438abd2c|rpc:10.1.0.9:35291|priority:1], old=null
2022-03-01 02:08:47,730 [pool-379-thread-1] INFO  server.RaftServer$Division (RaftServerImpl.java:setRole(290)) - c521be71-924d-486e-9da9-f3a5438abd2c@group-875E19BF2C06: changes role from      null to FOLLOWER at term 0 for startAsFollower
2022-03-01 02:08:47,730 [pool-379-thread-1] INFO  impl.RoleInfo (RoleInfo.java:updateAndGet(130)) - c521be71-924d-486e-9da9-f3a5438abd2c: start c521be71-924d-486e-9da9-f3a5438abd2c@group-875E19BF2C06-FollowerState
2022-03-01 02:08:47,730 [pool-379-thread-1] INFO  util.JmxRegister (JmxRegister.java:tryRegister(44)) - Successfully registered JMX Bean with object name Ratis:service=RaftServer,group=group-875E19BF2C06,id=c521be71-924d-486e-9da9-f3a5438abd2c
2022-03-01 02:08:47,735 [Command processor thread] INFO  ratis.XceiverServerRatis (XceiverServerRatis.java:addGroup(769)) - Created group PipelineID=97859436-9f88-4aef-a5ad-875e19bf2c06
2022-03-01 02:08:47,735 [Command processor thread] INFO  commandhandler.CreatePipelineCommandHandler (CreatePipelineCommandHandler.java:handle(106)) - Created Pipeline RATIS ONE PipelineID=97859436-9f88-4aef-a5ad-875e19bf2c06.
2022-03-01 02:08:47,735 [Command processor thread] INFO  server.RaftServer (RaftServerProxy.java:addNew(95)) - c521be71-924d-486e-9da9-f3a5438abd2c: addNew group-D758006F8883:[393f4c54-f67b-44fe-81f5-8bfc2099cec7|rpc:10.1.0.9:34819|priority:0, c521be71-924d-486e-9da9-f3a5438abd2c|rpc:10.1.0.9:35291|priority:0, 2fe09f74-0f35-4dca-83ea-38d6e64c020a|rpc:10.1.0.9:46395|priority:1] returns group-D758006F8883:java.util.concurrent.CompletableFuture@33d1fc7[Not completed]
2022-03-01 02:08:47,738 [pool-379-thread-1] INFO  server.RaftServer$Division (RaftServerImpl.java:<init>(184)) - c521be71-924d-486e-9da9-f3a5438abd2c: new RaftServerImpl for group-D758006F8883:[393f4c54-f67b-44fe-81f5-8bfc2099cec7|rpc:10.1.0.9:34819|priority:0, c521be71-924d-486e-9da9-f3a5438abd2c|rpc:10.1.0.9:35291|priority:0, 2fe09f74-0f35-4dca-83ea-38d6e64c020a|rpc:10.1.0.9:46395|priority:1] with ContainerStateMachine:uninitialized
2022-03-01 02:08:47,738 [pool-379-thread-1] INFO  server.RaftServerConfigKeys (ConfUtils.java:logGet(44)) - raft.server.rpc.timeout.min = 5s (custom)
2022-03-01 02:08:47,738 [pool-379-thread-1] INFO  server.RaftServerConfigKeys (ConfUtils.java:logGet(44)) - raft.server.rpc.timeout.max = 5200ms (custom)
2022-03-01 02:08:47,738 [pool-379-thread-1] INFO  server.RaftServerConfigKeys (ConfUtils.java:logGet(44)) - raft.server.rpc.sleep.time = 25ms (default)
2022-03-01 02:08:47,738 [pool-379-thread-1] INFO  server.RaftServerConfigKeys (ConfUtils.java:logGet(44)) - raft.server.rpc.slowness.timeout = 300s (custom)
2022-03-01 02:08:47,738 [pool-379-thread-1] INFO  server.RaftServerConfigKeys (ConfUtils.java:logGet(44)) - raft.server.leaderelection.leader.step-down.wait-time = 10s (default)
2022-03-01 02:08:47,738 [pool-379-thread-1] INFO  server.RaftServerConfigKeys (ConfUtils.java:logGet(44)) - raft.server.sleep.deviation.threshold = 300ms (default)
2022-03-01 02:08:47,738 [pool-379-thread-1] INFO  server.RaftServerConfigKeys (ConfUtils.java:logGet(44)) - raft.server.log.appender.install.snapshot.enabled = false (custom)
2022-03-01 02:08:47,739 [pool-379-thread-1] INFO  server.RaftServer$Division (ServerState.java:<init>(105)) - c521be71-924d-486e-9da9-f3a5438abd2c@group-D758006F8883: ConfigurationManager, init=-1: [393f4c54-f67b-44fe-81f5-8bfc2099cec7|rpc:10.1.0.9:34819|priority:0, c521be71-924d-486e-9da9-f3a5438abd2c|rpc:10.1.0.9:35291|priority:0, 2fe09f74-0f35-4dca-83ea-38d6e64c020a|rpc:10.1.0.9:46395|priority:1], old=null, confs=<EMPTY_MAP>
2022-03-01 02:08:47,739 [pool-379-thread-1] INFO  server.RaftServerConfigKeys (ConfUtils.java:logGet(44)) - raft.server.storage.dir = [/home/runner/work/ozone/ozone/hadoop-ozone/integration-test/target/test-dir/MiniOzoneClusterImpl-4a905738-de8a-4f79-b951-dc63c6cec1e7/datanode-0/data/ratis] (custom)
2022-03-01 02:08:47,739 [pool-379-thread-1] INFO  server.RaftServerConfigKeys (ConfUtils.java:logGet(44)) - raft.server.log.corruption.policy = EXCEPTION (default)
2022-03-01 02:08:47,739 [pool-379-thread-1] INFO  server.RaftServerConfigKeys (ConfUtils.java:logGet(44)) - raft.server.storage.free-space.min = 0MB (=0) (default)
2022-03-01 02:08:47,739 [pool-379-thread-1] INFO  storage.RaftStorageDirectory (RaftStorageDirectoryImpl.java:analyzeStorage(135)) - The storage directory /home/runner/work/ozone/ozone/hadoop-ozone/integration-test/target/test-dir/MiniOzoneClusterImpl-4a905738-de8a-4f79-b951-dc63c6cec1e7/datanode-0/data/ratis/445ed73e-c65b-479c-9b33-d758006f8883 does not exist. Creating ...
2022-03-01 02:08:47,739 [EventQueue-PipelineReportForPipelineReportHandler] INFO  pipeline.PipelineManagerImpl (PipelineManagerImpl.java:openPipeline(291)) - Pipeline Pipeline[ Id: 97859436-9f88-4aef-a5ad-875e19bf2c06, Nodes: c521be71-924d-486e-9da9-f3a5438abd2c{ip: 10.1.0.9, host: fv-az294-952.eaanfquahm5ulb5tj050gcxych.jx.internal.cloudapp.net, ports: [REPLICATION=41549, RATIS=35291, RATIS_ADMIN=35291, RATIS_SERVER=35291, STANDALONE=43699], networkLocation: /default-rack, certSerialId: null, persistedOpState: IN_SERVICE, persistedOpStateExpiryEpochSec: 0}, ReplicationConfig: RATIS/ONE, State:ALLOCATED, leaderId:c521be71-924d-486e-9da9-f3a5438abd2c, CreationTimestamp2022-03-01T02:08:44.677Z[Etc/UTC]] moved to OPEN state
2022-03-01 02:08:47,751 [58423f7c-2297-4434-9210-7e927eefd95c@group-DC63C6CEC1E7-StateMachineUpdater] INFO  safemode.HealthyPipelineSafeModeRule (HealthyPipelineSafeModeRule.java:initializeRule(152)) - Refreshed total pipeline count is 0, healthy pipeline threshold count is 1
2022-03-01 02:08:47,754 [pool-379-thread-1] INFO  storage.RaftStorageDirectory (RaftStorageDirectoryImpl.java:tryLock(230)) - Lock on /home/runner/work/ozone/ozone/hadoop-ozone/integration-test/target/test-dir/MiniOzoneClusterImpl-4a905738-de8a-4f79-b951-dc63c6cec1e7/datanode-0/data/ratis/445ed73e-c65b-479c-9b33-d758006f8883/in_use.lock acquired by nodename 9245@fv-az294-952
2022-03-01 02:08:47,758 [EventQueue-OpenPipelineForHealthyPipelineSafeModeRule] INFO  safemode.SCMSafeModeManager (HealthyPipelineSafeModeRule.java:process(124)) - SCM in safe mode. Healthy pipelines reported count is 0, required healthy pipeline reported count is 1
2022-03-01 02:08:47,765 [pool-379-thread-1] INFO  storage.RaftStorage (RaftStorageImpl.java:format(89)) - Storage directory /home/runner/work/ozone/ozone/hadoop-ozone/integration-test/target/test-dir/MiniOzoneClusterImpl-4a905738-de8a-4f79-b951-dc63c6cec1e7/datanode-0/data/ratis/445ed73e-c65b-479c-9b33-d758006f8883 has been successfully formatted.
2022-03-01 02:08:47,765 [pool-379-thread-1] INFO  ratis.ContainerStateMachine (ContainerStateMachine.java:loadSnapshot(236)) - group-D758006F8883: The snapshot info is null. Setting the last applied indexto:(t:0, i:~)
2022-03-01 02:08:47,765 [pool-379-thread-1] INFO  server.RaftServerConfigKeys (ConfUtils.java:logGet(44)) - raft.server.notification.no-leader.timeout = 300s (custom)
2022-03-01 02:08:47,765 [pool-379-thread-1] INFO  server.RaftServerConfigKeys (ConfUtils.java:logGet(44)) - raft.server.log.use.memory = false (default)
2022-03-01 02:08:47,765 [pool-379-thread-1] INFO  server.RaftServerConfigKeys (ConfUtils.java:logGet(44)) - raft.server.log.purge.gap = 1000000 (custom)
2022-03-01 02:08:47,765 [pool-379-thread-1] INFO  server.RaftServerConfigKeys (ConfUtils.java:logGet(44)) - raft.server.log.appender.buffer.byte-limit = 33554432 (custom)
2022-03-01 02:08:47,765 [pool-379-thread-1] INFO  server.RaftServerConfigKeys (ConfUtils.java:logGet(44)) - raft.server.log.segment.size.max = 1048576 (custom)
2022-03-01 02:08:47,766 [pool-379-thread-1] INFO  server.RaftServerConfigKeys (ConfUtils.java:logGet(44)) - raft.server.log.segment.cache.num.max = 2 (custom)
2022-03-01 02:08:47,766 [pool-379-thread-1] INFO  server.RaftServerConfigKeys (ConfUtils.java:logGet(44)) - raft.server.log.segment.cache.size.max = 200MB (=209715200) (default)
2022-03-01 02:08:47,766 [pool-379-thread-1] INFO  segmented.SegmentedRaftLogWorker (SegmentedRaftLogWorker.java:<init>(182)) - new c521be71-924d-486e-9da9-f3a5438abd2c@group-D758006F8883-SegmentedRaftLogWorker for RaftStorageImpl:Storage Directory /home/runner/work/ozone/ozone/hadoop-ozone/integration-test/target/test-dir/MiniOzoneClusterImpl-4a905738-de8a-4f79-b951-dc63c6cec1e7/datanode-0/data/ratis/445ed73e-c65b-479c-9b33-d758006f8883
2022-03-01 02:08:47,766 [pool-379-thread-1] INFO  server.RaftServerConfigKeys (ConfUtils.java:logGet(44)) - raft.server.log.queue.byte-limit = 4294967296 (custom)
2022-03-01 02:08:47,766 [pool-379-thread-1] INFO  server.RaftServerConfigKeys (ConfUtils.java:logGet(44)) - raft.server.log.queue.element-limit = 1024 (custom)
2022-03-01 02:08:47,766 [pool-379-thread-1] INFO  server.RaftServerConfigKeys (ConfUtils.java:logGet(44)) - raft.server.log.segment.size.max = 1048576 (custom)
2022-03-01 02:08:47,766 [pool-379-thread-1] INFO  server.RaftServerConfigKeys (ConfUtils.java:logGet(44)) - raft.server.log.preallocated.size = 16384 (custom)
2022-03-01 02:08:47,766 [pool-379-thread-1] INFO  server.RaftServerConfigKeys (ConfUtils.java:logGet(44)) - raft.server.log.force.sync.num = 128 (default)
2022-03-01 02:08:47,767 [pool-379-thread-1] INFO  server.RaftServerConfigKeys (ConfUtils.java:logGet(44)) - raft.server.log.statemachine.data.sync = true (default)
2022-03-01 02:08:47,767 [pool-379-thread-1] INFO  server.RaftServerConfigKeys (ConfUtils.java:logGet(44)) - raft.server.log.statemachine.data.sync.timeout = 10s (default)
2022-03-01 02:08:47,767 [pool-379-thread-1] INFO  server.RaftServerConfigKeys (ConfUtils.java:logGet(44)) - raft.server.log.statemachine.data.sync.timeout.retry = -1 (default)
2022-03-01 02:08:47,767 [pool-379-thread-1] INFO  server.RaftServerConfigKeys (ConfUtils.java:logGet(44)) - raft.server.log.write.buffer.size = 1048576 (custom)
2022-03-01 02:08:47,768 [pool-379-thread-1] INFO  server.RaftServerConfigKeys (ConfUtils.java:logGet(44)) - raft.server.log.statemachine.data.caching.enabled = true (custom)
2022-03-01 02:08:47,768 [pool-379-thread-1] INFO  segmented.SegmentedRaftLogWorker (SegmentedRaftLogWorker.java:lambda$new$0(133)) - c521be71-924d-486e-9da9-f3a5438abd2c@group-D758006F8883-SegmentedRaftLogWorker: flushIndex: setUnconditionally 0 -> -1
2022-03-01 02:08:47,768 [pool-379-thread-1] INFO  segmented.SegmentedRaftLogWorker (SegmentedRaftLogWorker.java:lambda$new$0(133)) - c521be71-924d-486e-9da9-f3a5438abd2c@group-D758006F8883-SegmentedRaftLogWorker: safeCacheEvictIndex: setUnconditionally 0 -> -1
2022-03-01 02:08:47,769 [pool-379-thread-1] INFO  server.RaftServerConfigKeys (ConfUtils.java:logGet(44)) - raft.server.snapshot.auto.trigger.enabled = true (custom)
2022-03-01 02:08:47,769 [pool-379-thread-1] INFO  server.RaftServerConfigKeys (ConfUtils.java:logGet(44)) - raft.server.snapshot.auto.trigger.threshold = 10000 (custom)
2022-03-01 02:08:47,769 [pool-379-thread-1] INFO  server.RaftServerConfigKeys (ConfUtils.java:logGet(44)) - raft.server.snapshot.retention.file.num = 5 (custom)
2022-03-01 02:08:47,769 [pool-379-thread-1] INFO  server.RaftServerConfigKeys (ConfUtils.java:logGet(44)) - raft.server.log.purge.upto.snapshot.index = false (default)
2022-03-01 02:08:47,769 [pool-379-thread-1] INFO  server.RaftServerConfigKeys (ConfUtils.java:logGet(44)) - raft.server.retrycache.expirytime = 600000ms (custom)
2022-03-01 02:08:47,769 [pool-379-thread-1] INFO  server.RaftServerConfigKeys (ConfUtils.java:logGet(44)) - raft.server.retrycache.statistics.expirytime = 100μs (default)
2022-03-01 02:08:47,770 [pool-379-thread-1] INFO  server.RaftServer$Division (RaftServerImpl.java:start(301)) - c521be71-924d-486e-9da9-f3a5438abd2c@group-D758006F8883: start as a follower, conf=-1: [393f4c54-f67b-44fe-81f5-8bfc2099cec7|rpc:10.1.0.9:34819|priority:0, c521be71-924d-486e-9da9-f3a5438abd2c|rpc:10.1.0.9:35291|priority:0, 2fe09f74-0f35-4dca-83ea-38d6e64c020a|rpc:10.1.0.9:46395|priority:1], old=null
2022-03-01 02:08:47,770 [pool-379-thread-1] INFO  server.RaftServer$Division (RaftServerImpl.java:setRole(290)) - c521be71-924d-486e-9da9-f3a5438abd2c@group-D758006F8883: changes role from      null to FOLLOWER at term 0 for startAsFollower
2022-03-01 02:08:47,770 [pool-379-thread-1] INFO  impl.RoleInfo (RoleInfo.java:updateAndGet(130)) - c521be71-924d-486e-9da9-f3a5438abd2c: start c521be71-924d-486e-9da9-f3a5438abd2c@group-D758006F8883-FollowerState
2022-03-01 02:08:47,771 [pool-379-thread-1] INFO  util.JmxRegister (JmxRegister.java:tryRegister(44)) - Successfully registered JMX Bean with object name Ratis:service=RaftServer,group=group-D758006F8883,id=c521be71-924d-486e-9da9-f3a5438abd2c
2022-03-01 02:08:47,783 [Command processor thread] INFO  ratis.XceiverServerRatis (XceiverServerRatis.java:addGroup(769)) - Created group PipelineID=445ed73e-c65b-479c-9b33-d758006f8883
2022-03-01 02:08:47,791 [EventQueue-OpenPipelineForHealthyPipelineSafeModeRule] INFO  safemode.SCMSafeModeManager (HealthyPipelineSafeModeRule.java:process(124)) - SCM in safe mode. Healthy pipelines reported count is 0, required healthy pipeline reported count is 1
2022-03-01 02:08:47,816 [grpc-default-executor-5] INFO  server.RaftServer (RaftServerProxy.java:addNew(95)) - 2fe09f74-0f35-4dca-83ea-38d6e64c020a: addNew group-D758006F8883:[393f4c54-f67b-44fe-81f5-8bfc2099cec7|rpc:10.1.0.9:34819|dataStream:|priority:0, c521be71-924d-486e-9da9-f3a5438abd2c|rpc:10.1.0.9:35291|dataStream:|priority:0, 2fe09f74-0f35-4dca-83ea-38d6e64c020a|rpc:10.1.0.9:46395|dataStream:|priority:1] returns group-D758006F8883:java.util.concurrent.CompletableFuture@2484344a[Not completed]
2022-03-01 02:08:47,837 [pool-421-thread-1] INFO  server.RaftServer$Division (RaftServerImpl.java:<init>(184)) - 2fe09f74-0f35-4dca-83ea-38d6e64c020a: new RaftServerImpl for group-D758006F8883:[393f4c54-f67b-44fe-81f5-8bfc2099cec7|rpc:10.1.0.9:34819|dataStream:|priority:0, c521be71-924d-486e-9da9-f3a5438abd2c|rpc:10.1.0.9:35291|dataStream:|priority:0, 2fe09f74-0f35-4dca-83ea-38d6e64c020a|rpc:10.1.0.9:46395|dataStream:|priority:1] with ContainerStateMachine:uninitialized
2022-03-01 02:08:47,855 [pool-421-thread-1] INFO  server.RaftServerConfigKeys (ConfUtils.java:logGet(44)) - raft.server.rpc.timeout.min = 5s (custom)
2022-03-01 02:08:47,855 [pool-421-thread-1] INFO  server.RaftServerConfigKeys (ConfUtils.java:logGet(44)) - raft.server.rpc.timeout.max = 5200ms (custom)
2022-03-01 02:08:47,855 [pool-421-thread-1] INFO  server.RaftServerConfigKeys (ConfUtils.java:logGet(44)) - raft.server.rpc.sleep.time = 25ms (default)
2022-03-01 02:08:47,855 [pool-421-thread-1] INFO  server.RaftServerConfigKeys (ConfUtils.java:logGet(44)) - raft.server.rpc.slowness.timeout = 300s (custom)
2022-03-01 02:08:47,855 [pool-421-thread-1] INFO  server.RaftServerConfigKeys (ConfUtils.java:logGet(44)) - raft.server.leaderelection.leader.step-down.wait-time = 10s (default)
2022-03-01 02:08:47,855 [pool-421-thread-1] INFO  server.RaftServerConfigKeys (ConfUtils.java:logGet(44)) - raft.server.sleep.deviation.threshold = 300ms (default)
2022-03-01 02:08:47,855 [pool-421-thread-1] INFO  server.RaftServerConfigKeys (ConfUtils.java:logGet(44)) - raft.server.log.appender.install.snapshot.enabled = false (custom)
2022-03-01 02:08:47,856 [pool-421-thread-1] INFO  server.RaftServer$Division (ServerState.java:<init>(105)) - 2fe09f74-0f35-4dca-83ea-38d6e64c020a@group-D758006F8883: ConfigurationManager, init=-1: [393f4c54-f67b-44fe-81f5-8bfc2099cec7|rpc:10.1.0.9:34819|dataStream:|priority:0, c521be71-924d-486e-9da9-f3a5438abd2c|rpc:10.1.0.9:35291|dataStream:|priority:0, 2fe09f74-0f35-4dca-83ea-38d6e64c020a|rpc:10.1.0.9:46395|dataStream:|priority:1], old=null, confs=<EMPTY_MAP>
2022-03-01 02:08:47,856 [pool-421-thread-1] INFO  server.RaftServerConfigKeys (ConfUtils.java:logGet(44)) - raft.server.storage.dir = [/home/runner/work/ozone/ozone/hadoop-ozone/integration-test/target/test-dir/MiniOzoneClusterImpl-4a905738-de8a-4f79-b951-dc63c6cec1e7/datanode-2/data/ratis] (custom)
2022-03-01 02:08:47,856 [pool-421-thread-1] INFO  server.RaftServerConfigKeys (ConfUtils.java:logGet(44)) - raft.server.log.corruption.policy = EXCEPTION (default)
2022-03-01 02:08:47,856 [pool-421-thread-1] INFO  server.RaftServerConfigKeys (ConfUtils.java:logGet(44)) - raft.server.storage.free-space.min = 0MB (=0) (default)
2022-03-01 02:08:47,856 [pool-421-thread-1] INFO  storage.RaftStorageDirectory (RaftStorageDirectoryImpl.java:analyzeStorage(135)) - The storage directory /home/runner/work/ozone/ozone/hadoop-ozone/integration-test/target/test-dir/MiniOzoneClusterImpl-4a905738-de8a-4f79-b951-dc63c6cec1e7/datanode-2/data/ratis/445ed73e-c65b-479c-9b33-d758006f8883 does not exist. Creating ...
2022-03-01 02:08:47,860 [pool-421-thread-1] INFO  storage.RaftStorageDirectory (RaftStorageDirectoryImpl.java:tryLock(230)) - Lock on /home/runner/work/ozone/ozone/hadoop-ozone/integration-test/target/test-dir/MiniOzoneClusterImpl-4a905738-de8a-4f79-b951-dc63c6cec1e7/datanode-2/data/ratis/445ed73e-c65b-479c-9b33-d758006f8883/in_use.lock acquired by nodename 9245@fv-az294-952
2022-03-01 02:08:47,863 [pool-421-thread-1] INFO  storage.RaftStorage (RaftStorageImpl.java:format(89)) - Storage directory /home/runner/work/ozone/ozone/hadoop-ozone/integration-test/target/test-dir/MiniOzoneClusterImpl-4a905738-de8a-4f79-b951-dc63c6cec1e7/datanode-2/data/ratis/445ed73e-c65b-479c-9b33-d758006f8883 has been successfully formatted.
2022-03-01 02:08:47,879 [pool-421-thread-1] INFO  ratis.ContainerStateMachine (ContainerStateMachine.java:loadSnapshot(236)) - group-D758006F8883: The snapshot info is null. Setting the last applied indexto:(t:0, i:~)
2022-03-01 02:08:47,879 [pool-421-thread-1] INFO  server.RaftServerConfigKeys (ConfUtils.java:logGet(44)) - raft.server.notification.no-leader.timeout = 300s (custom)
2022-03-01 02:08:47,879 [pool-421-thread-1] INFO  server.RaftServerConfigKeys (ConfUtils.java:logGet(44)) - raft.server.log.use.memory = false (default)
2022-03-01 02:08:47,880 [pool-421-thread-1] INFO  server.RaftServerConfigKeys (ConfUtils.java:logGet(44)) - raft.server.log.purge.gap = 1000000 (custom)
2022-03-01 02:08:47,880 [pool-421-thread-1] INFO  server.RaftServerConfigKeys (ConfUtils.java:logGet(44)) - raft.server.log.appender.buffer.byte-limit = 33554432 (custom)
2022-03-01 02:08:47,880 [pool-421-thread-1] INFO  server.RaftServerConfigKeys (ConfUtils.java:logGet(44)) - raft.server.log.segment.size.max = 1048576 (custom)
2022-03-01 02:08:47,880 [pool-421-thread-1] INFO  server.RaftServerConfigKeys (ConfUtils.java:logGet(44)) - raft.server.log.segment.cache.num.max = 2 (custom)
2022-03-01 02:08:47,880 [pool-421-thread-1] INFO  server.RaftServerConfigKeys (ConfUtils.java:logGet(44)) - raft.server.log.segment.cache.size.max = 200MB (=209715200) (default)
2022-03-01 02:08:47,880 [pool-421-thread-1] INFO  segmented.SegmentedRaftLogWorker (SegmentedRaftLogWorker.java:<init>(182)) - new 2fe09f74-0f35-4dca-83ea-38d6e64c020a@group-D758006F8883-SegmentedRaftLogWorker for RaftStorageImpl:Storage Directory /home/runner/work/ozone/ozone/hadoop-ozone/integration-test/target/test-dir/MiniOzoneClusterImpl-4a905738-de8a-4f79-b951-dc63c6cec1e7/datanode-2/data/ratis/445ed73e-c65b-479c-9b33-d758006f8883
2022-03-01 02:08:47,880 [pool-421-thread-1] INFO  server.RaftServerConfigKeys (ConfUtils.java:logGet(44)) - raft.server.log.queue.byte-limit = 4294967296 (custom)
2022-03-01 02:08:47,880 [pool-421-thread-1] INFO  server.RaftServerConfigKeys (ConfUtils.java:logGet(44)) - raft.server.log.queue.element-limit = 1024 (custom)
2022-03-01 02:08:47,880 [pool-421-thread-1] INFO  server.RaftServerConfigKeys (ConfUtils.java:logGet(44)) - raft.server.log.segment.size.max = 1048576 (custom)
2022-03-01 02:08:47,881 [pool-421-thread-1] INFO  server.RaftServerConfigKeys (ConfUtils.java:logGet(44)) - raft.server.log.preallocated.size = 16384 (custom)
2022-03-01 02:08:47,881 [pool-421-thread-1] INFO  server.RaftServerConfigKeys (ConfUtils.java:logGet(44)) - raft.server.log.force.sync.num = 128 (default)
2022-03-01 02:08:47,881 [pool-421-thread-1] INFO  server.RaftServerConfigKeys (ConfUtils.java:logGet(44)) - raft.server.log.statemachine.data.sync = true (default)
2022-03-01 02:08:47,881 [pool-421-thread-1] INFO  server.RaftServerConfigKeys (ConfUtils.java:logGet(44)) - raft.server.log.statemachine.data.sync.timeout = 10s (default)
2022-03-01 02:08:47,881 [pool-421-thread-1] INFO  server.RaftServerConfigKeys (ConfUtils.java:logGet(44)) - raft.server.log.statemachine.data.sync.timeout.retry = -1 (default)
2022-03-01 02:08:47,881 [pool-421-thread-1] INFO  server.RaftServerConfigKeys (ConfUtils.java:logGet(44)) - raft.server.log.write.buffer.size = 1048576 (custom)
2022-03-01 02:08:47,882 [pool-421-thread-1] INFO  server.RaftServerConfigKeys (ConfUtils.java:logGet(44)) - raft.server.log.statemachine.data.caching.enabled = true (custom)
2022-03-01 02:08:47,882 [pool-421-thread-1] INFO  segmented.SegmentedRaftLogWorker (SegmentedRaftLogWorker.java:lambda$new$0(133)) - 2fe09f74-0f35-4dca-83ea-38d6e64c020a@group-D758006F8883-SegmentedRaftLogWorker: flushIndex: setUnconditionally 0 -> -1
2022-03-01 02:08:47,882 [pool-421-thread-1] INFO  segmented.SegmentedRaftLogWorker (SegmentedRaftLogWorker.java:lambda$new$0(133)) - 2fe09f74-0f35-4dca-83ea-38d6e64c020a@group-D758006F8883-SegmentedRaftLogWorker: safeCacheEvictIndex: setUnconditionally 0 -> -1
2022-03-01 02:08:47,899 [pool-421-thread-1] INFO  server.RaftServerConfigKeys (ConfUtils.java:logGet(44)) - raft.server.snapshot.auto.trigger.enabled = true (custom)
2022-03-01 02:08:47,899 [pool-421-thread-1] INFO  server.RaftServerConfigKeys (ConfUtils.java:logGet(44)) - raft.server.snapshot.auto.trigger.threshold = 10000 (custom)
2022-03-01 02:08:47,899 [pool-421-thread-1] INFO  server.RaftServerConfigKeys (ConfUtils.java:logGet(44)) - raft.server.snapshot.retention.file.num = 5 (custom)
2022-03-01 02:08:47,899 [pool-421-thread-1] INFO  server.RaftServerConfigKeys (ConfUtils.java:logGet(44)) - raft.server.log.purge.upto.snapshot.index = false (default)
2022-03-01 02:08:47,899 [pool-421-thread-1] INFO  server.RaftServerConfigKeys (ConfUtils.java:logGet(44)) - raft.server.retrycache.expirytime = 600000ms (custom)
2022-03-01 02:08:47,900 [pool-421-thread-1] INFO  server.RaftServerConfigKeys (ConfUtils.java:logGet(44)) - raft.server.retrycache.statistics.expirytime = 100μs (default)
2022-03-01 02:08:47,901 [pool-421-thread-1] INFO  server.RaftServer$Division (RaftServerImpl.java:start(301)) - 2fe09f74-0f35-4dca-83ea-38d6e64c020a@group-D758006F8883: start as a follower, conf=-1: [393f4c54-f67b-44fe-81f5-8bfc2099cec7|rpc:10.1.0.9:34819|dataStream:|priority:0, c521be71-924d-486e-9da9-f3a5438abd2c|rpc:10.1.0.9:35291|dataStream:|priority:0, 2fe09f74-0f35-4dca-83ea-38d6e64c020a|rpc:10.1.0.9:46395|dataStream:|priority:1], old=null
2022-03-01 02:08:47,901 [pool-421-thread-1] INFO  server.RaftServer$Division (RaftServerImpl.java:setRole(290)) - 2fe09f74-0f35-4dca-83ea-38d6e64c020a@group-D758006F8883: changes role from      null to FOLLOWER at term 0 for startAsFollower
2022-03-01 02:08:47,901 [pool-421-thread-1] INFO  impl.RoleInfo (RoleInfo.java:updateAndGet(130)) - 2fe09f74-0f35-4dca-83ea-38d6e64c020a: start 2fe09f74-0f35-4dca-83ea-38d6e64c020a@group-D758006F8883-FollowerState
2022-03-01 02:08:47,907 [pool-421-thread-1] INFO  util.JmxRegister (JmxRegister.java:tryRegister(44)) - Successfully registered JMX Bean with object name Ratis:service=RaftServer,group=group-D758006F8883,id=2fe09f74-0f35-4dca-83ea-38d6e64c020a
2022-03-01 02:08:48,003 [grpc-default-executor-5] INFO  server.RaftServer (RaftServerProxy.java:addNew(95)) - 393f4c54-f67b-44fe-81f5-8bfc2099cec7: addNew group-D758006F8883:[393f4c54-f67b-44fe-81f5-8bfc2099cec7|rpc:10.1.0.9:34819|dataStream:|priority:0, c521be71-924d-486e-9da9-f3a5438abd2c|rpc:10.1.0.9:35291|dataStream:|priority:0, 2fe09f74-0f35-4dca-83ea-38d6e64c020a|rpc:10.1.0.9:46395|dataStream:|priority:1] returns group-D758006F8883:java.util.concurrent.CompletableFuture@49b2bf7b[Not completed]
2022-03-01 02:08:48,016 [pool-400-thread-1] INFO  server.RaftServer$Division (RaftServerImpl.java:<init>(184)) - 393f4c54-f67b-44fe-81f5-8bfc2099cec7: new RaftServerImpl for group-D758006F8883:[393f4c54-f67b-44fe-81f5-8bfc2099cec7|rpc:10.1.0.9:34819|dataStream:|priority:0, c521be71-924d-486e-9da9-f3a5438abd2c|rpc:10.1.0.9:35291|dataStream:|priority:0, 2fe09f74-0f35-4dca-83ea-38d6e64c020a|rpc:10.1.0.9:46395|dataStream:|priority:1] with ContainerStateMachine:uninitialized
2022-03-01 02:08:48,017 [pool-400-thread-1] INFO  server.RaftServerConfigKeys (ConfUtils.java:logGet(44)) - raft.server.rpc.timeout.min = 5s (custom)
2022-03-01 02:08:48,017 [pool-400-thread-1] INFO  server.RaftServerConfigKeys (ConfUtils.java:logGet(44)) - raft.server.rpc.timeout.max = 5200ms (custom)
2022-03-01 02:08:48,017 [pool-400-thread-1] INFO  server.RaftServerConfigKeys (ConfUtils.java:logGet(44)) - raft.server.rpc.sleep.time = 25ms (default)
2022-03-01 02:08:48,017 [pool-400-thread-1] INFO  server.RaftServerConfigKeys (ConfUtils.java:logGet(44)) - raft.server.rpc.slowness.timeout = 300s (custom)
2022-03-01 02:08:48,017 [pool-400-thread-1] INFO  server.RaftServerConfigKeys (ConfUtils.java:logGet(44)) - raft.server.leaderelection.leader.step-down.wait-time = 10s (default)
2022-03-01 02:08:48,017 [pool-400-thread-1] INFO  server.RaftServerConfigKeys (ConfUtils.java:logGet(44)) - raft.server.sleep.deviation.threshold = 300ms (default)
2022-03-01 02:08:48,018 [pool-400-thread-1] INFO  server.RaftServerConfigKeys (ConfUtils.java:logGet(44)) - raft.server.log.appender.install.snapshot.enabled = false (custom)
2022-03-01 02:08:48,018 [pool-400-thread-1] INFO  server.RaftServer$Division (ServerState.java:<init>(105)) - 393f4c54-f67b-44fe-81f5-8bfc2099cec7@group-D758006F8883: ConfigurationManager, init=-1: [393f4c54-f67b-44fe-81f5-8bfc2099cec7|rpc:10.1.0.9:34819|dataStream:|priority:0, c521be71-924d-486e-9da9-f3a5438abd2c|rpc:10.1.0.9:35291|dataStream:|priority:0, 2fe09f74-0f35-4dca-83ea-38d6e64c020a|rpc:10.1.0.9:46395|dataStream:|priority:1], old=null, confs=<EMPTY_MAP>
2022-03-01 02:08:48,018 [pool-400-thread-1] INFO  server.RaftServerConfigKeys (ConfUtils.java:logGet(44)) - raft.server.storage.dir = [/home/runner/work/ozone/ozone/hadoop-ozone/integration-test/target/test-dir/MiniOzoneClusterImpl-4a905738-de8a-4f79-b951-dc63c6cec1e7/datanode-1/data/ratis] (custom)
2022-03-01 02:08:48,018 [pool-400-thread-1] INFO  server.RaftServerConfigKeys (ConfUtils.java:logGet(44)) - raft.server.log.corruption.policy = EXCEPTION (default)
2022-03-01 02:08:48,018 [pool-400-thread-1] INFO  server.RaftServerConfigKeys (ConfUtils.java:logGet(44)) - raft.server.storage.free-space.min = 0MB (=0) (default)
2022-03-01 02:08:48,018 [pool-400-thread-1] INFO  storage.RaftStorageDirectory (RaftStorageDirectoryImpl.java:analyzeStorage(135)) - The storage directory /home/runner/work/ozone/ozone/hadoop-ozone/integration-test/target/test-dir/MiniOzoneClusterImpl-4a905738-de8a-4f79-b951-dc63c6cec1e7/datanode-1/data/ratis/445ed73e-c65b-479c-9b33-d758006f8883 does not exist. Creating ...
2022-03-01 02:08:48,025 [pool-400-thread-1] INFO  storage.RaftStorageDirectory (RaftStorageDirectoryImpl.java:tryLock(230)) - Lock on /home/runner/work/ozone/ozone/hadoop-ozone/integration-test/target/test-dir/MiniOzoneClusterImpl-4a905738-de8a-4f79-b951-dc63c6cec1e7/datanode-1/data/ratis/445ed73e-c65b-479c-9b33-d758006f8883/in_use.lock acquired by nodename 9245@fv-az294-952
2022-03-01 02:08:48,030 [pool-400-thread-1] INFO  storage.RaftStorage (RaftStorageImpl.java:format(89)) - Storage directory /home/runner/work/ozone/ozone/hadoop-ozone/integration-test/target/test-dir/MiniOzoneClusterImpl-4a905738-de8a-4f79-b951-dc63c6cec1e7/datanode-1/data/ratis/445ed73e-c65b-479c-9b33-d758006f8883 has been successfully formatted.
2022-03-01 02:08:48,043 [pool-400-thread-1] INFO  ratis.ContainerStateMachine (ContainerStateMachine.java:loadSnapshot(236)) - group-D758006F8883: The snapshot info is null. Setting the last applied indexto:(t:0, i:~)
2022-03-01 02:08:48,043 [pool-400-thread-1] INFO  server.RaftServerConfigKeys (ConfUtils.java:logGet(44)) - raft.server.notification.no-leader.timeout = 300s (custom)
2022-03-01 02:08:48,043 [pool-400-thread-1] INFO  server.RaftServerConfigKeys (ConfUtils.java:logGet(44)) - raft.server.log.use.memory = false (default)
2022-03-01 02:08:48,043 [pool-400-thread-1] INFO  server.RaftServerConfigKeys (ConfUtils.java:logGet(44)) - raft.server.log.purge.gap = 1000000 (custom)
2022-03-01 02:08:48,044 [pool-400-thread-1] INFO  server.RaftServerConfigKeys (ConfUtils.java:logGet(44)) - raft.server.log.appender.buffer.byte-limit = 33554432 (custom)
2022-03-01 02:08:48,044 [pool-400-thread-1] INFO  server.RaftServerConfigKeys (ConfUtils.java:logGet(44)) - raft.server.log.segment.size.max = 1048576 (custom)
2022-03-01 02:08:48,044 [pool-400-thread-1] INFO  server.RaftServerConfigKeys (ConfUtils.java:logGet(44)) - raft.server.log.segment.cache.num.max = 2 (custom)
2022-03-01 02:08:48,044 [pool-400-thread-1] INFO  server.RaftServerConfigKeys (ConfUtils.java:logGet(44)) - raft.server.log.segment.cache.size.max = 200MB (=209715200) (default)
2022-03-01 02:08:48,044 [pool-400-thread-1] INFO  segmented.SegmentedRaftLogWorker (SegmentedRaftLogWorker.java:<init>(182)) - new 393f4c54-f67b-44fe-81f5-8bfc2099cec7@group-D758006F8883-SegmentedRaftLogWorker for RaftStorageImpl:Storage Directory /home/runner/work/ozone/ozone/hadoop-ozone/integration-test/target/test-dir/MiniOzoneClusterImpl-4a905738-de8a-4f79-b951-dc63c6cec1e7/datanode-1/data/ratis/445ed73e-c65b-479c-9b33-d758006f8883
2022-03-01 02:08:48,044 [pool-400-thread-1] INFO  server.RaftServerConfigKeys (ConfUtils.java:logGet(44)) - raft.server.log.queue.byte-limit = 4294967296 (custom)
2022-03-01 02:08:48,044 [pool-400-thread-1] INFO  server.RaftServerConfigKeys (ConfUtils.java:logGet(44)) - raft.server.log.queue.element-limit = 1024 (custom)
2022-03-01 02:08:48,044 [pool-400-thread-1] INFO  server.RaftServerConfigKeys (ConfUtils.java:logGet(44)) - raft.server.log.segment.size.max = 1048576 (custom)
2022-03-01 02:08:48,044 [pool-400-thread-1] INFO  server.RaftServerConfigKeys (ConfUtils.java:logGet(44)) - raft.server.log.preallocated.size = 16384 (custom)
2022-03-01 02:08:48,044 [pool-400-thread-1] INFO  server.RaftServerConfigKeys (ConfUtils.java:logGet(44)) - raft.server.log.force.sync.num = 128 (default)
2022-03-01 02:08:48,044 [pool-400-thread-1] INFO  server.RaftServerConfigKeys (ConfUtils.java:logGet(44)) - raft.server.log.statemachine.data.sync = true (default)
2022-03-01 02:08:48,045 [pool-400-thread-1] INFO  server.RaftServerConfigKeys (ConfUtils.java:logGet(44)) - raft.server.log.statemachine.data.sync.timeout = 10s (default)
2022-03-01 02:08:48,045 [pool-400-thread-1] INFO  server.RaftServerConfigKeys (ConfUtils.java:logGet(44)) - raft.server.log.statemachine.data.sync.timeout.retry = -1 (default)
2022-03-01 02:08:48,045 [pool-400-thread-1] INFO  server.RaftServerConfigKeys (ConfUtils.java:logGet(44)) - raft.server.log.write.buffer.size = 1048576 (custom)
2022-03-01 02:08:48,045 [pool-400-thread-1] INFO  server.RaftServerConfigKeys (ConfUtils.java:logGet(44)) - raft.server.log.statemachine.data.caching.enabled = true (custom)
2022-03-01 02:08:48,046 [pool-400-thread-1] INFO  segmented.SegmentedRaftLogWorker (SegmentedRaftLogWorker.java:lambda$new$0(133)) - 393f4c54-f67b-44fe-81f5-8bfc2099cec7@group-D758006F8883-SegmentedRaftLogWorker: flushIndex: setUnconditionally 0 -> -1
2022-03-01 02:08:48,046 [pool-400-thread-1] INFO  segmented.SegmentedRaftLogWorker (SegmentedRaftLogWorker.java:lambda$new$0(133)) - 393f4c54-f67b-44fe-81f5-8bfc2099cec7@group-D758006F8883-SegmentedRaftLogWorker: safeCacheEvictIndex: setUnconditionally 0 -> -1
2022-03-01 02:08:48,051 [pool-400-thread-1] INFO  server.RaftServerConfigKeys (ConfUtils.java:logGet(44)) - raft.server.snapshot.auto.trigger.enabled = true (custom)
2022-03-01 02:08:48,051 [pool-400-thread-1] INFO  server.RaftServerConfigKeys (ConfUtils.java:logGet(44)) - raft.server.snapshot.auto.trigger.threshold = 10000 (custom)
2022-03-01 02:08:48,051 [pool-400-thread-1] INFO  server.RaftServerConfigKeys (ConfUtils.java:logGet(44)) - raft.server.snapshot.retention.file.num = 5 (custom)
2022-03-01 02:08:48,051 [pool-400-thread-1] INFO  server.RaftServerConfigKeys (ConfUtils.java:logGet(44)) - raft.server.log.purge.upto.snapshot.index = false (default)
2022-03-01 02:08:48,051 [pool-400-thread-1] INFO  server.RaftServerConfigKeys (ConfUtils.java:logGet(44)) - raft.server.retrycache.expirytime = 600000ms (custom)
2022-03-01 02:08:48,051 [pool-400-thread-1] INFO  server.RaftServerConfigKeys (ConfUtils.java:logGet(44)) - raft.server.retrycache.statistics.expirytime = 100μs (default)
2022-03-01 02:08:48,052 [pool-400-thread-1] INFO  server.RaftServer$Division (RaftServerImpl.java:start(301)) - 393f4c54-f67b-44fe-81f5-8bfc2099cec7@group-D758006F8883: start as a follower, conf=-1: [393f4c54-f67b-44fe-81f5-8bfc2099cec7|rpc:10.1.0.9:34819|dataStream:|priority:0, c521be71-924d-486e-9da9-f3a5438abd2c|rpc:10.1.0.9:35291|dataStream:|priority:0, 2fe09f74-0f35-4dca-83ea-38d6e64c020a|rpc:10.1.0.9:46395|dataStream:|priority:1], old=null
2022-03-01 02:08:48,052 [pool-400-thread-1] INFO  server.RaftServer$Division (RaftServerImpl.java:setRole(290)) - 393f4c54-f67b-44fe-81f5-8bfc2099cec7@group-D758006F8883: changes role from      null to FOLLOWER at term 0 for startAsFollower
2022-03-01 02:08:48,052 [pool-400-thread-1] INFO  impl.RoleInfo (RoleInfo.java:updateAndGet(130)) - 393f4c54-f67b-44fe-81f5-8bfc2099cec7: start 393f4c54-f67b-44fe-81f5-8bfc2099cec7@group-D758006F8883-FollowerState
2022-03-01 02:08:48,059 [pool-400-thread-1] INFO  util.JmxRegister (JmxRegister.java:tryRegister(44)) - Successfully registered JMX Bean with object name Ratis:service=RaftServer,group=group-D758006F8883,id=393f4c54-f67b-44fe-81f5-8bfc2099cec7
2022-03-01 02:08:48,088 [Command processor thread] INFO  commandhandler.CreatePipelineCommandHandler (CreatePipelineCommandHandler.java:handle(106)) - Created Pipeline RATIS THREE PipelineID=445ed73e-c65b-479c-9b33-d758006f8883.
2022-03-01 02:08:48,088 [Command processor thread] INFO  server.RaftServer (RaftServerProxy.java:addNew(95)) - c521be71-924d-486e-9da9-f3a5438abd2c: addNew group-B644FF3D61AF:[393f4c54-f67b-44fe-81f5-8bfc2099cec7|rpc:10.1.0.9:34819|priority:1, c521be71-924d-486e-9da9-f3a5438abd2c|rpc:10.1.0.9:35291|priority:0, 2fe09f74-0f35-4dca-83ea-38d6e64c020a|rpc:10.1.0.9:46395|priority:0] returns group-B644FF3D61AF:java.util.concurrent.CompletableFuture@36ecd657[Not completed]
2022-03-01 02:08:48,089 [pool-379-thread-1] INFO  server.RaftServer$Division (RaftServerImpl.java:<init>(184)) - c521be71-924d-486e-9da9-f3a5438abd2c: new RaftServerImpl for group-B644FF3D61AF:[393f4c54-f67b-44fe-81f5-8bfc2099cec7|rpc:10.1.0.9:34819|priority:1, c521be71-924d-486e-9da9-f3a5438abd2c|rpc:10.1.0.9:35291|priority:0, 2fe09f74-0f35-4dca-83ea-38d6e64c020a|rpc:10.1.0.9:46395|priority:0] with ContainerStateMachine:uninitialized
2022-03-01 02:08:48,089 [pool-379-thread-1] INFO  server.RaftServerConfigKeys (ConfUtils.java:logGet(44)) - raft.server.rpc.timeout.min = 5s (custom)
2022-03-01 02:08:48,089 [pool-379-thread-1] INFO  server.RaftServerConfigKeys (ConfUtils.java:logGet(44)) - raft.server.rpc.timeout.max = 5200ms (custom)
2022-03-01 02:08:48,089 [pool-379-thread-1] INFO  server.RaftServerConfigKeys (ConfUtils.java:logGet(44)) - raft.server.rpc.sleep.time = 25ms (default)
2022-03-01 02:08:48,089 [pool-379-thread-1] INFO  server.RaftServerConfigKeys (ConfUtils.java:logGet(44)) - raft.server.rpc.slowness.timeout = 300s (custom)
2022-03-01 02:08:48,089 [pool-379-thread-1] INFO  server.RaftServerConfigKeys (ConfUtils.java:logGet(44)) - raft.server.leaderelection.leader.step-down.wait-time = 10s (default)
2022-03-01 02:08:48,089 [pool-379-thread-1] INFO  server.RaftServerConfigKeys (ConfUtils.java:logGet(44)) - raft.server.sleep.deviation.threshold = 300ms (default)
2022-03-01 02:08:48,089 [pool-379-thread-1] INFO  server.RaftServerConfigKeys (ConfUtils.java:logGet(44)) - raft.server.log.appender.install.snapshot.enabled = false (custom)
2022-03-01 02:08:48,089 [pool-379-thread-1] INFO  server.RaftServer$Division (ServerState.java:<init>(105)) - c521be71-924d-486e-9da9-f3a5438abd2c@group-B644FF3D61AF: ConfigurationManager, init=-1: [393f4c54-f67b-44fe-81f5-8bfc2099cec7|rpc:10.1.0.9:34819|priority:1, c521be71-924d-486e-9da9-f3a5438abd2c|rpc:10.1.0.9:35291|priority:0, 2fe09f74-0f35-4dca-83ea-38d6e64c020a|rpc:10.1.0.9:46395|priority:0], old=null, confs=<EMPTY_MAP>
2022-03-01 02:08:48,090 [pool-379-thread-1] INFO  server.RaftServerConfigKeys (ConfUtils.java:logGet(44)) - raft.server.storage.dir = [/home/runner/work/ozone/ozone/hadoop-ozone/integration-test/target/test-dir/MiniOzoneClusterImpl-4a905738-de8a-4f79-b951-dc63c6cec1e7/datanode-0/data/ratis] (custom)
2022-03-01 02:08:48,090 [pool-379-thread-1] INFO  server.RaftServerConfigKeys (ConfUtils.java:logGet(44)) - raft.server.log.corruption.policy = EXCEPTION (default)
2022-03-01 02:08:48,090 [pool-379-thread-1] INFO  server.RaftServerConfigKeys (ConfUtils.java:logGet(44)) - raft.server.storage.free-space.min = 0MB (=0) (default)
2022-03-01 02:08:48,090 [pool-379-thread-1] INFO  storage.RaftStorageDirectory (RaftStorageDirectoryImpl.java:analyzeStorage(135)) - The storage directory /home/runner/work/ozone/ozone/hadoop-ozone/integration-test/target/test-dir/MiniOzoneClusterImpl-4a905738-de8a-4f79-b951-dc63c6cec1e7/datanode-0/data/ratis/4656e030-2756-4f3a-99a7-b644ff3d61af does not exist. Creating ...
2022-03-01 02:08:48,107 [pool-379-thread-1] INFO  storage.RaftStorageDirectory (RaftStorageDirectoryImpl.java:tryLock(230)) - Lock on /home/runner/work/ozone/ozone/hadoop-ozone/integration-test/target/test-dir/MiniOzoneClusterImpl-4a905738-de8a-4f79-b951-dc63c6cec1e7/datanode-0/data/ratis/4656e030-2756-4f3a-99a7-b644ff3d61af/in_use.lock acquired by nodename 9245@fv-az294-952
2022-03-01 02:08:48,112 [pool-379-thread-1] INFO  storage.RaftStorage (RaftStorageImpl.java:format(89)) - Storage directory /home/runner/work/ozone/ozone/hadoop-ozone/integration-test/target/test-dir/MiniOzoneClusterImpl-4a905738-de8a-4f79-b951-dc63c6cec1e7/datanode-0/data/ratis/4656e030-2756-4f3a-99a7-b644ff3d61af has been successfully formatted.
2022-03-01 02:08:48,112 [pool-379-thread-1] INFO  ratis.ContainerStateMachine (ContainerStateMachine.java:loadSnapshot(236)) - group-B644FF3D61AF: The snapshot info is null. Setting the last applied indexto:(t:0, i:~)
2022-03-01 02:08:48,113 [pool-379-thread-1] INFO  server.RaftServerConfigKeys (ConfUtils.java:logGet(44)) - raft.server.notification.no-leader.timeout = 300s (custom)
2022-03-01 02:08:48,113 [pool-379-thread-1] INFO  server.RaftServerConfigKeys (ConfUtils.java:logGet(44)) - raft.server.log.use.memory = false (default)
2022-03-01 02:08:48,113 [pool-379-thread-1] INFO  server.RaftServerConfigKeys (ConfUtils.java:logGet(44)) - raft.server.log.purge.gap = 1000000 (custom)
2022-03-01 02:08:48,113 [pool-379-thread-1] INFO  server.RaftServerConfigKeys (ConfUtils.java:logGet(44)) - raft.server.log.appender.buffer.byte-limit = 33554432 (custom)
2022-03-01 02:08:48,113 [pool-379-thread-1] INFO  server.RaftServerConfigKeys (ConfUtils.java:logGet(44)) - raft.server.log.segment.size.max = 1048576 (custom)
2022-03-01 02:08:48,113 [pool-379-thread-1] INFO  server.RaftServerConfigKeys (ConfUtils.java:logGet(44)) - raft.server.log.segment.cache.num.max = 2 (custom)
2022-03-01 02:08:48,113 [pool-379-thread-1] INFO  server.RaftServerConfigKeys (ConfUtils.java:logGet(44)) - raft.server.log.segment.cache.size.max = 200MB (=209715200) (default)
2022-03-01 02:08:48,113 [pool-379-thread-1] INFO  segmented.SegmentedRaftLogWorker (SegmentedRaftLogWorker.java:<init>(182)) - new c521be71-924d-486e-9da9-f3a5438abd2c@group-B644FF3D61AF-SegmentedRaftLogWorker for RaftStorageImpl:Storage Directory /home/runner/work/ozone/ozone/hadoop-ozone/integration-test/target/test-dir/MiniOzoneClusterImpl-4a905738-de8a-4f79-b951-dc63c6cec1e7/datanode-0/data/ratis/4656e030-2756-4f3a-99a7-b644ff3d61af
2022-03-01 02:08:48,113 [pool-379-thread-1] INFO  server.RaftServerConfigKeys (ConfUtils.java:logGet(44)) - raft.server.log.queue.byte-limit = 4294967296 (custom)
2022-03-01 02:08:48,113 [pool-379-thread-1] INFO  server.RaftServerConfigKeys (ConfUtils.java:logGet(44)) - raft.server.log.queue.element-limit = 1024 (custom)
2022-03-01 02:08:48,113 [pool-379-thread-1] INFO  server.RaftServerConfigKeys (ConfUtils.java:logGet(44)) - raft.server.log.segment.size.max = 1048576 (custom)
2022-03-01 02:08:48,114 [pool-379-thread-1] INFO  server.RaftServerConfigKeys (ConfUtils.java:logGet(44)) - raft.server.log.preallocated.size = 16384 (custom)
2022-03-01 02:08:48,114 [pool-379-thread-1] INFO  server.RaftServerConfigKeys (ConfUtils.java:logGet(44)) - raft.server.log.force.sync.num = 128 (default)
2022-03-01 02:08:48,114 [pool-379-thread-1] INFO  server.RaftServerConfigKeys (ConfUtils.java:logGet(44)) - raft.server.log.statemachine.data.sync = true (default)
2022-03-01 02:08:48,114 [pool-379-thread-1] INFO  server.RaftServerConfigKeys (ConfUtils.java:logGet(44)) - raft.server.log.statemachine.data.sync.timeout = 10s (default)
2022-03-01 02:08:48,114 [pool-379-thread-1] INFO  server.RaftServerConfigKeys (ConfUtils.java:logGet(44)) - raft.server.log.statemachine.data.sync.timeout.retry = -1 (default)
2022-03-01 02:08:48,114 [EventQueue-OpenPipelineForHealthyPipelineSafeModeRule] INFO  safemode.SCMSafeModeManager (HealthyPipelineSafeModeRule.java:process(124)) - SCM in safe mode. Healthy pipelines reported count is 0, required healthy pipeline reported count is 1
2022-03-01 02:08:48,114 [pool-379-thread-1] INFO  server.RaftServerConfigKeys (ConfUtils.java:logGet(44)) - raft.server.log.write.buffer.size = 1048576 (custom)
2022-03-01 02:08:48,119 [pool-379-thread-1] INFO  server.RaftServerConfigKeys (ConfUtils.java:logGet(44)) - raft.server.log.statemachine.data.caching.enabled = true (custom)
2022-03-01 02:08:48,119 [pool-379-thread-1] INFO  segmented.SegmentedRaftLogWorker (SegmentedRaftLogWorker.java:lambda$new$0(133)) - c521be71-924d-486e-9da9-f3a5438abd2c@group-B644FF3D61AF-SegmentedRaftLogWorker: flushIndex: setUnconditionally 0 -> -1
2022-03-01 02:08:48,119 [pool-379-thread-1] INFO  segmented.SegmentedRaftLogWorker (SegmentedRaftLogWorker.java:lambda$new$0(133)) - c521be71-924d-486e-9da9-f3a5438abd2c@group-B644FF3D61AF-SegmentedRaftLogWorker: safeCacheEvictIndex: setUnconditionally 0 -> -1
2022-03-01 02:08:48,127 [pool-379-thread-1] INFO  server.RaftServerConfigKeys (ConfUtils.java:logGet(44)) - raft.server.snapshot.auto.trigger.enabled = true (custom)
2022-03-01 02:08:48,127 [pool-379-thread-1] INFO  server.RaftServerConfigKeys (ConfUtils.java:logGet(44)) - raft.server.snapshot.auto.trigger.threshold = 10000 (custom)
2022-03-01 02:08:48,127 [pool-379-thread-1] INFO  server.RaftServerConfigKeys (ConfUtils.java:logGet(44)) - raft.server.snapshot.retention.file.num = 5 (custom)
2022-03-01 02:08:48,127 [pool-379-thread-1] INFO  server.RaftServerConfigKeys (ConfUtils.java:logGet(44)) - raft.server.log.purge.upto.snapshot.index = false (default)
2022-03-01 02:08:48,128 [pool-379-thread-1] INFO  server.RaftServerConfigKeys (ConfUtils.java:logGet(44)) - raft.server.retrycache.expirytime = 600000ms (custom)
2022-03-01 02:08:48,128 [pool-379-thread-1] INFO  server.RaftServerConfigKeys (ConfUtils.java:logGet(44)) - raft.server.retrycache.statistics.expirytime = 100μs (default)
2022-03-01 02:08:48,129 [pool-379-thread-1] INFO  server.RaftServer$Division (RaftServerImpl.java:start(301)) - c521be71-924d-486e-9da9-f3a5438abd2c@group-B644FF3D61AF: start as a follower, conf=-1: [393f4c54-f67b-44fe-81f5-8bfc2099cec7|rpc:10.1.0.9:34819|priority:1, c521be71-924d-486e-9da9-f3a5438abd2c|rpc:10.1.0.9:35291|priority:0, 2fe09f74-0f35-4dca-83ea-38d6e64c020a|rpc:10.1.0.9:46395|priority:0], old=null
2022-03-01 02:08:48,129 [pool-379-thread-1] INFO  server.RaftServer$Division (RaftServerImpl.java:setRole(290)) - c521be71-924d-486e-9da9-f3a5438abd2c@group-B644FF3D61AF: changes role from      null to FOLLOWER at term 0 for startAsFollower
2022-03-01 02:08:48,129 [pool-379-thread-1] INFO  impl.RoleInfo (RoleInfo.java:updateAndGet(130)) - c521be71-924d-486e-9da9-f3a5438abd2c: start c521be71-924d-486e-9da9-f3a5438abd2c@group-B644FF3D61AF-FollowerState
2022-03-01 02:08:48,139 [pool-379-thread-1] INFO  util.JmxRegister (JmxRegister.java:tryRegister(44)) - Successfully registered JMX Bean with object name Ratis:service=RaftServer,group=group-B644FF3D61AF,id=c521be71-924d-486e-9da9-f3a5438abd2c
2022-03-01 02:08:48,155 [Command processor thread] INFO  ratis.XceiverServerRatis (XceiverServerRatis.java:addGroup(769)) - Created group PipelineID=4656e030-2756-4f3a-99a7-b644ff3d61af
2022-03-01 02:08:48,204 [grpc-default-executor-5] INFO  server.RaftServer (RaftServerProxy.java:addNew(95)) - 393f4c54-f67b-44fe-81f5-8bfc2099cec7: addNew group-B644FF3D61AF:[393f4c54-f67b-44fe-81f5-8bfc2099cec7|rpc:10.1.0.9:34819|dataStream:|priority:1, c521be71-924d-486e-9da9-f3a5438abd2c|rpc:10.1.0.9:35291|dataStream:|priority:0, 2fe09f74-0f35-4dca-83ea-38d6e64c020a|rpc:10.1.0.9:46395|dataStream:|priority:0] returns group-B644FF3D61AF:java.util.concurrent.CompletableFuture@7ba9f1a5[Not completed]
2022-03-01 02:08:48,205 [pool-400-thread-1] INFO  server.RaftServer$Division (RaftServerImpl.java:<init>(184)) - 393f4c54-f67b-44fe-81f5-8bfc2099cec7: new RaftServerImpl for group-B644FF3D61AF:[393f4c54-f67b-44fe-81f5-8bfc2099cec7|rpc:10.1.0.9:34819|dataStream:|priority:1, c521be71-924d-486e-9da9-f3a5438abd2c|rpc:10.1.0.9:35291|dataStream:|priority:0, 2fe09f74-0f35-4dca-83ea-38d6e64c020a|rpc:10.1.0.9:46395|dataStream:|priority:0] with ContainerStateMachine:uninitialized
2022-03-01 02:08:48,205 [pool-400-thread-1] INFO  server.RaftServerConfigKeys (ConfUtils.java:logGet(44)) - raft.server.rpc.timeout.min = 5s (custom)
2022-03-01 02:08:48,205 [pool-400-thread-1] INFO  server.RaftServerConfigKeys (ConfUtils.java:logGet(44)) - raft.server.rpc.timeout.max = 5200ms (custom)
2022-03-01 02:08:48,205 [pool-400-thread-1] INFO  server.RaftServerConfigKeys (ConfUtils.java:logGet(44)) - raft.server.rpc.sleep.time = 25ms (default)
2022-03-01 02:08:48,205 [pool-400-thread-1] INFO  server.RaftServerConfigKeys (ConfUtils.java:logGet(44)) - raft.server.rpc.slowness.timeout = 300s (custom)
2022-03-01 02:08:48,205 [pool-400-thread-1] INFO  server.RaftServerConfigKeys (ConfUtils.java:logGet(44)) - raft.server.leaderelection.leader.step-down.wait-time = 10s (default)
2022-03-01 02:08:48,205 [pool-400-thread-1] INFO  server.RaftServerConfigKeys (ConfUtils.java:logGet(44)) - raft.server.sleep.deviation.threshold = 300ms (default)
2022-03-01 02:08:48,205 [pool-400-thread-1] INFO  server.RaftServerConfigKeys (ConfUtils.java:logGet(44)) - raft.server.log.appender.install.snapshot.enabled = false (custom)
2022-03-01 02:08:48,205 [pool-400-thread-1] INFO  server.RaftServer$Division (ServerState.java:<init>(105)) - 393f4c54-f67b-44fe-81f5-8bfc2099cec7@group-B644FF3D61AF: ConfigurationManager, init=-1: [393f4c54-f67b-44fe-81f5-8bfc2099cec7|rpc:10.1.0.9:34819|dataStream:|priority:1, c521be71-924d-486e-9da9-f3a5438abd2c|rpc:10.1.0.9:35291|dataStream:|priority:0, 2fe09f74-0f35-4dca-83ea-38d6e64c020a|rpc:10.1.0.9:46395|dataStream:|priority:0], old=null, confs=<EMPTY_MAP>
2022-03-01 02:08:48,205 [pool-400-thread-1] INFO  server.RaftServerConfigKeys (ConfUtils.java:logGet(44)) - raft.server.storage.dir = [/home/runner/work/ozone/ozone/hadoop-ozone/integration-test/target/test-dir/MiniOzoneClusterImpl-4a905738-de8a-4f79-b951-dc63c6cec1e7/datanode-1/data/ratis] (custom)
2022-03-01 02:08:48,205 [pool-400-thread-1] INFO  server.RaftServerConfigKeys (ConfUtils.java:logGet(44)) - raft.server.log.corruption.policy = EXCEPTION (default)
2022-03-01 02:08:48,205 [pool-400-thread-1] INFO  server.RaftServerConfigKeys (ConfUtils.java:logGet(44)) - raft.server.storage.free-space.min = 0MB (=0) (default)
2022-03-01 02:08:48,206 [pool-400-thread-1] INFO  storage.RaftStorageDirectory (RaftStorageDirectoryImpl.java:analyzeStorage(135)) - The storage directory /home/runner/work/ozone/ozone/hadoop-ozone/integration-test/target/test-dir/MiniOzoneClusterImpl-4a905738-de8a-4f79-b951-dc63c6cec1e7/datanode-1/data/ratis/4656e030-2756-4f3a-99a7-b644ff3d61af does not exist. Creating ...
2022-03-01 02:08:48,211 [pool-400-thread-1] INFO  storage.RaftStorageDirectory (RaftStorageDirectoryImpl.java:tryLock(230)) - Lock on /home/runner/work/ozone/ozone/hadoop-ozone/integration-test/target/test-dir/MiniOzoneClusterImpl-4a905738-de8a-4f79-b951-dc63c6cec1e7/datanode-1/data/ratis/4656e030-2756-4f3a-99a7-b644ff3d61af/in_use.lock acquired by nodename 9245@fv-az294-952
2022-03-01 02:08:48,212 [pool-400-thread-1] INFO  storage.RaftStorage (RaftStorageImpl.java:format(89)) - Storage directory /home/runner/work/ozone/ozone/hadoop-ozone/integration-test/target/test-dir/MiniOzoneClusterImpl-4a905738-de8a-4f79-b951-dc63c6cec1e7/datanode-1/data/ratis/4656e030-2756-4f3a-99a7-b644ff3d61af has been successfully formatted.
2022-03-01 02:08:48,213 [pool-400-thread-1] INFO  ratis.ContainerStateMachine (ContainerStateMachine.java:loadSnapshot(236)) - group-B644FF3D61AF: The snapshot info is null. Setting the last applied indexto:(t:0, i:~)
2022-03-01 02:08:48,213 [pool-400-thread-1] INFO  server.RaftServerConfigKeys (ConfUtils.java:logGet(44)) - raft.server.notification.no-leader.timeout = 300s (custom)
2022-03-01 02:08:48,213 [pool-400-thread-1] INFO  server.RaftServerConfigKeys (ConfUtils.java:logGet(44)) - raft.server.log.use.memory = false (default)
2022-03-01 02:08:48,213 [pool-400-thread-1] INFO  server.RaftServerConfigKeys (ConfUtils.java:logGet(44)) - raft.server.log.purge.gap = 1000000 (custom)
2022-03-01 02:08:48,214 [pool-400-thread-1] INFO  server.RaftServerConfigKeys (ConfUtils.java:logGet(44)) - raft.server.log.appender.buffer.byte-limit = 33554432 (custom)
2022-03-01 02:08:48,214 [pool-400-thread-1] INFO  server.RaftServerConfigKeys (ConfUtils.java:logGet(44)) - raft.server.log.segment.size.max = 1048576 (custom)
2022-03-01 02:08:48,214 [pool-400-thread-1] INFO  server.RaftServerConfigKeys (ConfUtils.java:logGet(44)) - raft.server.log.segment.cache.num.max = 2 (custom)
2022-03-01 02:08:48,214 [pool-400-thread-1] INFO  server.RaftServerConfigKeys (ConfUtils.java:logGet(44)) - raft.server.log.segment.cache.size.max = 200MB (=209715200) (default)
2022-03-01 02:08:48,214 [pool-400-thread-1] INFO  segmented.SegmentedRaftLogWorker (SegmentedRaftLogWorker.java:<init>(182)) - new 393f4c54-f67b-44fe-81f5-8bfc2099cec7@group-B644FF3D61AF-SegmentedRaftLogWorker for RaftStorageImpl:Storage Directory /home/runner/work/ozone/ozone/hadoop-ozone/integration-test/target/test-dir/MiniOzoneClusterImpl-4a905738-de8a-4f79-b951-dc63c6cec1e7/datanode-1/data/ratis/4656e030-2756-4f3a-99a7-b644ff3d61af
2022-03-01 02:08:48,214 [pool-400-thread-1] INFO  server.RaftServerConfigKeys (ConfUtils.java:logGet(44)) - raft.server.log.queue.byte-limit = 4294967296 (custom)
2022-03-01 02:08:48,214 [pool-400-thread-1] INFO  server.RaftServerConfigKeys (ConfUtils.java:logGet(44)) - raft.server.log.queue.element-limit = 1024 (custom)
2022-03-01 02:08:48,214 [pool-400-thread-1] INFO  server.RaftServerConfigKeys (ConfUtils.java:logGet(44)) - raft.server.log.segment.size.max = 1048576 (custom)
2022-03-01 02:08:48,215 [pool-400-thread-1] INFO  server.RaftServerConfigKeys (ConfUtils.java:logGet(44)) - raft.server.log.preallocated.size = 16384 (custom)
2022-03-01 02:08:48,215 [pool-400-thread-1] INFO  server.RaftServerConfigKeys (ConfUtils.java:logGet(44)) - raft.server.log.force.sync.num = 128 (default)
2022-03-01 02:08:48,215 [pool-400-thread-1] INFO  server.RaftServerConfigKeys (ConfUtils.java:logGet(44)) - raft.server.log.statemachine.data.sync = true (default)
2022-03-01 02:08:48,215 [pool-400-thread-1] INFO  server.RaftServerConfigKeys (ConfUtils.java:logGet(44)) - raft.server.log.statemachine.data.sync.timeout = 10s (default)
2022-03-01 02:08:48,215 [pool-400-thread-1] INFO  server.RaftServerConfigKeys (ConfUtils.java:logGet(44)) - raft.server.log.statemachine.data.sync.timeout.retry = -1 (default)
2022-03-01 02:08:48,215 [pool-400-thread-1] INFO  server.RaftServerConfigKeys (ConfUtils.java:logGet(44)) - raft.server.log.write.buffer.size = 1048576 (custom)
2022-03-01 02:08:48,216 [pool-400-thread-1] INFO  server.RaftServerConfigKeys (ConfUtils.java:logGet(44)) - raft.server.log.statemachine.data.caching.enabled = true (custom)
2022-03-01 02:08:48,216 [pool-400-thread-1] INFO  segmented.SegmentedRaftLogWorker (SegmentedRaftLogWorker.java:lambda$new$0(133)) - 393f4c54-f67b-44fe-81f5-8bfc2099cec7@group-B644FF3D61AF-SegmentedRaftLogWorker: flushIndex: setUnconditionally 0 -> -1
2022-03-01 02:08:48,216 [pool-400-thread-1] INFO  segmented.SegmentedRaftLogWorker (SegmentedRaftLogWorker.java:lambda$new$0(133)) - 393f4c54-f67b-44fe-81f5-8bfc2099cec7@group-B644FF3D61AF-SegmentedRaftLogWorker: safeCacheEvictIndex: setUnconditionally 0 -> -1
2022-03-01 02:08:48,216 [pool-400-thread-1] INFO  server.RaftServerConfigKeys (ConfUtils.java:logGet(44)) - raft.server.snapshot.auto.trigger.enabled = true (custom)
2022-03-01 02:08:48,216 [pool-400-thread-1] INFO  server.RaftServerConfigKeys (ConfUtils.java:logGet(44)) - raft.server.snapshot.auto.trigger.threshold = 10000 (custom)
2022-03-01 02:08:48,216 [pool-400-thread-1] INFO  server.RaftServerConfigKeys (ConfUtils.java:logGet(44)) - raft.server.snapshot.retention.file.num = 5 (custom)
2022-03-01 02:08:48,216 [pool-400-thread-1] INFO  server.RaftServerConfigKeys (ConfUtils.java:logGet(44)) - raft.server.log.purge.upto.snapshot.index = false (default)
2022-03-01 02:08:48,216 [pool-400-thread-1] INFO  server.RaftServerConfigKeys (ConfUtils.java:logGet(44)) - raft.server.retrycache.expirytime = 600000ms (custom)
2022-03-01 02:08:48,216 [pool-400-thread-1] INFO  server.RaftServerConfigKeys (ConfUtils.java:logGet(44)) - raft.server.retrycache.statistics.expirytime = 100μs (default)
2022-03-01 02:08:48,217 [pool-400-thread-1] INFO  server.RaftServer$Division (RaftServerImpl.java:start(301)) - 393f4c54-f67b-44fe-81f5-8bfc2099cec7@group-B644FF3D61AF: start as a follower, conf=-1: [393f4c54-f67b-44fe-81f5-8bfc2099cec7|rpc:10.1.0.9:34819|dataStream:|priority:1, c521be71-924d-486e-9da9-f3a5438abd2c|rpc:10.1.0.9:35291|dataStream:|priority:0, 2fe09f74-0f35-4dca-83ea-38d6e64c020a|rpc:10.1.0.9:46395|dataStream:|priority:0], old=null
2022-03-01 02:08:48,217 [pool-400-thread-1] INFO  server.RaftServer$Division (RaftServerImpl.java:setRole(290)) - 393f4c54-f67b-44fe-81f5-8bfc2099cec7@group-B644FF3D61AF: changes role from      null to FOLLOWER at term 0 for startAsFollower
2022-03-01 02:08:48,217 [pool-400-thread-1] INFO  impl.RoleInfo (RoleInfo.java:updateAndGet(130)) - 393f4c54-f67b-44fe-81f5-8bfc2099cec7: start 393f4c54-f67b-44fe-81f5-8bfc2099cec7@group-B644FF3D61AF-FollowerState
2022-03-01 02:08:48,218 [pool-400-thread-1] INFO  util.JmxRegister (JmxRegister.java:tryRegister(44)) - Successfully registered JMX Bean with object name Ratis:service=RaftServer,group=group-B644FF3D61AF,id=393f4c54-f67b-44fe-81f5-8bfc2099cec7
2022-03-01 02:08:48,257 [grpc-default-executor-5] INFO  server.RaftServer (RaftServerProxy.java:addNew(95)) - 2fe09f74-0f35-4dca-83ea-38d6e64c020a: addNew group-B644FF3D61AF:[393f4c54-f67b-44fe-81f5-8bfc2099cec7|rpc:10.1.0.9:34819|dataStream:|priority:1, c521be71-924d-486e-9da9-f3a5438abd2c|rpc:10.1.0.9:35291|dataStream:|priority:0, 2fe09f74-0f35-4dca-83ea-38d6e64c020a|rpc:10.1.0.9:46395|dataStream:|priority:0] returns group-B644FF3D61AF:java.util.concurrent.CompletableFuture@aad4b16[Not completed]
2022-03-01 02:08:48,257 [pool-421-thread-1] INFO  server.RaftServer$Division (RaftServerImpl.java:<init>(184)) - 2fe09f74-0f35-4dca-83ea-38d6e64c020a: new RaftServerImpl for group-B644FF3D61AF:[393f4c54-f67b-44fe-81f5-8bfc2099cec7|rpc:10.1.0.9:34819|dataStream:|priority:1, c521be71-924d-486e-9da9-f3a5438abd2c|rpc:10.1.0.9:35291|dataStream:|priority:0, 2fe09f74-0f35-4dca-83ea-38d6e64c020a|rpc:10.1.0.9:46395|dataStream:|priority:0] with ContainerStateMachine:uninitialized
2022-03-01 02:08:48,258 [pool-421-thread-1] INFO  server.RaftServerConfigKeys (ConfUtils.java:logGet(44)) - raft.server.rpc.timeout.min = 5s (custom)
2022-03-01 02:08:48,258 [pool-421-thread-1] INFO  server.RaftServerConfigKeys (ConfUtils.java:logGet(44)) - raft.server.rpc.timeout.max = 5200ms (custom)
2022-03-01 02:08:48,258 [pool-421-thread-1] INFO  server.RaftServerConfigKeys (ConfUtils.java:logGet(44)) - raft.server.rpc.sleep.time = 25ms (default)
2022-03-01 02:08:48,258 [pool-421-thread-1] INFO  server.RaftServerConfigKeys (ConfUtils.java:logGet(44)) - raft.server.rpc.slowness.timeout = 300s (custom)
2022-03-01 02:08:48,258 [pool-421-thread-1] INFO  server.RaftServerConfigKeys (ConfUtils.java:logGet(44)) - raft.server.leaderelection.leader.step-down.wait-time = 10s (default)
2022-03-01 02:08:48,258 [pool-421-thread-1] INFO  server.RaftServerConfigKeys (ConfUtils.java:logGet(44)) - raft.server.sleep.deviation.threshold = 300ms (default)
2022-03-01 02:08:48,258 [pool-421-thread-1] INFO  server.RaftServerConfigKeys (ConfUtils.java:logGet(44)) - raft.server.log.appender.install.snapshot.enabled = false (custom)
2022-03-01 02:08:48,258 [pool-421-thread-1] INFO  server.RaftServer$Division (ServerState.java:<init>(105)) - 2fe09f74-0f35-4dca-83ea-38d6e64c020a@group-B644FF3D61AF: ConfigurationManager, init=-1: [393f4c54-f67b-44fe-81f5-8bfc2099cec7|rpc:10.1.0.9:34819|dataStream:|priority:1, c521be71-924d-486e-9da9-f3a5438abd2c|rpc:10.1.0.9:35291|dataStream:|priority:0, 2fe09f74-0f35-4dca-83ea-38d6e64c020a|rpc:10.1.0.9:46395|dataStream:|priority:0], old=null, confs=<EMPTY_MAP>
2022-03-01 02:08:48,258 [pool-421-thread-1] INFO  server.RaftServerConfigKeys (ConfUtils.java:logGet(44)) - raft.server.storage.dir = [/home/runner/work/ozone/ozone/hadoop-ozone/integration-test/target/test-dir/MiniOzoneClusterImpl-4a905738-de8a-4f79-b951-dc63c6cec1e7/datanode-2/data/ratis] (custom)
2022-03-01 02:08:48,258 [pool-421-thread-1] INFO  server.RaftServerConfigKeys (ConfUtils.java:logGet(44)) - raft.server.log.corruption.policy = EXCEPTION (default)
2022-03-01 02:08:48,258 [pool-421-thread-1] INFO  server.RaftServerConfigKeys (ConfUtils.java:logGet(44)) - raft.server.storage.free-space.min = 0MB (=0) (default)
2022-03-01 02:08:48,258 [pool-421-thread-1] INFO  storage.RaftStorageDirectory (RaftStorageDirectoryImpl.java:analyzeStorage(135)) - The storage directory /home/runner/work/ozone/ozone/hadoop-ozone/integration-test/target/test-dir/MiniOzoneClusterImpl-4a905738-de8a-4f79-b951-dc63c6cec1e7/datanode-2/data/ratis/4656e030-2756-4f3a-99a7-b644ff3d61af does not exist. Creating ...
2022-03-01 02:08:48,260 [pool-421-thread-1] INFO  storage.RaftStorageDirectory (RaftStorageDirectoryImpl.java:tryLock(230)) - Lock on /home/runner/work/ozone/ozone/hadoop-ozone/integration-test/target/test-dir/MiniOzoneClusterImpl-4a905738-de8a-4f79-b951-dc63c6cec1e7/datanode-2/data/ratis/4656e030-2756-4f3a-99a7-b644ff3d61af/in_use.lock acquired by nodename 9245@fv-az294-952
2022-03-01 02:08:48,264 [pool-421-thread-1] INFO  storage.RaftStorage (RaftStorageImpl.java:format(89)) - Storage directory /home/runner/work/ozone/ozone/hadoop-ozone/integration-test/target/test-dir/MiniOzoneClusterImpl-4a905738-de8a-4f79-b951-dc63c6cec1e7/datanode-2/data/ratis/4656e030-2756-4f3a-99a7-b644ff3d61af has been successfully formatted.
2022-03-01 02:08:48,264 [pool-421-thread-1] INFO  ratis.ContainerStateMachine (ContainerStateMachine.java:loadSnapshot(236)) - group-B644FF3D61AF: The snapshot info is null. Setting the last applied indexto:(t:0, i:~)
2022-03-01 02:08:48,264 [pool-421-thread-1] INFO  server.RaftServerConfigKeys (ConfUtils.java:logGet(44)) - raft.server.notification.no-leader.timeout = 300s (custom)
2022-03-01 02:08:48,264 [pool-421-thread-1] INFO  server.RaftServerConfigKeys (ConfUtils.java:logGet(44)) - raft.server.log.use.memory = false (default)
2022-03-01 02:08:48,264 [pool-421-thread-1] INFO  server.RaftServerConfigKeys (ConfUtils.java:logGet(44)) - raft.server.log.purge.gap = 1000000 (custom)
2022-03-01 02:08:48,265 [pool-421-thread-1] INFO  server.RaftServerConfigKeys (ConfUtils.java:logGet(44)) - raft.server.log.appender.buffer.byte-limit = 33554432 (custom)
2022-03-01 02:08:48,265 [pool-421-thread-1] INFO  server.RaftServerConfigKeys (ConfUtils.java:logGet(44)) - raft.server.log.segment.size.max = 1048576 (custom)
2022-03-01 02:08:48,266 [pool-421-thread-1] INFO  server.RaftServerConfigKeys (ConfUtils.java:logGet(44)) - raft.server.log.segment.cache.num.max = 2 (custom)
2022-03-01 02:08:48,266 [pool-421-thread-1] INFO  server.RaftServerConfigKeys (ConfUtils.java:logGet(44)) - raft.server.log.segment.cache.size.max = 200MB (=209715200) (default)
2022-03-01 02:08:48,266 [pool-421-thread-1] INFO  segmented.SegmentedRaftLogWorker (SegmentedRaftLogWorker.java:<init>(182)) - new 2fe09f74-0f35-4dca-83ea-38d6e64c020a@group-B644FF3D61AF-SegmentedRaftLogWorker for RaftStorageImpl:Storage Directory /home/runner/work/ozone/ozone/hadoop-ozone/integration-test/target/test-dir/MiniOzoneClusterImpl-4a905738-de8a-4f79-b951-dc63c6cec1e7/datanode-2/data/ratis/4656e030-2756-4f3a-99a7-b644ff3d61af
2022-03-01 02:08:48,266 [pool-421-thread-1] INFO  server.RaftServerConfigKeys (ConfUtils.java:logGet(44)) - raft.server.log.queue.byte-limit = 4294967296 (custom)
2022-03-01 02:08:48,266 [pool-421-thread-1] INFO  server.RaftServerConfigKeys (ConfUtils.java:logGet(44)) - raft.server.log.queue.element-limit = 1024 (custom)
2022-03-01 02:08:48,266 [pool-421-thread-1] INFO  server.RaftServerConfigKeys (ConfUtils.java:logGet(44)) - raft.server.log.segment.size.max = 1048576 (custom)
2022-03-01 02:08:48,266 [pool-421-thread-1] INFO  server.RaftServerConfigKeys (ConfUtils.java:logGet(44)) - raft.server.log.preallocated.size = 16384 (custom)
2022-03-01 02:08:48,266 [pool-421-thread-1] INFO  server.RaftServerConfigKeys (ConfUtils.java:logGet(44)) - raft.server.log.force.sync.num = 128 (default)
2022-03-01 02:08:48,266 [pool-421-thread-1] INFO  server.RaftServerConfigKeys (ConfUtils.java:logGet(44)) - raft.server.log.statemachine.data.sync = true (default)
2022-03-01 02:08:48,266 [pool-421-thread-1] INFO  server.RaftServerConfigKeys (ConfUtils.java:logGet(44)) - raft.server.log.statemachine.data.sync.timeout = 10s (default)
2022-03-01 02:08:48,266 [pool-421-thread-1] INFO  server.RaftServerConfigKeys (ConfUtils.java:logGet(44)) - raft.server.log.statemachine.data.sync.timeout.retry = -1 (default)
2022-03-01 02:08:48,267 [pool-421-thread-1] INFO  server.RaftServerConfigKeys (ConfUtils.java:logGet(44)) - raft.server.log.write.buffer.size = 1048576 (custom)
2022-03-01 02:08:48,267 [pool-421-thread-1] INFO  server.RaftServerConfigKeys (ConfUtils.java:logGet(44)) - raft.server.log.statemachine.data.caching.enabled = true (custom)
2022-03-01 02:08:48,268 [pool-421-thread-1] INFO  segmented.SegmentedRaftLogWorker (SegmentedRaftLogWorker.java:lambda$new$0(133)) - 2fe09f74-0f35-4dca-83ea-38d6e64c020a@group-B644FF3D61AF-SegmentedRaftLogWorker: flushIndex: setUnconditionally 0 -> -1
2022-03-01 02:08:48,268 [pool-421-thread-1] INFO  segmented.SegmentedRaftLogWorker (SegmentedRaftLogWorker.java:lambda$new$0(133)) - 2fe09f74-0f35-4dca-83ea-38d6e64c020a@group-B644FF3D61AF-SegmentedRaftLogWorker: safeCacheEvictIndex: setUnconditionally 0 -> -1
2022-03-01 02:08:48,277 [pool-421-thread-1] INFO  server.RaftServerConfigKeys (ConfUtils.java:logGet(44)) - raft.server.snapshot.auto.trigger.enabled = true (custom)
2022-03-01 02:08:48,277 [pool-421-thread-1] INFO  server.RaftServerConfigKeys (ConfUtils.java:logGet(44)) - raft.server.snapshot.auto.trigger.threshold = 10000 (custom)
2022-03-01 02:08:48,277 [pool-421-thread-1] INFO  server.RaftServerConfigKeys (ConfUtils.java:logGet(44)) - raft.server.snapshot.retention.file.num = 5 (custom)
2022-03-01 02:08:48,277 [pool-421-thread-1] INFO  server.RaftServerConfigKeys (ConfUtils.java:logGet(44)) - raft.server.log.purge.upto.snapshot.index = false (default)
2022-03-01 02:08:48,277 [pool-421-thread-1] INFO  server.RaftServerConfigKeys (ConfUtils.java:logGet(44)) - raft.server.retrycache.expirytime = 600000ms (custom)
2022-03-01 02:08:48,277 [pool-421-thread-1] INFO  server.RaftServerConfigKeys (ConfUtils.java:logGet(44)) - raft.server.retrycache.statistics.expirytime = 100μs (default)
2022-03-01 02:08:48,278 [pool-421-thread-1] INFO  server.RaftServer$Division (RaftServerImpl.java:start(301)) - 2fe09f74-0f35-4dca-83ea-38d6e64c020a@group-B644FF3D61AF: start as a follower, conf=-1: [393f4c54-f67b-44fe-81f5-8bfc2099cec7|rpc:10.1.0.9:34819|dataStream:|priority:1, c521be71-924d-486e-9da9-f3a5438abd2c|rpc:10.1.0.9:35291|dataStream:|priority:0, 2fe09f74-0f35-4dca-83ea-38d6e64c020a|rpc:10.1.0.9:46395|dataStream:|priority:0], old=null
2022-03-01 02:08:48,278 [pool-421-thread-1] INFO  server.RaftServer$Division (RaftServerImpl.java:setRole(290)) - 2fe09f74-0f35-4dca-83ea-38d6e64c020a@group-B644FF3D61AF: changes role from      null to FOLLOWER at term 0 for startAsFollower
2022-03-01 02:08:48,278 [pool-421-thread-1] INFO  impl.RoleInfo (RoleInfo.java:updateAndGet(130)) - 2fe09f74-0f35-4dca-83ea-38d6e64c020a: start 2fe09f74-0f35-4dca-83ea-38d6e64c020a@group-B644FF3D61AF-FollowerState
2022-03-01 02:08:48,278 [pool-421-thread-1] INFO  util.JmxRegister (JmxRegister.java:tryRegister(44)) - Successfully registered JMX Bean with object name Ratis:service=RaftServer,group=group-B644FF3D61AF,id=2fe09f74-0f35-4dca-83ea-38d6e64c020a
2022-03-01 02:08:48,326 [Command processor thread] INFO  commandhandler.CreatePipelineCommandHandler (CreatePipelineCommandHandler.java:handle(106)) - Created Pipeline RATIS THREE PipelineID=4656e030-2756-4f3a-99a7-b644ff3d61af.
2022-03-01 02:08:48,363 [Command processor thread] INFO  server.RaftServer (RaftServerProxy.java:addNew(95)) - 393f4c54-f67b-44fe-81f5-8bfc2099cec7: addNew group-F5C184DC46B5:[393f4c54-f67b-44fe-81f5-8bfc2099cec7|rpc:10.1.0.9:34819|priority:1] returns group-F5C184DC46B5:java.util.concurrent.CompletableFuture@5c68a54f[Not completed]
2022-03-01 02:08:48,364 [pool-400-thread-1] INFO  server.RaftServer$Division (RaftServerImpl.java:<init>(184)) - 393f4c54-f67b-44fe-81f5-8bfc2099cec7: new RaftServerImpl for group-F5C184DC46B5:[393f4c54-f67b-44fe-81f5-8bfc2099cec7|rpc:10.1.0.9:34819|priority:1] with ContainerStateMachine:uninitialized
2022-03-01 02:08:48,364 [pool-400-thread-1] INFO  server.RaftServerConfigKeys (ConfUtils.java:logGet(44)) - raft.server.rpc.timeout.min = 5s (custom)
2022-03-01 02:08:48,365 [pool-400-thread-1] INFO  server.RaftServerConfigKeys (ConfUtils.java:logGet(44)) - raft.server.rpc.timeout.max = 5200ms (custom)
2022-03-01 02:08:48,365 [pool-400-thread-1] INFO  server.RaftServerConfigKeys (ConfUtils.java:logGet(44)) - raft.server.rpc.sleep.time = 25ms (default)
2022-03-01 02:08:48,365 [pool-400-thread-1] INFO  server.RaftServerConfigKeys (ConfUtils.java:logGet(44)) - raft.server.rpc.slowness.timeout = 300s (custom)
2022-03-01 02:08:48,365 [pool-400-thread-1] INFO  server.RaftServerConfigKeys (ConfUtils.java:logGet(44)) - raft.server.leaderelection.leader.step-down.wait-time = 10s (default)
2022-03-01 02:08:48,365 [pool-400-thread-1] INFO  server.RaftServerConfigKeys (ConfUtils.java:logGet(44)) - raft.server.sleep.deviation.threshold = 300ms (default)
2022-03-01 02:08:48,365 [pool-400-thread-1] INFO  server.RaftServerConfigKeys (ConfUtils.java:logGet(44)) - raft.server.log.appender.install.snapshot.enabled = false (custom)
2022-03-01 02:08:48,365 [pool-400-thread-1] INFO  server.RaftServer$Division (ServerState.java:<init>(105)) - 393f4c54-f67b-44fe-81f5-8bfc2099cec7@group-F5C184DC46B5: ConfigurationManager, init=-1: [393f4c54-f67b-44fe-81f5-8bfc2099cec7|rpc:10.1.0.9:34819|priority:1], old=null, confs=<EMPTY_MAP>
2022-03-01 02:08:48,365 [pool-400-thread-1] INFO  server.RaftServerConfigKeys (ConfUtils.java:logGet(44)) - raft.server.storage.dir = [/home/runner/work/ozone/ozone/hadoop-ozone/integration-test/target/test-dir/MiniOzoneClusterImpl-4a905738-de8a-4f79-b951-dc63c6cec1e7/datanode-1/data/ratis] (custom)
2022-03-01 02:08:48,365 [pool-400-thread-1] INFO  server.RaftServerConfigKeys (ConfUtils.java:logGet(44)) - raft.server.log.corruption.policy = EXCEPTION (default)
2022-03-01 02:08:48,365 [pool-400-thread-1] INFO  server.RaftServerConfigKeys (ConfUtils.java:logGet(44)) - raft.server.storage.free-space.min = 0MB (=0) (default)
2022-03-01 02:08:48,365 [pool-400-thread-1] INFO  storage.RaftStorageDirectory (RaftStorageDirectoryImpl.java:analyzeStorage(135)) - The storage directory /home/runner/work/ozone/ozone/hadoop-ozone/integration-test/target/test-dir/MiniOzoneClusterImpl-4a905738-de8a-4f79-b951-dc63c6cec1e7/datanode-1/data/ratis/9abfdbb1-8ec8-4e39-88f6-f5c184dc46b5 does not exist. Creating ...
2022-03-01 02:08:48,372 [pool-400-thread-1] INFO  storage.RaftStorageDirectory (RaftStorageDirectoryImpl.java:tryLock(230)) - Lock on /home/runner/work/ozone/ozone/hadoop-ozone/integration-test/target/test-dir/MiniOzoneClusterImpl-4a905738-de8a-4f79-b951-dc63c6cec1e7/datanode-1/data/ratis/9abfdbb1-8ec8-4e39-88f6-f5c184dc46b5/in_use.lock acquired by nodename 9245@fv-az294-952
2022-03-01 02:08:48,374 [pool-400-thread-1] INFO  storage.RaftStorage (RaftStorageImpl.java:format(89)) - Storage directory /home/runner/work/ozone/ozone/hadoop-ozone/integration-test/target/test-dir/MiniOzoneClusterImpl-4a905738-de8a-4f79-b951-dc63c6cec1e7/datanode-1/data/ratis/9abfdbb1-8ec8-4e39-88f6-f5c184dc46b5 has been successfully formatted.
2022-03-01 02:08:48,379 [EventQueue-PipelineReportForPipelineReportHandler] INFO  pipeline.PipelineManagerImpl (PipelineManagerImpl.java:openPipeline(291)) - Pipeline Pipeline[ Id: 9abfdbb1-8ec8-4e39-88f6-f5c184dc46b5, Nodes: 393f4c54-f67b-44fe-81f5-8bfc2099cec7{ip: 10.1.0.9, host: fv-az294-952.eaanfquahm5ulb5tj050gcxych.jx.internal.cloudapp.net, ports: [REPLICATION=41253, RATIS=34819, RATIS_ADMIN=34819, RATIS_SERVER=34819, STANDALONE=41081], networkLocation: /default-rack, certSerialId: null, persistedOpState: IN_SERVICE, persistedOpStateExpiryEpochSec: 0}, ReplicationConfig: RATIS/ONE, State:ALLOCATED, leaderId:393f4c54-f67b-44fe-81f5-8bfc2099cec7, CreationTimestamp2022-03-01T02:08:45.379Z[Etc/UTC]] moved to OPEN state
2022-03-01 02:08:48,380 [58423f7c-2297-4434-9210-7e927eefd95c@group-DC63C6CEC1E7-StateMachineUpdater] INFO  safemode.HealthyPipelineSafeModeRule (HealthyPipelineSafeModeRule.java:initializeRule(152)) - Refreshed total pipeline count is 0, healthy pipeline threshold count is 1
2022-03-01 02:08:48,381 [EventQueue-OpenPipelineForHealthyPipelineSafeModeRule] INFO  safemode.SCMSafeModeManager (HealthyPipelineSafeModeRule.java:process(124)) - SCM in safe mode. Healthy pipelines reported count is 0, required healthy pipeline reported count is 1
2022-03-01 02:08:48,397 [pool-400-thread-1] INFO  ratis.ContainerStateMachine (ContainerStateMachine.java:loadSnapshot(236)) - group-F5C184DC46B5: The snapshot info is null. Setting the last applied indexto:(t:0, i:~)
2022-03-01 02:08:48,397 [pool-400-thread-1] INFO  server.RaftServerConfigKeys (ConfUtils.java:logGet(44)) - raft.server.notification.no-leader.timeout = 300s (custom)
2022-03-01 02:08:48,397 [pool-400-thread-1] INFO  server.RaftServerConfigKeys (ConfUtils.java:logGet(44)) - raft.server.log.use.memory = false (default)
2022-03-01 02:08:48,397 [pool-400-thread-1] INFO  server.RaftServerConfigKeys (ConfUtils.java:logGet(44)) - raft.server.log.purge.gap = 1000000 (custom)
2022-03-01 02:08:48,397 [pool-400-thread-1] INFO  server.RaftServerConfigKeys (ConfUtils.java:logGet(44)) - raft.server.log.appender.buffer.byte-limit = 33554432 (custom)
2022-03-01 02:08:48,397 [pool-400-thread-1] INFO  server.RaftServerConfigKeys (ConfUtils.java:logGet(44)) - raft.server.log.segment.size.max = 1048576 (custom)
2022-03-01 02:08:48,398 [pool-400-thread-1] INFO  server.RaftServerConfigKeys (ConfUtils.java:logGet(44)) - raft.server.log.segment.cache.num.max = 2 (custom)
2022-03-01 02:08:48,398 [pool-400-thread-1] INFO  server.RaftServerConfigKeys (ConfUtils.java:logGet(44)) - raft.server.log.segment.cache.size.max = 200MB (=209715200) (default)
2022-03-01 02:08:48,398 [pool-400-thread-1] INFO  segmented.SegmentedRaftLogWorker (SegmentedRaftLogWorker.java:<init>(182)) - new 393f4c54-f67b-44fe-81f5-8bfc2099cec7@group-F5C184DC46B5-SegmentedRaftLogWorker for RaftStorageImpl:Storage Directory /home/runner/work/ozone/ozone/hadoop-ozone/integration-test/target/test-dir/MiniOzoneClusterImpl-4a905738-de8a-4f79-b951-dc63c6cec1e7/datanode-1/data/ratis/9abfdbb1-8ec8-4e39-88f6-f5c184dc46b5
2022-03-01 02:08:48,398 [pool-400-thread-1] INFO  server.RaftServerConfigKeys (ConfUtils.java:logGet(44)) - raft.server.log.queue.byte-limit = 4294967296 (custom)
2022-03-01 02:08:48,398 [pool-400-thread-1] INFO  server.RaftServerConfigKeys (ConfUtils.java:logGet(44)) - raft.server.log.queue.element-limit = 1024 (custom)
2022-03-01 02:08:48,398 [pool-400-thread-1] INFO  server.RaftServerConfigKeys (ConfUtils.java:logGet(44)) - raft.server.log.segment.size.max = 1048576 (custom)
2022-03-01 02:08:48,398 [pool-400-thread-1] INFO  server.RaftServerConfigKeys (ConfUtils.java:logGet(44)) - raft.server.log.preallocated.size = 16384 (custom)
2022-03-01 02:08:48,398 [pool-400-thread-1] INFO  server.RaftServerConfigKeys (ConfUtils.java:logGet(44)) - raft.server.log.force.sync.num = 128 (default)
2022-03-01 02:08:48,398 [pool-400-thread-1] INFO  server.RaftServerConfigKeys (ConfUtils.java:logGet(44)) - raft.server.log.statemachine.data.sync = true (default)
2022-03-01 02:08:48,398 [pool-400-thread-1] INFO  server.RaftServerConfigKeys (ConfUtils.java:logGet(44)) - raft.server.log.statemachine.data.sync.timeout = 10s (default)
2022-03-01 02:08:48,398 [pool-400-thread-1] INFO  server.RaftServerConfigKeys (ConfUtils.java:logGet(44)) - raft.server.log.statemachine.data.sync.timeout.retry = -1 (default)
2022-03-01 02:08:48,399 [pool-400-thread-1] INFO  server.RaftServerConfigKeys (ConfUtils.java:logGet(44)) - raft.server.log.write.buffer.size = 1048576 (custom)
2022-03-01 02:08:48,399 [pool-400-thread-1] INFO  server.RaftServerConfigKeys (ConfUtils.java:logGet(44)) - raft.server.log.statemachine.data.caching.enabled = true (custom)
2022-03-01 02:08:48,403 [pool-400-thread-1] INFO  segmented.SegmentedRaftLogWorker (SegmentedRaftLogWorker.java:lambda$new$0(133)) - 393f4c54-f67b-44fe-81f5-8bfc2099cec7@group-F5C184DC46B5-SegmentedRaftLogWorker: flushIndex: setUnconditionally 0 -> -1
2022-03-01 02:08:48,403 [pool-400-thread-1] INFO  segmented.SegmentedRaftLogWorker (SegmentedRaftLogWorker.java:lambda$new$0(133)) - 393f4c54-f67b-44fe-81f5-8bfc2099cec7@group-F5C184DC46B5-SegmentedRaftLogWorker: safeCacheEvictIndex: setUnconditionally 0 -> -1
2022-03-01 02:08:48,407 [pool-400-thread-1] INFO  server.RaftServerConfigKeys (ConfUtils.java:logGet(44)) - raft.server.snapshot.auto.trigger.enabled = true (custom)
2022-03-01 02:08:48,407 [pool-400-thread-1] INFO  server.RaftServerConfigKeys (ConfUtils.java:logGet(44)) - raft.server.snapshot.auto.trigger.threshold = 10000 (custom)
2022-03-01 02:08:48,407 [pool-400-thread-1] INFO  server.RaftServerConfigKeys (ConfUtils.java:logGet(44)) - raft.server.snapshot.retention.file.num = 5 (custom)
2022-03-01 02:08:48,407 [pool-400-thread-1] INFO  server.RaftServerConfigKeys (ConfUtils.java:logGet(44)) - raft.server.log.purge.upto.snapshot.index = false (default)
2022-03-01 02:08:48,408 [pool-400-thread-1] INFO  server.RaftServerConfigKeys (ConfUtils.java:logGet(44)) - raft.server.retrycache.expirytime = 600000ms (custom)
2022-03-01 02:08:48,408 [pool-400-thread-1] INFO  server.RaftServerConfigKeys (ConfUtils.java:logGet(44)) - raft.server.retrycache.statistics.expirytime = 100μs (default)
2022-03-01 02:08:48,409 [pool-400-thread-1] INFO  server.RaftServer$Division (RaftServerImpl.java:start(301)) - 393f4c54-f67b-44fe-81f5-8bfc2099cec7@group-F5C184DC46B5: start as a follower, conf=-1: [393f4c54-f67b-44fe-81f5-8bfc2099cec7|rpc:10.1.0.9:34819|priority:1], old=null
2022-03-01 02:08:48,410 [pool-400-thread-1] INFO  server.RaftServer$Division (RaftServerImpl.java:setRole(290)) - 393f4c54-f67b-44fe-81f5-8bfc2099cec7@group-F5C184DC46B5: changes role from      null to FOLLOWER at term 0 for startAsFollower
2022-03-01 02:08:48,410 [pool-400-thread-1] INFO  impl.RoleInfo (RoleInfo.java:updateAndGet(130)) - 393f4c54-f67b-44fe-81f5-8bfc2099cec7: start 393f4c54-f67b-44fe-81f5-8bfc2099cec7@group-F5C184DC46B5-FollowerState
2022-03-01 02:08:48,419 [pool-400-thread-1] INFO  util.JmxRegister (JmxRegister.java:tryRegister(44)) - Successfully registered JMX Bean with object name Ratis:service=RaftServer,group=group-F5C184DC46B5,id=393f4c54-f67b-44fe-81f5-8bfc2099cec7
2022-03-01 02:08:48,420 [Command processor thread] INFO  ratis.XceiverServerRatis (XceiverServerRatis.java:addGroup(769)) - Created group PipelineID=9abfdbb1-8ec8-4e39-88f6-f5c184dc46b5
2022-03-01 02:08:48,420 [Command processor thread] INFO  commandhandler.CreatePipelineCommandHandler (CreatePipelineCommandHandler.java:handle(106)) - Created Pipeline RATIS ONE PipelineID=9abfdbb1-8ec8-4e39-88f6-f5c184dc46b5.
2022-03-01 02:08:48,659 [Listener at 127.0.0.1/45865] INFO  ozone.MiniOzoneClusterImpl (MiniOzoneClusterImpl.java:lambda$waitForClusterToBeReady$0(219)) - Nodes are ready. Got 3 of 3 DN Heartbeats.
2022-03-01 02:08:48,659 [Listener at 127.0.0.1/45865] INFO  ozone.MiniOzoneClusterImpl (MiniOzoneClusterImpl.java:lambda$waitForClusterToBeReady$0(222)) - Waiting for cluster to exit safe mode
2022-03-01 02:08:48,660 [Listener at 127.0.0.1/45865] INFO  ozone.MiniOzoneClusterImpl (MiniOzoneClusterImpl.java:lambda$waitForClusterToBeReady$0(224)) - SCM became leader
2022-03-01 02:08:48,679 [Command processor thread] INFO  server.RaftServer (RaftServerProxy.java:addNew(95)) - 2fe09f74-0f35-4dca-83ea-38d6e64c020a: addNew group-9B56DD789725:[2fe09f74-0f35-4dca-83ea-38d6e64c020a|rpc:10.1.0.9:46395|priority:1] returns group-9B56DD789725:java.util.concurrent.CompletableFuture@69a44777[Not completed]
2022-03-01 02:08:48,680 [pool-421-thread-1] INFO  server.RaftServer$Division (RaftServerImpl.java:<init>(184)) - 2fe09f74-0f35-4dca-83ea-38d6e64c020a: new RaftServerImpl for group-9B56DD789725:[2fe09f74-0f35-4dca-83ea-38d6e64c020a|rpc:10.1.0.9:46395|priority:1] with ContainerStateMachine:uninitialized
2022-03-01 02:08:48,680 [pool-421-thread-1] INFO  server.RaftServerConfigKeys (ConfUtils.java:logGet(44)) - raft.server.rpc.timeout.min = 5s (custom)
2022-03-01 02:08:48,680 [pool-421-thread-1] INFO  server.RaftServerConfigKeys (ConfUtils.java:logGet(44)) - raft.server.rpc.timeout.max = 5200ms (custom)
2022-03-01 02:08:48,680 [pool-421-thread-1] INFO  server.RaftServerConfigKeys (ConfUtils.java:logGet(44)) - raft.server.rpc.sleep.time = 25ms (default)
2022-03-01 02:08:48,680 [pool-421-thread-1] INFO  server.RaftServerConfigKeys (ConfUtils.java:logGet(44)) - raft.server.rpc.slowness.timeout = 300s (custom)
2022-03-01 02:08:48,680 [pool-421-thread-1] INFO  server.RaftServerConfigKeys (ConfUtils.java:logGet(44)) - raft.server.leaderelection.leader.step-down.wait-time = 10s (default)
2022-03-01 02:08:48,680 [pool-421-thread-1] INFO  server.RaftServerConfigKeys (ConfUtils.java:logGet(44)) - raft.server.sleep.deviation.threshold = 300ms (default)
2022-03-01 02:08:48,680 [pool-421-thread-1] INFO  server.RaftServerConfigKeys (ConfUtils.java:logGet(44)) - raft.server.log.appender.install.snapshot.enabled = false (custom)
2022-03-01 02:08:48,680 [pool-421-thread-1] INFO  server.RaftServer$Division (ServerState.java:<init>(105)) - 2fe09f74-0f35-4dca-83ea-38d6e64c020a@group-9B56DD789725: ConfigurationManager, init=-1: [2fe09f74-0f35-4dca-83ea-38d6e64c020a|rpc:10.1.0.9:46395|priority:1], old=null, confs=<EMPTY_MAP>
2022-03-01 02:08:48,680 [pool-421-thread-1] INFO  server.RaftServerConfigKeys (ConfUtils.java:logGet(44)) - raft.server.storage.dir = [/home/runner/work/ozone/ozone/hadoop-ozone/integration-test/target/test-dir/MiniOzoneClusterImpl-4a905738-de8a-4f79-b951-dc63c6cec1e7/datanode-2/data/ratis] (custom)
2022-03-01 02:08:48,680 [pool-421-thread-1] INFO  server.RaftServerConfigKeys (ConfUtils.java:logGet(44)) - raft.server.log.corruption.policy = EXCEPTION (default)
2022-03-01 02:08:48,680 [pool-421-thread-1] INFO  server.RaftServerConfigKeys (ConfUtils.java:logGet(44)) - raft.server.storage.free-space.min = 0MB (=0) (default)
2022-03-01 02:08:48,681 [pool-421-thread-1] INFO  storage.RaftStorageDirectory (RaftStorageDirectoryImpl.java:analyzeStorage(135)) - The storage directory /home/runner/work/ozone/ozone/hadoop-ozone/integration-test/target/test-dir/MiniOzoneClusterImpl-4a905738-de8a-4f79-b951-dc63c6cec1e7/datanode-2/data/ratis/9eefe6dc-5b2d-4bcd-b8e4-9b56dd789725 does not exist. Creating ...
2022-03-01 02:08:48,682 [pool-421-thread-1] INFO  storage.RaftStorageDirectory (RaftStorageDirectoryImpl.java:tryLock(230)) - Lock on /home/runner/work/ozone/ozone/hadoop-ozone/integration-test/target/test-dir/MiniOzoneClusterImpl-4a905738-de8a-4f79-b951-dc63c6cec1e7/datanode-2/data/ratis/9eefe6dc-5b2d-4bcd-b8e4-9b56dd789725/in_use.lock acquired by nodename 9245@fv-az294-952
2022-03-01 02:08:48,683 [pool-421-thread-1] INFO  storage.RaftStorage (RaftStorageImpl.java:format(89)) - Storage directory /home/runner/work/ozone/ozone/hadoop-ozone/integration-test/target/test-dir/MiniOzoneClusterImpl-4a905738-de8a-4f79-b951-dc63c6cec1e7/datanode-2/data/ratis/9eefe6dc-5b2d-4bcd-b8e4-9b56dd789725 has been successfully formatted.
2022-03-01 02:08:48,686 [EventQueue-PipelineReportForPipelineReportHandler] INFO  pipeline.PipelineManagerImpl (PipelineManagerImpl.java:openPipeline(291)) - Pipeline Pipeline[ Id: 9eefe6dc-5b2d-4bcd-b8e4-9b56dd789725, Nodes: 2fe09f74-0f35-4dca-83ea-38d6e64c020a{ip: 10.1.0.9, host: fv-az294-952.eaanfquahm5ulb5tj050gcxych.jx.internal.cloudapp.net, ports: [REPLICATION=44905, RATIS=46395, RATIS_ADMIN=46395, RATIS_SERVER=46395, STANDALONE=42197], networkLocation: /default-rack, certSerialId: null, persistedOpState: IN_SERVICE, persistedOpStateExpiryEpochSec: 0}, ReplicationConfig: RATIS/ONE, State:ALLOCATED, leaderId:2fe09f74-0f35-4dca-83ea-38d6e64c020a, CreationTimestamp2022-03-01T02:08:45.683Z[Etc/UTC]] moved to OPEN state
2022-03-01 02:08:48,688 [58423f7c-2297-4434-9210-7e927eefd95c@group-DC63C6CEC1E7-StateMachineUpdater] INFO  safemode.HealthyPipelineSafeModeRule (HealthyPipelineSafeModeRule.java:initializeRule(152)) - Refreshed total pipeline count is 0, healthy pipeline threshold count is 1
2022-03-01 02:08:48,688 [EventQueue-OpenPipelineForHealthyPipelineSafeModeRule] INFO  safemode.SCMSafeModeManager (HealthyPipelineSafeModeRule.java:process(124)) - SCM in safe mode. Healthy pipelines reported count is 0, required healthy pipeline reported count is 1
2022-03-01 02:08:48,692 [pool-421-thread-1] INFO  ratis.ContainerStateMachine (ContainerStateMachine.java:loadSnapshot(236)) - group-9B56DD789725: The snapshot info is null. Setting the last applied indexto:(t:0, i:~)
2022-03-01 02:08:48,692 [pool-421-thread-1] INFO  server.RaftServerConfigKeys (ConfUtils.java:logGet(44)) - raft.server.notification.no-leader.timeout = 300s (custom)
2022-03-01 02:08:48,692 [pool-421-thread-1] INFO  server.RaftServerConfigKeys (ConfUtils.java:logGet(44)) - raft.server.log.use.memory = false (default)
2022-03-01 02:08:48,692 [pool-421-thread-1] INFO  server.RaftServerConfigKeys (ConfUtils.java:logGet(44)) - raft.server.log.purge.gap = 1000000 (custom)
2022-03-01 02:08:48,692 [pool-421-thread-1] INFO  server.RaftServerConfigKeys (ConfUtils.java:logGet(44)) - raft.server.log.appender.buffer.byte-limit = 33554432 (custom)
2022-03-01 02:08:48,692 [pool-421-thread-1] INFO  server.RaftServerConfigKeys (ConfUtils.java:logGet(44)) - raft.server.log.segment.size.max = 1048576 (custom)
2022-03-01 02:08:48,692 [pool-421-thread-1] INFO  server.RaftServerConfigKeys (ConfUtils.java:logGet(44)) - raft.server.log.segment.cache.num.max = 2 (custom)
2022-03-01 02:08:48,692 [pool-421-thread-1] INFO  server.RaftServerConfigKeys (ConfUtils.java:logGet(44)) - raft.server.log.segment.cache.size.max = 200MB (=209715200) (default)
2022-03-01 02:08:48,692 [pool-421-thread-1] INFO  segmented.SegmentedRaftLogWorker (SegmentedRaftLogWorker.java:<init>(182)) - new 2fe09f74-0f35-4dca-83ea-38d6e64c020a@group-9B56DD789725-SegmentedRaftLogWorker for RaftStorageImpl:Storage Directory /home/runner/work/ozone/ozone/hadoop-ozone/integration-test/target/test-dir/MiniOzoneClusterImpl-4a905738-de8a-4f79-b951-dc63c6cec1e7/datanode-2/data/ratis/9eefe6dc-5b2d-4bcd-b8e4-9b56dd789725
2022-03-01 02:08:48,693 [pool-421-thread-1] INFO  server.RaftServerConfigKeys (ConfUtils.java:logGet(44)) - raft.server.log.queue.byte-limit = 4294967296 (custom)
2022-03-01 02:08:48,693 [pool-421-thread-1] INFO  server.RaftServerConfigKeys (ConfUtils.java:logGet(44)) - raft.server.log.queue.element-limit = 1024 (custom)
2022-03-01 02:08:48,693 [pool-421-thread-1] INFO  server.RaftServerConfigKeys (ConfUtils.java:logGet(44)) - raft.server.log.segment.size.max = 1048576 (custom)
2022-03-01 02:08:48,693 [pool-421-thread-1] INFO  server.RaftServerConfigKeys (ConfUtils.java:logGet(44)) - raft.server.log.preallocated.size = 16384 (custom)
2022-03-01 02:08:48,693 [pool-421-thread-1] INFO  server.RaftServerConfigKeys (ConfUtils.java:logGet(44)) - raft.server.log.force.sync.num = 128 (default)
2022-03-01 02:08:48,693 [pool-421-thread-1] INFO  server.RaftServerConfigKeys (ConfUtils.java:logGet(44)) - raft.server.log.statemachine.data.sync = true (default)
2022-03-01 02:08:48,693 [pool-421-thread-1] INFO  server.RaftServerConfigKeys (ConfUtils.java:logGet(44)) - raft.server.log.statemachine.data.sync.timeout = 10s (default)
2022-03-01 02:08:48,693 [pool-421-thread-1] INFO  server.RaftServerConfigKeys (ConfUtils.java:logGet(44)) - raft.server.log.statemachine.data.sync.timeout.retry = -1 (default)
2022-03-01 02:08:48,695 [pool-421-thread-1] INFO  server.RaftServerConfigKeys (ConfUtils.java:logGet(44)) - raft.server.log.write.buffer.size = 1048576 (custom)
2022-03-01 02:08:48,696 [pool-421-thread-1] INFO  server.RaftServerConfigKeys (ConfUtils.java:logGet(44)) - raft.server.log.statemachine.data.caching.enabled = true (custom)
2022-03-01 02:08:48,696 [pool-421-thread-1] INFO  segmented.SegmentedRaftLogWorker (SegmentedRaftLogWorker.java:lambda$new$0(133)) - 2fe09f74-0f35-4dca-83ea-38d6e64c020a@group-9B56DD789725-SegmentedRaftLogWorker: flushIndex: setUnconditionally 0 -> -1
2022-03-01 02:08:48,696 [pool-421-thread-1] INFO  segmented.SegmentedRaftLogWorker (SegmentedRaftLogWorker.java:lambda$new$0(133)) - 2fe09f74-0f35-4dca-83ea-38d6e64c020a@group-9B56DD789725-SegmentedRaftLogWorker: safeCacheEvictIndex: setUnconditionally 0 -> -1
2022-03-01 02:08:48,699 [pool-421-thread-1] INFO  server.RaftServerConfigKeys (ConfUtils.java:logGet(44)) - raft.server.snapshot.auto.trigger.enabled = true (custom)
2022-03-01 02:08:48,699 [pool-421-thread-1] INFO  server.RaftServerConfigKeys (ConfUtils.java:logGet(44)) - raft.server.snapshot.auto.trigger.threshold = 10000 (custom)
2022-03-01 02:08:48,699 [pool-421-thread-1] INFO  server.RaftServerConfigKeys (ConfUtils.java:logGet(44)) - raft.server.snapshot.retention.file.num = 5 (custom)
2022-03-01 02:08:48,699 [pool-421-thread-1] INFO  server.RaftServerConfigKeys (ConfUtils.java:logGet(44)) - raft.server.log.purge.upto.snapshot.index = false (default)
2022-03-01 02:08:48,699 [pool-421-thread-1] INFO  server.RaftServerConfigKeys (ConfUtils.java:logGet(44)) - raft.server.retrycache.expirytime = 600000ms (custom)
2022-03-01 02:08:48,699 [pool-421-thread-1] INFO  server.RaftServerConfigKeys (ConfUtils.java:logGet(44)) - raft.server.retrycache.statistics.expirytime = 100μs (default)
2022-03-01 02:08:48,700 [pool-421-thread-1] INFO  server.RaftServer$Division (RaftServerImpl.java:start(301)) - 2fe09f74-0f35-4dca-83ea-38d6e64c020a@group-9B56DD789725: start as a follower, conf=-1: [2fe09f74-0f35-4dca-83ea-38d6e64c020a|rpc:10.1.0.9:46395|priority:1], old=null
2022-03-01 02:08:48,700 [pool-421-thread-1] INFO  server.RaftServer$Division (RaftServerImpl.java:setRole(290)) - 2fe09f74-0f35-4dca-83ea-38d6e64c020a@group-9B56DD789725: changes role from      null to FOLLOWER at term 0 for startAsFollower
2022-03-01 02:08:48,701 [pool-421-thread-1] INFO  impl.RoleInfo (RoleInfo.java:updateAndGet(130)) - 2fe09f74-0f35-4dca-83ea-38d6e64c020a: start 2fe09f74-0f35-4dca-83ea-38d6e64c020a@group-9B56DD789725-FollowerState
2022-03-01 02:08:48,703 [pool-421-thread-1] INFO  util.JmxRegister (JmxRegister.java:tryRegister(44)) - Successfully registered JMX Bean with object name Ratis:service=RaftServer,group=group-9B56DD789725,id=2fe09f74-0f35-4dca-83ea-38d6e64c020a
2022-03-01 02:08:48,704 [Command processor thread] INFO  ratis.XceiverServerRatis (XceiverServerRatis.java:addGroup(769)) - Created group PipelineID=9eefe6dc-5b2d-4bcd-b8e4-9b56dd789725
2022-03-01 02:08:48,704 [Command processor thread] INFO  commandhandler.CreatePipelineCommandHandler (CreatePipelineCommandHandler.java:handle(106)) - Created Pipeline RATIS ONE PipelineID=9eefe6dc-5b2d-4bcd-b8e4-9b56dd789725.
2022-03-01 02:08:49,660 [Listener at 127.0.0.1/45865] INFO  ozone.MiniOzoneClusterImpl (MiniOzoneClusterImpl.java:lambda$waitForClusterToBeReady$0(219)) - Nodes are ready. Got 3 of 3 DN Heartbeats.
2022-03-01 02:08:49,660 [Listener at 127.0.0.1/45865] INFO  ozone.MiniOzoneClusterImpl (MiniOzoneClusterImpl.java:lambda$waitForClusterToBeReady$0(222)) - Waiting for cluster to exit safe mode
2022-03-01 02:08:49,660 [Listener at 127.0.0.1/45865] INFO  ozone.MiniOzoneClusterImpl (MiniOzoneClusterImpl.java:lambda$waitForClusterToBeReady$0(224)) - SCM became leader
2022-03-01 02:08:50,660 [Listener at 127.0.0.1/45865] INFO  ozone.MiniOzoneClusterImpl (MiniOzoneClusterImpl.java:lambda$waitForClusterToBeReady$0(219)) - Nodes are ready. Got 3 of 3 DN Heartbeats.
2022-03-01 02:08:50,661 [Listener at 127.0.0.1/45865] INFO  ozone.MiniOzoneClusterImpl (MiniOzoneClusterImpl.java:lambda$waitForClusterToBeReady$0(222)) - Waiting for cluster to exit safe mode
2022-03-01 02:08:50,661 [Listener at 127.0.0.1/45865] INFO  ozone.MiniOzoneClusterImpl (MiniOzoneClusterImpl.java:lambda$waitForClusterToBeReady$0(224)) - SCM became leader
2022-03-01 02:08:51,661 [Listener at 127.0.0.1/45865] INFO  ozone.MiniOzoneClusterImpl (MiniOzoneClusterImpl.java:lambda$waitForClusterToBeReady$0(219)) - Nodes are ready. Got 3 of 3 DN Heartbeats.
2022-03-01 02:08:51,661 [Listener at 127.0.0.1/45865] INFO  ozone.MiniOzoneClusterImpl (MiniOzoneClusterImpl.java:lambda$waitForClusterToBeReady$0(222)) - Waiting for cluster to exit safe mode
2022-03-01 02:08:51,661 [Listener at 127.0.0.1/45865] INFO  ozone.MiniOzoneClusterImpl (MiniOzoneClusterImpl.java:lambda$waitForClusterToBeReady$0(224)) - SCM became leader
2022-03-01 02:08:52,662 [Listener at 127.0.0.1/45865] INFO  ozone.MiniOzoneClusterImpl (MiniOzoneClusterImpl.java:lambda$waitForClusterToBeReady$0(219)) - Nodes are ready. Got 3 of 3 DN Heartbeats.
2022-03-01 02:08:52,662 [Listener at 127.0.0.1/45865] INFO  ozone.MiniOzoneClusterImpl (MiniOzoneClusterImpl.java:lambda$waitForClusterToBeReady$0(222)) - Waiting for cluster to exit safe mode
2022-03-01 02:08:52,662 [Listener at 127.0.0.1/45865] INFO  ozone.MiniOzoneClusterImpl (MiniOzoneClusterImpl.java:lambda$waitForClusterToBeReady$0(224)) - SCM became leader
2022-03-01 02:08:52,740 [c521be71-924d-486e-9da9-f3a5438abd2c@group-875E19BF2C06-FollowerState] INFO  impl.FollowerState (FollowerState.java:run(134)) - c521be71-924d-486e-9da9-f3a5438abd2c@group-875E19BF2C06-FollowerState: change to CANDIDATE, lastRpcElapsedTime:5010740920ns, electionTimeout:5009ms
2022-03-01 02:08:52,741 [c521be71-924d-486e-9da9-f3a5438abd2c@group-875E19BF2C06-FollowerState] INFO  impl.RoleInfo (RoleInfo.java:shutdownFollowerState(108)) - c521be71-924d-486e-9da9-f3a5438abd2c: shutdown c521be71-924d-486e-9da9-f3a5438abd2c@group-875E19BF2C06-FollowerState
2022-03-01 02:08:52,741 [c521be71-924d-486e-9da9-f3a5438abd2c@group-875E19BF2C06-FollowerState] INFO  server.RaftServer$Division (RaftServerImpl.java:setRole(290)) - c521be71-924d-486e-9da9-f3a5438abd2c@group-875E19BF2C06: changes role from  FOLLOWER to CANDIDATE at term 0 for changeToCandidate
2022-03-01 02:08:52,741 [c521be71-924d-486e-9da9-f3a5438abd2c@group-875E19BF2C06-FollowerState] INFO  server.RaftServerConfigKeys (ConfUtils.java:logGet(44)) - raft.server.leaderelection.pre-vote = false (custom)
2022-03-01 02:08:52,741 [c521be71-924d-486e-9da9-f3a5438abd2c@group-875E19BF2C06-FollowerState] INFO  impl.RoleInfo (RoleInfo.java:updateAndGet(130)) - c521be71-924d-486e-9da9-f3a5438abd2c: start c521be71-924d-486e-9da9-f3a5438abd2c@group-875E19BF2C06-LeaderElection31
2022-03-01 02:08:52,823 [c521be71-924d-486e-9da9-f3a5438abd2c@group-875E19BF2C06-LeaderElection31] INFO  impl.LeaderElection (LeaderElection.java:askForVotes(306)) - c521be71-924d-486e-9da9-f3a5438abd2c@group-875E19BF2C06-LeaderElection31 ELECTION round 0: submit vote requests at term 1 for -1: [c521be71-924d-486e-9da9-f3a5438abd2c|rpc:10.1.0.9:35291|priority:1], old=null
2022-03-01 02:08:52,823 [c521be71-924d-486e-9da9-f3a5438abd2c@group-875E19BF2C06-LeaderElection31] INFO  impl.LeaderElection (LeaderElection.java:askForVotes(308)) - c521be71-924d-486e-9da9-f3a5438abd2c@group-875E19BF2C06-LeaderElection31 ELECTION round 0: result PASSED (term=1)
2022-03-01 02:08:52,823 [c521be71-924d-486e-9da9-f3a5438abd2c@group-875E19BF2C06-LeaderElection31] INFO  impl.RoleInfo (RoleInfo.java:shutdownLeaderElection(121)) - c521be71-924d-486e-9da9-f3a5438abd2c: shutdown c521be71-924d-486e-9da9-f3a5438abd2c@group-875E19BF2C06-LeaderElection31
2022-03-01 02:08:52,824 [c521be71-924d-486e-9da9-f3a5438abd2c@group-875E19BF2C06-LeaderElection31] INFO  server.RaftServer$Division (RaftServerImpl.java:setRole(290)) - c521be71-924d-486e-9da9-f3a5438abd2c@group-875E19BF2C06: changes role from CANDIDATE to LEADER at term 1 for changeToLeader
2022-03-01 02:08:52,824 [c521be71-924d-486e-9da9-f3a5438abd2c@group-875E19BF2C06-LeaderElection31] INFO  ratis.XceiverServerRatis (XceiverServerRatis.java:handleLeaderChangedNotification(867)) - Leader change notification received for group: group-875E19BF2C06 with new leaderId: c521be71-924d-486e-9da9-f3a5438abd2c
2022-03-01 02:08:52,824 [c521be71-924d-486e-9da9-f3a5438abd2c@group-875E19BF2C06-LeaderElection31] INFO  server.RaftServer$Division (ServerState.java:setLeader(285)) - c521be71-924d-486e-9da9-f3a5438abd2c@group-875E19BF2C06: change Leader from null to c521be71-924d-486e-9da9-f3a5438abd2c at term 1 for becomeLeader, leader elected after 5098ms
2022-03-01 02:08:52,824 [c521be71-924d-486e-9da9-f3a5438abd2c@group-875E19BF2C06-LeaderElection31] INFO  server.RaftServerConfigKeys (ConfUtils.java:logGet(44)) - raft.server.staging.catchup.gap = 1000 (default)
2022-03-01 02:08:52,824 [c521be71-924d-486e-9da9-f3a5438abd2c@group-875E19BF2C06-LeaderElection31] INFO  server.RaftServerConfigKeys (ConfUtils.java:logGet(44)) - raft.server.write.element-limit = 1024 (custom)
2022-03-01 02:08:52,824 [c521be71-924d-486e-9da9-f3a5438abd2c@group-875E19BF2C06-LeaderElection31] INFO  server.RaftServerConfigKeys (ConfUtils.java:logGet(44)) - raft.server.write.byte-limit = 1024 M (=1073741824) (custom)
2022-03-01 02:08:52,824 [c521be71-924d-486e-9da9-f3a5438abd2c@group-875E19BF2C06-LeaderElection31] INFO  server.RaftServerConfigKeys (ConfUtils.java:logGet(44)) - raft.server.watch.timeout = 180s (custom)
2022-03-01 02:08:52,824 [c521be71-924d-486e-9da9-f3a5438abd2c@group-875E19BF2C06-LeaderElection31] INFO  server.RaftServerConfigKeys (ConfUtils.java:logGet(44)) - raft.server.watch.timeout.denomination = 1s (default)
2022-03-01 02:08:52,825 [c521be71-924d-486e-9da9-f3a5438abd2c@group-875E19BF2C06-LeaderElection31] INFO  server.RaftServerConfigKeys (ConfUtils.java:logGet(44)) - raft.server.watch.element-limit = 65536 (default)
2022-03-01 02:08:52,825 [c521be71-924d-486e-9da9-f3a5438abd2c@group-875E19BF2C06-LeaderElection31] INFO  server.RaftServerConfigKeys (ConfUtils.java:logGet(44)) - raft.server.write.element-limit = 1024 (custom)
2022-03-01 02:08:52,825 [c521be71-924d-486e-9da9-f3a5438abd2c@group-875E19BF2C06-LeaderElection31] INFO  server.RaftServerConfigKeys (ConfUtils.java:logGet(44)) - raft.server.write.follower.gap.ratio.max = -1.0 (default)
2022-03-01 02:08:52,825 [c521be71-924d-486e-9da9-f3a5438abd2c@group-875E19BF2C06-LeaderElection31] INFO  impl.RoleInfo (RoleInfo.java:updateAndGet(130)) - c521be71-924d-486e-9da9-f3a5438abd2c: start c521be71-924d-486e-9da9-f3a5438abd2c@group-875E19BF2C06-LeaderStateImpl
2022-03-01 02:08:52,825 [c521be71-924d-486e-9da9-f3a5438abd2c@group-875E19BF2C06-LeaderElection31] INFO  segmented.SegmentedRaftLogWorker (SegmentedRaftLogWorker.java:startLogSegment(394)) - c521be71-924d-486e-9da9-f3a5438abd2c@group-875E19BF2C06-SegmentedRaftLogWorker: Starting segment from index:0
2022-03-01 02:08:52,826 [EventQueue-OpenPipelineForHealthyPipelineSafeModeRule] INFO  safemode.SCMSafeModeManager (HealthyPipelineSafeModeRule.java:process(124)) - SCM in safe mode. Healthy pipelines reported count is 0, required healthy pipeline reported count is 1
2022-03-01 02:08:52,827 [c521be71-924d-486e-9da9-f3a5438abd2c@group-875E19BF2C06-SegmentedRaftLogWorker] INFO  segmented.SegmentedRaftLogWorker (SegmentedRaftLogWorker.java:execute(601)) - c521be71-924d-486e-9da9-f3a5438abd2c@group-875E19BF2C06-SegmentedRaftLogWorker: created new log segment /home/runner/work/ozone/ozone/hadoop-ozone/integration-test/target/test-dir/MiniOzoneClusterImpl-4a905738-de8a-4f79-b951-dc63c6cec1e7/datanode-0/data/ratis/97859436-9f88-4aef-a5ad-875e19bf2c06/current/log_inprogress_0
2022-03-01 02:08:52,840 [c521be71-924d-486e-9da9-f3a5438abd2c@group-875E19BF2C06-LeaderElection31] INFO  server.RaftServer$Division (ServerState.java:setRaftConf(387)) - c521be71-924d-486e-9da9-f3a5438abd2c@group-875E19BF2C06: set configuration 0: [c521be71-924d-486e-9da9-f3a5438abd2c|rpc:10.1.0.9:35291|dataStream:|priority:1], old=null
2022-03-01 02:08:52,847 [c521be71-924d-486e-9da9-f3a5438abd2c@group-D758006F8883-FollowerState] INFO  impl.FollowerState (FollowerState.java:run(134)) - c521be71-924d-486e-9da9-f3a5438abd2c@group-D758006F8883-FollowerState: change to CANDIDATE, lastRpcElapsedTime:5077345336ns, electionTimeout:5075ms
2022-03-01 02:08:52,848 [c521be71-924d-486e-9da9-f3a5438abd2c@group-D758006F8883-FollowerState] INFO  impl.RoleInfo (RoleInfo.java:shutdownFollowerState(108)) - c521be71-924d-486e-9da9-f3a5438abd2c: shutdown c521be71-924d-486e-9da9-f3a5438abd2c@group-D758006F8883-FollowerState
2022-03-01 02:08:52,848 [c521be71-924d-486e-9da9-f3a5438abd2c@group-D758006F8883-FollowerState] INFO  server.RaftServer$Division (RaftServerImpl.java:setRole(290)) - c521be71-924d-486e-9da9-f3a5438abd2c@group-D758006F8883: changes role from  FOLLOWER to CANDIDATE at term 0 for changeToCandidate
2022-03-01 02:08:52,848 [c521be71-924d-486e-9da9-f3a5438abd2c@group-D758006F8883-FollowerState] INFO  server.RaftServerConfigKeys (ConfUtils.java:logGet(44)) - raft.server.leaderelection.pre-vote = false (custom)
2022-03-01 02:08:52,848 [c521be71-924d-486e-9da9-f3a5438abd2c@group-D758006F8883-FollowerState] INFO  impl.RoleInfo (RoleInfo.java:updateAndGet(130)) - c521be71-924d-486e-9da9-f3a5438abd2c: start c521be71-924d-486e-9da9-f3a5438abd2c@group-D758006F8883-LeaderElection32
2022-03-01 02:08:52,915 [2fe09f74-0f35-4dca-83ea-38d6e64c020a@group-D758006F8883-FollowerState] INFO  impl.FollowerState (FollowerState.java:run(134)) - 2fe09f74-0f35-4dca-83ea-38d6e64c020a@group-D758006F8883-FollowerState: change to CANDIDATE, lastRpcElapsedTime:5014422948ns, electionTimeout:5005ms
2022-03-01 02:08:52,915 [2fe09f74-0f35-4dca-83ea-38d6e64c020a@group-D758006F8883-FollowerState] INFO  impl.RoleInfo (RoleInfo.java:shutdownFollowerState(108)) - 2fe09f74-0f35-4dca-83ea-38d6e64c020a: shutdown 2fe09f74-0f35-4dca-83ea-38d6e64c020a@group-D758006F8883-FollowerState
2022-03-01 02:08:52,915 [2fe09f74-0f35-4dca-83ea-38d6e64c020a@group-D758006F8883-FollowerState] INFO  server.RaftServer$Division (RaftServerImpl.java:setRole(290)) - 2fe09f74-0f35-4dca-83ea-38d6e64c020a@group-D758006F8883: changes role from  FOLLOWER to CANDIDATE at term 0 for changeToCandidate
2022-03-01 02:08:52,915 [2fe09f74-0f35-4dca-83ea-38d6e64c020a@group-D758006F8883-FollowerState] INFO  server.RaftServerConfigKeys (ConfUtils.java:logGet(44)) - raft.server.leaderelection.pre-vote = false (custom)
2022-03-01 02:08:52,916 [2fe09f74-0f35-4dca-83ea-38d6e64c020a@group-D758006F8883-FollowerState] INFO  impl.RoleInfo (RoleInfo.java:updateAndGet(130)) - 2fe09f74-0f35-4dca-83ea-38d6e64c020a: start 2fe09f74-0f35-4dca-83ea-38d6e64c020a@group-D758006F8883-LeaderElection33
2022-03-01 02:08:52,925 [c521be71-924d-486e-9da9-f3a5438abd2c@group-D758006F8883-LeaderElection32] INFO  impl.LeaderElection (LeaderElection.java:askForVotes(306)) - c521be71-924d-486e-9da9-f3a5438abd2c@group-D758006F8883-LeaderElection32 ELECTION round 0: submit vote requests at term 1 for -1: [393f4c54-f67b-44fe-81f5-8bfc2099cec7|rpc:10.1.0.9:34819|priority:0, c521be71-924d-486e-9da9-f3a5438abd2c|rpc:10.1.0.9:35291|priority:0, 2fe09f74-0f35-4dca-83ea-38d6e64c020a|rpc:10.1.0.9:46395|priority:1], old=null
2022-03-01 02:08:52,953 [2fe09f74-0f35-4dca-83ea-38d6e64c020a@group-D758006F8883-LeaderElection33] INFO  impl.LeaderElection (LeaderElection.java:askForVotes(306)) - 2fe09f74-0f35-4dca-83ea-38d6e64c020a@group-D758006F8883-LeaderElection33 ELECTION round 0: submit vote requests at term 1 for -1: [393f4c54-f67b-44fe-81f5-8bfc2099cec7|rpc:10.1.0.9:34819|dataStream:|priority:0, c521be71-924d-486e-9da9-f3a5438abd2c|rpc:10.1.0.9:35291|dataStream:|priority:0, 2fe09f74-0f35-4dca-83ea-38d6e64c020a|rpc:10.1.0.9:46395|dataStream:|priority:1], old=null
2022-03-01 02:08:53,010 [grpc-default-executor-5] INFO  server.RaftServer$Division (RaftServerImpl.java:requestVote(1046)) - 393f4c54-f67b-44fe-81f5-8bfc2099cec7@group-D758006F8883: receive requestVote(ELECTION, c521be71-924d-486e-9da9-f3a5438abd2c, group-D758006F8883, 1, (t:0, i:0))
2022-03-01 02:08:53,010 [grpc-default-executor-5] INFO  impl.VoteContext (VoteContext.java:log(48)) - 393f4c54-f67b-44fe-81f5-8bfc2099cec7@group-D758006F8883-FOLLOWER: accept ELECTION from c521be71-924d-486e-9da9-f3a5438abd2c: our priority 0 <= candidate's priority 0
2022-03-01 02:08:53,010 [grpc-default-executor-5] INFO  server.RaftServer$Division (RaftServerImpl.java:setRole(290)) - 393f4c54-f67b-44fe-81f5-8bfc2099cec7@group-D758006F8883: changes role from  FOLLOWER to FOLLOWER at term 1 for candidate:c521be71-924d-486e-9da9-f3a5438abd2c
2022-03-01 02:08:53,010 [grpc-default-executor-5] INFO  impl.RoleInfo (RoleInfo.java:shutdownFollowerState(108)) - 393f4c54-f67b-44fe-81f5-8bfc2099cec7: shutdown 393f4c54-f67b-44fe-81f5-8bfc2099cec7@group-D758006F8883-FollowerState
2022-03-01 02:08:53,010 [grpc-default-executor-5] INFO  impl.RoleInfo (RoleInfo.java:updateAndGet(130)) - 393f4c54-f67b-44fe-81f5-8bfc2099cec7: start 393f4c54-f67b-44fe-81f5-8bfc2099cec7@group-D758006F8883-FollowerState
2022-03-01 02:08:53,010 [393f4c54-f67b-44fe-81f5-8bfc2099cec7@group-D758006F8883-FollowerState] INFO  impl.FollowerState (FollowerState.java:run(143)) - 393f4c54-f67b-44fe-81f5-8bfc2099cec7@group-D758006F8883-FollowerState was interrupted: {}
java.lang.InterruptedException: sleep interrupted
	at java.lang.Thread.sleep(Native Method)
	at java.lang.Thread.sleep(Thread.java:342)
	at java.util.concurrent.TimeUnit.sleep(TimeUnit.java:386)
	at org.apache.ratis.util.TimeDuration.sleep(TimeDuration.java:324)
	at org.apache.ratis.util.TimeDuration.sleep(TimeDuration.java:309)
	at org.apache.ratis.server.impl.FollowerState.run(FollowerState.java:118)
2022-03-01 02:08:53,027 [grpc-default-executor-2] INFO  server.RaftServer$Division (RaftServerImpl.java:requestVote(1046)) - 393f4c54-f67b-44fe-81f5-8bfc2099cec7@group-D758006F8883: receive requestVote(ELECTION, 2fe09f74-0f35-4dca-83ea-38d6e64c020a, group-D758006F8883, 1, (t:0, i:0))
2022-03-01 02:08:53,021 [grpc-default-executor-5] INFO  server.RaftServer$Division (RaftServerImpl.java:requestVote(1078)) - 393f4c54-f67b-44fe-81f5-8bfc2099cec7@group-D758006F8883 replies to ELECTION vote request: c521be71-924d-486e-9da9-f3a5438abd2c<-393f4c54-f67b-44fe-81f5-8bfc2099cec7#0:OK-t1. Peer's state: 393f4c54-f67b-44fe-81f5-8bfc2099cec7@group-D758006F8883:t1, leader=null, voted=c521be71-924d-486e-9da9-f3a5438abd2c, raftlog=393f4c54-f67b-44fe-81f5-8bfc2099cec7@group-D758006F8883-SegmentedRaftLog:OPENED:c-1, conf=-1: [393f4c54-f67b-44fe-81f5-8bfc2099cec7|rpc:10.1.0.9:34819|dataStream:|priority:0, c521be71-924d-486e-9da9-f3a5438abd2c|rpc:10.1.0.9:35291|dataStream:|priority:0, 2fe09f74-0f35-4dca-83ea-38d6e64c020a|rpc:10.1.0.9:46395|dataStream:|priority:1], old=null
2022-03-01 02:08:53,028 [grpc-default-executor-1] INFO  server.RaftServer$Division (RaftServerImpl.java:requestVote(1046)) - 2fe09f74-0f35-4dca-83ea-38d6e64c020a@group-D758006F8883: receive requestVote(ELECTION, c521be71-924d-486e-9da9-f3a5438abd2c, group-D758006F8883, 1, (t:0, i:0))
2022-03-01 02:08:53,028 [grpc-default-executor-1] INFO  impl.VoteContext (VoteContext.java:log(48)) - 2fe09f74-0f35-4dca-83ea-38d6e64c020a@group-D758006F8883-CANDIDATE: reject ELECTION from c521be71-924d-486e-9da9-f3a5438abd2c: already has voted for 2fe09f74-0f35-4dca-83ea-38d6e64c020a at current term 1
2022-03-01 02:08:53,028 [grpc-default-executor-1] INFO  server.RaftServer$Division (RaftServerImpl.java:requestVote(1078)) - 2fe09f74-0f35-4dca-83ea-38d6e64c020a@group-D758006F8883 replies to ELECTION vote request: c521be71-924d-486e-9da9-f3a5438abd2c<-2fe09f74-0f35-4dca-83ea-38d6e64c020a#0:FAIL-t1. Peer's state: 2fe09f74-0f35-4dca-83ea-38d6e64c020a@group-D758006F8883:t1, leader=null, voted=2fe09f74-0f35-4dca-83ea-38d6e64c020a, raftlog=2fe09f74-0f35-4dca-83ea-38d6e64c020a@group-D758006F8883-SegmentedRaftLog:OPENED:c-1, conf=-1: [393f4c54-f67b-44fe-81f5-8bfc2099cec7|rpc:10.1.0.9:34819|dataStream:|priority:0, c521be71-924d-486e-9da9-f3a5438abd2c|rpc:10.1.0.9:35291|dataStream:|priority:0, 2fe09f74-0f35-4dca-83ea-38d6e64c020a|rpc:10.1.0.9:46395|dataStream:|priority:1], old=null
2022-03-01 02:08:53,030 [grpc-default-executor-2] INFO  impl.VoteContext (VoteContext.java:log(48)) - 393f4c54-f67b-44fe-81f5-8bfc2099cec7@group-D758006F8883-FOLLOWER: reject ELECTION from 2fe09f74-0f35-4dca-83ea-38d6e64c020a: already has voted for c521be71-924d-486e-9da9-f3a5438abd2c at current term 1
2022-03-01 02:08:53,031 [grpc-default-executor-2] INFO  server.RaftServer$Division (RaftServerImpl.java:requestVote(1078)) - 393f4c54-f67b-44fe-81f5-8bfc2099cec7@group-D758006F8883 replies to ELECTION vote request: 2fe09f74-0f35-4dca-83ea-38d6e64c020a<-393f4c54-f67b-44fe-81f5-8bfc2099cec7#0:FAIL-t1. Peer's state: 393f4c54-f67b-44fe-81f5-8bfc2099cec7@group-D758006F8883:t1, leader=null, voted=c521be71-924d-486e-9da9-f3a5438abd2c, raftlog=393f4c54-f67b-44fe-81f5-8bfc2099cec7@group-D758006F8883-SegmentedRaftLog:OPENED:c-1, conf=-1: [393f4c54-f67b-44fe-81f5-8bfc2099cec7|rpc:10.1.0.9:34819|dataStream:|priority:0, c521be71-924d-486e-9da9-f3a5438abd2c|rpc:10.1.0.9:35291|dataStream:|priority:0, 2fe09f74-0f35-4dca-83ea-38d6e64c020a|rpc:10.1.0.9:46395|dataStream:|priority:1], old=null
2022-03-01 02:08:53,031 [c521be71-924d-486e-9da9-f3a5438abd2c@group-D758006F8883-LeaderElection32] INFO  impl.LeaderElection (LeaderElection.java:logAndReturn(89)) - c521be71-924d-486e-9da9-f3a5438abd2c@group-D758006F8883-LeaderElection32: ELECTION REJECTED received 2 response(s) and 0 exception(s):
2022-03-01 02:08:53,035 [c521be71-924d-486e-9da9-f3a5438abd2c@group-D758006F8883-LeaderElection32] INFO  impl.LeaderElection (LeaderElection.java:logAndReturn(93)) -   Response 0: c521be71-924d-486e-9da9-f3a5438abd2c<-393f4c54-f67b-44fe-81f5-8bfc2099cec7#0:OK-t1
2022-03-01 02:08:53,035 [c521be71-924d-486e-9da9-f3a5438abd2c@group-D758006F8883-LeaderElection32] INFO  impl.LeaderElection (LeaderElection.java:logAndReturn(93)) -   Response 1: c521be71-924d-486e-9da9-f3a5438abd2c<-2fe09f74-0f35-4dca-83ea-38d6e64c020a#0:FAIL-t1
2022-03-01 02:08:53,035 [c521be71-924d-486e-9da9-f3a5438abd2c@group-D758006F8883-LeaderElection32] INFO  impl.LeaderElection (LeaderElection.java:askForVotes(308)) - c521be71-924d-486e-9da9-f3a5438abd2c@group-D758006F8883-LeaderElection32 ELECTION round 0: result REJECTED
2022-03-01 02:08:53,035 [c521be71-924d-486e-9da9-f3a5438abd2c@group-D758006F8883-LeaderElection32] INFO  server.RaftServer$Division (RaftServerImpl.java:setRole(290)) - c521be71-924d-486e-9da9-f3a5438abd2c@group-D758006F8883: changes role from CANDIDATE to FOLLOWER at term 1 for REJECTED
2022-03-01 02:08:53,035 [c521be71-924d-486e-9da9-f3a5438abd2c@group-D758006F8883-LeaderElection32] INFO  impl.RoleInfo (RoleInfo.java:shutdownLeaderElection(121)) - c521be71-924d-486e-9da9-f3a5438abd2c: shutdown c521be71-924d-486e-9da9-f3a5438abd2c@group-D758006F8883-LeaderElection32
2022-03-01 02:08:53,035 [c521be71-924d-486e-9da9-f3a5438abd2c@group-D758006F8883-LeaderElection32] INFO  impl.RoleInfo (RoleInfo.java:updateAndGet(130)) - c521be71-924d-486e-9da9-f3a5438abd2c: start c521be71-924d-486e-9da9-f3a5438abd2c@group-D758006F8883-FollowerState
2022-03-01 02:08:53,054 [grpc-default-executor-2] INFO  server.RaftServer$Division (RaftServerImpl.java:requestVote(1046)) - c521be71-924d-486e-9da9-f3a5438abd2c@group-D758006F8883: receive requestVote(ELECTION, 2fe09f74-0f35-4dca-83ea-38d6e64c020a, group-D758006F8883, 1, (t:0, i:0))
2022-03-01 02:08:53,055 [grpc-default-executor-2] INFO  impl.VoteContext (VoteContext.java:log(48)) - c521be71-924d-486e-9da9-f3a5438abd2c@group-D758006F8883-FOLLOWER: reject ELECTION from 2fe09f74-0f35-4dca-83ea-38d6e64c020a: already has voted for c521be71-924d-486e-9da9-f3a5438abd2c at current term 1
2022-03-01 02:08:53,055 [grpc-default-executor-2] INFO  server.RaftServer$Division (RaftServerImpl.java:requestVote(1078)) - c521be71-924d-486e-9da9-f3a5438abd2c@group-D758006F8883 replies to ELECTION vote request: 2fe09f74-0f35-4dca-83ea-38d6e64c020a<-c521be71-924d-486e-9da9-f3a5438abd2c#0:FAIL-t1. Peer's state: c521be71-924d-486e-9da9-f3a5438abd2c@group-D758006F8883:t1, leader=null, voted=c521be71-924d-486e-9da9-f3a5438abd2c, raftlog=c521be71-924d-486e-9da9-f3a5438abd2c@group-D758006F8883-SegmentedRaftLog:OPENED:c-1, conf=-1: [393f4c54-f67b-44fe-81f5-8bfc2099cec7|rpc:10.1.0.9:34819|priority:0, c521be71-924d-486e-9da9-f3a5438abd2c|rpc:10.1.0.9:35291|priority:0, 2fe09f74-0f35-4dca-83ea-38d6e64c020a|rpc:10.1.0.9:46395|priority:1], old=null
2022-03-01 02:08:53,076 [2fe09f74-0f35-4dca-83ea-38d6e64c020a@group-D758006F8883-LeaderElection33] INFO  impl.LeaderElection (LeaderElection.java:logAndReturn(89)) - 2fe09f74-0f35-4dca-83ea-38d6e64c020a@group-D758006F8883-LeaderElection33: ELECTION REJECTED received 2 response(s) and 0 exception(s):
2022-03-01 02:08:53,076 [2fe09f74-0f35-4dca-83ea-38d6e64c020a@group-D758006F8883-LeaderElection33] INFO  impl.LeaderElection (LeaderElection.java:logAndReturn(93)) -   Response 0: 2fe09f74-0f35-4dca-83ea-38d6e64c020a<-393f4c54-f67b-44fe-81f5-8bfc2099cec7#0:FAIL-t1
2022-03-01 02:08:53,076 [2fe09f74-0f35-4dca-83ea-38d6e64c020a@group-D758006F8883-LeaderElection33] INFO  impl.LeaderElection (LeaderElection.java:logAndReturn(93)) -   Response 1: 2fe09f74-0f35-4dca-83ea-38d6e64c020a<-c521be71-924d-486e-9da9-f3a5438abd2c#0:FAIL-t1
2022-03-01 02:08:53,076 [2fe09f74-0f35-4dca-83ea-38d6e64c020a@group-D758006F8883-LeaderElection33] INFO  impl.LeaderElection (LeaderElection.java:askForVotes(308)) - 2fe09f74-0f35-4dca-83ea-38d6e64c020a@group-D758006F8883-LeaderElection33 ELECTION round 0: result REJECTED
2022-03-01 02:08:53,076 [2fe09f74-0f35-4dca-83ea-38d6e64c020a@group-D758006F8883-LeaderElection33] INFO  server.RaftServer$Division (RaftServerImpl.java:setRole(290)) - 2fe09f74-0f35-4dca-83ea-38d6e64c020a@group-D758006F8883: changes role from CANDIDATE to FOLLOWER at term 1 for REJECTED
2022-03-01 02:08:53,076 [2fe09f74-0f35-4dca-83ea-38d6e64c020a@group-D758006F8883-LeaderElection33] INFO  impl.RoleInfo (RoleInfo.java:shutdownLeaderElection(121)) - 2fe09f74-0f35-4dca-83ea-38d6e64c020a: shutdown 2fe09f74-0f35-4dca-83ea-38d6e64c020a@group-D758006F8883-LeaderElection33
2022-03-01 02:08:53,076 [2fe09f74-0f35-4dca-83ea-38d6e64c020a@group-D758006F8883-LeaderElection33] INFO  impl.RoleInfo (RoleInfo.java:updateAndGet(130)) - 2fe09f74-0f35-4dca-83ea-38d6e64c020a: start 2fe09f74-0f35-4dca-83ea-38d6e64c020a@group-D758006F8883-FollowerState
2022-03-01 02:08:53,299 [c521be71-924d-486e-9da9-f3a5438abd2c@group-B644FF3D61AF-FollowerState] INFO  impl.FollowerState (FollowerState.java:run(134)) - c521be71-924d-486e-9da9-f3a5438abd2c@group-B644FF3D61AF-FollowerState: change to CANDIDATE, lastRpcElapsedTime:5169485738ns, electionTimeout:5152ms
2022-03-01 02:08:53,300 [c521be71-924d-486e-9da9-f3a5438abd2c@group-B644FF3D61AF-FollowerState] INFO  impl.RoleInfo (RoleInfo.java:shutdownFollowerState(108)) - c521be71-924d-486e-9da9-f3a5438abd2c: shutdown c521be71-924d-486e-9da9-f3a5438abd2c@group-B644FF3D61AF-FollowerState
2022-03-01 02:08:53,300 [c521be71-924d-486e-9da9-f3a5438abd2c@group-B644FF3D61AF-FollowerState] INFO  server.RaftServer$Division (RaftServerImpl.java:setRole(290)) - c521be71-924d-486e-9da9-f3a5438abd2c@group-B644FF3D61AF: changes role from  FOLLOWER to CANDIDATE at term 0 for changeToCandidate
2022-03-01 02:08:53,300 [c521be71-924d-486e-9da9-f3a5438abd2c@group-B644FF3D61AF-FollowerState] INFO  server.RaftServerConfigKeys (ConfUtils.java:logGet(44)) - raft.server.leaderelection.pre-vote = false (custom)
2022-03-01 02:08:53,300 [c521be71-924d-486e-9da9-f3a5438abd2c@group-B644FF3D61AF-FollowerState] INFO  impl.RoleInfo (RoleInfo.java:updateAndGet(130)) - c521be71-924d-486e-9da9-f3a5438abd2c: start c521be71-924d-486e-9da9-f3a5438abd2c@group-B644FF3D61AF-LeaderElection34
2022-03-01 02:08:53,299 [393f4c54-f67b-44fe-81f5-8bfc2099cec7@group-B644FF3D61AF-FollowerState] INFO  impl.FollowerState (FollowerState.java:run(134)) - 393f4c54-f67b-44fe-81f5-8bfc2099cec7@group-B644FF3D61AF-FollowerState: change to CANDIDATE, lastRpcElapsedTime:5081617765ns, electionTimeout:5068ms
2022-03-01 02:08:53,301 [393f4c54-f67b-44fe-81f5-8bfc2099cec7@group-B644FF3D61AF-FollowerState] INFO  impl.RoleInfo (RoleInfo.java:shutdownFollowerState(108)) - 393f4c54-f67b-44fe-81f5-8bfc2099cec7: shutdown 393f4c54-f67b-44fe-81f5-8bfc2099cec7@group-B644FF3D61AF-FollowerState
2022-03-01 02:08:53,301 [393f4c54-f67b-44fe-81f5-8bfc2099cec7@group-B644FF3D61AF-FollowerState] INFO  server.RaftServer$Division (RaftServerImpl.java:setRole(290)) - 393f4c54-f67b-44fe-81f5-8bfc2099cec7@group-B644FF3D61AF: changes role from  FOLLOWER to CANDIDATE at term 0 for changeToCandidate
2022-03-01 02:08:53,322 [393f4c54-f67b-44fe-81f5-8bfc2099cec7@group-B644FF3D61AF-FollowerState] INFO  server.RaftServerConfigKeys (ConfUtils.java:logGet(44)) - raft.server.leaderelection.pre-vote = false (custom)
2022-03-01 02:08:53,322 [393f4c54-f67b-44fe-81f5-8bfc2099cec7@group-B644FF3D61AF-FollowerState] INFO  impl.RoleInfo (RoleInfo.java:updateAndGet(130)) - 393f4c54-f67b-44fe-81f5-8bfc2099cec7: start 393f4c54-f67b-44fe-81f5-8bfc2099cec7@group-B644FF3D61AF-LeaderElection35
2022-03-01 02:08:53,340 [393f4c54-f67b-44fe-81f5-8bfc2099cec7@group-B644FF3D61AF-LeaderElection35] INFO  impl.LeaderElection (LeaderElection.java:askForVotes(306)) - 393f4c54-f67b-44fe-81f5-8bfc2099cec7@group-B644FF3D61AF-LeaderElection35 ELECTION round 0: submit vote requests at term 1 for -1: [393f4c54-f67b-44fe-81f5-8bfc2099cec7|rpc:10.1.0.9:34819|dataStream:|priority:1, c521be71-924d-486e-9da9-f3a5438abd2c|rpc:10.1.0.9:35291|dataStream:|priority:0, 2fe09f74-0f35-4dca-83ea-38d6e64c020a|rpc:10.1.0.9:46395|dataStream:|priority:0], old=null
2022-03-01 02:08:53,349 [2fe09f74-0f35-4dca-83ea-38d6e64c020a@group-B644FF3D61AF-FollowerState] INFO  impl.FollowerState (FollowerState.java:run(134)) - 2fe09f74-0f35-4dca-83ea-38d6e64c020a@group-B644FF3D61AF-FollowerState: change to CANDIDATE, lastRpcElapsedTime:5070805222ns, electionTimeout:5048ms
2022-03-01 02:08:53,349 [2fe09f74-0f35-4dca-83ea-38d6e64c020a@group-B644FF3D61AF-FollowerState] INFO  impl.RoleInfo (RoleInfo.java:shutdownFollowerState(108)) - 2fe09f74-0f35-4dca-83ea-38d6e64c020a: shutdown 2fe09f74-0f35-4dca-83ea-38d6e64c020a@group-B644FF3D61AF-FollowerState
2022-03-01 02:08:53,349 [2fe09f74-0f35-4dca-83ea-38d6e64c020a@group-B644FF3D61AF-FollowerState] INFO  server.RaftServer$Division (RaftServerImpl.java:setRole(290)) - 2fe09f74-0f35-4dca-83ea-38d6e64c020a@group-B644FF3D61AF: changes role from  FOLLOWER to CANDIDATE at term 0 for changeToCandidate
2022-03-01 02:08:53,365 [2fe09f74-0f35-4dca-83ea-38d6e64c020a@group-B644FF3D61AF-FollowerState] INFO  server.RaftServerConfigKeys (ConfUtils.java:logGet(44)) - raft.server.leaderelection.pre-vote = false (custom)
2022-03-01 02:08:53,365 [c521be71-924d-486e-9da9-f3a5438abd2c@group-B644FF3D61AF-LeaderElection34] INFO  impl.LeaderElection (LeaderElection.java:askForVotes(306)) - c521be71-924d-486e-9da9-f3a5438abd2c@group-B644FF3D61AF-LeaderElection34 ELECTION round 0: submit vote requests at term 1 for -1: [393f4c54-f67b-44fe-81f5-8bfc2099cec7|rpc:10.1.0.9:34819|priority:1, c521be71-924d-486e-9da9-f3a5438abd2c|rpc:10.1.0.9:35291|priority:0, 2fe09f74-0f35-4dca-83ea-38d6e64c020a|rpc:10.1.0.9:46395|priority:0], old=null
2022-03-01 02:08:53,365 [2fe09f74-0f35-4dca-83ea-38d6e64c020a@group-B644FF3D61AF-FollowerState] INFO  impl.RoleInfo (RoleInfo.java:updateAndGet(130)) - 2fe09f74-0f35-4dca-83ea-38d6e64c020a: start 2fe09f74-0f35-4dca-83ea-38d6e64c020a@group-B644FF3D61AF-LeaderElection36
2022-03-01 02:08:53,381 [grpc-default-executor-2] INFO  server.RaftServer$Division (RaftServerImpl.java:requestVote(1046)) - 393f4c54-f67b-44fe-81f5-8bfc2099cec7@group-B644FF3D61AF: receive requestVote(ELECTION, c521be71-924d-486e-9da9-f3a5438abd2c, group-B644FF3D61AF, 1, (t:0, i:0))
2022-03-01 02:08:53,381 [grpc-default-executor-2] INFO  impl.VoteContext (VoteContext.java:log(48)) - 393f4c54-f67b-44fe-81f5-8bfc2099cec7@group-B644FF3D61AF-CANDIDATE: reject ELECTION from c521be71-924d-486e-9da9-f3a5438abd2c: already has voted for 393f4c54-f67b-44fe-81f5-8bfc2099cec7 at current term 1
2022-03-01 02:08:53,381 [grpc-default-executor-2] INFO  server.RaftServer$Division (RaftServerImpl.java:requestVote(1078)) - 393f4c54-f67b-44fe-81f5-8bfc2099cec7@group-B644FF3D61AF replies to ELECTION vote request: c521be71-924d-486e-9da9-f3a5438abd2c<-393f4c54-f67b-44fe-81f5-8bfc2099cec7#0:FAIL-t1. Peer's state: 393f4c54-f67b-44fe-81f5-8bfc2099cec7@group-B644FF3D61AF:t1, leader=null, voted=393f4c54-f67b-44fe-81f5-8bfc2099cec7, raftlog=393f4c54-f67b-44fe-81f5-8bfc2099cec7@group-B644FF3D61AF-SegmentedRaftLog:OPENED:c-1, conf=-1: [393f4c54-f67b-44fe-81f5-8bfc2099cec7|rpc:10.1.0.9:34819|dataStream:|priority:1, c521be71-924d-486e-9da9-f3a5438abd2c|rpc:10.1.0.9:35291|dataStream:|priority:0, 2fe09f74-0f35-4dca-83ea-38d6e64c020a|rpc:10.1.0.9:46395|dataStream:|priority:0], old=null
2022-03-01 02:08:53,381 [grpc-default-executor-1] INFO  server.RaftServer$Division (RaftServerImpl.java:requestVote(1046)) - 2fe09f74-0f35-4dca-83ea-38d6e64c020a@group-B644FF3D61AF: receive requestVote(ELECTION, c521be71-924d-486e-9da9-f3a5438abd2c, group-B644FF3D61AF, 1, (t:0, i:0))
2022-03-01 02:08:53,397 [grpc-default-executor-1] INFO  impl.VoteContext (VoteContext.java:log(48)) - 2fe09f74-0f35-4dca-83ea-38d6e64c020a@group-B644FF3D61AF-CANDIDATE: accept ELECTION from c521be71-924d-486e-9da9-f3a5438abd2c: our priority 0 <= candidate's priority 0
2022-03-01 02:08:53,397 [grpc-default-executor-1] INFO  server.RaftServer$Division (RaftServerImpl.java:setRole(290)) - 2fe09f74-0f35-4dca-83ea-38d6e64c020a@group-B644FF3D61AF: changes role from CANDIDATE to FOLLOWER at term 1 for candidate:c521be71-924d-486e-9da9-f3a5438abd2c
2022-03-01 02:08:53,397 [grpc-default-executor-1] INFO  impl.RoleInfo (RoleInfo.java:shutdownLeaderElection(121)) - 2fe09f74-0f35-4dca-83ea-38d6e64c020a: shutdown 2fe09f74-0f35-4dca-83ea-38d6e64c020a@group-B644FF3D61AF-LeaderElection36
2022-03-01 02:08:53,397 [grpc-default-executor-1] INFO  impl.RoleInfo (RoleInfo.java:updateAndGet(130)) - 2fe09f74-0f35-4dca-83ea-38d6e64c020a: start 2fe09f74-0f35-4dca-83ea-38d6e64c020a@group-B644FF3D61AF-FollowerState
2022-03-01 02:08:53,400 [grpc-default-executor-1] INFO  server.RaftServer$Division (RaftServerImpl.java:requestVote(1078)) - 2fe09f74-0f35-4dca-83ea-38d6e64c020a@group-B644FF3D61AF replies to ELECTION vote request: c521be71-924d-486e-9da9-f3a5438abd2c<-2fe09f74-0f35-4dca-83ea-38d6e64c020a#0:OK-t1. Peer's state: 2fe09f74-0f35-4dca-83ea-38d6e64c020a@group-B644FF3D61AF:t1, leader=null, voted=c521be71-924d-486e-9da9-f3a5438abd2c, raftlog=2fe09f74-0f35-4dca-83ea-38d6e64c020a@group-B644FF3D61AF-SegmentedRaftLog:OPENED:c-1, conf=-1: [393f4c54-f67b-44fe-81f5-8bfc2099cec7|rpc:10.1.0.9:34819|dataStream:|priority:1, c521be71-924d-486e-9da9-f3a5438abd2c|rpc:10.1.0.9:35291|dataStream:|priority:0, 2fe09f74-0f35-4dca-83ea-38d6e64c020a|rpc:10.1.0.9:46395|dataStream:|priority:0], old=null
2022-03-01 02:08:53,407 [c521be71-924d-486e-9da9-f3a5438abd2c@group-B644FF3D61AF-LeaderElection34] INFO  impl.LeaderElection (LeaderElection.java:logAndReturn(89)) - c521be71-924d-486e-9da9-f3a5438abd2c@group-B644FF3D61AF-LeaderElection34: ELECTION REJECTED received 1 response(s) and 0 exception(s):
2022-03-01 02:08:53,410 [c521be71-924d-486e-9da9-f3a5438abd2c@group-B644FF3D61AF-LeaderElection34] INFO  impl.LeaderElection (LeaderElection.java:logAndReturn(93)) -   Response 0: c521be71-924d-486e-9da9-f3a5438abd2c<-393f4c54-f67b-44fe-81f5-8bfc2099cec7#0:FAIL-t1
2022-03-01 02:08:53,410 [c521be71-924d-486e-9da9-f3a5438abd2c@group-B644FF3D61AF-LeaderElection34] INFO  impl.LeaderElection (LeaderElection.java:askForVotes(308)) - c521be71-924d-486e-9da9-f3a5438abd2c@group-B644FF3D61AF-LeaderElection34 ELECTION round 0: result REJECTED
2022-03-01 02:08:53,410 [c521be71-924d-486e-9da9-f3a5438abd2c@group-B644FF3D61AF-LeaderElection34] INFO  server.RaftServer$Division (RaftServerImpl.java:setRole(290)) - c521be71-924d-486e-9da9-f3a5438abd2c@group-B644FF3D61AF: changes role from CANDIDATE to FOLLOWER at term 1 for REJECTED
2022-03-01 02:08:53,410 [c521be71-924d-486e-9da9-f3a5438abd2c@group-B644FF3D61AF-LeaderElection34] INFO  impl.RoleInfo (RoleInfo.java:shutdownLeaderElection(121)) - c521be71-924d-486e-9da9-f3a5438abd2c: shutdown c521be71-924d-486e-9da9-f3a5438abd2c@group-B644FF3D61AF-LeaderElection34
2022-03-01 02:08:53,410 [c521be71-924d-486e-9da9-f3a5438abd2c@group-B644FF3D61AF-LeaderElection34] INFO  impl.RoleInfo (RoleInfo.java:updateAndGet(130)) - c521be71-924d-486e-9da9-f3a5438abd2c: start c521be71-924d-486e-9da9-f3a5438abd2c@group-B644FF3D61AF-FollowerState
2022-03-01 02:08:53,429 [393f4c54-f67b-44fe-81f5-8bfc2099cec7@group-F5C184DC46B5-FollowerState] INFO  impl.FollowerState (FollowerState.java:run(134)) - 393f4c54-f67b-44fe-81f5-8bfc2099cec7@group-F5C184DC46B5-FollowerState: change to CANDIDATE, lastRpcElapsedTime:5018909584ns, electionTimeout:5009ms
2022-03-01 02:08:53,430 [393f4c54-f67b-44fe-81f5-8bfc2099cec7@group-F5C184DC46B5-FollowerState] INFO  impl.RoleInfo (RoleInfo.java:shutdownFollowerState(108)) - 393f4c54-f67b-44fe-81f5-8bfc2099cec7: shutdown 393f4c54-f67b-44fe-81f5-8bfc2099cec7@group-F5C184DC46B5-FollowerState
2022-03-01 02:08:53,430 [393f4c54-f67b-44fe-81f5-8bfc2099cec7@group-F5C184DC46B5-FollowerState] INFO  server.RaftServer$Division (RaftServerImpl.java:setRole(290)) - 393f4c54-f67b-44fe-81f5-8bfc2099cec7@group-F5C184DC46B5: changes role from  FOLLOWER to CANDIDATE at term 0 for changeToCandidate
2022-03-01 02:08:53,430 [393f4c54-f67b-44fe-81f5-8bfc2099cec7@group-F5C184DC46B5-FollowerState] INFO  server.RaftServerConfigKeys (ConfUtils.java:logGet(44)) - raft.server.leaderelection.pre-vote = false (custom)
2022-03-01 02:08:53,430 [393f4c54-f67b-44fe-81f5-8bfc2099cec7@group-F5C184DC46B5-FollowerState] INFO  impl.RoleInfo (RoleInfo.java:updateAndGet(130)) - 393f4c54-f67b-44fe-81f5-8bfc2099cec7: start 393f4c54-f67b-44fe-81f5-8bfc2099cec7@group-F5C184DC46B5-LeaderElection37
2022-03-01 02:08:53,450 [grpc-default-executor-1] INFO  server.RaftServer$Division (RaftServerImpl.java:requestVote(1046)) - c521be71-924d-486e-9da9-f3a5438abd2c@group-B644FF3D61AF: receive requestVote(ELECTION, 393f4c54-f67b-44fe-81f5-8bfc2099cec7, group-B644FF3D61AF, 1, (t:0, i:0))
2022-03-01 02:08:53,450 [grpc-default-executor-1] INFO  impl.VoteContext (VoteContext.java:log(48)) - c521be71-924d-486e-9da9-f3a5438abd2c@group-B644FF3D61AF-FOLLOWER: reject ELECTION from 393f4c54-f67b-44fe-81f5-8bfc2099cec7: already has voted for c521be71-924d-486e-9da9-f3a5438abd2c at current term 1
2022-03-01 02:08:53,451 [grpc-default-executor-1] INFO  server.RaftServer$Division (RaftServerImpl.java:requestVote(1078)) - c521be71-924d-486e-9da9-f3a5438abd2c@group-B644FF3D61AF replies to ELECTION vote request: 393f4c54-f67b-44fe-81f5-8bfc2099cec7<-c521be71-924d-486e-9da9-f3a5438abd2c#0:FAIL-t1. Peer's state: c521be71-924d-486e-9da9-f3a5438abd2c@group-B644FF3D61AF:t1, leader=null, voted=c521be71-924d-486e-9da9-f3a5438abd2c, raftlog=c521be71-924d-486e-9da9-f3a5438abd2c@group-B644FF3D61AF-SegmentedRaftLog:OPENED:c-1, conf=-1: [393f4c54-f67b-44fe-81f5-8bfc2099cec7|rpc:10.1.0.9:34819|priority:1, c521be71-924d-486e-9da9-f3a5438abd2c|rpc:10.1.0.9:35291|priority:0, 2fe09f74-0f35-4dca-83ea-38d6e64c020a|rpc:10.1.0.9:46395|priority:0], old=null
2022-03-01 02:08:53,467 [grpc-default-executor-1] INFO  server.RaftServer$Division (RaftServerImpl.java:requestVote(1046)) - 2fe09f74-0f35-4dca-83ea-38d6e64c020a@group-B644FF3D61AF: receive requestVote(ELECTION, 393f4c54-f67b-44fe-81f5-8bfc2099cec7, group-B644FF3D61AF, 1, (t:0, i:0))
2022-03-01 02:08:53,467 [grpc-default-executor-1] INFO  impl.VoteContext (VoteContext.java:log(48)) - 2fe09f74-0f35-4dca-83ea-38d6e64c020a@group-B644FF3D61AF-FOLLOWER: reject ELECTION from 393f4c54-f67b-44fe-81f5-8bfc2099cec7: already has voted for c521be71-924d-486e-9da9-f3a5438abd2c at current term 1
2022-03-01 02:08:53,467 [grpc-default-executor-1] INFO  server.RaftServer$Division (RaftServerImpl.java:requestVote(1078)) - 2fe09f74-0f35-4dca-83ea-38d6e64c020a@group-B644FF3D61AF replies to ELECTION vote request: 393f4c54-f67b-44fe-81f5-8bfc2099cec7<-2fe09f74-0f35-4dca-83ea-38d6e64c020a#0:FAIL-t1. Peer's state: 2fe09f74-0f35-4dca-83ea-38d6e64c020a@group-B644FF3D61AF:t1, leader=null, voted=c521be71-924d-486e-9da9-f3a5438abd2c, raftlog=2fe09f74-0f35-4dca-83ea-38d6e64c020a@group-B644FF3D61AF-SegmentedRaftLog:OPENED:c-1, conf=-1: [393f4c54-f67b-44fe-81f5-8bfc2099cec7|rpc:10.1.0.9:34819|dataStream:|priority:1, c521be71-924d-486e-9da9-f3a5438abd2c|rpc:10.1.0.9:35291|dataStream:|priority:0, 2fe09f74-0f35-4dca-83ea-38d6e64c020a|rpc:10.1.0.9:46395|dataStream:|priority:0], old=null
2022-03-01 02:08:53,470 [393f4c54-f67b-44fe-81f5-8bfc2099cec7@group-B644FF3D61AF-LeaderElection35] INFO  impl.LeaderElection (LeaderElection.java:logAndReturn(89)) - 393f4c54-f67b-44fe-81f5-8bfc2099cec7@group-B644FF3D61AF-LeaderElection35: ELECTION REJECTED received 2 response(s) and 0 exception(s):
2022-03-01 02:08:53,470 [393f4c54-f67b-44fe-81f5-8bfc2099cec7@group-B644FF3D61AF-LeaderElection35] INFO  impl.LeaderElection (LeaderElection.java:logAndReturn(93)) -   Response 0: 393f4c54-f67b-44fe-81f5-8bfc2099cec7<-c521be71-924d-486e-9da9-f3a5438abd2c#0:FAIL-t1
2022-03-01 02:08:53,470 [393f4c54-f67b-44fe-81f5-8bfc2099cec7@group-B644FF3D61AF-LeaderElection35] INFO  impl.LeaderElection (LeaderElection.java:logAndReturn(93)) -   Response 1: 393f4c54-f67b-44fe-81f5-8bfc2099cec7<-2fe09f74-0f35-4dca-83ea-38d6e64c020a#0:FAIL-t1
2022-03-01 02:08:53,471 [393f4c54-f67b-44fe-81f5-8bfc2099cec7@group-B644FF3D61AF-LeaderElection35] INFO  impl.LeaderElection (LeaderElection.java:askForVotes(308)) - 393f4c54-f67b-44fe-81f5-8bfc2099cec7@group-B644FF3D61AF-LeaderElection35 ELECTION round 0: result REJECTED
2022-03-01 02:08:53,471 [393f4c54-f67b-44fe-81f5-8bfc2099cec7@group-B644FF3D61AF-LeaderElection35] INFO  server.RaftServer$Division (RaftServerImpl.java:setRole(290)) - 393f4c54-f67b-44fe-81f5-8bfc2099cec7@group-B644FF3D61AF: changes role from CANDIDATE to FOLLOWER at term 1 for REJECTED
2022-03-01 02:08:53,471 [393f4c54-f67b-44fe-81f5-8bfc2099cec7@group-B644FF3D61AF-LeaderElection35] INFO  impl.RoleInfo (RoleInfo.java:shutdownLeaderElection(121)) - 393f4c54-f67b-44fe-81f5-8bfc2099cec7: shutdown 393f4c54-f67b-44fe-81f5-8bfc2099cec7@group-B644FF3D61AF-LeaderElection35
2022-03-01 02:08:53,471 [393f4c54-f67b-44fe-81f5-8bfc2099cec7@group-B644FF3D61AF-LeaderElection35] INFO  impl.RoleInfo (RoleInfo.java:updateAndGet(130)) - 393f4c54-f67b-44fe-81f5-8bfc2099cec7: start 393f4c54-f67b-44fe-81f5-8bfc2099cec7@group-B644FF3D61AF-FollowerState
2022-03-01 02:08:53,479 [393f4c54-f67b-44fe-81f5-8bfc2099cec7@group-F5C184DC46B5-LeaderElection37] INFO  impl.LeaderElection (LeaderElection.java:askForVotes(306)) - 393f4c54-f67b-44fe-81f5-8bfc2099cec7@group-F5C184DC46B5-LeaderElection37 ELECTION round 0: submit vote requests at term 1 for -1: [393f4c54-f67b-44fe-81f5-8bfc2099cec7|rpc:10.1.0.9:34819|priority:1], old=null
2022-03-01 02:08:53,487 [393f4c54-f67b-44fe-81f5-8bfc2099cec7@group-F5C184DC46B5-LeaderElection37] INFO  impl.LeaderElection (LeaderElection.java:askForVotes(308)) - 393f4c54-f67b-44fe-81f5-8bfc2099cec7@group-F5C184DC46B5-LeaderElection37 ELECTION round 0: result PASSED (term=1)
2022-03-01 02:08:53,487 [393f4c54-f67b-44fe-81f5-8bfc2099cec7@group-F5C184DC46B5-LeaderElection37] INFO  impl.RoleInfo (RoleInfo.java:shutdownLeaderElection(121)) - 393f4c54-f67b-44fe-81f5-8bfc2099cec7: shutdown 393f4c54-f67b-44fe-81f5-8bfc2099cec7@group-F5C184DC46B5-LeaderElection37
2022-03-01 02:08:53,487 [393f4c54-f67b-44fe-81f5-8bfc2099cec7@group-F5C184DC46B5-LeaderElection37] INFO  server.RaftServer$Division (RaftServerImpl.java:setRole(290)) - 393f4c54-f67b-44fe-81f5-8bfc2099cec7@group-F5C184DC46B5: changes role from CANDIDATE to LEADER at term 1 for changeToLeader
2022-03-01 02:08:53,487 [393f4c54-f67b-44fe-81f5-8bfc2099cec7@group-F5C184DC46B5-LeaderElection37] INFO  ratis.XceiverServerRatis (XceiverServerRatis.java:handleLeaderChangedNotification(867)) - Leader change notification received for group: group-F5C184DC46B5 with new leaderId: 393f4c54-f67b-44fe-81f5-8bfc2099cec7
2022-03-01 02:08:53,487 [393f4c54-f67b-44fe-81f5-8bfc2099cec7@group-F5C184DC46B5-LeaderElection37] INFO  server.RaftServer$Division (ServerState.java:setLeader(285)) - 393f4c54-f67b-44fe-81f5-8bfc2099cec7@group-F5C184DC46B5: change Leader from null to 393f4c54-f67b-44fe-81f5-8bfc2099cec7 at term 1 for becomeLeader, leader elected after 5090ms
2022-03-01 02:08:53,488 [393f4c54-f67b-44fe-81f5-8bfc2099cec7@group-F5C184DC46B5-LeaderElection37] INFO  server.RaftServerConfigKeys (ConfUtils.java:logGet(44)) - raft.server.staging.catchup.gap = 1000 (default)
2022-03-01 02:08:53,488 [393f4c54-f67b-44fe-81f5-8bfc2099cec7@group-F5C184DC46B5-LeaderElection37] INFO  server.RaftServerConfigKeys (ConfUtils.java:logGet(44)) - raft.server.write.element-limit = 1024 (custom)
2022-03-01 02:08:53,488 [393f4c54-f67b-44fe-81f5-8bfc2099cec7@group-F5C184DC46B5-LeaderElection37] INFO  server.RaftServerConfigKeys (ConfUtils.java:logGet(44)) - raft.server.write.byte-limit = 1024 M (=1073741824) (custom)
2022-03-01 02:08:53,488 [393f4c54-f67b-44fe-81f5-8bfc2099cec7@group-F5C184DC46B5-LeaderElection37] INFO  server.RaftServerConfigKeys (ConfUtils.java:logGet(44)) - raft.server.watch.timeout = 180s (custom)
2022-03-01 02:08:53,488 [393f4c54-f67b-44fe-81f5-8bfc2099cec7@group-F5C184DC46B5-LeaderElection37] INFO  server.RaftServerConfigKeys (ConfUtils.java:logGet(44)) - raft.server.watch.timeout.denomination = 1s (default)
2022-03-01 02:08:53,488 [393f4c54-f67b-44fe-81f5-8bfc2099cec7@group-F5C184DC46B5-LeaderElection37] INFO  server.RaftServerConfigKeys (ConfUtils.java:logGet(44)) - raft.server.watch.element-limit = 65536 (default)
2022-03-01 02:08:53,488 [393f4c54-f67b-44fe-81f5-8bfc2099cec7@group-F5C184DC46B5-LeaderElection37] INFO  server.RaftServerConfigKeys (ConfUtils.java:logGet(44)) - raft.server.write.element-limit = 1024 (custom)
2022-03-01 02:08:53,488 [393f4c54-f67b-44fe-81f5-8bfc2099cec7@group-F5C184DC46B5-LeaderElection37] INFO  server.RaftServerConfigKeys (ConfUtils.java:logGet(44)) - raft.server.write.follower.gap.ratio.max = -1.0 (default)
2022-03-01 02:08:53,488 [393f4c54-f67b-44fe-81f5-8bfc2099cec7@group-F5C184DC46B5-LeaderElection37] INFO  impl.RoleInfo (RoleInfo.java:updateAndGet(130)) - 393f4c54-f67b-44fe-81f5-8bfc2099cec7: start 393f4c54-f67b-44fe-81f5-8bfc2099cec7@group-F5C184DC46B5-LeaderStateImpl
2022-03-01 02:08:53,489 [EventQueue-OpenPipelineForHealthyPipelineSafeModeRule] INFO  safemode.SCMSafeModeManager (HealthyPipelineSafeModeRule.java:process(124)) - SCM in safe mode. Healthy pipelines reported count is 0, required healthy pipeline reported count is 1
2022-03-01 02:08:53,489 [393f4c54-f67b-44fe-81f5-8bfc2099cec7@group-F5C184DC46B5-LeaderElection37] INFO  segmented.SegmentedRaftLogWorker (SegmentedRaftLogWorker.java:startLogSegment(394)) - 393f4c54-f67b-44fe-81f5-8bfc2099cec7@group-F5C184DC46B5-SegmentedRaftLogWorker: Starting segment from index:0
2022-03-01 02:08:53,492 [393f4c54-f67b-44fe-81f5-8bfc2099cec7@group-F5C184DC46B5-SegmentedRaftLogWorker] INFO  segmented.SegmentedRaftLogWorker (SegmentedRaftLogWorker.java:execute(601)) - 393f4c54-f67b-44fe-81f5-8bfc2099cec7@group-F5C184DC46B5-SegmentedRaftLogWorker: created new log segment /home/runner/work/ozone/ozone/hadoop-ozone/integration-test/target/test-dir/MiniOzoneClusterImpl-4a905738-de8a-4f79-b951-dc63c6cec1e7/datanode-1/data/ratis/9abfdbb1-8ec8-4e39-88f6-f5c184dc46b5/current/log_inprogress_0
2022-03-01 02:08:53,495 [393f4c54-f67b-44fe-81f5-8bfc2099cec7@group-F5C184DC46B5-LeaderElection37] INFO  server.RaftServer$Division (ServerState.java:setRaftConf(387)) - 393f4c54-f67b-44fe-81f5-8bfc2099cec7@group-F5C184DC46B5: set configuration 0: [393f4c54-f67b-44fe-81f5-8bfc2099cec7|rpc:10.1.0.9:34819|dataStream:|priority:1], old=null
2022-03-01 02:08:53,662 [Listener at 127.0.0.1/45865] INFO  ozone.MiniOzoneClusterImpl (MiniOzoneClusterImpl.java:lambda$waitForClusterToBeReady$0(219)) - Nodes are ready. Got 3 of 3 DN Heartbeats.
2022-03-01 02:08:53,663 [Listener at 127.0.0.1/45865] INFO  ozone.MiniOzoneClusterImpl (MiniOzoneClusterImpl.java:lambda$waitForClusterToBeReady$0(222)) - Waiting for cluster to exit safe mode
2022-03-01 02:08:53,663 [Listener at 127.0.0.1/45865] INFO  ozone.MiniOzoneClusterImpl (MiniOzoneClusterImpl.java:lambda$waitForClusterToBeReady$0(224)) - SCM became leader
2022-03-01 02:08:53,733 [2fe09f74-0f35-4dca-83ea-38d6e64c020a@group-9B56DD789725-FollowerState] INFO  impl.FollowerState (FollowerState.java:run(134)) - 2fe09f74-0f35-4dca-83ea-38d6e64c020a@group-9B56DD789725-FollowerState: change to CANDIDATE, lastRpcElapsedTime:5032561771ns, electionTimeout:5029ms
2022-03-01 02:08:53,733 [2fe09f74-0f35-4dca-83ea-38d6e64c020a@group-9B56DD789725-FollowerState] INFO  impl.RoleInfo (RoleInfo.java:shutdownFollowerState(108)) - 2fe09f74-0f35-4dca-83ea-38d6e64c020a: shutdown 2fe09f74-0f35-4dca-83ea-38d6e64c020a@group-9B56DD789725-FollowerState
2022-03-01 02:08:53,733 [2fe09f74-0f35-4dca-83ea-38d6e64c020a@group-9B56DD789725-FollowerState] INFO  server.RaftServer$Division (RaftServerImpl.java:setRole(290)) - 2fe09f74-0f35-4dca-83ea-38d6e64c020a@group-9B56DD789725: changes role from  FOLLOWER to CANDIDATE at term 0 for changeToCandidate
2022-03-01 02:08:53,734 [2fe09f74-0f35-4dca-83ea-38d6e64c020a@group-9B56DD789725-FollowerState] INFO  server.RaftServerConfigKeys (ConfUtils.java:logGet(44)) - raft.server.leaderelection.pre-vote = false (custom)
2022-03-01 02:08:53,734 [2fe09f74-0f35-4dca-83ea-38d6e64c020a@group-9B56DD789725-FollowerState] INFO  impl.RoleInfo (RoleInfo.java:updateAndGet(130)) - 2fe09f74-0f35-4dca-83ea-38d6e64c020a: start 2fe09f74-0f35-4dca-83ea-38d6e64c020a@group-9B56DD789725-LeaderElection38
2022-03-01 02:08:53,765 [2fe09f74-0f35-4dca-83ea-38d6e64c020a@group-9B56DD789725-LeaderElection38] INFO  impl.LeaderElection (LeaderElection.java:askForVotes(306)) - 2fe09f74-0f35-4dca-83ea-38d6e64c020a@group-9B56DD789725-LeaderElection38 ELECTION round 0: submit vote requests at term 1 for -1: [2fe09f74-0f35-4dca-83ea-38d6e64c020a|rpc:10.1.0.9:46395|priority:1], old=null
2022-03-01 02:08:53,765 [2fe09f74-0f35-4dca-83ea-38d6e64c020a@group-9B56DD789725-LeaderElection38] INFO  impl.LeaderElection (LeaderElection.java:askForVotes(308)) - 2fe09f74-0f35-4dca-83ea-38d6e64c020a@group-9B56DD789725-LeaderElection38 ELECTION round 0: result PASSED (term=1)
2022-03-01 02:08:53,765 [2fe09f74-0f35-4dca-83ea-38d6e64c020a@group-9B56DD789725-LeaderElection38] INFO  impl.RoleInfo (RoleInfo.java:shutdownLeaderElection(121)) - 2fe09f74-0f35-4dca-83ea-38d6e64c020a: shutdown 2fe09f74-0f35-4dca-83ea-38d6e64c020a@group-9B56DD789725-LeaderElection38
2022-03-01 02:08:53,765 [2fe09f74-0f35-4dca-83ea-38d6e64c020a@group-9B56DD789725-LeaderElection38] INFO  server.RaftServer$Division (RaftServerImpl.java:setRole(290)) - 2fe09f74-0f35-4dca-83ea-38d6e64c020a@group-9B56DD789725: changes role from CANDIDATE to LEADER at term 1 for changeToLeader
2022-03-01 02:08:53,765 [2fe09f74-0f35-4dca-83ea-38d6e64c020a@group-9B56DD789725-LeaderElection38] INFO  ratis.XceiverServerRatis (XceiverServerRatis.java:handleLeaderChangedNotification(867)) - Leader change notification received for group: group-9B56DD789725 with new leaderId: 2fe09f74-0f35-4dca-83ea-38d6e64c020a
2022-03-01 02:08:53,766 [2fe09f74-0f35-4dca-83ea-38d6e64c020a@group-9B56DD789725-LeaderElection38] INFO  server.RaftServer$Division (ServerState.java:setLeader(285)) - 2fe09f74-0f35-4dca-83ea-38d6e64c020a@group-9B56DD789725: change Leader from null to 2fe09f74-0f35-4dca-83ea-38d6e64c020a at term 1 for becomeLeader, leader elected after 5073ms
2022-03-01 02:08:53,766 [2fe09f74-0f35-4dca-83ea-38d6e64c020a@group-9B56DD789725-LeaderElection38] INFO  server.RaftServerConfigKeys (ConfUtils.java:logGet(44)) - raft.server.staging.catchup.gap = 1000 (default)
2022-03-01 02:08:53,766 [2fe09f74-0f35-4dca-83ea-38d6e64c020a@group-9B56DD789725-LeaderElection38] INFO  server.RaftServerConfigKeys (ConfUtils.java:logGet(44)) - raft.server.write.element-limit = 1024 (custom)
2022-03-01 02:08:53,766 [2fe09f74-0f35-4dca-83ea-38d6e64c020a@group-9B56DD789725-LeaderElection38] INFO  server.RaftServerConfigKeys (ConfUtils.java:logGet(44)) - raft.server.write.byte-limit = 1024 M (=1073741824) (custom)
2022-03-01 02:08:53,766 [2fe09f74-0f35-4dca-83ea-38d6e64c020a@group-9B56DD789725-LeaderElection38] INFO  server.RaftServerConfigKeys (ConfUtils.java:logGet(44)) - raft.server.watch.timeout = 180s (custom)
2022-03-01 02:08:53,766 [2fe09f74-0f35-4dca-83ea-38d6e64c020a@group-9B56DD789725-LeaderElection38] INFO  server.RaftServerConfigKeys (ConfUtils.java:logGet(44)) - raft.server.watch.timeout.denomination = 1s (default)
2022-03-01 02:08:53,766 [2fe09f74-0f35-4dca-83ea-38d6e64c020a@group-9B56DD789725-LeaderElection38] INFO  server.RaftServerConfigKeys (ConfUtils.java:logGet(44)) - raft.server.watch.element-limit = 65536 (default)
2022-03-01 02:08:53,766 [2fe09f74-0f35-4dca-83ea-38d6e64c020a@group-9B56DD789725-LeaderElection38] INFO  server.RaftServerConfigKeys (ConfUtils.java:logGet(44)) - raft.server.write.element-limit = 1024 (custom)
2022-03-01 02:08:53,766 [2fe09f74-0f35-4dca-83ea-38d6e64c020a@group-9B56DD789725-LeaderElection38] INFO  server.RaftServerConfigKeys (ConfUtils.java:logGet(44)) - raft.server.write.follower.gap.ratio.max = -1.0 (default)
2022-03-01 02:08:53,766 [2fe09f74-0f35-4dca-83ea-38d6e64c020a@group-9B56DD789725-LeaderElection38] INFO  impl.RoleInfo (RoleInfo.java:updateAndGet(130)) - 2fe09f74-0f35-4dca-83ea-38d6e64c020a: start 2fe09f74-0f35-4dca-83ea-38d6e64c020a@group-9B56DD789725-LeaderStateImpl
2022-03-01 02:08:53,767 [2fe09f74-0f35-4dca-83ea-38d6e64c020a@group-9B56DD789725-LeaderElection38] INFO  segmented.SegmentedRaftLogWorker (SegmentedRaftLogWorker.java:startLogSegment(394)) - 2fe09f74-0f35-4dca-83ea-38d6e64c020a@group-9B56DD789725-SegmentedRaftLogWorker: Starting segment from index:0
2022-03-01 02:08:53,768 [EventQueue-OpenPipelineForHealthyPipelineSafeModeRule] INFO  safemode.SCMSafeModeManager (HealthyPipelineSafeModeRule.java:process(124)) - SCM in safe mode. Healthy pipelines reported count is 0, required healthy pipeline reported count is 1
2022-03-01 02:08:53,770 [2fe09f74-0f35-4dca-83ea-38d6e64c020a@group-9B56DD789725-SegmentedRaftLogWorker] INFO  segmented.SegmentedRaftLogWorker (SegmentedRaftLogWorker.java:execute(601)) - 2fe09f74-0f35-4dca-83ea-38d6e64c020a@group-9B56DD789725-SegmentedRaftLogWorker: created new log segment /home/runner/work/ozone/ozone/hadoop-ozone/integration-test/target/test-dir/MiniOzoneClusterImpl-4a905738-de8a-4f79-b951-dc63c6cec1e7/datanode-2/data/ratis/9eefe6dc-5b2d-4bcd-b8e4-9b56dd789725/current/log_inprogress_0
2022-03-01 02:08:53,784 [2fe09f74-0f35-4dca-83ea-38d6e64c020a@group-9B56DD789725-LeaderElection38] INFO  server.RaftServer$Division (ServerState.java:setRaftConf(387)) - 2fe09f74-0f35-4dca-83ea-38d6e64c020a@group-9B56DD789725: set configuration 0: [2fe09f74-0f35-4dca-83ea-38d6e64c020a|rpc:10.1.0.9:46395|dataStream:|priority:1], old=null
2022-03-01 02:08:54,663 [Listener at 127.0.0.1/45865] INFO  ozone.MiniOzoneClusterImpl (MiniOzoneClusterImpl.java:lambda$waitForClusterToBeReady$0(219)) - Nodes are ready. Got 3 of 3 DN Heartbeats.
2022-03-01 02:08:54,663 [Listener at 127.0.0.1/45865] INFO  ozone.MiniOzoneClusterImpl (MiniOzoneClusterImpl.java:lambda$waitForClusterToBeReady$0(222)) - Waiting for cluster to exit safe mode
2022-03-01 02:08:54,663 [Listener at 127.0.0.1/45865] INFO  ozone.MiniOzoneClusterImpl (MiniOzoneClusterImpl.java:lambda$waitForClusterToBeReady$0(224)) - SCM became leader
2022-03-01 02:08:55,664 [Listener at 127.0.0.1/45865] INFO  ozone.MiniOzoneClusterImpl (MiniOzoneClusterImpl.java:lambda$waitForClusterToBeReady$0(219)) - Nodes are ready. Got 3 of 3 DN Heartbeats.
2022-03-01 02:08:55,664 [Listener at 127.0.0.1/45865] INFO  ozone.MiniOzoneClusterImpl (MiniOzoneClusterImpl.java:lambda$waitForClusterToBeReady$0(222)) - Waiting for cluster to exit safe mode
2022-03-01 02:08:55,664 [Listener at 127.0.0.1/45865] INFO  ozone.MiniOzoneClusterImpl (MiniOzoneClusterImpl.java:lambda$waitForClusterToBeReady$0(224)) - SCM became leader
2022-03-01 02:08:56,664 [Listener at 127.0.0.1/45865] INFO  ozone.MiniOzoneClusterImpl (MiniOzoneClusterImpl.java:lambda$waitForClusterToBeReady$0(219)) - Nodes are ready. Got 3 of 3 DN Heartbeats.
2022-03-01 02:08:56,665 [Listener at 127.0.0.1/45865] INFO  ozone.MiniOzoneClusterImpl (MiniOzoneClusterImpl.java:lambda$waitForClusterToBeReady$0(222)) - Waiting for cluster to exit safe mode
2022-03-01 02:08:56,665 [Listener at 127.0.0.1/45865] INFO  ozone.MiniOzoneClusterImpl (MiniOzoneClusterImpl.java:lambda$waitForClusterToBeReady$0(224)) - SCM became leader
2022-03-01 02:08:57,665 [Listener at 127.0.0.1/45865] INFO  ozone.MiniOzoneClusterImpl (MiniOzoneClusterImpl.java:lambda$waitForClusterToBeReady$0(219)) - Nodes are ready. Got 3 of 3 DN Heartbeats.
2022-03-01 02:08:57,665 [Listener at 127.0.0.1/45865] INFO  ozone.MiniOzoneClusterImpl (MiniOzoneClusterImpl.java:lambda$waitForClusterToBeReady$0(222)) - Waiting for cluster to exit safe mode
2022-03-01 02:08:57,665 [Listener at 127.0.0.1/45865] INFO  ozone.MiniOzoneClusterImpl (MiniOzoneClusterImpl.java:lambda$waitForClusterToBeReady$0(224)) - SCM became leader
2022-03-01 02:08:58,090 [c521be71-924d-486e-9da9-f3a5438abd2c@group-D758006F8883-FollowerState] INFO  impl.FollowerState (FollowerState.java:run(134)) - c521be71-924d-486e-9da9-f3a5438abd2c@group-D758006F8883-FollowerState: change to CANDIDATE, lastRpcElapsedTime:5054276864ns, electionTimeout:5046ms
2022-03-01 02:08:58,090 [c521be71-924d-486e-9da9-f3a5438abd2c@group-D758006F8883-FollowerState] INFO  impl.RoleInfo (RoleInfo.java:shutdownFollowerState(108)) - c521be71-924d-486e-9da9-f3a5438abd2c: shutdown c521be71-924d-486e-9da9-f3a5438abd2c@group-D758006F8883-FollowerState
2022-03-01 02:08:58,090 [c521be71-924d-486e-9da9-f3a5438abd2c@group-D758006F8883-FollowerState] INFO  server.RaftServer$Division (RaftServerImpl.java:setRole(290)) - c521be71-924d-486e-9da9-f3a5438abd2c@group-D758006F8883: changes role from  FOLLOWER to CANDIDATE at term 1 for changeToCandidate
2022-03-01 02:08:58,090 [c521be71-924d-486e-9da9-f3a5438abd2c@group-D758006F8883-FollowerState] INFO  server.RaftServerConfigKeys (ConfUtils.java:logGet(44)) - raft.server.leaderelection.pre-vote = false (custom)
2022-03-01 02:08:58,090 [c521be71-924d-486e-9da9-f3a5438abd2c@group-D758006F8883-FollowerState] INFO  impl.RoleInfo (RoleInfo.java:updateAndGet(130)) - c521be71-924d-486e-9da9-f3a5438abd2c: start c521be71-924d-486e-9da9-f3a5438abd2c@group-D758006F8883-LeaderElection39
2022-03-01 02:08:58,122 [c521be71-924d-486e-9da9-f3a5438abd2c@group-D758006F8883-LeaderElection39] INFO  impl.LeaderElection (LeaderElection.java:askForVotes(306)) - c521be71-924d-486e-9da9-f3a5438abd2c@group-D758006F8883-LeaderElection39 ELECTION round 0: submit vote requests at term 2 for -1: [393f4c54-f67b-44fe-81f5-8bfc2099cec7|rpc:10.1.0.9:34819|priority:0, c521be71-924d-486e-9da9-f3a5438abd2c|rpc:10.1.0.9:35291|priority:0, 2fe09f74-0f35-4dca-83ea-38d6e64c020a|rpc:10.1.0.9:46395|priority:1], old=null
2022-03-01 02:08:58,127 [grpc-default-executor-1] INFO  server.RaftServer$Division (RaftServerImpl.java:requestVote(1046)) - 393f4c54-f67b-44fe-81f5-8bfc2099cec7@group-D758006F8883: receive requestVote(ELECTION, c521be71-924d-486e-9da9-f3a5438abd2c, group-D758006F8883, 2, (t:0, i:0))
2022-03-01 02:08:58,128 [grpc-default-executor-1] INFO  impl.VoteContext (VoteContext.java:log(48)) - 393f4c54-f67b-44fe-81f5-8bfc2099cec7@group-D758006F8883-FOLLOWER: accept ELECTION from c521be71-924d-486e-9da9-f3a5438abd2c: our priority 0 <= candidate's priority 0
2022-03-01 02:08:58,128 [grpc-default-executor-1] INFO  server.RaftServer$Division (RaftServerImpl.java:setRole(290)) - 393f4c54-f67b-44fe-81f5-8bfc2099cec7@group-D758006F8883: changes role from  FOLLOWER to FOLLOWER at term 2 for candidate:c521be71-924d-486e-9da9-f3a5438abd2c
2022-03-01 02:08:58,128 [grpc-default-executor-1] INFO  impl.RoleInfo (RoleInfo.java:shutdownFollowerState(108)) - 393f4c54-f67b-44fe-81f5-8bfc2099cec7: shutdown 393f4c54-f67b-44fe-81f5-8bfc2099cec7@group-D758006F8883-FollowerState
2022-03-01 02:08:58,128 [grpc-default-executor-1] INFO  impl.RoleInfo (RoleInfo.java:updateAndGet(130)) - 393f4c54-f67b-44fe-81f5-8bfc2099cec7: start 393f4c54-f67b-44fe-81f5-8bfc2099cec7@group-D758006F8883-FollowerState
2022-03-01 02:08:58,128 [grpc-default-executor-2] INFO  server.RaftServer$Division (RaftServerImpl.java:requestVote(1046)) - 2fe09f74-0f35-4dca-83ea-38d6e64c020a@group-D758006F8883: receive requestVote(ELECTION, c521be71-924d-486e-9da9-f3a5438abd2c, group-D758006F8883, 2, (t:0, i:0))
2022-03-01 02:08:58,128 [grpc-default-executor-2] INFO  impl.VoteContext (VoteContext.java:log(48)) - 2fe09f74-0f35-4dca-83ea-38d6e64c020a@group-D758006F8883-FOLLOWER: reject ELECTION from c521be71-924d-486e-9da9-f3a5438abd2c: our priority 1 > candidate's priority 0
2022-03-01 02:08:58,128 [grpc-default-executor-2] INFO  server.RaftServer$Division (RaftServerImpl.java:setRole(290)) - 2fe09f74-0f35-4dca-83ea-38d6e64c020a@group-D758006F8883: changes role from  FOLLOWER to FOLLOWER at term 2 for candidate:c521be71-924d-486e-9da9-f3a5438abd2c
2022-03-01 02:08:58,128 [grpc-default-executor-2] INFO  impl.RoleInfo (RoleInfo.java:shutdownFollowerState(108)) - 2fe09f74-0f35-4dca-83ea-38d6e64c020a: shutdown 2fe09f74-0f35-4dca-83ea-38d6e64c020a@group-D758006F8883-FollowerState
2022-03-01 02:08:58,128 [393f4c54-f67b-44fe-81f5-8bfc2099cec7@group-D758006F8883-FollowerState] INFO  impl.FollowerState (FollowerState.java:run(143)) - 393f4c54-f67b-44fe-81f5-8bfc2099cec7@group-D758006F8883-FollowerState was interrupted: {}
java.lang.InterruptedException: sleep interrupted
	at java.lang.Thread.sleep(Native Method)
	at java.lang.Thread.sleep(Thread.java:342)
	at java.util.concurrent.TimeUnit.sleep(TimeUnit.java:386)
	at org.apache.ratis.util.TimeDuration.sleep(TimeDuration.java:324)
	at org.apache.ratis.util.TimeDuration.sleep(TimeDuration.java:309)
	at org.apache.ratis.server.impl.FollowerState.run(FollowerState.java:118)
2022-03-01 02:08:58,132 [grpc-default-executor-1] INFO  server.RaftServer$Division (RaftServerImpl.java:requestVote(1078)) - 393f4c54-f67b-44fe-81f5-8bfc2099cec7@group-D758006F8883 replies to ELECTION vote request: c521be71-924d-486e-9da9-f3a5438abd2c<-393f4c54-f67b-44fe-81f5-8bfc2099cec7#0:OK-t2. Peer's state: 393f4c54-f67b-44fe-81f5-8bfc2099cec7@group-D758006F8883:t2, leader=null, voted=c521be71-924d-486e-9da9-f3a5438abd2c, raftlog=393f4c54-f67b-44fe-81f5-8bfc2099cec7@group-D758006F8883-SegmentedRaftLog:OPENED:c-1, conf=-1: [393f4c54-f67b-44fe-81f5-8bfc2099cec7|rpc:10.1.0.9:34819|dataStream:|priority:0, c521be71-924d-486e-9da9-f3a5438abd2c|rpc:10.1.0.9:35291|dataStream:|priority:0, 2fe09f74-0f35-4dca-83ea-38d6e64c020a|rpc:10.1.0.9:46395|dataStream:|priority:1], old=null
2022-03-01 02:08:58,148 [2fe09f74-0f35-4dca-83ea-38d6e64c020a@group-D758006F8883-FollowerState] INFO  impl.FollowerState (FollowerState.java:run(143)) - 2fe09f74-0f35-4dca-83ea-38d6e64c020a@group-D758006F8883-FollowerState was interrupted: {}
java.lang.InterruptedException: sleep interrupted
	at java.lang.Thread.sleep(Native Method)
	at java.lang.Thread.sleep(Thread.java:342)
	at java.util.concurrent.TimeUnit.sleep(TimeUnit.java:386)
	at org.apache.ratis.util.TimeDuration.sleep(TimeDuration.java:324)
	at org.apache.ratis.util.TimeDuration.sleep(TimeDuration.java:309)
	at org.apache.ratis.server.impl.FollowerState.run(FollowerState.java:118)
2022-03-01 02:08:58,148 [grpc-default-executor-2] INFO  impl.RoleInfo (RoleInfo.java:updateAndGet(130)) - 2fe09f74-0f35-4dca-83ea-38d6e64c020a: start 2fe09f74-0f35-4dca-83ea-38d6e64c020a@group-D758006F8883-FollowerState
2022-03-01 02:08:58,155 [grpc-default-executor-2] INFO  server.RaftServer$Division (RaftServerImpl.java:requestVote(1078)) - 2fe09f74-0f35-4dca-83ea-38d6e64c020a@group-D758006F8883 replies to ELECTION vote request: c521be71-924d-486e-9da9-f3a5438abd2c<-2fe09f74-0f35-4dca-83ea-38d6e64c020a#0:FAIL-t2. Peer's state: 2fe09f74-0f35-4dca-83ea-38d6e64c020a@group-D758006F8883:t2, leader=null, voted=null, raftlog=2fe09f74-0f35-4dca-83ea-38d6e64c020a@group-D758006F8883-SegmentedRaftLog:OPENED:c-1, conf=-1: [393f4c54-f67b-44fe-81f5-8bfc2099cec7|rpc:10.1.0.9:34819|dataStream:|priority:0, c521be71-924d-486e-9da9-f3a5438abd2c|rpc:10.1.0.9:35291|dataStream:|priority:0, 2fe09f74-0f35-4dca-83ea-38d6e64c020a|rpc:10.1.0.9:46395|dataStream:|priority:1], old=null
2022-03-01 02:08:58,156 [c521be71-924d-486e-9da9-f3a5438abd2c@group-D758006F8883-LeaderElection39] INFO  impl.LeaderElection (LeaderElection.java:logAndReturn(89)) - c521be71-924d-486e-9da9-f3a5438abd2c@group-D758006F8883-LeaderElection39: ELECTION REJECTED received 2 response(s) and 0 exception(s):
2022-03-01 02:08:58,156 [c521be71-924d-486e-9da9-f3a5438abd2c@group-D758006F8883-LeaderElection39] INFO  impl.LeaderElection (LeaderElection.java:logAndReturn(93)) -   Response 0: c521be71-924d-486e-9da9-f3a5438abd2c<-393f4c54-f67b-44fe-81f5-8bfc2099cec7#0:OK-t2
2022-03-01 02:08:58,156 [c521be71-924d-486e-9da9-f3a5438abd2c@group-D758006F8883-LeaderElection39] INFO  impl.LeaderElection (LeaderElection.java:logAndReturn(93)) -   Response 1: c521be71-924d-486e-9da9-f3a5438abd2c<-2fe09f74-0f35-4dca-83ea-38d6e64c020a#0:FAIL-t2
2022-03-01 02:08:58,157 [c521be71-924d-486e-9da9-f3a5438abd2c@group-D758006F8883-LeaderElection39] INFO  impl.LeaderElection (LeaderElection.java:askForVotes(308)) - c521be71-924d-486e-9da9-f3a5438abd2c@group-D758006F8883-LeaderElection39 ELECTION round 0: result REJECTED
2022-03-01 02:08:58,157 [c521be71-924d-486e-9da9-f3a5438abd2c@group-D758006F8883-LeaderElection39] INFO  server.RaftServer$Division (RaftServerImpl.java:setRole(290)) - c521be71-924d-486e-9da9-f3a5438abd2c@group-D758006F8883: changes role from CANDIDATE to FOLLOWER at term 2 for REJECTED
2022-03-01 02:08:58,157 [c521be71-924d-486e-9da9-f3a5438abd2c@group-D758006F8883-LeaderElection39] INFO  impl.RoleInfo (RoleInfo.java:shutdownLeaderElection(121)) - c521be71-924d-486e-9da9-f3a5438abd2c: shutdown c521be71-924d-486e-9da9-f3a5438abd2c@group-D758006F8883-LeaderElection39
2022-03-01 02:08:58,157 [c521be71-924d-486e-9da9-f3a5438abd2c@group-D758006F8883-LeaderElection39] INFO  impl.RoleInfo (RoleInfo.java:updateAndGet(130)) - c521be71-924d-486e-9da9-f3a5438abd2c: start c521be71-924d-486e-9da9-f3a5438abd2c@group-D758006F8883-FollowerState
2022-03-01 02:08:58,544 [2fe09f74-0f35-4dca-83ea-38d6e64c020a@group-B644FF3D61AF-FollowerState] INFO  impl.FollowerState (FollowerState.java:run(134)) - 2fe09f74-0f35-4dca-83ea-38d6e64c020a@group-B644FF3D61AF-FollowerState: change to CANDIDATE, lastRpcElapsedTime:5143988792ns, electionTimeout:5092ms
2022-03-01 02:08:58,548 [2fe09f74-0f35-4dca-83ea-38d6e64c020a@group-B644FF3D61AF-FollowerState] INFO  impl.RoleInfo (RoleInfo.java:shutdownFollowerState(108)) - 2fe09f74-0f35-4dca-83ea-38d6e64c020a: shutdown 2fe09f74-0f35-4dca-83ea-38d6e64c020a@group-B644FF3D61AF-FollowerState
2022-03-01 02:08:58,548 [2fe09f74-0f35-4dca-83ea-38d6e64c020a@group-B644FF3D61AF-FollowerState] INFO  server.RaftServer$Division (RaftServerImpl.java:setRole(290)) - 2fe09f74-0f35-4dca-83ea-38d6e64c020a@group-B644FF3D61AF: changes role from  FOLLOWER to CANDIDATE at term 1 for changeToCandidate
2022-03-01 02:08:58,548 [2fe09f74-0f35-4dca-83ea-38d6e64c020a@group-B644FF3D61AF-FollowerState] INFO  server.RaftServerConfigKeys (ConfUtils.java:logGet(44)) - raft.server.leaderelection.pre-vote = false (custom)
2022-03-01 02:08:58,549 [2fe09f74-0f35-4dca-83ea-38d6e64c020a@group-B644FF3D61AF-FollowerState] INFO  impl.RoleInfo (RoleInfo.java:updateAndGet(130)) - 2fe09f74-0f35-4dca-83ea-38d6e64c020a: start 2fe09f74-0f35-4dca-83ea-38d6e64c020a@group-B644FF3D61AF-LeaderElection40
2022-03-01 02:08:58,561 [2fe09f74-0f35-4dca-83ea-38d6e64c020a@group-B644FF3D61AF-LeaderElection40] INFO  impl.LeaderElection (LeaderElection.java:askForVotes(306)) - 2fe09f74-0f35-4dca-83ea-38d6e64c020a@group-B644FF3D61AF-LeaderElection40 ELECTION round 0: submit vote requests at term 2 for -1: [393f4c54-f67b-44fe-81f5-8bfc2099cec7|rpc:10.1.0.9:34819|dataStream:|priority:1, c521be71-924d-486e-9da9-f3a5438abd2c|rpc:10.1.0.9:35291|dataStream:|priority:0, 2fe09f74-0f35-4dca-83ea-38d6e64c020a|rpc:10.1.0.9:46395|dataStream:|priority:0], old=null
2022-03-01 02:08:58,567 [grpc-default-executor-2] INFO  server.RaftServer$Division (RaftServerImpl.java:requestVote(1046)) - 393f4c54-f67b-44fe-81f5-8bfc2099cec7@group-B644FF3D61AF: receive requestVote(ELECTION, 2fe09f74-0f35-4dca-83ea-38d6e64c020a, group-B644FF3D61AF, 2, (t:0, i:0))
2022-03-01 02:08:58,567 [grpc-default-executor-2] INFO  impl.VoteContext (VoteContext.java:log(48)) - 393f4c54-f67b-44fe-81f5-8bfc2099cec7@group-B644FF3D61AF-FOLLOWER: reject ELECTION from 2fe09f74-0f35-4dca-83ea-38d6e64c020a: our priority 1 > candidate's priority 0
2022-03-01 02:08:58,567 [grpc-default-executor-2] INFO  server.RaftServer$Division (RaftServerImpl.java:setRole(290)) - 393f4c54-f67b-44fe-81f5-8bfc2099cec7@group-B644FF3D61AF: changes role from  FOLLOWER to FOLLOWER at term 2 for candidate:2fe09f74-0f35-4dca-83ea-38d6e64c020a
2022-03-01 02:08:58,567 [grpc-default-executor-2] INFO  impl.RoleInfo (RoleInfo.java:shutdownFollowerState(108)) - 393f4c54-f67b-44fe-81f5-8bfc2099cec7: shutdown 393f4c54-f67b-44fe-81f5-8bfc2099cec7@group-B644FF3D61AF-FollowerState
2022-03-01 02:08:58,567 [grpc-default-executor-2] INFO  impl.RoleInfo (RoleInfo.java:updateAndGet(130)) - 393f4c54-f67b-44fe-81f5-8bfc2099cec7: start 393f4c54-f67b-44fe-81f5-8bfc2099cec7@group-B644FF3D61AF-FollowerState
2022-03-01 02:08:58,568 [393f4c54-f67b-44fe-81f5-8bfc2099cec7@group-B644FF3D61AF-FollowerState] INFO  impl.FollowerState (FollowerState.java:run(143)) - 393f4c54-f67b-44fe-81f5-8bfc2099cec7@group-B644FF3D61AF-FollowerState was interrupted: {}
java.lang.InterruptedException: sleep interrupted
	at java.lang.Thread.sleep(Native Method)
	at java.lang.Thread.sleep(Thread.java:342)
	at java.util.concurrent.TimeUnit.sleep(TimeUnit.java:386)
	at org.apache.ratis.util.TimeDuration.sleep(TimeDuration.java:324)
	at org.apache.ratis.util.TimeDuration.sleep(TimeDuration.java:309)
	at org.apache.ratis.server.impl.FollowerState.run(FollowerState.java:118)
2022-03-01 02:08:58,569 [grpc-default-executor-2] INFO  server.RaftServer$Division (RaftServerImpl.java:requestVote(1078)) - 393f4c54-f67b-44fe-81f5-8bfc2099cec7@group-B644FF3D61AF replies to ELECTION vote request: 2fe09f74-0f35-4dca-83ea-38d6e64c020a<-393f4c54-f67b-44fe-81f5-8bfc2099cec7#0:FAIL-t2. Peer's state: 393f4c54-f67b-44fe-81f5-8bfc2099cec7@group-B644FF3D61AF:t2, leader=null, voted=null, raftlog=393f4c54-f67b-44fe-81f5-8bfc2099cec7@group-B644FF3D61AF-SegmentedRaftLog:OPENED:c-1, conf=-1: [393f4c54-f67b-44fe-81f5-8bfc2099cec7|rpc:10.1.0.9:34819|dataStream:|priority:1, c521be71-924d-486e-9da9-f3a5438abd2c|rpc:10.1.0.9:35291|dataStream:|priority:0, 2fe09f74-0f35-4dca-83ea-38d6e64c020a|rpc:10.1.0.9:46395|dataStream:|priority:0], old=null
2022-03-01 02:08:58,604 [c521be71-924d-486e-9da9-f3a5438abd2c@group-B644FF3D61AF-FollowerState] INFO  impl.FollowerState (FollowerState.java:run(134)) - c521be71-924d-486e-9da9-f3a5438abd2c@group-B644FF3D61AF-FollowerState: change to CANDIDATE, lastRpcElapsedTime:5193850666ns, electionTimeout:5156ms
2022-03-01 02:08:58,604 [c521be71-924d-486e-9da9-f3a5438abd2c@group-B644FF3D61AF-FollowerState] INFO  impl.RoleInfo (RoleInfo.java:shutdownFollowerState(108)) - c521be71-924d-486e-9da9-f3a5438abd2c: shutdown c521be71-924d-486e-9da9-f3a5438abd2c@group-B644FF3D61AF-FollowerState
2022-03-01 02:08:58,604 [c521be71-924d-486e-9da9-f3a5438abd2c@group-B644FF3D61AF-FollowerState] INFO  server.RaftServer$Division (RaftServerImpl.java:setRole(290)) - c521be71-924d-486e-9da9-f3a5438abd2c@group-B644FF3D61AF: changes role from  FOLLOWER to CANDIDATE at term 1 for changeToCandidate
2022-03-01 02:08:58,604 [c521be71-924d-486e-9da9-f3a5438abd2c@group-B644FF3D61AF-FollowerState] INFO  server.RaftServerConfigKeys (ConfUtils.java:logGet(44)) - raft.server.leaderelection.pre-vote = false (custom)
2022-03-01 02:08:58,604 [c521be71-924d-486e-9da9-f3a5438abd2c@group-B644FF3D61AF-FollowerState] INFO  impl.RoleInfo (RoleInfo.java:updateAndGet(130)) - c521be71-924d-486e-9da9-f3a5438abd2c: start c521be71-924d-486e-9da9-f3a5438abd2c@group-B644FF3D61AF-LeaderElection41
2022-03-01 02:08:58,618 [grpc-default-executor-2] INFO  server.RaftServer$Division (RaftServerImpl.java:requestVote(1046)) - c521be71-924d-486e-9da9-f3a5438abd2c@group-B644FF3D61AF: receive requestVote(ELECTION, 2fe09f74-0f35-4dca-83ea-38d6e64c020a, group-B644FF3D61AF, 2, (t:0, i:0))
2022-03-01 02:08:58,622 [grpc-default-executor-2] INFO  impl.VoteContext (VoteContext.java:log(48)) - c521be71-924d-486e-9da9-f3a5438abd2c@group-B644FF3D61AF-CANDIDATE: accept ELECTION from 2fe09f74-0f35-4dca-83ea-38d6e64c020a: our priority 0 <= candidate's priority 0
2022-03-01 02:08:58,622 [grpc-default-executor-2] INFO  server.RaftServer$Division (RaftServerImpl.java:setRole(290)) - c521be71-924d-486e-9da9-f3a5438abd2c@group-B644FF3D61AF: changes role from CANDIDATE to FOLLOWER at term 2 for candidate:2fe09f74-0f35-4dca-83ea-38d6e64c020a
2022-03-01 02:08:58,622 [grpc-default-executor-2] INFO  impl.RoleInfo (RoleInfo.java:shutdownLeaderElection(121)) - c521be71-924d-486e-9da9-f3a5438abd2c: shutdown c521be71-924d-486e-9da9-f3a5438abd2c@group-B644FF3D61AF-LeaderElection41
2022-03-01 02:08:58,622 [grpc-default-executor-2] INFO  impl.RoleInfo (RoleInfo.java:updateAndGet(130)) - c521be71-924d-486e-9da9-f3a5438abd2c: start c521be71-924d-486e-9da9-f3a5438abd2c@group-B644FF3D61AF-FollowerState
2022-03-01 02:08:58,623 [c521be71-924d-486e-9da9-f3a5438abd2c@group-B644FF3D61AF-LeaderElection41] INFO  impl.LeaderElection (LeaderElection.java:run(230)) - c521be71-924d-486e-9da9-f3a5438abd2c@group-B644FF3D61AF-LeaderElection41: skip running since this is already CLOSING
2022-03-01 02:08:58,624 [2fe09f74-0f35-4dca-83ea-38d6e64c020a@group-B644FF3D61AF-LeaderElection40] INFO  impl.LeaderElection (LeaderElection.java:logAndReturn(89)) - 2fe09f74-0f35-4dca-83ea-38d6e64c020a@group-B644FF3D61AF-LeaderElection40: ELECTION REJECTED received 1 response(s) and 0 exception(s):
2022-03-01 02:08:58,624 [2fe09f74-0f35-4dca-83ea-38d6e64c020a@group-B644FF3D61AF-LeaderElection40] INFO  impl.LeaderElection (LeaderElection.java:logAndReturn(93)) -   Response 0: 2fe09f74-0f35-4dca-83ea-38d6e64c020a<-393f4c54-f67b-44fe-81f5-8bfc2099cec7#0:FAIL-t2
2022-03-01 02:08:58,624 [2fe09f74-0f35-4dca-83ea-38d6e64c020a@group-B644FF3D61AF-LeaderElection40] INFO  impl.LeaderElection (LeaderElection.java:askForVotes(308)) - 2fe09f74-0f35-4dca-83ea-38d6e64c020a@group-B644FF3D61AF-LeaderElection40 ELECTION round 0: result REJECTED
2022-03-01 02:08:58,624 [2fe09f74-0f35-4dca-83ea-38d6e64c020a@group-B644FF3D61AF-LeaderElection40] INFO  server.RaftServer$Division (RaftServerImpl.java:setRole(290)) - 2fe09f74-0f35-4dca-83ea-38d6e64c020a@group-B644FF3D61AF: changes role from CANDIDATE to FOLLOWER at term 2 for REJECTED
2022-03-01 02:08:58,624 [2fe09f74-0f35-4dca-83ea-38d6e64c020a@group-B644FF3D61AF-LeaderElection40] INFO  impl.RoleInfo (RoleInfo.java:shutdownLeaderElection(121)) - 2fe09f74-0f35-4dca-83ea-38d6e64c020a: shutdown 2fe09f74-0f35-4dca-83ea-38d6e64c020a@group-B644FF3D61AF-LeaderElection40
2022-03-01 02:08:58,624 [2fe09f74-0f35-4dca-83ea-38d6e64c020a@group-B644FF3D61AF-LeaderElection40] INFO  impl.RoleInfo (RoleInfo.java:updateAndGet(130)) - 2fe09f74-0f35-4dca-83ea-38d6e64c020a: start 2fe09f74-0f35-4dca-83ea-38d6e64c020a@group-B644FF3D61AF-FollowerState
2022-03-01 02:08:58,625 [grpc-default-executor-2] INFO  server.RaftServer$Division (RaftServerImpl.java:requestVote(1078)) - c521be71-924d-486e-9da9-f3a5438abd2c@group-B644FF3D61AF replies to ELECTION vote request: 2fe09f74-0f35-4dca-83ea-38d6e64c020a<-c521be71-924d-486e-9da9-f3a5438abd2c#0:OK-t2. Peer's state: c521be71-924d-486e-9da9-f3a5438abd2c@group-B644FF3D61AF:t2, leader=null, voted=2fe09f74-0f35-4dca-83ea-38d6e64c020a, raftlog=c521be71-924d-486e-9da9-f3a5438abd2c@group-B644FF3D61AF-SegmentedRaftLog:OPENED:c-1, conf=-1: [393f4c54-f67b-44fe-81f5-8bfc2099cec7|rpc:10.1.0.9:34819|priority:1, c521be71-924d-486e-9da9-f3a5438abd2c|rpc:10.1.0.9:35291|priority:0, 2fe09f74-0f35-4dca-83ea-38d6e64c020a|rpc:10.1.0.9:46395|priority:0], old=null
2022-03-01 02:08:58,666 [Listener at 127.0.0.1/45865] INFO  ozone.MiniOzoneClusterImpl (MiniOzoneClusterImpl.java:lambda$waitForClusterToBeReady$0(219)) - Nodes are ready. Got 3 of 3 DN Heartbeats.
2022-03-01 02:08:58,666 [Listener at 127.0.0.1/45865] INFO  ozone.MiniOzoneClusterImpl (MiniOzoneClusterImpl.java:lambda$waitForClusterToBeReady$0(222)) - Waiting for cluster to exit safe mode
2022-03-01 02:08:58,666 [Listener at 127.0.0.1/45865] INFO  ozone.MiniOzoneClusterImpl (MiniOzoneClusterImpl.java:lambda$waitForClusterToBeReady$0(224)) - SCM became leader
2022-03-01 02:08:59,666 [Listener at 127.0.0.1/45865] INFO  ozone.MiniOzoneClusterImpl (MiniOzoneClusterImpl.java:lambda$waitForClusterToBeReady$0(219)) - Nodes are ready. Got 3 of 3 DN Heartbeats.
2022-03-01 02:08:59,667 [Listener at 127.0.0.1/45865] INFO  ozone.MiniOzoneClusterImpl (MiniOzoneClusterImpl.java:lambda$waitForClusterToBeReady$0(222)) - Waiting for cluster to exit safe mode
2022-03-01 02:08:59,667 [Listener at 127.0.0.1/45865] INFO  ozone.MiniOzoneClusterImpl (MiniOzoneClusterImpl.java:lambda$waitForClusterToBeReady$0(224)) - SCM became leader
2022-03-01 02:09:00,667 [Listener at 127.0.0.1/45865] INFO  ozone.MiniOzoneClusterImpl (MiniOzoneClusterImpl.java:lambda$waitForClusterToBeReady$0(219)) - Nodes are ready. Got 3 of 3 DN Heartbeats.
2022-03-01 02:09:00,667 [Listener at 127.0.0.1/45865] INFO  ozone.MiniOzoneClusterImpl (MiniOzoneClusterImpl.java:lambda$waitForClusterToBeReady$0(222)) - Waiting for cluster to exit safe mode
2022-03-01 02:09:00,667 [Listener at 127.0.0.1/45865] INFO  ozone.MiniOzoneClusterImpl (MiniOzoneClusterImpl.java:lambda$waitForClusterToBeReady$0(224)) - SCM became leader
2022-03-01 02:09:01,668 [Listener at 127.0.0.1/45865] INFO  ozone.MiniOzoneClusterImpl (MiniOzoneClusterImpl.java:lambda$waitForClusterToBeReady$0(219)) - Nodes are ready. Got 3 of 3 DN Heartbeats.
2022-03-01 02:09:01,668 [Listener at 127.0.0.1/45865] INFO  ozone.MiniOzoneClusterImpl (MiniOzoneClusterImpl.java:lambda$waitForClusterToBeReady$0(222)) - Waiting for cluster to exit safe mode
2022-03-01 02:09:01,668 [Listener at 127.0.0.1/45865] INFO  ozone.MiniOzoneClusterImpl (MiniOzoneClusterImpl.java:lambda$waitForClusterToBeReady$0(224)) - SCM became leader
2022-03-01 02:09:02,668 [Listener at 127.0.0.1/45865] INFO  ozone.MiniOzoneClusterImpl (MiniOzoneClusterImpl.java:lambda$waitForClusterToBeReady$0(219)) - Nodes are ready. Got 3 of 3 DN Heartbeats.
2022-03-01 02:09:02,668 [Listener at 127.0.0.1/45865] INFO  ozone.MiniOzoneClusterImpl (MiniOzoneClusterImpl.java:lambda$waitForClusterToBeReady$0(222)) - Waiting for cluster to exit safe mode
2022-03-01 02:09:02,669 [Listener at 127.0.0.1/45865] INFO  ozone.MiniOzoneClusterImpl (MiniOzoneClusterImpl.java:lambda$waitForClusterToBeReady$0(224)) - SCM became leader
2022-03-01 02:09:03,215 [c521be71-924d-486e-9da9-f3a5438abd2c@group-D758006F8883-FollowerState] INFO  impl.FollowerState (FollowerState.java:run(134)) - c521be71-924d-486e-9da9-f3a5438abd2c@group-D758006F8883-FollowerState: change to CANDIDATE, lastRpcElapsedTime:5057971635ns, electionTimeout:5039ms
2022-03-01 02:09:03,216 [c521be71-924d-486e-9da9-f3a5438abd2c@group-D758006F8883-FollowerState] INFO  impl.RoleInfo (RoleInfo.java:shutdownFollowerState(108)) - c521be71-924d-486e-9da9-f3a5438abd2c: shutdown c521be71-924d-486e-9da9-f3a5438abd2c@group-D758006F8883-FollowerState
2022-03-01 02:09:03,216 [c521be71-924d-486e-9da9-f3a5438abd2c@group-D758006F8883-FollowerState] INFO  server.RaftServer$Division (RaftServerImpl.java:setRole(290)) - c521be71-924d-486e-9da9-f3a5438abd2c@group-D758006F8883: changes role from  FOLLOWER to CANDIDATE at term 2 for changeToCandidate
2022-03-01 02:09:03,216 [c521be71-924d-486e-9da9-f3a5438abd2c@group-D758006F8883-FollowerState] INFO  server.RaftServerConfigKeys (ConfUtils.java:logGet(44)) - raft.server.leaderelection.pre-vote = false (custom)
2022-03-01 02:09:03,216 [c521be71-924d-486e-9da9-f3a5438abd2c@group-D758006F8883-FollowerState] INFO  impl.RoleInfo (RoleInfo.java:updateAndGet(130)) - c521be71-924d-486e-9da9-f3a5438abd2c: start c521be71-924d-486e-9da9-f3a5438abd2c@group-D758006F8883-LeaderElection42
2022-03-01 02:09:03,240 [2fe09f74-0f35-4dca-83ea-38d6e64c020a@group-D758006F8883-FollowerState] INFO  impl.FollowerState (FollowerState.java:run(134)) - 2fe09f74-0f35-4dca-83ea-38d6e64c020a@group-D758006F8883-FollowerState: change to CANDIDATE, lastRpcElapsedTime:5091750519ns, electionTimeout:5076ms
2022-03-01 02:09:03,240 [2fe09f74-0f35-4dca-83ea-38d6e64c020a@group-D758006F8883-FollowerState] INFO  impl.RoleInfo (RoleInfo.java:shutdownFollowerState(108)) - 2fe09f74-0f35-4dca-83ea-38d6e64c020a: shutdown 2fe09f74-0f35-4dca-83ea-38d6e64c020a@group-D758006F8883-FollowerState
2022-03-01 02:09:03,240 [2fe09f74-0f35-4dca-83ea-38d6e64c020a@group-D758006F8883-FollowerState] INFO  server.RaftServer$Division (RaftServerImpl.java:setRole(290)) - 2fe09f74-0f35-4dca-83ea-38d6e64c020a@group-D758006F8883: changes role from  FOLLOWER to CANDIDATE at term 2 for changeToCandidate
2022-03-01 02:09:03,240 [2fe09f74-0f35-4dca-83ea-38d6e64c020a@group-D758006F8883-FollowerState] INFO  server.RaftServerConfigKeys (ConfUtils.java:logGet(44)) - raft.server.leaderelection.pre-vote = false (custom)
2022-03-01 02:09:03,240 [2fe09f74-0f35-4dca-83ea-38d6e64c020a@group-D758006F8883-FollowerState] INFO  impl.RoleInfo (RoleInfo.java:updateAndGet(130)) - 2fe09f74-0f35-4dca-83ea-38d6e64c020a: start 2fe09f74-0f35-4dca-83ea-38d6e64c020a@group-D758006F8883-LeaderElection43
2022-03-01 02:09:03,241 [c521be71-924d-486e-9da9-f3a5438abd2c@group-D758006F8883-LeaderElection42] INFO  impl.LeaderElection (LeaderElection.java:askForVotes(306)) - c521be71-924d-486e-9da9-f3a5438abd2c@group-D758006F8883-LeaderElection42 ELECTION round 0: submit vote requests at term 3 for -1: [393f4c54-f67b-44fe-81f5-8bfc2099cec7|rpc:10.1.0.9:34819|priority:0, c521be71-924d-486e-9da9-f3a5438abd2c|rpc:10.1.0.9:35291|priority:0, 2fe09f74-0f35-4dca-83ea-38d6e64c020a|rpc:10.1.0.9:46395|priority:1], old=null
2022-03-01 02:09:03,256 [2fe09f74-0f35-4dca-83ea-38d6e64c020a@group-D758006F8883-LeaderElection43] INFO  impl.LeaderElection (LeaderElection.java:askForVotes(306)) - 2fe09f74-0f35-4dca-83ea-38d6e64c020a@group-D758006F8883-LeaderElection43 ELECTION round 0: submit vote requests at term 3 for -1: [393f4c54-f67b-44fe-81f5-8bfc2099cec7|rpc:10.1.0.9:34819|dataStream:|priority:0, c521be71-924d-486e-9da9-f3a5438abd2c|rpc:10.1.0.9:35291|dataStream:|priority:0, 2fe09f74-0f35-4dca-83ea-38d6e64c020a|rpc:10.1.0.9:46395|dataStream:|priority:1], old=null
2022-03-01 02:09:03,267 [393f4c54-f67b-44fe-81f5-8bfc2099cec7@group-D758006F8883-FollowerState] INFO  impl.FollowerState (FollowerState.java:run(134)) - 393f4c54-f67b-44fe-81f5-8bfc2099cec7@group-D758006F8883-FollowerState: change to CANDIDATE, lastRpcElapsedTime:5135628087ns, electionTimeout:5092ms
2022-03-01 02:09:03,268 [393f4c54-f67b-44fe-81f5-8bfc2099cec7@group-D758006F8883-FollowerState] INFO  impl.RoleInfo (RoleInfo.java:shutdownFollowerState(108)) - 393f4c54-f67b-44fe-81f5-8bfc2099cec7: shutdown 393f4c54-f67b-44fe-81f5-8bfc2099cec7@group-D758006F8883-FollowerState
2022-03-01 02:09:03,268 [393f4c54-f67b-44fe-81f5-8bfc2099cec7@group-D758006F8883-FollowerState] INFO  server.RaftServer$Division (RaftServerImpl.java:setRole(290)) - 393f4c54-f67b-44fe-81f5-8bfc2099cec7@group-D758006F8883: changes role from  FOLLOWER to CANDIDATE at term 2 for changeToCandidate
2022-03-01 02:09:03,268 [393f4c54-f67b-44fe-81f5-8bfc2099cec7@group-D758006F8883-FollowerState] INFO  server.RaftServerConfigKeys (ConfUtils.java:logGet(44)) - raft.server.leaderelection.pre-vote = false (custom)
2022-03-01 02:09:03,268 [393f4c54-f67b-44fe-81f5-8bfc2099cec7@group-D758006F8883-FollowerState] INFO  impl.RoleInfo (RoleInfo.java:updateAndGet(130)) - 393f4c54-f67b-44fe-81f5-8bfc2099cec7: start 393f4c54-f67b-44fe-81f5-8bfc2099cec7@group-D758006F8883-LeaderElection44
2022-03-01 02:09:03,285 [grpc-default-executor-2] INFO  server.RaftServer$Division (RaftServerImpl.java:requestVote(1046)) - 393f4c54-f67b-44fe-81f5-8bfc2099cec7@group-D758006F8883: receive requestVote(ELECTION, c521be71-924d-486e-9da9-f3a5438abd2c, group-D758006F8883, 3, (t:0, i:0))
2022-03-01 02:09:03,286 [grpc-default-executor-2] INFO  impl.VoteContext (VoteContext.java:log(48)) - 393f4c54-f67b-44fe-81f5-8bfc2099cec7@group-D758006F8883-CANDIDATE: accept ELECTION from c521be71-924d-486e-9da9-f3a5438abd2c: our priority 0 <= candidate's priority 0
2022-03-01 02:09:03,286 [grpc-default-executor-2] INFO  server.RaftServer$Division (RaftServerImpl.java:setRole(290)) - 393f4c54-f67b-44fe-81f5-8bfc2099cec7@group-D758006F8883: changes role from CANDIDATE to FOLLOWER at term 3 for candidate:c521be71-924d-486e-9da9-f3a5438abd2c
2022-03-01 02:09:03,286 [grpc-default-executor-2] INFO  impl.RoleInfo (RoleInfo.java:shutdownLeaderElection(121)) - 393f4c54-f67b-44fe-81f5-8bfc2099cec7: shutdown 393f4c54-f67b-44fe-81f5-8bfc2099cec7@group-D758006F8883-LeaderElection44
2022-03-01 02:09:03,287 [grpc-default-executor-2] INFO  impl.RoleInfo (RoleInfo.java:updateAndGet(130)) - 393f4c54-f67b-44fe-81f5-8bfc2099cec7: start 393f4c54-f67b-44fe-81f5-8bfc2099cec7@group-D758006F8883-FollowerState
2022-03-01 02:09:03,290 [393f4c54-f67b-44fe-81f5-8bfc2099cec7@group-D758006F8883-LeaderElection44] INFO  impl.LeaderElection (LeaderElection.java:run(230)) - 393f4c54-f67b-44fe-81f5-8bfc2099cec7@group-D758006F8883-LeaderElection44: skip running since this is already CLOSING
2022-03-01 02:09:03,295 [grpc-default-executor-2] INFO  server.RaftServer$Division (RaftServerImpl.java:requestVote(1078)) - 393f4c54-f67b-44fe-81f5-8bfc2099cec7@group-D758006F8883 replies to ELECTION vote request: c521be71-924d-486e-9da9-f3a5438abd2c<-393f4c54-f67b-44fe-81f5-8bfc2099cec7#0:OK-t3. Peer's state: 393f4c54-f67b-44fe-81f5-8bfc2099cec7@group-D758006F8883:t3, leader=null, voted=c521be71-924d-486e-9da9-f3a5438abd2c, raftlog=393f4c54-f67b-44fe-81f5-8bfc2099cec7@group-D758006F8883-SegmentedRaftLog:OPENED:c-1, conf=-1: [393f4c54-f67b-44fe-81f5-8bfc2099cec7|rpc:10.1.0.9:34819|dataStream:|priority:0, c521be71-924d-486e-9da9-f3a5438abd2c|rpc:10.1.0.9:35291|dataStream:|priority:0, 2fe09f74-0f35-4dca-83ea-38d6e64c020a|rpc:10.1.0.9:46395|dataStream:|priority:1], old=null
2022-03-01 02:09:03,319 [grpc-default-executor-5] INFO  server.RaftServer$Division (RaftServerImpl.java:requestVote(1046)) - 393f4c54-f67b-44fe-81f5-8bfc2099cec7@group-D758006F8883: receive requestVote(ELECTION, 2fe09f74-0f35-4dca-83ea-38d6e64c020a, group-D758006F8883, 3, (t:0, i:0))
2022-03-01 02:09:03,320 [grpc-default-executor-5] INFO  impl.VoteContext (VoteContext.java:log(48)) - 393f4c54-f67b-44fe-81f5-8bfc2099cec7@group-D758006F8883-FOLLOWER: reject ELECTION from 2fe09f74-0f35-4dca-83ea-38d6e64c020a: already has voted for c521be71-924d-486e-9da9-f3a5438abd2c at current term 3
2022-03-01 02:09:03,320 [grpc-default-executor-5] INFO  server.RaftServer$Division (RaftServerImpl.java:requestVote(1078)) - 393f4c54-f67b-44fe-81f5-8bfc2099cec7@group-D758006F8883 replies to ELECTION vote request: 2fe09f74-0f35-4dca-83ea-38d6e64c020a<-393f4c54-f67b-44fe-81f5-8bfc2099cec7#0:FAIL-t3. Peer's state: 393f4c54-f67b-44fe-81f5-8bfc2099cec7@group-D758006F8883:t3, leader=null, voted=c521be71-924d-486e-9da9-f3a5438abd2c, raftlog=393f4c54-f67b-44fe-81f5-8bfc2099cec7@group-D758006F8883-SegmentedRaftLog:OPENED:c-1, conf=-1: [393f4c54-f67b-44fe-81f5-8bfc2099cec7|rpc:10.1.0.9:34819|dataStream:|priority:0, c521be71-924d-486e-9da9-f3a5438abd2c|rpc:10.1.0.9:35291|dataStream:|priority:0, 2fe09f74-0f35-4dca-83ea-38d6e64c020a|rpc:10.1.0.9:46395|dataStream:|priority:1], old=null
2022-03-01 02:09:03,320 [grpc-default-executor-2] INFO  server.RaftServer$Division (RaftServerImpl.java:requestVote(1046)) - 2fe09f74-0f35-4dca-83ea-38d6e64c020a@group-D758006F8883: receive requestVote(ELECTION, c521be71-924d-486e-9da9-f3a5438abd2c, group-D758006F8883, 3, (t:0, i:0))
2022-03-01 02:09:03,330 [grpc-default-executor-2] INFO  impl.VoteContext (VoteContext.java:log(48)) - 2fe09f74-0f35-4dca-83ea-38d6e64c020a@group-D758006F8883-CANDIDATE: reject ELECTION from c521be71-924d-486e-9da9-f3a5438abd2c: already has voted for 2fe09f74-0f35-4dca-83ea-38d6e64c020a at current term 3
2022-03-01 02:09:03,330 [grpc-default-executor-2] INFO  server.RaftServer$Division (RaftServerImpl.java:requestVote(1078)) - 2fe09f74-0f35-4dca-83ea-38d6e64c020a@group-D758006F8883 replies to ELECTION vote request: c521be71-924d-486e-9da9-f3a5438abd2c<-2fe09f74-0f35-4dca-83ea-38d6e64c020a#0:FAIL-t3. Peer's state: 2fe09f74-0f35-4dca-83ea-38d6e64c020a@group-D758006F8883:t3, leader=null, voted=2fe09f74-0f35-4dca-83ea-38d6e64c020a, raftlog=2fe09f74-0f35-4dca-83ea-38d6e64c020a@group-D758006F8883-SegmentedRaftLog:OPENED:c-1, conf=-1: [393f4c54-f67b-44fe-81f5-8bfc2099cec7|rpc:10.1.0.9:34819|dataStream:|priority:0, c521be71-924d-486e-9da9-f3a5438abd2c|rpc:10.1.0.9:35291|dataStream:|priority:0, 2fe09f74-0f35-4dca-83ea-38d6e64c020a|rpc:10.1.0.9:46395|dataStream:|priority:1], old=null
2022-03-01 02:09:03,320 [grpc-default-executor-1] INFO  server.RaftServer$Division (RaftServerImpl.java:requestVote(1046)) - c521be71-924d-486e-9da9-f3a5438abd2c@group-D758006F8883: receive requestVote(ELECTION, 2fe09f74-0f35-4dca-83ea-38d6e64c020a, group-D758006F8883, 3, (t:0, i:0))
2022-03-01 02:09:03,340 [grpc-default-executor-1] INFO  impl.VoteContext (VoteContext.java:log(48)) - c521be71-924d-486e-9da9-f3a5438abd2c@group-D758006F8883-CANDIDATE: reject ELECTION from 2fe09f74-0f35-4dca-83ea-38d6e64c020a: already has voted for c521be71-924d-486e-9da9-f3a5438abd2c at current term 3
2022-03-01 02:09:03,340 [grpc-default-executor-1] INFO  server.RaftServer$Division (RaftServerImpl.java:requestVote(1078)) - c521be71-924d-486e-9da9-f3a5438abd2c@group-D758006F8883 replies to ELECTION vote request: 2fe09f74-0f35-4dca-83ea-38d6e64c020a<-c521be71-924d-486e-9da9-f3a5438abd2c#0:FAIL-t3. Peer's state: c521be71-924d-486e-9da9-f3a5438abd2c@group-D758006F8883:t3, leader=null, voted=c521be71-924d-486e-9da9-f3a5438abd2c, raftlog=c521be71-924d-486e-9da9-f3a5438abd2c@group-D758006F8883-SegmentedRaftLog:OPENED:c-1, conf=-1: [393f4c54-f67b-44fe-81f5-8bfc2099cec7|rpc:10.1.0.9:34819|priority:0, c521be71-924d-486e-9da9-f3a5438abd2c|rpc:10.1.0.9:35291|priority:0, 2fe09f74-0f35-4dca-83ea-38d6e64c020a|rpc:10.1.0.9:46395|priority:1], old=null
2022-03-01 02:09:03,335 [c521be71-924d-486e-9da9-f3a5438abd2c@group-D758006F8883-LeaderElection42] INFO  impl.LeaderElection (LeaderElection.java:logAndReturn(89)) - c521be71-924d-486e-9da9-f3a5438abd2c@group-D758006F8883-LeaderElection42: ELECTION REJECTED received 2 response(s) and 0 exception(s):
2022-03-01 02:09:03,343 [c521be71-924d-486e-9da9-f3a5438abd2c@group-D758006F8883-LeaderElection42] INFO  impl.LeaderElection (LeaderElection.java:logAndReturn(93)) -   Response 0: c521be71-924d-486e-9da9-f3a5438abd2c<-393f4c54-f67b-44fe-81f5-8bfc2099cec7#0:OK-t3
2022-03-01 02:09:03,343 [c521be71-924d-486e-9da9-f3a5438abd2c@group-D758006F8883-LeaderElection42] INFO  impl.LeaderElection (LeaderElection.java:logAndReturn(93)) -   Response 1: c521be71-924d-486e-9da9-f3a5438abd2c<-2fe09f74-0f35-4dca-83ea-38d6e64c020a#0:FAIL-t3
2022-03-01 02:09:03,343 [c521be71-924d-486e-9da9-f3a5438abd2c@group-D758006F8883-LeaderElection42] INFO  impl.LeaderElection (LeaderElection.java:askForVotes(308)) - c521be71-924d-486e-9da9-f3a5438abd2c@group-D758006F8883-LeaderElection42 ELECTION round 0: result REJECTED
2022-03-01 02:09:03,343 [c521be71-924d-486e-9da9-f3a5438abd2c@group-D758006F8883-LeaderElection42] INFO  server.RaftServer$Division (RaftServerImpl.java:setRole(290)) - c521be71-924d-486e-9da9-f3a5438abd2c@group-D758006F8883: changes role from CANDIDATE to FOLLOWER at term 3 for REJECTED
2022-03-01 02:09:03,344 [c521be71-924d-486e-9da9-f3a5438abd2c@group-D758006F8883-LeaderElection42] INFO  impl.RoleInfo (RoleInfo.java:shutdownLeaderElection(121)) - c521be71-924d-486e-9da9-f3a5438abd2c: shutdown c521be71-924d-486e-9da9-f3a5438abd2c@group-D758006F8883-LeaderElection42
2022-03-01 02:09:03,344 [c521be71-924d-486e-9da9-f3a5438abd2c@group-D758006F8883-LeaderElection42] INFO  impl.RoleInfo (RoleInfo.java:updateAndGet(130)) - c521be71-924d-486e-9da9-f3a5438abd2c: start c521be71-924d-486e-9da9-f3a5438abd2c@group-D758006F8883-FollowerState
2022-03-01 02:09:03,341 [2fe09f74-0f35-4dca-83ea-38d6e64c020a@group-D758006F8883-LeaderElection43] INFO  impl.LeaderElection (LeaderElection.java:logAndReturn(89)) - 2fe09f74-0f35-4dca-83ea-38d6e64c020a@group-D758006F8883-LeaderElection43: ELECTION REJECTED received 2 response(s) and 0 exception(s):
2022-03-01 02:09:03,360 [2fe09f74-0f35-4dca-83ea-38d6e64c020a@group-D758006F8883-LeaderElection43] INFO  impl.LeaderElection (LeaderElection.java:logAndReturn(93)) -   Response 0: 2fe09f74-0f35-4dca-83ea-38d6e64c020a<-393f4c54-f67b-44fe-81f5-8bfc2099cec7#0:FAIL-t3
2022-03-01 02:09:03,360 [2fe09f74-0f35-4dca-83ea-38d6e64c020a@group-D758006F8883-LeaderElection43] INFO  impl.LeaderElection (LeaderElection.java:logAndReturn(93)) -   Response 1: 2fe09f74-0f35-4dca-83ea-38d6e64c020a<-c521be71-924d-486e-9da9-f3a5438abd2c#0:FAIL-t3
2022-03-01 02:09:03,360 [2fe09f74-0f35-4dca-83ea-38d6e64c020a@group-D758006F8883-LeaderElection43] INFO  impl.LeaderElection (LeaderElection.java:askForVotes(308)) - 2fe09f74-0f35-4dca-83ea-38d6e64c020a@group-D758006F8883-LeaderElection43 ELECTION round 0: result REJECTED
2022-03-01 02:09:03,360 [2fe09f74-0f35-4dca-83ea-38d6e64c020a@group-D758006F8883-LeaderElection43] INFO  server.RaftServer$Division (RaftServerImpl.java:setRole(290)) - 2fe09f74-0f35-4dca-83ea-38d6e64c020a@group-D758006F8883: changes role from CANDIDATE to FOLLOWER at term 3 for REJECTED
2022-03-01 02:09:03,360 [2fe09f74-0f35-4dca-83ea-38d6e64c020a@group-D758006F8883-LeaderElection43] INFO  impl.RoleInfo (RoleInfo.java:shutdownLeaderElection(121)) - 2fe09f74-0f35-4dca-83ea-38d6e64c020a: shutdown 2fe09f74-0f35-4dca-83ea-38d6e64c020a@group-D758006F8883-LeaderElection43
2022-03-01 02:09:03,360 [2fe09f74-0f35-4dca-83ea-38d6e64c020a@group-D758006F8883-LeaderElection43] INFO  impl.RoleInfo (RoleInfo.java:updateAndGet(130)) - 2fe09f74-0f35-4dca-83ea-38d6e64c020a: start 2fe09f74-0f35-4dca-83ea-38d6e64c020a@group-D758006F8883-FollowerState
2022-03-01 02:09:03,645 [393f4c54-f67b-44fe-81f5-8bfc2099cec7@group-B644FF3D61AF-FollowerState] INFO  impl.FollowerState (FollowerState.java:run(134)) - 393f4c54-f67b-44fe-81f5-8bfc2099cec7@group-B644FF3D61AF-FollowerState: change to CANDIDATE, lastRpcElapsedTime:5077808622ns, electionTimeout:5077ms
2022-03-01 02:09:03,645 [393f4c54-f67b-44fe-81f5-8bfc2099cec7@group-B644FF3D61AF-FollowerState] INFO  impl.RoleInfo (RoleInfo.java:shutdownFollowerState(108)) - 393f4c54-f67b-44fe-81f5-8bfc2099cec7: shutdown 393f4c54-f67b-44fe-81f5-8bfc2099cec7@group-B644FF3D61AF-FollowerState
2022-03-01 02:09:03,646 [393f4c54-f67b-44fe-81f5-8bfc2099cec7@group-B644FF3D61AF-FollowerState] INFO  server.RaftServer$Division (RaftServerImpl.java:setRole(290)) - 393f4c54-f67b-44fe-81f5-8bfc2099cec7@group-B644FF3D61AF: changes role from  FOLLOWER to CANDIDATE at term 2 for changeToCandidate
2022-03-01 02:09:03,646 [393f4c54-f67b-44fe-81f5-8bfc2099cec7@group-B644FF3D61AF-FollowerState] INFO  server.RaftServerConfigKeys (ConfUtils.java:logGet(44)) - raft.server.leaderelection.pre-vote = false (custom)
2022-03-01 02:09:03,646 [393f4c54-f67b-44fe-81f5-8bfc2099cec7@group-B644FF3D61AF-FollowerState] INFO  impl.RoleInfo (RoleInfo.java:updateAndGet(130)) - 393f4c54-f67b-44fe-81f5-8bfc2099cec7: start 393f4c54-f67b-44fe-81f5-8bfc2099cec7@group-B644FF3D61AF-LeaderElection45
2022-03-01 02:09:03,671 [Listener at 127.0.0.1/45865] INFO  ozone.MiniOzoneClusterImpl (MiniOzoneClusterImpl.java:lambda$waitForClusterToBeReady$0(219)) - Nodes are ready. Got 3 of 3 DN Heartbeats.
2022-03-01 02:09:03,671 [Listener at 127.0.0.1/45865] INFO  ozone.MiniOzoneClusterImpl (MiniOzoneClusterImpl.java:lambda$waitForClusterToBeReady$0(222)) - Waiting for cluster to exit safe mode
2022-03-01 02:09:03,672 [Listener at 127.0.0.1/45865] INFO  ozone.MiniOzoneClusterImpl (MiniOzoneClusterImpl.java:lambda$waitForClusterToBeReady$0(224)) - SCM became leader
2022-03-01 02:09:03,685 [393f4c54-f67b-44fe-81f5-8bfc2099cec7@group-B644FF3D61AF-LeaderElection45] INFO  impl.LeaderElection (LeaderElection.java:askForVotes(306)) - 393f4c54-f67b-44fe-81f5-8bfc2099cec7@group-B644FF3D61AF-LeaderElection45 ELECTION round 0: submit vote requests at term 3 for -1: [393f4c54-f67b-44fe-81f5-8bfc2099cec7|rpc:10.1.0.9:34819|dataStream:|priority:1, c521be71-924d-486e-9da9-f3a5438abd2c|rpc:10.1.0.9:35291|dataStream:|priority:0, 2fe09f74-0f35-4dca-83ea-38d6e64c020a|rpc:10.1.0.9:46395|dataStream:|priority:0], old=null
2022-03-01 02:09:03,703 [grpc-default-executor-1] INFO  server.RaftServer$Division (RaftServerImpl.java:requestVote(1046)) - c521be71-924d-486e-9da9-f3a5438abd2c@group-B644FF3D61AF: receive requestVote(ELECTION, 393f4c54-f67b-44fe-81f5-8bfc2099cec7, group-B644FF3D61AF, 3, (t:0, i:0))
2022-03-01 02:09:03,703 [grpc-default-executor-1] INFO  impl.VoteContext (VoteContext.java:log(48)) - c521be71-924d-486e-9da9-f3a5438abd2c@group-B644FF3D61AF-FOLLOWER: accept ELECTION from 393f4c54-f67b-44fe-81f5-8bfc2099cec7: our priority 0 <= candidate's priority 1
2022-03-01 02:09:03,704 [grpc-default-executor-1] INFO  server.RaftServer$Division (RaftServerImpl.java:setRole(290)) - c521be71-924d-486e-9da9-f3a5438abd2c@group-B644FF3D61AF: changes role from  FOLLOWER to FOLLOWER at term 3 for candidate:393f4c54-f67b-44fe-81f5-8bfc2099cec7
2022-03-01 02:09:03,704 [grpc-default-executor-1] INFO  impl.RoleInfo (RoleInfo.java:shutdownFollowerState(108)) - c521be71-924d-486e-9da9-f3a5438abd2c: shutdown c521be71-924d-486e-9da9-f3a5438abd2c@group-B644FF3D61AF-FollowerState
2022-03-01 02:09:03,704 [grpc-default-executor-1] INFO  impl.RoleInfo (RoleInfo.java:updateAndGet(130)) - c521be71-924d-486e-9da9-f3a5438abd2c: start c521be71-924d-486e-9da9-f3a5438abd2c@group-B644FF3D61AF-FollowerState
2022-03-01 02:09:03,705 [grpc-default-executor-1] INFO  server.RaftServer$Division (RaftServerImpl.java:requestVote(1078)) - c521be71-924d-486e-9da9-f3a5438abd2c@group-B644FF3D61AF replies to ELECTION vote request: 393f4c54-f67b-44fe-81f5-8bfc2099cec7<-c521be71-924d-486e-9da9-f3a5438abd2c#0:OK-t3. Peer's state: c521be71-924d-486e-9da9-f3a5438abd2c@group-B644FF3D61AF:t3, leader=null, voted=393f4c54-f67b-44fe-81f5-8bfc2099cec7, raftlog=c521be71-924d-486e-9da9-f3a5438abd2c@group-B644FF3D61AF-SegmentedRaftLog:OPENED:c-1, conf=-1: [393f4c54-f67b-44fe-81f5-8bfc2099cec7|rpc:10.1.0.9:34819|priority:1, c521be71-924d-486e-9da9-f3a5438abd2c|rpc:10.1.0.9:35291|priority:0, 2fe09f74-0f35-4dca-83ea-38d6e64c020a|rpc:10.1.0.9:46395|priority:0], old=null
2022-03-01 02:09:03,706 [c521be71-924d-486e-9da9-f3a5438abd2c@group-B644FF3D61AF-FollowerState] INFO  impl.FollowerState (FollowerState.java:run(143)) - c521be71-924d-486e-9da9-f3a5438abd2c@group-B644FF3D61AF-FollowerState was interrupted: {}
java.lang.InterruptedException: sleep interrupted
	at java.lang.Thread.sleep(Native Method)
	at java.lang.Thread.sleep(Thread.java:342)
	at java.util.concurrent.TimeUnit.sleep(TimeUnit.java:386)
	at org.apache.ratis.util.TimeDuration.sleep(TimeDuration.java:324)
	at org.apache.ratis.util.TimeDuration.sleep(TimeDuration.java:309)
	at org.apache.ratis.server.impl.FollowerState.run(FollowerState.java:118)
2022-03-01 02:09:03,712 [2fe09f74-0f35-4dca-83ea-38d6e64c020a@group-B644FF3D61AF-FollowerState] INFO  impl.FollowerState (FollowerState.java:run(134)) - 2fe09f74-0f35-4dca-83ea-38d6e64c020a@group-B644FF3D61AF-FollowerState: change to CANDIDATE, lastRpcElapsedTime:5087742886ns, electionTimeout:5083ms
2022-03-01 02:09:03,714 [2fe09f74-0f35-4dca-83ea-38d6e64c020a@group-B644FF3D61AF-FollowerState] INFO  impl.RoleInfo (RoleInfo.java:shutdownFollowerState(108)) - 2fe09f74-0f35-4dca-83ea-38d6e64c020a: shutdown 2fe09f74-0f35-4dca-83ea-38d6e64c020a@group-B644FF3D61AF-FollowerState
2022-03-01 02:09:03,714 [2fe09f74-0f35-4dca-83ea-38d6e64c020a@group-B644FF3D61AF-FollowerState] INFO  server.RaftServer$Division (RaftServerImpl.java:setRole(290)) - 2fe09f74-0f35-4dca-83ea-38d6e64c020a@group-B644FF3D61AF: changes role from  FOLLOWER to CANDIDATE at term 2 for changeToCandidate
2022-03-01 02:09:03,714 [2fe09f74-0f35-4dca-83ea-38d6e64c020a@group-B644FF3D61AF-FollowerState] INFO  server.RaftServerConfigKeys (ConfUtils.java:logGet(44)) - raft.server.leaderelection.pre-vote = false (custom)
2022-03-01 02:09:03,714 [2fe09f74-0f35-4dca-83ea-38d6e64c020a@group-B644FF3D61AF-FollowerState] INFO  impl.RoleInfo (RoleInfo.java:updateAndGet(130)) - 2fe09f74-0f35-4dca-83ea-38d6e64c020a: start 2fe09f74-0f35-4dca-83ea-38d6e64c020a@group-B644FF3D61AF-LeaderElection46
2022-03-01 02:09:03,715 [393f4c54-f67b-44fe-81f5-8bfc2099cec7@group-B644FF3D61AF-LeaderElection45] INFO  impl.LeaderElection (LeaderElection.java:logAndReturn(89)) - 393f4c54-f67b-44fe-81f5-8bfc2099cec7@group-B644FF3D61AF-LeaderElection45: ELECTION PASSED received 1 response(s) and 0 exception(s):
2022-03-01 02:09:03,715 [393f4c54-f67b-44fe-81f5-8bfc2099cec7@group-B644FF3D61AF-LeaderElection45] INFO  impl.LeaderElection (LeaderElection.java:logAndReturn(93)) -   Response 0: 393f4c54-f67b-44fe-81f5-8bfc2099cec7<-c521be71-924d-486e-9da9-f3a5438abd2c#0:OK-t3
2022-03-01 02:09:03,716 [393f4c54-f67b-44fe-81f5-8bfc2099cec7@group-B644FF3D61AF-LeaderElection45] INFO  impl.LeaderElection (LeaderElection.java:askForVotes(308)) - 393f4c54-f67b-44fe-81f5-8bfc2099cec7@group-B644FF3D61AF-LeaderElection45 ELECTION round 0: result PASSED
2022-03-01 02:09:03,716 [393f4c54-f67b-44fe-81f5-8bfc2099cec7@group-B644FF3D61AF-LeaderElection45] INFO  impl.RoleInfo (RoleInfo.java:shutdownLeaderElection(121)) - 393f4c54-f67b-44fe-81f5-8bfc2099cec7: shutdown 393f4c54-f67b-44fe-81f5-8bfc2099cec7@group-B644FF3D61AF-LeaderElection45
2022-03-01 02:09:03,716 [393f4c54-f67b-44fe-81f5-8bfc2099cec7@group-B644FF3D61AF-LeaderElection45] INFO  server.RaftServer$Division (RaftServerImpl.java:setRole(290)) - 393f4c54-f67b-44fe-81f5-8bfc2099cec7@group-B644FF3D61AF: changes role from CANDIDATE to LEADER at term 3 for changeToLeader
2022-03-01 02:09:03,716 [393f4c54-f67b-44fe-81f5-8bfc2099cec7@group-B644FF3D61AF-LeaderElection45] INFO  ratis.XceiverServerRatis (XceiverServerRatis.java:handleLeaderChangedNotification(867)) - Leader change notification received for group: group-B644FF3D61AF with new leaderId: 393f4c54-f67b-44fe-81f5-8bfc2099cec7
2022-03-01 02:09:03,716 [393f4c54-f67b-44fe-81f5-8bfc2099cec7@group-B644FF3D61AF-LeaderElection45] INFO  server.RaftServer$Division (ServerState.java:setLeader(285)) - 393f4c54-f67b-44fe-81f5-8bfc2099cec7@group-B644FF3D61AF: change Leader from null to 393f4c54-f67b-44fe-81f5-8bfc2099cec7 at term 3 for becomeLeader, leader elected after 15502ms
2022-03-01 02:09:03,716 [393f4c54-f67b-44fe-81f5-8bfc2099cec7@group-B644FF3D61AF-LeaderElection45] INFO  server.RaftServerConfigKeys (ConfUtils.java:logGet(44)) - raft.server.staging.catchup.gap = 1000 (default)
2022-03-01 02:09:03,716 [393f4c54-f67b-44fe-81f5-8bfc2099cec7@group-B644FF3D61AF-LeaderElection45] INFO  server.RaftServerConfigKeys (ConfUtils.java:logGet(44)) - raft.server.write.element-limit = 1024 (custom)
2022-03-01 02:09:03,716 [393f4c54-f67b-44fe-81f5-8bfc2099cec7@group-B644FF3D61AF-LeaderElection45] INFO  server.RaftServerConfigKeys (ConfUtils.java:logGet(44)) - raft.server.write.byte-limit = 1024 M (=1073741824) (custom)
2022-03-01 02:09:03,716 [393f4c54-f67b-44fe-81f5-8bfc2099cec7@group-B644FF3D61AF-LeaderElection45] INFO  server.RaftServerConfigKeys (ConfUtils.java:logGet(44)) - raft.server.watch.timeout = 180s (custom)
2022-03-01 02:09:03,717 [393f4c54-f67b-44fe-81f5-8bfc2099cec7@group-B644FF3D61AF-LeaderElection45] INFO  server.RaftServerConfigKeys (ConfUtils.java:logGet(44)) - raft.server.watch.timeout.denomination = 1s (default)
2022-03-01 02:09:03,717 [393f4c54-f67b-44fe-81f5-8bfc2099cec7@group-B644FF3D61AF-LeaderElection45] INFO  server.RaftServerConfigKeys (ConfUtils.java:logGet(44)) - raft.server.watch.element-limit = 65536 (default)
2022-03-01 02:09:03,723 [EventQueue-PipelineReportForPipelineReportHandler] INFO  pipeline.PipelineManagerImpl (PipelineManagerImpl.java:openPipeline(291)) - Pipeline Pipeline[ Id: 4656e030-2756-4f3a-99a7-b644ff3d61af, Nodes: 393f4c54-f67b-44fe-81f5-8bfc2099cec7{ip: 10.1.0.9, host: fv-az294-952.eaanfquahm5ulb5tj050gcxych.jx.internal.cloudapp.net, ports: [REPLICATION=41253, RATIS=34819, RATIS_ADMIN=34819, RATIS_SERVER=34819, STANDALONE=41081], networkLocation: /default-rack, certSerialId: null, persistedOpState: IN_SERVICE, persistedOpStateExpiryEpochSec: 0}c521be71-924d-486e-9da9-f3a5438abd2c{ip: 10.1.0.9, host: fv-az294-952.eaanfquahm5ulb5tj050gcxych.jx.internal.cloudapp.net, ports: [REPLICATION=41549, RATIS=35291, RATIS_ADMIN=35291, RATIS_SERVER=35291, STANDALONE=43699], networkLocation: /default-rack, certSerialId: null, persistedOpState: IN_SERVICE, persistedOpStateExpiryEpochSec: 0}2fe09f74-0f35-4dca-83ea-38d6e64c020a{ip: 10.1.0.9, host: fv-az294-952.eaanfquahm5ulb5tj050gcxych.jx.internal.cloudapp.net, ports: [REPLICATION=44905, RATIS=46395, RATIS_ADMIN=46395, RATIS_SERVER=46395, STANDALONE=42197], networkLocation: /default-rack, certSerialId: null, persistedOpState: IN_SERVICE, persistedOpStateExpiryEpochSec: 0}, ReplicationConfig: RATIS/THREE, State:ALLOCATED, leaderId:393f4c54-f67b-44fe-81f5-8bfc2099cec7, CreationTimestamp2022-03-01T02:08:45.701Z[Etc/UTC]] moved to OPEN state
2022-03-01 02:09:03,723 [EventQueue-OpenPipelineForHealthyPipelineSafeModeRule] INFO  safemode.SCMSafeModeManager (HealthyPipelineSafeModeRule.java:process(124)) - SCM in safe mode. Healthy pipelines reported count is 0, required healthy pipeline reported count is 1
2022-03-01 02:09:03,725 [393f4c54-f67b-44fe-81f5-8bfc2099cec7@group-B644FF3D61AF-LeaderElection45] INFO  server.RaftServerConfigKeys (ConfUtils.java:logGet(44)) - raft.server.write.element-limit = 1024 (custom)
2022-03-01 02:09:03,726 [393f4c54-f67b-44fe-81f5-8bfc2099cec7@group-B644FF3D61AF-LeaderElection45] INFO  server.RaftServerConfigKeys (ConfUtils.java:logGet(44)) - raft.server.write.follower.gap.ratio.max = -1.0 (default)
2022-03-01 02:09:03,726 [393f4c54-f67b-44fe-81f5-8bfc2099cec7@group-B644FF3D61AF-LeaderElection45] INFO  server.RaftServerConfigKeys (ConfUtils.java:logGet(44)) - raft.server.log.appender.snapshot.chunk.size.max = 16MB (=16777216) (default)
2022-03-01 02:09:03,726 [393f4c54-f67b-44fe-81f5-8bfc2099cec7@group-B644FF3D61AF-LeaderElection45] INFO  server.RaftServerConfigKeys (ConfUtils.java:logGet(44)) - raft.server.log.appender.buffer.byte-limit = 33554432 (custom)
2022-03-01 02:09:03,726 [393f4c54-f67b-44fe-81f5-8bfc2099cec7@group-B644FF3D61AF-LeaderElection45] INFO  server.RaftServerConfigKeys (ConfUtils.java:logGet(44)) - raft.server.log.appender.buffer.element-limit = 1 (custom)
2022-03-01 02:09:03,726 [393f4c54-f67b-44fe-81f5-8bfc2099cec7@group-B644FF3D61AF-LeaderElection45] INFO  grpc.GrpcConfigKeys (ConfUtils.java:logGet(44)) - raft.grpc.server.leader.outstanding.appends.max = 128 (default)
2022-03-01 02:09:03,726 [393f4c54-f67b-44fe-81f5-8bfc2099cec7@group-B644FF3D61AF-LeaderElection45] INFO  server.RaftServerConfigKeys (ConfUtils.java:logGet(44)) - raft.server.rpc.request.timeout = 60s (custom)
2022-03-01 02:09:03,726 [393f4c54-f67b-44fe-81f5-8bfc2099cec7@group-B644FF3D61AF-LeaderElection45] INFO  server.RaftServerConfigKeys (ConfUtils.java:logGet(44)) - raft.server.log.appender.install.snapshot.enabled = false (custom)
2022-03-01 02:09:03,727 [393f4c54-f67b-44fe-81f5-8bfc2099cec7@group-B644FF3D61AF-LeaderElection45] INFO  server.RaftServerConfigKeys (ConfUtils.java:logGet(44)) - raft.server.log.appender.snapshot.chunk.size.max = 16MB (=16777216) (default)
2022-03-01 02:09:03,727 [393f4c54-f67b-44fe-81f5-8bfc2099cec7@group-B644FF3D61AF-LeaderElection45] INFO  server.RaftServerConfigKeys (ConfUtils.java:logGet(44)) - raft.server.log.appender.buffer.byte-limit = 33554432 (custom)
2022-03-01 02:09:03,727 [393f4c54-f67b-44fe-81f5-8bfc2099cec7@group-B644FF3D61AF-LeaderElection45] INFO  server.RaftServerConfigKeys (ConfUtils.java:logGet(44)) - raft.server.log.appender.buffer.element-limit = 1 (custom)
2022-03-01 02:09:03,727 [393f4c54-f67b-44fe-81f5-8bfc2099cec7@group-B644FF3D61AF-LeaderElection45] INFO  grpc.GrpcConfigKeys (ConfUtils.java:logGet(44)) - raft.grpc.server.leader.outstanding.appends.max = 128 (default)
2022-03-01 02:09:03,727 [393f4c54-f67b-44fe-81f5-8bfc2099cec7@group-B644FF3D61AF-LeaderElection45] INFO  server.RaftServerConfigKeys (ConfUtils.java:logGet(44)) - raft.server.rpc.request.timeout = 60s (custom)
2022-03-01 02:09:03,727 [393f4c54-f67b-44fe-81f5-8bfc2099cec7@group-B644FF3D61AF-LeaderElection45] INFO  server.RaftServerConfigKeys (ConfUtils.java:logGet(44)) - raft.server.log.appender.install.snapshot.enabled = false (custom)
2022-03-01 02:09:03,728 [393f4c54-f67b-44fe-81f5-8bfc2099cec7@group-B644FF3D61AF-LeaderElection45] INFO  impl.RoleInfo (RoleInfo.java:updateAndGet(130)) - 393f4c54-f67b-44fe-81f5-8bfc2099cec7: start 393f4c54-f67b-44fe-81f5-8bfc2099cec7@group-B644FF3D61AF-LeaderStateImpl
2022-03-01 02:09:03,728 [393f4c54-f67b-44fe-81f5-8bfc2099cec7@group-B644FF3D61AF-LeaderElection45] INFO  segmented.SegmentedRaftLogWorker (SegmentedRaftLogWorker.java:startLogSegment(394)) - 393f4c54-f67b-44fe-81f5-8bfc2099cec7@group-B644FF3D61AF-SegmentedRaftLogWorker: Starting segment from index:0
2022-03-01 02:09:03,730 [393f4c54-f67b-44fe-81f5-8bfc2099cec7@group-B644FF3D61AF-SegmentedRaftLogWorker] INFO  segmented.SegmentedRaftLogWorker (SegmentedRaftLogWorker.java:execute(601)) - 393f4c54-f67b-44fe-81f5-8bfc2099cec7@group-B644FF3D61AF-SegmentedRaftLogWorker: created new log segment /home/runner/work/ozone/ozone/hadoop-ozone/integration-test/target/test-dir/MiniOzoneClusterImpl-4a905738-de8a-4f79-b951-dc63c6cec1e7/datanode-1/data/ratis/4656e030-2756-4f3a-99a7-b644ff3d61af/current/log_inprogress_0
2022-03-01 02:09:03,776 [393f4c54-f67b-44fe-81f5-8bfc2099cec7@group-B644FF3D61AF-LeaderElection45] INFO  server.RaftServer$Division (ServerState.java:setRaftConf(387)) - 393f4c54-f67b-44fe-81f5-8bfc2099cec7@group-B644FF3D61AF: set configuration 0: [393f4c54-f67b-44fe-81f5-8bfc2099cec7|rpc:10.1.0.9:34819|dataStream:|priority:1, c521be71-924d-486e-9da9-f3a5438abd2c|rpc:10.1.0.9:35291|dataStream:|priority:0, 2fe09f74-0f35-4dca-83ea-38d6e64c020a|rpc:10.1.0.9:46395|dataStream:|priority:0], old=null
2022-03-01 02:09:03,785 [grpc-default-executor-1] INFO  server.RaftServer$Division (RaftServerImpl.java:requestVote(1046)) - 2fe09f74-0f35-4dca-83ea-38d6e64c020a@group-B644FF3D61AF: receive requestVote(ELECTION, 393f4c54-f67b-44fe-81f5-8bfc2099cec7, group-B644FF3D61AF, 3, (t:0, i:0))
2022-03-01 02:09:03,788 [58423f7c-2297-4434-9210-7e927eefd95c@group-DC63C6CEC1E7-StateMachineUpdater] INFO  safemode.HealthyPipelineSafeModeRule (HealthyPipelineSafeModeRule.java:initializeRule(152)) - Refreshed total pipeline count is 1, healthy pipeline threshold count is 1
2022-03-01 02:09:03,788 [EventQueue-OpenPipelineForHealthyPipelineSafeModeRule] INFO  safemode.SCMSafeModeManager (HealthyPipelineSafeModeRule.java:process(124)) - SCM in safe mode. Healthy pipelines reported count is 1, required healthy pipeline reported count is 1
2022-03-01 02:09:03,788 [EventQueue-OpenPipelineForHealthyPipelineSafeModeRule] INFO  safemode.SCMSafeModeManager (SCMSafeModeManager.java:validateSafeModeExitRules(204)) - HealthyPipelineSafeModeRule rule is successfully validated
2022-03-01 02:09:03,788 [EventQueue-OpenPipelineForHealthyPipelineSafeModeRule] INFO  safemode.SCMSafeModeManager (SCMSafeModeManager.java:validateSafeModeExitRules(219)) - ScmSafeModeManager, all rules are successfully validated
2022-03-01 02:09:03,788 [EventQueue-OpenPipelineForHealthyPipelineSafeModeRule] INFO  safemode.SCMSafeModeManager (SCMSafeModeManager.java:exitSafeMode(248)) - SCM exiting safe mode.
2022-03-01 02:09:03,788 [EventQueue-OpenPipelineForHealthyPipelineSafeModeRule] WARN  events.EventQueue (EventQueue.java:fireEvent(194)) - No event handler registered for event TypedEvent{payloadType=SafeModeStatus, name='Safe mode status'}
2022-03-01 02:09:03,788 [EventQueue-OpenPipelineForHealthyPipelineSafeModeRule] INFO  ha.SCMContext (SCMContext.java:updateSafeModeStatus(211)) - Update SafeModeStatus from SafeModeStatus{safeModeStatus=true, preCheckPassed=true} to SafeModeStatus{safeModeStatus=false, preCheckPassed=true}.
2022-03-01 02:09:03,788 [EventQueue-OpenPipelineForHealthyPipelineSafeModeRule] INFO  container.ReplicationManager (ReplicationManager.java:notifyStatusChanged(1807)) - Service ReplicationManager transitions to RUNNING.
2022-03-01 02:09:03,789 [grpc-default-executor-2] INFO  ratis.XceiverServerRatis (XceiverServerRatis.java:handleLeaderChangedNotification(867)) - Leader change notification received for group: group-B644FF3D61AF with new leaderId: 393f4c54-f67b-44fe-81f5-8bfc2099cec7
2022-03-01 02:09:03,789 [grpc-default-executor-2] INFO  server.RaftServer$Division (ServerState.java:setLeader(285)) - c521be71-924d-486e-9da9-f3a5438abd2c@group-B644FF3D61AF: change Leader from null to 393f4c54-f67b-44fe-81f5-8bfc2099cec7 at term 3 for appendEntries, leader elected after 15676ms
2022-03-01 02:09:03,790 [2fe09f74-0f35-4dca-83ea-38d6e64c020a@group-B644FF3D61AF-LeaderElection46] INFO  impl.LeaderElection (LeaderElection.java:askForVotes(306)) - 2fe09f74-0f35-4dca-83ea-38d6e64c020a@group-B644FF3D61AF-LeaderElection46 ELECTION round 0: submit vote requests at term 3 for -1: [393f4c54-f67b-44fe-81f5-8bfc2099cec7|rpc:10.1.0.9:34819|dataStream:|priority:1, c521be71-924d-486e-9da9-f3a5438abd2c|rpc:10.1.0.9:35291|dataStream:|priority:0, 2fe09f74-0f35-4dca-83ea-38d6e64c020a|rpc:10.1.0.9:46395|dataStream:|priority:0], old=null
2022-03-01 02:09:03,790 [grpc-default-executor-5] INFO  server.RaftServer$Division (RaftServerImpl.java:setRole(290)) - 2fe09f74-0f35-4dca-83ea-38d6e64c020a@group-B644FF3D61AF: changes role from CANDIDATE to FOLLOWER at term 3 for appendEntries
2022-03-01 02:09:03,790 [grpc-default-executor-5] INFO  impl.RoleInfo (RoleInfo.java:shutdownLeaderElection(121)) - 2fe09f74-0f35-4dca-83ea-38d6e64c020a: shutdown 2fe09f74-0f35-4dca-83ea-38d6e64c020a@group-B644FF3D61AF-LeaderElection46
2022-03-01 02:09:03,812 [grpc-default-executor-5] INFO  impl.RoleInfo (RoleInfo.java:updateAndGet(130)) - 2fe09f74-0f35-4dca-83ea-38d6e64c020a: start 2fe09f74-0f35-4dca-83ea-38d6e64c020a@group-B644FF3D61AF-FollowerState
2022-03-01 02:09:03,850 [2fe09f74-0f35-4dca-83ea-38d6e64c020a@group-B644FF3D61AF-LeaderElection46] INFO  impl.LeaderElection (LeaderElection.java:logAndReturn(89)) - 2fe09f74-0f35-4dca-83ea-38d6e64c020a@group-B644FF3D61AF-LeaderElection46: ELECTION REJECTED received 0 response(s) and 0 exception(s):
2022-03-01 02:09:03,853 [grpc-default-executor-3] INFO  server.RaftServer$Division (RaftServerImpl.java:requestVote(1046)) - 393f4c54-f67b-44fe-81f5-8bfc2099cec7@group-B644FF3D61AF: receive requestVote(ELECTION, 2fe09f74-0f35-4dca-83ea-38d6e64c020a, group-B644FF3D61AF, 3, (t:0, i:0))
2022-03-01 02:09:03,853 [grpc-default-executor-2] INFO  server.RaftServer$Division (ServerState.java:setRaftConf(387)) - c521be71-924d-486e-9da9-f3a5438abd2c@group-B644FF3D61AF: set configuration 0: [393f4c54-f67b-44fe-81f5-8bfc2099cec7|rpc:10.1.0.9:34819|dataStream:|priority:1, c521be71-924d-486e-9da9-f3a5438abd2c|rpc:10.1.0.9:35291|dataStream:|priority:0, 2fe09f74-0f35-4dca-83ea-38d6e64c020a|rpc:10.1.0.9:46395|dataStream:|priority:0], old=null
2022-03-01 02:09:03,854 [grpc-default-executor-2] INFO  segmented.SegmentedRaftLogWorker (SegmentedRaftLogWorker.java:startLogSegment(394)) - c521be71-924d-486e-9da9-f3a5438abd2c@group-B644FF3D61AF-SegmentedRaftLogWorker: Starting segment from index:0
2022-03-01 02:09:03,853 [grpc-default-executor-3] INFO  impl.VoteContext (VoteContext.java:log(48)) - 393f4c54-f67b-44fe-81f5-8bfc2099cec7@group-B644FF3D61AF-LEADER: reject ELECTION from 2fe09f74-0f35-4dca-83ea-38d6e64c020a: already has voted for 393f4c54-f67b-44fe-81f5-8bfc2099cec7 at current term 3
2022-03-01 02:09:03,854 [grpc-default-executor-3] INFO  server.RaftServer$Division (RaftServerImpl.java:requestVote(1078)) - 393f4c54-f67b-44fe-81f5-8bfc2099cec7@group-B644FF3D61AF replies to ELECTION vote request: 2fe09f74-0f35-4dca-83ea-38d6e64c020a<-393f4c54-f67b-44fe-81f5-8bfc2099cec7#0:FAIL-t3. Peer's state: 393f4c54-f67b-44fe-81f5-8bfc2099cec7@group-B644FF3D61AF:t3, leader=393f4c54-f67b-44fe-81f5-8bfc2099cec7, voted=393f4c54-f67b-44fe-81f5-8bfc2099cec7, raftlog=393f4c54-f67b-44fe-81f5-8bfc2099cec7@group-B644FF3D61AF-SegmentedRaftLog:OPENED:c0, conf=0: [393f4c54-f67b-44fe-81f5-8bfc2099cec7|rpc:10.1.0.9:34819|dataStream:|priority:1, c521be71-924d-486e-9da9-f3a5438abd2c|rpc:10.1.0.9:35291|dataStream:|priority:0, 2fe09f74-0f35-4dca-83ea-38d6e64c020a|rpc:10.1.0.9:46395|dataStream:|priority:0], old=null
2022-03-01 02:09:03,854 [grpc-default-executor-5] INFO  ratis.XceiverServerRatis (XceiverServerRatis.java:handleLeaderChangedNotification(867)) - Leader change notification received for group: group-B644FF3D61AF with new leaderId: 393f4c54-f67b-44fe-81f5-8bfc2099cec7
2022-03-01 02:09:03,855 [grpc-default-executor-5] INFO  server.RaftServer$Division (ServerState.java:setLeader(285)) - 2fe09f74-0f35-4dca-83ea-38d6e64c020a@group-B644FF3D61AF: change Leader from null to 393f4c54-f67b-44fe-81f5-8bfc2099cec7 at term 3 for appendEntries, leader elected after 15590ms
2022-03-01 02:09:03,855 [grpc-default-executor-1] INFO  impl.VoteContext (VoteContext.java:log(48)) - 2fe09f74-0f35-4dca-83ea-38d6e64c020a@group-B644FF3D61AF-FOLLOWER: reject ELECTION from 393f4c54-f67b-44fe-81f5-8bfc2099cec7: already has voted for 2fe09f74-0f35-4dca-83ea-38d6e64c020a at current term 3
2022-03-01 02:09:03,867 [grpc-default-executor-1] INFO  server.RaftServer$Division (RaftServerImpl.java:requestVote(1078)) - 2fe09f74-0f35-4dca-83ea-38d6e64c020a@group-B644FF3D61AF replies to ELECTION vote request: 393f4c54-f67b-44fe-81f5-8bfc2099cec7<-2fe09f74-0f35-4dca-83ea-38d6e64c020a#0:FAIL-t3. Peer's state: 2fe09f74-0f35-4dca-83ea-38d6e64c020a@group-B644FF3D61AF:t3, leader=393f4c54-f67b-44fe-81f5-8bfc2099cec7, voted=2fe09f74-0f35-4dca-83ea-38d6e64c020a, raftlog=2fe09f74-0f35-4dca-83ea-38d6e64c020a@group-B644FF3D61AF-SegmentedRaftLog:OPENED:c-1, conf=-1: [393f4c54-f67b-44fe-81f5-8bfc2099cec7|rpc:10.1.0.9:34819|dataStream:|priority:1, c521be71-924d-486e-9da9-f3a5438abd2c|rpc:10.1.0.9:35291|dataStream:|priority:0, 2fe09f74-0f35-4dca-83ea-38d6e64c020a|rpc:10.1.0.9:46395|dataStream:|priority:0], old=null
2022-03-01 02:09:03,856 [2fe09f74-0f35-4dca-83ea-38d6e64c020a@group-B644FF3D61AF-LeaderElection46] INFO  impl.LeaderElection (LeaderElection.java:askForVotes(308)) - 2fe09f74-0f35-4dca-83ea-38d6e64c020a@group-B644FF3D61AF-LeaderElection46 ELECTION round 0: result REJECTED
2022-03-01 02:09:03,884 [grpc-default-executor-5] INFO  server.RaftServer$Division (ServerState.java:setRaftConf(387)) - 2fe09f74-0f35-4dca-83ea-38d6e64c020a@group-B644FF3D61AF: set configuration 0: [393f4c54-f67b-44fe-81f5-8bfc2099cec7|rpc:10.1.0.9:34819|dataStream:|priority:1, c521be71-924d-486e-9da9-f3a5438abd2c|rpc:10.1.0.9:35291|dataStream:|priority:0, 2fe09f74-0f35-4dca-83ea-38d6e64c020a|rpc:10.1.0.9:46395|dataStream:|priority:0], old=null
2022-03-01 02:09:03,885 [grpc-default-executor-5] INFO  segmented.SegmentedRaftLogWorker (SegmentedRaftLogWorker.java:startLogSegment(394)) - 2fe09f74-0f35-4dca-83ea-38d6e64c020a@group-B644FF3D61AF-SegmentedRaftLogWorker: Starting segment from index:0
2022-03-01 02:09:03,886 [c521be71-924d-486e-9da9-f3a5438abd2c@group-B644FF3D61AF-SegmentedRaftLogWorker] INFO  segmented.SegmentedRaftLogWorker (SegmentedRaftLogWorker.java:execute(601)) - c521be71-924d-486e-9da9-f3a5438abd2c@group-B644FF3D61AF-SegmentedRaftLogWorker: created new log segment /home/runner/work/ozone/ozone/hadoop-ozone/integration-test/target/test-dir/MiniOzoneClusterImpl-4a905738-de8a-4f79-b951-dc63c6cec1e7/datanode-0/data/ratis/4656e030-2756-4f3a-99a7-b644ff3d61af/current/log_inprogress_0
2022-03-01 02:09:03,886 [2fe09f74-0f35-4dca-83ea-38d6e64c020a@group-B644FF3D61AF-SegmentedRaftLogWorker] INFO  segmented.SegmentedRaftLogWorker (SegmentedRaftLogWorker.java:execute(601)) - 2fe09f74-0f35-4dca-83ea-38d6e64c020a@group-B644FF3D61AF-SegmentedRaftLogWorker: created new log segment /home/runner/work/ozone/ozone/hadoop-ozone/integration-test/target/test-dir/MiniOzoneClusterImpl-4a905738-de8a-4f79-b951-dc63c6cec1e7/datanode-2/data/ratis/4656e030-2756-4f3a-99a7-b644ff3d61af/current/log_inprogress_0
2022-03-01 02:09:03,902 [grpc-default-executor-5] INFO  server.RaftServer$Division (RaftServerImpl.java:requestVote(1046)) - c521be71-924d-486e-9da9-f3a5438abd2c@group-B644FF3D61AF: receive requestVote(ELECTION, 2fe09f74-0f35-4dca-83ea-38d6e64c020a, group-B644FF3D61AF, 3, (t:0, i:0))
2022-03-01 02:09:03,902 [grpc-default-executor-5] INFO  impl.VoteContext (VoteContext.java:log(48)) - c521be71-924d-486e-9da9-f3a5438abd2c@group-B644FF3D61AF-FOLLOWER: reject ELECTION from 2fe09f74-0f35-4dca-83ea-38d6e64c020a: already has voted for 393f4c54-f67b-44fe-81f5-8bfc2099cec7 at current term 3
2022-03-01 02:09:03,902 [grpc-default-executor-5] INFO  server.RaftServer$Division (RaftServerImpl.java:requestVote(1078)) - c521be71-924d-486e-9da9-f3a5438abd2c@group-B644FF3D61AF replies to ELECTION vote request: 2fe09f74-0f35-4dca-83ea-38d6e64c020a<-c521be71-924d-486e-9da9-f3a5438abd2c#0:FAIL-t3. Peer's state: c521be71-924d-486e-9da9-f3a5438abd2c@group-B644FF3D61AF:t3, leader=393f4c54-f67b-44fe-81f5-8bfc2099cec7, voted=393f4c54-f67b-44fe-81f5-8bfc2099cec7, raftlog=c521be71-924d-486e-9da9-f3a5438abd2c@group-B644FF3D61AF-SegmentedRaftLog:OPENED:c-1, conf=0: [393f4c54-f67b-44fe-81f5-8bfc2099cec7|rpc:10.1.0.9:34819|dataStream:|priority:1, c521be71-924d-486e-9da9-f3a5438abd2c|rpc:10.1.0.9:35291|dataStream:|priority:0, 2fe09f74-0f35-4dca-83ea-38d6e64c020a|rpc:10.1.0.9:46395|dataStream:|priority:0], old=null
2022-03-01 02:09:04,672 [Listener at 127.0.0.1/45865] INFO  ozone.MiniOzoneClusterImpl (MiniOzoneClusterImpl.java:lambda$waitForClusterToBeReady$0(219)) - Nodes are ready. Got 3 of 3 DN Heartbeats.
2022-03-01 02:09:04,672 [Listener at 127.0.0.1/45865] INFO  ozone.MiniOzoneClusterImpl (MiniOzoneClusterImpl.java:lambda$waitForClusterToBeReady$0(222)) - Cluster exits safe mode
2022-03-01 02:09:04,672 [Listener at 127.0.0.1/45865] INFO  ozone.MiniOzoneClusterImpl (MiniOzoneClusterImpl.java:lambda$waitForClusterToBeReady$0(224)) - SCM became leader
2022-03-01 02:09:04,743 [Listener at 127.0.0.1/45865] INFO  rpc.RpcClient (RpcClient.java:createVolume(399)) - Creating Volume: volume38108, with user39350 as owner and space quota set to -1 bytes, counts quota set to -1
2022-03-01 02:09:04,762 [IPC Server handler 4 on default port 45865] INFO  volume.OMVolumeCreateRequest (OMVolumeCreateRequest.java:validateAndUpdateCache(195)) - created volume:volume38108 for user:user39350
2022-03-01 02:09:04,860 [Listener at 127.0.0.1/45865] INFO  rpc.RpcClient (RpcClient.java:createBucket(562)) - Creating Bucket: volume38108/bucket59086, with runner as owner and Versioning false and Storage Type set to DISK and Encryption set to false 
]]></system-out>
  </testcase>
  <testcase name="testRenameFile[2]" classname="org.apache.hadoop.fs.ozone.TestRootedOzoneFileSystem" time="0.266"/>
  <testcase name="testListStatusRootAndVolumeRecursive[2]" classname="org.apache.hadoop.fs.ozone.TestRootedOzoneFileSystem" time="1.06"/>
  <testcase name="testTempMount[2]" classname="org.apache.hadoop.fs.ozone.TestRootedOzoneFileSystem" time="0.201"/>
  <testcase name="testListStatusRootAndVolumeNonRecursive[2]" classname="org.apache.hadoop.fs.ozone.TestRootedOzoneFileSystem" time="0.573"/>
  <testcase name="testDeleteVolumeAndBucket[2]" classname="org.apache.hadoop.fs.ozone.TestRootedOzoneFileSystem" time="0.046"/>
  <testcase name="testRenameDirToItsOwnSubDir[2]" classname="org.apache.hadoop.fs.ozone.TestRootedOzoneFileSystem" time="0.044"/>
  <testcase name="testOzoneFsServiceLoader[2]" classname="org.apache.hadoop.fs.ozone.TestRootedOzoneFileSystem" time="0.037"/>
  <testcase name="testTrash[2]" classname="org.apache.hadoop.fs.ozone.TestRootedOzoneFileSystem" time="0">
    <skipped/>
  </testcase>
  <testcase name="testRenameDestinationParentDoesntExist[2]" classname="org.apache.hadoop.fs.ozone.TestRootedOzoneFileSystem" time="0.037"/>
  <testcase name="testGetFileStatusRoot[2]" classname="org.apache.hadoop.fs.ozone.TestRootedOzoneFileSystem" time="0.018"/>
  <testcase name="testCreateWithInvalidPaths[2]" classname="org.apache.hadoop.fs.ozone.TestRootedOzoneFileSystem" time="0.007"/>
  <testcase name="testDeleteEmptyVolume[2]" classname="org.apache.hadoop.fs.ozone.TestRootedOzoneFileSystem" time="0.045"/>
  <testcase name="testListStatusRootAndVolumeContinuation[2]" classname="org.apache.hadoop.fs.ozone.TestRootedOzoneFileSystem" time="0">
    <skipped message="FS Path is enabled. Skipping this test as it is not tuned for FS Path yet" type="org.junit.AssumptionViolatedException">org.junit.AssumptionViolatedException: FS Path is enabled. Skipping this test as it is not tuned for FS Path yet
	at org.junit.Assume.assumeTrue(Assume.java:68)
	at org.apache.hadoop.fs.ozone.TestRootedOzoneFileSystem.testListStatusRootAndVolumeContinuation(TestRootedOzoneFileSystem.java:887)
	at sun.reflect.NativeMethodAccessorImpl.invoke0(Native Method)
	at sun.reflect.NativeMethodAccessorImpl.invoke(NativeMethodAccessorImpl.java:62)
	at sun.reflect.DelegatingMethodAccessorImpl.invoke(DelegatingMethodAccessorImpl.java:43)
	at java.lang.reflect.Method.invoke(Method.java:498)
	at org.junit.runners.model.FrameworkMethod$1.runReflectiveCall(FrameworkMethod.java:59)
	at org.junit.internal.runners.model.ReflectiveCallable.run(ReflectiveCallable.java:12)
	at org.junit.runners.model.FrameworkMethod.invokeExplosively(FrameworkMethod.java:56)
	at org.junit.internal.runners.statements.InvokeMethod.evaluate(InvokeMethod.java:17)
	at org.junit.internal.runners.statements.FailOnTimeout$CallableStatement.call(FailOnTimeout.java:288)
	at org.junit.internal.runners.statements.FailOnTimeout$CallableStatement.call(FailOnTimeout.java:282)
	at java.util.concurrent.FutureTask.run(FutureTask.java:266)
	at java.lang.Thread.run(Thread.java:750)
</skipped>
  </testcase>
  <testcase name="testDeleteVolumeBucketAndKey[2]" classname="org.apache.hadoop.fs.ozone.TestRootedOzoneFileSystem" time="0.05"/>
  <testcase name="testRenameToParentDir[2]" classname="org.apache.hadoop.fs.ozone.TestRootedOzoneFileSystem" time="0.071"/>
  <testcase name="testMkdirNonExistentVolumeBucket[2]" classname="org.apache.hadoop.fs.ozone.TestRootedOzoneFileSystem" time="0.041"/>
  <testcase name="testFailToDeleteRoot[2]" classname="org.apache.hadoop.fs.ozone.TestRootedOzoneFileSystem" time="0.027"/>
  <testcase name="testListStatusOnSubDirs[2]" classname="org.apache.hadoop.fs.ozone.TestRootedOzoneFileSystem" time="0.061"/>
  <testcase name="testListStatus[2]" classname="org.apache.hadoop.fs.ozone.TestRootedOzoneFileSystem" time="0.083"/>
  <testcase name="testGetTrashRoots[2]" classname="org.apache.hadoop.fs.ozone.TestRootedOzoneFileSystem" time="0.795"/>
  <testcase name="testCreateDoesNotAddParentDirKeys[2]" classname="org.apache.hadoop.fs.ozone.TestRootedOzoneFileSystem" time="0.13"/>
  <testcase name="testMkdirNonExistentVolume[2]" classname="org.apache.hadoop.fs.ozone.TestRootedOzoneFileSystem" time="0.01"/>
  <testcase name="testDeleteCreatesFakeParentDir[2]" classname="org.apache.hadoop.fs.ozone.TestRootedOzoneFileSystem" time="0">
    <skipped message="FS Path is enabled. Skipping this test as it is not tuned for FS Path yet" type="org.junit.AssumptionViolatedException">org.junit.AssumptionViolatedException: FS Path is enabled. Skipping this test as it is not tuned for FS Path yet
	at org.junit.Assume.assumeTrue(Assume.java:68)
	at org.apache.hadoop.fs.ozone.TestRootedOzoneFileSystem.testDeleteCreatesFakeParentDir(TestRootedOzoneFileSystem.java:302)
	at sun.reflect.NativeMethodAccessorImpl.invoke0(Native Method)
	at sun.reflect.NativeMethodAccessorImpl.invoke(NativeMethodAccessorImpl.java:62)
	at sun.reflect.DelegatingMethodAccessorImpl.invoke(DelegatingMethodAccessorImpl.java:43)
	at java.lang.reflect.Method.invoke(Method.java:498)
	at org.junit.runners.model.FrameworkMethod$1.runReflectiveCall(FrameworkMethod.java:59)
	at org.junit.internal.runners.model.ReflectiveCallable.run(ReflectiveCallable.java:12)
	at org.junit.runners.model.FrameworkMethod.invokeExplosively(FrameworkMethod.java:56)
	at org.junit.internal.runners.statements.InvokeMethod.evaluate(InvokeMethod.java:17)
	at org.junit.internal.runners.statements.FailOnTimeout$CallableStatement.call(FailOnTimeout.java:288)
	at org.junit.internal.runners.statements.FailOnTimeout$CallableStatement.call(FailOnTimeout.java:282)
	at java.util.concurrent.FutureTask.run(FutureTask.java:266)
	at java.lang.Thread.run(Thread.java:750)
</skipped>
  </testcase>
  <testcase name="testNonExplicitlyCreatedPathExistsAfterItsLeafsWereRemoved[2]" classname="org.apache.hadoop.fs.ozone.TestRootedOzoneFileSystem" time="0.072"/>
  <testcase name="testFileDelete[2]" classname="org.apache.hadoop.fs.ozone.TestRootedOzoneFileSystem" time="0.135"/>
  <testcase name="testRenameToTrashEnabled[2]" classname="org.apache.hadoop.fs.ozone.TestRootedOzoneFileSystem" time="0.296"/>
  <testcase name="testMkdirOnNonExistentVolumeBucketDir[2]" classname="org.apache.hadoop.fs.ozone.TestRootedOzoneFileSystem" time="0">
    <skipped message="FS Path is enabled. Skipping this test as it is not tuned for FS Path yet" type="org.junit.AssumptionViolatedException">org.junit.AssumptionViolatedException: FS Path is enabled. Skipping this test as it is not tuned for FS Path yet
	at org.junit.Assume.assumeTrue(Assume.java:68)
	at org.apache.hadoop.fs.ozone.TestRootedOzoneFileSystem.testMkdirOnNonExistentVolumeBucketDir(TestRootedOzoneFileSystem.java:405)
	at sun.reflect.NativeMethodAccessorImpl.invoke0(Native Method)
	at sun.reflect.NativeMethodAccessorImpl.invoke(NativeMethodAccessorImpl.java:62)
	at sun.reflect.DelegatingMethodAccessorImpl.invoke(DelegatingMethodAccessorImpl.java:43)
	at java.lang.reflect.Method.invoke(Method.java:498)
	at org.junit.runners.model.FrameworkMethod$1.runReflectiveCall(FrameworkMethod.java:59)
	at org.junit.internal.runners.model.ReflectiveCallable.run(ReflectiveCallable.java:12)
	at org.junit.runners.model.FrameworkMethod.invokeExplosively(FrameworkMethod.java:56)
	at org.junit.internal.runners.statements.InvokeMethod.evaluate(InvokeMethod.java:17)
	at org.junit.internal.runners.statements.FailOnTimeout$CallableStatement.call(FailOnTimeout.java:288)
	at org.junit.internal.runners.statements.FailOnTimeout$CallableStatement.call(FailOnTimeout.java:282)
	at java.util.concurrent.FutureTask.run(FutureTask.java:266)
	at java.lang.Thread.run(Thread.java:750)
</skipped>
  </testcase>
  <testcase name="testListStatusOnLargeDirectory[2]" classname="org.apache.hadoop.fs.ozone.TestRootedOzoneFileSystem" time="12.898"/>
  <testcase name="testRenameToDifferentBucket[2]" classname="org.apache.hadoop.fs.ozone.TestRootedOzoneFileSystem" time="0.029"/>
  <testcase name="testListStatusInBucket[2]" classname="org.apache.hadoop.fs.ozone.TestRootedOzoneFileSystem" time="0.046"/>
  <testcase name="testRenameFileToDir[2]" classname="org.apache.hadoop.fs.ozone.TestRootedOzoneFileSystem" time="0.098"/>
  <testcase name="testNonPrivilegedUserMkdirCreateBucket[3]" classname="org.apache.hadoop.fs.ozone.TestRootedOzoneFileSystem" time="0">
    <skipped message="ACL is not enabled. Skipping this test as it requires ACL to be enabled to be meaningful." type="org.junit.AssumptionViolatedException">org.junit.AssumptionViolatedException: ACL is not enabled. Skipping this test as it requires ACL to be enabled to be meaningful.
	at org.junit.Assume.assumeTrue(Assume.java:68)
	at org.apache.hadoop.fs.ozone.TestRootedOzoneFileSystem.testNonPrivilegedUserMkdirCreateBucket(TestRootedOzoneFileSystem.java:1582)
	at sun.reflect.NativeMethodAccessorImpl.invoke0(Native Method)
	at sun.reflect.NativeMethodAccessorImpl.invoke(NativeMethodAccessorImpl.java:62)
	at sun.reflect.DelegatingMethodAccessorImpl.invoke(DelegatingMethodAccessorImpl.java:43)
	at java.lang.reflect.Method.invoke(Method.java:498)
	at org.junit.runners.model.FrameworkMethod$1.runReflectiveCall(FrameworkMethod.java:59)
	at org.junit.internal.runners.model.ReflectiveCallable.run(ReflectiveCallable.java:12)
	at org.junit.runners.model.FrameworkMethod.invokeExplosively(FrameworkMethod.java:56)
	at org.junit.internal.runners.statements.InvokeMethod.evaluate(InvokeMethod.java:17)
	at org.junit.internal.runners.statements.FailOnTimeout$CallableStatement.call(FailOnTimeout.java:288)
	at org.junit.internal.runners.statements.FailOnTimeout$CallableStatement.call(FailOnTimeout.java:282)
	at java.util.concurrent.FutureTask.run(FutureTask.java:266)
	at java.lang.Thread.run(Thread.java:750)
</skipped>
    <system-out><![CDATA[2022-03-01 02:09:22,147 [Listener at 127.0.0.1/45865] INFO  ozone.MiniOzoneClusterImpl (MiniOzoneClusterImpl.java:shutdown(449)) - Shutting down the Mini Ozone Cluster
2022-03-01 02:09:22,148 [Listener at 127.0.0.1/45865] INFO  ozone.MiniOzoneClusterImpl (MiniOzoneClusterImpl.java:stop(464)) - Stopping the Mini Ozone Cluster
2022-03-01 02:09:22,148 [Listener at 127.0.0.1/45865] INFO  ozone.MiniOzoneClusterImpl (MiniOzoneClusterImpl.java:stopOM(546)) - Stopping the OzoneManager
2022-03-01 02:09:22,148 [Listener at 127.0.0.1/45865] INFO  om.OzoneManager (OzoneManager.java:stop(1893)) - om1[localhost:0]: Stopping Ozone Manager
2022-03-01 02:09:22,148 [Listener at 127.0.0.1/45865] INFO  ipc.Server (Server.java:stop(3414)) - Stopping server on 45865
2022-03-01 02:09:22,177 [Listener at 127.0.0.1/45865] INFO  ratis.OzoneManagerDoubleBuffer (OzoneManagerDoubleBuffer.java:stop(437)) - Stopping OMDoubleBuffer flush thread
2022-03-01 02:09:22,178 [IPC Server listener on 0] INFO  ipc.Server (Server.java:run(1376)) - Stopping IPC Server listener on 0
2022-03-01 02:09:22,178 [OMDoubleBufferFlushThread] INFO  ratis.OzoneManagerDoubleBuffer (OzoneManagerDoubleBuffer.java:flushTransactions(356)) - OMDoubleBuffer flush thread OMDoubleBufferFlushThread is interrupted and will exit. OMDoubleBufferFlushThread
2022-03-01 02:09:22,178 [Listener at 127.0.0.1/45865] INFO  utils.BackgroundService (BackgroundService.java:shutdown(132)) - Shutting down service KeyDeletingService
2022-03-01 02:09:22,178 [IPC Server Responder] INFO  ipc.Server (Server.java:run(1512)) - Stopping IPC Server Responder
2022-03-01 02:09:22,187 [Listener at 127.0.0.1/45865] INFO  utils.BackgroundService (BackgroundService.java:shutdown(132)) - Shutting down service DirectoryDeletingService
2022-03-01 02:09:22,188 [Listener at 127.0.0.1/45865] INFO  handler.ContextHandler (ContextHandler.java:doStop(1153)) - Stopped o.e.j.w.WebAppContext@1f027829{ozoneManager,/,null,STOPPED}{file:/home/runner/work/ozone/ozone/hadoop-ozone/integration-test/target/test-classes/webapps/ozoneManager}
2022-03-01 02:09:22,189 [Listener at 127.0.0.1/45865] INFO  server.AbstractConnector (AbstractConnector.java:doStop(381)) - Stopped ServerConnector@26be3303{HTTP/1.1, (http/1.1)}{0.0.0.0:0}
2022-03-01 02:09:22,189 [Listener at 127.0.0.1/45865] INFO  server.session (HouseKeeper.java:stopScavenging(149)) - node0 Stopped scavenging
2022-03-01 02:09:22,189 [Listener at 127.0.0.1/45865] INFO  handler.ContextHandler (ContextHandler.java:doStop(1153)) - Stopped o.e.j.s.ServletContextHandler@10646cfd{static,/static,file:///home/runner/work/ozone/ozone/hadoop-ozone/integration-test/target/test-classes/webapps/static,STOPPED}
2022-03-01 02:09:22,189 [Listener at 127.0.0.1/45865] INFO  handler.ContextHandler (ContextHandler.java:doStop(1153)) - Stopped o.e.j.s.ServletContextHandler@1937bcc6{logs,/logs,file:///home/runner/work/ozone/ozone/hadoop-ozone/integration-test/target/log,STOPPED}
2022-03-01 02:09:22,191 [Trash Emptier] ERROR util.ExitUtils (ExitUtils.java:terminate(133)) - Terminating with exit status -1: Thread[Trash Emptier,5,main] has thrown an uncaught exception
java.lang.UnsupportedOperationException: fs.getUri() not implemented in TrashOzoneFileSystem
	at org.apache.hadoop.ozone.om.TrashOzoneFileSystem.getUri(TrashOzoneFileSystem.java:124)
	at org.apache.hadoop.fs.FileSystem.close(FileSystem.java:2592)
	at org.apache.hadoop.ozone.om.TrashPolicyOzone$Emptier.run(TrashPolicyOzone.java:243)
	at java.lang.Thread.run(Thread.java:750)
2022-03-01 02:09:22,192 [Listener at 127.0.0.1/45865] INFO  ozone.MiniOzoneClusterImpl (MiniOzoneClusterImpl.java:stopDatanodes(523)) - Stopping the HddsDatanodes
2022-03-01 02:09:23,883 [2fe09f74-0f35-4dca-83ea-38d6e64c020a@group-D758006F8883-FollowerState] INFO  impl.FollowerState (FollowerState.java:run(134)) - 2fe09f74-0f35-4dca-83ea-38d6e64c020a@group-D758006F8883-FollowerState: change to CANDIDATE, lastRpcElapsedTime:5092325470ns, electionTimeout:5049ms
2022-03-01 02:09:23,883 [2fe09f74-0f35-4dca-83ea-38d6e64c020a@group-D758006F8883-FollowerState] INFO  impl.RoleInfo (RoleInfo.java:shutdownFollowerState(108)) - 2fe09f74-0f35-4dca-83ea-38d6e64c020a: shutdown 2fe09f74-0f35-4dca-83ea-38d6e64c020a@group-D758006F8883-FollowerState
2022-03-01 02:09:23,883 [2fe09f74-0f35-4dca-83ea-38d6e64c020a@group-D758006F8883-FollowerState] INFO  server.RaftServer$Division (RaftServerImpl.java:setRole(290)) - 2fe09f74-0f35-4dca-83ea-38d6e64c020a@group-D758006F8883: changes role from  FOLLOWER to CANDIDATE at term 6 for changeToCandidate
2022-03-01 02:09:23,883 [2fe09f74-0f35-4dca-83ea-38d6e64c020a@group-D758006F8883-FollowerState] INFO  server.RaftServerConfigKeys (ConfUtils.java:logGet(44)) - raft.server.leaderelection.pre-vote = false (custom)
2022-03-01 02:09:23,884 [2fe09f74-0f35-4dca-83ea-38d6e64c020a@group-D758006F8883-FollowerState] INFO  impl.RoleInfo (RoleInfo.java:updateAndGet(130)) - 2fe09f74-0f35-4dca-83ea-38d6e64c020a: start 2fe09f74-0f35-4dca-83ea-38d6e64c020a@group-D758006F8883-LeaderElection52
2022-03-01 02:09:23,884 [393f4c54-f67b-44fe-81f5-8bfc2099cec7@group-D758006F8883-FollowerState] INFO  impl.FollowerState (FollowerState.java:run(134)) - 393f4c54-f67b-44fe-81f5-8bfc2099cec7@group-D758006F8883-FollowerState: change to CANDIDATE, lastRpcElapsedTime:5070308691ns, electionTimeout:5068ms
2022-03-01 02:09:23,884 [393f4c54-f67b-44fe-81f5-8bfc2099cec7@group-D758006F8883-FollowerState] INFO  impl.RoleInfo (RoleInfo.java:shutdownFollowerState(108)) - 393f4c54-f67b-44fe-81f5-8bfc2099cec7: shutdown 393f4c54-f67b-44fe-81f5-8bfc2099cec7@group-D758006F8883-FollowerState
2022-03-01 02:09:23,884 [393f4c54-f67b-44fe-81f5-8bfc2099cec7@group-D758006F8883-FollowerState] INFO  server.RaftServer$Division (RaftServerImpl.java:setRole(290)) - 393f4c54-f67b-44fe-81f5-8bfc2099cec7@group-D758006F8883: changes role from  FOLLOWER to CANDIDATE at term 6 for changeToCandidate
2022-03-01 02:09:23,885 [393f4c54-f67b-44fe-81f5-8bfc2099cec7@group-D758006F8883-FollowerState] INFO  server.RaftServerConfigKeys (ConfUtils.java:logGet(44)) - raft.server.leaderelection.pre-vote = false (custom)
2022-03-01 02:09:23,885 [393f4c54-f67b-44fe-81f5-8bfc2099cec7@group-D758006F8883-FollowerState] INFO  impl.RoleInfo (RoleInfo.java:updateAndGet(130)) - 393f4c54-f67b-44fe-81f5-8bfc2099cec7: start 393f4c54-f67b-44fe-81f5-8bfc2099cec7@group-D758006F8883-LeaderElection53
2022-03-01 02:09:23,904 [2fe09f74-0f35-4dca-83ea-38d6e64c020a@group-D758006F8883-LeaderElection52] INFO  impl.LeaderElection (LeaderElection.java:askForVotes(306)) - 2fe09f74-0f35-4dca-83ea-38d6e64c020a@group-D758006F8883-LeaderElection52 ELECTION round 0: submit vote requests at term 7 for -1: [393f4c54-f67b-44fe-81f5-8bfc2099cec7|rpc:10.1.0.9:34819|dataStream:|priority:0, c521be71-924d-486e-9da9-f3a5438abd2c|rpc:10.1.0.9:35291|dataStream:|priority:0, 2fe09f74-0f35-4dca-83ea-38d6e64c020a|rpc:10.1.0.9:46395|dataStream:|priority:1], old=null
2022-03-01 02:09:23,907 [grpc-default-executor-2] INFO  server.RaftServer$Division (RaftServerImpl.java:requestVote(1046)) - 393f4c54-f67b-44fe-81f5-8bfc2099cec7@group-D758006F8883: receive requestVote(ELECTION, 2fe09f74-0f35-4dca-83ea-38d6e64c020a, group-D758006F8883, 7, (t:0, i:0))
2022-03-01 02:09:23,908 [grpc-default-executor-2] INFO  impl.VoteContext (VoteContext.java:log(48)) - 393f4c54-f67b-44fe-81f5-8bfc2099cec7@group-D758006F8883-CANDIDATE: accept ELECTION from 2fe09f74-0f35-4dca-83ea-38d6e64c020a: our priority 0 <= candidate's priority 1
2022-03-01 02:09:23,908 [grpc-default-executor-2] INFO  server.RaftServer$Division (RaftServerImpl.java:setRole(290)) - 393f4c54-f67b-44fe-81f5-8bfc2099cec7@group-D758006F8883: changes role from CANDIDATE to FOLLOWER at term 7 for candidate:2fe09f74-0f35-4dca-83ea-38d6e64c020a
2022-03-01 02:09:23,908 [grpc-default-executor-2] INFO  impl.RoleInfo (RoleInfo.java:shutdownLeaderElection(121)) - 393f4c54-f67b-44fe-81f5-8bfc2099cec7: shutdown 393f4c54-f67b-44fe-81f5-8bfc2099cec7@group-D758006F8883-LeaderElection53
2022-03-01 02:09:23,912 [grpc-default-executor-2] INFO  impl.RoleInfo (RoleInfo.java:updateAndGet(130)) - 393f4c54-f67b-44fe-81f5-8bfc2099cec7: start 393f4c54-f67b-44fe-81f5-8bfc2099cec7@group-D758006F8883-FollowerState
2022-03-01 02:09:23,913 [393f4c54-f67b-44fe-81f5-8bfc2099cec7@group-D758006F8883-LeaderElection53] INFO  impl.LeaderElection (LeaderElection.java:run(230)) - 393f4c54-f67b-44fe-81f5-8bfc2099cec7@group-D758006F8883-LeaderElection53: skip running since this is already CLOSING
2022-03-01 02:09:23,921 [grpc-default-executor-5] INFO  server.RaftServer$Division (RaftServerImpl.java:requestVote(1046)) - c521be71-924d-486e-9da9-f3a5438abd2c@group-D758006F8883: receive requestVote(ELECTION, 2fe09f74-0f35-4dca-83ea-38d6e64c020a, group-D758006F8883, 7, (t:0, i:0))
2022-03-01 02:09:23,921 [grpc-default-executor-5] INFO  impl.VoteContext (VoteContext.java:log(48)) - c521be71-924d-486e-9da9-f3a5438abd2c@group-D758006F8883-FOLLOWER: accept ELECTION from 2fe09f74-0f35-4dca-83ea-38d6e64c020a: our priority 0 <= candidate's priority 1
2022-03-01 02:09:23,921 [grpc-default-executor-5] INFO  server.RaftServer$Division (RaftServerImpl.java:setRole(290)) - c521be71-924d-486e-9da9-f3a5438abd2c@group-D758006F8883: changes role from  FOLLOWER to FOLLOWER at term 7 for candidate:2fe09f74-0f35-4dca-83ea-38d6e64c020a
2022-03-01 02:09:23,921 [grpc-default-executor-5] INFO  impl.RoleInfo (RoleInfo.java:shutdownFollowerState(108)) - c521be71-924d-486e-9da9-f3a5438abd2c: shutdown c521be71-924d-486e-9da9-f3a5438abd2c@group-D758006F8883-FollowerState
2022-03-01 02:09:23,923 [grpc-default-executor-5] INFO  impl.RoleInfo (RoleInfo.java:updateAndGet(130)) - c521be71-924d-486e-9da9-f3a5438abd2c: start c521be71-924d-486e-9da9-f3a5438abd2c@group-D758006F8883-FollowerState
2022-03-01 02:09:23,923 [c521be71-924d-486e-9da9-f3a5438abd2c@group-D758006F8883-FollowerState] INFO  impl.FollowerState (FollowerState.java:run(143)) - c521be71-924d-486e-9da9-f3a5438abd2c@group-D758006F8883-FollowerState was interrupted: {}
java.lang.InterruptedException: sleep interrupted
	at java.lang.Thread.sleep(Native Method)
	at java.lang.Thread.sleep(Thread.java:342)
	at java.util.concurrent.TimeUnit.sleep(TimeUnit.java:386)
	at org.apache.ratis.util.TimeDuration.sleep(TimeDuration.java:324)
	at org.apache.ratis.util.TimeDuration.sleep(TimeDuration.java:309)
	at org.apache.ratis.server.impl.FollowerState.run(FollowerState.java:118)
2022-03-01 02:09:23,924 [grpc-default-executor-2] INFO  server.RaftServer$Division (RaftServerImpl.java:requestVote(1078)) - 393f4c54-f67b-44fe-81f5-8bfc2099cec7@group-D758006F8883 replies to ELECTION vote request: 2fe09f74-0f35-4dca-83ea-38d6e64c020a<-393f4c54-f67b-44fe-81f5-8bfc2099cec7#0:OK-t7. Peer's state: 393f4c54-f67b-44fe-81f5-8bfc2099cec7@group-D758006F8883:t7, leader=null, voted=2fe09f74-0f35-4dca-83ea-38d6e64c020a, raftlog=393f4c54-f67b-44fe-81f5-8bfc2099cec7@group-D758006F8883-SegmentedRaftLog:OPENED:c-1, conf=-1: [393f4c54-f67b-44fe-81f5-8bfc2099cec7|rpc:10.1.0.9:34819|dataStream:|priority:0, c521be71-924d-486e-9da9-f3a5438abd2c|rpc:10.1.0.9:35291|dataStream:|priority:0, 2fe09f74-0f35-4dca-83ea-38d6e64c020a|rpc:10.1.0.9:46395|dataStream:|priority:1], old=null
2022-03-01 02:09:23,930 [grpc-default-executor-5] INFO  server.RaftServer$Division (RaftServerImpl.java:requestVote(1078)) - c521be71-924d-486e-9da9-f3a5438abd2c@group-D758006F8883 replies to ELECTION vote request: 2fe09f74-0f35-4dca-83ea-38d6e64c020a<-c521be71-924d-486e-9da9-f3a5438abd2c#0:OK-t7. Peer's state: c521be71-924d-486e-9da9-f3a5438abd2c@group-D758006F8883:t7, leader=null, voted=2fe09f74-0f35-4dca-83ea-38d6e64c020a, raftlog=c521be71-924d-486e-9da9-f3a5438abd2c@group-D758006F8883-SegmentedRaftLog:OPENED:c-1, conf=-1: [393f4c54-f67b-44fe-81f5-8bfc2099cec7|rpc:10.1.0.9:34819|priority:0, c521be71-924d-486e-9da9-f3a5438abd2c|rpc:10.1.0.9:35291|priority:0, 2fe09f74-0f35-4dca-83ea-38d6e64c020a|rpc:10.1.0.9:46395|priority:1], old=null
2022-03-01 02:09:23,930 [2fe09f74-0f35-4dca-83ea-38d6e64c020a@group-D758006F8883-LeaderElection52] INFO  impl.LeaderElection (LeaderElection.java:logAndReturn(89)) - 2fe09f74-0f35-4dca-83ea-38d6e64c020a@group-D758006F8883-LeaderElection52: ELECTION PASSED received 1 response(s) and 0 exception(s):
2022-03-01 02:09:23,931 [2fe09f74-0f35-4dca-83ea-38d6e64c020a@group-D758006F8883-LeaderElection52] INFO  impl.LeaderElection (LeaderElection.java:logAndReturn(93)) -   Response 0: 2fe09f74-0f35-4dca-83ea-38d6e64c020a<-c521be71-924d-486e-9da9-f3a5438abd2c#0:OK-t7
2022-03-01 02:09:23,931 [2fe09f74-0f35-4dca-83ea-38d6e64c020a@group-D758006F8883-LeaderElection52] INFO  impl.LeaderElection (LeaderElection.java:askForVotes(308)) - 2fe09f74-0f35-4dca-83ea-38d6e64c020a@group-D758006F8883-LeaderElection52 ELECTION round 0: result PASSED
2022-03-01 02:09:23,931 [2fe09f74-0f35-4dca-83ea-38d6e64c020a@group-D758006F8883-LeaderElection52] INFO  impl.RoleInfo (RoleInfo.java:shutdownLeaderElection(121)) - 2fe09f74-0f35-4dca-83ea-38d6e64c020a: shutdown 2fe09f74-0f35-4dca-83ea-38d6e64c020a@group-D758006F8883-LeaderElection52
2022-03-01 02:09:23,931 [2fe09f74-0f35-4dca-83ea-38d6e64c020a@group-D758006F8883-LeaderElection52] INFO  server.RaftServer$Division (RaftServerImpl.java:setRole(290)) - 2fe09f74-0f35-4dca-83ea-38d6e64c020a@group-D758006F8883: changes role from CANDIDATE to LEADER at term 7 for changeToLeader
2022-03-01 02:09:23,931 [2fe09f74-0f35-4dca-83ea-38d6e64c020a@group-D758006F8883-LeaderElection52] INFO  ratis.XceiverServerRatis (XceiverServerRatis.java:handleLeaderChangedNotification(867)) - Leader change notification received for group: group-D758006F8883 with new leaderId: 2fe09f74-0f35-4dca-83ea-38d6e64c020a
2022-03-01 02:09:23,931 [2fe09f74-0f35-4dca-83ea-38d6e64c020a@group-D758006F8883-LeaderElection52] INFO  server.RaftServer$Division (ServerState.java:setLeader(285)) - 2fe09f74-0f35-4dca-83ea-38d6e64c020a@group-D758006F8883: change Leader from null to 2fe09f74-0f35-4dca-83ea-38d6e64c020a at term 7 for becomeLeader, leader elected after 36051ms
2022-03-01 02:09:23,931 [2fe09f74-0f35-4dca-83ea-38d6e64c020a@group-D758006F8883-LeaderElection52] INFO  server.RaftServerConfigKeys (ConfUtils.java:logGet(44)) - raft.server.staging.catchup.gap = 1000 (default)
2022-03-01 02:09:23,931 [2fe09f74-0f35-4dca-83ea-38d6e64c020a@group-D758006F8883-LeaderElection52] INFO  server.RaftServerConfigKeys (ConfUtils.java:logGet(44)) - raft.server.write.element-limit = 1024 (custom)
2022-03-01 02:09:23,931 [2fe09f74-0f35-4dca-83ea-38d6e64c020a@group-D758006F8883-LeaderElection52] INFO  server.RaftServerConfigKeys (ConfUtils.java:logGet(44)) - raft.server.write.byte-limit = 1024 M (=1073741824) (custom)
2022-03-01 02:09:23,931 [2fe09f74-0f35-4dca-83ea-38d6e64c020a@group-D758006F8883-LeaderElection52] INFO  server.RaftServerConfigKeys (ConfUtils.java:logGet(44)) - raft.server.watch.timeout = 180s (custom)
2022-03-01 02:09:23,932 [2fe09f74-0f35-4dca-83ea-38d6e64c020a@group-D758006F8883-LeaderElection52] INFO  server.RaftServerConfigKeys (ConfUtils.java:logGet(44)) - raft.server.watch.timeout.denomination = 1s (default)
2022-03-01 02:09:23,932 [2fe09f74-0f35-4dca-83ea-38d6e64c020a@group-D758006F8883-LeaderElection52] INFO  server.RaftServerConfigKeys (ConfUtils.java:logGet(44)) - raft.server.watch.element-limit = 65536 (default)
2022-03-01 02:09:23,937 [EventQueue-PipelineReportForPipelineReportHandler] INFO  pipeline.PipelineManagerImpl (PipelineManagerImpl.java:openPipeline(291)) - Pipeline Pipeline[ Id: 445ed73e-c65b-479c-9b33-d758006f8883, Nodes: 2fe09f74-0f35-4dca-83ea-38d6e64c020a{ip: 10.1.0.9, host: fv-az294-952.eaanfquahm5ulb5tj050gcxych.jx.internal.cloudapp.net, ports: [REPLICATION=44905, RATIS=46395, RATIS_ADMIN=46395, RATIS_SERVER=46395, STANDALONE=42197], networkLocation: /default-rack, certSerialId: null, persistedOpState: IN_SERVICE, persistedOpStateExpiryEpochSec: 0}393f4c54-f67b-44fe-81f5-8bfc2099cec7{ip: 10.1.0.9, host: fv-az294-952.eaanfquahm5ulb5tj050gcxych.jx.internal.cloudapp.net, ports: [REPLICATION=41253, RATIS=34819, RATIS_ADMIN=34819, RATIS_SERVER=34819, STANDALONE=41081], networkLocation: /default-rack, certSerialId: null, persistedOpState: IN_SERVICE, persistedOpStateExpiryEpochSec: 0}c521be71-924d-486e-9da9-f3a5438abd2c{ip: 10.1.0.9, host: fv-az294-952.eaanfquahm5ulb5tj050gcxych.jx.internal.cloudapp.net, ports: [REPLICATION=41549, RATIS=35291, RATIS_ADMIN=35291, RATIS_SERVER=35291, STANDALONE=43699], networkLocation: /default-rack, certSerialId: null, persistedOpState: IN_SERVICE, persistedOpStateExpiryEpochSec: 0}, ReplicationConfig: RATIS/THREE, State:ALLOCATED, leaderId:2fe09f74-0f35-4dca-83ea-38d6e64c020a, CreationTimestamp2022-03-01T02:08:45.687Z[Etc/UTC]] moved to OPEN state
2022-03-01 02:09:23,938 [2fe09f74-0f35-4dca-83ea-38d6e64c020a@group-D758006F8883-LeaderElection52] INFO  server.RaftServerConfigKeys (ConfUtils.java:logGet(44)) - raft.server.write.element-limit = 1024 (custom)
2022-03-01 02:09:23,938 [2fe09f74-0f35-4dca-83ea-38d6e64c020a@group-D758006F8883-LeaderElection52] INFO  server.RaftServerConfigKeys (ConfUtils.java:logGet(44)) - raft.server.write.follower.gap.ratio.max = -1.0 (default)
2022-03-01 02:09:23,938 [2fe09f74-0f35-4dca-83ea-38d6e64c020a@group-D758006F8883-LeaderElection52] INFO  server.RaftServerConfigKeys (ConfUtils.java:logGet(44)) - raft.server.log.appender.snapshot.chunk.size.max = 16MB (=16777216) (default)
2022-03-01 02:09:23,938 [2fe09f74-0f35-4dca-83ea-38d6e64c020a@group-D758006F8883-LeaderElection52] INFO  server.RaftServerConfigKeys (ConfUtils.java:logGet(44)) - raft.server.log.appender.buffer.byte-limit = 33554432 (custom)
2022-03-01 02:09:23,938 [2fe09f74-0f35-4dca-83ea-38d6e64c020a@group-D758006F8883-LeaderElection52] INFO  server.RaftServerConfigKeys (ConfUtils.java:logGet(44)) - raft.server.log.appender.buffer.element-limit = 1 (custom)
2022-03-01 02:09:23,938 [2fe09f74-0f35-4dca-83ea-38d6e64c020a@group-D758006F8883-LeaderElection52] INFO  grpc.GrpcConfigKeys (ConfUtils.java:logGet(44)) - raft.grpc.server.leader.outstanding.appends.max = 128 (default)
2022-03-01 02:09:23,938 [2fe09f74-0f35-4dca-83ea-38d6e64c020a@group-D758006F8883-LeaderElection52] INFO  server.RaftServerConfigKeys (ConfUtils.java:logGet(44)) - raft.server.rpc.request.timeout = 60s (custom)
2022-03-01 02:09:23,938 [2fe09f74-0f35-4dca-83ea-38d6e64c020a@group-D758006F8883-LeaderElection52] INFO  server.RaftServerConfigKeys (ConfUtils.java:logGet(44)) - raft.server.log.appender.install.snapshot.enabled = false (custom)
2022-03-01 02:09:23,939 [2fe09f74-0f35-4dca-83ea-38d6e64c020a@group-D758006F8883-LeaderElection52] INFO  server.RaftServerConfigKeys (ConfUtils.java:logGet(44)) - raft.server.log.appender.snapshot.chunk.size.max = 16MB (=16777216) (default)
2022-03-01 02:09:23,939 [2fe09f74-0f35-4dca-83ea-38d6e64c020a@group-D758006F8883-LeaderElection52] INFO  server.RaftServerConfigKeys (ConfUtils.java:logGet(44)) - raft.server.log.appender.buffer.byte-limit = 33554432 (custom)
2022-03-01 02:09:23,939 [2fe09f74-0f35-4dca-83ea-38d6e64c020a@group-D758006F8883-LeaderElection52] INFO  server.RaftServerConfigKeys (ConfUtils.java:logGet(44)) - raft.server.log.appender.buffer.element-limit = 1 (custom)
2022-03-01 02:09:23,939 [2fe09f74-0f35-4dca-83ea-38d6e64c020a@group-D758006F8883-LeaderElection52] INFO  grpc.GrpcConfigKeys (ConfUtils.java:logGet(44)) - raft.grpc.server.leader.outstanding.appends.max = 128 (default)
2022-03-01 02:09:23,939 [2fe09f74-0f35-4dca-83ea-38d6e64c020a@group-D758006F8883-LeaderElection52] INFO  server.RaftServerConfigKeys (ConfUtils.java:logGet(44)) - raft.server.rpc.request.timeout = 60s (custom)
2022-03-01 02:09:23,939 [2fe09f74-0f35-4dca-83ea-38d6e64c020a@group-D758006F8883-LeaderElection52] INFO  server.RaftServerConfigKeys (ConfUtils.java:logGet(44)) - raft.server.log.appender.install.snapshot.enabled = false (custom)
2022-03-01 02:09:23,940 [2fe09f74-0f35-4dca-83ea-38d6e64c020a@group-D758006F8883-LeaderElection52] INFO  impl.RoleInfo (RoleInfo.java:updateAndGet(130)) - 2fe09f74-0f35-4dca-83ea-38d6e64c020a: start 2fe09f74-0f35-4dca-83ea-38d6e64c020a@group-D758006F8883-LeaderStateImpl
2022-03-01 02:09:23,940 [2fe09f74-0f35-4dca-83ea-38d6e64c020a@group-D758006F8883-LeaderElection52] INFO  segmented.SegmentedRaftLogWorker (SegmentedRaftLogWorker.java:startLogSegment(394)) - 2fe09f74-0f35-4dca-83ea-38d6e64c020a@group-D758006F8883-SegmentedRaftLogWorker: Starting segment from index:0
2022-03-01 02:09:23,945 [2fe09f74-0f35-4dca-83ea-38d6e64c020a@group-D758006F8883-SegmentedRaftLogWorker] INFO  segmented.SegmentedRaftLogWorker (SegmentedRaftLogWorker.java:execute(601)) - 2fe09f74-0f35-4dca-83ea-38d6e64c020a@group-D758006F8883-SegmentedRaftLogWorker: created new log segment /home/runner/work/ozone/ozone/hadoop-ozone/integration-test/target/test-dir/MiniOzoneClusterImpl-4a905738-de8a-4f79-b951-dc63c6cec1e7/datanode-2/data/ratis/445ed73e-c65b-479c-9b33-d758006f8883/current/log_inprogress_0
2022-03-01 02:09:23,973 [2fe09f74-0f35-4dca-83ea-38d6e64c020a@group-D758006F8883-LeaderElection52] INFO  server.RaftServer$Division (ServerState.java:setRaftConf(387)) - 2fe09f74-0f35-4dca-83ea-38d6e64c020a@group-D758006F8883: set configuration 0: [393f4c54-f67b-44fe-81f5-8bfc2099cec7|rpc:10.1.0.9:34819|dataStream:|priority:0, c521be71-924d-486e-9da9-f3a5438abd2c|rpc:10.1.0.9:35291|dataStream:|priority:0, 2fe09f74-0f35-4dca-83ea-38d6e64c020a|rpc:10.1.0.9:46395|dataStream:|priority:1], old=null
2022-03-01 02:09:23,990 [grpc-default-executor-5] INFO  ratis.XceiverServerRatis (XceiverServerRatis.java:handleLeaderChangedNotification(867)) - Leader change notification received for group: group-D758006F8883 with new leaderId: 2fe09f74-0f35-4dca-83ea-38d6e64c020a
2022-03-01 02:09:23,990 [grpc-default-executor-5] INFO  server.RaftServer$Division (ServerState.java:setLeader(285)) - c521be71-924d-486e-9da9-f3a5438abd2c@group-D758006F8883: change Leader from null to 2fe09f74-0f35-4dca-83ea-38d6e64c020a at term 7 for appendEntries, leader elected after 36224ms
2022-03-01 02:09:23,991 [grpc-default-executor-2] INFO  ratis.XceiverServerRatis (XceiverServerRatis.java:handleLeaderChangedNotification(867)) - Leader change notification received for group: group-D758006F8883 with new leaderId: 2fe09f74-0f35-4dca-83ea-38d6e64c020a
2022-03-01 02:09:23,991 [grpc-default-executor-2] INFO  server.RaftServer$Division (ServerState.java:setLeader(285)) - 393f4c54-f67b-44fe-81f5-8bfc2099cec7@group-D758006F8883: change Leader from null to 2fe09f74-0f35-4dca-83ea-38d6e64c020a at term 7 for appendEntries, leader elected after 35947ms
2022-03-01 02:09:24,004 [grpc-default-executor-5] INFO  server.RaftServer$Division (ServerState.java:setRaftConf(387)) - c521be71-924d-486e-9da9-f3a5438abd2c@group-D758006F8883: set configuration 0: [393f4c54-f67b-44fe-81f5-8bfc2099cec7|rpc:10.1.0.9:34819|dataStream:|priority:0, c521be71-924d-486e-9da9-f3a5438abd2c|rpc:10.1.0.9:35291|dataStream:|priority:0, 2fe09f74-0f35-4dca-83ea-38d6e64c020a|rpc:10.1.0.9:46395|dataStream:|priority:1], old=null
2022-03-01 02:09:24,005 [grpc-default-executor-5] INFO  segmented.SegmentedRaftLogWorker (SegmentedRaftLogWorker.java:startLogSegment(394)) - c521be71-924d-486e-9da9-f3a5438abd2c@group-D758006F8883-SegmentedRaftLogWorker: Starting segment from index:0
2022-03-01 02:09:24,008 [grpc-default-executor-2] INFO  server.RaftServer$Division (ServerState.java:setRaftConf(387)) - 393f4c54-f67b-44fe-81f5-8bfc2099cec7@group-D758006F8883: set configuration 0: [393f4c54-f67b-44fe-81f5-8bfc2099cec7|rpc:10.1.0.9:34819|dataStream:|priority:0, c521be71-924d-486e-9da9-f3a5438abd2c|rpc:10.1.0.9:35291|dataStream:|priority:0, 2fe09f74-0f35-4dca-83ea-38d6e64c020a|rpc:10.1.0.9:46395|dataStream:|priority:1], old=null
2022-03-01 02:09:24,008 [grpc-default-executor-2] INFO  segmented.SegmentedRaftLogWorker (SegmentedRaftLogWorker.java:startLogSegment(394)) - 393f4c54-f67b-44fe-81f5-8bfc2099cec7@group-D758006F8883-SegmentedRaftLogWorker: Starting segment from index:0
2022-03-01 02:09:24,009 [393f4c54-f67b-44fe-81f5-8bfc2099cec7@group-D758006F8883-SegmentedRaftLogWorker] INFO  segmented.SegmentedRaftLogWorker (SegmentedRaftLogWorker.java:execute(601)) - 393f4c54-f67b-44fe-81f5-8bfc2099cec7@group-D758006F8883-SegmentedRaftLogWorker: created new log segment /home/runner/work/ozone/ozone/hadoop-ozone/integration-test/target/test-dir/MiniOzoneClusterImpl-4a905738-de8a-4f79-b951-dc63c6cec1e7/datanode-1/data/ratis/445ed73e-c65b-479c-9b33-d758006f8883/current/log_inprogress_0
2022-03-01 02:09:24,024 [c521be71-924d-486e-9da9-f3a5438abd2c@group-D758006F8883-SegmentedRaftLogWorker] INFO  segmented.SegmentedRaftLogWorker (SegmentedRaftLogWorker.java:execute(601)) - c521be71-924d-486e-9da9-f3a5438abd2c@group-D758006F8883-SegmentedRaftLogWorker: created new log segment /home/runner/work/ozone/ozone/hadoop-ozone/integration-test/target/test-dir/MiniOzoneClusterImpl-4a905738-de8a-4f79-b951-dc63c6cec1e7/datanode-0/data/ratis/445ed73e-c65b-479c-9b33-d758006f8883/current/log_inprogress_0
2022-03-01 02:09:27,196 [Listener at 127.0.0.1/45865] INFO  ozoneimpl.OzoneContainer (OzoneContainer.java:stop(356)) - Attempting to stop container services.
2022-03-01 02:09:27,197 [Listener at 127.0.0.1/45865] INFO  server.RaftServer (RaftServerProxy.java:lambda$close$6(391)) - 393f4c54-f67b-44fe-81f5-8bfc2099cec7: close
2022-03-01 02:09:27,197 [Listener at 127.0.0.1/45865] INFO  server.RaftServer$Division (RaftServerImpl.java:lambda$close$4(412)) - 393f4c54-f67b-44fe-81f5-8bfc2099cec7@group-D758006F8883: shutdown
2022-03-01 02:09:27,197 [Listener at 127.0.0.1/45865] INFO  util.JmxRegister (JmxRegister.java:unregister(73)) - Successfully un-registered JMX Bean with object name Ratis:service=RaftServer,group=group-D758006F8883,id=393f4c54-f67b-44fe-81f5-8bfc2099cec7
2022-03-01 02:09:27,197 [Listener at 127.0.0.1/45865] INFO  impl.RoleInfo (RoleInfo.java:shutdownFollowerState(108)) - 393f4c54-f67b-44fe-81f5-8bfc2099cec7: shutdown 393f4c54-f67b-44fe-81f5-8bfc2099cec7@group-D758006F8883-FollowerState
2022-03-01 02:09:27,197 [Listener at 127.0.0.1/45865] INFO  impl.StateMachineUpdater (StateMachineUpdater.java:stopAndJoin(149)) - 393f4c54-f67b-44fe-81f5-8bfc2099cec7@group-D758006F8883-StateMachineUpdater: set stopIndex = 0
2022-03-01 02:09:27,198 [393f4c54-f67b-44fe-81f5-8bfc2099cec7@group-D758006F8883-FollowerState] INFO  impl.FollowerState (FollowerState.java:run(143)) - 393f4c54-f67b-44fe-81f5-8bfc2099cec7@group-D758006F8883-FollowerState was interrupted: {}
java.lang.InterruptedException: sleep interrupted
	at java.lang.Thread.sleep(Native Method)
	at java.lang.Thread.sleep(Thread.java:342)
	at java.util.concurrent.TimeUnit.sleep(TimeUnit.java:386)
	at org.apache.ratis.util.TimeDuration.sleep(TimeDuration.java:324)
	at org.apache.ratis.util.TimeDuration.sleep(TimeDuration.java:309)
	at org.apache.ratis.server.impl.FollowerState.run(FollowerState.java:118)
2022-03-01 02:09:27,198 [393f4c54-f67b-44fe-81f5-8bfc2099cec7@group-D758006F8883-StateMachineUpdater] INFO  ratis.ContainerStateMachine (ContainerStateMachine.java:takeSnapshot(304)) - group-D758006F8883: Taking a snapshot at:(t:7, i:0) file /home/runner/work/ozone/ozone/hadoop-ozone/integration-test/target/test-dir/MiniOzoneClusterImpl-4a905738-de8a-4f79-b951-dc63c6cec1e7/datanode-1/data/ratis/445ed73e-c65b-479c-9b33-d758006f8883/sm/snapshot.7_0
2022-03-01 02:09:27,200 [393f4c54-f67b-44fe-81f5-8bfc2099cec7@group-D758006F8883-StateMachineUpdater] INFO  ratis.ContainerStateMachine (ContainerStateMachine.java:takeSnapshot(315)) - group-D758006F8883: Finished taking a snapshot at:(t:7, i:0) file:/home/runner/work/ozone/ozone/hadoop-ozone/integration-test/target/test-dir/MiniOzoneClusterImpl-4a905738-de8a-4f79-b951-dc63c6cec1e7/datanode-1/data/ratis/445ed73e-c65b-479c-9b33-d758006f8883/sm/snapshot.7_0 took: 2 ms
2022-03-01 02:09:27,200 [393f4c54-f67b-44fe-81f5-8bfc2099cec7@group-D758006F8883-StateMachineUpdater] INFO  impl.StateMachineUpdater (StateMachineUpdater.java:takeSnapshot(281)) - 393f4c54-f67b-44fe-81f5-8bfc2099cec7@group-D758006F8883-StateMachineUpdater: Took a snapshot at index 0
2022-03-01 02:09:27,200 [393f4c54-f67b-44fe-81f5-8bfc2099cec7@group-D758006F8883-StateMachineUpdater] INFO  impl.StateMachineUpdater (StateMachineUpdater.java:lambda$new$0(89)) - 393f4c54-f67b-44fe-81f5-8bfc2099cec7@group-D758006F8883-StateMachineUpdater: snapshotIndex: updateIncreasingly -1 -> 0
2022-03-01 02:09:27,203 [Listener at 127.0.0.1/45865] INFO  server.RaftServer$Division (ServerState.java:close(419)) - 393f4c54-f67b-44fe-81f5-8bfc2099cec7@group-D758006F8883: closes. applyIndex: 0
2022-03-01 02:09:27,203 [393f4c54-f67b-44fe-81f5-8bfc2099cec7@group-D758006F8883-SegmentedRaftLogWorker] INFO  segmented.SegmentedRaftLogWorker (SegmentedRaftLogWorker.java:run(327)) - 393f4c54-f67b-44fe-81f5-8bfc2099cec7@group-D758006F8883-SegmentedRaftLogWorker was interrupted, exiting. There are 0 tasks remaining in the queue.
2022-03-01 02:09:27,205 [Listener at 127.0.0.1/45865] INFO  segmented.SegmentedRaftLogWorker (SegmentedRaftLogWorker.java:close(237)) - 393f4c54-f67b-44fe-81f5-8bfc2099cec7@group-D758006F8883-SegmentedRaftLogWorker close()
2022-03-01 02:09:27,206 [Listener at 127.0.0.1/45865] INFO  server.RaftServer$Division (RaftServerImpl.java:lambda$close$4(412)) - 393f4c54-f67b-44fe-81f5-8bfc2099cec7@group-F5C184DC46B5: shutdown
2022-03-01 02:09:27,206 [Listener at 127.0.0.1/45865] INFO  util.JmxRegister (JmxRegister.java:unregister(73)) - Successfully un-registered JMX Bean with object name Ratis:service=RaftServer,group=group-F5C184DC46B5,id=393f4c54-f67b-44fe-81f5-8bfc2099cec7
2022-03-01 02:09:27,206 [Listener at 127.0.0.1/45865] INFO  impl.RoleInfo (RoleInfo.java:shutdownLeaderState(91)) - 393f4c54-f67b-44fe-81f5-8bfc2099cec7: shutdown 393f4c54-f67b-44fe-81f5-8bfc2099cec7@group-F5C184DC46B5-LeaderStateImpl
2022-03-01 02:09:27,206 [Listener at 127.0.0.1/45865] INFO  impl.PendingRequests (PendingRequests.java:sendNotLeaderResponses(282)) - 393f4c54-f67b-44fe-81f5-8bfc2099cec7@group-F5C184DC46B5-PendingRequests: sendNotLeaderResponses
2022-03-01 02:09:27,207 [Listener at 127.0.0.1/45865] INFO  impl.StateMachineUpdater (StateMachineUpdater.java:stopAndJoin(149)) - 393f4c54-f67b-44fe-81f5-8bfc2099cec7@group-F5C184DC46B5-StateMachineUpdater: set stopIndex = 0
2022-03-01 02:09:27,207 [393f4c54-f67b-44fe-81f5-8bfc2099cec7@group-F5C184DC46B5-StateMachineUpdater] INFO  ratis.ContainerStateMachine (ContainerStateMachine.java:takeSnapshot(304)) - group-F5C184DC46B5: Taking a snapshot at:(t:1, i:0) file /home/runner/work/ozone/ozone/hadoop-ozone/integration-test/target/test-dir/MiniOzoneClusterImpl-4a905738-de8a-4f79-b951-dc63c6cec1e7/datanode-1/data/ratis/9abfdbb1-8ec8-4e39-88f6-f5c184dc46b5/sm/snapshot.1_0
2022-03-01 02:09:27,208 [393f4c54-f67b-44fe-81f5-8bfc2099cec7@group-F5C184DC46B5-StateMachineUpdater] INFO  ratis.ContainerStateMachine (ContainerStateMachine.java:takeSnapshot(315)) - group-F5C184DC46B5: Finished taking a snapshot at:(t:1, i:0) file:/home/runner/work/ozone/ozone/hadoop-ozone/integration-test/target/test-dir/MiniOzoneClusterImpl-4a905738-de8a-4f79-b951-dc63c6cec1e7/datanode-1/data/ratis/9abfdbb1-8ec8-4e39-88f6-f5c184dc46b5/sm/snapshot.1_0 took: 1 ms
2022-03-01 02:09:27,208 [393f4c54-f67b-44fe-81f5-8bfc2099cec7@group-F5C184DC46B5-StateMachineUpdater] INFO  impl.StateMachineUpdater (StateMachineUpdater.java:takeSnapshot(281)) - 393f4c54-f67b-44fe-81f5-8bfc2099cec7@group-F5C184DC46B5-StateMachineUpdater: Took a snapshot at index 0
2022-03-01 02:09:27,208 [393f4c54-f67b-44fe-81f5-8bfc2099cec7@group-F5C184DC46B5-StateMachineUpdater] INFO  impl.StateMachineUpdater (StateMachineUpdater.java:lambda$new$0(89)) - 393f4c54-f67b-44fe-81f5-8bfc2099cec7@group-F5C184DC46B5-StateMachineUpdater: snapshotIndex: updateIncreasingly -1 -> 0
2022-03-01 02:09:27,210 [Listener at 127.0.0.1/45865] INFO  server.RaftServer$Division (ServerState.java:close(419)) - 393f4c54-f67b-44fe-81f5-8bfc2099cec7@group-F5C184DC46B5: closes. applyIndex: 0
2022-03-01 02:09:27,210 [393f4c54-f67b-44fe-81f5-8bfc2099cec7@group-F5C184DC46B5-SegmentedRaftLogWorker] INFO  segmented.SegmentedRaftLogWorker (SegmentedRaftLogWorker.java:run(327)) - 393f4c54-f67b-44fe-81f5-8bfc2099cec7@group-F5C184DC46B5-SegmentedRaftLogWorker was interrupted, exiting. There are 0 tasks remaining in the queue.
2022-03-01 02:09:27,213 [Listener at 127.0.0.1/45865] INFO  segmented.SegmentedRaftLogWorker (SegmentedRaftLogWorker.java:close(237)) - 393f4c54-f67b-44fe-81f5-8bfc2099cec7@group-F5C184DC46B5-SegmentedRaftLogWorker close()
2022-03-01 02:09:27,213 [ForkJoinPool.commonPool-worker-1] INFO  ozoneimpl.OzoneContainer (OzoneContainer.java:stop(356)) - Attempting to stop container services.
2022-03-01 02:09:27,220 [Listener at 127.0.0.1/45865] INFO  server.RaftServer$Division (RaftServerImpl.java:lambda$close$4(412)) - 393f4c54-f67b-44fe-81f5-8bfc2099cec7@group-B644FF3D61AF: shutdown
2022-03-01 02:09:27,224 [Listener at 127.0.0.1/45865] INFO  util.JmxRegister (JmxRegister.java:unregister(73)) - Successfully un-registered JMX Bean with object name Ratis:service=RaftServer,group=group-B644FF3D61AF,id=393f4c54-f67b-44fe-81f5-8bfc2099cec7
2022-03-01 02:09:27,224 [Listener at 127.0.0.1/45865] INFO  impl.RoleInfo (RoleInfo.java:shutdownLeaderState(91)) - 393f4c54-f67b-44fe-81f5-8bfc2099cec7: shutdown 393f4c54-f67b-44fe-81f5-8bfc2099cec7@group-B644FF3D61AF-LeaderStateImpl
2022-03-01 02:09:27,224 [Listener at 127.0.0.1/45865] INFO  impl.PendingRequests (PendingRequests.java:sendNotLeaderResponses(282)) - 393f4c54-f67b-44fe-81f5-8bfc2099cec7@group-B644FF3D61AF-PendingRequests: sendNotLeaderResponses
2022-03-01 02:09:27,224 [ForkJoinPool.commonPool-worker-1] INFO  server.RaftServer (RaftServerProxy.java:lambda$close$6(391)) - c521be71-924d-486e-9da9-f3a5438abd2c: close
2022-03-01 02:09:27,224 [ForkJoinPool.commonPool-worker-1] INFO  server.RaftServer$Division (RaftServerImpl.java:lambda$close$4(412)) - c521be71-924d-486e-9da9-f3a5438abd2c@group-D758006F8883: shutdown
2022-03-01 02:09:27,224 [ForkJoinPool.commonPool-worker-1] INFO  util.JmxRegister (JmxRegister.java:unregister(73)) - Successfully un-registered JMX Bean with object name Ratis:service=RaftServer,group=group-D758006F8883,id=c521be71-924d-486e-9da9-f3a5438abd2c
2022-03-01 02:09:27,225 [ForkJoinPool.commonPool-worker-1] INFO  impl.RoleInfo (RoleInfo.java:shutdownFollowerState(108)) - c521be71-924d-486e-9da9-f3a5438abd2c: shutdown c521be71-924d-486e-9da9-f3a5438abd2c@group-D758006F8883-FollowerState
2022-03-01 02:09:27,225 [ForkJoinPool.commonPool-worker-1] INFO  impl.StateMachineUpdater (StateMachineUpdater.java:stopAndJoin(149)) - c521be71-924d-486e-9da9-f3a5438abd2c@group-D758006F8883-StateMachineUpdater: set stopIndex = 0
2022-03-01 02:09:27,225 [c521be71-924d-486e-9da9-f3a5438abd2c@group-D758006F8883-FollowerState] INFO  impl.FollowerState (FollowerState.java:run(143)) - c521be71-924d-486e-9da9-f3a5438abd2c@group-D758006F8883-FollowerState was interrupted: {}
java.lang.InterruptedException: sleep interrupted
	at java.lang.Thread.sleep(Native Method)
	at java.lang.Thread.sleep(Thread.java:342)
	at java.util.concurrent.TimeUnit.sleep(TimeUnit.java:386)
	at org.apache.ratis.util.TimeDuration.sleep(TimeDuration.java:324)
	at org.apache.ratis.util.TimeDuration.sleep(TimeDuration.java:309)
	at org.apache.ratis.server.impl.FollowerState.run(FollowerState.java:118)
2022-03-01 02:09:27,225 [c521be71-924d-486e-9da9-f3a5438abd2c@group-D758006F8883-StateMachineUpdater] INFO  ratis.ContainerStateMachine (ContainerStateMachine.java:takeSnapshot(304)) - group-D758006F8883: Taking a snapshot at:(t:7, i:0) file /home/runner/work/ozone/ozone/hadoop-ozone/integration-test/target/test-dir/MiniOzoneClusterImpl-4a905738-de8a-4f79-b951-dc63c6cec1e7/datanode-0/data/ratis/445ed73e-c65b-479c-9b33-d758006f8883/sm/snapshot.7_0
2022-03-01 02:09:27,226 [c521be71-924d-486e-9da9-f3a5438abd2c@group-D758006F8883-StateMachineUpdater] INFO  ratis.ContainerStateMachine (ContainerStateMachine.java:takeSnapshot(315)) - group-D758006F8883: Finished taking a snapshot at:(t:7, i:0) file:/home/runner/work/ozone/ozone/hadoop-ozone/integration-test/target/test-dir/MiniOzoneClusterImpl-4a905738-de8a-4f79-b951-dc63c6cec1e7/datanode-0/data/ratis/445ed73e-c65b-479c-9b33-d758006f8883/sm/snapshot.7_0 took: 1 ms
2022-03-01 02:09:27,226 [c521be71-924d-486e-9da9-f3a5438abd2c@group-D758006F8883-StateMachineUpdater] INFO  impl.StateMachineUpdater (StateMachineUpdater.java:takeSnapshot(281)) - c521be71-924d-486e-9da9-f3a5438abd2c@group-D758006F8883-StateMachineUpdater: Took a snapshot at index 0
2022-03-01 02:09:27,226 [c521be71-924d-486e-9da9-f3a5438abd2c@group-D758006F8883-StateMachineUpdater] INFO  impl.StateMachineUpdater (StateMachineUpdater.java:lambda$new$0(89)) - c521be71-924d-486e-9da9-f3a5438abd2c@group-D758006F8883-StateMachineUpdater: snapshotIndex: updateIncreasingly -1 -> 0
2022-03-01 02:09:27,226 [ForkJoinPool.commonPool-worker-1] INFO  server.RaftServer$Division (ServerState.java:close(419)) - c521be71-924d-486e-9da9-f3a5438abd2c@group-D758006F8883: closes. applyIndex: 0
2022-03-01 02:09:27,226 [c521be71-924d-486e-9da9-f3a5438abd2c@group-D758006F8883-SegmentedRaftLogWorker] INFO  segmented.SegmentedRaftLogWorker (SegmentedRaftLogWorker.java:run(327)) - c521be71-924d-486e-9da9-f3a5438abd2c@group-D758006F8883-SegmentedRaftLogWorker was interrupted, exiting. There are 0 tasks remaining in the queue.
2022-03-01 02:09:27,229 [393f4c54-f67b-44fe-81f5-8bfc2099cec7@group-B644FF3D61AF->2fe09f74-0f35-4dca-83ea-38d6e64c020a-GrpcLogAppender-LogAppenderDaemon] WARN  server.GrpcLogAppender (GrpcLogAppender.java:mayWait(177)) - 393f4c54-f67b-44fe-81f5-8bfc2099cec7@group-B644FF3D61AF->2fe09f74-0f35-4dca-83ea-38d6e64c020a-GrpcLogAppender: Wait interrupted by java.lang.InterruptedException
2022-03-01 02:09:27,230 [393f4c54-f67b-44fe-81f5-8bfc2099cec7@group-B644FF3D61AF->c521be71-924d-486e-9da9-f3a5438abd2c-GrpcLogAppender-LogAppenderDaemon] WARN  server.GrpcLogAppender (GrpcLogAppender.java:mayWait(177)) - 393f4c54-f67b-44fe-81f5-8bfc2099cec7@group-B644FF3D61AF->c521be71-924d-486e-9da9-f3a5438abd2c-GrpcLogAppender: Wait interrupted by java.lang.InterruptedException
2022-03-01 02:09:27,230 [grpc-default-executor-5] INFO  server.GrpcServerProtocolService (GrpcServerProtocolService.java:onCompleted(140)) - 2fe09f74-0f35-4dca-83ea-38d6e64c020a: Completed APPEND_ENTRIES, lastRequest: 393f4c54-f67b-44fe-81f5-8bfc2099cec7->2fe09f74-0f35-4dca-83ea-38d6e64c020a#473-t3,previous=(t:3, i:26),leaderCommit=25,initializing? true,entries: size=1, first=(t:3, i:27), METADATAENTRY(c:25)
2022-03-01 02:09:27,231 [grpc-default-executor-2] INFO  server.GrpcLogAppender (GrpcLogAppender.java:onCompleted(346)) - 393f4c54-f67b-44fe-81f5-8bfc2099cec7@group-B644FF3D61AF->2fe09f74-0f35-4dca-83ea-38d6e64c020a-AppendLogResponseHandler: follower responses appendEntries COMPLETED
2022-03-01 02:09:27,231 [grpc-default-executor-2] INFO  leader.FollowerInfo (FollowerInfoImpl.java:lambda$new$0(47)) - 393f4c54-f67b-44fe-81f5-8bfc2099cec7@group-B644FF3D61AF->2fe09f74-0f35-4dca-83ea-38d6e64c020a: nextIndex: updateUnconditionally 28 -> 27
2022-03-01 02:09:27,231 [grpc-default-executor-3] INFO  server.GrpcServerProtocolService (GrpcServerProtocolService.java:onCompleted(140)) - c521be71-924d-486e-9da9-f3a5438abd2c: Completed APPEND_ENTRIES, lastRequest: 393f4c54-f67b-44fe-81f5-8bfc2099cec7->c521be71-924d-486e-9da9-f3a5438abd2c#328-t3,previous=(t:3, i:26),leaderCommit=25,initializing? true,entries: size=1, first=(t:3, i:27), METADATAENTRY(c:25)
2022-03-01 02:09:27,232 [grpc-default-executor-5] INFO  server.GrpcLogAppender (GrpcLogAppender.java:onCompleted(346)) - 393f4c54-f67b-44fe-81f5-8bfc2099cec7@group-B644FF3D61AF->c521be71-924d-486e-9da9-f3a5438abd2c-AppendLogResponseHandler: follower responses appendEntries COMPLETED
2022-03-01 02:09:27,232 [grpc-default-executor-5] INFO  leader.FollowerInfo (FollowerInfoImpl.java:lambda$new$0(47)) - 393f4c54-f67b-44fe-81f5-8bfc2099cec7@group-B644FF3D61AF->c521be71-924d-486e-9da9-f3a5438abd2c: nextIndex: updateUnconditionally 28 -> 27
2022-03-01 02:09:27,245 [ForkJoinPool.commonPool-worker-1] INFO  segmented.SegmentedRaftLogWorker (SegmentedRaftLogWorker.java:close(237)) - c521be71-924d-486e-9da9-f3a5438abd2c@group-D758006F8883-SegmentedRaftLogWorker close()
2022-03-01 02:09:27,246 [ForkJoinPool.commonPool-worker-1] INFO  server.RaftServer$Division (RaftServerImpl.java:lambda$close$4(412)) - c521be71-924d-486e-9da9-f3a5438abd2c@group-B644FF3D61AF: shutdown
2022-03-01 02:09:27,246 [ForkJoinPool.commonPool-worker-1] INFO  util.JmxRegister (JmxRegister.java:unregister(73)) - Successfully un-registered JMX Bean with object name Ratis:service=RaftServer,group=group-B644FF3D61AF,id=c521be71-924d-486e-9da9-f3a5438abd2c
2022-03-01 02:09:27,246 [ForkJoinPool.commonPool-worker-1] INFO  impl.RoleInfo (RoleInfo.java:shutdownFollowerState(108)) - c521be71-924d-486e-9da9-f3a5438abd2c: shutdown c521be71-924d-486e-9da9-f3a5438abd2c@group-B644FF3D61AF-FollowerState
2022-03-01 02:09:27,246 [ForkJoinPool.commonPool-worker-1] INFO  impl.StateMachineUpdater (StateMachineUpdater.java:stopAndJoin(149)) - c521be71-924d-486e-9da9-f3a5438abd2c@group-B644FF3D61AF-StateMachineUpdater: set stopIndex = 27
2022-03-01 02:09:27,247 [c521be71-924d-486e-9da9-f3a5438abd2c@group-B644FF3D61AF-FollowerState] INFO  impl.FollowerState (FollowerState.java:run(143)) - c521be71-924d-486e-9da9-f3a5438abd2c@group-B644FF3D61AF-FollowerState was interrupted: {}
java.lang.InterruptedException: sleep interrupted
	at java.lang.Thread.sleep(Native Method)
	at java.lang.Thread.sleep(Thread.java:342)
	at java.util.concurrent.TimeUnit.sleep(TimeUnit.java:386)
	at org.apache.ratis.util.TimeDuration.sleep(TimeDuration.java:324)
	at org.apache.ratis.util.TimeDuration.sleep(TimeDuration.java:309)
	at org.apache.ratis.server.impl.FollowerState.run(FollowerState.java:118)
2022-03-01 02:09:27,247 [c521be71-924d-486e-9da9-f3a5438abd2c@group-B644FF3D61AF-StateMachineUpdater] INFO  ratis.ContainerStateMachine (ContainerStateMachine.java:takeSnapshot(304)) - group-B644FF3D61AF: Taking a snapshot at:(t:3, i:27) file /home/runner/work/ozone/ozone/hadoop-ozone/integration-test/target/test-dir/MiniOzoneClusterImpl-4a905738-de8a-4f79-b951-dc63c6cec1e7/datanode-0/data/ratis/4656e030-2756-4f3a-99a7-b644ff3d61af/sm/snapshot.3_27
2022-03-01 02:09:27,251 [Listener at 127.0.0.1/45865] INFO  impl.StateMachineUpdater (StateMachineUpdater.java:stopAndJoin(149)) - 393f4c54-f67b-44fe-81f5-8bfc2099cec7@group-B644FF3D61AF-StateMachineUpdater: set stopIndex = 27
2022-03-01 02:09:27,251 [393f4c54-f67b-44fe-81f5-8bfc2099cec7@group-B644FF3D61AF-StateMachineUpdater] INFO  ratis.ContainerStateMachine (ContainerStateMachine.java:takeSnapshot(304)) - group-B644FF3D61AF: Taking a snapshot at:(t:3, i:27) file /home/runner/work/ozone/ozone/hadoop-ozone/integration-test/target/test-dir/MiniOzoneClusterImpl-4a905738-de8a-4f79-b951-dc63c6cec1e7/datanode-1/data/ratis/4656e030-2756-4f3a-99a7-b644ff3d61af/sm/snapshot.3_27
2022-03-01 02:09:27,251 [c521be71-924d-486e-9da9-f3a5438abd2c@group-B644FF3D61AF-StateMachineUpdater] INFO  ratis.ContainerStateMachine (ContainerStateMachine.java:takeSnapshot(315)) - group-B644FF3D61AF: Finished taking a snapshot at:(t:3, i:27) file:/home/runner/work/ozone/ozone/hadoop-ozone/integration-test/target/test-dir/MiniOzoneClusterImpl-4a905738-de8a-4f79-b951-dc63c6cec1e7/datanode-0/data/ratis/4656e030-2756-4f3a-99a7-b644ff3d61af/sm/snapshot.3_27 took: 4 ms
2022-03-01 02:09:27,251 [c521be71-924d-486e-9da9-f3a5438abd2c@group-B644FF3D61AF-StateMachineUpdater] INFO  impl.StateMachineUpdater (StateMachineUpdater.java:takeSnapshot(281)) - c521be71-924d-486e-9da9-f3a5438abd2c@group-B644FF3D61AF-StateMachineUpdater: Took a snapshot at index 27
2022-03-01 02:09:27,251 [c521be71-924d-486e-9da9-f3a5438abd2c@group-B644FF3D61AF-StateMachineUpdater] INFO  impl.StateMachineUpdater (StateMachineUpdater.java:lambda$new$0(89)) - c521be71-924d-486e-9da9-f3a5438abd2c@group-B644FF3D61AF-StateMachineUpdater: snapshotIndex: updateIncreasingly -1 -> 27
2022-03-01 02:09:27,252 [ForkJoinPool.commonPool-worker-1] INFO  server.RaftServer$Division (ServerState.java:close(419)) - c521be71-924d-486e-9da9-f3a5438abd2c@group-B644FF3D61AF: closes. applyIndex: 27
2022-03-01 02:09:27,252 [c521be71-924d-486e-9da9-f3a5438abd2c@group-B644FF3D61AF-SegmentedRaftLogWorker] INFO  segmented.SegmentedRaftLogWorker (SegmentedRaftLogWorker.java:run(327)) - c521be71-924d-486e-9da9-f3a5438abd2c@group-B644FF3D61AF-SegmentedRaftLogWorker was interrupted, exiting. There are 0 tasks remaining in the queue.
2022-03-01 02:09:27,253 [393f4c54-f67b-44fe-81f5-8bfc2099cec7@group-B644FF3D61AF-StateMachineUpdater] INFO  ratis.ContainerStateMachine (ContainerStateMachine.java:takeSnapshot(315)) - group-B644FF3D61AF: Finished taking a snapshot at:(t:3, i:27) file:/home/runner/work/ozone/ozone/hadoop-ozone/integration-test/target/test-dir/MiniOzoneClusterImpl-4a905738-de8a-4f79-b951-dc63c6cec1e7/datanode-1/data/ratis/4656e030-2756-4f3a-99a7-b644ff3d61af/sm/snapshot.3_27 took: 2 ms
2022-03-01 02:09:27,253 [393f4c54-f67b-44fe-81f5-8bfc2099cec7@group-B644FF3D61AF-StateMachineUpdater] INFO  impl.StateMachineUpdater (StateMachineUpdater.java:takeSnapshot(281)) - 393f4c54-f67b-44fe-81f5-8bfc2099cec7@group-B644FF3D61AF-StateMachineUpdater: Took a snapshot at index 27
2022-03-01 02:09:27,253 [393f4c54-f67b-44fe-81f5-8bfc2099cec7@group-B644FF3D61AF-StateMachineUpdater] INFO  impl.StateMachineUpdater (StateMachineUpdater.java:lambda$new$0(89)) - 393f4c54-f67b-44fe-81f5-8bfc2099cec7@group-B644FF3D61AF-StateMachineUpdater: snapshotIndex: updateIncreasingly -1 -> 27
2022-03-01 02:09:27,254 [Listener at 127.0.0.1/45865] INFO  server.RaftServer$Division (ServerState.java:close(419)) - 393f4c54-f67b-44fe-81f5-8bfc2099cec7@group-B644FF3D61AF: closes. applyIndex: 27
2022-03-01 02:09:27,254 [393f4c54-f67b-44fe-81f5-8bfc2099cec7@group-B644FF3D61AF-SegmentedRaftLogWorker] INFO  segmented.SegmentedRaftLogWorker (SegmentedRaftLogWorker.java:run(327)) - 393f4c54-f67b-44fe-81f5-8bfc2099cec7@group-B644FF3D61AF-SegmentedRaftLogWorker was interrupted, exiting. There are 0 tasks remaining in the queue.
2022-03-01 02:09:27,258 [ForkJoinPool.commonPool-worker-1] INFO  segmented.SegmentedRaftLogWorker (SegmentedRaftLogWorker.java:close(237)) - c521be71-924d-486e-9da9-f3a5438abd2c@group-B644FF3D61AF-SegmentedRaftLogWorker close()
2022-03-01 02:09:27,259 [Listener at 127.0.0.1/45865] INFO  segmented.SegmentedRaftLogWorker (SegmentedRaftLogWorker.java:close(237)) - 393f4c54-f67b-44fe-81f5-8bfc2099cec7@group-B644FF3D61AF-SegmentedRaftLogWorker close()
2022-03-01 02:09:27,261 [ForkJoinPool.commonPool-worker-1] INFO  server.RaftServer$Division (RaftServerImpl.java:lambda$close$4(412)) - c521be71-924d-486e-9da9-f3a5438abd2c@group-875E19BF2C06: shutdown
2022-03-01 02:09:27,261 [ForkJoinPool.commonPool-worker-1] INFO  util.JmxRegister (JmxRegister.java:unregister(73)) - Successfully un-registered JMX Bean with object name Ratis:service=RaftServer,group=group-875E19BF2C06,id=c521be71-924d-486e-9da9-f3a5438abd2c
2022-03-01 02:09:27,261 [ForkJoinPool.commonPool-worker-1] INFO  impl.RoleInfo (RoleInfo.java:shutdownLeaderState(91)) - c521be71-924d-486e-9da9-f3a5438abd2c: shutdown c521be71-924d-486e-9da9-f3a5438abd2c@group-875E19BF2C06-LeaderStateImpl
2022-03-01 02:09:27,261 [ForkJoinPool.commonPool-worker-1] INFO  impl.PendingRequests (PendingRequests.java:sendNotLeaderResponses(282)) - c521be71-924d-486e-9da9-f3a5438abd2c@group-875E19BF2C06-PendingRequests: sendNotLeaderResponses
2022-03-01 02:09:27,262 [ForkJoinPool.commonPool-worker-1] INFO  impl.StateMachineUpdater (StateMachineUpdater.java:stopAndJoin(149)) - c521be71-924d-486e-9da9-f3a5438abd2c@group-875E19BF2C06-StateMachineUpdater: set stopIndex = 0
2022-03-01 02:09:27,262 [c521be71-924d-486e-9da9-f3a5438abd2c@group-875E19BF2C06-StateMachineUpdater] INFO  ratis.ContainerStateMachine (ContainerStateMachine.java:takeSnapshot(304)) - group-875E19BF2C06: Taking a snapshot at:(t:1, i:0) file /home/runner/work/ozone/ozone/hadoop-ozone/integration-test/target/test-dir/MiniOzoneClusterImpl-4a905738-de8a-4f79-b951-dc63c6cec1e7/datanode-0/data/ratis/97859436-9f88-4aef-a5ad-875e19bf2c06/sm/snapshot.1_0
2022-03-01 02:09:27,262 [Listener at 127.0.0.1/45865] INFO  server.GrpcService (GrpcService.java:closeImpl(262)) - 393f4c54-f67b-44fe-81f5-8bfc2099cec7: shutdown server with port 34819 now
2022-03-01 02:09:27,263 [c521be71-924d-486e-9da9-f3a5438abd2c@group-875E19BF2C06-StateMachineUpdater] INFO  ratis.ContainerStateMachine (ContainerStateMachine.java:takeSnapshot(315)) - group-875E19BF2C06: Finished taking a snapshot at:(t:1, i:0) file:/home/runner/work/ozone/ozone/hadoop-ozone/integration-test/target/test-dir/MiniOzoneClusterImpl-4a905738-de8a-4f79-b951-dc63c6cec1e7/datanode-0/data/ratis/97859436-9f88-4aef-a5ad-875e19bf2c06/sm/snapshot.1_0 took: 1 ms
2022-03-01 02:09:27,263 [c521be71-924d-486e-9da9-f3a5438abd2c@group-875E19BF2C06-StateMachineUpdater] INFO  impl.StateMachineUpdater (StateMachineUpdater.java:takeSnapshot(281)) - c521be71-924d-486e-9da9-f3a5438abd2c@group-875E19BF2C06-StateMachineUpdater: Took a snapshot at index 0
2022-03-01 02:09:27,263 [c521be71-924d-486e-9da9-f3a5438abd2c@group-875E19BF2C06-StateMachineUpdater] INFO  impl.StateMachineUpdater (StateMachineUpdater.java:lambda$new$0(89)) - c521be71-924d-486e-9da9-f3a5438abd2c@group-875E19BF2C06-StateMachineUpdater: snapshotIndex: updateIncreasingly -1 -> 0
2022-03-01 02:09:27,263 [ForkJoinPool.commonPool-worker-1] INFO  server.RaftServer$Division (ServerState.java:close(419)) - c521be71-924d-486e-9da9-f3a5438abd2c@group-875E19BF2C06: closes. applyIndex: 0
2022-03-01 02:09:27,264 [c521be71-924d-486e-9da9-f3a5438abd2c@group-875E19BF2C06-SegmentedRaftLogWorker] INFO  segmented.SegmentedRaftLogWorker (SegmentedRaftLogWorker.java:run(327)) - c521be71-924d-486e-9da9-f3a5438abd2c@group-875E19BF2C06-SegmentedRaftLogWorker was interrupted, exiting. There are 0 tasks remaining in the queue.
2022-03-01 02:09:27,264 [ForkJoinPool.commonPool-worker-1] INFO  segmented.SegmentedRaftLogWorker (SegmentedRaftLogWorker.java:close(237)) - c521be71-924d-486e-9da9-f3a5438abd2c@group-875E19BF2C06-SegmentedRaftLogWorker close()
2022-03-01 02:09:27,266 [grpc-default-executor-3] WARN  client.GrpcClientProtocolService (LogUtils.java:warn(122)) - 1-UnorderedRequestStreamObserver1: onError: org.apache.ratis.thirdparty.io.grpc.StatusRuntimeException: CANCELLED: client cancelled
2022-03-01 02:09:27,266 [grpc-default-executor-2] WARN  server.GrpcServerProtocolService (LogUtils.java:warn(122)) - 393f4c54-f67b-44fe-81f5-8bfc2099cec7: installSnapshot onError, lastRequest: 2fe09f74-0f35-4dca-83ea-38d6e64c020a->393f4c54-f67b-44fe-81f5-8bfc2099cec7#1-t7,previous=(t:0, i:0),leaderCommit=0,initializing? true,entries: size=1, first=(t:7, i:0), CONFIGURATIONENTRY: org.apache.ratis.thirdparty.io.grpc.StatusRuntimeException: CANCELLED: client cancelled
2022-03-01 02:09:27,266 [ForkJoinPool.commonPool-worker-1] INFO  server.GrpcService (GrpcService.java:closeImpl(262)) - c521be71-924d-486e-9da9-f3a5438abd2c: shutdown server with port 35291 now
2022-03-01 02:09:27,274 [grpc-default-executor-3] WARN  server.GrpcLogAppender (LogUtils.java:warn(122)) - 2fe09f74-0f35-4dca-83ea-38d6e64c020a@group-D758006F8883->393f4c54-f67b-44fe-81f5-8bfc2099cec7-AppendLogResponseHandler: Failed appendEntries: org.apache.ratis.thirdparty.io.grpc.StatusRuntimeException: CANCELLED: HTTP/2 error code: CANCEL
Received Rst Stream
2022-03-01 02:09:27,274 [grpc-default-executor-3] WARN  server.GrpcLogAppender (GrpcLogAppender.java:resetClient(110)) - 2fe09f74-0f35-4dca-83ea-38d6e64c020a@group-D758006F8883->393f4c54-f67b-44fe-81f5-8bfc2099cec7-GrpcLogAppender: Leader has not got in touch with Follower 2fe09f74-0f35-4dca-83ea-38d6e64c020a@group-D758006F8883->393f4c54-f67b-44fe-81f5-8bfc2099cec7(c0,m0,n1, attendVote=true, lastRpcSendTime=732, lastRpcResponseTime=730) yet, just keep nextIndex unchanged and retry.
2022-03-01 02:09:27,276 [grpc-default-executor-5] WARN  server.GrpcServerProtocolService (LogUtils.java:warn(122)) - c521be71-924d-486e-9da9-f3a5438abd2c: installSnapshot onError, lastRequest: 2fe09f74-0f35-4dca-83ea-38d6e64c020a->c521be71-924d-486e-9da9-f3a5438abd2c#1-t7,previous=(t:0, i:0),leaderCommit=0,initializing? true,entries: size=1, first=(t:7, i:0), CONFIGURATIONENTRY: org.apache.ratis.thirdparty.io.grpc.StatusRuntimeException: CANCELLED: client cancelled
2022-03-01 02:09:27,280 [Listener at 127.0.0.1/45865] INFO  server.GrpcService (GrpcService.java:closeImpl(271)) - 393f4c54-f67b-44fe-81f5-8bfc2099cec7: shutdown server with port 34819 successfully
2022-03-01 02:09:27,280 [grpc-default-executor-5] WARN  server.GrpcLogAppender (LogUtils.java:warn(122)) - 2fe09f74-0f35-4dca-83ea-38d6e64c020a@group-D758006F8883->c521be71-924d-486e-9da9-f3a5438abd2c-AppendLogResponseHandler: Failed appendEntries: org.apache.ratis.thirdparty.io.grpc.StatusRuntimeException: CANCELLED: HTTP/2 error code: CANCEL
Received Rst Stream
2022-03-01 02:09:27,280 [grpc-default-executor-5] WARN  server.GrpcLogAppender (GrpcLogAppender.java:resetClient(110)) - 2fe09f74-0f35-4dca-83ea-38d6e64c020a@group-D758006F8883->c521be71-924d-486e-9da9-f3a5438abd2c-GrpcLogAppender: Leader has not got in touch with Follower 2fe09f74-0f35-4dca-83ea-38d6e64c020a@group-D758006F8883->c521be71-924d-486e-9da9-f3a5438abd2c(c0,m0,n1, attendVote=true, lastRpcSendTime=739, lastRpcResponseTime=736) yet, just keep nextIndex unchanged and retry.
2022-03-01 02:09:27,281 [org.apache.ratis.util.JvmPauseMonitor$$Lambda$421/1299661385@1f0dbc7a] INFO  util.JvmPauseMonitor (JvmPauseMonitor.java:run(109)) - JvmPauseMonitor-393f4c54-f67b-44fe-81f5-8bfc2099cec7: Stopped
2022-03-01 02:09:27,296 [ForkJoinPool.commonPool-worker-1] INFO  server.GrpcService (GrpcService.java:closeImpl(271)) - c521be71-924d-486e-9da9-f3a5438abd2c: shutdown server with port 35291 successfully
2022-03-01 02:09:27,296 [org.apache.ratis.util.JvmPauseMonitor$$Lambda$421/1299661385@772ee822] INFO  util.JvmPauseMonitor (JvmPauseMonitor.java:run(109)) - JvmPauseMonitor-c521be71-924d-486e-9da9-f3a5438abd2c: Stopped
2022-03-01 02:09:29,068 [grpc-default-executor-5] WARN  server.GrpcLogAppender (LogUtils.java:warn(122)) - 2fe09f74-0f35-4dca-83ea-38d6e64c020a@group-D758006F8883->c521be71-924d-486e-9da9-f3a5438abd2c-AppendLogResponseHandler: Failed appendEntries: org.apache.ratis.thirdparty.io.grpc.StatusRuntimeException: UNAVAILABLE: io exception
2022-03-01 02:09:29,100 [grpc-default-executor-5] WARN  server.GrpcLogAppender (GrpcLogAppender.java:resetClient(110)) - 2fe09f74-0f35-4dca-83ea-38d6e64c020a@group-D758006F8883->c521be71-924d-486e-9da9-f3a5438abd2c-GrpcLogAppender: Leader has not got in touch with Follower 2fe09f74-0f35-4dca-83ea-38d6e64c020a@group-D758006F8883->c521be71-924d-486e-9da9-f3a5438abd2c(c0,m0,n1, attendVote=true, lastRpcSendTime=32, lastRpcResponseTime=2555) yet, just keep nextIndex unchanged and retry.
2022-03-01 02:09:29,100 [grpc-default-executor-2] WARN  server.GrpcLogAppender (LogUtils.java:warn(122)) - 2fe09f74-0f35-4dca-83ea-38d6e64c020a@group-D758006F8883->393f4c54-f67b-44fe-81f5-8bfc2099cec7-AppendLogResponseHandler: Failed appendEntries: org.apache.ratis.thirdparty.io.grpc.StatusRuntimeException: UNAVAILABLE: io exception
2022-03-01 02:09:29,100 [grpc-default-executor-2] WARN  server.GrpcLogAppender (GrpcLogAppender.java:resetClient(110)) - 2fe09f74-0f35-4dca-83ea-38d6e64c020a@group-D758006F8883->393f4c54-f67b-44fe-81f5-8bfc2099cec7-GrpcLogAppender: Leader has not got in touch with Follower 2fe09f74-0f35-4dca-83ea-38d6e64c020a@group-D758006F8883->393f4c54-f67b-44fe-81f5-8bfc2099cec7(c0,m0,n1, attendVote=true, lastRpcSendTime=2558, lastRpcResponseTime=2557) yet, just keep nextIndex unchanged and retry.
2022-03-01 02:09:29,320 [Listener at 127.0.0.1/45865] INFO  utils.BackgroundService (BackgroundService.java:shutdown(132)) - Shutting down service BlockDeletingService
2022-03-01 02:09:29,357 [ForkJoinPool.commonPool-worker-1] INFO  utils.BackgroundService (BackgroundService.java:shutdown(132)) - Shutting down service BlockDeletingService
2022-03-01 02:09:31,597 [grpc-default-executor-2] WARN  server.GrpcLogAppender (LogUtils.java:warn(122)) - 2fe09f74-0f35-4dca-83ea-38d6e64c020a@group-D758006F8883->c521be71-924d-486e-9da9-f3a5438abd2c-AppendLogResponseHandler: Failed appendEntries: org.apache.ratis.thirdparty.io.grpc.StatusRuntimeException: UNAVAILABLE: io exception
2022-03-01 02:09:31,598 [grpc-default-executor-2] WARN  server.GrpcLogAppender (GrpcLogAppender.java:resetClient(110)) - 2fe09f74-0f35-4dca-83ea-38d6e64c020a@group-D758006F8883->c521be71-924d-486e-9da9-f3a5438abd2c-GrpcLogAppender: Leader has not got in touch with Follower 2fe09f74-0f35-4dca-83ea-38d6e64c020a@group-D758006F8883->c521be71-924d-486e-9da9-f3a5438abd2c(c0,m0,n1, attendVote=true, lastRpcSendTime=2530, lastRpcResponseTime=5053) yet, just keep nextIndex unchanged and retry.
2022-03-01 02:09:31,601 [grpc-default-executor-2] WARN  server.GrpcLogAppender (LogUtils.java:warn(122)) - 2fe09f74-0f35-4dca-83ea-38d6e64c020a@group-D758006F8883->393f4c54-f67b-44fe-81f5-8bfc2099cec7-AppendLogResponseHandler: Failed appendEntries: org.apache.ratis.thirdparty.io.grpc.StatusRuntimeException: UNAVAILABLE: io exception
2022-03-01 02:09:31,601 [grpc-default-executor-2] WARN  server.GrpcLogAppender (GrpcLogAppender.java:resetClient(110)) - 2fe09f74-0f35-4dca-83ea-38d6e64c020a@group-D758006F8883->393f4c54-f67b-44fe-81f5-8bfc2099cec7-GrpcLogAppender: Leader has not got in touch with Follower 2fe09f74-0f35-4dca-83ea-38d6e64c020a@group-D758006F8883->393f4c54-f67b-44fe-81f5-8bfc2099cec7(c0,m0,n1, attendVote=true, lastRpcSendTime=0, lastRpcResponseTime=5058) yet, just keep nextIndex unchanged and retry.
2022-03-01 02:09:32,357 [Listener at 127.0.0.1/45865] INFO  statemachine.DatanodeStateMachine (DatanodeStateMachine.java:stopDaemon(529)) - Ozone container server stopped.
2022-03-01 02:09:32,358 [Listener at 127.0.0.1/45865] INFO  handler.ContextHandler (ContextHandler.java:doStop(1153)) - Stopped o.e.j.w.WebAppContext@7181fe53{hddsDatanode,/,null,STOPPED}{jar:file:/home/runner/.m2/repository/org/apache/ozone/hdds-container-service/1.3.0-SNAPSHOT/hdds-container-service-1.3.0-SNAPSHOT.jar!/webapps/hddsDatanode}
2022-03-01 02:09:32,363 [Listener at 127.0.0.1/45865] INFO  server.AbstractConnector (AbstractConnector.java:doStop(381)) - Stopped ServerConnector@4afe1fdc{HTTP/1.1, (http/1.1)}{0.0.0.0:0}
2022-03-01 02:09:32,363 [Listener at 127.0.0.1/45865] INFO  server.session (HouseKeeper.java:stopScavenging(149)) - node0 Stopped scavenging
2022-03-01 02:09:32,363 [Listener at 127.0.0.1/45865] INFO  handler.ContextHandler (ContextHandler.java:doStop(1153)) - Stopped o.e.j.s.ServletContextHandler@75319fd4{static,/static,jar:file:/home/runner/.m2/repository/org/apache/ozone/hdds-container-service/1.3.0-SNAPSHOT/hdds-container-service-1.3.0-SNAPSHOT.jar!/webapps/static,STOPPED}
2022-03-01 02:09:32,364 [Listener at 127.0.0.1/45865] INFO  handler.ContextHandler (ContextHandler.java:doStop(1153)) - Stopped o.e.j.s.ServletContextHandler@37bfaf2b{logs,/logs,file:///home/runner/work/ozone/ozone/hadoop-ozone/integration-test/target/log,STOPPED}
2022-03-01 02:09:32,457 [ForkJoinPool.commonPool-worker-1] INFO  statemachine.DatanodeStateMachine (DatanodeStateMachine.java:stopDaemon(529)) - Ozone container server stopped.
2022-03-01 02:09:32,474 [ForkJoinPool.commonPool-worker-1] INFO  handler.ContextHandler (ContextHandler.java:doStop(1153)) - Stopped o.e.j.w.WebAppContext@11014d1b{hddsDatanode,/,null,STOPPED}{jar:file:/home/runner/.m2/repository/org/apache/ozone/hdds-container-service/1.3.0-SNAPSHOT/hdds-container-service-1.3.0-SNAPSHOT.jar!/webapps/hddsDatanode}
2022-03-01 02:09:32,487 [ForkJoinPool.commonPool-worker-1] INFO  server.AbstractConnector (AbstractConnector.java:doStop(381)) - Stopped ServerConnector@5e1c2cff{HTTP/1.1, (http/1.1)}{0.0.0.0:0}
2022-03-01 02:09:32,488 [ForkJoinPool.commonPool-worker-1] INFO  server.session (HouseKeeper.java:stopScavenging(149)) - node0 Stopped scavenging
2022-03-01 02:09:32,504 [ForkJoinPool.commonPool-worker-1] INFO  handler.ContextHandler (ContextHandler.java:doStop(1153)) - Stopped o.e.j.s.ServletContextHandler@6a6082b3{static,/static,jar:file:/home/runner/.m2/repository/org/apache/ozone/hdds-container-service/1.3.0-SNAPSHOT/hdds-container-service-1.3.0-SNAPSHOT.jar!/webapps/static,STOPPED}
2022-03-01 02:09:32,511 [ForkJoinPool.commonPool-worker-1] INFO  handler.ContextHandler (ContextHandler.java:doStop(1153)) - Stopped o.e.j.s.ServletContextHandler@5e4a068f{logs,/logs,file:///home/runner/work/ozone/ozone/hadoop-ozone/integration-test/target/log,STOPPED}
2022-03-01 02:09:34,116 [grpc-default-executor-2] WARN  server.GrpcLogAppender (LogUtils.java:warn(122)) - 2fe09f74-0f35-4dca-83ea-38d6e64c020a@group-D758006F8883->393f4c54-f67b-44fe-81f5-8bfc2099cec7-AppendLogResponseHandler: Failed appendEntries: org.apache.ratis.thirdparty.io.grpc.StatusRuntimeException: UNAVAILABLE: io exception
2022-03-01 02:09:34,116 [grpc-default-executor-2] WARN  server.GrpcLogAppender (GrpcLogAppender.java:resetClient(110)) - 2fe09f74-0f35-4dca-83ea-38d6e64c020a@group-D758006F8883->393f4c54-f67b-44fe-81f5-8bfc2099cec7-GrpcLogAppender: Leader has not got in touch with Follower 2fe09f74-0f35-4dca-83ea-38d6e64c020a@group-D758006F8883->393f4c54-f67b-44fe-81f5-8bfc2099cec7(c0,m0,n1, attendVote=true, lastRpcSendTime=2515, lastRpcResponseTime=7573) yet, just keep nextIndex unchanged and retry.
2022-03-01 02:09:34,135 [grpc-default-executor-2] WARN  server.GrpcLogAppender (LogUtils.java:warn(122)) - 2fe09f74-0f35-4dca-83ea-38d6e64c020a@group-D758006F8883->c521be71-924d-486e-9da9-f3a5438abd2c-AppendLogResponseHandler: Failed appendEntries: org.apache.ratis.thirdparty.io.grpc.StatusRuntimeException: UNAVAILABLE: io exception
2022-03-01 02:09:34,136 [grpc-default-executor-2] WARN  server.GrpcLogAppender (GrpcLogAppender.java:resetClient(110)) - 2fe09f74-0f35-4dca-83ea-38d6e64c020a@group-D758006F8883->c521be71-924d-486e-9da9-f3a5438abd2c-GrpcLogAppender: Leader has not got in touch with Follower 2fe09f74-0f35-4dca-83ea-38d6e64c020a@group-D758006F8883->c521be71-924d-486e-9da9-f3a5438abd2c(c0,m0,n1, attendVote=true, lastRpcSendTime=0, lastRpcResponseTime=7592) yet, just keep nextIndex unchanged and retry.
2022-03-01 02:09:34,374 [2fe09f74-0f35-4dca-83ea-38d6e64c020a@group-D758006F8883-LeaderStateImpl] WARN  server.RaftServer$Division (LeaderStateImpl.java:checkLeadership(974)) - 2fe09f74-0f35-4dca-83ea-38d6e64c020a@group-D758006F8883-LeaderStateImpl: Lost leadership on term: 7. Election timeout: 5200ms. In charge for: 10443ms. Conf: 0: [393f4c54-f67b-44fe-81f5-8bfc2099cec7|rpc:10.1.0.9:34819|dataStream:|priority:0, c521be71-924d-486e-9da9-f3a5438abd2c|rpc:10.1.0.9:35291|dataStream:|priority:0, 2fe09f74-0f35-4dca-83ea-38d6e64c020a|rpc:10.1.0.9:46395|dataStream:|priority:1], old=null
2022-03-01 02:09:34,374 [2fe09f74-0f35-4dca-83ea-38d6e64c020a@group-D758006F8883-LeaderStateImpl] WARN  server.RaftServer$Division (LeaderStateImpl.java:lambda$checkLeadership$15(978)) - Follower 2fe09f74-0f35-4dca-83ea-38d6e64c020a@group-D758006F8883->393f4c54-f67b-44fe-81f5-8bfc2099cec7(c0,m0,n1, attendVote=true, lastRpcSendTime=256, lastRpcResponseTime=7831)
2022-03-01 02:09:34,374 [2fe09f74-0f35-4dca-83ea-38d6e64c020a@group-D758006F8883-LeaderStateImpl] WARN  server.RaftServer$Division (LeaderStateImpl.java:lambda$checkLeadership$15(978)) - Follower 2fe09f74-0f35-4dca-83ea-38d6e64c020a@group-D758006F8883->c521be71-924d-486e-9da9-f3a5438abd2c(c0,m0,n1, attendVote=true, lastRpcSendTime=239, lastRpcResponseTime=7830)
2022-03-01 02:09:34,374 [2fe09f74-0f35-4dca-83ea-38d6e64c020a@group-D758006F8883-LeaderStateImpl] INFO  server.RaftServer$Division (RaftServerImpl.java:setRole(290)) - 2fe09f74-0f35-4dca-83ea-38d6e64c020a@group-D758006F8883: changes role from    LEADER to FOLLOWER at term 7 for StepDownReason:LOST_MAJORITY_HEARTBEATS
2022-03-01 02:09:34,374 [2fe09f74-0f35-4dca-83ea-38d6e64c020a@group-D758006F8883-LeaderStateImpl] INFO  impl.RoleInfo (RoleInfo.java:shutdownLeaderState(91)) - 2fe09f74-0f35-4dca-83ea-38d6e64c020a: shutdown 2fe09f74-0f35-4dca-83ea-38d6e64c020a@group-D758006F8883-LeaderStateImpl
2022-03-01 02:09:34,375 [2fe09f74-0f35-4dca-83ea-38d6e64c020a@group-D758006F8883-LeaderStateImpl] INFO  impl.PendingRequests (PendingRequests.java:sendNotLeaderResponses(282)) - 2fe09f74-0f35-4dca-83ea-38d6e64c020a@group-D758006F8883-PendingRequests: sendNotLeaderResponses
2022-03-01 02:09:34,375 [2fe09f74-0f35-4dca-83ea-38d6e64c020a@group-D758006F8883-LeaderStateImpl] INFO  impl.RoleInfo (RoleInfo.java:updateAndGet(130)) - 2fe09f74-0f35-4dca-83ea-38d6e64c020a: start 2fe09f74-0f35-4dca-83ea-38d6e64c020a@group-D758006F8883-FollowerState
2022-03-01 02:09:34,735 [2fe09f74-0f35-4dca-83ea-38d6e64c020a@group-B644FF3D61AF-FollowerState] INFO  impl.FollowerState (FollowerState.java:run(134)) - 2fe09f74-0f35-4dca-83ea-38d6e64c020a@group-B644FF3D61AF-FollowerState: change to CANDIDATE, lastRpcElapsedTime:8171786218ns, electionTimeout:5187ms
2022-03-01 02:09:34,735 [2fe09f74-0f35-4dca-83ea-38d6e64c020a@group-B644FF3D61AF-FollowerState] INFO  impl.RoleInfo (RoleInfo.java:shutdownFollowerState(108)) - 2fe09f74-0f35-4dca-83ea-38d6e64c020a: shutdown 2fe09f74-0f35-4dca-83ea-38d6e64c020a@group-B644FF3D61AF-FollowerState
2022-03-01 02:09:34,735 [2fe09f74-0f35-4dca-83ea-38d6e64c020a@group-B644FF3D61AF-FollowerState] INFO  server.RaftServer$Division (RaftServerImpl.java:setRole(290)) - 2fe09f74-0f35-4dca-83ea-38d6e64c020a@group-B644FF3D61AF: changes role from  FOLLOWER to CANDIDATE at term 3 for changeToCandidate
2022-03-01 02:09:34,735 [2fe09f74-0f35-4dca-83ea-38d6e64c020a@group-B644FF3D61AF-FollowerState] INFO  server.RaftServerConfigKeys (ConfUtils.java:logGet(44)) - raft.server.leaderelection.pre-vote = false (custom)
2022-03-01 02:09:34,735 [2fe09f74-0f35-4dca-83ea-38d6e64c020a@group-B644FF3D61AF-FollowerState] INFO  impl.RoleInfo (RoleInfo.java:updateAndGet(130)) - 2fe09f74-0f35-4dca-83ea-38d6e64c020a: start 2fe09f74-0f35-4dca-83ea-38d6e64c020a@group-B644FF3D61AF-LeaderElection54
2022-03-01 02:09:34,776 [2fe09f74-0f35-4dca-83ea-38d6e64c020a@group-B644FF3D61AF-LeaderElection54] INFO  server.RaftServer$Division (ServerState.java:setLeader(285)) - 2fe09f74-0f35-4dca-83ea-38d6e64c020a@group-B644FF3D61AF: change Leader from 393f4c54-f67b-44fe-81f5-8bfc2099cec7 to null at term 3 for ELECTION
2022-03-01 02:09:34,778 [2fe09f74-0f35-4dca-83ea-38d6e64c020a@group-B644FF3D61AF-LeaderElection54] INFO  impl.LeaderElection (LeaderElection.java:askForVotes(306)) - 2fe09f74-0f35-4dca-83ea-38d6e64c020a@group-B644FF3D61AF-LeaderElection54 ELECTION round 0: submit vote requests at term 4 for 0: [393f4c54-f67b-44fe-81f5-8bfc2099cec7|rpc:10.1.0.9:34819|dataStream:|priority:1, c521be71-924d-486e-9da9-f3a5438abd2c|rpc:10.1.0.9:35291|dataStream:|priority:0, 2fe09f74-0f35-4dca-83ea-38d6e64c020a|rpc:10.1.0.9:46395|dataStream:|priority:0], old=null
2022-03-01 02:09:34,799 [2fe09f74-0f35-4dca-83ea-38d6e64c020a@group-B644FF3D61AF-LeaderElection54] INFO  impl.LeaderElection (LogUtils.java:infoOrTrace(137)) - 2fe09f74-0f35-4dca-83ea-38d6e64c020a@group-B644FF3D61AF-LeaderElection54 got exception when requesting votes: java.util.concurrent.ExecutionException: org.apache.ratis.thirdparty.io.grpc.StatusRuntimeException: UNAVAILABLE: io exception
2022-03-01 02:09:34,799 [2fe09f74-0f35-4dca-83ea-38d6e64c020a@group-B644FF3D61AF-LeaderElection54] INFO  impl.LeaderElection (LogUtils.java:infoOrTrace(137)) - 2fe09f74-0f35-4dca-83ea-38d6e64c020a@group-B644FF3D61AF-LeaderElection54 got exception when requesting votes: java.util.concurrent.ExecutionException: org.apache.ratis.thirdparty.io.grpc.StatusRuntimeException: UNAVAILABLE: io exception
2022-03-01 02:09:34,800 [2fe09f74-0f35-4dca-83ea-38d6e64c020a@group-B644FF3D61AF-LeaderElection54] INFO  impl.LeaderElection (LeaderElection.java:logAndReturn(89)) - 2fe09f74-0f35-4dca-83ea-38d6e64c020a@group-B644FF3D61AF-LeaderElection54: ELECTION REJECTED received 0 response(s) and 2 exception(s):
2022-03-01 02:09:34,800 [2fe09f74-0f35-4dca-83ea-38d6e64c020a@group-B644FF3D61AF-LeaderElection54] INFO  impl.LeaderElection (LogUtils.java:infoOrTrace(137)) -   Exception 0: java.util.concurrent.ExecutionException: org.apache.ratis.thirdparty.io.grpc.StatusRuntimeException: UNAVAILABLE: io exception
2022-03-01 02:09:34,800 [2fe09f74-0f35-4dca-83ea-38d6e64c020a@group-B644FF3D61AF-LeaderElection54] INFO  impl.LeaderElection (LogUtils.java:infoOrTrace(137)) -   Exception 1: java.util.concurrent.ExecutionException: org.apache.ratis.thirdparty.io.grpc.StatusRuntimeException: UNAVAILABLE: io exception
2022-03-01 02:09:34,800 [2fe09f74-0f35-4dca-83ea-38d6e64c020a@group-B644FF3D61AF-LeaderElection54] INFO  impl.LeaderElection (LeaderElection.java:askForVotes(308)) - 2fe09f74-0f35-4dca-83ea-38d6e64c020a@group-B644FF3D61AF-LeaderElection54 ELECTION round 0: result REJECTED
2022-03-01 02:09:34,800 [2fe09f74-0f35-4dca-83ea-38d6e64c020a@group-B644FF3D61AF-LeaderElection54] INFO  server.RaftServer$Division (RaftServerImpl.java:setRole(290)) - 2fe09f74-0f35-4dca-83ea-38d6e64c020a@group-B644FF3D61AF: changes role from CANDIDATE to FOLLOWER at term 4 for REJECTED
2022-03-01 02:09:34,800 [2fe09f74-0f35-4dca-83ea-38d6e64c020a@group-B644FF3D61AF-LeaderElection54] INFO  impl.RoleInfo (RoleInfo.java:shutdownLeaderElection(121)) - 2fe09f74-0f35-4dca-83ea-38d6e64c020a: shutdown 2fe09f74-0f35-4dca-83ea-38d6e64c020a@group-B644FF3D61AF-LeaderElection54
2022-03-01 02:09:34,800 [2fe09f74-0f35-4dca-83ea-38d6e64c020a@group-B644FF3D61AF-LeaderElection54] INFO  impl.RoleInfo (RoleInfo.java:updateAndGet(130)) - 2fe09f74-0f35-4dca-83ea-38d6e64c020a: start 2fe09f74-0f35-4dca-83ea-38d6e64c020a@group-B644FF3D61AF-FollowerState
2022-03-01 02:09:37,374 [Listener at 127.0.0.1/45865] INFO  ozoneimpl.OzoneContainer (OzoneContainer.java:stop(356)) - Attempting to stop container services.
2022-03-01 02:09:37,379 [Listener at 127.0.0.1/45865] INFO  server.RaftServer (RaftServerProxy.java:lambda$close$6(391)) - 2fe09f74-0f35-4dca-83ea-38d6e64c020a: close
2022-03-01 02:09:37,384 [Listener at 127.0.0.1/45865] INFO  server.RaftServer$Division (RaftServerImpl.java:lambda$close$4(412)) - 2fe09f74-0f35-4dca-83ea-38d6e64c020a@group-D758006F8883: shutdown
2022-03-01 02:09:37,384 [Listener at 127.0.0.1/45865] INFO  util.JmxRegister (JmxRegister.java:unregister(73)) - Successfully un-registered JMX Bean with object name Ratis:service=RaftServer,group=group-D758006F8883,id=2fe09f74-0f35-4dca-83ea-38d6e64c020a
2022-03-01 02:09:37,384 [Listener at 127.0.0.1/45865] INFO  impl.RoleInfo (RoleInfo.java:shutdownFollowerState(108)) - 2fe09f74-0f35-4dca-83ea-38d6e64c020a: shutdown 2fe09f74-0f35-4dca-83ea-38d6e64c020a@group-D758006F8883-FollowerState
2022-03-01 02:09:37,384 [Listener at 127.0.0.1/45865] INFO  impl.StateMachineUpdater (StateMachineUpdater.java:stopAndJoin(149)) - 2fe09f74-0f35-4dca-83ea-38d6e64c020a@group-D758006F8883-StateMachineUpdater: set stopIndex = 0
2022-03-01 02:09:37,385 [2fe09f74-0f35-4dca-83ea-38d6e64c020a@group-D758006F8883-StateMachineUpdater] INFO  ratis.ContainerStateMachine (ContainerStateMachine.java:takeSnapshot(304)) - group-D758006F8883: Taking a snapshot at:(t:7, i:0) file /home/runner/work/ozone/ozone/hadoop-ozone/integration-test/target/test-dir/MiniOzoneClusterImpl-4a905738-de8a-4f79-b951-dc63c6cec1e7/datanode-2/data/ratis/445ed73e-c65b-479c-9b33-d758006f8883/sm/snapshot.7_0
2022-03-01 02:09:37,385 [2fe09f74-0f35-4dca-83ea-38d6e64c020a@group-D758006F8883-FollowerState] INFO  impl.FollowerState (FollowerState.java:run(143)) - 2fe09f74-0f35-4dca-83ea-38d6e64c020a@group-D758006F8883-FollowerState was interrupted: {}
java.lang.InterruptedException: sleep interrupted
	at java.lang.Thread.sleep(Native Method)
	at java.lang.Thread.sleep(Thread.java:342)
	at java.util.concurrent.TimeUnit.sleep(TimeUnit.java:386)
	at org.apache.ratis.util.TimeDuration.sleep(TimeDuration.java:324)
	at org.apache.ratis.util.TimeDuration.sleep(TimeDuration.java:309)
	at org.apache.ratis.server.impl.FollowerState.run(FollowerState.java:118)
2022-03-01 02:09:37,385 [ForkJoinPool.commonPool-worker-0] INFO  server.RaftServer$Division (RaftServerImpl.java:lambda$close$4(412)) - 2fe09f74-0f35-4dca-83ea-38d6e64c020a@group-B644FF3D61AF: shutdown
2022-03-01 02:09:37,395 [2fe09f74-0f35-4dca-83ea-38d6e64c020a@group-D758006F8883-StateMachineUpdater] INFO  ratis.ContainerStateMachine (ContainerStateMachine.java:takeSnapshot(315)) - group-D758006F8883: Finished taking a snapshot at:(t:7, i:0) file:/home/runner/work/ozone/ozone/hadoop-ozone/integration-test/target/test-dir/MiniOzoneClusterImpl-4a905738-de8a-4f79-b951-dc63c6cec1e7/datanode-2/data/ratis/445ed73e-c65b-479c-9b33-d758006f8883/sm/snapshot.7_0 took: 10 ms
2022-03-01 02:09:37,403 [2fe09f74-0f35-4dca-83ea-38d6e64c020a@group-D758006F8883-StateMachineUpdater] INFO  impl.StateMachineUpdater (StateMachineUpdater.java:takeSnapshot(281)) - 2fe09f74-0f35-4dca-83ea-38d6e64c020a@group-D758006F8883-StateMachineUpdater: Took a snapshot at index 0
2022-03-01 02:09:37,403 [2fe09f74-0f35-4dca-83ea-38d6e64c020a@group-D758006F8883-StateMachineUpdater] INFO  impl.StateMachineUpdater (StateMachineUpdater.java:lambda$new$0(89)) - 2fe09f74-0f35-4dca-83ea-38d6e64c020a@group-D758006F8883-StateMachineUpdater: snapshotIndex: updateIncreasingly -1 -> 0
2022-03-01 02:09:37,404 [Listener at 127.0.0.1/45865] INFO  server.RaftServer$Division (ServerState.java:close(419)) - 2fe09f74-0f35-4dca-83ea-38d6e64c020a@group-D758006F8883: closes. applyIndex: 0
2022-03-01 02:09:37,404 [2fe09f74-0f35-4dca-83ea-38d6e64c020a@group-D758006F8883-SegmentedRaftLogWorker] INFO  segmented.SegmentedRaftLogWorker (SegmentedRaftLogWorker.java:run(327)) - 2fe09f74-0f35-4dca-83ea-38d6e64c020a@group-D758006F8883-SegmentedRaftLogWorker was interrupted, exiting. There are 0 tasks remaining in the queue.
2022-03-01 02:09:37,404 [ForkJoinPool.commonPool-worker-0] INFO  util.JmxRegister (JmxRegister.java:unregister(73)) - Successfully un-registered JMX Bean with object name Ratis:service=RaftServer,group=group-B644FF3D61AF,id=2fe09f74-0f35-4dca-83ea-38d6e64c020a
2022-03-01 02:09:37,412 [ForkJoinPool.commonPool-worker-0] INFO  impl.RoleInfo (RoleInfo.java:shutdownFollowerState(108)) - 2fe09f74-0f35-4dca-83ea-38d6e64c020a: shutdown 2fe09f74-0f35-4dca-83ea-38d6e64c020a@group-B644FF3D61AF-FollowerState
2022-03-01 02:09:37,405 [Listener at 127.0.0.1/45865] INFO  segmented.SegmentedRaftLogWorker (SegmentedRaftLogWorker.java:close(237)) - 2fe09f74-0f35-4dca-83ea-38d6e64c020a@group-D758006F8883-SegmentedRaftLogWorker close()
2022-03-01 02:09:37,412 [2fe09f74-0f35-4dca-83ea-38d6e64c020a@group-B644FF3D61AF-FollowerState] INFO  impl.FollowerState (FollowerState.java:run(143)) - 2fe09f74-0f35-4dca-83ea-38d6e64c020a@group-B644FF3D61AF-FollowerState was interrupted: {}
java.lang.InterruptedException: sleep interrupted
	at java.lang.Thread.sleep(Native Method)
	at java.lang.Thread.sleep(Thread.java:342)
	at java.util.concurrent.TimeUnit.sleep(TimeUnit.java:386)
	at org.apache.ratis.util.TimeDuration.sleep(TimeDuration.java:324)
	at org.apache.ratis.util.TimeDuration.sleep(TimeDuration.java:309)
	at org.apache.ratis.server.impl.FollowerState.run(FollowerState.java:118)
2022-03-01 02:09:37,412 [2fe09f74-0f35-4dca-83ea-38d6e64c020a@group-B644FF3D61AF-StateMachineUpdater] INFO  ratis.ContainerStateMachine (ContainerStateMachine.java:takeSnapshot(304)) - group-B644FF3D61AF: Taking a snapshot at:(t:3, i:27) file /home/runner/work/ozone/ozone/hadoop-ozone/integration-test/target/test-dir/MiniOzoneClusterImpl-4a905738-de8a-4f79-b951-dc63c6cec1e7/datanode-2/data/ratis/4656e030-2756-4f3a-99a7-b644ff3d61af/sm/snapshot.3_27
2022-03-01 02:09:37,412 [ForkJoinPool.commonPool-worker-0] INFO  impl.StateMachineUpdater (StateMachineUpdater.java:stopAndJoin(149)) - 2fe09f74-0f35-4dca-83ea-38d6e64c020a@group-B644FF3D61AF-StateMachineUpdater: set stopIndex = 27
2022-03-01 02:09:37,431 [2fe09f74-0f35-4dca-83ea-38d6e64c020a@group-B644FF3D61AF-StateMachineUpdater] INFO  ratis.ContainerStateMachine (ContainerStateMachine.java:takeSnapshot(315)) - group-B644FF3D61AF: Finished taking a snapshot at:(t:3, i:27) file:/home/runner/work/ozone/ozone/hadoop-ozone/integration-test/target/test-dir/MiniOzoneClusterImpl-4a905738-de8a-4f79-b951-dc63c6cec1e7/datanode-2/data/ratis/4656e030-2756-4f3a-99a7-b644ff3d61af/sm/snapshot.3_27 took: 18 ms
2022-03-01 02:09:37,431 [2fe09f74-0f35-4dca-83ea-38d6e64c020a@group-B644FF3D61AF-StateMachineUpdater] INFO  impl.StateMachineUpdater (StateMachineUpdater.java:takeSnapshot(281)) - 2fe09f74-0f35-4dca-83ea-38d6e64c020a@group-B644FF3D61AF-StateMachineUpdater: Took a snapshot at index 27
2022-03-01 02:09:37,432 [2fe09f74-0f35-4dca-83ea-38d6e64c020a@group-B644FF3D61AF-StateMachineUpdater] INFO  impl.StateMachineUpdater (StateMachineUpdater.java:lambda$new$0(89)) - 2fe09f74-0f35-4dca-83ea-38d6e64c020a@group-B644FF3D61AF-StateMachineUpdater: snapshotIndex: updateIncreasingly -1 -> 27
2022-03-01 02:09:37,432 [ForkJoinPool.commonPool-worker-0] INFO  server.RaftServer$Division (ServerState.java:close(419)) - 2fe09f74-0f35-4dca-83ea-38d6e64c020a@group-B644FF3D61AF: closes. applyIndex: 27
2022-03-01 02:09:37,432 [2fe09f74-0f35-4dca-83ea-38d6e64c020a@group-B644FF3D61AF-SegmentedRaftLogWorker] INFO  segmented.SegmentedRaftLogWorker (SegmentedRaftLogWorker.java:run(327)) - 2fe09f74-0f35-4dca-83ea-38d6e64c020a@group-B644FF3D61AF-SegmentedRaftLogWorker was interrupted, exiting. There are 0 tasks remaining in the queue.
2022-03-01 02:09:37,433 [ForkJoinPool.commonPool-worker-0] INFO  segmented.SegmentedRaftLogWorker (SegmentedRaftLogWorker.java:close(237)) - 2fe09f74-0f35-4dca-83ea-38d6e64c020a@group-B644FF3D61AF-SegmentedRaftLogWorker close()
2022-03-01 02:09:37,434 [ForkJoinPool.commonPool-worker-0] INFO  server.RaftServer$Division (RaftServerImpl.java:lambda$close$4(412)) - 2fe09f74-0f35-4dca-83ea-38d6e64c020a@group-9B56DD789725: shutdown
2022-03-01 02:09:37,434 [ForkJoinPool.commonPool-worker-0] INFO  util.JmxRegister (JmxRegister.java:unregister(73)) - Successfully un-registered JMX Bean with object name Ratis:service=RaftServer,group=group-9B56DD789725,id=2fe09f74-0f35-4dca-83ea-38d6e64c020a
2022-03-01 02:09:37,434 [ForkJoinPool.commonPool-worker-0] INFO  impl.RoleInfo (RoleInfo.java:shutdownLeaderState(91)) - 2fe09f74-0f35-4dca-83ea-38d6e64c020a: shutdown 2fe09f74-0f35-4dca-83ea-38d6e64c020a@group-9B56DD789725-LeaderStateImpl
2022-03-01 02:09:37,434 [ForkJoinPool.commonPool-worker-0] INFO  impl.PendingRequests (PendingRequests.java:sendNotLeaderResponses(282)) - 2fe09f74-0f35-4dca-83ea-38d6e64c020a@group-9B56DD789725-PendingRequests: sendNotLeaderResponses
2022-03-01 02:09:37,435 [2fe09f74-0f35-4dca-83ea-38d6e64c020a@group-9B56DD789725-StateMachineUpdater] INFO  ratis.ContainerStateMachine (ContainerStateMachine.java:takeSnapshot(304)) - group-9B56DD789725: Taking a snapshot at:(t:1, i:0) file /home/runner/work/ozone/ozone/hadoop-ozone/integration-test/target/test-dir/MiniOzoneClusterImpl-4a905738-de8a-4f79-b951-dc63c6cec1e7/datanode-2/data/ratis/9eefe6dc-5b2d-4bcd-b8e4-9b56dd789725/sm/snapshot.1_0
2022-03-01 02:09:37,435 [ForkJoinPool.commonPool-worker-0] INFO  impl.StateMachineUpdater (StateMachineUpdater.java:stopAndJoin(149)) - 2fe09f74-0f35-4dca-83ea-38d6e64c020a@group-9B56DD789725-StateMachineUpdater: set stopIndex = 0
2022-03-01 02:09:37,436 [2fe09f74-0f35-4dca-83ea-38d6e64c020a@group-9B56DD789725-StateMachineUpdater] INFO  ratis.ContainerStateMachine (ContainerStateMachine.java:takeSnapshot(315)) - group-9B56DD789725: Finished taking a snapshot at:(t:1, i:0) file:/home/runner/work/ozone/ozone/hadoop-ozone/integration-test/target/test-dir/MiniOzoneClusterImpl-4a905738-de8a-4f79-b951-dc63c6cec1e7/datanode-2/data/ratis/9eefe6dc-5b2d-4bcd-b8e4-9b56dd789725/sm/snapshot.1_0 took: 1 ms
2022-03-01 02:09:37,436 [2fe09f74-0f35-4dca-83ea-38d6e64c020a@group-9B56DD789725-StateMachineUpdater] INFO  impl.StateMachineUpdater (StateMachineUpdater.java:takeSnapshot(281)) - 2fe09f74-0f35-4dca-83ea-38d6e64c020a@group-9B56DD789725-StateMachineUpdater: Took a snapshot at index 0
2022-03-01 02:09:37,436 [2fe09f74-0f35-4dca-83ea-38d6e64c020a@group-9B56DD789725-StateMachineUpdater] INFO  impl.StateMachineUpdater (StateMachineUpdater.java:lambda$new$0(89)) - 2fe09f74-0f35-4dca-83ea-38d6e64c020a@group-9B56DD789725-StateMachineUpdater: snapshotIndex: updateIncreasingly -1 -> 0
2022-03-01 02:09:37,436 [ForkJoinPool.commonPool-worker-0] INFO  server.RaftServer$Division (ServerState.java:close(419)) - 2fe09f74-0f35-4dca-83ea-38d6e64c020a@group-9B56DD789725: closes. applyIndex: 0
2022-03-01 02:09:37,436 [2fe09f74-0f35-4dca-83ea-38d6e64c020a@group-9B56DD789725-SegmentedRaftLogWorker] INFO  segmented.SegmentedRaftLogWorker (SegmentedRaftLogWorker.java:run(327)) - 2fe09f74-0f35-4dca-83ea-38d6e64c020a@group-9B56DD789725-SegmentedRaftLogWorker was interrupted, exiting. There are 0 tasks remaining in the queue.
2022-03-01 02:09:37,437 [ForkJoinPool.commonPool-worker-0] INFO  segmented.SegmentedRaftLogWorker (SegmentedRaftLogWorker.java:close(237)) - 2fe09f74-0f35-4dca-83ea-38d6e64c020a@group-9B56DD789725-SegmentedRaftLogWorker close()
2022-03-01 02:09:37,442 [Listener at 127.0.0.1/45865] INFO  server.GrpcService (GrpcService.java:closeImpl(262)) - 2fe09f74-0f35-4dca-83ea-38d6e64c020a: shutdown server with port 46395 now
2022-03-01 02:09:37,469 [Listener at 127.0.0.1/45865] INFO  server.GrpcService (GrpcService.java:closeImpl(271)) - 2fe09f74-0f35-4dca-83ea-38d6e64c020a: shutdown server with port 46395 successfully
2022-03-01 02:09:37,469 [org.apache.ratis.util.JvmPauseMonitor$$Lambda$421/1299661385@18e1c074] INFO  util.JvmPauseMonitor (JvmPauseMonitor.java:run(109)) - JvmPauseMonitor-2fe09f74-0f35-4dca-83ea-38d6e64c020a: Stopped
2022-03-01 02:09:39,484 [Listener at 127.0.0.1/45865] INFO  utils.BackgroundService (BackgroundService.java:shutdown(132)) - Shutting down service BlockDeletingService
2022-03-01 02:09:42,487 [Listener at 127.0.0.1/45865] INFO  statemachine.DatanodeStateMachine (DatanodeStateMachine.java:stopDaemon(529)) - Ozone container server stopped.
2022-03-01 02:09:42,488 [Listener at 127.0.0.1/45865] INFO  handler.ContextHandler (ContextHandler.java:doStop(1153)) - Stopped o.e.j.w.WebAppContext@332c8e2c{hddsDatanode,/,null,STOPPED}{jar:file:/home/runner/.m2/repository/org/apache/ozone/hdds-container-service/1.3.0-SNAPSHOT/hdds-container-service-1.3.0-SNAPSHOT.jar!/webapps/hddsDatanode}
2022-03-01 02:09:42,492 [Listener at 127.0.0.1/45865] INFO  server.AbstractConnector (AbstractConnector.java:doStop(381)) - Stopped ServerConnector@525e0c73{HTTP/1.1, (http/1.1)}{0.0.0.0:0}
2022-03-01 02:09:42,492 [Listener at 127.0.0.1/45865] INFO  server.session (HouseKeeper.java:stopScavenging(149)) - node0 Stopped scavenging
2022-03-01 02:09:42,493 [Listener at 127.0.0.1/45865] INFO  handler.ContextHandler (ContextHandler.java:doStop(1153)) - Stopped o.e.j.s.ServletContextHandler@6f5a94cf{static,/static,jar:file:/home/runner/.m2/repository/org/apache/ozone/hdds-container-service/1.3.0-SNAPSHOT/hdds-container-service-1.3.0-SNAPSHOT.jar!/webapps/static,STOPPED}
2022-03-01 02:09:42,493 [Listener at 127.0.0.1/45865] INFO  handler.ContextHandler (ContextHandler.java:doStop(1153)) - Stopped o.e.j.s.ServletContextHandler@1f07773e{logs,/logs,file:///home/runner/work/ozone/ozone/hadoop-ozone/integration-test/target/log,STOPPED}
2022-03-01 02:09:42,495 [Listener at 127.0.0.1/45865] INFO  ozone.MiniOzoneClusterImpl (MiniOzoneClusterImpl.java:stopSCM(538)) - Stopping the StorageContainerManager
2022-03-01 02:09:42,496 [Listener at 127.0.0.1/45865] INFO  server.StorageContainerManager (StorageContainerManager.java:stop(1417)) - Stopping Container Balancer service.
2022-03-01 02:09:42,496 [Listener at 127.0.0.1/45865] INFO  balancer.ContainerBalancer (ContainerBalancer.java:stop(751)) - Container Balancer is not running.
2022-03-01 02:09:42,496 [Listener at 127.0.0.1/45865] INFO  server.StorageContainerManager (StorageContainerManager.java:stop(1424)) - Stopping Replication Manager Service.
2022-03-01 02:09:42,496 [Listener at 127.0.0.1/45865] INFO  container.ReplicationManager (ReplicationManager.java:stop(357)) - Stopping Replication Monitor Thread.
2022-03-01 02:09:42,496 [Listener at 127.0.0.1/45865] INFO  server.StorageContainerManager (StorageContainerManager.java:stop(1431)) - Stopping the Datanode Admin Monitor.
2022-03-01 02:09:42,496 [Listener at 127.0.0.1/45865] INFO  server.StorageContainerManager (StorageContainerManager.java:stop(1438)) - Stopping Lease Manager of the command watchers
2022-03-01 02:09:42,497 [Listener at 127.0.0.1/45865] INFO  server.StorageContainerManager (StorageContainerManager.java:stop(1445)) - Stopping datanode service RPC server
2022-03-01 02:09:42,497 [Listener at 127.0.0.1/45865] INFO  server.SCMDatanodeProtocolServer (SCMDatanodeProtocolServer.java:stop(391)) - Stopping the RPC server for DataNodes
2022-03-01 02:09:42,497 [Listener at 127.0.0.1/45865] INFO  ipc.Server (Server.java:stop(3414)) - Stopping server on 39993
2022-03-01 02:09:42,547 [IPC Server Responder] INFO  ipc.Server (Server.java:run(1512)) - Stopping IPC Server Responder
2022-03-01 02:09:42,547 [IPC Server listener on 0] INFO  ipc.Server (Server.java:run(1376)) - Stopping IPC Server listener on 0
2022-03-01 02:09:42,580 [SCM Heartbeat Processing Thread - 0] WARN  node.NodeStateManager (NodeStateManager.java:scheduleNextHealthCheck(815)) - Current Thread is interrupted, shutting down HB processing thread for Node Manager.
2022-03-01 02:09:42,581 [Listener at 127.0.0.1/45865] INFO  server.StorageContainerManager (StorageContainerManager.java:stop(1453)) - Stopping block service RPC server
2022-03-01 02:09:42,582 [Listener at 127.0.0.1/45865] INFO  server.SCMBlockProtocolServer (SCMBlockProtocolServer.java:stop(160)) - Stopping the RPC server for Block Protocol
2022-03-01 02:09:42,582 [Listener at 127.0.0.1/45865] INFO  ipc.Server (Server.java:stop(3414)) - Stopping server on 39777
2022-03-01 02:09:42,591 [Listener at 127.0.0.1/45865] INFO  server.StorageContainerManager (StorageContainerManager.java:stop(1460)) - Stopping the StorageContainerLocationProtocol RPC server
2022-03-01 02:09:42,591 [Listener at 127.0.0.1/45865] INFO  server.SCMClientProtocolServer (SCMClientProtocolServer.java:stop(174)) - Stopping the RPC server for Client Protocol
2022-03-01 02:09:42,592 [Listener at 127.0.0.1/45865] INFO  ipc.Server (Server.java:stop(3414)) - Stopping server on 41255
2022-03-01 02:09:42,592 [IPC Server Responder] INFO  ipc.Server (Server.java:run(1512)) - Stopping IPC Server Responder
2022-03-01 02:09:42,593 [IPC Server listener on 0] INFO  ipc.Server (Server.java:run(1376)) - Stopping IPC Server listener on 0
2022-03-01 02:09:42,615 [Listener at 127.0.0.1/45865] INFO  server.StorageContainerManager (StorageContainerManager.java:stop(1467)) - Stopping Storage Container Manager HTTP server.
2022-03-01 02:09:42,616 [Listener at 127.0.0.1/45865] INFO  handler.ContextHandler (ContextHandler.java:doStop(1153)) - Stopped o.e.j.w.WebAppContext@7ea947c3{scm,/,null,STOPPED}{file:/home/runner/work/ozone/ozone/hadoop-ozone/integration-test/target/test-classes/webapps/scm}
2022-03-01 02:09:42,616 [IPC Server listener on 0] INFO  ipc.Server (Server.java:run(1376)) - Stopping IPC Server listener on 0
2022-03-01 02:09:42,616 [IPC Server Responder] INFO  ipc.Server (Server.java:run(1512)) - Stopping IPC Server Responder
2022-03-01 02:09:42,616 [Listener at 127.0.0.1/45865] INFO  server.AbstractConnector (AbstractConnector.java:doStop(381)) - Stopped ServerConnector@71dfcc99{HTTP/1.1, (http/1.1)}{0.0.0.0:0}
2022-03-01 02:09:42,639 [Listener at 127.0.0.1/45865] INFO  server.session (HouseKeeper.java:stopScavenging(149)) - node0 Stopped scavenging
2022-03-01 02:09:42,639 [Listener at 127.0.0.1/45865] INFO  handler.ContextHandler (ContextHandler.java:doStop(1153)) - Stopped o.e.j.s.ServletContextHandler@3a0d9b19{static,/static,file:///home/runner/work/ozone/ozone/hadoop-ozone/integration-test/target/test-classes/webapps/static,STOPPED}
2022-03-01 02:09:42,640 [Listener at 127.0.0.1/45865] INFO  handler.ContextHandler (ContextHandler.java:doStop(1153)) - Stopped o.e.j.s.ServletContextHandler@b84163{logs,/logs,file:///home/runner/work/ozone/ozone/hadoop-ozone/integration-test/target/log,STOPPED}
2022-03-01 02:09:42,641 [Listener at 127.0.0.1/45865] INFO  server.StorageContainerManager (StorageContainerManager.java:stop(1478)) - Stopping Block Manager Service.
2022-03-01 02:09:42,641 [Listener at 127.0.0.1/45865] INFO  utils.BackgroundService (BackgroundService.java:shutdown(132)) - Shutting down service SCMBlockDeletingService
2022-03-01 02:09:42,647 [Listener at 127.0.0.1/45865] INFO  utils.BackgroundService (BackgroundService.java:shutdown(132)) - Shutting down service SCMBlockDeletingService
2022-03-01 02:09:42,648 [Listener at 127.0.0.1/45865] INFO  server.StorageContainerManager (StorageContainerManager.java:stop(1505)) - Stopping SCM Event Queue.
2022-03-01 02:09:42,667 [Listener at 127.0.0.1/45865] INFO  server.StorageContainerManager (StorageContainerManager.java:stop(1516)) - Stopping SCM HA services.
2022-03-01 02:09:42,667 [Listener at 127.0.0.1/45865] INFO  ha.SCMRatisServerImpl (SCMRatisServerImpl.java:stop(236)) - stopping ratis server 0.0.0.0:9894
2022-03-01 02:09:42,675 [Listener at 127.0.0.1/45865] INFO  server.RaftServer (RaftServerProxy.java:lambda$close$6(391)) - 58423f7c-2297-4434-9210-7e927eefd95c: close
2022-03-01 02:09:42,675 [Listener at 127.0.0.1/45865] INFO  server.RaftServer$Division (RaftServerImpl.java:lambda$close$4(412)) - 58423f7c-2297-4434-9210-7e927eefd95c@group-DC63C6CEC1E7: shutdown
2022-03-01 02:09:42,676 [Listener at 127.0.0.1/45865] INFO  util.JmxRegister (JmxRegister.java:unregister(73)) - Successfully un-registered JMX Bean with object name Ratis:service=RaftServer,group=group-DC63C6CEC1E7,id=58423f7c-2297-4434-9210-7e927eefd95c
2022-03-01 02:09:42,676 [Listener at 127.0.0.1/45865] INFO  impl.RoleInfo (RoleInfo.java:shutdownLeaderState(91)) - 58423f7c-2297-4434-9210-7e927eefd95c: shutdown 58423f7c-2297-4434-9210-7e927eefd95c@group-DC63C6CEC1E7-LeaderStateImpl
2022-03-01 02:09:42,676 [Listener at 127.0.0.1/45865] INFO  impl.PendingRequests (PendingRequests.java:sendNotLeaderResponses(282)) - 58423f7c-2297-4434-9210-7e927eefd95c@group-DC63C6CEC1E7-PendingRequests: sendNotLeaderResponses
2022-03-01 02:09:42,676 [Listener at 127.0.0.1/45865] INFO  ha.SCMStateMachine (SCMStateMachine.java:notifyNotLeader(190)) - current leader SCM steps down.
2022-03-01 02:09:42,676 [Listener at 127.0.0.1/45865] INFO  ha.SCMContext (SCMContext.java:updateLeaderAndTerm(90)) - update <isLeader,term> from <true,2> to <false,0>
2022-03-01 02:09:42,676 [Listener at 127.0.0.1/45865] INFO  ha.SCMContext (SCMContext.java:updateLeaderAndTerm(97)) - update <isLeaderReady> from <false> to <false>
2022-03-01 02:09:42,695 [Listener at 127.0.0.1/45865] INFO  impl.StateMachineUpdater (StateMachineUpdater.java:stopAndJoin(149)) - 58423f7c-2297-4434-9210-7e927eefd95c@group-DC63C6CEC1E7-StateMachineUpdater: set stopIndex = 32
2022-03-01 02:09:42,695 [58423f7c-2297-4434-9210-7e927eefd95c@group-DC63C6CEC1E7-StateMachineUpdater] INFO  ha.SCMStateMachine (SCMStateMachine.java:takeSnapshot(297)) - Current Snapshot Index 32, takeSnapshot took 0 ms
2022-03-01 02:09:42,695 [58423f7c-2297-4434-9210-7e927eefd95c@group-DC63C6CEC1E7-StateMachineUpdater] INFO  impl.StateMachineUpdater (StateMachineUpdater.java:takeSnapshot(281)) - 58423f7c-2297-4434-9210-7e927eefd95c@group-DC63C6CEC1E7-StateMachineUpdater: Took a snapshot at index 32
2022-03-01 02:09:42,695 [58423f7c-2297-4434-9210-7e927eefd95c@group-DC63C6CEC1E7-StateMachineUpdater] INFO  impl.StateMachineUpdater (StateMachineUpdater.java:lambda$new$0(89)) - 58423f7c-2297-4434-9210-7e927eefd95c@group-DC63C6CEC1E7-StateMachineUpdater: snapshotIndex: updateIncreasingly -1 -> 32
2022-03-01 02:09:42,695 [Listener at 127.0.0.1/45865] INFO  server.RaftServer$Division (ServerState.java:close(419)) - 58423f7c-2297-4434-9210-7e927eefd95c@group-DC63C6CEC1E7: closes. applyIndex: 32
2022-03-01 02:09:42,696 [58423f7c-2297-4434-9210-7e927eefd95c@group-DC63C6CEC1E7-SegmentedRaftLogWorker] INFO  segmented.SegmentedRaftLogWorker (SegmentedRaftLogWorker.java:run(327)) - 58423f7c-2297-4434-9210-7e927eefd95c@group-DC63C6CEC1E7-SegmentedRaftLogWorker was interrupted, exiting. There are 0 tasks remaining in the queue.
2022-03-01 02:09:42,700 [Listener at 127.0.0.1/45865] INFO  segmented.SegmentedRaftLogWorker (SegmentedRaftLogWorker.java:close(237)) - 58423f7c-2297-4434-9210-7e927eefd95c@group-DC63C6CEC1E7-SegmentedRaftLogWorker close()
2022-03-01 02:09:42,701 [Listener at 127.0.0.1/45865] INFO  server.GrpcService (GrpcService.java:closeImpl(262)) - 58423f7c-2297-4434-9210-7e927eefd95c: shutdown server with port 9894 now
2022-03-01 02:09:42,701 [Listener at 127.0.0.1/45865] INFO  server.GrpcService (GrpcService.java:closeImpl(271)) - 58423f7c-2297-4434-9210-7e927eefd95c: shutdown server with port 9894 successfully
2022-03-01 02:09:42,701 [org.apache.ratis.util.JvmPauseMonitor$$Lambda$421/1299661385@38968a48] INFO  util.JvmPauseMonitor (JvmPauseMonitor.java:run(109)) - JvmPauseMonitor-58423f7c-2297-4434-9210-7e927eefd95c: Stopped
2022-03-01 02:09:42,702 [Listener at 127.0.0.1/45865] INFO  pipeline.BackgroundPipelineCreator (BackgroundPipelineCreator.java:stop(158)) - Stopping RatisPipelineUtilsThread.
2022-03-01 02:09:42,702 [Listener at 127.0.0.1/45865] INFO  server.StorageContainerManager (StorageContainerManager.java:stop(1526)) - Stopping SCM MetadataStore.
2022-03-01 02:09:42,703 [Listener at 127.0.0.1/45865] INFO  impl.MetricsSystemImpl (MetricsSystemImpl.java:stop(210)) - Stopping HddsDatanode metrics system...
2022-03-01 02:09:42,751 [prometheus] INFO  impl.MetricsSinkAdapter (MetricsSinkAdapter.java:publishMetricsFromQueue(141)) - prometheus thread interrupted.
2022-03-01 02:09:42,751 [Listener at 127.0.0.1/45865] INFO  impl.MetricsSystemImpl (MetricsSystemImpl.java:stop(216)) - HddsDatanode metrics system stopped.
2022-03-01 02:09:42,985 [Listener at 127.0.0.1/45865] WARN  server.ServerUtils (ServerUtils.java:getScmDbDir(148)) - ozone.scm.db.dirs is not configured. We recommend adding this setting. Falling back to ozone.metadata.dirs instead.
2022-03-01 02:09:42,997 [Listener at 127.0.0.1/45865] INFO  ha.SCMHANodeDetails (SCMHANodeDetails.java:loadSCMHAConfig(157)) - ServiceID for StorageContainerManager is null
2022-03-01 02:09:42,997 [Listener at 127.0.0.1/45865] INFO  ha.SCMHANodeDetails (SCMHANodeDetails.java:loadSCMHAConfig(162)) - ozone.scm.default.service.id is not defined, falling back to ozone.scm.service.ids to find serviceID for StorageContainerManager if it is HA enabled cluster
2022-03-01 02:09:42,998 [Listener at 127.0.0.1/45865] INFO  server.RaftServer (ConfUtils.java:logGet(44)) - raft.rpc.type = GRPC (default)
2022-03-01 02:09:42,998 [Listener at 127.0.0.1/45865] INFO  grpc.GrpcFactory (GrpcFactory.java:checkPooledByteBufAllocatorUseCacheForAllThreads(48)) - PERFORMANCE WARNING: useCacheForAllThreads is true that may cause Netty to create a lot garbage objects and, as a result, trigger GC.
	It is recommended to disable useCacheForAllThreads by setting -Dorg.apache.ratis.thirdparty.io.netty.allocator.useCacheForAllThreads=false in command line.
2022-03-01 02:09:42,998 [Listener at 127.0.0.1/45865] INFO  grpc.GrpcConfigKeys (ConfUtils.java:logGet(44)) - raft.grpc.admin.port = -1 (default)
2022-03-01 02:09:42,998 [Listener at 127.0.0.1/45865] INFO  grpc.GrpcConfigKeys (ConfUtils.java:logGet(44)) - raft.grpc.server.port = 9894 (custom)
2022-03-01 02:09:42,999 [Listener at 127.0.0.1/45865] INFO  grpc.GrpcConfigKeys (ConfUtils.java:logGet(44)) - raft.grpc.client.port = -1 (default)
2022-03-01 02:09:42,999 [Listener at 127.0.0.1/45865] INFO  grpc.GrpcConfigKeys (ConfUtils.java:logGet(44)) - raft.grpc.server.port = 9894 (custom)
2022-03-01 02:09:42,999 [Listener at 127.0.0.1/45865] INFO  grpc.GrpcConfigKeys (ConfUtils.java:logGet(44)) - raft.grpc.server.port = 9894 (custom)
2022-03-01 02:09:42,999 [Listener at 127.0.0.1/45865] INFO  server.GrpcService (ConfUtils.java:logGet(44)) - raft.grpc.message.size.max = 32m (=33554432) (custom)
2022-03-01 02:09:42,999 [Listener at 127.0.0.1/45865] INFO  server.RaftServerConfigKeys (ConfUtils.java:logGet(44)) - raft.server.log.appender.buffer.byte-limit = 33554432 (custom)
2022-03-01 02:09:42,999 [Listener at 127.0.0.1/45865] INFO  server.GrpcService (ConfUtils.java:logGet(44)) - raft.grpc.flow.control.window = 1MB (=1048576) (default)
2022-03-01 02:09:42,999 [Listener at 127.0.0.1/45865] INFO  server.RaftServerConfigKeys (ConfUtils.java:logGet(44)) - raft.server.rpc.request.timeout = 30000ms (custom)
2022-03-01 02:09:43,001 [Listener at 127.0.0.1/45865] INFO  impl.DataStreamServerImpl (ConfUtils.java:logGet(44)) - raft.datastream.type = DISABLED (default)
2022-03-01 02:09:43,011 [Listener at 127.0.0.1/45865] INFO  server.RaftServerConfigKeys (ConfUtils.java:logGet(44)) - raft.server.rpc.slowness.timeout = 120000ms (custom)
2022-03-01 02:09:43,011 [Listener at 127.0.0.1/45865] INFO  server.RaftServerConfigKeys (ConfUtils.java:logGet(44)) - raft.server.leaderelection.leader.step-down.wait-time = 10s (default)
2022-03-01 02:09:43,012 [Listener at 127.0.0.1/45865] INFO  server.RaftServerConfigKeys (ConfUtils.java:logGet(44)) - raft.server.storage.dir = [/home/runner/work/ozone/ozone/hadoop-ozone/integration-test/target/test-dir/MiniOzoneClusterImpl-274b8b5e-502f-4f00-85bb-070f9627ef71/ozone-meta/scm-ha] (custom)
2022-03-01 02:09:43,019 [Listener at 127.0.0.1/45865] INFO  server.RaftServer (RaftServerProxy.java:addNew(95)) - a2e6164a-d2c4-4f22-b3b6-99fe8a11479f: addNew group-070F9627EF71:[a2e6164a-d2c4-4f22-b3b6-99fe8a11479f|rpc:fv-az294-952:9894|priority:0] returns group-070F9627EF71:java.util.concurrent.CompletableFuture@3f4f6338[Not completed]
2022-03-01 02:09:43,020 [pool-471-thread-1] INFO  server.RaftServer$Division (RaftServerImpl.java:<init>(184)) - a2e6164a-d2c4-4f22-b3b6-99fe8a11479f: new RaftServerImpl for group-070F9627EF71:[a2e6164a-d2c4-4f22-b3b6-99fe8a11479f|rpc:fv-az294-952:9894|priority:0] with SCMStateMachine:uninitialized
2022-03-01 02:09:43,047 [pool-471-thread-1] INFO  server.RaftServerConfigKeys (ConfUtils.java:logGet(44)) - raft.server.rpc.timeout.min = 5000ms (custom)
2022-03-01 02:09:43,047 [pool-471-thread-1] INFO  server.RaftServerConfigKeys (ConfUtils.java:logGet(44)) - raft.server.rpc.timeout.max = 5200ms (custom)
2022-03-01 02:09:43,047 [pool-471-thread-1] INFO  server.RaftServerConfigKeys (ConfUtils.java:logGet(44)) - raft.server.rpc.sleep.time = 25ms (default)
2022-03-01 02:09:43,048 [pool-471-thread-1] INFO  server.RaftServerConfigKeys (ConfUtils.java:logGet(44)) - raft.server.rpc.slowness.timeout = 120000ms (custom)
2022-03-01 02:09:43,048 [pool-471-thread-1] INFO  server.RaftServerConfigKeys (ConfUtils.java:logGet(44)) - raft.server.leaderelection.leader.step-down.wait-time = 10s (default)
2022-03-01 02:09:43,048 [pool-471-thread-1] INFO  server.RaftServerConfigKeys (ConfUtils.java:logGet(44)) - raft.server.sleep.deviation.threshold = 300ms (default)
2022-03-01 02:09:43,048 [pool-471-thread-1] INFO  server.RaftServerConfigKeys (ConfUtils.java:logGet(44)) - raft.server.log.appender.install.snapshot.enabled = false (custom)
2022-03-01 02:09:43,048 [pool-471-thread-1] INFO  server.RaftServer$Division (ServerState.java:<init>(105)) - a2e6164a-d2c4-4f22-b3b6-99fe8a11479f@group-070F9627EF71: ConfigurationManager, init=-1: [a2e6164a-d2c4-4f22-b3b6-99fe8a11479f|rpc:fv-az294-952:9894|priority:0], old=null, confs=<EMPTY_MAP>
2022-03-01 02:09:43,048 [pool-471-thread-1] INFO  server.RaftServerConfigKeys (ConfUtils.java:logGet(44)) - raft.server.storage.dir = [/home/runner/work/ozone/ozone/hadoop-ozone/integration-test/target/test-dir/MiniOzoneClusterImpl-274b8b5e-502f-4f00-85bb-070f9627ef71/ozone-meta/scm-ha] (custom)
2022-03-01 02:09:43,048 [pool-471-thread-1] INFO  server.RaftServerConfigKeys (ConfUtils.java:logGet(44)) - raft.server.log.corruption.policy = EXCEPTION (default)
2022-03-01 02:09:43,048 [pool-471-thread-1] INFO  server.RaftServerConfigKeys (ConfUtils.java:logGet(44)) - raft.server.storage.free-space.min = 0MB (=0) (default)
2022-03-01 02:09:43,048 [pool-471-thread-1] INFO  storage.RaftStorageDirectory (RaftStorageDirectoryImpl.java:analyzeStorage(135)) - The storage directory /home/runner/work/ozone/ozone/hadoop-ozone/integration-test/target/test-dir/MiniOzoneClusterImpl-274b8b5e-502f-4f00-85bb-070f9627ef71/ozone-meta/scm-ha/274b8b5e-502f-4f00-85bb-070f9627ef71 does not exist. Creating ...
2022-03-01 02:09:43,050 [pool-471-thread-1] INFO  storage.RaftStorageDirectory (RaftStorageDirectoryImpl.java:tryLock(230)) - Lock on /home/runner/work/ozone/ozone/hadoop-ozone/integration-test/target/test-dir/MiniOzoneClusterImpl-274b8b5e-502f-4f00-85bb-070f9627ef71/ozone-meta/scm-ha/274b8b5e-502f-4f00-85bb-070f9627ef71/in_use.lock acquired by nodename 9245@fv-az294-952
2022-03-01 02:09:43,051 [pool-471-thread-1] INFO  storage.RaftStorage (RaftStorageImpl.java:format(89)) - Storage directory /home/runner/work/ozone/ozone/hadoop-ozone/integration-test/target/test-dir/MiniOzoneClusterImpl-274b8b5e-502f-4f00-85bb-070f9627ef71/ozone-meta/scm-ha/274b8b5e-502f-4f00-85bb-070f9627ef71 has been successfully formatted.
2022-03-01 02:09:43,051 [pool-471-thread-1] INFO  server.RaftServerConfigKeys (ConfUtils.java:logGet(44)) - raft.server.notification.no-leader.timeout = 60s (default)
2022-03-01 02:09:43,052 [pool-471-thread-1] INFO  server.RaftServerConfigKeys (ConfUtils.java:logGet(44)) - raft.server.log.use.memory = false (default)
2022-03-01 02:09:43,052 [pool-471-thread-1] INFO  server.RaftServerConfigKeys (ConfUtils.java:logGet(44)) - raft.server.log.purge.gap = 1000000 (custom)
2022-03-01 02:09:43,059 [pool-471-thread-1] INFO  server.RaftServerConfigKeys (ConfUtils.java:logGet(44)) - raft.server.log.appender.buffer.byte-limit = 33554432 (custom)
2022-03-01 02:09:43,059 [pool-471-thread-1] INFO  server.RaftServerConfigKeys (ConfUtils.java:logGet(44)) - raft.server.log.segment.size.max = 4194304 (custom)
2022-03-01 02:09:43,063 [pool-471-thread-1] INFO  server.RaftServerConfigKeys (ConfUtils.java:logGet(44)) - raft.server.log.segment.cache.num.max = 2 (custom)
2022-03-01 02:09:43,063 [pool-471-thread-1] INFO  server.RaftServerConfigKeys (ConfUtils.java:logGet(44)) - raft.server.log.segment.cache.size.max = 200MB (=209715200) (default)
2022-03-01 02:09:43,064 [pool-471-thread-1] INFO  segmented.SegmentedRaftLogWorker (SegmentedRaftLogWorker.java:<init>(182)) - new a2e6164a-d2c4-4f22-b3b6-99fe8a11479f@group-070F9627EF71-SegmentedRaftLogWorker for RaftStorageImpl:Storage Directory /home/runner/work/ozone/ozone/hadoop-ozone/integration-test/target/test-dir/MiniOzoneClusterImpl-274b8b5e-502f-4f00-85bb-070f9627ef71/ozone-meta/scm-ha/274b8b5e-502f-4f00-85bb-070f9627ef71
2022-03-01 02:09:43,064 [pool-471-thread-1] INFO  server.RaftServerConfigKeys (ConfUtils.java:logGet(44)) - raft.server.log.queue.byte-limit = 64MB (=67108864) (default)
2022-03-01 02:09:43,064 [pool-471-thread-1] INFO  server.RaftServerConfigKeys (ConfUtils.java:logGet(44)) - raft.server.log.queue.element-limit = 4096 (default)
2022-03-01 02:09:43,064 [pool-471-thread-1] INFO  server.RaftServerConfigKeys (ConfUtils.java:logGet(44)) - raft.server.log.segment.size.max = 4194304 (custom)
2022-03-01 02:09:43,064 [pool-471-thread-1] INFO  server.RaftServerConfigKeys (ConfUtils.java:logGet(44)) - raft.server.log.preallocated.size = 4194304 (custom)
2022-03-01 02:09:43,064 [pool-471-thread-1] INFO  server.RaftServerConfigKeys (ConfUtils.java:logGet(44)) - raft.server.log.force.sync.num = 128 (default)
2022-03-01 02:09:43,064 [pool-471-thread-1] INFO  server.RaftServerConfigKeys (ConfUtils.java:logGet(44)) - raft.server.log.statemachine.data.sync = true (default)
2022-03-01 02:09:43,064 [pool-471-thread-1] INFO  server.RaftServerConfigKeys (ConfUtils.java:logGet(44)) - raft.server.log.statemachine.data.sync.timeout = 10s (default)
2022-03-01 02:09:43,064 [pool-471-thread-1] INFO  server.RaftServerConfigKeys (ConfUtils.java:logGet(44)) - raft.server.log.statemachine.data.sync.timeout.retry = -1 (default)
2022-03-01 02:09:43,067 [pool-471-thread-1] INFO  server.RaftServerConfigKeys (ConfUtils.java:logGet(44)) - raft.server.log.write.buffer.size = 64KB (=65536) (default)
2022-03-01 02:09:43,070 [pool-471-thread-1] INFO  server.RaftServerConfigKeys (ConfUtils.java:logGet(44)) - raft.server.log.statemachine.data.caching.enabled = false (default)
2022-03-01 02:09:43,070 [pool-471-thread-1] INFO  segmented.SegmentedRaftLogWorker (SegmentedRaftLogWorker.java:lambda$new$0(133)) - a2e6164a-d2c4-4f22-b3b6-99fe8a11479f@group-070F9627EF71-SegmentedRaftLogWorker: flushIndex: setUnconditionally 0 -> -1
2022-03-01 02:09:43,070 [pool-471-thread-1] INFO  segmented.SegmentedRaftLogWorker (SegmentedRaftLogWorker.java:lambda$new$0(133)) - a2e6164a-d2c4-4f22-b3b6-99fe8a11479f@group-070F9627EF71-SegmentedRaftLogWorker: safeCacheEvictIndex: setUnconditionally 0 -> -1
2022-03-01 02:09:43,091 [pool-471-thread-1] INFO  server.RaftServerConfigKeys (ConfUtils.java:logGet(44)) - raft.server.snapshot.auto.trigger.enabled = true (custom)
2022-03-01 02:09:43,091 [pool-471-thread-1] INFO  server.RaftServerConfigKeys (ConfUtils.java:logGet(44)) - raft.server.snapshot.auto.trigger.threshold = 1000 (custom)
2022-03-01 02:09:43,091 [pool-471-thread-1] INFO  server.RaftServerConfigKeys (ConfUtils.java:logGet(44)) - raft.server.snapshot.retention.file.num = -1 (default)
2022-03-01 02:09:43,091 [pool-471-thread-1] INFO  server.RaftServerConfigKeys (ConfUtils.java:logGet(44)) - raft.server.log.purge.upto.snapshot.index = false (default)
2022-03-01 02:09:43,092 [pool-471-thread-1] INFO  server.RaftServerConfigKeys (ConfUtils.java:logGet(44)) - raft.server.retrycache.expirytime = 60000ms (default)
2022-03-01 02:09:43,092 [pool-471-thread-1] INFO  server.RaftServerConfigKeys (ConfUtils.java:logGet(44)) - raft.server.retrycache.statistics.expirytime = 100μs (default)
2022-03-01 02:09:43,093 [Listener at 127.0.0.1/45865] INFO  server.RaftServer$Division (RaftServerImpl.java:start(301)) - a2e6164a-d2c4-4f22-b3b6-99fe8a11479f@group-070F9627EF71: start as a follower, conf=-1: [a2e6164a-d2c4-4f22-b3b6-99fe8a11479f|rpc:fv-az294-952:9894|priority:0], old=null
2022-03-01 02:09:43,093 [Listener at 127.0.0.1/45865] INFO  server.RaftServer$Division (RaftServerImpl.java:setRole(290)) - a2e6164a-d2c4-4f22-b3b6-99fe8a11479f@group-070F9627EF71: changes role from      null to FOLLOWER at term 0 for startAsFollower
2022-03-01 02:09:43,093 [Listener at 127.0.0.1/45865] INFO  impl.RoleInfo (RoleInfo.java:updateAndGet(130)) - a2e6164a-d2c4-4f22-b3b6-99fe8a11479f: start a2e6164a-d2c4-4f22-b3b6-99fe8a11479f@group-070F9627EF71-FollowerState
2022-03-01 02:09:43,099 [Listener at 127.0.0.1/45865] INFO  util.JmxRegister (JmxRegister.java:tryRegister(44)) - Successfully registered JMX Bean with object name Ratis:service=RaftServer,group=group-070F9627EF71,id=a2e6164a-d2c4-4f22-b3b6-99fe8a11479f
2022-03-01 02:09:43,107 [Listener at 127.0.0.1/45865] INFO  server.RaftServer (RaftServerProxy.java:lambda$start$5(374)) - a2e6164a-d2c4-4f22-b3b6-99fe8a11479f: start RPC server
2022-03-01 02:09:43,108 [Listener at 127.0.0.1/45865] INFO  server.GrpcService (GrpcService.java:startImpl(253)) - a2e6164a-d2c4-4f22-b3b6-99fe8a11479f: GrpcService started, listening on 9894
2022-03-01 02:09:43,109 [org.apache.ratis.util.JvmPauseMonitor$$Lambda$421/1299661385@181252db] INFO  util.JvmPauseMonitor (JvmPauseMonitor.java:run(103)) - JvmPauseMonitor-a2e6164a-d2c4-4f22-b3b6-99fe8a11479f: Started
2022-03-01 02:09:48,255 [a2e6164a-d2c4-4f22-b3b6-99fe8a11479f@group-070F9627EF71-FollowerState] INFO  impl.FollowerState (FollowerState.java:run(134)) - a2e6164a-d2c4-4f22-b3b6-99fe8a11479f@group-070F9627EF71-FollowerState: change to CANDIDATE, lastRpcElapsedTime:5162308991ns, electionTimeout:5156ms
2022-03-01 02:09:48,256 [a2e6164a-d2c4-4f22-b3b6-99fe8a11479f@group-070F9627EF71-FollowerState] INFO  impl.RoleInfo (RoleInfo.java:shutdownFollowerState(108)) - a2e6164a-d2c4-4f22-b3b6-99fe8a11479f: shutdown a2e6164a-d2c4-4f22-b3b6-99fe8a11479f@group-070F9627EF71-FollowerState
2022-03-01 02:09:48,256 [a2e6164a-d2c4-4f22-b3b6-99fe8a11479f@group-070F9627EF71-FollowerState] INFO  server.RaftServer$Division (RaftServerImpl.java:setRole(290)) - a2e6164a-d2c4-4f22-b3b6-99fe8a11479f@group-070F9627EF71: changes role from  FOLLOWER to CANDIDATE at term 0 for changeToCandidate
2022-03-01 02:09:48,256 [a2e6164a-d2c4-4f22-b3b6-99fe8a11479f@group-070F9627EF71-FollowerState] INFO  server.RaftServerConfigKeys (ConfUtils.java:logGet(44)) - raft.server.leaderelection.pre-vote = false (custom)
2022-03-01 02:09:48,256 [a2e6164a-d2c4-4f22-b3b6-99fe8a11479f@group-070F9627EF71-FollowerState] INFO  impl.RoleInfo (RoleInfo.java:updateAndGet(130)) - a2e6164a-d2c4-4f22-b3b6-99fe8a11479f: start a2e6164a-d2c4-4f22-b3b6-99fe8a11479f@group-070F9627EF71-LeaderElection55
2022-03-01 02:09:48,293 [a2e6164a-d2c4-4f22-b3b6-99fe8a11479f@group-070F9627EF71-LeaderElection55] INFO  impl.LeaderElection (LeaderElection.java:askForVotes(306)) - a2e6164a-d2c4-4f22-b3b6-99fe8a11479f@group-070F9627EF71-LeaderElection55 ELECTION round 0: submit vote requests at term 1 for -1: [a2e6164a-d2c4-4f22-b3b6-99fe8a11479f|rpc:fv-az294-952:9894|priority:0], old=null
2022-03-01 02:09:48,293 [a2e6164a-d2c4-4f22-b3b6-99fe8a11479f@group-070F9627EF71-LeaderElection55] INFO  impl.LeaderElection (LeaderElection.java:askForVotes(308)) - a2e6164a-d2c4-4f22-b3b6-99fe8a11479f@group-070F9627EF71-LeaderElection55 ELECTION round 0: result PASSED (term=1)
2022-03-01 02:09:48,293 [a2e6164a-d2c4-4f22-b3b6-99fe8a11479f@group-070F9627EF71-LeaderElection55] INFO  impl.RoleInfo (RoleInfo.java:shutdownLeaderElection(121)) - a2e6164a-d2c4-4f22-b3b6-99fe8a11479f: shutdown a2e6164a-d2c4-4f22-b3b6-99fe8a11479f@group-070F9627EF71-LeaderElection55
2022-03-01 02:09:48,293 [a2e6164a-d2c4-4f22-b3b6-99fe8a11479f@group-070F9627EF71-LeaderElection55] INFO  server.RaftServer$Division (RaftServerImpl.java:setRole(290)) - a2e6164a-d2c4-4f22-b3b6-99fe8a11479f@group-070F9627EF71: changes role from CANDIDATE to LEADER at term 1 for changeToLeader
2022-03-01 02:09:48,293 [a2e6164a-d2c4-4f22-b3b6-99fe8a11479f@group-070F9627EF71-LeaderElection55] INFO  server.RaftServer$Division (ServerState.java:setLeader(285)) - a2e6164a-d2c4-4f22-b3b6-99fe8a11479f@group-070F9627EF71: change Leader from null to a2e6164a-d2c4-4f22-b3b6-99fe8a11479f at term 1 for becomeLeader, leader elected after 5241ms
2022-03-01 02:09:48,293 [a2e6164a-d2c4-4f22-b3b6-99fe8a11479f@group-070F9627EF71-LeaderElection55] INFO  server.RaftServerConfigKeys (ConfUtils.java:logGet(44)) - raft.server.staging.catchup.gap = 1000 (default)
2022-03-01 02:09:48,293 [a2e6164a-d2c4-4f22-b3b6-99fe8a11479f@group-070F9627EF71-LeaderElection55] INFO  server.RaftServerConfigKeys (ConfUtils.java:logGet(44)) - raft.server.write.element-limit = 4096 (default)
2022-03-01 02:09:48,293 [a2e6164a-d2c4-4f22-b3b6-99fe8a11479f@group-070F9627EF71-LeaderElection55] INFO  server.RaftServerConfigKeys (ConfUtils.java:logGet(44)) - raft.server.write.byte-limit = 64MB (=67108864) (default)
2022-03-01 02:09:48,293 [a2e6164a-d2c4-4f22-b3b6-99fe8a11479f@group-070F9627EF71-LeaderElection55] INFO  server.RaftServerConfigKeys (ConfUtils.java:logGet(44)) - raft.server.watch.timeout = 10s (default)
2022-03-01 02:09:48,294 [a2e6164a-d2c4-4f22-b3b6-99fe8a11479f@group-070F9627EF71-LeaderElection55] INFO  server.RaftServerConfigKeys (ConfUtils.java:logGet(44)) - raft.server.watch.timeout.denomination = 1s (default)
2022-03-01 02:09:48,294 [a2e6164a-d2c4-4f22-b3b6-99fe8a11479f@group-070F9627EF71-LeaderElection55] INFO  server.RaftServerConfigKeys (ConfUtils.java:logGet(44)) - raft.server.watch.element-limit = 65536 (default)
2022-03-01 02:09:48,294 [a2e6164a-d2c4-4f22-b3b6-99fe8a11479f@group-070F9627EF71-LeaderElection55] INFO  server.RaftServerConfigKeys (ConfUtils.java:logGet(44)) - raft.server.write.element-limit = 4096 (default)
2022-03-01 02:09:48,294 [a2e6164a-d2c4-4f22-b3b6-99fe8a11479f@group-070F9627EF71-LeaderElection55] INFO  server.RaftServerConfigKeys (ConfUtils.java:logGet(44)) - raft.server.write.follower.gap.ratio.max = -1.0 (default)
2022-03-01 02:09:48,294 [a2e6164a-d2c4-4f22-b3b6-99fe8a11479f@group-070F9627EF71-LeaderElection55] INFO  impl.RoleInfo (RoleInfo.java:updateAndGet(130)) - a2e6164a-d2c4-4f22-b3b6-99fe8a11479f: start a2e6164a-d2c4-4f22-b3b6-99fe8a11479f@group-070F9627EF71-LeaderStateImpl
2022-03-01 02:09:48,294 [a2e6164a-d2c4-4f22-b3b6-99fe8a11479f@group-070F9627EF71-LeaderElection55] INFO  segmented.SegmentedRaftLogWorker (SegmentedRaftLogWorker.java:startLogSegment(394)) - a2e6164a-d2c4-4f22-b3b6-99fe8a11479f@group-070F9627EF71-SegmentedRaftLogWorker: Starting segment from index:0
2022-03-01 02:09:48,311 [a2e6164a-d2c4-4f22-b3b6-99fe8a11479f@group-070F9627EF71-LeaderElection55] INFO  server.RaftServer$Division (ServerState.java:setRaftConf(387)) - a2e6164a-d2c4-4f22-b3b6-99fe8a11479f@group-070F9627EF71: set configuration 0: [a2e6164a-d2c4-4f22-b3b6-99fe8a11479f|rpc:fv-az294-952:9894|admin:|client:|dataStream:|priority:0], old=null
2022-03-01 02:09:48,335 [a2e6164a-d2c4-4f22-b3b6-99fe8a11479f@group-070F9627EF71-SegmentedRaftLogWorker] INFO  segmented.SegmentedRaftLogWorker (SegmentedRaftLogWorker.java:execute(601)) - a2e6164a-d2c4-4f22-b3b6-99fe8a11479f@group-070F9627EF71-SegmentedRaftLogWorker: created new log segment /home/runner/work/ozone/ozone/hadoop-ozone/integration-test/target/test-dir/MiniOzoneClusterImpl-274b8b5e-502f-4f00-85bb-070f9627ef71/ozone-meta/scm-ha/274b8b5e-502f-4f00-85bb-070f9627ef71/current/log_inprogress_0
2022-03-01 02:09:49,109 [Listener at 127.0.0.1/45865] INFO  server.RaftServer (RaftServerProxy.java:lambda$close$6(391)) - a2e6164a-d2c4-4f22-b3b6-99fe8a11479f: close
2022-03-01 02:09:49,109 [Listener at 127.0.0.1/45865] INFO  server.RaftServer$Division (RaftServerImpl.java:lambda$close$4(412)) - a2e6164a-d2c4-4f22-b3b6-99fe8a11479f@group-070F9627EF71: shutdown
2022-03-01 02:09:49,109 [Listener at 127.0.0.1/45865] INFO  util.JmxRegister (JmxRegister.java:unregister(73)) - Successfully un-registered JMX Bean with object name Ratis:service=RaftServer,group=group-070F9627EF71,id=a2e6164a-d2c4-4f22-b3b6-99fe8a11479f
2022-03-01 02:09:49,110 [Listener at 127.0.0.1/45865] INFO  impl.RoleInfo (RoleInfo.java:shutdownLeaderState(91)) - a2e6164a-d2c4-4f22-b3b6-99fe8a11479f: shutdown a2e6164a-d2c4-4f22-b3b6-99fe8a11479f@group-070F9627EF71-LeaderStateImpl
2022-03-01 02:09:49,110 [Listener at 127.0.0.1/45865] INFO  impl.PendingRequests (PendingRequests.java:sendNotLeaderResponses(282)) - a2e6164a-d2c4-4f22-b3b6-99fe8a11479f@group-070F9627EF71-PendingRequests: sendNotLeaderResponses
2022-03-01 02:09:49,110 [Listener at 127.0.0.1/45865] INFO  impl.StateMachineUpdater (StateMachineUpdater.java:stopAndJoin(149)) - a2e6164a-d2c4-4f22-b3b6-99fe8a11479f@group-070F9627EF71-StateMachineUpdater: set stopIndex = 0
2022-03-01 02:09:49,113 [a2e6164a-d2c4-4f22-b3b6-99fe8a11479f@group-070F9627EF71-StateMachineUpdater] INFO  impl.StateMachineUpdater (StateMachineUpdater.java:takeSnapshot(281)) - a2e6164a-d2c4-4f22-b3b6-99fe8a11479f@group-070F9627EF71-StateMachineUpdater: Took a snapshot at index 0
2022-03-01 02:09:49,113 [a2e6164a-d2c4-4f22-b3b6-99fe8a11479f@group-070F9627EF71-StateMachineUpdater] INFO  impl.StateMachineUpdater (StateMachineUpdater.java:lambda$new$0(89)) - a2e6164a-d2c4-4f22-b3b6-99fe8a11479f@group-070F9627EF71-StateMachineUpdater: snapshotIndex: updateIncreasingly -1 -> 0
2022-03-01 02:09:49,113 [Listener at 127.0.0.1/45865] INFO  server.RaftServer$Division (ServerState.java:close(419)) - a2e6164a-d2c4-4f22-b3b6-99fe8a11479f@group-070F9627EF71: closes. applyIndex: 0
2022-03-01 02:09:49,113 [a2e6164a-d2c4-4f22-b3b6-99fe8a11479f@group-070F9627EF71-SegmentedRaftLogWorker] INFO  segmented.SegmentedRaftLogWorker (SegmentedRaftLogWorker.java:run(327)) - a2e6164a-d2c4-4f22-b3b6-99fe8a11479f@group-070F9627EF71-SegmentedRaftLogWorker was interrupted, exiting. There are 0 tasks remaining in the queue.
2022-03-01 02:09:49,124 [Listener at 127.0.0.1/45865] INFO  segmented.SegmentedRaftLogWorker (SegmentedRaftLogWorker.java:close(237)) - a2e6164a-d2c4-4f22-b3b6-99fe8a11479f@group-070F9627EF71-SegmentedRaftLogWorker close()
2022-03-01 02:09:49,126 [Listener at 127.0.0.1/45865] INFO  server.GrpcService (GrpcService.java:closeImpl(262)) - a2e6164a-d2c4-4f22-b3b6-99fe8a11479f: shutdown server with port 9894 now
2022-03-01 02:09:49,126 [Listener at 127.0.0.1/45865] INFO  server.GrpcService (GrpcService.java:closeImpl(271)) - a2e6164a-d2c4-4f22-b3b6-99fe8a11479f: shutdown server with port 9894 successfully
2022-03-01 02:09:49,126 [org.apache.ratis.util.JvmPauseMonitor$$Lambda$421/1299661385@181252db] INFO  util.JvmPauseMonitor (JvmPauseMonitor.java:run(109)) - JvmPauseMonitor-a2e6164a-d2c4-4f22-b3b6-99fe8a11479f: Stopped
2022-03-01 02:09:49,126 [Listener at 127.0.0.1/45865] INFO  ha.SCMHANodeDetails (SCMHANodeDetails.java:loadSCMHAConfig(157)) - ServiceID for StorageContainerManager is null
2022-03-01 02:09:49,126 [Listener at 127.0.0.1/45865] INFO  ha.SCMHANodeDetails (SCMHANodeDetails.java:loadSCMHAConfig(162)) - ozone.scm.default.service.id is not defined, falling back to ozone.scm.service.ids to find serviceID for StorageContainerManager if it is HA enabled cluster
2022-03-01 02:09:49,127 [Listener at 127.0.0.1/45865] WARN  server.ServerUtils (ServerUtils.java:getScmDbDir(148)) - ozone.scm.db.dirs is not configured. We recommend adding this setting. Falling back to ozone.metadata.dirs instead.
2022-03-01 02:09:49,128 [Listener at 127.0.0.1/45865] INFO  upgrade.AbstractLayoutVersionManager (AbstractLayoutVersionManager.java:init(79)) - Initializing Layout version manager with metadata layout = SCM_HA (version = 2), software layout = SCM_HA (version = 2)
2022-03-01 02:09:49,228 [Listener at 127.0.0.1/45865] INFO  reflections.Reflections (Reflections.java:scan(232)) - Reflections took 98 ms to scan 7 urls, producing 122 keys and 286 values 
2022-03-01 02:09:49,231 [Listener at 127.0.0.1/45865] WARN  utils.HAUtils (HAUtils.java:getMetaDir(342)) - ozone.scm.db.dirs is not configured. We recommend adding this setting. Falling back to ozone.metadata.dirs instead.
2022-03-01 02:09:49,265 [Listener at 127.0.0.1/45865] WARN  db.DBStoreBuilder (DBStoreBuilder.java:applyDBDefinition(145)) - ozone.scm.db.dirs is not configured. We recommend adding this setting. Falling back to ozone.metadata.dirs instead.
2022-03-01 02:09:49,580 [Listener at 127.0.0.1/45865] INFO  net.NodeSchemaLoader (NodeSchemaLoader.java:loadSchemaFromFile(129)) - Loading schema from [jar:file:/home/runner/.m2/repository/org/apache/ozone/hdds-common/1.3.0-SNAPSHOT/hdds-common-1.3.0-SNAPSHOT.jar!/network-topology-default.xml]
2022-03-01 02:09:49,587 [Listener at 127.0.0.1/45865] INFO  net.NodeSchemaLoader (NodeSchemaLoader.java:loadSchema(176)) - Loading network topology layer schema file
2022-03-01 02:09:49,605 [Listener at 127.0.0.1/45865] INFO  ha.SCMRatisServerImpl (SCMRatisServerImpl.java:<init>(87)) - starting Raft server for scm:a2e6164a-d2c4-4f22-b3b6-99fe8a11479f
2022-03-01 02:09:49,608 [Listener at 127.0.0.1/45865] INFO  server.RaftServer (ConfUtils.java:logGet(44)) - raft.rpc.type = GRPC (default)
2022-03-01 02:09:49,609 [Listener at 127.0.0.1/45865] INFO  grpc.GrpcFactory (GrpcFactory.java:checkPooledByteBufAllocatorUseCacheForAllThreads(48)) - PERFORMANCE WARNING: useCacheForAllThreads is true that may cause Netty to create a lot garbage objects and, as a result, trigger GC.
	It is recommended to disable useCacheForAllThreads by setting -Dorg.apache.ratis.thirdparty.io.netty.allocator.useCacheForAllThreads=false in command line.
2022-03-01 02:09:49,610 [Listener at 127.0.0.1/45865] INFO  grpc.GrpcConfigKeys (ConfUtils.java:logGet(44)) - raft.grpc.admin.port = -1 (default)
2022-03-01 02:09:49,611 [Listener at 127.0.0.1/45865] INFO  grpc.GrpcConfigKeys (ConfUtils.java:logGet(44)) - raft.grpc.server.port = 9894 (custom)
2022-03-01 02:09:49,621 [Listener at 127.0.0.1/45865] INFO  grpc.GrpcConfigKeys (ConfUtils.java:logGet(44)) - raft.grpc.client.port = -1 (default)
2022-03-01 02:09:49,631 [Listener at 127.0.0.1/45865] INFO  grpc.GrpcConfigKeys (ConfUtils.java:logGet(44)) - raft.grpc.server.port = 9894 (custom)
2022-03-01 02:09:49,631 [Listener at 127.0.0.1/45865] INFO  grpc.GrpcConfigKeys (ConfUtils.java:logGet(44)) - raft.grpc.server.port = 9894 (custom)
2022-03-01 02:09:49,631 [Listener at 127.0.0.1/45865] INFO  server.GrpcService (ConfUtils.java:logGet(44)) - raft.grpc.message.size.max = 32m (=33554432) (custom)
2022-03-01 02:09:49,635 [Listener at 127.0.0.1/45865] INFO  server.RaftServerConfigKeys (ConfUtils.java:logGet(44)) - raft.server.log.appender.buffer.byte-limit = 33554432 (custom)
2022-03-01 02:09:49,635 [Listener at 127.0.0.1/45865] INFO  server.GrpcService (ConfUtils.java:logGet(44)) - raft.grpc.flow.control.window = 1MB (=1048576) (default)
2022-03-01 02:09:49,639 [Listener at 127.0.0.1/45865] INFO  server.RaftServerConfigKeys (ConfUtils.java:logGet(44)) - raft.server.rpc.request.timeout = 30000ms (custom)
2022-03-01 02:09:49,640 [Listener at 127.0.0.1/45865] INFO  impl.DataStreamServerImpl (ConfUtils.java:logGet(44)) - raft.datastream.type = DISABLED (default)
2022-03-01 02:09:49,642 [Listener at 127.0.0.1/45865] INFO  server.RaftServerConfigKeys (ConfUtils.java:logGet(44)) - raft.server.rpc.slowness.timeout = 120000ms (custom)
2022-03-01 02:09:49,642 [Listener at 127.0.0.1/45865] INFO  server.RaftServerConfigKeys (ConfUtils.java:logGet(44)) - raft.server.leaderelection.leader.step-down.wait-time = 10s (default)
2022-03-01 02:09:49,642 [Listener at 127.0.0.1/45865] INFO  server.RaftServerConfigKeys (ConfUtils.java:logGet(44)) - raft.server.storage.dir = [/home/runner/work/ozone/ozone/hadoop-ozone/integration-test/target/test-dir/MiniOzoneClusterImpl-274b8b5e-502f-4f00-85bb-070f9627ef71/ozone-meta/scm-ha] (custom)
2022-03-01 02:09:49,643 [Listener at 127.0.0.1/45865] INFO  server.RaftServer (RaftServerProxy.java:lambda$null$1(235)) - a2e6164a-d2c4-4f22-b3b6-99fe8a11479f: found a subdirectory /home/runner/work/ozone/ozone/hadoop-ozone/integration-test/target/test-dir/MiniOzoneClusterImpl-274b8b5e-502f-4f00-85bb-070f9627ef71/ozone-meta/scm-ha/274b8b5e-502f-4f00-85bb-070f9627ef71
2022-03-01 02:09:49,655 [Listener at 127.0.0.1/45865] INFO  server.RaftServer (RaftServerProxy.java:addNew(95)) - a2e6164a-d2c4-4f22-b3b6-99fe8a11479f: addNew group-070F9627EF71:[] returns group-070F9627EF71:java.util.concurrent.CompletableFuture@2675a92c[Not completed]
2022-03-01 02:09:49,655 [pool-484-thread-1] INFO  server.RaftServer$Division (RaftServerImpl.java:<init>(184)) - a2e6164a-d2c4-4f22-b3b6-99fe8a11479f: new RaftServerImpl for group-070F9627EF71:[] with SCMStateMachine:uninitialized
2022-03-01 02:09:49,671 [pool-484-thread-1] INFO  server.RaftServerConfigKeys (ConfUtils.java:logGet(44)) - raft.server.rpc.timeout.min = 5000ms (custom)
2022-03-01 02:09:49,671 [pool-484-thread-1] INFO  server.RaftServerConfigKeys (ConfUtils.java:logGet(44)) - raft.server.rpc.timeout.max = 5200ms (custom)
2022-03-01 02:09:49,671 [pool-484-thread-1] INFO  server.RaftServerConfigKeys (ConfUtils.java:logGet(44)) - raft.server.rpc.sleep.time = 25ms (default)
2022-03-01 02:09:49,671 [pool-484-thread-1] INFO  server.RaftServerConfigKeys (ConfUtils.java:logGet(44)) - raft.server.rpc.slowness.timeout = 120000ms (custom)
2022-03-01 02:09:49,671 [pool-484-thread-1] INFO  server.RaftServerConfigKeys (ConfUtils.java:logGet(44)) - raft.server.leaderelection.leader.step-down.wait-time = 10s (default)
2022-03-01 02:09:49,671 [pool-484-thread-1] INFO  server.RaftServerConfigKeys (ConfUtils.java:logGet(44)) - raft.server.sleep.deviation.threshold = 300ms (default)
2022-03-01 02:09:49,672 [pool-484-thread-1] INFO  server.RaftServerConfigKeys (ConfUtils.java:logGet(44)) - raft.server.log.appender.install.snapshot.enabled = false (custom)
2022-03-01 02:09:49,672 [pool-484-thread-1] INFO  server.RaftServer$Division (ServerState.java:<init>(105)) - a2e6164a-d2c4-4f22-b3b6-99fe8a11479f@group-070F9627EF71: ConfigurationManager, init=-1: [], old=null, confs=<EMPTY_MAP>
2022-03-01 02:09:49,672 [pool-484-thread-1] INFO  server.RaftServerConfigKeys (ConfUtils.java:logGet(44)) - raft.server.storage.dir = [/home/runner/work/ozone/ozone/hadoop-ozone/integration-test/target/test-dir/MiniOzoneClusterImpl-274b8b5e-502f-4f00-85bb-070f9627ef71/ozone-meta/scm-ha] (custom)
2022-03-01 02:09:49,675 [pool-484-thread-1] INFO  server.RaftServerConfigKeys (ConfUtils.java:logGet(44)) - raft.server.log.corruption.policy = EXCEPTION (default)
2022-03-01 02:09:49,675 [pool-484-thread-1] INFO  server.RaftServerConfigKeys (ConfUtils.java:logGet(44)) - raft.server.storage.free-space.min = 0MB (=0) (default)
2022-03-01 02:09:49,677 [pool-484-thread-1] INFO  storage.RaftStorageDirectory (RaftStorageDirectoryImpl.java:tryLock(230)) - Lock on /home/runner/work/ozone/ozone/hadoop-ozone/integration-test/target/test-dir/MiniOzoneClusterImpl-274b8b5e-502f-4f00-85bb-070f9627ef71/ozone-meta/scm-ha/274b8b5e-502f-4f00-85bb-070f9627ef71/in_use.lock acquired by nodename 9245@fv-az294-952
2022-03-01 02:09:49,677 [pool-484-thread-1] INFO  storage.RaftStorage (RaftStorageImpl.java:analyzeAndRecoverStorage(110)) - Read RaftStorageMetadata{term=1, votedFor=a2e6164a-d2c4-4f22-b3b6-99fe8a11479f} from /home/runner/work/ozone/ozone/hadoop-ozone/integration-test/target/test-dir/MiniOzoneClusterImpl-274b8b5e-502f-4f00-85bb-070f9627ef71/ozone-meta/scm-ha/274b8b5e-502f-4f00-85bb-070f9627ef71/current/raft-meta
2022-03-01 02:09:49,677 [pool-484-thread-1] INFO  server.RaftServer$Division (ServerState.java:setRaftConf(387)) - a2e6164a-d2c4-4f22-b3b6-99fe8a11479f@group-070F9627EF71: set configuration 0: [a2e6164a-d2c4-4f22-b3b6-99fe8a11479f|rpc:fv-az294-952:9894|admin:|client:|dataStream:|priority:0], old=null
2022-03-01 02:09:49,678 [pool-484-thread-1] INFO  server.RaftServerConfigKeys (ConfUtils.java:logGet(44)) - raft.server.notification.no-leader.timeout = 60s (default)
2022-03-01 02:09:49,678 [pool-484-thread-1] INFO  server.RaftServerConfigKeys (ConfUtils.java:logGet(44)) - raft.server.log.use.memory = false (default)
2022-03-01 02:09:49,678 [pool-484-thread-1] INFO  server.RaftServerConfigKeys (ConfUtils.java:logGet(44)) - raft.server.log.purge.gap = 1000000 (custom)
2022-03-01 02:09:49,678 [pool-484-thread-1] INFO  server.RaftServerConfigKeys (ConfUtils.java:logGet(44)) - raft.server.log.appender.buffer.byte-limit = 33554432 (custom)
2022-03-01 02:09:49,678 [pool-484-thread-1] INFO  server.RaftServerConfigKeys (ConfUtils.java:logGet(44)) - raft.server.log.segment.size.max = 4194304 (custom)
2022-03-01 02:09:49,678 [pool-484-thread-1] INFO  server.RaftServerConfigKeys (ConfUtils.java:logGet(44)) - raft.server.log.segment.cache.num.max = 2 (custom)
2022-03-01 02:09:49,678 [pool-484-thread-1] INFO  server.RaftServerConfigKeys (ConfUtils.java:logGet(44)) - raft.server.log.segment.cache.size.max = 200MB (=209715200) (default)
2022-03-01 02:09:49,678 [pool-484-thread-1] INFO  segmented.SegmentedRaftLogWorker (SegmentedRaftLogWorker.java:<init>(182)) - new a2e6164a-d2c4-4f22-b3b6-99fe8a11479f@group-070F9627EF71-SegmentedRaftLogWorker for RaftStorageImpl:Storage Directory /home/runner/work/ozone/ozone/hadoop-ozone/integration-test/target/test-dir/MiniOzoneClusterImpl-274b8b5e-502f-4f00-85bb-070f9627ef71/ozone-meta/scm-ha/274b8b5e-502f-4f00-85bb-070f9627ef71
2022-03-01 02:09:49,679 [pool-484-thread-1] INFO  server.RaftServerConfigKeys (ConfUtils.java:logGet(44)) - raft.server.log.queue.byte-limit = 64MB (=67108864) (default)
2022-03-01 02:09:49,679 [pool-484-thread-1] INFO  server.RaftServerConfigKeys (ConfUtils.java:logGet(44)) - raft.server.log.queue.element-limit = 4096 (default)
2022-03-01 02:09:49,679 [pool-484-thread-1] INFO  server.RaftServerConfigKeys (ConfUtils.java:logGet(44)) - raft.server.log.segment.size.max = 4194304 (custom)
2022-03-01 02:09:49,679 [pool-484-thread-1] INFO  server.RaftServerConfigKeys (ConfUtils.java:logGet(44)) - raft.server.log.preallocated.size = 4194304 (custom)
2022-03-01 02:09:49,679 [pool-484-thread-1] INFO  server.RaftServerConfigKeys (ConfUtils.java:logGet(44)) - raft.server.log.force.sync.num = 128 (default)
2022-03-01 02:09:49,679 [pool-484-thread-1] INFO  server.RaftServerConfigKeys (ConfUtils.java:logGet(44)) - raft.server.log.statemachine.data.sync = true (default)
2022-03-01 02:09:49,679 [pool-484-thread-1] INFO  server.RaftServerConfigKeys (ConfUtils.java:logGet(44)) - raft.server.log.statemachine.data.sync.timeout = 10s (default)
2022-03-01 02:09:49,679 [pool-484-thread-1] INFO  server.RaftServerConfigKeys (ConfUtils.java:logGet(44)) - raft.server.log.statemachine.data.sync.timeout.retry = -1 (default)
2022-03-01 02:09:49,680 [pool-484-thread-1] INFO  server.RaftServerConfigKeys (ConfUtils.java:logGet(44)) - raft.server.log.write.buffer.size = 64KB (=65536) (default)
2022-03-01 02:09:49,680 [pool-484-thread-1] INFO  server.RaftServerConfigKeys (ConfUtils.java:logGet(44)) - raft.server.log.statemachine.data.caching.enabled = false (default)
2022-03-01 02:09:49,680 [pool-484-thread-1] INFO  server.RaftServer$Division (ServerState.java:setRaftConf(387)) - a2e6164a-d2c4-4f22-b3b6-99fe8a11479f@group-070F9627EF71: set configuration 0: [a2e6164a-d2c4-4f22-b3b6-99fe8a11479f|rpc:fv-az294-952:9894|admin:|client:|dataStream:|priority:0], old=null
2022-03-01 02:09:49,681 [pool-484-thread-1] INFO  segmented.LogSegment (LogSegment.java:loadSegment(173)) - Successfully read 1 entries from segment file /home/runner/work/ozone/ozone/hadoop-ozone/integration-test/target/test-dir/MiniOzoneClusterImpl-274b8b5e-502f-4f00-85bb-070f9627ef71/ozone-meta/scm-ha/274b8b5e-502f-4f00-85bb-070f9627ef71/current/log_inprogress_0
2022-03-01 02:09:49,681 [pool-484-thread-1] INFO  segmented.SegmentedRaftLogWorker (SegmentedRaftLogWorker.java:lambda$new$0(133)) - a2e6164a-d2c4-4f22-b3b6-99fe8a11479f@group-070F9627EF71-SegmentedRaftLogWorker: flushIndex: setUnconditionally 0 -> 0
2022-03-01 02:09:49,681 [pool-484-thread-1] INFO  segmented.SegmentedRaftLogWorker (SegmentedRaftLogWorker.java:lambda$new$0(133)) - a2e6164a-d2c4-4f22-b3b6-99fe8a11479f@group-070F9627EF71-SegmentedRaftLogWorker: safeCacheEvictIndex: setUnconditionally 0 -> -1
2022-03-01 02:09:49,681 [pool-484-thread-1] INFO  server.RaftServerConfigKeys (ConfUtils.java:logGet(44)) - raft.server.snapshot.auto.trigger.enabled = true (custom)
2022-03-01 02:09:49,681 [pool-484-thread-1] INFO  server.RaftServerConfigKeys (ConfUtils.java:logGet(44)) - raft.server.snapshot.auto.trigger.threshold = 1000 (custom)
2022-03-01 02:09:49,681 [pool-484-thread-1] INFO  server.RaftServerConfigKeys (ConfUtils.java:logGet(44)) - raft.server.snapshot.retention.file.num = -1 (default)
2022-03-01 02:09:49,681 [pool-484-thread-1] INFO  server.RaftServerConfigKeys (ConfUtils.java:logGet(44)) - raft.server.log.purge.upto.snapshot.index = false (default)
2022-03-01 02:09:49,681 [pool-484-thread-1] INFO  server.RaftServerConfigKeys (ConfUtils.java:logGet(44)) - raft.server.retrycache.expirytime = 60000ms (default)
2022-03-01 02:09:49,681 [pool-484-thread-1] INFO  server.RaftServerConfigKeys (ConfUtils.java:logGet(44)) - raft.server.retrycache.statistics.expirytime = 100μs (default)
2022-03-01 02:09:49,682 [Listener at 127.0.0.1/45865] INFO  ha.SCMSnapshotProvider (SCMSnapshotProvider.java:<init>(66)) - Initializing SCM Snapshot Provider
2022-03-01 02:09:49,682 [Listener at 127.0.0.1/45865] WARN  server.ServerUtils (ServerUtils.java:getDefaultRatisDirectory(237)) - Storage directory for Ratis is not configured. It is a good idea to map this to an SSD disk. Falling back to ozone.metadata.dirs
2022-03-01 02:09:49,683 [Listener at 127.0.0.1/45865] WARN  ha.SCMHAUtils (SCMHAUtils.java:getSCMRatisSnapshotDirectory(151)) - SCM snapshot dir is not configured. Falling back to ozone.metadata.dirs config
2022-03-01 02:09:49,684 [Listener at 127.0.0.1/45865] INFO  ha.SequenceIdGenerator (SequenceIdGenerator.java:upgradeToSequenceId(347)) - upgrade localId to 109611004723200000
2022-03-01 02:09:49,684 [Listener at 127.0.0.1/45865] INFO  ha.SequenceIdGenerator (SequenceIdGenerator.java:upgradeToSequenceId(357)) - upgrade delTxnId to 0
2022-03-01 02:09:49,684 [Listener at 127.0.0.1/45865] INFO  ha.SequenceIdGenerator (SequenceIdGenerator.java:upgradeToSequenceId(371)) - upgrade containerId to 0
2022-03-01 02:09:49,684 [Listener at 127.0.0.1/45865] INFO  ha.SequenceIdGenerator (SequenceIdGenerator.java:<init>(218)) - Init the HA SequenceIdGenerator.
2022-03-01 02:09:49,685 [Listener at 127.0.0.1/45865] WARN  server.ServerUtils (ServerUtils.java:sanitizeUserArgs(73)) - ozone.scm.stale.node.interval value = 300000 is larger than max = 100000 based on the key value of ozone.scm.heartbeat.thread.interval, reset to the max value 100000.
2022-03-01 02:09:49,685 [Listener at 127.0.0.1/45865] WARN  server.ServerUtils (ServerUtils.java:sanitizeUserArgs(73)) - ozone.scm.stale.node.interval value = 300000 is larger than max = 100000 based on the key value of ozone.scm.heartbeat.thread.interval, reset to the max value 100000.
2022-03-01 02:09:49,723 [Listener at 127.0.0.1/45865] INFO  node.SCMNodeManager (SCMNodeManager.java:<init>(144)) - Entering startup safe mode.
2022-03-01 02:09:49,724 [Listener at 127.0.0.1/45865] INFO  algorithms.ContainerPlacementPolicyFactory (ContainerPlacementPolicyFactory.java:getPolicy(60)) - Create container placement policy of type org.apache.hadoop.hdds.scm.container.placement.algorithms.SCMContainerPlacementRandom
2022-03-01 02:09:49,724 [Listener at 127.0.0.1/45865] INFO  pipeline.PipelineStateManagerImpl (PipelineStateManagerImpl.java:initialize(78)) - No pipeline exists in current db
2022-03-01 02:09:49,724 [Listener at 127.0.0.1/45865] INFO  algorithms.LeaderChoosePolicyFactory (LeaderChoosePolicyFactory.java:getPolicy(57)) - Create leader choose policy of type org.apache.hadoop.hdds.scm.pipeline.leader.choose.algorithms.MinLeaderCountChoosePolicy
2022-03-01 02:09:49,724 [Listener at 127.0.0.1/45865] INFO  ha.SCMServiceManager (SCMServiceManager.java:register(42)) - Registering service BackgroundPipelineCreator.
2022-03-01 02:09:49,724 [Listener at 127.0.0.1/45865] INFO  pipeline.BackgroundPipelineCreator (BackgroundPipelineCreator.java:start(130)) - Starting RatisPipelineUtilsThread.
2022-03-01 02:09:49,725 [Listener at 127.0.0.1/45865] INFO  algorithms.PipelineChoosePolicyFactory (PipelineChoosePolicyFactory.java:createPipelineChoosePolicyFromClass(73)) - Create pipeline choose policy of type org.apache.hadoop.hdds.scm.pipeline.choose.algorithms.RandomPipelineChoosePolicy
2022-03-01 02:09:49,726 [Listener at 127.0.0.1/45865] INFO  ha.SCMServiceManager (SCMServiceManager.java:register(42)) - Registering service SCMBlockDeletingService.
2022-03-01 02:09:49,726 [Listener at 127.0.0.1/45865] INFO  ha.SCMServiceManager (SCMServiceManager.java:register(42)) - Registering service ReplicationManager.
2022-03-01 02:09:49,726 [Listener at 127.0.0.1/45865] INFO  container.ReplicationManager (ReplicationManager.java:start(326)) - Starting Replication Monitor Thread.
2022-03-01 02:09:49,727 [Listener at 127.0.0.1/45865] INFO  safemode.ContainerSafeModeRule (ContainerSafeModeRule.java:<init>(89)) - containers with one replica threshold count 0
2022-03-01 02:09:49,727 [Listener at 127.0.0.1/45865] INFO  safemode.HealthyPipelineSafeModeRule (HealthyPipelineSafeModeRule.java:initializeRule(156)) - Total pipeline count is 0, healthy pipeline threshold count is 1
2022-03-01 02:09:49,727 [Listener at 127.0.0.1/45865] INFO  safemode.OneReplicaPipelineSafeModeRule (OneReplicaPipelineSafeModeRule.java:initializeRule(180)) - Total pipeline count is 0, pipeline's with at least one datanode reported threshold count is 0
2022-03-01 02:09:49,731 [Listener at 127.0.0.1/45865] INFO  ipc.CallQueueManager (CallQueueManager.java:<init>(90)) - Using callQueue: class java.util.concurrent.LinkedBlockingQueue, queueCapacity: 2000, scheduler: class org.apache.hadoop.ipc.DefaultRpcScheduler, ipcBackoff: false.
2022-03-01 02:09:49,764 [Socket Reader #1 for port 0] INFO  ipc.Server (Server.java:run(1265)) - Starting Socket Reader #1 for port 0
2022-03-01 02:09:49,780 [Listener at 0.0.0.0/44333] INFO  ipc.CallQueueManager (CallQueueManager.java:<init>(90)) - Using callQueue: class java.util.concurrent.LinkedBlockingQueue, queueCapacity: 2000, scheduler: class org.apache.hadoop.ipc.DefaultRpcScheduler, ipcBackoff: false.
2022-03-01 02:09:49,793 [ReplicationMonitor] INFO  container.ReplicationManager (ReplicationManager.java:processAll(374)) - Replication Manager is not ready to run until 3000ms after safemode exit
2022-03-01 02:09:49,803 [Socket Reader #1 for port 0] INFO  ipc.Server (Server.java:run(1265)) - Starting Socket Reader #1 for port 0
2022-03-01 02:09:49,843 [Listener at 0.0.0.0/35913] INFO  ipc.CallQueueManager (CallQueueManager.java:<init>(90)) - Using callQueue: class java.util.concurrent.LinkedBlockingQueue, queueCapacity: 2000, scheduler: class org.apache.hadoop.ipc.DefaultRpcScheduler, ipcBackoff: false.
2022-03-01 02:09:49,851 [Socket Reader #1 for port 0] INFO  ipc.Server (Server.java:run(1265)) - Starting Socket Reader #1 for port 0
2022-03-01 02:09:49,975 [Listener at 0.0.0.0/36853] INFO  algorithms.ContainerPlacementPolicyFactory (ContainerPlacementPolicyFactory.java:getPolicy(60)) - Create container placement policy of type org.apache.hadoop.hdds.scm.container.placement.algorithms.SCMContainerPlacementRandom
2022-03-01 02:09:49,976 [Listener at 0.0.0.0/36853] INFO  server.StorageContainerManager (StorageContainerManager.java:<init>(392)) - 
Container Balancer status:
Key                            Value
Running                        false
Container Balancer Configuration values:
Key                                                Value
Threshold                                          10
Max Datanodes to Involve per Iteration(percent)    20
Max Size to Move per Iteration                     500GB
Max Size Entering Target per Iteration             26GB
Max Size Leaving Source per Iteration              26GB

2022-03-01 02:09:49,976 [Listener at 0.0.0.0/36853] WARN  events.EventQueue (EventQueue.java:fireEvent(194)) - No event handler registered for event TypedEvent{payloadType=SafeModeStatus, name='Safe mode status'}
2022-03-01 02:09:49,976 [Listener at 0.0.0.0/36853] INFO  ha.SCMContext (SCMContext.java:updateSafeModeStatus(211)) - Update SafeModeStatus from SafeModeStatus{safeModeStatus=true, preCheckPassed=false} to SafeModeStatus{safeModeStatus=true, preCheckPassed=false}.
2022-03-01 02:09:49,977 [Listener at 0.0.0.0/36853] INFO  server.StorageContainerManager (StorageContainerManager.java:start(1330)) - StorageContainerLocationProtocol RPC server is listening at /0.0.0.0:36853
2022-03-01 02:09:49,986 [Listener at 0.0.0.0/36853] INFO  ha.SCMRatisServerImpl (SCMRatisServerImpl.java:start(177)) - starting ratis server 0.0.0.0:9894
2022-03-01 02:09:49,987 [Listener at 0.0.0.0/36853] INFO  server.RaftServer$Division (RaftServerImpl.java:start(301)) - a2e6164a-d2c4-4f22-b3b6-99fe8a11479f@group-070F9627EF71: start as a follower, conf=0: [a2e6164a-d2c4-4f22-b3b6-99fe8a11479f|rpc:fv-az294-952:9894|admin:|client:|dataStream:|priority:0], old=null
2022-03-01 02:09:49,991 [Listener at 0.0.0.0/36853] INFO  server.RaftServer$Division (RaftServerImpl.java:setRole(290)) - a2e6164a-d2c4-4f22-b3b6-99fe8a11479f@group-070F9627EF71: changes role from      null to FOLLOWER at term 1 for startAsFollower
2022-03-01 02:09:49,991 [Listener at 0.0.0.0/36853] INFO  impl.RoleInfo (RoleInfo.java:updateAndGet(130)) - a2e6164a-d2c4-4f22-b3b6-99fe8a11479f: start a2e6164a-d2c4-4f22-b3b6-99fe8a11479f@group-070F9627EF71-FollowerState
2022-03-01 02:09:50,011 [Listener at 0.0.0.0/36853] INFO  util.JmxRegister (JmxRegister.java:tryRegister(44)) - Successfully registered JMX Bean with object name Ratis:service=RaftServer,group=group-070F9627EF71,id=a2e6164a-d2c4-4f22-b3b6-99fe8a11479f
2022-03-01 02:09:50,012 [Listener at 0.0.0.0/36853] INFO  server.RaftServer (RaftServerProxy.java:lambda$start$5(374)) - a2e6164a-d2c4-4f22-b3b6-99fe8a11479f: start RPC server
2022-03-01 02:09:50,013 [Listener at 0.0.0.0/36853] INFO  server.GrpcService (GrpcService.java:startImpl(253)) - a2e6164a-d2c4-4f22-b3b6-99fe8a11479f: GrpcService started, listening on 9894
2022-03-01 02:09:50,023 [Listener at 0.0.0.0/36853] INFO  ha.SCMHAManagerImpl (SCMHAManagerImpl.java:start(121)) -  scm role is FOLLOWER peers [a2e6164a-d2c4-4f22-b3b6-99fe8a11479f|rpc:fv-az294-952:9894|admin:|client:|dataStream:|priority:0]
2022-03-01 02:09:50,024 [Listener at 0.0.0.0/36853] INFO  ha.InterSCMGrpcService (InterSCMGrpcProtocolService.java:start(94)) - Starting SCM Grpc Service at port 9895
2022-03-01 02:09:50,025 [Listener at 0.0.0.0/36853] WARN  impl.MetricsConfig (MetricsConfig.java:loadFirst(136)) - Cannot locate configuration: tried hadoop-metrics2-storagecontainermanager.properties,hadoop-metrics2.properties
2022-03-01 02:09:50,030 [org.apache.ratis.util.JvmPauseMonitor$$Lambda$421/1299661385@4d84f8a6] INFO  util.JvmPauseMonitor (JvmPauseMonitor.java:run(103)) - JvmPauseMonitor-a2e6164a-d2c4-4f22-b3b6-99fe8a11479f: Started
2022-03-01 02:09:50,030 [Listener at 0.0.0.0/36853] INFO  impl.MetricsSystemImpl (MetricsSystemImpl.java:startTimer(378)) - Scheduled Metric snapshot period at 10 second(s).
2022-03-01 02:09:50,030 [Listener at 0.0.0.0/36853] INFO  impl.MetricsSystemImpl (MetricsSystemImpl.java:start(191)) - StorageContainerManager metrics system started
2022-03-01 02:09:50,080 [Listener at 0.0.0.0/36853] INFO  impl.MetricsSinkAdapter (MetricsSinkAdapter.java:start(204)) - Sink prometheus started
2022-03-01 02:09:50,080 [Listener at 0.0.0.0/36853] INFO  impl.MetricsSystemImpl (MetricsSystemImpl.java:registerSink(305)) - Registered sink prometheus
2022-03-01 02:09:50,156 [Listener at 0.0.0.0/36853] INFO  server.SCMClientProtocolServer (SCMClientProtocolServer.java:start(165)) - RPC server for Client  is listening at /0.0.0.0:36853
2022-03-01 02:09:50,179 [IPC Server Responder] INFO  ipc.Server (Server.java:run(1507)) - IPC Server Responder: starting
2022-03-01 02:09:50,181 [IPC Server listener on 0] INFO  ipc.Server (Server.java:run(1344)) - IPC Server listener on 0: starting
2022-03-01 02:09:50,338 [Listener at 0.0.0.0/36853] INFO  server.StorageContainerManager (StorageContainerManager.java:start(1345)) - ScmBlockLocationProtocol RPC server is listening at /0.0.0.0:35913
2022-03-01 02:09:50,338 [Listener at 0.0.0.0/36853] INFO  server.SCMBlockProtocolServer (SCMBlockProtocolServer.java:start(151)) - RPC server for Block Protocol is listening at /0.0.0.0:35913
2022-03-01 02:09:50,341 [IPC Server Responder] INFO  ipc.Server (Server.java:run(1507)) - IPC Server Responder: starting
2022-03-01 02:09:50,342 [IPC Server listener on 0] INFO  ipc.Server (Server.java:run(1344)) - IPC Server listener on 0: starting
2022-03-01 02:09:50,439 [Listener at 0.0.0.0/36853] INFO  http.BaseHttpServer (BaseHttpServer.java:newHttpServer2BuilderForOzone(209)) - Starting Web-server for scm at: http://0.0.0.0:0
2022-03-01 02:09:50,439 [Listener at 0.0.0.0/36853] INFO  http.BaseHttpServer (BaseHttpServer.java:<init>(107)) - Hadoop Security Enabled: false Ozone Security Enabled: false Ozone HTTP Security Enabled: false 
2022-03-01 02:09:50,460 [Listener at 0.0.0.0/36853] INFO  server.AuthenticationFilter (AuthenticationFilter.java:constructSecretProvider(240)) - Unable to initialize FileSignerSecretProvider, falling back to use random secrets.
2022-03-01 02:09:50,463 [org.apache.hadoop.util.JvmPauseMonitor$Monitor@43405ae5] INFO  util.JvmPauseMonitor (JvmPauseMonitor.java:run(188)) - Starting JVM pause monitor
2022-03-01 02:09:50,467 [Listener at 0.0.0.0/36853] WARN  http.HttpRequestLog (HttpRequestLog.java:getRequestLog(103)) - Jetty request log can only be enabled using Log4j
2022-03-01 02:09:50,468 [Listener at 0.0.0.0/36853] INFO  http.HttpServer2 (HttpServer2.java:addGlobalFilter(1030)) - Added global filter 'safety' (class=org.apache.hadoop.hdds.server.http.HttpServer2$QuotingInputFilter)
2022-03-01 02:09:50,469 [Listener at 0.0.0.0/36853] INFO  http.HttpServer2 (HttpServer2.java:addFilter(1006)) - Added filter static_user_filter (class=org.apache.hadoop.http.lib.StaticUserWebFilter$StaticUserFilter) to context scm
2022-03-01 02:09:50,469 [Listener at 0.0.0.0/36853] INFO  http.HttpServer2 (HttpServer2.java:addFilter(1014)) - Added filter static_user_filter (class=org.apache.hadoop.http.lib.StaticUserWebFilter$StaticUserFilter) to context logs
2022-03-01 02:09:50,470 [Listener at 0.0.0.0/36853] INFO  http.HttpServer2 (HttpServer2.java:addFilter(1014)) - Added filter static_user_filter (class=org.apache.hadoop.http.lib.StaticUserWebFilter$StaticUserFilter) to context static
2022-03-01 02:09:50,471 [Listener at 0.0.0.0/36853] INFO  http.HttpServer2 (HttpServer2.java:bindListener(1249)) - Jetty bound to port 33163
2022-03-01 02:09:50,471 [Listener at 0.0.0.0/36853] INFO  server.Server (Server.java:doStart(375)) - jetty-9.4.43.v20210629; built: 2021-06-30T11:07:22.254Z; git: 526006ecfa3af7f1a27ef3a288e2bef7ea9dd7e8; jvm 1.8.0_322-b06
2022-03-01 02:09:50,566 [Listener at 0.0.0.0/36853] INFO  server.session (DefaultSessionIdManager.java:doStart(334)) - DefaultSessionIdManager workerName=node0
2022-03-01 02:09:50,566 [Listener at 0.0.0.0/36853] INFO  server.session (DefaultSessionIdManager.java:doStart(339)) - No SessionScavenger set, using defaults
2022-03-01 02:09:50,567 [Listener at 0.0.0.0/36853] INFO  server.session (HouseKeeper.java:startScavenging(132)) - node0 Scavenging every 660000ms
2022-03-01 02:09:50,585 [Listener at 0.0.0.0/36853] INFO  handler.ContextHandler (ContextHandler.java:doStart(915)) - Started o.e.j.s.ServletContextHandler@38ea499c{logs,/logs,file:///home/runner/work/ozone/ozone/hadoop-ozone/integration-test/target/log,AVAILABLE}
2022-03-01 02:09:50,585 [Listener at 0.0.0.0/36853] INFO  handler.ContextHandler (ContextHandler.java:doStart(915)) - Started o.e.j.s.ServletContextHandler@4e4c85e1{static,/static,file:///home/runner/work/ozone/ozone/hadoop-ozone/integration-test/target/test-classes/webapps/static,AVAILABLE}
2022-03-01 02:09:50,609 [Listener at 0.0.0.0/36853] INFO  handler.ContextHandler (ContextHandler.java:doStart(915)) - Started o.e.j.w.WebAppContext@55149f6d{scm,/,file:///home/runner/work/ozone/ozone/hadoop-ozone/integration-test/target/test-classes/webapps/scm/,AVAILABLE}{file:/home/runner/work/ozone/ozone/hadoop-ozone/integration-test/target/test-classes/webapps/scm}
2022-03-01 02:09:50,659 [Listener at 0.0.0.0/36853] INFO  server.AbstractConnector (AbstractConnector.java:doStart(331)) - Started ServerConnector@3d574310{HTTP/1.1, (http/1.1)}{0.0.0.0:33163}
2022-03-01 02:09:50,663 [Listener at 0.0.0.0/36853] INFO  server.Server (Server.java:doStart(415)) - Started @210899ms
2022-03-01 02:09:50,663 [Listener at 0.0.0.0/36853] WARN  impl.MetricsSystemImpl (MetricsSystemImpl.java:register(279)) - Sink prometheus already exists!
2022-03-01 02:09:50,664 [Listener at 0.0.0.0/36853] INFO  http.BaseHttpServer (BaseHttpServer.java:updateConnectorAddress(329)) - HTTP server of scm listening at http://0.0.0.0:33163
2022-03-01 02:09:50,664 [Listener at 0.0.0.0/36853] WARN  server.ServerUtils (ServerUtils.java:getDBPath(225)) - ozone.om.db.dirs is not configured. We recommend adding this setting. Falling back to ozone.metadata.dirs instead.
2022-03-01 02:09:50,668 [Listener at 0.0.0.0/36853] INFO  ha.OMHANodeDetails (OMHANodeDetails.java:loadOMHAConfig(112)) - ozone.om.internal.service.id is not defined, falling back to ozone.om.service.ids to find serviceID for OzoneManager if it is HA enabled cluster
2022-03-01 02:09:50,668 [Listener at 0.0.0.0/36853] INFO  ha.OMHANodeDetails (OMHANodeDetails.java:loadOMHAConfig(218)) - Configuration does not have ozone.om.address set. Falling back to the default OM address /127.0.0.1:0
2022-03-01 02:09:50,668 [Listener at 0.0.0.0/36853] INFO  ha.OMHANodeDetails (OMHANodeDetails.java:getOMNodeDetailsForNonHA(246)) - OM Service ID is not set. Setting it to the default ID: omServiceIdDefault
2022-03-01 02:09:50,668 [Listener at 0.0.0.0/36853] INFO  ha.OMHANodeDetails (OMHANodeDetails.java:getOMNodeDetailsForNonHA(253)) - OM Node ID is not set. Setting it to the default ID: om1
2022-03-01 02:09:50,669 [Listener at 0.0.0.0/36853] WARN  server.ServerUtils (ServerUtils.java:getDBPath(225)) - ozone.om.db.dirs is not configured. We recommend adding this setting. Falling back to ozone.metadata.dirs instead.
2022-03-01 02:09:50,669 [Listener at 0.0.0.0/36853] INFO  upgrade.AbstractLayoutVersionManager (AbstractLayoutVersionManager.java:init(79)) - Initializing Layout version manager with metadata layout = INITIAL_VERSION (version = 0), software layout = INITIAL_VERSION (version = 0)
2022-03-01 02:09:50,911 [Listener at 0.0.0.0/36853] INFO  reflections.Reflections (Reflections.java:scan(232)) - Reflections took 240 ms to scan 2 urls, producing 134 keys and 349 values [using 2 cores]
2022-03-01 02:09:50,911 [Listener at 0.0.0.0/36853] INFO  upgrade.OMLayoutVersionManager (OMLayoutVersionManager.java:lambda$0(115)) - Skipping Upgrade Action MockOmUpgradeAction since it has been finalized.
2022-03-01 02:09:50,911 [Listener at 0.0.0.0/36853] WARN  server.ServerUtils (ServerUtils.java:getDBPath(225)) - ozone.om.db.dirs is not configured. We recommend adding this setting. Falling back to ozone.metadata.dirs instead.
2022-03-01 02:09:52,984 [Listener at 0.0.0.0/36853] INFO  retry.RetryInvocationHandler (RetryInvocationHandler.java:log(411)) - com.google.protobuf.ServiceException: org.apache.hadoop.ipc.RemoteException(org.apache.hadoop.hdds.ratis.ServerNotLeaderException): Server:a2e6164a-d2c4-4f22-b3b6-99fe8a11479f is not the leader. Could not determine the leader node.
	at org.apache.hadoop.hdds.ratis.ServerNotLeaderException.convertToNotLeaderException(ServerNotLeaderException.java:109)
	at org.apache.hadoop.hdds.scm.ha.RatisUtil.checkRatisException(RatisUtil.java:246)
	at org.apache.hadoop.hdds.scm.protocol.ScmBlockLocationProtocolServerSideTranslatorPB.send(ScmBlockLocationProtocolServerSideTranslatorPB.java:108)
	at org.apache.hadoop.hdds.protocol.proto.ScmBlockLocationProtocolProtos$ScmBlockLocationProtocolService$2.callBlockingMethod(ScmBlockLocationProtocolProtos.java:13937)
	at org.apache.hadoop.ipc.ProtobufRpcEngine$Server.processCall(ProtobufRpcEngine.java:466)
	at org.apache.hadoop.ipc.ProtobufRpcEngine2$Server$ProtoBufRpcInvoker.call(ProtobufRpcEngine2.java:574)
	at org.apache.hadoop.ipc.ProtobufRpcEngine2$Server$ProtoBufRpcInvoker.call(ProtobufRpcEngine2.java:552)
	at org.apache.hadoop.ipc.RPC$Server.call(RPC.java:1093)
	at org.apache.hadoop.ipc.Server$RpcCall.run(Server.java:1035)
	at org.apache.hadoop.ipc.Server$RpcCall.run(Server.java:963)
	at java.security.AccessController.doPrivileged(Native Method)
	at javax.security.auth.Subject.doAs(Subject.java:422)
	at org.apache.hadoop.security.UserGroupInformation.doAs(UserGroupInformation.java:1878)
	at org.apache.hadoop.ipc.Server$Handler.run(Server.java:2966)
, while invoking $Proxy46.send over nodeId=scmNodeId,nodeAddress=/0.0.0.0:35913 after 1 failover attempts. Trying to failover after sleeping for 2000ms.
2022-03-01 02:09:54,996 [Listener at 0.0.0.0/36853] INFO  retry.RetryInvocationHandler (RetryInvocationHandler.java:log(411)) - com.google.protobuf.ServiceException: org.apache.hadoop.ipc.RemoteException(org.apache.hadoop.hdds.ratis.ServerNotLeaderException): Server:a2e6164a-d2c4-4f22-b3b6-99fe8a11479f is not the leader. Could not determine the leader node.
	at org.apache.hadoop.hdds.ratis.ServerNotLeaderException.convertToNotLeaderException(ServerNotLeaderException.java:109)
	at org.apache.hadoop.hdds.scm.ha.RatisUtil.checkRatisException(RatisUtil.java:246)
	at org.apache.hadoop.hdds.scm.protocol.ScmBlockLocationProtocolServerSideTranslatorPB.send(ScmBlockLocationProtocolServerSideTranslatorPB.java:108)
	at org.apache.hadoop.hdds.protocol.proto.ScmBlockLocationProtocolProtos$ScmBlockLocationProtocolService$2.callBlockingMethod(ScmBlockLocationProtocolProtos.java:13937)
	at org.apache.hadoop.ipc.ProtobufRpcEngine$Server.processCall(ProtobufRpcEngine.java:466)
	at org.apache.hadoop.ipc.ProtobufRpcEngine2$Server$ProtoBufRpcInvoker.call(ProtobufRpcEngine2.java:574)
	at org.apache.hadoop.ipc.ProtobufRpcEngine2$Server$ProtoBufRpcInvoker.call(ProtobufRpcEngine2.java:552)
	at org.apache.hadoop.ipc.RPC$Server.call(RPC.java:1093)
	at org.apache.hadoop.ipc.Server$RpcCall.run(Server.java:1035)
	at org.apache.hadoop.ipc.Server$RpcCall.run(Server.java:963)
	at java.security.AccessController.doPrivileged(Native Method)
	at javax.security.auth.Subject.doAs(Subject.java:422)
	at org.apache.hadoop.security.UserGroupInformation.doAs(UserGroupInformation.java:1878)
	at org.apache.hadoop.ipc.Server$Handler.run(Server.java:2966)
, while invoking $Proxy46.send over nodeId=scmNodeId,nodeAddress=/0.0.0.0:35913 after 2 failover attempts. Trying to failover after sleeping for 2000ms.
2022-03-01 02:09:55,111 [a2e6164a-d2c4-4f22-b3b6-99fe8a11479f@group-070F9627EF71-FollowerState] INFO  impl.FollowerState (FollowerState.java:run(134)) - a2e6164a-d2c4-4f22-b3b6-99fe8a11479f@group-070F9627EF71-FollowerState: change to CANDIDATE, lastRpcElapsedTime:5119999339ns, electionTimeout:5100ms
2022-03-01 02:09:55,112 [a2e6164a-d2c4-4f22-b3b6-99fe8a11479f@group-070F9627EF71-FollowerState] INFO  impl.RoleInfo (RoleInfo.java:shutdownFollowerState(108)) - a2e6164a-d2c4-4f22-b3b6-99fe8a11479f: shutdown a2e6164a-d2c4-4f22-b3b6-99fe8a11479f@group-070F9627EF71-FollowerState
2022-03-01 02:09:55,112 [a2e6164a-d2c4-4f22-b3b6-99fe8a11479f@group-070F9627EF71-FollowerState] INFO  server.RaftServer$Division (RaftServerImpl.java:setRole(290)) - a2e6164a-d2c4-4f22-b3b6-99fe8a11479f@group-070F9627EF71: changes role from  FOLLOWER to CANDIDATE at term 1 for changeToCandidate
2022-03-01 02:09:55,112 [a2e6164a-d2c4-4f22-b3b6-99fe8a11479f@group-070F9627EF71-FollowerState] INFO  server.RaftServerConfigKeys (ConfUtils.java:logGet(44)) - raft.server.leaderelection.pre-vote = false (custom)
2022-03-01 02:09:55,112 [a2e6164a-d2c4-4f22-b3b6-99fe8a11479f@group-070F9627EF71-FollowerState] INFO  impl.RoleInfo (RoleInfo.java:updateAndGet(130)) - a2e6164a-d2c4-4f22-b3b6-99fe8a11479f: start a2e6164a-d2c4-4f22-b3b6-99fe8a11479f@group-070F9627EF71-LeaderElection56
2022-03-01 02:09:55,132 [a2e6164a-d2c4-4f22-b3b6-99fe8a11479f@group-070F9627EF71-LeaderElection56] INFO  impl.LeaderElection (LeaderElection.java:askForVotes(306)) - a2e6164a-d2c4-4f22-b3b6-99fe8a11479f@group-070F9627EF71-LeaderElection56 ELECTION round 0: submit vote requests at term 2 for 0: [a2e6164a-d2c4-4f22-b3b6-99fe8a11479f|rpc:fv-az294-952:9894|admin:|client:|dataStream:|priority:0], old=null
2022-03-01 02:09:55,132 [a2e6164a-d2c4-4f22-b3b6-99fe8a11479f@group-070F9627EF71-LeaderElection56] INFO  impl.LeaderElection (LeaderElection.java:askForVotes(308)) - a2e6164a-d2c4-4f22-b3b6-99fe8a11479f@group-070F9627EF71-LeaderElection56 ELECTION round 0: result PASSED (term=2)
2022-03-01 02:09:55,132 [a2e6164a-d2c4-4f22-b3b6-99fe8a11479f@group-070F9627EF71-LeaderElection56] INFO  impl.RoleInfo (RoleInfo.java:shutdownLeaderElection(121)) - a2e6164a-d2c4-4f22-b3b6-99fe8a11479f: shutdown a2e6164a-d2c4-4f22-b3b6-99fe8a11479f@group-070F9627EF71-LeaderElection56
2022-03-01 02:09:55,132 [a2e6164a-d2c4-4f22-b3b6-99fe8a11479f@group-070F9627EF71-LeaderElection56] INFO  server.RaftServer$Division (RaftServerImpl.java:setRole(290)) - a2e6164a-d2c4-4f22-b3b6-99fe8a11479f@group-070F9627EF71: changes role from CANDIDATE to LEADER at term 2 for changeToLeader
2022-03-01 02:09:55,135 [a2e6164a-d2c4-4f22-b3b6-99fe8a11479f@group-070F9627EF71-LeaderElection56] INFO  ha.SCMStateMachine (SCMStateMachine.java:notifyLeaderChanged(259)) - current SCM becomes leader of term 2.
2022-03-01 02:09:55,135 [a2e6164a-d2c4-4f22-b3b6-99fe8a11479f@group-070F9627EF71-LeaderElection56] INFO  ha.SCMContext (SCMContext.java:updateLeaderAndTerm(90)) - update <isLeader,term> from <false,0> to <true,2>
2022-03-01 02:09:55,135 [a2e6164a-d2c4-4f22-b3b6-99fe8a11479f@group-070F9627EF71-LeaderElection56] INFO  server.RaftServer$Division (ServerState.java:setLeader(285)) - a2e6164a-d2c4-4f22-b3b6-99fe8a11479f@group-070F9627EF71: change Leader from null to a2e6164a-d2c4-4f22-b3b6-99fe8a11479f at term 2 for becomeLeader, leader elected after 5454ms
2022-03-01 02:09:55,135 [a2e6164a-d2c4-4f22-b3b6-99fe8a11479f@group-070F9627EF71-LeaderElection56] INFO  server.RaftServerConfigKeys (ConfUtils.java:logGet(44)) - raft.server.staging.catchup.gap = 1000 (default)
2022-03-01 02:09:55,136 [a2e6164a-d2c4-4f22-b3b6-99fe8a11479f@group-070F9627EF71-LeaderElection56] INFO  server.RaftServerConfigKeys (ConfUtils.java:logGet(44)) - raft.server.write.element-limit = 4096 (default)
2022-03-01 02:09:55,136 [a2e6164a-d2c4-4f22-b3b6-99fe8a11479f@group-070F9627EF71-LeaderElection56] INFO  server.RaftServerConfigKeys (ConfUtils.java:logGet(44)) - raft.server.write.byte-limit = 64MB (=67108864) (default)
2022-03-01 02:09:55,136 [a2e6164a-d2c4-4f22-b3b6-99fe8a11479f@group-070F9627EF71-LeaderElection56] INFO  server.RaftServerConfigKeys (ConfUtils.java:logGet(44)) - raft.server.watch.timeout = 10s (default)
2022-03-01 02:09:55,136 [a2e6164a-d2c4-4f22-b3b6-99fe8a11479f@group-070F9627EF71-LeaderElection56] INFO  server.RaftServerConfigKeys (ConfUtils.java:logGet(44)) - raft.server.watch.timeout.denomination = 1s (default)
2022-03-01 02:09:55,136 [a2e6164a-d2c4-4f22-b3b6-99fe8a11479f@group-070F9627EF71-LeaderElection56] INFO  server.RaftServerConfigKeys (ConfUtils.java:logGet(44)) - raft.server.watch.element-limit = 65536 (default)
2022-03-01 02:09:55,136 [a2e6164a-d2c4-4f22-b3b6-99fe8a11479f@group-070F9627EF71-LeaderElection56] INFO  server.RaftServerConfigKeys (ConfUtils.java:logGet(44)) - raft.server.write.element-limit = 4096 (default)
2022-03-01 02:09:55,136 [a2e6164a-d2c4-4f22-b3b6-99fe8a11479f@group-070F9627EF71-LeaderElection56] INFO  server.RaftServerConfigKeys (ConfUtils.java:logGet(44)) - raft.server.write.follower.gap.ratio.max = -1.0 (default)
2022-03-01 02:09:55,137 [a2e6164a-d2c4-4f22-b3b6-99fe8a11479f@group-070F9627EF71-LeaderElection56] INFO  impl.RoleInfo (RoleInfo.java:updateAndGet(130)) - a2e6164a-d2c4-4f22-b3b6-99fe8a11479f: start a2e6164a-d2c4-4f22-b3b6-99fe8a11479f@group-070F9627EF71-LeaderStateImpl
2022-03-01 02:09:55,137 [a2e6164a-d2c4-4f22-b3b6-99fe8a11479f@group-070F9627EF71-LeaderElection56] INFO  segmented.SegmentedRaftLogWorker (SegmentedRaftLogWorker.java:rollLogSegment(399)) - a2e6164a-d2c4-4f22-b3b6-99fe8a11479f@group-070F9627EF71-SegmentedRaftLogWorker: Rolling segment log-0_0 to index:0
2022-03-01 02:09:55,140 [a2e6164a-d2c4-4f22-b3b6-99fe8a11479f@group-070F9627EF71-LeaderElection56] INFO  server.RaftServer$Division (ServerState.java:setRaftConf(387)) - a2e6164a-d2c4-4f22-b3b6-99fe8a11479f@group-070F9627EF71: set configuration 1: [a2e6164a-d2c4-4f22-b3b6-99fe8a11479f|rpc:fv-az294-952:9894|admin:|client:|dataStream:|priority:0], old=null
2022-03-01 02:09:55,140 [a2e6164a-d2c4-4f22-b3b6-99fe8a11479f@group-070F9627EF71-SegmentedRaftLogWorker] INFO  segmented.SegmentedRaftLogWorker (SegmentedRaftLogWorker.java:execute(558)) - a2e6164a-d2c4-4f22-b3b6-99fe8a11479f@group-070F9627EF71-SegmentedRaftLogWorker: Rolled log segment from /home/runner/work/ozone/ozone/hadoop-ozone/integration-test/target/test-dir/MiniOzoneClusterImpl-274b8b5e-502f-4f00-85bb-070f9627ef71/ozone-meta/scm-ha/274b8b5e-502f-4f00-85bb-070f9627ef71/current/log_inprogress_0 to /home/runner/work/ozone/ozone/hadoop-ozone/integration-test/target/test-dir/MiniOzoneClusterImpl-274b8b5e-502f-4f00-85bb-070f9627ef71/ozone-meta/scm-ha/274b8b5e-502f-4f00-85bb-070f9627ef71/current/log_0-0
2022-03-01 02:09:55,158 [a2e6164a-d2c4-4f22-b3b6-99fe8a11479f@group-070F9627EF71-SegmentedRaftLogWorker] INFO  segmented.SegmentedRaftLogWorker (SegmentedRaftLogWorker.java:execute(601)) - a2e6164a-d2c4-4f22-b3b6-99fe8a11479f@group-070F9627EF71-SegmentedRaftLogWorker: created new log segment /home/runner/work/ozone/ozone/hadoop-ozone/integration-test/target/test-dir/MiniOzoneClusterImpl-274b8b5e-502f-4f00-85bb-070f9627ef71/ozone-meta/scm-ha/274b8b5e-502f-4f00-85bb-070f9627ef71/current/log_inprogress_1
2022-03-01 02:09:55,168 [a2e6164a-d2c4-4f22-b3b6-99fe8a11479f@group-070F9627EF71-StateMachineUpdater] INFO  ha.SCMContext (SCMContext.java:setLeaderReady(117)) - update <isLeaderReady> from <false> to <true>
2022-03-01 02:09:55,172 [a2e6164a-d2c4-4f22-b3b6-99fe8a11479f@group-070F9627EF71-StateMachineUpdater] INFO  pipeline.BackgroundPipelineCreator (BackgroundPipelineCreator.java:notifyStatusChanged(264)) - Service BackgroundPipelineCreator transitions to RUNNING.
2022-03-01 02:09:55,172 [a2e6164a-d2c4-4f22-b3b6-99fe8a11479f@group-070F9627EF71-StateMachineUpdater] INFO  safemode.HealthyPipelineSafeModeRule (HealthyPipelineSafeModeRule.java:initializeRule(152)) - Refreshed total pipeline count is 0, healthy pipeline threshold count is 1
2022-03-01 02:09:55,172 [a2e6164a-d2c4-4f22-b3b6-99fe8a11479f@group-070F9627EF71-StateMachineUpdater] INFO  safemode.ContainerSafeModeRule (ContainerSafeModeRule.java:reInitializeRule(177)) - Refreshed one replica container threshold 0, currentThreshold 0
2022-03-01 02:09:55,173 [a2e6164a-d2c4-4f22-b3b6-99fe8a11479f@group-070F9627EF71-StateMachineUpdater] INFO  safemode.OneReplicaPipelineSafeModeRule (OneReplicaPipelineSafeModeRule.java:initializeRule(176)) - Refreshed Total pipeline count is 0, pipeline's with at least one datanode reported threshold count is 0
2022-03-01 02:09:55,173 [a2e6164a-d2c4-4f22-b3b6-99fe8a11479f@group-070F9627EF71-StateMachineUpdater] INFO  server.SCMDatanodeProtocolServer (SCMDatanodeProtocolServer.java:start(181)) - ScmDatanodeProtocol RPC server for DataNodes is listening at /0.0.0.0:44333
2022-03-01 02:09:55,184 [IPC Server listener on 0] INFO  ipc.Server (Server.java:run(1344)) - IPC Server listener on 0: starting
2022-03-01 02:09:55,211 [IPC Server Responder] INFO  ipc.Server (Server.java:run(1507)) - IPC Server Responder: starting
2022-03-01 02:09:56,999 [Listener at 0.0.0.0/36853] WARN  server.ServerUtils (ServerUtils.java:getDBPath(225)) - ozone.om.db.dirs is not configured. We recommend adding this setting. Falling back to ozone.metadata.dirs instead.
2022-03-01 02:09:57,000 [Listener at 0.0.0.0/36853] INFO  codec.OmKeyInfoCodec (OmKeyInfoCodec.java:<init>(50)) - OmKeyInfoCodec ignorePipeline = true
2022-03-01 02:09:57,000 [Listener at 0.0.0.0/36853] INFO  codec.RepeatedOmKeyInfoCodec (RepeatedOmKeyInfoCodec.java:<init>(42)) - RepeatedOmKeyInfoCodec ignorePipeline = true
2022-03-01 02:09:57,424 [Listener at 0.0.0.0/36853] INFO  om.OzoneManager (OzoneManager.java:addS3GVolumeToDB(3732)) - Created Volume s3v With Owner runner required for S3Gateway operations.
2022-03-01 02:09:57,439 [Listener at 0.0.0.0/36853] WARN  server.ServerUtils (ServerUtils.java:getDefaultRatisDirectory(237)) - Storage directory for Ratis is not configured. It is a good idea to map this to an SSD disk. Falling back to ozone.metadata.dirs
2022-03-01 02:09:57,439 [Listener at 0.0.0.0/36853] WARN  utils.OzoneManagerRatisUtils (OzoneManagerRatisUtils.java:getOMRatisSnapshotDirectory(330)) - ozone.om.ratis.snapshot.dir is not configured. Falling back to ozone.metadata.dirs config
2022-03-01 02:09:57,440 [Listener at 0.0.0.0/36853] WARN  impl.MetricRegistriesImpl (MetricRegistriesImpl.java:addReporterRegistration(111)) - New reporters are added after registries were created. Some metrics will be missing from the reporter. Please add reporter before adding any new registry.
2022-03-01 02:09:57,440 [Listener at 0.0.0.0/36853] WARN  impl.MetricRegistriesImpl (MetricRegistriesImpl.java:addReporterRegistration(111)) - New reporters are added after registries were created. Some metrics will be missing from the reporter. Please add reporter before adding any new registry.
2022-03-01 02:09:57,440 [Listener at 0.0.0.0/36853] WARN  server.ServerUtils (ServerUtils.java:getDefaultRatisDirectory(237)) - Storage directory for Ratis is not configured. It is a good idea to map this to an SSD disk. Falling back to ozone.metadata.dirs
2022-03-01 02:09:57,441 [Listener at 0.0.0.0/36853] INFO  ratis.OzoneManagerRatisServer (OzoneManagerRatisServer.java:<init>(159)) - Instantiating OM Ratis server with groupID: omServiceIdDefault and peers: localhost:9872
2022-03-01 02:09:57,443 [Listener at 0.0.0.0/36853] INFO  ratis.OzoneManagerStateMachine (OzoneManagerStateMachine.java:loadSnapshotInfoFromDB(605)) - LastAppliedIndex is set from TransactionInfo from OM DB as (t:0, i:~)
2022-03-01 02:09:57,464 [Listener at 0.0.0.0/36853] INFO  server.RaftServer (ConfUtils.java:logGet(44)) - raft.rpc.type = GRPC (default)
2022-03-01 02:09:57,464 [Listener at 0.0.0.0/36853] INFO  grpc.GrpcFactory (GrpcFactory.java:checkPooledByteBufAllocatorUseCacheForAllThreads(48)) - PERFORMANCE WARNING: useCacheForAllThreads is true that may cause Netty to create a lot garbage objects and, as a result, trigger GC.
	It is recommended to disable useCacheForAllThreads by setting -Dorg.apache.ratis.thirdparty.io.netty.allocator.useCacheForAllThreads=false in command line.
2022-03-01 02:09:57,464 [Listener at 0.0.0.0/36853] INFO  grpc.GrpcConfigKeys (ConfUtils.java:logGet(44)) - raft.grpc.admin.port = -1 (default)
2022-03-01 02:09:57,464 [Listener at 0.0.0.0/36853] INFO  grpc.GrpcConfigKeys (ConfUtils.java:logGet(44)) - raft.grpc.server.port = 9872 (custom)
2022-03-01 02:09:57,465 [Listener at 0.0.0.0/36853] INFO  grpc.GrpcConfigKeys (ConfUtils.java:logGet(44)) - raft.grpc.client.port = -1 (default)
2022-03-01 02:09:57,465 [Listener at 0.0.0.0/36853] INFO  grpc.GrpcConfigKeys (ConfUtils.java:logGet(44)) - raft.grpc.server.port = 9872 (custom)
2022-03-01 02:09:57,465 [Listener at 0.0.0.0/36853] INFO  grpc.GrpcConfigKeys (ConfUtils.java:logGet(44)) - raft.grpc.server.port = 9872 (custom)
2022-03-01 02:09:57,465 [Listener at 0.0.0.0/36853] INFO  server.GrpcService (ConfUtils.java:logGet(44)) - raft.grpc.message.size.max = 33554432 (custom)
2022-03-01 02:09:57,465 [Listener at 0.0.0.0/36853] INFO  server.RaftServerConfigKeys (ConfUtils.java:logGet(44)) - raft.server.log.appender.buffer.byte-limit = 33554432 (custom)
2022-03-01 02:09:57,465 [Listener at 0.0.0.0/36853] INFO  server.GrpcService (ConfUtils.java:logGet(44)) - raft.grpc.flow.control.window = 1MB (=1048576) (default)
2022-03-01 02:09:57,465 [Listener at 0.0.0.0/36853] INFO  server.RaftServerConfigKeys (ConfUtils.java:logGet(44)) - raft.server.rpc.request.timeout = 3000ms (default)
2022-03-01 02:09:57,466 [Listener at 0.0.0.0/36853] INFO  impl.DataStreamServerImpl (ConfUtils.java:logGet(44)) - raft.datastream.type = DISABLED (default)
2022-03-01 02:09:57,467 [Listener at 0.0.0.0/36853] INFO  server.RaftServerConfigKeys (ConfUtils.java:logGet(44)) - raft.server.rpc.slowness.timeout = 120s (custom)
2022-03-01 02:09:57,467 [Listener at 0.0.0.0/36853] INFO  server.RaftServerConfigKeys (ConfUtils.java:logGet(44)) - raft.server.leaderelection.leader.step-down.wait-time = 10s (default)
2022-03-01 02:09:57,467 [Listener at 0.0.0.0/36853] INFO  server.RaftServerConfigKeys (ConfUtils.java:logGet(44)) - raft.server.storage.dir = [/home/runner/work/ozone/ozone/hadoop-ozone/integration-test/target/test-dir/MiniOzoneClusterImpl-274b8b5e-502f-4f00-85bb-070f9627ef71/ozone-meta/ratis] (custom)
2022-03-01 02:09:57,477 [Listener at 0.0.0.0/36853] INFO  server.RaftServer (RaftServerProxy.java:addNew(95)) - om1: addNew group-C5BA1605619E:[om1|rpc:localhost:9872|priority:0] returns group-C5BA1605619E:java.util.concurrent.CompletableFuture@85d8054[Not completed]
2022-03-01 02:09:57,477 [Listener at 0.0.0.0/36853] INFO  om.OzoneManager (OzoneManager.java:initializeRatisServer(1834)) - OzoneManager Ratis server initialized at port 9872
2022-03-01 02:09:57,500 [Listener at 0.0.0.0/36853] INFO  ipc.CallQueueManager (CallQueueManager.java:<init>(90)) - Using callQueue: class java.util.concurrent.LinkedBlockingQueue, queueCapacity: 2000, scheduler: class org.apache.hadoop.ipc.DefaultRpcScheduler, ipcBackoff: false.
2022-03-01 02:09:57,508 [pool-520-thread-1] INFO  server.RaftServer$Division (RaftServerImpl.java:<init>(184)) - om1: new RaftServerImpl for group-C5BA1605619E:[om1|rpc:localhost:9872|priority:0] with OzoneManagerStateMachine:uninitialized
2022-03-01 02:09:57,515 [Socket Reader #1 for port 0] INFO  ipc.Server (Server.java:run(1265)) - Starting Socket Reader #1 for port 0
2022-03-01 02:09:57,555 [pool-520-thread-1] INFO  server.RaftServerConfigKeys (ConfUtils.java:logGet(44)) - raft.server.rpc.timeout.min = 1s (custom)
2022-03-01 02:09:57,555 [pool-520-thread-1] INFO  server.RaftServerConfigKeys (ConfUtils.java:logGet(44)) - raft.server.rpc.timeout.max = 1200ms (custom)
2022-03-01 02:09:57,555 [pool-520-thread-1] INFO  server.RaftServerConfigKeys (ConfUtils.java:logGet(44)) - raft.server.rpc.sleep.time = 25ms (default)
2022-03-01 02:09:57,555 [pool-520-thread-1] INFO  server.RaftServerConfigKeys (ConfUtils.java:logGet(44)) - raft.server.rpc.slowness.timeout = 120s (custom)
2022-03-01 02:09:57,555 [pool-520-thread-1] INFO  server.RaftServerConfigKeys (ConfUtils.java:logGet(44)) - raft.server.leaderelection.leader.step-down.wait-time = 10s (default)
2022-03-01 02:09:57,555 [pool-520-thread-1] INFO  server.RaftServerConfigKeys (ConfUtils.java:logGet(44)) - raft.server.sleep.deviation.threshold = 300ms (default)
2022-03-01 02:09:57,555 [pool-520-thread-1] INFO  server.RaftServerConfigKeys (ConfUtils.java:logGet(44)) - raft.server.log.appender.install.snapshot.enabled = false (custom)
2022-03-01 02:09:57,556 [pool-520-thread-1] INFO  server.RaftServer$Division (ServerState.java:<init>(105)) - om1@group-C5BA1605619E: ConfigurationManager, init=-1: [om1|rpc:localhost:9872|priority:0], old=null, confs=<EMPTY_MAP>
2022-03-01 02:09:57,556 [pool-520-thread-1] INFO  server.RaftServerConfigKeys (ConfUtils.java:logGet(44)) - raft.server.storage.dir = [/home/runner/work/ozone/ozone/hadoop-ozone/integration-test/target/test-dir/MiniOzoneClusterImpl-274b8b5e-502f-4f00-85bb-070f9627ef71/ozone-meta/ratis] (custom)
2022-03-01 02:09:57,556 [pool-520-thread-1] INFO  server.RaftServerConfigKeys (ConfUtils.java:logGet(44)) - raft.server.log.corruption.policy = EXCEPTION (default)
2022-03-01 02:09:57,556 [pool-520-thread-1] INFO  server.RaftServerConfigKeys (ConfUtils.java:logGet(44)) - raft.server.storage.free-space.min = 0MB (=0) (default)
2022-03-01 02:09:57,556 [pool-520-thread-1] INFO  storage.RaftStorageDirectory (RaftStorageDirectoryImpl.java:analyzeStorage(135)) - The storage directory /home/runner/work/ozone/ozone/hadoop-ozone/integration-test/target/test-dir/MiniOzoneClusterImpl-274b8b5e-502f-4f00-85bb-070f9627ef71/ozone-meta/ratis/bf265839-605b-3f16-9796-c5ba1605619e does not exist. Creating ...
2022-03-01 02:09:57,564 [pool-520-thread-1] INFO  storage.RaftStorageDirectory (RaftStorageDirectoryImpl.java:tryLock(230)) - Lock on /home/runner/work/ozone/ozone/hadoop-ozone/integration-test/target/test-dir/MiniOzoneClusterImpl-274b8b5e-502f-4f00-85bb-070f9627ef71/ozone-meta/ratis/bf265839-605b-3f16-9796-c5ba1605619e/in_use.lock acquired by nodename 9245@fv-az294-952
2022-03-01 02:09:57,571 [pool-520-thread-1] INFO  storage.RaftStorage (RaftStorageImpl.java:format(89)) - Storage directory /home/runner/work/ozone/ozone/hadoop-ozone/integration-test/target/test-dir/MiniOzoneClusterImpl-274b8b5e-502f-4f00-85bb-070f9627ef71/ozone-meta/ratis/bf265839-605b-3f16-9796-c5ba1605619e has been successfully formatted.
2022-03-01 02:09:57,571 [pool-520-thread-1] INFO  server.RaftServerConfigKeys (ConfUtils.java:logGet(44)) - raft.server.notification.no-leader.timeout = 120s (custom)
2022-03-01 02:09:57,571 [pool-520-thread-1] INFO  server.RaftServerConfigKeys (ConfUtils.java:logGet(44)) - raft.server.log.use.memory = false (default)
2022-03-01 02:09:57,572 [pool-520-thread-1] INFO  server.RaftServerConfigKeys (ConfUtils.java:logGet(44)) - raft.server.log.purge.gap = 1000000 (custom)
2022-03-01 02:09:57,572 [pool-520-thread-1] INFO  server.RaftServerConfigKeys (ConfUtils.java:logGet(44)) - raft.server.log.appender.buffer.byte-limit = 33554432 (custom)
2022-03-01 02:09:57,572 [pool-520-thread-1] INFO  server.RaftServerConfigKeys (ConfUtils.java:logGet(44)) - raft.server.log.segment.size.max = 4194304 (custom)
2022-03-01 02:09:57,572 [pool-520-thread-1] INFO  server.RaftServerConfigKeys (ConfUtils.java:logGet(44)) - raft.server.log.segment.cache.num.max = 2 (custom)
2022-03-01 02:09:57,572 [pool-520-thread-1] INFO  server.RaftServerConfigKeys (ConfUtils.java:logGet(44)) - raft.server.log.segment.cache.size.max = 200MB (=209715200) (default)
2022-03-01 02:09:57,572 [pool-520-thread-1] INFO  segmented.SegmentedRaftLogWorker (SegmentedRaftLogWorker.java:<init>(182)) - new om1@group-C5BA1605619E-SegmentedRaftLogWorker for RaftStorageImpl:Storage Directory /home/runner/work/ozone/ozone/hadoop-ozone/integration-test/target/test-dir/MiniOzoneClusterImpl-274b8b5e-502f-4f00-85bb-070f9627ef71/ozone-meta/ratis/bf265839-605b-3f16-9796-c5ba1605619e
2022-03-01 02:09:57,572 [pool-520-thread-1] INFO  server.RaftServerConfigKeys (ConfUtils.java:logGet(44)) - raft.server.log.queue.byte-limit = 64MB (=67108864) (default)
2022-03-01 02:09:57,572 [pool-520-thread-1] INFO  server.RaftServerConfigKeys (ConfUtils.java:logGet(44)) - raft.server.log.queue.element-limit = 4096 (default)
2022-03-01 02:09:57,572 [pool-520-thread-1] INFO  server.RaftServerConfigKeys (ConfUtils.java:logGet(44)) - raft.server.log.segment.size.max = 4194304 (custom)
2022-03-01 02:09:57,572 [pool-520-thread-1] INFO  server.RaftServerConfigKeys (ConfUtils.java:logGet(44)) - raft.server.log.preallocated.size = 4194304 (custom)
2022-03-01 02:09:57,572 [pool-520-thread-1] INFO  server.RaftServerConfigKeys (ConfUtils.java:logGet(44)) - raft.server.log.force.sync.num = 128 (default)
2022-03-01 02:09:57,572 [pool-520-thread-1] INFO  server.RaftServerConfigKeys (ConfUtils.java:logGet(44)) - raft.server.log.statemachine.data.sync = true (default)
2022-03-01 02:09:57,572 [pool-520-thread-1] INFO  server.RaftServerConfigKeys (ConfUtils.java:logGet(44)) - raft.server.log.statemachine.data.sync.timeout = 10s (default)
2022-03-01 02:09:57,572 [pool-520-thread-1] INFO  server.RaftServerConfigKeys (ConfUtils.java:logGet(44)) - raft.server.log.statemachine.data.sync.timeout.retry = -1 (default)
2022-03-01 02:09:57,573 [pool-520-thread-1] INFO  server.RaftServerConfigKeys (ConfUtils.java:logGet(44)) - raft.server.log.write.buffer.size = 64KB (=65536) (default)
2022-03-01 02:09:57,573 [pool-520-thread-1] INFO  server.RaftServerConfigKeys (ConfUtils.java:logGet(44)) - raft.server.log.statemachine.data.caching.enabled = false (default)
2022-03-01 02:09:57,573 [pool-520-thread-1] INFO  segmented.SegmentedRaftLogWorker (SegmentedRaftLogWorker.java:lambda$new$0(133)) - om1@group-C5BA1605619E-SegmentedRaftLogWorker: flushIndex: setUnconditionally 0 -> -1
2022-03-01 02:09:57,573 [pool-520-thread-1] INFO  segmented.SegmentedRaftLogWorker (SegmentedRaftLogWorker.java:lambda$new$0(133)) - om1@group-C5BA1605619E-SegmentedRaftLogWorker: safeCacheEvictIndex: setUnconditionally 0 -> -1
2022-03-01 02:09:57,595 [pool-520-thread-1] INFO  server.RaftServerConfigKeys (ConfUtils.java:logGet(44)) - raft.server.snapshot.auto.trigger.enabled = true (custom)
2022-03-01 02:09:57,595 [pool-520-thread-1] INFO  server.RaftServerConfigKeys (ConfUtils.java:logGet(44)) - raft.server.snapshot.auto.trigger.threshold = 400000 (default)
2022-03-01 02:09:57,595 [pool-520-thread-1] INFO  server.RaftServerConfigKeys (ConfUtils.java:logGet(44)) - raft.server.snapshot.retention.file.num = -1 (default)
2022-03-01 02:09:57,595 [pool-520-thread-1] INFO  server.RaftServerConfigKeys (ConfUtils.java:logGet(44)) - raft.server.log.purge.upto.snapshot.index = true (custom)
2022-03-01 02:09:57,595 [pool-520-thread-1] INFO  server.RaftServerConfigKeys (ConfUtils.java:logGet(44)) - raft.server.retrycache.expirytime = 300s (custom)
2022-03-01 02:09:57,596 [pool-520-thread-1] INFO  server.RaftServerConfigKeys (ConfUtils.java:logGet(44)) - raft.server.retrycache.statistics.expirytime = 100μs (default)
2022-03-01 02:09:57,635 [Listener at 127.0.0.1/35817] INFO  impl.MetricsSystemImpl (MetricsSystemImpl.java:init(158)) - OzoneManager metrics system started (again)
2022-03-01 02:09:57,659 [Listener at 127.0.0.1/35817] INFO  om.OzoneManager (OzoneManager.java:start(1365)) - OzoneManager RPC server is listening at localhost/127.0.0.1:35817
2022-03-01 02:09:57,663 [Listener at 127.0.0.1/35817] INFO  ratis.OzoneManagerRatisServer (OzoneManagerRatisServer.java:start(554)) - Starting OzoneManagerRatisServer om1 at port 9872
2022-03-01 02:09:57,663 [Listener at 127.0.0.1/35817] INFO  server.RaftServer$Division (RaftServerImpl.java:start(301)) - om1@group-C5BA1605619E: start as a follower, conf=-1: [om1|rpc:localhost:9872|priority:0], old=null
2022-03-01 02:09:57,663 [Listener at 127.0.0.1/35817] INFO  server.RaftServer$Division (RaftServerImpl.java:setRole(290)) - om1@group-C5BA1605619E: changes role from      null to FOLLOWER at term 0 for startAsFollower
2022-03-01 02:09:57,664 [Listener at 127.0.0.1/35817] INFO  impl.RoleInfo (RoleInfo.java:updateAndGet(130)) - om1: start om1@group-C5BA1605619E-FollowerState
2022-03-01 02:09:57,664 [Listener at 127.0.0.1/35817] INFO  util.JmxRegister (JmxRegister.java:tryRegister(44)) - Successfully registered JMX Bean with object name Ratis:service=RaftServer,group=group-C5BA1605619E,id=om1
2022-03-01 02:09:57,665 [Listener at 127.0.0.1/35817] INFO  server.RaftServer (RaftServerProxy.java:lambda$start$5(374)) - om1: start RPC server
2022-03-01 02:09:57,665 [Listener at 127.0.0.1/35817] INFO  server.GrpcService (GrpcService.java:startImpl(253)) - om1: GrpcService started, listening on 9872
2022-03-01 02:09:57,666 [Listener at 127.0.0.1/35817] INFO  om.OzoneManager (OzoneManager.java:start(1381)) - Version File has different layout version (0) than OM DB (null). That is expected if this OM has never been finalized to a newer layout version.
2022-03-01 02:09:57,666 [org.apache.ratis.util.JvmPauseMonitor$$Lambda$421/1299661385@298d4230] INFO  util.JvmPauseMonitor (JvmPauseMonitor.java:run(103)) - JvmPauseMonitor-om1: Started
2022-03-01 02:09:57,668 [Listener at 127.0.0.1/35817] INFO  http.BaseHttpServer (BaseHttpServer.java:newHttpServer2BuilderForOzone(209)) - Starting Web-server for ozoneManager at: http://0.0.0.0:0
2022-03-01 02:09:57,668 [Listener at 127.0.0.1/35817] INFO  http.BaseHttpServer (BaseHttpServer.java:<init>(107)) - Hadoop Security Enabled: false Ozone Security Enabled: false Ozone HTTP Security Enabled: false 
2022-03-01 02:09:57,669 [Listener at 127.0.0.1/35817] INFO  server.AuthenticationFilter (AuthenticationFilter.java:constructSecretProvider(240)) - Unable to initialize FileSignerSecretProvider, falling back to use random secrets.
2022-03-01 02:09:57,670 [Listener at 127.0.0.1/35817] WARN  http.HttpRequestLog (HttpRequestLog.java:getRequestLog(103)) - Jetty request log can only be enabled using Log4j
2022-03-01 02:09:57,670 [Listener at 127.0.0.1/35817] INFO  http.HttpServer2 (HttpServer2.java:addGlobalFilter(1030)) - Added global filter 'safety' (class=org.apache.hadoop.hdds.server.http.HttpServer2$QuotingInputFilter)
2022-03-01 02:09:57,671 [Listener at 127.0.0.1/35817] INFO  http.HttpServer2 (HttpServer2.java:addFilter(1006)) - Added filter static_user_filter (class=org.apache.hadoop.http.lib.StaticUserWebFilter$StaticUserFilter) to context ozoneManager
2022-03-01 02:09:57,671 [Listener at 127.0.0.1/35817] INFO  http.HttpServer2 (HttpServer2.java:addFilter(1014)) - Added filter static_user_filter (class=org.apache.hadoop.http.lib.StaticUserWebFilter$StaticUserFilter) to context static
2022-03-01 02:09:57,671 [Listener at 127.0.0.1/35817] INFO  http.HttpServer2 (HttpServer2.java:addFilter(1014)) - Added filter static_user_filter (class=org.apache.hadoop.http.lib.StaticUserWebFilter$StaticUserFilter) to context logs
2022-03-01 02:09:57,672 [Listener at 127.0.0.1/35817] INFO  http.HttpServer2 (HttpServer2.java:bindListener(1249)) - Jetty bound to port 45617
2022-03-01 02:09:57,672 [Listener at 127.0.0.1/35817] INFO  server.Server (Server.java:doStart(375)) - jetty-9.4.43.v20210629; built: 2021-06-30T11:07:22.254Z; git: 526006ecfa3af7f1a27ef3a288e2bef7ea9dd7e8; jvm 1.8.0_322-b06
2022-03-01 02:09:57,775 [Listener at 127.0.0.1/35817] INFO  server.session (DefaultSessionIdManager.java:doStart(334)) - DefaultSessionIdManager workerName=node0
2022-03-01 02:09:57,776 [Listener at 127.0.0.1/35817] INFO  server.session (DefaultSessionIdManager.java:doStart(339)) - No SessionScavenger set, using defaults
2022-03-01 02:09:57,776 [Listener at 127.0.0.1/35817] INFO  server.session (HouseKeeper.java:startScavenging(132)) - node0 Scavenging every 660000ms
2022-03-01 02:09:57,777 [Listener at 127.0.0.1/35817] INFO  handler.ContextHandler (ContextHandler.java:doStart(915)) - Started o.e.j.s.ServletContextHandler@2f506649{logs,/logs,file:///home/runner/work/ozone/ozone/hadoop-ozone/integration-test/target/log,AVAILABLE}
2022-03-01 02:09:57,777 [Listener at 127.0.0.1/35817] INFO  handler.ContextHandler (ContextHandler.java:doStart(915)) - Started o.e.j.s.ServletContextHandler@318be20{static,/static,file:///home/runner/work/ozone/ozone/hadoop-ozone/integration-test/target/test-classes/webapps/static,AVAILABLE}
2022-03-01 02:09:57,781 [Listener at 127.0.0.1/35817] INFO  handler.ContextHandler (ContextHandler.java:doStart(915)) - Started o.e.j.w.WebAppContext@798cb469{ozoneManager,/,file:///home/runner/work/ozone/ozone/hadoop-ozone/integration-test/target/test-classes/webapps/ozoneManager/,AVAILABLE}{file:/home/runner/work/ozone/ozone/hadoop-ozone/integration-test/target/test-classes/webapps/ozoneManager}
2022-03-01 02:09:57,807 [Listener at 127.0.0.1/35817] INFO  server.AbstractConnector (AbstractConnector.java:doStart(331)) - Started ServerConnector@4220fef7{HTTP/1.1, (http/1.1)}{0.0.0.0:45617}
2022-03-01 02:09:57,807 [Listener at 127.0.0.1/35817] INFO  server.Server (Server.java:doStart(415)) - Started @218044ms
2022-03-01 02:09:57,808 [Listener at 127.0.0.1/35817] WARN  impl.MetricsSystemImpl (MetricsSystemImpl.java:register(279)) - Sink prometheus already exists!
2022-03-01 02:09:57,808 [Listener at 127.0.0.1/35817] INFO  http.BaseHttpServer (BaseHttpServer.java:updateConnectorAddress(329)) - HTTP server of ozoneManager listening at http://0.0.0.0:45617
2022-03-01 02:09:57,811 [IPC Server Responder] INFO  ipc.Server (Server.java:run(1507)) - IPC Server Responder: starting
2022-03-01 02:09:57,819 [IPC Server listener on 0] INFO  ipc.Server (Server.java:run(1344)) - IPC Server listener on 0: starting
2022-03-01 02:09:57,877 [Listener at 127.0.0.1/35817] INFO  om.TrashPolicyOzone (TrashPolicyOzone.java:<init>(178)) - Ozone Manager trash configuration: Deletion interval = 0 minutes, Emptier interval = 0 minutes.
2022-03-01 02:09:57,906 [org.apache.hadoop.util.JvmPauseMonitor$Monitor@20f76b7a] INFO  util.JvmPauseMonitor (JvmPauseMonitor.java:run(188)) - Starting JVM pause monitor
2022-03-01 02:09:57,912 [Listener at 127.0.0.1/35817] WARN  impl.MetricRegistriesImpl (MetricRegistriesImpl.java:addReporterRegistration(111)) - New reporters are added after registries were created. Some metrics will be missing from the reporter. Please add reporter before adding any new registry.
2022-03-01 02:09:57,912 [Listener at 127.0.0.1/35817] WARN  impl.MetricRegistriesImpl (MetricRegistriesImpl.java:addReporterRegistration(111)) - New reporters are added after registries were created. Some metrics will be missing from the reporter. Please add reporter before adding any new registry.
2022-03-01 02:09:57,912 [Listener at 127.0.0.1/35817] INFO  impl.MetricsSystemImpl (MetricsSystemImpl.java:init(158)) - HddsDatanode metrics system started (again)
2022-03-01 02:09:57,964 [Listener at 127.0.0.1/35817] INFO  ozone.HddsDatanodeService (HddsDatanodeService.java:start(233)) - HddsDatanodeService host:fv-az294-952.eaanfquahm5ulb5tj050gcxych.jx.internal.cloudapp.net ip:10.1.0.9
2022-03-01 02:09:58,036 [Listener at 127.0.0.1/35817] INFO  upgrade.AbstractLayoutVersionManager (AbstractLayoutVersionManager.java:init(79)) - Initializing Layout version manager with metadata layout = SCM_HA (version = 2), software layout = SCM_HA (version = 2)
2022-03-01 02:09:58,181 [Listener at 127.0.0.1/35817] INFO  reflections.Reflections (Reflections.java:scan(232)) - Reflections took 142 ms to scan 7 urls, producing 122 keys and 286 values 
2022-03-01 02:09:58,191 [Listener at 127.0.0.1/35817] INFO  statemachine.DatanodeStateMachine (DatanodeStateMachine.java:getEndPointTaskThreadPoolSize(222)) - Datanode State Machine Task Thread Pool size 2
2022-03-01 02:09:58,232 [Listener at 127.0.0.1/35817] INFO  volume.HddsVolume (HddsVolume.java:<init>(120)) - Creating HddsVolume: /home/runner/work/ozone/ozone/hadoop-ozone/integration-test/target/test-dir/MiniOzoneClusterImpl-274b8b5e-502f-4f00-85bb-070f9627ef71/datanode-0/data-0/containers/hdds of storage type : DISK capacity : 9223372036854775807
2022-03-01 02:09:58,232 [Listener at 127.0.0.1/35817] INFO  volume.MutableVolumeSet (MutableVolumeSet.java:initializeVolumeSet(168)) - Added Volume : /home/runner/work/ozone/ozone/hadoop-ozone/integration-test/target/test-dir/MiniOzoneClusterImpl-274b8b5e-502f-4f00-85bb-070f9627ef71/datanode-0/data-0/containers/hdds to VolumeSet
2022-03-01 02:09:58,233 [Listener at 127.0.0.1/35817] INFO  volume.ThrottledAsyncChecker (ThrottledAsyncChecker.java:schedule(141)) - Scheduling a check for /home/runner/work/ozone/ozone/hadoop-ozone/integration-test/target/test-dir/MiniOzoneClusterImpl-274b8b5e-502f-4f00-85bb-070f9627ef71/datanode-0/data-0/containers/hdds
2022-03-01 02:09:58,245 [Listener at 127.0.0.1/35817] INFO  volume.StorageVolumeChecker (StorageVolumeChecker.java:checkAllVolumes(202)) - Scheduled health check for volume /home/runner/work/ozone/ozone/hadoop-ozone/integration-test/target/test-dir/MiniOzoneClusterImpl-274b8b5e-502f-4f00-85bb-070f9627ef71/datanode-0/data-0/containers/hdds
2022-03-01 02:09:58,274 [Listener at 127.0.0.1/35817] INFO  volume.MutableVolumeSet (MutableVolumeSet.java:initializeVolumeSet(168)) - Added Volume : /home/runner/work/ozone/ozone/hadoop-ozone/integration-test/target/test-dir/MiniOzoneClusterImpl-274b8b5e-502f-4f00-85bb-070f9627ef71/datanode-0/data/ratis to VolumeSet
2022-03-01 02:09:58,274 [Listener at 127.0.0.1/35817] INFO  volume.ThrottledAsyncChecker (ThrottledAsyncChecker.java:schedule(141)) - Scheduling a check for /home/runner/work/ozone/ozone/hadoop-ozone/integration-test/target/test-dir/MiniOzoneClusterImpl-274b8b5e-502f-4f00-85bb-070f9627ef71/datanode-0/data/ratis
2022-03-01 02:09:58,275 [Listener at 127.0.0.1/35817] INFO  volume.StorageVolumeChecker (StorageVolumeChecker.java:checkAllVolumes(202)) - Scheduled health check for volume /home/runner/work/ozone/ozone/hadoop-ozone/integration-test/target/test-dir/MiniOzoneClusterImpl-274b8b5e-502f-4f00-85bb-070f9627ef71/datanode-0/data/ratis
2022-03-01 02:09:58,352 [Thread-1307] INFO  ozoneimpl.ContainerReader (ContainerReader.java:readVolume(172)) - Finish verifying containers on volume /home/runner/work/ozone/ozone/hadoop-ozone/integration-test/target/test-dir/MiniOzoneClusterImpl-274b8b5e-502f-4f00-85bb-070f9627ef71/datanode-0/data-0/containers/hdds
2022-03-01 02:09:58,352 [Listener at 127.0.0.1/35817] INFO  ozoneimpl.OzoneContainer (OzoneContainer.java:buildContainerSet(257)) - Build ContainerSet costs 0s
2022-03-01 02:09:58,354 [Listener at 127.0.0.1/35817] INFO  server.RaftServer (ConfUtils.java:logGet(44)) - raft.rpc.type = GRPC (default)
2022-03-01 02:09:58,355 [Listener at 127.0.0.1/35817] INFO  grpc.GrpcFactory (GrpcFactory.java:checkPooledByteBufAllocatorUseCacheForAllThreads(48)) - PERFORMANCE WARNING: useCacheForAllThreads is true that may cause Netty to create a lot garbage objects and, as a result, trigger GC.
	It is recommended to disable useCacheForAllThreads by setting -Dorg.apache.ratis.thirdparty.io.netty.allocator.useCacheForAllThreads=false in command line.
2022-03-01 02:09:58,355 [Listener at 127.0.0.1/35817] INFO  grpc.GrpcConfigKeys (ConfUtils.java:logGet(44)) - raft.grpc.admin.port = 0 (custom)
2022-03-01 02:09:58,355 [Listener at 127.0.0.1/35817] INFO  grpc.GrpcConfigKeys (ConfUtils.java:logGet(44)) - raft.grpc.client.port = 0 (custom)
2022-03-01 02:09:58,355 [Listener at 127.0.0.1/35817] INFO  grpc.GrpcConfigKeys (ConfUtils.java:logGet(44)) - raft.grpc.server.port = 0 (default)
2022-03-01 02:09:58,355 [Listener at 127.0.0.1/35817] INFO  server.GrpcService (ConfUtils.java:logGet(44)) - raft.grpc.message.size.max = 32MB (=33554432) (custom)
2022-03-01 02:09:58,355 [Listener at 127.0.0.1/35817] INFO  server.RaftServerConfigKeys (ConfUtils.java:logGet(44)) - raft.server.log.appender.buffer.byte-limit = 33554432 (custom)
2022-03-01 02:09:58,355 [Listener at 127.0.0.1/35817] INFO  server.GrpcService (ConfUtils.java:logGet(44)) - raft.grpc.flow.control.window = 5MB (=5242880) (custom)
2022-03-01 02:09:58,356 [Listener at 127.0.0.1/35817] INFO  server.RaftServerConfigKeys (ConfUtils.java:logGet(44)) - raft.server.rpc.request.timeout = 60s (custom)
2022-03-01 02:09:58,357 [Listener at 127.0.0.1/35817] INFO  impl.DataStreamServerImpl (ConfUtils.java:logGet(44)) - raft.datastream.type = DISABLED (default)
2022-03-01 02:09:58,363 [Listener at 127.0.0.1/35817] INFO  server.RaftServerConfigKeys (ConfUtils.java:logGet(44)) - raft.server.rpc.slowness.timeout = 300s (custom)
2022-03-01 02:09:58,371 [Listener at 127.0.0.1/35817] INFO  server.RaftServerConfigKeys (ConfUtils.java:logGet(44)) - raft.server.leaderelection.leader.step-down.wait-time = 10s (default)
2022-03-01 02:09:58,371 [Listener at 127.0.0.1/35817] INFO  server.RaftServerConfigKeys (ConfUtils.java:logGet(44)) - raft.server.storage.dir = [/home/runner/work/ozone/ozone/hadoop-ozone/integration-test/target/test-dir/MiniOzoneClusterImpl-274b8b5e-502f-4f00-85bb-070f9627ef71/datanode-0/data/ratis] (custom)
2022-03-01 02:09:58,372 [Listener at 127.0.0.1/35817] INFO  server.XceiverServerGrpc (XceiverServerGrpc.java:<init>(132)) - GrpcServer channel type EpollServerSocketChannel
2022-03-01 02:09:58,392 [Listener at 127.0.0.1/35817] INFO  http.BaseHttpServer (BaseHttpServer.java:newHttpServer2BuilderForOzone(209)) - Starting Web-server for hddsDatanode at: http://0.0.0.0:0
2022-03-01 02:09:58,392 [Listener at 127.0.0.1/35817] INFO  http.BaseHttpServer (BaseHttpServer.java:<init>(107)) - Hadoop Security Enabled: false Ozone Security Enabled: false Ozone HTTP Security Enabled: false 
2022-03-01 02:09:58,393 [Listener at 127.0.0.1/35817] INFO  server.AuthenticationFilter (AuthenticationFilter.java:constructSecretProvider(240)) - Unable to initialize FileSignerSecretProvider, falling back to use random secrets.
2022-03-01 02:09:58,414 [Listener at 127.0.0.1/35817] WARN  http.HttpRequestLog (HttpRequestLog.java:getRequestLog(103)) - Jetty request log can only be enabled using Log4j
2022-03-01 02:09:58,415 [Listener at 127.0.0.1/35817] INFO  http.HttpServer2 (HttpServer2.java:addGlobalFilter(1030)) - Added global filter 'safety' (class=org.apache.hadoop.hdds.server.http.HttpServer2$QuotingInputFilter)
2022-03-01 02:09:58,415 [Listener at 127.0.0.1/35817] INFO  http.HttpServer2 (HttpServer2.java:addFilter(1006)) - Added filter static_user_filter (class=org.apache.hadoop.http.lib.StaticUserWebFilter$StaticUserFilter) to context hddsDatanode
2022-03-01 02:09:58,416 [Listener at 127.0.0.1/35817] INFO  http.HttpServer2 (HttpServer2.java:addFilter(1014)) - Added filter static_user_filter (class=org.apache.hadoop.http.lib.StaticUserWebFilter$StaticUserFilter) to context static
2022-03-01 02:09:58,416 [Listener at 127.0.0.1/35817] INFO  http.HttpServer2 (HttpServer2.java:addFilter(1014)) - Added filter static_user_filter (class=org.apache.hadoop.http.lib.StaticUserWebFilter$StaticUserFilter) to context logs
2022-03-01 02:09:58,416 [Listener at 127.0.0.1/35817] INFO  http.HttpServer2 (HttpServer2.java:bindListener(1249)) - Jetty bound to port 38633
2022-03-01 02:09:58,416 [Listener at 127.0.0.1/35817] INFO  server.Server (Server.java:doStart(375)) - jetty-9.4.43.v20210629; built: 2021-06-30T11:07:22.254Z; git: 526006ecfa3af7f1a27ef3a288e2bef7ea9dd7e8; jvm 1.8.0_322-b06
2022-03-01 02:09:58,453 [Listener at 127.0.0.1/35817] INFO  server.session (DefaultSessionIdManager.java:doStart(334)) - DefaultSessionIdManager workerName=node0
2022-03-01 02:09:58,453 [Listener at 127.0.0.1/35817] INFO  server.session (DefaultSessionIdManager.java:doStart(339)) - No SessionScavenger set, using defaults
2022-03-01 02:09:58,453 [Listener at 127.0.0.1/35817] INFO  server.session (HouseKeeper.java:startScavenging(132)) - node0 Scavenging every 600000ms
2022-03-01 02:09:58,460 [Listener at 127.0.0.1/35817] INFO  handler.ContextHandler (ContextHandler.java:doStart(915)) - Started o.e.j.s.ServletContextHandler@4d097e4e{logs,/logs,file:///home/runner/work/ozone/ozone/hadoop-ozone/integration-test/target/log,AVAILABLE}
2022-03-01 02:09:58,460 [Listener at 127.0.0.1/35817] INFO  handler.ContextHandler (ContextHandler.java:doStart(915)) - Started o.e.j.s.ServletContextHandler@26f8e09e{static,/static,jar:file:/home/runner/.m2/repository/org/apache/ozone/hdds-container-service/1.3.0-SNAPSHOT/hdds-container-service-1.3.0-SNAPSHOT.jar!/webapps/static,AVAILABLE}
2022-03-01 02:09:58,638 [Listener at 127.0.0.1/35817] INFO  handler.ContextHandler (ContextHandler.java:doStart(915)) - Started o.e.j.w.WebAppContext@67d587fe{hddsDatanode,/,file:///tmp/jetty-0_0_0_0-38633-hdds-container-service-1_3_0-SNAPSHOT_jar-_-any-4500698396651760251/webapp/,AVAILABLE}{jar:file:/home/runner/.m2/repository/org/apache/ozone/hdds-container-service/1.3.0-SNAPSHOT/hdds-container-service-1.3.0-SNAPSHOT.jar!/webapps/hddsDatanode}
2022-03-01 02:09:58,640 [Listener at 127.0.0.1/35817] INFO  server.AbstractConnector (AbstractConnector.java:doStart(331)) - Started ServerConnector@7cd1d235{HTTP/1.1, (http/1.1)}{0.0.0.0:38633}
2022-03-01 02:09:58,640 [Listener at 127.0.0.1/35817] INFO  server.Server (Server.java:doStart(415)) - Started @218877ms
2022-03-01 02:09:58,641 [Listener at 127.0.0.1/35817] WARN  impl.MetricsSystemImpl (MetricsSystemImpl.java:register(279)) - Sink prometheus already exists!
2022-03-01 02:09:58,663 [Listener at 127.0.0.1/35817] INFO  http.BaseHttpServer (BaseHttpServer.java:updateConnectorAddress(329)) - HTTP server of hddsDatanode listening at http://0.0.0.0:38633
2022-03-01 02:09:58,664 [Listener at 127.0.0.1/35817] WARN  impl.MetricRegistriesImpl (MetricRegistriesImpl.java:addReporterRegistration(111)) - New reporters are added after registries were created. Some metrics will be missing from the reporter. Please add reporter before adding any new registry.
2022-03-01 02:09:58,664 [Listener at 127.0.0.1/35817] WARN  impl.MetricRegistriesImpl (MetricRegistriesImpl.java:addReporterRegistration(111)) - New reporters are added after registries were created. Some metrics will be missing from the reporter. Please add reporter before adding any new registry.
2022-03-01 02:09:58,664 [Listener at 127.0.0.1/35817] INFO  impl.MetricsSystemImpl (MetricsSystemImpl.java:init(158)) - HddsDatanode metrics system started (again)
2022-03-01 02:09:58,675 [Datanode State Machine Daemon Thread] INFO  statemachine.DatanodeStateMachine (DatanodeStateMachine.java:lambda$startDaemon$0(470)) - Ozone container server started.
2022-03-01 02:09:58,711 [Listener at 127.0.0.1/35817] INFO  ozone.HddsDatanodeService (HddsDatanodeService.java:start(233)) - HddsDatanodeService host:fv-az294-952.eaanfquahm5ulb5tj050gcxych.jx.internal.cloudapp.net ip:10.1.0.9
2022-03-01 02:09:58,793 [om1@group-C5BA1605619E-FollowerState] INFO  impl.FollowerState (FollowerState.java:run(134)) - om1@group-C5BA1605619E-FollowerState: change to CANDIDATE, lastRpcElapsedTime:1129242404ns, electionTimeout:1128ms
2022-03-01 02:09:58,793 [om1@group-C5BA1605619E-FollowerState] INFO  impl.RoleInfo (RoleInfo.java:shutdownFollowerState(108)) - om1: shutdown om1@group-C5BA1605619E-FollowerState
2022-03-01 02:09:58,793 [om1@group-C5BA1605619E-FollowerState] INFO  server.RaftServer$Division (RaftServerImpl.java:setRole(290)) - om1@group-C5BA1605619E: changes role from  FOLLOWER to CANDIDATE at term 0 for changeToCandidate
2022-03-01 02:09:58,796 [Listener at 127.0.0.1/35817] INFO  upgrade.AbstractLayoutVersionManager (AbstractLayoutVersionManager.java:init(79)) - Initializing Layout version manager with metadata layout = SCM_HA (version = 2), software layout = SCM_HA (version = 2)
2022-03-01 02:09:58,811 [om1@group-C5BA1605619E-FollowerState] INFO  server.RaftServerConfigKeys (ConfUtils.java:logGet(44)) - raft.server.leaderelection.pre-vote = false (custom)
2022-03-01 02:09:58,811 [om1@group-C5BA1605619E-FollowerState] INFO  impl.RoleInfo (RoleInfo.java:updateAndGet(130)) - om1: start om1@group-C5BA1605619E-LeaderElection57
2022-03-01 02:09:58,811 [org.apache.hadoop.util.JvmPauseMonitor$Monitor@7723fe63] INFO  util.JvmPauseMonitor (JvmPauseMonitor.java:run(188)) - Starting JVM pause monitor
2022-03-01 02:09:58,832 [om1@group-C5BA1605619E-LeaderElection57] INFO  impl.LeaderElection (LeaderElection.java:askForVotes(306)) - om1@group-C5BA1605619E-LeaderElection57 ELECTION round 0: submit vote requests at term 1 for -1: [om1|rpc:localhost:9872|priority:0], old=null
2022-03-01 02:09:58,832 [om1@group-C5BA1605619E-LeaderElection57] INFO  impl.LeaderElection (LeaderElection.java:askForVotes(308)) - om1@group-C5BA1605619E-LeaderElection57 ELECTION round 0: result PASSED (term=1)
2022-03-01 02:09:58,832 [om1@group-C5BA1605619E-LeaderElection57] INFO  impl.RoleInfo (RoleInfo.java:shutdownLeaderElection(121)) - om1: shutdown om1@group-C5BA1605619E-LeaderElection57
2022-03-01 02:09:58,832 [om1@group-C5BA1605619E-LeaderElection57] INFO  server.RaftServer$Division (RaftServerImpl.java:setRole(290)) - om1@group-C5BA1605619E: changes role from CANDIDATE to LEADER at term 1 for changeToLeader
2022-03-01 02:09:58,832 [om1@group-C5BA1605619E-LeaderElection57] INFO  server.RaftServer$Division (ServerState.java:setLeader(285)) - om1@group-C5BA1605619E: change Leader from null to om1 at term 1 for becomeLeader, leader elected after 1260ms
2022-03-01 02:09:58,832 [om1@group-C5BA1605619E-LeaderElection57] INFO  server.RaftServerConfigKeys (ConfUtils.java:logGet(44)) - raft.server.staging.catchup.gap = 1000 (default)
2022-03-01 02:09:58,832 [om1@group-C5BA1605619E-LeaderElection57] INFO  server.RaftServerConfigKeys (ConfUtils.java:logGet(44)) - raft.server.write.element-limit = 4096 (default)
2022-03-01 02:09:58,832 [om1@group-C5BA1605619E-LeaderElection57] INFO  server.RaftServerConfigKeys (ConfUtils.java:logGet(44)) - raft.server.write.byte-limit = 64MB (=67108864) (default)
2022-03-01 02:09:58,832 [om1@group-C5BA1605619E-LeaderElection57] INFO  server.RaftServerConfigKeys (ConfUtils.java:logGet(44)) - raft.server.watch.timeout = 10s (default)
2022-03-01 02:09:58,832 [om1@group-C5BA1605619E-LeaderElection57] INFO  server.RaftServerConfigKeys (ConfUtils.java:logGet(44)) - raft.server.watch.timeout.denomination = 1s (default)
2022-03-01 02:09:58,832 [om1@group-C5BA1605619E-LeaderElection57] INFO  server.RaftServerConfigKeys (ConfUtils.java:logGet(44)) - raft.server.watch.element-limit = 65536 (default)
2022-03-01 02:09:58,832 [om1@group-C5BA1605619E-LeaderElection57] INFO  server.RaftServerConfigKeys (ConfUtils.java:logGet(44)) - raft.server.write.element-limit = 4096 (default)
2022-03-01 02:09:58,833 [om1@group-C5BA1605619E-LeaderElection57] INFO  server.RaftServerConfigKeys (ConfUtils.java:logGet(44)) - raft.server.write.follower.gap.ratio.max = -1.0 (default)
2022-03-01 02:09:58,833 [om1@group-C5BA1605619E-LeaderElection57] INFO  impl.RoleInfo (RoleInfo.java:updateAndGet(130)) - om1: start om1@group-C5BA1605619E-LeaderStateImpl
2022-03-01 02:09:58,833 [om1@group-C5BA1605619E-LeaderElection57] INFO  segmented.SegmentedRaftLogWorker (SegmentedRaftLogWorker.java:startLogSegment(394)) - om1@group-C5BA1605619E-SegmentedRaftLogWorker: Starting segment from index:0
2022-03-01 02:09:58,846 [om1@group-C5BA1605619E-SegmentedRaftLogWorker] INFO  segmented.SegmentedRaftLogWorker (SegmentedRaftLogWorker.java:execute(601)) - om1@group-C5BA1605619E-SegmentedRaftLogWorker: created new log segment /home/runner/work/ozone/ozone/hadoop-ozone/integration-test/target/test-dir/MiniOzoneClusterImpl-274b8b5e-502f-4f00-85bb-070f9627ef71/ozone-meta/ratis/bf265839-605b-3f16-9796-c5ba1605619e/current/log_inprogress_0
2022-03-01 02:09:58,846 [Datanode State Machine Task Thread - 0] INFO  datanode.InitDatanodeState (InitDatanodeState.java:persistContainerDatanodeDetails(138)) - DatanodeDetails is persisted to /home/runner/work/ozone/ozone/hadoop-ozone/integration-test/target/test-dir/MiniOzoneClusterImpl-274b8b5e-502f-4f00-85bb-070f9627ef71/datanode-0/meta/datanode.id
2022-03-01 02:09:58,846 [om1@group-C5BA1605619E-LeaderElection57] INFO  server.RaftServer$Division (ServerState.java:setRaftConf(387)) - om1@group-C5BA1605619E: set configuration 0: [om1|rpc:localhost:9872|admin:|client:|dataStream:|priority:0], old=null
2022-03-01 02:09:58,876 [om1@group-C5BA1605619E-StateMachineUpdater] INFO  ratis.OzoneManagerStateMachine (OzoneManagerStateMachine.java:notifyConfigurationChanged(188)) - Received Configuration change notification from Ratis. New Peer list:
[id: "om1"
address: "localhost:9872"
]
2022-03-01 02:09:58,921 [Listener at 127.0.0.1/35817] INFO  reflections.Reflections (Reflections.java:scan(232)) - Reflections took 124 ms to scan 7 urls, producing 122 keys and 286 values 
2022-03-01 02:09:58,922 [Listener at 127.0.0.1/35817] INFO  statemachine.DatanodeStateMachine (DatanodeStateMachine.java:getEndPointTaskThreadPoolSize(222)) - Datanode State Machine Task Thread Pool size 2
2022-03-01 02:09:58,960 [Listener at 127.0.0.1/35817] INFO  volume.HddsVolume (HddsVolume.java:<init>(120)) - Creating HddsVolume: /home/runner/work/ozone/ozone/hadoop-ozone/integration-test/target/test-dir/MiniOzoneClusterImpl-274b8b5e-502f-4f00-85bb-070f9627ef71/datanode-1/data-0/containers/hdds of storage type : DISK capacity : 9223372036854775807
2022-03-01 02:09:58,960 [Listener at 127.0.0.1/35817] INFO  volume.MutableVolumeSet (MutableVolumeSet.java:initializeVolumeSet(168)) - Added Volume : /home/runner/work/ozone/ozone/hadoop-ozone/integration-test/target/test-dir/MiniOzoneClusterImpl-274b8b5e-502f-4f00-85bb-070f9627ef71/datanode-1/data-0/containers/hdds to VolumeSet
2022-03-01 02:09:58,960 [Listener at 127.0.0.1/35817] INFO  volume.ThrottledAsyncChecker (ThrottledAsyncChecker.java:schedule(141)) - Scheduling a check for /home/runner/work/ozone/ozone/hadoop-ozone/integration-test/target/test-dir/MiniOzoneClusterImpl-274b8b5e-502f-4f00-85bb-070f9627ef71/datanode-1/data-0/containers/hdds
2022-03-01 02:09:58,961 [Listener at 127.0.0.1/35817] INFO  volume.StorageVolumeChecker (StorageVolumeChecker.java:checkAllVolumes(202)) - Scheduled health check for volume /home/runner/work/ozone/ozone/hadoop-ozone/integration-test/target/test-dir/MiniOzoneClusterImpl-274b8b5e-502f-4f00-85bb-070f9627ef71/datanode-1/data-0/containers/hdds
2022-03-01 02:09:58,974 [Listener at 127.0.0.1/35817] INFO  volume.MutableVolumeSet (MutableVolumeSet.java:initializeVolumeSet(168)) - Added Volume : /home/runner/work/ozone/ozone/hadoop-ozone/integration-test/target/test-dir/MiniOzoneClusterImpl-274b8b5e-502f-4f00-85bb-070f9627ef71/datanode-1/data/ratis to VolumeSet
2022-03-01 02:09:58,974 [Listener at 127.0.0.1/35817] INFO  volume.ThrottledAsyncChecker (ThrottledAsyncChecker.java:schedule(141)) - Scheduling a check for /home/runner/work/ozone/ozone/hadoop-ozone/integration-test/target/test-dir/MiniOzoneClusterImpl-274b8b5e-502f-4f00-85bb-070f9627ef71/datanode-1/data/ratis
2022-03-01 02:09:58,974 [Listener at 127.0.0.1/35817] INFO  volume.StorageVolumeChecker (StorageVolumeChecker.java:checkAllVolumes(202)) - Scheduled health check for volume /home/runner/work/ozone/ozone/hadoop-ozone/integration-test/target/test-dir/MiniOzoneClusterImpl-274b8b5e-502f-4f00-85bb-070f9627ef71/datanode-1/data/ratis
2022-03-01 02:09:59,044 [Thread-1321] INFO  ozoneimpl.ContainerReader (ContainerReader.java:readVolume(172)) - Finish verifying containers on volume /home/runner/work/ozone/ozone/hadoop-ozone/integration-test/target/test-dir/MiniOzoneClusterImpl-274b8b5e-502f-4f00-85bb-070f9627ef71/datanode-1/data-0/containers/hdds
2022-03-01 02:09:59,044 [Listener at 127.0.0.1/35817] INFO  ozoneimpl.OzoneContainer (OzoneContainer.java:buildContainerSet(257)) - Build ContainerSet costs 0s
2022-03-01 02:09:59,049 [Listener at 127.0.0.1/35817] INFO  server.RaftServer (ConfUtils.java:logGet(44)) - raft.rpc.type = GRPC (default)
2022-03-01 02:09:59,049 [Listener at 127.0.0.1/35817] INFO  grpc.GrpcFactory (GrpcFactory.java:checkPooledByteBufAllocatorUseCacheForAllThreads(48)) - PERFORMANCE WARNING: useCacheForAllThreads is true that may cause Netty to create a lot garbage objects and, as a result, trigger GC.
	It is recommended to disable useCacheForAllThreads by setting -Dorg.apache.ratis.thirdparty.io.netty.allocator.useCacheForAllThreads=false in command line.
2022-03-01 02:09:59,050 [Listener at 127.0.0.1/35817] INFO  grpc.GrpcConfigKeys (ConfUtils.java:logGet(44)) - raft.grpc.admin.port = 0 (custom)
2022-03-01 02:09:59,055 [Listener at 127.0.0.1/35817] INFO  grpc.GrpcConfigKeys (ConfUtils.java:logGet(44)) - raft.grpc.client.port = 0 (custom)
2022-03-01 02:09:59,055 [Listener at 127.0.0.1/35817] INFO  grpc.GrpcConfigKeys (ConfUtils.java:logGet(44)) - raft.grpc.server.port = 0 (default)
2022-03-01 02:09:59,055 [Listener at 127.0.0.1/35817] INFO  server.GrpcService (ConfUtils.java:logGet(44)) - raft.grpc.message.size.max = 32MB (=33554432) (custom)
2022-03-01 02:09:59,056 [Listener at 127.0.0.1/35817] INFO  server.RaftServerConfigKeys (ConfUtils.java:logGet(44)) - raft.server.log.appender.buffer.byte-limit = 33554432 (custom)
2022-03-01 02:09:59,056 [Listener at 127.0.0.1/35817] INFO  server.GrpcService (ConfUtils.java:logGet(44)) - raft.grpc.flow.control.window = 5MB (=5242880) (custom)
2022-03-01 02:09:59,056 [Listener at 127.0.0.1/35817] INFO  server.RaftServerConfigKeys (ConfUtils.java:logGet(44)) - raft.server.rpc.request.timeout = 60s (custom)
2022-03-01 02:09:59,057 [Listener at 127.0.0.1/35817] INFO  impl.DataStreamServerImpl (ConfUtils.java:logGet(44)) - raft.datastream.type = DISABLED (default)
2022-03-01 02:09:59,057 [Listener at 127.0.0.1/35817] INFO  server.RaftServerConfigKeys (ConfUtils.java:logGet(44)) - raft.server.rpc.slowness.timeout = 300s (custom)
2022-03-01 02:09:59,057 [Listener at 127.0.0.1/35817] INFO  server.RaftServerConfigKeys (ConfUtils.java:logGet(44)) - raft.server.leaderelection.leader.step-down.wait-time = 10s (default)
2022-03-01 02:09:59,058 [Listener at 127.0.0.1/35817] INFO  server.RaftServerConfigKeys (ConfUtils.java:logGet(44)) - raft.server.storage.dir = [/home/runner/work/ozone/ozone/hadoop-ozone/integration-test/target/test-dir/MiniOzoneClusterImpl-274b8b5e-502f-4f00-85bb-070f9627ef71/datanode-1/data/ratis] (custom)
2022-03-01 02:09:59,059 [Listener at 127.0.0.1/35817] INFO  server.XceiverServerGrpc (XceiverServerGrpc.java:<init>(132)) - GrpcServer channel type EpollServerSocketChannel
2022-03-01 02:09:59,109 [Listener at 127.0.0.1/35817] INFO  http.BaseHttpServer (BaseHttpServer.java:newHttpServer2BuilderForOzone(209)) - Starting Web-server for hddsDatanode at: http://0.0.0.0:0
2022-03-01 02:09:59,110 [Listener at 127.0.0.1/35817] INFO  http.BaseHttpServer (BaseHttpServer.java:<init>(107)) - Hadoop Security Enabled: false Ozone Security Enabled: false Ozone HTTP Security Enabled: false 
2022-03-01 02:09:59,111 [Listener at 127.0.0.1/35817] INFO  server.AuthenticationFilter (AuthenticationFilter.java:constructSecretProvider(240)) - Unable to initialize FileSignerSecretProvider, falling back to use random secrets.
2022-03-01 02:09:59,116 [Listener at 127.0.0.1/35817] WARN  http.HttpRequestLog (HttpRequestLog.java:getRequestLog(103)) - Jetty request log can only be enabled using Log4j
2022-03-01 02:09:59,128 [Listener at 127.0.0.1/35817] INFO  http.HttpServer2 (HttpServer2.java:addGlobalFilter(1030)) - Added global filter 'safety' (class=org.apache.hadoop.hdds.server.http.HttpServer2$QuotingInputFilter)
2022-03-01 02:09:59,128 [Listener at 127.0.0.1/35817] INFO  http.HttpServer2 (HttpServer2.java:addFilter(1006)) - Added filter static_user_filter (class=org.apache.hadoop.http.lib.StaticUserWebFilter$StaticUserFilter) to context hddsDatanode
2022-03-01 02:09:59,129 [Listener at 127.0.0.1/35817] INFO  http.HttpServer2 (HttpServer2.java:addFilter(1014)) - Added filter static_user_filter (class=org.apache.hadoop.http.lib.StaticUserWebFilter$StaticUserFilter) to context static
2022-03-01 02:09:59,129 [Listener at 127.0.0.1/35817] INFO  http.HttpServer2 (HttpServer2.java:addFilter(1014)) - Added filter static_user_filter (class=org.apache.hadoop.http.lib.StaticUserWebFilter$StaticUserFilter) to context logs
2022-03-01 02:09:59,129 [Listener at 127.0.0.1/35817] INFO  http.HttpServer2 (HttpServer2.java:bindListener(1249)) - Jetty bound to port 42747
2022-03-01 02:09:59,129 [Listener at 127.0.0.1/35817] INFO  server.Server (Server.java:doStart(375)) - jetty-9.4.43.v20210629; built: 2021-06-30T11:07:22.254Z; git: 526006ecfa3af7f1a27ef3a288e2bef7ea9dd7e8; jvm 1.8.0_322-b06
2022-03-01 02:09:59,148 [Listener at 127.0.0.1/35817] INFO  server.session (DefaultSessionIdManager.java:doStart(334)) - DefaultSessionIdManager workerName=node0
2022-03-01 02:09:59,148 [Listener at 127.0.0.1/35817] INFO  server.session (DefaultSessionIdManager.java:doStart(339)) - No SessionScavenger set, using defaults
2022-03-01 02:09:59,149 [Listener at 127.0.0.1/35817] INFO  server.session (HouseKeeper.java:startScavenging(132)) - node0 Scavenging every 660000ms
2022-03-01 02:09:59,150 [Listener at 127.0.0.1/35817] INFO  handler.ContextHandler (ContextHandler.java:doStart(915)) - Started o.e.j.s.ServletContextHandler@56fa0c64{logs,/logs,file:///home/runner/work/ozone/ozone/hadoop-ozone/integration-test/target/log,AVAILABLE}
2022-03-01 02:09:59,150 [Listener at 127.0.0.1/35817] INFO  handler.ContextHandler (ContextHandler.java:doStart(915)) - Started o.e.j.s.ServletContextHandler@4acca518{static,/static,jar:file:/home/runner/.m2/repository/org/apache/ozone/hdds-container-service/1.3.0-SNAPSHOT/hdds-container-service-1.3.0-SNAPSHOT.jar!/webapps/static,AVAILABLE}
2022-03-01 02:09:59,268 [Listener at 127.0.0.1/35817] INFO  handler.ContextHandler (ContextHandler.java:doStart(915)) - Started o.e.j.w.WebAppContext@1bfc6174{hddsDatanode,/,file:///tmp/jetty-0_0_0_0-42747-hdds-container-service-1_3_0-SNAPSHOT_jar-_-any-6813719946646535590/webapp/,AVAILABLE}{jar:file:/home/runner/.m2/repository/org/apache/ozone/hdds-container-service/1.3.0-SNAPSHOT/hdds-container-service-1.3.0-SNAPSHOT.jar!/webapps/hddsDatanode}
2022-03-01 02:09:59,290 [Listener at 127.0.0.1/35817] INFO  server.AbstractConnector (AbstractConnector.java:doStart(331)) - Started ServerConnector@54b8570a{HTTP/1.1, (http/1.1)}{0.0.0.0:42747}
2022-03-01 02:09:59,290 [Listener at 127.0.0.1/35817] INFO  server.Server (Server.java:doStart(415)) - Started @219526ms
2022-03-01 02:09:59,291 [Listener at 127.0.0.1/35817] WARN  impl.MetricsSystemImpl (MetricsSystemImpl.java:register(279)) - Sink prometheus already exists!
2022-03-01 02:09:59,292 [Listener at 127.0.0.1/35817] INFO  http.BaseHttpServer (BaseHttpServer.java:updateConnectorAddress(329)) - HTTP server of hddsDatanode listening at http://0.0.0.0:42747
2022-03-01 02:09:59,296 [Listener at 127.0.0.1/35817] WARN  impl.MetricRegistriesImpl (MetricRegistriesImpl.java:addReporterRegistration(111)) - New reporters are added after registries were created. Some metrics will be missing from the reporter. Please add reporter before adding any new registry.
2022-03-01 02:09:59,297 [Listener at 127.0.0.1/35817] WARN  impl.MetricRegistriesImpl (MetricRegistriesImpl.java:addReporterRegistration(111)) - New reporters are added after registries were created. Some metrics will be missing from the reporter. Please add reporter before adding any new registry.
2022-03-01 02:09:59,297 [Listener at 127.0.0.1/35817] INFO  impl.MetricsSystemImpl (MetricsSystemImpl.java:init(158)) - HddsDatanode metrics system started (again)
2022-03-01 02:09:59,307 [Datanode State Machine Daemon Thread] INFO  statemachine.DatanodeStateMachine (DatanodeStateMachine.java:lambda$startDaemon$0(470)) - Ozone container server started.
2022-03-01 02:09:59,351 [org.apache.hadoop.util.JvmPauseMonitor$Monitor@66d74af0] INFO  util.JvmPauseMonitor (JvmPauseMonitor.java:run(188)) - Starting JVM pause monitor
2022-03-01 02:09:59,365 [Datanode State Machine Task Thread - 0] INFO  datanode.InitDatanodeState (InitDatanodeState.java:persistContainerDatanodeDetails(138)) - DatanodeDetails is persisted to /home/runner/work/ozone/ozone/hadoop-ozone/integration-test/target/test-dir/MiniOzoneClusterImpl-274b8b5e-502f-4f00-85bb-070f9627ef71/datanode-1/meta/datanode.id
2022-03-01 02:09:59,369 [Listener at 127.0.0.1/35817] INFO  ozone.HddsDatanodeService (HddsDatanodeService.java:start(233)) - HddsDatanodeService host:fv-az294-952.eaanfquahm5ulb5tj050gcxych.jx.internal.cloudapp.net ip:10.1.0.9
2022-03-01 02:09:59,398 [Listener at 127.0.0.1/35817] INFO  upgrade.AbstractLayoutVersionManager (AbstractLayoutVersionManager.java:init(79)) - Initializing Layout version manager with metadata layout = SCM_HA (version = 2), software layout = SCM_HA (version = 2)
2022-03-01 02:09:59,491 [Listener at 127.0.0.1/35817] INFO  reflections.Reflections (Reflections.java:scan(232)) - Reflections took 92 ms to scan 7 urls, producing 122 keys and 286 values 
2022-03-01 02:09:59,505 [Listener at 127.0.0.1/35817] INFO  statemachine.DatanodeStateMachine (DatanodeStateMachine.java:getEndPointTaskThreadPoolSize(222)) - Datanode State Machine Task Thread Pool size 2
2022-03-01 02:09:59,506 [Listener at 127.0.0.1/35817] INFO  volume.HddsVolume (HddsVolume.java:<init>(120)) - Creating HddsVolume: /home/runner/work/ozone/ozone/hadoop-ozone/integration-test/target/test-dir/MiniOzoneClusterImpl-274b8b5e-502f-4f00-85bb-070f9627ef71/datanode-2/data-0/containers/hdds of storage type : DISK capacity : 9223372036854775807
2022-03-01 02:09:59,507 [Listener at 127.0.0.1/35817] INFO  volume.MutableVolumeSet (MutableVolumeSet.java:initializeVolumeSet(168)) - Added Volume : /home/runner/work/ozone/ozone/hadoop-ozone/integration-test/target/test-dir/MiniOzoneClusterImpl-274b8b5e-502f-4f00-85bb-070f9627ef71/datanode-2/data-0/containers/hdds to VolumeSet
2022-03-01 02:09:59,507 [Listener at 127.0.0.1/35817] INFO  volume.ThrottledAsyncChecker (ThrottledAsyncChecker.java:schedule(141)) - Scheduling a check for /home/runner/work/ozone/ozone/hadoop-ozone/integration-test/target/test-dir/MiniOzoneClusterImpl-274b8b5e-502f-4f00-85bb-070f9627ef71/datanode-2/data-0/containers/hdds
2022-03-01 02:09:59,507 [Listener at 127.0.0.1/35817] INFO  volume.StorageVolumeChecker (StorageVolumeChecker.java:checkAllVolumes(202)) - Scheduled health check for volume /home/runner/work/ozone/ozone/hadoop-ozone/integration-test/target/test-dir/MiniOzoneClusterImpl-274b8b5e-502f-4f00-85bb-070f9627ef71/datanode-2/data-0/containers/hdds
2022-03-01 02:09:59,550 [Listener at 127.0.0.1/35817] INFO  volume.MutableVolumeSet (MutableVolumeSet.java:initializeVolumeSet(168)) - Added Volume : /home/runner/work/ozone/ozone/hadoop-ozone/integration-test/target/test-dir/MiniOzoneClusterImpl-274b8b5e-502f-4f00-85bb-070f9627ef71/datanode-2/data/ratis to VolumeSet
2022-03-01 02:09:59,550 [Listener at 127.0.0.1/35817] INFO  volume.ThrottledAsyncChecker (ThrottledAsyncChecker.java:schedule(141)) - Scheduling a check for /home/runner/work/ozone/ozone/hadoop-ozone/integration-test/target/test-dir/MiniOzoneClusterImpl-274b8b5e-502f-4f00-85bb-070f9627ef71/datanode-2/data/ratis
2022-03-01 02:09:59,551 [Listener at 127.0.0.1/35817] INFO  volume.StorageVolumeChecker (StorageVolumeChecker.java:checkAllVolumes(202)) - Scheduled health check for volume /home/runner/work/ozone/ozone/hadoop-ozone/integration-test/target/test-dir/MiniOzoneClusterImpl-274b8b5e-502f-4f00-85bb-070f9627ef71/datanode-2/data/ratis
2022-03-01 02:09:59,596 [Thread-1333] INFO  ozoneimpl.ContainerReader (ContainerReader.java:readVolume(172)) - Finish verifying containers on volume /home/runner/work/ozone/ozone/hadoop-ozone/integration-test/target/test-dir/MiniOzoneClusterImpl-274b8b5e-502f-4f00-85bb-070f9627ef71/datanode-2/data-0/containers/hdds
2022-03-01 02:09:59,596 [Listener at 127.0.0.1/35817] INFO  ozoneimpl.OzoneContainer (OzoneContainer.java:buildContainerSet(257)) - Build ContainerSet costs 0s
2022-03-01 02:09:59,598 [Listener at 127.0.0.1/35817] INFO  server.RaftServer (ConfUtils.java:logGet(44)) - raft.rpc.type = GRPC (default)
2022-03-01 02:09:59,598 [Listener at 127.0.0.1/35817] INFO  grpc.GrpcFactory (GrpcFactory.java:checkPooledByteBufAllocatorUseCacheForAllThreads(48)) - PERFORMANCE WARNING: useCacheForAllThreads is true that may cause Netty to create a lot garbage objects and, as a result, trigger GC.
	It is recommended to disable useCacheForAllThreads by setting -Dorg.apache.ratis.thirdparty.io.netty.allocator.useCacheForAllThreads=false in command line.
2022-03-01 02:09:59,602 [Listener at 127.0.0.1/35817] INFO  grpc.GrpcConfigKeys (ConfUtils.java:logGet(44)) - raft.grpc.admin.port = 0 (custom)
2022-03-01 02:09:59,602 [Listener at 127.0.0.1/35817] INFO  grpc.GrpcConfigKeys (ConfUtils.java:logGet(44)) - raft.grpc.client.port = 0 (custom)
2022-03-01 02:09:59,603 [Listener at 127.0.0.1/35817] INFO  grpc.GrpcConfigKeys (ConfUtils.java:logGet(44)) - raft.grpc.server.port = 0 (default)
2022-03-01 02:09:59,603 [Listener at 127.0.0.1/35817] INFO  server.GrpcService (ConfUtils.java:logGet(44)) - raft.grpc.message.size.max = 32MB (=33554432) (custom)
2022-03-01 02:09:59,603 [Listener at 127.0.0.1/35817] INFO  server.RaftServerConfigKeys (ConfUtils.java:logGet(44)) - raft.server.log.appender.buffer.byte-limit = 33554432 (custom)
2022-03-01 02:09:59,603 [Listener at 127.0.0.1/35817] INFO  server.GrpcService (ConfUtils.java:logGet(44)) - raft.grpc.flow.control.window = 5MB (=5242880) (custom)
2022-03-01 02:09:59,603 [Listener at 127.0.0.1/35817] INFO  server.RaftServerConfigKeys (ConfUtils.java:logGet(44)) - raft.server.rpc.request.timeout = 60s (custom)
2022-03-01 02:09:59,604 [Listener at 127.0.0.1/35817] INFO  impl.DataStreamServerImpl (ConfUtils.java:logGet(44)) - raft.datastream.type = DISABLED (default)
2022-03-01 02:09:59,604 [Listener at 127.0.0.1/35817] INFO  server.RaftServerConfigKeys (ConfUtils.java:logGet(44)) - raft.server.rpc.slowness.timeout = 300s (custom)
2022-03-01 02:09:59,604 [Listener at 127.0.0.1/35817] INFO  server.RaftServerConfigKeys (ConfUtils.java:logGet(44)) - raft.server.leaderelection.leader.step-down.wait-time = 10s (default)
2022-03-01 02:09:59,605 [Listener at 127.0.0.1/35817] INFO  server.RaftServerConfigKeys (ConfUtils.java:logGet(44)) - raft.server.storage.dir = [/home/runner/work/ozone/ozone/hadoop-ozone/integration-test/target/test-dir/MiniOzoneClusterImpl-274b8b5e-502f-4f00-85bb-070f9627ef71/datanode-2/data/ratis] (custom)
2022-03-01 02:09:59,606 [Listener at 127.0.0.1/35817] INFO  server.XceiverServerGrpc (XceiverServerGrpc.java:<init>(132)) - GrpcServer channel type EpollServerSocketChannel
2022-03-01 02:09:59,630 [Listener at 127.0.0.1/35817] INFO  http.BaseHttpServer (BaseHttpServer.java:newHttpServer2BuilderForOzone(209)) - Starting Web-server for hddsDatanode at: http://0.0.0.0:0
2022-03-01 02:09:59,630 [Listener at 127.0.0.1/35817] INFO  http.BaseHttpServer (BaseHttpServer.java:<init>(107)) - Hadoop Security Enabled: false Ozone Security Enabled: false Ozone HTTP Security Enabled: false 
2022-03-01 02:09:59,633 [Listener at 127.0.0.1/35817] INFO  server.AuthenticationFilter (AuthenticationFilter.java:constructSecretProvider(240)) - Unable to initialize FileSignerSecretProvider, falling back to use random secrets.
2022-03-01 02:09:59,635 [Listener at 127.0.0.1/35817] WARN  http.HttpRequestLog (HttpRequestLog.java:getRequestLog(103)) - Jetty request log can only be enabled using Log4j
2022-03-01 02:09:59,645 [Listener at 127.0.0.1/35817] INFO  http.HttpServer2 (HttpServer2.java:addGlobalFilter(1030)) - Added global filter 'safety' (class=org.apache.hadoop.hdds.server.http.HttpServer2$QuotingInputFilter)
2022-03-01 02:09:59,646 [Listener at 127.0.0.1/35817] INFO  http.HttpServer2 (HttpServer2.java:addFilter(1006)) - Added filter static_user_filter (class=org.apache.hadoop.http.lib.StaticUserWebFilter$StaticUserFilter) to context hddsDatanode
2022-03-01 02:09:59,646 [Listener at 127.0.0.1/35817] INFO  http.HttpServer2 (HttpServer2.java:addFilter(1014)) - Added filter static_user_filter (class=org.apache.hadoop.http.lib.StaticUserWebFilter$StaticUserFilter) to context logs
2022-03-01 02:09:59,646 [Listener at 127.0.0.1/35817] INFO  http.HttpServer2 (HttpServer2.java:addFilter(1014)) - Added filter static_user_filter (class=org.apache.hadoop.http.lib.StaticUserWebFilter$StaticUserFilter) to context static
2022-03-01 02:09:59,646 [Listener at 127.0.0.1/35817] INFO  http.HttpServer2 (HttpServer2.java:bindListener(1249)) - Jetty bound to port 45969
2022-03-01 02:09:59,646 [Listener at 127.0.0.1/35817] INFO  server.Server (Server.java:doStart(375)) - jetty-9.4.43.v20210629; built: 2021-06-30T11:07:22.254Z; git: 526006ecfa3af7f1a27ef3a288e2bef7ea9dd7e8; jvm 1.8.0_322-b06
2022-03-01 02:09:59,718 [Listener at 127.0.0.1/35817] INFO  server.session (DefaultSessionIdManager.java:doStart(334)) - DefaultSessionIdManager workerName=node0
2022-03-01 02:09:59,718 [Listener at 127.0.0.1/35817] INFO  server.session (DefaultSessionIdManager.java:doStart(339)) - No SessionScavenger set, using defaults
2022-03-01 02:09:59,720 [Listener at 127.0.0.1/35817] INFO  server.session (HouseKeeper.java:startScavenging(132)) - node0 Scavenging every 660000ms
2022-03-01 02:09:59,721 [Listener at 127.0.0.1/35817] INFO  handler.ContextHandler (ContextHandler.java:doStart(915)) - Started o.e.j.s.ServletContextHandler@614fcec5{logs,/logs,file:///home/runner/work/ozone/ozone/hadoop-ozone/integration-test/target/log,AVAILABLE}
2022-03-01 02:09:59,721 [Listener at 127.0.0.1/35817] INFO  handler.ContextHandler (ContextHandler.java:doStart(915)) - Started o.e.j.s.ServletContextHandler@307e9f30{static,/static,jar:file:/home/runner/.m2/repository/org/apache/ozone/hdds-container-service/1.3.0-SNAPSHOT/hdds-container-service-1.3.0-SNAPSHOT.jar!/webapps/static,AVAILABLE}
2022-03-01 02:09:59,937 [Listener at 127.0.0.1/35817] INFO  handler.ContextHandler (ContextHandler.java:doStart(915)) - Started o.e.j.w.WebAppContext@6b81c35a{hddsDatanode,/,file:///tmp/jetty-0_0_0_0-45969-hdds-container-service-1_3_0-SNAPSHOT_jar-_-any-8839251256425217355/webapp/,AVAILABLE}{jar:file:/home/runner/.m2/repository/org/apache/ozone/hdds-container-service/1.3.0-SNAPSHOT/hdds-container-service-1.3.0-SNAPSHOT.jar!/webapps/hddsDatanode}
2022-03-01 02:09:59,947 [Listener at 127.0.0.1/35817] INFO  server.AbstractConnector (AbstractConnector.java:doStart(331)) - Started ServerConnector@4b51cb8f{HTTP/1.1, (http/1.1)}{0.0.0.0:45969}
2022-03-01 02:09:59,948 [Listener at 127.0.0.1/35817] INFO  server.Server (Server.java:doStart(415)) - Started @220184ms
2022-03-01 02:09:59,950 [Listener at 127.0.0.1/35817] WARN  impl.MetricsSystemImpl (MetricsSystemImpl.java:register(279)) - Sink prometheus already exists!
2022-03-01 02:09:59,951 [Listener at 127.0.0.1/35817] INFO  http.BaseHttpServer (BaseHttpServer.java:updateConnectorAddress(329)) - HTTP server of hddsDatanode listening at http://0.0.0.0:45969
2022-03-01 02:09:59,952 [Listener at 127.0.0.1/35817] INFO  ozone.MiniOzoneClusterImpl (MiniOzoneClusterImpl.java:lambda$waitForClusterToBeReady$0(219)) - Waiting for nodes to be ready. Got 0 of 3 DN Heartbeats.
2022-03-01 02:09:59,952 [Listener at 127.0.0.1/35817] INFO  ozone.MiniOzoneClusterImpl (MiniOzoneClusterImpl.java:lambda$waitForClusterToBeReady$0(222)) - Waiting for cluster to exit safe mode
2022-03-01 02:09:59,952 [Listener at 127.0.0.1/35817] INFO  ozone.MiniOzoneClusterImpl (MiniOzoneClusterImpl.java:lambda$waitForClusterToBeReady$0(224)) - SCM became leader
2022-03-01 02:09:59,952 [Datanode State Machine Daemon Thread] INFO  statemachine.DatanodeStateMachine (DatanodeStateMachine.java:lambda$startDaemon$0(470)) - Ozone container server started.
2022-03-01 02:09:59,991 [org.apache.hadoop.util.JvmPauseMonitor$Monitor@7e18affe] INFO  util.JvmPauseMonitor (JvmPauseMonitor.java:run(188)) - Starting JVM pause monitor
2022-03-01 02:09:59,997 [Datanode State Machine Task Thread - 0] INFO  datanode.InitDatanodeState (InitDatanodeState.java:persistContainerDatanodeDetails(138)) - DatanodeDetails is persisted to /home/runner/work/ozone/ozone/hadoop-ozone/integration-test/target/test-dir/MiniOzoneClusterImpl-274b8b5e-502f-4f00-85bb-070f9627ef71/datanode-2/meta/datanode.id
2022-03-01 02:10:00,873 [EndpointStateMachine task thread for /0.0.0.0:44333 - 0 ] INFO  ozoneimpl.OzoneContainer (OzoneContainer.java:start(335)) - Attempting to start container services.
2022-03-01 02:10:00,873 [EndpointStateMachine task thread for /0.0.0.0:44333 - 0 ] INFO  ozoneimpl.OzoneContainer (OzoneContainer.java:startContainerScrub(270)) - Background container scanner has been disabled.
2022-03-01 02:10:00,874 [EndpointStateMachine task thread for /0.0.0.0:44333 - 0 ] INFO  replication.ReplicationServer (ReplicationServer.java:start(111)) - ReplicationServer is started using port 41557
2022-03-01 02:10:00,875 [EndpointStateMachine task thread for /0.0.0.0:44333 - 0 ] INFO  ratis.XceiverServerRatis (XceiverServerRatis.java:start(485)) - Starting XceiverServerRatis a8238d39-ac12-4817-9b36-376d1334b6b2
2022-03-01 02:10:00,876 [EndpointStateMachine task thread for /0.0.0.0:44333 - 0 ] INFO  server.RaftServer (RaftServerProxy.java:lambda$start$5(374)) - a8238d39-ac12-4817-9b36-376d1334b6b2: start RPC server
2022-03-01 02:10:00,883 [EndpointStateMachine task thread for /0.0.0.0:44333 - 0 ] INFO  server.GrpcService (GrpcService.java:startImpl(253)) - a8238d39-ac12-4817-9b36-376d1334b6b2: GrpcService started, listening on 43383
2022-03-01 02:10:00,898 [EndpointStateMachine task thread for /0.0.0.0:44333 - 0 ] INFO  ratis.XceiverServerRatis (XceiverServerRatis.java:getRealPort(506)) - XceiverServerRatis a8238d39-ac12-4817-9b36-376d1334b6b2 is started using port 43383 for RATIS
2022-03-01 02:10:00,898 [EndpointStateMachine task thread for /0.0.0.0:44333 - 0 ] INFO  ratis.XceiverServerRatis (XceiverServerRatis.java:getRealPort(506)) - XceiverServerRatis a8238d39-ac12-4817-9b36-376d1334b6b2 is started using port 43383 for RATIS_ADMIN
2022-03-01 02:10:00,898 [EndpointStateMachine task thread for /0.0.0.0:44333 - 0 ] INFO  ratis.XceiverServerRatis (XceiverServerRatis.java:getRealPort(506)) - XceiverServerRatis a8238d39-ac12-4817-9b36-376d1334b6b2 is started using port 43383 for RATIS_SERVER
2022-03-01 02:10:00,899 [org.apache.ratis.util.JvmPauseMonitor$$Lambda$421/1299661385@465c9d33] INFO  util.JvmPauseMonitor (JvmPauseMonitor.java:run(103)) - JvmPauseMonitor-a8238d39-ac12-4817-9b36-376d1334b6b2: Started
2022-03-01 02:10:00,906 [EndpointStateMachine task thread for /0.0.0.0:44333 - 0 ] INFO  server.XceiverServerGrpc (XceiverServerGrpc.java:start(180)) - XceiverServerGrpc a8238d39-ac12-4817-9b36-376d1334b6b2 is started using port 46325
2022-03-01 02:10:00,952 [Listener at 127.0.0.1/35817] INFO  ozone.MiniOzoneClusterImpl (MiniOzoneClusterImpl.java:lambda$waitForClusterToBeReady$0(219)) - Waiting for nodes to be ready. Got 0 of 3 DN Heartbeats.
2022-03-01 02:10:00,953 [Listener at 127.0.0.1/35817] INFO  ozone.MiniOzoneClusterImpl (MiniOzoneClusterImpl.java:lambda$waitForClusterToBeReady$0(222)) - Waiting for cluster to exit safe mode
2022-03-01 02:10:00,953 [Listener at 127.0.0.1/35817] INFO  ozone.MiniOzoneClusterImpl (MiniOzoneClusterImpl.java:lambda$waitForClusterToBeReady$0(224)) - SCM became leader
2022-03-01 02:10:01,346 [EndpointStateMachine task thread for /0.0.0.0:44333 - 0 ] INFO  ozoneimpl.OzoneContainer (OzoneContainer.java:start(335)) - Attempting to start container services.
2022-03-01 02:10:01,360 [EndpointStateMachine task thread for /0.0.0.0:44333 - 0 ] INFO  ozoneimpl.OzoneContainer (OzoneContainer.java:startContainerScrub(270)) - Background container scanner has been disabled.
2022-03-01 02:10:01,363 [EndpointStateMachine task thread for /0.0.0.0:44333 - 0 ] INFO  replication.ReplicationServer (ReplicationServer.java:start(111)) - ReplicationServer is started using port 45855
2022-03-01 02:10:01,364 [EndpointStateMachine task thread for /0.0.0.0:44333 - 0 ] INFO  ratis.XceiverServerRatis (XceiverServerRatis.java:start(485)) - Starting XceiverServerRatis 013fba9b-be8d-43ad-b612-3b014091f01f
2022-03-01 02:10:01,368 [EndpointStateMachine task thread for /0.0.0.0:44333 - 0 ] INFO  server.RaftServer (RaftServerProxy.java:lambda$start$5(374)) - 013fba9b-be8d-43ad-b612-3b014091f01f: start RPC server
2022-03-01 02:10:01,399 [EndpointStateMachine task thread for /0.0.0.0:44333 - 0 ] INFO  server.GrpcService (GrpcService.java:startImpl(253)) - 013fba9b-be8d-43ad-b612-3b014091f01f: GrpcService started, listening on 42921
2022-03-01 02:10:01,403 [EndpointStateMachine task thread for /0.0.0.0:44333 - 0 ] INFO  ratis.XceiverServerRatis (XceiverServerRatis.java:getRealPort(506)) - XceiverServerRatis 013fba9b-be8d-43ad-b612-3b014091f01f is started using port 42921 for RATIS
2022-03-01 02:10:01,403 [EndpointStateMachine task thread for /0.0.0.0:44333 - 0 ] INFO  ratis.XceiverServerRatis (XceiverServerRatis.java:getRealPort(506)) - XceiverServerRatis 013fba9b-be8d-43ad-b612-3b014091f01f is started using port 42921 for RATIS_ADMIN
2022-03-01 02:10:01,403 [EndpointStateMachine task thread for /0.0.0.0:44333 - 0 ] INFO  ratis.XceiverServerRatis (XceiverServerRatis.java:getRealPort(506)) - XceiverServerRatis 013fba9b-be8d-43ad-b612-3b014091f01f is started using port 42921 for RATIS_SERVER
2022-03-01 02:10:01,405 [org.apache.ratis.util.JvmPauseMonitor$$Lambda$421/1299661385@24e8bbbc] INFO  util.JvmPauseMonitor (JvmPauseMonitor.java:run(103)) - JvmPauseMonitor-013fba9b-be8d-43ad-b612-3b014091f01f: Started
2022-03-01 02:10:01,407 [EndpointStateMachine task thread for /0.0.0.0:44333 - 0 ] INFO  server.XceiverServerGrpc (XceiverServerGrpc.java:start(180)) - XceiverServerGrpc 013fba9b-be8d-43ad-b612-3b014091f01f is started using port 43915
2022-03-01 02:10:01,953 [Listener at 127.0.0.1/35817] INFO  ozone.MiniOzoneClusterImpl (MiniOzoneClusterImpl.java:lambda$waitForClusterToBeReady$0(219)) - Waiting for nodes to be ready. Got 0 of 3 DN Heartbeats.
2022-03-01 02:10:01,953 [Listener at 127.0.0.1/35817] INFO  ozone.MiniOzoneClusterImpl (MiniOzoneClusterImpl.java:lambda$waitForClusterToBeReady$0(222)) - Waiting for cluster to exit safe mode
2022-03-01 02:10:01,953 [Listener at 127.0.0.1/35817] INFO  ozone.MiniOzoneClusterImpl (MiniOzoneClusterImpl.java:lambda$waitForClusterToBeReady$0(224)) - SCM became leader
2022-03-01 02:10:02,032 [EndpointStateMachine task thread for /0.0.0.0:44333 - 0 ] INFO  ozoneimpl.OzoneContainer (OzoneContainer.java:start(335)) - Attempting to start container services.
2022-03-01 02:10:02,032 [EndpointStateMachine task thread for /0.0.0.0:44333 - 0 ] INFO  ozoneimpl.OzoneContainer (OzoneContainer.java:startContainerScrub(270)) - Background container scanner has been disabled.
2022-03-01 02:10:02,035 [EndpointStateMachine task thread for /0.0.0.0:44333 - 0 ] INFO  replication.ReplicationServer (ReplicationServer.java:start(111)) - ReplicationServer is started using port 46877
2022-03-01 02:10:02,036 [EndpointStateMachine task thread for /0.0.0.0:44333 - 0 ] INFO  ratis.XceiverServerRatis (XceiverServerRatis.java:start(485)) - Starting XceiverServerRatis f59a0bde-b51c-455e-b156-f6981c95a7d1
2022-03-01 02:10:02,039 [EndpointStateMachine task thread for /0.0.0.0:44333 - 0 ] INFO  server.RaftServer (RaftServerProxy.java:lambda$start$5(374)) - f59a0bde-b51c-455e-b156-f6981c95a7d1: start RPC server
2022-03-01 02:10:02,043 [EndpointStateMachine task thread for /0.0.0.0:44333 - 0 ] INFO  server.GrpcService (GrpcService.java:startImpl(253)) - f59a0bde-b51c-455e-b156-f6981c95a7d1: GrpcService started, listening on 39175
2022-03-01 02:10:02,064 [EndpointStateMachine task thread for /0.0.0.0:44333 - 0 ] INFO  ratis.XceiverServerRatis (XceiverServerRatis.java:getRealPort(506)) - XceiverServerRatis f59a0bde-b51c-455e-b156-f6981c95a7d1 is started using port 39175 for RATIS
2022-03-01 02:10:02,064 [EndpointStateMachine task thread for /0.0.0.0:44333 - 0 ] INFO  ratis.XceiverServerRatis (XceiverServerRatis.java:getRealPort(506)) - XceiverServerRatis f59a0bde-b51c-455e-b156-f6981c95a7d1 is started using port 39175 for RATIS_ADMIN
2022-03-01 02:10:02,067 [EndpointStateMachine task thread for /0.0.0.0:44333 - 0 ] INFO  ratis.XceiverServerRatis (XceiverServerRatis.java:getRealPort(506)) - XceiverServerRatis f59a0bde-b51c-455e-b156-f6981c95a7d1 is started using port 39175 for RATIS_SERVER
2022-03-01 02:10:02,086 [org.apache.ratis.util.JvmPauseMonitor$$Lambda$421/1299661385@1a7787ba] INFO  util.JvmPauseMonitor (JvmPauseMonitor.java:run(103)) - JvmPauseMonitor-f59a0bde-b51c-455e-b156-f6981c95a7d1: Started
2022-03-01 02:10:02,095 [EndpointStateMachine task thread for /0.0.0.0:44333 - 0 ] INFO  server.XceiverServerGrpc (XceiverServerGrpc.java:start(180)) - XceiverServerGrpc f59a0bde-b51c-455e-b156-f6981c95a7d1 is started using port 34197
2022-03-01 02:10:02,820 [IPC Server handler 0 on default port 44333] INFO  net.NetworkTopologyImpl (NetworkTopologyImpl.java:add(112)) - Added a new node: /default-rack/a8238d39-ac12-4817-9b36-376d1334b6b2
2022-03-01 02:10:02,820 [IPC Server handler 0 on default port 44333] INFO  node.SCMNodeManager (SCMNodeManager.java:register(389)) - Registered Data node : a8238d39-ac12-4817-9b36-376d1334b6b2{ip: 10.1.0.9, host: fv-az294-952.eaanfquahm5ulb5tj050gcxych.jx.internal.cloudapp.net, ports: [REPLICATION=41557, RATIS=43383, RATIS_ADMIN=43383, RATIS_SERVER=43383, STANDALONE=46325], networkLocation: /default-rack, certSerialId: null, persistedOpState: null, persistedOpStateExpiryEpochSec: 0}
2022-03-01 02:10:02,822 [EventQueue-NewNodeForNewNodeHandler] INFO  pipeline.BackgroundPipelineCreator (BackgroundPipelineCreator.java:notifyEventTriggered(285)) - trigger a one-shot run on RatisPipelineUtilsThread.
2022-03-01 02:10:02,822 [RatisPipelineUtilsThread - 0] INFO  pipeline.RatisPipelineProvider (RatisPipelineProvider.java:lambda$create$0(183)) - Sending CreatePipelineCommand for pipeline:PipelineID=1bc24772-165e-42a6-b279-ac941df88464 to datanode:a8238d39-ac12-4817-9b36-376d1334b6b2
2022-03-01 02:10:02,824 [EventQueue-NodeRegistrationContainerReportForDataNodeSafeModeRule] INFO  safemode.SCMSafeModeManager (DataNodeSafeModeRule.java:process(71)) - SCM in safe mode. 1 DataNodes registered, 3 required.
2022-03-01 02:10:02,836 [EventQueue-NodeRegistrationContainerReportForContainerSafeModeRule] INFO  safemode.SCMSafeModeManager (SCMSafeModeManager.java:validateSafeModeExitRules(204)) - ContainerSafeModeRule rule is successfully validated
2022-03-01 02:10:02,864 [EventQueue-PipelineReportForOneReplicaPipelineSafeModeRule] INFO  safemode.SCMSafeModeManager (SCMSafeModeManager.java:validateSafeModeExitRules(204)) - AtleastOneDatanodeReportedRule rule is successfully validated
2022-03-01 02:10:02,913 [a2e6164a-d2c4-4f22-b3b6-99fe8a11479f@group-070F9627EF71-StateMachineUpdater] INFO  pipeline.PipelineStateManagerImpl (PipelineStateManagerImpl.java:addPipeline(101)) - Created pipeline Pipeline[ Id: 1bc24772-165e-42a6-b279-ac941df88464, Nodes: a8238d39-ac12-4817-9b36-376d1334b6b2{ip: 10.1.0.9, host: fv-az294-952.eaanfquahm5ulb5tj050gcxych.jx.internal.cloudapp.net, ports: [REPLICATION=41557, RATIS=43383, RATIS_ADMIN=43383, RATIS_SERVER=43383, STANDALONE=46325], networkLocation: /default-rack, certSerialId: null, persistedOpState: IN_SERVICE, persistedOpStateExpiryEpochSec: 0}, ReplicationConfig: RATIS/ONE, State:ALLOCATED, leaderId:, CreationTimestamp2022-03-01T02:10:02.822Z[Etc/UTC]].
2022-03-01 02:10:02,913 [a2e6164a-d2c4-4f22-b3b6-99fe8a11479f@group-070F9627EF71-StateMachineUpdater] INFO  safemode.HealthyPipelineSafeModeRule (HealthyPipelineSafeModeRule.java:initializeRule(152)) - Refreshed total pipeline count is 0, healthy pipeline threshold count is 1
2022-03-01 02:10:02,954 [Listener at 127.0.0.1/35817] INFO  ozone.MiniOzoneClusterImpl (MiniOzoneClusterImpl.java:lambda$waitForClusterToBeReady$0(219)) - Waiting for nodes to be ready. Got 1 of 3 DN Heartbeats.
2022-03-01 02:10:02,954 [Listener at 127.0.0.1/35817] INFO  ozone.MiniOzoneClusterImpl (MiniOzoneClusterImpl.java:lambda$waitForClusterToBeReady$0(222)) - Waiting for cluster to exit safe mode
2022-03-01 02:10:02,954 [Listener at 127.0.0.1/35817] INFO  ozone.MiniOzoneClusterImpl (MiniOzoneClusterImpl.java:lambda$waitForClusterToBeReady$0(224)) - SCM became leader
2022-03-01 02:10:03,325 [IPC Server handler 10 on default port 44333] INFO  net.NetworkTopologyImpl (NetworkTopologyImpl.java:add(112)) - Added a new node: /default-rack/013fba9b-be8d-43ad-b612-3b014091f01f
2022-03-01 02:10:03,326 [IPC Server handler 10 on default port 44333] INFO  node.SCMNodeManager (SCMNodeManager.java:register(389)) - Registered Data node : 013fba9b-be8d-43ad-b612-3b014091f01f{ip: 10.1.0.9, host: fv-az294-952.eaanfquahm5ulb5tj050gcxych.jx.internal.cloudapp.net, ports: [REPLICATION=45855, RATIS=42921, RATIS_ADMIN=42921, RATIS_SERVER=42921, STANDALONE=43915], networkLocation: /default-rack, certSerialId: null, persistedOpState: null, persistedOpStateExpiryEpochSec: 0}
2022-03-01 02:10:03,326 [EventQueue-NewNodeForNewNodeHandler] INFO  pipeline.BackgroundPipelineCreator (BackgroundPipelineCreator.java:notifyEventTriggered(285)) - trigger a one-shot run on RatisPipelineUtilsThread.
2022-03-01 02:10:03,330 [EventQueue-NodeRegistrationContainerReportForDataNodeSafeModeRule] INFO  safemode.SCMSafeModeManager (DataNodeSafeModeRule.java:process(71)) - SCM in safe mode. 2 DataNodes registered, 3 required.
2022-03-01 02:10:03,330 [RatisPipelineUtilsThread - 0] INFO  pipeline.RatisPipelineProvider (RatisPipelineProvider.java:lambda$create$0(183)) - Sending CreatePipelineCommand for pipeline:PipelineID=c78e87fe-5f27-41d7-b8e8-7fb8a9fc5fad to datanode:013fba9b-be8d-43ad-b612-3b014091f01f
2022-03-01 02:10:03,333 [a2e6164a-d2c4-4f22-b3b6-99fe8a11479f@group-070F9627EF71-StateMachineUpdater] INFO  pipeline.PipelineStateManagerImpl (PipelineStateManagerImpl.java:addPipeline(101)) - Created pipeline Pipeline[ Id: c78e87fe-5f27-41d7-b8e8-7fb8a9fc5fad, Nodes: 013fba9b-be8d-43ad-b612-3b014091f01f{ip: 10.1.0.9, host: fv-az294-952.eaanfquahm5ulb5tj050gcxych.jx.internal.cloudapp.net, ports: [REPLICATION=45855, RATIS=42921, RATIS_ADMIN=42921, RATIS_SERVER=42921, STANDALONE=43915], networkLocation: /default-rack, certSerialId: null, persistedOpState: IN_SERVICE, persistedOpStateExpiryEpochSec: 0}, ReplicationConfig: RATIS/ONE, State:ALLOCATED, leaderId:, CreationTimestamp2022-03-01T02:10:03.330Z[Etc/UTC]].
2022-03-01 02:10:03,333 [a2e6164a-d2c4-4f22-b3b6-99fe8a11479f@group-070F9627EF71-StateMachineUpdater] INFO  safemode.HealthyPipelineSafeModeRule (HealthyPipelineSafeModeRule.java:initializeRule(152)) - Refreshed total pipeline count is 0, healthy pipeline threshold count is 1
2022-03-01 02:10:03,954 [Listener at 127.0.0.1/35817] INFO  ozone.MiniOzoneClusterImpl (MiniOzoneClusterImpl.java:lambda$waitForClusterToBeReady$0(219)) - Waiting for nodes to be ready. Got 2 of 3 DN Heartbeats.
2022-03-01 02:10:03,954 [Listener at 127.0.0.1/35817] INFO  ozone.MiniOzoneClusterImpl (MiniOzoneClusterImpl.java:lambda$waitForClusterToBeReady$0(222)) - Waiting for cluster to exit safe mode
2022-03-01 02:10:03,954 [Listener at 127.0.0.1/35817] INFO  ozone.MiniOzoneClusterImpl (MiniOzoneClusterImpl.java:lambda$waitForClusterToBeReady$0(224)) - SCM became leader
2022-03-01 02:10:03,995 [IPC Server handler 15 on default port 44333] INFO  net.NetworkTopologyImpl (NetworkTopologyImpl.java:add(112)) - Added a new node: /default-rack/f59a0bde-b51c-455e-b156-f6981c95a7d1
2022-03-01 02:10:03,995 [IPC Server handler 15 on default port 44333] INFO  node.SCMNodeManager (SCMNodeManager.java:register(389)) - Registered Data node : f59a0bde-b51c-455e-b156-f6981c95a7d1{ip: 10.1.0.9, host: fv-az294-952.eaanfquahm5ulb5tj050gcxych.jx.internal.cloudapp.net, ports: [REPLICATION=46877, RATIS=39175, RATIS_ADMIN=39175, RATIS_SERVER=39175, STANDALONE=34197], networkLocation: /default-rack, certSerialId: null, persistedOpState: null, persistedOpStateExpiryEpochSec: 0}
2022-03-01 02:10:03,995 [EventQueue-NewNodeForNewNodeHandler] INFO  pipeline.BackgroundPipelineCreator (BackgroundPipelineCreator.java:notifyEventTriggered(285)) - trigger a one-shot run on RatisPipelineUtilsThread.
2022-03-01 02:10:03,996 [RatisPipelineUtilsThread - 0] INFO  pipeline.RatisPipelineProvider (RatisPipelineProvider.java:lambda$create$0(183)) - Sending CreatePipelineCommand for pipeline:PipelineID=b32df22d-70dd-4084-b428-388cf7ff8f24 to datanode:f59a0bde-b51c-455e-b156-f6981c95a7d1
2022-03-01 02:10:03,998 [a2e6164a-d2c4-4f22-b3b6-99fe8a11479f@group-070F9627EF71-StateMachineUpdater] INFO  pipeline.PipelineStateManagerImpl (PipelineStateManagerImpl.java:addPipeline(101)) - Created pipeline Pipeline[ Id: b32df22d-70dd-4084-b428-388cf7ff8f24, Nodes: f59a0bde-b51c-455e-b156-f6981c95a7d1{ip: 10.1.0.9, host: fv-az294-952.eaanfquahm5ulb5tj050gcxych.jx.internal.cloudapp.net, ports: [REPLICATION=46877, RATIS=39175, RATIS_ADMIN=39175, RATIS_SERVER=39175, STANDALONE=34197], networkLocation: /default-rack, certSerialId: null, persistedOpState: IN_SERVICE, persistedOpStateExpiryEpochSec: 0}, ReplicationConfig: RATIS/ONE, State:ALLOCATED, leaderId:, CreationTimestamp2022-03-01T02:10:03.996Z[Etc/UTC]].
2022-03-01 02:10:03,998 [a2e6164a-d2c4-4f22-b3b6-99fe8a11479f@group-070F9627EF71-StateMachineUpdater] INFO  safemode.HealthyPipelineSafeModeRule (HealthyPipelineSafeModeRule.java:initializeRule(152)) - Refreshed total pipeline count is 0, healthy pipeline threshold count is 1
2022-03-01 02:10:03,999 [EventQueue-NodeRegistrationContainerReportForDataNodeSafeModeRule] INFO  safemode.SCMSafeModeManager (DataNodeSafeModeRule.java:process(71)) - SCM in safe mode. 3 DataNodes registered, 3 required.
2022-03-01 02:10:03,999 [EventQueue-NodeRegistrationContainerReportForDataNodeSafeModeRule] INFO  safemode.SCMSafeModeManager (SCMSafeModeManager.java:validateSafeModeExitRules(204)) - DataNodeSafeModeRule rule is successfully validated
2022-03-01 02:10:03,999 [EventQueue-NodeRegistrationContainerReportForDataNodeSafeModeRule] INFO  safemode.SCMSafeModeManager (SCMSafeModeManager.java:completePreCheck(233)) - All SCM safe mode pre check rules have passed
2022-03-01 02:10:03,999 [EventQueue-NodeRegistrationContainerReportForDataNodeSafeModeRule] WARN  events.EventQueue (EventQueue.java:fireEvent(194)) - No event handler registered for event TypedEvent{payloadType=SafeModeStatus, name='Safe mode status'}
2022-03-01 02:10:03,999 [EventQueue-NodeRegistrationContainerReportForDataNodeSafeModeRule] INFO  ha.SCMContext (SCMContext.java:updateSafeModeStatus(211)) - Update SafeModeStatus from SafeModeStatus{safeModeStatus=true, preCheckPassed=false} to SafeModeStatus{safeModeStatus=true, preCheckPassed=true}.
2022-03-01 02:10:03,999 [EventQueue-NodeRegistrationContainerReportForDataNodeSafeModeRule] INFO  pipeline.BackgroundPipelineCreator (BackgroundPipelineCreator.java:notifyEventTriggered(285)) - trigger a one-shot run on RatisPipelineUtilsThread.
2022-03-01 02:10:04,000 [RatisPipelineUtilsThread - 0] INFO  pipeline.RatisPipelineProvider (RatisPipelineProvider.java:lambda$create$0(183)) - Sending CreatePipelineCommand for pipeline:PipelineID=0af28a4a-d2be-4cf0-96c5-b85c749e353e to datanode:a8238d39-ac12-4817-9b36-376d1334b6b2
2022-03-01 02:10:04,000 [RatisPipelineUtilsThread - 0] INFO  pipeline.RatisPipelineProvider (RatisPipelineProvider.java:lambda$create$0(183)) - Sending CreatePipelineCommand for pipeline:PipelineID=0af28a4a-d2be-4cf0-96c5-b85c749e353e to datanode:f59a0bde-b51c-455e-b156-f6981c95a7d1
2022-03-01 02:10:04,000 [RatisPipelineUtilsThread - 0] INFO  pipeline.RatisPipelineProvider (RatisPipelineProvider.java:lambda$create$0(183)) - Sending CreatePipelineCommand for pipeline:PipelineID=0af28a4a-d2be-4cf0-96c5-b85c749e353e to datanode:013fba9b-be8d-43ad-b612-3b014091f01f
2022-03-01 02:10:04,001 [a2e6164a-d2c4-4f22-b3b6-99fe8a11479f@group-070F9627EF71-StateMachineUpdater] INFO  pipeline.PipelineStateManagerImpl (PipelineStateManagerImpl.java:addPipeline(101)) - Created pipeline Pipeline[ Id: 0af28a4a-d2be-4cf0-96c5-b85c749e353e, Nodes: a8238d39-ac12-4817-9b36-376d1334b6b2{ip: 10.1.0.9, host: fv-az294-952.eaanfquahm5ulb5tj050gcxych.jx.internal.cloudapp.net, ports: [REPLICATION=41557, RATIS=43383, RATIS_ADMIN=43383, RATIS_SERVER=43383, STANDALONE=46325], networkLocation: /default-rack, certSerialId: null, persistedOpState: IN_SERVICE, persistedOpStateExpiryEpochSec: 0}f59a0bde-b51c-455e-b156-f6981c95a7d1{ip: 10.1.0.9, host: fv-az294-952.eaanfquahm5ulb5tj050gcxych.jx.internal.cloudapp.net, ports: [REPLICATION=46877, RATIS=39175, RATIS_ADMIN=39175, RATIS_SERVER=39175, STANDALONE=34197], networkLocation: /default-rack, certSerialId: null, persistedOpState: IN_SERVICE, persistedOpStateExpiryEpochSec: 0}013fba9b-be8d-43ad-b612-3b014091f01f{ip: 10.1.0.9, host: fv-az294-952.eaanfquahm5ulb5tj050gcxych.jx.internal.cloudapp.net, ports: [REPLICATION=45855, RATIS=42921, RATIS_ADMIN=42921, RATIS_SERVER=42921, STANDALONE=43915], networkLocation: /default-rack, certSerialId: null, persistedOpState: IN_SERVICE, persistedOpStateExpiryEpochSec: 0}, ReplicationConfig: RATIS/THREE, State:ALLOCATED, leaderId:, CreationTimestamp2022-03-01T02:10:04Z[Etc/UTC]].
2022-03-01 02:10:04,001 [a2e6164a-d2c4-4f22-b3b6-99fe8a11479f@group-070F9627EF71-StateMachineUpdater] INFO  safemode.HealthyPipelineSafeModeRule (HealthyPipelineSafeModeRule.java:initializeRule(152)) - Refreshed total pipeline count is 0, healthy pipeline threshold count is 1
2022-03-01 02:10:04,002 [RatisPipelineUtilsThread - 0] INFO  pipeline.RatisPipelineProvider (RatisPipelineProvider.java:lambda$create$0(183)) - Sending CreatePipelineCommand for pipeline:PipelineID=89fbaf65-3f65-4e6d-a6f4-d07d9f95ff8e to datanode:a8238d39-ac12-4817-9b36-376d1334b6b2
2022-03-01 02:10:04,002 [RatisPipelineUtilsThread - 0] INFO  pipeline.RatisPipelineProvider (RatisPipelineProvider.java:lambda$create$0(183)) - Sending CreatePipelineCommand for pipeline:PipelineID=89fbaf65-3f65-4e6d-a6f4-d07d9f95ff8e to datanode:f59a0bde-b51c-455e-b156-f6981c95a7d1
2022-03-01 02:10:04,002 [RatisPipelineUtilsThread - 0] INFO  pipeline.RatisPipelineProvider (RatisPipelineProvider.java:lambda$create$0(183)) - Sending CreatePipelineCommand for pipeline:PipelineID=89fbaf65-3f65-4e6d-a6f4-d07d9f95ff8e to datanode:013fba9b-be8d-43ad-b612-3b014091f01f
2022-03-01 02:10:04,004 [a2e6164a-d2c4-4f22-b3b6-99fe8a11479f@group-070F9627EF71-StateMachineUpdater] INFO  pipeline.PipelineStateManagerImpl (PipelineStateManagerImpl.java:addPipeline(101)) - Created pipeline Pipeline[ Id: 89fbaf65-3f65-4e6d-a6f4-d07d9f95ff8e, Nodes: a8238d39-ac12-4817-9b36-376d1334b6b2{ip: 10.1.0.9, host: fv-az294-952.eaanfquahm5ulb5tj050gcxych.jx.internal.cloudapp.net, ports: [REPLICATION=41557, RATIS=43383, RATIS_ADMIN=43383, RATIS_SERVER=43383, STANDALONE=46325], networkLocation: /default-rack, certSerialId: null, persistedOpState: IN_SERVICE, persistedOpStateExpiryEpochSec: 0}f59a0bde-b51c-455e-b156-f6981c95a7d1{ip: 10.1.0.9, host: fv-az294-952.eaanfquahm5ulb5tj050gcxych.jx.internal.cloudapp.net, ports: [REPLICATION=46877, RATIS=39175, RATIS_ADMIN=39175, RATIS_SERVER=39175, STANDALONE=34197], networkLocation: /default-rack, certSerialId: null, persistedOpState: IN_SERVICE, persistedOpStateExpiryEpochSec: 0}013fba9b-be8d-43ad-b612-3b014091f01f{ip: 10.1.0.9, host: fv-az294-952.eaanfquahm5ulb5tj050gcxych.jx.internal.cloudapp.net, ports: [REPLICATION=45855, RATIS=42921, RATIS_ADMIN=42921, RATIS_SERVER=42921, STANDALONE=43915], networkLocation: /default-rack, certSerialId: null, persistedOpState: IN_SERVICE, persistedOpStateExpiryEpochSec: 0}, ReplicationConfig: RATIS/THREE, State:ALLOCATED, leaderId:, CreationTimestamp2022-03-01T02:10:04.002Z[Etc/UTC]].
2022-03-01 02:10:04,004 [a2e6164a-d2c4-4f22-b3b6-99fe8a11479f@group-070F9627EF71-StateMachineUpdater] INFO  safemode.HealthyPipelineSafeModeRule (HealthyPipelineSafeModeRule.java:initializeRule(152)) - Refreshed total pipeline count is 0, healthy pipeline threshold count is 1
2022-03-01 02:10:04,007 [RatisPipelineUtilsThread - 0] INFO  pipeline.PipelineManagerImpl (PipelineManagerImpl.java:recordMetricsForPipeline(639)) - Pipeline: PipelineID=89fbaf65-3f65-4e6d-a6f4-d07d9f95ff8e contains same datanodes as previous pipelines: PipelineID=0af28a4a-d2be-4cf0-96c5-b85c749e353e nodeIds: a8238d39-ac12-4817-9b36-376d1334b6b2, f59a0bde-b51c-455e-b156-f6981c95a7d1, 013fba9b-be8d-43ad-b612-3b014091f01f
2022-03-01 02:10:04,955 [Listener at 127.0.0.1/35817] INFO  ozone.MiniOzoneClusterImpl (MiniOzoneClusterImpl.java:lambda$waitForClusterToBeReady$0(219)) - Nodes are ready. Got 3 of 3 DN Heartbeats.
2022-03-01 02:10:04,955 [Listener at 127.0.0.1/35817] INFO  ozone.MiniOzoneClusterImpl (MiniOzoneClusterImpl.java:lambda$waitForClusterToBeReady$0(222)) - Waiting for cluster to exit safe mode
2022-03-01 02:10:04,955 [Listener at 127.0.0.1/35817] INFO  ozone.MiniOzoneClusterImpl (MiniOzoneClusterImpl.java:lambda$waitForClusterToBeReady$0(224)) - SCM became leader
2022-03-01 02:10:05,817 [Command processor thread] INFO  server.RaftServer (RaftServerProxy.java:addNew(95)) - a8238d39-ac12-4817-9b36-376d1334b6b2: addNew group-AC941DF88464:[a8238d39-ac12-4817-9b36-376d1334b6b2|rpc:10.1.0.9:43383|priority:1] returns group-AC941DF88464:java.util.concurrent.CompletableFuture@26a47e13[Not completed]
2022-03-01 02:10:05,818 [pool-534-thread-1] INFO  server.RaftServer$Division (RaftServerImpl.java:<init>(184)) - a8238d39-ac12-4817-9b36-376d1334b6b2: new RaftServerImpl for group-AC941DF88464:[a8238d39-ac12-4817-9b36-376d1334b6b2|rpc:10.1.0.9:43383|priority:1] with ContainerStateMachine:uninitialized
2022-03-01 02:10:05,851 [pool-534-thread-1] INFO  server.RaftServerConfigKeys (ConfUtils.java:logGet(44)) - raft.server.rpc.timeout.min = 5s (custom)
2022-03-01 02:10:05,851 [pool-534-thread-1] INFO  server.RaftServerConfigKeys (ConfUtils.java:logGet(44)) - raft.server.rpc.timeout.max = 5200ms (custom)
2022-03-01 02:10:05,851 [pool-534-thread-1] INFO  server.RaftServerConfigKeys (ConfUtils.java:logGet(44)) - raft.server.rpc.sleep.time = 25ms (default)
2022-03-01 02:10:05,851 [pool-534-thread-1] INFO  server.RaftServerConfigKeys (ConfUtils.java:logGet(44)) - raft.server.rpc.slowness.timeout = 300s (custom)
2022-03-01 02:10:05,851 [pool-534-thread-1] INFO  server.RaftServerConfigKeys (ConfUtils.java:logGet(44)) - raft.server.leaderelection.leader.step-down.wait-time = 10s (default)
2022-03-01 02:10:05,851 [pool-534-thread-1] INFO  server.RaftServerConfigKeys (ConfUtils.java:logGet(44)) - raft.server.sleep.deviation.threshold = 300ms (default)
2022-03-01 02:10:05,851 [pool-534-thread-1] INFO  server.RaftServerConfigKeys (ConfUtils.java:logGet(44)) - raft.server.log.appender.install.snapshot.enabled = false (custom)
2022-03-01 02:10:05,851 [pool-534-thread-1] INFO  server.RaftServer$Division (ServerState.java:<init>(105)) - a8238d39-ac12-4817-9b36-376d1334b6b2@group-AC941DF88464: ConfigurationManager, init=-1: [a8238d39-ac12-4817-9b36-376d1334b6b2|rpc:10.1.0.9:43383|priority:1], old=null, confs=<EMPTY_MAP>
2022-03-01 02:10:05,851 [pool-534-thread-1] INFO  server.RaftServerConfigKeys (ConfUtils.java:logGet(44)) - raft.server.storage.dir = [/home/runner/work/ozone/ozone/hadoop-ozone/integration-test/target/test-dir/MiniOzoneClusterImpl-274b8b5e-502f-4f00-85bb-070f9627ef71/datanode-0/data/ratis] (custom)
2022-03-01 02:10:05,851 [pool-534-thread-1] INFO  server.RaftServerConfigKeys (ConfUtils.java:logGet(44)) - raft.server.log.corruption.policy = EXCEPTION (default)
2022-03-01 02:10:05,852 [pool-534-thread-1] INFO  server.RaftServerConfigKeys (ConfUtils.java:logGet(44)) - raft.server.storage.free-space.min = 0MB (=0) (default)
2022-03-01 02:10:05,852 [pool-534-thread-1] INFO  storage.RaftStorageDirectory (RaftStorageDirectoryImpl.java:analyzeStorage(135)) - The storage directory /home/runner/work/ozone/ozone/hadoop-ozone/integration-test/target/test-dir/MiniOzoneClusterImpl-274b8b5e-502f-4f00-85bb-070f9627ef71/datanode-0/data/ratis/1bc24772-165e-42a6-b279-ac941df88464 does not exist. Creating ...
2022-03-01 02:10:05,855 [pool-534-thread-1] INFO  storage.RaftStorageDirectory (RaftStorageDirectoryImpl.java:tryLock(230)) - Lock on /home/runner/work/ozone/ozone/hadoop-ozone/integration-test/target/test-dir/MiniOzoneClusterImpl-274b8b5e-502f-4f00-85bb-070f9627ef71/datanode-0/data/ratis/1bc24772-165e-42a6-b279-ac941df88464/in_use.lock acquired by nodename 9245@fv-az294-952
2022-03-01 02:10:05,860 [pool-534-thread-1] INFO  storage.RaftStorage (RaftStorageImpl.java:format(89)) - Storage directory /home/runner/work/ozone/ozone/hadoop-ozone/integration-test/target/test-dir/MiniOzoneClusterImpl-274b8b5e-502f-4f00-85bb-070f9627ef71/datanode-0/data/ratis/1bc24772-165e-42a6-b279-ac941df88464 has been successfully formatted.
2022-03-01 02:10:05,869 [pool-534-thread-1] INFO  ratis.ContainerStateMachine (ContainerStateMachine.java:loadSnapshot(236)) - group-AC941DF88464: The snapshot info is null. Setting the last applied indexto:(t:0, i:~)
2022-03-01 02:10:05,877 [pool-534-thread-1] INFO  server.RaftServerConfigKeys (ConfUtils.java:logGet(44)) - raft.server.notification.no-leader.timeout = 300s (custom)
2022-03-01 02:10:05,877 [pool-534-thread-1] INFO  server.RaftServerConfigKeys (ConfUtils.java:logGet(44)) - raft.server.log.use.memory = false (default)
2022-03-01 02:10:05,877 [pool-534-thread-1] INFO  server.RaftServerConfigKeys (ConfUtils.java:logGet(44)) - raft.server.log.purge.gap = 1000000 (custom)
2022-03-01 02:10:05,877 [pool-534-thread-1] INFO  server.RaftServerConfigKeys (ConfUtils.java:logGet(44)) - raft.server.log.appender.buffer.byte-limit = 33554432 (custom)
2022-03-01 02:10:05,878 [pool-534-thread-1] INFO  server.RaftServerConfigKeys (ConfUtils.java:logGet(44)) - raft.server.log.segment.size.max = 1048576 (custom)
2022-03-01 02:10:05,878 [pool-534-thread-1] INFO  server.RaftServerConfigKeys (ConfUtils.java:logGet(44)) - raft.server.log.segment.cache.num.max = 2 (custom)
2022-03-01 02:10:05,878 [pool-534-thread-1] INFO  server.RaftServerConfigKeys (ConfUtils.java:logGet(44)) - raft.server.log.segment.cache.size.max = 200MB (=209715200) (default)
2022-03-01 02:10:05,878 [pool-534-thread-1] INFO  segmented.SegmentedRaftLogWorker (SegmentedRaftLogWorker.java:<init>(182)) - new a8238d39-ac12-4817-9b36-376d1334b6b2@group-AC941DF88464-SegmentedRaftLogWorker for RaftStorageImpl:Storage Directory /home/runner/work/ozone/ozone/hadoop-ozone/integration-test/target/test-dir/MiniOzoneClusterImpl-274b8b5e-502f-4f00-85bb-070f9627ef71/datanode-0/data/ratis/1bc24772-165e-42a6-b279-ac941df88464
2022-03-01 02:10:05,878 [pool-534-thread-1] INFO  server.RaftServerConfigKeys (ConfUtils.java:logGet(44)) - raft.server.log.queue.byte-limit = 4294967296 (custom)
2022-03-01 02:10:05,878 [pool-534-thread-1] INFO  server.RaftServerConfigKeys (ConfUtils.java:logGet(44)) - raft.server.log.queue.element-limit = 1024 (custom)
2022-03-01 02:10:05,878 [pool-534-thread-1] INFO  server.RaftServerConfigKeys (ConfUtils.java:logGet(44)) - raft.server.log.segment.size.max = 1048576 (custom)
2022-03-01 02:10:05,878 [pool-534-thread-1] INFO  server.RaftServerConfigKeys (ConfUtils.java:logGet(44)) - raft.server.log.preallocated.size = 16384 (custom)
2022-03-01 02:10:05,878 [pool-534-thread-1] INFO  server.RaftServerConfigKeys (ConfUtils.java:logGet(44)) - raft.server.log.force.sync.num = 128 (default)
2022-03-01 02:10:05,878 [pool-534-thread-1] INFO  server.RaftServerConfigKeys (ConfUtils.java:logGet(44)) - raft.server.log.statemachine.data.sync = true (default)
2022-03-01 02:10:05,878 [pool-534-thread-1] INFO  server.RaftServerConfigKeys (ConfUtils.java:logGet(44)) - raft.server.log.statemachine.data.sync.timeout = 10s (default)
2022-03-01 02:10:05,878 [pool-534-thread-1] INFO  server.RaftServerConfigKeys (ConfUtils.java:logGet(44)) - raft.server.log.statemachine.data.sync.timeout.retry = -1 (default)
2022-03-01 02:10:05,879 [pool-534-thread-1] INFO  server.RaftServerConfigKeys (ConfUtils.java:logGet(44)) - raft.server.log.write.buffer.size = 1048576 (custom)
2022-03-01 02:10:05,880 [pool-534-thread-1] INFO  server.RaftServerConfigKeys (ConfUtils.java:logGet(44)) - raft.server.log.statemachine.data.caching.enabled = true (custom)
2022-03-01 02:10:05,880 [EventQueue-PipelineReportForPipelineReportHandler] INFO  pipeline.PipelineManagerImpl (PipelineManagerImpl.java:openPipeline(291)) - Pipeline Pipeline[ Id: 1bc24772-165e-42a6-b279-ac941df88464, Nodes: a8238d39-ac12-4817-9b36-376d1334b6b2{ip: 10.1.0.9, host: fv-az294-952.eaanfquahm5ulb5tj050gcxych.jx.internal.cloudapp.net, ports: [REPLICATION=41557, RATIS=43383, RATIS_ADMIN=43383, RATIS_SERVER=43383, STANDALONE=46325], networkLocation: /default-rack, certSerialId: null, persistedOpState: IN_SERVICE, persistedOpStateExpiryEpochSec: 0}, ReplicationConfig: RATIS/ONE, State:ALLOCATED, leaderId:a8238d39-ac12-4817-9b36-376d1334b6b2, CreationTimestamp2022-03-01T02:10:02.822Z[Etc/UTC]] moved to OPEN state
2022-03-01 02:10:05,880 [pool-534-thread-1] INFO  segmented.SegmentedRaftLogWorker (SegmentedRaftLogWorker.java:lambda$new$0(133)) - a8238d39-ac12-4817-9b36-376d1334b6b2@group-AC941DF88464-SegmentedRaftLogWorker: flushIndex: setUnconditionally 0 -> -1
2022-03-01 02:10:05,880 [pool-534-thread-1] INFO  segmented.SegmentedRaftLogWorker (SegmentedRaftLogWorker.java:lambda$new$0(133)) - a8238d39-ac12-4817-9b36-376d1334b6b2@group-AC941DF88464-SegmentedRaftLogWorker: safeCacheEvictIndex: setUnconditionally 0 -> -1
2022-03-01 02:10:05,883 [pool-534-thread-1] INFO  server.RaftServerConfigKeys (ConfUtils.java:logGet(44)) - raft.server.snapshot.auto.trigger.enabled = true (custom)
2022-03-01 02:10:05,883 [pool-534-thread-1] INFO  server.RaftServerConfigKeys (ConfUtils.java:logGet(44)) - raft.server.snapshot.auto.trigger.threshold = 10000 (custom)
2022-03-01 02:10:05,883 [pool-534-thread-1] INFO  server.RaftServerConfigKeys (ConfUtils.java:logGet(44)) - raft.server.snapshot.retention.file.num = 5 (custom)
2022-03-01 02:10:05,883 [pool-534-thread-1] INFO  server.RaftServerConfigKeys (ConfUtils.java:logGet(44)) - raft.server.log.purge.upto.snapshot.index = false (default)
2022-03-01 02:10:05,883 [pool-534-thread-1] INFO  server.RaftServerConfigKeys (ConfUtils.java:logGet(44)) - raft.server.retrycache.expirytime = 600000ms (custom)
2022-03-01 02:10:05,883 [pool-534-thread-1] INFO  server.RaftServerConfigKeys (ConfUtils.java:logGet(44)) - raft.server.retrycache.statistics.expirytime = 100μs (default)
2022-03-01 02:10:05,884 [pool-534-thread-1] INFO  server.RaftServer$Division (RaftServerImpl.java:start(301)) - a8238d39-ac12-4817-9b36-376d1334b6b2@group-AC941DF88464: start as a follower, conf=-1: [a8238d39-ac12-4817-9b36-376d1334b6b2|rpc:10.1.0.9:43383|priority:1], old=null
2022-03-01 02:10:05,884 [pool-534-thread-1] INFO  server.RaftServer$Division (RaftServerImpl.java:setRole(290)) - a8238d39-ac12-4817-9b36-376d1334b6b2@group-AC941DF88464: changes role from      null to FOLLOWER at term 0 for startAsFollower
2022-03-01 02:10:05,884 [pool-534-thread-1] INFO  impl.RoleInfo (RoleInfo.java:updateAndGet(130)) - a8238d39-ac12-4817-9b36-376d1334b6b2: start a8238d39-ac12-4817-9b36-376d1334b6b2@group-AC941DF88464-FollowerState
2022-03-01 02:10:05,885 [pool-534-thread-1] INFO  util.JmxRegister (JmxRegister.java:tryRegister(44)) - Successfully registered JMX Bean with object name Ratis:service=RaftServer,group=group-AC941DF88464,id=a8238d39-ac12-4817-9b36-376d1334b6b2
2022-03-01 02:10:05,888 [a2e6164a-d2c4-4f22-b3b6-99fe8a11479f@group-070F9627EF71-StateMachineUpdater] INFO  safemode.HealthyPipelineSafeModeRule (HealthyPipelineSafeModeRule.java:initializeRule(152)) - Refreshed total pipeline count is 0, healthy pipeline threshold count is 1
2022-03-01 02:10:05,895 [Command processor thread] INFO  ratis.XceiverServerRatis (XceiverServerRatis.java:addGroup(769)) - Created group PipelineID=1bc24772-165e-42a6-b279-ac941df88464
2022-03-01 02:10:05,895 [Command processor thread] INFO  commandhandler.CreatePipelineCommandHandler (CreatePipelineCommandHandler.java:handle(106)) - Created Pipeline RATIS ONE PipelineID=1bc24772-165e-42a6-b279-ac941df88464.
2022-03-01 02:10:05,900 [Command processor thread] INFO  server.RaftServer (RaftServerProxy.java:addNew(95)) - a8238d39-ac12-4817-9b36-376d1334b6b2: addNew group-B85C749E353E:[f59a0bde-b51c-455e-b156-f6981c95a7d1|rpc:10.1.0.9:39175|priority:0, 013fba9b-be8d-43ad-b612-3b014091f01f|rpc:10.1.0.9:42921|priority:0, a8238d39-ac12-4817-9b36-376d1334b6b2|rpc:10.1.0.9:43383|priority:1] returns group-B85C749E353E:java.util.concurrent.CompletableFuture@229bee1f[Not completed]
2022-03-01 02:10:05,912 [pool-534-thread-1] INFO  server.RaftServer$Division (RaftServerImpl.java:<init>(184)) - a8238d39-ac12-4817-9b36-376d1334b6b2: new RaftServerImpl for group-B85C749E353E:[f59a0bde-b51c-455e-b156-f6981c95a7d1|rpc:10.1.0.9:39175|priority:0, 013fba9b-be8d-43ad-b612-3b014091f01f|rpc:10.1.0.9:42921|priority:0, a8238d39-ac12-4817-9b36-376d1334b6b2|rpc:10.1.0.9:43383|priority:1] with ContainerStateMachine:uninitialized
2022-03-01 02:10:05,912 [pool-534-thread-1] INFO  server.RaftServerConfigKeys (ConfUtils.java:logGet(44)) - raft.server.rpc.timeout.min = 5s (custom)
2022-03-01 02:10:05,912 [pool-534-thread-1] INFO  server.RaftServerConfigKeys (ConfUtils.java:logGet(44)) - raft.server.rpc.timeout.max = 5200ms (custom)
2022-03-01 02:10:05,912 [pool-534-thread-1] INFO  server.RaftServerConfigKeys (ConfUtils.java:logGet(44)) - raft.server.rpc.sleep.time = 25ms (default)
2022-03-01 02:10:05,912 [pool-534-thread-1] INFO  server.RaftServerConfigKeys (ConfUtils.java:logGet(44)) - raft.server.rpc.slowness.timeout = 300s (custom)
2022-03-01 02:10:05,912 [pool-534-thread-1] INFO  server.RaftServerConfigKeys (ConfUtils.java:logGet(44)) - raft.server.leaderelection.leader.step-down.wait-time = 10s (default)
2022-03-01 02:10:05,912 [pool-534-thread-1] INFO  server.RaftServerConfigKeys (ConfUtils.java:logGet(44)) - raft.server.sleep.deviation.threshold = 300ms (default)
2022-03-01 02:10:05,912 [pool-534-thread-1] INFO  server.RaftServerConfigKeys (ConfUtils.java:logGet(44)) - raft.server.log.appender.install.snapshot.enabled = false (custom)
2022-03-01 02:10:05,912 [pool-534-thread-1] INFO  server.RaftServer$Division (ServerState.java:<init>(105)) - a8238d39-ac12-4817-9b36-376d1334b6b2@group-B85C749E353E: ConfigurationManager, init=-1: [f59a0bde-b51c-455e-b156-f6981c95a7d1|rpc:10.1.0.9:39175|priority:0, 013fba9b-be8d-43ad-b612-3b014091f01f|rpc:10.1.0.9:42921|priority:0, a8238d39-ac12-4817-9b36-376d1334b6b2|rpc:10.1.0.9:43383|priority:1], old=null, confs=<EMPTY_MAP>
2022-03-01 02:10:05,912 [pool-534-thread-1] INFO  server.RaftServerConfigKeys (ConfUtils.java:logGet(44)) - raft.server.storage.dir = [/home/runner/work/ozone/ozone/hadoop-ozone/integration-test/target/test-dir/MiniOzoneClusterImpl-274b8b5e-502f-4f00-85bb-070f9627ef71/datanode-0/data/ratis] (custom)
2022-03-01 02:10:05,912 [pool-534-thread-1] INFO  server.RaftServerConfigKeys (ConfUtils.java:logGet(44)) - raft.server.log.corruption.policy = EXCEPTION (default)
2022-03-01 02:10:05,913 [pool-534-thread-1] INFO  server.RaftServerConfigKeys (ConfUtils.java:logGet(44)) - raft.server.storage.free-space.min = 0MB (=0) (default)
2022-03-01 02:10:05,913 [pool-534-thread-1] INFO  storage.RaftStorageDirectory (RaftStorageDirectoryImpl.java:analyzeStorage(135)) - The storage directory /home/runner/work/ozone/ozone/hadoop-ozone/integration-test/target/test-dir/MiniOzoneClusterImpl-274b8b5e-502f-4f00-85bb-070f9627ef71/datanode-0/data/ratis/0af28a4a-d2be-4cf0-96c5-b85c749e353e does not exist. Creating ...
2022-03-01 02:10:05,916 [EventQueue-OpenPipelineForHealthyPipelineSafeModeRule] INFO  safemode.SCMSafeModeManager (HealthyPipelineSafeModeRule.java:process(124)) - SCM in safe mode. Healthy pipelines reported count is 0, required healthy pipeline reported count is 1
2022-03-01 02:10:05,917 [pool-534-thread-1] INFO  storage.RaftStorageDirectory (RaftStorageDirectoryImpl.java:tryLock(230)) - Lock on /home/runner/work/ozone/ozone/hadoop-ozone/integration-test/target/test-dir/MiniOzoneClusterImpl-274b8b5e-502f-4f00-85bb-070f9627ef71/datanode-0/data/ratis/0af28a4a-d2be-4cf0-96c5-b85c749e353e/in_use.lock acquired by nodename 9245@fv-az294-952
2022-03-01 02:10:05,918 [pool-534-thread-1] INFO  storage.RaftStorage (RaftStorageImpl.java:format(89)) - Storage directory /home/runner/work/ozone/ozone/hadoop-ozone/integration-test/target/test-dir/MiniOzoneClusterImpl-274b8b5e-502f-4f00-85bb-070f9627ef71/datanode-0/data/ratis/0af28a4a-d2be-4cf0-96c5-b85c749e353e has been successfully formatted.
2022-03-01 02:10:05,918 [pool-534-thread-1] INFO  ratis.ContainerStateMachine (ContainerStateMachine.java:loadSnapshot(236)) - group-B85C749E353E: The snapshot info is null. Setting the last applied indexto:(t:0, i:~)
2022-03-01 02:10:05,918 [pool-534-thread-1] INFO  server.RaftServerConfigKeys (ConfUtils.java:logGet(44)) - raft.server.notification.no-leader.timeout = 300s (custom)
2022-03-01 02:10:05,918 [pool-534-thread-1] INFO  server.RaftServerConfigKeys (ConfUtils.java:logGet(44)) - raft.server.log.use.memory = false (default)
2022-03-01 02:10:05,918 [pool-534-thread-1] INFO  server.RaftServerConfigKeys (ConfUtils.java:logGet(44)) - raft.server.log.purge.gap = 1000000 (custom)
2022-03-01 02:10:05,918 [pool-534-thread-1] INFO  server.RaftServerConfigKeys (ConfUtils.java:logGet(44)) - raft.server.log.appender.buffer.byte-limit = 33554432 (custom)
2022-03-01 02:10:05,919 [pool-534-thread-1] INFO  server.RaftServerConfigKeys (ConfUtils.java:logGet(44)) - raft.server.log.segment.size.max = 1048576 (custom)
2022-03-01 02:10:05,920 [pool-534-thread-1] INFO  server.RaftServerConfigKeys (ConfUtils.java:logGet(44)) - raft.server.log.segment.cache.num.max = 2 (custom)
2022-03-01 02:10:05,920 [pool-534-thread-1] INFO  server.RaftServerConfigKeys (ConfUtils.java:logGet(44)) - raft.server.log.segment.cache.size.max = 200MB (=209715200) (default)
2022-03-01 02:10:05,920 [pool-534-thread-1] INFO  segmented.SegmentedRaftLogWorker (SegmentedRaftLogWorker.java:<init>(182)) - new a8238d39-ac12-4817-9b36-376d1334b6b2@group-B85C749E353E-SegmentedRaftLogWorker for RaftStorageImpl:Storage Directory /home/runner/work/ozone/ozone/hadoop-ozone/integration-test/target/test-dir/MiniOzoneClusterImpl-274b8b5e-502f-4f00-85bb-070f9627ef71/datanode-0/data/ratis/0af28a4a-d2be-4cf0-96c5-b85c749e353e
2022-03-01 02:10:05,920 [pool-534-thread-1] INFO  server.RaftServerConfigKeys (ConfUtils.java:logGet(44)) - raft.server.log.queue.byte-limit = 4294967296 (custom)
2022-03-01 02:10:05,920 [pool-534-thread-1] INFO  server.RaftServerConfigKeys (ConfUtils.java:logGet(44)) - raft.server.log.queue.element-limit = 1024 (custom)
2022-03-01 02:10:05,920 [pool-534-thread-1] INFO  server.RaftServerConfigKeys (ConfUtils.java:logGet(44)) - raft.server.log.segment.size.max = 1048576 (custom)
2022-03-01 02:10:05,920 [pool-534-thread-1] INFO  server.RaftServerConfigKeys (ConfUtils.java:logGet(44)) - raft.server.log.preallocated.size = 16384 (custom)
2022-03-01 02:10:05,920 [pool-534-thread-1] INFO  server.RaftServerConfigKeys (ConfUtils.java:logGet(44)) - raft.server.log.force.sync.num = 128 (default)
2022-03-01 02:10:05,920 [pool-534-thread-1] INFO  server.RaftServerConfigKeys (ConfUtils.java:logGet(44)) - raft.server.log.statemachine.data.sync = true (default)
2022-03-01 02:10:05,920 [pool-534-thread-1] INFO  server.RaftServerConfigKeys (ConfUtils.java:logGet(44)) - raft.server.log.statemachine.data.sync.timeout = 10s (default)
2022-03-01 02:10:05,920 [pool-534-thread-1] INFO  server.RaftServerConfigKeys (ConfUtils.java:logGet(44)) - raft.server.log.statemachine.data.sync.timeout.retry = -1 (default)
2022-03-01 02:10:05,921 [pool-534-thread-1] INFO  server.RaftServerConfigKeys (ConfUtils.java:logGet(44)) - raft.server.log.write.buffer.size = 1048576 (custom)
2022-03-01 02:10:05,921 [pool-534-thread-1] INFO  server.RaftServerConfigKeys (ConfUtils.java:logGet(44)) - raft.server.log.statemachine.data.caching.enabled = true (custom)
2022-03-01 02:10:05,921 [pool-534-thread-1] INFO  segmented.SegmentedRaftLogWorker (SegmentedRaftLogWorker.java:lambda$new$0(133)) - a8238d39-ac12-4817-9b36-376d1334b6b2@group-B85C749E353E-SegmentedRaftLogWorker: flushIndex: setUnconditionally 0 -> -1
2022-03-01 02:10:05,921 [pool-534-thread-1] INFO  segmented.SegmentedRaftLogWorker (SegmentedRaftLogWorker.java:lambda$new$0(133)) - a8238d39-ac12-4817-9b36-376d1334b6b2@group-B85C749E353E-SegmentedRaftLogWorker: safeCacheEvictIndex: setUnconditionally 0 -> -1
2022-03-01 02:10:05,935 [EventQueue-OpenPipelineForHealthyPipelineSafeModeRule] INFO  safemode.SCMSafeModeManager (HealthyPipelineSafeModeRule.java:process(124)) - SCM in safe mode. Healthy pipelines reported count is 0, required healthy pipeline reported count is 1
2022-03-01 02:10:05,935 [pool-534-thread-1] INFO  server.RaftServerConfigKeys (ConfUtils.java:logGet(44)) - raft.server.snapshot.auto.trigger.enabled = true (custom)
2022-03-01 02:10:05,935 [pool-534-thread-1] INFO  server.RaftServerConfigKeys (ConfUtils.java:logGet(44)) - raft.server.snapshot.auto.trigger.threshold = 10000 (custom)
2022-03-01 02:10:05,935 [pool-534-thread-1] INFO  server.RaftServerConfigKeys (ConfUtils.java:logGet(44)) - raft.server.snapshot.retention.file.num = 5 (custom)
2022-03-01 02:10:05,935 [pool-534-thread-1] INFO  server.RaftServerConfigKeys (ConfUtils.java:logGet(44)) - raft.server.log.purge.upto.snapshot.index = false (default)
2022-03-01 02:10:05,936 [pool-534-thread-1] INFO  server.RaftServerConfigKeys (ConfUtils.java:logGet(44)) - raft.server.retrycache.expirytime = 600000ms (custom)
2022-03-01 02:10:05,936 [pool-534-thread-1] INFO  server.RaftServerConfigKeys (ConfUtils.java:logGet(44)) - raft.server.retrycache.statistics.expirytime = 100μs (default)
2022-03-01 02:10:05,937 [pool-534-thread-1] INFO  server.RaftServer$Division (RaftServerImpl.java:start(301)) - a8238d39-ac12-4817-9b36-376d1334b6b2@group-B85C749E353E: start as a follower, conf=-1: [f59a0bde-b51c-455e-b156-f6981c95a7d1|rpc:10.1.0.9:39175|priority:0, 013fba9b-be8d-43ad-b612-3b014091f01f|rpc:10.1.0.9:42921|priority:0, a8238d39-ac12-4817-9b36-376d1334b6b2|rpc:10.1.0.9:43383|priority:1], old=null
2022-03-01 02:10:05,937 [pool-534-thread-1] INFO  server.RaftServer$Division (RaftServerImpl.java:setRole(290)) - a8238d39-ac12-4817-9b36-376d1334b6b2@group-B85C749E353E: changes role from      null to FOLLOWER at term 0 for startAsFollower
2022-03-01 02:10:05,937 [pool-534-thread-1] INFO  impl.RoleInfo (RoleInfo.java:updateAndGet(130)) - a8238d39-ac12-4817-9b36-376d1334b6b2: start a8238d39-ac12-4817-9b36-376d1334b6b2@group-B85C749E353E-FollowerState
2022-03-01 02:10:05,943 [pool-534-thread-1] INFO  util.JmxRegister (JmxRegister.java:tryRegister(44)) - Successfully registered JMX Bean with object name Ratis:service=RaftServer,group=group-B85C749E353E,id=a8238d39-ac12-4817-9b36-376d1334b6b2
2022-03-01 02:10:05,954 [Command processor thread] INFO  ratis.XceiverServerRatis (XceiverServerRatis.java:addGroup(769)) - Created group PipelineID=0af28a4a-d2be-4cf0-96c5-b85c749e353e
2022-03-01 02:10:05,955 [Listener at 127.0.0.1/35817] INFO  ozone.MiniOzoneClusterImpl (MiniOzoneClusterImpl.java:lambda$waitForClusterToBeReady$0(219)) - Nodes are ready. Got 3 of 3 DN Heartbeats.
2022-03-01 02:10:05,955 [Listener at 127.0.0.1/35817] INFO  ozone.MiniOzoneClusterImpl (MiniOzoneClusterImpl.java:lambda$waitForClusterToBeReady$0(222)) - Waiting for cluster to exit safe mode
2022-03-01 02:10:05,955 [Listener at 127.0.0.1/35817] INFO  ozone.MiniOzoneClusterImpl (MiniOzoneClusterImpl.java:lambda$waitForClusterToBeReady$0(224)) - SCM became leader
2022-03-01 02:10:05,983 [grpc-default-executor-2] INFO  server.RaftServer (RaftServerProxy.java:addNew(95)) - f59a0bde-b51c-455e-b156-f6981c95a7d1: addNew group-B85C749E353E:[f59a0bde-b51c-455e-b156-f6981c95a7d1|rpc:10.1.0.9:39175|dataStream:|priority:0, 013fba9b-be8d-43ad-b612-3b014091f01f|rpc:10.1.0.9:42921|dataStream:|priority:0, a8238d39-ac12-4817-9b36-376d1334b6b2|rpc:10.1.0.9:43383|dataStream:|priority:1] returns group-B85C749E353E:java.util.concurrent.CompletableFuture@e628efe[Not completed]
2022-03-01 02:10:06,028 [pool-576-thread-1] INFO  server.RaftServer$Division (RaftServerImpl.java:<init>(184)) - f59a0bde-b51c-455e-b156-f6981c95a7d1: new RaftServerImpl for group-B85C749E353E:[f59a0bde-b51c-455e-b156-f6981c95a7d1|rpc:10.1.0.9:39175|dataStream:|priority:0, 013fba9b-be8d-43ad-b612-3b014091f01f|rpc:10.1.0.9:42921|dataStream:|priority:0, a8238d39-ac12-4817-9b36-376d1334b6b2|rpc:10.1.0.9:43383|dataStream:|priority:1] with ContainerStateMachine:uninitialized
2022-03-01 02:10:06,039 [pool-576-thread-1] INFO  server.RaftServerConfigKeys (ConfUtils.java:logGet(44)) - raft.server.rpc.timeout.min = 5s (custom)
2022-03-01 02:10:06,039 [pool-576-thread-1] INFO  server.RaftServerConfigKeys (ConfUtils.java:logGet(44)) - raft.server.rpc.timeout.max = 5200ms (custom)
2022-03-01 02:10:06,039 [pool-576-thread-1] INFO  server.RaftServerConfigKeys (ConfUtils.java:logGet(44)) - raft.server.rpc.sleep.time = 25ms (default)
2022-03-01 02:10:06,039 [pool-576-thread-1] INFO  server.RaftServerConfigKeys (ConfUtils.java:logGet(44)) - raft.server.rpc.slowness.timeout = 300s (custom)
2022-03-01 02:10:06,039 [pool-576-thread-1] INFO  server.RaftServerConfigKeys (ConfUtils.java:logGet(44)) - raft.server.leaderelection.leader.step-down.wait-time = 10s (default)
2022-03-01 02:10:06,039 [pool-576-thread-1] INFO  server.RaftServerConfigKeys (ConfUtils.java:logGet(44)) - raft.server.sleep.deviation.threshold = 300ms (default)
2022-03-01 02:10:06,039 [pool-576-thread-1] INFO  server.RaftServerConfigKeys (ConfUtils.java:logGet(44)) - raft.server.log.appender.install.snapshot.enabled = false (custom)
2022-03-01 02:10:06,040 [pool-576-thread-1] INFO  server.RaftServer$Division (ServerState.java:<init>(105)) - f59a0bde-b51c-455e-b156-f6981c95a7d1@group-B85C749E353E: ConfigurationManager, init=-1: [f59a0bde-b51c-455e-b156-f6981c95a7d1|rpc:10.1.0.9:39175|dataStream:|priority:0, 013fba9b-be8d-43ad-b612-3b014091f01f|rpc:10.1.0.9:42921|dataStream:|priority:0, a8238d39-ac12-4817-9b36-376d1334b6b2|rpc:10.1.0.9:43383|dataStream:|priority:1], old=null, confs=<EMPTY_MAP>
2022-03-01 02:10:06,040 [pool-576-thread-1] INFO  server.RaftServerConfigKeys (ConfUtils.java:logGet(44)) - raft.server.storage.dir = [/home/runner/work/ozone/ozone/hadoop-ozone/integration-test/target/test-dir/MiniOzoneClusterImpl-274b8b5e-502f-4f00-85bb-070f9627ef71/datanode-2/data/ratis] (custom)
2022-03-01 02:10:06,040 [pool-576-thread-1] INFO  server.RaftServerConfigKeys (ConfUtils.java:logGet(44)) - raft.server.log.corruption.policy = EXCEPTION (default)
2022-03-01 02:10:06,040 [pool-576-thread-1] INFO  server.RaftServerConfigKeys (ConfUtils.java:logGet(44)) - raft.server.storage.free-space.min = 0MB (=0) (default)
2022-03-01 02:10:06,040 [pool-576-thread-1] INFO  storage.RaftStorageDirectory (RaftStorageDirectoryImpl.java:analyzeStorage(135)) - The storage directory /home/runner/work/ozone/ozone/hadoop-ozone/integration-test/target/test-dir/MiniOzoneClusterImpl-274b8b5e-502f-4f00-85bb-070f9627ef71/datanode-2/data/ratis/0af28a4a-d2be-4cf0-96c5-b85c749e353e does not exist. Creating ...
2022-03-01 02:10:06,041 [pool-576-thread-1] INFO  storage.RaftStorageDirectory (RaftStorageDirectoryImpl.java:tryLock(230)) - Lock on /home/runner/work/ozone/ozone/hadoop-ozone/integration-test/target/test-dir/MiniOzoneClusterImpl-274b8b5e-502f-4f00-85bb-070f9627ef71/datanode-2/data/ratis/0af28a4a-d2be-4cf0-96c5-b85c749e353e/in_use.lock acquired by nodename 9245@fv-az294-952
2022-03-01 02:10:06,060 [pool-576-thread-1] INFO  storage.RaftStorage (RaftStorageImpl.java:format(89)) - Storage directory /home/runner/work/ozone/ozone/hadoop-ozone/integration-test/target/test-dir/MiniOzoneClusterImpl-274b8b5e-502f-4f00-85bb-070f9627ef71/datanode-2/data/ratis/0af28a4a-d2be-4cf0-96c5-b85c749e353e has been successfully formatted.
2022-03-01 02:10:06,107 [pool-576-thread-1] INFO  ratis.ContainerStateMachine (ContainerStateMachine.java:loadSnapshot(236)) - group-B85C749E353E: The snapshot info is null. Setting the last applied indexto:(t:0, i:~)
2022-03-01 02:10:06,113 [pool-576-thread-1] INFO  server.RaftServerConfigKeys (ConfUtils.java:logGet(44)) - raft.server.notification.no-leader.timeout = 300s (custom)
2022-03-01 02:10:06,113 [pool-576-thread-1] INFO  server.RaftServerConfigKeys (ConfUtils.java:logGet(44)) - raft.server.log.use.memory = false (default)
2022-03-01 02:10:06,114 [pool-576-thread-1] INFO  server.RaftServerConfigKeys (ConfUtils.java:logGet(44)) - raft.server.log.purge.gap = 1000000 (custom)
2022-03-01 02:10:06,114 [pool-576-thread-1] INFO  server.RaftServerConfigKeys (ConfUtils.java:logGet(44)) - raft.server.log.appender.buffer.byte-limit = 33554432 (custom)
2022-03-01 02:10:06,115 [pool-576-thread-1] INFO  server.RaftServerConfigKeys (ConfUtils.java:logGet(44)) - raft.server.log.segment.size.max = 1048576 (custom)
2022-03-01 02:10:06,115 [pool-576-thread-1] INFO  server.RaftServerConfigKeys (ConfUtils.java:logGet(44)) - raft.server.log.segment.cache.num.max = 2 (custom)
2022-03-01 02:10:06,115 [pool-576-thread-1] INFO  server.RaftServerConfigKeys (ConfUtils.java:logGet(44)) - raft.server.log.segment.cache.size.max = 200MB (=209715200) (default)
2022-03-01 02:10:06,115 [pool-576-thread-1] INFO  segmented.SegmentedRaftLogWorker (SegmentedRaftLogWorker.java:<init>(182)) - new f59a0bde-b51c-455e-b156-f6981c95a7d1@group-B85C749E353E-SegmentedRaftLogWorker for RaftStorageImpl:Storage Directory /home/runner/work/ozone/ozone/hadoop-ozone/integration-test/target/test-dir/MiniOzoneClusterImpl-274b8b5e-502f-4f00-85bb-070f9627ef71/datanode-2/data/ratis/0af28a4a-d2be-4cf0-96c5-b85c749e353e
2022-03-01 02:10:06,116 [pool-576-thread-1] INFO  server.RaftServerConfigKeys (ConfUtils.java:logGet(44)) - raft.server.log.queue.byte-limit = 4294967296 (custom)
2022-03-01 02:10:06,116 [pool-576-thread-1] INFO  server.RaftServerConfigKeys (ConfUtils.java:logGet(44)) - raft.server.log.queue.element-limit = 1024 (custom)
2022-03-01 02:10:06,116 [pool-576-thread-1] INFO  server.RaftServerConfigKeys (ConfUtils.java:logGet(44)) - raft.server.log.segment.size.max = 1048576 (custom)
2022-03-01 02:10:06,116 [pool-576-thread-1] INFO  server.RaftServerConfigKeys (ConfUtils.java:logGet(44)) - raft.server.log.preallocated.size = 16384 (custom)
2022-03-01 02:10:06,116 [pool-576-thread-1] INFO  server.RaftServerConfigKeys (ConfUtils.java:logGet(44)) - raft.server.log.force.sync.num = 128 (default)
2022-03-01 02:10:06,116 [pool-576-thread-1] INFO  server.RaftServerConfigKeys (ConfUtils.java:logGet(44)) - raft.server.log.statemachine.data.sync = true (default)
2022-03-01 02:10:06,116 [pool-576-thread-1] INFO  server.RaftServerConfigKeys (ConfUtils.java:logGet(44)) - raft.server.log.statemachine.data.sync.timeout = 10s (default)
2022-03-01 02:10:06,116 [pool-576-thread-1] INFO  server.RaftServerConfigKeys (ConfUtils.java:logGet(44)) - raft.server.log.statemachine.data.sync.timeout.retry = -1 (default)
2022-03-01 02:10:06,117 [pool-576-thread-1] INFO  server.RaftServerConfigKeys (ConfUtils.java:logGet(44)) - raft.server.log.write.buffer.size = 1048576 (custom)
2022-03-01 02:10:06,117 [pool-576-thread-1] INFO  server.RaftServerConfigKeys (ConfUtils.java:logGet(44)) - raft.server.log.statemachine.data.caching.enabled = true (custom)
2022-03-01 02:10:06,117 [pool-576-thread-1] INFO  segmented.SegmentedRaftLogWorker (SegmentedRaftLogWorker.java:lambda$new$0(133)) - f59a0bde-b51c-455e-b156-f6981c95a7d1@group-B85C749E353E-SegmentedRaftLogWorker: flushIndex: setUnconditionally 0 -> -1
2022-03-01 02:10:06,117 [pool-576-thread-1] INFO  segmented.SegmentedRaftLogWorker (SegmentedRaftLogWorker.java:lambda$new$0(133)) - f59a0bde-b51c-455e-b156-f6981c95a7d1@group-B85C749E353E-SegmentedRaftLogWorker: safeCacheEvictIndex: setUnconditionally 0 -> -1
2022-03-01 02:10:06,155 [pool-576-thread-1] INFO  server.RaftServerConfigKeys (ConfUtils.java:logGet(44)) - raft.server.snapshot.auto.trigger.enabled = true (custom)
2022-03-01 02:10:06,156 [pool-576-thread-1] INFO  server.RaftServerConfigKeys (ConfUtils.java:logGet(44)) - raft.server.snapshot.auto.trigger.threshold = 10000 (custom)
2022-03-01 02:10:06,156 [pool-576-thread-1] INFO  server.RaftServerConfigKeys (ConfUtils.java:logGet(44)) - raft.server.snapshot.retention.file.num = 5 (custom)
2022-03-01 02:10:06,156 [pool-576-thread-1] INFO  server.RaftServerConfigKeys (ConfUtils.java:logGet(44)) - raft.server.log.purge.upto.snapshot.index = false (default)
2022-03-01 02:10:06,156 [pool-576-thread-1] INFO  server.RaftServerConfigKeys (ConfUtils.java:logGet(44)) - raft.server.retrycache.expirytime = 600000ms (custom)
2022-03-01 02:10:06,156 [pool-576-thread-1] INFO  server.RaftServerConfigKeys (ConfUtils.java:logGet(44)) - raft.server.retrycache.statistics.expirytime = 100μs (default)
2022-03-01 02:10:06,157 [pool-576-thread-1] INFO  server.RaftServer$Division (RaftServerImpl.java:start(301)) - f59a0bde-b51c-455e-b156-f6981c95a7d1@group-B85C749E353E: start as a follower, conf=-1: [f59a0bde-b51c-455e-b156-f6981c95a7d1|rpc:10.1.0.9:39175|dataStream:|priority:0, 013fba9b-be8d-43ad-b612-3b014091f01f|rpc:10.1.0.9:42921|dataStream:|priority:0, a8238d39-ac12-4817-9b36-376d1334b6b2|rpc:10.1.0.9:43383|dataStream:|priority:1], old=null
2022-03-01 02:10:06,157 [pool-576-thread-1] INFO  server.RaftServer$Division (RaftServerImpl.java:setRole(290)) - f59a0bde-b51c-455e-b156-f6981c95a7d1@group-B85C749E353E: changes role from      null to FOLLOWER at term 0 for startAsFollower
2022-03-01 02:10:06,157 [pool-576-thread-1] INFO  impl.RoleInfo (RoleInfo.java:updateAndGet(130)) - f59a0bde-b51c-455e-b156-f6981c95a7d1: start f59a0bde-b51c-455e-b156-f6981c95a7d1@group-B85C749E353E-FollowerState
2022-03-01 02:10:06,181 [pool-576-thread-1] INFO  util.JmxRegister (JmxRegister.java:tryRegister(44)) - Successfully registered JMX Bean with object name Ratis:service=RaftServer,group=group-B85C749E353E,id=f59a0bde-b51c-455e-b156-f6981c95a7d1
2022-03-01 02:10:06,251 [grpc-default-executor-2] INFO  server.RaftServer (RaftServerProxy.java:addNew(95)) - 013fba9b-be8d-43ad-b612-3b014091f01f: addNew group-B85C749E353E:[f59a0bde-b51c-455e-b156-f6981c95a7d1|rpc:10.1.0.9:39175|dataStream:|priority:0, 013fba9b-be8d-43ad-b612-3b014091f01f|rpc:10.1.0.9:42921|dataStream:|priority:0, a8238d39-ac12-4817-9b36-376d1334b6b2|rpc:10.1.0.9:43383|dataStream:|priority:1] returns group-B85C749E353E:java.util.concurrent.CompletableFuture@4607bf41[Not completed]
2022-03-01 02:10:06,252 [pool-555-thread-1] INFO  server.RaftServer$Division (RaftServerImpl.java:<init>(184)) - 013fba9b-be8d-43ad-b612-3b014091f01f: new RaftServerImpl for group-B85C749E353E:[f59a0bde-b51c-455e-b156-f6981c95a7d1|rpc:10.1.0.9:39175|dataStream:|priority:0, 013fba9b-be8d-43ad-b612-3b014091f01f|rpc:10.1.0.9:42921|dataStream:|priority:0, a8238d39-ac12-4817-9b36-376d1334b6b2|rpc:10.1.0.9:43383|dataStream:|priority:1] with ContainerStateMachine:uninitialized
2022-03-01 02:10:06,271 [pool-555-thread-1] INFO  server.RaftServerConfigKeys (ConfUtils.java:logGet(44)) - raft.server.rpc.timeout.min = 5s (custom)
2022-03-01 02:10:06,272 [pool-555-thread-1] INFO  server.RaftServerConfigKeys (ConfUtils.java:logGet(44)) - raft.server.rpc.timeout.max = 5200ms (custom)
2022-03-01 02:10:06,272 [pool-555-thread-1] INFO  server.RaftServerConfigKeys (ConfUtils.java:logGet(44)) - raft.server.rpc.sleep.time = 25ms (default)
2022-03-01 02:10:06,272 [pool-555-thread-1] INFO  server.RaftServerConfigKeys (ConfUtils.java:logGet(44)) - raft.server.rpc.slowness.timeout = 300s (custom)
2022-03-01 02:10:06,272 [pool-555-thread-1] INFO  server.RaftServerConfigKeys (ConfUtils.java:logGet(44)) - raft.server.leaderelection.leader.step-down.wait-time = 10s (default)
2022-03-01 02:10:06,272 [pool-555-thread-1] INFO  server.RaftServerConfigKeys (ConfUtils.java:logGet(44)) - raft.server.sleep.deviation.threshold = 300ms (default)
2022-03-01 02:10:06,272 [pool-555-thread-1] INFO  server.RaftServerConfigKeys (ConfUtils.java:logGet(44)) - raft.server.log.appender.install.snapshot.enabled = false (custom)
2022-03-01 02:10:06,272 [pool-555-thread-1] INFO  server.RaftServer$Division (ServerState.java:<init>(105)) - 013fba9b-be8d-43ad-b612-3b014091f01f@group-B85C749E353E: ConfigurationManager, init=-1: [f59a0bde-b51c-455e-b156-f6981c95a7d1|rpc:10.1.0.9:39175|dataStream:|priority:0, 013fba9b-be8d-43ad-b612-3b014091f01f|rpc:10.1.0.9:42921|dataStream:|priority:0, a8238d39-ac12-4817-9b36-376d1334b6b2|rpc:10.1.0.9:43383|dataStream:|priority:1], old=null, confs=<EMPTY_MAP>
2022-03-01 02:10:06,272 [pool-555-thread-1] INFO  server.RaftServerConfigKeys (ConfUtils.java:logGet(44)) - raft.server.storage.dir = [/home/runner/work/ozone/ozone/hadoop-ozone/integration-test/target/test-dir/MiniOzoneClusterImpl-274b8b5e-502f-4f00-85bb-070f9627ef71/datanode-1/data/ratis] (custom)
2022-03-01 02:10:06,272 [pool-555-thread-1] INFO  server.RaftServerConfigKeys (ConfUtils.java:logGet(44)) - raft.server.log.corruption.policy = EXCEPTION (default)
2022-03-01 02:10:06,272 [pool-555-thread-1] INFO  server.RaftServerConfigKeys (ConfUtils.java:logGet(44)) - raft.server.storage.free-space.min = 0MB (=0) (default)
2022-03-01 02:10:06,273 [pool-555-thread-1] INFO  storage.RaftStorageDirectory (RaftStorageDirectoryImpl.java:analyzeStorage(135)) - The storage directory /home/runner/work/ozone/ozone/hadoop-ozone/integration-test/target/test-dir/MiniOzoneClusterImpl-274b8b5e-502f-4f00-85bb-070f9627ef71/datanode-1/data/ratis/0af28a4a-d2be-4cf0-96c5-b85c749e353e does not exist. Creating ...
2022-03-01 02:10:06,274 [pool-555-thread-1] INFO  storage.RaftStorageDirectory (RaftStorageDirectoryImpl.java:tryLock(230)) - Lock on /home/runner/work/ozone/ozone/hadoop-ozone/integration-test/target/test-dir/MiniOzoneClusterImpl-274b8b5e-502f-4f00-85bb-070f9627ef71/datanode-1/data/ratis/0af28a4a-d2be-4cf0-96c5-b85c749e353e/in_use.lock acquired by nodename 9245@fv-az294-952
2022-03-01 02:10:06,275 [pool-555-thread-1] INFO  storage.RaftStorage (RaftStorageImpl.java:format(89)) - Storage directory /home/runner/work/ozone/ozone/hadoop-ozone/integration-test/target/test-dir/MiniOzoneClusterImpl-274b8b5e-502f-4f00-85bb-070f9627ef71/datanode-1/data/ratis/0af28a4a-d2be-4cf0-96c5-b85c749e353e has been successfully formatted.
2022-03-01 02:10:06,313 [pool-555-thread-1] INFO  ratis.ContainerStateMachine (ContainerStateMachine.java:loadSnapshot(236)) - group-B85C749E353E: The snapshot info is null. Setting the last applied indexto:(t:0, i:~)
2022-03-01 02:10:06,314 [pool-555-thread-1] INFO  server.RaftServerConfigKeys (ConfUtils.java:logGet(44)) - raft.server.notification.no-leader.timeout = 300s (custom)
2022-03-01 02:10:06,314 [pool-555-thread-1] INFO  server.RaftServerConfigKeys (ConfUtils.java:logGet(44)) - raft.server.log.use.memory = false (default)
2022-03-01 02:10:06,314 [pool-555-thread-1] INFO  server.RaftServerConfigKeys (ConfUtils.java:logGet(44)) - raft.server.log.purge.gap = 1000000 (custom)
2022-03-01 02:10:06,314 [pool-555-thread-1] INFO  server.RaftServerConfigKeys (ConfUtils.java:logGet(44)) - raft.server.log.appender.buffer.byte-limit = 33554432 (custom)
2022-03-01 02:10:06,314 [pool-555-thread-1] INFO  server.RaftServerConfigKeys (ConfUtils.java:logGet(44)) - raft.server.log.segment.size.max = 1048576 (custom)
2022-03-01 02:10:06,314 [pool-555-thread-1] INFO  server.RaftServerConfigKeys (ConfUtils.java:logGet(44)) - raft.server.log.segment.cache.num.max = 2 (custom)
2022-03-01 02:10:06,315 [pool-555-thread-1] INFO  server.RaftServerConfigKeys (ConfUtils.java:logGet(44)) - raft.server.log.segment.cache.size.max = 200MB (=209715200) (default)
2022-03-01 02:10:06,315 [pool-555-thread-1] INFO  segmented.SegmentedRaftLogWorker (SegmentedRaftLogWorker.java:<init>(182)) - new 013fba9b-be8d-43ad-b612-3b014091f01f@group-B85C749E353E-SegmentedRaftLogWorker for RaftStorageImpl:Storage Directory /home/runner/work/ozone/ozone/hadoop-ozone/integration-test/target/test-dir/MiniOzoneClusterImpl-274b8b5e-502f-4f00-85bb-070f9627ef71/datanode-1/data/ratis/0af28a4a-d2be-4cf0-96c5-b85c749e353e
2022-03-01 02:10:06,315 [pool-555-thread-1] INFO  server.RaftServerConfigKeys (ConfUtils.java:logGet(44)) - raft.server.log.queue.byte-limit = 4294967296 (custom)
2022-03-01 02:10:06,315 [pool-555-thread-1] INFO  server.RaftServerConfigKeys (ConfUtils.java:logGet(44)) - raft.server.log.queue.element-limit = 1024 (custom)
2022-03-01 02:10:06,315 [pool-555-thread-1] INFO  server.RaftServerConfigKeys (ConfUtils.java:logGet(44)) - raft.server.log.segment.size.max = 1048576 (custom)
2022-03-01 02:10:06,315 [pool-555-thread-1] INFO  server.RaftServerConfigKeys (ConfUtils.java:logGet(44)) - raft.server.log.preallocated.size = 16384 (custom)
2022-03-01 02:10:06,315 [pool-555-thread-1] INFO  server.RaftServerConfigKeys (ConfUtils.java:logGet(44)) - raft.server.log.force.sync.num = 128 (default)
2022-03-01 02:10:06,315 [pool-555-thread-1] INFO  server.RaftServerConfigKeys (ConfUtils.java:logGet(44)) - raft.server.log.statemachine.data.sync = true (default)
2022-03-01 02:10:06,315 [pool-555-thread-1] INFO  server.RaftServerConfigKeys (ConfUtils.java:logGet(44)) - raft.server.log.statemachine.data.sync.timeout = 10s (default)
2022-03-01 02:10:06,315 [pool-555-thread-1] INFO  server.RaftServerConfigKeys (ConfUtils.java:logGet(44)) - raft.server.log.statemachine.data.sync.timeout.retry = -1 (default)
2022-03-01 02:10:06,316 [pool-555-thread-1] INFO  server.RaftServerConfigKeys (ConfUtils.java:logGet(44)) - raft.server.log.write.buffer.size = 1048576 (custom)
2022-03-01 02:10:06,322 [pool-555-thread-1] INFO  server.RaftServerConfigKeys (ConfUtils.java:logGet(44)) - raft.server.log.statemachine.data.caching.enabled = true (custom)
2022-03-01 02:10:06,323 [Command processor thread] INFO  server.RaftServer (RaftServerProxy.java:addNew(95)) - 013fba9b-be8d-43ad-b612-3b014091f01f: addNew group-7FB8A9FC5FAD:[013fba9b-be8d-43ad-b612-3b014091f01f|rpc:10.1.0.9:42921|priority:1] returns group-7FB8A9FC5FAD:java.util.concurrent.CompletableFuture@34228cfd[Not completed]
2022-03-01 02:10:06,323 [pool-555-thread-1] INFO  segmented.SegmentedRaftLogWorker (SegmentedRaftLogWorker.java:lambda$new$0(133)) - 013fba9b-be8d-43ad-b612-3b014091f01f@group-B85C749E353E-SegmentedRaftLogWorker: flushIndex: setUnconditionally 0 -> -1
2022-03-01 02:10:06,323 [pool-555-thread-1] INFO  segmented.SegmentedRaftLogWorker (SegmentedRaftLogWorker.java:lambda$new$0(133)) - 013fba9b-be8d-43ad-b612-3b014091f01f@group-B85C749E353E-SegmentedRaftLogWorker: safeCacheEvictIndex: setUnconditionally 0 -> -1
2022-03-01 02:10:06,335 [pool-555-thread-1] INFO  server.RaftServerConfigKeys (ConfUtils.java:logGet(44)) - raft.server.snapshot.auto.trigger.enabled = true (custom)
2022-03-01 02:10:06,335 [pool-555-thread-1] INFO  server.RaftServerConfigKeys (ConfUtils.java:logGet(44)) - raft.server.snapshot.auto.trigger.threshold = 10000 (custom)
2022-03-01 02:10:06,335 [pool-555-thread-1] INFO  server.RaftServerConfigKeys (ConfUtils.java:logGet(44)) - raft.server.snapshot.retention.file.num = 5 (custom)
2022-03-01 02:10:06,335 [pool-555-thread-1] INFO  server.RaftServerConfigKeys (ConfUtils.java:logGet(44)) - raft.server.log.purge.upto.snapshot.index = false (default)
2022-03-01 02:10:06,335 [pool-555-thread-1] INFO  server.RaftServerConfigKeys (ConfUtils.java:logGet(44)) - raft.server.retrycache.expirytime = 600000ms (custom)
2022-03-01 02:10:06,335 [pool-555-thread-1] INFO  server.RaftServerConfigKeys (ConfUtils.java:logGet(44)) - raft.server.retrycache.statistics.expirytime = 100μs (default)
2022-03-01 02:10:06,337 [pool-555-thread-1] INFO  server.RaftServer$Division (RaftServerImpl.java:<init>(184)) - 013fba9b-be8d-43ad-b612-3b014091f01f: new RaftServerImpl for group-7FB8A9FC5FAD:[013fba9b-be8d-43ad-b612-3b014091f01f|rpc:10.1.0.9:42921|priority:1] with ContainerStateMachine:uninitialized
2022-03-01 02:10:06,337 [pool-555-thread-1] INFO  server.RaftServerConfigKeys (ConfUtils.java:logGet(44)) - raft.server.rpc.timeout.min = 5s (custom)
2022-03-01 02:10:06,337 [pool-555-thread-1] INFO  server.RaftServerConfigKeys (ConfUtils.java:logGet(44)) - raft.server.rpc.timeout.max = 5200ms (custom)
2022-03-01 02:10:06,337 [pool-555-thread-1] INFO  server.RaftServerConfigKeys (ConfUtils.java:logGet(44)) - raft.server.rpc.sleep.time = 25ms (default)
2022-03-01 02:10:06,337 [pool-555-thread-1] INFO  server.RaftServerConfigKeys (ConfUtils.java:logGet(44)) - raft.server.rpc.slowness.timeout = 300s (custom)
2022-03-01 02:10:06,338 [pool-555-thread-1] INFO  server.RaftServerConfigKeys (ConfUtils.java:logGet(44)) - raft.server.leaderelection.leader.step-down.wait-time = 10s (default)
2022-03-01 02:10:06,338 [pool-555-thread-1] INFO  server.RaftServerConfigKeys (ConfUtils.java:logGet(44)) - raft.server.sleep.deviation.threshold = 300ms (default)
2022-03-01 02:10:06,338 [pool-555-thread-1] INFO  server.RaftServerConfigKeys (ConfUtils.java:logGet(44)) - raft.server.log.appender.install.snapshot.enabled = false (custom)
2022-03-01 02:10:06,338 [pool-555-thread-1] INFO  server.RaftServer$Division (ServerState.java:<init>(105)) - 013fba9b-be8d-43ad-b612-3b014091f01f@group-7FB8A9FC5FAD: ConfigurationManager, init=-1: [013fba9b-be8d-43ad-b612-3b014091f01f|rpc:10.1.0.9:42921|priority:1], old=null, confs=<EMPTY_MAP>
2022-03-01 02:10:06,338 [pool-555-thread-1] INFO  server.RaftServerConfigKeys (ConfUtils.java:logGet(44)) - raft.server.storage.dir = [/home/runner/work/ozone/ozone/hadoop-ozone/integration-test/target/test-dir/MiniOzoneClusterImpl-274b8b5e-502f-4f00-85bb-070f9627ef71/datanode-1/data/ratis] (custom)
2022-03-01 02:10:06,338 [pool-555-thread-1] INFO  server.RaftServerConfigKeys (ConfUtils.java:logGet(44)) - raft.server.log.corruption.policy = EXCEPTION (default)
2022-03-01 02:10:06,338 [pool-555-thread-1] INFO  server.RaftServerConfigKeys (ConfUtils.java:logGet(44)) - raft.server.storage.free-space.min = 0MB (=0) (default)
2022-03-01 02:10:06,338 [pool-555-thread-1] INFO  storage.RaftStorageDirectory (RaftStorageDirectoryImpl.java:analyzeStorage(135)) - The storage directory /home/runner/work/ozone/ozone/hadoop-ozone/integration-test/target/test-dir/MiniOzoneClusterImpl-274b8b5e-502f-4f00-85bb-070f9627ef71/datanode-1/data/ratis/c78e87fe-5f27-41d7-b8e8-7fb8a9fc5fad does not exist. Creating ...
2022-03-01 02:10:06,339 [pool-555-thread-1] INFO  storage.RaftStorageDirectory (RaftStorageDirectoryImpl.java:tryLock(230)) - Lock on /home/runner/work/ozone/ozone/hadoop-ozone/integration-test/target/test-dir/MiniOzoneClusterImpl-274b8b5e-502f-4f00-85bb-070f9627ef71/datanode-1/data/ratis/c78e87fe-5f27-41d7-b8e8-7fb8a9fc5fad/in_use.lock acquired by nodename 9245@fv-az294-952
2022-03-01 02:10:06,342 [pool-555-thread-1] INFO  storage.RaftStorage (RaftStorageImpl.java:format(89)) - Storage directory /home/runner/work/ozone/ozone/hadoop-ozone/integration-test/target/test-dir/MiniOzoneClusterImpl-274b8b5e-502f-4f00-85bb-070f9627ef71/datanode-1/data/ratis/c78e87fe-5f27-41d7-b8e8-7fb8a9fc5fad has been successfully formatted.
2022-03-01 02:10:06,345 [pool-555-thread-1] INFO  ratis.ContainerStateMachine (ContainerStateMachine.java:loadSnapshot(236)) - group-7FB8A9FC5FAD: The snapshot info is null. Setting the last applied indexto:(t:0, i:~)
2022-03-01 02:10:06,345 [pool-555-thread-1] INFO  server.RaftServerConfigKeys (ConfUtils.java:logGet(44)) - raft.server.notification.no-leader.timeout = 300s (custom)
2022-03-01 02:10:06,345 [pool-555-thread-1] INFO  server.RaftServerConfigKeys (ConfUtils.java:logGet(44)) - raft.server.log.use.memory = false (default)
2022-03-01 02:10:06,345 [EventQueue-PipelineReportForPipelineReportHandler] INFO  pipeline.PipelineManagerImpl (PipelineManagerImpl.java:openPipeline(291)) - Pipeline Pipeline[ Id: c78e87fe-5f27-41d7-b8e8-7fb8a9fc5fad, Nodes: 013fba9b-be8d-43ad-b612-3b014091f01f{ip: 10.1.0.9, host: fv-az294-952.eaanfquahm5ulb5tj050gcxych.jx.internal.cloudapp.net, ports: [REPLICATION=45855, RATIS=42921, RATIS_ADMIN=42921, RATIS_SERVER=42921, STANDALONE=43915], networkLocation: /default-rack, certSerialId: null, persistedOpState: IN_SERVICE, persistedOpStateExpiryEpochSec: 0}, ReplicationConfig: RATIS/ONE, State:ALLOCATED, leaderId:013fba9b-be8d-43ad-b612-3b014091f01f, CreationTimestamp2022-03-01T02:10:03.330Z[Etc/UTC]] moved to OPEN state
2022-03-01 02:10:06,346 [pool-555-thread-1] INFO  server.RaftServerConfigKeys (ConfUtils.java:logGet(44)) - raft.server.log.purge.gap = 1000000 (custom)
2022-03-01 02:10:06,346 [pool-555-thread-1] INFO  server.RaftServerConfigKeys (ConfUtils.java:logGet(44)) - raft.server.log.appender.buffer.byte-limit = 33554432 (custom)
2022-03-01 02:10:06,347 [a2e6164a-d2c4-4f22-b3b6-99fe8a11479f@group-070F9627EF71-StateMachineUpdater] INFO  safemode.HealthyPipelineSafeModeRule (HealthyPipelineSafeModeRule.java:initializeRule(152)) - Refreshed total pipeline count is 0, healthy pipeline threshold count is 1
2022-03-01 02:10:06,349 [EventQueue-OpenPipelineForHealthyPipelineSafeModeRule] INFO  safemode.SCMSafeModeManager (HealthyPipelineSafeModeRule.java:process(124)) - SCM in safe mode. Healthy pipelines reported count is 0, required healthy pipeline reported count is 1
2022-03-01 02:10:06,349 [pool-555-thread-1] INFO  server.RaftServerConfigKeys (ConfUtils.java:logGet(44)) - raft.server.log.segment.size.max = 1048576 (custom)
2022-03-01 02:10:06,350 [pool-555-thread-1] INFO  server.RaftServerConfigKeys (ConfUtils.java:logGet(44)) - raft.server.log.segment.cache.num.max = 2 (custom)
2022-03-01 02:10:06,350 [pool-555-thread-1] INFO  server.RaftServerConfigKeys (ConfUtils.java:logGet(44)) - raft.server.log.segment.cache.size.max = 200MB (=209715200) (default)
2022-03-01 02:10:06,350 [pool-555-thread-1] INFO  segmented.SegmentedRaftLogWorker (SegmentedRaftLogWorker.java:<init>(182)) - new 013fba9b-be8d-43ad-b612-3b014091f01f@group-7FB8A9FC5FAD-SegmentedRaftLogWorker for RaftStorageImpl:Storage Directory /home/runner/work/ozone/ozone/hadoop-ozone/integration-test/target/test-dir/MiniOzoneClusterImpl-274b8b5e-502f-4f00-85bb-070f9627ef71/datanode-1/data/ratis/c78e87fe-5f27-41d7-b8e8-7fb8a9fc5fad
2022-03-01 02:10:06,350 [pool-555-thread-1] INFO  server.RaftServerConfigKeys (ConfUtils.java:logGet(44)) - raft.server.log.queue.byte-limit = 4294967296 (custom)
2022-03-01 02:10:06,350 [pool-555-thread-1] INFO  server.RaftServerConfigKeys (ConfUtils.java:logGet(44)) - raft.server.log.queue.element-limit = 1024 (custom)
2022-03-01 02:10:06,350 [pool-555-thread-1] INFO  server.RaftServerConfigKeys (ConfUtils.java:logGet(44)) - raft.server.log.segment.size.max = 1048576 (custom)
2022-03-01 02:10:06,350 [pool-555-thread-1] INFO  server.RaftServerConfigKeys (ConfUtils.java:logGet(44)) - raft.server.log.preallocated.size = 16384 (custom)
2022-03-01 02:10:06,350 [pool-555-thread-1] INFO  server.RaftServerConfigKeys (ConfUtils.java:logGet(44)) - raft.server.log.force.sync.num = 128 (default)
2022-03-01 02:10:06,350 [pool-555-thread-1] INFO  server.RaftServerConfigKeys (ConfUtils.java:logGet(44)) - raft.server.log.statemachine.data.sync = true (default)
2022-03-01 02:10:06,350 [pool-555-thread-1] INFO  server.RaftServerConfigKeys (ConfUtils.java:logGet(44)) - raft.server.log.statemachine.data.sync.timeout = 10s (default)
2022-03-01 02:10:06,350 [pool-555-thread-1] INFO  server.RaftServerConfigKeys (ConfUtils.java:logGet(44)) - raft.server.log.statemachine.data.sync.timeout.retry = -1 (default)
2022-03-01 02:10:06,351 [pool-555-thread-1] INFO  server.RaftServerConfigKeys (ConfUtils.java:logGet(44)) - raft.server.log.write.buffer.size = 1048576 (custom)
2022-03-01 02:10:06,356 [pool-555-thread-1] INFO  server.RaftServerConfigKeys (ConfUtils.java:logGet(44)) - raft.server.log.statemachine.data.caching.enabled = true (custom)
2022-03-01 02:10:06,356 [pool-555-thread-1] INFO  segmented.SegmentedRaftLogWorker (SegmentedRaftLogWorker.java:lambda$new$0(133)) - 013fba9b-be8d-43ad-b612-3b014091f01f@group-7FB8A9FC5FAD-SegmentedRaftLogWorker: flushIndex: setUnconditionally 0 -> -1
2022-03-01 02:10:06,356 [pool-555-thread-1] INFO  segmented.SegmentedRaftLogWorker (SegmentedRaftLogWorker.java:lambda$new$0(133)) - 013fba9b-be8d-43ad-b612-3b014091f01f@group-7FB8A9FC5FAD-SegmentedRaftLogWorker: safeCacheEvictIndex: setUnconditionally 0 -> -1
2022-03-01 02:10:06,356 [pool-555-thread-1] INFO  server.RaftServerConfigKeys (ConfUtils.java:logGet(44)) - raft.server.snapshot.auto.trigger.enabled = true (custom)
2022-03-01 02:10:06,356 [pool-555-thread-1] INFO  server.RaftServerConfigKeys (ConfUtils.java:logGet(44)) - raft.server.snapshot.auto.trigger.threshold = 10000 (custom)
2022-03-01 02:10:06,356 [pool-555-thread-1] INFO  server.RaftServerConfigKeys (ConfUtils.java:logGet(44)) - raft.server.snapshot.retention.file.num = 5 (custom)
2022-03-01 02:10:06,356 [pool-555-thread-1] INFO  server.RaftServerConfigKeys (ConfUtils.java:logGet(44)) - raft.server.log.purge.upto.snapshot.index = false (default)
2022-03-01 02:10:06,356 [pool-555-thread-1] INFO  server.RaftServerConfigKeys (ConfUtils.java:logGet(44)) - raft.server.retrycache.expirytime = 600000ms (custom)
2022-03-01 02:10:06,356 [pool-555-thread-1] INFO  server.RaftServerConfigKeys (ConfUtils.java:logGet(44)) - raft.server.retrycache.statistics.expirytime = 100μs (default)
2022-03-01 02:10:06,358 [pool-555-thread-1] INFO  server.RaftServer$Division (RaftServerImpl.java:start(301)) - 013fba9b-be8d-43ad-b612-3b014091f01f@group-B85C749E353E: start as a follower, conf=-1: [f59a0bde-b51c-455e-b156-f6981c95a7d1|rpc:10.1.0.9:39175|dataStream:|priority:0, 013fba9b-be8d-43ad-b612-3b014091f01f|rpc:10.1.0.9:42921|dataStream:|priority:0, a8238d39-ac12-4817-9b36-376d1334b6b2|rpc:10.1.0.9:43383|dataStream:|priority:1], old=null
2022-03-01 02:10:06,358 [pool-555-thread-1] INFO  server.RaftServer$Division (RaftServerImpl.java:setRole(290)) - 013fba9b-be8d-43ad-b612-3b014091f01f@group-B85C749E353E: changes role from      null to FOLLOWER at term 0 for startAsFollower
2022-03-01 02:10:06,358 [pool-555-thread-1] INFO  impl.RoleInfo (RoleInfo.java:updateAndGet(130)) - 013fba9b-be8d-43ad-b612-3b014091f01f: start 013fba9b-be8d-43ad-b612-3b014091f01f@group-B85C749E353E-FollowerState
2022-03-01 02:10:06,358 [pool-555-thread-1] INFO  util.JmxRegister (JmxRegister.java:tryRegister(44)) - Successfully registered JMX Bean with object name Ratis:service=RaftServer,group=group-B85C749E353E,id=013fba9b-be8d-43ad-b612-3b014091f01f
2022-03-01 02:10:06,359 [pool-555-thread-1] INFO  server.RaftServer$Division (RaftServerImpl.java:start(301)) - 013fba9b-be8d-43ad-b612-3b014091f01f@group-7FB8A9FC5FAD: start as a follower, conf=-1: [013fba9b-be8d-43ad-b612-3b014091f01f|rpc:10.1.0.9:42921|priority:1], old=null
2022-03-01 02:10:06,359 [pool-555-thread-1] INFO  server.RaftServer$Division (RaftServerImpl.java:setRole(290)) - 013fba9b-be8d-43ad-b612-3b014091f01f@group-7FB8A9FC5FAD: changes role from      null to FOLLOWER at term 0 for startAsFollower
2022-03-01 02:10:06,359 [pool-555-thread-1] INFO  impl.RoleInfo (RoleInfo.java:updateAndGet(130)) - 013fba9b-be8d-43ad-b612-3b014091f01f: start 013fba9b-be8d-43ad-b612-3b014091f01f@group-7FB8A9FC5FAD-FollowerState
2022-03-01 02:10:06,364 [pool-555-thread-1] INFO  util.JmxRegister (JmxRegister.java:tryRegister(44)) - Successfully registered JMX Bean with object name Ratis:service=RaftServer,group=group-7FB8A9FC5FAD,id=013fba9b-be8d-43ad-b612-3b014091f01f
2022-03-01 02:10:06,371 [Command processor thread] INFO  ratis.XceiverServerRatis (XceiverServerRatis.java:addGroup(769)) - Created group PipelineID=c78e87fe-5f27-41d7-b8e8-7fb8a9fc5fad
2022-03-01 02:10:06,371 [Command processor thread] INFO  commandhandler.CreatePipelineCommandHandler (CreatePipelineCommandHandler.java:handle(106)) - Created Pipeline RATIS ONE PipelineID=c78e87fe-5f27-41d7-b8e8-7fb8a9fc5fad.
2022-03-01 02:10:06,371 [Command processor thread] INFO  server.RaftServer (RaftServerProxy.java:addNew(95)) - 013fba9b-be8d-43ad-b612-3b014091f01f: addNew group-D07D9F95FF8E:[f59a0bde-b51c-455e-b156-f6981c95a7d1|rpc:10.1.0.9:39175|priority:0, 013fba9b-be8d-43ad-b612-3b014091f01f|rpc:10.1.0.9:42921|priority:1, a8238d39-ac12-4817-9b36-376d1334b6b2|rpc:10.1.0.9:43383|priority:0] returns group-D07D9F95FF8E:java.util.concurrent.CompletableFuture@3ae56409[Not completed]
2022-03-01 02:10:06,372 [pool-555-thread-1] INFO  server.RaftServer$Division (RaftServerImpl.java:<init>(184)) - 013fba9b-be8d-43ad-b612-3b014091f01f: new RaftServerImpl for group-D07D9F95FF8E:[f59a0bde-b51c-455e-b156-f6981c95a7d1|rpc:10.1.0.9:39175|priority:0, 013fba9b-be8d-43ad-b612-3b014091f01f|rpc:10.1.0.9:42921|priority:1, a8238d39-ac12-4817-9b36-376d1334b6b2|rpc:10.1.0.9:43383|priority:0] with ContainerStateMachine:uninitialized
2022-03-01 02:10:06,372 [pool-555-thread-1] INFO  server.RaftServerConfigKeys (ConfUtils.java:logGet(44)) - raft.server.rpc.timeout.min = 5s (custom)
2022-03-01 02:10:06,372 [pool-555-thread-1] INFO  server.RaftServerConfigKeys (ConfUtils.java:logGet(44)) - raft.server.rpc.timeout.max = 5200ms (custom)
2022-03-01 02:10:06,372 [pool-555-thread-1] INFO  server.RaftServerConfigKeys (ConfUtils.java:logGet(44)) - raft.server.rpc.sleep.time = 25ms (default)
2022-03-01 02:10:06,372 [pool-555-thread-1] INFO  server.RaftServerConfigKeys (ConfUtils.java:logGet(44)) - raft.server.rpc.slowness.timeout = 300s (custom)
2022-03-01 02:10:06,372 [pool-555-thread-1] INFO  server.RaftServerConfigKeys (ConfUtils.java:logGet(44)) - raft.server.leaderelection.leader.step-down.wait-time = 10s (default)
2022-03-01 02:10:06,372 [pool-555-thread-1] INFO  server.RaftServerConfigKeys (ConfUtils.java:logGet(44)) - raft.server.sleep.deviation.threshold = 300ms (default)
2022-03-01 02:10:06,372 [pool-555-thread-1] INFO  server.RaftServerConfigKeys (ConfUtils.java:logGet(44)) - raft.server.log.appender.install.snapshot.enabled = false (custom)
2022-03-01 02:10:06,373 [pool-555-thread-1] INFO  server.RaftServer$Division (ServerState.java:<init>(105)) - 013fba9b-be8d-43ad-b612-3b014091f01f@group-D07D9F95FF8E: ConfigurationManager, init=-1: [f59a0bde-b51c-455e-b156-f6981c95a7d1|rpc:10.1.0.9:39175|priority:0, 013fba9b-be8d-43ad-b612-3b014091f01f|rpc:10.1.0.9:42921|priority:1, a8238d39-ac12-4817-9b36-376d1334b6b2|rpc:10.1.0.9:43383|priority:0], old=null, confs=<EMPTY_MAP>
2022-03-01 02:10:06,373 [pool-555-thread-1] INFO  server.RaftServerConfigKeys (ConfUtils.java:logGet(44)) - raft.server.storage.dir = [/home/runner/work/ozone/ozone/hadoop-ozone/integration-test/target/test-dir/MiniOzoneClusterImpl-274b8b5e-502f-4f00-85bb-070f9627ef71/datanode-1/data/ratis] (custom)
2022-03-01 02:10:06,373 [pool-555-thread-1] INFO  server.RaftServerConfigKeys (ConfUtils.java:logGet(44)) - raft.server.log.corruption.policy = EXCEPTION (default)
2022-03-01 02:10:06,373 [pool-555-thread-1] INFO  server.RaftServerConfigKeys (ConfUtils.java:logGet(44)) - raft.server.storage.free-space.min = 0MB (=0) (default)
2022-03-01 02:10:06,373 [pool-555-thread-1] INFO  storage.RaftStorageDirectory (RaftStorageDirectoryImpl.java:analyzeStorage(135)) - The storage directory /home/runner/work/ozone/ozone/hadoop-ozone/integration-test/target/test-dir/MiniOzoneClusterImpl-274b8b5e-502f-4f00-85bb-070f9627ef71/datanode-1/data/ratis/89fbaf65-3f65-4e6d-a6f4-d07d9f95ff8e does not exist. Creating ...
2022-03-01 02:10:06,382 [Command processor thread] INFO  commandhandler.CreatePipelineCommandHandler (CreatePipelineCommandHandler.java:handle(106)) - Created Pipeline RATIS THREE PipelineID=0af28a4a-d2be-4cf0-96c5-b85c749e353e.
2022-03-01 02:10:06,414 [pool-555-thread-1] INFO  storage.RaftStorageDirectory (RaftStorageDirectoryImpl.java:tryLock(230)) - Lock on /home/runner/work/ozone/ozone/hadoop-ozone/integration-test/target/test-dir/MiniOzoneClusterImpl-274b8b5e-502f-4f00-85bb-070f9627ef71/datanode-1/data/ratis/89fbaf65-3f65-4e6d-a6f4-d07d9f95ff8e/in_use.lock acquired by nodename 9245@fv-az294-952
2022-03-01 02:10:06,416 [Command processor thread] INFO  server.RaftServer (RaftServerProxy.java:addNew(95)) - a8238d39-ac12-4817-9b36-376d1334b6b2: addNew group-D07D9F95FF8E:[f59a0bde-b51c-455e-b156-f6981c95a7d1|rpc:10.1.0.9:39175|priority:0, 013fba9b-be8d-43ad-b612-3b014091f01f|rpc:10.1.0.9:42921|priority:1, a8238d39-ac12-4817-9b36-376d1334b6b2|rpc:10.1.0.9:43383|priority:0] returns group-D07D9F95FF8E:java.util.concurrent.CompletableFuture@4b2ffee4[Not completed]
2022-03-01 02:10:06,417 [pool-534-thread-1] INFO  server.RaftServer$Division (RaftServerImpl.java:<init>(184)) - a8238d39-ac12-4817-9b36-376d1334b6b2: new RaftServerImpl for group-D07D9F95FF8E:[f59a0bde-b51c-455e-b156-f6981c95a7d1|rpc:10.1.0.9:39175|priority:0, 013fba9b-be8d-43ad-b612-3b014091f01f|rpc:10.1.0.9:42921|priority:1, a8238d39-ac12-4817-9b36-376d1334b6b2|rpc:10.1.0.9:43383|priority:0] with ContainerStateMachine:uninitialized
2022-03-01 02:10:06,417 [pool-534-thread-1] INFO  server.RaftServerConfigKeys (ConfUtils.java:logGet(44)) - raft.server.rpc.timeout.min = 5s (custom)
2022-03-01 02:10:06,417 [pool-534-thread-1] INFO  server.RaftServerConfigKeys (ConfUtils.java:logGet(44)) - raft.server.rpc.timeout.max = 5200ms (custom)
2022-03-01 02:10:06,417 [pool-534-thread-1] INFO  server.RaftServerConfigKeys (ConfUtils.java:logGet(44)) - raft.server.rpc.sleep.time = 25ms (default)
2022-03-01 02:10:06,417 [pool-534-thread-1] INFO  server.RaftServerConfigKeys (ConfUtils.java:logGet(44)) - raft.server.rpc.slowness.timeout = 300s (custom)
2022-03-01 02:10:06,417 [pool-534-thread-1] INFO  server.RaftServerConfigKeys (ConfUtils.java:logGet(44)) - raft.server.leaderelection.leader.step-down.wait-time = 10s (default)
2022-03-01 02:10:06,417 [pool-534-thread-1] INFO  server.RaftServerConfigKeys (ConfUtils.java:logGet(44)) - raft.server.sleep.deviation.threshold = 300ms (default)
2022-03-01 02:10:06,417 [pool-534-thread-1] INFO  server.RaftServerConfigKeys (ConfUtils.java:logGet(44)) - raft.server.log.appender.install.snapshot.enabled = false (custom)
2022-03-01 02:10:06,417 [pool-534-thread-1] INFO  server.RaftServer$Division (ServerState.java:<init>(105)) - a8238d39-ac12-4817-9b36-376d1334b6b2@group-D07D9F95FF8E: ConfigurationManager, init=-1: [f59a0bde-b51c-455e-b156-f6981c95a7d1|rpc:10.1.0.9:39175|priority:0, 013fba9b-be8d-43ad-b612-3b014091f01f|rpc:10.1.0.9:42921|priority:1, a8238d39-ac12-4817-9b36-376d1334b6b2|rpc:10.1.0.9:43383|priority:0], old=null, confs=<EMPTY_MAP>
2022-03-01 02:10:06,417 [pool-534-thread-1] INFO  server.RaftServerConfigKeys (ConfUtils.java:logGet(44)) - raft.server.storage.dir = [/home/runner/work/ozone/ozone/hadoop-ozone/integration-test/target/test-dir/MiniOzoneClusterImpl-274b8b5e-502f-4f00-85bb-070f9627ef71/datanode-0/data/ratis] (custom)
2022-03-01 02:10:06,417 [pool-534-thread-1] INFO  server.RaftServerConfigKeys (ConfUtils.java:logGet(44)) - raft.server.log.corruption.policy = EXCEPTION (default)
2022-03-01 02:10:06,417 [pool-534-thread-1] INFO  server.RaftServerConfigKeys (ConfUtils.java:logGet(44)) - raft.server.storage.free-space.min = 0MB (=0) (default)
2022-03-01 02:10:06,418 [pool-534-thread-1] INFO  storage.RaftStorageDirectory (RaftStorageDirectoryImpl.java:analyzeStorage(135)) - The storage directory /home/runner/work/ozone/ozone/hadoop-ozone/integration-test/target/test-dir/MiniOzoneClusterImpl-274b8b5e-502f-4f00-85bb-070f9627ef71/datanode-0/data/ratis/89fbaf65-3f65-4e6d-a6f4-d07d9f95ff8e does not exist. Creating ...
2022-03-01 02:10:06,419 [pool-555-thread-1] INFO  storage.RaftStorage (RaftStorageImpl.java:format(89)) - Storage directory /home/runner/work/ozone/ozone/hadoop-ozone/integration-test/target/test-dir/MiniOzoneClusterImpl-274b8b5e-502f-4f00-85bb-070f9627ef71/datanode-1/data/ratis/89fbaf65-3f65-4e6d-a6f4-d07d9f95ff8e has been successfully formatted.
2022-03-01 02:10:06,419 [pool-555-thread-1] INFO  ratis.ContainerStateMachine (ContainerStateMachine.java:loadSnapshot(236)) - group-D07D9F95FF8E: The snapshot info is null. Setting the last applied indexto:(t:0, i:~)
2022-03-01 02:10:06,419 [pool-555-thread-1] INFO  server.RaftServerConfigKeys (ConfUtils.java:logGet(44)) - raft.server.notification.no-leader.timeout = 300s (custom)
2022-03-01 02:10:06,419 [pool-555-thread-1] INFO  server.RaftServerConfigKeys (ConfUtils.java:logGet(44)) - raft.server.log.use.memory = false (default)
2022-03-01 02:10:06,419 [pool-555-thread-1] INFO  server.RaftServerConfigKeys (ConfUtils.java:logGet(44)) - raft.server.log.purge.gap = 1000000 (custom)
2022-03-01 02:10:06,419 [pool-555-thread-1] INFO  server.RaftServerConfigKeys (ConfUtils.java:logGet(44)) - raft.server.log.appender.buffer.byte-limit = 33554432 (custom)
2022-03-01 02:10:06,419 [pool-555-thread-1] INFO  server.RaftServerConfigKeys (ConfUtils.java:logGet(44)) - raft.server.log.segment.size.max = 1048576 (custom)
2022-03-01 02:10:06,420 [pool-555-thread-1] INFO  server.RaftServerConfigKeys (ConfUtils.java:logGet(44)) - raft.server.log.segment.cache.num.max = 2 (custom)
2022-03-01 02:10:06,420 [pool-555-thread-1] INFO  server.RaftServerConfigKeys (ConfUtils.java:logGet(44)) - raft.server.log.segment.cache.size.max = 200MB (=209715200) (default)
2022-03-01 02:10:06,420 [pool-555-thread-1] INFO  segmented.SegmentedRaftLogWorker (SegmentedRaftLogWorker.java:<init>(182)) - new 013fba9b-be8d-43ad-b612-3b014091f01f@group-D07D9F95FF8E-SegmentedRaftLogWorker for RaftStorageImpl:Storage Directory /home/runner/work/ozone/ozone/hadoop-ozone/integration-test/target/test-dir/MiniOzoneClusterImpl-274b8b5e-502f-4f00-85bb-070f9627ef71/datanode-1/data/ratis/89fbaf65-3f65-4e6d-a6f4-d07d9f95ff8e
2022-03-01 02:10:06,420 [pool-555-thread-1] INFO  server.RaftServerConfigKeys (ConfUtils.java:logGet(44)) - raft.server.log.queue.byte-limit = 4294967296 (custom)
2022-03-01 02:10:06,420 [pool-555-thread-1] INFO  server.RaftServerConfigKeys (ConfUtils.java:logGet(44)) - raft.server.log.queue.element-limit = 1024 (custom)
2022-03-01 02:10:06,420 [pool-555-thread-1] INFO  server.RaftServerConfigKeys (ConfUtils.java:logGet(44)) - raft.server.log.segment.size.max = 1048576 (custom)
2022-03-01 02:10:06,420 [pool-555-thread-1] INFO  server.RaftServerConfigKeys (ConfUtils.java:logGet(44)) - raft.server.log.preallocated.size = 16384 (custom)
2022-03-01 02:10:06,420 [pool-555-thread-1] INFO  server.RaftServerConfigKeys (ConfUtils.java:logGet(44)) - raft.server.log.force.sync.num = 128 (default)
2022-03-01 02:10:06,420 [pool-555-thread-1] INFO  server.RaftServerConfigKeys (ConfUtils.java:logGet(44)) - raft.server.log.statemachine.data.sync = true (default)
2022-03-01 02:10:06,420 [pool-555-thread-1] INFO  server.RaftServerConfigKeys (ConfUtils.java:logGet(44)) - raft.server.log.statemachine.data.sync.timeout = 10s (default)
2022-03-01 02:10:06,420 [pool-555-thread-1] INFO  server.RaftServerConfigKeys (ConfUtils.java:logGet(44)) - raft.server.log.statemachine.data.sync.timeout.retry = -1 (default)
2022-03-01 02:10:06,421 [pool-555-thread-1] INFO  server.RaftServerConfigKeys (ConfUtils.java:logGet(44)) - raft.server.log.write.buffer.size = 1048576 (custom)
2022-03-01 02:10:06,422 [pool-555-thread-1] INFO  server.RaftServerConfigKeys (ConfUtils.java:logGet(44)) - raft.server.log.statemachine.data.caching.enabled = true (custom)
2022-03-01 02:10:06,422 [pool-555-thread-1] INFO  segmented.SegmentedRaftLogWorker (SegmentedRaftLogWorker.java:lambda$new$0(133)) - 013fba9b-be8d-43ad-b612-3b014091f01f@group-D07D9F95FF8E-SegmentedRaftLogWorker: flushIndex: setUnconditionally 0 -> -1
2022-03-01 02:10:06,422 [pool-555-thread-1] INFO  segmented.SegmentedRaftLogWorker (SegmentedRaftLogWorker.java:lambda$new$0(133)) - 013fba9b-be8d-43ad-b612-3b014091f01f@group-D07D9F95FF8E-SegmentedRaftLogWorker: safeCacheEvictIndex: setUnconditionally 0 -> -1
2022-03-01 02:10:06,422 [pool-534-thread-1] INFO  storage.RaftStorageDirectory (RaftStorageDirectoryImpl.java:tryLock(230)) - Lock on /home/runner/work/ozone/ozone/hadoop-ozone/integration-test/target/test-dir/MiniOzoneClusterImpl-274b8b5e-502f-4f00-85bb-070f9627ef71/datanode-0/data/ratis/89fbaf65-3f65-4e6d-a6f4-d07d9f95ff8e/in_use.lock acquired by nodename 9245@fv-az294-952
2022-03-01 02:10:06,423 [EventQueue-OpenPipelineForHealthyPipelineSafeModeRule] INFO  safemode.SCMSafeModeManager (HealthyPipelineSafeModeRule.java:process(124)) - SCM in safe mode. Healthy pipelines reported count is 0, required healthy pipeline reported count is 1
2022-03-01 02:10:06,425 [pool-534-thread-1] INFO  storage.RaftStorage (RaftStorageImpl.java:format(89)) - Storage directory /home/runner/work/ozone/ozone/hadoop-ozone/integration-test/target/test-dir/MiniOzoneClusterImpl-274b8b5e-502f-4f00-85bb-070f9627ef71/datanode-0/data/ratis/89fbaf65-3f65-4e6d-a6f4-d07d9f95ff8e has been successfully formatted.
2022-03-01 02:10:06,439 [pool-555-thread-1] INFO  server.RaftServerConfigKeys (ConfUtils.java:logGet(44)) - raft.server.snapshot.auto.trigger.enabled = true (custom)
2022-03-01 02:10:06,439 [pool-555-thread-1] INFO  server.RaftServerConfigKeys (ConfUtils.java:logGet(44)) - raft.server.snapshot.auto.trigger.threshold = 10000 (custom)
2022-03-01 02:10:06,439 [pool-555-thread-1] INFO  server.RaftServerConfigKeys (ConfUtils.java:logGet(44)) - raft.server.snapshot.retention.file.num = 5 (custom)
2022-03-01 02:10:06,439 [pool-555-thread-1] INFO  server.RaftServerConfigKeys (ConfUtils.java:logGet(44)) - raft.server.log.purge.upto.snapshot.index = false (default)
2022-03-01 02:10:06,439 [pool-555-thread-1] INFO  server.RaftServerConfigKeys (ConfUtils.java:logGet(44)) - raft.server.retrycache.expirytime = 600000ms (custom)
2022-03-01 02:10:06,439 [pool-555-thread-1] INFO  server.RaftServerConfigKeys (ConfUtils.java:logGet(44)) - raft.server.retrycache.statistics.expirytime = 100μs (default)
2022-03-01 02:10:06,441 [pool-555-thread-1] INFO  server.RaftServer$Division (RaftServerImpl.java:start(301)) - 013fba9b-be8d-43ad-b612-3b014091f01f@group-D07D9F95FF8E: start as a follower, conf=-1: [f59a0bde-b51c-455e-b156-f6981c95a7d1|rpc:10.1.0.9:39175|priority:0, 013fba9b-be8d-43ad-b612-3b014091f01f|rpc:10.1.0.9:42921|priority:1, a8238d39-ac12-4817-9b36-376d1334b6b2|rpc:10.1.0.9:43383|priority:0], old=null
2022-03-01 02:10:06,441 [pool-555-thread-1] INFO  server.RaftServer$Division (RaftServerImpl.java:setRole(290)) - 013fba9b-be8d-43ad-b612-3b014091f01f@group-D07D9F95FF8E: changes role from      null to FOLLOWER at term 0 for startAsFollower
2022-03-01 02:10:06,441 [pool-555-thread-1] INFO  impl.RoleInfo (RoleInfo.java:updateAndGet(130)) - 013fba9b-be8d-43ad-b612-3b014091f01f: start 013fba9b-be8d-43ad-b612-3b014091f01f@group-D07D9F95FF8E-FollowerState
2022-03-01 02:10:06,451 [pool-534-thread-1] INFO  ratis.ContainerStateMachine (ContainerStateMachine.java:loadSnapshot(236)) - group-D07D9F95FF8E: The snapshot info is null. Setting the last applied indexto:(t:0, i:~)
2022-03-01 02:10:06,453 [pool-555-thread-1] INFO  util.JmxRegister (JmxRegister.java:tryRegister(44)) - Successfully registered JMX Bean with object name Ratis:service=RaftServer,group=group-D07D9F95FF8E,id=013fba9b-be8d-43ad-b612-3b014091f01f
2022-03-01 02:10:06,463 [pool-534-thread-1] INFO  server.RaftServerConfigKeys (ConfUtils.java:logGet(44)) - raft.server.notification.no-leader.timeout = 300s (custom)
2022-03-01 02:10:06,463 [pool-534-thread-1] INFO  server.RaftServerConfigKeys (ConfUtils.java:logGet(44)) - raft.server.log.use.memory = false (default)
2022-03-01 02:10:06,463 [pool-534-thread-1] INFO  server.RaftServerConfigKeys (ConfUtils.java:logGet(44)) - raft.server.log.purge.gap = 1000000 (custom)
2022-03-01 02:10:06,463 [pool-534-thread-1] INFO  server.RaftServerConfigKeys (ConfUtils.java:logGet(44)) - raft.server.log.appender.buffer.byte-limit = 33554432 (custom)
2022-03-01 02:10:06,464 [pool-534-thread-1] INFO  server.RaftServerConfigKeys (ConfUtils.java:logGet(44)) - raft.server.log.segment.size.max = 1048576 (custom)
2022-03-01 02:10:06,464 [pool-534-thread-1] INFO  server.RaftServerConfigKeys (ConfUtils.java:logGet(44)) - raft.server.log.segment.cache.num.max = 2 (custom)
2022-03-01 02:10:06,464 [pool-534-thread-1] INFO  server.RaftServerConfigKeys (ConfUtils.java:logGet(44)) - raft.server.log.segment.cache.size.max = 200MB (=209715200) (default)
2022-03-01 02:10:06,464 [pool-534-thread-1] INFO  segmented.SegmentedRaftLogWorker (SegmentedRaftLogWorker.java:<init>(182)) - new a8238d39-ac12-4817-9b36-376d1334b6b2@group-D07D9F95FF8E-SegmentedRaftLogWorker for RaftStorageImpl:Storage Directory /home/runner/work/ozone/ozone/hadoop-ozone/integration-test/target/test-dir/MiniOzoneClusterImpl-274b8b5e-502f-4f00-85bb-070f9627ef71/datanode-0/data/ratis/89fbaf65-3f65-4e6d-a6f4-d07d9f95ff8e
2022-03-01 02:10:06,464 [pool-534-thread-1] INFO  server.RaftServerConfigKeys (ConfUtils.java:logGet(44)) - raft.server.log.queue.byte-limit = 4294967296 (custom)
2022-03-01 02:10:06,464 [pool-534-thread-1] INFO  server.RaftServerConfigKeys (ConfUtils.java:logGet(44)) - raft.server.log.queue.element-limit = 1024 (custom)
2022-03-01 02:10:06,464 [pool-534-thread-1] INFO  server.RaftServerConfigKeys (ConfUtils.java:logGet(44)) - raft.server.log.segment.size.max = 1048576 (custom)
2022-03-01 02:10:06,464 [pool-534-thread-1] INFO  server.RaftServerConfigKeys (ConfUtils.java:logGet(44)) - raft.server.log.preallocated.size = 16384 (custom)
2022-03-01 02:10:06,464 [pool-534-thread-1] INFO  server.RaftServerConfigKeys (ConfUtils.java:logGet(44)) - raft.server.log.force.sync.num = 128 (default)
2022-03-01 02:10:06,464 [pool-534-thread-1] INFO  server.RaftServerConfigKeys (ConfUtils.java:logGet(44)) - raft.server.log.statemachine.data.sync = true (default)
2022-03-01 02:10:06,464 [pool-534-thread-1] INFO  server.RaftServerConfigKeys (ConfUtils.java:logGet(44)) - raft.server.log.statemachine.data.sync.timeout = 10s (default)
2022-03-01 02:10:06,464 [pool-534-thread-1] INFO  server.RaftServerConfigKeys (ConfUtils.java:logGet(44)) - raft.server.log.statemachine.data.sync.timeout.retry = -1 (default)
2022-03-01 02:10:06,465 [pool-534-thread-1] INFO  server.RaftServerConfigKeys (ConfUtils.java:logGet(44)) - raft.server.log.write.buffer.size = 1048576 (custom)
2022-03-01 02:10:06,465 [pool-534-thread-1] INFO  server.RaftServerConfigKeys (ConfUtils.java:logGet(44)) - raft.server.log.statemachine.data.caching.enabled = true (custom)
2022-03-01 02:10:06,466 [pool-534-thread-1] INFO  segmented.SegmentedRaftLogWorker (SegmentedRaftLogWorker.java:lambda$new$0(133)) - a8238d39-ac12-4817-9b36-376d1334b6b2@group-D07D9F95FF8E-SegmentedRaftLogWorker: flushIndex: setUnconditionally 0 -> -1
2022-03-01 02:10:06,466 [pool-534-thread-1] INFO  segmented.SegmentedRaftLogWorker (SegmentedRaftLogWorker.java:lambda$new$0(133)) - a8238d39-ac12-4817-9b36-376d1334b6b2@group-D07D9F95FF8E-SegmentedRaftLogWorker: safeCacheEvictIndex: setUnconditionally 0 -> -1
2022-03-01 02:10:06,466 [Command processor thread] INFO  ratis.XceiverServerRatis (XceiverServerRatis.java:addGroup(769)) - Created group PipelineID=89fbaf65-3f65-4e6d-a6f4-d07d9f95ff8e
2022-03-01 02:10:06,472 [EventQueue-OpenPipelineForHealthyPipelineSafeModeRule] INFO  safemode.SCMSafeModeManager (HealthyPipelineSafeModeRule.java:process(124)) - SCM in safe mode. Healthy pipelines reported count is 0, required healthy pipeline reported count is 1
2022-03-01 02:10:06,474 [pool-534-thread-1] INFO  server.RaftServerConfigKeys (ConfUtils.java:logGet(44)) - raft.server.snapshot.auto.trigger.enabled = true (custom)
2022-03-01 02:10:06,474 [pool-534-thread-1] INFO  server.RaftServerConfigKeys (ConfUtils.java:logGet(44)) - raft.server.snapshot.auto.trigger.threshold = 10000 (custom)
2022-03-01 02:10:06,474 [pool-534-thread-1] INFO  server.RaftServerConfigKeys (ConfUtils.java:logGet(44)) - raft.server.snapshot.retention.file.num = 5 (custom)
2022-03-01 02:10:06,474 [pool-534-thread-1] INFO  server.RaftServerConfigKeys (ConfUtils.java:logGet(44)) - raft.server.log.purge.upto.snapshot.index = false (default)
2022-03-01 02:10:06,474 [pool-534-thread-1] INFO  server.RaftServerConfigKeys (ConfUtils.java:logGet(44)) - raft.server.retrycache.expirytime = 600000ms (custom)
2022-03-01 02:10:06,474 [pool-534-thread-1] INFO  server.RaftServerConfigKeys (ConfUtils.java:logGet(44)) - raft.server.retrycache.statistics.expirytime = 100μs (default)
2022-03-01 02:10:06,475 [pool-534-thread-1] INFO  server.RaftServer$Division (RaftServerImpl.java:start(301)) - a8238d39-ac12-4817-9b36-376d1334b6b2@group-D07D9F95FF8E: start as a follower, conf=-1: [f59a0bde-b51c-455e-b156-f6981c95a7d1|rpc:10.1.0.9:39175|priority:0, 013fba9b-be8d-43ad-b612-3b014091f01f|rpc:10.1.0.9:42921|priority:1, a8238d39-ac12-4817-9b36-376d1334b6b2|rpc:10.1.0.9:43383|priority:0], old=null
2022-03-01 02:10:06,475 [pool-534-thread-1] INFO  server.RaftServer$Division (RaftServerImpl.java:setRole(290)) - a8238d39-ac12-4817-9b36-376d1334b6b2@group-D07D9F95FF8E: changes role from      null to FOLLOWER at term 0 for startAsFollower
2022-03-01 02:10:06,475 [pool-534-thread-1] INFO  impl.RoleInfo (RoleInfo.java:updateAndGet(130)) - a8238d39-ac12-4817-9b36-376d1334b6b2: start a8238d39-ac12-4817-9b36-376d1334b6b2@group-D07D9F95FF8E-FollowerState
2022-03-01 02:10:06,476 [pool-534-thread-1] INFO  util.JmxRegister (JmxRegister.java:tryRegister(44)) - Successfully registered JMX Bean with object name Ratis:service=RaftServer,group=group-D07D9F95FF8E,id=a8238d39-ac12-4817-9b36-376d1334b6b2
2022-03-01 02:10:06,479 [Command processor thread] INFO  ratis.XceiverServerRatis (XceiverServerRatis.java:addGroup(769)) - Created group PipelineID=89fbaf65-3f65-4e6d-a6f4-d07d9f95ff8e
2022-03-01 02:10:06,520 [grpc-default-executor-2] INFO  server.RaftServer (RaftServerProxy.java:addNew(95)) - f59a0bde-b51c-455e-b156-f6981c95a7d1: addNew group-D07D9F95FF8E:[f59a0bde-b51c-455e-b156-f6981c95a7d1|rpc:10.1.0.9:39175|dataStream:|priority:0, 013fba9b-be8d-43ad-b612-3b014091f01f|rpc:10.1.0.9:42921|dataStream:|priority:1, a8238d39-ac12-4817-9b36-376d1334b6b2|rpc:10.1.0.9:43383|dataStream:|priority:0] returns group-D07D9F95FF8E:java.util.concurrent.CompletableFuture@88a8d69[Not completed]
2022-03-01 02:10:06,520 [pool-576-thread-1] INFO  server.RaftServer$Division (RaftServerImpl.java:<init>(184)) - f59a0bde-b51c-455e-b156-f6981c95a7d1: new RaftServerImpl for group-D07D9F95FF8E:[f59a0bde-b51c-455e-b156-f6981c95a7d1|rpc:10.1.0.9:39175|dataStream:|priority:0, 013fba9b-be8d-43ad-b612-3b014091f01f|rpc:10.1.0.9:42921|dataStream:|priority:1, a8238d39-ac12-4817-9b36-376d1334b6b2|rpc:10.1.0.9:43383|dataStream:|priority:0] with ContainerStateMachine:uninitialized
2022-03-01 02:10:06,520 [pool-576-thread-1] INFO  server.RaftServerConfigKeys (ConfUtils.java:logGet(44)) - raft.server.rpc.timeout.min = 5s (custom)
2022-03-01 02:10:06,521 [pool-576-thread-1] INFO  server.RaftServerConfigKeys (ConfUtils.java:logGet(44)) - raft.server.rpc.timeout.max = 5200ms (custom)
2022-03-01 02:10:06,521 [pool-576-thread-1] INFO  server.RaftServerConfigKeys (ConfUtils.java:logGet(44)) - raft.server.rpc.sleep.time = 25ms (default)
2022-03-01 02:10:06,521 [pool-576-thread-1] INFO  server.RaftServerConfigKeys (ConfUtils.java:logGet(44)) - raft.server.rpc.slowness.timeout = 300s (custom)
2022-03-01 02:10:06,521 [pool-576-thread-1] INFO  server.RaftServerConfigKeys (ConfUtils.java:logGet(44)) - raft.server.leaderelection.leader.step-down.wait-time = 10s (default)
2022-03-01 02:10:06,521 [pool-576-thread-1] INFO  server.RaftServerConfigKeys (ConfUtils.java:logGet(44)) - raft.server.sleep.deviation.threshold = 300ms (default)
2022-03-01 02:10:06,521 [pool-576-thread-1] INFO  server.RaftServerConfigKeys (ConfUtils.java:logGet(44)) - raft.server.log.appender.install.snapshot.enabled = false (custom)
2022-03-01 02:10:06,521 [pool-576-thread-1] INFO  server.RaftServer$Division (ServerState.java:<init>(105)) - f59a0bde-b51c-455e-b156-f6981c95a7d1@group-D07D9F95FF8E: ConfigurationManager, init=-1: [f59a0bde-b51c-455e-b156-f6981c95a7d1|rpc:10.1.0.9:39175|dataStream:|priority:0, 013fba9b-be8d-43ad-b612-3b014091f01f|rpc:10.1.0.9:42921|dataStream:|priority:1, a8238d39-ac12-4817-9b36-376d1334b6b2|rpc:10.1.0.9:43383|dataStream:|priority:0], old=null, confs=<EMPTY_MAP>
2022-03-01 02:10:06,521 [pool-576-thread-1] INFO  server.RaftServerConfigKeys (ConfUtils.java:logGet(44)) - raft.server.storage.dir = [/home/runner/work/ozone/ozone/hadoop-ozone/integration-test/target/test-dir/MiniOzoneClusterImpl-274b8b5e-502f-4f00-85bb-070f9627ef71/datanode-2/data/ratis] (custom)
2022-03-01 02:10:06,521 [pool-576-thread-1] INFO  server.RaftServerConfigKeys (ConfUtils.java:logGet(44)) - raft.server.log.corruption.policy = EXCEPTION (default)
2022-03-01 02:10:06,521 [pool-576-thread-1] INFO  server.RaftServerConfigKeys (ConfUtils.java:logGet(44)) - raft.server.storage.free-space.min = 0MB (=0) (default)
2022-03-01 02:10:06,521 [pool-576-thread-1] INFO  storage.RaftStorageDirectory (RaftStorageDirectoryImpl.java:analyzeStorage(135)) - The storage directory /home/runner/work/ozone/ozone/hadoop-ozone/integration-test/target/test-dir/MiniOzoneClusterImpl-274b8b5e-502f-4f00-85bb-070f9627ef71/datanode-2/data/ratis/89fbaf65-3f65-4e6d-a6f4-d07d9f95ff8e does not exist. Creating ...
2022-03-01 02:10:06,522 [pool-576-thread-1] INFO  storage.RaftStorageDirectory (RaftStorageDirectoryImpl.java:tryLock(230)) - Lock on /home/runner/work/ozone/ozone/hadoop-ozone/integration-test/target/test-dir/MiniOzoneClusterImpl-274b8b5e-502f-4f00-85bb-070f9627ef71/datanode-2/data/ratis/89fbaf65-3f65-4e6d-a6f4-d07d9f95ff8e/in_use.lock acquired by nodename 9245@fv-az294-952
2022-03-01 02:10:06,527 [pool-576-thread-1] INFO  storage.RaftStorage (RaftStorageImpl.java:format(89)) - Storage directory /home/runner/work/ozone/ozone/hadoop-ozone/integration-test/target/test-dir/MiniOzoneClusterImpl-274b8b5e-502f-4f00-85bb-070f9627ef71/datanode-2/data/ratis/89fbaf65-3f65-4e6d-a6f4-d07d9f95ff8e has been successfully formatted.
2022-03-01 02:10:06,528 [pool-576-thread-1] INFO  ratis.ContainerStateMachine (ContainerStateMachine.java:loadSnapshot(236)) - group-D07D9F95FF8E: The snapshot info is null. Setting the last applied indexto:(t:0, i:~)
2022-03-01 02:10:06,528 [pool-576-thread-1] INFO  server.RaftServerConfigKeys (ConfUtils.java:logGet(44)) - raft.server.notification.no-leader.timeout = 300s (custom)
2022-03-01 02:10:06,528 [pool-576-thread-1] INFO  server.RaftServerConfigKeys (ConfUtils.java:logGet(44)) - raft.server.log.use.memory = false (default)
2022-03-01 02:10:06,528 [pool-576-thread-1] INFO  server.RaftServerConfigKeys (ConfUtils.java:logGet(44)) - raft.server.log.purge.gap = 1000000 (custom)
2022-03-01 02:10:06,528 [pool-576-thread-1] INFO  server.RaftServerConfigKeys (ConfUtils.java:logGet(44)) - raft.server.log.appender.buffer.byte-limit = 33554432 (custom)
2022-03-01 02:10:06,529 [pool-576-thread-1] INFO  server.RaftServerConfigKeys (ConfUtils.java:logGet(44)) - raft.server.log.segment.size.max = 1048576 (custom)
2022-03-01 02:10:06,531 [pool-576-thread-1] INFO  server.RaftServerConfigKeys (ConfUtils.java:logGet(44)) - raft.server.log.segment.cache.num.max = 2 (custom)
2022-03-01 02:10:06,532 [pool-576-thread-1] INFO  server.RaftServerConfigKeys (ConfUtils.java:logGet(44)) - raft.server.log.segment.cache.size.max = 200MB (=209715200) (default)
2022-03-01 02:10:06,532 [pool-576-thread-1] INFO  segmented.SegmentedRaftLogWorker (SegmentedRaftLogWorker.java:<init>(182)) - new f59a0bde-b51c-455e-b156-f6981c95a7d1@group-D07D9F95FF8E-SegmentedRaftLogWorker for RaftStorageImpl:Storage Directory /home/runner/work/ozone/ozone/hadoop-ozone/integration-test/target/test-dir/MiniOzoneClusterImpl-274b8b5e-502f-4f00-85bb-070f9627ef71/datanode-2/data/ratis/89fbaf65-3f65-4e6d-a6f4-d07d9f95ff8e
2022-03-01 02:10:06,532 [pool-576-thread-1] INFO  server.RaftServerConfigKeys (ConfUtils.java:logGet(44)) - raft.server.log.queue.byte-limit = 4294967296 (custom)
2022-03-01 02:10:06,532 [pool-576-thread-1] INFO  server.RaftServerConfigKeys (ConfUtils.java:logGet(44)) - raft.server.log.queue.element-limit = 1024 (custom)
2022-03-01 02:10:06,532 [pool-576-thread-1] INFO  server.RaftServerConfigKeys (ConfUtils.java:logGet(44)) - raft.server.log.segment.size.max = 1048576 (custom)
2022-03-01 02:10:06,532 [pool-576-thread-1] INFO  server.RaftServerConfigKeys (ConfUtils.java:logGet(44)) - raft.server.log.preallocated.size = 16384 (custom)
2022-03-01 02:10:06,532 [pool-576-thread-1] INFO  server.RaftServerConfigKeys (ConfUtils.java:logGet(44)) - raft.server.log.force.sync.num = 128 (default)
2022-03-01 02:10:06,532 [pool-576-thread-1] INFO  server.RaftServerConfigKeys (ConfUtils.java:logGet(44)) - raft.server.log.statemachine.data.sync = true (default)
2022-03-01 02:10:06,532 [pool-576-thread-1] INFO  server.RaftServerConfigKeys (ConfUtils.java:logGet(44)) - raft.server.log.statemachine.data.sync.timeout = 10s (default)
2022-03-01 02:10:06,532 [pool-576-thread-1] INFO  server.RaftServerConfigKeys (ConfUtils.java:logGet(44)) - raft.server.log.statemachine.data.sync.timeout.retry = -1 (default)
2022-03-01 02:10:06,533 [pool-576-thread-1] INFO  server.RaftServerConfigKeys (ConfUtils.java:logGet(44)) - raft.server.log.write.buffer.size = 1048576 (custom)
2022-03-01 02:10:06,535 [pool-576-thread-1] INFO  server.RaftServerConfigKeys (ConfUtils.java:logGet(44)) - raft.server.log.statemachine.data.caching.enabled = true (custom)
2022-03-01 02:10:06,535 [pool-576-thread-1] INFO  segmented.SegmentedRaftLogWorker (SegmentedRaftLogWorker.java:lambda$new$0(133)) - f59a0bde-b51c-455e-b156-f6981c95a7d1@group-D07D9F95FF8E-SegmentedRaftLogWorker: flushIndex: setUnconditionally 0 -> -1
2022-03-01 02:10:06,536 [pool-576-thread-1] INFO  segmented.SegmentedRaftLogWorker (SegmentedRaftLogWorker.java:lambda$new$0(133)) - f59a0bde-b51c-455e-b156-f6981c95a7d1@group-D07D9F95FF8E-SegmentedRaftLogWorker: safeCacheEvictIndex: setUnconditionally 0 -> -1
2022-03-01 02:10:06,548 [pool-576-thread-1] INFO  server.RaftServerConfigKeys (ConfUtils.java:logGet(44)) - raft.server.snapshot.auto.trigger.enabled = true (custom)
2022-03-01 02:10:06,548 [pool-576-thread-1] INFO  server.RaftServerConfigKeys (ConfUtils.java:logGet(44)) - raft.server.snapshot.auto.trigger.threshold = 10000 (custom)
2022-03-01 02:10:06,548 [pool-576-thread-1] INFO  server.RaftServerConfigKeys (ConfUtils.java:logGet(44)) - raft.server.snapshot.retention.file.num = 5 (custom)
2022-03-01 02:10:06,548 [pool-576-thread-1] INFO  server.RaftServerConfigKeys (ConfUtils.java:logGet(44)) - raft.server.log.purge.upto.snapshot.index = false (default)
2022-03-01 02:10:06,548 [pool-576-thread-1] INFO  server.RaftServerConfigKeys (ConfUtils.java:logGet(44)) - raft.server.retrycache.expirytime = 600000ms (custom)
2022-03-01 02:10:06,548 [pool-576-thread-1] INFO  server.RaftServerConfigKeys (ConfUtils.java:logGet(44)) - raft.server.retrycache.statistics.expirytime = 100μs (default)
2022-03-01 02:10:06,553 [pool-576-thread-1] INFO  server.RaftServer$Division (RaftServerImpl.java:start(301)) - f59a0bde-b51c-455e-b156-f6981c95a7d1@group-D07D9F95FF8E: start as a follower, conf=-1: [f59a0bde-b51c-455e-b156-f6981c95a7d1|rpc:10.1.0.9:39175|dataStream:|priority:0, 013fba9b-be8d-43ad-b612-3b014091f01f|rpc:10.1.0.9:42921|dataStream:|priority:1, a8238d39-ac12-4817-9b36-376d1334b6b2|rpc:10.1.0.9:43383|dataStream:|priority:0], old=null
2022-03-01 02:10:06,554 [pool-576-thread-1] INFO  server.RaftServer$Division (RaftServerImpl.java:setRole(290)) - f59a0bde-b51c-455e-b156-f6981c95a7d1@group-D07D9F95FF8E: changes role from      null to FOLLOWER at term 0 for startAsFollower
2022-03-01 02:10:06,554 [pool-576-thread-1] INFO  impl.RoleInfo (RoleInfo.java:updateAndGet(130)) - f59a0bde-b51c-455e-b156-f6981c95a7d1: start f59a0bde-b51c-455e-b156-f6981c95a7d1@group-D07D9F95FF8E-FollowerState
2022-03-01 02:10:06,563 [pool-576-thread-1] INFO  util.JmxRegister (JmxRegister.java:tryRegister(44)) - Successfully registered JMX Bean with object name Ratis:service=RaftServer,group=group-D07D9F95FF8E,id=f59a0bde-b51c-455e-b156-f6981c95a7d1
2022-03-01 02:10:06,757 [Command processor thread] INFO  commandhandler.CreatePipelineCommandHandler (CreatePipelineCommandHandler.java:handle(106)) - Created Pipeline RATIS THREE PipelineID=89fbaf65-3f65-4e6d-a6f4-d07d9f95ff8e.
2022-03-01 02:10:06,758 [Command processor thread] INFO  commandhandler.CreatePipelineCommandHandler (CreatePipelineCommandHandler.java:handle(106)) - Created Pipeline RATIS THREE PipelineID=89fbaf65-3f65-4e6d-a6f4-d07d9f95ff8e.
2022-03-01 02:10:06,957 [Listener at 127.0.0.1/35817] INFO  ozone.MiniOzoneClusterImpl (MiniOzoneClusterImpl.java:lambda$waitForClusterToBeReady$0(219)) - Nodes are ready. Got 3 of 3 DN Heartbeats.
2022-03-01 02:10:06,957 [Listener at 127.0.0.1/35817] INFO  ozone.MiniOzoneClusterImpl (MiniOzoneClusterImpl.java:lambda$waitForClusterToBeReady$0(222)) - Waiting for cluster to exit safe mode
2022-03-01 02:10:06,957 [Listener at 127.0.0.1/35817] INFO  ozone.MiniOzoneClusterImpl (MiniOzoneClusterImpl.java:lambda$waitForClusterToBeReady$0(224)) - SCM became leader
2022-03-01 02:10:06,991 [Command processor thread] INFO  server.RaftServer (RaftServerProxy.java:addNew(95)) - f59a0bde-b51c-455e-b156-f6981c95a7d1: addNew group-388CF7FF8F24:[f59a0bde-b51c-455e-b156-f6981c95a7d1|rpc:10.1.0.9:39175|priority:1] returns group-388CF7FF8F24:java.util.concurrent.CompletableFuture@1065f6fe[Not completed]
2022-03-01 02:10:06,992 [pool-576-thread-1] INFO  server.RaftServer$Division (RaftServerImpl.java:<init>(184)) - f59a0bde-b51c-455e-b156-f6981c95a7d1: new RaftServerImpl for group-388CF7FF8F24:[f59a0bde-b51c-455e-b156-f6981c95a7d1|rpc:10.1.0.9:39175|priority:1] with ContainerStateMachine:uninitialized
2022-03-01 02:10:06,992 [pool-576-thread-1] INFO  server.RaftServerConfigKeys (ConfUtils.java:logGet(44)) - raft.server.rpc.timeout.min = 5s (custom)
2022-03-01 02:10:06,992 [pool-576-thread-1] INFO  server.RaftServerConfigKeys (ConfUtils.java:logGet(44)) - raft.server.rpc.timeout.max = 5200ms (custom)
2022-03-01 02:10:06,992 [pool-576-thread-1] INFO  server.RaftServerConfigKeys (ConfUtils.java:logGet(44)) - raft.server.rpc.sleep.time = 25ms (default)
2022-03-01 02:10:06,992 [pool-576-thread-1] INFO  server.RaftServerConfigKeys (ConfUtils.java:logGet(44)) - raft.server.rpc.slowness.timeout = 300s (custom)
2022-03-01 02:10:06,992 [pool-576-thread-1] INFO  server.RaftServerConfigKeys (ConfUtils.java:logGet(44)) - raft.server.leaderelection.leader.step-down.wait-time = 10s (default)
2022-03-01 02:10:06,992 [pool-576-thread-1] INFO  server.RaftServerConfigKeys (ConfUtils.java:logGet(44)) - raft.server.sleep.deviation.threshold = 300ms (default)
2022-03-01 02:10:06,992 [pool-576-thread-1] INFO  server.RaftServerConfigKeys (ConfUtils.java:logGet(44)) - raft.server.log.appender.install.snapshot.enabled = false (custom)
2022-03-01 02:10:06,992 [pool-576-thread-1] INFO  server.RaftServer$Division (ServerState.java:<init>(105)) - f59a0bde-b51c-455e-b156-f6981c95a7d1@group-388CF7FF8F24: ConfigurationManager, init=-1: [f59a0bde-b51c-455e-b156-f6981c95a7d1|rpc:10.1.0.9:39175|priority:1], old=null, confs=<EMPTY_MAP>
2022-03-01 02:10:06,992 [pool-576-thread-1] INFO  server.RaftServerConfigKeys (ConfUtils.java:logGet(44)) - raft.server.storage.dir = [/home/runner/work/ozone/ozone/hadoop-ozone/integration-test/target/test-dir/MiniOzoneClusterImpl-274b8b5e-502f-4f00-85bb-070f9627ef71/datanode-2/data/ratis] (custom)
2022-03-01 02:10:06,992 [pool-576-thread-1] INFO  server.RaftServerConfigKeys (ConfUtils.java:logGet(44)) - raft.server.log.corruption.policy = EXCEPTION (default)
2022-03-01 02:10:06,992 [pool-576-thread-1] INFO  server.RaftServerConfigKeys (ConfUtils.java:logGet(44)) - raft.server.storage.free-space.min = 0MB (=0) (default)
2022-03-01 02:10:06,993 [pool-576-thread-1] INFO  storage.RaftStorageDirectory (RaftStorageDirectoryImpl.java:analyzeStorage(135)) - The storage directory /home/runner/work/ozone/ozone/hadoop-ozone/integration-test/target/test-dir/MiniOzoneClusterImpl-274b8b5e-502f-4f00-85bb-070f9627ef71/datanode-2/data/ratis/b32df22d-70dd-4084-b428-388cf7ff8f24 does not exist. Creating ...
2022-03-01 02:10:06,994 [pool-576-thread-1] INFO  storage.RaftStorageDirectory (RaftStorageDirectoryImpl.java:tryLock(230)) - Lock on /home/runner/work/ozone/ozone/hadoop-ozone/integration-test/target/test-dir/MiniOzoneClusterImpl-274b8b5e-502f-4f00-85bb-070f9627ef71/datanode-2/data/ratis/b32df22d-70dd-4084-b428-388cf7ff8f24/in_use.lock acquired by nodename 9245@fv-az294-952
2022-03-01 02:10:06,996 [pool-576-thread-1] INFO  storage.RaftStorage (RaftStorageImpl.java:format(89)) - Storage directory /home/runner/work/ozone/ozone/hadoop-ozone/integration-test/target/test-dir/MiniOzoneClusterImpl-274b8b5e-502f-4f00-85bb-070f9627ef71/datanode-2/data/ratis/b32df22d-70dd-4084-b428-388cf7ff8f24 has been successfully formatted.
2022-03-01 02:10:06,997 [pool-576-thread-1] INFO  ratis.ContainerStateMachine (ContainerStateMachine.java:loadSnapshot(236)) - group-388CF7FF8F24: The snapshot info is null. Setting the last applied indexto:(t:0, i:~)
2022-03-01 02:10:06,997 [pool-576-thread-1] INFO  server.RaftServerConfigKeys (ConfUtils.java:logGet(44)) - raft.server.notification.no-leader.timeout = 300s (custom)
2022-03-01 02:10:06,997 [pool-576-thread-1] INFO  server.RaftServerConfigKeys (ConfUtils.java:logGet(44)) - raft.server.log.use.memory = false (default)
2022-03-01 02:10:06,997 [pool-576-thread-1] INFO  server.RaftServerConfigKeys (ConfUtils.java:logGet(44)) - raft.server.log.purge.gap = 1000000 (custom)
2022-03-01 02:10:06,997 [pool-576-thread-1] INFO  server.RaftServerConfigKeys (ConfUtils.java:logGet(44)) - raft.server.log.appender.buffer.byte-limit = 33554432 (custom)
2022-03-01 02:10:06,998 [EventQueue-PipelineReportForPipelineReportHandler] INFO  pipeline.PipelineManagerImpl (PipelineManagerImpl.java:openPipeline(291)) - Pipeline Pipeline[ Id: b32df22d-70dd-4084-b428-388cf7ff8f24, Nodes: f59a0bde-b51c-455e-b156-f6981c95a7d1{ip: 10.1.0.9, host: fv-az294-952.eaanfquahm5ulb5tj050gcxych.jx.internal.cloudapp.net, ports: [REPLICATION=46877, RATIS=39175, RATIS_ADMIN=39175, RATIS_SERVER=39175, STANDALONE=34197], networkLocation: /default-rack, certSerialId: null, persistedOpState: IN_SERVICE, persistedOpStateExpiryEpochSec: 0}, ReplicationConfig: RATIS/ONE, State:ALLOCATED, leaderId:f59a0bde-b51c-455e-b156-f6981c95a7d1, CreationTimestamp2022-03-01T02:10:03.996Z[Etc/UTC]] moved to OPEN state
2022-03-01 02:10:07,000 [pool-576-thread-1] INFO  server.RaftServerConfigKeys (ConfUtils.java:logGet(44)) - raft.server.log.segment.size.max = 1048576 (custom)
2022-03-01 02:10:07,001 [a2e6164a-d2c4-4f22-b3b6-99fe8a11479f@group-070F9627EF71-StateMachineUpdater] INFO  safemode.HealthyPipelineSafeModeRule (HealthyPipelineSafeModeRule.java:initializeRule(152)) - Refreshed total pipeline count is 0, healthy pipeline threshold count is 1
2022-03-01 02:10:07,003 [EventQueue-OpenPipelineForHealthyPipelineSafeModeRule] INFO  safemode.SCMSafeModeManager (HealthyPipelineSafeModeRule.java:process(124)) - SCM in safe mode. Healthy pipelines reported count is 0, required healthy pipeline reported count is 1
2022-03-01 02:10:07,003 [pool-576-thread-1] INFO  server.RaftServerConfigKeys (ConfUtils.java:logGet(44)) - raft.server.log.segment.cache.num.max = 2 (custom)
2022-03-01 02:10:07,003 [pool-576-thread-1] INFO  server.RaftServerConfigKeys (ConfUtils.java:logGet(44)) - raft.server.log.segment.cache.size.max = 200MB (=209715200) (default)
2022-03-01 02:10:07,003 [pool-576-thread-1] INFO  segmented.SegmentedRaftLogWorker (SegmentedRaftLogWorker.java:<init>(182)) - new f59a0bde-b51c-455e-b156-f6981c95a7d1@group-388CF7FF8F24-SegmentedRaftLogWorker for RaftStorageImpl:Storage Directory /home/runner/work/ozone/ozone/hadoop-ozone/integration-test/target/test-dir/MiniOzoneClusterImpl-274b8b5e-502f-4f00-85bb-070f9627ef71/datanode-2/data/ratis/b32df22d-70dd-4084-b428-388cf7ff8f24
2022-03-01 02:10:07,003 [pool-576-thread-1] INFO  server.RaftServerConfigKeys (ConfUtils.java:logGet(44)) - raft.server.log.queue.byte-limit = 4294967296 (custom)
2022-03-01 02:10:07,004 [pool-576-thread-1] INFO  server.RaftServerConfigKeys (ConfUtils.java:logGet(44)) - raft.server.log.queue.element-limit = 1024 (custom)
2022-03-01 02:10:07,004 [pool-576-thread-1] INFO  server.RaftServerConfigKeys (ConfUtils.java:logGet(44)) - raft.server.log.segment.size.max = 1048576 (custom)
2022-03-01 02:10:07,004 [pool-576-thread-1] INFO  server.RaftServerConfigKeys (ConfUtils.java:logGet(44)) - raft.server.log.preallocated.size = 16384 (custom)
2022-03-01 02:10:07,004 [pool-576-thread-1] INFO  server.RaftServerConfigKeys (ConfUtils.java:logGet(44)) - raft.server.log.force.sync.num = 128 (default)
2022-03-01 02:10:07,004 [pool-576-thread-1] INFO  server.RaftServerConfigKeys (ConfUtils.java:logGet(44)) - raft.server.log.statemachine.data.sync = true (default)
2022-03-01 02:10:07,004 [pool-576-thread-1] INFO  server.RaftServerConfigKeys (ConfUtils.java:logGet(44)) - raft.server.log.statemachine.data.sync.timeout = 10s (default)
2022-03-01 02:10:07,004 [pool-576-thread-1] INFO  server.RaftServerConfigKeys (ConfUtils.java:logGet(44)) - raft.server.log.statemachine.data.sync.timeout.retry = -1 (default)
2022-03-01 02:10:07,005 [pool-576-thread-1] INFO  server.RaftServerConfigKeys (ConfUtils.java:logGet(44)) - raft.server.log.write.buffer.size = 1048576 (custom)
2022-03-01 02:10:07,005 [pool-576-thread-1] INFO  server.RaftServerConfigKeys (ConfUtils.java:logGet(44)) - raft.server.log.statemachine.data.caching.enabled = true (custom)
2022-03-01 02:10:07,005 [pool-576-thread-1] INFO  segmented.SegmentedRaftLogWorker (SegmentedRaftLogWorker.java:lambda$new$0(133)) - f59a0bde-b51c-455e-b156-f6981c95a7d1@group-388CF7FF8F24-SegmentedRaftLogWorker: flushIndex: setUnconditionally 0 -> -1
2022-03-01 02:10:07,005 [pool-576-thread-1] INFO  segmented.SegmentedRaftLogWorker (SegmentedRaftLogWorker.java:lambda$new$0(133)) - f59a0bde-b51c-455e-b156-f6981c95a7d1@group-388CF7FF8F24-SegmentedRaftLogWorker: safeCacheEvictIndex: setUnconditionally 0 -> -1
2022-03-01 02:10:07,027 [pool-576-thread-1] INFO  server.RaftServerConfigKeys (ConfUtils.java:logGet(44)) - raft.server.snapshot.auto.trigger.enabled = true (custom)
2022-03-01 02:10:07,027 [pool-576-thread-1] INFO  server.RaftServerConfigKeys (ConfUtils.java:logGet(44)) - raft.server.snapshot.auto.trigger.threshold = 10000 (custom)
2022-03-01 02:10:07,027 [pool-576-thread-1] INFO  server.RaftServerConfigKeys (ConfUtils.java:logGet(44)) - raft.server.snapshot.retention.file.num = 5 (custom)
2022-03-01 02:10:07,027 [pool-576-thread-1] INFO  server.RaftServerConfigKeys (ConfUtils.java:logGet(44)) - raft.server.log.purge.upto.snapshot.index = false (default)
2022-03-01 02:10:07,027 [pool-576-thread-1] INFO  server.RaftServerConfigKeys (ConfUtils.java:logGet(44)) - raft.server.retrycache.expirytime = 600000ms (custom)
2022-03-01 02:10:07,028 [pool-576-thread-1] INFO  server.RaftServerConfigKeys (ConfUtils.java:logGet(44)) - raft.server.retrycache.statistics.expirytime = 100μs (default)
2022-03-01 02:10:07,029 [pool-576-thread-1] INFO  server.RaftServer$Division (RaftServerImpl.java:start(301)) - f59a0bde-b51c-455e-b156-f6981c95a7d1@group-388CF7FF8F24: start as a follower, conf=-1: [f59a0bde-b51c-455e-b156-f6981c95a7d1|rpc:10.1.0.9:39175|priority:1], old=null
2022-03-01 02:10:07,029 [pool-576-thread-1] INFO  server.RaftServer$Division (RaftServerImpl.java:setRole(290)) - f59a0bde-b51c-455e-b156-f6981c95a7d1@group-388CF7FF8F24: changes role from      null to FOLLOWER at term 0 for startAsFollower
2022-03-01 02:10:07,029 [pool-576-thread-1] INFO  impl.RoleInfo (RoleInfo.java:updateAndGet(130)) - f59a0bde-b51c-455e-b156-f6981c95a7d1: start f59a0bde-b51c-455e-b156-f6981c95a7d1@group-388CF7FF8F24-FollowerState
2022-03-01 02:10:07,039 [pool-576-thread-1] INFO  util.JmxRegister (JmxRegister.java:tryRegister(44)) - Successfully registered JMX Bean with object name Ratis:service=RaftServer,group=group-388CF7FF8F24,id=f59a0bde-b51c-455e-b156-f6981c95a7d1
2022-03-01 02:10:07,047 [Command processor thread] INFO  ratis.XceiverServerRatis (XceiverServerRatis.java:addGroup(769)) - Created group PipelineID=b32df22d-70dd-4084-b428-388cf7ff8f24
2022-03-01 02:10:07,047 [Command processor thread] INFO  commandhandler.CreatePipelineCommandHandler (CreatePipelineCommandHandler.java:handle(106)) - Created Pipeline RATIS ONE PipelineID=b32df22d-70dd-4084-b428-388cf7ff8f24.
2022-03-01 02:10:07,958 [Listener at 127.0.0.1/35817] INFO  ozone.MiniOzoneClusterImpl (MiniOzoneClusterImpl.java:lambda$waitForClusterToBeReady$0(219)) - Nodes are ready. Got 3 of 3 DN Heartbeats.
2022-03-01 02:10:07,958 [Listener at 127.0.0.1/35817] INFO  ozone.MiniOzoneClusterImpl (MiniOzoneClusterImpl.java:lambda$waitForClusterToBeReady$0(222)) - Waiting for cluster to exit safe mode
2022-03-01 02:10:07,958 [Listener at 127.0.0.1/35817] INFO  ozone.MiniOzoneClusterImpl (MiniOzoneClusterImpl.java:lambda$waitForClusterToBeReady$0(224)) - SCM became leader
2022-03-01 02:10:08,958 [Listener at 127.0.0.1/35817] INFO  ozone.MiniOzoneClusterImpl (MiniOzoneClusterImpl.java:lambda$waitForClusterToBeReady$0(219)) - Nodes are ready. Got 3 of 3 DN Heartbeats.
2022-03-01 02:10:08,959 [Listener at 127.0.0.1/35817] INFO  ozone.MiniOzoneClusterImpl (MiniOzoneClusterImpl.java:lambda$waitForClusterToBeReady$0(222)) - Waiting for cluster to exit safe mode
2022-03-01 02:10:08,959 [Listener at 127.0.0.1/35817] INFO  ozone.MiniOzoneClusterImpl (MiniOzoneClusterImpl.java:lambda$waitForClusterToBeReady$0(224)) - SCM became leader
2022-03-01 02:10:09,959 [Listener at 127.0.0.1/35817] INFO  ozone.MiniOzoneClusterImpl (MiniOzoneClusterImpl.java:lambda$waitForClusterToBeReady$0(219)) - Nodes are ready. Got 3 of 3 DN Heartbeats.
2022-03-01 02:10:09,959 [Listener at 127.0.0.1/35817] INFO  ozone.MiniOzoneClusterImpl (MiniOzoneClusterImpl.java:lambda$waitForClusterToBeReady$0(222)) - Waiting for cluster to exit safe mode
2022-03-01 02:10:09,959 [Listener at 127.0.0.1/35817] INFO  ozone.MiniOzoneClusterImpl (MiniOzoneClusterImpl.java:lambda$waitForClusterToBeReady$0(224)) - SCM became leader
2022-03-01 02:10:10,963 [Listener at 127.0.0.1/35817] INFO  ozone.MiniOzoneClusterImpl (MiniOzoneClusterImpl.java:lambda$waitForClusterToBeReady$0(219)) - Nodes are ready. Got 3 of 3 DN Heartbeats.
2022-03-01 02:10:10,963 [Listener at 127.0.0.1/35817] INFO  ozone.MiniOzoneClusterImpl (MiniOzoneClusterImpl.java:lambda$waitForClusterToBeReady$0(222)) - Waiting for cluster to exit safe mode
2022-03-01 02:10:10,964 [Listener at 127.0.0.1/35817] INFO  ozone.MiniOzoneClusterImpl (MiniOzoneClusterImpl.java:lambda$waitForClusterToBeReady$0(224)) - SCM became leader
2022-03-01 02:10:10,967 [a8238d39-ac12-4817-9b36-376d1334b6b2@group-AC941DF88464-FollowerState] INFO  impl.FollowerState (FollowerState.java:run(134)) - a8238d39-ac12-4817-9b36-376d1334b6b2@group-AC941DF88464-FollowerState: change to CANDIDATE, lastRpcElapsedTime:5082768696ns, electionTimeout:5081ms
2022-03-01 02:10:10,967 [a8238d39-ac12-4817-9b36-376d1334b6b2@group-AC941DF88464-FollowerState] INFO  impl.RoleInfo (RoleInfo.java:shutdownFollowerState(108)) - a8238d39-ac12-4817-9b36-376d1334b6b2: shutdown a8238d39-ac12-4817-9b36-376d1334b6b2@group-AC941DF88464-FollowerState
2022-03-01 02:10:10,967 [a8238d39-ac12-4817-9b36-376d1334b6b2@group-AC941DF88464-FollowerState] INFO  server.RaftServer$Division (RaftServerImpl.java:setRole(290)) - a8238d39-ac12-4817-9b36-376d1334b6b2@group-AC941DF88464: changes role from  FOLLOWER to CANDIDATE at term 0 for changeToCandidate
2022-03-01 02:10:10,967 [a8238d39-ac12-4817-9b36-376d1334b6b2@group-AC941DF88464-FollowerState] INFO  server.RaftServerConfigKeys (ConfUtils.java:logGet(44)) - raft.server.leaderelection.pre-vote = false (custom)
2022-03-01 02:10:10,968 [a8238d39-ac12-4817-9b36-376d1334b6b2@group-AC941DF88464-FollowerState] INFO  impl.RoleInfo (RoleInfo.java:updateAndGet(130)) - a8238d39-ac12-4817-9b36-376d1334b6b2: start a8238d39-ac12-4817-9b36-376d1334b6b2@group-AC941DF88464-LeaderElection58
2022-03-01 02:10:10,991 [a8238d39-ac12-4817-9b36-376d1334b6b2@group-B85C749E353E-FollowerState] INFO  impl.FollowerState (FollowerState.java:run(134)) - a8238d39-ac12-4817-9b36-376d1334b6b2@group-B85C749E353E-FollowerState: change to CANDIDATE, lastRpcElapsedTime:5053563764ns, electionTimeout:5037ms
2022-03-01 02:10:10,991 [a8238d39-ac12-4817-9b36-376d1334b6b2@group-B85C749E353E-FollowerState] INFO  impl.RoleInfo (RoleInfo.java:shutdownFollowerState(108)) - a8238d39-ac12-4817-9b36-376d1334b6b2: shutdown a8238d39-ac12-4817-9b36-376d1334b6b2@group-B85C749E353E-FollowerState
2022-03-01 02:10:10,991 [a8238d39-ac12-4817-9b36-376d1334b6b2@group-B85C749E353E-FollowerState] INFO  server.RaftServer$Division (RaftServerImpl.java:setRole(290)) - a8238d39-ac12-4817-9b36-376d1334b6b2@group-B85C749E353E: changes role from  FOLLOWER to CANDIDATE at term 0 for changeToCandidate
2022-03-01 02:10:10,991 [a8238d39-ac12-4817-9b36-376d1334b6b2@group-B85C749E353E-FollowerState] INFO  server.RaftServerConfigKeys (ConfUtils.java:logGet(44)) - raft.server.leaderelection.pre-vote = false (custom)
2022-03-01 02:10:10,991 [a8238d39-ac12-4817-9b36-376d1334b6b2@group-B85C749E353E-FollowerState] INFO  impl.RoleInfo (RoleInfo.java:updateAndGet(130)) - a8238d39-ac12-4817-9b36-376d1334b6b2: start a8238d39-ac12-4817-9b36-376d1334b6b2@group-B85C749E353E-LeaderElection59
2022-03-01 02:10:11,010 [a8238d39-ac12-4817-9b36-376d1334b6b2@group-AC941DF88464-LeaderElection58] INFO  impl.LeaderElection (LeaderElection.java:askForVotes(306)) - a8238d39-ac12-4817-9b36-376d1334b6b2@group-AC941DF88464-LeaderElection58 ELECTION round 0: submit vote requests at term 1 for -1: [a8238d39-ac12-4817-9b36-376d1334b6b2|rpc:10.1.0.9:43383|priority:1], old=null
2022-03-01 02:10:11,010 [a8238d39-ac12-4817-9b36-376d1334b6b2@group-AC941DF88464-LeaderElection58] INFO  impl.LeaderElection (LeaderElection.java:askForVotes(308)) - a8238d39-ac12-4817-9b36-376d1334b6b2@group-AC941DF88464-LeaderElection58 ELECTION round 0: result PASSED (term=1)
2022-03-01 02:10:11,010 [a8238d39-ac12-4817-9b36-376d1334b6b2@group-AC941DF88464-LeaderElection58] INFO  impl.RoleInfo (RoleInfo.java:shutdownLeaderElection(121)) - a8238d39-ac12-4817-9b36-376d1334b6b2: shutdown a8238d39-ac12-4817-9b36-376d1334b6b2@group-AC941DF88464-LeaderElection58
2022-03-01 02:10:11,010 [a8238d39-ac12-4817-9b36-376d1334b6b2@group-AC941DF88464-LeaderElection58] INFO  server.RaftServer$Division (RaftServerImpl.java:setRole(290)) - a8238d39-ac12-4817-9b36-376d1334b6b2@group-AC941DF88464: changes role from CANDIDATE to LEADER at term 1 for changeToLeader
2022-03-01 02:10:11,010 [a8238d39-ac12-4817-9b36-376d1334b6b2@group-AC941DF88464-LeaderElection58] INFO  ratis.XceiverServerRatis (XceiverServerRatis.java:handleLeaderChangedNotification(867)) - Leader change notification received for group: group-AC941DF88464 with new leaderId: a8238d39-ac12-4817-9b36-376d1334b6b2
2022-03-01 02:10:11,010 [a8238d39-ac12-4817-9b36-376d1334b6b2@group-AC941DF88464-LeaderElection58] INFO  server.RaftServer$Division (ServerState.java:setLeader(285)) - a8238d39-ac12-4817-9b36-376d1334b6b2@group-AC941DF88464: change Leader from null to a8238d39-ac12-4817-9b36-376d1334b6b2 at term 1 for becomeLeader, leader elected after 5132ms
2022-03-01 02:10:11,010 [a8238d39-ac12-4817-9b36-376d1334b6b2@group-AC941DF88464-LeaderElection58] INFO  server.RaftServerConfigKeys (ConfUtils.java:logGet(44)) - raft.server.staging.catchup.gap = 1000 (default)
2022-03-01 02:10:11,010 [a8238d39-ac12-4817-9b36-376d1334b6b2@group-AC941DF88464-LeaderElection58] INFO  server.RaftServerConfigKeys (ConfUtils.java:logGet(44)) - raft.server.write.element-limit = 1024 (custom)
2022-03-01 02:10:11,010 [a8238d39-ac12-4817-9b36-376d1334b6b2@group-AC941DF88464-LeaderElection58] INFO  server.RaftServerConfigKeys (ConfUtils.java:logGet(44)) - raft.server.write.byte-limit = 1024 M (=1073741824) (custom)
2022-03-01 02:10:11,011 [a8238d39-ac12-4817-9b36-376d1334b6b2@group-AC941DF88464-LeaderElection58] INFO  server.RaftServerConfigKeys (ConfUtils.java:logGet(44)) - raft.server.watch.timeout = 180s (custom)
2022-03-01 02:10:11,011 [a8238d39-ac12-4817-9b36-376d1334b6b2@group-AC941DF88464-LeaderElection58] INFO  server.RaftServerConfigKeys (ConfUtils.java:logGet(44)) - raft.server.watch.timeout.denomination = 1s (default)
2022-03-01 02:10:11,011 [a8238d39-ac12-4817-9b36-376d1334b6b2@group-AC941DF88464-LeaderElection58] INFO  server.RaftServerConfigKeys (ConfUtils.java:logGet(44)) - raft.server.watch.element-limit = 65536 (default)
2022-03-01 02:10:11,011 [a8238d39-ac12-4817-9b36-376d1334b6b2@group-AC941DF88464-LeaderElection58] INFO  server.RaftServerConfigKeys (ConfUtils.java:logGet(44)) - raft.server.write.element-limit = 1024 (custom)
2022-03-01 02:10:11,011 [a8238d39-ac12-4817-9b36-376d1334b6b2@group-AC941DF88464-LeaderElection58] INFO  server.RaftServerConfigKeys (ConfUtils.java:logGet(44)) - raft.server.write.follower.gap.ratio.max = -1.0 (default)
2022-03-01 02:10:11,011 [EventQueue-OpenPipelineForHealthyPipelineSafeModeRule] INFO  safemode.SCMSafeModeManager (HealthyPipelineSafeModeRule.java:process(124)) - SCM in safe mode. Healthy pipelines reported count is 0, required healthy pipeline reported count is 1
2022-03-01 02:10:11,011 [a8238d39-ac12-4817-9b36-376d1334b6b2@group-AC941DF88464-LeaderElection58] INFO  impl.RoleInfo (RoleInfo.java:updateAndGet(130)) - a8238d39-ac12-4817-9b36-376d1334b6b2: start a8238d39-ac12-4817-9b36-376d1334b6b2@group-AC941DF88464-LeaderStateImpl
2022-03-01 02:10:11,011 [a8238d39-ac12-4817-9b36-376d1334b6b2@group-AC941DF88464-LeaderElection58] INFO  segmented.SegmentedRaftLogWorker (SegmentedRaftLogWorker.java:startLogSegment(394)) - a8238d39-ac12-4817-9b36-376d1334b6b2@group-AC941DF88464-SegmentedRaftLogWorker: Starting segment from index:0
2022-03-01 02:10:11,013 [a8238d39-ac12-4817-9b36-376d1334b6b2@group-AC941DF88464-SegmentedRaftLogWorker] INFO  segmented.SegmentedRaftLogWorker (SegmentedRaftLogWorker.java:execute(601)) - a8238d39-ac12-4817-9b36-376d1334b6b2@group-AC941DF88464-SegmentedRaftLogWorker: created new log segment /home/runner/work/ozone/ozone/hadoop-ozone/integration-test/target/test-dir/MiniOzoneClusterImpl-274b8b5e-502f-4f00-85bb-070f9627ef71/datanode-0/data/ratis/1bc24772-165e-42a6-b279-ac941df88464/current/log_inprogress_0
2022-03-01 02:10:11,014 [a8238d39-ac12-4817-9b36-376d1334b6b2@group-B85C749E353E-LeaderElection59] INFO  impl.LeaderElection (LeaderElection.java:askForVotes(306)) - a8238d39-ac12-4817-9b36-376d1334b6b2@group-B85C749E353E-LeaderElection59 ELECTION round 0: submit vote requests at term 1 for -1: [f59a0bde-b51c-455e-b156-f6981c95a7d1|rpc:10.1.0.9:39175|priority:0, 013fba9b-be8d-43ad-b612-3b014091f01f|rpc:10.1.0.9:42921|priority:0, a8238d39-ac12-4817-9b36-376d1334b6b2|rpc:10.1.0.9:43383|priority:1], old=null
2022-03-01 02:10:11,023 [a8238d39-ac12-4817-9b36-376d1334b6b2@group-AC941DF88464-LeaderElection58] INFO  server.RaftServer$Division (ServerState.java:setRaftConf(387)) - a8238d39-ac12-4817-9b36-376d1334b6b2@group-AC941DF88464: set configuration 0: [a8238d39-ac12-4817-9b36-376d1334b6b2|rpc:10.1.0.9:43383|dataStream:|priority:1], old=null
2022-03-01 02:10:11,057 [grpc-default-executor-2] INFO  server.RaftServer$Division (RaftServerImpl.java:requestVote(1046)) - f59a0bde-b51c-455e-b156-f6981c95a7d1@group-B85C749E353E: receive requestVote(ELECTION, a8238d39-ac12-4817-9b36-376d1334b6b2, group-B85C749E353E, 1, (t:0, i:0))
2022-03-01 02:10:11,058 [grpc-default-executor-2] INFO  impl.VoteContext (VoteContext.java:log(48)) - f59a0bde-b51c-455e-b156-f6981c95a7d1@group-B85C749E353E-FOLLOWER: accept ELECTION from a8238d39-ac12-4817-9b36-376d1334b6b2: our priority 0 <= candidate's priority 1
2022-03-01 02:10:11,058 [grpc-default-executor-2] INFO  server.RaftServer$Division (RaftServerImpl.java:setRole(290)) - f59a0bde-b51c-455e-b156-f6981c95a7d1@group-B85C749E353E: changes role from  FOLLOWER to FOLLOWER at term 1 for candidate:a8238d39-ac12-4817-9b36-376d1334b6b2
2022-03-01 02:10:11,058 [grpc-default-executor-2] INFO  impl.RoleInfo (RoleInfo.java:shutdownFollowerState(108)) - f59a0bde-b51c-455e-b156-f6981c95a7d1: shutdown f59a0bde-b51c-455e-b156-f6981c95a7d1@group-B85C749E353E-FollowerState
2022-03-01 02:10:11,058 [grpc-default-executor-2] INFO  impl.RoleInfo (RoleInfo.java:updateAndGet(130)) - f59a0bde-b51c-455e-b156-f6981c95a7d1: start f59a0bde-b51c-455e-b156-f6981c95a7d1@group-B85C749E353E-FollowerState
2022-03-01 02:10:11,058 [f59a0bde-b51c-455e-b156-f6981c95a7d1@group-B85C749E353E-FollowerState] INFO  impl.FollowerState (FollowerState.java:run(143)) - f59a0bde-b51c-455e-b156-f6981c95a7d1@group-B85C749E353E-FollowerState was interrupted: {}
java.lang.InterruptedException: sleep interrupted
	at java.lang.Thread.sleep(Native Method)
	at java.lang.Thread.sleep(Thread.java:342)
	at java.util.concurrent.TimeUnit.sleep(TimeUnit.java:386)
	at org.apache.ratis.util.TimeDuration.sleep(TimeDuration.java:324)
	at org.apache.ratis.util.TimeDuration.sleep(TimeDuration.java:309)
	at org.apache.ratis.server.impl.FollowerState.run(FollowerState.java:118)
2022-03-01 02:10:11,073 [grpc-default-executor-2] INFO  server.RaftServer$Division (RaftServerImpl.java:requestVote(1078)) - f59a0bde-b51c-455e-b156-f6981c95a7d1@group-B85C749E353E replies to ELECTION vote request: a8238d39-ac12-4817-9b36-376d1334b6b2<-f59a0bde-b51c-455e-b156-f6981c95a7d1#0:OK-t1. Peer's state: f59a0bde-b51c-455e-b156-f6981c95a7d1@group-B85C749E353E:t1, leader=null, voted=a8238d39-ac12-4817-9b36-376d1334b6b2, raftlog=f59a0bde-b51c-455e-b156-f6981c95a7d1@group-B85C749E353E-SegmentedRaftLog:OPENED:c-1, conf=-1: [f59a0bde-b51c-455e-b156-f6981c95a7d1|rpc:10.1.0.9:39175|dataStream:|priority:0, 013fba9b-be8d-43ad-b612-3b014091f01f|rpc:10.1.0.9:42921|dataStream:|priority:0, a8238d39-ac12-4817-9b36-376d1334b6b2|rpc:10.1.0.9:43383|dataStream:|priority:1], old=null
2022-03-01 02:10:11,097 [a8238d39-ac12-4817-9b36-376d1334b6b2@group-B85C749E353E-LeaderElection59] INFO  impl.LeaderElection (LeaderElection.java:logAndReturn(89)) - a8238d39-ac12-4817-9b36-376d1334b6b2@group-B85C749E353E-LeaderElection59: ELECTION PASSED received 1 response(s) and 0 exception(s):
2022-03-01 02:10:11,097 [a8238d39-ac12-4817-9b36-376d1334b6b2@group-B85C749E353E-LeaderElection59] INFO  impl.LeaderElection (LeaderElection.java:logAndReturn(93)) -   Response 0: a8238d39-ac12-4817-9b36-376d1334b6b2<-f59a0bde-b51c-455e-b156-f6981c95a7d1#0:OK-t1
2022-03-01 02:10:11,097 [a8238d39-ac12-4817-9b36-376d1334b6b2@group-B85C749E353E-LeaderElection59] INFO  impl.LeaderElection (LeaderElection.java:askForVotes(308)) - a8238d39-ac12-4817-9b36-376d1334b6b2@group-B85C749E353E-LeaderElection59 ELECTION round 0: result PASSED
2022-03-01 02:10:11,097 [a8238d39-ac12-4817-9b36-376d1334b6b2@group-B85C749E353E-LeaderElection59] INFO  impl.RoleInfo (RoleInfo.java:shutdownLeaderElection(121)) - a8238d39-ac12-4817-9b36-376d1334b6b2: shutdown a8238d39-ac12-4817-9b36-376d1334b6b2@group-B85C749E353E-LeaderElection59
2022-03-01 02:10:11,097 [a8238d39-ac12-4817-9b36-376d1334b6b2@group-B85C749E353E-LeaderElection59] INFO  server.RaftServer$Division (RaftServerImpl.java:setRole(290)) - a8238d39-ac12-4817-9b36-376d1334b6b2@group-B85C749E353E: changes role from CANDIDATE to LEADER at term 1 for changeToLeader
2022-03-01 02:10:11,097 [a8238d39-ac12-4817-9b36-376d1334b6b2@group-B85C749E353E-LeaderElection59] INFO  ratis.XceiverServerRatis (XceiverServerRatis.java:handleLeaderChangedNotification(867)) - Leader change notification received for group: group-B85C749E353E with new leaderId: a8238d39-ac12-4817-9b36-376d1334b6b2
2022-03-01 02:10:11,097 [a8238d39-ac12-4817-9b36-376d1334b6b2@group-B85C749E353E-LeaderElection59] INFO  server.RaftServer$Division (ServerState.java:setLeader(285)) - a8238d39-ac12-4817-9b36-376d1334b6b2@group-B85C749E353E: change Leader from null to a8238d39-ac12-4817-9b36-376d1334b6b2 at term 1 for becomeLeader, leader elected after 5178ms
2022-03-01 02:10:11,097 [a8238d39-ac12-4817-9b36-376d1334b6b2@group-B85C749E353E-LeaderElection59] INFO  server.RaftServerConfigKeys (ConfUtils.java:logGet(44)) - raft.server.staging.catchup.gap = 1000 (default)
2022-03-01 02:10:11,097 [a8238d39-ac12-4817-9b36-376d1334b6b2@group-B85C749E353E-LeaderElection59] INFO  server.RaftServerConfigKeys (ConfUtils.java:logGet(44)) - raft.server.write.element-limit = 1024 (custom)
2022-03-01 02:10:11,098 [a8238d39-ac12-4817-9b36-376d1334b6b2@group-B85C749E353E-LeaderElection59] INFO  server.RaftServerConfigKeys (ConfUtils.java:logGet(44)) - raft.server.write.byte-limit = 1024 M (=1073741824) (custom)
2022-03-01 02:10:11,099 [EventQueue-PipelineReportForPipelineReportHandler] INFO  pipeline.PipelineManagerImpl (PipelineManagerImpl.java:openPipeline(291)) - Pipeline Pipeline[ Id: 0af28a4a-d2be-4cf0-96c5-b85c749e353e, Nodes: a8238d39-ac12-4817-9b36-376d1334b6b2{ip: 10.1.0.9, host: fv-az294-952.eaanfquahm5ulb5tj050gcxych.jx.internal.cloudapp.net, ports: [REPLICATION=41557, RATIS=43383, RATIS_ADMIN=43383, RATIS_SERVER=43383, STANDALONE=46325], networkLocation: /default-rack, certSerialId: null, persistedOpState: IN_SERVICE, persistedOpStateExpiryEpochSec: 0}f59a0bde-b51c-455e-b156-f6981c95a7d1{ip: 10.1.0.9, host: fv-az294-952.eaanfquahm5ulb5tj050gcxych.jx.internal.cloudapp.net, ports: [REPLICATION=46877, RATIS=39175, RATIS_ADMIN=39175, RATIS_SERVER=39175, STANDALONE=34197], networkLocation: /default-rack, certSerialId: null, persistedOpState: IN_SERVICE, persistedOpStateExpiryEpochSec: 0}013fba9b-be8d-43ad-b612-3b014091f01f{ip: 10.1.0.9, host: fv-az294-952.eaanfquahm5ulb5tj050gcxych.jx.internal.cloudapp.net, ports: [REPLICATION=45855, RATIS=42921, RATIS_ADMIN=42921, RATIS_SERVER=42921, STANDALONE=43915], networkLocation: /default-rack, certSerialId: null, persistedOpState: IN_SERVICE, persistedOpStateExpiryEpochSec: 0}, ReplicationConfig: RATIS/THREE, State:ALLOCATED, leaderId:a8238d39-ac12-4817-9b36-376d1334b6b2, CreationTimestamp2022-03-01T02:10:04Z[Etc/UTC]] moved to OPEN state
2022-03-01 02:10:11,099 [EventQueue-OpenPipelineForHealthyPipelineSafeModeRule] INFO  safemode.SCMSafeModeManager (HealthyPipelineSafeModeRule.java:process(124)) - SCM in safe mode. Healthy pipelines reported count is 0, required healthy pipeline reported count is 1
2022-03-01 02:10:11,102 [a2e6164a-d2c4-4f22-b3b6-99fe8a11479f@group-070F9627EF71-StateMachineUpdater] INFO  safemode.HealthyPipelineSafeModeRule (HealthyPipelineSafeModeRule.java:initializeRule(152)) - Refreshed total pipeline count is 1, healthy pipeline threshold count is 1
2022-03-01 02:10:11,103 [EventQueue-OpenPipelineForHealthyPipelineSafeModeRule] INFO  safemode.SCMSafeModeManager (HealthyPipelineSafeModeRule.java:process(124)) - SCM in safe mode. Healthy pipelines reported count is 1, required healthy pipeline reported count is 1
2022-03-01 02:10:11,103 [EventQueue-OpenPipelineForHealthyPipelineSafeModeRule] INFO  safemode.SCMSafeModeManager (SCMSafeModeManager.java:validateSafeModeExitRules(204)) - HealthyPipelineSafeModeRule rule is successfully validated
2022-03-01 02:10:11,103 [a8238d39-ac12-4817-9b36-376d1334b6b2@group-B85C749E353E-LeaderElection59] INFO  server.RaftServerConfigKeys (ConfUtils.java:logGet(44)) - raft.server.watch.timeout = 180s (custom)
2022-03-01 02:10:11,103 [a8238d39-ac12-4817-9b36-376d1334b6b2@group-B85C749E353E-LeaderElection59] INFO  server.RaftServerConfigKeys (ConfUtils.java:logGet(44)) - raft.server.watch.timeout.denomination = 1s (default)
2022-03-01 02:10:11,103 [a8238d39-ac12-4817-9b36-376d1334b6b2@group-B85C749E353E-LeaderElection59] INFO  server.RaftServerConfigKeys (ConfUtils.java:logGet(44)) - raft.server.watch.element-limit = 65536 (default)
2022-03-01 02:10:11,103 [EventQueue-OpenPipelineForHealthyPipelineSafeModeRule] INFO  safemode.SCMSafeModeManager (SCMSafeModeManager.java:validateSafeModeExitRules(219)) - ScmSafeModeManager, all rules are successfully validated
2022-03-01 02:10:11,103 [EventQueue-OpenPipelineForHealthyPipelineSafeModeRule] INFO  safemode.SCMSafeModeManager (SCMSafeModeManager.java:exitSafeMode(248)) - SCM exiting safe mode.
2022-03-01 02:10:11,103 [EventQueue-OpenPipelineForHealthyPipelineSafeModeRule] WARN  events.EventQueue (EventQueue.java:fireEvent(194)) - No event handler registered for event TypedEvent{payloadType=SafeModeStatus, name='Safe mode status'}
2022-03-01 02:10:11,103 [EventQueue-OpenPipelineForHealthyPipelineSafeModeRule] INFO  ha.SCMContext (SCMContext.java:updateSafeModeStatus(211)) - Update SafeModeStatus from SafeModeStatus{safeModeStatus=true, preCheckPassed=true} to SafeModeStatus{safeModeStatus=false, preCheckPassed=true}.
2022-03-01 02:10:11,103 [EventQueue-OpenPipelineForHealthyPipelineSafeModeRule] INFO  container.ReplicationManager (ReplicationManager.java:notifyStatusChanged(1807)) - Service ReplicationManager transitions to RUNNING.
2022-03-01 02:10:11,103 [a8238d39-ac12-4817-9b36-376d1334b6b2@group-B85C749E353E-LeaderElection59] INFO  server.RaftServerConfigKeys (ConfUtils.java:logGet(44)) - raft.server.write.element-limit = 1024 (custom)
2022-03-01 02:10:11,106 [a8238d39-ac12-4817-9b36-376d1334b6b2@group-B85C749E353E-LeaderElection59] INFO  server.RaftServerConfigKeys (ConfUtils.java:logGet(44)) - raft.server.write.follower.gap.ratio.max = -1.0 (default)
2022-03-01 02:10:11,103 [grpc-default-executor-2] INFO  server.RaftServer$Division (RaftServerImpl.java:requestVote(1046)) - 013fba9b-be8d-43ad-b612-3b014091f01f@group-B85C749E353E: receive requestVote(ELECTION, a8238d39-ac12-4817-9b36-376d1334b6b2, group-B85C749E353E, 1, (t:0, i:0))
2022-03-01 02:10:11,106 [grpc-default-executor-2] INFO  impl.VoteContext (VoteContext.java:log(48)) - 013fba9b-be8d-43ad-b612-3b014091f01f@group-B85C749E353E-FOLLOWER: accept ELECTION from a8238d39-ac12-4817-9b36-376d1334b6b2: our priority 0 <= candidate's priority 1
2022-03-01 02:10:11,107 [grpc-default-executor-2] INFO  server.RaftServer$Division (RaftServerImpl.java:setRole(290)) - 013fba9b-be8d-43ad-b612-3b014091f01f@group-B85C749E353E: changes role from  FOLLOWER to FOLLOWER at term 1 for candidate:a8238d39-ac12-4817-9b36-376d1334b6b2
2022-03-01 02:10:11,107 [grpc-default-executor-2] INFO  impl.RoleInfo (RoleInfo.java:shutdownFollowerState(108)) - 013fba9b-be8d-43ad-b612-3b014091f01f: shutdown 013fba9b-be8d-43ad-b612-3b014091f01f@group-B85C749E353E-FollowerState
2022-03-01 02:10:11,107 [grpc-default-executor-2] INFO  impl.RoleInfo (RoleInfo.java:updateAndGet(130)) - 013fba9b-be8d-43ad-b612-3b014091f01f: start 013fba9b-be8d-43ad-b612-3b014091f01f@group-B85C749E353E-FollowerState
2022-03-01 02:10:11,107 [013fba9b-be8d-43ad-b612-3b014091f01f@group-B85C749E353E-FollowerState] INFO  impl.FollowerState (FollowerState.java:run(143)) - 013fba9b-be8d-43ad-b612-3b014091f01f@group-B85C749E353E-FollowerState was interrupted: {}
java.lang.InterruptedException: sleep interrupted
	at java.lang.Thread.sleep(Native Method)
	at java.lang.Thread.sleep(Thread.java:342)
	at java.util.concurrent.TimeUnit.sleep(TimeUnit.java:386)
	at org.apache.ratis.util.TimeDuration.sleep(TimeDuration.java:324)
	at org.apache.ratis.util.TimeDuration.sleep(TimeDuration.java:309)
	at org.apache.ratis.server.impl.FollowerState.run(FollowerState.java:118)
2022-03-01 02:10:11,106 [a8238d39-ac12-4817-9b36-376d1334b6b2@group-B85C749E353E-LeaderElection59] INFO  server.RaftServerConfigKeys (ConfUtils.java:logGet(44)) - raft.server.log.appender.snapshot.chunk.size.max = 16MB (=16777216) (default)
2022-03-01 02:10:11,111 [a8238d39-ac12-4817-9b36-376d1334b6b2@group-B85C749E353E-LeaderElection59] INFO  server.RaftServerConfigKeys (ConfUtils.java:logGet(44)) - raft.server.log.appender.buffer.byte-limit = 33554432 (custom)
2022-03-01 02:10:11,111 [a8238d39-ac12-4817-9b36-376d1334b6b2@group-B85C749E353E-LeaderElection59] INFO  server.RaftServerConfigKeys (ConfUtils.java:logGet(44)) - raft.server.log.appender.buffer.element-limit = 1 (custom)
2022-03-01 02:10:11,129 [grpc-default-executor-2] INFO  server.RaftServer$Division (RaftServerImpl.java:requestVote(1078)) - 013fba9b-be8d-43ad-b612-3b014091f01f@group-B85C749E353E replies to ELECTION vote request: a8238d39-ac12-4817-9b36-376d1334b6b2<-013fba9b-be8d-43ad-b612-3b014091f01f#0:OK-t1. Peer's state: 013fba9b-be8d-43ad-b612-3b014091f01f@group-B85C749E353E:t1, leader=null, voted=a8238d39-ac12-4817-9b36-376d1334b6b2, raftlog=013fba9b-be8d-43ad-b612-3b014091f01f@group-B85C749E353E-SegmentedRaftLog:OPENED:c-1, conf=-1: [f59a0bde-b51c-455e-b156-f6981c95a7d1|rpc:10.1.0.9:39175|dataStream:|priority:0, 013fba9b-be8d-43ad-b612-3b014091f01f|rpc:10.1.0.9:42921|dataStream:|priority:0, a8238d39-ac12-4817-9b36-376d1334b6b2|rpc:10.1.0.9:43383|dataStream:|priority:1], old=null
2022-03-01 02:10:11,129 [a8238d39-ac12-4817-9b36-376d1334b6b2@group-B85C749E353E-LeaderElection59] INFO  grpc.GrpcConfigKeys (ConfUtils.java:logGet(44)) - raft.grpc.server.leader.outstanding.appends.max = 128 (default)
2022-03-01 02:10:11,129 [a8238d39-ac12-4817-9b36-376d1334b6b2@group-B85C749E353E-LeaderElection59] INFO  server.RaftServerConfigKeys (ConfUtils.java:logGet(44)) - raft.server.rpc.request.timeout = 60s (custom)
2022-03-01 02:10:11,129 [a8238d39-ac12-4817-9b36-376d1334b6b2@group-B85C749E353E-LeaderElection59] INFO  server.RaftServerConfigKeys (ConfUtils.java:logGet(44)) - raft.server.log.appender.install.snapshot.enabled = false (custom)
2022-03-01 02:10:11,130 [a8238d39-ac12-4817-9b36-376d1334b6b2@group-B85C749E353E-LeaderElection59] INFO  server.RaftServerConfigKeys (ConfUtils.java:logGet(44)) - raft.server.log.appender.snapshot.chunk.size.max = 16MB (=16777216) (default)
2022-03-01 02:10:11,130 [a8238d39-ac12-4817-9b36-376d1334b6b2@group-B85C749E353E-LeaderElection59] INFO  server.RaftServerConfigKeys (ConfUtils.java:logGet(44)) - raft.server.log.appender.buffer.byte-limit = 33554432 (custom)
2022-03-01 02:10:11,130 [a8238d39-ac12-4817-9b36-376d1334b6b2@group-B85C749E353E-LeaderElection59] INFO  server.RaftServerConfigKeys (ConfUtils.java:logGet(44)) - raft.server.log.appender.buffer.element-limit = 1 (custom)
2022-03-01 02:10:11,131 [a8238d39-ac12-4817-9b36-376d1334b6b2@group-B85C749E353E-LeaderElection59] INFO  grpc.GrpcConfigKeys (ConfUtils.java:logGet(44)) - raft.grpc.server.leader.outstanding.appends.max = 128 (default)
2022-03-01 02:10:11,131 [a8238d39-ac12-4817-9b36-376d1334b6b2@group-B85C749E353E-LeaderElection59] INFO  server.RaftServerConfigKeys (ConfUtils.java:logGet(44)) - raft.server.rpc.request.timeout = 60s (custom)
2022-03-01 02:10:11,131 [a8238d39-ac12-4817-9b36-376d1334b6b2@group-B85C749E353E-LeaderElection59] INFO  server.RaftServerConfigKeys (ConfUtils.java:logGet(44)) - raft.server.log.appender.install.snapshot.enabled = false (custom)
2022-03-01 02:10:11,151 [a8238d39-ac12-4817-9b36-376d1334b6b2@group-B85C749E353E-LeaderElection59] INFO  impl.RoleInfo (RoleInfo.java:updateAndGet(130)) - a8238d39-ac12-4817-9b36-376d1334b6b2: start a8238d39-ac12-4817-9b36-376d1334b6b2@group-B85C749E353E-LeaderStateImpl
2022-03-01 02:10:11,155 [a8238d39-ac12-4817-9b36-376d1334b6b2@group-B85C749E353E-LeaderElection59] INFO  segmented.SegmentedRaftLogWorker (SegmentedRaftLogWorker.java:startLogSegment(394)) - a8238d39-ac12-4817-9b36-376d1334b6b2@group-B85C749E353E-SegmentedRaftLogWorker: Starting segment from index:0
2022-03-01 02:10:11,160 [a8238d39-ac12-4817-9b36-376d1334b6b2@group-B85C749E353E-SegmentedRaftLogWorker] INFO  segmented.SegmentedRaftLogWorker (SegmentedRaftLogWorker.java:execute(601)) - a8238d39-ac12-4817-9b36-376d1334b6b2@group-B85C749E353E-SegmentedRaftLogWorker: created new log segment /home/runner/work/ozone/ozone/hadoop-ozone/integration-test/target/test-dir/MiniOzoneClusterImpl-274b8b5e-502f-4f00-85bb-070f9627ef71/datanode-0/data/ratis/0af28a4a-d2be-4cf0-96c5-b85c749e353e/current/log_inprogress_0
2022-03-01 02:10:11,194 [a8238d39-ac12-4817-9b36-376d1334b6b2@group-B85C749E353E-LeaderElection59] INFO  server.RaftServer$Division (ServerState.java:setRaftConf(387)) - a8238d39-ac12-4817-9b36-376d1334b6b2@group-B85C749E353E: set configuration 0: [f59a0bde-b51c-455e-b156-f6981c95a7d1|rpc:10.1.0.9:39175|dataStream:|priority:0, 013fba9b-be8d-43ad-b612-3b014091f01f|rpc:10.1.0.9:42921|dataStream:|priority:0, a8238d39-ac12-4817-9b36-376d1334b6b2|rpc:10.1.0.9:43383|dataStream:|priority:1], old=null
2022-03-01 02:10:11,228 [grpc-default-executor-2] INFO  ratis.XceiverServerRatis (XceiverServerRatis.java:handleLeaderChangedNotification(867)) - Leader change notification received for group: group-B85C749E353E with new leaderId: a8238d39-ac12-4817-9b36-376d1334b6b2
2022-03-01 02:10:11,228 [grpc-default-executor-2] INFO  server.RaftServer$Division (ServerState.java:setLeader(285)) - 013fba9b-be8d-43ad-b612-3b014091f01f@group-B85C749E353E: change Leader from null to a8238d39-ac12-4817-9b36-376d1334b6b2 at term 1 for appendEntries, leader elected after 4914ms
2022-03-01 02:10:11,252 [grpc-default-executor-3] INFO  ratis.XceiverServerRatis (XceiverServerRatis.java:handleLeaderChangedNotification(867)) - Leader change notification received for group: group-B85C749E353E with new leaderId: a8238d39-ac12-4817-9b36-376d1334b6b2
2022-03-01 02:10:11,252 [grpc-default-executor-3] INFO  server.RaftServer$Division (ServerState.java:setLeader(285)) - f59a0bde-b51c-455e-b156-f6981c95a7d1@group-B85C749E353E: change Leader from null to a8238d39-ac12-4817-9b36-376d1334b6b2 at term 1 for appendEntries, leader elected after 5138ms
2022-03-01 02:10:11,270 [grpc-default-executor-2] INFO  server.RaftServer$Division (ServerState.java:setRaftConf(387)) - f59a0bde-b51c-455e-b156-f6981c95a7d1@group-B85C749E353E: set configuration 0: [f59a0bde-b51c-455e-b156-f6981c95a7d1|rpc:10.1.0.9:39175|dataStream:|priority:0, 013fba9b-be8d-43ad-b612-3b014091f01f|rpc:10.1.0.9:42921|dataStream:|priority:0, a8238d39-ac12-4817-9b36-376d1334b6b2|rpc:10.1.0.9:43383|dataStream:|priority:1], old=null
2022-03-01 02:10:11,270 [grpc-default-executor-2] INFO  segmented.SegmentedRaftLogWorker (SegmentedRaftLogWorker.java:startLogSegment(394)) - f59a0bde-b51c-455e-b156-f6981c95a7d1@group-B85C749E353E-SegmentedRaftLogWorker: Starting segment from index:0
2022-03-01 02:10:11,287 [f59a0bde-b51c-455e-b156-f6981c95a7d1@group-B85C749E353E-SegmentedRaftLogWorker] INFO  segmented.SegmentedRaftLogWorker (SegmentedRaftLogWorker.java:execute(601)) - f59a0bde-b51c-455e-b156-f6981c95a7d1@group-B85C749E353E-SegmentedRaftLogWorker: created new log segment /home/runner/work/ozone/ozone/hadoop-ozone/integration-test/target/test-dir/MiniOzoneClusterImpl-274b8b5e-502f-4f00-85bb-070f9627ef71/datanode-2/data/ratis/0af28a4a-d2be-4cf0-96c5-b85c749e353e/current/log_inprogress_0
2022-03-01 02:10:11,313 [grpc-default-executor-3] INFO  server.RaftServer$Division (ServerState.java:setRaftConf(387)) - 013fba9b-be8d-43ad-b612-3b014091f01f@group-B85C749E353E: set configuration 0: [f59a0bde-b51c-455e-b156-f6981c95a7d1|rpc:10.1.0.9:39175|dataStream:|priority:0, 013fba9b-be8d-43ad-b612-3b014091f01f|rpc:10.1.0.9:42921|dataStream:|priority:0, a8238d39-ac12-4817-9b36-376d1334b6b2|rpc:10.1.0.9:43383|dataStream:|priority:1], old=null
2022-03-01 02:10:11,314 [grpc-default-executor-3] INFO  segmented.SegmentedRaftLogWorker (SegmentedRaftLogWorker.java:startLogSegment(394)) - 013fba9b-be8d-43ad-b612-3b014091f01f@group-B85C749E353E-SegmentedRaftLogWorker: Starting segment from index:0
2022-03-01 02:10:11,316 [013fba9b-be8d-43ad-b612-3b014091f01f@group-B85C749E353E-SegmentedRaftLogWorker] INFO  segmented.SegmentedRaftLogWorker (SegmentedRaftLogWorker.java:execute(601)) - 013fba9b-be8d-43ad-b612-3b014091f01f@group-B85C749E353E-SegmentedRaftLogWorker: created new log segment /home/runner/work/ozone/ozone/hadoop-ozone/integration-test/target/test-dir/MiniOzoneClusterImpl-274b8b5e-502f-4f00-85bb-070f9627ef71/datanode-1/data/ratis/0af28a4a-d2be-4cf0-96c5-b85c749e353e/current/log_inprogress_0
2022-03-01 02:10:11,398 [013fba9b-be8d-43ad-b612-3b014091f01f@group-7FB8A9FC5FAD-FollowerState] INFO  impl.FollowerState (FollowerState.java:run(134)) - 013fba9b-be8d-43ad-b612-3b014091f01f@group-7FB8A9FC5FAD-FollowerState: change to CANDIDATE, lastRpcElapsedTime:5039245970ns, electionTimeout:5028ms
2022-03-01 02:10:11,398 [013fba9b-be8d-43ad-b612-3b014091f01f@group-7FB8A9FC5FAD-FollowerState] INFO  impl.RoleInfo (RoleInfo.java:shutdownFollowerState(108)) - 013fba9b-be8d-43ad-b612-3b014091f01f: shutdown 013fba9b-be8d-43ad-b612-3b014091f01f@group-7FB8A9FC5FAD-FollowerState
2022-03-01 02:10:11,399 [013fba9b-be8d-43ad-b612-3b014091f01f@group-7FB8A9FC5FAD-FollowerState] INFO  server.RaftServer$Division (RaftServerImpl.java:setRole(290)) - 013fba9b-be8d-43ad-b612-3b014091f01f@group-7FB8A9FC5FAD: changes role from  FOLLOWER to CANDIDATE at term 0 for changeToCandidate
2022-03-01 02:10:11,399 [013fba9b-be8d-43ad-b612-3b014091f01f@group-7FB8A9FC5FAD-FollowerState] INFO  server.RaftServerConfigKeys (ConfUtils.java:logGet(44)) - raft.server.leaderelection.pre-vote = false (custom)
2022-03-01 02:10:11,399 [013fba9b-be8d-43ad-b612-3b014091f01f@group-7FB8A9FC5FAD-FollowerState] INFO  impl.RoleInfo (RoleInfo.java:updateAndGet(130)) - 013fba9b-be8d-43ad-b612-3b014091f01f: start 013fba9b-be8d-43ad-b612-3b014091f01f@group-7FB8A9FC5FAD-LeaderElection60
2022-03-01 02:10:11,438 [013fba9b-be8d-43ad-b612-3b014091f01f@group-7FB8A9FC5FAD-LeaderElection60] INFO  impl.LeaderElection (LeaderElection.java:askForVotes(306)) - 013fba9b-be8d-43ad-b612-3b014091f01f@group-7FB8A9FC5FAD-LeaderElection60 ELECTION round 0: submit vote requests at term 1 for -1: [013fba9b-be8d-43ad-b612-3b014091f01f|rpc:10.1.0.9:42921|priority:1], old=null
2022-03-01 02:10:11,439 [013fba9b-be8d-43ad-b612-3b014091f01f@group-7FB8A9FC5FAD-LeaderElection60] INFO  impl.LeaderElection (LeaderElection.java:askForVotes(308)) - 013fba9b-be8d-43ad-b612-3b014091f01f@group-7FB8A9FC5FAD-LeaderElection60 ELECTION round 0: result PASSED (term=1)
2022-03-01 02:10:11,439 [013fba9b-be8d-43ad-b612-3b014091f01f@group-7FB8A9FC5FAD-LeaderElection60] INFO  impl.RoleInfo (RoleInfo.java:shutdownLeaderElection(121)) - 013fba9b-be8d-43ad-b612-3b014091f01f: shutdown 013fba9b-be8d-43ad-b612-3b014091f01f@group-7FB8A9FC5FAD-LeaderElection60
2022-03-01 02:10:11,451 [013fba9b-be8d-43ad-b612-3b014091f01f@group-7FB8A9FC5FAD-LeaderElection60] INFO  server.RaftServer$Division (RaftServerImpl.java:setRole(290)) - 013fba9b-be8d-43ad-b612-3b014091f01f@group-7FB8A9FC5FAD: changes role from CANDIDATE to LEADER at term 1 for changeToLeader
2022-03-01 02:10:11,451 [013fba9b-be8d-43ad-b612-3b014091f01f@group-7FB8A9FC5FAD-LeaderElection60] INFO  ratis.XceiverServerRatis (XceiverServerRatis.java:handleLeaderChangedNotification(867)) - Leader change notification received for group: group-7FB8A9FC5FAD with new leaderId: 013fba9b-be8d-43ad-b612-3b014091f01f
2022-03-01 02:10:11,451 [013fba9b-be8d-43ad-b612-3b014091f01f@group-7FB8A9FC5FAD-LeaderElection60] INFO  server.RaftServer$Division (ServerState.java:setLeader(285)) - 013fba9b-be8d-43ad-b612-3b014091f01f@group-7FB8A9FC5FAD: change Leader from null to 013fba9b-be8d-43ad-b612-3b014091f01f at term 1 for becomeLeader, leader elected after 5105ms
2022-03-01 02:10:11,451 [013fba9b-be8d-43ad-b612-3b014091f01f@group-7FB8A9FC5FAD-LeaderElection60] INFO  server.RaftServerConfigKeys (ConfUtils.java:logGet(44)) - raft.server.staging.catchup.gap = 1000 (default)
2022-03-01 02:10:11,451 [013fba9b-be8d-43ad-b612-3b014091f01f@group-7FB8A9FC5FAD-LeaderElection60] INFO  server.RaftServerConfigKeys (ConfUtils.java:logGet(44)) - raft.server.write.element-limit = 1024 (custom)
2022-03-01 02:10:11,451 [013fba9b-be8d-43ad-b612-3b014091f01f@group-7FB8A9FC5FAD-LeaderElection60] INFO  server.RaftServerConfigKeys (ConfUtils.java:logGet(44)) - raft.server.write.byte-limit = 1024 M (=1073741824) (custom)
2022-03-01 02:10:11,452 [013fba9b-be8d-43ad-b612-3b014091f01f@group-7FB8A9FC5FAD-LeaderElection60] INFO  server.RaftServerConfigKeys (ConfUtils.java:logGet(44)) - raft.server.watch.timeout = 180s (custom)
2022-03-01 02:10:11,452 [013fba9b-be8d-43ad-b612-3b014091f01f@group-7FB8A9FC5FAD-LeaderElection60] INFO  server.RaftServerConfigKeys (ConfUtils.java:logGet(44)) - raft.server.watch.timeout.denomination = 1s (default)
2022-03-01 02:10:11,452 [013fba9b-be8d-43ad-b612-3b014091f01f@group-7FB8A9FC5FAD-LeaderElection60] INFO  server.RaftServerConfigKeys (ConfUtils.java:logGet(44)) - raft.server.watch.element-limit = 65536 (default)
2022-03-01 02:10:11,452 [013fba9b-be8d-43ad-b612-3b014091f01f@group-7FB8A9FC5FAD-LeaderElection60] INFO  server.RaftServerConfigKeys (ConfUtils.java:logGet(44)) - raft.server.write.element-limit = 1024 (custom)
2022-03-01 02:10:11,452 [013fba9b-be8d-43ad-b612-3b014091f01f@group-7FB8A9FC5FAD-LeaderElection60] INFO  server.RaftServerConfigKeys (ConfUtils.java:logGet(44)) - raft.server.write.follower.gap.ratio.max = -1.0 (default)
2022-03-01 02:10:11,452 [013fba9b-be8d-43ad-b612-3b014091f01f@group-7FB8A9FC5FAD-LeaderElection60] INFO  impl.RoleInfo (RoleInfo.java:updateAndGet(130)) - 013fba9b-be8d-43ad-b612-3b014091f01f: start 013fba9b-be8d-43ad-b612-3b014091f01f@group-7FB8A9FC5FAD-LeaderStateImpl
2022-03-01 02:10:11,452 [013fba9b-be8d-43ad-b612-3b014091f01f@group-7FB8A9FC5FAD-LeaderElection60] INFO  segmented.SegmentedRaftLogWorker (SegmentedRaftLogWorker.java:startLogSegment(394)) - 013fba9b-be8d-43ad-b612-3b014091f01f@group-7FB8A9FC5FAD-SegmentedRaftLogWorker: Starting segment from index:0
2022-03-01 02:10:11,465 [013fba9b-be8d-43ad-b612-3b014091f01f@group-7FB8A9FC5FAD-SegmentedRaftLogWorker] INFO  segmented.SegmentedRaftLogWorker (SegmentedRaftLogWorker.java:execute(601)) - 013fba9b-be8d-43ad-b612-3b014091f01f@group-7FB8A9FC5FAD-SegmentedRaftLogWorker: created new log segment /home/runner/work/ozone/ozone/hadoop-ozone/integration-test/target/test-dir/MiniOzoneClusterImpl-274b8b5e-502f-4f00-85bb-070f9627ef71/datanode-1/data/ratis/c78e87fe-5f27-41d7-b8e8-7fb8a9fc5fad/current/log_inprogress_0
2022-03-01 02:10:11,478 [013fba9b-be8d-43ad-b612-3b014091f01f@group-7FB8A9FC5FAD-LeaderElection60] INFO  server.RaftServer$Division (ServerState.java:setRaftConf(387)) - 013fba9b-be8d-43ad-b612-3b014091f01f@group-7FB8A9FC5FAD: set configuration 0: [013fba9b-be8d-43ad-b612-3b014091f01f|rpc:10.1.0.9:42921|dataStream:|priority:1], old=null
2022-03-01 02:10:11,523 [a8238d39-ac12-4817-9b36-376d1334b6b2@group-D07D9F95FF8E-FollowerState] INFO  impl.FollowerState (FollowerState.java:run(134)) - a8238d39-ac12-4817-9b36-376d1334b6b2@group-D07D9F95FF8E-FollowerState: change to CANDIDATE, lastRpcElapsedTime:5047971232ns, electionTimeout:5047ms
2022-03-01 02:10:11,523 [a8238d39-ac12-4817-9b36-376d1334b6b2@group-D07D9F95FF8E-FollowerState] INFO  impl.RoleInfo (RoleInfo.java:shutdownFollowerState(108)) - a8238d39-ac12-4817-9b36-376d1334b6b2: shutdown a8238d39-ac12-4817-9b36-376d1334b6b2@group-D07D9F95FF8E-FollowerState
2022-03-01 02:10:11,524 [a8238d39-ac12-4817-9b36-376d1334b6b2@group-D07D9F95FF8E-FollowerState] INFO  server.RaftServer$Division (RaftServerImpl.java:setRole(290)) - a8238d39-ac12-4817-9b36-376d1334b6b2@group-D07D9F95FF8E: changes role from  FOLLOWER to CANDIDATE at term 0 for changeToCandidate
2022-03-01 02:10:11,524 [a8238d39-ac12-4817-9b36-376d1334b6b2@group-D07D9F95FF8E-FollowerState] INFO  server.RaftServerConfigKeys (ConfUtils.java:logGet(44)) - raft.server.leaderelection.pre-vote = false (custom)
2022-03-01 02:10:11,524 [a8238d39-ac12-4817-9b36-376d1334b6b2@group-D07D9F95FF8E-FollowerState] INFO  impl.RoleInfo (RoleInfo.java:updateAndGet(130)) - a8238d39-ac12-4817-9b36-376d1334b6b2: start a8238d39-ac12-4817-9b36-376d1334b6b2@group-D07D9F95FF8E-LeaderElection61
2022-03-01 02:10:11,561 [a8238d39-ac12-4817-9b36-376d1334b6b2@group-D07D9F95FF8E-LeaderElection61] INFO  impl.LeaderElection (LeaderElection.java:askForVotes(306)) - a8238d39-ac12-4817-9b36-376d1334b6b2@group-D07D9F95FF8E-LeaderElection61 ELECTION round 0: submit vote requests at term 1 for -1: [f59a0bde-b51c-455e-b156-f6981c95a7d1|rpc:10.1.0.9:39175|priority:0, 013fba9b-be8d-43ad-b612-3b014091f01f|rpc:10.1.0.9:42921|priority:1, a8238d39-ac12-4817-9b36-376d1334b6b2|rpc:10.1.0.9:43383|priority:0], old=null
2022-03-01 02:10:11,570 [grpc-default-executor-3] INFO  server.RaftServer$Division (RaftServerImpl.java:requestVote(1046)) - f59a0bde-b51c-455e-b156-f6981c95a7d1@group-D07D9F95FF8E: receive requestVote(ELECTION, a8238d39-ac12-4817-9b36-376d1334b6b2, group-D07D9F95FF8E, 1, (t:0, i:0))
2022-03-01 02:10:11,570 [grpc-default-executor-3] INFO  impl.VoteContext (VoteContext.java:log(48)) - f59a0bde-b51c-455e-b156-f6981c95a7d1@group-D07D9F95FF8E-FOLLOWER: accept ELECTION from a8238d39-ac12-4817-9b36-376d1334b6b2: our priority 0 <= candidate's priority 0
2022-03-01 02:10:11,570 [grpc-default-executor-3] INFO  server.RaftServer$Division (RaftServerImpl.java:setRole(290)) - f59a0bde-b51c-455e-b156-f6981c95a7d1@group-D07D9F95FF8E: changes role from  FOLLOWER to FOLLOWER at term 1 for candidate:a8238d39-ac12-4817-9b36-376d1334b6b2
2022-03-01 02:10:11,570 [grpc-default-executor-3] INFO  impl.RoleInfo (RoleInfo.java:shutdownFollowerState(108)) - f59a0bde-b51c-455e-b156-f6981c95a7d1: shutdown f59a0bde-b51c-455e-b156-f6981c95a7d1@group-D07D9F95FF8E-FollowerState
2022-03-01 02:10:11,582 [013fba9b-be8d-43ad-b612-3b014091f01f@group-D07D9F95FF8E-FollowerState] INFO  impl.FollowerState (FollowerState.java:run(134)) - 013fba9b-be8d-43ad-b612-3b014091f01f@group-D07D9F95FF8E-FollowerState: change to CANDIDATE, lastRpcElapsedTime:5141200083ns, electionTimeout:5131ms
2022-03-01 02:10:11,582 [grpc-default-executor-3] INFO  impl.RoleInfo (RoleInfo.java:updateAndGet(130)) - f59a0bde-b51c-455e-b156-f6981c95a7d1: start f59a0bde-b51c-455e-b156-f6981c95a7d1@group-D07D9F95FF8E-FollowerState
2022-03-01 02:10:11,582 [013fba9b-be8d-43ad-b612-3b014091f01f@group-D07D9F95FF8E-FollowerState] INFO  impl.RoleInfo (RoleInfo.java:shutdownFollowerState(108)) - 013fba9b-be8d-43ad-b612-3b014091f01f: shutdown 013fba9b-be8d-43ad-b612-3b014091f01f@group-D07D9F95FF8E-FollowerState
2022-03-01 02:10:11,582 [013fba9b-be8d-43ad-b612-3b014091f01f@group-D07D9F95FF8E-FollowerState] INFO  server.RaftServer$Division (RaftServerImpl.java:setRole(290)) - 013fba9b-be8d-43ad-b612-3b014091f01f@group-D07D9F95FF8E: changes role from  FOLLOWER to CANDIDATE at term 0 for changeToCandidate
2022-03-01 02:10:11,584 [grpc-default-executor-5] INFO  server.RaftServer$Division (RaftServerImpl.java:requestVote(1046)) - 013fba9b-be8d-43ad-b612-3b014091f01f@group-D07D9F95FF8E: receive requestVote(ELECTION, a8238d39-ac12-4817-9b36-376d1334b6b2, group-D07D9F95FF8E, 1, (t:0, i:0))
2022-03-01 02:10:11,590 [013fba9b-be8d-43ad-b612-3b014091f01f@group-D07D9F95FF8E-FollowerState] INFO  server.RaftServerConfigKeys (ConfUtils.java:logGet(44)) - raft.server.leaderelection.pre-vote = false (custom)
2022-03-01 02:10:11,590 [013fba9b-be8d-43ad-b612-3b014091f01f@group-D07D9F95FF8E-FollowerState] INFO  impl.RoleInfo (RoleInfo.java:updateAndGet(130)) - 013fba9b-be8d-43ad-b612-3b014091f01f: start 013fba9b-be8d-43ad-b612-3b014091f01f@group-D07D9F95FF8E-LeaderElection62
2022-03-01 02:10:11,598 [f59a0bde-b51c-455e-b156-f6981c95a7d1@group-D07D9F95FF8E-FollowerState] INFO  impl.FollowerState (FollowerState.java:run(143)) - f59a0bde-b51c-455e-b156-f6981c95a7d1@group-D07D9F95FF8E-FollowerState was interrupted: {}
java.lang.InterruptedException: sleep interrupted
	at java.lang.Thread.sleep(Native Method)
	at java.lang.Thread.sleep(Thread.java:342)
	at java.util.concurrent.TimeUnit.sleep(TimeUnit.java:386)
	at org.apache.ratis.util.TimeDuration.sleep(TimeDuration.java:324)
	at org.apache.ratis.util.TimeDuration.sleep(TimeDuration.java:309)
	at org.apache.ratis.server.impl.FollowerState.run(FollowerState.java:118)
2022-03-01 02:10:11,616 [grpc-default-executor-5] INFO  impl.VoteContext (VoteContext.java:log(48)) - 013fba9b-be8d-43ad-b612-3b014091f01f@group-D07D9F95FF8E-CANDIDATE: reject ELECTION from a8238d39-ac12-4817-9b36-376d1334b6b2: our priority 1 > candidate's priority 0
2022-03-01 02:10:11,616 [grpc-default-executor-5] INFO  server.RaftServer$Division (RaftServerImpl.java:setRole(290)) - 013fba9b-be8d-43ad-b612-3b014091f01f@group-D07D9F95FF8E: changes role from CANDIDATE to FOLLOWER at term 1 for candidate:a8238d39-ac12-4817-9b36-376d1334b6b2
2022-03-01 02:10:11,616 [grpc-default-executor-5] INFO  impl.RoleInfo (RoleInfo.java:shutdownLeaderElection(121)) - 013fba9b-be8d-43ad-b612-3b014091f01f: shutdown 013fba9b-be8d-43ad-b612-3b014091f01f@group-D07D9F95FF8E-LeaderElection62
2022-03-01 02:10:11,616 [grpc-default-executor-5] INFO  impl.RoleInfo (RoleInfo.java:updateAndGet(130)) - 013fba9b-be8d-43ad-b612-3b014091f01f: start 013fba9b-be8d-43ad-b612-3b014091f01f@group-D07D9F95FF8E-FollowerState
2022-03-01 02:10:11,619 [grpc-default-executor-3] INFO  server.RaftServer$Division (RaftServerImpl.java:requestVote(1078)) - f59a0bde-b51c-455e-b156-f6981c95a7d1@group-D07D9F95FF8E replies to ELECTION vote request: a8238d39-ac12-4817-9b36-376d1334b6b2<-f59a0bde-b51c-455e-b156-f6981c95a7d1#0:OK-t1. Peer's state: f59a0bde-b51c-455e-b156-f6981c95a7d1@group-D07D9F95FF8E:t1, leader=null, voted=a8238d39-ac12-4817-9b36-376d1334b6b2, raftlog=f59a0bde-b51c-455e-b156-f6981c95a7d1@group-D07D9F95FF8E-SegmentedRaftLog:OPENED:c-1, conf=-1: [f59a0bde-b51c-455e-b156-f6981c95a7d1|rpc:10.1.0.9:39175|dataStream:|priority:0, 013fba9b-be8d-43ad-b612-3b014091f01f|rpc:10.1.0.9:42921|dataStream:|priority:1, a8238d39-ac12-4817-9b36-376d1334b6b2|rpc:10.1.0.9:43383|dataStream:|priority:0], old=null
2022-03-01 02:10:11,632 [grpc-default-executor-5] INFO  server.RaftServer$Division (RaftServerImpl.java:requestVote(1078)) - 013fba9b-be8d-43ad-b612-3b014091f01f@group-D07D9F95FF8E replies to ELECTION vote request: a8238d39-ac12-4817-9b36-376d1334b6b2<-013fba9b-be8d-43ad-b612-3b014091f01f#0:FAIL-t1. Peer's state: 013fba9b-be8d-43ad-b612-3b014091f01f@group-D07D9F95FF8E:t1, leader=null, voted=null, raftlog=013fba9b-be8d-43ad-b612-3b014091f01f@group-D07D9F95FF8E-SegmentedRaftLog:OPENED:c-1, conf=-1: [f59a0bde-b51c-455e-b156-f6981c95a7d1|rpc:10.1.0.9:39175|priority:0, 013fba9b-be8d-43ad-b612-3b014091f01f|rpc:10.1.0.9:42921|priority:1, a8238d39-ac12-4817-9b36-376d1334b6b2|rpc:10.1.0.9:43383|priority:0], old=null
2022-03-01 02:10:11,633 [a8238d39-ac12-4817-9b36-376d1334b6b2@group-D07D9F95FF8E-LeaderElection61] INFO  impl.LeaderElection (LeaderElection.java:logAndReturn(89)) - a8238d39-ac12-4817-9b36-376d1334b6b2@group-D07D9F95FF8E-LeaderElection61: ELECTION REJECTED received 2 response(s) and 0 exception(s):
2022-03-01 02:10:11,633 [a8238d39-ac12-4817-9b36-376d1334b6b2@group-D07D9F95FF8E-LeaderElection61] INFO  impl.LeaderElection (LeaderElection.java:logAndReturn(93)) -   Response 0: a8238d39-ac12-4817-9b36-376d1334b6b2<-f59a0bde-b51c-455e-b156-f6981c95a7d1#0:OK-t1
2022-03-01 02:10:11,633 [a8238d39-ac12-4817-9b36-376d1334b6b2@group-D07D9F95FF8E-LeaderElection61] INFO  impl.LeaderElection (LeaderElection.java:logAndReturn(93)) -   Response 1: a8238d39-ac12-4817-9b36-376d1334b6b2<-013fba9b-be8d-43ad-b612-3b014091f01f#0:FAIL-t1
2022-03-01 02:10:11,633 [a8238d39-ac12-4817-9b36-376d1334b6b2@group-D07D9F95FF8E-LeaderElection61] INFO  impl.LeaderElection (LeaderElection.java:askForVotes(308)) - a8238d39-ac12-4817-9b36-376d1334b6b2@group-D07D9F95FF8E-LeaderElection61 ELECTION round 0: result REJECTED
2022-03-01 02:10:11,633 [a8238d39-ac12-4817-9b36-376d1334b6b2@group-D07D9F95FF8E-LeaderElection61] INFO  server.RaftServer$Division (RaftServerImpl.java:setRole(290)) - a8238d39-ac12-4817-9b36-376d1334b6b2@group-D07D9F95FF8E: changes role from CANDIDATE to FOLLOWER at term 1 for REJECTED
2022-03-01 02:10:11,634 [a8238d39-ac12-4817-9b36-376d1334b6b2@group-D07D9F95FF8E-LeaderElection61] INFO  impl.RoleInfo (RoleInfo.java:shutdownLeaderElection(121)) - a8238d39-ac12-4817-9b36-376d1334b6b2: shutdown a8238d39-ac12-4817-9b36-376d1334b6b2@group-D07D9F95FF8E-LeaderElection61
2022-03-01 02:10:11,634 [a8238d39-ac12-4817-9b36-376d1334b6b2@group-D07D9F95FF8E-LeaderElection61] INFO  impl.RoleInfo (RoleInfo.java:updateAndGet(130)) - a8238d39-ac12-4817-9b36-376d1334b6b2: start a8238d39-ac12-4817-9b36-376d1334b6b2@group-D07D9F95FF8E-FollowerState
2022-03-01 02:10:11,964 [Listener at 127.0.0.1/35817] INFO  ozone.MiniOzoneClusterImpl (MiniOzoneClusterImpl.java:lambda$waitForClusterToBeReady$0(219)) - Nodes are ready. Got 3 of 3 DN Heartbeats.
2022-03-01 02:10:11,964 [Listener at 127.0.0.1/35817] INFO  ozone.MiniOzoneClusterImpl (MiniOzoneClusterImpl.java:lambda$waitForClusterToBeReady$0(222)) - Cluster exits safe mode
2022-03-01 02:10:11,964 [Listener at 127.0.0.1/35817] INFO  ozone.MiniOzoneClusterImpl (MiniOzoneClusterImpl.java:lambda$waitForClusterToBeReady$0(224)) - SCM became leader
2022-03-01 02:10:12,016 [Listener at 127.0.0.1/35817] INFO  rpc.RpcClient (RpcClient.java:createVolume(399)) - Creating Volume: volume58021, with user43177 as owner and space quota set to -1 bytes, counts quota set to -1
2022-03-01 02:10:12,065 [OM StateMachine ApplyTransaction Thread - 0] INFO  volume.OMVolumeCreateRequest (OMVolumeCreateRequest.java:validateAndUpdateCache(195)) - created volume:volume58021 for user:user43177
2022-03-01 02:10:12,097 [Listener at 127.0.0.1/35817] INFO  rpc.RpcClient (RpcClient.java:createBucket(562)) - Creating Bucket: volume58021/bucket09163, with runner as owner and Versioning false and Storage Type set to DISK and Encryption set to false 
]]></system-out>
  </testcase>
  <testcase name="testRenameFile[3]" classname="org.apache.hadoop.fs.ozone.TestRootedOzoneFileSystem" time="0.177"/>
  <testcase name="testListStatusRootAndVolumeRecursive[3]" classname="org.apache.hadoop.fs.ozone.TestRootedOzoneFileSystem" time="1.067"/>
  <testcase name="testTempMount[3]" classname="org.apache.hadoop.fs.ozone.TestRootedOzoneFileSystem" time="0.273"/>
  <testcase name="testListStatusRootAndVolumeNonRecursive[3]" classname="org.apache.hadoop.fs.ozone.TestRootedOzoneFileSystem" time="0.844"/>
  <testcase name="testDeleteVolumeAndBucket[3]" classname="org.apache.hadoop.fs.ozone.TestRootedOzoneFileSystem" time="0.068"/>
  <testcase name="testRenameDirToItsOwnSubDir[3]" classname="org.apache.hadoop.fs.ozone.TestRootedOzoneFileSystem" time="0.051"/>
  <testcase name="testOzoneFsServiceLoader[3]" classname="org.apache.hadoop.fs.ozone.TestRootedOzoneFileSystem" time="0.082"/>
  <testcase name="testTrash[3]" classname="org.apache.hadoop.fs.ozone.TestRootedOzoneFileSystem" time="0">
    <skipped/>
  </testcase>
  <testcase name="testRenameDestinationParentDoesntExist[3]" classname="org.apache.hadoop.fs.ozone.TestRootedOzoneFileSystem" time="0.056"/>
  <testcase name="testGetFileStatusRoot[3]" classname="org.apache.hadoop.fs.ozone.TestRootedOzoneFileSystem" time="0.008"/>
  <testcase name="testCreateWithInvalidPaths[3]" classname="org.apache.hadoop.fs.ozone.TestRootedOzoneFileSystem" time="0.014"/>
  <testcase name="testDeleteEmptyVolume[3]" classname="org.apache.hadoop.fs.ozone.TestRootedOzoneFileSystem" time="0.072"/>
  <testcase name="testListStatusRootAndVolumeContinuation[3]" classname="org.apache.hadoop.fs.ozone.TestRootedOzoneFileSystem" time="1.66"/>
  <testcase name="testDeleteVolumeBucketAndKey[3]" classname="org.apache.hadoop.fs.ozone.TestRootedOzoneFileSystem" time="0.069"/>
  <testcase name="testRenameToParentDir[3]" classname="org.apache.hadoop.fs.ozone.TestRootedOzoneFileSystem" time="0.161"/>
  <testcase name="testMkdirNonExistentVolumeBucket[3]" classname="org.apache.hadoop.fs.ozone.TestRootedOzoneFileSystem" time="0.104"/>
  <testcase name="testFailToDeleteRoot[3]" classname="org.apache.hadoop.fs.ozone.TestRootedOzoneFileSystem" time="0.031"/>
  <testcase name="testListStatusOnSubDirs[3]" classname="org.apache.hadoop.fs.ozone.TestRootedOzoneFileSystem" time="0.08"/>
  <testcase name="testListStatus[3]" classname="org.apache.hadoop.fs.ozone.TestRootedOzoneFileSystem" time="0.088"/>
  <testcase name="testGetTrashRoots[3]" classname="org.apache.hadoop.fs.ozone.TestRootedOzoneFileSystem" time="0.901"/>
  <testcase name="testCreateDoesNotAddParentDirKeys[3]" classname="org.apache.hadoop.fs.ozone.TestRootedOzoneFileSystem" time="0.166"/>
  <testcase name="testMkdirNonExistentVolume[3]" classname="org.apache.hadoop.fs.ozone.TestRootedOzoneFileSystem" time="0.016"/>
  <testcase name="testDeleteCreatesFakeParentDir[3]" classname="org.apache.hadoop.fs.ozone.TestRootedOzoneFileSystem" time="0.225"/>
  <testcase name="testNonExplicitlyCreatedPathExistsAfterItsLeafsWereRemoved[3]" classname="org.apache.hadoop.fs.ozone.TestRootedOzoneFileSystem" time="0.078"/>
  <testcase name="testFileDelete[3]" classname="org.apache.hadoop.fs.ozone.TestRootedOzoneFileSystem" time="0.175"/>
  <testcase name="testRenameToTrashEnabled[3]" classname="org.apache.hadoop.fs.ozone.TestRootedOzoneFileSystem" time="0.202"/>
  <testcase name="testMkdirOnNonExistentVolumeBucketDir[3]" classname="org.apache.hadoop.fs.ozone.TestRootedOzoneFileSystem" time="0.103"/>
  <testcase name="testListStatusOnLargeDirectory[3]" classname="org.apache.hadoop.fs.ozone.TestRootedOzoneFileSystem" time="15.014"/>
  <testcase name="testRenameToDifferentBucket[3]" classname="org.apache.hadoop.fs.ozone.TestRootedOzoneFileSystem" time="0.039"/>
  <testcase name="testListStatusInBucket[3]" classname="org.apache.hadoop.fs.ozone.TestRootedOzoneFileSystem" time="0.05"/>
  <testcase name="testRenameFileToDir[3]" classname="org.apache.hadoop.fs.ozone.TestRootedOzoneFileSystem" time="0.081"/>
  <testcase name="testNonPrivilegedUserMkdirCreateBucket[4]" classname="org.apache.hadoop.fs.ozone.TestRootedOzoneFileSystem" time="0">
    <skipped message="ACL is not enabled. Skipping this test as it requires ACL to be enabled to be meaningful." type="org.junit.AssumptionViolatedException">org.junit.AssumptionViolatedException: ACL is not enabled. Skipping this test as it requires ACL to be enabled to be meaningful.
	at org.junit.Assume.assumeTrue(Assume.java:68)
	at org.apache.hadoop.fs.ozone.TestRootedOzoneFileSystem.testNonPrivilegedUserMkdirCreateBucket(TestRootedOzoneFileSystem.java:1582)
	at sun.reflect.NativeMethodAccessorImpl.invoke0(Native Method)
	at sun.reflect.NativeMethodAccessorImpl.invoke(NativeMethodAccessorImpl.java:62)
	at sun.reflect.DelegatingMethodAccessorImpl.invoke(DelegatingMethodAccessorImpl.java:43)
	at java.lang.reflect.Method.invoke(Method.java:498)
	at org.junit.runners.model.FrameworkMethod$1.runReflectiveCall(FrameworkMethod.java:59)
	at org.junit.internal.runners.model.ReflectiveCallable.run(ReflectiveCallable.java:12)
	at org.junit.runners.model.FrameworkMethod.invokeExplosively(FrameworkMethod.java:56)
	at org.junit.internal.runners.statements.InvokeMethod.evaluate(InvokeMethod.java:17)
	at org.junit.internal.runners.statements.FailOnTimeout$CallableStatement.call(FailOnTimeout.java:288)
	at org.junit.internal.runners.statements.FailOnTimeout$CallableStatement.call(FailOnTimeout.java:282)
	at java.util.concurrent.FutureTask.run(FutureTask.java:266)
	at java.lang.Thread.run(Thread.java:750)
</skipped>
    <system-out><![CDATA[2022-03-01 02:10:34,102 [Listener at 127.0.0.1/35817] INFO  ozone.MiniOzoneClusterImpl (MiniOzoneClusterImpl.java:shutdown(449)) - Shutting down the Mini Ozone Cluster
2022-03-01 02:10:34,103 [Listener at 127.0.0.1/35817] INFO  ozone.MiniOzoneClusterImpl (MiniOzoneClusterImpl.java:stop(464)) - Stopping the Mini Ozone Cluster
2022-03-01 02:10:34,103 [Listener at 127.0.0.1/35817] INFO  ozone.MiniOzoneClusterImpl (MiniOzoneClusterImpl.java:stopOM(546)) - Stopping the OzoneManager
2022-03-01 02:10:34,103 [Listener at 127.0.0.1/35817] INFO  om.OzoneManager (OzoneManager.java:stop(1893)) - om1[localhost:0]: Stopping Ozone Manager
2022-03-01 02:10:34,103 [Listener at 127.0.0.1/35817] INFO  ipc.Server (Server.java:stop(3414)) - Stopping server on 35817
2022-03-01 02:10:34,139 [IPC Server listener on 0] INFO  ipc.Server (Server.java:run(1376)) - Stopping IPC Server listener on 0
2022-03-01 02:10:34,139 [IPC Server Responder] INFO  ipc.Server (Server.java:run(1512)) - Stopping IPC Server Responder
2022-03-01 02:10:34,150 [Listener at 127.0.0.1/35817] INFO  server.RaftServer (RaftServerProxy.java:lambda$close$6(391)) - om1: close
2022-03-01 02:10:34,150 [Listener at 127.0.0.1/35817] INFO  server.RaftServer$Division (RaftServerImpl.java:lambda$close$4(412)) - om1@group-C5BA1605619E: shutdown
2022-03-01 02:10:34,150 [Listener at 127.0.0.1/35817] INFO  util.JmxRegister (JmxRegister.java:unregister(73)) - Successfully un-registered JMX Bean with object name Ratis:service=RaftServer,group=group-C5BA1605619E,id=om1
2022-03-01 02:10:34,150 [Listener at 127.0.0.1/35817] INFO  impl.RoleInfo (RoleInfo.java:shutdownLeaderState(91)) - om1: shutdown om1@group-C5BA1605619E-LeaderStateImpl
2022-03-01 02:10:34,151 [Listener at 127.0.0.1/35817] INFO  impl.PendingRequests (PendingRequests.java:sendNotLeaderResponses(282)) - om1@group-C5BA1605619E-PendingRequests: sendNotLeaderResponses
2022-03-01 02:10:34,225 [Listener at 127.0.0.1/35817] INFO  impl.StateMachineUpdater (StateMachineUpdater.java:stopAndJoin(149)) - om1@group-C5BA1605619E-StateMachineUpdater: set stopIndex = 6688
2022-03-01 02:10:34,226 [om1@group-C5BA1605619E-StateMachineUpdater] INFO  ratis.OzoneManagerStateMachine (OzoneManagerStateMachine.java:takeSnapshot(417)) - Current Snapshot Index (t:1, i:6688)
2022-03-01 02:10:34,226 [om1@group-C5BA1605619E-StateMachineUpdater] INFO  impl.StateMachineUpdater (StateMachineUpdater.java:takeSnapshot(281)) - om1@group-C5BA1605619E-StateMachineUpdater: Took a snapshot at index 6688
2022-03-01 02:10:34,226 [om1@group-C5BA1605619E-StateMachineUpdater] INFO  impl.StateMachineUpdater (StateMachineUpdater.java:lambda$new$0(89)) - om1@group-C5BA1605619E-StateMachineUpdater: snapshotIndex: updateIncreasingly -1 -> 6688
2022-03-01 02:10:34,226 [om1@group-C5BA1605619E-StateMachineUpdater] INFO  ratis.OzoneManagerStateMachine (OzoneManagerStateMachine.java:close(471)) - StateMachine has shutdown. Shutdown OzoneManager if not already shutdown.
2022-03-01 02:10:34,226 [Listener at 127.0.0.1/35817] INFO  server.RaftServer$Division (ServerState.java:close(419)) - om1@group-C5BA1605619E: closes. applyIndex: 6688
2022-03-01 02:10:34,227 [om1@group-C5BA1605619E-SegmentedRaftLogWorker] INFO  segmented.SegmentedRaftLogWorker (SegmentedRaftLogWorker.java:run(327)) - om1@group-C5BA1605619E-SegmentedRaftLogWorker was interrupted, exiting. There are 0 tasks remaining in the queue.
2022-03-01 02:10:34,228 [Listener at 127.0.0.1/35817] INFO  segmented.SegmentedRaftLogWorker (SegmentedRaftLogWorker.java:close(237)) - om1@group-C5BA1605619E-SegmentedRaftLogWorker close()
2022-03-01 02:10:34,229 [Listener at 127.0.0.1/35817] INFO  server.GrpcService (GrpcService.java:closeImpl(262)) - om1: shutdown server with port 9872 now
2022-03-01 02:10:34,230 [Listener at 127.0.0.1/35817] INFO  server.GrpcService (GrpcService.java:closeImpl(271)) - om1: shutdown server with port 9872 successfully
2022-03-01 02:10:34,234 [org.apache.ratis.util.JvmPauseMonitor$$Lambda$421/1299661385@298d4230] INFO  util.JvmPauseMonitor (JvmPauseMonitor.java:run(109)) - JvmPauseMonitor-om1: Stopped
2022-03-01 02:10:34,234 [Listener at 127.0.0.1/35817] INFO  ratis.OzoneManagerDoubleBuffer (OzoneManagerDoubleBuffer.java:stop(437)) - Stopping OMDoubleBuffer flush thread
2022-03-01 02:10:34,234 [OMDoubleBufferFlushThread] INFO  ratis.OzoneManagerDoubleBuffer (OzoneManagerDoubleBuffer.java:flushTransactions(356)) - OMDoubleBuffer flush thread OMDoubleBufferFlushThread is interrupted and will exit. OMDoubleBufferFlushThread
2022-03-01 02:10:34,245 [Listener at 127.0.0.1/35817] INFO  utils.BackgroundService (BackgroundService.java:shutdown(132)) - Shutting down service KeyDeletingService
2022-03-01 02:10:34,247 [Listener at 127.0.0.1/35817] INFO  utils.BackgroundService (BackgroundService.java:shutdown(132)) - Shutting down service DirectoryDeletingService
2022-03-01 02:10:34,248 [Listener at 127.0.0.1/35817] INFO  handler.ContextHandler (ContextHandler.java:doStop(1153)) - Stopped o.e.j.w.WebAppContext@798cb469{ozoneManager,/,null,STOPPED}{file:/home/runner/work/ozone/ozone/hadoop-ozone/integration-test/target/test-classes/webapps/ozoneManager}
2022-03-01 02:10:34,249 [Listener at 127.0.0.1/35817] INFO  server.AbstractConnector (AbstractConnector.java:doStop(381)) - Stopped ServerConnector@4220fef7{HTTP/1.1, (http/1.1)}{0.0.0.0:0}
2022-03-01 02:10:34,249 [Listener at 127.0.0.1/35817] INFO  server.session (HouseKeeper.java:stopScavenging(149)) - node0 Stopped scavenging
2022-03-01 02:10:34,249 [Listener at 127.0.0.1/35817] INFO  handler.ContextHandler (ContextHandler.java:doStop(1153)) - Stopped o.e.j.s.ServletContextHandler@318be20{static,/static,file:///home/runner/work/ozone/ozone/hadoop-ozone/integration-test/target/test-classes/webapps/static,STOPPED}
2022-03-01 02:10:34,250 [Listener at 127.0.0.1/35817] INFO  handler.ContextHandler (ContextHandler.java:doStop(1153)) - Stopped o.e.j.s.ServletContextHandler@2f506649{logs,/logs,file:///home/runner/work/ozone/ozone/hadoop-ozone/integration-test/target/log,STOPPED}
2022-03-01 02:10:34,251 [Trash Emptier] ERROR util.ExitUtils (ExitUtils.java:terminate(133)) - Terminating with exit status -1: Thread[Trash Emptier,5,main] has thrown an uncaught exception
java.lang.UnsupportedOperationException: fs.getUri() not implemented in TrashOzoneFileSystem
	at org.apache.hadoop.ozone.om.TrashOzoneFileSystem.getUri(TrashOzoneFileSystem.java:124)
	at org.apache.hadoop.fs.FileSystem.close(FileSystem.java:2592)
	at org.apache.hadoop.ozone.om.TrashPolicyOzone$Emptier.run(TrashPolicyOzone.java:243)
	at java.lang.Thread.run(Thread.java:750)
2022-03-01 02:10:34,253 [Listener at 127.0.0.1/35817] INFO  ozone.MiniOzoneClusterImpl (MiniOzoneClusterImpl.java:stopDatanodes(523)) - Stopping the HddsDatanodes
2022-03-01 02:10:39,254 [Listener at 127.0.0.1/35817] INFO  ozoneimpl.OzoneContainer (OzoneContainer.java:stop(356)) - Attempting to stop container services.
2022-03-01 02:10:39,255 [ForkJoinPool.commonPool-worker-0] INFO  ozoneimpl.OzoneContainer (OzoneContainer.java:stop(356)) - Attempting to stop container services.
2022-03-01 02:10:39,255 [ForkJoinPool.commonPool-worker-0] INFO  server.RaftServer (RaftServerProxy.java:lambda$close$6(391)) - a8238d39-ac12-4817-9b36-376d1334b6b2: close
2022-03-01 02:10:39,256 [ForkJoinPool.commonPool-worker-0] INFO  server.RaftServer$Division (RaftServerImpl.java:lambda$close$4(412)) - a8238d39-ac12-4817-9b36-376d1334b6b2@group-D07D9F95FF8E: shutdown
2022-03-01 02:10:39,256 [ForkJoinPool.commonPool-worker-0] INFO  util.JmxRegister (JmxRegister.java:unregister(73)) - Successfully un-registered JMX Bean with object name Ratis:service=RaftServer,group=group-D07D9F95FF8E,id=a8238d39-ac12-4817-9b36-376d1334b6b2
2022-03-01 02:10:39,256 [ForkJoinPool.commonPool-worker-0] INFO  impl.RoleInfo (RoleInfo.java:shutdownFollowerState(108)) - a8238d39-ac12-4817-9b36-376d1334b6b2: shutdown a8238d39-ac12-4817-9b36-376d1334b6b2@group-D07D9F95FF8E-FollowerState
2022-03-01 02:10:39,256 [ForkJoinPool.commonPool-worker-0] INFO  impl.StateMachineUpdater (StateMachineUpdater.java:stopAndJoin(149)) - a8238d39-ac12-4817-9b36-376d1334b6b2@group-D07D9F95FF8E-StateMachineUpdater: set stopIndex = 0
2022-03-01 02:10:39,256 [a8238d39-ac12-4817-9b36-376d1334b6b2@group-D07D9F95FF8E-FollowerState] INFO  impl.FollowerState (FollowerState.java:run(143)) - a8238d39-ac12-4817-9b36-376d1334b6b2@group-D07D9F95FF8E-FollowerState was interrupted: {}
java.lang.InterruptedException: sleep interrupted
	at java.lang.Thread.sleep(Native Method)
	at java.lang.Thread.sleep(Thread.java:342)
	at java.util.concurrent.TimeUnit.sleep(TimeUnit.java:386)
	at org.apache.ratis.util.TimeDuration.sleep(TimeDuration.java:324)
	at org.apache.ratis.util.TimeDuration.sleep(TimeDuration.java:309)
	at org.apache.ratis.server.impl.FollowerState.run(FollowerState.java:118)
2022-03-01 02:10:39,256 [a8238d39-ac12-4817-9b36-376d1334b6b2@group-D07D9F95FF8E-StateMachineUpdater] INFO  ratis.ContainerStateMachine (ContainerStateMachine.java:takeSnapshot(304)) - group-D07D9F95FF8E: Taking a snapshot at:(t:3, i:0) file /home/runner/work/ozone/ozone/hadoop-ozone/integration-test/target/test-dir/MiniOzoneClusterImpl-274b8b5e-502f-4f00-85bb-070f9627ef71/datanode-0/data/ratis/89fbaf65-3f65-4e6d-a6f4-d07d9f95ff8e/sm/snapshot.3_0
2022-03-01 02:10:39,258 [a8238d39-ac12-4817-9b36-376d1334b6b2@group-D07D9F95FF8E-StateMachineUpdater] INFO  ratis.ContainerStateMachine (ContainerStateMachine.java:takeSnapshot(315)) - group-D07D9F95FF8E: Finished taking a snapshot at:(t:3, i:0) file:/home/runner/work/ozone/ozone/hadoop-ozone/integration-test/target/test-dir/MiniOzoneClusterImpl-274b8b5e-502f-4f00-85bb-070f9627ef71/datanode-0/data/ratis/89fbaf65-3f65-4e6d-a6f4-d07d9f95ff8e/sm/snapshot.3_0 took: 1 ms
2022-03-01 02:10:39,259 [a8238d39-ac12-4817-9b36-376d1334b6b2@group-D07D9F95FF8E-StateMachineUpdater] INFO  impl.StateMachineUpdater (StateMachineUpdater.java:takeSnapshot(281)) - a8238d39-ac12-4817-9b36-376d1334b6b2@group-D07D9F95FF8E-StateMachineUpdater: Took a snapshot at index 0
2022-03-01 02:10:39,259 [a8238d39-ac12-4817-9b36-376d1334b6b2@group-D07D9F95FF8E-StateMachineUpdater] INFO  impl.StateMachineUpdater (StateMachineUpdater.java:lambda$new$0(89)) - a8238d39-ac12-4817-9b36-376d1334b6b2@group-D07D9F95FF8E-StateMachineUpdater: snapshotIndex: updateIncreasingly -1 -> 0
2022-03-01 02:10:39,259 [ForkJoinPool.commonPool-worker-0] INFO  server.RaftServer$Division (ServerState.java:close(419)) - a8238d39-ac12-4817-9b36-376d1334b6b2@group-D07D9F95FF8E: closes. applyIndex: 0
2022-03-01 02:10:39,259 [a8238d39-ac12-4817-9b36-376d1334b6b2@group-D07D9F95FF8E-SegmentedRaftLogWorker] INFO  segmented.SegmentedRaftLogWorker (SegmentedRaftLogWorker.java:run(327)) - a8238d39-ac12-4817-9b36-376d1334b6b2@group-D07D9F95FF8E-SegmentedRaftLogWorker was interrupted, exiting. There are 0 tasks remaining in the queue.
2022-03-01 02:10:39,260 [ForkJoinPool.commonPool-worker-0] INFO  segmented.SegmentedRaftLogWorker (SegmentedRaftLogWorker.java:close(237)) - a8238d39-ac12-4817-9b36-376d1334b6b2@group-D07D9F95FF8E-SegmentedRaftLogWorker close()
2022-03-01 02:10:39,261 [ForkJoinPool.commonPool-worker-0] INFO  server.RaftServer$Division (RaftServerImpl.java:lambda$close$4(412)) - a8238d39-ac12-4817-9b36-376d1334b6b2@group-AC941DF88464: shutdown
2022-03-01 02:10:39,261 [ForkJoinPool.commonPool-worker-0] INFO  util.JmxRegister (JmxRegister.java:unregister(73)) - Successfully un-registered JMX Bean with object name Ratis:service=RaftServer,group=group-AC941DF88464,id=a8238d39-ac12-4817-9b36-376d1334b6b2
2022-03-01 02:10:39,261 [ForkJoinPool.commonPool-worker-0] INFO  impl.RoleInfo (RoleInfo.java:shutdownLeaderState(91)) - a8238d39-ac12-4817-9b36-376d1334b6b2: shutdown a8238d39-ac12-4817-9b36-376d1334b6b2@group-AC941DF88464-LeaderStateImpl
2022-03-01 02:10:39,261 [ForkJoinPool.commonPool-worker-0] INFO  impl.PendingRequests (PendingRequests.java:sendNotLeaderResponses(282)) - a8238d39-ac12-4817-9b36-376d1334b6b2@group-AC941DF88464-PendingRequests: sendNotLeaderResponses
2022-03-01 02:10:39,262 [a8238d39-ac12-4817-9b36-376d1334b6b2@group-AC941DF88464-StateMachineUpdater] INFO  ratis.ContainerStateMachine (ContainerStateMachine.java:takeSnapshot(304)) - group-AC941DF88464: Taking a snapshot at:(t:1, i:0) file /home/runner/work/ozone/ozone/hadoop-ozone/integration-test/target/test-dir/MiniOzoneClusterImpl-274b8b5e-502f-4f00-85bb-070f9627ef71/datanode-0/data/ratis/1bc24772-165e-42a6-b279-ac941df88464/sm/snapshot.1_0
2022-03-01 02:10:39,262 [ForkJoinPool.commonPool-worker-0] INFO  impl.StateMachineUpdater (StateMachineUpdater.java:stopAndJoin(149)) - a8238d39-ac12-4817-9b36-376d1334b6b2@group-AC941DF88464-StateMachineUpdater: set stopIndex = 0
2022-03-01 02:10:39,263 [a8238d39-ac12-4817-9b36-376d1334b6b2@group-AC941DF88464-StateMachineUpdater] INFO  ratis.ContainerStateMachine (ContainerStateMachine.java:takeSnapshot(315)) - group-AC941DF88464: Finished taking a snapshot at:(t:1, i:0) file:/home/runner/work/ozone/ozone/hadoop-ozone/integration-test/target/test-dir/MiniOzoneClusterImpl-274b8b5e-502f-4f00-85bb-070f9627ef71/datanode-0/data/ratis/1bc24772-165e-42a6-b279-ac941df88464/sm/snapshot.1_0 took: 1 ms
2022-03-01 02:10:39,263 [a8238d39-ac12-4817-9b36-376d1334b6b2@group-AC941DF88464-StateMachineUpdater] INFO  impl.StateMachineUpdater (StateMachineUpdater.java:takeSnapshot(281)) - a8238d39-ac12-4817-9b36-376d1334b6b2@group-AC941DF88464-StateMachineUpdater: Took a snapshot at index 0
2022-03-01 02:10:39,263 [a8238d39-ac12-4817-9b36-376d1334b6b2@group-AC941DF88464-StateMachineUpdater] INFO  impl.StateMachineUpdater (StateMachineUpdater.java:lambda$new$0(89)) - a8238d39-ac12-4817-9b36-376d1334b6b2@group-AC941DF88464-StateMachineUpdater: snapshotIndex: updateIncreasingly -1 -> 0
2022-03-01 02:10:39,264 [ForkJoinPool.commonPool-worker-0] INFO  server.RaftServer$Division (ServerState.java:close(419)) - a8238d39-ac12-4817-9b36-376d1334b6b2@group-AC941DF88464: closes. applyIndex: 0
2022-03-01 02:10:39,264 [a8238d39-ac12-4817-9b36-376d1334b6b2@group-AC941DF88464-SegmentedRaftLogWorker] INFO  segmented.SegmentedRaftLogWorker (SegmentedRaftLogWorker.java:run(327)) - a8238d39-ac12-4817-9b36-376d1334b6b2@group-AC941DF88464-SegmentedRaftLogWorker was interrupted, exiting. There are 0 tasks remaining in the queue.
2022-03-01 02:10:39,264 [ForkJoinPool.commonPool-worker-0] INFO  segmented.SegmentedRaftLogWorker (SegmentedRaftLogWorker.java:close(237)) - a8238d39-ac12-4817-9b36-376d1334b6b2@group-AC941DF88464-SegmentedRaftLogWorker close()
2022-03-01 02:10:39,265 [ForkJoinPool.commonPool-worker-0] INFO  server.RaftServer$Division (RaftServerImpl.java:lambda$close$4(412)) - a8238d39-ac12-4817-9b36-376d1334b6b2@group-B85C749E353E: shutdown
2022-03-01 02:10:39,265 [ForkJoinPool.commonPool-worker-0] INFO  util.JmxRegister (JmxRegister.java:unregister(73)) - Successfully un-registered JMX Bean with object name Ratis:service=RaftServer,group=group-B85C749E353E,id=a8238d39-ac12-4817-9b36-376d1334b6b2
2022-03-01 02:10:39,265 [ForkJoinPool.commonPool-worker-0] INFO  impl.RoleInfo (RoleInfo.java:shutdownLeaderState(91)) - a8238d39-ac12-4817-9b36-376d1334b6b2: shutdown a8238d39-ac12-4817-9b36-376d1334b6b2@group-B85C749E353E-LeaderStateImpl
2022-03-01 02:10:39,265 [a8238d39-ac12-4817-9b36-376d1334b6b2@group-B85C749E353E->013fba9b-be8d-43ad-b612-3b014091f01f-GrpcLogAppender-LogAppenderDaemon] WARN  server.GrpcLogAppender (GrpcLogAppender.java:mayWait(177)) - a8238d39-ac12-4817-9b36-376d1334b6b2@group-B85C749E353E->013fba9b-be8d-43ad-b612-3b014091f01f-GrpcLogAppender: Wait interrupted by java.lang.InterruptedException
2022-03-01 02:10:39,266 [grpc-default-executor-2] INFO  server.GrpcServerProtocolService (GrpcServerProtocolService.java:onCompleted(140)) - 013fba9b-be8d-43ad-b612-3b014091f01f: Completed APPEND_ENTRIES, lastRequest: a8238d39-ac12-4817-9b36-376d1334b6b2->013fba9b-be8d-43ad-b612-3b014091f01f#550-t1,previous=(t:1, i:46),leaderCommit=45,initializing? true,entries: size=1, first=(t:1, i:47), METADATAENTRY(c:45)
2022-03-01 02:10:39,266 [grpc-default-executor-6] INFO  server.GrpcLogAppender (GrpcLogAppender.java:onCompleted(346)) - a8238d39-ac12-4817-9b36-376d1334b6b2@group-B85C749E353E->013fba9b-be8d-43ad-b612-3b014091f01f-AppendLogResponseHandler: follower responses appendEntries COMPLETED
2022-03-01 02:10:39,266 [grpc-default-executor-6] INFO  leader.FollowerInfo (FollowerInfoImpl.java:lambda$new$0(47)) - a8238d39-ac12-4817-9b36-376d1334b6b2@group-B85C749E353E->013fba9b-be8d-43ad-b612-3b014091f01f: nextIndex: updateUnconditionally 48 -> 47
2022-03-01 02:10:39,268 [ForkJoinPool.commonPool-worker-0] INFO  impl.PendingRequests (PendingRequests.java:sendNotLeaderResponses(282)) - a8238d39-ac12-4817-9b36-376d1334b6b2@group-B85C749E353E-PendingRequests: sendNotLeaderResponses
2022-03-01 02:10:39,271 [Listener at 127.0.0.1/35817] INFO  server.RaftServer (RaftServerProxy.java:lambda$close$6(391)) - 013fba9b-be8d-43ad-b612-3b014091f01f: close
2022-03-01 02:10:39,271 [Listener at 127.0.0.1/35817] INFO  server.RaftServer$Division (RaftServerImpl.java:lambda$close$4(412)) - 013fba9b-be8d-43ad-b612-3b014091f01f@group-7FB8A9FC5FAD: shutdown
2022-03-01 02:10:39,271 [Listener at 127.0.0.1/35817] INFO  util.JmxRegister (JmxRegister.java:unregister(73)) - Successfully un-registered JMX Bean with object name Ratis:service=RaftServer,group=group-7FB8A9FC5FAD,id=013fba9b-be8d-43ad-b612-3b014091f01f
2022-03-01 02:10:39,272 [Listener at 127.0.0.1/35817] INFO  impl.RoleInfo (RoleInfo.java:shutdownLeaderState(91)) - 013fba9b-be8d-43ad-b612-3b014091f01f: shutdown 013fba9b-be8d-43ad-b612-3b014091f01f@group-7FB8A9FC5FAD-LeaderStateImpl
2022-03-01 02:10:39,272 [Listener at 127.0.0.1/35817] INFO  impl.PendingRequests (PendingRequests.java:sendNotLeaderResponses(282)) - 013fba9b-be8d-43ad-b612-3b014091f01f@group-7FB8A9FC5FAD-PendingRequests: sendNotLeaderResponses
2022-03-01 02:10:39,272 [Listener at 127.0.0.1/35817] INFO  impl.StateMachineUpdater (StateMachineUpdater.java:stopAndJoin(149)) - 013fba9b-be8d-43ad-b612-3b014091f01f@group-7FB8A9FC5FAD-StateMachineUpdater: set stopIndex = 0
2022-03-01 02:10:39,273 [013fba9b-be8d-43ad-b612-3b014091f01f@group-7FB8A9FC5FAD-StateMachineUpdater] INFO  ratis.ContainerStateMachine (ContainerStateMachine.java:takeSnapshot(304)) - group-7FB8A9FC5FAD: Taking a snapshot at:(t:1, i:0) file /home/runner/work/ozone/ozone/hadoop-ozone/integration-test/target/test-dir/MiniOzoneClusterImpl-274b8b5e-502f-4f00-85bb-070f9627ef71/datanode-1/data/ratis/c78e87fe-5f27-41d7-b8e8-7fb8a9fc5fad/sm/snapshot.1_0
2022-03-01 02:10:39,275 [ForkJoinPool.commonPool-worker-0] INFO  impl.StateMachineUpdater (StateMachineUpdater.java:stopAndJoin(149)) - a8238d39-ac12-4817-9b36-376d1334b6b2@group-B85C749E353E-StateMachineUpdater: set stopIndex = 47
2022-03-01 02:10:39,275 [a8238d39-ac12-4817-9b36-376d1334b6b2@group-B85C749E353E-StateMachineUpdater] INFO  ratis.ContainerStateMachine (ContainerStateMachine.java:takeSnapshot(304)) - group-B85C749E353E: Taking a snapshot at:(t:1, i:47) file /home/runner/work/ozone/ozone/hadoop-ozone/integration-test/target/test-dir/MiniOzoneClusterImpl-274b8b5e-502f-4f00-85bb-070f9627ef71/datanode-0/data/ratis/0af28a4a-d2be-4cf0-96c5-b85c749e353e/sm/snapshot.1_47
2022-03-01 02:10:39,276 [a8238d39-ac12-4817-9b36-376d1334b6b2@group-B85C749E353E->f59a0bde-b51c-455e-b156-f6981c95a7d1-GrpcLogAppender-LogAppenderDaemon] WARN  server.GrpcLogAppender (GrpcLogAppender.java:mayWait(177)) - a8238d39-ac12-4817-9b36-376d1334b6b2@group-B85C749E353E->f59a0bde-b51c-455e-b156-f6981c95a7d1-GrpcLogAppender: Wait interrupted by java.lang.InterruptedException
2022-03-01 02:10:39,276 [grpc-default-executor-6] INFO  server.GrpcServerProtocolService (GrpcServerProtocolService.java:onCompleted(140)) - f59a0bde-b51c-455e-b156-f6981c95a7d1: Completed APPEND_ENTRIES, lastRequest: a8238d39-ac12-4817-9b36-376d1334b6b2->f59a0bde-b51c-455e-b156-f6981c95a7d1#549-t1,previous=(t:1, i:46),leaderCommit=45,initializing? true,entries: size=1, first=(t:1, i:47), METADATAENTRY(c:45)
2022-03-01 02:10:39,277 [grpc-default-executor-6] INFO  server.GrpcLogAppender (GrpcLogAppender.java:onCompleted(346)) - a8238d39-ac12-4817-9b36-376d1334b6b2@group-B85C749E353E->f59a0bde-b51c-455e-b156-f6981c95a7d1-AppendLogResponseHandler: follower responses appendEntries COMPLETED
2022-03-01 02:10:39,277 [grpc-default-executor-6] INFO  leader.FollowerInfo (FollowerInfoImpl.java:lambda$new$0(47)) - a8238d39-ac12-4817-9b36-376d1334b6b2@group-B85C749E353E->f59a0bde-b51c-455e-b156-f6981c95a7d1: nextIndex: updateUnconditionally 48 -> 47
2022-03-01 02:10:39,277 [a8238d39-ac12-4817-9b36-376d1334b6b2@group-B85C749E353E-StateMachineUpdater] INFO  ratis.ContainerStateMachine (ContainerStateMachine.java:takeSnapshot(315)) - group-B85C749E353E: Finished taking a snapshot at:(t:1, i:47) file:/home/runner/work/ozone/ozone/hadoop-ozone/integration-test/target/test-dir/MiniOzoneClusterImpl-274b8b5e-502f-4f00-85bb-070f9627ef71/datanode-0/data/ratis/0af28a4a-d2be-4cf0-96c5-b85c749e353e/sm/snapshot.1_47 took: 1 ms
2022-03-01 02:10:39,277 [a8238d39-ac12-4817-9b36-376d1334b6b2@group-B85C749E353E-StateMachineUpdater] INFO  impl.StateMachineUpdater (StateMachineUpdater.java:takeSnapshot(281)) - a8238d39-ac12-4817-9b36-376d1334b6b2@group-B85C749E353E-StateMachineUpdater: Took a snapshot at index 47
2022-03-01 02:10:39,277 [a8238d39-ac12-4817-9b36-376d1334b6b2@group-B85C749E353E-StateMachineUpdater] INFO  impl.StateMachineUpdater (StateMachineUpdater.java:lambda$new$0(89)) - a8238d39-ac12-4817-9b36-376d1334b6b2@group-B85C749E353E-StateMachineUpdater: snapshotIndex: updateIncreasingly -1 -> 47
2022-03-01 02:10:39,277 [013fba9b-be8d-43ad-b612-3b014091f01f@group-7FB8A9FC5FAD-StateMachineUpdater] INFO  ratis.ContainerStateMachine (ContainerStateMachine.java:takeSnapshot(315)) - group-7FB8A9FC5FAD: Finished taking a snapshot at:(t:1, i:0) file:/home/runner/work/ozone/ozone/hadoop-ozone/integration-test/target/test-dir/MiniOzoneClusterImpl-274b8b5e-502f-4f00-85bb-070f9627ef71/datanode-1/data/ratis/c78e87fe-5f27-41d7-b8e8-7fb8a9fc5fad/sm/snapshot.1_0 took: 5 ms
2022-03-01 02:10:39,278 [013fba9b-be8d-43ad-b612-3b014091f01f@group-7FB8A9FC5FAD-StateMachineUpdater] INFO  impl.StateMachineUpdater (StateMachineUpdater.java:takeSnapshot(281)) - 013fba9b-be8d-43ad-b612-3b014091f01f@group-7FB8A9FC5FAD-StateMachineUpdater: Took a snapshot at index 0
2022-03-01 02:10:39,278 [013fba9b-be8d-43ad-b612-3b014091f01f@group-7FB8A9FC5FAD-StateMachineUpdater] INFO  impl.StateMachineUpdater (StateMachineUpdater.java:lambda$new$0(89)) - 013fba9b-be8d-43ad-b612-3b014091f01f@group-7FB8A9FC5FAD-StateMachineUpdater: snapshotIndex: updateIncreasingly -1 -> 0
2022-03-01 02:10:39,278 [Listener at 127.0.0.1/35817] INFO  server.RaftServer$Division (ServerState.java:close(419)) - 013fba9b-be8d-43ad-b612-3b014091f01f@group-7FB8A9FC5FAD: closes. applyIndex: 0
2022-03-01 02:10:39,278 [013fba9b-be8d-43ad-b612-3b014091f01f@group-7FB8A9FC5FAD-SegmentedRaftLogWorker] INFO  segmented.SegmentedRaftLogWorker (SegmentedRaftLogWorker.java:run(327)) - 013fba9b-be8d-43ad-b612-3b014091f01f@group-7FB8A9FC5FAD-SegmentedRaftLogWorker was interrupted, exiting. There are 0 tasks remaining in the queue.
2022-03-01 02:10:39,278 [Listener at 127.0.0.1/35817] INFO  segmented.SegmentedRaftLogWorker (SegmentedRaftLogWorker.java:close(237)) - 013fba9b-be8d-43ad-b612-3b014091f01f@group-7FB8A9FC5FAD-SegmentedRaftLogWorker close()
2022-03-01 02:10:39,279 [ForkJoinPool.commonPool-worker-0] INFO  server.RaftServer$Division (ServerState.java:close(419)) - a8238d39-ac12-4817-9b36-376d1334b6b2@group-B85C749E353E: closes. applyIndex: 47
2022-03-01 02:10:39,279 [Listener at 127.0.0.1/35817] INFO  server.RaftServer$Division (RaftServerImpl.java:lambda$close$4(412)) - 013fba9b-be8d-43ad-b612-3b014091f01f@group-D07D9F95FF8E: shutdown
2022-03-01 02:10:39,293 [Listener at 127.0.0.1/35817] INFO  util.JmxRegister (JmxRegister.java:unregister(73)) - Successfully un-registered JMX Bean with object name Ratis:service=RaftServer,group=group-D07D9F95FF8E,id=013fba9b-be8d-43ad-b612-3b014091f01f
2022-03-01 02:10:39,293 [Listener at 127.0.0.1/35817] INFO  impl.RoleInfo (RoleInfo.java:shutdownLeaderState(91)) - 013fba9b-be8d-43ad-b612-3b014091f01f: shutdown 013fba9b-be8d-43ad-b612-3b014091f01f@group-D07D9F95FF8E-LeaderStateImpl
2022-03-01 02:10:39,293 [a8238d39-ac12-4817-9b36-376d1334b6b2@group-B85C749E353E-SegmentedRaftLogWorker] INFO  segmented.SegmentedRaftLogWorker (SegmentedRaftLogWorker.java:run(327)) - a8238d39-ac12-4817-9b36-376d1334b6b2@group-B85C749E353E-SegmentedRaftLogWorker was interrupted, exiting. There are 0 tasks remaining in the queue.
2022-03-01 02:10:39,293 [013fba9b-be8d-43ad-b612-3b014091f01f@group-D07D9F95FF8E->a8238d39-ac12-4817-9b36-376d1334b6b2-GrpcLogAppender-LogAppenderDaemon] WARN  server.GrpcLogAppender (GrpcLogAppender.java:mayWait(177)) - 013fba9b-be8d-43ad-b612-3b014091f01f@group-D07D9F95FF8E->a8238d39-ac12-4817-9b36-376d1334b6b2-GrpcLogAppender: Wait interrupted by java.lang.InterruptedException
2022-03-01 02:10:39,294 [ForkJoinPool.commonPool-worker-0] INFO  segmented.SegmentedRaftLogWorker (SegmentedRaftLogWorker.java:close(237)) - a8238d39-ac12-4817-9b36-376d1334b6b2@group-B85C749E353E-SegmentedRaftLogWorker close()
2022-03-01 02:10:39,294 [Listener at 127.0.0.1/35817] INFO  impl.PendingRequests (PendingRequests.java:sendNotLeaderResponses(282)) - 013fba9b-be8d-43ad-b612-3b014091f01f@group-D07D9F95FF8E-PendingRequests: sendNotLeaderResponses
2022-03-01 02:10:39,294 [013fba9b-be8d-43ad-b612-3b014091f01f@group-D07D9F95FF8E->f59a0bde-b51c-455e-b156-f6981c95a7d1-GrpcLogAppender-LogAppenderDaemon] WARN  server.GrpcLogAppender (GrpcLogAppender.java:mayWait(177)) - 013fba9b-be8d-43ad-b612-3b014091f01f@group-D07D9F95FF8E->f59a0bde-b51c-455e-b156-f6981c95a7d1-GrpcLogAppender: Wait interrupted by java.lang.InterruptedException
2022-03-01 02:10:39,294 [grpc-default-executor-2] INFO  server.GrpcServerProtocolService (GrpcServerProtocolService.java:onCompleted(140)) - f59a0bde-b51c-455e-b156-f6981c95a7d1: Completed APPEND_ENTRIES, lastRequest: 013fba9b-be8d-43ad-b612-3b014091f01f->f59a0bde-b51c-455e-b156-f6981c95a7d1#1-t3,previous=(t:0, i:0),leaderCommit=0,initializing? true,entries: size=1, first=(t:3, i:0), CONFIGURATIONENTRY
2022-03-01 02:10:39,294 [grpc-default-executor-6] INFO  server.GrpcServerProtocolService (GrpcServerProtocolService.java:onCompleted(140)) - a8238d39-ac12-4817-9b36-376d1334b6b2: Completed APPEND_ENTRIES, lastRequest: 013fba9b-be8d-43ad-b612-3b014091f01f->a8238d39-ac12-4817-9b36-376d1334b6b2#1-t3,previous=(t:0, i:0),leaderCommit=0,initializing? true,entries: size=1, first=(t:3, i:0), CONFIGURATIONENTRY
2022-03-01 02:10:39,295 [grpc-default-executor-2] INFO  server.GrpcLogAppender (GrpcLogAppender.java:onCompleted(346)) - 013fba9b-be8d-43ad-b612-3b014091f01f@group-D07D9F95FF8E->f59a0bde-b51c-455e-b156-f6981c95a7d1-AppendLogResponseHandler: follower responses appendEntries COMPLETED
2022-03-01 02:10:39,295 [grpc-default-executor-2] INFO  leader.FollowerInfo (FollowerInfoImpl.java:lambda$new$0(47)) - 013fba9b-be8d-43ad-b612-3b014091f01f@group-D07D9F95FF8E->f59a0bde-b51c-455e-b156-f6981c95a7d1: nextIndex: updateUnconditionally 1 -> 0
2022-03-01 02:10:39,295 [grpc-default-executor-6] INFO  server.GrpcLogAppender (GrpcLogAppender.java:onCompleted(346)) - 013fba9b-be8d-43ad-b612-3b014091f01f@group-D07D9F95FF8E->a8238d39-ac12-4817-9b36-376d1334b6b2-AppendLogResponseHandler: follower responses appendEntries COMPLETED
2022-03-01 02:10:39,295 [grpc-default-executor-6] INFO  leader.FollowerInfo (FollowerInfoImpl.java:lambda$new$0(47)) - 013fba9b-be8d-43ad-b612-3b014091f01f@group-D07D9F95FF8E->a8238d39-ac12-4817-9b36-376d1334b6b2: nextIndex: updateUnconditionally 1 -> 0
2022-03-01 02:10:39,296 [013fba9b-be8d-43ad-b612-3b014091f01f@group-D07D9F95FF8E-StateMachineUpdater] INFO  ratis.ContainerStateMachine (ContainerStateMachine.java:takeSnapshot(304)) - group-D07D9F95FF8E: Taking a snapshot at:(t:3, i:0) file /home/runner/work/ozone/ozone/hadoop-ozone/integration-test/target/test-dir/MiniOzoneClusterImpl-274b8b5e-502f-4f00-85bb-070f9627ef71/datanode-1/data/ratis/89fbaf65-3f65-4e6d-a6f4-d07d9f95ff8e/sm/snapshot.3_0
2022-03-01 02:10:39,296 [Listener at 127.0.0.1/35817] INFO  impl.StateMachineUpdater (StateMachineUpdater.java:stopAndJoin(149)) - 013fba9b-be8d-43ad-b612-3b014091f01f@group-D07D9F95FF8E-StateMachineUpdater: set stopIndex = 0
2022-03-01 02:10:39,304 [ForkJoinPool.commonPool-worker-0] INFO  server.GrpcService (GrpcService.java:closeImpl(262)) - a8238d39-ac12-4817-9b36-376d1334b6b2: shutdown server with port 43383 now
2022-03-01 02:10:39,314 [grpc-default-executor-6] WARN  client.GrpcClientProtocolService (LogUtils.java:warn(122)) - 1-UnorderedRequestStreamObserver1: onError: org.apache.ratis.thirdparty.io.grpc.StatusRuntimeException: CANCELLED: client cancelled
2022-03-01 02:10:39,314 [013fba9b-be8d-43ad-b612-3b014091f01f@group-D07D9F95FF8E-StateMachineUpdater] INFO  ratis.ContainerStateMachine (ContainerStateMachine.java:takeSnapshot(315)) - group-D07D9F95FF8E: Finished taking a snapshot at:(t:3, i:0) file:/home/runner/work/ozone/ozone/hadoop-ozone/integration-test/target/test-dir/MiniOzoneClusterImpl-274b8b5e-502f-4f00-85bb-070f9627ef71/datanode-1/data/ratis/89fbaf65-3f65-4e6d-a6f4-d07d9f95ff8e/sm/snapshot.3_0 took: 18 ms
2022-03-01 02:10:39,314 [013fba9b-be8d-43ad-b612-3b014091f01f@group-D07D9F95FF8E-StateMachineUpdater] INFO  impl.StateMachineUpdater (StateMachineUpdater.java:takeSnapshot(281)) - 013fba9b-be8d-43ad-b612-3b014091f01f@group-D07D9F95FF8E-StateMachineUpdater: Took a snapshot at index 0
2022-03-01 02:10:39,314 [013fba9b-be8d-43ad-b612-3b014091f01f@group-D07D9F95FF8E-StateMachineUpdater] INFO  impl.StateMachineUpdater (StateMachineUpdater.java:lambda$new$0(89)) - 013fba9b-be8d-43ad-b612-3b014091f01f@group-D07D9F95FF8E-StateMachineUpdater: snapshotIndex: updateIncreasingly -1 -> 0
2022-03-01 02:10:39,314 [Listener at 127.0.0.1/35817] INFO  server.RaftServer$Division (ServerState.java:close(419)) - 013fba9b-be8d-43ad-b612-3b014091f01f@group-D07D9F95FF8E: closes. applyIndex: 0
2022-03-01 02:10:39,315 [013fba9b-be8d-43ad-b612-3b014091f01f@group-D07D9F95FF8E-SegmentedRaftLogWorker] INFO  segmented.SegmentedRaftLogWorker (SegmentedRaftLogWorker.java:run(327)) - 013fba9b-be8d-43ad-b612-3b014091f01f@group-D07D9F95FF8E-SegmentedRaftLogWorker was interrupted, exiting. There are 0 tasks remaining in the queue.
2022-03-01 02:10:39,343 [Listener at 127.0.0.1/35817] INFO  segmented.SegmentedRaftLogWorker (SegmentedRaftLogWorker.java:close(237)) - 013fba9b-be8d-43ad-b612-3b014091f01f@group-D07D9F95FF8E-SegmentedRaftLogWorker close()
2022-03-01 02:10:39,356 [Listener at 127.0.0.1/35817] INFO  server.RaftServer$Division (RaftServerImpl.java:lambda$close$4(412)) - 013fba9b-be8d-43ad-b612-3b014091f01f@group-B85C749E353E: shutdown
2022-03-01 02:10:39,356 [Listener at 127.0.0.1/35817] INFO  util.JmxRegister (JmxRegister.java:unregister(73)) - Successfully un-registered JMX Bean with object name Ratis:service=RaftServer,group=group-B85C749E353E,id=013fba9b-be8d-43ad-b612-3b014091f01f
2022-03-01 02:10:39,356 [Listener at 127.0.0.1/35817] INFO  impl.RoleInfo (RoleInfo.java:shutdownFollowerState(108)) - 013fba9b-be8d-43ad-b612-3b014091f01f: shutdown 013fba9b-be8d-43ad-b612-3b014091f01f@group-B85C749E353E-FollowerState
2022-03-01 02:10:39,356 [Listener at 127.0.0.1/35817] INFO  impl.StateMachineUpdater (StateMachineUpdater.java:stopAndJoin(149)) - 013fba9b-be8d-43ad-b612-3b014091f01f@group-B85C749E353E-StateMachineUpdater: set stopIndex = 47
2022-03-01 02:10:39,357 [013fba9b-be8d-43ad-b612-3b014091f01f@group-B85C749E353E-FollowerState] INFO  impl.FollowerState (FollowerState.java:run(143)) - 013fba9b-be8d-43ad-b612-3b014091f01f@group-B85C749E353E-FollowerState was interrupted: {}
java.lang.InterruptedException: sleep interrupted
	at java.lang.Thread.sleep(Native Method)
	at java.lang.Thread.sleep(Thread.java:342)
	at java.util.concurrent.TimeUnit.sleep(TimeUnit.java:386)
	at org.apache.ratis.util.TimeDuration.sleep(TimeDuration.java:324)
	at org.apache.ratis.util.TimeDuration.sleep(TimeDuration.java:309)
	at org.apache.ratis.server.impl.FollowerState.run(FollowerState.java:118)
2022-03-01 02:10:39,357 [013fba9b-be8d-43ad-b612-3b014091f01f@group-B85C749E353E-StateMachineUpdater] INFO  ratis.ContainerStateMachine (ContainerStateMachine.java:takeSnapshot(304)) - group-B85C749E353E: Taking a snapshot at:(t:1, i:47) file /home/runner/work/ozone/ozone/hadoop-ozone/integration-test/target/test-dir/MiniOzoneClusterImpl-274b8b5e-502f-4f00-85bb-070f9627ef71/datanode-1/data/ratis/0af28a4a-d2be-4cf0-96c5-b85c749e353e/sm/snapshot.1_47
2022-03-01 02:10:39,361 [013fba9b-be8d-43ad-b612-3b014091f01f@group-B85C749E353E-StateMachineUpdater] INFO  ratis.ContainerStateMachine (ContainerStateMachine.java:takeSnapshot(315)) - group-B85C749E353E: Finished taking a snapshot at:(t:1, i:47) file:/home/runner/work/ozone/ozone/hadoop-ozone/integration-test/target/test-dir/MiniOzoneClusterImpl-274b8b5e-502f-4f00-85bb-070f9627ef71/datanode-1/data/ratis/0af28a4a-d2be-4cf0-96c5-b85c749e353e/sm/snapshot.1_47 took: 4 ms
2022-03-01 02:10:39,361 [013fba9b-be8d-43ad-b612-3b014091f01f@group-B85C749E353E-StateMachineUpdater] INFO  impl.StateMachineUpdater (StateMachineUpdater.java:takeSnapshot(281)) - 013fba9b-be8d-43ad-b612-3b014091f01f@group-B85C749E353E-StateMachineUpdater: Took a snapshot at index 47
2022-03-01 02:10:39,362 [013fba9b-be8d-43ad-b612-3b014091f01f@group-B85C749E353E-StateMachineUpdater] INFO  impl.StateMachineUpdater (StateMachineUpdater.java:lambda$new$0(89)) - 013fba9b-be8d-43ad-b612-3b014091f01f@group-B85C749E353E-StateMachineUpdater: snapshotIndex: updateIncreasingly -1 -> 47
2022-03-01 02:10:39,363 [Listener at 127.0.0.1/35817] INFO  server.RaftServer$Division (ServerState.java:close(419)) - 013fba9b-be8d-43ad-b612-3b014091f01f@group-B85C749E353E: closes. applyIndex: 47
2022-03-01 02:10:39,363 [013fba9b-be8d-43ad-b612-3b014091f01f@group-B85C749E353E-SegmentedRaftLogWorker] INFO  segmented.SegmentedRaftLogWorker (SegmentedRaftLogWorker.java:run(327)) - 013fba9b-be8d-43ad-b612-3b014091f01f@group-B85C749E353E-SegmentedRaftLogWorker was interrupted, exiting. There are 0 tasks remaining in the queue.
2022-03-01 02:10:39,364 [Listener at 127.0.0.1/35817] INFO  segmented.SegmentedRaftLogWorker (SegmentedRaftLogWorker.java:close(237)) - 013fba9b-be8d-43ad-b612-3b014091f01f@group-B85C749E353E-SegmentedRaftLogWorker close()
2022-03-01 02:10:39,411 [Listener at 127.0.0.1/35817] INFO  server.GrpcService (GrpcService.java:closeImpl(262)) - 013fba9b-be8d-43ad-b612-3b014091f01f: shutdown server with port 42921 now
2022-03-01 02:10:39,413 [ForkJoinPool.commonPool-worker-0] INFO  server.GrpcService (GrpcService.java:closeImpl(271)) - a8238d39-ac12-4817-9b36-376d1334b6b2: shutdown server with port 43383 successfully
2022-03-01 02:10:39,413 [org.apache.ratis.util.JvmPauseMonitor$$Lambda$421/1299661385@465c9d33] INFO  util.JvmPauseMonitor (JvmPauseMonitor.java:run(109)) - JvmPauseMonitor-a8238d39-ac12-4817-9b36-376d1334b6b2: Stopped
2022-03-01 02:10:39,420 [Listener at 127.0.0.1/35817] INFO  server.GrpcService (GrpcService.java:closeImpl(271)) - 013fba9b-be8d-43ad-b612-3b014091f01f: shutdown server with port 42921 successfully
2022-03-01 02:10:39,421 [org.apache.ratis.util.JvmPauseMonitor$$Lambda$421/1299661385@24e8bbbc] INFO  util.JvmPauseMonitor (JvmPauseMonitor.java:run(109)) - JvmPauseMonitor-013fba9b-be8d-43ad-b612-3b014091f01f: Stopped
2022-03-01 02:10:41,460 [Listener at 127.0.0.1/35817] INFO  utils.BackgroundService (BackgroundService.java:shutdown(132)) - Shutting down service BlockDeletingService
2022-03-01 02:10:41,533 [ForkJoinPool.commonPool-worker-0] INFO  utils.BackgroundService (BackgroundService.java:shutdown(132)) - Shutting down service BlockDeletingService
2022-03-01 02:10:42,560 [f59a0bde-b51c-455e-b156-f6981c95a7d1@group-D07D9F95FF8E-FollowerState] INFO  impl.FollowerState (FollowerState.java:run(134)) - f59a0bde-b51c-455e-b156-f6981c95a7d1@group-D07D9F95FF8E-FollowerState: change to CANDIDATE, lastRpcElapsedTime:5213290366ns, electionTimeout:5183ms
2022-03-01 02:10:42,560 [f59a0bde-b51c-455e-b156-f6981c95a7d1@group-D07D9F95FF8E-FollowerState] INFO  impl.RoleInfo (RoleInfo.java:shutdownFollowerState(108)) - f59a0bde-b51c-455e-b156-f6981c95a7d1: shutdown f59a0bde-b51c-455e-b156-f6981c95a7d1@group-D07D9F95FF8E-FollowerState
2022-03-01 02:10:42,560 [f59a0bde-b51c-455e-b156-f6981c95a7d1@group-D07D9F95FF8E-FollowerState] INFO  server.RaftServer$Division (RaftServerImpl.java:setRole(290)) - f59a0bde-b51c-455e-b156-f6981c95a7d1@group-D07D9F95FF8E: changes role from  FOLLOWER to CANDIDATE at term 3 for changeToCandidate
2022-03-01 02:10:42,560 [f59a0bde-b51c-455e-b156-f6981c95a7d1@group-D07D9F95FF8E-FollowerState] INFO  server.RaftServerConfigKeys (ConfUtils.java:logGet(44)) - raft.server.leaderelection.pre-vote = false (custom)
2022-03-01 02:10:42,560 [f59a0bde-b51c-455e-b156-f6981c95a7d1@group-D07D9F95FF8E-FollowerState] INFO  impl.RoleInfo (RoleInfo.java:updateAndGet(130)) - f59a0bde-b51c-455e-b156-f6981c95a7d1: start f59a0bde-b51c-455e-b156-f6981c95a7d1@group-D07D9F95FF8E-LeaderElection69
2022-03-01 02:10:42,597 [f59a0bde-b51c-455e-b156-f6981c95a7d1@group-D07D9F95FF8E-LeaderElection69] INFO  server.RaftServer$Division (ServerState.java:setLeader(285)) - f59a0bde-b51c-455e-b156-f6981c95a7d1@group-D07D9F95FF8E: change Leader from 013fba9b-be8d-43ad-b612-3b014091f01f to null at term 3 for ELECTION
2022-03-01 02:10:42,599 [f59a0bde-b51c-455e-b156-f6981c95a7d1@group-D07D9F95FF8E-LeaderElection69] INFO  impl.LeaderElection (LeaderElection.java:askForVotes(306)) - f59a0bde-b51c-455e-b156-f6981c95a7d1@group-D07D9F95FF8E-LeaderElection69 ELECTION round 0: submit vote requests at term 4 for 0: [f59a0bde-b51c-455e-b156-f6981c95a7d1|rpc:10.1.0.9:39175|dataStream:|priority:0, 013fba9b-be8d-43ad-b612-3b014091f01f|rpc:10.1.0.9:42921|dataStream:|priority:1, a8238d39-ac12-4817-9b36-376d1334b6b2|rpc:10.1.0.9:43383|dataStream:|priority:0], old=null
2022-03-01 02:10:42,635 [f59a0bde-b51c-455e-b156-f6981c95a7d1@group-D07D9F95FF8E-LeaderElection69] INFO  impl.LeaderElection (LogUtils.java:infoOrTrace(137)) - f59a0bde-b51c-455e-b156-f6981c95a7d1@group-D07D9F95FF8E-LeaderElection69 got exception when requesting votes: java.util.concurrent.ExecutionException: org.apache.ratis.thirdparty.io.grpc.StatusRuntimeException: UNAVAILABLE: io exception
2022-03-01 02:10:42,647 [f59a0bde-b51c-455e-b156-f6981c95a7d1@group-D07D9F95FF8E-LeaderElection69] INFO  impl.LeaderElection (LogUtils.java:infoOrTrace(137)) - f59a0bde-b51c-455e-b156-f6981c95a7d1@group-D07D9F95FF8E-LeaderElection69 got exception when requesting votes: java.util.concurrent.ExecutionException: org.apache.ratis.thirdparty.io.grpc.StatusRuntimeException: UNAVAILABLE: io exception
2022-03-01 02:10:42,647 [f59a0bde-b51c-455e-b156-f6981c95a7d1@group-D07D9F95FF8E-LeaderElection69] INFO  impl.LeaderElection (LeaderElection.java:logAndReturn(89)) - f59a0bde-b51c-455e-b156-f6981c95a7d1@group-D07D9F95FF8E-LeaderElection69: ELECTION REJECTED received 0 response(s) and 2 exception(s):
2022-03-01 02:10:42,647 [f59a0bde-b51c-455e-b156-f6981c95a7d1@group-D07D9F95FF8E-LeaderElection69] INFO  impl.LeaderElection (LogUtils.java:infoOrTrace(137)) -   Exception 0: java.util.concurrent.ExecutionException: org.apache.ratis.thirdparty.io.grpc.StatusRuntimeException: UNAVAILABLE: io exception
2022-03-01 02:10:42,647 [f59a0bde-b51c-455e-b156-f6981c95a7d1@group-D07D9F95FF8E-LeaderElection69] INFO  impl.LeaderElection (LogUtils.java:infoOrTrace(137)) -   Exception 1: java.util.concurrent.ExecutionException: org.apache.ratis.thirdparty.io.grpc.StatusRuntimeException: UNAVAILABLE: io exception
2022-03-01 02:10:42,647 [f59a0bde-b51c-455e-b156-f6981c95a7d1@group-D07D9F95FF8E-LeaderElection69] INFO  impl.LeaderElection (LeaderElection.java:askForVotes(308)) - f59a0bde-b51c-455e-b156-f6981c95a7d1@group-D07D9F95FF8E-LeaderElection69 ELECTION round 0: result REJECTED
2022-03-01 02:10:42,648 [f59a0bde-b51c-455e-b156-f6981c95a7d1@group-D07D9F95FF8E-LeaderElection69] INFO  server.RaftServer$Division (RaftServerImpl.java:setRole(290)) - f59a0bde-b51c-455e-b156-f6981c95a7d1@group-D07D9F95FF8E: changes role from CANDIDATE to FOLLOWER at term 4 for REJECTED
2022-03-01 02:10:42,648 [f59a0bde-b51c-455e-b156-f6981c95a7d1@group-D07D9F95FF8E-LeaderElection69] INFO  impl.RoleInfo (RoleInfo.java:shutdownLeaderElection(121)) - f59a0bde-b51c-455e-b156-f6981c95a7d1: shutdown f59a0bde-b51c-455e-b156-f6981c95a7d1@group-D07D9F95FF8E-LeaderElection69
2022-03-01 02:10:42,648 [f59a0bde-b51c-455e-b156-f6981c95a7d1@group-D07D9F95FF8E-LeaderElection69] INFO  impl.RoleInfo (RoleInfo.java:updateAndGet(130)) - f59a0bde-b51c-455e-b156-f6981c95a7d1: start f59a0bde-b51c-455e-b156-f6981c95a7d1@group-D07D9F95FF8E-FollowerState
2022-03-01 02:10:44,488 [Listener at 127.0.0.1/35817] INFO  statemachine.DatanodeStateMachine (DatanodeStateMachine.java:stopDaemon(529)) - Ozone container server stopped.
2022-03-01 02:10:44,489 [Listener at 127.0.0.1/35817] INFO  handler.ContextHandler (ContextHandler.java:doStop(1153)) - Stopped o.e.j.w.WebAppContext@1bfc6174{hddsDatanode,/,null,STOPPED}{jar:file:/home/runner/.m2/repository/org/apache/ozone/hdds-container-service/1.3.0-SNAPSHOT/hdds-container-service-1.3.0-SNAPSHOT.jar!/webapps/hddsDatanode}
2022-03-01 02:10:44,490 [Listener at 127.0.0.1/35817] INFO  server.AbstractConnector (AbstractConnector.java:doStop(381)) - Stopped ServerConnector@54b8570a{HTTP/1.1, (http/1.1)}{0.0.0.0:0}
2022-03-01 02:10:44,490 [Listener at 127.0.0.1/35817] INFO  server.session (HouseKeeper.java:stopScavenging(149)) - node0 Stopped scavenging
2022-03-01 02:10:44,490 [Listener at 127.0.0.1/35817] INFO  handler.ContextHandler (ContextHandler.java:doStop(1153)) - Stopped o.e.j.s.ServletContextHandler@4acca518{static,/static,jar:file:/home/runner/.m2/repository/org/apache/ozone/hdds-container-service/1.3.0-SNAPSHOT/hdds-container-service-1.3.0-SNAPSHOT.jar!/webapps/static,STOPPED}
2022-03-01 02:10:44,490 [Listener at 127.0.0.1/35817] INFO  handler.ContextHandler (ContextHandler.java:doStop(1153)) - Stopped o.e.j.s.ServletContextHandler@56fa0c64{logs,/logs,file:///home/runner/work/ozone/ozone/hadoop-ozone/integration-test/target/log,STOPPED}
2022-03-01 02:10:44,536 [ForkJoinPool.commonPool-worker-0] INFO  statemachine.DatanodeStateMachine (DatanodeStateMachine.java:stopDaemon(529)) - Ozone container server stopped.
2022-03-01 02:10:44,540 [ForkJoinPool.commonPool-worker-0] INFO  handler.ContextHandler (ContextHandler.java:doStop(1153)) - Stopped o.e.j.w.WebAppContext@67d587fe{hddsDatanode,/,null,STOPPED}{jar:file:/home/runner/.m2/repository/org/apache/ozone/hdds-container-service/1.3.0-SNAPSHOT/hdds-container-service-1.3.0-SNAPSHOT.jar!/webapps/hddsDatanode}
2022-03-01 02:10:44,540 [ForkJoinPool.commonPool-worker-0] INFO  server.AbstractConnector (AbstractConnector.java:doStop(381)) - Stopped ServerConnector@7cd1d235{HTTP/1.1, (http/1.1)}{0.0.0.0:0}
2022-03-01 02:10:44,541 [ForkJoinPool.commonPool-worker-0] INFO  server.session (HouseKeeper.java:stopScavenging(149)) - node0 Stopped scavenging
2022-03-01 02:10:44,542 [ForkJoinPool.commonPool-worker-0] INFO  handler.ContextHandler (ContextHandler.java:doStop(1153)) - Stopped o.e.j.s.ServletContextHandler@26f8e09e{static,/static,jar:file:/home/runner/.m2/repository/org/apache/ozone/hdds-container-service/1.3.0-SNAPSHOT/hdds-container-service-1.3.0-SNAPSHOT.jar!/webapps/static,STOPPED}
2022-03-01 02:10:44,563 [ForkJoinPool.commonPool-worker-0] INFO  handler.ContextHandler (ContextHandler.java:doStop(1153)) - Stopped o.e.j.s.ServletContextHandler@4d097e4e{logs,/logs,file:///home/runner/work/ozone/ozone/hadoop-ozone/integration-test/target/log,STOPPED}
2022-03-01 02:10:46,691 [f59a0bde-b51c-455e-b156-f6981c95a7d1@group-B85C749E353E-FollowerState] INFO  impl.FollowerState (FollowerState.java:run(134)) - f59a0bde-b51c-455e-b156-f6981c95a7d1@group-B85C749E353E-FollowerState: change to CANDIDATE, lastRpcElapsedTime:7792536934ns, electionTimeout:5005ms
2022-03-01 02:10:46,691 [f59a0bde-b51c-455e-b156-f6981c95a7d1@group-B85C749E353E-FollowerState] INFO  impl.RoleInfo (RoleInfo.java:shutdownFollowerState(108)) - f59a0bde-b51c-455e-b156-f6981c95a7d1: shutdown f59a0bde-b51c-455e-b156-f6981c95a7d1@group-B85C749E353E-FollowerState
2022-03-01 02:10:46,691 [f59a0bde-b51c-455e-b156-f6981c95a7d1@group-B85C749E353E-FollowerState] INFO  server.RaftServer$Division (RaftServerImpl.java:setRole(290)) - f59a0bde-b51c-455e-b156-f6981c95a7d1@group-B85C749E353E: changes role from  FOLLOWER to CANDIDATE at term 1 for changeToCandidate
2022-03-01 02:10:46,692 [f59a0bde-b51c-455e-b156-f6981c95a7d1@group-B85C749E353E-FollowerState] INFO  server.RaftServerConfigKeys (ConfUtils.java:logGet(44)) - raft.server.leaderelection.pre-vote = false (custom)
2022-03-01 02:10:46,692 [f59a0bde-b51c-455e-b156-f6981c95a7d1@group-B85C749E353E-FollowerState] INFO  impl.RoleInfo (RoleInfo.java:updateAndGet(130)) - f59a0bde-b51c-455e-b156-f6981c95a7d1: start f59a0bde-b51c-455e-b156-f6981c95a7d1@group-B85C749E353E-LeaderElection70
2022-03-01 02:10:46,720 [f59a0bde-b51c-455e-b156-f6981c95a7d1@group-B85C749E353E-LeaderElection70] INFO  server.RaftServer$Division (ServerState.java:setLeader(285)) - f59a0bde-b51c-455e-b156-f6981c95a7d1@group-B85C749E353E: change Leader from a8238d39-ac12-4817-9b36-376d1334b6b2 to null at term 1 for ELECTION
2022-03-01 02:10:46,735 [f59a0bde-b51c-455e-b156-f6981c95a7d1@group-B85C749E353E-LeaderElection70] INFO  impl.LeaderElection (LeaderElection.java:askForVotes(306)) - f59a0bde-b51c-455e-b156-f6981c95a7d1@group-B85C749E353E-LeaderElection70 ELECTION round 0: submit vote requests at term 2 for 0: [f59a0bde-b51c-455e-b156-f6981c95a7d1|rpc:10.1.0.9:39175|dataStream:|priority:0, 013fba9b-be8d-43ad-b612-3b014091f01f|rpc:10.1.0.9:42921|dataStream:|priority:0, a8238d39-ac12-4817-9b36-376d1334b6b2|rpc:10.1.0.9:43383|dataStream:|priority:1], old=null
2022-03-01 02:10:46,760 [f59a0bde-b51c-455e-b156-f6981c95a7d1@group-B85C749E353E-LeaderElection70] INFO  impl.LeaderElection (LogUtils.java:infoOrTrace(137)) - f59a0bde-b51c-455e-b156-f6981c95a7d1@group-B85C749E353E-LeaderElection70 got exception when requesting votes: java.util.concurrent.ExecutionException: org.apache.ratis.thirdparty.io.grpc.StatusRuntimeException: UNAVAILABLE: io exception
2022-03-01 02:10:46,760 [f59a0bde-b51c-455e-b156-f6981c95a7d1@group-B85C749E353E-LeaderElection70] INFO  impl.LeaderElection (LogUtils.java:infoOrTrace(137)) - f59a0bde-b51c-455e-b156-f6981c95a7d1@group-B85C749E353E-LeaderElection70 got exception when requesting votes: java.util.concurrent.ExecutionException: org.apache.ratis.thirdparty.io.grpc.StatusRuntimeException: UNAVAILABLE: io exception
2022-03-01 02:10:46,760 [f59a0bde-b51c-455e-b156-f6981c95a7d1@group-B85C749E353E-LeaderElection70] INFO  impl.LeaderElection (LeaderElection.java:logAndReturn(89)) - f59a0bde-b51c-455e-b156-f6981c95a7d1@group-B85C749E353E-LeaderElection70: ELECTION REJECTED received 0 response(s) and 2 exception(s):
2022-03-01 02:10:46,760 [f59a0bde-b51c-455e-b156-f6981c95a7d1@group-B85C749E353E-LeaderElection70] INFO  impl.LeaderElection (LogUtils.java:infoOrTrace(137)) -   Exception 0: java.util.concurrent.ExecutionException: org.apache.ratis.thirdparty.io.grpc.StatusRuntimeException: UNAVAILABLE: io exception
2022-03-01 02:10:46,760 [f59a0bde-b51c-455e-b156-f6981c95a7d1@group-B85C749E353E-LeaderElection70] INFO  impl.LeaderElection (LogUtils.java:infoOrTrace(137)) -   Exception 1: java.util.concurrent.ExecutionException: org.apache.ratis.thirdparty.io.grpc.StatusRuntimeException: UNAVAILABLE: io exception
2022-03-01 02:10:46,760 [f59a0bde-b51c-455e-b156-f6981c95a7d1@group-B85C749E353E-LeaderElection70] INFO  impl.LeaderElection (LeaderElection.java:askForVotes(308)) - f59a0bde-b51c-455e-b156-f6981c95a7d1@group-B85C749E353E-LeaderElection70 ELECTION round 0: result REJECTED
2022-03-01 02:10:46,760 [f59a0bde-b51c-455e-b156-f6981c95a7d1@group-B85C749E353E-LeaderElection70] INFO  server.RaftServer$Division (RaftServerImpl.java:setRole(290)) - f59a0bde-b51c-455e-b156-f6981c95a7d1@group-B85C749E353E: changes role from CANDIDATE to FOLLOWER at term 2 for REJECTED
2022-03-01 02:10:46,760 [f59a0bde-b51c-455e-b156-f6981c95a7d1@group-B85C749E353E-LeaderElection70] INFO  impl.RoleInfo (RoleInfo.java:shutdownLeaderElection(121)) - f59a0bde-b51c-455e-b156-f6981c95a7d1: shutdown f59a0bde-b51c-455e-b156-f6981c95a7d1@group-B85C749E353E-LeaderElection70
2022-03-01 02:10:46,760 [f59a0bde-b51c-455e-b156-f6981c95a7d1@group-B85C749E353E-LeaderElection70] INFO  impl.RoleInfo (RoleInfo.java:updateAndGet(130)) - f59a0bde-b51c-455e-b156-f6981c95a7d1: start f59a0bde-b51c-455e-b156-f6981c95a7d1@group-B85C749E353E-FollowerState
2022-03-01 02:10:47,801 [f59a0bde-b51c-455e-b156-f6981c95a7d1@group-D07D9F95FF8E-FollowerState] INFO  impl.FollowerState (FollowerState.java:run(134)) - f59a0bde-b51c-455e-b156-f6981c95a7d1@group-D07D9F95FF8E-FollowerState: change to CANDIDATE, lastRpcElapsedTime:5153735496ns, electionTimeout:5146ms
2022-03-01 02:10:47,802 [f59a0bde-b51c-455e-b156-f6981c95a7d1@group-D07D9F95FF8E-FollowerState] INFO  impl.RoleInfo (RoleInfo.java:shutdownFollowerState(108)) - f59a0bde-b51c-455e-b156-f6981c95a7d1: shutdown f59a0bde-b51c-455e-b156-f6981c95a7d1@group-D07D9F95FF8E-FollowerState
2022-03-01 02:10:47,802 [f59a0bde-b51c-455e-b156-f6981c95a7d1@group-D07D9F95FF8E-FollowerState] INFO  server.RaftServer$Division (RaftServerImpl.java:setRole(290)) - f59a0bde-b51c-455e-b156-f6981c95a7d1@group-D07D9F95FF8E: changes role from  FOLLOWER to CANDIDATE at term 4 for changeToCandidate
2022-03-01 02:10:47,802 [f59a0bde-b51c-455e-b156-f6981c95a7d1@group-D07D9F95FF8E-FollowerState] INFO  server.RaftServerConfigKeys (ConfUtils.java:logGet(44)) - raft.server.leaderelection.pre-vote = false (custom)
2022-03-01 02:10:47,802 [f59a0bde-b51c-455e-b156-f6981c95a7d1@group-D07D9F95FF8E-FollowerState] INFO  impl.RoleInfo (RoleInfo.java:updateAndGet(130)) - f59a0bde-b51c-455e-b156-f6981c95a7d1: start f59a0bde-b51c-455e-b156-f6981c95a7d1@group-D07D9F95FF8E-LeaderElection71
2022-03-01 02:10:47,848 [f59a0bde-b51c-455e-b156-f6981c95a7d1@group-D07D9F95FF8E-LeaderElection71] INFO  impl.LeaderElection (LeaderElection.java:askForVotes(306)) - f59a0bde-b51c-455e-b156-f6981c95a7d1@group-D07D9F95FF8E-LeaderElection71 ELECTION round 0: submit vote requests at term 5 for 0: [f59a0bde-b51c-455e-b156-f6981c95a7d1|rpc:10.1.0.9:39175|dataStream:|priority:0, 013fba9b-be8d-43ad-b612-3b014091f01f|rpc:10.1.0.9:42921|dataStream:|priority:1, a8238d39-ac12-4817-9b36-376d1334b6b2|rpc:10.1.0.9:43383|dataStream:|priority:0], old=null
2022-03-01 02:10:47,891 [f59a0bde-b51c-455e-b156-f6981c95a7d1@group-D07D9F95FF8E-LeaderElection71] INFO  impl.LeaderElection (LogUtils.java:infoOrTrace(137)) - f59a0bde-b51c-455e-b156-f6981c95a7d1@group-D07D9F95FF8E-LeaderElection71 got exception when requesting votes: java.util.concurrent.ExecutionException: org.apache.ratis.thirdparty.io.grpc.StatusRuntimeException: UNAVAILABLE: io exception
2022-03-01 02:10:47,899 [f59a0bde-b51c-455e-b156-f6981c95a7d1@group-D07D9F95FF8E-LeaderElection71] INFO  impl.LeaderElection (LogUtils.java:infoOrTrace(137)) - f59a0bde-b51c-455e-b156-f6981c95a7d1@group-D07D9F95FF8E-LeaderElection71 got exception when requesting votes: java.util.concurrent.ExecutionException: org.apache.ratis.thirdparty.io.grpc.StatusRuntimeException: UNAVAILABLE: io exception
2022-03-01 02:10:47,899 [f59a0bde-b51c-455e-b156-f6981c95a7d1@group-D07D9F95FF8E-LeaderElection71] INFO  impl.LeaderElection (LeaderElection.java:logAndReturn(89)) - f59a0bde-b51c-455e-b156-f6981c95a7d1@group-D07D9F95FF8E-LeaderElection71: ELECTION REJECTED received 0 response(s) and 2 exception(s):
2022-03-01 02:10:47,899 [f59a0bde-b51c-455e-b156-f6981c95a7d1@group-D07D9F95FF8E-LeaderElection71] INFO  impl.LeaderElection (LogUtils.java:infoOrTrace(137)) -   Exception 0: java.util.concurrent.ExecutionException: org.apache.ratis.thirdparty.io.grpc.StatusRuntimeException: UNAVAILABLE: io exception
2022-03-01 02:10:47,899 [f59a0bde-b51c-455e-b156-f6981c95a7d1@group-D07D9F95FF8E-LeaderElection71] INFO  impl.LeaderElection (LogUtils.java:infoOrTrace(137)) -   Exception 1: java.util.concurrent.ExecutionException: org.apache.ratis.thirdparty.io.grpc.StatusRuntimeException: UNAVAILABLE: io exception
2022-03-01 02:10:47,899 [f59a0bde-b51c-455e-b156-f6981c95a7d1@group-D07D9F95FF8E-LeaderElection71] INFO  impl.LeaderElection (LeaderElection.java:askForVotes(308)) - f59a0bde-b51c-455e-b156-f6981c95a7d1@group-D07D9F95FF8E-LeaderElection71 ELECTION round 0: result REJECTED
2022-03-01 02:10:47,899 [f59a0bde-b51c-455e-b156-f6981c95a7d1@group-D07D9F95FF8E-LeaderElection71] INFO  server.RaftServer$Division (RaftServerImpl.java:setRole(290)) - f59a0bde-b51c-455e-b156-f6981c95a7d1@group-D07D9F95FF8E: changes role from CANDIDATE to FOLLOWER at term 5 for REJECTED
2022-03-01 02:10:47,899 [f59a0bde-b51c-455e-b156-f6981c95a7d1@group-D07D9F95FF8E-LeaderElection71] INFO  impl.RoleInfo (RoleInfo.java:shutdownLeaderElection(121)) - f59a0bde-b51c-455e-b156-f6981c95a7d1: shutdown f59a0bde-b51c-455e-b156-f6981c95a7d1@group-D07D9F95FF8E-LeaderElection71
2022-03-01 02:10:47,899 [f59a0bde-b51c-455e-b156-f6981c95a7d1@group-D07D9F95FF8E-LeaderElection71] INFO  impl.RoleInfo (RoleInfo.java:updateAndGet(130)) - f59a0bde-b51c-455e-b156-f6981c95a7d1: start f59a0bde-b51c-455e-b156-f6981c95a7d1@group-D07D9F95FF8E-FollowerState
2022-03-01 02:10:49,500 [Listener at 127.0.0.1/35817] INFO  ozoneimpl.OzoneContainer (OzoneContainer.java:stop(356)) - Attempting to stop container services.
2022-03-01 02:10:49,503 [Listener at 127.0.0.1/35817] INFO  server.RaftServer (RaftServerProxy.java:lambda$close$6(391)) - f59a0bde-b51c-455e-b156-f6981c95a7d1: close
2022-03-01 02:10:49,527 [Listener at 127.0.0.1/35817] INFO  server.RaftServer$Division (RaftServerImpl.java:lambda$close$4(412)) - f59a0bde-b51c-455e-b156-f6981c95a7d1@group-D07D9F95FF8E: shutdown
2022-03-01 02:10:49,528 [Listener at 127.0.0.1/35817] INFO  util.JmxRegister (JmxRegister.java:unregister(73)) - Successfully un-registered JMX Bean with object name Ratis:service=RaftServer,group=group-D07D9F95FF8E,id=f59a0bde-b51c-455e-b156-f6981c95a7d1
2022-03-01 02:10:49,528 [Listener at 127.0.0.1/35817] INFO  impl.RoleInfo (RoleInfo.java:shutdownFollowerState(108)) - f59a0bde-b51c-455e-b156-f6981c95a7d1: shutdown f59a0bde-b51c-455e-b156-f6981c95a7d1@group-D07D9F95FF8E-FollowerState
2022-03-01 02:10:49,528 [Listener at 127.0.0.1/35817] INFO  impl.StateMachineUpdater (StateMachineUpdater.java:stopAndJoin(149)) - f59a0bde-b51c-455e-b156-f6981c95a7d1@group-D07D9F95FF8E-StateMachineUpdater: set stopIndex = 0
2022-03-01 02:10:49,528 [f59a0bde-b51c-455e-b156-f6981c95a7d1@group-D07D9F95FF8E-FollowerState] INFO  impl.FollowerState (FollowerState.java:run(143)) - f59a0bde-b51c-455e-b156-f6981c95a7d1@group-D07D9F95FF8E-FollowerState was interrupted: {}
java.lang.InterruptedException: sleep interrupted
	at java.lang.Thread.sleep(Native Method)
	at java.lang.Thread.sleep(Thread.java:342)
	at java.util.concurrent.TimeUnit.sleep(TimeUnit.java:386)
	at org.apache.ratis.util.TimeDuration.sleep(TimeDuration.java:324)
	at org.apache.ratis.util.TimeDuration.sleep(TimeDuration.java:309)
	at org.apache.ratis.server.impl.FollowerState.run(FollowerState.java:118)
2022-03-01 02:10:49,532 [f59a0bde-b51c-455e-b156-f6981c95a7d1@group-D07D9F95FF8E-StateMachineUpdater] INFO  ratis.ContainerStateMachine (ContainerStateMachine.java:takeSnapshot(304)) - group-D07D9F95FF8E: Taking a snapshot at:(t:3, i:0) file /home/runner/work/ozone/ozone/hadoop-ozone/integration-test/target/test-dir/MiniOzoneClusterImpl-274b8b5e-502f-4f00-85bb-070f9627ef71/datanode-2/data/ratis/89fbaf65-3f65-4e6d-a6f4-d07d9f95ff8e/sm/snapshot.3_0
2022-03-01 02:10:49,533 [f59a0bde-b51c-455e-b156-f6981c95a7d1@group-D07D9F95FF8E-StateMachineUpdater] INFO  ratis.ContainerStateMachine (ContainerStateMachine.java:takeSnapshot(315)) - group-D07D9F95FF8E: Finished taking a snapshot at:(t:3, i:0) file:/home/runner/work/ozone/ozone/hadoop-ozone/integration-test/target/test-dir/MiniOzoneClusterImpl-274b8b5e-502f-4f00-85bb-070f9627ef71/datanode-2/data/ratis/89fbaf65-3f65-4e6d-a6f4-d07d9f95ff8e/sm/snapshot.3_0 took: 1 ms
2022-03-01 02:10:49,533 [f59a0bde-b51c-455e-b156-f6981c95a7d1@group-D07D9F95FF8E-StateMachineUpdater] INFO  impl.StateMachineUpdater (StateMachineUpdater.java:takeSnapshot(281)) - f59a0bde-b51c-455e-b156-f6981c95a7d1@group-D07D9F95FF8E-StateMachineUpdater: Took a snapshot at index 0
2022-03-01 02:10:49,533 [f59a0bde-b51c-455e-b156-f6981c95a7d1@group-D07D9F95FF8E-StateMachineUpdater] INFO  impl.StateMachineUpdater (StateMachineUpdater.java:lambda$new$0(89)) - f59a0bde-b51c-455e-b156-f6981c95a7d1@group-D07D9F95FF8E-StateMachineUpdater: snapshotIndex: updateIncreasingly -1 -> 0
2022-03-01 02:10:49,534 [Listener at 127.0.0.1/35817] INFO  server.RaftServer$Division (ServerState.java:close(419)) - f59a0bde-b51c-455e-b156-f6981c95a7d1@group-D07D9F95FF8E: closes. applyIndex: 0
2022-03-01 02:10:49,534 [f59a0bde-b51c-455e-b156-f6981c95a7d1@group-D07D9F95FF8E-SegmentedRaftLogWorker] INFO  segmented.SegmentedRaftLogWorker (SegmentedRaftLogWorker.java:run(327)) - f59a0bde-b51c-455e-b156-f6981c95a7d1@group-D07D9F95FF8E-SegmentedRaftLogWorker was interrupted, exiting. There are 0 tasks remaining in the queue.
2022-03-01 02:10:49,540 [Listener at 127.0.0.1/35817] INFO  segmented.SegmentedRaftLogWorker (SegmentedRaftLogWorker.java:close(237)) - f59a0bde-b51c-455e-b156-f6981c95a7d1@group-D07D9F95FF8E-SegmentedRaftLogWorker close()
2022-03-01 02:10:49,541 [Listener at 127.0.0.1/35817] INFO  server.RaftServer$Division (RaftServerImpl.java:lambda$close$4(412)) - f59a0bde-b51c-455e-b156-f6981c95a7d1@group-388CF7FF8F24: shutdown
2022-03-01 02:10:49,542 [Listener at 127.0.0.1/35817] INFO  util.JmxRegister (JmxRegister.java:unregister(73)) - Successfully un-registered JMX Bean with object name Ratis:service=RaftServer,group=group-388CF7FF8F24,id=f59a0bde-b51c-455e-b156-f6981c95a7d1
2022-03-01 02:10:49,542 [Listener at 127.0.0.1/35817] INFO  impl.RoleInfo (RoleInfo.java:shutdownLeaderState(91)) - f59a0bde-b51c-455e-b156-f6981c95a7d1: shutdown f59a0bde-b51c-455e-b156-f6981c95a7d1@group-388CF7FF8F24-LeaderStateImpl
2022-03-01 02:10:49,542 [Listener at 127.0.0.1/35817] INFO  impl.PendingRequests (PendingRequests.java:sendNotLeaderResponses(282)) - f59a0bde-b51c-455e-b156-f6981c95a7d1@group-388CF7FF8F24-PendingRequests: sendNotLeaderResponses
2022-03-01 02:10:49,543 [f59a0bde-b51c-455e-b156-f6981c95a7d1@group-388CF7FF8F24-StateMachineUpdater] INFO  ratis.ContainerStateMachine (ContainerStateMachine.java:takeSnapshot(304)) - group-388CF7FF8F24: Taking a snapshot at:(t:1, i:0) file /home/runner/work/ozone/ozone/hadoop-ozone/integration-test/target/test-dir/MiniOzoneClusterImpl-274b8b5e-502f-4f00-85bb-070f9627ef71/datanode-2/data/ratis/b32df22d-70dd-4084-b428-388cf7ff8f24/sm/snapshot.1_0
2022-03-01 02:10:49,543 [Listener at 127.0.0.1/35817] INFO  impl.StateMachineUpdater (StateMachineUpdater.java:stopAndJoin(149)) - f59a0bde-b51c-455e-b156-f6981c95a7d1@group-388CF7FF8F24-StateMachineUpdater: set stopIndex = 0
2022-03-01 02:10:49,543 [ForkJoinPool.commonPool-worker-1] INFO  server.RaftServer$Division (RaftServerImpl.java:lambda$close$4(412)) - f59a0bde-b51c-455e-b156-f6981c95a7d1@group-B85C749E353E: shutdown
2022-03-01 02:10:49,543 [ForkJoinPool.commonPool-worker-1] INFO  util.JmxRegister (JmxRegister.java:unregister(73)) - Successfully un-registered JMX Bean with object name Ratis:service=RaftServer,group=group-B85C749E353E,id=f59a0bde-b51c-455e-b156-f6981c95a7d1
2022-03-01 02:10:49,544 [ForkJoinPool.commonPool-worker-1] INFO  impl.RoleInfo (RoleInfo.java:shutdownFollowerState(108)) - f59a0bde-b51c-455e-b156-f6981c95a7d1: shutdown f59a0bde-b51c-455e-b156-f6981c95a7d1@group-B85C749E353E-FollowerState
2022-03-01 02:10:49,544 [f59a0bde-b51c-455e-b156-f6981c95a7d1@group-B85C749E353E-FollowerState] INFO  impl.FollowerState (FollowerState.java:run(143)) - f59a0bde-b51c-455e-b156-f6981c95a7d1@group-B85C749E353E-FollowerState was interrupted: {}
java.lang.InterruptedException: sleep interrupted
	at java.lang.Thread.sleep(Native Method)
	at java.lang.Thread.sleep(Thread.java:342)
	at java.util.concurrent.TimeUnit.sleep(TimeUnit.java:386)
	at org.apache.ratis.util.TimeDuration.sleep(TimeDuration.java:324)
	at org.apache.ratis.util.TimeDuration.sleep(TimeDuration.java:309)
	at org.apache.ratis.server.impl.FollowerState.run(FollowerState.java:118)
2022-03-01 02:10:49,544 [f59a0bde-b51c-455e-b156-f6981c95a7d1@group-388CF7FF8F24-StateMachineUpdater] INFO  ratis.ContainerStateMachine (ContainerStateMachine.java:takeSnapshot(315)) - group-388CF7FF8F24: Finished taking a snapshot at:(t:1, i:0) file:/home/runner/work/ozone/ozone/hadoop-ozone/integration-test/target/test-dir/MiniOzoneClusterImpl-274b8b5e-502f-4f00-85bb-070f9627ef71/datanode-2/data/ratis/b32df22d-70dd-4084-b428-388cf7ff8f24/sm/snapshot.1_0 took: 1 ms
2022-03-01 02:10:49,544 [f59a0bde-b51c-455e-b156-f6981c95a7d1@group-388CF7FF8F24-StateMachineUpdater] INFO  impl.StateMachineUpdater (StateMachineUpdater.java:takeSnapshot(281)) - f59a0bde-b51c-455e-b156-f6981c95a7d1@group-388CF7FF8F24-StateMachineUpdater: Took a snapshot at index 0
2022-03-01 02:10:49,544 [f59a0bde-b51c-455e-b156-f6981c95a7d1@group-388CF7FF8F24-StateMachineUpdater] INFO  impl.StateMachineUpdater (StateMachineUpdater.java:lambda$new$0(89)) - f59a0bde-b51c-455e-b156-f6981c95a7d1@group-388CF7FF8F24-StateMachineUpdater: snapshotIndex: updateIncreasingly -1 -> 0
2022-03-01 02:10:49,544 [Listener at 127.0.0.1/35817] INFO  server.RaftServer$Division (ServerState.java:close(419)) - f59a0bde-b51c-455e-b156-f6981c95a7d1@group-388CF7FF8F24: closes. applyIndex: 0
2022-03-01 02:10:49,544 [ForkJoinPool.commonPool-worker-1] INFO  impl.StateMachineUpdater (StateMachineUpdater.java:stopAndJoin(149)) - f59a0bde-b51c-455e-b156-f6981c95a7d1@group-B85C749E353E-StateMachineUpdater: set stopIndex = 47
2022-03-01 02:10:49,545 [f59a0bde-b51c-455e-b156-f6981c95a7d1@group-B85C749E353E-StateMachineUpdater] INFO  ratis.ContainerStateMachine (ContainerStateMachine.java:takeSnapshot(304)) - group-B85C749E353E: Taking a snapshot at:(t:1, i:47) file /home/runner/work/ozone/ozone/hadoop-ozone/integration-test/target/test-dir/MiniOzoneClusterImpl-274b8b5e-502f-4f00-85bb-070f9627ef71/datanode-2/data/ratis/0af28a4a-d2be-4cf0-96c5-b85c749e353e/sm/snapshot.1_47
2022-03-01 02:10:49,551 [f59a0bde-b51c-455e-b156-f6981c95a7d1@group-B85C749E353E-StateMachineUpdater] INFO  ratis.ContainerStateMachine (ContainerStateMachine.java:takeSnapshot(315)) - group-B85C749E353E: Finished taking a snapshot at:(t:1, i:47) file:/home/runner/work/ozone/ozone/hadoop-ozone/integration-test/target/test-dir/MiniOzoneClusterImpl-274b8b5e-502f-4f00-85bb-070f9627ef71/datanode-2/data/ratis/0af28a4a-d2be-4cf0-96c5-b85c749e353e/sm/snapshot.1_47 took: 6 ms
2022-03-01 02:10:49,551 [f59a0bde-b51c-455e-b156-f6981c95a7d1@group-B85C749E353E-StateMachineUpdater] INFO  impl.StateMachineUpdater (StateMachineUpdater.java:takeSnapshot(281)) - f59a0bde-b51c-455e-b156-f6981c95a7d1@group-B85C749E353E-StateMachineUpdater: Took a snapshot at index 47
2022-03-01 02:10:49,551 [f59a0bde-b51c-455e-b156-f6981c95a7d1@group-B85C749E353E-StateMachineUpdater] INFO  impl.StateMachineUpdater (StateMachineUpdater.java:lambda$new$0(89)) - f59a0bde-b51c-455e-b156-f6981c95a7d1@group-B85C749E353E-StateMachineUpdater: snapshotIndex: updateIncreasingly -1 -> 47
2022-03-01 02:10:49,552 [f59a0bde-b51c-455e-b156-f6981c95a7d1@group-388CF7FF8F24-SegmentedRaftLogWorker] INFO  segmented.SegmentedRaftLogWorker (SegmentedRaftLogWorker.java:run(327)) - f59a0bde-b51c-455e-b156-f6981c95a7d1@group-388CF7FF8F24-SegmentedRaftLogWorker was interrupted, exiting. There are 0 tasks remaining in the queue.
2022-03-01 02:10:49,552 [Listener at 127.0.0.1/35817] INFO  segmented.SegmentedRaftLogWorker (SegmentedRaftLogWorker.java:close(237)) - f59a0bde-b51c-455e-b156-f6981c95a7d1@group-388CF7FF8F24-SegmentedRaftLogWorker close()
2022-03-01 02:10:49,554 [ForkJoinPool.commonPool-worker-1] INFO  server.RaftServer$Division (ServerState.java:close(419)) - f59a0bde-b51c-455e-b156-f6981c95a7d1@group-B85C749E353E: closes. applyIndex: 47
2022-03-01 02:10:49,576 [f59a0bde-b51c-455e-b156-f6981c95a7d1@group-B85C749E353E-SegmentedRaftLogWorker] INFO  segmented.SegmentedRaftLogWorker (SegmentedRaftLogWorker.java:run(327)) - f59a0bde-b51c-455e-b156-f6981c95a7d1@group-B85C749E353E-SegmentedRaftLogWorker was interrupted, exiting. There are 0 tasks remaining in the queue.
2022-03-01 02:10:49,580 [ForkJoinPool.commonPool-worker-1] INFO  segmented.SegmentedRaftLogWorker (SegmentedRaftLogWorker.java:close(237)) - f59a0bde-b51c-455e-b156-f6981c95a7d1@group-B85C749E353E-SegmentedRaftLogWorker close()
2022-03-01 02:10:49,580 [Listener at 127.0.0.1/35817] INFO  server.GrpcService (GrpcService.java:closeImpl(262)) - f59a0bde-b51c-455e-b156-f6981c95a7d1: shutdown server with port 39175 now
2022-03-01 02:10:49,592 [Listener at 127.0.0.1/35817] INFO  server.GrpcService (GrpcService.java:closeImpl(271)) - f59a0bde-b51c-455e-b156-f6981c95a7d1: shutdown server with port 39175 successfully
2022-03-01 02:10:49,592 [org.apache.ratis.util.JvmPauseMonitor$$Lambda$421/1299661385@1a7787ba] INFO  util.JvmPauseMonitor (JvmPauseMonitor.java:run(109)) - JvmPauseMonitor-f59a0bde-b51c-455e-b156-f6981c95a7d1: Stopped
2022-03-01 02:10:51,643 [Listener at 127.0.0.1/35817] INFO  utils.BackgroundService (BackgroundService.java:shutdown(132)) - Shutting down service BlockDeletingService
2022-03-01 02:10:54,661 [Listener at 127.0.0.1/35817] INFO  statemachine.DatanodeStateMachine (DatanodeStateMachine.java:stopDaemon(529)) - Ozone container server stopped.
2022-03-01 02:10:54,662 [Listener at 127.0.0.1/35817] INFO  handler.ContextHandler (ContextHandler.java:doStop(1153)) - Stopped o.e.j.w.WebAppContext@6b81c35a{hddsDatanode,/,null,STOPPED}{jar:file:/home/runner/.m2/repository/org/apache/ozone/hdds-container-service/1.3.0-SNAPSHOT/hdds-container-service-1.3.0-SNAPSHOT.jar!/webapps/hddsDatanode}
2022-03-01 02:10:54,671 [Listener at 127.0.0.1/35817] INFO  server.AbstractConnector (AbstractConnector.java:doStop(381)) - Stopped ServerConnector@4b51cb8f{HTTP/1.1, (http/1.1)}{0.0.0.0:0}
2022-03-01 02:10:54,671 [Listener at 127.0.0.1/35817] INFO  server.session (HouseKeeper.java:stopScavenging(149)) - node0 Stopped scavenging
2022-03-01 02:10:54,674 [Listener at 127.0.0.1/35817] INFO  handler.ContextHandler (ContextHandler.java:doStop(1153)) - Stopped o.e.j.s.ServletContextHandler@307e9f30{static,/static,jar:file:/home/runner/.m2/repository/org/apache/ozone/hdds-container-service/1.3.0-SNAPSHOT/hdds-container-service-1.3.0-SNAPSHOT.jar!/webapps/static,STOPPED}
2022-03-01 02:10:54,674 [Listener at 127.0.0.1/35817] INFO  handler.ContextHandler (ContextHandler.java:doStop(1153)) - Stopped o.e.j.s.ServletContextHandler@614fcec5{logs,/logs,file:///home/runner/work/ozone/ozone/hadoop-ozone/integration-test/target/log,STOPPED}
2022-03-01 02:10:54,680 [Listener at 127.0.0.1/35817] INFO  ozone.MiniOzoneClusterImpl (MiniOzoneClusterImpl.java:stopSCM(538)) - Stopping the StorageContainerManager
2022-03-01 02:10:54,680 [Listener at 127.0.0.1/35817] INFO  server.StorageContainerManager (StorageContainerManager.java:stop(1417)) - Stopping Container Balancer service.
2022-03-01 02:10:54,680 [Listener at 127.0.0.1/35817] INFO  balancer.ContainerBalancer (ContainerBalancer.java:stop(751)) - Container Balancer is not running.
2022-03-01 02:10:54,680 [Listener at 127.0.0.1/35817] INFO  server.StorageContainerManager (StorageContainerManager.java:stop(1424)) - Stopping Replication Manager Service.
2022-03-01 02:10:54,680 [Listener at 127.0.0.1/35817] INFO  container.ReplicationManager (ReplicationManager.java:stop(357)) - Stopping Replication Monitor Thread.
2022-03-01 02:10:54,680 [Listener at 127.0.0.1/35817] INFO  server.StorageContainerManager (StorageContainerManager.java:stop(1431)) - Stopping the Datanode Admin Monitor.
2022-03-01 02:10:54,681 [Listener at 127.0.0.1/35817] INFO  server.StorageContainerManager (StorageContainerManager.java:stop(1438)) - Stopping Lease Manager of the command watchers
2022-03-01 02:10:54,681 [Listener at 127.0.0.1/35817] INFO  server.StorageContainerManager (StorageContainerManager.java:stop(1445)) - Stopping datanode service RPC server
2022-03-01 02:10:54,681 [Listener at 127.0.0.1/35817] INFO  server.SCMDatanodeProtocolServer (SCMDatanodeProtocolServer.java:stop(391)) - Stopping the RPC server for DataNodes
2022-03-01 02:10:54,681 [Listener at 127.0.0.1/35817] INFO  ipc.Server (Server.java:stop(3414)) - Stopping server on 44333
2022-03-01 02:10:54,682 [IPC Server listener on 0] INFO  ipc.Server (Server.java:run(1376)) - Stopping IPC Server listener on 0
2022-03-01 02:10:54,683 [IPC Server Responder] INFO  ipc.Server (Server.java:run(1512)) - Stopping IPC Server Responder
2022-03-01 02:10:54,710 [SCM Heartbeat Processing Thread - 0] WARN  node.NodeStateManager (NodeStateManager.java:scheduleNextHealthCheck(815)) - Current Thread is interrupted, shutting down HB processing thread for Node Manager.
2022-03-01 02:10:54,716 [Listener at 127.0.0.1/35817] INFO  server.StorageContainerManager (StorageContainerManager.java:stop(1453)) - Stopping block service RPC server
2022-03-01 02:10:54,716 [Listener at 127.0.0.1/35817] INFO  server.SCMBlockProtocolServer (SCMBlockProtocolServer.java:stop(160)) - Stopping the RPC server for Block Protocol
2022-03-01 02:10:54,716 [Listener at 127.0.0.1/35817] INFO  ipc.Server (Server.java:stop(3414)) - Stopping server on 35913
2022-03-01 02:10:54,721 [Listener at 127.0.0.1/35817] INFO  server.StorageContainerManager (StorageContainerManager.java:stop(1460)) - Stopping the StorageContainerLocationProtocol RPC server
2022-03-01 02:10:54,721 [Listener at 127.0.0.1/35817] INFO  server.SCMClientProtocolServer (SCMClientProtocolServer.java:stop(174)) - Stopping the RPC server for Client Protocol
2022-03-01 02:10:54,721 [Listener at 127.0.0.1/35817] INFO  ipc.Server (Server.java:stop(3414)) - Stopping server on 36853
2022-03-01 02:10:54,729 [Listener at 127.0.0.1/35817] INFO  server.StorageContainerManager (StorageContainerManager.java:stop(1467)) - Stopping Storage Container Manager HTTP server.
2022-03-01 02:10:54,730 [Listener at 127.0.0.1/35817] INFO  handler.ContextHandler (ContextHandler.java:doStop(1153)) - Stopped o.e.j.w.WebAppContext@55149f6d{scm,/,null,STOPPED}{file:/home/runner/work/ozone/ozone/hadoop-ozone/integration-test/target/test-classes/webapps/scm}
2022-03-01 02:10:54,730 [IPC Server Responder] INFO  ipc.Server (Server.java:run(1512)) - Stopping IPC Server Responder
2022-03-01 02:10:54,731 [Listener at 127.0.0.1/35817] INFO  server.AbstractConnector (AbstractConnector.java:doStop(381)) - Stopped ServerConnector@3d574310{HTTP/1.1, (http/1.1)}{0.0.0.0:0}
2022-03-01 02:10:54,731 [Listener at 127.0.0.1/35817] INFO  server.session (HouseKeeper.java:stopScavenging(149)) - node0 Stopped scavenging
2022-03-01 02:10:54,731 [Listener at 127.0.0.1/35817] INFO  handler.ContextHandler (ContextHandler.java:doStop(1153)) - Stopped o.e.j.s.ServletContextHandler@4e4c85e1{static,/static,file:///home/runner/work/ozone/ozone/hadoop-ozone/integration-test/target/test-classes/webapps/static,STOPPED}
2022-03-01 02:10:54,735 [IPC Server listener on 0] INFO  ipc.Server (Server.java:run(1376)) - Stopping IPC Server listener on 0
2022-03-01 02:10:54,735 [Listener at 127.0.0.1/35817] INFO  handler.ContextHandler (ContextHandler.java:doStop(1153)) - Stopped o.e.j.s.ServletContextHandler@38ea499c{logs,/logs,file:///home/runner/work/ozone/ozone/hadoop-ozone/integration-test/target/log,STOPPED}
2022-03-01 02:10:54,736 [Listener at 127.0.0.1/35817] INFO  server.StorageContainerManager (StorageContainerManager.java:stop(1478)) - Stopping Block Manager Service.
2022-03-01 02:10:54,736 [Listener at 127.0.0.1/35817] INFO  utils.BackgroundService (BackgroundService.java:shutdown(132)) - Shutting down service SCMBlockDeletingService
2022-03-01 02:10:54,736 [Listener at 127.0.0.1/35817] INFO  utils.BackgroundService (BackgroundService.java:shutdown(132)) - Shutting down service SCMBlockDeletingService
2022-03-01 02:10:54,737 [Listener at 127.0.0.1/35817] INFO  server.StorageContainerManager (StorageContainerManager.java:stop(1505)) - Stopping SCM Event Queue.
2022-03-01 02:10:54,737 [IPC Server listener on 0] INFO  ipc.Server (Server.java:run(1376)) - Stopping IPC Server listener on 0
2022-03-01 02:10:54,739 [IPC Server Responder] INFO  ipc.Server (Server.java:run(1512)) - Stopping IPC Server Responder
2022-03-01 02:10:54,742 [Listener at 127.0.0.1/35817] INFO  server.StorageContainerManager (StorageContainerManager.java:stop(1516)) - Stopping SCM HA services.
2022-03-01 02:10:54,742 [Listener at 127.0.0.1/35817] INFO  ha.SCMRatisServerImpl (SCMRatisServerImpl.java:stop(236)) - stopping ratis server 0.0.0.0:9894
2022-03-01 02:10:54,742 [Listener at 127.0.0.1/35817] INFO  server.RaftServer (RaftServerProxy.java:lambda$close$6(391)) - a2e6164a-d2c4-4f22-b3b6-99fe8a11479f: close
2022-03-01 02:10:54,742 [Listener at 127.0.0.1/35817] INFO  server.RaftServer$Division (RaftServerImpl.java:lambda$close$4(412)) - a2e6164a-d2c4-4f22-b3b6-99fe8a11479f@group-070F9627EF71: shutdown
2022-03-01 02:10:54,742 [Listener at 127.0.0.1/35817] INFO  util.JmxRegister (JmxRegister.java:unregister(73)) - Successfully un-registered JMX Bean with object name Ratis:service=RaftServer,group=group-070F9627EF71,id=a2e6164a-d2c4-4f22-b3b6-99fe8a11479f
2022-03-01 02:10:54,743 [Listener at 127.0.0.1/35817] INFO  impl.RoleInfo (RoleInfo.java:shutdownLeaderState(91)) - a2e6164a-d2c4-4f22-b3b6-99fe8a11479f: shutdown a2e6164a-d2c4-4f22-b3b6-99fe8a11479f@group-070F9627EF71-LeaderStateImpl
2022-03-01 02:10:54,743 [Listener at 127.0.0.1/35817] INFO  impl.PendingRequests (PendingRequests.java:sendNotLeaderResponses(282)) - a2e6164a-d2c4-4f22-b3b6-99fe8a11479f@group-070F9627EF71-PendingRequests: sendNotLeaderResponses
2022-03-01 02:10:54,743 [Listener at 127.0.0.1/35817] INFO  ha.SCMStateMachine (SCMStateMachine.java:notifyNotLeader(190)) - current leader SCM steps down.
2022-03-01 02:10:54,743 [Listener at 127.0.0.1/35817] INFO  ha.SCMContext (SCMContext.java:updateLeaderAndTerm(90)) - update <isLeader,term> from <true,2> to <false,0>
2022-03-01 02:10:54,743 [Listener at 127.0.0.1/35817] INFO  ha.SCMContext (SCMContext.java:updateLeaderAndTerm(97)) - update <isLeaderReady> from <false> to <false>
2022-03-01 02:10:54,808 [Listener at 127.0.0.1/35817] INFO  impl.StateMachineUpdater (StateMachineUpdater.java:stopAndJoin(149)) - a2e6164a-d2c4-4f22-b3b6-99fe8a11479f@group-070F9627EF71-StateMachineUpdater: set stopIndex = 34
2022-03-01 02:10:54,808 [a2e6164a-d2c4-4f22-b3b6-99fe8a11479f@group-070F9627EF71-StateMachineUpdater] INFO  ha.SCMStateMachine (SCMStateMachine.java:takeSnapshot(297)) - Current Snapshot Index 34, takeSnapshot took 0 ms
2022-03-01 02:10:54,808 [a2e6164a-d2c4-4f22-b3b6-99fe8a11479f@group-070F9627EF71-StateMachineUpdater] INFO  impl.StateMachineUpdater (StateMachineUpdater.java:takeSnapshot(281)) - a2e6164a-d2c4-4f22-b3b6-99fe8a11479f@group-070F9627EF71-StateMachineUpdater: Took a snapshot at index 34
2022-03-01 02:10:54,808 [a2e6164a-d2c4-4f22-b3b6-99fe8a11479f@group-070F9627EF71-StateMachineUpdater] INFO  impl.StateMachineUpdater (StateMachineUpdater.java:lambda$new$0(89)) - a2e6164a-d2c4-4f22-b3b6-99fe8a11479f@group-070F9627EF71-StateMachineUpdater: snapshotIndex: updateIncreasingly -1 -> 34
2022-03-01 02:10:54,809 [Listener at 127.0.0.1/35817] INFO  server.RaftServer$Division (ServerState.java:close(419)) - a2e6164a-d2c4-4f22-b3b6-99fe8a11479f@group-070F9627EF71: closes. applyIndex: 34
2022-03-01 02:10:54,809 [a2e6164a-d2c4-4f22-b3b6-99fe8a11479f@group-070F9627EF71-SegmentedRaftLogWorker] INFO  segmented.SegmentedRaftLogWorker (SegmentedRaftLogWorker.java:run(327)) - a2e6164a-d2c4-4f22-b3b6-99fe8a11479f@group-070F9627EF71-SegmentedRaftLogWorker was interrupted, exiting. There are 0 tasks remaining in the queue.
2022-03-01 02:10:54,815 [Listener at 127.0.0.1/35817] INFO  segmented.SegmentedRaftLogWorker (SegmentedRaftLogWorker.java:close(237)) - a2e6164a-d2c4-4f22-b3b6-99fe8a11479f@group-070F9627EF71-SegmentedRaftLogWorker close()
2022-03-01 02:10:54,815 [Listener at 127.0.0.1/35817] INFO  server.GrpcService (GrpcService.java:closeImpl(262)) - a2e6164a-d2c4-4f22-b3b6-99fe8a11479f: shutdown server with port 9894 now
2022-03-01 02:10:54,827 [Listener at 127.0.0.1/35817] INFO  server.GrpcService (GrpcService.java:closeImpl(271)) - a2e6164a-d2c4-4f22-b3b6-99fe8a11479f: shutdown server with port 9894 successfully
2022-03-01 02:10:54,832 [org.apache.ratis.util.JvmPauseMonitor$$Lambda$421/1299661385@4d84f8a6] INFO  util.JvmPauseMonitor (JvmPauseMonitor.java:run(109)) - JvmPauseMonitor-a2e6164a-d2c4-4f22-b3b6-99fe8a11479f: Stopped
2022-03-01 02:10:54,832 [Listener at 127.0.0.1/35817] INFO  pipeline.BackgroundPipelineCreator (BackgroundPipelineCreator.java:stop(158)) - Stopping RatisPipelineUtilsThread.
2022-03-01 02:10:54,835 [Listener at 127.0.0.1/35817] INFO  server.StorageContainerManager (StorageContainerManager.java:stop(1526)) - Stopping SCM MetadataStore.
2022-03-01 02:10:54,836 [Listener at 127.0.0.1/35817] INFO  impl.MetricsSystemImpl (MetricsSystemImpl.java:stop(210)) - Stopping HddsDatanode metrics system...
2022-03-01 02:10:54,840 [prometheus] INFO  impl.MetricsSinkAdapter (MetricsSinkAdapter.java:publishMetricsFromQueue(141)) - prometheus thread interrupted.
2022-03-01 02:10:54,847 [Listener at 127.0.0.1/35817] INFO  impl.MetricsSystemImpl (MetricsSystemImpl.java:stop(216)) - HddsDatanode metrics system stopped.
2022-03-01 02:10:55,112 [Listener at 127.0.0.1/35817] WARN  server.ServerUtils (ServerUtils.java:getScmDbDir(148)) - ozone.scm.db.dirs is not configured. We recommend adding this setting. Falling back to ozone.metadata.dirs instead.
2022-03-01 02:10:55,117 [Listener at 127.0.0.1/35817] INFO  ha.SCMHANodeDetails (SCMHANodeDetails.java:loadSCMHAConfig(157)) - ServiceID for StorageContainerManager is null
2022-03-01 02:10:55,118 [Listener at 127.0.0.1/35817] INFO  ha.SCMHANodeDetails (SCMHANodeDetails.java:loadSCMHAConfig(162)) - ozone.scm.default.service.id is not defined, falling back to ozone.scm.service.ids to find serviceID for StorageContainerManager if it is HA enabled cluster
2022-03-01 02:10:55,118 [Listener at 127.0.0.1/35817] INFO  server.RaftServer (ConfUtils.java:logGet(44)) - raft.rpc.type = GRPC (default)
2022-03-01 02:10:55,119 [Listener at 127.0.0.1/35817] INFO  grpc.GrpcFactory (GrpcFactory.java:checkPooledByteBufAllocatorUseCacheForAllThreads(48)) - PERFORMANCE WARNING: useCacheForAllThreads is true that may cause Netty to create a lot garbage objects and, as a result, trigger GC.
	It is recommended to disable useCacheForAllThreads by setting -Dorg.apache.ratis.thirdparty.io.netty.allocator.useCacheForAllThreads=false in command line.
2022-03-01 02:10:55,119 [Listener at 127.0.0.1/35817] INFO  grpc.GrpcConfigKeys (ConfUtils.java:logGet(44)) - raft.grpc.admin.port = -1 (default)
2022-03-01 02:10:55,119 [Listener at 127.0.0.1/35817] INFO  grpc.GrpcConfigKeys (ConfUtils.java:logGet(44)) - raft.grpc.server.port = 9894 (custom)
2022-03-01 02:10:55,119 [Listener at 127.0.0.1/35817] INFO  grpc.GrpcConfigKeys (ConfUtils.java:logGet(44)) - raft.grpc.client.port = -1 (default)
2022-03-01 02:10:55,132 [Listener at 127.0.0.1/35817] INFO  grpc.GrpcConfigKeys (ConfUtils.java:logGet(44)) - raft.grpc.server.port = 9894 (custom)
2022-03-01 02:10:55,132 [Listener at 127.0.0.1/35817] INFO  grpc.GrpcConfigKeys (ConfUtils.java:logGet(44)) - raft.grpc.server.port = 9894 (custom)
2022-03-01 02:10:55,132 [Listener at 127.0.0.1/35817] INFO  server.GrpcService (ConfUtils.java:logGet(44)) - raft.grpc.message.size.max = 32m (=33554432) (custom)
2022-03-01 02:10:55,132 [Listener at 127.0.0.1/35817] INFO  server.RaftServerConfigKeys (ConfUtils.java:logGet(44)) - raft.server.log.appender.buffer.byte-limit = 33554432 (custom)
2022-03-01 02:10:55,133 [Listener at 127.0.0.1/35817] INFO  server.GrpcService (ConfUtils.java:logGet(44)) - raft.grpc.flow.control.window = 1MB (=1048576) (default)
2022-03-01 02:10:55,133 [Listener at 127.0.0.1/35817] INFO  server.RaftServerConfigKeys (ConfUtils.java:logGet(44)) - raft.server.rpc.request.timeout = 30000ms (custom)
2022-03-01 02:10:55,134 [Listener at 127.0.0.1/35817] INFO  impl.DataStreamServerImpl (ConfUtils.java:logGet(44)) - raft.datastream.type = DISABLED (default)
2022-03-01 02:10:55,134 [Listener at 127.0.0.1/35817] INFO  server.RaftServerConfigKeys (ConfUtils.java:logGet(44)) - raft.server.rpc.slowness.timeout = 120000ms (custom)
2022-03-01 02:10:55,134 [Listener at 127.0.0.1/35817] INFO  server.RaftServerConfigKeys (ConfUtils.java:logGet(44)) - raft.server.leaderelection.leader.step-down.wait-time = 10s (default)
2022-03-01 02:10:55,135 [Listener at 127.0.0.1/35817] INFO  server.RaftServerConfigKeys (ConfUtils.java:logGet(44)) - raft.server.storage.dir = [/home/runner/work/ozone/ozone/hadoop-ozone/integration-test/target/test-dir/MiniOzoneClusterImpl-205f3ae4-9c2f-49b9-89f9-532f9ffbf4a1/ozone-meta/scm-ha] (custom)
2022-03-01 02:10:55,180 [Listener at 127.0.0.1/35817] INFO  server.RaftServer (RaftServerProxy.java:addNew(95)) - b3976475-de62-4592-ace4-90f82038b1e6: addNew group-532F9FFBF4A1:[b3976475-de62-4592-ace4-90f82038b1e6|rpc:fv-az294-952:9894|priority:0] returns group-532F9FFBF4A1:java.util.concurrent.CompletableFuture@6b0b6001[Not completed]
2022-03-01 02:10:55,180 [pool-631-thread-1] INFO  server.RaftServer$Division (RaftServerImpl.java:<init>(184)) - b3976475-de62-4592-ace4-90f82038b1e6: new RaftServerImpl for group-532F9FFBF4A1:[b3976475-de62-4592-ace4-90f82038b1e6|rpc:fv-az294-952:9894|priority:0] with SCMStateMachine:uninitialized
2022-03-01 02:10:55,182 [pool-631-thread-1] INFO  server.RaftServerConfigKeys (ConfUtils.java:logGet(44)) - raft.server.rpc.timeout.min = 5000ms (custom)
2022-03-01 02:10:55,182 [pool-631-thread-1] INFO  server.RaftServerConfigKeys (ConfUtils.java:logGet(44)) - raft.server.rpc.timeout.max = 5200ms (custom)
2022-03-01 02:10:55,182 [pool-631-thread-1] INFO  server.RaftServerConfigKeys (ConfUtils.java:logGet(44)) - raft.server.rpc.sleep.time = 25ms (default)
2022-03-01 02:10:55,182 [pool-631-thread-1] INFO  server.RaftServerConfigKeys (ConfUtils.java:logGet(44)) - raft.server.rpc.slowness.timeout = 120000ms (custom)
2022-03-01 02:10:55,182 [pool-631-thread-1] INFO  server.RaftServerConfigKeys (ConfUtils.java:logGet(44)) - raft.server.leaderelection.leader.step-down.wait-time = 10s (default)
2022-03-01 02:10:55,182 [pool-631-thread-1] INFO  server.RaftServerConfigKeys (ConfUtils.java:logGet(44)) - raft.server.sleep.deviation.threshold = 300ms (default)
2022-03-01 02:10:55,182 [pool-631-thread-1] INFO  server.RaftServerConfigKeys (ConfUtils.java:logGet(44)) - raft.server.log.appender.install.snapshot.enabled = false (custom)
2022-03-01 02:10:55,182 [pool-631-thread-1] INFO  server.RaftServer$Division (ServerState.java:<init>(105)) - b3976475-de62-4592-ace4-90f82038b1e6@group-532F9FFBF4A1: ConfigurationManager, init=-1: [b3976475-de62-4592-ace4-90f82038b1e6|rpc:fv-az294-952:9894|priority:0], old=null, confs=<EMPTY_MAP>
2022-03-01 02:10:55,182 [pool-631-thread-1] INFO  server.RaftServerConfigKeys (ConfUtils.java:logGet(44)) - raft.server.storage.dir = [/home/runner/work/ozone/ozone/hadoop-ozone/integration-test/target/test-dir/MiniOzoneClusterImpl-205f3ae4-9c2f-49b9-89f9-532f9ffbf4a1/ozone-meta/scm-ha] (custom)
2022-03-01 02:10:55,182 [pool-631-thread-1] INFO  server.RaftServerConfigKeys (ConfUtils.java:logGet(44)) - raft.server.log.corruption.policy = EXCEPTION (default)
2022-03-01 02:10:55,182 [pool-631-thread-1] INFO  server.RaftServerConfigKeys (ConfUtils.java:logGet(44)) - raft.server.storage.free-space.min = 0MB (=0) (default)
2022-03-01 02:10:55,182 [pool-631-thread-1] INFO  storage.RaftStorageDirectory (RaftStorageDirectoryImpl.java:analyzeStorage(135)) - The storage directory /home/runner/work/ozone/ozone/hadoop-ozone/integration-test/target/test-dir/MiniOzoneClusterImpl-205f3ae4-9c2f-49b9-89f9-532f9ffbf4a1/ozone-meta/scm-ha/205f3ae4-9c2f-49b9-89f9-532f9ffbf4a1 does not exist. Creating ...
2022-03-01 02:10:55,191 [pool-631-thread-1] INFO  storage.RaftStorageDirectory (RaftStorageDirectoryImpl.java:tryLock(230)) - Lock on /home/runner/work/ozone/ozone/hadoop-ozone/integration-test/target/test-dir/MiniOzoneClusterImpl-205f3ae4-9c2f-49b9-89f9-532f9ffbf4a1/ozone-meta/scm-ha/205f3ae4-9c2f-49b9-89f9-532f9ffbf4a1/in_use.lock acquired by nodename 9245@fv-az294-952
2022-03-01 02:10:55,195 [pool-631-thread-1] INFO  storage.RaftStorage (RaftStorageImpl.java:format(89)) - Storage directory /home/runner/work/ozone/ozone/hadoop-ozone/integration-test/target/test-dir/MiniOzoneClusterImpl-205f3ae4-9c2f-49b9-89f9-532f9ffbf4a1/ozone-meta/scm-ha/205f3ae4-9c2f-49b9-89f9-532f9ffbf4a1 has been successfully formatted.
2022-03-01 02:10:55,195 [pool-631-thread-1] INFO  server.RaftServerConfigKeys (ConfUtils.java:logGet(44)) - raft.server.notification.no-leader.timeout = 60s (default)
2022-03-01 02:10:55,195 [pool-631-thread-1] INFO  server.RaftServerConfigKeys (ConfUtils.java:logGet(44)) - raft.server.log.use.memory = false (default)
2022-03-01 02:10:55,195 [pool-631-thread-1] INFO  server.RaftServerConfigKeys (ConfUtils.java:logGet(44)) - raft.server.log.purge.gap = 1000000 (custom)
2022-03-01 02:10:55,196 [pool-631-thread-1] INFO  server.RaftServerConfigKeys (ConfUtils.java:logGet(44)) - raft.server.log.appender.buffer.byte-limit = 33554432 (custom)
2022-03-01 02:10:55,196 [pool-631-thread-1] INFO  server.RaftServerConfigKeys (ConfUtils.java:logGet(44)) - raft.server.log.segment.size.max = 4194304 (custom)
2022-03-01 02:10:55,196 [pool-631-thread-1] INFO  server.RaftServerConfigKeys (ConfUtils.java:logGet(44)) - raft.server.log.segment.cache.num.max = 2 (custom)
2022-03-01 02:10:55,196 [pool-631-thread-1] INFO  server.RaftServerConfigKeys (ConfUtils.java:logGet(44)) - raft.server.log.segment.cache.size.max = 200MB (=209715200) (default)
2022-03-01 02:10:55,196 [pool-631-thread-1] INFO  segmented.SegmentedRaftLogWorker (SegmentedRaftLogWorker.java:<init>(182)) - new b3976475-de62-4592-ace4-90f82038b1e6@group-532F9FFBF4A1-SegmentedRaftLogWorker for RaftStorageImpl:Storage Directory /home/runner/work/ozone/ozone/hadoop-ozone/integration-test/target/test-dir/MiniOzoneClusterImpl-205f3ae4-9c2f-49b9-89f9-532f9ffbf4a1/ozone-meta/scm-ha/205f3ae4-9c2f-49b9-89f9-532f9ffbf4a1
2022-03-01 02:10:55,196 [pool-631-thread-1] INFO  server.RaftServerConfigKeys (ConfUtils.java:logGet(44)) - raft.server.log.queue.byte-limit = 64MB (=67108864) (default)
2022-03-01 02:10:55,196 [pool-631-thread-1] INFO  server.RaftServerConfigKeys (ConfUtils.java:logGet(44)) - raft.server.log.queue.element-limit = 4096 (default)
2022-03-01 02:10:55,196 [pool-631-thread-1] INFO  server.RaftServerConfigKeys (ConfUtils.java:logGet(44)) - raft.server.log.segment.size.max = 4194304 (custom)
2022-03-01 02:10:55,196 [pool-631-thread-1] INFO  server.RaftServerConfigKeys (ConfUtils.java:logGet(44)) - raft.server.log.preallocated.size = 4194304 (custom)
2022-03-01 02:10:55,196 [pool-631-thread-1] INFO  server.RaftServerConfigKeys (ConfUtils.java:logGet(44)) - raft.server.log.force.sync.num = 128 (default)
2022-03-01 02:10:55,196 [pool-631-thread-1] INFO  server.RaftServerConfigKeys (ConfUtils.java:logGet(44)) - raft.server.log.statemachine.data.sync = true (default)
2022-03-01 02:10:55,197 [pool-631-thread-1] INFO  server.RaftServerConfigKeys (ConfUtils.java:logGet(44)) - raft.server.log.statemachine.data.sync.timeout = 10s (default)
2022-03-01 02:10:55,197 [pool-631-thread-1] INFO  server.RaftServerConfigKeys (ConfUtils.java:logGet(44)) - raft.server.log.statemachine.data.sync.timeout.retry = -1 (default)
2022-03-01 02:10:55,197 [pool-631-thread-1] INFO  server.RaftServerConfigKeys (ConfUtils.java:logGet(44)) - raft.server.log.write.buffer.size = 64KB (=65536) (default)
2022-03-01 02:10:55,197 [pool-631-thread-1] INFO  server.RaftServerConfigKeys (ConfUtils.java:logGet(44)) - raft.server.log.statemachine.data.caching.enabled = false (default)
2022-03-01 02:10:55,198 [pool-631-thread-1] INFO  segmented.SegmentedRaftLogWorker (SegmentedRaftLogWorker.java:lambda$new$0(133)) - b3976475-de62-4592-ace4-90f82038b1e6@group-532F9FFBF4A1-SegmentedRaftLogWorker: flushIndex: setUnconditionally 0 -> -1
2022-03-01 02:10:55,198 [pool-631-thread-1] INFO  segmented.SegmentedRaftLogWorker (SegmentedRaftLogWorker.java:lambda$new$0(133)) - b3976475-de62-4592-ace4-90f82038b1e6@group-532F9FFBF4A1-SegmentedRaftLogWorker: safeCacheEvictIndex: setUnconditionally 0 -> -1
2022-03-01 02:10:55,219 [pool-631-thread-1] INFO  server.RaftServerConfigKeys (ConfUtils.java:logGet(44)) - raft.server.snapshot.auto.trigger.enabled = true (custom)
2022-03-01 02:10:55,220 [pool-631-thread-1] INFO  server.RaftServerConfigKeys (ConfUtils.java:logGet(44)) - raft.server.snapshot.auto.trigger.threshold = 1000 (custom)
2022-03-01 02:10:55,220 [pool-631-thread-1] INFO  server.RaftServerConfigKeys (ConfUtils.java:logGet(44)) - raft.server.snapshot.retention.file.num = -1 (default)
2022-03-01 02:10:55,220 [pool-631-thread-1] INFO  server.RaftServerConfigKeys (ConfUtils.java:logGet(44)) - raft.server.log.purge.upto.snapshot.index = false (default)
2022-03-01 02:10:55,220 [pool-631-thread-1] INFO  server.RaftServerConfigKeys (ConfUtils.java:logGet(44)) - raft.server.retrycache.expirytime = 60000ms (default)
2022-03-01 02:10:55,220 [pool-631-thread-1] INFO  server.RaftServerConfigKeys (ConfUtils.java:logGet(44)) - raft.server.retrycache.statistics.expirytime = 100μs (default)
2022-03-01 02:10:55,223 [Listener at 127.0.0.1/35817] INFO  server.RaftServer$Division (RaftServerImpl.java:start(301)) - b3976475-de62-4592-ace4-90f82038b1e6@group-532F9FFBF4A1: start as a follower, conf=-1: [b3976475-de62-4592-ace4-90f82038b1e6|rpc:fv-az294-952:9894|priority:0], old=null
2022-03-01 02:10:55,223 [Listener at 127.0.0.1/35817] INFO  server.RaftServer$Division (RaftServerImpl.java:setRole(290)) - b3976475-de62-4592-ace4-90f82038b1e6@group-532F9FFBF4A1: changes role from      null to FOLLOWER at term 0 for startAsFollower
2022-03-01 02:10:55,223 [Listener at 127.0.0.1/35817] INFO  impl.RoleInfo (RoleInfo.java:updateAndGet(130)) - b3976475-de62-4592-ace4-90f82038b1e6: start b3976475-de62-4592-ace4-90f82038b1e6@group-532F9FFBF4A1-FollowerState
2022-03-01 02:10:55,251 [Listener at 127.0.0.1/35817] INFO  util.JmxRegister (JmxRegister.java:tryRegister(44)) - Successfully registered JMX Bean with object name Ratis:service=RaftServer,group=group-532F9FFBF4A1,id=b3976475-de62-4592-ace4-90f82038b1e6
2022-03-01 02:10:55,259 [Listener at 127.0.0.1/35817] INFO  server.RaftServer (RaftServerProxy.java:lambda$start$5(374)) - b3976475-de62-4592-ace4-90f82038b1e6: start RPC server
2022-03-01 02:10:55,260 [Listener at 127.0.0.1/35817] INFO  server.GrpcService (GrpcService.java:startImpl(253)) - b3976475-de62-4592-ace4-90f82038b1e6: GrpcService started, listening on 9894
2022-03-01 02:10:55,261 [org.apache.ratis.util.JvmPauseMonitor$$Lambda$421/1299661385@262dc30b] INFO  util.JvmPauseMonitor (JvmPauseMonitor.java:run(103)) - JvmPauseMonitor-b3976475-de62-4592-ace4-90f82038b1e6: Started
2022-03-01 02:11:00,427 [b3976475-de62-4592-ace4-90f82038b1e6@group-532F9FFBF4A1-FollowerState] INFO  impl.FollowerState (FollowerState.java:run(134)) - b3976475-de62-4592-ace4-90f82038b1e6@group-532F9FFBF4A1-FollowerState: change to CANDIDATE, lastRpcElapsedTime:5203352152ns, electionTimeout:5175ms
2022-03-01 02:11:00,427 [b3976475-de62-4592-ace4-90f82038b1e6@group-532F9FFBF4A1-FollowerState] INFO  impl.RoleInfo (RoleInfo.java:shutdownFollowerState(108)) - b3976475-de62-4592-ace4-90f82038b1e6: shutdown b3976475-de62-4592-ace4-90f82038b1e6@group-532F9FFBF4A1-FollowerState
2022-03-01 02:11:00,427 [b3976475-de62-4592-ace4-90f82038b1e6@group-532F9FFBF4A1-FollowerState] INFO  server.RaftServer$Division (RaftServerImpl.java:setRole(290)) - b3976475-de62-4592-ace4-90f82038b1e6@group-532F9FFBF4A1: changes role from  FOLLOWER to CANDIDATE at term 0 for changeToCandidate
2022-03-01 02:11:00,427 [b3976475-de62-4592-ace4-90f82038b1e6@group-532F9FFBF4A1-FollowerState] INFO  server.RaftServerConfigKeys (ConfUtils.java:logGet(44)) - raft.server.leaderelection.pre-vote = false (custom)
2022-03-01 02:11:00,427 [b3976475-de62-4592-ace4-90f82038b1e6@group-532F9FFBF4A1-FollowerState] INFO  impl.RoleInfo (RoleInfo.java:updateAndGet(130)) - b3976475-de62-4592-ace4-90f82038b1e6: start b3976475-de62-4592-ace4-90f82038b1e6@group-532F9FFBF4A1-LeaderElection72
2022-03-01 02:11:00,463 [b3976475-de62-4592-ace4-90f82038b1e6@group-532F9FFBF4A1-LeaderElection72] INFO  impl.LeaderElection (LeaderElection.java:askForVotes(306)) - b3976475-de62-4592-ace4-90f82038b1e6@group-532F9FFBF4A1-LeaderElection72 ELECTION round 0: submit vote requests at term 1 for -1: [b3976475-de62-4592-ace4-90f82038b1e6|rpc:fv-az294-952:9894|priority:0], old=null
2022-03-01 02:11:00,463 [b3976475-de62-4592-ace4-90f82038b1e6@group-532F9FFBF4A1-LeaderElection72] INFO  impl.LeaderElection (LeaderElection.java:askForVotes(308)) - b3976475-de62-4592-ace4-90f82038b1e6@group-532F9FFBF4A1-LeaderElection72 ELECTION round 0: result PASSED (term=1)
2022-03-01 02:11:00,463 [b3976475-de62-4592-ace4-90f82038b1e6@group-532F9FFBF4A1-LeaderElection72] INFO  impl.RoleInfo (RoleInfo.java:shutdownLeaderElection(121)) - b3976475-de62-4592-ace4-90f82038b1e6: shutdown b3976475-de62-4592-ace4-90f82038b1e6@group-532F9FFBF4A1-LeaderElection72
2022-03-01 02:11:00,464 [b3976475-de62-4592-ace4-90f82038b1e6@group-532F9FFBF4A1-LeaderElection72] INFO  server.RaftServer$Division (RaftServerImpl.java:setRole(290)) - b3976475-de62-4592-ace4-90f82038b1e6@group-532F9FFBF4A1: changes role from CANDIDATE to LEADER at term 1 for changeToLeader
2022-03-01 02:11:00,464 [b3976475-de62-4592-ace4-90f82038b1e6@group-532F9FFBF4A1-LeaderElection72] INFO  server.RaftServer$Division (ServerState.java:setLeader(285)) - b3976475-de62-4592-ace4-90f82038b1e6@group-532F9FFBF4A1: change Leader from null to b3976475-de62-4592-ace4-90f82038b1e6 at term 1 for becomeLeader, leader elected after 5268ms
2022-03-01 02:11:00,464 [b3976475-de62-4592-ace4-90f82038b1e6@group-532F9FFBF4A1-LeaderElection72] INFO  server.RaftServerConfigKeys (ConfUtils.java:logGet(44)) - raft.server.staging.catchup.gap = 1000 (default)
2022-03-01 02:11:00,464 [b3976475-de62-4592-ace4-90f82038b1e6@group-532F9FFBF4A1-LeaderElection72] INFO  server.RaftServerConfigKeys (ConfUtils.java:logGet(44)) - raft.server.write.element-limit = 4096 (default)
2022-03-01 02:11:00,464 [b3976475-de62-4592-ace4-90f82038b1e6@group-532F9FFBF4A1-LeaderElection72] INFO  server.RaftServerConfigKeys (ConfUtils.java:logGet(44)) - raft.server.write.byte-limit = 64MB (=67108864) (default)
2022-03-01 02:11:00,464 [b3976475-de62-4592-ace4-90f82038b1e6@group-532F9FFBF4A1-LeaderElection72] INFO  server.RaftServerConfigKeys (ConfUtils.java:logGet(44)) - raft.server.watch.timeout = 10s (default)
2022-03-01 02:11:00,471 [b3976475-de62-4592-ace4-90f82038b1e6@group-532F9FFBF4A1-LeaderElection72] INFO  server.RaftServerConfigKeys (ConfUtils.java:logGet(44)) - raft.server.watch.timeout.denomination = 1s (default)
2022-03-01 02:11:00,471 [b3976475-de62-4592-ace4-90f82038b1e6@group-532F9FFBF4A1-LeaderElection72] INFO  server.RaftServerConfigKeys (ConfUtils.java:logGet(44)) - raft.server.watch.element-limit = 65536 (default)
2022-03-01 02:11:00,471 [b3976475-de62-4592-ace4-90f82038b1e6@group-532F9FFBF4A1-LeaderElection72] INFO  server.RaftServerConfigKeys (ConfUtils.java:logGet(44)) - raft.server.write.element-limit = 4096 (default)
2022-03-01 02:11:00,471 [b3976475-de62-4592-ace4-90f82038b1e6@group-532F9FFBF4A1-LeaderElection72] INFO  server.RaftServerConfigKeys (ConfUtils.java:logGet(44)) - raft.server.write.follower.gap.ratio.max = -1.0 (default)
2022-03-01 02:11:00,472 [b3976475-de62-4592-ace4-90f82038b1e6@group-532F9FFBF4A1-LeaderElection72] INFO  impl.RoleInfo (RoleInfo.java:updateAndGet(130)) - b3976475-de62-4592-ace4-90f82038b1e6: start b3976475-de62-4592-ace4-90f82038b1e6@group-532F9FFBF4A1-LeaderStateImpl
2022-03-01 02:11:00,472 [b3976475-de62-4592-ace4-90f82038b1e6@group-532F9FFBF4A1-LeaderElection72] INFO  segmented.SegmentedRaftLogWorker (SegmentedRaftLogWorker.java:startLogSegment(394)) - b3976475-de62-4592-ace4-90f82038b1e6@group-532F9FFBF4A1-SegmentedRaftLogWorker: Starting segment from index:0
2022-03-01 02:11:00,480 [b3976475-de62-4592-ace4-90f82038b1e6@group-532F9FFBF4A1-LeaderElection72] INFO  server.RaftServer$Division (ServerState.java:setRaftConf(387)) - b3976475-de62-4592-ace4-90f82038b1e6@group-532F9FFBF4A1: set configuration 0: [b3976475-de62-4592-ace4-90f82038b1e6|rpc:fv-az294-952:9894|admin:|client:|dataStream:|priority:0], old=null
2022-03-01 02:11:00,484 [b3976475-de62-4592-ace4-90f82038b1e6@group-532F9FFBF4A1-SegmentedRaftLogWorker] INFO  segmented.SegmentedRaftLogWorker (SegmentedRaftLogWorker.java:execute(601)) - b3976475-de62-4592-ace4-90f82038b1e6@group-532F9FFBF4A1-SegmentedRaftLogWorker: created new log segment /home/runner/work/ozone/ozone/hadoop-ozone/integration-test/target/test-dir/MiniOzoneClusterImpl-205f3ae4-9c2f-49b9-89f9-532f9ffbf4a1/ozone-meta/scm-ha/205f3ae4-9c2f-49b9-89f9-532f9ffbf4a1/current/log_inprogress_0
2022-03-01 02:11:01,261 [Listener at 127.0.0.1/35817] INFO  server.RaftServer (RaftServerProxy.java:lambda$close$6(391)) - b3976475-de62-4592-ace4-90f82038b1e6: close
2022-03-01 02:11:01,262 [Listener at 127.0.0.1/35817] INFO  server.RaftServer$Division (RaftServerImpl.java:lambda$close$4(412)) - b3976475-de62-4592-ace4-90f82038b1e6@group-532F9FFBF4A1: shutdown
2022-03-01 02:11:01,262 [Listener at 127.0.0.1/35817] INFO  util.JmxRegister (JmxRegister.java:unregister(73)) - Successfully un-registered JMX Bean with object name Ratis:service=RaftServer,group=group-532F9FFBF4A1,id=b3976475-de62-4592-ace4-90f82038b1e6
2022-03-01 02:11:01,262 [Listener at 127.0.0.1/35817] INFO  impl.RoleInfo (RoleInfo.java:shutdownLeaderState(91)) - b3976475-de62-4592-ace4-90f82038b1e6: shutdown b3976475-de62-4592-ace4-90f82038b1e6@group-532F9FFBF4A1-LeaderStateImpl
2022-03-01 02:11:01,262 [Listener at 127.0.0.1/35817] INFO  impl.PendingRequests (PendingRequests.java:sendNotLeaderResponses(282)) - b3976475-de62-4592-ace4-90f82038b1e6@group-532F9FFBF4A1-PendingRequests: sendNotLeaderResponses
2022-03-01 02:11:01,263 [Listener at 127.0.0.1/35817] INFO  impl.StateMachineUpdater (StateMachineUpdater.java:stopAndJoin(149)) - b3976475-de62-4592-ace4-90f82038b1e6@group-532F9FFBF4A1-StateMachineUpdater: set stopIndex = 0
2022-03-01 02:11:01,263 [b3976475-de62-4592-ace4-90f82038b1e6@group-532F9FFBF4A1-StateMachineUpdater] INFO  impl.StateMachineUpdater (StateMachineUpdater.java:takeSnapshot(281)) - b3976475-de62-4592-ace4-90f82038b1e6@group-532F9FFBF4A1-StateMachineUpdater: Took a snapshot at index 0
2022-03-01 02:11:01,263 [b3976475-de62-4592-ace4-90f82038b1e6@group-532F9FFBF4A1-StateMachineUpdater] INFO  impl.StateMachineUpdater (StateMachineUpdater.java:lambda$new$0(89)) - b3976475-de62-4592-ace4-90f82038b1e6@group-532F9FFBF4A1-StateMachineUpdater: snapshotIndex: updateIncreasingly -1 -> 0
2022-03-01 02:11:01,265 [Listener at 127.0.0.1/35817] INFO  server.RaftServer$Division (ServerState.java:close(419)) - b3976475-de62-4592-ace4-90f82038b1e6@group-532F9FFBF4A1: closes. applyIndex: 0
2022-03-01 02:11:01,265 [b3976475-de62-4592-ace4-90f82038b1e6@group-532F9FFBF4A1-SegmentedRaftLogWorker] INFO  segmented.SegmentedRaftLogWorker (SegmentedRaftLogWorker.java:run(327)) - b3976475-de62-4592-ace4-90f82038b1e6@group-532F9FFBF4A1-SegmentedRaftLogWorker was interrupted, exiting. There are 0 tasks remaining in the queue.
2022-03-01 02:11:01,267 [Listener at 127.0.0.1/35817] INFO  segmented.SegmentedRaftLogWorker (SegmentedRaftLogWorker.java:close(237)) - b3976475-de62-4592-ace4-90f82038b1e6@group-532F9FFBF4A1-SegmentedRaftLogWorker close()
2022-03-01 02:11:01,288 [Listener at 127.0.0.1/35817] INFO  server.GrpcService (GrpcService.java:closeImpl(262)) - b3976475-de62-4592-ace4-90f82038b1e6: shutdown server with port 9894 now
2022-03-01 02:11:01,307 [Listener at 127.0.0.1/35817] INFO  server.GrpcService (GrpcService.java:closeImpl(271)) - b3976475-de62-4592-ace4-90f82038b1e6: shutdown server with port 9894 successfully
2022-03-01 02:11:01,307 [org.apache.ratis.util.JvmPauseMonitor$$Lambda$421/1299661385@262dc30b] INFO  util.JvmPauseMonitor (JvmPauseMonitor.java:run(109)) - JvmPauseMonitor-b3976475-de62-4592-ace4-90f82038b1e6: Stopped
2022-03-01 02:11:01,308 [Listener at 127.0.0.1/35817] INFO  ha.SCMHANodeDetails (SCMHANodeDetails.java:loadSCMHAConfig(157)) - ServiceID for StorageContainerManager is null
2022-03-01 02:11:01,308 [Listener at 127.0.0.1/35817] INFO  ha.SCMHANodeDetails (SCMHANodeDetails.java:loadSCMHAConfig(162)) - ozone.scm.default.service.id is not defined, falling back to ozone.scm.service.ids to find serviceID for StorageContainerManager if it is HA enabled cluster
2022-03-01 02:11:01,308 [Listener at 127.0.0.1/35817] WARN  server.ServerUtils (ServerUtils.java:getScmDbDir(148)) - ozone.scm.db.dirs is not configured. We recommend adding this setting. Falling back to ozone.metadata.dirs instead.
2022-03-01 02:11:01,309 [Listener at 127.0.0.1/35817] INFO  upgrade.AbstractLayoutVersionManager (AbstractLayoutVersionManager.java:init(79)) - Initializing Layout version manager with metadata layout = SCM_HA (version = 2), software layout = SCM_HA (version = 2)
2022-03-01 02:11:01,498 [Listener at 127.0.0.1/35817] INFO  reflections.Reflections (Reflections.java:scan(232)) - Reflections took 188 ms to scan 7 urls, producing 122 keys and 286 values 
2022-03-01 02:11:01,508 [Listener at 127.0.0.1/35817] WARN  utils.HAUtils (HAUtils.java:getMetaDir(342)) - ozone.scm.db.dirs is not configured. We recommend adding this setting. Falling back to ozone.metadata.dirs instead.
2022-03-01 02:11:01,544 [Listener at 127.0.0.1/35817] WARN  db.DBStoreBuilder (DBStoreBuilder.java:applyDBDefinition(145)) - ozone.scm.db.dirs is not configured. We recommend adding this setting. Falling back to ozone.metadata.dirs instead.
2022-03-01 02:11:01,940 [Listener at 127.0.0.1/35817] INFO  net.NodeSchemaLoader (NodeSchemaLoader.java:loadSchemaFromFile(129)) - Loading schema from [jar:file:/home/runner/.m2/repository/org/apache/ozone/hdds-common/1.3.0-SNAPSHOT/hdds-common-1.3.0-SNAPSHOT.jar!/network-topology-default.xml]
2022-03-01 02:11:01,940 [Listener at 127.0.0.1/35817] INFO  net.NodeSchemaLoader (NodeSchemaLoader.java:loadSchema(176)) - Loading network topology layer schema file
2022-03-01 02:11:01,943 [Listener at 127.0.0.1/35817] INFO  ha.SCMRatisServerImpl (SCMRatisServerImpl.java:<init>(87)) - starting Raft server for scm:b3976475-de62-4592-ace4-90f82038b1e6
2022-03-01 02:11:01,944 [Listener at 127.0.0.1/35817] INFO  server.RaftServer (ConfUtils.java:logGet(44)) - raft.rpc.type = GRPC (default)
2022-03-01 02:11:01,944 [Listener at 127.0.0.1/35817] INFO  grpc.GrpcFactory (GrpcFactory.java:checkPooledByteBufAllocatorUseCacheForAllThreads(48)) - PERFORMANCE WARNING: useCacheForAllThreads is true that may cause Netty to create a lot garbage objects and, as a result, trigger GC.
	It is recommended to disable useCacheForAllThreads by setting -Dorg.apache.ratis.thirdparty.io.netty.allocator.useCacheForAllThreads=false in command line.
2022-03-01 02:11:01,944 [Listener at 127.0.0.1/35817] INFO  grpc.GrpcConfigKeys (ConfUtils.java:logGet(44)) - raft.grpc.admin.port = -1 (default)
2022-03-01 02:11:01,944 [Listener at 127.0.0.1/35817] INFO  grpc.GrpcConfigKeys (ConfUtils.java:logGet(44)) - raft.grpc.server.port = 9894 (custom)
2022-03-01 02:11:01,945 [Listener at 127.0.0.1/35817] INFO  grpc.GrpcConfigKeys (ConfUtils.java:logGet(44)) - raft.grpc.client.port = -1 (default)
2022-03-01 02:11:01,945 [Listener at 127.0.0.1/35817] INFO  grpc.GrpcConfigKeys (ConfUtils.java:logGet(44)) - raft.grpc.server.port = 9894 (custom)
2022-03-01 02:11:01,945 [Listener at 127.0.0.1/35817] INFO  grpc.GrpcConfigKeys (ConfUtils.java:logGet(44)) - raft.grpc.server.port = 9894 (custom)
2022-03-01 02:11:01,945 [Listener at 127.0.0.1/35817] INFO  server.GrpcService (ConfUtils.java:logGet(44)) - raft.grpc.message.size.max = 32m (=33554432) (custom)
2022-03-01 02:11:01,945 [Listener at 127.0.0.1/35817] INFO  server.RaftServerConfigKeys (ConfUtils.java:logGet(44)) - raft.server.log.appender.buffer.byte-limit = 33554432 (custom)
2022-03-01 02:11:01,945 [Listener at 127.0.0.1/35817] INFO  server.GrpcService (ConfUtils.java:logGet(44)) - raft.grpc.flow.control.window = 1MB (=1048576) (default)
2022-03-01 02:11:01,945 [Listener at 127.0.0.1/35817] INFO  server.RaftServerConfigKeys (ConfUtils.java:logGet(44)) - raft.server.rpc.request.timeout = 30000ms (custom)
2022-03-01 02:11:01,946 [Listener at 127.0.0.1/35817] INFO  impl.DataStreamServerImpl (ConfUtils.java:logGet(44)) - raft.datastream.type = DISABLED (default)
2022-03-01 02:11:01,947 [Listener at 127.0.0.1/35817] INFO  server.RaftServerConfigKeys (ConfUtils.java:logGet(44)) - raft.server.rpc.slowness.timeout = 120000ms (custom)
2022-03-01 02:11:01,947 [Listener at 127.0.0.1/35817] INFO  server.RaftServerConfigKeys (ConfUtils.java:logGet(44)) - raft.server.leaderelection.leader.step-down.wait-time = 10s (default)
2022-03-01 02:11:01,947 [Listener at 127.0.0.1/35817] INFO  server.RaftServerConfigKeys (ConfUtils.java:logGet(44)) - raft.server.storage.dir = [/home/runner/work/ozone/ozone/hadoop-ozone/integration-test/target/test-dir/MiniOzoneClusterImpl-205f3ae4-9c2f-49b9-89f9-532f9ffbf4a1/ozone-meta/scm-ha] (custom)
2022-03-01 02:11:01,947 [Listener at 127.0.0.1/35817] INFO  server.RaftServer (RaftServerProxy.java:lambda$null$1(235)) - b3976475-de62-4592-ace4-90f82038b1e6: found a subdirectory /home/runner/work/ozone/ozone/hadoop-ozone/integration-test/target/test-dir/MiniOzoneClusterImpl-205f3ae4-9c2f-49b9-89f9-532f9ffbf4a1/ozone-meta/scm-ha/205f3ae4-9c2f-49b9-89f9-532f9ffbf4a1
2022-03-01 02:11:01,948 [Listener at 127.0.0.1/35817] INFO  server.RaftServer (RaftServerProxy.java:addNew(95)) - b3976475-de62-4592-ace4-90f82038b1e6: addNew group-532F9FFBF4A1:[] returns group-532F9FFBF4A1:java.util.concurrent.CompletableFuture@63d042fd[Not completed]
2022-03-01 02:11:01,948 [pool-644-thread-1] INFO  server.RaftServer$Division (RaftServerImpl.java:<init>(184)) - b3976475-de62-4592-ace4-90f82038b1e6: new RaftServerImpl for group-532F9FFBF4A1:[] with SCMStateMachine:uninitialized
2022-03-01 02:11:01,955 [pool-644-thread-1] INFO  server.RaftServerConfigKeys (ConfUtils.java:logGet(44)) - raft.server.rpc.timeout.min = 5000ms (custom)
2022-03-01 02:11:01,955 [pool-644-thread-1] INFO  server.RaftServerConfigKeys (ConfUtils.java:logGet(44)) - raft.server.rpc.timeout.max = 5200ms (custom)
2022-03-01 02:11:01,955 [pool-644-thread-1] INFO  server.RaftServerConfigKeys (ConfUtils.java:logGet(44)) - raft.server.rpc.sleep.time = 25ms (default)
2022-03-01 02:11:01,955 [pool-644-thread-1] INFO  server.RaftServerConfigKeys (ConfUtils.java:logGet(44)) - raft.server.rpc.slowness.timeout = 120000ms (custom)
2022-03-01 02:11:01,955 [pool-644-thread-1] INFO  server.RaftServerConfigKeys (ConfUtils.java:logGet(44)) - raft.server.leaderelection.leader.step-down.wait-time = 10s (default)
2022-03-01 02:11:01,955 [pool-644-thread-1] INFO  server.RaftServerConfigKeys (ConfUtils.java:logGet(44)) - raft.server.sleep.deviation.threshold = 300ms (default)
2022-03-01 02:11:01,956 [pool-644-thread-1] INFO  server.RaftServerConfigKeys (ConfUtils.java:logGet(44)) - raft.server.log.appender.install.snapshot.enabled = false (custom)
2022-03-01 02:11:01,956 [pool-644-thread-1] INFO  server.RaftServer$Division (ServerState.java:<init>(105)) - b3976475-de62-4592-ace4-90f82038b1e6@group-532F9FFBF4A1: ConfigurationManager, init=-1: [], old=null, confs=<EMPTY_MAP>
2022-03-01 02:11:01,956 [pool-644-thread-1] INFO  server.RaftServerConfigKeys (ConfUtils.java:logGet(44)) - raft.server.storage.dir = [/home/runner/work/ozone/ozone/hadoop-ozone/integration-test/target/test-dir/MiniOzoneClusterImpl-205f3ae4-9c2f-49b9-89f9-532f9ffbf4a1/ozone-meta/scm-ha] (custom)
2022-03-01 02:11:01,956 [pool-644-thread-1] INFO  server.RaftServerConfigKeys (ConfUtils.java:logGet(44)) - raft.server.log.corruption.policy = EXCEPTION (default)
2022-03-01 02:11:01,956 [pool-644-thread-1] INFO  server.RaftServerConfigKeys (ConfUtils.java:logGet(44)) - raft.server.storage.free-space.min = 0MB (=0) (default)
2022-03-01 02:11:01,963 [pool-644-thread-1] INFO  storage.RaftStorageDirectory (RaftStorageDirectoryImpl.java:tryLock(230)) - Lock on /home/runner/work/ozone/ozone/hadoop-ozone/integration-test/target/test-dir/MiniOzoneClusterImpl-205f3ae4-9c2f-49b9-89f9-532f9ffbf4a1/ozone-meta/scm-ha/205f3ae4-9c2f-49b9-89f9-532f9ffbf4a1/in_use.lock acquired by nodename 9245@fv-az294-952
2022-03-01 02:11:01,967 [pool-644-thread-1] INFO  storage.RaftStorage (RaftStorageImpl.java:analyzeAndRecoverStorage(110)) - Read RaftStorageMetadata{term=1, votedFor=b3976475-de62-4592-ace4-90f82038b1e6} from /home/runner/work/ozone/ozone/hadoop-ozone/integration-test/target/test-dir/MiniOzoneClusterImpl-205f3ae4-9c2f-49b9-89f9-532f9ffbf4a1/ozone-meta/scm-ha/205f3ae4-9c2f-49b9-89f9-532f9ffbf4a1/current/raft-meta
2022-03-01 02:11:01,968 [pool-644-thread-1] INFO  server.RaftServer$Division (ServerState.java:setRaftConf(387)) - b3976475-de62-4592-ace4-90f82038b1e6@group-532F9FFBF4A1: set configuration 0: [b3976475-de62-4592-ace4-90f82038b1e6|rpc:fv-az294-952:9894|admin:|client:|dataStream:|priority:0], old=null
2022-03-01 02:11:01,975 [pool-644-thread-1] INFO  server.RaftServerConfigKeys (ConfUtils.java:logGet(44)) - raft.server.notification.no-leader.timeout = 60s (default)
2022-03-01 02:11:01,977 [pool-644-thread-1] INFO  server.RaftServerConfigKeys (ConfUtils.java:logGet(44)) - raft.server.log.use.memory = false (default)
2022-03-01 02:11:01,977 [pool-644-thread-1] INFO  server.RaftServerConfigKeys (ConfUtils.java:logGet(44)) - raft.server.log.purge.gap = 1000000 (custom)
2022-03-01 02:11:01,977 [pool-644-thread-1] INFO  server.RaftServerConfigKeys (ConfUtils.java:logGet(44)) - raft.server.log.appender.buffer.byte-limit = 33554432 (custom)
2022-03-01 02:11:01,978 [pool-644-thread-1] INFO  server.RaftServerConfigKeys (ConfUtils.java:logGet(44)) - raft.server.log.segment.size.max = 4194304 (custom)
2022-03-01 02:11:01,978 [pool-644-thread-1] INFO  server.RaftServerConfigKeys (ConfUtils.java:logGet(44)) - raft.server.log.segment.cache.num.max = 2 (custom)
2022-03-01 02:11:01,978 [pool-644-thread-1] INFO  server.RaftServerConfigKeys (ConfUtils.java:logGet(44)) - raft.server.log.segment.cache.size.max = 200MB (=209715200) (default)
2022-03-01 02:11:01,978 [pool-644-thread-1] INFO  segmented.SegmentedRaftLogWorker (SegmentedRaftLogWorker.java:<init>(182)) - new b3976475-de62-4592-ace4-90f82038b1e6@group-532F9FFBF4A1-SegmentedRaftLogWorker for RaftStorageImpl:Storage Directory /home/runner/work/ozone/ozone/hadoop-ozone/integration-test/target/test-dir/MiniOzoneClusterImpl-205f3ae4-9c2f-49b9-89f9-532f9ffbf4a1/ozone-meta/scm-ha/205f3ae4-9c2f-49b9-89f9-532f9ffbf4a1
2022-03-01 02:11:01,978 [pool-644-thread-1] INFO  server.RaftServerConfigKeys (ConfUtils.java:logGet(44)) - raft.server.log.queue.byte-limit = 64MB (=67108864) (default)
2022-03-01 02:11:01,978 [pool-644-thread-1] INFO  server.RaftServerConfigKeys (ConfUtils.java:logGet(44)) - raft.server.log.queue.element-limit = 4096 (default)
2022-03-01 02:11:01,978 [pool-644-thread-1] INFO  server.RaftServerConfigKeys (ConfUtils.java:logGet(44)) - raft.server.log.segment.size.max = 4194304 (custom)
2022-03-01 02:11:01,978 [pool-644-thread-1] INFO  server.RaftServerConfigKeys (ConfUtils.java:logGet(44)) - raft.server.log.preallocated.size = 4194304 (custom)
2022-03-01 02:11:01,978 [pool-644-thread-1] INFO  server.RaftServerConfigKeys (ConfUtils.java:logGet(44)) - raft.server.log.force.sync.num = 128 (default)
2022-03-01 02:11:01,978 [pool-644-thread-1] INFO  server.RaftServerConfigKeys (ConfUtils.java:logGet(44)) - raft.server.log.statemachine.data.sync = true (default)
2022-03-01 02:11:01,979 [pool-644-thread-1] INFO  server.RaftServerConfigKeys (ConfUtils.java:logGet(44)) - raft.server.log.statemachine.data.sync.timeout = 10s (default)
2022-03-01 02:11:01,979 [pool-644-thread-1] INFO  server.RaftServerConfigKeys (ConfUtils.java:logGet(44)) - raft.server.log.statemachine.data.sync.timeout.retry = -1 (default)
2022-03-01 02:11:01,979 [pool-644-thread-1] INFO  server.RaftServerConfigKeys (ConfUtils.java:logGet(44)) - raft.server.log.write.buffer.size = 64KB (=65536) (default)
2022-03-01 02:11:01,980 [pool-644-thread-1] INFO  server.RaftServerConfigKeys (ConfUtils.java:logGet(44)) - raft.server.log.statemachine.data.caching.enabled = false (default)
2022-03-01 02:11:01,980 [pool-644-thread-1] INFO  server.RaftServer$Division (ServerState.java:setRaftConf(387)) - b3976475-de62-4592-ace4-90f82038b1e6@group-532F9FFBF4A1: set configuration 0: [b3976475-de62-4592-ace4-90f82038b1e6|rpc:fv-az294-952:9894|admin:|client:|dataStream:|priority:0], old=null
2022-03-01 02:11:01,980 [pool-644-thread-1] INFO  segmented.LogSegment (LogSegment.java:loadSegment(173)) - Successfully read 1 entries from segment file /home/runner/work/ozone/ozone/hadoop-ozone/integration-test/target/test-dir/MiniOzoneClusterImpl-205f3ae4-9c2f-49b9-89f9-532f9ffbf4a1/ozone-meta/scm-ha/205f3ae4-9c2f-49b9-89f9-532f9ffbf4a1/current/log_inprogress_0
2022-03-01 02:11:01,981 [pool-644-thread-1] INFO  segmented.SegmentedRaftLogWorker (SegmentedRaftLogWorker.java:lambda$new$0(133)) - b3976475-de62-4592-ace4-90f82038b1e6@group-532F9FFBF4A1-SegmentedRaftLogWorker: flushIndex: setUnconditionally 0 -> 0
2022-03-01 02:11:01,981 [pool-644-thread-1] INFO  segmented.SegmentedRaftLogWorker (SegmentedRaftLogWorker.java:lambda$new$0(133)) - b3976475-de62-4592-ace4-90f82038b1e6@group-532F9FFBF4A1-SegmentedRaftLogWorker: safeCacheEvictIndex: setUnconditionally 0 -> -1
2022-03-01 02:11:01,990 [pool-644-thread-1] INFO  server.RaftServerConfigKeys (ConfUtils.java:logGet(44)) - raft.server.snapshot.auto.trigger.enabled = true (custom)
2022-03-01 02:11:01,990 [pool-644-thread-1] INFO  server.RaftServerConfigKeys (ConfUtils.java:logGet(44)) - raft.server.snapshot.auto.trigger.threshold = 1000 (custom)
2022-03-01 02:11:01,990 [pool-644-thread-1] INFO  server.RaftServerConfigKeys (ConfUtils.java:logGet(44)) - raft.server.snapshot.retention.file.num = -1 (default)
2022-03-01 02:11:01,990 [pool-644-thread-1] INFO  server.RaftServerConfigKeys (ConfUtils.java:logGet(44)) - raft.server.log.purge.upto.snapshot.index = false (default)
2022-03-01 02:11:01,990 [pool-644-thread-1] INFO  server.RaftServerConfigKeys (ConfUtils.java:logGet(44)) - raft.server.retrycache.expirytime = 60000ms (default)
2022-03-01 02:11:01,991 [pool-644-thread-1] INFO  server.RaftServerConfigKeys (ConfUtils.java:logGet(44)) - raft.server.retrycache.statistics.expirytime = 100μs (default)
2022-03-01 02:11:01,992 [Listener at 127.0.0.1/35817] INFO  ha.SCMSnapshotProvider (SCMSnapshotProvider.java:<init>(66)) - Initializing SCM Snapshot Provider
2022-03-01 02:11:01,992 [Listener at 127.0.0.1/35817] WARN  server.ServerUtils (ServerUtils.java:getDefaultRatisDirectory(237)) - Storage directory for Ratis is not configured. It is a good idea to map this to an SSD disk. Falling back to ozone.metadata.dirs
2022-03-01 02:11:01,992 [Listener at 127.0.0.1/35817] WARN  ha.SCMHAUtils (SCMHAUtils.java:getSCMRatisSnapshotDirectory(151)) - SCM snapshot dir is not configured. Falling back to ozone.metadata.dirs config
2022-03-01 02:11:01,993 [Listener at 127.0.0.1/35817] INFO  ha.SequenceIdGenerator (SequenceIdGenerator.java:upgradeToSequenceId(347)) - upgrade localId to 109611004723200000
2022-03-01 02:11:01,994 [Listener at 127.0.0.1/35817] INFO  ha.SequenceIdGenerator (SequenceIdGenerator.java:upgradeToSequenceId(357)) - upgrade delTxnId to 0
2022-03-01 02:11:01,994 [Listener at 127.0.0.1/35817] INFO  ha.SequenceIdGenerator (SequenceIdGenerator.java:upgradeToSequenceId(371)) - upgrade containerId to 0
2022-03-01 02:11:01,994 [Listener at 127.0.0.1/35817] INFO  ha.SequenceIdGenerator (SequenceIdGenerator.java:<init>(218)) - Init the HA SequenceIdGenerator.
2022-03-01 02:11:01,994 [Listener at 127.0.0.1/35817] WARN  server.ServerUtils (ServerUtils.java:sanitizeUserArgs(73)) - ozone.scm.stale.node.interval value = 300000 is larger than max = 100000 based on the key value of ozone.scm.heartbeat.thread.interval, reset to the max value 100000.
2022-03-01 02:11:01,994 [Listener at 127.0.0.1/35817] WARN  server.ServerUtils (ServerUtils.java:sanitizeUserArgs(73)) - ozone.scm.stale.node.interval value = 300000 is larger than max = 100000 based on the key value of ozone.scm.heartbeat.thread.interval, reset to the max value 100000.
2022-03-01 02:11:02,004 [Listener at 127.0.0.1/35817] INFO  node.SCMNodeManager (SCMNodeManager.java:<init>(144)) - Entering startup safe mode.
2022-03-01 02:11:02,004 [Listener at 127.0.0.1/35817] INFO  algorithms.ContainerPlacementPolicyFactory (ContainerPlacementPolicyFactory.java:getPolicy(60)) - Create container placement policy of type org.apache.hadoop.hdds.scm.container.placement.algorithms.SCMContainerPlacementRandom
2022-03-01 02:11:02,005 [Listener at 127.0.0.1/35817] INFO  pipeline.PipelineStateManagerImpl (PipelineStateManagerImpl.java:initialize(78)) - No pipeline exists in current db
2022-03-01 02:11:02,005 [Listener at 127.0.0.1/35817] INFO  algorithms.LeaderChoosePolicyFactory (LeaderChoosePolicyFactory.java:getPolicy(57)) - Create leader choose policy of type org.apache.hadoop.hdds.scm.pipeline.leader.choose.algorithms.MinLeaderCountChoosePolicy
2022-03-01 02:11:02,005 [Listener at 127.0.0.1/35817] INFO  ha.SCMServiceManager (SCMServiceManager.java:register(42)) - Registering service BackgroundPipelineCreator.
2022-03-01 02:11:02,005 [Listener at 127.0.0.1/35817] INFO  pipeline.BackgroundPipelineCreator (BackgroundPipelineCreator.java:start(130)) - Starting RatisPipelineUtilsThread.
2022-03-01 02:11:02,008 [Listener at 127.0.0.1/35817] INFO  algorithms.PipelineChoosePolicyFactory (PipelineChoosePolicyFactory.java:createPipelineChoosePolicyFromClass(73)) - Create pipeline choose policy of type org.apache.hadoop.hdds.scm.pipeline.choose.algorithms.RandomPipelineChoosePolicy
2022-03-01 02:11:02,008 [Listener at 127.0.0.1/35817] INFO  ha.SCMServiceManager (SCMServiceManager.java:register(42)) - Registering service SCMBlockDeletingService.
2022-03-01 02:11:02,008 [Listener at 127.0.0.1/35817] INFO  ha.SCMServiceManager (SCMServiceManager.java:register(42)) - Registering service ReplicationManager.
2022-03-01 02:11:02,008 [Listener at 127.0.0.1/35817] INFO  container.ReplicationManager (ReplicationManager.java:start(326)) - Starting Replication Monitor Thread.
2022-03-01 02:11:02,019 [Listener at 127.0.0.1/35817] INFO  safemode.ContainerSafeModeRule (ContainerSafeModeRule.java:<init>(89)) - containers with one replica threshold count 0
2022-03-01 02:11:02,020 [Listener at 127.0.0.1/35817] INFO  safemode.HealthyPipelineSafeModeRule (HealthyPipelineSafeModeRule.java:initializeRule(156)) - Total pipeline count is 0, healthy pipeline threshold count is 1
2022-03-01 02:11:02,020 [Listener at 127.0.0.1/35817] INFO  safemode.OneReplicaPipelineSafeModeRule (OneReplicaPipelineSafeModeRule.java:initializeRule(180)) - Total pipeline count is 0, pipeline's with at least one datanode reported threshold count is 0
2022-03-01 02:11:02,028 [Listener at 127.0.0.1/35817] INFO  ipc.CallQueueManager (CallQueueManager.java:<init>(90)) - Using callQueue: class java.util.concurrent.LinkedBlockingQueue, queueCapacity: 2000, scheduler: class org.apache.hadoop.ipc.DefaultRpcScheduler, ipcBackoff: false.
2022-03-01 02:11:02,058 [Socket Reader #1 for port 0] INFO  ipc.Server (Server.java:run(1265)) - Starting Socket Reader #1 for port 0
2022-03-01 02:11:02,072 [Listener at 0.0.0.0/33623] INFO  ipc.CallQueueManager (CallQueueManager.java:<init>(90)) - Using callQueue: class java.util.concurrent.LinkedBlockingQueue, queueCapacity: 2000, scheduler: class org.apache.hadoop.ipc.DefaultRpcScheduler, ipcBackoff: false.
2022-03-01 02:11:02,080 [ReplicationMonitor] INFO  container.ReplicationManager (ReplicationManager.java:processAll(374)) - Replication Manager is not ready to run until 3000ms after safemode exit
2022-03-01 02:11:02,131 [Socket Reader #1 for port 0] INFO  ipc.Server (Server.java:run(1265)) - Starting Socket Reader #1 for port 0
2022-03-01 02:11:02,141 [Listener at 0.0.0.0/45853] INFO  ipc.CallQueueManager (CallQueueManager.java:<init>(90)) - Using callQueue: class java.util.concurrent.LinkedBlockingQueue, queueCapacity: 2000, scheduler: class org.apache.hadoop.ipc.DefaultRpcScheduler, ipcBackoff: false.
2022-03-01 02:11:02,147 [Socket Reader #1 for port 0] INFO  ipc.Server (Server.java:run(1265)) - Starting Socket Reader #1 for port 0
2022-03-01 02:11:02,253 [Listener at 0.0.0.0/39185] INFO  algorithms.ContainerPlacementPolicyFactory (ContainerPlacementPolicyFactory.java:getPolicy(60)) - Create container placement policy of type org.apache.hadoop.hdds.scm.container.placement.algorithms.SCMContainerPlacementRandom
2022-03-01 02:11:02,275 [Listener at 0.0.0.0/39185] INFO  server.StorageContainerManager (StorageContainerManager.java:<init>(392)) - 
Container Balancer status:
Key                            Value
Running                        false
Container Balancer Configuration values:
Key                                                Value
Threshold                                          10
Max Datanodes to Involve per Iteration(percent)    20
Max Size to Move per Iteration                     500GB
Max Size Entering Target per Iteration             26GB
Max Size Leaving Source per Iteration              26GB

2022-03-01 02:11:02,276 [Listener at 0.0.0.0/39185] WARN  events.EventQueue (EventQueue.java:fireEvent(194)) - No event handler registered for event TypedEvent{payloadType=SafeModeStatus, name='Safe mode status'}
2022-03-01 02:11:02,276 [Listener at 0.0.0.0/39185] INFO  ha.SCMContext (SCMContext.java:updateSafeModeStatus(211)) - Update SafeModeStatus from SafeModeStatus{safeModeStatus=true, preCheckPassed=false} to SafeModeStatus{safeModeStatus=true, preCheckPassed=false}.
2022-03-01 02:11:02,276 [Listener at 0.0.0.0/39185] INFO  server.StorageContainerManager (StorageContainerManager.java:start(1330)) - StorageContainerLocationProtocol RPC server is listening at /0.0.0.0:39185
2022-03-01 02:11:02,276 [Listener at 0.0.0.0/39185] INFO  ha.SCMRatisServerImpl (SCMRatisServerImpl.java:start(177)) - starting ratis server 0.0.0.0:9894
2022-03-01 02:11:02,276 [Listener at 0.0.0.0/39185] INFO  server.RaftServer$Division (RaftServerImpl.java:start(301)) - b3976475-de62-4592-ace4-90f82038b1e6@group-532F9FFBF4A1: start as a follower, conf=0: [b3976475-de62-4592-ace4-90f82038b1e6|rpc:fv-az294-952:9894|admin:|client:|dataStream:|priority:0], old=null
2022-03-01 02:11:02,277 [Listener at 0.0.0.0/39185] INFO  server.RaftServer$Division (RaftServerImpl.java:setRole(290)) - b3976475-de62-4592-ace4-90f82038b1e6@group-532F9FFBF4A1: changes role from      null to FOLLOWER at term 1 for startAsFollower
2022-03-01 02:11:02,277 [Listener at 0.0.0.0/39185] INFO  impl.RoleInfo (RoleInfo.java:updateAndGet(130)) - b3976475-de62-4592-ace4-90f82038b1e6: start b3976475-de62-4592-ace4-90f82038b1e6@group-532F9FFBF4A1-FollowerState
2022-03-01 02:11:02,287 [Listener at 0.0.0.0/39185] INFO  util.JmxRegister (JmxRegister.java:tryRegister(44)) - Successfully registered JMX Bean with object name Ratis:service=RaftServer,group=group-532F9FFBF4A1,id=b3976475-de62-4592-ace4-90f82038b1e6
2022-03-01 02:11:02,293 [Listener at 0.0.0.0/39185] INFO  server.RaftServer (RaftServerProxy.java:lambda$start$5(374)) - b3976475-de62-4592-ace4-90f82038b1e6: start RPC server
2022-03-01 02:11:02,303 [Listener at 0.0.0.0/39185] INFO  server.GrpcService (GrpcService.java:startImpl(253)) - b3976475-de62-4592-ace4-90f82038b1e6: GrpcService started, listening on 9894
2022-03-01 02:11:02,335 [Listener at 0.0.0.0/39185] INFO  ha.SCMHAManagerImpl (SCMHAManagerImpl.java:start(121)) -  scm role is FOLLOWER peers [b3976475-de62-4592-ace4-90f82038b1e6|rpc:fv-az294-952:9894|admin:|client:|dataStream:|priority:0]
2022-03-01 02:11:02,335 [org.apache.ratis.util.JvmPauseMonitor$$Lambda$421/1299661385@6554d9a] INFO  util.JvmPauseMonitor (JvmPauseMonitor.java:run(103)) - JvmPauseMonitor-b3976475-de62-4592-ace4-90f82038b1e6: Started
2022-03-01 02:11:02,335 [Listener at 0.0.0.0/39185] INFO  ha.InterSCMGrpcService (InterSCMGrpcProtocolService.java:start(94)) - Starting SCM Grpc Service at port 9895
2022-03-01 02:11:02,346 [Listener at 0.0.0.0/39185] WARN  impl.MetricsConfig (MetricsConfig.java:loadFirst(136)) - Cannot locate configuration: tried hadoop-metrics2-storagecontainermanager.properties,hadoop-metrics2.properties
2022-03-01 02:11:02,355 [Listener at 0.0.0.0/39185] INFO  impl.MetricsSystemImpl (MetricsSystemImpl.java:startTimer(378)) - Scheduled Metric snapshot period at 10 second(s).
2022-03-01 02:11:02,355 [Listener at 0.0.0.0/39185] INFO  impl.MetricsSystemImpl (MetricsSystemImpl.java:start(191)) - StorageContainerManager metrics system started
2022-03-01 02:11:02,407 [Listener at 0.0.0.0/39185] INFO  impl.MetricsSinkAdapter (MetricsSinkAdapter.java:start(204)) - Sink prometheus started
2022-03-01 02:11:02,407 [Listener at 0.0.0.0/39185] INFO  impl.MetricsSystemImpl (MetricsSystemImpl.java:registerSink(305)) - Registered sink prometheus
2022-03-01 02:11:02,495 [Listener at 0.0.0.0/39185] INFO  server.SCMClientProtocolServer (SCMClientProtocolServer.java:start(165)) - RPC server for Client  is listening at /0.0.0.0:39185
2022-03-01 02:11:02,511 [IPC Server Responder] INFO  ipc.Server (Server.java:run(1507)) - IPC Server Responder: starting
2022-03-01 02:11:02,558 [IPC Server listener on 0] INFO  ipc.Server (Server.java:run(1344)) - IPC Server listener on 0: starting
2022-03-01 02:11:02,694 [Listener at 0.0.0.0/39185] INFO  server.StorageContainerManager (StorageContainerManager.java:start(1345)) - ScmBlockLocationProtocol RPC server is listening at /0.0.0.0:45853
2022-03-01 02:11:02,694 [Listener at 0.0.0.0/39185] INFO  server.SCMBlockProtocolServer (SCMBlockProtocolServer.java:start(151)) - RPC server for Block Protocol is listening at /0.0.0.0:45853
2022-03-01 02:11:02,700 [IPC Server Responder] INFO  ipc.Server (Server.java:run(1507)) - IPC Server Responder: starting
2022-03-01 02:11:02,700 [IPC Server listener on 0] INFO  ipc.Server (Server.java:run(1344)) - IPC Server listener on 0: starting
2022-03-01 02:11:02,735 [org.apache.hadoop.util.JvmPauseMonitor$Monitor@5fc62453] INFO  util.JvmPauseMonitor (JvmPauseMonitor.java:run(188)) - Starting JVM pause monitor
2022-03-01 02:11:02,747 [Listener at 0.0.0.0/39185] INFO  http.BaseHttpServer (BaseHttpServer.java:newHttpServer2BuilderForOzone(209)) - Starting Web-server for scm at: http://0.0.0.0:0
2022-03-01 02:11:02,747 [Listener at 0.0.0.0/39185] INFO  http.BaseHttpServer (BaseHttpServer.java:<init>(107)) - Hadoop Security Enabled: false Ozone Security Enabled: false Ozone HTTP Security Enabled: false 
2022-03-01 02:11:02,749 [Listener at 0.0.0.0/39185] INFO  server.AuthenticationFilter (AuthenticationFilter.java:constructSecretProvider(240)) - Unable to initialize FileSignerSecretProvider, falling back to use random secrets.
2022-03-01 02:11:02,755 [Listener at 0.0.0.0/39185] WARN  http.HttpRequestLog (HttpRequestLog.java:getRequestLog(103)) - Jetty request log can only be enabled using Log4j
2022-03-01 02:11:02,772 [Listener at 0.0.0.0/39185] INFO  http.HttpServer2 (HttpServer2.java:addGlobalFilter(1030)) - Added global filter 'safety' (class=org.apache.hadoop.hdds.server.http.HttpServer2$QuotingInputFilter)
2022-03-01 02:11:02,772 [Listener at 0.0.0.0/39185] INFO  http.HttpServer2 (HttpServer2.java:addFilter(1006)) - Added filter static_user_filter (class=org.apache.hadoop.http.lib.StaticUserWebFilter$StaticUserFilter) to context scm
2022-03-01 02:11:02,773 [Listener at 0.0.0.0/39185] INFO  http.HttpServer2 (HttpServer2.java:addFilter(1014)) - Added filter static_user_filter (class=org.apache.hadoop.http.lib.StaticUserWebFilter$StaticUserFilter) to context logs
2022-03-01 02:11:02,773 [Listener at 0.0.0.0/39185] INFO  http.HttpServer2 (HttpServer2.java:addFilter(1014)) - Added filter static_user_filter (class=org.apache.hadoop.http.lib.StaticUserWebFilter$StaticUserFilter) to context static
2022-03-01 02:11:02,773 [Listener at 0.0.0.0/39185] INFO  http.HttpServer2 (HttpServer2.java:bindListener(1249)) - Jetty bound to port 42233
2022-03-01 02:11:02,773 [Listener at 0.0.0.0/39185] INFO  server.Server (Server.java:doStart(375)) - jetty-9.4.43.v20210629; built: 2021-06-30T11:07:22.254Z; git: 526006ecfa3af7f1a27ef3a288e2bef7ea9dd7e8; jvm 1.8.0_322-b06
2022-03-01 02:11:02,785 [Listener at 0.0.0.0/39185] INFO  server.session (DefaultSessionIdManager.java:doStart(334)) - DefaultSessionIdManager workerName=node0
2022-03-01 02:11:02,785 [Listener at 0.0.0.0/39185] INFO  server.session (DefaultSessionIdManager.java:doStart(339)) - No SessionScavenger set, using defaults
2022-03-01 02:11:02,785 [Listener at 0.0.0.0/39185] INFO  server.session (HouseKeeper.java:startScavenging(132)) - node0 Scavenging every 600000ms
2022-03-01 02:11:02,786 [Listener at 0.0.0.0/39185] INFO  handler.ContextHandler (ContextHandler.java:doStart(915)) - Started o.e.j.s.ServletContextHandler@2130eec1{logs,/logs,file:///home/runner/work/ozone/ozone/hadoop-ozone/integration-test/target/log,AVAILABLE}
2022-03-01 02:11:02,786 [Listener at 0.0.0.0/39185] INFO  handler.ContextHandler (ContextHandler.java:doStart(915)) - Started o.e.j.s.ServletContextHandler@2085c9bb{static,/static,file:///home/runner/work/ozone/ozone/hadoop-ozone/integration-test/target/test-classes/webapps/static,AVAILABLE}
2022-03-01 02:11:02,800 [Listener at 0.0.0.0/39185] INFO  handler.ContextHandler (ContextHandler.java:doStart(915)) - Started o.e.j.w.WebAppContext@22f6ff13{scm,/,file:///home/runner/work/ozone/ozone/hadoop-ozone/integration-test/target/test-classes/webapps/scm/,AVAILABLE}{file:/home/runner/work/ozone/ozone/hadoop-ozone/integration-test/target/test-classes/webapps/scm}
2022-03-01 02:11:02,802 [Listener at 0.0.0.0/39185] INFO  server.AbstractConnector (AbstractConnector.java:doStart(331)) - Started ServerConnector@576d8320{HTTP/1.1, (http/1.1)}{0.0.0.0:42233}
2022-03-01 02:11:02,804 [Listener at 0.0.0.0/39185] INFO  server.Server (Server.java:doStart(415)) - Started @283040ms
2022-03-01 02:11:02,804 [Listener at 0.0.0.0/39185] WARN  impl.MetricsSystemImpl (MetricsSystemImpl.java:register(279)) - Sink prometheus already exists!
2022-03-01 02:11:02,809 [Listener at 0.0.0.0/39185] INFO  http.BaseHttpServer (BaseHttpServer.java:updateConnectorAddress(329)) - HTTP server of scm listening at http://0.0.0.0:42233
2022-03-01 02:11:02,810 [Listener at 0.0.0.0/39185] WARN  server.ServerUtils (ServerUtils.java:getDBPath(225)) - ozone.om.db.dirs is not configured. We recommend adding this setting. Falling back to ozone.metadata.dirs instead.
2022-03-01 02:11:02,832 [Listener at 0.0.0.0/39185] INFO  ha.OMHANodeDetails (OMHANodeDetails.java:loadOMHAConfig(112)) - ozone.om.internal.service.id is not defined, falling back to ozone.om.service.ids to find serviceID for OzoneManager if it is HA enabled cluster
2022-03-01 02:11:02,832 [Listener at 0.0.0.0/39185] INFO  ha.OMHANodeDetails (OMHANodeDetails.java:loadOMHAConfig(218)) - Configuration does not have ozone.om.address set. Falling back to the default OM address /127.0.0.1:0
2022-03-01 02:11:02,832 [Listener at 0.0.0.0/39185] INFO  ha.OMHANodeDetails (OMHANodeDetails.java:getOMNodeDetailsForNonHA(246)) - OM Service ID is not set. Setting it to the default ID: omServiceIdDefault
2022-03-01 02:11:02,832 [Listener at 0.0.0.0/39185] INFO  ha.OMHANodeDetails (OMHANodeDetails.java:getOMNodeDetailsForNonHA(253)) - OM Node ID is not set. Setting it to the default ID: om1
2022-03-01 02:11:02,833 [Listener at 0.0.0.0/39185] WARN  server.ServerUtils (ServerUtils.java:getDBPath(225)) - ozone.om.db.dirs is not configured. We recommend adding this setting. Falling back to ozone.metadata.dirs instead.
2022-03-01 02:11:02,833 [Listener at 0.0.0.0/39185] INFO  upgrade.AbstractLayoutVersionManager (AbstractLayoutVersionManager.java:init(79)) - Initializing Layout version manager with metadata layout = INITIAL_VERSION (version = 0), software layout = INITIAL_VERSION (version = 0)
2022-03-01 02:11:03,076 [Listener at 0.0.0.0/39185] INFO  reflections.Reflections (Reflections.java:scan(232)) - Reflections took 242 ms to scan 2 urls, producing 134 keys and 349 values [using 2 cores]
2022-03-01 02:11:03,077 [Listener at 0.0.0.0/39185] INFO  upgrade.OMLayoutVersionManager (OMLayoutVersionManager.java:lambda$0(115)) - Skipping Upgrade Action MockOmUpgradeAction since it has been finalized.
2022-03-01 02:11:03,077 [Listener at 0.0.0.0/39185] WARN  server.ServerUtils (ServerUtils.java:getDBPath(225)) - ozone.om.db.dirs is not configured. We recommend adding this setting. Falling back to ozone.metadata.dirs instead.
2022-03-01 02:11:05,132 [Listener at 0.0.0.0/39185] INFO  retry.RetryInvocationHandler (RetryInvocationHandler.java:log(411)) - com.google.protobuf.ServiceException: org.apache.hadoop.ipc.RemoteException(org.apache.hadoop.hdds.ratis.ServerNotLeaderException): Server:b3976475-de62-4592-ace4-90f82038b1e6 is not the leader. Could not determine the leader node.
	at org.apache.hadoop.hdds.ratis.ServerNotLeaderException.convertToNotLeaderException(ServerNotLeaderException.java:109)
	at org.apache.hadoop.hdds.scm.ha.RatisUtil.checkRatisException(RatisUtil.java:246)
	at org.apache.hadoop.hdds.scm.protocol.ScmBlockLocationProtocolServerSideTranslatorPB.send(ScmBlockLocationProtocolServerSideTranslatorPB.java:108)
	at org.apache.hadoop.hdds.protocol.proto.ScmBlockLocationProtocolProtos$ScmBlockLocationProtocolService$2.callBlockingMethod(ScmBlockLocationProtocolProtos.java:13937)
	at org.apache.hadoop.ipc.ProtobufRpcEngine$Server.processCall(ProtobufRpcEngine.java:466)
	at org.apache.hadoop.ipc.ProtobufRpcEngine2$Server$ProtoBufRpcInvoker.call(ProtobufRpcEngine2.java:574)
	at org.apache.hadoop.ipc.ProtobufRpcEngine2$Server$ProtoBufRpcInvoker.call(ProtobufRpcEngine2.java:552)
	at org.apache.hadoop.ipc.RPC$Server.call(RPC.java:1093)
	at org.apache.hadoop.ipc.Server$RpcCall.run(Server.java:1035)
	at org.apache.hadoop.ipc.Server$RpcCall.run(Server.java:963)
	at java.security.AccessController.doPrivileged(Native Method)
	at javax.security.auth.Subject.doAs(Subject.java:422)
	at org.apache.hadoop.security.UserGroupInformation.doAs(UserGroupInformation.java:1878)
	at org.apache.hadoop.ipc.Server$Handler.run(Server.java:2966)
, while invoking $Proxy46.send over nodeId=scmNodeId,nodeAddress=/0.0.0.0:45853 after 1 failover attempts. Trying to failover after sleeping for 2000ms.
2022-03-01 02:11:07,139 [Listener at 0.0.0.0/39185] INFO  retry.RetryInvocationHandler (RetryInvocationHandler.java:log(411)) - com.google.protobuf.ServiceException: org.apache.hadoop.ipc.RemoteException(org.apache.hadoop.hdds.ratis.ServerNotLeaderException): Server:b3976475-de62-4592-ace4-90f82038b1e6 is not the leader. Could not determine the leader node.
	at org.apache.hadoop.hdds.ratis.ServerNotLeaderException.convertToNotLeaderException(ServerNotLeaderException.java:109)
	at org.apache.hadoop.hdds.scm.ha.RatisUtil.checkRatisException(RatisUtil.java:246)
	at org.apache.hadoop.hdds.scm.protocol.ScmBlockLocationProtocolServerSideTranslatorPB.send(ScmBlockLocationProtocolServerSideTranslatorPB.java:108)
	at org.apache.hadoop.hdds.protocol.proto.ScmBlockLocationProtocolProtos$ScmBlockLocationProtocolService$2.callBlockingMethod(ScmBlockLocationProtocolProtos.java:13937)
	at org.apache.hadoop.ipc.ProtobufRpcEngine$Server.processCall(ProtobufRpcEngine.java:466)
	at org.apache.hadoop.ipc.ProtobufRpcEngine2$Server$ProtoBufRpcInvoker.call(ProtobufRpcEngine2.java:574)
	at org.apache.hadoop.ipc.ProtobufRpcEngine2$Server$ProtoBufRpcInvoker.call(ProtobufRpcEngine2.java:552)
	at org.apache.hadoop.ipc.RPC$Server.call(RPC.java:1093)
	at org.apache.hadoop.ipc.Server$RpcCall.run(Server.java:1035)
	at org.apache.hadoop.ipc.Server$RpcCall.run(Server.java:963)
	at java.security.AccessController.doPrivileged(Native Method)
	at javax.security.auth.Subject.doAs(Subject.java:422)
	at org.apache.hadoop.security.UserGroupInformation.doAs(UserGroupInformation.java:1878)
	at org.apache.hadoop.ipc.Server$Handler.run(Server.java:2966)
, while invoking $Proxy46.send over nodeId=scmNodeId,nodeAddress=/0.0.0.0:45853 after 2 failover attempts. Trying to failover after sleeping for 2000ms.
2022-03-01 02:11:07,434 [b3976475-de62-4592-ace4-90f82038b1e6@group-532F9FFBF4A1-FollowerState] INFO  impl.FollowerState (FollowerState.java:run(134)) - b3976475-de62-4592-ace4-90f82038b1e6@group-532F9FFBF4A1-FollowerState: change to CANDIDATE, lastRpcElapsedTime:5157569531ns, electionTimeout:5146ms
2022-03-01 02:11:07,435 [b3976475-de62-4592-ace4-90f82038b1e6@group-532F9FFBF4A1-FollowerState] INFO  impl.RoleInfo (RoleInfo.java:shutdownFollowerState(108)) - b3976475-de62-4592-ace4-90f82038b1e6: shutdown b3976475-de62-4592-ace4-90f82038b1e6@group-532F9FFBF4A1-FollowerState
2022-03-01 02:11:07,435 [b3976475-de62-4592-ace4-90f82038b1e6@group-532F9FFBF4A1-FollowerState] INFO  server.RaftServer$Division (RaftServerImpl.java:setRole(290)) - b3976475-de62-4592-ace4-90f82038b1e6@group-532F9FFBF4A1: changes role from  FOLLOWER to CANDIDATE at term 1 for changeToCandidate
2022-03-01 02:11:07,435 [b3976475-de62-4592-ace4-90f82038b1e6@group-532F9FFBF4A1-FollowerState] INFO  server.RaftServerConfigKeys (ConfUtils.java:logGet(44)) - raft.server.leaderelection.pre-vote = false (custom)
2022-03-01 02:11:07,435 [b3976475-de62-4592-ace4-90f82038b1e6@group-532F9FFBF4A1-FollowerState] INFO  impl.RoleInfo (RoleInfo.java:updateAndGet(130)) - b3976475-de62-4592-ace4-90f82038b1e6: start b3976475-de62-4592-ace4-90f82038b1e6@group-532F9FFBF4A1-LeaderElection73
2022-03-01 02:11:07,492 [b3976475-de62-4592-ace4-90f82038b1e6@group-532F9FFBF4A1-LeaderElection73] INFO  impl.LeaderElection (LeaderElection.java:askForVotes(306)) - b3976475-de62-4592-ace4-90f82038b1e6@group-532F9FFBF4A1-LeaderElection73 ELECTION round 0: submit vote requests at term 2 for 0: [b3976475-de62-4592-ace4-90f82038b1e6|rpc:fv-az294-952:9894|admin:|client:|dataStream:|priority:0], old=null
2022-03-01 02:11:07,492 [b3976475-de62-4592-ace4-90f82038b1e6@group-532F9FFBF4A1-LeaderElection73] INFO  impl.LeaderElection (LeaderElection.java:askForVotes(308)) - b3976475-de62-4592-ace4-90f82038b1e6@group-532F9FFBF4A1-LeaderElection73 ELECTION round 0: result PASSED (term=2)
2022-03-01 02:11:07,492 [b3976475-de62-4592-ace4-90f82038b1e6@group-532F9FFBF4A1-LeaderElection73] INFO  impl.RoleInfo (RoleInfo.java:shutdownLeaderElection(121)) - b3976475-de62-4592-ace4-90f82038b1e6: shutdown b3976475-de62-4592-ace4-90f82038b1e6@group-532F9FFBF4A1-LeaderElection73
2022-03-01 02:11:07,492 [b3976475-de62-4592-ace4-90f82038b1e6@group-532F9FFBF4A1-LeaderElection73] INFO  server.RaftServer$Division (RaftServerImpl.java:setRole(290)) - b3976475-de62-4592-ace4-90f82038b1e6@group-532F9FFBF4A1: changes role from CANDIDATE to LEADER at term 2 for changeToLeader
2022-03-01 02:11:07,492 [b3976475-de62-4592-ace4-90f82038b1e6@group-532F9FFBF4A1-LeaderElection73] INFO  ha.SCMStateMachine (SCMStateMachine.java:notifyLeaderChanged(259)) - current SCM becomes leader of term 2.
2022-03-01 02:11:07,492 [b3976475-de62-4592-ace4-90f82038b1e6@group-532F9FFBF4A1-LeaderElection73] INFO  ha.SCMContext (SCMContext.java:updateLeaderAndTerm(90)) - update <isLeader,term> from <false,0> to <true,2>
2022-03-01 02:11:07,492 [b3976475-de62-4592-ace4-90f82038b1e6@group-532F9FFBF4A1-LeaderElection73] INFO  server.RaftServer$Division (ServerState.java:setLeader(285)) - b3976475-de62-4592-ace4-90f82038b1e6@group-532F9FFBF4A1: change Leader from null to b3976475-de62-4592-ace4-90f82038b1e6 at term 2 for becomeLeader, leader elected after 5516ms
2022-03-01 02:11:07,492 [b3976475-de62-4592-ace4-90f82038b1e6@group-532F9FFBF4A1-LeaderElection73] INFO  server.RaftServerConfigKeys (ConfUtils.java:logGet(44)) - raft.server.staging.catchup.gap = 1000 (default)
2022-03-01 02:11:07,492 [b3976475-de62-4592-ace4-90f82038b1e6@group-532F9FFBF4A1-LeaderElection73] INFO  server.RaftServerConfigKeys (ConfUtils.java:logGet(44)) - raft.server.write.element-limit = 4096 (default)
2022-03-01 02:11:07,492 [b3976475-de62-4592-ace4-90f82038b1e6@group-532F9FFBF4A1-LeaderElection73] INFO  server.RaftServerConfigKeys (ConfUtils.java:logGet(44)) - raft.server.write.byte-limit = 64MB (=67108864) (default)
2022-03-01 02:11:07,493 [b3976475-de62-4592-ace4-90f82038b1e6@group-532F9FFBF4A1-LeaderElection73] INFO  server.RaftServerConfigKeys (ConfUtils.java:logGet(44)) - raft.server.watch.timeout = 10s (default)
2022-03-01 02:11:07,493 [b3976475-de62-4592-ace4-90f82038b1e6@group-532F9FFBF4A1-LeaderElection73] INFO  server.RaftServerConfigKeys (ConfUtils.java:logGet(44)) - raft.server.watch.timeout.denomination = 1s (default)
2022-03-01 02:11:07,493 [b3976475-de62-4592-ace4-90f82038b1e6@group-532F9FFBF4A1-LeaderElection73] INFO  server.RaftServerConfigKeys (ConfUtils.java:logGet(44)) - raft.server.watch.element-limit = 65536 (default)
2022-03-01 02:11:07,493 [b3976475-de62-4592-ace4-90f82038b1e6@group-532F9FFBF4A1-LeaderElection73] INFO  server.RaftServerConfigKeys (ConfUtils.java:logGet(44)) - raft.server.write.element-limit = 4096 (default)
2022-03-01 02:11:07,493 [b3976475-de62-4592-ace4-90f82038b1e6@group-532F9FFBF4A1-LeaderElection73] INFO  server.RaftServerConfigKeys (ConfUtils.java:logGet(44)) - raft.server.write.follower.gap.ratio.max = -1.0 (default)
2022-03-01 02:11:07,493 [b3976475-de62-4592-ace4-90f82038b1e6@group-532F9FFBF4A1-LeaderElection73] INFO  impl.RoleInfo (RoleInfo.java:updateAndGet(130)) - b3976475-de62-4592-ace4-90f82038b1e6: start b3976475-de62-4592-ace4-90f82038b1e6@group-532F9FFBF4A1-LeaderStateImpl
2022-03-01 02:11:07,493 [b3976475-de62-4592-ace4-90f82038b1e6@group-532F9FFBF4A1-LeaderElection73] INFO  segmented.SegmentedRaftLogWorker (SegmentedRaftLogWorker.java:rollLogSegment(399)) - b3976475-de62-4592-ace4-90f82038b1e6@group-532F9FFBF4A1-SegmentedRaftLogWorker: Rolling segment log-0_0 to index:0
2022-03-01 02:11:07,520 [b3976475-de62-4592-ace4-90f82038b1e6@group-532F9FFBF4A1-SegmentedRaftLogWorker] INFO  segmented.SegmentedRaftLogWorker (SegmentedRaftLogWorker.java:execute(558)) - b3976475-de62-4592-ace4-90f82038b1e6@group-532F9FFBF4A1-SegmentedRaftLogWorker: Rolled log segment from /home/runner/work/ozone/ozone/hadoop-ozone/integration-test/target/test-dir/MiniOzoneClusterImpl-205f3ae4-9c2f-49b9-89f9-532f9ffbf4a1/ozone-meta/scm-ha/205f3ae4-9c2f-49b9-89f9-532f9ffbf4a1/current/log_inprogress_0 to /home/runner/work/ozone/ozone/hadoop-ozone/integration-test/target/test-dir/MiniOzoneClusterImpl-205f3ae4-9c2f-49b9-89f9-532f9ffbf4a1/ozone-meta/scm-ha/205f3ae4-9c2f-49b9-89f9-532f9ffbf4a1/current/log_0-0
2022-03-01 02:11:07,520 [b3976475-de62-4592-ace4-90f82038b1e6@group-532F9FFBF4A1-LeaderElection73] INFO  server.RaftServer$Division (ServerState.java:setRaftConf(387)) - b3976475-de62-4592-ace4-90f82038b1e6@group-532F9FFBF4A1: set configuration 1: [b3976475-de62-4592-ace4-90f82038b1e6|rpc:fv-az294-952:9894|admin:|client:|dataStream:|priority:0], old=null
2022-03-01 02:11:07,539 [b3976475-de62-4592-ace4-90f82038b1e6@group-532F9FFBF4A1-SegmentedRaftLogWorker] INFO  segmented.SegmentedRaftLogWorker (SegmentedRaftLogWorker.java:execute(601)) - b3976475-de62-4592-ace4-90f82038b1e6@group-532F9FFBF4A1-SegmentedRaftLogWorker: created new log segment /home/runner/work/ozone/ozone/hadoop-ozone/integration-test/target/test-dir/MiniOzoneClusterImpl-205f3ae4-9c2f-49b9-89f9-532f9ffbf4a1/ozone-meta/scm-ha/205f3ae4-9c2f-49b9-89f9-532f9ffbf4a1/current/log_inprogress_1
2022-03-01 02:11:07,541 [b3976475-de62-4592-ace4-90f82038b1e6@group-532F9FFBF4A1-StateMachineUpdater] INFO  ha.SCMContext (SCMContext.java:setLeaderReady(117)) - update <isLeaderReady> from <false> to <true>
2022-03-01 02:11:07,547 [b3976475-de62-4592-ace4-90f82038b1e6@group-532F9FFBF4A1-StateMachineUpdater] INFO  pipeline.BackgroundPipelineCreator (BackgroundPipelineCreator.java:notifyStatusChanged(264)) - Service BackgroundPipelineCreator transitions to RUNNING.
2022-03-01 02:11:07,548 [b3976475-de62-4592-ace4-90f82038b1e6@group-532F9FFBF4A1-StateMachineUpdater] INFO  safemode.HealthyPipelineSafeModeRule (HealthyPipelineSafeModeRule.java:initializeRule(152)) - Refreshed total pipeline count is 0, healthy pipeline threshold count is 1
2022-03-01 02:11:07,548 [b3976475-de62-4592-ace4-90f82038b1e6@group-532F9FFBF4A1-StateMachineUpdater] INFO  safemode.ContainerSafeModeRule (ContainerSafeModeRule.java:reInitializeRule(177)) - Refreshed one replica container threshold 0, currentThreshold 0
2022-03-01 02:11:07,548 [b3976475-de62-4592-ace4-90f82038b1e6@group-532F9FFBF4A1-StateMachineUpdater] INFO  safemode.OneReplicaPipelineSafeModeRule (OneReplicaPipelineSafeModeRule.java:initializeRule(176)) - Refreshed Total pipeline count is 0, pipeline's with at least one datanode reported threshold count is 0
2022-03-01 02:11:07,548 [b3976475-de62-4592-ace4-90f82038b1e6@group-532F9FFBF4A1-StateMachineUpdater] INFO  server.SCMDatanodeProtocolServer (SCMDatanodeProtocolServer.java:start(181)) - ScmDatanodeProtocol RPC server for DataNodes is listening at /0.0.0.0:33623
2022-03-01 02:11:07,571 [IPC Server listener on 0] INFO  ipc.Server (Server.java:run(1344)) - IPC Server listener on 0: starting
2022-03-01 02:11:07,579 [IPC Server Responder] INFO  ipc.Server (Server.java:run(1507)) - IPC Server Responder: starting
2022-03-01 02:11:09,140 [Listener at 0.0.0.0/39185] WARN  server.ServerUtils (ServerUtils.java:getDBPath(225)) - ozone.om.db.dirs is not configured. We recommend adding this setting. Falling back to ozone.metadata.dirs instead.
2022-03-01 02:11:09,141 [Listener at 0.0.0.0/39185] INFO  codec.OmKeyInfoCodec (OmKeyInfoCodec.java:<init>(50)) - OmKeyInfoCodec ignorePipeline = true
2022-03-01 02:11:09,141 [Listener at 0.0.0.0/39185] INFO  codec.RepeatedOmKeyInfoCodec (RepeatedOmKeyInfoCodec.java:<init>(42)) - RepeatedOmKeyInfoCodec ignorePipeline = true
2022-03-01 02:11:09,717 [Listener at 0.0.0.0/39185] INFO  om.OzoneManager (OzoneManager.java:addS3GVolumeToDB(3732)) - Created Volume s3v With Owner runner required for S3Gateway operations.
2022-03-01 02:11:09,735 [Listener at 0.0.0.0/39185] INFO  ipc.CallQueueManager (CallQueueManager.java:<init>(90)) - Using callQueue: class java.util.concurrent.LinkedBlockingQueue, queueCapacity: 2000, scheduler: class org.apache.hadoop.ipc.DefaultRpcScheduler, ipcBackoff: false.
2022-03-01 02:11:09,736 [Socket Reader #1 for port 0] INFO  ipc.Server (Server.java:run(1265)) - Starting Socket Reader #1 for port 0
2022-03-01 02:11:09,831 [Listener at 127.0.0.1/39539] INFO  impl.MetricsSystemImpl (MetricsSystemImpl.java:init(158)) - OzoneManager metrics system started (again)
2022-03-01 02:11:09,901 [Listener at 127.0.0.1/39539] INFO  om.OzoneManager (OzoneManager.java:start(1365)) - OzoneManager RPC server is listening at localhost/127.0.0.1:39539
2022-03-01 02:11:09,901 [Listener at 127.0.0.1/39539] INFO  om.OzoneManager (OzoneManager.java:start(1381)) - Version File has different layout version (0) than OM DB (null). That is expected if this OM has never been finalized to a newer layout version.
2022-03-01 02:11:09,905 [Listener at 127.0.0.1/39539] INFO  http.BaseHttpServer (BaseHttpServer.java:newHttpServer2BuilderForOzone(209)) - Starting Web-server for ozoneManager at: http://0.0.0.0:0
2022-03-01 02:11:09,905 [Listener at 127.0.0.1/39539] INFO  http.BaseHttpServer (BaseHttpServer.java:<init>(107)) - Hadoop Security Enabled: false Ozone Security Enabled: false Ozone HTTP Security Enabled: false 
2022-03-01 02:11:09,906 [Listener at 127.0.0.1/39539] INFO  server.AuthenticationFilter (AuthenticationFilter.java:constructSecretProvider(240)) - Unable to initialize FileSignerSecretProvider, falling back to use random secrets.
2022-03-01 02:11:09,910 [Listener at 127.0.0.1/39539] WARN  http.HttpRequestLog (HttpRequestLog.java:getRequestLog(103)) - Jetty request log can only be enabled using Log4j
2022-03-01 02:11:09,911 [Listener at 127.0.0.1/39539] INFO  http.HttpServer2 (HttpServer2.java:addGlobalFilter(1030)) - Added global filter 'safety' (class=org.apache.hadoop.hdds.server.http.HttpServer2$QuotingInputFilter)
2022-03-01 02:11:09,912 [Listener at 127.0.0.1/39539] INFO  http.HttpServer2 (HttpServer2.java:addFilter(1006)) - Added filter static_user_filter (class=org.apache.hadoop.http.lib.StaticUserWebFilter$StaticUserFilter) to context ozoneManager
2022-03-01 02:11:09,912 [Listener at 127.0.0.1/39539] INFO  http.HttpServer2 (HttpServer2.java:addFilter(1014)) - Added filter static_user_filter (class=org.apache.hadoop.http.lib.StaticUserWebFilter$StaticUserFilter) to context logs
2022-03-01 02:11:09,912 [Listener at 127.0.0.1/39539] INFO  http.HttpServer2 (HttpServer2.java:addFilter(1014)) - Added filter static_user_filter (class=org.apache.hadoop.http.lib.StaticUserWebFilter$StaticUserFilter) to context static
2022-03-01 02:11:09,912 [Listener at 127.0.0.1/39539] INFO  http.HttpServer2 (HttpServer2.java:bindListener(1249)) - Jetty bound to port 43481
2022-03-01 02:11:09,913 [Listener at 127.0.0.1/39539] INFO  server.Server (Server.java:doStart(375)) - jetty-9.4.43.v20210629; built: 2021-06-30T11:07:22.254Z; git: 526006ecfa3af7f1a27ef3a288e2bef7ea9dd7e8; jvm 1.8.0_322-b06
2022-03-01 02:11:09,917 [Listener at 127.0.0.1/39539] INFO  server.session (DefaultSessionIdManager.java:doStart(334)) - DefaultSessionIdManager workerName=node0
2022-03-01 02:11:09,918 [Listener at 127.0.0.1/39539] INFO  server.session (DefaultSessionIdManager.java:doStart(339)) - No SessionScavenger set, using defaults
2022-03-01 02:11:09,918 [Listener at 127.0.0.1/39539] INFO  server.session (HouseKeeper.java:startScavenging(132)) - node0 Scavenging every 660000ms
2022-03-01 02:11:09,931 [Listener at 127.0.0.1/39539] INFO  handler.ContextHandler (ContextHandler.java:doStart(915)) - Started o.e.j.s.ServletContextHandler@e5a570{logs,/logs,file:///home/runner/work/ozone/ozone/hadoop-ozone/integration-test/target/log,AVAILABLE}
2022-03-01 02:11:09,932 [Listener at 127.0.0.1/39539] INFO  handler.ContextHandler (ContextHandler.java:doStart(915)) - Started o.e.j.s.ServletContextHandler@1c77f2fb{static,/static,file:///home/runner/work/ozone/ozone/hadoop-ozone/integration-test/target/test-classes/webapps/static,AVAILABLE}
2022-03-01 02:11:09,935 [Listener at 127.0.0.1/39539] INFO  handler.ContextHandler (ContextHandler.java:doStart(915)) - Started o.e.j.w.WebAppContext@2b874d46{ozoneManager,/,file:///home/runner/work/ozone/ozone/hadoop-ozone/integration-test/target/test-classes/webapps/ozoneManager/,AVAILABLE}{file:/home/runner/work/ozone/ozone/hadoop-ozone/integration-test/target/test-classes/webapps/ozoneManager}
2022-03-01 02:11:09,955 [Listener at 127.0.0.1/39539] INFO  server.AbstractConnector (AbstractConnector.java:doStart(331)) - Started ServerConnector@2ddc896a{HTTP/1.1, (http/1.1)}{0.0.0.0:43481}
2022-03-01 02:11:09,956 [Listener at 127.0.0.1/39539] INFO  server.Server (Server.java:doStart(415)) - Started @290192ms
2022-03-01 02:11:09,956 [Listener at 127.0.0.1/39539] WARN  impl.MetricsSystemImpl (MetricsSystemImpl.java:register(279)) - Sink prometheus already exists!
2022-03-01 02:11:09,957 [Listener at 127.0.0.1/39539] INFO  http.BaseHttpServer (BaseHttpServer.java:updateConnectorAddress(329)) - HTTP server of ozoneManager listening at http://0.0.0.0:43481
2022-03-01 02:11:09,975 [IPC Server Responder] INFO  ipc.Server (Server.java:run(1507)) - IPC Server Responder: starting
2022-03-01 02:11:10,007 [IPC Server listener on 0] INFO  ipc.Server (Server.java:run(1344)) - IPC Server listener on 0: starting
2022-03-01 02:11:10,066 [Listener at 127.0.0.1/39539] INFO  om.TrashPolicyOzone (TrashPolicyOzone.java:<init>(178)) - Ozone Manager trash configuration: Deletion interval = 0 minutes, Emptier interval = 0 minutes.
2022-03-01 02:11:10,113 [org.apache.hadoop.util.JvmPauseMonitor$Monitor@46822ffd] INFO  util.JvmPauseMonitor (JvmPauseMonitor.java:run(188)) - Starting JVM pause monitor
2022-03-01 02:11:10,123 [Listener at 127.0.0.1/39539] WARN  impl.MetricRegistriesImpl (MetricRegistriesImpl.java:addReporterRegistration(111)) - New reporters are added after registries were created. Some metrics will be missing from the reporter. Please add reporter before adding any new registry.
2022-03-01 02:11:10,123 [Listener at 127.0.0.1/39539] WARN  impl.MetricRegistriesImpl (MetricRegistriesImpl.java:addReporterRegistration(111)) - New reporters are added after registries were created. Some metrics will be missing from the reporter. Please add reporter before adding any new registry.
2022-03-01 02:11:10,123 [Listener at 127.0.0.1/39539] INFO  impl.MetricsSystemImpl (MetricsSystemImpl.java:init(158)) - HddsDatanode metrics system started (again)
2022-03-01 02:11:10,165 [Listener at 127.0.0.1/39539] INFO  ozone.HddsDatanodeService (HddsDatanodeService.java:start(233)) - HddsDatanodeService host:fv-az294-952.eaanfquahm5ulb5tj050gcxych.jx.internal.cloudapp.net ip:10.1.0.9
2022-03-01 02:11:10,206 [Listener at 127.0.0.1/39539] INFO  upgrade.AbstractLayoutVersionManager (AbstractLayoutVersionManager.java:init(79)) - Initializing Layout version manager with metadata layout = SCM_HA (version = 2), software layout = SCM_HA (version = 2)
2022-03-01 02:11:10,265 [Listener at 127.0.0.1/39539] INFO  reflections.Reflections (Reflections.java:scan(232)) - Reflections took 57 ms to scan 7 urls, producing 122 keys and 286 values 
2022-03-01 02:11:10,266 [Listener at 127.0.0.1/39539] INFO  statemachine.DatanodeStateMachine (DatanodeStateMachine.java:getEndPointTaskThreadPoolSize(222)) - Datanode State Machine Task Thread Pool size 2
2022-03-01 02:11:10,276 [Listener at 127.0.0.1/39539] INFO  volume.HddsVolume (HddsVolume.java:<init>(120)) - Creating HddsVolume: /home/runner/work/ozone/ozone/hadoop-ozone/integration-test/target/test-dir/MiniOzoneClusterImpl-205f3ae4-9c2f-49b9-89f9-532f9ffbf4a1/datanode-0/data-0/containers/hdds of storage type : DISK capacity : 9223372036854775807
2022-03-01 02:11:10,276 [Listener at 127.0.0.1/39539] INFO  volume.MutableVolumeSet (MutableVolumeSet.java:initializeVolumeSet(168)) - Added Volume : /home/runner/work/ozone/ozone/hadoop-ozone/integration-test/target/test-dir/MiniOzoneClusterImpl-205f3ae4-9c2f-49b9-89f9-532f9ffbf4a1/datanode-0/data-0/containers/hdds to VolumeSet
2022-03-01 02:11:10,276 [Listener at 127.0.0.1/39539] INFO  volume.ThrottledAsyncChecker (ThrottledAsyncChecker.java:schedule(141)) - Scheduling a check for /home/runner/work/ozone/ozone/hadoop-ozone/integration-test/target/test-dir/MiniOzoneClusterImpl-205f3ae4-9c2f-49b9-89f9-532f9ffbf4a1/datanode-0/data-0/containers/hdds
2022-03-01 02:11:10,290 [Listener at 127.0.0.1/39539] INFO  volume.StorageVolumeChecker (StorageVolumeChecker.java:checkAllVolumes(202)) - Scheduled health check for volume /home/runner/work/ozone/ozone/hadoop-ozone/integration-test/target/test-dir/MiniOzoneClusterImpl-205f3ae4-9c2f-49b9-89f9-532f9ffbf4a1/datanode-0/data-0/containers/hdds
2022-03-01 02:11:10,352 [Listener at 127.0.0.1/39539] INFO  volume.MutableVolumeSet (MutableVolumeSet.java:initializeVolumeSet(168)) - Added Volume : /home/runner/work/ozone/ozone/hadoop-ozone/integration-test/target/test-dir/MiniOzoneClusterImpl-205f3ae4-9c2f-49b9-89f9-532f9ffbf4a1/datanode-0/data/ratis to VolumeSet
2022-03-01 02:11:10,352 [Listener at 127.0.0.1/39539] INFO  volume.ThrottledAsyncChecker (ThrottledAsyncChecker.java:schedule(141)) - Scheduling a check for /home/runner/work/ozone/ozone/hadoop-ozone/integration-test/target/test-dir/MiniOzoneClusterImpl-205f3ae4-9c2f-49b9-89f9-532f9ffbf4a1/datanode-0/data/ratis
2022-03-01 02:11:10,352 [Listener at 127.0.0.1/39539] INFO  volume.StorageVolumeChecker (StorageVolumeChecker.java:checkAllVolumes(202)) - Scheduled health check for volume /home/runner/work/ozone/ozone/hadoop-ozone/integration-test/target/test-dir/MiniOzoneClusterImpl-205f3ae4-9c2f-49b9-89f9-532f9ffbf4a1/datanode-0/data/ratis
2022-03-01 02:11:10,399 [Thread-1758] INFO  ozoneimpl.ContainerReader (ContainerReader.java:readVolume(172)) - Finish verifying containers on volume /home/runner/work/ozone/ozone/hadoop-ozone/integration-test/target/test-dir/MiniOzoneClusterImpl-205f3ae4-9c2f-49b9-89f9-532f9ffbf4a1/datanode-0/data-0/containers/hdds
2022-03-01 02:11:10,400 [Listener at 127.0.0.1/39539] INFO  ozoneimpl.OzoneContainer (OzoneContainer.java:buildContainerSet(257)) - Build ContainerSet costs 0s
2022-03-01 02:11:10,402 [Listener at 127.0.0.1/39539] INFO  server.RaftServer (ConfUtils.java:logGet(44)) - raft.rpc.type = GRPC (default)
2022-03-01 02:11:10,402 [Listener at 127.0.0.1/39539] INFO  grpc.GrpcFactory (GrpcFactory.java:checkPooledByteBufAllocatorUseCacheForAllThreads(48)) - PERFORMANCE WARNING: useCacheForAllThreads is true that may cause Netty to create a lot garbage objects and, as a result, trigger GC.
	It is recommended to disable useCacheForAllThreads by setting -Dorg.apache.ratis.thirdparty.io.netty.allocator.useCacheForAllThreads=false in command line.
2022-03-01 02:11:10,402 [Listener at 127.0.0.1/39539] INFO  grpc.GrpcConfigKeys (ConfUtils.java:logGet(44)) - raft.grpc.admin.port = 0 (custom)
2022-03-01 02:11:10,402 [Listener at 127.0.0.1/39539] INFO  grpc.GrpcConfigKeys (ConfUtils.java:logGet(44)) - raft.grpc.client.port = 0 (custom)
2022-03-01 02:11:10,402 [Listener at 127.0.0.1/39539] INFO  grpc.GrpcConfigKeys (ConfUtils.java:logGet(44)) - raft.grpc.server.port = 0 (default)
2022-03-01 02:11:10,402 [Listener at 127.0.0.1/39539] INFO  server.GrpcService (ConfUtils.java:logGet(44)) - raft.grpc.message.size.max = 32MB (=33554432) (custom)
2022-03-01 02:11:10,402 [Listener at 127.0.0.1/39539] INFO  server.RaftServerConfigKeys (ConfUtils.java:logGet(44)) - raft.server.log.appender.buffer.byte-limit = 33554432 (custom)
2022-03-01 02:11:10,403 [Listener at 127.0.0.1/39539] INFO  server.GrpcService (ConfUtils.java:logGet(44)) - raft.grpc.flow.control.window = 5MB (=5242880) (custom)
2022-03-01 02:11:10,403 [Listener at 127.0.0.1/39539] INFO  server.RaftServerConfigKeys (ConfUtils.java:logGet(44)) - raft.server.rpc.request.timeout = 60s (custom)
2022-03-01 02:11:10,404 [Listener at 127.0.0.1/39539] INFO  impl.DataStreamServerImpl (ConfUtils.java:logGet(44)) - raft.datastream.type = DISABLED (default)
2022-03-01 02:11:10,407 [Listener at 127.0.0.1/39539] INFO  server.RaftServerConfigKeys (ConfUtils.java:logGet(44)) - raft.server.rpc.slowness.timeout = 300s (custom)
2022-03-01 02:11:10,407 [Listener at 127.0.0.1/39539] INFO  server.RaftServerConfigKeys (ConfUtils.java:logGet(44)) - raft.server.leaderelection.leader.step-down.wait-time = 10s (default)
2022-03-01 02:11:10,408 [Listener at 127.0.0.1/39539] INFO  server.RaftServerConfigKeys (ConfUtils.java:logGet(44)) - raft.server.storage.dir = [/home/runner/work/ozone/ozone/hadoop-ozone/integration-test/target/test-dir/MiniOzoneClusterImpl-205f3ae4-9c2f-49b9-89f9-532f9ffbf4a1/datanode-0/data/ratis] (custom)
2022-03-01 02:11:10,409 [Listener at 127.0.0.1/39539] INFO  server.XceiverServerGrpc (XceiverServerGrpc.java:<init>(132)) - GrpcServer channel type EpollServerSocketChannel
2022-03-01 02:11:10,413 [Listener at 127.0.0.1/39539] INFO  http.BaseHttpServer (BaseHttpServer.java:newHttpServer2BuilderForOzone(209)) - Starting Web-server for hddsDatanode at: http://0.0.0.0:0
2022-03-01 02:11:10,413 [Listener at 127.0.0.1/39539] INFO  http.BaseHttpServer (BaseHttpServer.java:<init>(107)) - Hadoop Security Enabled: false Ozone Security Enabled: false Ozone HTTP Security Enabled: false 
2022-03-01 02:11:10,414 [Listener at 127.0.0.1/39539] INFO  server.AuthenticationFilter (AuthenticationFilter.java:constructSecretProvider(240)) - Unable to initialize FileSignerSecretProvider, falling back to use random secrets.
2022-03-01 02:11:10,435 [Listener at 127.0.0.1/39539] WARN  http.HttpRequestLog (HttpRequestLog.java:getRequestLog(103)) - Jetty request log can only be enabled using Log4j
2022-03-01 02:11:10,440 [Listener at 127.0.0.1/39539] INFO  http.HttpServer2 (HttpServer2.java:addGlobalFilter(1030)) - Added global filter 'safety' (class=org.apache.hadoop.hdds.server.http.HttpServer2$QuotingInputFilter)
2022-03-01 02:11:10,441 [Listener at 127.0.0.1/39539] INFO  http.HttpServer2 (HttpServer2.java:addFilter(1006)) - Added filter static_user_filter (class=org.apache.hadoop.http.lib.StaticUserWebFilter$StaticUserFilter) to context hddsDatanode
2022-03-01 02:11:10,441 [Listener at 127.0.0.1/39539] INFO  http.HttpServer2 (HttpServer2.java:addFilter(1014)) - Added filter static_user_filter (class=org.apache.hadoop.http.lib.StaticUserWebFilter$StaticUserFilter) to context logs
2022-03-01 02:11:10,441 [Listener at 127.0.0.1/39539] INFO  http.HttpServer2 (HttpServer2.java:addFilter(1014)) - Added filter static_user_filter (class=org.apache.hadoop.http.lib.StaticUserWebFilter$StaticUserFilter) to context static
2022-03-01 02:11:10,441 [Listener at 127.0.0.1/39539] INFO  http.HttpServer2 (HttpServer2.java:bindListener(1249)) - Jetty bound to port 40887
2022-03-01 02:11:10,441 [Listener at 127.0.0.1/39539] INFO  server.Server (Server.java:doStart(375)) - jetty-9.4.43.v20210629; built: 2021-06-30T11:07:22.254Z; git: 526006ecfa3af7f1a27ef3a288e2bef7ea9dd7e8; jvm 1.8.0_322-b06
2022-03-01 02:11:10,574 [Listener at 127.0.0.1/39539] INFO  server.session (DefaultSessionIdManager.java:doStart(334)) - DefaultSessionIdManager workerName=node0
2022-03-01 02:11:10,575 [Listener at 127.0.0.1/39539] INFO  server.session (DefaultSessionIdManager.java:doStart(339)) - No SessionScavenger set, using defaults
2022-03-01 02:11:10,575 [Listener at 127.0.0.1/39539] INFO  server.session (HouseKeeper.java:startScavenging(132)) - node0 Scavenging every 600000ms
2022-03-01 02:11:10,583 [Listener at 127.0.0.1/39539] INFO  handler.ContextHandler (ContextHandler.java:doStart(915)) - Started o.e.j.s.ServletContextHandler@73332b00{logs,/logs,file:///home/runner/work/ozone/ozone/hadoop-ozone/integration-test/target/log,AVAILABLE}
2022-03-01 02:11:10,583 [Listener at 127.0.0.1/39539] INFO  handler.ContextHandler (ContextHandler.java:doStart(915)) - Started o.e.j.s.ServletContextHandler@66f77613{static,/static,jar:file:/home/runner/.m2/repository/org/apache/ozone/hdds-container-service/1.3.0-SNAPSHOT/hdds-container-service-1.3.0-SNAPSHOT.jar!/webapps/static,AVAILABLE}
2022-03-01 02:11:10,661 [Listener at 127.0.0.1/39539] INFO  handler.ContextHandler (ContextHandler.java:doStart(915)) - Started o.e.j.w.WebAppContext@47e1bb19{hddsDatanode,/,file:///tmp/jetty-0_0_0_0-40887-hdds-container-service-1_3_0-SNAPSHOT_jar-_-any-4293549123668837828/webapp/,AVAILABLE}{jar:file:/home/runner/.m2/repository/org/apache/ozone/hdds-container-service/1.3.0-SNAPSHOT/hdds-container-service-1.3.0-SNAPSHOT.jar!/webapps/hddsDatanode}
2022-03-01 02:11:10,691 [Listener at 127.0.0.1/39539] INFO  server.AbstractConnector (AbstractConnector.java:doStart(331)) - Started ServerConnector@dd7fc08{HTTP/1.1, (http/1.1)}{0.0.0.0:40887}
2022-03-01 02:11:10,691 [Listener at 127.0.0.1/39539] INFO  server.Server (Server.java:doStart(415)) - Started @290928ms
2022-03-01 02:11:10,692 [Listener at 127.0.0.1/39539] WARN  impl.MetricsSystemImpl (MetricsSystemImpl.java:register(279)) - Sink prometheus already exists!
2022-03-01 02:11:10,692 [Listener at 127.0.0.1/39539] INFO  http.BaseHttpServer (BaseHttpServer.java:updateConnectorAddress(329)) - HTTP server of hddsDatanode listening at http://0.0.0.0:40887
2022-03-01 02:11:10,715 [Listener at 127.0.0.1/39539] WARN  impl.MetricRegistriesImpl (MetricRegistriesImpl.java:addReporterRegistration(111)) - New reporters are added after registries were created. Some metrics will be missing from the reporter. Please add reporter before adding any new registry.
2022-03-01 02:11:10,716 [Listener at 127.0.0.1/39539] WARN  impl.MetricRegistriesImpl (MetricRegistriesImpl.java:addReporterRegistration(111)) - New reporters are added after registries were created. Some metrics will be missing from the reporter. Please add reporter before adding any new registry.
2022-03-01 02:11:10,716 [Listener at 127.0.0.1/39539] INFO  impl.MetricsSystemImpl (MetricsSystemImpl.java:init(158)) - HddsDatanode metrics system started (again)
2022-03-01 02:11:10,723 [Datanode State Machine Daemon Thread] INFO  statemachine.DatanodeStateMachine (DatanodeStateMachine.java:lambda$startDaemon$0(470)) - Ozone container server started.
2022-03-01 02:11:10,793 [org.apache.hadoop.util.JvmPauseMonitor$Monitor@12f2c639] INFO  util.JvmPauseMonitor (JvmPauseMonitor.java:run(188)) - Starting JVM pause monitor
2022-03-01 02:11:10,820 [Listener at 127.0.0.1/39539] INFO  ozone.HddsDatanodeService (HddsDatanodeService.java:start(233)) - HddsDatanodeService host:fv-az294-952.eaanfquahm5ulb5tj050gcxych.jx.internal.cloudapp.net ip:10.1.0.9
2022-03-01 02:11:10,832 [Datanode State Machine Task Thread - 0] INFO  datanode.InitDatanodeState (InitDatanodeState.java:persistContainerDatanodeDetails(138)) - DatanodeDetails is persisted to /home/runner/work/ozone/ozone/hadoop-ozone/integration-test/target/test-dir/MiniOzoneClusterImpl-205f3ae4-9c2f-49b9-89f9-532f9ffbf4a1/datanode-0/meta/datanode.id
2022-03-01 02:11:10,939 [Listener at 127.0.0.1/39539] INFO  upgrade.AbstractLayoutVersionManager (AbstractLayoutVersionManager.java:init(79)) - Initializing Layout version manager with metadata layout = SCM_HA (version = 2), software layout = SCM_HA (version = 2)
2022-03-01 02:11:11,080 [Listener at 127.0.0.1/39539] INFO  reflections.Reflections (Reflections.java:scan(232)) - Reflections took 139 ms to scan 7 urls, producing 122 keys and 286 values 
2022-03-01 02:11:11,082 [Listener at 127.0.0.1/39539] INFO  statemachine.DatanodeStateMachine (DatanodeStateMachine.java:getEndPointTaskThreadPoolSize(222)) - Datanode State Machine Task Thread Pool size 2
2022-03-01 02:11:11,083 [Listener at 127.0.0.1/39539] INFO  volume.HddsVolume (HddsVolume.java:<init>(120)) - Creating HddsVolume: /home/runner/work/ozone/ozone/hadoop-ozone/integration-test/target/test-dir/MiniOzoneClusterImpl-205f3ae4-9c2f-49b9-89f9-532f9ffbf4a1/datanode-1/data-0/containers/hdds of storage type : DISK capacity : 9223372036854775807
2022-03-01 02:11:11,083 [Listener at 127.0.0.1/39539] INFO  volume.MutableVolumeSet (MutableVolumeSet.java:initializeVolumeSet(168)) - Added Volume : /home/runner/work/ozone/ozone/hadoop-ozone/integration-test/target/test-dir/MiniOzoneClusterImpl-205f3ae4-9c2f-49b9-89f9-532f9ffbf4a1/datanode-1/data-0/containers/hdds to VolumeSet
2022-03-01 02:11:11,084 [Listener at 127.0.0.1/39539] INFO  volume.ThrottledAsyncChecker (ThrottledAsyncChecker.java:schedule(141)) - Scheduling a check for /home/runner/work/ozone/ozone/hadoop-ozone/integration-test/target/test-dir/MiniOzoneClusterImpl-205f3ae4-9c2f-49b9-89f9-532f9ffbf4a1/datanode-1/data-0/containers/hdds
2022-03-01 02:11:11,084 [Listener at 127.0.0.1/39539] INFO  volume.StorageVolumeChecker (StorageVolumeChecker.java:checkAllVolumes(202)) - Scheduled health check for volume /home/runner/work/ozone/ozone/hadoop-ozone/integration-test/target/test-dir/MiniOzoneClusterImpl-205f3ae4-9c2f-49b9-89f9-532f9ffbf4a1/datanode-1/data-0/containers/hdds
2022-03-01 02:11:11,109 [Listener at 127.0.0.1/39539] INFO  volume.MutableVolumeSet (MutableVolumeSet.java:initializeVolumeSet(168)) - Added Volume : /home/runner/work/ozone/ozone/hadoop-ozone/integration-test/target/test-dir/MiniOzoneClusterImpl-205f3ae4-9c2f-49b9-89f9-532f9ffbf4a1/datanode-1/data/ratis to VolumeSet
2022-03-01 02:11:11,123 [Listener at 127.0.0.1/39539] INFO  volume.ThrottledAsyncChecker (ThrottledAsyncChecker.java:schedule(141)) - Scheduling a check for /home/runner/work/ozone/ozone/hadoop-ozone/integration-test/target/test-dir/MiniOzoneClusterImpl-205f3ae4-9c2f-49b9-89f9-532f9ffbf4a1/datanode-1/data/ratis
2022-03-01 02:11:11,123 [Listener at 127.0.0.1/39539] INFO  volume.StorageVolumeChecker (StorageVolumeChecker.java:checkAllVolumes(202)) - Scheduled health check for volume /home/runner/work/ozone/ozone/hadoop-ozone/integration-test/target/test-dir/MiniOzoneClusterImpl-205f3ae4-9c2f-49b9-89f9-532f9ffbf4a1/datanode-1/data/ratis
2022-03-01 02:11:11,152 [Thread-1770] INFO  ozoneimpl.ContainerReader (ContainerReader.java:readVolume(172)) - Finish verifying containers on volume /home/runner/work/ozone/ozone/hadoop-ozone/integration-test/target/test-dir/MiniOzoneClusterImpl-205f3ae4-9c2f-49b9-89f9-532f9ffbf4a1/datanode-1/data-0/containers/hdds
2022-03-01 02:11:11,152 [Listener at 127.0.0.1/39539] INFO  ozoneimpl.OzoneContainer (OzoneContainer.java:buildContainerSet(257)) - Build ContainerSet costs 0s
2022-03-01 02:11:11,154 [Listener at 127.0.0.1/39539] INFO  server.RaftServer (ConfUtils.java:logGet(44)) - raft.rpc.type = GRPC (default)
2022-03-01 02:11:11,154 [Listener at 127.0.0.1/39539] INFO  grpc.GrpcFactory (GrpcFactory.java:checkPooledByteBufAllocatorUseCacheForAllThreads(48)) - PERFORMANCE WARNING: useCacheForAllThreads is true that may cause Netty to create a lot garbage objects and, as a result, trigger GC.
	It is recommended to disable useCacheForAllThreads by setting -Dorg.apache.ratis.thirdparty.io.netty.allocator.useCacheForAllThreads=false in command line.
2022-03-01 02:11:11,154 [Listener at 127.0.0.1/39539] INFO  grpc.GrpcConfigKeys (ConfUtils.java:logGet(44)) - raft.grpc.admin.port = 0 (custom)
2022-03-01 02:11:11,154 [Listener at 127.0.0.1/39539] INFO  grpc.GrpcConfigKeys (ConfUtils.java:logGet(44)) - raft.grpc.client.port = 0 (custom)
2022-03-01 02:11:11,155 [Listener at 127.0.0.1/39539] INFO  grpc.GrpcConfigKeys (ConfUtils.java:logGet(44)) - raft.grpc.server.port = 0 (default)
2022-03-01 02:11:11,155 [Listener at 127.0.0.1/39539] INFO  server.GrpcService (ConfUtils.java:logGet(44)) - raft.grpc.message.size.max = 32MB (=33554432) (custom)
2022-03-01 02:11:11,155 [Listener at 127.0.0.1/39539] INFO  server.RaftServerConfigKeys (ConfUtils.java:logGet(44)) - raft.server.log.appender.buffer.byte-limit = 33554432 (custom)
2022-03-01 02:11:11,155 [Listener at 127.0.0.1/39539] INFO  server.GrpcService (ConfUtils.java:logGet(44)) - raft.grpc.flow.control.window = 5MB (=5242880) (custom)
2022-03-01 02:11:11,155 [Listener at 127.0.0.1/39539] INFO  server.RaftServerConfigKeys (ConfUtils.java:logGet(44)) - raft.server.rpc.request.timeout = 60s (custom)
2022-03-01 02:11:11,156 [Listener at 127.0.0.1/39539] INFO  impl.DataStreamServerImpl (ConfUtils.java:logGet(44)) - raft.datastream.type = DISABLED (default)
2022-03-01 02:11:11,156 [Listener at 127.0.0.1/39539] INFO  server.RaftServerConfigKeys (ConfUtils.java:logGet(44)) - raft.server.rpc.slowness.timeout = 300s (custom)
2022-03-01 02:11:11,156 [Listener at 127.0.0.1/39539] INFO  server.RaftServerConfigKeys (ConfUtils.java:logGet(44)) - raft.server.leaderelection.leader.step-down.wait-time = 10s (default)
2022-03-01 02:11:11,156 [Listener at 127.0.0.1/39539] INFO  server.RaftServerConfigKeys (ConfUtils.java:logGet(44)) - raft.server.storage.dir = [/home/runner/work/ozone/ozone/hadoop-ozone/integration-test/target/test-dir/MiniOzoneClusterImpl-205f3ae4-9c2f-49b9-89f9-532f9ffbf4a1/datanode-1/data/ratis] (custom)
2022-03-01 02:11:11,157 [Listener at 127.0.0.1/39539] INFO  server.XceiverServerGrpc (XceiverServerGrpc.java:<init>(132)) - GrpcServer channel type EpollServerSocketChannel
2022-03-01 02:11:11,167 [Listener at 127.0.0.1/39539] INFO  http.BaseHttpServer (BaseHttpServer.java:newHttpServer2BuilderForOzone(209)) - Starting Web-server for hddsDatanode at: http://0.0.0.0:0
2022-03-01 02:11:11,167 [Listener at 127.0.0.1/39539] INFO  http.BaseHttpServer (BaseHttpServer.java:<init>(107)) - Hadoop Security Enabled: false Ozone Security Enabled: false Ozone HTTP Security Enabled: false 
2022-03-01 02:11:11,171 [Listener at 127.0.0.1/39539] INFO  server.AuthenticationFilter (AuthenticationFilter.java:constructSecretProvider(240)) - Unable to initialize FileSignerSecretProvider, falling back to use random secrets.
2022-03-01 02:11:11,184 [Listener at 127.0.0.1/39539] WARN  http.HttpRequestLog (HttpRequestLog.java:getRequestLog(103)) - Jetty request log can only be enabled using Log4j
2022-03-01 02:11:11,185 [Listener at 127.0.0.1/39539] INFO  http.HttpServer2 (HttpServer2.java:addGlobalFilter(1030)) - Added global filter 'safety' (class=org.apache.hadoop.hdds.server.http.HttpServer2$QuotingInputFilter)
2022-03-01 02:11:11,186 [Listener at 127.0.0.1/39539] INFO  http.HttpServer2 (HttpServer2.java:addFilter(1006)) - Added filter static_user_filter (class=org.apache.hadoop.http.lib.StaticUserWebFilter$StaticUserFilter) to context hddsDatanode
2022-03-01 02:11:11,186 [Listener at 127.0.0.1/39539] INFO  http.HttpServer2 (HttpServer2.java:addFilter(1014)) - Added filter static_user_filter (class=org.apache.hadoop.http.lib.StaticUserWebFilter$StaticUserFilter) to context logs
2022-03-01 02:11:11,186 [Listener at 127.0.0.1/39539] INFO  http.HttpServer2 (HttpServer2.java:addFilter(1014)) - Added filter static_user_filter (class=org.apache.hadoop.http.lib.StaticUserWebFilter$StaticUserFilter) to context static
2022-03-01 02:11:11,187 [Listener at 127.0.0.1/39539] INFO  http.HttpServer2 (HttpServer2.java:bindListener(1249)) - Jetty bound to port 39469
2022-03-01 02:11:11,187 [Listener at 127.0.0.1/39539] INFO  server.Server (Server.java:doStart(375)) - jetty-9.4.43.v20210629; built: 2021-06-30T11:07:22.254Z; git: 526006ecfa3af7f1a27ef3a288e2bef7ea9dd7e8; jvm 1.8.0_322-b06
2022-03-01 02:11:11,221 [Listener at 127.0.0.1/39539] INFO  server.session (DefaultSessionIdManager.java:doStart(334)) - DefaultSessionIdManager workerName=node0
2022-03-01 02:11:11,221 [Listener at 127.0.0.1/39539] INFO  server.session (DefaultSessionIdManager.java:doStart(339)) - No SessionScavenger set, using defaults
2022-03-01 02:11:11,221 [Listener at 127.0.0.1/39539] INFO  server.session (HouseKeeper.java:startScavenging(132)) - node0 Scavenging every 600000ms
2022-03-01 02:11:11,222 [Listener at 127.0.0.1/39539] INFO  handler.ContextHandler (ContextHandler.java:doStart(915)) - Started o.e.j.s.ServletContextHandler@7b939175{logs,/logs,file:///home/runner/work/ozone/ozone/hadoop-ozone/integration-test/target/log,AVAILABLE}
2022-03-01 02:11:11,222 [Listener at 127.0.0.1/39539] INFO  handler.ContextHandler (ContextHandler.java:doStart(915)) - Started o.e.j.s.ServletContextHandler@623fb8e7{static,/static,jar:file:/home/runner/.m2/repository/org/apache/ozone/hdds-container-service/1.3.0-SNAPSHOT/hdds-container-service-1.3.0-SNAPSHOT.jar!/webapps/static,AVAILABLE}
2022-03-01 02:11:11,372 [Listener at 127.0.0.1/39539] INFO  handler.ContextHandler (ContextHandler.java:doStart(915)) - Started o.e.j.w.WebAppContext@10faca5b{hddsDatanode,/,file:///tmp/jetty-0_0_0_0-39469-hdds-container-service-1_3_0-SNAPSHOT_jar-_-any-1736217496665550643/webapp/,AVAILABLE}{jar:file:/home/runner/.m2/repository/org/apache/ozone/hdds-container-service/1.3.0-SNAPSHOT/hdds-container-service-1.3.0-SNAPSHOT.jar!/webapps/hddsDatanode}
2022-03-01 02:11:11,374 [Listener at 127.0.0.1/39539] INFO  server.AbstractConnector (AbstractConnector.java:doStart(331)) - Started ServerConnector@14b45f13{HTTP/1.1, (http/1.1)}{0.0.0.0:39469}
2022-03-01 02:11:11,374 [Listener at 127.0.0.1/39539] INFO  server.Server (Server.java:doStart(415)) - Started @291611ms
2022-03-01 02:11:11,374 [Listener at 127.0.0.1/39539] WARN  impl.MetricsSystemImpl (MetricsSystemImpl.java:register(279)) - Sink prometheus already exists!
2022-03-01 02:11:11,383 [Listener at 127.0.0.1/39539] INFO  http.BaseHttpServer (BaseHttpServer.java:updateConnectorAddress(329)) - HTTP server of hddsDatanode listening at http://0.0.0.0:39469
2022-03-01 02:11:11,419 [Listener at 127.0.0.1/39539] WARN  impl.MetricRegistriesImpl (MetricRegistriesImpl.java:addReporterRegistration(111)) - New reporters are added after registries were created. Some metrics will be missing from the reporter. Please add reporter before adding any new registry.
2022-03-01 02:11:11,420 [Listener at 127.0.0.1/39539] WARN  impl.MetricRegistriesImpl (MetricRegistriesImpl.java:addReporterRegistration(111)) - New reporters are added after registries were created. Some metrics will be missing from the reporter. Please add reporter before adding any new registry.
2022-03-01 02:11:11,420 [Listener at 127.0.0.1/39539] INFO  impl.MetricsSystemImpl (MetricsSystemImpl.java:init(158)) - HddsDatanode metrics system started (again)
2022-03-01 02:11:11,423 [Datanode State Machine Daemon Thread] INFO  statemachine.DatanodeStateMachine (DatanodeStateMachine.java:lambda$startDaemon$0(470)) - Ozone container server started.
2022-03-01 02:11:11,443 [org.apache.hadoop.util.JvmPauseMonitor$Monitor@698d02b8] INFO  util.JvmPauseMonitor (JvmPauseMonitor.java:run(188)) - Starting JVM pause monitor
2022-03-01 02:11:11,476 [Datanode State Machine Task Thread - 0] INFO  datanode.InitDatanodeState (InitDatanodeState.java:persistContainerDatanodeDetails(138)) - DatanodeDetails is persisted to /home/runner/work/ozone/ozone/hadoop-ozone/integration-test/target/test-dir/MiniOzoneClusterImpl-205f3ae4-9c2f-49b9-89f9-532f9ffbf4a1/datanode-1/meta/datanode.id
2022-03-01 02:11:11,478 [Listener at 127.0.0.1/39539] INFO  ozone.HddsDatanodeService (HddsDatanodeService.java:start(233)) - HddsDatanodeService host:fv-az294-952.eaanfquahm5ulb5tj050gcxych.jx.internal.cloudapp.net ip:10.1.0.9
2022-03-01 02:11:11,538 [Listener at 127.0.0.1/39539] INFO  upgrade.AbstractLayoutVersionManager (AbstractLayoutVersionManager.java:init(79)) - Initializing Layout version manager with metadata layout = SCM_HA (version = 2), software layout = SCM_HA (version = 2)
2022-03-01 02:11:11,764 [Listener at 127.0.0.1/39539] INFO  reflections.Reflections (Reflections.java:scan(232)) - Reflections took 220 ms to scan 7 urls, producing 122 keys and 286 values 
2022-03-01 02:11:11,765 [Listener at 127.0.0.1/39539] INFO  statemachine.DatanodeStateMachine (DatanodeStateMachine.java:getEndPointTaskThreadPoolSize(222)) - Datanode State Machine Task Thread Pool size 2
2022-03-01 02:11:11,780 [Listener at 127.0.0.1/39539] INFO  volume.HddsVolume (HddsVolume.java:<init>(120)) - Creating HddsVolume: /home/runner/work/ozone/ozone/hadoop-ozone/integration-test/target/test-dir/MiniOzoneClusterImpl-205f3ae4-9c2f-49b9-89f9-532f9ffbf4a1/datanode-2/data-0/containers/hdds of storage type : DISK capacity : 9223372036854775807
2022-03-01 02:11:11,780 [Listener at 127.0.0.1/39539] INFO  volume.MutableVolumeSet (MutableVolumeSet.java:initializeVolumeSet(168)) - Added Volume : /home/runner/work/ozone/ozone/hadoop-ozone/integration-test/target/test-dir/MiniOzoneClusterImpl-205f3ae4-9c2f-49b9-89f9-532f9ffbf4a1/datanode-2/data-0/containers/hdds to VolumeSet
2022-03-01 02:11:11,780 [Listener at 127.0.0.1/39539] INFO  volume.ThrottledAsyncChecker (ThrottledAsyncChecker.java:schedule(141)) - Scheduling a check for /home/runner/work/ozone/ozone/hadoop-ozone/integration-test/target/test-dir/MiniOzoneClusterImpl-205f3ae4-9c2f-49b9-89f9-532f9ffbf4a1/datanode-2/data-0/containers/hdds
2022-03-01 02:11:11,803 [Listener at 127.0.0.1/39539] INFO  volume.StorageVolumeChecker (StorageVolumeChecker.java:checkAllVolumes(202)) - Scheduled health check for volume /home/runner/work/ozone/ozone/hadoop-ozone/integration-test/target/test-dir/MiniOzoneClusterImpl-205f3ae4-9c2f-49b9-89f9-532f9ffbf4a1/datanode-2/data-0/containers/hdds
2022-03-01 02:11:11,824 [Listener at 127.0.0.1/39539] INFO  volume.MutableVolumeSet (MutableVolumeSet.java:initializeVolumeSet(168)) - Added Volume : /home/runner/work/ozone/ozone/hadoop-ozone/integration-test/target/test-dir/MiniOzoneClusterImpl-205f3ae4-9c2f-49b9-89f9-532f9ffbf4a1/datanode-2/data/ratis to VolumeSet
2022-03-01 02:11:11,824 [Listener at 127.0.0.1/39539] INFO  volume.ThrottledAsyncChecker (ThrottledAsyncChecker.java:schedule(141)) - Scheduling a check for /home/runner/work/ozone/ozone/hadoop-ozone/integration-test/target/test-dir/MiniOzoneClusterImpl-205f3ae4-9c2f-49b9-89f9-532f9ffbf4a1/datanode-2/data/ratis
2022-03-01 02:11:11,825 [Listener at 127.0.0.1/39539] INFO  volume.StorageVolumeChecker (StorageVolumeChecker.java:checkAllVolumes(202)) - Scheduled health check for volume /home/runner/work/ozone/ozone/hadoop-ozone/integration-test/target/test-dir/MiniOzoneClusterImpl-205f3ae4-9c2f-49b9-89f9-532f9ffbf4a1/datanode-2/data/ratis
2022-03-01 02:11:11,836 [Thread-1782] INFO  ozoneimpl.ContainerReader (ContainerReader.java:readVolume(172)) - Finish verifying containers on volume /home/runner/work/ozone/ozone/hadoop-ozone/integration-test/target/test-dir/MiniOzoneClusterImpl-205f3ae4-9c2f-49b9-89f9-532f9ffbf4a1/datanode-2/data-0/containers/hdds
2022-03-01 02:11:11,837 [Listener at 127.0.0.1/39539] INFO  ozoneimpl.OzoneContainer (OzoneContainer.java:buildContainerSet(257)) - Build ContainerSet costs 0s
2022-03-01 02:11:11,838 [Listener at 127.0.0.1/39539] INFO  server.RaftServer (ConfUtils.java:logGet(44)) - raft.rpc.type = GRPC (default)
2022-03-01 02:11:11,838 [Listener at 127.0.0.1/39539] INFO  grpc.GrpcFactory (GrpcFactory.java:checkPooledByteBufAllocatorUseCacheForAllThreads(48)) - PERFORMANCE WARNING: useCacheForAllThreads is true that may cause Netty to create a lot garbage objects and, as a result, trigger GC.
	It is recommended to disable useCacheForAllThreads by setting -Dorg.apache.ratis.thirdparty.io.netty.allocator.useCacheForAllThreads=false in command line.
2022-03-01 02:11:11,838 [Listener at 127.0.0.1/39539] INFO  grpc.GrpcConfigKeys (ConfUtils.java:logGet(44)) - raft.grpc.admin.port = 0 (custom)
2022-03-01 02:11:11,839 [Listener at 127.0.0.1/39539] INFO  grpc.GrpcConfigKeys (ConfUtils.java:logGet(44)) - raft.grpc.client.port = 0 (custom)
2022-03-01 02:11:11,839 [Listener at 127.0.0.1/39539] INFO  grpc.GrpcConfigKeys (ConfUtils.java:logGet(44)) - raft.grpc.server.port = 0 (default)
2022-03-01 02:11:11,839 [Listener at 127.0.0.1/39539] INFO  server.GrpcService (ConfUtils.java:logGet(44)) - raft.grpc.message.size.max = 32MB (=33554432) (custom)
2022-03-01 02:11:11,840 [Listener at 127.0.0.1/39539] INFO  server.RaftServerConfigKeys (ConfUtils.java:logGet(44)) - raft.server.log.appender.buffer.byte-limit = 33554432 (custom)
2022-03-01 02:11:11,840 [Listener at 127.0.0.1/39539] INFO  server.GrpcService (ConfUtils.java:logGet(44)) - raft.grpc.flow.control.window = 5MB (=5242880) (custom)
2022-03-01 02:11:11,840 [Listener at 127.0.0.1/39539] INFO  server.RaftServerConfigKeys (ConfUtils.java:logGet(44)) - raft.server.rpc.request.timeout = 60s (custom)
2022-03-01 02:11:11,841 [Listener at 127.0.0.1/39539] INFO  impl.DataStreamServerImpl (ConfUtils.java:logGet(44)) - raft.datastream.type = DISABLED (default)
2022-03-01 02:11:11,841 [Listener at 127.0.0.1/39539] INFO  server.RaftServerConfigKeys (ConfUtils.java:logGet(44)) - raft.server.rpc.slowness.timeout = 300s (custom)
2022-03-01 02:11:11,841 [Listener at 127.0.0.1/39539] INFO  server.RaftServerConfigKeys (ConfUtils.java:logGet(44)) - raft.server.leaderelection.leader.step-down.wait-time = 10s (default)
2022-03-01 02:11:11,842 [Listener at 127.0.0.1/39539] INFO  server.RaftServerConfigKeys (ConfUtils.java:logGet(44)) - raft.server.storage.dir = [/home/runner/work/ozone/ozone/hadoop-ozone/integration-test/target/test-dir/MiniOzoneClusterImpl-205f3ae4-9c2f-49b9-89f9-532f9ffbf4a1/datanode-2/data/ratis] (custom)
2022-03-01 02:11:11,843 [Listener at 127.0.0.1/39539] INFO  server.XceiverServerGrpc (XceiverServerGrpc.java:<init>(132)) - GrpcServer channel type EpollServerSocketChannel
2022-03-01 02:11:11,850 [Listener at 127.0.0.1/39539] INFO  http.BaseHttpServer (BaseHttpServer.java:newHttpServer2BuilderForOzone(209)) - Starting Web-server for hddsDatanode at: http://0.0.0.0:0
2022-03-01 02:11:11,850 [Listener at 127.0.0.1/39539] INFO  http.BaseHttpServer (BaseHttpServer.java:<init>(107)) - Hadoop Security Enabled: false Ozone Security Enabled: false Ozone HTTP Security Enabled: false 
2022-03-01 02:11:11,851 [Listener at 127.0.0.1/39539] INFO  server.AuthenticationFilter (AuthenticationFilter.java:constructSecretProvider(240)) - Unable to initialize FileSignerSecretProvider, falling back to use random secrets.
2022-03-01 02:11:11,851 [Listener at 127.0.0.1/39539] WARN  http.HttpRequestLog (HttpRequestLog.java:getRequestLog(103)) - Jetty request log can only be enabled using Log4j
2022-03-01 02:11:11,852 [Listener at 127.0.0.1/39539] INFO  http.HttpServer2 (HttpServer2.java:addGlobalFilter(1030)) - Added global filter 'safety' (class=org.apache.hadoop.hdds.server.http.HttpServer2$QuotingInputFilter)
2022-03-01 02:11:11,852 [Listener at 127.0.0.1/39539] INFO  http.HttpServer2 (HttpServer2.java:addFilter(1006)) - Added filter static_user_filter (class=org.apache.hadoop.http.lib.StaticUserWebFilter$StaticUserFilter) to context hddsDatanode
2022-03-01 02:11:11,852 [Listener at 127.0.0.1/39539] INFO  http.HttpServer2 (HttpServer2.java:addFilter(1014)) - Added filter static_user_filter (class=org.apache.hadoop.http.lib.StaticUserWebFilter$StaticUserFilter) to context static
2022-03-01 02:11:11,852 [Listener at 127.0.0.1/39539] INFO  http.HttpServer2 (HttpServer2.java:addFilter(1014)) - Added filter static_user_filter (class=org.apache.hadoop.http.lib.StaticUserWebFilter$StaticUserFilter) to context logs
2022-03-01 02:11:11,853 [Listener at 127.0.0.1/39539] INFO  http.HttpServer2 (HttpServer2.java:bindListener(1249)) - Jetty bound to port 39169
2022-03-01 02:11:11,853 [Listener at 127.0.0.1/39539] INFO  server.Server (Server.java:doStart(375)) - jetty-9.4.43.v20210629; built: 2021-06-30T11:07:22.254Z; git: 526006ecfa3af7f1a27ef3a288e2bef7ea9dd7e8; jvm 1.8.0_322-b06
2022-03-01 02:11:11,907 [Listener at 127.0.0.1/39539] INFO  server.session (DefaultSessionIdManager.java:doStart(334)) - DefaultSessionIdManager workerName=node0
2022-03-01 02:11:11,907 [Listener at 127.0.0.1/39539] INFO  server.session (DefaultSessionIdManager.java:doStart(339)) - No SessionScavenger set, using defaults
2022-03-01 02:11:11,909 [Listener at 127.0.0.1/39539] INFO  server.session (HouseKeeper.java:startScavenging(132)) - node0 Scavenging every 600000ms
2022-03-01 02:11:11,910 [Listener at 127.0.0.1/39539] INFO  handler.ContextHandler (ContextHandler.java:doStart(915)) - Started o.e.j.s.ServletContextHandler@3a87b1ae{logs,/logs,file:///home/runner/work/ozone/ozone/hadoop-ozone/integration-test/target/log,AVAILABLE}
2022-03-01 02:11:11,910 [Listener at 127.0.0.1/39539] INFO  handler.ContextHandler (ContextHandler.java:doStart(915)) - Started o.e.j.s.ServletContextHandler@51a5b1c3{static,/static,jar:file:/home/runner/.m2/repository/org/apache/ozone/hdds-container-service/1.3.0-SNAPSHOT/hdds-container-service-1.3.0-SNAPSHOT.jar!/webapps/static,AVAILABLE}
2022-03-01 02:11:12,144 [Listener at 127.0.0.1/39539] INFO  handler.ContextHandler (ContextHandler.java:doStart(915)) - Started o.e.j.w.WebAppContext@1848ec86{hddsDatanode,/,file:///tmp/jetty-0_0_0_0-39169-hdds-container-service-1_3_0-SNAPSHOT_jar-_-any-5756294820280510653/webapp/,AVAILABLE}{jar:file:/home/runner/.m2/repository/org/apache/ozone/hdds-container-service/1.3.0-SNAPSHOT/hdds-container-service-1.3.0-SNAPSHOT.jar!/webapps/hddsDatanode}
2022-03-01 02:11:12,166 [Listener at 127.0.0.1/39539] INFO  server.AbstractConnector (AbstractConnector.java:doStart(331)) - Started ServerConnector@1e93684d{HTTP/1.1, (http/1.1)}{0.0.0.0:39169}
2022-03-01 02:11:12,166 [Listener at 127.0.0.1/39539] INFO  server.Server (Server.java:doStart(415)) - Started @292403ms
2022-03-01 02:11:12,166 [Listener at 127.0.0.1/39539] WARN  impl.MetricsSystemImpl (MetricsSystemImpl.java:register(279)) - Sink prometheus already exists!
2022-03-01 02:11:12,167 [Listener at 127.0.0.1/39539] INFO  http.BaseHttpServer (BaseHttpServer.java:updateConnectorAddress(329)) - HTTP server of hddsDatanode listening at http://0.0.0.0:39169
2022-03-01 02:11:12,183 [Listener at 127.0.0.1/39539] INFO  ozone.MiniOzoneClusterImpl (MiniOzoneClusterImpl.java:lambda$waitForClusterToBeReady$0(219)) - Waiting for nodes to be ready. Got 0 of 3 DN Heartbeats.
2022-03-01 02:11:12,187 [Listener at 127.0.0.1/39539] INFO  ozone.MiniOzoneClusterImpl (MiniOzoneClusterImpl.java:lambda$waitForClusterToBeReady$0(222)) - Waiting for cluster to exit safe mode
2022-03-01 02:11:12,187 [Listener at 127.0.0.1/39539] INFO  ozone.MiniOzoneClusterImpl (MiniOzoneClusterImpl.java:lambda$waitForClusterToBeReady$0(224)) - SCM became leader
2022-03-01 02:11:12,187 [Datanode State Machine Daemon Thread] INFO  statemachine.DatanodeStateMachine (DatanodeStateMachine.java:lambda$startDaemon$0(470)) - Ozone container server started.
2022-03-01 02:11:12,206 [org.apache.hadoop.util.JvmPauseMonitor$Monitor@3317f6e9] INFO  util.JvmPauseMonitor (JvmPauseMonitor.java:run(188)) - Starting JVM pause monitor
2022-03-01 02:11:12,229 [Datanode State Machine Task Thread - 0] INFO  datanode.InitDatanodeState (InitDatanodeState.java:persistContainerDatanodeDetails(138)) - DatanodeDetails is persisted to /home/runner/work/ozone/ozone/hadoop-ozone/integration-test/target/test-dir/MiniOzoneClusterImpl-205f3ae4-9c2f-49b9-89f9-532f9ffbf4a1/datanode-2/meta/datanode.id
2022-03-01 02:11:12,869 [EndpointStateMachine task thread for /0.0.0.0:33623 - 0 ] INFO  ozoneimpl.OzoneContainer (OzoneContainer.java:start(335)) - Attempting to start container services.
2022-03-01 02:11:12,869 [EndpointStateMachine task thread for /0.0.0.0:33623 - 0 ] INFO  ozoneimpl.OzoneContainer (OzoneContainer.java:startContainerScrub(270)) - Background container scanner has been disabled.
2022-03-01 02:11:12,871 [EndpointStateMachine task thread for /0.0.0.0:33623 - 0 ] INFO  replication.ReplicationServer (ReplicationServer.java:start(111)) - ReplicationServer is started using port 36927
2022-03-01 02:11:12,872 [EndpointStateMachine task thread for /0.0.0.0:33623 - 0 ] INFO  ratis.XceiverServerRatis (XceiverServerRatis.java:start(485)) - Starting XceiverServerRatis cfb69533-9b2a-4893-8451-2146b3cc8a01
2022-03-01 02:11:12,879 [EndpointStateMachine task thread for /0.0.0.0:33623 - 0 ] INFO  server.RaftServer (RaftServerProxy.java:lambda$start$5(374)) - cfb69533-9b2a-4893-8451-2146b3cc8a01: start RPC server
2022-03-01 02:11:12,887 [EndpointStateMachine task thread for /0.0.0.0:33623 - 0 ] INFO  server.GrpcService (GrpcService.java:startImpl(253)) - cfb69533-9b2a-4893-8451-2146b3cc8a01: GrpcService started, listening on 37317
2022-03-01 02:11:12,901 [EndpointStateMachine task thread for /0.0.0.0:33623 - 0 ] INFO  ratis.XceiverServerRatis (XceiverServerRatis.java:getRealPort(506)) - XceiverServerRatis cfb69533-9b2a-4893-8451-2146b3cc8a01 is started using port 37317 for RATIS
2022-03-01 02:11:12,901 [EndpointStateMachine task thread for /0.0.0.0:33623 - 0 ] INFO  ratis.XceiverServerRatis (XceiverServerRatis.java:getRealPort(506)) - XceiverServerRatis cfb69533-9b2a-4893-8451-2146b3cc8a01 is started using port 37317 for RATIS_ADMIN
2022-03-01 02:11:12,901 [EndpointStateMachine task thread for /0.0.0.0:33623 - 0 ] INFO  ratis.XceiverServerRatis (XceiverServerRatis.java:getRealPort(506)) - XceiverServerRatis cfb69533-9b2a-4893-8451-2146b3cc8a01 is started using port 37317 for RATIS_SERVER
2022-03-01 02:11:12,902 [org.apache.ratis.util.JvmPauseMonitor$$Lambda$421/1299661385@77d89d2e] INFO  util.JvmPauseMonitor (JvmPauseMonitor.java:run(103)) - JvmPauseMonitor-cfb69533-9b2a-4893-8451-2146b3cc8a01: Started
2022-03-01 02:11:12,909 [EndpointStateMachine task thread for /0.0.0.0:33623 - 0 ] INFO  server.XceiverServerGrpc (XceiverServerGrpc.java:start(180)) - XceiverServerGrpc cfb69533-9b2a-4893-8451-2146b3cc8a01 is started using port 36785
2022-03-01 02:11:13,191 [Listener at 127.0.0.1/39539] INFO  ozone.MiniOzoneClusterImpl (MiniOzoneClusterImpl.java:lambda$waitForClusterToBeReady$0(219)) - Waiting for nodes to be ready. Got 0 of 3 DN Heartbeats.
2022-03-01 02:11:13,191 [Listener at 127.0.0.1/39539] INFO  ozone.MiniOzoneClusterImpl (MiniOzoneClusterImpl.java:lambda$waitForClusterToBeReady$0(222)) - Waiting for cluster to exit safe mode
2022-03-01 02:11:13,192 [Listener at 127.0.0.1/39539] INFO  ozone.MiniOzoneClusterImpl (MiniOzoneClusterImpl.java:lambda$waitForClusterToBeReady$0(224)) - SCM became leader
2022-03-01 02:11:13,473 [EndpointStateMachine task thread for /0.0.0.0:33623 - 0 ] INFO  ozoneimpl.OzoneContainer (OzoneContainer.java:start(335)) - Attempting to start container services.
2022-03-01 02:11:13,473 [EndpointStateMachine task thread for /0.0.0.0:33623 - 0 ] INFO  ozoneimpl.OzoneContainer (OzoneContainer.java:startContainerScrub(270)) - Background container scanner has been disabled.
2022-03-01 02:11:13,479 [EndpointStateMachine task thread for /0.0.0.0:33623 - 0 ] INFO  replication.ReplicationServer (ReplicationServer.java:start(111)) - ReplicationServer is started using port 41765
2022-03-01 02:11:13,480 [EndpointStateMachine task thread for /0.0.0.0:33623 - 0 ] INFO  ratis.XceiverServerRatis (XceiverServerRatis.java:start(485)) - Starting XceiverServerRatis e327d566-d0a7-4ebd-a186-fb348d426d12
2022-03-01 02:11:13,483 [EndpointStateMachine task thread for /0.0.0.0:33623 - 0 ] INFO  server.RaftServer (RaftServerProxy.java:lambda$start$5(374)) - e327d566-d0a7-4ebd-a186-fb348d426d12: start RPC server
2022-03-01 02:11:13,486 [EndpointStateMachine task thread for /0.0.0.0:33623 - 0 ] INFO  server.GrpcService (GrpcService.java:startImpl(253)) - e327d566-d0a7-4ebd-a186-fb348d426d12: GrpcService started, listening on 35291
2022-03-01 02:11:13,495 [EndpointStateMachine task thread for /0.0.0.0:33623 - 0 ] INFO  ratis.XceiverServerRatis (XceiverServerRatis.java:getRealPort(506)) - XceiverServerRatis e327d566-d0a7-4ebd-a186-fb348d426d12 is started using port 35291 for RATIS
2022-03-01 02:11:13,495 [EndpointStateMachine task thread for /0.0.0.0:33623 - 0 ] INFO  ratis.XceiverServerRatis (XceiverServerRatis.java:getRealPort(506)) - XceiverServerRatis e327d566-d0a7-4ebd-a186-fb348d426d12 is started using port 35291 for RATIS_ADMIN
2022-03-01 02:11:13,495 [EndpointStateMachine task thread for /0.0.0.0:33623 - 0 ] INFO  ratis.XceiverServerRatis (XceiverServerRatis.java:getRealPort(506)) - XceiverServerRatis e327d566-d0a7-4ebd-a186-fb348d426d12 is started using port 35291 for RATIS_SERVER
2022-03-01 02:11:13,496 [org.apache.ratis.util.JvmPauseMonitor$$Lambda$421/1299661385@854fc6d] INFO  util.JvmPauseMonitor (JvmPauseMonitor.java:run(103)) - JvmPauseMonitor-e327d566-d0a7-4ebd-a186-fb348d426d12: Started
2022-03-01 02:11:13,499 [EndpointStateMachine task thread for /0.0.0.0:33623 - 0 ] INFO  server.XceiverServerGrpc (XceiverServerGrpc.java:start(180)) - XceiverServerGrpc e327d566-d0a7-4ebd-a186-fb348d426d12 is started using port 43781
2022-03-01 02:11:14,192 [Listener at 127.0.0.1/39539] INFO  ozone.MiniOzoneClusterImpl (MiniOzoneClusterImpl.java:lambda$waitForClusterToBeReady$0(219)) - Waiting for nodes to be ready. Got 0 of 3 DN Heartbeats.
2022-03-01 02:11:14,192 [Listener at 127.0.0.1/39539] INFO  ozone.MiniOzoneClusterImpl (MiniOzoneClusterImpl.java:lambda$waitForClusterToBeReady$0(222)) - Waiting for cluster to exit safe mode
2022-03-01 02:11:14,192 [Listener at 127.0.0.1/39539] INFO  ozone.MiniOzoneClusterImpl (MiniOzoneClusterImpl.java:lambda$waitForClusterToBeReady$0(224)) - SCM became leader
2022-03-01 02:11:14,251 [EndpointStateMachine task thread for /0.0.0.0:33623 - 0 ] INFO  ozoneimpl.OzoneContainer (OzoneContainer.java:start(335)) - Attempting to start container services.
2022-03-01 02:11:14,255 [EndpointStateMachine task thread for /0.0.0.0:33623 - 0 ] INFO  ozoneimpl.OzoneContainer (OzoneContainer.java:startContainerScrub(270)) - Background container scanner has been disabled.
2022-03-01 02:11:14,257 [EndpointStateMachine task thread for /0.0.0.0:33623 - 0 ] INFO  replication.ReplicationServer (ReplicationServer.java:start(111)) - ReplicationServer is started using port 45615
2022-03-01 02:11:14,293 [EndpointStateMachine task thread for /0.0.0.0:33623 - 0 ] INFO  ratis.XceiverServerRatis (XceiverServerRatis.java:start(485)) - Starting XceiverServerRatis 5c298416-f78a-4f23-a8c1-47b4d7ce03fb
2022-03-01 02:11:14,316 [EndpointStateMachine task thread for /0.0.0.0:33623 - 0 ] INFO  server.RaftServer (RaftServerProxy.java:lambda$start$5(374)) - 5c298416-f78a-4f23-a8c1-47b4d7ce03fb: start RPC server
2022-03-01 02:11:14,317 [EndpointStateMachine task thread for /0.0.0.0:33623 - 0 ] INFO  server.GrpcService (GrpcService.java:startImpl(253)) - 5c298416-f78a-4f23-a8c1-47b4d7ce03fb: GrpcService started, listening on 44357
2022-03-01 02:11:14,317 [EndpointStateMachine task thread for /0.0.0.0:33623 - 0 ] INFO  ratis.XceiverServerRatis (XceiverServerRatis.java:getRealPort(506)) - XceiverServerRatis 5c298416-f78a-4f23-a8c1-47b4d7ce03fb is started using port 44357 for RATIS
2022-03-01 02:11:14,317 [EndpointStateMachine task thread for /0.0.0.0:33623 - 0 ] INFO  ratis.XceiverServerRatis (XceiverServerRatis.java:getRealPort(506)) - XceiverServerRatis 5c298416-f78a-4f23-a8c1-47b4d7ce03fb is started using port 44357 for RATIS_ADMIN
2022-03-01 02:11:14,317 [EndpointStateMachine task thread for /0.0.0.0:33623 - 0 ] INFO  ratis.XceiverServerRatis (XceiverServerRatis.java:getRealPort(506)) - XceiverServerRatis 5c298416-f78a-4f23-a8c1-47b4d7ce03fb is started using port 44357 for RATIS_SERVER
2022-03-01 02:11:14,318 [org.apache.ratis.util.JvmPauseMonitor$$Lambda$421/1299661385@7ec689a6] INFO  util.JvmPauseMonitor (JvmPauseMonitor.java:run(103)) - JvmPauseMonitor-5c298416-f78a-4f23-a8c1-47b4d7ce03fb: Started
2022-03-01 02:11:14,318 [EndpointStateMachine task thread for /0.0.0.0:33623 - 0 ] INFO  server.XceiverServerGrpc (XceiverServerGrpc.java:start(180)) - XceiverServerGrpc 5c298416-f78a-4f23-a8c1-47b4d7ce03fb is started using port 43499
2022-03-01 02:11:14,794 [IPC Server handler 14 on default port 33623] INFO  net.NetworkTopologyImpl (NetworkTopologyImpl.java:add(112)) - Added a new node: /default-rack/cfb69533-9b2a-4893-8451-2146b3cc8a01
2022-03-01 02:11:14,795 [IPC Server handler 14 on default port 33623] INFO  node.SCMNodeManager (SCMNodeManager.java:register(389)) - Registered Data node : cfb69533-9b2a-4893-8451-2146b3cc8a01{ip: 10.1.0.9, host: fv-az294-952.eaanfquahm5ulb5tj050gcxych.jx.internal.cloudapp.net, ports: [REPLICATION=36927, RATIS=37317, RATIS_ADMIN=37317, RATIS_SERVER=37317, STANDALONE=36785], networkLocation: /default-rack, certSerialId: null, persistedOpState: null, persistedOpStateExpiryEpochSec: 0}
2022-03-01 02:11:14,799 [EventQueue-NewNodeForNewNodeHandler] INFO  pipeline.BackgroundPipelineCreator (BackgroundPipelineCreator.java:notifyEventTriggered(285)) - trigger a one-shot run on RatisPipelineUtilsThread.
2022-03-01 02:11:14,799 [RatisPipelineUtilsThread - 0] INFO  pipeline.RatisPipelineProvider (RatisPipelineProvider.java:lambda$create$0(183)) - Sending CreatePipelineCommand for pipeline:PipelineID=788be079-df9a-493a-b6ee-f34e55378c5f to datanode:cfb69533-9b2a-4893-8451-2146b3cc8a01
2022-03-01 02:11:14,800 [EventQueue-NodeRegistrationContainerReportForDataNodeSafeModeRule] INFO  safemode.SCMSafeModeManager (DataNodeSafeModeRule.java:process(71)) - SCM in safe mode. 1 DataNodes registered, 3 required.
2022-03-01 02:11:14,826 [EventQueue-NodeRegistrationContainerReportForContainerSafeModeRule] INFO  safemode.SCMSafeModeManager (SCMSafeModeManager.java:validateSafeModeExitRules(204)) - ContainerSafeModeRule rule is successfully validated
2022-03-01 02:11:14,827 [EventQueue-PipelineReportForOneReplicaPipelineSafeModeRule] INFO  safemode.SCMSafeModeManager (SCMSafeModeManager.java:validateSafeModeExitRules(204)) - AtleastOneDatanodeReportedRule rule is successfully validated
2022-03-01 02:11:14,904 [b3976475-de62-4592-ace4-90f82038b1e6@group-532F9FFBF4A1-StateMachineUpdater] INFO  pipeline.PipelineStateManagerImpl (PipelineStateManagerImpl.java:addPipeline(101)) - Created pipeline Pipeline[ Id: 788be079-df9a-493a-b6ee-f34e55378c5f, Nodes: cfb69533-9b2a-4893-8451-2146b3cc8a01{ip: 10.1.0.9, host: fv-az294-952.eaanfquahm5ulb5tj050gcxych.jx.internal.cloudapp.net, ports: [REPLICATION=36927, RATIS=37317, RATIS_ADMIN=37317, RATIS_SERVER=37317, STANDALONE=36785], networkLocation: /default-rack, certSerialId: null, persistedOpState: IN_SERVICE, persistedOpStateExpiryEpochSec: 0}, ReplicationConfig: RATIS/ONE, State:ALLOCATED, leaderId:, CreationTimestamp2022-03-01T02:11:14.799Z[Etc/UTC]].
2022-03-01 02:11:14,904 [b3976475-de62-4592-ace4-90f82038b1e6@group-532F9FFBF4A1-StateMachineUpdater] INFO  safemode.HealthyPipelineSafeModeRule (HealthyPipelineSafeModeRule.java:initializeRule(152)) - Refreshed total pipeline count is 0, healthy pipeline threshold count is 1
2022-03-01 02:11:15,193 [Listener at 127.0.0.1/39539] INFO  ozone.MiniOzoneClusterImpl (MiniOzoneClusterImpl.java:lambda$waitForClusterToBeReady$0(219)) - Waiting for nodes to be ready. Got 1 of 3 DN Heartbeats.
2022-03-01 02:11:15,193 [Listener at 127.0.0.1/39539] INFO  ozone.MiniOzoneClusterImpl (MiniOzoneClusterImpl.java:lambda$waitForClusterToBeReady$0(222)) - Waiting for cluster to exit safe mode
2022-03-01 02:11:15,193 [Listener at 127.0.0.1/39539] INFO  ozone.MiniOzoneClusterImpl (MiniOzoneClusterImpl.java:lambda$waitForClusterToBeReady$0(224)) - SCM became leader
2022-03-01 02:11:15,451 [IPC Server handler 1 on default port 33623] INFO  net.NetworkTopologyImpl (NetworkTopologyImpl.java:add(112)) - Added a new node: /default-rack/e327d566-d0a7-4ebd-a186-fb348d426d12
2022-03-01 02:11:15,451 [IPC Server handler 1 on default port 33623] INFO  node.SCMNodeManager (SCMNodeManager.java:register(389)) - Registered Data node : e327d566-d0a7-4ebd-a186-fb348d426d12{ip: 10.1.0.9, host: fv-az294-952.eaanfquahm5ulb5tj050gcxych.jx.internal.cloudapp.net, ports: [REPLICATION=41765, RATIS=35291, RATIS_ADMIN=35291, RATIS_SERVER=35291, STANDALONE=43781], networkLocation: /default-rack, certSerialId: null, persistedOpState: null, persistedOpStateExpiryEpochSec: 0}
2022-03-01 02:11:15,455 [EventQueue-NewNodeForNewNodeHandler] INFO  pipeline.BackgroundPipelineCreator (BackgroundPipelineCreator.java:notifyEventTriggered(285)) - trigger a one-shot run on RatisPipelineUtilsThread.
2022-03-01 02:11:15,467 [EventQueue-NodeRegistrationContainerReportForDataNodeSafeModeRule] INFO  safemode.SCMSafeModeManager (DataNodeSafeModeRule.java:process(71)) - SCM in safe mode. 2 DataNodes registered, 3 required.
2022-03-01 02:11:15,473 [RatisPipelineUtilsThread - 0] INFO  pipeline.RatisPipelineProvider (RatisPipelineProvider.java:lambda$create$0(183)) - Sending CreatePipelineCommand for pipeline:PipelineID=4d28b2af-0498-4697-b6e0-c2227537a4d9 to datanode:e327d566-d0a7-4ebd-a186-fb348d426d12
2022-03-01 02:11:15,475 [b3976475-de62-4592-ace4-90f82038b1e6@group-532F9FFBF4A1-StateMachineUpdater] INFO  pipeline.PipelineStateManagerImpl (PipelineStateManagerImpl.java:addPipeline(101)) - Created pipeline Pipeline[ Id: 4d28b2af-0498-4697-b6e0-c2227537a4d9, Nodes: e327d566-d0a7-4ebd-a186-fb348d426d12{ip: 10.1.0.9, host: fv-az294-952.eaanfquahm5ulb5tj050gcxych.jx.internal.cloudapp.net, ports: [REPLICATION=41765, RATIS=35291, RATIS_ADMIN=35291, RATIS_SERVER=35291, STANDALONE=43781], networkLocation: /default-rack, certSerialId: null, persistedOpState: IN_SERVICE, persistedOpStateExpiryEpochSec: 0}, ReplicationConfig: RATIS/ONE, State:ALLOCATED, leaderId:, CreationTimestamp2022-03-01T02:11:15.473Z[Etc/UTC]].
2022-03-01 02:11:15,475 [b3976475-de62-4592-ace4-90f82038b1e6@group-532F9FFBF4A1-StateMachineUpdater] INFO  safemode.HealthyPipelineSafeModeRule (HealthyPipelineSafeModeRule.java:initializeRule(152)) - Refreshed total pipeline count is 0, healthy pipeline threshold count is 1
2022-03-01 02:11:16,194 [Listener at 127.0.0.1/39539] INFO  ozone.MiniOzoneClusterImpl (MiniOzoneClusterImpl.java:lambda$waitForClusterToBeReady$0(219)) - Waiting for nodes to be ready. Got 2 of 3 DN Heartbeats.
2022-03-01 02:11:16,194 [Listener at 127.0.0.1/39539] INFO  ozone.MiniOzoneClusterImpl (MiniOzoneClusterImpl.java:lambda$waitForClusterToBeReady$0(222)) - Waiting for cluster to exit safe mode
2022-03-01 02:11:16,194 [Listener at 127.0.0.1/39539] INFO  ozone.MiniOzoneClusterImpl (MiniOzoneClusterImpl.java:lambda$waitForClusterToBeReady$0(224)) - SCM became leader
2022-03-01 02:11:16,207 [IPC Server handler 0 on default port 33623] INFO  net.NetworkTopologyImpl (NetworkTopologyImpl.java:add(112)) - Added a new node: /default-rack/5c298416-f78a-4f23-a8c1-47b4d7ce03fb
2022-03-01 02:11:16,207 [IPC Server handler 0 on default port 33623] INFO  node.SCMNodeManager (SCMNodeManager.java:register(389)) - Registered Data node : 5c298416-f78a-4f23-a8c1-47b4d7ce03fb{ip: 10.1.0.9, host: fv-az294-952.eaanfquahm5ulb5tj050gcxych.jx.internal.cloudapp.net, ports: [REPLICATION=45615, RATIS=44357, RATIS_ADMIN=44357, RATIS_SERVER=44357, STANDALONE=43499], networkLocation: /default-rack, certSerialId: null, persistedOpState: null, persistedOpStateExpiryEpochSec: 0}
2022-03-01 02:11:16,208 [EventQueue-NewNodeForNewNodeHandler] INFO  pipeline.BackgroundPipelineCreator (BackgroundPipelineCreator.java:notifyEventTriggered(285)) - trigger a one-shot run on RatisPipelineUtilsThread.
2022-03-01 02:11:16,210 [RatisPipelineUtilsThread - 0] INFO  pipeline.RatisPipelineProvider (RatisPipelineProvider.java:lambda$create$0(183)) - Sending CreatePipelineCommand for pipeline:PipelineID=fc838263-e660-4032-ac61-c8f5be03a6a0 to datanode:5c298416-f78a-4f23-a8c1-47b4d7ce03fb
2022-03-01 02:11:16,211 [EventQueue-NodeRegistrationContainerReportForDataNodeSafeModeRule] INFO  safemode.SCMSafeModeManager (DataNodeSafeModeRule.java:process(71)) - SCM in safe mode. 3 DataNodes registered, 3 required.
2022-03-01 02:11:16,211 [EventQueue-NodeRegistrationContainerReportForDataNodeSafeModeRule] INFO  safemode.SCMSafeModeManager (SCMSafeModeManager.java:validateSafeModeExitRules(204)) - DataNodeSafeModeRule rule is successfully validated
2022-03-01 02:11:16,211 [EventQueue-NodeRegistrationContainerReportForDataNodeSafeModeRule] INFO  safemode.SCMSafeModeManager (SCMSafeModeManager.java:completePreCheck(233)) - All SCM safe mode pre check rules have passed
2022-03-01 02:11:16,211 [EventQueue-NodeRegistrationContainerReportForDataNodeSafeModeRule] WARN  events.EventQueue (EventQueue.java:fireEvent(194)) - No event handler registered for event TypedEvent{payloadType=SafeModeStatus, name='Safe mode status'}
2022-03-01 02:11:16,211 [EventQueue-NodeRegistrationContainerReportForDataNodeSafeModeRule] INFO  ha.SCMContext (SCMContext.java:updateSafeModeStatus(211)) - Update SafeModeStatus from SafeModeStatus{safeModeStatus=true, preCheckPassed=false} to SafeModeStatus{safeModeStatus=true, preCheckPassed=true}.
2022-03-01 02:11:16,211 [EventQueue-NodeRegistrationContainerReportForDataNodeSafeModeRule] INFO  pipeline.BackgroundPipelineCreator (BackgroundPipelineCreator.java:notifyEventTriggered(285)) - trigger a one-shot run on RatisPipelineUtilsThread.
2022-03-01 02:11:16,212 [b3976475-de62-4592-ace4-90f82038b1e6@group-532F9FFBF4A1-StateMachineUpdater] INFO  pipeline.PipelineStateManagerImpl (PipelineStateManagerImpl.java:addPipeline(101)) - Created pipeline Pipeline[ Id: fc838263-e660-4032-ac61-c8f5be03a6a0, Nodes: 5c298416-f78a-4f23-a8c1-47b4d7ce03fb{ip: 10.1.0.9, host: fv-az294-952.eaanfquahm5ulb5tj050gcxych.jx.internal.cloudapp.net, ports: [REPLICATION=45615, RATIS=44357, RATIS_ADMIN=44357, RATIS_SERVER=44357, STANDALONE=43499], networkLocation: /default-rack, certSerialId: null, persistedOpState: IN_SERVICE, persistedOpStateExpiryEpochSec: 0}, ReplicationConfig: RATIS/ONE, State:ALLOCATED, leaderId:, CreationTimestamp2022-03-01T02:11:16.210Z[Etc/UTC]].
2022-03-01 02:11:16,212 [b3976475-de62-4592-ace4-90f82038b1e6@group-532F9FFBF4A1-StateMachineUpdater] INFO  safemode.HealthyPipelineSafeModeRule (HealthyPipelineSafeModeRule.java:initializeRule(152)) - Refreshed total pipeline count is 0, healthy pipeline threshold count is 1
2022-03-01 02:11:16,212 [RatisPipelineUtilsThread - 0] INFO  pipeline.RatisPipelineProvider (RatisPipelineProvider.java:lambda$create$0(183)) - Sending CreatePipelineCommand for pipeline:PipelineID=b2864994-ad83-4c12-a7da-d9f7545f58f9 to datanode:cfb69533-9b2a-4893-8451-2146b3cc8a01
2022-03-01 02:11:16,212 [RatisPipelineUtilsThread - 0] INFO  pipeline.RatisPipelineProvider (RatisPipelineProvider.java:lambda$create$0(183)) - Sending CreatePipelineCommand for pipeline:PipelineID=b2864994-ad83-4c12-a7da-d9f7545f58f9 to datanode:e327d566-d0a7-4ebd-a186-fb348d426d12
2022-03-01 02:11:16,212 [RatisPipelineUtilsThread - 0] INFO  pipeline.RatisPipelineProvider (RatisPipelineProvider.java:lambda$create$0(183)) - Sending CreatePipelineCommand for pipeline:PipelineID=b2864994-ad83-4c12-a7da-d9f7545f58f9 to datanode:5c298416-f78a-4f23-a8c1-47b4d7ce03fb
2022-03-01 02:11:16,214 [b3976475-de62-4592-ace4-90f82038b1e6@group-532F9FFBF4A1-StateMachineUpdater] INFO  pipeline.PipelineStateManagerImpl (PipelineStateManagerImpl.java:addPipeline(101)) - Created pipeline Pipeline[ Id: b2864994-ad83-4c12-a7da-d9f7545f58f9, Nodes: cfb69533-9b2a-4893-8451-2146b3cc8a01{ip: 10.1.0.9, host: fv-az294-952.eaanfquahm5ulb5tj050gcxych.jx.internal.cloudapp.net, ports: [REPLICATION=36927, RATIS=37317, RATIS_ADMIN=37317, RATIS_SERVER=37317, STANDALONE=36785], networkLocation: /default-rack, certSerialId: null, persistedOpState: IN_SERVICE, persistedOpStateExpiryEpochSec: 0}e327d566-d0a7-4ebd-a186-fb348d426d12{ip: 10.1.0.9, host: fv-az294-952.eaanfquahm5ulb5tj050gcxych.jx.internal.cloudapp.net, ports: [REPLICATION=41765, RATIS=35291, RATIS_ADMIN=35291, RATIS_SERVER=35291, STANDALONE=43781], networkLocation: /default-rack, certSerialId: null, persistedOpState: IN_SERVICE, persistedOpStateExpiryEpochSec: 0}5c298416-f78a-4f23-a8c1-47b4d7ce03fb{ip: 10.1.0.9, host: fv-az294-952.eaanfquahm5ulb5tj050gcxych.jx.internal.cloudapp.net, ports: [REPLICATION=45615, RATIS=44357, RATIS_ADMIN=44357, RATIS_SERVER=44357, STANDALONE=43499], networkLocation: /default-rack, certSerialId: null, persistedOpState: IN_SERVICE, persistedOpStateExpiryEpochSec: 0}, ReplicationConfig: RATIS/THREE, State:ALLOCATED, leaderId:, CreationTimestamp2022-03-01T02:11:16.212Z[Etc/UTC]].
2022-03-01 02:11:16,214 [b3976475-de62-4592-ace4-90f82038b1e6@group-532F9FFBF4A1-StateMachineUpdater] INFO  safemode.HealthyPipelineSafeModeRule (HealthyPipelineSafeModeRule.java:initializeRule(152)) - Refreshed total pipeline count is 0, healthy pipeline threshold count is 1
2022-03-01 02:11:16,214 [RatisPipelineUtilsThread - 0] INFO  pipeline.RatisPipelineProvider (RatisPipelineProvider.java:lambda$create$0(183)) - Sending CreatePipelineCommand for pipeline:PipelineID=c11dbabe-2905-4e80-bc84-aa11e25b4213 to datanode:5c298416-f78a-4f23-a8c1-47b4d7ce03fb
2022-03-01 02:11:16,214 [RatisPipelineUtilsThread - 0] INFO  pipeline.RatisPipelineProvider (RatisPipelineProvider.java:lambda$create$0(183)) - Sending CreatePipelineCommand for pipeline:PipelineID=c11dbabe-2905-4e80-bc84-aa11e25b4213 to datanode:e327d566-d0a7-4ebd-a186-fb348d426d12
2022-03-01 02:11:16,214 [RatisPipelineUtilsThread - 0] INFO  pipeline.RatisPipelineProvider (RatisPipelineProvider.java:lambda$create$0(183)) - Sending CreatePipelineCommand for pipeline:PipelineID=c11dbabe-2905-4e80-bc84-aa11e25b4213 to datanode:cfb69533-9b2a-4893-8451-2146b3cc8a01
2022-03-01 02:11:16,215 [b3976475-de62-4592-ace4-90f82038b1e6@group-532F9FFBF4A1-StateMachineUpdater] INFO  pipeline.PipelineStateManagerImpl (PipelineStateManagerImpl.java:addPipeline(101)) - Created pipeline Pipeline[ Id: c11dbabe-2905-4e80-bc84-aa11e25b4213, Nodes: 5c298416-f78a-4f23-a8c1-47b4d7ce03fb{ip: 10.1.0.9, host: fv-az294-952.eaanfquahm5ulb5tj050gcxych.jx.internal.cloudapp.net, ports: [REPLICATION=45615, RATIS=44357, RATIS_ADMIN=44357, RATIS_SERVER=44357, STANDALONE=43499], networkLocation: /default-rack, certSerialId: null, persistedOpState: IN_SERVICE, persistedOpStateExpiryEpochSec: 0}e327d566-d0a7-4ebd-a186-fb348d426d12{ip: 10.1.0.9, host: fv-az294-952.eaanfquahm5ulb5tj050gcxych.jx.internal.cloudapp.net, ports: [REPLICATION=41765, RATIS=35291, RATIS_ADMIN=35291, RATIS_SERVER=35291, STANDALONE=43781], networkLocation: /default-rack, certSerialId: null, persistedOpState: IN_SERVICE, persistedOpStateExpiryEpochSec: 0}cfb69533-9b2a-4893-8451-2146b3cc8a01{ip: 10.1.0.9, host: fv-az294-952.eaanfquahm5ulb5tj050gcxych.jx.internal.cloudapp.net, ports: [REPLICATION=36927, RATIS=37317, RATIS_ADMIN=37317, RATIS_SERVER=37317, STANDALONE=36785], networkLocation: /default-rack, certSerialId: null, persistedOpState: IN_SERVICE, persistedOpStateExpiryEpochSec: 0}, ReplicationConfig: RATIS/THREE, State:ALLOCATED, leaderId:, CreationTimestamp2022-03-01T02:11:16.214Z[Etc/UTC]].
2022-03-01 02:11:16,216 [b3976475-de62-4592-ace4-90f82038b1e6@group-532F9FFBF4A1-StateMachineUpdater] INFO  safemode.HealthyPipelineSafeModeRule (HealthyPipelineSafeModeRule.java:initializeRule(152)) - Refreshed total pipeline count is 0, healthy pipeline threshold count is 1
2022-03-01 02:11:16,216 [RatisPipelineUtilsThread - 0] INFO  pipeline.PipelineManagerImpl (PipelineManagerImpl.java:recordMetricsForPipeline(639)) - Pipeline: PipelineID=c11dbabe-2905-4e80-bc84-aa11e25b4213 contains same datanodes as previous pipelines: PipelineID=b2864994-ad83-4c12-a7da-d9f7545f58f9 nodeIds: 5c298416-f78a-4f23-a8c1-47b4d7ce03fb, e327d566-d0a7-4ebd-a186-fb348d426d12, cfb69533-9b2a-4893-8451-2146b3cc8a01
2022-03-01 02:11:17,194 [Listener at 127.0.0.1/39539] INFO  ozone.MiniOzoneClusterImpl (MiniOzoneClusterImpl.java:lambda$waitForClusterToBeReady$0(219)) - Nodes are ready. Got 3 of 3 DN Heartbeats.
2022-03-01 02:11:17,195 [Listener at 127.0.0.1/39539] INFO  ozone.MiniOzoneClusterImpl (MiniOzoneClusterImpl.java:lambda$waitForClusterToBeReady$0(222)) - Waiting for cluster to exit safe mode
2022-03-01 02:11:17,195 [Listener at 127.0.0.1/39539] INFO  ozone.MiniOzoneClusterImpl (MiniOzoneClusterImpl.java:lambda$waitForClusterToBeReady$0(224)) - SCM became leader
2022-03-01 02:11:17,795 [Command processor thread] INFO  server.RaftServer (RaftServerProxy.java:addNew(95)) - cfb69533-9b2a-4893-8451-2146b3cc8a01: addNew group-F34E55378C5F:[cfb69533-9b2a-4893-8451-2146b3cc8a01|rpc:10.1.0.9:37317|priority:1] returns group-F34E55378C5F:java.util.concurrent.CompletableFuture@25d887bb[Not completed]
2022-03-01 02:11:17,796 [pool-692-thread-1] INFO  server.RaftServer$Division (RaftServerImpl.java:<init>(184)) - cfb69533-9b2a-4893-8451-2146b3cc8a01: new RaftServerImpl for group-F34E55378C5F:[cfb69533-9b2a-4893-8451-2146b3cc8a01|rpc:10.1.0.9:37317|priority:1] with ContainerStateMachine:uninitialized
2022-03-01 02:11:17,800 [pool-692-thread-1] INFO  server.RaftServerConfigKeys (ConfUtils.java:logGet(44)) - raft.server.rpc.timeout.min = 5s (custom)
2022-03-01 02:11:17,800 [pool-692-thread-1] INFO  server.RaftServerConfigKeys (ConfUtils.java:logGet(44)) - raft.server.rpc.timeout.max = 5200ms (custom)
2022-03-01 02:11:17,800 [pool-692-thread-1] INFO  server.RaftServerConfigKeys (ConfUtils.java:logGet(44)) - raft.server.rpc.sleep.time = 25ms (default)
2022-03-01 02:11:17,800 [pool-692-thread-1] INFO  server.RaftServerConfigKeys (ConfUtils.java:logGet(44)) - raft.server.rpc.slowness.timeout = 300s (custom)
2022-03-01 02:11:17,800 [pool-692-thread-1] INFO  server.RaftServerConfigKeys (ConfUtils.java:logGet(44)) - raft.server.leaderelection.leader.step-down.wait-time = 10s (default)
2022-03-01 02:11:17,800 [pool-692-thread-1] INFO  server.RaftServerConfigKeys (ConfUtils.java:logGet(44)) - raft.server.sleep.deviation.threshold = 300ms (default)
2022-03-01 02:11:17,801 [pool-692-thread-1] INFO  server.RaftServerConfigKeys (ConfUtils.java:logGet(44)) - raft.server.log.appender.install.snapshot.enabled = false (custom)
2022-03-01 02:11:17,801 [pool-692-thread-1] INFO  server.RaftServer$Division (ServerState.java:<init>(105)) - cfb69533-9b2a-4893-8451-2146b3cc8a01@group-F34E55378C5F: ConfigurationManager, init=-1: [cfb69533-9b2a-4893-8451-2146b3cc8a01|rpc:10.1.0.9:37317|priority:1], old=null, confs=<EMPTY_MAP>
2022-03-01 02:11:17,801 [pool-692-thread-1] INFO  server.RaftServerConfigKeys (ConfUtils.java:logGet(44)) - raft.server.storage.dir = [/home/runner/work/ozone/ozone/hadoop-ozone/integration-test/target/test-dir/MiniOzoneClusterImpl-205f3ae4-9c2f-49b9-89f9-532f9ffbf4a1/datanode-0/data/ratis] (custom)
2022-03-01 02:11:17,801 [pool-692-thread-1] INFO  server.RaftServerConfigKeys (ConfUtils.java:logGet(44)) - raft.server.log.corruption.policy = EXCEPTION (default)
2022-03-01 02:11:17,801 [pool-692-thread-1] INFO  server.RaftServerConfigKeys (ConfUtils.java:logGet(44)) - raft.server.storage.free-space.min = 0MB (=0) (default)
2022-03-01 02:11:17,801 [pool-692-thread-1] INFO  storage.RaftStorageDirectory (RaftStorageDirectoryImpl.java:analyzeStorage(135)) - The storage directory /home/runner/work/ozone/ozone/hadoop-ozone/integration-test/target/test-dir/MiniOzoneClusterImpl-205f3ae4-9c2f-49b9-89f9-532f9ffbf4a1/datanode-0/data/ratis/788be079-df9a-493a-b6ee-f34e55378c5f does not exist. Creating ...
2022-03-01 02:11:17,802 [pool-692-thread-1] INFO  storage.RaftStorageDirectory (RaftStorageDirectoryImpl.java:tryLock(230)) - Lock on /home/runner/work/ozone/ozone/hadoop-ozone/integration-test/target/test-dir/MiniOzoneClusterImpl-205f3ae4-9c2f-49b9-89f9-532f9ffbf4a1/datanode-0/data/ratis/788be079-df9a-493a-b6ee-f34e55378c5f/in_use.lock acquired by nodename 9245@fv-az294-952
2022-03-01 02:11:17,828 [pool-692-thread-1] INFO  storage.RaftStorage (RaftStorageImpl.java:format(89)) - Storage directory /home/runner/work/ozone/ozone/hadoop-ozone/integration-test/target/test-dir/MiniOzoneClusterImpl-205f3ae4-9c2f-49b9-89f9-532f9ffbf4a1/datanode-0/data/ratis/788be079-df9a-493a-b6ee-f34e55378c5f has been successfully formatted.
2022-03-01 02:11:17,848 [pool-692-thread-1] INFO  ratis.ContainerStateMachine (ContainerStateMachine.java:loadSnapshot(236)) - group-F34E55378C5F: The snapshot info is null. Setting the last applied indexto:(t:0, i:~)
2022-03-01 02:11:17,848 [EventQueue-PipelineReportForPipelineReportHandler] INFO  pipeline.PipelineManagerImpl (PipelineManagerImpl.java:openPipeline(291)) - Pipeline Pipeline[ Id: 788be079-df9a-493a-b6ee-f34e55378c5f, Nodes: cfb69533-9b2a-4893-8451-2146b3cc8a01{ip: 10.1.0.9, host: fv-az294-952.eaanfquahm5ulb5tj050gcxych.jx.internal.cloudapp.net, ports: [REPLICATION=36927, RATIS=37317, RATIS_ADMIN=37317, RATIS_SERVER=37317, STANDALONE=36785], networkLocation: /default-rack, certSerialId: null, persistedOpState: IN_SERVICE, persistedOpStateExpiryEpochSec: 0}, ReplicationConfig: RATIS/ONE, State:ALLOCATED, leaderId:cfb69533-9b2a-4893-8451-2146b3cc8a01, CreationTimestamp2022-03-01T02:11:14.799Z[Etc/UTC]] moved to OPEN state
2022-03-01 02:11:17,855 [pool-692-thread-1] INFO  server.RaftServerConfigKeys (ConfUtils.java:logGet(44)) - raft.server.notification.no-leader.timeout = 300s (custom)
2022-03-01 02:11:17,855 [pool-692-thread-1] INFO  server.RaftServerConfigKeys (ConfUtils.java:logGet(44)) - raft.server.log.use.memory = false (default)
2022-03-01 02:11:17,855 [pool-692-thread-1] INFO  server.RaftServerConfigKeys (ConfUtils.java:logGet(44)) - raft.server.log.purge.gap = 1000000 (custom)
2022-03-01 02:11:17,856 [pool-692-thread-1] INFO  server.RaftServerConfigKeys (ConfUtils.java:logGet(44)) - raft.server.log.appender.buffer.byte-limit = 33554432 (custom)
2022-03-01 02:11:17,856 [pool-692-thread-1] INFO  server.RaftServerConfigKeys (ConfUtils.java:logGet(44)) - raft.server.log.segment.size.max = 1048576 (custom)
2022-03-01 02:11:17,856 [pool-692-thread-1] INFO  server.RaftServerConfigKeys (ConfUtils.java:logGet(44)) - raft.server.log.segment.cache.num.max = 2 (custom)
2022-03-01 02:11:17,856 [pool-692-thread-1] INFO  server.RaftServerConfigKeys (ConfUtils.java:logGet(44)) - raft.server.log.segment.cache.size.max = 200MB (=209715200) (default)
2022-03-01 02:11:17,856 [pool-692-thread-1] INFO  segmented.SegmentedRaftLogWorker (SegmentedRaftLogWorker.java:<init>(182)) - new cfb69533-9b2a-4893-8451-2146b3cc8a01@group-F34E55378C5F-SegmentedRaftLogWorker for RaftStorageImpl:Storage Directory /home/runner/work/ozone/ozone/hadoop-ozone/integration-test/target/test-dir/MiniOzoneClusterImpl-205f3ae4-9c2f-49b9-89f9-532f9ffbf4a1/datanode-0/data/ratis/788be079-df9a-493a-b6ee-f34e55378c5f
2022-03-01 02:11:17,856 [pool-692-thread-1] INFO  server.RaftServerConfigKeys (ConfUtils.java:logGet(44)) - raft.server.log.queue.byte-limit = 4294967296 (custom)
2022-03-01 02:11:17,856 [pool-692-thread-1] INFO  server.RaftServerConfigKeys (ConfUtils.java:logGet(44)) - raft.server.log.queue.element-limit = 1024 (custom)
2022-03-01 02:11:17,857 [pool-692-thread-1] INFO  server.RaftServerConfigKeys (ConfUtils.java:logGet(44)) - raft.server.log.segment.size.max = 1048576 (custom)
2022-03-01 02:11:17,857 [pool-692-thread-1] INFO  server.RaftServerConfigKeys (ConfUtils.java:logGet(44)) - raft.server.log.preallocated.size = 16384 (custom)
2022-03-01 02:11:17,857 [pool-692-thread-1] INFO  server.RaftServerConfigKeys (ConfUtils.java:logGet(44)) - raft.server.log.force.sync.num = 128 (default)
2022-03-01 02:11:17,857 [pool-692-thread-1] INFO  server.RaftServerConfigKeys (ConfUtils.java:logGet(44)) - raft.server.log.statemachine.data.sync = true (default)
2022-03-01 02:11:17,857 [pool-692-thread-1] INFO  server.RaftServerConfigKeys (ConfUtils.java:logGet(44)) - raft.server.log.statemachine.data.sync.timeout = 10s (default)
2022-03-01 02:11:17,857 [pool-692-thread-1] INFO  server.RaftServerConfigKeys (ConfUtils.java:logGet(44)) - raft.server.log.statemachine.data.sync.timeout.retry = -1 (default)
2022-03-01 02:11:17,858 [pool-692-thread-1] INFO  server.RaftServerConfigKeys (ConfUtils.java:logGet(44)) - raft.server.log.write.buffer.size = 1048576 (custom)
2022-03-01 02:11:17,858 [pool-692-thread-1] INFO  server.RaftServerConfigKeys (ConfUtils.java:logGet(44)) - raft.server.log.statemachine.data.caching.enabled = true (custom)
2022-03-01 02:11:17,867 [b3976475-de62-4592-ace4-90f82038b1e6@group-532F9FFBF4A1-StateMachineUpdater] INFO  safemode.HealthyPipelineSafeModeRule (HealthyPipelineSafeModeRule.java:initializeRule(152)) - Refreshed total pipeline count is 0, healthy pipeline threshold count is 1
2022-03-01 02:11:17,881 [EventQueue-OpenPipelineForHealthyPipelineSafeModeRule] INFO  safemode.SCMSafeModeManager (HealthyPipelineSafeModeRule.java:process(124)) - SCM in safe mode. Healthy pipelines reported count is 0, required healthy pipeline reported count is 1
2022-03-01 02:11:17,888 [pool-692-thread-1] INFO  segmented.SegmentedRaftLogWorker (SegmentedRaftLogWorker.java:lambda$new$0(133)) - cfb69533-9b2a-4893-8451-2146b3cc8a01@group-F34E55378C5F-SegmentedRaftLogWorker: flushIndex: setUnconditionally 0 -> -1
2022-03-01 02:11:17,888 [pool-692-thread-1] INFO  segmented.SegmentedRaftLogWorker (SegmentedRaftLogWorker.java:lambda$new$0(133)) - cfb69533-9b2a-4893-8451-2146b3cc8a01@group-F34E55378C5F-SegmentedRaftLogWorker: safeCacheEvictIndex: setUnconditionally 0 -> -1
2022-03-01 02:11:17,890 [pool-692-thread-1] INFO  server.RaftServerConfigKeys (ConfUtils.java:logGet(44)) - raft.server.snapshot.auto.trigger.enabled = true (custom)
2022-03-01 02:11:17,891 [pool-692-thread-1] INFO  server.RaftServerConfigKeys (ConfUtils.java:logGet(44)) - raft.server.snapshot.auto.trigger.threshold = 10000 (custom)
2022-03-01 02:11:17,891 [pool-692-thread-1] INFO  server.RaftServerConfigKeys (ConfUtils.java:logGet(44)) - raft.server.snapshot.retention.file.num = 5 (custom)
2022-03-01 02:11:17,891 [pool-692-thread-1] INFO  server.RaftServerConfigKeys (ConfUtils.java:logGet(44)) - raft.server.log.purge.upto.snapshot.index = false (default)
2022-03-01 02:11:17,891 [pool-692-thread-1] INFO  server.RaftServerConfigKeys (ConfUtils.java:logGet(44)) - raft.server.retrycache.expirytime = 600000ms (custom)
2022-03-01 02:11:17,891 [pool-692-thread-1] INFO  server.RaftServerConfigKeys (ConfUtils.java:logGet(44)) - raft.server.retrycache.statistics.expirytime = 100μs (default)
2022-03-01 02:11:17,908 [pool-692-thread-1] INFO  server.RaftServer$Division (RaftServerImpl.java:start(301)) - cfb69533-9b2a-4893-8451-2146b3cc8a01@group-F34E55378C5F: start as a follower, conf=-1: [cfb69533-9b2a-4893-8451-2146b3cc8a01|rpc:10.1.0.9:37317|priority:1], old=null
2022-03-01 02:11:17,908 [pool-692-thread-1] INFO  server.RaftServer$Division (RaftServerImpl.java:setRole(290)) - cfb69533-9b2a-4893-8451-2146b3cc8a01@group-F34E55378C5F: changes role from      null to FOLLOWER at term 0 for startAsFollower
2022-03-01 02:11:17,908 [pool-692-thread-1] INFO  impl.RoleInfo (RoleInfo.java:updateAndGet(130)) - cfb69533-9b2a-4893-8451-2146b3cc8a01: start cfb69533-9b2a-4893-8451-2146b3cc8a01@group-F34E55378C5F-FollowerState
2022-03-01 02:11:17,933 [pool-692-thread-1] INFO  util.JmxRegister (JmxRegister.java:tryRegister(44)) - Successfully registered JMX Bean with object name Ratis:service=RaftServer,group=group-F34E55378C5F,id=cfb69533-9b2a-4893-8451-2146b3cc8a01
2022-03-01 02:11:17,942 [Command processor thread] INFO  ratis.XceiverServerRatis (XceiverServerRatis.java:addGroup(769)) - Created group PipelineID=788be079-df9a-493a-b6ee-f34e55378c5f
2022-03-01 02:11:17,942 [Command processor thread] INFO  commandhandler.CreatePipelineCommandHandler (CreatePipelineCommandHandler.java:handle(106)) - Created Pipeline RATIS ONE PipelineID=788be079-df9a-493a-b6ee-f34e55378c5f.
2022-03-01 02:11:17,942 [Command processor thread] INFO  server.RaftServer (RaftServerProxy.java:addNew(95)) - cfb69533-9b2a-4893-8451-2146b3cc8a01: addNew group-D9F7545F58F9:[5c298416-f78a-4f23-a8c1-47b4d7ce03fb|rpc:10.1.0.9:44357|priority:0, cfb69533-9b2a-4893-8451-2146b3cc8a01|rpc:10.1.0.9:37317|priority:1, e327d566-d0a7-4ebd-a186-fb348d426d12|rpc:10.1.0.9:35291|priority:0] returns group-D9F7545F58F9:java.util.concurrent.CompletableFuture@21e717d8[Not completed]
2022-03-01 02:11:17,943 [pool-692-thread-1] INFO  server.RaftServer$Division (RaftServerImpl.java:<init>(184)) - cfb69533-9b2a-4893-8451-2146b3cc8a01: new RaftServerImpl for group-D9F7545F58F9:[5c298416-f78a-4f23-a8c1-47b4d7ce03fb|rpc:10.1.0.9:44357|priority:0, cfb69533-9b2a-4893-8451-2146b3cc8a01|rpc:10.1.0.9:37317|priority:1, e327d566-d0a7-4ebd-a186-fb348d426d12|rpc:10.1.0.9:35291|priority:0] with ContainerStateMachine:uninitialized
2022-03-01 02:11:17,943 [pool-692-thread-1] INFO  server.RaftServerConfigKeys (ConfUtils.java:logGet(44)) - raft.server.rpc.timeout.min = 5s (custom)
2022-03-01 02:11:17,943 [pool-692-thread-1] INFO  server.RaftServerConfigKeys (ConfUtils.java:logGet(44)) - raft.server.rpc.timeout.max = 5200ms (custom)
2022-03-01 02:11:17,944 [pool-692-thread-1] INFO  server.RaftServerConfigKeys (ConfUtils.java:logGet(44)) - raft.server.rpc.sleep.time = 25ms (default)
2022-03-01 02:11:17,944 [pool-692-thread-1] INFO  server.RaftServerConfigKeys (ConfUtils.java:logGet(44)) - raft.server.rpc.slowness.timeout = 300s (custom)
2022-03-01 02:11:17,944 [pool-692-thread-1] INFO  server.RaftServerConfigKeys (ConfUtils.java:logGet(44)) - raft.server.leaderelection.leader.step-down.wait-time = 10s (default)
2022-03-01 02:11:17,944 [pool-692-thread-1] INFO  server.RaftServerConfigKeys (ConfUtils.java:logGet(44)) - raft.server.sleep.deviation.threshold = 300ms (default)
2022-03-01 02:11:17,944 [pool-692-thread-1] INFO  server.RaftServerConfigKeys (ConfUtils.java:logGet(44)) - raft.server.log.appender.install.snapshot.enabled = false (custom)
2022-03-01 02:11:17,944 [pool-692-thread-1] INFO  server.RaftServer$Division (ServerState.java:<init>(105)) - cfb69533-9b2a-4893-8451-2146b3cc8a01@group-D9F7545F58F9: ConfigurationManager, init=-1: [5c298416-f78a-4f23-a8c1-47b4d7ce03fb|rpc:10.1.0.9:44357|priority:0, cfb69533-9b2a-4893-8451-2146b3cc8a01|rpc:10.1.0.9:37317|priority:1, e327d566-d0a7-4ebd-a186-fb348d426d12|rpc:10.1.0.9:35291|priority:0], old=null, confs=<EMPTY_MAP>
2022-03-01 02:11:17,944 [pool-692-thread-1] INFO  server.RaftServerConfigKeys (ConfUtils.java:logGet(44)) - raft.server.storage.dir = [/home/runner/work/ozone/ozone/hadoop-ozone/integration-test/target/test-dir/MiniOzoneClusterImpl-205f3ae4-9c2f-49b9-89f9-532f9ffbf4a1/datanode-0/data/ratis] (custom)
2022-03-01 02:11:17,944 [pool-692-thread-1] INFO  server.RaftServerConfigKeys (ConfUtils.java:logGet(44)) - raft.server.log.corruption.policy = EXCEPTION (default)
2022-03-01 02:11:17,944 [pool-692-thread-1] INFO  server.RaftServerConfigKeys (ConfUtils.java:logGet(44)) - raft.server.storage.free-space.min = 0MB (=0) (default)
2022-03-01 02:11:17,944 [pool-692-thread-1] INFO  storage.RaftStorageDirectory (RaftStorageDirectoryImpl.java:analyzeStorage(135)) - The storage directory /home/runner/work/ozone/ozone/hadoop-ozone/integration-test/target/test-dir/MiniOzoneClusterImpl-205f3ae4-9c2f-49b9-89f9-532f9ffbf4a1/datanode-0/data/ratis/b2864994-ad83-4c12-a7da-d9f7545f58f9 does not exist. Creating ...
2022-03-01 02:11:17,945 [pool-692-thread-1] INFO  storage.RaftStorageDirectory (RaftStorageDirectoryImpl.java:tryLock(230)) - Lock on /home/runner/work/ozone/ozone/hadoop-ozone/integration-test/target/test-dir/MiniOzoneClusterImpl-205f3ae4-9c2f-49b9-89f9-532f9ffbf4a1/datanode-0/data/ratis/b2864994-ad83-4c12-a7da-d9f7545f58f9/in_use.lock acquired by nodename 9245@fv-az294-952
2022-03-01 02:11:17,947 [pool-692-thread-1] INFO  storage.RaftStorage (RaftStorageImpl.java:format(89)) - Storage directory /home/runner/work/ozone/ozone/hadoop-ozone/integration-test/target/test-dir/MiniOzoneClusterImpl-205f3ae4-9c2f-49b9-89f9-532f9ffbf4a1/datanode-0/data/ratis/b2864994-ad83-4c12-a7da-d9f7545f58f9 has been successfully formatted.
2022-03-01 02:11:17,948 [pool-692-thread-1] INFO  ratis.ContainerStateMachine (ContainerStateMachine.java:loadSnapshot(236)) - group-D9F7545F58F9: The snapshot info is null. Setting the last applied indexto:(t:0, i:~)
2022-03-01 02:11:17,948 [pool-692-thread-1] INFO  server.RaftServerConfigKeys (ConfUtils.java:logGet(44)) - raft.server.notification.no-leader.timeout = 300s (custom)
2022-03-01 02:11:17,948 [pool-692-thread-1] INFO  server.RaftServerConfigKeys (ConfUtils.java:logGet(44)) - raft.server.log.use.memory = false (default)
2022-03-01 02:11:17,948 [pool-692-thread-1] INFO  server.RaftServerConfigKeys (ConfUtils.java:logGet(44)) - raft.server.log.purge.gap = 1000000 (custom)
2022-03-01 02:11:17,948 [pool-692-thread-1] INFO  server.RaftServerConfigKeys (ConfUtils.java:logGet(44)) - raft.server.log.appender.buffer.byte-limit = 33554432 (custom)
2022-03-01 02:11:17,948 [pool-692-thread-1] INFO  server.RaftServerConfigKeys (ConfUtils.java:logGet(44)) - raft.server.log.segment.size.max = 1048576 (custom)
2022-03-01 02:11:17,949 [pool-692-thread-1] INFO  server.RaftServerConfigKeys (ConfUtils.java:logGet(44)) - raft.server.log.segment.cache.num.max = 2 (custom)
2022-03-01 02:11:17,949 [pool-692-thread-1] INFO  server.RaftServerConfigKeys (ConfUtils.java:logGet(44)) - raft.server.log.segment.cache.size.max = 200MB (=209715200) (default)
2022-03-01 02:11:17,949 [pool-692-thread-1] INFO  segmented.SegmentedRaftLogWorker (SegmentedRaftLogWorker.java:<init>(182)) - new cfb69533-9b2a-4893-8451-2146b3cc8a01@group-D9F7545F58F9-SegmentedRaftLogWorker for RaftStorageImpl:Storage Directory /home/runner/work/ozone/ozone/hadoop-ozone/integration-test/target/test-dir/MiniOzoneClusterImpl-205f3ae4-9c2f-49b9-89f9-532f9ffbf4a1/datanode-0/data/ratis/b2864994-ad83-4c12-a7da-d9f7545f58f9
2022-03-01 02:11:17,949 [pool-692-thread-1] INFO  server.RaftServerConfigKeys (ConfUtils.java:logGet(44)) - raft.server.log.queue.byte-limit = 4294967296 (custom)
2022-03-01 02:11:17,949 [pool-692-thread-1] INFO  server.RaftServerConfigKeys (ConfUtils.java:logGet(44)) - raft.server.log.queue.element-limit = 1024 (custom)
2022-03-01 02:11:17,949 [pool-692-thread-1] INFO  server.RaftServerConfigKeys (ConfUtils.java:logGet(44)) - raft.server.log.segment.size.max = 1048576 (custom)
2022-03-01 02:11:17,949 [pool-692-thread-1] INFO  server.RaftServerConfigKeys (ConfUtils.java:logGet(44)) - raft.server.log.preallocated.size = 16384 (custom)
2022-03-01 02:11:17,949 [pool-692-thread-1] INFO  server.RaftServerConfigKeys (ConfUtils.java:logGet(44)) - raft.server.log.force.sync.num = 128 (default)
2022-03-01 02:11:17,949 [pool-692-thread-1] INFO  server.RaftServerConfigKeys (ConfUtils.java:logGet(44)) - raft.server.log.statemachine.data.sync = true (default)
2022-03-01 02:11:17,949 [pool-692-thread-1] INFO  server.RaftServerConfigKeys (ConfUtils.java:logGet(44)) - raft.server.log.statemachine.data.sync.timeout = 10s (default)
2022-03-01 02:11:17,949 [pool-692-thread-1] INFO  server.RaftServerConfigKeys (ConfUtils.java:logGet(44)) - raft.server.log.statemachine.data.sync.timeout.retry = -1 (default)
2022-03-01 02:11:17,950 [pool-692-thread-1] INFO  server.RaftServerConfigKeys (ConfUtils.java:logGet(44)) - raft.server.log.write.buffer.size = 1048576 (custom)
2022-03-01 02:11:17,950 [pool-692-thread-1] INFO  server.RaftServerConfigKeys (ConfUtils.java:logGet(44)) - raft.server.log.statemachine.data.caching.enabled = true (custom)
2022-03-01 02:11:17,950 [pool-692-thread-1] INFO  segmented.SegmentedRaftLogWorker (SegmentedRaftLogWorker.java:lambda$new$0(133)) - cfb69533-9b2a-4893-8451-2146b3cc8a01@group-D9F7545F58F9-SegmentedRaftLogWorker: flushIndex: setUnconditionally 0 -> -1
2022-03-01 02:11:17,950 [pool-692-thread-1] INFO  segmented.SegmentedRaftLogWorker (SegmentedRaftLogWorker.java:lambda$new$0(133)) - cfb69533-9b2a-4893-8451-2146b3cc8a01@group-D9F7545F58F9-SegmentedRaftLogWorker: safeCacheEvictIndex: setUnconditionally 0 -> -1
2022-03-01 02:11:17,967 [EventQueue-OpenPipelineForHealthyPipelineSafeModeRule] INFO  safemode.SCMSafeModeManager (HealthyPipelineSafeModeRule.java:process(124)) - SCM in safe mode. Healthy pipelines reported count is 0, required healthy pipeline reported count is 1
2022-03-01 02:11:17,967 [pool-692-thread-1] INFO  server.RaftServerConfigKeys (ConfUtils.java:logGet(44)) - raft.server.snapshot.auto.trigger.enabled = true (custom)
2022-03-01 02:11:17,967 [pool-692-thread-1] INFO  server.RaftServerConfigKeys (ConfUtils.java:logGet(44)) - raft.server.snapshot.auto.trigger.threshold = 10000 (custom)
2022-03-01 02:11:17,967 [pool-692-thread-1] INFO  server.RaftServerConfigKeys (ConfUtils.java:logGet(44)) - raft.server.snapshot.retention.file.num = 5 (custom)
2022-03-01 02:11:17,967 [pool-692-thread-1] INFO  server.RaftServerConfigKeys (ConfUtils.java:logGet(44)) - raft.server.log.purge.upto.snapshot.index = false (default)
2022-03-01 02:11:17,967 [pool-692-thread-1] INFO  server.RaftServerConfigKeys (ConfUtils.java:logGet(44)) - raft.server.retrycache.expirytime = 600000ms (custom)
2022-03-01 02:11:17,967 [pool-692-thread-1] INFO  server.RaftServerConfigKeys (ConfUtils.java:logGet(44)) - raft.server.retrycache.statistics.expirytime = 100μs (default)
2022-03-01 02:11:17,970 [pool-692-thread-1] INFO  server.RaftServer$Division (RaftServerImpl.java:start(301)) - cfb69533-9b2a-4893-8451-2146b3cc8a01@group-D9F7545F58F9: start as a follower, conf=-1: [5c298416-f78a-4f23-a8c1-47b4d7ce03fb|rpc:10.1.0.9:44357|priority:0, cfb69533-9b2a-4893-8451-2146b3cc8a01|rpc:10.1.0.9:37317|priority:1, e327d566-d0a7-4ebd-a186-fb348d426d12|rpc:10.1.0.9:35291|priority:0], old=null
2022-03-01 02:11:17,970 [pool-692-thread-1] INFO  server.RaftServer$Division (RaftServerImpl.java:setRole(290)) - cfb69533-9b2a-4893-8451-2146b3cc8a01@group-D9F7545F58F9: changes role from      null to FOLLOWER at term 0 for startAsFollower
2022-03-01 02:11:17,970 [pool-692-thread-1] INFO  impl.RoleInfo (RoleInfo.java:updateAndGet(130)) - cfb69533-9b2a-4893-8451-2146b3cc8a01: start cfb69533-9b2a-4893-8451-2146b3cc8a01@group-D9F7545F58F9-FollowerState
2022-03-01 02:11:17,970 [pool-692-thread-1] INFO  util.JmxRegister (JmxRegister.java:tryRegister(44)) - Successfully registered JMX Bean with object name Ratis:service=RaftServer,group=group-D9F7545F58F9,id=cfb69533-9b2a-4893-8451-2146b3cc8a01
2022-03-01 02:11:17,995 [Command processor thread] INFO  ratis.XceiverServerRatis (XceiverServerRatis.java:addGroup(769)) - Created group PipelineID=b2864994-ad83-4c12-a7da-d9f7545f58f9
2022-03-01 02:11:18,039 [grpc-default-executor-0] INFO  server.RaftServer (RaftServerProxy.java:addNew(95)) - e327d566-d0a7-4ebd-a186-fb348d426d12: addNew group-D9F7545F58F9:[5c298416-f78a-4f23-a8c1-47b4d7ce03fb|rpc:10.1.0.9:44357|dataStream:|priority:0, cfb69533-9b2a-4893-8451-2146b3cc8a01|rpc:10.1.0.9:37317|dataStream:|priority:1, e327d566-d0a7-4ebd-a186-fb348d426d12|rpc:10.1.0.9:35291|dataStream:|priority:0] returns group-D9F7545F58F9:java.util.concurrent.CompletableFuture@6cff954a[Not completed]
2022-03-01 02:11:18,060 [pool-713-thread-1] INFO  server.RaftServer$Division (RaftServerImpl.java:<init>(184)) - e327d566-d0a7-4ebd-a186-fb348d426d12: new RaftServerImpl for group-D9F7545F58F9:[5c298416-f78a-4f23-a8c1-47b4d7ce03fb|rpc:10.1.0.9:44357|dataStream:|priority:0, cfb69533-9b2a-4893-8451-2146b3cc8a01|rpc:10.1.0.9:37317|dataStream:|priority:1, e327d566-d0a7-4ebd-a186-fb348d426d12|rpc:10.1.0.9:35291|dataStream:|priority:0] with ContainerStateMachine:uninitialized
2022-03-01 02:11:18,079 [pool-713-thread-1] INFO  server.RaftServerConfigKeys (ConfUtils.java:logGet(44)) - raft.server.rpc.timeout.min = 5s (custom)
2022-03-01 02:11:18,079 [pool-713-thread-1] INFO  server.RaftServerConfigKeys (ConfUtils.java:logGet(44)) - raft.server.rpc.timeout.max = 5200ms (custom)
2022-03-01 02:11:18,079 [pool-713-thread-1] INFO  server.RaftServerConfigKeys (ConfUtils.java:logGet(44)) - raft.server.rpc.sleep.time = 25ms (default)
2022-03-01 02:11:18,079 [pool-713-thread-1] INFO  server.RaftServerConfigKeys (ConfUtils.java:logGet(44)) - raft.server.rpc.slowness.timeout = 300s (custom)
2022-03-01 02:11:18,079 [pool-713-thread-1] INFO  server.RaftServerConfigKeys (ConfUtils.java:logGet(44)) - raft.server.leaderelection.leader.step-down.wait-time = 10s (default)
2022-03-01 02:11:18,079 [pool-713-thread-1] INFO  server.RaftServerConfigKeys (ConfUtils.java:logGet(44)) - raft.server.sleep.deviation.threshold = 300ms (default)
2022-03-01 02:11:18,079 [pool-713-thread-1] INFO  server.RaftServerConfigKeys (ConfUtils.java:logGet(44)) - raft.server.log.appender.install.snapshot.enabled = false (custom)
2022-03-01 02:11:18,080 [pool-713-thread-1] INFO  server.RaftServer$Division (ServerState.java:<init>(105)) - e327d566-d0a7-4ebd-a186-fb348d426d12@group-D9F7545F58F9: ConfigurationManager, init=-1: [5c298416-f78a-4f23-a8c1-47b4d7ce03fb|rpc:10.1.0.9:44357|dataStream:|priority:0, cfb69533-9b2a-4893-8451-2146b3cc8a01|rpc:10.1.0.9:37317|dataStream:|priority:1, e327d566-d0a7-4ebd-a186-fb348d426d12|rpc:10.1.0.9:35291|dataStream:|priority:0], old=null, confs=<EMPTY_MAP>
2022-03-01 02:11:18,080 [pool-713-thread-1] INFO  server.RaftServerConfigKeys (ConfUtils.java:logGet(44)) - raft.server.storage.dir = [/home/runner/work/ozone/ozone/hadoop-ozone/integration-test/target/test-dir/MiniOzoneClusterImpl-205f3ae4-9c2f-49b9-89f9-532f9ffbf4a1/datanode-1/data/ratis] (custom)
2022-03-01 02:11:18,080 [pool-713-thread-1] INFO  server.RaftServerConfigKeys (ConfUtils.java:logGet(44)) - raft.server.log.corruption.policy = EXCEPTION (default)
2022-03-01 02:11:18,080 [pool-713-thread-1] INFO  server.RaftServerConfigKeys (ConfUtils.java:logGet(44)) - raft.server.storage.free-space.min = 0MB (=0) (default)
2022-03-01 02:11:18,080 [pool-713-thread-1] INFO  storage.RaftStorageDirectory (RaftStorageDirectoryImpl.java:analyzeStorage(135)) - The storage directory /home/runner/work/ozone/ozone/hadoop-ozone/integration-test/target/test-dir/MiniOzoneClusterImpl-205f3ae4-9c2f-49b9-89f9-532f9ffbf4a1/datanode-1/data/ratis/b2864994-ad83-4c12-a7da-d9f7545f58f9 does not exist. Creating ...
2022-03-01 02:11:18,081 [pool-713-thread-1] INFO  storage.RaftStorageDirectory (RaftStorageDirectoryImpl.java:tryLock(230)) - Lock on /home/runner/work/ozone/ozone/hadoop-ozone/integration-test/target/test-dir/MiniOzoneClusterImpl-205f3ae4-9c2f-49b9-89f9-532f9ffbf4a1/datanode-1/data/ratis/b2864994-ad83-4c12-a7da-d9f7545f58f9/in_use.lock acquired by nodename 9245@fv-az294-952
2022-03-01 02:11:18,083 [pool-713-thread-1] INFO  storage.RaftStorage (RaftStorageImpl.java:format(89)) - Storage directory /home/runner/work/ozone/ozone/hadoop-ozone/integration-test/target/test-dir/MiniOzoneClusterImpl-205f3ae4-9c2f-49b9-89f9-532f9ffbf4a1/datanode-1/data/ratis/b2864994-ad83-4c12-a7da-d9f7545f58f9 has been successfully formatted.
2022-03-01 02:11:18,103 [pool-713-thread-1] INFO  ratis.ContainerStateMachine (ContainerStateMachine.java:loadSnapshot(236)) - group-D9F7545F58F9: The snapshot info is null. Setting the last applied indexto:(t:0, i:~)
2022-03-01 02:11:18,105 [pool-713-thread-1] INFO  server.RaftServerConfigKeys (ConfUtils.java:logGet(44)) - raft.server.notification.no-leader.timeout = 300s (custom)
2022-03-01 02:11:18,105 [pool-713-thread-1] INFO  server.RaftServerConfigKeys (ConfUtils.java:logGet(44)) - raft.server.log.use.memory = false (default)
2022-03-01 02:11:18,105 [pool-713-thread-1] INFO  server.RaftServerConfigKeys (ConfUtils.java:logGet(44)) - raft.server.log.purge.gap = 1000000 (custom)
2022-03-01 02:11:18,105 [pool-713-thread-1] INFO  server.RaftServerConfigKeys (ConfUtils.java:logGet(44)) - raft.server.log.appender.buffer.byte-limit = 33554432 (custom)
2022-03-01 02:11:18,105 [pool-713-thread-1] INFO  server.RaftServerConfigKeys (ConfUtils.java:logGet(44)) - raft.server.log.segment.size.max = 1048576 (custom)
2022-03-01 02:11:18,106 [pool-713-thread-1] INFO  server.RaftServerConfigKeys (ConfUtils.java:logGet(44)) - raft.server.log.segment.cache.num.max = 2 (custom)
2022-03-01 02:11:18,106 [pool-713-thread-1] INFO  server.RaftServerConfigKeys (ConfUtils.java:logGet(44)) - raft.server.log.segment.cache.size.max = 200MB (=209715200) (default)
2022-03-01 02:11:18,106 [pool-713-thread-1] INFO  segmented.SegmentedRaftLogWorker (SegmentedRaftLogWorker.java:<init>(182)) - new e327d566-d0a7-4ebd-a186-fb348d426d12@group-D9F7545F58F9-SegmentedRaftLogWorker for RaftStorageImpl:Storage Directory /home/runner/work/ozone/ozone/hadoop-ozone/integration-test/target/test-dir/MiniOzoneClusterImpl-205f3ae4-9c2f-49b9-89f9-532f9ffbf4a1/datanode-1/data/ratis/b2864994-ad83-4c12-a7da-d9f7545f58f9
2022-03-01 02:11:18,106 [pool-713-thread-1] INFO  server.RaftServerConfigKeys (ConfUtils.java:logGet(44)) - raft.server.log.queue.byte-limit = 4294967296 (custom)
2022-03-01 02:11:18,106 [pool-713-thread-1] INFO  server.RaftServerConfigKeys (ConfUtils.java:logGet(44)) - raft.server.log.queue.element-limit = 1024 (custom)
2022-03-01 02:11:18,106 [pool-713-thread-1] INFO  server.RaftServerConfigKeys (ConfUtils.java:logGet(44)) - raft.server.log.segment.size.max = 1048576 (custom)
2022-03-01 02:11:18,106 [pool-713-thread-1] INFO  server.RaftServerConfigKeys (ConfUtils.java:logGet(44)) - raft.server.log.preallocated.size = 16384 (custom)
2022-03-01 02:11:18,106 [pool-713-thread-1] INFO  server.RaftServerConfigKeys (ConfUtils.java:logGet(44)) - raft.server.log.force.sync.num = 128 (default)
2022-03-01 02:11:18,106 [pool-713-thread-1] INFO  server.RaftServerConfigKeys (ConfUtils.java:logGet(44)) - raft.server.log.statemachine.data.sync = true (default)
2022-03-01 02:11:18,106 [pool-713-thread-1] INFO  server.RaftServerConfigKeys (ConfUtils.java:logGet(44)) - raft.server.log.statemachine.data.sync.timeout = 10s (default)
2022-03-01 02:11:18,106 [pool-713-thread-1] INFO  server.RaftServerConfigKeys (ConfUtils.java:logGet(44)) - raft.server.log.statemachine.data.sync.timeout.retry = -1 (default)
2022-03-01 02:11:18,107 [pool-713-thread-1] INFO  server.RaftServerConfigKeys (ConfUtils.java:logGet(44)) - raft.server.log.write.buffer.size = 1048576 (custom)
2022-03-01 02:11:18,107 [pool-713-thread-1] INFO  server.RaftServerConfigKeys (ConfUtils.java:logGet(44)) - raft.server.log.statemachine.data.caching.enabled = true (custom)
2022-03-01 02:11:18,108 [pool-713-thread-1] INFO  segmented.SegmentedRaftLogWorker (SegmentedRaftLogWorker.java:lambda$new$0(133)) - e327d566-d0a7-4ebd-a186-fb348d426d12@group-D9F7545F58F9-SegmentedRaftLogWorker: flushIndex: setUnconditionally 0 -> -1
2022-03-01 02:11:18,108 [pool-713-thread-1] INFO  segmented.SegmentedRaftLogWorker (SegmentedRaftLogWorker.java:lambda$new$0(133)) - e327d566-d0a7-4ebd-a186-fb348d426d12@group-D9F7545F58F9-SegmentedRaftLogWorker: safeCacheEvictIndex: setUnconditionally 0 -> -1
2022-03-01 02:11:18,114 [pool-713-thread-1] INFO  server.RaftServerConfigKeys (ConfUtils.java:logGet(44)) - raft.server.snapshot.auto.trigger.enabled = true (custom)
2022-03-01 02:11:18,114 [pool-713-thread-1] INFO  server.RaftServerConfigKeys (ConfUtils.java:logGet(44)) - raft.server.snapshot.auto.trigger.threshold = 10000 (custom)
2022-03-01 02:11:18,114 [pool-713-thread-1] INFO  server.RaftServerConfigKeys (ConfUtils.java:logGet(44)) - raft.server.snapshot.retention.file.num = 5 (custom)
2022-03-01 02:11:18,114 [pool-713-thread-1] INFO  server.RaftServerConfigKeys (ConfUtils.java:logGet(44)) - raft.server.log.purge.upto.snapshot.index = false (default)
2022-03-01 02:11:18,114 [pool-713-thread-1] INFO  server.RaftServerConfigKeys (ConfUtils.java:logGet(44)) - raft.server.retrycache.expirytime = 600000ms (custom)
2022-03-01 02:11:18,114 [pool-713-thread-1] INFO  server.RaftServerConfigKeys (ConfUtils.java:logGet(44)) - raft.server.retrycache.statistics.expirytime = 100μs (default)
2022-03-01 02:11:18,115 [pool-713-thread-1] INFO  server.RaftServer$Division (RaftServerImpl.java:start(301)) - e327d566-d0a7-4ebd-a186-fb348d426d12@group-D9F7545F58F9: start as a follower, conf=-1: [5c298416-f78a-4f23-a8c1-47b4d7ce03fb|rpc:10.1.0.9:44357|dataStream:|priority:0, cfb69533-9b2a-4893-8451-2146b3cc8a01|rpc:10.1.0.9:37317|dataStream:|priority:1, e327d566-d0a7-4ebd-a186-fb348d426d12|rpc:10.1.0.9:35291|dataStream:|priority:0], old=null
2022-03-01 02:11:18,115 [pool-713-thread-1] INFO  server.RaftServer$Division (RaftServerImpl.java:setRole(290)) - e327d566-d0a7-4ebd-a186-fb348d426d12@group-D9F7545F58F9: changes role from      null to FOLLOWER at term 0 for startAsFollower
2022-03-01 02:11:18,115 [pool-713-thread-1] INFO  impl.RoleInfo (RoleInfo.java:updateAndGet(130)) - e327d566-d0a7-4ebd-a186-fb348d426d12: start e327d566-d0a7-4ebd-a186-fb348d426d12@group-D9F7545F58F9-FollowerState
2022-03-01 02:11:18,135 [pool-713-thread-1] INFO  util.JmxRegister (JmxRegister.java:tryRegister(44)) - Successfully registered JMX Bean with object name Ratis:service=RaftServer,group=group-D9F7545F58F9,id=e327d566-d0a7-4ebd-a186-fb348d426d12
2022-03-01 02:11:18,195 [Listener at 127.0.0.1/39539] INFO  ozone.MiniOzoneClusterImpl (MiniOzoneClusterImpl.java:lambda$waitForClusterToBeReady$0(219)) - Nodes are ready. Got 3 of 3 DN Heartbeats.
2022-03-01 02:11:18,195 [Listener at 127.0.0.1/39539] INFO  ozone.MiniOzoneClusterImpl (MiniOzoneClusterImpl.java:lambda$waitForClusterToBeReady$0(222)) - Waiting for cluster to exit safe mode
2022-03-01 02:11:18,195 [Listener at 127.0.0.1/39539] INFO  ozone.MiniOzoneClusterImpl (MiniOzoneClusterImpl.java:lambda$waitForClusterToBeReady$0(224)) - SCM became leader
2022-03-01 02:11:18,197 [grpc-default-executor-0] INFO  server.RaftServer (RaftServerProxy.java:addNew(95)) - 5c298416-f78a-4f23-a8c1-47b4d7ce03fb: addNew group-D9F7545F58F9:[5c298416-f78a-4f23-a8c1-47b4d7ce03fb|rpc:10.1.0.9:44357|dataStream:|priority:0, cfb69533-9b2a-4893-8451-2146b3cc8a01|rpc:10.1.0.9:37317|dataStream:|priority:1, e327d566-d0a7-4ebd-a186-fb348d426d12|rpc:10.1.0.9:35291|dataStream:|priority:0] returns group-D9F7545F58F9:java.util.concurrent.CompletableFuture@7282e1cb[Not completed]
2022-03-01 02:11:18,198 [pool-734-thread-1] INFO  server.RaftServer$Division (RaftServerImpl.java:<init>(184)) - 5c298416-f78a-4f23-a8c1-47b4d7ce03fb: new RaftServerImpl for group-D9F7545F58F9:[5c298416-f78a-4f23-a8c1-47b4d7ce03fb|rpc:10.1.0.9:44357|dataStream:|priority:0, cfb69533-9b2a-4893-8451-2146b3cc8a01|rpc:10.1.0.9:37317|dataStream:|priority:1, e327d566-d0a7-4ebd-a186-fb348d426d12|rpc:10.1.0.9:35291|dataStream:|priority:0] with ContainerStateMachine:uninitialized
2022-03-01 02:11:18,224 [pool-734-thread-1] INFO  server.RaftServerConfigKeys (ConfUtils.java:logGet(44)) - raft.server.rpc.timeout.min = 5s (custom)
2022-03-01 02:11:18,224 [pool-734-thread-1] INFO  server.RaftServerConfigKeys (ConfUtils.java:logGet(44)) - raft.server.rpc.timeout.max = 5200ms (custom)
2022-03-01 02:11:18,224 [pool-734-thread-1] INFO  server.RaftServerConfigKeys (ConfUtils.java:logGet(44)) - raft.server.rpc.sleep.time = 25ms (default)
2022-03-01 02:11:18,224 [pool-734-thread-1] INFO  server.RaftServerConfigKeys (ConfUtils.java:logGet(44)) - raft.server.rpc.slowness.timeout = 300s (custom)
2022-03-01 02:11:18,239 [pool-734-thread-1] INFO  server.RaftServerConfigKeys (ConfUtils.java:logGet(44)) - raft.server.leaderelection.leader.step-down.wait-time = 10s (default)
2022-03-01 02:11:18,239 [pool-734-thread-1] INFO  server.RaftServerConfigKeys (ConfUtils.java:logGet(44)) - raft.server.sleep.deviation.threshold = 300ms (default)
2022-03-01 02:11:18,239 [pool-734-thread-1] INFO  server.RaftServerConfigKeys (ConfUtils.java:logGet(44)) - raft.server.log.appender.install.snapshot.enabled = false (custom)
2022-03-01 02:11:18,239 [pool-734-thread-1] INFO  server.RaftServer$Division (ServerState.java:<init>(105)) - 5c298416-f78a-4f23-a8c1-47b4d7ce03fb@group-D9F7545F58F9: ConfigurationManager, init=-1: [5c298416-f78a-4f23-a8c1-47b4d7ce03fb|rpc:10.1.0.9:44357|dataStream:|priority:0, cfb69533-9b2a-4893-8451-2146b3cc8a01|rpc:10.1.0.9:37317|dataStream:|priority:1, e327d566-d0a7-4ebd-a186-fb348d426d12|rpc:10.1.0.9:35291|dataStream:|priority:0], old=null, confs=<EMPTY_MAP>
2022-03-01 02:11:18,239 [pool-734-thread-1] INFO  server.RaftServerConfigKeys (ConfUtils.java:logGet(44)) - raft.server.storage.dir = [/home/runner/work/ozone/ozone/hadoop-ozone/integration-test/target/test-dir/MiniOzoneClusterImpl-205f3ae4-9c2f-49b9-89f9-532f9ffbf4a1/datanode-2/data/ratis] (custom)
2022-03-01 02:11:18,240 [pool-734-thread-1] INFO  server.RaftServerConfigKeys (ConfUtils.java:logGet(44)) - raft.server.log.corruption.policy = EXCEPTION (default)
2022-03-01 02:11:18,240 [pool-734-thread-1] INFO  server.RaftServerConfigKeys (ConfUtils.java:logGet(44)) - raft.server.storage.free-space.min = 0MB (=0) (default)
2022-03-01 02:11:18,240 [pool-734-thread-1] INFO  storage.RaftStorageDirectory (RaftStorageDirectoryImpl.java:analyzeStorage(135)) - The storage directory /home/runner/work/ozone/ozone/hadoop-ozone/integration-test/target/test-dir/MiniOzoneClusterImpl-205f3ae4-9c2f-49b9-89f9-532f9ffbf4a1/datanode-2/data/ratis/b2864994-ad83-4c12-a7da-d9f7545f58f9 does not exist. Creating ...
2022-03-01 02:11:18,275 [pool-734-thread-1] INFO  storage.RaftStorageDirectory (RaftStorageDirectoryImpl.java:tryLock(230)) - Lock on /home/runner/work/ozone/ozone/hadoop-ozone/integration-test/target/test-dir/MiniOzoneClusterImpl-205f3ae4-9c2f-49b9-89f9-532f9ffbf4a1/datanode-2/data/ratis/b2864994-ad83-4c12-a7da-d9f7545f58f9/in_use.lock acquired by nodename 9245@fv-az294-952
2022-03-01 02:11:18,283 [pool-734-thread-1] INFO  storage.RaftStorage (RaftStorageImpl.java:format(89)) - Storage directory /home/runner/work/ozone/ozone/hadoop-ozone/integration-test/target/test-dir/MiniOzoneClusterImpl-205f3ae4-9c2f-49b9-89f9-532f9ffbf4a1/datanode-2/data/ratis/b2864994-ad83-4c12-a7da-d9f7545f58f9 has been successfully formatted.
2022-03-01 02:11:18,291 [pool-734-thread-1] INFO  ratis.ContainerStateMachine (ContainerStateMachine.java:loadSnapshot(236)) - group-D9F7545F58F9: The snapshot info is null. Setting the last applied indexto:(t:0, i:~)
2022-03-01 02:11:18,292 [pool-734-thread-1] INFO  server.RaftServerConfigKeys (ConfUtils.java:logGet(44)) - raft.server.notification.no-leader.timeout = 300s (custom)
2022-03-01 02:11:18,292 [pool-734-thread-1] INFO  server.RaftServerConfigKeys (ConfUtils.java:logGet(44)) - raft.server.log.use.memory = false (default)
2022-03-01 02:11:18,292 [pool-734-thread-1] INFO  server.RaftServerConfigKeys (ConfUtils.java:logGet(44)) - raft.server.log.purge.gap = 1000000 (custom)
2022-03-01 02:11:18,292 [pool-734-thread-1] INFO  server.RaftServerConfigKeys (ConfUtils.java:logGet(44)) - raft.server.log.appender.buffer.byte-limit = 33554432 (custom)
2022-03-01 02:11:18,292 [pool-734-thread-1] INFO  server.RaftServerConfigKeys (ConfUtils.java:logGet(44)) - raft.server.log.segment.size.max = 1048576 (custom)
2022-03-01 02:11:18,293 [pool-734-thread-1] INFO  server.RaftServerConfigKeys (ConfUtils.java:logGet(44)) - raft.server.log.segment.cache.num.max = 2 (custom)
2022-03-01 02:11:18,293 [pool-734-thread-1] INFO  server.RaftServerConfigKeys (ConfUtils.java:logGet(44)) - raft.server.log.segment.cache.size.max = 200MB (=209715200) (default)
2022-03-01 02:11:18,293 [pool-734-thread-1] INFO  segmented.SegmentedRaftLogWorker (SegmentedRaftLogWorker.java:<init>(182)) - new 5c298416-f78a-4f23-a8c1-47b4d7ce03fb@group-D9F7545F58F9-SegmentedRaftLogWorker for RaftStorageImpl:Storage Directory /home/runner/work/ozone/ozone/hadoop-ozone/integration-test/target/test-dir/MiniOzoneClusterImpl-205f3ae4-9c2f-49b9-89f9-532f9ffbf4a1/datanode-2/data/ratis/b2864994-ad83-4c12-a7da-d9f7545f58f9
2022-03-01 02:11:18,293 [pool-734-thread-1] INFO  server.RaftServerConfigKeys (ConfUtils.java:logGet(44)) - raft.server.log.queue.byte-limit = 4294967296 (custom)
2022-03-01 02:11:18,293 [pool-734-thread-1] INFO  server.RaftServerConfigKeys (ConfUtils.java:logGet(44)) - raft.server.log.queue.element-limit = 1024 (custom)
2022-03-01 02:11:18,293 [pool-734-thread-1] INFO  server.RaftServerConfigKeys (ConfUtils.java:logGet(44)) - raft.server.log.segment.size.max = 1048576 (custom)
2022-03-01 02:11:18,293 [pool-734-thread-1] INFO  server.RaftServerConfigKeys (ConfUtils.java:logGet(44)) - raft.server.log.preallocated.size = 16384 (custom)
2022-03-01 02:11:18,293 [pool-734-thread-1] INFO  server.RaftServerConfigKeys (ConfUtils.java:logGet(44)) - raft.server.log.force.sync.num = 128 (default)
2022-03-01 02:11:18,293 [pool-734-thread-1] INFO  server.RaftServerConfigKeys (ConfUtils.java:logGet(44)) - raft.server.log.statemachine.data.sync = true (default)
2022-03-01 02:11:18,293 [pool-734-thread-1] INFO  server.RaftServerConfigKeys (ConfUtils.java:logGet(44)) - raft.server.log.statemachine.data.sync.timeout = 10s (default)
2022-03-01 02:11:18,294 [pool-734-thread-1] INFO  server.RaftServerConfigKeys (ConfUtils.java:logGet(44)) - raft.server.log.statemachine.data.sync.timeout.retry = -1 (default)
2022-03-01 02:11:18,295 [pool-734-thread-1] INFO  server.RaftServerConfigKeys (ConfUtils.java:logGet(44)) - raft.server.log.write.buffer.size = 1048576 (custom)
2022-03-01 02:11:18,300 [pool-734-thread-1] INFO  server.RaftServerConfigKeys (ConfUtils.java:logGet(44)) - raft.server.log.statemachine.data.caching.enabled = true (custom)
2022-03-01 02:11:18,301 [pool-734-thread-1] INFO  segmented.SegmentedRaftLogWorker (SegmentedRaftLogWorker.java:lambda$new$0(133)) - 5c298416-f78a-4f23-a8c1-47b4d7ce03fb@group-D9F7545F58F9-SegmentedRaftLogWorker: flushIndex: setUnconditionally 0 -> -1
2022-03-01 02:11:18,301 [pool-734-thread-1] INFO  segmented.SegmentedRaftLogWorker (SegmentedRaftLogWorker.java:lambda$new$0(133)) - 5c298416-f78a-4f23-a8c1-47b4d7ce03fb@group-D9F7545F58F9-SegmentedRaftLogWorker: safeCacheEvictIndex: setUnconditionally 0 -> -1
2022-03-01 02:11:18,311 [pool-734-thread-1] INFO  server.RaftServerConfigKeys (ConfUtils.java:logGet(44)) - raft.server.snapshot.auto.trigger.enabled = true (custom)
2022-03-01 02:11:18,311 [pool-734-thread-1] INFO  server.RaftServerConfigKeys (ConfUtils.java:logGet(44)) - raft.server.snapshot.auto.trigger.threshold = 10000 (custom)
2022-03-01 02:11:18,311 [pool-734-thread-1] INFO  server.RaftServerConfigKeys (ConfUtils.java:logGet(44)) - raft.server.snapshot.retention.file.num = 5 (custom)
2022-03-01 02:11:18,311 [pool-734-thread-1] INFO  server.RaftServerConfigKeys (ConfUtils.java:logGet(44)) - raft.server.log.purge.upto.snapshot.index = false (default)
2022-03-01 02:11:18,311 [pool-734-thread-1] INFO  server.RaftServerConfigKeys (ConfUtils.java:logGet(44)) - raft.server.retrycache.expirytime = 600000ms (custom)
2022-03-01 02:11:18,311 [pool-734-thread-1] INFO  server.RaftServerConfigKeys (ConfUtils.java:logGet(44)) - raft.server.retrycache.statistics.expirytime = 100μs (default)
2022-03-01 02:11:18,313 [pool-734-thread-1] INFO  server.RaftServer$Division (RaftServerImpl.java:start(301)) - 5c298416-f78a-4f23-a8c1-47b4d7ce03fb@group-D9F7545F58F9: start as a follower, conf=-1: [5c298416-f78a-4f23-a8c1-47b4d7ce03fb|rpc:10.1.0.9:44357|dataStream:|priority:0, cfb69533-9b2a-4893-8451-2146b3cc8a01|rpc:10.1.0.9:37317|dataStream:|priority:1, e327d566-d0a7-4ebd-a186-fb348d426d12|rpc:10.1.0.9:35291|dataStream:|priority:0], old=null
2022-03-01 02:11:18,313 [pool-734-thread-1] INFO  server.RaftServer$Division (RaftServerImpl.java:setRole(290)) - 5c298416-f78a-4f23-a8c1-47b4d7ce03fb@group-D9F7545F58F9: changes role from      null to FOLLOWER at term 0 for startAsFollower
2022-03-01 02:11:18,313 [pool-734-thread-1] INFO  impl.RoleInfo (RoleInfo.java:updateAndGet(130)) - 5c298416-f78a-4f23-a8c1-47b4d7ce03fb: start 5c298416-f78a-4f23-a8c1-47b4d7ce03fb@group-D9F7545F58F9-FollowerState
2022-03-01 02:11:18,313 [pool-734-thread-1] INFO  util.JmxRegister (JmxRegister.java:tryRegister(44)) - Successfully registered JMX Bean with object name Ratis:service=RaftServer,group=group-D9F7545F58F9,id=5c298416-f78a-4f23-a8c1-47b4d7ce03fb
2022-03-01 02:11:18,417 [Command processor thread] INFO  commandhandler.CreatePipelineCommandHandler (CreatePipelineCommandHandler.java:handle(106)) - Created Pipeline RATIS THREE PipelineID=b2864994-ad83-4c12-a7da-d9f7545f58f9.
2022-03-01 02:11:18,417 [Command processor thread] INFO  server.RaftServer (RaftServerProxy.java:addNew(95)) - cfb69533-9b2a-4893-8451-2146b3cc8a01: addNew group-AA11E25B4213:[5c298416-f78a-4f23-a8c1-47b4d7ce03fb|rpc:10.1.0.9:44357|priority:1, e327d566-d0a7-4ebd-a186-fb348d426d12|rpc:10.1.0.9:35291|priority:0, cfb69533-9b2a-4893-8451-2146b3cc8a01|rpc:10.1.0.9:37317|priority:0] returns group-AA11E25B4213:java.util.concurrent.CompletableFuture@7c57839b[Not completed]
2022-03-01 02:11:18,418 [pool-692-thread-1] INFO  server.RaftServer$Division (RaftServerImpl.java:<init>(184)) - cfb69533-9b2a-4893-8451-2146b3cc8a01: new RaftServerImpl for group-AA11E25B4213:[5c298416-f78a-4f23-a8c1-47b4d7ce03fb|rpc:10.1.0.9:44357|priority:1, e327d566-d0a7-4ebd-a186-fb348d426d12|rpc:10.1.0.9:35291|priority:0, cfb69533-9b2a-4893-8451-2146b3cc8a01|rpc:10.1.0.9:37317|priority:0] with ContainerStateMachine:uninitialized
2022-03-01 02:11:18,418 [pool-692-thread-1] INFO  server.RaftServerConfigKeys (ConfUtils.java:logGet(44)) - raft.server.rpc.timeout.min = 5s (custom)
2022-03-01 02:11:18,418 [pool-692-thread-1] INFO  server.RaftServerConfigKeys (ConfUtils.java:logGet(44)) - raft.server.rpc.timeout.max = 5200ms (custom)
2022-03-01 02:11:18,418 [pool-692-thread-1] INFO  server.RaftServerConfigKeys (ConfUtils.java:logGet(44)) - raft.server.rpc.sleep.time = 25ms (default)
2022-03-01 02:11:18,418 [pool-692-thread-1] INFO  server.RaftServerConfigKeys (ConfUtils.java:logGet(44)) - raft.server.rpc.slowness.timeout = 300s (custom)
2022-03-01 02:11:18,418 [pool-692-thread-1] INFO  server.RaftServerConfigKeys (ConfUtils.java:logGet(44)) - raft.server.leaderelection.leader.step-down.wait-time = 10s (default)
2022-03-01 02:11:18,418 [pool-692-thread-1] INFO  server.RaftServerConfigKeys (ConfUtils.java:logGet(44)) - raft.server.sleep.deviation.threshold = 300ms (default)
2022-03-01 02:11:18,418 [pool-692-thread-1] INFO  server.RaftServerConfigKeys (ConfUtils.java:logGet(44)) - raft.server.log.appender.install.snapshot.enabled = false (custom)
2022-03-01 02:11:18,418 [pool-692-thread-1] INFO  server.RaftServer$Division (ServerState.java:<init>(105)) - cfb69533-9b2a-4893-8451-2146b3cc8a01@group-AA11E25B4213: ConfigurationManager, init=-1: [5c298416-f78a-4f23-a8c1-47b4d7ce03fb|rpc:10.1.0.9:44357|priority:1, e327d566-d0a7-4ebd-a186-fb348d426d12|rpc:10.1.0.9:35291|priority:0, cfb69533-9b2a-4893-8451-2146b3cc8a01|rpc:10.1.0.9:37317|priority:0], old=null, confs=<EMPTY_MAP>
2022-03-01 02:11:18,418 [pool-692-thread-1] INFO  server.RaftServerConfigKeys (ConfUtils.java:logGet(44)) - raft.server.storage.dir = [/home/runner/work/ozone/ozone/hadoop-ozone/integration-test/target/test-dir/MiniOzoneClusterImpl-205f3ae4-9c2f-49b9-89f9-532f9ffbf4a1/datanode-0/data/ratis] (custom)
2022-03-01 02:11:18,418 [pool-692-thread-1] INFO  server.RaftServerConfigKeys (ConfUtils.java:logGet(44)) - raft.server.log.corruption.policy = EXCEPTION (default)
2022-03-01 02:11:18,418 [pool-692-thread-1] INFO  server.RaftServerConfigKeys (ConfUtils.java:logGet(44)) - raft.server.storage.free-space.min = 0MB (=0) (default)
2022-03-01 02:11:18,418 [pool-692-thread-1] INFO  storage.RaftStorageDirectory (RaftStorageDirectoryImpl.java:analyzeStorage(135)) - The storage directory /home/runner/work/ozone/ozone/hadoop-ozone/integration-test/target/test-dir/MiniOzoneClusterImpl-205f3ae4-9c2f-49b9-89f9-532f9ffbf4a1/datanode-0/data/ratis/c11dbabe-2905-4e80-bc84-aa11e25b4213 does not exist. Creating ...
2022-03-01 02:11:18,421 [pool-692-thread-1] INFO  storage.RaftStorageDirectory (RaftStorageDirectoryImpl.java:tryLock(230)) - Lock on /home/runner/work/ozone/ozone/hadoop-ozone/integration-test/target/test-dir/MiniOzoneClusterImpl-205f3ae4-9c2f-49b9-89f9-532f9ffbf4a1/datanode-0/data/ratis/c11dbabe-2905-4e80-bc84-aa11e25b4213/in_use.lock acquired by nodename 9245@fv-az294-952
2022-03-01 02:11:18,424 [pool-692-thread-1] INFO  storage.RaftStorage (RaftStorageImpl.java:format(89)) - Storage directory /home/runner/work/ozone/ozone/hadoop-ozone/integration-test/target/test-dir/MiniOzoneClusterImpl-205f3ae4-9c2f-49b9-89f9-532f9ffbf4a1/datanode-0/data/ratis/c11dbabe-2905-4e80-bc84-aa11e25b4213 has been successfully formatted.
2022-03-01 02:11:18,424 [pool-692-thread-1] INFO  ratis.ContainerStateMachine (ContainerStateMachine.java:loadSnapshot(236)) - group-AA11E25B4213: The snapshot info is null. Setting the last applied indexto:(t:0, i:~)
2022-03-01 02:11:18,424 [pool-692-thread-1] INFO  server.RaftServerConfigKeys (ConfUtils.java:logGet(44)) - raft.server.notification.no-leader.timeout = 300s (custom)
2022-03-01 02:11:18,425 [EventQueue-OpenPipelineForHealthyPipelineSafeModeRule] INFO  safemode.SCMSafeModeManager (HealthyPipelineSafeModeRule.java:process(124)) - SCM in safe mode. Healthy pipelines reported count is 0, required healthy pipeline reported count is 1
2022-03-01 02:11:18,426 [pool-692-thread-1] INFO  server.RaftServerConfigKeys (ConfUtils.java:logGet(44)) - raft.server.log.use.memory = false (default)
2022-03-01 02:11:18,426 [pool-692-thread-1] INFO  server.RaftServerConfigKeys (ConfUtils.java:logGet(44)) - raft.server.log.purge.gap = 1000000 (custom)
2022-03-01 02:11:18,426 [pool-692-thread-1] INFO  server.RaftServerConfigKeys (ConfUtils.java:logGet(44)) - raft.server.log.appender.buffer.byte-limit = 33554432 (custom)
2022-03-01 02:11:18,426 [pool-692-thread-1] INFO  server.RaftServerConfigKeys (ConfUtils.java:logGet(44)) - raft.server.log.segment.size.max = 1048576 (custom)
2022-03-01 02:11:18,426 [pool-692-thread-1] INFO  server.RaftServerConfigKeys (ConfUtils.java:logGet(44)) - raft.server.log.segment.cache.num.max = 2 (custom)
2022-03-01 02:11:18,427 [pool-692-thread-1] INFO  server.RaftServerConfigKeys (ConfUtils.java:logGet(44)) - raft.server.log.segment.cache.size.max = 200MB (=209715200) (default)
2022-03-01 02:11:18,427 [pool-692-thread-1] INFO  segmented.SegmentedRaftLogWorker (SegmentedRaftLogWorker.java:<init>(182)) - new cfb69533-9b2a-4893-8451-2146b3cc8a01@group-AA11E25B4213-SegmentedRaftLogWorker for RaftStorageImpl:Storage Directory /home/runner/work/ozone/ozone/hadoop-ozone/integration-test/target/test-dir/MiniOzoneClusterImpl-205f3ae4-9c2f-49b9-89f9-532f9ffbf4a1/datanode-0/data/ratis/c11dbabe-2905-4e80-bc84-aa11e25b4213
2022-03-01 02:11:18,427 [pool-692-thread-1] INFO  server.RaftServerConfigKeys (ConfUtils.java:logGet(44)) - raft.server.log.queue.byte-limit = 4294967296 (custom)
2022-03-01 02:11:18,427 [pool-692-thread-1] INFO  server.RaftServerConfigKeys (ConfUtils.java:logGet(44)) - raft.server.log.queue.element-limit = 1024 (custom)
2022-03-01 02:11:18,427 [pool-692-thread-1] INFO  server.RaftServerConfigKeys (ConfUtils.java:logGet(44)) - raft.server.log.segment.size.max = 1048576 (custom)
2022-03-01 02:11:18,427 [pool-692-thread-1] INFO  server.RaftServerConfigKeys (ConfUtils.java:logGet(44)) - raft.server.log.preallocated.size = 16384 (custom)
2022-03-01 02:11:18,427 [pool-692-thread-1] INFO  server.RaftServerConfigKeys (ConfUtils.java:logGet(44)) - raft.server.log.force.sync.num = 128 (default)
2022-03-01 02:11:18,427 [pool-692-thread-1] INFO  server.RaftServerConfigKeys (ConfUtils.java:logGet(44)) - raft.server.log.statemachine.data.sync = true (default)
2022-03-01 02:11:18,427 [pool-692-thread-1] INFO  server.RaftServerConfigKeys (ConfUtils.java:logGet(44)) - raft.server.log.statemachine.data.sync.timeout = 10s (default)
2022-03-01 02:11:18,427 [pool-692-thread-1] INFO  server.RaftServerConfigKeys (ConfUtils.java:logGet(44)) - raft.server.log.statemachine.data.sync.timeout.retry = -1 (default)
2022-03-01 02:11:18,428 [pool-692-thread-1] INFO  server.RaftServerConfigKeys (ConfUtils.java:logGet(44)) - raft.server.log.write.buffer.size = 1048576 (custom)
2022-03-01 02:11:18,429 [pool-692-thread-1] INFO  server.RaftServerConfigKeys (ConfUtils.java:logGet(44)) - raft.server.log.statemachine.data.caching.enabled = true (custom)
2022-03-01 02:11:18,429 [pool-692-thread-1] INFO  segmented.SegmentedRaftLogWorker (SegmentedRaftLogWorker.java:lambda$new$0(133)) - cfb69533-9b2a-4893-8451-2146b3cc8a01@group-AA11E25B4213-SegmentedRaftLogWorker: flushIndex: setUnconditionally 0 -> -1
2022-03-01 02:11:18,429 [pool-692-thread-1] INFO  segmented.SegmentedRaftLogWorker (SegmentedRaftLogWorker.java:lambda$new$0(133)) - cfb69533-9b2a-4893-8451-2146b3cc8a01@group-AA11E25B4213-SegmentedRaftLogWorker: safeCacheEvictIndex: setUnconditionally 0 -> -1
2022-03-01 02:11:18,431 [pool-692-thread-1] INFO  server.RaftServerConfigKeys (ConfUtils.java:logGet(44)) - raft.server.snapshot.auto.trigger.enabled = true (custom)
2022-03-01 02:11:18,443 [pool-692-thread-1] INFO  server.RaftServerConfigKeys (ConfUtils.java:logGet(44)) - raft.server.snapshot.auto.trigger.threshold = 10000 (custom)
2022-03-01 02:11:18,443 [pool-692-thread-1] INFO  server.RaftServerConfigKeys (ConfUtils.java:logGet(44)) - raft.server.snapshot.retention.file.num = 5 (custom)
2022-03-01 02:11:18,444 [pool-692-thread-1] INFO  server.RaftServerConfigKeys (ConfUtils.java:logGet(44)) - raft.server.log.purge.upto.snapshot.index = false (default)
2022-03-01 02:11:18,444 [pool-692-thread-1] INFO  server.RaftServerConfigKeys (ConfUtils.java:logGet(44)) - raft.server.retrycache.expirytime = 600000ms (custom)
2022-03-01 02:11:18,444 [pool-692-thread-1] INFO  server.RaftServerConfigKeys (ConfUtils.java:logGet(44)) - raft.server.retrycache.statistics.expirytime = 100μs (default)
2022-03-01 02:11:18,445 [pool-692-thread-1] INFO  server.RaftServer$Division (RaftServerImpl.java:start(301)) - cfb69533-9b2a-4893-8451-2146b3cc8a01@group-AA11E25B4213: start as a follower, conf=-1: [5c298416-f78a-4f23-a8c1-47b4d7ce03fb|rpc:10.1.0.9:44357|priority:1, e327d566-d0a7-4ebd-a186-fb348d426d12|rpc:10.1.0.9:35291|priority:0, cfb69533-9b2a-4893-8451-2146b3cc8a01|rpc:10.1.0.9:37317|priority:0], old=null
2022-03-01 02:11:18,447 [Command processor thread] INFO  server.RaftServer (RaftServerProxy.java:addNew(95)) - e327d566-d0a7-4ebd-a186-fb348d426d12: addNew group-C2227537A4D9:[e327d566-d0a7-4ebd-a186-fb348d426d12|rpc:10.1.0.9:35291|priority:1] returns group-C2227537A4D9:java.util.concurrent.CompletableFuture@491e4f6[Not completed]
2022-03-01 02:11:18,447 [pool-692-thread-1] INFO  server.RaftServer$Division (RaftServerImpl.java:setRole(290)) - cfb69533-9b2a-4893-8451-2146b3cc8a01@group-AA11E25B4213: changes role from      null to FOLLOWER at term 0 for startAsFollower
2022-03-01 02:11:18,447 [pool-713-thread-1] INFO  server.RaftServer$Division (RaftServerImpl.java:<init>(184)) - e327d566-d0a7-4ebd-a186-fb348d426d12: new RaftServerImpl for group-C2227537A4D9:[e327d566-d0a7-4ebd-a186-fb348d426d12|rpc:10.1.0.9:35291|priority:1] with ContainerStateMachine:uninitialized
2022-03-01 02:11:18,448 [pool-713-thread-1] INFO  server.RaftServerConfigKeys (ConfUtils.java:logGet(44)) - raft.server.rpc.timeout.min = 5s (custom)
2022-03-01 02:11:18,448 [pool-713-thread-1] INFO  server.RaftServerConfigKeys (ConfUtils.java:logGet(44)) - raft.server.rpc.timeout.max = 5200ms (custom)
2022-03-01 02:11:18,448 [pool-713-thread-1] INFO  server.RaftServerConfigKeys (ConfUtils.java:logGet(44)) - raft.server.rpc.sleep.time = 25ms (default)
2022-03-01 02:11:18,448 [pool-713-thread-1] INFO  server.RaftServerConfigKeys (ConfUtils.java:logGet(44)) - raft.server.rpc.slowness.timeout = 300s (custom)
2022-03-01 02:11:18,448 [pool-713-thread-1] INFO  server.RaftServerConfigKeys (ConfUtils.java:logGet(44)) - raft.server.leaderelection.leader.step-down.wait-time = 10s (default)
2022-03-01 02:11:18,448 [pool-713-thread-1] INFO  server.RaftServerConfigKeys (ConfUtils.java:logGet(44)) - raft.server.sleep.deviation.threshold = 300ms (default)
2022-03-01 02:11:18,448 [pool-713-thread-1] INFO  server.RaftServerConfigKeys (ConfUtils.java:logGet(44)) - raft.server.log.appender.install.snapshot.enabled = false (custom)
2022-03-01 02:11:18,448 [pool-713-thread-1] INFO  server.RaftServer$Division (ServerState.java:<init>(105)) - e327d566-d0a7-4ebd-a186-fb348d426d12@group-C2227537A4D9: ConfigurationManager, init=-1: [e327d566-d0a7-4ebd-a186-fb348d426d12|rpc:10.1.0.9:35291|priority:1], old=null, confs=<EMPTY_MAP>
2022-03-01 02:11:18,448 [pool-713-thread-1] INFO  server.RaftServerConfigKeys (ConfUtils.java:logGet(44)) - raft.server.storage.dir = [/home/runner/work/ozone/ozone/hadoop-ozone/integration-test/target/test-dir/MiniOzoneClusterImpl-205f3ae4-9c2f-49b9-89f9-532f9ffbf4a1/datanode-1/data/ratis] (custom)
2022-03-01 02:11:18,449 [pool-713-thread-1] INFO  server.RaftServerConfigKeys (ConfUtils.java:logGet(44)) - raft.server.log.corruption.policy = EXCEPTION (default)
2022-03-01 02:11:18,449 [pool-713-thread-1] INFO  server.RaftServerConfigKeys (ConfUtils.java:logGet(44)) - raft.server.storage.free-space.min = 0MB (=0) (default)
2022-03-01 02:11:18,449 [pool-713-thread-1] INFO  storage.RaftStorageDirectory (RaftStorageDirectoryImpl.java:analyzeStorage(135)) - The storage directory /home/runner/work/ozone/ozone/hadoop-ozone/integration-test/target/test-dir/MiniOzoneClusterImpl-205f3ae4-9c2f-49b9-89f9-532f9ffbf4a1/datanode-1/data/ratis/4d28b2af-0498-4697-b6e0-c2227537a4d9 does not exist. Creating ...
2022-03-01 02:11:18,450 [pool-713-thread-1] INFO  storage.RaftStorageDirectory (RaftStorageDirectoryImpl.java:tryLock(230)) - Lock on /home/runner/work/ozone/ozone/hadoop-ozone/integration-test/target/test-dir/MiniOzoneClusterImpl-205f3ae4-9c2f-49b9-89f9-532f9ffbf4a1/datanode-1/data/ratis/4d28b2af-0498-4697-b6e0-c2227537a4d9/in_use.lock acquired by nodename 9245@fv-az294-952
2022-03-01 02:11:18,455 [pool-713-thread-1] INFO  storage.RaftStorage (RaftStorageImpl.java:format(89)) - Storage directory /home/runner/work/ozone/ozone/hadoop-ozone/integration-test/target/test-dir/MiniOzoneClusterImpl-205f3ae4-9c2f-49b9-89f9-532f9ffbf4a1/datanode-1/data/ratis/4d28b2af-0498-4697-b6e0-c2227537a4d9 has been successfully formatted.
2022-03-01 02:11:18,456 [pool-713-thread-1] INFO  ratis.ContainerStateMachine (ContainerStateMachine.java:loadSnapshot(236)) - group-C2227537A4D9: The snapshot info is null. Setting the last applied indexto:(t:0, i:~)
2022-03-01 02:11:18,456 [pool-713-thread-1] INFO  server.RaftServerConfigKeys (ConfUtils.java:logGet(44)) - raft.server.notification.no-leader.timeout = 300s (custom)
2022-03-01 02:11:18,456 [pool-713-thread-1] INFO  server.RaftServerConfigKeys (ConfUtils.java:logGet(44)) - raft.server.log.use.memory = false (default)
2022-03-01 02:11:18,456 [pool-713-thread-1] INFO  server.RaftServerConfigKeys (ConfUtils.java:logGet(44)) - raft.server.log.purge.gap = 1000000 (custom)
2022-03-01 02:11:18,456 [pool-713-thread-1] INFO  server.RaftServerConfigKeys (ConfUtils.java:logGet(44)) - raft.server.log.appender.buffer.byte-limit = 33554432 (custom)
2022-03-01 02:11:18,456 [pool-713-thread-1] INFO  server.RaftServerConfigKeys (ConfUtils.java:logGet(44)) - raft.server.log.segment.size.max = 1048576 (custom)
2022-03-01 02:11:18,457 [pool-713-thread-1] INFO  server.RaftServerConfigKeys (ConfUtils.java:logGet(44)) - raft.server.log.segment.cache.num.max = 2 (custom)
2022-03-01 02:11:18,457 [pool-713-thread-1] INFO  server.RaftServerConfigKeys (ConfUtils.java:logGet(44)) - raft.server.log.segment.cache.size.max = 200MB (=209715200) (default)
2022-03-01 02:11:18,457 [pool-713-thread-1] INFO  segmented.SegmentedRaftLogWorker (SegmentedRaftLogWorker.java:<init>(182)) - new e327d566-d0a7-4ebd-a186-fb348d426d12@group-C2227537A4D9-SegmentedRaftLogWorker for RaftStorageImpl:Storage Directory /home/runner/work/ozone/ozone/hadoop-ozone/integration-test/target/test-dir/MiniOzoneClusterImpl-205f3ae4-9c2f-49b9-89f9-532f9ffbf4a1/datanode-1/data/ratis/4d28b2af-0498-4697-b6e0-c2227537a4d9
2022-03-01 02:11:18,457 [pool-713-thread-1] INFO  server.RaftServerConfigKeys (ConfUtils.java:logGet(44)) - raft.server.log.queue.byte-limit = 4294967296 (custom)
2022-03-01 02:11:18,457 [pool-713-thread-1] INFO  server.RaftServerConfigKeys (ConfUtils.java:logGet(44)) - raft.server.log.queue.element-limit = 1024 (custom)
2022-03-01 02:11:18,457 [pool-713-thread-1] INFO  server.RaftServerConfigKeys (ConfUtils.java:logGet(44)) - raft.server.log.segment.size.max = 1048576 (custom)
2022-03-01 02:11:18,457 [pool-713-thread-1] INFO  server.RaftServerConfigKeys (ConfUtils.java:logGet(44)) - raft.server.log.preallocated.size = 16384 (custom)
2022-03-01 02:11:18,457 [pool-713-thread-1] INFO  server.RaftServerConfigKeys (ConfUtils.java:logGet(44)) - raft.server.log.force.sync.num = 128 (default)
2022-03-01 02:11:18,457 [pool-713-thread-1] INFO  server.RaftServerConfigKeys (ConfUtils.java:logGet(44)) - raft.server.log.statemachine.data.sync = true (default)
2022-03-01 02:11:18,457 [pool-713-thread-1] INFO  server.RaftServerConfigKeys (ConfUtils.java:logGet(44)) - raft.server.log.statemachine.data.sync.timeout = 10s (default)
2022-03-01 02:11:18,457 [pool-713-thread-1] INFO  server.RaftServerConfigKeys (ConfUtils.java:logGet(44)) - raft.server.log.statemachine.data.sync.timeout.retry = -1 (default)
2022-03-01 02:11:18,458 [pool-713-thread-1] INFO  server.RaftServerConfigKeys (ConfUtils.java:logGet(44)) - raft.server.log.write.buffer.size = 1048576 (custom)
2022-03-01 02:11:18,458 [pool-713-thread-1] INFO  server.RaftServerConfigKeys (ConfUtils.java:logGet(44)) - raft.server.log.statemachine.data.caching.enabled = true (custom)
2022-03-01 02:11:18,458 [pool-713-thread-1] INFO  segmented.SegmentedRaftLogWorker (SegmentedRaftLogWorker.java:lambda$new$0(133)) - e327d566-d0a7-4ebd-a186-fb348d426d12@group-C2227537A4D9-SegmentedRaftLogWorker: flushIndex: setUnconditionally 0 -> -1
2022-03-01 02:11:18,458 [pool-713-thread-1] INFO  segmented.SegmentedRaftLogWorker (SegmentedRaftLogWorker.java:lambda$new$0(133)) - e327d566-d0a7-4ebd-a186-fb348d426d12@group-C2227537A4D9-SegmentedRaftLogWorker: safeCacheEvictIndex: setUnconditionally 0 -> -1
2022-03-01 02:11:18,448 [pool-692-thread-1] INFO  impl.RoleInfo (RoleInfo.java:updateAndGet(130)) - cfb69533-9b2a-4893-8451-2146b3cc8a01: start cfb69533-9b2a-4893-8451-2146b3cc8a01@group-AA11E25B4213-FollowerState
2022-03-01 02:11:18,457 [EventQueue-PipelineReportForPipelineReportHandler] INFO  pipeline.PipelineManagerImpl (PipelineManagerImpl.java:openPipeline(291)) - Pipeline Pipeline[ Id: 4d28b2af-0498-4697-b6e0-c2227537a4d9, Nodes: e327d566-d0a7-4ebd-a186-fb348d426d12{ip: 10.1.0.9, host: fv-az294-952.eaanfquahm5ulb5tj050gcxych.jx.internal.cloudapp.net, ports: [REPLICATION=41765, RATIS=35291, RATIS_ADMIN=35291, RATIS_SERVER=35291, STANDALONE=43781], networkLocation: /default-rack, certSerialId: null, persistedOpState: IN_SERVICE, persistedOpStateExpiryEpochSec: 0}, ReplicationConfig: RATIS/ONE, State:ALLOCATED, leaderId:e327d566-d0a7-4ebd-a186-fb348d426d12, CreationTimestamp2022-03-01T02:11:15.473Z[Etc/UTC]] moved to OPEN state
2022-03-01 02:11:18,468 [pool-713-thread-1] INFO  server.RaftServerConfigKeys (ConfUtils.java:logGet(44)) - raft.server.snapshot.auto.trigger.enabled = true (custom)
2022-03-01 02:11:18,468 [pool-713-thread-1] INFO  server.RaftServerConfigKeys (ConfUtils.java:logGet(44)) - raft.server.snapshot.auto.trigger.threshold = 10000 (custom)
2022-03-01 02:11:18,468 [pool-713-thread-1] INFO  server.RaftServerConfigKeys (ConfUtils.java:logGet(44)) - raft.server.snapshot.retention.file.num = 5 (custom)
2022-03-01 02:11:18,468 [pool-713-thread-1] INFO  server.RaftServerConfigKeys (ConfUtils.java:logGet(44)) - raft.server.log.purge.upto.snapshot.index = false (default)
2022-03-01 02:11:18,468 [pool-713-thread-1] INFO  server.RaftServerConfigKeys (ConfUtils.java:logGet(44)) - raft.server.retrycache.expirytime = 600000ms (custom)
2022-03-01 02:11:18,468 [pool-713-thread-1] INFO  server.RaftServerConfigKeys (ConfUtils.java:logGet(44)) - raft.server.retrycache.statistics.expirytime = 100μs (default)
2022-03-01 02:11:18,469 [b3976475-de62-4592-ace4-90f82038b1e6@group-532F9FFBF4A1-StateMachineUpdater] INFO  safemode.HealthyPipelineSafeModeRule (HealthyPipelineSafeModeRule.java:initializeRule(152)) - Refreshed total pipeline count is 0, healthy pipeline threshold count is 1
2022-03-01 02:11:18,469 [EventQueue-OpenPipelineForHealthyPipelineSafeModeRule] INFO  safemode.SCMSafeModeManager (HealthyPipelineSafeModeRule.java:process(124)) - SCM in safe mode. Healthy pipelines reported count is 0, required healthy pipeline reported count is 1
2022-03-01 02:11:18,470 [pool-713-thread-1] INFO  server.RaftServer$Division (RaftServerImpl.java:start(301)) - e327d566-d0a7-4ebd-a186-fb348d426d12@group-C2227537A4D9: start as a follower, conf=-1: [e327d566-d0a7-4ebd-a186-fb348d426d12|rpc:10.1.0.9:35291|priority:1], old=null
2022-03-01 02:11:18,470 [pool-713-thread-1] INFO  server.RaftServer$Division (RaftServerImpl.java:setRole(290)) - e327d566-d0a7-4ebd-a186-fb348d426d12@group-C2227537A4D9: changes role from      null to FOLLOWER at term 0 for startAsFollower
2022-03-01 02:11:18,491 [pool-692-thread-1] INFO  util.JmxRegister (JmxRegister.java:tryRegister(44)) - Successfully registered JMX Bean with object name Ratis:service=RaftServer,group=group-AA11E25B4213,id=cfb69533-9b2a-4893-8451-2146b3cc8a01
2022-03-01 02:11:18,503 [pool-713-thread-1] INFO  impl.RoleInfo (RoleInfo.java:updateAndGet(130)) - e327d566-d0a7-4ebd-a186-fb348d426d12: start e327d566-d0a7-4ebd-a186-fb348d426d12@group-C2227537A4D9-FollowerState
2022-03-01 02:11:18,503 [Command processor thread] INFO  ratis.XceiverServerRatis (XceiverServerRatis.java:addGroup(769)) - Created group PipelineID=c11dbabe-2905-4e80-bc84-aa11e25b4213
2022-03-01 02:11:18,532 [grpc-default-executor-0] INFO  server.RaftServer (RaftServerProxy.java:addNew(95)) - 5c298416-f78a-4f23-a8c1-47b4d7ce03fb: addNew group-AA11E25B4213:[5c298416-f78a-4f23-a8c1-47b4d7ce03fb|rpc:10.1.0.9:44357|dataStream:|priority:1, e327d566-d0a7-4ebd-a186-fb348d426d12|rpc:10.1.0.9:35291|dataStream:|priority:0, cfb69533-9b2a-4893-8451-2146b3cc8a01|rpc:10.1.0.9:37317|dataStream:|priority:0] returns group-AA11E25B4213:java.util.concurrent.CompletableFuture@1fafb1a9[Not completed]
2022-03-01 02:11:18,533 [pool-734-thread-1] INFO  server.RaftServer$Division (RaftServerImpl.java:<init>(184)) - 5c298416-f78a-4f23-a8c1-47b4d7ce03fb: new RaftServerImpl for group-AA11E25B4213:[5c298416-f78a-4f23-a8c1-47b4d7ce03fb|rpc:10.1.0.9:44357|dataStream:|priority:1, e327d566-d0a7-4ebd-a186-fb348d426d12|rpc:10.1.0.9:35291|dataStream:|priority:0, cfb69533-9b2a-4893-8451-2146b3cc8a01|rpc:10.1.0.9:37317|dataStream:|priority:0] with ContainerStateMachine:uninitialized
2022-03-01 02:11:18,533 [pool-734-thread-1] INFO  server.RaftServerConfigKeys (ConfUtils.java:logGet(44)) - raft.server.rpc.timeout.min = 5s (custom)
2022-03-01 02:11:18,533 [pool-734-thread-1] INFO  server.RaftServerConfigKeys (ConfUtils.java:logGet(44)) - raft.server.rpc.timeout.max = 5200ms (custom)
2022-03-01 02:11:18,533 [pool-734-thread-1] INFO  server.RaftServerConfigKeys (ConfUtils.java:logGet(44)) - raft.server.rpc.sleep.time = 25ms (default)
2022-03-01 02:11:18,533 [pool-734-thread-1] INFO  server.RaftServerConfigKeys (ConfUtils.java:logGet(44)) - raft.server.rpc.slowness.timeout = 300s (custom)
2022-03-01 02:11:18,533 [pool-734-thread-1] INFO  server.RaftServerConfigKeys (ConfUtils.java:logGet(44)) - raft.server.leaderelection.leader.step-down.wait-time = 10s (default)
2022-03-01 02:11:18,533 [pool-734-thread-1] INFO  server.RaftServerConfigKeys (ConfUtils.java:logGet(44)) - raft.server.sleep.deviation.threshold = 300ms (default)
2022-03-01 02:11:18,533 [pool-734-thread-1] INFO  server.RaftServerConfigKeys (ConfUtils.java:logGet(44)) - raft.server.log.appender.install.snapshot.enabled = false (custom)
2022-03-01 02:11:18,533 [pool-734-thread-1] INFO  server.RaftServer$Division (ServerState.java:<init>(105)) - 5c298416-f78a-4f23-a8c1-47b4d7ce03fb@group-AA11E25B4213: ConfigurationManager, init=-1: [5c298416-f78a-4f23-a8c1-47b4d7ce03fb|rpc:10.1.0.9:44357|dataStream:|priority:1, e327d566-d0a7-4ebd-a186-fb348d426d12|rpc:10.1.0.9:35291|dataStream:|priority:0, cfb69533-9b2a-4893-8451-2146b3cc8a01|rpc:10.1.0.9:37317|dataStream:|priority:0], old=null, confs=<EMPTY_MAP>
2022-03-01 02:11:18,533 [pool-734-thread-1] INFO  server.RaftServerConfigKeys (ConfUtils.java:logGet(44)) - raft.server.storage.dir = [/home/runner/work/ozone/ozone/hadoop-ozone/integration-test/target/test-dir/MiniOzoneClusterImpl-205f3ae4-9c2f-49b9-89f9-532f9ffbf4a1/datanode-2/data/ratis] (custom)
2022-03-01 02:11:18,533 [pool-734-thread-1] INFO  server.RaftServerConfigKeys (ConfUtils.java:logGet(44)) - raft.server.log.corruption.policy = EXCEPTION (default)
2022-03-01 02:11:18,534 [pool-734-thread-1] INFO  server.RaftServerConfigKeys (ConfUtils.java:logGet(44)) - raft.server.storage.free-space.min = 0MB (=0) (default)
2022-03-01 02:11:18,534 [pool-734-thread-1] INFO  storage.RaftStorageDirectory (RaftStorageDirectoryImpl.java:analyzeStorage(135)) - The storage directory /home/runner/work/ozone/ozone/hadoop-ozone/integration-test/target/test-dir/MiniOzoneClusterImpl-205f3ae4-9c2f-49b9-89f9-532f9ffbf4a1/datanode-2/data/ratis/c11dbabe-2905-4e80-bc84-aa11e25b4213 does not exist. Creating ...
2022-03-01 02:11:18,535 [pool-734-thread-1] INFO  storage.RaftStorageDirectory (RaftStorageDirectoryImpl.java:tryLock(230)) - Lock on /home/runner/work/ozone/ozone/hadoop-ozone/integration-test/target/test-dir/MiniOzoneClusterImpl-205f3ae4-9c2f-49b9-89f9-532f9ffbf4a1/datanode-2/data/ratis/c11dbabe-2905-4e80-bc84-aa11e25b4213/in_use.lock acquired by nodename 9245@fv-az294-952
2022-03-01 02:11:18,544 [pool-734-thread-1] INFO  storage.RaftStorage (RaftStorageImpl.java:format(89)) - Storage directory /home/runner/work/ozone/ozone/hadoop-ozone/integration-test/target/test-dir/MiniOzoneClusterImpl-205f3ae4-9c2f-49b9-89f9-532f9ffbf4a1/datanode-2/data/ratis/c11dbabe-2905-4e80-bc84-aa11e25b4213 has been successfully formatted.
2022-03-01 02:11:18,544 [pool-734-thread-1] INFO  ratis.ContainerStateMachine (ContainerStateMachine.java:loadSnapshot(236)) - group-AA11E25B4213: The snapshot info is null. Setting the last applied indexto:(t:0, i:~)
2022-03-01 02:11:18,544 [pool-734-thread-1] INFO  server.RaftServerConfigKeys (ConfUtils.java:logGet(44)) - raft.server.notification.no-leader.timeout = 300s (custom)
2022-03-01 02:11:18,544 [pool-734-thread-1] INFO  server.RaftServerConfigKeys (ConfUtils.java:logGet(44)) - raft.server.log.use.memory = false (default)
2022-03-01 02:11:18,544 [pool-734-thread-1] INFO  server.RaftServerConfigKeys (ConfUtils.java:logGet(44)) - raft.server.log.purge.gap = 1000000 (custom)
2022-03-01 02:11:18,544 [pool-734-thread-1] INFO  server.RaftServerConfigKeys (ConfUtils.java:logGet(44)) - raft.server.log.appender.buffer.byte-limit = 33554432 (custom)
2022-03-01 02:11:18,545 [pool-734-thread-1] INFO  server.RaftServerConfigKeys (ConfUtils.java:logGet(44)) - raft.server.log.segment.size.max = 1048576 (custom)
2022-03-01 02:11:18,546 [pool-734-thread-1] INFO  server.RaftServerConfigKeys (ConfUtils.java:logGet(44)) - raft.server.log.segment.cache.num.max = 2 (custom)
2022-03-01 02:11:18,546 [pool-734-thread-1] INFO  server.RaftServerConfigKeys (ConfUtils.java:logGet(44)) - raft.server.log.segment.cache.size.max = 200MB (=209715200) (default)
2022-03-01 02:11:18,546 [pool-734-thread-1] INFO  segmented.SegmentedRaftLogWorker (SegmentedRaftLogWorker.java:<init>(182)) - new 5c298416-f78a-4f23-a8c1-47b4d7ce03fb@group-AA11E25B4213-SegmentedRaftLogWorker for RaftStorageImpl:Storage Directory /home/runner/work/ozone/ozone/hadoop-ozone/integration-test/target/test-dir/MiniOzoneClusterImpl-205f3ae4-9c2f-49b9-89f9-532f9ffbf4a1/datanode-2/data/ratis/c11dbabe-2905-4e80-bc84-aa11e25b4213
2022-03-01 02:11:18,546 [pool-734-thread-1] INFO  server.RaftServerConfigKeys (ConfUtils.java:logGet(44)) - raft.server.log.queue.byte-limit = 4294967296 (custom)
2022-03-01 02:11:18,546 [pool-734-thread-1] INFO  server.RaftServerConfigKeys (ConfUtils.java:logGet(44)) - raft.server.log.queue.element-limit = 1024 (custom)
2022-03-01 02:11:18,546 [pool-734-thread-1] INFO  server.RaftServerConfigKeys (ConfUtils.java:logGet(44)) - raft.server.log.segment.size.max = 1048576 (custom)
2022-03-01 02:11:18,546 [pool-734-thread-1] INFO  server.RaftServerConfigKeys (ConfUtils.java:logGet(44)) - raft.server.log.preallocated.size = 16384 (custom)
2022-03-01 02:11:18,546 [pool-734-thread-1] INFO  server.RaftServerConfigKeys (ConfUtils.java:logGet(44)) - raft.server.log.force.sync.num = 128 (default)
2022-03-01 02:11:18,546 [pool-734-thread-1] INFO  server.RaftServerConfigKeys (ConfUtils.java:logGet(44)) - raft.server.log.statemachine.data.sync = true (default)
2022-03-01 02:11:18,546 [pool-734-thread-1] INFO  server.RaftServerConfigKeys (ConfUtils.java:logGet(44)) - raft.server.log.statemachine.data.sync.timeout = 10s (default)
2022-03-01 02:11:18,546 [pool-734-thread-1] INFO  server.RaftServerConfigKeys (ConfUtils.java:logGet(44)) - raft.server.log.statemachine.data.sync.timeout.retry = -1 (default)
2022-03-01 02:11:18,547 [pool-734-thread-1] INFO  server.RaftServerConfigKeys (ConfUtils.java:logGet(44)) - raft.server.log.write.buffer.size = 1048576 (custom)
2022-03-01 02:11:18,548 [pool-734-thread-1] INFO  server.RaftServerConfigKeys (ConfUtils.java:logGet(44)) - raft.server.log.statemachine.data.caching.enabled = true (custom)
2022-03-01 02:11:18,548 [pool-734-thread-1] INFO  segmented.SegmentedRaftLogWorker (SegmentedRaftLogWorker.java:lambda$new$0(133)) - 5c298416-f78a-4f23-a8c1-47b4d7ce03fb@group-AA11E25B4213-SegmentedRaftLogWorker: flushIndex: setUnconditionally 0 -> -1
2022-03-01 02:11:18,548 [pool-734-thread-1] INFO  segmented.SegmentedRaftLogWorker (SegmentedRaftLogWorker.java:lambda$new$0(133)) - 5c298416-f78a-4f23-a8c1-47b4d7ce03fb@group-AA11E25B4213-SegmentedRaftLogWorker: safeCacheEvictIndex: setUnconditionally 0 -> -1
2022-03-01 02:11:18,574 [pool-713-thread-1] INFO  util.JmxRegister (JmxRegister.java:tryRegister(44)) - Successfully registered JMX Bean with object name Ratis:service=RaftServer,group=group-C2227537A4D9,id=e327d566-d0a7-4ebd-a186-fb348d426d12
2022-03-01 02:11:18,578 [pool-734-thread-1] INFO  server.RaftServerConfigKeys (ConfUtils.java:logGet(44)) - raft.server.snapshot.auto.trigger.enabled = true (custom)
2022-03-01 02:11:18,579 [pool-734-thread-1] INFO  server.RaftServerConfigKeys (ConfUtils.java:logGet(44)) - raft.server.snapshot.auto.trigger.threshold = 10000 (custom)
2022-03-01 02:11:18,579 [pool-734-thread-1] INFO  server.RaftServerConfigKeys (ConfUtils.java:logGet(44)) - raft.server.snapshot.retention.file.num = 5 (custom)
2022-03-01 02:11:18,579 [pool-734-thread-1] INFO  server.RaftServerConfigKeys (ConfUtils.java:logGet(44)) - raft.server.log.purge.upto.snapshot.index = false (default)
2022-03-01 02:11:18,599 [Command processor thread] INFO  ratis.XceiverServerRatis (XceiverServerRatis.java:addGroup(769)) - Created group PipelineID=4d28b2af-0498-4697-b6e0-c2227537a4d9
2022-03-01 02:11:18,599 [Command processor thread] INFO  commandhandler.CreatePipelineCommandHandler (CreatePipelineCommandHandler.java:handle(106)) - Created Pipeline RATIS ONE PipelineID=4d28b2af-0498-4697-b6e0-c2227537a4d9.
2022-03-01 02:11:18,600 [Command processor thread] INFO  server.RaftServer (RaftServerProxy.java:addNew(95)) - e327d566-d0a7-4ebd-a186-fb348d426d12: addNew group-AA11E25B4213:[5c298416-f78a-4f23-a8c1-47b4d7ce03fb|rpc:10.1.0.9:44357|priority:1, e327d566-d0a7-4ebd-a186-fb348d426d12|rpc:10.1.0.9:35291|priority:0, cfb69533-9b2a-4893-8451-2146b3cc8a01|rpc:10.1.0.9:37317|priority:0] returns group-AA11E25B4213:java.util.concurrent.CompletableFuture@a561a14[Not completed]
2022-03-01 02:11:18,601 [pool-713-thread-1] INFO  server.RaftServer$Division (RaftServerImpl.java:<init>(184)) - e327d566-d0a7-4ebd-a186-fb348d426d12: new RaftServerImpl for group-AA11E25B4213:[5c298416-f78a-4f23-a8c1-47b4d7ce03fb|rpc:10.1.0.9:44357|priority:1, e327d566-d0a7-4ebd-a186-fb348d426d12|rpc:10.1.0.9:35291|priority:0, cfb69533-9b2a-4893-8451-2146b3cc8a01|rpc:10.1.0.9:37317|priority:0] with ContainerStateMachine:uninitialized
2022-03-01 02:11:18,601 [pool-713-thread-1] INFO  server.RaftServerConfigKeys (ConfUtils.java:logGet(44)) - raft.server.rpc.timeout.min = 5s (custom)
2022-03-01 02:11:18,601 [pool-713-thread-1] INFO  server.RaftServerConfigKeys (ConfUtils.java:logGet(44)) - raft.server.rpc.timeout.max = 5200ms (custom)
2022-03-01 02:11:18,601 [pool-713-thread-1] INFO  server.RaftServerConfigKeys (ConfUtils.java:logGet(44)) - raft.server.rpc.sleep.time = 25ms (default)
2022-03-01 02:11:18,601 [pool-713-thread-1] INFO  server.RaftServerConfigKeys (ConfUtils.java:logGet(44)) - raft.server.rpc.slowness.timeout = 300s (custom)
2022-03-01 02:11:18,601 [pool-713-thread-1] INFO  server.RaftServerConfigKeys (ConfUtils.java:logGet(44)) - raft.server.leaderelection.leader.step-down.wait-time = 10s (default)
2022-03-01 02:11:18,601 [pool-713-thread-1] INFO  server.RaftServerConfigKeys (ConfUtils.java:logGet(44)) - raft.server.sleep.deviation.threshold = 300ms (default)
2022-03-01 02:11:18,601 [pool-713-thread-1] INFO  server.RaftServerConfigKeys (ConfUtils.java:logGet(44)) - raft.server.log.appender.install.snapshot.enabled = false (custom)
2022-03-01 02:11:18,601 [pool-713-thread-1] INFO  server.RaftServer$Division (ServerState.java:<init>(105)) - e327d566-d0a7-4ebd-a186-fb348d426d12@group-AA11E25B4213: ConfigurationManager, init=-1: [5c298416-f78a-4f23-a8c1-47b4d7ce03fb|rpc:10.1.0.9:44357|priority:1, e327d566-d0a7-4ebd-a186-fb348d426d12|rpc:10.1.0.9:35291|priority:0, cfb69533-9b2a-4893-8451-2146b3cc8a01|rpc:10.1.0.9:37317|priority:0], old=null, confs=<EMPTY_MAP>
2022-03-01 02:11:18,601 [pool-713-thread-1] INFO  server.RaftServerConfigKeys (ConfUtils.java:logGet(44)) - raft.server.storage.dir = [/home/runner/work/ozone/ozone/hadoop-ozone/integration-test/target/test-dir/MiniOzoneClusterImpl-205f3ae4-9c2f-49b9-89f9-532f9ffbf4a1/datanode-1/data/ratis] (custom)
2022-03-01 02:11:18,601 [pool-713-thread-1] INFO  server.RaftServerConfigKeys (ConfUtils.java:logGet(44)) - raft.server.log.corruption.policy = EXCEPTION (default)
2022-03-01 02:11:18,601 [pool-713-thread-1] INFO  server.RaftServerConfigKeys (ConfUtils.java:logGet(44)) - raft.server.storage.free-space.min = 0MB (=0) (default)
2022-03-01 02:11:18,601 [pool-713-thread-1] INFO  storage.RaftStorageDirectory (RaftStorageDirectoryImpl.java:analyzeStorage(135)) - The storage directory /home/runner/work/ozone/ozone/hadoop-ozone/integration-test/target/test-dir/MiniOzoneClusterImpl-205f3ae4-9c2f-49b9-89f9-532f9ffbf4a1/datanode-1/data/ratis/c11dbabe-2905-4e80-bc84-aa11e25b4213 does not exist. Creating ...
2022-03-01 02:11:18,602 [pool-734-thread-1] INFO  server.RaftServerConfigKeys (ConfUtils.java:logGet(44)) - raft.server.retrycache.expirytime = 600000ms (custom)
2022-03-01 02:11:18,602 [pool-734-thread-1] INFO  server.RaftServerConfigKeys (ConfUtils.java:logGet(44)) - raft.server.retrycache.statistics.expirytime = 100μs (default)
2022-03-01 02:11:18,602 [pool-713-thread-1] INFO  storage.RaftStorageDirectory (RaftStorageDirectoryImpl.java:tryLock(230)) - Lock on /home/runner/work/ozone/ozone/hadoop-ozone/integration-test/target/test-dir/MiniOzoneClusterImpl-205f3ae4-9c2f-49b9-89f9-532f9ffbf4a1/datanode-1/data/ratis/c11dbabe-2905-4e80-bc84-aa11e25b4213/in_use.lock acquired by nodename 9245@fv-az294-952
2022-03-01 02:11:18,604 [pool-734-thread-1] INFO  server.RaftServer$Division (RaftServerImpl.java:start(301)) - 5c298416-f78a-4f23-a8c1-47b4d7ce03fb@group-AA11E25B4213: start as a follower, conf=-1: [5c298416-f78a-4f23-a8c1-47b4d7ce03fb|rpc:10.1.0.9:44357|dataStream:|priority:1, e327d566-d0a7-4ebd-a186-fb348d426d12|rpc:10.1.0.9:35291|dataStream:|priority:0, cfb69533-9b2a-4893-8451-2146b3cc8a01|rpc:10.1.0.9:37317|dataStream:|priority:0], old=null
2022-03-01 02:11:18,604 [pool-734-thread-1] INFO  server.RaftServer$Division (RaftServerImpl.java:setRole(290)) - 5c298416-f78a-4f23-a8c1-47b4d7ce03fb@group-AA11E25B4213: changes role from      null to FOLLOWER at term 0 for startAsFollower
2022-03-01 02:11:18,604 [pool-734-thread-1] INFO  impl.RoleInfo (RoleInfo.java:updateAndGet(130)) - 5c298416-f78a-4f23-a8c1-47b4d7ce03fb: start 5c298416-f78a-4f23-a8c1-47b4d7ce03fb@group-AA11E25B4213-FollowerState
2022-03-01 02:11:18,607 [pool-713-thread-1] INFO  storage.RaftStorage (RaftStorageImpl.java:format(89)) - Storage directory /home/runner/work/ozone/ozone/hadoop-ozone/integration-test/target/test-dir/MiniOzoneClusterImpl-205f3ae4-9c2f-49b9-89f9-532f9ffbf4a1/datanode-1/data/ratis/c11dbabe-2905-4e80-bc84-aa11e25b4213 has been successfully formatted.
2022-03-01 02:11:18,623 [pool-713-thread-1] INFO  ratis.ContainerStateMachine (ContainerStateMachine.java:loadSnapshot(236)) - group-AA11E25B4213: The snapshot info is null. Setting the last applied indexto:(t:0, i:~)
2022-03-01 02:11:18,623 [pool-713-thread-1] INFO  server.RaftServerConfigKeys (ConfUtils.java:logGet(44)) - raft.server.notification.no-leader.timeout = 300s (custom)
2022-03-01 02:11:18,623 [pool-713-thread-1] INFO  server.RaftServerConfigKeys (ConfUtils.java:logGet(44)) - raft.server.log.use.memory = false (default)
2022-03-01 02:11:18,623 [pool-713-thread-1] INFO  server.RaftServerConfigKeys (ConfUtils.java:logGet(44)) - raft.server.log.purge.gap = 1000000 (custom)
2022-03-01 02:11:18,624 [pool-713-thread-1] INFO  server.RaftServerConfigKeys (ConfUtils.java:logGet(44)) - raft.server.log.appender.buffer.byte-limit = 33554432 (custom)
2022-03-01 02:11:18,624 [pool-713-thread-1] INFO  server.RaftServerConfigKeys (ConfUtils.java:logGet(44)) - raft.server.log.segment.size.max = 1048576 (custom)
2022-03-01 02:11:18,624 [pool-713-thread-1] INFO  server.RaftServerConfigKeys (ConfUtils.java:logGet(44)) - raft.server.log.segment.cache.num.max = 2 (custom)
2022-03-01 02:11:18,624 [pool-713-thread-1] INFO  server.RaftServerConfigKeys (ConfUtils.java:logGet(44)) - raft.server.log.segment.cache.size.max = 200MB (=209715200) (default)
2022-03-01 02:11:18,624 [pool-713-thread-1] INFO  segmented.SegmentedRaftLogWorker (SegmentedRaftLogWorker.java:<init>(182)) - new e327d566-d0a7-4ebd-a186-fb348d426d12@group-AA11E25B4213-SegmentedRaftLogWorker for RaftStorageImpl:Storage Directory /home/runner/work/ozone/ozone/hadoop-ozone/integration-test/target/test-dir/MiniOzoneClusterImpl-205f3ae4-9c2f-49b9-89f9-532f9ffbf4a1/datanode-1/data/ratis/c11dbabe-2905-4e80-bc84-aa11e25b4213
2022-03-01 02:11:18,624 [pool-713-thread-1] INFO  server.RaftServerConfigKeys (ConfUtils.java:logGet(44)) - raft.server.log.queue.byte-limit = 4294967296 (custom)
2022-03-01 02:11:18,624 [pool-713-thread-1] INFO  server.RaftServerConfigKeys (ConfUtils.java:logGet(44)) - raft.server.log.queue.element-limit = 1024 (custom)
2022-03-01 02:11:18,624 [pool-713-thread-1] INFO  server.RaftServerConfigKeys (ConfUtils.java:logGet(44)) - raft.server.log.segment.size.max = 1048576 (custom)
2022-03-01 02:11:18,624 [pool-713-thread-1] INFO  server.RaftServerConfigKeys (ConfUtils.java:logGet(44)) - raft.server.log.preallocated.size = 16384 (custom)
2022-03-01 02:11:18,624 [pool-713-thread-1] INFO  server.RaftServerConfigKeys (ConfUtils.java:logGet(44)) - raft.server.log.force.sync.num = 128 (default)
2022-03-01 02:11:18,624 [pool-713-thread-1] INFO  server.RaftServerConfigKeys (ConfUtils.java:logGet(44)) - raft.server.log.statemachine.data.sync = true (default)
2022-03-01 02:11:18,625 [pool-713-thread-1] INFO  server.RaftServerConfigKeys (ConfUtils.java:logGet(44)) - raft.server.log.statemachine.data.sync.timeout = 10s (default)
2022-03-01 02:11:18,625 [pool-713-thread-1] INFO  server.RaftServerConfigKeys (ConfUtils.java:logGet(44)) - raft.server.log.statemachine.data.sync.timeout.retry = -1 (default)
2022-03-01 02:11:18,625 [pool-713-thread-1] INFO  server.RaftServerConfigKeys (ConfUtils.java:logGet(44)) - raft.server.log.write.buffer.size = 1048576 (custom)
2022-03-01 02:11:18,626 [pool-713-thread-1] INFO  server.RaftServerConfigKeys (ConfUtils.java:logGet(44)) - raft.server.log.statemachine.data.caching.enabled = true (custom)
2022-03-01 02:11:18,626 [pool-713-thread-1] INFO  segmented.SegmentedRaftLogWorker (SegmentedRaftLogWorker.java:lambda$new$0(133)) - e327d566-d0a7-4ebd-a186-fb348d426d12@group-AA11E25B4213-SegmentedRaftLogWorker: flushIndex: setUnconditionally 0 -> -1
2022-03-01 02:11:18,626 [pool-713-thread-1] INFO  segmented.SegmentedRaftLogWorker (SegmentedRaftLogWorker.java:lambda$new$0(133)) - e327d566-d0a7-4ebd-a186-fb348d426d12@group-AA11E25B4213-SegmentedRaftLogWorker: safeCacheEvictIndex: setUnconditionally 0 -> -1
2022-03-01 02:11:18,627 [EventQueue-OpenPipelineForHealthyPipelineSafeModeRule] INFO  safemode.SCMSafeModeManager (HealthyPipelineSafeModeRule.java:process(124)) - SCM in safe mode. Healthy pipelines reported count is 0, required healthy pipeline reported count is 1
2022-03-01 02:11:18,627 [pool-734-thread-1] INFO  util.JmxRegister (JmxRegister.java:tryRegister(44)) - Successfully registered JMX Bean with object name Ratis:service=RaftServer,group=group-AA11E25B4213,id=5c298416-f78a-4f23-a8c1-47b4d7ce03fb
2022-03-01 02:11:18,653 [pool-713-thread-1] INFO  server.RaftServerConfigKeys (ConfUtils.java:logGet(44)) - raft.server.snapshot.auto.trigger.enabled = true (custom)
2022-03-01 02:11:18,653 [pool-713-thread-1] INFO  server.RaftServerConfigKeys (ConfUtils.java:logGet(44)) - raft.server.snapshot.auto.trigger.threshold = 10000 (custom)
2022-03-01 02:11:18,653 [pool-713-thread-1] INFO  server.RaftServerConfigKeys (ConfUtils.java:logGet(44)) - raft.server.snapshot.retention.file.num = 5 (custom)
2022-03-01 02:11:18,653 [pool-713-thread-1] INFO  server.RaftServerConfigKeys (ConfUtils.java:logGet(44)) - raft.server.log.purge.upto.snapshot.index = false (default)
2022-03-01 02:11:18,653 [pool-713-thread-1] INFO  server.RaftServerConfigKeys (ConfUtils.java:logGet(44)) - raft.server.retrycache.expirytime = 600000ms (custom)
2022-03-01 02:11:18,653 [pool-713-thread-1] INFO  server.RaftServerConfigKeys (ConfUtils.java:logGet(44)) - raft.server.retrycache.statistics.expirytime = 100μs (default)
2022-03-01 02:11:18,655 [pool-713-thread-1] INFO  server.RaftServer$Division (RaftServerImpl.java:start(301)) - e327d566-d0a7-4ebd-a186-fb348d426d12@group-AA11E25B4213: start as a follower, conf=-1: [5c298416-f78a-4f23-a8c1-47b4d7ce03fb|rpc:10.1.0.9:44357|priority:1, e327d566-d0a7-4ebd-a186-fb348d426d12|rpc:10.1.0.9:35291|priority:0, cfb69533-9b2a-4893-8451-2146b3cc8a01|rpc:10.1.0.9:37317|priority:0], old=null
2022-03-01 02:11:18,655 [pool-713-thread-1] INFO  server.RaftServer$Division (RaftServerImpl.java:setRole(290)) - e327d566-d0a7-4ebd-a186-fb348d426d12@group-AA11E25B4213: changes role from      null to FOLLOWER at term 0 for startAsFollower
2022-03-01 02:11:18,656 [pool-713-thread-1] INFO  impl.RoleInfo (RoleInfo.java:updateAndGet(130)) - e327d566-d0a7-4ebd-a186-fb348d426d12: start e327d566-d0a7-4ebd-a186-fb348d426d12@group-AA11E25B4213-FollowerState
2022-03-01 02:11:18,672 [pool-713-thread-1] INFO  util.JmxRegister (JmxRegister.java:tryRegister(44)) - Successfully registered JMX Bean with object name Ratis:service=RaftServer,group=group-AA11E25B4213,id=e327d566-d0a7-4ebd-a186-fb348d426d12
2022-03-01 02:11:18,677 [Command processor thread] INFO  ratis.XceiverServerRatis (XceiverServerRatis.java:addGroup(769)) - Created group PipelineID=c11dbabe-2905-4e80-bc84-aa11e25b4213
2022-03-01 02:11:18,923 [Command processor thread] INFO  commandhandler.CreatePipelineCommandHandler (CreatePipelineCommandHandler.java:handle(106)) - Created Pipeline RATIS THREE PipelineID=c11dbabe-2905-4e80-bc84-aa11e25b4213.
2022-03-01 02:11:18,951 [Command processor thread] INFO  commandhandler.CreatePipelineCommandHandler (CreatePipelineCommandHandler.java:handle(106)) - Created Pipeline RATIS THREE PipelineID=c11dbabe-2905-4e80-bc84-aa11e25b4213.
2022-03-01 02:11:19,196 [Listener at 127.0.0.1/39539] INFO  ozone.MiniOzoneClusterImpl (MiniOzoneClusterImpl.java:lambda$waitForClusterToBeReady$0(219)) - Nodes are ready. Got 3 of 3 DN Heartbeats.
2022-03-01 02:11:19,196 [Listener at 127.0.0.1/39539] INFO  ozone.MiniOzoneClusterImpl (MiniOzoneClusterImpl.java:lambda$waitForClusterToBeReady$0(222)) - Waiting for cluster to exit safe mode
2022-03-01 02:11:19,196 [Listener at 127.0.0.1/39539] INFO  ozone.MiniOzoneClusterImpl (MiniOzoneClusterImpl.java:lambda$waitForClusterToBeReady$0(224)) - SCM became leader
2022-03-01 02:11:19,206 [Command processor thread] INFO  server.RaftServer (RaftServerProxy.java:addNew(95)) - 5c298416-f78a-4f23-a8c1-47b4d7ce03fb: addNew group-C8F5BE03A6A0:[5c298416-f78a-4f23-a8c1-47b4d7ce03fb|rpc:10.1.0.9:44357|priority:1] returns group-C8F5BE03A6A0:java.util.concurrent.CompletableFuture@759bcbcf[Not completed]
2022-03-01 02:11:19,207 [pool-734-thread-1] INFO  server.RaftServer$Division (RaftServerImpl.java:<init>(184)) - 5c298416-f78a-4f23-a8c1-47b4d7ce03fb: new RaftServerImpl for group-C8F5BE03A6A0:[5c298416-f78a-4f23-a8c1-47b4d7ce03fb|rpc:10.1.0.9:44357|priority:1] with ContainerStateMachine:uninitialized
2022-03-01 02:11:19,207 [pool-734-thread-1] INFO  server.RaftServerConfigKeys (ConfUtils.java:logGet(44)) - raft.server.rpc.timeout.min = 5s (custom)
2022-03-01 02:11:19,207 [pool-734-thread-1] INFO  server.RaftServerConfigKeys (ConfUtils.java:logGet(44)) - raft.server.rpc.timeout.max = 5200ms (custom)
2022-03-01 02:11:19,207 [pool-734-thread-1] INFO  server.RaftServerConfigKeys (ConfUtils.java:logGet(44)) - raft.server.rpc.sleep.time = 25ms (default)
2022-03-01 02:11:19,207 [pool-734-thread-1] INFO  server.RaftServerConfigKeys (ConfUtils.java:logGet(44)) - raft.server.rpc.slowness.timeout = 300s (custom)
2022-03-01 02:11:19,207 [pool-734-thread-1] INFO  server.RaftServerConfigKeys (ConfUtils.java:logGet(44)) - raft.server.leaderelection.leader.step-down.wait-time = 10s (default)
2022-03-01 02:11:19,207 [pool-734-thread-1] INFO  server.RaftServerConfigKeys (ConfUtils.java:logGet(44)) - raft.server.sleep.deviation.threshold = 300ms (default)
2022-03-01 02:11:19,207 [pool-734-thread-1] INFO  server.RaftServerConfigKeys (ConfUtils.java:logGet(44)) - raft.server.log.appender.install.snapshot.enabled = false (custom)
2022-03-01 02:11:19,207 [pool-734-thread-1] INFO  server.RaftServer$Division (ServerState.java:<init>(105)) - 5c298416-f78a-4f23-a8c1-47b4d7ce03fb@group-C8F5BE03A6A0: ConfigurationManager, init=-1: [5c298416-f78a-4f23-a8c1-47b4d7ce03fb|rpc:10.1.0.9:44357|priority:1], old=null, confs=<EMPTY_MAP>
2022-03-01 02:11:19,207 [pool-734-thread-1] INFO  server.RaftServerConfigKeys (ConfUtils.java:logGet(44)) - raft.server.storage.dir = [/home/runner/work/ozone/ozone/hadoop-ozone/integration-test/target/test-dir/MiniOzoneClusterImpl-205f3ae4-9c2f-49b9-89f9-532f9ffbf4a1/datanode-2/data/ratis] (custom)
2022-03-01 02:11:19,208 [pool-734-thread-1] INFO  server.RaftServerConfigKeys (ConfUtils.java:logGet(44)) - raft.server.log.corruption.policy = EXCEPTION (default)
2022-03-01 02:11:19,208 [pool-734-thread-1] INFO  server.RaftServerConfigKeys (ConfUtils.java:logGet(44)) - raft.server.storage.free-space.min = 0MB (=0) (default)
2022-03-01 02:11:19,208 [pool-734-thread-1] INFO  storage.RaftStorageDirectory (RaftStorageDirectoryImpl.java:analyzeStorage(135)) - The storage directory /home/runner/work/ozone/ozone/hadoop-ozone/integration-test/target/test-dir/MiniOzoneClusterImpl-205f3ae4-9c2f-49b9-89f9-532f9ffbf4a1/datanode-2/data/ratis/fc838263-e660-4032-ac61-c8f5be03a6a0 does not exist. Creating ...
2022-03-01 02:11:19,215 [pool-734-thread-1] INFO  storage.RaftStorageDirectory (RaftStorageDirectoryImpl.java:tryLock(230)) - Lock on /home/runner/work/ozone/ozone/hadoop-ozone/integration-test/target/test-dir/MiniOzoneClusterImpl-205f3ae4-9c2f-49b9-89f9-532f9ffbf4a1/datanode-2/data/ratis/fc838263-e660-4032-ac61-c8f5be03a6a0/in_use.lock acquired by nodename 9245@fv-az294-952
2022-03-01 02:11:19,217 [pool-734-thread-1] INFO  storage.RaftStorage (RaftStorageImpl.java:format(89)) - Storage directory /home/runner/work/ozone/ozone/hadoop-ozone/integration-test/target/test-dir/MiniOzoneClusterImpl-205f3ae4-9c2f-49b9-89f9-532f9ffbf4a1/datanode-2/data/ratis/fc838263-e660-4032-ac61-c8f5be03a6a0 has been successfully formatted.
2022-03-01 02:11:19,218 [EventQueue-PipelineReportForPipelineReportHandler] INFO  pipeline.PipelineManagerImpl (PipelineManagerImpl.java:openPipeline(291)) - Pipeline Pipeline[ Id: fc838263-e660-4032-ac61-c8f5be03a6a0, Nodes: 5c298416-f78a-4f23-a8c1-47b4d7ce03fb{ip: 10.1.0.9, host: fv-az294-952.eaanfquahm5ulb5tj050gcxych.jx.internal.cloudapp.net, ports: [REPLICATION=45615, RATIS=44357, RATIS_ADMIN=44357, RATIS_SERVER=44357, STANDALONE=43499], networkLocation: /default-rack, certSerialId: null, persistedOpState: IN_SERVICE, persistedOpStateExpiryEpochSec: 0}, ReplicationConfig: RATIS/ONE, State:ALLOCATED, leaderId:5c298416-f78a-4f23-a8c1-47b4d7ce03fb, CreationTimestamp2022-03-01T02:11:16.210Z[Etc/UTC]] moved to OPEN state
2022-03-01 02:11:19,218 [pool-734-thread-1] INFO  ratis.ContainerStateMachine (ContainerStateMachine.java:loadSnapshot(236)) - group-C8F5BE03A6A0: The snapshot info is null. Setting the last applied indexto:(t:0, i:~)
2022-03-01 02:11:19,219 [pool-734-thread-1] INFO  server.RaftServerConfigKeys (ConfUtils.java:logGet(44)) - raft.server.notification.no-leader.timeout = 300s (custom)
2022-03-01 02:11:19,219 [pool-734-thread-1] INFO  server.RaftServerConfigKeys (ConfUtils.java:logGet(44)) - raft.server.log.use.memory = false (default)
2022-03-01 02:11:19,219 [b3976475-de62-4592-ace4-90f82038b1e6@group-532F9FFBF4A1-StateMachineUpdater] INFO  safemode.HealthyPipelineSafeModeRule (HealthyPipelineSafeModeRule.java:initializeRule(152)) - Refreshed total pipeline count is 0, healthy pipeline threshold count is 1
2022-03-01 02:11:19,220 [EventQueue-OpenPipelineForHealthyPipelineSafeModeRule] INFO  safemode.SCMSafeModeManager (HealthyPipelineSafeModeRule.java:process(124)) - SCM in safe mode. Healthy pipelines reported count is 0, required healthy pipeline reported count is 1
2022-03-01 02:11:19,220 [pool-734-thread-1] INFO  server.RaftServerConfigKeys (ConfUtils.java:logGet(44)) - raft.server.log.purge.gap = 1000000 (custom)
2022-03-01 02:11:19,220 [pool-734-thread-1] INFO  server.RaftServerConfigKeys (ConfUtils.java:logGet(44)) - raft.server.log.appender.buffer.byte-limit = 33554432 (custom)
2022-03-01 02:11:19,220 [pool-734-thread-1] INFO  server.RaftServerConfigKeys (ConfUtils.java:logGet(44)) - raft.server.log.segment.size.max = 1048576 (custom)
2022-03-01 02:11:19,221 [pool-734-thread-1] INFO  server.RaftServerConfigKeys (ConfUtils.java:logGet(44)) - raft.server.log.segment.cache.num.max = 2 (custom)
2022-03-01 02:11:19,221 [pool-734-thread-1] INFO  server.RaftServerConfigKeys (ConfUtils.java:logGet(44)) - raft.server.log.segment.cache.size.max = 200MB (=209715200) (default)
2022-03-01 02:11:19,221 [pool-734-thread-1] INFO  segmented.SegmentedRaftLogWorker (SegmentedRaftLogWorker.java:<init>(182)) - new 5c298416-f78a-4f23-a8c1-47b4d7ce03fb@group-C8F5BE03A6A0-SegmentedRaftLogWorker for RaftStorageImpl:Storage Directory /home/runner/work/ozone/ozone/hadoop-ozone/integration-test/target/test-dir/MiniOzoneClusterImpl-205f3ae4-9c2f-49b9-89f9-532f9ffbf4a1/datanode-2/data/ratis/fc838263-e660-4032-ac61-c8f5be03a6a0
2022-03-01 02:11:19,221 [pool-734-thread-1] INFO  server.RaftServerConfigKeys (ConfUtils.java:logGet(44)) - raft.server.log.queue.byte-limit = 4294967296 (custom)
2022-03-01 02:11:19,221 [pool-734-thread-1] INFO  server.RaftServerConfigKeys (ConfUtils.java:logGet(44)) - raft.server.log.queue.element-limit = 1024 (custom)
2022-03-01 02:11:19,221 [pool-734-thread-1] INFO  server.RaftServerConfigKeys (ConfUtils.java:logGet(44)) - raft.server.log.segment.size.max = 1048576 (custom)
2022-03-01 02:11:19,221 [pool-734-thread-1] INFO  server.RaftServerConfigKeys (ConfUtils.java:logGet(44)) - raft.server.log.preallocated.size = 16384 (custom)
2022-03-01 02:11:19,221 [pool-734-thread-1] INFO  server.RaftServerConfigKeys (ConfUtils.java:logGet(44)) - raft.server.log.force.sync.num = 128 (default)
2022-03-01 02:11:19,221 [pool-734-thread-1] INFO  server.RaftServerConfigKeys (ConfUtils.java:logGet(44)) - raft.server.log.statemachine.data.sync = true (default)
2022-03-01 02:11:19,221 [pool-734-thread-1] INFO  server.RaftServerConfigKeys (ConfUtils.java:logGet(44)) - raft.server.log.statemachine.data.sync.timeout = 10s (default)
2022-03-01 02:11:19,221 [pool-734-thread-1] INFO  server.RaftServerConfigKeys (ConfUtils.java:logGet(44)) - raft.server.log.statemachine.data.sync.timeout.retry = -1 (default)
2022-03-01 02:11:19,222 [pool-734-thread-1] INFO  server.RaftServerConfigKeys (ConfUtils.java:logGet(44)) - raft.server.log.write.buffer.size = 1048576 (custom)
2022-03-01 02:11:19,228 [pool-734-thread-1] INFO  server.RaftServerConfigKeys (ConfUtils.java:logGet(44)) - raft.server.log.statemachine.data.caching.enabled = true (custom)
2022-03-01 02:11:19,231 [pool-734-thread-1] INFO  segmented.SegmentedRaftLogWorker (SegmentedRaftLogWorker.java:lambda$new$0(133)) - 5c298416-f78a-4f23-a8c1-47b4d7ce03fb@group-C8F5BE03A6A0-SegmentedRaftLogWorker: flushIndex: setUnconditionally 0 -> -1
2022-03-01 02:11:19,231 [pool-734-thread-1] INFO  segmented.SegmentedRaftLogWorker (SegmentedRaftLogWorker.java:lambda$new$0(133)) - 5c298416-f78a-4f23-a8c1-47b4d7ce03fb@group-C8F5BE03A6A0-SegmentedRaftLogWorker: safeCacheEvictIndex: setUnconditionally 0 -> -1
2022-03-01 02:11:19,235 [pool-734-thread-1] INFO  server.RaftServerConfigKeys (ConfUtils.java:logGet(44)) - raft.server.snapshot.auto.trigger.enabled = true (custom)
2022-03-01 02:11:19,235 [pool-734-thread-1] INFO  server.RaftServerConfigKeys (ConfUtils.java:logGet(44)) - raft.server.snapshot.auto.trigger.threshold = 10000 (custom)
2022-03-01 02:11:19,235 [pool-734-thread-1] INFO  server.RaftServerConfigKeys (ConfUtils.java:logGet(44)) - raft.server.snapshot.retention.file.num = 5 (custom)
2022-03-01 02:11:19,235 [pool-734-thread-1] INFO  server.RaftServerConfigKeys (ConfUtils.java:logGet(44)) - raft.server.log.purge.upto.snapshot.index = false (default)
2022-03-01 02:11:19,236 [pool-734-thread-1] INFO  server.RaftServerConfigKeys (ConfUtils.java:logGet(44)) - raft.server.retrycache.expirytime = 600000ms (custom)
2022-03-01 02:11:19,236 [pool-734-thread-1] INFO  server.RaftServerConfigKeys (ConfUtils.java:logGet(44)) - raft.server.retrycache.statistics.expirytime = 100μs (default)
2022-03-01 02:11:19,237 [pool-734-thread-1] INFO  server.RaftServer$Division (RaftServerImpl.java:start(301)) - 5c298416-f78a-4f23-a8c1-47b4d7ce03fb@group-C8F5BE03A6A0: start as a follower, conf=-1: [5c298416-f78a-4f23-a8c1-47b4d7ce03fb|rpc:10.1.0.9:44357|priority:1], old=null
2022-03-01 02:11:19,237 [pool-734-thread-1] INFO  server.RaftServer$Division (RaftServerImpl.java:setRole(290)) - 5c298416-f78a-4f23-a8c1-47b4d7ce03fb@group-C8F5BE03A6A0: changes role from      null to FOLLOWER at term 0 for startAsFollower
2022-03-01 02:11:19,237 [pool-734-thread-1] INFO  impl.RoleInfo (RoleInfo.java:updateAndGet(130)) - 5c298416-f78a-4f23-a8c1-47b4d7ce03fb: start 5c298416-f78a-4f23-a8c1-47b4d7ce03fb@group-C8F5BE03A6A0-FollowerState
2022-03-01 02:11:19,250 [pool-734-thread-1] INFO  util.JmxRegister (JmxRegister.java:tryRegister(44)) - Successfully registered JMX Bean with object name Ratis:service=RaftServer,group=group-C8F5BE03A6A0,id=5c298416-f78a-4f23-a8c1-47b4d7ce03fb
2022-03-01 02:11:19,251 [Command processor thread] INFO  ratis.XceiverServerRatis (XceiverServerRatis.java:addGroup(769)) - Created group PipelineID=fc838263-e660-4032-ac61-c8f5be03a6a0
2022-03-01 02:11:19,251 [Command processor thread] INFO  commandhandler.CreatePipelineCommandHandler (CreatePipelineCommandHandler.java:handle(106)) - Created Pipeline RATIS ONE PipelineID=fc838263-e660-4032-ac61-c8f5be03a6a0.
2022-03-01 02:11:20,196 [Listener at 127.0.0.1/39539] INFO  ozone.MiniOzoneClusterImpl (MiniOzoneClusterImpl.java:lambda$waitForClusterToBeReady$0(219)) - Nodes are ready. Got 3 of 3 DN Heartbeats.
2022-03-01 02:11:20,196 [Listener at 127.0.0.1/39539] INFO  ozone.MiniOzoneClusterImpl (MiniOzoneClusterImpl.java:lambda$waitForClusterToBeReady$0(222)) - Waiting for cluster to exit safe mode
2022-03-01 02:11:20,197 [Listener at 127.0.0.1/39539] INFO  ozone.MiniOzoneClusterImpl (MiniOzoneClusterImpl.java:lambda$waitForClusterToBeReady$0(224)) - SCM became leader
2022-03-01 02:11:21,207 [Listener at 127.0.0.1/39539] INFO  ozone.MiniOzoneClusterImpl (MiniOzoneClusterImpl.java:lambda$waitForClusterToBeReady$0(219)) - Nodes are ready. Got 3 of 3 DN Heartbeats.
2022-03-01 02:11:21,207 [Listener at 127.0.0.1/39539] INFO  ozone.MiniOzoneClusterImpl (MiniOzoneClusterImpl.java:lambda$waitForClusterToBeReady$0(222)) - Waiting for cluster to exit safe mode
2022-03-01 02:11:21,208 [Listener at 127.0.0.1/39539] INFO  ozone.MiniOzoneClusterImpl (MiniOzoneClusterImpl.java:lambda$waitForClusterToBeReady$0(224)) - SCM became leader
2022-03-01 02:11:22,208 [Listener at 127.0.0.1/39539] INFO  ozone.MiniOzoneClusterImpl (MiniOzoneClusterImpl.java:lambda$waitForClusterToBeReady$0(219)) - Nodes are ready. Got 3 of 3 DN Heartbeats.
2022-03-01 02:11:22,208 [Listener at 127.0.0.1/39539] INFO  ozone.MiniOzoneClusterImpl (MiniOzoneClusterImpl.java:lambda$waitForClusterToBeReady$0(222)) - Waiting for cluster to exit safe mode
2022-03-01 02:11:22,208 [Listener at 127.0.0.1/39539] INFO  ozone.MiniOzoneClusterImpl (MiniOzoneClusterImpl.java:lambda$waitForClusterToBeReady$0(224)) - SCM became leader
2022-03-01 02:11:22,972 [cfb69533-9b2a-4893-8451-2146b3cc8a01@group-F34E55378C5F-FollowerState] INFO  impl.FollowerState (FollowerState.java:run(134)) - cfb69533-9b2a-4893-8451-2146b3cc8a01@group-F34E55378C5F-FollowerState: change to CANDIDATE, lastRpcElapsedTime:5063249431ns, electionTimeout:5038ms
2022-03-01 02:11:22,972 [cfb69533-9b2a-4893-8451-2146b3cc8a01@group-F34E55378C5F-FollowerState] INFO  impl.RoleInfo (RoleInfo.java:shutdownFollowerState(108)) - cfb69533-9b2a-4893-8451-2146b3cc8a01: shutdown cfb69533-9b2a-4893-8451-2146b3cc8a01@group-F34E55378C5F-FollowerState
2022-03-01 02:11:22,972 [cfb69533-9b2a-4893-8451-2146b3cc8a01@group-F34E55378C5F-FollowerState] INFO  server.RaftServer$Division (RaftServerImpl.java:setRole(290)) - cfb69533-9b2a-4893-8451-2146b3cc8a01@group-F34E55378C5F: changes role from  FOLLOWER to CANDIDATE at term 0 for changeToCandidate
2022-03-01 02:11:22,972 [cfb69533-9b2a-4893-8451-2146b3cc8a01@group-F34E55378C5F-FollowerState] INFO  server.RaftServerConfigKeys (ConfUtils.java:logGet(44)) - raft.server.leaderelection.pre-vote = false (custom)
2022-03-01 02:11:22,972 [cfb69533-9b2a-4893-8451-2146b3cc8a01@group-F34E55378C5F-FollowerState] INFO  impl.RoleInfo (RoleInfo.java:updateAndGet(130)) - cfb69533-9b2a-4893-8451-2146b3cc8a01: start cfb69533-9b2a-4893-8451-2146b3cc8a01@group-F34E55378C5F-LeaderElection74
2022-03-01 02:11:23,006 [cfb69533-9b2a-4893-8451-2146b3cc8a01@group-F34E55378C5F-LeaderElection74] INFO  impl.LeaderElection (LeaderElection.java:askForVotes(306)) - cfb69533-9b2a-4893-8451-2146b3cc8a01@group-F34E55378C5F-LeaderElection74 ELECTION round 0: submit vote requests at term 1 for -1: [cfb69533-9b2a-4893-8451-2146b3cc8a01|rpc:10.1.0.9:37317|priority:1], old=null
2022-03-01 02:11:23,006 [cfb69533-9b2a-4893-8451-2146b3cc8a01@group-F34E55378C5F-LeaderElection74] INFO  impl.LeaderElection (LeaderElection.java:askForVotes(308)) - cfb69533-9b2a-4893-8451-2146b3cc8a01@group-F34E55378C5F-LeaderElection74 ELECTION round 0: result PASSED (term=1)
2022-03-01 02:11:23,006 [cfb69533-9b2a-4893-8451-2146b3cc8a01@group-F34E55378C5F-LeaderElection74] INFO  impl.RoleInfo (RoleInfo.java:shutdownLeaderElection(121)) - cfb69533-9b2a-4893-8451-2146b3cc8a01: shutdown cfb69533-9b2a-4893-8451-2146b3cc8a01@group-F34E55378C5F-LeaderElection74
2022-03-01 02:11:23,006 [cfb69533-9b2a-4893-8451-2146b3cc8a01@group-F34E55378C5F-LeaderElection74] INFO  server.RaftServer$Division (RaftServerImpl.java:setRole(290)) - cfb69533-9b2a-4893-8451-2146b3cc8a01@group-F34E55378C5F: changes role from CANDIDATE to LEADER at term 1 for changeToLeader
2022-03-01 02:11:23,006 [cfb69533-9b2a-4893-8451-2146b3cc8a01@group-F34E55378C5F-LeaderElection74] INFO  ratis.XceiverServerRatis (XceiverServerRatis.java:handleLeaderChangedNotification(867)) - Leader change notification received for group: group-F34E55378C5F with new leaderId: cfb69533-9b2a-4893-8451-2146b3cc8a01
2022-03-01 02:11:23,006 [cfb69533-9b2a-4893-8451-2146b3cc8a01@group-F34E55378C5F-LeaderElection74] INFO  server.RaftServer$Division (ServerState.java:setLeader(285)) - cfb69533-9b2a-4893-8451-2146b3cc8a01@group-F34E55378C5F: change Leader from null to cfb69533-9b2a-4893-8451-2146b3cc8a01 at term 1 for becomeLeader, leader elected after 5150ms
2022-03-01 02:11:23,006 [cfb69533-9b2a-4893-8451-2146b3cc8a01@group-F34E55378C5F-LeaderElection74] INFO  server.RaftServerConfigKeys (ConfUtils.java:logGet(44)) - raft.server.staging.catchup.gap = 1000 (default)
2022-03-01 02:11:23,007 [cfb69533-9b2a-4893-8451-2146b3cc8a01@group-F34E55378C5F-LeaderElection74] INFO  server.RaftServerConfigKeys (ConfUtils.java:logGet(44)) - raft.server.write.element-limit = 1024 (custom)
2022-03-01 02:11:23,007 [cfb69533-9b2a-4893-8451-2146b3cc8a01@group-F34E55378C5F-LeaderElection74] INFO  server.RaftServerConfigKeys (ConfUtils.java:logGet(44)) - raft.server.write.byte-limit = 1024 M (=1073741824) (custom)
2022-03-01 02:11:23,007 [cfb69533-9b2a-4893-8451-2146b3cc8a01@group-F34E55378C5F-LeaderElection74] INFO  server.RaftServerConfigKeys (ConfUtils.java:logGet(44)) - raft.server.watch.timeout = 180s (custom)
2022-03-01 02:11:23,007 [cfb69533-9b2a-4893-8451-2146b3cc8a01@group-F34E55378C5F-LeaderElection74] INFO  server.RaftServerConfigKeys (ConfUtils.java:logGet(44)) - raft.server.watch.timeout.denomination = 1s (default)
2022-03-01 02:11:23,007 [cfb69533-9b2a-4893-8451-2146b3cc8a01@group-F34E55378C5F-LeaderElection74] INFO  server.RaftServerConfigKeys (ConfUtils.java:logGet(44)) - raft.server.watch.element-limit = 65536 (default)
2022-03-01 02:11:23,007 [cfb69533-9b2a-4893-8451-2146b3cc8a01@group-F34E55378C5F-LeaderElection74] INFO  server.RaftServerConfigKeys (ConfUtils.java:logGet(44)) - raft.server.write.element-limit = 1024 (custom)
2022-03-01 02:11:23,007 [cfb69533-9b2a-4893-8451-2146b3cc8a01@group-F34E55378C5F-LeaderElection74] INFO  server.RaftServerConfigKeys (ConfUtils.java:logGet(44)) - raft.server.write.follower.gap.ratio.max = -1.0 (default)
2022-03-01 02:11:23,007 [cfb69533-9b2a-4893-8451-2146b3cc8a01@group-F34E55378C5F-LeaderElection74] INFO  impl.RoleInfo (RoleInfo.java:updateAndGet(130)) - cfb69533-9b2a-4893-8451-2146b3cc8a01: start cfb69533-9b2a-4893-8451-2146b3cc8a01@group-F34E55378C5F-LeaderStateImpl
2022-03-01 02:11:23,007 [cfb69533-9b2a-4893-8451-2146b3cc8a01@group-F34E55378C5F-LeaderElection74] INFO  segmented.SegmentedRaftLogWorker (SegmentedRaftLogWorker.java:startLogSegment(394)) - cfb69533-9b2a-4893-8451-2146b3cc8a01@group-F34E55378C5F-SegmentedRaftLogWorker: Starting segment from index:0
2022-03-01 02:11:23,010 [EventQueue-OpenPipelineForHealthyPipelineSafeModeRule] INFO  safemode.SCMSafeModeManager (HealthyPipelineSafeModeRule.java:process(124)) - SCM in safe mode. Healthy pipelines reported count is 0, required healthy pipeline reported count is 1
2022-03-01 02:11:23,012 [cfb69533-9b2a-4893-8451-2146b3cc8a01@group-F34E55378C5F-SegmentedRaftLogWorker] INFO  segmented.SegmentedRaftLogWorker (SegmentedRaftLogWorker.java:execute(601)) - cfb69533-9b2a-4893-8451-2146b3cc8a01@group-F34E55378C5F-SegmentedRaftLogWorker: created new log segment /home/runner/work/ozone/ozone/hadoop-ozone/integration-test/target/test-dir/MiniOzoneClusterImpl-205f3ae4-9c2f-49b9-89f9-532f9ffbf4a1/datanode-0/data/ratis/788be079-df9a-493a-b6ee-f34e55378c5f/current/log_inprogress_0
2022-03-01 02:11:23,024 [cfb69533-9b2a-4893-8451-2146b3cc8a01@group-F34E55378C5F-LeaderElection74] INFO  server.RaftServer$Division (ServerState.java:setRaftConf(387)) - cfb69533-9b2a-4893-8451-2146b3cc8a01@group-F34E55378C5F: set configuration 0: [cfb69533-9b2a-4893-8451-2146b3cc8a01|rpc:10.1.0.9:37317|dataStream:|priority:1], old=null
2022-03-01 02:11:23,077 [cfb69533-9b2a-4893-8451-2146b3cc8a01@group-D9F7545F58F9-FollowerState] INFO  impl.FollowerState (FollowerState.java:run(134)) - cfb69533-9b2a-4893-8451-2146b3cc8a01@group-D9F7545F58F9-FollowerState: change to CANDIDATE, lastRpcElapsedTime:5107034444ns, electionTimeout:5106ms
2022-03-01 02:11:23,077 [cfb69533-9b2a-4893-8451-2146b3cc8a01@group-D9F7545F58F9-FollowerState] INFO  impl.RoleInfo (RoleInfo.java:shutdownFollowerState(108)) - cfb69533-9b2a-4893-8451-2146b3cc8a01: shutdown cfb69533-9b2a-4893-8451-2146b3cc8a01@group-D9F7545F58F9-FollowerState
2022-03-01 02:11:23,077 [cfb69533-9b2a-4893-8451-2146b3cc8a01@group-D9F7545F58F9-FollowerState] INFO  server.RaftServer$Division (RaftServerImpl.java:setRole(290)) - cfb69533-9b2a-4893-8451-2146b3cc8a01@group-D9F7545F58F9: changes role from  FOLLOWER to CANDIDATE at term 0 for changeToCandidate
2022-03-01 02:11:23,077 [cfb69533-9b2a-4893-8451-2146b3cc8a01@group-D9F7545F58F9-FollowerState] INFO  server.RaftServerConfigKeys (ConfUtils.java:logGet(44)) - raft.server.leaderelection.pre-vote = false (custom)
2022-03-01 02:11:23,078 [cfb69533-9b2a-4893-8451-2146b3cc8a01@group-D9F7545F58F9-FollowerState] INFO  impl.RoleInfo (RoleInfo.java:updateAndGet(130)) - cfb69533-9b2a-4893-8451-2146b3cc8a01: start cfb69533-9b2a-4893-8451-2146b3cc8a01@group-D9F7545F58F9-LeaderElection75
2022-03-01 02:11:23,104 [cfb69533-9b2a-4893-8451-2146b3cc8a01@group-D9F7545F58F9-LeaderElection75] INFO  impl.LeaderElection (LeaderElection.java:askForVotes(306)) - cfb69533-9b2a-4893-8451-2146b3cc8a01@group-D9F7545F58F9-LeaderElection75 ELECTION round 0: submit vote requests at term 1 for -1: [5c298416-f78a-4f23-a8c1-47b4d7ce03fb|rpc:10.1.0.9:44357|priority:0, cfb69533-9b2a-4893-8451-2146b3cc8a01|rpc:10.1.0.9:37317|priority:1, e327d566-d0a7-4ebd-a186-fb348d426d12|rpc:10.1.0.9:35291|priority:0], old=null
2022-03-01 02:11:23,156 [grpc-default-executor-1] INFO  server.RaftServer$Division (RaftServerImpl.java:requestVote(1046)) - 5c298416-f78a-4f23-a8c1-47b4d7ce03fb@group-D9F7545F58F9: receive requestVote(ELECTION, cfb69533-9b2a-4893-8451-2146b3cc8a01, group-D9F7545F58F9, 1, (t:0, i:0))
2022-03-01 02:11:23,156 [grpc-default-executor-1] INFO  impl.VoteContext (VoteContext.java:log(48)) - 5c298416-f78a-4f23-a8c1-47b4d7ce03fb@group-D9F7545F58F9-FOLLOWER: accept ELECTION from cfb69533-9b2a-4893-8451-2146b3cc8a01: our priority 0 <= candidate's priority 1
2022-03-01 02:11:23,156 [grpc-default-executor-1] INFO  server.RaftServer$Division (RaftServerImpl.java:setRole(290)) - 5c298416-f78a-4f23-a8c1-47b4d7ce03fb@group-D9F7545F58F9: changes role from  FOLLOWER to FOLLOWER at term 1 for candidate:cfb69533-9b2a-4893-8451-2146b3cc8a01
2022-03-01 02:11:23,156 [grpc-default-executor-1] INFO  impl.RoleInfo (RoleInfo.java:shutdownFollowerState(108)) - 5c298416-f78a-4f23-a8c1-47b4d7ce03fb: shutdown 5c298416-f78a-4f23-a8c1-47b4d7ce03fb@group-D9F7545F58F9-FollowerState
2022-03-01 02:11:23,156 [grpc-default-executor-1] INFO  impl.RoleInfo (RoleInfo.java:updateAndGet(130)) - 5c298416-f78a-4f23-a8c1-47b4d7ce03fb: start 5c298416-f78a-4f23-a8c1-47b4d7ce03fb@group-D9F7545F58F9-FollowerState
2022-03-01 02:11:23,171 [grpc-default-executor-1] INFO  server.RaftServer$Division (RaftServerImpl.java:requestVote(1078)) - 5c298416-f78a-4f23-a8c1-47b4d7ce03fb@group-D9F7545F58F9 replies to ELECTION vote request: cfb69533-9b2a-4893-8451-2146b3cc8a01<-5c298416-f78a-4f23-a8c1-47b4d7ce03fb#0:OK-t1. Peer's state: 5c298416-f78a-4f23-a8c1-47b4d7ce03fb@group-D9F7545F58F9:t1, leader=null, voted=cfb69533-9b2a-4893-8451-2146b3cc8a01, raftlog=5c298416-f78a-4f23-a8c1-47b4d7ce03fb@group-D9F7545F58F9-SegmentedRaftLog:OPENED:c-1, conf=-1: [5c298416-f78a-4f23-a8c1-47b4d7ce03fb|rpc:10.1.0.9:44357|dataStream:|priority:0, cfb69533-9b2a-4893-8451-2146b3cc8a01|rpc:10.1.0.9:37317|dataStream:|priority:1, e327d566-d0a7-4ebd-a186-fb348d426d12|rpc:10.1.0.9:35291|dataStream:|priority:0], old=null
2022-03-01 02:11:23,174 [cfb69533-9b2a-4893-8451-2146b3cc8a01@group-D9F7545F58F9-LeaderElection75] INFO  impl.LeaderElection (LeaderElection.java:logAndReturn(89)) - cfb69533-9b2a-4893-8451-2146b3cc8a01@group-D9F7545F58F9-LeaderElection75: ELECTION PASSED received 1 response(s) and 0 exception(s):
2022-03-01 02:11:23,174 [cfb69533-9b2a-4893-8451-2146b3cc8a01@group-D9F7545F58F9-LeaderElection75] INFO  impl.LeaderElection (LeaderElection.java:logAndReturn(93)) -   Response 0: cfb69533-9b2a-4893-8451-2146b3cc8a01<-5c298416-f78a-4f23-a8c1-47b4d7ce03fb#0:OK-t1
2022-03-01 02:11:23,174 [cfb69533-9b2a-4893-8451-2146b3cc8a01@group-D9F7545F58F9-LeaderElection75] INFO  impl.LeaderElection (LeaderElection.java:askForVotes(308)) - cfb69533-9b2a-4893-8451-2146b3cc8a01@group-D9F7545F58F9-LeaderElection75 ELECTION round 0: result PASSED
2022-03-01 02:11:23,174 [cfb69533-9b2a-4893-8451-2146b3cc8a01@group-D9F7545F58F9-LeaderElection75] INFO  impl.RoleInfo (RoleInfo.java:shutdownLeaderElection(121)) - cfb69533-9b2a-4893-8451-2146b3cc8a01: shutdown cfb69533-9b2a-4893-8451-2146b3cc8a01@group-D9F7545F58F9-LeaderElection75
2022-03-01 02:11:23,174 [cfb69533-9b2a-4893-8451-2146b3cc8a01@group-D9F7545F58F9-LeaderElection75] INFO  server.RaftServer$Division (RaftServerImpl.java:setRole(290)) - cfb69533-9b2a-4893-8451-2146b3cc8a01@group-D9F7545F58F9: changes role from CANDIDATE to LEADER at term 1 for changeToLeader
2022-03-01 02:11:23,174 [cfb69533-9b2a-4893-8451-2146b3cc8a01@group-D9F7545F58F9-LeaderElection75] INFO  ratis.XceiverServerRatis (XceiverServerRatis.java:handleLeaderChangedNotification(867)) - Leader change notification received for group: group-D9F7545F58F9 with new leaderId: cfb69533-9b2a-4893-8451-2146b3cc8a01
2022-03-01 02:11:23,174 [cfb69533-9b2a-4893-8451-2146b3cc8a01@group-D9F7545F58F9-LeaderElection75] INFO  server.RaftServer$Division (ServerState.java:setLeader(285)) - cfb69533-9b2a-4893-8451-2146b3cc8a01@group-D9F7545F58F9: change Leader from null to cfb69533-9b2a-4893-8451-2146b3cc8a01 at term 1 for becomeLeader, leader elected after 5226ms
2022-03-01 02:11:23,174 [cfb69533-9b2a-4893-8451-2146b3cc8a01@group-D9F7545F58F9-LeaderElection75] INFO  server.RaftServerConfigKeys (ConfUtils.java:logGet(44)) - raft.server.staging.catchup.gap = 1000 (default)
2022-03-01 02:11:23,175 [cfb69533-9b2a-4893-8451-2146b3cc8a01@group-D9F7545F58F9-LeaderElection75] INFO  server.RaftServerConfigKeys (ConfUtils.java:logGet(44)) - raft.server.write.element-limit = 1024 (custom)
2022-03-01 02:11:23,175 [cfb69533-9b2a-4893-8451-2146b3cc8a01@group-D9F7545F58F9-LeaderElection75] INFO  server.RaftServerConfigKeys (ConfUtils.java:logGet(44)) - raft.server.write.byte-limit = 1024 M (=1073741824) (custom)
2022-03-01 02:11:23,175 [cfb69533-9b2a-4893-8451-2146b3cc8a01@group-D9F7545F58F9-LeaderElection75] INFO  server.RaftServerConfigKeys (ConfUtils.java:logGet(44)) - raft.server.watch.timeout = 180s (custom)
2022-03-01 02:11:23,175 [cfb69533-9b2a-4893-8451-2146b3cc8a01@group-D9F7545F58F9-LeaderElection75] INFO  server.RaftServerConfigKeys (ConfUtils.java:logGet(44)) - raft.server.watch.timeout.denomination = 1s (default)
2022-03-01 02:11:23,175 [cfb69533-9b2a-4893-8451-2146b3cc8a01@group-D9F7545F58F9-LeaderElection75] INFO  server.RaftServerConfigKeys (ConfUtils.java:logGet(44)) - raft.server.watch.element-limit = 65536 (default)
2022-03-01 02:11:23,175 [cfb69533-9b2a-4893-8451-2146b3cc8a01@group-D9F7545F58F9-LeaderElection75] INFO  server.RaftServerConfigKeys (ConfUtils.java:logGet(44)) - raft.server.write.element-limit = 1024 (custom)
2022-03-01 02:11:23,175 [cfb69533-9b2a-4893-8451-2146b3cc8a01@group-D9F7545F58F9-LeaderElection75] INFO  server.RaftServerConfigKeys (ConfUtils.java:logGet(44)) - raft.server.write.follower.gap.ratio.max = -1.0 (default)
2022-03-01 02:11:23,175 [cfb69533-9b2a-4893-8451-2146b3cc8a01@group-D9F7545F58F9-LeaderElection75] INFO  server.RaftServerConfigKeys (ConfUtils.java:logGet(44)) - raft.server.log.appender.snapshot.chunk.size.max = 16MB (=16777216) (default)
2022-03-01 02:11:23,175 [cfb69533-9b2a-4893-8451-2146b3cc8a01@group-D9F7545F58F9-LeaderElection75] INFO  server.RaftServerConfigKeys (ConfUtils.java:logGet(44)) - raft.server.log.appender.buffer.byte-limit = 33554432 (custom)
2022-03-01 02:11:23,175 [cfb69533-9b2a-4893-8451-2146b3cc8a01@group-D9F7545F58F9-LeaderElection75] INFO  server.RaftServerConfigKeys (ConfUtils.java:logGet(44)) - raft.server.log.appender.buffer.element-limit = 1 (custom)
2022-03-01 02:11:23,176 [cfb69533-9b2a-4893-8451-2146b3cc8a01@group-D9F7545F58F9-LeaderElection75] INFO  grpc.GrpcConfigKeys (ConfUtils.java:logGet(44)) - raft.grpc.server.leader.outstanding.appends.max = 128 (default)
2022-03-01 02:11:23,176 [cfb69533-9b2a-4893-8451-2146b3cc8a01@group-D9F7545F58F9-LeaderElection75] INFO  server.RaftServerConfigKeys (ConfUtils.java:logGet(44)) - raft.server.rpc.request.timeout = 60s (custom)
2022-03-01 02:11:23,176 [cfb69533-9b2a-4893-8451-2146b3cc8a01@group-D9F7545F58F9-LeaderElection75] INFO  server.RaftServerConfigKeys (ConfUtils.java:logGet(44)) - raft.server.log.appender.install.snapshot.enabled = false (custom)
2022-03-01 02:11:23,177 [cfb69533-9b2a-4893-8451-2146b3cc8a01@group-D9F7545F58F9-LeaderElection75] INFO  server.RaftServerConfigKeys (ConfUtils.java:logGet(44)) - raft.server.log.appender.snapshot.chunk.size.max = 16MB (=16777216) (default)
2022-03-01 02:11:23,177 [cfb69533-9b2a-4893-8451-2146b3cc8a01@group-D9F7545F58F9-LeaderElection75] INFO  server.RaftServerConfigKeys (ConfUtils.java:logGet(44)) - raft.server.log.appender.buffer.byte-limit = 33554432 (custom)
2022-03-01 02:11:23,178 [cfb69533-9b2a-4893-8451-2146b3cc8a01@group-D9F7545F58F9-LeaderElection75] INFO  server.RaftServerConfigKeys (ConfUtils.java:logGet(44)) - raft.server.log.appender.buffer.element-limit = 1 (custom)
2022-03-01 02:11:23,178 [EventQueue-PipelineReportForPipelineReportHandler] INFO  pipeline.PipelineManagerImpl (PipelineManagerImpl.java:openPipeline(291)) - Pipeline Pipeline[ Id: b2864994-ad83-4c12-a7da-d9f7545f58f9, Nodes: cfb69533-9b2a-4893-8451-2146b3cc8a01{ip: 10.1.0.9, host: fv-az294-952.eaanfquahm5ulb5tj050gcxych.jx.internal.cloudapp.net, ports: [REPLICATION=36927, RATIS=37317, RATIS_ADMIN=37317, RATIS_SERVER=37317, STANDALONE=36785], networkLocation: /default-rack, certSerialId: null, persistedOpState: IN_SERVICE, persistedOpStateExpiryEpochSec: 0}e327d566-d0a7-4ebd-a186-fb348d426d12{ip: 10.1.0.9, host: fv-az294-952.eaanfquahm5ulb5tj050gcxych.jx.internal.cloudapp.net, ports: [REPLICATION=41765, RATIS=35291, RATIS_ADMIN=35291, RATIS_SERVER=35291, STANDALONE=43781], networkLocation: /default-rack, certSerialId: null, persistedOpState: IN_SERVICE, persistedOpStateExpiryEpochSec: 0}5c298416-f78a-4f23-a8c1-47b4d7ce03fb{ip: 10.1.0.9, host: fv-az294-952.eaanfquahm5ulb5tj050gcxych.jx.internal.cloudapp.net, ports: [REPLICATION=45615, RATIS=44357, RATIS_ADMIN=44357, RATIS_SERVER=44357, STANDALONE=43499], networkLocation: /default-rack, certSerialId: null, persistedOpState: IN_SERVICE, persistedOpStateExpiryEpochSec: 0}, ReplicationConfig: RATIS/THREE, State:ALLOCATED, leaderId:cfb69533-9b2a-4893-8451-2146b3cc8a01, CreationTimestamp2022-03-01T02:11:16.212Z[Etc/UTC]] moved to OPEN state
2022-03-01 02:11:23,178 [cfb69533-9b2a-4893-8451-2146b3cc8a01@group-D9F7545F58F9-LeaderElection75] INFO  grpc.GrpcConfigKeys (ConfUtils.java:logGet(44)) - raft.grpc.server.leader.outstanding.appends.max = 128 (default)
2022-03-01 02:11:23,179 [cfb69533-9b2a-4893-8451-2146b3cc8a01@group-D9F7545F58F9-LeaderElection75] INFO  server.RaftServerConfigKeys (ConfUtils.java:logGet(44)) - raft.server.rpc.request.timeout = 60s (custom)
2022-03-01 02:11:23,179 [cfb69533-9b2a-4893-8451-2146b3cc8a01@group-D9F7545F58F9-LeaderElection75] INFO  server.RaftServerConfigKeys (ConfUtils.java:logGet(44)) - raft.server.log.appender.install.snapshot.enabled = false (custom)
2022-03-01 02:11:23,179 [b3976475-de62-4592-ace4-90f82038b1e6@group-532F9FFBF4A1-StateMachineUpdater] INFO  safemode.HealthyPipelineSafeModeRule (HealthyPipelineSafeModeRule.java:initializeRule(152)) - Refreshed total pipeline count is 1, healthy pipeline threshold count is 1
2022-03-01 02:11:23,179 [EventQueue-OpenPipelineForHealthyPipelineSafeModeRule] INFO  safemode.SCMSafeModeManager (HealthyPipelineSafeModeRule.java:process(124)) - SCM in safe mode. Healthy pipelines reported count is 1, required healthy pipeline reported count is 1
2022-03-01 02:11:23,179 [EventQueue-OpenPipelineForHealthyPipelineSafeModeRule] INFO  safemode.SCMSafeModeManager (SCMSafeModeManager.java:validateSafeModeExitRules(204)) - HealthyPipelineSafeModeRule rule is successfully validated
2022-03-01 02:11:23,179 [EventQueue-OpenPipelineForHealthyPipelineSafeModeRule] INFO  safemode.SCMSafeModeManager (SCMSafeModeManager.java:validateSafeModeExitRules(219)) - ScmSafeModeManager, all rules are successfully validated
2022-03-01 02:11:23,179 [EventQueue-OpenPipelineForHealthyPipelineSafeModeRule] INFO  safemode.SCMSafeModeManager (SCMSafeModeManager.java:exitSafeMode(248)) - SCM exiting safe mode.
2022-03-01 02:11:23,180 [EventQueue-OpenPipelineForHealthyPipelineSafeModeRule] WARN  events.EventQueue (EventQueue.java:fireEvent(194)) - No event handler registered for event TypedEvent{payloadType=SafeModeStatus, name='Safe mode status'}
2022-03-01 02:11:23,180 [EventQueue-OpenPipelineForHealthyPipelineSafeModeRule] INFO  ha.SCMContext (SCMContext.java:updateSafeModeStatus(211)) - Update SafeModeStatus from SafeModeStatus{safeModeStatus=true, preCheckPassed=true} to SafeModeStatus{safeModeStatus=false, preCheckPassed=true}.
2022-03-01 02:11:23,180 [EventQueue-OpenPipelineForHealthyPipelineSafeModeRule] INFO  container.ReplicationManager (ReplicationManager.java:notifyStatusChanged(1807)) - Service ReplicationManager transitions to RUNNING.
2022-03-01 02:11:23,184 [cfb69533-9b2a-4893-8451-2146b3cc8a01@group-D9F7545F58F9-LeaderElection75] INFO  impl.RoleInfo (RoleInfo.java:updateAndGet(130)) - cfb69533-9b2a-4893-8451-2146b3cc8a01: start cfb69533-9b2a-4893-8451-2146b3cc8a01@group-D9F7545F58F9-LeaderStateImpl
2022-03-01 02:11:23,184 [cfb69533-9b2a-4893-8451-2146b3cc8a01@group-D9F7545F58F9-LeaderElection75] INFO  segmented.SegmentedRaftLogWorker (SegmentedRaftLogWorker.java:startLogSegment(394)) - cfb69533-9b2a-4893-8451-2146b3cc8a01@group-D9F7545F58F9-SegmentedRaftLogWorker: Starting segment from index:0
2022-03-01 02:11:23,186 [cfb69533-9b2a-4893-8451-2146b3cc8a01@group-D9F7545F58F9-SegmentedRaftLogWorker] INFO  segmented.SegmentedRaftLogWorker (SegmentedRaftLogWorker.java:execute(601)) - cfb69533-9b2a-4893-8451-2146b3cc8a01@group-D9F7545F58F9-SegmentedRaftLogWorker: created new log segment /home/runner/work/ozone/ozone/hadoop-ozone/integration-test/target/test-dir/MiniOzoneClusterImpl-205f3ae4-9c2f-49b9-89f9-532f9ffbf4a1/datanode-0/data/ratis/b2864994-ad83-4c12-a7da-d9f7545f58f9/current/log_inprogress_0
2022-03-01 02:11:23,211 [5c298416-f78a-4f23-a8c1-47b4d7ce03fb@group-D9F7545F58F9-FollowerState] INFO  impl.FollowerState (FollowerState.java:run(143)) - 5c298416-f78a-4f23-a8c1-47b4d7ce03fb@group-D9F7545F58F9-FollowerState was interrupted: {}
java.lang.InterruptedException: sleep interrupted
	at java.lang.Thread.sleep(Native Method)
	at java.lang.Thread.sleep(Thread.java:342)
	at java.util.concurrent.TimeUnit.sleep(TimeUnit.java:386)
	at org.apache.ratis.util.TimeDuration.sleep(TimeDuration.java:324)
	at org.apache.ratis.util.TimeDuration.sleep(TimeDuration.java:309)
	at org.apache.ratis.server.impl.FollowerState.run(FollowerState.java:118)
2022-03-01 02:11:23,212 [Listener at 127.0.0.1/39539] INFO  ozone.MiniOzoneClusterImpl (MiniOzoneClusterImpl.java:lambda$waitForClusterToBeReady$0(219)) - Nodes are ready. Got 3 of 3 DN Heartbeats.
2022-03-01 02:11:23,212 [Listener at 127.0.0.1/39539] INFO  ozone.MiniOzoneClusterImpl (MiniOzoneClusterImpl.java:lambda$waitForClusterToBeReady$0(222)) - Cluster exits safe mode
2022-03-01 02:11:23,212 [Listener at 127.0.0.1/39539] INFO  ozone.MiniOzoneClusterImpl (MiniOzoneClusterImpl.java:lambda$waitForClusterToBeReady$0(224)) - SCM became leader
2022-03-01 02:11:23,301 [cfb69533-9b2a-4893-8451-2146b3cc8a01@group-D9F7545F58F9-LeaderElection75] INFO  server.RaftServer$Division (ServerState.java:setRaftConf(387)) - cfb69533-9b2a-4893-8451-2146b3cc8a01@group-D9F7545F58F9: set configuration 0: [5c298416-f78a-4f23-a8c1-47b4d7ce03fb|rpc:10.1.0.9:44357|dataStream:|priority:0, cfb69533-9b2a-4893-8451-2146b3cc8a01|rpc:10.1.0.9:37317|dataStream:|priority:1, e327d566-d0a7-4ebd-a186-fb348d426d12|rpc:10.1.0.9:35291|dataStream:|priority:0], old=null
2022-03-01 02:11:23,321 [e327d566-d0a7-4ebd-a186-fb348d426d12@group-D9F7545F58F9-FollowerState] INFO  impl.FollowerState (FollowerState.java:run(134)) - e327d566-d0a7-4ebd-a186-fb348d426d12@group-D9F7545F58F9-FollowerState: change to CANDIDATE, lastRpcElapsedTime:5205529773ns, electionTimeout:5185ms
2022-03-01 02:11:23,321 [e327d566-d0a7-4ebd-a186-fb348d426d12@group-D9F7545F58F9-FollowerState] INFO  impl.RoleInfo (RoleInfo.java:shutdownFollowerState(108)) - e327d566-d0a7-4ebd-a186-fb348d426d12: shutdown e327d566-d0a7-4ebd-a186-fb348d426d12@group-D9F7545F58F9-FollowerState
2022-03-01 02:11:23,321 [e327d566-d0a7-4ebd-a186-fb348d426d12@group-D9F7545F58F9-FollowerState] INFO  server.RaftServer$Division (RaftServerImpl.java:setRole(290)) - e327d566-d0a7-4ebd-a186-fb348d426d12@group-D9F7545F58F9: changes role from  FOLLOWER to CANDIDATE at term 0 for changeToCandidate
2022-03-01 02:11:23,321 [e327d566-d0a7-4ebd-a186-fb348d426d12@group-D9F7545F58F9-FollowerState] INFO  server.RaftServerConfigKeys (ConfUtils.java:logGet(44)) - raft.server.leaderelection.pre-vote = false (custom)
2022-03-01 02:11:23,321 [e327d566-d0a7-4ebd-a186-fb348d426d12@group-D9F7545F58F9-FollowerState] INFO  impl.RoleInfo (RoleInfo.java:updateAndGet(130)) - e327d566-d0a7-4ebd-a186-fb348d426d12: start e327d566-d0a7-4ebd-a186-fb348d426d12@group-D9F7545F58F9-LeaderElection76
2022-03-01 02:11:23,340 [grpc-default-executor-1] INFO  ratis.XceiverServerRatis (XceiverServerRatis.java:handleLeaderChangedNotification(867)) - Leader change notification received for group: group-D9F7545F58F9 with new leaderId: cfb69533-9b2a-4893-8451-2146b3cc8a01
2022-03-01 02:11:23,340 [grpc-default-executor-1] INFO  server.RaftServer$Division (ServerState.java:setLeader(285)) - 5c298416-f78a-4f23-a8c1-47b4d7ce03fb@group-D9F7545F58F9: change Leader from null to cfb69533-9b2a-4893-8451-2146b3cc8a01 at term 1 for appendEntries, leader elected after 5048ms
2022-03-01 02:11:23,343 [grpc-default-executor-2] INFO  server.RaftServer$Division (RaftServerImpl.java:requestVote(1046)) - e327d566-d0a7-4ebd-a186-fb348d426d12@group-D9F7545F58F9: receive requestVote(ELECTION, cfb69533-9b2a-4893-8451-2146b3cc8a01, group-D9F7545F58F9, 1, (t:0, i:0))
2022-03-01 02:11:23,361 [grpc-default-executor-0] INFO  server.RaftServer$Division (RaftServerImpl.java:setRole(290)) - e327d566-d0a7-4ebd-a186-fb348d426d12@group-D9F7545F58F9: changes role from CANDIDATE to FOLLOWER at term 1 for appendEntries
2022-03-01 02:11:23,361 [grpc-default-executor-0] INFO  impl.RoleInfo (RoleInfo.java:shutdownLeaderElection(121)) - e327d566-d0a7-4ebd-a186-fb348d426d12: shutdown e327d566-d0a7-4ebd-a186-fb348d426d12@group-D9F7545F58F9-LeaderElection76
2022-03-01 02:11:23,361 [grpc-default-executor-0] INFO  impl.RoleInfo (RoleInfo.java:updateAndGet(130)) - e327d566-d0a7-4ebd-a186-fb348d426d12: start e327d566-d0a7-4ebd-a186-fb348d426d12@group-D9F7545F58F9-FollowerState
2022-03-01 02:11:23,361 [Listener at 127.0.0.1/39539] INFO  rpc.RpcClient (RpcClient.java:createVolume(399)) - Creating Volume: volume46328, with user51614 as owner and space quota set to -1 bytes, counts quota set to -1
2022-03-01 02:11:23,380 [IPC Server handler 1 on default port 39539] INFO  volume.OMVolumeCreateRequest (OMVolumeCreateRequest.java:validateAndUpdateCache(195)) - created volume:volume46328 for user:user51614
2022-03-01 02:11:23,424 [grpc-default-executor-0] INFO  ratis.XceiverServerRatis (XceiverServerRatis.java:handleLeaderChangedNotification(867)) - Leader change notification received for group: group-D9F7545F58F9 with new leaderId: cfb69533-9b2a-4893-8451-2146b3cc8a01
2022-03-01 02:11:23,424 [grpc-default-executor-0] INFO  server.RaftServer$Division (ServerState.java:setLeader(285)) - e327d566-d0a7-4ebd-a186-fb348d426d12@group-D9F7545F58F9: change Leader from null to cfb69533-9b2a-4893-8451-2146b3cc8a01 at term 1 for appendEntries, leader elected after 5319ms
2022-03-01 02:11:23,425 [grpc-default-executor-2] INFO  impl.VoteContext (VoteContext.java:log(48)) - e327d566-d0a7-4ebd-a186-fb348d426d12@group-D9F7545F58F9-FOLLOWER: reject ELECTION from cfb69533-9b2a-4893-8451-2146b3cc8a01: this server is a follower and still has a valid leader cfb69533-9b2a-4893-8451-2146b3cc8a01
2022-03-01 02:11:23,425 [grpc-default-executor-2] INFO  server.RaftServer$Division (RaftServerImpl.java:requestVote(1078)) - e327d566-d0a7-4ebd-a186-fb348d426d12@group-D9F7545F58F9 replies to ELECTION vote request: cfb69533-9b2a-4893-8451-2146b3cc8a01<-e327d566-d0a7-4ebd-a186-fb348d426d12#0:FAIL-t1. Peer's state: e327d566-d0a7-4ebd-a186-fb348d426d12@group-D9F7545F58F9:t1, leader=cfb69533-9b2a-4893-8451-2146b3cc8a01, voted=null, raftlog=e327d566-d0a7-4ebd-a186-fb348d426d12@group-D9F7545F58F9-SegmentedRaftLog:OPENED:c-1, conf=-1: [5c298416-f78a-4f23-a8c1-47b4d7ce03fb|rpc:10.1.0.9:44357|dataStream:|priority:0, cfb69533-9b2a-4893-8451-2146b3cc8a01|rpc:10.1.0.9:37317|dataStream:|priority:1, e327d566-d0a7-4ebd-a186-fb348d426d12|rpc:10.1.0.9:35291|dataStream:|priority:0], old=null
2022-03-01 02:11:23,456 [grpc-default-executor-1] INFO  server.RaftServer$Division (ServerState.java:setRaftConf(387)) - 5c298416-f78a-4f23-a8c1-47b4d7ce03fb@group-D9F7545F58F9: set configuration 0: [5c298416-f78a-4f23-a8c1-47b4d7ce03fb|rpc:10.1.0.9:44357|dataStream:|priority:0, cfb69533-9b2a-4893-8451-2146b3cc8a01|rpc:10.1.0.9:37317|dataStream:|priority:1, e327d566-d0a7-4ebd-a186-fb348d426d12|rpc:10.1.0.9:35291|dataStream:|priority:0], old=null
2022-03-01 02:11:23,456 [grpc-default-executor-1] INFO  segmented.SegmentedRaftLogWorker (SegmentedRaftLogWorker.java:startLogSegment(394)) - 5c298416-f78a-4f23-a8c1-47b4d7ce03fb@group-D9F7545F58F9-SegmentedRaftLogWorker: Starting segment from index:0
2022-03-01 02:11:23,457 [Listener at 127.0.0.1/39539] INFO  rpc.RpcClient (RpcClient.java:createBucket(562)) - Creating Bucket: volume46328/bucket73140, with runner as owner and Versioning false and Storage Type set to DISK and Encryption set to false 
2022-03-01 02:11:23,458 [grpc-default-executor-0] INFO  server.RaftServer$Division (ServerState.java:setRaftConf(387)) - e327d566-d0a7-4ebd-a186-fb348d426d12@group-D9F7545F58F9: set configuration 0: [5c298416-f78a-4f23-a8c1-47b4d7ce03fb|rpc:10.1.0.9:44357|dataStream:|priority:0, cfb69533-9b2a-4893-8451-2146b3cc8a01|rpc:10.1.0.9:37317|dataStream:|priority:1, e327d566-d0a7-4ebd-a186-fb348d426d12|rpc:10.1.0.9:35291|dataStream:|priority:0], old=null
2022-03-01 02:11:23,459 [grpc-default-executor-0] INFO  segmented.SegmentedRaftLogWorker (SegmentedRaftLogWorker.java:startLogSegment(394)) - e327d566-d0a7-4ebd-a186-fb348d426d12@group-D9F7545F58F9-SegmentedRaftLogWorker: Starting segment from index:0
2022-03-01 02:11:23,511 [5c298416-f78a-4f23-a8c1-47b4d7ce03fb@group-D9F7545F58F9-SegmentedRaftLogWorker] INFO  segmented.SegmentedRaftLogWorker (SegmentedRaftLogWorker.java:execute(601)) - 5c298416-f78a-4f23-a8c1-47b4d7ce03fb@group-D9F7545F58F9-SegmentedRaftLogWorker: created new log segment /home/runner/work/ozone/ozone/hadoop-ozone/integration-test/target/test-dir/MiniOzoneClusterImpl-205f3ae4-9c2f-49b9-89f9-532f9ffbf4a1/datanode-2/data/ratis/b2864994-ad83-4c12-a7da-d9f7545f58f9/current/log_inprogress_0
2022-03-01 02:11:23,513 [e327d566-d0a7-4ebd-a186-fb348d426d12@group-D9F7545F58F9-SegmentedRaftLogWorker] INFO  segmented.SegmentedRaftLogWorker (SegmentedRaftLogWorker.java:execute(601)) - e327d566-d0a7-4ebd-a186-fb348d426d12@group-D9F7545F58F9-SegmentedRaftLogWorker: created new log segment /home/runner/work/ozone/ozone/hadoop-ozone/integration-test/target/test-dir/MiniOzoneClusterImpl-205f3ae4-9c2f-49b9-89f9-532f9ffbf4a1/datanode-1/data/ratis/b2864994-ad83-4c12-a7da-d9f7545f58f9/current/log_inprogress_0
]]></system-out>
  </testcase>
  <testcase name="testRenameFile[4]" classname="org.apache.hadoop.fs.ozone.TestRootedOzoneFileSystem" time="0.47"/>
  <testcase name="testListStatusRootAndVolumeRecursive[4]" classname="org.apache.hadoop.fs.ozone.TestRootedOzoneFileSystem" time="1.205"/>
  <testcase name="testTempMount[4]" classname="org.apache.hadoop.fs.ozone.TestRootedOzoneFileSystem" time="2.696"/>
  <testcase name="testListStatusRootAndVolumeNonRecursive[4]" classname="org.apache.hadoop.fs.ozone.TestRootedOzoneFileSystem" time="0.719"/>
  <testcase name="testDeleteVolumeAndBucket[4]" classname="org.apache.hadoop.fs.ozone.TestRootedOzoneFileSystem" time="0.055"/>
  <testcase name="testRenameDirToItsOwnSubDir[4]" classname="org.apache.hadoop.fs.ozone.TestRootedOzoneFileSystem" time="0.076"/>
  <testcase name="testOzoneFsServiceLoader[4]" classname="org.apache.hadoop.fs.ozone.TestRootedOzoneFileSystem" time="0.138"/>
  <testcase name="testTrash[4]" classname="org.apache.hadoop.fs.ozone.TestRootedOzoneFileSystem" time="0">
    <skipped/>
  </testcase>
  <testcase name="testRenameDestinationParentDoesntExist[4]" classname="org.apache.hadoop.fs.ozone.TestRootedOzoneFileSystem" time="0.068"/>
  <testcase name="testGetFileStatusRoot[4]" classname="org.apache.hadoop.fs.ozone.TestRootedOzoneFileSystem" time="0.027"/>
  <testcase name="testCreateWithInvalidPaths[4]" classname="org.apache.hadoop.fs.ozone.TestRootedOzoneFileSystem" time="0.036"/>
  <testcase name="testDeleteEmptyVolume[4]" classname="org.apache.hadoop.fs.ozone.TestRootedOzoneFileSystem" time="0.062"/>
  <testcase name="testListStatusRootAndVolumeContinuation[4]" classname="org.apache.hadoop.fs.ozone.TestRootedOzoneFileSystem" time="13.924"/>
  <testcase name="testDeleteVolumeBucketAndKey[4]" classname="org.apache.hadoop.fs.ozone.TestRootedOzoneFileSystem" time="0.077"/>
  <testcase name="testRenameToParentDir[4]" classname="org.apache.hadoop.fs.ozone.TestRootedOzoneFileSystem" time="0.101"/>
  <testcase name="testMkdirNonExistentVolumeBucket[4]" classname="org.apache.hadoop.fs.ozone.TestRootedOzoneFileSystem" time="0.022"/>
  <testcase name="testFailToDeleteRoot[4]" classname="org.apache.hadoop.fs.ozone.TestRootedOzoneFileSystem" time="0.015"/>
  <testcase name="testListStatusOnSubDirs[4]" classname="org.apache.hadoop.fs.ozone.TestRootedOzoneFileSystem" time="0.085"/>
  <testcase name="testListStatus[4]" classname="org.apache.hadoop.fs.ozone.TestRootedOzoneFileSystem" time="0.075"/>
  <testcase name="testGetTrashRoots[4]" classname="org.apache.hadoop.fs.ozone.TestRootedOzoneFileSystem" time="0.788"/>
  <testcase name="testCreateDoesNotAddParentDirKeys[4]" classname="org.apache.hadoop.fs.ozone.TestRootedOzoneFileSystem" time="0.143"/>
  <testcase name="testMkdirNonExistentVolume[4]" classname="org.apache.hadoop.fs.ozone.TestRootedOzoneFileSystem" time="0.03"/>
  <testcase name="testDeleteCreatesFakeParentDir[4]" classname="org.apache.hadoop.fs.ozone.TestRootedOzoneFileSystem" time="0.109"/>
  <testcase name="testNonExplicitlyCreatedPathExistsAfterItsLeafsWereRemoved[4]" classname="org.apache.hadoop.fs.ozone.TestRootedOzoneFileSystem" time="0.07"/>
  <testcase name="testFileDelete[4]" classname="org.apache.hadoop.fs.ozone.TestRootedOzoneFileSystem" time="0.153"/>
  <testcase name="testRenameToTrashEnabled[4]" classname="org.apache.hadoop.fs.ozone.TestRootedOzoneFileSystem" time="0.252"/>
  <testcase name="testMkdirOnNonExistentVolumeBucketDir[4]" classname="org.apache.hadoop.fs.ozone.TestRootedOzoneFileSystem" time="0.096"/>
  <testcase name="testListStatusOnLargeDirectory[4]" classname="org.apache.hadoop.fs.ozone.TestRootedOzoneFileSystem" time="15.289"/>
  <testcase name="testRenameToDifferentBucket[4]" classname="org.apache.hadoop.fs.ozone.TestRootedOzoneFileSystem" time="0.085"/>
  <testcase name="testListStatusInBucket[4]" classname="org.apache.hadoop.fs.ozone.TestRootedOzoneFileSystem" time="0.048"/>
  <testcase name="testRenameFileToDir[4]" classname="org.apache.hadoop.fs.ozone.TestRootedOzoneFileSystem" time="0.099"/>
</testsuite>