<?xml version="1.0" encoding="UTF-8"?>
<testsuite xmlns:xsi="http://www.w3.org/2001/XMLSchema-instance" xsi:noNamespaceSchemaLocation="https://maven.apache.org/surefire/maven-surefire-plugin/xsd/surefire-test-report.xsd" name="org.apache.hadoop.ozone.container.common.statemachine.commandhandler.TestBlockDeletion" time="211.157" tests="3" errors="0" skipped="0" failures="1">
  <properties>
    <property name="awt.toolkit" value="sun.awt.X11.XToolkit"/>
    <property name="file.encoding.pkg" value="sun.io"/>
    <property name="java.specification.version" value="1.8"/>
    <property name="sun.cpu.isalist" value=""/>
    <property name="sun.jnu.encoding" value="UTF-8"/>
    <property name="java.class.path" value="/home/runner/work/ozone/ozone/hadoop-ozone/integration-test/target/test-classes:/home/runner/work/ozone/ozone/hadoop-ozone/integration-test/target/classes:/home/runner/.m2/repository/org/apache/ozone/ozone-common/1.3.0-SNAPSHOT/ozone-common-1.3.0-SNAPSHOT.jar:/home/runner/.m2/repository/org/apache/commons/commons-compress/1.21/commons-compress-1.21.jar:/home/runner/.m2/repository/org/apache/ozone/hdds-common/1.3.0-SNAPSHOT/hdds-common-1.3.0-SNAPSHOT.jar:/home/runner/.m2/repository/org/apache/ozone/hdds-client/1.3.0-SNAPSHOT/hdds-client-1.3.0-SNAPSHOT.jar:/home/runner/.m2/repository/org/apache/ozone/ozone-interface-client/1.3.0-SNAPSHOT/ozone-interface-client-1.3.0-SNAPSHOT.jar:/home/runner/.m2/repository/org/apache/ozone/hdds-test-utils/1.3.0-SNAPSHOT/hdds-test-utils-1.3.0-SNAPSHOT.jar:/home/runner/.m2/repository/com/google/guava/guava/30.1.1-jre/guava-30.1.1-jre.jar:/home/runner/.m2/repository/com/google/guava/failureaccess/1.0.1/failureaccess-1.0.1.jar:/home/runner/.m2/repository/com/google/guava/listenablefuture/9999.0-empty-to-avoid-conflict-with-guava/listenablefuture-9999.0-empty-to-avoid-conflict-with-guava.jar:/home/runner/.m2/repository/com/google/code/findbugs/jsr305/3.0.0/jsr305-3.0.0.jar:/home/runner/.m2/repository/org/checkerframework/checker-qual/3.8.0/checker-qual-3.8.0.jar:/home/runner/.m2/repository/com/google/errorprone/error_prone_annotations/2.2.0/error_prone_annotations-2.2.0.jar:/home/runner/.m2/repository/com/google/j2objc/j2objc-annotations/1.3/j2objc-annotations-1.3.jar:/home/runner/.m2/repository/commons-io/commons-io/2.11.0/commons-io-2.11.0.jar:/home/runner/.m2/repository/commons-logging/commons-logging/1.2/commons-logging-1.2.jar:/home/runner/.m2/repository/log4j/log4j/1.2.17/log4j-1.2.17.jar:/home/runner/.m2/repository/org/slf4j/slf4j-api/1.7.30/slf4j-api-1.7.30.jar:/home/runner/.m2/repository/org/apache/ozone/hdds-server-scm/1.3.0-SNAPSHOT/hdds-server-scm-1.3.0-SNAPSHOT.jar:/home/runner/.m2/repository/org/apache/ozone/hdds-container-service/1.3.0-SNAPSHOT/hdds-container-service-1.3.0-SNAPSHOT.jar:/home/runner/.m2/repository/org/apache/ozone/hdds-hadoop-dependency-server/1.3.0-SNAPSHOT/hdds-hadoop-dependency-server-1.3.0-SNAPSHOT.jar:/home/runner/.m2/repository/org/apache/hadoop/hadoop-hdfs/3.3.1/hadoop-hdfs-3.3.1.jar:/home/runner/.m2/repository/org/apache/ozone/hdds-server-framework/1.3.0-SNAPSHOT/hdds-server-framework-1.3.0-SNAPSHOT.jar:/home/runner/.m2/repository/org/apache/ozone/hdds-interface-server/1.3.0-SNAPSHOT/hdds-interface-server-1.3.0-SNAPSHOT.jar:/home/runner/.m2/repository/org/eclipse/jetty/jetty-servlet/9.4.43.v20210629/jetty-servlet-9.4.43.v20210629.jar:/home/runner/.m2/repository/org/eclipse/jetty/jetty-security/9.4.43.v20210629/jetty-security-9.4.43.v20210629.jar:/home/runner/.m2/repository/org/rocksdb/rocksdbjni/6.25.3/rocksdbjni-6.25.3.jar:/home/runner/.m2/repository/io/prometheus/simpleclient_dropwizard/0.7.0/simpleclient_dropwizard-0.7.0.jar:/home/runner/.m2/repository/io/prometheus/simpleclient/0.7.0/simpleclient-0.7.0.jar:/home/runner/.m2/repository/io/prometheus/simpleclient_common/0.7.0/simpleclient_common-0.7.0.jar:/home/runner/.m2/repository/com/fasterxml/jackson/datatype/jackson-datatype-jsr310/2.12.1/jackson-datatype-jsr310-2.12.1.jar:/home/runner/.m2/repository/io/dropwizard/metrics/metrics-core/3.2.4/metrics-core-3.2.4.jar:/home/runner/.m2/repository/org/apache/hadoop/hadoop-hdfs-client/3.3.1/hadoop-hdfs-client-3.3.1.jar:/home/runner/.m2/repository/org/bouncycastle/bcprov-jdk15on/1.67/bcprov-jdk15on-1.67.jar:/home/runner/.m2/repository/com/google/protobuf/protobuf-java/2.5.0/protobuf-java-2.5.0.jar:/home/runner/.m2/repository/org/apache/ozone/ozone-manager/1.3.0-SNAPSHOT/ozone-manager-1.3.0-SNAPSHOT.jar:/home/runner/.m2/repository/org/aspectj/aspectjrt/1.9.7/aspectjrt-1.9.7.jar:/home/runner/.m2/repository/org/aspectj/aspectjweaver/1.9.7/aspectjweaver-1.9.7.jar:/home/runner/.m2/repository/org/apache/ozone/hdds-interface-client/1.3.0-SNAPSHOT/hdds-interface-client-1.3.0-SNAPSHOT.jar:/home/runner/.m2/repository/org/apache/hadoop/thirdparty/hadoop-shaded-protobuf_3_7/1.1.1/hadoop-shaded-protobuf_3_7-1.1.1.jar:/home/runner/.m2/repository/org/apache/ozone/ozone-interface-storage/1.3.0-SNAPSHOT/ozone-interface-storage-1.3.0-SNAPSHOT.jar:/home/runner/.m2/repository/org/reflections/reflections/0.9.11/reflections-0.9.11.jar:/home/runner/.m2/repository/org/apache/hadoop/hadoop-minikdc/3.3.1/hadoop-minikdc-3.3.1.jar:/home/runner/.m2/repository/org/apache/kerby/kerb-simplekdc/1.0.1/kerb-simplekdc-1.0.1.jar:/home/runner/.m2/repository/org/apache/kerby/kerb-client/1.0.1/kerb-client-1.0.1.jar:/home/runner/.m2/repository/org/apache/kerby/kerby-config/1.0.1/kerby-config-1.0.1.jar:/home/runner/.m2/repository/org/apache/kerby/kerb-common/1.0.1/kerb-common-1.0.1.jar:/home/runner/.m2/repository/org/apache/kerby/kerb-crypto/1.0.1/kerb-crypto-1.0.1.jar:/home/runner/.m2/repository/org/apache/kerby/kerb-util/1.0.1/kerb-util-1.0.1.jar:/home/runner/.m2/repository/org/apache/kerby/token-provider/1.0.1/token-provider-1.0.1.jar:/home/runner/.m2/repository/org/apache/kerby/kerb-admin/1.0.1/kerb-admin-1.0.1.jar:/home/runner/.m2/repository/org/apache/kerby/kerb-server/1.0.1/kerb-server-1.0.1.jar:/home/runner/.m2/repository/org/apache/kerby/kerb-identity/1.0.1/kerb-identity-1.0.1.jar:/home/runner/.m2/repository/org/apache/kerby/kerby-xdr/1.0.1/kerby-xdr-1.0.1.jar:/home/runner/.m2/repository/org/slf4j/slf4j-log4j12/1.7.30/slf4j-log4j12-1.7.30.jar:/home/runner/.m2/repository/org/apache/ozone/ozone-s3gateway/1.3.0-SNAPSHOT/ozone-s3gateway-1.3.0-SNAPSHOT.jar:/home/runner/.m2/repository/org/javassist/javassist/3.21.0-GA/javassist-3.21.0-GA.jar:/home/runner/.m2/repository/org/jboss/weld/servlet/weld-servlet/2.4.7.Final/weld-servlet-2.4.7.Final.jar:/home/runner/.m2/repository/org/glassfish/jersey/containers/jersey-container-servlet-core/2.33/jersey-container-servlet-core-2.33.jar:/home/runner/.m2/repository/org/glassfish/hk2/external/jakarta.inject/2.6.1/jakarta.inject-2.6.1.jar:/home/runner/.m2/repository/org/glassfish/jersey/core/jersey-common/2.33/jersey-common-2.33.jar:/home/runner/.m2/repository/jakarta/ws/rs/jakarta.ws.rs-api/2.1.6/jakarta.ws.rs-api-2.1.6.jar:/home/runner/.m2/repository/org/glassfish/jersey/ext/cdi/jersey-cdi1x/2.33/jersey-cdi1x-2.33.jar:/home/runner/.m2/repository/org/glassfish/jersey/inject/jersey-hk2/2.33/jersey-hk2-2.33.jar:/home/runner/.m2/repository/org/glassfish/hk2/hk2-locator/2.6.1/hk2-locator-2.6.1.jar:/home/runner/.m2/repository/org/glassfish/jersey/media/jersey-media-jaxb/2.33/jersey-media-jaxb-2.33.jar:/home/runner/.m2/repository/org/glassfish/hk2/osgi-resource-locator/1.0.3/osgi-resource-locator-1.0.3.jar:/home/runner/.m2/repository/org/glassfish/hk2/hk2-api/2.5.0/hk2-api-2.5.0.jar:/home/runner/.m2/repository/org/glassfish/hk2/hk2-utils/2.5.0/hk2-utils-2.5.0.jar:/home/runner/.m2/repository/org/glassfish/hk2/external/aopalliance-repackaged/2.5.0/aopalliance-repackaged-2.5.0.jar:/home/runner/.m2/repository/com/fasterxml/jackson/dataformat/jackson-dataformat-xml/2.12.1/jackson-dataformat-xml-2.12.1.jar:/home/runner/.m2/repository/com/fasterxml/jackson/core/jackson-core/2.12.1/jackson-core-2.12.1.jar:/home/runner/.m2/repository/com/fasterxml/jackson/module/jackson-module-jaxb-annotations/2.12.1/jackson-module-jaxb-annotations-2.12.1.jar:/home/runner/.m2/repository/jakarta/xml/bind/jakarta.xml.bind-api/2.3.2/jakarta.xml.bind-api-2.3.2.jar:/home/runner/.m2/repository/org/codehaus/woodstox/stax2-api/3.1.4/stax2-api-3.1.4.jar:/home/runner/.m2/repository/com/fasterxml/woodstox/woodstox-core/5.0.3/woodstox-core-5.0.3.jar:/home/runner/.m2/repository/javax/enterprise/cdi-api/1.2/cdi-api-1.2.jar:/home/runner/.m2/repository/javax/el/javax.el-api/3.0.0/javax.el-api-3.0.0.jar:/home/runner/.m2/repository/javax/interceptor/javax.interceptor-api/1.2/javax.interceptor-api-1.2.jar:/home/runner/.m2/repository/javax/inject/javax.inject/1/javax.inject-1.jar:/home/runner/.m2/repository/javax/xml/bind/jaxb-api/2.3.0/jaxb-api-2.3.0.jar:/home/runner/.m2/repository/org/glassfish/jaxb/jaxb-runtime/2.3.0.1/jaxb-runtime-2.3.0.1.jar:/home/runner/.m2/repository/org/glassfish/jaxb/jaxb-core/2.3.0.1/jaxb-core-2.3.0.1.jar:/home/runner/.m2/repository/org/glassfish/jaxb/txw2/2.3.0.1/txw2-2.3.0.1.jar:/home/runner/.m2/repository/com/sun/istack/istack-commons-runtime/3.0.5/istack-commons-runtime-3.0.5.jar:/home/runner/.m2/repository/org/jvnet/staxex/stax-ex/1.7.8/stax-ex-1.7.8.jar:/home/runner/.m2/repository/com/sun/xml/fastinfoset/FastInfoset/1.2.13/FastInfoset-1.2.13.jar:/home/runner/.m2/repository/javax/activation/activation/1.1.1/activation-1.1.1.jar:/home/runner/.m2/repository/org/apache/ozone/ozone-csi/1.3.0-SNAPSHOT/ozone-csi-1.3.0-SNAPSHOT.jar:/home/runner/.m2/repository/com/google/protobuf/protobuf-java-util/3.12.0/protobuf-java-util-3.12.0.jar:/home/runner/.m2/repository/com/google/code/gson/gson/2.2.4/gson-2.2.4.jar:/home/runner/.m2/repository/org/apache/ozone/hdds-config/1.3.0-SNAPSHOT/hdds-config-1.3.0-SNAPSHOT.jar:/home/runner/.m2/repository/io/grpc/grpc-netty/1.33.0/grpc-netty-1.33.0.jar:/home/runner/.m2/repository/io/grpc/grpc-core/1.33.0/grpc-core-1.33.0.jar:/home/runner/.m2/repository/com/google/android/annotations/4.1.1.4/annotations-4.1.1.4.jar:/home/runner/.m2/repository/io/netty/netty-codec-http2/4.1.63.Final/netty-codec-http2-4.1.63.Final.jar:/home/runner/.m2/repository/io/netty/netty-codec-http/4.1.63.Final/netty-codec-http-4.1.63.Final.jar:/home/runner/.m2/repository/io/netty/netty-handler-proxy/4.1.63.Final/netty-handler-proxy-4.1.63.Final.jar:/home/runner/.m2/repository/io/netty/netty-codec-socks/4.1.63.Final/netty-codec-socks-4.1.63.Final.jar:/home/runner/.m2/repository/io/perfmark/perfmark-api/0.19.0/perfmark-api-0.19.0.jar:/home/runner/.m2/repository/org/codehaus/mojo/animal-sniffer-annotations/1.18/animal-sniffer-annotations-1.18.jar:/home/runner/.m2/repository/io/netty/netty-transport-native-epoll/4.1.63.Final/netty-transport-native-epoll-4.1.63.Final.jar:/home/runner/.m2/repository/io/netty/netty-common/4.1.63.Final/netty-common-4.1.63.Final.jar:/home/runner/.m2/repository/io/netty/netty-buffer/4.1.63.Final/netty-buffer-4.1.63.Final.jar:/home/runner/.m2/repository/io/netty/netty-transport-native-unix-common/4.1.63.Final/netty-transport-native-unix-common-4.1.63.Final.jar:/home/runner/.m2/repository/io/grpc/grpc-protobuf/1.33.0/grpc-protobuf-1.33.0.jar:/home/runner/.m2/repository/io/grpc/grpc-api/1.33.0/grpc-api-1.33.0.jar:/home/runner/.m2/repository/io/grpc/grpc-context/1.33.0/grpc-context-1.33.0.jar:/home/runner/.m2/repository/com/google/api/grpc/proto-google-common-protos/1.17.0/proto-google-common-protos-1.17.0.jar:/home/runner/.m2/repository/io/grpc/grpc-protobuf-lite/1.33.0/grpc-protobuf-lite-1.33.0.jar:/home/runner/.m2/repository/io/grpc/grpc-stub/1.33.0/grpc-stub-1.33.0.jar:/home/runner/.m2/repository/org/apache/ozone/ozone-recon/1.3.0-SNAPSHOT/ozone-recon-1.3.0-SNAPSHOT.jar:/home/runner/.m2/repository/org/apache/ozone/ozone-reconcodegen/1.3.0-SNAPSHOT/ozone-reconcodegen-1.3.0-SNAPSHOT.jar:/home/runner/.m2/repository/com/google/inject/extensions/guice-multibindings/4.0/guice-multibindings-4.0.jar:/home/runner/.m2/repository/com/google/inject/guice/4.0/guice-4.0.jar:/home/runner/.m2/repository/aopalliance/aopalliance/1.0/aopalliance-1.0.jar:/home/runner/.m2/repository/com/google/inject/extensions/guice-assistedinject/4.0/guice-assistedinject-4.0.jar:/home/runner/.m2/repository/com/google/inject/extensions/guice-servlet/4.0/guice-servlet-4.0.jar:/home/runner/.m2/repository/org/glassfish/jersey/containers/jersey-container-servlet/2.33/jersey-container-servlet-2.33.jar:/home/runner/.m2/repository/org/glassfish/hk2/guice-bridge/2.5.0/guice-bridge-2.5.0.jar:/home/runner/.m2/repository/org/glassfish/jersey/core/jersey-server/2.33/jersey-server-2.33.jar:/home/runner/.m2/repository/org/glassfish/jersey/core/jersey-client/2.33/jersey-client-2.33.jar:/home/runner/.m2/repository/jakarta/annotation/jakarta.annotation-api/1.3.5/jakarta.annotation-api-1.3.5.jar:/home/runner/.m2/repository/jakarta/validation/jakarta.validation-api/2.0.2/jakarta.validation-api-2.0.2.jar:/home/runner/.m2/repository/org/glassfish/jersey/media/jersey-media-json-jackson/2.33/jersey-media-json-jackson-2.33.jar:/home/runner/.m2/repository/org/glassfish/jersey/ext/jersey-entity-filtering/2.33/jersey-entity-filtering-2.33.jar:/home/runner/.m2/repository/org/jooq/jooq/3.11.10/jooq-3.11.10.jar:/home/runner/.m2/repository/org/jooq/jooq-meta/3.11.10/jooq-meta-3.11.10.jar:/home/runner/.m2/repository/org/jooq/jooq-codegen/3.11.10/jooq-codegen-3.11.10.jar:/home/runner/.m2/repository/com/jolbox/bonecp/0.8.0.RELEASE/bonecp-0.8.0.RELEASE.jar:/home/runner/.m2/repository/org/apache/derby/derby/10.14.2.0/derby-10.14.2.0.jar:/home/runner/.m2/repository/org/xerial/sqlite-jdbc/3.25.2/sqlite-jdbc-3.25.2.jar:/home/runner/.m2/repository/org/springframework/spring-jdbc/5.2.18.RELEASE/spring-jdbc-5.2.18.RELEASE.jar:/home/runner/.m2/repository/org/springframework/spring-beans/5.2.18.RELEASE/spring-beans-5.2.18.RELEASE.jar:/home/runner/.m2/repository/org/springframework/spring-core/5.2.18.RELEASE/spring-core-5.2.18.RELEASE.jar:/home/runner/.m2/repository/org/springframework/spring-jcl/5.2.18.RELEASE/spring-jcl-5.2.18.RELEASE.jar:/home/runner/.m2/repository/org/springframework/spring-tx/5.2.18.RELEASE/spring-tx-5.2.18.RELEASE.jar:/home/runner/.m2/repository/org/apache/ozone/ozone-client/1.3.0-SNAPSHOT/ozone-client-1.3.0-SNAPSHOT.jar:/home/runner/.m2/repository/org/apache/ozone/ozone-filesystem/1.3.0-SNAPSHOT/ozone-filesystem-1.3.0-SNAPSHOT.jar:/home/runner/.m2/repository/org/apache/ozone/ozone-filesystem-common/1.3.0-SNAPSHOT/ozone-filesystem-common-1.3.0-SNAPSHOT.jar:/home/runner/.m2/repository/org/apache/ozone/ozone-tools/1.3.0-SNAPSHOT/ozone-tools-1.3.0-SNAPSHOT.jar:/home/runner/.m2/repository/org/apache/ratis/ratis-tools/2.2.0/ratis-tools-2.2.0.jar:/home/runner/.m2/repository/com/amazonaws/aws-java-sdk-core/1.12.124/aws-java-sdk-core-1.12.124.jar:/home/runner/.m2/repository/org/apache/httpcomponents/httpclient/4.5.13/httpclient-4.5.13.jar:/home/runner/.m2/repository/org/apache/httpcomponents/httpcore/4.4.13/httpcore-4.4.13.jar:/home/runner/.m2/repository/software/amazon/ion/ion-java/1.0.2/ion-java-1.0.2.jar:/home/runner/.m2/repository/com/fasterxml/jackson/dataformat/jackson-dataformat-cbor/2.12.1/jackson-dataformat-cbor-2.12.1.jar:/home/runner/.m2/repository/joda-time/joda-time/2.8.1/joda-time-2.8.1.jar:/home/runner/.m2/repository/com/amazonaws/aws-java-sdk-s3/1.12.124/aws-java-sdk-s3-1.12.124.jar:/home/runner/.m2/repository/com/amazonaws/aws-java-sdk-kms/1.12.124/aws-java-sdk-kms-1.12.124.jar:/home/runner/.m2/repository/com/amazonaws/jmespath-java/1.12.124/jmespath-java-1.12.124.jar:/home/runner/.m2/repository/org/kohsuke/metainf-services/metainf-services/1.8/metainf-services-1.8.jar:/home/runner/.m2/repository/org/apache/ozone/hdds-tools/1.3.0-SNAPSHOT/hdds-tools-1.3.0-SNAPSHOT.jar:/home/runner/.m2/repository/commons-cli/commons-cli/1.2/commons-cli-1.2.jar:/home/runner/.m2/repository/org/apache/commons/commons-lang3/3.7/commons-lang3-3.7.jar:/home/runner/.m2/repository/org/apache/ozone/ozone-manager/1.3.0-SNAPSHOT/ozone-manager-1.3.0-SNAPSHOT-tests.jar:/home/runner/.m2/repository/org/apache/ozone/hdds-common/1.3.0-SNAPSHOT/hdds-common-1.3.0-SNAPSHOT-tests.jar:/home/runner/.m2/repository/org/apache/ozone/hdds-hadoop-dependency-client/1.3.0-SNAPSHOT/hdds-hadoop-dependency-client-1.3.0-SNAPSHOT.jar:/home/runner/.m2/repository/info/picocli/picocli/4.6.1/picocli-4.6.1.jar:/home/runner/.m2/repository/com/fasterxml/jackson/core/jackson-annotations/2.12.1/jackson-annotations-2.12.1.jar:/home/runner/.m2/repository/javax/annotation/javax.annotation-api/1.2/javax.annotation-api-1.2.jar:/home/runner/.m2/repository/org/apache/ratis/ratis-server/2.2.0/ratis-server-2.2.0.jar:/home/runner/.m2/repository/org/apache/ratis/ratis-client/2.2.0/ratis-client-2.2.0.jar:/home/runner/.m2/repository/org/apache/ratis/ratis-server-api/2.2.0/ratis-server-api-2.2.0.jar:/home/runner/.m2/repository/org/apache/ratis/ratis-metrics/2.2.0/ratis-metrics-2.2.0.jar:/home/runner/.m2/repository/org/apache/ratis/ratis-netty/2.2.0/ratis-netty-2.2.0.jar:/home/runner/.m2/repository/org/apache/ratis/ratis-grpc/2.2.0/ratis-grpc-2.2.0.jar:/home/runner/.m2/repository/org/apache/logging/log4j/log4j-api/2.17.1/log4j-api-2.17.1.jar:/home/runner/.m2/repository/org/apache/logging/log4j/log4j-core/2.17.1/log4j-core-2.17.1.jar:/home/runner/.m2/repository/com/lmax/disruptor/3.4.2/disruptor-3.4.2.jar:/home/runner/.m2/repository/org/apache/commons/commons-pool2/2.6.0/commons-pool2-2.6.0.jar:/home/runner/.m2/repository/org/bouncycastle/bcpkix-jdk15on/1.67/bcpkix-jdk15on-1.67.jar:/home/runner/.m2/repository/commons-validator/commons-validator/1.6/commons-validator-1.6.jar:/home/runner/.m2/repository/commons-beanutils/commons-beanutils/1.9.4/commons-beanutils-1.9.4.jar:/home/runner/.m2/repository/commons-digester/commons-digester/1.8.1/commons-digester-1.8.1.jar:/home/runner/.m2/repository/commons-collections/commons-collections/3.2.2/commons-collections-3.2.2.jar:/home/runner/.m2/repository/io/jaegertracing/jaeger-client/1.6.0/jaeger-client-1.6.0.jar:/home/runner/.m2/repository/io/jaegertracing/jaeger-thrift/1.6.0/jaeger-thrift-1.6.0.jar:/home/runner/.m2/repository/org/apache/thrift/libthrift/0.14.1/libthrift-0.14.1.jar:/home/runner/.m2/repository/com/squareup/okhttp3/okhttp/4.9.0/okhttp-4.9.0.jar:/home/runner/.m2/repository/com/squareup/okio/okio/2.8.0/okio-2.8.0.jar:/home/runner/.m2/repository/io/jaegertracing/jaeger-core/1.6.0/jaeger-core-1.6.0.jar:/home/runner/.m2/repository/io/jaegertracing/jaeger-tracerresolver/1.6.0/jaeger-tracerresolver-1.6.0.jar:/home/runner/.m2/repository/io/opentracing/contrib/opentracing-tracerresolver/0.1.8/opentracing-tracerresolver-0.1.8.jar:/home/runner/.m2/repository/org/jetbrains/kotlin/kotlin-stdlib/1.4.31/kotlin-stdlib-1.4.31.jar:/home/runner/.m2/repository/org/jetbrains/kotlin/kotlin-stdlib-common/1.4.31/kotlin-stdlib-common-1.4.31.jar:/home/runner/.m2/repository/org/jetbrains/annotations/13.0/annotations-13.0.jar:/home/runner/.m2/repository/io/opentracing/opentracing-util/0.33.0/opentracing-util-0.33.0.jar:/home/runner/.m2/repository/io/opentracing/opentracing-api/0.33.0/opentracing-api-0.33.0.jar:/home/runner/.m2/repository/io/opentracing/opentracing-noop/0.33.0/opentracing-noop-0.33.0.jar:/home/runner/.m2/repository/org/yaml/snakeyaml/1.26/snakeyaml-1.26.jar:/home/runner/.m2/repository/org/apache/ozone/hdds-interface-admin/1.3.0-SNAPSHOT/hdds-interface-admin-1.3.0-SNAPSHOT.jar:/home/runner/.m2/repository/junit/junit/4.13.1/junit-4.13.1.jar:/home/runner/.m2/repository/org/hamcrest/hamcrest-core/1.3/hamcrest-core-1.3.jar:/home/runner/.m2/repository/org/junit/jupiter/junit-jupiter-api/5.7.0/junit-jupiter-api-5.7.0.jar:/home/runner/.m2/repository/org/apiguardian/apiguardian-api/1.1.0/apiguardian-api-1.1.0.jar:/home/runner/.m2/repository/org/opentest4j/opentest4j/1.2.0/opentest4j-1.2.0.jar:/home/runner/.m2/repository/org/junit/platform/junit-platform-commons/1.7.0/junit-platform-commons-1.7.0.jar:/home/runner/.m2/repository/org/junit/jupiter/junit-jupiter-engine/5.7.0/junit-jupiter-engine-5.7.0.jar:/home/runner/.m2/repository/org/junit/platform/junit-platform-engine/1.7.0/junit-platform-engine-1.7.0.jar:/home/runner/.m2/repository/org/junit/vintage/junit-vintage-engine/5.7.0/junit-vintage-engine-5.7.0.jar:/home/runner/.m2/repository/org/junit/platform/junit-platform-launcher/1.7.0/junit-platform-launcher-1.7.0.jar:/home/runner/.m2/repository/org/mockito/mockito-core/2.28.2/mockito-core-2.28.2.jar:/home/runner/.m2/repository/net/bytebuddy/byte-buddy/1.9.10/byte-buddy-1.9.10.jar:/home/runner/.m2/repository/net/bytebuddy/byte-buddy-agent/1.9.10/byte-buddy-agent-1.9.10.jar:/home/runner/.m2/repository/org/objenesis/objenesis/1.0/objenesis-1.0.jar:/home/runner/.m2/repository/org/apache/hadoop/hadoop-kms/3.3.1/hadoop-kms-3.3.1.jar:/home/runner/.m2/repository/org/apache/hadoop/hadoop-auth/3.3.1/hadoop-auth-3.3.1.jar:/home/runner/.m2/repository/com/nimbusds/nimbus-jose-jwt/7.9/nimbus-jose-jwt-7.9.jar:/home/runner/.m2/repository/com/github/stephenc/jcip/jcip-annotations/1.0-1/jcip-annotations-1.0-1.jar:/home/runner/.m2/repository/net/minidev/json-smart/2.4.7/json-smart-2.4.7.jar:/home/runner/.m2/repository/net/minidev/accessors-smart/2.4.7/accessors-smart-2.4.7.jar:/home/runner/.m2/repository/org/ow2/asm/asm/5.0.4/asm-5.0.4.jar:/home/runner/.m2/repository/org/apache/zookeeper/zookeeper/3.5.6/zookeeper-3.5.6.jar:/home/runner/.m2/repository/org/apache/zookeeper/zookeeper-jute/3.5.6/zookeeper-jute-3.5.6.jar:/home/runner/.m2/repository/org/apache/yetus/audience-annotations/0.5.0/audience-annotations-0.5.0.jar:/home/runner/.m2/repository/org/apache/curator/curator-framework/4.2.0/curator-framework-4.2.0.jar:/home/runner/.m2/repository/org/apache/hadoop/thirdparty/hadoop-shaded-guava/1.1.1/hadoop-shaded-guava-1.1.1.jar:/home/runner/.m2/repository/com/sun/jersey/jersey-core/1.19/jersey-core-1.19.jar:/home/runner/.m2/repository/javax/ws/rs/jsr311-api/1.1.1/jsr311-api-1.1.1.jar:/home/runner/.m2/repository/com/sun/jersey/jersey-server/1.19/jersey-server-1.19.jar:/home/runner/.m2/repository/javax/servlet/javax.servlet-api/3.1.0/javax.servlet-api-3.1.0.jar:/home/runner/.m2/repository/org/eclipse/jetty/jetty-server/9.4.43.v20210629/jetty-server-9.4.43.v20210629.jar:/home/runner/.m2/repository/org/eclipse/jetty/jetty-http/9.4.43.v20210629/jetty-http-9.4.43.v20210629.jar:/home/runner/.m2/repository/org/eclipse/jetty/jetty-io/9.4.43.v20210629/jetty-io-9.4.43.v20210629.jar:/home/runner/.m2/repository/org/eclipse/jetty/jetty-webapp/9.4.43.v20210629/jetty-webapp-9.4.43.v20210629.jar:/home/runner/.m2/repository/org/eclipse/jetty/jetty-xml/9.4.43.v20210629/jetty-xml-9.4.43.v20210629.jar:/home/runner/.m2/repository/org/apache/hadoop/hadoop-common/3.3.1/hadoop-common-3.3.1.jar:/home/runner/.m2/repository/org/apache/commons/commons-math3/3.1.1/commons-math3-3.1.1.jar:/home/runner/.m2/repository/commons-net/commons-net/3.6/commons-net-3.6.jar:/home/runner/.m2/repository/jakarta/activation/jakarta.activation-api/1.2.1/jakarta.activation-api-1.2.1.jar:/home/runner/.m2/repository/com/sun/jersey/jersey-servlet/1.19/jersey-servlet-1.19.jar:/home/runner/.m2/repository/com/sun/jersey/jersey-json/1.19/jersey-json-1.19.jar:/home/runner/.m2/repository/org/codehaus/jettison/jettison/1.1/jettison-1.1.jar:/home/runner/.m2/repository/com/sun/xml/bind/jaxb-impl/2.2.3-1/jaxb-impl-2.2.3-1.jar:/home/runner/.m2/repository/org/codehaus/jackson/jackson-jaxrs/1.9.2/jackson-jaxrs-1.9.2.jar:/home/runner/.m2/repository/org/codehaus/jackson/jackson-xc/1.9.2/jackson-xc-1.9.2.jar:/home/runner/.m2/repository/org/apache/commons/commons-configuration2/2.1.1/commons-configuration2-2.1.1.jar:/home/runner/.m2/repository/org/apache/commons/commons-text/1.4/commons-text-1.4.jar:/home/runner/.m2/repository/com/google/re2j/re2j/1.1/re2j-1.1.jar:/home/runner/.m2/repository/com/jcraft/jsch/0.1.54/jsch-0.1.54.jar:/home/runner/.m2/repository/org/apache/curator/curator-client/4.2.0/curator-client-4.2.0.jar:/home/runner/.m2/repository/org/apache/curator/curator-recipes/4.2.0/curator-recipes-4.2.0.jar:/home/runner/.m2/repository/org/apache/kerby/kerb-core/1.0.1/kerb-core-1.0.1.jar:/home/runner/.m2/repository/org/apache/kerby/kerby-pkix/1.0.1/kerby-pkix-1.0.1.jar:/home/runner/.m2/repository/org/apache/kerby/kerby-asn1/1.0.1/kerby-asn1-1.0.1.jar:/home/runner/.m2/repository/org/apache/kerby/kerby-util/1.0.1/kerby-util-1.0.1.jar:/home/runner/.m2/repository/dnsjava/dnsjava/2.1.7/dnsjava-2.1.7.jar:/home/runner/.m2/repository/org/xerial/snappy/snappy-java/1.1.8.2/snappy-java-1.1.8.2.jar:/home/runner/.m2/repository/org/slf4j/jul-to-slf4j/1.7.30/jul-to-slf4j-1.7.30.jar:/home/runner/.m2/repository/org/eclipse/jetty/jetty-util/9.4.43.v20210629/jetty-util-9.4.43.v20210629.jar:/home/runner/.m2/repository/com/fasterxml/jackson/core/jackson-databind/2.12.1/jackson-databind-2.12.1.jar:/home/runner/.m2/repository/org/apache/hadoop/hadoop-kms/3.3.1/hadoop-kms-3.3.1-tests.jar:/home/runner/.m2/repository/org/apache/ozone/hdds-server-scm/1.3.0-SNAPSHOT/hdds-server-scm-1.3.0-SNAPSHOT-tests.jar:/home/runner/.m2/repository/org/apache/ozone/hdds-container-service/1.3.0-SNAPSHOT/hdds-container-service-1.3.0-SNAPSHOT-tests.jar:/home/runner/.m2/repository/commons-codec/commons-codec/1.11/commons-codec-1.11.jar:/home/runner/.m2/repository/io/netty/netty-transport/4.1.63.Final/netty-transport-4.1.63.Final.jar:/home/runner/.m2/repository/io/netty/netty-resolver/4.1.63.Final/netty-resolver-4.1.63.Final.jar:/home/runner/.m2/repository/io/netty/netty-codec/4.1.63.Final/netty-codec-4.1.63.Final.jar:/home/runner/.m2/repository/io/netty/netty-handler/4.1.63.Final/netty-handler-4.1.63.Final.jar:/home/runner/.m2/repository/org/apache/ozone/hdds-hadoop-dependency-test/1.3.0-SNAPSHOT/hdds-hadoop-dependency-test-1.3.0-SNAPSHOT.jar:/home/runner/.m2/repository/org/apache/hadoop/hadoop-common/3.3.1/hadoop-common-3.3.1-tests.jar:/home/runner/.m2/repository/org/assertj/assertj-core/3.12.2/assertj-core-3.12.2.jar:/home/runner/.m2/repository/org/apache/hadoop/hadoop-hdfs/3.3.1/hadoop-hdfs-3.3.1-tests.jar:/home/runner/.m2/repository/org/eclipse/jetty/jetty-util-ajax/9.4.43.v20210629/jetty-util-ajax-9.4.43.v20210629.jar:/home/runner/.m2/repository/commons-daemon/commons-daemon/1.0.13/commons-daemon-1.0.13.jar:/home/runner/.m2/repository/io/netty/netty/3.10.6.Final/netty-3.10.6.Final.jar:/home/runner/.m2/repository/io/netty/netty-all/4.1.63.Final/netty-all-4.1.63.Final.jar:/home/runner/.m2/repository/org/apache/htrace/htrace-core4/4.1.0-incubating/htrace-core4-4.1.0-incubating.jar:/home/runner/.m2/repository/org/fusesource/leveldbjni/leveldbjni-all/1.8/leveldbjni-all-1.8.jar:/home/runner/.m2/repository/org/apache/hadoop/hadoop-distcp/3.3.1/hadoop-distcp-3.3.1.jar:/home/runner/.m2/repository/org/apache/hadoop/hadoop-mapreduce-client-jobclient/3.3.1/hadoop-mapreduce-client-jobclient-3.3.1.jar:/home/runner/.m2/repository/org/apache/hadoop/hadoop-mapreduce-client-common/3.3.1/hadoop-mapreduce-client-common-3.3.1.jar:/home/runner/.m2/repository/org/apache/hadoop/hadoop-yarn-common/3.3.1/hadoop-yarn-common-3.3.1.jar:/home/runner/.m2/repository/org/apache/hadoop/hadoop-yarn-api/3.3.1/hadoop-yarn-api-3.3.1.jar:/home/runner/.m2/repository/com/sun/jersey/jersey-client/1.19/jersey-client-1.19.jar:/home/runner/.m2/repository/com/sun/jersey/contribs/jersey-guice/1.19/jersey-guice-1.19.jar:/home/runner/.m2/repository/com/fasterxml/jackson/jaxrs/jackson-jaxrs-json-provider/2.12.1/jackson-jaxrs-json-provider-2.12.1.jar:/home/runner/.m2/repository/com/fasterxml/jackson/jaxrs/jackson-jaxrs-base/2.12.1/jackson-jaxrs-base-2.12.1.jar:/home/runner/.m2/repository/org/apache/hadoop/hadoop-yarn-client/3.3.1/hadoop-yarn-client-3.3.1.jar:/home/runner/.m2/repository/org/eclipse/jetty/websocket/websocket-client/9.4.40.v20210413/websocket-client-9.4.40.v20210413.jar:/home/runner/.m2/repository/org/eclipse/jetty/jetty-client/9.4.40.v20210413/jetty-client-9.4.40.v20210413.jar:/home/runner/.m2/repository/org/eclipse/jetty/websocket/websocket-common/9.4.40.v20210413/websocket-common-9.4.40.v20210413.jar:/home/runner/.m2/repository/org/eclipse/jetty/websocket/websocket-api/9.4.40.v20210413/websocket-api-9.4.40.v20210413.jar:/home/runner/.m2/repository/org/jline/jline/3.9.0/jline-3.9.0.jar:/home/runner/.m2/repository/org/apache/hadoop/hadoop-mapreduce-client-core/3.3.1/hadoop-mapreduce-client-core-3.3.1.jar:/home/runner/.m2/repository/org/apache/avro/avro/1.7.7/avro-1.7.7.jar:/home/runner/.m2/repository/org/codehaus/jackson/jackson-core-asl/1.9.13/jackson-core-asl-1.9.13.jar:/home/runner/.m2/repository/org/codehaus/jackson/jackson-mapper-asl/1.9.13/jackson-mapper-asl-1.9.13.jar:/home/runner/.m2/repository/com/thoughtworks/paranamer/paranamer/2.3/paranamer-2.3.jar:/home/runner/.m2/repository/org/apache/hadoop/hadoop-annotations/3.3.1/hadoop-annotations-3.3.1.jar:/usr/lib/jvm/temurin-8-jdk-amd64/jre/../lib/tools.jar:/home/runner/.m2/repository/org/apache/hadoop/hadoop-distcp/3.3.1/hadoop-distcp-3.3.1-tests.jar:/home/runner/.m2/repository/org/apache/ratis/ratis-common/2.2.0/ratis-common-2.2.0.jar:/home/runner/.m2/repository/org/apache/ratis/ratis-thirdparty-misc/0.7.0/ratis-thirdparty-misc-0.7.0.jar:/home/runner/.m2/repository/org/apache/ratis/ratis-proto/2.2.0/ratis-proto-2.2.0.jar:"/>
    <property name="java.vm.vendor" value="Temurin"/>
    <property name="sun.arch.data.model" value="64"/>
    <property name="test.build.dir" value="/home/runner/work/ozone/ozone/hadoop-ozone/integration-test/target/test-dir"/>
    <property name="test.cache.data" value=""/>
    <property name="java.vendor.url" value="https://adoptium.net/"/>
    <property name="user.timezone" value=""/>
    <property name="java.vm.specification.version" value="1.8"/>
    <property name="os.name" value="Linux"/>
    <property name="test.build.data" value="/home/runner/work/ozone/ozone/hadoop-ozone/integration-test/target/test-dir"/>
    <property name="sun.java.launcher" value="SUN_STANDARD"/>
    <property name="sun.boot.library.path" value="/usr/lib/jvm/temurin-8-jdk-amd64/jre/lib/amd64"/>
    <property name="sun.java.command" value="/home/runner/work/ozone/ozone/hadoop-ozone/integration-test/target/surefire/surefirebooter3622597261608221367.jar /home/runner/work/ozone/ozone/hadoop-ozone/integration-test/target/surefire 2022-02-17T07-55-14_541-jvmRun1 surefire5911409926443277900tmp surefire_93242655884331047337tmp"/>
    <property name="surefire.test.class.path" value="/home/runner/work/ozone/ozone/hadoop-ozone/integration-test/target/test-classes:/home/runner/work/ozone/ozone/hadoop-ozone/integration-test/target/classes:/home/runner/.m2/repository/org/apache/ozone/ozone-common/1.3.0-SNAPSHOT/ozone-common-1.3.0-SNAPSHOT.jar:/home/runner/.m2/repository/org/apache/commons/commons-compress/1.21/commons-compress-1.21.jar:/home/runner/.m2/repository/org/apache/ozone/hdds-common/1.3.0-SNAPSHOT/hdds-common-1.3.0-SNAPSHOT.jar:/home/runner/.m2/repository/org/apache/ozone/hdds-client/1.3.0-SNAPSHOT/hdds-client-1.3.0-SNAPSHOT.jar:/home/runner/.m2/repository/org/apache/ozone/ozone-interface-client/1.3.0-SNAPSHOT/ozone-interface-client-1.3.0-SNAPSHOT.jar:/home/runner/.m2/repository/org/apache/ozone/hdds-test-utils/1.3.0-SNAPSHOT/hdds-test-utils-1.3.0-SNAPSHOT.jar:/home/runner/.m2/repository/com/google/guava/guava/30.1.1-jre/guava-30.1.1-jre.jar:/home/runner/.m2/repository/com/google/guava/failureaccess/1.0.1/failureaccess-1.0.1.jar:/home/runner/.m2/repository/com/google/guava/listenablefuture/9999.0-empty-to-avoid-conflict-with-guava/listenablefuture-9999.0-empty-to-avoid-conflict-with-guava.jar:/home/runner/.m2/repository/com/google/code/findbugs/jsr305/3.0.0/jsr305-3.0.0.jar:/home/runner/.m2/repository/org/checkerframework/checker-qual/3.8.0/checker-qual-3.8.0.jar:/home/runner/.m2/repository/com/google/errorprone/error_prone_annotations/2.2.0/error_prone_annotations-2.2.0.jar:/home/runner/.m2/repository/com/google/j2objc/j2objc-annotations/1.3/j2objc-annotations-1.3.jar:/home/runner/.m2/repository/commons-io/commons-io/2.11.0/commons-io-2.11.0.jar:/home/runner/.m2/repository/commons-logging/commons-logging/1.2/commons-logging-1.2.jar:/home/runner/.m2/repository/log4j/log4j/1.2.17/log4j-1.2.17.jar:/home/runner/.m2/repository/org/slf4j/slf4j-api/1.7.30/slf4j-api-1.7.30.jar:/home/runner/.m2/repository/org/apache/ozone/hdds-server-scm/1.3.0-SNAPSHOT/hdds-server-scm-1.3.0-SNAPSHOT.jar:/home/runner/.m2/repository/org/apache/ozone/hdds-container-service/1.3.0-SNAPSHOT/hdds-container-service-1.3.0-SNAPSHOT.jar:/home/runner/.m2/repository/org/apache/ozone/hdds-hadoop-dependency-server/1.3.0-SNAPSHOT/hdds-hadoop-dependency-server-1.3.0-SNAPSHOT.jar:/home/runner/.m2/repository/org/apache/hadoop/hadoop-hdfs/3.3.1/hadoop-hdfs-3.3.1.jar:/home/runner/.m2/repository/org/apache/ozone/hdds-server-framework/1.3.0-SNAPSHOT/hdds-server-framework-1.3.0-SNAPSHOT.jar:/home/runner/.m2/repository/org/apache/ozone/hdds-interface-server/1.3.0-SNAPSHOT/hdds-interface-server-1.3.0-SNAPSHOT.jar:/home/runner/.m2/repository/org/eclipse/jetty/jetty-servlet/9.4.43.v20210629/jetty-servlet-9.4.43.v20210629.jar:/home/runner/.m2/repository/org/eclipse/jetty/jetty-security/9.4.43.v20210629/jetty-security-9.4.43.v20210629.jar:/home/runner/.m2/repository/org/rocksdb/rocksdbjni/6.25.3/rocksdbjni-6.25.3.jar:/home/runner/.m2/repository/io/prometheus/simpleclient_dropwizard/0.7.0/simpleclient_dropwizard-0.7.0.jar:/home/runner/.m2/repository/io/prometheus/simpleclient/0.7.0/simpleclient-0.7.0.jar:/home/runner/.m2/repository/io/prometheus/simpleclient_common/0.7.0/simpleclient_common-0.7.0.jar:/home/runner/.m2/repository/com/fasterxml/jackson/datatype/jackson-datatype-jsr310/2.12.1/jackson-datatype-jsr310-2.12.1.jar:/home/runner/.m2/repository/io/dropwizard/metrics/metrics-core/3.2.4/metrics-core-3.2.4.jar:/home/runner/.m2/repository/org/apache/hadoop/hadoop-hdfs-client/3.3.1/hadoop-hdfs-client-3.3.1.jar:/home/runner/.m2/repository/org/bouncycastle/bcprov-jdk15on/1.67/bcprov-jdk15on-1.67.jar:/home/runner/.m2/repository/com/google/protobuf/protobuf-java/2.5.0/protobuf-java-2.5.0.jar:/home/runner/.m2/repository/org/apache/ozone/ozone-manager/1.3.0-SNAPSHOT/ozone-manager-1.3.0-SNAPSHOT.jar:/home/runner/.m2/repository/org/aspectj/aspectjrt/1.9.7/aspectjrt-1.9.7.jar:/home/runner/.m2/repository/org/aspectj/aspectjweaver/1.9.7/aspectjweaver-1.9.7.jar:/home/runner/.m2/repository/org/apache/ozone/hdds-interface-client/1.3.0-SNAPSHOT/hdds-interface-client-1.3.0-SNAPSHOT.jar:/home/runner/.m2/repository/org/apache/hadoop/thirdparty/hadoop-shaded-protobuf_3_7/1.1.1/hadoop-shaded-protobuf_3_7-1.1.1.jar:/home/runner/.m2/repository/org/apache/ozone/ozone-interface-storage/1.3.0-SNAPSHOT/ozone-interface-storage-1.3.0-SNAPSHOT.jar:/home/runner/.m2/repository/org/reflections/reflections/0.9.11/reflections-0.9.11.jar:/home/runner/.m2/repository/org/apache/hadoop/hadoop-minikdc/3.3.1/hadoop-minikdc-3.3.1.jar:/home/runner/.m2/repository/org/apache/kerby/kerb-simplekdc/1.0.1/kerb-simplekdc-1.0.1.jar:/home/runner/.m2/repository/org/apache/kerby/kerb-client/1.0.1/kerb-client-1.0.1.jar:/home/runner/.m2/repository/org/apache/kerby/kerby-config/1.0.1/kerby-config-1.0.1.jar:/home/runner/.m2/repository/org/apache/kerby/kerb-common/1.0.1/kerb-common-1.0.1.jar:/home/runner/.m2/repository/org/apache/kerby/kerb-crypto/1.0.1/kerb-crypto-1.0.1.jar:/home/runner/.m2/repository/org/apache/kerby/kerb-util/1.0.1/kerb-util-1.0.1.jar:/home/runner/.m2/repository/org/apache/kerby/token-provider/1.0.1/token-provider-1.0.1.jar:/home/runner/.m2/repository/org/apache/kerby/kerb-admin/1.0.1/kerb-admin-1.0.1.jar:/home/runner/.m2/repository/org/apache/kerby/kerb-server/1.0.1/kerb-server-1.0.1.jar:/home/runner/.m2/repository/org/apache/kerby/kerb-identity/1.0.1/kerb-identity-1.0.1.jar:/home/runner/.m2/repository/org/apache/kerby/kerby-xdr/1.0.1/kerby-xdr-1.0.1.jar:/home/runner/.m2/repository/org/slf4j/slf4j-log4j12/1.7.30/slf4j-log4j12-1.7.30.jar:/home/runner/.m2/repository/org/apache/ozone/ozone-s3gateway/1.3.0-SNAPSHOT/ozone-s3gateway-1.3.0-SNAPSHOT.jar:/home/runner/.m2/repository/org/javassist/javassist/3.21.0-GA/javassist-3.21.0-GA.jar:/home/runner/.m2/repository/org/jboss/weld/servlet/weld-servlet/2.4.7.Final/weld-servlet-2.4.7.Final.jar:/home/runner/.m2/repository/org/glassfish/jersey/containers/jersey-container-servlet-core/2.33/jersey-container-servlet-core-2.33.jar:/home/runner/.m2/repository/org/glassfish/hk2/external/jakarta.inject/2.6.1/jakarta.inject-2.6.1.jar:/home/runner/.m2/repository/org/glassfish/jersey/core/jersey-common/2.33/jersey-common-2.33.jar:/home/runner/.m2/repository/jakarta/ws/rs/jakarta.ws.rs-api/2.1.6/jakarta.ws.rs-api-2.1.6.jar:/home/runner/.m2/repository/org/glassfish/jersey/ext/cdi/jersey-cdi1x/2.33/jersey-cdi1x-2.33.jar:/home/runner/.m2/repository/org/glassfish/jersey/inject/jersey-hk2/2.33/jersey-hk2-2.33.jar:/home/runner/.m2/repository/org/glassfish/hk2/hk2-locator/2.6.1/hk2-locator-2.6.1.jar:/home/runner/.m2/repository/org/glassfish/jersey/media/jersey-media-jaxb/2.33/jersey-media-jaxb-2.33.jar:/home/runner/.m2/repository/org/glassfish/hk2/osgi-resource-locator/1.0.3/osgi-resource-locator-1.0.3.jar:/home/runner/.m2/repository/org/glassfish/hk2/hk2-api/2.5.0/hk2-api-2.5.0.jar:/home/runner/.m2/repository/org/glassfish/hk2/hk2-utils/2.5.0/hk2-utils-2.5.0.jar:/home/runner/.m2/repository/org/glassfish/hk2/external/aopalliance-repackaged/2.5.0/aopalliance-repackaged-2.5.0.jar:/home/runner/.m2/repository/com/fasterxml/jackson/dataformat/jackson-dataformat-xml/2.12.1/jackson-dataformat-xml-2.12.1.jar:/home/runner/.m2/repository/com/fasterxml/jackson/core/jackson-core/2.12.1/jackson-core-2.12.1.jar:/home/runner/.m2/repository/com/fasterxml/jackson/module/jackson-module-jaxb-annotations/2.12.1/jackson-module-jaxb-annotations-2.12.1.jar:/home/runner/.m2/repository/jakarta/xml/bind/jakarta.xml.bind-api/2.3.2/jakarta.xml.bind-api-2.3.2.jar:/home/runner/.m2/repository/org/codehaus/woodstox/stax2-api/3.1.4/stax2-api-3.1.4.jar:/home/runner/.m2/repository/com/fasterxml/woodstox/woodstox-core/5.0.3/woodstox-core-5.0.3.jar:/home/runner/.m2/repository/javax/enterprise/cdi-api/1.2/cdi-api-1.2.jar:/home/runner/.m2/repository/javax/el/javax.el-api/3.0.0/javax.el-api-3.0.0.jar:/home/runner/.m2/repository/javax/interceptor/javax.interceptor-api/1.2/javax.interceptor-api-1.2.jar:/home/runner/.m2/repository/javax/inject/javax.inject/1/javax.inject-1.jar:/home/runner/.m2/repository/javax/xml/bind/jaxb-api/2.3.0/jaxb-api-2.3.0.jar:/home/runner/.m2/repository/org/glassfish/jaxb/jaxb-runtime/2.3.0.1/jaxb-runtime-2.3.0.1.jar:/home/runner/.m2/repository/org/glassfish/jaxb/jaxb-core/2.3.0.1/jaxb-core-2.3.0.1.jar:/home/runner/.m2/repository/org/glassfish/jaxb/txw2/2.3.0.1/txw2-2.3.0.1.jar:/home/runner/.m2/repository/com/sun/istack/istack-commons-runtime/3.0.5/istack-commons-runtime-3.0.5.jar:/home/runner/.m2/repository/org/jvnet/staxex/stax-ex/1.7.8/stax-ex-1.7.8.jar:/home/runner/.m2/repository/com/sun/xml/fastinfoset/FastInfoset/1.2.13/FastInfoset-1.2.13.jar:/home/runner/.m2/repository/javax/activation/activation/1.1.1/activation-1.1.1.jar:/home/runner/.m2/repository/org/apache/ozone/ozone-csi/1.3.0-SNAPSHOT/ozone-csi-1.3.0-SNAPSHOT.jar:/home/runner/.m2/repository/com/google/protobuf/protobuf-java-util/3.12.0/protobuf-java-util-3.12.0.jar:/home/runner/.m2/repository/com/google/code/gson/gson/2.2.4/gson-2.2.4.jar:/home/runner/.m2/repository/org/apache/ozone/hdds-config/1.3.0-SNAPSHOT/hdds-config-1.3.0-SNAPSHOT.jar:/home/runner/.m2/repository/io/grpc/grpc-netty/1.33.0/grpc-netty-1.33.0.jar:/home/runner/.m2/repository/io/grpc/grpc-core/1.33.0/grpc-core-1.33.0.jar:/home/runner/.m2/repository/com/google/android/annotations/4.1.1.4/annotations-4.1.1.4.jar:/home/runner/.m2/repository/io/netty/netty-codec-http2/4.1.63.Final/netty-codec-http2-4.1.63.Final.jar:/home/runner/.m2/repository/io/netty/netty-codec-http/4.1.63.Final/netty-codec-http-4.1.63.Final.jar:/home/runner/.m2/repository/io/netty/netty-handler-proxy/4.1.63.Final/netty-handler-proxy-4.1.63.Final.jar:/home/runner/.m2/repository/io/netty/netty-codec-socks/4.1.63.Final/netty-codec-socks-4.1.63.Final.jar:/home/runner/.m2/repository/io/perfmark/perfmark-api/0.19.0/perfmark-api-0.19.0.jar:/home/runner/.m2/repository/org/codehaus/mojo/animal-sniffer-annotations/1.18/animal-sniffer-annotations-1.18.jar:/home/runner/.m2/repository/io/netty/netty-transport-native-epoll/4.1.63.Final/netty-transport-native-epoll-4.1.63.Final.jar:/home/runner/.m2/repository/io/netty/netty-common/4.1.63.Final/netty-common-4.1.63.Final.jar:/home/runner/.m2/repository/io/netty/netty-buffer/4.1.63.Final/netty-buffer-4.1.63.Final.jar:/home/runner/.m2/repository/io/netty/netty-transport-native-unix-common/4.1.63.Final/netty-transport-native-unix-common-4.1.63.Final.jar:/home/runner/.m2/repository/io/grpc/grpc-protobuf/1.33.0/grpc-protobuf-1.33.0.jar:/home/runner/.m2/repository/io/grpc/grpc-api/1.33.0/grpc-api-1.33.0.jar:/home/runner/.m2/repository/io/grpc/grpc-context/1.33.0/grpc-context-1.33.0.jar:/home/runner/.m2/repository/com/google/api/grpc/proto-google-common-protos/1.17.0/proto-google-common-protos-1.17.0.jar:/home/runner/.m2/repository/io/grpc/grpc-protobuf-lite/1.33.0/grpc-protobuf-lite-1.33.0.jar:/home/runner/.m2/repository/io/grpc/grpc-stub/1.33.0/grpc-stub-1.33.0.jar:/home/runner/.m2/repository/org/apache/ozone/ozone-recon/1.3.0-SNAPSHOT/ozone-recon-1.3.0-SNAPSHOT.jar:/home/runner/.m2/repository/org/apache/ozone/ozone-reconcodegen/1.3.0-SNAPSHOT/ozone-reconcodegen-1.3.0-SNAPSHOT.jar:/home/runner/.m2/repository/com/google/inject/extensions/guice-multibindings/4.0/guice-multibindings-4.0.jar:/home/runner/.m2/repository/com/google/inject/guice/4.0/guice-4.0.jar:/home/runner/.m2/repository/aopalliance/aopalliance/1.0/aopalliance-1.0.jar:/home/runner/.m2/repository/com/google/inject/extensions/guice-assistedinject/4.0/guice-assistedinject-4.0.jar:/home/runner/.m2/repository/com/google/inject/extensions/guice-servlet/4.0/guice-servlet-4.0.jar:/home/runner/.m2/repository/org/glassfish/jersey/containers/jersey-container-servlet/2.33/jersey-container-servlet-2.33.jar:/home/runner/.m2/repository/org/glassfish/hk2/guice-bridge/2.5.0/guice-bridge-2.5.0.jar:/home/runner/.m2/repository/org/glassfish/jersey/core/jersey-server/2.33/jersey-server-2.33.jar:/home/runner/.m2/repository/org/glassfish/jersey/core/jersey-client/2.33/jersey-client-2.33.jar:/home/runner/.m2/repository/jakarta/annotation/jakarta.annotation-api/1.3.5/jakarta.annotation-api-1.3.5.jar:/home/runner/.m2/repository/jakarta/validation/jakarta.validation-api/2.0.2/jakarta.validation-api-2.0.2.jar:/home/runner/.m2/repository/org/glassfish/jersey/media/jersey-media-json-jackson/2.33/jersey-media-json-jackson-2.33.jar:/home/runner/.m2/repository/org/glassfish/jersey/ext/jersey-entity-filtering/2.33/jersey-entity-filtering-2.33.jar:/home/runner/.m2/repository/org/jooq/jooq/3.11.10/jooq-3.11.10.jar:/home/runner/.m2/repository/org/jooq/jooq-meta/3.11.10/jooq-meta-3.11.10.jar:/home/runner/.m2/repository/org/jooq/jooq-codegen/3.11.10/jooq-codegen-3.11.10.jar:/home/runner/.m2/repository/com/jolbox/bonecp/0.8.0.RELEASE/bonecp-0.8.0.RELEASE.jar:/home/runner/.m2/repository/org/apache/derby/derby/10.14.2.0/derby-10.14.2.0.jar:/home/runner/.m2/repository/org/xerial/sqlite-jdbc/3.25.2/sqlite-jdbc-3.25.2.jar:/home/runner/.m2/repository/org/springframework/spring-jdbc/5.2.18.RELEASE/spring-jdbc-5.2.18.RELEASE.jar:/home/runner/.m2/repository/org/springframework/spring-beans/5.2.18.RELEASE/spring-beans-5.2.18.RELEASE.jar:/home/runner/.m2/repository/org/springframework/spring-core/5.2.18.RELEASE/spring-core-5.2.18.RELEASE.jar:/home/runner/.m2/repository/org/springframework/spring-jcl/5.2.18.RELEASE/spring-jcl-5.2.18.RELEASE.jar:/home/runner/.m2/repository/org/springframework/spring-tx/5.2.18.RELEASE/spring-tx-5.2.18.RELEASE.jar:/home/runner/.m2/repository/org/apache/ozone/ozone-client/1.3.0-SNAPSHOT/ozone-client-1.3.0-SNAPSHOT.jar:/home/runner/.m2/repository/org/apache/ozone/ozone-filesystem/1.3.0-SNAPSHOT/ozone-filesystem-1.3.0-SNAPSHOT.jar:/home/runner/.m2/repository/org/apache/ozone/ozone-filesystem-common/1.3.0-SNAPSHOT/ozone-filesystem-common-1.3.0-SNAPSHOT.jar:/home/runner/.m2/repository/org/apache/ozone/ozone-tools/1.3.0-SNAPSHOT/ozone-tools-1.3.0-SNAPSHOT.jar:/home/runner/.m2/repository/org/apache/ratis/ratis-tools/2.2.0/ratis-tools-2.2.0.jar:/home/runner/.m2/repository/com/amazonaws/aws-java-sdk-core/1.12.124/aws-java-sdk-core-1.12.124.jar:/home/runner/.m2/repository/org/apache/httpcomponents/httpclient/4.5.13/httpclient-4.5.13.jar:/home/runner/.m2/repository/org/apache/httpcomponents/httpcore/4.4.13/httpcore-4.4.13.jar:/home/runner/.m2/repository/software/amazon/ion/ion-java/1.0.2/ion-java-1.0.2.jar:/home/runner/.m2/repository/com/fasterxml/jackson/dataformat/jackson-dataformat-cbor/2.12.1/jackson-dataformat-cbor-2.12.1.jar:/home/runner/.m2/repository/joda-time/joda-time/2.8.1/joda-time-2.8.1.jar:/home/runner/.m2/repository/com/amazonaws/aws-java-sdk-s3/1.12.124/aws-java-sdk-s3-1.12.124.jar:/home/runner/.m2/repository/com/amazonaws/aws-java-sdk-kms/1.12.124/aws-java-sdk-kms-1.12.124.jar:/home/runner/.m2/repository/com/amazonaws/jmespath-java/1.12.124/jmespath-java-1.12.124.jar:/home/runner/.m2/repository/org/kohsuke/metainf-services/metainf-services/1.8/metainf-services-1.8.jar:/home/runner/.m2/repository/org/apache/ozone/hdds-tools/1.3.0-SNAPSHOT/hdds-tools-1.3.0-SNAPSHOT.jar:/home/runner/.m2/repository/commons-cli/commons-cli/1.2/commons-cli-1.2.jar:/home/runner/.m2/repository/org/apache/commons/commons-lang3/3.7/commons-lang3-3.7.jar:/home/runner/.m2/repository/org/apache/ozone/ozone-manager/1.3.0-SNAPSHOT/ozone-manager-1.3.0-SNAPSHOT-tests.jar:/home/runner/.m2/repository/org/apache/ozone/hdds-common/1.3.0-SNAPSHOT/hdds-common-1.3.0-SNAPSHOT-tests.jar:/home/runner/.m2/repository/org/apache/ozone/hdds-hadoop-dependency-client/1.3.0-SNAPSHOT/hdds-hadoop-dependency-client-1.3.0-SNAPSHOT.jar:/home/runner/.m2/repository/info/picocli/picocli/4.6.1/picocli-4.6.1.jar:/home/runner/.m2/repository/com/fasterxml/jackson/core/jackson-annotations/2.12.1/jackson-annotations-2.12.1.jar:/home/runner/.m2/repository/javax/annotation/javax.annotation-api/1.2/javax.annotation-api-1.2.jar:/home/runner/.m2/repository/org/apache/ratis/ratis-server/2.2.0/ratis-server-2.2.0.jar:/home/runner/.m2/repository/org/apache/ratis/ratis-client/2.2.0/ratis-client-2.2.0.jar:/home/runner/.m2/repository/org/apache/ratis/ratis-server-api/2.2.0/ratis-server-api-2.2.0.jar:/home/runner/.m2/repository/org/apache/ratis/ratis-metrics/2.2.0/ratis-metrics-2.2.0.jar:/home/runner/.m2/repository/org/apache/ratis/ratis-netty/2.2.0/ratis-netty-2.2.0.jar:/home/runner/.m2/repository/org/apache/ratis/ratis-grpc/2.2.0/ratis-grpc-2.2.0.jar:/home/runner/.m2/repository/org/apache/logging/log4j/log4j-api/2.17.1/log4j-api-2.17.1.jar:/home/runner/.m2/repository/org/apache/logging/log4j/log4j-core/2.17.1/log4j-core-2.17.1.jar:/home/runner/.m2/repository/com/lmax/disruptor/3.4.2/disruptor-3.4.2.jar:/home/runner/.m2/repository/org/apache/commons/commons-pool2/2.6.0/commons-pool2-2.6.0.jar:/home/runner/.m2/repository/org/bouncycastle/bcpkix-jdk15on/1.67/bcpkix-jdk15on-1.67.jar:/home/runner/.m2/repository/commons-validator/commons-validator/1.6/commons-validator-1.6.jar:/home/runner/.m2/repository/commons-beanutils/commons-beanutils/1.9.4/commons-beanutils-1.9.4.jar:/home/runner/.m2/repository/commons-digester/commons-digester/1.8.1/commons-digester-1.8.1.jar:/home/runner/.m2/repository/commons-collections/commons-collections/3.2.2/commons-collections-3.2.2.jar:/home/runner/.m2/repository/io/jaegertracing/jaeger-client/1.6.0/jaeger-client-1.6.0.jar:/home/runner/.m2/repository/io/jaegertracing/jaeger-thrift/1.6.0/jaeger-thrift-1.6.0.jar:/home/runner/.m2/repository/org/apache/thrift/libthrift/0.14.1/libthrift-0.14.1.jar:/home/runner/.m2/repository/com/squareup/okhttp3/okhttp/4.9.0/okhttp-4.9.0.jar:/home/runner/.m2/repository/com/squareup/okio/okio/2.8.0/okio-2.8.0.jar:/home/runner/.m2/repository/io/jaegertracing/jaeger-core/1.6.0/jaeger-core-1.6.0.jar:/home/runner/.m2/repository/io/jaegertracing/jaeger-tracerresolver/1.6.0/jaeger-tracerresolver-1.6.0.jar:/home/runner/.m2/repository/io/opentracing/contrib/opentracing-tracerresolver/0.1.8/opentracing-tracerresolver-0.1.8.jar:/home/runner/.m2/repository/org/jetbrains/kotlin/kotlin-stdlib/1.4.31/kotlin-stdlib-1.4.31.jar:/home/runner/.m2/repository/org/jetbrains/kotlin/kotlin-stdlib-common/1.4.31/kotlin-stdlib-common-1.4.31.jar:/home/runner/.m2/repository/org/jetbrains/annotations/13.0/annotations-13.0.jar:/home/runner/.m2/repository/io/opentracing/opentracing-util/0.33.0/opentracing-util-0.33.0.jar:/home/runner/.m2/repository/io/opentracing/opentracing-api/0.33.0/opentracing-api-0.33.0.jar:/home/runner/.m2/repository/io/opentracing/opentracing-noop/0.33.0/opentracing-noop-0.33.0.jar:/home/runner/.m2/repository/org/yaml/snakeyaml/1.26/snakeyaml-1.26.jar:/home/runner/.m2/repository/org/apache/ozone/hdds-interface-admin/1.3.0-SNAPSHOT/hdds-interface-admin-1.3.0-SNAPSHOT.jar:/home/runner/.m2/repository/junit/junit/4.13.1/junit-4.13.1.jar:/home/runner/.m2/repository/org/hamcrest/hamcrest-core/1.3/hamcrest-core-1.3.jar:/home/runner/.m2/repository/org/junit/jupiter/junit-jupiter-api/5.7.0/junit-jupiter-api-5.7.0.jar:/home/runner/.m2/repository/org/apiguardian/apiguardian-api/1.1.0/apiguardian-api-1.1.0.jar:/home/runner/.m2/repository/org/opentest4j/opentest4j/1.2.0/opentest4j-1.2.0.jar:/home/runner/.m2/repository/org/junit/platform/junit-platform-commons/1.7.0/junit-platform-commons-1.7.0.jar:/home/runner/.m2/repository/org/junit/jupiter/junit-jupiter-engine/5.7.0/junit-jupiter-engine-5.7.0.jar:/home/runner/.m2/repository/org/junit/platform/junit-platform-engine/1.7.0/junit-platform-engine-1.7.0.jar:/home/runner/.m2/repository/org/junit/vintage/junit-vintage-engine/5.7.0/junit-vintage-engine-5.7.0.jar:/home/runner/.m2/repository/org/junit/platform/junit-platform-launcher/1.7.0/junit-platform-launcher-1.7.0.jar:/home/runner/.m2/repository/org/mockito/mockito-core/2.28.2/mockito-core-2.28.2.jar:/home/runner/.m2/repository/net/bytebuddy/byte-buddy/1.9.10/byte-buddy-1.9.10.jar:/home/runner/.m2/repository/net/bytebuddy/byte-buddy-agent/1.9.10/byte-buddy-agent-1.9.10.jar:/home/runner/.m2/repository/org/objenesis/objenesis/1.0/objenesis-1.0.jar:/home/runner/.m2/repository/org/apache/hadoop/hadoop-kms/3.3.1/hadoop-kms-3.3.1.jar:/home/runner/.m2/repository/org/apache/hadoop/hadoop-auth/3.3.1/hadoop-auth-3.3.1.jar:/home/runner/.m2/repository/com/nimbusds/nimbus-jose-jwt/7.9/nimbus-jose-jwt-7.9.jar:/home/runner/.m2/repository/com/github/stephenc/jcip/jcip-annotations/1.0-1/jcip-annotations-1.0-1.jar:/home/runner/.m2/repository/net/minidev/json-smart/2.4.7/json-smart-2.4.7.jar:/home/runner/.m2/repository/net/minidev/accessors-smart/2.4.7/accessors-smart-2.4.7.jar:/home/runner/.m2/repository/org/ow2/asm/asm/5.0.4/asm-5.0.4.jar:/home/runner/.m2/repository/org/apache/zookeeper/zookeeper/3.5.6/zookeeper-3.5.6.jar:/home/runner/.m2/repository/org/apache/zookeeper/zookeeper-jute/3.5.6/zookeeper-jute-3.5.6.jar:/home/runner/.m2/repository/org/apache/yetus/audience-annotations/0.5.0/audience-annotations-0.5.0.jar:/home/runner/.m2/repository/org/apache/curator/curator-framework/4.2.0/curator-framework-4.2.0.jar:/home/runner/.m2/repository/org/apache/hadoop/thirdparty/hadoop-shaded-guava/1.1.1/hadoop-shaded-guava-1.1.1.jar:/home/runner/.m2/repository/com/sun/jersey/jersey-core/1.19/jersey-core-1.19.jar:/home/runner/.m2/repository/javax/ws/rs/jsr311-api/1.1.1/jsr311-api-1.1.1.jar:/home/runner/.m2/repository/com/sun/jersey/jersey-server/1.19/jersey-server-1.19.jar:/home/runner/.m2/repository/javax/servlet/javax.servlet-api/3.1.0/javax.servlet-api-3.1.0.jar:/home/runner/.m2/repository/org/eclipse/jetty/jetty-server/9.4.43.v20210629/jetty-server-9.4.43.v20210629.jar:/home/runner/.m2/repository/org/eclipse/jetty/jetty-http/9.4.43.v20210629/jetty-http-9.4.43.v20210629.jar:/home/runner/.m2/repository/org/eclipse/jetty/jetty-io/9.4.43.v20210629/jetty-io-9.4.43.v20210629.jar:/home/runner/.m2/repository/org/eclipse/jetty/jetty-webapp/9.4.43.v20210629/jetty-webapp-9.4.43.v20210629.jar:/home/runner/.m2/repository/org/eclipse/jetty/jetty-xml/9.4.43.v20210629/jetty-xml-9.4.43.v20210629.jar:/home/runner/.m2/repository/org/apache/hadoop/hadoop-common/3.3.1/hadoop-common-3.3.1.jar:/home/runner/.m2/repository/org/apache/commons/commons-math3/3.1.1/commons-math3-3.1.1.jar:/home/runner/.m2/repository/commons-net/commons-net/3.6/commons-net-3.6.jar:/home/runner/.m2/repository/jakarta/activation/jakarta.activation-api/1.2.1/jakarta.activation-api-1.2.1.jar:/home/runner/.m2/repository/com/sun/jersey/jersey-servlet/1.19/jersey-servlet-1.19.jar:/home/runner/.m2/repository/com/sun/jersey/jersey-json/1.19/jersey-json-1.19.jar:/home/runner/.m2/repository/org/codehaus/jettison/jettison/1.1/jettison-1.1.jar:/home/runner/.m2/repository/com/sun/xml/bind/jaxb-impl/2.2.3-1/jaxb-impl-2.2.3-1.jar:/home/runner/.m2/repository/org/codehaus/jackson/jackson-jaxrs/1.9.2/jackson-jaxrs-1.9.2.jar:/home/runner/.m2/repository/org/codehaus/jackson/jackson-xc/1.9.2/jackson-xc-1.9.2.jar:/home/runner/.m2/repository/org/apache/commons/commons-configuration2/2.1.1/commons-configuration2-2.1.1.jar:/home/runner/.m2/repository/org/apache/commons/commons-text/1.4/commons-text-1.4.jar:/home/runner/.m2/repository/com/google/re2j/re2j/1.1/re2j-1.1.jar:/home/runner/.m2/repository/com/jcraft/jsch/0.1.54/jsch-0.1.54.jar:/home/runner/.m2/repository/org/apache/curator/curator-client/4.2.0/curator-client-4.2.0.jar:/home/runner/.m2/repository/org/apache/curator/curator-recipes/4.2.0/curator-recipes-4.2.0.jar:/home/runner/.m2/repository/org/apache/kerby/kerb-core/1.0.1/kerb-core-1.0.1.jar:/home/runner/.m2/repository/org/apache/kerby/kerby-pkix/1.0.1/kerby-pkix-1.0.1.jar:/home/runner/.m2/repository/org/apache/kerby/kerby-asn1/1.0.1/kerby-asn1-1.0.1.jar:/home/runner/.m2/repository/org/apache/kerby/kerby-util/1.0.1/kerby-util-1.0.1.jar:/home/runner/.m2/repository/dnsjava/dnsjava/2.1.7/dnsjava-2.1.7.jar:/home/runner/.m2/repository/org/xerial/snappy/snappy-java/1.1.8.2/snappy-java-1.1.8.2.jar:/home/runner/.m2/repository/org/slf4j/jul-to-slf4j/1.7.30/jul-to-slf4j-1.7.30.jar:/home/runner/.m2/repository/org/eclipse/jetty/jetty-util/9.4.43.v20210629/jetty-util-9.4.43.v20210629.jar:/home/runner/.m2/repository/com/fasterxml/jackson/core/jackson-databind/2.12.1/jackson-databind-2.12.1.jar:/home/runner/.m2/repository/org/apache/hadoop/hadoop-kms/3.3.1/hadoop-kms-3.3.1-tests.jar:/home/runner/.m2/repository/org/apache/ozone/hdds-server-scm/1.3.0-SNAPSHOT/hdds-server-scm-1.3.0-SNAPSHOT-tests.jar:/home/runner/.m2/repository/org/apache/ozone/hdds-container-service/1.3.0-SNAPSHOT/hdds-container-service-1.3.0-SNAPSHOT-tests.jar:/home/runner/.m2/repository/commons-codec/commons-codec/1.11/commons-codec-1.11.jar:/home/runner/.m2/repository/io/netty/netty-transport/4.1.63.Final/netty-transport-4.1.63.Final.jar:/home/runner/.m2/repository/io/netty/netty-resolver/4.1.63.Final/netty-resolver-4.1.63.Final.jar:/home/runner/.m2/repository/io/netty/netty-codec/4.1.63.Final/netty-codec-4.1.63.Final.jar:/home/runner/.m2/repository/io/netty/netty-handler/4.1.63.Final/netty-handler-4.1.63.Final.jar:/home/runner/.m2/repository/org/apache/ozone/hdds-hadoop-dependency-test/1.3.0-SNAPSHOT/hdds-hadoop-dependency-test-1.3.0-SNAPSHOT.jar:/home/runner/.m2/repository/org/apache/hadoop/hadoop-common/3.3.1/hadoop-common-3.3.1-tests.jar:/home/runner/.m2/repository/org/assertj/assertj-core/3.12.2/assertj-core-3.12.2.jar:/home/runner/.m2/repository/org/apache/hadoop/hadoop-hdfs/3.3.1/hadoop-hdfs-3.3.1-tests.jar:/home/runner/.m2/repository/org/eclipse/jetty/jetty-util-ajax/9.4.43.v20210629/jetty-util-ajax-9.4.43.v20210629.jar:/home/runner/.m2/repository/commons-daemon/commons-daemon/1.0.13/commons-daemon-1.0.13.jar:/home/runner/.m2/repository/io/netty/netty/3.10.6.Final/netty-3.10.6.Final.jar:/home/runner/.m2/repository/io/netty/netty-all/4.1.63.Final/netty-all-4.1.63.Final.jar:/home/runner/.m2/repository/org/apache/htrace/htrace-core4/4.1.0-incubating/htrace-core4-4.1.0-incubating.jar:/home/runner/.m2/repository/org/fusesource/leveldbjni/leveldbjni-all/1.8/leveldbjni-all-1.8.jar:/home/runner/.m2/repository/org/apache/hadoop/hadoop-distcp/3.3.1/hadoop-distcp-3.3.1.jar:/home/runner/.m2/repository/org/apache/hadoop/hadoop-mapreduce-client-jobclient/3.3.1/hadoop-mapreduce-client-jobclient-3.3.1.jar:/home/runner/.m2/repository/org/apache/hadoop/hadoop-mapreduce-client-common/3.3.1/hadoop-mapreduce-client-common-3.3.1.jar:/home/runner/.m2/repository/org/apache/hadoop/hadoop-yarn-common/3.3.1/hadoop-yarn-common-3.3.1.jar:/home/runner/.m2/repository/org/apache/hadoop/hadoop-yarn-api/3.3.1/hadoop-yarn-api-3.3.1.jar:/home/runner/.m2/repository/com/sun/jersey/jersey-client/1.19/jersey-client-1.19.jar:/home/runner/.m2/repository/com/sun/jersey/contribs/jersey-guice/1.19/jersey-guice-1.19.jar:/home/runner/.m2/repository/com/fasterxml/jackson/jaxrs/jackson-jaxrs-json-provider/2.12.1/jackson-jaxrs-json-provider-2.12.1.jar:/home/runner/.m2/repository/com/fasterxml/jackson/jaxrs/jackson-jaxrs-base/2.12.1/jackson-jaxrs-base-2.12.1.jar:/home/runner/.m2/repository/org/apache/hadoop/hadoop-yarn-client/3.3.1/hadoop-yarn-client-3.3.1.jar:/home/runner/.m2/repository/org/eclipse/jetty/websocket/websocket-client/9.4.40.v20210413/websocket-client-9.4.40.v20210413.jar:/home/runner/.m2/repository/org/eclipse/jetty/jetty-client/9.4.40.v20210413/jetty-client-9.4.40.v20210413.jar:/home/runner/.m2/repository/org/eclipse/jetty/websocket/websocket-common/9.4.40.v20210413/websocket-common-9.4.40.v20210413.jar:/home/runner/.m2/repository/org/eclipse/jetty/websocket/websocket-api/9.4.40.v20210413/websocket-api-9.4.40.v20210413.jar:/home/runner/.m2/repository/org/jline/jline/3.9.0/jline-3.9.0.jar:/home/runner/.m2/repository/org/apache/hadoop/hadoop-mapreduce-client-core/3.3.1/hadoop-mapreduce-client-core-3.3.1.jar:/home/runner/.m2/repository/org/apache/avro/avro/1.7.7/avro-1.7.7.jar:/home/runner/.m2/repository/org/codehaus/jackson/jackson-core-asl/1.9.13/jackson-core-asl-1.9.13.jar:/home/runner/.m2/repository/org/codehaus/jackson/jackson-mapper-asl/1.9.13/jackson-mapper-asl-1.9.13.jar:/home/runner/.m2/repository/com/thoughtworks/paranamer/paranamer/2.3/paranamer-2.3.jar:/home/runner/.m2/repository/org/apache/hadoop/hadoop-annotations/3.3.1/hadoop-annotations-3.3.1.jar:/usr/lib/jvm/temurin-8-jdk-amd64/jre/../lib/tools.jar:/home/runner/.m2/repository/org/apache/hadoop/hadoop-distcp/3.3.1/hadoop-distcp-3.3.1-tests.jar:/home/runner/.m2/repository/org/apache/ratis/ratis-common/2.2.0/ratis-common-2.2.0.jar:/home/runner/.m2/repository/org/apache/ratis/ratis-thirdparty-misc/0.7.0/ratis-thirdparty-misc-0.7.0.jar:/home/runner/.m2/repository/org/apache/ratis/ratis-proto/2.2.0/ratis-proto-2.2.0.jar:"/>
    <property name="sun.cpu.endian" value="little"/>
    <property name="user.home" value="/home/runner"/>
    <property name="user.language" value="en"/>
    <property name="java.specification.vendor" value="Oracle Corporation"/>
    <property name="java.home" value="/usr/lib/jvm/temurin-8-jdk-amd64/jre"/>
    <property name="java.security.krb5.conf" value="/home/runner/work/ozone/ozone/hadoop-ozone/integration-test/target/test-classes/krb5.conf"/>
    <property name="basedir" value="/home/runner/work/ozone/ozone/hadoop-ozone/integration-test"/>
    <property name="file.separator" value="/"/>
    <property name="line.separator" value="&#10;"/>
    <property name="java.vm.specification.vendor" value="Oracle Corporation"/>
    <property name="java.specification.name" value="Java Platform API Specification"/>
    <property name="java.awt.graphicsenv" value="sun.awt.X11GraphicsEnvironment"/>
    <property name="skip.installnpx" value="true"/>
    <property name="surefire.real.class.path" value="/home/runner/work/ozone/ozone/hadoop-ozone/integration-test/target/surefire/surefirebooter3622597261608221367.jar:/home/runner/.m2/repository/org/jacoco/org.jacoco.agent/0.8.5/org.jacoco.agent-0.8.5-runtime.jar"/>
    <property name="hadoop.log.dir" value="/home/runner/work/ozone/ozone/hadoop-ozone/integration-test/target/log"/>
    <property name="sun.boot.class.path" value="/usr/lib/jvm/temurin-8-jdk-amd64/jre/lib/resources.jar:/usr/lib/jvm/temurin-8-jdk-amd64/jre/lib/rt.jar:/usr/lib/jvm/temurin-8-jdk-amd64/jre/lib/sunrsasign.jar:/usr/lib/jvm/temurin-8-jdk-amd64/jre/lib/jsse.jar:/usr/lib/jvm/temurin-8-jdk-amd64/jre/lib/jce.jar:/usr/lib/jvm/temurin-8-jdk-amd64/jre/lib/charsets.jar:/usr/lib/jvm/temurin-8-jdk-amd64/jre/lib/jfr.jar:/usr/lib/jvm/temurin-8-jdk-amd64/jre/classes"/>
    <property name="sun.management.compiler" value="HotSpot 64-Bit Tiered Compilers"/>
    <property name="skip.npx" value="true"/>
    <property name="java.runtime.version" value="1.8.0_312-b07"/>
    <property name="java.net.preferIPv4Stack" value="true"/>
    <property name="user.name" value="runner"/>
    <property name="path.separator" value=":"/>
    <property name="java.security.egd" value="file:///dev/urandom"/>
    <property name="os.version" value="5.4.0-1068-azure"/>
    <property name="java.endorsed.dirs" value="/usr/lib/jvm/temurin-8-jdk-amd64/jre/lib/endorsed"/>
    <property name="java.runtime.name" value="OpenJDK Runtime Environment"/>
    <property name="file.encoding" value="UTF-8"/>
    <property name="java.vm.name" value="OpenJDK 64-Bit Server VM"/>
    <property name="test.build.webapps" value=""/>
    <property name="localRepository" value="/home/runner/.m2/repository"/>
    <property name="java.vendor.url.bug" value="https://github.com/adoptium/adoptium-support/issues"/>
    <property name="java.io.tmpdir" value="/tmp"/>
    <property name="require.test.libhadoop" value=""/>
    <property name="java.version" value="1.8.0_312"/>
    <property name="user.dir" value="/home/runner/work/ozone/ozone/hadoop-ozone/integration-test"/>
    <property name="os.arch" value="amd64"/>
    <property name="java.vm.specification.name" value="Java Virtual Machine Specification"/>
    <property name="test.build.classes" value="/home/runner/work/ozone/ozone/hadoop-ozone/integration-test/target/test-classes"/>
    <property name="java.awt.printerjob" value="sun.print.PSPrinterJob"/>
    <property name="sun.os.patch.level" value="unknown"/>
    <property name="hadoop.tmp.dir" value="/home/runner/work/ozone/ozone/hadoop-ozone/integration-test/target/tmp"/>
    <property name="java.library.path" value="/usr/java/packages/lib/amd64:/usr/lib64:/lib64:/lib:/usr/lib"/>
    <property name="java.vm.info" value="mixed mode"/>
    <property name="java.vendor" value="Temurin"/>
    <property name="java.vm.version" value="25.312-b07"/>
    <property name="java.ext.dirs" value="/usr/lib/jvm/temurin-8-jdk-amd64/jre/lib/ext:/usr/java/packages/lib/ext"/>
    <property name="sun.io.unicode.encoding" value="UnicodeLittle"/>
    <property name="java.class.version" value="52.0"/>
  </properties>
  <testcase name="testBlockDeleteCommandParallelProcess" classname="org.apache.hadoop.ozone.container.common.statemachine.commandhandler.TestBlockDeletion" time="47.534"/>
  <testcase name="testContainerStatisticsAfterDelete" classname="org.apache.hadoop.ozone.container.common.statemachine.commandhandler.TestBlockDeletion" time="79.995">
    <failure message="expected:&lt;2430715&gt; but was:&lt;0&gt;" type="java.lang.AssertionError"><![CDATA[java.lang.AssertionError: expected:<2430715> but was:<0>
	at org.junit.Assert.fail(Assert.java:89)
	at org.junit.Assert.failNotEquals(Assert.java:835)
	at org.junit.Assert.assertEquals(Assert.java:647)
	at org.junit.Assert.assertEquals(Assert.java:633)
	at org.apache.hadoop.ozone.container.common.statemachine.commandhandler.TestBlockDeletion.lambda$testContainerStatisticsAfterDelete$5(TestBlockDeletion.java:325)
	at java.util.ArrayList$ArrayListSpliterator.forEachRemaining(ArrayList.java:1384)
	at java.util.stream.ReferencePipeline$Head.forEach(ReferencePipeline.java:647)
	at org.apache.hadoop.ozone.container.common.statemachine.commandhandler.TestBlockDeletion.testContainerStatisticsAfterDelete(TestBlockDeletion.java:324)
	at sun.reflect.NativeMethodAccessorImpl.invoke0(Native Method)
	at sun.reflect.NativeMethodAccessorImpl.invoke(NativeMethodAccessorImpl.java:62)
	at sun.reflect.DelegatingMethodAccessorImpl.invoke(DelegatingMethodAccessorImpl.java:43)
	at java.lang.reflect.Method.invoke(Method.java:498)
	at org.junit.runners.model.FrameworkMethod$1.runReflectiveCall(FrameworkMethod.java:59)
	at org.junit.internal.runners.model.ReflectiveCallable.run(ReflectiveCallable.java:12)
	at org.junit.runners.model.FrameworkMethod.invokeExplosively(FrameworkMethod.java:56)
	at org.junit.internal.runners.statements.InvokeMethod.evaluate(InvokeMethod.java:17)
	at org.junit.internal.runners.statements.RunBefores.evaluate(RunBefores.java:26)
	at org.junit.internal.runners.statements.RunAfters.evaluate(RunAfters.java:27)
	at org.junit.runners.ParentRunner$3.evaluate(ParentRunner.java:306)
	at org.junit.runners.BlockJUnit4ClassRunner$1.evaluate(BlockJUnit4ClassRunner.java:100)
	at org.junit.runners.ParentRunner.runLeaf(ParentRunner.java:366)
	at org.junit.runners.BlockJUnit4ClassRunner.runChild(BlockJUnit4ClassRunner.java:103)
	at org.junit.runners.BlockJUnit4ClassRunner.runChild(BlockJUnit4ClassRunner.java:63)
	at org.junit.runners.ParentRunner$4.run(ParentRunner.java:331)
	at org.junit.runners.ParentRunner$1.schedule(ParentRunner.java:79)
	at org.junit.runners.ParentRunner.runChildren(ParentRunner.java:329)
	at org.junit.runners.ParentRunner.access$100(ParentRunner.java:66)
	at org.junit.runners.ParentRunner$2.evaluate(ParentRunner.java:293)
	at org.junit.runners.ParentRunner$3.evaluate(ParentRunner.java:306)
	at org.junit.runners.ParentRunner.run(ParentRunner.java:413)
	at org.junit.runner.JUnitCore.run(JUnitCore.java:137)
	at org.junit.runner.JUnitCore.run(JUnitCore.java:115)
	at org.junit.vintage.engine.execution.RunnerExecutor.execute(RunnerExecutor.java:43)
	at java.util.stream.ForEachOps$ForEachOp$OfRef.accept(ForEachOps.java:183)
	at java.util.stream.ReferencePipeline$3$1.accept(ReferencePipeline.java:193)
	at java.util.Iterator.forEachRemaining(Iterator.java:116)
	at java.util.Spliterators$IteratorSpliterator.forEachRemaining(Spliterators.java:1801)
	at java.util.stream.AbstractPipeline.copyInto(AbstractPipeline.java:482)
	at java.util.stream.AbstractPipeline.wrapAndCopyInto(AbstractPipeline.java:472)
	at java.util.stream.ForEachOps$ForEachOp.evaluateSequential(ForEachOps.java:150)
	at java.util.stream.ForEachOps$ForEachOp$OfRef.evaluateSequential(ForEachOps.java:173)
	at java.util.stream.AbstractPipeline.evaluate(AbstractPipeline.java:234)
	at java.util.stream.ReferencePipeline.forEach(ReferencePipeline.java:485)
	at org.junit.vintage.engine.VintageTestEngine.executeAllChildren(VintageTestEngine.java:82)
	at org.junit.vintage.engine.VintageTestEngine.execute(VintageTestEngine.java:73)
	at org.junit.platform.launcher.core.EngineExecutionOrchestrator.execute(EngineExecutionOrchestrator.java:108)
	at org.junit.platform.launcher.core.EngineExecutionOrchestrator.execute(EngineExecutionOrchestrator.java:88)
	at org.junit.platform.launcher.core.EngineExecutionOrchestrator.lambda$execute$0(EngineExecutionOrchestrator.java:54)
	at org.junit.platform.launcher.core.EngineExecutionOrchestrator.withInterceptedStreams(EngineExecutionOrchestrator.java:67)
	at org.junit.platform.launcher.core.EngineExecutionOrchestrator.execute(EngineExecutionOrchestrator.java:52)
	at org.junit.platform.launcher.core.DefaultLauncher.execute(DefaultLauncher.java:96)
	at org.junit.platform.launcher.core.DefaultLauncher.execute(DefaultLauncher.java:75)
	at org.apache.maven.surefire.junitplatform.JUnitPlatformProvider.invokeAllTests(JUnitPlatformProvider.java:142)
	at org.apache.maven.surefire.junitplatform.JUnitPlatformProvider.invoke(JUnitPlatformProvider.java:113)
	at org.apache.maven.surefire.booter.ForkedBooter.invokeProviderInSameClassLoader(ForkedBooter.java:384)
	at org.apache.maven.surefire.booter.ForkedBooter.runSuitesInProcess(ForkedBooter.java:345)
	at org.apache.maven.surefire.booter.ForkedBooter.execute(ForkedBooter.java:126)
	at org.apache.maven.surefire.booter.ForkedBooter.main(ForkedBooter.java:418)
]]></failure>
    <system-out><![CDATA[2022-02-17 09:51:42,903 [Listener at 127.0.0.1/43793] WARN  server.ServerUtils (ServerUtils.java:getScmDbDir(148)) - ozone.scm.db.dirs is not configured. We recommend adding this setting. Falling back to ozone.metadata.dirs instead.
2022-02-17 09:51:42,917 [Listener at 127.0.0.1/43793] INFO  ha.SCMHANodeDetails (SCMHANodeDetails.java:loadSCMHAConfig(157)) - ServiceID for StorageContainerManager is null
2022-02-17 09:51:42,917 [Listener at 127.0.0.1/43793] INFO  ha.SCMHANodeDetails (SCMHANodeDetails.java:loadSCMHAConfig(162)) - ozone.scm.default.service.id is not defined, falling back to ozone.scm.service.ids to find serviceID for StorageContainerManager if it is HA enabled cluster
2022-02-17 09:51:42,918 [Listener at 127.0.0.1/43793] WARN  server.ServerUtils (ServerUtils.java:getScmDbDir(148)) - ozone.scm.db.dirs is not configured. We recommend adding this setting. Falling back to ozone.metadata.dirs instead.
2022-02-17 09:51:42,918 [Listener at 127.0.0.1/43793] INFO  upgrade.AbstractLayoutVersionManager (AbstractLayoutVersionManager.java:init(79)) - Initializing Layout version manager with metadata layout = SCM_HA (version = 2), software layout = SCM_HA (version = 2)
2022-02-17 09:51:43,018 [Listener at 127.0.0.1/43793] INFO  reflections.Reflections (Reflections.java:scan(232)) - Reflections took 98 ms to scan 7 urls, producing 119 keys and 279 values 
2022-02-17 09:51:43,028 [Listener at 127.0.0.1/43793] WARN  utils.HAUtils (HAUtils.java:getMetaDir(342)) - ozone.scm.db.dirs is not configured. We recommend adding this setting. Falling back to ozone.metadata.dirs instead.
2022-02-17 09:51:43,029 [Listener at 127.0.0.1/43793] WARN  db.DBStoreBuilder (DBStoreBuilder.java:applyDBDefinition(145)) - ozone.scm.db.dirs is not configured. We recommend adding this setting. Falling back to ozone.metadata.dirs instead.
2022-02-17 09:51:43,212 [Listener at 127.0.0.1/43793] INFO  net.NodeSchemaLoader (NodeSchemaLoader.java:loadSchemaFromFile(129)) - Loading schema from [jar:file:/home/runner/.m2/repository/org/apache/ozone/hdds-common/1.3.0-SNAPSHOT/hdds-common-1.3.0-SNAPSHOT.jar!/network-topology-default.xml]
2022-02-17 09:51:43,212 [Listener at 127.0.0.1/43793] INFO  net.NodeSchemaLoader (NodeSchemaLoader.java:loadSchema(176)) - Loading network topology layer schema file
2022-02-17 09:51:43,217 [Listener at 127.0.0.1/43793] WARN  impl.MetricRegistriesImpl (MetricRegistriesImpl.java:addReporterRegistration(111)) - New reporters are added after registries were created. Some metrics will be missing from the reporter. Please add reporter before adding any new registry.
2022-02-17 09:51:43,217 [Listener at 127.0.0.1/43793] WARN  impl.MetricRegistriesImpl (MetricRegistriesImpl.java:addReporterRegistration(111)) - New reporters are added after registries were created. Some metrics will be missing from the reporter. Please add reporter before adding any new registry.
2022-02-17 09:51:43,218 [Listener at 127.0.0.1/43793] INFO  ha.SequenceIdGenerator (SequenceIdGenerator.java:upgradeToSequenceId(347)) - upgrade localId to 109611004723200000
2022-02-17 09:51:43,218 [Listener at 127.0.0.1/43793] INFO  ha.SequenceIdGenerator (SequenceIdGenerator.java:upgradeToSequenceId(357)) - upgrade delTxnId to 0
2022-02-17 09:51:43,222 [Listener at 127.0.0.1/43793] INFO  ha.SequenceIdGenerator (SequenceIdGenerator.java:upgradeToSequenceId(371)) - upgrade containerId to 0
2022-02-17 09:51:43,223 [Listener at 127.0.0.1/43793] INFO  ha.SequenceIdGenerator (SequenceIdGenerator.java:<init>(218)) - Init the HA SequenceIdGenerator.
2022-02-17 09:51:43,241 [Listener at 127.0.0.1/43793] INFO  node.SCMNodeManager (SCMNodeManager.java:<init>(144)) - Entering startup safe mode.
2022-02-17 09:51:43,242 [Listener at 127.0.0.1/43793] INFO  algorithms.ContainerPlacementPolicyFactory (ContainerPlacementPolicyFactory.java:getPolicy(60)) - Create container placement policy of type org.apache.hadoop.hdds.scm.container.placement.algorithms.SCMContainerPlacementRandom
2022-02-17 09:51:43,242 [Listener at 127.0.0.1/43793] INFO  pipeline.PipelineStateManagerImpl (PipelineStateManagerImpl.java:initialize(78)) - No pipeline exists in current db
2022-02-17 09:51:43,242 [Listener at 127.0.0.1/43793] INFO  algorithms.LeaderChoosePolicyFactory (LeaderChoosePolicyFactory.java:getPolicy(57)) - Create leader choose policy of type org.apache.hadoop.hdds.scm.pipeline.leader.choose.algorithms.MinLeaderCountChoosePolicy
2022-02-17 09:51:43,243 [Listener at 127.0.0.1/43793] INFO  ha.SCMServiceManager (SCMServiceManager.java:register(43)) - Registering service BackgroundPipelineCreator.
2022-02-17 09:51:43,243 [Listener at 127.0.0.1/43793] INFO  pipeline.BackgroundPipelineCreator (BackgroundPipelineCreator.java:start(130)) - Starting RatisPipelineUtilsThread.
2022-02-17 09:51:43,244 [Listener at 127.0.0.1/43793] INFO  algorithms.PipelineChoosePolicyFactory (PipelineChoosePolicyFactory.java:createPipelineChoosePolicyFromClass(73)) - Create pipeline choose policy of type org.apache.hadoop.hdds.scm.pipeline.choose.algorithms.RandomPipelineChoosePolicy
2022-02-17 09:51:43,247 [Listener at 127.0.0.1/43793] INFO  ha.SCMServiceManager (SCMServiceManager.java:register(43)) - Registering service SCMBlockDeletingService.
2022-02-17 09:51:43,248 [Listener at 127.0.0.1/43793] INFO  ha.SCMServiceManager (SCMServiceManager.java:register(43)) - Registering service ReplicationManager.
2022-02-17 09:51:43,248 [Listener at 127.0.0.1/43793] INFO  container.ReplicationManager (ReplicationManager.java:start(326)) - Starting Replication Monitor Thread.
2022-02-17 09:51:43,253 [Listener at 127.0.0.1/43793] INFO  safemode.ContainerSafeModeRule (ContainerSafeModeRule.java:<init>(89)) - containers with one replica threshold count 0
2022-02-17 09:51:43,253 [Listener at 127.0.0.1/43793] INFO  safemode.HealthyPipelineSafeModeRule (HealthyPipelineSafeModeRule.java:initializeRule(156)) - Total pipeline count is 0, healthy pipeline threshold count is 1
2022-02-17 09:51:43,253 [Listener at 127.0.0.1/43793] INFO  safemode.OneReplicaPipelineSafeModeRule (OneReplicaPipelineSafeModeRule.java:initializeRule(180)) - Total pipeline count is 0, pipeline's with at least one datanode reported threshold count is 0
2022-02-17 09:51:43,261 [ReplicationMonitor] INFO  container.ReplicationManager (ReplicationManager.java:processAll(374)) - Replication Manager is not ready to run until 3000ms after safemode exit
2022-02-17 09:51:43,261 [Listener at 127.0.0.1/43793] INFO  ipc.CallQueueManager (CallQueueManager.java:<init>(90)) - Using callQueue: class java.util.concurrent.LinkedBlockingQueue, queueCapacity: 2000, scheduler: class org.apache.hadoop.ipc.DefaultRpcScheduler, ipcBackoff: false.
2022-02-17 09:51:43,266 [Socket Reader #1 for port 0] INFO  ipc.Server (Server.java:run(1265)) - Starting Socket Reader #1 for port 0
2022-02-17 09:51:43,274 [Listener at 0.0.0.0/36531] INFO  ipc.CallQueueManager (CallQueueManager.java:<init>(90)) - Using callQueue: class java.util.concurrent.LinkedBlockingQueue, queueCapacity: 2000, scheduler: class org.apache.hadoop.ipc.DefaultRpcScheduler, ipcBackoff: false.
2022-02-17 09:51:43,275 [Socket Reader #1 for port 0] INFO  ipc.Server (Server.java:run(1265)) - Starting Socket Reader #1 for port 0
2022-02-17 09:51:43,275 [Listener at 0.0.0.0/42959] INFO  ipc.CallQueueManager (CallQueueManager.java:<init>(90)) - Using callQueue: class java.util.concurrent.LinkedBlockingQueue, queueCapacity: 2000, scheduler: class org.apache.hadoop.ipc.DefaultRpcScheduler, ipcBackoff: false.
2022-02-17 09:51:43,284 [Socket Reader #1 for port 0] INFO  ipc.Server (Server.java:run(1265)) - Starting Socket Reader #1 for port 0
2022-02-17 09:51:43,334 [Listener at 0.0.0.0/33527] INFO  algorithms.ContainerPlacementPolicyFactory (ContainerPlacementPolicyFactory.java:getPolicy(60)) - Create container placement policy of type org.apache.hadoop.hdds.scm.container.placement.algorithms.SCMContainerPlacementRandom
2022-02-17 09:51:43,335 [Listener at 0.0.0.0/33527] INFO  server.StorageContainerManager (StorageContainerManager.java:<init>(388)) - 
Container Balancer status:
Key                            Value
Running                        false
Container Balancer Configuration values:
Key                                                Value
Threshold                                          10
Max Datanodes to Involve per Iteration(percent)    20
Max Size to Move per Iteration                     500GB
Max Size Entering Target per Iteration             26GB
Max Size Leaving Source per Iteration              26GB

2022-02-17 09:51:43,335 [Listener at 0.0.0.0/33527] WARN  events.EventQueue (EventQueue.java:fireEvent(194)) - No event handler registered for event TypedEvent{payloadType=SafeModeStatus, name='Safe mode status'}
2022-02-17 09:51:43,335 [Listener at 0.0.0.0/33527] INFO  ha.SCMContext (SCMContext.java:updateSafeModeStatus(211)) - Update SafeModeStatus from SafeModeStatus{safeModeStatus=true, preCheckPassed=false} to SafeModeStatus{safeModeStatus=true, preCheckPassed=false}.
2022-02-17 09:51:43,336 [Listener at 0.0.0.0/33527] INFO  server.StorageContainerManager (StorageContainerManager.java:start(1303)) - StorageContainerLocationProtocol RPC server is listening at /0.0.0.0:33527
2022-02-17 09:51:43,338 [Listener at 0.0.0.0/33527] WARN  impl.MetricsConfig (MetricsConfig.java:loadFirst(136)) - Cannot locate configuration: tried hadoop-metrics2-storagecontainermanager.properties,hadoop-metrics2.properties
2022-02-17 09:51:43,340 [Listener at 0.0.0.0/33527] INFO  impl.MetricsSystemImpl (MetricsSystemImpl.java:startTimer(378)) - Scheduled Metric snapshot period at 10 second(s).
2022-02-17 09:51:43,340 [Listener at 0.0.0.0/33527] INFO  impl.MetricsSystemImpl (MetricsSystemImpl.java:start(191)) - StorageContainerManager metrics system started
2022-02-17 09:51:43,346 [Listener at 0.0.0.0/33527] INFO  impl.MetricsSinkAdapter (MetricsSinkAdapter.java:start(204)) - Sink prometheus started
2022-02-17 09:51:43,351 [Listener at 0.0.0.0/33527] INFO  impl.MetricsSystemImpl (MetricsSystemImpl.java:registerSink(305)) - Registered sink prometheus
2022-02-17 09:51:43,374 [Listener at 0.0.0.0/33527] INFO  server.SCMClientProtocolServer (SCMClientProtocolServer.java:start(165)) - RPC server for Client  is listening at /0.0.0.0:33527
2022-02-17 09:51:43,374 [IPC Server Responder] INFO  ipc.Server (Server.java:run(1507)) - IPC Server Responder: starting
2022-02-17 09:51:43,397 [Listener at 0.0.0.0/33527] INFO  server.StorageContainerManager (StorageContainerManager.java:start(1318)) - ScmBlockLocationProtocol RPC server is listening at /0.0.0.0:42959
2022-02-17 09:51:43,399 [Listener at 0.0.0.0/33527] INFO  server.SCMBlockProtocolServer (SCMBlockProtocolServer.java:start(151)) - RPC server for Block Protocol is listening at /0.0.0.0:42959
2022-02-17 09:51:43,375 [IPC Server listener on 0] INFO  ipc.Server (Server.java:run(1344)) - IPC Server listener on 0: starting
2022-02-17 09:51:43,400 [IPC Server Responder] INFO  ipc.Server (Server.java:run(1507)) - IPC Server Responder: starting
2022-02-17 09:51:43,400 [IPC Server listener on 0] INFO  ipc.Server (Server.java:run(1344)) - IPC Server listener on 0: starting
2022-02-17 09:51:43,403 [Listener at 0.0.0.0/33527] INFO  server.SCMDatanodeProtocolServer (SCMDatanodeProtocolServer.java:start(181)) - ScmDatanodeProtocol RPC server for DataNodes is listening at /0.0.0.0:36531
2022-02-17 09:51:43,403 [IPC Server Responder] INFO  ipc.Server (Server.java:run(1507)) - IPC Server Responder: starting
2022-02-17 09:51:43,404 [IPC Server listener on 0] INFO  ipc.Server (Server.java:run(1344)) - IPC Server listener on 0: starting
2022-02-17 09:51:43,467 [Listener at 0.0.0.0/33527] INFO  http.BaseHttpServer (BaseHttpServer.java:newHttpServer2BuilderForOzone(209)) - Starting Web-server for scm at: http://0.0.0.0:0
2022-02-17 09:51:43,467 [Listener at 0.0.0.0/33527] INFO  http.BaseHttpServer (BaseHttpServer.java:<init>(107)) - Hadoop Security Enabled: false Ozone Security Enabled: false Ozone HTTP Security Enabled: false 
2022-02-17 09:51:43,469 [Listener at 0.0.0.0/33527] INFO  server.AuthenticationFilter (AuthenticationFilter.java:constructSecretProvider(240)) - Unable to initialize FileSignerSecretProvider, falling back to use random secrets.
2022-02-17 09:51:43,471 [org.apache.hadoop.util.JvmPauseMonitor$Monitor@62cce6c0] INFO  util.JvmPauseMonitor (JvmPauseMonitor.java:run(188)) - Starting JVM pause monitor
2022-02-17 09:51:43,473 [Listener at 0.0.0.0/33527] WARN  http.HttpRequestLog (HttpRequestLog.java:getRequestLog(103)) - Jetty request log can only be enabled using Log4j
2022-02-17 09:51:43,474 [Listener at 0.0.0.0/33527] INFO  http.HttpServer2 (HttpServer2.java:addGlobalFilter(1030)) - Added global filter 'safety' (class=org.apache.hadoop.hdds.server.http.HttpServer2$QuotingInputFilter)
2022-02-17 09:51:43,475 [Listener at 0.0.0.0/33527] INFO  http.HttpServer2 (HttpServer2.java:addFilter(1006)) - Added filter static_user_filter (class=org.apache.hadoop.http.lib.StaticUserWebFilter$StaticUserFilter) to context scm
2022-02-17 09:51:43,475 [Listener at 0.0.0.0/33527] INFO  http.HttpServer2 (HttpServer2.java:addFilter(1014)) - Added filter static_user_filter (class=org.apache.hadoop.http.lib.StaticUserWebFilter$StaticUserFilter) to context static
2022-02-17 09:51:43,475 [Listener at 0.0.0.0/33527] INFO  http.HttpServer2 (HttpServer2.java:addFilter(1014)) - Added filter static_user_filter (class=org.apache.hadoop.http.lib.StaticUserWebFilter$StaticUserFilter) to context logs
2022-02-17 09:51:43,476 [Listener at 0.0.0.0/33527] INFO  http.HttpServer2 (HttpServer2.java:bindListener(1249)) - Jetty bound to port 36619
2022-02-17 09:51:43,476 [Listener at 0.0.0.0/33527] INFO  server.Server (Server.java:doStart(375)) - jetty-9.4.43.v20210629; built: 2021-06-30T11:07:22.254Z; git: 526006ecfa3af7f1a27ef3a288e2bef7ea9dd7e8; jvm 1.8.0_312-b07
2022-02-17 09:51:43,480 [Listener at 0.0.0.0/33527] INFO  server.session (DefaultSessionIdManager.java:doStart(334)) - DefaultSessionIdManager workerName=node0
2022-02-17 09:51:43,481 [Listener at 0.0.0.0/33527] INFO  server.session (DefaultSessionIdManager.java:doStart(339)) - No SessionScavenger set, using defaults
2022-02-17 09:51:43,481 [Listener at 0.0.0.0/33527] INFO  server.session (HouseKeeper.java:startScavenging(132)) - node0 Scavenging every 600000ms
2022-02-17 09:51:43,482 [Listener at 0.0.0.0/33527] INFO  handler.ContextHandler (ContextHandler.java:doStart(915)) - Started o.e.j.s.ServletContextHandler@46aac69c{logs,/logs,file:///home/runner/work/ozone/ozone/hadoop-ozone/integration-test/target/log,AVAILABLE}
2022-02-17 09:51:43,482 [Listener at 0.0.0.0/33527] INFO  handler.ContextHandler (ContextHandler.java:doStart(915)) - Started o.e.j.s.ServletContextHandler@475193d4{static,/static,file:///home/runner/work/ozone/ozone/hadoop-ozone/integration-test/target/test-classes/webapps/static,AVAILABLE}
2022-02-17 09:51:43,487 [Listener at 0.0.0.0/33527] INFO  handler.ContextHandler (ContextHandler.java:doStart(915)) - Started o.e.j.w.WebAppContext@5c962ec8{scm,/,file:///home/runner/work/ozone/ozone/hadoop-ozone/integration-test/target/test-classes/webapps/scm/,AVAILABLE}{file:/home/runner/work/ozone/ozone/hadoop-ozone/integration-test/target/test-classes/webapps/scm}
2022-02-17 09:51:43,490 [Listener at 0.0.0.0/33527] INFO  server.AbstractConnector (AbstractConnector.java:doStart(331)) - Started ServerConnector@3997a8ca{HTTP/1.1, (http/1.1)}{0.0.0.0:36619}
2022-02-17 09:51:43,490 [Listener at 0.0.0.0/33527] INFO  server.Server (Server.java:doStart(415)) - Started @49488ms
2022-02-17 09:51:43,490 [Listener at 0.0.0.0/33527] WARN  impl.MetricsSystemImpl (MetricsSystemImpl.java:register(279)) - Sink prometheus already exists!
2022-02-17 09:51:43,499 [Listener at 0.0.0.0/33527] INFO  http.BaseHttpServer (BaseHttpServer.java:updateConnectorAddress(329)) - HTTP server of scm listening at http://0.0.0.0:36619
2022-02-17 09:51:43,499 [Listener at 0.0.0.0/33527] WARN  server.ServerUtils (ServerUtils.java:getDBPath(225)) - ozone.om.db.dirs is not configured. We recommend adding this setting. Falling back to ozone.metadata.dirs instead.
2022-02-17 09:51:43,501 [Listener at 0.0.0.0/33527] INFO  ha.OMHANodeDetails (OMHANodeDetails.java:loadOMHAConfig(112)) - ozone.om.internal.service.id is not defined, falling back to ozone.om.service.ids to find serviceID for OzoneManager if it is HA enabled cluster
2022-02-17 09:51:43,501 [Listener at 0.0.0.0/33527] INFO  ha.OMHANodeDetails (OMHANodeDetails.java:loadOMHAConfig(218)) - Configuration does not have ozone.om.address set. Falling back to the default OM address /127.0.0.1:0
2022-02-17 09:51:43,501 [Listener at 0.0.0.0/33527] INFO  ha.OMHANodeDetails (OMHANodeDetails.java:getOMNodeDetailsForNonHA(246)) - OM Service ID is not set. Setting it to the default ID: omServiceIdDefault
2022-02-17 09:51:43,501 [Listener at 0.0.0.0/33527] INFO  ha.OMHANodeDetails (OMHANodeDetails.java:getOMNodeDetailsForNonHA(253)) - OM Node ID is not set. Setting it to the default ID: om1
2022-02-17 09:51:43,502 [Listener at 0.0.0.0/33527] WARN  server.ServerUtils (ServerUtils.java:getDBPath(225)) - ozone.om.db.dirs is not configured. We recommend adding this setting. Falling back to ozone.metadata.dirs instead.
2022-02-17 09:51:43,502 [Listener at 0.0.0.0/33527] INFO  upgrade.AbstractLayoutVersionManager (AbstractLayoutVersionManager.java:init(79)) - Initializing Layout version manager with metadata layout = INITIAL_VERSION (version = 0), software layout = INITIAL_VERSION (version = 0)
2022-02-17 09:51:43,627 [Listener at 0.0.0.0/33527] INFO  reflections.Reflections (Reflections.java:scan(232)) - Reflections took 124 ms to scan 2 urls, producing 133 keys and 348 values [using 2 cores]
2022-02-17 09:51:43,628 [Listener at 0.0.0.0/33527] INFO  upgrade.OMLayoutVersionManager (OMLayoutVersionManager.java:lambda$0(115)) - Skipping Upgrade Action MockOmUpgradeAction since it has been finalized.
2022-02-17 09:51:43,628 [Listener at 0.0.0.0/33527] WARN  server.ServerUtils (ServerUtils.java:getDBPath(225)) - ozone.om.db.dirs is not configured. We recommend adding this setting. Falling back to ozone.metadata.dirs instead.
2022-02-17 09:51:43,661 [Listener at 0.0.0.0/33527] WARN  server.ServerUtils (ServerUtils.java:getDBPath(225)) - ozone.om.db.dirs is not configured. We recommend adding this setting. Falling back to ozone.metadata.dirs instead.
2022-02-17 09:51:43,662 [Listener at 0.0.0.0/33527] INFO  codec.OmKeyInfoCodec (OmKeyInfoCodec.java:<init>(50)) - OmKeyInfoCodec ignorePipeline = true
2022-02-17 09:51:43,662 [Listener at 0.0.0.0/33527] INFO  codec.RepeatedOmKeyInfoCodec (RepeatedOmKeyInfoCodec.java:<init>(42)) - RepeatedOmKeyInfoCodec ignorePipeline = true
2022-02-17 09:51:43,916 [Listener at 0.0.0.0/33527] INFO  om.OzoneManager (OzoneManager.java:addS3GVolumeToDB(3732)) - Created Volume s3v With Owner runner required for S3Gateway operations.
2022-02-17 09:51:43,917 [Listener at 0.0.0.0/33527] WARN  server.ServerUtils (ServerUtils.java:getDefaultRatisDirectory(237)) - Storage directory for Ratis is not configured. It is a good idea to map this to an SSD disk. Falling back to ozone.metadata.dirs
2022-02-17 09:51:43,917 [Listener at 0.0.0.0/33527] WARN  utils.OzoneManagerRatisUtils (OzoneManagerRatisUtils.java:getOMRatisSnapshotDirectory(330)) - ozone.om.ratis.snapshot.dir is not configured. Falling back to ozone.metadata.dirs config
2022-02-17 09:51:43,918 [Listener at 0.0.0.0/33527] WARN  impl.MetricRegistriesImpl (MetricRegistriesImpl.java:addReporterRegistration(111)) - New reporters are added after registries were created. Some metrics will be missing from the reporter. Please add reporter before adding any new registry.
2022-02-17 09:51:43,918 [Listener at 0.0.0.0/33527] WARN  impl.MetricRegistriesImpl (MetricRegistriesImpl.java:addReporterRegistration(111)) - New reporters are added after registries were created. Some metrics will be missing from the reporter. Please add reporter before adding any new registry.
2022-02-17 09:51:43,918 [Listener at 0.0.0.0/33527] WARN  server.ServerUtils (ServerUtils.java:getDefaultRatisDirectory(237)) - Storage directory for Ratis is not configured. It is a good idea to map this to an SSD disk. Falling back to ozone.metadata.dirs
2022-02-17 09:51:43,925 [Listener at 0.0.0.0/33527] INFO  ratis.OzoneManagerRatisServer (OzoneManagerRatisServer.java:<init>(159)) - Instantiating OM Ratis server with groupID: omServiceIdDefault and peers: localhost:9872
2022-02-17 09:51:43,925 [Listener at 0.0.0.0/33527] INFO  ratis.OzoneManagerStateMachine (OzoneManagerStateMachine.java:loadSnapshotInfoFromDB(605)) - LastAppliedIndex is set from TransactionInfo from OM DB as (t:0, i:~)
2022-02-17 09:51:43,925 [Listener at 0.0.0.0/33527] INFO  server.RaftServer (ConfUtils.java:logGet(44)) - raft.rpc.type = GRPC (default)
2022-02-17 09:51:43,926 [Listener at 0.0.0.0/33527] INFO  grpc.GrpcFactory (GrpcFactory.java:checkPooledByteBufAllocatorUseCacheForAllThreads(48)) - PERFORMANCE WARNING: useCacheForAllThreads is true that may cause Netty to create a lot garbage objects and, as a result, trigger GC.
	It is recommended to disable useCacheForAllThreads by setting -Dorg.apache.ratis.thirdparty.io.netty.allocator.useCacheForAllThreads=false in command line.
2022-02-17 09:51:43,926 [Listener at 0.0.0.0/33527] INFO  grpc.GrpcConfigKeys (ConfUtils.java:logGet(44)) - raft.grpc.admin.port = -1 (default)
2022-02-17 09:51:43,930 [Listener at 0.0.0.0/33527] INFO  grpc.GrpcConfigKeys (ConfUtils.java:logGet(44)) - raft.grpc.server.port = 9872 (custom)
2022-02-17 09:51:43,930 [Listener at 0.0.0.0/33527] INFO  grpc.GrpcConfigKeys (ConfUtils.java:logGet(44)) - raft.grpc.client.port = -1 (default)
2022-02-17 09:51:43,945 [Listener at 0.0.0.0/33527] INFO  grpc.GrpcConfigKeys (ConfUtils.java:logGet(44)) - raft.grpc.server.port = 9872 (custom)
2022-02-17 09:51:43,946 [Listener at 0.0.0.0/33527] INFO  grpc.GrpcConfigKeys (ConfUtils.java:logGet(44)) - raft.grpc.server.port = 9872 (custom)
2022-02-17 09:51:43,946 [Listener at 0.0.0.0/33527] INFO  server.GrpcService (ConfUtils.java:logGet(44)) - raft.grpc.message.size.max = 33554432 (custom)
2022-02-17 09:51:43,946 [Listener at 0.0.0.0/33527] INFO  server.RaftServerConfigKeys (ConfUtils.java:logGet(44)) - raft.server.log.appender.buffer.byte-limit = 33554432 (custom)
2022-02-17 09:51:43,946 [Listener at 0.0.0.0/33527] INFO  server.GrpcService (ConfUtils.java:logGet(44)) - raft.grpc.flow.control.window = 1MB (=1048576) (default)
2022-02-17 09:51:43,946 [Listener at 0.0.0.0/33527] INFO  server.RaftServerConfigKeys (ConfUtils.java:logGet(44)) - raft.server.rpc.request.timeout = 3000ms (default)
2022-02-17 09:51:43,948 [Listener at 0.0.0.0/33527] INFO  impl.DataStreamServerImpl (ConfUtils.java:logGet(44)) - raft.datastream.type = DISABLED (default)
2022-02-17 09:51:43,948 [Listener at 0.0.0.0/33527] INFO  server.RaftServerConfigKeys (ConfUtils.java:logGet(44)) - raft.server.rpc.slowness.timeout = 120s (custom)
2022-02-17 09:51:43,948 [Listener at 0.0.0.0/33527] INFO  server.RaftServerConfigKeys (ConfUtils.java:logGet(44)) - raft.server.leaderelection.leader.step-down.wait-time = 10s (default)
2022-02-17 09:51:43,948 [Listener at 0.0.0.0/33527] INFO  server.RaftServerConfigKeys (ConfUtils.java:logGet(44)) - raft.server.storage.dir = [/home/runner/work/ozone/ozone/hadoop-ozone/integration-test/target/test-dir/MiniOzoneClusterImpl-4105d4c2-fd18-4823-a771-66c9e1d1d95d/ozone-meta/ratis] (custom)
2022-02-17 09:51:43,957 [Listener at 0.0.0.0/33527] INFO  server.RaftServer (RaftServerProxy.java:addNew(95)) - om1: addNew group-C5BA1605619E:[om1|rpc:localhost:9872|priority:0] returns group-C5BA1605619E:java.util.concurrent.CompletableFuture@270706e3[Not completed]
2022-02-17 09:51:43,957 [Listener at 0.0.0.0/33527] INFO  om.OzoneManager (OzoneManager.java:initializeRatisServer(1834)) - OzoneManager Ratis server initialized at port 9872
2022-02-17 09:51:43,959 [Listener at 0.0.0.0/33527] INFO  ipc.CallQueueManager (CallQueueManager.java:<init>(90)) - Using callQueue: class java.util.concurrent.LinkedBlockingQueue, queueCapacity: 2000, scheduler: class org.apache.hadoop.ipc.DefaultRpcScheduler, ipcBackoff: false.
2022-02-17 09:51:43,960 [pool-277-thread-1] INFO  server.RaftServer$Division (RaftServerImpl.java:<init>(184)) - om1: new RaftServerImpl for group-C5BA1605619E:[om1|rpc:localhost:9872|priority:0] with OzoneManagerStateMachine:uninitialized
2022-02-17 09:51:43,967 [pool-277-thread-1] INFO  server.RaftServerConfigKeys (ConfUtils.java:logGet(44)) - raft.server.rpc.timeout.min = 1s (custom)
2022-02-17 09:51:43,968 [pool-277-thread-1] INFO  server.RaftServerConfigKeys (ConfUtils.java:logGet(44)) - raft.server.rpc.timeout.max = 1200ms (custom)
2022-02-17 09:51:43,968 [pool-277-thread-1] INFO  server.RaftServerConfigKeys (ConfUtils.java:logGet(44)) - raft.server.rpc.sleep.time = 25ms (default)
2022-02-17 09:51:43,968 [pool-277-thread-1] INFO  server.RaftServerConfigKeys (ConfUtils.java:logGet(44)) - raft.server.rpc.slowness.timeout = 120s (custom)
2022-02-17 09:51:43,968 [pool-277-thread-1] INFO  server.RaftServerConfigKeys (ConfUtils.java:logGet(44)) - raft.server.leaderelection.leader.step-down.wait-time = 10s (default)
2022-02-17 09:51:43,968 [pool-277-thread-1] INFO  server.RaftServerConfigKeys (ConfUtils.java:logGet(44)) - raft.server.sleep.deviation.threshold = 300ms (default)
2022-02-17 09:51:43,968 [pool-277-thread-1] INFO  server.RaftServerConfigKeys (ConfUtils.java:logGet(44)) - raft.server.log.appender.install.snapshot.enabled = false (custom)
2022-02-17 09:51:43,968 [pool-277-thread-1] INFO  server.RaftServer$Division (ServerState.java:<init>(105)) - om1@group-C5BA1605619E: ConfigurationManager, init=-1: [om1|rpc:localhost:9872|priority:0], old=null, confs=<EMPTY_MAP>
2022-02-17 09:51:43,968 [pool-277-thread-1] INFO  server.RaftServerConfigKeys (ConfUtils.java:logGet(44)) - raft.server.storage.dir = [/home/runner/work/ozone/ozone/hadoop-ozone/integration-test/target/test-dir/MiniOzoneClusterImpl-4105d4c2-fd18-4823-a771-66c9e1d1d95d/ozone-meta/ratis] (custom)
2022-02-17 09:51:43,968 [pool-277-thread-1] INFO  server.RaftServerConfigKeys (ConfUtils.java:logGet(44)) - raft.server.log.corruption.policy = EXCEPTION (default)
2022-02-17 09:51:43,968 [pool-277-thread-1] INFO  server.RaftServerConfigKeys (ConfUtils.java:logGet(44)) - raft.server.storage.free-space.min = 0MB (=0) (default)
2022-02-17 09:51:43,968 [pool-277-thread-1] INFO  storage.RaftStorageDirectory (RaftStorageDirectoryImpl.java:analyzeStorage(135)) - The storage directory /home/runner/work/ozone/ozone/hadoop-ozone/integration-test/target/test-dir/MiniOzoneClusterImpl-4105d4c2-fd18-4823-a771-66c9e1d1d95d/ozone-meta/ratis/bf265839-605b-3f16-9796-c5ba1605619e does not exist. Creating ...
2022-02-17 09:51:43,970 [pool-277-thread-1] INFO  storage.RaftStorageDirectory (RaftStorageDirectoryImpl.java:tryLock(230)) - Lock on /home/runner/work/ozone/ozone/hadoop-ozone/integration-test/target/test-dir/MiniOzoneClusterImpl-4105d4c2-fd18-4823-a771-66c9e1d1d95d/ozone-meta/ratis/bf265839-605b-3f16-9796-c5ba1605619e/in_use.lock acquired by nodename 20538@fv-az294-236
2022-02-17 09:51:43,971 [pool-277-thread-1] INFO  storage.RaftStorage (RaftStorageImpl.java:format(89)) - Storage directory /home/runner/work/ozone/ozone/hadoop-ozone/integration-test/target/test-dir/MiniOzoneClusterImpl-4105d4c2-fd18-4823-a771-66c9e1d1d95d/ozone-meta/ratis/bf265839-605b-3f16-9796-c5ba1605619e has been successfully formatted.
2022-02-17 09:51:43,975 [Socket Reader #1 for port 0] INFO  ipc.Server (Server.java:run(1265)) - Starting Socket Reader #1 for port 0
2022-02-17 09:51:43,981 [pool-277-thread-1] INFO  server.RaftServerConfigKeys (ConfUtils.java:logGet(44)) - raft.server.notification.no-leader.timeout = 120s (custom)
2022-02-17 09:51:43,981 [pool-277-thread-1] INFO  server.RaftServerConfigKeys (ConfUtils.java:logGet(44)) - raft.server.log.use.memory = false (default)
2022-02-17 09:51:43,981 [pool-277-thread-1] INFO  server.RaftServerConfigKeys (ConfUtils.java:logGet(44)) - raft.server.log.purge.gap = 1000000 (custom)
2022-02-17 09:51:43,981 [pool-277-thread-1] INFO  server.RaftServerConfigKeys (ConfUtils.java:logGet(44)) - raft.server.log.appender.buffer.byte-limit = 33554432 (custom)
2022-02-17 09:51:43,989 [pool-277-thread-1] INFO  server.RaftServerConfigKeys (ConfUtils.java:logGet(44)) - raft.server.log.segment.size.max = 4194304 (custom)
2022-02-17 09:51:43,989 [pool-277-thread-1] INFO  server.RaftServerConfigKeys (ConfUtils.java:logGet(44)) - raft.server.log.segment.cache.num.max = 2 (custom)
2022-02-17 09:51:43,989 [pool-277-thread-1] INFO  server.RaftServerConfigKeys (ConfUtils.java:logGet(44)) - raft.server.log.segment.cache.size.max = 200MB (=209715200) (default)
2022-02-17 09:51:43,991 [pool-277-thread-1] INFO  segmented.SegmentedRaftLogWorker (SegmentedRaftLogWorker.java:<init>(182)) - new om1@group-C5BA1605619E-SegmentedRaftLogWorker for RaftStorageImpl:Storage Directory /home/runner/work/ozone/ozone/hadoop-ozone/integration-test/target/test-dir/MiniOzoneClusterImpl-4105d4c2-fd18-4823-a771-66c9e1d1d95d/ozone-meta/ratis/bf265839-605b-3f16-9796-c5ba1605619e
2022-02-17 09:51:43,991 [pool-277-thread-1] INFO  server.RaftServerConfigKeys (ConfUtils.java:logGet(44)) - raft.server.log.queue.byte-limit = 64MB (=67108864) (default)
2022-02-17 09:51:43,991 [pool-277-thread-1] INFO  server.RaftServerConfigKeys (ConfUtils.java:logGet(44)) - raft.server.log.queue.element-limit = 4096 (default)
2022-02-17 09:51:43,991 [pool-277-thread-1] INFO  server.RaftServerConfigKeys (ConfUtils.java:logGet(44)) - raft.server.log.segment.size.max = 4194304 (custom)
2022-02-17 09:51:43,991 [pool-277-thread-1] INFO  server.RaftServerConfigKeys (ConfUtils.java:logGet(44)) - raft.server.log.preallocated.size = 4194304 (custom)
2022-02-17 09:51:43,992 [pool-277-thread-1] INFO  server.RaftServerConfigKeys (ConfUtils.java:logGet(44)) - raft.server.log.force.sync.num = 128 (default)
2022-02-17 09:51:43,992 [pool-277-thread-1] INFO  server.RaftServerConfigKeys (ConfUtils.java:logGet(44)) - raft.server.log.statemachine.data.sync = true (default)
2022-02-17 09:51:43,992 [pool-277-thread-1] INFO  server.RaftServerConfigKeys (ConfUtils.java:logGet(44)) - raft.server.log.statemachine.data.sync.timeout = 10s (default)
2022-02-17 09:51:43,992 [pool-277-thread-1] INFO  server.RaftServerConfigKeys (ConfUtils.java:logGet(44)) - raft.server.log.statemachine.data.sync.timeout.retry = -1 (default)
2022-02-17 09:51:43,995 [pool-277-thread-1] INFO  server.RaftServerConfigKeys (ConfUtils.java:logGet(44)) - raft.server.log.write.buffer.size = 64KB (=65536) (default)
2022-02-17 09:51:43,996 [pool-277-thread-1] INFO  server.RaftServerConfigKeys (ConfUtils.java:logGet(44)) - raft.server.log.statemachine.data.caching.enabled = false (default)
2022-02-17 09:51:43,996 [pool-277-thread-1] INFO  segmented.SegmentedRaftLogWorker (SegmentedRaftLogWorker.java:lambda$new$0(133)) - om1@group-C5BA1605619E-SegmentedRaftLogWorker: flushIndex: setUnconditionally 0 -> -1
2022-02-17 09:51:43,999 [pool-277-thread-1] INFO  segmented.SegmentedRaftLogWorker (SegmentedRaftLogWorker.java:lambda$new$0(133)) - om1@group-C5BA1605619E-SegmentedRaftLogWorker: safeCacheEvictIndex: setUnconditionally 0 -> -1
2022-02-17 09:51:44,013 [pool-277-thread-1] INFO  server.RaftServerConfigKeys (ConfUtils.java:logGet(44)) - raft.server.snapshot.auto.trigger.enabled = true (custom)
2022-02-17 09:51:44,013 [pool-277-thread-1] INFO  server.RaftServerConfigKeys (ConfUtils.java:logGet(44)) - raft.server.snapshot.auto.trigger.threshold = 400000 (default)
2022-02-17 09:51:44,013 [pool-277-thread-1] INFO  server.RaftServerConfigKeys (ConfUtils.java:logGet(44)) - raft.server.snapshot.retention.file.num = -1 (default)
2022-02-17 09:51:44,013 [pool-277-thread-1] INFO  server.RaftServerConfigKeys (ConfUtils.java:logGet(44)) - raft.server.log.purge.upto.snapshot.index = true (custom)
2022-02-17 09:51:44,013 [Listener at 127.0.0.1/44505] INFO  impl.MetricsSystemImpl (MetricsSystemImpl.java:init(158)) - OzoneManager metrics system started (again)
2022-02-17 09:51:44,013 [pool-277-thread-1] INFO  server.RaftServerConfigKeys (ConfUtils.java:logGet(44)) - raft.server.retrycache.expirytime = 300s (custom)
2022-02-17 09:51:44,014 [pool-277-thread-1] INFO  server.RaftServerConfigKeys (ConfUtils.java:logGet(44)) - raft.server.retrycache.statistics.expirytime = 100μs (default)
2022-02-17 09:51:44,056 [Listener at 127.0.0.1/44505] INFO  om.OzoneManager (OzoneManager.java:start(1365)) - OzoneManager RPC server is listening at localhost/127.0.0.1:44505
2022-02-17 09:51:44,060 [Listener at 127.0.0.1/44505] INFO  ratis.OzoneManagerRatisServer (OzoneManagerRatisServer.java:start(554)) - Starting OzoneManagerRatisServer om1 at port 9872
2022-02-17 09:51:44,060 [Listener at 127.0.0.1/44505] INFO  server.RaftServer$Division (RaftServerImpl.java:start(301)) - om1@group-C5BA1605619E: start as a follower, conf=-1: [om1|rpc:localhost:9872|priority:0], old=null
2022-02-17 09:51:44,060 [Listener at 127.0.0.1/44505] INFO  server.RaftServer$Division (RaftServerImpl.java:setRole(290)) - om1@group-C5BA1605619E: changes role from      null to FOLLOWER at term 0 for startAsFollower
2022-02-17 09:51:44,060 [Listener at 127.0.0.1/44505] INFO  impl.RoleInfo (RoleInfo.java:updateAndGet(130)) - om1: start om1@group-C5BA1605619E-FollowerState
2022-02-17 09:51:44,065 [Listener at 127.0.0.1/44505] INFO  util.JmxRegister (JmxRegister.java:tryRegister(44)) - Successfully registered JMX Bean with object name Ratis:service=RaftServer,group=group-C5BA1605619E,id=om1
2022-02-17 09:51:44,070 [Listener at 127.0.0.1/44505] INFO  server.RaftServer (RaftServerProxy.java:lambda$start$5(374)) - om1: start RPC server
2022-02-17 09:51:44,081 [Listener at 127.0.0.1/44505] INFO  server.GrpcService (GrpcService.java:startImpl(253)) - om1: GrpcService started, listening on 9872
2022-02-17 09:51:44,089 [Listener at 127.0.0.1/44505] INFO  om.OzoneManager (OzoneManager.java:start(1381)) - Version File has different layout version (0) than OM DB (null). That is expected if this OM has never been finalized to a newer layout version.
2022-02-17 09:51:44,090 [org.apache.ratis.util.JvmPauseMonitor$$Lambda$538/2007207148@4883e2af] INFO  util.JvmPauseMonitor (JvmPauseMonitor.java:run(103)) - JvmPauseMonitor-om1: Started
2022-02-17 09:51:44,101 [Listener at 127.0.0.1/44505] INFO  http.BaseHttpServer (BaseHttpServer.java:newHttpServer2BuilderForOzone(209)) - Starting Web-server for ozoneManager at: http://0.0.0.0:0
2022-02-17 09:51:44,101 [Listener at 127.0.0.1/44505] INFO  http.BaseHttpServer (BaseHttpServer.java:<init>(107)) - Hadoop Security Enabled: false Ozone Security Enabled: false Ozone HTTP Security Enabled: false 
2022-02-17 09:51:44,103 [Listener at 127.0.0.1/44505] INFO  server.AuthenticationFilter (AuthenticationFilter.java:constructSecretProvider(240)) - Unable to initialize FileSignerSecretProvider, falling back to use random secrets.
2022-02-17 09:51:44,103 [Listener at 127.0.0.1/44505] WARN  http.HttpRequestLog (HttpRequestLog.java:getRequestLog(103)) - Jetty request log can only be enabled using Log4j
2022-02-17 09:51:44,105 [Listener at 127.0.0.1/44505] INFO  http.HttpServer2 (HttpServer2.java:addGlobalFilter(1030)) - Added global filter 'safety' (class=org.apache.hadoop.hdds.server.http.HttpServer2$QuotingInputFilter)
2022-02-17 09:51:44,106 [Listener at 127.0.0.1/44505] INFO  http.HttpServer2 (HttpServer2.java:addFilter(1006)) - Added filter static_user_filter (class=org.apache.hadoop.http.lib.StaticUserWebFilter$StaticUserFilter) to context ozoneManager
2022-02-17 09:51:44,108 [Listener at 127.0.0.1/44505] INFO  http.HttpServer2 (HttpServer2.java:addFilter(1014)) - Added filter static_user_filter (class=org.apache.hadoop.http.lib.StaticUserWebFilter$StaticUserFilter) to context static
2022-02-17 09:51:44,108 [Listener at 127.0.0.1/44505] INFO  http.HttpServer2 (HttpServer2.java:addFilter(1014)) - Added filter static_user_filter (class=org.apache.hadoop.http.lib.StaticUserWebFilter$StaticUserFilter) to context logs
2022-02-17 09:51:44,109 [Listener at 127.0.0.1/44505] INFO  http.HttpServer2 (HttpServer2.java:bindListener(1249)) - Jetty bound to port 36943
2022-02-17 09:51:44,111 [Listener at 127.0.0.1/44505] INFO  server.Server (Server.java:doStart(375)) - jetty-9.4.43.v20210629; built: 2021-06-30T11:07:22.254Z; git: 526006ecfa3af7f1a27ef3a288e2bef7ea9dd7e8; jvm 1.8.0_312-b07
2022-02-17 09:51:44,156 [Listener at 127.0.0.1/44505] INFO  server.session (DefaultSessionIdManager.java:doStart(334)) - DefaultSessionIdManager workerName=node0
2022-02-17 09:51:44,156 [Listener at 127.0.0.1/44505] INFO  server.session (DefaultSessionIdManager.java:doStart(339)) - No SessionScavenger set, using defaults
2022-02-17 09:51:44,157 [Listener at 127.0.0.1/44505] INFO  server.session (HouseKeeper.java:startScavenging(132)) - node0 Scavenging every 600000ms
2022-02-17 09:51:44,164 [Listener at 127.0.0.1/44505] INFO  handler.ContextHandler (ContextHandler.java:doStart(915)) - Started o.e.j.s.ServletContextHandler@25fedeb8{logs,/logs,file:///home/runner/work/ozone/ozone/hadoop-ozone/integration-test/target/log,AVAILABLE}
2022-02-17 09:51:44,165 [Listener at 127.0.0.1/44505] INFO  handler.ContextHandler (ContextHandler.java:doStart(915)) - Started o.e.j.s.ServletContextHandler@3064af47{static,/static,file:///home/runner/work/ozone/ozone/hadoop-ozone/integration-test/target/test-classes/webapps/static,AVAILABLE}
2022-02-17 09:51:44,169 [Listener at 127.0.0.1/44505] INFO  handler.ContextHandler (ContextHandler.java:doStart(915)) - Started o.e.j.w.WebAppContext@57eab3f5{ozoneManager,/,file:///home/runner/work/ozone/ozone/hadoop-ozone/integration-test/target/test-classes/webapps/ozoneManager/,AVAILABLE}{file:/home/runner/work/ozone/ozone/hadoop-ozone/integration-test/target/test-classes/webapps/ozoneManager}
2022-02-17 09:51:44,173 [Listener at 127.0.0.1/44505] INFO  server.AbstractConnector (AbstractConnector.java:doStart(331)) - Started ServerConnector@2f6a30d2{HTTP/1.1, (http/1.1)}{0.0.0.0:36943}
2022-02-17 09:51:44,173 [Listener at 127.0.0.1/44505] INFO  server.Server (Server.java:doStart(415)) - Started @50171ms
2022-02-17 09:51:44,174 [Listener at 127.0.0.1/44505] WARN  impl.MetricsSystemImpl (MetricsSystemImpl.java:register(279)) - Sink prometheus already exists!
2022-02-17 09:51:44,174 [Listener at 127.0.0.1/44505] INFO  http.BaseHttpServer (BaseHttpServer.java:updateConnectorAddress(329)) - HTTP server of ozoneManager listening at http://0.0.0.0:36943
2022-02-17 09:51:44,175 [IPC Server Responder] INFO  ipc.Server (Server.java:run(1507)) - IPC Server Responder: starting
2022-02-17 09:51:44,175 [IPC Server listener on 0] INFO  ipc.Server (Server.java:run(1344)) - IPC Server listener on 0: starting
2022-02-17 09:51:44,182 [Listener at 127.0.0.1/44505] INFO  om.OzoneManager (OzoneManager.java:startTrashEmptier(1792)) - Trash Interval set to 0. Files deleted will not move to trash
2022-02-17 09:51:44,217 [org.apache.hadoop.util.JvmPauseMonitor$Monitor@34abbd8d] INFO  util.JvmPauseMonitor (JvmPauseMonitor.java:run(188)) - Starting JVM pause monitor
2022-02-17 09:51:44,218 [Listener at 127.0.0.1/44505] WARN  impl.MetricRegistriesImpl (MetricRegistriesImpl.java:addReporterRegistration(111)) - New reporters are added after registries were created. Some metrics will be missing from the reporter. Please add reporter before adding any new registry.
2022-02-17 09:51:44,218 [Listener at 127.0.0.1/44505] WARN  impl.MetricRegistriesImpl (MetricRegistriesImpl.java:addReporterRegistration(111)) - New reporters are added after registries were created. Some metrics will be missing from the reporter. Please add reporter before adding any new registry.
2022-02-17 09:51:44,218 [Listener at 127.0.0.1/44505] INFO  impl.MetricsSystemImpl (MetricsSystemImpl.java:init(158)) - HddsDatanode metrics system started (again)
2022-02-17 09:51:44,251 [Listener at 127.0.0.1/44505] INFO  ozone.HddsDatanodeService (HddsDatanodeService.java:start(233)) - HddsDatanodeService host:fv-az294-236.eaanfquahm5ulb5tj050gcxych.jx.internal.cloudapp.net ip:10.1.0.34
2022-02-17 09:51:44,278 [Listener at 127.0.0.1/44505] INFO  upgrade.AbstractLayoutVersionManager (AbstractLayoutVersionManager.java:init(79)) - Initializing Layout version manager with metadata layout = SCM_HA (version = 2), software layout = SCM_HA (version = 2)
2022-02-17 09:51:44,357 [Listener at 127.0.0.1/44505] INFO  reflections.Reflections (Reflections.java:scan(232)) - Reflections took 78 ms to scan 7 urls, producing 119 keys and 279 values 
2022-02-17 09:51:44,364 [Listener at 127.0.0.1/44505] INFO  statemachine.DatanodeStateMachine (DatanodeStateMachine.java:getEndPointTaskThreadPoolSize(222)) - Datanode State Machine Task Thread Pool size 2
2022-02-17 09:51:44,372 [Listener at 127.0.0.1/44505] INFO  volume.HddsVolume (HddsVolume.java:<init>(120)) - Creating HddsVolume: /home/runner/work/ozone/ozone/hadoop-ozone/integration-test/target/test-dir/MiniOzoneClusterImpl-4105d4c2-fd18-4823-a771-66c9e1d1d95d/datanode-0/data-0/containers/hdds of storage type : DISK capacity : 9223372036854775807
2022-02-17 09:51:44,373 [Listener at 127.0.0.1/44505] INFO  volume.MutableVolumeSet (MutableVolumeSet.java:initializeVolumeSet(168)) - Added Volume : /home/runner/work/ozone/ozone/hadoop-ozone/integration-test/target/test-dir/MiniOzoneClusterImpl-4105d4c2-fd18-4823-a771-66c9e1d1d95d/datanode-0/data-0/containers/hdds to VolumeSet
2022-02-17 09:51:44,373 [Listener at 127.0.0.1/44505] INFO  volume.ThrottledAsyncChecker (ThrottledAsyncChecker.java:schedule(141)) - Scheduling a check for /home/runner/work/ozone/ozone/hadoop-ozone/integration-test/target/test-dir/MiniOzoneClusterImpl-4105d4c2-fd18-4823-a771-66c9e1d1d95d/datanode-0/data-0/containers/hdds
2022-02-17 09:51:44,381 [Listener at 127.0.0.1/44505] INFO  volume.StorageVolumeChecker (StorageVolumeChecker.java:checkAllVolumes(202)) - Scheduled health check for volume /home/runner/work/ozone/ozone/hadoop-ozone/integration-test/target/test-dir/MiniOzoneClusterImpl-4105d4c2-fd18-4823-a771-66c9e1d1d95d/datanode-0/data-0/containers/hdds
2022-02-17 09:51:44,397 [Listener at 127.0.0.1/44505] INFO  volume.MutableVolumeSet (MutableVolumeSet.java:initializeVolumeSet(168)) - Added Volume : /home/runner/work/ozone/ozone/hadoop-ozone/integration-test/target/test-dir/MiniOzoneClusterImpl-4105d4c2-fd18-4823-a771-66c9e1d1d95d/datanode-0/data/ratis to VolumeSet
2022-02-17 09:51:44,398 [Listener at 127.0.0.1/44505] INFO  volume.ThrottledAsyncChecker (ThrottledAsyncChecker.java:schedule(141)) - Scheduling a check for /home/runner/work/ozone/ozone/hadoop-ozone/integration-test/target/test-dir/MiniOzoneClusterImpl-4105d4c2-fd18-4823-a771-66c9e1d1d95d/datanode-0/data/ratis
2022-02-17 09:51:44,398 [Listener at 127.0.0.1/44505] INFO  volume.StorageVolumeChecker (StorageVolumeChecker.java:checkAllVolumes(202)) - Scheduled health check for volume /home/runner/work/ozone/ozone/hadoop-ozone/integration-test/target/test-dir/MiniOzoneClusterImpl-4105d4c2-fd18-4823-a771-66c9e1d1d95d/datanode-0/data/ratis
2022-02-17 09:51:44,419 [Thread-4571] INFO  ozoneimpl.ContainerReader (ContainerReader.java:readVolume(172)) - Finish verifying containers on volume /home/runner/work/ozone/ozone/hadoop-ozone/integration-test/target/test-dir/MiniOzoneClusterImpl-4105d4c2-fd18-4823-a771-66c9e1d1d95d/datanode-0/data-0/containers/hdds
2022-02-17 09:51:44,419 [Listener at 127.0.0.1/44505] INFO  ozoneimpl.OzoneContainer (OzoneContainer.java:buildContainerSet(237)) - Build ContainerSet costs 0s
2022-02-17 09:51:44,422 [Listener at 127.0.0.1/44505] INFO  server.RaftServer (ConfUtils.java:logGet(44)) - raft.rpc.type = GRPC (default)
2022-02-17 09:51:44,422 [Listener at 127.0.0.1/44505] INFO  grpc.GrpcFactory (GrpcFactory.java:checkPooledByteBufAllocatorUseCacheForAllThreads(48)) - PERFORMANCE WARNING: useCacheForAllThreads is true that may cause Netty to create a lot garbage objects and, as a result, trigger GC.
	It is recommended to disable useCacheForAllThreads by setting -Dorg.apache.ratis.thirdparty.io.netty.allocator.useCacheForAllThreads=false in command line.
2022-02-17 09:51:44,422 [Listener at 127.0.0.1/44505] INFO  grpc.GrpcConfigKeys (ConfUtils.java:logGet(44)) - raft.grpc.admin.port = 0 (custom)
2022-02-17 09:51:44,422 [Listener at 127.0.0.1/44505] INFO  grpc.GrpcConfigKeys (ConfUtils.java:logGet(44)) - raft.grpc.client.port = 0 (custom)
2022-02-17 09:51:44,422 [Listener at 127.0.0.1/44505] INFO  grpc.GrpcConfigKeys (ConfUtils.java:logGet(44)) - raft.grpc.server.port = 0 (default)
2022-02-17 09:51:44,422 [Listener at 127.0.0.1/44505] INFO  server.GrpcService (ConfUtils.java:logGet(44)) - raft.grpc.message.size.max = 32MB (=33554432) (custom)
2022-02-17 09:51:44,423 [Listener at 127.0.0.1/44505] INFO  server.RaftServerConfigKeys (ConfUtils.java:logGet(44)) - raft.server.log.appender.buffer.byte-limit = 33554432 (custom)
2022-02-17 09:51:44,423 [Listener at 127.0.0.1/44505] INFO  server.GrpcService (ConfUtils.java:logGet(44)) - raft.grpc.flow.control.window = 5MB (=5242880) (custom)
2022-02-17 09:51:44,423 [Listener at 127.0.0.1/44505] INFO  server.RaftServerConfigKeys (ConfUtils.java:logGet(44)) - raft.server.rpc.request.timeout = 60s (custom)
2022-02-17 09:51:44,424 [Listener at 127.0.0.1/44505] INFO  impl.DataStreamServerImpl (ConfUtils.java:logGet(44)) - raft.datastream.type = DISABLED (default)
2022-02-17 09:51:44,424 [Listener at 127.0.0.1/44505] INFO  server.RaftServerConfigKeys (ConfUtils.java:logGet(44)) - raft.server.rpc.slowness.timeout = 300s (custom)
2022-02-17 09:51:44,424 [Listener at 127.0.0.1/44505] INFO  server.RaftServerConfigKeys (ConfUtils.java:logGet(44)) - raft.server.leaderelection.leader.step-down.wait-time = 10s (default)
2022-02-17 09:51:44,424 [Listener at 127.0.0.1/44505] INFO  server.RaftServerConfigKeys (ConfUtils.java:logGet(44)) - raft.server.storage.dir = [/home/runner/work/ozone/ozone/hadoop-ozone/integration-test/target/test-dir/MiniOzoneClusterImpl-4105d4c2-fd18-4823-a771-66c9e1d1d95d/datanode-0/data/ratis] (custom)
2022-02-17 09:51:44,426 [Listener at 127.0.0.1/44505] INFO  server.XceiverServerGrpc (XceiverServerGrpc.java:<init>(132)) - GrpcServer channel type EpollServerSocketChannel
2022-02-17 09:51:44,429 [Listener at 127.0.0.1/44505] INFO  http.BaseHttpServer (BaseHttpServer.java:newHttpServer2BuilderForOzone(209)) - Starting Web-server for hddsDatanode at: http://0.0.0.0:0
2022-02-17 09:51:44,429 [Listener at 127.0.0.1/44505] INFO  http.BaseHttpServer (BaseHttpServer.java:<init>(107)) - Hadoop Security Enabled: false Ozone Security Enabled: false Ozone HTTP Security Enabled: false 
2022-02-17 09:51:44,430 [Listener at 127.0.0.1/44505] INFO  server.AuthenticationFilter (AuthenticationFilter.java:constructSecretProvider(240)) - Unable to initialize FileSignerSecretProvider, falling back to use random secrets.
2022-02-17 09:51:44,441 [Listener at 127.0.0.1/44505] WARN  http.HttpRequestLog (HttpRequestLog.java:getRequestLog(103)) - Jetty request log can only be enabled using Log4j
2022-02-17 09:51:44,442 [Listener at 127.0.0.1/44505] INFO  http.HttpServer2 (HttpServer2.java:addGlobalFilter(1030)) - Added global filter 'safety' (class=org.apache.hadoop.hdds.server.http.HttpServer2$QuotingInputFilter)
2022-02-17 09:51:44,443 [Listener at 127.0.0.1/44505] INFO  http.HttpServer2 (HttpServer2.java:addFilter(1006)) - Added filter static_user_filter (class=org.apache.hadoop.http.lib.StaticUserWebFilter$StaticUserFilter) to context hddsDatanode
2022-02-17 09:51:44,443 [Listener at 127.0.0.1/44505] INFO  http.HttpServer2 (HttpServer2.java:addFilter(1014)) - Added filter static_user_filter (class=org.apache.hadoop.http.lib.StaticUserWebFilter$StaticUserFilter) to context static
2022-02-17 09:51:44,443 [Listener at 127.0.0.1/44505] INFO  http.HttpServer2 (HttpServer2.java:addFilter(1014)) - Added filter static_user_filter (class=org.apache.hadoop.http.lib.StaticUserWebFilter$StaticUserFilter) to context logs
2022-02-17 09:51:44,444 [Listener at 127.0.0.1/44505] INFO  http.HttpServer2 (HttpServer2.java:bindListener(1249)) - Jetty bound to port 33435
2022-02-17 09:51:44,444 [Listener at 127.0.0.1/44505] INFO  server.Server (Server.java:doStart(375)) - jetty-9.4.43.v20210629; built: 2021-06-30T11:07:22.254Z; git: 526006ecfa3af7f1a27ef3a288e2bef7ea9dd7e8; jvm 1.8.0_312-b07
2022-02-17 09:51:44,457 [Listener at 127.0.0.1/44505] INFO  server.session (DefaultSessionIdManager.java:doStart(334)) - DefaultSessionIdManager workerName=node0
2022-02-17 09:51:44,459 [Listener at 127.0.0.1/44505] INFO  server.session (DefaultSessionIdManager.java:doStart(339)) - No SessionScavenger set, using defaults
2022-02-17 09:51:44,459 [Listener at 127.0.0.1/44505] INFO  server.session (HouseKeeper.java:startScavenging(132)) - node0 Scavenging every 600000ms
2022-02-17 09:51:44,468 [Listener at 127.0.0.1/44505] INFO  handler.ContextHandler (ContextHandler.java:doStart(915)) - Started o.e.j.s.ServletContextHandler@168dc9c3{logs,/logs,file:///home/runner/work/ozone/ozone/hadoop-ozone/integration-test/target/log,AVAILABLE}
2022-02-17 09:51:44,469 [Listener at 127.0.0.1/44505] INFO  handler.ContextHandler (ContextHandler.java:doStart(915)) - Started o.e.j.s.ServletContextHandler@3f5a4a48{static,/static,jar:file:/home/runner/.m2/repository/org/apache/ozone/hdds-container-service/1.3.0-SNAPSHOT/hdds-container-service-1.3.0-SNAPSHOT.jar!/webapps/static,AVAILABLE}
2022-02-17 09:51:44,546 [Listener at 127.0.0.1/44505] INFO  handler.ContextHandler (ContextHandler.java:doStart(915)) - Started o.e.j.w.WebAppContext@64cb4b1e{hddsDatanode,/,file:///tmp/jetty-0_0_0_0-33435-hdds-container-service-1_3_0-SNAPSHOT_jar-_-any-8349235147997818533/webapp/,AVAILABLE}{jar:file:/home/runner/.m2/repository/org/apache/ozone/hdds-container-service/1.3.0-SNAPSHOT/hdds-container-service-1.3.0-SNAPSHOT.jar!/webapps/hddsDatanode}
2022-02-17 09:51:44,551 [Listener at 127.0.0.1/44505] INFO  server.AbstractConnector (AbstractConnector.java:doStart(331)) - Started ServerConnector@5f089575{HTTP/1.1, (http/1.1)}{0.0.0.0:33435}
2022-02-17 09:51:44,551 [Listener at 127.0.0.1/44505] INFO  server.Server (Server.java:doStart(415)) - Started @50549ms
2022-02-17 09:51:44,551 [Listener at 127.0.0.1/44505] WARN  impl.MetricsSystemImpl (MetricsSystemImpl.java:register(279)) - Sink prometheus already exists!
2022-02-17 09:51:44,557 [Listener at 127.0.0.1/44505] INFO  http.BaseHttpServer (BaseHttpServer.java:updateConnectorAddress(329)) - HTTP server of hddsDatanode listening at http://0.0.0.0:33435
2022-02-17 09:51:44,565 [Listener at 127.0.0.1/44505] WARN  impl.MetricRegistriesImpl (MetricRegistriesImpl.java:addReporterRegistration(111)) - New reporters are added after registries were created. Some metrics will be missing from the reporter. Please add reporter before adding any new registry.
2022-02-17 09:51:44,565 [Listener at 127.0.0.1/44505] WARN  impl.MetricRegistriesImpl (MetricRegistriesImpl.java:addReporterRegistration(111)) - New reporters are added after registries were created. Some metrics will be missing from the reporter. Please add reporter before adding any new registry.
2022-02-17 09:51:44,565 [Listener at 127.0.0.1/44505] INFO  impl.MetricsSystemImpl (MetricsSystemImpl.java:init(158)) - HddsDatanode metrics system started (again)
2022-02-17 09:51:44,569 [Datanode State Machine Daemon Thread] INFO  statemachine.DatanodeStateMachine (DatanodeStateMachine.java:lambda$startDaemon$0(470)) - Ozone container server started.
2022-02-17 09:51:44,583 [org.apache.hadoop.util.JvmPauseMonitor$Monitor@7eecd7d0] INFO  util.JvmPauseMonitor (JvmPauseMonitor.java:run(188)) - Starting JVM pause monitor
2022-02-17 09:51:44,588 [Listener at 127.0.0.1/44505] INFO  ozone.HddsDatanodeService (HddsDatanodeService.java:start(233)) - HddsDatanodeService host:fv-az294-236.eaanfquahm5ulb5tj050gcxych.jx.internal.cloudapp.net ip:10.1.0.34
2022-02-17 09:51:44,604 [Datanode State Machine Task Thread - 0] INFO  datanode.InitDatanodeState (InitDatanodeState.java:persistContainerDatanodeDetails(138)) - DatanodeDetails is persisted to /home/runner/work/ozone/ozone/hadoop-ozone/integration-test/target/test-dir/MiniOzoneClusterImpl-4105d4c2-fd18-4823-a771-66c9e1d1d95d/datanode-0/meta/datanode.id
2022-02-17 09:51:44,622 [Listener at 127.0.0.1/44505] INFO  upgrade.AbstractLayoutVersionManager (AbstractLayoutVersionManager.java:init(79)) - Initializing Layout version manager with metadata layout = SCM_HA (version = 2), software layout = SCM_HA (version = 2)
2022-02-17 09:51:44,715 [Listener at 127.0.0.1/44505] INFO  reflections.Reflections (Reflections.java:scan(232)) - Reflections took 91 ms to scan 7 urls, producing 119 keys and 279 values 
2022-02-17 09:51:44,719 [Listener at 127.0.0.1/44505] INFO  statemachine.DatanodeStateMachine (DatanodeStateMachine.java:getEndPointTaskThreadPoolSize(222)) - Datanode State Machine Task Thread Pool size 2
2022-02-17 09:51:44,730 [Listener at 127.0.0.1/44505] INFO  volume.HddsVolume (HddsVolume.java:<init>(120)) - Creating HddsVolume: /home/runner/work/ozone/ozone/hadoop-ozone/integration-test/target/test-dir/MiniOzoneClusterImpl-4105d4c2-fd18-4823-a771-66c9e1d1d95d/datanode-1/data-0/containers/hdds of storage type : DISK capacity : 9223372036854775807
2022-02-17 09:51:44,730 [Listener at 127.0.0.1/44505] INFO  volume.MutableVolumeSet (MutableVolumeSet.java:initializeVolumeSet(168)) - Added Volume : /home/runner/work/ozone/ozone/hadoop-ozone/integration-test/target/test-dir/MiniOzoneClusterImpl-4105d4c2-fd18-4823-a771-66c9e1d1d95d/datanode-1/data-0/containers/hdds to VolumeSet
2022-02-17 09:51:44,730 [Listener at 127.0.0.1/44505] INFO  volume.ThrottledAsyncChecker (ThrottledAsyncChecker.java:schedule(141)) - Scheduling a check for /home/runner/work/ozone/ozone/hadoop-ozone/integration-test/target/test-dir/MiniOzoneClusterImpl-4105d4c2-fd18-4823-a771-66c9e1d1d95d/datanode-1/data-0/containers/hdds
2022-02-17 09:51:44,737 [Listener at 127.0.0.1/44505] INFO  volume.StorageVolumeChecker (StorageVolumeChecker.java:checkAllVolumes(202)) - Scheduled health check for volume /home/runner/work/ozone/ozone/hadoop-ozone/integration-test/target/test-dir/MiniOzoneClusterImpl-4105d4c2-fd18-4823-a771-66c9e1d1d95d/datanode-1/data-0/containers/hdds
2022-02-17 09:51:44,750 [Listener at 127.0.0.1/44505] INFO  volume.MutableVolumeSet (MutableVolumeSet.java:initializeVolumeSet(168)) - Added Volume : /home/runner/work/ozone/ozone/hadoop-ozone/integration-test/target/test-dir/MiniOzoneClusterImpl-4105d4c2-fd18-4823-a771-66c9e1d1d95d/datanode-1/data/ratis to VolumeSet
2022-02-17 09:51:44,759 [Listener at 127.0.0.1/44505] INFO  volume.ThrottledAsyncChecker (ThrottledAsyncChecker.java:schedule(141)) - Scheduling a check for /home/runner/work/ozone/ozone/hadoop-ozone/integration-test/target/test-dir/MiniOzoneClusterImpl-4105d4c2-fd18-4823-a771-66c9e1d1d95d/datanode-1/data/ratis
2022-02-17 09:51:44,760 [Listener at 127.0.0.1/44505] INFO  volume.StorageVolumeChecker (StorageVolumeChecker.java:checkAllVolumes(202)) - Scheduled health check for volume /home/runner/work/ozone/ozone/hadoop-ozone/integration-test/target/test-dir/MiniOzoneClusterImpl-4105d4c2-fd18-4823-a771-66c9e1d1d95d/datanode-1/data/ratis
2022-02-17 09:51:44,785 [Thread-4583] INFO  ozoneimpl.ContainerReader (ContainerReader.java:readVolume(172)) - Finish verifying containers on volume /home/runner/work/ozone/ozone/hadoop-ozone/integration-test/target/test-dir/MiniOzoneClusterImpl-4105d4c2-fd18-4823-a771-66c9e1d1d95d/datanode-1/data-0/containers/hdds
2022-02-17 09:51:44,789 [Listener at 127.0.0.1/44505] INFO  ozoneimpl.OzoneContainer (OzoneContainer.java:buildContainerSet(237)) - Build ContainerSet costs 0s
2022-02-17 09:51:44,792 [Listener at 127.0.0.1/44505] INFO  server.RaftServer (ConfUtils.java:logGet(44)) - raft.rpc.type = GRPC (default)
2022-02-17 09:51:44,792 [Listener at 127.0.0.1/44505] INFO  grpc.GrpcFactory (GrpcFactory.java:checkPooledByteBufAllocatorUseCacheForAllThreads(48)) - PERFORMANCE WARNING: useCacheForAllThreads is true that may cause Netty to create a lot garbage objects and, as a result, trigger GC.
	It is recommended to disable useCacheForAllThreads by setting -Dorg.apache.ratis.thirdparty.io.netty.allocator.useCacheForAllThreads=false in command line.
2022-02-17 09:51:44,793 [Listener at 127.0.0.1/44505] INFO  grpc.GrpcConfigKeys (ConfUtils.java:logGet(44)) - raft.grpc.admin.port = 0 (custom)
2022-02-17 09:51:44,793 [Listener at 127.0.0.1/44505] INFO  grpc.GrpcConfigKeys (ConfUtils.java:logGet(44)) - raft.grpc.client.port = 0 (custom)
2022-02-17 09:51:44,793 [Listener at 127.0.0.1/44505] INFO  grpc.GrpcConfigKeys (ConfUtils.java:logGet(44)) - raft.grpc.server.port = 0 (default)
2022-02-17 09:51:44,793 [Listener at 127.0.0.1/44505] INFO  server.GrpcService (ConfUtils.java:logGet(44)) - raft.grpc.message.size.max = 32MB (=33554432) (custom)
2022-02-17 09:51:44,793 [Listener at 127.0.0.1/44505] INFO  server.RaftServerConfigKeys (ConfUtils.java:logGet(44)) - raft.server.log.appender.buffer.byte-limit = 33554432 (custom)
2022-02-17 09:51:44,794 [Listener at 127.0.0.1/44505] INFO  server.GrpcService (ConfUtils.java:logGet(44)) - raft.grpc.flow.control.window = 5MB (=5242880) (custom)
2022-02-17 09:51:44,794 [Listener at 127.0.0.1/44505] INFO  server.RaftServerConfigKeys (ConfUtils.java:logGet(44)) - raft.server.rpc.request.timeout = 60s (custom)
2022-02-17 09:51:44,795 [Listener at 127.0.0.1/44505] INFO  impl.DataStreamServerImpl (ConfUtils.java:logGet(44)) - raft.datastream.type = DISABLED (default)
2022-02-17 09:51:44,795 [Listener at 127.0.0.1/44505] INFO  server.RaftServerConfigKeys (ConfUtils.java:logGet(44)) - raft.server.rpc.slowness.timeout = 300s (custom)
2022-02-17 09:51:44,795 [Listener at 127.0.0.1/44505] INFO  server.RaftServerConfigKeys (ConfUtils.java:logGet(44)) - raft.server.leaderelection.leader.step-down.wait-time = 10s (default)
2022-02-17 09:51:44,796 [Listener at 127.0.0.1/44505] INFO  server.RaftServerConfigKeys (ConfUtils.java:logGet(44)) - raft.server.storage.dir = [/home/runner/work/ozone/ozone/hadoop-ozone/integration-test/target/test-dir/MiniOzoneClusterImpl-4105d4c2-fd18-4823-a771-66c9e1d1d95d/datanode-1/data/ratis] (custom)
2022-02-17 09:51:44,797 [Listener at 127.0.0.1/44505] INFO  server.XceiverServerGrpc (XceiverServerGrpc.java:<init>(132)) - GrpcServer channel type EpollServerSocketChannel
2022-02-17 09:51:44,806 [Listener at 127.0.0.1/44505] INFO  http.BaseHttpServer (BaseHttpServer.java:newHttpServer2BuilderForOzone(209)) - Starting Web-server for hddsDatanode at: http://0.0.0.0:0
2022-02-17 09:51:44,806 [Listener at 127.0.0.1/44505] INFO  http.BaseHttpServer (BaseHttpServer.java:<init>(107)) - Hadoop Security Enabled: false Ozone Security Enabled: false Ozone HTTP Security Enabled: false 
2022-02-17 09:51:44,807 [Listener at 127.0.0.1/44505] INFO  server.AuthenticationFilter (AuthenticationFilter.java:constructSecretProvider(240)) - Unable to initialize FileSignerSecretProvider, falling back to use random secrets.
2022-02-17 09:51:44,819 [Listener at 127.0.0.1/44505] WARN  http.HttpRequestLog (HttpRequestLog.java:getRequestLog(103)) - Jetty request log can only be enabled using Log4j
2022-02-17 09:51:44,820 [Listener at 127.0.0.1/44505] INFO  http.HttpServer2 (HttpServer2.java:addGlobalFilter(1030)) - Added global filter 'safety' (class=org.apache.hadoop.hdds.server.http.HttpServer2$QuotingInputFilter)
2022-02-17 09:51:44,820 [Listener at 127.0.0.1/44505] INFO  http.HttpServer2 (HttpServer2.java:addFilter(1006)) - Added filter static_user_filter (class=org.apache.hadoop.http.lib.StaticUserWebFilter$StaticUserFilter) to context hddsDatanode
2022-02-17 09:51:44,821 [Listener at 127.0.0.1/44505] INFO  http.HttpServer2 (HttpServer2.java:addFilter(1014)) - Added filter static_user_filter (class=org.apache.hadoop.http.lib.StaticUserWebFilter$StaticUserFilter) to context static
2022-02-17 09:51:44,821 [Listener at 127.0.0.1/44505] INFO  http.HttpServer2 (HttpServer2.java:addFilter(1014)) - Added filter static_user_filter (class=org.apache.hadoop.http.lib.StaticUserWebFilter$StaticUserFilter) to context logs
2022-02-17 09:51:44,821 [Listener at 127.0.0.1/44505] INFO  http.HttpServer2 (HttpServer2.java:bindListener(1249)) - Jetty bound to port 35481
2022-02-17 09:51:44,821 [Listener at 127.0.0.1/44505] INFO  server.Server (Server.java:doStart(375)) - jetty-9.4.43.v20210629; built: 2021-06-30T11:07:22.254Z; git: 526006ecfa3af7f1a27ef3a288e2bef7ea9dd7e8; jvm 1.8.0_312-b07
2022-02-17 09:51:44,912 [Listener at 127.0.0.1/44505] INFO  server.session (DefaultSessionIdManager.java:doStart(334)) - DefaultSessionIdManager workerName=node0
2022-02-17 09:51:44,912 [Listener at 127.0.0.1/44505] INFO  server.session (DefaultSessionIdManager.java:doStart(339)) - No SessionScavenger set, using defaults
2022-02-17 09:51:44,912 [Listener at 127.0.0.1/44505] INFO  server.session (HouseKeeper.java:startScavenging(132)) - node0 Scavenging every 660000ms
2022-02-17 09:51:44,917 [Listener at 127.0.0.1/44505] INFO  handler.ContextHandler (ContextHandler.java:doStart(915)) - Started o.e.j.s.ServletContextHandler@3d8ead6{logs,/logs,file:///home/runner/work/ozone/ozone/hadoop-ozone/integration-test/target/log,AVAILABLE}
2022-02-17 09:51:44,918 [Listener at 127.0.0.1/44505] INFO  handler.ContextHandler (ContextHandler.java:doStart(915)) - Started o.e.j.s.ServletContextHandler@3e4c4911{static,/static,jar:file:/home/runner/.m2/repository/org/apache/ozone/hdds-container-service/1.3.0-SNAPSHOT/hdds-container-service-1.3.0-SNAPSHOT.jar!/webapps/static,AVAILABLE}
2022-02-17 09:51:45,030 [Listener at 127.0.0.1/44505] INFO  handler.ContextHandler (ContextHandler.java:doStart(915)) - Started o.e.j.w.WebAppContext@12888eb5{hddsDatanode,/,file:///tmp/jetty-0_0_0_0-35481-hdds-container-service-1_3_0-SNAPSHOT_jar-_-any-5235900204445120674/webapp/,AVAILABLE}{jar:file:/home/runner/.m2/repository/org/apache/ozone/hdds-container-service/1.3.0-SNAPSHOT/hdds-container-service-1.3.0-SNAPSHOT.jar!/webapps/hddsDatanode}
2022-02-17 09:51:45,044 [Listener at 127.0.0.1/44505] INFO  server.AbstractConnector (AbstractConnector.java:doStart(331)) - Started ServerConnector@33df44cd{HTTP/1.1, (http/1.1)}{0.0.0.0:35481}
2022-02-17 09:51:45,044 [Listener at 127.0.0.1/44505] INFO  server.Server (Server.java:doStart(415)) - Started @51042ms
2022-02-17 09:51:45,044 [Listener at 127.0.0.1/44505] WARN  impl.MetricsSystemImpl (MetricsSystemImpl.java:register(279)) - Sink prometheus already exists!
2022-02-17 09:51:45,045 [Listener at 127.0.0.1/44505] INFO  http.BaseHttpServer (BaseHttpServer.java:updateConnectorAddress(329)) - HTTP server of hddsDatanode listening at http://0.0.0.0:35481
2022-02-17 09:51:45,060 [Listener at 127.0.0.1/44505] WARN  impl.MetricRegistriesImpl (MetricRegistriesImpl.java:addReporterRegistration(111)) - New reporters are added after registries were created. Some metrics will be missing from the reporter. Please add reporter before adding any new registry.
2022-02-17 09:51:45,060 [Listener at 127.0.0.1/44505] WARN  impl.MetricRegistriesImpl (MetricRegistriesImpl.java:addReporterRegistration(111)) - New reporters are added after registries were created. Some metrics will be missing from the reporter. Please add reporter before adding any new registry.
2022-02-17 09:51:45,060 [Datanode State Machine Daemon Thread] INFO  statemachine.DatanodeStateMachine (DatanodeStateMachine.java:lambda$startDaemon$0(470)) - Ozone container server started.
2022-02-17 09:51:45,061 [Listener at 127.0.0.1/44505] INFO  impl.MetricsSystemImpl (MetricsSystemImpl.java:init(158)) - HddsDatanode metrics system started (again)
2022-02-17 09:51:45,082 [om1@group-C5BA1605619E-FollowerState] INFO  impl.FollowerState (FollowerState.java:run(134)) - om1@group-C5BA1605619E-FollowerState: change to CANDIDATE, lastRpcElapsedTime:1021523707ns, electionTimeout:1001ms
2022-02-17 09:51:45,082 [om1@group-C5BA1605619E-FollowerState] INFO  impl.RoleInfo (RoleInfo.java:shutdownFollowerState(108)) - om1: shutdown om1@group-C5BA1605619E-FollowerState
2022-02-17 09:51:45,082 [om1@group-C5BA1605619E-FollowerState] INFO  server.RaftServer$Division (RaftServerImpl.java:setRole(290)) - om1@group-C5BA1605619E: changes role from  FOLLOWER to CANDIDATE at term 0 for changeToCandidate
2022-02-17 09:51:45,103 [Listener at 127.0.0.1/44505] INFO  ozone.HddsDatanodeService (HddsDatanodeService.java:start(233)) - HddsDatanodeService host:fv-az294-236.eaanfquahm5ulb5tj050gcxych.jx.internal.cloudapp.net ip:10.1.0.34
2022-02-17 09:51:45,105 [org.apache.hadoop.util.JvmPauseMonitor$Monitor@589f46b6] INFO  util.JvmPauseMonitor (JvmPauseMonitor.java:run(188)) - Starting JVM pause monitor
2022-02-17 09:51:45,113 [om1@group-C5BA1605619E-FollowerState] INFO  server.RaftServerConfigKeys (ConfUtils.java:logGet(44)) - raft.server.leaderelection.pre-vote = false (custom)
2022-02-17 09:51:45,113 [om1@group-C5BA1605619E-FollowerState] INFO  impl.RoleInfo (RoleInfo.java:updateAndGet(130)) - om1: start om1@group-C5BA1605619E-LeaderElection4
2022-02-17 09:51:45,143 [Datanode State Machine Task Thread - 0] INFO  datanode.InitDatanodeState (InitDatanodeState.java:persistContainerDatanodeDetails(138)) - DatanodeDetails is persisted to /home/runner/work/ozone/ozone/hadoop-ozone/integration-test/target/test-dir/MiniOzoneClusterImpl-4105d4c2-fd18-4823-a771-66c9e1d1d95d/datanode-1/meta/datanode.id
2022-02-17 09:51:45,151 [om1@group-C5BA1605619E-LeaderElection4] INFO  impl.LeaderElection (LeaderElection.java:askForVotes(306)) - om1@group-C5BA1605619E-LeaderElection4 ELECTION round 0: submit vote requests at term 1 for -1: [om1|rpc:localhost:9872|priority:0], old=null
2022-02-17 09:51:45,151 [om1@group-C5BA1605619E-LeaderElection4] INFO  impl.LeaderElection (LeaderElection.java:askForVotes(308)) - om1@group-C5BA1605619E-LeaderElection4 ELECTION round 0: result PASSED (term=1)
2022-02-17 09:51:45,151 [om1@group-C5BA1605619E-LeaderElection4] INFO  impl.RoleInfo (RoleInfo.java:shutdownLeaderElection(121)) - om1: shutdown om1@group-C5BA1605619E-LeaderElection4
2022-02-17 09:51:45,151 [om1@group-C5BA1605619E-LeaderElection4] INFO  server.RaftServer$Division (RaftServerImpl.java:setRole(290)) - om1@group-C5BA1605619E: changes role from CANDIDATE to LEADER at term 1 for changeToLeader
2022-02-17 09:51:45,151 [om1@group-C5BA1605619E-LeaderElection4] INFO  server.RaftServer$Division (ServerState.java:setLeader(285)) - om1@group-C5BA1605619E: change Leader from null to om1 at term 1 for becomeLeader, leader elected after 1170ms
2022-02-17 09:51:45,151 [om1@group-C5BA1605619E-LeaderElection4] INFO  server.RaftServerConfigKeys (ConfUtils.java:logGet(44)) - raft.server.staging.catchup.gap = 1000 (default)
2022-02-17 09:51:45,152 [om1@group-C5BA1605619E-LeaderElection4] INFO  server.RaftServerConfigKeys (ConfUtils.java:logGet(44)) - raft.server.write.element-limit = 4096 (default)
2022-02-17 09:51:45,152 [om1@group-C5BA1605619E-LeaderElection4] INFO  server.RaftServerConfigKeys (ConfUtils.java:logGet(44)) - raft.server.write.byte-limit = 64MB (=67108864) (default)
2022-02-17 09:51:45,152 [om1@group-C5BA1605619E-LeaderElection4] INFO  server.RaftServerConfigKeys (ConfUtils.java:logGet(44)) - raft.server.watch.timeout = 10s (default)
2022-02-17 09:51:45,152 [om1@group-C5BA1605619E-LeaderElection4] INFO  server.RaftServerConfigKeys (ConfUtils.java:logGet(44)) - raft.server.watch.timeout.denomination = 1s (default)
2022-02-17 09:51:45,152 [om1@group-C5BA1605619E-LeaderElection4] INFO  server.RaftServerConfigKeys (ConfUtils.java:logGet(44)) - raft.server.watch.element-limit = 65536 (default)
2022-02-17 09:51:45,152 [om1@group-C5BA1605619E-LeaderElection4] INFO  server.RaftServerConfigKeys (ConfUtils.java:logGet(44)) - raft.server.write.element-limit = 4096 (default)
2022-02-17 09:51:45,152 [om1@group-C5BA1605619E-LeaderElection4] INFO  server.RaftServerConfigKeys (ConfUtils.java:logGet(44)) - raft.server.write.follower.gap.ratio.max = -1.0 (default)
2022-02-17 09:51:45,153 [om1@group-C5BA1605619E-LeaderElection4] INFO  impl.RoleInfo (RoleInfo.java:updateAndGet(130)) - om1: start om1@group-C5BA1605619E-LeaderStateImpl
2022-02-17 09:51:45,153 [om1@group-C5BA1605619E-LeaderElection4] INFO  segmented.SegmentedRaftLogWorker (SegmentedRaftLogWorker.java:startLogSegment(394)) - om1@group-C5BA1605619E-SegmentedRaftLogWorker: Starting segment from index:0
2022-02-17 09:51:45,164 [om1@group-C5BA1605619E-SegmentedRaftLogWorker] INFO  segmented.SegmentedRaftLogWorker (SegmentedRaftLogWorker.java:execute(601)) - om1@group-C5BA1605619E-SegmentedRaftLogWorker: created new log segment /home/runner/work/ozone/ozone/hadoop-ozone/integration-test/target/test-dir/MiniOzoneClusterImpl-4105d4c2-fd18-4823-a771-66c9e1d1d95d/ozone-meta/ratis/bf265839-605b-3f16-9796-c5ba1605619e/current/log_inprogress_0
2022-02-17 09:51:45,170 [Listener at 127.0.0.1/44505] INFO  upgrade.AbstractLayoutVersionManager (AbstractLayoutVersionManager.java:init(79)) - Initializing Layout version manager with metadata layout = SCM_HA (version = 2), software layout = SCM_HA (version = 2)
2022-02-17 09:51:45,176 [om1@group-C5BA1605619E-LeaderElection4] INFO  server.RaftServer$Division (ServerState.java:setRaftConf(387)) - om1@group-C5BA1605619E: set configuration 0: [om1|rpc:localhost:9872|admin:|client:|dataStream:|priority:0], old=null
2022-02-17 09:51:45,177 [om1@group-C5BA1605619E-StateMachineUpdater] INFO  ratis.OzoneManagerStateMachine (OzoneManagerStateMachine.java:notifyConfigurationChanged(188)) - Received Configuration change notification from Ratis. New Peer list:
[id: "om1"
address: "localhost:9872"
]
2022-02-17 09:51:45,318 [Listener at 127.0.0.1/44505] INFO  reflections.Reflections (Reflections.java:scan(232)) - Reflections took 147 ms to scan 7 urls, producing 119 keys and 279 values 
2022-02-17 09:51:45,325 [Listener at 127.0.0.1/44505] INFO  statemachine.DatanodeStateMachine (DatanodeStateMachine.java:getEndPointTaskThreadPoolSize(222)) - Datanode State Machine Task Thread Pool size 2
2022-02-17 09:51:45,338 [Listener at 127.0.0.1/44505] INFO  volume.HddsVolume (HddsVolume.java:<init>(120)) - Creating HddsVolume: /home/runner/work/ozone/ozone/hadoop-ozone/integration-test/target/test-dir/MiniOzoneClusterImpl-4105d4c2-fd18-4823-a771-66c9e1d1d95d/datanode-2/data-0/containers/hdds of storage type : DISK capacity : 9223372036854775807
2022-02-17 09:51:45,339 [Listener at 127.0.0.1/44505] INFO  volume.MutableVolumeSet (MutableVolumeSet.java:initializeVolumeSet(168)) - Added Volume : /home/runner/work/ozone/ozone/hadoop-ozone/integration-test/target/test-dir/MiniOzoneClusterImpl-4105d4c2-fd18-4823-a771-66c9e1d1d95d/datanode-2/data-0/containers/hdds to VolumeSet
2022-02-17 09:51:45,339 [Listener at 127.0.0.1/44505] INFO  volume.ThrottledAsyncChecker (ThrottledAsyncChecker.java:schedule(141)) - Scheduling a check for /home/runner/work/ozone/ozone/hadoop-ozone/integration-test/target/test-dir/MiniOzoneClusterImpl-4105d4c2-fd18-4823-a771-66c9e1d1d95d/datanode-2/data-0/containers/hdds
2022-02-17 09:51:45,360 [Listener at 127.0.0.1/44505] INFO  volume.StorageVolumeChecker (StorageVolumeChecker.java:checkAllVolumes(202)) - Scheduled health check for volume /home/runner/work/ozone/ozone/hadoop-ozone/integration-test/target/test-dir/MiniOzoneClusterImpl-4105d4c2-fd18-4823-a771-66c9e1d1d95d/datanode-2/data-0/containers/hdds
2022-02-17 09:51:45,374 [Listener at 127.0.0.1/44505] INFO  volume.MutableVolumeSet (MutableVolumeSet.java:initializeVolumeSet(168)) - Added Volume : /home/runner/work/ozone/ozone/hadoop-ozone/integration-test/target/test-dir/MiniOzoneClusterImpl-4105d4c2-fd18-4823-a771-66c9e1d1d95d/datanode-2/data/ratis to VolumeSet
2022-02-17 09:51:45,374 [Listener at 127.0.0.1/44505] INFO  volume.ThrottledAsyncChecker (ThrottledAsyncChecker.java:schedule(141)) - Scheduling a check for /home/runner/work/ozone/ozone/hadoop-ozone/integration-test/target/test-dir/MiniOzoneClusterImpl-4105d4c2-fd18-4823-a771-66c9e1d1d95d/datanode-2/data/ratis
2022-02-17 09:51:45,375 [Listener at 127.0.0.1/44505] INFO  volume.StorageVolumeChecker (StorageVolumeChecker.java:checkAllVolumes(202)) - Scheduled health check for volume /home/runner/work/ozone/ozone/hadoop-ozone/integration-test/target/test-dir/MiniOzoneClusterImpl-4105d4c2-fd18-4823-a771-66c9e1d1d95d/datanode-2/data/ratis
2022-02-17 09:51:45,433 [Thread-4597] INFO  ozoneimpl.ContainerReader (ContainerReader.java:readVolume(172)) - Finish verifying containers on volume /home/runner/work/ozone/ozone/hadoop-ozone/integration-test/target/test-dir/MiniOzoneClusterImpl-4105d4c2-fd18-4823-a771-66c9e1d1d95d/datanode-2/data-0/containers/hdds
2022-02-17 09:51:45,437 [Listener at 127.0.0.1/44505] INFO  ozoneimpl.OzoneContainer (OzoneContainer.java:buildContainerSet(237)) - Build ContainerSet costs 0s
2022-02-17 09:51:45,444 [Listener at 127.0.0.1/44505] INFO  server.RaftServer (ConfUtils.java:logGet(44)) - raft.rpc.type = GRPC (default)
2022-02-17 09:51:45,444 [Listener at 127.0.0.1/44505] INFO  grpc.GrpcFactory (GrpcFactory.java:checkPooledByteBufAllocatorUseCacheForAllThreads(48)) - PERFORMANCE WARNING: useCacheForAllThreads is true that may cause Netty to create a lot garbage objects and, as a result, trigger GC.
	It is recommended to disable useCacheForAllThreads by setting -Dorg.apache.ratis.thirdparty.io.netty.allocator.useCacheForAllThreads=false in command line.
2022-02-17 09:51:45,444 [Listener at 127.0.0.1/44505] INFO  grpc.GrpcConfigKeys (ConfUtils.java:logGet(44)) - raft.grpc.admin.port = 0 (custom)
2022-02-17 09:51:45,444 [Listener at 127.0.0.1/44505] INFO  grpc.GrpcConfigKeys (ConfUtils.java:logGet(44)) - raft.grpc.client.port = 0 (custom)
2022-02-17 09:51:45,445 [Listener at 127.0.0.1/44505] INFO  grpc.GrpcConfigKeys (ConfUtils.java:logGet(44)) - raft.grpc.server.port = 0 (default)
2022-02-17 09:51:45,445 [Listener at 127.0.0.1/44505] INFO  server.GrpcService (ConfUtils.java:logGet(44)) - raft.grpc.message.size.max = 32MB (=33554432) (custom)
2022-02-17 09:51:45,445 [Listener at 127.0.0.1/44505] INFO  server.RaftServerConfigKeys (ConfUtils.java:logGet(44)) - raft.server.log.appender.buffer.byte-limit = 33554432 (custom)
2022-02-17 09:51:45,445 [Listener at 127.0.0.1/44505] INFO  server.GrpcService (ConfUtils.java:logGet(44)) - raft.grpc.flow.control.window = 5MB (=5242880) (custom)
2022-02-17 09:51:45,445 [Listener at 127.0.0.1/44505] INFO  server.RaftServerConfigKeys (ConfUtils.java:logGet(44)) - raft.server.rpc.request.timeout = 60s (custom)
2022-02-17 09:51:45,447 [Listener at 127.0.0.1/44505] INFO  impl.DataStreamServerImpl (ConfUtils.java:logGet(44)) - raft.datastream.type = DISABLED (default)
2022-02-17 09:51:45,447 [Listener at 127.0.0.1/44505] INFO  server.RaftServerConfigKeys (ConfUtils.java:logGet(44)) - raft.server.rpc.slowness.timeout = 300s (custom)
2022-02-17 09:51:45,447 [Listener at 127.0.0.1/44505] INFO  server.RaftServerConfigKeys (ConfUtils.java:logGet(44)) - raft.server.leaderelection.leader.step-down.wait-time = 10s (default)
2022-02-17 09:51:45,447 [Listener at 127.0.0.1/44505] INFO  server.RaftServerConfigKeys (ConfUtils.java:logGet(44)) - raft.server.storage.dir = [/home/runner/work/ozone/ozone/hadoop-ozone/integration-test/target/test-dir/MiniOzoneClusterImpl-4105d4c2-fd18-4823-a771-66c9e1d1d95d/datanode-2/data/ratis] (custom)
2022-02-17 09:51:45,448 [Listener at 127.0.0.1/44505] INFO  server.XceiverServerGrpc (XceiverServerGrpc.java:<init>(132)) - GrpcServer channel type EpollServerSocketChannel
2022-02-17 09:51:45,474 [Listener at 127.0.0.1/44505] INFO  http.BaseHttpServer (BaseHttpServer.java:newHttpServer2BuilderForOzone(209)) - Starting Web-server for hddsDatanode at: http://0.0.0.0:0
2022-02-17 09:51:45,475 [Listener at 127.0.0.1/44505] INFO  http.BaseHttpServer (BaseHttpServer.java:<init>(107)) - Hadoop Security Enabled: false Ozone Security Enabled: false Ozone HTTP Security Enabled: false 
2022-02-17 09:51:45,476 [Listener at 127.0.0.1/44505] INFO  server.AuthenticationFilter (AuthenticationFilter.java:constructSecretProvider(240)) - Unable to initialize FileSignerSecretProvider, falling back to use random secrets.
2022-02-17 09:51:45,485 [Listener at 127.0.0.1/44505] WARN  http.HttpRequestLog (HttpRequestLog.java:getRequestLog(103)) - Jetty request log can only be enabled using Log4j
2022-02-17 09:51:45,486 [Listener at 127.0.0.1/44505] INFO  http.HttpServer2 (HttpServer2.java:addGlobalFilter(1030)) - Added global filter 'safety' (class=org.apache.hadoop.hdds.server.http.HttpServer2$QuotingInputFilter)
2022-02-17 09:51:45,487 [Listener at 127.0.0.1/44505] INFO  http.HttpServer2 (HttpServer2.java:addFilter(1006)) - Added filter static_user_filter (class=org.apache.hadoop.http.lib.StaticUserWebFilter$StaticUserFilter) to context hddsDatanode
2022-02-17 09:51:45,487 [Listener at 127.0.0.1/44505] INFO  http.HttpServer2 (HttpServer2.java:addFilter(1014)) - Added filter static_user_filter (class=org.apache.hadoop.http.lib.StaticUserWebFilter$StaticUserFilter) to context static
2022-02-17 09:51:45,487 [Listener at 127.0.0.1/44505] INFO  http.HttpServer2 (HttpServer2.java:addFilter(1014)) - Added filter static_user_filter (class=org.apache.hadoop.http.lib.StaticUserWebFilter$StaticUserFilter) to context logs
2022-02-17 09:51:45,488 [Listener at 127.0.0.1/44505] INFO  http.HttpServer2 (HttpServer2.java:bindListener(1249)) - Jetty bound to port 45049
2022-02-17 09:51:45,488 [Listener at 127.0.0.1/44505] INFO  server.Server (Server.java:doStart(375)) - jetty-9.4.43.v20210629; built: 2021-06-30T11:07:22.254Z; git: 526006ecfa3af7f1a27ef3a288e2bef7ea9dd7e8; jvm 1.8.0_312-b07
2022-02-17 09:51:45,561 [Listener at 127.0.0.1/44505] INFO  server.session (DefaultSessionIdManager.java:doStart(334)) - DefaultSessionIdManager workerName=node0
2022-02-17 09:51:45,561 [Listener at 127.0.0.1/44505] INFO  server.session (DefaultSessionIdManager.java:doStart(339)) - No SessionScavenger set, using defaults
2022-02-17 09:51:45,561 [Listener at 127.0.0.1/44505] INFO  server.session (HouseKeeper.java:startScavenging(132)) - node0 Scavenging every 600000ms
2022-02-17 09:51:45,564 [Listener at 127.0.0.1/44505] INFO  handler.ContextHandler (ContextHandler.java:doStart(915)) - Started o.e.j.s.ServletContextHandler@7dcadb11{logs,/logs,file:///home/runner/work/ozone/ozone/hadoop-ozone/integration-test/target/log,AVAILABLE}
2022-02-17 09:51:45,564 [Listener at 127.0.0.1/44505] INFO  handler.ContextHandler (ContextHandler.java:doStart(915)) - Started o.e.j.s.ServletContextHandler@743a337{static,/static,jar:file:/home/runner/.m2/repository/org/apache/ozone/hdds-container-service/1.3.0-SNAPSHOT/hdds-container-service-1.3.0-SNAPSHOT.jar!/webapps/static,AVAILABLE}
2022-02-17 09:51:45,659 [Listener at 127.0.0.1/44505] INFO  handler.ContextHandler (ContextHandler.java:doStart(915)) - Started o.e.j.w.WebAppContext@467ac5f8{hddsDatanode,/,file:///tmp/jetty-0_0_0_0-45049-hdds-container-service-1_3_0-SNAPSHOT_jar-_-any-4553363151412999652/webapp/,AVAILABLE}{jar:file:/home/runner/.m2/repository/org/apache/ozone/hdds-container-service/1.3.0-SNAPSHOT/hdds-container-service-1.3.0-SNAPSHOT.jar!/webapps/hddsDatanode}
2022-02-17 09:51:45,665 [Listener at 127.0.0.1/44505] INFO  server.AbstractConnector (AbstractConnector.java:doStart(331)) - Started ServerConnector@59489572{HTTP/1.1, (http/1.1)}{0.0.0.0:45049}
2022-02-17 09:51:45,665 [Listener at 127.0.0.1/44505] INFO  server.Server (Server.java:doStart(415)) - Started @51663ms
2022-02-17 09:51:45,666 [Listener at 127.0.0.1/44505] WARN  impl.MetricsSystemImpl (MetricsSystemImpl.java:register(279)) - Sink prometheus already exists!
2022-02-17 09:51:45,669 [Listener at 127.0.0.1/44505] INFO  http.BaseHttpServer (BaseHttpServer.java:updateConnectorAddress(329)) - HTTP server of hddsDatanode listening at http://0.0.0.0:45049
2022-02-17 09:51:45,677 [Listener at 127.0.0.1/44505] INFO  ozone.MiniOzoneClusterImpl (MiniOzoneClusterImpl.java:lambda$waitForClusterToBeReady$0(219)) - Waiting for nodes to be ready. Got 0 of 3 DN Heartbeats.
2022-02-17 09:51:45,677 [Listener at 127.0.0.1/44505] INFO  ozone.MiniOzoneClusterImpl (MiniOzoneClusterImpl.java:lambda$waitForClusterToBeReady$0(222)) - Waiting for cluster to exit safe mode
2022-02-17 09:51:45,677 [Listener at 127.0.0.1/44505] INFO  ozone.MiniOzoneClusterImpl (MiniOzoneClusterImpl.java:lambda$waitForClusterToBeReady$0(224)) - SCM became leader
2022-02-17 09:51:45,678 [Datanode State Machine Daemon Thread] INFO  statemachine.DatanodeStateMachine (DatanodeStateMachine.java:lambda$startDaemon$0(470)) - Ozone container server started.
2022-02-17 09:51:45,685 [org.apache.hadoop.util.JvmPauseMonitor$Monitor@149a4390] INFO  util.JvmPauseMonitor (JvmPauseMonitor.java:run(188)) - Starting JVM pause monitor
2022-02-17 09:51:45,704 [Datanode State Machine Task Thread - 0] INFO  datanode.InitDatanodeState (InitDatanodeState.java:persistContainerDatanodeDetails(138)) - DatanodeDetails is persisted to /home/runner/work/ozone/ozone/hadoop-ozone/integration-test/target/test-dir/MiniOzoneClusterImpl-4105d4c2-fd18-4823-a771-66c9e1d1d95d/datanode-2/meta/datanode.id
2022-02-17 09:51:46,614 [EndpointStateMachine task thread for /0.0.0.0:36531 - 0 ] INFO  ozoneimpl.OzoneContainer (OzoneContainer.java:start(315)) - Attempting to start container services.
2022-02-17 09:51:46,615 [EndpointStateMachine task thread for /0.0.0.0:36531 - 0 ] INFO  ozoneimpl.OzoneContainer (OzoneContainer.java:startContainerScrub(250)) - Background container scanner has been disabled.
2022-02-17 09:51:46,616 [EndpointStateMachine task thread for /0.0.0.0:36531 - 0 ] INFO  replication.ReplicationServer (ReplicationServer.java:start(111)) - ReplicationServer is started using port 42667
2022-02-17 09:51:46,616 [EndpointStateMachine task thread for /0.0.0.0:36531 - 0 ] INFO  ratis.XceiverServerRatis (XceiverServerRatis.java:start(485)) - Starting XceiverServerRatis bd759d25-a637-4f5f-8c6b-7b0ed24d7d4d
2022-02-17 09:51:46,617 [EndpointStateMachine task thread for /0.0.0.0:36531 - 0 ] INFO  server.RaftServer (RaftServerProxy.java:lambda$start$5(374)) - bd759d25-a637-4f5f-8c6b-7b0ed24d7d4d: start RPC server
2022-02-17 09:51:46,623 [EndpointStateMachine task thread for /0.0.0.0:36531 - 0 ] INFO  server.GrpcService (GrpcService.java:startImpl(253)) - bd759d25-a637-4f5f-8c6b-7b0ed24d7d4d: GrpcService started, listening on 34023
2022-02-17 09:51:46,624 [EndpointStateMachine task thread for /0.0.0.0:36531 - 0 ] INFO  ratis.XceiverServerRatis (XceiverServerRatis.java:getRealPort(506)) - XceiverServerRatis bd759d25-a637-4f5f-8c6b-7b0ed24d7d4d is started using port 34023 for RATIS
2022-02-17 09:51:46,624 [EndpointStateMachine task thread for /0.0.0.0:36531 - 0 ] INFO  ratis.XceiverServerRatis (XceiverServerRatis.java:getRealPort(506)) - XceiverServerRatis bd759d25-a637-4f5f-8c6b-7b0ed24d7d4d is started using port 34023 for RATIS_ADMIN
2022-02-17 09:51:46,624 [EndpointStateMachine task thread for /0.0.0.0:36531 - 0 ] INFO  ratis.XceiverServerRatis (XceiverServerRatis.java:getRealPort(506)) - XceiverServerRatis bd759d25-a637-4f5f-8c6b-7b0ed24d7d4d is started using port 34023 for RATIS_SERVER
2022-02-17 09:51:46,625 [org.apache.ratis.util.JvmPauseMonitor$$Lambda$538/2007207148@116cb18f] INFO  util.JvmPauseMonitor (JvmPauseMonitor.java:run(103)) - JvmPauseMonitor-bd759d25-a637-4f5f-8c6b-7b0ed24d7d4d: Started
2022-02-17 09:51:46,634 [EndpointStateMachine task thread for /0.0.0.0:36531 - 0 ] INFO  server.XceiverServerGrpc (XceiverServerGrpc.java:start(180)) - XceiverServerGrpc bd759d25-a637-4f5f-8c6b-7b0ed24d7d4d is started using port 36185
2022-02-17 09:51:46,678 [Listener at 127.0.0.1/44505] INFO  ozone.MiniOzoneClusterImpl (MiniOzoneClusterImpl.java:lambda$waitForClusterToBeReady$0(219)) - Waiting for nodes to be ready. Got 0 of 3 DN Heartbeats.
2022-02-17 09:51:46,678 [Listener at 127.0.0.1/44505] INFO  ozone.MiniOzoneClusterImpl (MiniOzoneClusterImpl.java:lambda$waitForClusterToBeReady$0(222)) - Waiting for cluster to exit safe mode
2022-02-17 09:51:46,678 [Listener at 127.0.0.1/44505] INFO  ozone.MiniOzoneClusterImpl (MiniOzoneClusterImpl.java:lambda$waitForClusterToBeReady$0(224)) - SCM became leader
2022-02-17 09:51:47,129 [EndpointStateMachine task thread for /0.0.0.0:36531 - 0 ] INFO  ozoneimpl.OzoneContainer (OzoneContainer.java:start(315)) - Attempting to start container services.
2022-02-17 09:51:47,129 [EndpointStateMachine task thread for /0.0.0.0:36531 - 0 ] INFO  ozoneimpl.OzoneContainer (OzoneContainer.java:startContainerScrub(250)) - Background container scanner has been disabled.
2022-02-17 09:51:47,135 [EndpointStateMachine task thread for /0.0.0.0:36531 - 0 ] INFO  replication.ReplicationServer (ReplicationServer.java:start(111)) - ReplicationServer is started using port 37611
2022-02-17 09:51:47,137 [EndpointStateMachine task thread for /0.0.0.0:36531 - 0 ] INFO  ratis.XceiverServerRatis (XceiverServerRatis.java:start(485)) - Starting XceiverServerRatis f4424c5e-91a7-493f-93fe-daa52ca7d930
2022-02-17 09:51:47,138 [EndpointStateMachine task thread for /0.0.0.0:36531 - 0 ] INFO  server.RaftServer (RaftServerProxy.java:lambda$start$5(374)) - f4424c5e-91a7-493f-93fe-daa52ca7d930: start RPC server
2022-02-17 09:51:47,142 [EndpointStateMachine task thread for /0.0.0.0:36531 - 0 ] INFO  server.GrpcService (GrpcService.java:startImpl(253)) - f4424c5e-91a7-493f-93fe-daa52ca7d930: GrpcService started, listening on 41855
2022-02-17 09:51:47,142 [EndpointStateMachine task thread for /0.0.0.0:36531 - 0 ] INFO  ratis.XceiverServerRatis (XceiverServerRatis.java:getRealPort(506)) - XceiverServerRatis f4424c5e-91a7-493f-93fe-daa52ca7d930 is started using port 41855 for RATIS
2022-02-17 09:51:47,142 [EndpointStateMachine task thread for /0.0.0.0:36531 - 0 ] INFO  ratis.XceiverServerRatis (XceiverServerRatis.java:getRealPort(506)) - XceiverServerRatis f4424c5e-91a7-493f-93fe-daa52ca7d930 is started using port 41855 for RATIS_ADMIN
2022-02-17 09:51:47,142 [EndpointStateMachine task thread for /0.0.0.0:36531 - 0 ] INFO  ratis.XceiverServerRatis (XceiverServerRatis.java:getRealPort(506)) - XceiverServerRatis f4424c5e-91a7-493f-93fe-daa52ca7d930 is started using port 41855 for RATIS_SERVER
2022-02-17 09:51:47,142 [org.apache.ratis.util.JvmPauseMonitor$$Lambda$538/2007207148@5297f83f] INFO  util.JvmPauseMonitor (JvmPauseMonitor.java:run(103)) - JvmPauseMonitor-f4424c5e-91a7-493f-93fe-daa52ca7d930: Started
2022-02-17 09:51:47,151 [EndpointStateMachine task thread for /0.0.0.0:36531 - 0 ] INFO  server.XceiverServerGrpc (XceiverServerGrpc.java:start(180)) - XceiverServerGrpc f4424c5e-91a7-493f-93fe-daa52ca7d930 is started using port 45887
2022-02-17 09:51:47,678 [Listener at 127.0.0.1/44505] INFO  ozone.MiniOzoneClusterImpl (MiniOzoneClusterImpl.java:lambda$waitForClusterToBeReady$0(219)) - Waiting for nodes to be ready. Got 0 of 3 DN Heartbeats.
2022-02-17 09:51:47,678 [Listener at 127.0.0.1/44505] INFO  ozone.MiniOzoneClusterImpl (MiniOzoneClusterImpl.java:lambda$waitForClusterToBeReady$0(222)) - Waiting for cluster to exit safe mode
2022-02-17 09:51:47,678 [Listener at 127.0.0.1/44505] INFO  ozone.MiniOzoneClusterImpl (MiniOzoneClusterImpl.java:lambda$waitForClusterToBeReady$0(224)) - SCM became leader
2022-02-17 09:51:47,696 [EndpointStateMachine task thread for /0.0.0.0:36531 - 0 ] INFO  ozoneimpl.OzoneContainer (OzoneContainer.java:start(315)) - Attempting to start container services.
2022-02-17 09:51:47,697 [EndpointStateMachine task thread for /0.0.0.0:36531 - 0 ] INFO  ozoneimpl.OzoneContainer (OzoneContainer.java:startContainerScrub(250)) - Background container scanner has been disabled.
2022-02-17 09:51:47,705 [EndpointStateMachine task thread for /0.0.0.0:36531 - 0 ] INFO  replication.ReplicationServer (ReplicationServer.java:start(111)) - ReplicationServer is started using port 45647
2022-02-17 09:51:47,706 [EndpointStateMachine task thread for /0.0.0.0:36531 - 0 ] INFO  ratis.XceiverServerRatis (XceiverServerRatis.java:start(485)) - Starting XceiverServerRatis f0cc5422-9efd-4116-8ef3-b34535e1b6d7
2022-02-17 09:51:47,707 [EndpointStateMachine task thread for /0.0.0.0:36531 - 0 ] INFO  server.RaftServer (RaftServerProxy.java:lambda$start$5(374)) - f0cc5422-9efd-4116-8ef3-b34535e1b6d7: start RPC server
2022-02-17 09:51:47,709 [EndpointStateMachine task thread for /0.0.0.0:36531 - 0 ] INFO  server.GrpcService (GrpcService.java:startImpl(253)) - f0cc5422-9efd-4116-8ef3-b34535e1b6d7: GrpcService started, listening on 43555
2022-02-17 09:51:47,718 [EndpointStateMachine task thread for /0.0.0.0:36531 - 0 ] INFO  ratis.XceiverServerRatis (XceiverServerRatis.java:getRealPort(506)) - XceiverServerRatis f0cc5422-9efd-4116-8ef3-b34535e1b6d7 is started using port 43555 for RATIS
2022-02-17 09:51:47,718 [EndpointStateMachine task thread for /0.0.0.0:36531 - 0 ] INFO  ratis.XceiverServerRatis (XceiverServerRatis.java:getRealPort(506)) - XceiverServerRatis f0cc5422-9efd-4116-8ef3-b34535e1b6d7 is started using port 43555 for RATIS_ADMIN
2022-02-17 09:51:47,719 [EndpointStateMachine task thread for /0.0.0.0:36531 - 0 ] INFO  ratis.XceiverServerRatis (XceiverServerRatis.java:getRealPort(506)) - XceiverServerRatis f0cc5422-9efd-4116-8ef3-b34535e1b6d7 is started using port 43555 for RATIS_SERVER
2022-02-17 09:51:47,721 [org.apache.ratis.util.JvmPauseMonitor$$Lambda$538/2007207148@36e3aec1] INFO  util.JvmPauseMonitor (JvmPauseMonitor.java:run(103)) - JvmPauseMonitor-f0cc5422-9efd-4116-8ef3-b34535e1b6d7: Started
2022-02-17 09:51:47,740 [EndpointStateMachine task thread for /0.0.0.0:36531 - 0 ] INFO  server.XceiverServerGrpc (XceiverServerGrpc.java:start(180)) - XceiverServerGrpc f0cc5422-9efd-4116-8ef3-b34535e1b6d7 is started using port 38453
2022-02-17 09:51:48,584 [IPC Server handler 0 on default port 36531] INFO  net.NetworkTopologyImpl (NetworkTopologyImpl.java:add(112)) - Added a new node: /default-rack/bd759d25-a637-4f5f-8c6b-7b0ed24d7d4d
2022-02-17 09:51:48,585 [IPC Server handler 0 on default port 36531] INFO  node.SCMNodeManager (SCMNodeManager.java:register(389)) - Registered Data node : bd759d25-a637-4f5f-8c6b-7b0ed24d7d4d{ip: 10.1.0.34, host: fv-az294-236.eaanfquahm5ulb5tj050gcxych.jx.internal.cloudapp.net, ports: [REPLICATION=42667, RATIS=34023, RATIS_ADMIN=34023, RATIS_SERVER=34023, STANDALONE=36185], networkLocation: /default-rack, certSerialId: null, persistedOpState: null, persistedOpStateExpiryEpochSec: 0}
2022-02-17 09:51:48,587 [EventQueue-NodeRegistrationContainerReportForContainerSafeModeRule] INFO  safemode.SCMSafeModeManager (SCMSafeModeManager.java:validateSafeModeExitRules(204)) - ContainerSafeModeRule rule is successfully validated
2022-02-17 09:51:48,587 [EventQueue-NodeRegistrationContainerReportForDataNodeSafeModeRule] INFO  safemode.SCMSafeModeManager (DataNodeSafeModeRule.java:process(71)) - SCM in safe mode. 1 DataNodes registered, 3 required.
2022-02-17 09:51:48,588 [EventQueue-NewNodeForNewNodeHandler] INFO  pipeline.BackgroundPipelineCreator (BackgroundPipelineCreator.java:notifyEventTriggered(285)) - trigger a one-shot run on RatisPipelineUtilsThread.
2022-02-17 09:51:48,593 [EventQueue-PipelineReportForOneReplicaPipelineSafeModeRule] INFO  safemode.SCMSafeModeManager (SCMSafeModeManager.java:validateSafeModeExitRules(204)) - AtleastOneDatanodeReportedRule rule is successfully validated
2022-02-17 09:51:48,679 [Listener at 127.0.0.1/44505] INFO  ozone.MiniOzoneClusterImpl (MiniOzoneClusterImpl.java:lambda$waitForClusterToBeReady$0(219)) - Waiting for nodes to be ready. Got 1 of 3 DN Heartbeats.
2022-02-17 09:51:48,679 [Listener at 127.0.0.1/44505] INFO  ozone.MiniOzoneClusterImpl (MiniOzoneClusterImpl.java:lambda$waitForClusterToBeReady$0(222)) - Waiting for cluster to exit safe mode
2022-02-17 09:51:48,679 [Listener at 127.0.0.1/44505] INFO  ozone.MiniOzoneClusterImpl (MiniOzoneClusterImpl.java:lambda$waitForClusterToBeReady$0(224)) - SCM became leader
2022-02-17 09:51:49,107 [IPC Server handler 2 on default port 36531] INFO  net.NetworkTopologyImpl (NetworkTopologyImpl.java:add(112)) - Added a new node: /default-rack/f4424c5e-91a7-493f-93fe-daa52ca7d930
2022-02-17 09:51:49,107 [IPC Server handler 2 on default port 36531] INFO  node.SCMNodeManager (SCMNodeManager.java:register(389)) - Registered Data node : f4424c5e-91a7-493f-93fe-daa52ca7d930{ip: 10.1.0.34, host: fv-az294-236.eaanfquahm5ulb5tj050gcxych.jx.internal.cloudapp.net, ports: [REPLICATION=37611, RATIS=41855, RATIS_ADMIN=41855, RATIS_SERVER=41855, STANDALONE=45887], networkLocation: /default-rack, certSerialId: null, persistedOpState: null, persistedOpStateExpiryEpochSec: 0}
2022-02-17 09:51:49,107 [EventQueue-NewNodeForNewNodeHandler] INFO  pipeline.BackgroundPipelineCreator (BackgroundPipelineCreator.java:notifyEventTriggered(285)) - trigger a one-shot run on RatisPipelineUtilsThread.
2022-02-17 09:51:49,115 [EventQueue-NodeRegistrationContainerReportForDataNodeSafeModeRule] INFO  safemode.SCMSafeModeManager (DataNodeSafeModeRule.java:process(71)) - SCM in safe mode. 2 DataNodes registered, 3 required.
2022-02-17 09:51:49,679 [Listener at 127.0.0.1/44505] INFO  ozone.MiniOzoneClusterImpl (MiniOzoneClusterImpl.java:lambda$waitForClusterToBeReady$0(219)) - Waiting for nodes to be ready. Got 2 of 3 DN Heartbeats.
2022-02-17 09:51:49,680 [Listener at 127.0.0.1/44505] INFO  ozone.MiniOzoneClusterImpl (MiniOzoneClusterImpl.java:lambda$waitForClusterToBeReady$0(222)) - Waiting for cluster to exit safe mode
2022-02-17 09:51:49,680 [Listener at 127.0.0.1/44505] INFO  ozone.MiniOzoneClusterImpl (MiniOzoneClusterImpl.java:lambda$waitForClusterToBeReady$0(224)) - SCM became leader
2022-02-17 09:51:49,687 [IPC Server handler 1 on default port 36531] INFO  net.NetworkTopologyImpl (NetworkTopologyImpl.java:add(112)) - Added a new node: /default-rack/f0cc5422-9efd-4116-8ef3-b34535e1b6d7
2022-02-17 09:51:49,687 [IPC Server handler 1 on default port 36531] INFO  node.SCMNodeManager (SCMNodeManager.java:register(389)) - Registered Data node : f0cc5422-9efd-4116-8ef3-b34535e1b6d7{ip: 10.1.0.34, host: fv-az294-236.eaanfquahm5ulb5tj050gcxych.jx.internal.cloudapp.net, ports: [REPLICATION=45647, RATIS=43555, RATIS_ADMIN=43555, RATIS_SERVER=43555, STANDALONE=38453], networkLocation: /default-rack, certSerialId: null, persistedOpState: null, persistedOpStateExpiryEpochSec: 0}
2022-02-17 09:51:49,687 [EventQueue-NewNodeForNewNodeHandler] INFO  pipeline.BackgroundPipelineCreator (BackgroundPipelineCreator.java:notifyEventTriggered(285)) - trigger a one-shot run on RatisPipelineUtilsThread.
2022-02-17 09:51:49,694 [EventQueue-NodeRegistrationContainerReportForDataNodeSafeModeRule] INFO  safemode.SCMSafeModeManager (DataNodeSafeModeRule.java:process(71)) - SCM in safe mode. 3 DataNodes registered, 3 required.
2022-02-17 09:51:49,694 [EventQueue-NodeRegistrationContainerReportForDataNodeSafeModeRule] INFO  safemode.SCMSafeModeManager (SCMSafeModeManager.java:validateSafeModeExitRules(204)) - DataNodeSafeModeRule rule is successfully validated
2022-02-17 09:51:49,694 [EventQueue-NodeRegistrationContainerReportForDataNodeSafeModeRule] INFO  safemode.SCMSafeModeManager (SCMSafeModeManager.java:completePreCheck(233)) - All SCM safe mode pre check rules have passed
2022-02-17 09:51:49,694 [EventQueue-NodeRegistrationContainerReportForDataNodeSafeModeRule] WARN  events.EventQueue (EventQueue.java:fireEvent(194)) - No event handler registered for event TypedEvent{payloadType=SafeModeStatus, name='Safe mode status'}
2022-02-17 09:51:49,694 [EventQueue-NodeRegistrationContainerReportForDataNodeSafeModeRule] INFO  ha.SCMContext (SCMContext.java:updateSafeModeStatus(211)) - Update SafeModeStatus from SafeModeStatus{safeModeStatus=true, preCheckPassed=false} to SafeModeStatus{safeModeStatus=true, preCheckPassed=true}.
2022-02-17 09:51:49,694 [EventQueue-NodeRegistrationContainerReportForDataNodeSafeModeRule] INFO  pipeline.BackgroundPipelineCreator (BackgroundPipelineCreator.java:notifyEventTriggered(285)) - trigger a one-shot run on RatisPipelineUtilsThread.
2022-02-17 09:51:49,694 [RatisPipelineUtilsThread - 0] INFO  pipeline.RatisPipelineProvider (RatisPipelineProvider.java:lambda$create$0(183)) - Sending CreatePipelineCommand for pipeline:PipelineID=8e997423-6970-49c8-8aad-859d5207d13b to datanode:f0cc5422-9efd-4116-8ef3-b34535e1b6d7
2022-02-17 09:51:49,695 [RatisPipelineUtilsThread - 0] INFO  pipeline.RatisPipelineProvider (RatisPipelineProvider.java:lambda$create$0(183)) - Sending CreatePipelineCommand for pipeline:PipelineID=8e997423-6970-49c8-8aad-859d5207d13b to datanode:bd759d25-a637-4f5f-8c6b-7b0ed24d7d4d
2022-02-17 09:51:49,695 [RatisPipelineUtilsThread - 0] INFO  pipeline.RatisPipelineProvider (RatisPipelineProvider.java:lambda$create$0(183)) - Sending CreatePipelineCommand for pipeline:PipelineID=8e997423-6970-49c8-8aad-859d5207d13b to datanode:f4424c5e-91a7-493f-93fe-daa52ca7d930
2022-02-17 09:51:49,695 [RatisPipelineUtilsThread - 0] INFO  pipeline.PipelineStateManagerImpl (PipelineStateManagerImpl.java:addPipeline(101)) - Created pipeline Pipeline[ Id: 8e997423-6970-49c8-8aad-859d5207d13b, Nodes: f0cc5422-9efd-4116-8ef3-b34535e1b6d7{ip: 10.1.0.34, host: fv-az294-236.eaanfquahm5ulb5tj050gcxych.jx.internal.cloudapp.net, ports: [REPLICATION=45647, RATIS=43555, RATIS_ADMIN=43555, RATIS_SERVER=43555, STANDALONE=38453], networkLocation: /default-rack, certSerialId: null, persistedOpState: IN_SERVICE, persistedOpStateExpiryEpochSec: 0}bd759d25-a637-4f5f-8c6b-7b0ed24d7d4d{ip: 10.1.0.34, host: fv-az294-236.eaanfquahm5ulb5tj050gcxych.jx.internal.cloudapp.net, ports: [REPLICATION=42667, RATIS=34023, RATIS_ADMIN=34023, RATIS_SERVER=34023, STANDALONE=36185], networkLocation: /default-rack, certSerialId: null, persistedOpState: IN_SERVICE, persistedOpStateExpiryEpochSec: 0}f4424c5e-91a7-493f-93fe-daa52ca7d930{ip: 10.1.0.34, host: fv-az294-236.eaanfquahm5ulb5tj050gcxych.jx.internal.cloudapp.net, ports: [REPLICATION=37611, RATIS=41855, RATIS_ADMIN=41855, RATIS_SERVER=41855, STANDALONE=45887], networkLocation: /default-rack, certSerialId: null, persistedOpState: IN_SERVICE, persistedOpStateExpiryEpochSec: 0}, ReplicationConfig: RATIS/THREE, State:ALLOCATED, leaderId:, CreationTimestamp2022-02-17T09:51:49.694Z[Etc/UTC]].
2022-02-17 09:51:50,680 [Listener at 127.0.0.1/44505] INFO  ozone.MiniOzoneClusterImpl (MiniOzoneClusterImpl.java:lambda$waitForClusterToBeReady$0(219)) - Nodes are ready. Got 3 of 3 DN Heartbeats.
2022-02-17 09:51:50,680 [Listener at 127.0.0.1/44505] INFO  ozone.MiniOzoneClusterImpl (MiniOzoneClusterImpl.java:lambda$waitForClusterToBeReady$0(222)) - Waiting for cluster to exit safe mode
2022-02-17 09:51:50,680 [Listener at 127.0.0.1/44505] INFO  ozone.MiniOzoneClusterImpl (MiniOzoneClusterImpl.java:lambda$waitForClusterToBeReady$0(224)) - SCM became leader
2022-02-17 09:51:51,584 [Command processor thread] INFO  server.RaftServer (RaftServerProxy.java:addNew(95)) - bd759d25-a637-4f5f-8c6b-7b0ed24d7d4d: addNew group-859D5207D13B:[f0cc5422-9efd-4116-8ef3-b34535e1b6d7|rpc:10.1.0.34:43555|priority:1, f4424c5e-91a7-493f-93fe-daa52ca7d930|rpc:10.1.0.34:41855|priority:0, bd759d25-a637-4f5f-8c6b-7b0ed24d7d4d|rpc:10.1.0.34:34023|priority:0] returns group-859D5207D13B:java.util.concurrent.CompletableFuture@216cb4c5[Not completed]
2022-02-17 09:51:51,599 [pool-290-thread-1] INFO  server.RaftServer$Division (RaftServerImpl.java:<init>(184)) - bd759d25-a637-4f5f-8c6b-7b0ed24d7d4d: new RaftServerImpl for group-859D5207D13B:[f0cc5422-9efd-4116-8ef3-b34535e1b6d7|rpc:10.1.0.34:43555|priority:1, f4424c5e-91a7-493f-93fe-daa52ca7d930|rpc:10.1.0.34:41855|priority:0, bd759d25-a637-4f5f-8c6b-7b0ed24d7d4d|rpc:10.1.0.34:34023|priority:0] with ContainerStateMachine:uninitialized
2022-02-17 09:51:51,606 [pool-290-thread-1] INFO  server.RaftServerConfigKeys (ConfUtils.java:logGet(44)) - raft.server.rpc.timeout.min = 5s (custom)
2022-02-17 09:51:51,606 [pool-290-thread-1] INFO  server.RaftServerConfigKeys (ConfUtils.java:logGet(44)) - raft.server.rpc.timeout.max = 5200ms (custom)
2022-02-17 09:51:51,606 [pool-290-thread-1] INFO  server.RaftServerConfigKeys (ConfUtils.java:logGet(44)) - raft.server.rpc.sleep.time = 25ms (default)
2022-02-17 09:51:51,606 [pool-290-thread-1] INFO  server.RaftServerConfigKeys (ConfUtils.java:logGet(44)) - raft.server.rpc.slowness.timeout = 300s (custom)
2022-02-17 09:51:51,606 [pool-290-thread-1] INFO  server.RaftServerConfigKeys (ConfUtils.java:logGet(44)) - raft.server.leaderelection.leader.step-down.wait-time = 10s (default)
2022-02-17 09:51:51,606 [pool-290-thread-1] INFO  server.RaftServerConfigKeys (ConfUtils.java:logGet(44)) - raft.server.sleep.deviation.threshold = 300ms (default)
2022-02-17 09:51:51,606 [pool-290-thread-1] INFO  server.RaftServerConfigKeys (ConfUtils.java:logGet(44)) - raft.server.log.appender.install.snapshot.enabled = false (custom)
2022-02-17 09:51:51,606 [pool-290-thread-1] INFO  server.RaftServer$Division (ServerState.java:<init>(105)) - bd759d25-a637-4f5f-8c6b-7b0ed24d7d4d@group-859D5207D13B: ConfigurationManager, init=-1: [f0cc5422-9efd-4116-8ef3-b34535e1b6d7|rpc:10.1.0.34:43555|priority:1, f4424c5e-91a7-493f-93fe-daa52ca7d930|rpc:10.1.0.34:41855|priority:0, bd759d25-a637-4f5f-8c6b-7b0ed24d7d4d|rpc:10.1.0.34:34023|priority:0], old=null, confs=<EMPTY_MAP>
2022-02-17 09:51:51,606 [pool-290-thread-1] INFO  server.RaftServerConfigKeys (ConfUtils.java:logGet(44)) - raft.server.storage.dir = [/home/runner/work/ozone/ozone/hadoop-ozone/integration-test/target/test-dir/MiniOzoneClusterImpl-4105d4c2-fd18-4823-a771-66c9e1d1d95d/datanode-0/data/ratis] (custom)
2022-02-17 09:51:51,606 [pool-290-thread-1] INFO  server.RaftServerConfigKeys (ConfUtils.java:logGet(44)) - raft.server.log.corruption.policy = EXCEPTION (default)
2022-02-17 09:51:51,606 [pool-290-thread-1] INFO  server.RaftServerConfigKeys (ConfUtils.java:logGet(44)) - raft.server.storage.free-space.min = 0MB (=0) (default)
2022-02-17 09:51:51,606 [pool-290-thread-1] INFO  storage.RaftStorageDirectory (RaftStorageDirectoryImpl.java:analyzeStorage(135)) - The storage directory /home/runner/work/ozone/ozone/hadoop-ozone/integration-test/target/test-dir/MiniOzoneClusterImpl-4105d4c2-fd18-4823-a771-66c9e1d1d95d/datanode-0/data/ratis/8e997423-6970-49c8-8aad-859d5207d13b does not exist. Creating ...
2022-02-17 09:51:51,610 [pool-290-thread-1] INFO  storage.RaftStorageDirectory (RaftStorageDirectoryImpl.java:tryLock(230)) - Lock on /home/runner/work/ozone/ozone/hadoop-ozone/integration-test/target/test-dir/MiniOzoneClusterImpl-4105d4c2-fd18-4823-a771-66c9e1d1d95d/datanode-0/data/ratis/8e997423-6970-49c8-8aad-859d5207d13b/in_use.lock acquired by nodename 20538@fv-az294-236
2022-02-17 09:51:51,611 [pool-290-thread-1] INFO  storage.RaftStorage (RaftStorageImpl.java:format(89)) - Storage directory /home/runner/work/ozone/ozone/hadoop-ozone/integration-test/target/test-dir/MiniOzoneClusterImpl-4105d4c2-fd18-4823-a771-66c9e1d1d95d/datanode-0/data/ratis/8e997423-6970-49c8-8aad-859d5207d13b has been successfully formatted.
2022-02-17 09:51:51,613 [pool-290-thread-1] INFO  ratis.ContainerStateMachine (ContainerStateMachine.java:loadSnapshot(236)) - group-859D5207D13B: The snapshot info is null. Setting the last applied indexto:(t:0, i:~)
2022-02-17 09:51:51,614 [pool-290-thread-1] INFO  server.RaftServerConfigKeys (ConfUtils.java:logGet(44)) - raft.server.notification.no-leader.timeout = 300s (custom)
2022-02-17 09:51:51,614 [pool-290-thread-1] INFO  server.RaftServerConfigKeys (ConfUtils.java:logGet(44)) - raft.server.log.use.memory = false (default)
2022-02-17 09:51:51,614 [pool-290-thread-1] INFO  server.RaftServerConfigKeys (ConfUtils.java:logGet(44)) - raft.server.log.purge.gap = 1000000 (custom)
2022-02-17 09:51:51,614 [pool-290-thread-1] INFO  server.RaftServerConfigKeys (ConfUtils.java:logGet(44)) - raft.server.log.appender.buffer.byte-limit = 33554432 (custom)
2022-02-17 09:51:51,614 [pool-290-thread-1] INFO  server.RaftServerConfigKeys (ConfUtils.java:logGet(44)) - raft.server.log.segment.size.max = 1048576 (custom)
2022-02-17 09:51:51,615 [pool-290-thread-1] INFO  server.RaftServerConfigKeys (ConfUtils.java:logGet(44)) - raft.server.log.segment.cache.num.max = 2 (custom)
2022-02-17 09:51:51,615 [pool-290-thread-1] INFO  server.RaftServerConfigKeys (ConfUtils.java:logGet(44)) - raft.server.log.segment.cache.size.max = 200MB (=209715200) (default)
2022-02-17 09:51:51,615 [pool-290-thread-1] INFO  segmented.SegmentedRaftLogWorker (SegmentedRaftLogWorker.java:<init>(182)) - new bd759d25-a637-4f5f-8c6b-7b0ed24d7d4d@group-859D5207D13B-SegmentedRaftLogWorker for RaftStorageImpl:Storage Directory /home/runner/work/ozone/ozone/hadoop-ozone/integration-test/target/test-dir/MiniOzoneClusterImpl-4105d4c2-fd18-4823-a771-66c9e1d1d95d/datanode-0/data/ratis/8e997423-6970-49c8-8aad-859d5207d13b
2022-02-17 09:51:51,615 [pool-290-thread-1] INFO  server.RaftServerConfigKeys (ConfUtils.java:logGet(44)) - raft.server.log.queue.byte-limit = 4294967296 (custom)
2022-02-17 09:51:51,615 [pool-290-thread-1] INFO  server.RaftServerConfigKeys (ConfUtils.java:logGet(44)) - raft.server.log.queue.element-limit = 1024 (custom)
2022-02-17 09:51:51,615 [pool-290-thread-1] INFO  server.RaftServerConfigKeys (ConfUtils.java:logGet(44)) - raft.server.log.segment.size.max = 1048576 (custom)
2022-02-17 09:51:51,615 [pool-290-thread-1] INFO  server.RaftServerConfigKeys (ConfUtils.java:logGet(44)) - raft.server.log.preallocated.size = 16384 (custom)
2022-02-17 09:51:51,615 [pool-290-thread-1] INFO  server.RaftServerConfigKeys (ConfUtils.java:logGet(44)) - raft.server.log.force.sync.num = 128 (default)
2022-02-17 09:51:51,615 [pool-290-thread-1] INFO  server.RaftServerConfigKeys (ConfUtils.java:logGet(44)) - raft.server.log.statemachine.data.sync = true (default)
2022-02-17 09:51:51,615 [pool-290-thread-1] INFO  server.RaftServerConfigKeys (ConfUtils.java:logGet(44)) - raft.server.log.statemachine.data.sync.timeout = 10s (default)
2022-02-17 09:51:51,615 [pool-290-thread-1] INFO  server.RaftServerConfigKeys (ConfUtils.java:logGet(44)) - raft.server.log.statemachine.data.sync.timeout.retry = -1 (default)
2022-02-17 09:51:51,616 [pool-290-thread-1] INFO  server.RaftServerConfigKeys (ConfUtils.java:logGet(44)) - raft.server.log.write.buffer.size = 1048576 (custom)
2022-02-17 09:51:51,618 [pool-290-thread-1] INFO  server.RaftServerConfigKeys (ConfUtils.java:logGet(44)) - raft.server.log.statemachine.data.caching.enabled = true (custom)
2022-02-17 09:51:51,618 [pool-290-thread-1] INFO  segmented.SegmentedRaftLogWorker (SegmentedRaftLogWorker.java:lambda$new$0(133)) - bd759d25-a637-4f5f-8c6b-7b0ed24d7d4d@group-859D5207D13B-SegmentedRaftLogWorker: flushIndex: setUnconditionally 0 -> -1
2022-02-17 09:51:51,618 [pool-290-thread-1] INFO  segmented.SegmentedRaftLogWorker (SegmentedRaftLogWorker.java:lambda$new$0(133)) - bd759d25-a637-4f5f-8c6b-7b0ed24d7d4d@group-859D5207D13B-SegmentedRaftLogWorker: safeCacheEvictIndex: setUnconditionally 0 -> -1
2022-02-17 09:51:51,618 [pool-290-thread-1] INFO  server.RaftServerConfigKeys (ConfUtils.java:logGet(44)) - raft.server.snapshot.auto.trigger.enabled = true (custom)
2022-02-17 09:51:51,618 [pool-290-thread-1] INFO  server.RaftServerConfigKeys (ConfUtils.java:logGet(44)) - raft.server.snapshot.auto.trigger.threshold = 10000 (custom)
2022-02-17 09:51:51,619 [pool-290-thread-1] INFO  server.RaftServerConfigKeys (ConfUtils.java:logGet(44)) - raft.server.snapshot.retention.file.num = 5 (custom)
2022-02-17 09:51:51,619 [pool-290-thread-1] INFO  server.RaftServerConfigKeys (ConfUtils.java:logGet(44)) - raft.server.log.purge.upto.snapshot.index = false (default)
2022-02-17 09:51:51,619 [pool-290-thread-1] INFO  server.RaftServerConfigKeys (ConfUtils.java:logGet(44)) - raft.server.retrycache.expirytime = 600000ms (custom)
2022-02-17 09:51:51,619 [pool-290-thread-1] INFO  server.RaftServerConfigKeys (ConfUtils.java:logGet(44)) - raft.server.retrycache.statistics.expirytime = 100μs (default)
2022-02-17 09:51:51,620 [pool-290-thread-1] INFO  server.RaftServer$Division (RaftServerImpl.java:start(301)) - bd759d25-a637-4f5f-8c6b-7b0ed24d7d4d@group-859D5207D13B: start as a follower, conf=-1: [f0cc5422-9efd-4116-8ef3-b34535e1b6d7|rpc:10.1.0.34:43555|priority:1, f4424c5e-91a7-493f-93fe-daa52ca7d930|rpc:10.1.0.34:41855|priority:0, bd759d25-a637-4f5f-8c6b-7b0ed24d7d4d|rpc:10.1.0.34:34023|priority:0], old=null
2022-02-17 09:51:51,620 [pool-290-thread-1] INFO  server.RaftServer$Division (RaftServerImpl.java:setRole(290)) - bd759d25-a637-4f5f-8c6b-7b0ed24d7d4d@group-859D5207D13B: changes role from      null to FOLLOWER at term 0 for startAsFollower
2022-02-17 09:51:51,620 [pool-290-thread-1] INFO  impl.RoleInfo (RoleInfo.java:updateAndGet(130)) - bd759d25-a637-4f5f-8c6b-7b0ed24d7d4d: start bd759d25-a637-4f5f-8c6b-7b0ed24d7d4d@group-859D5207D13B-FollowerState
2022-02-17 09:51:51,621 [pool-290-thread-1] INFO  util.JmxRegister (JmxRegister.java:tryRegister(44)) - Successfully registered JMX Bean with object name Ratis:service=RaftServer,group=group-859D5207D13B,id=bd759d25-a637-4f5f-8c6b-7b0ed24d7d4d
2022-02-17 09:51:51,622 [Command processor thread] INFO  ratis.XceiverServerRatis (XceiverServerRatis.java:addGroup(769)) - Created group PipelineID=8e997423-6970-49c8-8aad-859d5207d13b
2022-02-17 09:51:51,649 [grpc-default-executor-0] INFO  server.RaftServer (RaftServerProxy.java:addNew(95)) - f0cc5422-9efd-4116-8ef3-b34535e1b6d7: addNew group-859D5207D13B:[f0cc5422-9efd-4116-8ef3-b34535e1b6d7|rpc:10.1.0.34:43555|dataStream:|priority:1, f4424c5e-91a7-493f-93fe-daa52ca7d930|rpc:10.1.0.34:41855|dataStream:|priority:0, bd759d25-a637-4f5f-8c6b-7b0ed24d7d4d|rpc:10.1.0.34:34023|dataStream:|priority:0] returns group-859D5207D13B:java.util.concurrent.CompletableFuture@52732bf2[Not completed]
2022-02-17 09:51:51,654 [pool-332-thread-1] INFO  server.RaftServer$Division (RaftServerImpl.java:<init>(184)) - f0cc5422-9efd-4116-8ef3-b34535e1b6d7: new RaftServerImpl for group-859D5207D13B:[f0cc5422-9efd-4116-8ef3-b34535e1b6d7|rpc:10.1.0.34:43555|dataStream:|priority:1, f4424c5e-91a7-493f-93fe-daa52ca7d930|rpc:10.1.0.34:41855|dataStream:|priority:0, bd759d25-a637-4f5f-8c6b-7b0ed24d7d4d|rpc:10.1.0.34:34023|dataStream:|priority:0] with ContainerStateMachine:uninitialized
2022-02-17 09:51:51,657 [pool-332-thread-1] INFO  server.RaftServerConfigKeys (ConfUtils.java:logGet(44)) - raft.server.rpc.timeout.min = 5s (custom)
2022-02-17 09:51:51,657 [pool-332-thread-1] INFO  server.RaftServerConfigKeys (ConfUtils.java:logGet(44)) - raft.server.rpc.timeout.max = 5200ms (custom)
2022-02-17 09:51:51,657 [pool-332-thread-1] INFO  server.RaftServerConfigKeys (ConfUtils.java:logGet(44)) - raft.server.rpc.sleep.time = 25ms (default)
2022-02-17 09:51:51,657 [pool-332-thread-1] INFO  server.RaftServerConfigKeys (ConfUtils.java:logGet(44)) - raft.server.rpc.slowness.timeout = 300s (custom)
2022-02-17 09:51:51,657 [pool-332-thread-1] INFO  server.RaftServerConfigKeys (ConfUtils.java:logGet(44)) - raft.server.leaderelection.leader.step-down.wait-time = 10s (default)
2022-02-17 09:51:51,657 [pool-332-thread-1] INFO  server.RaftServerConfigKeys (ConfUtils.java:logGet(44)) - raft.server.sleep.deviation.threshold = 300ms (default)
2022-02-17 09:51:51,657 [pool-332-thread-1] INFO  server.RaftServerConfigKeys (ConfUtils.java:logGet(44)) - raft.server.log.appender.install.snapshot.enabled = false (custom)
2022-02-17 09:51:51,657 [pool-332-thread-1] INFO  server.RaftServer$Division (ServerState.java:<init>(105)) - f0cc5422-9efd-4116-8ef3-b34535e1b6d7@group-859D5207D13B: ConfigurationManager, init=-1: [f0cc5422-9efd-4116-8ef3-b34535e1b6d7|rpc:10.1.0.34:43555|dataStream:|priority:1, f4424c5e-91a7-493f-93fe-daa52ca7d930|rpc:10.1.0.34:41855|dataStream:|priority:0, bd759d25-a637-4f5f-8c6b-7b0ed24d7d4d|rpc:10.1.0.34:34023|dataStream:|priority:0], old=null, confs=<EMPTY_MAP>
2022-02-17 09:51:51,658 [pool-332-thread-1] INFO  server.RaftServerConfigKeys (ConfUtils.java:logGet(44)) - raft.server.storage.dir = [/home/runner/work/ozone/ozone/hadoop-ozone/integration-test/target/test-dir/MiniOzoneClusterImpl-4105d4c2-fd18-4823-a771-66c9e1d1d95d/datanode-2/data/ratis] (custom)
2022-02-17 09:51:51,659 [pool-332-thread-1] INFO  server.RaftServerConfigKeys (ConfUtils.java:logGet(44)) - raft.server.log.corruption.policy = EXCEPTION (default)
2022-02-17 09:51:51,660 [pool-332-thread-1] INFO  server.RaftServerConfigKeys (ConfUtils.java:logGet(44)) - raft.server.storage.free-space.min = 0MB (=0) (default)
2022-02-17 09:51:51,660 [pool-332-thread-1] INFO  storage.RaftStorageDirectory (RaftStorageDirectoryImpl.java:analyzeStorage(135)) - The storage directory /home/runner/work/ozone/ozone/hadoop-ozone/integration-test/target/test-dir/MiniOzoneClusterImpl-4105d4c2-fd18-4823-a771-66c9e1d1d95d/datanode-2/data/ratis/8e997423-6970-49c8-8aad-859d5207d13b does not exist. Creating ...
2022-02-17 09:51:51,670 [pool-332-thread-1] INFO  storage.RaftStorageDirectory (RaftStorageDirectoryImpl.java:tryLock(230)) - Lock on /home/runner/work/ozone/ozone/hadoop-ozone/integration-test/target/test-dir/MiniOzoneClusterImpl-4105d4c2-fd18-4823-a771-66c9e1d1d95d/datanode-2/data/ratis/8e997423-6970-49c8-8aad-859d5207d13b/in_use.lock acquired by nodename 20538@fv-az294-236
2022-02-17 09:51:51,673 [pool-332-thread-1] INFO  storage.RaftStorage (RaftStorageImpl.java:format(89)) - Storage directory /home/runner/work/ozone/ozone/hadoop-ozone/integration-test/target/test-dir/MiniOzoneClusterImpl-4105d4c2-fd18-4823-a771-66c9e1d1d95d/datanode-2/data/ratis/8e997423-6970-49c8-8aad-859d5207d13b has been successfully formatted.
2022-02-17 09:51:51,674 [pool-332-thread-1] INFO  ratis.ContainerStateMachine (ContainerStateMachine.java:loadSnapshot(236)) - group-859D5207D13B: The snapshot info is null. Setting the last applied indexto:(t:0, i:~)
2022-02-17 09:51:51,681 [Listener at 127.0.0.1/44505] INFO  ozone.MiniOzoneClusterImpl (MiniOzoneClusterImpl.java:lambda$waitForClusterToBeReady$0(219)) - Nodes are ready. Got 3 of 3 DN Heartbeats.
2022-02-17 09:51:51,681 [Listener at 127.0.0.1/44505] INFO  ozone.MiniOzoneClusterImpl (MiniOzoneClusterImpl.java:lambda$waitForClusterToBeReady$0(222)) - Waiting for cluster to exit safe mode
2022-02-17 09:51:51,681 [Listener at 127.0.0.1/44505] INFO  ozone.MiniOzoneClusterImpl (MiniOzoneClusterImpl.java:lambda$waitForClusterToBeReady$0(224)) - SCM became leader
2022-02-17 09:51:51,682 [pool-332-thread-1] INFO  server.RaftServerConfigKeys (ConfUtils.java:logGet(44)) - raft.server.notification.no-leader.timeout = 300s (custom)
2022-02-17 09:51:51,682 [pool-332-thread-1] INFO  server.RaftServerConfigKeys (ConfUtils.java:logGet(44)) - raft.server.log.use.memory = false (default)
2022-02-17 09:51:51,682 [pool-332-thread-1] INFO  server.RaftServerConfigKeys (ConfUtils.java:logGet(44)) - raft.server.log.purge.gap = 1000000 (custom)
2022-02-17 09:51:51,682 [pool-332-thread-1] INFO  server.RaftServerConfigKeys (ConfUtils.java:logGet(44)) - raft.server.log.appender.buffer.byte-limit = 33554432 (custom)
2022-02-17 09:51:51,683 [pool-332-thread-1] INFO  server.RaftServerConfigKeys (ConfUtils.java:logGet(44)) - raft.server.log.segment.size.max = 1048576 (custom)
2022-02-17 09:51:51,683 [pool-332-thread-1] INFO  server.RaftServerConfigKeys (ConfUtils.java:logGet(44)) - raft.server.log.segment.cache.num.max = 2 (custom)
2022-02-17 09:51:51,683 [pool-332-thread-1] INFO  server.RaftServerConfigKeys (ConfUtils.java:logGet(44)) - raft.server.log.segment.cache.size.max = 200MB (=209715200) (default)
2022-02-17 09:51:51,684 [pool-332-thread-1] INFO  segmented.SegmentedRaftLogWorker (SegmentedRaftLogWorker.java:<init>(182)) - new f0cc5422-9efd-4116-8ef3-b34535e1b6d7@group-859D5207D13B-SegmentedRaftLogWorker for RaftStorageImpl:Storage Directory /home/runner/work/ozone/ozone/hadoop-ozone/integration-test/target/test-dir/MiniOzoneClusterImpl-4105d4c2-fd18-4823-a771-66c9e1d1d95d/datanode-2/data/ratis/8e997423-6970-49c8-8aad-859d5207d13b
2022-02-17 09:51:51,684 [pool-332-thread-1] INFO  server.RaftServerConfigKeys (ConfUtils.java:logGet(44)) - raft.server.log.queue.byte-limit = 4294967296 (custom)
2022-02-17 09:51:51,684 [pool-332-thread-1] INFO  server.RaftServerConfigKeys (ConfUtils.java:logGet(44)) - raft.server.log.queue.element-limit = 1024 (custom)
2022-02-17 09:51:51,684 [pool-332-thread-1] INFO  server.RaftServerConfigKeys (ConfUtils.java:logGet(44)) - raft.server.log.segment.size.max = 1048576 (custom)
2022-02-17 09:51:51,684 [pool-332-thread-1] INFO  server.RaftServerConfigKeys (ConfUtils.java:logGet(44)) - raft.server.log.preallocated.size = 16384 (custom)
2022-02-17 09:51:51,684 [pool-332-thread-1] INFO  server.RaftServerConfigKeys (ConfUtils.java:logGet(44)) - raft.server.log.force.sync.num = 128 (default)
2022-02-17 09:51:51,684 [pool-332-thread-1] INFO  server.RaftServerConfigKeys (ConfUtils.java:logGet(44)) - raft.server.log.statemachine.data.sync = true (default)
2022-02-17 09:51:51,684 [pool-332-thread-1] INFO  server.RaftServerConfigKeys (ConfUtils.java:logGet(44)) - raft.server.log.statemachine.data.sync.timeout = 10s (default)
2022-02-17 09:51:51,684 [pool-332-thread-1] INFO  server.RaftServerConfigKeys (ConfUtils.java:logGet(44)) - raft.server.log.statemachine.data.sync.timeout.retry = -1 (default)
2022-02-17 09:51:51,685 [pool-332-thread-1] INFO  server.RaftServerConfigKeys (ConfUtils.java:logGet(44)) - raft.server.log.write.buffer.size = 1048576 (custom)
2022-02-17 09:51:51,693 [pool-332-thread-1] INFO  server.RaftServerConfigKeys (ConfUtils.java:logGet(44)) - raft.server.log.statemachine.data.caching.enabled = true (custom)
2022-02-17 09:51:51,694 [pool-332-thread-1] INFO  segmented.SegmentedRaftLogWorker (SegmentedRaftLogWorker.java:lambda$new$0(133)) - f0cc5422-9efd-4116-8ef3-b34535e1b6d7@group-859D5207D13B-SegmentedRaftLogWorker: flushIndex: setUnconditionally 0 -> -1
2022-02-17 09:51:51,694 [pool-332-thread-1] INFO  segmented.SegmentedRaftLogWorker (SegmentedRaftLogWorker.java:lambda$new$0(133)) - f0cc5422-9efd-4116-8ef3-b34535e1b6d7@group-859D5207D13B-SegmentedRaftLogWorker: safeCacheEvictIndex: setUnconditionally 0 -> -1
2022-02-17 09:51:51,708 [pool-332-thread-1] INFO  server.RaftServerConfigKeys (ConfUtils.java:logGet(44)) - raft.server.snapshot.auto.trigger.enabled = true (custom)
2022-02-17 09:51:51,708 [pool-332-thread-1] INFO  server.RaftServerConfigKeys (ConfUtils.java:logGet(44)) - raft.server.snapshot.auto.trigger.threshold = 10000 (custom)
2022-02-17 09:51:51,708 [pool-332-thread-1] INFO  server.RaftServerConfigKeys (ConfUtils.java:logGet(44)) - raft.server.snapshot.retention.file.num = 5 (custom)
2022-02-17 09:51:51,708 [pool-332-thread-1] INFO  server.RaftServerConfigKeys (ConfUtils.java:logGet(44)) - raft.server.log.purge.upto.snapshot.index = false (default)
2022-02-17 09:51:51,708 [pool-332-thread-1] INFO  server.RaftServerConfigKeys (ConfUtils.java:logGet(44)) - raft.server.retrycache.expirytime = 600000ms (custom)
2022-02-17 09:51:51,708 [pool-332-thread-1] INFO  server.RaftServerConfigKeys (ConfUtils.java:logGet(44)) - raft.server.retrycache.statistics.expirytime = 100μs (default)
2022-02-17 09:51:51,710 [pool-332-thread-1] INFO  server.RaftServer$Division (RaftServerImpl.java:start(301)) - f0cc5422-9efd-4116-8ef3-b34535e1b6d7@group-859D5207D13B: start as a follower, conf=-1: [f0cc5422-9efd-4116-8ef3-b34535e1b6d7|rpc:10.1.0.34:43555|dataStream:|priority:1, f4424c5e-91a7-493f-93fe-daa52ca7d930|rpc:10.1.0.34:41855|dataStream:|priority:0, bd759d25-a637-4f5f-8c6b-7b0ed24d7d4d|rpc:10.1.0.34:34023|dataStream:|priority:0], old=null
2022-02-17 09:51:51,710 [pool-332-thread-1] INFO  server.RaftServer$Division (RaftServerImpl.java:setRole(290)) - f0cc5422-9efd-4116-8ef3-b34535e1b6d7@group-859D5207D13B: changes role from      null to FOLLOWER at term 0 for startAsFollower
2022-02-17 09:51:51,710 [pool-332-thread-1] INFO  impl.RoleInfo (RoleInfo.java:updateAndGet(130)) - f0cc5422-9efd-4116-8ef3-b34535e1b6d7: start f0cc5422-9efd-4116-8ef3-b34535e1b6d7@group-859D5207D13B-FollowerState
2022-02-17 09:51:51,729 [pool-332-thread-1] INFO  util.JmxRegister (JmxRegister.java:tryRegister(44)) - Successfully registered JMX Bean with object name Ratis:service=RaftServer,group=group-859D5207D13B,id=f0cc5422-9efd-4116-8ef3-b34535e1b6d7
2022-02-17 09:51:51,790 [grpc-default-executor-0] INFO  server.RaftServer (RaftServerProxy.java:addNew(95)) - f4424c5e-91a7-493f-93fe-daa52ca7d930: addNew group-859D5207D13B:[f0cc5422-9efd-4116-8ef3-b34535e1b6d7|rpc:10.1.0.34:43555|dataStream:|priority:1, f4424c5e-91a7-493f-93fe-daa52ca7d930|rpc:10.1.0.34:41855|dataStream:|priority:0, bd759d25-a637-4f5f-8c6b-7b0ed24d7d4d|rpc:10.1.0.34:34023|dataStream:|priority:0] returns group-859D5207D13B:java.util.concurrent.CompletableFuture@8d5afe0[Not completed]
2022-02-17 09:51:51,810 [pool-311-thread-1] INFO  server.RaftServer$Division (RaftServerImpl.java:<init>(184)) - f4424c5e-91a7-493f-93fe-daa52ca7d930: new RaftServerImpl for group-859D5207D13B:[f0cc5422-9efd-4116-8ef3-b34535e1b6d7|rpc:10.1.0.34:43555|dataStream:|priority:1, f4424c5e-91a7-493f-93fe-daa52ca7d930|rpc:10.1.0.34:41855|dataStream:|priority:0, bd759d25-a637-4f5f-8c6b-7b0ed24d7d4d|rpc:10.1.0.34:34023|dataStream:|priority:0] with ContainerStateMachine:uninitialized
2022-02-17 09:51:51,810 [pool-311-thread-1] INFO  server.RaftServerConfigKeys (ConfUtils.java:logGet(44)) - raft.server.rpc.timeout.min = 5s (custom)
2022-02-17 09:51:51,810 [pool-311-thread-1] INFO  server.RaftServerConfigKeys (ConfUtils.java:logGet(44)) - raft.server.rpc.timeout.max = 5200ms (custom)
2022-02-17 09:51:51,810 [pool-311-thread-1] INFO  server.RaftServerConfigKeys (ConfUtils.java:logGet(44)) - raft.server.rpc.sleep.time = 25ms (default)
2022-02-17 09:51:51,811 [pool-311-thread-1] INFO  server.RaftServerConfigKeys (ConfUtils.java:logGet(44)) - raft.server.rpc.slowness.timeout = 300s (custom)
2022-02-17 09:51:51,811 [pool-311-thread-1] INFO  server.RaftServerConfigKeys (ConfUtils.java:logGet(44)) - raft.server.leaderelection.leader.step-down.wait-time = 10s (default)
2022-02-17 09:51:51,811 [pool-311-thread-1] INFO  server.RaftServerConfigKeys (ConfUtils.java:logGet(44)) - raft.server.sleep.deviation.threshold = 300ms (default)
2022-02-17 09:51:51,811 [pool-311-thread-1] INFO  server.RaftServerConfigKeys (ConfUtils.java:logGet(44)) - raft.server.log.appender.install.snapshot.enabled = false (custom)
2022-02-17 09:51:51,811 [pool-311-thread-1] INFO  server.RaftServer$Division (ServerState.java:<init>(105)) - f4424c5e-91a7-493f-93fe-daa52ca7d930@group-859D5207D13B: ConfigurationManager, init=-1: [f0cc5422-9efd-4116-8ef3-b34535e1b6d7|rpc:10.1.0.34:43555|dataStream:|priority:1, f4424c5e-91a7-493f-93fe-daa52ca7d930|rpc:10.1.0.34:41855|dataStream:|priority:0, bd759d25-a637-4f5f-8c6b-7b0ed24d7d4d|rpc:10.1.0.34:34023|dataStream:|priority:0], old=null, confs=<EMPTY_MAP>
2022-02-17 09:51:51,811 [pool-311-thread-1] INFO  server.RaftServerConfigKeys (ConfUtils.java:logGet(44)) - raft.server.storage.dir = [/home/runner/work/ozone/ozone/hadoop-ozone/integration-test/target/test-dir/MiniOzoneClusterImpl-4105d4c2-fd18-4823-a771-66c9e1d1d95d/datanode-1/data/ratis] (custom)
2022-02-17 09:51:51,811 [pool-311-thread-1] INFO  server.RaftServerConfigKeys (ConfUtils.java:logGet(44)) - raft.server.log.corruption.policy = EXCEPTION (default)
2022-02-17 09:51:51,812 [pool-311-thread-1] INFO  server.RaftServerConfigKeys (ConfUtils.java:logGet(44)) - raft.server.storage.free-space.min = 0MB (=0) (default)
2022-02-17 09:51:51,812 [pool-311-thread-1] INFO  storage.RaftStorageDirectory (RaftStorageDirectoryImpl.java:analyzeStorage(135)) - The storage directory /home/runner/work/ozone/ozone/hadoop-ozone/integration-test/target/test-dir/MiniOzoneClusterImpl-4105d4c2-fd18-4823-a771-66c9e1d1d95d/datanode-1/data/ratis/8e997423-6970-49c8-8aad-859d5207d13b does not exist. Creating ...
2022-02-17 09:51:51,813 [pool-311-thread-1] INFO  storage.RaftStorageDirectory (RaftStorageDirectoryImpl.java:tryLock(230)) - Lock on /home/runner/work/ozone/ozone/hadoop-ozone/integration-test/target/test-dir/MiniOzoneClusterImpl-4105d4c2-fd18-4823-a771-66c9e1d1d95d/datanode-1/data/ratis/8e997423-6970-49c8-8aad-859d5207d13b/in_use.lock acquired by nodename 20538@fv-az294-236
2022-02-17 09:51:51,817 [pool-311-thread-1] INFO  storage.RaftStorage (RaftStorageImpl.java:format(89)) - Storage directory /home/runner/work/ozone/ozone/hadoop-ozone/integration-test/target/test-dir/MiniOzoneClusterImpl-4105d4c2-fd18-4823-a771-66c9e1d1d95d/datanode-1/data/ratis/8e997423-6970-49c8-8aad-859d5207d13b has been successfully formatted.
2022-02-17 09:51:51,821 [pool-311-thread-1] INFO  ratis.ContainerStateMachine (ContainerStateMachine.java:loadSnapshot(236)) - group-859D5207D13B: The snapshot info is null. Setting the last applied indexto:(t:0, i:~)
2022-02-17 09:51:51,821 [pool-311-thread-1] INFO  server.RaftServerConfigKeys (ConfUtils.java:logGet(44)) - raft.server.notification.no-leader.timeout = 300s (custom)
2022-02-17 09:51:51,821 [pool-311-thread-1] INFO  server.RaftServerConfigKeys (ConfUtils.java:logGet(44)) - raft.server.log.use.memory = false (default)
2022-02-17 09:51:51,821 [pool-311-thread-1] INFO  server.RaftServerConfigKeys (ConfUtils.java:logGet(44)) - raft.server.log.purge.gap = 1000000 (custom)
2022-02-17 09:51:51,821 [pool-311-thread-1] INFO  server.RaftServerConfigKeys (ConfUtils.java:logGet(44)) - raft.server.log.appender.buffer.byte-limit = 33554432 (custom)
2022-02-17 09:51:51,822 [pool-311-thread-1] INFO  server.RaftServerConfigKeys (ConfUtils.java:logGet(44)) - raft.server.log.segment.size.max = 1048576 (custom)
2022-02-17 09:51:51,822 [pool-311-thread-1] INFO  server.RaftServerConfigKeys (ConfUtils.java:logGet(44)) - raft.server.log.segment.cache.num.max = 2 (custom)
2022-02-17 09:51:51,822 [pool-311-thread-1] INFO  server.RaftServerConfigKeys (ConfUtils.java:logGet(44)) - raft.server.log.segment.cache.size.max = 200MB (=209715200) (default)
2022-02-17 09:51:51,822 [pool-311-thread-1] INFO  segmented.SegmentedRaftLogWorker (SegmentedRaftLogWorker.java:<init>(182)) - new f4424c5e-91a7-493f-93fe-daa52ca7d930@group-859D5207D13B-SegmentedRaftLogWorker for RaftStorageImpl:Storage Directory /home/runner/work/ozone/ozone/hadoop-ozone/integration-test/target/test-dir/MiniOzoneClusterImpl-4105d4c2-fd18-4823-a771-66c9e1d1d95d/datanode-1/data/ratis/8e997423-6970-49c8-8aad-859d5207d13b
2022-02-17 09:51:51,822 [pool-311-thread-1] INFO  server.RaftServerConfigKeys (ConfUtils.java:logGet(44)) - raft.server.log.queue.byte-limit = 4294967296 (custom)
2022-02-17 09:51:51,823 [pool-311-thread-1] INFO  server.RaftServerConfigKeys (ConfUtils.java:logGet(44)) - raft.server.log.queue.element-limit = 1024 (custom)
2022-02-17 09:51:51,823 [pool-311-thread-1] INFO  server.RaftServerConfigKeys (ConfUtils.java:logGet(44)) - raft.server.log.segment.size.max = 1048576 (custom)
2022-02-17 09:51:51,823 [pool-311-thread-1] INFO  server.RaftServerConfigKeys (ConfUtils.java:logGet(44)) - raft.server.log.preallocated.size = 16384 (custom)
2022-02-17 09:51:51,823 [pool-311-thread-1] INFO  server.RaftServerConfigKeys (ConfUtils.java:logGet(44)) - raft.server.log.force.sync.num = 128 (default)
2022-02-17 09:51:51,823 [pool-311-thread-1] INFO  server.RaftServerConfigKeys (ConfUtils.java:logGet(44)) - raft.server.log.statemachine.data.sync = true (default)
2022-02-17 09:51:51,823 [pool-311-thread-1] INFO  server.RaftServerConfigKeys (ConfUtils.java:logGet(44)) - raft.server.log.statemachine.data.sync.timeout = 10s (default)
2022-02-17 09:51:51,823 [pool-311-thread-1] INFO  server.RaftServerConfigKeys (ConfUtils.java:logGet(44)) - raft.server.log.statemachine.data.sync.timeout.retry = -1 (default)
2022-02-17 09:51:51,829 [pool-311-thread-1] INFO  server.RaftServerConfigKeys (ConfUtils.java:logGet(44)) - raft.server.log.write.buffer.size = 1048576 (custom)
2022-02-17 09:51:51,830 [pool-311-thread-1] INFO  server.RaftServerConfigKeys (ConfUtils.java:logGet(44)) - raft.server.log.statemachine.data.caching.enabled = true (custom)
2022-02-17 09:51:51,830 [pool-311-thread-1] INFO  segmented.SegmentedRaftLogWorker (SegmentedRaftLogWorker.java:lambda$new$0(133)) - f4424c5e-91a7-493f-93fe-daa52ca7d930@group-859D5207D13B-SegmentedRaftLogWorker: flushIndex: setUnconditionally 0 -> -1
2022-02-17 09:51:51,830 [pool-311-thread-1] INFO  segmented.SegmentedRaftLogWorker (SegmentedRaftLogWorker.java:lambda$new$0(133)) - f4424c5e-91a7-493f-93fe-daa52ca7d930@group-859D5207D13B-SegmentedRaftLogWorker: safeCacheEvictIndex: setUnconditionally 0 -> -1
2022-02-17 09:51:51,839 [pool-311-thread-1] INFO  server.RaftServerConfigKeys (ConfUtils.java:logGet(44)) - raft.server.snapshot.auto.trigger.enabled = true (custom)
2022-02-17 09:51:51,839 [pool-311-thread-1] INFO  server.RaftServerConfigKeys (ConfUtils.java:logGet(44)) - raft.server.snapshot.auto.trigger.threshold = 10000 (custom)
2022-02-17 09:51:51,839 [pool-311-thread-1] INFO  server.RaftServerConfigKeys (ConfUtils.java:logGet(44)) - raft.server.snapshot.retention.file.num = 5 (custom)
2022-02-17 09:51:51,839 [pool-311-thread-1] INFO  server.RaftServerConfigKeys (ConfUtils.java:logGet(44)) - raft.server.log.purge.upto.snapshot.index = false (default)
2022-02-17 09:51:51,839 [pool-311-thread-1] INFO  server.RaftServerConfigKeys (ConfUtils.java:logGet(44)) - raft.server.retrycache.expirytime = 600000ms (custom)
2022-02-17 09:51:51,839 [pool-311-thread-1] INFO  server.RaftServerConfigKeys (ConfUtils.java:logGet(44)) - raft.server.retrycache.statistics.expirytime = 100μs (default)
2022-02-17 09:51:51,846 [pool-311-thread-1] INFO  server.RaftServer$Division (RaftServerImpl.java:start(301)) - f4424c5e-91a7-493f-93fe-daa52ca7d930@group-859D5207D13B: start as a follower, conf=-1: [f0cc5422-9efd-4116-8ef3-b34535e1b6d7|rpc:10.1.0.34:43555|dataStream:|priority:1, f4424c5e-91a7-493f-93fe-daa52ca7d930|rpc:10.1.0.34:41855|dataStream:|priority:0, bd759d25-a637-4f5f-8c6b-7b0ed24d7d4d|rpc:10.1.0.34:34023|dataStream:|priority:0], old=null
2022-02-17 09:51:51,846 [pool-311-thread-1] INFO  server.RaftServer$Division (RaftServerImpl.java:setRole(290)) - f4424c5e-91a7-493f-93fe-daa52ca7d930@group-859D5207D13B: changes role from      null to FOLLOWER at term 0 for startAsFollower
2022-02-17 09:51:51,846 [pool-311-thread-1] INFO  impl.RoleInfo (RoleInfo.java:updateAndGet(130)) - f4424c5e-91a7-493f-93fe-daa52ca7d930: start f4424c5e-91a7-493f-93fe-daa52ca7d930@group-859D5207D13B-FollowerState
2022-02-17 09:51:51,855 [pool-311-thread-1] INFO  util.JmxRegister (JmxRegister.java:tryRegister(44)) - Successfully registered JMX Bean with object name Ratis:service=RaftServer,group=group-859D5207D13B,id=f4424c5e-91a7-493f-93fe-daa52ca7d930
2022-02-17 09:51:51,891 [Command processor thread] INFO  commandhandler.CreatePipelineCommandHandler (CreatePipelineCommandHandler.java:handle(106)) - Created Pipeline RATIS THREE PipelineID=8e997423-6970-49c8-8aad-859d5207d13b.
2022-02-17 09:51:52,681 [Listener at 127.0.0.1/44505] INFO  ozone.MiniOzoneClusterImpl (MiniOzoneClusterImpl.java:lambda$waitForClusterToBeReady$0(219)) - Nodes are ready. Got 3 of 3 DN Heartbeats.
2022-02-17 09:51:52,681 [Listener at 127.0.0.1/44505] INFO  ozone.MiniOzoneClusterImpl (MiniOzoneClusterImpl.java:lambda$waitForClusterToBeReady$0(222)) - Waiting for cluster to exit safe mode
2022-02-17 09:51:52,682 [Listener at 127.0.0.1/44505] INFO  ozone.MiniOzoneClusterImpl (MiniOzoneClusterImpl.java:lambda$waitForClusterToBeReady$0(224)) - SCM became leader
2022-02-17 09:51:53,682 [Listener at 127.0.0.1/44505] INFO  ozone.MiniOzoneClusterImpl (MiniOzoneClusterImpl.java:lambda$waitForClusterToBeReady$0(219)) - Nodes are ready. Got 3 of 3 DN Heartbeats.
2022-02-17 09:51:53,682 [Listener at 127.0.0.1/44505] INFO  ozone.MiniOzoneClusterImpl (MiniOzoneClusterImpl.java:lambda$waitForClusterToBeReady$0(222)) - Waiting for cluster to exit safe mode
2022-02-17 09:51:53,682 [Listener at 127.0.0.1/44505] INFO  ozone.MiniOzoneClusterImpl (MiniOzoneClusterImpl.java:lambda$waitForClusterToBeReady$0(224)) - SCM became leader
2022-02-17 09:51:54,682 [Listener at 127.0.0.1/44505] INFO  ozone.MiniOzoneClusterImpl (MiniOzoneClusterImpl.java:lambda$waitForClusterToBeReady$0(219)) - Nodes are ready. Got 3 of 3 DN Heartbeats.
2022-02-17 09:51:54,683 [Listener at 127.0.0.1/44505] INFO  ozone.MiniOzoneClusterImpl (MiniOzoneClusterImpl.java:lambda$waitForClusterToBeReady$0(222)) - Waiting for cluster to exit safe mode
2022-02-17 09:51:54,683 [Listener at 127.0.0.1/44505] INFO  ozone.MiniOzoneClusterImpl (MiniOzoneClusterImpl.java:lambda$waitForClusterToBeReady$0(224)) - SCM became leader
2022-02-17 09:51:55,683 [Listener at 127.0.0.1/44505] INFO  ozone.MiniOzoneClusterImpl (MiniOzoneClusterImpl.java:lambda$waitForClusterToBeReady$0(219)) - Nodes are ready. Got 3 of 3 DN Heartbeats.
2022-02-17 09:51:55,683 [Listener at 127.0.0.1/44505] INFO  ozone.MiniOzoneClusterImpl (MiniOzoneClusterImpl.java:lambda$waitForClusterToBeReady$0(222)) - Waiting for cluster to exit safe mode
2022-02-17 09:51:55,683 [Listener at 127.0.0.1/44505] INFO  ozone.MiniOzoneClusterImpl (MiniOzoneClusterImpl.java:lambda$waitForClusterToBeReady$0(224)) - SCM became leader
2022-02-17 09:51:56,684 [Listener at 127.0.0.1/44505] INFO  ozone.MiniOzoneClusterImpl (MiniOzoneClusterImpl.java:lambda$waitForClusterToBeReady$0(219)) - Nodes are ready. Got 3 of 3 DN Heartbeats.
2022-02-17 09:51:56,684 [Listener at 127.0.0.1/44505] INFO  ozone.MiniOzoneClusterImpl (MiniOzoneClusterImpl.java:lambda$waitForClusterToBeReady$0(222)) - Waiting for cluster to exit safe mode
2022-02-17 09:51:56,684 [Listener at 127.0.0.1/44505] INFO  ozone.MiniOzoneClusterImpl (MiniOzoneClusterImpl.java:lambda$waitForClusterToBeReady$0(224)) - SCM became leader
2022-02-17 09:51:56,693 [bd759d25-a637-4f5f-8c6b-7b0ed24d7d4d@group-859D5207D13B-FollowerState] INFO  impl.FollowerState (FollowerState.java:run(134)) - bd759d25-a637-4f5f-8c6b-7b0ed24d7d4d@group-859D5207D13B-FollowerState: change to CANDIDATE, lastRpcElapsedTime:5073182192ns, electionTimeout:5072ms
2022-02-17 09:51:56,694 [bd759d25-a637-4f5f-8c6b-7b0ed24d7d4d@group-859D5207D13B-FollowerState] INFO  impl.RoleInfo (RoleInfo.java:shutdownFollowerState(108)) - bd759d25-a637-4f5f-8c6b-7b0ed24d7d4d: shutdown bd759d25-a637-4f5f-8c6b-7b0ed24d7d4d@group-859D5207D13B-FollowerState
2022-02-17 09:51:56,694 [bd759d25-a637-4f5f-8c6b-7b0ed24d7d4d@group-859D5207D13B-FollowerState] INFO  server.RaftServer$Division (RaftServerImpl.java:setRole(290)) - bd759d25-a637-4f5f-8c6b-7b0ed24d7d4d@group-859D5207D13B: changes role from  FOLLOWER to CANDIDATE at term 0 for changeToCandidate
2022-02-17 09:51:56,695 [bd759d25-a637-4f5f-8c6b-7b0ed24d7d4d@group-859D5207D13B-FollowerState] INFO  server.RaftServerConfigKeys (ConfUtils.java:logGet(44)) - raft.server.leaderelection.pre-vote = false (custom)
2022-02-17 09:51:56,695 [bd759d25-a637-4f5f-8c6b-7b0ed24d7d4d@group-859D5207D13B-FollowerState] INFO  impl.RoleInfo (RoleInfo.java:updateAndGet(130)) - bd759d25-a637-4f5f-8c6b-7b0ed24d7d4d: start bd759d25-a637-4f5f-8c6b-7b0ed24d7d4d@group-859D5207D13B-LeaderElection5
2022-02-17 09:51:56,709 [bd759d25-a637-4f5f-8c6b-7b0ed24d7d4d@group-859D5207D13B-LeaderElection5] INFO  impl.LeaderElection (LeaderElection.java:askForVotes(306)) - bd759d25-a637-4f5f-8c6b-7b0ed24d7d4d@group-859D5207D13B-LeaderElection5 ELECTION round 0: submit vote requests at term 1 for -1: [f0cc5422-9efd-4116-8ef3-b34535e1b6d7|rpc:10.1.0.34:43555|priority:1, f4424c5e-91a7-493f-93fe-daa52ca7d930|rpc:10.1.0.34:41855|priority:0, bd759d25-a637-4f5f-8c6b-7b0ed24d7d4d|rpc:10.1.0.34:34023|priority:0], old=null
2022-02-17 09:51:56,754 [grpc-default-executor-0] INFO  server.RaftServer$Division (RaftServerImpl.java:requestVote(1046)) - f0cc5422-9efd-4116-8ef3-b34535e1b6d7@group-859D5207D13B: receive requestVote(ELECTION, bd759d25-a637-4f5f-8c6b-7b0ed24d7d4d, group-859D5207D13B, 1, (t:0, i:0))
2022-02-17 09:51:56,755 [grpc-default-executor-0] INFO  impl.VoteContext (VoteContext.java:log(48)) - f0cc5422-9efd-4116-8ef3-b34535e1b6d7@group-859D5207D13B-FOLLOWER: reject ELECTION from bd759d25-a637-4f5f-8c6b-7b0ed24d7d4d: our priority 1 > candidate's priority 0
2022-02-17 09:51:56,755 [grpc-default-executor-0] INFO  server.RaftServer$Division (RaftServerImpl.java:setRole(290)) - f0cc5422-9efd-4116-8ef3-b34535e1b6d7@group-859D5207D13B: changes role from  FOLLOWER to FOLLOWER at term 1 for candidate:bd759d25-a637-4f5f-8c6b-7b0ed24d7d4d
2022-02-17 09:51:56,755 [grpc-default-executor-0] INFO  impl.RoleInfo (RoleInfo.java:shutdownFollowerState(108)) - f0cc5422-9efd-4116-8ef3-b34535e1b6d7: shutdown f0cc5422-9efd-4116-8ef3-b34535e1b6d7@group-859D5207D13B-FollowerState
2022-02-17 09:51:56,755 [grpc-default-executor-0] INFO  impl.RoleInfo (RoleInfo.java:updateAndGet(130)) - f0cc5422-9efd-4116-8ef3-b34535e1b6d7: start f0cc5422-9efd-4116-8ef3-b34535e1b6d7@group-859D5207D13B-FollowerState
2022-02-17 09:51:56,755 [f0cc5422-9efd-4116-8ef3-b34535e1b6d7@group-859D5207D13B-FollowerState] INFO  impl.FollowerState (FollowerState.java:run(143)) - f0cc5422-9efd-4116-8ef3-b34535e1b6d7@group-859D5207D13B-FollowerState was interrupted: {}
java.lang.InterruptedException: sleep interrupted
	at java.lang.Thread.sleep(Native Method)
	at java.lang.Thread.sleep(Thread.java:340)
	at java.util.concurrent.TimeUnit.sleep(TimeUnit.java:386)
	at org.apache.ratis.util.TimeDuration.sleep(TimeDuration.java:324)
	at org.apache.ratis.util.TimeDuration.sleep(TimeDuration.java:309)
	at org.apache.ratis.server.impl.FollowerState.run(FollowerState.java:118)
2022-02-17 09:51:56,763 [grpc-default-executor-4] INFO  server.RaftServer$Division (RaftServerImpl.java:requestVote(1046)) - f4424c5e-91a7-493f-93fe-daa52ca7d930@group-859D5207D13B: receive requestVote(ELECTION, bd759d25-a637-4f5f-8c6b-7b0ed24d7d4d, group-859D5207D13B, 1, (t:0, i:0))
2022-02-17 09:51:56,763 [grpc-default-executor-4] INFO  impl.VoteContext (VoteContext.java:log(48)) - f4424c5e-91a7-493f-93fe-daa52ca7d930@group-859D5207D13B-FOLLOWER: accept ELECTION from bd759d25-a637-4f5f-8c6b-7b0ed24d7d4d: our priority 0 <= candidate's priority 0
2022-02-17 09:51:56,763 [grpc-default-executor-4] INFO  server.RaftServer$Division (RaftServerImpl.java:setRole(290)) - f4424c5e-91a7-493f-93fe-daa52ca7d930@group-859D5207D13B: changes role from  FOLLOWER to FOLLOWER at term 1 for candidate:bd759d25-a637-4f5f-8c6b-7b0ed24d7d4d
2022-02-17 09:51:56,763 [grpc-default-executor-4] INFO  impl.RoleInfo (RoleInfo.java:shutdownFollowerState(108)) - f4424c5e-91a7-493f-93fe-daa52ca7d930: shutdown f4424c5e-91a7-493f-93fe-daa52ca7d930@group-859D5207D13B-FollowerState
2022-02-17 09:51:56,763 [grpc-default-executor-4] INFO  impl.RoleInfo (RoleInfo.java:updateAndGet(130)) - f4424c5e-91a7-493f-93fe-daa52ca7d930: start f4424c5e-91a7-493f-93fe-daa52ca7d930@group-859D5207D13B-FollowerState
2022-02-17 09:51:56,763 [f4424c5e-91a7-493f-93fe-daa52ca7d930@group-859D5207D13B-FollowerState] INFO  impl.FollowerState (FollowerState.java:run(143)) - f4424c5e-91a7-493f-93fe-daa52ca7d930@group-859D5207D13B-FollowerState was interrupted: {}
java.lang.InterruptedException: sleep interrupted
	at java.lang.Thread.sleep(Native Method)
	at java.lang.Thread.sleep(Thread.java:340)
	at java.util.concurrent.TimeUnit.sleep(TimeUnit.java:386)
	at org.apache.ratis.util.TimeDuration.sleep(TimeDuration.java:324)
	at org.apache.ratis.util.TimeDuration.sleep(TimeDuration.java:309)
	at org.apache.ratis.server.impl.FollowerState.run(FollowerState.java:118)
2022-02-17 09:51:56,773 [grpc-default-executor-4] INFO  server.RaftServer$Division (RaftServerImpl.java:requestVote(1078)) - f4424c5e-91a7-493f-93fe-daa52ca7d930@group-859D5207D13B replies to ELECTION vote request: bd759d25-a637-4f5f-8c6b-7b0ed24d7d4d<-f4424c5e-91a7-493f-93fe-daa52ca7d930#0:OK-t1. Peer's state: f4424c5e-91a7-493f-93fe-daa52ca7d930@group-859D5207D13B:t1, leader=null, voted=bd759d25-a637-4f5f-8c6b-7b0ed24d7d4d, raftlog=f4424c5e-91a7-493f-93fe-daa52ca7d930@group-859D5207D13B-SegmentedRaftLog:OPENED:c-1, conf=-1: [f0cc5422-9efd-4116-8ef3-b34535e1b6d7|rpc:10.1.0.34:43555|dataStream:|priority:1, f4424c5e-91a7-493f-93fe-daa52ca7d930|rpc:10.1.0.34:41855|dataStream:|priority:0, bd759d25-a637-4f5f-8c6b-7b0ed24d7d4d|rpc:10.1.0.34:34023|dataStream:|priority:0], old=null
2022-02-17 09:51:56,773 [grpc-default-executor-0] INFO  server.RaftServer$Division (RaftServerImpl.java:requestVote(1078)) - f0cc5422-9efd-4116-8ef3-b34535e1b6d7@group-859D5207D13B replies to ELECTION vote request: bd759d25-a637-4f5f-8c6b-7b0ed24d7d4d<-f0cc5422-9efd-4116-8ef3-b34535e1b6d7#0:FAIL-t1. Peer's state: f0cc5422-9efd-4116-8ef3-b34535e1b6d7@group-859D5207D13B:t1, leader=null, voted=null, raftlog=f0cc5422-9efd-4116-8ef3-b34535e1b6d7@group-859D5207D13B-SegmentedRaftLog:OPENED:c-1, conf=-1: [f0cc5422-9efd-4116-8ef3-b34535e1b6d7|rpc:10.1.0.34:43555|dataStream:|priority:1, f4424c5e-91a7-493f-93fe-daa52ca7d930|rpc:10.1.0.34:41855|dataStream:|priority:0, bd759d25-a637-4f5f-8c6b-7b0ed24d7d4d|rpc:10.1.0.34:34023|dataStream:|priority:0], old=null
2022-02-17 09:51:56,790 [bd759d25-a637-4f5f-8c6b-7b0ed24d7d4d@group-859D5207D13B-LeaderElection5] INFO  impl.LeaderElection (LeaderElection.java:logAndReturn(89)) - bd759d25-a637-4f5f-8c6b-7b0ed24d7d4d@group-859D5207D13B-LeaderElection5: ELECTION REJECTED received 1 response(s) and 0 exception(s):
2022-02-17 09:51:56,791 [bd759d25-a637-4f5f-8c6b-7b0ed24d7d4d@group-859D5207D13B-LeaderElection5] INFO  impl.LeaderElection (LeaderElection.java:logAndReturn(93)) -   Response 0: bd759d25-a637-4f5f-8c6b-7b0ed24d7d4d<-f0cc5422-9efd-4116-8ef3-b34535e1b6d7#0:FAIL-t1
2022-02-17 09:51:56,791 [bd759d25-a637-4f5f-8c6b-7b0ed24d7d4d@group-859D5207D13B-LeaderElection5] INFO  impl.LeaderElection (LeaderElection.java:askForVotes(308)) - bd759d25-a637-4f5f-8c6b-7b0ed24d7d4d@group-859D5207D13B-LeaderElection5 ELECTION round 0: result REJECTED
2022-02-17 09:51:56,791 [bd759d25-a637-4f5f-8c6b-7b0ed24d7d4d@group-859D5207D13B-LeaderElection5] INFO  server.RaftServer$Division (RaftServerImpl.java:setRole(290)) - bd759d25-a637-4f5f-8c6b-7b0ed24d7d4d@group-859D5207D13B: changes role from CANDIDATE to FOLLOWER at term 1 for REJECTED
2022-02-17 09:51:56,791 [bd759d25-a637-4f5f-8c6b-7b0ed24d7d4d@group-859D5207D13B-LeaderElection5] INFO  impl.RoleInfo (RoleInfo.java:shutdownLeaderElection(121)) - bd759d25-a637-4f5f-8c6b-7b0ed24d7d4d: shutdown bd759d25-a637-4f5f-8c6b-7b0ed24d7d4d@group-859D5207D13B-LeaderElection5
2022-02-17 09:51:56,791 [bd759d25-a637-4f5f-8c6b-7b0ed24d7d4d@group-859D5207D13B-LeaderElection5] INFO  impl.RoleInfo (RoleInfo.java:updateAndGet(130)) - bd759d25-a637-4f5f-8c6b-7b0ed24d7d4d: start bd759d25-a637-4f5f-8c6b-7b0ed24d7d4d@group-859D5207D13B-FollowerState
2022-02-17 09:51:57,684 [Listener at 127.0.0.1/44505] INFO  ozone.MiniOzoneClusterImpl (MiniOzoneClusterImpl.java:lambda$waitForClusterToBeReady$0(219)) - Nodes are ready. Got 3 of 3 DN Heartbeats.
2022-02-17 09:51:57,686 [Listener at 127.0.0.1/44505] INFO  ozone.MiniOzoneClusterImpl (MiniOzoneClusterImpl.java:lambda$waitForClusterToBeReady$0(222)) - Waiting for cluster to exit safe mode
2022-02-17 09:51:57,686 [Listener at 127.0.0.1/44505] INFO  ozone.MiniOzoneClusterImpl (MiniOzoneClusterImpl.java:lambda$waitForClusterToBeReady$0(224)) - SCM became leader
2022-02-17 09:51:58,687 [Listener at 127.0.0.1/44505] INFO  ozone.MiniOzoneClusterImpl (MiniOzoneClusterImpl.java:lambda$waitForClusterToBeReady$0(219)) - Nodes are ready. Got 3 of 3 DN Heartbeats.
2022-02-17 09:51:58,687 [Listener at 127.0.0.1/44505] INFO  ozone.MiniOzoneClusterImpl (MiniOzoneClusterImpl.java:lambda$waitForClusterToBeReady$0(222)) - Waiting for cluster to exit safe mode
2022-02-17 09:51:58,687 [Listener at 127.0.0.1/44505] INFO  ozone.MiniOzoneClusterImpl (MiniOzoneClusterImpl.java:lambda$waitForClusterToBeReady$0(224)) - SCM became leader
2022-02-17 09:51:59,687 [Listener at 127.0.0.1/44505] INFO  ozone.MiniOzoneClusterImpl (MiniOzoneClusterImpl.java:lambda$waitForClusterToBeReady$0(219)) - Nodes are ready. Got 3 of 3 DN Heartbeats.
2022-02-17 09:51:59,687 [Listener at 127.0.0.1/44505] INFO  ozone.MiniOzoneClusterImpl (MiniOzoneClusterImpl.java:lambda$waitForClusterToBeReady$0(222)) - Waiting for cluster to exit safe mode
2022-02-17 09:51:59,688 [Listener at 127.0.0.1/44505] INFO  ozone.MiniOzoneClusterImpl (MiniOzoneClusterImpl.java:lambda$waitForClusterToBeReady$0(224)) - SCM became leader
2022-02-17 09:52:00,688 [Listener at 127.0.0.1/44505] INFO  ozone.MiniOzoneClusterImpl (MiniOzoneClusterImpl.java:lambda$waitForClusterToBeReady$0(219)) - Nodes are ready. Got 3 of 3 DN Heartbeats.
2022-02-17 09:52:00,688 [Listener at 127.0.0.1/44505] INFO  ozone.MiniOzoneClusterImpl (MiniOzoneClusterImpl.java:lambda$waitForClusterToBeReady$0(222)) - Waiting for cluster to exit safe mode
2022-02-17 09:52:00,688 [Listener at 127.0.0.1/44505] INFO  ozone.MiniOzoneClusterImpl (MiniOzoneClusterImpl.java:lambda$waitForClusterToBeReady$0(224)) - SCM became leader
2022-02-17 09:52:01,689 [Listener at 127.0.0.1/44505] INFO  ozone.MiniOzoneClusterImpl (MiniOzoneClusterImpl.java:lambda$waitForClusterToBeReady$0(219)) - Nodes are ready. Got 3 of 3 DN Heartbeats.
2022-02-17 09:52:01,689 [Listener at 127.0.0.1/44505] INFO  ozone.MiniOzoneClusterImpl (MiniOzoneClusterImpl.java:lambda$waitForClusterToBeReady$0(222)) - Waiting for cluster to exit safe mode
2022-02-17 09:52:01,689 [Listener at 127.0.0.1/44505] INFO  ozone.MiniOzoneClusterImpl (MiniOzoneClusterImpl.java:lambda$waitForClusterToBeReady$0(224)) - SCM became leader
2022-02-17 09:52:01,791 [f0cc5422-9efd-4116-8ef3-b34535e1b6d7@group-859D5207D13B-FollowerState] INFO  impl.FollowerState (FollowerState.java:run(134)) - f0cc5422-9efd-4116-8ef3-b34535e1b6d7@group-859D5207D13B-FollowerState: change to CANDIDATE, lastRpcElapsedTime:5036311883ns, electionTimeout:5017ms
2022-02-17 09:52:01,791 [f0cc5422-9efd-4116-8ef3-b34535e1b6d7@group-859D5207D13B-FollowerState] INFO  impl.RoleInfo (RoleInfo.java:shutdownFollowerState(108)) - f0cc5422-9efd-4116-8ef3-b34535e1b6d7: shutdown f0cc5422-9efd-4116-8ef3-b34535e1b6d7@group-859D5207D13B-FollowerState
2022-02-17 09:52:01,792 [f0cc5422-9efd-4116-8ef3-b34535e1b6d7@group-859D5207D13B-FollowerState] INFO  server.RaftServer$Division (RaftServerImpl.java:setRole(290)) - f0cc5422-9efd-4116-8ef3-b34535e1b6d7@group-859D5207D13B: changes role from  FOLLOWER to CANDIDATE at term 1 for changeToCandidate
2022-02-17 09:52:01,793 [f0cc5422-9efd-4116-8ef3-b34535e1b6d7@group-859D5207D13B-FollowerState] INFO  server.RaftServerConfigKeys (ConfUtils.java:logGet(44)) - raft.server.leaderelection.pre-vote = false (custom)
2022-02-17 09:52:01,793 [f0cc5422-9efd-4116-8ef3-b34535e1b6d7@group-859D5207D13B-FollowerState] INFO  impl.RoleInfo (RoleInfo.java:updateAndGet(130)) - f0cc5422-9efd-4116-8ef3-b34535e1b6d7: start f0cc5422-9efd-4116-8ef3-b34535e1b6d7@group-859D5207D13B-LeaderElection6
2022-02-17 09:52:01,807 [f0cc5422-9efd-4116-8ef3-b34535e1b6d7@group-859D5207D13B-LeaderElection6] INFO  impl.LeaderElection (LeaderElection.java:askForVotes(306)) - f0cc5422-9efd-4116-8ef3-b34535e1b6d7@group-859D5207D13B-LeaderElection6 ELECTION round 0: submit vote requests at term 2 for -1: [f0cc5422-9efd-4116-8ef3-b34535e1b6d7|rpc:10.1.0.34:43555|dataStream:|priority:1, f4424c5e-91a7-493f-93fe-daa52ca7d930|rpc:10.1.0.34:41855|dataStream:|priority:0, bd759d25-a637-4f5f-8c6b-7b0ed24d7d4d|rpc:10.1.0.34:34023|dataStream:|priority:0], old=null
2022-02-17 09:52:01,835 [grpc-default-executor-4] INFO  server.RaftServer$Division (RaftServerImpl.java:requestVote(1046)) - f4424c5e-91a7-493f-93fe-daa52ca7d930@group-859D5207D13B: receive requestVote(ELECTION, f0cc5422-9efd-4116-8ef3-b34535e1b6d7, group-859D5207D13B, 2, (t:0, i:0))
2022-02-17 09:52:01,835 [grpc-default-executor-4] INFO  impl.VoteContext (VoteContext.java:log(48)) - f4424c5e-91a7-493f-93fe-daa52ca7d930@group-859D5207D13B-FOLLOWER: accept ELECTION from f0cc5422-9efd-4116-8ef3-b34535e1b6d7: our priority 0 <= candidate's priority 1
2022-02-17 09:52:01,835 [grpc-default-executor-4] INFO  server.RaftServer$Division (RaftServerImpl.java:setRole(290)) - f4424c5e-91a7-493f-93fe-daa52ca7d930@group-859D5207D13B: changes role from  FOLLOWER to FOLLOWER at term 2 for candidate:f0cc5422-9efd-4116-8ef3-b34535e1b6d7
2022-02-17 09:52:01,836 [grpc-default-executor-4] INFO  impl.RoleInfo (RoleInfo.java:shutdownFollowerState(108)) - f4424c5e-91a7-493f-93fe-daa52ca7d930: shutdown f4424c5e-91a7-493f-93fe-daa52ca7d930@group-859D5207D13B-FollowerState
2022-02-17 09:52:01,836 [grpc-default-executor-4] INFO  impl.RoleInfo (RoleInfo.java:updateAndGet(130)) - f4424c5e-91a7-493f-93fe-daa52ca7d930: start f4424c5e-91a7-493f-93fe-daa52ca7d930@group-859D5207D13B-FollowerState
2022-02-17 09:52:01,838 [grpc-default-executor-4] INFO  server.RaftServer$Division (RaftServerImpl.java:requestVote(1078)) - f4424c5e-91a7-493f-93fe-daa52ca7d930@group-859D5207D13B replies to ELECTION vote request: f0cc5422-9efd-4116-8ef3-b34535e1b6d7<-f4424c5e-91a7-493f-93fe-daa52ca7d930#0:OK-t2. Peer's state: f4424c5e-91a7-493f-93fe-daa52ca7d930@group-859D5207D13B:t2, leader=null, voted=f0cc5422-9efd-4116-8ef3-b34535e1b6d7, raftlog=f4424c5e-91a7-493f-93fe-daa52ca7d930@group-859D5207D13B-SegmentedRaftLog:OPENED:c-1, conf=-1: [f0cc5422-9efd-4116-8ef3-b34535e1b6d7|rpc:10.1.0.34:43555|dataStream:|priority:1, f4424c5e-91a7-493f-93fe-daa52ca7d930|rpc:10.1.0.34:41855|dataStream:|priority:0, bd759d25-a637-4f5f-8c6b-7b0ed24d7d4d|rpc:10.1.0.34:34023|dataStream:|priority:0], old=null
2022-02-17 09:52:01,839 [f4424c5e-91a7-493f-93fe-daa52ca7d930@group-859D5207D13B-FollowerState] INFO  impl.FollowerState (FollowerState.java:run(134)) - f4424c5e-91a7-493f-93fe-daa52ca7d930@group-859D5207D13B-FollowerState: change to CANDIDATE, lastRpcElapsedTime:5066045374ns, electionTimeout:5059ms
2022-02-17 09:52:01,846 [f4424c5e-91a7-493f-93fe-daa52ca7d930@group-859D5207D13B-FollowerState] INFO  impl.RoleInfo (RoleInfo.java:shutdownFollowerState(108)) - f4424c5e-91a7-493f-93fe-daa52ca7d930: shutdown f4424c5e-91a7-493f-93fe-daa52ca7d930@group-859D5207D13B-FollowerState
2022-02-17 09:52:01,846 [f4424c5e-91a7-493f-93fe-daa52ca7d930@group-859D5207D13B-FollowerState] INFO  server.RaftServer$Division (RaftServerImpl.java:setRole(290)) - f4424c5e-91a7-493f-93fe-daa52ca7d930@group-859D5207D13B: changes role from  FOLLOWER to CANDIDATE at term 2 for changeToCandidate
2022-02-17 09:52:01,856 [f4424c5e-91a7-493f-93fe-daa52ca7d930@group-859D5207D13B-FollowerState] INFO  server.RaftServerConfigKeys (ConfUtils.java:logGet(44)) - raft.server.leaderelection.pre-vote = false (custom)
2022-02-17 09:52:01,856 [f4424c5e-91a7-493f-93fe-daa52ca7d930@group-859D5207D13B-FollowerState] INFO  impl.RoleInfo (RoleInfo.java:updateAndGet(130)) - f4424c5e-91a7-493f-93fe-daa52ca7d930: start f4424c5e-91a7-493f-93fe-daa52ca7d930@group-859D5207D13B-LeaderElection7
2022-02-17 09:52:01,861 [f0cc5422-9efd-4116-8ef3-b34535e1b6d7@group-859D5207D13B-LeaderElection6] INFO  impl.LeaderElection (LeaderElection.java:logAndReturn(89)) - f0cc5422-9efd-4116-8ef3-b34535e1b6d7@group-859D5207D13B-LeaderElection6: ELECTION PASSED received 1 response(s) and 0 exception(s):
2022-02-17 09:52:01,873 [f0cc5422-9efd-4116-8ef3-b34535e1b6d7@group-859D5207D13B-LeaderElection6] INFO  impl.LeaderElection (LeaderElection.java:logAndReturn(93)) -   Response 0: f0cc5422-9efd-4116-8ef3-b34535e1b6d7<-f4424c5e-91a7-493f-93fe-daa52ca7d930#0:OK-t2
2022-02-17 09:52:01,874 [f0cc5422-9efd-4116-8ef3-b34535e1b6d7@group-859D5207D13B-LeaderElection6] INFO  impl.LeaderElection (LeaderElection.java:askForVotes(308)) - f0cc5422-9efd-4116-8ef3-b34535e1b6d7@group-859D5207D13B-LeaderElection6 ELECTION round 0: result PASSED
2022-02-17 09:52:01,874 [f0cc5422-9efd-4116-8ef3-b34535e1b6d7@group-859D5207D13B-LeaderElection6] INFO  impl.RoleInfo (RoleInfo.java:shutdownLeaderElection(121)) - f0cc5422-9efd-4116-8ef3-b34535e1b6d7: shutdown f0cc5422-9efd-4116-8ef3-b34535e1b6d7@group-859D5207D13B-LeaderElection6
2022-02-17 09:52:01,874 [f0cc5422-9efd-4116-8ef3-b34535e1b6d7@group-859D5207D13B-LeaderElection6] INFO  server.RaftServer$Division (RaftServerImpl.java:setRole(290)) - f0cc5422-9efd-4116-8ef3-b34535e1b6d7@group-859D5207D13B: changes role from CANDIDATE to LEADER at term 2 for changeToLeader
2022-02-17 09:52:01,874 [f0cc5422-9efd-4116-8ef3-b34535e1b6d7@group-859D5207D13B-LeaderElection6] INFO  ratis.XceiverServerRatis (XceiverServerRatis.java:handleLeaderChangedNotification(867)) - Leader change notification received for group: group-859D5207D13B with new leaderId: f0cc5422-9efd-4116-8ef3-b34535e1b6d7
2022-02-17 09:52:01,874 [f0cc5422-9efd-4116-8ef3-b34535e1b6d7@group-859D5207D13B-LeaderElection6] INFO  server.RaftServer$Division (ServerState.java:setLeader(285)) - f0cc5422-9efd-4116-8ef3-b34535e1b6d7@group-859D5207D13B: change Leader from null to f0cc5422-9efd-4116-8ef3-b34535e1b6d7 at term 2 for becomeLeader, leader elected after 10192ms
2022-02-17 09:52:01,874 [f0cc5422-9efd-4116-8ef3-b34535e1b6d7@group-859D5207D13B-LeaderElection6] INFO  server.RaftServerConfigKeys (ConfUtils.java:logGet(44)) - raft.server.staging.catchup.gap = 1000 (default)
2022-02-17 09:52:01,874 [f4424c5e-91a7-493f-93fe-daa52ca7d930@group-859D5207D13B-LeaderElection7] INFO  impl.LeaderElection (LeaderElection.java:askForVotes(306)) - f4424c5e-91a7-493f-93fe-daa52ca7d930@group-859D5207D13B-LeaderElection7 ELECTION round 0: submit vote requests at term 3 for -1: [f0cc5422-9efd-4116-8ef3-b34535e1b6d7|rpc:10.1.0.34:43555|dataStream:|priority:1, f4424c5e-91a7-493f-93fe-daa52ca7d930|rpc:10.1.0.34:41855|dataStream:|priority:0, bd759d25-a637-4f5f-8c6b-7b0ed24d7d4d|rpc:10.1.0.34:34023|dataStream:|priority:0], old=null
2022-02-17 09:52:01,874 [grpc-default-executor-4] INFO  server.RaftServer$Division (RaftServerImpl.java:requestVote(1046)) - bd759d25-a637-4f5f-8c6b-7b0ed24d7d4d@group-859D5207D13B: receive requestVote(ELECTION, f0cc5422-9efd-4116-8ef3-b34535e1b6d7, group-859D5207D13B, 2, (t:0, i:0))
2022-02-17 09:52:01,881 [grpc-default-executor-4] INFO  impl.VoteContext (VoteContext.java:log(48)) - bd759d25-a637-4f5f-8c6b-7b0ed24d7d4d@group-859D5207D13B-FOLLOWER: accept ELECTION from f0cc5422-9efd-4116-8ef3-b34535e1b6d7: our priority 0 <= candidate's priority 1
2022-02-17 09:52:01,881 [grpc-default-executor-4] INFO  server.RaftServer$Division (RaftServerImpl.java:setRole(290)) - bd759d25-a637-4f5f-8c6b-7b0ed24d7d4d@group-859D5207D13B: changes role from  FOLLOWER to FOLLOWER at term 2 for candidate:f0cc5422-9efd-4116-8ef3-b34535e1b6d7
2022-02-17 09:52:01,881 [grpc-default-executor-4] INFO  impl.RoleInfo (RoleInfo.java:shutdownFollowerState(108)) - bd759d25-a637-4f5f-8c6b-7b0ed24d7d4d: shutdown bd759d25-a637-4f5f-8c6b-7b0ed24d7d4d@group-859D5207D13B-FollowerState
2022-02-17 09:52:01,881 [grpc-default-executor-4] INFO  impl.RoleInfo (RoleInfo.java:updateAndGet(130)) - bd759d25-a637-4f5f-8c6b-7b0ed24d7d4d: start bd759d25-a637-4f5f-8c6b-7b0ed24d7d4d@group-859D5207D13B-FollowerState
2022-02-17 09:52:01,883 [bd759d25-a637-4f5f-8c6b-7b0ed24d7d4d@group-859D5207D13B-FollowerState] INFO  impl.FollowerState (FollowerState.java:run(143)) - bd759d25-a637-4f5f-8c6b-7b0ed24d7d4d@group-859D5207D13B-FollowerState was interrupted: {}
java.lang.InterruptedException: sleep interrupted
	at java.lang.Thread.sleep(Native Method)
	at java.lang.Thread.sleep(Thread.java:340)
	at java.util.concurrent.TimeUnit.sleep(TimeUnit.java:386)
	at org.apache.ratis.util.TimeDuration.sleep(TimeDuration.java:324)
	at org.apache.ratis.util.TimeDuration.sleep(TimeDuration.java:309)
	at org.apache.ratis.server.impl.FollowerState.run(FollowerState.java:118)
2022-02-17 09:52:01,910 [grpc-default-executor-4] INFO  server.RaftServer$Division (RaftServerImpl.java:requestVote(1078)) - bd759d25-a637-4f5f-8c6b-7b0ed24d7d4d@group-859D5207D13B replies to ELECTION vote request: f0cc5422-9efd-4116-8ef3-b34535e1b6d7<-bd759d25-a637-4f5f-8c6b-7b0ed24d7d4d#0:OK-t2. Peer's state: bd759d25-a637-4f5f-8c6b-7b0ed24d7d4d@group-859D5207D13B:t2, leader=null, voted=f0cc5422-9efd-4116-8ef3-b34535e1b6d7, raftlog=bd759d25-a637-4f5f-8c6b-7b0ed24d7d4d@group-859D5207D13B-SegmentedRaftLog:OPENED:c-1, conf=-1: [f0cc5422-9efd-4116-8ef3-b34535e1b6d7|rpc:10.1.0.34:43555|priority:1, f4424c5e-91a7-493f-93fe-daa52ca7d930|rpc:10.1.0.34:41855|priority:0, bd759d25-a637-4f5f-8c6b-7b0ed24d7d4d|rpc:10.1.0.34:34023|priority:0], old=null
2022-02-17 09:52:01,885 [EventQueue-PipelineReportForPipelineReportHandler] INFO  pipeline.PipelineManagerImpl (PipelineManagerImpl.java:openPipeline(291)) - Pipeline Pipeline[ Id: 8e997423-6970-49c8-8aad-859d5207d13b, Nodes: f0cc5422-9efd-4116-8ef3-b34535e1b6d7{ip: 10.1.0.34, host: fv-az294-236.eaanfquahm5ulb5tj050gcxych.jx.internal.cloudapp.net, ports: [REPLICATION=45647, RATIS=43555, RATIS_ADMIN=43555, RATIS_SERVER=43555, STANDALONE=38453], networkLocation: /default-rack, certSerialId: null, persistedOpState: IN_SERVICE, persistedOpStateExpiryEpochSec: 0}bd759d25-a637-4f5f-8c6b-7b0ed24d7d4d{ip: 10.1.0.34, host: fv-az294-236.eaanfquahm5ulb5tj050gcxych.jx.internal.cloudapp.net, ports: [REPLICATION=42667, RATIS=34023, RATIS_ADMIN=34023, RATIS_SERVER=34023, STANDALONE=36185], networkLocation: /default-rack, certSerialId: null, persistedOpState: IN_SERVICE, persistedOpStateExpiryEpochSec: 0}f4424c5e-91a7-493f-93fe-daa52ca7d930{ip: 10.1.0.34, host: fv-az294-236.eaanfquahm5ulb5tj050gcxych.jx.internal.cloudapp.net, ports: [REPLICATION=37611, RATIS=41855, RATIS_ADMIN=41855, RATIS_SERVER=41855, STANDALONE=45887], networkLocation: /default-rack, certSerialId: null, persistedOpState: IN_SERVICE, persistedOpStateExpiryEpochSec: 0}, ReplicationConfig: RATIS/THREE, State:ALLOCATED, leaderId:f0cc5422-9efd-4116-8ef3-b34535e1b6d7, CreationTimestamp2022-02-17T09:51:49.694Z[Etc/UTC]] moved to OPEN state
2022-02-17 09:52:01,883 [f0cc5422-9efd-4116-8ef3-b34535e1b6d7@group-859D5207D13B-LeaderElection6] INFO  server.RaftServerConfigKeys (ConfUtils.java:logGet(44)) - raft.server.write.element-limit = 1024 (custom)
2022-02-17 09:52:01,935 [f0cc5422-9efd-4116-8ef3-b34535e1b6d7@group-859D5207D13B-LeaderElection6] INFO  server.RaftServerConfigKeys (ConfUtils.java:logGet(44)) - raft.server.write.byte-limit = 1024 M (=1073741824) (custom)
2022-02-17 09:52:01,936 [f0cc5422-9efd-4116-8ef3-b34535e1b6d7@group-859D5207D13B-LeaderElection6] INFO  server.RaftServerConfigKeys (ConfUtils.java:logGet(44)) - raft.server.watch.timeout = 180s (custom)
2022-02-17 09:52:01,936 [f0cc5422-9efd-4116-8ef3-b34535e1b6d7@group-859D5207D13B-LeaderElection6] INFO  server.RaftServerConfigKeys (ConfUtils.java:logGet(44)) - raft.server.watch.timeout.denomination = 1s (default)
2022-02-17 09:52:01,936 [f0cc5422-9efd-4116-8ef3-b34535e1b6d7@group-859D5207D13B-LeaderElection6] INFO  server.RaftServerConfigKeys (ConfUtils.java:logGet(44)) - raft.server.watch.element-limit = 65536 (default)
2022-02-17 09:52:01,936 [f0cc5422-9efd-4116-8ef3-b34535e1b6d7@group-859D5207D13B-LeaderElection6] INFO  server.RaftServerConfigKeys (ConfUtils.java:logGet(44)) - raft.server.write.element-limit = 1024 (custom)
2022-02-17 09:52:01,936 [f0cc5422-9efd-4116-8ef3-b34535e1b6d7@group-859D5207D13B-LeaderElection6] INFO  server.RaftServerConfigKeys (ConfUtils.java:logGet(44)) - raft.server.write.follower.gap.ratio.max = -1.0 (default)
2022-02-17 09:52:01,936 [f0cc5422-9efd-4116-8ef3-b34535e1b6d7@group-859D5207D13B-LeaderElection6] INFO  server.RaftServerConfigKeys (ConfUtils.java:logGet(44)) - raft.server.log.appender.snapshot.chunk.size.max = 16MB (=16777216) (default)
2022-02-17 09:52:01,936 [f0cc5422-9efd-4116-8ef3-b34535e1b6d7@group-859D5207D13B-LeaderElection6] INFO  server.RaftServerConfigKeys (ConfUtils.java:logGet(44)) - raft.server.log.appender.buffer.byte-limit = 33554432 (custom)
2022-02-17 09:52:01,936 [f0cc5422-9efd-4116-8ef3-b34535e1b6d7@group-859D5207D13B-LeaderElection6] INFO  server.RaftServerConfigKeys (ConfUtils.java:logGet(44)) - raft.server.log.appender.buffer.element-limit = 1 (custom)
2022-02-17 09:52:01,938 [grpc-default-executor-4] INFO  server.RaftServer$Division (RaftServerImpl.java:requestVote(1046)) - f0cc5422-9efd-4116-8ef3-b34535e1b6d7@group-859D5207D13B: receive requestVote(ELECTION, f4424c5e-91a7-493f-93fe-daa52ca7d930, group-859D5207D13B, 3, (t:0, i:0))
2022-02-17 09:52:01,946 [f0cc5422-9efd-4116-8ef3-b34535e1b6d7@group-859D5207D13B-LeaderElection6] INFO  grpc.GrpcConfigKeys (ConfUtils.java:logGet(44)) - raft.grpc.server.leader.outstanding.appends.max = 128 (default)
2022-02-17 09:52:01,946 [f0cc5422-9efd-4116-8ef3-b34535e1b6d7@group-859D5207D13B-LeaderElection6] INFO  server.RaftServerConfigKeys (ConfUtils.java:logGet(44)) - raft.server.rpc.request.timeout = 60s (custom)
2022-02-17 09:52:01,953 [f0cc5422-9efd-4116-8ef3-b34535e1b6d7@group-859D5207D13B-LeaderElection6] INFO  server.RaftServerConfigKeys (ConfUtils.java:logGet(44)) - raft.server.log.appender.install.snapshot.enabled = false (custom)
2022-02-17 09:52:01,949 [EventQueue-OpenPipelineForHealthyPipelineSafeModeRule] INFO  safemode.SCMSafeModeManager (HealthyPipelineSafeModeRule.java:process(124)) - SCM in safe mode. Healthy pipelines reported count is 1, required healthy pipeline reported count is 1
2022-02-17 09:52:01,953 [EventQueue-OpenPipelineForHealthyPipelineSafeModeRule] INFO  safemode.SCMSafeModeManager (SCMSafeModeManager.java:validateSafeModeExitRules(204)) - HealthyPipelineSafeModeRule rule is successfully validated
2022-02-17 09:52:01,953 [EventQueue-OpenPipelineForHealthyPipelineSafeModeRule] INFO  safemode.SCMSafeModeManager (SCMSafeModeManager.java:validateSafeModeExitRules(219)) - ScmSafeModeManager, all rules are successfully validated
2022-02-17 09:52:01,953 [EventQueue-OpenPipelineForHealthyPipelineSafeModeRule] INFO  safemode.SCMSafeModeManager (SCMSafeModeManager.java:exitSafeMode(248)) - SCM exiting safe mode.
2022-02-17 09:52:01,953 [EventQueue-OpenPipelineForHealthyPipelineSafeModeRule] WARN  events.EventQueue (EventQueue.java:fireEvent(194)) - No event handler registered for event TypedEvent{payloadType=SafeModeStatus, name='Safe mode status'}
2022-02-17 09:52:01,953 [EventQueue-OpenPipelineForHealthyPipelineSafeModeRule] INFO  ha.SCMContext (SCMContext.java:updateSafeModeStatus(211)) - Update SafeModeStatus from SafeModeStatus{safeModeStatus=true, preCheckPassed=true} to SafeModeStatus{safeModeStatus=false, preCheckPassed=true}.
2022-02-17 09:52:01,953 [EventQueue-OpenPipelineForHealthyPipelineSafeModeRule] INFO  pipeline.BackgroundPipelineCreator (BackgroundPipelineCreator.java:notifyStatusChanged(264)) - Service BackgroundPipelineCreator transitions to RUNNING.
2022-02-17 09:52:01,954 [EventQueue-OpenPipelineForHealthyPipelineSafeModeRule] INFO  container.ReplicationManager (ReplicationManager.java:notifyStatusChanged(1807)) - Service ReplicationManager transitions to RUNNING.
2022-02-17 09:52:01,954 [grpc-default-executor-0] INFO  server.RaftServer$Division (RaftServerImpl.java:requestVote(1046)) - bd759d25-a637-4f5f-8c6b-7b0ed24d7d4d@group-859D5207D13B: receive requestVote(ELECTION, f4424c5e-91a7-493f-93fe-daa52ca7d930, group-859D5207D13B, 3, (t:0, i:0))
2022-02-17 09:52:01,954 [grpc-default-executor-0] INFO  impl.VoteContext (VoteContext.java:log(48)) - bd759d25-a637-4f5f-8c6b-7b0ed24d7d4d@group-859D5207D13B-FOLLOWER: accept ELECTION from f4424c5e-91a7-493f-93fe-daa52ca7d930: our priority 0 <= candidate's priority 0
2022-02-17 09:52:01,954 [grpc-default-executor-0] INFO  server.RaftServer$Division (RaftServerImpl.java:setRole(290)) - bd759d25-a637-4f5f-8c6b-7b0ed24d7d4d@group-859D5207D13B: changes role from  FOLLOWER to FOLLOWER at term 3 for candidate:f4424c5e-91a7-493f-93fe-daa52ca7d930
2022-02-17 09:52:01,955 [grpc-default-executor-0] INFO  impl.RoleInfo (RoleInfo.java:shutdownFollowerState(108)) - bd759d25-a637-4f5f-8c6b-7b0ed24d7d4d: shutdown bd759d25-a637-4f5f-8c6b-7b0ed24d7d4d@group-859D5207D13B-FollowerState
2022-02-17 09:52:01,955 [grpc-default-executor-0] INFO  impl.RoleInfo (RoleInfo.java:updateAndGet(130)) - bd759d25-a637-4f5f-8c6b-7b0ed24d7d4d: start bd759d25-a637-4f5f-8c6b-7b0ed24d7d4d@group-859D5207D13B-FollowerState
2022-02-17 09:52:01,955 [bd759d25-a637-4f5f-8c6b-7b0ed24d7d4d@group-859D5207D13B-FollowerState] INFO  impl.FollowerState (FollowerState.java:run(143)) - bd759d25-a637-4f5f-8c6b-7b0ed24d7d4d@group-859D5207D13B-FollowerState was interrupted: {}
java.lang.InterruptedException: sleep interrupted
	at java.lang.Thread.sleep(Native Method)
	at java.lang.Thread.sleep(Thread.java:340)
	at java.util.concurrent.TimeUnit.sleep(TimeUnit.java:386)
	at org.apache.ratis.util.TimeDuration.sleep(TimeDuration.java:324)
	at org.apache.ratis.util.TimeDuration.sleep(TimeDuration.java:309)
	at org.apache.ratis.server.impl.FollowerState.run(FollowerState.java:118)
2022-02-17 09:52:01,958 [grpc-default-executor-0] INFO  server.RaftServer$Division (RaftServerImpl.java:requestVote(1078)) - bd759d25-a637-4f5f-8c6b-7b0ed24d7d4d@group-859D5207D13B replies to ELECTION vote request: f4424c5e-91a7-493f-93fe-daa52ca7d930<-bd759d25-a637-4f5f-8c6b-7b0ed24d7d4d#0:OK-t3. Peer's state: bd759d25-a637-4f5f-8c6b-7b0ed24d7d4d@group-859D5207D13B:t3, leader=null, voted=f4424c5e-91a7-493f-93fe-daa52ca7d930, raftlog=bd759d25-a637-4f5f-8c6b-7b0ed24d7d4d@group-859D5207D13B-SegmentedRaftLog:OPENED:c-1, conf=-1: [f0cc5422-9efd-4116-8ef3-b34535e1b6d7|rpc:10.1.0.34:43555|priority:1, f4424c5e-91a7-493f-93fe-daa52ca7d930|rpc:10.1.0.34:41855|priority:0, bd759d25-a637-4f5f-8c6b-7b0ed24d7d4d|rpc:10.1.0.34:34023|priority:0], old=null
2022-02-17 09:52:01,959 [f0cc5422-9efd-4116-8ef3-b34535e1b6d7@group-859D5207D13B-LeaderElection6] INFO  server.RaftServerConfigKeys (ConfUtils.java:logGet(44)) - raft.server.log.appender.snapshot.chunk.size.max = 16MB (=16777216) (default)
2022-02-17 09:52:01,959 [f0cc5422-9efd-4116-8ef3-b34535e1b6d7@group-859D5207D13B-LeaderElection6] INFO  server.RaftServerConfigKeys (ConfUtils.java:logGet(44)) - raft.server.log.appender.buffer.byte-limit = 33554432 (custom)
2022-02-17 09:52:01,959 [f0cc5422-9efd-4116-8ef3-b34535e1b6d7@group-859D5207D13B-LeaderElection6] INFO  server.RaftServerConfigKeys (ConfUtils.java:logGet(44)) - raft.server.log.appender.buffer.element-limit = 1 (custom)
2022-02-17 09:52:01,959 [f0cc5422-9efd-4116-8ef3-b34535e1b6d7@group-859D5207D13B-LeaderElection6] INFO  grpc.GrpcConfigKeys (ConfUtils.java:logGet(44)) - raft.grpc.server.leader.outstanding.appends.max = 128 (default)
2022-02-17 09:52:01,959 [f0cc5422-9efd-4116-8ef3-b34535e1b6d7@group-859D5207D13B-LeaderElection6] INFO  server.RaftServerConfigKeys (ConfUtils.java:logGet(44)) - raft.server.rpc.request.timeout = 60s (custom)
2022-02-17 09:52:01,959 [f0cc5422-9efd-4116-8ef3-b34535e1b6d7@group-859D5207D13B-LeaderElection6] INFO  server.RaftServerConfigKeys (ConfUtils.java:logGet(44)) - raft.server.log.appender.install.snapshot.enabled = false (custom)
2022-02-17 09:52:01,962 [f0cc5422-9efd-4116-8ef3-b34535e1b6d7@group-859D5207D13B-LeaderElection6] INFO  impl.RoleInfo (RoleInfo.java:updateAndGet(130)) - f0cc5422-9efd-4116-8ef3-b34535e1b6d7: start f0cc5422-9efd-4116-8ef3-b34535e1b6d7@group-859D5207D13B-LeaderStateImpl
2022-02-17 09:52:01,969 [f0cc5422-9efd-4116-8ef3-b34535e1b6d7@group-859D5207D13B-LeaderElection6] INFO  segmented.SegmentedRaftLogWorker (SegmentedRaftLogWorker.java:startLogSegment(394)) - f0cc5422-9efd-4116-8ef3-b34535e1b6d7@group-859D5207D13B-SegmentedRaftLogWorker: Starting segment from index:0
2022-02-17 09:52:01,972 [f0cc5422-9efd-4116-8ef3-b34535e1b6d7@group-859D5207D13B-SegmentedRaftLogWorker] INFO  segmented.SegmentedRaftLogWorker (SegmentedRaftLogWorker.java:execute(601)) - f0cc5422-9efd-4116-8ef3-b34535e1b6d7@group-859D5207D13B-SegmentedRaftLogWorker: created new log segment /home/runner/work/ozone/ozone/hadoop-ozone/integration-test/target/test-dir/MiniOzoneClusterImpl-4105d4c2-fd18-4823-a771-66c9e1d1d95d/datanode-2/data/ratis/8e997423-6970-49c8-8aad-859d5207d13b/current/log_inprogress_0
2022-02-17 09:52:01,985 [f0cc5422-9efd-4116-8ef3-b34535e1b6d7@group-859D5207D13B-LeaderElection6] INFO  server.RaftServer$Division (ServerState.java:setRaftConf(387)) - f0cc5422-9efd-4116-8ef3-b34535e1b6d7@group-859D5207D13B: set configuration 0: [f0cc5422-9efd-4116-8ef3-b34535e1b6d7|rpc:10.1.0.34:43555|dataStream:|priority:1, f4424c5e-91a7-493f-93fe-daa52ca7d930|rpc:10.1.0.34:41855|dataStream:|priority:0, bd759d25-a637-4f5f-8c6b-7b0ed24d7d4d|rpc:10.1.0.34:34023|dataStream:|priority:0], old=null
2022-02-17 09:52:01,997 [grpc-default-executor-4] INFO  impl.VoteContext (VoteContext.java:log(48)) - f0cc5422-9efd-4116-8ef3-b34535e1b6d7@group-859D5207D13B-LEADER: reject ELECTION from f4424c5e-91a7-493f-93fe-daa52ca7d930: our last entry (t:2, i:0) > candidate's last entry (t:0, i:0)
2022-02-17 09:52:01,997 [grpc-default-executor-4] INFO  server.RaftServer$Division (ServerState.java:setLeader(285)) - f0cc5422-9efd-4116-8ef3-b34535e1b6d7@group-859D5207D13B: change Leader from f0cc5422-9efd-4116-8ef3-b34535e1b6d7 to null at term 3 for updateCurrentTerm
2022-02-17 09:52:01,997 [grpc-default-executor-4] INFO  server.RaftServer$Division (RaftServerImpl.java:setRole(290)) - f0cc5422-9efd-4116-8ef3-b34535e1b6d7@group-859D5207D13B: changes role from    LEADER to FOLLOWER at term 3 for candidate:f4424c5e-91a7-493f-93fe-daa52ca7d930
2022-02-17 09:52:01,997 [grpc-default-executor-4] INFO  impl.RoleInfo (RoleInfo.java:shutdownLeaderState(91)) - f0cc5422-9efd-4116-8ef3-b34535e1b6d7: shutdown f0cc5422-9efd-4116-8ef3-b34535e1b6d7@group-859D5207D13B-LeaderStateImpl
2022-02-17 09:52:02,002 [grpc-default-executor-4] INFO  impl.PendingRequests (PendingRequests.java:sendNotLeaderResponses(282)) - f0cc5422-9efd-4116-8ef3-b34535e1b6d7@group-859D5207D13B-PendingRequests: sendNotLeaderResponses
2022-02-17 09:52:02,003 [grpc-default-executor-4] INFO  impl.RoleInfo (RoleInfo.java:updateAndGet(130)) - f0cc5422-9efd-4116-8ef3-b34535e1b6d7: start f0cc5422-9efd-4116-8ef3-b34535e1b6d7@group-859D5207D13B-FollowerState
2022-02-17 09:52:02,005 [grpc-default-executor-4] INFO  server.RaftServer$Division (RaftServerImpl.java:requestVote(1078)) - f0cc5422-9efd-4116-8ef3-b34535e1b6d7@group-859D5207D13B replies to ELECTION vote request: f4424c5e-91a7-493f-93fe-daa52ca7d930<-f0cc5422-9efd-4116-8ef3-b34535e1b6d7#0:FAIL-t3. Peer's state: f0cc5422-9efd-4116-8ef3-b34535e1b6d7@group-859D5207D13B:t3, leader=null, voted=null, raftlog=f0cc5422-9efd-4116-8ef3-b34535e1b6d7@group-859D5207D13B-SegmentedRaftLog:OPENED:c-1, conf=0: [f0cc5422-9efd-4116-8ef3-b34535e1b6d7|rpc:10.1.0.34:43555|dataStream:|priority:1, f4424c5e-91a7-493f-93fe-daa52ca7d930|rpc:10.1.0.34:41855|dataStream:|priority:0, bd759d25-a637-4f5f-8c6b-7b0ed24d7d4d|rpc:10.1.0.34:34023|dataStream:|priority:0], old=null
2022-02-17 09:52:02,007 [f4424c5e-91a7-493f-93fe-daa52ca7d930@group-859D5207D13B-LeaderElection7] INFO  impl.LeaderElection (LeaderElection.java:logAndReturn(89)) - f4424c5e-91a7-493f-93fe-daa52ca7d930@group-859D5207D13B-LeaderElection7: ELECTION REJECTED received 2 response(s) and 0 exception(s):
2022-02-17 09:52:02,007 [f4424c5e-91a7-493f-93fe-daa52ca7d930@group-859D5207D13B-LeaderElection7] INFO  impl.LeaderElection (LeaderElection.java:logAndReturn(93)) -   Response 0: f4424c5e-91a7-493f-93fe-daa52ca7d930<-f0cc5422-9efd-4116-8ef3-b34535e1b6d7#0:FAIL-t3
2022-02-17 09:52:02,007 [f4424c5e-91a7-493f-93fe-daa52ca7d930@group-859D5207D13B-LeaderElection7] INFO  impl.LeaderElection (LeaderElection.java:logAndReturn(93)) -   Response 1: f4424c5e-91a7-493f-93fe-daa52ca7d930<-bd759d25-a637-4f5f-8c6b-7b0ed24d7d4d#0:OK-t3
2022-02-17 09:52:02,007 [f4424c5e-91a7-493f-93fe-daa52ca7d930@group-859D5207D13B-LeaderElection7] INFO  impl.LeaderElection (LeaderElection.java:askForVotes(308)) - f4424c5e-91a7-493f-93fe-daa52ca7d930@group-859D5207D13B-LeaderElection7 ELECTION round 0: result REJECTED
2022-02-17 09:52:02,007 [f4424c5e-91a7-493f-93fe-daa52ca7d930@group-859D5207D13B-LeaderElection7] INFO  server.RaftServer$Division (RaftServerImpl.java:setRole(290)) - f4424c5e-91a7-493f-93fe-daa52ca7d930@group-859D5207D13B: changes role from CANDIDATE to FOLLOWER at term 3 for REJECTED
2022-02-17 09:52:02,007 [f4424c5e-91a7-493f-93fe-daa52ca7d930@group-859D5207D13B-LeaderElection7] INFO  impl.RoleInfo (RoleInfo.java:shutdownLeaderElection(121)) - f4424c5e-91a7-493f-93fe-daa52ca7d930: shutdown f4424c5e-91a7-493f-93fe-daa52ca7d930@group-859D5207D13B-LeaderElection7
2022-02-17 09:52:02,007 [f4424c5e-91a7-493f-93fe-daa52ca7d930@group-859D5207D13B-LeaderElection7] INFO  impl.RoleInfo (RoleInfo.java:updateAndGet(130)) - f4424c5e-91a7-493f-93fe-daa52ca7d930: start f4424c5e-91a7-493f-93fe-daa52ca7d930@group-859D5207D13B-FollowerState
2022-02-17 09:52:02,010 [grpc-default-executor-3] INFO  server.GrpcServerProtocolService (GrpcServerProtocolService.java:onCompleted(140)) - bd759d25-a637-4f5f-8c6b-7b0ed24d7d4d: Completed APPEND_ENTRIES, lastRequest: null
2022-02-17 09:52:02,010 [grpc-default-executor-2] INFO  server.GrpcServerProtocolService (GrpcServerProtocolService.java:onCompleted(140)) - f4424c5e-91a7-493f-93fe-daa52ca7d930: Completed APPEND_ENTRIES, lastRequest: null
2022-02-17 09:52:02,013 [grpc-default-executor-0] INFO  server.GrpcLogAppender (GrpcLogAppender.java:onCompleted(346)) - f0cc5422-9efd-4116-8ef3-b34535e1b6d7@group-859D5207D13B->bd759d25-a637-4f5f-8c6b-7b0ed24d7d4d-AppendLogResponseHandler: follower responses appendEntries COMPLETED
2022-02-17 09:52:02,013 [grpc-default-executor-4] INFO  server.GrpcLogAppender (GrpcLogAppender.java:onCompleted(346)) - f0cc5422-9efd-4116-8ef3-b34535e1b6d7@group-859D5207D13B->f4424c5e-91a7-493f-93fe-daa52ca7d930-AppendLogResponseHandler: follower responses appendEntries COMPLETED
2022-02-17 09:52:02,013 [grpc-default-executor-4] INFO  leader.FollowerInfo (FollowerInfoImpl.java:lambda$new$0(47)) - f0cc5422-9efd-4116-8ef3-b34535e1b6d7@group-859D5207D13B->f4424c5e-91a7-493f-93fe-daa52ca7d930: nextIndex: updateUnconditionally 0 -> 0
2022-02-17 09:52:02,013 [grpc-default-executor-0] INFO  leader.FollowerInfo (FollowerInfoImpl.java:lambda$new$0(47)) - f0cc5422-9efd-4116-8ef3-b34535e1b6d7@group-859D5207D13B->bd759d25-a637-4f5f-8c6b-7b0ed24d7d4d: nextIndex: updateUnconditionally 0 -> 0
2022-02-17 09:52:02,039 [SCMBlockDeletingService#0] DEBUG block.SCMBlockDeletingService (SCMBlockDeletingService.java:call(131)) - Running DeletedBlockTransactionScanner
2022-02-17 09:52:02,140 [SCMBlockDeletingService#0] DEBUG block.SCMBlockDeletingService (SCMBlockDeletingService.java:call(131)) - Running DeletedBlockTransactionScanner
2022-02-17 09:52:02,240 [SCMBlockDeletingService#0] DEBUG block.SCMBlockDeletingService (SCMBlockDeletingService.java:call(131)) - Running DeletedBlockTransactionScanner
2022-02-17 09:52:02,340 [SCMBlockDeletingService#0] DEBUG block.SCMBlockDeletingService (SCMBlockDeletingService.java:call(131)) - Running DeletedBlockTransactionScanner
2022-02-17 09:52:02,440 [SCMBlockDeletingService#0] DEBUG block.SCMBlockDeletingService (SCMBlockDeletingService.java:call(131)) - Running DeletedBlockTransactionScanner
2022-02-17 09:52:02,540 [SCMBlockDeletingService#0] DEBUG block.SCMBlockDeletingService (SCMBlockDeletingService.java:call(131)) - Running DeletedBlockTransactionScanner
2022-02-17 09:52:02,640 [SCMBlockDeletingService#0] DEBUG block.SCMBlockDeletingService (SCMBlockDeletingService.java:call(131)) - Running DeletedBlockTransactionScanner
2022-02-17 09:52:02,689 [Listener at 127.0.0.1/44505] INFO  ozone.MiniOzoneClusterImpl (MiniOzoneClusterImpl.java:lambda$waitForClusterToBeReady$0(219)) - Nodes are ready. Got 3 of 3 DN Heartbeats.
2022-02-17 09:52:02,689 [Listener at 127.0.0.1/44505] INFO  ozone.MiniOzoneClusterImpl (MiniOzoneClusterImpl.java:lambda$waitForClusterToBeReady$0(222)) - Cluster exits safe mode
2022-02-17 09:52:02,689 [Listener at 127.0.0.1/44505] INFO  ozone.MiniOzoneClusterImpl (MiniOzoneClusterImpl.java:lambda$waitForClusterToBeReady$0(224)) - SCM became leader
2022-02-17 09:52:02,740 [SCMBlockDeletingService#0] DEBUG block.SCMBlockDeletingService (SCMBlockDeletingService.java:call(131)) - Running DeletedBlockTransactionScanner
2022-02-17 09:52:02,840 [SCMBlockDeletingService#0] DEBUG block.SCMBlockDeletingService (SCMBlockDeletingService.java:call(131)) - Running DeletedBlockTransactionScanner
2022-02-17 09:52:02,940 [SCMBlockDeletingService#0] DEBUG block.SCMBlockDeletingService (SCMBlockDeletingService.java:call(131)) - Running DeletedBlockTransactionScanner
2022-02-17 09:52:03,040 [SCMBlockDeletingService#0] DEBUG block.SCMBlockDeletingService (SCMBlockDeletingService.java:call(131)) - Running DeletedBlockTransactionScanner
2022-02-17 09:52:03,103 [Listener at 127.0.0.1/44505] INFO  rpc.RpcClient (RpcClient.java:createVolume(399)) - Creating Volume: 54e79c12-f6d9-4b17-9d48-29ed1b4bcbef, with runner as owner and space quota set to -1 bytes, counts quota set to -1
2022-02-17 09:52:03,141 [SCMBlockDeletingService#0] DEBUG block.SCMBlockDeletingService (SCMBlockDeletingService.java:call(131)) - Running DeletedBlockTransactionScanner
2022-02-17 09:52:03,140 [OM StateMachine ApplyTransaction Thread - 0] INFO  volume.OMVolumeCreateRequest (OMVolumeCreateRequest.java:validateAndUpdateCache(195)) - created volume:54e79c12-f6d9-4b17-9d48-29ed1b4bcbef for user:runner
2022-02-17 09:52:03,155 [Listener at 127.0.0.1/44505] INFO  rpc.RpcClient (RpcClient.java:createBucket(562)) - Creating Bucket: 54e79c12-f6d9-4b17-9d48-29ed1b4bcbef/057277e8-a2cd-466e-952c-0d1c353e2e5c, with runner as owner and Versioning false and Storage Type set to DISK and Encryption set to false 
2022-02-17 09:52:03,199 [IPC Server handler 5 on default port 42959] INFO  ha.SequenceIdGenerator (SequenceIdGenerator.java:getNextId(127)) - Allocate a batch for containerId, change lastId from 0 to 1000.
2022-02-17 09:52:03,200 [IPC Server handler 5 on default port 42959] WARN  ha.SequenceIdGenerator (SequenceIdGenerator.java:allocateBatch(235)) - Failed to allocate a batch for localId, expected lastId is 0, actual lastId is 109611004723200000.
2022-02-17 09:52:03,200 [IPC Server handler 5 on default port 42959] INFO  ha.SequenceIdGenerator (SequenceIdGenerator.java:getNextId(127)) - Allocate a batch for localId, change lastId from 109611004723200000 to 109611004723201000.
2022-02-17 09:52:03,241 [SCMBlockDeletingService#0] DEBUG block.SCMBlockDeletingService (SCMBlockDeletingService.java:call(131)) - Running DeletedBlockTransactionScanner
2022-02-17 09:52:03,343 [SCMBlockDeletingService#0] DEBUG block.SCMBlockDeletingService (SCMBlockDeletingService.java:call(131)) - Running DeletedBlockTransactionScanner
2022-02-17 09:52:03,443 [SCMBlockDeletingService#0] DEBUG block.SCMBlockDeletingService (SCMBlockDeletingService.java:call(131)) - Running DeletedBlockTransactionScanner
2022-02-17 09:52:03,543 [SCMBlockDeletingService#0] DEBUG block.SCMBlockDeletingService (SCMBlockDeletingService.java:call(131)) - Running DeletedBlockTransactionScanner
2022-02-17 09:52:03,643 [SCMBlockDeletingService#0] DEBUG block.SCMBlockDeletingService (SCMBlockDeletingService.java:call(131)) - Running DeletedBlockTransactionScanner
2022-02-17 09:52:03,744 [SCMBlockDeletingService#0] DEBUG block.SCMBlockDeletingService (SCMBlockDeletingService.java:call(131)) - Running DeletedBlockTransactionScanner
2022-02-17 09:52:03,844 [SCMBlockDeletingService#0] DEBUG block.SCMBlockDeletingService (SCMBlockDeletingService.java:call(131)) - Running DeletedBlockTransactionScanner
2022-02-17 09:52:03,944 [SCMBlockDeletingService#0] DEBUG block.SCMBlockDeletingService (SCMBlockDeletingService.java:call(131)) - Running DeletedBlockTransactionScanner
2022-02-17 09:52:04,044 [SCMBlockDeletingService#0] DEBUG block.SCMBlockDeletingService (SCMBlockDeletingService.java:call(131)) - Running DeletedBlockTransactionScanner
2022-02-17 09:52:04,144 [SCMBlockDeletingService#0] DEBUG block.SCMBlockDeletingService (SCMBlockDeletingService.java:call(131)) - Running DeletedBlockTransactionScanner
2022-02-17 09:52:04,244 [SCMBlockDeletingService#0] DEBUG block.SCMBlockDeletingService (SCMBlockDeletingService.java:call(131)) - Running DeletedBlockTransactionScanner
2022-02-17 09:52:04,344 [SCMBlockDeletingService#0] DEBUG block.SCMBlockDeletingService (SCMBlockDeletingService.java:call(131)) - Running DeletedBlockTransactionScanner
2022-02-17 09:52:04,444 [SCMBlockDeletingService#0] DEBUG block.SCMBlockDeletingService (SCMBlockDeletingService.java:call(131)) - Running DeletedBlockTransactionScanner
2022-02-17 09:52:04,544 [SCMBlockDeletingService#0] DEBUG block.SCMBlockDeletingService (SCMBlockDeletingService.java:call(131)) - Running DeletedBlockTransactionScanner
2022-02-17 09:52:04,644 [SCMBlockDeletingService#0] DEBUG block.SCMBlockDeletingService (SCMBlockDeletingService.java:call(131)) - Running DeletedBlockTransactionScanner
2022-02-17 09:52:04,744 [SCMBlockDeletingService#0] DEBUG block.SCMBlockDeletingService (SCMBlockDeletingService.java:call(131)) - Running DeletedBlockTransactionScanner
2022-02-17 09:52:04,846 [SCMBlockDeletingService#0] DEBUG block.SCMBlockDeletingService (SCMBlockDeletingService.java:call(131)) - Running DeletedBlockTransactionScanner
2022-02-17 09:52:04,946 [SCMBlockDeletingService#0] DEBUG block.SCMBlockDeletingService (SCMBlockDeletingService.java:call(131)) - Running DeletedBlockTransactionScanner
2022-02-17 09:52:05,046 [SCMBlockDeletingService#0] DEBUG block.SCMBlockDeletingService (SCMBlockDeletingService.java:call(131)) - Running DeletedBlockTransactionScanner
2022-02-17 09:52:05,146 [SCMBlockDeletingService#0] DEBUG block.SCMBlockDeletingService (SCMBlockDeletingService.java:call(131)) - Running DeletedBlockTransactionScanner
2022-02-17 09:52:05,246 [SCMBlockDeletingService#0] DEBUG block.SCMBlockDeletingService (SCMBlockDeletingService.java:call(131)) - Running DeletedBlockTransactionScanner
2022-02-17 09:52:05,346 [SCMBlockDeletingService#0] DEBUG block.SCMBlockDeletingService (SCMBlockDeletingService.java:call(131)) - Running DeletedBlockTransactionScanner
2022-02-17 09:52:05,447 [SCMBlockDeletingService#0] DEBUG block.SCMBlockDeletingService (SCMBlockDeletingService.java:call(131)) - Running DeletedBlockTransactionScanner
2022-02-17 09:52:05,547 [SCMBlockDeletingService#0] DEBUG block.SCMBlockDeletingService (SCMBlockDeletingService.java:call(131)) - Running DeletedBlockTransactionScanner
2022-02-17 09:52:05,647 [SCMBlockDeletingService#0] DEBUG block.SCMBlockDeletingService (SCMBlockDeletingService.java:call(131)) - Running DeletedBlockTransactionScanner
2022-02-17 09:52:05,747 [SCMBlockDeletingService#0] DEBUG block.SCMBlockDeletingService (SCMBlockDeletingService.java:call(131)) - Running DeletedBlockTransactionScanner
2022-02-17 09:52:05,847 [SCMBlockDeletingService#0] DEBUG block.SCMBlockDeletingService (SCMBlockDeletingService.java:call(131)) - Running DeletedBlockTransactionScanner
2022-02-17 09:52:05,947 [SCMBlockDeletingService#0] DEBUG block.SCMBlockDeletingService (SCMBlockDeletingService.java:call(131)) - Running DeletedBlockTransactionScanner
2022-02-17 09:52:06,047 [SCMBlockDeletingService#0] DEBUG block.SCMBlockDeletingService (SCMBlockDeletingService.java:call(131)) - Running DeletedBlockTransactionScanner
2022-02-17 09:52:06,147 [SCMBlockDeletingService#0] DEBUG block.SCMBlockDeletingService (SCMBlockDeletingService.java:call(131)) - Running DeletedBlockTransactionScanner
2022-02-17 09:52:06,247 [SCMBlockDeletingService#0] DEBUG block.SCMBlockDeletingService (SCMBlockDeletingService.java:call(131)) - Running DeletedBlockTransactionScanner
2022-02-17 09:52:06,347 [SCMBlockDeletingService#0] DEBUG block.SCMBlockDeletingService (SCMBlockDeletingService.java:call(131)) - Running DeletedBlockTransactionScanner
2022-02-17 09:52:06,447 [SCMBlockDeletingService#0] DEBUG block.SCMBlockDeletingService (SCMBlockDeletingService.java:call(131)) - Running DeletedBlockTransactionScanner
2022-02-17 09:52:06,548 [SCMBlockDeletingService#0] DEBUG block.SCMBlockDeletingService (SCMBlockDeletingService.java:call(131)) - Running DeletedBlockTransactionScanner
2022-02-17 09:52:06,648 [SCMBlockDeletingService#0] DEBUG block.SCMBlockDeletingService (SCMBlockDeletingService.java:call(131)) - Running DeletedBlockTransactionScanner
2022-02-17 09:52:06,748 [SCMBlockDeletingService#0] DEBUG block.SCMBlockDeletingService (SCMBlockDeletingService.java:call(131)) - Running DeletedBlockTransactionScanner
2022-02-17 09:52:06,848 [SCMBlockDeletingService#0] DEBUG block.SCMBlockDeletingService (SCMBlockDeletingService.java:call(131)) - Running DeletedBlockTransactionScanner
2022-02-17 09:52:06,948 [SCMBlockDeletingService#0] DEBUG block.SCMBlockDeletingService (SCMBlockDeletingService.java:call(131)) - Running DeletedBlockTransactionScanner
2022-02-17 09:52:07,042 [bd759d25-a637-4f5f-8c6b-7b0ed24d7d4d@group-859D5207D13B-FollowerState] INFO  impl.FollowerState (FollowerState.java:run(134)) - bd759d25-a637-4f5f-8c6b-7b0ed24d7d4d@group-859D5207D13B-FollowerState: change to CANDIDATE, lastRpcElapsedTime:5084128429ns, electionTimeout:5074ms
2022-02-17 09:52:07,042 [bd759d25-a637-4f5f-8c6b-7b0ed24d7d4d@group-859D5207D13B-FollowerState] INFO  impl.RoleInfo (RoleInfo.java:shutdownFollowerState(108)) - bd759d25-a637-4f5f-8c6b-7b0ed24d7d4d: shutdown bd759d25-a637-4f5f-8c6b-7b0ed24d7d4d@group-859D5207D13B-FollowerState
2022-02-17 09:52:07,043 [bd759d25-a637-4f5f-8c6b-7b0ed24d7d4d@group-859D5207D13B-FollowerState] INFO  server.RaftServer$Division (RaftServerImpl.java:setRole(290)) - bd759d25-a637-4f5f-8c6b-7b0ed24d7d4d@group-859D5207D13B: changes role from  FOLLOWER to CANDIDATE at term 3 for changeToCandidate
2022-02-17 09:52:07,043 [bd759d25-a637-4f5f-8c6b-7b0ed24d7d4d@group-859D5207D13B-FollowerState] INFO  server.RaftServerConfigKeys (ConfUtils.java:logGet(44)) - raft.server.leaderelection.pre-vote = false (custom)
2022-02-17 09:52:07,043 [bd759d25-a637-4f5f-8c6b-7b0ed24d7d4d@group-859D5207D13B-FollowerState] INFO  impl.RoleInfo (RoleInfo.java:updateAndGet(130)) - bd759d25-a637-4f5f-8c6b-7b0ed24d7d4d: start bd759d25-a637-4f5f-8c6b-7b0ed24d7d4d@group-859D5207D13B-LeaderElection8
2022-02-17 09:52:07,059 [SCMBlockDeletingService#0] DEBUG block.SCMBlockDeletingService (SCMBlockDeletingService.java:call(131)) - Running DeletedBlockTransactionScanner
2022-02-17 09:52:07,065 [bd759d25-a637-4f5f-8c6b-7b0ed24d7d4d@group-859D5207D13B-LeaderElection8] INFO  impl.LeaderElection (LeaderElection.java:askForVotes(306)) - bd759d25-a637-4f5f-8c6b-7b0ed24d7d4d@group-859D5207D13B-LeaderElection8 ELECTION round 0: submit vote requests at term 4 for -1: [f0cc5422-9efd-4116-8ef3-b34535e1b6d7|rpc:10.1.0.34:43555|priority:1, f4424c5e-91a7-493f-93fe-daa52ca7d930|rpc:10.1.0.34:41855|priority:0, bd759d25-a637-4f5f-8c6b-7b0ed24d7d4d|rpc:10.1.0.34:34023|priority:0], old=null
2022-02-17 09:52:07,073 [f0cc5422-9efd-4116-8ef3-b34535e1b6d7@group-859D5207D13B-FollowerState] INFO  impl.FollowerState (FollowerState.java:run(134)) - f0cc5422-9efd-4116-8ef3-b34535e1b6d7@group-859D5207D13B-FollowerState: change to CANDIDATE, lastRpcElapsedTime:5070156546ns, electionTimeout:5069ms
2022-02-17 09:52:07,078 [f0cc5422-9efd-4116-8ef3-b34535e1b6d7@group-859D5207D13B-FollowerState] INFO  impl.RoleInfo (RoleInfo.java:shutdownFollowerState(108)) - f0cc5422-9efd-4116-8ef3-b34535e1b6d7: shutdown f0cc5422-9efd-4116-8ef3-b34535e1b6d7@group-859D5207D13B-FollowerState
2022-02-17 09:52:07,078 [f0cc5422-9efd-4116-8ef3-b34535e1b6d7@group-859D5207D13B-FollowerState] INFO  server.RaftServer$Division (RaftServerImpl.java:setRole(290)) - f0cc5422-9efd-4116-8ef3-b34535e1b6d7@group-859D5207D13B: changes role from  FOLLOWER to CANDIDATE at term 3 for changeToCandidate
2022-02-17 09:52:07,078 [grpc-default-executor-3] INFO  server.RaftServer$Division (RaftServerImpl.java:requestVote(1046)) - f0cc5422-9efd-4116-8ef3-b34535e1b6d7@group-859D5207D13B: receive requestVote(ELECTION, bd759d25-a637-4f5f-8c6b-7b0ed24d7d4d, group-859D5207D13B, 4, (t:0, i:0))
2022-02-17 09:52:07,078 [f0cc5422-9efd-4116-8ef3-b34535e1b6d7@group-859D5207D13B-FollowerState] INFO  server.RaftServerConfigKeys (ConfUtils.java:logGet(44)) - raft.server.leaderelection.pre-vote = false (custom)
2022-02-17 09:52:07,078 [f0cc5422-9efd-4116-8ef3-b34535e1b6d7@group-859D5207D13B-FollowerState] INFO  impl.RoleInfo (RoleInfo.java:updateAndGet(130)) - f0cc5422-9efd-4116-8ef3-b34535e1b6d7: start f0cc5422-9efd-4116-8ef3-b34535e1b6d7@group-859D5207D13B-LeaderElection9
2022-02-17 09:52:07,091 [grpc-default-executor-3] INFO  impl.VoteContext (VoteContext.java:log(48)) - f0cc5422-9efd-4116-8ef3-b34535e1b6d7@group-859D5207D13B-CANDIDATE: reject ELECTION from bd759d25-a637-4f5f-8c6b-7b0ed24d7d4d: our last entry (t:2, i:0) > candidate's last entry (t:0, i:0)
2022-02-17 09:52:07,091 [grpc-default-executor-3] INFO  server.RaftServer$Division (RaftServerImpl.java:setRole(290)) - f0cc5422-9efd-4116-8ef3-b34535e1b6d7@group-859D5207D13B: changes role from CANDIDATE to FOLLOWER at term 4 for candidate:bd759d25-a637-4f5f-8c6b-7b0ed24d7d4d
2022-02-17 09:52:07,091 [grpc-default-executor-3] INFO  impl.RoleInfo (RoleInfo.java:shutdownLeaderElection(121)) - f0cc5422-9efd-4116-8ef3-b34535e1b6d7: shutdown f0cc5422-9efd-4116-8ef3-b34535e1b6d7@group-859D5207D13B-LeaderElection9
2022-02-17 09:52:07,091 [grpc-default-executor-3] INFO  impl.RoleInfo (RoleInfo.java:updateAndGet(130)) - f0cc5422-9efd-4116-8ef3-b34535e1b6d7: start f0cc5422-9efd-4116-8ef3-b34535e1b6d7@group-859D5207D13B-FollowerState
2022-02-17 09:52:07,091 [f0cc5422-9efd-4116-8ef3-b34535e1b6d7@group-859D5207D13B-LeaderElection9] INFO  impl.LeaderElection (LeaderElection.java:run(230)) - f0cc5422-9efd-4116-8ef3-b34535e1b6d7@group-859D5207D13B-LeaderElection9: skip running since this is already CLOSING
2022-02-17 09:52:07,091 [grpc-default-executor-0] INFO  server.RaftServer$Division (RaftServerImpl.java:requestVote(1046)) - f4424c5e-91a7-493f-93fe-daa52ca7d930@group-859D5207D13B: receive requestVote(ELECTION, bd759d25-a637-4f5f-8c6b-7b0ed24d7d4d, group-859D5207D13B, 4, (t:0, i:0))
2022-02-17 09:52:07,092 [grpc-default-executor-0] INFO  impl.VoteContext (VoteContext.java:log(48)) - f4424c5e-91a7-493f-93fe-daa52ca7d930@group-859D5207D13B-FOLLOWER: accept ELECTION from bd759d25-a637-4f5f-8c6b-7b0ed24d7d4d: our priority 0 <= candidate's priority 0
2022-02-17 09:52:07,092 [grpc-default-executor-0] INFO  server.RaftServer$Division (RaftServerImpl.java:setRole(290)) - f4424c5e-91a7-493f-93fe-daa52ca7d930@group-859D5207D13B: changes role from  FOLLOWER to FOLLOWER at term 4 for candidate:bd759d25-a637-4f5f-8c6b-7b0ed24d7d4d
2022-02-17 09:52:07,093 [grpc-default-executor-0] INFO  impl.RoleInfo (RoleInfo.java:shutdownFollowerState(108)) - f4424c5e-91a7-493f-93fe-daa52ca7d930: shutdown f4424c5e-91a7-493f-93fe-daa52ca7d930@group-859D5207D13B-FollowerState
2022-02-17 09:52:07,093 [grpc-default-executor-0] INFO  impl.RoleInfo (RoleInfo.java:updateAndGet(130)) - f4424c5e-91a7-493f-93fe-daa52ca7d930: start f4424c5e-91a7-493f-93fe-daa52ca7d930@group-859D5207D13B-FollowerState
2022-02-17 09:52:07,093 [f4424c5e-91a7-493f-93fe-daa52ca7d930@group-859D5207D13B-FollowerState] INFO  impl.FollowerState (FollowerState.java:run(143)) - f4424c5e-91a7-493f-93fe-daa52ca7d930@group-859D5207D13B-FollowerState was interrupted: {}
java.lang.InterruptedException: sleep interrupted
	at java.lang.Thread.sleep(Native Method)
	at java.lang.Thread.sleep(Thread.java:340)
	at java.util.concurrent.TimeUnit.sleep(TimeUnit.java:386)
	at org.apache.ratis.util.TimeDuration.sleep(TimeDuration.java:324)
	at org.apache.ratis.util.TimeDuration.sleep(TimeDuration.java:309)
	at org.apache.ratis.server.impl.FollowerState.run(FollowerState.java:118)
2022-02-17 09:52:07,093 [grpc-default-executor-3] INFO  server.RaftServer$Division (RaftServerImpl.java:requestVote(1078)) - f0cc5422-9efd-4116-8ef3-b34535e1b6d7@group-859D5207D13B replies to ELECTION vote request: bd759d25-a637-4f5f-8c6b-7b0ed24d7d4d<-f0cc5422-9efd-4116-8ef3-b34535e1b6d7#0:FAIL-t4. Peer's state: f0cc5422-9efd-4116-8ef3-b34535e1b6d7@group-859D5207D13B:t4, leader=null, voted=null, raftlog=f0cc5422-9efd-4116-8ef3-b34535e1b6d7@group-859D5207D13B-SegmentedRaftLog:OPENED:c-1, conf=0: [f0cc5422-9efd-4116-8ef3-b34535e1b6d7|rpc:10.1.0.34:43555|dataStream:|priority:1, f4424c5e-91a7-493f-93fe-daa52ca7d930|rpc:10.1.0.34:41855|dataStream:|priority:0, bd759d25-a637-4f5f-8c6b-7b0ed24d7d4d|rpc:10.1.0.34:34023|dataStream:|priority:0], old=null
2022-02-17 09:52:07,099 [bd759d25-a637-4f5f-8c6b-7b0ed24d7d4d@group-859D5207D13B-LeaderElection8] INFO  impl.LeaderElection (LeaderElection.java:logAndReturn(89)) - bd759d25-a637-4f5f-8c6b-7b0ed24d7d4d@group-859D5207D13B-LeaderElection8: ELECTION REJECTED received 1 response(s) and 0 exception(s):
2022-02-17 09:52:07,099 [bd759d25-a637-4f5f-8c6b-7b0ed24d7d4d@group-859D5207D13B-LeaderElection8] INFO  impl.LeaderElection (LeaderElection.java:logAndReturn(93)) -   Response 0: bd759d25-a637-4f5f-8c6b-7b0ed24d7d4d<-f0cc5422-9efd-4116-8ef3-b34535e1b6d7#0:FAIL-t4
2022-02-17 09:52:07,099 [bd759d25-a637-4f5f-8c6b-7b0ed24d7d4d@group-859D5207D13B-LeaderElection8] INFO  impl.LeaderElection (LeaderElection.java:askForVotes(308)) - bd759d25-a637-4f5f-8c6b-7b0ed24d7d4d@group-859D5207D13B-LeaderElection8 ELECTION round 0: result REJECTED
2022-02-17 09:52:07,099 [bd759d25-a637-4f5f-8c6b-7b0ed24d7d4d@group-859D5207D13B-LeaderElection8] INFO  server.RaftServer$Division (RaftServerImpl.java:setRole(290)) - bd759d25-a637-4f5f-8c6b-7b0ed24d7d4d@group-859D5207D13B: changes role from CANDIDATE to FOLLOWER at term 4 for REJECTED
2022-02-17 09:52:07,099 [bd759d25-a637-4f5f-8c6b-7b0ed24d7d4d@group-859D5207D13B-LeaderElection8] INFO  impl.RoleInfo (RoleInfo.java:shutdownLeaderElection(121)) - bd759d25-a637-4f5f-8c6b-7b0ed24d7d4d: shutdown bd759d25-a637-4f5f-8c6b-7b0ed24d7d4d@group-859D5207D13B-LeaderElection8
2022-02-17 09:52:07,099 [bd759d25-a637-4f5f-8c6b-7b0ed24d7d4d@group-859D5207D13B-LeaderElection8] INFO  impl.RoleInfo (RoleInfo.java:updateAndGet(130)) - bd759d25-a637-4f5f-8c6b-7b0ed24d7d4d: start bd759d25-a637-4f5f-8c6b-7b0ed24d7d4d@group-859D5207D13B-FollowerState
2022-02-17 09:52:07,100 [grpc-default-executor-0] INFO  server.RaftServer$Division (RaftServerImpl.java:requestVote(1078)) - f4424c5e-91a7-493f-93fe-daa52ca7d930@group-859D5207D13B replies to ELECTION vote request: bd759d25-a637-4f5f-8c6b-7b0ed24d7d4d<-f4424c5e-91a7-493f-93fe-daa52ca7d930#0:OK-t4. Peer's state: f4424c5e-91a7-493f-93fe-daa52ca7d930@group-859D5207D13B:t4, leader=null, voted=bd759d25-a637-4f5f-8c6b-7b0ed24d7d4d, raftlog=f4424c5e-91a7-493f-93fe-daa52ca7d930@group-859D5207D13B-SegmentedRaftLog:OPENED:c-1, conf=-1: [f0cc5422-9efd-4116-8ef3-b34535e1b6d7|rpc:10.1.0.34:43555|dataStream:|priority:1, f4424c5e-91a7-493f-93fe-daa52ca7d930|rpc:10.1.0.34:41855|dataStream:|priority:0, bd759d25-a637-4f5f-8c6b-7b0ed24d7d4d|rpc:10.1.0.34:34023|dataStream:|priority:0], old=null
2022-02-17 09:52:07,159 [SCMBlockDeletingService#0] DEBUG block.SCMBlockDeletingService (SCMBlockDeletingService.java:call(131)) - Running DeletedBlockTransactionScanner
2022-02-17 09:52:07,261 [SCMBlockDeletingService#0] DEBUG block.SCMBlockDeletingService (SCMBlockDeletingService.java:call(131)) - Running DeletedBlockTransactionScanner
2022-02-17 09:52:07,361 [SCMBlockDeletingService#0] DEBUG block.SCMBlockDeletingService (SCMBlockDeletingService.java:call(131)) - Running DeletedBlockTransactionScanner
2022-02-17 09:52:07,461 [SCMBlockDeletingService#0] DEBUG block.SCMBlockDeletingService (SCMBlockDeletingService.java:call(131)) - Running DeletedBlockTransactionScanner
2022-02-17 09:52:07,561 [SCMBlockDeletingService#0] DEBUG block.SCMBlockDeletingService (SCMBlockDeletingService.java:call(131)) - Running DeletedBlockTransactionScanner
2022-02-17 09:52:07,662 [SCMBlockDeletingService#0] DEBUG block.SCMBlockDeletingService (SCMBlockDeletingService.java:call(131)) - Running DeletedBlockTransactionScanner
2022-02-17 09:52:07,762 [SCMBlockDeletingService#0] DEBUG block.SCMBlockDeletingService (SCMBlockDeletingService.java:call(131)) - Running DeletedBlockTransactionScanner
2022-02-17 09:52:07,862 [SCMBlockDeletingService#0] DEBUG block.SCMBlockDeletingService (SCMBlockDeletingService.java:call(131)) - Running DeletedBlockTransactionScanner
2022-02-17 09:52:07,962 [SCMBlockDeletingService#0] DEBUG block.SCMBlockDeletingService (SCMBlockDeletingService.java:call(131)) - Running DeletedBlockTransactionScanner
2022-02-17 09:52:08,062 [SCMBlockDeletingService#0] DEBUG block.SCMBlockDeletingService (SCMBlockDeletingService.java:call(131)) - Running DeletedBlockTransactionScanner
2022-02-17 09:52:08,162 [SCMBlockDeletingService#0] DEBUG block.SCMBlockDeletingService (SCMBlockDeletingService.java:call(131)) - Running DeletedBlockTransactionScanner
2022-02-17 09:52:08,262 [SCMBlockDeletingService#0] DEBUG block.SCMBlockDeletingService (SCMBlockDeletingService.java:call(131)) - Running DeletedBlockTransactionScanner
2022-02-17 09:52:08,365 [SCMBlockDeletingService#0] DEBUG block.SCMBlockDeletingService (SCMBlockDeletingService.java:call(131)) - Running DeletedBlockTransactionScanner
2022-02-17 09:52:08,466 [SCMBlockDeletingService#0] DEBUG block.SCMBlockDeletingService (SCMBlockDeletingService.java:call(131)) - Running DeletedBlockTransactionScanner
2022-02-17 09:52:08,566 [SCMBlockDeletingService#0] DEBUG block.SCMBlockDeletingService (SCMBlockDeletingService.java:call(131)) - Running DeletedBlockTransactionScanner
2022-02-17 09:52:08,667 [SCMBlockDeletingService#0] DEBUG block.SCMBlockDeletingService (SCMBlockDeletingService.java:call(131)) - Running DeletedBlockTransactionScanner
2022-02-17 09:52:08,767 [SCMBlockDeletingService#0] DEBUG block.SCMBlockDeletingService (SCMBlockDeletingService.java:call(131)) - Running DeletedBlockTransactionScanner
2022-02-17 09:52:08,867 [SCMBlockDeletingService#0] DEBUG block.SCMBlockDeletingService (SCMBlockDeletingService.java:call(131)) - Running DeletedBlockTransactionScanner
2022-02-17 09:52:08,967 [SCMBlockDeletingService#0] DEBUG block.SCMBlockDeletingService (SCMBlockDeletingService.java:call(131)) - Running DeletedBlockTransactionScanner
2022-02-17 09:52:09,067 [SCMBlockDeletingService#0] DEBUG block.SCMBlockDeletingService (SCMBlockDeletingService.java:call(131)) - Running DeletedBlockTransactionScanner
2022-02-17 09:52:09,167 [SCMBlockDeletingService#0] DEBUG block.SCMBlockDeletingService (SCMBlockDeletingService.java:call(131)) - Running DeletedBlockTransactionScanner
2022-02-17 09:52:09,267 [SCMBlockDeletingService#0] DEBUG block.SCMBlockDeletingService (SCMBlockDeletingService.java:call(131)) - Running DeletedBlockTransactionScanner
2022-02-17 09:52:09,367 [SCMBlockDeletingService#0] DEBUG block.SCMBlockDeletingService (SCMBlockDeletingService.java:call(131)) - Running DeletedBlockTransactionScanner
2022-02-17 09:52:09,467 [SCMBlockDeletingService#0] DEBUG block.SCMBlockDeletingService (SCMBlockDeletingService.java:call(131)) - Running DeletedBlockTransactionScanner
2022-02-17 09:52:09,567 [SCMBlockDeletingService#0] DEBUG block.SCMBlockDeletingService (SCMBlockDeletingService.java:call(131)) - Running DeletedBlockTransactionScanner
2022-02-17 09:52:09,667 [SCMBlockDeletingService#0] DEBUG block.SCMBlockDeletingService (SCMBlockDeletingService.java:call(131)) - Running DeletedBlockTransactionScanner
2022-02-17 09:52:09,768 [SCMBlockDeletingService#0] DEBUG block.SCMBlockDeletingService (SCMBlockDeletingService.java:call(131)) - Running DeletedBlockTransactionScanner
2022-02-17 09:52:09,868 [SCMBlockDeletingService#0] DEBUG block.SCMBlockDeletingService (SCMBlockDeletingService.java:call(131)) - Running DeletedBlockTransactionScanner
2022-02-17 09:52:09,968 [SCMBlockDeletingService#0] DEBUG block.SCMBlockDeletingService (SCMBlockDeletingService.java:call(131)) - Running DeletedBlockTransactionScanner
2022-02-17 09:52:10,068 [SCMBlockDeletingService#0] DEBUG block.SCMBlockDeletingService (SCMBlockDeletingService.java:call(131)) - Running DeletedBlockTransactionScanner
2022-02-17 09:52:10,168 [SCMBlockDeletingService#0] DEBUG block.SCMBlockDeletingService (SCMBlockDeletingService.java:call(131)) - Running DeletedBlockTransactionScanner
2022-02-17 09:52:10,268 [SCMBlockDeletingService#0] DEBUG block.SCMBlockDeletingService (SCMBlockDeletingService.java:call(131)) - Running DeletedBlockTransactionScanner
2022-02-17 09:52:10,368 [SCMBlockDeletingService#0] DEBUG block.SCMBlockDeletingService (SCMBlockDeletingService.java:call(131)) - Running DeletedBlockTransactionScanner
2022-02-17 09:52:10,468 [SCMBlockDeletingService#0] DEBUG block.SCMBlockDeletingService (SCMBlockDeletingService.java:call(131)) - Running DeletedBlockTransactionScanner
2022-02-17 09:52:10,568 [SCMBlockDeletingService#0] DEBUG block.SCMBlockDeletingService (SCMBlockDeletingService.java:call(131)) - Running DeletedBlockTransactionScanner
2022-02-17 09:52:10,668 [SCMBlockDeletingService#0] DEBUG block.SCMBlockDeletingService (SCMBlockDeletingService.java:call(131)) - Running DeletedBlockTransactionScanner
2022-02-17 09:52:10,768 [SCMBlockDeletingService#0] DEBUG block.SCMBlockDeletingService (SCMBlockDeletingService.java:call(131)) - Running DeletedBlockTransactionScanner
2022-02-17 09:52:10,869 [SCMBlockDeletingService#0] DEBUG block.SCMBlockDeletingService (SCMBlockDeletingService.java:call(131)) - Running DeletedBlockTransactionScanner
2022-02-17 09:52:10,969 [SCMBlockDeletingService#0] DEBUG block.SCMBlockDeletingService (SCMBlockDeletingService.java:call(131)) - Running DeletedBlockTransactionScanner
2022-02-17 09:52:11,069 [SCMBlockDeletingService#0] DEBUG block.SCMBlockDeletingService (SCMBlockDeletingService.java:call(131)) - Running DeletedBlockTransactionScanner
2022-02-17 09:52:11,169 [SCMBlockDeletingService#0] DEBUG block.SCMBlockDeletingService (SCMBlockDeletingService.java:call(131)) - Running DeletedBlockTransactionScanner
2022-02-17 09:52:11,269 [SCMBlockDeletingService#0] DEBUG block.SCMBlockDeletingService (SCMBlockDeletingService.java:call(131)) - Running DeletedBlockTransactionScanner
2022-02-17 09:52:11,369 [SCMBlockDeletingService#0] DEBUG block.SCMBlockDeletingService (SCMBlockDeletingService.java:call(131)) - Running DeletedBlockTransactionScanner
2022-02-17 09:52:11,469 [SCMBlockDeletingService#0] DEBUG block.SCMBlockDeletingService (SCMBlockDeletingService.java:call(131)) - Running DeletedBlockTransactionScanner
2022-02-17 09:52:11,569 [SCMBlockDeletingService#0] DEBUG block.SCMBlockDeletingService (SCMBlockDeletingService.java:call(131)) - Running DeletedBlockTransactionScanner
2022-02-17 09:52:11,669 [SCMBlockDeletingService#0] DEBUG block.SCMBlockDeletingService (SCMBlockDeletingService.java:call(131)) - Running DeletedBlockTransactionScanner
2022-02-17 09:52:11,769 [SCMBlockDeletingService#0] DEBUG block.SCMBlockDeletingService (SCMBlockDeletingService.java:call(131)) - Running DeletedBlockTransactionScanner
2022-02-17 09:52:11,869 [SCMBlockDeletingService#0] DEBUG block.SCMBlockDeletingService (SCMBlockDeletingService.java:call(131)) - Running DeletedBlockTransactionScanner
2022-02-17 09:52:11,970 [SCMBlockDeletingService#0] DEBUG block.SCMBlockDeletingService (SCMBlockDeletingService.java:call(131)) - Running DeletedBlockTransactionScanner
2022-02-17 09:52:12,070 [SCMBlockDeletingService#0] DEBUG block.SCMBlockDeletingService (SCMBlockDeletingService.java:call(131)) - Running DeletedBlockTransactionScanner
2022-02-17 09:52:12,151 [bd759d25-a637-4f5f-8c6b-7b0ed24d7d4d@group-859D5207D13B-FollowerState] INFO  impl.FollowerState (FollowerState.java:run(134)) - bd759d25-a637-4f5f-8c6b-7b0ed24d7d4d@group-859D5207D13B-FollowerState: change to CANDIDATE, lastRpcElapsedTime:5051917952ns, electionTimeout:5045ms
2022-02-17 09:52:12,153 [bd759d25-a637-4f5f-8c6b-7b0ed24d7d4d@group-859D5207D13B-FollowerState] INFO  impl.RoleInfo (RoleInfo.java:shutdownFollowerState(108)) - bd759d25-a637-4f5f-8c6b-7b0ed24d7d4d: shutdown bd759d25-a637-4f5f-8c6b-7b0ed24d7d4d@group-859D5207D13B-FollowerState
2022-02-17 09:52:12,153 [bd759d25-a637-4f5f-8c6b-7b0ed24d7d4d@group-859D5207D13B-FollowerState] INFO  server.RaftServer$Division (RaftServerImpl.java:setRole(290)) - bd759d25-a637-4f5f-8c6b-7b0ed24d7d4d@group-859D5207D13B: changes role from  FOLLOWER to CANDIDATE at term 4 for changeToCandidate
2022-02-17 09:52:12,153 [bd759d25-a637-4f5f-8c6b-7b0ed24d7d4d@group-859D5207D13B-FollowerState] INFO  server.RaftServerConfigKeys (ConfUtils.java:logGet(44)) - raft.server.leaderelection.pre-vote = false (custom)
2022-02-17 09:52:12,153 [bd759d25-a637-4f5f-8c6b-7b0ed24d7d4d@group-859D5207D13B-FollowerState] INFO  impl.RoleInfo (RoleInfo.java:updateAndGet(130)) - bd759d25-a637-4f5f-8c6b-7b0ed24d7d4d: start bd759d25-a637-4f5f-8c6b-7b0ed24d7d4d@group-859D5207D13B-LeaderElection10
2022-02-17 09:52:12,170 [SCMBlockDeletingService#0] DEBUG block.SCMBlockDeletingService (SCMBlockDeletingService.java:call(131)) - Running DeletedBlockTransactionScanner
2022-02-17 09:52:12,174 [bd759d25-a637-4f5f-8c6b-7b0ed24d7d4d@group-859D5207D13B-LeaderElection10] INFO  impl.LeaderElection (LeaderElection.java:askForVotes(306)) - bd759d25-a637-4f5f-8c6b-7b0ed24d7d4d@group-859D5207D13B-LeaderElection10 ELECTION round 0: submit vote requests at term 5 for -1: [f0cc5422-9efd-4116-8ef3-b34535e1b6d7|rpc:10.1.0.34:43555|priority:1, f4424c5e-91a7-493f-93fe-daa52ca7d930|rpc:10.1.0.34:41855|priority:0, bd759d25-a637-4f5f-8c6b-7b0ed24d7d4d|rpc:10.1.0.34:34023|priority:0], old=null
2022-02-17 09:52:12,186 [grpc-default-executor-0] INFO  server.RaftServer$Division (RaftServerImpl.java:requestVote(1046)) - f0cc5422-9efd-4116-8ef3-b34535e1b6d7@group-859D5207D13B: receive requestVote(ELECTION, bd759d25-a637-4f5f-8c6b-7b0ed24d7d4d, group-859D5207D13B, 5, (t:0, i:0))
2022-02-17 09:52:12,186 [grpc-default-executor-0] INFO  impl.VoteContext (VoteContext.java:log(48)) - f0cc5422-9efd-4116-8ef3-b34535e1b6d7@group-859D5207D13B-FOLLOWER: reject ELECTION from bd759d25-a637-4f5f-8c6b-7b0ed24d7d4d: our last entry (t:2, i:0) > candidate's last entry (t:0, i:0)
2022-02-17 09:52:12,186 [grpc-default-executor-0] INFO  server.RaftServer$Division (RaftServerImpl.java:setRole(290)) - f0cc5422-9efd-4116-8ef3-b34535e1b6d7@group-859D5207D13B: changes role from  FOLLOWER to FOLLOWER at term 5 for candidate:bd759d25-a637-4f5f-8c6b-7b0ed24d7d4d
2022-02-17 09:52:12,186 [grpc-default-executor-0] INFO  impl.RoleInfo (RoleInfo.java:shutdownFollowerState(108)) - f0cc5422-9efd-4116-8ef3-b34535e1b6d7: shutdown f0cc5422-9efd-4116-8ef3-b34535e1b6d7@group-859D5207D13B-FollowerState
2022-02-17 09:52:12,186 [grpc-default-executor-0] INFO  impl.RoleInfo (RoleInfo.java:updateAndGet(130)) - f0cc5422-9efd-4116-8ef3-b34535e1b6d7: start f0cc5422-9efd-4116-8ef3-b34535e1b6d7@group-859D5207D13B-FollowerState
2022-02-17 09:52:12,186 [f0cc5422-9efd-4116-8ef3-b34535e1b6d7@group-859D5207D13B-FollowerState] INFO  impl.FollowerState (FollowerState.java:run(143)) - f0cc5422-9efd-4116-8ef3-b34535e1b6d7@group-859D5207D13B-FollowerState was interrupted: {}
java.lang.InterruptedException: sleep interrupted
	at java.lang.Thread.sleep(Native Method)
	at java.lang.Thread.sleep(Thread.java:340)
	at java.util.concurrent.TimeUnit.sleep(TimeUnit.java:386)
	at org.apache.ratis.util.TimeDuration.sleep(TimeDuration.java:324)
	at org.apache.ratis.util.TimeDuration.sleep(TimeDuration.java:309)
	at org.apache.ratis.server.impl.FollowerState.run(FollowerState.java:118)
2022-02-17 09:52:12,188 [grpc-default-executor-0] INFO  server.RaftServer$Division (RaftServerImpl.java:requestVote(1078)) - f0cc5422-9efd-4116-8ef3-b34535e1b6d7@group-859D5207D13B replies to ELECTION vote request: bd759d25-a637-4f5f-8c6b-7b0ed24d7d4d<-f0cc5422-9efd-4116-8ef3-b34535e1b6d7#0:FAIL-t5. Peer's state: f0cc5422-9efd-4116-8ef3-b34535e1b6d7@group-859D5207D13B:t5, leader=null, voted=null, raftlog=f0cc5422-9efd-4116-8ef3-b34535e1b6d7@group-859D5207D13B-SegmentedRaftLog:OPENED:c-1, conf=0: [f0cc5422-9efd-4116-8ef3-b34535e1b6d7|rpc:10.1.0.34:43555|dataStream:|priority:1, f4424c5e-91a7-493f-93fe-daa52ca7d930|rpc:10.1.0.34:41855|dataStream:|priority:0, bd759d25-a637-4f5f-8c6b-7b0ed24d7d4d|rpc:10.1.0.34:34023|dataStream:|priority:0], old=null
2022-02-17 09:52:12,189 [bd759d25-a637-4f5f-8c6b-7b0ed24d7d4d@group-859D5207D13B-LeaderElection10] INFO  impl.LeaderElection (LeaderElection.java:logAndReturn(89)) - bd759d25-a637-4f5f-8c6b-7b0ed24d7d4d@group-859D5207D13B-LeaderElection10: ELECTION REJECTED received 1 response(s) and 0 exception(s):
2022-02-17 09:52:12,189 [bd759d25-a637-4f5f-8c6b-7b0ed24d7d4d@group-859D5207D13B-LeaderElection10] INFO  impl.LeaderElection (LeaderElection.java:logAndReturn(93)) -   Response 0: bd759d25-a637-4f5f-8c6b-7b0ed24d7d4d<-f0cc5422-9efd-4116-8ef3-b34535e1b6d7#0:FAIL-t5
2022-02-17 09:52:12,189 [bd759d25-a637-4f5f-8c6b-7b0ed24d7d4d@group-859D5207D13B-LeaderElection10] INFO  impl.LeaderElection (LeaderElection.java:askForVotes(308)) - bd759d25-a637-4f5f-8c6b-7b0ed24d7d4d@group-859D5207D13B-LeaderElection10 ELECTION round 0: result REJECTED
2022-02-17 09:52:12,189 [bd759d25-a637-4f5f-8c6b-7b0ed24d7d4d@group-859D5207D13B-LeaderElection10] INFO  server.RaftServer$Division (RaftServerImpl.java:setRole(290)) - bd759d25-a637-4f5f-8c6b-7b0ed24d7d4d@group-859D5207D13B: changes role from CANDIDATE to FOLLOWER at term 5 for REJECTED
2022-02-17 09:52:12,189 [bd759d25-a637-4f5f-8c6b-7b0ed24d7d4d@group-859D5207D13B-LeaderElection10] INFO  impl.RoleInfo (RoleInfo.java:shutdownLeaderElection(121)) - bd759d25-a637-4f5f-8c6b-7b0ed24d7d4d: shutdown bd759d25-a637-4f5f-8c6b-7b0ed24d7d4d@group-859D5207D13B-LeaderElection10
2022-02-17 09:52:12,189 [bd759d25-a637-4f5f-8c6b-7b0ed24d7d4d@group-859D5207D13B-LeaderElection10] INFO  impl.RoleInfo (RoleInfo.java:updateAndGet(130)) - bd759d25-a637-4f5f-8c6b-7b0ed24d7d4d: start bd759d25-a637-4f5f-8c6b-7b0ed24d7d4d@group-859D5207D13B-FollowerState
2022-02-17 09:52:12,203 [grpc-default-executor-0] INFO  server.RaftServer$Division (RaftServerImpl.java:requestVote(1046)) - f4424c5e-91a7-493f-93fe-daa52ca7d930@group-859D5207D13B: receive requestVote(ELECTION, bd759d25-a637-4f5f-8c6b-7b0ed24d7d4d, group-859D5207D13B, 5, (t:0, i:0))
2022-02-17 09:52:12,203 [grpc-default-executor-0] INFO  impl.VoteContext (VoteContext.java:log(48)) - f4424c5e-91a7-493f-93fe-daa52ca7d930@group-859D5207D13B-FOLLOWER: accept ELECTION from bd759d25-a637-4f5f-8c6b-7b0ed24d7d4d: our priority 0 <= candidate's priority 0
2022-02-17 09:52:12,203 [grpc-default-executor-0] INFO  server.RaftServer$Division (RaftServerImpl.java:setRole(290)) - f4424c5e-91a7-493f-93fe-daa52ca7d930@group-859D5207D13B: changes role from  FOLLOWER to FOLLOWER at term 5 for candidate:bd759d25-a637-4f5f-8c6b-7b0ed24d7d4d
2022-02-17 09:52:12,204 [grpc-default-executor-0] INFO  impl.RoleInfo (RoleInfo.java:shutdownFollowerState(108)) - f4424c5e-91a7-493f-93fe-daa52ca7d930: shutdown f4424c5e-91a7-493f-93fe-daa52ca7d930@group-859D5207D13B-FollowerState
2022-02-17 09:52:12,204 [grpc-default-executor-0] INFO  impl.RoleInfo (RoleInfo.java:updateAndGet(130)) - f4424c5e-91a7-493f-93fe-daa52ca7d930: start f4424c5e-91a7-493f-93fe-daa52ca7d930@group-859D5207D13B-FollowerState
2022-02-17 09:52:12,204 [f4424c5e-91a7-493f-93fe-daa52ca7d930@group-859D5207D13B-FollowerState] INFO  impl.FollowerState (FollowerState.java:run(143)) - f4424c5e-91a7-493f-93fe-daa52ca7d930@group-859D5207D13B-FollowerState was interrupted: {}
java.lang.InterruptedException: sleep interrupted
	at java.lang.Thread.sleep(Native Method)
	at java.lang.Thread.sleep(Thread.java:340)
	at java.util.concurrent.TimeUnit.sleep(TimeUnit.java:386)
	at org.apache.ratis.util.TimeDuration.sleep(TimeDuration.java:324)
	at org.apache.ratis.util.TimeDuration.sleep(TimeDuration.java:309)
	at org.apache.ratis.server.impl.FollowerState.run(FollowerState.java:118)
2022-02-17 09:52:12,215 [grpc-default-executor-0] INFO  server.RaftServer$Division (RaftServerImpl.java:requestVote(1078)) - f4424c5e-91a7-493f-93fe-daa52ca7d930@group-859D5207D13B replies to ELECTION vote request: bd759d25-a637-4f5f-8c6b-7b0ed24d7d4d<-f4424c5e-91a7-493f-93fe-daa52ca7d930#0:OK-t5. Peer's state: f4424c5e-91a7-493f-93fe-daa52ca7d930@group-859D5207D13B:t5, leader=null, voted=bd759d25-a637-4f5f-8c6b-7b0ed24d7d4d, raftlog=f4424c5e-91a7-493f-93fe-daa52ca7d930@group-859D5207D13B-SegmentedRaftLog:OPENED:c-1, conf=-1: [f0cc5422-9efd-4116-8ef3-b34535e1b6d7|rpc:10.1.0.34:43555|dataStream:|priority:1, f4424c5e-91a7-493f-93fe-daa52ca7d930|rpc:10.1.0.34:41855|dataStream:|priority:0, bd759d25-a637-4f5f-8c6b-7b0ed24d7d4d|rpc:10.1.0.34:34023|dataStream:|priority:0], old=null
2022-02-17 09:52:12,270 [SCMBlockDeletingService#0] DEBUG block.SCMBlockDeletingService (SCMBlockDeletingService.java:call(131)) - Running DeletedBlockTransactionScanner
2022-02-17 09:52:12,370 [SCMBlockDeletingService#0] DEBUG block.SCMBlockDeletingService (SCMBlockDeletingService.java:call(131)) - Running DeletedBlockTransactionScanner
2022-02-17 09:52:12,470 [SCMBlockDeletingService#0] DEBUG block.SCMBlockDeletingService (SCMBlockDeletingService.java:call(131)) - Running DeletedBlockTransactionScanner
2022-02-17 09:52:12,570 [SCMBlockDeletingService#0] DEBUG block.SCMBlockDeletingService (SCMBlockDeletingService.java:call(131)) - Running DeletedBlockTransactionScanner
2022-02-17 09:52:12,670 [SCMBlockDeletingService#0] DEBUG block.SCMBlockDeletingService (SCMBlockDeletingService.java:call(131)) - Running DeletedBlockTransactionScanner
2022-02-17 09:52:12,770 [SCMBlockDeletingService#0] DEBUG block.SCMBlockDeletingService (SCMBlockDeletingService.java:call(131)) - Running DeletedBlockTransactionScanner
2022-02-17 09:52:12,870 [SCMBlockDeletingService#0] DEBUG block.SCMBlockDeletingService (SCMBlockDeletingService.java:call(131)) - Running DeletedBlockTransactionScanner
2022-02-17 09:52:12,970 [SCMBlockDeletingService#0] DEBUG block.SCMBlockDeletingService (SCMBlockDeletingService.java:call(131)) - Running DeletedBlockTransactionScanner
2022-02-17 09:52:13,070 [SCMBlockDeletingService#0] DEBUG block.SCMBlockDeletingService (SCMBlockDeletingService.java:call(131)) - Running DeletedBlockTransactionScanner
2022-02-17 09:52:13,171 [SCMBlockDeletingService#0] DEBUG block.SCMBlockDeletingService (SCMBlockDeletingService.java:call(131)) - Running DeletedBlockTransactionScanner
2022-02-17 09:52:13,271 [SCMBlockDeletingService#0] DEBUG block.SCMBlockDeletingService (SCMBlockDeletingService.java:call(131)) - Running DeletedBlockTransactionScanner
2022-02-17 09:52:13,371 [SCMBlockDeletingService#0] DEBUG block.SCMBlockDeletingService (SCMBlockDeletingService.java:call(131)) - Running DeletedBlockTransactionScanner
2022-02-17 09:52:13,471 [SCMBlockDeletingService#0] DEBUG block.SCMBlockDeletingService (SCMBlockDeletingService.java:call(131)) - Running DeletedBlockTransactionScanner
2022-02-17 09:52:13,571 [SCMBlockDeletingService#0] DEBUG block.SCMBlockDeletingService (SCMBlockDeletingService.java:call(131)) - Running DeletedBlockTransactionScanner
2022-02-17 09:52:13,671 [SCMBlockDeletingService#0] DEBUG block.SCMBlockDeletingService (SCMBlockDeletingService.java:call(131)) - Running DeletedBlockTransactionScanner
2022-02-17 09:52:13,771 [SCMBlockDeletingService#0] DEBUG block.SCMBlockDeletingService (SCMBlockDeletingService.java:call(131)) - Running DeletedBlockTransactionScanner
2022-02-17 09:52:13,871 [SCMBlockDeletingService#0] DEBUG block.SCMBlockDeletingService (SCMBlockDeletingService.java:call(131)) - Running DeletedBlockTransactionScanner
2022-02-17 09:52:13,972 [SCMBlockDeletingService#0] DEBUG block.SCMBlockDeletingService (SCMBlockDeletingService.java:call(131)) - Running DeletedBlockTransactionScanner
2022-02-17 09:52:14,072 [SCMBlockDeletingService#0] DEBUG block.SCMBlockDeletingService (SCMBlockDeletingService.java:call(131)) - Running DeletedBlockTransactionScanner
2022-02-17 09:52:14,172 [SCMBlockDeletingService#0] DEBUG block.SCMBlockDeletingService (SCMBlockDeletingService.java:call(131)) - Running DeletedBlockTransactionScanner
2022-02-17 09:52:14,272 [SCMBlockDeletingService#0] DEBUG block.SCMBlockDeletingService (SCMBlockDeletingService.java:call(131)) - Running DeletedBlockTransactionScanner
2022-02-17 09:52:14,372 [SCMBlockDeletingService#0] DEBUG block.SCMBlockDeletingService (SCMBlockDeletingService.java:call(131)) - Running DeletedBlockTransactionScanner
2022-02-17 09:52:14,472 [SCMBlockDeletingService#0] DEBUG block.SCMBlockDeletingService (SCMBlockDeletingService.java:call(131)) - Running DeletedBlockTransactionScanner
2022-02-17 09:52:14,572 [SCMBlockDeletingService#0] DEBUG block.SCMBlockDeletingService (SCMBlockDeletingService.java:call(131)) - Running DeletedBlockTransactionScanner
2022-02-17 09:52:14,672 [SCMBlockDeletingService#0] DEBUG block.SCMBlockDeletingService (SCMBlockDeletingService.java:call(131)) - Running DeletedBlockTransactionScanner
2022-02-17 09:52:14,772 [SCMBlockDeletingService#0] DEBUG block.SCMBlockDeletingService (SCMBlockDeletingService.java:call(131)) - Running DeletedBlockTransactionScanner
2022-02-17 09:52:14,872 [SCMBlockDeletingService#0] DEBUG block.SCMBlockDeletingService (SCMBlockDeletingService.java:call(131)) - Running DeletedBlockTransactionScanner
2022-02-17 09:52:14,972 [SCMBlockDeletingService#0] DEBUG block.SCMBlockDeletingService (SCMBlockDeletingService.java:call(131)) - Running DeletedBlockTransactionScanner
2022-02-17 09:52:15,072 [SCMBlockDeletingService#0] DEBUG block.SCMBlockDeletingService (SCMBlockDeletingService.java:call(131)) - Running DeletedBlockTransactionScanner
2022-02-17 09:52:15,173 [SCMBlockDeletingService#0] DEBUG block.SCMBlockDeletingService (SCMBlockDeletingService.java:call(131)) - Running DeletedBlockTransactionScanner
2022-02-17 09:52:15,273 [SCMBlockDeletingService#0] DEBUG block.SCMBlockDeletingService (SCMBlockDeletingService.java:call(131)) - Running DeletedBlockTransactionScanner
2022-02-17 09:52:15,373 [SCMBlockDeletingService#0] DEBUG block.SCMBlockDeletingService (SCMBlockDeletingService.java:call(131)) - Running DeletedBlockTransactionScanner
2022-02-17 09:52:15,473 [SCMBlockDeletingService#0] DEBUG block.SCMBlockDeletingService (SCMBlockDeletingService.java:call(131)) - Running DeletedBlockTransactionScanner
2022-02-17 09:52:15,573 [SCMBlockDeletingService#0] DEBUG block.SCMBlockDeletingService (SCMBlockDeletingService.java:call(131)) - Running DeletedBlockTransactionScanner
2022-02-17 09:52:15,673 [SCMBlockDeletingService#0] DEBUG block.SCMBlockDeletingService (SCMBlockDeletingService.java:call(131)) - Running DeletedBlockTransactionScanner
2022-02-17 09:52:15,773 [SCMBlockDeletingService#0] DEBUG block.SCMBlockDeletingService (SCMBlockDeletingService.java:call(131)) - Running DeletedBlockTransactionScanner
2022-02-17 09:52:15,873 [SCMBlockDeletingService#0] DEBUG block.SCMBlockDeletingService (SCMBlockDeletingService.java:call(131)) - Running DeletedBlockTransactionScanner
2022-02-17 09:52:15,973 [SCMBlockDeletingService#0] DEBUG block.SCMBlockDeletingService (SCMBlockDeletingService.java:call(131)) - Running DeletedBlockTransactionScanner
2022-02-17 09:52:16,073 [SCMBlockDeletingService#0] DEBUG block.SCMBlockDeletingService (SCMBlockDeletingService.java:call(131)) - Running DeletedBlockTransactionScanner
2022-02-17 09:52:16,173 [SCMBlockDeletingService#0] DEBUG block.SCMBlockDeletingService (SCMBlockDeletingService.java:call(131)) - Running DeletedBlockTransactionScanner
2022-02-17 09:52:16,273 [SCMBlockDeletingService#0] DEBUG block.SCMBlockDeletingService (SCMBlockDeletingService.java:call(131)) - Running DeletedBlockTransactionScanner
2022-02-17 09:52:16,374 [SCMBlockDeletingService#0] DEBUG block.SCMBlockDeletingService (SCMBlockDeletingService.java:call(131)) - Running DeletedBlockTransactionScanner
2022-02-17 09:52:16,474 [SCMBlockDeletingService#0] DEBUG block.SCMBlockDeletingService (SCMBlockDeletingService.java:call(131)) - Running DeletedBlockTransactionScanner
2022-02-17 09:52:16,574 [SCMBlockDeletingService#0] DEBUG block.SCMBlockDeletingService (SCMBlockDeletingService.java:call(131)) - Running DeletedBlockTransactionScanner
2022-02-17 09:52:16,674 [SCMBlockDeletingService#0] DEBUG block.SCMBlockDeletingService (SCMBlockDeletingService.java:call(131)) - Running DeletedBlockTransactionScanner
2022-02-17 09:52:16,774 [SCMBlockDeletingService#0] DEBUG block.SCMBlockDeletingService (SCMBlockDeletingService.java:call(131)) - Running DeletedBlockTransactionScanner
2022-02-17 09:52:16,874 [SCMBlockDeletingService#0] DEBUG block.SCMBlockDeletingService (SCMBlockDeletingService.java:call(131)) - Running DeletedBlockTransactionScanner
2022-02-17 09:52:16,974 [SCMBlockDeletingService#0] DEBUG block.SCMBlockDeletingService (SCMBlockDeletingService.java:call(131)) - Running DeletedBlockTransactionScanner
2022-02-17 09:52:17,074 [SCMBlockDeletingService#0] DEBUG block.SCMBlockDeletingService (SCMBlockDeletingService.java:call(131)) - Running DeletedBlockTransactionScanner
2022-02-17 09:52:17,174 [SCMBlockDeletingService#0] DEBUG block.SCMBlockDeletingService (SCMBlockDeletingService.java:call(131)) - Running DeletedBlockTransactionScanner
2022-02-17 09:52:17,247 [bd759d25-a637-4f5f-8c6b-7b0ed24d7d4d@group-859D5207D13B-FollowerState] INFO  impl.FollowerState (FollowerState.java:run(134)) - bd759d25-a637-4f5f-8c6b-7b0ed24d7d4d@group-859D5207D13B-FollowerState: change to CANDIDATE, lastRpcElapsedTime:5057674846ns, electionTimeout:5032ms
2022-02-17 09:52:17,248 [bd759d25-a637-4f5f-8c6b-7b0ed24d7d4d@group-859D5207D13B-FollowerState] INFO  impl.RoleInfo (RoleInfo.java:shutdownFollowerState(108)) - bd759d25-a637-4f5f-8c6b-7b0ed24d7d4d: shutdown bd759d25-a637-4f5f-8c6b-7b0ed24d7d4d@group-859D5207D13B-FollowerState
2022-02-17 09:52:17,248 [bd759d25-a637-4f5f-8c6b-7b0ed24d7d4d@group-859D5207D13B-FollowerState] INFO  server.RaftServer$Division (RaftServerImpl.java:setRole(290)) - bd759d25-a637-4f5f-8c6b-7b0ed24d7d4d@group-859D5207D13B: changes role from  FOLLOWER to CANDIDATE at term 5 for changeToCandidate
2022-02-17 09:52:17,248 [bd759d25-a637-4f5f-8c6b-7b0ed24d7d4d@group-859D5207D13B-FollowerState] INFO  server.RaftServerConfigKeys (ConfUtils.java:logGet(44)) - raft.server.leaderelection.pre-vote = false (custom)
2022-02-17 09:52:17,248 [bd759d25-a637-4f5f-8c6b-7b0ed24d7d4d@group-859D5207D13B-FollowerState] INFO  impl.RoleInfo (RoleInfo.java:updateAndGet(130)) - bd759d25-a637-4f5f-8c6b-7b0ed24d7d4d: start bd759d25-a637-4f5f-8c6b-7b0ed24d7d4d@group-859D5207D13B-LeaderElection11
2022-02-17 09:52:17,259 [bd759d25-a637-4f5f-8c6b-7b0ed24d7d4d@group-859D5207D13B-LeaderElection11] INFO  impl.LeaderElection (LeaderElection.java:askForVotes(306)) - bd759d25-a637-4f5f-8c6b-7b0ed24d7d4d@group-859D5207D13B-LeaderElection11 ELECTION round 0: submit vote requests at term 6 for -1: [f0cc5422-9efd-4116-8ef3-b34535e1b6d7|rpc:10.1.0.34:43555|priority:1, f4424c5e-91a7-493f-93fe-daa52ca7d930|rpc:10.1.0.34:41855|priority:0, bd759d25-a637-4f5f-8c6b-7b0ed24d7d4d|rpc:10.1.0.34:34023|priority:0], old=null
2022-02-17 09:52:17,273 [grpc-default-executor-0] INFO  server.RaftServer$Division (RaftServerImpl.java:requestVote(1046)) - f0cc5422-9efd-4116-8ef3-b34535e1b6d7@group-859D5207D13B: receive requestVote(ELECTION, bd759d25-a637-4f5f-8c6b-7b0ed24d7d4d, group-859D5207D13B, 6, (t:0, i:0))
2022-02-17 09:52:17,273 [grpc-default-executor-0] INFO  impl.VoteContext (VoteContext.java:log(48)) - f0cc5422-9efd-4116-8ef3-b34535e1b6d7@group-859D5207D13B-FOLLOWER: reject ELECTION from bd759d25-a637-4f5f-8c6b-7b0ed24d7d4d: our last entry (t:2, i:0) > candidate's last entry (t:0, i:0)
2022-02-17 09:52:17,273 [grpc-default-executor-0] INFO  server.RaftServer$Division (RaftServerImpl.java:setRole(290)) - f0cc5422-9efd-4116-8ef3-b34535e1b6d7@group-859D5207D13B: changes role from  FOLLOWER to FOLLOWER at term 6 for candidate:bd759d25-a637-4f5f-8c6b-7b0ed24d7d4d
2022-02-17 09:52:17,273 [grpc-default-executor-0] INFO  impl.RoleInfo (RoleInfo.java:shutdownFollowerState(108)) - f0cc5422-9efd-4116-8ef3-b34535e1b6d7: shutdown f0cc5422-9efd-4116-8ef3-b34535e1b6d7@group-859D5207D13B-FollowerState
2022-02-17 09:52:17,273 [grpc-default-executor-0] INFO  impl.RoleInfo (RoleInfo.java:updateAndGet(130)) - f0cc5422-9efd-4116-8ef3-b34535e1b6d7: start f0cc5422-9efd-4116-8ef3-b34535e1b6d7@group-859D5207D13B-FollowerState
2022-02-17 09:52:17,274 [f0cc5422-9efd-4116-8ef3-b34535e1b6d7@group-859D5207D13B-FollowerState] INFO  impl.FollowerState (FollowerState.java:run(143)) - f0cc5422-9efd-4116-8ef3-b34535e1b6d7@group-859D5207D13B-FollowerState was interrupted: {}
java.lang.InterruptedException: sleep interrupted
	at java.lang.Thread.sleep(Native Method)
	at java.lang.Thread.sleep(Thread.java:340)
	at java.util.concurrent.TimeUnit.sleep(TimeUnit.java:386)
	at org.apache.ratis.util.TimeDuration.sleep(TimeDuration.java:324)
	at org.apache.ratis.util.TimeDuration.sleep(TimeDuration.java:309)
	at org.apache.ratis.server.impl.FollowerState.run(FollowerState.java:118)
2022-02-17 09:52:17,278 [grpc-default-executor-0] INFO  server.RaftServer$Division (RaftServerImpl.java:requestVote(1078)) - f0cc5422-9efd-4116-8ef3-b34535e1b6d7@group-859D5207D13B replies to ELECTION vote request: bd759d25-a637-4f5f-8c6b-7b0ed24d7d4d<-f0cc5422-9efd-4116-8ef3-b34535e1b6d7#0:FAIL-t6. Peer's state: f0cc5422-9efd-4116-8ef3-b34535e1b6d7@group-859D5207D13B:t6, leader=null, voted=null, raftlog=f0cc5422-9efd-4116-8ef3-b34535e1b6d7@group-859D5207D13B-SegmentedRaftLog:OPENED:c-1, conf=0: [f0cc5422-9efd-4116-8ef3-b34535e1b6d7|rpc:10.1.0.34:43555|dataStream:|priority:1, f4424c5e-91a7-493f-93fe-daa52ca7d930|rpc:10.1.0.34:41855|dataStream:|priority:0, bd759d25-a637-4f5f-8c6b-7b0ed24d7d4d|rpc:10.1.0.34:34023|dataStream:|priority:0], old=null
2022-02-17 09:52:17,280 [bd759d25-a637-4f5f-8c6b-7b0ed24d7d4d@group-859D5207D13B-LeaderElection11] INFO  impl.LeaderElection (LeaderElection.java:logAndReturn(89)) - bd759d25-a637-4f5f-8c6b-7b0ed24d7d4d@group-859D5207D13B-LeaderElection11: ELECTION REJECTED received 1 response(s) and 0 exception(s):
2022-02-17 09:52:17,280 [bd759d25-a637-4f5f-8c6b-7b0ed24d7d4d@group-859D5207D13B-LeaderElection11] INFO  impl.LeaderElection (LeaderElection.java:logAndReturn(93)) -   Response 0: bd759d25-a637-4f5f-8c6b-7b0ed24d7d4d<-f0cc5422-9efd-4116-8ef3-b34535e1b6d7#0:FAIL-t6
2022-02-17 09:52:17,280 [SCMBlockDeletingService#0] DEBUG block.SCMBlockDeletingService (SCMBlockDeletingService.java:call(131)) - Running DeletedBlockTransactionScanner
2022-02-17 09:52:17,282 [grpc-default-executor-3] INFO  server.RaftServer$Division (RaftServerImpl.java:requestVote(1046)) - f4424c5e-91a7-493f-93fe-daa52ca7d930@group-859D5207D13B: receive requestVote(ELECTION, bd759d25-a637-4f5f-8c6b-7b0ed24d7d4d, group-859D5207D13B, 6, (t:0, i:0))
2022-02-17 09:52:17,282 [grpc-default-executor-3] INFO  impl.VoteContext (VoteContext.java:log(48)) - f4424c5e-91a7-493f-93fe-daa52ca7d930@group-859D5207D13B-FOLLOWER: accept ELECTION from bd759d25-a637-4f5f-8c6b-7b0ed24d7d4d: our priority 0 <= candidate's priority 0
2022-02-17 09:52:17,282 [grpc-default-executor-3] INFO  server.RaftServer$Division (RaftServerImpl.java:setRole(290)) - f4424c5e-91a7-493f-93fe-daa52ca7d930@group-859D5207D13B: changes role from  FOLLOWER to FOLLOWER at term 6 for candidate:bd759d25-a637-4f5f-8c6b-7b0ed24d7d4d
2022-02-17 09:52:17,282 [grpc-default-executor-3] INFO  impl.RoleInfo (RoleInfo.java:shutdownFollowerState(108)) - f4424c5e-91a7-493f-93fe-daa52ca7d930: shutdown f4424c5e-91a7-493f-93fe-daa52ca7d930@group-859D5207D13B-FollowerState
2022-02-17 09:52:17,282 [grpc-default-executor-3] INFO  impl.RoleInfo (RoleInfo.java:updateAndGet(130)) - f4424c5e-91a7-493f-93fe-daa52ca7d930: start f4424c5e-91a7-493f-93fe-daa52ca7d930@group-859D5207D13B-FollowerState
2022-02-17 09:52:17,283 [f4424c5e-91a7-493f-93fe-daa52ca7d930@group-859D5207D13B-FollowerState] INFO  impl.FollowerState (FollowerState.java:run(143)) - f4424c5e-91a7-493f-93fe-daa52ca7d930@group-859D5207D13B-FollowerState was interrupted: {}
java.lang.InterruptedException: sleep interrupted
	at java.lang.Thread.sleep(Native Method)
	at java.lang.Thread.sleep(Thread.java:340)
	at java.util.concurrent.TimeUnit.sleep(TimeUnit.java:386)
	at org.apache.ratis.util.TimeDuration.sleep(TimeDuration.java:324)
	at org.apache.ratis.util.TimeDuration.sleep(TimeDuration.java:309)
	at org.apache.ratis.server.impl.FollowerState.run(FollowerState.java:118)
2022-02-17 09:52:17,289 [bd759d25-a637-4f5f-8c6b-7b0ed24d7d4d@group-859D5207D13B-LeaderElection11] INFO  impl.LeaderElection (LeaderElection.java:askForVotes(308)) - bd759d25-a637-4f5f-8c6b-7b0ed24d7d4d@group-859D5207D13B-LeaderElection11 ELECTION round 0: result REJECTED
2022-02-17 09:52:17,289 [bd759d25-a637-4f5f-8c6b-7b0ed24d7d4d@group-859D5207D13B-LeaderElection11] INFO  server.RaftServer$Division (RaftServerImpl.java:setRole(290)) - bd759d25-a637-4f5f-8c6b-7b0ed24d7d4d@group-859D5207D13B: changes role from CANDIDATE to FOLLOWER at term 6 for REJECTED
2022-02-17 09:52:17,289 [bd759d25-a637-4f5f-8c6b-7b0ed24d7d4d@group-859D5207D13B-LeaderElection11] INFO  impl.RoleInfo (RoleInfo.java:shutdownLeaderElection(121)) - bd759d25-a637-4f5f-8c6b-7b0ed24d7d4d: shutdown bd759d25-a637-4f5f-8c6b-7b0ed24d7d4d@group-859D5207D13B-LeaderElection11
2022-02-17 09:52:17,289 [bd759d25-a637-4f5f-8c6b-7b0ed24d7d4d@group-859D5207D13B-LeaderElection11] INFO  impl.RoleInfo (RoleInfo.java:updateAndGet(130)) - bd759d25-a637-4f5f-8c6b-7b0ed24d7d4d: start bd759d25-a637-4f5f-8c6b-7b0ed24d7d4d@group-859D5207D13B-FollowerState
2022-02-17 09:52:17,290 [grpc-default-executor-3] INFO  server.RaftServer$Division (RaftServerImpl.java:requestVote(1078)) - f4424c5e-91a7-493f-93fe-daa52ca7d930@group-859D5207D13B replies to ELECTION vote request: bd759d25-a637-4f5f-8c6b-7b0ed24d7d4d<-f4424c5e-91a7-493f-93fe-daa52ca7d930#0:OK-t6. Peer's state: f4424c5e-91a7-493f-93fe-daa52ca7d930@group-859D5207D13B:t6, leader=null, voted=bd759d25-a637-4f5f-8c6b-7b0ed24d7d4d, raftlog=f4424c5e-91a7-493f-93fe-daa52ca7d930@group-859D5207D13B-SegmentedRaftLog:OPENED:c-1, conf=-1: [f0cc5422-9efd-4116-8ef3-b34535e1b6d7|rpc:10.1.0.34:43555|dataStream:|priority:1, f4424c5e-91a7-493f-93fe-daa52ca7d930|rpc:10.1.0.34:41855|dataStream:|priority:0, bd759d25-a637-4f5f-8c6b-7b0ed24d7d4d|rpc:10.1.0.34:34023|dataStream:|priority:0], old=null
2022-02-17 09:52:17,380 [SCMBlockDeletingService#0] DEBUG block.SCMBlockDeletingService (SCMBlockDeletingService.java:call(131)) - Running DeletedBlockTransactionScanner
2022-02-17 09:52:17,481 [SCMBlockDeletingService#0] DEBUG block.SCMBlockDeletingService (SCMBlockDeletingService.java:call(131)) - Running DeletedBlockTransactionScanner
2022-02-17 09:52:17,581 [SCMBlockDeletingService#0] DEBUG block.SCMBlockDeletingService (SCMBlockDeletingService.java:call(131)) - Running DeletedBlockTransactionScanner
2022-02-17 09:52:17,681 [SCMBlockDeletingService#0] DEBUG block.SCMBlockDeletingService (SCMBlockDeletingService.java:call(131)) - Running DeletedBlockTransactionScanner
2022-02-17 09:52:17,781 [SCMBlockDeletingService#0] DEBUG block.SCMBlockDeletingService (SCMBlockDeletingService.java:call(131)) - Running DeletedBlockTransactionScanner
2022-02-17 09:52:17,881 [SCMBlockDeletingService#0] DEBUG block.SCMBlockDeletingService (SCMBlockDeletingService.java:call(131)) - Running DeletedBlockTransactionScanner
2022-02-17 09:52:17,981 [SCMBlockDeletingService#0] DEBUG block.SCMBlockDeletingService (SCMBlockDeletingService.java:call(131)) - Running DeletedBlockTransactionScanner
2022-02-17 09:52:18,081 [SCMBlockDeletingService#0] DEBUG block.SCMBlockDeletingService (SCMBlockDeletingService.java:call(131)) - Running DeletedBlockTransactionScanner
2022-02-17 09:52:18,181 [SCMBlockDeletingService#0] DEBUG block.SCMBlockDeletingService (SCMBlockDeletingService.java:call(131)) - Running DeletedBlockTransactionScanner
2022-02-17 09:52:18,281 [SCMBlockDeletingService#0] DEBUG block.SCMBlockDeletingService (SCMBlockDeletingService.java:call(131)) - Running DeletedBlockTransactionScanner
2022-02-17 09:52:18,381 [SCMBlockDeletingService#0] DEBUG block.SCMBlockDeletingService (SCMBlockDeletingService.java:call(131)) - Running DeletedBlockTransactionScanner
2022-02-17 09:52:18,481 [SCMBlockDeletingService#0] DEBUG block.SCMBlockDeletingService (SCMBlockDeletingService.java:call(131)) - Running DeletedBlockTransactionScanner
2022-02-17 09:52:18,581 [SCMBlockDeletingService#0] DEBUG block.SCMBlockDeletingService (SCMBlockDeletingService.java:call(131)) - Running DeletedBlockTransactionScanner
2022-02-17 09:52:18,681 [SCMBlockDeletingService#0] DEBUG block.SCMBlockDeletingService (SCMBlockDeletingService.java:call(131)) - Running DeletedBlockTransactionScanner
2022-02-17 09:52:18,782 [SCMBlockDeletingService#0] DEBUG block.SCMBlockDeletingService (SCMBlockDeletingService.java:call(131)) - Running DeletedBlockTransactionScanner
2022-02-17 09:52:18,882 [SCMBlockDeletingService#0] DEBUG block.SCMBlockDeletingService (SCMBlockDeletingService.java:call(131)) - Running DeletedBlockTransactionScanner
2022-02-17 09:52:18,982 [SCMBlockDeletingService#0] DEBUG block.SCMBlockDeletingService (SCMBlockDeletingService.java:call(131)) - Running DeletedBlockTransactionScanner
2022-02-17 09:52:19,082 [SCMBlockDeletingService#0] DEBUG block.SCMBlockDeletingService (SCMBlockDeletingService.java:call(131)) - Running DeletedBlockTransactionScanner
2022-02-17 09:52:19,182 [SCMBlockDeletingService#0] DEBUG block.SCMBlockDeletingService (SCMBlockDeletingService.java:call(131)) - Running DeletedBlockTransactionScanner
2022-02-17 09:52:19,282 [SCMBlockDeletingService#0] DEBUG block.SCMBlockDeletingService (SCMBlockDeletingService.java:call(131)) - Running DeletedBlockTransactionScanner
2022-02-17 09:52:19,382 [SCMBlockDeletingService#0] DEBUG block.SCMBlockDeletingService (SCMBlockDeletingService.java:call(131)) - Running DeletedBlockTransactionScanner
2022-02-17 09:52:19,482 [SCMBlockDeletingService#0] DEBUG block.SCMBlockDeletingService (SCMBlockDeletingService.java:call(131)) - Running DeletedBlockTransactionScanner
2022-02-17 09:52:19,582 [SCMBlockDeletingService#0] DEBUG block.SCMBlockDeletingService (SCMBlockDeletingService.java:call(131)) - Running DeletedBlockTransactionScanner
2022-02-17 09:52:19,682 [SCMBlockDeletingService#0] DEBUG block.SCMBlockDeletingService (SCMBlockDeletingService.java:call(131)) - Running DeletedBlockTransactionScanner
2022-02-17 09:52:19,782 [SCMBlockDeletingService#0] DEBUG block.SCMBlockDeletingService (SCMBlockDeletingService.java:call(131)) - Running DeletedBlockTransactionScanner
2022-02-17 09:52:19,883 [SCMBlockDeletingService#0] DEBUG block.SCMBlockDeletingService (SCMBlockDeletingService.java:call(131)) - Running DeletedBlockTransactionScanner
2022-02-17 09:52:19,983 [SCMBlockDeletingService#0] DEBUG block.SCMBlockDeletingService (SCMBlockDeletingService.java:call(131)) - Running DeletedBlockTransactionScanner
2022-02-17 09:52:20,083 [SCMBlockDeletingService#0] DEBUG block.SCMBlockDeletingService (SCMBlockDeletingService.java:call(131)) - Running DeletedBlockTransactionScanner
2022-02-17 09:52:20,183 [SCMBlockDeletingService#0] DEBUG block.SCMBlockDeletingService (SCMBlockDeletingService.java:call(131)) - Running DeletedBlockTransactionScanner
2022-02-17 09:52:20,283 [SCMBlockDeletingService#0] DEBUG block.SCMBlockDeletingService (SCMBlockDeletingService.java:call(131)) - Running DeletedBlockTransactionScanner
2022-02-17 09:52:20,383 [SCMBlockDeletingService#0] DEBUG block.SCMBlockDeletingService (SCMBlockDeletingService.java:call(131)) - Running DeletedBlockTransactionScanner
2022-02-17 09:52:20,483 [SCMBlockDeletingService#0] DEBUG block.SCMBlockDeletingService (SCMBlockDeletingService.java:call(131)) - Running DeletedBlockTransactionScanner
2022-02-17 09:52:20,583 [SCMBlockDeletingService#0] DEBUG block.SCMBlockDeletingService (SCMBlockDeletingService.java:call(131)) - Running DeletedBlockTransactionScanner
2022-02-17 09:52:20,683 [SCMBlockDeletingService#0] DEBUG block.SCMBlockDeletingService (SCMBlockDeletingService.java:call(131)) - Running DeletedBlockTransactionScanner
2022-02-17 09:52:20,783 [SCMBlockDeletingService#0] DEBUG block.SCMBlockDeletingService (SCMBlockDeletingService.java:call(131)) - Running DeletedBlockTransactionScanner
2022-02-17 09:52:20,883 [SCMBlockDeletingService#0] DEBUG block.SCMBlockDeletingService (SCMBlockDeletingService.java:call(131)) - Running DeletedBlockTransactionScanner
2022-02-17 09:52:20,984 [SCMBlockDeletingService#0] DEBUG block.SCMBlockDeletingService (SCMBlockDeletingService.java:call(131)) - Running DeletedBlockTransactionScanner
2022-02-17 09:52:21,084 [SCMBlockDeletingService#0] DEBUG block.SCMBlockDeletingService (SCMBlockDeletingService.java:call(131)) - Running DeletedBlockTransactionScanner
2022-02-17 09:52:21,184 [SCMBlockDeletingService#0] DEBUG block.SCMBlockDeletingService (SCMBlockDeletingService.java:call(131)) - Running DeletedBlockTransactionScanner
2022-02-17 09:52:21,284 [SCMBlockDeletingService#0] DEBUG block.SCMBlockDeletingService (SCMBlockDeletingService.java:call(131)) - Running DeletedBlockTransactionScanner
2022-02-17 09:52:21,384 [SCMBlockDeletingService#0] DEBUG block.SCMBlockDeletingService (SCMBlockDeletingService.java:call(131)) - Running DeletedBlockTransactionScanner
2022-02-17 09:52:21,484 [SCMBlockDeletingService#0] DEBUG block.SCMBlockDeletingService (SCMBlockDeletingService.java:call(131)) - Running DeletedBlockTransactionScanner
2022-02-17 09:52:21,584 [SCMBlockDeletingService#0] DEBUG block.SCMBlockDeletingService (SCMBlockDeletingService.java:call(131)) - Running DeletedBlockTransactionScanner
2022-02-17 09:52:21,684 [SCMBlockDeletingService#0] DEBUG block.SCMBlockDeletingService (SCMBlockDeletingService.java:call(131)) - Running DeletedBlockTransactionScanner
2022-02-17 09:52:21,784 [SCMBlockDeletingService#0] DEBUG block.SCMBlockDeletingService (SCMBlockDeletingService.java:call(131)) - Running DeletedBlockTransactionScanner
2022-02-17 09:52:21,884 [SCMBlockDeletingService#0] DEBUG block.SCMBlockDeletingService (SCMBlockDeletingService.java:call(131)) - Running DeletedBlockTransactionScanner
2022-02-17 09:52:21,984 [SCMBlockDeletingService#0] DEBUG block.SCMBlockDeletingService (SCMBlockDeletingService.java:call(131)) - Running DeletedBlockTransactionScanner
2022-02-17 09:52:22,084 [SCMBlockDeletingService#0] DEBUG block.SCMBlockDeletingService (SCMBlockDeletingService.java:call(131)) - Running DeletedBlockTransactionScanner
2022-02-17 09:52:22,184 [SCMBlockDeletingService#0] DEBUG block.SCMBlockDeletingService (SCMBlockDeletingService.java:call(131)) - Running DeletedBlockTransactionScanner
2022-02-17 09:52:22,284 [SCMBlockDeletingService#0] DEBUG block.SCMBlockDeletingService (SCMBlockDeletingService.java:call(131)) - Running DeletedBlockTransactionScanner
2022-02-17 09:52:22,340 [bd759d25-a637-4f5f-8c6b-7b0ed24d7d4d@group-859D5207D13B-FollowerState] INFO  impl.FollowerState (FollowerState.java:run(134)) - bd759d25-a637-4f5f-8c6b-7b0ed24d7d4d@group-859D5207D13B-FollowerState: change to CANDIDATE, lastRpcElapsedTime:5050556736ns, electionTimeout:5041ms
2022-02-17 09:52:22,342 [bd759d25-a637-4f5f-8c6b-7b0ed24d7d4d@group-859D5207D13B-FollowerState] INFO  impl.RoleInfo (RoleInfo.java:shutdownFollowerState(108)) - bd759d25-a637-4f5f-8c6b-7b0ed24d7d4d: shutdown bd759d25-a637-4f5f-8c6b-7b0ed24d7d4d@group-859D5207D13B-FollowerState
2022-02-17 09:52:22,342 [bd759d25-a637-4f5f-8c6b-7b0ed24d7d4d@group-859D5207D13B-FollowerState] INFO  server.RaftServer$Division (RaftServerImpl.java:setRole(290)) - bd759d25-a637-4f5f-8c6b-7b0ed24d7d4d@group-859D5207D13B: changes role from  FOLLOWER to CANDIDATE at term 6 for changeToCandidate
2022-02-17 09:52:22,342 [bd759d25-a637-4f5f-8c6b-7b0ed24d7d4d@group-859D5207D13B-FollowerState] INFO  server.RaftServerConfigKeys (ConfUtils.java:logGet(44)) - raft.server.leaderelection.pre-vote = false (custom)
2022-02-17 09:52:22,342 [bd759d25-a637-4f5f-8c6b-7b0ed24d7d4d@group-859D5207D13B-FollowerState] INFO  impl.RoleInfo (RoleInfo.java:updateAndGet(130)) - bd759d25-a637-4f5f-8c6b-7b0ed24d7d4d: start bd759d25-a637-4f5f-8c6b-7b0ed24d7d4d@group-859D5207D13B-LeaderElection12
2022-02-17 09:52:22,351 [bd759d25-a637-4f5f-8c6b-7b0ed24d7d4d@group-859D5207D13B-LeaderElection12] INFO  impl.LeaderElection (LeaderElection.java:askForVotes(306)) - bd759d25-a637-4f5f-8c6b-7b0ed24d7d4d@group-859D5207D13B-LeaderElection12 ELECTION round 0: submit vote requests at term 7 for -1: [f0cc5422-9efd-4116-8ef3-b34535e1b6d7|rpc:10.1.0.34:43555|priority:1, f4424c5e-91a7-493f-93fe-daa52ca7d930|rpc:10.1.0.34:41855|priority:0, bd759d25-a637-4f5f-8c6b-7b0ed24d7d4d|rpc:10.1.0.34:34023|priority:0], old=null
2022-02-17 09:52:22,374 [grpc-default-executor-0] INFO  server.RaftServer$Division (RaftServerImpl.java:requestVote(1046)) - f0cc5422-9efd-4116-8ef3-b34535e1b6d7@group-859D5207D13B: receive requestVote(ELECTION, bd759d25-a637-4f5f-8c6b-7b0ed24d7d4d, group-859D5207D13B, 7, (t:0, i:0))
2022-02-17 09:52:22,374 [grpc-default-executor-0] INFO  impl.VoteContext (VoteContext.java:log(48)) - f0cc5422-9efd-4116-8ef3-b34535e1b6d7@group-859D5207D13B-FOLLOWER: reject ELECTION from bd759d25-a637-4f5f-8c6b-7b0ed24d7d4d: our last entry (t:2, i:0) > candidate's last entry (t:0, i:0)
2022-02-17 09:52:22,374 [grpc-default-executor-0] INFO  server.RaftServer$Division (RaftServerImpl.java:setRole(290)) - f0cc5422-9efd-4116-8ef3-b34535e1b6d7@group-859D5207D13B: changes role from  FOLLOWER to FOLLOWER at term 7 for candidate:bd759d25-a637-4f5f-8c6b-7b0ed24d7d4d
2022-02-17 09:52:22,374 [grpc-default-executor-0] INFO  impl.RoleInfo (RoleInfo.java:shutdownFollowerState(108)) - f0cc5422-9efd-4116-8ef3-b34535e1b6d7: shutdown f0cc5422-9efd-4116-8ef3-b34535e1b6d7@group-859D5207D13B-FollowerState
2022-02-17 09:52:22,374 [grpc-default-executor-0] INFO  impl.RoleInfo (RoleInfo.java:updateAndGet(130)) - f0cc5422-9efd-4116-8ef3-b34535e1b6d7: start f0cc5422-9efd-4116-8ef3-b34535e1b6d7@group-859D5207D13B-FollowerState
2022-02-17 09:52:22,374 [f0cc5422-9efd-4116-8ef3-b34535e1b6d7@group-859D5207D13B-FollowerState] INFO  impl.FollowerState (FollowerState.java:run(143)) - f0cc5422-9efd-4116-8ef3-b34535e1b6d7@group-859D5207D13B-FollowerState was interrupted: {}
java.lang.InterruptedException: sleep interrupted
	at java.lang.Thread.sleep(Native Method)
	at java.lang.Thread.sleep(Thread.java:340)
	at java.util.concurrent.TimeUnit.sleep(TimeUnit.java:386)
	at org.apache.ratis.util.TimeDuration.sleep(TimeDuration.java:324)
	at org.apache.ratis.util.TimeDuration.sleep(TimeDuration.java:309)
	at org.apache.ratis.server.impl.FollowerState.run(FollowerState.java:118)
2022-02-17 09:52:22,379 [grpc-default-executor-0] INFO  server.RaftServer$Division (RaftServerImpl.java:requestVote(1078)) - f0cc5422-9efd-4116-8ef3-b34535e1b6d7@group-859D5207D13B replies to ELECTION vote request: bd759d25-a637-4f5f-8c6b-7b0ed24d7d4d<-f0cc5422-9efd-4116-8ef3-b34535e1b6d7#0:FAIL-t7. Peer's state: f0cc5422-9efd-4116-8ef3-b34535e1b6d7@group-859D5207D13B:t7, leader=null, voted=null, raftlog=f0cc5422-9efd-4116-8ef3-b34535e1b6d7@group-859D5207D13B-SegmentedRaftLog:OPENED:c-1, conf=0: [f0cc5422-9efd-4116-8ef3-b34535e1b6d7|rpc:10.1.0.34:43555|dataStream:|priority:1, f4424c5e-91a7-493f-93fe-daa52ca7d930|rpc:10.1.0.34:41855|dataStream:|priority:0, bd759d25-a637-4f5f-8c6b-7b0ed24d7d4d|rpc:10.1.0.34:34023|dataStream:|priority:0], old=null
2022-02-17 09:52:22,385 [SCMBlockDeletingService#0] DEBUG block.SCMBlockDeletingService (SCMBlockDeletingService.java:call(131)) - Running DeletedBlockTransactionScanner
2022-02-17 09:52:22,385 [bd759d25-a637-4f5f-8c6b-7b0ed24d7d4d@group-859D5207D13B-LeaderElection12] INFO  impl.LeaderElection (LeaderElection.java:logAndReturn(89)) - bd759d25-a637-4f5f-8c6b-7b0ed24d7d4d@group-859D5207D13B-LeaderElection12: ELECTION REJECTED received 1 response(s) and 0 exception(s):
2022-02-17 09:52:22,390 [bd759d25-a637-4f5f-8c6b-7b0ed24d7d4d@group-859D5207D13B-LeaderElection12] INFO  impl.LeaderElection (LeaderElection.java:logAndReturn(93)) -   Response 0: bd759d25-a637-4f5f-8c6b-7b0ed24d7d4d<-f0cc5422-9efd-4116-8ef3-b34535e1b6d7#0:FAIL-t7
2022-02-17 09:52:22,390 [bd759d25-a637-4f5f-8c6b-7b0ed24d7d4d@group-859D5207D13B-LeaderElection12] INFO  impl.LeaderElection (LeaderElection.java:askForVotes(308)) - bd759d25-a637-4f5f-8c6b-7b0ed24d7d4d@group-859D5207D13B-LeaderElection12 ELECTION round 0: result REJECTED
2022-02-17 09:52:22,390 [bd759d25-a637-4f5f-8c6b-7b0ed24d7d4d@group-859D5207D13B-LeaderElection12] INFO  server.RaftServer$Division (RaftServerImpl.java:setRole(290)) - bd759d25-a637-4f5f-8c6b-7b0ed24d7d4d@group-859D5207D13B: changes role from CANDIDATE to FOLLOWER at term 7 for REJECTED
2022-02-17 09:52:22,390 [bd759d25-a637-4f5f-8c6b-7b0ed24d7d4d@group-859D5207D13B-LeaderElection12] INFO  impl.RoleInfo (RoleInfo.java:shutdownLeaderElection(121)) - bd759d25-a637-4f5f-8c6b-7b0ed24d7d4d: shutdown bd759d25-a637-4f5f-8c6b-7b0ed24d7d4d@group-859D5207D13B-LeaderElection12
2022-02-17 09:52:22,390 [bd759d25-a637-4f5f-8c6b-7b0ed24d7d4d@group-859D5207D13B-LeaderElection12] INFO  impl.RoleInfo (RoleInfo.java:updateAndGet(130)) - bd759d25-a637-4f5f-8c6b-7b0ed24d7d4d: start bd759d25-a637-4f5f-8c6b-7b0ed24d7d4d@group-859D5207D13B-FollowerState
2022-02-17 09:52:22,395 [grpc-default-executor-0] INFO  server.RaftServer$Division (RaftServerImpl.java:requestVote(1046)) - f4424c5e-91a7-493f-93fe-daa52ca7d930@group-859D5207D13B: receive requestVote(ELECTION, bd759d25-a637-4f5f-8c6b-7b0ed24d7d4d, group-859D5207D13B, 7, (t:0, i:0))
2022-02-17 09:52:22,395 [grpc-default-executor-0] INFO  impl.VoteContext (VoteContext.java:log(48)) - f4424c5e-91a7-493f-93fe-daa52ca7d930@group-859D5207D13B-FOLLOWER: accept ELECTION from bd759d25-a637-4f5f-8c6b-7b0ed24d7d4d: our priority 0 <= candidate's priority 0
2022-02-17 09:52:22,396 [grpc-default-executor-0] INFO  server.RaftServer$Division (RaftServerImpl.java:setRole(290)) - f4424c5e-91a7-493f-93fe-daa52ca7d930@group-859D5207D13B: changes role from  FOLLOWER to FOLLOWER at term 7 for candidate:bd759d25-a637-4f5f-8c6b-7b0ed24d7d4d
2022-02-17 09:52:22,396 [grpc-default-executor-0] INFO  impl.RoleInfo (RoleInfo.java:shutdownFollowerState(108)) - f4424c5e-91a7-493f-93fe-daa52ca7d930: shutdown f4424c5e-91a7-493f-93fe-daa52ca7d930@group-859D5207D13B-FollowerState
2022-02-17 09:52:22,396 [grpc-default-executor-0] INFO  impl.RoleInfo (RoleInfo.java:updateAndGet(130)) - f4424c5e-91a7-493f-93fe-daa52ca7d930: start f4424c5e-91a7-493f-93fe-daa52ca7d930@group-859D5207D13B-FollowerState
2022-02-17 09:52:22,396 [f4424c5e-91a7-493f-93fe-daa52ca7d930@group-859D5207D13B-FollowerState] INFO  impl.FollowerState (FollowerState.java:run(143)) - f4424c5e-91a7-493f-93fe-daa52ca7d930@group-859D5207D13B-FollowerState was interrupted: {}
java.lang.InterruptedException: sleep interrupted
	at java.lang.Thread.sleep(Native Method)
	at java.lang.Thread.sleep(Thread.java:340)
	at java.util.concurrent.TimeUnit.sleep(TimeUnit.java:386)
	at org.apache.ratis.util.TimeDuration.sleep(TimeDuration.java:324)
	at org.apache.ratis.util.TimeDuration.sleep(TimeDuration.java:309)
	at org.apache.ratis.server.impl.FollowerState.run(FollowerState.java:118)
2022-02-17 09:52:22,404 [grpc-default-executor-0] INFO  server.RaftServer$Division (RaftServerImpl.java:requestVote(1078)) - f4424c5e-91a7-493f-93fe-daa52ca7d930@group-859D5207D13B replies to ELECTION vote request: bd759d25-a637-4f5f-8c6b-7b0ed24d7d4d<-f4424c5e-91a7-493f-93fe-daa52ca7d930#0:OK-t7. Peer's state: f4424c5e-91a7-493f-93fe-daa52ca7d930@group-859D5207D13B:t7, leader=null, voted=bd759d25-a637-4f5f-8c6b-7b0ed24d7d4d, raftlog=f4424c5e-91a7-493f-93fe-daa52ca7d930@group-859D5207D13B-SegmentedRaftLog:OPENED:c-1, conf=-1: [f0cc5422-9efd-4116-8ef3-b34535e1b6d7|rpc:10.1.0.34:43555|dataStream:|priority:1, f4424c5e-91a7-493f-93fe-daa52ca7d930|rpc:10.1.0.34:41855|dataStream:|priority:0, bd759d25-a637-4f5f-8c6b-7b0ed24d7d4d|rpc:10.1.0.34:34023|dataStream:|priority:0], old=null
2022-02-17 09:52:22,485 [SCMBlockDeletingService#0] DEBUG block.SCMBlockDeletingService (SCMBlockDeletingService.java:call(131)) - Running DeletedBlockTransactionScanner
2022-02-17 09:52:22,585 [SCMBlockDeletingService#0] DEBUG block.SCMBlockDeletingService (SCMBlockDeletingService.java:call(131)) - Running DeletedBlockTransactionScanner
2022-02-17 09:52:22,685 [SCMBlockDeletingService#0] DEBUG block.SCMBlockDeletingService (SCMBlockDeletingService.java:call(131)) - Running DeletedBlockTransactionScanner
2022-02-17 09:52:22,785 [SCMBlockDeletingService#0] DEBUG block.SCMBlockDeletingService (SCMBlockDeletingService.java:call(131)) - Running DeletedBlockTransactionScanner
2022-02-17 09:52:22,885 [SCMBlockDeletingService#0] DEBUG block.SCMBlockDeletingService (SCMBlockDeletingService.java:call(131)) - Running DeletedBlockTransactionScanner
2022-02-17 09:52:22,987 [SCMBlockDeletingService#0] DEBUG block.SCMBlockDeletingService (SCMBlockDeletingService.java:call(131)) - Running DeletedBlockTransactionScanner
2022-02-17 09:52:23,087 [SCMBlockDeletingService#0] DEBUG block.SCMBlockDeletingService (SCMBlockDeletingService.java:call(131)) - Running DeletedBlockTransactionScanner
2022-02-17 09:52:23,187 [SCMBlockDeletingService#0] DEBUG block.SCMBlockDeletingService (SCMBlockDeletingService.java:call(131)) - Running DeletedBlockTransactionScanner
2022-02-17 09:52:23,287 [SCMBlockDeletingService#0] DEBUG block.SCMBlockDeletingService (SCMBlockDeletingService.java:call(131)) - Running DeletedBlockTransactionScanner
2022-02-17 09:52:23,388 [SCMBlockDeletingService#0] DEBUG block.SCMBlockDeletingService (SCMBlockDeletingService.java:call(131)) - Running DeletedBlockTransactionScanner
2022-02-17 09:52:23,488 [SCMBlockDeletingService#0] DEBUG block.SCMBlockDeletingService (SCMBlockDeletingService.java:call(131)) - Running DeletedBlockTransactionScanner
2022-02-17 09:52:23,588 [SCMBlockDeletingService#0] DEBUG block.SCMBlockDeletingService (SCMBlockDeletingService.java:call(131)) - Running DeletedBlockTransactionScanner
2022-02-17 09:52:23,688 [SCMBlockDeletingService#0] DEBUG block.SCMBlockDeletingService (SCMBlockDeletingService.java:call(131)) - Running DeletedBlockTransactionScanner
2022-02-17 09:52:23,788 [SCMBlockDeletingService#0] DEBUG block.SCMBlockDeletingService (SCMBlockDeletingService.java:call(131)) - Running DeletedBlockTransactionScanner
2022-02-17 09:52:23,888 [SCMBlockDeletingService#0] DEBUG block.SCMBlockDeletingService (SCMBlockDeletingService.java:call(131)) - Running DeletedBlockTransactionScanner
2022-02-17 09:52:23,988 [SCMBlockDeletingService#0] DEBUG block.SCMBlockDeletingService (SCMBlockDeletingService.java:call(131)) - Running DeletedBlockTransactionScanner
2022-02-17 09:52:24,088 [SCMBlockDeletingService#0] DEBUG block.SCMBlockDeletingService (SCMBlockDeletingService.java:call(131)) - Running DeletedBlockTransactionScanner
2022-02-17 09:52:24,188 [SCMBlockDeletingService#0] DEBUG block.SCMBlockDeletingService (SCMBlockDeletingService.java:call(131)) - Running DeletedBlockTransactionScanner
2022-02-17 09:52:24,288 [SCMBlockDeletingService#0] DEBUG block.SCMBlockDeletingService (SCMBlockDeletingService.java:call(131)) - Running DeletedBlockTransactionScanner
2022-02-17 09:52:24,388 [SCMBlockDeletingService#0] DEBUG block.SCMBlockDeletingService (SCMBlockDeletingService.java:call(131)) - Running DeletedBlockTransactionScanner
2022-02-17 09:52:24,488 [SCMBlockDeletingService#0] DEBUG block.SCMBlockDeletingService (SCMBlockDeletingService.java:call(131)) - Running DeletedBlockTransactionScanner
2022-02-17 09:52:24,589 [SCMBlockDeletingService#0] DEBUG block.SCMBlockDeletingService (SCMBlockDeletingService.java:call(131)) - Running DeletedBlockTransactionScanner
2022-02-17 09:52:24,689 [SCMBlockDeletingService#0] DEBUG block.SCMBlockDeletingService (SCMBlockDeletingService.java:call(131)) - Running DeletedBlockTransactionScanner
2022-02-17 09:52:24,789 [SCMBlockDeletingService#0] DEBUG block.SCMBlockDeletingService (SCMBlockDeletingService.java:call(131)) - Running DeletedBlockTransactionScanner
2022-02-17 09:52:24,889 [SCMBlockDeletingService#0] DEBUG block.SCMBlockDeletingService (SCMBlockDeletingService.java:call(131)) - Running DeletedBlockTransactionScanner
2022-02-17 09:52:24,989 [SCMBlockDeletingService#0] DEBUG block.SCMBlockDeletingService (SCMBlockDeletingService.java:call(131)) - Running DeletedBlockTransactionScanner
2022-02-17 09:52:25,089 [SCMBlockDeletingService#0] DEBUG block.SCMBlockDeletingService (SCMBlockDeletingService.java:call(131)) - Running DeletedBlockTransactionScanner
2022-02-17 09:52:25,189 [SCMBlockDeletingService#0] DEBUG block.SCMBlockDeletingService (SCMBlockDeletingService.java:call(131)) - Running DeletedBlockTransactionScanner
2022-02-17 09:52:25,289 [SCMBlockDeletingService#0] DEBUG block.SCMBlockDeletingService (SCMBlockDeletingService.java:call(131)) - Running DeletedBlockTransactionScanner
2022-02-17 09:52:25,389 [SCMBlockDeletingService#0] DEBUG block.SCMBlockDeletingService (SCMBlockDeletingService.java:call(131)) - Running DeletedBlockTransactionScanner
2022-02-17 09:52:25,489 [SCMBlockDeletingService#0] DEBUG block.SCMBlockDeletingService (SCMBlockDeletingService.java:call(131)) - Running DeletedBlockTransactionScanner
2022-02-17 09:52:25,590 [SCMBlockDeletingService#0] DEBUG block.SCMBlockDeletingService (SCMBlockDeletingService.java:call(131)) - Running DeletedBlockTransactionScanner
2022-02-17 09:52:25,690 [SCMBlockDeletingService#0] DEBUG block.SCMBlockDeletingService (SCMBlockDeletingService.java:call(131)) - Running DeletedBlockTransactionScanner
2022-02-17 09:52:25,790 [SCMBlockDeletingService#0] DEBUG block.SCMBlockDeletingService (SCMBlockDeletingService.java:call(131)) - Running DeletedBlockTransactionScanner
2022-02-17 09:52:25,890 [SCMBlockDeletingService#0] DEBUG block.SCMBlockDeletingService (SCMBlockDeletingService.java:call(131)) - Running DeletedBlockTransactionScanner
2022-02-17 09:52:25,990 [SCMBlockDeletingService#0] DEBUG block.SCMBlockDeletingService (SCMBlockDeletingService.java:call(131)) - Running DeletedBlockTransactionScanner
2022-02-17 09:52:26,090 [SCMBlockDeletingService#0] DEBUG block.SCMBlockDeletingService (SCMBlockDeletingService.java:call(131)) - Running DeletedBlockTransactionScanner
2022-02-17 09:52:26,190 [SCMBlockDeletingService#0] DEBUG block.SCMBlockDeletingService (SCMBlockDeletingService.java:call(131)) - Running DeletedBlockTransactionScanner
2022-02-17 09:52:26,290 [SCMBlockDeletingService#0] DEBUG block.SCMBlockDeletingService (SCMBlockDeletingService.java:call(131)) - Running DeletedBlockTransactionScanner
2022-02-17 09:52:26,390 [SCMBlockDeletingService#0] DEBUG block.SCMBlockDeletingService (SCMBlockDeletingService.java:call(131)) - Running DeletedBlockTransactionScanner
2022-02-17 09:52:26,490 [SCMBlockDeletingService#0] DEBUG block.SCMBlockDeletingService (SCMBlockDeletingService.java:call(131)) - Running DeletedBlockTransactionScanner
2022-02-17 09:52:26,590 [SCMBlockDeletingService#0] DEBUG block.SCMBlockDeletingService (SCMBlockDeletingService.java:call(131)) - Running DeletedBlockTransactionScanner
2022-02-17 09:52:26,690 [SCMBlockDeletingService#0] DEBUG block.SCMBlockDeletingService (SCMBlockDeletingService.java:call(131)) - Running DeletedBlockTransactionScanner
2022-02-17 09:52:26,791 [SCMBlockDeletingService#0] DEBUG block.SCMBlockDeletingService (SCMBlockDeletingService.java:call(131)) - Running DeletedBlockTransactionScanner
2022-02-17 09:52:26,891 [SCMBlockDeletingService#0] DEBUG block.SCMBlockDeletingService (SCMBlockDeletingService.java:call(131)) - Running DeletedBlockTransactionScanner
2022-02-17 09:52:26,991 [SCMBlockDeletingService#0] DEBUG block.SCMBlockDeletingService (SCMBlockDeletingService.java:call(131)) - Running DeletedBlockTransactionScanner
2022-02-17 09:52:27,091 [SCMBlockDeletingService#0] DEBUG block.SCMBlockDeletingService (SCMBlockDeletingService.java:call(131)) - Running DeletedBlockTransactionScanner
2022-02-17 09:52:27,191 [SCMBlockDeletingService#0] DEBUG block.SCMBlockDeletingService (SCMBlockDeletingService.java:call(131)) - Running DeletedBlockTransactionScanner
2022-02-17 09:52:27,291 [SCMBlockDeletingService#0] DEBUG block.SCMBlockDeletingService (SCMBlockDeletingService.java:call(131)) - Running DeletedBlockTransactionScanner
2022-02-17 09:52:27,391 [SCMBlockDeletingService#0] DEBUG block.SCMBlockDeletingService (SCMBlockDeletingService.java:call(131)) - Running DeletedBlockTransactionScanner
2022-02-17 09:52:27,422 [bd759d25-a637-4f5f-8c6b-7b0ed24d7d4d@group-859D5207D13B-FollowerState] INFO  impl.FollowerState (FollowerState.java:run(134)) - bd759d25-a637-4f5f-8c6b-7b0ed24d7d4d@group-859D5207D13B-FollowerState: change to CANDIDATE, lastRpcElapsedTime:5032289244ns, electionTimeout:5026ms
2022-02-17 09:52:27,423 [bd759d25-a637-4f5f-8c6b-7b0ed24d7d4d@group-859D5207D13B-FollowerState] INFO  impl.RoleInfo (RoleInfo.java:shutdownFollowerState(108)) - bd759d25-a637-4f5f-8c6b-7b0ed24d7d4d: shutdown bd759d25-a637-4f5f-8c6b-7b0ed24d7d4d@group-859D5207D13B-FollowerState
2022-02-17 09:52:27,423 [bd759d25-a637-4f5f-8c6b-7b0ed24d7d4d@group-859D5207D13B-FollowerState] INFO  server.RaftServer$Division (RaftServerImpl.java:setRole(290)) - bd759d25-a637-4f5f-8c6b-7b0ed24d7d4d@group-859D5207D13B: changes role from  FOLLOWER to CANDIDATE at term 7 for changeToCandidate
2022-02-17 09:52:27,424 [bd759d25-a637-4f5f-8c6b-7b0ed24d7d4d@group-859D5207D13B-FollowerState] INFO  server.RaftServerConfigKeys (ConfUtils.java:logGet(44)) - raft.server.leaderelection.pre-vote = false (custom)
2022-02-17 09:52:27,424 [bd759d25-a637-4f5f-8c6b-7b0ed24d7d4d@group-859D5207D13B-FollowerState] INFO  impl.RoleInfo (RoleInfo.java:updateAndGet(130)) - bd759d25-a637-4f5f-8c6b-7b0ed24d7d4d: start bd759d25-a637-4f5f-8c6b-7b0ed24d7d4d@group-859D5207D13B-LeaderElection13
2022-02-17 09:52:27,439 [bd759d25-a637-4f5f-8c6b-7b0ed24d7d4d@group-859D5207D13B-LeaderElection13] INFO  impl.LeaderElection (LeaderElection.java:askForVotes(306)) - bd759d25-a637-4f5f-8c6b-7b0ed24d7d4d@group-859D5207D13B-LeaderElection13 ELECTION round 0: submit vote requests at term 8 for -1: [f0cc5422-9efd-4116-8ef3-b34535e1b6d7|rpc:10.1.0.34:43555|priority:1, f4424c5e-91a7-493f-93fe-daa52ca7d930|rpc:10.1.0.34:41855|priority:0, bd759d25-a637-4f5f-8c6b-7b0ed24d7d4d|rpc:10.1.0.34:34023|priority:0], old=null
2022-02-17 09:52:27,443 [grpc-default-executor-0] INFO  server.RaftServer$Division (RaftServerImpl.java:requestVote(1046)) - f0cc5422-9efd-4116-8ef3-b34535e1b6d7@group-859D5207D13B: receive requestVote(ELECTION, bd759d25-a637-4f5f-8c6b-7b0ed24d7d4d, group-859D5207D13B, 8, (t:0, i:0))
2022-02-17 09:52:27,443 [grpc-default-executor-0] INFO  impl.VoteContext (VoteContext.java:log(48)) - f0cc5422-9efd-4116-8ef3-b34535e1b6d7@group-859D5207D13B-FOLLOWER: reject ELECTION from bd759d25-a637-4f5f-8c6b-7b0ed24d7d4d: our last entry (t:2, i:0) > candidate's last entry (t:0, i:0)
2022-02-17 09:52:27,443 [grpc-default-executor-0] INFO  server.RaftServer$Division (RaftServerImpl.java:setRole(290)) - f0cc5422-9efd-4116-8ef3-b34535e1b6d7@group-859D5207D13B: changes role from  FOLLOWER to FOLLOWER at term 8 for candidate:bd759d25-a637-4f5f-8c6b-7b0ed24d7d4d
2022-02-17 09:52:27,443 [grpc-default-executor-0] INFO  impl.RoleInfo (RoleInfo.java:shutdownFollowerState(108)) - f0cc5422-9efd-4116-8ef3-b34535e1b6d7: shutdown f0cc5422-9efd-4116-8ef3-b34535e1b6d7@group-859D5207D13B-FollowerState
2022-02-17 09:52:27,443 [grpc-default-executor-0] INFO  impl.RoleInfo (RoleInfo.java:updateAndGet(130)) - f0cc5422-9efd-4116-8ef3-b34535e1b6d7: start f0cc5422-9efd-4116-8ef3-b34535e1b6d7@group-859D5207D13B-FollowerState
2022-02-17 09:52:27,443 [f0cc5422-9efd-4116-8ef3-b34535e1b6d7@group-859D5207D13B-FollowerState] INFO  impl.FollowerState (FollowerState.java:run(143)) - f0cc5422-9efd-4116-8ef3-b34535e1b6d7@group-859D5207D13B-FollowerState was interrupted: {}
java.lang.InterruptedException: sleep interrupted
	at java.lang.Thread.sleep(Native Method)
	at java.lang.Thread.sleep(Thread.java:340)
	at java.util.concurrent.TimeUnit.sleep(TimeUnit.java:386)
	at org.apache.ratis.util.TimeDuration.sleep(TimeDuration.java:324)
	at org.apache.ratis.util.TimeDuration.sleep(TimeDuration.java:309)
	at org.apache.ratis.server.impl.FollowerState.run(FollowerState.java:118)
2022-02-17 09:52:27,455 [grpc-default-executor-0] INFO  server.RaftServer$Division (RaftServerImpl.java:requestVote(1078)) - f0cc5422-9efd-4116-8ef3-b34535e1b6d7@group-859D5207D13B replies to ELECTION vote request: bd759d25-a637-4f5f-8c6b-7b0ed24d7d4d<-f0cc5422-9efd-4116-8ef3-b34535e1b6d7#0:FAIL-t8. Peer's state: f0cc5422-9efd-4116-8ef3-b34535e1b6d7@group-859D5207D13B:t8, leader=null, voted=null, raftlog=f0cc5422-9efd-4116-8ef3-b34535e1b6d7@group-859D5207D13B-SegmentedRaftLog:OPENED:c-1, conf=0: [f0cc5422-9efd-4116-8ef3-b34535e1b6d7|rpc:10.1.0.34:43555|dataStream:|priority:1, f4424c5e-91a7-493f-93fe-daa52ca7d930|rpc:10.1.0.34:41855|dataStream:|priority:0, bd759d25-a637-4f5f-8c6b-7b0ed24d7d4d|rpc:10.1.0.34:34023|dataStream:|priority:0], old=null
2022-02-17 09:52:27,456 [bd759d25-a637-4f5f-8c6b-7b0ed24d7d4d@group-859D5207D13B-LeaderElection13] INFO  impl.LeaderElection (LeaderElection.java:logAndReturn(89)) - bd759d25-a637-4f5f-8c6b-7b0ed24d7d4d@group-859D5207D13B-LeaderElection13: ELECTION REJECTED received 1 response(s) and 0 exception(s):
2022-02-17 09:52:27,456 [bd759d25-a637-4f5f-8c6b-7b0ed24d7d4d@group-859D5207D13B-LeaderElection13] INFO  impl.LeaderElection (LeaderElection.java:logAndReturn(93)) -   Response 0: bd759d25-a637-4f5f-8c6b-7b0ed24d7d4d<-f0cc5422-9efd-4116-8ef3-b34535e1b6d7#0:FAIL-t8
2022-02-17 09:52:27,456 [bd759d25-a637-4f5f-8c6b-7b0ed24d7d4d@group-859D5207D13B-LeaderElection13] INFO  impl.LeaderElection (LeaderElection.java:askForVotes(308)) - bd759d25-a637-4f5f-8c6b-7b0ed24d7d4d@group-859D5207D13B-LeaderElection13 ELECTION round 0: result REJECTED
2022-02-17 09:52:27,456 [bd759d25-a637-4f5f-8c6b-7b0ed24d7d4d@group-859D5207D13B-LeaderElection13] INFO  server.RaftServer$Division (RaftServerImpl.java:setRole(290)) - bd759d25-a637-4f5f-8c6b-7b0ed24d7d4d@group-859D5207D13B: changes role from CANDIDATE to FOLLOWER at term 8 for REJECTED
2022-02-17 09:52:27,456 [bd759d25-a637-4f5f-8c6b-7b0ed24d7d4d@group-859D5207D13B-LeaderElection13] INFO  impl.RoleInfo (RoleInfo.java:shutdownLeaderElection(121)) - bd759d25-a637-4f5f-8c6b-7b0ed24d7d4d: shutdown bd759d25-a637-4f5f-8c6b-7b0ed24d7d4d@group-859D5207D13B-LeaderElection13
2022-02-17 09:52:27,456 [bd759d25-a637-4f5f-8c6b-7b0ed24d7d4d@group-859D5207D13B-LeaderElection13] INFO  impl.RoleInfo (RoleInfo.java:updateAndGet(130)) - bd759d25-a637-4f5f-8c6b-7b0ed24d7d4d: start bd759d25-a637-4f5f-8c6b-7b0ed24d7d4d@group-859D5207D13B-FollowerState
2022-02-17 09:52:27,466 [grpc-default-executor-0] INFO  server.RaftServer$Division (RaftServerImpl.java:requestVote(1046)) - f4424c5e-91a7-493f-93fe-daa52ca7d930@group-859D5207D13B: receive requestVote(ELECTION, bd759d25-a637-4f5f-8c6b-7b0ed24d7d4d, group-859D5207D13B, 8, (t:0, i:0))
2022-02-17 09:52:27,467 [grpc-default-executor-0] INFO  impl.VoteContext (VoteContext.java:log(48)) - f4424c5e-91a7-493f-93fe-daa52ca7d930@group-859D5207D13B-FOLLOWER: accept ELECTION from bd759d25-a637-4f5f-8c6b-7b0ed24d7d4d: our priority 0 <= candidate's priority 0
2022-02-17 09:52:27,467 [grpc-default-executor-0] INFO  server.RaftServer$Division (RaftServerImpl.java:setRole(290)) - f4424c5e-91a7-493f-93fe-daa52ca7d930@group-859D5207D13B: changes role from  FOLLOWER to FOLLOWER at term 8 for candidate:bd759d25-a637-4f5f-8c6b-7b0ed24d7d4d
2022-02-17 09:52:27,467 [grpc-default-executor-0] INFO  impl.RoleInfo (RoleInfo.java:shutdownFollowerState(108)) - f4424c5e-91a7-493f-93fe-daa52ca7d930: shutdown f4424c5e-91a7-493f-93fe-daa52ca7d930@group-859D5207D13B-FollowerState
2022-02-17 09:52:27,467 [grpc-default-executor-0] INFO  impl.RoleInfo (RoleInfo.java:updateAndGet(130)) - f4424c5e-91a7-493f-93fe-daa52ca7d930: start f4424c5e-91a7-493f-93fe-daa52ca7d930@group-859D5207D13B-FollowerState
2022-02-17 09:52:27,467 [f4424c5e-91a7-493f-93fe-daa52ca7d930@group-859D5207D13B-FollowerState] INFO  impl.FollowerState (FollowerState.java:run(143)) - f4424c5e-91a7-493f-93fe-daa52ca7d930@group-859D5207D13B-FollowerState was interrupted: {}
java.lang.InterruptedException: sleep interrupted
	at java.lang.Thread.sleep(Native Method)
	at java.lang.Thread.sleep(Thread.java:340)
	at java.util.concurrent.TimeUnit.sleep(TimeUnit.java:386)
	at org.apache.ratis.util.TimeDuration.sleep(TimeDuration.java:324)
	at org.apache.ratis.util.TimeDuration.sleep(TimeDuration.java:309)
	at org.apache.ratis.server.impl.FollowerState.run(FollowerState.java:118)
2022-02-17 09:52:27,469 [grpc-default-executor-0] INFO  server.RaftServer$Division (RaftServerImpl.java:requestVote(1078)) - f4424c5e-91a7-493f-93fe-daa52ca7d930@group-859D5207D13B replies to ELECTION vote request: bd759d25-a637-4f5f-8c6b-7b0ed24d7d4d<-f4424c5e-91a7-493f-93fe-daa52ca7d930#0:OK-t8. Peer's state: f4424c5e-91a7-493f-93fe-daa52ca7d930@group-859D5207D13B:t8, leader=null, voted=bd759d25-a637-4f5f-8c6b-7b0ed24d7d4d, raftlog=f4424c5e-91a7-493f-93fe-daa52ca7d930@group-859D5207D13B-SegmentedRaftLog:OPENED:c-1, conf=-1: [f0cc5422-9efd-4116-8ef3-b34535e1b6d7|rpc:10.1.0.34:43555|dataStream:|priority:1, f4424c5e-91a7-493f-93fe-daa52ca7d930|rpc:10.1.0.34:41855|dataStream:|priority:0, bd759d25-a637-4f5f-8c6b-7b0ed24d7d4d|rpc:10.1.0.34:34023|dataStream:|priority:0], old=null
2022-02-17 09:52:27,491 [SCMBlockDeletingService#0] DEBUG block.SCMBlockDeletingService (SCMBlockDeletingService.java:call(131)) - Running DeletedBlockTransactionScanner
2022-02-17 09:52:27,592 [SCMBlockDeletingService#0] DEBUG block.SCMBlockDeletingService (SCMBlockDeletingService.java:call(131)) - Running DeletedBlockTransactionScanner
2022-02-17 09:52:27,693 [SCMBlockDeletingService#0] DEBUG block.SCMBlockDeletingService (SCMBlockDeletingService.java:call(131)) - Running DeletedBlockTransactionScanner
2022-02-17 09:52:27,793 [SCMBlockDeletingService#0] DEBUG block.SCMBlockDeletingService (SCMBlockDeletingService.java:call(131)) - Running DeletedBlockTransactionScanner
2022-02-17 09:52:27,893 [SCMBlockDeletingService#0] DEBUG block.SCMBlockDeletingService (SCMBlockDeletingService.java:call(131)) - Running DeletedBlockTransactionScanner
2022-02-17 09:52:27,993 [SCMBlockDeletingService#0] DEBUG block.SCMBlockDeletingService (SCMBlockDeletingService.java:call(131)) - Running DeletedBlockTransactionScanner
2022-02-17 09:52:28,093 [SCMBlockDeletingService#0] DEBUG block.SCMBlockDeletingService (SCMBlockDeletingService.java:call(131)) - Running DeletedBlockTransactionScanner
2022-02-17 09:52:28,193 [SCMBlockDeletingService#0] DEBUG block.SCMBlockDeletingService (SCMBlockDeletingService.java:call(131)) - Running DeletedBlockTransactionScanner
2022-02-17 09:52:28,293 [SCMBlockDeletingService#0] DEBUG block.SCMBlockDeletingService (SCMBlockDeletingService.java:call(131)) - Running DeletedBlockTransactionScanner
2022-02-17 09:52:28,393 [SCMBlockDeletingService#0] DEBUG block.SCMBlockDeletingService (SCMBlockDeletingService.java:call(131)) - Running DeletedBlockTransactionScanner
2022-02-17 09:52:28,493 [SCMBlockDeletingService#0] DEBUG block.SCMBlockDeletingService (SCMBlockDeletingService.java:call(131)) - Running DeletedBlockTransactionScanner
2022-02-17 09:52:28,593 [SCMBlockDeletingService#0] DEBUG block.SCMBlockDeletingService (SCMBlockDeletingService.java:call(131)) - Running DeletedBlockTransactionScanner
2022-02-17 09:52:28,693 [SCMBlockDeletingService#0] DEBUG block.SCMBlockDeletingService (SCMBlockDeletingService.java:call(131)) - Running DeletedBlockTransactionScanner
2022-02-17 09:52:28,794 [SCMBlockDeletingService#0] DEBUG block.SCMBlockDeletingService (SCMBlockDeletingService.java:call(131)) - Running DeletedBlockTransactionScanner
2022-02-17 09:52:28,894 [SCMBlockDeletingService#0] DEBUG block.SCMBlockDeletingService (SCMBlockDeletingService.java:call(131)) - Running DeletedBlockTransactionScanner
2022-02-17 09:52:28,994 [SCMBlockDeletingService#0] DEBUG block.SCMBlockDeletingService (SCMBlockDeletingService.java:call(131)) - Running DeletedBlockTransactionScanner
2022-02-17 09:52:29,094 [SCMBlockDeletingService#0] DEBUG block.SCMBlockDeletingService (SCMBlockDeletingService.java:call(131)) - Running DeletedBlockTransactionScanner
2022-02-17 09:52:29,194 [SCMBlockDeletingService#0] DEBUG block.SCMBlockDeletingService (SCMBlockDeletingService.java:call(131)) - Running DeletedBlockTransactionScanner
2022-02-17 09:52:29,294 [SCMBlockDeletingService#0] DEBUG block.SCMBlockDeletingService (SCMBlockDeletingService.java:call(131)) - Running DeletedBlockTransactionScanner
2022-02-17 09:52:29,394 [SCMBlockDeletingService#0] DEBUG block.SCMBlockDeletingService (SCMBlockDeletingService.java:call(131)) - Running DeletedBlockTransactionScanner
2022-02-17 09:52:29,494 [SCMBlockDeletingService#0] DEBUG block.SCMBlockDeletingService (SCMBlockDeletingService.java:call(131)) - Running DeletedBlockTransactionScanner
2022-02-17 09:52:29,594 [SCMBlockDeletingService#0] DEBUG block.SCMBlockDeletingService (SCMBlockDeletingService.java:call(131)) - Running DeletedBlockTransactionScanner
2022-02-17 09:52:29,694 [SCMBlockDeletingService#0] DEBUG block.SCMBlockDeletingService (SCMBlockDeletingService.java:call(131)) - Running DeletedBlockTransactionScanner
2022-02-17 09:52:29,794 [SCMBlockDeletingService#0] DEBUG block.SCMBlockDeletingService (SCMBlockDeletingService.java:call(131)) - Running DeletedBlockTransactionScanner
2022-02-17 09:52:29,895 [SCMBlockDeletingService#0] DEBUG block.SCMBlockDeletingService (SCMBlockDeletingService.java:call(131)) - Running DeletedBlockTransactionScanner
2022-02-17 09:52:29,995 [SCMBlockDeletingService#0] DEBUG block.SCMBlockDeletingService (SCMBlockDeletingService.java:call(131)) - Running DeletedBlockTransactionScanner
2022-02-17 09:52:30,095 [SCMBlockDeletingService#0] DEBUG block.SCMBlockDeletingService (SCMBlockDeletingService.java:call(131)) - Running DeletedBlockTransactionScanner
2022-02-17 09:52:30,195 [SCMBlockDeletingService#0] DEBUG block.SCMBlockDeletingService (SCMBlockDeletingService.java:call(131)) - Running DeletedBlockTransactionScanner
2022-02-17 09:52:30,295 [SCMBlockDeletingService#0] DEBUG block.SCMBlockDeletingService (SCMBlockDeletingService.java:call(131)) - Running DeletedBlockTransactionScanner
2022-02-17 09:52:30,395 [SCMBlockDeletingService#0] DEBUG block.SCMBlockDeletingService (SCMBlockDeletingService.java:call(131)) - Running DeletedBlockTransactionScanner
2022-02-17 09:52:30,495 [SCMBlockDeletingService#0] DEBUG block.SCMBlockDeletingService (SCMBlockDeletingService.java:call(131)) - Running DeletedBlockTransactionScanner
2022-02-17 09:52:30,595 [SCMBlockDeletingService#0] DEBUG block.SCMBlockDeletingService (SCMBlockDeletingService.java:call(131)) - Running DeletedBlockTransactionScanner
2022-02-17 09:52:30,695 [SCMBlockDeletingService#0] DEBUG block.SCMBlockDeletingService (SCMBlockDeletingService.java:call(131)) - Running DeletedBlockTransactionScanner
2022-02-17 09:52:30,795 [SCMBlockDeletingService#0] DEBUG block.SCMBlockDeletingService (SCMBlockDeletingService.java:call(131)) - Running DeletedBlockTransactionScanner
2022-02-17 09:52:30,895 [SCMBlockDeletingService#0] DEBUG block.SCMBlockDeletingService (SCMBlockDeletingService.java:call(131)) - Running DeletedBlockTransactionScanner
2022-02-17 09:52:30,996 [SCMBlockDeletingService#0] DEBUG block.SCMBlockDeletingService (SCMBlockDeletingService.java:call(131)) - Running DeletedBlockTransactionScanner
2022-02-17 09:52:31,096 [SCMBlockDeletingService#0] DEBUG block.SCMBlockDeletingService (SCMBlockDeletingService.java:call(131)) - Running DeletedBlockTransactionScanner
2022-02-17 09:52:31,196 [SCMBlockDeletingService#0] DEBUG block.SCMBlockDeletingService (SCMBlockDeletingService.java:call(131)) - Running DeletedBlockTransactionScanner
2022-02-17 09:52:31,296 [SCMBlockDeletingService#0] DEBUG block.SCMBlockDeletingService (SCMBlockDeletingService.java:call(131)) - Running DeletedBlockTransactionScanner
2022-02-17 09:52:31,396 [SCMBlockDeletingService#0] DEBUG block.SCMBlockDeletingService (SCMBlockDeletingService.java:call(131)) - Running DeletedBlockTransactionScanner
2022-02-17 09:52:31,496 [SCMBlockDeletingService#0] DEBUG block.SCMBlockDeletingService (SCMBlockDeletingService.java:call(131)) - Running DeletedBlockTransactionScanner
2022-02-17 09:52:31,596 [SCMBlockDeletingService#0] DEBUG block.SCMBlockDeletingService (SCMBlockDeletingService.java:call(131)) - Running DeletedBlockTransactionScanner
2022-02-17 09:52:31,696 [SCMBlockDeletingService#0] DEBUG block.SCMBlockDeletingService (SCMBlockDeletingService.java:call(131)) - Running DeletedBlockTransactionScanner
2022-02-17 09:52:31,796 [SCMBlockDeletingService#0] DEBUG block.SCMBlockDeletingService (SCMBlockDeletingService.java:call(131)) - Running DeletedBlockTransactionScanner
2022-02-17 09:52:31,896 [SCMBlockDeletingService#0] DEBUG block.SCMBlockDeletingService (SCMBlockDeletingService.java:call(131)) - Running DeletedBlockTransactionScanner
2022-02-17 09:52:31,996 [SCMBlockDeletingService#0] DEBUG block.SCMBlockDeletingService (SCMBlockDeletingService.java:call(131)) - Running DeletedBlockTransactionScanner
2022-02-17 09:52:32,097 [SCMBlockDeletingService#0] DEBUG block.SCMBlockDeletingService (SCMBlockDeletingService.java:call(131)) - Running DeletedBlockTransactionScanner
2022-02-17 09:52:32,197 [SCMBlockDeletingService#0] DEBUG block.SCMBlockDeletingService (SCMBlockDeletingService.java:call(131)) - Running DeletedBlockTransactionScanner
2022-02-17 09:52:32,297 [SCMBlockDeletingService#0] DEBUG block.SCMBlockDeletingService (SCMBlockDeletingService.java:call(131)) - Running DeletedBlockTransactionScanner
2022-02-17 09:52:32,397 [SCMBlockDeletingService#0] DEBUG block.SCMBlockDeletingService (SCMBlockDeletingService.java:call(131)) - Running DeletedBlockTransactionScanner
2022-02-17 09:52:32,497 [SCMBlockDeletingService#0] DEBUG block.SCMBlockDeletingService (SCMBlockDeletingService.java:call(131)) - Running DeletedBlockTransactionScanner
2022-02-17 09:52:32,506 [f0cc5422-9efd-4116-8ef3-b34535e1b6d7@group-859D5207D13B-FollowerState] INFO  impl.FollowerState (FollowerState.java:run(134)) - f0cc5422-9efd-4116-8ef3-b34535e1b6d7@group-859D5207D13B-FollowerState: change to CANDIDATE, lastRpcElapsedTime:5062702972ns, electionTimeout:5040ms
2022-02-17 09:52:32,507 [f0cc5422-9efd-4116-8ef3-b34535e1b6d7@group-859D5207D13B-FollowerState] INFO  impl.RoleInfo (RoleInfo.java:shutdownFollowerState(108)) - f0cc5422-9efd-4116-8ef3-b34535e1b6d7: shutdown f0cc5422-9efd-4116-8ef3-b34535e1b6d7@group-859D5207D13B-FollowerState
2022-02-17 09:52:32,507 [f0cc5422-9efd-4116-8ef3-b34535e1b6d7@group-859D5207D13B-FollowerState] INFO  server.RaftServer$Division (RaftServerImpl.java:setRole(290)) - f0cc5422-9efd-4116-8ef3-b34535e1b6d7@group-859D5207D13B: changes role from  FOLLOWER to CANDIDATE at term 8 for changeToCandidate
2022-02-17 09:52:32,507 [f0cc5422-9efd-4116-8ef3-b34535e1b6d7@group-859D5207D13B-FollowerState] INFO  server.RaftServerConfigKeys (ConfUtils.java:logGet(44)) - raft.server.leaderelection.pre-vote = false (custom)
2022-02-17 09:52:32,507 [f0cc5422-9efd-4116-8ef3-b34535e1b6d7@group-859D5207D13B-FollowerState] INFO  impl.RoleInfo (RoleInfo.java:updateAndGet(130)) - f0cc5422-9efd-4116-8ef3-b34535e1b6d7: start f0cc5422-9efd-4116-8ef3-b34535e1b6d7@group-859D5207D13B-LeaderElection14
2022-02-17 09:52:32,518 [f0cc5422-9efd-4116-8ef3-b34535e1b6d7@group-859D5207D13B-LeaderElection14] INFO  impl.LeaderElection (LeaderElection.java:askForVotes(306)) - f0cc5422-9efd-4116-8ef3-b34535e1b6d7@group-859D5207D13B-LeaderElection14 ELECTION round 0: submit vote requests at term 9 for 0: [f0cc5422-9efd-4116-8ef3-b34535e1b6d7|rpc:10.1.0.34:43555|dataStream:|priority:1, f4424c5e-91a7-493f-93fe-daa52ca7d930|rpc:10.1.0.34:41855|dataStream:|priority:0, bd759d25-a637-4f5f-8c6b-7b0ed24d7d4d|rpc:10.1.0.34:34023|dataStream:|priority:0], old=null
2022-02-17 09:52:32,525 [grpc-default-executor-3] INFO  server.RaftServer$Division (RaftServerImpl.java:requestVote(1046)) - bd759d25-a637-4f5f-8c6b-7b0ed24d7d4d@group-859D5207D13B: receive requestVote(ELECTION, f0cc5422-9efd-4116-8ef3-b34535e1b6d7, group-859D5207D13B, 9, (t:2, i:0))
2022-02-17 09:52:32,525 [grpc-default-executor-0] INFO  server.RaftServer$Division (RaftServerImpl.java:requestVote(1046)) - f4424c5e-91a7-493f-93fe-daa52ca7d930@group-859D5207D13B: receive requestVote(ELECTION, f0cc5422-9efd-4116-8ef3-b34535e1b6d7, group-859D5207D13B, 9, (t:2, i:0))
2022-02-17 09:52:32,526 [grpc-default-executor-0] INFO  impl.VoteContext (VoteContext.java:log(48)) - f4424c5e-91a7-493f-93fe-daa52ca7d930@group-859D5207D13B-FOLLOWER: accept ELECTION from f0cc5422-9efd-4116-8ef3-b34535e1b6d7: our last entry null < candidate's last entry (t:2, i:0)
2022-02-17 09:52:32,526 [grpc-default-executor-0] INFO  server.RaftServer$Division (RaftServerImpl.java:setRole(290)) - f4424c5e-91a7-493f-93fe-daa52ca7d930@group-859D5207D13B: changes role from  FOLLOWER to FOLLOWER at term 9 for candidate:f0cc5422-9efd-4116-8ef3-b34535e1b6d7
2022-02-17 09:52:32,526 [grpc-default-executor-0] INFO  impl.RoleInfo (RoleInfo.java:shutdownFollowerState(108)) - f4424c5e-91a7-493f-93fe-daa52ca7d930: shutdown f4424c5e-91a7-493f-93fe-daa52ca7d930@group-859D5207D13B-FollowerState
2022-02-17 09:52:32,526 [grpc-default-executor-0] INFO  impl.RoleInfo (RoleInfo.java:updateAndGet(130)) - f4424c5e-91a7-493f-93fe-daa52ca7d930: start f4424c5e-91a7-493f-93fe-daa52ca7d930@group-859D5207D13B-FollowerState
2022-02-17 09:52:32,526 [f4424c5e-91a7-493f-93fe-daa52ca7d930@group-859D5207D13B-FollowerState] INFO  impl.FollowerState (FollowerState.java:run(143)) - f4424c5e-91a7-493f-93fe-daa52ca7d930@group-859D5207D13B-FollowerState was interrupted: {}
java.lang.InterruptedException: sleep interrupted
	at java.lang.Thread.sleep(Native Method)
	at java.lang.Thread.sleep(Thread.java:340)
	at java.util.concurrent.TimeUnit.sleep(TimeUnit.java:386)
	at org.apache.ratis.util.TimeDuration.sleep(TimeDuration.java:324)
	at org.apache.ratis.util.TimeDuration.sleep(TimeDuration.java:309)
	at org.apache.ratis.server.impl.FollowerState.run(FollowerState.java:118)
2022-02-17 09:52:32,533 [grpc-default-executor-3] INFO  impl.VoteContext (VoteContext.java:log(48)) - bd759d25-a637-4f5f-8c6b-7b0ed24d7d4d@group-859D5207D13B-FOLLOWER: accept ELECTION from f0cc5422-9efd-4116-8ef3-b34535e1b6d7: our last entry null < candidate's last entry (t:2, i:0)
2022-02-17 09:52:32,533 [grpc-default-executor-3] INFO  server.RaftServer$Division (RaftServerImpl.java:setRole(290)) - bd759d25-a637-4f5f-8c6b-7b0ed24d7d4d@group-859D5207D13B: changes role from  FOLLOWER to FOLLOWER at term 9 for candidate:f0cc5422-9efd-4116-8ef3-b34535e1b6d7
2022-02-17 09:52:32,534 [grpc-default-executor-3] INFO  impl.RoleInfo (RoleInfo.java:shutdownFollowerState(108)) - bd759d25-a637-4f5f-8c6b-7b0ed24d7d4d: shutdown bd759d25-a637-4f5f-8c6b-7b0ed24d7d4d@group-859D5207D13B-FollowerState
2022-02-17 09:52:32,534 [grpc-default-executor-3] INFO  impl.RoleInfo (RoleInfo.java:updateAndGet(130)) - bd759d25-a637-4f5f-8c6b-7b0ed24d7d4d: start bd759d25-a637-4f5f-8c6b-7b0ed24d7d4d@group-859D5207D13B-FollowerState
2022-02-17 09:52:32,534 [bd759d25-a637-4f5f-8c6b-7b0ed24d7d4d@group-859D5207D13B-FollowerState] INFO  impl.FollowerState (FollowerState.java:run(143)) - bd759d25-a637-4f5f-8c6b-7b0ed24d7d4d@group-859D5207D13B-FollowerState was interrupted: {}
java.lang.InterruptedException: sleep interrupted
	at java.lang.Thread.sleep(Native Method)
	at java.lang.Thread.sleep(Thread.java:340)
	at java.util.concurrent.TimeUnit.sleep(TimeUnit.java:386)
	at org.apache.ratis.util.TimeDuration.sleep(TimeDuration.java:324)
	at org.apache.ratis.util.TimeDuration.sleep(TimeDuration.java:309)
	at org.apache.ratis.server.impl.FollowerState.run(FollowerState.java:118)
2022-02-17 09:52:32,540 [grpc-default-executor-0] INFO  server.RaftServer$Division (RaftServerImpl.java:requestVote(1078)) - f4424c5e-91a7-493f-93fe-daa52ca7d930@group-859D5207D13B replies to ELECTION vote request: f0cc5422-9efd-4116-8ef3-b34535e1b6d7<-f4424c5e-91a7-493f-93fe-daa52ca7d930#0:OK-t9. Peer's state: f4424c5e-91a7-493f-93fe-daa52ca7d930@group-859D5207D13B:t9, leader=null, voted=f0cc5422-9efd-4116-8ef3-b34535e1b6d7, raftlog=f4424c5e-91a7-493f-93fe-daa52ca7d930@group-859D5207D13B-SegmentedRaftLog:OPENED:c-1, conf=-1: [f0cc5422-9efd-4116-8ef3-b34535e1b6d7|rpc:10.1.0.34:43555|dataStream:|priority:1, f4424c5e-91a7-493f-93fe-daa52ca7d930|rpc:10.1.0.34:41855|dataStream:|priority:0, bd759d25-a637-4f5f-8c6b-7b0ed24d7d4d|rpc:10.1.0.34:34023|dataStream:|priority:0], old=null
2022-02-17 09:52:32,541 [f0cc5422-9efd-4116-8ef3-b34535e1b6d7@group-859D5207D13B-LeaderElection14] INFO  impl.LeaderElection (LeaderElection.java:logAndReturn(89)) - f0cc5422-9efd-4116-8ef3-b34535e1b6d7@group-859D5207D13B-LeaderElection14: ELECTION PASSED received 1 response(s) and 0 exception(s):
2022-02-17 09:52:32,541 [f0cc5422-9efd-4116-8ef3-b34535e1b6d7@group-859D5207D13B-LeaderElection14] INFO  impl.LeaderElection (LeaderElection.java:logAndReturn(93)) -   Response 0: f0cc5422-9efd-4116-8ef3-b34535e1b6d7<-f4424c5e-91a7-493f-93fe-daa52ca7d930#0:OK-t9
2022-02-17 09:52:32,541 [f0cc5422-9efd-4116-8ef3-b34535e1b6d7@group-859D5207D13B-LeaderElection14] INFO  impl.LeaderElection (LeaderElection.java:askForVotes(308)) - f0cc5422-9efd-4116-8ef3-b34535e1b6d7@group-859D5207D13B-LeaderElection14 ELECTION round 0: result PASSED
2022-02-17 09:52:32,541 [f0cc5422-9efd-4116-8ef3-b34535e1b6d7@group-859D5207D13B-LeaderElection14] INFO  impl.RoleInfo (RoleInfo.java:shutdownLeaderElection(121)) - f0cc5422-9efd-4116-8ef3-b34535e1b6d7: shutdown f0cc5422-9efd-4116-8ef3-b34535e1b6d7@group-859D5207D13B-LeaderElection14
2022-02-17 09:52:32,541 [f0cc5422-9efd-4116-8ef3-b34535e1b6d7@group-859D5207D13B-LeaderElection14] INFO  server.RaftServer$Division (RaftServerImpl.java:setRole(290)) - f0cc5422-9efd-4116-8ef3-b34535e1b6d7@group-859D5207D13B: changes role from CANDIDATE to LEADER at term 9 for changeToLeader
2022-02-17 09:52:32,541 [f0cc5422-9efd-4116-8ef3-b34535e1b6d7@group-859D5207D13B-LeaderElection14] INFO  ratis.XceiverServerRatis (XceiverServerRatis.java:handleLeaderChangedNotification(867)) - Leader change notification received for group: group-859D5207D13B with new leaderId: f0cc5422-9efd-4116-8ef3-b34535e1b6d7
2022-02-17 09:52:32,541 [f0cc5422-9efd-4116-8ef3-b34535e1b6d7@group-859D5207D13B-LeaderElection14] INFO  server.RaftServer$Division (ServerState.java:setLeader(285)) - f0cc5422-9efd-4116-8ef3-b34535e1b6d7@group-859D5207D13B: change Leader from null to f0cc5422-9efd-4116-8ef3-b34535e1b6d7 at term 9 for becomeLeader, leader elected after 30544ms
2022-02-17 09:52:32,541 [f0cc5422-9efd-4116-8ef3-b34535e1b6d7@group-859D5207D13B-LeaderElection14] INFO  server.RaftServerConfigKeys (ConfUtils.java:logGet(44)) - raft.server.staging.catchup.gap = 1000 (default)
2022-02-17 09:52:32,542 [f0cc5422-9efd-4116-8ef3-b34535e1b6d7@group-859D5207D13B-LeaderElection14] INFO  server.RaftServerConfigKeys (ConfUtils.java:logGet(44)) - raft.server.write.element-limit = 1024 (custom)
2022-02-17 09:52:32,542 [f0cc5422-9efd-4116-8ef3-b34535e1b6d7@group-859D5207D13B-LeaderElection14] INFO  server.RaftServerConfigKeys (ConfUtils.java:logGet(44)) - raft.server.write.byte-limit = 1024 M (=1073741824) (custom)
2022-02-17 09:52:32,542 [f0cc5422-9efd-4116-8ef3-b34535e1b6d7@group-859D5207D13B-LeaderElection14] INFO  server.RaftServerConfigKeys (ConfUtils.java:logGet(44)) - raft.server.watch.timeout = 180s (custom)
2022-02-17 09:52:32,542 [f0cc5422-9efd-4116-8ef3-b34535e1b6d7@group-859D5207D13B-LeaderElection14] INFO  server.RaftServerConfigKeys (ConfUtils.java:logGet(44)) - raft.server.watch.timeout.denomination = 1s (default)
2022-02-17 09:52:32,542 [f0cc5422-9efd-4116-8ef3-b34535e1b6d7@group-859D5207D13B-LeaderElection14] INFO  server.RaftServerConfigKeys (ConfUtils.java:logGet(44)) - raft.server.watch.element-limit = 65536 (default)
2022-02-17 09:52:32,542 [f0cc5422-9efd-4116-8ef3-b34535e1b6d7@group-859D5207D13B-LeaderElection14] INFO  server.RaftServerConfigKeys (ConfUtils.java:logGet(44)) - raft.server.write.element-limit = 1024 (custom)
2022-02-17 09:52:32,542 [f0cc5422-9efd-4116-8ef3-b34535e1b6d7@group-859D5207D13B-LeaderElection14] INFO  server.RaftServerConfigKeys (ConfUtils.java:logGet(44)) - raft.server.write.follower.gap.ratio.max = -1.0 (default)
2022-02-17 09:52:32,542 [f0cc5422-9efd-4116-8ef3-b34535e1b6d7@group-859D5207D13B-LeaderElection14] INFO  server.RaftServerConfigKeys (ConfUtils.java:logGet(44)) - raft.server.log.appender.snapshot.chunk.size.max = 16MB (=16777216) (default)
2022-02-17 09:52:32,543 [f0cc5422-9efd-4116-8ef3-b34535e1b6d7@group-859D5207D13B-LeaderElection14] INFO  server.RaftServerConfigKeys (ConfUtils.java:logGet(44)) - raft.server.log.appender.buffer.byte-limit = 33554432 (custom)
2022-02-17 09:52:32,543 [f0cc5422-9efd-4116-8ef3-b34535e1b6d7@group-859D5207D13B-LeaderElection14] INFO  server.RaftServerConfigKeys (ConfUtils.java:logGet(44)) - raft.server.log.appender.buffer.element-limit = 1 (custom)
2022-02-17 09:52:32,543 [f0cc5422-9efd-4116-8ef3-b34535e1b6d7@group-859D5207D13B-LeaderElection14] INFO  grpc.GrpcConfigKeys (ConfUtils.java:logGet(44)) - raft.grpc.server.leader.outstanding.appends.max = 128 (default)
2022-02-17 09:52:32,543 [f0cc5422-9efd-4116-8ef3-b34535e1b6d7@group-859D5207D13B-LeaderElection14] INFO  server.RaftServerConfigKeys (ConfUtils.java:logGet(44)) - raft.server.rpc.request.timeout = 60s (custom)
2022-02-17 09:52:32,543 [f0cc5422-9efd-4116-8ef3-b34535e1b6d7@group-859D5207D13B-LeaderElection14] INFO  server.RaftServerConfigKeys (ConfUtils.java:logGet(44)) - raft.server.log.appender.install.snapshot.enabled = false (custom)
2022-02-17 09:52:32,544 [f0cc5422-9efd-4116-8ef3-b34535e1b6d7@group-859D5207D13B-LeaderElection14] INFO  server.RaftServerConfigKeys (ConfUtils.java:logGet(44)) - raft.server.log.appender.snapshot.chunk.size.max = 16MB (=16777216) (default)
2022-02-17 09:52:32,544 [f0cc5422-9efd-4116-8ef3-b34535e1b6d7@group-859D5207D13B-LeaderElection14] INFO  server.RaftServerConfigKeys (ConfUtils.java:logGet(44)) - raft.server.log.appender.buffer.byte-limit = 33554432 (custom)
2022-02-17 09:52:32,544 [f0cc5422-9efd-4116-8ef3-b34535e1b6d7@group-859D5207D13B-LeaderElection14] INFO  server.RaftServerConfigKeys (ConfUtils.java:logGet(44)) - raft.server.log.appender.buffer.element-limit = 1 (custom)
2022-02-17 09:52:32,544 [f0cc5422-9efd-4116-8ef3-b34535e1b6d7@group-859D5207D13B-LeaderElection14] INFO  grpc.GrpcConfigKeys (ConfUtils.java:logGet(44)) - raft.grpc.server.leader.outstanding.appends.max = 128 (default)
2022-02-17 09:52:32,544 [f0cc5422-9efd-4116-8ef3-b34535e1b6d7@group-859D5207D13B-LeaderElection14] INFO  server.RaftServerConfigKeys (ConfUtils.java:logGet(44)) - raft.server.rpc.request.timeout = 60s (custom)
2022-02-17 09:52:32,544 [f0cc5422-9efd-4116-8ef3-b34535e1b6d7@group-859D5207D13B-LeaderElection14] INFO  server.RaftServerConfigKeys (ConfUtils.java:logGet(44)) - raft.server.log.appender.install.snapshot.enabled = false (custom)
2022-02-17 09:52:32,544 [f0cc5422-9efd-4116-8ef3-b34535e1b6d7@group-859D5207D13B-LeaderElection14] INFO  impl.RoleInfo (RoleInfo.java:updateAndGet(130)) - f0cc5422-9efd-4116-8ef3-b34535e1b6d7: start f0cc5422-9efd-4116-8ef3-b34535e1b6d7@group-859D5207D13B-LeaderStateImpl
2022-02-17 09:52:32,545 [f0cc5422-9efd-4116-8ef3-b34535e1b6d7@group-859D5207D13B-LeaderElection14] INFO  segmented.SegmentedRaftLogWorker (SegmentedRaftLogWorker.java:rollLogSegment(399)) - f0cc5422-9efd-4116-8ef3-b34535e1b6d7@group-859D5207D13B-SegmentedRaftLogWorker: Rolling segment log-0_0 to index:0
2022-02-17 09:52:32,548 [f0cc5422-9efd-4116-8ef3-b34535e1b6d7@group-859D5207D13B-SegmentedRaftLogWorker] INFO  segmented.SegmentedRaftLogWorker (SegmentedRaftLogWorker.java:execute(558)) - f0cc5422-9efd-4116-8ef3-b34535e1b6d7@group-859D5207D13B-SegmentedRaftLogWorker: Rolled log segment from /home/runner/work/ozone/ozone/hadoop-ozone/integration-test/target/test-dir/MiniOzoneClusterImpl-4105d4c2-fd18-4823-a771-66c9e1d1d95d/datanode-2/data/ratis/8e997423-6970-49c8-8aad-859d5207d13b/current/log_inprogress_0 to /home/runner/work/ozone/ozone/hadoop-ozone/integration-test/target/test-dir/MiniOzoneClusterImpl-4105d4c2-fd18-4823-a771-66c9e1d1d95d/datanode-2/data/ratis/8e997423-6970-49c8-8aad-859d5207d13b/current/log_0-0
2022-02-17 09:52:32,548 [grpc-default-executor-3] INFO  server.RaftServer$Division (RaftServerImpl.java:requestVote(1078)) - bd759d25-a637-4f5f-8c6b-7b0ed24d7d4d@group-859D5207D13B replies to ELECTION vote request: f0cc5422-9efd-4116-8ef3-b34535e1b6d7<-bd759d25-a637-4f5f-8c6b-7b0ed24d7d4d#0:OK-t9. Peer's state: bd759d25-a637-4f5f-8c6b-7b0ed24d7d4d@group-859D5207D13B:t9, leader=null, voted=f0cc5422-9efd-4116-8ef3-b34535e1b6d7, raftlog=bd759d25-a637-4f5f-8c6b-7b0ed24d7d4d@group-859D5207D13B-SegmentedRaftLog:OPENED:c-1, conf=-1: [f0cc5422-9efd-4116-8ef3-b34535e1b6d7|rpc:10.1.0.34:43555|priority:1, f4424c5e-91a7-493f-93fe-daa52ca7d930|rpc:10.1.0.34:41855|priority:0, bd759d25-a637-4f5f-8c6b-7b0ed24d7d4d|rpc:10.1.0.34:34023|priority:0], old=null
2022-02-17 09:52:32,551 [f0cc5422-9efd-4116-8ef3-b34535e1b6d7@group-859D5207D13B-LeaderElection14] INFO  server.RaftServer$Division (ServerState.java:setRaftConf(387)) - f0cc5422-9efd-4116-8ef3-b34535e1b6d7@group-859D5207D13B: set configuration 1: [f0cc5422-9efd-4116-8ef3-b34535e1b6d7|rpc:10.1.0.34:43555|dataStream:|priority:1, f4424c5e-91a7-493f-93fe-daa52ca7d930|rpc:10.1.0.34:41855|dataStream:|priority:0, bd759d25-a637-4f5f-8c6b-7b0ed24d7d4d|rpc:10.1.0.34:34023|dataStream:|priority:0], old=null
2022-02-17 09:52:32,566 [grpc-default-executor-3] INFO  ratis.XceiverServerRatis (XceiverServerRatis.java:handleLeaderChangedNotification(867)) - Leader change notification received for group: group-859D5207D13B with new leaderId: f0cc5422-9efd-4116-8ef3-b34535e1b6d7
2022-02-17 09:52:32,571 [f0cc5422-9efd-4116-8ef3-b34535e1b6d7@group-859D5207D13B-SegmentedRaftLogWorker] INFO  segmented.SegmentedRaftLogWorker (SegmentedRaftLogWorker.java:execute(601)) - f0cc5422-9efd-4116-8ef3-b34535e1b6d7@group-859D5207D13B-SegmentedRaftLogWorker: created new log segment /home/runner/work/ozone/ozone/hadoop-ozone/integration-test/target/test-dir/MiniOzoneClusterImpl-4105d4c2-fd18-4823-a771-66c9e1d1d95d/datanode-2/data/ratis/8e997423-6970-49c8-8aad-859d5207d13b/current/log_inprogress_1
2022-02-17 09:52:32,578 [grpc-default-executor-3] INFO  server.RaftServer$Division (ServerState.java:setLeader(285)) - bd759d25-a637-4f5f-8c6b-7b0ed24d7d4d@group-859D5207D13B: change Leader from null to f0cc5422-9efd-4116-8ef3-b34535e1b6d7 at term 9 for appendEntries, leader elected after 40951ms
2022-02-17 09:52:32,578 [grpc-default-executor-0] INFO  ratis.XceiverServerRatis (XceiverServerRatis.java:handleLeaderChangedNotification(867)) - Leader change notification received for group: group-859D5207D13B with new leaderId: f0cc5422-9efd-4116-8ef3-b34535e1b6d7
2022-02-17 09:52:32,578 [grpc-default-executor-0] INFO  server.RaftServer$Division (ServerState.java:setLeader(285)) - f4424c5e-91a7-493f-93fe-daa52ca7d930@group-859D5207D13B: change Leader from null to f0cc5422-9efd-4116-8ef3-b34535e1b6d7 at term 9 for appendEntries, leader elected after 40757ms
2022-02-17 09:52:32,579 [grpc-default-executor-0] INFO  server.RaftServer$Division (RaftServerImpl.java:checkInconsistentAppendEntries(1322)) - f4424c5e-91a7-493f-93fe-daa52ca7d930@group-859D5207D13B: Failed appendEntries as previous log entry ((t:2, i:0)) is not found
2022-02-17 09:52:32,579 [grpc-default-executor-0] INFO  server.RaftServer$Division (RaftServerImpl.java:checkInconsistentAppendEntries(1288)) - f4424c5e-91a7-493f-93fe-daa52ca7d930@group-859D5207D13B: inconsistency entries. Reply:f0cc5422-9efd-4116-8ef3-b34535e1b6d7<-f4424c5e-91a7-493f-93fe-daa52ca7d930#0:FAIL-t9,INCONSISTENCY,nextIndex=0,followerCommit=-1
2022-02-17 09:52:32,581 [grpc-default-executor-2] INFO  leader.FollowerInfo (FollowerInfoImpl.java:lambda$new$0(47)) - f0cc5422-9efd-4116-8ef3-b34535e1b6d7@group-859D5207D13B->f4424c5e-91a7-493f-93fe-daa52ca7d930: nextIndex: updateUnconditionally 2 -> 0
2022-02-17 09:52:32,581 [grpc-default-executor-0] INFO  server.RaftServer$Division (RaftServerImpl.java:checkInconsistentAppendEntries(1322)) - f4424c5e-91a7-493f-93fe-daa52ca7d930@group-859D5207D13B: Failed appendEntries as previous log entry ((t:2, i:0)) is not found
2022-02-17 09:52:32,578 [grpc-default-executor-3] INFO  server.RaftServer$Division (RaftServerImpl.java:checkInconsistentAppendEntries(1322)) - bd759d25-a637-4f5f-8c6b-7b0ed24d7d4d@group-859D5207D13B: Failed appendEntries as previous log entry ((t:2, i:0)) is not found
2022-02-17 09:52:32,582 [grpc-default-executor-3] INFO  server.RaftServer$Division (RaftServerImpl.java:checkInconsistentAppendEntries(1288)) - bd759d25-a637-4f5f-8c6b-7b0ed24d7d4d@group-859D5207D13B: inconsistency entries. Reply:f0cc5422-9efd-4116-8ef3-b34535e1b6d7<-bd759d25-a637-4f5f-8c6b-7b0ed24d7d4d#0:FAIL-t9,INCONSISTENCY,nextIndex=0,followerCommit=-1
2022-02-17 09:52:32,583 [grpc-default-executor-2] INFO  leader.FollowerInfo (FollowerInfoImpl.java:lambda$new$0(47)) - f0cc5422-9efd-4116-8ef3-b34535e1b6d7@group-859D5207D13B->bd759d25-a637-4f5f-8c6b-7b0ed24d7d4d: nextIndex: updateUnconditionally 2 -> 0
2022-02-17 09:52:32,581 [grpc-default-executor-0] INFO  server.RaftServer$Division (RaftServerImpl.java:checkInconsistentAppendEntries(1288)) - f4424c5e-91a7-493f-93fe-daa52ca7d930@group-859D5207D13B: inconsistency entries. Reply:f0cc5422-9efd-4116-8ef3-b34535e1b6d7<-f4424c5e-91a7-493f-93fe-daa52ca7d930#1:FAIL-t9,INCONSISTENCY,nextIndex=0,followerCommit=-1
2022-02-17 09:52:32,586 [grpc-default-executor-0] INFO  server.RaftServer$Division (ServerState.java:setRaftConf(387)) - f4424c5e-91a7-493f-93fe-daa52ca7d930@group-859D5207D13B: set configuration 0: [f0cc5422-9efd-4116-8ef3-b34535e1b6d7|rpc:10.1.0.34:43555|dataStream:|priority:1, f4424c5e-91a7-493f-93fe-daa52ca7d930|rpc:10.1.0.34:41855|dataStream:|priority:0, bd759d25-a637-4f5f-8c6b-7b0ed24d7d4d|rpc:10.1.0.34:34023|dataStream:|priority:0], old=null
2022-02-17 09:52:32,586 [grpc-default-executor-0] INFO  segmented.SegmentedRaftLogWorker (SegmentedRaftLogWorker.java:startLogSegment(394)) - f4424c5e-91a7-493f-93fe-daa52ca7d930@group-859D5207D13B-SegmentedRaftLogWorker: Starting segment from index:0
2022-02-17 09:52:32,587 [grpc-default-executor-2] INFO  leader.FollowerInfo (FollowerInfoImpl.java:lambda$new$0(47)) - f0cc5422-9efd-4116-8ef3-b34535e1b6d7@group-859D5207D13B->f4424c5e-91a7-493f-93fe-daa52ca7d930: nextIndex: updateUnconditionally 2 -> 0
2022-02-17 09:52:32,587 [grpc-default-executor-0] INFO  server.RaftServer$Division (ServerState.java:setRaftConf(387)) - f4424c5e-91a7-493f-93fe-daa52ca7d930@group-859D5207D13B: set configuration 1: [f0cc5422-9efd-4116-8ef3-b34535e1b6d7|rpc:10.1.0.34:43555|dataStream:|priority:1, f4424c5e-91a7-493f-93fe-daa52ca7d930|rpc:10.1.0.34:41855|dataStream:|priority:0, bd759d25-a637-4f5f-8c6b-7b0ed24d7d4d|rpc:10.1.0.34:34023|dataStream:|priority:0], old=null
2022-02-17 09:52:32,587 [f4424c5e-91a7-493f-93fe-daa52ca7d930@group-859D5207D13B-SegmentedRaftLogWorker] INFO  segmented.SegmentedRaftLogWorker (SegmentedRaftLogWorker.java:execute(601)) - f4424c5e-91a7-493f-93fe-daa52ca7d930@group-859D5207D13B-SegmentedRaftLogWorker: created new log segment /home/runner/work/ozone/ozone/hadoop-ozone/integration-test/target/test-dir/MiniOzoneClusterImpl-4105d4c2-fd18-4823-a771-66c9e1d1d95d/datanode-1/data/ratis/8e997423-6970-49c8-8aad-859d5207d13b/current/log_inprogress_0
2022-02-17 09:52:32,588 [grpc-default-executor-0] INFO  segmented.SegmentedRaftLogWorker (SegmentedRaftLogWorker.java:rollLogSegment(399)) - f4424c5e-91a7-493f-93fe-daa52ca7d930@group-859D5207D13B-SegmentedRaftLogWorker: Rolling segment log-0_0 to index:0
2022-02-17 09:52:32,593 [grpc-default-executor-0] INFO  server.RaftServer$Division (ServerState.java:setRaftConf(387)) - f4424c5e-91a7-493f-93fe-daa52ca7d930@group-859D5207D13B: set configuration 0: [f0cc5422-9efd-4116-8ef3-b34535e1b6d7|rpc:10.1.0.34:43555|dataStream:|priority:1, f4424c5e-91a7-493f-93fe-daa52ca7d930|rpc:10.1.0.34:41855|dataStream:|priority:0, bd759d25-a637-4f5f-8c6b-7b0ed24d7d4d|rpc:10.1.0.34:34023|dataStream:|priority:0], old=null
2022-02-17 09:52:32,595 [f4424c5e-91a7-493f-93fe-daa52ca7d930@group-859D5207D13B-SegmentedRaftLogWorker] INFO  segmented.SegmentedRaftLogWorker (SegmentedRaftLogWorker.java:execute(558)) - f4424c5e-91a7-493f-93fe-daa52ca7d930@group-859D5207D13B-SegmentedRaftLogWorker: Rolled log segment from /home/runner/work/ozone/ozone/hadoop-ozone/integration-test/target/test-dir/MiniOzoneClusterImpl-4105d4c2-fd18-4823-a771-66c9e1d1d95d/datanode-1/data/ratis/8e997423-6970-49c8-8aad-859d5207d13b/current/log_inprogress_0 to /home/runner/work/ozone/ozone/hadoop-ozone/integration-test/target/test-dir/MiniOzoneClusterImpl-4105d4c2-fd18-4823-a771-66c9e1d1d95d/datanode-1/data/ratis/8e997423-6970-49c8-8aad-859d5207d13b/current/log_0-0
2022-02-17 09:52:32,595 [grpc-default-executor-3] INFO  server.RaftServer$Division (RaftServerImpl.java:checkInconsistentAppendEntries(1322)) - bd759d25-a637-4f5f-8c6b-7b0ed24d7d4d@group-859D5207D13B: Failed appendEntries as previous log entry ((t:2, i:0)) is not found
2022-02-17 09:52:32,596 [grpc-default-executor-3] INFO  server.RaftServer$Division (RaftServerImpl.java:checkInconsistentAppendEntries(1288)) - bd759d25-a637-4f5f-8c6b-7b0ed24d7d4d@group-859D5207D13B: inconsistency entries. Reply:f0cc5422-9efd-4116-8ef3-b34535e1b6d7<-bd759d25-a637-4f5f-8c6b-7b0ed24d7d4d#1:FAIL-t9,INCONSISTENCY,nextIndex=0,followerCommit=-1
2022-02-17 09:52:32,596 [f4424c5e-91a7-493f-93fe-daa52ca7d930@group-859D5207D13B-SegmentedRaftLogWorker] INFO  segmented.SegmentedRaftLogWorker (SegmentedRaftLogWorker.java:execute(601)) - f4424c5e-91a7-493f-93fe-daa52ca7d930@group-859D5207D13B-SegmentedRaftLogWorker: created new log segment /home/runner/work/ozone/ozone/hadoop-ozone/integration-test/target/test-dir/MiniOzoneClusterImpl-4105d4c2-fd18-4823-a771-66c9e1d1d95d/datanode-1/data/ratis/8e997423-6970-49c8-8aad-859d5207d13b/current/log_inprogress_1
2022-02-17 09:52:32,610 [grpc-default-executor-3] INFO  server.RaftServer$Division (ServerState.java:setRaftConf(387)) - bd759d25-a637-4f5f-8c6b-7b0ed24d7d4d@group-859D5207D13B: set configuration 0: [f0cc5422-9efd-4116-8ef3-b34535e1b6d7|rpc:10.1.0.34:43555|dataStream:|priority:1, f4424c5e-91a7-493f-93fe-daa52ca7d930|rpc:10.1.0.34:41855|dataStream:|priority:0, bd759d25-a637-4f5f-8c6b-7b0ed24d7d4d|rpc:10.1.0.34:34023|dataStream:|priority:0], old=null
2022-02-17 09:52:32,610 [grpc-default-executor-3] INFO  segmented.SegmentedRaftLogWorker (SegmentedRaftLogWorker.java:startLogSegment(394)) - bd759d25-a637-4f5f-8c6b-7b0ed24d7d4d@group-859D5207D13B-SegmentedRaftLogWorker: Starting segment from index:0
2022-02-17 09:52:32,601 [grpc-default-executor-2] INFO  leader.FollowerInfo (FollowerInfoImpl.java:lambda$new$0(47)) - f0cc5422-9efd-4116-8ef3-b34535e1b6d7@group-859D5207D13B->bd759d25-a637-4f5f-8c6b-7b0ed24d7d4d: nextIndex: updateUnconditionally 2 -> 0
2022-02-17 09:52:32,601 [SCMBlockDeletingService#0] DEBUG block.SCMBlockDeletingService (SCMBlockDeletingService.java:call(131)) - Running DeletedBlockTransactionScanner
2022-02-17 09:52:32,612 [bd759d25-a637-4f5f-8c6b-7b0ed24d7d4d@group-859D5207D13B-SegmentedRaftLogWorker] INFO  segmented.SegmentedRaftLogWorker (SegmentedRaftLogWorker.java:execute(601)) - bd759d25-a637-4f5f-8c6b-7b0ed24d7d4d@group-859D5207D13B-SegmentedRaftLogWorker: created new log segment /home/runner/work/ozone/ozone/hadoop-ozone/integration-test/target/test-dir/MiniOzoneClusterImpl-4105d4c2-fd18-4823-a771-66c9e1d1d95d/datanode-0/data/ratis/8e997423-6970-49c8-8aad-859d5207d13b/current/log_inprogress_0
2022-02-17 09:52:32,622 [grpc-default-executor-3] INFO  server.RaftServer$Division (ServerState.java:setRaftConf(387)) - bd759d25-a637-4f5f-8c6b-7b0ed24d7d4d@group-859D5207D13B: set configuration 1: [f0cc5422-9efd-4116-8ef3-b34535e1b6d7|rpc:10.1.0.34:43555|dataStream:|priority:1, f4424c5e-91a7-493f-93fe-daa52ca7d930|rpc:10.1.0.34:41855|dataStream:|priority:0, bd759d25-a637-4f5f-8c6b-7b0ed24d7d4d|rpc:10.1.0.34:34023|dataStream:|priority:0], old=null
2022-02-17 09:52:32,622 [grpc-default-executor-3] INFO  segmented.SegmentedRaftLogWorker (SegmentedRaftLogWorker.java:rollLogSegment(399)) - bd759d25-a637-4f5f-8c6b-7b0ed24d7d4d@group-859D5207D13B-SegmentedRaftLogWorker: Rolling segment log-0_0 to index:0
2022-02-17 09:52:32,642 [grpc-default-executor-2] INFO  server.RaftServer$Division (ServerState.java:setRaftConf(387)) - f4424c5e-91a7-493f-93fe-daa52ca7d930@group-859D5207D13B: set configuration 1: [f0cc5422-9efd-4116-8ef3-b34535e1b6d7|rpc:10.1.0.34:43555|dataStream:|priority:1, f4424c5e-91a7-493f-93fe-daa52ca7d930|rpc:10.1.0.34:41855|dataStream:|priority:0, bd759d25-a637-4f5f-8c6b-7b0ed24d7d4d|rpc:10.1.0.34:34023|dataStream:|priority:0], old=null
2022-02-17 09:52:32,643 [grpc-default-executor-3] INFO  server.RaftServer$Division (ServerState.java:setRaftConf(387)) - bd759d25-a637-4f5f-8c6b-7b0ed24d7d4d@group-859D5207D13B: set configuration 0: [f0cc5422-9efd-4116-8ef3-b34535e1b6d7|rpc:10.1.0.34:43555|dataStream:|priority:1, f4424c5e-91a7-493f-93fe-daa52ca7d930|rpc:10.1.0.34:41855|dataStream:|priority:0, bd759d25-a637-4f5f-8c6b-7b0ed24d7d4d|rpc:10.1.0.34:34023|dataStream:|priority:0], old=null
2022-02-17 09:52:32,646 [bd759d25-a637-4f5f-8c6b-7b0ed24d7d4d@group-859D5207D13B-SegmentedRaftLogWorker] INFO  segmented.SegmentedRaftLogWorker (SegmentedRaftLogWorker.java:execute(558)) - bd759d25-a637-4f5f-8c6b-7b0ed24d7d4d@group-859D5207D13B-SegmentedRaftLogWorker: Rolled log segment from /home/runner/work/ozone/ozone/hadoop-ozone/integration-test/target/test-dir/MiniOzoneClusterImpl-4105d4c2-fd18-4823-a771-66c9e1d1d95d/datanode-0/data/ratis/8e997423-6970-49c8-8aad-859d5207d13b/current/log_inprogress_0 to /home/runner/work/ozone/ozone/hadoop-ozone/integration-test/target/test-dir/MiniOzoneClusterImpl-4105d4c2-fd18-4823-a771-66c9e1d1d95d/datanode-0/data/ratis/8e997423-6970-49c8-8aad-859d5207d13b/current/log_0-0
2022-02-17 09:52:32,647 [bd759d25-a637-4f5f-8c6b-7b0ed24d7d4d@group-859D5207D13B-SegmentedRaftLogWorker] INFO  segmented.SegmentedRaftLogWorker (SegmentedRaftLogWorker.java:execute(601)) - bd759d25-a637-4f5f-8c6b-7b0ed24d7d4d@group-859D5207D13B-SegmentedRaftLogWorker: created new log segment /home/runner/work/ozone/ozone/hadoop-ozone/integration-test/target/test-dir/MiniOzoneClusterImpl-4105d4c2-fd18-4823-a771-66c9e1d1d95d/datanode-0/data/ratis/8e997423-6970-49c8-8aad-859d5207d13b/current/log_inprogress_1
2022-02-17 09:52:32,685 [grpc-default-executor-3] INFO  server.RaftServer$Division (ServerState.java:setRaftConf(387)) - bd759d25-a637-4f5f-8c6b-7b0ed24d7d4d@group-859D5207D13B: set configuration 1: [f0cc5422-9efd-4116-8ef3-b34535e1b6d7|rpc:10.1.0.34:43555|dataStream:|priority:1, f4424c5e-91a7-493f-93fe-daa52ca7d930|rpc:10.1.0.34:41855|dataStream:|priority:0, bd759d25-a637-4f5f-8c6b-7b0ed24d7d4d|rpc:10.1.0.34:34023|dataStream:|priority:0], old=null
2022-02-17 09:52:32,701 [SCMBlockDeletingService#0] DEBUG block.SCMBlockDeletingService (SCMBlockDeletingService.java:call(131)) - Running DeletedBlockTransactionScanner
2022-02-17 09:52:32,801 [SCMBlockDeletingService#0] DEBUG block.SCMBlockDeletingService (SCMBlockDeletingService.java:call(131)) - Running DeletedBlockTransactionScanner
2022-02-17 09:52:32,901 [SCMBlockDeletingService#0] DEBUG block.SCMBlockDeletingService (SCMBlockDeletingService.java:call(131)) - Running DeletedBlockTransactionScanner
2022-02-17 09:52:33,001 [SCMBlockDeletingService#0] DEBUG block.SCMBlockDeletingService (SCMBlockDeletingService.java:call(131)) - Running DeletedBlockTransactionScanner
2022-02-17 09:52:33,102 [SCMBlockDeletingService#0] DEBUG block.SCMBlockDeletingService (SCMBlockDeletingService.java:call(131)) - Running DeletedBlockTransactionScanner
2022-02-17 09:52:33,202 [SCMBlockDeletingService#0] DEBUG block.SCMBlockDeletingService (SCMBlockDeletingService.java:call(131)) - Running DeletedBlockTransactionScanner
2022-02-17 09:52:33,302 [SCMBlockDeletingService#0] DEBUG block.SCMBlockDeletingService (SCMBlockDeletingService.java:call(131)) - Running DeletedBlockTransactionScanner
2022-02-17 09:52:33,402 [SCMBlockDeletingService#0] DEBUG block.SCMBlockDeletingService (SCMBlockDeletingService.java:call(131)) - Running DeletedBlockTransactionScanner
2022-02-17 09:52:33,502 [SCMBlockDeletingService#0] DEBUG block.SCMBlockDeletingService (SCMBlockDeletingService.java:call(131)) - Running DeletedBlockTransactionScanner
2022-02-17 09:52:33,602 [SCMBlockDeletingService#0] DEBUG block.SCMBlockDeletingService (SCMBlockDeletingService.java:call(131)) - Running DeletedBlockTransactionScanner
2022-02-17 09:52:33,702 [SCMBlockDeletingService#0] DEBUG block.SCMBlockDeletingService (SCMBlockDeletingService.java:call(131)) - Running DeletedBlockTransactionScanner
2022-02-17 09:52:33,803 [SCMBlockDeletingService#0] DEBUG block.SCMBlockDeletingService (SCMBlockDeletingService.java:call(131)) - Running DeletedBlockTransactionScanner
2022-02-17 09:52:33,903 [SCMBlockDeletingService#0] DEBUG block.SCMBlockDeletingService (SCMBlockDeletingService.java:call(131)) - Running DeletedBlockTransactionScanner
2022-02-17 09:52:34,011 [SCMBlockDeletingService#0] DEBUG block.SCMBlockDeletingService (SCMBlockDeletingService.java:call(131)) - Running DeletedBlockTransactionScanner
2022-02-17 09:52:34,111 [SCMBlockDeletingService#0] DEBUG block.SCMBlockDeletingService (SCMBlockDeletingService.java:call(131)) - Running DeletedBlockTransactionScanner
2022-02-17 09:52:34,184 [Listener at 127.0.0.1/44505] WARN  io.KeyOutputStream (KeyOutputStream.java:handleException(310)) - Encountered exception java.io.IOException: Unexpected Storage Container Exception: java.util.concurrent.CompletionException: Failed to write chunk 109611004723200001_chunk_1 into block conID: 1 locID: 109611004723200001 bcsId: 0 on the pipeline Pipeline[ Id: 8e997423-6970-49c8-8aad-859d5207d13b, Nodes: f0cc5422-9efd-4116-8ef3-b34535e1b6d7{ip: 10.1.0.34, host: fv-az294-236.eaanfquahm5ulb5tj050gcxych.jx.internal.cloudapp.net, ports: [REPLICATION=45647, RATIS=43555, RATIS_ADMIN=43555, RATIS_SERVER=43555, STANDALONE=38453], networkLocation: /default-rack, certSerialId: null, persistedOpState: IN_SERVICE, persistedOpStateExpiryEpochSec: 0}bd759d25-a637-4f5f-8c6b-7b0ed24d7d4d{ip: 10.1.0.34, host: fv-az294-236.eaanfquahm5ulb5tj050gcxych.jx.internal.cloudapp.net, ports: [REPLICATION=42667, RATIS=34023, RATIS_ADMIN=34023, RATIS_SERVER=34023, STANDALONE=36185], networkLocation: /default-rack, certSerialId: null, persistedOpState: IN_SERVICE, persistedOpStateExpiryEpochSec: 0}f4424c5e-91a7-493f-93fe-daa52ca7d930{ip: 10.1.0.34, host: fv-az294-236.eaanfquahm5ulb5tj050gcxych.jx.internal.cloudapp.net, ports: [REPLICATION=37611, RATIS=41855, RATIS_ADMIN=41855, RATIS_SERVER=41855, STANDALONE=45887], networkLocation: /default-rack, certSerialId: null, persistedOpState: IN_SERVICE, persistedOpStateExpiryEpochSec: 0}, ReplicationConfig: RATIS/THREE, State:OPEN, leaderId:f0cc5422-9efd-4116-8ef3-b34535e1b6d7, CreationTimestamp2022-02-17T09:51:49.694Z[Etc/UTC]]. The last committed block length is 0, uncommitted data length is 2097152 retry count 0
2022-02-17 09:52:34,212 [SCMBlockDeletingService#0] DEBUG block.SCMBlockDeletingService (SCMBlockDeletingService.java:call(131)) - Running DeletedBlockTransactionScanner
2022-02-17 09:52:34,312 [SCMBlockDeletingService#0] DEBUG block.SCMBlockDeletingService (SCMBlockDeletingService.java:call(131)) - Running DeletedBlockTransactionScanner
2022-02-17 09:52:34,412 [SCMBlockDeletingService#0] DEBUG block.SCMBlockDeletingService (SCMBlockDeletingService.java:call(131)) - Running DeletedBlockTransactionScanner
2022-02-17 09:52:34,512 [SCMBlockDeletingService#0] DEBUG block.SCMBlockDeletingService (SCMBlockDeletingService.java:call(131)) - Running DeletedBlockTransactionScanner
2022-02-17 09:52:34,612 [SCMBlockDeletingService#0] DEBUG block.SCMBlockDeletingService (SCMBlockDeletingService.java:call(131)) - Running DeletedBlockTransactionScanner
2022-02-17 09:52:34,712 [SCMBlockDeletingService#0] DEBUG block.SCMBlockDeletingService (SCMBlockDeletingService.java:call(131)) - Running DeletedBlockTransactionScanner
2022-02-17 09:52:34,812 [SCMBlockDeletingService#0] DEBUG block.SCMBlockDeletingService (SCMBlockDeletingService.java:call(131)) - Running DeletedBlockTransactionScanner
2022-02-17 09:52:34,912 [SCMBlockDeletingService#0] DEBUG block.SCMBlockDeletingService (SCMBlockDeletingService.java:call(131)) - Running DeletedBlockTransactionScanner
2022-02-17 09:52:35,012 [SCMBlockDeletingService#0] DEBUG block.SCMBlockDeletingService (SCMBlockDeletingService.java:call(131)) - Running DeletedBlockTransactionScanner
2022-02-17 09:52:35,114 [SCMBlockDeletingService#0] DEBUG block.SCMBlockDeletingService (SCMBlockDeletingService.java:call(131)) - Running DeletedBlockTransactionScanner
2022-02-17 09:52:35,214 [SCMBlockDeletingService#0] DEBUG block.SCMBlockDeletingService (SCMBlockDeletingService.java:call(131)) - Running DeletedBlockTransactionScanner
2022-02-17 09:52:35,314 [SCMBlockDeletingService#0] DEBUG block.SCMBlockDeletingService (SCMBlockDeletingService.java:call(131)) - Running DeletedBlockTransactionScanner
2022-02-17 09:52:35,414 [SCMBlockDeletingService#0] DEBUG block.SCMBlockDeletingService (SCMBlockDeletingService.java:call(131)) - Running DeletedBlockTransactionScanner
2022-02-17 09:52:35,514 [SCMBlockDeletingService#0] DEBUG block.SCMBlockDeletingService (SCMBlockDeletingService.java:call(131)) - Running DeletedBlockTransactionScanner
2022-02-17 09:52:35,614 [SCMBlockDeletingService#0] DEBUG block.SCMBlockDeletingService (SCMBlockDeletingService.java:call(131)) - Running DeletedBlockTransactionScanner
2022-02-17 09:52:35,714 [SCMBlockDeletingService#0] DEBUG block.SCMBlockDeletingService (SCMBlockDeletingService.java:call(131)) - Running DeletedBlockTransactionScanner
2022-02-17 09:52:35,814 [SCMBlockDeletingService#0] DEBUG block.SCMBlockDeletingService (SCMBlockDeletingService.java:call(131)) - Running DeletedBlockTransactionScanner
2022-02-17 09:52:35,914 [SCMBlockDeletingService#0] DEBUG block.SCMBlockDeletingService (SCMBlockDeletingService.java:call(131)) - Running DeletedBlockTransactionScanner
2022-02-17 09:52:36,014 [SCMBlockDeletingService#0] DEBUG block.SCMBlockDeletingService (SCMBlockDeletingService.java:call(131)) - Running DeletedBlockTransactionScanner
2022-02-17 09:52:36,114 [SCMBlockDeletingService#0] DEBUG block.SCMBlockDeletingService (SCMBlockDeletingService.java:call(131)) - Running DeletedBlockTransactionScanner
2022-02-17 09:52:36,214 [SCMBlockDeletingService#0] DEBUG block.SCMBlockDeletingService (SCMBlockDeletingService.java:call(131)) - Running DeletedBlockTransactionScanner
2022-02-17 09:52:36,314 [SCMBlockDeletingService#0] DEBUG block.SCMBlockDeletingService (SCMBlockDeletingService.java:call(131)) - Running DeletedBlockTransactionScanner
2022-02-17 09:52:36,415 [SCMBlockDeletingService#0] DEBUG block.SCMBlockDeletingService (SCMBlockDeletingService.java:call(131)) - Running DeletedBlockTransactionScanner
2022-02-17 09:52:36,515 [SCMBlockDeletingService#0] DEBUG block.SCMBlockDeletingService (SCMBlockDeletingService.java:call(131)) - Running DeletedBlockTransactionScanner
2022-02-17 09:52:36,615 [SCMBlockDeletingService#0] DEBUG block.SCMBlockDeletingService (SCMBlockDeletingService.java:call(131)) - Running DeletedBlockTransactionScanner
2022-02-17 09:52:36,715 [SCMBlockDeletingService#0] DEBUG block.SCMBlockDeletingService (SCMBlockDeletingService.java:call(131)) - Running DeletedBlockTransactionScanner
2022-02-17 09:52:36,815 [SCMBlockDeletingService#0] DEBUG block.SCMBlockDeletingService (SCMBlockDeletingService.java:call(131)) - Running DeletedBlockTransactionScanner
2022-02-17 09:52:36,915 [SCMBlockDeletingService#0] DEBUG block.SCMBlockDeletingService (SCMBlockDeletingService.java:call(131)) - Running DeletedBlockTransactionScanner
2022-02-17 09:52:37,015 [SCMBlockDeletingService#0] DEBUG block.SCMBlockDeletingService (SCMBlockDeletingService.java:call(131)) - Running DeletedBlockTransactionScanner
2022-02-17 09:52:37,115 [SCMBlockDeletingService#0] DEBUG block.SCMBlockDeletingService (SCMBlockDeletingService.java:call(131)) - Running DeletedBlockTransactionScanner
2022-02-17 09:52:37,215 [SCMBlockDeletingService#0] DEBUG block.SCMBlockDeletingService (SCMBlockDeletingService.java:call(131)) - Running DeletedBlockTransactionScanner
2022-02-17 09:52:37,315 [SCMBlockDeletingService#0] DEBUG block.SCMBlockDeletingService (SCMBlockDeletingService.java:call(131)) - Running DeletedBlockTransactionScanner
2022-02-17 09:52:37,415 [SCMBlockDeletingService#0] DEBUG block.SCMBlockDeletingService (SCMBlockDeletingService.java:call(131)) - Running DeletedBlockTransactionScanner
2022-02-17 09:52:37,515 [SCMBlockDeletingService#0] DEBUG block.SCMBlockDeletingService (SCMBlockDeletingService.java:call(131)) - Running DeletedBlockTransactionScanner
2022-02-17 09:52:37,616 [SCMBlockDeletingService#0] DEBUG block.SCMBlockDeletingService (SCMBlockDeletingService.java:call(131)) - Running DeletedBlockTransactionScanner
2022-02-17 09:52:37,716 [SCMBlockDeletingService#0] DEBUG block.SCMBlockDeletingService (SCMBlockDeletingService.java:call(131)) - Running DeletedBlockTransactionScanner
2022-02-17 09:52:37,816 [SCMBlockDeletingService#0] DEBUG block.SCMBlockDeletingService (SCMBlockDeletingService.java:call(131)) - Running DeletedBlockTransactionScanner
2022-02-17 09:52:37,916 [SCMBlockDeletingService#0] DEBUG block.SCMBlockDeletingService (SCMBlockDeletingService.java:call(131)) - Running DeletedBlockTransactionScanner
2022-02-17 09:52:38,016 [SCMBlockDeletingService#0] DEBUG block.SCMBlockDeletingService (SCMBlockDeletingService.java:call(131)) - Running DeletedBlockTransactionScanner
2022-02-17 09:52:38,116 [SCMBlockDeletingService#0] DEBUG block.SCMBlockDeletingService (SCMBlockDeletingService.java:call(131)) - Running DeletedBlockTransactionScanner
2022-02-17 09:52:38,216 [SCMBlockDeletingService#0] DEBUG block.SCMBlockDeletingService (SCMBlockDeletingService.java:call(131)) - Running DeletedBlockTransactionScanner
2022-02-17 09:52:38,316 [SCMBlockDeletingService#0] DEBUG block.SCMBlockDeletingService (SCMBlockDeletingService.java:call(131)) - Running DeletedBlockTransactionScanner
2022-02-17 09:52:38,416 [SCMBlockDeletingService#0] DEBUG block.SCMBlockDeletingService (SCMBlockDeletingService.java:call(131)) - Running DeletedBlockTransactionScanner
2022-02-17 09:52:38,516 [SCMBlockDeletingService#0] DEBUG block.SCMBlockDeletingService (SCMBlockDeletingService.java:call(131)) - Running DeletedBlockTransactionScanner
2022-02-17 09:52:38,616 [SCMBlockDeletingService#0] DEBUG block.SCMBlockDeletingService (SCMBlockDeletingService.java:call(131)) - Running DeletedBlockTransactionScanner
2022-02-17 09:52:38,716 [SCMBlockDeletingService#0] DEBUG block.SCMBlockDeletingService (SCMBlockDeletingService.java:call(131)) - Running DeletedBlockTransactionScanner
2022-02-17 09:52:38,816 [SCMBlockDeletingService#0] DEBUG block.SCMBlockDeletingService (SCMBlockDeletingService.java:call(131)) - Running DeletedBlockTransactionScanner
2022-02-17 09:52:38,917 [SCMBlockDeletingService#0] DEBUG block.SCMBlockDeletingService (SCMBlockDeletingService.java:call(131)) - Running DeletedBlockTransactionScanner
2022-02-17 09:52:39,017 [SCMBlockDeletingService#0] DEBUG block.SCMBlockDeletingService (SCMBlockDeletingService.java:call(131)) - Running DeletedBlockTransactionScanner
2022-02-17 09:52:39,117 [SCMBlockDeletingService#0] DEBUG block.SCMBlockDeletingService (SCMBlockDeletingService.java:call(131)) - Running DeletedBlockTransactionScanner
2022-02-17 09:52:39,217 [SCMBlockDeletingService#0] DEBUG block.SCMBlockDeletingService (SCMBlockDeletingService.java:call(131)) - Running DeletedBlockTransactionScanner
2022-02-17 09:52:39,317 [SCMBlockDeletingService#0] DEBUG block.SCMBlockDeletingService (SCMBlockDeletingService.java:call(131)) - Running DeletedBlockTransactionScanner
2022-02-17 09:52:39,417 [SCMBlockDeletingService#0] DEBUG block.SCMBlockDeletingService (SCMBlockDeletingService.java:call(131)) - Running DeletedBlockTransactionScanner
2022-02-17 09:52:39,517 [SCMBlockDeletingService#0] DEBUG block.SCMBlockDeletingService (SCMBlockDeletingService.java:call(131)) - Running DeletedBlockTransactionScanner
2022-02-17 09:52:39,617 [SCMBlockDeletingService#0] DEBUG block.SCMBlockDeletingService (SCMBlockDeletingService.java:call(131)) - Running DeletedBlockTransactionScanner
2022-02-17 09:52:39,717 [SCMBlockDeletingService#0] DEBUG block.SCMBlockDeletingService (SCMBlockDeletingService.java:call(131)) - Running DeletedBlockTransactionScanner
2022-02-17 09:52:39,817 [SCMBlockDeletingService#0] DEBUG block.SCMBlockDeletingService (SCMBlockDeletingService.java:call(131)) - Running DeletedBlockTransactionScanner
2022-02-17 09:52:39,917 [SCMBlockDeletingService#0] DEBUG block.SCMBlockDeletingService (SCMBlockDeletingService.java:call(131)) - Running DeletedBlockTransactionScanner
2022-02-17 09:52:40,021 [SCMBlockDeletingService#0] DEBUG block.SCMBlockDeletingService (SCMBlockDeletingService.java:call(131)) - Running DeletedBlockTransactionScanner
2022-02-17 09:52:40,121 [SCMBlockDeletingService#0] DEBUG block.SCMBlockDeletingService (SCMBlockDeletingService.java:call(131)) - Running DeletedBlockTransactionScanner
2022-02-17 09:52:40,221 [SCMBlockDeletingService#0] DEBUG block.SCMBlockDeletingService (SCMBlockDeletingService.java:call(131)) - Running DeletedBlockTransactionScanner
2022-02-17 09:52:40,321 [SCMBlockDeletingService#0] DEBUG block.SCMBlockDeletingService (SCMBlockDeletingService.java:call(131)) - Running DeletedBlockTransactionScanner
2022-02-17 09:52:40,422 [SCMBlockDeletingService#0] DEBUG block.SCMBlockDeletingService (SCMBlockDeletingService.java:call(131)) - Running DeletedBlockTransactionScanner
2022-02-17 09:52:40,522 [SCMBlockDeletingService#0] DEBUG block.SCMBlockDeletingService (SCMBlockDeletingService.java:call(131)) - Running DeletedBlockTransactionScanner
2022-02-17 09:52:40,622 [SCMBlockDeletingService#0] DEBUG block.SCMBlockDeletingService (SCMBlockDeletingService.java:call(131)) - Running DeletedBlockTransactionScanner
2022-02-17 09:52:40,722 [SCMBlockDeletingService#0] DEBUG block.SCMBlockDeletingService (SCMBlockDeletingService.java:call(131)) - Running DeletedBlockTransactionScanner
2022-02-17 09:52:40,822 [SCMBlockDeletingService#0] DEBUG block.SCMBlockDeletingService (SCMBlockDeletingService.java:call(131)) - Running DeletedBlockTransactionScanner
2022-02-17 09:52:40,922 [SCMBlockDeletingService#0] DEBUG block.SCMBlockDeletingService (SCMBlockDeletingService.java:call(131)) - Running DeletedBlockTransactionScanner
2022-02-17 09:52:41,022 [SCMBlockDeletingService#0] DEBUG block.SCMBlockDeletingService (SCMBlockDeletingService.java:call(131)) - Running DeletedBlockTransactionScanner
2022-02-17 09:52:41,122 [SCMBlockDeletingService#0] DEBUG block.SCMBlockDeletingService (SCMBlockDeletingService.java:call(131)) - Running DeletedBlockTransactionScanner
2022-02-17 09:52:41,222 [SCMBlockDeletingService#0] DEBUG block.SCMBlockDeletingService (SCMBlockDeletingService.java:call(131)) - Running DeletedBlockTransactionScanner
2022-02-17 09:52:41,322 [SCMBlockDeletingService#0] DEBUG block.SCMBlockDeletingService (SCMBlockDeletingService.java:call(131)) - Running DeletedBlockTransactionScanner
2022-02-17 09:52:41,422 [SCMBlockDeletingService#0] DEBUG block.SCMBlockDeletingService (SCMBlockDeletingService.java:call(131)) - Running DeletedBlockTransactionScanner
2022-02-17 09:52:41,522 [SCMBlockDeletingService#0] DEBUG block.SCMBlockDeletingService (SCMBlockDeletingService.java:call(131)) - Running DeletedBlockTransactionScanner
2022-02-17 09:52:41,623 [SCMBlockDeletingService#0] DEBUG block.SCMBlockDeletingService (SCMBlockDeletingService.java:call(131)) - Running DeletedBlockTransactionScanner
2022-02-17 09:52:41,723 [SCMBlockDeletingService#0] DEBUG block.SCMBlockDeletingService (SCMBlockDeletingService.java:call(131)) - Running DeletedBlockTransactionScanner
2022-02-17 09:52:41,823 [SCMBlockDeletingService#0] DEBUG block.SCMBlockDeletingService (SCMBlockDeletingService.java:call(131)) - Running DeletedBlockTransactionScanner
2022-02-17 09:52:41,923 [SCMBlockDeletingService#0] DEBUG block.SCMBlockDeletingService (SCMBlockDeletingService.java:call(131)) - Running DeletedBlockTransactionScanner
2022-02-17 09:52:42,023 [SCMBlockDeletingService#0] DEBUG block.SCMBlockDeletingService (SCMBlockDeletingService.java:call(131)) - Running DeletedBlockTransactionScanner
2022-02-17 09:52:42,123 [SCMBlockDeletingService#0] DEBUG block.SCMBlockDeletingService (SCMBlockDeletingService.java:call(131)) - Running DeletedBlockTransactionScanner
2022-02-17 09:52:42,223 [SCMBlockDeletingService#0] DEBUG block.SCMBlockDeletingService (SCMBlockDeletingService.java:call(131)) - Running DeletedBlockTransactionScanner
2022-02-17 09:52:42,323 [SCMBlockDeletingService#0] DEBUG block.SCMBlockDeletingService (SCMBlockDeletingService.java:call(131)) - Running DeletedBlockTransactionScanner
2022-02-17 09:52:42,423 [SCMBlockDeletingService#0] DEBUG block.SCMBlockDeletingService (SCMBlockDeletingService.java:call(131)) - Running DeletedBlockTransactionScanner
2022-02-17 09:52:42,516 [Listener at 127.0.0.1/44505] INFO  ozone.MiniOzoneClusterImpl (MiniOzoneClusterImpl.java:shutdown(437)) - Shutting down the Mini Ozone Cluster
2022-02-17 09:52:42,527 [Listener at 127.0.0.1/44505] INFO  ozone.MiniOzoneClusterImpl (MiniOzoneClusterImpl.java:stop(452)) - Stopping the Mini Ozone Cluster
2022-02-17 09:52:42,527 [Listener at 127.0.0.1/44505] INFO  ozone.MiniOzoneClusterImpl (MiniOzoneClusterImpl.java:stopOM(534)) - Stopping the OzoneManager
2022-02-17 09:52:42,527 [Listener at 127.0.0.1/44505] INFO  om.OzoneManager (OzoneManager.java:stop(1893)) - om1[localhost:0]: Stopping Ozone Manager
2022-02-17 09:52:42,527 [Listener at 127.0.0.1/44505] INFO  ipc.Server (Server.java:stop(3414)) - Stopping server on 44505
2022-02-17 09:52:42,523 [SCMBlockDeletingService#0] DEBUG block.SCMBlockDeletingService (SCMBlockDeletingService.java:call(131)) - Running DeletedBlockTransactionScanner
2022-02-17 09:52:42,533 [IPC Server listener on 0] INFO  ipc.Server (Server.java:run(1376)) - Stopping IPC Server listener on 0
2022-02-17 09:52:42,533 [IPC Server Responder] INFO  ipc.Server (Server.java:run(1512)) - Stopping IPC Server Responder
2022-02-17 09:52:42,542 [Listener at 127.0.0.1/44505] INFO  server.RaftServer (RaftServerProxy.java:lambda$close$6(391)) - om1: close
2022-02-17 09:52:42,542 [Listener at 127.0.0.1/44505] INFO  server.RaftServer$Division (RaftServerImpl.java:lambda$close$4(412)) - om1@group-C5BA1605619E: shutdown
2022-02-17 09:52:42,542 [Listener at 127.0.0.1/44505] INFO  util.JmxRegister (JmxRegister.java:unregister(73)) - Successfully un-registered JMX Bean with object name Ratis:service=RaftServer,group=group-C5BA1605619E,id=om1
2022-02-17 09:52:42,542 [Listener at 127.0.0.1/44505] INFO  impl.RoleInfo (RoleInfo.java:shutdownLeaderState(91)) - om1: shutdown om1@group-C5BA1605619E-LeaderStateImpl
2022-02-17 09:52:42,542 [Listener at 127.0.0.1/44505] INFO  impl.PendingRequests (PendingRequests.java:sendNotLeaderResponses(282)) - om1@group-C5BA1605619E-PendingRequests: sendNotLeaderResponses
2022-02-17 09:52:42,545 [Listener at 127.0.0.1/44505] INFO  impl.StateMachineUpdater (StateMachineUpdater.java:stopAndJoin(149)) - om1@group-C5BA1605619E-StateMachineUpdater: set stopIndex = 10
2022-02-17 09:52:42,545 [om1@group-C5BA1605619E-StateMachineUpdater] INFO  ratis.OzoneManagerStateMachine (OzoneManagerStateMachine.java:takeSnapshot(417)) - Current Snapshot Index (t:1, i:10)
2022-02-17 09:52:42,545 [om1@group-C5BA1605619E-StateMachineUpdater] INFO  impl.StateMachineUpdater (StateMachineUpdater.java:takeSnapshot(281)) - om1@group-C5BA1605619E-StateMachineUpdater: Took a snapshot at index 10
2022-02-17 09:52:42,545 [om1@group-C5BA1605619E-StateMachineUpdater] INFO  impl.StateMachineUpdater (StateMachineUpdater.java:lambda$new$0(89)) - om1@group-C5BA1605619E-StateMachineUpdater: snapshotIndex: updateIncreasingly -1 -> 10
2022-02-17 09:52:42,545 [om1@group-C5BA1605619E-StateMachineUpdater] INFO  ratis.OzoneManagerStateMachine (OzoneManagerStateMachine.java:close(471)) - StateMachine has shutdown. Shutdown OzoneManager if not already shutdown.
2022-02-17 09:52:42,546 [Listener at 127.0.0.1/44505] INFO  server.RaftServer$Division (ServerState.java:close(419)) - om1@group-C5BA1605619E: closes. applyIndex: 10
2022-02-17 09:52:42,546 [om1@group-C5BA1605619E-SegmentedRaftLogWorker] INFO  segmented.SegmentedRaftLogWorker (SegmentedRaftLogWorker.java:run(327)) - om1@group-C5BA1605619E-SegmentedRaftLogWorker was interrupted, exiting. There are 0 tasks remaining in the queue.
2022-02-17 09:52:42,547 [Listener at 127.0.0.1/44505] INFO  segmented.SegmentedRaftLogWorker (SegmentedRaftLogWorker.java:close(237)) - om1@group-C5BA1605619E-SegmentedRaftLogWorker close()
2022-02-17 09:52:42,549 [Listener at 127.0.0.1/44505] INFO  server.GrpcService (GrpcService.java:closeImpl(262)) - om1: shutdown server with port 9872 now
2022-02-17 09:52:42,550 [Listener at 127.0.0.1/44505] INFO  server.GrpcService (GrpcService.java:closeImpl(271)) - om1: shutdown server with port 9872 successfully
2022-02-17 09:52:42,550 [org.apache.ratis.util.JvmPauseMonitor$$Lambda$538/2007207148@4883e2af] INFO  util.JvmPauseMonitor (JvmPauseMonitor.java:run(109)) - JvmPauseMonitor-om1: Stopped
2022-02-17 09:52:42,550 [Listener at 127.0.0.1/44505] INFO  ratis.OzoneManagerDoubleBuffer (OzoneManagerDoubleBuffer.java:stop(437)) - Stopping OMDoubleBuffer flush thread
2022-02-17 09:52:42,550 [OMDoubleBufferFlushThread] INFO  ratis.OzoneManagerDoubleBuffer (OzoneManagerDoubleBuffer.java:flushTransactions(356)) - OMDoubleBuffer flush thread OMDoubleBufferFlushThread is interrupted and will exit. OMDoubleBufferFlushThread
2022-02-17 09:52:42,550 [Listener at 127.0.0.1/44505] INFO  utils.BackgroundService (BackgroundService.java:shutdown(132)) - Shutting down service KeyDeletingService
2022-02-17 09:52:42,550 [Listener at 127.0.0.1/44505] INFO  utils.BackgroundService (BackgroundService.java:shutdown(132)) - Shutting down service DirectoryDeletingService
2022-02-17 09:52:42,551 [Listener at 127.0.0.1/44505] INFO  handler.ContextHandler (ContextHandler.java:doStop(1153)) - Stopped o.e.j.w.WebAppContext@57eab3f5{ozoneManager,/,null,STOPPED}{file:/home/runner/work/ozone/ozone/hadoop-ozone/integration-test/target/test-classes/webapps/ozoneManager}
2022-02-17 09:52:42,554 [Listener at 127.0.0.1/44505] INFO  server.AbstractConnector (AbstractConnector.java:doStop(381)) - Stopped ServerConnector@2f6a30d2{HTTP/1.1, (http/1.1)}{0.0.0.0:0}
2022-02-17 09:52:42,554 [Listener at 127.0.0.1/44505] INFO  server.session (HouseKeeper.java:stopScavenging(149)) - node0 Stopped scavenging
2022-02-17 09:52:42,554 [Listener at 127.0.0.1/44505] INFO  handler.ContextHandler (ContextHandler.java:doStop(1153)) - Stopped o.e.j.s.ServletContextHandler@3064af47{static,/static,file:///home/runner/work/ozone/ozone/hadoop-ozone/integration-test/target/test-classes/webapps/static,STOPPED}
2022-02-17 09:52:42,555 [Listener at 127.0.0.1/44505] INFO  handler.ContextHandler (ContextHandler.java:doStop(1153)) - Stopped o.e.j.s.ServletContextHandler@25fedeb8{logs,/logs,file:///home/runner/work/ozone/ozone/hadoop-ozone/integration-test/target/log,STOPPED}
2022-02-17 09:52:42,563 [Listener at 127.0.0.1/44505] INFO  ozone.MiniOzoneClusterImpl (MiniOzoneClusterImpl.java:stopDatanodes(511)) - Stopping the HddsDatanodes
2022-02-17 09:52:42,623 [SCMBlockDeletingService#0] DEBUG block.SCMBlockDeletingService (SCMBlockDeletingService.java:call(131)) - Running DeletedBlockTransactionScanner
2022-02-17 09:52:42,724 [SCMBlockDeletingService#0] DEBUG block.SCMBlockDeletingService (SCMBlockDeletingService.java:call(131)) - Running DeletedBlockTransactionScanner
2022-02-17 09:52:42,824 [SCMBlockDeletingService#0] DEBUG block.SCMBlockDeletingService (SCMBlockDeletingService.java:call(131)) - Running DeletedBlockTransactionScanner
2022-02-17 09:52:42,924 [SCMBlockDeletingService#0] DEBUG block.SCMBlockDeletingService (SCMBlockDeletingService.java:call(131)) - Running DeletedBlockTransactionScanner
2022-02-17 09:52:43,024 [SCMBlockDeletingService#0] DEBUG block.SCMBlockDeletingService (SCMBlockDeletingService.java:call(131)) - Running DeletedBlockTransactionScanner
2022-02-17 09:52:43,124 [SCMBlockDeletingService#0] DEBUG block.SCMBlockDeletingService (SCMBlockDeletingService.java:call(131)) - Running DeletedBlockTransactionScanner
2022-02-17 09:52:43,224 [SCMBlockDeletingService#0] DEBUG block.SCMBlockDeletingService (SCMBlockDeletingService.java:call(131)) - Running DeletedBlockTransactionScanner
2022-02-17 09:52:43,324 [SCMBlockDeletingService#0] DEBUG block.SCMBlockDeletingService (SCMBlockDeletingService.java:call(131)) - Running DeletedBlockTransactionScanner
2022-02-17 09:52:43,424 [SCMBlockDeletingService#0] DEBUG block.SCMBlockDeletingService (SCMBlockDeletingService.java:call(131)) - Running DeletedBlockTransactionScanner
2022-02-17 09:52:43,524 [SCMBlockDeletingService#0] DEBUG block.SCMBlockDeletingService (SCMBlockDeletingService.java:call(131)) - Running DeletedBlockTransactionScanner
2022-02-17 09:52:43,624 [SCMBlockDeletingService#0] DEBUG block.SCMBlockDeletingService (SCMBlockDeletingService.java:call(131)) - Running DeletedBlockTransactionScanner
2022-02-17 09:52:43,724 [SCMBlockDeletingService#0] DEBUG block.SCMBlockDeletingService (SCMBlockDeletingService.java:call(131)) - Running DeletedBlockTransactionScanner
2022-02-17 09:52:43,825 [SCMBlockDeletingService#0] DEBUG block.SCMBlockDeletingService (SCMBlockDeletingService.java:call(131)) - Running DeletedBlockTransactionScanner
2022-02-17 09:52:43,925 [SCMBlockDeletingService#0] DEBUG block.SCMBlockDeletingService (SCMBlockDeletingService.java:call(131)) - Running DeletedBlockTransactionScanner
2022-02-17 09:52:44,025 [SCMBlockDeletingService#0] DEBUG block.SCMBlockDeletingService (SCMBlockDeletingService.java:call(131)) - Running DeletedBlockTransactionScanner
2022-02-17 09:52:44,125 [SCMBlockDeletingService#0] DEBUG block.SCMBlockDeletingService (SCMBlockDeletingService.java:call(131)) - Running DeletedBlockTransactionScanner
2022-02-17 09:52:44,225 [SCMBlockDeletingService#0] DEBUG block.SCMBlockDeletingService (SCMBlockDeletingService.java:call(131)) - Running DeletedBlockTransactionScanner
2022-02-17 09:52:44,325 [SCMBlockDeletingService#0] DEBUG block.SCMBlockDeletingService (SCMBlockDeletingService.java:call(131)) - Running DeletedBlockTransactionScanner
2022-02-17 09:52:44,425 [SCMBlockDeletingService#0] DEBUG block.SCMBlockDeletingService (SCMBlockDeletingService.java:call(131)) - Running DeletedBlockTransactionScanner
2022-02-17 09:52:44,525 [SCMBlockDeletingService#0] DEBUG block.SCMBlockDeletingService (SCMBlockDeletingService.java:call(131)) - Running DeletedBlockTransactionScanner
2022-02-17 09:52:44,625 [SCMBlockDeletingService#0] DEBUG block.SCMBlockDeletingService (SCMBlockDeletingService.java:call(131)) - Running DeletedBlockTransactionScanner
2022-02-17 09:52:44,725 [SCMBlockDeletingService#0] DEBUG block.SCMBlockDeletingService (SCMBlockDeletingService.java:call(131)) - Running DeletedBlockTransactionScanner
2022-02-17 09:52:44,825 [SCMBlockDeletingService#0] DEBUG block.SCMBlockDeletingService (SCMBlockDeletingService.java:call(131)) - Running DeletedBlockTransactionScanner
2022-02-17 09:52:44,926 [SCMBlockDeletingService#0] DEBUG block.SCMBlockDeletingService (SCMBlockDeletingService.java:call(131)) - Running DeletedBlockTransactionScanner
2022-02-17 09:52:45,026 [SCMBlockDeletingService#0] DEBUG block.SCMBlockDeletingService (SCMBlockDeletingService.java:call(131)) - Running DeletedBlockTransactionScanner
2022-02-17 09:52:45,126 [SCMBlockDeletingService#0] DEBUG block.SCMBlockDeletingService (SCMBlockDeletingService.java:call(131)) - Running DeletedBlockTransactionScanner
2022-02-17 09:52:45,226 [SCMBlockDeletingService#0] DEBUG block.SCMBlockDeletingService (SCMBlockDeletingService.java:call(131)) - Running DeletedBlockTransactionScanner
2022-02-17 09:52:45,326 [SCMBlockDeletingService#0] DEBUG block.SCMBlockDeletingService (SCMBlockDeletingService.java:call(131)) - Running DeletedBlockTransactionScanner
2022-02-17 09:52:45,426 [SCMBlockDeletingService#0] DEBUG block.SCMBlockDeletingService (SCMBlockDeletingService.java:call(131)) - Running DeletedBlockTransactionScanner
2022-02-17 09:52:45,465 [EventQueue-StaleNodeForStaleNodeHandler] INFO  node.StaleNodeHandler (StaleNodeHandler.java:onMessage(58)) - Datanode f4424c5e-91a7-493f-93fe-daa52ca7d930{ip: 10.1.0.34, host: fv-az294-236.eaanfquahm5ulb5tj050gcxych.jx.internal.cloudapp.net, ports: [REPLICATION=37611, RATIS=41855, RATIS_ADMIN=41855, RATIS_SERVER=41855, STANDALONE=45887], networkLocation: /default-rack, certSerialId: null, persistedOpState: IN_SERVICE, persistedOpStateExpiryEpochSec: 0} moved to stale state. Finalizing its pipelines [PipelineID=8e997423-6970-49c8-8aad-859d5207d13b]
2022-02-17 09:52:45,467 [EventQueue-StaleNodeForStaleNodeHandler] INFO  pipeline.PipelineManagerImpl (PipelineManagerImpl.java:closeContainersForPipeline(344)) - Container #1 closed for pipeline=PipelineID=8e997423-6970-49c8-8aad-859d5207d13b
2022-02-17 09:52:45,467 [EventQueue-StaleNodeForStaleNodeHandler] INFO  pipeline.PipelineManagerImpl (PipelineManagerImpl.java:closeContainersForPipeline(344)) - Container #2 closed for pipeline=PipelineID=8e997423-6970-49c8-8aad-859d5207d13b
2022-02-17 09:52:45,467 [EventQueue-StaleNodeForStaleNodeHandler] INFO  pipeline.PipelineManagerImpl (PipelineManagerImpl.java:closePipeline(365)) - Pipeline Pipeline[ Id: 8e997423-6970-49c8-8aad-859d5207d13b, Nodes: f0cc5422-9efd-4116-8ef3-b34535e1b6d7{ip: 10.1.0.34, host: fv-az294-236.eaanfquahm5ulb5tj050gcxych.jx.internal.cloudapp.net, ports: [REPLICATION=45647, RATIS=43555, RATIS_ADMIN=43555, RATIS_SERVER=43555, STANDALONE=38453], networkLocation: /default-rack, certSerialId: null, persistedOpState: IN_SERVICE, persistedOpStateExpiryEpochSec: 0}bd759d25-a637-4f5f-8c6b-7b0ed24d7d4d{ip: 10.1.0.34, host: fv-az294-236.eaanfquahm5ulb5tj050gcxych.jx.internal.cloudapp.net, ports: [REPLICATION=42667, RATIS=34023, RATIS_ADMIN=34023, RATIS_SERVER=34023, STANDALONE=36185], networkLocation: /default-rack, certSerialId: null, persistedOpState: IN_SERVICE, persistedOpStateExpiryEpochSec: 0}f4424c5e-91a7-493f-93fe-daa52ca7d930{ip: 10.1.0.34, host: fv-az294-236.eaanfquahm5ulb5tj050gcxych.jx.internal.cloudapp.net, ports: [REPLICATION=37611, RATIS=41855, RATIS_ADMIN=41855, RATIS_SERVER=41855, STANDALONE=45887], networkLocation: /default-rack, certSerialId: null, persistedOpState: IN_SERVICE, persistedOpStateExpiryEpochSec: 0}, ReplicationConfig: RATIS/THREE, State:OPEN, leaderId:f0cc5422-9efd-4116-8ef3-b34535e1b6d7, CreationTimestamp2022-02-17T09:51:49.694Z[Etc/UTC]] moved to CLOSED state
2022-02-17 09:52:45,467 [EventQueue-StaleNodeForStaleNodeHandler] INFO  node.StaleNodeHandler (StaleNodeHandler.java:onMessage(58)) - Datanode bd759d25-a637-4f5f-8c6b-7b0ed24d7d4d{ip: 10.1.0.34, host: fv-az294-236.eaanfquahm5ulb5tj050gcxych.jx.internal.cloudapp.net, ports: [REPLICATION=42667, RATIS=34023, RATIS_ADMIN=34023, RATIS_SERVER=34023, STANDALONE=36185], networkLocation: /default-rack, certSerialId: null, persistedOpState: IN_SERVICE, persistedOpStateExpiryEpochSec: 0} moved to stale state. Finalizing its pipelines [PipelineID=8e997423-6970-49c8-8aad-859d5207d13b]
2022-02-17 09:52:45,468 [EventQueue-CloseContainerForCloseContainerEventHandler] INFO  container.CloseContainerEventHandler (CloseContainerEventHandler.java:onMessage(69)) - Close container Event triggered for container : #1
2022-02-17 09:52:45,470 [EventQueue-CloseContainerForCloseContainerEventHandler] INFO  container.CloseContainerEventHandler (CloseContainerEventHandler.java:onMessage(69)) - Close container Event triggered for container : #2
2022-02-17 09:52:45,526 [SCMBlockDeletingService#0] DEBUG block.SCMBlockDeletingService (SCMBlockDeletingService.java:call(131)) - Running DeletedBlockTransactionScanner
2022-02-17 09:52:45,626 [SCMBlockDeletingService#0] DEBUG block.SCMBlockDeletingService (SCMBlockDeletingService.java:call(131)) - Running DeletedBlockTransactionScanner
2022-02-17 09:52:45,726 [SCMBlockDeletingService#0] DEBUG block.SCMBlockDeletingService (SCMBlockDeletingService.java:call(131)) - Running DeletedBlockTransactionScanner
2022-02-17 09:52:45,775 [Command processor thread] ERROR commandhandler.CloseContainerCommandHandler (CloseContainerCommandHandler.java:handle(86)) - Container #1 does not exist in datanode. Container close failed.
2022-02-17 09:52:45,806 [ContainerOp-8e997423-6970-49c8-8aad-859d5207d13b-6] INFO  keyvalue.KeyValueContainer (KeyValueContainer.java:flushAndSyncDB(401)) - Container 2 is synced with bcsId 9.
2022-02-17 09:52:45,806 [ContainerOp-8e997423-6970-49c8-8aad-859d5207d13b-6] INFO  keyvalue.KeyValueContainer (KeyValueContainer.java:flushAndSyncDB(401)) - Container 2 is synced with bcsId 9.
2022-02-17 09:52:45,810 [ContainerOp-8e997423-6970-49c8-8aad-859d5207d13b-6] INFO  keyvalue.KeyValueContainer (KeyValueContainer.java:close(338)) - Container 2 is closed with bcsId 9.
2022-02-17 09:52:45,815 [EventQueue-IncrementalContainerReportForIncrementalContainerReportHandler] INFO  container.IncrementalContainerReportHandler (AbstractContainerReportHandler.java:updateContainerState(223)) - Moving container #2 to CLOSED state, datanode f0cc5422-9efd-4116-8ef3-b34535e1b6d7{ip: 10.1.0.34, host: fv-az294-236.eaanfquahm5ulb5tj050gcxych.jx.internal.cloudapp.net, ports: [REPLICATION=45647, RATIS=43555, RATIS_ADMIN=43555, RATIS_SERVER=43555, STANDALONE=38453], networkLocation: /default-rack, certSerialId: null, persistedOpState: IN_SERVICE, persistedOpStateExpiryEpochSec: 0} reported CLOSED replica.
2022-02-17 09:52:45,826 [SCMBlockDeletingService#0] DEBUG block.SCMBlockDeletingService (SCMBlockDeletingService.java:call(131)) - Running DeletedBlockTransactionScanner
2022-02-17 09:52:45,832 [ContainerOp-8e997423-6970-49c8-8aad-859d5207d13b-6] INFO  keyvalue.KeyValueContainer (KeyValueContainer.java:flushAndSyncDB(401)) - Container 2 is synced with bcsId 9.
2022-02-17 09:52:45,840 [ContainerOp-8e997423-6970-49c8-8aad-859d5207d13b-6] INFO  keyvalue.KeyValueContainer (KeyValueContainer.java:flushAndSyncDB(401)) - Container 2 is synced with bcsId 9.
2022-02-17 09:52:45,842 [ContainerOp-8e997423-6970-49c8-8aad-859d5207d13b-6] INFO  keyvalue.KeyValueContainer (KeyValueContainer.java:flushAndSyncDB(401)) - Container 2 is synced with bcsId 9.
2022-02-17 09:52:45,842 [ContainerOp-8e997423-6970-49c8-8aad-859d5207d13b-6] INFO  keyvalue.KeyValueContainer (KeyValueContainer.java:flushAndSyncDB(401)) - Container 2 is synced with bcsId 9.
2022-02-17 09:52:45,843 [ContainerOp-8e997423-6970-49c8-8aad-859d5207d13b-6] INFO  keyvalue.KeyValueContainer (KeyValueContainer.java:close(338)) - Container 2 is closed with bcsId 9.
2022-02-17 09:52:45,846 [ContainerOp-8e997423-6970-49c8-8aad-859d5207d13b-6] INFO  keyvalue.KeyValueContainer (KeyValueContainer.java:close(338)) - Container 2 is closed with bcsId 9.
2022-02-17 09:52:45,926 [SCMBlockDeletingService#0] DEBUG block.SCMBlockDeletingService (SCMBlockDeletingService.java:call(131)) - Running DeletedBlockTransactionScanner
2022-02-17 09:52:46,027 [SCMBlockDeletingService#0] DEBUG block.SCMBlockDeletingService (SCMBlockDeletingService.java:call(131)) - Running DeletedBlockTransactionScanner
2022-02-17 09:52:46,127 [SCMBlockDeletingService#0] DEBUG block.SCMBlockDeletingService (SCMBlockDeletingService.java:call(131)) - Running DeletedBlockTransactionScanner
2022-02-17 09:52:46,227 [SCMBlockDeletingService#0] DEBUG block.SCMBlockDeletingService (SCMBlockDeletingService.java:call(131)) - Running DeletedBlockTransactionScanner
2022-02-17 09:52:46,327 [SCMBlockDeletingService#0] DEBUG block.SCMBlockDeletingService (SCMBlockDeletingService.java:call(131)) - Running DeletedBlockTransactionScanner
2022-02-17 09:52:46,427 [SCMBlockDeletingService#0] DEBUG block.SCMBlockDeletingService (SCMBlockDeletingService.java:call(131)) - Running DeletedBlockTransactionScanner
2022-02-17 09:52:46,527 [SCMBlockDeletingService#0] DEBUG block.SCMBlockDeletingService (SCMBlockDeletingService.java:call(131)) - Running DeletedBlockTransactionScanner
2022-02-17 09:52:46,627 [SCMBlockDeletingService#0] DEBUG block.SCMBlockDeletingService (SCMBlockDeletingService.java:call(131)) - Running DeletedBlockTransactionScanner
2022-02-17 09:52:46,727 [SCMBlockDeletingService#0] DEBUG block.SCMBlockDeletingService (SCMBlockDeletingService.java:call(131)) - Running DeletedBlockTransactionScanner
2022-02-17 09:52:46,827 [SCMBlockDeletingService#0] DEBUG block.SCMBlockDeletingService (SCMBlockDeletingService.java:call(131)) - Running DeletedBlockTransactionScanner
2022-02-17 09:52:46,927 [SCMBlockDeletingService#0] DEBUG block.SCMBlockDeletingService (SCMBlockDeletingService.java:call(131)) - Running DeletedBlockTransactionScanner
2022-02-17 09:52:47,027 [SCMBlockDeletingService#0] DEBUG block.SCMBlockDeletingService (SCMBlockDeletingService.java:call(131)) - Running DeletedBlockTransactionScanner
2022-02-17 09:52:47,128 [SCMBlockDeletingService#0] DEBUG block.SCMBlockDeletingService (SCMBlockDeletingService.java:call(131)) - Running DeletedBlockTransactionScanner
2022-02-17 09:52:47,228 [SCMBlockDeletingService#0] DEBUG block.SCMBlockDeletingService (SCMBlockDeletingService.java:call(131)) - Running DeletedBlockTransactionScanner
2022-02-17 09:52:47,328 [SCMBlockDeletingService#0] DEBUG block.SCMBlockDeletingService (SCMBlockDeletingService.java:call(131)) - Running DeletedBlockTransactionScanner
2022-02-17 09:52:47,428 [SCMBlockDeletingService#0] DEBUG block.SCMBlockDeletingService (SCMBlockDeletingService.java:call(131)) - Running DeletedBlockTransactionScanner
2022-02-17 09:52:47,528 [SCMBlockDeletingService#0] DEBUG block.SCMBlockDeletingService (SCMBlockDeletingService.java:call(131)) - Running DeletedBlockTransactionScanner
2022-02-17 09:52:47,565 [Listener at 127.0.0.1/44505] INFO  ozoneimpl.OzoneContainer (OzoneContainer.java:stop(336)) - Attempting to stop container services.
2022-02-17 09:52:47,566 [ForkJoinPool.commonPool-worker-1] INFO  ozoneimpl.OzoneContainer (OzoneContainer.java:stop(336)) - Attempting to stop container services.
2022-02-17 09:52:47,567 [ForkJoinPool.commonPool-worker-1] INFO  server.RaftServer (RaftServerProxy.java:lambda$close$6(391)) - bd759d25-a637-4f5f-8c6b-7b0ed24d7d4d: close
2022-02-17 09:52:47,567 [ForkJoinPool.commonPool-worker-1] INFO  server.RaftServer$Division (RaftServerImpl.java:lambda$close$4(412)) - bd759d25-a637-4f5f-8c6b-7b0ed24d7d4d@group-859D5207D13B: shutdown
2022-02-17 09:52:47,567 [ForkJoinPool.commonPool-worker-1] INFO  util.JmxRegister (JmxRegister.java:unregister(73)) - Successfully un-registered JMX Bean with object name Ratis:service=RaftServer,group=group-859D5207D13B,id=bd759d25-a637-4f5f-8c6b-7b0ed24d7d4d
2022-02-17 09:52:47,567 [ForkJoinPool.commonPool-worker-1] INFO  impl.RoleInfo (RoleInfo.java:shutdownFollowerState(108)) - bd759d25-a637-4f5f-8c6b-7b0ed24d7d4d: shutdown bd759d25-a637-4f5f-8c6b-7b0ed24d7d4d@group-859D5207D13B-FollowerState
2022-02-17 09:52:47,567 [ForkJoinPool.commonPool-worker-1] INFO  impl.StateMachineUpdater (StateMachineUpdater.java:stopAndJoin(149)) - bd759d25-a637-4f5f-8c6b-7b0ed24d7d4d@group-859D5207D13B-StateMachineUpdater: set stopIndex = 12
2022-02-17 09:52:47,568 [bd759d25-a637-4f5f-8c6b-7b0ed24d7d4d@group-859D5207D13B-StateMachineUpdater] INFO  ratis.ContainerStateMachine (ContainerStateMachine.java:takeSnapshot(304)) - group-859D5207D13B: Taking a snapshot at:(t:9, i:12) file /home/runner/work/ozone/ozone/hadoop-ozone/integration-test/target/test-dir/MiniOzoneClusterImpl-4105d4c2-fd18-4823-a771-66c9e1d1d95d/datanode-0/data/ratis/8e997423-6970-49c8-8aad-859d5207d13b/sm/snapshot.9_12
2022-02-17 09:52:47,569 [bd759d25-a637-4f5f-8c6b-7b0ed24d7d4d@group-859D5207D13B-FollowerState] INFO  impl.FollowerState (FollowerState.java:run(143)) - bd759d25-a637-4f5f-8c6b-7b0ed24d7d4d@group-859D5207D13B-FollowerState was interrupted: {}
java.lang.InterruptedException: sleep interrupted
	at java.lang.Thread.sleep(Native Method)
	at java.lang.Thread.sleep(Thread.java:340)
	at java.util.concurrent.TimeUnit.sleep(TimeUnit.java:386)
	at org.apache.ratis.util.TimeDuration.sleep(TimeDuration.java:324)
	at org.apache.ratis.util.TimeDuration.sleep(TimeDuration.java:309)
	at org.apache.ratis.server.impl.FollowerState.run(FollowerState.java:118)
2022-02-17 09:52:47,573 [bd759d25-a637-4f5f-8c6b-7b0ed24d7d4d@group-859D5207D13B-StateMachineUpdater] INFO  ratis.ContainerStateMachine (ContainerStateMachine.java:takeSnapshot(315)) - group-859D5207D13B: Finished taking a snapshot at:(t:9, i:12) file:/home/runner/work/ozone/ozone/hadoop-ozone/integration-test/target/test-dir/MiniOzoneClusterImpl-4105d4c2-fd18-4823-a771-66c9e1d1d95d/datanode-0/data/ratis/8e997423-6970-49c8-8aad-859d5207d13b/sm/snapshot.9_12 took: 6 ms
2022-02-17 09:52:47,574 [bd759d25-a637-4f5f-8c6b-7b0ed24d7d4d@group-859D5207D13B-StateMachineUpdater] INFO  impl.StateMachineUpdater (StateMachineUpdater.java:takeSnapshot(281)) - bd759d25-a637-4f5f-8c6b-7b0ed24d7d4d@group-859D5207D13B-StateMachineUpdater: Took a snapshot at index 12
2022-02-17 09:52:47,574 [bd759d25-a637-4f5f-8c6b-7b0ed24d7d4d@group-859D5207D13B-StateMachineUpdater] INFO  impl.StateMachineUpdater (StateMachineUpdater.java:lambda$new$0(89)) - bd759d25-a637-4f5f-8c6b-7b0ed24d7d4d@group-859D5207D13B-StateMachineUpdater: snapshotIndex: updateIncreasingly -1 -> 12
2022-02-17 09:52:47,571 [Listener at 127.0.0.1/44505] INFO  server.RaftServer (RaftServerProxy.java:lambda$close$6(391)) - f4424c5e-91a7-493f-93fe-daa52ca7d930: close
2022-02-17 09:52:47,575 [Listener at 127.0.0.1/44505] INFO  server.RaftServer$Division (RaftServerImpl.java:lambda$close$4(412)) - f4424c5e-91a7-493f-93fe-daa52ca7d930@group-859D5207D13B: shutdown
2022-02-17 09:52:47,575 [Listener at 127.0.0.1/44505] INFO  util.JmxRegister (JmxRegister.java:unregister(73)) - Successfully un-registered JMX Bean with object name Ratis:service=RaftServer,group=group-859D5207D13B,id=f4424c5e-91a7-493f-93fe-daa52ca7d930
2022-02-17 09:52:47,575 [Listener at 127.0.0.1/44505] INFO  impl.RoleInfo (RoleInfo.java:shutdownFollowerState(108)) - f4424c5e-91a7-493f-93fe-daa52ca7d930: shutdown f4424c5e-91a7-493f-93fe-daa52ca7d930@group-859D5207D13B-FollowerState
2022-02-17 09:52:47,575 [Listener at 127.0.0.1/44505] INFO  impl.StateMachineUpdater (StateMachineUpdater.java:stopAndJoin(149)) - f4424c5e-91a7-493f-93fe-daa52ca7d930@group-859D5207D13B-StateMachineUpdater: set stopIndex = 12
2022-02-17 09:52:47,575 [f4424c5e-91a7-493f-93fe-daa52ca7d930@group-859D5207D13B-StateMachineUpdater] INFO  ratis.ContainerStateMachine (ContainerStateMachine.java:takeSnapshot(304)) - group-859D5207D13B: Taking a snapshot at:(t:9, i:12) file /home/runner/work/ozone/ozone/hadoop-ozone/integration-test/target/test-dir/MiniOzoneClusterImpl-4105d4c2-fd18-4823-a771-66c9e1d1d95d/datanode-1/data/ratis/8e997423-6970-49c8-8aad-859d5207d13b/sm/snapshot.9_12
2022-02-17 09:52:47,576 [f4424c5e-91a7-493f-93fe-daa52ca7d930@group-859D5207D13B-FollowerState] INFO  impl.FollowerState (FollowerState.java:run(143)) - f4424c5e-91a7-493f-93fe-daa52ca7d930@group-859D5207D13B-FollowerState was interrupted: {}
java.lang.InterruptedException: sleep interrupted
	at java.lang.Thread.sleep(Native Method)
	at java.lang.Thread.sleep(Thread.java:340)
	at java.util.concurrent.TimeUnit.sleep(TimeUnit.java:386)
	at org.apache.ratis.util.TimeDuration.sleep(TimeDuration.java:324)
	at org.apache.ratis.util.TimeDuration.sleep(TimeDuration.java:309)
	at org.apache.ratis.server.impl.FollowerState.run(FollowerState.java:118)
2022-02-17 09:52:47,576 [ForkJoinPool.commonPool-worker-1] INFO  server.RaftServer$Division (ServerState.java:close(419)) - bd759d25-a637-4f5f-8c6b-7b0ed24d7d4d@group-859D5207D13B: closes. applyIndex: 12
2022-02-17 09:52:47,576 [f4424c5e-91a7-493f-93fe-daa52ca7d930@group-859D5207D13B-StateMachineUpdater] INFO  ratis.ContainerStateMachine (ContainerStateMachine.java:takeSnapshot(315)) - group-859D5207D13B: Finished taking a snapshot at:(t:9, i:12) file:/home/runner/work/ozone/ozone/hadoop-ozone/integration-test/target/test-dir/MiniOzoneClusterImpl-4105d4c2-fd18-4823-a771-66c9e1d1d95d/datanode-1/data/ratis/8e997423-6970-49c8-8aad-859d5207d13b/sm/snapshot.9_12 took: 1 ms
2022-02-17 09:52:47,577 [f4424c5e-91a7-493f-93fe-daa52ca7d930@group-859D5207D13B-StateMachineUpdater] INFO  impl.StateMachineUpdater (StateMachineUpdater.java:takeSnapshot(281)) - f4424c5e-91a7-493f-93fe-daa52ca7d930@group-859D5207D13B-StateMachineUpdater: Took a snapshot at index 12
2022-02-17 09:52:47,577 [f4424c5e-91a7-493f-93fe-daa52ca7d930@group-859D5207D13B-StateMachineUpdater] INFO  impl.StateMachineUpdater (StateMachineUpdater.java:lambda$new$0(89)) - f4424c5e-91a7-493f-93fe-daa52ca7d930@group-859D5207D13B-StateMachineUpdater: snapshotIndex: updateIncreasingly -1 -> 12
2022-02-17 09:52:47,578 [Listener at 127.0.0.1/44505] INFO  server.RaftServer$Division (ServerState.java:close(419)) - f4424c5e-91a7-493f-93fe-daa52ca7d930@group-859D5207D13B: closes. applyIndex: 12
2022-02-17 09:52:47,579 [f4424c5e-91a7-493f-93fe-daa52ca7d930@group-859D5207D13B-SegmentedRaftLogWorker] INFO  segmented.SegmentedRaftLogWorker (SegmentedRaftLogWorker.java:run(327)) - f4424c5e-91a7-493f-93fe-daa52ca7d930@group-859D5207D13B-SegmentedRaftLogWorker was interrupted, exiting. There are 0 tasks remaining in the queue.
2022-02-17 09:52:47,579 [bd759d25-a637-4f5f-8c6b-7b0ed24d7d4d@group-859D5207D13B-SegmentedRaftLogWorker] INFO  segmented.SegmentedRaftLogWorker (SegmentedRaftLogWorker.java:run(327)) - bd759d25-a637-4f5f-8c6b-7b0ed24d7d4d@group-859D5207D13B-SegmentedRaftLogWorker was interrupted, exiting. There are 0 tasks remaining in the queue.
2022-02-17 09:52:47,581 [Listener at 127.0.0.1/44505] INFO  segmented.SegmentedRaftLogWorker (SegmentedRaftLogWorker.java:close(237)) - f4424c5e-91a7-493f-93fe-daa52ca7d930@group-859D5207D13B-SegmentedRaftLogWorker close()
2022-02-17 09:52:47,582 [ForkJoinPool.commonPool-worker-1] INFO  segmented.SegmentedRaftLogWorker (SegmentedRaftLogWorker.java:close(237)) - bd759d25-a637-4f5f-8c6b-7b0ed24d7d4d@group-859D5207D13B-SegmentedRaftLogWorker close()
2022-02-17 09:52:47,583 [Listener at 127.0.0.1/44505] INFO  server.GrpcService (GrpcService.java:closeImpl(262)) - f4424c5e-91a7-493f-93fe-daa52ca7d930: shutdown server with port 41855 now
2022-02-17 09:52:47,583 [ForkJoinPool.commonPool-worker-1] INFO  server.GrpcService (GrpcService.java:closeImpl(262)) - bd759d25-a637-4f5f-8c6b-7b0ed24d7d4d: shutdown server with port 34023 now
2022-02-17 09:52:47,591 [grpc-default-executor-2] WARN  server.GrpcServerProtocolService (LogUtils.java:warn(122)) - bd759d25-a637-4f5f-8c6b-7b0ed24d7d4d: installSnapshot onError, lastRequest: f0cc5422-9efd-4116-8ef3-b34535e1b6d7->bd759d25-a637-4f5f-8c6b-7b0ed24d7d4d#703-t9,previous=(t:9, i:12),leaderCommit=12,initializing? true,entries: size=1, first=(t:9, i:13), METADATAENTRY(c:12): org.apache.ratis.thirdparty.io.grpc.StatusRuntimeException: CANCELLED: client cancelled
2022-02-17 09:52:47,592 [grpc-default-executor-2] WARN  server.GrpcServerProtocolService (LogUtils.java:warn(122)) - f4424c5e-91a7-493f-93fe-daa52ca7d930: installSnapshot onError, lastRequest: f0cc5422-9efd-4116-8ef3-b34535e1b6d7->f4424c5e-91a7-493f-93fe-daa52ca7d930#710-t9,previous=(t:9, i:12),leaderCommit=12,initializing? true,entries: size=1, first=(t:9, i:13), METADATAENTRY(c:12): org.apache.ratis.thirdparty.io.grpc.StatusRuntimeException: CANCELLED: client cancelled
2022-02-17 09:52:47,595 [grpc-default-executor-4] WARN  server.GrpcLogAppender (LogUtils.java:warn(122)) - f0cc5422-9efd-4116-8ef3-b34535e1b6d7@group-859D5207D13B->f4424c5e-91a7-493f-93fe-daa52ca7d930-AppendLogResponseHandler: Failed appendEntries: org.apache.ratis.thirdparty.io.grpc.StatusRuntimeException: CANCELLED: HTTP/2 error code: CANCEL
Received Rst Stream
2022-02-17 09:52:47,595 [grpc-default-executor-4] INFO  leader.FollowerInfo (FollowerInfoImpl.java:lambda$new$0(47)) - f0cc5422-9efd-4116-8ef3-b34535e1b6d7@group-859D5207D13B->f4424c5e-91a7-493f-93fe-daa52ca7d930: nextIndex: updateUnconditionally 14 -> 13
2022-02-17 09:52:47,598 [Listener at 127.0.0.1/44505] INFO  server.GrpcService (GrpcService.java:closeImpl(271)) - f4424c5e-91a7-493f-93fe-daa52ca7d930: shutdown server with port 41855 successfully
2022-02-17 09:52:47,598 [org.apache.ratis.util.JvmPauseMonitor$$Lambda$538/2007207148@5297f83f] INFO  util.JvmPauseMonitor (JvmPauseMonitor.java:run(109)) - JvmPauseMonitor-f4424c5e-91a7-493f-93fe-daa52ca7d930: Stopped
2022-02-17 09:52:47,598 [ForkJoinPool.commonPool-worker-1] INFO  server.GrpcService (GrpcService.java:closeImpl(271)) - bd759d25-a637-4f5f-8c6b-7b0ed24d7d4d: shutdown server with port 34023 successfully
2022-02-17 09:52:47,608 [org.apache.ratis.util.JvmPauseMonitor$$Lambda$538/2007207148@116cb18f] INFO  util.JvmPauseMonitor (JvmPauseMonitor.java:run(109)) - JvmPauseMonitor-bd759d25-a637-4f5f-8c6b-7b0ed24d7d4d: Stopped
2022-02-17 09:52:47,609 [grpc-default-executor-2] WARN  server.GrpcLogAppender (LogUtils.java:warn(122)) - f0cc5422-9efd-4116-8ef3-b34535e1b6d7@group-859D5207D13B->f4424c5e-91a7-493f-93fe-daa52ca7d930-AppendLogResponseHandler: Failed appendEntries: org.apache.ratis.thirdparty.io.grpc.StatusRuntimeException: UNAVAILABLE: io exception
2022-02-17 09:52:47,603 [grpc-default-executor-6] WARN  server.GrpcLogAppender (LogUtils.java:warn(122)) - f0cc5422-9efd-4116-8ef3-b34535e1b6d7@group-859D5207D13B->bd759d25-a637-4f5f-8c6b-7b0ed24d7d4d-AppendLogResponseHandler: Failed appendEntries: org.apache.ratis.thirdparty.io.grpc.StatusRuntimeException: CANCELLED: HTTP/2 error code: CANCEL
Received Rst Stream
2022-02-17 09:52:47,616 [grpc-default-executor-2] INFO  leader.FollowerInfo (FollowerInfoImpl.java:lambda$new$0(47)) - f0cc5422-9efd-4116-8ef3-b34535e1b6d7@group-859D5207D13B->f4424c5e-91a7-493f-93fe-daa52ca7d930: nextIndex: updateUnconditionally 14 -> 13
2022-02-17 09:52:47,625 [grpc-default-executor-6] INFO  leader.FollowerInfo (FollowerInfoImpl.java:lambda$new$0(47)) - f0cc5422-9efd-4116-8ef3-b34535e1b6d7@group-859D5207D13B->bd759d25-a637-4f5f-8c6b-7b0ed24d7d4d: nextIndex: updateUnconditionally 14 -> 13
2022-02-17 09:52:47,631 [SCMBlockDeletingService#0] DEBUG block.SCMBlockDeletingService (SCMBlockDeletingService.java:call(131)) - Running DeletedBlockTransactionScanner
2022-02-17 09:52:47,631 [grpc-default-executor-2] WARN  server.GrpcLogAppender (LogUtils.java:warn(122)) - f0cc5422-9efd-4116-8ef3-b34535e1b6d7@group-859D5207D13B->bd759d25-a637-4f5f-8c6b-7b0ed24d7d4d-AppendLogResponseHandler: Failed appendEntries: org.apache.ratis.thirdparty.io.grpc.StatusRuntimeException: UNAVAILABLE: io exception
2022-02-17 09:52:47,632 [grpc-default-executor-2] INFO  leader.FollowerInfo (FollowerInfoImpl.java:lambda$new$0(47)) - f0cc5422-9efd-4116-8ef3-b34535e1b6d7@group-859D5207D13B->bd759d25-a637-4f5f-8c6b-7b0ed24d7d4d: nextIndex: updateUnconditionally 14 -> 13
2022-02-17 09:52:47,731 [SCMBlockDeletingService#0] DEBUG block.SCMBlockDeletingService (SCMBlockDeletingService.java:call(131)) - Running DeletedBlockTransactionScanner
2022-02-17 09:52:47,831 [SCMBlockDeletingService#0] DEBUG block.SCMBlockDeletingService (SCMBlockDeletingService.java:call(131)) - Running DeletedBlockTransactionScanner
2022-02-17 09:52:47,931 [SCMBlockDeletingService#0] DEBUG block.SCMBlockDeletingService (SCMBlockDeletingService.java:call(131)) - Running DeletedBlockTransactionScanner
2022-02-17 09:52:48,031 [SCMBlockDeletingService#0] DEBUG block.SCMBlockDeletingService (SCMBlockDeletingService.java:call(131)) - Running DeletedBlockTransactionScanner
2022-02-17 09:52:48,131 [SCMBlockDeletingService#0] DEBUG block.SCMBlockDeletingService (SCMBlockDeletingService.java:call(131)) - Running DeletedBlockTransactionScanner
2022-02-17 09:52:48,232 [SCMBlockDeletingService#0] DEBUG block.SCMBlockDeletingService (SCMBlockDeletingService.java:call(131)) - Running DeletedBlockTransactionScanner
2022-02-17 09:52:48,332 [SCMBlockDeletingService#0] DEBUG block.SCMBlockDeletingService (SCMBlockDeletingService.java:call(131)) - Running DeletedBlockTransactionScanner
2022-02-17 09:52:48,432 [SCMBlockDeletingService#0] DEBUG block.SCMBlockDeletingService (SCMBlockDeletingService.java:call(131)) - Running DeletedBlockTransactionScanner
2022-02-17 09:52:48,532 [SCMBlockDeletingService#0] DEBUG block.SCMBlockDeletingService (SCMBlockDeletingService.java:call(131)) - Running DeletedBlockTransactionScanner
2022-02-17 09:52:48,632 [SCMBlockDeletingService#0] DEBUG block.SCMBlockDeletingService (SCMBlockDeletingService.java:call(131)) - Running DeletedBlockTransactionScanner
2022-02-17 09:52:48,732 [SCMBlockDeletingService#0] DEBUG block.SCMBlockDeletingService (SCMBlockDeletingService.java:call(131)) - Running DeletedBlockTransactionScanner
2022-02-17 09:52:48,832 [SCMBlockDeletingService#0] DEBUG block.SCMBlockDeletingService (SCMBlockDeletingService.java:call(131)) - Running DeletedBlockTransactionScanner
2022-02-17 09:52:48,932 [SCMBlockDeletingService#0] DEBUG block.SCMBlockDeletingService (SCMBlockDeletingService.java:call(131)) - Running DeletedBlockTransactionScanner
2022-02-17 09:52:49,032 [SCMBlockDeletingService#0] DEBUG block.SCMBlockDeletingService (SCMBlockDeletingService.java:call(131)) - Running DeletedBlockTransactionScanner
2022-02-17 09:52:49,132 [SCMBlockDeletingService#0] DEBUG block.SCMBlockDeletingService (SCMBlockDeletingService.java:call(131)) - Running DeletedBlockTransactionScanner
2022-02-17 09:52:49,232 [SCMBlockDeletingService#0] DEBUG block.SCMBlockDeletingService (SCMBlockDeletingService.java:call(131)) - Running DeletedBlockTransactionScanner
2022-02-17 09:52:49,332 [SCMBlockDeletingService#0] DEBUG block.SCMBlockDeletingService (SCMBlockDeletingService.java:call(131)) - Running DeletedBlockTransactionScanner
2022-02-17 09:52:49,433 [SCMBlockDeletingService#0] DEBUG block.SCMBlockDeletingService (SCMBlockDeletingService.java:call(131)) - Running DeletedBlockTransactionScanner
2022-02-17 09:52:49,533 [SCMBlockDeletingService#0] DEBUG block.SCMBlockDeletingService (SCMBlockDeletingService.java:call(131)) - Running DeletedBlockTransactionScanner
2022-02-17 09:52:49,608 [Listener at 127.0.0.1/44505] INFO  utils.BackgroundService (BackgroundService.java:shutdown(132)) - Shutting down service BlockDeletingService
2022-02-17 09:52:49,633 [SCMBlockDeletingService#0] DEBUG block.SCMBlockDeletingService (SCMBlockDeletingService.java:call(131)) - Running DeletedBlockTransactionScanner
2022-02-17 09:52:49,638 [ForkJoinPool.commonPool-worker-1] INFO  utils.BackgroundService (BackgroundService.java:shutdown(132)) - Shutting down service BlockDeletingService
2022-02-17 09:52:49,733 [SCMBlockDeletingService#0] DEBUG block.SCMBlockDeletingService (SCMBlockDeletingService.java:call(131)) - Running DeletedBlockTransactionScanner
2022-02-17 09:52:49,833 [SCMBlockDeletingService#0] DEBUG block.SCMBlockDeletingService (SCMBlockDeletingService.java:call(131)) - Running DeletedBlockTransactionScanner
2022-02-17 09:52:49,933 [SCMBlockDeletingService#0] DEBUG block.SCMBlockDeletingService (SCMBlockDeletingService.java:call(131)) - Running DeletedBlockTransactionScanner
2022-02-17 09:52:50,033 [SCMBlockDeletingService#0] DEBUG block.SCMBlockDeletingService (SCMBlockDeletingService.java:call(131)) - Running DeletedBlockTransactionScanner
2022-02-17 09:52:50,108 [grpc-default-executor-2] WARN  server.GrpcLogAppender (LogUtils.java:warn(122)) - f0cc5422-9efd-4116-8ef3-b34535e1b6d7@group-859D5207D13B->f4424c5e-91a7-493f-93fe-daa52ca7d930-AppendLogResponseHandler: Failed appendEntries: org.apache.ratis.thirdparty.io.grpc.StatusRuntimeException: UNAVAILABLE: io exception
2022-02-17 09:52:50,109 [grpc-default-executor-2] INFO  leader.FollowerInfo (FollowerInfoImpl.java:lambda$new$0(47)) - f0cc5422-9efd-4116-8ef3-b34535e1b6d7@group-859D5207D13B->f4424c5e-91a7-493f-93fe-daa52ca7d930: nextIndex: updateUnconditionally 14 -> 13
2022-02-17 09:52:50,132 [grpc-default-executor-2] WARN  server.GrpcLogAppender (LogUtils.java:warn(122)) - f0cc5422-9efd-4116-8ef3-b34535e1b6d7@group-859D5207D13B->bd759d25-a637-4f5f-8c6b-7b0ed24d7d4d-AppendLogResponseHandler: Failed appendEntries: org.apache.ratis.thirdparty.io.grpc.StatusRuntimeException: UNAVAILABLE: io exception
2022-02-17 09:52:50,133 [grpc-default-executor-2] INFO  leader.FollowerInfo (FollowerInfoImpl.java:lambda$new$0(47)) - f0cc5422-9efd-4116-8ef3-b34535e1b6d7@group-859D5207D13B->bd759d25-a637-4f5f-8c6b-7b0ed24d7d4d: nextIndex: updateUnconditionally 14 -> 13
2022-02-17 09:52:50,133 [SCMBlockDeletingService#0] DEBUG block.SCMBlockDeletingService (SCMBlockDeletingService.java:call(131)) - Running DeletedBlockTransactionScanner
2022-02-17 09:52:50,233 [SCMBlockDeletingService#0] DEBUG block.SCMBlockDeletingService (SCMBlockDeletingService.java:call(131)) - Running DeletedBlockTransactionScanner
2022-02-17 09:52:50,333 [SCMBlockDeletingService#0] DEBUG block.SCMBlockDeletingService (SCMBlockDeletingService.java:call(131)) - Running DeletedBlockTransactionScanner
2022-02-17 09:52:50,434 [SCMBlockDeletingService#0] DEBUG block.SCMBlockDeletingService (SCMBlockDeletingService.java:call(131)) - Running DeletedBlockTransactionScanner
2022-02-17 09:52:50,534 [SCMBlockDeletingService#0] DEBUG block.SCMBlockDeletingService (SCMBlockDeletingService.java:call(131)) - Running DeletedBlockTransactionScanner
2022-02-17 09:52:50,634 [SCMBlockDeletingService#0] DEBUG block.SCMBlockDeletingService (SCMBlockDeletingService.java:call(131)) - Running DeletedBlockTransactionScanner
2022-02-17 09:52:50,734 [SCMBlockDeletingService#0] DEBUG block.SCMBlockDeletingService (SCMBlockDeletingService.java:call(131)) - Running DeletedBlockTransactionScanner
2022-02-17 09:52:50,834 [SCMBlockDeletingService#0] DEBUG block.SCMBlockDeletingService (SCMBlockDeletingService.java:call(131)) - Running DeletedBlockTransactionScanner
2022-02-17 09:52:50,934 [SCMBlockDeletingService#0] DEBUG block.SCMBlockDeletingService (SCMBlockDeletingService.java:call(131)) - Running DeletedBlockTransactionScanner
2022-02-17 09:52:51,034 [SCMBlockDeletingService#0] DEBUG block.SCMBlockDeletingService (SCMBlockDeletingService.java:call(131)) - Running DeletedBlockTransactionScanner
2022-02-17 09:52:51,134 [SCMBlockDeletingService#0] DEBUG block.SCMBlockDeletingService (SCMBlockDeletingService.java:call(131)) - Running DeletedBlockTransactionScanner
2022-02-17 09:52:51,234 [SCMBlockDeletingService#0] DEBUG block.SCMBlockDeletingService (SCMBlockDeletingService.java:call(131)) - Running DeletedBlockTransactionScanner
2022-02-17 09:52:51,334 [SCMBlockDeletingService#0] DEBUG block.SCMBlockDeletingService (SCMBlockDeletingService.java:call(131)) - Running DeletedBlockTransactionScanner
2022-02-17 09:52:51,434 [SCMBlockDeletingService#0] DEBUG block.SCMBlockDeletingService (SCMBlockDeletingService.java:call(131)) - Running DeletedBlockTransactionScanner
2022-02-17 09:52:51,534 [SCMBlockDeletingService#0] DEBUG block.SCMBlockDeletingService (SCMBlockDeletingService.java:call(131)) - Running DeletedBlockTransactionScanner
2022-02-17 09:52:51,635 [SCMBlockDeletingService#0] DEBUG block.SCMBlockDeletingService (SCMBlockDeletingService.java:call(131)) - Running DeletedBlockTransactionScanner
2022-02-17 09:52:51,735 [SCMBlockDeletingService#0] DEBUG block.SCMBlockDeletingService (SCMBlockDeletingService.java:call(131)) - Running DeletedBlockTransactionScanner
2022-02-17 09:52:51,835 [SCMBlockDeletingService#0] DEBUG block.SCMBlockDeletingService (SCMBlockDeletingService.java:call(131)) - Running DeletedBlockTransactionScanner
2022-02-17 09:52:51,935 [SCMBlockDeletingService#0] DEBUG block.SCMBlockDeletingService (SCMBlockDeletingService.java:call(131)) - Running DeletedBlockTransactionScanner
2022-02-17 09:52:52,035 [SCMBlockDeletingService#0] DEBUG block.SCMBlockDeletingService (SCMBlockDeletingService.java:call(131)) - Running DeletedBlockTransactionScanner
2022-02-17 09:52:52,135 [SCMBlockDeletingService#0] DEBUG block.SCMBlockDeletingService (SCMBlockDeletingService.java:call(131)) - Running DeletedBlockTransactionScanner
2022-02-17 09:52:52,235 [SCMBlockDeletingService#0] DEBUG block.SCMBlockDeletingService (SCMBlockDeletingService.java:call(131)) - Running DeletedBlockTransactionScanner
2022-02-17 09:52:52,335 [SCMBlockDeletingService#0] DEBUG block.SCMBlockDeletingService (SCMBlockDeletingService.java:call(131)) - Running DeletedBlockTransactionScanner
2022-02-17 09:52:52,435 [SCMBlockDeletingService#0] DEBUG block.SCMBlockDeletingService (SCMBlockDeletingService.java:call(131)) - Running DeletedBlockTransactionScanner
2022-02-17 09:52:52,535 [SCMBlockDeletingService#0] DEBUG block.SCMBlockDeletingService (SCMBlockDeletingService.java:call(131)) - Running DeletedBlockTransactionScanner
2022-02-17 09:52:52,613 [grpc-default-executor-2] WARN  server.GrpcLogAppender (LogUtils.java:warn(122)) - f0cc5422-9efd-4116-8ef3-b34535e1b6d7@group-859D5207D13B->f4424c5e-91a7-493f-93fe-daa52ca7d930-AppendLogResponseHandler: Failed appendEntries: org.apache.ratis.thirdparty.io.grpc.StatusRuntimeException: UNAVAILABLE: io exception
2022-02-17 09:52:52,614 [grpc-default-executor-2] INFO  leader.FollowerInfo (FollowerInfoImpl.java:lambda$new$0(47)) - f0cc5422-9efd-4116-8ef3-b34535e1b6d7@group-859D5207D13B->f4424c5e-91a7-493f-93fe-daa52ca7d930: nextIndex: updateUnconditionally 14 -> 13
2022-02-17 09:52:52,617 [Listener at 127.0.0.1/44505] INFO  statemachine.DatanodeStateMachine (DatanodeStateMachine.java:stopDaemon(529)) - Ozone container server stopped.
2022-02-17 09:52:52,618 [Listener at 127.0.0.1/44505] INFO  handler.ContextHandler (ContextHandler.java:doStop(1153)) - Stopped o.e.j.w.WebAppContext@12888eb5{hddsDatanode,/,null,STOPPED}{jar:file:/home/runner/.m2/repository/org/apache/ozone/hdds-container-service/1.3.0-SNAPSHOT/hdds-container-service-1.3.0-SNAPSHOT.jar!/webapps/hddsDatanode}
2022-02-17 09:52:52,620 [Listener at 127.0.0.1/44505] INFO  server.AbstractConnector (AbstractConnector.java:doStop(381)) - Stopped ServerConnector@33df44cd{HTTP/1.1, (http/1.1)}{0.0.0.0:0}
2022-02-17 09:52:52,621 [Listener at 127.0.0.1/44505] INFO  server.session (HouseKeeper.java:stopScavenging(149)) - node0 Stopped scavenging
2022-02-17 09:52:52,621 [Listener at 127.0.0.1/44505] INFO  handler.ContextHandler (ContextHandler.java:doStop(1153)) - Stopped o.e.j.s.ServletContextHandler@3e4c4911{static,/static,jar:file:/home/runner/.m2/repository/org/apache/ozone/hdds-container-service/1.3.0-SNAPSHOT/hdds-container-service-1.3.0-SNAPSHOT.jar!/webapps/static,STOPPED}
2022-02-17 09:52:52,621 [Listener at 127.0.0.1/44505] INFO  handler.ContextHandler (ContextHandler.java:doStop(1153)) - Stopped o.e.j.s.ServletContextHandler@3d8ead6{logs,/logs,file:///home/runner/work/ozone/ozone/hadoop-ozone/integration-test/target/log,STOPPED}
2022-02-17 09:52:52,632 [grpc-default-executor-2] WARN  server.GrpcLogAppender (LogUtils.java:warn(122)) - f0cc5422-9efd-4116-8ef3-b34535e1b6d7@group-859D5207D13B->bd759d25-a637-4f5f-8c6b-7b0ed24d7d4d-AppendLogResponseHandler: Failed appendEntries: org.apache.ratis.thirdparty.io.grpc.StatusRuntimeException: UNAVAILABLE: io exception
2022-02-17 09:52:52,633 [grpc-default-executor-2] INFO  leader.FollowerInfo (FollowerInfoImpl.java:lambda$new$0(47)) - f0cc5422-9efd-4116-8ef3-b34535e1b6d7@group-859D5207D13B->bd759d25-a637-4f5f-8c6b-7b0ed24d7d4d: nextIndex: updateUnconditionally 14 -> 13
2022-02-17 09:52:52,653 [ForkJoinPool.commonPool-worker-1] INFO  statemachine.DatanodeStateMachine (DatanodeStateMachine.java:stopDaemon(529)) - Ozone container server stopped.
2022-02-17 09:52:52,660 [SCMBlockDeletingService#0] DEBUG block.SCMBlockDeletingService (SCMBlockDeletingService.java:call(131)) - Running DeletedBlockTransactionScanner
2022-02-17 09:52:52,666 [ForkJoinPool.commonPool-worker-1] INFO  handler.ContextHandler (ContextHandler.java:doStop(1153)) - Stopped o.e.j.w.WebAppContext@64cb4b1e{hddsDatanode,/,null,STOPPED}{jar:file:/home/runner/.m2/repository/org/apache/ozone/hdds-container-service/1.3.0-SNAPSHOT/hdds-container-service-1.3.0-SNAPSHOT.jar!/webapps/hddsDatanode}
2022-02-17 09:52:52,667 [ForkJoinPool.commonPool-worker-1] INFO  server.AbstractConnector (AbstractConnector.java:doStop(381)) - Stopped ServerConnector@5f089575{HTTP/1.1, (http/1.1)}{0.0.0.0:0}
2022-02-17 09:52:52,667 [ForkJoinPool.commonPool-worker-1] INFO  server.session (HouseKeeper.java:stopScavenging(149)) - node0 Stopped scavenging
2022-02-17 09:52:52,668 [ForkJoinPool.commonPool-worker-1] INFO  handler.ContextHandler (ContextHandler.java:doStop(1153)) - Stopped o.e.j.s.ServletContextHandler@3f5a4a48{static,/static,jar:file:/home/runner/.m2/repository/org/apache/ozone/hdds-container-service/1.3.0-SNAPSHOT/hdds-container-service-1.3.0-SNAPSHOT.jar!/webapps/static,STOPPED}
2022-02-17 09:52:52,668 [ForkJoinPool.commonPool-worker-1] INFO  handler.ContextHandler (ContextHandler.java:doStop(1153)) - Stopped o.e.j.s.ServletContextHandler@168dc9c3{logs,/logs,file:///home/runner/work/ozone/ozone/hadoop-ozone/integration-test/target/log,STOPPED}
2022-02-17 09:52:52,764 [SCMBlockDeletingService#0] DEBUG block.SCMBlockDeletingService (SCMBlockDeletingService.java:call(131)) - Running DeletedBlockTransactionScanner
2022-02-17 09:52:52,865 [SCMBlockDeletingService#0] DEBUG block.SCMBlockDeletingService (SCMBlockDeletingService.java:call(131)) - Running DeletedBlockTransactionScanner
2022-02-17 09:52:52,965 [SCMBlockDeletingService#0] DEBUG block.SCMBlockDeletingService (SCMBlockDeletingService.java:call(131)) - Running DeletedBlockTransactionScanner
2022-02-17 09:52:53,065 [SCMBlockDeletingService#0] DEBUG block.SCMBlockDeletingService (SCMBlockDeletingService.java:call(131)) - Running DeletedBlockTransactionScanner
2022-02-17 09:52:53,165 [SCMBlockDeletingService#0] DEBUG block.SCMBlockDeletingService (SCMBlockDeletingService.java:call(131)) - Running DeletedBlockTransactionScanner
2022-02-17 09:52:53,265 [SCMBlockDeletingService#0] DEBUG block.SCMBlockDeletingService (SCMBlockDeletingService.java:call(131)) - Running DeletedBlockTransactionScanner
2022-02-17 09:52:53,365 [SCMBlockDeletingService#0] DEBUG block.SCMBlockDeletingService (SCMBlockDeletingService.java:call(131)) - Running DeletedBlockTransactionScanner
2022-02-17 09:52:53,465 [SCMBlockDeletingService#0] DEBUG block.SCMBlockDeletingService (SCMBlockDeletingService.java:call(131)) - Running DeletedBlockTransactionScanner
2022-02-17 09:52:53,566 [SCMBlockDeletingService#0] DEBUG block.SCMBlockDeletingService (SCMBlockDeletingService.java:call(131)) - Running DeletedBlockTransactionScanner
2022-02-17 09:52:53,666 [SCMBlockDeletingService#0] DEBUG block.SCMBlockDeletingService (SCMBlockDeletingService.java:call(131)) - Running DeletedBlockTransactionScanner
2022-02-17 09:52:53,766 [SCMBlockDeletingService#0] DEBUG block.SCMBlockDeletingService (SCMBlockDeletingService.java:call(131)) - Running DeletedBlockTransactionScanner
2022-02-17 09:52:53,866 [SCMBlockDeletingService#0] DEBUG block.SCMBlockDeletingService (SCMBlockDeletingService.java:call(131)) - Running DeletedBlockTransactionScanner
2022-02-17 09:52:53,966 [SCMBlockDeletingService#0] DEBUG block.SCMBlockDeletingService (SCMBlockDeletingService.java:call(131)) - Running DeletedBlockTransactionScanner
2022-02-17 09:52:54,066 [SCMBlockDeletingService#0] DEBUG block.SCMBlockDeletingService (SCMBlockDeletingService.java:call(131)) - Running DeletedBlockTransactionScanner
2022-02-17 09:52:54,166 [SCMBlockDeletingService#0] DEBUG block.SCMBlockDeletingService (SCMBlockDeletingService.java:call(131)) - Running DeletedBlockTransactionScanner
2022-02-17 09:52:54,266 [SCMBlockDeletingService#0] DEBUG block.SCMBlockDeletingService (SCMBlockDeletingService.java:call(131)) - Running DeletedBlockTransactionScanner
2022-02-17 09:52:54,366 [SCMBlockDeletingService#0] DEBUG block.SCMBlockDeletingService (SCMBlockDeletingService.java:call(131)) - Running DeletedBlockTransactionScanner
2022-02-17 09:52:54,466 [SCMBlockDeletingService#0] DEBUG block.SCMBlockDeletingService (SCMBlockDeletingService.java:call(131)) - Running DeletedBlockTransactionScanner
2022-02-17 09:52:54,567 [SCMBlockDeletingService#0] DEBUG block.SCMBlockDeletingService (SCMBlockDeletingService.java:call(131)) - Running DeletedBlockTransactionScanner
2022-02-17 09:52:54,667 [SCMBlockDeletingService#0] DEBUG block.SCMBlockDeletingService (SCMBlockDeletingService.java:call(131)) - Running DeletedBlockTransactionScanner
2022-02-17 09:52:54,767 [SCMBlockDeletingService#0] DEBUG block.SCMBlockDeletingService (SCMBlockDeletingService.java:call(131)) - Running DeletedBlockTransactionScanner
2022-02-17 09:52:54,867 [SCMBlockDeletingService#0] DEBUG block.SCMBlockDeletingService (SCMBlockDeletingService.java:call(131)) - Running DeletedBlockTransactionScanner
2022-02-17 09:52:54,967 [SCMBlockDeletingService#0] DEBUG block.SCMBlockDeletingService (SCMBlockDeletingService.java:call(131)) - Running DeletedBlockTransactionScanner
2022-02-17 09:52:55,067 [SCMBlockDeletingService#0] DEBUG block.SCMBlockDeletingService (SCMBlockDeletingService.java:call(131)) - Running DeletedBlockTransactionScanner
2022-02-17 09:52:55,110 [grpc-default-executor-2] WARN  server.GrpcLogAppender (LogUtils.java:warn(122)) - f0cc5422-9efd-4116-8ef3-b34535e1b6d7@group-859D5207D13B->f4424c5e-91a7-493f-93fe-daa52ca7d930-AppendLogResponseHandler: Failed appendEntries: org.apache.ratis.thirdparty.io.grpc.StatusRuntimeException: UNAVAILABLE: io exception
2022-02-17 09:52:55,111 [grpc-default-executor-2] INFO  leader.FollowerInfo (FollowerInfoImpl.java:lambda$new$0(47)) - f0cc5422-9efd-4116-8ef3-b34535e1b6d7@group-859D5207D13B->f4424c5e-91a7-493f-93fe-daa52ca7d930: nextIndex: updateUnconditionally 14 -> 13
2022-02-17 09:52:55,133 [grpc-default-executor-2] WARN  server.GrpcLogAppender (LogUtils.java:warn(122)) - f0cc5422-9efd-4116-8ef3-b34535e1b6d7@group-859D5207D13B->bd759d25-a637-4f5f-8c6b-7b0ed24d7d4d-AppendLogResponseHandler: Failed appendEntries: org.apache.ratis.thirdparty.io.grpc.StatusRuntimeException: UNAVAILABLE: io exception
2022-02-17 09:52:55,134 [grpc-default-executor-2] INFO  leader.FollowerInfo (FollowerInfoImpl.java:lambda$new$0(47)) - f0cc5422-9efd-4116-8ef3-b34535e1b6d7@group-859D5207D13B->bd759d25-a637-4f5f-8c6b-7b0ed24d7d4d: nextIndex: updateUnconditionally 14 -> 13
2022-02-17 09:52:55,167 [SCMBlockDeletingService#0] DEBUG block.SCMBlockDeletingService (SCMBlockDeletingService.java:call(131)) - Running DeletedBlockTransactionScanner
2022-02-17 09:52:55,267 [SCMBlockDeletingService#0] DEBUG block.SCMBlockDeletingService (SCMBlockDeletingService.java:call(131)) - Running DeletedBlockTransactionScanner
2022-02-17 09:52:55,367 [SCMBlockDeletingService#0] DEBUG block.SCMBlockDeletingService (SCMBlockDeletingService.java:call(131)) - Running DeletedBlockTransactionScanner
2022-02-17 09:52:55,467 [SCMBlockDeletingService#0] DEBUG block.SCMBlockDeletingService (SCMBlockDeletingService.java:call(131)) - Running DeletedBlockTransactionScanner
2022-02-17 09:52:55,568 [SCMBlockDeletingService#0] DEBUG block.SCMBlockDeletingService (SCMBlockDeletingService.java:call(131)) - Running DeletedBlockTransactionScanner
2022-02-17 09:52:55,670 [SCMBlockDeletingService#0] DEBUG block.SCMBlockDeletingService (SCMBlockDeletingService.java:call(131)) - Running DeletedBlockTransactionScanner
2022-02-17 09:52:55,689 [EventQueue-StaleNodeForStaleNodeHandler] INFO  node.StaleNodeHandler (StaleNodeHandler.java:onMessage(58)) - Datanode f0cc5422-9efd-4116-8ef3-b34535e1b6d7{ip: 10.1.0.34, host: fv-az294-236.eaanfquahm5ulb5tj050gcxych.jx.internal.cloudapp.net, ports: [REPLICATION=45647, RATIS=43555, RATIS_ADMIN=43555, RATIS_SERVER=43555, STANDALONE=38453], networkLocation: /default-rack, certSerialId: null, persistedOpState: IN_SERVICE, persistedOpStateExpiryEpochSec: 0} moved to stale state. Finalizing its pipelines [PipelineID=8e997423-6970-49c8-8aad-859d5207d13b]
2022-02-17 09:52:55,770 [SCMBlockDeletingService#0] DEBUG block.SCMBlockDeletingService (SCMBlockDeletingService.java:call(131)) - Running DeletedBlockTransactionScanner
2022-02-17 09:52:55,870 [SCMBlockDeletingService#0] DEBUG block.SCMBlockDeletingService (SCMBlockDeletingService.java:call(131)) - Running DeletedBlockTransactionScanner
2022-02-17 09:52:55,970 [SCMBlockDeletingService#0] DEBUG block.SCMBlockDeletingService (SCMBlockDeletingService.java:call(131)) - Running DeletedBlockTransactionScanner
2022-02-17 09:52:56,070 [SCMBlockDeletingService#0] DEBUG block.SCMBlockDeletingService (SCMBlockDeletingService.java:call(131)) - Running DeletedBlockTransactionScanner
2022-02-17 09:52:56,170 [SCMBlockDeletingService#0] DEBUG block.SCMBlockDeletingService (SCMBlockDeletingService.java:call(131)) - Running DeletedBlockTransactionScanner
2022-02-17 09:52:56,220 [f0cc5422-9efd-4116-8ef3-b34535e1b6d7@group-859D5207D13B-LeaderStateImpl] WARN  server.RaftServer$Division (LeaderStateImpl.java:checkLeadership(974)) - f0cc5422-9efd-4116-8ef3-b34535e1b6d7@group-859D5207D13B-LeaderStateImpl: Lost leadership on term: 9. Election timeout: 5200ms. In charge for: 23678ms. Conf: 1: [f0cc5422-9efd-4116-8ef3-b34535e1b6d7|rpc:10.1.0.34:43555|dataStream:|priority:1, f4424c5e-91a7-493f-93fe-daa52ca7d930|rpc:10.1.0.34:41855|dataStream:|priority:0, bd759d25-a637-4f5f-8c6b-7b0ed24d7d4d|rpc:10.1.0.34:34023|dataStream:|priority:0], old=null
2022-02-17 09:52:56,222 [f0cc5422-9efd-4116-8ef3-b34535e1b6d7@group-859D5207D13B-LeaderStateImpl] WARN  server.RaftServer$Division (LeaderStateImpl.java:lambda$checkLeadership$15(978)) - Follower f0cc5422-9efd-4116-8ef3-b34535e1b6d7@group-859D5207D13B->f4424c5e-91a7-493f-93fe-daa52ca7d930(c12,m13,n13, attendVote=true, lastRpcSendTime=1111, lastRpcResponseTime=10402)
2022-02-17 09:52:56,222 [f0cc5422-9efd-4116-8ef3-b34535e1b6d7@group-859D5207D13B-LeaderStateImpl] WARN  server.RaftServer$Division (LeaderStateImpl.java:lambda$checkLeadership$15(978)) - Follower f0cc5422-9efd-4116-8ef3-b34535e1b6d7@group-859D5207D13B->bd759d25-a637-4f5f-8c6b-7b0ed24d7d4d(c12,m13,n13, attendVote=true, lastRpcSendTime=1088, lastRpcResponseTime=10405)
2022-02-17 09:52:56,222 [f0cc5422-9efd-4116-8ef3-b34535e1b6d7@group-859D5207D13B-LeaderStateImpl] INFO  server.RaftServer$Division (RaftServerImpl.java:setRole(290)) - f0cc5422-9efd-4116-8ef3-b34535e1b6d7@group-859D5207D13B: changes role from    LEADER to FOLLOWER at term 9 for StepDownReason:LOST_MAJORITY_HEARTBEATS
2022-02-17 09:52:56,222 [f0cc5422-9efd-4116-8ef3-b34535e1b6d7@group-859D5207D13B-LeaderStateImpl] INFO  impl.RoleInfo (RoleInfo.java:shutdownLeaderState(91)) - f0cc5422-9efd-4116-8ef3-b34535e1b6d7: shutdown f0cc5422-9efd-4116-8ef3-b34535e1b6d7@group-859D5207D13B-LeaderStateImpl
2022-02-17 09:52:56,222 [f0cc5422-9efd-4116-8ef3-b34535e1b6d7@group-859D5207D13B-LeaderStateImpl] INFO  impl.PendingRequests (PendingRequests.java:sendNotLeaderResponses(282)) - f0cc5422-9efd-4116-8ef3-b34535e1b6d7@group-859D5207D13B-PendingRequests: sendNotLeaderResponses
2022-02-17 09:52:56,222 [f0cc5422-9efd-4116-8ef3-b34535e1b6d7@group-859D5207D13B->bd759d25-a637-4f5f-8c6b-7b0ed24d7d4d-GrpcLogAppender-LogAppenderDaemon] WARN  server.GrpcLogAppender (GrpcLogAppender.java:mayWait(177)) - f0cc5422-9efd-4116-8ef3-b34535e1b6d7@group-859D5207D13B->bd759d25-a637-4f5f-8c6b-7b0ed24d7d4d-GrpcLogAppender: Wait interrupted by java.lang.InterruptedException
2022-02-17 09:52:56,225 [f0cc5422-9efd-4116-8ef3-b34535e1b6d7@group-859D5207D13B->f4424c5e-91a7-493f-93fe-daa52ca7d930-GrpcLogAppender-LogAppenderDaemon] WARN  server.GrpcLogAppender (GrpcLogAppender.java:mayWait(177)) - f0cc5422-9efd-4116-8ef3-b34535e1b6d7@group-859D5207D13B->f4424c5e-91a7-493f-93fe-daa52ca7d930-GrpcLogAppender: Wait interrupted by java.lang.InterruptedException
2022-02-17 09:52:56,235 [f0cc5422-9efd-4116-8ef3-b34535e1b6d7@group-859D5207D13B-LeaderStateImpl] INFO  impl.RoleInfo (RoleInfo.java:updateAndGet(130)) - f0cc5422-9efd-4116-8ef3-b34535e1b6d7: start f0cc5422-9efd-4116-8ef3-b34535e1b6d7@group-859D5207D13B-FollowerState
2022-02-17 09:52:56,270 [SCMBlockDeletingService#0] DEBUG block.SCMBlockDeletingService (SCMBlockDeletingService.java:call(131)) - Running DeletedBlockTransactionScanner
2022-02-17 09:52:56,370 [SCMBlockDeletingService#0] DEBUG block.SCMBlockDeletingService (SCMBlockDeletingService.java:call(131)) - Running DeletedBlockTransactionScanner
2022-02-17 09:52:56,471 [SCMBlockDeletingService#0] DEBUG block.SCMBlockDeletingService (SCMBlockDeletingService.java:call(131)) - Running DeletedBlockTransactionScanner
2022-02-17 09:52:56,571 [SCMBlockDeletingService#0] DEBUG block.SCMBlockDeletingService (SCMBlockDeletingService.java:call(131)) - Running DeletedBlockTransactionScanner
2022-02-17 09:52:56,673 [SCMBlockDeletingService#0] DEBUG block.SCMBlockDeletingService (SCMBlockDeletingService.java:call(131)) - Running DeletedBlockTransactionScanner
2022-02-17 09:52:56,773 [SCMBlockDeletingService#0] DEBUG block.SCMBlockDeletingService (SCMBlockDeletingService.java:call(131)) - Running DeletedBlockTransactionScanner
2022-02-17 09:52:56,874 [SCMBlockDeletingService#0] DEBUG block.SCMBlockDeletingService (SCMBlockDeletingService.java:call(131)) - Running DeletedBlockTransactionScanner
2022-02-17 09:52:56,974 [SCMBlockDeletingService#0] DEBUG block.SCMBlockDeletingService (SCMBlockDeletingService.java:call(131)) - Running DeletedBlockTransactionScanner
2022-02-17 09:52:57,074 [SCMBlockDeletingService#0] DEBUG block.SCMBlockDeletingService (SCMBlockDeletingService.java:call(131)) - Running DeletedBlockTransactionScanner
2022-02-17 09:52:57,174 [SCMBlockDeletingService#0] DEBUG block.SCMBlockDeletingService (SCMBlockDeletingService.java:call(131)) - Running DeletedBlockTransactionScanner
2022-02-17 09:52:57,274 [SCMBlockDeletingService#0] DEBUG block.SCMBlockDeletingService (SCMBlockDeletingService.java:call(131)) - Running DeletedBlockTransactionScanner
2022-02-17 09:52:57,374 [SCMBlockDeletingService#0] DEBUG block.SCMBlockDeletingService (SCMBlockDeletingService.java:call(131)) - Running DeletedBlockTransactionScanner
2022-02-17 09:52:57,474 [SCMBlockDeletingService#0] DEBUG block.SCMBlockDeletingService (SCMBlockDeletingService.java:call(131)) - Running DeletedBlockTransactionScanner
2022-02-17 09:52:57,574 [SCMBlockDeletingService#0] DEBUG block.SCMBlockDeletingService (SCMBlockDeletingService.java:call(131)) - Running DeletedBlockTransactionScanner
2022-02-17 09:52:57,629 [Listener at 127.0.0.1/44505] INFO  ozoneimpl.OzoneContainer (OzoneContainer.java:stop(336)) - Attempting to stop container services.
2022-02-17 09:52:57,631 [Listener at 127.0.0.1/44505] INFO  server.RaftServer (RaftServerProxy.java:lambda$close$6(391)) - f0cc5422-9efd-4116-8ef3-b34535e1b6d7: close
2022-02-17 09:52:57,631 [Listener at 127.0.0.1/44505] INFO  server.RaftServer$Division (RaftServerImpl.java:lambda$close$4(412)) - f0cc5422-9efd-4116-8ef3-b34535e1b6d7@group-859D5207D13B: shutdown
2022-02-17 09:52:57,631 [Listener at 127.0.0.1/44505] INFO  util.JmxRegister (JmxRegister.java:unregister(73)) - Successfully un-registered JMX Bean with object name Ratis:service=RaftServer,group=group-859D5207D13B,id=f0cc5422-9efd-4116-8ef3-b34535e1b6d7
2022-02-17 09:52:57,631 [Listener at 127.0.0.1/44505] INFO  impl.RoleInfo (RoleInfo.java:shutdownFollowerState(108)) - f0cc5422-9efd-4116-8ef3-b34535e1b6d7: shutdown f0cc5422-9efd-4116-8ef3-b34535e1b6d7@group-859D5207D13B-FollowerState
2022-02-17 09:52:57,631 [Listener at 127.0.0.1/44505] INFO  impl.StateMachineUpdater (StateMachineUpdater.java:stopAndJoin(149)) - f0cc5422-9efd-4116-8ef3-b34535e1b6d7@group-859D5207D13B-StateMachineUpdater: set stopIndex = 13
2022-02-17 09:52:57,631 [f0cc5422-9efd-4116-8ef3-b34535e1b6d7@group-859D5207D13B-FollowerState] INFO  impl.FollowerState (FollowerState.java:run(143)) - f0cc5422-9efd-4116-8ef3-b34535e1b6d7@group-859D5207D13B-FollowerState was interrupted: {}
java.lang.InterruptedException: sleep interrupted
	at java.lang.Thread.sleep(Native Method)
	at java.lang.Thread.sleep(Thread.java:340)
	at java.util.concurrent.TimeUnit.sleep(TimeUnit.java:386)
	at org.apache.ratis.util.TimeDuration.sleep(TimeDuration.java:324)
	at org.apache.ratis.util.TimeDuration.sleep(TimeDuration.java:309)
	at org.apache.ratis.server.impl.FollowerState.run(FollowerState.java:118)
2022-02-17 09:52:57,632 [f0cc5422-9efd-4116-8ef3-b34535e1b6d7@group-859D5207D13B-StateMachineUpdater] INFO  ratis.ContainerStateMachine (ContainerStateMachine.java:takeSnapshot(304)) - group-859D5207D13B: Taking a snapshot at:(t:9, i:13) file /home/runner/work/ozone/ozone/hadoop-ozone/integration-test/target/test-dir/MiniOzoneClusterImpl-4105d4c2-fd18-4823-a771-66c9e1d1d95d/datanode-2/data/ratis/8e997423-6970-49c8-8aad-859d5207d13b/sm/snapshot.9_13
2022-02-17 09:52:57,639 [f0cc5422-9efd-4116-8ef3-b34535e1b6d7@group-859D5207D13B-StateMachineUpdater] INFO  ratis.ContainerStateMachine (ContainerStateMachine.java:takeSnapshot(315)) - group-859D5207D13B: Finished taking a snapshot at:(t:9, i:13) file:/home/runner/work/ozone/ozone/hadoop-ozone/integration-test/target/test-dir/MiniOzoneClusterImpl-4105d4c2-fd18-4823-a771-66c9e1d1d95d/datanode-2/data/ratis/8e997423-6970-49c8-8aad-859d5207d13b/sm/snapshot.9_13 took: 8 ms
2022-02-17 09:52:57,639 [f0cc5422-9efd-4116-8ef3-b34535e1b6d7@group-859D5207D13B-StateMachineUpdater] INFO  impl.StateMachineUpdater (StateMachineUpdater.java:takeSnapshot(281)) - f0cc5422-9efd-4116-8ef3-b34535e1b6d7@group-859D5207D13B-StateMachineUpdater: Took a snapshot at index 13
2022-02-17 09:52:57,639 [f0cc5422-9efd-4116-8ef3-b34535e1b6d7@group-859D5207D13B-StateMachineUpdater] INFO  impl.StateMachineUpdater (StateMachineUpdater.java:lambda$new$0(89)) - f0cc5422-9efd-4116-8ef3-b34535e1b6d7@group-859D5207D13B-StateMachineUpdater: snapshotIndex: updateIncreasingly -1 -> 13
2022-02-17 09:52:57,641 [Listener at 127.0.0.1/44505] INFO  server.RaftServer$Division (ServerState.java:close(419)) - f0cc5422-9efd-4116-8ef3-b34535e1b6d7@group-859D5207D13B: closes. applyIndex: 13
2022-02-17 09:52:57,642 [f0cc5422-9efd-4116-8ef3-b34535e1b6d7@group-859D5207D13B-SegmentedRaftLogWorker] INFO  segmented.SegmentedRaftLogWorker (SegmentedRaftLogWorker.java:run(327)) - f0cc5422-9efd-4116-8ef3-b34535e1b6d7@group-859D5207D13B-SegmentedRaftLogWorker was interrupted, exiting. There are 0 tasks remaining in the queue.
2022-02-17 09:52:57,643 [Listener at 127.0.0.1/44505] INFO  segmented.SegmentedRaftLogWorker (SegmentedRaftLogWorker.java:close(237)) - f0cc5422-9efd-4116-8ef3-b34535e1b6d7@group-859D5207D13B-SegmentedRaftLogWorker close()
2022-02-17 09:52:57,644 [Listener at 127.0.0.1/44505] INFO  server.GrpcService (GrpcService.java:closeImpl(262)) - f0cc5422-9efd-4116-8ef3-b34535e1b6d7: shutdown server with port 43555 now
2022-02-17 09:52:57,648 [grpc-default-executor-2] WARN  client.GrpcClientProtocolService (LogUtils.java:warn(122)) - 4-UnorderedRequestStreamObserver4: onError: org.apache.ratis.thirdparty.io.grpc.StatusRuntimeException: CANCELLED: client cancelled
2022-02-17 09:52:57,651 [Listener at 127.0.0.1/44505] INFO  server.GrpcService (GrpcService.java:closeImpl(271)) - f0cc5422-9efd-4116-8ef3-b34535e1b6d7: shutdown server with port 43555 successfully
2022-02-17 09:52:57,661 [org.apache.ratis.util.JvmPauseMonitor$$Lambda$538/2007207148@36e3aec1] INFO  util.JvmPauseMonitor (JvmPauseMonitor.java:run(109)) - JvmPauseMonitor-f0cc5422-9efd-4116-8ef3-b34535e1b6d7: Stopped
2022-02-17 09:52:57,674 [SCMBlockDeletingService#0] DEBUG block.SCMBlockDeletingService (SCMBlockDeletingService.java:call(131)) - Running DeletedBlockTransactionScanner
2022-02-17 09:52:57,774 [SCMBlockDeletingService#0] DEBUG block.SCMBlockDeletingService (SCMBlockDeletingService.java:call(131)) - Running DeletedBlockTransactionScanner
2022-02-17 09:52:57,875 [SCMBlockDeletingService#0] DEBUG block.SCMBlockDeletingService (SCMBlockDeletingService.java:call(131)) - Running DeletedBlockTransactionScanner
2022-02-17 09:52:57,977 [SCMBlockDeletingService#0] DEBUG block.SCMBlockDeletingService (SCMBlockDeletingService.java:call(131)) - Running DeletedBlockTransactionScanner
2022-02-17 09:52:58,077 [SCMBlockDeletingService#0] DEBUG block.SCMBlockDeletingService (SCMBlockDeletingService.java:call(131)) - Running DeletedBlockTransactionScanner
2022-02-17 09:52:58,177 [SCMBlockDeletingService#0] DEBUG block.SCMBlockDeletingService (SCMBlockDeletingService.java:call(131)) - Running DeletedBlockTransactionScanner
2022-02-17 09:52:58,277 [SCMBlockDeletingService#0] DEBUG block.SCMBlockDeletingService (SCMBlockDeletingService.java:call(131)) - Running DeletedBlockTransactionScanner
2022-02-17 09:52:58,377 [SCMBlockDeletingService#0] DEBUG block.SCMBlockDeletingService (SCMBlockDeletingService.java:call(131)) - Running DeletedBlockTransactionScanner
2022-02-17 09:52:58,477 [SCMBlockDeletingService#0] DEBUG block.SCMBlockDeletingService (SCMBlockDeletingService.java:call(131)) - Running DeletedBlockTransactionScanner
2022-02-17 09:52:58,577 [SCMBlockDeletingService#0] DEBUG block.SCMBlockDeletingService (SCMBlockDeletingService.java:call(131)) - Running DeletedBlockTransactionScanner
2022-02-17 09:52:58,681 [SCMBlockDeletingService#0] DEBUG block.SCMBlockDeletingService (SCMBlockDeletingService.java:call(131)) - Running DeletedBlockTransactionScanner
2022-02-17 09:52:58,781 [SCMBlockDeletingService#0] DEBUG block.SCMBlockDeletingService (SCMBlockDeletingService.java:call(131)) - Running DeletedBlockTransactionScanner
2022-02-17 09:52:58,881 [SCMBlockDeletingService#0] DEBUG block.SCMBlockDeletingService (SCMBlockDeletingService.java:call(131)) - Running DeletedBlockTransactionScanner
2022-02-17 09:52:58,981 [SCMBlockDeletingService#0] DEBUG block.SCMBlockDeletingService (SCMBlockDeletingService.java:call(131)) - Running DeletedBlockTransactionScanner
2022-02-17 09:52:59,081 [SCMBlockDeletingService#0] DEBUG block.SCMBlockDeletingService (SCMBlockDeletingService.java:call(131)) - Running DeletedBlockTransactionScanner
2022-02-17 09:52:59,181 [SCMBlockDeletingService#0] DEBUG block.SCMBlockDeletingService (SCMBlockDeletingService.java:call(131)) - Running DeletedBlockTransactionScanner
2022-02-17 09:52:59,281 [SCMBlockDeletingService#0] DEBUG block.SCMBlockDeletingService (SCMBlockDeletingService.java:call(131)) - Running DeletedBlockTransactionScanner
2022-02-17 09:52:59,381 [SCMBlockDeletingService#0] DEBUG block.SCMBlockDeletingService (SCMBlockDeletingService.java:call(131)) - Running DeletedBlockTransactionScanner
2022-02-17 09:52:59,482 [SCMBlockDeletingService#0] DEBUG block.SCMBlockDeletingService (SCMBlockDeletingService.java:call(131)) - Running DeletedBlockTransactionScanner
2022-02-17 09:52:59,582 [SCMBlockDeletingService#0] DEBUG block.SCMBlockDeletingService (SCMBlockDeletingService.java:call(131)) - Running DeletedBlockTransactionScanner
2022-02-17 09:52:59,670 [Listener at 127.0.0.1/44505] INFO  utils.BackgroundService (BackgroundService.java:shutdown(132)) - Shutting down service BlockDeletingService
2022-02-17 09:52:59,682 [SCMBlockDeletingService#0] DEBUG block.SCMBlockDeletingService (SCMBlockDeletingService.java:call(131)) - Running DeletedBlockTransactionScanner
2022-02-17 09:52:59,782 [SCMBlockDeletingService#0] DEBUG block.SCMBlockDeletingService (SCMBlockDeletingService.java:call(131)) - Running DeletedBlockTransactionScanner
2022-02-17 09:52:59,882 [SCMBlockDeletingService#0] DEBUG block.SCMBlockDeletingService (SCMBlockDeletingService.java:call(131)) - Running DeletedBlockTransactionScanner
2022-02-17 09:52:59,989 [SCMBlockDeletingService#0] DEBUG block.SCMBlockDeletingService (SCMBlockDeletingService.java:call(131)) - Running DeletedBlockTransactionScanner
2022-02-17 09:53:00,089 [SCMBlockDeletingService#0] DEBUG block.SCMBlockDeletingService (SCMBlockDeletingService.java:call(131)) - Running DeletedBlockTransactionScanner
2022-02-17 09:53:00,189 [SCMBlockDeletingService#0] DEBUG block.SCMBlockDeletingService (SCMBlockDeletingService.java:call(131)) - Running DeletedBlockTransactionScanner
2022-02-17 09:53:00,289 [SCMBlockDeletingService#0] DEBUG block.SCMBlockDeletingService (SCMBlockDeletingService.java:call(131)) - Running DeletedBlockTransactionScanner
2022-02-17 09:53:00,393 [SCMBlockDeletingService#0] DEBUG block.SCMBlockDeletingService (SCMBlockDeletingService.java:call(131)) - Running DeletedBlockTransactionScanner
2022-02-17 09:53:00,493 [SCMBlockDeletingService#0] DEBUG block.SCMBlockDeletingService (SCMBlockDeletingService.java:call(131)) - Running DeletedBlockTransactionScanner
2022-02-17 09:53:00,593 [SCMBlockDeletingService#0] DEBUG block.SCMBlockDeletingService (SCMBlockDeletingService.java:call(131)) - Running DeletedBlockTransactionScanner
2022-02-17 09:53:00,693 [SCMBlockDeletingService#0] DEBUG block.SCMBlockDeletingService (SCMBlockDeletingService.java:call(131)) - Running DeletedBlockTransactionScanner
2022-02-17 09:53:00,793 [SCMBlockDeletingService#0] DEBUG block.SCMBlockDeletingService (SCMBlockDeletingService.java:call(131)) - Running DeletedBlockTransactionScanner
2022-02-17 09:53:00,893 [SCMBlockDeletingService#0] DEBUG block.SCMBlockDeletingService (SCMBlockDeletingService.java:call(131)) - Running DeletedBlockTransactionScanner
2022-02-17 09:53:00,993 [SCMBlockDeletingService#0] DEBUG block.SCMBlockDeletingService (SCMBlockDeletingService.java:call(131)) - Running DeletedBlockTransactionScanner
2022-02-17 09:53:01,094 [SCMBlockDeletingService#0] DEBUG block.SCMBlockDeletingService (SCMBlockDeletingService.java:call(131)) - Running DeletedBlockTransactionScanner
2022-02-17 09:53:01,194 [SCMBlockDeletingService#0] DEBUG block.SCMBlockDeletingService (SCMBlockDeletingService.java:call(131)) - Running DeletedBlockTransactionScanner
2022-02-17 09:53:01,295 [SCMBlockDeletingService#0] DEBUG block.SCMBlockDeletingService (SCMBlockDeletingService.java:call(131)) - Running DeletedBlockTransactionScanner
2022-02-17 09:53:01,395 [SCMBlockDeletingService#0] DEBUG block.SCMBlockDeletingService (SCMBlockDeletingService.java:call(131)) - Running DeletedBlockTransactionScanner
2022-02-17 09:53:01,495 [SCMBlockDeletingService#0] DEBUG block.SCMBlockDeletingService (SCMBlockDeletingService.java:call(131)) - Running DeletedBlockTransactionScanner
2022-02-17 09:53:01,596 [SCMBlockDeletingService#0] DEBUG block.SCMBlockDeletingService (SCMBlockDeletingService.java:call(131)) - Running DeletedBlockTransactionScanner
2022-02-17 09:53:01,696 [SCMBlockDeletingService#0] DEBUG block.SCMBlockDeletingService (SCMBlockDeletingService.java:call(131)) - Running DeletedBlockTransactionScanner
2022-02-17 09:53:01,796 [SCMBlockDeletingService#0] DEBUG block.SCMBlockDeletingService (SCMBlockDeletingService.java:call(131)) - Running DeletedBlockTransactionScanner
2022-02-17 09:53:01,896 [SCMBlockDeletingService#0] DEBUG block.SCMBlockDeletingService (SCMBlockDeletingService.java:call(131)) - Running DeletedBlockTransactionScanner
2022-02-17 09:53:01,996 [SCMBlockDeletingService#0] DEBUG block.SCMBlockDeletingService (SCMBlockDeletingService.java:call(131)) - Running DeletedBlockTransactionScanner
2022-02-17 09:53:02,096 [SCMBlockDeletingService#0] DEBUG block.SCMBlockDeletingService (SCMBlockDeletingService.java:call(131)) - Running DeletedBlockTransactionScanner
2022-02-17 09:53:02,196 [SCMBlockDeletingService#0] DEBUG block.SCMBlockDeletingService (SCMBlockDeletingService.java:call(131)) - Running DeletedBlockTransactionScanner
2022-02-17 09:53:02,296 [SCMBlockDeletingService#0] DEBUG block.SCMBlockDeletingService (SCMBlockDeletingService.java:call(131)) - Running DeletedBlockTransactionScanner
2022-02-17 09:53:02,396 [SCMBlockDeletingService#0] DEBUG block.SCMBlockDeletingService (SCMBlockDeletingService.java:call(131)) - Running DeletedBlockTransactionScanner
2022-02-17 09:53:02,496 [SCMBlockDeletingService#0] DEBUG block.SCMBlockDeletingService (SCMBlockDeletingService.java:call(131)) - Running DeletedBlockTransactionScanner
2022-02-17 09:53:02,596 [SCMBlockDeletingService#0] DEBUG block.SCMBlockDeletingService (SCMBlockDeletingService.java:call(131)) - Running DeletedBlockTransactionScanner
2022-02-17 09:53:02,675 [Listener at 127.0.0.1/44505] INFO  statemachine.DatanodeStateMachine (DatanodeStateMachine.java:stopDaemon(529)) - Ozone container server stopped.
2022-02-17 09:53:02,676 [Listener at 127.0.0.1/44505] INFO  handler.ContextHandler (ContextHandler.java:doStop(1153)) - Stopped o.e.j.w.WebAppContext@467ac5f8{hddsDatanode,/,null,STOPPED}{jar:file:/home/runner/.m2/repository/org/apache/ozone/hdds-container-service/1.3.0-SNAPSHOT/hdds-container-service-1.3.0-SNAPSHOT.jar!/webapps/hddsDatanode}
2022-02-17 09:53:02,677 [Listener at 127.0.0.1/44505] INFO  server.AbstractConnector (AbstractConnector.java:doStop(381)) - Stopped ServerConnector@59489572{HTTP/1.1, (http/1.1)}{0.0.0.0:0}
2022-02-17 09:53:02,677 [Listener at 127.0.0.1/44505] INFO  server.session (HouseKeeper.java:stopScavenging(149)) - node0 Stopped scavenging
2022-02-17 09:53:02,678 [Listener at 127.0.0.1/44505] INFO  handler.ContextHandler (ContextHandler.java:doStop(1153)) - Stopped o.e.j.s.ServletContextHandler@743a337{static,/static,jar:file:/home/runner/.m2/repository/org/apache/ozone/hdds-container-service/1.3.0-SNAPSHOT/hdds-container-service-1.3.0-SNAPSHOT.jar!/webapps/static,STOPPED}
2022-02-17 09:53:02,679 [Listener at 127.0.0.1/44505] INFO  handler.ContextHandler (ContextHandler.java:doStop(1153)) - Stopped o.e.j.s.ServletContextHandler@7dcadb11{logs,/logs,file:///home/runner/work/ozone/ozone/hadoop-ozone/integration-test/target/log,STOPPED}
2022-02-17 09:53:02,689 [Listener at 127.0.0.1/44505] INFO  ozone.MiniOzoneClusterImpl (MiniOzoneClusterImpl.java:stopSCM(526)) - Stopping the StorageContainerManager
2022-02-17 09:53:02,690 [Listener at 127.0.0.1/44505] INFO  server.StorageContainerManager (StorageContainerManager.java:stop(1390)) - Stopping Container Balancer service.
2022-02-17 09:53:02,690 [Listener at 127.0.0.1/44505] INFO  balancer.ContainerBalancer (ContainerBalancer.java:stop(751)) - Container Balancer is not running.
2022-02-17 09:53:02,690 [Listener at 127.0.0.1/44505] INFO  server.StorageContainerManager (StorageContainerManager.java:stop(1397)) - Stopping Replication Manager Service.
2022-02-17 09:53:02,690 [Listener at 127.0.0.1/44505] INFO  container.ReplicationManager (ReplicationManager.java:stop(357)) - Stopping Replication Monitor Thread.
2022-02-17 09:53:02,690 [Listener at 127.0.0.1/44505] INFO  server.StorageContainerManager (StorageContainerManager.java:stop(1404)) - Stopping the Datanode Admin Monitor.
2022-02-17 09:53:02,690 [Listener at 127.0.0.1/44505] INFO  server.StorageContainerManager (StorageContainerManager.java:stop(1411)) - Stopping Lease Manager of the command watchers
2022-02-17 09:53:02,690 [Listener at 127.0.0.1/44505] INFO  server.StorageContainerManager (StorageContainerManager.java:stop(1418)) - Stopping datanode service RPC server
2022-02-17 09:53:02,690 [Listener at 127.0.0.1/44505] INFO  server.SCMDatanodeProtocolServer (SCMDatanodeProtocolServer.java:stop(390)) - Stopping the RPC server for DataNodes
2022-02-17 09:53:02,691 [Listener at 127.0.0.1/44505] INFO  ipc.Server (Server.java:stop(3414)) - Stopping server on 36531
2022-02-17 09:53:02,694 [IPC Server listener on 0] INFO  ipc.Server (Server.java:run(1376)) - Stopping IPC Server listener on 0
2022-02-17 09:53:02,694 [IPC Server Responder] INFO  ipc.Server (Server.java:run(1512)) - Stopping IPC Server Responder
2022-02-17 09:53:02,697 [SCMBlockDeletingService#0] DEBUG block.SCMBlockDeletingService (SCMBlockDeletingService.java:call(131)) - Running DeletedBlockTransactionScanner
2022-02-17 09:53:02,708 [SCM Heartbeat Processing Thread - 0] WARN  node.NodeStateManager (NodeStateManager.java:scheduleNextHealthCheck(799)) - Current Thread is interrupted, shutting down HB processing thread for Node Manager.
2022-02-17 09:53:02,709 [Listener at 127.0.0.1/44505] INFO  server.StorageContainerManager (StorageContainerManager.java:stop(1426)) - Stopping block service RPC server
2022-02-17 09:53:02,709 [Listener at 127.0.0.1/44505] INFO  server.SCMBlockProtocolServer (SCMBlockProtocolServer.java:stop(160)) - Stopping the RPC server for Block Protocol
2022-02-17 09:53:02,709 [Listener at 127.0.0.1/44505] INFO  ipc.Server (Server.java:stop(3414)) - Stopping server on 42959
2022-02-17 09:53:02,712 [Listener at 127.0.0.1/44505] INFO  server.StorageContainerManager (StorageContainerManager.java:stop(1433)) - Stopping the StorageContainerLocationProtocol RPC server
2022-02-17 09:53:02,713 [Listener at 127.0.0.1/44505] INFO  server.SCMClientProtocolServer (SCMClientProtocolServer.java:stop(174)) - Stopping the RPC server for Client Protocol
2022-02-17 09:53:02,713 [Listener at 127.0.0.1/44505] INFO  ipc.Server (Server.java:stop(3414)) - Stopping server on 33527
2022-02-17 09:53:02,713 [IPC Server Responder] INFO  ipc.Server (Server.java:run(1512)) - Stopping IPC Server Responder
2022-02-17 09:53:02,713 [IPC Server listener on 0] INFO  ipc.Server (Server.java:run(1376)) - Stopping IPC Server listener on 0
2022-02-17 09:53:02,725 [IPC Server listener on 0] INFO  ipc.Server (Server.java:run(1376)) - Stopping IPC Server listener on 0
2022-02-17 09:53:02,726 [Listener at 127.0.0.1/44505] INFO  server.StorageContainerManager (StorageContainerManager.java:stop(1440)) - Stopping Storage Container Manager HTTP server.
2022-02-17 09:53:02,726 [IPC Server Responder] INFO  ipc.Server (Server.java:run(1512)) - Stopping IPC Server Responder
2022-02-17 09:53:02,726 [Listener at 127.0.0.1/44505] INFO  handler.ContextHandler (ContextHandler.java:doStop(1153)) - Stopped o.e.j.w.WebAppContext@5c962ec8{scm,/,null,STOPPED}{file:/home/runner/work/ozone/ozone/hadoop-ozone/integration-test/target/test-classes/webapps/scm}
2022-02-17 09:53:02,728 [Listener at 127.0.0.1/44505] INFO  server.AbstractConnector (AbstractConnector.java:doStop(381)) - Stopped ServerConnector@3997a8ca{HTTP/1.1, (http/1.1)}{0.0.0.0:0}
2022-02-17 09:53:02,728 [Listener at 127.0.0.1/44505] INFO  server.session (HouseKeeper.java:stopScavenging(149)) - node0 Stopped scavenging
2022-02-17 09:53:02,729 [Listener at 127.0.0.1/44505] INFO  handler.ContextHandler (ContextHandler.java:doStop(1153)) - Stopped o.e.j.s.ServletContextHandler@475193d4{static,/static,file:///home/runner/work/ozone/ozone/hadoop-ozone/integration-test/target/test-classes/webapps/static,STOPPED}
2022-02-17 09:53:02,729 [Listener at 127.0.0.1/44505] INFO  handler.ContextHandler (ContextHandler.java:doStop(1153)) - Stopped o.e.j.s.ServletContextHandler@46aac69c{logs,/logs,file:///home/runner/work/ozone/ozone/hadoop-ozone/integration-test/target/log,STOPPED}
2022-02-17 09:53:02,730 [Listener at 127.0.0.1/44505] INFO  server.StorageContainerManager (StorageContainerManager.java:stop(1451)) - Stopping Block Manager Service.
2022-02-17 09:53:02,730 [Listener at 127.0.0.1/44505] INFO  utils.BackgroundService (BackgroundService.java:shutdown(132)) - Shutting down service SCMBlockDeletingService
2022-02-17 09:53:02,733 [Listener at 127.0.0.1/44505] INFO  utils.BackgroundService (BackgroundService.java:shutdown(132)) - Shutting down service SCMBlockDeletingService
2022-02-17 09:53:02,733 [Listener at 127.0.0.1/44505] INFO  server.StorageContainerManager (StorageContainerManager.java:stop(1478)) - Stopping SCM Event Queue.
2022-02-17 09:53:02,741 [Listener at 127.0.0.1/44505] INFO  server.StorageContainerManager (StorageContainerManager.java:stop(1489)) - Stopping SCM HA services.
2022-02-17 09:53:02,741 [Listener at 127.0.0.1/44505] INFO  pipeline.BackgroundPipelineCreator (BackgroundPipelineCreator.java:stop(158)) - Stopping RatisPipelineUtilsThread.
2022-02-17 09:53:02,741 [Listener at 127.0.0.1/44505] INFO  server.StorageContainerManager (StorageContainerManager.java:stop(1499)) - Stopping SCM MetadataStore.
2022-02-17 09:53:02,743 [Listener at 127.0.0.1/44505] INFO  impl.MetricsSystemImpl (MetricsSystemImpl.java:stop(210)) - Stopping HddsDatanode metrics system...
2022-02-17 09:53:02,749 [prometheus] INFO  impl.MetricsSinkAdapter (MetricsSinkAdapter.java:publishMetricsFromQueue(141)) - prometheus thread interrupted.
2022-02-17 09:53:02,749 [Listener at 127.0.0.1/44505] INFO  impl.MetricsSystemImpl (MetricsSystemImpl.java:stop(216)) - HddsDatanode metrics system stopped.
]]></system-out>
  </testcase>
  <testcase name="testBlockDeletion" classname="org.apache.hadoop.ozone.container.common.statemachine.commandhandler.TestBlockDeletion" time="83.607"/>
</testsuite>